<?xml version="1.0" encoding="UTF-8"?>
<testsuite xmlns:xsi="http://www.w3.org/2001/XMLSchema-instance" xsi:noNamespaceSchemaLocation="https://maven.apache.org/surefire/maven-surefire-plugin/xsd/surefire-test-report-3.0.xsd" version="3.0" name="org.apache.hadoop.ozone.client.rpc.TestSecureOzoneRpcClient" time="45.147" tests="122" errors="0" skipped="0" failures="1">
  <properties>
    <property name="awt.toolkit" value="sun.awt.X11.XToolkit"/>
    <property name="file.encoding.pkg" value="sun.io"/>
    <property name="java.specification.version" value="1.8"/>
    <property name="sun.cpu.isalist" value=""/>
    <property name="sun.jnu.encoding" value="UTF-8"/>
    <property name="gradle.enterprise.listener.surefire.forkId" value="1"/>
    <property name="java.class.path" value="/home/runner/work/ozone/ozone/hadoop-ozone/integration-test/target/test-classes:/home/runner/work/ozone/ozone/hadoop-ozone/integration-test/target/classes:/home/runner/.m2/repository/org/apache/ozone/ozone-common/1.5.0-SNAPSHOT/ozone-common-1.5.0-SNAPSHOT.jar:/home/runner/.m2/repository/io/grpc/grpc-netty/1.58.0/grpc-netty-1.58.0.jar:/home/runner/.m2/repository/io/grpc/grpc-core/1.58.0/grpc-core-1.58.0.jar:/home/runner/.m2/repository/com/google/android/annotations/4.1.1.4/annotations-4.1.1.4.jar:/home/runner/.m2/repository/org/codehaus/mojo/animal-sniffer-annotations/1.23/animal-sniffer-annotations-1.23.jar:/home/runner/.m2/repository/io/grpc/grpc-context/1.58.0/grpc-context-1.58.0.jar:/home/runner/.m2/repository/io/grpc/grpc-util/1.58.0/grpc-util-1.58.0.jar:/home/runner/.m2/repository/com/google/errorprone/error_prone_annotations/2.2.0/error_prone_annotations-2.2.0.jar:/home/runner/.m2/repository/io/perfmark/perfmark-api/0.26.0/perfmark-api-0.26.0.jar:/home/runner/.m2/repository/io/netty/netty-codec-http2/4.1.100.Final/netty-codec-http2-4.1.100.Final.jar:/home/runner/.m2/repository/io/netty/netty-common/4.1.100.Final/netty-common-4.1.100.Final.jar:/home/runner/.m2/repository/io/netty/netty-buffer/4.1.100.Final/netty-buffer-4.1.100.Final.jar:/home/runner/.m2/repository/io/netty/netty-codec-http/4.1.100.Final/netty-codec-http-4.1.100.Final.jar:/home/runner/.m2/repository/io/netty/netty-handler-proxy/4.1.100.Final/netty-handler-proxy-4.1.100.Final.jar:/home/runner/.m2/repository/io/netty/netty-codec-socks/4.1.100.Final/netty-codec-socks-4.1.100.Final.jar:/home/runner/.m2/repository/io/netty/netty-tcnative-boringssl-static/2.0.61.Final/netty-tcnative-boringssl-static-2.0.61.Final.jar:/home/runner/.m2/repository/io/netty/netty-tcnative-classes/2.0.61.Final/netty-tcnative-classes-2.0.61.Final.jar:/home/runner/.m2/repository/io/netty/netty-tcnative-boringssl-static/2.0.61.Final/netty-tcnative-boringssl-static-2.0.61.Final-linux-x86_64.jar:/home/runner/.m2/repository/io/netty/netty-tcnative-boringssl-static/2.0.61.Final/netty-tcnative-boringssl-static-2.0.61.Final-linux-aarch_64.jar:/home/runner/.m2/repository/io/netty/netty-tcnative-boringssl-static/2.0.61.Final/netty-tcnative-boringssl-static-2.0.61.Final-osx-x86_64.jar:/home/runner/.m2/repository/io/netty/netty-tcnative-boringssl-static/2.0.61.Final/netty-tcnative-boringssl-static-2.0.61.Final-osx-aarch_64.jar:/home/runner/.m2/repository/io/netty/netty-tcnative-boringssl-static/2.0.61.Final/netty-tcnative-boringssl-static-2.0.61.Final-windows-x86_64.jar:/home/runner/.m2/repository/org/apache/commons/commons-compress/1.25.0/commons-compress-1.25.0.jar:/home/runner/.m2/repository/org/apache/ozone/hdds-common/1.5.0-SNAPSHOT/hdds-common-1.5.0-SNAPSHOT.jar:/home/runner/.m2/repository/org/apache/ozone/hdds-client/1.5.0-SNAPSHOT/hdds-client-1.5.0-SNAPSHOT.jar:/home/runner/.m2/repository/org/apache/ozone/ozone-interface-client/1.5.0-SNAPSHOT/ozone-interface-client-1.5.0-SNAPSHOT.jar:/home/runner/.m2/repository/org/apache/hadoop/hadoop-hdfs-client/3.3.6/hadoop-hdfs-client-3.3.6.jar:/home/runner/.m2/repository/com/squareup/okhttp3/okhttp/4.12.0/okhttp-4.12.0.jar:/home/runner/.m2/repository/com/squareup/okio/okio/3.6.0/okio-3.6.0.jar:/home/runner/.m2/repository/com/squareup/okio/okio-jvm/3.6.0/okio-jvm-3.6.0.jar:/home/runner/.m2/repository/org/jetbrains/kotlin/kotlin-stdlib-jdk8/1.9.22/kotlin-stdlib-jdk8-1.9.22.jar:/home/runner/.m2/repository/org/jetbrains/kotlin/kotlin-stdlib-jdk7/1.9.22/kotlin-stdlib-jdk7-1.9.22.jar:/home/runner/.m2/repository/org/jetbrains/kotlin/kotlin-stdlib-common/1.9.22/kotlin-stdlib-common-1.9.22.jar:/home/runner/.m2/repository/org/apache/ozone/hdds-test-utils/1.5.0-SNAPSHOT/hdds-test-utils-1.5.0-SNAPSHOT.jar:/home/runner/.m2/repository/org/assertj/assertj-core/3.12.2/assertj-core-3.12.2.jar:/home/runner/.m2/repository/com/google/guava/guava/32.0.0-jre/guava-32.0.0-jre.jar:/home/runner/.m2/repository/com/google/guava/failureaccess/1.0.1/failureaccess-1.0.1.jar:/home/runner/.m2/repository/com/google/guava/listenablefuture/9999.0-empty-to-avoid-conflict-with-guava/listenablefuture-9999.0-empty-to-avoid-conflict-with-guava.jar:/home/runner/.m2/repository/com/google/code/findbugs/jsr305/3.0.0/jsr305-3.0.0.jar:/home/runner/.m2/repository/org/checkerframework/checker-qual/3.33.0/checker-qual-3.33.0.jar:/home/runner/.m2/repository/com/google/j2objc/j2objc-annotations/2.8/j2objc-annotations-2.8.jar:/home/runner/.m2/repository/commons-io/commons-io/2.11.0/commons-io-2.11.0.jar:/home/runner/.m2/repository/commons-logging/commons-logging/1.2/commons-logging-1.2.jar:/home/runner/.m2/repository/org/junit/jupiter/junit-jupiter-api/5.10.1/junit-jupiter-api-5.10.1.jar:/home/runner/.m2/repository/org/opentest4j/opentest4j/1.3.0/opentest4j-1.3.0.jar:/home/runner/.m2/repository/org/junit/platform/junit-platform-commons/1.10.1/junit-platform-commons-1.10.1.jar:/home/runner/.m2/repository/ch/qos/reload4j/reload4j/1.2.25/reload4j-1.2.25.jar:/home/runner/.m2/repository/org/slf4j/slf4j-api/2.0.10/slf4j-api-2.0.10.jar:/home/runner/.m2/repository/org/apache/logging/log4j/log4j-api/2.17.1/log4j-api-2.17.1.jar:/home/runner/.m2/repository/org/apache/ozone/hdds-server-scm/1.5.0-SNAPSHOT/hdds-server-scm-1.5.0-SNAPSHOT.jar:/home/runner/.m2/repository/com/google/protobuf/protobuf-java/2.5.0/protobuf-java-2.5.0.jar:/home/runner/.m2/repository/org/apache/ozone/hdds-container-service/1.5.0-SNAPSHOT/hdds-container-service-1.5.0-SNAPSHOT.jar:/home/runner/.m2/repository/org/apache/ozone/hdds-hadoop-dependency-server/1.5.0-SNAPSHOT/hdds-hadoop-dependency-server-1.5.0-SNAPSHOT.jar:/home/runner/.m2/repository/org/apache/hadoop/hadoop-hdfs/3.3.6/hadoop-hdfs-3.3.6.jar:/home/runner/.m2/repository/commons-daemon/commons-daemon/1.0.13/commons-daemon-1.0.13.jar:/home/runner/.m2/repository/org/apache/ozone/hdds-server-framework/1.5.0-SNAPSHOT/hdds-server-framework-1.5.0-SNAPSHOT.jar:/home/runner/.m2/repository/org/bouncycastle/bcprov-jdk15on/1.67/bcprov-jdk15on-1.67.jar:/home/runner/.m2/repository/io/dropwizard/metrics/metrics-core/3.2.4/metrics-core-3.2.4.jar:/home/runner/.m2/repository/org/apache/commons/commons-text/1.11.0/commons-text-1.11.0.jar:/home/runner/.m2/repository/org/apache/ozone/hdds-server-framework/1.5.0-SNAPSHOT/hdds-server-framework-1.5.0-SNAPSHOT-tests.jar:/home/runner/.m2/repository/org/apache/ozone/hdds-interface-server/1.5.0-SNAPSHOT/hdds-interface-server-1.5.0-SNAPSHOT.jar:/home/runner/.m2/repository/org/apache/ozone/hdds-interface-admin/1.5.0-SNAPSHOT/hdds-interface-admin-1.5.0-SNAPSHOT.jar:/home/runner/.m2/repository/org/apache/ozone/hdds-managed-rocksdb/1.5.0-SNAPSHOT/hdds-managed-rocksdb-1.5.0-SNAPSHOT.jar:/home/runner/.m2/repository/org/rocksdb/rocksdbjni/7.7.3/rocksdbjni-7.7.3.jar:/home/runner/.m2/repository/org/slf4j/slf4j-reload4j/2.0.10/slf4j-reload4j-2.0.10.jar:/home/runner/.m2/repository/org/apache/commons/commons-configuration2/2.8.0/commons-configuration2-2.8.0.jar:/home/runner/.m2/repository/commons-fileupload/commons-fileupload/1.5/commons-fileupload-1.5.jar:/home/runner/.m2/repository/org/apache/logging/log4j/log4j-core/2.17.1/log4j-core-2.17.1.jar:/home/runner/.m2/repository/com/lmax/disruptor/3.4.2/disruptor-3.4.2.jar:/home/runner/.m2/repository/org/eclipse/jetty/jetty-util/9.4.53.v20231009/jetty-util-9.4.53.v20231009.jar:/home/runner/.m2/repository/org/eclipse/jetty/jetty-server/9.4.53.v20231009/jetty-server-9.4.53.v20231009.jar:/home/runner/.m2/repository/org/eclipse/jetty/jetty-http/9.4.53.v20231009/jetty-http-9.4.53.v20231009.jar:/home/runner/.m2/repository/org/eclipse/jetty/jetty-io/9.4.53.v20231009/jetty-io-9.4.53.v20231009.jar:/home/runner/.m2/repository/org/eclipse/jetty/jetty-servlet/9.4.53.v20231009/jetty-servlet-9.4.53.v20231009.jar:/home/runner/.m2/repository/org/eclipse/jetty/jetty-security/9.4.53.v20231009/jetty-security-9.4.53.v20231009.jar:/home/runner/.m2/repository/org/eclipse/jetty/jetty-util-ajax/9.4.53.v20231009/jetty-util-ajax-9.4.53.v20231009.jar:/home/runner/.m2/repository/org/eclipse/jetty/jetty-webapp/9.4.53.v20231009/jetty-webapp-9.4.53.v20231009.jar:/home/runner/.m2/repository/org/eclipse/jetty/jetty-xml/9.4.53.v20231009/jetty-xml-9.4.53.v20231009.jar:/home/runner/.m2/repository/org/apache/ratis/ratis-server/3.0.1/ratis-server-3.0.1.jar:/home/runner/.m2/repository/org/apache/ratis/ratis-thirdparty-misc/1.0.5/ratis-thirdparty-misc-1.0.5.jar:/home/runner/.m2/repository/org/apache/ratis/ratis-proto/3.0.1/ratis-proto-3.0.1.jar:/home/runner/.m2/repository/org/apache/ratis/ratis-common/3.0.1/ratis-common-3.0.1.jar:/home/runner/.m2/repository/org/apache/ratis/ratis-client/3.0.1/ratis-client-3.0.1.jar:/home/runner/.m2/repository/org/apache/ratis/ratis-server-api/3.0.1/ratis-server-api-3.0.1.jar:/home/runner/.m2/repository/org/apache/ratis/ratis-metrics-api/3.0.1/ratis-metrics-api-3.0.1.jar:/home/runner/.m2/repository/org/apache/ratis/ratis-metrics-dropwizard3/3.0.1/ratis-metrics-dropwizard3-3.0.1.jar:/home/runner/.m2/repository/io/prometheus/simpleclient_dropwizard/0.16.0/simpleclient_dropwizard-0.16.0.jar:/home/runner/.m2/repository/io/prometheus/simpleclient/0.16.0/simpleclient-0.16.0.jar:/home/runner/.m2/repository/io/prometheus/simpleclient_common/0.16.0/simpleclient_common-0.16.0.jar:/home/runner/.m2/repository/com/fasterxml/jackson/datatype/jackson-datatype-jsr310/2.13.4/jackson-datatype-jsr310-2.13.4.jar:/home/runner/.m2/repository/com/fasterxml/jackson/core/jackson-core/2.13.4/jackson-core-2.13.4.jar:/home/runner/.m2/repository/org/apache/ozone/rocksdb-checkpoint-differ/1.5.0-SNAPSHOT/rocksdb-checkpoint-differ-1.5.0-SNAPSHOT.jar:/home/runner/.m2/repository/org/jgrapht/jgrapht-core/1.0.1/jgrapht-core-1.0.1.jar:/home/runner/.m2/repository/org/jgrapht/jgrapht-ext/1.0.1/jgrapht-ext-1.0.1.jar:/home/runner/.m2/repository/org/tinyjee/jgraphx/jgraphx/2.0.0.1/jgraphx-2.0.0.1.jar:/home/runner/.m2/repository/jgraph/jgraph/5.13.0.0/jgraph-5.13.0.0.jar:/home/runner/.m2/repository/org/antlr/antlr4-runtime/4.5.3/antlr4-runtime-4.5.3.jar:/home/runner/.m2/repository/org/apache/ozone/ozone-manager/1.5.0-SNAPSHOT/ozone-manager-1.5.0-SNAPSHOT.jar:/home/runner/.m2/repository/org/aspectj/aspectjrt/1.9.7/aspectjrt-1.9.7.jar:/home/runner/.m2/repository/org/aspectj/aspectjweaver/1.9.7/aspectjweaver-1.9.7.jar:/home/runner/.m2/repository/org/apache/ozone/hdds-interface-client/1.5.0-SNAPSHOT/hdds-interface-client-1.5.0-SNAPSHOT.jar:/home/runner/.m2/repository/org/apache/hadoop/thirdparty/hadoop-shaded-protobuf_3_7/1.1.1/hadoop-shaded-protobuf_3_7-1.1.1.jar:/home/runner/.m2/repository/org/apache/ozone/ozone-interface-storage/1.5.0-SNAPSHOT/ozone-interface-storage-1.5.0-SNAPSHOT.jar:/home/runner/.m2/repository/org/reflections/reflections/0.9.11/reflections-0.9.11.jar:/home/runner/.m2/repository/com/sun/jersey/jersey-client/1.19.4/jersey-client-1.19.4.jar:/home/runner/.m2/repository/org/codehaus/jackson/jackson-core-asl/1.9.13/jackson-core-asl-1.9.13.jar:/home/runner/.m2/repository/org/codehaus/jackson/jackson-mapper-asl/1.9.13/jackson-mapper-asl-1.9.13.jar:/home/runner/.m2/repository/org/codehaus/jackson/jackson-jaxrs/1.9.13/jackson-jaxrs-1.9.13.jar:/home/runner/.m2/repository/org/apache/ranger/ranger-intg/2.3.0/ranger-intg-2.3.0.jar:/home/runner/.m2/repository/org/apache/ranger/ranger-plugins-common/2.3.0/ranger-plugins-common-2.3.0.jar:/home/runner/.m2/repository/commons-lang/commons-lang/2.6/commons-lang-2.6.jar:/home/runner/.m2/repository/org/apache/ranger/ranger-plugins-cred/2.3.0/ranger-plugins-cred-2.3.0.jar:/home/runner/.m2/repository/org/apache/ranger/ranger-plugins-audit/2.3.0/ranger-plugins-audit-2.3.0.jar:/home/runner/.m2/repository/org/eclipse/jetty/jetty-client/9.4.53.v20231009/jetty-client-9.4.53.v20231009.jar:/home/runner/.m2/repository/org/apache/httpcomponents/httpmime/4.5.6/httpmime-4.5.6.jar:/home/runner/.m2/repository/org/apache/httpcomponents/httpcore-nio/4.4.16/httpcore-nio-4.4.16.jar:/home/runner/.m2/repository/org/apache/httpcomponents/httpasyncclient/4.1.3/httpasyncclient-4.1.3.jar:/home/runner/.m2/repository/com/carrotsearch/hppc/0.8.0/hppc-0.8.0.jar:/home/runner/.m2/repository/org/apache/orc/orc-core/1.5.8/orc-core-1.5.8.jar:/home/runner/.m2/repository/net/java/dev/jna/jna/5.2.0/jna-5.2.0.jar:/home/runner/.m2/repository/net/java/dev/jna/jna-platform/5.2.0/jna-platform-5.2.0.jar:/home/runner/.m2/repository/com/kstruct/gethostname4j/0.0.2/gethostname4j-0.0.2.jar:/home/runner/.m2/repository/org/apache/ranger/ranger-plugin-classloader/2.3.0/ranger-plugin-classloader-2.3.0.jar:/home/runner/.m2/repository/org/apache/ozone/hdds-rocks-native/1.5.0-SNAPSHOT/hdds-rocks-native-1.5.0-SNAPSHOT.jar:/home/runner/.m2/repository/org/apache/hadoop/hadoop-minikdc/3.3.6/hadoop-minikdc-3.3.6.jar:/home/runner/.m2/repository/org/apache/kerby/kerb-simplekdc/1.0.1/kerb-simplekdc-1.0.1.jar:/home/runner/.m2/repository/org/apache/kerby/kerb-client/1.0.1/kerb-client-1.0.1.jar:/home/runner/.m2/repository/org/apache/kerby/kerby-config/1.0.1/kerby-config-1.0.1.jar:/home/runner/.m2/repository/org/apache/kerby/kerb-common/1.0.1/kerb-common-1.0.1.jar:/home/runner/.m2/repository/org/apache/kerby/kerb-crypto/1.0.1/kerb-crypto-1.0.1.jar:/home/runner/.m2/repository/org/apache/kerby/kerb-util/1.0.1/kerb-util-1.0.1.jar:/home/runner/.m2/repository/org/apache/kerby/token-provider/1.0.1/token-provider-1.0.1.jar:/home/runner/.m2/repository/org/apache/kerby/kerb-admin/1.0.1/kerb-admin-1.0.1.jar:/home/runner/.m2/repository/org/apache/kerby/kerb-server/1.0.1/kerb-server-1.0.1.jar:/home/runner/.m2/repository/org/apache/kerby/kerb-identity/1.0.1/kerb-identity-1.0.1.jar:/home/runner/.m2/repository/org/apache/kerby/kerby-xdr/1.0.1/kerby-xdr-1.0.1.jar:/home/runner/.m2/repository/junit/junit/4.13.2/junit-4.13.2.jar:/home/runner/.m2/repository/org/hamcrest/hamcrest-core/1.3/hamcrest-core-1.3.jar:/home/runner/.m2/repository/org/apache/ozone/ozone-s3gateway/1.5.0-SNAPSHOT/ozone-s3gateway-1.5.0-SNAPSHOT.jar:/home/runner/.m2/repository/org/javassist/javassist/3.21.0-GA/javassist-3.21.0-GA.jar:/home/runner/.m2/repository/org/jboss/weld/servlet/weld-servlet-shaded/3.1.9.Final/weld-servlet-shaded-3.1.9.Final.jar:/home/runner/.m2/repository/org/glassfish/jersey/containers/jersey-container-servlet-core/2.41/jersey-container-servlet-core-2.41.jar:/home/runner/.m2/repository/org/glassfish/hk2/external/jakarta.inject/2.6.1/jakarta.inject-2.6.1.jar:/home/runner/.m2/repository/org/glassfish/jersey/core/jersey-common/2.41/jersey-common-2.41.jar:/home/runner/.m2/repository/jakarta/ws/rs/jakarta.ws.rs-api/2.1.6/jakarta.ws.rs-api-2.1.6.jar:/home/runner/.m2/repository/org/glassfish/jersey/ext/cdi/jersey-cdi1x/2.41/jersey-cdi1x-2.41.jar:/home/runner/.m2/repository/org/glassfish/jersey/inject/jersey-hk2/2.41/jersey-hk2-2.41.jar:/home/runner/.m2/repository/org/glassfish/hk2/hk2-locator/2.6.1/hk2-locator-2.6.1.jar:/home/runner/.m2/repository/org/glassfish/jersey/media/jersey-media-jaxb/2.41/jersey-media-jaxb-2.41.jar:/home/runner/.m2/repository/org/glassfish/hk2/osgi-resource-locator/1.0.3/osgi-resource-locator-1.0.3.jar:/home/runner/.m2/repository/org/glassfish/hk2/hk2-api/2.6.1/hk2-api-2.6.1.jar:/home/runner/.m2/repository/org/glassfish/hk2/hk2-utils/2.6.1/hk2-utils-2.6.1.jar:/home/runner/.m2/repository/org/glassfish/hk2/external/aopalliance-repackaged/2.6.1/aopalliance-repackaged-2.6.1.jar:/home/runner/.m2/repository/com/fasterxml/jackson/dataformat/jackson-dataformat-xml/2.13.4/jackson-dataformat-xml-2.13.4.jar:/home/runner/.m2/repository/org/codehaus/woodstox/stax2-api/4.2.2/stax2-api-4.2.2.jar:/home/runner/.m2/repository/com/fasterxml/woodstox/woodstox-core/5.4.0/woodstox-core-5.4.0.jar:/home/runner/.m2/repository/com/fasterxml/jackson/module/jackson-module-jaxb-annotations/2.13.4/jackson-module-jaxb-annotations-2.13.4.jar:/home/runner/.m2/repository/javax/enterprise/cdi-api/2.0/cdi-api-2.0.jar:/home/runner/.m2/repository/javax/el/javax.el-api/3.0.0/javax.el-api-3.0.0.jar:/home/runner/.m2/repository/javax/interceptor/javax.interceptor-api/1.2/javax.interceptor-api-1.2.jar:/home/runner/.m2/repository/javax/inject/javax.inject/1/javax.inject-1.jar:/home/runner/.m2/repository/jakarta/xml/bind/jakarta.xml.bind-api/2.3.3/jakarta.xml.bind-api-2.3.3.jar:/home/runner/.m2/repository/org/glassfish/jaxb/jaxb-runtime/2.3.9/jaxb-runtime-2.3.9.jar:/home/runner/.m2/repository/org/glassfish/jaxb/txw2/2.3.9/txw2-2.3.9.jar:/home/runner/.m2/repository/com/sun/istack/istack-commons-runtime/3.0.12/istack-commons-runtime-3.0.12.jar:/home/runner/.m2/repository/com/sun/activation/jakarta.activation/1.2.2/jakarta.activation-1.2.2.jar:/home/runner/.m2/repository/jakarta/activation/jakarta.activation-api/1.2.2/jakarta.activation-api-1.2.2.jar:/home/runner/.m2/repository/io/grpc/grpc-protobuf/1.58.0/grpc-protobuf-1.58.0.jar:/home/runner/.m2/repository/com/google/api/grpc/proto-google-common-protos/2.22.0/proto-google-common-protos-2.22.0.jar:/home/runner/.m2/repository/io/grpc/grpc-protobuf-lite/1.58.0/grpc-protobuf-lite-1.58.0.jar:/home/runner/.m2/repository/io/grpc/grpc-stub/1.58.0/grpc-stub-1.58.0.jar:/home/runner/.m2/repository/io/netty/netty-transport/4.1.100.Final/netty-transport-4.1.100.Final.jar:/home/runner/.m2/repository/io/netty/netty-resolver/4.1.100.Final/netty-resolver-4.1.100.Final.jar:/home/runner/.m2/repository/org/apache/ozone/ozone-csi/1.5.0-SNAPSHOT/ozone-csi-1.5.0-SNAPSHOT.jar:/home/runner/.m2/repository/com/google/protobuf/protobuf-java-util/3.19.6/protobuf-java-util-3.19.6.jar:/home/runner/.m2/repository/com/google/code/gson/gson/2.9.0/gson-2.9.0.jar:/home/runner/.m2/repository/org/apache/ozone/hdds-config/1.5.0-SNAPSHOT/hdds-config-1.5.0-SNAPSHOT.jar:/home/runner/.m2/repository/io/netty/netty-transport-native-epoll/4.1.100.Final/netty-transport-native-epoll-4.1.100.Final-linux-x86_64.jar:/home/runner/.m2/repository/io/netty/netty-transport-classes-epoll/4.1.100.Final/netty-transport-classes-epoll-4.1.100.Final.jar:/home/runner/.m2/repository/io/netty/netty-transport-native-unix-common/4.1.100.Final/netty-transport-native-unix-common-4.1.100.Final.jar:/home/runner/.m2/repository/org/apache/ozone/ozone-recon/1.5.0-SNAPSHOT/ozone-recon-1.5.0-SNAPSHOT.jar:/home/runner/.m2/repository/org/apache/ozone/ozone-reconcodegen/1.5.0-SNAPSHOT/ozone-reconcodegen-1.5.0-SNAPSHOT.jar:/home/runner/.m2/repository/com/google/inject/guice/5.1.0/guice-5.1.0.jar:/home/runner/.m2/repository/aopalliance/aopalliance/1.0/aopalliance-1.0.jar:/home/runner/.m2/repository/com/google/inject/extensions/guice-assistedinject/5.1.0/guice-assistedinject-5.1.0.jar:/home/runner/.m2/repository/com/google/inject/extensions/guice-servlet/5.1.0/guice-servlet-5.1.0.jar:/home/runner/.m2/repository/org/glassfish/jersey/containers/jersey-container-servlet/2.41/jersey-container-servlet-2.41.jar:/home/runner/.m2/repository/org/glassfish/hk2/guice-bridge/2.6.1/guice-bridge-2.6.1.jar:/home/runner/.m2/repository/org/glassfish/jersey/core/jersey-server/2.41/jersey-server-2.41.jar:/home/runner/.m2/repository/org/glassfish/jersey/core/jersey-client/2.41/jersey-client-2.41.jar:/home/runner/.m2/repository/jakarta/annotation/jakarta.annotation-api/1.3.5/jakarta.annotation-api-1.3.5.jar:/home/runner/.m2/repository/jakarta/validation/jakarta.validation-api/2.0.2/jakarta.validation-api-2.0.2.jar:/home/runner/.m2/repository/org/glassfish/jersey/media/jersey-media-json-jackson/2.41/jersey-media-json-jackson-2.41.jar:/home/runner/.m2/repository/org/glassfish/jersey/ext/jersey-entity-filtering/2.41/jersey-entity-filtering-2.41.jar:/home/runner/.m2/repository/org/jooq/jooq/3.11.10/jooq-3.11.10.jar:/home/runner/.m2/repository/org/jooq/jooq-meta/3.11.10/jooq-meta-3.11.10.jar:/home/runner/.m2/repository/org/jooq/jooq-codegen/3.11.10/jooq-codegen-3.11.10.jar:/home/runner/.m2/repository/com/jolbox/bonecp/0.8.0.RELEASE/bonecp-0.8.0.RELEASE.jar:/home/runner/.m2/repository/org/apache/derby/derby/10.14.2.0/derby-10.14.2.0.jar:/home/runner/.m2/repository/org/xerial/sqlite-jdbc/3.44.1.0/sqlite-jdbc-3.44.1.0.jar:/home/runner/.m2/repository/org/springframework/spring-jdbc/5.3.27/spring-jdbc-5.3.27.jar:/home/runner/.m2/repository/org/springframework/spring-beans/5.3.27/spring-beans-5.3.27.jar:/home/runner/.m2/repository/org/springframework/spring-core/5.3.27/spring-core-5.3.27.jar:/home/runner/.m2/repository/org/springframework/spring-tx/5.3.27/spring-tx-5.3.27.jar:/home/runner/.m2/repository/org/apache/ozone/ozone-client/1.5.0-SNAPSHOT/ozone-client-1.5.0-SNAPSHOT.jar:/home/runner/.m2/repository/org/apache/ozone/hdds-erasurecode/1.5.0-SNAPSHOT/hdds-erasurecode-1.5.0-SNAPSHOT.jar:/home/runner/.m2/repository/org/apache/ozone/ozone-filesystem/1.5.0-SNAPSHOT/ozone-filesystem-1.5.0-SNAPSHOT.jar:/home/runner/.m2/repository/org/apache/ozone/ozone-filesystem-common/1.5.0-SNAPSHOT/ozone-filesystem-common-1.5.0-SNAPSHOT.jar:/home/runner/.m2/repository/org/apache/ozone/ozone-tools/1.5.0-SNAPSHOT/ozone-tools-1.5.0-SNAPSHOT.jar:/home/runner/.m2/repository/com/amazonaws/aws-java-sdk-core/1.12.632/aws-java-sdk-core-1.12.632.jar:/home/runner/.m2/repository/org/apache/httpcomponents/httpclient/4.5.13/httpclient-4.5.13.jar:/home/runner/.m2/repository/org/apache/httpcomponents/httpcore/4.4.16/httpcore-4.4.16.jar:/home/runner/.m2/repository/software/amazon/ion/ion-java/1.0.2/ion-java-1.0.2.jar:/home/runner/.m2/repository/com/fasterxml/jackson/dataformat/jackson-dataformat-cbor/2.13.4/jackson-dataformat-cbor-2.13.4.jar:/home/runner/.m2/repository/joda-time/joda-time/2.12.5/joda-time-2.12.5.jar:/home/runner/.m2/repository/com/amazonaws/aws-java-sdk-s3/1.12.632/aws-java-sdk-s3-1.12.632.jar:/home/runner/.m2/repository/com/amazonaws/aws-java-sdk-kms/1.12.632/aws-java-sdk-kms-1.12.632.jar:/home/runner/.m2/repository/com/amazonaws/jmespath-java/1.12.632/jmespath-java-1.12.632.jar:/home/runner/.m2/repository/org/kohsuke/metainf-services/metainf-services/1.8/metainf-services-1.8.jar:/home/runner/.m2/repository/org/apache/ozone/hdds-tools/1.5.0-SNAPSHOT/hdds-tools-1.5.0-SNAPSHOT.jar:/home/runner/.m2/repository/org/apache/ratis/ratis-tools/3.0.1/ratis-tools-3.0.1.jar:/home/runner/.m2/repository/commons-cli/commons-cli/1.6.0/commons-cli-1.6.0.jar:/home/runner/.m2/repository/org/apache/commons/commons-lang3/3.14.0/commons-lang3-3.14.0.jar:/home/runner/.m2/repository/org/apache/ozone/ozone-manager/1.5.0-SNAPSHOT/ozone-manager-1.5.0-SNAPSHOT-tests.jar:/home/runner/.m2/repository/org/apache/ozone/hdds-common/1.5.0-SNAPSHOT/hdds-common-1.5.0-SNAPSHOT-tests.jar:/home/runner/.m2/repository/org/apache/ozone/hdds-hadoop-dependency-client/1.5.0-SNAPSHOT/hdds-hadoop-dependency-client-1.5.0-SNAPSHOT.jar:/home/runner/.m2/repository/info/picocli/picocli/4.7.5/picocli-4.7.5.jar:/home/runner/.m2/repository/com/fasterxml/jackson/core/jackson-annotations/2.13.4/jackson-annotations-2.13.4.jar:/home/runner/.m2/repository/org/apache/ozone/hdds-annotation-processing/1.5.0-SNAPSHOT/hdds-annotation-processing-1.5.0-SNAPSHOT.jar:/home/runner/.m2/repository/javax/annotation/javax.annotation-api/1.3.2/javax.annotation-api-1.3.2.jar:/home/runner/.m2/repository/org/apache/ratis/ratis-netty/3.0.1/ratis-netty-3.0.1.jar:/home/runner/.m2/repository/org/apache/ratis/ratis-grpc/3.0.1/ratis-grpc-3.0.1.jar:/home/runner/.m2/repository/org/apache/commons/commons-pool2/2.6.0/commons-pool2-2.6.0.jar:/home/runner/.m2/repository/org/bouncycastle/bcpkix-jdk15on/1.67/bcpkix-jdk15on-1.67.jar:/home/runner/.m2/repository/commons-validator/commons-validator/1.6/commons-validator-1.6.jar:/home/runner/.m2/repository/commons-beanutils/commons-beanutils/1.9.4/commons-beanutils-1.9.4.jar:/home/runner/.m2/repository/commons-digester/commons-digester/1.8.1/commons-digester-1.8.1.jar:/home/runner/.m2/repository/commons-collections/commons-collections/3.2.2/commons-collections-3.2.2.jar:/home/runner/.m2/repository/io/jaegertracing/jaeger-client/1.6.0/jaeger-client-1.6.0.jar:/home/runner/.m2/repository/io/jaegertracing/jaeger-thrift/1.6.0/jaeger-thrift-1.6.0.jar:/home/runner/.m2/repository/org/apache/thrift/libthrift/0.14.1/libthrift-0.14.1.jar:/home/runner/.m2/repository/io/jaegertracing/jaeger-core/1.6.0/jaeger-core-1.6.0.jar:/home/runner/.m2/repository/io/jaegertracing/jaeger-tracerresolver/1.6.0/jaeger-tracerresolver-1.6.0.jar:/home/runner/.m2/repository/io/opentracing/contrib/opentracing-tracerresolver/0.1.8/opentracing-tracerresolver-0.1.8.jar:/home/runner/.m2/repository/org/jetbrains/kotlin/kotlin-stdlib/1.9.22/kotlin-stdlib-1.9.22.jar:/home/runner/.m2/repository/org/jetbrains/annotations/13.0/annotations-13.0.jar:/home/runner/.m2/repository/io/opentracing/opentracing-util/0.33.0/opentracing-util-0.33.0.jar:/home/runner/.m2/repository/io/opentracing/opentracing-api/0.33.0/opentracing-api-0.33.0.jar:/home/runner/.m2/repository/io/opentracing/opentracing-noop/0.33.0/opentracing-noop-0.33.0.jar:/home/runner/.m2/repository/org/yaml/snakeyaml/2.0/snakeyaml-2.0.jar:/home/runner/.m2/repository/io/grpc/grpc-api/1.58.0/grpc-api-1.58.0.jar:/home/runner/.m2/repository/org/junit/jupiter/junit-jupiter-engine/5.10.1/junit-jupiter-engine-5.10.1.jar:/home/runner/.m2/repository/org/junit/platform/junit-platform-engine/1.10.1/junit-platform-engine-1.10.1.jar:/home/runner/.m2/repository/org/apiguardian/apiguardian-api/1.1.2/apiguardian-api-1.1.2.jar:/home/runner/.m2/repository/org/junit/platform/junit-platform-launcher/1.10.1/junit-platform-launcher-1.10.1.jar:/home/runner/.m2/repository/org/apache/hadoop/hadoop-kms/3.3.6/hadoop-kms-3.3.6.jar:/home/runner/.m2/repository/org/apache/hadoop/hadoop-auth/3.3.6/hadoop-auth-3.3.6.jar:/home/runner/.m2/repository/com/nimbusds/nimbus-jose-jwt/9.8.1/nimbus-jose-jwt-9.8.1.jar:/home/runner/.m2/repository/com/github/stephenc/jcip/jcip-annotations/1.0-1/jcip-annotations-1.0-1.jar:/home/runner/.m2/repository/org/apache/zookeeper/zookeeper/3.7.2/zookeeper-3.7.2.jar:/home/runner/.m2/repository/org/apache/zookeeper/zookeeper-jute/3.7.2/zookeeper-jute-3.7.2.jar:/home/runner/.m2/repository/org/apache/yetus/audience-annotations/0.12.0/audience-annotations-0.12.0.jar:/home/runner/.m2/repository/org/apache/curator/curator-framework/4.2.0/curator-framework-4.2.0.jar:/home/runner/.m2/repository/org/apache/hadoop/thirdparty/hadoop-shaded-guava/1.1.1/hadoop-shaded-guava-1.1.1.jar:/home/runner/.m2/repository/com/sun/jersey/jersey-core/1.19.4/jersey-core-1.19.4.jar:/home/runner/.m2/repository/javax/ws/rs/jsr311-api/1.1.1/jsr311-api-1.1.1.jar:/home/runner/.m2/repository/com/sun/jersey/jersey-server/1.19.4/jersey-server-1.19.4.jar:/home/runner/.m2/repository/javax/servlet/javax.servlet-api/3.1.0/javax.servlet-api-3.1.0.jar:/home/runner/.m2/repository/org/apache/hadoop/hadoop-common/3.3.6/hadoop-common-3.3.6.jar:/home/runner/.m2/repository/org/apache/commons/commons-math3/3.1.1/commons-math3-3.1.1.jar:/home/runner/.m2/repository/commons-net/commons-net/3.10.0/commons-net-3.10.0.jar:/home/runner/.m2/repository/com/sun/jersey/jersey-servlet/1.19.4/jersey-servlet-1.19.4.jar:/home/runner/.m2/repository/com/github/pjfanning/jersey-json/1.20/jersey-json-1.20.jar:/home/runner/.m2/repository/org/codehaus/jettison/jettison/1.1/jettison-1.1.jar:/home/runner/.m2/repository/com/sun/xml/bind/jaxb-impl/2.2.3-1/jaxb-impl-2.2.3-1.jar:/home/runner/.m2/repository/com/google/re2j/re2j/1.7/re2j-1.7.jar:/home/runner/.m2/repository/com/jcraft/jsch/0.1.54/jsch-0.1.54.jar:/home/runner/.m2/repository/org/apache/curator/curator-client/4.2.0/curator-client-4.2.0.jar:/home/runner/.m2/repository/org/apache/curator/curator-recipes/5.2.0/curator-recipes-5.2.0.jar:/home/runner/.m2/repository/org/apache/kerby/kerb-core/1.0.1/kerb-core-1.0.1.jar:/home/runner/.m2/repository/org/apache/kerby/kerby-pkix/1.0.1/kerby-pkix-1.0.1.jar:/home/runner/.m2/repository/org/apache/kerby/kerby-asn1/1.0.1/kerby-asn1-1.0.1.jar:/home/runner/.m2/repository/org/apache/kerby/kerby-util/1.0.1/kerby-util-1.0.1.jar:/home/runner/.m2/repository/dnsjava/dnsjava/2.1.7/dnsjava-2.1.7.jar:/home/runner/.m2/repository/org/xerial/snappy/snappy-java/1.1.8.2/snappy-java-1.1.8.2.jar:/home/runner/.m2/repository/com/fasterxml/jackson/core/jackson-databind/2.13.4.2/jackson-databind-2.13.4.2.jar:/home/runner/.m2/repository/org/apache/hadoop/hadoop-kms/3.3.6/hadoop-kms-3.3.6-tests.jar:/home/runner/.m2/repository/org/apache/ozone/hdds-server-scm/1.5.0-SNAPSHOT/hdds-server-scm-1.5.0-SNAPSHOT-tests.jar:/home/runner/.m2/repository/org/apache/ozone/hdds-container-service/1.5.0-SNAPSHOT/hdds-container-service-1.5.0-SNAPSHOT-tests.jar:/home/runner/.m2/repository/com/github/luben/zstd-jni/1.5.2-5/zstd-jni-1.5.2-5.jar:/home/runner/.m2/repository/commons-codec/commons-codec/1.15/commons-codec-1.15.jar:/home/runner/.m2/repository/io/netty/netty-codec/4.1.100.Final/netty-codec-4.1.100.Final.jar:/home/runner/.m2/repository/io/netty/netty-handler/4.1.100.Final/netty-handler-4.1.100.Final.jar:/home/runner/.m2/repository/org/apache/ozone/hdds-hadoop-dependency-test/1.5.0-SNAPSHOT/hdds-hadoop-dependency-test-1.5.0-SNAPSHOT.jar:/home/runner/.m2/repository/org/apache/hadoop/hadoop-common/3.3.6/hadoop-common-3.3.6-tests.jar:/home/runner/.m2/repository/org/apache/hadoop/hadoop-hdfs/3.3.6/hadoop-hdfs-3.3.6-tests.jar:/home/runner/.m2/repository/org/junit/jupiter/junit-jupiter-params/5.10.1/junit-jupiter-params-5.10.1.jar:/home/runner/.m2/repository/org/mockito/mockito-core/4.11.0/mockito-core-4.11.0.jar:/home/runner/.m2/repository/net/bytebuddy/byte-buddy/1.12.19/byte-buddy-1.12.19.jar:/home/runner/.m2/repository/net/bytebuddy/byte-buddy-agent/1.12.19/byte-buddy-agent-1.12.19.jar:/home/runner/.m2/repository/org/objenesis/objenesis/1.0/objenesis-1.0.jar:/home/runner/.m2/repository/org/mockito/mockito-junit-jupiter/4.11.0/mockito-junit-jupiter-4.11.0.jar:/home/runner/.m2/repository/org/apache/hadoop/hadoop-distcp/3.3.6/hadoop-distcp-3.3.6.jar:/home/runner/.m2/repository/org/apache/hadoop/hadoop-mapreduce-client-jobclient/3.3.6/hadoop-mapreduce-client-jobclient-3.3.6.jar:/home/runner/.m2/repository/org/apache/hadoop/hadoop-mapreduce-client-common/3.3.6/hadoop-mapreduce-client-common-3.3.6.jar:/home/runner/.m2/repository/org/apache/hadoop/hadoop-yarn-common/3.3.6/hadoop-yarn-common-3.3.6.jar:/home/runner/.m2/repository/org/apache/hadoop/hadoop-yarn-api/3.3.6/hadoop-yarn-api-3.3.6.jar:/home/runner/.m2/repository/javax/xml/bind/jaxb-api/2.2.11/jaxb-api-2.2.11.jar:/home/runner/.m2/repository/com/sun/jersey/contribs/jersey-guice/1.19.4/jersey-guice-1.19.4.jar:/home/runner/.m2/repository/com/fasterxml/jackson/jaxrs/jackson-jaxrs-json-provider/2.13.4/jackson-jaxrs-json-provider-2.13.4.jar:/home/runner/.m2/repository/com/fasterxml/jackson/jaxrs/jackson-jaxrs-base/2.13.4/jackson-jaxrs-base-2.13.4.jar:/home/runner/.m2/repository/org/apache/hadoop/hadoop-yarn-client/3.3.6/hadoop-yarn-client-3.3.6.jar:/home/runner/.m2/repository/org/eclipse/jetty/websocket/websocket-client/9.4.51.v20230217/websocket-client-9.4.51.v20230217.jar:/home/runner/.m2/repository/org/eclipse/jetty/websocket/websocket-common/9.4.51.v20230217/websocket-common-9.4.51.v20230217.jar:/home/runner/.m2/repository/org/eclipse/jetty/websocket/websocket-api/9.4.51.v20230217/websocket-api-9.4.51.v20230217.jar:/home/runner/.m2/repository/org/jline/jline/3.9.0/jline-3.9.0.jar:/home/runner/.m2/repository/org/apache/hadoop/hadoop-mapreduce-client-core/3.3.6/hadoop-mapreduce-client-core-3.3.6.jar:/home/runner/.m2/repository/org/apache/avro/avro/1.7.7/avro-1.7.7.jar:/home/runner/.m2/repository/com/thoughtworks/paranamer/paranamer/2.3/paranamer-2.3.jar:/home/runner/.m2/repository/org/apache/hadoop/hadoop-annotations/3.3.6/hadoop-annotations-3.3.6.jar:/usr/lib/jvm/temurin-8-jdk-amd64/jre/../lib/tools.jar:/home/runner/.m2/repository/io/netty/netty/3.10.6.Final/netty-3.10.6.Final.jar:/home/runner/.m2/repository/org/apache/hadoop/hadoop-distcp/3.3.6/hadoop-distcp-3.3.6-tests.jar:/home/runner/.m2/repository/org/hamcrest/hamcrest/2.2/hamcrest-2.2.jar:/home/runner/.m2/repository/org/slf4j/jul-to-slf4j/2.0.10/jul-to-slf4j-2.0.10.jar:/home/runner/work/ozone/ozone/hadoop-ozone/integration-test/target/gradle-enterprise/test-listeners.jar:"/>
    <property name="java.vm.vendor" value="Temurin"/>
    <property name="sun.arch.data.model" value="64"/>
    <property name="test.build.dir" value="/home/runner/work/ozone/ozone/hadoop-ozone/integration-test/target/test-dir"/>
    <property name="test.cache.data" value=""/>
    <property name="java.vendor.url" value="https://adoptium.net/"/>
    <property name="user.timezone" value="Etc/UTC"/>
    <property name="maven-surefire-plugin.argLineAccessArgs" value=""/>
    <property name="os.name" value="Linux"/>
    <property name="java.vm.specification.version" value="1.8"/>
    <property name="test.build.data" value="/home/runner/work/ozone/ozone/hadoop-ozone/integration-test/target/test-dir"/>
    <property name="sun.java.launcher" value="SUN_STANDARD"/>
    <property name="sun.boot.library.path" value="/usr/lib/jvm/temurin-8-jdk-amd64/jre/lib/amd64"/>
    <property name="sun.java.command" value="/home/runner/work/ozone/ozone/hadoop-ozone/integration-test/target/surefire/surefirebooter984229119271158295.jar /home/runner/work/ozone/ozone/hadoop-ozone/integration-test/target/surefire 2024-01-26T21-20-25_335-jvmRun1 surefire1531588058734013115tmp surefire_122550628267863130426tmp"/>
    <property name="native.lib.tmp.dir" value="/tmp"/>
    <property name="surefire.test.class.path" value="/home/runner/work/ozone/ozone/hadoop-ozone/integration-test/target/test-classes:/home/runner/work/ozone/ozone/hadoop-ozone/integration-test/target/classes:/home/runner/.m2/repository/org/apache/ozone/ozone-common/1.5.0-SNAPSHOT/ozone-common-1.5.0-SNAPSHOT.jar:/home/runner/.m2/repository/io/grpc/grpc-netty/1.58.0/grpc-netty-1.58.0.jar:/home/runner/.m2/repository/io/grpc/grpc-core/1.58.0/grpc-core-1.58.0.jar:/home/runner/.m2/repository/com/google/android/annotations/4.1.1.4/annotations-4.1.1.4.jar:/home/runner/.m2/repository/org/codehaus/mojo/animal-sniffer-annotations/1.23/animal-sniffer-annotations-1.23.jar:/home/runner/.m2/repository/io/grpc/grpc-context/1.58.0/grpc-context-1.58.0.jar:/home/runner/.m2/repository/io/grpc/grpc-util/1.58.0/grpc-util-1.58.0.jar:/home/runner/.m2/repository/com/google/errorprone/error_prone_annotations/2.2.0/error_prone_annotations-2.2.0.jar:/home/runner/.m2/repository/io/perfmark/perfmark-api/0.26.0/perfmark-api-0.26.0.jar:/home/runner/.m2/repository/io/netty/netty-codec-http2/4.1.100.Final/netty-codec-http2-4.1.100.Final.jar:/home/runner/.m2/repository/io/netty/netty-common/4.1.100.Final/netty-common-4.1.100.Final.jar:/home/runner/.m2/repository/io/netty/netty-buffer/4.1.100.Final/netty-buffer-4.1.100.Final.jar:/home/runner/.m2/repository/io/netty/netty-codec-http/4.1.100.Final/netty-codec-http-4.1.100.Final.jar:/home/runner/.m2/repository/io/netty/netty-handler-proxy/4.1.100.Final/netty-handler-proxy-4.1.100.Final.jar:/home/runner/.m2/repository/io/netty/netty-codec-socks/4.1.100.Final/netty-codec-socks-4.1.100.Final.jar:/home/runner/.m2/repository/io/netty/netty-tcnative-boringssl-static/2.0.61.Final/netty-tcnative-boringssl-static-2.0.61.Final.jar:/home/runner/.m2/repository/io/netty/netty-tcnative-classes/2.0.61.Final/netty-tcnative-classes-2.0.61.Final.jar:/home/runner/.m2/repository/io/netty/netty-tcnative-boringssl-static/2.0.61.Final/netty-tcnative-boringssl-static-2.0.61.Final-linux-x86_64.jar:/home/runner/.m2/repository/io/netty/netty-tcnative-boringssl-static/2.0.61.Final/netty-tcnative-boringssl-static-2.0.61.Final-linux-aarch_64.jar:/home/runner/.m2/repository/io/netty/netty-tcnative-boringssl-static/2.0.61.Final/netty-tcnative-boringssl-static-2.0.61.Final-osx-x86_64.jar:/home/runner/.m2/repository/io/netty/netty-tcnative-boringssl-static/2.0.61.Final/netty-tcnative-boringssl-static-2.0.61.Final-osx-aarch_64.jar:/home/runner/.m2/repository/io/netty/netty-tcnative-boringssl-static/2.0.61.Final/netty-tcnative-boringssl-static-2.0.61.Final-windows-x86_64.jar:/home/runner/.m2/repository/org/apache/commons/commons-compress/1.25.0/commons-compress-1.25.0.jar:/home/runner/.m2/repository/org/apache/ozone/hdds-common/1.5.0-SNAPSHOT/hdds-common-1.5.0-SNAPSHOT.jar:/home/runner/.m2/repository/org/apache/ozone/hdds-client/1.5.0-SNAPSHOT/hdds-client-1.5.0-SNAPSHOT.jar:/home/runner/.m2/repository/org/apache/ozone/ozone-interface-client/1.5.0-SNAPSHOT/ozone-interface-client-1.5.0-SNAPSHOT.jar:/home/runner/.m2/repository/org/apache/hadoop/hadoop-hdfs-client/3.3.6/hadoop-hdfs-client-3.3.6.jar:/home/runner/.m2/repository/com/squareup/okhttp3/okhttp/4.12.0/okhttp-4.12.0.jar:/home/runner/.m2/repository/com/squareup/okio/okio/3.6.0/okio-3.6.0.jar:/home/runner/.m2/repository/com/squareup/okio/okio-jvm/3.6.0/okio-jvm-3.6.0.jar:/home/runner/.m2/repository/org/jetbrains/kotlin/kotlin-stdlib-jdk8/1.9.22/kotlin-stdlib-jdk8-1.9.22.jar:/home/runner/.m2/repository/org/jetbrains/kotlin/kotlin-stdlib-jdk7/1.9.22/kotlin-stdlib-jdk7-1.9.22.jar:/home/runner/.m2/repository/org/jetbrains/kotlin/kotlin-stdlib-common/1.9.22/kotlin-stdlib-common-1.9.22.jar:/home/runner/.m2/repository/org/apache/ozone/hdds-test-utils/1.5.0-SNAPSHOT/hdds-test-utils-1.5.0-SNAPSHOT.jar:/home/runner/.m2/repository/org/assertj/assertj-core/3.12.2/assertj-core-3.12.2.jar:/home/runner/.m2/repository/com/google/guava/guava/32.0.0-jre/guava-32.0.0-jre.jar:/home/runner/.m2/repository/com/google/guava/failureaccess/1.0.1/failureaccess-1.0.1.jar:/home/runner/.m2/repository/com/google/guava/listenablefuture/9999.0-empty-to-avoid-conflict-with-guava/listenablefuture-9999.0-empty-to-avoid-conflict-with-guava.jar:/home/runner/.m2/repository/com/google/code/findbugs/jsr305/3.0.0/jsr305-3.0.0.jar:/home/runner/.m2/repository/org/checkerframework/checker-qual/3.33.0/checker-qual-3.33.0.jar:/home/runner/.m2/repository/com/google/j2objc/j2objc-annotations/2.8/j2objc-annotations-2.8.jar:/home/runner/.m2/repository/commons-io/commons-io/2.11.0/commons-io-2.11.0.jar:/home/runner/.m2/repository/commons-logging/commons-logging/1.2/commons-logging-1.2.jar:/home/runner/.m2/repository/org/junit/jupiter/junit-jupiter-api/5.10.1/junit-jupiter-api-5.10.1.jar:/home/runner/.m2/repository/org/opentest4j/opentest4j/1.3.0/opentest4j-1.3.0.jar:/home/runner/.m2/repository/org/junit/platform/junit-platform-commons/1.10.1/junit-platform-commons-1.10.1.jar:/home/runner/.m2/repository/ch/qos/reload4j/reload4j/1.2.25/reload4j-1.2.25.jar:/home/runner/.m2/repository/org/slf4j/slf4j-api/2.0.10/slf4j-api-2.0.10.jar:/home/runner/.m2/repository/org/apache/logging/log4j/log4j-api/2.17.1/log4j-api-2.17.1.jar:/home/runner/.m2/repository/org/apache/ozone/hdds-server-scm/1.5.0-SNAPSHOT/hdds-server-scm-1.5.0-SNAPSHOT.jar:/home/runner/.m2/repository/com/google/protobuf/protobuf-java/2.5.0/protobuf-java-2.5.0.jar:/home/runner/.m2/repository/org/apache/ozone/hdds-container-service/1.5.0-SNAPSHOT/hdds-container-service-1.5.0-SNAPSHOT.jar:/home/runner/.m2/repository/org/apache/ozone/hdds-hadoop-dependency-server/1.5.0-SNAPSHOT/hdds-hadoop-dependency-server-1.5.0-SNAPSHOT.jar:/home/runner/.m2/repository/org/apache/hadoop/hadoop-hdfs/3.3.6/hadoop-hdfs-3.3.6.jar:/home/runner/.m2/repository/commons-daemon/commons-daemon/1.0.13/commons-daemon-1.0.13.jar:/home/runner/.m2/repository/org/apache/ozone/hdds-server-framework/1.5.0-SNAPSHOT/hdds-server-framework-1.5.0-SNAPSHOT.jar:/home/runner/.m2/repository/org/bouncycastle/bcprov-jdk15on/1.67/bcprov-jdk15on-1.67.jar:/home/runner/.m2/repository/io/dropwizard/metrics/metrics-core/3.2.4/metrics-core-3.2.4.jar:/home/runner/.m2/repository/org/apache/commons/commons-text/1.11.0/commons-text-1.11.0.jar:/home/runner/.m2/repository/org/apache/ozone/hdds-server-framework/1.5.0-SNAPSHOT/hdds-server-framework-1.5.0-SNAPSHOT-tests.jar:/home/runner/.m2/repository/org/apache/ozone/hdds-interface-server/1.5.0-SNAPSHOT/hdds-interface-server-1.5.0-SNAPSHOT.jar:/home/runner/.m2/repository/org/apache/ozone/hdds-interface-admin/1.5.0-SNAPSHOT/hdds-interface-admin-1.5.0-SNAPSHOT.jar:/home/runner/.m2/repository/org/apache/ozone/hdds-managed-rocksdb/1.5.0-SNAPSHOT/hdds-managed-rocksdb-1.5.0-SNAPSHOT.jar:/home/runner/.m2/repository/org/rocksdb/rocksdbjni/7.7.3/rocksdbjni-7.7.3.jar:/home/runner/.m2/repository/org/slf4j/slf4j-reload4j/2.0.10/slf4j-reload4j-2.0.10.jar:/home/runner/.m2/repository/org/apache/commons/commons-configuration2/2.8.0/commons-configuration2-2.8.0.jar:/home/runner/.m2/repository/commons-fileupload/commons-fileupload/1.5/commons-fileupload-1.5.jar:/home/runner/.m2/repository/org/apache/logging/log4j/log4j-core/2.17.1/log4j-core-2.17.1.jar:/home/runner/.m2/repository/com/lmax/disruptor/3.4.2/disruptor-3.4.2.jar:/home/runner/.m2/repository/org/eclipse/jetty/jetty-util/9.4.53.v20231009/jetty-util-9.4.53.v20231009.jar:/home/runner/.m2/repository/org/eclipse/jetty/jetty-server/9.4.53.v20231009/jetty-server-9.4.53.v20231009.jar:/home/runner/.m2/repository/org/eclipse/jetty/jetty-http/9.4.53.v20231009/jetty-http-9.4.53.v20231009.jar:/home/runner/.m2/repository/org/eclipse/jetty/jetty-io/9.4.53.v20231009/jetty-io-9.4.53.v20231009.jar:/home/runner/.m2/repository/org/eclipse/jetty/jetty-servlet/9.4.53.v20231009/jetty-servlet-9.4.53.v20231009.jar:/home/runner/.m2/repository/org/eclipse/jetty/jetty-security/9.4.53.v20231009/jetty-security-9.4.53.v20231009.jar:/home/runner/.m2/repository/org/eclipse/jetty/jetty-util-ajax/9.4.53.v20231009/jetty-util-ajax-9.4.53.v20231009.jar:/home/runner/.m2/repository/org/eclipse/jetty/jetty-webapp/9.4.53.v20231009/jetty-webapp-9.4.53.v20231009.jar:/home/runner/.m2/repository/org/eclipse/jetty/jetty-xml/9.4.53.v20231009/jetty-xml-9.4.53.v20231009.jar:/home/runner/.m2/repository/org/apache/ratis/ratis-server/3.0.1/ratis-server-3.0.1.jar:/home/runner/.m2/repository/org/apache/ratis/ratis-thirdparty-misc/1.0.5/ratis-thirdparty-misc-1.0.5.jar:/home/runner/.m2/repository/org/apache/ratis/ratis-proto/3.0.1/ratis-proto-3.0.1.jar:/home/runner/.m2/repository/org/apache/ratis/ratis-common/3.0.1/ratis-common-3.0.1.jar:/home/runner/.m2/repository/org/apache/ratis/ratis-client/3.0.1/ratis-client-3.0.1.jar:/home/runner/.m2/repository/org/apache/ratis/ratis-server-api/3.0.1/ratis-server-api-3.0.1.jar:/home/runner/.m2/repository/org/apache/ratis/ratis-metrics-api/3.0.1/ratis-metrics-api-3.0.1.jar:/home/runner/.m2/repository/org/apache/ratis/ratis-metrics-dropwizard3/3.0.1/ratis-metrics-dropwizard3-3.0.1.jar:/home/runner/.m2/repository/io/prometheus/simpleclient_dropwizard/0.16.0/simpleclient_dropwizard-0.16.0.jar:/home/runner/.m2/repository/io/prometheus/simpleclient/0.16.0/simpleclient-0.16.0.jar:/home/runner/.m2/repository/io/prometheus/simpleclient_common/0.16.0/simpleclient_common-0.16.0.jar:/home/runner/.m2/repository/com/fasterxml/jackson/datatype/jackson-datatype-jsr310/2.13.4/jackson-datatype-jsr310-2.13.4.jar:/home/runner/.m2/repository/com/fasterxml/jackson/core/jackson-core/2.13.4/jackson-core-2.13.4.jar:/home/runner/.m2/repository/org/apache/ozone/rocksdb-checkpoint-differ/1.5.0-SNAPSHOT/rocksdb-checkpoint-differ-1.5.0-SNAPSHOT.jar:/home/runner/.m2/repository/org/jgrapht/jgrapht-core/1.0.1/jgrapht-core-1.0.1.jar:/home/runner/.m2/repository/org/jgrapht/jgrapht-ext/1.0.1/jgrapht-ext-1.0.1.jar:/home/runner/.m2/repository/org/tinyjee/jgraphx/jgraphx/2.0.0.1/jgraphx-2.0.0.1.jar:/home/runner/.m2/repository/jgraph/jgraph/5.13.0.0/jgraph-5.13.0.0.jar:/home/runner/.m2/repository/org/antlr/antlr4-runtime/4.5.3/antlr4-runtime-4.5.3.jar:/home/runner/.m2/repository/org/apache/ozone/ozone-manager/1.5.0-SNAPSHOT/ozone-manager-1.5.0-SNAPSHOT.jar:/home/runner/.m2/repository/org/aspectj/aspectjrt/1.9.7/aspectjrt-1.9.7.jar:/home/runner/.m2/repository/org/aspectj/aspectjweaver/1.9.7/aspectjweaver-1.9.7.jar:/home/runner/.m2/repository/org/apache/ozone/hdds-interface-client/1.5.0-SNAPSHOT/hdds-interface-client-1.5.0-SNAPSHOT.jar:/home/runner/.m2/repository/org/apache/hadoop/thirdparty/hadoop-shaded-protobuf_3_7/1.1.1/hadoop-shaded-protobuf_3_7-1.1.1.jar:/home/runner/.m2/repository/org/apache/ozone/ozone-interface-storage/1.5.0-SNAPSHOT/ozone-interface-storage-1.5.0-SNAPSHOT.jar:/home/runner/.m2/repository/org/reflections/reflections/0.9.11/reflections-0.9.11.jar:/home/runner/.m2/repository/com/sun/jersey/jersey-client/1.19.4/jersey-client-1.19.4.jar:/home/runner/.m2/repository/org/codehaus/jackson/jackson-core-asl/1.9.13/jackson-core-asl-1.9.13.jar:/home/runner/.m2/repository/org/codehaus/jackson/jackson-mapper-asl/1.9.13/jackson-mapper-asl-1.9.13.jar:/home/runner/.m2/repository/org/codehaus/jackson/jackson-jaxrs/1.9.13/jackson-jaxrs-1.9.13.jar:/home/runner/.m2/repository/org/apache/ranger/ranger-intg/2.3.0/ranger-intg-2.3.0.jar:/home/runner/.m2/repository/org/apache/ranger/ranger-plugins-common/2.3.0/ranger-plugins-common-2.3.0.jar:/home/runner/.m2/repository/commons-lang/commons-lang/2.6/commons-lang-2.6.jar:/home/runner/.m2/repository/org/apache/ranger/ranger-plugins-cred/2.3.0/ranger-plugins-cred-2.3.0.jar:/home/runner/.m2/repository/org/apache/ranger/ranger-plugins-audit/2.3.0/ranger-plugins-audit-2.3.0.jar:/home/runner/.m2/repository/org/eclipse/jetty/jetty-client/9.4.53.v20231009/jetty-client-9.4.53.v20231009.jar:/home/runner/.m2/repository/org/apache/httpcomponents/httpmime/4.5.6/httpmime-4.5.6.jar:/home/runner/.m2/repository/org/apache/httpcomponents/httpcore-nio/4.4.16/httpcore-nio-4.4.16.jar:/home/runner/.m2/repository/org/apache/httpcomponents/httpasyncclient/4.1.3/httpasyncclient-4.1.3.jar:/home/runner/.m2/repository/com/carrotsearch/hppc/0.8.0/hppc-0.8.0.jar:/home/runner/.m2/repository/org/apache/orc/orc-core/1.5.8/orc-core-1.5.8.jar:/home/runner/.m2/repository/net/java/dev/jna/jna/5.2.0/jna-5.2.0.jar:/home/runner/.m2/repository/net/java/dev/jna/jna-platform/5.2.0/jna-platform-5.2.0.jar:/home/runner/.m2/repository/com/kstruct/gethostname4j/0.0.2/gethostname4j-0.0.2.jar:/home/runner/.m2/repository/org/apache/ranger/ranger-plugin-classloader/2.3.0/ranger-plugin-classloader-2.3.0.jar:/home/runner/.m2/repository/org/apache/ozone/hdds-rocks-native/1.5.0-SNAPSHOT/hdds-rocks-native-1.5.0-SNAPSHOT.jar:/home/runner/.m2/repository/org/apache/hadoop/hadoop-minikdc/3.3.6/hadoop-minikdc-3.3.6.jar:/home/runner/.m2/repository/org/apache/kerby/kerb-simplekdc/1.0.1/kerb-simplekdc-1.0.1.jar:/home/runner/.m2/repository/org/apache/kerby/kerb-client/1.0.1/kerb-client-1.0.1.jar:/home/runner/.m2/repository/org/apache/kerby/kerby-config/1.0.1/kerby-config-1.0.1.jar:/home/runner/.m2/repository/org/apache/kerby/kerb-common/1.0.1/kerb-common-1.0.1.jar:/home/runner/.m2/repository/org/apache/kerby/kerb-crypto/1.0.1/kerb-crypto-1.0.1.jar:/home/runner/.m2/repository/org/apache/kerby/kerb-util/1.0.1/kerb-util-1.0.1.jar:/home/runner/.m2/repository/org/apache/kerby/token-provider/1.0.1/token-provider-1.0.1.jar:/home/runner/.m2/repository/org/apache/kerby/kerb-admin/1.0.1/kerb-admin-1.0.1.jar:/home/runner/.m2/repository/org/apache/kerby/kerb-server/1.0.1/kerb-server-1.0.1.jar:/home/runner/.m2/repository/org/apache/kerby/kerb-identity/1.0.1/kerb-identity-1.0.1.jar:/home/runner/.m2/repository/org/apache/kerby/kerby-xdr/1.0.1/kerby-xdr-1.0.1.jar:/home/runner/.m2/repository/junit/junit/4.13.2/junit-4.13.2.jar:/home/runner/.m2/repository/org/hamcrest/hamcrest-core/1.3/hamcrest-core-1.3.jar:/home/runner/.m2/repository/org/apache/ozone/ozone-s3gateway/1.5.0-SNAPSHOT/ozone-s3gateway-1.5.0-SNAPSHOT.jar:/home/runner/.m2/repository/org/javassist/javassist/3.21.0-GA/javassist-3.21.0-GA.jar:/home/runner/.m2/repository/org/jboss/weld/servlet/weld-servlet-shaded/3.1.9.Final/weld-servlet-shaded-3.1.9.Final.jar:/home/runner/.m2/repository/org/glassfish/jersey/containers/jersey-container-servlet-core/2.41/jersey-container-servlet-core-2.41.jar:/home/runner/.m2/repository/org/glassfish/hk2/external/jakarta.inject/2.6.1/jakarta.inject-2.6.1.jar:/home/runner/.m2/repository/org/glassfish/jersey/core/jersey-common/2.41/jersey-common-2.41.jar:/home/runner/.m2/repository/jakarta/ws/rs/jakarta.ws.rs-api/2.1.6/jakarta.ws.rs-api-2.1.6.jar:/home/runner/.m2/repository/org/glassfish/jersey/ext/cdi/jersey-cdi1x/2.41/jersey-cdi1x-2.41.jar:/home/runner/.m2/repository/org/glassfish/jersey/inject/jersey-hk2/2.41/jersey-hk2-2.41.jar:/home/runner/.m2/repository/org/glassfish/hk2/hk2-locator/2.6.1/hk2-locator-2.6.1.jar:/home/runner/.m2/repository/org/glassfish/jersey/media/jersey-media-jaxb/2.41/jersey-media-jaxb-2.41.jar:/home/runner/.m2/repository/org/glassfish/hk2/osgi-resource-locator/1.0.3/osgi-resource-locator-1.0.3.jar:/home/runner/.m2/repository/org/glassfish/hk2/hk2-api/2.6.1/hk2-api-2.6.1.jar:/home/runner/.m2/repository/org/glassfish/hk2/hk2-utils/2.6.1/hk2-utils-2.6.1.jar:/home/runner/.m2/repository/org/glassfish/hk2/external/aopalliance-repackaged/2.6.1/aopalliance-repackaged-2.6.1.jar:/home/runner/.m2/repository/com/fasterxml/jackson/dataformat/jackson-dataformat-xml/2.13.4/jackson-dataformat-xml-2.13.4.jar:/home/runner/.m2/repository/org/codehaus/woodstox/stax2-api/4.2.2/stax2-api-4.2.2.jar:/home/runner/.m2/repository/com/fasterxml/woodstox/woodstox-core/5.4.0/woodstox-core-5.4.0.jar:/home/runner/.m2/repository/com/fasterxml/jackson/module/jackson-module-jaxb-annotations/2.13.4/jackson-module-jaxb-annotations-2.13.4.jar:/home/runner/.m2/repository/javax/enterprise/cdi-api/2.0/cdi-api-2.0.jar:/home/runner/.m2/repository/javax/el/javax.el-api/3.0.0/javax.el-api-3.0.0.jar:/home/runner/.m2/repository/javax/interceptor/javax.interceptor-api/1.2/javax.interceptor-api-1.2.jar:/home/runner/.m2/repository/javax/inject/javax.inject/1/javax.inject-1.jar:/home/runner/.m2/repository/jakarta/xml/bind/jakarta.xml.bind-api/2.3.3/jakarta.xml.bind-api-2.3.3.jar:/home/runner/.m2/repository/org/glassfish/jaxb/jaxb-runtime/2.3.9/jaxb-runtime-2.3.9.jar:/home/runner/.m2/repository/org/glassfish/jaxb/txw2/2.3.9/txw2-2.3.9.jar:/home/runner/.m2/repository/com/sun/istack/istack-commons-runtime/3.0.12/istack-commons-runtime-3.0.12.jar:/home/runner/.m2/repository/com/sun/activation/jakarta.activation/1.2.2/jakarta.activation-1.2.2.jar:/home/runner/.m2/repository/jakarta/activation/jakarta.activation-api/1.2.2/jakarta.activation-api-1.2.2.jar:/home/runner/.m2/repository/io/grpc/grpc-protobuf/1.58.0/grpc-protobuf-1.58.0.jar:/home/runner/.m2/repository/com/google/api/grpc/proto-google-common-protos/2.22.0/proto-google-common-protos-2.22.0.jar:/home/runner/.m2/repository/io/grpc/grpc-protobuf-lite/1.58.0/grpc-protobuf-lite-1.58.0.jar:/home/runner/.m2/repository/io/grpc/grpc-stub/1.58.0/grpc-stub-1.58.0.jar:/home/runner/.m2/repository/io/netty/netty-transport/4.1.100.Final/netty-transport-4.1.100.Final.jar:/home/runner/.m2/repository/io/netty/netty-resolver/4.1.100.Final/netty-resolver-4.1.100.Final.jar:/home/runner/.m2/repository/org/apache/ozone/ozone-csi/1.5.0-SNAPSHOT/ozone-csi-1.5.0-SNAPSHOT.jar:/home/runner/.m2/repository/com/google/protobuf/protobuf-java-util/3.19.6/protobuf-java-util-3.19.6.jar:/home/runner/.m2/repository/com/google/code/gson/gson/2.9.0/gson-2.9.0.jar:/home/runner/.m2/repository/org/apache/ozone/hdds-config/1.5.0-SNAPSHOT/hdds-config-1.5.0-SNAPSHOT.jar:/home/runner/.m2/repository/io/netty/netty-transport-native-epoll/4.1.100.Final/netty-transport-native-epoll-4.1.100.Final-linux-x86_64.jar:/home/runner/.m2/repository/io/netty/netty-transport-classes-epoll/4.1.100.Final/netty-transport-classes-epoll-4.1.100.Final.jar:/home/runner/.m2/repository/io/netty/netty-transport-native-unix-common/4.1.100.Final/netty-transport-native-unix-common-4.1.100.Final.jar:/home/runner/.m2/repository/org/apache/ozone/ozone-recon/1.5.0-SNAPSHOT/ozone-recon-1.5.0-SNAPSHOT.jar:/home/runner/.m2/repository/org/apache/ozone/ozone-reconcodegen/1.5.0-SNAPSHOT/ozone-reconcodegen-1.5.0-SNAPSHOT.jar:/home/runner/.m2/repository/com/google/inject/guice/5.1.0/guice-5.1.0.jar:/home/runner/.m2/repository/aopalliance/aopalliance/1.0/aopalliance-1.0.jar:/home/runner/.m2/repository/com/google/inject/extensions/guice-assistedinject/5.1.0/guice-assistedinject-5.1.0.jar:/home/runner/.m2/repository/com/google/inject/extensions/guice-servlet/5.1.0/guice-servlet-5.1.0.jar:/home/runner/.m2/repository/org/glassfish/jersey/containers/jersey-container-servlet/2.41/jersey-container-servlet-2.41.jar:/home/runner/.m2/repository/org/glassfish/hk2/guice-bridge/2.6.1/guice-bridge-2.6.1.jar:/home/runner/.m2/repository/org/glassfish/jersey/core/jersey-server/2.41/jersey-server-2.41.jar:/home/runner/.m2/repository/org/glassfish/jersey/core/jersey-client/2.41/jersey-client-2.41.jar:/home/runner/.m2/repository/jakarta/annotation/jakarta.annotation-api/1.3.5/jakarta.annotation-api-1.3.5.jar:/home/runner/.m2/repository/jakarta/validation/jakarta.validation-api/2.0.2/jakarta.validation-api-2.0.2.jar:/home/runner/.m2/repository/org/glassfish/jersey/media/jersey-media-json-jackson/2.41/jersey-media-json-jackson-2.41.jar:/home/runner/.m2/repository/org/glassfish/jersey/ext/jersey-entity-filtering/2.41/jersey-entity-filtering-2.41.jar:/home/runner/.m2/repository/org/jooq/jooq/3.11.10/jooq-3.11.10.jar:/home/runner/.m2/repository/org/jooq/jooq-meta/3.11.10/jooq-meta-3.11.10.jar:/home/runner/.m2/repository/org/jooq/jooq-codegen/3.11.10/jooq-codegen-3.11.10.jar:/home/runner/.m2/repository/com/jolbox/bonecp/0.8.0.RELEASE/bonecp-0.8.0.RELEASE.jar:/home/runner/.m2/repository/org/apache/derby/derby/10.14.2.0/derby-10.14.2.0.jar:/home/runner/.m2/repository/org/xerial/sqlite-jdbc/3.44.1.0/sqlite-jdbc-3.44.1.0.jar:/home/runner/.m2/repository/org/springframework/spring-jdbc/5.3.27/spring-jdbc-5.3.27.jar:/home/runner/.m2/repository/org/springframework/spring-beans/5.3.27/spring-beans-5.3.27.jar:/home/runner/.m2/repository/org/springframework/spring-core/5.3.27/spring-core-5.3.27.jar:/home/runner/.m2/repository/org/springframework/spring-tx/5.3.27/spring-tx-5.3.27.jar:/home/runner/.m2/repository/org/apache/ozone/ozone-client/1.5.0-SNAPSHOT/ozone-client-1.5.0-SNAPSHOT.jar:/home/runner/.m2/repository/org/apache/ozone/hdds-erasurecode/1.5.0-SNAPSHOT/hdds-erasurecode-1.5.0-SNAPSHOT.jar:/home/runner/.m2/repository/org/apache/ozone/ozone-filesystem/1.5.0-SNAPSHOT/ozone-filesystem-1.5.0-SNAPSHOT.jar:/home/runner/.m2/repository/org/apache/ozone/ozone-filesystem-common/1.5.0-SNAPSHOT/ozone-filesystem-common-1.5.0-SNAPSHOT.jar:/home/runner/.m2/repository/org/apache/ozone/ozone-tools/1.5.0-SNAPSHOT/ozone-tools-1.5.0-SNAPSHOT.jar:/home/runner/.m2/repository/com/amazonaws/aws-java-sdk-core/1.12.632/aws-java-sdk-core-1.12.632.jar:/home/runner/.m2/repository/org/apache/httpcomponents/httpclient/4.5.13/httpclient-4.5.13.jar:/home/runner/.m2/repository/org/apache/httpcomponents/httpcore/4.4.16/httpcore-4.4.16.jar:/home/runner/.m2/repository/software/amazon/ion/ion-java/1.0.2/ion-java-1.0.2.jar:/home/runner/.m2/repository/com/fasterxml/jackson/dataformat/jackson-dataformat-cbor/2.13.4/jackson-dataformat-cbor-2.13.4.jar:/home/runner/.m2/repository/joda-time/joda-time/2.12.5/joda-time-2.12.5.jar:/home/runner/.m2/repository/com/amazonaws/aws-java-sdk-s3/1.12.632/aws-java-sdk-s3-1.12.632.jar:/home/runner/.m2/repository/com/amazonaws/aws-java-sdk-kms/1.12.632/aws-java-sdk-kms-1.12.632.jar:/home/runner/.m2/repository/com/amazonaws/jmespath-java/1.12.632/jmespath-java-1.12.632.jar:/home/runner/.m2/repository/org/kohsuke/metainf-services/metainf-services/1.8/metainf-services-1.8.jar:/home/runner/.m2/repository/org/apache/ozone/hdds-tools/1.5.0-SNAPSHOT/hdds-tools-1.5.0-SNAPSHOT.jar:/home/runner/.m2/repository/org/apache/ratis/ratis-tools/3.0.1/ratis-tools-3.0.1.jar:/home/runner/.m2/repository/commons-cli/commons-cli/1.6.0/commons-cli-1.6.0.jar:/home/runner/.m2/repository/org/apache/commons/commons-lang3/3.14.0/commons-lang3-3.14.0.jar:/home/runner/.m2/repository/org/apache/ozone/ozone-manager/1.5.0-SNAPSHOT/ozone-manager-1.5.0-SNAPSHOT-tests.jar:/home/runner/.m2/repository/org/apache/ozone/hdds-common/1.5.0-SNAPSHOT/hdds-common-1.5.0-SNAPSHOT-tests.jar:/home/runner/.m2/repository/org/apache/ozone/hdds-hadoop-dependency-client/1.5.0-SNAPSHOT/hdds-hadoop-dependency-client-1.5.0-SNAPSHOT.jar:/home/runner/.m2/repository/info/picocli/picocli/4.7.5/picocli-4.7.5.jar:/home/runner/.m2/repository/com/fasterxml/jackson/core/jackson-annotations/2.13.4/jackson-annotations-2.13.4.jar:/home/runner/.m2/repository/org/apache/ozone/hdds-annotation-processing/1.5.0-SNAPSHOT/hdds-annotation-processing-1.5.0-SNAPSHOT.jar:/home/runner/.m2/repository/javax/annotation/javax.annotation-api/1.3.2/javax.annotation-api-1.3.2.jar:/home/runner/.m2/repository/org/apache/ratis/ratis-netty/3.0.1/ratis-netty-3.0.1.jar:/home/runner/.m2/repository/org/apache/ratis/ratis-grpc/3.0.1/ratis-grpc-3.0.1.jar:/home/runner/.m2/repository/org/apache/commons/commons-pool2/2.6.0/commons-pool2-2.6.0.jar:/home/runner/.m2/repository/org/bouncycastle/bcpkix-jdk15on/1.67/bcpkix-jdk15on-1.67.jar:/home/runner/.m2/repository/commons-validator/commons-validator/1.6/commons-validator-1.6.jar:/home/runner/.m2/repository/commons-beanutils/commons-beanutils/1.9.4/commons-beanutils-1.9.4.jar:/home/runner/.m2/repository/commons-digester/commons-digester/1.8.1/commons-digester-1.8.1.jar:/home/runner/.m2/repository/commons-collections/commons-collections/3.2.2/commons-collections-3.2.2.jar:/home/runner/.m2/repository/io/jaegertracing/jaeger-client/1.6.0/jaeger-client-1.6.0.jar:/home/runner/.m2/repository/io/jaegertracing/jaeger-thrift/1.6.0/jaeger-thrift-1.6.0.jar:/home/runner/.m2/repository/org/apache/thrift/libthrift/0.14.1/libthrift-0.14.1.jar:/home/runner/.m2/repository/io/jaegertracing/jaeger-core/1.6.0/jaeger-core-1.6.0.jar:/home/runner/.m2/repository/io/jaegertracing/jaeger-tracerresolver/1.6.0/jaeger-tracerresolver-1.6.0.jar:/home/runner/.m2/repository/io/opentracing/contrib/opentracing-tracerresolver/0.1.8/opentracing-tracerresolver-0.1.8.jar:/home/runner/.m2/repository/org/jetbrains/kotlin/kotlin-stdlib/1.9.22/kotlin-stdlib-1.9.22.jar:/home/runner/.m2/repository/org/jetbrains/annotations/13.0/annotations-13.0.jar:/home/runner/.m2/repository/io/opentracing/opentracing-util/0.33.0/opentracing-util-0.33.0.jar:/home/runner/.m2/repository/io/opentracing/opentracing-api/0.33.0/opentracing-api-0.33.0.jar:/home/runner/.m2/repository/io/opentracing/opentracing-noop/0.33.0/opentracing-noop-0.33.0.jar:/home/runner/.m2/repository/org/yaml/snakeyaml/2.0/snakeyaml-2.0.jar:/home/runner/.m2/repository/io/grpc/grpc-api/1.58.0/grpc-api-1.58.0.jar:/home/runner/.m2/repository/org/junit/jupiter/junit-jupiter-engine/5.10.1/junit-jupiter-engine-5.10.1.jar:/home/runner/.m2/repository/org/junit/platform/junit-platform-engine/1.10.1/junit-platform-engine-1.10.1.jar:/home/runner/.m2/repository/org/apiguardian/apiguardian-api/1.1.2/apiguardian-api-1.1.2.jar:/home/runner/.m2/repository/org/junit/platform/junit-platform-launcher/1.10.1/junit-platform-launcher-1.10.1.jar:/home/runner/.m2/repository/org/apache/hadoop/hadoop-kms/3.3.6/hadoop-kms-3.3.6.jar:/home/runner/.m2/repository/org/apache/hadoop/hadoop-auth/3.3.6/hadoop-auth-3.3.6.jar:/home/runner/.m2/repository/com/nimbusds/nimbus-jose-jwt/9.8.1/nimbus-jose-jwt-9.8.1.jar:/home/runner/.m2/repository/com/github/stephenc/jcip/jcip-annotations/1.0-1/jcip-annotations-1.0-1.jar:/home/runner/.m2/repository/org/apache/zookeeper/zookeeper/3.7.2/zookeeper-3.7.2.jar:/home/runner/.m2/repository/org/apache/zookeeper/zookeeper-jute/3.7.2/zookeeper-jute-3.7.2.jar:/home/runner/.m2/repository/org/apache/yetus/audience-annotations/0.12.0/audience-annotations-0.12.0.jar:/home/runner/.m2/repository/org/apache/curator/curator-framework/4.2.0/curator-framework-4.2.0.jar:/home/runner/.m2/repository/org/apache/hadoop/thirdparty/hadoop-shaded-guava/1.1.1/hadoop-shaded-guava-1.1.1.jar:/home/runner/.m2/repository/com/sun/jersey/jersey-core/1.19.4/jersey-core-1.19.4.jar:/home/runner/.m2/repository/javax/ws/rs/jsr311-api/1.1.1/jsr311-api-1.1.1.jar:/home/runner/.m2/repository/com/sun/jersey/jersey-server/1.19.4/jersey-server-1.19.4.jar:/home/runner/.m2/repository/javax/servlet/javax.servlet-api/3.1.0/javax.servlet-api-3.1.0.jar:/home/runner/.m2/repository/org/apache/hadoop/hadoop-common/3.3.6/hadoop-common-3.3.6.jar:/home/runner/.m2/repository/org/apache/commons/commons-math3/3.1.1/commons-math3-3.1.1.jar:/home/runner/.m2/repository/commons-net/commons-net/3.10.0/commons-net-3.10.0.jar:/home/runner/.m2/repository/com/sun/jersey/jersey-servlet/1.19.4/jersey-servlet-1.19.4.jar:/home/runner/.m2/repository/com/github/pjfanning/jersey-json/1.20/jersey-json-1.20.jar:/home/runner/.m2/repository/org/codehaus/jettison/jettison/1.1/jettison-1.1.jar:/home/runner/.m2/repository/com/sun/xml/bind/jaxb-impl/2.2.3-1/jaxb-impl-2.2.3-1.jar:/home/runner/.m2/repository/com/google/re2j/re2j/1.7/re2j-1.7.jar:/home/runner/.m2/repository/com/jcraft/jsch/0.1.54/jsch-0.1.54.jar:/home/runner/.m2/repository/org/apache/curator/curator-client/4.2.0/curator-client-4.2.0.jar:/home/runner/.m2/repository/org/apache/curator/curator-recipes/5.2.0/curator-recipes-5.2.0.jar:/home/runner/.m2/repository/org/apache/kerby/kerb-core/1.0.1/kerb-core-1.0.1.jar:/home/runner/.m2/repository/org/apache/kerby/kerby-pkix/1.0.1/kerby-pkix-1.0.1.jar:/home/runner/.m2/repository/org/apache/kerby/kerby-asn1/1.0.1/kerby-asn1-1.0.1.jar:/home/runner/.m2/repository/org/apache/kerby/kerby-util/1.0.1/kerby-util-1.0.1.jar:/home/runner/.m2/repository/dnsjava/dnsjava/2.1.7/dnsjava-2.1.7.jar:/home/runner/.m2/repository/org/xerial/snappy/snappy-java/1.1.8.2/snappy-java-1.1.8.2.jar:/home/runner/.m2/repository/com/fasterxml/jackson/core/jackson-databind/2.13.4.2/jackson-databind-2.13.4.2.jar:/home/runner/.m2/repository/org/apache/hadoop/hadoop-kms/3.3.6/hadoop-kms-3.3.6-tests.jar:/home/runner/.m2/repository/org/apache/ozone/hdds-server-scm/1.5.0-SNAPSHOT/hdds-server-scm-1.5.0-SNAPSHOT-tests.jar:/home/runner/.m2/repository/org/apache/ozone/hdds-container-service/1.5.0-SNAPSHOT/hdds-container-service-1.5.0-SNAPSHOT-tests.jar:/home/runner/.m2/repository/com/github/luben/zstd-jni/1.5.2-5/zstd-jni-1.5.2-5.jar:/home/runner/.m2/repository/commons-codec/commons-codec/1.15/commons-codec-1.15.jar:/home/runner/.m2/repository/io/netty/netty-codec/4.1.100.Final/netty-codec-4.1.100.Final.jar:/home/runner/.m2/repository/io/netty/netty-handler/4.1.100.Final/netty-handler-4.1.100.Final.jar:/home/runner/.m2/repository/org/apache/ozone/hdds-hadoop-dependency-test/1.5.0-SNAPSHOT/hdds-hadoop-dependency-test-1.5.0-SNAPSHOT.jar:/home/runner/.m2/repository/org/apache/hadoop/hadoop-common/3.3.6/hadoop-common-3.3.6-tests.jar:/home/runner/.m2/repository/org/apache/hadoop/hadoop-hdfs/3.3.6/hadoop-hdfs-3.3.6-tests.jar:/home/runner/.m2/repository/org/junit/jupiter/junit-jupiter-params/5.10.1/junit-jupiter-params-5.10.1.jar:/home/runner/.m2/repository/org/mockito/mockito-core/4.11.0/mockito-core-4.11.0.jar:/home/runner/.m2/repository/net/bytebuddy/byte-buddy/1.12.19/byte-buddy-1.12.19.jar:/home/runner/.m2/repository/net/bytebuddy/byte-buddy-agent/1.12.19/byte-buddy-agent-1.12.19.jar:/home/runner/.m2/repository/org/objenesis/objenesis/1.0/objenesis-1.0.jar:/home/runner/.m2/repository/org/mockito/mockito-junit-jupiter/4.11.0/mockito-junit-jupiter-4.11.0.jar:/home/runner/.m2/repository/org/apache/hadoop/hadoop-distcp/3.3.6/hadoop-distcp-3.3.6.jar:/home/runner/.m2/repository/org/apache/hadoop/hadoop-mapreduce-client-jobclient/3.3.6/hadoop-mapreduce-client-jobclient-3.3.6.jar:/home/runner/.m2/repository/org/apache/hadoop/hadoop-mapreduce-client-common/3.3.6/hadoop-mapreduce-client-common-3.3.6.jar:/home/runner/.m2/repository/org/apache/hadoop/hadoop-yarn-common/3.3.6/hadoop-yarn-common-3.3.6.jar:/home/runner/.m2/repository/org/apache/hadoop/hadoop-yarn-api/3.3.6/hadoop-yarn-api-3.3.6.jar:/home/runner/.m2/repository/javax/xml/bind/jaxb-api/2.2.11/jaxb-api-2.2.11.jar:/home/runner/.m2/repository/com/sun/jersey/contribs/jersey-guice/1.19.4/jersey-guice-1.19.4.jar:/home/runner/.m2/repository/com/fasterxml/jackson/jaxrs/jackson-jaxrs-json-provider/2.13.4/jackson-jaxrs-json-provider-2.13.4.jar:/home/runner/.m2/repository/com/fasterxml/jackson/jaxrs/jackson-jaxrs-base/2.13.4/jackson-jaxrs-base-2.13.4.jar:/home/runner/.m2/repository/org/apache/hadoop/hadoop-yarn-client/3.3.6/hadoop-yarn-client-3.3.6.jar:/home/runner/.m2/repository/org/eclipse/jetty/websocket/websocket-client/9.4.51.v20230217/websocket-client-9.4.51.v20230217.jar:/home/runner/.m2/repository/org/eclipse/jetty/websocket/websocket-common/9.4.51.v20230217/websocket-common-9.4.51.v20230217.jar:/home/runner/.m2/repository/org/eclipse/jetty/websocket/websocket-api/9.4.51.v20230217/websocket-api-9.4.51.v20230217.jar:/home/runner/.m2/repository/org/jline/jline/3.9.0/jline-3.9.0.jar:/home/runner/.m2/repository/org/apache/hadoop/hadoop-mapreduce-client-core/3.3.6/hadoop-mapreduce-client-core-3.3.6.jar:/home/runner/.m2/repository/org/apache/avro/avro/1.7.7/avro-1.7.7.jar:/home/runner/.m2/repository/com/thoughtworks/paranamer/paranamer/2.3/paranamer-2.3.jar:/home/runner/.m2/repository/org/apache/hadoop/hadoop-annotations/3.3.6/hadoop-annotations-3.3.6.jar:/usr/lib/jvm/temurin-8-jdk-amd64/jre/../lib/tools.jar:/home/runner/.m2/repository/io/netty/netty/3.10.6.Final/netty-3.10.6.Final.jar:/home/runner/.m2/repository/org/apache/hadoop/hadoop-distcp/3.3.6/hadoop-distcp-3.3.6-tests.jar:/home/runner/.m2/repository/org/hamcrest/hamcrest/2.2/hamcrest-2.2.jar:/home/runner/.m2/repository/org/slf4j/jul-to-slf4j/2.0.10/jul-to-slf4j-2.0.10.jar:/home/runner/work/ozone/ozone/hadoop-ozone/integration-test/target/gradle-enterprise/test-listeners.jar:"/>
    <property name="sun.cpu.endian" value="little"/>
    <property name="user.home" value="/home/runner"/>
    <property name="user.language" value="en"/>
    <property name="java.specification.vendor" value="Oracle Corporation"/>
    <property name="java.home" value="/usr/lib/jvm/temurin-8-jdk-amd64/jre"/>
    <property name="java.security.krb5.conf" value="/home/runner/work/ozone/ozone/hadoop-ozone/integration-test/target/test-classes/krb5.conf"/>
    <property name="file.separator" value="/"/>
    <property name="basedir" value="/home/runner/work/ozone/ozone/hadoop-ozone/integration-test"/>
    <property name="line.separator" value="&#10;"/>
    <property name="java.vm.specification.vendor" value="Oracle Corporation"/>
    <property name="java.specification.name" value="Java Platform API Specification"/>
    <property name="skip.installnpx" value="true"/>
    <property name="java.awt.graphicsenv" value="sun.awt.X11GraphicsEnvironment"/>
    <property name="surefire.real.class.path" value="/home/runner/work/ozone/ozone/hadoop-ozone/integration-test/target/surefire/surefirebooter984229119271158295.jar:/home/runner/.m2/repository/org/jacoco/org.jacoco.agent/0.8.5/org.jacoco.agent-0.8.5-runtime.jar"/>
    <property name="sun.boot.class.path" value="/usr/lib/jvm/temurin-8-jdk-amd64/jre/lib/resources.jar:/usr/lib/jvm/temurin-8-jdk-amd64/jre/lib/rt.jar:/usr/lib/jvm/temurin-8-jdk-amd64/jre/lib/sunrsasign.jar:/usr/lib/jvm/temurin-8-jdk-amd64/jre/lib/jsse.jar:/usr/lib/jvm/temurin-8-jdk-amd64/jre/lib/jce.jar:/usr/lib/jvm/temurin-8-jdk-amd64/jre/lib/charsets.jar:/usr/lib/jvm/temurin-8-jdk-amd64/jre/lib/jfr.jar:/usr/lib/jvm/temurin-8-jdk-amd64/jre/classes"/>
    <property name="hadoop.log.dir" value="/home/runner/work/ozone/ozone/hadoop-ozone/integration-test/target/log"/>
    <property name="sun.management.compiler" value="HotSpot 64-Bit Tiered Compilers"/>
    <property name="java.runtime.version" value="1.8.0_392-b08"/>
    <property name="skip.npx" value="true"/>
    <property name="user.name" value="runner"/>
    <property name="java.net.preferIPv4Stack" value="true"/>
    <property name="path.separator" value=":"/>
    <property name="java.security.egd" value="file:///dev/urandom"/>
    <property name="os.version" value="5.15.0-1053-azure"/>
    <property name="java.endorsed.dirs" value="/usr/lib/jvm/temurin-8-jdk-amd64/jre/lib/endorsed"/>
    <property name="java.runtime.name" value="OpenJDK Runtime Environment"/>
    <property name="com.gradle.maven.scan.extension.test.listener.junitplatform.NestedExecutionSafeDelegatingTestExecutionListener" value="44de94c3"/>
    <property name="file.encoding" value="UTF-8"/>
    <property name="java.vm.name" value="OpenJDK 64-Bit Server VM"/>
    <property name="test.build.webapps" value=""/>
    <property name="localRepository" value="/home/runner/.m2/repository"/>
    <property name="gradle.enterprise.listener.port" value="40583"/>
    <property name="jetty.git.hash" value="27bde00a0b95a1d5bbee0eae7984f891d2d0f8c9"/>
    <property name="java.vendor.url.bug" value="https://github.com/adoptium/adoptium-support/issues"/>
    <property name="require.test.libhadoop" value=""/>
    <property name="java.io.tmpdir" value="/tmp"/>
    <property name="java.version" value="1.8.0_392"/>
    <property name="user.dir" value="/home/runner/work/ozone/ozone/hadoop-ozone/integration-test"/>
    <property name="os.arch" value="amd64"/>
    <property name="test.build.classes" value="/home/runner/work/ozone/ozone/hadoop-ozone/integration-test/target/test-classes"/>
    <property name="java.vm.specification.name" value="Java Virtual Machine Specification"/>
    <property name="java.awt.printerjob" value="sun.print.PSPrinterJob"/>
    <property name="sun.os.patch.level" value="unknown"/>
    <property name="org.apache.ratis.thirdparty.io.netty.allocator.useCacheForAllThreads" value="false"/>
    <property name="hadoop.tmp.dir" value="/home/runner/work/ozone/ozone/hadoop-ozone/integration-test/target/tmp"/>
    <property name="java.library.path" value="/usr/java/packages/lib/amd64:/usr/lib64:/lib64:/lib:/usr/lib"/>
    <property name="java.vendor" value="Temurin"/>
    <property name="java.vm.info" value="mixed mode"/>
    <property name="java.vm.version" value="25.392-b08"/>
    <property name="java.specification.maintenance.version" value="5"/>
    <property name="sun.io.unicode.encoding" value="UnicodeLittle"/>
    <property name="java.ext.dirs" value="/usr/lib/jvm/temurin-8-jdk-amd64/jre/lib/ext:/usr/java/packages/lib/ext"/>
    <property name="java.class.version" value="52.0"/>
  </properties>
  <testcase name="bucketUsedBytesOverWrite(BucketLayout)[1]" classname="org.apache.hadoop.ozone.client.rpc.TestSecureOzoneRpcClient" time="1.1">
    <system-out><![CDATA[2024-01-26 21:34:04,611 [main] INFO  audit.AuditLogger (AuditLogger.java:refreshDebugCmdSet(130)) - Refresh DebugCmdSet for OMAudit to [].
2024-01-26 21:34:05,976 [main] INFO  utils.SelfSignedCertificate (SelfSignedCertificate.java:generateCertificate(157)) - Certificate 1 is issued by CN=rootCA@localhost,OU=scm1,O=cluster1,SERIALNUMBER=1 to CN=rootCA@localhost,OU=scm1,O=cluster1,SERIALNUMBER=1, valid from Fri Jan 26 21:34:05 UTC 2024 to Mon Mar 05 21:34:05 UTC 2029
2024-01-26 21:34:06,005 [main] INFO  authority.DefaultApprover (DefaultApprover.java:sign(157)) - Extensions in CSR: 2.5.29.15
2024-01-26 21:34:06,006 [main] INFO  authority.DefaultApprover (DefaultApprover.java:sign(161)) - Extensions to add to the certificate if they present in CSR: 2.5.29.17, 1.3.6.1.5.5.7.1.12, 2.5.29.35, 2.5.29.37, 2.5.29.15
2024-01-26 21:34:06,023 [main] INFO  ssl.ReloadingX509KeyManager (ReloadingX509KeyManager.java:loadKeyManager(222)) - Key manager is loaded with certificate chain
2024-01-26 21:34:06,027 [main] INFO  ssl.ReloadingX509KeyManager (ReloadingX509KeyManager.java:loadKeyManager(224)) - [
[
  Version: V3
  Subject: SERIALNUMBER=970225538815, O=cluster1, OU=scm1, CN=localhost
  Signature Algorithm: SHA256withRSA, OID = 1.2.840.113549.1.1.11

  Key:  Sun RSA public key, 2048 bits
  params: null
  modulus: 20540489532566130720840864608583605709429772723793526585363377844965121261970693046098679066202178967945209501704169894474848869431007665662294391301981320704769101595588472536141623190581676640627211555205885201125362694900004232570133255491794544217820822221527771308337245520924586967235471430177607975910385337394121191282946231858489045798839381051011909830262818225137941076889164742038735199836054856676949650928379549488128657725821642376500869531830544567481070673634704948518839933382668843210790028949668358741342350059317556497103612838607537083413654260114718933104009800986114293721391107598999085506831
  public exponent: 65537
  Validity: [From: Fri Jan 26 21:34:05 UTC 2024,
               To: Sat Jan 25 21:34:05 UTC 2025]
  Issuer: SERIALNUMBER=1, O=cluster1, OU=scm1, CN=rootCA@localhost
  SerialNumber: [    e1e5f2d6 ff]

Certificate Extensions: 1
[1]: ObjectId: 2.5.29.15 Criticality=true
KeyUsage [
  DigitalSignature
  Key_Encipherment
  Data_Encipherment
  Key_Agreement
]

]
  Algorithm: [SHA256withRSA]
  Signature:
0000: A2 F7 F5 B6 EA ED 7A 04   16 FC 6D B3 FE 36 A9 FA  ......z...m..6..
0010: 80 1E 3A C7 BC 8C 29 A5   78 D9 9D 63 6C 9F 55 BA  ..:...).x..cl.U.
0020: 8C C7 8A 3F B4 F9 6C A4   3B 71 F6 07 F2 90 ED EB  ...?..l.;q......
0030: 7C B9 B2 F6 8F 35 C7 11   22 3D 67 F9 15 60 53 9C  .....5.."=g..`S.
0040: 5F C1 96 7B D1 FF D1 CF   23 60 51 6A 1E 66 6C 60  _.......#`Qj.fl`
0050: 96 9B D4 26 CB 6D 0B 45   D5 D0 71 5D 48 59 0E 25  ...&.m.E..q]HY.%
0060: F0 86 A2 40 5B 50 85 7E   06 A3 FF 6C A4 44 CD 7C  ...@[P.....l.D..
0070: EB 22 CB 3A AC D7 CB CB   73 50 62 03 14 7B E4 B2  .".:....sPb.....
0080: 08 44 E0 BE D9 8E AC B5   14 DA AE 88 48 94 E9 8E  .D..........H...
0090: 3E C5 1B A4 A5 A9 EE 20   F5 39 99 48 39 AB 25 4E  >...... .9.H9.%N
00A0: 24 45 00 FE 83 7F 62 1A   A6 C5 6F 0C F9 78 A2 2A  $E....b...o..x.*
00B0: 18 66 21 72 6A 83 02 78   89 6B AE 88 37 38 D1 80  .f!rj..x.k..78..
00C0: A5 85 69 13 6E 2F 7F 82   97 D8 9F 8C BF C0 58 BC  ..i.n/........X.
00D0: 02 65 4F DD 22 3B CC CD   55 11 D8 0B 60 FA C9 54  .eO.";..U...`..T
00E0: 36 89 45 D2 6B 5A 50 5C   1D 54 1F 72 A0 EF 8E 51  6.E.kZP\.T.r...Q
00F0: C3 95 F1 F5 01 D1 A9 A3   73 1E F2 9A F9 75 44 6E  ........s....uDn

]
2024-01-26 21:34:06,030 [main] INFO  ssl.ReloadingX509KeyManager (ReloadingX509KeyManager.java:loadKeyManager(224)) - [
[
  Version: V3
  Subject: SERIALNUMBER=1, O=cluster1, OU=scm1, CN=rootCA@localhost
  Signature Algorithm: SHA256withRSA, OID = 1.2.840.113549.1.1.11

  Key:  Sun RSA public key, 2048 bits
  params: null
  modulus: 26486161779542022542184101894712489937284099114704650263713130812692273953530994637949764115511320865666754236957131139836665274690699587189947973533998783238684225367094634340113805795983464248839786790976439750385926768056086465284239128770778728175907387943071489275662711238683802229359942388945705628527763046968603211457356171088985135683879431608263723149951261776841475254841784752085058428624645483338882010468385191668854558364127148496312160496439855897610185499587642341153428399313278372575450529570345843711204568091404062144862226735628314312338342980254208104782756986683626408118386841011968813831643
  public exponent: 65537
  Validity: [From: Fri Jan 26 21:34:05 UTC 2024,
               To: Mon Mar 05 21:34:05 UTC 2029]
  Issuer: SERIALNUMBER=1, O=cluster1, OU=scm1, CN=rootCA@localhost
  SerialNumber: [    01]

Certificate Extensions: 2
[1]: ObjectId: 2.5.29.19 Criticality=true
BasicConstraints:[
  CA:true
  PathLen:2147483647
]

[2]: ObjectId: 2.5.29.15 Criticality=true
KeyUsage [
  Key_CertSign
  Crl_Sign
]

]
  Algorithm: [SHA256withRSA]
  Signature:
0000: 50 25 93 59 70 1D 1E C7   2E 7A 57 78 9E 0D B6 43  P%.Yp....zWx...C
0010: BE 8F C2 63 6A 97 53 C3   87 29 29 8A 03 79 99 64  ...cj.S..))..y.d
0020: 63 15 68 6D 89 57 A2 BB   4A AE FD AE 4F 03 2B 13  c.hm.W..J...O.+.
0030: 0C 64 AF 22 A5 7B BF E8   82 0A 15 B4 17 30 54 41  .d.".........0TA
0040: 9E 04 40 D0 E6 21 7E 29   82 4C D7 67 E8 C3 FE 07  ..@..!.).L.g....
0050: C3 9C 7B B4 6D FA F9 C8   D9 22 3C 34 65 8A 4A EC  ....m...."<4e.J.
0060: 71 59 CC FC 3A 96 83 F4   0F CC 5F F9 40 5B C8 0F  qY..:....._.@[..
0070: 0E E2 F4 4B 39 DF 3C 38   16 17 3B 9B 80 59 70 5D  ...K9.<8..;..Yp]
0080: A0 B5 4D 1C 45 01 02 24   AC 73 BD FB A8 87 61 43  ..M.E..$.s....aC
0090: 2C 61 3B BF 45 18 CC 6B   1C 5E EE 07 00 98 3A 56  ,a;.E..k.^....:V
00A0: 4D 71 00 64 D8 14 17 13   86 3D 74 14 5D B7 9F 44  Mq.d.....=t.]..D
00B0: E1 8C ED 8A A9 3B 5A 92   C5 6C A4 09 59 F2 71 BC  .....;Z..l..Y.q.
00C0: 4A EF AE EF C2 39 60 BF   48 31 E9 20 53 B0 5F C6  J....9`.H1. S._.
00D0: F6 23 6E 42 55 17 45 FA   51 98 7E C3 D4 55 BF C7  .#nBU.E.Q....U..
00E0: 41 30 C1 30 A9 53 A0 62   73 5C 22 06 ED 9E 28 DD  A0.0.S.bs\"...(.
00F0: 72 E6 D3 0D D5 69 53 05   F3 56 5A 55 68 D0 38 FE  r....iS..VZUh.8.

]
2024-01-26 21:34:06,035 [main] INFO  ssl.ReloadingX509TrustManager (ReloadingX509TrustManager.java:insertCertsToKeystore(188)) - Trust manager is loaded with certificates
2024-01-26 21:34:06,036 [main] INFO  ssl.ReloadingX509TrustManager (ReloadingX509TrustManager.java:insertCertsToKeystore(192)) - [
[
  Version: V3
  Subject: SERIALNUMBER=1, O=cluster1, OU=scm1, CN=rootCA@localhost
  Signature Algorithm: SHA256withRSA, OID = 1.2.840.113549.1.1.11

  Key:  Sun RSA public key, 2048 bits
  params: null
  modulus: 26486161779542022542184101894712489937284099114704650263713130812692273953530994637949764115511320865666754236957131139836665274690699587189947973533998783238684225367094634340113805795983464248839786790976439750385926768056086465284239128770778728175907387943071489275662711238683802229359942388945705628527763046968603211457356171088985135683879431608263723149951261776841475254841784752085058428624645483338882010468385191668854558364127148496312160496439855897610185499587642341153428399313278372575450529570345843711204568091404062144862226735628314312338342980254208104782756986683626408118386841011968813831643
  public exponent: 65537
  Validity: [From: Fri Jan 26 21:34:05 UTC 2024,
               To: Mon Mar 05 21:34:05 UTC 2029]
  Issuer: SERIALNUMBER=1, O=cluster1, OU=scm1, CN=rootCA@localhost
  SerialNumber: [    01]

Certificate Extensions: 2
[1]: ObjectId: 2.5.29.19 Criticality=true
BasicConstraints:[
  CA:true
  PathLen:2147483647
]

[2]: ObjectId: 2.5.29.15 Criticality=true
KeyUsage [
  Key_CertSign
  Crl_Sign
]

]
  Algorithm: [SHA256withRSA]
  Signature:
0000: 50 25 93 59 70 1D 1E C7   2E 7A 57 78 9E 0D B6 43  P%.Yp....zWx...C
0010: BE 8F C2 63 6A 97 53 C3   87 29 29 8A 03 79 99 64  ...cj.S..))..y.d
0020: 63 15 68 6D 89 57 A2 BB   4A AE FD AE 4F 03 2B 13  c.hm.W..J...O.+.
0030: 0C 64 AF 22 A5 7B BF E8   82 0A 15 B4 17 30 54 41  .d.".........0TA
0040: 9E 04 40 D0 E6 21 7E 29   82 4C D7 67 E8 C3 FE 07  ..@..!.).L.g....
0050: C3 9C 7B B4 6D FA F9 C8   D9 22 3C 34 65 8A 4A EC  ....m...."<4e.J.
0060: 71 59 CC FC 3A 96 83 F4   0F CC 5F F9 40 5B C8 0F  qY..:....._.@[..
0070: 0E E2 F4 4B 39 DF 3C 38   16 17 3B 9B 80 59 70 5D  ...K9.<8..;..Yp]
0080: A0 B5 4D 1C 45 01 02 24   AC 73 BD FB A8 87 61 43  ..M.E..$.s....aC
0090: 2C 61 3B BF 45 18 CC 6B   1C 5E EE 07 00 98 3A 56  ,a;.E..k.^....:V
00A0: 4D 71 00 64 D8 14 17 13   86 3D 74 14 5D B7 9F 44  Mq.d.....=t.]..D
00B0: E1 8C ED 8A A9 3B 5A 92   C5 6C A4 09 59 F2 71 BC  .....;Z..l..Y.q.
00C0: 4A EF AE EF C2 39 60 BF   48 31 E9 20 53 B0 5F C6  J....9`.H1. S._.
00D0: F6 23 6E 42 55 17 45 FA   51 98 7E C3 D4 55 BF C7  .#nBU.E.Q....U..
00E0: 41 30 C1 30 A9 53 A0 62   73 5C 22 06 ED 9E 28 DD  A0.0.S.bs\"...(.
00F0: 72 E6 D3 0D D5 69 53 05   F3 56 5A 55 68 D0 38 FE  r....iS..VZUh.8.

]
2024-01-26 21:34:06,039 [main] INFO  ssl.ReloadingX509KeyManager (ReloadingX509KeyManager.java:loadKeyManager(222)) - Key manager is loaded with certificate chain
2024-01-26 21:34:06,040 [main] INFO  ssl.ReloadingX509KeyManager (ReloadingX509KeyManager.java:loadKeyManager(224)) - [
[
  Version: V3
  Subject: SERIALNUMBER=970225538815, O=cluster1, OU=scm1, CN=localhost
  Signature Algorithm: SHA256withRSA, OID = 1.2.840.113549.1.1.11

  Key:  Sun RSA public key, 2048 bits
  params: null
  modulus: 20540489532566130720840864608583605709429772723793526585363377844965121261970693046098679066202178967945209501704169894474848869431007665662294391301981320704769101595588472536141623190581676640627211555205885201125362694900004232570133255491794544217820822221527771308337245520924586967235471430177607975910385337394121191282946231858489045798839381051011909830262818225137941076889164742038735199836054856676949650928379549488128657725821642376500869531830544567481070673634704948518839933382668843210790028949668358741342350059317556497103612838607537083413654260114718933104009800986114293721391107598999085506831
  public exponent: 65537
  Validity: [From: Fri Jan 26 21:34:05 UTC 2024,
               To: Sat Jan 25 21:34:05 UTC 2025]
  Issuer: SERIALNUMBER=1, O=cluster1, OU=scm1, CN=rootCA@localhost
  SerialNumber: [    e1e5f2d6 ff]

Certificate Extensions: 1
[1]: ObjectId: 2.5.29.15 Criticality=true
KeyUsage [
  DigitalSignature
  Key_Encipherment
  Data_Encipherment
  Key_Agreement
]

]
  Algorithm: [SHA256withRSA]
  Signature:
0000: A2 F7 F5 B6 EA ED 7A 04   16 FC 6D B3 FE 36 A9 FA  ......z...m..6..
0010: 80 1E 3A C7 BC 8C 29 A5   78 D9 9D 63 6C 9F 55 BA  ..:...).x..cl.U.
0020: 8C C7 8A 3F B4 F9 6C A4   3B 71 F6 07 F2 90 ED EB  ...?..l.;q......
0030: 7C B9 B2 F6 8F 35 C7 11   22 3D 67 F9 15 60 53 9C  .....5.."=g..`S.
0040: 5F C1 96 7B D1 FF D1 CF   23 60 51 6A 1E 66 6C 60  _.......#`Qj.fl`
0050: 96 9B D4 26 CB 6D 0B 45   D5 D0 71 5D 48 59 0E 25  ...&.m.E..q]HY.%
0060: F0 86 A2 40 5B 50 85 7E   06 A3 FF 6C A4 44 CD 7C  ...@[P.....l.D..
0070: EB 22 CB 3A AC D7 CB CB   73 50 62 03 14 7B E4 B2  .".:....sPb.....
0080: 08 44 E0 BE D9 8E AC B5   14 DA AE 88 48 94 E9 8E  .D..........H...
0090: 3E C5 1B A4 A5 A9 EE 20   F5 39 99 48 39 AB 25 4E  >...... .9.H9.%N
00A0: 24 45 00 FE 83 7F 62 1A   A6 C5 6F 0C F9 78 A2 2A  $E....b...o..x.*
00B0: 18 66 21 72 6A 83 02 78   89 6B AE 88 37 38 D1 80  .f!rj..x.k..78..
00C0: A5 85 69 13 6E 2F 7F 82   97 D8 9F 8C BF C0 58 BC  ..i.n/........X.
00D0: 02 65 4F DD 22 3B CC CD   55 11 D8 0B 60 FA C9 54  .eO.";..U...`..T
00E0: 36 89 45 D2 6B 5A 50 5C   1D 54 1F 72 A0 EF 8E 51  6.E.kZP\.T.r...Q
00F0: C3 95 F1 F5 01 D1 A9 A3   73 1E F2 9A F9 75 44 6E  ........s....uDn

]
2024-01-26 21:34:06,041 [main] INFO  ssl.ReloadingX509KeyManager (ReloadingX509KeyManager.java:loadKeyManager(224)) - [
[
  Version: V3
  Subject: SERIALNUMBER=1, O=cluster1, OU=scm1, CN=rootCA@localhost
  Signature Algorithm: SHA256withRSA, OID = 1.2.840.113549.1.1.11

  Key:  Sun RSA public key, 2048 bits
  params: null
  modulus: 26486161779542022542184101894712489937284099114704650263713130812692273953530994637949764115511320865666754236957131139836665274690699587189947973533998783238684225367094634340113805795983464248839786790976439750385926768056086465284239128770778728175907387943071489275662711238683802229359942388945705628527763046968603211457356171088985135683879431608263723149951261776841475254841784752085058428624645483338882010468385191668854558364127148496312160496439855897610185499587642341153428399313278372575450529570345843711204568091404062144862226735628314312338342980254208104782756986683626408118386841011968813831643
  public exponent: 65537
  Validity: [From: Fri Jan 26 21:34:05 UTC 2024,
               To: Mon Mar 05 21:34:05 UTC 2029]
  Issuer: SERIALNUMBER=1, O=cluster1, OU=scm1, CN=rootCA@localhost
  SerialNumber: [    01]

Certificate Extensions: 2
[1]: ObjectId: 2.5.29.19 Criticality=true
BasicConstraints:[
  CA:true
  PathLen:2147483647
]

[2]: ObjectId: 2.5.29.15 Criticality=true
KeyUsage [
  Key_CertSign
  Crl_Sign
]

]
  Algorithm: [SHA256withRSA]
  Signature:
0000: 50 25 93 59 70 1D 1E C7   2E 7A 57 78 9E 0D B6 43  P%.Yp....zWx...C
0010: BE 8F C2 63 6A 97 53 C3   87 29 29 8A 03 79 99 64  ...cj.S..))..y.d
0020: 63 15 68 6D 89 57 A2 BB   4A AE FD AE 4F 03 2B 13  c.hm.W..J...O.+.
0030: 0C 64 AF 22 A5 7B BF E8   82 0A 15 B4 17 30 54 41  .d.".........0TA
0040: 9E 04 40 D0 E6 21 7E 29   82 4C D7 67 E8 C3 FE 07  ..@..!.).L.g....
0050: C3 9C 7B B4 6D FA F9 C8   D9 22 3C 34 65 8A 4A EC  ....m...."<4e.J.
0060: 71 59 CC FC 3A 96 83 F4   0F CC 5F F9 40 5B C8 0F  qY..:....._.@[..
0070: 0E E2 F4 4B 39 DF 3C 38   16 17 3B 9B 80 59 70 5D  ...K9.<8..;..Yp]
0080: A0 B5 4D 1C 45 01 02 24   AC 73 BD FB A8 87 61 43  ..M.E..$.s....aC
0090: 2C 61 3B BF 45 18 CC 6B   1C 5E EE 07 00 98 3A 56  ,a;.E..k.^....:V
00A0: 4D 71 00 64 D8 14 17 13   86 3D 74 14 5D B7 9F 44  Mq.d.....=t.]..D
00B0: E1 8C ED 8A A9 3B 5A 92   C5 6C A4 09 59 F2 71 BC  .....;Z..l..Y.q.
00C0: 4A EF AE EF C2 39 60 BF   48 31 E9 20 53 B0 5F C6  J....9`.H1. S._.
00D0: F6 23 6E 42 55 17 45 FA   51 98 7E C3 D4 55 BF C7  .#nBU.E.Q....U..
00E0: 41 30 C1 30 A9 53 A0 62   73 5C 22 06 ED 9E 28 DD  A0.0.S.bs\"...(.
00F0: 72 E6 D3 0D D5 69 53 05   F3 56 5A 55 68 D0 38 FE  r....iS..VZUh.8.

]
2024-01-26 21:34:06,043 [main] INFO  ssl.ReloadingX509TrustManager (ReloadingX509TrustManager.java:insertCertsToKeystore(188)) - Trust manager is loaded with certificates
2024-01-26 21:34:06,044 [main] INFO  ssl.ReloadingX509TrustManager (ReloadingX509TrustManager.java:insertCertsToKeystore(192)) - [
[
  Version: V3
  Subject: SERIALNUMBER=1, O=cluster1, OU=scm1, CN=rootCA@localhost
  Signature Algorithm: SHA256withRSA, OID = 1.2.840.113549.1.1.11

  Key:  Sun RSA public key, 2048 bits
  params: null
  modulus: 26486161779542022542184101894712489937284099114704650263713130812692273953530994637949764115511320865666754236957131139836665274690699587189947973533998783238684225367094634340113805795983464248839786790976439750385926768056086465284239128770778728175907387943071489275662711238683802229359942388945705628527763046968603211457356171088985135683879431608263723149951261776841475254841784752085058428624645483338882010468385191668854558364127148496312160496439855897610185499587642341153428399313278372575450529570345843711204568091404062144862226735628314312338342980254208104782756986683626408118386841011968813831643
  public exponent: 65537
  Validity: [From: Fri Jan 26 21:34:05 UTC 2024,
               To: Mon Mar 05 21:34:05 UTC 2029]
  Issuer: SERIALNUMBER=1, O=cluster1, OU=scm1, CN=rootCA@localhost
  SerialNumber: [    01]

Certificate Extensions: 2
[1]: ObjectId: 2.5.29.19 Criticality=true
BasicConstraints:[
  CA:true
  PathLen:2147483647
]

[2]: ObjectId: 2.5.29.15 Criticality=true
KeyUsage [
  Key_CertSign
  Crl_Sign
]

]
  Algorithm: [SHA256withRSA]
  Signature:
0000: 50 25 93 59 70 1D 1E C7   2E 7A 57 78 9E 0D B6 43  P%.Yp....zWx...C
0010: BE 8F C2 63 6A 97 53 C3   87 29 29 8A 03 79 99 64  ...cj.S..))..y.d
0020: 63 15 68 6D 89 57 A2 BB   4A AE FD AE 4F 03 2B 13  c.hm.W..J...O.+.
0030: 0C 64 AF 22 A5 7B BF E8   82 0A 15 B4 17 30 54 41  .d.".........0TA
0040: 9E 04 40 D0 E6 21 7E 29   82 4C D7 67 E8 C3 FE 07  ..@..!.).L.g....
0050: C3 9C 7B B4 6D FA F9 C8   D9 22 3C 34 65 8A 4A EC  ....m...."<4e.J.
0060: 71 59 CC FC 3A 96 83 F4   0F CC 5F F9 40 5B C8 0F  qY..:....._.@[..
0070: 0E E2 F4 4B 39 DF 3C 38   16 17 3B 9B 80 59 70 5D  ...K9.<8..;..Yp]
0080: A0 B5 4D 1C 45 01 02 24   AC 73 BD FB A8 87 61 43  ..M.E..$.s....aC
0090: 2C 61 3B BF 45 18 CC 6B   1C 5E EE 07 00 98 3A 56  ,a;.E..k.^....:V
00A0: 4D 71 00 64 D8 14 17 13   86 3D 74 14 5D B7 9F 44  Mq.d.....=t.]..D
00B0: E1 8C ED 8A A9 3B 5A 92   C5 6C A4 09 59 F2 71 BC  .....;Z..l..Y.q.
00C0: 4A EF AE EF C2 39 60 BF   48 31 E9 20 53 B0 5F C6  J....9`.H1. S._.
00D0: F6 23 6E 42 55 17 45 FA   51 98 7E C3 D4 55 BF C7  .#nBU.E.Q....U..
00E0: 41 30 C1 30 A9 53 A0 62   73 5C 22 06 ED 9E 28 DD  A0.0.S.bs\"...(.
00F0: 72 E6 D3 0D D5 69 53 05   F3 56 5A 55 68 D0 38 FE  r....iS..VZUh.8.

]
2024-01-26 21:34:06,101 [main] WARN  server.ServerUtils (ServerUtils.java:getScmDbDir(155)) - ozone.scm.db.dirs is not configured. We recommend adding this setting. Falling back to ozone.metadata.dirs instead.
2024-01-26 21:34:06,335 [main] WARN  server.ServerUtils (ServerUtils.java:getScmDbDir(155)) - ozone.scm.db.dirs is not configured. We recommend adding this setting. Falling back to ozone.metadata.dirs instead.
2024-01-26 21:34:06,339 [main] INFO  ha.SCMHANodeDetails (SCMHANodeDetails.java:loadSCMHAConfig(207)) - ServiceID for StorageContainerManager is null
2024-01-26 21:34:06,346 [main] WARN  ha.SCMHANodeDetails (SCMHANodeDetails.java:validateSCMHAConfig(180)) - Default/Configured value of config ozone.scm.ratis.enable conflicts with the expected value. Default/Configured: true. Expected: false. Falling back to the expected value. Current State of SCM: SCM is running without Ratis. Ratis SCM -> Non Ratis SCM is not supported.
2024-01-26 21:34:06,347 [main] INFO  ha.SCMHANodeDetails (SCMHANodeDetails.java:loadSCMHAConfig(212)) - ozone.scm.default.service.id is not defined, falling back to ozone.scm.service.ids to find serviceID for StorageContainerManager if it is HA enabled cluster
2024-01-26 21:34:06,614 [main] WARN  utils.HAUtils (HAUtils.java:getMetaDir(339)) - ozone.scm.db.dirs is not configured. We recommend adding this setting. Falling back to ozone.metadata.dirs instead.
2024-01-26 21:34:06,733 [main] WARN  db.DBStoreBuilder (DBStoreBuilder.java:applyDBDefinition(170)) - ozone.scm.db.dirs is not configured. We recommend adding this setting. Falling back to ozone.metadata.dirs instead.
2024-01-26 21:34:06,741 [main] INFO  utils.LeakDetector (LeakDetector.java:start(73)) - Starting leak detector thread ManagedRocksObject0.
2024-01-26 21:34:06,908 [main] INFO  net.NodeSchemaLoader (NodeSchemaLoader.java:loadSchemaFromFile(129)) - Loading schema from [jar:file:/home/runner/.m2/repository/org/apache/ozone/hdds-common/1.5.0-SNAPSHOT/hdds-common-1.5.0-SNAPSHOT.jar!/network-topology-default.xml]
2024-01-26 21:34:06,910 [main] INFO  net.NodeSchemaLoader (NodeSchemaLoader.java:loadSchema(176)) - Loading network topology layer schema file
2024-01-26 21:34:06,945 [main] INFO  metrics.MetricRegistries (MetricRegistriesLoader.java:load(64)) - Loaded MetricRegistries class org.apache.ratis.metrics.dropwizard3.Dm3MetricRegistriesImpl
2024-01-26 21:34:06,957 [main] INFO  upgrade.AbstractLayoutVersionManager (AbstractLayoutVersionManager.java:init(83)) - Initializing Layout version manager with metadata layout = HADOOP_PRC_PORTS_IN_DATANODEDETAILS (version = 7), software layout = HADOOP_PRC_PORTS_IN_DATANODEDETAILS (version = 7)
2024-01-26 21:34:07,048 [main] INFO  ha.SequenceIdGenerator (SequenceIdGenerator.java:upgradeToSequenceId(370)) - upgrade localId to 113750153625600000
2024-01-26 21:34:07,051 [main] INFO  ha.SequenceIdGenerator (SequenceIdGenerator.java:upgradeToSequenceId(380)) - upgrade delTxnId to 0
2024-01-26 21:34:07,058 [main] INFO  ha.SequenceIdGenerator (SequenceIdGenerator.java:upgradeToSequenceId(397)) - upgrade containerId to 0
2024-01-26 21:34:07,061 [main] INFO  ha.SequenceIdGenerator (SequenceIdGenerator.java:upgradeToCertificateSequenceId(444)) - upgrade CertificateId to 2
2024-01-26 21:34:07,063 [main] INFO  ha.SequenceIdGenerator (SequenceIdGenerator.java:<init>(241)) - Init the HA SequenceIdGenerator.
2024-01-26 21:34:07,102 [main] WARN  server.ServerUtils (ServerUtils.java:sanitizeUserArgs(80)) - ozone.scm.stale.node.interval value = 300000 is larger than max = 100000 based on the key value of ozone.scm.heartbeat.thread.interval, reset to the max value 100000.
2024-01-26 21:34:07,102 [main] WARN  server.ServerUtils (ServerUtils.java:sanitizeUserArgs(80)) - ozone.scm.stale.node.interval value = 300000 is larger than max = 100000 based on the key value of ozone.scm.heartbeat.thread.interval, reset to the max value 100000.
2024-01-26 21:34:07,107 [main] INFO  node.SCMNodeManager (SCMNodeManager.java:<init>(177)) - Entering startup safe mode.
2024-01-26 21:34:07,117 [main] INFO  algorithms.ContainerPlacementPolicyFactory (ContainerPlacementPolicyFactory.java:getPolicyInternal(86)) - Create container placement policy of type org.apache.hadoop.hdds.scm.container.placement.algorithms.SCMContainerPlacementRackAware
2024-01-26 21:34:07,120 [main] INFO  algorithms.ContainerPlacementPolicyFactory (ContainerPlacementPolicyFactory.java:getPolicyInternal(86)) - Create container placement policy of type org.apache.hadoop.hdds.scm.container.placement.algorithms.SCMContainerPlacementRackScatter
2024-01-26 21:34:07,126 [main] INFO  pipeline.PipelineStateManagerImpl (PipelineStateManagerImpl.java:initialize(78)) - No pipeline exists in current db
2024-01-26 21:34:07,135 [main] INFO  algorithms.LeaderChoosePolicyFactory (LeaderChoosePolicyFactory.java:getPolicy(57)) - Create leader choose policy of type org.apache.hadoop.hdds.scm.pipeline.leader.choose.algorithms.MinLeaderCountChoosePolicy
2024-01-26 21:34:07,136 [main] INFO  algorithms.ContainerPlacementPolicyFactory (ContainerPlacementPolicyFactory.java:getPolicyInternal(86)) - Create container placement policy of type org.apache.hadoop.hdds.scm.container.placement.algorithms.SCMContainerPlacementRackScatter
2024-01-26 21:34:07,140 [main] INFO  ha.SCMServiceManager (SCMServiceManager.java:register(42)) - Registering service BackgroundPipelineCreator.
2024-01-26 21:34:07,140 [main] INFO  pipeline.BackgroundPipelineCreator (BackgroundPipelineCreator.java:start(127)) - Starting RatisPipelineUtilsThread.
2024-01-26 21:34:07,144 [main] INFO  BackgroundPipelineScrubber (BackgroundSCMService.java:start(68)) - Starting BackgroundPipelineScrubber Service.
2024-01-26 21:34:07,144 [main] INFO  ha.SCMServiceManager (SCMServiceManager.java:register(42)) - Registering service BackgroundPipelineScrubber.
2024-01-26 21:34:07,150 [main] INFO  ExpiredContainerReplicaOpScrubber (BackgroundSCMService.java:start(68)) - Starting ExpiredContainerReplicaOpScrubber Service.
2024-01-26 21:34:07,151 [main] INFO  ha.SCMServiceManager (SCMServiceManager.java:register(42)) - Registering service ExpiredContainerReplicaOpScrubber.
2024-01-26 21:34:07,171 [main] INFO  algorithms.PipelineChoosePolicyFactory (PipelineChoosePolicyFactory.java:createPipelineChoosePolicyFromClass(80)) - Create pipeline choose policy of type org.apache.hadoop.hdds.scm.pipeline.choose.algorithms.RandomPipelineChoosePolicy
2024-01-26 21:34:07,171 [main] INFO  algorithms.PipelineChoosePolicyFactory (PipelineChoosePolicyFactory.java:createPipelineChoosePolicyFromClass(80)) - Create pipeline choose policy of type org.apache.hadoop.hdds.scm.pipeline.choose.algorithms.RandomPipelineChoosePolicy
2024-01-26 21:34:07,193 [main] INFO  ha.SCMServiceManager (SCMServiceManager.java:register(42)) - Registering service SCMBlockDeletingService.
2024-01-26 21:34:07,262 [main] INFO  replication.ReplicationManager (ReplicationManager.java:start(294)) - Starting Replication Monitor Thread.
2024-01-26 21:34:07,263 [main] INFO  ha.SCMServiceManager (SCMServiceManager.java:register(42)) - Registering service ReplicationManager.
2024-01-26 21:34:07,263 [ReplicationMonitor] INFO  replication.ReplicationManager (ReplicationManager.java:processAll(369)) - Replication Manager is not ready to run until 3000ms after safemode exit
2024-01-26 21:34:07,276 [main] INFO  safemode.ContainerSafeModeRule (ContainerSafeModeRule.java:<init>(91)) - containers with one replica threshold count 0
2024-01-26 21:34:07,281 [main] INFO  safemode.HealthyPipelineSafeModeRule (HealthyPipelineSafeModeRule.java:initializeRule(176)) - Total pipeline count is 0, healthy pipeline threshold count is 1
2024-01-26 21:34:07,283 [main] INFO  safemode.OneReplicaPipelineSafeModeRule (OneReplicaPipelineSafeModeRule.java:initializeRule(193)) - Total pipeline count is 0, pipeline's with at least one datanode reported threshold count is 0
2024-01-26 21:34:07,316 [main] INFO  server.StorageContainerManager (StorageContainerManager.java:<init>(440)) - SCM start with adminUsers: [runner]
2024-01-26 21:34:07,335 [main] INFO  audit.AuditLogger (AuditLogger.java:refreshDebugCmdSet(130)) - Refresh DebugCmdSet for SCMAudit to [].
2024-01-26 21:34:07,360 [main] INFO  ipc.CallQueueManager (CallQueueManager.java:<init>(90)) - Using callQueue: class java.util.concurrent.LinkedBlockingQueue, queueCapacity: 10000, scheduler: class org.apache.hadoop.ipc.DefaultRpcScheduler, ipcBackoff: false.
2024-01-26 21:34:07,386 [main] INFO  ipc.Server (Server.java:<init>(1287)) - Listener at 0.0.0.0:15002
2024-01-26 21:34:07,389 [Socket Reader #1 for port 15002] INFO  ipc.Server (Server.java:run(1323)) - Starting Socket Reader #1 for port 15002
2024-01-26 21:34:07,442 [main] INFO  audit.AuditLogger (AuditLogger.java:refreshDebugCmdSet(130)) - Refresh DebugCmdSet for SCMAudit to [].
2024-01-26 21:34:07,447 [main] INFO  ipc.CallQueueManager (CallQueueManager.java:<init>(90)) - Using callQueue: class java.util.concurrent.LinkedBlockingQueue, queueCapacity: 10000, scheduler: class org.apache.hadoop.ipc.DefaultRpcScheduler, ipcBackoff: false.
2024-01-26 21:34:07,448 [main] INFO  ipc.Server (Server.java:<init>(1287)) - Listener at 0.0.0.0:15001
2024-01-26 21:34:07,449 [Socket Reader #1 for port 15001] INFO  ipc.Server (Server.java:run(1323)) - Starting Socket Reader #1 for port 15001
2024-01-26 21:34:07,478 [main] INFO  audit.AuditLogger (AuditLogger.java:refreshDebugCmdSet(130)) - Refresh DebugCmdSet for SCMAudit to [].
2024-01-26 21:34:07,490 [main] INFO  ipc.CallQueueManager (CallQueueManager.java:<init>(90)) - Using callQueue: class java.util.concurrent.LinkedBlockingQueue, queueCapacity: 10000, scheduler: class org.apache.hadoop.ipc.DefaultRpcScheduler, ipcBackoff: false.
2024-01-26 21:34:07,491 [main] INFO  ipc.Server (Server.java:<init>(1287)) - Listener at 0.0.0.0:15000
2024-01-26 21:34:07,493 [Socket Reader #1 for port 15000] INFO  ipc.Server (Server.java:run(1323)) - Starting Socket Reader #1 for port 15000
2024-01-26 21:34:07,536 [main] INFO  ha.SCMServiceManager (SCMServiceManager.java:register(42)) - Registering service ContainerBalancer.
2024-01-26 21:34:07,537 [main] INFO  server.StorageContainerManager (StorageContainerManager.java:<init>(453)) - 
Container Balancer status:
Key                            Value
Running                        false
Container Balancer Configuration values:
Key                                                Value
Threshold                                          10
Max Datanodes to Involve per Iteration(percent)    20
Max Size to Move per Iteration                     500GB
Max Size Entering Target per Iteration             26GB
Max Size Leaving Source per Iteration              26GB
Number of Iterations                               10
Time Limit for Single Container's Movement         65min
Time Limit for Single Container's Replication      50min
Interval between each Iteration                    70min
Whether to Enable Network Topology                 false
Whether to Trigger Refresh Datanode Usage Info     false
Container IDs to Exclude from Balancing            None
Datanodes Specified to be Balanced                 None
Datanodes Excluded from Balancing                  None

2024-01-26 21:34:07,538 [main] INFO  ha.SCMContext (SCMContext.java:updateSafeModeStatus(230)) - Update SafeModeStatus from SafeModeStatus{safeModeStatus=true, preCheckPassed=false} to SafeModeStatus{safeModeStatus=true, preCheckPassed=false}.
2024-01-26 21:34:07,540 [main] INFO  server.StorageContainerManager (StorageContainerManager.java:start(1546)) - StorageContainerLocationProtocol RPC server is listening at /0.0.0.0:15000
2024-01-26 21:34:07,603 [main] WARN  impl.MetricsConfig (MetricsConfig.java:loadFirst(136)) - Cannot locate configuration: tried hadoop-metrics2-storagecontainermanager.properties,hadoop-metrics2.properties
2024-01-26 21:34:07,616 [main] INFO  impl.MetricsSystemImpl (MetricsSystemImpl.java:startTimer(378)) - Scheduled Metric snapshot period at 10 second(s).
2024-01-26 21:34:07,616 [main] INFO  impl.MetricsSystemImpl (MetricsSystemImpl.java:start(191)) - StorageContainerManager metrics system started
2024-01-26 21:34:07,689 [main] INFO  server.SCMClientProtocolServer (SCMClientProtocolServer.java:start(203)) - RPC server for Client  is listening at /0.0.0.0:15000
2024-01-26 21:34:07,691 [IPC Server Responder] INFO  ipc.Server (Server.java:run(1562)) - IPC Server Responder: starting
2024-01-26 21:34:07,698 [IPC Server listener on 15000] INFO  ipc.Server (Server.java:run(1402)) - IPC Server listener on 15000: starting
2024-01-26 21:34:07,819 [main] INFO  server.StorageContainerManager (StorageContainerManager.java:start(1559)) - ScmBlockLocationProtocol RPC server is listening at /0.0.0.0:15001
2024-01-26 21:34:07,822 [main] INFO  server.SCMBlockProtocolServer (SCMBlockProtocolServer.java:start(160)) - RPC server for Block Protocol is listening at /0.0.0.0:15001
2024-01-26 21:34:07,835 [IPC Server Responder] INFO  ipc.Server (Server.java:run(1562)) - IPC Server Responder: starting
2024-01-26 21:34:07,835 [IPC Server listener on 15001] INFO  ipc.Server (Server.java:run(1402)) - IPC Server listener on 15001: starting
2024-01-26 21:34:07,857 [main] INFO  server.SCMDatanodeProtocolServer (SCMDatanodeProtocolServer.java:start(194)) - ScmDatanodeProtocol RPC server for DataNodes is listening at /0.0.0.0:15002
2024-01-26 21:34:07,858 [IPC Server Responder] INFO  ipc.Server (Server.java:run(1562)) - IPC Server Responder: starting
2024-01-26 21:34:07,858 [IPC Server listener on 15002] INFO  ipc.Server (Server.java:run(1402)) - IPC Server listener on 15002: starting
2024-01-26 21:34:07,882 [JvmPauseMonitor0] INFO  util.JvmPauseMonitor (JvmPauseMonitor.java:run(146)) - JvmPauseMonitor-6e91075e-91c0-43a6-93e4-e56ad5ecf202: Started
2024-01-26 21:34:07,896 [main] INFO  http.BaseHttpServer (BaseHttpServer.java:newHttpServer2BuilderForOzone(223)) - Starting Web-server for scm at: http://0.0.0.0:15003
2024-01-26 21:34:07,896 [main] INFO  http.BaseHttpServer (BaseHttpServer.java:<init>(110)) - Hadoop Security Enabled: false Ozone Security Enabled: false Ozone HTTP Security Enabled: false 
2024-01-26 21:34:07,916 [main] INFO  util.log (Log.java:initialized(170)) - Logging initialized @5085ms to org.eclipse.jetty.util.log.Slf4jLog
2024-01-26 21:34:08,004 [main] WARN  server.AuthenticationFilter (AuthenticationFilter.java:constructSecretProvider(240)) - Unable to initialize FileSignerSecretProvider, falling back to use random secrets. Reason: Could not read signature secret file: /home/runner/hadoop-http-auth-signature-secret
2024-01-26 21:34:08,009 [main] INFO  http.HttpRequestLog (HttpRequestLog.java:getRequestLog(86)) - Http request log for http.requests.scm is not defined
2024-01-26 21:34:08,015 [main] INFO  http.HttpServer2 (HttpServer2.java:addGlobalFilter(1036)) - Added global filter 'safety' (class=org.apache.hadoop.hdds.server.http.HttpServer2$QuotingInputFilter)
2024-01-26 21:34:08,018 [main] INFO  http.HttpServer2 (HttpServer2.java:addFilter(1012)) - Added filter static_user_filter (class=org.apache.hadoop.http.lib.StaticUserWebFilter$StaticUserFilter) to context scm
2024-01-26 21:34:08,019 [main] INFO  http.HttpServer2 (HttpServer2.java:addFilter(1020)) - Added filter static_user_filter (class=org.apache.hadoop.http.lib.StaticUserWebFilter$StaticUserFilter) to context logs
2024-01-26 21:34:08,019 [main] INFO  http.HttpServer2 (HttpServer2.java:addFilter(1020)) - Added filter static_user_filter (class=org.apache.hadoop.http.lib.StaticUserWebFilter$StaticUserFilter) to context static
2024-01-26 21:34:08,049 [main] INFO  http.BaseHttpServer (BaseHttpServer.java:<init>(189)) - HTTP server of scm uses base directory /home/runner/work/ozone/ozone/hadoop-ozone/integration-test/target/test-dir/MiniOzoneClusterImpl-1af845c4-9ad0-4304-ad21-7f4426eccdbd/ozone-meta/webserver
2024-01-26 21:34:08,050 [main] INFO  http.HttpServer2 (HttpServer2.java:bindListener(1236)) - Jetty bound to port 15003
2024-01-26 21:34:08,051 [main] INFO  server.Server (Server.java:doStart(375)) - jetty-9.4.53.v20231009; built: 2023-10-09T12:29:09.265Z; git: 27bde00a0b95a1d5bbee0eae7984f891d2d0f8c9; jvm 1.8.0_392-b08
2024-01-26 21:34:08,069 [main] INFO  server.session (DefaultSessionIdManager.java:doStart(334)) - DefaultSessionIdManager workerName=node0
2024-01-26 21:34:08,069 [main] INFO  server.session (DefaultSessionIdManager.java:doStart(339)) - No SessionScavenger set, using defaults
2024-01-26 21:34:08,070 [main] INFO  server.session (HouseKeeper.java:startScavenging(132)) - node0 Scavenging every 660000ms
2024-01-26 21:34:08,079 [main] INFO  handler.ContextHandler (ContextHandler.java:doStart(921)) - Started o.e.j.s.ServletContextHandler@63100783{logs,/logs,file:///home/runner/work/ozone/ozone/hadoop-ozone/integration-test/target/log,AVAILABLE}
2024-01-26 21:34:08,079 [main] INFO  handler.ContextHandler (ContextHandler.java:doStart(921)) - Started o.e.j.s.ServletContextHandler@e944541{static,/static,file:///home/runner/work/ozone/ozone/hadoop-ozone/integration-test/target/test-classes/webapps/static,AVAILABLE}
2024-01-26 21:34:08,111 [main] INFO  handler.ContextHandler (ContextHandler.java:doStart(921)) - Started o.e.j.w.WebAppContext@12ce9299{scm,/,file:///home/runner/work/ozone/ozone/hadoop-ozone/integration-test/target/test-classes/webapps/scm/,AVAILABLE}{file:/home/runner/work/ozone/ozone/hadoop-ozone/integration-test/target/test-classes/webapps/scm}
2024-01-26 21:34:08,118 [main] INFO  server.AbstractConnector (AbstractConnector.java:doStart(333)) - Started ServerConnector@1ff359b7{HTTP/1.1, (http/1.1)}{0.0.0.0:15003}
2024-01-26 21:34:08,119 [main] INFO  server.Server (Server.java:doStart(415)) - Started @5287ms
2024-01-26 21:34:08,121 [main] INFO  impl.MetricsSinkAdapter (MetricsSinkAdapter.java:start(204)) - Sink prometheus started
2024-01-26 21:34:08,122 [main] INFO  impl.MetricsSystemImpl (MetricsSystemImpl.java:registerSink(305)) - Registered sink prometheus
2024-01-26 21:34:08,123 [main] INFO  http.BaseHttpServer (BaseHttpServer.java:updateConnectorAddress(354)) - HTTP server of scm listening at http://0.0.0.0:15003
2024-01-26 21:34:08,125 [main] WARN  server.ServerUtils (ServerUtils.java:getDBPath(311)) - ozone.om.db.dirs is not configured. We recommend adding this setting. Falling back to ozone.metadata.dirs instead.
2024-01-26 21:34:08,131 [main] INFO  ha.OMHANodeDetails (OMHANodeDetails.java:loadOMHAConfig(115)) - ozone.om.internal.service.id is not defined, falling back to ozone.om.service.ids to find serviceID for OzoneManager if it is HA enabled cluster
2024-01-26 21:34:08,134 [main] INFO  ha.OMHANodeDetails (OMHANodeDetails.java:loadOMHAConfig(226)) - Configuration does not have ozone.om.address set. Falling back to the default OM address /127.0.0.1:15004
2024-01-26 21:34:08,134 [main] INFO  ha.OMHANodeDetails (OMHANodeDetails.java:getOMNodeDetailsForNonHA(254)) - OM Service ID is not set. Setting it to the default ID: omServiceIdDefault
2024-01-26 21:34:08,135 [main] INFO  ha.OMHANodeDetails (OMHANodeDetails.java:getOMNodeDetailsForNonHA(261)) - OM Node ID is not set. Setting it to the default ID: om1
2024-01-26 21:34:08,137 [main] WARN  server.ServerUtils (ServerUtils.java:getDBPath(311)) - ozone.om.db.dirs is not configured. We recommend adding this setting. Falling back to ozone.metadata.dirs instead.
2024-01-26 21:34:08,141 [main] INFO  upgrade.AbstractLayoutVersionManager (AbstractLayoutVersionManager.java:init(83)) - Initializing Layout version manager with metadata layout = QUOTA (version = 6), software layout = QUOTA (version = 6)
2024-01-26 21:34:08,205 [main] INFO  upgrade.OMLayoutVersionManager (OMLayoutVersionManager.java:lambda$0(113)) - Skipping Upgrade Action MockOmUpgradeAction since it has been finalized.
2024-01-26 21:34:08,205 [main] INFO  upgrade.OMLayoutVersionManager (OMLayoutVersionManager.java:lambda$0(113)) - Skipping Upgrade Action QuotaRepairUpgradeAction since it has been finalized.
2024-01-26 21:34:08,209 [main] WARN  server.ServerUtils (ServerUtils.java:getDBPath(311)) - ozone.om.db.dirs is not configured. We recommend adding this setting. Falling back to ozone.metadata.dirs instead.
2024-01-26 21:34:08,343 [main] INFO  proxy.SCMBlockLocationFailoverProxyProvider (SCMBlockLocationFailoverProxyProvider.java:<init>(115)) - Created block location fail-over proxy with 1 nodes: [nodeId=scmNodeId,nodeAddress=/0.0.0.0:15001]
2024-01-26 21:34:08,405 [main] INFO  om.OzoneManager (OzoneManager.java:<init>(673)) - OM start with adminUsers: [runner]
2024-01-26 21:34:08,421 [main] WARN  server.ServerUtils (ServerUtils.java:getDBPath(311)) - ozone.om.db.dirs is not configured. We recommend adding this setting. Falling back to ozone.metadata.dirs instead.
2024-01-26 21:34:08,443 [main] INFO  helpers.OmKeyInfo (OmKeyInfo.java:getCodec(71)) - OmKeyInfo.getCodec ignorePipeline = true
2024-01-26 21:34:08,695 [main] INFO  om.OzoneManager (OzoneManager.java:instantiateServices(805)) - S3 Multi-Tenancy is disabled
2024-01-26 21:34:08,704 [main] INFO  security.OzoneSecretStore (OzoneSecretStore.java:loadState(69)) - Loaded 0 tokens
2024-01-26 21:34:08,704 [main] INFO  security.OzoneDelegationTokenSecretManager (OzoneDelegationTokenSecretManager.java:loadTokenSecretState(514)) - Loading token state into token manager.
2024-01-26 21:34:08,725 [main] INFO  om.OmSnapshotManager (OmSnapshotManager.java:<init>(176)) - Ozone filesystem snapshot feature is enabled.
2024-01-26 21:34:08,732 [main] WARN  server.ServerUtils (ServerUtils.java:getDBPath(311)) - ozone.om.snapshot.diff.db.dir is not configured. We recommend adding this setting. Falling back to ozone.metadata.dirs instead.
2024-01-26 21:34:08,763 [main] INFO  utils.NativeLibraryLoader (NativeLibraryLoader.java:loadLibrary(108)) - Loading Library: ozone_rocksdb_tools
2024-01-26 21:34:08,764 [main] INFO  snapshot.SnapshotDiffManager (SnapshotDiffManager.java:closeExecutorService(1688)) - Shutting down executorService: 'SstDumpToolExecutor'
2024-01-26 21:34:08,817 [main] INFO  om.OzoneManager (OzoneManager.java:addS3GVolumeToDB(4429)) - Created Volume s3v With Owner runner required for S3Gateway operations.
2024-01-26 21:34:08,864 [main] WARN  server.ServerUtils (ServerUtils.java:getDefaultRatisDirectory(323)) - Storage directory for Ratis is not configured. It is a good idea to map this to an SSD disk. Falling back to ozone.metadata.dirs
2024-01-26 21:34:08,865 [main] WARN  utils.OzoneManagerRatisUtils (OzoneManagerRatisUtils.java:getOMRatisSnapshotDirectory(473)) - ozone.om.ratis.snapshot.dir is not configured. Falling back to ozone.metadata.dirs config
2024-01-26 21:34:08,875 [main] WARN  server.ServerUtils (ServerUtils.java:getDefaultRatisDirectory(323)) - Storage directory for Ratis is not configured. It is a good idea to map this to an SSD disk. Falling back to ozone.metadata.dirs
2024-01-26 21:34:08,892 [main] INFO  ratis.OzoneManagerRatisServer (OzoneManagerRatisServer.java:<init>(167)) - Instantiating OM Ratis server with groupID: omServiceIdDefault and peers: localhost:15007
2024-01-26 21:34:08,899 [main] INFO  ratis.OzoneManagerStateMachine (OzoneManagerStateMachine.java:loadSnapshotInfoFromDB(576)) - TransactionInfo not found in OM DB.
2024-01-26 21:34:08,943 [main] INFO  server.RaftServer (ConfUtils.java:logGet(46)) - raft.rpc.type = GRPC (default)
2024-01-26 21:34:08,950 [main] INFO  grpc.GrpcConfigKeys (ConfUtils.java:logFallback(53)) - raft.grpc.admin.host = null (fallback to raft.grpc.server.host)
2024-01-26 21:34:08,951 [main] INFO  grpc.GrpcConfigKeys (ConfUtils.java:logFallback(53)) - raft.grpc.admin.port = 15007 (fallback to raft.grpc.server.port)
2024-01-26 21:34:08,951 [main] INFO  grpc.GrpcConfigKeys (ConfUtils.java:logFallback(53)) - raft.grpc.client.host = null (fallback to raft.grpc.server.host)
2024-01-26 21:34:08,952 [main] INFO  grpc.GrpcConfigKeys (ConfUtils.java:logFallback(53)) - raft.grpc.client.port = 15007 (fallback to raft.grpc.server.port)
2024-01-26 21:34:08,952 [main] INFO  grpc.GrpcConfigKeys (ConfUtils.java:logGet(46)) - raft.grpc.server.host = null (default)
2024-01-26 21:34:08,952 [main] INFO  grpc.GrpcConfigKeys (ConfUtils.java:logGet(46)) - raft.grpc.server.port = 15007 (custom)
2024-01-26 21:34:08,953 [main] INFO  server.GrpcService (ConfUtils.java:logGet(46)) - raft.grpc.message.size.max = 4194304 (custom)
2024-01-26 21:34:08,953 [main] INFO  server.RaftServerConfigKeys (ConfUtils.java:logGet(46)) - raft.server.log.appender.buffer.byte-limit = 4194304 (custom)
2024-01-26 21:34:08,954 [main] INFO  server.GrpcService (ConfUtils.java:logGet(46)) - raft.grpc.flow.control.window = 1MB (=1048576) (default)
2024-01-26 21:34:08,954 [main] INFO  server.RaftServerConfigKeys (ConfUtils.java:logGet(46)) - raft.server.rpc.request.timeout = 3000ms (default)
2024-01-26 21:34:08,961 [main] INFO  grpc.GrpcConfigKeys (ConfUtils.java:logGet(46)) - raft.grpc.server.heartbeat.channel = true (default)
2024-01-26 21:34:08,963 [main] INFO  grpc.GrpcConfigKeys (ConfUtils.java:logGet(46)) - raft.grpc.server.async.request.thread.pool.cached = true (default)
2024-01-26 21:34:08,964 [main] INFO  grpc.GrpcConfigKeys (ConfUtils.java:logGet(46)) - raft.grpc.server.async.request.thread.pool.size = 32 (default)
2024-01-26 21:34:09,231 [main] INFO  impl.DataStreamServerImpl (ConfUtils.java:logGet(46)) - raft.datastream.type = DISABLED (default)
2024-01-26 21:34:09,232 [main] INFO  server.RaftServerConfigKeys (ConfUtils.java:logGet(46)) - raft.server.sleep.deviation.threshold = 300ms (default)
2024-01-26 21:34:09,233 [main] INFO  server.RaftServerConfigKeys (ConfUtils.java:logGet(46)) - raft.server.close.threshold = 60s (default)
2024-01-26 21:34:09,233 [main] INFO  server.RaftServerConfigKeys (ConfUtils.java:logGet(46)) - raft.server.leaderelection.leader.step-down.wait-time = 10s (default)
2024-01-26 21:34:09,234 [main] INFO  server.RaftServerConfigKeys (ConfUtils.java:logGet(46)) - raft.server.storage.dir = [/home/runner/work/ozone/ozone/hadoop-ozone/integration-test/target/test-dir/MiniOzoneClusterImpl-1af845c4-9ad0-4304-ad21-7f4426eccdbd/ozone-meta/ratis] (custom)
2024-01-26 21:34:09,235 [main] INFO  server.RaftServerConfigKeys (ConfUtils.java:logGet(46)) - raft.server.threadpool.proxy.cached = true (default)
2024-01-26 21:34:09,236 [main] INFO  server.RaftServerConfigKeys (ConfUtils.java:logGet(46)) - raft.server.threadpool.proxy.size = 0 (default)
2024-01-26 21:34:09,243 [main] INFO  server.RaftServer (RaftServerProxy.java:addNew(100)) - om1: addNew group-C5BA1605619E:[om1|localhost:15007] returns group-C5BA1605619E:java.util.concurrent.CompletableFuture@2130262a[Not completed]
2024-01-26 21:34:09,243 [main] INFO  om.OzoneManager (OzoneManager.java:initializeRatisServer(2141)) - OzoneManager Ratis server initialized at port 15007
2024-01-26 21:34:09,247 [main] INFO  om.OzoneManager (OzoneManager.java:getRpcServer(1207)) - Creating RPC Server
2024-01-26 21:34:09,257 [om1-groupManagement] INFO  server.RaftServer$Division (RaftServerImpl.java:<init>(256)) - om1: new RaftServerImpl for group-C5BA1605619E:[om1|localhost:15007] with OzoneManagerStateMachine:uninitialized
2024-01-26 21:34:09,259 [om1-groupManagement] INFO  server.RaftServerConfigKeys (ConfUtils.java:logGet(46)) - raft.server.rpc.timeout.min = 1s (custom)
2024-01-26 21:34:09,263 [om1-groupManagement] INFO  server.RaftServerConfigKeys (ConfUtils.java:logGet(46)) - raft.server.rpc.timeout.max = 1200ms (custom)
2024-01-26 21:34:09,263 [om1-groupManagement] INFO  server.RaftServerConfigKeys (ConfUtils.java:logGet(46)) - raft.server.rpc.sleep.time = 25ms (default)
2024-01-26 21:34:09,263 [om1-groupManagement] INFO  server.RaftServerConfigKeys (ConfUtils.java:logGet(46)) - raft.server.rpc.slowness.timeout = 120s (custom)
2024-01-26 21:34:09,264 [om1-groupManagement] INFO  server.RaftServerConfigKeys (ConfUtils.java:logGet(46)) - raft.server.leaderelection.leader.step-down.wait-time = 10s (default)
2024-01-26 21:34:09,264 [om1-groupManagement] INFO  server.RaftServerConfigKeys (ConfUtils.java:logGet(46)) - raft.server.leaderelection.member.majority-add = false (default)
2024-01-26 21:34:09,264 [om1-groupManagement] INFO  server.RaftServerConfigKeys (ConfUtils.java:logGet(46)) - raft.server.sleep.deviation.threshold = 300ms (default)
2024-01-26 21:34:09,270 [om1-groupManagement] INFO  server.RaftServer$Division (ServerState.java:<init>(113)) - om1@group-C5BA1605619E: ConfigurationManager, init=-1: peers:[om1|localhost:15007]|listeners:[], old=null, confs=<EMPTY_MAP>
2024-01-26 21:34:09,277 [om1-groupManagement] INFO  server.RaftServerConfigKeys (ConfUtils.java:logGet(46)) - raft.server.notification.no-leader.timeout = 120s (custom)
2024-01-26 21:34:09,280 [om1-groupManagement] INFO  server.RaftServerConfigKeys (ConfUtils.java:logGet(46)) - raft.server.read.timeout = 10s (default)
2024-01-26 21:34:09,284 [om1-groupManagement] INFO  server.RaftServerConfigKeys (ConfUtils.java:logGet(46)) - raft.server.retrycache.expirytime = 300s (custom)
2024-01-26 21:34:09,284 [om1-groupManagement] INFO  server.RaftServerConfigKeys (ConfUtils.java:logGet(46)) - raft.server.retrycache.statistics.expirytime = 100ms (default)
2024-01-26 21:34:09,288 [om1-groupManagement] INFO  server.RaftServerConfigKeys (ConfUtils.java:logGet(46)) - raft.server.read.option = DEFAULT (default)
2024-01-26 21:34:09,290 [om1-groupManagement] INFO  server.RaftServerConfigKeys (ConfUtils.java:logGet(46)) - raft.server.read.read-after-write-consistent.write-index-cache.expiry-time = 60s (default)
2024-01-26 21:34:09,370 [om1-groupManagement] INFO  server.RaftServerConfigKeys (ConfUtils.java:logGet(46)) - raft.server.rpc.request.timeout = 3000ms (default)
2024-01-26 21:34:09,374 [om1-groupManagement] INFO  server.RaftServerConfigKeys (ConfUtils.java:logGet(46)) - raft.server.log.appender.install.snapshot.enabled = false (custom)
2024-01-26 21:34:09,374 [om1-groupManagement] INFO  server.RaftServerConfigKeys (ConfUtils.java:logGet(46)) - raft.server.threadpool.server.cached = true (default)
2024-01-26 21:34:09,374 [om1-groupManagement] INFO  server.RaftServerConfigKeys (ConfUtils.java:logGet(46)) - raft.server.threadpool.server.size = 0 (default)
2024-01-26 21:34:09,376 [om1-groupManagement] INFO  server.RaftServerConfigKeys (ConfUtils.java:logGet(46)) - raft.server.threadpool.client.cached = true (default)
2024-01-26 21:34:09,376 [om1-groupManagement] INFO  server.RaftServerConfigKeys (ConfUtils.java:logGet(46)) - raft.server.threadpool.client.size = 0 (default)
2024-01-26 21:34:09,868 [main] INFO  ipc.CallQueueManager (CallQueueManager.java:<init>(90)) - Using callQueue: class java.util.concurrent.LinkedBlockingQueue, queueCapacity: 2000, scheduler: class org.apache.hadoop.ipc.DefaultRpcScheduler, ipcBackoff: false.
2024-01-26 21:34:09,873 [main] INFO  ipc.Server (Server.java:<init>(1287)) - Listener at 127.0.0.1:15004
2024-01-26 21:34:09,874 [Socket Reader #1 for port 15004] INFO  ipc.Server (Server.java:run(1323)) - Starting Socket Reader #1 for port 15004
2024-01-26 21:34:09,908 [main] INFO  impl.MetricsSystemImpl (MetricsSystemImpl.java:init(158)) - OzoneManager metrics system started (again)
2024-01-26 21:34:09,920 [main] INFO  om.OzoneManager (OzoneManager.java:start(1629)) - OzoneManager RPC server is listening at localhost/127.0.0.1:15004
2024-01-26 21:34:09,921 [main] INFO  ratis.OzoneManagerRatisServer (OzoneManagerRatisServer.java:start(588)) - Starting OzoneManagerRatisServer om1 at port 15007
2024-01-26 21:34:09,924 [om1-impl-thread1] INFO  server.RaftServerConfigKeys (ConfUtils.java:logGet(46)) - raft.server.storage.free-space.min = 0MB (=0) (default)
2024-01-26 21:34:09,925 [om1-impl-thread1] INFO  server.RaftServerConfigKeys (ConfUtils.java:logGet(46)) - raft.server.log.corruption.policy = EXCEPTION (default)
2024-01-26 21:34:09,925 [om1-impl-thread1] INFO  server.RaftServerConfigKeys (ConfUtils.java:logGet(46)) - raft.server.storage.dir = [/home/runner/work/ozone/ozone/hadoop-ozone/integration-test/target/test-dir/MiniOzoneClusterImpl-1af845c4-9ad0-4304-ad21-7f4426eccdbd/ozone-meta/ratis] (custom)
2024-01-26 21:34:09,930 [om1-impl-thread1] INFO  storage.RaftStorageDirectory (RaftStorageDirectoryImpl.java:analyzeStorage(138)) - The storage directory /home/runner/work/ozone/ozone/hadoop-ozone/integration-test/target/test-dir/MiniOzoneClusterImpl-1af845c4-9ad0-4304-ad21-7f4426eccdbd/ozone-meta/ratis/bf265839-605b-3f16-9796-c5ba1605619e does not exist. Creating ...
2024-01-26 21:34:09,933 [om1-impl-thread1] INFO  storage.RaftStorageDirectory (RaftStorageDirectoryImpl.java:tryLock(228)) - Lock on /home/runner/work/ozone/ozone/hadoop-ozone/integration-test/target/test-dir/MiniOzoneClusterImpl-1af845c4-9ad0-4304-ad21-7f4426eccdbd/ozone-meta/ratis/bf265839-605b-3f16-9796-c5ba1605619e/in_use.lock acquired by nodename 39692@fv-az1566-86
2024-01-26 21:34:09,938 [om1-impl-thread1] INFO  storage.RaftStorage (RaftStorageImpl.java:format(99)) - Storage directory /home/runner/work/ozone/ozone/hadoop-ozone/integration-test/target/test-dir/MiniOzoneClusterImpl-1af845c4-9ad0-4304-ad21-7f4426eccdbd/ozone-meta/ratis/bf265839-605b-3f16-9796-c5ba1605619e has been successfully formatted.
2024-01-26 21:34:09,939 [om1-impl-thread1] WARN  util.FileUtils (LogUtils.java:supplyAndLog(63)) - Failed to Files.newInputStream /home/runner/work/ozone/ozone/hadoop-ozone/integration-test/target/test-dir/MiniOzoneClusterImpl-1af845c4-9ad0-4304-ad21-7f4426eccdbd/ozone-meta/ratis/bf265839-605b-3f16-9796-c5ba1605619e/current/raft-meta.conf with options []: java.nio.file.NoSuchFileException: /home/runner/work/ozone/ozone/hadoop-ozone/integration-test/target/test-dir/MiniOzoneClusterImpl-1af845c4-9ad0-4304-ad21-7f4426eccdbd/ozone-meta/ratis/bf265839-605b-3f16-9796-c5ba1605619e/current/raft-meta.conf
2024-01-26 21:34:09,941 [om1-impl-thread1] INFO  server.RaftServerConfigKeys (ConfUtils.java:logGet(46)) - raft.server.log.use.memory = false (default)
2024-01-26 21:34:09,947 [om1-impl-thread1] INFO  server.RaftServerConfigKeys (ConfUtils.java:logGet(46)) - raft.server.log.purge.gap = 1000000 (custom)
2024-01-26 21:34:09,947 [om1-impl-thread1] INFO  server.RaftServerConfigKeys (ConfUtils.java:logGet(46)) - raft.server.log.appender.buffer.byte-limit = 4194304 (custom)
2024-01-26 21:34:09,948 [om1-impl-thread1] INFO  server.RaftServerConfigKeys (ConfUtils.java:logGet(46)) - raft.server.log.statemachine.data.read.timeout = 1000ms (default)
2024-01-26 21:34:09,948 [om1-impl-thread1] INFO  server.RaftServerConfigKeys (ConfUtils.java:logGet(46)) - raft.server.log.purge.preservation.log.num = 0 (default)
2024-01-26 21:34:09,952 [om1-impl-thread1] INFO  server.RaftServerConfigKeys (ConfUtils.java:logGet(46)) - raft.server.log.segment.size.max = 4194304 (custom)
2024-01-26 21:34:09,956 [om1-impl-thread1] INFO  server.RaftServerConfigKeys (ConfUtils.java:logGet(46)) - raft.server.log.segment.cache.num.max = 2 (custom)
2024-01-26 21:34:09,956 [om1-impl-thread1] INFO  server.RaftServerConfigKeys (ConfUtils.java:logGet(46)) - raft.server.log.segment.cache.size.max = 200MB (=209715200) (default)
2024-01-26 21:34:09,957 [om1-impl-thread1] INFO  server.RaftServerConfigKeys (ConfUtils.java:logGet(46)) - raft.server.log.appender.buffer.byte-limit = 4194304 (custom)
2024-01-26 21:34:09,958 [om1-impl-thread1] INFO  util.AwaitToRun (AwaitToRun.java:start(81)) - Thread[om1@group-C5BA1605619E-cacheEviction-AwaitToRun,5,main] started
2024-01-26 21:34:09,961 [om1-impl-thread1] INFO  segmented.SegmentedRaftLogWorker (SegmentedRaftLogWorker.java:<init>(182)) - new om1@group-C5BA1605619E-SegmentedRaftLogWorker for RaftStorageImpl:Storage Directory /home/runner/work/ozone/ozone/hadoop-ozone/integration-test/target/test-dir/MiniOzoneClusterImpl-1af845c4-9ad0-4304-ad21-7f4426eccdbd/ozone-meta/ratis/bf265839-605b-3f16-9796-c5ba1605619e
2024-01-26 21:34:09,961 [om1-impl-thread1] INFO  server.RaftServerConfigKeys (ConfUtils.java:logGet(46)) - raft.server.log.queue.byte-limit = 64MB (=67108864) (default)
2024-01-26 21:34:09,961 [om1-impl-thread1] INFO  server.RaftServerConfigKeys (ConfUtils.java:logGet(46)) - raft.server.log.queue.element-limit = 4096 (default)
2024-01-26 21:34:09,962 [om1-impl-thread1] INFO  server.RaftServerConfigKeys (ConfUtils.java:logGet(46)) - raft.server.log.segment.size.max = 4194304 (custom)
2024-01-26 21:34:09,963 [om1-impl-thread1] INFO  server.RaftServerConfigKeys (ConfUtils.java:logGet(46)) - raft.server.log.preallocated.size = 4194304 (custom)
2024-01-26 21:34:09,963 [om1-impl-thread1] INFO  server.RaftServerConfigKeys (ConfUtils.java:logGet(46)) - raft.server.log.force.sync.num = 128 (default)
2024-01-26 21:34:09,964 [om1-impl-thread1] INFO  server.RaftServerConfigKeys (ConfUtils.java:logGet(46)) - raft.server.log.statemachine.data.sync = true (default)
2024-01-26 21:34:09,964 [om1-impl-thread1] INFO  server.RaftServerConfigKeys (ConfUtils.java:logGet(46)) - raft.server.log.statemachine.data.sync.timeout = 10s (default)
2024-01-26 21:34:09,964 [om1-impl-thread1] INFO  server.RaftServerConfigKeys (ConfUtils.java:logGet(46)) - raft.server.log.statemachine.data.sync.timeout.retry = -1 (default)
2024-01-26 21:34:09,966 [om1-impl-thread1] INFO  server.RaftServerConfigKeys (ConfUtils.java:logGet(46)) - raft.server.log.write.buffer.size = 4194312 (custom)
2024-01-26 21:34:09,967 [om1-impl-thread1] INFO  server.RaftServerConfigKeys (ConfUtils.java:logGet(46)) - raft.server.log.appender.buffer.byte-limit = 4194304 (custom)
2024-01-26 21:34:09,967 [om1-impl-thread1] INFO  server.RaftServerConfigKeys (ConfUtils.java:logGet(46)) - raft.server.log.unsafe-flush.enabled = false (default)
2024-01-26 21:34:09,968 [om1-impl-thread1] INFO  server.RaftServerConfigKeys (ConfUtils.java:logGet(46)) - raft.server.log.async-flush.enabled = false (default)
2024-01-26 21:34:09,968 [om1-impl-thread1] INFO  server.RaftServerConfigKeys (ConfUtils.java:logGet(46)) - raft.server.log.statemachine.data.caching.enabled = false (default)
2024-01-26 21:34:09,971 [om1-impl-thread1] INFO  segmented.SegmentedRaftLogWorker (SegmentedRaftLogWorker.java:lambda$new$0(134)) - om1@group-C5BA1605619E-SegmentedRaftLogWorker: flushIndex: setUnconditionally 0 -> -1
2024-01-26 21:34:09,972 [om1-impl-thread1] INFO  segmented.SegmentedRaftLogWorker (SegmentedRaftLogWorker.java:lambda$new$0(134)) - om1@group-C5BA1605619E-SegmentedRaftLogWorker: safeCacheEvictIndex: setUnconditionally 0 -> -1
2024-01-26 21:34:09,973 [om1-impl-thread1] INFO  server.RaftServer$Division (RaftServerImpl.java:start(396)) - om1@group-C5BA1605619E: start as a follower, conf=-1: peers:[om1|localhost:15007]|listeners:[], old=null
2024-01-26 21:34:09,973 [om1-impl-thread1] INFO  server.RaftServer$Division (RaftServerImpl.java:setRole(383)) - om1@group-C5BA1605619E: changes role from      null to FOLLOWER at term 0 for startAsFollower
2024-01-26 21:34:09,974 [om1-impl-thread1] INFO  impl.RoleInfo (RoleInfo.java:updateAndGet(139)) - om1: start om1@group-C5BA1605619E-FollowerState
2024-01-26 21:34:09,975 [om1-impl-thread1] INFO  util.JmxRegister (JmxRegister.java:tryRegister(44)) - Successfully registered JMX Bean with object name Ratis:service=RaftServer,group=group-C5BA1605619E,id=om1
2024-01-26 21:34:09,977 [om1-impl-thread1] INFO  server.RaftServerConfigKeys (ConfUtils.java:logGet(46)) - raft.server.snapshot.trigger-when-stop.enabled = true (default)
2024-01-26 21:34:09,977 [om1-impl-thread1] INFO  server.RaftServerConfigKeys (ConfUtils.java:logGet(46)) - raft.server.snapshot.auto.trigger.enabled = true (custom)
2024-01-26 21:34:09,978 [om1-impl-thread1] INFO  server.RaftServerConfigKeys (ConfUtils.java:logGet(46)) - raft.server.snapshot.auto.trigger.threshold = 400000 (default)
2024-01-26 21:34:09,978 [om1-impl-thread1] INFO  server.RaftServerConfigKeys (ConfUtils.java:logGet(46)) - raft.server.snapshot.retention.file.num = -1 (default)
2024-01-26 21:34:09,979 [om1-impl-thread1] INFO  server.RaftServerConfigKeys (ConfUtils.java:logGet(46)) - raft.server.log.purge.upto.snapshot.index = true (custom)
2024-01-26 21:34:09,981 [om1@group-C5BA1605619E-FollowerState] INFO  server.RaftServerConfigKeys (ConfUtils.java:logFallback(53)) - raft.server.rpc.first-election.timeout.min = 1s (fallback to raft.server.rpc.timeout.min)
2024-01-26 21:34:09,982 [om1@group-C5BA1605619E-FollowerState] INFO  server.RaftServerConfigKeys (ConfUtils.java:logFallback(53)) - raft.server.rpc.first-election.timeout.max = 1200ms (fallback to raft.server.rpc.timeout.max)
2024-01-26 21:34:09,982 [main] INFO  server.RaftServer (RaftServerProxy.java:startImpl(406)) - om1: start RPC server
2024-01-26 21:34:10,021 [main] INFO  server.GrpcService (GrpcService.java:startImpl(302)) - om1: GrpcService started, listening on 15007
2024-01-26 21:34:10,022 [main] INFO  om.OzoneManager (OzoneManager.java:start(1645)) - Version File has different layout version (6) than OM DB (null). That is expected if this OM has never been finalized to a newer layout version.
2024-01-26 21:34:10,022 [JvmPauseMonitor1] INFO  util.JvmPauseMonitor (JvmPauseMonitor.java:run(146)) - JvmPauseMonitor-om1: Started
2024-01-26 21:34:10,044 [main] INFO  http.BaseHttpServer (BaseHttpServer.java:newHttpServer2BuilderForOzone(223)) - Starting Web-server for ozoneManager at: http://0.0.0.0:15005
2024-01-26 21:34:10,044 [main] INFO  http.BaseHttpServer (BaseHttpServer.java:<init>(110)) - Hadoop Security Enabled: false Ozone Security Enabled: false Ozone HTTP Security Enabled: false 
2024-01-26 21:34:10,046 [main] WARN  server.AuthenticationFilter (AuthenticationFilter.java:constructSecretProvider(240)) - Unable to initialize FileSignerSecretProvider, falling back to use random secrets. Reason: Could not read signature secret file: /home/runner/hadoop-http-auth-signature-secret
2024-01-26 21:34:10,051 [main] INFO  http.HttpRequestLog (HttpRequestLog.java:getRequestLog(86)) - Http request log for http.requests.ozoneManager is not defined
2024-01-26 21:34:10,053 [main] INFO  http.HttpServer2 (HttpServer2.java:addGlobalFilter(1036)) - Added global filter 'safety' (class=org.apache.hadoop.hdds.server.http.HttpServer2$QuotingInputFilter)
2024-01-26 21:34:10,054 [main] INFO  http.HttpServer2 (HttpServer2.java:addFilter(1012)) - Added filter static_user_filter (class=org.apache.hadoop.http.lib.StaticUserWebFilter$StaticUserFilter) to context ozoneManager
2024-01-26 21:34:10,054 [main] INFO  http.HttpServer2 (HttpServer2.java:addFilter(1020)) - Added filter static_user_filter (class=org.apache.hadoop.http.lib.StaticUserWebFilter$StaticUserFilter) to context logs
2024-01-26 21:34:10,054 [main] INFO  http.HttpServer2 (HttpServer2.java:addFilter(1020)) - Added filter static_user_filter (class=org.apache.hadoop.http.lib.StaticUserWebFilter$StaticUserFilter) to context static
2024-01-26 21:34:10,055 [main] INFO  http.BaseHttpServer (BaseHttpServer.java:<init>(189)) - HTTP server of ozoneManager uses base directory /home/runner/work/ozone/ozone/hadoop-ozone/integration-test/target/test-dir/MiniOzoneClusterImpl-1af845c4-9ad0-4304-ad21-7f4426eccdbd/ozone-meta/webserver
2024-01-26 21:34:10,058 [main] INFO  http.HttpServer2 (HttpServer2.java:bindListener(1236)) - Jetty bound to port 15005
2024-01-26 21:34:10,059 [main] INFO  server.Server (Server.java:doStart(375)) - jetty-9.4.53.v20231009; built: 2023-10-09T12:29:09.265Z; git: 27bde00a0b95a1d5bbee0eae7984f891d2d0f8c9; jvm 1.8.0_392-b08
2024-01-26 21:34:10,061 [main] INFO  server.session (DefaultSessionIdManager.java:doStart(334)) - DefaultSessionIdManager workerName=node0
2024-01-26 21:34:10,062 [main] INFO  server.session (DefaultSessionIdManager.java:doStart(339)) - No SessionScavenger set, using defaults
2024-01-26 21:34:10,062 [main] INFO  server.session (HouseKeeper.java:startScavenging(132)) - node0 Scavenging every 660000ms
2024-01-26 21:34:10,063 [main] INFO  handler.ContextHandler (ContextHandler.java:doStart(921)) - Started o.e.j.s.ServletContextHandler@1c1b9a9a{logs,/logs,file:///home/runner/work/ozone/ozone/hadoop-ozone/integration-test/target/log,AVAILABLE}
2024-01-26 21:34:10,064 [main] INFO  handler.ContextHandler (ContextHandler.java:doStart(921)) - Started o.e.j.s.ServletContextHandler@439ed77c{static,/static,file:///home/runner/work/ozone/ozone/hadoop-ozone/integration-test/target/test-classes/webapps/static,AVAILABLE}
2024-01-26 21:34:10,068 [main] INFO  handler.ContextHandler (ContextHandler.java:doStart(921)) - Started o.e.j.w.WebAppContext@46a6dfd4{ozoneManager,/,file:///home/runner/work/ozone/ozone/hadoop-ozone/integration-test/target/test-classes/webapps/ozoneManager/,AVAILABLE}{file:/home/runner/work/ozone/ozone/hadoop-ozone/integration-test/target/test-classes/webapps/ozoneManager}
2024-01-26 21:34:10,071 [main] INFO  server.AbstractConnector (AbstractConnector.java:doStart(333)) - Started ServerConnector@61bfcf43{HTTP/1.1, (http/1.1)}{0.0.0.0:15005}
2024-01-26 21:34:10,071 [main] INFO  server.Server (Server.java:doStart(415)) - Started @7240ms
2024-01-26 21:34:10,072 [main] WARN  impl.MetricsSystemImpl (MetricsSystemImpl.java:register(279)) - Sink prometheus already exists!
2024-01-26 21:34:10,072 [main] INFO  http.BaseHttpServer (BaseHttpServer.java:updateConnectorAddress(354)) - HTTP server of ozoneManager listening at http://0.0.0.0:15005
2024-01-26 21:34:10,073 [IPC Server Responder] INFO  ipc.Server (Server.java:run(1562)) - IPC Server Responder: starting
2024-01-26 21:34:10,075 [IPC Server listener on 15004] INFO  ipc.Server (Server.java:run(1402)) - IPC Server listener on 15004: starting
2024-01-26 21:34:10,088 [main] INFO  om.OzoneManager (OzoneManager.java:startTrashEmptier(2094)) - Trash Interval set to 0. Files deleted won't move to trash
2024-01-26 21:34:10,216 [main] INFO  db.CodecBuffer (CodecBuffer.java:set(62)) - Successfully set constructor to org.apache.hadoop.hdds.utils.db.CodecBuffer$$Lambda$983/1971845723@67ab93c4
2024-01-26 21:34:10,217 [main] WARN  dropwizard3.Dm3MetricRegistriesImpl (Dm3MetricRegistriesImpl.java:addReporterRegistration(113)) - New reporters are added after registries were created. Some metrics will be missing from the reporter. Please add reporter before adding any new registry.
2024-01-26 21:34:10,218 [main] WARN  dropwizard3.Dm3MetricRegistriesImpl (Dm3MetricRegistriesImpl.java:addReporterRegistration(113)) - New reporters are added after registries were created. Some metrics will be missing from the reporter. Please add reporter before adding any new registry.
2024-01-26 21:34:10,218 [main] INFO  impl.MetricsSystemImpl (MetricsSystemImpl.java:init(158)) - HddsDatanode metrics system started (again)
2024-01-26 21:34:10,236 [main] INFO  ozone.HddsDatanodeService (HddsDatanodeService.java:start(239)) - HddsDatanodeService host:fv-az1566-86.204dmbdutxxevaxlgbjnwxhbkd.phxx.internal.cloudapp.net ip:10.1.0.5
2024-01-26 21:34:10,261 [main] INFO  upgrade.AbstractLayoutVersionManager (AbstractLayoutVersionManager.java:init(83)) - Initializing Layout version manager with metadata layout = HADOOP_PRC_PORTS_IN_DATANODEDETAILS (version = 7), software layout = HADOOP_PRC_PORTS_IN_DATANODEDETAILS (version = 7)
2024-01-26 21:34:10,263 [main] INFO  statemachine.DatanodeStateMachine (DatanodeStateMachine.java:getEndPointTaskThreadPoolSize(299)) - Datanode State Machine Task Thread Pool size 2
2024-01-26 21:34:10,350 [main] INFO  volume.HddsVolume (HddsVolume.java:<init>(125)) - Creating HddsVolume: /home/runner/work/ozone/ozone/hadoop-ozone/integration-test/target/test-dir/MiniOzoneClusterImpl-1af845c4-9ad0-4304-ad21-7f4426eccdbd/datanode-0/data-0/containers/hdds of storage type : DISK capacity : 9223372036854775807
2024-01-26 21:34:10,352 [main] INFO  volume.MutableVolumeSet (MutableVolumeSet.java:initializeVolumeSet(173)) - Added Volume : /home/runner/work/ozone/ozone/hadoop-ozone/integration-test/target/test-dir/MiniOzoneClusterImpl-1af845c4-9ad0-4304-ad21-7f4426eccdbd/datanode-0/data-0/containers/hdds to VolumeSet
2024-01-26 21:34:10,355 [main] INFO  volume.MutableVolumeSet (MutableVolumeSet.java:initializeVolumeSet(173)) - Added Volume : /home/runner/work/ozone/ozone/hadoop-ozone/integration-test/target/test-dir/MiniOzoneClusterImpl-1af845c4-9ad0-4304-ad21-7f4426eccdbd/datanode-0/data/ratis to VolumeSet
2024-01-26 21:34:10,358 [main] INFO  ozoneimpl.OzoneContainer (HddsVolumeUtil.java:loadAllHddsVolumeDbStore(103)) - Load 1 volumes DbStore cost: 1ms
2024-01-26 21:34:10,365 [67e21e31-4dca-48e2-85b4-2f4b1b69db84-ContainerReader-0] INFO  ozoneimpl.ContainerReader (ContainerReader.java:readVolume(178)) - Finish verifying containers on volume /home/runner/work/ozone/ozone/hadoop-ozone/integration-test/target/test-dir/MiniOzoneClusterImpl-1af845c4-9ad0-4304-ad21-7f4426eccdbd/datanode-0/data-0/containers/hdds
2024-01-26 21:34:10,365 [main] INFO  ozoneimpl.OzoneContainer (OzoneContainer.java:buildContainerSet(328)) - Build ContainerSet costs 0s
2024-01-26 21:34:10,409 [main] INFO  audit.AuditLogger (AuditLogger.java:refreshDebugCmdSet(130)) - Refresh DebugCmdSet for DNAudit to [].
2024-01-26 21:34:10,433 [main] INFO  server.RaftServer (ConfUtils.java:logGet(46)) - raft.rpc.type = GRPC (default)
2024-01-26 21:34:10,433 [main] INFO  grpc.GrpcConfigKeys (ConfUtils.java:logFallback(53)) - raft.grpc.admin.host = null (fallback to raft.grpc.server.host)
2024-01-26 21:34:10,434 [main] INFO  grpc.GrpcConfigKeys (ConfUtils.java:logGet(46)) - raft.grpc.admin.port = 15013 (custom)
2024-01-26 21:34:10,434 [main] INFO  grpc.GrpcConfigKeys (ConfUtils.java:logFallback(53)) - raft.grpc.client.host = null (fallback to raft.grpc.server.host)
2024-01-26 21:34:10,434 [main] INFO  grpc.GrpcConfigKeys (ConfUtils.java:logGet(46)) - raft.grpc.client.port = 15012 (custom)
2024-01-26 21:34:10,434 [main] INFO  grpc.GrpcConfigKeys (ConfUtils.java:logGet(46)) - raft.grpc.server.host = null (default)
2024-01-26 21:34:10,435 [main] INFO  grpc.GrpcConfigKeys (ConfUtils.java:logGet(46)) - raft.grpc.server.port = 15014 (custom)
2024-01-26 21:34:10,435 [main] INFO  server.GrpcService (ConfUtils.java:logGet(46)) - raft.grpc.message.size.max = 32MB (=33554432) (custom)
2024-01-26 21:34:10,435 [main] INFO  server.RaftServerConfigKeys (ConfUtils.java:logGet(46)) - raft.server.log.appender.buffer.byte-limit = 8388608 (custom)
2024-01-26 21:34:10,435 [main] INFO  server.GrpcService (ConfUtils.java:logGet(46)) - raft.grpc.flow.control.window = 5MB (=5242880) (custom)
2024-01-26 21:34:10,436 [main] INFO  server.RaftServerConfigKeys (ConfUtils.java:logGet(46)) - raft.server.rpc.request.timeout = 60s (custom)
2024-01-26 21:34:10,436 [main] INFO  grpc.GrpcConfigKeys (ConfUtils.java:logGet(46)) - raft.grpc.server.heartbeat.channel = true (default)
2024-01-26 21:34:10,436 [main] INFO  grpc.GrpcConfigKeys (ConfUtils.java:logGet(46)) - raft.grpc.server.async.request.thread.pool.cached = true (default)
2024-01-26 21:34:10,436 [main] INFO  grpc.GrpcConfigKeys (ConfUtils.java:logGet(46)) - raft.grpc.server.async.request.thread.pool.size = 32 (default)
2024-01-26 21:34:10,438 [main] INFO  impl.DataStreamServerImpl (ConfUtils.java:logGet(46)) - raft.datastream.type = NETTY (custom)
2024-01-26 21:34:10,448 [main] INFO  server.RaftServerConfigKeys (ConfUtils.java:logGet(46)) - raft.server.data-stream.async.request.thread.pool.cached = false (default)
2024-01-26 21:34:10,449 [main] INFO  server.RaftServerConfigKeys (ConfUtils.java:logGet(46)) - raft.server.data-stream.async.request.thread.pool.size = 20 (custom)
2024-01-26 21:34:10,449 [main] INFO  server.RaftServerConfigKeys (ConfUtils.java:logGet(46)) - raft.server.data-stream.async.write.thread.pool.size = 16 (default)
2024-01-26 21:34:10,450 [main] INFO  netty.NettyConfigKeys$DataStream (ConfUtils.java:logGet(46)) - raft.netty.dataStream.server.channel.inactive.grace-period = 10min (default)
2024-01-26 21:34:10,451 [main] INFO  server.RaftServerConfigKeys (ConfUtils.java:logGet(46)) - raft.server.data-stream.client.pool.size = 10 (default)
2024-01-26 21:34:10,452 [main] INFO  netty.NettyConfigKeys$DataStream (ConfUtils.java:logGet(46)) - raft.netty.dataStream.server.use-epoll = true (default)
2024-01-26 21:34:10,452 [main] INFO  netty.NettyConfigKeys$DataStream (ConfUtils.java:logGet(46)) - raft.netty.dataStream.server.boss-group.size = 0 (default)
2024-01-26 21:34:10,453 [main] INFO  netty.NettyUtils (NettyUtils.java:newEventLoopGroup(69)) - Create EpollEventLoopGroup for 67e21e31-4dca-48e2-85b4-2f4b1b69db84-NettyServerStreamRpc-bossGroup; Thread size is 0.
2024-01-26 21:34:10,471 [main] INFO  netty.NettyConfigKeys$DataStream (ConfUtils.java:logGet(46)) - raft.netty.dataStream.server.worker-group.size = 0 (default)
2024-01-26 21:34:10,471 [main] INFO  netty.NettyUtils (NettyUtils.java:newEventLoopGroup(69)) - Create EpollEventLoopGroup for 67e21e31-4dca-48e2-85b4-2f4b1b69db84-NettyServerStreamRpc-workerGroup; Thread size is 0.
2024-01-26 21:34:10,472 [main] INFO  netty.NettyConfigKeys$DataStream (ConfUtils.java:logGet(46)) - raft.netty.dataStream.server.tls.conf = null (default)
2024-01-26 21:34:10,473 [main] INFO  netty.NettyConfigKeys$DataStream (ConfUtils.java:logGet(46)) - raft.netty.dataStream.host = null (default)
2024-01-26 21:34:10,473 [main] INFO  netty.NettyConfigKeys$DataStream (ConfUtils.java:logGet(46)) - raft.netty.dataStream.port = 15015 (custom)
2024-01-26 21:34:10,477 [main] INFO  server.RaftServerConfigKeys (ConfUtils.java:logGet(46)) - raft.server.sleep.deviation.threshold = 300ms (default)
2024-01-26 21:34:10,477 [main] INFO  server.RaftServerConfigKeys (ConfUtils.java:logGet(46)) - raft.server.close.threshold = 60s (default)
2024-01-26 21:34:10,477 [main] INFO  server.RaftServerConfigKeys (ConfUtils.java:logGet(46)) - raft.server.leaderelection.leader.step-down.wait-time = 10s (default)
2024-01-26 21:34:10,477 [main] INFO  server.RaftServerConfigKeys (ConfUtils.java:logGet(46)) - raft.server.storage.dir = [/home/runner/work/ozone/ozone/hadoop-ozone/integration-test/target/test-dir/MiniOzoneClusterImpl-1af845c4-9ad0-4304-ad21-7f4426eccdbd/datanode-0/data/ratis] (custom)
2024-01-26 21:34:10,478 [main] INFO  server.RaftServerConfigKeys (ConfUtils.java:logGet(46)) - raft.server.threadpool.proxy.cached = true (default)
2024-01-26 21:34:10,478 [main] INFO  server.RaftServerConfigKeys (ConfUtils.java:logGet(46)) - raft.server.threadpool.proxy.size = 0 (default)
2024-01-26 21:34:10,478 [67e21e31-4dca-48e2-85b4-2f4b1b69db84-impl-thread1] INFO  server.RaftServer (RaftServerProxy.java:initGroupDir(264)) - 67e21e31-4dca-48e2-85b4-2f4b1b69db84: found a subdirectory /home/runner/work/ozone/ozone/hadoop-ozone/integration-test/target/test-dir/MiniOzoneClusterImpl-1af845c4-9ad0-4304-ad21-7f4426eccdbd/datanode-0/data/ratis/tmp
2024-01-26 21:34:10,479 [67e21e31-4dca-48e2-85b4-2f4b1b69db84-impl-thread1] INFO  server.RaftServer (RaftServerProxy.java:initGroupDir(269)) - 67e21e31-4dca-48e2-85b4-2f4b1b69db84: The directory /home/runner/work/ozone/ozone/hadoop-ozone/integration-test/target/test-dir/MiniOzoneClusterImpl-1af845c4-9ad0-4304-ad21-7f4426eccdbd/datanode-0/data/ratis/tmp is not a group directory; ignoring it. 
2024-01-26 21:34:10,481 [main] INFO  replication.ReplicationServer (ReplicationServer.java:<init>(85)) - Initializing replication server with thread count = 10 queue length = 4096
2024-01-26 21:34:10,487 [67e21e31-4dca-48e2-85b4-2f4b1b69db84-NettyServerStreamRpc-bossGroup--thread1] INFO  logging.LoggingHandler (AbstractInternalLogger.java:log(148)) - [id: 0x9b4659a4] REGISTERED
2024-01-26 21:34:10,487 [67e21e31-4dca-48e2-85b4-2f4b1b69db84-NettyServerStreamRpc-bossGroup--thread1] INFO  logging.LoggingHandler (AbstractInternalLogger.java:log(148)) - [id: 0x9b4659a4] BIND: 0.0.0.0/0.0.0.0:15015
2024-01-26 21:34:10,487 [67e21e31-4dca-48e2-85b4-2f4b1b69db84-NettyServerStreamRpc-bossGroup--thread1] INFO  logging.LoggingHandler (AbstractInternalLogger.java:log(148)) - [id: 0x9b4659a4, L:/0.0.0.0:15015] ACTIVE
2024-01-26 21:34:10,497 [main] INFO  server.XceiverServerGrpc (XceiverServerGrpc.java:<init>(141)) - GrpcServer channel type EpollServerSocketChannel
2024-01-26 21:34:10,562 [main] INFO  replication.ReplicationSupervisor (ReplicationSupervisor.java:build(163)) - Initializing replication supervisor with thread count = 10
2024-01-26 21:34:10,563 [main] INFO  replication.ReplicationSupervisor (ReplicationSupervisor.java:nodeStateUpdated(317)) - Node state updated to IN_SERVICE, scaling executor pool size to 10
2024-01-26 21:34:10,599 [main] INFO  http.BaseHttpServer (BaseHttpServer.java:newHttpServer2BuilderForOzone(223)) - Starting Web-server for hddsDatanode at: http://0.0.0.0:15009
2024-01-26 21:34:10,599 [main] INFO  http.BaseHttpServer (BaseHttpServer.java:<init>(110)) - Hadoop Security Enabled: false Ozone Security Enabled: false Ozone HTTP Security Enabled: false 
2024-01-26 21:34:10,601 [main] WARN  server.AuthenticationFilter (AuthenticationFilter.java:constructSecretProvider(240)) - Unable to initialize FileSignerSecretProvider, falling back to use random secrets. Reason: Could not read signature secret file: /home/runner/hadoop-http-auth-signature-secret
2024-01-26 21:34:10,602 [main] INFO  http.HttpRequestLog (HttpRequestLog.java:getRequestLog(86)) - Http request log for http.requests.hddsDatanode is not defined
2024-01-26 21:34:10,603 [main] INFO  http.HttpServer2 (HttpServer2.java:addGlobalFilter(1036)) - Added global filter 'safety' (class=org.apache.hadoop.hdds.server.http.HttpServer2$QuotingInputFilter)
2024-01-26 21:34:10,604 [main] INFO  http.HttpServer2 (HttpServer2.java:addFilter(1012)) - Added filter static_user_filter (class=org.apache.hadoop.http.lib.StaticUserWebFilter$StaticUserFilter) to context hddsDatanode
2024-01-26 21:34:10,605 [main] INFO  http.HttpServer2 (HttpServer2.java:addFilter(1020)) - Added filter static_user_filter (class=org.apache.hadoop.http.lib.StaticUserWebFilter$StaticUserFilter) to context static
2024-01-26 21:34:10,605 [main] INFO  http.HttpServer2 (HttpServer2.java:addFilter(1020)) - Added filter static_user_filter (class=org.apache.hadoop.http.lib.StaticUserWebFilter$StaticUserFilter) to context logs
2024-01-26 21:34:10,606 [main] INFO  http.BaseHttpServer (BaseHttpServer.java:<init>(189)) - HTTP server of hddsDatanode uses base directory /home/runner/work/ozone/ozone/hadoop-ozone/integration-test/target/test-dir/MiniOzoneClusterImpl-1af845c4-9ad0-4304-ad21-7f4426eccdbd/datanode-0/meta/webserver
2024-01-26 21:34:10,606 [main] INFO  http.HttpServer2 (HttpServer2.java:bindListener(1236)) - Jetty bound to port 15009
2024-01-26 21:34:10,606 [main] INFO  server.Server (Server.java:doStart(375)) - jetty-9.4.53.v20231009; built: 2023-10-09T12:29:09.265Z; git: 27bde00a0b95a1d5bbee0eae7984f891d2d0f8c9; jvm 1.8.0_392-b08
2024-01-26 21:34:10,614 [main] INFO  server.session (DefaultSessionIdManager.java:doStart(334)) - DefaultSessionIdManager workerName=node0
2024-01-26 21:34:10,615 [main] INFO  server.session (DefaultSessionIdManager.java:doStart(339)) - No SessionScavenger set, using defaults
2024-01-26 21:34:10,615 [main] INFO  server.session (HouseKeeper.java:startScavenging(132)) - node0 Scavenging every 600000ms
2024-01-26 21:34:10,619 [main] INFO  handler.ContextHandler (ContextHandler.java:doStart(921)) - Started o.e.j.s.ServletContextHandler@ef76979{logs,/logs,file:///home/runner/work/ozone/ozone/hadoop-ozone/integration-test/target/log,AVAILABLE}
2024-01-26 21:34:10,619 [main] INFO  handler.ContextHandler (ContextHandler.java:doStart(921)) - Started o.e.j.s.ServletContextHandler@5ca8188{static,/static,jar:file:/home/runner/.m2/repository/org/apache/ozone/hdds-container-service/1.5.0-SNAPSHOT/hdds-container-service-1.5.0-SNAPSHOT.jar!/webapps/static,AVAILABLE}
2024-01-26 21:34:10,667 [main] INFO  handler.ContextHandler (ContextHandler.java:doStart(921)) - Started o.e.j.w.WebAppContext@3154683d{hddsDatanode,/,file:///home/runner/work/ozone/ozone/hadoop-ozone/integration-test/target/test-dir/MiniOzoneClusterImpl-1af845c4-9ad0-4304-ad21-7f4426eccdbd/datanode-0/meta/webserver/jetty-0_0_0_0-15009-hdds-container-service-1_5_0-SNAPSHOT_jar-_-any-7967894723777119612/webapp/,AVAILABLE}{jar:file:/home/runner/.m2/repository/org/apache/ozone/hdds-container-service/1.5.0-SNAPSHOT/hdds-container-service-1.5.0-SNAPSHOT.jar!/webapps/hddsDatanode}
2024-01-26 21:34:10,668 [main] INFO  server.AbstractConnector (AbstractConnector.java:doStart(333)) - Started ServerConnector@3552ccb6{HTTP/1.1, (http/1.1)}{0.0.0.0:15009}
2024-01-26 21:34:10,669 [main] INFO  server.Server (Server.java:doStart(415)) - Started @7837ms
2024-01-26 21:34:10,669 [main] WARN  impl.MetricsSystemImpl (MetricsSystemImpl.java:register(279)) - Sink prometheus already exists!
2024-01-26 21:34:10,670 [main] INFO  http.BaseHttpServer (BaseHttpServer.java:updateConnectorAddress(354)) - HTTP server of hddsDatanode listening at http://0.0.0.0:15009
2024-01-26 21:34:10,673 [main] INFO  ipc.CallQueueManager (CallQueueManager.java:<init>(90)) - Using callQueue: class java.util.concurrent.LinkedBlockingQueue, queueCapacity: 100, scheduler: class org.apache.hadoop.ipc.DefaultRpcScheduler, ipcBackoff: false.
2024-01-26 21:34:10,673 [main] INFO  ipc.Server (Server.java:<init>(1287)) - Listener at 0.0.0.0:15010
2024-01-26 21:34:10,673 [Socket Reader #1 for port 15010] INFO  ipc.Server (Server.java:run(1323)) - Starting Socket Reader #1 for port 15010
2024-01-26 21:34:10,677 [main] INFO  ozone.HddsDatanodeService (HddsDatanodeService.java:start(324)) - Datanode start with admins: [runner]
2024-01-26 21:34:10,678 [main] INFO  ozone.HddsDatanodeClientProtocolServer (HddsDatanodeClientProtocolServer.java:start(72)) - RPC server for Client /0.0.0.0:15010
2024-01-26 21:34:10,678 [IPC Server Responder] INFO  ipc.Server (Server.java:run(1562)) - IPC Server Responder: starting
2024-01-26 21:34:10,683 [IPC Server listener on 15010] INFO  ipc.Server (Server.java:run(1402)) - IPC Server listener on 15010: starting
2024-01-26 21:34:10,684 [main] WARN  dropwizard3.Dm3MetricRegistriesImpl (Dm3MetricRegistriesImpl.java:addReporterRegistration(113)) - New reporters are added after registries were created. Some metrics will be missing from the reporter. Please add reporter before adding any new registry.
2024-01-26 21:34:10,684 [67e21e31-4dca-48e2-85b4-2f4b1b69db84-DatanodeStateMachineDaemonThread] INFO  statemachine.DatanodeStateMachine (DatanodeStateMachine.java:lambda$startDaemon$1(555)) - Ozone container server started.
2024-01-26 21:34:10,685 [main] WARN  dropwizard3.Dm3MetricRegistriesImpl (Dm3MetricRegistriesImpl.java:addReporterRegistration(113)) - New reporters are added after registries were created. Some metrics will be missing from the reporter. Please add reporter before adding any new registry.
2024-01-26 21:34:10,686 [main] INFO  impl.MetricsSystemImpl (MetricsSystemImpl.java:init(158)) - HddsDatanode metrics system started (again)
2024-01-26 21:34:10,696 [main] INFO  ozone.HddsDatanodeService (HddsDatanodeService.java:start(239)) - HddsDatanodeService host:fv-az1566-86.204dmbdutxxevaxlgbjnwxhbkd.phxx.internal.cloudapp.net ip:10.1.0.5
2024-01-26 21:34:10,733 [main] INFO  upgrade.AbstractLayoutVersionManager (AbstractLayoutVersionManager.java:init(83)) - Initializing Layout version manager with metadata layout = HADOOP_PRC_PORTS_IN_DATANODEDETAILS (version = 7), software layout = HADOOP_PRC_PORTS_IN_DATANODEDETAILS (version = 7)
2024-01-26 21:34:10,734 [main] INFO  statemachine.DatanodeStateMachine (DatanodeStateMachine.java:getEndPointTaskThreadPoolSize(299)) - Datanode State Machine Task Thread Pool size 2
2024-01-26 21:34:10,738 [main] INFO  volume.HddsVolume (HddsVolume.java:<init>(125)) - Creating HddsVolume: /home/runner/work/ozone/ozone/hadoop-ozone/integration-test/target/test-dir/MiniOzoneClusterImpl-1af845c4-9ad0-4304-ad21-7f4426eccdbd/datanode-1/data-0/containers/hdds of storage type : DISK capacity : 9223372036854775807
2024-01-26 21:34:10,738 [main] INFO  volume.MutableVolumeSet (MutableVolumeSet.java:initializeVolumeSet(173)) - Added Volume : /home/runner/work/ozone/ozone/hadoop-ozone/integration-test/target/test-dir/MiniOzoneClusterImpl-1af845c4-9ad0-4304-ad21-7f4426eccdbd/datanode-1/data-0/containers/hdds to VolumeSet
2024-01-26 21:34:10,740 [main] INFO  volume.MutableVolumeSet (MutableVolumeSet.java:initializeVolumeSet(173)) - Added Volume : /home/runner/work/ozone/ozone/hadoop-ozone/integration-test/target/test-dir/MiniOzoneClusterImpl-1af845c4-9ad0-4304-ad21-7f4426eccdbd/datanode-1/data/ratis to VolumeSet
2024-01-26 21:34:10,740 [main] INFO  ozoneimpl.OzoneContainer (HddsVolumeUtil.java:loadAllHddsVolumeDbStore(103)) - Load 1 volumes DbStore cost: 0ms
2024-01-26 21:34:10,743 [a4a3addc-657d-412b-928e-3d6f899db221-ContainerReader-0] INFO  ozoneimpl.ContainerReader (ContainerReader.java:readVolume(178)) - Finish verifying containers on volume /home/runner/work/ozone/ozone/hadoop-ozone/integration-test/target/test-dir/MiniOzoneClusterImpl-1af845c4-9ad0-4304-ad21-7f4426eccdbd/datanode-1/data-0/containers/hdds
2024-01-26 21:34:10,744 [main] INFO  ozoneimpl.OzoneContainer (OzoneContainer.java:buildContainerSet(328)) - Build ContainerSet costs 0s
2024-01-26 21:34:10,748 [main] INFO  server.RaftServer (ConfUtils.java:logGet(46)) - raft.rpc.type = GRPC (default)
2024-01-26 21:34:10,748 [main] INFO  grpc.GrpcConfigKeys (ConfUtils.java:logFallback(53)) - raft.grpc.admin.host = null (fallback to raft.grpc.server.host)
2024-01-26 21:34:10,749 [main] INFO  grpc.GrpcConfigKeys (ConfUtils.java:logGet(46)) - raft.grpc.admin.port = 15022 (custom)
2024-01-26 21:34:10,750 [main] INFO  grpc.GrpcConfigKeys (ConfUtils.java:logFallback(53)) - raft.grpc.client.host = null (fallback to raft.grpc.server.host)
2024-01-26 21:34:10,750 [main] INFO  grpc.GrpcConfigKeys (ConfUtils.java:logGet(46)) - raft.grpc.client.port = 15021 (custom)
2024-01-26 21:34:10,751 [main] INFO  grpc.GrpcConfigKeys (ConfUtils.java:logGet(46)) - raft.grpc.server.host = null (default)
2024-01-26 21:34:10,751 [main] INFO  grpc.GrpcConfigKeys (ConfUtils.java:logGet(46)) - raft.grpc.server.port = 15023 (custom)
2024-01-26 21:34:10,752 [main] INFO  server.GrpcService (ConfUtils.java:logGet(46)) - raft.grpc.message.size.max = 32MB (=33554432) (custom)
2024-01-26 21:34:10,752 [main] INFO  server.RaftServerConfigKeys (ConfUtils.java:logGet(46)) - raft.server.log.appender.buffer.byte-limit = 8388608 (custom)
2024-01-26 21:34:10,753 [main] INFO  server.GrpcService (ConfUtils.java:logGet(46)) - raft.grpc.flow.control.window = 5MB (=5242880) (custom)
2024-01-26 21:34:10,753 [main] INFO  server.RaftServerConfigKeys (ConfUtils.java:logGet(46)) - raft.server.rpc.request.timeout = 60s (custom)
2024-01-26 21:34:10,753 [main] INFO  grpc.GrpcConfigKeys (ConfUtils.java:logGet(46)) - raft.grpc.server.heartbeat.channel = true (default)
2024-01-26 21:34:10,753 [main] INFO  grpc.GrpcConfigKeys (ConfUtils.java:logGet(46)) - raft.grpc.server.async.request.thread.pool.cached = true (default)
2024-01-26 21:34:10,754 [main] INFO  grpc.GrpcConfigKeys (ConfUtils.java:logGet(46)) - raft.grpc.server.async.request.thread.pool.size = 32 (default)
2024-01-26 21:34:10,756 [main] INFO  impl.DataStreamServerImpl (ConfUtils.java:logGet(46)) - raft.datastream.type = NETTY (custom)
2024-01-26 21:34:10,756 [main] INFO  server.RaftServerConfigKeys (ConfUtils.java:logGet(46)) - raft.server.data-stream.async.request.thread.pool.cached = false (default)
2024-01-26 21:34:10,756 [main] INFO  server.RaftServerConfigKeys (ConfUtils.java:logGet(46)) - raft.server.data-stream.async.request.thread.pool.size = 20 (custom)
2024-01-26 21:34:10,757 [main] INFO  server.RaftServerConfigKeys (ConfUtils.java:logGet(46)) - raft.server.data-stream.async.write.thread.pool.size = 16 (default)
2024-01-26 21:34:10,757 [main] INFO  netty.NettyConfigKeys$DataStream (ConfUtils.java:logGet(46)) - raft.netty.dataStream.server.channel.inactive.grace-period = 10min (default)
2024-01-26 21:34:10,758 [main] INFO  server.RaftServerConfigKeys (ConfUtils.java:logGet(46)) - raft.server.data-stream.client.pool.size = 10 (default)
2024-01-26 21:34:10,758 [main] INFO  netty.NettyConfigKeys$DataStream (ConfUtils.java:logGet(46)) - raft.netty.dataStream.server.use-epoll = true (default)
2024-01-26 21:34:10,758 [main] INFO  netty.NettyConfigKeys$DataStream (ConfUtils.java:logGet(46)) - raft.netty.dataStream.server.boss-group.size = 0 (default)
2024-01-26 21:34:10,758 [main] INFO  netty.NettyUtils (NettyUtils.java:newEventLoopGroup(69)) - Create EpollEventLoopGroup for a4a3addc-657d-412b-928e-3d6f899db221-NettyServerStreamRpc-bossGroup; Thread size is 0.
2024-01-26 21:34:10,759 [main] INFO  netty.NettyConfigKeys$DataStream (ConfUtils.java:logGet(46)) - raft.netty.dataStream.server.worker-group.size = 0 (default)
2024-01-26 21:34:10,759 [main] INFO  netty.NettyUtils (NettyUtils.java:newEventLoopGroup(69)) - Create EpollEventLoopGroup for a4a3addc-657d-412b-928e-3d6f899db221-NettyServerStreamRpc-workerGroup; Thread size is 0.
2024-01-26 21:34:10,760 [main] INFO  netty.NettyConfigKeys$DataStream (ConfUtils.java:logGet(46)) - raft.netty.dataStream.server.tls.conf = null (default)
2024-01-26 21:34:10,760 [main] INFO  netty.NettyConfigKeys$DataStream (ConfUtils.java:logGet(46)) - raft.netty.dataStream.host = null (default)
2024-01-26 21:34:10,760 [main] INFO  netty.NettyConfigKeys$DataStream (ConfUtils.java:logGet(46)) - raft.netty.dataStream.port = 15024 (custom)
2024-01-26 21:34:10,763 [main] INFO  server.RaftServerConfigKeys (ConfUtils.java:logGet(46)) - raft.server.sleep.deviation.threshold = 300ms (default)
2024-01-26 21:34:10,763 [main] INFO  server.RaftServerConfigKeys (ConfUtils.java:logGet(46)) - raft.server.close.threshold = 60s (default)
2024-01-26 21:34:10,768 [main] INFO  server.RaftServerConfigKeys (ConfUtils.java:logGet(46)) - raft.server.leaderelection.leader.step-down.wait-time = 10s (default)
2024-01-26 21:34:10,768 [main] INFO  server.RaftServerConfigKeys (ConfUtils.java:logGet(46)) - raft.server.storage.dir = [/home/runner/work/ozone/ozone/hadoop-ozone/integration-test/target/test-dir/MiniOzoneClusterImpl-1af845c4-9ad0-4304-ad21-7f4426eccdbd/datanode-1/data/ratis] (custom)
2024-01-26 21:34:10,768 [main] INFO  server.RaftServerConfigKeys (ConfUtils.java:logGet(46)) - raft.server.threadpool.proxy.cached = true (default)
2024-01-26 21:34:10,769 [main] INFO  server.RaftServerConfigKeys (ConfUtils.java:logGet(46)) - raft.server.threadpool.proxy.size = 0 (default)
2024-01-26 21:34:10,769 [a4a3addc-657d-412b-928e-3d6f899db221-impl-thread1] INFO  server.RaftServer (RaftServerProxy.java:initGroupDir(264)) - a4a3addc-657d-412b-928e-3d6f899db221: found a subdirectory /home/runner/work/ozone/ozone/hadoop-ozone/integration-test/target/test-dir/MiniOzoneClusterImpl-1af845c4-9ad0-4304-ad21-7f4426eccdbd/datanode-1/data/ratis/tmp
2024-01-26 21:34:10,770 [a4a3addc-657d-412b-928e-3d6f899db221-impl-thread1] INFO  server.RaftServer (RaftServerProxy.java:initGroupDir(269)) - a4a3addc-657d-412b-928e-3d6f899db221: The directory /home/runner/work/ozone/ozone/hadoop-ozone/integration-test/target/test-dir/MiniOzoneClusterImpl-1af845c4-9ad0-4304-ad21-7f4426eccdbd/datanode-1/data/ratis/tmp is not a group directory; ignoring it. 
2024-01-26 21:34:10,770 [main] INFO  replication.ReplicationServer (ReplicationServer.java:<init>(85)) - Initializing replication server with thread count = 10 queue length = 4096
2024-01-26 21:34:10,772 [main] INFO  server.XceiverServerGrpc (XceiverServerGrpc.java:<init>(141)) - GrpcServer channel type EpollServerSocketChannel
2024-01-26 21:34:10,773 [a4a3addc-657d-412b-928e-3d6f899db221-NettyServerStreamRpc-bossGroup--thread1] INFO  logging.LoggingHandler (AbstractInternalLogger.java:log(148)) - [id: 0xa027d9bf] REGISTERED
2024-01-26 21:34:10,775 [a4a3addc-657d-412b-928e-3d6f899db221-NettyServerStreamRpc-bossGroup--thread1] INFO  logging.LoggingHandler (AbstractInternalLogger.java:log(148)) - [id: 0xa027d9bf] BIND: 0.0.0.0/0.0.0.0:15024
2024-01-26 21:34:10,775 [a4a3addc-657d-412b-928e-3d6f899db221-NettyServerStreamRpc-bossGroup--thread1] INFO  logging.LoggingHandler (AbstractInternalLogger.java:log(148)) - [id: 0xa027d9bf, L:/0.0.0.0:15024] ACTIVE
2024-01-26 21:34:10,778 [main] INFO  replication.ReplicationSupervisor (ReplicationSupervisor.java:build(163)) - Initializing replication supervisor with thread count = 10
2024-01-26 21:34:10,778 [main] INFO  replication.ReplicationSupervisor (ReplicationSupervisor.java:nodeStateUpdated(317)) - Node state updated to IN_SERVICE, scaling executor pool size to 10
2024-01-26 21:34:10,782 [main] INFO  http.BaseHttpServer (BaseHttpServer.java:newHttpServer2BuilderForOzone(223)) - Starting Web-server for hddsDatanode at: http://0.0.0.0:15018
2024-01-26 21:34:10,782 [main] INFO  http.BaseHttpServer (BaseHttpServer.java:<init>(110)) - Hadoop Security Enabled: false Ozone Security Enabled: false Ozone HTTP Security Enabled: false 
2024-01-26 21:34:10,783 [main] WARN  server.AuthenticationFilter (AuthenticationFilter.java:constructSecretProvider(240)) - Unable to initialize FileSignerSecretProvider, falling back to use random secrets. Reason: Could not read signature secret file: /home/runner/hadoop-http-auth-signature-secret
2024-01-26 21:34:10,786 [main] INFO  http.HttpRequestLog (HttpRequestLog.java:getRequestLog(86)) - Http request log for http.requests.hddsDatanode is not defined
2024-01-26 21:34:10,790 [main] INFO  http.HttpServer2 (HttpServer2.java:addGlobalFilter(1036)) - Added global filter 'safety' (class=org.apache.hadoop.hdds.server.http.HttpServer2$QuotingInputFilter)
2024-01-26 21:34:10,791 [main] INFO  http.HttpServer2 (HttpServer2.java:addFilter(1012)) - Added filter static_user_filter (class=org.apache.hadoop.http.lib.StaticUserWebFilter$StaticUserFilter) to context hddsDatanode
2024-01-26 21:34:10,791 [main] INFO  http.HttpServer2 (HttpServer2.java:addFilter(1020)) - Added filter static_user_filter (class=org.apache.hadoop.http.lib.StaticUserWebFilter$StaticUserFilter) to context static
2024-01-26 21:34:10,791 [main] INFO  http.HttpServer2 (HttpServer2.java:addFilter(1020)) - Added filter static_user_filter (class=org.apache.hadoop.http.lib.StaticUserWebFilter$StaticUserFilter) to context logs
2024-01-26 21:34:10,792 [main] INFO  http.BaseHttpServer (BaseHttpServer.java:<init>(189)) - HTTP server of hddsDatanode uses base directory /home/runner/work/ozone/ozone/hadoop-ozone/integration-test/target/test-dir/MiniOzoneClusterImpl-1af845c4-9ad0-4304-ad21-7f4426eccdbd/datanode-1/meta/webserver
2024-01-26 21:34:10,792 [main] INFO  http.HttpServer2 (HttpServer2.java:bindListener(1236)) - Jetty bound to port 15018
2024-01-26 21:34:10,793 [main] INFO  server.Server (Server.java:doStart(375)) - jetty-9.4.53.v20231009; built: 2023-10-09T12:29:09.265Z; git: 27bde00a0b95a1d5bbee0eae7984f891d2d0f8c9; jvm 1.8.0_392-b08
2024-01-26 21:34:10,800 [main] INFO  server.session (DefaultSessionIdManager.java:doStart(334)) - DefaultSessionIdManager workerName=node0
2024-01-26 21:34:10,801 [main] INFO  server.session (DefaultSessionIdManager.java:doStart(339)) - No SessionScavenger set, using defaults
2024-01-26 21:34:10,801 [main] INFO  server.session (HouseKeeper.java:startScavenging(132)) - node0 Scavenging every 600000ms
2024-01-26 21:34:10,802 [main] INFO  handler.ContextHandler (ContextHandler.java:doStart(921)) - Started o.e.j.s.ServletContextHandler@7bd11ac4{logs,/logs,file:///home/runner/work/ozone/ozone/hadoop-ozone/integration-test/target/log,AVAILABLE}
2024-01-26 21:34:10,802 [main] INFO  handler.ContextHandler (ContextHandler.java:doStart(921)) - Started o.e.j.s.ServletContextHandler@609ba4a9{static,/static,jar:file:/home/runner/.m2/repository/org/apache/ozone/hdds-container-service/1.5.0-SNAPSHOT/hdds-container-service-1.5.0-SNAPSHOT.jar!/webapps/static,AVAILABLE}
2024-01-26 21:34:10,810 [67e21e31-4dca-48e2-85b4-2f4b1b69db84-DatanodeStateMachineTaskThread-0] INFO  datanode.InitDatanodeState (InitDatanodeState.java:persistContainerDatanodeDetails(139)) - DatanodeDetails is persisted to /home/runner/work/ozone/ozone/hadoop-ozone/integration-test/target/test-dir/MiniOzoneClusterImpl-1af845c4-9ad0-4304-ad21-7f4426eccdbd/datanode-0/meta/datanode.id
2024-01-26 21:34:10,846 [main] INFO  handler.ContextHandler (ContextHandler.java:doStart(921)) - Started o.e.j.w.WebAppContext@2efac41a{hddsDatanode,/,file:///home/runner/work/ozone/ozone/hadoop-ozone/integration-test/target/test-dir/MiniOzoneClusterImpl-1af845c4-9ad0-4304-ad21-7f4426eccdbd/datanode-1/meta/webserver/jetty-0_0_0_0-15018-hdds-container-service-1_5_0-SNAPSHOT_jar-_-any-5760265904911775992/webapp/,AVAILABLE}{jar:file:/home/runner/.m2/repository/org/apache/ozone/hdds-container-service/1.5.0-SNAPSHOT/hdds-container-service-1.5.0-SNAPSHOT.jar!/webapps/hddsDatanode}
2024-01-26 21:34:10,848 [main] INFO  server.AbstractConnector (AbstractConnector.java:doStart(333)) - Started ServerConnector@1c8b9022{HTTP/1.1, (http/1.1)}{0.0.0.0:15018}
2024-01-26 21:34:10,848 [main] INFO  server.Server (Server.java:doStart(415)) - Started @8017ms
2024-01-26 21:34:10,848 [main] WARN  impl.MetricsSystemImpl (MetricsSystemImpl.java:register(279)) - Sink prometheus already exists!
2024-01-26 21:34:10,849 [main] INFO  http.BaseHttpServer (BaseHttpServer.java:updateConnectorAddress(354)) - HTTP server of hddsDatanode listening at http://0.0.0.0:15018
2024-01-26 21:34:10,849 [main] INFO  ipc.CallQueueManager (CallQueueManager.java:<init>(90)) - Using callQueue: class java.util.concurrent.LinkedBlockingQueue, queueCapacity: 100, scheduler: class org.apache.hadoop.ipc.DefaultRpcScheduler, ipcBackoff: false.
2024-01-26 21:34:10,850 [main] INFO  ipc.Server (Server.java:<init>(1287)) - Listener at 0.0.0.0:15019
2024-01-26 21:34:10,850 [Socket Reader #1 for port 15019] INFO  ipc.Server (Server.java:run(1323)) - Starting Socket Reader #1 for port 15019
2024-01-26 21:34:10,868 [main] INFO  ozone.HddsDatanodeService (HddsDatanodeService.java:start(324)) - Datanode start with admins: [runner]
2024-01-26 21:34:10,869 [main] INFO  ozone.HddsDatanodeClientProtocolServer (HddsDatanodeClientProtocolServer.java:start(72)) - RPC server for Client /0.0.0.0:15019
2024-01-26 21:34:10,869 [IPC Server Responder] INFO  ipc.Server (Server.java:run(1562)) - IPC Server Responder: starting
2024-01-26 21:34:10,870 [IPC Server listener on 15019] INFO  ipc.Server (Server.java:run(1402)) - IPC Server listener on 15019: starting
2024-01-26 21:34:10,870 [a4a3addc-657d-412b-928e-3d6f899db221-DatanodeStateMachineDaemonThread] INFO  statemachine.DatanodeStateMachine (DatanodeStateMachine.java:lambda$startDaemon$1(555)) - Ozone container server started.
2024-01-26 21:34:10,871 [main] WARN  dropwizard3.Dm3MetricRegistriesImpl (Dm3MetricRegistriesImpl.java:addReporterRegistration(113)) - New reporters are added after registries were created. Some metrics will be missing from the reporter. Please add reporter before adding any new registry.
2024-01-26 21:34:10,872 [main] WARN  dropwizard3.Dm3MetricRegistriesImpl (Dm3MetricRegistriesImpl.java:addReporterRegistration(113)) - New reporters are added after registries were created. Some metrics will be missing from the reporter. Please add reporter before adding any new registry.
2024-01-26 21:34:10,872 [main] INFO  impl.MetricsSystemImpl (MetricsSystemImpl.java:init(158)) - HddsDatanode metrics system started (again)
2024-01-26 21:34:10,887 [a4a3addc-657d-412b-928e-3d6f899db221-DatanodeStateMachineTaskThread-0] INFO  datanode.InitDatanodeState (InitDatanodeState.java:persistContainerDatanodeDetails(139)) - DatanodeDetails is persisted to /home/runner/work/ozone/ozone/hadoop-ozone/integration-test/target/test-dir/MiniOzoneClusterImpl-1af845c4-9ad0-4304-ad21-7f4426eccdbd/datanode-1/meta/datanode.id
2024-01-26 21:34:10,896 [main] INFO  ozone.HddsDatanodeService (HddsDatanodeService.java:start(239)) - HddsDatanodeService host:fv-az1566-86.204dmbdutxxevaxlgbjnwxhbkd.phxx.internal.cloudapp.net ip:10.1.0.5
2024-01-26 21:34:10,915 [main] INFO  upgrade.AbstractLayoutVersionManager (AbstractLayoutVersionManager.java:init(83)) - Initializing Layout version manager with metadata layout = HADOOP_PRC_PORTS_IN_DATANODEDETAILS (version = 7), software layout = HADOOP_PRC_PORTS_IN_DATANODEDETAILS (version = 7)
2024-01-26 21:34:10,916 [main] INFO  statemachine.DatanodeStateMachine (DatanodeStateMachine.java:getEndPointTaskThreadPoolSize(299)) - Datanode State Machine Task Thread Pool size 2
2024-01-26 21:34:10,918 [main] INFO  volume.HddsVolume (HddsVolume.java:<init>(125)) - Creating HddsVolume: /home/runner/work/ozone/ozone/hadoop-ozone/integration-test/target/test-dir/MiniOzoneClusterImpl-1af845c4-9ad0-4304-ad21-7f4426eccdbd/datanode-2/data-0/containers/hdds of storage type : DISK capacity : 9223372036854775807
2024-01-26 21:34:10,919 [main] INFO  volume.MutableVolumeSet (MutableVolumeSet.java:initializeVolumeSet(173)) - Added Volume : /home/runner/work/ozone/ozone/hadoop-ozone/integration-test/target/test-dir/MiniOzoneClusterImpl-1af845c4-9ad0-4304-ad21-7f4426eccdbd/datanode-2/data-0/containers/hdds to VolumeSet
2024-01-26 21:34:10,920 [main] INFO  volume.MutableVolumeSet (MutableVolumeSet.java:initializeVolumeSet(173)) - Added Volume : /home/runner/work/ozone/ozone/hadoop-ozone/integration-test/target/test-dir/MiniOzoneClusterImpl-1af845c4-9ad0-4304-ad21-7f4426eccdbd/datanode-2/data/ratis to VolumeSet
2024-01-26 21:34:10,920 [main] INFO  ozoneimpl.OzoneContainer (HddsVolumeUtil.java:loadAllHddsVolumeDbStore(103)) - Load 1 volumes DbStore cost: 0ms
2024-01-26 21:34:10,921 [c424f152-b0b1-403f-ad43-57b6eddc8681-ContainerReader-0] INFO  ozoneimpl.ContainerReader (ContainerReader.java:readVolume(178)) - Finish verifying containers on volume /home/runner/work/ozone/ozone/hadoop-ozone/integration-test/target/test-dir/MiniOzoneClusterImpl-1af845c4-9ad0-4304-ad21-7f4426eccdbd/datanode-2/data-0/containers/hdds
2024-01-26 21:34:10,921 [main] INFO  ozoneimpl.OzoneContainer (OzoneContainer.java:buildContainerSet(328)) - Build ContainerSet costs 0s
2024-01-26 21:34:10,924 [main] INFO  server.RaftServer (ConfUtils.java:logGet(46)) - raft.rpc.type = GRPC (default)
2024-01-26 21:34:10,924 [main] INFO  grpc.GrpcConfigKeys (ConfUtils.java:logFallback(53)) - raft.grpc.admin.host = null (fallback to raft.grpc.server.host)
2024-01-26 21:34:10,924 [main] INFO  grpc.GrpcConfigKeys (ConfUtils.java:logGet(46)) - raft.grpc.admin.port = 15031 (custom)
2024-01-26 21:34:10,925 [main] INFO  grpc.GrpcConfigKeys (ConfUtils.java:logFallback(53)) - raft.grpc.client.host = null (fallback to raft.grpc.server.host)
2024-01-26 21:34:10,925 [main] INFO  grpc.GrpcConfigKeys (ConfUtils.java:logGet(46)) - raft.grpc.client.port = 15030 (custom)
2024-01-26 21:34:10,925 [main] INFO  grpc.GrpcConfigKeys (ConfUtils.java:logGet(46)) - raft.grpc.server.host = null (default)
2024-01-26 21:34:10,925 [main] INFO  grpc.GrpcConfigKeys (ConfUtils.java:logGet(46)) - raft.grpc.server.port = 15032 (custom)
2024-01-26 21:34:10,926 [main] INFO  server.GrpcService (ConfUtils.java:logGet(46)) - raft.grpc.message.size.max = 32MB (=33554432) (custom)
2024-01-26 21:34:10,926 [main] INFO  server.RaftServerConfigKeys (ConfUtils.java:logGet(46)) - raft.server.log.appender.buffer.byte-limit = 8388608 (custom)
2024-01-26 21:34:10,926 [main] INFO  server.GrpcService (ConfUtils.java:logGet(46)) - raft.grpc.flow.control.window = 5MB (=5242880) (custom)
2024-01-26 21:34:10,926 [main] INFO  server.RaftServerConfigKeys (ConfUtils.java:logGet(46)) - raft.server.rpc.request.timeout = 60s (custom)
2024-01-26 21:34:10,926 [main] INFO  grpc.GrpcConfigKeys (ConfUtils.java:logGet(46)) - raft.grpc.server.heartbeat.channel = true (default)
2024-01-26 21:34:10,927 [main] INFO  grpc.GrpcConfigKeys (ConfUtils.java:logGet(46)) - raft.grpc.server.async.request.thread.pool.cached = true (default)
2024-01-26 21:34:10,927 [main] INFO  grpc.GrpcConfigKeys (ConfUtils.java:logGet(46)) - raft.grpc.server.async.request.thread.pool.size = 32 (default)
2024-01-26 21:34:10,929 [main] INFO  impl.DataStreamServerImpl (ConfUtils.java:logGet(46)) - raft.datastream.type = NETTY (custom)
2024-01-26 21:34:10,929 [main] INFO  server.RaftServerConfigKeys (ConfUtils.java:logGet(46)) - raft.server.data-stream.async.request.thread.pool.cached = false (default)
2024-01-26 21:34:10,930 [main] INFO  server.RaftServerConfigKeys (ConfUtils.java:logGet(46)) - raft.server.data-stream.async.request.thread.pool.size = 20 (custom)
2024-01-26 21:34:10,930 [main] INFO  server.RaftServerConfigKeys (ConfUtils.java:logGet(46)) - raft.server.data-stream.async.write.thread.pool.size = 16 (default)
2024-01-26 21:34:10,930 [main] INFO  netty.NettyConfigKeys$DataStream (ConfUtils.java:logGet(46)) - raft.netty.dataStream.server.channel.inactive.grace-period = 10min (default)
2024-01-26 21:34:10,930 [main] INFO  server.RaftServerConfigKeys (ConfUtils.java:logGet(46)) - raft.server.data-stream.client.pool.size = 10 (default)
2024-01-26 21:34:10,930 [main] INFO  netty.NettyConfigKeys$DataStream (ConfUtils.java:logGet(46)) - raft.netty.dataStream.server.use-epoll = true (default)
2024-01-26 21:34:10,931 [main] INFO  netty.NettyConfigKeys$DataStream (ConfUtils.java:logGet(46)) - raft.netty.dataStream.server.boss-group.size = 0 (default)
2024-01-26 21:34:10,931 [main] INFO  netty.NettyUtils (NettyUtils.java:newEventLoopGroup(69)) - Create EpollEventLoopGroup for c424f152-b0b1-403f-ad43-57b6eddc8681-NettyServerStreamRpc-bossGroup; Thread size is 0.
2024-01-26 21:34:10,932 [main] INFO  netty.NettyConfigKeys$DataStream (ConfUtils.java:logGet(46)) - raft.netty.dataStream.server.worker-group.size = 0 (default)
2024-01-26 21:34:10,932 [main] INFO  netty.NettyUtils (NettyUtils.java:newEventLoopGroup(69)) - Create EpollEventLoopGroup for c424f152-b0b1-403f-ad43-57b6eddc8681-NettyServerStreamRpc-workerGroup; Thread size is 0.
2024-01-26 21:34:10,932 [main] INFO  netty.NettyConfigKeys$DataStream (ConfUtils.java:logGet(46)) - raft.netty.dataStream.server.tls.conf = null (default)
2024-01-26 21:34:10,933 [main] INFO  netty.NettyConfigKeys$DataStream (ConfUtils.java:logGet(46)) - raft.netty.dataStream.host = null (default)
2024-01-26 21:34:10,933 [main] INFO  netty.NettyConfigKeys$DataStream (ConfUtils.java:logGet(46)) - raft.netty.dataStream.port = 15033 (custom)
2024-01-26 21:34:10,933 [main] INFO  server.RaftServerConfigKeys (ConfUtils.java:logGet(46)) - raft.server.sleep.deviation.threshold = 300ms (default)
2024-01-26 21:34:10,934 [main] INFO  server.RaftServerConfigKeys (ConfUtils.java:logGet(46)) - raft.server.close.threshold = 60s (default)
2024-01-26 21:34:10,934 [c424f152-b0b1-403f-ad43-57b6eddc8681-NettyServerStreamRpc-bossGroup--thread1] INFO  logging.LoggingHandler (AbstractInternalLogger.java:log(148)) - [id: 0x6a8d7b40] REGISTERED
2024-01-26 21:34:10,934 [main] INFO  server.RaftServerConfigKeys (ConfUtils.java:logGet(46)) - raft.server.leaderelection.leader.step-down.wait-time = 10s (default)
2024-01-26 21:34:10,934 [c424f152-b0b1-403f-ad43-57b6eddc8681-NettyServerStreamRpc-bossGroup--thread1] INFO  logging.LoggingHandler (AbstractInternalLogger.java:log(148)) - [id: 0x6a8d7b40] BIND: 0.0.0.0/0.0.0.0:15033
2024-01-26 21:34:10,935 [c424f152-b0b1-403f-ad43-57b6eddc8681-NettyServerStreamRpc-bossGroup--thread1] INFO  logging.LoggingHandler (AbstractInternalLogger.java:log(148)) - [id: 0x6a8d7b40, L:/0.0.0.0:15033] ACTIVE
2024-01-26 21:34:10,935 [main] INFO  server.RaftServerConfigKeys (ConfUtils.java:logGet(46)) - raft.server.storage.dir = [/home/runner/work/ozone/ozone/hadoop-ozone/integration-test/target/test-dir/MiniOzoneClusterImpl-1af845c4-9ad0-4304-ad21-7f4426eccdbd/datanode-2/data/ratis] (custom)
2024-01-26 21:34:10,935 [main] INFO  server.RaftServerConfigKeys (ConfUtils.java:logGet(46)) - raft.server.threadpool.proxy.cached = true (default)
2024-01-26 21:34:10,935 [main] INFO  server.RaftServerConfigKeys (ConfUtils.java:logGet(46)) - raft.server.threadpool.proxy.size = 0 (default)
2024-01-26 21:34:10,936 [c424f152-b0b1-403f-ad43-57b6eddc8681-impl-thread1] INFO  server.RaftServer (RaftServerProxy.java:initGroupDir(264)) - c424f152-b0b1-403f-ad43-57b6eddc8681: found a subdirectory /home/runner/work/ozone/ozone/hadoop-ozone/integration-test/target/test-dir/MiniOzoneClusterImpl-1af845c4-9ad0-4304-ad21-7f4426eccdbd/datanode-2/data/ratis/tmp
2024-01-26 21:34:10,936 [c424f152-b0b1-403f-ad43-57b6eddc8681-impl-thread1] INFO  server.RaftServer (RaftServerProxy.java:initGroupDir(269)) - c424f152-b0b1-403f-ad43-57b6eddc8681: The directory /home/runner/work/ozone/ozone/hadoop-ozone/integration-test/target/test-dir/MiniOzoneClusterImpl-1af845c4-9ad0-4304-ad21-7f4426eccdbd/datanode-2/data/ratis/tmp is not a group directory; ignoring it. 
2024-01-26 21:34:10,936 [main] INFO  replication.ReplicationServer (ReplicationServer.java:<init>(85)) - Initializing replication server with thread count = 10 queue length = 4096
2024-01-26 21:34:10,937 [main] INFO  server.XceiverServerGrpc (XceiverServerGrpc.java:<init>(141)) - GrpcServer channel type EpollServerSocketChannel
2024-01-26 21:34:10,939 [main] INFO  replication.ReplicationSupervisor (ReplicationSupervisor.java:build(163)) - Initializing replication supervisor with thread count = 10
2024-01-26 21:34:10,939 [main] INFO  replication.ReplicationSupervisor (ReplicationSupervisor.java:nodeStateUpdated(317)) - Node state updated to IN_SERVICE, scaling executor pool size to 10
2024-01-26 21:34:10,941 [main] INFO  http.BaseHttpServer (BaseHttpServer.java:newHttpServer2BuilderForOzone(223)) - Starting Web-server for hddsDatanode at: http://0.0.0.0:15027
2024-01-26 21:34:10,942 [main] INFO  http.BaseHttpServer (BaseHttpServer.java:<init>(110)) - Hadoop Security Enabled: false Ozone Security Enabled: false Ozone HTTP Security Enabled: false 
2024-01-26 21:34:10,943 [main] WARN  server.AuthenticationFilter (AuthenticationFilter.java:constructSecretProvider(240)) - Unable to initialize FileSignerSecretProvider, falling back to use random secrets. Reason: Could not read signature secret file: /home/runner/hadoop-http-auth-signature-secret
2024-01-26 21:34:10,943 [main] INFO  http.HttpRequestLog (HttpRequestLog.java:getRequestLog(86)) - Http request log for http.requests.hddsDatanode is not defined
2024-01-26 21:34:10,944 [main] INFO  http.HttpServer2 (HttpServer2.java:addGlobalFilter(1036)) - Added global filter 'safety' (class=org.apache.hadoop.hdds.server.http.HttpServer2$QuotingInputFilter)
2024-01-26 21:34:10,945 [main] INFO  http.HttpServer2 (HttpServer2.java:addFilter(1012)) - Added filter static_user_filter (class=org.apache.hadoop.http.lib.StaticUserWebFilter$StaticUserFilter) to context hddsDatanode
2024-01-26 21:34:10,945 [main] INFO  http.HttpServer2 (HttpServer2.java:addFilter(1020)) - Added filter static_user_filter (class=org.apache.hadoop.http.lib.StaticUserWebFilter$StaticUserFilter) to context logs
2024-01-26 21:34:10,945 [main] INFO  http.HttpServer2 (HttpServer2.java:addFilter(1020)) - Added filter static_user_filter (class=org.apache.hadoop.http.lib.StaticUserWebFilter$StaticUserFilter) to context static
2024-01-26 21:34:10,946 [main] INFO  http.BaseHttpServer (BaseHttpServer.java:<init>(189)) - HTTP server of hddsDatanode uses base directory /home/runner/work/ozone/ozone/hadoop-ozone/integration-test/target/test-dir/MiniOzoneClusterImpl-1af845c4-9ad0-4304-ad21-7f4426eccdbd/datanode-2/meta/webserver
2024-01-26 21:34:10,946 [main] INFO  http.HttpServer2 (HttpServer2.java:bindListener(1236)) - Jetty bound to port 15027
2024-01-26 21:34:10,946 [main] INFO  server.Server (Server.java:doStart(375)) - jetty-9.4.53.v20231009; built: 2023-10-09T12:29:09.265Z; git: 27bde00a0b95a1d5bbee0eae7984f891d2d0f8c9; jvm 1.8.0_392-b08
2024-01-26 21:34:10,947 [main] INFO  server.session (DefaultSessionIdManager.java:doStart(334)) - DefaultSessionIdManager workerName=node0
2024-01-26 21:34:10,947 [main] INFO  server.session (DefaultSessionIdManager.java:doStart(339)) - No SessionScavenger set, using defaults
2024-01-26 21:34:10,948 [main] INFO  server.session (HouseKeeper.java:startScavenging(132)) - node0 Scavenging every 660000ms
2024-01-26 21:34:10,948 [main] INFO  handler.ContextHandler (ContextHandler.java:doStart(921)) - Started o.e.j.s.ServletContextHandler@1455b35e{logs,/logs,file:///home/runner/work/ozone/ozone/hadoop-ozone/integration-test/target/log,AVAILABLE}
2024-01-26 21:34:10,949 [main] INFO  handler.ContextHandler (ContextHandler.java:doStart(921)) - Started o.e.j.s.ServletContextHandler@70067ad9{static,/static,jar:file:/home/runner/.m2/repository/org/apache/ozone/hdds-container-service/1.5.0-SNAPSHOT/hdds-container-service-1.5.0-SNAPSHOT.jar!/webapps/static,AVAILABLE}
2024-01-26 21:34:10,982 [main] INFO  handler.ContextHandler (ContextHandler.java:doStart(921)) - Started o.e.j.w.WebAppContext@35419399{hddsDatanode,/,file:///home/runner/work/ozone/ozone/hadoop-ozone/integration-test/target/test-dir/MiniOzoneClusterImpl-1af845c4-9ad0-4304-ad21-7f4426eccdbd/datanode-2/meta/webserver/jetty-0_0_0_0-15027-hdds-container-service-1_5_0-SNAPSHOT_jar-_-any-6400755125317830066/webapp/,AVAILABLE}{jar:file:/home/runner/.m2/repository/org/apache/ozone/hdds-container-service/1.5.0-SNAPSHOT/hdds-container-service-1.5.0-SNAPSHOT.jar!/webapps/hddsDatanode}
2024-01-26 21:34:10,986 [main] INFO  server.AbstractConnector (AbstractConnector.java:doStart(333)) - Started ServerConnector@4e5b5ea9{HTTP/1.1, (http/1.1)}{0.0.0.0:15027}
2024-01-26 21:34:10,986 [main] INFO  server.Server (Server.java:doStart(415)) - Started @8155ms
2024-01-26 21:34:10,986 [main] WARN  impl.MetricsSystemImpl (MetricsSystemImpl.java:register(279)) - Sink prometheus already exists!
2024-01-26 21:34:10,987 [main] INFO  http.BaseHttpServer (BaseHttpServer.java:updateConnectorAddress(354)) - HTTP server of hddsDatanode listening at http://0.0.0.0:15027
2024-01-26 21:34:10,987 [main] INFO  ipc.CallQueueManager (CallQueueManager.java:<init>(90)) - Using callQueue: class java.util.concurrent.LinkedBlockingQueue, queueCapacity: 100, scheduler: class org.apache.hadoop.ipc.DefaultRpcScheduler, ipcBackoff: false.
2024-01-26 21:34:10,988 [main] INFO  ipc.Server (Server.java:<init>(1287)) - Listener at 0.0.0.0:15028
2024-01-26 21:34:10,988 [Socket Reader #1 for port 15028] INFO  ipc.Server (Server.java:run(1323)) - Starting Socket Reader #1 for port 15028
2024-01-26 21:34:10,990 [main] INFO  ozone.HddsDatanodeService (HddsDatanodeService.java:start(324)) - Datanode start with admins: [runner]
2024-01-26 21:34:10,990 [main] INFO  ozone.HddsDatanodeClientProtocolServer (HddsDatanodeClientProtocolServer.java:start(72)) - RPC server for Client /0.0.0.0:15028
2024-01-26 21:34:10,994 [IPC Server Responder] INFO  ipc.Server (Server.java:run(1562)) - IPC Server Responder: starting
2024-01-26 21:34:11,002 [IPC Server listener on 15028] INFO  ipc.Server (Server.java:run(1402)) - IPC Server listener on 15028: starting
2024-01-26 21:34:11,003 [main] WARN  dropwizard3.Dm3MetricRegistriesImpl (Dm3MetricRegistriesImpl.java:addReporterRegistration(113)) - New reporters are added after registries were created. Some metrics will be missing from the reporter. Please add reporter before adding any new registry.
2024-01-26 21:34:11,004 [main] WARN  dropwizard3.Dm3MetricRegistriesImpl (Dm3MetricRegistriesImpl.java:addReporterRegistration(113)) - New reporters are added after registries were created. Some metrics will be missing from the reporter. Please add reporter before adding any new registry.
2024-01-26 21:34:11,004 [main] INFO  impl.MetricsSystemImpl (MetricsSystemImpl.java:init(158)) - HddsDatanode metrics system started (again)
2024-01-26 21:34:11,008 [c424f152-b0b1-403f-ad43-57b6eddc8681-DatanodeStateMachineDaemonThread] INFO  statemachine.DatanodeStateMachine (DatanodeStateMachine.java:lambda$startDaemon$1(555)) - Ozone container server started.
2024-01-26 21:34:11,017 [c424f152-b0b1-403f-ad43-57b6eddc8681-DatanodeStateMachineTaskThread-0] INFO  datanode.InitDatanodeState (InitDatanodeState.java:persistContainerDatanodeDetails(139)) - DatanodeDetails is persisted to /home/runner/work/ozone/ozone/hadoop-ozone/integration-test/target/test-dir/MiniOzoneClusterImpl-1af845c4-9ad0-4304-ad21-7f4426eccdbd/datanode-2/meta/datanode.id
2024-01-26 21:34:11,019 [main] INFO  ozone.HddsDatanodeService (HddsDatanodeService.java:start(239)) - HddsDatanodeService host:fv-az1566-86.204dmbdutxxevaxlgbjnwxhbkd.phxx.internal.cloudapp.net ip:10.1.0.5
2024-01-26 21:34:11,040 [main] INFO  upgrade.AbstractLayoutVersionManager (AbstractLayoutVersionManager.java:init(83)) - Initializing Layout version manager with metadata layout = HADOOP_PRC_PORTS_IN_DATANODEDETAILS (version = 7), software layout = HADOOP_PRC_PORTS_IN_DATANODEDETAILS (version = 7)
2024-01-26 21:34:11,041 [main] INFO  statemachine.DatanodeStateMachine (DatanodeStateMachine.java:getEndPointTaskThreadPoolSize(299)) - Datanode State Machine Task Thread Pool size 2
2024-01-26 21:34:11,043 [main] INFO  volume.HddsVolume (HddsVolume.java:<init>(125)) - Creating HddsVolume: /home/runner/work/ozone/ozone/hadoop-ozone/integration-test/target/test-dir/MiniOzoneClusterImpl-1af845c4-9ad0-4304-ad21-7f4426eccdbd/datanode-3/data-0/containers/hdds of storage type : DISK capacity : 9223372036854775807
2024-01-26 21:34:11,044 [main] INFO  volume.MutableVolumeSet (MutableVolumeSet.java:initializeVolumeSet(173)) - Added Volume : /home/runner/work/ozone/ozone/hadoop-ozone/integration-test/target/test-dir/MiniOzoneClusterImpl-1af845c4-9ad0-4304-ad21-7f4426eccdbd/datanode-3/data-0/containers/hdds to VolumeSet
2024-01-26 21:34:11,045 [main] INFO  volume.MutableVolumeSet (MutableVolumeSet.java:initializeVolumeSet(173)) - Added Volume : /home/runner/work/ozone/ozone/hadoop-ozone/integration-test/target/test-dir/MiniOzoneClusterImpl-1af845c4-9ad0-4304-ad21-7f4426eccdbd/datanode-3/data/ratis to VolumeSet
2024-01-26 21:34:11,045 [main] INFO  ozoneimpl.OzoneContainer (HddsVolumeUtil.java:loadAllHddsVolumeDbStore(103)) - Load 1 volumes DbStore cost: 0ms
2024-01-26 21:34:11,049 [4166fb02-ca0d-4de6-a961-378c6a3b2890-ContainerReader-0] INFO  ozoneimpl.ContainerReader (ContainerReader.java:readVolume(178)) - Finish verifying containers on volume /home/runner/work/ozone/ozone/hadoop-ozone/integration-test/target/test-dir/MiniOzoneClusterImpl-1af845c4-9ad0-4304-ad21-7f4426eccdbd/datanode-3/data-0/containers/hdds
2024-01-26 21:34:11,049 [main] INFO  ozoneimpl.OzoneContainer (OzoneContainer.java:buildContainerSet(328)) - Build ContainerSet costs 0s
2024-01-26 21:34:11,052 [main] INFO  server.RaftServer (ConfUtils.java:logGet(46)) - raft.rpc.type = GRPC (default)
2024-01-26 21:34:11,052 [main] INFO  grpc.GrpcConfigKeys (ConfUtils.java:logFallback(53)) - raft.grpc.admin.host = null (fallback to raft.grpc.server.host)
2024-01-26 21:34:11,053 [main] INFO  grpc.GrpcConfigKeys (ConfUtils.java:logGet(46)) - raft.grpc.admin.port = 15040 (custom)
2024-01-26 21:34:11,053 [main] INFO  grpc.GrpcConfigKeys (ConfUtils.java:logFallback(53)) - raft.grpc.client.host = null (fallback to raft.grpc.server.host)
2024-01-26 21:34:11,053 [main] INFO  grpc.GrpcConfigKeys (ConfUtils.java:logGet(46)) - raft.grpc.client.port = 15039 (custom)
2024-01-26 21:34:11,053 [main] INFO  grpc.GrpcConfigKeys (ConfUtils.java:logGet(46)) - raft.grpc.server.host = null (default)
2024-01-26 21:34:11,053 [main] INFO  grpc.GrpcConfigKeys (ConfUtils.java:logGet(46)) - raft.grpc.server.port = 15041 (custom)
2024-01-26 21:34:11,054 [main] INFO  server.GrpcService (ConfUtils.java:logGet(46)) - raft.grpc.message.size.max = 32MB (=33554432) (custom)
2024-01-26 21:34:11,054 [main] INFO  server.RaftServerConfigKeys (ConfUtils.java:logGet(46)) - raft.server.log.appender.buffer.byte-limit = 8388608 (custom)
2024-01-26 21:34:11,055 [main] INFO  server.GrpcService (ConfUtils.java:logGet(46)) - raft.grpc.flow.control.window = 5MB (=5242880) (custom)
2024-01-26 21:34:11,055 [main] INFO  server.RaftServerConfigKeys (ConfUtils.java:logGet(46)) - raft.server.rpc.request.timeout = 60s (custom)
2024-01-26 21:34:11,055 [main] INFO  grpc.GrpcConfigKeys (ConfUtils.java:logGet(46)) - raft.grpc.server.heartbeat.channel = true (default)
2024-01-26 21:34:11,055 [main] INFO  grpc.GrpcConfigKeys (ConfUtils.java:logGet(46)) - raft.grpc.server.async.request.thread.pool.cached = true (default)
2024-01-26 21:34:11,056 [main] INFO  grpc.GrpcConfigKeys (ConfUtils.java:logGet(46)) - raft.grpc.server.async.request.thread.pool.size = 32 (default)
2024-01-26 21:34:11,058 [main] INFO  impl.DataStreamServerImpl (ConfUtils.java:logGet(46)) - raft.datastream.type = NETTY (custom)
2024-01-26 21:34:11,058 [main] INFO  server.RaftServerConfigKeys (ConfUtils.java:logGet(46)) - raft.server.data-stream.async.request.thread.pool.cached = false (default)
2024-01-26 21:34:11,059 [main] INFO  server.RaftServerConfigKeys (ConfUtils.java:logGet(46)) - raft.server.data-stream.async.request.thread.pool.size = 20 (custom)
2024-01-26 21:34:11,059 [main] INFO  server.RaftServerConfigKeys (ConfUtils.java:logGet(46)) - raft.server.data-stream.async.write.thread.pool.size = 16 (default)
2024-01-26 21:34:11,059 [main] INFO  netty.NettyConfigKeys$DataStream (ConfUtils.java:logGet(46)) - raft.netty.dataStream.server.channel.inactive.grace-period = 10min (default)
2024-01-26 21:34:11,059 [main] INFO  server.RaftServerConfigKeys (ConfUtils.java:logGet(46)) - raft.server.data-stream.client.pool.size = 10 (default)
2024-01-26 21:34:11,059 [main] INFO  netty.NettyConfigKeys$DataStream (ConfUtils.java:logGet(46)) - raft.netty.dataStream.server.use-epoll = true (default)
2024-01-26 21:34:11,060 [main] INFO  netty.NettyConfigKeys$DataStream (ConfUtils.java:logGet(46)) - raft.netty.dataStream.server.boss-group.size = 0 (default)
2024-01-26 21:34:11,060 [main] INFO  netty.NettyUtils (NettyUtils.java:newEventLoopGroup(69)) - Create EpollEventLoopGroup for 4166fb02-ca0d-4de6-a961-378c6a3b2890-NettyServerStreamRpc-bossGroup; Thread size is 0.
2024-01-26 21:34:11,061 [main] INFO  netty.NettyConfigKeys$DataStream (ConfUtils.java:logGet(46)) - raft.netty.dataStream.server.worker-group.size = 0 (default)
2024-01-26 21:34:11,061 [main] INFO  netty.NettyUtils (NettyUtils.java:newEventLoopGroup(69)) - Create EpollEventLoopGroup for 4166fb02-ca0d-4de6-a961-378c6a3b2890-NettyServerStreamRpc-workerGroup; Thread size is 0.
2024-01-26 21:34:11,061 [main] INFO  netty.NettyConfigKeys$DataStream (ConfUtils.java:logGet(46)) - raft.netty.dataStream.server.tls.conf = null (default)
2024-01-26 21:34:11,062 [main] INFO  netty.NettyConfigKeys$DataStream (ConfUtils.java:logGet(46)) - raft.netty.dataStream.host = null (default)
2024-01-26 21:34:11,062 [main] INFO  netty.NettyConfigKeys$DataStream (ConfUtils.java:logGet(46)) - raft.netty.dataStream.port = 15042 (custom)
2024-01-26 21:34:11,062 [main] INFO  server.RaftServerConfigKeys (ConfUtils.java:logGet(46)) - raft.server.sleep.deviation.threshold = 300ms (default)
2024-01-26 21:34:11,063 [main] INFO  server.RaftServerConfigKeys (ConfUtils.java:logGet(46)) - raft.server.close.threshold = 60s (default)
2024-01-26 21:34:11,063 [4166fb02-ca0d-4de6-a961-378c6a3b2890-NettyServerStreamRpc-bossGroup--thread1] INFO  logging.LoggingHandler (AbstractInternalLogger.java:log(148)) - [id: 0xf26f9e9f] REGISTERED
2024-01-26 21:34:11,064 [main] INFO  server.RaftServerConfigKeys (ConfUtils.java:logGet(46)) - raft.server.leaderelection.leader.step-down.wait-time = 10s (default)
2024-01-26 21:34:11,064 [4166fb02-ca0d-4de6-a961-378c6a3b2890-NettyServerStreamRpc-bossGroup--thread1] INFO  logging.LoggingHandler (AbstractInternalLogger.java:log(148)) - [id: 0xf26f9e9f] BIND: 0.0.0.0/0.0.0.0:15042
2024-01-26 21:34:11,064 [main] INFO  server.RaftServerConfigKeys (ConfUtils.java:logGet(46)) - raft.server.storage.dir = [/home/runner/work/ozone/ozone/hadoop-ozone/integration-test/target/test-dir/MiniOzoneClusterImpl-1af845c4-9ad0-4304-ad21-7f4426eccdbd/datanode-3/data/ratis] (custom)
2024-01-26 21:34:11,064 [4166fb02-ca0d-4de6-a961-378c6a3b2890-NettyServerStreamRpc-bossGroup--thread1] INFO  logging.LoggingHandler (AbstractInternalLogger.java:log(148)) - [id: 0xf26f9e9f, L:/0.0.0.0:15042] ACTIVE
2024-01-26 21:34:11,064 [main] INFO  server.RaftServerConfigKeys (ConfUtils.java:logGet(46)) - raft.server.threadpool.proxy.cached = true (default)
2024-01-26 21:34:11,065 [main] INFO  server.RaftServerConfigKeys (ConfUtils.java:logGet(46)) - raft.server.threadpool.proxy.size = 0 (default)
2024-01-26 21:34:11,065 [4166fb02-ca0d-4de6-a961-378c6a3b2890-impl-thread1] INFO  server.RaftServer (RaftServerProxy.java:initGroupDir(264)) - 4166fb02-ca0d-4de6-a961-378c6a3b2890: found a subdirectory /home/runner/work/ozone/ozone/hadoop-ozone/integration-test/target/test-dir/MiniOzoneClusterImpl-1af845c4-9ad0-4304-ad21-7f4426eccdbd/datanode-3/data/ratis/tmp
2024-01-26 21:34:11,065 [4166fb02-ca0d-4de6-a961-378c6a3b2890-impl-thread1] INFO  server.RaftServer (RaftServerProxy.java:initGroupDir(269)) - 4166fb02-ca0d-4de6-a961-378c6a3b2890: The directory /home/runner/work/ozone/ozone/hadoop-ozone/integration-test/target/test-dir/MiniOzoneClusterImpl-1af845c4-9ad0-4304-ad21-7f4426eccdbd/datanode-3/data/ratis/tmp is not a group directory; ignoring it. 
2024-01-26 21:34:11,066 [main] INFO  replication.ReplicationServer (ReplicationServer.java:<init>(85)) - Initializing replication server with thread count = 10 queue length = 4096
2024-01-26 21:34:11,067 [main] INFO  server.XceiverServerGrpc (XceiverServerGrpc.java:<init>(141)) - GrpcServer channel type EpollServerSocketChannel
2024-01-26 21:34:11,068 [main] INFO  replication.ReplicationSupervisor (ReplicationSupervisor.java:build(163)) - Initializing replication supervisor with thread count = 10
2024-01-26 21:34:11,069 [main] INFO  replication.ReplicationSupervisor (ReplicationSupervisor.java:nodeStateUpdated(317)) - Node state updated to IN_SERVICE, scaling executor pool size to 10
2024-01-26 21:34:11,071 [main] INFO  http.BaseHttpServer (BaseHttpServer.java:newHttpServer2BuilderForOzone(223)) - Starting Web-server for hddsDatanode at: http://0.0.0.0:15036
2024-01-26 21:34:11,072 [main] INFO  http.BaseHttpServer (BaseHttpServer.java:<init>(110)) - Hadoop Security Enabled: false Ozone Security Enabled: false Ozone HTTP Security Enabled: false 
2024-01-26 21:34:11,073 [main] WARN  server.AuthenticationFilter (AuthenticationFilter.java:constructSecretProvider(240)) - Unable to initialize FileSignerSecretProvider, falling back to use random secrets. Reason: Could not read signature secret file: /home/runner/hadoop-http-auth-signature-secret
2024-01-26 21:34:11,074 [main] INFO  http.HttpRequestLog (HttpRequestLog.java:getRequestLog(86)) - Http request log for http.requests.hddsDatanode is not defined
2024-01-26 21:34:11,075 [main] INFO  http.HttpServer2 (HttpServer2.java:addGlobalFilter(1036)) - Added global filter 'safety' (class=org.apache.hadoop.hdds.server.http.HttpServer2$QuotingInputFilter)
2024-01-26 21:34:11,076 [main] INFO  http.HttpServer2 (HttpServer2.java:addFilter(1012)) - Added filter static_user_filter (class=org.apache.hadoop.http.lib.StaticUserWebFilter$StaticUserFilter) to context hddsDatanode
2024-01-26 21:34:11,076 [main] INFO  http.HttpServer2 (HttpServer2.java:addFilter(1020)) - Added filter static_user_filter (class=org.apache.hadoop.http.lib.StaticUserWebFilter$StaticUserFilter) to context logs
2024-01-26 21:34:11,076 [main] INFO  http.HttpServer2 (HttpServer2.java:addFilter(1020)) - Added filter static_user_filter (class=org.apache.hadoop.http.lib.StaticUserWebFilter$StaticUserFilter) to context static
2024-01-26 21:34:11,077 [main] INFO  http.BaseHttpServer (BaseHttpServer.java:<init>(189)) - HTTP server of hddsDatanode uses base directory /home/runner/work/ozone/ozone/hadoop-ozone/integration-test/target/test-dir/MiniOzoneClusterImpl-1af845c4-9ad0-4304-ad21-7f4426eccdbd/datanode-3/meta/webserver
2024-01-26 21:34:11,077 [main] INFO  http.HttpServer2 (HttpServer2.java:bindListener(1236)) - Jetty bound to port 15036
2024-01-26 21:34:11,077 [main] INFO  server.Server (Server.java:doStart(375)) - jetty-9.4.53.v20231009; built: 2023-10-09T12:29:09.265Z; git: 27bde00a0b95a1d5bbee0eae7984f891d2d0f8c9; jvm 1.8.0_392-b08
2024-01-26 21:34:11,080 [main] INFO  server.session (DefaultSessionIdManager.java:doStart(334)) - DefaultSessionIdManager workerName=node0
2024-01-26 21:34:11,080 [main] INFO  server.session (DefaultSessionIdManager.java:doStart(339)) - No SessionScavenger set, using defaults
2024-01-26 21:34:11,080 [main] INFO  server.session (HouseKeeper.java:startScavenging(132)) - node0 Scavenging every 660000ms
2024-01-26 21:34:11,081 [main] INFO  handler.ContextHandler (ContextHandler.java:doStart(921)) - Started o.e.j.s.ServletContextHandler@415f2c7e{logs,/logs,file:///home/runner/work/ozone/ozone/hadoop-ozone/integration-test/target/log,AVAILABLE}
2024-01-26 21:34:11,081 [main] INFO  handler.ContextHandler (ContextHandler.java:doStart(921)) - Started o.e.j.s.ServletContextHandler@2d726c90{static,/static,jar:file:/home/runner/.m2/repository/org/apache/ozone/hdds-container-service/1.5.0-SNAPSHOT/hdds-container-service-1.5.0-SNAPSHOT.jar!/webapps/static,AVAILABLE}
2024-01-26 21:34:11,093 [om1@group-C5BA1605619E-FollowerState] INFO  impl.FollowerState (FollowerState.java:run(143)) - om1@group-C5BA1605619E-FollowerState: change to CANDIDATE, lastRpcElapsedTime:1118603259ns, electionTimeout:1110ms
2024-01-26 21:34:11,093 [om1@group-C5BA1605619E-FollowerState] INFO  impl.RoleInfo (RoleInfo.java:shutdownFollowerState(110)) - om1: shutdown om1@group-C5BA1605619E-FollowerState
2024-01-26 21:34:11,094 [om1@group-C5BA1605619E-FollowerState] INFO  server.RaftServer$Division (RaftServerImpl.java:setRole(383)) - om1@group-C5BA1605619E: changes role from  FOLLOWER to CANDIDATE at term 0 for changeToCandidate
2024-01-26 21:34:11,097 [om1@group-C5BA1605619E-FollowerState] INFO  server.RaftServerConfigKeys (ConfUtils.java:logGet(46)) - raft.server.leaderelection.pre-vote = true (default)
2024-01-26 21:34:11,097 [om1@group-C5BA1605619E-FollowerState] INFO  impl.RoleInfo (RoleInfo.java:updateAndGet(139)) - om1: start om1@group-C5BA1605619E-LeaderElection1
2024-01-26 21:34:11,101 [om1@group-C5BA1605619E-LeaderElection1] INFO  impl.LeaderElection (LeaderElection.java:askForVotes(321)) - om1@group-C5BA1605619E-LeaderElection1 PRE_VOTE round 0: submit vote requests at term 0 for -1: peers:[om1|localhost:15007]|listeners:[], old=null
2024-01-26 21:34:11,102 [om1@group-C5BA1605619E-LeaderElection1] INFO  impl.LeaderElection (LeaderElection.java:askForVotes(323)) - om1@group-C5BA1605619E-LeaderElection1 PRE_VOTE round 0: result PASSED (term=0)
2024-01-26 21:34:11,104 [om1@group-C5BA1605619E-LeaderElection1] INFO  impl.LeaderElection (LeaderElection.java:askForVotes(321)) - om1@group-C5BA1605619E-LeaderElection1 ELECTION round 0: submit vote requests at term 1 for -1: peers:[om1|localhost:15007]|listeners:[], old=null
2024-01-26 21:34:11,105 [om1@group-C5BA1605619E-LeaderElection1] INFO  impl.LeaderElection (LeaderElection.java:askForVotes(323)) - om1@group-C5BA1605619E-LeaderElection1 ELECTION round 0: result PASSED (term=1)
2024-01-26 21:34:11,105 [om1@group-C5BA1605619E-LeaderElection1] INFO  impl.RoleInfo (RoleInfo.java:shutdownLeaderElection(130)) - om1: shutdown om1@group-C5BA1605619E-LeaderElection1
2024-01-26 21:34:11,106 [om1@group-C5BA1605619E-LeaderElection1] INFO  server.RaftServer$Division (RaftServerImpl.java:setRole(383)) - om1@group-C5BA1605619E: changes role from CANDIDATE to LEADER at term 1 for changeToLeader
2024-01-26 21:34:11,111 [om1@group-C5BA1605619E-LeaderElection1] INFO  server.RaftServerConfigKeys (ConfUtils.java:logGet(46)) - raft.server.staging.catchup.gap = 1000 (default)
2024-01-26 21:34:11,116 [om1@group-C5BA1605619E-LeaderElection1] INFO  server.RaftServerConfigKeys (ConfUtils.java:logGet(46)) - raft.server.write.element-limit = 4096 (default)
2024-01-26 21:34:11,117 [om1@group-C5BA1605619E-LeaderElection1] INFO  server.RaftServerConfigKeys (ConfUtils.java:logGet(46)) - raft.server.write.byte-limit = 64MB (=67108864) (default)
2024-01-26 21:34:11,120 [om1@group-C5BA1605619E-LeaderElection1] INFO  server.RaftServerConfigKeys (ConfUtils.java:logGet(46)) - raft.server.watch.timeout = 10s (default)
2024-01-26 21:34:11,121 [om1@group-C5BA1605619E-LeaderElection1] INFO  server.RaftServerConfigKeys (ConfUtils.java:logGet(46)) - raft.server.watch.timeout.denomination = 1s (default)
2024-01-26 21:34:11,121 [om1@group-C5BA1605619E-LeaderElection1] INFO  server.RaftServerConfigKeys (ConfUtils.java:logGet(46)) - raft.server.watch.element-limit = 65536 (default)
2024-01-26 21:34:11,126 [om1@group-C5BA1605619E-LeaderElection1] INFO  server.RaftServerConfigKeys (ConfUtils.java:logGet(46)) - raft.server.read.leader.lease.enabled = false (default)
2024-01-26 21:34:11,131 [om1@group-C5BA1605619E-LeaderElection1] INFO  server.RaftServerConfigKeys (ConfUtils.java:logGet(46)) - raft.server.read.leader.lease.timeout.ratio = 0.9 (default)
2024-01-26 21:34:11,132 [om1@group-C5BA1605619E-LeaderElection1] INFO  server.RaftServerConfigKeys (ConfUtils.java:logGet(46)) - raft.server.rpc.timeout.min = 1s (custom)
2024-01-26 21:34:11,132 [om1@group-C5BA1605619E-LeaderElection1] INFO  server.RaftServerConfigKeys (ConfUtils.java:logGet(46)) - raft.server.write.element-limit = 4096 (default)
2024-01-26 21:34:11,133 [om1@group-C5BA1605619E-LeaderElection1] INFO  server.RaftServerConfigKeys (ConfUtils.java:logGet(46)) - raft.server.write.follower.gap.ratio.max = -1.0 (default)
2024-01-26 21:34:11,133 [main] INFO  handler.ContextHandler (ContextHandler.java:doStart(921)) - Started o.e.j.w.WebAppContext@181584c{hddsDatanode,/,file:///home/runner/work/ozone/ozone/hadoop-ozone/integration-test/target/test-dir/MiniOzoneClusterImpl-1af845c4-9ad0-4304-ad21-7f4426eccdbd/datanode-3/meta/webserver/jetty-0_0_0_0-15036-hdds-container-service-1_5_0-SNAPSHOT_jar-_-any-1274772369875689667/webapp/,AVAILABLE}{jar:file:/home/runner/.m2/repository/org/apache/ozone/hdds-container-service/1.5.0-SNAPSHOT/hdds-container-service-1.5.0-SNAPSHOT.jar!/webapps/hddsDatanode}
2024-01-26 21:34:11,134 [om1@group-C5BA1605619E-LeaderElection1] INFO  impl.RoleInfo (RoleInfo.java:updateAndGet(139)) - om1: start om1@group-C5BA1605619E-LeaderStateImpl
2024-01-26 21:34:11,135 [om1@group-C5BA1605619E-LeaderElection1] INFO  server.RaftServer$Division (RaftServerImpl.java:setFirstElection(574)) - om1@group-C5BA1605619E: set firstElectionSinceStartup to false for becomeLeader
2024-01-26 21:34:11,137 [om1@group-C5BA1605619E-LeaderElection1] INFO  server.RaftServer$Division (ServerState.java:setLeader(269)) - om1@group-C5BA1605619E: change Leader from null to om1 at term 1 for becomeLeader, leader elected after 1858ms
2024-01-26 21:34:11,144 [main] INFO  server.AbstractConnector (AbstractConnector.java:doStart(333)) - Started ServerConnector@26f11a9{HTTP/1.1, (http/1.1)}{0.0.0.0:15036}
2024-01-26 21:34:11,145 [main] INFO  server.Server (Server.java:doStart(415)) - Started @8313ms
2024-01-26 21:34:11,145 [main] WARN  impl.MetricsSystemImpl (MetricsSystemImpl.java:register(279)) - Sink prometheus already exists!
2024-01-26 21:34:11,146 [main] INFO  http.BaseHttpServer (BaseHttpServer.java:updateConnectorAddress(354)) - HTTP server of hddsDatanode listening at http://0.0.0.0:15036
2024-01-26 21:34:11,146 [main] INFO  ipc.CallQueueManager (CallQueueManager.java:<init>(90)) - Using callQueue: class java.util.concurrent.LinkedBlockingQueue, queueCapacity: 100, scheduler: class org.apache.hadoop.ipc.DefaultRpcScheduler, ipcBackoff: false.
2024-01-26 21:34:11,146 [main] INFO  ipc.Server (Server.java:<init>(1287)) - Listener at 0.0.0.0:15037
2024-01-26 21:34:11,151 [Socket Reader #1 for port 15037] INFO  ipc.Server (Server.java:run(1323)) - Starting Socket Reader #1 for port 15037
2024-01-26 21:34:11,157 [main] INFO  ozone.HddsDatanodeService (HddsDatanodeService.java:start(324)) - Datanode start with admins: [runner]
2024-01-26 21:34:11,157 [main] INFO  ozone.HddsDatanodeClientProtocolServer (HddsDatanodeClientProtocolServer.java:start(72)) - RPC server for Client /0.0.0.0:15037
2024-01-26 21:34:11,157 [IPC Server Responder] INFO  ipc.Server (Server.java:run(1562)) - IPC Server Responder: starting
2024-01-26 21:34:11,157 [IPC Server listener on 15037] INFO  ipc.Server (Server.java:run(1402)) - IPC Server listener on 15037: starting
2024-01-26 21:34:11,163 [4166fb02-ca0d-4de6-a961-378c6a3b2890-DatanodeStateMachineDaemonThread] INFO  statemachine.DatanodeStateMachine (DatanodeStateMachine.java:lambda$startDaemon$1(555)) - Ozone container server started.
2024-01-26 21:34:11,164 [main] WARN  dropwizard3.Dm3MetricRegistriesImpl (Dm3MetricRegistriesImpl.java:addReporterRegistration(113)) - New reporters are added after registries were created. Some metrics will be missing from the reporter. Please add reporter before adding any new registry.
2024-01-26 21:34:11,165 [main] WARN  dropwizard3.Dm3MetricRegistriesImpl (Dm3MetricRegistriesImpl.java:addReporterRegistration(113)) - New reporters are added after registries were created. Some metrics will be missing from the reporter. Please add reporter before adding any new registry.
2024-01-26 21:34:11,165 [main] INFO  impl.MetricsSystemImpl (MetricsSystemImpl.java:init(158)) - HddsDatanode metrics system started (again)
2024-01-26 21:34:11,166 [om1@group-C5BA1605619E-LeaderElection1] INFO  segmented.SegmentedRaftLogWorker (SegmentedRaftLogWorker.java:startLogSegment(430)) - om1@group-C5BA1605619E-SegmentedRaftLogWorker: Starting segment from index:0
2024-01-26 21:34:11,175 [4166fb02-ca0d-4de6-a961-378c6a3b2890-DatanodeStateMachineTaskThread-0] INFO  datanode.InitDatanodeState (InitDatanodeState.java:persistContainerDatanodeDetails(139)) - DatanodeDetails is persisted to /home/runner/work/ozone/ozone/hadoop-ozone/integration-test/target/test-dir/MiniOzoneClusterImpl-1af845c4-9ad0-4304-ad21-7f4426eccdbd/datanode-3/meta/datanode.id
2024-01-26 21:34:11,185 [om1@group-C5BA1605619E-SegmentedRaftLogWorker] INFO  segmented.BufferedWriteChannel (BufferedWriteChannel.java:open(62)) - open log_inprogress_0 at position 0
2024-01-26 21:34:11,185 [main] INFO  ozone.HddsDatanodeService (HddsDatanodeService.java:start(239)) - HddsDatanodeService host:fv-az1566-86.204dmbdutxxevaxlgbjnwxhbkd.phxx.internal.cloudapp.net ip:10.1.0.5
2024-01-26 21:34:11,193 [om1@group-C5BA1605619E-SegmentedRaftLogWorker] INFO  segmented.SegmentedRaftLogWorker (SegmentedRaftLogWorker.java:execute(634)) - om1@group-C5BA1605619E-SegmentedRaftLogWorker: created new log segment /home/runner/work/ozone/ozone/hadoop-ozone/integration-test/target/test-dir/MiniOzoneClusterImpl-1af845c4-9ad0-4304-ad21-7f4426eccdbd/ozone-meta/ratis/bf265839-605b-3f16-9796-c5ba1605619e/current/log_inprogress_0
2024-01-26 21:34:11,203 [om1@group-C5BA1605619E-LeaderElection1] INFO  server.RaftServer$Division (ServerState.java:setRaftConf(386)) - om1@group-C5BA1605619E: set configuration 0: peers:[om1|localhost:15007]|listeners:[], old=null
2024-01-26 21:34:11,206 [main] INFO  upgrade.AbstractLayoutVersionManager (AbstractLayoutVersionManager.java:init(83)) - Initializing Layout version manager with metadata layout = HADOOP_PRC_PORTS_IN_DATANODEDETAILS (version = 7), software layout = HADOOP_PRC_PORTS_IN_DATANODEDETAILS (version = 7)
2024-01-26 21:34:11,207 [main] INFO  statemachine.DatanodeStateMachine (DatanodeStateMachine.java:getEndPointTaskThreadPoolSize(299)) - Datanode State Machine Task Thread Pool size 2
2024-01-26 21:34:11,209 [main] INFO  volume.HddsVolume (HddsVolume.java:<init>(125)) - Creating HddsVolume: /home/runner/work/ozone/ozone/hadoop-ozone/integration-test/target/test-dir/MiniOzoneClusterImpl-1af845c4-9ad0-4304-ad21-7f4426eccdbd/datanode-4/data-0/containers/hdds of storage type : DISK capacity : 9223372036854775807
2024-01-26 21:34:11,209 [main] INFO  volume.MutableVolumeSet (MutableVolumeSet.java:initializeVolumeSet(173)) - Added Volume : /home/runner/work/ozone/ozone/hadoop-ozone/integration-test/target/test-dir/MiniOzoneClusterImpl-1af845c4-9ad0-4304-ad21-7f4426eccdbd/datanode-4/data-0/containers/hdds to VolumeSet
2024-01-26 21:34:11,210 [main] INFO  volume.MutableVolumeSet (MutableVolumeSet.java:initializeVolumeSet(173)) - Added Volume : /home/runner/work/ozone/ozone/hadoop-ozone/integration-test/target/test-dir/MiniOzoneClusterImpl-1af845c4-9ad0-4304-ad21-7f4426eccdbd/datanode-4/data/ratis to VolumeSet
2024-01-26 21:34:11,213 [main] INFO  ozoneimpl.OzoneContainer (HddsVolumeUtil.java:loadAllHddsVolumeDbStore(103)) - Load 1 volumes DbStore cost: 2ms
2024-01-26 21:34:11,214 [209e1d4e-6bc3-40d2-a53c-4015c1ab1ac0-ContainerReader-0] INFO  ozoneimpl.ContainerReader (ContainerReader.java:readVolume(178)) - Finish verifying containers on volume /home/runner/work/ozone/ozone/hadoop-ozone/integration-test/target/test-dir/MiniOzoneClusterImpl-1af845c4-9ad0-4304-ad21-7f4426eccdbd/datanode-4/data-0/containers/hdds
2024-01-26 21:34:11,214 [main] INFO  ozoneimpl.OzoneContainer (OzoneContainer.java:buildContainerSet(328)) - Build ContainerSet costs 0s
2024-01-26 21:34:11,217 [main] INFO  server.RaftServer (ConfUtils.java:logGet(46)) - raft.rpc.type = GRPC (default)
2024-01-26 21:34:11,217 [main] INFO  grpc.GrpcConfigKeys (ConfUtils.java:logFallback(53)) - raft.grpc.admin.host = null (fallback to raft.grpc.server.host)
2024-01-26 21:34:11,217 [main] INFO  grpc.GrpcConfigKeys (ConfUtils.java:logGet(46)) - raft.grpc.admin.port = 15049 (custom)
2024-01-26 21:34:11,217 [main] INFO  grpc.GrpcConfigKeys (ConfUtils.java:logFallback(53)) - raft.grpc.client.host = null (fallback to raft.grpc.server.host)
2024-01-26 21:34:11,218 [main] INFO  grpc.GrpcConfigKeys (ConfUtils.java:logGet(46)) - raft.grpc.client.port = 15048 (custom)
2024-01-26 21:34:11,218 [main] INFO  grpc.GrpcConfigKeys (ConfUtils.java:logGet(46)) - raft.grpc.server.host = null (default)
2024-01-26 21:34:11,218 [main] INFO  grpc.GrpcConfigKeys (ConfUtils.java:logGet(46)) - raft.grpc.server.port = 15050 (custom)
2024-01-26 21:34:11,218 [main] INFO  server.GrpcService (ConfUtils.java:logGet(46)) - raft.grpc.message.size.max = 32MB (=33554432) (custom)
2024-01-26 21:34:11,219 [main] INFO  server.RaftServerConfigKeys (ConfUtils.java:logGet(46)) - raft.server.log.appender.buffer.byte-limit = 8388608 (custom)
2024-01-26 21:34:11,219 [main] INFO  server.GrpcService (ConfUtils.java:logGet(46)) - raft.grpc.flow.control.window = 5MB (=5242880) (custom)
2024-01-26 21:34:11,219 [main] INFO  server.RaftServerConfigKeys (ConfUtils.java:logGet(46)) - raft.server.rpc.request.timeout = 60s (custom)
2024-01-26 21:34:11,219 [main] INFO  grpc.GrpcConfigKeys (ConfUtils.java:logGet(46)) - raft.grpc.server.heartbeat.channel = true (default)
2024-01-26 21:34:11,220 [main] INFO  grpc.GrpcConfigKeys (ConfUtils.java:logGet(46)) - raft.grpc.server.async.request.thread.pool.cached = true (default)
2024-01-26 21:34:11,220 [main] INFO  grpc.GrpcConfigKeys (ConfUtils.java:logGet(46)) - raft.grpc.server.async.request.thread.pool.size = 32 (default)
2024-01-26 21:34:11,222 [main] INFO  impl.DataStreamServerImpl (ConfUtils.java:logGet(46)) - raft.datastream.type = NETTY (custom)
2024-01-26 21:34:11,222 [main] INFO  server.RaftServerConfigKeys (ConfUtils.java:logGet(46)) - raft.server.data-stream.async.request.thread.pool.cached = false (default)
2024-01-26 21:34:11,222 [main] INFO  server.RaftServerConfigKeys (ConfUtils.java:logGet(46)) - raft.server.data-stream.async.request.thread.pool.size = 20 (custom)
2024-01-26 21:34:11,222 [main] INFO  server.RaftServerConfigKeys (ConfUtils.java:logGet(46)) - raft.server.data-stream.async.write.thread.pool.size = 16 (default)
2024-01-26 21:34:11,223 [main] INFO  netty.NettyConfigKeys$DataStream (ConfUtils.java:logGet(46)) - raft.netty.dataStream.server.channel.inactive.grace-period = 10min (default)
2024-01-26 21:34:11,223 [main] INFO  server.RaftServerConfigKeys (ConfUtils.java:logGet(46)) - raft.server.data-stream.client.pool.size = 10 (default)
2024-01-26 21:34:11,223 [main] INFO  netty.NettyConfigKeys$DataStream (ConfUtils.java:logGet(46)) - raft.netty.dataStream.server.use-epoll = true (default)
2024-01-26 21:34:11,224 [main] INFO  netty.NettyConfigKeys$DataStream (ConfUtils.java:logGet(46)) - raft.netty.dataStream.server.boss-group.size = 0 (default)
2024-01-26 21:34:11,224 [main] INFO  netty.NettyUtils (NettyUtils.java:newEventLoopGroup(69)) - Create EpollEventLoopGroup for 209e1d4e-6bc3-40d2-a53c-4015c1ab1ac0-NettyServerStreamRpc-bossGroup; Thread size is 0.
2024-01-26 21:34:11,224 [main] INFO  netty.NettyConfigKeys$DataStream (ConfUtils.java:logGet(46)) - raft.netty.dataStream.server.worker-group.size = 0 (default)
2024-01-26 21:34:11,224 [main] INFO  netty.NettyUtils (NettyUtils.java:newEventLoopGroup(69)) - Create EpollEventLoopGroup for 209e1d4e-6bc3-40d2-a53c-4015c1ab1ac0-NettyServerStreamRpc-workerGroup; Thread size is 0.
2024-01-26 21:34:11,225 [main] INFO  netty.NettyConfigKeys$DataStream (ConfUtils.java:logGet(46)) - raft.netty.dataStream.server.tls.conf = null (default)
2024-01-26 21:34:11,225 [main] INFO  netty.NettyConfigKeys$DataStream (ConfUtils.java:logGet(46)) - raft.netty.dataStream.host = null (default)
2024-01-26 21:34:11,225 [main] INFO  netty.NettyConfigKeys$DataStream (ConfUtils.java:logGet(46)) - raft.netty.dataStream.port = 15051 (custom)
2024-01-26 21:34:11,226 [main] INFO  server.RaftServerConfigKeys (ConfUtils.java:logGet(46)) - raft.server.sleep.deviation.threshold = 300ms (default)
2024-01-26 21:34:11,227 [main] INFO  server.RaftServerConfigKeys (ConfUtils.java:logGet(46)) - raft.server.close.threshold = 60s (default)
2024-01-26 21:34:11,227 [main] INFO  server.RaftServerConfigKeys (ConfUtils.java:logGet(46)) - raft.server.leaderelection.leader.step-down.wait-time = 10s (default)
2024-01-26 21:34:11,228 [main] INFO  server.RaftServerConfigKeys (ConfUtils.java:logGet(46)) - raft.server.storage.dir = [/home/runner/work/ozone/ozone/hadoop-ozone/integration-test/target/test-dir/MiniOzoneClusterImpl-1af845c4-9ad0-4304-ad21-7f4426eccdbd/datanode-4/data/ratis] (custom)
2024-01-26 21:34:11,228 [main] INFO  server.RaftServerConfigKeys (ConfUtils.java:logGet(46)) - raft.server.threadpool.proxy.cached = true (default)
2024-01-26 21:34:11,228 [main] INFO  server.RaftServerConfigKeys (ConfUtils.java:logGet(46)) - raft.server.threadpool.proxy.size = 0 (default)
2024-01-26 21:34:11,227 [209e1d4e-6bc3-40d2-a53c-4015c1ab1ac0-NettyServerStreamRpc-bossGroup--thread1] INFO  logging.LoggingHandler (AbstractInternalLogger.java:log(148)) - [id: 0x0a4c2fa0] REGISTERED
2024-01-26 21:34:11,229 [209e1d4e-6bc3-40d2-a53c-4015c1ab1ac0-NettyServerStreamRpc-bossGroup--thread1] INFO  logging.LoggingHandler (AbstractInternalLogger.java:log(148)) - [id: 0x0a4c2fa0] BIND: 0.0.0.0/0.0.0.0:15051
2024-01-26 21:34:11,229 [209e1d4e-6bc3-40d2-a53c-4015c1ab1ac0-NettyServerStreamRpc-bossGroup--thread1] INFO  logging.LoggingHandler (AbstractInternalLogger.java:log(148)) - [id: 0x0a4c2fa0, L:/0.0.0.0:15051] ACTIVE
2024-01-26 21:34:11,239 [209e1d4e-6bc3-40d2-a53c-4015c1ab1ac0-impl-thread1] INFO  server.RaftServer (RaftServerProxy.java:initGroupDir(264)) - 209e1d4e-6bc3-40d2-a53c-4015c1ab1ac0: found a subdirectory /home/runner/work/ozone/ozone/hadoop-ozone/integration-test/target/test-dir/MiniOzoneClusterImpl-1af845c4-9ad0-4304-ad21-7f4426eccdbd/datanode-4/data/ratis/tmp
2024-01-26 21:34:11,239 [209e1d4e-6bc3-40d2-a53c-4015c1ab1ac0-impl-thread1] INFO  server.RaftServer (RaftServerProxy.java:initGroupDir(269)) - 209e1d4e-6bc3-40d2-a53c-4015c1ab1ac0: The directory /home/runner/work/ozone/ozone/hadoop-ozone/integration-test/target/test-dir/MiniOzoneClusterImpl-1af845c4-9ad0-4304-ad21-7f4426eccdbd/datanode-4/data/ratis/tmp is not a group directory; ignoring it. 
2024-01-26 21:34:11,239 [main] INFO  replication.ReplicationServer (ReplicationServer.java:<init>(85)) - Initializing replication server with thread count = 10 queue length = 4096
2024-01-26 21:34:11,241 [main] INFO  server.XceiverServerGrpc (XceiverServerGrpc.java:<init>(141)) - GrpcServer channel type EpollServerSocketChannel
2024-01-26 21:34:11,243 [main] INFO  replication.ReplicationSupervisor (ReplicationSupervisor.java:build(163)) - Initializing replication supervisor with thread count = 10
2024-01-26 21:34:11,243 [main] INFO  replication.ReplicationSupervisor (ReplicationSupervisor.java:nodeStateUpdated(317)) - Node state updated to IN_SERVICE, scaling executor pool size to 10
2024-01-26 21:34:11,251 [main] INFO  http.BaseHttpServer (BaseHttpServer.java:newHttpServer2BuilderForOzone(223)) - Starting Web-server for hddsDatanode at: http://0.0.0.0:15045
2024-01-26 21:34:11,251 [main] INFO  http.BaseHttpServer (BaseHttpServer.java:<init>(110)) - Hadoop Security Enabled: false Ozone Security Enabled: false Ozone HTTP Security Enabled: false 
2024-01-26 21:34:11,253 [main] WARN  server.AuthenticationFilter (AuthenticationFilter.java:constructSecretProvider(240)) - Unable to initialize FileSignerSecretProvider, falling back to use random secrets. Reason: Could not read signature secret file: /home/runner/hadoop-http-auth-signature-secret
2024-01-26 21:34:11,254 [main] INFO  http.HttpRequestLog (HttpRequestLog.java:getRequestLog(86)) - Http request log for http.requests.hddsDatanode is not defined
2024-01-26 21:34:11,257 [main] INFO  http.HttpServer2 (HttpServer2.java:addGlobalFilter(1036)) - Added global filter 'safety' (class=org.apache.hadoop.hdds.server.http.HttpServer2$QuotingInputFilter)
2024-01-26 21:34:11,260 [main] INFO  http.HttpServer2 (HttpServer2.java:addFilter(1012)) - Added filter static_user_filter (class=org.apache.hadoop.http.lib.StaticUserWebFilter$StaticUserFilter) to context hddsDatanode
2024-01-26 21:34:11,260 [main] INFO  http.HttpServer2 (HttpServer2.java:addFilter(1020)) - Added filter static_user_filter (class=org.apache.hadoop.http.lib.StaticUserWebFilter$StaticUserFilter) to context static
2024-01-26 21:34:11,260 [main] INFO  http.HttpServer2 (HttpServer2.java:addFilter(1020)) - Added filter static_user_filter (class=org.apache.hadoop.http.lib.StaticUserWebFilter$StaticUserFilter) to context logs
2024-01-26 21:34:11,261 [main] INFO  http.BaseHttpServer (BaseHttpServer.java:<init>(189)) - HTTP server of hddsDatanode uses base directory /home/runner/work/ozone/ozone/hadoop-ozone/integration-test/target/test-dir/MiniOzoneClusterImpl-1af845c4-9ad0-4304-ad21-7f4426eccdbd/datanode-4/meta/webserver
2024-01-26 21:34:11,262 [main] INFO  http.HttpServer2 (HttpServer2.java:bindListener(1236)) - Jetty bound to port 15045
2024-01-26 21:34:11,262 [main] INFO  server.Server (Server.java:doStart(375)) - jetty-9.4.53.v20231009; built: 2023-10-09T12:29:09.265Z; git: 27bde00a0b95a1d5bbee0eae7984f891d2d0f8c9; jvm 1.8.0_392-b08
2024-01-26 21:34:11,263 [main] INFO  server.session (DefaultSessionIdManager.java:doStart(334)) - DefaultSessionIdManager workerName=node0
2024-01-26 21:34:11,263 [main] INFO  server.session (DefaultSessionIdManager.java:doStart(339)) - No SessionScavenger set, using defaults
2024-01-26 21:34:11,264 [main] INFO  server.session (HouseKeeper.java:startScavenging(132)) - node0 Scavenging every 660000ms
2024-01-26 21:34:11,265 [main] INFO  handler.ContextHandler (ContextHandler.java:doStart(921)) - Started o.e.j.s.ServletContextHandler@51ced4b4{logs,/logs,file:///home/runner/work/ozone/ozone/hadoop-ozone/integration-test/target/log,AVAILABLE}
2024-01-26 21:34:11,265 [main] INFO  handler.ContextHandler (ContextHandler.java:doStart(921)) - Started o.e.j.s.ServletContextHandler@15ea20e2{static,/static,jar:file:/home/runner/.m2/repository/org/apache/ozone/hdds-container-service/1.5.0-SNAPSHOT/hdds-container-service-1.5.0-SNAPSHOT.jar!/webapps/static,AVAILABLE}
2024-01-26 21:34:11,309 [om1@group-C5BA1605619E-StateMachineUpdater] INFO  ratis.OzoneManagerStateMachine (OzoneManagerStateMachine.java:notifyConfigurationChanged(200)) - Received Configuration change notification from Ratis. New Peer list:
[id: "om1"
address: "localhost:15007"
startupRole: FOLLOWER
]
2024-01-26 21:34:11,310 [om1@group-C5BA1605619E-StateMachineUpdater] INFO  server.RaftServer$Division (LeaderStateImpl.java:isApplied(320)) - leader is ready since appliedIndex == 0 >= startIndex == 0
2024-01-26 21:34:11,314 [main] INFO  handler.ContextHandler (ContextHandler.java:doStart(921)) - Started o.e.j.w.WebAppContext@36229f3a{hddsDatanode,/,file:///home/runner/work/ozone/ozone/hadoop-ozone/integration-test/target/test-dir/MiniOzoneClusterImpl-1af845c4-9ad0-4304-ad21-7f4426eccdbd/datanode-4/meta/webserver/jetty-0_0_0_0-15045-hdds-container-service-1_5_0-SNAPSHOT_jar-_-any-2685270735086888816/webapp/,AVAILABLE}{jar:file:/home/runner/.m2/repository/org/apache/ozone/hdds-container-service/1.5.0-SNAPSHOT/hdds-container-service-1.5.0-SNAPSHOT.jar!/webapps/hddsDatanode}
2024-01-26 21:34:11,316 [main] INFO  server.AbstractConnector (AbstractConnector.java:doStart(333)) - Started ServerConnector@6ac9e665{HTTP/1.1, (http/1.1)}{0.0.0.0:15045}
2024-01-26 21:34:11,316 [main] INFO  server.Server (Server.java:doStart(415)) - Started @8484ms
2024-01-26 21:34:11,316 [main] WARN  impl.MetricsSystemImpl (MetricsSystemImpl.java:register(279)) - Sink prometheus already exists!
2024-01-26 21:34:11,316 [main] INFO  http.BaseHttpServer (BaseHttpServer.java:updateConnectorAddress(354)) - HTTP server of hddsDatanode listening at http://0.0.0.0:15045
2024-01-26 21:34:11,317 [main] INFO  ipc.CallQueueManager (CallQueueManager.java:<init>(90)) - Using callQueue: class java.util.concurrent.LinkedBlockingQueue, queueCapacity: 100, scheduler: class org.apache.hadoop.ipc.DefaultRpcScheduler, ipcBackoff: false.
2024-01-26 21:34:11,317 [main] INFO  ipc.Server (Server.java:<init>(1287)) - Listener at 0.0.0.0:15046
2024-01-26 21:34:11,317 [Socket Reader #1 for port 15046] INFO  ipc.Server (Server.java:run(1323)) - Starting Socket Reader #1 for port 15046
2024-01-26 21:34:11,320 [main] INFO  ozone.HddsDatanodeService (HddsDatanodeService.java:start(324)) - Datanode start with admins: [runner]
2024-01-26 21:34:11,320 [main] INFO  ozone.HddsDatanodeClientProtocolServer (HddsDatanodeClientProtocolServer.java:start(72)) - RPC server for Client /0.0.0.0:15046
2024-01-26 21:34:11,320 [IPC Server Responder] INFO  ipc.Server (Server.java:run(1562)) - IPC Server Responder: starting
2024-01-26 21:34:11,320 [IPC Server listener on 15046] INFO  ipc.Server (Server.java:run(1402)) - IPC Server listener on 15046: starting
2024-01-26 21:34:11,321 [209e1d4e-6bc3-40d2-a53c-4015c1ab1ac0-DatanodeStateMachineDaemonThread] INFO  statemachine.DatanodeStateMachine (DatanodeStateMachine.java:lambda$startDaemon$1(555)) - Ozone container server started.
2024-01-26 21:34:11,321 [main] WARN  dropwizard3.Dm3MetricRegistriesImpl (Dm3MetricRegistriesImpl.java:addReporterRegistration(113)) - New reporters are added after registries were created. Some metrics will be missing from the reporter. Please add reporter before adding any new registry.
2024-01-26 21:34:11,322 [main] WARN  dropwizard3.Dm3MetricRegistriesImpl (Dm3MetricRegistriesImpl.java:addReporterRegistration(113)) - New reporters are added after registries were created. Some metrics will be missing from the reporter. Please add reporter before adding any new registry.
2024-01-26 21:34:11,322 [main] INFO  impl.MetricsSystemImpl (MetricsSystemImpl.java:init(158)) - HddsDatanode metrics system started (again)
2024-01-26 21:34:11,326 [209e1d4e-6bc3-40d2-a53c-4015c1ab1ac0-DatanodeStateMachineTaskThread-0] INFO  datanode.InitDatanodeState (InitDatanodeState.java:persistContainerDatanodeDetails(139)) - DatanodeDetails is persisted to /home/runner/work/ozone/ozone/hadoop-ozone/integration-test/target/test-dir/MiniOzoneClusterImpl-1af845c4-9ad0-4304-ad21-7f4426eccdbd/datanode-4/meta/datanode.id
2024-01-26 21:34:11,332 [main] INFO  ozone.HddsDatanodeService (HddsDatanodeService.java:start(239)) - HddsDatanodeService host:fv-az1566-86.204dmbdutxxevaxlgbjnwxhbkd.phxx.internal.cloudapp.net ip:10.1.0.5
2024-01-26 21:34:11,354 [main] INFO  upgrade.AbstractLayoutVersionManager (AbstractLayoutVersionManager.java:init(83)) - Initializing Layout version manager with metadata layout = HADOOP_PRC_PORTS_IN_DATANODEDETAILS (version = 7), software layout = HADOOP_PRC_PORTS_IN_DATANODEDETAILS (version = 7)
2024-01-26 21:34:11,355 [main] INFO  statemachine.DatanodeStateMachine (DatanodeStateMachine.java:getEndPointTaskThreadPoolSize(299)) - Datanode State Machine Task Thread Pool size 2
2024-01-26 21:34:11,357 [main] INFO  volume.HddsVolume (HddsVolume.java:<init>(125)) - Creating HddsVolume: /home/runner/work/ozone/ozone/hadoop-ozone/integration-test/target/test-dir/MiniOzoneClusterImpl-1af845c4-9ad0-4304-ad21-7f4426eccdbd/datanode-5/data-0/containers/hdds of storage type : DISK capacity : 9223372036854775807
2024-01-26 21:34:11,357 [main] INFO  volume.MutableVolumeSet (MutableVolumeSet.java:initializeVolumeSet(173)) - Added Volume : /home/runner/work/ozone/ozone/hadoop-ozone/integration-test/target/test-dir/MiniOzoneClusterImpl-1af845c4-9ad0-4304-ad21-7f4426eccdbd/datanode-5/data-0/containers/hdds to VolumeSet
2024-01-26 21:34:11,358 [main] INFO  volume.MutableVolumeSet (MutableVolumeSet.java:initializeVolumeSet(173)) - Added Volume : /home/runner/work/ozone/ozone/hadoop-ozone/integration-test/target/test-dir/MiniOzoneClusterImpl-1af845c4-9ad0-4304-ad21-7f4426eccdbd/datanode-5/data/ratis to VolumeSet
2024-01-26 21:34:11,359 [main] INFO  ozoneimpl.OzoneContainer (HddsVolumeUtil.java:loadAllHddsVolumeDbStore(103)) - Load 1 volumes DbStore cost: 0ms
2024-01-26 21:34:11,359 [7564b097-4325-4468-ae97-837bc55d7172-ContainerReader-0] INFO  ozoneimpl.ContainerReader (ContainerReader.java:readVolume(178)) - Finish verifying containers on volume /home/runner/work/ozone/ozone/hadoop-ozone/integration-test/target/test-dir/MiniOzoneClusterImpl-1af845c4-9ad0-4304-ad21-7f4426eccdbd/datanode-5/data-0/containers/hdds
2024-01-26 21:34:11,360 [main] INFO  ozoneimpl.OzoneContainer (OzoneContainer.java:buildContainerSet(328)) - Build ContainerSet costs 0s
2024-01-26 21:34:11,363 [main] INFO  server.RaftServer (ConfUtils.java:logGet(46)) - raft.rpc.type = GRPC (default)
2024-01-26 21:34:11,363 [main] INFO  grpc.GrpcConfigKeys (ConfUtils.java:logFallback(53)) - raft.grpc.admin.host = null (fallback to raft.grpc.server.host)
2024-01-26 21:34:11,363 [main] INFO  grpc.GrpcConfigKeys (ConfUtils.java:logGet(46)) - raft.grpc.admin.port = 15058 (custom)
2024-01-26 21:34:11,363 [main] INFO  grpc.GrpcConfigKeys (ConfUtils.java:logFallback(53)) - raft.grpc.client.host = null (fallback to raft.grpc.server.host)
2024-01-26 21:34:11,364 [main] INFO  grpc.GrpcConfigKeys (ConfUtils.java:logGet(46)) - raft.grpc.client.port = 15057 (custom)
2024-01-26 21:34:11,364 [main] INFO  grpc.GrpcConfigKeys (ConfUtils.java:logGet(46)) - raft.grpc.server.host = null (default)
2024-01-26 21:34:11,364 [main] INFO  grpc.GrpcConfigKeys (ConfUtils.java:logGet(46)) - raft.grpc.server.port = 15059 (custom)
2024-01-26 21:34:11,364 [main] INFO  server.GrpcService (ConfUtils.java:logGet(46)) - raft.grpc.message.size.max = 32MB (=33554432) (custom)
2024-01-26 21:34:11,364 [main] INFO  server.RaftServerConfigKeys (ConfUtils.java:logGet(46)) - raft.server.log.appender.buffer.byte-limit = 8388608 (custom)
2024-01-26 21:34:11,364 [main] INFO  server.GrpcService (ConfUtils.java:logGet(46)) - raft.grpc.flow.control.window = 5MB (=5242880) (custom)
2024-01-26 21:34:11,365 [main] INFO  server.RaftServerConfigKeys (ConfUtils.java:logGet(46)) - raft.server.rpc.request.timeout = 60s (custom)
2024-01-26 21:34:11,365 [main] INFO  grpc.GrpcConfigKeys (ConfUtils.java:logGet(46)) - raft.grpc.server.heartbeat.channel = true (default)
2024-01-26 21:34:11,365 [main] INFO  grpc.GrpcConfigKeys (ConfUtils.java:logGet(46)) - raft.grpc.server.async.request.thread.pool.cached = true (default)
2024-01-26 21:34:11,365 [main] INFO  grpc.GrpcConfigKeys (ConfUtils.java:logGet(46)) - raft.grpc.server.async.request.thread.pool.size = 32 (default)
2024-01-26 21:34:11,367 [main] INFO  impl.DataStreamServerImpl (ConfUtils.java:logGet(46)) - raft.datastream.type = NETTY (custom)
2024-01-26 21:34:11,367 [main] INFO  server.RaftServerConfigKeys (ConfUtils.java:logGet(46)) - raft.server.data-stream.async.request.thread.pool.cached = false (default)
2024-01-26 21:34:11,368 [main] INFO  server.RaftServerConfigKeys (ConfUtils.java:logGet(46)) - raft.server.data-stream.async.request.thread.pool.size = 20 (custom)
2024-01-26 21:34:11,368 [main] INFO  server.RaftServerConfigKeys (ConfUtils.java:logGet(46)) - raft.server.data-stream.async.write.thread.pool.size = 16 (default)
2024-01-26 21:34:11,368 [main] INFO  netty.NettyConfigKeys$DataStream (ConfUtils.java:logGet(46)) - raft.netty.dataStream.server.channel.inactive.grace-period = 10min (default)
2024-01-26 21:34:11,368 [main] INFO  server.RaftServerConfigKeys (ConfUtils.java:logGet(46)) - raft.server.data-stream.client.pool.size = 10 (default)
2024-01-26 21:34:11,368 [main] INFO  netty.NettyConfigKeys$DataStream (ConfUtils.java:logGet(46)) - raft.netty.dataStream.server.use-epoll = true (default)
2024-01-26 21:34:11,368 [main] INFO  netty.NettyConfigKeys$DataStream (ConfUtils.java:logGet(46)) - raft.netty.dataStream.server.boss-group.size = 0 (default)
2024-01-26 21:34:11,369 [main] INFO  netty.NettyUtils (NettyUtils.java:newEventLoopGroup(69)) - Create EpollEventLoopGroup for 7564b097-4325-4468-ae97-837bc55d7172-NettyServerStreamRpc-bossGroup; Thread size is 0.
2024-01-26 21:34:11,369 [main] INFO  netty.NettyConfigKeys$DataStream (ConfUtils.java:logGet(46)) - raft.netty.dataStream.server.worker-group.size = 0 (default)
2024-01-26 21:34:11,369 [main] INFO  netty.NettyUtils (NettyUtils.java:newEventLoopGroup(69)) - Create EpollEventLoopGroup for 7564b097-4325-4468-ae97-837bc55d7172-NettyServerStreamRpc-workerGroup; Thread size is 0.
2024-01-26 21:34:11,370 [main] INFO  netty.NettyConfigKeys$DataStream (ConfUtils.java:logGet(46)) - raft.netty.dataStream.server.tls.conf = null (default)
2024-01-26 21:34:11,370 [main] INFO  netty.NettyConfigKeys$DataStream (ConfUtils.java:logGet(46)) - raft.netty.dataStream.host = null (default)
2024-01-26 21:34:11,370 [main] INFO  netty.NettyConfigKeys$DataStream (ConfUtils.java:logGet(46)) - raft.netty.dataStream.port = 15060 (custom)
2024-01-26 21:34:11,370 [main] INFO  server.RaftServerConfigKeys (ConfUtils.java:logGet(46)) - raft.server.sleep.deviation.threshold = 300ms (default)
2024-01-26 21:34:11,372 [main] INFO  server.RaftServerConfigKeys (ConfUtils.java:logGet(46)) - raft.server.close.threshold = 60s (default)
2024-01-26 21:34:11,372 [main] INFO  server.RaftServerConfigKeys (ConfUtils.java:logGet(46)) - raft.server.leaderelection.leader.step-down.wait-time = 10s (default)
2024-01-26 21:34:11,372 [7564b097-4325-4468-ae97-837bc55d7172-NettyServerStreamRpc-bossGroup--thread1] INFO  logging.LoggingHandler (AbstractInternalLogger.java:log(148)) - [id: 0x072d587e] REGISTERED
2024-01-26 21:34:11,372 [main] INFO  server.RaftServerConfigKeys (ConfUtils.java:logGet(46)) - raft.server.storage.dir = [/home/runner/work/ozone/ozone/hadoop-ozone/integration-test/target/test-dir/MiniOzoneClusterImpl-1af845c4-9ad0-4304-ad21-7f4426eccdbd/datanode-5/data/ratis] (custom)
2024-01-26 21:34:11,372 [main] INFO  server.RaftServerConfigKeys (ConfUtils.java:logGet(46)) - raft.server.threadpool.proxy.cached = true (default)
2024-01-26 21:34:11,372 [main] INFO  server.RaftServerConfigKeys (ConfUtils.java:logGet(46)) - raft.server.threadpool.proxy.size = 0 (default)
2024-01-26 21:34:11,372 [7564b097-4325-4468-ae97-837bc55d7172-NettyServerStreamRpc-bossGroup--thread1] INFO  logging.LoggingHandler (AbstractInternalLogger.java:log(148)) - [id: 0x072d587e] BIND: 0.0.0.0/0.0.0.0:15060
2024-01-26 21:34:11,373 [7564b097-4325-4468-ae97-837bc55d7172-NettyServerStreamRpc-bossGroup--thread1] INFO  logging.LoggingHandler (AbstractInternalLogger.java:log(148)) - [id: 0x072d587e, L:/0.0.0.0:15060] ACTIVE
2024-01-26 21:34:11,373 [7564b097-4325-4468-ae97-837bc55d7172-impl-thread1] INFO  server.RaftServer (RaftServerProxy.java:initGroupDir(264)) - 7564b097-4325-4468-ae97-837bc55d7172: found a subdirectory /home/runner/work/ozone/ozone/hadoop-ozone/integration-test/target/test-dir/MiniOzoneClusterImpl-1af845c4-9ad0-4304-ad21-7f4426eccdbd/datanode-5/data/ratis/tmp
2024-01-26 21:34:11,373 [7564b097-4325-4468-ae97-837bc55d7172-impl-thread1] INFO  server.RaftServer (RaftServerProxy.java:initGroupDir(269)) - 7564b097-4325-4468-ae97-837bc55d7172: The directory /home/runner/work/ozone/ozone/hadoop-ozone/integration-test/target/test-dir/MiniOzoneClusterImpl-1af845c4-9ad0-4304-ad21-7f4426eccdbd/datanode-5/data/ratis/tmp is not a group directory; ignoring it. 
2024-01-26 21:34:11,373 [main] INFO  replication.ReplicationServer (ReplicationServer.java:<init>(85)) - Initializing replication server with thread count = 10 queue length = 4096
2024-01-26 21:34:11,375 [main] INFO  server.XceiverServerGrpc (XceiverServerGrpc.java:<init>(141)) - GrpcServer channel type EpollServerSocketChannel
2024-01-26 21:34:11,377 [main] INFO  replication.ReplicationSupervisor (ReplicationSupervisor.java:build(163)) - Initializing replication supervisor with thread count = 10
2024-01-26 21:34:11,378 [main] INFO  replication.ReplicationSupervisor (ReplicationSupervisor.java:nodeStateUpdated(317)) - Node state updated to IN_SERVICE, scaling executor pool size to 10
2024-01-26 21:34:11,380 [main] INFO  http.BaseHttpServer (BaseHttpServer.java:newHttpServer2BuilderForOzone(223)) - Starting Web-server for hddsDatanode at: http://0.0.0.0:15054
2024-01-26 21:34:11,380 [main] INFO  http.BaseHttpServer (BaseHttpServer.java:<init>(110)) - Hadoop Security Enabled: false Ozone Security Enabled: false Ozone HTTP Security Enabled: false 
2024-01-26 21:34:11,382 [main] WARN  server.AuthenticationFilter (AuthenticationFilter.java:constructSecretProvider(240)) - Unable to initialize FileSignerSecretProvider, falling back to use random secrets. Reason: Could not read signature secret file: /home/runner/hadoop-http-auth-signature-secret
2024-01-26 21:34:11,383 [main] INFO  http.HttpRequestLog (HttpRequestLog.java:getRequestLog(86)) - Http request log for http.requests.hddsDatanode is not defined
2024-01-26 21:34:11,384 [main] INFO  http.HttpServer2 (HttpServer2.java:addGlobalFilter(1036)) - Added global filter 'safety' (class=org.apache.hadoop.hdds.server.http.HttpServer2$QuotingInputFilter)
2024-01-26 21:34:11,385 [main] INFO  http.HttpServer2 (HttpServer2.java:addFilter(1012)) - Added filter static_user_filter (class=org.apache.hadoop.http.lib.StaticUserWebFilter$StaticUserFilter) to context hddsDatanode
2024-01-26 21:34:11,385 [main] INFO  http.HttpServer2 (HttpServer2.java:addFilter(1020)) - Added filter static_user_filter (class=org.apache.hadoop.http.lib.StaticUserWebFilter$StaticUserFilter) to context static
2024-01-26 21:34:11,385 [main] INFO  http.HttpServer2 (HttpServer2.java:addFilter(1020)) - Added filter static_user_filter (class=org.apache.hadoop.http.lib.StaticUserWebFilter$StaticUserFilter) to context logs
2024-01-26 21:34:11,391 [main] INFO  http.BaseHttpServer (BaseHttpServer.java:<init>(189)) - HTTP server of hddsDatanode uses base directory /home/runner/work/ozone/ozone/hadoop-ozone/integration-test/target/test-dir/MiniOzoneClusterImpl-1af845c4-9ad0-4304-ad21-7f4426eccdbd/datanode-5/meta/webserver
2024-01-26 21:34:11,391 [main] INFO  http.HttpServer2 (HttpServer2.java:bindListener(1236)) - Jetty bound to port 15054
2024-01-26 21:34:11,392 [main] INFO  server.Server (Server.java:doStart(375)) - jetty-9.4.53.v20231009; built: 2023-10-09T12:29:09.265Z; git: 27bde00a0b95a1d5bbee0eae7984f891d2d0f8c9; jvm 1.8.0_392-b08
2024-01-26 21:34:11,393 [main] INFO  server.session (DefaultSessionIdManager.java:doStart(334)) - DefaultSessionIdManager workerName=node0
2024-01-26 21:34:11,393 [main] INFO  server.session (DefaultSessionIdManager.java:doStart(339)) - No SessionScavenger set, using defaults
2024-01-26 21:34:11,394 [main] INFO  server.session (HouseKeeper.java:startScavenging(132)) - node0 Scavenging every 660000ms
2024-01-26 21:34:11,395 [main] INFO  handler.ContextHandler (ContextHandler.java:doStart(921)) - Started o.e.j.s.ServletContextHandler@5ef49a1a{logs,/logs,file:///home/runner/work/ozone/ozone/hadoop-ozone/integration-test/target/log,AVAILABLE}
2024-01-26 21:34:11,395 [main] INFO  handler.ContextHandler (ContextHandler.java:doStart(921)) - Started o.e.j.s.ServletContextHandler@69049281{static,/static,jar:file:/home/runner/.m2/repository/org/apache/ozone/hdds-container-service/1.5.0-SNAPSHOT/hdds-container-service-1.5.0-SNAPSHOT.jar!/webapps/static,AVAILABLE}
2024-01-26 21:34:11,439 [main] INFO  handler.ContextHandler (ContextHandler.java:doStart(921)) - Started o.e.j.w.WebAppContext@705ef9d5{hddsDatanode,/,file:///home/runner/work/ozone/ozone/hadoop-ozone/integration-test/target/test-dir/MiniOzoneClusterImpl-1af845c4-9ad0-4304-ad21-7f4426eccdbd/datanode-5/meta/webserver/jetty-0_0_0_0-15054-hdds-container-service-1_5_0-SNAPSHOT_jar-_-any-7963650753904132544/webapp/,AVAILABLE}{jar:file:/home/runner/.m2/repository/org/apache/ozone/hdds-container-service/1.5.0-SNAPSHOT/hdds-container-service-1.5.0-SNAPSHOT.jar!/webapps/hddsDatanode}
2024-01-26 21:34:11,440 [main] INFO  server.AbstractConnector (AbstractConnector.java:doStart(333)) - Started ServerConnector@19a36c8f{HTTP/1.1, (http/1.1)}{0.0.0.0:15054}
2024-01-26 21:34:11,441 [main] INFO  server.Server (Server.java:doStart(415)) - Started @8609ms
2024-01-26 21:34:11,441 [main] WARN  impl.MetricsSystemImpl (MetricsSystemImpl.java:register(279)) - Sink prometheus already exists!
2024-01-26 21:34:11,442 [main] INFO  http.BaseHttpServer (BaseHttpServer.java:updateConnectorAddress(354)) - HTTP server of hddsDatanode listening at http://0.0.0.0:15054
2024-01-26 21:34:11,442 [main] INFO  ipc.CallQueueManager (CallQueueManager.java:<init>(90)) - Using callQueue: class java.util.concurrent.LinkedBlockingQueue, queueCapacity: 100, scheduler: class org.apache.hadoop.ipc.DefaultRpcScheduler, ipcBackoff: false.
2024-01-26 21:34:11,442 [main] INFO  ipc.Server (Server.java:<init>(1287)) - Listener at 0.0.0.0:15055
2024-01-26 21:34:11,443 [Socket Reader #1 for port 15055] INFO  ipc.Server (Server.java:run(1323)) - Starting Socket Reader #1 for port 15055
2024-01-26 21:34:11,445 [main] INFO  ozone.HddsDatanodeService (HddsDatanodeService.java:start(324)) - Datanode start with admins: [runner]
2024-01-26 21:34:11,445 [main] INFO  ozone.HddsDatanodeClientProtocolServer (HddsDatanodeClientProtocolServer.java:start(72)) - RPC server for Client /0.0.0.0:15055
2024-01-26 21:34:11,445 [IPC Server Responder] INFO  ipc.Server (Server.java:run(1562)) - IPC Server Responder: starting
2024-01-26 21:34:11,445 [IPC Server listener on 15055] INFO  ipc.Server (Server.java:run(1402)) - IPC Server listener on 15055: starting
2024-01-26 21:34:11,447 [7564b097-4325-4468-ae97-837bc55d7172-DatanodeStateMachineDaemonThread] INFO  statemachine.DatanodeStateMachine (DatanodeStateMachine.java:lambda$startDaemon$1(555)) - Ozone container server started.
2024-01-26 21:34:11,447 [main] WARN  dropwizard3.Dm3MetricRegistriesImpl (Dm3MetricRegistriesImpl.java:addReporterRegistration(113)) - New reporters are added after registries were created. Some metrics will be missing from the reporter. Please add reporter before adding any new registry.
2024-01-26 21:34:11,447 [main] WARN  dropwizard3.Dm3MetricRegistriesImpl (Dm3MetricRegistriesImpl.java:addReporterRegistration(113)) - New reporters are added after registries were created. Some metrics will be missing from the reporter. Please add reporter before adding any new registry.
2024-01-26 21:34:11,447 [main] INFO  impl.MetricsSystemImpl (MetricsSystemImpl.java:init(158)) - HddsDatanode metrics system started (again)
2024-01-26 21:34:11,457 [main] INFO  ozone.HddsDatanodeService (HddsDatanodeService.java:start(239)) - HddsDatanodeService host:fv-az1566-86.204dmbdutxxevaxlgbjnwxhbkd.phxx.internal.cloudapp.net ip:10.1.0.5
2024-01-26 21:34:11,457 [7564b097-4325-4468-ae97-837bc55d7172-DatanodeStateMachineTaskThread-0] INFO  datanode.InitDatanodeState (InitDatanodeState.java:persistContainerDatanodeDetails(139)) - DatanodeDetails is persisted to /home/runner/work/ozone/ozone/hadoop-ozone/integration-test/target/test-dir/MiniOzoneClusterImpl-1af845c4-9ad0-4304-ad21-7f4426eccdbd/datanode-5/meta/datanode.id
2024-01-26 21:34:11,472 [main] INFO  upgrade.AbstractLayoutVersionManager (AbstractLayoutVersionManager.java:init(83)) - Initializing Layout version manager with metadata layout = HADOOP_PRC_PORTS_IN_DATANODEDETAILS (version = 7), software layout = HADOOP_PRC_PORTS_IN_DATANODEDETAILS (version = 7)
2024-01-26 21:34:11,473 [main] INFO  statemachine.DatanodeStateMachine (DatanodeStateMachine.java:getEndPointTaskThreadPoolSize(299)) - Datanode State Machine Task Thread Pool size 2
2024-01-26 21:34:11,475 [main] INFO  volume.HddsVolume (HddsVolume.java:<init>(125)) - Creating HddsVolume: /home/runner/work/ozone/ozone/hadoop-ozone/integration-test/target/test-dir/MiniOzoneClusterImpl-1af845c4-9ad0-4304-ad21-7f4426eccdbd/datanode-6/data-0/containers/hdds of storage type : DISK capacity : 9223372036854775807
2024-01-26 21:34:11,475 [main] INFO  volume.MutableVolumeSet (MutableVolumeSet.java:initializeVolumeSet(173)) - Added Volume : /home/runner/work/ozone/ozone/hadoop-ozone/integration-test/target/test-dir/MiniOzoneClusterImpl-1af845c4-9ad0-4304-ad21-7f4426eccdbd/datanode-6/data-0/containers/hdds to VolumeSet
2024-01-26 21:34:11,476 [main] INFO  volume.MutableVolumeSet (MutableVolumeSet.java:initializeVolumeSet(173)) - Added Volume : /home/runner/work/ozone/ozone/hadoop-ozone/integration-test/target/test-dir/MiniOzoneClusterImpl-1af845c4-9ad0-4304-ad21-7f4426eccdbd/datanode-6/data/ratis to VolumeSet
2024-01-26 21:34:11,476 [main] INFO  ozoneimpl.OzoneContainer (HddsVolumeUtil.java:loadAllHddsVolumeDbStore(103)) - Load 1 volumes DbStore cost: 0ms
2024-01-26 21:34:11,477 [615e0ce5-d68a-4764-9dce-a037122bf2b4-ContainerReader-0] INFO  ozoneimpl.ContainerReader (ContainerReader.java:readVolume(178)) - Finish verifying containers on volume /home/runner/work/ozone/ozone/hadoop-ozone/integration-test/target/test-dir/MiniOzoneClusterImpl-1af845c4-9ad0-4304-ad21-7f4426eccdbd/datanode-6/data-0/containers/hdds
2024-01-26 21:34:11,477 [main] INFO  ozoneimpl.OzoneContainer (OzoneContainer.java:buildContainerSet(328)) - Build ContainerSet costs 0s
2024-01-26 21:34:11,479 [main] INFO  server.RaftServer (ConfUtils.java:logGet(46)) - raft.rpc.type = GRPC (default)
2024-01-26 21:34:11,480 [main] INFO  grpc.GrpcConfigKeys (ConfUtils.java:logFallback(53)) - raft.grpc.admin.host = null (fallback to raft.grpc.server.host)
2024-01-26 21:34:11,480 [main] INFO  grpc.GrpcConfigKeys (ConfUtils.java:logGet(46)) - raft.grpc.admin.port = 15067 (custom)
2024-01-26 21:34:11,480 [main] INFO  grpc.GrpcConfigKeys (ConfUtils.java:logFallback(53)) - raft.grpc.client.host = null (fallback to raft.grpc.server.host)
2024-01-26 21:34:11,480 [main] INFO  grpc.GrpcConfigKeys (ConfUtils.java:logGet(46)) - raft.grpc.client.port = 15066 (custom)
2024-01-26 21:34:11,481 [main] INFO  grpc.GrpcConfigKeys (ConfUtils.java:logGet(46)) - raft.grpc.server.host = null (default)
2024-01-26 21:34:11,481 [main] INFO  grpc.GrpcConfigKeys (ConfUtils.java:logGet(46)) - raft.grpc.server.port = 15068 (custom)
2024-01-26 21:34:11,481 [main] INFO  server.GrpcService (ConfUtils.java:logGet(46)) - raft.grpc.message.size.max = 32MB (=33554432) (custom)
2024-01-26 21:34:11,481 [main] INFO  server.RaftServerConfigKeys (ConfUtils.java:logGet(46)) - raft.server.log.appender.buffer.byte-limit = 8388608 (custom)
2024-01-26 21:34:11,481 [main] INFO  server.GrpcService (ConfUtils.java:logGet(46)) - raft.grpc.flow.control.window = 5MB (=5242880) (custom)
2024-01-26 21:34:11,482 [main] INFO  server.RaftServerConfigKeys (ConfUtils.java:logGet(46)) - raft.server.rpc.request.timeout = 60s (custom)
2024-01-26 21:34:11,482 [main] INFO  grpc.GrpcConfigKeys (ConfUtils.java:logGet(46)) - raft.grpc.server.heartbeat.channel = true (default)
2024-01-26 21:34:11,482 [main] INFO  grpc.GrpcConfigKeys (ConfUtils.java:logGet(46)) - raft.grpc.server.async.request.thread.pool.cached = true (default)
2024-01-26 21:34:11,482 [main] INFO  grpc.GrpcConfigKeys (ConfUtils.java:logGet(46)) - raft.grpc.server.async.request.thread.pool.size = 32 (default)
2024-01-26 21:34:11,485 [main] INFO  impl.DataStreamServerImpl (ConfUtils.java:logGet(46)) - raft.datastream.type = NETTY (custom)
2024-01-26 21:34:11,485 [main] INFO  server.RaftServerConfigKeys (ConfUtils.java:logGet(46)) - raft.server.data-stream.async.request.thread.pool.cached = false (default)
2024-01-26 21:34:11,485 [main] INFO  server.RaftServerConfigKeys (ConfUtils.java:logGet(46)) - raft.server.data-stream.async.request.thread.pool.size = 20 (custom)
2024-01-26 21:34:11,486 [main] INFO  server.RaftServerConfigKeys (ConfUtils.java:logGet(46)) - raft.server.data-stream.async.write.thread.pool.size = 16 (default)
2024-01-26 21:34:11,486 [main] INFO  netty.NettyConfigKeys$DataStream (ConfUtils.java:logGet(46)) - raft.netty.dataStream.server.channel.inactive.grace-period = 10min (default)
2024-01-26 21:34:11,486 [main] INFO  server.RaftServerConfigKeys (ConfUtils.java:logGet(46)) - raft.server.data-stream.client.pool.size = 10 (default)
2024-01-26 21:34:11,486 [main] INFO  netty.NettyConfigKeys$DataStream (ConfUtils.java:logGet(46)) - raft.netty.dataStream.server.use-epoll = true (default)
2024-01-26 21:34:11,487 [main] INFO  netty.NettyConfigKeys$DataStream (ConfUtils.java:logGet(46)) - raft.netty.dataStream.server.boss-group.size = 0 (default)
2024-01-26 21:34:11,487 [main] INFO  netty.NettyUtils (NettyUtils.java:newEventLoopGroup(69)) - Create EpollEventLoopGroup for 615e0ce5-d68a-4764-9dce-a037122bf2b4-NettyServerStreamRpc-bossGroup; Thread size is 0.
2024-01-26 21:34:11,487 [main] INFO  netty.NettyConfigKeys$DataStream (ConfUtils.java:logGet(46)) - raft.netty.dataStream.server.worker-group.size = 0 (default)
2024-01-26 21:34:11,488 [main] INFO  netty.NettyUtils (NettyUtils.java:newEventLoopGroup(69)) - Create EpollEventLoopGroup for 615e0ce5-d68a-4764-9dce-a037122bf2b4-NettyServerStreamRpc-workerGroup; Thread size is 0.
2024-01-26 21:34:11,488 [main] INFO  netty.NettyConfigKeys$DataStream (ConfUtils.java:logGet(46)) - raft.netty.dataStream.server.tls.conf = null (default)
2024-01-26 21:34:11,488 [main] INFO  netty.NettyConfigKeys$DataStream (ConfUtils.java:logGet(46)) - raft.netty.dataStream.host = null (default)
2024-01-26 21:34:11,489 [main] INFO  netty.NettyConfigKeys$DataStream (ConfUtils.java:logGet(46)) - raft.netty.dataStream.port = 15069 (custom)
2024-01-26 21:34:11,489 [main] INFO  server.RaftServerConfigKeys (ConfUtils.java:logGet(46)) - raft.server.sleep.deviation.threshold = 300ms (default)
2024-01-26 21:34:11,490 [main] INFO  server.RaftServerConfigKeys (ConfUtils.java:logGet(46)) - raft.server.close.threshold = 60s (default)
2024-01-26 21:34:11,490 [main] INFO  server.RaftServerConfigKeys (ConfUtils.java:logGet(46)) - raft.server.leaderelection.leader.step-down.wait-time = 10s (default)
2024-01-26 21:34:11,491 [615e0ce5-d68a-4764-9dce-a037122bf2b4-NettyServerStreamRpc-bossGroup--thread1] INFO  logging.LoggingHandler (AbstractInternalLogger.java:log(148)) - [id: 0x5fd72359] REGISTERED
2024-01-26 21:34:11,491 [main] INFO  server.RaftServerConfigKeys (ConfUtils.java:logGet(46)) - raft.server.storage.dir = [/home/runner/work/ozone/ozone/hadoop-ozone/integration-test/target/test-dir/MiniOzoneClusterImpl-1af845c4-9ad0-4304-ad21-7f4426eccdbd/datanode-6/data/ratis] (custom)
2024-01-26 21:34:11,491 [main] INFO  server.RaftServerConfigKeys (ConfUtils.java:logGet(46)) - raft.server.threadpool.proxy.cached = true (default)
2024-01-26 21:34:11,491 [615e0ce5-d68a-4764-9dce-a037122bf2b4-NettyServerStreamRpc-bossGroup--thread1] INFO  logging.LoggingHandler (AbstractInternalLogger.java:log(148)) - [id: 0x5fd72359] BIND: 0.0.0.0/0.0.0.0:15069
2024-01-26 21:34:11,492 [615e0ce5-d68a-4764-9dce-a037122bf2b4-NettyServerStreamRpc-bossGroup--thread1] INFO  logging.LoggingHandler (AbstractInternalLogger.java:log(148)) - [id: 0x5fd72359, L:/0.0.0.0:15069] ACTIVE
2024-01-26 21:34:11,492 [main] INFO  server.RaftServerConfigKeys (ConfUtils.java:logGet(46)) - raft.server.threadpool.proxy.size = 0 (default)
2024-01-26 21:34:11,493 [615e0ce5-d68a-4764-9dce-a037122bf2b4-impl-thread1] INFO  server.RaftServer (RaftServerProxy.java:initGroupDir(264)) - 615e0ce5-d68a-4764-9dce-a037122bf2b4: found a subdirectory /home/runner/work/ozone/ozone/hadoop-ozone/integration-test/target/test-dir/MiniOzoneClusterImpl-1af845c4-9ad0-4304-ad21-7f4426eccdbd/datanode-6/data/ratis/tmp
2024-01-26 21:34:11,493 [615e0ce5-d68a-4764-9dce-a037122bf2b4-impl-thread1] INFO  server.RaftServer (RaftServerProxy.java:initGroupDir(269)) - 615e0ce5-d68a-4764-9dce-a037122bf2b4: The directory /home/runner/work/ozone/ozone/hadoop-ozone/integration-test/target/test-dir/MiniOzoneClusterImpl-1af845c4-9ad0-4304-ad21-7f4426eccdbd/datanode-6/data/ratis/tmp is not a group directory; ignoring it. 
2024-01-26 21:34:11,493 [main] INFO  replication.ReplicationServer (ReplicationServer.java:<init>(85)) - Initializing replication server with thread count = 10 queue length = 4096
2024-01-26 21:34:11,494 [main] INFO  server.XceiverServerGrpc (XceiverServerGrpc.java:<init>(141)) - GrpcServer channel type EpollServerSocketChannel
2024-01-26 21:34:11,496 [main] INFO  replication.ReplicationSupervisor (ReplicationSupervisor.java:build(163)) - Initializing replication supervisor with thread count = 10
2024-01-26 21:34:11,496 [main] INFO  replication.ReplicationSupervisor (ReplicationSupervisor.java:nodeStateUpdated(317)) - Node state updated to IN_SERVICE, scaling executor pool size to 10
2024-01-26 21:34:11,499 [main] INFO  http.BaseHttpServer (BaseHttpServer.java:newHttpServer2BuilderForOzone(223)) - Starting Web-server for hddsDatanode at: http://0.0.0.0:15063
2024-01-26 21:34:11,499 [main] INFO  http.BaseHttpServer (BaseHttpServer.java:<init>(110)) - Hadoop Security Enabled: false Ozone Security Enabled: false Ozone HTTP Security Enabled: false 
2024-01-26 21:34:11,500 [main] WARN  server.AuthenticationFilter (AuthenticationFilter.java:constructSecretProvider(240)) - Unable to initialize FileSignerSecretProvider, falling back to use random secrets. Reason: Could not read signature secret file: /home/runner/hadoop-http-auth-signature-secret
2024-01-26 21:34:11,501 [main] INFO  http.HttpRequestLog (HttpRequestLog.java:getRequestLog(86)) - Http request log for http.requests.hddsDatanode is not defined
2024-01-26 21:34:11,502 [main] INFO  http.HttpServer2 (HttpServer2.java:addGlobalFilter(1036)) - Added global filter 'safety' (class=org.apache.hadoop.hdds.server.http.HttpServer2$QuotingInputFilter)
2024-01-26 21:34:11,503 [main] INFO  http.HttpServer2 (HttpServer2.java:addFilter(1012)) - Added filter static_user_filter (class=org.apache.hadoop.http.lib.StaticUserWebFilter$StaticUserFilter) to context hddsDatanode
2024-01-26 21:34:11,504 [main] INFO  http.HttpServer2 (HttpServer2.java:addFilter(1020)) - Added filter static_user_filter (class=org.apache.hadoop.http.lib.StaticUserWebFilter$StaticUserFilter) to context static
2024-01-26 21:34:11,504 [main] INFO  http.HttpServer2 (HttpServer2.java:addFilter(1020)) - Added filter static_user_filter (class=org.apache.hadoop.http.lib.StaticUserWebFilter$StaticUserFilter) to context logs
2024-01-26 21:34:11,505 [main] INFO  http.BaseHttpServer (BaseHttpServer.java:<init>(189)) - HTTP server of hddsDatanode uses base directory /home/runner/work/ozone/ozone/hadoop-ozone/integration-test/target/test-dir/MiniOzoneClusterImpl-1af845c4-9ad0-4304-ad21-7f4426eccdbd/datanode-6/meta/webserver
2024-01-26 21:34:11,505 [main] INFO  http.HttpServer2 (HttpServer2.java:bindListener(1236)) - Jetty bound to port 15063
2024-01-26 21:34:11,505 [main] INFO  server.Server (Server.java:doStart(375)) - jetty-9.4.53.v20231009; built: 2023-10-09T12:29:09.265Z; git: 27bde00a0b95a1d5bbee0eae7984f891d2d0f8c9; jvm 1.8.0_392-b08
2024-01-26 21:34:11,506 [main] INFO  server.session (DefaultSessionIdManager.java:doStart(334)) - DefaultSessionIdManager workerName=node0
2024-01-26 21:34:11,506 [main] INFO  server.session (DefaultSessionIdManager.java:doStart(339)) - No SessionScavenger set, using defaults
2024-01-26 21:34:11,507 [main] INFO  server.session (HouseKeeper.java:startScavenging(132)) - node0 Scavenging every 600000ms
2024-01-26 21:34:11,507 [main] INFO  handler.ContextHandler (ContextHandler.java:doStart(921)) - Started o.e.j.s.ServletContextHandler@2e798b8f{logs,/logs,file:///home/runner/work/ozone/ozone/hadoop-ozone/integration-test/target/log,AVAILABLE}
2024-01-26 21:34:11,508 [main] INFO  handler.ContextHandler (ContextHandler.java:doStart(921)) - Started o.e.j.s.ServletContextHandler@6e1d2e9f{static,/static,jar:file:/home/runner/.m2/repository/org/apache/ozone/hdds-container-service/1.5.0-SNAPSHOT/hdds-container-service-1.5.0-SNAPSHOT.jar!/webapps/static,AVAILABLE}
2024-01-26 21:34:11,540 [main] INFO  handler.ContextHandler (ContextHandler.java:doStart(921)) - Started o.e.j.w.WebAppContext@6e30ed37{hddsDatanode,/,file:///home/runner/work/ozone/ozone/hadoop-ozone/integration-test/target/test-dir/MiniOzoneClusterImpl-1af845c4-9ad0-4304-ad21-7f4426eccdbd/datanode-6/meta/webserver/jetty-0_0_0_0-15063-hdds-container-service-1_5_0-SNAPSHOT_jar-_-any-7453419979500496377/webapp/,AVAILABLE}{jar:file:/home/runner/.m2/repository/org/apache/ozone/hdds-container-service/1.5.0-SNAPSHOT/hdds-container-service-1.5.0-SNAPSHOT.jar!/webapps/hddsDatanode}
2024-01-26 21:34:11,543 [main] INFO  server.AbstractConnector (AbstractConnector.java:doStart(333)) - Started ServerConnector@3221a4eb{HTTP/1.1, (http/1.1)}{0.0.0.0:15063}
2024-01-26 21:34:11,543 [main] INFO  server.Server (Server.java:doStart(415)) - Started @8712ms
2024-01-26 21:34:11,544 [main] WARN  impl.MetricsSystemImpl (MetricsSystemImpl.java:register(279)) - Sink prometheus already exists!
2024-01-26 21:34:11,544 [main] INFO  http.BaseHttpServer (BaseHttpServer.java:updateConnectorAddress(354)) - HTTP server of hddsDatanode listening at http://0.0.0.0:15063
2024-01-26 21:34:11,545 [main] INFO  ipc.CallQueueManager (CallQueueManager.java:<init>(90)) - Using callQueue: class java.util.concurrent.LinkedBlockingQueue, queueCapacity: 100, scheduler: class org.apache.hadoop.ipc.DefaultRpcScheduler, ipcBackoff: false.
2024-01-26 21:34:11,545 [main] INFO  ipc.Server (Server.java:<init>(1287)) - Listener at 0.0.0.0:15064
2024-01-26 21:34:11,559 [Socket Reader #1 for port 15064] INFO  ipc.Server (Server.java:run(1323)) - Starting Socket Reader #1 for port 15064
2024-01-26 21:34:11,561 [main] INFO  ozone.HddsDatanodeService (HddsDatanodeService.java:start(324)) - Datanode start with admins: [runner]
2024-01-26 21:34:11,562 [main] INFO  ozone.HddsDatanodeClientProtocolServer (HddsDatanodeClientProtocolServer.java:start(72)) - RPC server for Client /0.0.0.0:15064
2024-01-26 21:34:11,562 [IPC Server Responder] INFO  ipc.Server (Server.java:run(1562)) - IPC Server Responder: starting
2024-01-26 21:34:11,563 [IPC Server listener on 15064] INFO  ipc.Server (Server.java:run(1402)) - IPC Server listener on 15064: starting
2024-01-26 21:34:11,568 [615e0ce5-d68a-4764-9dce-a037122bf2b4-DatanodeStateMachineDaemonThread] INFO  statemachine.DatanodeStateMachine (DatanodeStateMachine.java:lambda$startDaemon$1(555)) - Ozone container server started.
2024-01-26 21:34:11,569 [main] WARN  dropwizard3.Dm3MetricRegistriesImpl (Dm3MetricRegistriesImpl.java:addReporterRegistration(113)) - New reporters are added after registries were created. Some metrics will be missing from the reporter. Please add reporter before adding any new registry.
2024-01-26 21:34:11,569 [main] WARN  dropwizard3.Dm3MetricRegistriesImpl (Dm3MetricRegistriesImpl.java:addReporterRegistration(113)) - New reporters are added after registries were created. Some metrics will be missing from the reporter. Please add reporter before adding any new registry.
2024-01-26 21:34:11,569 [main] INFO  impl.MetricsSystemImpl (MetricsSystemImpl.java:init(158)) - HddsDatanode metrics system started (again)
2024-01-26 21:34:11,573 [615e0ce5-d68a-4764-9dce-a037122bf2b4-DatanodeStateMachineTaskThread-0] INFO  datanode.InitDatanodeState (InitDatanodeState.java:persistContainerDatanodeDetails(139)) - DatanodeDetails is persisted to /home/runner/work/ozone/ozone/hadoop-ozone/integration-test/target/test-dir/MiniOzoneClusterImpl-1af845c4-9ad0-4304-ad21-7f4426eccdbd/datanode-6/meta/datanode.id
2024-01-26 21:34:11,580 [main] INFO  ozone.HddsDatanodeService (HddsDatanodeService.java:start(239)) - HddsDatanodeService host:fv-az1566-86.204dmbdutxxevaxlgbjnwxhbkd.phxx.internal.cloudapp.net ip:10.1.0.5
2024-01-26 21:34:11,599 [main] INFO  upgrade.AbstractLayoutVersionManager (AbstractLayoutVersionManager.java:init(83)) - Initializing Layout version manager with metadata layout = HADOOP_PRC_PORTS_IN_DATANODEDETAILS (version = 7), software layout = HADOOP_PRC_PORTS_IN_DATANODEDETAILS (version = 7)
2024-01-26 21:34:11,599 [main] INFO  statemachine.DatanodeStateMachine (DatanodeStateMachine.java:getEndPointTaskThreadPoolSize(299)) - Datanode State Machine Task Thread Pool size 2
2024-01-26 21:34:11,601 [main] INFO  volume.HddsVolume (HddsVolume.java:<init>(125)) - Creating HddsVolume: /home/runner/work/ozone/ozone/hadoop-ozone/integration-test/target/test-dir/MiniOzoneClusterImpl-1af845c4-9ad0-4304-ad21-7f4426eccdbd/datanode-7/data-0/containers/hdds of storage type : DISK capacity : 9223372036854775807
2024-01-26 21:34:11,602 [main] INFO  volume.MutableVolumeSet (MutableVolumeSet.java:initializeVolumeSet(173)) - Added Volume : /home/runner/work/ozone/ozone/hadoop-ozone/integration-test/target/test-dir/MiniOzoneClusterImpl-1af845c4-9ad0-4304-ad21-7f4426eccdbd/datanode-7/data-0/containers/hdds to VolumeSet
2024-01-26 21:34:11,603 [main] INFO  volume.MutableVolumeSet (MutableVolumeSet.java:initializeVolumeSet(173)) - Added Volume : /home/runner/work/ozone/ozone/hadoop-ozone/integration-test/target/test-dir/MiniOzoneClusterImpl-1af845c4-9ad0-4304-ad21-7f4426eccdbd/datanode-7/data/ratis to VolumeSet
2024-01-26 21:34:11,603 [main] INFO  ozoneimpl.OzoneContainer (HddsVolumeUtil.java:loadAllHddsVolumeDbStore(103)) - Load 1 volumes DbStore cost: 0ms
2024-01-26 21:34:11,604 [85a76c17-24cd-4caa-b4c9-2f056bfd6b3c-ContainerReader-0] INFO  ozoneimpl.ContainerReader (ContainerReader.java:readVolume(178)) - Finish verifying containers on volume /home/runner/work/ozone/ozone/hadoop-ozone/integration-test/target/test-dir/MiniOzoneClusterImpl-1af845c4-9ad0-4304-ad21-7f4426eccdbd/datanode-7/data-0/containers/hdds
2024-01-26 21:34:11,604 [main] INFO  ozoneimpl.OzoneContainer (OzoneContainer.java:buildContainerSet(328)) - Build ContainerSet costs 0s
2024-01-26 21:34:11,606 [main] INFO  server.RaftServer (ConfUtils.java:logGet(46)) - raft.rpc.type = GRPC (default)
2024-01-26 21:34:11,606 [main] INFO  grpc.GrpcConfigKeys (ConfUtils.java:logFallback(53)) - raft.grpc.admin.host = null (fallback to raft.grpc.server.host)
2024-01-26 21:34:11,607 [main] INFO  grpc.GrpcConfigKeys (ConfUtils.java:logGet(46)) - raft.grpc.admin.port = 15076 (custom)
2024-01-26 21:34:11,607 [main] INFO  grpc.GrpcConfigKeys (ConfUtils.java:logFallback(53)) - raft.grpc.client.host = null (fallback to raft.grpc.server.host)
2024-01-26 21:34:11,607 [main] INFO  grpc.GrpcConfigKeys (ConfUtils.java:logGet(46)) - raft.grpc.client.port = 15075 (custom)
2024-01-26 21:34:11,607 [main] INFO  grpc.GrpcConfigKeys (ConfUtils.java:logGet(46)) - raft.grpc.server.host = null (default)
2024-01-26 21:34:11,607 [main] INFO  grpc.GrpcConfigKeys (ConfUtils.java:logGet(46)) - raft.grpc.server.port = 15077 (custom)
2024-01-26 21:34:11,607 [main] INFO  server.GrpcService (ConfUtils.java:logGet(46)) - raft.grpc.message.size.max = 32MB (=33554432) (custom)
2024-01-26 21:34:11,607 [main] INFO  server.RaftServerConfigKeys (ConfUtils.java:logGet(46)) - raft.server.log.appender.buffer.byte-limit = 8388608 (custom)
2024-01-26 21:34:11,608 [main] INFO  server.GrpcService (ConfUtils.java:logGet(46)) - raft.grpc.flow.control.window = 5MB (=5242880) (custom)
2024-01-26 21:34:11,608 [main] INFO  server.RaftServerConfigKeys (ConfUtils.java:logGet(46)) - raft.server.rpc.request.timeout = 60s (custom)
2024-01-26 21:34:11,608 [main] INFO  grpc.GrpcConfigKeys (ConfUtils.java:logGet(46)) - raft.grpc.server.heartbeat.channel = true (default)
2024-01-26 21:34:11,608 [main] INFO  grpc.GrpcConfigKeys (ConfUtils.java:logGet(46)) - raft.grpc.server.async.request.thread.pool.cached = true (default)
2024-01-26 21:34:11,608 [main] INFO  grpc.GrpcConfigKeys (ConfUtils.java:logGet(46)) - raft.grpc.server.async.request.thread.pool.size = 32 (default)
2024-01-26 21:34:11,610 [main] INFO  impl.DataStreamServerImpl (ConfUtils.java:logGet(46)) - raft.datastream.type = NETTY (custom)
2024-01-26 21:34:11,611 [main] INFO  server.RaftServerConfigKeys (ConfUtils.java:logGet(46)) - raft.server.data-stream.async.request.thread.pool.cached = false (default)
2024-01-26 21:34:11,611 [main] INFO  server.RaftServerConfigKeys (ConfUtils.java:logGet(46)) - raft.server.data-stream.async.request.thread.pool.size = 20 (custom)
2024-01-26 21:34:11,611 [main] INFO  server.RaftServerConfigKeys (ConfUtils.java:logGet(46)) - raft.server.data-stream.async.write.thread.pool.size = 16 (default)
2024-01-26 21:34:11,611 [main] INFO  netty.NettyConfigKeys$DataStream (ConfUtils.java:logGet(46)) - raft.netty.dataStream.server.channel.inactive.grace-period = 10min (default)
2024-01-26 21:34:11,611 [main] INFO  server.RaftServerConfigKeys (ConfUtils.java:logGet(46)) - raft.server.data-stream.client.pool.size = 10 (default)
2024-01-26 21:34:11,611 [main] INFO  netty.NettyConfigKeys$DataStream (ConfUtils.java:logGet(46)) - raft.netty.dataStream.server.use-epoll = true (default)
2024-01-26 21:34:11,612 [main] INFO  netty.NettyConfigKeys$DataStream (ConfUtils.java:logGet(46)) - raft.netty.dataStream.server.boss-group.size = 0 (default)
2024-01-26 21:34:11,612 [main] INFO  netty.NettyUtils (NettyUtils.java:newEventLoopGroup(69)) - Create EpollEventLoopGroup for 85a76c17-24cd-4caa-b4c9-2f056bfd6b3c-NettyServerStreamRpc-bossGroup; Thread size is 0.
2024-01-26 21:34:11,612 [main] INFO  netty.NettyConfigKeys$DataStream (ConfUtils.java:logGet(46)) - raft.netty.dataStream.server.worker-group.size = 0 (default)
2024-01-26 21:34:11,612 [main] INFO  netty.NettyUtils (NettyUtils.java:newEventLoopGroup(69)) - Create EpollEventLoopGroup for 85a76c17-24cd-4caa-b4c9-2f056bfd6b3c-NettyServerStreamRpc-workerGroup; Thread size is 0.
2024-01-26 21:34:11,613 [main] INFO  netty.NettyConfigKeys$DataStream (ConfUtils.java:logGet(46)) - raft.netty.dataStream.server.tls.conf = null (default)
2024-01-26 21:34:11,613 [main] INFO  netty.NettyConfigKeys$DataStream (ConfUtils.java:logGet(46)) - raft.netty.dataStream.host = null (default)
2024-01-26 21:34:11,613 [main] INFO  netty.NettyConfigKeys$DataStream (ConfUtils.java:logGet(46)) - raft.netty.dataStream.port = 15078 (custom)
2024-01-26 21:34:11,614 [main] INFO  server.RaftServerConfigKeys (ConfUtils.java:logGet(46)) - raft.server.sleep.deviation.threshold = 300ms (default)
2024-01-26 21:34:11,615 [85a76c17-24cd-4caa-b4c9-2f056bfd6b3c-NettyServerStreamRpc-bossGroup--thread1] INFO  logging.LoggingHandler (AbstractInternalLogger.java:log(148)) - [id: 0xe8a6f360] REGISTERED
2024-01-26 21:34:11,616 [85a76c17-24cd-4caa-b4c9-2f056bfd6b3c-NettyServerStreamRpc-bossGroup--thread1] INFO  logging.LoggingHandler (AbstractInternalLogger.java:log(148)) - [id: 0xe8a6f360] BIND: 0.0.0.0/0.0.0.0:15078
2024-01-26 21:34:11,616 [85a76c17-24cd-4caa-b4c9-2f056bfd6b3c-NettyServerStreamRpc-bossGroup--thread1] INFO  logging.LoggingHandler (AbstractInternalLogger.java:log(148)) - [id: 0xe8a6f360, L:/0.0.0.0:15078] ACTIVE
2024-01-26 21:34:11,616 [main] INFO  server.RaftServerConfigKeys (ConfUtils.java:logGet(46)) - raft.server.close.threshold = 60s (default)
2024-01-26 21:34:11,616 [main] INFO  server.RaftServerConfigKeys (ConfUtils.java:logGet(46)) - raft.server.leaderelection.leader.step-down.wait-time = 10s (default)
2024-01-26 21:34:11,616 [main] INFO  server.RaftServerConfigKeys (ConfUtils.java:logGet(46)) - raft.server.storage.dir = [/home/runner/work/ozone/ozone/hadoop-ozone/integration-test/target/test-dir/MiniOzoneClusterImpl-1af845c4-9ad0-4304-ad21-7f4426eccdbd/datanode-7/data/ratis] (custom)
2024-01-26 21:34:11,617 [main] INFO  server.RaftServerConfigKeys (ConfUtils.java:logGet(46)) - raft.server.threadpool.proxy.cached = true (default)
2024-01-26 21:34:11,617 [main] INFO  server.RaftServerConfigKeys (ConfUtils.java:logGet(46)) - raft.server.threadpool.proxy.size = 0 (default)
2024-01-26 21:34:11,618 [85a76c17-24cd-4caa-b4c9-2f056bfd6b3c-impl-thread1] INFO  server.RaftServer (RaftServerProxy.java:initGroupDir(264)) - 85a76c17-24cd-4caa-b4c9-2f056bfd6b3c: found a subdirectory /home/runner/work/ozone/ozone/hadoop-ozone/integration-test/target/test-dir/MiniOzoneClusterImpl-1af845c4-9ad0-4304-ad21-7f4426eccdbd/datanode-7/data/ratis/tmp
2024-01-26 21:34:11,618 [85a76c17-24cd-4caa-b4c9-2f056bfd6b3c-impl-thread1] INFO  server.RaftServer (RaftServerProxy.java:initGroupDir(269)) - 85a76c17-24cd-4caa-b4c9-2f056bfd6b3c: The directory /home/runner/work/ozone/ozone/hadoop-ozone/integration-test/target/test-dir/MiniOzoneClusterImpl-1af845c4-9ad0-4304-ad21-7f4426eccdbd/datanode-7/data/ratis/tmp is not a group directory; ignoring it. 
2024-01-26 21:34:11,618 [main] INFO  replication.ReplicationServer (ReplicationServer.java:<init>(85)) - Initializing replication server with thread count = 10 queue length = 4096
2024-01-26 21:34:11,619 [main] INFO  server.XceiverServerGrpc (XceiverServerGrpc.java:<init>(141)) - GrpcServer channel type EpollServerSocketChannel
2024-01-26 21:34:11,621 [main] INFO  replication.ReplicationSupervisor (ReplicationSupervisor.java:build(163)) - Initializing replication supervisor with thread count = 10
2024-01-26 21:34:11,621 [main] INFO  replication.ReplicationSupervisor (ReplicationSupervisor.java:nodeStateUpdated(317)) - Node state updated to IN_SERVICE, scaling executor pool size to 10
2024-01-26 21:34:11,624 [main] INFO  http.BaseHttpServer (BaseHttpServer.java:newHttpServer2BuilderForOzone(223)) - Starting Web-server for hddsDatanode at: http://0.0.0.0:15072
2024-01-26 21:34:11,624 [main] INFO  http.BaseHttpServer (BaseHttpServer.java:<init>(110)) - Hadoop Security Enabled: false Ozone Security Enabled: false Ozone HTTP Security Enabled: false 
2024-01-26 21:34:11,625 [main] WARN  server.AuthenticationFilter (AuthenticationFilter.java:constructSecretProvider(240)) - Unable to initialize FileSignerSecretProvider, falling back to use random secrets. Reason: Could not read signature secret file: /home/runner/hadoop-http-auth-signature-secret
2024-01-26 21:34:11,625 [main] INFO  http.HttpRequestLog (HttpRequestLog.java:getRequestLog(86)) - Http request log for http.requests.hddsDatanode is not defined
2024-01-26 21:34:11,626 [main] INFO  http.HttpServer2 (HttpServer2.java:addGlobalFilter(1036)) - Added global filter 'safety' (class=org.apache.hadoop.hdds.server.http.HttpServer2$QuotingInputFilter)
2024-01-26 21:34:11,627 [main] INFO  http.HttpServer2 (HttpServer2.java:addFilter(1012)) - Added filter static_user_filter (class=org.apache.hadoop.http.lib.StaticUserWebFilter$StaticUserFilter) to context hddsDatanode
2024-01-26 21:34:11,627 [main] INFO  http.HttpServer2 (HttpServer2.java:addFilter(1020)) - Added filter static_user_filter (class=org.apache.hadoop.http.lib.StaticUserWebFilter$StaticUserFilter) to context static
2024-01-26 21:34:11,627 [main] INFO  http.HttpServer2 (HttpServer2.java:addFilter(1020)) - Added filter static_user_filter (class=org.apache.hadoop.http.lib.StaticUserWebFilter$StaticUserFilter) to context logs
2024-01-26 21:34:11,628 [main] INFO  http.BaseHttpServer (BaseHttpServer.java:<init>(189)) - HTTP server of hddsDatanode uses base directory /home/runner/work/ozone/ozone/hadoop-ozone/integration-test/target/test-dir/MiniOzoneClusterImpl-1af845c4-9ad0-4304-ad21-7f4426eccdbd/datanode-7/meta/webserver
2024-01-26 21:34:11,628 [main] INFO  http.HttpServer2 (HttpServer2.java:bindListener(1236)) - Jetty bound to port 15072
2024-01-26 21:34:11,629 [main] INFO  server.Server (Server.java:doStart(375)) - jetty-9.4.53.v20231009; built: 2023-10-09T12:29:09.265Z; git: 27bde00a0b95a1d5bbee0eae7984f891d2d0f8c9; jvm 1.8.0_392-b08
2024-01-26 21:34:11,629 [main] INFO  server.session (DefaultSessionIdManager.java:doStart(334)) - DefaultSessionIdManager workerName=node0
2024-01-26 21:34:11,630 [main] INFO  server.session (DefaultSessionIdManager.java:doStart(339)) - No SessionScavenger set, using defaults
2024-01-26 21:34:11,630 [main] INFO  server.session (HouseKeeper.java:startScavenging(132)) - node0 Scavenging every 660000ms
2024-01-26 21:34:11,631 [main] INFO  handler.ContextHandler (ContextHandler.java:doStart(921)) - Started o.e.j.s.ServletContextHandler@41f24cc6{logs,/logs,file:///home/runner/work/ozone/ozone/hadoop-ozone/integration-test/target/log,AVAILABLE}
2024-01-26 21:34:11,631 [main] INFO  handler.ContextHandler (ContextHandler.java:doStart(921)) - Started o.e.j.s.ServletContextHandler@5d111c52{static,/static,jar:file:/home/runner/.m2/repository/org/apache/ozone/hdds-container-service/1.5.0-SNAPSHOT/hdds-container-service-1.5.0-SNAPSHOT.jar!/webapps/static,AVAILABLE}
2024-01-26 21:34:11,663 [main] INFO  handler.ContextHandler (ContextHandler.java:doStart(921)) - Started o.e.j.w.WebAppContext@29cd9ce5{hddsDatanode,/,file:///home/runner/work/ozone/ozone/hadoop-ozone/integration-test/target/test-dir/MiniOzoneClusterImpl-1af845c4-9ad0-4304-ad21-7f4426eccdbd/datanode-7/meta/webserver/jetty-0_0_0_0-15072-hdds-container-service-1_5_0-SNAPSHOT_jar-_-any-5883193996711123594/webapp/,AVAILABLE}{jar:file:/home/runner/.m2/repository/org/apache/ozone/hdds-container-service/1.5.0-SNAPSHOT/hdds-container-service-1.5.0-SNAPSHOT.jar!/webapps/hddsDatanode}
2024-01-26 21:34:11,666 [main] INFO  server.AbstractConnector (AbstractConnector.java:doStart(333)) - Started ServerConnector@28a83c58{HTTP/1.1, (http/1.1)}{0.0.0.0:15072}
2024-01-26 21:34:11,666 [main] INFO  server.Server (Server.java:doStart(415)) - Started @8834ms
2024-01-26 21:34:11,666 [main] WARN  impl.MetricsSystemImpl (MetricsSystemImpl.java:register(279)) - Sink prometheus already exists!
2024-01-26 21:34:11,667 [main] INFO  http.BaseHttpServer (BaseHttpServer.java:updateConnectorAddress(354)) - HTTP server of hddsDatanode listening at http://0.0.0.0:15072
2024-01-26 21:34:11,667 [main] INFO  ipc.CallQueueManager (CallQueueManager.java:<init>(90)) - Using callQueue: class java.util.concurrent.LinkedBlockingQueue, queueCapacity: 100, scheduler: class org.apache.hadoop.ipc.DefaultRpcScheduler, ipcBackoff: false.
2024-01-26 21:34:11,667 [main] INFO  ipc.Server (Server.java:<init>(1287)) - Listener at 0.0.0.0:15073
2024-01-26 21:34:11,667 [Socket Reader #1 for port 15073] INFO  ipc.Server (Server.java:run(1323)) - Starting Socket Reader #1 for port 15073
2024-01-26 21:34:11,670 [main] INFO  ozone.HddsDatanodeService (HddsDatanodeService.java:start(324)) - Datanode start with admins: [runner]
2024-01-26 21:34:11,670 [main] INFO  ozone.HddsDatanodeClientProtocolServer (HddsDatanodeClientProtocolServer.java:start(72)) - RPC server for Client /0.0.0.0:15073
2024-01-26 21:34:11,670 [IPC Server Responder] INFO  ipc.Server (Server.java:run(1562)) - IPC Server Responder: starting
2024-01-26 21:34:11,675 [85a76c17-24cd-4caa-b4c9-2f056bfd6b3c-DatanodeStateMachineDaemonThread] INFO  statemachine.DatanodeStateMachine (DatanodeStateMachine.java:lambda$startDaemon$1(555)) - Ozone container server started.
2024-01-26 21:34:11,675 [IPC Server listener on 15073] INFO  ipc.Server (Server.java:run(1402)) - IPC Server listener on 15073: starting
2024-01-26 21:34:11,675 [main] WARN  dropwizard3.Dm3MetricRegistriesImpl (Dm3MetricRegistriesImpl.java:addReporterRegistration(113)) - New reporters are added after registries were created. Some metrics will be missing from the reporter. Please add reporter before adding any new registry.
2024-01-26 21:34:11,675 [main] WARN  dropwizard3.Dm3MetricRegistriesImpl (Dm3MetricRegistriesImpl.java:addReporterRegistration(113)) - New reporters are added after registries were created. Some metrics will be missing from the reporter. Please add reporter before adding any new registry.
2024-01-26 21:34:11,676 [main] INFO  impl.MetricsSystemImpl (MetricsSystemImpl.java:init(158)) - HddsDatanode metrics system started (again)
2024-01-26 21:34:11,680 [85a76c17-24cd-4caa-b4c9-2f056bfd6b3c-DatanodeStateMachineTaskThread-0] INFO  datanode.InitDatanodeState (InitDatanodeState.java:persistContainerDatanodeDetails(139)) - DatanodeDetails is persisted to /home/runner/work/ozone/ozone/hadoop-ozone/integration-test/target/test-dir/MiniOzoneClusterImpl-1af845c4-9ad0-4304-ad21-7f4426eccdbd/datanode-7/meta/datanode.id
2024-01-26 21:34:11,686 [main] INFO  ozone.HddsDatanodeService (HddsDatanodeService.java:start(239)) - HddsDatanodeService host:fv-az1566-86.204dmbdutxxevaxlgbjnwxhbkd.phxx.internal.cloudapp.net ip:10.1.0.5
2024-01-26 21:34:11,703 [main] INFO  upgrade.AbstractLayoutVersionManager (AbstractLayoutVersionManager.java:init(83)) - Initializing Layout version manager with metadata layout = HADOOP_PRC_PORTS_IN_DATANODEDETAILS (version = 7), software layout = HADOOP_PRC_PORTS_IN_DATANODEDETAILS (version = 7)
2024-01-26 21:34:11,704 [main] INFO  statemachine.DatanodeStateMachine (DatanodeStateMachine.java:getEndPointTaskThreadPoolSize(299)) - Datanode State Machine Task Thread Pool size 2
2024-01-26 21:34:11,705 [main] INFO  volume.HddsVolume (HddsVolume.java:<init>(125)) - Creating HddsVolume: /home/runner/work/ozone/ozone/hadoop-ozone/integration-test/target/test-dir/MiniOzoneClusterImpl-1af845c4-9ad0-4304-ad21-7f4426eccdbd/datanode-8/data-0/containers/hdds of storage type : DISK capacity : 9223372036854775807
2024-01-26 21:34:11,706 [main] INFO  volume.MutableVolumeSet (MutableVolumeSet.java:initializeVolumeSet(173)) - Added Volume : /home/runner/work/ozone/ozone/hadoop-ozone/integration-test/target/test-dir/MiniOzoneClusterImpl-1af845c4-9ad0-4304-ad21-7f4426eccdbd/datanode-8/data-0/containers/hdds to VolumeSet
2024-01-26 21:34:11,707 [main] INFO  volume.MutableVolumeSet (MutableVolumeSet.java:initializeVolumeSet(173)) - Added Volume : /home/runner/work/ozone/ozone/hadoop-ozone/integration-test/target/test-dir/MiniOzoneClusterImpl-1af845c4-9ad0-4304-ad21-7f4426eccdbd/datanode-8/data/ratis to VolumeSet
2024-01-26 21:34:11,707 [main] INFO  ozoneimpl.OzoneContainer (HddsVolumeUtil.java:loadAllHddsVolumeDbStore(103)) - Load 1 volumes DbStore cost: 0ms
2024-01-26 21:34:11,708 [157befb9-fc2c-4b56-bfb2-e4c39e5a9271-ContainerReader-0] INFO  ozoneimpl.ContainerReader (ContainerReader.java:readVolume(178)) - Finish verifying containers on volume /home/runner/work/ozone/ozone/hadoop-ozone/integration-test/target/test-dir/MiniOzoneClusterImpl-1af845c4-9ad0-4304-ad21-7f4426eccdbd/datanode-8/data-0/containers/hdds
2024-01-26 21:34:11,708 [main] INFO  ozoneimpl.OzoneContainer (OzoneContainer.java:buildContainerSet(328)) - Build ContainerSet costs 0s
2024-01-26 21:34:11,711 [main] INFO  server.RaftServer (ConfUtils.java:logGet(46)) - raft.rpc.type = GRPC (default)
2024-01-26 21:34:11,711 [main] INFO  grpc.GrpcConfigKeys (ConfUtils.java:logFallback(53)) - raft.grpc.admin.host = null (fallback to raft.grpc.server.host)
2024-01-26 21:34:11,712 [main] INFO  grpc.GrpcConfigKeys (ConfUtils.java:logGet(46)) - raft.grpc.admin.port = 15085 (custom)
2024-01-26 21:34:11,712 [main] INFO  grpc.GrpcConfigKeys (ConfUtils.java:logFallback(53)) - raft.grpc.client.host = null (fallback to raft.grpc.server.host)
2024-01-26 21:34:11,712 [main] INFO  grpc.GrpcConfigKeys (ConfUtils.java:logGet(46)) - raft.grpc.client.port = 15084 (custom)
2024-01-26 21:34:11,712 [main] INFO  grpc.GrpcConfigKeys (ConfUtils.java:logGet(46)) - raft.grpc.server.host = null (default)
2024-01-26 21:34:11,713 [main] INFO  grpc.GrpcConfigKeys (ConfUtils.java:logGet(46)) - raft.grpc.server.port = 15086 (custom)
2024-01-26 21:34:11,713 [main] INFO  server.GrpcService (ConfUtils.java:logGet(46)) - raft.grpc.message.size.max = 32MB (=33554432) (custom)
2024-01-26 21:34:11,713 [main] INFO  server.RaftServerConfigKeys (ConfUtils.java:logGet(46)) - raft.server.log.appender.buffer.byte-limit = 8388608 (custom)
2024-01-26 21:34:11,713 [main] INFO  server.GrpcService (ConfUtils.java:logGet(46)) - raft.grpc.flow.control.window = 5MB (=5242880) (custom)
2024-01-26 21:34:11,713 [main] INFO  server.RaftServerConfigKeys (ConfUtils.java:logGet(46)) - raft.server.rpc.request.timeout = 60s (custom)
2024-01-26 21:34:11,714 [main] INFO  grpc.GrpcConfigKeys (ConfUtils.java:logGet(46)) - raft.grpc.server.heartbeat.channel = true (default)
2024-01-26 21:34:11,714 [main] INFO  grpc.GrpcConfigKeys (ConfUtils.java:logGet(46)) - raft.grpc.server.async.request.thread.pool.cached = true (default)
2024-01-26 21:34:11,714 [main] INFO  grpc.GrpcConfigKeys (ConfUtils.java:logGet(46)) - raft.grpc.server.async.request.thread.pool.size = 32 (default)
2024-01-26 21:34:11,717 [main] INFO  impl.DataStreamServerImpl (ConfUtils.java:logGet(46)) - raft.datastream.type = NETTY (custom)
2024-01-26 21:34:11,717 [main] INFO  server.RaftServerConfigKeys (ConfUtils.java:logGet(46)) - raft.server.data-stream.async.request.thread.pool.cached = false (default)
2024-01-26 21:34:11,718 [main] INFO  server.RaftServerConfigKeys (ConfUtils.java:logGet(46)) - raft.server.data-stream.async.request.thread.pool.size = 20 (custom)
2024-01-26 21:34:11,718 [main] INFO  server.RaftServerConfigKeys (ConfUtils.java:logGet(46)) - raft.server.data-stream.async.write.thread.pool.size = 16 (default)
2024-01-26 21:34:11,718 [main] INFO  netty.NettyConfigKeys$DataStream (ConfUtils.java:logGet(46)) - raft.netty.dataStream.server.channel.inactive.grace-period = 10min (default)
2024-01-26 21:34:11,718 [main] INFO  server.RaftServerConfigKeys (ConfUtils.java:logGet(46)) - raft.server.data-stream.client.pool.size = 10 (default)
2024-01-26 21:34:11,718 [main] INFO  netty.NettyConfigKeys$DataStream (ConfUtils.java:logGet(46)) - raft.netty.dataStream.server.use-epoll = true (default)
2024-01-26 21:34:11,718 [main] INFO  netty.NettyConfigKeys$DataStream (ConfUtils.java:logGet(46)) - raft.netty.dataStream.server.boss-group.size = 0 (default)
2024-01-26 21:34:11,718 [main] INFO  netty.NettyUtils (NettyUtils.java:newEventLoopGroup(69)) - Create EpollEventLoopGroup for 157befb9-fc2c-4b56-bfb2-e4c39e5a9271-NettyServerStreamRpc-bossGroup; Thread size is 0.
2024-01-26 21:34:11,719 [main] INFO  netty.NettyConfigKeys$DataStream (ConfUtils.java:logGet(46)) - raft.netty.dataStream.server.worker-group.size = 0 (default)
2024-01-26 21:34:11,719 [main] INFO  netty.NettyUtils (NettyUtils.java:newEventLoopGroup(69)) - Create EpollEventLoopGroup for 157befb9-fc2c-4b56-bfb2-e4c39e5a9271-NettyServerStreamRpc-workerGroup; Thread size is 0.
2024-01-26 21:34:11,720 [main] INFO  netty.NettyConfigKeys$DataStream (ConfUtils.java:logGet(46)) - raft.netty.dataStream.server.tls.conf = null (default)
2024-01-26 21:34:11,720 [main] INFO  netty.NettyConfigKeys$DataStream (ConfUtils.java:logGet(46)) - raft.netty.dataStream.host = null (default)
2024-01-26 21:34:11,720 [main] INFO  netty.NettyConfigKeys$DataStream (ConfUtils.java:logGet(46)) - raft.netty.dataStream.port = 15087 (custom)
2024-01-26 21:34:11,720 [main] INFO  server.RaftServerConfigKeys (ConfUtils.java:logGet(46)) - raft.server.sleep.deviation.threshold = 300ms (default)
2024-01-26 21:34:11,721 [main] INFO  server.RaftServerConfigKeys (ConfUtils.java:logGet(46)) - raft.server.close.threshold = 60s (default)
2024-01-26 21:34:11,722 [main] INFO  server.RaftServerConfigKeys (ConfUtils.java:logGet(46)) - raft.server.leaderelection.leader.step-down.wait-time = 10s (default)
2024-01-26 21:34:11,722 [157befb9-fc2c-4b56-bfb2-e4c39e5a9271-NettyServerStreamRpc-bossGroup--thread1] INFO  logging.LoggingHandler (AbstractInternalLogger.java:log(148)) - [id: 0x257ec19d] REGISTERED
2024-01-26 21:34:11,722 [main] INFO  server.RaftServerConfigKeys (ConfUtils.java:logGet(46)) - raft.server.storage.dir = [/home/runner/work/ozone/ozone/hadoop-ozone/integration-test/target/test-dir/MiniOzoneClusterImpl-1af845c4-9ad0-4304-ad21-7f4426eccdbd/datanode-8/data/ratis] (custom)
2024-01-26 21:34:11,722 [157befb9-fc2c-4b56-bfb2-e4c39e5a9271-NettyServerStreamRpc-bossGroup--thread1] INFO  logging.LoggingHandler (AbstractInternalLogger.java:log(148)) - [id: 0x257ec19d] BIND: 0.0.0.0/0.0.0.0:15087
2024-01-26 21:34:11,722 [main] INFO  server.RaftServerConfigKeys (ConfUtils.java:logGet(46)) - raft.server.threadpool.proxy.cached = true (default)
2024-01-26 21:34:11,722 [157befb9-fc2c-4b56-bfb2-e4c39e5a9271-NettyServerStreamRpc-bossGroup--thread1] INFO  logging.LoggingHandler (AbstractInternalLogger.java:log(148)) - [id: 0x257ec19d, L:/0.0.0.0:15087] ACTIVE
2024-01-26 21:34:11,723 [main] INFO  server.RaftServerConfigKeys (ConfUtils.java:logGet(46)) - raft.server.threadpool.proxy.size = 0 (default)
2024-01-26 21:34:11,723 [157befb9-fc2c-4b56-bfb2-e4c39e5a9271-impl-thread1] INFO  server.RaftServer (RaftServerProxy.java:initGroupDir(264)) - 157befb9-fc2c-4b56-bfb2-e4c39e5a9271: found a subdirectory /home/runner/work/ozone/ozone/hadoop-ozone/integration-test/target/test-dir/MiniOzoneClusterImpl-1af845c4-9ad0-4304-ad21-7f4426eccdbd/datanode-8/data/ratis/tmp
2024-01-26 21:34:11,723 [157befb9-fc2c-4b56-bfb2-e4c39e5a9271-impl-thread1] INFO  server.RaftServer (RaftServerProxy.java:initGroupDir(269)) - 157befb9-fc2c-4b56-bfb2-e4c39e5a9271: The directory /home/runner/work/ozone/ozone/hadoop-ozone/integration-test/target/test-dir/MiniOzoneClusterImpl-1af845c4-9ad0-4304-ad21-7f4426eccdbd/datanode-8/data/ratis/tmp is not a group directory; ignoring it. 
2024-01-26 21:34:11,723 [main] INFO  replication.ReplicationServer (ReplicationServer.java:<init>(85)) - Initializing replication server with thread count = 10 queue length = 4096
2024-01-26 21:34:11,724 [main] INFO  server.XceiverServerGrpc (XceiverServerGrpc.java:<init>(141)) - GrpcServer channel type EpollServerSocketChannel
2024-01-26 21:34:11,726 [main] INFO  replication.ReplicationSupervisor (ReplicationSupervisor.java:build(163)) - Initializing replication supervisor with thread count = 10
2024-01-26 21:34:11,726 [main] INFO  replication.ReplicationSupervisor (ReplicationSupervisor.java:nodeStateUpdated(317)) - Node state updated to IN_SERVICE, scaling executor pool size to 10
2024-01-26 21:34:11,729 [main] INFO  http.BaseHttpServer (BaseHttpServer.java:newHttpServer2BuilderForOzone(223)) - Starting Web-server for hddsDatanode at: http://0.0.0.0:15081
2024-01-26 21:34:11,729 [main] INFO  http.BaseHttpServer (BaseHttpServer.java:<init>(110)) - Hadoop Security Enabled: false Ozone Security Enabled: false Ozone HTTP Security Enabled: false 
2024-01-26 21:34:11,731 [main] WARN  server.AuthenticationFilter (AuthenticationFilter.java:constructSecretProvider(240)) - Unable to initialize FileSignerSecretProvider, falling back to use random secrets. Reason: Could not read signature secret file: /home/runner/hadoop-http-auth-signature-secret
2024-01-26 21:34:11,735 [main] INFO  http.HttpRequestLog (HttpRequestLog.java:getRequestLog(86)) - Http request log for http.requests.hddsDatanode is not defined
2024-01-26 21:34:11,737 [main] INFO  http.HttpServer2 (HttpServer2.java:addGlobalFilter(1036)) - Added global filter 'safety' (class=org.apache.hadoop.hdds.server.http.HttpServer2$QuotingInputFilter)
2024-01-26 21:34:11,739 [main] INFO  http.HttpServer2 (HttpServer2.java:addFilter(1012)) - Added filter static_user_filter (class=org.apache.hadoop.http.lib.StaticUserWebFilter$StaticUserFilter) to context hddsDatanode
2024-01-26 21:34:11,739 [main] INFO  http.HttpServer2 (HttpServer2.java:addFilter(1020)) - Added filter static_user_filter (class=org.apache.hadoop.http.lib.StaticUserWebFilter$StaticUserFilter) to context logs
2024-01-26 21:34:11,739 [main] INFO  http.HttpServer2 (HttpServer2.java:addFilter(1020)) - Added filter static_user_filter (class=org.apache.hadoop.http.lib.StaticUserWebFilter$StaticUserFilter) to context static
2024-01-26 21:34:11,740 [main] INFO  http.BaseHttpServer (BaseHttpServer.java:<init>(189)) - HTTP server of hddsDatanode uses base directory /home/runner/work/ozone/ozone/hadoop-ozone/integration-test/target/test-dir/MiniOzoneClusterImpl-1af845c4-9ad0-4304-ad21-7f4426eccdbd/datanode-8/meta/webserver
2024-01-26 21:34:11,740 [main] INFO  http.HttpServer2 (HttpServer2.java:bindListener(1236)) - Jetty bound to port 15081
2024-01-26 21:34:11,740 [main] INFO  server.Server (Server.java:doStart(375)) - jetty-9.4.53.v20231009; built: 2023-10-09T12:29:09.265Z; git: 27bde00a0b95a1d5bbee0eae7984f891d2d0f8c9; jvm 1.8.0_392-b08
2024-01-26 21:34:11,744 [main] INFO  server.session (DefaultSessionIdManager.java:doStart(334)) - DefaultSessionIdManager workerName=node0
2024-01-26 21:34:11,744 [main] INFO  server.session (DefaultSessionIdManager.java:doStart(339)) - No SessionScavenger set, using defaults
2024-01-26 21:34:11,745 [main] INFO  server.session (HouseKeeper.java:startScavenging(132)) - node0 Scavenging every 600000ms
2024-01-26 21:34:11,745 [main] INFO  handler.ContextHandler (ContextHandler.java:doStart(921)) - Started o.e.j.s.ServletContextHandler@40ce05ae{logs,/logs,file:///home/runner/work/ozone/ozone/hadoop-ozone/integration-test/target/log,AVAILABLE}
2024-01-26 21:34:11,745 [main] INFO  handler.ContextHandler (ContextHandler.java:doStart(921)) - Started o.e.j.s.ServletContextHandler@1f9516ea{static,/static,jar:file:/home/runner/.m2/repository/org/apache/ozone/hdds-container-service/1.5.0-SNAPSHOT/hdds-container-service-1.5.0-SNAPSHOT.jar!/webapps/static,AVAILABLE}
2024-01-26 21:34:11,779 [main] INFO  handler.ContextHandler (ContextHandler.java:doStart(921)) - Started o.e.j.w.WebAppContext@418e39d2{hddsDatanode,/,file:///home/runner/work/ozone/ozone/hadoop-ozone/integration-test/target/test-dir/MiniOzoneClusterImpl-1af845c4-9ad0-4304-ad21-7f4426eccdbd/datanode-8/meta/webserver/jetty-0_0_0_0-15081-hdds-container-service-1_5_0-SNAPSHOT_jar-_-any-4870344462702525273/webapp/,AVAILABLE}{jar:file:/home/runner/.m2/repository/org/apache/ozone/hdds-container-service/1.5.0-SNAPSHOT/hdds-container-service-1.5.0-SNAPSHOT.jar!/webapps/hddsDatanode}
2024-01-26 21:34:11,781 [main] INFO  server.AbstractConnector (AbstractConnector.java:doStart(333)) - Started ServerConnector@1de66441{HTTP/1.1, (http/1.1)}{0.0.0.0:15081}
2024-01-26 21:34:11,781 [main] INFO  server.Server (Server.java:doStart(415)) - Started @8950ms
2024-01-26 21:34:11,781 [main] WARN  impl.MetricsSystemImpl (MetricsSystemImpl.java:register(279)) - Sink prometheus already exists!
2024-01-26 21:34:11,782 [main] INFO  http.BaseHttpServer (BaseHttpServer.java:updateConnectorAddress(354)) - HTTP server of hddsDatanode listening at http://0.0.0.0:15081
2024-01-26 21:34:11,782 [main] INFO  ipc.CallQueueManager (CallQueueManager.java:<init>(90)) - Using callQueue: class java.util.concurrent.LinkedBlockingQueue, queueCapacity: 100, scheduler: class org.apache.hadoop.ipc.DefaultRpcScheduler, ipcBackoff: false.
2024-01-26 21:34:11,783 [main] INFO  ipc.Server (Server.java:<init>(1287)) - Listener at 0.0.0.0:15082
2024-01-26 21:34:11,783 [Socket Reader #1 for port 15082] INFO  ipc.Server (Server.java:run(1323)) - Starting Socket Reader #1 for port 15082
2024-01-26 21:34:11,792 [main] INFO  ozone.HddsDatanodeService (HddsDatanodeService.java:start(324)) - Datanode start with admins: [runner]
2024-01-26 21:34:11,792 [main] INFO  ozone.HddsDatanodeClientProtocolServer (HddsDatanodeClientProtocolServer.java:start(72)) - RPC server for Client /0.0.0.0:15082
2024-01-26 21:34:11,794 [IPC Server Responder] INFO  ipc.Server (Server.java:run(1562)) - IPC Server Responder: starting
2024-01-26 21:34:11,794 [IPC Server listener on 15082] INFO  ipc.Server (Server.java:run(1402)) - IPC Server listener on 15082: starting
2024-01-26 21:34:11,797 [157befb9-fc2c-4b56-bfb2-e4c39e5a9271-DatanodeStateMachineDaemonThread] INFO  statemachine.DatanodeStateMachine (DatanodeStateMachine.java:lambda$startDaemon$1(555)) - Ozone container server started.
2024-01-26 21:34:11,797 [main] WARN  dropwizard3.Dm3MetricRegistriesImpl (Dm3MetricRegistriesImpl.java:addReporterRegistration(113)) - New reporters are added after registries were created. Some metrics will be missing from the reporter. Please add reporter before adding any new registry.
2024-01-26 21:34:11,797 [main] WARN  dropwizard3.Dm3MetricRegistriesImpl (Dm3MetricRegistriesImpl.java:addReporterRegistration(113)) - New reporters are added after registries were created. Some metrics will be missing from the reporter. Please add reporter before adding any new registry.
2024-01-26 21:34:11,797 [main] INFO  impl.MetricsSystemImpl (MetricsSystemImpl.java:init(158)) - HddsDatanode metrics system started (again)
2024-01-26 21:34:11,800 [157befb9-fc2c-4b56-bfb2-e4c39e5a9271-DatanodeStateMachineTaskThread-0] INFO  datanode.InitDatanodeState (InitDatanodeState.java:persistContainerDatanodeDetails(139)) - DatanodeDetails is persisted to /home/runner/work/ozone/ozone/hadoop-ozone/integration-test/target/test-dir/MiniOzoneClusterImpl-1af845c4-9ad0-4304-ad21-7f4426eccdbd/datanode-8/meta/datanode.id
2024-01-26 21:34:11,812 [main] INFO  ozone.HddsDatanodeService (HddsDatanodeService.java:start(239)) - HddsDatanodeService host:fv-az1566-86.204dmbdutxxevaxlgbjnwxhbkd.phxx.internal.cloudapp.net ip:10.1.0.5
2024-01-26 21:34:11,828 [main] INFO  upgrade.AbstractLayoutVersionManager (AbstractLayoutVersionManager.java:init(83)) - Initializing Layout version manager with metadata layout = HADOOP_PRC_PORTS_IN_DATANODEDETAILS (version = 7), software layout = HADOOP_PRC_PORTS_IN_DATANODEDETAILS (version = 7)
2024-01-26 21:34:11,828 [main] INFO  statemachine.DatanodeStateMachine (DatanodeStateMachine.java:getEndPointTaskThreadPoolSize(299)) - Datanode State Machine Task Thread Pool size 2
2024-01-26 21:34:11,831 [main] INFO  volume.HddsVolume (HddsVolume.java:<init>(125)) - Creating HddsVolume: /home/runner/work/ozone/ozone/hadoop-ozone/integration-test/target/test-dir/MiniOzoneClusterImpl-1af845c4-9ad0-4304-ad21-7f4426eccdbd/datanode-9/data-0/containers/hdds of storage type : DISK capacity : 9223372036854775807
2024-01-26 21:34:11,831 [main] INFO  volume.MutableVolumeSet (MutableVolumeSet.java:initializeVolumeSet(173)) - Added Volume : /home/runner/work/ozone/ozone/hadoop-ozone/integration-test/target/test-dir/MiniOzoneClusterImpl-1af845c4-9ad0-4304-ad21-7f4426eccdbd/datanode-9/data-0/containers/hdds to VolumeSet
2024-01-26 21:34:11,833 [main] INFO  volume.MutableVolumeSet (MutableVolumeSet.java:initializeVolumeSet(173)) - Added Volume : /home/runner/work/ozone/ozone/hadoop-ozone/integration-test/target/test-dir/MiniOzoneClusterImpl-1af845c4-9ad0-4304-ad21-7f4426eccdbd/datanode-9/data/ratis to VolumeSet
2024-01-26 21:34:11,833 [main] INFO  ozoneimpl.OzoneContainer (HddsVolumeUtil.java:loadAllHddsVolumeDbStore(103)) - Load 1 volumes DbStore cost: 0ms
2024-01-26 21:34:11,834 [cb9b1e06-b28b-4c4f-b19c-04e0cd8d01c6-ContainerReader-0] INFO  ozoneimpl.ContainerReader (ContainerReader.java:readVolume(178)) - Finish verifying containers on volume /home/runner/work/ozone/ozone/hadoop-ozone/integration-test/target/test-dir/MiniOzoneClusterImpl-1af845c4-9ad0-4304-ad21-7f4426eccdbd/datanode-9/data-0/containers/hdds
2024-01-26 21:34:11,834 [main] INFO  ozoneimpl.OzoneContainer (OzoneContainer.java:buildContainerSet(328)) - Build ContainerSet costs 0s
2024-01-26 21:34:11,836 [main] INFO  server.RaftServer (ConfUtils.java:logGet(46)) - raft.rpc.type = GRPC (default)
2024-01-26 21:34:11,836 [main] INFO  grpc.GrpcConfigKeys (ConfUtils.java:logFallback(53)) - raft.grpc.admin.host = null (fallback to raft.grpc.server.host)
2024-01-26 21:34:11,837 [main] INFO  grpc.GrpcConfigKeys (ConfUtils.java:logGet(46)) - raft.grpc.admin.port = 15094 (custom)
2024-01-26 21:34:11,837 [main] INFO  grpc.GrpcConfigKeys (ConfUtils.java:logFallback(53)) - raft.grpc.client.host = null (fallback to raft.grpc.server.host)
2024-01-26 21:34:11,837 [main] INFO  grpc.GrpcConfigKeys (ConfUtils.java:logGet(46)) - raft.grpc.client.port = 15093 (custom)
2024-01-26 21:34:11,837 [main] INFO  grpc.GrpcConfigKeys (ConfUtils.java:logGet(46)) - raft.grpc.server.host = null (default)
2024-01-26 21:34:11,837 [main] INFO  grpc.GrpcConfigKeys (ConfUtils.java:logGet(46)) - raft.grpc.server.port = 15095 (custom)
2024-01-26 21:34:11,837 [main] INFO  server.GrpcService (ConfUtils.java:logGet(46)) - raft.grpc.message.size.max = 32MB (=33554432) (custom)
2024-01-26 21:34:11,838 [main] INFO  server.RaftServerConfigKeys (ConfUtils.java:logGet(46)) - raft.server.log.appender.buffer.byte-limit = 8388608 (custom)
2024-01-26 21:34:11,838 [main] INFO  server.GrpcService (ConfUtils.java:logGet(46)) - raft.grpc.flow.control.window = 5MB (=5242880) (custom)
2024-01-26 21:34:11,838 [main] INFO  server.RaftServerConfigKeys (ConfUtils.java:logGet(46)) - raft.server.rpc.request.timeout = 60s (custom)
2024-01-26 21:34:11,838 [main] INFO  grpc.GrpcConfigKeys (ConfUtils.java:logGet(46)) - raft.grpc.server.heartbeat.channel = true (default)
2024-01-26 21:34:11,838 [main] INFO  grpc.GrpcConfigKeys (ConfUtils.java:logGet(46)) - raft.grpc.server.async.request.thread.pool.cached = true (default)
2024-01-26 21:34:11,838 [main] INFO  grpc.GrpcConfigKeys (ConfUtils.java:logGet(46)) - raft.grpc.server.async.request.thread.pool.size = 32 (default)
2024-01-26 21:34:11,840 [main] INFO  impl.DataStreamServerImpl (ConfUtils.java:logGet(46)) - raft.datastream.type = NETTY (custom)
2024-01-26 21:34:11,841 [main] INFO  server.RaftServerConfigKeys (ConfUtils.java:logGet(46)) - raft.server.data-stream.async.request.thread.pool.cached = false (default)
2024-01-26 21:34:11,841 [main] INFO  server.RaftServerConfigKeys (ConfUtils.java:logGet(46)) - raft.server.data-stream.async.request.thread.pool.size = 20 (custom)
2024-01-26 21:34:11,841 [main] INFO  server.RaftServerConfigKeys (ConfUtils.java:logGet(46)) - raft.server.data-stream.async.write.thread.pool.size = 16 (default)
2024-01-26 21:34:11,842 [main] INFO  netty.NettyConfigKeys$DataStream (ConfUtils.java:logGet(46)) - raft.netty.dataStream.server.channel.inactive.grace-period = 10min (default)
2024-01-26 21:34:11,842 [main] INFO  server.RaftServerConfigKeys (ConfUtils.java:logGet(46)) - raft.server.data-stream.client.pool.size = 10 (default)
2024-01-26 21:34:11,842 [main] INFO  netty.NettyConfigKeys$DataStream (ConfUtils.java:logGet(46)) - raft.netty.dataStream.server.use-epoll = true (default)
2024-01-26 21:34:11,842 [main] INFO  netty.NettyConfigKeys$DataStream (ConfUtils.java:logGet(46)) - raft.netty.dataStream.server.boss-group.size = 0 (default)
2024-01-26 21:34:11,842 [main] INFO  netty.NettyUtils (NettyUtils.java:newEventLoopGroup(69)) - Create EpollEventLoopGroup for cb9b1e06-b28b-4c4f-b19c-04e0cd8d01c6-NettyServerStreamRpc-bossGroup; Thread size is 0.
2024-01-26 21:34:11,843 [main] INFO  netty.NettyConfigKeys$DataStream (ConfUtils.java:logGet(46)) - raft.netty.dataStream.server.worker-group.size = 0 (default)
2024-01-26 21:34:11,843 [main] INFO  netty.NettyUtils (NettyUtils.java:newEventLoopGroup(69)) - Create EpollEventLoopGroup for cb9b1e06-b28b-4c4f-b19c-04e0cd8d01c6-NettyServerStreamRpc-workerGroup; Thread size is 0.
2024-01-26 21:34:11,844 [main] INFO  netty.NettyConfigKeys$DataStream (ConfUtils.java:logGet(46)) - raft.netty.dataStream.server.tls.conf = null (default)
2024-01-26 21:34:11,844 [main] INFO  netty.NettyConfigKeys$DataStream (ConfUtils.java:logGet(46)) - raft.netty.dataStream.host = null (default)
2024-01-26 21:34:11,844 [main] INFO  netty.NettyConfigKeys$DataStream (ConfUtils.java:logGet(46)) - raft.netty.dataStream.port = 15096 (custom)
2024-01-26 21:34:11,847 [main] INFO  server.RaftServerConfigKeys (ConfUtils.java:logGet(46)) - raft.server.sleep.deviation.threshold = 300ms (default)
2024-01-26 21:34:11,847 [main] INFO  server.RaftServerConfigKeys (ConfUtils.java:logGet(46)) - raft.server.close.threshold = 60s (default)
2024-01-26 21:34:11,848 [cb9b1e06-b28b-4c4f-b19c-04e0cd8d01c6-NettyServerStreamRpc-bossGroup--thread1] INFO  logging.LoggingHandler (AbstractInternalLogger.java:log(148)) - [id: 0xba760f12] REGISTERED
2024-01-26 21:34:11,848 [main] INFO  server.RaftServerConfigKeys (ConfUtils.java:logGet(46)) - raft.server.leaderelection.leader.step-down.wait-time = 10s (default)
2024-01-26 21:34:11,848 [cb9b1e06-b28b-4c4f-b19c-04e0cd8d01c6-NettyServerStreamRpc-bossGroup--thread1] INFO  logging.LoggingHandler (AbstractInternalLogger.java:log(148)) - [id: 0xba760f12] BIND: 0.0.0.0/0.0.0.0:15096
2024-01-26 21:34:11,849 [main] INFO  server.RaftServerConfigKeys (ConfUtils.java:logGet(46)) - raft.server.storage.dir = [/home/runner/work/ozone/ozone/hadoop-ozone/integration-test/target/test-dir/MiniOzoneClusterImpl-1af845c4-9ad0-4304-ad21-7f4426eccdbd/datanode-9/data/ratis] (custom)
2024-01-26 21:34:11,849 [main] INFO  server.RaftServerConfigKeys (ConfUtils.java:logGet(46)) - raft.server.threadpool.proxy.cached = true (default)
2024-01-26 21:34:11,849 [cb9b1e06-b28b-4c4f-b19c-04e0cd8d01c6-NettyServerStreamRpc-bossGroup--thread1] INFO  logging.LoggingHandler (AbstractInternalLogger.java:log(148)) - [id: 0xba760f12, L:/0.0.0.0:15096] ACTIVE
2024-01-26 21:34:11,849 [main] INFO  server.RaftServerConfigKeys (ConfUtils.java:logGet(46)) - raft.server.threadpool.proxy.size = 0 (default)
2024-01-26 21:34:11,849 [cb9b1e06-b28b-4c4f-b19c-04e0cd8d01c6-impl-thread1] INFO  server.RaftServer (RaftServerProxy.java:initGroupDir(264)) - cb9b1e06-b28b-4c4f-b19c-04e0cd8d01c6: found a subdirectory /home/runner/work/ozone/ozone/hadoop-ozone/integration-test/target/test-dir/MiniOzoneClusterImpl-1af845c4-9ad0-4304-ad21-7f4426eccdbd/datanode-9/data/ratis/tmp
2024-01-26 21:34:11,849 [cb9b1e06-b28b-4c4f-b19c-04e0cd8d01c6-impl-thread1] INFO  server.RaftServer (RaftServerProxy.java:initGroupDir(269)) - cb9b1e06-b28b-4c4f-b19c-04e0cd8d01c6: The directory /home/runner/work/ozone/ozone/hadoop-ozone/integration-test/target/test-dir/MiniOzoneClusterImpl-1af845c4-9ad0-4304-ad21-7f4426eccdbd/datanode-9/data/ratis/tmp is not a group directory; ignoring it. 
2024-01-26 21:34:11,850 [main] INFO  replication.ReplicationServer (ReplicationServer.java:<init>(85)) - Initializing replication server with thread count = 10 queue length = 4096
2024-01-26 21:34:11,851 [main] INFO  server.XceiverServerGrpc (XceiverServerGrpc.java:<init>(141)) - GrpcServer channel type EpollServerSocketChannel
2024-01-26 21:34:11,853 [main] INFO  replication.ReplicationSupervisor (ReplicationSupervisor.java:build(163)) - Initializing replication supervisor with thread count = 10
2024-01-26 21:34:11,853 [main] INFO  replication.ReplicationSupervisor (ReplicationSupervisor.java:nodeStateUpdated(317)) - Node state updated to IN_SERVICE, scaling executor pool size to 10
2024-01-26 21:34:11,855 [main] INFO  http.BaseHttpServer (BaseHttpServer.java:newHttpServer2BuilderForOzone(223)) - Starting Web-server for hddsDatanode at: http://0.0.0.0:15090
2024-01-26 21:34:11,855 [main] INFO  http.BaseHttpServer (BaseHttpServer.java:<init>(110)) - Hadoop Security Enabled: false Ozone Security Enabled: false Ozone HTTP Security Enabled: false 
2024-01-26 21:34:11,856 [main] WARN  server.AuthenticationFilter (AuthenticationFilter.java:constructSecretProvider(240)) - Unable to initialize FileSignerSecretProvider, falling back to use random secrets. Reason: Could not read signature secret file: /home/runner/hadoop-http-auth-signature-secret
2024-01-26 21:34:11,857 [main] INFO  http.HttpRequestLog (HttpRequestLog.java:getRequestLog(86)) - Http request log for http.requests.hddsDatanode is not defined
2024-01-26 21:34:11,858 [main] INFO  http.HttpServer2 (HttpServer2.java:addGlobalFilter(1036)) - Added global filter 'safety' (class=org.apache.hadoop.hdds.server.http.HttpServer2$QuotingInputFilter)
2024-01-26 21:34:11,859 [main] INFO  http.HttpServer2 (HttpServer2.java:addFilter(1012)) - Added filter static_user_filter (class=org.apache.hadoop.http.lib.StaticUserWebFilter$StaticUserFilter) to context hddsDatanode
2024-01-26 21:34:11,859 [main] INFO  http.HttpServer2 (HttpServer2.java:addFilter(1020)) - Added filter static_user_filter (class=org.apache.hadoop.http.lib.StaticUserWebFilter$StaticUserFilter) to context logs
2024-01-26 21:34:11,859 [main] INFO  http.HttpServer2 (HttpServer2.java:addFilter(1020)) - Added filter static_user_filter (class=org.apache.hadoop.http.lib.StaticUserWebFilter$StaticUserFilter) to context static
2024-01-26 21:34:11,859 [main] INFO  http.BaseHttpServer (BaseHttpServer.java:<init>(189)) - HTTP server of hddsDatanode uses base directory /home/runner/work/ozone/ozone/hadoop-ozone/integration-test/target/test-dir/MiniOzoneClusterImpl-1af845c4-9ad0-4304-ad21-7f4426eccdbd/datanode-9/meta/webserver
2024-01-26 21:34:11,860 [main] INFO  http.HttpServer2 (HttpServer2.java:bindListener(1236)) - Jetty bound to port 15090
2024-01-26 21:34:11,860 [main] INFO  server.Server (Server.java:doStart(375)) - jetty-9.4.53.v20231009; built: 2023-10-09T12:29:09.265Z; git: 27bde00a0b95a1d5bbee0eae7984f891d2d0f8c9; jvm 1.8.0_392-b08
2024-01-26 21:34:11,861 [main] INFO  server.session (DefaultSessionIdManager.java:doStart(334)) - DefaultSessionIdManager workerName=node0
2024-01-26 21:34:11,861 [main] INFO  server.session (DefaultSessionIdManager.java:doStart(339)) - No SessionScavenger set, using defaults
2024-01-26 21:34:11,861 [main] INFO  server.session (HouseKeeper.java:startScavenging(132)) - node0 Scavenging every 600000ms
2024-01-26 21:34:11,862 [main] INFO  handler.ContextHandler (ContextHandler.java:doStart(921)) - Started o.e.j.s.ServletContextHandler@6a178850{logs,/logs,file:///home/runner/work/ozone/ozone/hadoop-ozone/integration-test/target/log,AVAILABLE}
2024-01-26 21:34:11,862 [main] INFO  handler.ContextHandler (ContextHandler.java:doStart(921)) - Started o.e.j.s.ServletContextHandler@214882a{static,/static,jar:file:/home/runner/.m2/repository/org/apache/ozone/hdds-container-service/1.5.0-SNAPSHOT/hdds-container-service-1.5.0-SNAPSHOT.jar!/webapps/static,AVAILABLE}
2024-01-26 21:34:11,895 [main] INFO  handler.ContextHandler (ContextHandler.java:doStart(921)) - Started o.e.j.w.WebAppContext@2913f37f{hddsDatanode,/,file:///home/runner/work/ozone/ozone/hadoop-ozone/integration-test/target/test-dir/MiniOzoneClusterImpl-1af845c4-9ad0-4304-ad21-7f4426eccdbd/datanode-9/meta/webserver/jetty-0_0_0_0-15090-hdds-container-service-1_5_0-SNAPSHOT_jar-_-any-6303430357078368956/webapp/,AVAILABLE}{jar:file:/home/runner/.m2/repository/org/apache/ozone/hdds-container-service/1.5.0-SNAPSHOT/hdds-container-service-1.5.0-SNAPSHOT.jar!/webapps/hddsDatanode}
2024-01-26 21:34:11,897 [main] INFO  server.AbstractConnector (AbstractConnector.java:doStart(333)) - Started ServerConnector@84b4c91{HTTP/1.1, (http/1.1)}{0.0.0.0:15090}
2024-01-26 21:34:11,897 [main] INFO  server.Server (Server.java:doStart(415)) - Started @9066ms
2024-01-26 21:34:11,898 [main] WARN  impl.MetricsSystemImpl (MetricsSystemImpl.java:register(279)) - Sink prometheus already exists!
2024-01-26 21:34:11,898 [main] INFO  http.BaseHttpServer (BaseHttpServer.java:updateConnectorAddress(354)) - HTTP server of hddsDatanode listening at http://0.0.0.0:15090
2024-01-26 21:34:11,898 [main] INFO  ipc.CallQueueManager (CallQueueManager.java:<init>(90)) - Using callQueue: class java.util.concurrent.LinkedBlockingQueue, queueCapacity: 100, scheduler: class org.apache.hadoop.ipc.DefaultRpcScheduler, ipcBackoff: false.
2024-01-26 21:34:11,899 [main] INFO  ipc.Server (Server.java:<init>(1287)) - Listener at 0.0.0.0:15091
2024-01-26 21:34:11,899 [Socket Reader #1 for port 15091] INFO  ipc.Server (Server.java:run(1323)) - Starting Socket Reader #1 for port 15091
2024-01-26 21:34:11,901 [main] INFO  ozone.HddsDatanodeService (HddsDatanodeService.java:start(324)) - Datanode start with admins: [runner]
2024-01-26 21:34:11,902 [main] INFO  ozone.HddsDatanodeClientProtocolServer (HddsDatanodeClientProtocolServer.java:start(72)) - RPC server for Client /0.0.0.0:15091
2024-01-26 21:34:11,902 [IPC Server Responder] INFO  ipc.Server (Server.java:run(1562)) - IPC Server Responder: starting
2024-01-26 21:34:11,902 [IPC Server listener on 15091] INFO  ipc.Server (Server.java:run(1402)) - IPC Server listener on 15091: starting
2024-01-26 21:34:11,903 [cb9b1e06-b28b-4c4f-b19c-04e0cd8d01c6-DatanodeStateMachineDaemonThread] INFO  statemachine.DatanodeStateMachine (DatanodeStateMachine.java:lambda$startDaemon$1(555)) - Ozone container server started.
2024-01-26 21:34:11,906 [main] WARN  dropwizard3.Dm3MetricRegistriesImpl (Dm3MetricRegistriesImpl.java:addReporterRegistration(113)) - New reporters are added after registries were created. Some metrics will be missing from the reporter. Please add reporter before adding any new registry.
2024-01-26 21:34:11,906 [main] WARN  dropwizard3.Dm3MetricRegistriesImpl (Dm3MetricRegistriesImpl.java:addReporterRegistration(113)) - New reporters are added after registries were created. Some metrics will be missing from the reporter. Please add reporter before adding any new registry.
2024-01-26 21:34:11,906 [main] INFO  impl.MetricsSystemImpl (MetricsSystemImpl.java:init(158)) - HddsDatanode metrics system started (again)
2024-01-26 21:34:11,909 [cb9b1e06-b28b-4c4f-b19c-04e0cd8d01c6-DatanodeStateMachineTaskThread-0] INFO  datanode.InitDatanodeState (InitDatanodeState.java:persistContainerDatanodeDetails(139)) - DatanodeDetails is persisted to /home/runner/work/ozone/ozone/hadoop-ozone/integration-test/target/test-dir/MiniOzoneClusterImpl-1af845c4-9ad0-4304-ad21-7f4426eccdbd/datanode-9/meta/datanode.id
2024-01-26 21:34:11,916 [main] INFO  ozone.HddsDatanodeService (HddsDatanodeService.java:start(239)) - HddsDatanodeService host:fv-az1566-86.204dmbdutxxevaxlgbjnwxhbkd.phxx.internal.cloudapp.net ip:10.1.0.5
2024-01-26 21:34:11,939 [main] INFO  upgrade.AbstractLayoutVersionManager (AbstractLayoutVersionManager.java:init(83)) - Initializing Layout version manager with metadata layout = HADOOP_PRC_PORTS_IN_DATANODEDETAILS (version = 7), software layout = HADOOP_PRC_PORTS_IN_DATANODEDETAILS (version = 7)
2024-01-26 21:34:11,939 [main] INFO  statemachine.DatanodeStateMachine (DatanodeStateMachine.java:getEndPointTaskThreadPoolSize(299)) - Datanode State Machine Task Thread Pool size 2
2024-01-26 21:34:11,941 [main] INFO  volume.HddsVolume (HddsVolume.java:<init>(125)) - Creating HddsVolume: /home/runner/work/ozone/ozone/hadoop-ozone/integration-test/target/test-dir/MiniOzoneClusterImpl-1af845c4-9ad0-4304-ad21-7f4426eccdbd/datanode-10/data-0/containers/hdds of storage type : DISK capacity : 9223372036854775807
2024-01-26 21:34:11,941 [main] INFO  volume.MutableVolumeSet (MutableVolumeSet.java:initializeVolumeSet(173)) - Added Volume : /home/runner/work/ozone/ozone/hadoop-ozone/integration-test/target/test-dir/MiniOzoneClusterImpl-1af845c4-9ad0-4304-ad21-7f4426eccdbd/datanode-10/data-0/containers/hdds to VolumeSet
2024-01-26 21:34:11,942 [main] INFO  volume.MutableVolumeSet (MutableVolumeSet.java:initializeVolumeSet(173)) - Added Volume : /home/runner/work/ozone/ozone/hadoop-ozone/integration-test/target/test-dir/MiniOzoneClusterImpl-1af845c4-9ad0-4304-ad21-7f4426eccdbd/datanode-10/data/ratis to VolumeSet
2024-01-26 21:34:11,943 [main] INFO  ozoneimpl.OzoneContainer (HddsVolumeUtil.java:loadAllHddsVolumeDbStore(103)) - Load 1 volumes DbStore cost: 0ms
2024-01-26 21:34:11,943 [0454455d-17b5-4798-9ce3-34e4ad079dd1-ContainerReader-0] INFO  ozoneimpl.ContainerReader (ContainerReader.java:readVolume(178)) - Finish verifying containers on volume /home/runner/work/ozone/ozone/hadoop-ozone/integration-test/target/test-dir/MiniOzoneClusterImpl-1af845c4-9ad0-4304-ad21-7f4426eccdbd/datanode-10/data-0/containers/hdds
2024-01-26 21:34:11,943 [main] INFO  ozoneimpl.OzoneContainer (OzoneContainer.java:buildContainerSet(328)) - Build ContainerSet costs 0s
2024-01-26 21:34:11,946 [main] INFO  server.RaftServer (ConfUtils.java:logGet(46)) - raft.rpc.type = GRPC (default)
2024-01-26 21:34:11,946 [main] INFO  grpc.GrpcConfigKeys (ConfUtils.java:logFallback(53)) - raft.grpc.admin.host = null (fallback to raft.grpc.server.host)
2024-01-26 21:34:11,946 [main] INFO  grpc.GrpcConfigKeys (ConfUtils.java:logGet(46)) - raft.grpc.admin.port = 15103 (custom)
2024-01-26 21:34:11,946 [main] INFO  grpc.GrpcConfigKeys (ConfUtils.java:logFallback(53)) - raft.grpc.client.host = null (fallback to raft.grpc.server.host)
2024-01-26 21:34:11,947 [main] INFO  grpc.GrpcConfigKeys (ConfUtils.java:logGet(46)) - raft.grpc.client.port = 15102 (custom)
2024-01-26 21:34:11,947 [main] INFO  grpc.GrpcConfigKeys (ConfUtils.java:logGet(46)) - raft.grpc.server.host = null (default)
2024-01-26 21:34:11,947 [main] INFO  grpc.GrpcConfigKeys (ConfUtils.java:logGet(46)) - raft.grpc.server.port = 15104 (custom)
2024-01-26 21:34:11,947 [main] INFO  server.GrpcService (ConfUtils.java:logGet(46)) - raft.grpc.message.size.max = 32MB (=33554432) (custom)
2024-01-26 21:34:11,947 [main] INFO  server.RaftServerConfigKeys (ConfUtils.java:logGet(46)) - raft.server.log.appender.buffer.byte-limit = 8388608 (custom)
2024-01-26 21:34:11,947 [main] INFO  server.GrpcService (ConfUtils.java:logGet(46)) - raft.grpc.flow.control.window = 5MB (=5242880) (custom)
2024-01-26 21:34:11,947 [main] INFO  server.RaftServerConfigKeys (ConfUtils.java:logGet(46)) - raft.server.rpc.request.timeout = 60s (custom)
2024-01-26 21:34:11,947 [main] INFO  grpc.GrpcConfigKeys (ConfUtils.java:logGet(46)) - raft.grpc.server.heartbeat.channel = true (default)
2024-01-26 21:34:11,948 [main] INFO  grpc.GrpcConfigKeys (ConfUtils.java:logGet(46)) - raft.grpc.server.async.request.thread.pool.cached = true (default)
2024-01-26 21:34:11,948 [main] INFO  grpc.GrpcConfigKeys (ConfUtils.java:logGet(46)) - raft.grpc.server.async.request.thread.pool.size = 32 (default)
2024-01-26 21:34:11,950 [main] INFO  impl.DataStreamServerImpl (ConfUtils.java:logGet(46)) - raft.datastream.type = NETTY (custom)
2024-01-26 21:34:11,950 [main] INFO  server.RaftServerConfigKeys (ConfUtils.java:logGet(46)) - raft.server.data-stream.async.request.thread.pool.cached = false (default)
2024-01-26 21:34:11,951 [main] INFO  server.RaftServerConfigKeys (ConfUtils.java:logGet(46)) - raft.server.data-stream.async.request.thread.pool.size = 20 (custom)
2024-01-26 21:34:11,951 [main] INFO  server.RaftServerConfigKeys (ConfUtils.java:logGet(46)) - raft.server.data-stream.async.write.thread.pool.size = 16 (default)
2024-01-26 21:34:11,951 [main] INFO  netty.NettyConfigKeys$DataStream (ConfUtils.java:logGet(46)) - raft.netty.dataStream.server.channel.inactive.grace-period = 10min (default)
2024-01-26 21:34:11,951 [main] INFO  server.RaftServerConfigKeys (ConfUtils.java:logGet(46)) - raft.server.data-stream.client.pool.size = 10 (default)
2024-01-26 21:34:11,951 [main] INFO  netty.NettyConfigKeys$DataStream (ConfUtils.java:logGet(46)) - raft.netty.dataStream.server.use-epoll = true (default)
2024-01-26 21:34:11,952 [main] INFO  netty.NettyConfigKeys$DataStream (ConfUtils.java:logGet(46)) - raft.netty.dataStream.server.boss-group.size = 0 (default)
2024-01-26 21:34:11,952 [main] INFO  netty.NettyUtils (NettyUtils.java:newEventLoopGroup(69)) - Create EpollEventLoopGroup for 0454455d-17b5-4798-9ce3-34e4ad079dd1-NettyServerStreamRpc-bossGroup; Thread size is 0.
2024-01-26 21:34:11,952 [main] INFO  netty.NettyConfigKeys$DataStream (ConfUtils.java:logGet(46)) - raft.netty.dataStream.server.worker-group.size = 0 (default)
2024-01-26 21:34:11,953 [main] INFO  netty.NettyUtils (NettyUtils.java:newEventLoopGroup(69)) - Create EpollEventLoopGroup for 0454455d-17b5-4798-9ce3-34e4ad079dd1-NettyServerStreamRpc-workerGroup; Thread size is 0.
2024-01-26 21:34:11,953 [main] INFO  netty.NettyConfigKeys$DataStream (ConfUtils.java:logGet(46)) - raft.netty.dataStream.server.tls.conf = null (default)
2024-01-26 21:34:11,953 [main] INFO  netty.NettyConfigKeys$DataStream (ConfUtils.java:logGet(46)) - raft.netty.dataStream.host = null (default)
2024-01-26 21:34:11,954 [main] INFO  netty.NettyConfigKeys$DataStream (ConfUtils.java:logGet(46)) - raft.netty.dataStream.port = 15105 (custom)
2024-01-26 21:34:11,954 [main] INFO  server.RaftServerConfigKeys (ConfUtils.java:logGet(46)) - raft.server.sleep.deviation.threshold = 300ms (default)
2024-01-26 21:34:11,956 [main] INFO  server.RaftServerConfigKeys (ConfUtils.java:logGet(46)) - raft.server.close.threshold = 60s (default)
2024-01-26 21:34:11,956 [main] INFO  server.RaftServerConfigKeys (ConfUtils.java:logGet(46)) - raft.server.leaderelection.leader.step-down.wait-time = 10s (default)
2024-01-26 21:34:11,956 [main] INFO  server.RaftServerConfigKeys (ConfUtils.java:logGet(46)) - raft.server.storage.dir = [/home/runner/work/ozone/ozone/hadoop-ozone/integration-test/target/test-dir/MiniOzoneClusterImpl-1af845c4-9ad0-4304-ad21-7f4426eccdbd/datanode-10/data/ratis] (custom)
2024-01-26 21:34:11,956 [main] INFO  server.RaftServerConfigKeys (ConfUtils.java:logGet(46)) - raft.server.threadpool.proxy.cached = true (default)
2024-01-26 21:34:11,956 [main] INFO  server.RaftServerConfigKeys (ConfUtils.java:logGet(46)) - raft.server.threadpool.proxy.size = 0 (default)
2024-01-26 21:34:11,955 [0454455d-17b5-4798-9ce3-34e4ad079dd1-NettyServerStreamRpc-bossGroup--thread1] INFO  logging.LoggingHandler (AbstractInternalLogger.java:log(148)) - [id: 0x5dc41477] REGISTERED
2024-01-26 21:34:11,957 [0454455d-17b5-4798-9ce3-34e4ad079dd1-NettyServerStreamRpc-bossGroup--thread1] INFO  logging.LoggingHandler (AbstractInternalLogger.java:log(148)) - [id: 0x5dc41477] BIND: 0.0.0.0/0.0.0.0:15105
2024-01-26 21:34:11,957 [0454455d-17b5-4798-9ce3-34e4ad079dd1-NettyServerStreamRpc-bossGroup--thread1] INFO  logging.LoggingHandler (AbstractInternalLogger.java:log(148)) - [id: 0x5dc41477, L:/0.0.0.0:15105] ACTIVE
2024-01-26 21:34:11,960 [0454455d-17b5-4798-9ce3-34e4ad079dd1-impl-thread1] INFO  server.RaftServer (RaftServerProxy.java:initGroupDir(264)) - 0454455d-17b5-4798-9ce3-34e4ad079dd1: found a subdirectory /home/runner/work/ozone/ozone/hadoop-ozone/integration-test/target/test-dir/MiniOzoneClusterImpl-1af845c4-9ad0-4304-ad21-7f4426eccdbd/datanode-10/data/ratis/tmp
2024-01-26 21:34:11,960 [0454455d-17b5-4798-9ce3-34e4ad079dd1-impl-thread1] INFO  server.RaftServer (RaftServerProxy.java:initGroupDir(269)) - 0454455d-17b5-4798-9ce3-34e4ad079dd1: The directory /home/runner/work/ozone/ozone/hadoop-ozone/integration-test/target/test-dir/MiniOzoneClusterImpl-1af845c4-9ad0-4304-ad21-7f4426eccdbd/datanode-10/data/ratis/tmp is not a group directory; ignoring it. 
2024-01-26 21:34:11,961 [main] INFO  replication.ReplicationServer (ReplicationServer.java:<init>(85)) - Initializing replication server with thread count = 10 queue length = 4096
2024-01-26 21:34:11,962 [main] INFO  server.XceiverServerGrpc (XceiverServerGrpc.java:<init>(141)) - GrpcServer channel type EpollServerSocketChannel
2024-01-26 21:34:11,964 [main] INFO  replication.ReplicationSupervisor (ReplicationSupervisor.java:build(163)) - Initializing replication supervisor with thread count = 10
2024-01-26 21:34:11,964 [main] INFO  replication.ReplicationSupervisor (ReplicationSupervisor.java:nodeStateUpdated(317)) - Node state updated to IN_SERVICE, scaling executor pool size to 10
2024-01-26 21:34:11,966 [main] INFO  http.BaseHttpServer (BaseHttpServer.java:newHttpServer2BuilderForOzone(223)) - Starting Web-server for hddsDatanode at: http://0.0.0.0:15099
2024-01-26 21:34:11,966 [main] INFO  http.BaseHttpServer (BaseHttpServer.java:<init>(110)) - Hadoop Security Enabled: false Ozone Security Enabled: false Ozone HTTP Security Enabled: false 
2024-01-26 21:34:11,968 [main] WARN  server.AuthenticationFilter (AuthenticationFilter.java:constructSecretProvider(240)) - Unable to initialize FileSignerSecretProvider, falling back to use random secrets. Reason: Could not read signature secret file: /home/runner/hadoop-http-auth-signature-secret
2024-01-26 21:34:11,969 [main] INFO  http.HttpRequestLog (HttpRequestLog.java:getRequestLog(86)) - Http request log for http.requests.hddsDatanode is not defined
2024-01-26 21:34:11,971 [main] INFO  http.HttpServer2 (HttpServer2.java:addGlobalFilter(1036)) - Added global filter 'safety' (class=org.apache.hadoop.hdds.server.http.HttpServer2$QuotingInputFilter)
2024-01-26 21:34:11,971 [main] INFO  http.HttpServer2 (HttpServer2.java:addFilter(1012)) - Added filter static_user_filter (class=org.apache.hadoop.http.lib.StaticUserWebFilter$StaticUserFilter) to context hddsDatanode
2024-01-26 21:34:11,971 [main] INFO  http.HttpServer2 (HttpServer2.java:addFilter(1020)) - Added filter static_user_filter (class=org.apache.hadoop.http.lib.StaticUserWebFilter$StaticUserFilter) to context logs
2024-01-26 21:34:11,971 [main] INFO  http.HttpServer2 (HttpServer2.java:addFilter(1020)) - Added filter static_user_filter (class=org.apache.hadoop.http.lib.StaticUserWebFilter$StaticUserFilter) to context static
2024-01-26 21:34:11,972 [main] INFO  http.BaseHttpServer (BaseHttpServer.java:<init>(189)) - HTTP server of hddsDatanode uses base directory /home/runner/work/ozone/ozone/hadoop-ozone/integration-test/target/test-dir/MiniOzoneClusterImpl-1af845c4-9ad0-4304-ad21-7f4426eccdbd/datanode-10/meta/webserver
2024-01-26 21:34:11,972 [main] INFO  http.HttpServer2 (HttpServer2.java:bindListener(1236)) - Jetty bound to port 15099
2024-01-26 21:34:11,972 [main] INFO  server.Server (Server.java:doStart(375)) - jetty-9.4.53.v20231009; built: 2023-10-09T12:29:09.265Z; git: 27bde00a0b95a1d5bbee0eae7984f891d2d0f8c9; jvm 1.8.0_392-b08
2024-01-26 21:34:11,973 [main] INFO  server.session (DefaultSessionIdManager.java:doStart(334)) - DefaultSessionIdManager workerName=node0
2024-01-26 21:34:11,973 [main] INFO  server.session (DefaultSessionIdManager.java:doStart(339)) - No SessionScavenger set, using defaults
2024-01-26 21:34:11,973 [main] INFO  server.session (HouseKeeper.java:startScavenging(132)) - node0 Scavenging every 600000ms
2024-01-26 21:34:11,974 [main] INFO  handler.ContextHandler (ContextHandler.java:doStart(921)) - Started o.e.j.s.ServletContextHandler@2fa3d956{logs,/logs,file:///home/runner/work/ozone/ozone/hadoop-ozone/integration-test/target/log,AVAILABLE}
2024-01-26 21:34:11,974 [main] INFO  handler.ContextHandler (ContextHandler.java:doStart(921)) - Started o.e.j.s.ServletContextHandler@6a10ba1c{static,/static,jar:file:/home/runner/.m2/repository/org/apache/ozone/hdds-container-service/1.5.0-SNAPSHOT/hdds-container-service-1.5.0-SNAPSHOT.jar!/webapps/static,AVAILABLE}
2024-01-26 21:34:12,008 [main] INFO  handler.ContextHandler (ContextHandler.java:doStart(921)) - Started o.e.j.w.WebAppContext@7f0f12a9{hddsDatanode,/,file:///home/runner/work/ozone/ozone/hadoop-ozone/integration-test/target/test-dir/MiniOzoneClusterImpl-1af845c4-9ad0-4304-ad21-7f4426eccdbd/datanode-10/meta/webserver/jetty-0_0_0_0-15099-hdds-container-service-1_5_0-SNAPSHOT_jar-_-any-1582543245960650940/webapp/,AVAILABLE}{jar:file:/home/runner/.m2/repository/org/apache/ozone/hdds-container-service/1.5.0-SNAPSHOT/hdds-container-service-1.5.0-SNAPSHOT.jar!/webapps/hddsDatanode}
2024-01-26 21:34:12,010 [main] INFO  server.AbstractConnector (AbstractConnector.java:doStart(333)) - Started ServerConnector@5900307b{HTTP/1.1, (http/1.1)}{0.0.0.0:15099}
2024-01-26 21:34:12,010 [main] INFO  server.Server (Server.java:doStart(415)) - Started @9178ms
2024-01-26 21:34:12,010 [main] WARN  impl.MetricsSystemImpl (MetricsSystemImpl.java:register(279)) - Sink prometheus already exists!
2024-01-26 21:34:12,011 [main] INFO  http.BaseHttpServer (BaseHttpServer.java:updateConnectorAddress(354)) - HTTP server of hddsDatanode listening at http://0.0.0.0:15099
2024-01-26 21:34:12,011 [main] INFO  ipc.CallQueueManager (CallQueueManager.java:<init>(90)) - Using callQueue: class java.util.concurrent.LinkedBlockingQueue, queueCapacity: 100, scheduler: class org.apache.hadoop.ipc.DefaultRpcScheduler, ipcBackoff: false.
2024-01-26 21:34:12,011 [main] INFO  ipc.Server (Server.java:<init>(1287)) - Listener at 0.0.0.0:15100
2024-01-26 21:34:12,011 [Socket Reader #1 for port 15100] INFO  ipc.Server (Server.java:run(1323)) - Starting Socket Reader #1 for port 15100
2024-01-26 21:34:12,016 [main] INFO  ozone.HddsDatanodeService (HddsDatanodeService.java:start(324)) - Datanode start with admins: [runner]
2024-01-26 21:34:12,016 [main] INFO  ozone.HddsDatanodeClientProtocolServer (HddsDatanodeClientProtocolServer.java:start(72)) - RPC server for Client /0.0.0.0:15100
2024-01-26 21:34:12,017 [IPC Server Responder] INFO  ipc.Server (Server.java:run(1562)) - IPC Server Responder: starting
2024-01-26 21:34:12,017 [IPC Server listener on 15100] INFO  ipc.Server (Server.java:run(1402)) - IPC Server listener on 15100: starting
2024-01-26 21:34:12,018 [0454455d-17b5-4798-9ce3-34e4ad079dd1-DatanodeStateMachineDaemonThread] INFO  statemachine.DatanodeStateMachine (DatanodeStateMachine.java:lambda$startDaemon$1(555)) - Ozone container server started.
2024-01-26 21:34:12,019 [main] WARN  dropwizard3.Dm3MetricRegistriesImpl (Dm3MetricRegistriesImpl.java:addReporterRegistration(113)) - New reporters are added after registries were created. Some metrics will be missing from the reporter. Please add reporter before adding any new registry.
2024-01-26 21:34:12,019 [main] WARN  dropwizard3.Dm3MetricRegistriesImpl (Dm3MetricRegistriesImpl.java:addReporterRegistration(113)) - New reporters are added after registries were created. Some metrics will be missing from the reporter. Please add reporter before adding any new registry.
2024-01-26 21:34:12,020 [main] INFO  impl.MetricsSystemImpl (MetricsSystemImpl.java:init(158)) - HddsDatanode metrics system started (again)
2024-01-26 21:34:12,022 [0454455d-17b5-4798-9ce3-34e4ad079dd1-DatanodeStateMachineTaskThread-0] INFO  datanode.InitDatanodeState (InitDatanodeState.java:persistContainerDatanodeDetails(139)) - DatanodeDetails is persisted to /home/runner/work/ozone/ozone/hadoop-ozone/integration-test/target/test-dir/MiniOzoneClusterImpl-1af845c4-9ad0-4304-ad21-7f4426eccdbd/datanode-10/meta/datanode.id
2024-01-26 21:34:12,030 [main] INFO  ozone.HddsDatanodeService (HddsDatanodeService.java:start(239)) - HddsDatanodeService host:fv-az1566-86.204dmbdutxxevaxlgbjnwxhbkd.phxx.internal.cloudapp.net ip:10.1.0.5
2024-01-26 21:34:12,051 [main] INFO  upgrade.AbstractLayoutVersionManager (AbstractLayoutVersionManager.java:init(83)) - Initializing Layout version manager with metadata layout = HADOOP_PRC_PORTS_IN_DATANODEDETAILS (version = 7), software layout = HADOOP_PRC_PORTS_IN_DATANODEDETAILS (version = 7)
2024-01-26 21:34:12,052 [main] INFO  statemachine.DatanodeStateMachine (DatanodeStateMachine.java:getEndPointTaskThreadPoolSize(299)) - Datanode State Machine Task Thread Pool size 2
2024-01-26 21:34:12,053 [main] INFO  volume.HddsVolume (HddsVolume.java:<init>(125)) - Creating HddsVolume: /home/runner/work/ozone/ozone/hadoop-ozone/integration-test/target/test-dir/MiniOzoneClusterImpl-1af845c4-9ad0-4304-ad21-7f4426eccdbd/datanode-11/data-0/containers/hdds of storage type : DISK capacity : 9223372036854775807
2024-01-26 21:34:12,054 [main] INFO  volume.MutableVolumeSet (MutableVolumeSet.java:initializeVolumeSet(173)) - Added Volume : /home/runner/work/ozone/ozone/hadoop-ozone/integration-test/target/test-dir/MiniOzoneClusterImpl-1af845c4-9ad0-4304-ad21-7f4426eccdbd/datanode-11/data-0/containers/hdds to VolumeSet
2024-01-26 21:34:12,055 [main] INFO  volume.MutableVolumeSet (MutableVolumeSet.java:initializeVolumeSet(173)) - Added Volume : /home/runner/work/ozone/ozone/hadoop-ozone/integration-test/target/test-dir/MiniOzoneClusterImpl-1af845c4-9ad0-4304-ad21-7f4426eccdbd/datanode-11/data/ratis to VolumeSet
2024-01-26 21:34:12,055 [main] INFO  ozoneimpl.OzoneContainer (HddsVolumeUtil.java:loadAllHddsVolumeDbStore(103)) - Load 1 volumes DbStore cost: 0ms
2024-01-26 21:34:12,055 [8aa6f495-09ad-4a32-951c-60d46ecfa148-ContainerReader-0] INFO  ozoneimpl.ContainerReader (ContainerReader.java:readVolume(178)) - Finish verifying containers on volume /home/runner/work/ozone/ozone/hadoop-ozone/integration-test/target/test-dir/MiniOzoneClusterImpl-1af845c4-9ad0-4304-ad21-7f4426eccdbd/datanode-11/data-0/containers/hdds
2024-01-26 21:34:12,056 [main] INFO  ozoneimpl.OzoneContainer (OzoneContainer.java:buildContainerSet(328)) - Build ContainerSet costs 0s
2024-01-26 21:34:12,058 [main] INFO  server.RaftServer (ConfUtils.java:logGet(46)) - raft.rpc.type = GRPC (default)
2024-01-26 21:34:12,058 [main] INFO  grpc.GrpcConfigKeys (ConfUtils.java:logFallback(53)) - raft.grpc.admin.host = null (fallback to raft.grpc.server.host)
2024-01-26 21:34:12,058 [main] INFO  grpc.GrpcConfigKeys (ConfUtils.java:logGet(46)) - raft.grpc.admin.port = 15112 (custom)
2024-01-26 21:34:12,059 [main] INFO  grpc.GrpcConfigKeys (ConfUtils.java:logFallback(53)) - raft.grpc.client.host = null (fallback to raft.grpc.server.host)
2024-01-26 21:34:12,059 [main] INFO  grpc.GrpcConfigKeys (ConfUtils.java:logGet(46)) - raft.grpc.client.port = 15111 (custom)
2024-01-26 21:34:12,059 [main] INFO  grpc.GrpcConfigKeys (ConfUtils.java:logGet(46)) - raft.grpc.server.host = null (default)
2024-01-26 21:34:12,059 [main] INFO  grpc.GrpcConfigKeys (ConfUtils.java:logGet(46)) - raft.grpc.server.port = 15113 (custom)
2024-01-26 21:34:12,059 [main] INFO  server.GrpcService (ConfUtils.java:logGet(46)) - raft.grpc.message.size.max = 32MB (=33554432) (custom)
2024-01-26 21:34:12,059 [main] INFO  server.RaftServerConfigKeys (ConfUtils.java:logGet(46)) - raft.server.log.appender.buffer.byte-limit = 8388608 (custom)
2024-01-26 21:34:12,059 [main] INFO  server.GrpcService (ConfUtils.java:logGet(46)) - raft.grpc.flow.control.window = 5MB (=5242880) (custom)
2024-01-26 21:34:12,059 [main] INFO  server.RaftServerConfigKeys (ConfUtils.java:logGet(46)) - raft.server.rpc.request.timeout = 60s (custom)
2024-01-26 21:34:12,060 [main] INFO  grpc.GrpcConfigKeys (ConfUtils.java:logGet(46)) - raft.grpc.server.heartbeat.channel = true (default)
2024-01-26 21:34:12,060 [main] INFO  grpc.GrpcConfigKeys (ConfUtils.java:logGet(46)) - raft.grpc.server.async.request.thread.pool.cached = true (default)
2024-01-26 21:34:12,060 [main] INFO  grpc.GrpcConfigKeys (ConfUtils.java:logGet(46)) - raft.grpc.server.async.request.thread.pool.size = 32 (default)
2024-01-26 21:34:12,062 [main] INFO  impl.DataStreamServerImpl (ConfUtils.java:logGet(46)) - raft.datastream.type = NETTY (custom)
2024-01-26 21:34:12,062 [main] INFO  server.RaftServerConfigKeys (ConfUtils.java:logGet(46)) - raft.server.data-stream.async.request.thread.pool.cached = false (default)
2024-01-26 21:34:12,063 [main] INFO  server.RaftServerConfigKeys (ConfUtils.java:logGet(46)) - raft.server.data-stream.async.request.thread.pool.size = 20 (custom)
2024-01-26 21:34:12,063 [main] INFO  server.RaftServerConfigKeys (ConfUtils.java:logGet(46)) - raft.server.data-stream.async.write.thread.pool.size = 16 (default)
2024-01-26 21:34:12,063 [main] INFO  netty.NettyConfigKeys$DataStream (ConfUtils.java:logGet(46)) - raft.netty.dataStream.server.channel.inactive.grace-period = 10min (default)
2024-01-26 21:34:12,063 [main] INFO  server.RaftServerConfigKeys (ConfUtils.java:logGet(46)) - raft.server.data-stream.client.pool.size = 10 (default)
2024-01-26 21:34:12,063 [main] INFO  netty.NettyConfigKeys$DataStream (ConfUtils.java:logGet(46)) - raft.netty.dataStream.server.use-epoll = true (default)
2024-01-26 21:34:12,063 [main] INFO  netty.NettyConfigKeys$DataStream (ConfUtils.java:logGet(46)) - raft.netty.dataStream.server.boss-group.size = 0 (default)
2024-01-26 21:34:12,063 [main] INFO  netty.NettyUtils (NettyUtils.java:newEventLoopGroup(69)) - Create EpollEventLoopGroup for 8aa6f495-09ad-4a32-951c-60d46ecfa148-NettyServerStreamRpc-bossGroup; Thread size is 0.
2024-01-26 21:34:12,064 [main] INFO  netty.NettyConfigKeys$DataStream (ConfUtils.java:logGet(46)) - raft.netty.dataStream.server.worker-group.size = 0 (default)
2024-01-26 21:34:12,064 [main] INFO  netty.NettyUtils (NettyUtils.java:newEventLoopGroup(69)) - Create EpollEventLoopGroup for 8aa6f495-09ad-4a32-951c-60d46ecfa148-NettyServerStreamRpc-workerGroup; Thread size is 0.
2024-01-26 21:34:12,064 [main] INFO  netty.NettyConfigKeys$DataStream (ConfUtils.java:logGet(46)) - raft.netty.dataStream.server.tls.conf = null (default)
2024-01-26 21:34:12,065 [main] INFO  netty.NettyConfigKeys$DataStream (ConfUtils.java:logGet(46)) - raft.netty.dataStream.host = null (default)
2024-01-26 21:34:12,065 [main] INFO  netty.NettyConfigKeys$DataStream (ConfUtils.java:logGet(46)) - raft.netty.dataStream.port = 15114 (custom)
2024-01-26 21:34:12,066 [main] INFO  server.RaftServerConfigKeys (ConfUtils.java:logGet(46)) - raft.server.sleep.deviation.threshold = 300ms (default)
2024-01-26 21:34:12,066 [main] INFO  server.RaftServerConfigKeys (ConfUtils.java:logGet(46)) - raft.server.close.threshold = 60s (default)
2024-01-26 21:34:12,067 [main] INFO  server.RaftServerConfigKeys (ConfUtils.java:logGet(46)) - raft.server.leaderelection.leader.step-down.wait-time = 10s (default)
2024-01-26 21:34:12,067 [8aa6f495-09ad-4a32-951c-60d46ecfa148-NettyServerStreamRpc-bossGroup--thread1] INFO  logging.LoggingHandler (AbstractInternalLogger.java:log(148)) - [id: 0xc6a42df4] REGISTERED
2024-01-26 21:34:12,067 [main] INFO  server.RaftServerConfigKeys (ConfUtils.java:logGet(46)) - raft.server.storage.dir = [/home/runner/work/ozone/ozone/hadoop-ozone/integration-test/target/test-dir/MiniOzoneClusterImpl-1af845c4-9ad0-4304-ad21-7f4426eccdbd/datanode-11/data/ratis] (custom)
2024-01-26 21:34:12,068 [8aa6f495-09ad-4a32-951c-60d46ecfa148-NettyServerStreamRpc-bossGroup--thread1] INFO  logging.LoggingHandler (AbstractInternalLogger.java:log(148)) - [id: 0xc6a42df4] BIND: 0.0.0.0/0.0.0.0:15114
2024-01-26 21:34:12,068 [main] INFO  server.RaftServerConfigKeys (ConfUtils.java:logGet(46)) - raft.server.threadpool.proxy.cached = true (default)
2024-01-26 21:34:12,068 [8aa6f495-09ad-4a32-951c-60d46ecfa148-NettyServerStreamRpc-bossGroup--thread1] INFO  logging.LoggingHandler (AbstractInternalLogger.java:log(148)) - [id: 0xc6a42df4, L:/0.0.0.0:15114] ACTIVE
2024-01-26 21:34:12,068 [main] INFO  server.RaftServerConfigKeys (ConfUtils.java:logGet(46)) - raft.server.threadpool.proxy.size = 0 (default)
2024-01-26 21:34:12,069 [8aa6f495-09ad-4a32-951c-60d46ecfa148-impl-thread1] INFO  server.RaftServer (RaftServerProxy.java:initGroupDir(264)) - 8aa6f495-09ad-4a32-951c-60d46ecfa148: found a subdirectory /home/runner/work/ozone/ozone/hadoop-ozone/integration-test/target/test-dir/MiniOzoneClusterImpl-1af845c4-9ad0-4304-ad21-7f4426eccdbd/datanode-11/data/ratis/tmp
2024-01-26 21:34:12,069 [8aa6f495-09ad-4a32-951c-60d46ecfa148-impl-thread1] INFO  server.RaftServer (RaftServerProxy.java:initGroupDir(269)) - 8aa6f495-09ad-4a32-951c-60d46ecfa148: The directory /home/runner/work/ozone/ozone/hadoop-ozone/integration-test/target/test-dir/MiniOzoneClusterImpl-1af845c4-9ad0-4304-ad21-7f4426eccdbd/datanode-11/data/ratis/tmp is not a group directory; ignoring it. 
2024-01-26 21:34:12,069 [main] INFO  replication.ReplicationServer (ReplicationServer.java:<init>(85)) - Initializing replication server with thread count = 10 queue length = 4096
2024-01-26 21:34:12,070 [main] INFO  server.XceiverServerGrpc (XceiverServerGrpc.java:<init>(141)) - GrpcServer channel type EpollServerSocketChannel
2024-01-26 21:34:12,072 [main] INFO  replication.ReplicationSupervisor (ReplicationSupervisor.java:build(163)) - Initializing replication supervisor with thread count = 10
2024-01-26 21:34:12,072 [main] INFO  replication.ReplicationSupervisor (ReplicationSupervisor.java:nodeStateUpdated(317)) - Node state updated to IN_SERVICE, scaling executor pool size to 10
2024-01-26 21:34:12,074 [main] INFO  http.BaseHttpServer (BaseHttpServer.java:newHttpServer2BuilderForOzone(223)) - Starting Web-server for hddsDatanode at: http://0.0.0.0:15108
2024-01-26 21:34:12,074 [main] INFO  http.BaseHttpServer (BaseHttpServer.java:<init>(110)) - Hadoop Security Enabled: false Ozone Security Enabled: false Ozone HTTP Security Enabled: false 
2024-01-26 21:34:12,076 [main] WARN  server.AuthenticationFilter (AuthenticationFilter.java:constructSecretProvider(240)) - Unable to initialize FileSignerSecretProvider, falling back to use random secrets. Reason: Could not read signature secret file: /home/runner/hadoop-http-auth-signature-secret
2024-01-26 21:34:12,076 [main] INFO  http.HttpRequestLog (HttpRequestLog.java:getRequestLog(86)) - Http request log for http.requests.hddsDatanode is not defined
2024-01-26 21:34:12,077 [main] INFO  http.HttpServer2 (HttpServer2.java:addGlobalFilter(1036)) - Added global filter 'safety' (class=org.apache.hadoop.hdds.server.http.HttpServer2$QuotingInputFilter)
2024-01-26 21:34:12,078 [main] INFO  http.HttpServer2 (HttpServer2.java:addFilter(1012)) - Added filter static_user_filter (class=org.apache.hadoop.http.lib.StaticUserWebFilter$StaticUserFilter) to context hddsDatanode
2024-01-26 21:34:12,078 [main] INFO  http.HttpServer2 (HttpServer2.java:addFilter(1020)) - Added filter static_user_filter (class=org.apache.hadoop.http.lib.StaticUserWebFilter$StaticUserFilter) to context logs
2024-01-26 21:34:12,078 [main] INFO  http.HttpServer2 (HttpServer2.java:addFilter(1020)) - Added filter static_user_filter (class=org.apache.hadoop.http.lib.StaticUserWebFilter$StaticUserFilter) to context static
2024-01-26 21:34:12,079 [main] INFO  http.BaseHttpServer (BaseHttpServer.java:<init>(189)) - HTTP server of hddsDatanode uses base directory /home/runner/work/ozone/ozone/hadoop-ozone/integration-test/target/test-dir/MiniOzoneClusterImpl-1af845c4-9ad0-4304-ad21-7f4426eccdbd/datanode-11/meta/webserver
2024-01-26 21:34:12,079 [main] INFO  http.HttpServer2 (HttpServer2.java:bindListener(1236)) - Jetty bound to port 15108
2024-01-26 21:34:12,079 [main] INFO  server.Server (Server.java:doStart(375)) - jetty-9.4.53.v20231009; built: 2023-10-09T12:29:09.265Z; git: 27bde00a0b95a1d5bbee0eae7984f891d2d0f8c9; jvm 1.8.0_392-b08
2024-01-26 21:34:12,083 [main] INFO  server.session (DefaultSessionIdManager.java:doStart(334)) - DefaultSessionIdManager workerName=node0
2024-01-26 21:34:12,083 [main] INFO  server.session (DefaultSessionIdManager.java:doStart(339)) - No SessionScavenger set, using defaults
2024-01-26 21:34:12,084 [main] INFO  server.session (HouseKeeper.java:startScavenging(132)) - node0 Scavenging every 660000ms
2024-01-26 21:34:12,084 [main] INFO  handler.ContextHandler (ContextHandler.java:doStart(921)) - Started o.e.j.s.ServletContextHandler@74330758{logs,/logs,file:///home/runner/work/ozone/ozone/hadoop-ozone/integration-test/target/log,AVAILABLE}
2024-01-26 21:34:12,085 [main] INFO  handler.ContextHandler (ContextHandler.java:doStart(921)) - Started o.e.j.s.ServletContextHandler@6911641e{static,/static,jar:file:/home/runner/.m2/repository/org/apache/ozone/hdds-container-service/1.5.0-SNAPSHOT/hdds-container-service-1.5.0-SNAPSHOT.jar!/webapps/static,AVAILABLE}
2024-01-26 21:34:12,118 [main] INFO  handler.ContextHandler (ContextHandler.java:doStart(921)) - Started o.e.j.w.WebAppContext@32753297{hddsDatanode,/,file:///home/runner/work/ozone/ozone/hadoop-ozone/integration-test/target/test-dir/MiniOzoneClusterImpl-1af845c4-9ad0-4304-ad21-7f4426eccdbd/datanode-11/meta/webserver/jetty-0_0_0_0-15108-hdds-container-service-1_5_0-SNAPSHOT_jar-_-any-7549416462846909347/webapp/,AVAILABLE}{jar:file:/home/runner/.m2/repository/org/apache/ozone/hdds-container-service/1.5.0-SNAPSHOT/hdds-container-service-1.5.0-SNAPSHOT.jar!/webapps/hddsDatanode}
2024-01-26 21:34:12,120 [main] INFO  server.AbstractConnector (AbstractConnector.java:doStart(333)) - Started ServerConnector@1f0c8e1f{HTTP/1.1, (http/1.1)}{0.0.0.0:15108}
2024-01-26 21:34:12,120 [main] INFO  server.Server (Server.java:doStart(415)) - Started @9289ms
2024-01-26 21:34:12,121 [main] WARN  impl.MetricsSystemImpl (MetricsSystemImpl.java:register(279)) - Sink prometheus already exists!
2024-01-26 21:34:12,121 [main] INFO  http.BaseHttpServer (BaseHttpServer.java:updateConnectorAddress(354)) - HTTP server of hddsDatanode listening at http://0.0.0.0:15108
2024-01-26 21:34:12,122 [main] INFO  ipc.CallQueueManager (CallQueueManager.java:<init>(90)) - Using callQueue: class java.util.concurrent.LinkedBlockingQueue, queueCapacity: 100, scheduler: class org.apache.hadoop.ipc.DefaultRpcScheduler, ipcBackoff: false.
2024-01-26 21:34:12,122 [main] INFO  ipc.Server (Server.java:<init>(1287)) - Listener at 0.0.0.0:15109
2024-01-26 21:34:12,123 [Socket Reader #1 for port 15109] INFO  ipc.Server (Server.java:run(1323)) - Starting Socket Reader #1 for port 15109
2024-01-26 21:34:12,129 [main] INFO  ozone.HddsDatanodeService (HddsDatanodeService.java:start(324)) - Datanode start with admins: [runner]
2024-01-26 21:34:12,129 [main] INFO  ozone.HddsDatanodeClientProtocolServer (HddsDatanodeClientProtocolServer.java:start(72)) - RPC server for Client /0.0.0.0:15109
2024-01-26 21:34:12,132 [IPC Server Responder] INFO  ipc.Server (Server.java:run(1562)) - IPC Server Responder: starting
2024-01-26 21:34:12,133 [IPC Server listener on 15109] INFO  ipc.Server (Server.java:run(1402)) - IPC Server listener on 15109: starting
2024-01-26 21:34:12,133 [main] WARN  dropwizard3.Dm3MetricRegistriesImpl (Dm3MetricRegistriesImpl.java:addReporterRegistration(113)) - New reporters are added after registries were created. Some metrics will be missing from the reporter. Please add reporter before adding any new registry.
2024-01-26 21:34:12,133 [main] WARN  dropwizard3.Dm3MetricRegistriesImpl (Dm3MetricRegistriesImpl.java:addReporterRegistration(113)) - New reporters are added after registries were created. Some metrics will be missing from the reporter. Please add reporter before adding any new registry.
2024-01-26 21:34:12,134 [main] INFO  impl.MetricsSystemImpl (MetricsSystemImpl.java:init(158)) - HddsDatanode metrics system started (again)
2024-01-26 21:34:12,139 [8aa6f495-09ad-4a32-951c-60d46ecfa148-DatanodeStateMachineDaemonThread] INFO  statemachine.DatanodeStateMachine (DatanodeStateMachine.java:lambda$startDaemon$1(555)) - Ozone container server started.
2024-01-26 21:34:12,144 [main] INFO  ozone.HddsDatanodeService (HddsDatanodeService.java:start(239)) - HddsDatanodeService host:fv-az1566-86.204dmbdutxxevaxlgbjnwxhbkd.phxx.internal.cloudapp.net ip:10.1.0.5
2024-01-26 21:34:12,153 [8aa6f495-09ad-4a32-951c-60d46ecfa148-DatanodeStateMachineTaskThread-0] INFO  datanode.InitDatanodeState (InitDatanodeState.java:persistContainerDatanodeDetails(139)) - DatanodeDetails is persisted to /home/runner/work/ozone/ozone/hadoop-ozone/integration-test/target/test-dir/MiniOzoneClusterImpl-1af845c4-9ad0-4304-ad21-7f4426eccdbd/datanode-11/meta/datanode.id
2024-01-26 21:34:12,163 [main] INFO  upgrade.AbstractLayoutVersionManager (AbstractLayoutVersionManager.java:init(83)) - Initializing Layout version manager with metadata layout = HADOOP_PRC_PORTS_IN_DATANODEDETAILS (version = 7), software layout = HADOOP_PRC_PORTS_IN_DATANODEDETAILS (version = 7)
2024-01-26 21:34:12,163 [main] INFO  statemachine.DatanodeStateMachine (DatanodeStateMachine.java:getEndPointTaskThreadPoolSize(299)) - Datanode State Machine Task Thread Pool size 2
2024-01-26 21:34:12,165 [main] INFO  volume.HddsVolume (HddsVolume.java:<init>(125)) - Creating HddsVolume: /home/runner/work/ozone/ozone/hadoop-ozone/integration-test/target/test-dir/MiniOzoneClusterImpl-1af845c4-9ad0-4304-ad21-7f4426eccdbd/datanode-12/data-0/containers/hdds of storage type : DISK capacity : 9223372036854775807
2024-01-26 21:34:12,165 [main] INFO  volume.MutableVolumeSet (MutableVolumeSet.java:initializeVolumeSet(173)) - Added Volume : /home/runner/work/ozone/ozone/hadoop-ozone/integration-test/target/test-dir/MiniOzoneClusterImpl-1af845c4-9ad0-4304-ad21-7f4426eccdbd/datanode-12/data-0/containers/hdds to VolumeSet
2024-01-26 21:34:12,166 [main] INFO  volume.MutableVolumeSet (MutableVolumeSet.java:initializeVolumeSet(173)) - Added Volume : /home/runner/work/ozone/ozone/hadoop-ozone/integration-test/target/test-dir/MiniOzoneClusterImpl-1af845c4-9ad0-4304-ad21-7f4426eccdbd/datanode-12/data/ratis to VolumeSet
2024-01-26 21:34:12,166 [main] INFO  ozoneimpl.OzoneContainer (HddsVolumeUtil.java:loadAllHddsVolumeDbStore(103)) - Load 1 volumes DbStore cost: 0ms
2024-01-26 21:34:12,167 [c4b8c6be-c011-4381-a4e2-e95b959e0055-ContainerReader-0] INFO  ozoneimpl.ContainerReader (ContainerReader.java:readVolume(178)) - Finish verifying containers on volume /home/runner/work/ozone/ozone/hadoop-ozone/integration-test/target/test-dir/MiniOzoneClusterImpl-1af845c4-9ad0-4304-ad21-7f4426eccdbd/datanode-12/data-0/containers/hdds
2024-01-26 21:34:12,167 [main] INFO  ozoneimpl.OzoneContainer (OzoneContainer.java:buildContainerSet(328)) - Build ContainerSet costs 0s
2024-01-26 21:34:12,169 [main] INFO  server.RaftServer (ConfUtils.java:logGet(46)) - raft.rpc.type = GRPC (default)
2024-01-26 21:34:12,169 [main] INFO  grpc.GrpcConfigKeys (ConfUtils.java:logFallback(53)) - raft.grpc.admin.host = null (fallback to raft.grpc.server.host)
2024-01-26 21:34:12,169 [main] INFO  grpc.GrpcConfigKeys (ConfUtils.java:logGet(46)) - raft.grpc.admin.port = 15121 (custom)
2024-01-26 21:34:12,170 [main] INFO  grpc.GrpcConfigKeys (ConfUtils.java:logFallback(53)) - raft.grpc.client.host = null (fallback to raft.grpc.server.host)
2024-01-26 21:34:12,170 [main] INFO  grpc.GrpcConfigKeys (ConfUtils.java:logGet(46)) - raft.grpc.client.port = 15120 (custom)
2024-01-26 21:34:12,170 [main] INFO  grpc.GrpcConfigKeys (ConfUtils.java:logGet(46)) - raft.grpc.server.host = null (default)
2024-01-26 21:34:12,171 [main] INFO  grpc.GrpcConfigKeys (ConfUtils.java:logGet(46)) - raft.grpc.server.port = 15122 (custom)
2024-01-26 21:34:12,171 [main] INFO  server.GrpcService (ConfUtils.java:logGet(46)) - raft.grpc.message.size.max = 32MB (=33554432) (custom)
2024-01-26 21:34:12,171 [main] INFO  server.RaftServerConfigKeys (ConfUtils.java:logGet(46)) - raft.server.log.appender.buffer.byte-limit = 8388608 (custom)
2024-01-26 21:34:12,171 [main] INFO  server.GrpcService (ConfUtils.java:logGet(46)) - raft.grpc.flow.control.window = 5MB (=5242880) (custom)
2024-01-26 21:34:12,172 [main] INFO  server.RaftServerConfigKeys (ConfUtils.java:logGet(46)) - raft.server.rpc.request.timeout = 60s (custom)
2024-01-26 21:34:12,172 [main] INFO  grpc.GrpcConfigKeys (ConfUtils.java:logGet(46)) - raft.grpc.server.heartbeat.channel = true (default)
2024-01-26 21:34:12,172 [main] INFO  grpc.GrpcConfigKeys (ConfUtils.java:logGet(46)) - raft.grpc.server.async.request.thread.pool.cached = true (default)
2024-01-26 21:34:12,172 [main] INFO  grpc.GrpcConfigKeys (ConfUtils.java:logGet(46)) - raft.grpc.server.async.request.thread.pool.size = 32 (default)
2024-01-26 21:34:12,174 [main] INFO  impl.DataStreamServerImpl (ConfUtils.java:logGet(46)) - raft.datastream.type = NETTY (custom)
2024-01-26 21:34:12,175 [main] INFO  server.RaftServerConfigKeys (ConfUtils.java:logGet(46)) - raft.server.data-stream.async.request.thread.pool.cached = false (default)
2024-01-26 21:34:12,175 [main] INFO  server.RaftServerConfigKeys (ConfUtils.java:logGet(46)) - raft.server.data-stream.async.request.thread.pool.size = 20 (custom)
2024-01-26 21:34:12,175 [main] INFO  server.RaftServerConfigKeys (ConfUtils.java:logGet(46)) - raft.server.data-stream.async.write.thread.pool.size = 16 (default)
2024-01-26 21:34:12,176 [main] INFO  netty.NettyConfigKeys$DataStream (ConfUtils.java:logGet(46)) - raft.netty.dataStream.server.channel.inactive.grace-period = 10min (default)
2024-01-26 21:34:12,176 [main] INFO  server.RaftServerConfigKeys (ConfUtils.java:logGet(46)) - raft.server.data-stream.client.pool.size = 10 (default)
2024-01-26 21:34:12,176 [main] INFO  netty.NettyConfigKeys$DataStream (ConfUtils.java:logGet(46)) - raft.netty.dataStream.server.use-epoll = true (default)
2024-01-26 21:34:12,176 [main] INFO  netty.NettyConfigKeys$DataStream (ConfUtils.java:logGet(46)) - raft.netty.dataStream.server.boss-group.size = 0 (default)
2024-01-26 21:34:12,177 [main] INFO  netty.NettyUtils (NettyUtils.java:newEventLoopGroup(69)) - Create EpollEventLoopGroup for c4b8c6be-c011-4381-a4e2-e95b959e0055-NettyServerStreamRpc-bossGroup; Thread size is 0.
2024-01-26 21:34:12,177 [main] INFO  netty.NettyConfigKeys$DataStream (ConfUtils.java:logGet(46)) - raft.netty.dataStream.server.worker-group.size = 0 (default)
2024-01-26 21:34:12,177 [main] INFO  netty.NettyUtils (NettyUtils.java:newEventLoopGroup(69)) - Create EpollEventLoopGroup for c4b8c6be-c011-4381-a4e2-e95b959e0055-NettyServerStreamRpc-workerGroup; Thread size is 0.
2024-01-26 21:34:12,178 [main] INFO  netty.NettyConfigKeys$DataStream (ConfUtils.java:logGet(46)) - raft.netty.dataStream.server.tls.conf = null (default)
2024-01-26 21:34:12,178 [main] INFO  netty.NettyConfigKeys$DataStream (ConfUtils.java:logGet(46)) - raft.netty.dataStream.host = null (default)
2024-01-26 21:34:12,178 [main] INFO  netty.NettyConfigKeys$DataStream (ConfUtils.java:logGet(46)) - raft.netty.dataStream.port = 15123 (custom)
2024-01-26 21:34:12,179 [main] INFO  server.RaftServerConfigKeys (ConfUtils.java:logGet(46)) - raft.server.sleep.deviation.threshold = 300ms (default)
2024-01-26 21:34:12,180 [main] INFO  server.RaftServerConfigKeys (ConfUtils.java:logGet(46)) - raft.server.close.threshold = 60s (default)
2024-01-26 21:34:12,180 [c4b8c6be-c011-4381-a4e2-e95b959e0055-NettyServerStreamRpc-bossGroup--thread1] INFO  logging.LoggingHandler (AbstractInternalLogger.java:log(148)) - [id: 0x82bb1db4] REGISTERED
2024-01-26 21:34:12,180 [main] INFO  server.RaftServerConfigKeys (ConfUtils.java:logGet(46)) - raft.server.leaderelection.leader.step-down.wait-time = 10s (default)
2024-01-26 21:34:12,181 [c4b8c6be-c011-4381-a4e2-e95b959e0055-NettyServerStreamRpc-bossGroup--thread1] INFO  logging.LoggingHandler (AbstractInternalLogger.java:log(148)) - [id: 0x82bb1db4] BIND: 0.0.0.0/0.0.0.0:15123
2024-01-26 21:34:12,181 [main] INFO  server.RaftServerConfigKeys (ConfUtils.java:logGet(46)) - raft.server.storage.dir = [/home/runner/work/ozone/ozone/hadoop-ozone/integration-test/target/test-dir/MiniOzoneClusterImpl-1af845c4-9ad0-4304-ad21-7f4426eccdbd/datanode-12/data/ratis] (custom)
2024-01-26 21:34:12,181 [c4b8c6be-c011-4381-a4e2-e95b959e0055-NettyServerStreamRpc-bossGroup--thread1] INFO  logging.LoggingHandler (AbstractInternalLogger.java:log(148)) - [id: 0x82bb1db4, L:/0.0.0.0:15123] ACTIVE
2024-01-26 21:34:12,181 [main] INFO  server.RaftServerConfigKeys (ConfUtils.java:logGet(46)) - raft.server.threadpool.proxy.cached = true (default)
2024-01-26 21:34:12,182 [main] INFO  server.RaftServerConfigKeys (ConfUtils.java:logGet(46)) - raft.server.threadpool.proxy.size = 0 (default)
2024-01-26 21:34:12,182 [c4b8c6be-c011-4381-a4e2-e95b959e0055-impl-thread1] INFO  server.RaftServer (RaftServerProxy.java:initGroupDir(264)) - c4b8c6be-c011-4381-a4e2-e95b959e0055: found a subdirectory /home/runner/work/ozone/ozone/hadoop-ozone/integration-test/target/test-dir/MiniOzoneClusterImpl-1af845c4-9ad0-4304-ad21-7f4426eccdbd/datanode-12/data/ratis/tmp
2024-01-26 21:34:12,182 [c4b8c6be-c011-4381-a4e2-e95b959e0055-impl-thread1] INFO  server.RaftServer (RaftServerProxy.java:initGroupDir(269)) - c4b8c6be-c011-4381-a4e2-e95b959e0055: The directory /home/runner/work/ozone/ozone/hadoop-ozone/integration-test/target/test-dir/MiniOzoneClusterImpl-1af845c4-9ad0-4304-ad21-7f4426eccdbd/datanode-12/data/ratis/tmp is not a group directory; ignoring it. 
2024-01-26 21:34:12,182 [main] INFO  replication.ReplicationServer (ReplicationServer.java:<init>(85)) - Initializing replication server with thread count = 10 queue length = 4096
2024-01-26 21:34:12,183 [main] INFO  server.XceiverServerGrpc (XceiverServerGrpc.java:<init>(141)) - GrpcServer channel type EpollServerSocketChannel
2024-01-26 21:34:12,185 [main] INFO  replication.ReplicationSupervisor (ReplicationSupervisor.java:build(163)) - Initializing replication supervisor with thread count = 10
2024-01-26 21:34:12,185 [main] INFO  replication.ReplicationSupervisor (ReplicationSupervisor.java:nodeStateUpdated(317)) - Node state updated to IN_SERVICE, scaling executor pool size to 10
2024-01-26 21:34:12,187 [main] INFO  http.BaseHttpServer (BaseHttpServer.java:newHttpServer2BuilderForOzone(223)) - Starting Web-server for hddsDatanode at: http://0.0.0.0:15117
2024-01-26 21:34:12,187 [main] INFO  http.BaseHttpServer (BaseHttpServer.java:<init>(110)) - Hadoop Security Enabled: false Ozone Security Enabled: false Ozone HTTP Security Enabled: false 
2024-01-26 21:34:12,188 [main] WARN  server.AuthenticationFilter (AuthenticationFilter.java:constructSecretProvider(240)) - Unable to initialize FileSignerSecretProvider, falling back to use random secrets. Reason: Could not read signature secret file: /home/runner/hadoop-http-auth-signature-secret
2024-01-26 21:34:12,189 [main] INFO  http.HttpRequestLog (HttpRequestLog.java:getRequestLog(86)) - Http request log for http.requests.hddsDatanode is not defined
2024-01-26 21:34:12,190 [main] INFO  http.HttpServer2 (HttpServer2.java:addGlobalFilter(1036)) - Added global filter 'safety' (class=org.apache.hadoop.hdds.server.http.HttpServer2$QuotingInputFilter)
2024-01-26 21:34:12,190 [main] INFO  http.HttpServer2 (HttpServer2.java:addFilter(1012)) - Added filter static_user_filter (class=org.apache.hadoop.http.lib.StaticUserWebFilter$StaticUserFilter) to context hddsDatanode
2024-01-26 21:34:12,190 [main] INFO  http.HttpServer2 (HttpServer2.java:addFilter(1020)) - Added filter static_user_filter (class=org.apache.hadoop.http.lib.StaticUserWebFilter$StaticUserFilter) to context logs
2024-01-26 21:34:12,191 [main] INFO  http.HttpServer2 (HttpServer2.java:addFilter(1020)) - Added filter static_user_filter (class=org.apache.hadoop.http.lib.StaticUserWebFilter$StaticUserFilter) to context static
2024-01-26 21:34:12,191 [main] INFO  http.BaseHttpServer (BaseHttpServer.java:<init>(189)) - HTTP server of hddsDatanode uses base directory /home/runner/work/ozone/ozone/hadoop-ozone/integration-test/target/test-dir/MiniOzoneClusterImpl-1af845c4-9ad0-4304-ad21-7f4426eccdbd/datanode-12/meta/webserver
2024-01-26 21:34:12,192 [main] INFO  http.HttpServer2 (HttpServer2.java:bindListener(1236)) - Jetty bound to port 15117
2024-01-26 21:34:12,192 [main] INFO  server.Server (Server.java:doStart(375)) - jetty-9.4.53.v20231009; built: 2023-10-09T12:29:09.265Z; git: 27bde00a0b95a1d5bbee0eae7984f891d2d0f8c9; jvm 1.8.0_392-b08
2024-01-26 21:34:12,193 [main] INFO  server.session (DefaultSessionIdManager.java:doStart(334)) - DefaultSessionIdManager workerName=node0
2024-01-26 21:34:12,193 [main] INFO  server.session (DefaultSessionIdManager.java:doStart(339)) - No SessionScavenger set, using defaults
2024-01-26 21:34:12,193 [main] INFO  server.session (HouseKeeper.java:startScavenging(132)) - node0 Scavenging every 600000ms
2024-01-26 21:34:12,194 [main] INFO  handler.ContextHandler (ContextHandler.java:doStart(921)) - Started o.e.j.s.ServletContextHandler@4818be5c{logs,/logs,file:///home/runner/work/ozone/ozone/hadoop-ozone/integration-test/target/log,AVAILABLE}
2024-01-26 21:34:12,194 [main] INFO  handler.ContextHandler (ContextHandler.java:doStart(921)) - Started o.e.j.s.ServletContextHandler@2af3682f{static,/static,jar:file:/home/runner/.m2/repository/org/apache/ozone/hdds-container-service/1.5.0-SNAPSHOT/hdds-container-service-1.5.0-SNAPSHOT.jar!/webapps/static,AVAILABLE}
2024-01-26 21:34:12,226 [main] INFO  handler.ContextHandler (ContextHandler.java:doStart(921)) - Started o.e.j.w.WebAppContext@5275c77{hddsDatanode,/,file:///home/runner/work/ozone/ozone/hadoop-ozone/integration-test/target/test-dir/MiniOzoneClusterImpl-1af845c4-9ad0-4304-ad21-7f4426eccdbd/datanode-12/meta/webserver/jetty-0_0_0_0-15117-hdds-container-service-1_5_0-SNAPSHOT_jar-_-any-5726665986558512081/webapp/,AVAILABLE}{jar:file:/home/runner/.m2/repository/org/apache/ozone/hdds-container-service/1.5.0-SNAPSHOT/hdds-container-service-1.5.0-SNAPSHOT.jar!/webapps/hddsDatanode}
2024-01-26 21:34:12,228 [main] INFO  server.AbstractConnector (AbstractConnector.java:doStart(333)) - Started ServerConnector@44c881c9{HTTP/1.1, (http/1.1)}{0.0.0.0:15117}
2024-01-26 21:34:12,228 [main] INFO  server.Server (Server.java:doStart(415)) - Started @9397ms
2024-01-26 21:34:12,228 [main] WARN  impl.MetricsSystemImpl (MetricsSystemImpl.java:register(279)) - Sink prometheus already exists!
2024-01-26 21:34:12,229 [main] INFO  http.BaseHttpServer (BaseHttpServer.java:updateConnectorAddress(354)) - HTTP server of hddsDatanode listening at http://0.0.0.0:15117
2024-01-26 21:34:12,229 [main] INFO  ipc.CallQueueManager (CallQueueManager.java:<init>(90)) - Using callQueue: class java.util.concurrent.LinkedBlockingQueue, queueCapacity: 100, scheduler: class org.apache.hadoop.ipc.DefaultRpcScheduler, ipcBackoff: false.
2024-01-26 21:34:12,230 [main] INFO  ipc.Server (Server.java:<init>(1287)) - Listener at 0.0.0.0:15118
2024-01-26 21:34:12,230 [Socket Reader #1 for port 15118] INFO  ipc.Server (Server.java:run(1323)) - Starting Socket Reader #1 for port 15118
2024-01-26 21:34:12,232 [main] INFO  ozone.HddsDatanodeService (HddsDatanodeService.java:start(324)) - Datanode start with admins: [runner]
2024-01-26 21:34:12,233 [main] INFO  ozone.HddsDatanodeClientProtocolServer (HddsDatanodeClientProtocolServer.java:start(72)) - RPC server for Client /0.0.0.0:15118
2024-01-26 21:34:12,233 [IPC Server Responder] INFO  ipc.Server (Server.java:run(1562)) - IPC Server Responder: starting
2024-01-26 21:34:12,233 [IPC Server listener on 15118] INFO  ipc.Server (Server.java:run(1402)) - IPC Server listener on 15118: starting
2024-01-26 21:34:12,234 [c4b8c6be-c011-4381-a4e2-e95b959e0055-DatanodeStateMachineDaemonThread] INFO  statemachine.DatanodeStateMachine (DatanodeStateMachine.java:lambda$startDaemon$1(555)) - Ozone container server started.
2024-01-26 21:34:12,235 [main] WARN  dropwizard3.Dm3MetricRegistriesImpl (Dm3MetricRegistriesImpl.java:addReporterRegistration(113)) - New reporters are added after registries were created. Some metrics will be missing from the reporter. Please add reporter before adding any new registry.
2024-01-26 21:34:12,235 [main] WARN  dropwizard3.Dm3MetricRegistriesImpl (Dm3MetricRegistriesImpl.java:addReporterRegistration(113)) - New reporters are added after registries were created. Some metrics will be missing from the reporter. Please add reporter before adding any new registry.
2024-01-26 21:34:12,235 [main] INFO  impl.MetricsSystemImpl (MetricsSystemImpl.java:init(158)) - HddsDatanode metrics system started (again)
2024-01-26 21:34:12,243 [c4b8c6be-c011-4381-a4e2-e95b959e0055-DatanodeStateMachineTaskThread-0] INFO  datanode.InitDatanodeState (InitDatanodeState.java:persistContainerDatanodeDetails(139)) - DatanodeDetails is persisted to /home/runner/work/ozone/ozone/hadoop-ozone/integration-test/target/test-dir/MiniOzoneClusterImpl-1af845c4-9ad0-4304-ad21-7f4426eccdbd/datanode-12/meta/datanode.id
2024-01-26 21:34:12,246 [main] INFO  ozone.HddsDatanodeService (HddsDatanodeService.java:start(239)) - HddsDatanodeService host:fv-az1566-86.204dmbdutxxevaxlgbjnwxhbkd.phxx.internal.cloudapp.net ip:10.1.0.5
2024-01-26 21:34:12,266 [main] INFO  upgrade.AbstractLayoutVersionManager (AbstractLayoutVersionManager.java:init(83)) - Initializing Layout version manager with metadata layout = HADOOP_PRC_PORTS_IN_DATANODEDETAILS (version = 7), software layout = HADOOP_PRC_PORTS_IN_DATANODEDETAILS (version = 7)
2024-01-26 21:34:12,266 [main] INFO  statemachine.DatanodeStateMachine (DatanodeStateMachine.java:getEndPointTaskThreadPoolSize(299)) - Datanode State Machine Task Thread Pool size 2
2024-01-26 21:34:12,268 [main] INFO  volume.HddsVolume (HddsVolume.java:<init>(125)) - Creating HddsVolume: /home/runner/work/ozone/ozone/hadoop-ozone/integration-test/target/test-dir/MiniOzoneClusterImpl-1af845c4-9ad0-4304-ad21-7f4426eccdbd/datanode-13/data-0/containers/hdds of storage type : DISK capacity : 9223372036854775807
2024-01-26 21:34:12,268 [main] INFO  volume.MutableVolumeSet (MutableVolumeSet.java:initializeVolumeSet(173)) - Added Volume : /home/runner/work/ozone/ozone/hadoop-ozone/integration-test/target/test-dir/MiniOzoneClusterImpl-1af845c4-9ad0-4304-ad21-7f4426eccdbd/datanode-13/data-0/containers/hdds to VolumeSet
2024-01-26 21:34:12,269 [main] INFO  volume.MutableVolumeSet (MutableVolumeSet.java:initializeVolumeSet(173)) - Added Volume : /home/runner/work/ozone/ozone/hadoop-ozone/integration-test/target/test-dir/MiniOzoneClusterImpl-1af845c4-9ad0-4304-ad21-7f4426eccdbd/datanode-13/data/ratis to VolumeSet
2024-01-26 21:34:12,270 [main] INFO  ozoneimpl.OzoneContainer (HddsVolumeUtil.java:loadAllHddsVolumeDbStore(103)) - Load 1 volumes DbStore cost: 1ms
2024-01-26 21:34:12,271 [8941232b-d533-4e67-b9a7-e63de09e5ea8-ContainerReader-0] INFO  ozoneimpl.ContainerReader (ContainerReader.java:readVolume(178)) - Finish verifying containers on volume /home/runner/work/ozone/ozone/hadoop-ozone/integration-test/target/test-dir/MiniOzoneClusterImpl-1af845c4-9ad0-4304-ad21-7f4426eccdbd/datanode-13/data-0/containers/hdds
2024-01-26 21:34:12,271 [main] INFO  ozoneimpl.OzoneContainer (OzoneContainer.java:buildContainerSet(328)) - Build ContainerSet costs 0s
2024-01-26 21:34:12,273 [main] INFO  server.RaftServer (ConfUtils.java:logGet(46)) - raft.rpc.type = GRPC (default)
2024-01-26 21:34:12,273 [main] INFO  grpc.GrpcConfigKeys (ConfUtils.java:logFallback(53)) - raft.grpc.admin.host = null (fallback to raft.grpc.server.host)
2024-01-26 21:34:12,273 [main] INFO  grpc.GrpcConfigKeys (ConfUtils.java:logGet(46)) - raft.grpc.admin.port = 15130 (custom)
2024-01-26 21:34:12,274 [main] INFO  grpc.GrpcConfigKeys (ConfUtils.java:logFallback(53)) - raft.grpc.client.host = null (fallback to raft.grpc.server.host)
2024-01-26 21:34:12,274 [main] INFO  grpc.GrpcConfigKeys (ConfUtils.java:logGet(46)) - raft.grpc.client.port = 15129 (custom)
2024-01-26 21:34:12,274 [main] INFO  grpc.GrpcConfigKeys (ConfUtils.java:logGet(46)) - raft.grpc.server.host = null (default)
2024-01-26 21:34:12,274 [main] INFO  grpc.GrpcConfigKeys (ConfUtils.java:logGet(46)) - raft.grpc.server.port = 15131 (custom)
2024-01-26 21:34:12,274 [main] INFO  server.GrpcService (ConfUtils.java:logGet(46)) - raft.grpc.message.size.max = 32MB (=33554432) (custom)
2024-01-26 21:34:12,275 [main] INFO  server.RaftServerConfigKeys (ConfUtils.java:logGet(46)) - raft.server.log.appender.buffer.byte-limit = 8388608 (custom)
2024-01-26 21:34:12,275 [main] INFO  server.GrpcService (ConfUtils.java:logGet(46)) - raft.grpc.flow.control.window = 5MB (=5242880) (custom)
2024-01-26 21:34:12,275 [main] INFO  server.RaftServerConfigKeys (ConfUtils.java:logGet(46)) - raft.server.rpc.request.timeout = 60s (custom)
2024-01-26 21:34:12,275 [main] INFO  grpc.GrpcConfigKeys (ConfUtils.java:logGet(46)) - raft.grpc.server.heartbeat.channel = true (default)
2024-01-26 21:34:12,275 [main] INFO  grpc.GrpcConfigKeys (ConfUtils.java:logGet(46)) - raft.grpc.server.async.request.thread.pool.cached = true (default)
2024-01-26 21:34:12,276 [main] INFO  grpc.GrpcConfigKeys (ConfUtils.java:logGet(46)) - raft.grpc.server.async.request.thread.pool.size = 32 (default)
2024-01-26 21:34:12,277 [main] INFO  impl.DataStreamServerImpl (ConfUtils.java:logGet(46)) - raft.datastream.type = NETTY (custom)
2024-01-26 21:34:12,278 [main] INFO  server.RaftServerConfigKeys (ConfUtils.java:logGet(46)) - raft.server.data-stream.async.request.thread.pool.cached = false (default)
2024-01-26 21:34:12,278 [main] INFO  server.RaftServerConfigKeys (ConfUtils.java:logGet(46)) - raft.server.data-stream.async.request.thread.pool.size = 20 (custom)
2024-01-26 21:34:12,278 [main] INFO  server.RaftServerConfigKeys (ConfUtils.java:logGet(46)) - raft.server.data-stream.async.write.thread.pool.size = 16 (default)
2024-01-26 21:34:12,279 [main] INFO  netty.NettyConfigKeys$DataStream (ConfUtils.java:logGet(46)) - raft.netty.dataStream.server.channel.inactive.grace-period = 10min (default)
2024-01-26 21:34:12,279 [main] INFO  server.RaftServerConfigKeys (ConfUtils.java:logGet(46)) - raft.server.data-stream.client.pool.size = 10 (default)
2024-01-26 21:34:12,279 [main] INFO  netty.NettyConfigKeys$DataStream (ConfUtils.java:logGet(46)) - raft.netty.dataStream.server.use-epoll = true (default)
2024-01-26 21:34:12,279 [main] INFO  netty.NettyConfigKeys$DataStream (ConfUtils.java:logGet(46)) - raft.netty.dataStream.server.boss-group.size = 0 (default)
2024-01-26 21:34:12,279 [main] INFO  netty.NettyUtils (NettyUtils.java:newEventLoopGroup(69)) - Create EpollEventLoopGroup for 8941232b-d533-4e67-b9a7-e63de09e5ea8-NettyServerStreamRpc-bossGroup; Thread size is 0.
2024-01-26 21:34:12,280 [main] INFO  netty.NettyConfigKeys$DataStream (ConfUtils.java:logGet(46)) - raft.netty.dataStream.server.worker-group.size = 0 (default)
2024-01-26 21:34:12,280 [main] INFO  netty.NettyUtils (NettyUtils.java:newEventLoopGroup(69)) - Create EpollEventLoopGroup for 8941232b-d533-4e67-b9a7-e63de09e5ea8-NettyServerStreamRpc-workerGroup; Thread size is 0.
2024-01-26 21:34:12,281 [main] INFO  netty.NettyConfigKeys$DataStream (ConfUtils.java:logGet(46)) - raft.netty.dataStream.server.tls.conf = null (default)
2024-01-26 21:34:12,281 [main] INFO  netty.NettyConfigKeys$DataStream (ConfUtils.java:logGet(46)) - raft.netty.dataStream.host = null (default)
2024-01-26 21:34:12,281 [main] INFO  netty.NettyConfigKeys$DataStream (ConfUtils.java:logGet(46)) - raft.netty.dataStream.port = 15132 (custom)
2024-01-26 21:34:12,282 [main] INFO  server.RaftServerConfigKeys (ConfUtils.java:logGet(46)) - raft.server.sleep.deviation.threshold = 300ms (default)
2024-01-26 21:34:12,282 [main] INFO  server.RaftServerConfigKeys (ConfUtils.java:logGet(46)) - raft.server.close.threshold = 60s (default)
2024-01-26 21:34:12,282 [main] INFO  server.RaftServerConfigKeys (ConfUtils.java:logGet(46)) - raft.server.leaderelection.leader.step-down.wait-time = 10s (default)
2024-01-26 21:34:12,283 [main] INFO  server.RaftServerConfigKeys (ConfUtils.java:logGet(46)) - raft.server.storage.dir = [/home/runner/work/ozone/ozone/hadoop-ozone/integration-test/target/test-dir/MiniOzoneClusterImpl-1af845c4-9ad0-4304-ad21-7f4426eccdbd/datanode-13/data/ratis] (custom)
2024-01-26 21:34:12,284 [main] INFO  server.RaftServerConfigKeys (ConfUtils.java:logGet(46)) - raft.server.threadpool.proxy.cached = true (default)
2024-01-26 21:34:12,284 [main] INFO  server.RaftServerConfigKeys (ConfUtils.java:logGet(46)) - raft.server.threadpool.proxy.size = 0 (default)
2024-01-26 21:34:12,285 [8941232b-d533-4e67-b9a7-e63de09e5ea8-NettyServerStreamRpc-bossGroup--thread1] INFO  logging.LoggingHandler (AbstractInternalLogger.java:log(148)) - [id: 0xe1eb481e] REGISTERED
2024-01-26 21:34:12,285 [8941232b-d533-4e67-b9a7-e63de09e5ea8-NettyServerStreamRpc-bossGroup--thread1] INFO  logging.LoggingHandler (AbstractInternalLogger.java:log(148)) - [id: 0xe1eb481e] BIND: 0.0.0.0/0.0.0.0:15132
2024-01-26 21:34:12,286 [8941232b-d533-4e67-b9a7-e63de09e5ea8-NettyServerStreamRpc-bossGroup--thread1] INFO  logging.LoggingHandler (AbstractInternalLogger.java:log(148)) - [id: 0xe1eb481e, L:/0.0.0.0:15132] ACTIVE
2024-01-26 21:34:12,287 [8941232b-d533-4e67-b9a7-e63de09e5ea8-impl-thread1] INFO  server.RaftServer (RaftServerProxy.java:initGroupDir(264)) - 8941232b-d533-4e67-b9a7-e63de09e5ea8: found a subdirectory /home/runner/work/ozone/ozone/hadoop-ozone/integration-test/target/test-dir/MiniOzoneClusterImpl-1af845c4-9ad0-4304-ad21-7f4426eccdbd/datanode-13/data/ratis/tmp
2024-01-26 21:34:12,287 [8941232b-d533-4e67-b9a7-e63de09e5ea8-impl-thread1] INFO  server.RaftServer (RaftServerProxy.java:initGroupDir(269)) - 8941232b-d533-4e67-b9a7-e63de09e5ea8: The directory /home/runner/work/ozone/ozone/hadoop-ozone/integration-test/target/test-dir/MiniOzoneClusterImpl-1af845c4-9ad0-4304-ad21-7f4426eccdbd/datanode-13/data/ratis/tmp is not a group directory; ignoring it. 
2024-01-26 21:34:12,287 [main] INFO  replication.ReplicationServer (ReplicationServer.java:<init>(85)) - Initializing replication server with thread count = 10 queue length = 4096
2024-01-26 21:34:12,288 [main] INFO  server.XceiverServerGrpc (XceiverServerGrpc.java:<init>(141)) - GrpcServer channel type EpollServerSocketChannel
2024-01-26 21:34:12,289 [main] INFO  replication.ReplicationSupervisor (ReplicationSupervisor.java:build(163)) - Initializing replication supervisor with thread count = 10
2024-01-26 21:34:12,289 [main] INFO  replication.ReplicationSupervisor (ReplicationSupervisor.java:nodeStateUpdated(317)) - Node state updated to IN_SERVICE, scaling executor pool size to 10
2024-01-26 21:34:12,291 [main] INFO  http.BaseHttpServer (BaseHttpServer.java:newHttpServer2BuilderForOzone(223)) - Starting Web-server for hddsDatanode at: http://0.0.0.0:15126
2024-01-26 21:34:12,291 [main] INFO  http.BaseHttpServer (BaseHttpServer.java:<init>(110)) - Hadoop Security Enabled: false Ozone Security Enabled: false Ozone HTTP Security Enabled: false 
2024-01-26 21:34:12,293 [main] WARN  server.AuthenticationFilter (AuthenticationFilter.java:constructSecretProvider(240)) - Unable to initialize FileSignerSecretProvider, falling back to use random secrets. Reason: Could not read signature secret file: /home/runner/hadoop-http-auth-signature-secret
2024-01-26 21:34:12,295 [main] INFO  http.HttpRequestLog (HttpRequestLog.java:getRequestLog(86)) - Http request log for http.requests.hddsDatanode is not defined
2024-01-26 21:34:12,296 [main] INFO  http.HttpServer2 (HttpServer2.java:addGlobalFilter(1036)) - Added global filter 'safety' (class=org.apache.hadoop.hdds.server.http.HttpServer2$QuotingInputFilter)
2024-01-26 21:34:12,297 [main] INFO  http.HttpServer2 (HttpServer2.java:addFilter(1012)) - Added filter static_user_filter (class=org.apache.hadoop.http.lib.StaticUserWebFilter$StaticUserFilter) to context hddsDatanode
2024-01-26 21:34:12,297 [main] INFO  http.HttpServer2 (HttpServer2.java:addFilter(1020)) - Added filter static_user_filter (class=org.apache.hadoop.http.lib.StaticUserWebFilter$StaticUserFilter) to context logs
2024-01-26 21:34:12,297 [main] INFO  http.HttpServer2 (HttpServer2.java:addFilter(1020)) - Added filter static_user_filter (class=org.apache.hadoop.http.lib.StaticUserWebFilter$StaticUserFilter) to context static
2024-01-26 21:34:12,298 [main] INFO  http.BaseHttpServer (BaseHttpServer.java:<init>(189)) - HTTP server of hddsDatanode uses base directory /home/runner/work/ozone/ozone/hadoop-ozone/integration-test/target/test-dir/MiniOzoneClusterImpl-1af845c4-9ad0-4304-ad21-7f4426eccdbd/datanode-13/meta/webserver
2024-01-26 21:34:12,298 [main] INFO  http.HttpServer2 (HttpServer2.java:bindListener(1236)) - Jetty bound to port 15126
2024-01-26 21:34:12,299 [main] INFO  server.Server (Server.java:doStart(375)) - jetty-9.4.53.v20231009; built: 2023-10-09T12:29:09.265Z; git: 27bde00a0b95a1d5bbee0eae7984f891d2d0f8c9; jvm 1.8.0_392-b08
2024-01-26 21:34:12,304 [main] INFO  server.session (DefaultSessionIdManager.java:doStart(334)) - DefaultSessionIdManager workerName=node0
2024-01-26 21:34:12,304 [main] INFO  server.session (DefaultSessionIdManager.java:doStart(339)) - No SessionScavenger set, using defaults
2024-01-26 21:34:12,304 [main] INFO  server.session (HouseKeeper.java:startScavenging(132)) - node0 Scavenging every 660000ms
2024-01-26 21:34:12,305 [main] INFO  handler.ContextHandler (ContextHandler.java:doStart(921)) - Started o.e.j.s.ServletContextHandler@4eac763c{logs,/logs,file:///home/runner/work/ozone/ozone/hadoop-ozone/integration-test/target/log,AVAILABLE}
2024-01-26 21:34:12,305 [main] INFO  handler.ContextHandler (ContextHandler.java:doStart(921)) - Started o.e.j.s.ServletContextHandler@722a04ae{static,/static,jar:file:/home/runner/.m2/repository/org/apache/ozone/hdds-container-service/1.5.0-SNAPSHOT/hdds-container-service-1.5.0-SNAPSHOT.jar!/webapps/static,AVAILABLE}
2024-01-26 21:34:12,341 [main] INFO  handler.ContextHandler (ContextHandler.java:doStart(921)) - Started o.e.j.w.WebAppContext@27a8c0f3{hddsDatanode,/,file:///home/runner/work/ozone/ozone/hadoop-ozone/integration-test/target/test-dir/MiniOzoneClusterImpl-1af845c4-9ad0-4304-ad21-7f4426eccdbd/datanode-13/meta/webserver/jetty-0_0_0_0-15126-hdds-container-service-1_5_0-SNAPSHOT_jar-_-any-2019716456404795812/webapp/,AVAILABLE}{jar:file:/home/runner/.m2/repository/org/apache/ozone/hdds-container-service/1.5.0-SNAPSHOT/hdds-container-service-1.5.0-SNAPSHOT.jar!/webapps/hddsDatanode}
2024-01-26 21:34:12,343 [main] INFO  server.AbstractConnector (AbstractConnector.java:doStart(333)) - Started ServerConnector@222b24dd{HTTP/1.1, (http/1.1)}{0.0.0.0:15126}
2024-01-26 21:34:12,344 [main] INFO  server.Server (Server.java:doStart(415)) - Started @9512ms
2024-01-26 21:34:12,344 [main] WARN  impl.MetricsSystemImpl (MetricsSystemImpl.java:register(279)) - Sink prometheus already exists!
2024-01-26 21:34:12,345 [main] INFO  http.BaseHttpServer (BaseHttpServer.java:updateConnectorAddress(354)) - HTTP server of hddsDatanode listening at http://0.0.0.0:15126
2024-01-26 21:34:12,345 [main] INFO  ipc.CallQueueManager (CallQueueManager.java:<init>(90)) - Using callQueue: class java.util.concurrent.LinkedBlockingQueue, queueCapacity: 100, scheduler: class org.apache.hadoop.ipc.DefaultRpcScheduler, ipcBackoff: false.
2024-01-26 21:34:12,345 [main] INFO  ipc.Server (Server.java:<init>(1287)) - Listener at 0.0.0.0:15127
2024-01-26 21:34:12,346 [Socket Reader #1 for port 15127] INFO  ipc.Server (Server.java:run(1323)) - Starting Socket Reader #1 for port 15127
2024-01-26 21:34:12,351 [main] INFO  ozone.HddsDatanodeService (HddsDatanodeService.java:start(324)) - Datanode start with admins: [runner]
2024-01-26 21:34:12,351 [main] INFO  ozone.HddsDatanodeClientProtocolServer (HddsDatanodeClientProtocolServer.java:start(72)) - RPC server for Client /0.0.0.0:15127
2024-01-26 21:34:12,351 [IPC Server Responder] INFO  ipc.Server (Server.java:run(1562)) - IPC Server Responder: starting
2024-01-26 21:34:12,351 [IPC Server listener on 15127] INFO  ipc.Server (Server.java:run(1402)) - IPC Server listener on 15127: starting
2024-01-26 21:34:12,359 [8941232b-d533-4e67-b9a7-e63de09e5ea8-DatanodeStateMachineDaemonThread] INFO  statemachine.DatanodeStateMachine (DatanodeStateMachine.java:lambda$startDaemon$1(555)) - Ozone container server started.
2024-01-26 21:34:12,361 [main] INFO  om.OzoneManager (OzoneManager.java:startSecretManager(1106)) - Starting secret key client.
2024-01-26 21:34:12,361 [main] INFO  om.OzoneManager (OzoneManager.java:startSecretManager(1117)) - Starting OM delegation token secret manager
2024-01-26 21:34:12,361 [main] INFO  security.OzoneDelegationTokenSecretManager (OzoneSecretManager.java:updateCurrentKey(175)) - Updating current master key for generating tokens. Cert id 970225538815
2024-01-26 21:34:12,364 [om1-ExpiredTokenRemover] INFO  security.OzoneDelegationTokenSecretManager (OzoneDelegationTokenSecretManager.java:run(621)) - Starting expired delegation token remover thread, tokenRemoverScanInterval=60 min(s)
2024-01-26 21:34:12,365 [main] INFO  ozone.MiniOzoneClusterImpl (MiniOzoneClusterImpl.java:lambda$waitForClusterToBeReady$0(229)) - Waiting for nodes to be ready. Got 0 of 14 DN Heartbeats.
2024-01-26 21:34:12,365 [main] INFO  ozone.MiniOzoneClusterImpl (MiniOzoneClusterImpl.java:lambda$waitForClusterToBeReady$0(232)) - Waiting for cluster to exit safe mode
2024-01-26 21:34:12,365 [main] INFO  ozone.MiniOzoneClusterImpl (MiniOzoneClusterImpl.java:lambda$waitForClusterToBeReady$0(234)) - SCM became leader
2024-01-26 21:34:12,366 [8941232b-d533-4e67-b9a7-e63de09e5ea8-DatanodeStateMachineTaskThread-0] INFO  datanode.InitDatanodeState (InitDatanodeState.java:persistContainerDatanodeDetails(139)) - DatanodeDetails is persisted to /home/runner/work/ozone/ozone/hadoop-ozone/integration-test/target/test-dir/MiniOzoneClusterImpl-1af845c4-9ad0-4304-ad21-7f4426eccdbd/datanode-13/meta/datanode.id
2024-01-26 21:34:12,837 [67e21e31-4dca-48e2-85b4-2f4b1b69db84-EndpointStateMachineTaskThread-/0.0.0.0:15002-0 ] INFO  utils.DatanodeStoreCache (DatanodeStoreCache.java:addDB(72)) - Added db /home/runner/work/ozone/ozone/hadoop-ozone/integration-test/target/test-dir/MiniOzoneClusterImpl-1af845c4-9ad0-4304-ad21-7f4426eccdbd/datanode-0/data-0/containers/hdds/1af845c4-9ad0-4304-ad21-7f4426eccdbd/DS-0f0543b3-ba65-40cb-946b-781bedd2bebe/container.db to cache
2024-01-26 21:34:12,838 [67e21e31-4dca-48e2-85b4-2f4b1b69db84-EndpointStateMachineTaskThread-/0.0.0.0:15002-0 ] INFO  volume.HddsVolume (HddsVolume.java:createDbStore(420)) - SchemaV3 db is created and loaded at /home/runner/work/ozone/ozone/hadoop-ozone/integration-test/target/test-dir/MiniOzoneClusterImpl-1af845c4-9ad0-4304-ad21-7f4426eccdbd/datanode-0/data-0/containers/hdds/1af845c4-9ad0-4304-ad21-7f4426eccdbd/DS-0f0543b3-ba65-40cb-946b-781bedd2bebe/container.db for volume DS-0f0543b3-ba65-40cb-946b-781bedd2bebe
2024-01-26 21:34:12,840 [67e21e31-4dca-48e2-85b4-2f4b1b69db84-EndpointStateMachineTaskThread-/0.0.0.0:15002-0 ] INFO  volume.ThrottledAsyncChecker (ThrottledAsyncChecker.java:schedule(141)) - Scheduling a check for /home/runner/work/ozone/ozone/hadoop-ozone/integration-test/target/test-dir/MiniOzoneClusterImpl-1af845c4-9ad0-4304-ad21-7f4426eccdbd/datanode-0/data-0/containers/hdds
2024-01-26 21:34:12,851 [67e21e31-4dca-48e2-85b4-2f4b1b69db84-EndpointStateMachineTaskThread-/0.0.0.0:15002-0 ] INFO  volume.StorageVolumeChecker (StorageVolumeChecker.java:checkAllVolumes(218)) - Scheduled health check for volume /home/runner/work/ozone/ozone/hadoop-ozone/integration-test/target/test-dir/MiniOzoneClusterImpl-1af845c4-9ad0-4304-ad21-7f4426eccdbd/datanode-0/data-0/containers/hdds
2024-01-26 21:34:12,853 [67e21e31-4dca-48e2-85b4-2f4b1b69db84-EndpointStateMachineTaskThread-/0.0.0.0:15002-0 ] INFO  volume.ThrottledAsyncChecker (ThrottledAsyncChecker.java:schedule(141)) - Scheduling a check for /home/runner/work/ozone/ozone/hadoop-ozone/integration-test/target/test-dir/MiniOzoneClusterImpl-1af845c4-9ad0-4304-ad21-7f4426eccdbd/datanode-0/data/ratis
2024-01-26 21:34:12,853 [67e21e31-4dca-48e2-85b4-2f4b1b69db84-EndpointStateMachineTaskThread-/0.0.0.0:15002-0 ] INFO  volume.StorageVolumeChecker (StorageVolumeChecker.java:checkAllVolumes(218)) - Scheduled health check for volume /home/runner/work/ozone/ozone/hadoop-ozone/integration-test/target/test-dir/MiniOzoneClusterImpl-1af845c4-9ad0-4304-ad21-7f4426eccdbd/datanode-0/data/ratis
2024-01-26 21:34:12,855 [67e21e31-4dca-48e2-85b4-2f4b1b69db84-EndpointStateMachineTaskThread-/0.0.0.0:15002-0 ] INFO  ozoneimpl.OzoneContainer (OzoneContainer.java:start(457)) - Attempting to start container services.
2024-01-26 21:34:12,856 [67e21e31-4dca-48e2-85b4-2f4b1b69db84-EndpointStateMachineTaskThread-/0.0.0.0:15002-0 ] INFO  ozoneimpl.OzoneContainer (OzoneContainer.java:startContainerScrub(339)) - Scheduled background container scanners and the on-demand container scanner have been disabled.
2024-01-26 21:34:12,858 [67e21e31-4dca-48e2-85b4-2f4b1b69db84-EndpointStateMachineTaskThread-/0.0.0.0:15002-0 ] INFO  replication.ReplicationServer (ReplicationServer.java:start(139)) - ReplicationServer is started using port 15016
2024-01-26 21:34:12,859 [67e21e31-4dca-48e2-85b4-2f4b1b69db84-EndpointStateMachineTaskThread-/0.0.0.0:15002-0 ] INFO  ratis.XceiverServerRatis (XceiverServerRatis.java:start(549)) - Starting XceiverServerRatis 67e21e31-4dca-48e2-85b4-2f4b1b69db84
2024-01-26 21:34:12,860 [67e21e31-4dca-48e2-85b4-2f4b1b69db84-EndpointStateMachineTaskThread-/0.0.0.0:15002-0 ] INFO  server.RaftServer (RaftServerProxy.java:startImpl(406)) - 67e21e31-4dca-48e2-85b4-2f4b1b69db84: start RPC server
2024-01-26 21:34:12,861 [67e21e31-4dca-48e2-85b4-2f4b1b69db84-EndpointStateMachineTaskThread-/0.0.0.0:15002-0 ] INFO  server.GrpcService (GrpcService.java:startImpl(302)) - 67e21e31-4dca-48e2-85b4-2f4b1b69db84: GrpcService started, listening on 15012
2024-01-26 21:34:12,863 [67e21e31-4dca-48e2-85b4-2f4b1b69db84-EndpointStateMachineTaskThread-/0.0.0.0:15002-0 ] INFO  server.GrpcService (GrpcService.java:startImpl(302)) - 67e21e31-4dca-48e2-85b4-2f4b1b69db84: GrpcService started, listening on 15014
2024-01-26 21:34:12,865 [67e21e31-4dca-48e2-85b4-2f4b1b69db84-EndpointStateMachineTaskThread-/0.0.0.0:15002-0 ] INFO  server.GrpcService (GrpcService.java:startImpl(302)) - 67e21e31-4dca-48e2-85b4-2f4b1b69db84: GrpcService started, listening on 15013
2024-01-26 21:34:12,865 [JvmPauseMonitor2] INFO  util.JvmPauseMonitor (JvmPauseMonitor.java:run(146)) - JvmPauseMonitor-67e21e31-4dca-48e2-85b4-2f4b1b69db84: Started
2024-01-26 21:34:12,866 [67e21e31-4dca-48e2-85b4-2f4b1b69db84-EndpointStateMachineTaskThread-/0.0.0.0:15002-0 ] INFO  ratis.XceiverServerRatis (XceiverServerRatis.java:getRealPort(575)) - XceiverServerRatis 67e21e31-4dca-48e2-85b4-2f4b1b69db84 is started using port 15012 for RATIS
2024-01-26 21:34:12,866 [67e21e31-4dca-48e2-85b4-2f4b1b69db84-EndpointStateMachineTaskThread-/0.0.0.0:15002-0 ] INFO  ratis.XceiverServerRatis (XceiverServerRatis.java:getRealPort(575)) - XceiverServerRatis 67e21e31-4dca-48e2-85b4-2f4b1b69db84 is started using port 15013 for RATIS_ADMIN
2024-01-26 21:34:12,866 [67e21e31-4dca-48e2-85b4-2f4b1b69db84-EndpointStateMachineTaskThread-/0.0.0.0:15002-0 ] INFO  ratis.XceiverServerRatis (XceiverServerRatis.java:getRealPort(575)) - XceiverServerRatis 67e21e31-4dca-48e2-85b4-2f4b1b69db84 is started using port 15014 for RATIS_SERVER
2024-01-26 21:34:12,866 [67e21e31-4dca-48e2-85b4-2f4b1b69db84-EndpointStateMachineTaskThread-/0.0.0.0:15002-0 ] INFO  ratis.XceiverServerRatis (XceiverServerRatis.java:getRealPort(575)) - XceiverServerRatis 67e21e31-4dca-48e2-85b4-2f4b1b69db84 is started using port 15015 for RATIS_DATASTREAM
2024-01-26 21:34:12,874 [67e21e31-4dca-48e2-85b4-2f4b1b69db84-BlockDeletingService#0] INFO  interfaces.ContainerDeletionChoosingPolicyTemplate (ContainerDeletionChoosingPolicyTemplate.java:chooseContainerForBlockDeletion(85)) - Chosen 0/5000 blocks from 0 candidate containers.
2024-01-26 21:34:12,898 [a4a3addc-657d-412b-928e-3d6f899db221-EndpointStateMachineTaskThread-/0.0.0.0:15002-0 ] INFO  utils.DatanodeStoreCache (DatanodeStoreCache.java:addDB(72)) - Added db /home/runner/work/ozone/ozone/hadoop-ozone/integration-test/target/test-dir/MiniOzoneClusterImpl-1af845c4-9ad0-4304-ad21-7f4426eccdbd/datanode-1/data-0/containers/hdds/1af845c4-9ad0-4304-ad21-7f4426eccdbd/DS-85d5cc50-ca61-45ab-8fa6-dceea690af40/container.db to cache
2024-01-26 21:34:12,899 [a4a3addc-657d-412b-928e-3d6f899db221-EndpointStateMachineTaskThread-/0.0.0.0:15002-0 ] INFO  volume.HddsVolume (HddsVolume.java:createDbStore(420)) - SchemaV3 db is created and loaded at /home/runner/work/ozone/ozone/hadoop-ozone/integration-test/target/test-dir/MiniOzoneClusterImpl-1af845c4-9ad0-4304-ad21-7f4426eccdbd/datanode-1/data-0/containers/hdds/1af845c4-9ad0-4304-ad21-7f4426eccdbd/DS-85d5cc50-ca61-45ab-8fa6-dceea690af40/container.db for volume DS-85d5cc50-ca61-45ab-8fa6-dceea690af40
2024-01-26 21:34:12,900 [a4a3addc-657d-412b-928e-3d6f899db221-EndpointStateMachineTaskThread-/0.0.0.0:15002-0 ] INFO  volume.ThrottledAsyncChecker (ThrottledAsyncChecker.java:schedule(141)) - Scheduling a check for /home/runner/work/ozone/ozone/hadoop-ozone/integration-test/target/test-dir/MiniOzoneClusterImpl-1af845c4-9ad0-4304-ad21-7f4426eccdbd/datanode-1/data-0/containers/hdds
2024-01-26 21:34:12,901 [a4a3addc-657d-412b-928e-3d6f899db221-EndpointStateMachineTaskThread-/0.0.0.0:15002-0 ] INFO  volume.StorageVolumeChecker (StorageVolumeChecker.java:checkAllVolumes(218)) - Scheduled health check for volume /home/runner/work/ozone/ozone/hadoop-ozone/integration-test/target/test-dir/MiniOzoneClusterImpl-1af845c4-9ad0-4304-ad21-7f4426eccdbd/datanode-1/data-0/containers/hdds
2024-01-26 21:34:12,903 [a4a3addc-657d-412b-928e-3d6f899db221-EndpointStateMachineTaskThread-/0.0.0.0:15002-0 ] INFO  volume.ThrottledAsyncChecker (ThrottledAsyncChecker.java:schedule(141)) - Scheduling a check for /home/runner/work/ozone/ozone/hadoop-ozone/integration-test/target/test-dir/MiniOzoneClusterImpl-1af845c4-9ad0-4304-ad21-7f4426eccdbd/datanode-1/data/ratis
2024-01-26 21:34:12,903 [a4a3addc-657d-412b-928e-3d6f899db221-EndpointStateMachineTaskThread-/0.0.0.0:15002-0 ] INFO  volume.StorageVolumeChecker (StorageVolumeChecker.java:checkAllVolumes(218)) - Scheduled health check for volume /home/runner/work/ozone/ozone/hadoop-ozone/integration-test/target/test-dir/MiniOzoneClusterImpl-1af845c4-9ad0-4304-ad21-7f4426eccdbd/datanode-1/data/ratis
2024-01-26 21:34:12,903 [a4a3addc-657d-412b-928e-3d6f899db221-EndpointStateMachineTaskThread-/0.0.0.0:15002-0 ] INFO  ozoneimpl.OzoneContainer (OzoneContainer.java:start(457)) - Attempting to start container services.
2024-01-26 21:34:12,904 [a4a3addc-657d-412b-928e-3d6f899db221-EndpointStateMachineTaskThread-/0.0.0.0:15002-0 ] INFO  ozoneimpl.OzoneContainer (OzoneContainer.java:startContainerScrub(339)) - Scheduled background container scanners and the on-demand container scanner have been disabled.
2024-01-26 21:34:12,905 [a4a3addc-657d-412b-928e-3d6f899db221-EndpointStateMachineTaskThread-/0.0.0.0:15002-0 ] INFO  replication.ReplicationServer (ReplicationServer.java:start(139)) - ReplicationServer is started using port 15025
2024-01-26 21:34:12,905 [a4a3addc-657d-412b-928e-3d6f899db221-EndpointStateMachineTaskThread-/0.0.0.0:15002-0 ] INFO  ratis.XceiverServerRatis (XceiverServerRatis.java:start(549)) - Starting XceiverServerRatis a4a3addc-657d-412b-928e-3d6f899db221
2024-01-26 21:34:12,908 [a4a3addc-657d-412b-928e-3d6f899db221-EndpointStateMachineTaskThread-/0.0.0.0:15002-0 ] INFO  server.RaftServer (RaftServerProxy.java:startImpl(406)) - a4a3addc-657d-412b-928e-3d6f899db221: start RPC server
2024-01-26 21:34:12,910 [a4a3addc-657d-412b-928e-3d6f899db221-EndpointStateMachineTaskThread-/0.0.0.0:15002-0 ] INFO  server.GrpcService (GrpcService.java:startImpl(302)) - a4a3addc-657d-412b-928e-3d6f899db221: GrpcService started, listening on 15021
2024-01-26 21:34:12,911 [a4a3addc-657d-412b-928e-3d6f899db221-EndpointStateMachineTaskThread-/0.0.0.0:15002-0 ] INFO  server.GrpcService (GrpcService.java:startImpl(302)) - a4a3addc-657d-412b-928e-3d6f899db221: GrpcService started, listening on 15023
2024-01-26 21:34:12,914 [a4a3addc-657d-412b-928e-3d6f899db221-EndpointStateMachineTaskThread-/0.0.0.0:15002-0 ] INFO  server.GrpcService (GrpcService.java:startImpl(302)) - a4a3addc-657d-412b-928e-3d6f899db221: GrpcService started, listening on 15022
2024-01-26 21:34:12,914 [a4a3addc-657d-412b-928e-3d6f899db221-EndpointStateMachineTaskThread-/0.0.0.0:15002-0 ] INFO  ratis.XceiverServerRatis (XceiverServerRatis.java:getRealPort(575)) - XceiverServerRatis a4a3addc-657d-412b-928e-3d6f899db221 is started using port 15021 for RATIS
2024-01-26 21:34:12,914 [JvmPauseMonitor3] INFO  util.JvmPauseMonitor (JvmPauseMonitor.java:run(146)) - JvmPauseMonitor-a4a3addc-657d-412b-928e-3d6f899db221: Started
2024-01-26 21:34:12,915 [a4a3addc-657d-412b-928e-3d6f899db221-EndpointStateMachineTaskThread-/0.0.0.0:15002-0 ] INFO  ratis.XceiverServerRatis (XceiverServerRatis.java:getRealPort(575)) - XceiverServerRatis a4a3addc-657d-412b-928e-3d6f899db221 is started using port 15022 for RATIS_ADMIN
2024-01-26 21:34:12,915 [a4a3addc-657d-412b-928e-3d6f899db221-EndpointStateMachineTaskThread-/0.0.0.0:15002-0 ] INFO  ratis.XceiverServerRatis (XceiverServerRatis.java:getRealPort(575)) - XceiverServerRatis a4a3addc-657d-412b-928e-3d6f899db221 is started using port 15023 for RATIS_SERVER
2024-01-26 21:34:12,915 [a4a3addc-657d-412b-928e-3d6f899db221-EndpointStateMachineTaskThread-/0.0.0.0:15002-0 ] INFO  ratis.XceiverServerRatis (XceiverServerRatis.java:getRealPort(575)) - XceiverServerRatis a4a3addc-657d-412b-928e-3d6f899db221 is started using port 15024 for RATIS_DATASTREAM
2024-01-26 21:34:12,918 [a4a3addc-657d-412b-928e-3d6f899db221-BlockDeletingService#0] INFO  interfaces.ContainerDeletionChoosingPolicyTemplate (ContainerDeletionChoosingPolicyTemplate.java:chooseContainerForBlockDeletion(85)) - Chosen 0/5000 blocks from 0 candidate containers.
2024-01-26 21:34:13,045 [c424f152-b0b1-403f-ad43-57b6eddc8681-EndpointStateMachineTaskThread-/0.0.0.0:15002-0 ] INFO  utils.DatanodeStoreCache (DatanodeStoreCache.java:addDB(72)) - Added db /home/runner/work/ozone/ozone/hadoop-ozone/integration-test/target/test-dir/MiniOzoneClusterImpl-1af845c4-9ad0-4304-ad21-7f4426eccdbd/datanode-2/data-0/containers/hdds/1af845c4-9ad0-4304-ad21-7f4426eccdbd/DS-dadf27e8-6a78-4d07-85af-36f428eced0f/container.db to cache
2024-01-26 21:34:13,045 [c424f152-b0b1-403f-ad43-57b6eddc8681-EndpointStateMachineTaskThread-/0.0.0.0:15002-0 ] INFO  volume.HddsVolume (HddsVolume.java:createDbStore(420)) - SchemaV3 db is created and loaded at /home/runner/work/ozone/ozone/hadoop-ozone/integration-test/target/test-dir/MiniOzoneClusterImpl-1af845c4-9ad0-4304-ad21-7f4426eccdbd/datanode-2/data-0/containers/hdds/1af845c4-9ad0-4304-ad21-7f4426eccdbd/DS-dadf27e8-6a78-4d07-85af-36f428eced0f/container.db for volume DS-dadf27e8-6a78-4d07-85af-36f428eced0f
2024-01-26 21:34:13,047 [c424f152-b0b1-403f-ad43-57b6eddc8681-EndpointStateMachineTaskThread-/0.0.0.0:15002-0 ] INFO  volume.ThrottledAsyncChecker (ThrottledAsyncChecker.java:schedule(141)) - Scheduling a check for /home/runner/work/ozone/ozone/hadoop-ozone/integration-test/target/test-dir/MiniOzoneClusterImpl-1af845c4-9ad0-4304-ad21-7f4426eccdbd/datanode-2/data-0/containers/hdds
2024-01-26 21:34:13,047 [c424f152-b0b1-403f-ad43-57b6eddc8681-EndpointStateMachineTaskThread-/0.0.0.0:15002-0 ] INFO  volume.StorageVolumeChecker (StorageVolumeChecker.java:checkAllVolumes(218)) - Scheduled health check for volume /home/runner/work/ozone/ozone/hadoop-ozone/integration-test/target/test-dir/MiniOzoneClusterImpl-1af845c4-9ad0-4304-ad21-7f4426eccdbd/datanode-2/data-0/containers/hdds
2024-01-26 21:34:13,049 [c424f152-b0b1-403f-ad43-57b6eddc8681-EndpointStateMachineTaskThread-/0.0.0.0:15002-0 ] INFO  volume.ThrottledAsyncChecker (ThrottledAsyncChecker.java:schedule(141)) - Scheduling a check for /home/runner/work/ozone/ozone/hadoop-ozone/integration-test/target/test-dir/MiniOzoneClusterImpl-1af845c4-9ad0-4304-ad21-7f4426eccdbd/datanode-2/data/ratis
2024-01-26 21:34:13,049 [c424f152-b0b1-403f-ad43-57b6eddc8681-EndpointStateMachineTaskThread-/0.0.0.0:15002-0 ] INFO  volume.StorageVolumeChecker (StorageVolumeChecker.java:checkAllVolumes(218)) - Scheduled health check for volume /home/runner/work/ozone/ozone/hadoop-ozone/integration-test/target/test-dir/MiniOzoneClusterImpl-1af845c4-9ad0-4304-ad21-7f4426eccdbd/datanode-2/data/ratis
2024-01-26 21:34:13,050 [c424f152-b0b1-403f-ad43-57b6eddc8681-EndpointStateMachineTaskThread-/0.0.0.0:15002-0 ] INFO  ozoneimpl.OzoneContainer (OzoneContainer.java:start(457)) - Attempting to start container services.
2024-01-26 21:34:13,050 [c424f152-b0b1-403f-ad43-57b6eddc8681-EndpointStateMachineTaskThread-/0.0.0.0:15002-0 ] INFO  ozoneimpl.OzoneContainer (OzoneContainer.java:startContainerScrub(339)) - Scheduled background container scanners and the on-demand container scanner have been disabled.
2024-01-26 21:34:13,052 [c424f152-b0b1-403f-ad43-57b6eddc8681-EndpointStateMachineTaskThread-/0.0.0.0:15002-0 ] INFO  replication.ReplicationServer (ReplicationServer.java:start(139)) - ReplicationServer is started using port 15034
2024-01-26 21:34:13,052 [c424f152-b0b1-403f-ad43-57b6eddc8681-EndpointStateMachineTaskThread-/0.0.0.0:15002-0 ] INFO  ratis.XceiverServerRatis (XceiverServerRatis.java:start(549)) - Starting XceiverServerRatis c424f152-b0b1-403f-ad43-57b6eddc8681
2024-01-26 21:34:13,053 [c424f152-b0b1-403f-ad43-57b6eddc8681-EndpointStateMachineTaskThread-/0.0.0.0:15002-0 ] INFO  server.RaftServer (RaftServerProxy.java:startImpl(406)) - c424f152-b0b1-403f-ad43-57b6eddc8681: start RPC server
2024-01-26 21:34:13,054 [c424f152-b0b1-403f-ad43-57b6eddc8681-EndpointStateMachineTaskThread-/0.0.0.0:15002-0 ] INFO  server.GrpcService (GrpcService.java:startImpl(302)) - c424f152-b0b1-403f-ad43-57b6eddc8681: GrpcService started, listening on 15030
2024-01-26 21:34:13,056 [c424f152-b0b1-403f-ad43-57b6eddc8681-EndpointStateMachineTaskThread-/0.0.0.0:15002-0 ] INFO  server.GrpcService (GrpcService.java:startImpl(302)) - c424f152-b0b1-403f-ad43-57b6eddc8681: GrpcService started, listening on 15032
2024-01-26 21:34:13,058 [c424f152-b0b1-403f-ad43-57b6eddc8681-EndpointStateMachineTaskThread-/0.0.0.0:15002-0 ] INFO  server.GrpcService (GrpcService.java:startImpl(302)) - c424f152-b0b1-403f-ad43-57b6eddc8681: GrpcService started, listening on 15031
2024-01-26 21:34:13,058 [c424f152-b0b1-403f-ad43-57b6eddc8681-EndpointStateMachineTaskThread-/0.0.0.0:15002-0 ] INFO  ratis.XceiverServerRatis (XceiverServerRatis.java:getRealPort(575)) - XceiverServerRatis c424f152-b0b1-403f-ad43-57b6eddc8681 is started using port 15030 for RATIS
2024-01-26 21:34:13,058 [JvmPauseMonitor4] INFO  util.JvmPauseMonitor (JvmPauseMonitor.java:run(146)) - JvmPauseMonitor-c424f152-b0b1-403f-ad43-57b6eddc8681: Started
2024-01-26 21:34:13,058 [c424f152-b0b1-403f-ad43-57b6eddc8681-EndpointStateMachineTaskThread-/0.0.0.0:15002-0 ] INFO  ratis.XceiverServerRatis (XceiverServerRatis.java:getRealPort(575)) - XceiverServerRatis c424f152-b0b1-403f-ad43-57b6eddc8681 is started using port 15031 for RATIS_ADMIN
2024-01-26 21:34:13,059 [c424f152-b0b1-403f-ad43-57b6eddc8681-EndpointStateMachineTaskThread-/0.0.0.0:15002-0 ] INFO  ratis.XceiverServerRatis (XceiverServerRatis.java:getRealPort(575)) - XceiverServerRatis c424f152-b0b1-403f-ad43-57b6eddc8681 is started using port 15032 for RATIS_SERVER
2024-01-26 21:34:13,059 [c424f152-b0b1-403f-ad43-57b6eddc8681-EndpointStateMachineTaskThread-/0.0.0.0:15002-0 ] INFO  ratis.XceiverServerRatis (XceiverServerRatis.java:getRealPort(575)) - XceiverServerRatis c424f152-b0b1-403f-ad43-57b6eddc8681 is started using port 15033 for RATIS_DATASTREAM
2024-01-26 21:34:13,062 [c424f152-b0b1-403f-ad43-57b6eddc8681-BlockDeletingService#0] INFO  interfaces.ContainerDeletionChoosingPolicyTemplate (ContainerDeletionChoosingPolicyTemplate.java:chooseContainerForBlockDeletion(85)) - Chosen 0/5000 blocks from 0 candidate containers.
2024-01-26 21:34:13,193 [4166fb02-ca0d-4de6-a961-378c6a3b2890-EndpointStateMachineTaskThread-/0.0.0.0:15002-0 ] INFO  utils.DatanodeStoreCache (DatanodeStoreCache.java:addDB(72)) - Added db /home/runner/work/ozone/ozone/hadoop-ozone/integration-test/target/test-dir/MiniOzoneClusterImpl-1af845c4-9ad0-4304-ad21-7f4426eccdbd/datanode-3/data-0/containers/hdds/1af845c4-9ad0-4304-ad21-7f4426eccdbd/DS-e6859af6-5ca7-4d96-aaf5-046c2f8b5230/container.db to cache
2024-01-26 21:34:13,193 [4166fb02-ca0d-4de6-a961-378c6a3b2890-EndpointStateMachineTaskThread-/0.0.0.0:15002-0 ] INFO  volume.HddsVolume (HddsVolume.java:createDbStore(420)) - SchemaV3 db is created and loaded at /home/runner/work/ozone/ozone/hadoop-ozone/integration-test/target/test-dir/MiniOzoneClusterImpl-1af845c4-9ad0-4304-ad21-7f4426eccdbd/datanode-3/data-0/containers/hdds/1af845c4-9ad0-4304-ad21-7f4426eccdbd/DS-e6859af6-5ca7-4d96-aaf5-046c2f8b5230/container.db for volume DS-e6859af6-5ca7-4d96-aaf5-046c2f8b5230
2024-01-26 21:34:13,195 [4166fb02-ca0d-4de6-a961-378c6a3b2890-EndpointStateMachineTaskThread-/0.0.0.0:15002-0 ] INFO  volume.ThrottledAsyncChecker (ThrottledAsyncChecker.java:schedule(141)) - Scheduling a check for /home/runner/work/ozone/ozone/hadoop-ozone/integration-test/target/test-dir/MiniOzoneClusterImpl-1af845c4-9ad0-4304-ad21-7f4426eccdbd/datanode-3/data-0/containers/hdds
2024-01-26 21:34:13,196 [4166fb02-ca0d-4de6-a961-378c6a3b2890-EndpointStateMachineTaskThread-/0.0.0.0:15002-0 ] INFO  volume.StorageVolumeChecker (StorageVolumeChecker.java:checkAllVolumes(218)) - Scheduled health check for volume /home/runner/work/ozone/ozone/hadoop-ozone/integration-test/target/test-dir/MiniOzoneClusterImpl-1af845c4-9ad0-4304-ad21-7f4426eccdbd/datanode-3/data-0/containers/hdds
2024-01-26 21:34:13,197 [4166fb02-ca0d-4de6-a961-378c6a3b2890-EndpointStateMachineTaskThread-/0.0.0.0:15002-0 ] INFO  volume.ThrottledAsyncChecker (ThrottledAsyncChecker.java:schedule(141)) - Scheduling a check for /home/runner/work/ozone/ozone/hadoop-ozone/integration-test/target/test-dir/MiniOzoneClusterImpl-1af845c4-9ad0-4304-ad21-7f4426eccdbd/datanode-3/data/ratis
2024-01-26 21:34:13,197 [4166fb02-ca0d-4de6-a961-378c6a3b2890-EndpointStateMachineTaskThread-/0.0.0.0:15002-0 ] INFO  volume.StorageVolumeChecker (StorageVolumeChecker.java:checkAllVolumes(218)) - Scheduled health check for volume /home/runner/work/ozone/ozone/hadoop-ozone/integration-test/target/test-dir/MiniOzoneClusterImpl-1af845c4-9ad0-4304-ad21-7f4426eccdbd/datanode-3/data/ratis
2024-01-26 21:34:13,198 [4166fb02-ca0d-4de6-a961-378c6a3b2890-EndpointStateMachineTaskThread-/0.0.0.0:15002-0 ] INFO  ozoneimpl.OzoneContainer (OzoneContainer.java:start(457)) - Attempting to start container services.
2024-01-26 21:34:13,198 [4166fb02-ca0d-4de6-a961-378c6a3b2890-EndpointStateMachineTaskThread-/0.0.0.0:15002-0 ] INFO  ozoneimpl.OzoneContainer (OzoneContainer.java:startContainerScrub(339)) - Scheduled background container scanners and the on-demand container scanner have been disabled.
2024-01-26 21:34:13,200 [4166fb02-ca0d-4de6-a961-378c6a3b2890-EndpointStateMachineTaskThread-/0.0.0.0:15002-0 ] INFO  replication.ReplicationServer (ReplicationServer.java:start(139)) - ReplicationServer is started using port 15043
2024-01-26 21:34:13,200 [4166fb02-ca0d-4de6-a961-378c6a3b2890-EndpointStateMachineTaskThread-/0.0.0.0:15002-0 ] INFO  ratis.XceiverServerRatis (XceiverServerRatis.java:start(549)) - Starting XceiverServerRatis 4166fb02-ca0d-4de6-a961-378c6a3b2890
2024-01-26 21:34:13,200 [4166fb02-ca0d-4de6-a961-378c6a3b2890-EndpointStateMachineTaskThread-/0.0.0.0:15002-0 ] INFO  server.RaftServer (RaftServerProxy.java:startImpl(406)) - 4166fb02-ca0d-4de6-a961-378c6a3b2890: start RPC server
2024-01-26 21:34:13,202 [4166fb02-ca0d-4de6-a961-378c6a3b2890-EndpointStateMachineTaskThread-/0.0.0.0:15002-0 ] INFO  server.GrpcService (GrpcService.java:startImpl(302)) - 4166fb02-ca0d-4de6-a961-378c6a3b2890: GrpcService started, listening on 15039
2024-01-26 21:34:13,204 [4166fb02-ca0d-4de6-a961-378c6a3b2890-EndpointStateMachineTaskThread-/0.0.0.0:15002-0 ] INFO  server.GrpcService (GrpcService.java:startImpl(302)) - 4166fb02-ca0d-4de6-a961-378c6a3b2890: GrpcService started, listening on 15041
2024-01-26 21:34:13,209 [4166fb02-ca0d-4de6-a961-378c6a3b2890-EndpointStateMachineTaskThread-/0.0.0.0:15002-0 ] INFO  server.GrpcService (GrpcService.java:startImpl(302)) - 4166fb02-ca0d-4de6-a961-378c6a3b2890: GrpcService started, listening on 15040
2024-01-26 21:34:13,210 [4166fb02-ca0d-4de6-a961-378c6a3b2890-EndpointStateMachineTaskThread-/0.0.0.0:15002-0 ] INFO  ratis.XceiverServerRatis (XceiverServerRatis.java:getRealPort(575)) - XceiverServerRatis 4166fb02-ca0d-4de6-a961-378c6a3b2890 is started using port 15039 for RATIS
2024-01-26 21:34:13,210 [JvmPauseMonitor5] INFO  util.JvmPauseMonitor (JvmPauseMonitor.java:run(146)) - JvmPauseMonitor-4166fb02-ca0d-4de6-a961-378c6a3b2890: Started
2024-01-26 21:34:13,210 [4166fb02-ca0d-4de6-a961-378c6a3b2890-EndpointStateMachineTaskThread-/0.0.0.0:15002-0 ] INFO  ratis.XceiverServerRatis (XceiverServerRatis.java:getRealPort(575)) - XceiverServerRatis 4166fb02-ca0d-4de6-a961-378c6a3b2890 is started using port 15040 for RATIS_ADMIN
2024-01-26 21:34:13,212 [4166fb02-ca0d-4de6-a961-378c6a3b2890-EndpointStateMachineTaskThread-/0.0.0.0:15002-0 ] INFO  ratis.XceiverServerRatis (XceiverServerRatis.java:getRealPort(575)) - XceiverServerRatis 4166fb02-ca0d-4de6-a961-378c6a3b2890 is started using port 15041 for RATIS_SERVER
2024-01-26 21:34:13,212 [4166fb02-ca0d-4de6-a961-378c6a3b2890-EndpointStateMachineTaskThread-/0.0.0.0:15002-0 ] INFO  ratis.XceiverServerRatis (XceiverServerRatis.java:getRealPort(575)) - XceiverServerRatis 4166fb02-ca0d-4de6-a961-378c6a3b2890 is started using port 15042 for RATIS_DATASTREAM
2024-01-26 21:34:13,215 [4166fb02-ca0d-4de6-a961-378c6a3b2890-BlockDeletingService#0] INFO  interfaces.ContainerDeletionChoosingPolicyTemplate (ContainerDeletionChoosingPolicyTemplate.java:chooseContainerForBlockDeletion(85)) - Chosen 0/5000 blocks from 0 candidate containers.
2024-01-26 21:34:13,348 [209e1d4e-6bc3-40d2-a53c-4015c1ab1ac0-EndpointStateMachineTaskThread-/0.0.0.0:15002-0 ] INFO  utils.DatanodeStoreCache (DatanodeStoreCache.java:addDB(72)) - Added db /home/runner/work/ozone/ozone/hadoop-ozone/integration-test/target/test-dir/MiniOzoneClusterImpl-1af845c4-9ad0-4304-ad21-7f4426eccdbd/datanode-4/data-0/containers/hdds/1af845c4-9ad0-4304-ad21-7f4426eccdbd/DS-e95e7863-0109-4abf-baed-58e87abfdf98/container.db to cache
2024-01-26 21:34:13,348 [209e1d4e-6bc3-40d2-a53c-4015c1ab1ac0-EndpointStateMachineTaskThread-/0.0.0.0:15002-0 ] INFO  volume.HddsVolume (HddsVolume.java:createDbStore(420)) - SchemaV3 db is created and loaded at /home/runner/work/ozone/ozone/hadoop-ozone/integration-test/target/test-dir/MiniOzoneClusterImpl-1af845c4-9ad0-4304-ad21-7f4426eccdbd/datanode-4/data-0/containers/hdds/1af845c4-9ad0-4304-ad21-7f4426eccdbd/DS-e95e7863-0109-4abf-baed-58e87abfdf98/container.db for volume DS-e95e7863-0109-4abf-baed-58e87abfdf98
2024-01-26 21:34:13,350 [209e1d4e-6bc3-40d2-a53c-4015c1ab1ac0-EndpointStateMachineTaskThread-/0.0.0.0:15002-0 ] INFO  volume.ThrottledAsyncChecker (ThrottledAsyncChecker.java:schedule(141)) - Scheduling a check for /home/runner/work/ozone/ozone/hadoop-ozone/integration-test/target/test-dir/MiniOzoneClusterImpl-1af845c4-9ad0-4304-ad21-7f4426eccdbd/datanode-4/data-0/containers/hdds
2024-01-26 21:34:13,350 [209e1d4e-6bc3-40d2-a53c-4015c1ab1ac0-EndpointStateMachineTaskThread-/0.0.0.0:15002-0 ] INFO  volume.StorageVolumeChecker (StorageVolumeChecker.java:checkAllVolumes(218)) - Scheduled health check for volume /home/runner/work/ozone/ozone/hadoop-ozone/integration-test/target/test-dir/MiniOzoneClusterImpl-1af845c4-9ad0-4304-ad21-7f4426eccdbd/datanode-4/data-0/containers/hdds
2024-01-26 21:34:13,353 [209e1d4e-6bc3-40d2-a53c-4015c1ab1ac0-EndpointStateMachineTaskThread-/0.0.0.0:15002-0 ] INFO  volume.ThrottledAsyncChecker (ThrottledAsyncChecker.java:schedule(141)) - Scheduling a check for /home/runner/work/ozone/ozone/hadoop-ozone/integration-test/target/test-dir/MiniOzoneClusterImpl-1af845c4-9ad0-4304-ad21-7f4426eccdbd/datanode-4/data/ratis
2024-01-26 21:34:13,353 [209e1d4e-6bc3-40d2-a53c-4015c1ab1ac0-EndpointStateMachineTaskThread-/0.0.0.0:15002-0 ] INFO  volume.StorageVolumeChecker (StorageVolumeChecker.java:checkAllVolumes(218)) - Scheduled health check for volume /home/runner/work/ozone/ozone/hadoop-ozone/integration-test/target/test-dir/MiniOzoneClusterImpl-1af845c4-9ad0-4304-ad21-7f4426eccdbd/datanode-4/data/ratis
2024-01-26 21:34:13,354 [209e1d4e-6bc3-40d2-a53c-4015c1ab1ac0-EndpointStateMachineTaskThread-/0.0.0.0:15002-0 ] INFO  ozoneimpl.OzoneContainer (OzoneContainer.java:start(457)) - Attempting to start container services.
2024-01-26 21:34:13,354 [209e1d4e-6bc3-40d2-a53c-4015c1ab1ac0-EndpointStateMachineTaskThread-/0.0.0.0:15002-0 ] INFO  ozoneimpl.OzoneContainer (OzoneContainer.java:startContainerScrub(339)) - Scheduled background container scanners and the on-demand container scanner have been disabled.
2024-01-26 21:34:13,355 [209e1d4e-6bc3-40d2-a53c-4015c1ab1ac0-EndpointStateMachineTaskThread-/0.0.0.0:15002-0 ] INFO  replication.ReplicationServer (ReplicationServer.java:start(139)) - ReplicationServer is started using port 15052
2024-01-26 21:34:13,355 [209e1d4e-6bc3-40d2-a53c-4015c1ab1ac0-EndpointStateMachineTaskThread-/0.0.0.0:15002-0 ] INFO  ratis.XceiverServerRatis (XceiverServerRatis.java:start(549)) - Starting XceiverServerRatis 209e1d4e-6bc3-40d2-a53c-4015c1ab1ac0
2024-01-26 21:34:13,356 [209e1d4e-6bc3-40d2-a53c-4015c1ab1ac0-EndpointStateMachineTaskThread-/0.0.0.0:15002-0 ] INFO  server.RaftServer (RaftServerProxy.java:startImpl(406)) - 209e1d4e-6bc3-40d2-a53c-4015c1ab1ac0: start RPC server
2024-01-26 21:34:13,357 [209e1d4e-6bc3-40d2-a53c-4015c1ab1ac0-EndpointStateMachineTaskThread-/0.0.0.0:15002-0 ] INFO  server.GrpcService (GrpcService.java:startImpl(302)) - 209e1d4e-6bc3-40d2-a53c-4015c1ab1ac0: GrpcService started, listening on 15048
2024-01-26 21:34:13,358 [209e1d4e-6bc3-40d2-a53c-4015c1ab1ac0-EndpointStateMachineTaskThread-/0.0.0.0:15002-0 ] INFO  server.GrpcService (GrpcService.java:startImpl(302)) - 209e1d4e-6bc3-40d2-a53c-4015c1ab1ac0: GrpcService started, listening on 15050
2024-01-26 21:34:13,358 [209e1d4e-6bc3-40d2-a53c-4015c1ab1ac0-EndpointStateMachineTaskThread-/0.0.0.0:15002-0 ] INFO  server.GrpcService (GrpcService.java:startImpl(302)) - 209e1d4e-6bc3-40d2-a53c-4015c1ab1ac0: GrpcService started, listening on 15049
2024-01-26 21:34:13,359 [209e1d4e-6bc3-40d2-a53c-4015c1ab1ac0-EndpointStateMachineTaskThread-/0.0.0.0:15002-0 ] INFO  ratis.XceiverServerRatis (XceiverServerRatis.java:getRealPort(575)) - XceiverServerRatis 209e1d4e-6bc3-40d2-a53c-4015c1ab1ac0 is started using port 15048 for RATIS
2024-01-26 21:34:13,359 [209e1d4e-6bc3-40d2-a53c-4015c1ab1ac0-EndpointStateMachineTaskThread-/0.0.0.0:15002-0 ] INFO  ratis.XceiverServerRatis (XceiverServerRatis.java:getRealPort(575)) - XceiverServerRatis 209e1d4e-6bc3-40d2-a53c-4015c1ab1ac0 is started using port 15049 for RATIS_ADMIN
2024-01-26 21:34:13,359 [209e1d4e-6bc3-40d2-a53c-4015c1ab1ac0-EndpointStateMachineTaskThread-/0.0.0.0:15002-0 ] INFO  ratis.XceiverServerRatis (XceiverServerRatis.java:getRealPort(575)) - XceiverServerRatis 209e1d4e-6bc3-40d2-a53c-4015c1ab1ac0 is started using port 15050 for RATIS_SERVER
2024-01-26 21:34:13,359 [209e1d4e-6bc3-40d2-a53c-4015c1ab1ac0-EndpointStateMachineTaskThread-/0.0.0.0:15002-0 ] INFO  ratis.XceiverServerRatis (XceiverServerRatis.java:getRealPort(575)) - XceiverServerRatis 209e1d4e-6bc3-40d2-a53c-4015c1ab1ac0 is started using port 15051 for RATIS_DATASTREAM
2024-01-26 21:34:13,359 [JvmPauseMonitor6] INFO  util.JvmPauseMonitor (JvmPauseMonitor.java:run(146)) - JvmPauseMonitor-209e1d4e-6bc3-40d2-a53c-4015c1ab1ac0: Started
2024-01-26 21:34:13,362 [209e1d4e-6bc3-40d2-a53c-4015c1ab1ac0-BlockDeletingService#0] INFO  interfaces.ContainerDeletionChoosingPolicyTemplate (ContainerDeletionChoosingPolicyTemplate.java:chooseContainerForBlockDeletion(85)) - Chosen 0/5000 blocks from 0 candidate containers.
2024-01-26 21:34:13,365 [main] INFO  ozone.MiniOzoneClusterImpl (MiniOzoneClusterImpl.java:lambda$waitForClusterToBeReady$0(229)) - Waiting for nodes to be ready. Got 0 of 14 DN Heartbeats.
2024-01-26 21:34:13,365 [main] INFO  ozone.MiniOzoneClusterImpl (MiniOzoneClusterImpl.java:lambda$waitForClusterToBeReady$0(232)) - Waiting for cluster to exit safe mode
2024-01-26 21:34:13,365 [main] INFO  ozone.MiniOzoneClusterImpl (MiniOzoneClusterImpl.java:lambda$waitForClusterToBeReady$0(234)) - SCM became leader
2024-01-26 21:34:13,483 [7564b097-4325-4468-ae97-837bc55d7172-EndpointStateMachineTaskThread-/0.0.0.0:15002-0 ] INFO  utils.DatanodeStoreCache (DatanodeStoreCache.java:addDB(72)) - Added db /home/runner/work/ozone/ozone/hadoop-ozone/integration-test/target/test-dir/MiniOzoneClusterImpl-1af845c4-9ad0-4304-ad21-7f4426eccdbd/datanode-5/data-0/containers/hdds/1af845c4-9ad0-4304-ad21-7f4426eccdbd/DS-01d29493-c0e4-4d57-b9b5-1fbbba7269be/container.db to cache
2024-01-26 21:34:13,483 [7564b097-4325-4468-ae97-837bc55d7172-EndpointStateMachineTaskThread-/0.0.0.0:15002-0 ] INFO  volume.HddsVolume (HddsVolume.java:createDbStore(420)) - SchemaV3 db is created and loaded at /home/runner/work/ozone/ozone/hadoop-ozone/integration-test/target/test-dir/MiniOzoneClusterImpl-1af845c4-9ad0-4304-ad21-7f4426eccdbd/datanode-5/data-0/containers/hdds/1af845c4-9ad0-4304-ad21-7f4426eccdbd/DS-01d29493-c0e4-4d57-b9b5-1fbbba7269be/container.db for volume DS-01d29493-c0e4-4d57-b9b5-1fbbba7269be
2024-01-26 21:34:13,484 [7564b097-4325-4468-ae97-837bc55d7172-EndpointStateMachineTaskThread-/0.0.0.0:15002-0 ] INFO  volume.ThrottledAsyncChecker (ThrottledAsyncChecker.java:schedule(141)) - Scheduling a check for /home/runner/work/ozone/ozone/hadoop-ozone/integration-test/target/test-dir/MiniOzoneClusterImpl-1af845c4-9ad0-4304-ad21-7f4426eccdbd/datanode-5/data-0/containers/hdds
2024-01-26 21:34:13,485 [7564b097-4325-4468-ae97-837bc55d7172-EndpointStateMachineTaskThread-/0.0.0.0:15002-0 ] INFO  volume.StorageVolumeChecker (StorageVolumeChecker.java:checkAllVolumes(218)) - Scheduled health check for volume /home/runner/work/ozone/ozone/hadoop-ozone/integration-test/target/test-dir/MiniOzoneClusterImpl-1af845c4-9ad0-4304-ad21-7f4426eccdbd/datanode-5/data-0/containers/hdds
2024-01-26 21:34:13,486 [7564b097-4325-4468-ae97-837bc55d7172-EndpointStateMachineTaskThread-/0.0.0.0:15002-0 ] INFO  volume.ThrottledAsyncChecker (ThrottledAsyncChecker.java:schedule(141)) - Scheduling a check for /home/runner/work/ozone/ozone/hadoop-ozone/integration-test/target/test-dir/MiniOzoneClusterImpl-1af845c4-9ad0-4304-ad21-7f4426eccdbd/datanode-5/data/ratis
2024-01-26 21:34:13,486 [7564b097-4325-4468-ae97-837bc55d7172-EndpointStateMachineTaskThread-/0.0.0.0:15002-0 ] INFO  volume.StorageVolumeChecker (StorageVolumeChecker.java:checkAllVolumes(218)) - Scheduled health check for volume /home/runner/work/ozone/ozone/hadoop-ozone/integration-test/target/test-dir/MiniOzoneClusterImpl-1af845c4-9ad0-4304-ad21-7f4426eccdbd/datanode-5/data/ratis
2024-01-26 21:34:13,487 [7564b097-4325-4468-ae97-837bc55d7172-EndpointStateMachineTaskThread-/0.0.0.0:15002-0 ] INFO  ozoneimpl.OzoneContainer (OzoneContainer.java:start(457)) - Attempting to start container services.
2024-01-26 21:34:13,487 [7564b097-4325-4468-ae97-837bc55d7172-EndpointStateMachineTaskThread-/0.0.0.0:15002-0 ] INFO  ozoneimpl.OzoneContainer (OzoneContainer.java:startContainerScrub(339)) - Scheduled background container scanners and the on-demand container scanner have been disabled.
2024-01-26 21:34:13,488 [7564b097-4325-4468-ae97-837bc55d7172-EndpointStateMachineTaskThread-/0.0.0.0:15002-0 ] INFO  replication.ReplicationServer (ReplicationServer.java:start(139)) - ReplicationServer is started using port 15061
2024-01-26 21:34:13,488 [7564b097-4325-4468-ae97-837bc55d7172-EndpointStateMachineTaskThread-/0.0.0.0:15002-0 ] INFO  ratis.XceiverServerRatis (XceiverServerRatis.java:start(549)) - Starting XceiverServerRatis 7564b097-4325-4468-ae97-837bc55d7172
2024-01-26 21:34:13,489 [7564b097-4325-4468-ae97-837bc55d7172-EndpointStateMachineTaskThread-/0.0.0.0:15002-0 ] INFO  server.RaftServer (RaftServerProxy.java:startImpl(406)) - 7564b097-4325-4468-ae97-837bc55d7172: start RPC server
2024-01-26 21:34:13,490 [7564b097-4325-4468-ae97-837bc55d7172-EndpointStateMachineTaskThread-/0.0.0.0:15002-0 ] INFO  server.GrpcService (GrpcService.java:startImpl(302)) - 7564b097-4325-4468-ae97-837bc55d7172: GrpcService started, listening on 15057
2024-01-26 21:34:13,490 [7564b097-4325-4468-ae97-837bc55d7172-EndpointStateMachineTaskThread-/0.0.0.0:15002-0 ] INFO  server.GrpcService (GrpcService.java:startImpl(302)) - 7564b097-4325-4468-ae97-837bc55d7172: GrpcService started, listening on 15059
2024-01-26 21:34:13,491 [7564b097-4325-4468-ae97-837bc55d7172-EndpointStateMachineTaskThread-/0.0.0.0:15002-0 ] INFO  server.GrpcService (GrpcService.java:startImpl(302)) - 7564b097-4325-4468-ae97-837bc55d7172: GrpcService started, listening on 15058
2024-01-26 21:34:13,491 [7564b097-4325-4468-ae97-837bc55d7172-EndpointStateMachineTaskThread-/0.0.0.0:15002-0 ] INFO  ratis.XceiverServerRatis (XceiverServerRatis.java:getRealPort(575)) - XceiverServerRatis 7564b097-4325-4468-ae97-837bc55d7172 is started using port 15057 for RATIS
2024-01-26 21:34:13,491 [JvmPauseMonitor7] INFO  util.JvmPauseMonitor (JvmPauseMonitor.java:run(146)) - JvmPauseMonitor-7564b097-4325-4468-ae97-837bc55d7172: Started
2024-01-26 21:34:13,491 [7564b097-4325-4468-ae97-837bc55d7172-EndpointStateMachineTaskThread-/0.0.0.0:15002-0 ] INFO  ratis.XceiverServerRatis (XceiverServerRatis.java:getRealPort(575)) - XceiverServerRatis 7564b097-4325-4468-ae97-837bc55d7172 is started using port 15058 for RATIS_ADMIN
2024-01-26 21:34:13,492 [7564b097-4325-4468-ae97-837bc55d7172-EndpointStateMachineTaskThread-/0.0.0.0:15002-0 ] INFO  ratis.XceiverServerRatis (XceiverServerRatis.java:getRealPort(575)) - XceiverServerRatis 7564b097-4325-4468-ae97-837bc55d7172 is started using port 15059 for RATIS_SERVER
2024-01-26 21:34:13,492 [7564b097-4325-4468-ae97-837bc55d7172-EndpointStateMachineTaskThread-/0.0.0.0:15002-0 ] INFO  ratis.XceiverServerRatis (XceiverServerRatis.java:getRealPort(575)) - XceiverServerRatis 7564b097-4325-4468-ae97-837bc55d7172 is started using port 15060 for RATIS_DATASTREAM
2024-01-26 21:34:13,495 [7564b097-4325-4468-ae97-837bc55d7172-BlockDeletingService#0] INFO  interfaces.ContainerDeletionChoosingPolicyTemplate (ContainerDeletionChoosingPolicyTemplate.java:chooseContainerForBlockDeletion(85)) - Chosen 0/5000 blocks from 0 candidate containers.
2024-01-26 21:34:13,597 [615e0ce5-d68a-4764-9dce-a037122bf2b4-EndpointStateMachineTaskThread-/0.0.0.0:15002-0 ] INFO  utils.DatanodeStoreCache (DatanodeStoreCache.java:addDB(72)) - Added db /home/runner/work/ozone/ozone/hadoop-ozone/integration-test/target/test-dir/MiniOzoneClusterImpl-1af845c4-9ad0-4304-ad21-7f4426eccdbd/datanode-6/data-0/containers/hdds/1af845c4-9ad0-4304-ad21-7f4426eccdbd/DS-e34722a3-19fa-4b98-8505-e497db0fa0c4/container.db to cache
2024-01-26 21:34:13,597 [615e0ce5-d68a-4764-9dce-a037122bf2b4-EndpointStateMachineTaskThread-/0.0.0.0:15002-0 ] INFO  volume.HddsVolume (HddsVolume.java:createDbStore(420)) - SchemaV3 db is created and loaded at /home/runner/work/ozone/ozone/hadoop-ozone/integration-test/target/test-dir/MiniOzoneClusterImpl-1af845c4-9ad0-4304-ad21-7f4426eccdbd/datanode-6/data-0/containers/hdds/1af845c4-9ad0-4304-ad21-7f4426eccdbd/DS-e34722a3-19fa-4b98-8505-e497db0fa0c4/container.db for volume DS-e34722a3-19fa-4b98-8505-e497db0fa0c4
2024-01-26 21:34:13,599 [615e0ce5-d68a-4764-9dce-a037122bf2b4-EndpointStateMachineTaskThread-/0.0.0.0:15002-0 ] INFO  volume.ThrottledAsyncChecker (ThrottledAsyncChecker.java:schedule(141)) - Scheduling a check for /home/runner/work/ozone/ozone/hadoop-ozone/integration-test/target/test-dir/MiniOzoneClusterImpl-1af845c4-9ad0-4304-ad21-7f4426eccdbd/datanode-6/data-0/containers/hdds
2024-01-26 21:34:13,599 [615e0ce5-d68a-4764-9dce-a037122bf2b4-EndpointStateMachineTaskThread-/0.0.0.0:15002-0 ] INFO  volume.StorageVolumeChecker (StorageVolumeChecker.java:checkAllVolumes(218)) - Scheduled health check for volume /home/runner/work/ozone/ozone/hadoop-ozone/integration-test/target/test-dir/MiniOzoneClusterImpl-1af845c4-9ad0-4304-ad21-7f4426eccdbd/datanode-6/data-0/containers/hdds
2024-01-26 21:34:13,601 [615e0ce5-d68a-4764-9dce-a037122bf2b4-EndpointStateMachineTaskThread-/0.0.0.0:15002-0 ] INFO  volume.ThrottledAsyncChecker (ThrottledAsyncChecker.java:schedule(141)) - Scheduling a check for /home/runner/work/ozone/ozone/hadoop-ozone/integration-test/target/test-dir/MiniOzoneClusterImpl-1af845c4-9ad0-4304-ad21-7f4426eccdbd/datanode-6/data/ratis
2024-01-26 21:34:13,601 [615e0ce5-d68a-4764-9dce-a037122bf2b4-EndpointStateMachineTaskThread-/0.0.0.0:15002-0 ] INFO  volume.StorageVolumeChecker (StorageVolumeChecker.java:checkAllVolumes(218)) - Scheduled health check for volume /home/runner/work/ozone/ozone/hadoop-ozone/integration-test/target/test-dir/MiniOzoneClusterImpl-1af845c4-9ad0-4304-ad21-7f4426eccdbd/datanode-6/data/ratis
2024-01-26 21:34:13,602 [615e0ce5-d68a-4764-9dce-a037122bf2b4-EndpointStateMachineTaskThread-/0.0.0.0:15002-0 ] INFO  ozoneimpl.OzoneContainer (OzoneContainer.java:start(457)) - Attempting to start container services.
2024-01-26 21:34:13,602 [615e0ce5-d68a-4764-9dce-a037122bf2b4-EndpointStateMachineTaskThread-/0.0.0.0:15002-0 ] INFO  ozoneimpl.OzoneContainer (OzoneContainer.java:startContainerScrub(339)) - Scheduled background container scanners and the on-demand container scanner have been disabled.
2024-01-26 21:34:13,603 [615e0ce5-d68a-4764-9dce-a037122bf2b4-EndpointStateMachineTaskThread-/0.0.0.0:15002-0 ] INFO  replication.ReplicationServer (ReplicationServer.java:start(139)) - ReplicationServer is started using port 15070
2024-01-26 21:34:13,603 [615e0ce5-d68a-4764-9dce-a037122bf2b4-EndpointStateMachineTaskThread-/0.0.0.0:15002-0 ] INFO  ratis.XceiverServerRatis (XceiverServerRatis.java:start(549)) - Starting XceiverServerRatis 615e0ce5-d68a-4764-9dce-a037122bf2b4
2024-01-26 21:34:13,604 [615e0ce5-d68a-4764-9dce-a037122bf2b4-EndpointStateMachineTaskThread-/0.0.0.0:15002-0 ] INFO  server.RaftServer (RaftServerProxy.java:startImpl(406)) - 615e0ce5-d68a-4764-9dce-a037122bf2b4: start RPC server
2024-01-26 21:34:13,605 [615e0ce5-d68a-4764-9dce-a037122bf2b4-EndpointStateMachineTaskThread-/0.0.0.0:15002-0 ] INFO  server.GrpcService (GrpcService.java:startImpl(302)) - 615e0ce5-d68a-4764-9dce-a037122bf2b4: GrpcService started, listening on 15066
2024-01-26 21:34:13,606 [615e0ce5-d68a-4764-9dce-a037122bf2b4-EndpointStateMachineTaskThread-/0.0.0.0:15002-0 ] INFO  server.GrpcService (GrpcService.java:startImpl(302)) - 615e0ce5-d68a-4764-9dce-a037122bf2b4: GrpcService started, listening on 15068
2024-01-26 21:34:13,607 [615e0ce5-d68a-4764-9dce-a037122bf2b4-EndpointStateMachineTaskThread-/0.0.0.0:15002-0 ] INFO  server.GrpcService (GrpcService.java:startImpl(302)) - 615e0ce5-d68a-4764-9dce-a037122bf2b4: GrpcService started, listening on 15067
2024-01-26 21:34:13,607 [615e0ce5-d68a-4764-9dce-a037122bf2b4-EndpointStateMachineTaskThread-/0.0.0.0:15002-0 ] INFO  ratis.XceiverServerRatis (XceiverServerRatis.java:getRealPort(575)) - XceiverServerRatis 615e0ce5-d68a-4764-9dce-a037122bf2b4 is started using port 15066 for RATIS
2024-01-26 21:34:13,607 [JvmPauseMonitor8] INFO  util.JvmPauseMonitor (JvmPauseMonitor.java:run(146)) - JvmPauseMonitor-615e0ce5-d68a-4764-9dce-a037122bf2b4: Started
2024-01-26 21:34:13,607 [615e0ce5-d68a-4764-9dce-a037122bf2b4-EndpointStateMachineTaskThread-/0.0.0.0:15002-0 ] INFO  ratis.XceiverServerRatis (XceiverServerRatis.java:getRealPort(575)) - XceiverServerRatis 615e0ce5-d68a-4764-9dce-a037122bf2b4 is started using port 15067 for RATIS_ADMIN
2024-01-26 21:34:13,607 [615e0ce5-d68a-4764-9dce-a037122bf2b4-EndpointStateMachineTaskThread-/0.0.0.0:15002-0 ] INFO  ratis.XceiverServerRatis (XceiverServerRatis.java:getRealPort(575)) - XceiverServerRatis 615e0ce5-d68a-4764-9dce-a037122bf2b4 is started using port 15068 for RATIS_SERVER
2024-01-26 21:34:13,608 [615e0ce5-d68a-4764-9dce-a037122bf2b4-EndpointStateMachineTaskThread-/0.0.0.0:15002-0 ] INFO  ratis.XceiverServerRatis (XceiverServerRatis.java:getRealPort(575)) - XceiverServerRatis 615e0ce5-d68a-4764-9dce-a037122bf2b4 is started using port 15069 for RATIS_DATASTREAM
2024-01-26 21:34:13,610 [615e0ce5-d68a-4764-9dce-a037122bf2b4-BlockDeletingService#0] INFO  interfaces.ContainerDeletionChoosingPolicyTemplate (ContainerDeletionChoosingPolicyTemplate.java:chooseContainerForBlockDeletion(85)) - Chosen 0/5000 blocks from 0 candidate containers.
2024-01-26 21:34:13,703 [85a76c17-24cd-4caa-b4c9-2f056bfd6b3c-EndpointStateMachineTaskThread-/0.0.0.0:15002-0 ] INFO  utils.DatanodeStoreCache (DatanodeStoreCache.java:addDB(72)) - Added db /home/runner/work/ozone/ozone/hadoop-ozone/integration-test/target/test-dir/MiniOzoneClusterImpl-1af845c4-9ad0-4304-ad21-7f4426eccdbd/datanode-7/data-0/containers/hdds/1af845c4-9ad0-4304-ad21-7f4426eccdbd/DS-c9ec2e3c-9e8c-40d7-a881-132c62e1163c/container.db to cache
2024-01-26 21:34:13,703 [85a76c17-24cd-4caa-b4c9-2f056bfd6b3c-EndpointStateMachineTaskThread-/0.0.0.0:15002-0 ] INFO  volume.HddsVolume (HddsVolume.java:createDbStore(420)) - SchemaV3 db is created and loaded at /home/runner/work/ozone/ozone/hadoop-ozone/integration-test/target/test-dir/MiniOzoneClusterImpl-1af845c4-9ad0-4304-ad21-7f4426eccdbd/datanode-7/data-0/containers/hdds/1af845c4-9ad0-4304-ad21-7f4426eccdbd/DS-c9ec2e3c-9e8c-40d7-a881-132c62e1163c/container.db for volume DS-c9ec2e3c-9e8c-40d7-a881-132c62e1163c
2024-01-26 21:34:13,705 [85a76c17-24cd-4caa-b4c9-2f056bfd6b3c-EndpointStateMachineTaskThread-/0.0.0.0:15002-0 ] INFO  volume.ThrottledAsyncChecker (ThrottledAsyncChecker.java:schedule(141)) - Scheduling a check for /home/runner/work/ozone/ozone/hadoop-ozone/integration-test/target/test-dir/MiniOzoneClusterImpl-1af845c4-9ad0-4304-ad21-7f4426eccdbd/datanode-7/data-0/containers/hdds
2024-01-26 21:34:13,705 [85a76c17-24cd-4caa-b4c9-2f056bfd6b3c-EndpointStateMachineTaskThread-/0.0.0.0:15002-0 ] INFO  volume.StorageVolumeChecker (StorageVolumeChecker.java:checkAllVolumes(218)) - Scheduled health check for volume /home/runner/work/ozone/ozone/hadoop-ozone/integration-test/target/test-dir/MiniOzoneClusterImpl-1af845c4-9ad0-4304-ad21-7f4426eccdbd/datanode-7/data-0/containers/hdds
2024-01-26 21:34:13,707 [85a76c17-24cd-4caa-b4c9-2f056bfd6b3c-EndpointStateMachineTaskThread-/0.0.0.0:15002-0 ] INFO  volume.ThrottledAsyncChecker (ThrottledAsyncChecker.java:schedule(141)) - Scheduling a check for /home/runner/work/ozone/ozone/hadoop-ozone/integration-test/target/test-dir/MiniOzoneClusterImpl-1af845c4-9ad0-4304-ad21-7f4426eccdbd/datanode-7/data/ratis
2024-01-26 21:34:13,707 [85a76c17-24cd-4caa-b4c9-2f056bfd6b3c-EndpointStateMachineTaskThread-/0.0.0.0:15002-0 ] INFO  volume.StorageVolumeChecker (StorageVolumeChecker.java:checkAllVolumes(218)) - Scheduled health check for volume /home/runner/work/ozone/ozone/hadoop-ozone/integration-test/target/test-dir/MiniOzoneClusterImpl-1af845c4-9ad0-4304-ad21-7f4426eccdbd/datanode-7/data/ratis
2024-01-26 21:34:13,709 [85a76c17-24cd-4caa-b4c9-2f056bfd6b3c-EndpointStateMachineTaskThread-/0.0.0.0:15002-0 ] INFO  ozoneimpl.OzoneContainer (OzoneContainer.java:start(457)) - Attempting to start container services.
2024-01-26 21:34:13,709 [85a76c17-24cd-4caa-b4c9-2f056bfd6b3c-EndpointStateMachineTaskThread-/0.0.0.0:15002-0 ] INFO  ozoneimpl.OzoneContainer (OzoneContainer.java:startContainerScrub(339)) - Scheduled background container scanners and the on-demand container scanner have been disabled.
2024-01-26 21:34:13,711 [85a76c17-24cd-4caa-b4c9-2f056bfd6b3c-EndpointStateMachineTaskThread-/0.0.0.0:15002-0 ] INFO  replication.ReplicationServer (ReplicationServer.java:start(139)) - ReplicationServer is started using port 15079
2024-01-26 21:34:13,711 [85a76c17-24cd-4caa-b4c9-2f056bfd6b3c-EndpointStateMachineTaskThread-/0.0.0.0:15002-0 ] INFO  ratis.XceiverServerRatis (XceiverServerRatis.java:start(549)) - Starting XceiverServerRatis 85a76c17-24cd-4caa-b4c9-2f056bfd6b3c
2024-01-26 21:34:13,715 [85a76c17-24cd-4caa-b4c9-2f056bfd6b3c-EndpointStateMachineTaskThread-/0.0.0.0:15002-0 ] INFO  server.RaftServer (RaftServerProxy.java:startImpl(406)) - 85a76c17-24cd-4caa-b4c9-2f056bfd6b3c: start RPC server
2024-01-26 21:34:13,716 [85a76c17-24cd-4caa-b4c9-2f056bfd6b3c-EndpointStateMachineTaskThread-/0.0.0.0:15002-0 ] INFO  server.GrpcService (GrpcService.java:startImpl(302)) - 85a76c17-24cd-4caa-b4c9-2f056bfd6b3c: GrpcService started, listening on 15075
2024-01-26 21:34:13,717 [85a76c17-24cd-4caa-b4c9-2f056bfd6b3c-EndpointStateMachineTaskThread-/0.0.0.0:15002-0 ] INFO  server.GrpcService (GrpcService.java:startImpl(302)) - 85a76c17-24cd-4caa-b4c9-2f056bfd6b3c: GrpcService started, listening on 15077
2024-01-26 21:34:13,720 [85a76c17-24cd-4caa-b4c9-2f056bfd6b3c-EndpointStateMachineTaskThread-/0.0.0.0:15002-0 ] INFO  server.GrpcService (GrpcService.java:startImpl(302)) - 85a76c17-24cd-4caa-b4c9-2f056bfd6b3c: GrpcService started, listening on 15076
2024-01-26 21:34:13,720 [85a76c17-24cd-4caa-b4c9-2f056bfd6b3c-EndpointStateMachineTaskThread-/0.0.0.0:15002-0 ] INFO  ratis.XceiverServerRatis (XceiverServerRatis.java:getRealPort(575)) - XceiverServerRatis 85a76c17-24cd-4caa-b4c9-2f056bfd6b3c is started using port 15075 for RATIS
2024-01-26 21:34:13,720 [JvmPauseMonitor9] INFO  util.JvmPauseMonitor (JvmPauseMonitor.java:run(146)) - JvmPauseMonitor-85a76c17-24cd-4caa-b4c9-2f056bfd6b3c: Started
2024-01-26 21:34:13,720 [85a76c17-24cd-4caa-b4c9-2f056bfd6b3c-EndpointStateMachineTaskThread-/0.0.0.0:15002-0 ] INFO  ratis.XceiverServerRatis (XceiverServerRatis.java:getRealPort(575)) - XceiverServerRatis 85a76c17-24cd-4caa-b4c9-2f056bfd6b3c is started using port 15076 for RATIS_ADMIN
2024-01-26 21:34:13,721 [85a76c17-24cd-4caa-b4c9-2f056bfd6b3c-EndpointStateMachineTaskThread-/0.0.0.0:15002-0 ] INFO  ratis.XceiverServerRatis (XceiverServerRatis.java:getRealPort(575)) - XceiverServerRatis 85a76c17-24cd-4caa-b4c9-2f056bfd6b3c is started using port 15077 for RATIS_SERVER
2024-01-26 21:34:13,721 [85a76c17-24cd-4caa-b4c9-2f056bfd6b3c-EndpointStateMachineTaskThread-/0.0.0.0:15002-0 ] INFO  ratis.XceiverServerRatis (XceiverServerRatis.java:getRealPort(575)) - XceiverServerRatis 85a76c17-24cd-4caa-b4c9-2f056bfd6b3c is started using port 15078 for RATIS_DATASTREAM
2024-01-26 21:34:13,725 [85a76c17-24cd-4caa-b4c9-2f056bfd6b3c-BlockDeletingService#0] INFO  interfaces.ContainerDeletionChoosingPolicyTemplate (ContainerDeletionChoosingPolicyTemplate.java:chooseContainerForBlockDeletion(85)) - Chosen 0/5000 blocks from 0 candidate containers.
2024-01-26 21:34:13,827 [157befb9-fc2c-4b56-bfb2-e4c39e5a9271-EndpointStateMachineTaskThread-/0.0.0.0:15002-0 ] INFO  utils.DatanodeStoreCache (DatanodeStoreCache.java:addDB(72)) - Added db /home/runner/work/ozone/ozone/hadoop-ozone/integration-test/target/test-dir/MiniOzoneClusterImpl-1af845c4-9ad0-4304-ad21-7f4426eccdbd/datanode-8/data-0/containers/hdds/1af845c4-9ad0-4304-ad21-7f4426eccdbd/DS-4c00d110-1a86-4d23-ab8e-76d49952b866/container.db to cache
2024-01-26 21:34:13,827 [157befb9-fc2c-4b56-bfb2-e4c39e5a9271-EndpointStateMachineTaskThread-/0.0.0.0:15002-0 ] INFO  volume.HddsVolume (HddsVolume.java:createDbStore(420)) - SchemaV3 db is created and loaded at /home/runner/work/ozone/ozone/hadoop-ozone/integration-test/target/test-dir/MiniOzoneClusterImpl-1af845c4-9ad0-4304-ad21-7f4426eccdbd/datanode-8/data-0/containers/hdds/1af845c4-9ad0-4304-ad21-7f4426eccdbd/DS-4c00d110-1a86-4d23-ab8e-76d49952b866/container.db for volume DS-4c00d110-1a86-4d23-ab8e-76d49952b866
2024-01-26 21:34:13,828 [157befb9-fc2c-4b56-bfb2-e4c39e5a9271-EndpointStateMachineTaskThread-/0.0.0.0:15002-0 ] INFO  volume.ThrottledAsyncChecker (ThrottledAsyncChecker.java:schedule(141)) - Scheduling a check for /home/runner/work/ozone/ozone/hadoop-ozone/integration-test/target/test-dir/MiniOzoneClusterImpl-1af845c4-9ad0-4304-ad21-7f4426eccdbd/datanode-8/data-0/containers/hdds
2024-01-26 21:34:13,829 [157befb9-fc2c-4b56-bfb2-e4c39e5a9271-EndpointStateMachineTaskThread-/0.0.0.0:15002-0 ] INFO  volume.StorageVolumeChecker (StorageVolumeChecker.java:checkAllVolumes(218)) - Scheduled health check for volume /home/runner/work/ozone/ozone/hadoop-ozone/integration-test/target/test-dir/MiniOzoneClusterImpl-1af845c4-9ad0-4304-ad21-7f4426eccdbd/datanode-8/data-0/containers/hdds
2024-01-26 21:34:13,831 [157befb9-fc2c-4b56-bfb2-e4c39e5a9271-EndpointStateMachineTaskThread-/0.0.0.0:15002-0 ] INFO  volume.ThrottledAsyncChecker (ThrottledAsyncChecker.java:schedule(141)) - Scheduling a check for /home/runner/work/ozone/ozone/hadoop-ozone/integration-test/target/test-dir/MiniOzoneClusterImpl-1af845c4-9ad0-4304-ad21-7f4426eccdbd/datanode-8/data/ratis
2024-01-26 21:34:13,831 [157befb9-fc2c-4b56-bfb2-e4c39e5a9271-EndpointStateMachineTaskThread-/0.0.0.0:15002-0 ] INFO  volume.StorageVolumeChecker (StorageVolumeChecker.java:checkAllVolumes(218)) - Scheduled health check for volume /home/runner/work/ozone/ozone/hadoop-ozone/integration-test/target/test-dir/MiniOzoneClusterImpl-1af845c4-9ad0-4304-ad21-7f4426eccdbd/datanode-8/data/ratis
2024-01-26 21:34:13,831 [157befb9-fc2c-4b56-bfb2-e4c39e5a9271-EndpointStateMachineTaskThread-/0.0.0.0:15002-0 ] INFO  ozoneimpl.OzoneContainer (OzoneContainer.java:start(457)) - Attempting to start container services.
2024-01-26 21:34:13,831 [157befb9-fc2c-4b56-bfb2-e4c39e5a9271-EndpointStateMachineTaskThread-/0.0.0.0:15002-0 ] INFO  ozoneimpl.OzoneContainer (OzoneContainer.java:startContainerScrub(339)) - Scheduled background container scanners and the on-demand container scanner have been disabled.
2024-01-26 21:34:13,832 [157befb9-fc2c-4b56-bfb2-e4c39e5a9271-EndpointStateMachineTaskThread-/0.0.0.0:15002-0 ] INFO  replication.ReplicationServer (ReplicationServer.java:start(139)) - ReplicationServer is started using port 15088
2024-01-26 21:34:13,832 [157befb9-fc2c-4b56-bfb2-e4c39e5a9271-EndpointStateMachineTaskThread-/0.0.0.0:15002-0 ] INFO  ratis.XceiverServerRatis (XceiverServerRatis.java:start(549)) - Starting XceiverServerRatis 157befb9-fc2c-4b56-bfb2-e4c39e5a9271
2024-01-26 21:34:13,833 [157befb9-fc2c-4b56-bfb2-e4c39e5a9271-EndpointStateMachineTaskThread-/0.0.0.0:15002-0 ] INFO  server.RaftServer (RaftServerProxy.java:startImpl(406)) - 157befb9-fc2c-4b56-bfb2-e4c39e5a9271: start RPC server
2024-01-26 21:34:13,833 [157befb9-fc2c-4b56-bfb2-e4c39e5a9271-EndpointStateMachineTaskThread-/0.0.0.0:15002-0 ] INFO  server.GrpcService (GrpcService.java:startImpl(302)) - 157befb9-fc2c-4b56-bfb2-e4c39e5a9271: GrpcService started, listening on 15084
2024-01-26 21:34:13,833 [157befb9-fc2c-4b56-bfb2-e4c39e5a9271-EndpointStateMachineTaskThread-/0.0.0.0:15002-0 ] INFO  server.GrpcService (GrpcService.java:startImpl(302)) - 157befb9-fc2c-4b56-bfb2-e4c39e5a9271: GrpcService started, listening on 15086
2024-01-26 21:34:13,834 [157befb9-fc2c-4b56-bfb2-e4c39e5a9271-EndpointStateMachineTaskThread-/0.0.0.0:15002-0 ] INFO  server.GrpcService (GrpcService.java:startImpl(302)) - 157befb9-fc2c-4b56-bfb2-e4c39e5a9271: GrpcService started, listening on 15085
2024-01-26 21:34:13,834 [157befb9-fc2c-4b56-bfb2-e4c39e5a9271-EndpointStateMachineTaskThread-/0.0.0.0:15002-0 ] INFO  ratis.XceiverServerRatis (XceiverServerRatis.java:getRealPort(575)) - XceiverServerRatis 157befb9-fc2c-4b56-bfb2-e4c39e5a9271 is started using port 15084 for RATIS
2024-01-26 21:34:13,834 [157befb9-fc2c-4b56-bfb2-e4c39e5a9271-EndpointStateMachineTaskThread-/0.0.0.0:15002-0 ] INFO  ratis.XceiverServerRatis (XceiverServerRatis.java:getRealPort(575)) - XceiverServerRatis 157befb9-fc2c-4b56-bfb2-e4c39e5a9271 is started using port 15085 for RATIS_ADMIN
2024-01-26 21:34:13,834 [157befb9-fc2c-4b56-bfb2-e4c39e5a9271-EndpointStateMachineTaskThread-/0.0.0.0:15002-0 ] INFO  ratis.XceiverServerRatis (XceiverServerRatis.java:getRealPort(575)) - XceiverServerRatis 157befb9-fc2c-4b56-bfb2-e4c39e5a9271 is started using port 15086 for RATIS_SERVER
2024-01-26 21:34:13,834 [157befb9-fc2c-4b56-bfb2-e4c39e5a9271-EndpointStateMachineTaskThread-/0.0.0.0:15002-0 ] INFO  ratis.XceiverServerRatis (XceiverServerRatis.java:getRealPort(575)) - XceiverServerRatis 157befb9-fc2c-4b56-bfb2-e4c39e5a9271 is started using port 15087 for RATIS_DATASTREAM
2024-01-26 21:34:13,834 [JvmPauseMonitor10] INFO  util.JvmPauseMonitor (JvmPauseMonitor.java:run(146)) - JvmPauseMonitor-157befb9-fc2c-4b56-bfb2-e4c39e5a9271: Started
2024-01-26 21:34:13,841 [157befb9-fc2c-4b56-bfb2-e4c39e5a9271-BlockDeletingService#0] INFO  interfaces.ContainerDeletionChoosingPolicyTemplate (ContainerDeletionChoosingPolicyTemplate.java:chooseContainerForBlockDeletion(85)) - Chosen 0/5000 blocks from 0 candidate containers.
2024-01-26 21:34:13,934 [cb9b1e06-b28b-4c4f-b19c-04e0cd8d01c6-EndpointStateMachineTaskThread-/0.0.0.0:15002-0 ] INFO  utils.DatanodeStoreCache (DatanodeStoreCache.java:addDB(72)) - Added db /home/runner/work/ozone/ozone/hadoop-ozone/integration-test/target/test-dir/MiniOzoneClusterImpl-1af845c4-9ad0-4304-ad21-7f4426eccdbd/datanode-9/data-0/containers/hdds/1af845c4-9ad0-4304-ad21-7f4426eccdbd/DS-25011df4-de17-4800-8b9f-4cba7864c155/container.db to cache
2024-01-26 21:34:13,934 [cb9b1e06-b28b-4c4f-b19c-04e0cd8d01c6-EndpointStateMachineTaskThread-/0.0.0.0:15002-0 ] INFO  volume.HddsVolume (HddsVolume.java:createDbStore(420)) - SchemaV3 db is created and loaded at /home/runner/work/ozone/ozone/hadoop-ozone/integration-test/target/test-dir/MiniOzoneClusterImpl-1af845c4-9ad0-4304-ad21-7f4426eccdbd/datanode-9/data-0/containers/hdds/1af845c4-9ad0-4304-ad21-7f4426eccdbd/DS-25011df4-de17-4800-8b9f-4cba7864c155/container.db for volume DS-25011df4-de17-4800-8b9f-4cba7864c155
2024-01-26 21:34:13,936 [cb9b1e06-b28b-4c4f-b19c-04e0cd8d01c6-EndpointStateMachineTaskThread-/0.0.0.0:15002-0 ] INFO  volume.ThrottledAsyncChecker (ThrottledAsyncChecker.java:schedule(141)) - Scheduling a check for /home/runner/work/ozone/ozone/hadoop-ozone/integration-test/target/test-dir/MiniOzoneClusterImpl-1af845c4-9ad0-4304-ad21-7f4426eccdbd/datanode-9/data-0/containers/hdds
2024-01-26 21:34:13,936 [cb9b1e06-b28b-4c4f-b19c-04e0cd8d01c6-EndpointStateMachineTaskThread-/0.0.0.0:15002-0 ] INFO  volume.StorageVolumeChecker (StorageVolumeChecker.java:checkAllVolumes(218)) - Scheduled health check for volume /home/runner/work/ozone/ozone/hadoop-ozone/integration-test/target/test-dir/MiniOzoneClusterImpl-1af845c4-9ad0-4304-ad21-7f4426eccdbd/datanode-9/data-0/containers/hdds
2024-01-26 21:34:13,938 [cb9b1e06-b28b-4c4f-b19c-04e0cd8d01c6-EndpointStateMachineTaskThread-/0.0.0.0:15002-0 ] INFO  volume.ThrottledAsyncChecker (ThrottledAsyncChecker.java:schedule(141)) - Scheduling a check for /home/runner/work/ozone/ozone/hadoop-ozone/integration-test/target/test-dir/MiniOzoneClusterImpl-1af845c4-9ad0-4304-ad21-7f4426eccdbd/datanode-9/data/ratis
2024-01-26 21:34:13,938 [cb9b1e06-b28b-4c4f-b19c-04e0cd8d01c6-EndpointStateMachineTaskThread-/0.0.0.0:15002-0 ] INFO  volume.StorageVolumeChecker (StorageVolumeChecker.java:checkAllVolumes(218)) - Scheduled health check for volume /home/runner/work/ozone/ozone/hadoop-ozone/integration-test/target/test-dir/MiniOzoneClusterImpl-1af845c4-9ad0-4304-ad21-7f4426eccdbd/datanode-9/data/ratis
2024-01-26 21:34:13,939 [cb9b1e06-b28b-4c4f-b19c-04e0cd8d01c6-EndpointStateMachineTaskThread-/0.0.0.0:15002-0 ] INFO  ozoneimpl.OzoneContainer (OzoneContainer.java:start(457)) - Attempting to start container services.
2024-01-26 21:34:13,939 [cb9b1e06-b28b-4c4f-b19c-04e0cd8d01c6-EndpointStateMachineTaskThread-/0.0.0.0:15002-0 ] INFO  ozoneimpl.OzoneContainer (OzoneContainer.java:startContainerScrub(339)) - Scheduled background container scanners and the on-demand container scanner have been disabled.
2024-01-26 21:34:13,940 [cb9b1e06-b28b-4c4f-b19c-04e0cd8d01c6-EndpointStateMachineTaskThread-/0.0.0.0:15002-0 ] INFO  replication.ReplicationServer (ReplicationServer.java:start(139)) - ReplicationServer is started using port 15097
2024-01-26 21:34:13,940 [cb9b1e06-b28b-4c4f-b19c-04e0cd8d01c6-EndpointStateMachineTaskThread-/0.0.0.0:15002-0 ] INFO  ratis.XceiverServerRatis (XceiverServerRatis.java:start(549)) - Starting XceiverServerRatis cb9b1e06-b28b-4c4f-b19c-04e0cd8d01c6
2024-01-26 21:34:13,941 [cb9b1e06-b28b-4c4f-b19c-04e0cd8d01c6-EndpointStateMachineTaskThread-/0.0.0.0:15002-0 ] INFO  server.RaftServer (RaftServerProxy.java:startImpl(406)) - cb9b1e06-b28b-4c4f-b19c-04e0cd8d01c6: start RPC server
2024-01-26 21:34:13,943 [cb9b1e06-b28b-4c4f-b19c-04e0cd8d01c6-EndpointStateMachineTaskThread-/0.0.0.0:15002-0 ] INFO  server.GrpcService (GrpcService.java:startImpl(302)) - cb9b1e06-b28b-4c4f-b19c-04e0cd8d01c6: GrpcService started, listening on 15093
2024-01-26 21:34:13,943 [cb9b1e06-b28b-4c4f-b19c-04e0cd8d01c6-EndpointStateMachineTaskThread-/0.0.0.0:15002-0 ] INFO  server.GrpcService (GrpcService.java:startImpl(302)) - cb9b1e06-b28b-4c4f-b19c-04e0cd8d01c6: GrpcService started, listening on 15095
2024-01-26 21:34:13,944 [cb9b1e06-b28b-4c4f-b19c-04e0cd8d01c6-EndpointStateMachineTaskThread-/0.0.0.0:15002-0 ] INFO  server.GrpcService (GrpcService.java:startImpl(302)) - cb9b1e06-b28b-4c4f-b19c-04e0cd8d01c6: GrpcService started, listening on 15094
2024-01-26 21:34:13,944 [cb9b1e06-b28b-4c4f-b19c-04e0cd8d01c6-EndpointStateMachineTaskThread-/0.0.0.0:15002-0 ] INFO  ratis.XceiverServerRatis (XceiverServerRatis.java:getRealPort(575)) - XceiverServerRatis cb9b1e06-b28b-4c4f-b19c-04e0cd8d01c6 is started using port 15093 for RATIS
2024-01-26 21:34:13,944 [JvmPauseMonitor11] INFO  util.JvmPauseMonitor (JvmPauseMonitor.java:run(146)) - JvmPauseMonitor-cb9b1e06-b28b-4c4f-b19c-04e0cd8d01c6: Started
2024-01-26 21:34:13,944 [cb9b1e06-b28b-4c4f-b19c-04e0cd8d01c6-EndpointStateMachineTaskThread-/0.0.0.0:15002-0 ] INFO  ratis.XceiverServerRatis (XceiverServerRatis.java:getRealPort(575)) - XceiverServerRatis cb9b1e06-b28b-4c4f-b19c-04e0cd8d01c6 is started using port 15094 for RATIS_ADMIN
2024-01-26 21:34:13,945 [cb9b1e06-b28b-4c4f-b19c-04e0cd8d01c6-EndpointStateMachineTaskThread-/0.0.0.0:15002-0 ] INFO  ratis.XceiverServerRatis (XceiverServerRatis.java:getRealPort(575)) - XceiverServerRatis cb9b1e06-b28b-4c4f-b19c-04e0cd8d01c6 is started using port 15095 for RATIS_SERVER
2024-01-26 21:34:13,945 [cb9b1e06-b28b-4c4f-b19c-04e0cd8d01c6-EndpointStateMachineTaskThread-/0.0.0.0:15002-0 ] INFO  ratis.XceiverServerRatis (XceiverServerRatis.java:getRealPort(575)) - XceiverServerRatis cb9b1e06-b28b-4c4f-b19c-04e0cd8d01c6 is started using port 15096 for RATIS_DATASTREAM
2024-01-26 21:34:13,951 [cb9b1e06-b28b-4c4f-b19c-04e0cd8d01c6-BlockDeletingService#0] INFO  interfaces.ContainerDeletionChoosingPolicyTemplate (ContainerDeletionChoosingPolicyTemplate.java:chooseContainerForBlockDeletion(85)) - Chosen 0/5000 blocks from 0 candidate containers.
2024-01-26 21:34:14,046 [0454455d-17b5-4798-9ce3-34e4ad079dd1-EndpointStateMachineTaskThread-/0.0.0.0:15002-0 ] INFO  utils.DatanodeStoreCache (DatanodeStoreCache.java:addDB(72)) - Added db /home/runner/work/ozone/ozone/hadoop-ozone/integration-test/target/test-dir/MiniOzoneClusterImpl-1af845c4-9ad0-4304-ad21-7f4426eccdbd/datanode-10/data-0/containers/hdds/1af845c4-9ad0-4304-ad21-7f4426eccdbd/DS-4ca73f8d-5c03-49db-a0ef-3778f4aef3aa/container.db to cache
2024-01-26 21:34:14,046 [0454455d-17b5-4798-9ce3-34e4ad079dd1-EndpointStateMachineTaskThread-/0.0.0.0:15002-0 ] INFO  volume.HddsVolume (HddsVolume.java:createDbStore(420)) - SchemaV3 db is created and loaded at /home/runner/work/ozone/ozone/hadoop-ozone/integration-test/target/test-dir/MiniOzoneClusterImpl-1af845c4-9ad0-4304-ad21-7f4426eccdbd/datanode-10/data-0/containers/hdds/1af845c4-9ad0-4304-ad21-7f4426eccdbd/DS-4ca73f8d-5c03-49db-a0ef-3778f4aef3aa/container.db for volume DS-4ca73f8d-5c03-49db-a0ef-3778f4aef3aa
2024-01-26 21:34:14,048 [0454455d-17b5-4798-9ce3-34e4ad079dd1-EndpointStateMachineTaskThread-/0.0.0.0:15002-0 ] INFO  volume.ThrottledAsyncChecker (ThrottledAsyncChecker.java:schedule(141)) - Scheduling a check for /home/runner/work/ozone/ozone/hadoop-ozone/integration-test/target/test-dir/MiniOzoneClusterImpl-1af845c4-9ad0-4304-ad21-7f4426eccdbd/datanode-10/data-0/containers/hdds
2024-01-26 21:34:14,049 [0454455d-17b5-4798-9ce3-34e4ad079dd1-EndpointStateMachineTaskThread-/0.0.0.0:15002-0 ] INFO  volume.StorageVolumeChecker (StorageVolumeChecker.java:checkAllVolumes(218)) - Scheduled health check for volume /home/runner/work/ozone/ozone/hadoop-ozone/integration-test/target/test-dir/MiniOzoneClusterImpl-1af845c4-9ad0-4304-ad21-7f4426eccdbd/datanode-10/data-0/containers/hdds
2024-01-26 21:34:14,050 [0454455d-17b5-4798-9ce3-34e4ad079dd1-EndpointStateMachineTaskThread-/0.0.0.0:15002-0 ] INFO  volume.ThrottledAsyncChecker (ThrottledAsyncChecker.java:schedule(141)) - Scheduling a check for /home/runner/work/ozone/ozone/hadoop-ozone/integration-test/target/test-dir/MiniOzoneClusterImpl-1af845c4-9ad0-4304-ad21-7f4426eccdbd/datanode-10/data/ratis
2024-01-26 21:34:14,050 [0454455d-17b5-4798-9ce3-34e4ad079dd1-EndpointStateMachineTaskThread-/0.0.0.0:15002-0 ] INFO  volume.StorageVolumeChecker (StorageVolumeChecker.java:checkAllVolumes(218)) - Scheduled health check for volume /home/runner/work/ozone/ozone/hadoop-ozone/integration-test/target/test-dir/MiniOzoneClusterImpl-1af845c4-9ad0-4304-ad21-7f4426eccdbd/datanode-10/data/ratis
2024-01-26 21:34:14,051 [0454455d-17b5-4798-9ce3-34e4ad079dd1-EndpointStateMachineTaskThread-/0.0.0.0:15002-0 ] INFO  ozoneimpl.OzoneContainer (OzoneContainer.java:start(457)) - Attempting to start container services.
2024-01-26 21:34:14,052 [0454455d-17b5-4798-9ce3-34e4ad079dd1-EndpointStateMachineTaskThread-/0.0.0.0:15002-0 ] INFO  ozoneimpl.OzoneContainer (OzoneContainer.java:startContainerScrub(339)) - Scheduled background container scanners and the on-demand container scanner have been disabled.
2024-01-26 21:34:14,052 [0454455d-17b5-4798-9ce3-34e4ad079dd1-EndpointStateMachineTaskThread-/0.0.0.0:15002-0 ] INFO  replication.ReplicationServer (ReplicationServer.java:start(139)) - ReplicationServer is started using port 15106
2024-01-26 21:34:14,052 [0454455d-17b5-4798-9ce3-34e4ad079dd1-EndpointStateMachineTaskThread-/0.0.0.0:15002-0 ] INFO  ratis.XceiverServerRatis (XceiverServerRatis.java:start(549)) - Starting XceiverServerRatis 0454455d-17b5-4798-9ce3-34e4ad079dd1
2024-01-26 21:34:14,053 [0454455d-17b5-4798-9ce3-34e4ad079dd1-EndpointStateMachineTaskThread-/0.0.0.0:15002-0 ] INFO  server.RaftServer (RaftServerProxy.java:startImpl(406)) - 0454455d-17b5-4798-9ce3-34e4ad079dd1: start RPC server
2024-01-26 21:34:14,053 [0454455d-17b5-4798-9ce3-34e4ad079dd1-EndpointStateMachineTaskThread-/0.0.0.0:15002-0 ] INFO  server.GrpcService (GrpcService.java:startImpl(302)) - 0454455d-17b5-4798-9ce3-34e4ad079dd1: GrpcService started, listening on 15102
2024-01-26 21:34:14,053 [0454455d-17b5-4798-9ce3-34e4ad079dd1-EndpointStateMachineTaskThread-/0.0.0.0:15002-0 ] INFO  server.GrpcService (GrpcService.java:startImpl(302)) - 0454455d-17b5-4798-9ce3-34e4ad079dd1: GrpcService started, listening on 15104
2024-01-26 21:34:14,053 [0454455d-17b5-4798-9ce3-34e4ad079dd1-EndpointStateMachineTaskThread-/0.0.0.0:15002-0 ] INFO  server.GrpcService (GrpcService.java:startImpl(302)) - 0454455d-17b5-4798-9ce3-34e4ad079dd1: GrpcService started, listening on 15103
2024-01-26 21:34:14,054 [0454455d-17b5-4798-9ce3-34e4ad079dd1-EndpointStateMachineTaskThread-/0.0.0.0:15002-0 ] INFO  ratis.XceiverServerRatis (XceiverServerRatis.java:getRealPort(575)) - XceiverServerRatis 0454455d-17b5-4798-9ce3-34e4ad079dd1 is started using port 15102 for RATIS
2024-01-26 21:34:14,054 [JvmPauseMonitor12] INFO  util.JvmPauseMonitor (JvmPauseMonitor.java:run(146)) - JvmPauseMonitor-0454455d-17b5-4798-9ce3-34e4ad079dd1: Started
2024-01-26 21:34:14,054 [0454455d-17b5-4798-9ce3-34e4ad079dd1-EndpointStateMachineTaskThread-/0.0.0.0:15002-0 ] INFO  ratis.XceiverServerRatis (XceiverServerRatis.java:getRealPort(575)) - XceiverServerRatis 0454455d-17b5-4798-9ce3-34e4ad079dd1 is started using port 15103 for RATIS_ADMIN
2024-01-26 21:34:14,054 [0454455d-17b5-4798-9ce3-34e4ad079dd1-EndpointStateMachineTaskThread-/0.0.0.0:15002-0 ] INFO  ratis.XceiverServerRatis (XceiverServerRatis.java:getRealPort(575)) - XceiverServerRatis 0454455d-17b5-4798-9ce3-34e4ad079dd1 is started using port 15104 for RATIS_SERVER
2024-01-26 21:34:14,055 [0454455d-17b5-4798-9ce3-34e4ad079dd1-EndpointStateMachineTaskThread-/0.0.0.0:15002-0 ] INFO  ratis.XceiverServerRatis (XceiverServerRatis.java:getRealPort(575)) - XceiverServerRatis 0454455d-17b5-4798-9ce3-34e4ad079dd1 is started using port 15105 for RATIS_DATASTREAM
2024-01-26 21:34:14,056 [0454455d-17b5-4798-9ce3-34e4ad079dd1-BlockDeletingService#0] INFO  interfaces.ContainerDeletionChoosingPolicyTemplate (ContainerDeletionChoosingPolicyTemplate.java:chooseContainerForBlockDeletion(85)) - Chosen 0/5000 blocks from 0 candidate containers.
2024-01-26 21:34:14,175 [8aa6f495-09ad-4a32-951c-60d46ecfa148-EndpointStateMachineTaskThread-/0.0.0.0:15002-0 ] INFO  utils.DatanodeStoreCache (DatanodeStoreCache.java:addDB(72)) - Added db /home/runner/work/ozone/ozone/hadoop-ozone/integration-test/target/test-dir/MiniOzoneClusterImpl-1af845c4-9ad0-4304-ad21-7f4426eccdbd/datanode-11/data-0/containers/hdds/1af845c4-9ad0-4304-ad21-7f4426eccdbd/DS-0553a1da-a6c5-4c03-a120-fc670ddad5b7/container.db to cache
2024-01-26 21:34:14,175 [8aa6f495-09ad-4a32-951c-60d46ecfa148-EndpointStateMachineTaskThread-/0.0.0.0:15002-0 ] INFO  volume.HddsVolume (HddsVolume.java:createDbStore(420)) - SchemaV3 db is created and loaded at /home/runner/work/ozone/ozone/hadoop-ozone/integration-test/target/test-dir/MiniOzoneClusterImpl-1af845c4-9ad0-4304-ad21-7f4426eccdbd/datanode-11/data-0/containers/hdds/1af845c4-9ad0-4304-ad21-7f4426eccdbd/DS-0553a1da-a6c5-4c03-a120-fc670ddad5b7/container.db for volume DS-0553a1da-a6c5-4c03-a120-fc670ddad5b7
2024-01-26 21:34:14,177 [8aa6f495-09ad-4a32-951c-60d46ecfa148-EndpointStateMachineTaskThread-/0.0.0.0:15002-0 ] INFO  volume.ThrottledAsyncChecker (ThrottledAsyncChecker.java:schedule(141)) - Scheduling a check for /home/runner/work/ozone/ozone/hadoop-ozone/integration-test/target/test-dir/MiniOzoneClusterImpl-1af845c4-9ad0-4304-ad21-7f4426eccdbd/datanode-11/data-0/containers/hdds
2024-01-26 21:34:14,179 [8aa6f495-09ad-4a32-951c-60d46ecfa148-EndpointStateMachineTaskThread-/0.0.0.0:15002-0 ] INFO  volume.StorageVolumeChecker (StorageVolumeChecker.java:checkAllVolumes(218)) - Scheduled health check for volume /home/runner/work/ozone/ozone/hadoop-ozone/integration-test/target/test-dir/MiniOzoneClusterImpl-1af845c4-9ad0-4304-ad21-7f4426eccdbd/datanode-11/data-0/containers/hdds
2024-01-26 21:34:14,180 [8aa6f495-09ad-4a32-951c-60d46ecfa148-EndpointStateMachineTaskThread-/0.0.0.0:15002-0 ] INFO  volume.ThrottledAsyncChecker (ThrottledAsyncChecker.java:schedule(141)) - Scheduling a check for /home/runner/work/ozone/ozone/hadoop-ozone/integration-test/target/test-dir/MiniOzoneClusterImpl-1af845c4-9ad0-4304-ad21-7f4426eccdbd/datanode-11/data/ratis
2024-01-26 21:34:14,180 [8aa6f495-09ad-4a32-951c-60d46ecfa148-EndpointStateMachineTaskThread-/0.0.0.0:15002-0 ] INFO  volume.StorageVolumeChecker (StorageVolumeChecker.java:checkAllVolumes(218)) - Scheduled health check for volume /home/runner/work/ozone/ozone/hadoop-ozone/integration-test/target/test-dir/MiniOzoneClusterImpl-1af845c4-9ad0-4304-ad21-7f4426eccdbd/datanode-11/data/ratis
2024-01-26 21:34:14,182 [8aa6f495-09ad-4a32-951c-60d46ecfa148-EndpointStateMachineTaskThread-/0.0.0.0:15002-0 ] INFO  ozoneimpl.OzoneContainer (OzoneContainer.java:start(457)) - Attempting to start container services.
2024-01-26 21:34:14,182 [8aa6f495-09ad-4a32-951c-60d46ecfa148-EndpointStateMachineTaskThread-/0.0.0.0:15002-0 ] INFO  ozoneimpl.OzoneContainer (OzoneContainer.java:startContainerScrub(339)) - Scheduled background container scanners and the on-demand container scanner have been disabled.
2024-01-26 21:34:14,182 [8aa6f495-09ad-4a32-951c-60d46ecfa148-EndpointStateMachineTaskThread-/0.0.0.0:15002-0 ] INFO  replication.ReplicationServer (ReplicationServer.java:start(139)) - ReplicationServer is started using port 15115
2024-01-26 21:34:14,182 [8aa6f495-09ad-4a32-951c-60d46ecfa148-EndpointStateMachineTaskThread-/0.0.0.0:15002-0 ] INFO  ratis.XceiverServerRatis (XceiverServerRatis.java:start(549)) - Starting XceiverServerRatis 8aa6f495-09ad-4a32-951c-60d46ecfa148
2024-01-26 21:34:14,183 [8aa6f495-09ad-4a32-951c-60d46ecfa148-EndpointStateMachineTaskThread-/0.0.0.0:15002-0 ] INFO  server.RaftServer (RaftServerProxy.java:startImpl(406)) - 8aa6f495-09ad-4a32-951c-60d46ecfa148: start RPC server
2024-01-26 21:34:14,183 [8aa6f495-09ad-4a32-951c-60d46ecfa148-EndpointStateMachineTaskThread-/0.0.0.0:15002-0 ] INFO  server.GrpcService (GrpcService.java:startImpl(302)) - 8aa6f495-09ad-4a32-951c-60d46ecfa148: GrpcService started, listening on 15111
2024-01-26 21:34:14,184 [8aa6f495-09ad-4a32-951c-60d46ecfa148-EndpointStateMachineTaskThread-/0.0.0.0:15002-0 ] INFO  server.GrpcService (GrpcService.java:startImpl(302)) - 8aa6f495-09ad-4a32-951c-60d46ecfa148: GrpcService started, listening on 15113
2024-01-26 21:34:14,184 [8aa6f495-09ad-4a32-951c-60d46ecfa148-EndpointStateMachineTaskThread-/0.0.0.0:15002-0 ] INFO  server.GrpcService (GrpcService.java:startImpl(302)) - 8aa6f495-09ad-4a32-951c-60d46ecfa148: GrpcService started, listening on 15112
2024-01-26 21:34:14,184 [8aa6f495-09ad-4a32-951c-60d46ecfa148-EndpointStateMachineTaskThread-/0.0.0.0:15002-0 ] INFO  ratis.XceiverServerRatis (XceiverServerRatis.java:getRealPort(575)) - XceiverServerRatis 8aa6f495-09ad-4a32-951c-60d46ecfa148 is started using port 15111 for RATIS
2024-01-26 21:34:14,184 [8aa6f495-09ad-4a32-951c-60d46ecfa148-EndpointStateMachineTaskThread-/0.0.0.0:15002-0 ] INFO  ratis.XceiverServerRatis (XceiverServerRatis.java:getRealPort(575)) - XceiverServerRatis 8aa6f495-09ad-4a32-951c-60d46ecfa148 is started using port 15112 for RATIS_ADMIN
2024-01-26 21:34:14,184 [8aa6f495-09ad-4a32-951c-60d46ecfa148-EndpointStateMachineTaskThread-/0.0.0.0:15002-0 ] INFO  ratis.XceiverServerRatis (XceiverServerRatis.java:getRealPort(575)) - XceiverServerRatis 8aa6f495-09ad-4a32-951c-60d46ecfa148 is started using port 15113 for RATIS_SERVER
2024-01-26 21:34:14,184 [8aa6f495-09ad-4a32-951c-60d46ecfa148-EndpointStateMachineTaskThread-/0.0.0.0:15002-0 ] INFO  ratis.XceiverServerRatis (XceiverServerRatis.java:getRealPort(575)) - XceiverServerRatis 8aa6f495-09ad-4a32-951c-60d46ecfa148 is started using port 15114 for RATIS_DATASTREAM
2024-01-26 21:34:14,184 [JvmPauseMonitor13] INFO  util.JvmPauseMonitor (JvmPauseMonitor.java:run(146)) - JvmPauseMonitor-8aa6f495-09ad-4a32-951c-60d46ecfa148: Started
2024-01-26 21:34:14,186 [8aa6f495-09ad-4a32-951c-60d46ecfa148-BlockDeletingService#0] INFO  interfaces.ContainerDeletionChoosingPolicyTemplate (ContainerDeletionChoosingPolicyTemplate.java:chooseContainerForBlockDeletion(85)) - Chosen 0/5000 blocks from 0 candidate containers.
2024-01-26 21:34:14,268 [c4b8c6be-c011-4381-a4e2-e95b959e0055-EndpointStateMachineTaskThread-/0.0.0.0:15002-0 ] INFO  utils.DatanodeStoreCache (DatanodeStoreCache.java:addDB(72)) - Added db /home/runner/work/ozone/ozone/hadoop-ozone/integration-test/target/test-dir/MiniOzoneClusterImpl-1af845c4-9ad0-4304-ad21-7f4426eccdbd/datanode-12/data-0/containers/hdds/1af845c4-9ad0-4304-ad21-7f4426eccdbd/DS-5d2018a2-04a3-4af7-9c50-f39e3f1ea587/container.db to cache
2024-01-26 21:34:14,268 [c4b8c6be-c011-4381-a4e2-e95b959e0055-EndpointStateMachineTaskThread-/0.0.0.0:15002-0 ] INFO  volume.HddsVolume (HddsVolume.java:createDbStore(420)) - SchemaV3 db is created and loaded at /home/runner/work/ozone/ozone/hadoop-ozone/integration-test/target/test-dir/MiniOzoneClusterImpl-1af845c4-9ad0-4304-ad21-7f4426eccdbd/datanode-12/data-0/containers/hdds/1af845c4-9ad0-4304-ad21-7f4426eccdbd/DS-5d2018a2-04a3-4af7-9c50-f39e3f1ea587/container.db for volume DS-5d2018a2-04a3-4af7-9c50-f39e3f1ea587
2024-01-26 21:34:14,270 [c4b8c6be-c011-4381-a4e2-e95b959e0055-EndpointStateMachineTaskThread-/0.0.0.0:15002-0 ] INFO  volume.ThrottledAsyncChecker (ThrottledAsyncChecker.java:schedule(141)) - Scheduling a check for /home/runner/work/ozone/ozone/hadoop-ozone/integration-test/target/test-dir/MiniOzoneClusterImpl-1af845c4-9ad0-4304-ad21-7f4426eccdbd/datanode-12/data-0/containers/hdds
2024-01-26 21:34:14,271 [c4b8c6be-c011-4381-a4e2-e95b959e0055-EndpointStateMachineTaskThread-/0.0.0.0:15002-0 ] INFO  volume.StorageVolumeChecker (StorageVolumeChecker.java:checkAllVolumes(218)) - Scheduled health check for volume /home/runner/work/ozone/ozone/hadoop-ozone/integration-test/target/test-dir/MiniOzoneClusterImpl-1af845c4-9ad0-4304-ad21-7f4426eccdbd/datanode-12/data-0/containers/hdds
2024-01-26 21:34:14,272 [c4b8c6be-c011-4381-a4e2-e95b959e0055-EndpointStateMachineTaskThread-/0.0.0.0:15002-0 ] INFO  volume.ThrottledAsyncChecker (ThrottledAsyncChecker.java:schedule(141)) - Scheduling a check for /home/runner/work/ozone/ozone/hadoop-ozone/integration-test/target/test-dir/MiniOzoneClusterImpl-1af845c4-9ad0-4304-ad21-7f4426eccdbd/datanode-12/data/ratis
2024-01-26 21:34:14,272 [c4b8c6be-c011-4381-a4e2-e95b959e0055-EndpointStateMachineTaskThread-/0.0.0.0:15002-0 ] INFO  volume.StorageVolumeChecker (StorageVolumeChecker.java:checkAllVolumes(218)) - Scheduled health check for volume /home/runner/work/ozone/ozone/hadoop-ozone/integration-test/target/test-dir/MiniOzoneClusterImpl-1af845c4-9ad0-4304-ad21-7f4426eccdbd/datanode-12/data/ratis
2024-01-26 21:34:14,273 [c4b8c6be-c011-4381-a4e2-e95b959e0055-EndpointStateMachineTaskThread-/0.0.0.0:15002-0 ] INFO  ozoneimpl.OzoneContainer (OzoneContainer.java:start(457)) - Attempting to start container services.
2024-01-26 21:34:14,273 [c4b8c6be-c011-4381-a4e2-e95b959e0055-EndpointStateMachineTaskThread-/0.0.0.0:15002-0 ] INFO  ozoneimpl.OzoneContainer (OzoneContainer.java:startContainerScrub(339)) - Scheduled background container scanners and the on-demand container scanner have been disabled.
2024-01-26 21:34:14,274 [c4b8c6be-c011-4381-a4e2-e95b959e0055-EndpointStateMachineTaskThread-/0.0.0.0:15002-0 ] INFO  replication.ReplicationServer (ReplicationServer.java:start(139)) - ReplicationServer is started using port 15124
2024-01-26 21:34:14,274 [c4b8c6be-c011-4381-a4e2-e95b959e0055-EndpointStateMachineTaskThread-/0.0.0.0:15002-0 ] INFO  ratis.XceiverServerRatis (XceiverServerRatis.java:start(549)) - Starting XceiverServerRatis c4b8c6be-c011-4381-a4e2-e95b959e0055
2024-01-26 21:34:14,274 [c4b8c6be-c011-4381-a4e2-e95b959e0055-EndpointStateMachineTaskThread-/0.0.0.0:15002-0 ] INFO  server.RaftServer (RaftServerProxy.java:startImpl(406)) - c4b8c6be-c011-4381-a4e2-e95b959e0055: start RPC server
2024-01-26 21:34:14,275 [c4b8c6be-c011-4381-a4e2-e95b959e0055-EndpointStateMachineTaskThread-/0.0.0.0:15002-0 ] INFO  server.GrpcService (GrpcService.java:startImpl(302)) - c4b8c6be-c011-4381-a4e2-e95b959e0055: GrpcService started, listening on 15120
2024-01-26 21:34:14,275 [c4b8c6be-c011-4381-a4e2-e95b959e0055-EndpointStateMachineTaskThread-/0.0.0.0:15002-0 ] INFO  server.GrpcService (GrpcService.java:startImpl(302)) - c4b8c6be-c011-4381-a4e2-e95b959e0055: GrpcService started, listening on 15122
2024-01-26 21:34:14,275 [c4b8c6be-c011-4381-a4e2-e95b959e0055-EndpointStateMachineTaskThread-/0.0.0.0:15002-0 ] INFO  server.GrpcService (GrpcService.java:startImpl(302)) - c4b8c6be-c011-4381-a4e2-e95b959e0055: GrpcService started, listening on 15121
2024-01-26 21:34:14,275 [c4b8c6be-c011-4381-a4e2-e95b959e0055-EndpointStateMachineTaskThread-/0.0.0.0:15002-0 ] INFO  ratis.XceiverServerRatis (XceiverServerRatis.java:getRealPort(575)) - XceiverServerRatis c4b8c6be-c011-4381-a4e2-e95b959e0055 is started using port 15120 for RATIS
2024-01-26 21:34:14,275 [JvmPauseMonitor14] INFO  util.JvmPauseMonitor (JvmPauseMonitor.java:run(146)) - JvmPauseMonitor-c4b8c6be-c011-4381-a4e2-e95b959e0055: Started
2024-01-26 21:34:14,275 [c4b8c6be-c011-4381-a4e2-e95b959e0055-EndpointStateMachineTaskThread-/0.0.0.0:15002-0 ] INFO  ratis.XceiverServerRatis (XceiverServerRatis.java:getRealPort(575)) - XceiverServerRatis c4b8c6be-c011-4381-a4e2-e95b959e0055 is started using port 15121 for RATIS_ADMIN
2024-01-26 21:34:14,276 [c4b8c6be-c011-4381-a4e2-e95b959e0055-EndpointStateMachineTaskThread-/0.0.0.0:15002-0 ] INFO  ratis.XceiverServerRatis (XceiverServerRatis.java:getRealPort(575)) - XceiverServerRatis c4b8c6be-c011-4381-a4e2-e95b959e0055 is started using port 15122 for RATIS_SERVER
2024-01-26 21:34:14,276 [c4b8c6be-c011-4381-a4e2-e95b959e0055-EndpointStateMachineTaskThread-/0.0.0.0:15002-0 ] INFO  ratis.XceiverServerRatis (XceiverServerRatis.java:getRealPort(575)) - XceiverServerRatis c4b8c6be-c011-4381-a4e2-e95b959e0055 is started using port 15123 for RATIS_DATASTREAM
2024-01-26 21:34:14,277 [c4b8c6be-c011-4381-a4e2-e95b959e0055-BlockDeletingService#0] INFO  interfaces.ContainerDeletionChoosingPolicyTemplate (ContainerDeletionChoosingPolicyTemplate.java:chooseContainerForBlockDeletion(85)) - Chosen 0/5000 blocks from 0 candidate containers.
2024-01-26 21:34:14,366 [main] INFO  ozone.MiniOzoneClusterImpl (MiniOzoneClusterImpl.java:lambda$waitForClusterToBeReady$0(229)) - Waiting for nodes to be ready. Got 0 of 14 DN Heartbeats.
2024-01-26 21:34:14,366 [main] INFO  ozone.MiniOzoneClusterImpl (MiniOzoneClusterImpl.java:lambda$waitForClusterToBeReady$0(232)) - Waiting for cluster to exit safe mode
2024-01-26 21:34:14,366 [main] INFO  ozone.MiniOzoneClusterImpl (MiniOzoneClusterImpl.java:lambda$waitForClusterToBeReady$0(234)) - SCM became leader
2024-01-26 21:34:14,392 [8941232b-d533-4e67-b9a7-e63de09e5ea8-EndpointStateMachineTaskThread-/0.0.0.0:15002-0 ] INFO  utils.DatanodeStoreCache (DatanodeStoreCache.java:addDB(72)) - Added db /home/runner/work/ozone/ozone/hadoop-ozone/integration-test/target/test-dir/MiniOzoneClusterImpl-1af845c4-9ad0-4304-ad21-7f4426eccdbd/datanode-13/data-0/containers/hdds/1af845c4-9ad0-4304-ad21-7f4426eccdbd/DS-3b99463e-9971-4b9d-a0c9-1e1e422e8ee8/container.db to cache
2024-01-26 21:34:14,392 [8941232b-d533-4e67-b9a7-e63de09e5ea8-EndpointStateMachineTaskThread-/0.0.0.0:15002-0 ] INFO  volume.HddsVolume (HddsVolume.java:createDbStore(420)) - SchemaV3 db is created and loaded at /home/runner/work/ozone/ozone/hadoop-ozone/integration-test/target/test-dir/MiniOzoneClusterImpl-1af845c4-9ad0-4304-ad21-7f4426eccdbd/datanode-13/data-0/containers/hdds/1af845c4-9ad0-4304-ad21-7f4426eccdbd/DS-3b99463e-9971-4b9d-a0c9-1e1e422e8ee8/container.db for volume DS-3b99463e-9971-4b9d-a0c9-1e1e422e8ee8
2024-01-26 21:34:14,394 [8941232b-d533-4e67-b9a7-e63de09e5ea8-EndpointStateMachineTaskThread-/0.0.0.0:15002-0 ] INFO  volume.ThrottledAsyncChecker (ThrottledAsyncChecker.java:schedule(141)) - Scheduling a check for /home/runner/work/ozone/ozone/hadoop-ozone/integration-test/target/test-dir/MiniOzoneClusterImpl-1af845c4-9ad0-4304-ad21-7f4426eccdbd/datanode-13/data-0/containers/hdds
2024-01-26 21:34:14,394 [8941232b-d533-4e67-b9a7-e63de09e5ea8-EndpointStateMachineTaskThread-/0.0.0.0:15002-0 ] INFO  volume.StorageVolumeChecker (StorageVolumeChecker.java:checkAllVolumes(218)) - Scheduled health check for volume /home/runner/work/ozone/ozone/hadoop-ozone/integration-test/target/test-dir/MiniOzoneClusterImpl-1af845c4-9ad0-4304-ad21-7f4426eccdbd/datanode-13/data-0/containers/hdds
2024-01-26 21:34:14,396 [8941232b-d533-4e67-b9a7-e63de09e5ea8-EndpointStateMachineTaskThread-/0.0.0.0:15002-0 ] INFO  volume.ThrottledAsyncChecker (ThrottledAsyncChecker.java:schedule(141)) - Scheduling a check for /home/runner/work/ozone/ozone/hadoop-ozone/integration-test/target/test-dir/MiniOzoneClusterImpl-1af845c4-9ad0-4304-ad21-7f4426eccdbd/datanode-13/data/ratis
2024-01-26 21:34:14,396 [8941232b-d533-4e67-b9a7-e63de09e5ea8-EndpointStateMachineTaskThread-/0.0.0.0:15002-0 ] INFO  volume.StorageVolumeChecker (StorageVolumeChecker.java:checkAllVolumes(218)) - Scheduled health check for volume /home/runner/work/ozone/ozone/hadoop-ozone/integration-test/target/test-dir/MiniOzoneClusterImpl-1af845c4-9ad0-4304-ad21-7f4426eccdbd/datanode-13/data/ratis
2024-01-26 21:34:14,397 [8941232b-d533-4e67-b9a7-e63de09e5ea8-EndpointStateMachineTaskThread-/0.0.0.0:15002-0 ] INFO  ozoneimpl.OzoneContainer (OzoneContainer.java:start(457)) - Attempting to start container services.
2024-01-26 21:34:14,397 [8941232b-d533-4e67-b9a7-e63de09e5ea8-EndpointStateMachineTaskThread-/0.0.0.0:15002-0 ] INFO  ozoneimpl.OzoneContainer (OzoneContainer.java:startContainerScrub(339)) - Scheduled background container scanners and the on-demand container scanner have been disabled.
2024-01-26 21:34:14,398 [8941232b-d533-4e67-b9a7-e63de09e5ea8-EndpointStateMachineTaskThread-/0.0.0.0:15002-0 ] INFO  replication.ReplicationServer (ReplicationServer.java:start(139)) - ReplicationServer is started using port 15133
2024-01-26 21:34:14,398 [8941232b-d533-4e67-b9a7-e63de09e5ea8-EndpointStateMachineTaskThread-/0.0.0.0:15002-0 ] INFO  ratis.XceiverServerRatis (XceiverServerRatis.java:start(549)) - Starting XceiverServerRatis 8941232b-d533-4e67-b9a7-e63de09e5ea8
2024-01-26 21:34:14,399 [8941232b-d533-4e67-b9a7-e63de09e5ea8-EndpointStateMachineTaskThread-/0.0.0.0:15002-0 ] INFO  server.RaftServer (RaftServerProxy.java:startImpl(406)) - 8941232b-d533-4e67-b9a7-e63de09e5ea8: start RPC server
2024-01-26 21:34:14,399 [8941232b-d533-4e67-b9a7-e63de09e5ea8-EndpointStateMachineTaskThread-/0.0.0.0:15002-0 ] INFO  server.GrpcService (GrpcService.java:startImpl(302)) - 8941232b-d533-4e67-b9a7-e63de09e5ea8: GrpcService started, listening on 15129
2024-01-26 21:34:14,399 [8941232b-d533-4e67-b9a7-e63de09e5ea8-EndpointStateMachineTaskThread-/0.0.0.0:15002-0 ] INFO  server.GrpcService (GrpcService.java:startImpl(302)) - 8941232b-d533-4e67-b9a7-e63de09e5ea8: GrpcService started, listening on 15131
2024-01-26 21:34:14,400 [8941232b-d533-4e67-b9a7-e63de09e5ea8-EndpointStateMachineTaskThread-/0.0.0.0:15002-0 ] INFO  server.GrpcService (GrpcService.java:startImpl(302)) - 8941232b-d533-4e67-b9a7-e63de09e5ea8: GrpcService started, listening on 15130
2024-01-26 21:34:14,400 [8941232b-d533-4e67-b9a7-e63de09e5ea8-EndpointStateMachineTaskThread-/0.0.0.0:15002-0 ] INFO  ratis.XceiverServerRatis (XceiverServerRatis.java:getRealPort(575)) - XceiverServerRatis 8941232b-d533-4e67-b9a7-e63de09e5ea8 is started using port 15129 for RATIS
2024-01-26 21:34:14,400 [8941232b-d533-4e67-b9a7-e63de09e5ea8-EndpointStateMachineTaskThread-/0.0.0.0:15002-0 ] INFO  ratis.XceiverServerRatis (XceiverServerRatis.java:getRealPort(575)) - XceiverServerRatis 8941232b-d533-4e67-b9a7-e63de09e5ea8 is started using port 15130 for RATIS_ADMIN
2024-01-26 21:34:14,400 [8941232b-d533-4e67-b9a7-e63de09e5ea8-EndpointStateMachineTaskThread-/0.0.0.0:15002-0 ] INFO  ratis.XceiverServerRatis (XceiverServerRatis.java:getRealPort(575)) - XceiverServerRatis 8941232b-d533-4e67-b9a7-e63de09e5ea8 is started using port 15131 for RATIS_SERVER
2024-01-26 21:34:14,400 [8941232b-d533-4e67-b9a7-e63de09e5ea8-EndpointStateMachineTaskThread-/0.0.0.0:15002-0 ] INFO  ratis.XceiverServerRatis (XceiverServerRatis.java:getRealPort(575)) - XceiverServerRatis 8941232b-d533-4e67-b9a7-e63de09e5ea8 is started using port 15132 for RATIS_DATASTREAM
2024-01-26 21:34:14,400 [JvmPauseMonitor15] INFO  util.JvmPauseMonitor (JvmPauseMonitor.java:run(146)) - JvmPauseMonitor-8941232b-d533-4e67-b9a7-e63de09e5ea8: Started
2024-01-26 21:34:14,403 [8941232b-d533-4e67-b9a7-e63de09e5ea8-BlockDeletingService#0] INFO  interfaces.ContainerDeletionChoosingPolicyTemplate (ContainerDeletionChoosingPolicyTemplate.java:chooseContainerForBlockDeletion(85)) - Chosen 0/5000 blocks from 0 candidate containers.
2024-01-26 21:34:14,727 [IPC Server handler 22 on default port 15002] INFO  net.NetworkTopologyImpl (NetworkTopologyImpl.java:add(124)) - Added a new node: /default-rack/67e21e31-4dca-48e2-85b4-2f4b1b69db84
2024-01-26 21:34:14,729 [IPC Server handler 22 on default port 15002] INFO  node.SCMNodeManager (SCMNodeManager.java:register(421)) - Registered datanode: 67e21e31-4dca-48e2-85b4-2f4b1b69db84{ip: 10.1.0.5, host: fv-az1566-86.204dmbdutxxevaxlgbjnwxhbkd.phxx.internal.cloudapp.net, ports: [HTTP=15009, CLIENT_RPC=15010, REPLICATION=15016, RATIS=15012, RATIS_ADMIN=15013, RATIS_SERVER=15014, RATIS_DATASTREAM=15015, STANDALONE=15011], networkLocation: /default-rack, certSerialId: null, persistedOpState: null, persistedOpStateExpiryEpochSec: 0}
2024-01-26 21:34:14,732 [EventQueue-NewNodeForNewNodeHandler] INFO  pipeline.BackgroundPipelineCreator (BackgroundPipelineCreator.java:notifyEventTriggered(280)) - trigger a one-shot run on RatisPipelineUtilsThread.
2024-01-26 21:34:14,734 [EventQueue-NodeRegistrationContainerReportForContainerSafeModeRule] INFO  safemode.SCMSafeModeManager (SCMSafeModeManager.java:validateSafeModeExitRules(200)) - ContainerSafeModeRule rule is successfully validated
2024-01-26 21:34:14,735 [EventQueue-NodeRegistrationContainerReportForDataNodeSafeModeRule] INFO  safemode.SCMSafeModeManager (DataNodeSafeModeRule.java:process(71)) - SCM in safe mode. 1 DataNodes registered, 3 required.
2024-01-26 21:34:14,743 [EventQueue-PipelineReportForOneReplicaPipelineSafeModeRule] INFO  safemode.SCMSafeModeManager (SCMSafeModeManager.java:validateSafeModeExitRules(200)) - AtleastOneDatanodeReportedRule rule is successfully validated
2024-01-26 21:34:14,743 [RatisPipelineUtilsThread-0] INFO  pipeline.RatisPipelineProvider (RatisPipelineProvider.java:lambda$create$0(206)) - Sending CreatePipelineCommand for pipeline:PipelineID=8b1b8c84-e774-48d5-bd5f-639f76320631 to datanode:67e21e31-4dca-48e2-85b4-2f4b1b69db84
2024-01-26 21:34:14,753 [RatisPipelineUtilsThread-0] INFO  pipeline.BackgroundPipelineCreator (BackgroundPipelineCreator.java:createPipelines(236)) - Created new pipeline Pipeline[ Id: 8b1b8c84-e774-48d5-bd5f-639f76320631, Nodes: 67e21e31-4dca-48e2-85b4-2f4b1b69db84(fv-az1566-86.204dmbdutxxevaxlgbjnwxhbkd.phxx.internal.cloudapp.net/10.1.0.5), ReplicationConfig: RATIS/ONE, State:ALLOCATED, leaderId:, CreationTimestamp2024-01-26T21:34:14.739Z[Etc/UTC]]
2024-01-26 21:34:14,878 [IPC Server handler 99 on default port 15002] INFO  net.NetworkTopologyImpl (NetworkTopologyImpl.java:add(124)) - Added a new node: /default-rack/a4a3addc-657d-412b-928e-3d6f899db221
2024-01-26 21:34:14,878 [IPC Server handler 99 on default port 15002] INFO  node.SCMNodeManager (SCMNodeManager.java:register(421)) - Registered datanode: a4a3addc-657d-412b-928e-3d6f899db221{ip: 10.1.0.5, host: fv-az1566-86.204dmbdutxxevaxlgbjnwxhbkd.phxx.internal.cloudapp.net, ports: [HTTP=15018, CLIENT_RPC=15019, REPLICATION=15025, RATIS=15021, RATIS_ADMIN=15022, RATIS_SERVER=15023, RATIS_DATASTREAM=15024, STANDALONE=15020], networkLocation: /default-rack, certSerialId: null, persistedOpState: null, persistedOpStateExpiryEpochSec: 0}
2024-01-26 21:34:14,880 [EventQueue-NodeRegistrationContainerReportForDataNodeSafeModeRule] INFO  safemode.SCMSafeModeManager (DataNodeSafeModeRule.java:process(71)) - SCM in safe mode. 2 DataNodes registered, 3 required.
2024-01-26 21:34:14,880 [EventQueue-NewNodeForNewNodeHandler] INFO  pipeline.BackgroundPipelineCreator (BackgroundPipelineCreator.java:notifyEventTriggered(280)) - trigger a one-shot run on RatisPipelineUtilsThread.
2024-01-26 21:34:14,881 [RatisPipelineUtilsThread-0] INFO  pipeline.RatisPipelineProvider (RatisPipelineProvider.java:lambda$create$0(206)) - Sending CreatePipelineCommand for pipeline:PipelineID=e0e0a856-02a7-4a88-b4a5-d485a5548eae to datanode:a4a3addc-657d-412b-928e-3d6f899db221
2024-01-26 21:34:14,882 [RatisPipelineUtilsThread-0] INFO  pipeline.BackgroundPipelineCreator (BackgroundPipelineCreator.java:createPipelines(236)) - Created new pipeline Pipeline[ Id: e0e0a856-02a7-4a88-b4a5-d485a5548eae, Nodes: a4a3addc-657d-412b-928e-3d6f899db221(fv-az1566-86.204dmbdutxxevaxlgbjnwxhbkd.phxx.internal.cloudapp.net/10.1.0.5), ReplicationConfig: RATIS/ONE, State:ALLOCATED, leaderId:, CreationTimestamp2024-01-26T21:34:14.881Z[Etc/UTC]]
2024-01-26 21:34:15,018 [IPC Server handler 24 on default port 15002] INFO  net.NetworkTopologyImpl (NetworkTopologyImpl.java:add(124)) - Added a new node: /default-rack/c424f152-b0b1-403f-ad43-57b6eddc8681
2024-01-26 21:34:15,018 [IPC Server handler 24 on default port 15002] INFO  node.SCMNodeManager (SCMNodeManager.java:register(421)) - Registered datanode: c424f152-b0b1-403f-ad43-57b6eddc8681{ip: 10.1.0.5, host: fv-az1566-86.204dmbdutxxevaxlgbjnwxhbkd.phxx.internal.cloudapp.net, ports: [HTTP=15027, CLIENT_RPC=15028, REPLICATION=15034, RATIS=15030, RATIS_ADMIN=15031, RATIS_SERVER=15032, RATIS_DATASTREAM=15033, STANDALONE=15029], networkLocation: /default-rack, certSerialId: null, persistedOpState: null, persistedOpStateExpiryEpochSec: 0}
2024-01-26 21:34:15,018 [EventQueue-NewNodeForNewNodeHandler] INFO  pipeline.BackgroundPipelineCreator (BackgroundPipelineCreator.java:notifyEventTriggered(280)) - trigger a one-shot run on RatisPipelineUtilsThread.
2024-01-26 21:34:15,018 [EventQueue-NodeRegistrationContainerReportForDataNodeSafeModeRule] INFO  safemode.SCMSafeModeManager (DataNodeSafeModeRule.java:process(71)) - SCM in safe mode. 3 DataNodes registered, 3 required.
2024-01-26 21:34:15,019 [EventQueue-NodeRegistrationContainerReportForDataNodeSafeModeRule] INFO  safemode.SCMSafeModeManager (SCMSafeModeManager.java:validateSafeModeExitRules(200)) - DataNodeSafeModeRule rule is successfully validated
2024-01-26 21:34:15,021 [EventQueue-NodeRegistrationContainerReportForDataNodeSafeModeRule] INFO  safemode.SCMSafeModeManager (SCMSafeModeManager.java:completePreCheck(229)) - All SCM safe mode pre check rules have passed
2024-01-26 21:34:15,021 [EventQueue-NodeRegistrationContainerReportForDataNodeSafeModeRule] INFO  ha.SCMContext (SCMContext.java:updateSafeModeStatus(230)) - Update SafeModeStatus from SafeModeStatus{safeModeStatus=true, preCheckPassed=false} to SafeModeStatus{safeModeStatus=true, preCheckPassed=true}.
2024-01-26 21:34:15,021 [EventQueue-NodeRegistrationContainerReportForDataNodeSafeModeRule] INFO  pipeline.BackgroundPipelineCreator (BackgroundPipelineCreator.java:notifyEventTriggered(280)) - trigger a one-shot run on RatisPipelineUtilsThread.
2024-01-26 21:34:15,019 [RatisPipelineUtilsThread-0] INFO  pipeline.RatisPipelineProvider (RatisPipelineProvider.java:lambda$create$0(206)) - Sending CreatePipelineCommand for pipeline:PipelineID=25e19105-000f-4bc1-8677-580522c23da7 to datanode:c424f152-b0b1-403f-ad43-57b6eddc8681
2024-01-26 21:34:15,022 [RatisPipelineUtilsThread-0] INFO  pipeline.BackgroundPipelineCreator (BackgroundPipelineCreator.java:createPipelines(236)) - Created new pipeline Pipeline[ Id: 25e19105-000f-4bc1-8677-580522c23da7, Nodes: c424f152-b0b1-403f-ad43-57b6eddc8681(fv-az1566-86.204dmbdutxxevaxlgbjnwxhbkd.phxx.internal.cloudapp.net/10.1.0.5), ReplicationConfig: RATIS/ONE, State:ALLOCATED, leaderId:, CreationTimestamp2024-01-26T21:34:15.019Z[Etc/UTC]]
2024-01-26 21:34:15,025 [RatisPipelineUtilsThread-0] INFO  pipeline.RatisPipelineProvider (RatisPipelineProvider.java:lambda$create$0(206)) - Sending CreatePipelineCommand for pipeline:PipelineID=6bb2a1d8-6a1b-481f-bac4-db88475e5c12 to datanode:67e21e31-4dca-48e2-85b4-2f4b1b69db84
2024-01-26 21:34:15,025 [RatisPipelineUtilsThread-0] INFO  pipeline.RatisPipelineProvider (RatisPipelineProvider.java:lambda$create$0(206)) - Sending CreatePipelineCommand for pipeline:PipelineID=6bb2a1d8-6a1b-481f-bac4-db88475e5c12 to datanode:c424f152-b0b1-403f-ad43-57b6eddc8681
2024-01-26 21:34:15,025 [RatisPipelineUtilsThread-0] INFO  pipeline.RatisPipelineProvider (RatisPipelineProvider.java:lambda$create$0(206)) - Sending CreatePipelineCommand for pipeline:PipelineID=6bb2a1d8-6a1b-481f-bac4-db88475e5c12 to datanode:a4a3addc-657d-412b-928e-3d6f899db221
2024-01-26 21:34:15,027 [RatisPipelineUtilsThread-0] INFO  pipeline.BackgroundPipelineCreator (BackgroundPipelineCreator.java:createPipelines(236)) - Created new pipeline Pipeline[ Id: 6bb2a1d8-6a1b-481f-bac4-db88475e5c12, Nodes: 67e21e31-4dca-48e2-85b4-2f4b1b69db84(fv-az1566-86.204dmbdutxxevaxlgbjnwxhbkd.phxx.internal.cloudapp.net/10.1.0.5)c424f152-b0b1-403f-ad43-57b6eddc8681(fv-az1566-86.204dmbdutxxevaxlgbjnwxhbkd.phxx.internal.cloudapp.net/10.1.0.5)a4a3addc-657d-412b-928e-3d6f899db221(fv-az1566-86.204dmbdutxxevaxlgbjnwxhbkd.phxx.internal.cloudapp.net/10.1.0.5), ReplicationConfig: RATIS/THREE, State:ALLOCATED, leaderId:, CreationTimestamp2024-01-26T21:34:15.025Z[Etc/UTC]]
2024-01-26 21:34:15,028 [RatisPipelineUtilsThread-0] INFO  pipeline.RatisPipelineProvider (RatisPipelineProvider.java:lambda$create$0(206)) - Sending CreatePipelineCommand for pipeline:PipelineID=15d2e455-1fb4-4503-ac7a-c50f9a8fb292 to datanode:67e21e31-4dca-48e2-85b4-2f4b1b69db84
2024-01-26 21:34:15,028 [RatisPipelineUtilsThread-0] INFO  pipeline.RatisPipelineProvider (RatisPipelineProvider.java:lambda$create$0(206)) - Sending CreatePipelineCommand for pipeline:PipelineID=15d2e455-1fb4-4503-ac7a-c50f9a8fb292 to datanode:a4a3addc-657d-412b-928e-3d6f899db221
2024-01-26 21:34:15,028 [RatisPipelineUtilsThread-0] INFO  pipeline.RatisPipelineProvider (RatisPipelineProvider.java:lambda$create$0(206)) - Sending CreatePipelineCommand for pipeline:PipelineID=15d2e455-1fb4-4503-ac7a-c50f9a8fb292 to datanode:c424f152-b0b1-403f-ad43-57b6eddc8681
2024-01-26 21:34:15,029 [RatisPipelineUtilsThread-0] INFO  pipeline.PipelineManagerImpl (PipelineManagerImpl.java:recordMetricsForPipeline(916)) - Pipeline: PipelineID=15d2e455-1fb4-4503-ac7a-c50f9a8fb292 contains same datanodes as previous pipelines: PipelineID=6bb2a1d8-6a1b-481f-bac4-db88475e5c12 nodeIds: 67e21e31-4dca-48e2-85b4-2f4b1b69db84, a4a3addc-657d-412b-928e-3d6f899db221, c424f152-b0b1-403f-ad43-57b6eddc8681
2024-01-26 21:34:15,029 [RatisPipelineUtilsThread-0] INFO  pipeline.BackgroundPipelineCreator (BackgroundPipelineCreator.java:createPipelines(236)) - Created new pipeline Pipeline[ Id: 15d2e455-1fb4-4503-ac7a-c50f9a8fb292, Nodes: 67e21e31-4dca-48e2-85b4-2f4b1b69db84(fv-az1566-86.204dmbdutxxevaxlgbjnwxhbkd.phxx.internal.cloudapp.net/10.1.0.5)a4a3addc-657d-412b-928e-3d6f899db221(fv-az1566-86.204dmbdutxxevaxlgbjnwxhbkd.phxx.internal.cloudapp.net/10.1.0.5)c424f152-b0b1-403f-ad43-57b6eddc8681(fv-az1566-86.204dmbdutxxevaxlgbjnwxhbkd.phxx.internal.cloudapp.net/10.1.0.5), ReplicationConfig: RATIS/THREE, State:ALLOCATED, leaderId:, CreationTimestamp2024-01-26T21:34:15.028Z[Etc/UTC]]
2024-01-26 21:34:15,173 [IPC Server handler 8 on default port 15002] INFO  net.NetworkTopologyImpl (NetworkTopologyImpl.java:add(124)) - Added a new node: /default-rack/4166fb02-ca0d-4de6-a961-378c6a3b2890
2024-01-26 21:34:15,174 [IPC Server handler 8 on default port 15002] INFO  node.SCMNodeManager (SCMNodeManager.java:register(421)) - Registered datanode: 4166fb02-ca0d-4de6-a961-378c6a3b2890{ip: 10.1.0.5, host: fv-az1566-86.204dmbdutxxevaxlgbjnwxhbkd.phxx.internal.cloudapp.net, ports: [HTTP=15036, CLIENT_RPC=15037, REPLICATION=15043, RATIS=15039, RATIS_ADMIN=15040, RATIS_SERVER=15041, RATIS_DATASTREAM=15042, STANDALONE=15038], networkLocation: /default-rack, certSerialId: null, persistedOpState: null, persistedOpStateExpiryEpochSec: 0}
2024-01-26 21:34:15,174 [EventQueue-NewNodeForNewNodeHandler] INFO  pipeline.BackgroundPipelineCreator (BackgroundPipelineCreator.java:notifyEventTriggered(280)) - trigger a one-shot run on RatisPipelineUtilsThread.
2024-01-26 21:34:15,175 [RatisPipelineUtilsThread-0] INFO  pipeline.RatisPipelineProvider (RatisPipelineProvider.java:lambda$create$0(206)) - Sending CreatePipelineCommand for pipeline:PipelineID=fccb4f77-00b2-4980-83ce-dfe281d66e6e to datanode:4166fb02-ca0d-4de6-a961-378c6a3b2890
2024-01-26 21:34:15,176 [RatisPipelineUtilsThread-0] INFO  pipeline.BackgroundPipelineCreator (BackgroundPipelineCreator.java:createPipelines(236)) - Created new pipeline Pipeline[ Id: fccb4f77-00b2-4980-83ce-dfe281d66e6e, Nodes: 4166fb02-ca0d-4de6-a961-378c6a3b2890(fv-az1566-86.204dmbdutxxevaxlgbjnwxhbkd.phxx.internal.cloudapp.net/10.1.0.5), ReplicationConfig: RATIS/ONE, State:ALLOCATED, leaderId:, CreationTimestamp2024-01-26T21:34:15.175Z[Etc/UTC]]
2024-01-26 21:34:15,326 [IPC Server handler 21 on default port 15002] INFO  net.NetworkTopologyImpl (NetworkTopologyImpl.java:add(124)) - Added a new node: /default-rack/209e1d4e-6bc3-40d2-a53c-4015c1ab1ac0
2024-01-26 21:34:15,327 [IPC Server handler 21 on default port 15002] INFO  node.SCMNodeManager (SCMNodeManager.java:register(421)) - Registered datanode: 209e1d4e-6bc3-40d2-a53c-4015c1ab1ac0{ip: 10.1.0.5, host: fv-az1566-86.204dmbdutxxevaxlgbjnwxhbkd.phxx.internal.cloudapp.net, ports: [HTTP=15045, CLIENT_RPC=15046, REPLICATION=15052, RATIS=15048, RATIS_ADMIN=15049, RATIS_SERVER=15050, RATIS_DATASTREAM=15051, STANDALONE=15047], networkLocation: /default-rack, certSerialId: null, persistedOpState: null, persistedOpStateExpiryEpochSec: 0}
2024-01-26 21:34:15,327 [EventQueue-NewNodeForNewNodeHandler] INFO  pipeline.BackgroundPipelineCreator (BackgroundPipelineCreator.java:notifyEventTriggered(280)) - trigger a one-shot run on RatisPipelineUtilsThread.
2024-01-26 21:34:15,327 [RatisPipelineUtilsThread-0] INFO  pipeline.RatisPipelineProvider (RatisPipelineProvider.java:lambda$create$0(206)) - Sending CreatePipelineCommand for pipeline:PipelineID=161c742c-fe81-4030-83f8-87764b08ed82 to datanode:209e1d4e-6bc3-40d2-a53c-4015c1ab1ac0
2024-01-26 21:34:15,329 [RatisPipelineUtilsThread-0] INFO  pipeline.BackgroundPipelineCreator (BackgroundPipelineCreator.java:createPipelines(236)) - Created new pipeline Pipeline[ Id: 161c742c-fe81-4030-83f8-87764b08ed82, Nodes: 209e1d4e-6bc3-40d2-a53c-4015c1ab1ac0(fv-az1566-86.204dmbdutxxevaxlgbjnwxhbkd.phxx.internal.cloudapp.net/10.1.0.5), ReplicationConfig: RATIS/ONE, State:ALLOCATED, leaderId:, CreationTimestamp2024-01-26T21:34:15.327Z[Etc/UTC]]
2024-01-26 21:34:15,366 [main] INFO  ozone.MiniOzoneClusterImpl (MiniOzoneClusterImpl.java:lambda$waitForClusterToBeReady$0(229)) - Waiting for nodes to be ready. Got 5 of 14 DN Heartbeats.
2024-01-26 21:34:15,366 [main] INFO  ozone.MiniOzoneClusterImpl (MiniOzoneClusterImpl.java:lambda$waitForClusterToBeReady$0(232)) - Waiting for cluster to exit safe mode
2024-01-26 21:34:15,367 [main] INFO  ozone.MiniOzoneClusterImpl (MiniOzoneClusterImpl.java:lambda$waitForClusterToBeReady$0(234)) - SCM became leader
2024-01-26 21:34:15,461 [IPC Server handler 18 on default port 15002] INFO  net.NetworkTopologyImpl (NetworkTopologyImpl.java:add(124)) - Added a new node: /default-rack/7564b097-4325-4468-ae97-837bc55d7172
2024-01-26 21:34:15,462 [IPC Server handler 18 on default port 15002] INFO  node.SCMNodeManager (SCMNodeManager.java:register(421)) - Registered datanode: 7564b097-4325-4468-ae97-837bc55d7172{ip: 10.1.0.5, host: fv-az1566-86.204dmbdutxxevaxlgbjnwxhbkd.phxx.internal.cloudapp.net, ports: [HTTP=15054, CLIENT_RPC=15055, REPLICATION=15061, RATIS=15057, RATIS_ADMIN=15058, RATIS_SERVER=15059, RATIS_DATASTREAM=15060, STANDALONE=15056], networkLocation: /default-rack, certSerialId: null, persistedOpState: null, persistedOpStateExpiryEpochSec: 0}
2024-01-26 21:34:15,463 [EventQueue-NewNodeForNewNodeHandler] INFO  pipeline.BackgroundPipelineCreator (BackgroundPipelineCreator.java:notifyEventTriggered(280)) - trigger a one-shot run on RatisPipelineUtilsThread.
2024-01-26 21:34:15,463 [RatisPipelineUtilsThread-0] INFO  pipeline.RatisPipelineProvider (RatisPipelineProvider.java:lambda$create$0(206)) - Sending CreatePipelineCommand for pipeline:PipelineID=a1d9d27d-bd37-488a-9cca-5280781f6cfd to datanode:7564b097-4325-4468-ae97-837bc55d7172
2024-01-26 21:34:15,465 [RatisPipelineUtilsThread-0] INFO  pipeline.BackgroundPipelineCreator (BackgroundPipelineCreator.java:createPipelines(236)) - Created new pipeline Pipeline[ Id: a1d9d27d-bd37-488a-9cca-5280781f6cfd, Nodes: 7564b097-4325-4468-ae97-837bc55d7172(fv-az1566-86.204dmbdutxxevaxlgbjnwxhbkd.phxx.internal.cloudapp.net/10.1.0.5), ReplicationConfig: RATIS/ONE, State:ALLOCATED, leaderId:, CreationTimestamp2024-01-26T21:34:15.463Z[Etc/UTC]]
2024-01-26 21:34:15,465 [RatisPipelineUtilsThread-0] INFO  pipeline.RatisPipelineProvider (RatisPipelineProvider.java:lambda$create$0(206)) - Sending CreatePipelineCommand for pipeline:PipelineID=e8f02a36-9888-42d8-bc87-6aeb2531d713 to datanode:4166fb02-ca0d-4de6-a961-378c6a3b2890
2024-01-26 21:34:15,465 [RatisPipelineUtilsThread-0] INFO  pipeline.RatisPipelineProvider (RatisPipelineProvider.java:lambda$create$0(206)) - Sending CreatePipelineCommand for pipeline:PipelineID=e8f02a36-9888-42d8-bc87-6aeb2531d713 to datanode:7564b097-4325-4468-ae97-837bc55d7172
2024-01-26 21:34:15,465 [RatisPipelineUtilsThread-0] INFO  pipeline.RatisPipelineProvider (RatisPipelineProvider.java:lambda$create$0(206)) - Sending CreatePipelineCommand for pipeline:PipelineID=e8f02a36-9888-42d8-bc87-6aeb2531d713 to datanode:209e1d4e-6bc3-40d2-a53c-4015c1ab1ac0
2024-01-26 21:34:15,466 [RatisPipelineUtilsThread-0] INFO  pipeline.BackgroundPipelineCreator (BackgroundPipelineCreator.java:createPipelines(236)) - Created new pipeline Pipeline[ Id: e8f02a36-9888-42d8-bc87-6aeb2531d713, Nodes: 4166fb02-ca0d-4de6-a961-378c6a3b2890(fv-az1566-86.204dmbdutxxevaxlgbjnwxhbkd.phxx.internal.cloudapp.net/10.1.0.5)7564b097-4325-4468-ae97-837bc55d7172(fv-az1566-86.204dmbdutxxevaxlgbjnwxhbkd.phxx.internal.cloudapp.net/10.1.0.5)209e1d4e-6bc3-40d2-a53c-4015c1ab1ac0(fv-az1566-86.204dmbdutxxevaxlgbjnwxhbkd.phxx.internal.cloudapp.net/10.1.0.5), ReplicationConfig: RATIS/THREE, State:ALLOCATED, leaderId:, CreationTimestamp2024-01-26T21:34:15.465Z[Etc/UTC]]
2024-01-26 21:34:15,468 [RatisPipelineUtilsThread-0] INFO  pipeline.RatisPipelineProvider (RatisPipelineProvider.java:lambda$create$0(206)) - Sending CreatePipelineCommand for pipeline:PipelineID=fe620031-71af-48f5-85ea-0160bf9df5e3 to datanode:4166fb02-ca0d-4de6-a961-378c6a3b2890
2024-01-26 21:34:15,468 [RatisPipelineUtilsThread-0] INFO  pipeline.RatisPipelineProvider (RatisPipelineProvider.java:lambda$create$0(206)) - Sending CreatePipelineCommand for pipeline:PipelineID=fe620031-71af-48f5-85ea-0160bf9df5e3 to datanode:209e1d4e-6bc3-40d2-a53c-4015c1ab1ac0
2024-01-26 21:34:15,468 [RatisPipelineUtilsThread-0] INFO  pipeline.RatisPipelineProvider (RatisPipelineProvider.java:lambda$create$0(206)) - Sending CreatePipelineCommand for pipeline:PipelineID=fe620031-71af-48f5-85ea-0160bf9df5e3 to datanode:7564b097-4325-4468-ae97-837bc55d7172
2024-01-26 21:34:15,469 [RatisPipelineUtilsThread-0] INFO  pipeline.PipelineManagerImpl (PipelineManagerImpl.java:recordMetricsForPipeline(916)) - Pipeline: PipelineID=fe620031-71af-48f5-85ea-0160bf9df5e3 contains same datanodes as previous pipelines: PipelineID=e8f02a36-9888-42d8-bc87-6aeb2531d713 nodeIds: 4166fb02-ca0d-4de6-a961-378c6a3b2890, 209e1d4e-6bc3-40d2-a53c-4015c1ab1ac0, 7564b097-4325-4468-ae97-837bc55d7172
2024-01-26 21:34:15,469 [RatisPipelineUtilsThread-0] INFO  pipeline.BackgroundPipelineCreator (BackgroundPipelineCreator.java:createPipelines(236)) - Created new pipeline Pipeline[ Id: fe620031-71af-48f5-85ea-0160bf9df5e3, Nodes: 4166fb02-ca0d-4de6-a961-378c6a3b2890(fv-az1566-86.204dmbdutxxevaxlgbjnwxhbkd.phxx.internal.cloudapp.net/10.1.0.5)209e1d4e-6bc3-40d2-a53c-4015c1ab1ac0(fv-az1566-86.204dmbdutxxevaxlgbjnwxhbkd.phxx.internal.cloudapp.net/10.1.0.5)7564b097-4325-4468-ae97-837bc55d7172(fv-az1566-86.204dmbdutxxevaxlgbjnwxhbkd.phxx.internal.cloudapp.net/10.1.0.5), ReplicationConfig: RATIS/THREE, State:ALLOCATED, leaderId:, CreationTimestamp2024-01-26T21:34:15.467Z[Etc/UTC]]
2024-01-26 21:34:15,574 [IPC Server handler 22 on default port 15002] INFO  net.NetworkTopologyImpl (NetworkTopologyImpl.java:add(124)) - Added a new node: /default-rack/615e0ce5-d68a-4764-9dce-a037122bf2b4
2024-01-26 21:34:15,577 [IPC Server handler 22 on default port 15002] INFO  node.SCMNodeManager (SCMNodeManager.java:register(421)) - Registered datanode: 615e0ce5-d68a-4764-9dce-a037122bf2b4{ip: 10.1.0.5, host: fv-az1566-86.204dmbdutxxevaxlgbjnwxhbkd.phxx.internal.cloudapp.net, ports: [HTTP=15063, CLIENT_RPC=15064, REPLICATION=15070, RATIS=15066, RATIS_ADMIN=15067, RATIS_SERVER=15068, RATIS_DATASTREAM=15069, STANDALONE=15065], networkLocation: /default-rack, certSerialId: null, persistedOpState: null, persistedOpStateExpiryEpochSec: 0}
2024-01-26 21:34:15,577 [EventQueue-NewNodeForNewNodeHandler] INFO  pipeline.BackgroundPipelineCreator (BackgroundPipelineCreator.java:notifyEventTriggered(280)) - trigger a one-shot run on RatisPipelineUtilsThread.
2024-01-26 21:34:15,578 [RatisPipelineUtilsThread-0] INFO  pipeline.RatisPipelineProvider (RatisPipelineProvider.java:lambda$create$0(206)) - Sending CreatePipelineCommand for pipeline:PipelineID=dcb91808-ad69-4086-8b4c-c988c0f88cbb to datanode:615e0ce5-d68a-4764-9dce-a037122bf2b4
2024-01-26 21:34:15,579 [RatisPipelineUtilsThread-0] INFO  pipeline.BackgroundPipelineCreator (BackgroundPipelineCreator.java:createPipelines(236)) - Created new pipeline Pipeline[ Id: dcb91808-ad69-4086-8b4c-c988c0f88cbb, Nodes: 615e0ce5-d68a-4764-9dce-a037122bf2b4(fv-az1566-86.204dmbdutxxevaxlgbjnwxhbkd.phxx.internal.cloudapp.net/10.1.0.5), ReplicationConfig: RATIS/ONE, State:ALLOCATED, leaderId:, CreationTimestamp2024-01-26T21:34:15.578Z[Etc/UTC]]
2024-01-26 21:34:15,680 [IPC Server handler 20 on default port 15002] INFO  net.NetworkTopologyImpl (NetworkTopologyImpl.java:add(124)) - Added a new node: /default-rack/85a76c17-24cd-4caa-b4c9-2f056bfd6b3c
2024-01-26 21:34:15,680 [IPC Server handler 20 on default port 15002] INFO  node.SCMNodeManager (SCMNodeManager.java:register(421)) - Registered datanode: 85a76c17-24cd-4caa-b4c9-2f056bfd6b3c{ip: 10.1.0.5, host: fv-az1566-86.204dmbdutxxevaxlgbjnwxhbkd.phxx.internal.cloudapp.net, ports: [HTTP=15072, CLIENT_RPC=15073, REPLICATION=15079, RATIS=15075, RATIS_ADMIN=15076, RATIS_SERVER=15077, RATIS_DATASTREAM=15078, STANDALONE=15074], networkLocation: /default-rack, certSerialId: null, persistedOpState: null, persistedOpStateExpiryEpochSec: 0}
2024-01-26 21:34:15,681 [EventQueue-NewNodeForNewNodeHandler] INFO  pipeline.BackgroundPipelineCreator (BackgroundPipelineCreator.java:notifyEventTriggered(280)) - trigger a one-shot run on RatisPipelineUtilsThread.
2024-01-26 21:34:15,682 [RatisPipelineUtilsThread-0] INFO  pipeline.RatisPipelineProvider (RatisPipelineProvider.java:lambda$create$0(206)) - Sending CreatePipelineCommand for pipeline:PipelineID=4cd91ef7-511c-4d5b-b063-6f64bee8aa29 to datanode:85a76c17-24cd-4caa-b4c9-2f056bfd6b3c
2024-01-26 21:34:15,683 [RatisPipelineUtilsThread-0] INFO  pipeline.BackgroundPipelineCreator (BackgroundPipelineCreator.java:createPipelines(236)) - Created new pipeline Pipeline[ Id: 4cd91ef7-511c-4d5b-b063-6f64bee8aa29, Nodes: 85a76c17-24cd-4caa-b4c9-2f056bfd6b3c(fv-az1566-86.204dmbdutxxevaxlgbjnwxhbkd.phxx.internal.cloudapp.net/10.1.0.5), ReplicationConfig: RATIS/ONE, State:ALLOCATED, leaderId:, CreationTimestamp2024-01-26T21:34:15.682Z[Etc/UTC]]
2024-01-26 21:34:15,800 [IPC Server handler 17 on default port 15002] INFO  net.NetworkTopologyImpl (NetworkTopologyImpl.java:add(124)) - Added a new node: /default-rack/157befb9-fc2c-4b56-bfb2-e4c39e5a9271
2024-01-26 21:34:15,800 [IPC Server handler 17 on default port 15002] INFO  node.SCMNodeManager (SCMNodeManager.java:register(421)) - Registered datanode: 157befb9-fc2c-4b56-bfb2-e4c39e5a9271{ip: 10.1.0.5, host: fv-az1566-86.204dmbdutxxevaxlgbjnwxhbkd.phxx.internal.cloudapp.net, ports: [HTTP=15081, CLIENT_RPC=15082, REPLICATION=15088, RATIS=15084, RATIS_ADMIN=15085, RATIS_SERVER=15086, RATIS_DATASTREAM=15087, STANDALONE=15083], networkLocation: /default-rack, certSerialId: null, persistedOpState: null, persistedOpStateExpiryEpochSec: 0}
2024-01-26 21:34:15,802 [EventQueue-NewNodeForNewNodeHandler] INFO  pipeline.BackgroundPipelineCreator (BackgroundPipelineCreator.java:notifyEventTriggered(280)) - trigger a one-shot run on RatisPipelineUtilsThread.
2024-01-26 21:34:15,802 [RatisPipelineUtilsThread-0] INFO  pipeline.RatisPipelineProvider (RatisPipelineProvider.java:lambda$create$0(206)) - Sending CreatePipelineCommand for pipeline:PipelineID=868619a0-9f96-47f9-82f1-eb9d8615f236 to datanode:157befb9-fc2c-4b56-bfb2-e4c39e5a9271
2024-01-26 21:34:15,804 [RatisPipelineUtilsThread-0] INFO  pipeline.BackgroundPipelineCreator (BackgroundPipelineCreator.java:createPipelines(236)) - Created new pipeline Pipeline[ Id: 868619a0-9f96-47f9-82f1-eb9d8615f236, Nodes: 157befb9-fc2c-4b56-bfb2-e4c39e5a9271(fv-az1566-86.204dmbdutxxevaxlgbjnwxhbkd.phxx.internal.cloudapp.net/10.1.0.5), ReplicationConfig: RATIS/ONE, State:ALLOCATED, leaderId:, CreationTimestamp2024-01-26T21:34:15.802Z[Etc/UTC]]
2024-01-26 21:34:15,804 [RatisPipelineUtilsThread-0] INFO  pipeline.RatisPipelineProvider (RatisPipelineProvider.java:lambda$create$0(206)) - Sending CreatePipelineCommand for pipeline:PipelineID=2df29df1-f773-4859-906e-77329b463a15 to datanode:615e0ce5-d68a-4764-9dce-a037122bf2b4
2024-01-26 21:34:15,805 [RatisPipelineUtilsThread-0] INFO  pipeline.RatisPipelineProvider (RatisPipelineProvider.java:lambda$create$0(206)) - Sending CreatePipelineCommand for pipeline:PipelineID=2df29df1-f773-4859-906e-77329b463a15 to datanode:157befb9-fc2c-4b56-bfb2-e4c39e5a9271
2024-01-26 21:34:15,805 [RatisPipelineUtilsThread-0] INFO  pipeline.RatisPipelineProvider (RatisPipelineProvider.java:lambda$create$0(206)) - Sending CreatePipelineCommand for pipeline:PipelineID=2df29df1-f773-4859-906e-77329b463a15 to datanode:85a76c17-24cd-4caa-b4c9-2f056bfd6b3c
2024-01-26 21:34:15,806 [RatisPipelineUtilsThread-0] INFO  pipeline.BackgroundPipelineCreator (BackgroundPipelineCreator.java:createPipelines(236)) - Created new pipeline Pipeline[ Id: 2df29df1-f773-4859-906e-77329b463a15, Nodes: 615e0ce5-d68a-4764-9dce-a037122bf2b4(fv-az1566-86.204dmbdutxxevaxlgbjnwxhbkd.phxx.internal.cloudapp.net/10.1.0.5)157befb9-fc2c-4b56-bfb2-e4c39e5a9271(fv-az1566-86.204dmbdutxxevaxlgbjnwxhbkd.phxx.internal.cloudapp.net/10.1.0.5)85a76c17-24cd-4caa-b4c9-2f056bfd6b3c(fv-az1566-86.204dmbdutxxevaxlgbjnwxhbkd.phxx.internal.cloudapp.net/10.1.0.5), ReplicationConfig: RATIS/THREE, State:ALLOCATED, leaderId:, CreationTimestamp2024-01-26T21:34:15.804Z[Etc/UTC]]
2024-01-26 21:34:15,807 [RatisPipelineUtilsThread-0] INFO  pipeline.RatisPipelineProvider (RatisPipelineProvider.java:lambda$create$0(206)) - Sending CreatePipelineCommand for pipeline:PipelineID=53d57d20-1cf2-4389-b3a7-0864517afb61 to datanode:615e0ce5-d68a-4764-9dce-a037122bf2b4
2024-01-26 21:34:15,807 [RatisPipelineUtilsThread-0] INFO  pipeline.RatisPipelineProvider (RatisPipelineProvider.java:lambda$create$0(206)) - Sending CreatePipelineCommand for pipeline:PipelineID=53d57d20-1cf2-4389-b3a7-0864517afb61 to datanode:85a76c17-24cd-4caa-b4c9-2f056bfd6b3c
2024-01-26 21:34:15,807 [RatisPipelineUtilsThread-0] INFO  pipeline.RatisPipelineProvider (RatisPipelineProvider.java:lambda$create$0(206)) - Sending CreatePipelineCommand for pipeline:PipelineID=53d57d20-1cf2-4389-b3a7-0864517afb61 to datanode:157befb9-fc2c-4b56-bfb2-e4c39e5a9271
2024-01-26 21:34:15,808 [RatisPipelineUtilsThread-0] INFO  pipeline.PipelineManagerImpl (PipelineManagerImpl.java:recordMetricsForPipeline(916)) - Pipeline: PipelineID=53d57d20-1cf2-4389-b3a7-0864517afb61 contains same datanodes as previous pipelines: PipelineID=2df29df1-f773-4859-906e-77329b463a15 nodeIds: 615e0ce5-d68a-4764-9dce-a037122bf2b4, 85a76c17-24cd-4caa-b4c9-2f056bfd6b3c, 157befb9-fc2c-4b56-bfb2-e4c39e5a9271
2024-01-26 21:34:15,808 [RatisPipelineUtilsThread-0] INFO  pipeline.BackgroundPipelineCreator (BackgroundPipelineCreator.java:createPipelines(236)) - Created new pipeline Pipeline[ Id: 53d57d20-1cf2-4389-b3a7-0864517afb61, Nodes: 615e0ce5-d68a-4764-9dce-a037122bf2b4(fv-az1566-86.204dmbdutxxevaxlgbjnwxhbkd.phxx.internal.cloudapp.net/10.1.0.5)85a76c17-24cd-4caa-b4c9-2f056bfd6b3c(fv-az1566-86.204dmbdutxxevaxlgbjnwxhbkd.phxx.internal.cloudapp.net/10.1.0.5)157befb9-fc2c-4b56-bfb2-e4c39e5a9271(fv-az1566-86.204dmbdutxxevaxlgbjnwxhbkd.phxx.internal.cloudapp.net/10.1.0.5), ReplicationConfig: RATIS/THREE, State:ALLOCATED, leaderId:, CreationTimestamp2024-01-26T21:34:15.807Z[Etc/UTC]]
2024-01-26 21:34:15,908 [IPC Server handler 25 on default port 15002] INFO  net.NetworkTopologyImpl (NetworkTopologyImpl.java:add(124)) - Added a new node: /default-rack/cb9b1e06-b28b-4c4f-b19c-04e0cd8d01c6
2024-01-26 21:34:15,909 [IPC Server handler 25 on default port 15002] INFO  node.SCMNodeManager (SCMNodeManager.java:register(421)) - Registered datanode: cb9b1e06-b28b-4c4f-b19c-04e0cd8d01c6{ip: 10.1.0.5, host: fv-az1566-86.204dmbdutxxevaxlgbjnwxhbkd.phxx.internal.cloudapp.net, ports: [HTTP=15090, CLIENT_RPC=15091, REPLICATION=15097, RATIS=15093, RATIS_ADMIN=15094, RATIS_SERVER=15095, RATIS_DATASTREAM=15096, STANDALONE=15092], networkLocation: /default-rack, certSerialId: null, persistedOpState: null, persistedOpStateExpiryEpochSec: 0}
2024-01-26 21:34:15,909 [EventQueue-NewNodeForNewNodeHandler] INFO  pipeline.BackgroundPipelineCreator (BackgroundPipelineCreator.java:notifyEventTriggered(280)) - trigger a one-shot run on RatisPipelineUtilsThread.
2024-01-26 21:34:15,910 [RatisPipelineUtilsThread-0] INFO  pipeline.RatisPipelineProvider (RatisPipelineProvider.java:lambda$create$0(206)) - Sending CreatePipelineCommand for pipeline:PipelineID=c7002a9d-6262-46cb-a2fc-d14205178d57 to datanode:cb9b1e06-b28b-4c4f-b19c-04e0cd8d01c6
2024-01-26 21:34:15,911 [RatisPipelineUtilsThread-0] INFO  pipeline.BackgroundPipelineCreator (BackgroundPipelineCreator.java:createPipelines(236)) - Created new pipeline Pipeline[ Id: c7002a9d-6262-46cb-a2fc-d14205178d57, Nodes: cb9b1e06-b28b-4c4f-b19c-04e0cd8d01c6(fv-az1566-86.204dmbdutxxevaxlgbjnwxhbkd.phxx.internal.cloudapp.net/10.1.0.5), ReplicationConfig: RATIS/ONE, State:ALLOCATED, leaderId:, CreationTimestamp2024-01-26T21:34:15.910Z[Etc/UTC]]
2024-01-26 21:34:16,022 [IPC Server handler 23 on default port 15002] INFO  net.NetworkTopologyImpl (NetworkTopologyImpl.java:add(124)) - Added a new node: /default-rack/0454455d-17b5-4798-9ce3-34e4ad079dd1
2024-01-26 21:34:16,022 [IPC Server handler 23 on default port 15002] INFO  node.SCMNodeManager (SCMNodeManager.java:register(421)) - Registered datanode: 0454455d-17b5-4798-9ce3-34e4ad079dd1{ip: 10.1.0.5, host: fv-az1566-86.204dmbdutxxevaxlgbjnwxhbkd.phxx.internal.cloudapp.net, ports: [HTTP=15099, CLIENT_RPC=15100, REPLICATION=15106, RATIS=15102, RATIS_ADMIN=15103, RATIS_SERVER=15104, RATIS_DATASTREAM=15105, STANDALONE=15101], networkLocation: /default-rack, certSerialId: null, persistedOpState: null, persistedOpStateExpiryEpochSec: 0}
2024-01-26 21:34:16,023 [EventQueue-NewNodeForNewNodeHandler] INFO  pipeline.BackgroundPipelineCreator (BackgroundPipelineCreator.java:notifyEventTriggered(280)) - trigger a one-shot run on RatisPipelineUtilsThread.
2024-01-26 21:34:16,023 [RatisPipelineUtilsThread-0] INFO  pipeline.RatisPipelineProvider (RatisPipelineProvider.java:lambda$create$0(206)) - Sending CreatePipelineCommand for pipeline:PipelineID=41554cde-5235-49e3-8096-2f5dcfba468f to datanode:0454455d-17b5-4798-9ce3-34e4ad079dd1
2024-01-26 21:34:16,025 [RatisPipelineUtilsThread-0] INFO  pipeline.BackgroundPipelineCreator (BackgroundPipelineCreator.java:createPipelines(236)) - Created new pipeline Pipeline[ Id: 41554cde-5235-49e3-8096-2f5dcfba468f, Nodes: 0454455d-17b5-4798-9ce3-34e4ad079dd1(fv-az1566-86.204dmbdutxxevaxlgbjnwxhbkd.phxx.internal.cloudapp.net/10.1.0.5), ReplicationConfig: RATIS/ONE, State:ALLOCATED, leaderId:, CreationTimestamp2024-01-26T21:34:16.023Z[Etc/UTC]]
2024-01-26 21:34:16,151 [IPC Server handler 8 on default port 15002] INFO  net.NetworkTopologyImpl (NetworkTopologyImpl.java:add(124)) - Added a new node: /default-rack/8aa6f495-09ad-4a32-951c-60d46ecfa148
2024-01-26 21:34:16,152 [IPC Server handler 8 on default port 15002] INFO  node.SCMNodeManager (SCMNodeManager.java:register(421)) - Registered datanode: 8aa6f495-09ad-4a32-951c-60d46ecfa148{ip: 10.1.0.5, host: fv-az1566-86.204dmbdutxxevaxlgbjnwxhbkd.phxx.internal.cloudapp.net, ports: [HTTP=15108, CLIENT_RPC=15109, REPLICATION=15115, RATIS=15111, RATIS_ADMIN=15112, RATIS_SERVER=15113, RATIS_DATASTREAM=15114, STANDALONE=15110], networkLocation: /default-rack, certSerialId: null, persistedOpState: null, persistedOpStateExpiryEpochSec: 0}
2024-01-26 21:34:16,152 [EventQueue-NewNodeForNewNodeHandler] INFO  pipeline.BackgroundPipelineCreator (BackgroundPipelineCreator.java:notifyEventTriggered(280)) - trigger a one-shot run on RatisPipelineUtilsThread.
2024-01-26 21:34:16,152 [RatisPipelineUtilsThread-0] INFO  pipeline.RatisPipelineProvider (RatisPipelineProvider.java:lambda$create$0(206)) - Sending CreatePipelineCommand for pipeline:PipelineID=dd7b59b7-c8be-4835-b234-8184ac0c82ee to datanode:8aa6f495-09ad-4a32-951c-60d46ecfa148
2024-01-26 21:34:16,153 [RatisPipelineUtilsThread-0] INFO  pipeline.BackgroundPipelineCreator (BackgroundPipelineCreator.java:createPipelines(236)) - Created new pipeline Pipeline[ Id: dd7b59b7-c8be-4835-b234-8184ac0c82ee, Nodes: 8aa6f495-09ad-4a32-951c-60d46ecfa148(fv-az1566-86.204dmbdutxxevaxlgbjnwxhbkd.phxx.internal.cloudapp.net/10.1.0.5), ReplicationConfig: RATIS/ONE, State:ALLOCATED, leaderId:, CreationTimestamp2024-01-26T21:34:16.152Z[Etc/UTC]]
2024-01-26 21:34:16,154 [RatisPipelineUtilsThread-0] INFO  pipeline.RatisPipelineProvider (RatisPipelineProvider.java:lambda$create$0(206)) - Sending CreatePipelineCommand for pipeline:PipelineID=4aca9b40-dc49-428a-91da-2f9f6a9e053b to datanode:8aa6f495-09ad-4a32-951c-60d46ecfa148
2024-01-26 21:34:16,154 [RatisPipelineUtilsThread-0] INFO  pipeline.RatisPipelineProvider (RatisPipelineProvider.java:lambda$create$0(206)) - Sending CreatePipelineCommand for pipeline:PipelineID=4aca9b40-dc49-428a-91da-2f9f6a9e053b to datanode:cb9b1e06-b28b-4c4f-b19c-04e0cd8d01c6
2024-01-26 21:34:16,154 [RatisPipelineUtilsThread-0] INFO  pipeline.RatisPipelineProvider (RatisPipelineProvider.java:lambda$create$0(206)) - Sending CreatePipelineCommand for pipeline:PipelineID=4aca9b40-dc49-428a-91da-2f9f6a9e053b to datanode:0454455d-17b5-4798-9ce3-34e4ad079dd1
2024-01-26 21:34:16,155 [RatisPipelineUtilsThread-0] INFO  pipeline.BackgroundPipelineCreator (BackgroundPipelineCreator.java:createPipelines(236)) - Created new pipeline Pipeline[ Id: 4aca9b40-dc49-428a-91da-2f9f6a9e053b, Nodes: 8aa6f495-09ad-4a32-951c-60d46ecfa148(fv-az1566-86.204dmbdutxxevaxlgbjnwxhbkd.phxx.internal.cloudapp.net/10.1.0.5)cb9b1e06-b28b-4c4f-b19c-04e0cd8d01c6(fv-az1566-86.204dmbdutxxevaxlgbjnwxhbkd.phxx.internal.cloudapp.net/10.1.0.5)0454455d-17b5-4798-9ce3-34e4ad079dd1(fv-az1566-86.204dmbdutxxevaxlgbjnwxhbkd.phxx.internal.cloudapp.net/10.1.0.5), ReplicationConfig: RATIS/THREE, State:ALLOCATED, leaderId:, CreationTimestamp2024-01-26T21:34:16.154Z[Etc/UTC]]
2024-01-26 21:34:16,156 [RatisPipelineUtilsThread-0] INFO  pipeline.RatisPipelineProvider (RatisPipelineProvider.java:lambda$create$0(206)) - Sending CreatePipelineCommand for pipeline:PipelineID=a503c7e2-affd-4241-bb23-49351c4ff157 to datanode:cb9b1e06-b28b-4c4f-b19c-04e0cd8d01c6
2024-01-26 21:34:16,157 [RatisPipelineUtilsThread-0] INFO  pipeline.RatisPipelineProvider (RatisPipelineProvider.java:lambda$create$0(206)) - Sending CreatePipelineCommand for pipeline:PipelineID=a503c7e2-affd-4241-bb23-49351c4ff157 to datanode:8aa6f495-09ad-4a32-951c-60d46ecfa148
2024-01-26 21:34:16,157 [RatisPipelineUtilsThread-0] INFO  pipeline.RatisPipelineProvider (RatisPipelineProvider.java:lambda$create$0(206)) - Sending CreatePipelineCommand for pipeline:PipelineID=a503c7e2-affd-4241-bb23-49351c4ff157 to datanode:0454455d-17b5-4798-9ce3-34e4ad079dd1
2024-01-26 21:34:16,158 [RatisPipelineUtilsThread-0] INFO  pipeline.PipelineManagerImpl (PipelineManagerImpl.java:recordMetricsForPipeline(916)) - Pipeline: PipelineID=a503c7e2-affd-4241-bb23-49351c4ff157 contains same datanodes as previous pipelines: PipelineID=4aca9b40-dc49-428a-91da-2f9f6a9e053b nodeIds: cb9b1e06-b28b-4c4f-b19c-04e0cd8d01c6, 8aa6f495-09ad-4a32-951c-60d46ecfa148, 0454455d-17b5-4798-9ce3-34e4ad079dd1
2024-01-26 21:34:16,158 [RatisPipelineUtilsThread-0] INFO  pipeline.BackgroundPipelineCreator (BackgroundPipelineCreator.java:createPipelines(236)) - Created new pipeline Pipeline[ Id: a503c7e2-affd-4241-bb23-49351c4ff157, Nodes: cb9b1e06-b28b-4c4f-b19c-04e0cd8d01c6(fv-az1566-86.204dmbdutxxevaxlgbjnwxhbkd.phxx.internal.cloudapp.net/10.1.0.5)8aa6f495-09ad-4a32-951c-60d46ecfa148(fv-az1566-86.204dmbdutxxevaxlgbjnwxhbkd.phxx.internal.cloudapp.net/10.1.0.5)0454455d-17b5-4798-9ce3-34e4ad079dd1(fv-az1566-86.204dmbdutxxevaxlgbjnwxhbkd.phxx.internal.cloudapp.net/10.1.0.5), ReplicationConfig: RATIS/THREE, State:ALLOCATED, leaderId:, CreationTimestamp2024-01-26T21:34:16.156Z[Etc/UTC]]
2024-01-26 21:34:16,243 [IPC Server handler 21 on default port 15002] INFO  net.NetworkTopologyImpl (NetworkTopologyImpl.java:add(124)) - Added a new node: /default-rack/c4b8c6be-c011-4381-a4e2-e95b959e0055
2024-01-26 21:34:16,243 [IPC Server handler 21 on default port 15002] INFO  node.SCMNodeManager (SCMNodeManager.java:register(421)) - Registered datanode: c4b8c6be-c011-4381-a4e2-e95b959e0055{ip: 10.1.0.5, host: fv-az1566-86.204dmbdutxxevaxlgbjnwxhbkd.phxx.internal.cloudapp.net, ports: [HTTP=15117, CLIENT_RPC=15118, REPLICATION=15124, RATIS=15120, RATIS_ADMIN=15121, RATIS_SERVER=15122, RATIS_DATASTREAM=15123, STANDALONE=15119], networkLocation: /default-rack, certSerialId: null, persistedOpState: null, persistedOpStateExpiryEpochSec: 0}
2024-01-26 21:34:16,244 [EventQueue-NewNodeForNewNodeHandler] INFO  pipeline.BackgroundPipelineCreator (BackgroundPipelineCreator.java:notifyEventTriggered(280)) - trigger a one-shot run on RatisPipelineUtilsThread.
2024-01-26 21:34:16,244 [RatisPipelineUtilsThread-0] INFO  pipeline.RatisPipelineProvider (RatisPipelineProvider.java:lambda$create$0(206)) - Sending CreatePipelineCommand for pipeline:PipelineID=02416900-7ab9-489b-9c67-ad3d73544c3b to datanode:c4b8c6be-c011-4381-a4e2-e95b959e0055
2024-01-26 21:34:16,245 [RatisPipelineUtilsThread-0] INFO  pipeline.BackgroundPipelineCreator (BackgroundPipelineCreator.java:createPipelines(236)) - Created new pipeline Pipeline[ Id: 02416900-7ab9-489b-9c67-ad3d73544c3b, Nodes: c4b8c6be-c011-4381-a4e2-e95b959e0055(fv-az1566-86.204dmbdutxxevaxlgbjnwxhbkd.phxx.internal.cloudapp.net/10.1.0.5), ReplicationConfig: RATIS/ONE, State:ALLOCATED, leaderId:, CreationTimestamp2024-01-26T21:34:16.244Z[Etc/UTC]]
2024-01-26 21:34:16,363 [IPC Server handler 18 on default port 15002] INFO  net.NetworkTopologyImpl (NetworkTopologyImpl.java:add(124)) - Added a new node: /default-rack/8941232b-d533-4e67-b9a7-e63de09e5ea8
2024-01-26 21:34:16,364 [IPC Server handler 18 on default port 15002] INFO  node.SCMNodeManager (SCMNodeManager.java:register(421)) - Registered datanode: 8941232b-d533-4e67-b9a7-e63de09e5ea8{ip: 10.1.0.5, host: fv-az1566-86.204dmbdutxxevaxlgbjnwxhbkd.phxx.internal.cloudapp.net, ports: [HTTP=15126, CLIENT_RPC=15127, REPLICATION=15133, RATIS=15129, RATIS_ADMIN=15130, RATIS_SERVER=15131, RATIS_DATASTREAM=15132, STANDALONE=15128], networkLocation: /default-rack, certSerialId: null, persistedOpState: null, persistedOpStateExpiryEpochSec: 0}
2024-01-26 21:34:16,364 [EventQueue-NewNodeForNewNodeHandler] INFO  pipeline.BackgroundPipelineCreator (BackgroundPipelineCreator.java:notifyEventTriggered(280)) - trigger a one-shot run on RatisPipelineUtilsThread.
2024-01-26 21:34:16,364 [RatisPipelineUtilsThread-0] INFO  pipeline.RatisPipelineProvider (RatisPipelineProvider.java:lambda$create$0(206)) - Sending CreatePipelineCommand for pipeline:PipelineID=239c2549-daae-4ea3-8849-fc45b38d37d3 to datanode:8941232b-d533-4e67-b9a7-e63de09e5ea8
2024-01-26 21:34:16,365 [RatisPipelineUtilsThread-0] INFO  pipeline.BackgroundPipelineCreator (BackgroundPipelineCreator.java:createPipelines(236)) - Created new pipeline Pipeline[ Id: 239c2549-daae-4ea3-8849-fc45b38d37d3, Nodes: 8941232b-d533-4e67-b9a7-e63de09e5ea8(fv-az1566-86.204dmbdutxxevaxlgbjnwxhbkd.phxx.internal.cloudapp.net/10.1.0.5), ReplicationConfig: RATIS/ONE, State:ALLOCATED, leaderId:, CreationTimestamp2024-01-26T21:34:16.364Z[Etc/UTC]]
2024-01-26 21:34:16,367 [main] INFO  ozone.MiniOzoneClusterImpl (MiniOzoneClusterImpl.java:lambda$waitForClusterToBeReady$0(229)) - Nodes are ready. Got 14 of 14 DN Heartbeats.
2024-01-26 21:34:16,367 [main] INFO  ozone.MiniOzoneClusterImpl (MiniOzoneClusterImpl.java:lambda$waitForClusterToBeReady$0(232)) - Waiting for cluster to exit safe mode
2024-01-26 21:34:16,367 [main] INFO  ozone.MiniOzoneClusterImpl (MiniOzoneClusterImpl.java:lambda$waitForClusterToBeReady$0(234)) - SCM became leader
2024-01-26 21:34:17,368 [main] INFO  ozone.MiniOzoneClusterImpl (MiniOzoneClusterImpl.java:lambda$waitForClusterToBeReady$0(229)) - Nodes are ready. Got 14 of 14 DN Heartbeats.
2024-01-26 21:34:17,368 [main] INFO  ozone.MiniOzoneClusterImpl (MiniOzoneClusterImpl.java:lambda$waitForClusterToBeReady$0(232)) - Waiting for cluster to exit safe mode
2024-01-26 21:34:17,368 [main] INFO  ozone.MiniOzoneClusterImpl (MiniOzoneClusterImpl.java:lambda$waitForClusterToBeReady$0(234)) - SCM became leader
2024-01-26 21:34:17,739 [67e21e31-4dca-48e2-85b4-2f4b1b69db84-PipelineCommandHandlerThread-0] INFO  server.RaftServer (RaftServerProxy.java:addNew(100)) - 67e21e31-4dca-48e2-85b4-2f4b1b69db84: addNew group-639F76320631:[67e21e31-4dca-48e2-85b4-2f4b1b69db84|10.1.0.5:15014] returns group-639F76320631:java.util.concurrent.CompletableFuture@1b12521f[Not completed]
2024-01-26 21:34:17,752 [67e21e31-4dca-48e2-85b4-2f4b1b69db84-groupManagement] INFO  server.RaftServer$Division (RaftServerImpl.java:<init>(256)) - 67e21e31-4dca-48e2-85b4-2f4b1b69db84: new RaftServerImpl for group-639F76320631:[67e21e31-4dca-48e2-85b4-2f4b1b69db84|10.1.0.5:15014] with ContainerStateMachine:uninitialized
2024-01-26 21:34:17,753 [67e21e31-4dca-48e2-85b4-2f4b1b69db84-groupManagement] INFO  server.RaftServerConfigKeys (ConfUtils.java:logGet(46)) - raft.server.rpc.timeout.min = 5s (custom)
2024-01-26 21:34:17,753 [67e21e31-4dca-48e2-85b4-2f4b1b69db84-groupManagement] INFO  server.RaftServerConfigKeys (ConfUtils.java:logGet(46)) - raft.server.rpc.timeout.max = 5200ms (custom)
2024-01-26 21:34:17,753 [67e21e31-4dca-48e2-85b4-2f4b1b69db84-groupManagement] INFO  server.RaftServerConfigKeys (ConfUtils.java:logGet(46)) - raft.server.rpc.sleep.time = 25ms (default)
2024-01-26 21:34:17,753 [67e21e31-4dca-48e2-85b4-2f4b1b69db84-groupManagement] INFO  server.RaftServerConfigKeys (ConfUtils.java:logGet(46)) - raft.server.rpc.slowness.timeout = 300s (custom)
2024-01-26 21:34:17,753 [67e21e31-4dca-48e2-85b4-2f4b1b69db84-groupManagement] INFO  server.RaftServerConfigKeys (ConfUtils.java:logGet(46)) - raft.server.leaderelection.leader.step-down.wait-time = 10s (default)
2024-01-26 21:34:17,753 [67e21e31-4dca-48e2-85b4-2f4b1b69db84-groupManagement] INFO  server.RaftServerConfigKeys (ConfUtils.java:logGet(46)) - raft.server.leaderelection.member.majority-add = false (default)
2024-01-26 21:34:17,753 [67e21e31-4dca-48e2-85b4-2f4b1b69db84-groupManagement] INFO  server.RaftServerConfigKeys (ConfUtils.java:logGet(46)) - raft.server.sleep.deviation.threshold = 300ms (default)
2024-01-26 21:34:17,753 [67e21e31-4dca-48e2-85b4-2f4b1b69db84-groupManagement] INFO  server.RaftServer$Division (ServerState.java:<init>(113)) - 67e21e31-4dca-48e2-85b4-2f4b1b69db84@group-639F76320631: ConfigurationManager, init=-1: peers:[67e21e31-4dca-48e2-85b4-2f4b1b69db84|10.1.0.5:15014]|listeners:[], old=null, confs=<EMPTY_MAP>
2024-01-26 21:34:17,753 [67e21e31-4dca-48e2-85b4-2f4b1b69db84-groupManagement] INFO  server.RaftServerConfigKeys (ConfUtils.java:logGet(46)) - raft.server.notification.no-leader.timeout = 300s (custom)
2024-01-26 21:34:17,754 [67e21e31-4dca-48e2-85b4-2f4b1b69db84-groupManagement] INFO  server.RaftServerConfigKeys (ConfUtils.java:logGet(46)) - raft.server.read.timeout = 10s (default)
2024-01-26 21:34:17,754 [67e21e31-4dca-48e2-85b4-2f4b1b69db84-groupManagement] INFO  server.RaftServerConfigKeys (ConfUtils.java:logGet(46)) - raft.server.retrycache.expirytime = 600000ms (custom)
2024-01-26 21:34:17,754 [67e21e31-4dca-48e2-85b4-2f4b1b69db84-groupManagement] INFO  server.RaftServerConfigKeys (ConfUtils.java:logGet(46)) - raft.server.retrycache.statistics.expirytime = 100ms (default)
2024-01-26 21:34:17,754 [67e21e31-4dca-48e2-85b4-2f4b1b69db84-groupManagement] INFO  server.RaftServerConfigKeys (ConfUtils.java:logGet(46)) - raft.server.read.option = DEFAULT (default)
2024-01-26 21:34:17,754 [67e21e31-4dca-48e2-85b4-2f4b1b69db84-groupManagement] INFO  server.RaftServerConfigKeys (ConfUtils.java:logGet(46)) - raft.server.read.read-after-write-consistent.write-index-cache.expiry-time = 60s (default)
2024-01-26 21:34:17,769 [67e21e31-4dca-48e2-85b4-2f4b1b69db84-groupManagement] INFO  server.RaftServerConfigKeys (ConfUtils.java:logGet(46)) - raft.server.rpc.request.timeout = 60s (custom)
2024-01-26 21:34:17,769 [67e21e31-4dca-48e2-85b4-2f4b1b69db84-groupManagement] INFO  server.RaftServerConfigKeys (ConfUtils.java:logGet(46)) - raft.server.log.appender.install.snapshot.enabled = false (custom)
2024-01-26 21:34:17,769 [67e21e31-4dca-48e2-85b4-2f4b1b69db84-groupManagement] INFO  server.RaftServerConfigKeys (ConfUtils.java:logGet(46)) - raft.server.threadpool.server.cached = true (default)
2024-01-26 21:34:17,769 [67e21e31-4dca-48e2-85b4-2f4b1b69db84-groupManagement] INFO  server.RaftServerConfigKeys (ConfUtils.java:logGet(46)) - raft.server.threadpool.server.size = 0 (default)
2024-01-26 21:34:17,769 [67e21e31-4dca-48e2-85b4-2f4b1b69db84-groupManagement] INFO  server.RaftServerConfigKeys (ConfUtils.java:logGet(46)) - raft.server.threadpool.client.cached = true (default)
2024-01-26 21:34:17,770 [67e21e31-4dca-48e2-85b4-2f4b1b69db84-groupManagement] INFO  server.RaftServerConfigKeys (ConfUtils.java:logGet(46)) - raft.server.threadpool.client.size = 0 (default)
2024-01-26 21:34:17,770 [67e21e31-4dca-48e2-85b4-2f4b1b69db84-groupManagement] INFO  server.RaftServerConfigKeys (ConfUtils.java:logGet(46)) - raft.server.storage.free-space.min = 0MB (=0) (default)
2024-01-26 21:34:17,770 [67e21e31-4dca-48e2-85b4-2f4b1b69db84-groupManagement] INFO  server.RaftServerConfigKeys (ConfUtils.java:logGet(46)) - raft.server.log.corruption.policy = EXCEPTION (default)
2024-01-26 21:34:17,770 [67e21e31-4dca-48e2-85b4-2f4b1b69db84-groupManagement] INFO  server.RaftServerConfigKeys (ConfUtils.java:logGet(46)) - raft.server.storage.dir = [/home/runner/work/ozone/ozone/hadoop-ozone/integration-test/target/test-dir/MiniOzoneClusterImpl-1af845c4-9ad0-4304-ad21-7f4426eccdbd/datanode-0/data/ratis] (custom)
2024-01-26 21:34:17,770 [67e21e31-4dca-48e2-85b4-2f4b1b69db84-groupManagement] INFO  storage.RaftStorageDirectory (RaftStorageDirectoryImpl.java:analyzeStorage(138)) - The storage directory /home/runner/work/ozone/ozone/hadoop-ozone/integration-test/target/test-dir/MiniOzoneClusterImpl-1af845c4-9ad0-4304-ad21-7f4426eccdbd/datanode-0/data/ratis/8b1b8c84-e774-48d5-bd5f-639f76320631 does not exist. Creating ...
2024-01-26 21:34:17,771 [67e21e31-4dca-48e2-85b4-2f4b1b69db84-groupManagement] INFO  storage.RaftStorageDirectory (RaftStorageDirectoryImpl.java:tryLock(228)) - Lock on /home/runner/work/ozone/ozone/hadoop-ozone/integration-test/target/test-dir/MiniOzoneClusterImpl-1af845c4-9ad0-4304-ad21-7f4426eccdbd/datanode-0/data/ratis/8b1b8c84-e774-48d5-bd5f-639f76320631/in_use.lock acquired by nodename 39692@fv-az1566-86
2024-01-26 21:34:17,773 [67e21e31-4dca-48e2-85b4-2f4b1b69db84-groupManagement] INFO  storage.RaftStorage (RaftStorageImpl.java:format(99)) - Storage directory /home/runner/work/ozone/ozone/hadoop-ozone/integration-test/target/test-dir/MiniOzoneClusterImpl-1af845c4-9ad0-4304-ad21-7f4426eccdbd/datanode-0/data/ratis/8b1b8c84-e774-48d5-bd5f-639f76320631 has been successfully formatted.
2024-01-26 21:34:17,773 [67e21e31-4dca-48e2-85b4-2f4b1b69db84-groupManagement] WARN  util.FileUtils (LogUtils.java:supplyAndLog(63)) - Failed to Files.newInputStream /home/runner/work/ozone/ozone/hadoop-ozone/integration-test/target/test-dir/MiniOzoneClusterImpl-1af845c4-9ad0-4304-ad21-7f4426eccdbd/datanode-0/data/ratis/8b1b8c84-e774-48d5-bd5f-639f76320631/current/raft-meta.conf with options []: java.nio.file.NoSuchFileException: /home/runner/work/ozone/ozone/hadoop-ozone/integration-test/target/test-dir/MiniOzoneClusterImpl-1af845c4-9ad0-4304-ad21-7f4426eccdbd/datanode-0/data/ratis/8b1b8c84-e774-48d5-bd5f-639f76320631/current/raft-meta.conf
2024-01-26 21:34:17,778 [67e21e31-4dca-48e2-85b4-2f4b1b69db84-groupManagement] INFO  ratis.ContainerStateMachine (ContainerStateMachine.java:loadSnapshot(287)) - group-639F76320631: The snapshot info is null. Setting the last applied index to:(t:0, i:~)
2024-01-26 21:34:17,778 [67e21e31-4dca-48e2-85b4-2f4b1b69db84-groupManagement] INFO  server.RaftServerConfigKeys (ConfUtils.java:logGet(46)) - raft.server.log.use.memory = false (default)
2024-01-26 21:34:17,779 [67e21e31-4dca-48e2-85b4-2f4b1b69db84-groupManagement] INFO  server.RaftServerConfigKeys (ConfUtils.java:logGet(46)) - raft.server.log.purge.gap = 1000000 (custom)
2024-01-26 21:34:17,779 [67e21e31-4dca-48e2-85b4-2f4b1b69db84-groupManagement] INFO  server.RaftServerConfigKeys (ConfUtils.java:logGet(46)) - raft.server.log.appender.buffer.byte-limit = 8388608 (custom)
2024-01-26 21:34:17,779 [67e21e31-4dca-48e2-85b4-2f4b1b69db84-groupManagement] INFO  server.RaftServerConfigKeys (ConfUtils.java:logGet(46)) - raft.server.log.statemachine.data.read.timeout = 1000ms (default)
2024-01-26 21:34:17,779 [67e21e31-4dca-48e2-85b4-2f4b1b69db84-groupManagement] INFO  server.RaftServerConfigKeys (ConfUtils.java:logGet(46)) - raft.server.log.purge.preservation.log.num = 0 (default)
2024-01-26 21:34:17,812 [67e21e31-4dca-48e2-85b4-2f4b1b69db84-groupManagement] INFO  server.RaftServerConfigKeys (ConfUtils.java:logGet(46)) - raft.server.log.segment.size.max = 67108864 (custom)
2024-01-26 21:34:17,816 [67e21e31-4dca-48e2-85b4-2f4b1b69db84-groupManagement] INFO  server.RaftServerConfigKeys (ConfUtils.java:logGet(46)) - raft.server.log.segment.cache.num.max = 2 (custom)
2024-01-26 21:34:17,816 [67e21e31-4dca-48e2-85b4-2f4b1b69db84-groupManagement] INFO  server.RaftServerConfigKeys (ConfUtils.java:logGet(46)) - raft.server.log.segment.cache.size.max = 200MB (=209715200) (default)
2024-01-26 21:34:17,817 [67e21e31-4dca-48e2-85b4-2f4b1b69db84-groupManagement] INFO  server.RaftServerConfigKeys (ConfUtils.java:logGet(46)) - raft.server.log.appender.buffer.byte-limit = 8388608 (custom)
2024-01-26 21:34:17,820 [67e21e31-4dca-48e2-85b4-2f4b1b69db84-groupManagement] INFO  util.AwaitToRun (AwaitToRun.java:start(81)) - Thread[67e21e31-4dca-48e2-85b4-2f4b1b69db84@group-639F76320631-cacheEviction-AwaitToRun,5,main] started
2024-01-26 21:34:17,820 [67e21e31-4dca-48e2-85b4-2f4b1b69db84-groupManagement] INFO  segmented.SegmentedRaftLogWorker (SegmentedRaftLogWorker.java:<init>(182)) - new 67e21e31-4dca-48e2-85b4-2f4b1b69db84@group-639F76320631-SegmentedRaftLogWorker for RaftStorageImpl:Storage Directory /home/runner/work/ozone/ozone/hadoop-ozone/integration-test/target/test-dir/MiniOzoneClusterImpl-1af845c4-9ad0-4304-ad21-7f4426eccdbd/datanode-0/data/ratis/8b1b8c84-e774-48d5-bd5f-639f76320631
2024-01-26 21:34:17,820 [67e21e31-4dca-48e2-85b4-2f4b1b69db84-groupManagement] INFO  server.RaftServerConfigKeys (ConfUtils.java:logGet(46)) - raft.server.log.queue.byte-limit = 4294967296 (custom)
2024-01-26 21:34:17,820 [67e21e31-4dca-48e2-85b4-2f4b1b69db84-groupManagement] INFO  server.RaftServerConfigKeys (ConfUtils.java:logGet(46)) - raft.server.log.queue.element-limit = 1024 (custom)
2024-01-26 21:34:17,821 [67e21e31-4dca-48e2-85b4-2f4b1b69db84-groupManagement] INFO  server.RaftServerConfigKeys (ConfUtils.java:logGet(46)) - raft.server.log.segment.size.max = 67108864 (custom)
2024-01-26 21:34:17,821 [67e21e31-4dca-48e2-85b4-2f4b1b69db84-groupManagement] INFO  server.RaftServerConfigKeys (ConfUtils.java:logGet(46)) - raft.server.log.preallocated.size = 4194304 (custom)
2024-01-26 21:34:17,821 [67e21e31-4dca-48e2-85b4-2f4b1b69db84-groupManagement] INFO  server.RaftServerConfigKeys (ConfUtils.java:logGet(46)) - raft.server.log.force.sync.num = 128 (default)
2024-01-26 21:34:17,821 [67e21e31-4dca-48e2-85b4-2f4b1b69db84-groupManagement] INFO  server.RaftServerConfigKeys (ConfUtils.java:logGet(46)) - raft.server.log.statemachine.data.sync = true (default)
2024-01-26 21:34:17,821 [67e21e31-4dca-48e2-85b4-2f4b1b69db84-groupManagement] INFO  server.RaftServerConfigKeys (ConfUtils.java:logGet(46)) - raft.server.log.statemachine.data.sync.timeout = 10s (default)
2024-01-26 21:34:17,821 [67e21e31-4dca-48e2-85b4-2f4b1b69db84-groupManagement] INFO  server.RaftServerConfigKeys (ConfUtils.java:logGet(46)) - raft.server.log.statemachine.data.sync.timeout.retry = 0 (custom)
2024-01-26 21:34:17,822 [67e21e31-4dca-48e2-85b4-2f4b1b69db84-groupManagement] INFO  server.RaftServerConfigKeys (ConfUtils.java:logGet(46)) - raft.server.log.write.buffer.size = 8388616 (custom)
2024-01-26 21:34:17,826 [67e21e31-4dca-48e2-85b4-2f4b1b69db84-groupManagement] INFO  server.RaftServerConfigKeys (ConfUtils.java:logGet(46)) - raft.server.log.appender.buffer.byte-limit = 8388608 (custom)
2024-01-26 21:34:17,826 [67e21e31-4dca-48e2-85b4-2f4b1b69db84-groupManagement] INFO  server.RaftServerConfigKeys (ConfUtils.java:logGet(46)) - raft.server.log.unsafe-flush.enabled = false (default)
2024-01-26 21:34:17,827 [67e21e31-4dca-48e2-85b4-2f4b1b69db84-groupManagement] INFO  server.RaftServerConfigKeys (ConfUtils.java:logGet(46)) - raft.server.log.async-flush.enabled = false (default)
2024-01-26 21:34:17,827 [67e21e31-4dca-48e2-85b4-2f4b1b69db84-groupManagement] INFO  server.RaftServerConfigKeys (ConfUtils.java:logGet(46)) - raft.server.log.statemachine.data.caching.enabled = true (custom)
2024-01-26 21:34:17,828 [67e21e31-4dca-48e2-85b4-2f4b1b69db84-groupManagement] INFO  segmented.SegmentedRaftLogWorker (SegmentedRaftLogWorker.java:lambda$new$0(134)) - 67e21e31-4dca-48e2-85b4-2f4b1b69db84@group-639F76320631-SegmentedRaftLogWorker: flushIndex: setUnconditionally 0 -> -1
2024-01-26 21:34:17,828 [67e21e31-4dca-48e2-85b4-2f4b1b69db84-groupManagement] INFO  segmented.SegmentedRaftLogWorker (SegmentedRaftLogWorker.java:lambda$new$0(134)) - 67e21e31-4dca-48e2-85b4-2f4b1b69db84@group-639F76320631-SegmentedRaftLogWorker: safeCacheEvictIndex: setUnconditionally 0 -> -1
2024-01-26 21:34:17,829 [EventQueue-PipelineReportForPipelineReportHandler] INFO  pipeline.PipelineReportHandler (PipelineReportHandler.java:processPipelineReport(136)) - Opened pipeline PipelineID=8b1b8c84-e774-48d5-bd5f-639f76320631
2024-01-26 21:34:17,843 [67e21e31-4dca-48e2-85b4-2f4b1b69db84-groupManagement] INFO  server.RaftServer$Division (RaftServerImpl.java:start(396)) - 67e21e31-4dca-48e2-85b4-2f4b1b69db84@group-639F76320631: start as a follower, conf=-1: peers:[67e21e31-4dca-48e2-85b4-2f4b1b69db84|10.1.0.5:15014]|listeners:[], old=null
2024-01-26 21:34:17,844 [67e21e31-4dca-48e2-85b4-2f4b1b69db84-groupManagement] INFO  server.RaftServer$Division (RaftServerImpl.java:setRole(383)) - 67e21e31-4dca-48e2-85b4-2f4b1b69db84@group-639F76320631: changes role from      null to FOLLOWER at term 0 for startAsFollower
2024-01-26 21:34:17,847 [EventQueue-OpenPipelineForHealthyPipelineSafeModeRule] INFO  safemode.SCMSafeModeManager (HealthyPipelineSafeModeRule.java:process(140)) - SCM in safe mode. Healthy pipelines reported count is 0, required healthy pipeline reported count is 1
2024-01-26 21:34:17,854 [67e21e31-4dca-48e2-85b4-2f4b1b69db84-groupManagement] INFO  impl.RoleInfo (RoleInfo.java:updateAndGet(139)) - 67e21e31-4dca-48e2-85b4-2f4b1b69db84: start 67e21e31-4dca-48e2-85b4-2f4b1b69db84@group-639F76320631-FollowerState
2024-01-26 21:34:17,859 [67e21e31-4dca-48e2-85b4-2f4b1b69db84-groupManagement] INFO  util.JmxRegister (JmxRegister.java:tryRegister(44)) - Successfully registered JMX Bean with object name Ratis:service=RaftServer,group=group-639F76320631,id=67e21e31-4dca-48e2-85b4-2f4b1b69db84
2024-01-26 21:34:17,859 [67e21e31-4dca-48e2-85b4-2f4b1b69db84-groupManagement] INFO  server.RaftServerConfigKeys (ConfUtils.java:logGet(46)) - raft.server.snapshot.trigger-when-stop.enabled = true (default)
2024-01-26 21:34:17,859 [67e21e31-4dca-48e2-85b4-2f4b1b69db84-groupManagement] INFO  server.RaftServerConfigKeys (ConfUtils.java:logGet(46)) - raft.server.snapshot.auto.trigger.enabled = true (custom)
2024-01-26 21:34:17,859 [67e21e31-4dca-48e2-85b4-2f4b1b69db84-groupManagement] INFO  server.RaftServerConfigKeys (ConfUtils.java:logGet(46)) - raft.server.snapshot.auto.trigger.threshold = 10000 (custom)
2024-01-26 21:34:17,859 [67e21e31-4dca-48e2-85b4-2f4b1b69db84-groupManagement] INFO  server.RaftServerConfigKeys (ConfUtils.java:logGet(46)) - raft.server.snapshot.retention.file.num = 5 (custom)
2024-01-26 21:34:17,859 [67e21e31-4dca-48e2-85b4-2f4b1b69db84-groupManagement] INFO  server.RaftServerConfigKeys (ConfUtils.java:logGet(46)) - raft.server.log.purge.upto.snapshot.index = false (default)
2024-01-26 21:34:17,862 [67e21e31-4dca-48e2-85b4-2f4b1b69db84@group-639F76320631-FollowerState] INFO  server.RaftServerConfigKeys (ConfUtils.java:logFallback(53)) - raft.server.rpc.first-election.timeout.min = 5s (fallback to raft.server.rpc.timeout.min)
2024-01-26 21:34:17,862 [67e21e31-4dca-48e2-85b4-2f4b1b69db84@group-639F76320631-FollowerState] INFO  server.RaftServerConfigKeys (ConfUtils.java:logFallback(53)) - raft.server.rpc.first-election.timeout.max = 5200ms (fallback to raft.server.rpc.timeout.max)
2024-01-26 21:34:17,873 [67e21e31-4dca-48e2-85b4-2f4b1b69db84-PipelineCommandHandlerThread-0] INFO  ratis.XceiverServerRatis (XceiverServerRatis.java:addGroup(842)) - Created group PipelineID=8b1b8c84-e774-48d5-bd5f-639f76320631
2024-01-26 21:34:17,874 [67e21e31-4dca-48e2-85b4-2f4b1b69db84-PipelineCommandHandlerThread-0] INFO  commandhandler.CreatePipelineCommandHandler (CreatePipelineCommandHandler.java:lambda$handle$2(124)) - Created Pipeline RATIS ONE PipelineID=8b1b8c84-e774-48d5-bd5f-639f76320631.
2024-01-26 21:34:17,874 [67e21e31-4dca-48e2-85b4-2f4b1b69db84-PipelineCommandHandlerThread-0] INFO  server.RaftServer (RaftServerProxy.java:addNew(100)) - 67e21e31-4dca-48e2-85b4-2f4b1b69db84: addNew group-DB88475E5C12:[67e21e31-4dca-48e2-85b4-2f4b1b69db84|10.1.0.5:15014, c424f152-b0b1-403f-ad43-57b6eddc8681|10.1.0.5:15032, a4a3addc-657d-412b-928e-3d6f899db221|10.1.0.5:15023] returns group-DB88475E5C12:java.util.concurrent.CompletableFuture@48866891[Not completed]
2024-01-26 21:34:17,885 [67e21e31-4dca-48e2-85b4-2f4b1b69db84-groupManagement] INFO  server.RaftServer$Division (RaftServerImpl.java:<init>(256)) - 67e21e31-4dca-48e2-85b4-2f4b1b69db84: new RaftServerImpl for group-DB88475E5C12:[67e21e31-4dca-48e2-85b4-2f4b1b69db84|10.1.0.5:15014, c424f152-b0b1-403f-ad43-57b6eddc8681|10.1.0.5:15032, a4a3addc-657d-412b-928e-3d6f899db221|10.1.0.5:15023] with ContainerStateMachine:uninitialized
2024-01-26 21:34:17,889 [67e21e31-4dca-48e2-85b4-2f4b1b69db84-groupManagement] INFO  server.RaftServerConfigKeys (ConfUtils.java:logGet(46)) - raft.server.rpc.timeout.min = 5s (custom)
2024-01-26 21:34:17,889 [67e21e31-4dca-48e2-85b4-2f4b1b69db84-groupManagement] INFO  server.RaftServerConfigKeys (ConfUtils.java:logGet(46)) - raft.server.rpc.timeout.max = 5200ms (custom)
2024-01-26 21:34:17,889 [67e21e31-4dca-48e2-85b4-2f4b1b69db84-groupManagement] INFO  server.RaftServerConfigKeys (ConfUtils.java:logGet(46)) - raft.server.rpc.sleep.time = 25ms (default)
2024-01-26 21:34:17,889 [67e21e31-4dca-48e2-85b4-2f4b1b69db84-groupManagement] INFO  server.RaftServerConfigKeys (ConfUtils.java:logGet(46)) - raft.server.rpc.slowness.timeout = 300s (custom)
2024-01-26 21:34:17,889 [67e21e31-4dca-48e2-85b4-2f4b1b69db84-groupManagement] INFO  server.RaftServerConfigKeys (ConfUtils.java:logGet(46)) - raft.server.leaderelection.leader.step-down.wait-time = 10s (default)
2024-01-26 21:34:17,889 [67e21e31-4dca-48e2-85b4-2f4b1b69db84-groupManagement] INFO  server.RaftServerConfigKeys (ConfUtils.java:logGet(46)) - raft.server.leaderelection.member.majority-add = false (default)
2024-01-26 21:34:17,889 [67e21e31-4dca-48e2-85b4-2f4b1b69db84-groupManagement] INFO  server.RaftServerConfigKeys (ConfUtils.java:logGet(46)) - raft.server.sleep.deviation.threshold = 300ms (default)
2024-01-26 21:34:17,889 [67e21e31-4dca-48e2-85b4-2f4b1b69db84-groupManagement] INFO  server.RaftServer$Division (ServerState.java:<init>(113)) - 67e21e31-4dca-48e2-85b4-2f4b1b69db84@group-DB88475E5C12: ConfigurationManager, init=-1: peers:[67e21e31-4dca-48e2-85b4-2f4b1b69db84|10.1.0.5:15014, c424f152-b0b1-403f-ad43-57b6eddc8681|10.1.0.5:15032, a4a3addc-657d-412b-928e-3d6f899db221|10.1.0.5:15023]|listeners:[], old=null, confs=<EMPTY_MAP>
2024-01-26 21:34:17,889 [67e21e31-4dca-48e2-85b4-2f4b1b69db84-groupManagement] INFO  server.RaftServerConfigKeys (ConfUtils.java:logGet(46)) - raft.server.notification.no-leader.timeout = 300s (custom)
2024-01-26 21:34:17,889 [67e21e31-4dca-48e2-85b4-2f4b1b69db84-groupManagement] INFO  server.RaftServerConfigKeys (ConfUtils.java:logGet(46)) - raft.server.read.timeout = 10s (default)
2024-01-26 21:34:17,889 [67e21e31-4dca-48e2-85b4-2f4b1b69db84-groupManagement] INFO  server.RaftServerConfigKeys (ConfUtils.java:logGet(46)) - raft.server.retrycache.expirytime = 600000ms (custom)
2024-01-26 21:34:17,890 [67e21e31-4dca-48e2-85b4-2f4b1b69db84-groupManagement] INFO  server.RaftServerConfigKeys (ConfUtils.java:logGet(46)) - raft.server.retrycache.statistics.expirytime = 100ms (default)
2024-01-26 21:34:17,890 [67e21e31-4dca-48e2-85b4-2f4b1b69db84-groupManagement] INFO  server.RaftServerConfigKeys (ConfUtils.java:logGet(46)) - raft.server.read.option = DEFAULT (default)
2024-01-26 21:34:17,890 [67e21e31-4dca-48e2-85b4-2f4b1b69db84-groupManagement] INFO  server.RaftServerConfigKeys (ConfUtils.java:logGet(46)) - raft.server.read.read-after-write-consistent.write-index-cache.expiry-time = 60s (default)
2024-01-26 21:34:17,897 [67e21e31-4dca-48e2-85b4-2f4b1b69db84-groupManagement] INFO  server.RaftServerConfigKeys (ConfUtils.java:logGet(46)) - raft.server.rpc.request.timeout = 60s (custom)
2024-01-26 21:34:17,897 [67e21e31-4dca-48e2-85b4-2f4b1b69db84-groupManagement] INFO  server.RaftServerConfigKeys (ConfUtils.java:logGet(46)) - raft.server.log.appender.install.snapshot.enabled = false (custom)
2024-01-26 21:34:17,897 [67e21e31-4dca-48e2-85b4-2f4b1b69db84-groupManagement] INFO  server.RaftServerConfigKeys (ConfUtils.java:logGet(46)) - raft.server.threadpool.server.cached = true (default)
2024-01-26 21:34:17,897 [67e21e31-4dca-48e2-85b4-2f4b1b69db84-groupManagement] INFO  server.RaftServerConfigKeys (ConfUtils.java:logGet(46)) - raft.server.threadpool.server.size = 0 (default)
2024-01-26 21:34:17,897 [67e21e31-4dca-48e2-85b4-2f4b1b69db84-groupManagement] INFO  server.RaftServerConfigKeys (ConfUtils.java:logGet(46)) - raft.server.threadpool.client.cached = true (default)
2024-01-26 21:34:17,897 [67e21e31-4dca-48e2-85b4-2f4b1b69db84-groupManagement] INFO  server.RaftServerConfigKeys (ConfUtils.java:logGet(46)) - raft.server.threadpool.client.size = 0 (default)
2024-01-26 21:34:17,898 [67e21e31-4dca-48e2-85b4-2f4b1b69db84-groupManagement] INFO  server.RaftServerConfigKeys (ConfUtils.java:logGet(46)) - raft.server.storage.free-space.min = 0MB (=0) (default)
2024-01-26 21:34:17,898 [67e21e31-4dca-48e2-85b4-2f4b1b69db84-groupManagement] INFO  server.RaftServerConfigKeys (ConfUtils.java:logGet(46)) - raft.server.log.corruption.policy = EXCEPTION (default)
2024-01-26 21:34:17,898 [67e21e31-4dca-48e2-85b4-2f4b1b69db84-groupManagement] INFO  server.RaftServerConfigKeys (ConfUtils.java:logGet(46)) - raft.server.storage.dir = [/home/runner/work/ozone/ozone/hadoop-ozone/integration-test/target/test-dir/MiniOzoneClusterImpl-1af845c4-9ad0-4304-ad21-7f4426eccdbd/datanode-0/data/ratis] (custom)
2024-01-26 21:34:17,898 [67e21e31-4dca-48e2-85b4-2f4b1b69db84-groupManagement] INFO  storage.RaftStorageDirectory (RaftStorageDirectoryImpl.java:analyzeStorage(138)) - The storage directory /home/runner/work/ozone/ozone/hadoop-ozone/integration-test/target/test-dir/MiniOzoneClusterImpl-1af845c4-9ad0-4304-ad21-7f4426eccdbd/datanode-0/data/ratis/6bb2a1d8-6a1b-481f-bac4-db88475e5c12 does not exist. Creating ...
2024-01-26 21:34:17,903 [a4a3addc-657d-412b-928e-3d6f899db221-PipelineCommandHandlerThread-0] INFO  server.RaftServer (RaftServerProxy.java:addNew(100)) - a4a3addc-657d-412b-928e-3d6f899db221: addNew group-D485A5548EAE:[a4a3addc-657d-412b-928e-3d6f899db221|10.1.0.5:15023] returns group-D485A5548EAE:java.util.concurrent.CompletableFuture@63e79eb4[Not completed]
2024-01-26 21:34:17,903 [67e21e31-4dca-48e2-85b4-2f4b1b69db84-groupManagement] INFO  storage.RaftStorageDirectory (RaftStorageDirectoryImpl.java:tryLock(228)) - Lock on /home/runner/work/ozone/ozone/hadoop-ozone/integration-test/target/test-dir/MiniOzoneClusterImpl-1af845c4-9ad0-4304-ad21-7f4426eccdbd/datanode-0/data/ratis/6bb2a1d8-6a1b-481f-bac4-db88475e5c12/in_use.lock acquired by nodename 39692@fv-az1566-86
2024-01-26 21:34:17,904 [a4a3addc-657d-412b-928e-3d6f899db221-groupManagement] INFO  server.RaftServer$Division (RaftServerImpl.java:<init>(256)) - a4a3addc-657d-412b-928e-3d6f899db221: new RaftServerImpl for group-D485A5548EAE:[a4a3addc-657d-412b-928e-3d6f899db221|10.1.0.5:15023] with ContainerStateMachine:uninitialized
2024-01-26 21:34:17,904 [a4a3addc-657d-412b-928e-3d6f899db221-groupManagement] INFO  server.RaftServerConfigKeys (ConfUtils.java:logGet(46)) - raft.server.rpc.timeout.min = 5s (custom)
2024-01-26 21:34:17,904 [a4a3addc-657d-412b-928e-3d6f899db221-groupManagement] INFO  server.RaftServerConfigKeys (ConfUtils.java:logGet(46)) - raft.server.rpc.timeout.max = 5200ms (custom)
2024-01-26 21:34:17,905 [a4a3addc-657d-412b-928e-3d6f899db221-groupManagement] INFO  server.RaftServerConfigKeys (ConfUtils.java:logGet(46)) - raft.server.rpc.sleep.time = 25ms (default)
2024-01-26 21:34:17,905 [a4a3addc-657d-412b-928e-3d6f899db221-groupManagement] INFO  server.RaftServerConfigKeys (ConfUtils.java:logGet(46)) - raft.server.rpc.slowness.timeout = 300s (custom)
2024-01-26 21:34:17,905 [a4a3addc-657d-412b-928e-3d6f899db221-groupManagement] INFO  server.RaftServerConfigKeys (ConfUtils.java:logGet(46)) - raft.server.leaderelection.leader.step-down.wait-time = 10s (default)
2024-01-26 21:34:17,905 [a4a3addc-657d-412b-928e-3d6f899db221-groupManagement] INFO  server.RaftServerConfigKeys (ConfUtils.java:logGet(46)) - raft.server.leaderelection.member.majority-add = false (default)
2024-01-26 21:34:17,905 [a4a3addc-657d-412b-928e-3d6f899db221-groupManagement] INFO  server.RaftServerConfigKeys (ConfUtils.java:logGet(46)) - raft.server.sleep.deviation.threshold = 300ms (default)
2024-01-26 21:34:17,905 [a4a3addc-657d-412b-928e-3d6f899db221-groupManagement] INFO  server.RaftServer$Division (ServerState.java:<init>(113)) - a4a3addc-657d-412b-928e-3d6f899db221@group-D485A5548EAE: ConfigurationManager, init=-1: peers:[a4a3addc-657d-412b-928e-3d6f899db221|10.1.0.5:15023]|listeners:[], old=null, confs=<EMPTY_MAP>
2024-01-26 21:34:17,905 [a4a3addc-657d-412b-928e-3d6f899db221-groupManagement] INFO  server.RaftServerConfigKeys (ConfUtils.java:logGet(46)) - raft.server.notification.no-leader.timeout = 300s (custom)
2024-01-26 21:34:17,905 [a4a3addc-657d-412b-928e-3d6f899db221-groupManagement] INFO  server.RaftServerConfigKeys (ConfUtils.java:logGet(46)) - raft.server.read.timeout = 10s (default)
2024-01-26 21:34:17,905 [a4a3addc-657d-412b-928e-3d6f899db221-groupManagement] INFO  server.RaftServerConfigKeys (ConfUtils.java:logGet(46)) - raft.server.retrycache.expirytime = 600000ms (custom)
2024-01-26 21:34:17,905 [a4a3addc-657d-412b-928e-3d6f899db221-groupManagement] INFO  server.RaftServerConfigKeys (ConfUtils.java:logGet(46)) - raft.server.retrycache.statistics.expirytime = 100ms (default)
2024-01-26 21:34:17,905 [a4a3addc-657d-412b-928e-3d6f899db221-groupManagement] INFO  server.RaftServerConfigKeys (ConfUtils.java:logGet(46)) - raft.server.read.option = DEFAULT (default)
2024-01-26 21:34:17,905 [a4a3addc-657d-412b-928e-3d6f899db221-groupManagement] INFO  server.RaftServerConfigKeys (ConfUtils.java:logGet(46)) - raft.server.read.read-after-write-consistent.write-index-cache.expiry-time = 60s (default)
2024-01-26 21:34:17,908 [67e21e31-4dca-48e2-85b4-2f4b1b69db84-groupManagement] INFO  storage.RaftStorage (RaftStorageImpl.java:format(99)) - Storage directory /home/runner/work/ozone/ozone/hadoop-ozone/integration-test/target/test-dir/MiniOzoneClusterImpl-1af845c4-9ad0-4304-ad21-7f4426eccdbd/datanode-0/data/ratis/6bb2a1d8-6a1b-481f-bac4-db88475e5c12 has been successfully formatted.
2024-01-26 21:34:17,909 [67e21e31-4dca-48e2-85b4-2f4b1b69db84-groupManagement] WARN  util.FileUtils (LogUtils.java:supplyAndLog(63)) - Failed to Files.newInputStream /home/runner/work/ozone/ozone/hadoop-ozone/integration-test/target/test-dir/MiniOzoneClusterImpl-1af845c4-9ad0-4304-ad21-7f4426eccdbd/datanode-0/data/ratis/6bb2a1d8-6a1b-481f-bac4-db88475e5c12/current/raft-meta.conf with options []: java.nio.file.NoSuchFileException: /home/runner/work/ozone/ozone/hadoop-ozone/integration-test/target/test-dir/MiniOzoneClusterImpl-1af845c4-9ad0-4304-ad21-7f4426eccdbd/datanode-0/data/ratis/6bb2a1d8-6a1b-481f-bac4-db88475e5c12/current/raft-meta.conf
2024-01-26 21:34:17,909 [67e21e31-4dca-48e2-85b4-2f4b1b69db84-groupManagement] INFO  ratis.ContainerStateMachine (ContainerStateMachine.java:loadSnapshot(287)) - group-DB88475E5C12: The snapshot info is null. Setting the last applied index to:(t:0, i:~)
2024-01-26 21:34:17,910 [67e21e31-4dca-48e2-85b4-2f4b1b69db84-groupManagement] INFO  server.RaftServerConfigKeys (ConfUtils.java:logGet(46)) - raft.server.log.use.memory = false (default)
2024-01-26 21:34:17,910 [67e21e31-4dca-48e2-85b4-2f4b1b69db84-groupManagement] INFO  server.RaftServerConfigKeys (ConfUtils.java:logGet(46)) - raft.server.log.purge.gap = 1000000 (custom)
2024-01-26 21:34:17,910 [67e21e31-4dca-48e2-85b4-2f4b1b69db84-groupManagement] INFO  server.RaftServerConfigKeys (ConfUtils.java:logGet(46)) - raft.server.log.appender.buffer.byte-limit = 8388608 (custom)
2024-01-26 21:34:17,910 [67e21e31-4dca-48e2-85b4-2f4b1b69db84-groupManagement] INFO  server.RaftServerConfigKeys (ConfUtils.java:logGet(46)) - raft.server.log.statemachine.data.read.timeout = 1000ms (default)
2024-01-26 21:34:17,910 [67e21e31-4dca-48e2-85b4-2f4b1b69db84-groupManagement] INFO  server.RaftServerConfigKeys (ConfUtils.java:logGet(46)) - raft.server.log.purge.preservation.log.num = 0 (default)
2024-01-26 21:34:17,910 [EventQueue-OpenPipelineForHealthyPipelineSafeModeRule] INFO  safemode.SCMSafeModeManager (HealthyPipelineSafeModeRule.java:process(140)) - SCM in safe mode. Healthy pipelines reported count is 0, required healthy pipeline reported count is 1
2024-01-26 21:34:17,924 [a4a3addc-657d-412b-928e-3d6f899db221-groupManagement] INFO  server.RaftServerConfigKeys (ConfUtils.java:logGet(46)) - raft.server.rpc.request.timeout = 60s (custom)
2024-01-26 21:34:17,924 [a4a3addc-657d-412b-928e-3d6f899db221-groupManagement] INFO  server.RaftServerConfigKeys (ConfUtils.java:logGet(46)) - raft.server.log.appender.install.snapshot.enabled = false (custom)
2024-01-26 21:34:17,924 [a4a3addc-657d-412b-928e-3d6f899db221-groupManagement] INFO  server.RaftServerConfigKeys (ConfUtils.java:logGet(46)) - raft.server.threadpool.server.cached = true (default)
2024-01-26 21:34:17,924 [a4a3addc-657d-412b-928e-3d6f899db221-groupManagement] INFO  server.RaftServerConfigKeys (ConfUtils.java:logGet(46)) - raft.server.threadpool.server.size = 0 (default)
2024-01-26 21:34:17,924 [a4a3addc-657d-412b-928e-3d6f899db221-groupManagement] INFO  server.RaftServerConfigKeys (ConfUtils.java:logGet(46)) - raft.server.threadpool.client.cached = true (default)
2024-01-26 21:34:17,925 [a4a3addc-657d-412b-928e-3d6f899db221-groupManagement] INFO  server.RaftServerConfigKeys (ConfUtils.java:logGet(46)) - raft.server.threadpool.client.size = 0 (default)
2024-01-26 21:34:17,925 [a4a3addc-657d-412b-928e-3d6f899db221-groupManagement] INFO  server.RaftServerConfigKeys (ConfUtils.java:logGet(46)) - raft.server.storage.free-space.min = 0MB (=0) (default)
2024-01-26 21:34:17,925 [a4a3addc-657d-412b-928e-3d6f899db221-groupManagement] INFO  server.RaftServerConfigKeys (ConfUtils.java:logGet(46)) - raft.server.log.corruption.policy = EXCEPTION (default)
2024-01-26 21:34:17,925 [a4a3addc-657d-412b-928e-3d6f899db221-groupManagement] INFO  server.RaftServerConfigKeys (ConfUtils.java:logGet(46)) - raft.server.storage.dir = [/home/runner/work/ozone/ozone/hadoop-ozone/integration-test/target/test-dir/MiniOzoneClusterImpl-1af845c4-9ad0-4304-ad21-7f4426eccdbd/datanode-1/data/ratis] (custom)
2024-01-26 21:34:17,925 [a4a3addc-657d-412b-928e-3d6f899db221-groupManagement] INFO  storage.RaftStorageDirectory (RaftStorageDirectoryImpl.java:analyzeStorage(138)) - The storage directory /home/runner/work/ozone/ozone/hadoop-ozone/integration-test/target/test-dir/MiniOzoneClusterImpl-1af845c4-9ad0-4304-ad21-7f4426eccdbd/datanode-1/data/ratis/e0e0a856-02a7-4a88-b4a5-d485a5548eae does not exist. Creating ...
2024-01-26 21:34:17,927 [a4a3addc-657d-412b-928e-3d6f899db221-groupManagement] INFO  storage.RaftStorageDirectory (RaftStorageDirectoryImpl.java:tryLock(228)) - Lock on /home/runner/work/ozone/ozone/hadoop-ozone/integration-test/target/test-dir/MiniOzoneClusterImpl-1af845c4-9ad0-4304-ad21-7f4426eccdbd/datanode-1/data/ratis/e0e0a856-02a7-4a88-b4a5-d485a5548eae/in_use.lock acquired by nodename 39692@fv-az1566-86
2024-01-26 21:34:17,927 [67e21e31-4dca-48e2-85b4-2f4b1b69db84-groupManagement] INFO  server.RaftServerConfigKeys (ConfUtils.java:logGet(46)) - raft.server.log.segment.size.max = 67108864 (custom)
2024-01-26 21:34:17,929 [a4a3addc-657d-412b-928e-3d6f899db221-groupManagement] INFO  storage.RaftStorage (RaftStorageImpl.java:format(99)) - Storage directory /home/runner/work/ozone/ozone/hadoop-ozone/integration-test/target/test-dir/MiniOzoneClusterImpl-1af845c4-9ad0-4304-ad21-7f4426eccdbd/datanode-1/data/ratis/e0e0a856-02a7-4a88-b4a5-d485a5548eae has been successfully formatted.
2024-01-26 21:34:17,930 [a4a3addc-657d-412b-928e-3d6f899db221-groupManagement] WARN  util.FileUtils (LogUtils.java:supplyAndLog(63)) - Failed to Files.newInputStream /home/runner/work/ozone/ozone/hadoop-ozone/integration-test/target/test-dir/MiniOzoneClusterImpl-1af845c4-9ad0-4304-ad21-7f4426eccdbd/datanode-1/data/ratis/e0e0a856-02a7-4a88-b4a5-d485a5548eae/current/raft-meta.conf with options []: java.nio.file.NoSuchFileException: /home/runner/work/ozone/ozone/hadoop-ozone/integration-test/target/test-dir/MiniOzoneClusterImpl-1af845c4-9ad0-4304-ad21-7f4426eccdbd/datanode-1/data/ratis/e0e0a856-02a7-4a88-b4a5-d485a5548eae/current/raft-meta.conf
2024-01-26 21:34:17,933 [67e21e31-4dca-48e2-85b4-2f4b1b69db84-groupManagement] INFO  server.RaftServerConfigKeys (ConfUtils.java:logGet(46)) - raft.server.log.segment.cache.num.max = 2 (custom)
2024-01-26 21:34:17,933 [67e21e31-4dca-48e2-85b4-2f4b1b69db84-groupManagement] INFO  server.RaftServerConfigKeys (ConfUtils.java:logGet(46)) - raft.server.log.segment.cache.size.max = 200MB (=209715200) (default)
2024-01-26 21:34:17,933 [67e21e31-4dca-48e2-85b4-2f4b1b69db84-groupManagement] INFO  server.RaftServerConfigKeys (ConfUtils.java:logGet(46)) - raft.server.log.appender.buffer.byte-limit = 8388608 (custom)
2024-01-26 21:34:17,934 [67e21e31-4dca-48e2-85b4-2f4b1b69db84-groupManagement] INFO  util.AwaitToRun (AwaitToRun.java:start(81)) - Thread[67e21e31-4dca-48e2-85b4-2f4b1b69db84@group-DB88475E5C12-cacheEviction-AwaitToRun,5,main] started
2024-01-26 21:34:17,935 [67e21e31-4dca-48e2-85b4-2f4b1b69db84-groupManagement] INFO  segmented.SegmentedRaftLogWorker (SegmentedRaftLogWorker.java:<init>(182)) - new 67e21e31-4dca-48e2-85b4-2f4b1b69db84@group-DB88475E5C12-SegmentedRaftLogWorker for RaftStorageImpl:Storage Directory /home/runner/work/ozone/ozone/hadoop-ozone/integration-test/target/test-dir/MiniOzoneClusterImpl-1af845c4-9ad0-4304-ad21-7f4426eccdbd/datanode-0/data/ratis/6bb2a1d8-6a1b-481f-bac4-db88475e5c12
2024-01-26 21:34:17,935 [67e21e31-4dca-48e2-85b4-2f4b1b69db84-groupManagement] INFO  server.RaftServerConfigKeys (ConfUtils.java:logGet(46)) - raft.server.log.queue.byte-limit = 4294967296 (custom)
2024-01-26 21:34:17,935 [67e21e31-4dca-48e2-85b4-2f4b1b69db84-groupManagement] INFO  server.RaftServerConfigKeys (ConfUtils.java:logGet(46)) - raft.server.log.queue.element-limit = 1024 (custom)
2024-01-26 21:34:17,935 [67e21e31-4dca-48e2-85b4-2f4b1b69db84-groupManagement] INFO  server.RaftServerConfigKeys (ConfUtils.java:logGet(46)) - raft.server.log.segment.size.max = 67108864 (custom)
2024-01-26 21:34:17,935 [67e21e31-4dca-48e2-85b4-2f4b1b69db84-groupManagement] INFO  server.RaftServerConfigKeys (ConfUtils.java:logGet(46)) - raft.server.log.preallocated.size = 4194304 (custom)
2024-01-26 21:34:17,935 [67e21e31-4dca-48e2-85b4-2f4b1b69db84-groupManagement] INFO  server.RaftServerConfigKeys (ConfUtils.java:logGet(46)) - raft.server.log.force.sync.num = 128 (default)
2024-01-26 21:34:17,935 [67e21e31-4dca-48e2-85b4-2f4b1b69db84-groupManagement] INFO  server.RaftServerConfigKeys (ConfUtils.java:logGet(46)) - raft.server.log.statemachine.data.sync = true (default)
2024-01-26 21:34:17,935 [67e21e31-4dca-48e2-85b4-2f4b1b69db84-groupManagement] INFO  server.RaftServerConfigKeys (ConfUtils.java:logGet(46)) - raft.server.log.statemachine.data.sync.timeout = 10s (default)
2024-01-26 21:34:17,935 [67e21e31-4dca-48e2-85b4-2f4b1b69db84-groupManagement] INFO  server.RaftServerConfigKeys (ConfUtils.java:logGet(46)) - raft.server.log.statemachine.data.sync.timeout.retry = 0 (custom)
2024-01-26 21:34:17,936 [67e21e31-4dca-48e2-85b4-2f4b1b69db84-groupManagement] INFO  server.RaftServerConfigKeys (ConfUtils.java:logGet(46)) - raft.server.log.write.buffer.size = 8388616 (custom)
2024-01-26 21:34:17,938 [67e21e31-4dca-48e2-85b4-2f4b1b69db84-groupManagement] INFO  server.RaftServerConfigKeys (ConfUtils.java:logGet(46)) - raft.server.log.appender.buffer.byte-limit = 8388608 (custom)
2024-01-26 21:34:17,938 [67e21e31-4dca-48e2-85b4-2f4b1b69db84-groupManagement] INFO  server.RaftServerConfigKeys (ConfUtils.java:logGet(46)) - raft.server.log.unsafe-flush.enabled = false (default)
2024-01-26 21:34:17,939 [67e21e31-4dca-48e2-85b4-2f4b1b69db84-groupManagement] INFO  server.RaftServerConfigKeys (ConfUtils.java:logGet(46)) - raft.server.log.async-flush.enabled = false (default)
2024-01-26 21:34:17,939 [67e21e31-4dca-48e2-85b4-2f4b1b69db84-groupManagement] INFO  server.RaftServerConfigKeys (ConfUtils.java:logGet(46)) - raft.server.log.statemachine.data.caching.enabled = true (custom)
2024-01-26 21:34:17,939 [EventQueue-PipelineReportForPipelineReportHandler] INFO  pipeline.PipelineReportHandler (PipelineReportHandler.java:processPipelineReport(136)) - Opened pipeline PipelineID=e0e0a856-02a7-4a88-b4a5-d485a5548eae
2024-01-26 21:34:17,934 [a4a3addc-657d-412b-928e-3d6f899db221-groupManagement] INFO  ratis.ContainerStateMachine (ContainerStateMachine.java:loadSnapshot(287)) - group-D485A5548EAE: The snapshot info is null. Setting the last applied index to:(t:0, i:~)
2024-01-26 21:34:17,939 [a4a3addc-657d-412b-928e-3d6f899db221-groupManagement] INFO  server.RaftServerConfigKeys (ConfUtils.java:logGet(46)) - raft.server.log.use.memory = false (default)
2024-01-26 21:34:17,939 [a4a3addc-657d-412b-928e-3d6f899db221-groupManagement] INFO  server.RaftServerConfigKeys (ConfUtils.java:logGet(46)) - raft.server.log.purge.gap = 1000000 (custom)
2024-01-26 21:34:17,940 [a4a3addc-657d-412b-928e-3d6f899db221-groupManagement] INFO  server.RaftServerConfigKeys (ConfUtils.java:logGet(46)) - raft.server.log.appender.buffer.byte-limit = 8388608 (custom)
2024-01-26 21:34:17,940 [a4a3addc-657d-412b-928e-3d6f899db221-groupManagement] INFO  server.RaftServerConfigKeys (ConfUtils.java:logGet(46)) - raft.server.log.statemachine.data.read.timeout = 1000ms (default)
2024-01-26 21:34:17,940 [a4a3addc-657d-412b-928e-3d6f899db221-groupManagement] INFO  server.RaftServerConfigKeys (ConfUtils.java:logGet(46)) - raft.server.log.purge.preservation.log.num = 0 (default)
2024-01-26 21:34:17,939 [67e21e31-4dca-48e2-85b4-2f4b1b69db84-groupManagement] INFO  segmented.SegmentedRaftLogWorker (SegmentedRaftLogWorker.java:lambda$new$0(134)) - 67e21e31-4dca-48e2-85b4-2f4b1b69db84@group-DB88475E5C12-SegmentedRaftLogWorker: flushIndex: setUnconditionally 0 -> -1
2024-01-26 21:34:17,939 [EventQueue-OpenPipelineForHealthyPipelineSafeModeRule] INFO  safemode.SCMSafeModeManager (HealthyPipelineSafeModeRule.java:process(140)) - SCM in safe mode. Healthy pipelines reported count is 0, required healthy pipeline reported count is 1
2024-01-26 21:34:17,941 [67e21e31-4dca-48e2-85b4-2f4b1b69db84-groupManagement] INFO  segmented.SegmentedRaftLogWorker (SegmentedRaftLogWorker.java:lambda$new$0(134)) - 67e21e31-4dca-48e2-85b4-2f4b1b69db84@group-DB88475E5C12-SegmentedRaftLogWorker: safeCacheEvictIndex: setUnconditionally 0 -> -1
2024-01-26 21:34:17,943 [67e21e31-4dca-48e2-85b4-2f4b1b69db84-groupManagement] INFO  server.RaftServer$Division (RaftServerImpl.java:start(396)) - 67e21e31-4dca-48e2-85b4-2f4b1b69db84@group-DB88475E5C12: start as a follower, conf=-1: peers:[67e21e31-4dca-48e2-85b4-2f4b1b69db84|10.1.0.5:15014, c424f152-b0b1-403f-ad43-57b6eddc8681|10.1.0.5:15032, a4a3addc-657d-412b-928e-3d6f899db221|10.1.0.5:15023]|listeners:[], old=null
2024-01-26 21:34:17,943 [67e21e31-4dca-48e2-85b4-2f4b1b69db84-groupManagement] INFO  server.RaftServer$Division (RaftServerImpl.java:setRole(383)) - 67e21e31-4dca-48e2-85b4-2f4b1b69db84@group-DB88475E5C12: changes role from      null to FOLLOWER at term 0 for startAsFollower
2024-01-26 21:34:17,943 [67e21e31-4dca-48e2-85b4-2f4b1b69db84-groupManagement] INFO  impl.RoleInfo (RoleInfo.java:updateAndGet(139)) - 67e21e31-4dca-48e2-85b4-2f4b1b69db84: start 67e21e31-4dca-48e2-85b4-2f4b1b69db84@group-DB88475E5C12-FollowerState
2024-01-26 21:34:17,944 [a4a3addc-657d-412b-928e-3d6f899db221-groupManagement] INFO  server.RaftServerConfigKeys (ConfUtils.java:logGet(46)) - raft.server.log.segment.size.max = 67108864 (custom)
2024-01-26 21:34:17,944 [67e21e31-4dca-48e2-85b4-2f4b1b69db84-groupManagement] INFO  util.JmxRegister (JmxRegister.java:tryRegister(44)) - Successfully registered JMX Bean with object name Ratis:service=RaftServer,group=group-DB88475E5C12,id=67e21e31-4dca-48e2-85b4-2f4b1b69db84
2024-01-26 21:34:17,945 [67e21e31-4dca-48e2-85b4-2f4b1b69db84-groupManagement] INFO  server.RaftServerConfigKeys (ConfUtils.java:logGet(46)) - raft.server.snapshot.trigger-when-stop.enabled = true (default)
2024-01-26 21:34:17,945 [67e21e31-4dca-48e2-85b4-2f4b1b69db84-groupManagement] INFO  server.RaftServerConfigKeys (ConfUtils.java:logGet(46)) - raft.server.snapshot.auto.trigger.enabled = true (custom)
2024-01-26 21:34:17,945 [67e21e31-4dca-48e2-85b4-2f4b1b69db84-groupManagement] INFO  server.RaftServerConfigKeys (ConfUtils.java:logGet(46)) - raft.server.snapshot.auto.trigger.threshold = 10000 (custom)
2024-01-26 21:34:17,945 [67e21e31-4dca-48e2-85b4-2f4b1b69db84-groupManagement] INFO  server.RaftServerConfigKeys (ConfUtils.java:logGet(46)) - raft.server.snapshot.retention.file.num = 5 (custom)
2024-01-26 21:34:17,945 [67e21e31-4dca-48e2-85b4-2f4b1b69db84-groupManagement] INFO  server.RaftServerConfigKeys (ConfUtils.java:logGet(46)) - raft.server.log.purge.upto.snapshot.index = false (default)
2024-01-26 21:34:17,945 [a4a3addc-657d-412b-928e-3d6f899db221-groupManagement] INFO  server.RaftServerConfigKeys (ConfUtils.java:logGet(46)) - raft.server.log.segment.cache.num.max = 2 (custom)
2024-01-26 21:34:17,945 [a4a3addc-657d-412b-928e-3d6f899db221-groupManagement] INFO  server.RaftServerConfigKeys (ConfUtils.java:logGet(46)) - raft.server.log.segment.cache.size.max = 200MB (=209715200) (default)
2024-01-26 21:34:17,945 [a4a3addc-657d-412b-928e-3d6f899db221-groupManagement] INFO  server.RaftServerConfigKeys (ConfUtils.java:logGet(46)) - raft.server.log.appender.buffer.byte-limit = 8388608 (custom)
2024-01-26 21:34:17,945 [a4a3addc-657d-412b-928e-3d6f899db221-groupManagement] INFO  util.AwaitToRun (AwaitToRun.java:start(81)) - Thread[a4a3addc-657d-412b-928e-3d6f899db221@group-D485A5548EAE-cacheEviction-AwaitToRun,5,main] started
2024-01-26 21:34:17,947 [a4a3addc-657d-412b-928e-3d6f899db221-groupManagement] INFO  segmented.SegmentedRaftLogWorker (SegmentedRaftLogWorker.java:<init>(182)) - new a4a3addc-657d-412b-928e-3d6f899db221@group-D485A5548EAE-SegmentedRaftLogWorker for RaftStorageImpl:Storage Directory /home/runner/work/ozone/ozone/hadoop-ozone/integration-test/target/test-dir/MiniOzoneClusterImpl-1af845c4-9ad0-4304-ad21-7f4426eccdbd/datanode-1/data/ratis/e0e0a856-02a7-4a88-b4a5-d485a5548eae
2024-01-26 21:34:17,947 [a4a3addc-657d-412b-928e-3d6f899db221-groupManagement] INFO  server.RaftServerConfigKeys (ConfUtils.java:logGet(46)) - raft.server.log.queue.byte-limit = 4294967296 (custom)
2024-01-26 21:34:17,948 [a4a3addc-657d-412b-928e-3d6f899db221-groupManagement] INFO  server.RaftServerConfigKeys (ConfUtils.java:logGet(46)) - raft.server.log.queue.element-limit = 1024 (custom)
2024-01-26 21:34:17,948 [a4a3addc-657d-412b-928e-3d6f899db221-groupManagement] INFO  server.RaftServerConfigKeys (ConfUtils.java:logGet(46)) - raft.server.log.segment.size.max = 67108864 (custom)
2024-01-26 21:34:17,948 [a4a3addc-657d-412b-928e-3d6f899db221-groupManagement] INFO  server.RaftServerConfigKeys (ConfUtils.java:logGet(46)) - raft.server.log.preallocated.size = 4194304 (custom)
2024-01-26 21:34:17,948 [a4a3addc-657d-412b-928e-3d6f899db221-groupManagement] INFO  server.RaftServerConfigKeys (ConfUtils.java:logGet(46)) - raft.server.log.force.sync.num = 128 (default)
2024-01-26 21:34:17,948 [a4a3addc-657d-412b-928e-3d6f899db221-groupManagement] INFO  server.RaftServerConfigKeys (ConfUtils.java:logGet(46)) - raft.server.log.statemachine.data.sync = true (default)
2024-01-26 21:34:17,948 [a4a3addc-657d-412b-928e-3d6f899db221-groupManagement] INFO  server.RaftServerConfigKeys (ConfUtils.java:logGet(46)) - raft.server.log.statemachine.data.sync.timeout = 10s (default)
2024-01-26 21:34:17,948 [a4a3addc-657d-412b-928e-3d6f899db221-groupManagement] INFO  server.RaftServerConfigKeys (ConfUtils.java:logGet(46)) - raft.server.log.statemachine.data.sync.timeout.retry = 0 (custom)
2024-01-26 21:34:17,949 [a4a3addc-657d-412b-928e-3d6f899db221-groupManagement] INFO  server.RaftServerConfigKeys (ConfUtils.java:logGet(46)) - raft.server.log.write.buffer.size = 8388616 (custom)
2024-01-26 21:34:17,949 [67e21e31-4dca-48e2-85b4-2f4b1b69db84-PipelineCommandHandlerThread-0] INFO  ratis.XceiverServerRatis (XceiverServerRatis.java:addGroup(842)) - Created group PipelineID=6bb2a1d8-6a1b-481f-bac4-db88475e5c12
2024-01-26 21:34:17,949 [67e21e31-4dca-48e2-85b4-2f4b1b69db84@group-DB88475E5C12-FollowerState] INFO  server.RaftServerConfigKeys (ConfUtils.java:logFallback(53)) - raft.server.rpc.first-election.timeout.min = 5s (fallback to raft.server.rpc.timeout.min)
2024-01-26 21:34:17,949 [67e21e31-4dca-48e2-85b4-2f4b1b69db84@group-DB88475E5C12-FollowerState] INFO  server.RaftServerConfigKeys (ConfUtils.java:logFallback(53)) - raft.server.rpc.first-election.timeout.max = 5200ms (fallback to raft.server.rpc.timeout.max)
2024-01-26 21:34:17,950 [a4a3addc-657d-412b-928e-3d6f899db221-groupManagement] INFO  server.RaftServerConfigKeys (ConfUtils.java:logGet(46)) - raft.server.log.appender.buffer.byte-limit = 8388608 (custom)
2024-01-26 21:34:17,950 [a4a3addc-657d-412b-928e-3d6f899db221-groupManagement] INFO  server.RaftServerConfigKeys (ConfUtils.java:logGet(46)) - raft.server.log.unsafe-flush.enabled = false (default)
2024-01-26 21:34:17,950 [a4a3addc-657d-412b-928e-3d6f899db221-groupManagement] INFO  server.RaftServerConfigKeys (ConfUtils.java:logGet(46)) - raft.server.log.async-flush.enabled = false (default)
2024-01-26 21:34:17,950 [a4a3addc-657d-412b-928e-3d6f899db221-groupManagement] INFO  server.RaftServerConfigKeys (ConfUtils.java:logGet(46)) - raft.server.log.statemachine.data.caching.enabled = true (custom)
2024-01-26 21:34:17,951 [a4a3addc-657d-412b-928e-3d6f899db221-groupManagement] INFO  segmented.SegmentedRaftLogWorker (SegmentedRaftLogWorker.java:lambda$new$0(134)) - a4a3addc-657d-412b-928e-3d6f899db221@group-D485A5548EAE-SegmentedRaftLogWorker: flushIndex: setUnconditionally 0 -> -1
2024-01-26 21:34:17,951 [a4a3addc-657d-412b-928e-3d6f899db221-groupManagement] INFO  segmented.SegmentedRaftLogWorker (SegmentedRaftLogWorker.java:lambda$new$0(134)) - a4a3addc-657d-412b-928e-3d6f899db221@group-D485A5548EAE-SegmentedRaftLogWorker: safeCacheEvictIndex: setUnconditionally 0 -> -1
2024-01-26 21:34:17,951 [a4a3addc-657d-412b-928e-3d6f899db221-groupManagement] INFO  server.RaftServer$Division (RaftServerImpl.java:start(396)) - a4a3addc-657d-412b-928e-3d6f899db221@group-D485A5548EAE: start as a follower, conf=-1: peers:[a4a3addc-657d-412b-928e-3d6f899db221|10.1.0.5:15023]|listeners:[], old=null
2024-01-26 21:34:17,951 [a4a3addc-657d-412b-928e-3d6f899db221-groupManagement] INFO  server.RaftServer$Division (RaftServerImpl.java:setRole(383)) - a4a3addc-657d-412b-928e-3d6f899db221@group-D485A5548EAE: changes role from      null to FOLLOWER at term 0 for startAsFollower
2024-01-26 21:34:17,951 [a4a3addc-657d-412b-928e-3d6f899db221-groupManagement] INFO  impl.RoleInfo (RoleInfo.java:updateAndGet(139)) - a4a3addc-657d-412b-928e-3d6f899db221: start a4a3addc-657d-412b-928e-3d6f899db221@group-D485A5548EAE-FollowerState
2024-01-26 21:34:17,951 [a4a3addc-657d-412b-928e-3d6f899db221@group-D485A5548EAE-FollowerState] INFO  server.RaftServerConfigKeys (ConfUtils.java:logFallback(53)) - raft.server.rpc.first-election.timeout.min = 5s (fallback to raft.server.rpc.timeout.min)
2024-01-26 21:34:17,951 [a4a3addc-657d-412b-928e-3d6f899db221@group-D485A5548EAE-FollowerState] INFO  server.RaftServerConfigKeys (ConfUtils.java:logFallback(53)) - raft.server.rpc.first-election.timeout.max = 5200ms (fallback to raft.server.rpc.timeout.max)
2024-01-26 21:34:17,951 [a4a3addc-657d-412b-928e-3d6f899db221-groupManagement] INFO  util.JmxRegister (JmxRegister.java:tryRegister(44)) - Successfully registered JMX Bean with object name Ratis:service=RaftServer,group=group-D485A5548EAE,id=a4a3addc-657d-412b-928e-3d6f899db221
2024-01-26 21:34:17,953 [a4a3addc-657d-412b-928e-3d6f899db221-groupManagement] INFO  server.RaftServerConfigKeys (ConfUtils.java:logGet(46)) - raft.server.snapshot.trigger-when-stop.enabled = true (default)
2024-01-26 21:34:17,953 [a4a3addc-657d-412b-928e-3d6f899db221-groupManagement] INFO  server.RaftServerConfigKeys (ConfUtils.java:logGet(46)) - raft.server.snapshot.auto.trigger.enabled = true (custom)
2024-01-26 21:34:17,953 [a4a3addc-657d-412b-928e-3d6f899db221-groupManagement] INFO  server.RaftServerConfigKeys (ConfUtils.java:logGet(46)) - raft.server.snapshot.auto.trigger.threshold = 10000 (custom)
2024-01-26 21:34:17,953 [a4a3addc-657d-412b-928e-3d6f899db221-groupManagement] INFO  server.RaftServerConfigKeys (ConfUtils.java:logGet(46)) - raft.server.snapshot.retention.file.num = 5 (custom)
2024-01-26 21:34:17,953 [a4a3addc-657d-412b-928e-3d6f899db221-groupManagement] INFO  server.RaftServerConfigKeys (ConfUtils.java:logGet(46)) - raft.server.log.purge.upto.snapshot.index = false (default)
2024-01-26 21:34:17,954 [a4a3addc-657d-412b-928e-3d6f899db221-PipelineCommandHandlerThread-0] INFO  ratis.XceiverServerRatis (XceiverServerRatis.java:addGroup(842)) - Created group PipelineID=e0e0a856-02a7-4a88-b4a5-d485a5548eae
2024-01-26 21:34:17,954 [a4a3addc-657d-412b-928e-3d6f899db221-PipelineCommandHandlerThread-0] INFO  commandhandler.CreatePipelineCommandHandler (CreatePipelineCommandHandler.java:lambda$handle$2(124)) - Created Pipeline RATIS ONE PipelineID=e0e0a856-02a7-4a88-b4a5-d485a5548eae.
2024-01-26 21:34:17,956 [a4a3addc-657d-412b-928e-3d6f899db221-PipelineCommandHandlerThread-0] INFO  server.RaftServer (RaftServerProxy.java:addNew(100)) - a4a3addc-657d-412b-928e-3d6f899db221: addNew group-DB88475E5C12:[67e21e31-4dca-48e2-85b4-2f4b1b69db84|10.1.0.5:15014, c424f152-b0b1-403f-ad43-57b6eddc8681|10.1.0.5:15032, a4a3addc-657d-412b-928e-3d6f899db221|10.1.0.5:15023] returns group-DB88475E5C12:java.util.concurrent.CompletableFuture@67d81610[Not completed]
2024-01-26 21:34:17,957 [a4a3addc-657d-412b-928e-3d6f899db221-groupManagement] INFO  server.RaftServer$Division (RaftServerImpl.java:<init>(256)) - a4a3addc-657d-412b-928e-3d6f899db221: new RaftServerImpl for group-DB88475E5C12:[67e21e31-4dca-48e2-85b4-2f4b1b69db84|10.1.0.5:15014, c424f152-b0b1-403f-ad43-57b6eddc8681|10.1.0.5:15032, a4a3addc-657d-412b-928e-3d6f899db221|10.1.0.5:15023] with ContainerStateMachine:uninitialized
2024-01-26 21:34:17,957 [a4a3addc-657d-412b-928e-3d6f899db221-groupManagement] INFO  server.RaftServerConfigKeys (ConfUtils.java:logGet(46)) - raft.server.rpc.timeout.min = 5s (custom)
2024-01-26 21:34:17,958 [a4a3addc-657d-412b-928e-3d6f899db221-groupManagement] INFO  server.RaftServerConfigKeys (ConfUtils.java:logGet(46)) - raft.server.rpc.timeout.max = 5200ms (custom)
2024-01-26 21:34:17,958 [a4a3addc-657d-412b-928e-3d6f899db221-groupManagement] INFO  server.RaftServerConfigKeys (ConfUtils.java:logGet(46)) - raft.server.rpc.sleep.time = 25ms (default)
2024-01-26 21:34:17,958 [a4a3addc-657d-412b-928e-3d6f899db221-groupManagement] INFO  server.RaftServerConfigKeys (ConfUtils.java:logGet(46)) - raft.server.rpc.slowness.timeout = 300s (custom)
2024-01-26 21:34:17,958 [a4a3addc-657d-412b-928e-3d6f899db221-groupManagement] INFO  server.RaftServerConfigKeys (ConfUtils.java:logGet(46)) - raft.server.leaderelection.leader.step-down.wait-time = 10s (default)
2024-01-26 21:34:17,958 [a4a3addc-657d-412b-928e-3d6f899db221-groupManagement] INFO  server.RaftServerConfigKeys (ConfUtils.java:logGet(46)) - raft.server.leaderelection.member.majority-add = false (default)
2024-01-26 21:34:17,958 [a4a3addc-657d-412b-928e-3d6f899db221-groupManagement] INFO  server.RaftServerConfigKeys (ConfUtils.java:logGet(46)) - raft.server.sleep.deviation.threshold = 300ms (default)
2024-01-26 21:34:17,958 [a4a3addc-657d-412b-928e-3d6f899db221-groupManagement] INFO  server.RaftServer$Division (ServerState.java:<init>(113)) - a4a3addc-657d-412b-928e-3d6f899db221@group-DB88475E5C12: ConfigurationManager, init=-1: peers:[67e21e31-4dca-48e2-85b4-2f4b1b69db84|10.1.0.5:15014, c424f152-b0b1-403f-ad43-57b6eddc8681|10.1.0.5:15032, a4a3addc-657d-412b-928e-3d6f899db221|10.1.0.5:15023]|listeners:[], old=null, confs=<EMPTY_MAP>
2024-01-26 21:34:17,958 [a4a3addc-657d-412b-928e-3d6f899db221-groupManagement] INFO  server.RaftServerConfigKeys (ConfUtils.java:logGet(46)) - raft.server.notification.no-leader.timeout = 300s (custom)
2024-01-26 21:34:17,958 [a4a3addc-657d-412b-928e-3d6f899db221-groupManagement] INFO  server.RaftServerConfigKeys (ConfUtils.java:logGet(46)) - raft.server.read.timeout = 10s (default)
2024-01-26 21:34:17,958 [a4a3addc-657d-412b-928e-3d6f899db221-groupManagement] INFO  server.RaftServerConfigKeys (ConfUtils.java:logGet(46)) - raft.server.retrycache.expirytime = 600000ms (custom)
2024-01-26 21:34:17,958 [a4a3addc-657d-412b-928e-3d6f899db221-groupManagement] INFO  server.RaftServerConfigKeys (ConfUtils.java:logGet(46)) - raft.server.retrycache.statistics.expirytime = 100ms (default)
2024-01-26 21:34:17,960 [a4a3addc-657d-412b-928e-3d6f899db221-groupManagement] INFO  server.RaftServerConfigKeys (ConfUtils.java:logGet(46)) - raft.server.read.option = DEFAULT (default)
2024-01-26 21:34:17,960 [a4a3addc-657d-412b-928e-3d6f899db221-groupManagement] INFO  server.RaftServerConfigKeys (ConfUtils.java:logGet(46)) - raft.server.read.read-after-write-consistent.write-index-cache.expiry-time = 60s (default)
2024-01-26 21:34:17,973 [a4a3addc-657d-412b-928e-3d6f899db221-groupManagement] INFO  server.RaftServerConfigKeys (ConfUtils.java:logGet(46)) - raft.server.rpc.request.timeout = 60s (custom)
2024-01-26 21:34:17,973 [a4a3addc-657d-412b-928e-3d6f899db221-groupManagement] INFO  server.RaftServerConfigKeys (ConfUtils.java:logGet(46)) - raft.server.log.appender.install.snapshot.enabled = false (custom)
2024-01-26 21:34:17,973 [a4a3addc-657d-412b-928e-3d6f899db221-groupManagement] INFO  server.RaftServerConfigKeys (ConfUtils.java:logGet(46)) - raft.server.threadpool.server.cached = true (default)
2024-01-26 21:34:17,973 [a4a3addc-657d-412b-928e-3d6f899db221-groupManagement] INFO  server.RaftServerConfigKeys (ConfUtils.java:logGet(46)) - raft.server.threadpool.server.size = 0 (default)
2024-01-26 21:34:17,974 [a4a3addc-657d-412b-928e-3d6f899db221-groupManagement] INFO  server.RaftServerConfigKeys (ConfUtils.java:logGet(46)) - raft.server.threadpool.client.cached = true (default)
2024-01-26 21:34:17,974 [a4a3addc-657d-412b-928e-3d6f899db221-groupManagement] INFO  server.RaftServerConfigKeys (ConfUtils.java:logGet(46)) - raft.server.threadpool.client.size = 0 (default)
2024-01-26 21:34:17,974 [a4a3addc-657d-412b-928e-3d6f899db221-groupManagement] INFO  server.RaftServerConfigKeys (ConfUtils.java:logGet(46)) - raft.server.storage.free-space.min = 0MB (=0) (default)
2024-01-26 21:34:17,974 [a4a3addc-657d-412b-928e-3d6f899db221-groupManagement] INFO  server.RaftServerConfigKeys (ConfUtils.java:logGet(46)) - raft.server.log.corruption.policy = EXCEPTION (default)
2024-01-26 21:34:17,974 [a4a3addc-657d-412b-928e-3d6f899db221-groupManagement] INFO  server.RaftServerConfigKeys (ConfUtils.java:logGet(46)) - raft.server.storage.dir = [/home/runner/work/ozone/ozone/hadoop-ozone/integration-test/target/test-dir/MiniOzoneClusterImpl-1af845c4-9ad0-4304-ad21-7f4426eccdbd/datanode-1/data/ratis] (custom)
2024-01-26 21:34:17,974 [a4a3addc-657d-412b-928e-3d6f899db221-groupManagement] INFO  storage.RaftStorageDirectory (RaftStorageDirectoryImpl.java:analyzeStorage(138)) - The storage directory /home/runner/work/ozone/ozone/hadoop-ozone/integration-test/target/test-dir/MiniOzoneClusterImpl-1af845c4-9ad0-4304-ad21-7f4426eccdbd/datanode-1/data/ratis/6bb2a1d8-6a1b-481f-bac4-db88475e5c12 does not exist. Creating ...
2024-01-26 21:34:17,975 [a4a3addc-657d-412b-928e-3d6f899db221-groupManagement] INFO  storage.RaftStorageDirectory (RaftStorageDirectoryImpl.java:tryLock(228)) - Lock on /home/runner/work/ozone/ozone/hadoop-ozone/integration-test/target/test-dir/MiniOzoneClusterImpl-1af845c4-9ad0-4304-ad21-7f4426eccdbd/datanode-1/data/ratis/6bb2a1d8-6a1b-481f-bac4-db88475e5c12/in_use.lock acquired by nodename 39692@fv-az1566-86
2024-01-26 21:34:17,977 [a4a3addc-657d-412b-928e-3d6f899db221-groupManagement] INFO  storage.RaftStorage (RaftStorageImpl.java:format(99)) - Storage directory /home/runner/work/ozone/ozone/hadoop-ozone/integration-test/target/test-dir/MiniOzoneClusterImpl-1af845c4-9ad0-4304-ad21-7f4426eccdbd/datanode-1/data/ratis/6bb2a1d8-6a1b-481f-bac4-db88475e5c12 has been successfully formatted.
2024-01-26 21:34:17,977 [a4a3addc-657d-412b-928e-3d6f899db221-groupManagement] WARN  util.FileUtils (LogUtils.java:supplyAndLog(63)) - Failed to Files.newInputStream /home/runner/work/ozone/ozone/hadoop-ozone/integration-test/target/test-dir/MiniOzoneClusterImpl-1af845c4-9ad0-4304-ad21-7f4426eccdbd/datanode-1/data/ratis/6bb2a1d8-6a1b-481f-bac4-db88475e5c12/current/raft-meta.conf with options []: java.nio.file.NoSuchFileException: /home/runner/work/ozone/ozone/hadoop-ozone/integration-test/target/test-dir/MiniOzoneClusterImpl-1af845c4-9ad0-4304-ad21-7f4426eccdbd/datanode-1/data/ratis/6bb2a1d8-6a1b-481f-bac4-db88475e5c12/current/raft-meta.conf
2024-01-26 21:34:17,977 [a4a3addc-657d-412b-928e-3d6f899db221-groupManagement] INFO  ratis.ContainerStateMachine (ContainerStateMachine.java:loadSnapshot(287)) - group-DB88475E5C12: The snapshot info is null. Setting the last applied index to:(t:0, i:~)
2024-01-26 21:34:17,977 [a4a3addc-657d-412b-928e-3d6f899db221-groupManagement] INFO  server.RaftServerConfigKeys (ConfUtils.java:logGet(46)) - raft.server.log.use.memory = false (default)
2024-01-26 21:34:17,977 [a4a3addc-657d-412b-928e-3d6f899db221-groupManagement] INFO  server.RaftServerConfigKeys (ConfUtils.java:logGet(46)) - raft.server.log.purge.gap = 1000000 (custom)
2024-01-26 21:34:17,978 [a4a3addc-657d-412b-928e-3d6f899db221-groupManagement] INFO  server.RaftServerConfigKeys (ConfUtils.java:logGet(46)) - raft.server.log.appender.buffer.byte-limit = 8388608 (custom)
2024-01-26 21:34:17,979 [EventQueue-OpenPipelineForHealthyPipelineSafeModeRule] INFO  safemode.SCMSafeModeManager (HealthyPipelineSafeModeRule.java:process(140)) - SCM in safe mode. Healthy pipelines reported count is 0, required healthy pipeline reported count is 1
2024-01-26 21:34:17,980 [a4a3addc-657d-412b-928e-3d6f899db221-groupManagement] INFO  server.RaftServerConfigKeys (ConfUtils.java:logGet(46)) - raft.server.log.statemachine.data.read.timeout = 1000ms (default)
2024-01-26 21:34:17,980 [a4a3addc-657d-412b-928e-3d6f899db221-groupManagement] INFO  server.RaftServerConfigKeys (ConfUtils.java:logGet(46)) - raft.server.log.purge.preservation.log.num = 0 (default)
2024-01-26 21:34:17,988 [a4a3addc-657d-412b-928e-3d6f899db221-groupManagement] INFO  server.RaftServerConfigKeys (ConfUtils.java:logGet(46)) - raft.server.log.segment.size.max = 67108864 (custom)
2024-01-26 21:34:17,989 [a4a3addc-657d-412b-928e-3d6f899db221-groupManagement] INFO  server.RaftServerConfigKeys (ConfUtils.java:logGet(46)) - raft.server.log.segment.cache.num.max = 2 (custom)
2024-01-26 21:34:17,989 [a4a3addc-657d-412b-928e-3d6f899db221-groupManagement] INFO  server.RaftServerConfigKeys (ConfUtils.java:logGet(46)) - raft.server.log.segment.cache.size.max = 200MB (=209715200) (default)
2024-01-26 21:34:17,989 [a4a3addc-657d-412b-928e-3d6f899db221-groupManagement] INFO  server.RaftServerConfigKeys (ConfUtils.java:logGet(46)) - raft.server.log.appender.buffer.byte-limit = 8388608 (custom)
2024-01-26 21:34:17,989 [a4a3addc-657d-412b-928e-3d6f899db221-groupManagement] INFO  util.AwaitToRun (AwaitToRun.java:start(81)) - Thread[a4a3addc-657d-412b-928e-3d6f899db221@group-DB88475E5C12-cacheEviction-AwaitToRun,5,main] started
2024-01-26 21:34:17,989 [a4a3addc-657d-412b-928e-3d6f899db221-groupManagement] INFO  segmented.SegmentedRaftLogWorker (SegmentedRaftLogWorker.java:<init>(182)) - new a4a3addc-657d-412b-928e-3d6f899db221@group-DB88475E5C12-SegmentedRaftLogWorker for RaftStorageImpl:Storage Directory /home/runner/work/ozone/ozone/hadoop-ozone/integration-test/target/test-dir/MiniOzoneClusterImpl-1af845c4-9ad0-4304-ad21-7f4426eccdbd/datanode-1/data/ratis/6bb2a1d8-6a1b-481f-bac4-db88475e5c12
2024-01-26 21:34:17,989 [a4a3addc-657d-412b-928e-3d6f899db221-groupManagement] INFO  server.RaftServerConfigKeys (ConfUtils.java:logGet(46)) - raft.server.log.queue.byte-limit = 4294967296 (custom)
2024-01-26 21:34:17,990 [a4a3addc-657d-412b-928e-3d6f899db221-groupManagement] INFO  server.RaftServerConfigKeys (ConfUtils.java:logGet(46)) - raft.server.log.queue.element-limit = 1024 (custom)
2024-01-26 21:34:17,990 [a4a3addc-657d-412b-928e-3d6f899db221-groupManagement] INFO  server.RaftServerConfigKeys (ConfUtils.java:logGet(46)) - raft.server.log.segment.size.max = 67108864 (custom)
2024-01-26 21:34:17,990 [a4a3addc-657d-412b-928e-3d6f899db221-groupManagement] INFO  server.RaftServerConfigKeys (ConfUtils.java:logGet(46)) - raft.server.log.preallocated.size = 4194304 (custom)
2024-01-26 21:34:17,990 [a4a3addc-657d-412b-928e-3d6f899db221-groupManagement] INFO  server.RaftServerConfigKeys (ConfUtils.java:logGet(46)) - raft.server.log.force.sync.num = 128 (default)
2024-01-26 21:34:17,990 [a4a3addc-657d-412b-928e-3d6f899db221-groupManagement] INFO  server.RaftServerConfigKeys (ConfUtils.java:logGet(46)) - raft.server.log.statemachine.data.sync = true (default)
2024-01-26 21:34:17,990 [a4a3addc-657d-412b-928e-3d6f899db221-groupManagement] INFO  server.RaftServerConfigKeys (ConfUtils.java:logGet(46)) - raft.server.log.statemachine.data.sync.timeout = 10s (default)
2024-01-26 21:34:17,990 [a4a3addc-657d-412b-928e-3d6f899db221-groupManagement] INFO  server.RaftServerConfigKeys (ConfUtils.java:logGet(46)) - raft.server.log.statemachine.data.sync.timeout.retry = 0 (custom)
2024-01-26 21:34:17,991 [a4a3addc-657d-412b-928e-3d6f899db221-groupManagement] INFO  server.RaftServerConfigKeys (ConfUtils.java:logGet(46)) - raft.server.log.write.buffer.size = 8388616 (custom)
2024-01-26 21:34:17,993 [a4a3addc-657d-412b-928e-3d6f899db221-groupManagement] INFO  server.RaftServerConfigKeys (ConfUtils.java:logGet(46)) - raft.server.log.appender.buffer.byte-limit = 8388608 (custom)
2024-01-26 21:34:17,993 [a4a3addc-657d-412b-928e-3d6f899db221-groupManagement] INFO  server.RaftServerConfigKeys (ConfUtils.java:logGet(46)) - raft.server.log.unsafe-flush.enabled = false (default)
2024-01-26 21:34:17,993 [a4a3addc-657d-412b-928e-3d6f899db221-groupManagement] INFO  server.RaftServerConfigKeys (ConfUtils.java:logGet(46)) - raft.server.log.async-flush.enabled = false (default)
2024-01-26 21:34:17,993 [a4a3addc-657d-412b-928e-3d6f899db221-groupManagement] INFO  server.RaftServerConfigKeys (ConfUtils.java:logGet(46)) - raft.server.log.statemachine.data.caching.enabled = true (custom)
2024-01-26 21:34:17,993 [a4a3addc-657d-412b-928e-3d6f899db221-groupManagement] INFO  segmented.SegmentedRaftLogWorker (SegmentedRaftLogWorker.java:lambda$new$0(134)) - a4a3addc-657d-412b-928e-3d6f899db221@group-DB88475E5C12-SegmentedRaftLogWorker: flushIndex: setUnconditionally 0 -> -1
2024-01-26 21:34:17,994 [a4a3addc-657d-412b-928e-3d6f899db221-groupManagement] INFO  segmented.SegmentedRaftLogWorker (SegmentedRaftLogWorker.java:lambda$new$0(134)) - a4a3addc-657d-412b-928e-3d6f899db221@group-DB88475E5C12-SegmentedRaftLogWorker: safeCacheEvictIndex: setUnconditionally 0 -> -1
2024-01-26 21:34:17,995 [a4a3addc-657d-412b-928e-3d6f899db221-groupManagement] INFO  server.RaftServer$Division (RaftServerImpl.java:start(396)) - a4a3addc-657d-412b-928e-3d6f899db221@group-DB88475E5C12: start as a follower, conf=-1: peers:[67e21e31-4dca-48e2-85b4-2f4b1b69db84|10.1.0.5:15014, c424f152-b0b1-403f-ad43-57b6eddc8681|10.1.0.5:15032, a4a3addc-657d-412b-928e-3d6f899db221|10.1.0.5:15023]|listeners:[], old=null
2024-01-26 21:34:17,995 [a4a3addc-657d-412b-928e-3d6f899db221-groupManagement] INFO  server.RaftServer$Division (RaftServerImpl.java:setRole(383)) - a4a3addc-657d-412b-928e-3d6f899db221@group-DB88475E5C12: changes role from      null to FOLLOWER at term 0 for startAsFollower
2024-01-26 21:34:17,995 [a4a3addc-657d-412b-928e-3d6f899db221-groupManagement] INFO  impl.RoleInfo (RoleInfo.java:updateAndGet(139)) - a4a3addc-657d-412b-928e-3d6f899db221: start a4a3addc-657d-412b-928e-3d6f899db221@group-DB88475E5C12-FollowerState
2024-01-26 21:34:17,996 [a4a3addc-657d-412b-928e-3d6f899db221-groupManagement] INFO  util.JmxRegister (JmxRegister.java:tryRegister(44)) - Successfully registered JMX Bean with object name Ratis:service=RaftServer,group=group-DB88475E5C12,id=a4a3addc-657d-412b-928e-3d6f899db221
2024-01-26 21:34:17,996 [a4a3addc-657d-412b-928e-3d6f899db221-groupManagement] INFO  server.RaftServerConfigKeys (ConfUtils.java:logGet(46)) - raft.server.snapshot.trigger-when-stop.enabled = true (default)
2024-01-26 21:34:17,996 [a4a3addc-657d-412b-928e-3d6f899db221-groupManagement] INFO  server.RaftServerConfigKeys (ConfUtils.java:logGet(46)) - raft.server.snapshot.auto.trigger.enabled = true (custom)
2024-01-26 21:34:17,996 [a4a3addc-657d-412b-928e-3d6f899db221-groupManagement] INFO  server.RaftServerConfigKeys (ConfUtils.java:logGet(46)) - raft.server.snapshot.auto.trigger.threshold = 10000 (custom)
2024-01-26 21:34:17,996 [a4a3addc-657d-412b-928e-3d6f899db221-groupManagement] INFO  server.RaftServerConfigKeys (ConfUtils.java:logGet(46)) - raft.server.snapshot.retention.file.num = 5 (custom)
2024-01-26 21:34:17,996 [a4a3addc-657d-412b-928e-3d6f899db221-groupManagement] INFO  server.RaftServerConfigKeys (ConfUtils.java:logGet(46)) - raft.server.log.purge.upto.snapshot.index = false (default)
2024-01-26 21:34:17,997 [a4a3addc-657d-412b-928e-3d6f899db221@group-DB88475E5C12-FollowerState] INFO  server.RaftServerConfigKeys (ConfUtils.java:logFallback(53)) - raft.server.rpc.first-election.timeout.min = 5s (fallback to raft.server.rpc.timeout.min)
2024-01-26 21:34:17,997 [a4a3addc-657d-412b-928e-3d6f899db221@group-DB88475E5C12-FollowerState] INFO  server.RaftServerConfigKeys (ConfUtils.java:logFallback(53)) - raft.server.rpc.first-election.timeout.max = 5200ms (fallback to raft.server.rpc.timeout.max)
2024-01-26 21:34:17,998 [a4a3addc-657d-412b-928e-3d6f899db221-PipelineCommandHandlerThread-0] INFO  ratis.XceiverServerRatis (XceiverServerRatis.java:addGroup(842)) - Created group PipelineID=6bb2a1d8-6a1b-481f-bac4-db88475e5c12
2024-01-26 21:34:18,024 [c424f152-b0b1-403f-ad43-57b6eddc8681-PipelineCommandHandlerThread-0] INFO  server.RaftServer (RaftServerProxy.java:addNew(100)) - c424f152-b0b1-403f-ad43-57b6eddc8681: addNew group-580522C23DA7:[c424f152-b0b1-403f-ad43-57b6eddc8681|10.1.0.5:15032] returns group-580522C23DA7:java.util.concurrent.CompletableFuture@70655f72[Not completed]
2024-01-26 21:34:18,025 [c424f152-b0b1-403f-ad43-57b6eddc8681-groupManagement] INFO  server.RaftServer$Division (RaftServerImpl.java:<init>(256)) - c424f152-b0b1-403f-ad43-57b6eddc8681: new RaftServerImpl for group-580522C23DA7:[c424f152-b0b1-403f-ad43-57b6eddc8681|10.1.0.5:15032] with ContainerStateMachine:uninitialized
2024-01-26 21:34:18,026 [c424f152-b0b1-403f-ad43-57b6eddc8681-groupManagement] INFO  server.RaftServerConfigKeys (ConfUtils.java:logGet(46)) - raft.server.rpc.timeout.min = 5s (custom)
2024-01-26 21:34:18,026 [c424f152-b0b1-403f-ad43-57b6eddc8681-groupManagement] INFO  server.RaftServerConfigKeys (ConfUtils.java:logGet(46)) - raft.server.rpc.timeout.max = 5200ms (custom)
2024-01-26 21:34:18,026 [c424f152-b0b1-403f-ad43-57b6eddc8681-groupManagement] INFO  server.RaftServerConfigKeys (ConfUtils.java:logGet(46)) - raft.server.rpc.sleep.time = 25ms (default)
2024-01-26 21:34:18,026 [c424f152-b0b1-403f-ad43-57b6eddc8681-groupManagement] INFO  server.RaftServerConfigKeys (ConfUtils.java:logGet(46)) - raft.server.rpc.slowness.timeout = 300s (custom)
2024-01-26 21:34:18,026 [c424f152-b0b1-403f-ad43-57b6eddc8681-groupManagement] INFO  server.RaftServerConfigKeys (ConfUtils.java:logGet(46)) - raft.server.leaderelection.leader.step-down.wait-time = 10s (default)
2024-01-26 21:34:18,026 [c424f152-b0b1-403f-ad43-57b6eddc8681-groupManagement] INFO  server.RaftServerConfigKeys (ConfUtils.java:logGet(46)) - raft.server.leaderelection.member.majority-add = false (default)
2024-01-26 21:34:18,026 [c424f152-b0b1-403f-ad43-57b6eddc8681-groupManagement] INFO  server.RaftServerConfigKeys (ConfUtils.java:logGet(46)) - raft.server.sleep.deviation.threshold = 300ms (default)
2024-01-26 21:34:18,026 [c424f152-b0b1-403f-ad43-57b6eddc8681-groupManagement] INFO  server.RaftServer$Division (ServerState.java:<init>(113)) - c424f152-b0b1-403f-ad43-57b6eddc8681@group-580522C23DA7: ConfigurationManager, init=-1: peers:[c424f152-b0b1-403f-ad43-57b6eddc8681|10.1.0.5:15032]|listeners:[], old=null, confs=<EMPTY_MAP>
2024-01-26 21:34:18,026 [c424f152-b0b1-403f-ad43-57b6eddc8681-groupManagement] INFO  server.RaftServerConfigKeys (ConfUtils.java:logGet(46)) - raft.server.notification.no-leader.timeout = 300s (custom)
2024-01-26 21:34:18,026 [c424f152-b0b1-403f-ad43-57b6eddc8681-groupManagement] INFO  server.RaftServerConfigKeys (ConfUtils.java:logGet(46)) - raft.server.read.timeout = 10s (default)
2024-01-26 21:34:18,026 [c424f152-b0b1-403f-ad43-57b6eddc8681-groupManagement] INFO  server.RaftServerConfigKeys (ConfUtils.java:logGet(46)) - raft.server.retrycache.expirytime = 600000ms (custom)
2024-01-26 21:34:18,027 [c424f152-b0b1-403f-ad43-57b6eddc8681-groupManagement] INFO  server.RaftServerConfigKeys (ConfUtils.java:logGet(46)) - raft.server.retrycache.statistics.expirytime = 100ms (default)
2024-01-26 21:34:18,027 [c424f152-b0b1-403f-ad43-57b6eddc8681-groupManagement] INFO  server.RaftServerConfigKeys (ConfUtils.java:logGet(46)) - raft.server.read.option = DEFAULT (default)
2024-01-26 21:34:18,027 [c424f152-b0b1-403f-ad43-57b6eddc8681-groupManagement] INFO  server.RaftServerConfigKeys (ConfUtils.java:logGet(46)) - raft.server.read.read-after-write-consistent.write-index-cache.expiry-time = 60s (default)
2024-01-26 21:34:18,038 [c424f152-b0b1-403f-ad43-57b6eddc8681-groupManagement] INFO  server.RaftServerConfigKeys (ConfUtils.java:logGet(46)) - raft.server.rpc.request.timeout = 60s (custom)
2024-01-26 21:34:18,038 [c424f152-b0b1-403f-ad43-57b6eddc8681-groupManagement] INFO  server.RaftServerConfigKeys (ConfUtils.java:logGet(46)) - raft.server.log.appender.install.snapshot.enabled = false (custom)
2024-01-26 21:34:18,038 [c424f152-b0b1-403f-ad43-57b6eddc8681-groupManagement] INFO  server.RaftServerConfigKeys (ConfUtils.java:logGet(46)) - raft.server.threadpool.server.cached = true (default)
2024-01-26 21:34:18,038 [c424f152-b0b1-403f-ad43-57b6eddc8681-groupManagement] INFO  server.RaftServerConfigKeys (ConfUtils.java:logGet(46)) - raft.server.threadpool.server.size = 0 (default)
2024-01-26 21:34:18,038 [c424f152-b0b1-403f-ad43-57b6eddc8681-groupManagement] INFO  server.RaftServerConfigKeys (ConfUtils.java:logGet(46)) - raft.server.threadpool.client.cached = true (default)
2024-01-26 21:34:18,039 [c424f152-b0b1-403f-ad43-57b6eddc8681-groupManagement] INFO  server.RaftServerConfigKeys (ConfUtils.java:logGet(46)) - raft.server.threadpool.client.size = 0 (default)
2024-01-26 21:34:18,039 [c424f152-b0b1-403f-ad43-57b6eddc8681-groupManagement] INFO  server.RaftServerConfigKeys (ConfUtils.java:logGet(46)) - raft.server.storage.free-space.min = 0MB (=0) (default)
2024-01-26 21:34:18,039 [c424f152-b0b1-403f-ad43-57b6eddc8681-groupManagement] INFO  server.RaftServerConfigKeys (ConfUtils.java:logGet(46)) - raft.server.log.corruption.policy = EXCEPTION (default)
2024-01-26 21:34:18,039 [c424f152-b0b1-403f-ad43-57b6eddc8681-groupManagement] INFO  server.RaftServerConfigKeys (ConfUtils.java:logGet(46)) - raft.server.storage.dir = [/home/runner/work/ozone/ozone/hadoop-ozone/integration-test/target/test-dir/MiniOzoneClusterImpl-1af845c4-9ad0-4304-ad21-7f4426eccdbd/datanode-2/data/ratis] (custom)
2024-01-26 21:34:18,039 [c424f152-b0b1-403f-ad43-57b6eddc8681-groupManagement] INFO  storage.RaftStorageDirectory (RaftStorageDirectoryImpl.java:analyzeStorage(138)) - The storage directory /home/runner/work/ozone/ozone/hadoop-ozone/integration-test/target/test-dir/MiniOzoneClusterImpl-1af845c4-9ad0-4304-ad21-7f4426eccdbd/datanode-2/data/ratis/25e19105-000f-4bc1-8677-580522c23da7 does not exist. Creating ...
2024-01-26 21:34:18,040 [c424f152-b0b1-403f-ad43-57b6eddc8681-groupManagement] INFO  storage.RaftStorageDirectory (RaftStorageDirectoryImpl.java:tryLock(228)) - Lock on /home/runner/work/ozone/ozone/hadoop-ozone/integration-test/target/test-dir/MiniOzoneClusterImpl-1af845c4-9ad0-4304-ad21-7f4426eccdbd/datanode-2/data/ratis/25e19105-000f-4bc1-8677-580522c23da7/in_use.lock acquired by nodename 39692@fv-az1566-86
2024-01-26 21:34:18,042 [c424f152-b0b1-403f-ad43-57b6eddc8681-groupManagement] INFO  storage.RaftStorage (RaftStorageImpl.java:format(99)) - Storage directory /home/runner/work/ozone/ozone/hadoop-ozone/integration-test/target/test-dir/MiniOzoneClusterImpl-1af845c4-9ad0-4304-ad21-7f4426eccdbd/datanode-2/data/ratis/25e19105-000f-4bc1-8677-580522c23da7 has been successfully formatted.
2024-01-26 21:34:18,042 [c424f152-b0b1-403f-ad43-57b6eddc8681-groupManagement] WARN  util.FileUtils (LogUtils.java:supplyAndLog(63)) - Failed to Files.newInputStream /home/runner/work/ozone/ozone/hadoop-ozone/integration-test/target/test-dir/MiniOzoneClusterImpl-1af845c4-9ad0-4304-ad21-7f4426eccdbd/datanode-2/data/ratis/25e19105-000f-4bc1-8677-580522c23da7/current/raft-meta.conf with options []: java.nio.file.NoSuchFileException: /home/runner/work/ozone/ozone/hadoop-ozone/integration-test/target/test-dir/MiniOzoneClusterImpl-1af845c4-9ad0-4304-ad21-7f4426eccdbd/datanode-2/data/ratis/25e19105-000f-4bc1-8677-580522c23da7/current/raft-meta.conf
2024-01-26 21:34:18,043 [c424f152-b0b1-403f-ad43-57b6eddc8681-groupManagement] INFO  ratis.ContainerStateMachine (ContainerStateMachine.java:loadSnapshot(287)) - group-580522C23DA7: The snapshot info is null. Setting the last applied index to:(t:0, i:~)
2024-01-26 21:34:18,043 [c424f152-b0b1-403f-ad43-57b6eddc8681-groupManagement] INFO  server.RaftServerConfigKeys (ConfUtils.java:logGet(46)) - raft.server.log.use.memory = false (default)
2024-01-26 21:34:18,043 [c424f152-b0b1-403f-ad43-57b6eddc8681-groupManagement] INFO  server.RaftServerConfigKeys (ConfUtils.java:logGet(46)) - raft.server.log.purge.gap = 1000000 (custom)
2024-01-26 21:34:18,043 [c424f152-b0b1-403f-ad43-57b6eddc8681-groupManagement] INFO  server.RaftServerConfigKeys (ConfUtils.java:logGet(46)) - raft.server.log.appender.buffer.byte-limit = 8388608 (custom)
2024-01-26 21:34:18,043 [c424f152-b0b1-403f-ad43-57b6eddc8681-groupManagement] INFO  server.RaftServerConfigKeys (ConfUtils.java:logGet(46)) - raft.server.log.statemachine.data.read.timeout = 1000ms (default)
2024-01-26 21:34:18,043 [c424f152-b0b1-403f-ad43-57b6eddc8681-groupManagement] INFO  server.RaftServerConfigKeys (ConfUtils.java:logGet(46)) - raft.server.log.purge.preservation.log.num = 0 (default)
2024-01-26 21:34:18,045 [EventQueue-PipelineReportForPipelineReportHandler] INFO  pipeline.PipelineReportHandler (PipelineReportHandler.java:processPipelineReport(136)) - Opened pipeline PipelineID=25e19105-000f-4bc1-8677-580522c23da7
2024-01-26 21:34:18,045 [EventQueue-OpenPipelineForHealthyPipelineSafeModeRule] INFO  safemode.SCMSafeModeManager (HealthyPipelineSafeModeRule.java:process(140)) - SCM in safe mode. Healthy pipelines reported count is 0, required healthy pipeline reported count is 1
2024-01-26 21:34:18,050 [c424f152-b0b1-403f-ad43-57b6eddc8681-groupManagement] INFO  server.RaftServerConfigKeys (ConfUtils.java:logGet(46)) - raft.server.log.segment.size.max = 67108864 (custom)
2024-01-26 21:34:18,051 [c424f152-b0b1-403f-ad43-57b6eddc8681-groupManagement] INFO  server.RaftServerConfigKeys (ConfUtils.java:logGet(46)) - raft.server.log.segment.cache.num.max = 2 (custom)
2024-01-26 21:34:18,051 [c424f152-b0b1-403f-ad43-57b6eddc8681-groupManagement] INFO  server.RaftServerConfigKeys (ConfUtils.java:logGet(46)) - raft.server.log.segment.cache.size.max = 200MB (=209715200) (default)
2024-01-26 21:34:18,051 [c424f152-b0b1-403f-ad43-57b6eddc8681-groupManagement] INFO  server.RaftServerConfigKeys (ConfUtils.java:logGet(46)) - raft.server.log.appender.buffer.byte-limit = 8388608 (custom)
2024-01-26 21:34:18,054 [c424f152-b0b1-403f-ad43-57b6eddc8681-groupManagement] INFO  util.AwaitToRun (AwaitToRun.java:start(81)) - Thread[c424f152-b0b1-403f-ad43-57b6eddc8681@group-580522C23DA7-cacheEviction-AwaitToRun,5,main] started
2024-01-26 21:34:18,054 [c424f152-b0b1-403f-ad43-57b6eddc8681-groupManagement] INFO  segmented.SegmentedRaftLogWorker (SegmentedRaftLogWorker.java:<init>(182)) - new c424f152-b0b1-403f-ad43-57b6eddc8681@group-580522C23DA7-SegmentedRaftLogWorker for RaftStorageImpl:Storage Directory /home/runner/work/ozone/ozone/hadoop-ozone/integration-test/target/test-dir/MiniOzoneClusterImpl-1af845c4-9ad0-4304-ad21-7f4426eccdbd/datanode-2/data/ratis/25e19105-000f-4bc1-8677-580522c23da7
2024-01-26 21:34:18,055 [c424f152-b0b1-403f-ad43-57b6eddc8681-groupManagement] INFO  server.RaftServerConfigKeys (ConfUtils.java:logGet(46)) - raft.server.log.queue.byte-limit = 4294967296 (custom)
2024-01-26 21:34:18,055 [c424f152-b0b1-403f-ad43-57b6eddc8681-groupManagement] INFO  server.RaftServerConfigKeys (ConfUtils.java:logGet(46)) - raft.server.log.queue.element-limit = 1024 (custom)
2024-01-26 21:34:18,057 [c424f152-b0b1-403f-ad43-57b6eddc8681-groupManagement] INFO  server.RaftServerConfigKeys (ConfUtils.java:logGet(46)) - raft.server.log.segment.size.max = 67108864 (custom)
2024-01-26 21:34:18,058 [c424f152-b0b1-403f-ad43-57b6eddc8681-groupManagement] INFO  server.RaftServerConfigKeys (ConfUtils.java:logGet(46)) - raft.server.log.preallocated.size = 4194304 (custom)
2024-01-26 21:34:18,059 [c424f152-b0b1-403f-ad43-57b6eddc8681-groupManagement] INFO  server.RaftServerConfigKeys (ConfUtils.java:logGet(46)) - raft.server.log.force.sync.num = 128 (default)
2024-01-26 21:34:18,059 [c424f152-b0b1-403f-ad43-57b6eddc8681-groupManagement] INFO  server.RaftServerConfigKeys (ConfUtils.java:logGet(46)) - raft.server.log.statemachine.data.sync = true (default)
2024-01-26 21:34:18,059 [c424f152-b0b1-403f-ad43-57b6eddc8681-groupManagement] INFO  server.RaftServerConfigKeys (ConfUtils.java:logGet(46)) - raft.server.log.statemachine.data.sync.timeout = 10s (default)
2024-01-26 21:34:18,060 [c424f152-b0b1-403f-ad43-57b6eddc8681-groupManagement] INFO  server.RaftServerConfigKeys (ConfUtils.java:logGet(46)) - raft.server.log.statemachine.data.sync.timeout.retry = 0 (custom)
2024-01-26 21:34:18,060 [c424f152-b0b1-403f-ad43-57b6eddc8681-groupManagement] INFO  server.RaftServerConfigKeys (ConfUtils.java:logGet(46)) - raft.server.log.write.buffer.size = 8388616 (custom)
2024-01-26 21:34:18,062 [c424f152-b0b1-403f-ad43-57b6eddc8681-groupManagement] INFO  server.RaftServerConfigKeys (ConfUtils.java:logGet(46)) - raft.server.log.appender.buffer.byte-limit = 8388608 (custom)
2024-01-26 21:34:18,062 [c424f152-b0b1-403f-ad43-57b6eddc8681-groupManagement] INFO  server.RaftServerConfigKeys (ConfUtils.java:logGet(46)) - raft.server.log.unsafe-flush.enabled = false (default)
2024-01-26 21:34:18,063 [c424f152-b0b1-403f-ad43-57b6eddc8681-groupManagement] INFO  server.RaftServerConfigKeys (ConfUtils.java:logGet(46)) - raft.server.log.async-flush.enabled = false (default)
2024-01-26 21:34:18,063 [c424f152-b0b1-403f-ad43-57b6eddc8681-groupManagement] INFO  server.RaftServerConfigKeys (ConfUtils.java:logGet(46)) - raft.server.log.statemachine.data.caching.enabled = true (custom)
2024-01-26 21:34:18,063 [c424f152-b0b1-403f-ad43-57b6eddc8681-groupManagement] INFO  segmented.SegmentedRaftLogWorker (SegmentedRaftLogWorker.java:lambda$new$0(134)) - c424f152-b0b1-403f-ad43-57b6eddc8681@group-580522C23DA7-SegmentedRaftLogWorker: flushIndex: setUnconditionally 0 -> -1
2024-01-26 21:34:18,063 [c424f152-b0b1-403f-ad43-57b6eddc8681-groupManagement] INFO  segmented.SegmentedRaftLogWorker (SegmentedRaftLogWorker.java:lambda$new$0(134)) - c424f152-b0b1-403f-ad43-57b6eddc8681@group-580522C23DA7-SegmentedRaftLogWorker: safeCacheEvictIndex: setUnconditionally 0 -> -1
2024-01-26 21:34:18,063 [c424f152-b0b1-403f-ad43-57b6eddc8681-groupManagement] INFO  server.RaftServer$Division (RaftServerImpl.java:start(396)) - c424f152-b0b1-403f-ad43-57b6eddc8681@group-580522C23DA7: start as a follower, conf=-1: peers:[c424f152-b0b1-403f-ad43-57b6eddc8681|10.1.0.5:15032]|listeners:[], old=null
2024-01-26 21:34:18,063 [c424f152-b0b1-403f-ad43-57b6eddc8681-groupManagement] INFO  server.RaftServer$Division (RaftServerImpl.java:setRole(383)) - c424f152-b0b1-403f-ad43-57b6eddc8681@group-580522C23DA7: changes role from      null to FOLLOWER at term 0 for startAsFollower
2024-01-26 21:34:18,063 [c424f152-b0b1-403f-ad43-57b6eddc8681-groupManagement] INFO  impl.RoleInfo (RoleInfo.java:updateAndGet(139)) - c424f152-b0b1-403f-ad43-57b6eddc8681: start c424f152-b0b1-403f-ad43-57b6eddc8681@group-580522C23DA7-FollowerState
2024-01-26 21:34:18,067 [c424f152-b0b1-403f-ad43-57b6eddc8681-groupManagement] INFO  util.JmxRegister (JmxRegister.java:tryRegister(44)) - Successfully registered JMX Bean with object name Ratis:service=RaftServer,group=group-580522C23DA7,id=c424f152-b0b1-403f-ad43-57b6eddc8681
2024-01-26 21:34:18,067 [c424f152-b0b1-403f-ad43-57b6eddc8681-groupManagement] INFO  server.RaftServerConfigKeys (ConfUtils.java:logGet(46)) - raft.server.snapshot.trigger-when-stop.enabled = true (default)
2024-01-26 21:34:18,067 [c424f152-b0b1-403f-ad43-57b6eddc8681-groupManagement] INFO  server.RaftServerConfigKeys (ConfUtils.java:logGet(46)) - raft.server.snapshot.auto.trigger.enabled = true (custom)
2024-01-26 21:34:18,067 [c424f152-b0b1-403f-ad43-57b6eddc8681-groupManagement] INFO  server.RaftServerConfigKeys (ConfUtils.java:logGet(46)) - raft.server.snapshot.auto.trigger.threshold = 10000 (custom)
2024-01-26 21:34:18,067 [c424f152-b0b1-403f-ad43-57b6eddc8681-groupManagement] INFO  server.RaftServerConfigKeys (ConfUtils.java:logGet(46)) - raft.server.snapshot.retention.file.num = 5 (custom)
2024-01-26 21:34:18,067 [c424f152-b0b1-403f-ad43-57b6eddc8681-groupManagement] INFO  server.RaftServerConfigKeys (ConfUtils.java:logGet(46)) - raft.server.log.purge.upto.snapshot.index = false (default)
2024-01-26 21:34:18,068 [c424f152-b0b1-403f-ad43-57b6eddc8681@group-580522C23DA7-FollowerState] INFO  server.RaftServerConfigKeys (ConfUtils.java:logFallback(53)) - raft.server.rpc.first-election.timeout.min = 5s (fallback to raft.server.rpc.timeout.min)
2024-01-26 21:34:18,068 [c424f152-b0b1-403f-ad43-57b6eddc8681@group-580522C23DA7-FollowerState] INFO  server.RaftServerConfigKeys (ConfUtils.java:logFallback(53)) - raft.server.rpc.first-election.timeout.max = 5200ms (fallback to raft.server.rpc.timeout.max)
2024-01-26 21:34:18,071 [c424f152-b0b1-403f-ad43-57b6eddc8681-PipelineCommandHandlerThread-0] INFO  ratis.XceiverServerRatis (XceiverServerRatis.java:addGroup(842)) - Created group PipelineID=25e19105-000f-4bc1-8677-580522c23da7
2024-01-26 21:34:18,071 [c424f152-b0b1-403f-ad43-57b6eddc8681-PipelineCommandHandlerThread-0] INFO  commandhandler.CreatePipelineCommandHandler (CreatePipelineCommandHandler.java:lambda$handle$2(124)) - Created Pipeline RATIS ONE PipelineID=25e19105-000f-4bc1-8677-580522c23da7.
2024-01-26 21:34:18,071 [c424f152-b0b1-403f-ad43-57b6eddc8681-PipelineCommandHandlerThread-0] INFO  server.RaftServer (RaftServerProxy.java:addNew(100)) - c424f152-b0b1-403f-ad43-57b6eddc8681: addNew group-DB88475E5C12:[67e21e31-4dca-48e2-85b4-2f4b1b69db84|10.1.0.5:15014, c424f152-b0b1-403f-ad43-57b6eddc8681|10.1.0.5:15032, a4a3addc-657d-412b-928e-3d6f899db221|10.1.0.5:15023] returns group-DB88475E5C12:java.util.concurrent.CompletableFuture@745ad5a6[Not completed]
2024-01-26 21:34:18,072 [c424f152-b0b1-403f-ad43-57b6eddc8681-groupManagement] INFO  server.RaftServer$Division (RaftServerImpl.java:<init>(256)) - c424f152-b0b1-403f-ad43-57b6eddc8681: new RaftServerImpl for group-DB88475E5C12:[67e21e31-4dca-48e2-85b4-2f4b1b69db84|10.1.0.5:15014, c424f152-b0b1-403f-ad43-57b6eddc8681|10.1.0.5:15032, a4a3addc-657d-412b-928e-3d6f899db221|10.1.0.5:15023] with ContainerStateMachine:uninitialized
2024-01-26 21:34:18,072 [c424f152-b0b1-403f-ad43-57b6eddc8681-groupManagement] INFO  server.RaftServerConfigKeys (ConfUtils.java:logGet(46)) - raft.server.rpc.timeout.min = 5s (custom)
2024-01-26 21:34:18,072 [c424f152-b0b1-403f-ad43-57b6eddc8681-groupManagement] INFO  server.RaftServerConfigKeys (ConfUtils.java:logGet(46)) - raft.server.rpc.timeout.max = 5200ms (custom)
2024-01-26 21:34:18,073 [c424f152-b0b1-403f-ad43-57b6eddc8681-groupManagement] INFO  server.RaftServerConfigKeys (ConfUtils.java:logGet(46)) - raft.server.rpc.sleep.time = 25ms (default)
2024-01-26 21:34:18,073 [c424f152-b0b1-403f-ad43-57b6eddc8681-groupManagement] INFO  server.RaftServerConfigKeys (ConfUtils.java:logGet(46)) - raft.server.rpc.slowness.timeout = 300s (custom)
2024-01-26 21:34:18,073 [c424f152-b0b1-403f-ad43-57b6eddc8681-groupManagement] INFO  server.RaftServerConfigKeys (ConfUtils.java:logGet(46)) - raft.server.leaderelection.leader.step-down.wait-time = 10s (default)
2024-01-26 21:34:18,073 [c424f152-b0b1-403f-ad43-57b6eddc8681-groupManagement] INFO  server.RaftServerConfigKeys (ConfUtils.java:logGet(46)) - raft.server.leaderelection.member.majority-add = false (default)
2024-01-26 21:34:18,073 [c424f152-b0b1-403f-ad43-57b6eddc8681-groupManagement] INFO  server.RaftServerConfigKeys (ConfUtils.java:logGet(46)) - raft.server.sleep.deviation.threshold = 300ms (default)
2024-01-26 21:34:18,073 [c424f152-b0b1-403f-ad43-57b6eddc8681-groupManagement] INFO  server.RaftServer$Division (ServerState.java:<init>(113)) - c424f152-b0b1-403f-ad43-57b6eddc8681@group-DB88475E5C12: ConfigurationManager, init=-1: peers:[67e21e31-4dca-48e2-85b4-2f4b1b69db84|10.1.0.5:15014, c424f152-b0b1-403f-ad43-57b6eddc8681|10.1.0.5:15032, a4a3addc-657d-412b-928e-3d6f899db221|10.1.0.5:15023]|listeners:[], old=null, confs=<EMPTY_MAP>
2024-01-26 21:34:18,073 [c424f152-b0b1-403f-ad43-57b6eddc8681-groupManagement] INFO  server.RaftServerConfigKeys (ConfUtils.java:logGet(46)) - raft.server.notification.no-leader.timeout = 300s (custom)
2024-01-26 21:34:18,073 [c424f152-b0b1-403f-ad43-57b6eddc8681-groupManagement] INFO  server.RaftServerConfigKeys (ConfUtils.java:logGet(46)) - raft.server.read.timeout = 10s (default)
2024-01-26 21:34:18,073 [c424f152-b0b1-403f-ad43-57b6eddc8681-groupManagement] INFO  server.RaftServerConfigKeys (ConfUtils.java:logGet(46)) - raft.server.retrycache.expirytime = 600000ms (custom)
2024-01-26 21:34:18,073 [c424f152-b0b1-403f-ad43-57b6eddc8681-groupManagement] INFO  server.RaftServerConfigKeys (ConfUtils.java:logGet(46)) - raft.server.retrycache.statistics.expirytime = 100ms (default)
2024-01-26 21:34:18,073 [c424f152-b0b1-403f-ad43-57b6eddc8681-groupManagement] INFO  server.RaftServerConfigKeys (ConfUtils.java:logGet(46)) - raft.server.read.option = DEFAULT (default)
2024-01-26 21:34:18,074 [c424f152-b0b1-403f-ad43-57b6eddc8681-groupManagement] INFO  server.RaftServerConfigKeys (ConfUtils.java:logGet(46)) - raft.server.read.read-after-write-consistent.write-index-cache.expiry-time = 60s (default)
2024-01-26 21:34:18,079 [c424f152-b0b1-403f-ad43-57b6eddc8681-groupManagement] INFO  server.RaftServerConfigKeys (ConfUtils.java:logGet(46)) - raft.server.rpc.request.timeout = 60s (custom)
2024-01-26 21:34:18,079 [c424f152-b0b1-403f-ad43-57b6eddc8681-groupManagement] INFO  server.RaftServerConfigKeys (ConfUtils.java:logGet(46)) - raft.server.log.appender.install.snapshot.enabled = false (custom)
2024-01-26 21:34:18,079 [c424f152-b0b1-403f-ad43-57b6eddc8681-groupManagement] INFO  server.RaftServerConfigKeys (ConfUtils.java:logGet(46)) - raft.server.threadpool.server.cached = true (default)
2024-01-26 21:34:18,080 [c424f152-b0b1-403f-ad43-57b6eddc8681-groupManagement] INFO  server.RaftServerConfigKeys (ConfUtils.java:logGet(46)) - raft.server.threadpool.server.size = 0 (default)
2024-01-26 21:34:18,080 [c424f152-b0b1-403f-ad43-57b6eddc8681-groupManagement] INFO  server.RaftServerConfigKeys (ConfUtils.java:logGet(46)) - raft.server.threadpool.client.cached = true (default)
2024-01-26 21:34:18,080 [c424f152-b0b1-403f-ad43-57b6eddc8681-groupManagement] INFO  server.RaftServerConfigKeys (ConfUtils.java:logGet(46)) - raft.server.threadpool.client.size = 0 (default)
2024-01-26 21:34:18,080 [c424f152-b0b1-403f-ad43-57b6eddc8681-groupManagement] INFO  server.RaftServerConfigKeys (ConfUtils.java:logGet(46)) - raft.server.storage.free-space.min = 0MB (=0) (default)
2024-01-26 21:34:18,080 [c424f152-b0b1-403f-ad43-57b6eddc8681-groupManagement] INFO  server.RaftServerConfigKeys (ConfUtils.java:logGet(46)) - raft.server.log.corruption.policy = EXCEPTION (default)
2024-01-26 21:34:18,080 [c424f152-b0b1-403f-ad43-57b6eddc8681-groupManagement] INFO  server.RaftServerConfigKeys (ConfUtils.java:logGet(46)) - raft.server.storage.dir = [/home/runner/work/ozone/ozone/hadoop-ozone/integration-test/target/test-dir/MiniOzoneClusterImpl-1af845c4-9ad0-4304-ad21-7f4426eccdbd/datanode-2/data/ratis] (custom)
2024-01-26 21:34:18,080 [c424f152-b0b1-403f-ad43-57b6eddc8681-groupManagement] INFO  storage.RaftStorageDirectory (RaftStorageDirectoryImpl.java:analyzeStorage(138)) - The storage directory /home/runner/work/ozone/ozone/hadoop-ozone/integration-test/target/test-dir/MiniOzoneClusterImpl-1af845c4-9ad0-4304-ad21-7f4426eccdbd/datanode-2/data/ratis/6bb2a1d8-6a1b-481f-bac4-db88475e5c12 does not exist. Creating ...
2024-01-26 21:34:18,082 [c424f152-b0b1-403f-ad43-57b6eddc8681-groupManagement] INFO  storage.RaftStorageDirectory (RaftStorageDirectoryImpl.java:tryLock(228)) - Lock on /home/runner/work/ozone/ozone/hadoop-ozone/integration-test/target/test-dir/MiniOzoneClusterImpl-1af845c4-9ad0-4304-ad21-7f4426eccdbd/datanode-2/data/ratis/6bb2a1d8-6a1b-481f-bac4-db88475e5c12/in_use.lock acquired by nodename 39692@fv-az1566-86
2024-01-26 21:34:18,083 [c424f152-b0b1-403f-ad43-57b6eddc8681-groupManagement] INFO  storage.RaftStorage (RaftStorageImpl.java:format(99)) - Storage directory /home/runner/work/ozone/ozone/hadoop-ozone/integration-test/target/test-dir/MiniOzoneClusterImpl-1af845c4-9ad0-4304-ad21-7f4426eccdbd/datanode-2/data/ratis/6bb2a1d8-6a1b-481f-bac4-db88475e5c12 has been successfully formatted.
2024-01-26 21:34:18,083 [c424f152-b0b1-403f-ad43-57b6eddc8681-groupManagement] WARN  util.FileUtils (LogUtils.java:supplyAndLog(63)) - Failed to Files.newInputStream /home/runner/work/ozone/ozone/hadoop-ozone/integration-test/target/test-dir/MiniOzoneClusterImpl-1af845c4-9ad0-4304-ad21-7f4426eccdbd/datanode-2/data/ratis/6bb2a1d8-6a1b-481f-bac4-db88475e5c12/current/raft-meta.conf with options []: java.nio.file.NoSuchFileException: /home/runner/work/ozone/ozone/hadoop-ozone/integration-test/target/test-dir/MiniOzoneClusterImpl-1af845c4-9ad0-4304-ad21-7f4426eccdbd/datanode-2/data/ratis/6bb2a1d8-6a1b-481f-bac4-db88475e5c12/current/raft-meta.conf
2024-01-26 21:34:18,083 [c424f152-b0b1-403f-ad43-57b6eddc8681-groupManagement] INFO  ratis.ContainerStateMachine (ContainerStateMachine.java:loadSnapshot(287)) - group-DB88475E5C12: The snapshot info is null. Setting the last applied index to:(t:0, i:~)
2024-01-26 21:34:18,083 [c424f152-b0b1-403f-ad43-57b6eddc8681-groupManagement] INFO  server.RaftServerConfigKeys (ConfUtils.java:logGet(46)) - raft.server.log.use.memory = false (default)
2024-01-26 21:34:18,084 [c424f152-b0b1-403f-ad43-57b6eddc8681-groupManagement] INFO  server.RaftServerConfigKeys (ConfUtils.java:logGet(46)) - raft.server.log.purge.gap = 1000000 (custom)
2024-01-26 21:34:18,084 [c424f152-b0b1-403f-ad43-57b6eddc8681-groupManagement] INFO  server.RaftServerConfigKeys (ConfUtils.java:logGet(46)) - raft.server.log.appender.buffer.byte-limit = 8388608 (custom)
2024-01-26 21:34:18,084 [c424f152-b0b1-403f-ad43-57b6eddc8681-groupManagement] INFO  server.RaftServerConfigKeys (ConfUtils.java:logGet(46)) - raft.server.log.statemachine.data.read.timeout = 1000ms (default)
2024-01-26 21:34:18,084 [c424f152-b0b1-403f-ad43-57b6eddc8681-groupManagement] INFO  server.RaftServerConfigKeys (ConfUtils.java:logGet(46)) - raft.server.log.purge.preservation.log.num = 0 (default)
2024-01-26 21:34:18,085 [EventQueue-OpenPipelineForHealthyPipelineSafeModeRule] INFO  safemode.SCMSafeModeManager (HealthyPipelineSafeModeRule.java:process(140)) - SCM in safe mode. Healthy pipelines reported count is 0, required healthy pipeline reported count is 1
2024-01-26 21:34:18,092 [c424f152-b0b1-403f-ad43-57b6eddc8681-groupManagement] INFO  server.RaftServerConfigKeys (ConfUtils.java:logGet(46)) - raft.server.log.segment.size.max = 67108864 (custom)
2024-01-26 21:34:18,093 [c424f152-b0b1-403f-ad43-57b6eddc8681-groupManagement] INFO  server.RaftServerConfigKeys (ConfUtils.java:logGet(46)) - raft.server.log.segment.cache.num.max = 2 (custom)
2024-01-26 21:34:18,093 [c424f152-b0b1-403f-ad43-57b6eddc8681-groupManagement] INFO  server.RaftServerConfigKeys (ConfUtils.java:logGet(46)) - raft.server.log.segment.cache.size.max = 200MB (=209715200) (default)
2024-01-26 21:34:18,093 [c424f152-b0b1-403f-ad43-57b6eddc8681-groupManagement] INFO  server.RaftServerConfigKeys (ConfUtils.java:logGet(46)) - raft.server.log.appender.buffer.byte-limit = 8388608 (custom)
2024-01-26 21:34:18,094 [c424f152-b0b1-403f-ad43-57b6eddc8681-groupManagement] INFO  util.AwaitToRun (AwaitToRun.java:start(81)) - Thread[c424f152-b0b1-403f-ad43-57b6eddc8681@group-DB88475E5C12-cacheEviction-AwaitToRun,5,main] started
2024-01-26 21:34:18,094 [c424f152-b0b1-403f-ad43-57b6eddc8681-groupManagement] INFO  segmented.SegmentedRaftLogWorker (SegmentedRaftLogWorker.java:<init>(182)) - new c424f152-b0b1-403f-ad43-57b6eddc8681@group-DB88475E5C12-SegmentedRaftLogWorker for RaftStorageImpl:Storage Directory /home/runner/work/ozone/ozone/hadoop-ozone/integration-test/target/test-dir/MiniOzoneClusterImpl-1af845c4-9ad0-4304-ad21-7f4426eccdbd/datanode-2/data/ratis/6bb2a1d8-6a1b-481f-bac4-db88475e5c12
2024-01-26 21:34:18,094 [c424f152-b0b1-403f-ad43-57b6eddc8681-groupManagement] INFO  server.RaftServerConfigKeys (ConfUtils.java:logGet(46)) - raft.server.log.queue.byte-limit = 4294967296 (custom)
2024-01-26 21:34:18,095 [c424f152-b0b1-403f-ad43-57b6eddc8681-groupManagement] INFO  server.RaftServerConfigKeys (ConfUtils.java:logGet(46)) - raft.server.log.queue.element-limit = 1024 (custom)
2024-01-26 21:34:18,095 [c424f152-b0b1-403f-ad43-57b6eddc8681-groupManagement] INFO  server.RaftServerConfigKeys (ConfUtils.java:logGet(46)) - raft.server.log.segment.size.max = 67108864 (custom)
2024-01-26 21:34:18,095 [c424f152-b0b1-403f-ad43-57b6eddc8681-groupManagement] INFO  server.RaftServerConfigKeys (ConfUtils.java:logGet(46)) - raft.server.log.preallocated.size = 4194304 (custom)
2024-01-26 21:34:18,096 [c424f152-b0b1-403f-ad43-57b6eddc8681-groupManagement] INFO  server.RaftServerConfigKeys (ConfUtils.java:logGet(46)) - raft.server.log.force.sync.num = 128 (default)
2024-01-26 21:34:18,099 [c424f152-b0b1-403f-ad43-57b6eddc8681-groupManagement] INFO  server.RaftServerConfigKeys (ConfUtils.java:logGet(46)) - raft.server.log.statemachine.data.sync = true (default)
2024-01-26 21:34:18,099 [c424f152-b0b1-403f-ad43-57b6eddc8681-groupManagement] INFO  server.RaftServerConfigKeys (ConfUtils.java:logGet(46)) - raft.server.log.statemachine.data.sync.timeout = 10s (default)
2024-01-26 21:34:18,100 [c424f152-b0b1-403f-ad43-57b6eddc8681-groupManagement] INFO  server.RaftServerConfigKeys (ConfUtils.java:logGet(46)) - raft.server.log.statemachine.data.sync.timeout.retry = 0 (custom)
2024-01-26 21:34:18,101 [c424f152-b0b1-403f-ad43-57b6eddc8681-groupManagement] INFO  server.RaftServerConfigKeys (ConfUtils.java:logGet(46)) - raft.server.log.write.buffer.size = 8388616 (custom)
2024-01-26 21:34:18,103 [c424f152-b0b1-403f-ad43-57b6eddc8681-groupManagement] INFO  server.RaftServerConfigKeys (ConfUtils.java:logGet(46)) - raft.server.log.appender.buffer.byte-limit = 8388608 (custom)
2024-01-26 21:34:18,104 [c424f152-b0b1-403f-ad43-57b6eddc8681-groupManagement] INFO  server.RaftServerConfigKeys (ConfUtils.java:logGet(46)) - raft.server.log.unsafe-flush.enabled = false (default)
2024-01-26 21:34:18,104 [c424f152-b0b1-403f-ad43-57b6eddc8681-groupManagement] INFO  server.RaftServerConfigKeys (ConfUtils.java:logGet(46)) - raft.server.log.async-flush.enabled = false (default)
2024-01-26 21:34:18,104 [c424f152-b0b1-403f-ad43-57b6eddc8681-groupManagement] INFO  server.RaftServerConfigKeys (ConfUtils.java:logGet(46)) - raft.server.log.statemachine.data.caching.enabled = true (custom)
2024-01-26 21:34:18,106 [c424f152-b0b1-403f-ad43-57b6eddc8681-groupManagement] INFO  segmented.SegmentedRaftLogWorker (SegmentedRaftLogWorker.java:lambda$new$0(134)) - c424f152-b0b1-403f-ad43-57b6eddc8681@group-DB88475E5C12-SegmentedRaftLogWorker: flushIndex: setUnconditionally 0 -> -1
2024-01-26 21:34:18,107 [c424f152-b0b1-403f-ad43-57b6eddc8681-groupManagement] INFO  segmented.SegmentedRaftLogWorker (SegmentedRaftLogWorker.java:lambda$new$0(134)) - c424f152-b0b1-403f-ad43-57b6eddc8681@group-DB88475E5C12-SegmentedRaftLogWorker: safeCacheEvictIndex: setUnconditionally 0 -> -1
2024-01-26 21:34:18,107 [c424f152-b0b1-403f-ad43-57b6eddc8681-groupManagement] INFO  server.RaftServer$Division (RaftServerImpl.java:start(396)) - c424f152-b0b1-403f-ad43-57b6eddc8681@group-DB88475E5C12: start as a follower, conf=-1: peers:[67e21e31-4dca-48e2-85b4-2f4b1b69db84|10.1.0.5:15014, c424f152-b0b1-403f-ad43-57b6eddc8681|10.1.0.5:15032, a4a3addc-657d-412b-928e-3d6f899db221|10.1.0.5:15023]|listeners:[], old=null
2024-01-26 21:34:18,107 [c424f152-b0b1-403f-ad43-57b6eddc8681-groupManagement] INFO  server.RaftServer$Division (RaftServerImpl.java:setRole(383)) - c424f152-b0b1-403f-ad43-57b6eddc8681@group-DB88475E5C12: changes role from      null to FOLLOWER at term 0 for startAsFollower
2024-01-26 21:34:18,108 [c424f152-b0b1-403f-ad43-57b6eddc8681-groupManagement] INFO  impl.RoleInfo (RoleInfo.java:updateAndGet(139)) - c424f152-b0b1-403f-ad43-57b6eddc8681: start c424f152-b0b1-403f-ad43-57b6eddc8681@group-DB88475E5C12-FollowerState
2024-01-26 21:34:18,108 [c424f152-b0b1-403f-ad43-57b6eddc8681-groupManagement] INFO  util.JmxRegister (JmxRegister.java:tryRegister(44)) - Successfully registered JMX Bean with object name Ratis:service=RaftServer,group=group-DB88475E5C12,id=c424f152-b0b1-403f-ad43-57b6eddc8681
2024-01-26 21:34:18,108 [c424f152-b0b1-403f-ad43-57b6eddc8681-groupManagement] INFO  server.RaftServerConfigKeys (ConfUtils.java:logGet(46)) - raft.server.snapshot.trigger-when-stop.enabled = true (default)
2024-01-26 21:34:18,108 [c424f152-b0b1-403f-ad43-57b6eddc8681-groupManagement] INFO  server.RaftServerConfigKeys (ConfUtils.java:logGet(46)) - raft.server.snapshot.auto.trigger.enabled = true (custom)
2024-01-26 21:34:18,109 [c424f152-b0b1-403f-ad43-57b6eddc8681-groupManagement] INFO  server.RaftServerConfigKeys (ConfUtils.java:logGet(46)) - raft.server.snapshot.auto.trigger.threshold = 10000 (custom)
2024-01-26 21:34:18,109 [c424f152-b0b1-403f-ad43-57b6eddc8681-groupManagement] INFO  server.RaftServerConfigKeys (ConfUtils.java:logGet(46)) - raft.server.snapshot.retention.file.num = 5 (custom)
2024-01-26 21:34:18,109 [c424f152-b0b1-403f-ad43-57b6eddc8681-groupManagement] INFO  server.RaftServerConfigKeys (ConfUtils.java:logGet(46)) - raft.server.log.purge.upto.snapshot.index = false (default)
2024-01-26 21:34:18,110 [c424f152-b0b1-403f-ad43-57b6eddc8681@group-DB88475E5C12-FollowerState] INFO  server.RaftServerConfigKeys (ConfUtils.java:logFallback(53)) - raft.server.rpc.first-election.timeout.min = 5s (fallback to raft.server.rpc.timeout.min)
2024-01-26 21:34:18,111 [c424f152-b0b1-403f-ad43-57b6eddc8681@group-DB88475E5C12-FollowerState] INFO  server.RaftServerConfigKeys (ConfUtils.java:logFallback(53)) - raft.server.rpc.first-election.timeout.max = 5200ms (fallback to raft.server.rpc.timeout.max)
2024-01-26 21:34:18,114 [c424f152-b0b1-403f-ad43-57b6eddc8681-PipelineCommandHandlerThread-0] INFO  ratis.XceiverServerRatis (XceiverServerRatis.java:addGroup(842)) - Created group PipelineID=6bb2a1d8-6a1b-481f-bac4-db88475e5c12
2024-01-26 21:34:18,172 [4166fb02-ca0d-4de6-a961-378c6a3b2890-PipelineCommandHandlerThread-0] INFO  server.RaftServer (RaftServerProxy.java:addNew(100)) - 4166fb02-ca0d-4de6-a961-378c6a3b2890: addNew group-DFE281D66E6E:[4166fb02-ca0d-4de6-a961-378c6a3b2890|10.1.0.5:15041] returns group-DFE281D66E6E:java.util.concurrent.CompletableFuture@352b271e[Not completed]
2024-01-26 21:34:18,173 [4166fb02-ca0d-4de6-a961-378c6a3b2890-groupManagement] INFO  server.RaftServer$Division (RaftServerImpl.java:<init>(256)) - 4166fb02-ca0d-4de6-a961-378c6a3b2890: new RaftServerImpl for group-DFE281D66E6E:[4166fb02-ca0d-4de6-a961-378c6a3b2890|10.1.0.5:15041] with ContainerStateMachine:uninitialized
2024-01-26 21:34:18,174 [4166fb02-ca0d-4de6-a961-378c6a3b2890-groupManagement] INFO  server.RaftServerConfigKeys (ConfUtils.java:logGet(46)) - raft.server.rpc.timeout.min = 5s (custom)
2024-01-26 21:34:18,174 [4166fb02-ca0d-4de6-a961-378c6a3b2890-groupManagement] INFO  server.RaftServerConfigKeys (ConfUtils.java:logGet(46)) - raft.server.rpc.timeout.max = 5200ms (custom)
2024-01-26 21:34:18,174 [4166fb02-ca0d-4de6-a961-378c6a3b2890-groupManagement] INFO  server.RaftServerConfigKeys (ConfUtils.java:logGet(46)) - raft.server.rpc.sleep.time = 25ms (default)
2024-01-26 21:34:18,174 [4166fb02-ca0d-4de6-a961-378c6a3b2890-groupManagement] INFO  server.RaftServerConfigKeys (ConfUtils.java:logGet(46)) - raft.server.rpc.slowness.timeout = 300s (custom)
2024-01-26 21:34:18,174 [4166fb02-ca0d-4de6-a961-378c6a3b2890-groupManagement] INFO  server.RaftServerConfigKeys (ConfUtils.java:logGet(46)) - raft.server.leaderelection.leader.step-down.wait-time = 10s (default)
2024-01-26 21:34:18,174 [4166fb02-ca0d-4de6-a961-378c6a3b2890-groupManagement] INFO  server.RaftServerConfigKeys (ConfUtils.java:logGet(46)) - raft.server.leaderelection.member.majority-add = false (default)
2024-01-26 21:34:18,174 [4166fb02-ca0d-4de6-a961-378c6a3b2890-groupManagement] INFO  server.RaftServerConfigKeys (ConfUtils.java:logGet(46)) - raft.server.sleep.deviation.threshold = 300ms (default)
2024-01-26 21:34:18,174 [4166fb02-ca0d-4de6-a961-378c6a3b2890-groupManagement] INFO  server.RaftServer$Division (ServerState.java:<init>(113)) - 4166fb02-ca0d-4de6-a961-378c6a3b2890@group-DFE281D66E6E: ConfigurationManager, init=-1: peers:[4166fb02-ca0d-4de6-a961-378c6a3b2890|10.1.0.5:15041]|listeners:[], old=null, confs=<EMPTY_MAP>
2024-01-26 21:34:18,174 [4166fb02-ca0d-4de6-a961-378c6a3b2890-groupManagement] INFO  server.RaftServerConfigKeys (ConfUtils.java:logGet(46)) - raft.server.notification.no-leader.timeout = 300s (custom)
2024-01-26 21:34:18,175 [4166fb02-ca0d-4de6-a961-378c6a3b2890-groupManagement] INFO  server.RaftServerConfigKeys (ConfUtils.java:logGet(46)) - raft.server.read.timeout = 10s (default)
2024-01-26 21:34:18,175 [4166fb02-ca0d-4de6-a961-378c6a3b2890-groupManagement] INFO  server.RaftServerConfigKeys (ConfUtils.java:logGet(46)) - raft.server.retrycache.expirytime = 600000ms (custom)
2024-01-26 21:34:18,175 [4166fb02-ca0d-4de6-a961-378c6a3b2890-groupManagement] INFO  server.RaftServerConfigKeys (ConfUtils.java:logGet(46)) - raft.server.retrycache.statistics.expirytime = 100ms (default)
2024-01-26 21:34:18,175 [4166fb02-ca0d-4de6-a961-378c6a3b2890-groupManagement] INFO  server.RaftServerConfigKeys (ConfUtils.java:logGet(46)) - raft.server.read.option = DEFAULT (default)
2024-01-26 21:34:18,175 [4166fb02-ca0d-4de6-a961-378c6a3b2890-groupManagement] INFO  server.RaftServerConfigKeys (ConfUtils.java:logGet(46)) - raft.server.read.read-after-write-consistent.write-index-cache.expiry-time = 60s (default)
2024-01-26 21:34:18,182 [4166fb02-ca0d-4de6-a961-378c6a3b2890-groupManagement] INFO  server.RaftServerConfigKeys (ConfUtils.java:logGet(46)) - raft.server.rpc.request.timeout = 60s (custom)
2024-01-26 21:34:18,183 [4166fb02-ca0d-4de6-a961-378c6a3b2890-groupManagement] INFO  server.RaftServerConfigKeys (ConfUtils.java:logGet(46)) - raft.server.log.appender.install.snapshot.enabled = false (custom)
2024-01-26 21:34:18,184 [4166fb02-ca0d-4de6-a961-378c6a3b2890-groupManagement] INFO  server.RaftServerConfigKeys (ConfUtils.java:logGet(46)) - raft.server.threadpool.server.cached = true (default)
2024-01-26 21:34:18,184 [4166fb02-ca0d-4de6-a961-378c6a3b2890-groupManagement] INFO  server.RaftServerConfigKeys (ConfUtils.java:logGet(46)) - raft.server.threadpool.server.size = 0 (default)
2024-01-26 21:34:18,184 [4166fb02-ca0d-4de6-a961-378c6a3b2890-groupManagement] INFO  server.RaftServerConfigKeys (ConfUtils.java:logGet(46)) - raft.server.threadpool.client.cached = true (default)
2024-01-26 21:34:18,184 [4166fb02-ca0d-4de6-a961-378c6a3b2890-groupManagement] INFO  server.RaftServerConfigKeys (ConfUtils.java:logGet(46)) - raft.server.threadpool.client.size = 0 (default)
2024-01-26 21:34:18,185 [4166fb02-ca0d-4de6-a961-378c6a3b2890-groupManagement] INFO  server.RaftServerConfigKeys (ConfUtils.java:logGet(46)) - raft.server.storage.free-space.min = 0MB (=0) (default)
2024-01-26 21:34:18,186 [4166fb02-ca0d-4de6-a961-378c6a3b2890-groupManagement] INFO  server.RaftServerConfigKeys (ConfUtils.java:logGet(46)) - raft.server.log.corruption.policy = EXCEPTION (default)
2024-01-26 21:34:18,186 [4166fb02-ca0d-4de6-a961-378c6a3b2890-groupManagement] INFO  server.RaftServerConfigKeys (ConfUtils.java:logGet(46)) - raft.server.storage.dir = [/home/runner/work/ozone/ozone/hadoop-ozone/integration-test/target/test-dir/MiniOzoneClusterImpl-1af845c4-9ad0-4304-ad21-7f4426eccdbd/datanode-3/data/ratis] (custom)
2024-01-26 21:34:18,186 [4166fb02-ca0d-4de6-a961-378c6a3b2890-groupManagement] INFO  storage.RaftStorageDirectory (RaftStorageDirectoryImpl.java:analyzeStorage(138)) - The storage directory /home/runner/work/ozone/ozone/hadoop-ozone/integration-test/target/test-dir/MiniOzoneClusterImpl-1af845c4-9ad0-4304-ad21-7f4426eccdbd/datanode-3/data/ratis/fccb4f77-00b2-4980-83ce-dfe281d66e6e does not exist. Creating ...
2024-01-26 21:34:18,188 [4166fb02-ca0d-4de6-a961-378c6a3b2890-groupManagement] INFO  storage.RaftStorageDirectory (RaftStorageDirectoryImpl.java:tryLock(228)) - Lock on /home/runner/work/ozone/ozone/hadoop-ozone/integration-test/target/test-dir/MiniOzoneClusterImpl-1af845c4-9ad0-4304-ad21-7f4426eccdbd/datanode-3/data/ratis/fccb4f77-00b2-4980-83ce-dfe281d66e6e/in_use.lock acquired by nodename 39692@fv-az1566-86
2024-01-26 21:34:18,191 [4166fb02-ca0d-4de6-a961-378c6a3b2890-groupManagement] INFO  storage.RaftStorage (RaftStorageImpl.java:format(99)) - Storage directory /home/runner/work/ozone/ozone/hadoop-ozone/integration-test/target/test-dir/MiniOzoneClusterImpl-1af845c4-9ad0-4304-ad21-7f4426eccdbd/datanode-3/data/ratis/fccb4f77-00b2-4980-83ce-dfe281d66e6e has been successfully formatted.
2024-01-26 21:34:18,192 [4166fb02-ca0d-4de6-a961-378c6a3b2890-groupManagement] WARN  util.FileUtils (LogUtils.java:supplyAndLog(63)) - Failed to Files.newInputStream /home/runner/work/ozone/ozone/hadoop-ozone/integration-test/target/test-dir/MiniOzoneClusterImpl-1af845c4-9ad0-4304-ad21-7f4426eccdbd/datanode-3/data/ratis/fccb4f77-00b2-4980-83ce-dfe281d66e6e/current/raft-meta.conf with options []: java.nio.file.NoSuchFileException: /home/runner/work/ozone/ozone/hadoop-ozone/integration-test/target/test-dir/MiniOzoneClusterImpl-1af845c4-9ad0-4304-ad21-7f4426eccdbd/datanode-3/data/ratis/fccb4f77-00b2-4980-83ce-dfe281d66e6e/current/raft-meta.conf
2024-01-26 21:34:18,195 [4166fb02-ca0d-4de6-a961-378c6a3b2890-groupManagement] INFO  ratis.ContainerStateMachine (ContainerStateMachine.java:loadSnapshot(287)) - group-DFE281D66E6E: The snapshot info is null. Setting the last applied index to:(t:0, i:~)
2024-01-26 21:34:18,195 [4166fb02-ca0d-4de6-a961-378c6a3b2890-groupManagement] INFO  server.RaftServerConfigKeys (ConfUtils.java:logGet(46)) - raft.server.log.use.memory = false (default)
2024-01-26 21:34:18,195 [4166fb02-ca0d-4de6-a961-378c6a3b2890-groupManagement] INFO  server.RaftServerConfigKeys (ConfUtils.java:logGet(46)) - raft.server.log.purge.gap = 1000000 (custom)
2024-01-26 21:34:18,195 [4166fb02-ca0d-4de6-a961-378c6a3b2890-groupManagement] INFO  server.RaftServerConfigKeys (ConfUtils.java:logGet(46)) - raft.server.log.appender.buffer.byte-limit = 8388608 (custom)
2024-01-26 21:34:18,195 [4166fb02-ca0d-4de6-a961-378c6a3b2890-groupManagement] INFO  server.RaftServerConfigKeys (ConfUtils.java:logGet(46)) - raft.server.log.statemachine.data.read.timeout = 1000ms (default)
2024-01-26 21:34:18,195 [4166fb02-ca0d-4de6-a961-378c6a3b2890-groupManagement] INFO  server.RaftServerConfigKeys (ConfUtils.java:logGet(46)) - raft.server.log.purge.preservation.log.num = 0 (default)
2024-01-26 21:34:18,198 [EventQueue-PipelineReportForPipelineReportHandler] INFO  pipeline.PipelineReportHandler (PipelineReportHandler.java:processPipelineReport(136)) - Opened pipeline PipelineID=fccb4f77-00b2-4980-83ce-dfe281d66e6e
2024-01-26 21:34:18,198 [EventQueue-OpenPipelineForHealthyPipelineSafeModeRule] INFO  safemode.SCMSafeModeManager (HealthyPipelineSafeModeRule.java:process(140)) - SCM in safe mode. Healthy pipelines reported count is 0, required healthy pipeline reported count is 1
2024-01-26 21:34:18,198 [4166fb02-ca0d-4de6-a961-378c6a3b2890-groupManagement] INFO  server.RaftServerConfigKeys (ConfUtils.java:logGet(46)) - raft.server.log.segment.size.max = 67108864 (custom)
2024-01-26 21:34:18,199 [4166fb02-ca0d-4de6-a961-378c6a3b2890-groupManagement] INFO  server.RaftServerConfigKeys (ConfUtils.java:logGet(46)) - raft.server.log.segment.cache.num.max = 2 (custom)
2024-01-26 21:34:18,200 [4166fb02-ca0d-4de6-a961-378c6a3b2890-groupManagement] INFO  server.RaftServerConfigKeys (ConfUtils.java:logGet(46)) - raft.server.log.segment.cache.size.max = 200MB (=209715200) (default)
2024-01-26 21:34:18,200 [4166fb02-ca0d-4de6-a961-378c6a3b2890-groupManagement] INFO  server.RaftServerConfigKeys (ConfUtils.java:logGet(46)) - raft.server.log.appender.buffer.byte-limit = 8388608 (custom)
2024-01-26 21:34:18,200 [4166fb02-ca0d-4de6-a961-378c6a3b2890-groupManagement] INFO  util.AwaitToRun (AwaitToRun.java:start(81)) - Thread[4166fb02-ca0d-4de6-a961-378c6a3b2890@group-DFE281D66E6E-cacheEviction-AwaitToRun,5,main] started
2024-01-26 21:34:18,201 [4166fb02-ca0d-4de6-a961-378c6a3b2890-groupManagement] INFO  segmented.SegmentedRaftLogWorker (SegmentedRaftLogWorker.java:<init>(182)) - new 4166fb02-ca0d-4de6-a961-378c6a3b2890@group-DFE281D66E6E-SegmentedRaftLogWorker for RaftStorageImpl:Storage Directory /home/runner/work/ozone/ozone/hadoop-ozone/integration-test/target/test-dir/MiniOzoneClusterImpl-1af845c4-9ad0-4304-ad21-7f4426eccdbd/datanode-3/data/ratis/fccb4f77-00b2-4980-83ce-dfe281d66e6e
2024-01-26 21:34:18,201 [4166fb02-ca0d-4de6-a961-378c6a3b2890-groupManagement] INFO  server.RaftServerConfigKeys (ConfUtils.java:logGet(46)) - raft.server.log.queue.byte-limit = 4294967296 (custom)
2024-01-26 21:34:18,201 [4166fb02-ca0d-4de6-a961-378c6a3b2890-groupManagement] INFO  server.RaftServerConfigKeys (ConfUtils.java:logGet(46)) - raft.server.log.queue.element-limit = 1024 (custom)
2024-01-26 21:34:18,201 [4166fb02-ca0d-4de6-a961-378c6a3b2890-groupManagement] INFO  server.RaftServerConfigKeys (ConfUtils.java:logGet(46)) - raft.server.log.segment.size.max = 67108864 (custom)
2024-01-26 21:34:18,201 [4166fb02-ca0d-4de6-a961-378c6a3b2890-groupManagement] INFO  server.RaftServerConfigKeys (ConfUtils.java:logGet(46)) - raft.server.log.preallocated.size = 4194304 (custom)
2024-01-26 21:34:18,201 [4166fb02-ca0d-4de6-a961-378c6a3b2890-groupManagement] INFO  server.RaftServerConfigKeys (ConfUtils.java:logGet(46)) - raft.server.log.force.sync.num = 128 (default)
2024-01-26 21:34:18,201 [4166fb02-ca0d-4de6-a961-378c6a3b2890-groupManagement] INFO  server.RaftServerConfigKeys (ConfUtils.java:logGet(46)) - raft.server.log.statemachine.data.sync = true (default)
2024-01-26 21:34:18,201 [4166fb02-ca0d-4de6-a961-378c6a3b2890-groupManagement] INFO  server.RaftServerConfigKeys (ConfUtils.java:logGet(46)) - raft.server.log.statemachine.data.sync.timeout = 10s (default)
2024-01-26 21:34:18,201 [4166fb02-ca0d-4de6-a961-378c6a3b2890-groupManagement] INFO  server.RaftServerConfigKeys (ConfUtils.java:logGet(46)) - raft.server.log.statemachine.data.sync.timeout.retry = 0 (custom)
2024-01-26 21:34:18,202 [4166fb02-ca0d-4de6-a961-378c6a3b2890-groupManagement] INFO  server.RaftServerConfigKeys (ConfUtils.java:logGet(46)) - raft.server.log.write.buffer.size = 8388616 (custom)
2024-01-26 21:34:18,204 [4166fb02-ca0d-4de6-a961-378c6a3b2890-groupManagement] INFO  server.RaftServerConfigKeys (ConfUtils.java:logGet(46)) - raft.server.log.appender.buffer.byte-limit = 8388608 (custom)
2024-01-26 21:34:18,204 [4166fb02-ca0d-4de6-a961-378c6a3b2890-groupManagement] INFO  server.RaftServerConfigKeys (ConfUtils.java:logGet(46)) - raft.server.log.unsafe-flush.enabled = false (default)
2024-01-26 21:34:18,204 [4166fb02-ca0d-4de6-a961-378c6a3b2890-groupManagement] INFO  server.RaftServerConfigKeys (ConfUtils.java:logGet(46)) - raft.server.log.async-flush.enabled = false (default)
2024-01-26 21:34:18,204 [4166fb02-ca0d-4de6-a961-378c6a3b2890-groupManagement] INFO  server.RaftServerConfigKeys (ConfUtils.java:logGet(46)) - raft.server.log.statemachine.data.caching.enabled = true (custom)
2024-01-26 21:34:18,204 [4166fb02-ca0d-4de6-a961-378c6a3b2890-groupManagement] INFO  segmented.SegmentedRaftLogWorker (SegmentedRaftLogWorker.java:lambda$new$0(134)) - 4166fb02-ca0d-4de6-a961-378c6a3b2890@group-DFE281D66E6E-SegmentedRaftLogWorker: flushIndex: setUnconditionally 0 -> -1
2024-01-26 21:34:18,204 [4166fb02-ca0d-4de6-a961-378c6a3b2890-groupManagement] INFO  segmented.SegmentedRaftLogWorker (SegmentedRaftLogWorker.java:lambda$new$0(134)) - 4166fb02-ca0d-4de6-a961-378c6a3b2890@group-DFE281D66E6E-SegmentedRaftLogWorker: safeCacheEvictIndex: setUnconditionally 0 -> -1
2024-01-26 21:34:18,205 [4166fb02-ca0d-4de6-a961-378c6a3b2890-groupManagement] INFO  server.RaftServer$Division (RaftServerImpl.java:start(396)) - 4166fb02-ca0d-4de6-a961-378c6a3b2890@group-DFE281D66E6E: start as a follower, conf=-1: peers:[4166fb02-ca0d-4de6-a961-378c6a3b2890|10.1.0.5:15041]|listeners:[], old=null
2024-01-26 21:34:18,205 [4166fb02-ca0d-4de6-a961-378c6a3b2890-groupManagement] INFO  server.RaftServer$Division (RaftServerImpl.java:setRole(383)) - 4166fb02-ca0d-4de6-a961-378c6a3b2890@group-DFE281D66E6E: changes role from      null to FOLLOWER at term 0 for startAsFollower
2024-01-26 21:34:18,205 [4166fb02-ca0d-4de6-a961-378c6a3b2890-groupManagement] INFO  impl.RoleInfo (RoleInfo.java:updateAndGet(139)) - 4166fb02-ca0d-4de6-a961-378c6a3b2890: start 4166fb02-ca0d-4de6-a961-378c6a3b2890@group-DFE281D66E6E-FollowerState
2024-01-26 21:34:18,205 [4166fb02-ca0d-4de6-a961-378c6a3b2890-groupManagement] INFO  util.JmxRegister (JmxRegister.java:tryRegister(44)) - Successfully registered JMX Bean with object name Ratis:service=RaftServer,group=group-DFE281D66E6E,id=4166fb02-ca0d-4de6-a961-378c6a3b2890
2024-01-26 21:34:18,205 [4166fb02-ca0d-4de6-a961-378c6a3b2890-groupManagement] INFO  server.RaftServerConfigKeys (ConfUtils.java:logGet(46)) - raft.server.snapshot.trigger-when-stop.enabled = true (default)
2024-01-26 21:34:18,205 [4166fb02-ca0d-4de6-a961-378c6a3b2890-groupManagement] INFO  server.RaftServerConfigKeys (ConfUtils.java:logGet(46)) - raft.server.snapshot.auto.trigger.enabled = true (custom)
2024-01-26 21:34:18,205 [4166fb02-ca0d-4de6-a961-378c6a3b2890-groupManagement] INFO  server.RaftServerConfigKeys (ConfUtils.java:logGet(46)) - raft.server.snapshot.auto.trigger.threshold = 10000 (custom)
2024-01-26 21:34:18,206 [4166fb02-ca0d-4de6-a961-378c6a3b2890-groupManagement] INFO  server.RaftServerConfigKeys (ConfUtils.java:logGet(46)) - raft.server.snapshot.retention.file.num = 5 (custom)
2024-01-26 21:34:18,206 [4166fb02-ca0d-4de6-a961-378c6a3b2890-groupManagement] INFO  server.RaftServerConfigKeys (ConfUtils.java:logGet(46)) - raft.server.log.purge.upto.snapshot.index = false (default)
2024-01-26 21:34:18,207 [4166fb02-ca0d-4de6-a961-378c6a3b2890@group-DFE281D66E6E-FollowerState] INFO  server.RaftServerConfigKeys (ConfUtils.java:logFallback(53)) - raft.server.rpc.first-election.timeout.min = 5s (fallback to raft.server.rpc.timeout.min)
2024-01-26 21:34:18,207 [4166fb02-ca0d-4de6-a961-378c6a3b2890@group-DFE281D66E6E-FollowerState] INFO  server.RaftServerConfigKeys (ConfUtils.java:logFallback(53)) - raft.server.rpc.first-election.timeout.max = 5200ms (fallback to raft.server.rpc.timeout.max)
2024-01-26 21:34:18,207 [4166fb02-ca0d-4de6-a961-378c6a3b2890-PipelineCommandHandlerThread-0] INFO  ratis.XceiverServerRatis (XceiverServerRatis.java:addGroup(842)) - Created group PipelineID=fccb4f77-00b2-4980-83ce-dfe281d66e6e
2024-01-26 21:34:18,207 [4166fb02-ca0d-4de6-a961-378c6a3b2890-PipelineCommandHandlerThread-0] INFO  commandhandler.CreatePipelineCommandHandler (CreatePipelineCommandHandler.java:lambda$handle$2(124)) - Created Pipeline RATIS ONE PipelineID=fccb4f77-00b2-4980-83ce-dfe281d66e6e.
2024-01-26 21:34:18,208 [4166fb02-ca0d-4de6-a961-378c6a3b2890-PipelineCommandHandlerThread-0] INFO  server.RaftServer (RaftServerProxy.java:addNew(100)) - 4166fb02-ca0d-4de6-a961-378c6a3b2890: addNew group-6AEB2531D713:[209e1d4e-6bc3-40d2-a53c-4015c1ab1ac0|10.1.0.5:15050, 4166fb02-ca0d-4de6-a961-378c6a3b2890|10.1.0.5:15041, 7564b097-4325-4468-ae97-837bc55d7172|10.1.0.5:15059] returns group-6AEB2531D713:java.util.concurrent.CompletableFuture@3114b563[Not completed]
2024-01-26 21:34:18,210 [4166fb02-ca0d-4de6-a961-378c6a3b2890-groupManagement] INFO  server.RaftServer$Division (RaftServerImpl.java:<init>(256)) - 4166fb02-ca0d-4de6-a961-378c6a3b2890: new RaftServerImpl for group-6AEB2531D713:[209e1d4e-6bc3-40d2-a53c-4015c1ab1ac0|10.1.0.5:15050, 4166fb02-ca0d-4de6-a961-378c6a3b2890|10.1.0.5:15041, 7564b097-4325-4468-ae97-837bc55d7172|10.1.0.5:15059] with ContainerStateMachine:uninitialized
2024-01-26 21:34:18,210 [4166fb02-ca0d-4de6-a961-378c6a3b2890-groupManagement] INFO  server.RaftServerConfigKeys (ConfUtils.java:logGet(46)) - raft.server.rpc.timeout.min = 5s (custom)
2024-01-26 21:34:18,210 [4166fb02-ca0d-4de6-a961-378c6a3b2890-groupManagement] INFO  server.RaftServerConfigKeys (ConfUtils.java:logGet(46)) - raft.server.rpc.timeout.max = 5200ms (custom)
2024-01-26 21:34:18,210 [4166fb02-ca0d-4de6-a961-378c6a3b2890-groupManagement] INFO  server.RaftServerConfigKeys (ConfUtils.java:logGet(46)) - raft.server.rpc.sleep.time = 25ms (default)
2024-01-26 21:34:18,210 [4166fb02-ca0d-4de6-a961-378c6a3b2890-groupManagement] INFO  server.RaftServerConfigKeys (ConfUtils.java:logGet(46)) - raft.server.rpc.slowness.timeout = 300s (custom)
2024-01-26 21:34:18,210 [4166fb02-ca0d-4de6-a961-378c6a3b2890-groupManagement] INFO  server.RaftServerConfigKeys (ConfUtils.java:logGet(46)) - raft.server.leaderelection.leader.step-down.wait-time = 10s (default)
2024-01-26 21:34:18,210 [4166fb02-ca0d-4de6-a961-378c6a3b2890-groupManagement] INFO  server.RaftServerConfigKeys (ConfUtils.java:logGet(46)) - raft.server.leaderelection.member.majority-add = false (default)
2024-01-26 21:34:18,210 [4166fb02-ca0d-4de6-a961-378c6a3b2890-groupManagement] INFO  server.RaftServerConfigKeys (ConfUtils.java:logGet(46)) - raft.server.sleep.deviation.threshold = 300ms (default)
2024-01-26 21:34:18,210 [4166fb02-ca0d-4de6-a961-378c6a3b2890-groupManagement] INFO  server.RaftServer$Division (ServerState.java:<init>(113)) - 4166fb02-ca0d-4de6-a961-378c6a3b2890@group-6AEB2531D713: ConfigurationManager, init=-1: peers:[209e1d4e-6bc3-40d2-a53c-4015c1ab1ac0|10.1.0.5:15050, 4166fb02-ca0d-4de6-a961-378c6a3b2890|10.1.0.5:15041, 7564b097-4325-4468-ae97-837bc55d7172|10.1.0.5:15059]|listeners:[], old=null, confs=<EMPTY_MAP>
2024-01-26 21:34:18,211 [4166fb02-ca0d-4de6-a961-378c6a3b2890-groupManagement] INFO  server.RaftServerConfigKeys (ConfUtils.java:logGet(46)) - raft.server.notification.no-leader.timeout = 300s (custom)
2024-01-26 21:34:18,211 [4166fb02-ca0d-4de6-a961-378c6a3b2890-groupManagement] INFO  server.RaftServerConfigKeys (ConfUtils.java:logGet(46)) - raft.server.read.timeout = 10s (default)
2024-01-26 21:34:18,211 [4166fb02-ca0d-4de6-a961-378c6a3b2890-groupManagement] INFO  server.RaftServerConfigKeys (ConfUtils.java:logGet(46)) - raft.server.retrycache.expirytime = 600000ms (custom)
2024-01-26 21:34:18,211 [4166fb02-ca0d-4de6-a961-378c6a3b2890-groupManagement] INFO  server.RaftServerConfigKeys (ConfUtils.java:logGet(46)) - raft.server.retrycache.statistics.expirytime = 100ms (default)
2024-01-26 21:34:18,211 [4166fb02-ca0d-4de6-a961-378c6a3b2890-groupManagement] INFO  server.RaftServerConfigKeys (ConfUtils.java:logGet(46)) - raft.server.read.option = DEFAULT (default)
2024-01-26 21:34:18,211 [4166fb02-ca0d-4de6-a961-378c6a3b2890-groupManagement] INFO  server.RaftServerConfigKeys (ConfUtils.java:logGet(46)) - raft.server.read.read-after-write-consistent.write-index-cache.expiry-time = 60s (default)
2024-01-26 21:34:18,217 [4166fb02-ca0d-4de6-a961-378c6a3b2890-groupManagement] INFO  server.RaftServerConfigKeys (ConfUtils.java:logGet(46)) - raft.server.rpc.request.timeout = 60s (custom)
2024-01-26 21:34:18,220 [4166fb02-ca0d-4de6-a961-378c6a3b2890-groupManagement] INFO  server.RaftServerConfigKeys (ConfUtils.java:logGet(46)) - raft.server.log.appender.install.snapshot.enabled = false (custom)
2024-01-26 21:34:18,221 [4166fb02-ca0d-4de6-a961-378c6a3b2890-groupManagement] INFO  server.RaftServerConfigKeys (ConfUtils.java:logGet(46)) - raft.server.threadpool.server.cached = true (default)
2024-01-26 21:34:18,221 [4166fb02-ca0d-4de6-a961-378c6a3b2890-groupManagement] INFO  server.RaftServerConfigKeys (ConfUtils.java:logGet(46)) - raft.server.threadpool.server.size = 0 (default)
2024-01-26 21:34:18,221 [4166fb02-ca0d-4de6-a961-378c6a3b2890-groupManagement] INFO  server.RaftServerConfigKeys (ConfUtils.java:logGet(46)) - raft.server.threadpool.client.cached = true (default)
2024-01-26 21:34:18,221 [4166fb02-ca0d-4de6-a961-378c6a3b2890-groupManagement] INFO  server.RaftServerConfigKeys (ConfUtils.java:logGet(46)) - raft.server.threadpool.client.size = 0 (default)
2024-01-26 21:34:18,221 [4166fb02-ca0d-4de6-a961-378c6a3b2890-groupManagement] INFO  server.RaftServerConfigKeys (ConfUtils.java:logGet(46)) - raft.server.storage.free-space.min = 0MB (=0) (default)
2024-01-26 21:34:18,221 [4166fb02-ca0d-4de6-a961-378c6a3b2890-groupManagement] INFO  server.RaftServerConfigKeys (ConfUtils.java:logGet(46)) - raft.server.log.corruption.policy = EXCEPTION (default)
2024-01-26 21:34:18,221 [4166fb02-ca0d-4de6-a961-378c6a3b2890-groupManagement] INFO  server.RaftServerConfigKeys (ConfUtils.java:logGet(46)) - raft.server.storage.dir = [/home/runner/work/ozone/ozone/hadoop-ozone/integration-test/target/test-dir/MiniOzoneClusterImpl-1af845c4-9ad0-4304-ad21-7f4426eccdbd/datanode-3/data/ratis] (custom)
2024-01-26 21:34:18,222 [4166fb02-ca0d-4de6-a961-378c6a3b2890-groupManagement] INFO  storage.RaftStorageDirectory (RaftStorageDirectoryImpl.java:analyzeStorage(138)) - The storage directory /home/runner/work/ozone/ozone/hadoop-ozone/integration-test/target/test-dir/MiniOzoneClusterImpl-1af845c4-9ad0-4304-ad21-7f4426eccdbd/datanode-3/data/ratis/e8f02a36-9888-42d8-bc87-6aeb2531d713 does not exist. Creating ...
2024-01-26 21:34:18,222 [4166fb02-ca0d-4de6-a961-378c6a3b2890-groupManagement] INFO  storage.RaftStorageDirectory (RaftStorageDirectoryImpl.java:tryLock(228)) - Lock on /home/runner/work/ozone/ozone/hadoop-ozone/integration-test/target/test-dir/MiniOzoneClusterImpl-1af845c4-9ad0-4304-ad21-7f4426eccdbd/datanode-3/data/ratis/e8f02a36-9888-42d8-bc87-6aeb2531d713/in_use.lock acquired by nodename 39692@fv-az1566-86
2024-01-26 21:34:18,224 [4166fb02-ca0d-4de6-a961-378c6a3b2890-groupManagement] INFO  storage.RaftStorage (RaftStorageImpl.java:format(99)) - Storage directory /home/runner/work/ozone/ozone/hadoop-ozone/integration-test/target/test-dir/MiniOzoneClusterImpl-1af845c4-9ad0-4304-ad21-7f4426eccdbd/datanode-3/data/ratis/e8f02a36-9888-42d8-bc87-6aeb2531d713 has been successfully formatted.
2024-01-26 21:34:18,224 [4166fb02-ca0d-4de6-a961-378c6a3b2890-groupManagement] WARN  util.FileUtils (LogUtils.java:supplyAndLog(63)) - Failed to Files.newInputStream /home/runner/work/ozone/ozone/hadoop-ozone/integration-test/target/test-dir/MiniOzoneClusterImpl-1af845c4-9ad0-4304-ad21-7f4426eccdbd/datanode-3/data/ratis/e8f02a36-9888-42d8-bc87-6aeb2531d713/current/raft-meta.conf with options []: java.nio.file.NoSuchFileException: /home/runner/work/ozone/ozone/hadoop-ozone/integration-test/target/test-dir/MiniOzoneClusterImpl-1af845c4-9ad0-4304-ad21-7f4426eccdbd/datanode-3/data/ratis/e8f02a36-9888-42d8-bc87-6aeb2531d713/current/raft-meta.conf
2024-01-26 21:34:18,224 [4166fb02-ca0d-4de6-a961-378c6a3b2890-groupManagement] INFO  ratis.ContainerStateMachine (ContainerStateMachine.java:loadSnapshot(287)) - group-6AEB2531D713: The snapshot info is null. Setting the last applied index to:(t:0, i:~)
2024-01-26 21:34:18,224 [4166fb02-ca0d-4de6-a961-378c6a3b2890-groupManagement] INFO  server.RaftServerConfigKeys (ConfUtils.java:logGet(46)) - raft.server.log.use.memory = false (default)
2024-01-26 21:34:18,225 [4166fb02-ca0d-4de6-a961-378c6a3b2890-groupManagement] INFO  server.RaftServerConfigKeys (ConfUtils.java:logGet(46)) - raft.server.log.purge.gap = 1000000 (custom)
2024-01-26 21:34:18,225 [4166fb02-ca0d-4de6-a961-378c6a3b2890-groupManagement] INFO  server.RaftServerConfigKeys (ConfUtils.java:logGet(46)) - raft.server.log.appender.buffer.byte-limit = 8388608 (custom)
2024-01-26 21:34:18,225 [4166fb02-ca0d-4de6-a961-378c6a3b2890-groupManagement] INFO  server.RaftServerConfigKeys (ConfUtils.java:logGet(46)) - raft.server.log.statemachine.data.read.timeout = 1000ms (default)
2024-01-26 21:34:18,225 [4166fb02-ca0d-4de6-a961-378c6a3b2890-groupManagement] INFO  server.RaftServerConfigKeys (ConfUtils.java:logGet(46)) - raft.server.log.purge.preservation.log.num = 0 (default)
2024-01-26 21:34:18,226 [EventQueue-OpenPipelineForHealthyPipelineSafeModeRule] INFO  safemode.SCMSafeModeManager (HealthyPipelineSafeModeRule.java:process(140)) - SCM in safe mode. Healthy pipelines reported count is 0, required healthy pipeline reported count is 1
2024-01-26 21:34:18,229 [4166fb02-ca0d-4de6-a961-378c6a3b2890-groupManagement] INFO  server.RaftServerConfigKeys (ConfUtils.java:logGet(46)) - raft.server.log.segment.size.max = 67108864 (custom)
2024-01-26 21:34:18,229 [4166fb02-ca0d-4de6-a961-378c6a3b2890-groupManagement] INFO  server.RaftServerConfigKeys (ConfUtils.java:logGet(46)) - raft.server.log.segment.cache.num.max = 2 (custom)
2024-01-26 21:34:18,230 [4166fb02-ca0d-4de6-a961-378c6a3b2890-groupManagement] INFO  server.RaftServerConfigKeys (ConfUtils.java:logGet(46)) - raft.server.log.segment.cache.size.max = 200MB (=209715200) (default)
2024-01-26 21:34:18,230 [4166fb02-ca0d-4de6-a961-378c6a3b2890-groupManagement] INFO  server.RaftServerConfigKeys (ConfUtils.java:logGet(46)) - raft.server.log.appender.buffer.byte-limit = 8388608 (custom)
2024-01-26 21:34:18,231 [4166fb02-ca0d-4de6-a961-378c6a3b2890-groupManagement] INFO  util.AwaitToRun (AwaitToRun.java:start(81)) - Thread[4166fb02-ca0d-4de6-a961-378c6a3b2890@group-6AEB2531D713-cacheEviction-AwaitToRun,5,main] started
2024-01-26 21:34:18,231 [4166fb02-ca0d-4de6-a961-378c6a3b2890-groupManagement] INFO  segmented.SegmentedRaftLogWorker (SegmentedRaftLogWorker.java:<init>(182)) - new 4166fb02-ca0d-4de6-a961-378c6a3b2890@group-6AEB2531D713-SegmentedRaftLogWorker for RaftStorageImpl:Storage Directory /home/runner/work/ozone/ozone/hadoop-ozone/integration-test/target/test-dir/MiniOzoneClusterImpl-1af845c4-9ad0-4304-ad21-7f4426eccdbd/datanode-3/data/ratis/e8f02a36-9888-42d8-bc87-6aeb2531d713
2024-01-26 21:34:18,231 [4166fb02-ca0d-4de6-a961-378c6a3b2890-groupManagement] INFO  server.RaftServerConfigKeys (ConfUtils.java:logGet(46)) - raft.server.log.queue.byte-limit = 4294967296 (custom)
2024-01-26 21:34:18,231 [4166fb02-ca0d-4de6-a961-378c6a3b2890-groupManagement] INFO  server.RaftServerConfigKeys (ConfUtils.java:logGet(46)) - raft.server.log.queue.element-limit = 1024 (custom)
2024-01-26 21:34:18,231 [4166fb02-ca0d-4de6-a961-378c6a3b2890-groupManagement] INFO  server.RaftServerConfigKeys (ConfUtils.java:logGet(46)) - raft.server.log.segment.size.max = 67108864 (custom)
2024-01-26 21:34:18,231 [4166fb02-ca0d-4de6-a961-378c6a3b2890-groupManagement] INFO  server.RaftServerConfigKeys (ConfUtils.java:logGet(46)) - raft.server.log.preallocated.size = 4194304 (custom)
2024-01-26 21:34:18,231 [4166fb02-ca0d-4de6-a961-378c6a3b2890-groupManagement] INFO  server.RaftServerConfigKeys (ConfUtils.java:logGet(46)) - raft.server.log.force.sync.num = 128 (default)
2024-01-26 21:34:18,231 [4166fb02-ca0d-4de6-a961-378c6a3b2890-groupManagement] INFO  server.RaftServerConfigKeys (ConfUtils.java:logGet(46)) - raft.server.log.statemachine.data.sync = true (default)
2024-01-26 21:34:18,231 [4166fb02-ca0d-4de6-a961-378c6a3b2890-groupManagement] INFO  server.RaftServerConfigKeys (ConfUtils.java:logGet(46)) - raft.server.log.statemachine.data.sync.timeout = 10s (default)
2024-01-26 21:34:18,231 [4166fb02-ca0d-4de6-a961-378c6a3b2890-groupManagement] INFO  server.RaftServerConfigKeys (ConfUtils.java:logGet(46)) - raft.server.log.statemachine.data.sync.timeout.retry = 0 (custom)
2024-01-26 21:34:18,232 [4166fb02-ca0d-4de6-a961-378c6a3b2890-groupManagement] INFO  server.RaftServerConfigKeys (ConfUtils.java:logGet(46)) - raft.server.log.write.buffer.size = 8388616 (custom)
2024-01-26 21:34:18,234 [4166fb02-ca0d-4de6-a961-378c6a3b2890-groupManagement] INFO  server.RaftServerConfigKeys (ConfUtils.java:logGet(46)) - raft.server.log.appender.buffer.byte-limit = 8388608 (custom)
2024-01-26 21:34:18,234 [4166fb02-ca0d-4de6-a961-378c6a3b2890-groupManagement] INFO  server.RaftServerConfigKeys (ConfUtils.java:logGet(46)) - raft.server.log.unsafe-flush.enabled = false (default)
2024-01-26 21:34:18,234 [4166fb02-ca0d-4de6-a961-378c6a3b2890-groupManagement] INFO  server.RaftServerConfigKeys (ConfUtils.java:logGet(46)) - raft.server.log.async-flush.enabled = false (default)
2024-01-26 21:34:18,234 [4166fb02-ca0d-4de6-a961-378c6a3b2890-groupManagement] INFO  server.RaftServerConfigKeys (ConfUtils.java:logGet(46)) - raft.server.log.statemachine.data.caching.enabled = true (custom)
2024-01-26 21:34:18,234 [4166fb02-ca0d-4de6-a961-378c6a3b2890-groupManagement] INFO  segmented.SegmentedRaftLogWorker (SegmentedRaftLogWorker.java:lambda$new$0(134)) - 4166fb02-ca0d-4de6-a961-378c6a3b2890@group-6AEB2531D713-SegmentedRaftLogWorker: flushIndex: setUnconditionally 0 -> -1
2024-01-26 21:34:18,234 [4166fb02-ca0d-4de6-a961-378c6a3b2890-groupManagement] INFO  segmented.SegmentedRaftLogWorker (SegmentedRaftLogWorker.java:lambda$new$0(134)) - 4166fb02-ca0d-4de6-a961-378c6a3b2890@group-6AEB2531D713-SegmentedRaftLogWorker: safeCacheEvictIndex: setUnconditionally 0 -> -1
2024-01-26 21:34:18,237 [4166fb02-ca0d-4de6-a961-378c6a3b2890-groupManagement] INFO  server.RaftServer$Division (RaftServerImpl.java:start(396)) - 4166fb02-ca0d-4de6-a961-378c6a3b2890@group-6AEB2531D713: start as a follower, conf=-1: peers:[209e1d4e-6bc3-40d2-a53c-4015c1ab1ac0|10.1.0.5:15050, 4166fb02-ca0d-4de6-a961-378c6a3b2890|10.1.0.5:15041, 7564b097-4325-4468-ae97-837bc55d7172|10.1.0.5:15059]|listeners:[], old=null
2024-01-26 21:34:18,237 [4166fb02-ca0d-4de6-a961-378c6a3b2890-groupManagement] INFO  server.RaftServer$Division (RaftServerImpl.java:setRole(383)) - 4166fb02-ca0d-4de6-a961-378c6a3b2890@group-6AEB2531D713: changes role from      null to FOLLOWER at term 0 for startAsFollower
2024-01-26 21:34:18,237 [4166fb02-ca0d-4de6-a961-378c6a3b2890-groupManagement] INFO  impl.RoleInfo (RoleInfo.java:updateAndGet(139)) - 4166fb02-ca0d-4de6-a961-378c6a3b2890: start 4166fb02-ca0d-4de6-a961-378c6a3b2890@group-6AEB2531D713-FollowerState
2024-01-26 21:34:18,237 [4166fb02-ca0d-4de6-a961-378c6a3b2890-groupManagement] INFO  util.JmxRegister (JmxRegister.java:tryRegister(44)) - Successfully registered JMX Bean with object name Ratis:service=RaftServer,group=group-6AEB2531D713,id=4166fb02-ca0d-4de6-a961-378c6a3b2890
2024-01-26 21:34:18,237 [4166fb02-ca0d-4de6-a961-378c6a3b2890-groupManagement] INFO  server.RaftServerConfigKeys (ConfUtils.java:logGet(46)) - raft.server.snapshot.trigger-when-stop.enabled = true (default)
2024-01-26 21:34:18,237 [4166fb02-ca0d-4de6-a961-378c6a3b2890-groupManagement] INFO  server.RaftServerConfigKeys (ConfUtils.java:logGet(46)) - raft.server.snapshot.auto.trigger.enabled = true (custom)
2024-01-26 21:34:18,237 [4166fb02-ca0d-4de6-a961-378c6a3b2890-groupManagement] INFO  server.RaftServerConfigKeys (ConfUtils.java:logGet(46)) - raft.server.snapshot.auto.trigger.threshold = 10000 (custom)
2024-01-26 21:34:18,238 [4166fb02-ca0d-4de6-a961-378c6a3b2890-groupManagement] INFO  server.RaftServerConfigKeys (ConfUtils.java:logGet(46)) - raft.server.snapshot.retention.file.num = 5 (custom)
2024-01-26 21:34:18,238 [4166fb02-ca0d-4de6-a961-378c6a3b2890-groupManagement] INFO  server.RaftServerConfigKeys (ConfUtils.java:logGet(46)) - raft.server.log.purge.upto.snapshot.index = false (default)
2024-01-26 21:34:18,239 [4166fb02-ca0d-4de6-a961-378c6a3b2890@group-6AEB2531D713-FollowerState] INFO  server.RaftServerConfigKeys (ConfUtils.java:logFallback(53)) - raft.server.rpc.first-election.timeout.min = 5s (fallback to raft.server.rpc.timeout.min)
2024-01-26 21:34:18,239 [4166fb02-ca0d-4de6-a961-378c6a3b2890@group-6AEB2531D713-FollowerState] INFO  server.RaftServerConfigKeys (ConfUtils.java:logFallback(53)) - raft.server.rpc.first-election.timeout.max = 5200ms (fallback to raft.server.rpc.timeout.max)
2024-01-26 21:34:18,239 [4166fb02-ca0d-4de6-a961-378c6a3b2890-PipelineCommandHandlerThread-0] INFO  ratis.XceiverServerRatis (XceiverServerRatis.java:addGroup(842)) - Created group PipelineID=e8f02a36-9888-42d8-bc87-6aeb2531d713
2024-01-26 21:34:18,335 [209e1d4e-6bc3-40d2-a53c-4015c1ab1ac0-PipelineCommandHandlerThread-0] INFO  server.RaftServer (RaftServerProxy.java:addNew(100)) - 209e1d4e-6bc3-40d2-a53c-4015c1ab1ac0: addNew group-87764B08ED82:[209e1d4e-6bc3-40d2-a53c-4015c1ab1ac0|10.1.0.5:15050] returns group-87764B08ED82:java.util.concurrent.CompletableFuture@6ba8e6bb[Not completed]
2024-01-26 21:34:18,340 [209e1d4e-6bc3-40d2-a53c-4015c1ab1ac0-groupManagement] INFO  server.RaftServer$Division (RaftServerImpl.java:<init>(256)) - 209e1d4e-6bc3-40d2-a53c-4015c1ab1ac0: new RaftServerImpl for group-87764B08ED82:[209e1d4e-6bc3-40d2-a53c-4015c1ab1ac0|10.1.0.5:15050] with ContainerStateMachine:uninitialized
2024-01-26 21:34:18,340 [209e1d4e-6bc3-40d2-a53c-4015c1ab1ac0-groupManagement] INFO  server.RaftServerConfigKeys (ConfUtils.java:logGet(46)) - raft.server.rpc.timeout.min = 5s (custom)
2024-01-26 21:34:18,340 [209e1d4e-6bc3-40d2-a53c-4015c1ab1ac0-groupManagement] INFO  server.RaftServerConfigKeys (ConfUtils.java:logGet(46)) - raft.server.rpc.timeout.max = 5200ms (custom)
2024-01-26 21:34:18,341 [209e1d4e-6bc3-40d2-a53c-4015c1ab1ac0-groupManagement] INFO  server.RaftServerConfigKeys (ConfUtils.java:logGet(46)) - raft.server.rpc.sleep.time = 25ms (default)
2024-01-26 21:34:18,341 [209e1d4e-6bc3-40d2-a53c-4015c1ab1ac0-groupManagement] INFO  server.RaftServerConfigKeys (ConfUtils.java:logGet(46)) - raft.server.rpc.slowness.timeout = 300s (custom)
2024-01-26 21:34:18,341 [209e1d4e-6bc3-40d2-a53c-4015c1ab1ac0-groupManagement] INFO  server.RaftServerConfigKeys (ConfUtils.java:logGet(46)) - raft.server.leaderelection.leader.step-down.wait-time = 10s (default)
2024-01-26 21:34:18,341 [209e1d4e-6bc3-40d2-a53c-4015c1ab1ac0-groupManagement] INFO  server.RaftServerConfigKeys (ConfUtils.java:logGet(46)) - raft.server.leaderelection.member.majority-add = false (default)
2024-01-26 21:34:18,341 [209e1d4e-6bc3-40d2-a53c-4015c1ab1ac0-groupManagement] INFO  server.RaftServerConfigKeys (ConfUtils.java:logGet(46)) - raft.server.sleep.deviation.threshold = 300ms (default)
2024-01-26 21:34:18,341 [209e1d4e-6bc3-40d2-a53c-4015c1ab1ac0-groupManagement] INFO  server.RaftServer$Division (ServerState.java:<init>(113)) - 209e1d4e-6bc3-40d2-a53c-4015c1ab1ac0@group-87764B08ED82: ConfigurationManager, init=-1: peers:[209e1d4e-6bc3-40d2-a53c-4015c1ab1ac0|10.1.0.5:15050]|listeners:[], old=null, confs=<EMPTY_MAP>
2024-01-26 21:34:18,341 [209e1d4e-6bc3-40d2-a53c-4015c1ab1ac0-groupManagement] INFO  server.RaftServerConfigKeys (ConfUtils.java:logGet(46)) - raft.server.notification.no-leader.timeout = 300s (custom)
2024-01-26 21:34:18,341 [209e1d4e-6bc3-40d2-a53c-4015c1ab1ac0-groupManagement] INFO  server.RaftServerConfigKeys (ConfUtils.java:logGet(46)) - raft.server.read.timeout = 10s (default)
2024-01-26 21:34:18,342 [209e1d4e-6bc3-40d2-a53c-4015c1ab1ac0-groupManagement] INFO  server.RaftServerConfigKeys (ConfUtils.java:logGet(46)) - raft.server.retrycache.expirytime = 600000ms (custom)
2024-01-26 21:34:18,342 [209e1d4e-6bc3-40d2-a53c-4015c1ab1ac0-groupManagement] INFO  server.RaftServerConfigKeys (ConfUtils.java:logGet(46)) - raft.server.retrycache.statistics.expirytime = 100ms (default)
2024-01-26 21:34:18,342 [209e1d4e-6bc3-40d2-a53c-4015c1ab1ac0-groupManagement] INFO  server.RaftServerConfigKeys (ConfUtils.java:logGet(46)) - raft.server.read.option = DEFAULT (default)
2024-01-26 21:34:18,342 [209e1d4e-6bc3-40d2-a53c-4015c1ab1ac0-groupManagement] INFO  server.RaftServerConfigKeys (ConfUtils.java:logGet(46)) - raft.server.read.read-after-write-consistent.write-index-cache.expiry-time = 60s (default)
2024-01-26 21:34:18,354 [209e1d4e-6bc3-40d2-a53c-4015c1ab1ac0-groupManagement] INFO  server.RaftServerConfigKeys (ConfUtils.java:logGet(46)) - raft.server.rpc.request.timeout = 60s (custom)
2024-01-26 21:34:18,354 [209e1d4e-6bc3-40d2-a53c-4015c1ab1ac0-groupManagement] INFO  server.RaftServerConfigKeys (ConfUtils.java:logGet(46)) - raft.server.log.appender.install.snapshot.enabled = false (custom)
2024-01-26 21:34:18,354 [209e1d4e-6bc3-40d2-a53c-4015c1ab1ac0-groupManagement] INFO  server.RaftServerConfigKeys (ConfUtils.java:logGet(46)) - raft.server.threadpool.server.cached = true (default)
2024-01-26 21:34:18,354 [209e1d4e-6bc3-40d2-a53c-4015c1ab1ac0-groupManagement] INFO  server.RaftServerConfigKeys (ConfUtils.java:logGet(46)) - raft.server.threadpool.server.size = 0 (default)
2024-01-26 21:34:18,354 [209e1d4e-6bc3-40d2-a53c-4015c1ab1ac0-groupManagement] INFO  server.RaftServerConfigKeys (ConfUtils.java:logGet(46)) - raft.server.threadpool.client.cached = true (default)
2024-01-26 21:34:18,354 [209e1d4e-6bc3-40d2-a53c-4015c1ab1ac0-groupManagement] INFO  server.RaftServerConfigKeys (ConfUtils.java:logGet(46)) - raft.server.threadpool.client.size = 0 (default)
2024-01-26 21:34:18,354 [209e1d4e-6bc3-40d2-a53c-4015c1ab1ac0-groupManagement] INFO  server.RaftServerConfigKeys (ConfUtils.java:logGet(46)) - raft.server.storage.free-space.min = 0MB (=0) (default)
2024-01-26 21:34:18,354 [209e1d4e-6bc3-40d2-a53c-4015c1ab1ac0-groupManagement] INFO  server.RaftServerConfigKeys (ConfUtils.java:logGet(46)) - raft.server.log.corruption.policy = EXCEPTION (default)
2024-01-26 21:34:18,354 [209e1d4e-6bc3-40d2-a53c-4015c1ab1ac0-groupManagement] INFO  server.RaftServerConfigKeys (ConfUtils.java:logGet(46)) - raft.server.storage.dir = [/home/runner/work/ozone/ozone/hadoop-ozone/integration-test/target/test-dir/MiniOzoneClusterImpl-1af845c4-9ad0-4304-ad21-7f4426eccdbd/datanode-4/data/ratis] (custom)
2024-01-26 21:34:18,355 [209e1d4e-6bc3-40d2-a53c-4015c1ab1ac0-groupManagement] INFO  storage.RaftStorageDirectory (RaftStorageDirectoryImpl.java:analyzeStorage(138)) - The storage directory /home/runner/work/ozone/ozone/hadoop-ozone/integration-test/target/test-dir/MiniOzoneClusterImpl-1af845c4-9ad0-4304-ad21-7f4426eccdbd/datanode-4/data/ratis/161c742c-fe81-4030-83f8-87764b08ed82 does not exist. Creating ...
2024-01-26 21:34:18,356 [209e1d4e-6bc3-40d2-a53c-4015c1ab1ac0-groupManagement] INFO  storage.RaftStorageDirectory (RaftStorageDirectoryImpl.java:tryLock(228)) - Lock on /home/runner/work/ozone/ozone/hadoop-ozone/integration-test/target/test-dir/MiniOzoneClusterImpl-1af845c4-9ad0-4304-ad21-7f4426eccdbd/datanode-4/data/ratis/161c742c-fe81-4030-83f8-87764b08ed82/in_use.lock acquired by nodename 39692@fv-az1566-86
2024-01-26 21:34:18,357 [209e1d4e-6bc3-40d2-a53c-4015c1ab1ac0-groupManagement] INFO  storage.RaftStorage (RaftStorageImpl.java:format(99)) - Storage directory /home/runner/work/ozone/ozone/hadoop-ozone/integration-test/target/test-dir/MiniOzoneClusterImpl-1af845c4-9ad0-4304-ad21-7f4426eccdbd/datanode-4/data/ratis/161c742c-fe81-4030-83f8-87764b08ed82 has been successfully formatted.
2024-01-26 21:34:18,357 [209e1d4e-6bc3-40d2-a53c-4015c1ab1ac0-groupManagement] WARN  util.FileUtils (LogUtils.java:supplyAndLog(63)) - Failed to Files.newInputStream /home/runner/work/ozone/ozone/hadoop-ozone/integration-test/target/test-dir/MiniOzoneClusterImpl-1af845c4-9ad0-4304-ad21-7f4426eccdbd/datanode-4/data/ratis/161c742c-fe81-4030-83f8-87764b08ed82/current/raft-meta.conf with options []: java.nio.file.NoSuchFileException: /home/runner/work/ozone/ozone/hadoop-ozone/integration-test/target/test-dir/MiniOzoneClusterImpl-1af845c4-9ad0-4304-ad21-7f4426eccdbd/datanode-4/data/ratis/161c742c-fe81-4030-83f8-87764b08ed82/current/raft-meta.conf
2024-01-26 21:34:18,360 [209e1d4e-6bc3-40d2-a53c-4015c1ab1ac0-groupManagement] INFO  ratis.ContainerStateMachine (ContainerStateMachine.java:loadSnapshot(287)) - group-87764B08ED82: The snapshot info is null. Setting the last applied index to:(t:0, i:~)
2024-01-26 21:34:18,361 [209e1d4e-6bc3-40d2-a53c-4015c1ab1ac0-groupManagement] INFO  server.RaftServerConfigKeys (ConfUtils.java:logGet(46)) - raft.server.log.use.memory = false (default)
2024-01-26 21:34:18,361 [209e1d4e-6bc3-40d2-a53c-4015c1ab1ac0-groupManagement] INFO  server.RaftServerConfigKeys (ConfUtils.java:logGet(46)) - raft.server.log.purge.gap = 1000000 (custom)
2024-01-26 21:34:18,361 [209e1d4e-6bc3-40d2-a53c-4015c1ab1ac0-groupManagement] INFO  server.RaftServerConfigKeys (ConfUtils.java:logGet(46)) - raft.server.log.appender.buffer.byte-limit = 8388608 (custom)
2024-01-26 21:34:18,361 [209e1d4e-6bc3-40d2-a53c-4015c1ab1ac0-groupManagement] INFO  server.RaftServerConfigKeys (ConfUtils.java:logGet(46)) - raft.server.log.statemachine.data.read.timeout = 1000ms (default)
2024-01-26 21:34:18,361 [209e1d4e-6bc3-40d2-a53c-4015c1ab1ac0-groupManagement] INFO  server.RaftServerConfigKeys (ConfUtils.java:logGet(46)) - raft.server.log.purge.preservation.log.num = 0 (default)
2024-01-26 21:34:18,362 [EventQueue-PipelineReportForPipelineReportHandler] INFO  pipeline.PipelineReportHandler (PipelineReportHandler.java:processPipelineReport(136)) - Opened pipeline PipelineID=161c742c-fe81-4030-83f8-87764b08ed82
2024-01-26 21:34:18,362 [EventQueue-OpenPipelineForHealthyPipelineSafeModeRule] INFO  safemode.SCMSafeModeManager (HealthyPipelineSafeModeRule.java:process(140)) - SCM in safe mode. Healthy pipelines reported count is 0, required healthy pipeline reported count is 1
2024-01-26 21:34:18,365 [209e1d4e-6bc3-40d2-a53c-4015c1ab1ac0-groupManagement] INFO  server.RaftServerConfigKeys (ConfUtils.java:logGet(46)) - raft.server.log.segment.size.max = 67108864 (custom)
2024-01-26 21:34:18,366 [209e1d4e-6bc3-40d2-a53c-4015c1ab1ac0-groupManagement] INFO  server.RaftServerConfigKeys (ConfUtils.java:logGet(46)) - raft.server.log.segment.cache.num.max = 2 (custom)
2024-01-26 21:34:18,366 [209e1d4e-6bc3-40d2-a53c-4015c1ab1ac0-groupManagement] INFO  server.RaftServerConfigKeys (ConfUtils.java:logGet(46)) - raft.server.log.segment.cache.size.max = 200MB (=209715200) (default)
2024-01-26 21:34:18,366 [209e1d4e-6bc3-40d2-a53c-4015c1ab1ac0-groupManagement] INFO  server.RaftServerConfigKeys (ConfUtils.java:logGet(46)) - raft.server.log.appender.buffer.byte-limit = 8388608 (custom)
2024-01-26 21:34:18,368 [main] INFO  ozone.MiniOzoneClusterImpl (MiniOzoneClusterImpl.java:lambda$waitForClusterToBeReady$0(229)) - Nodes are ready. Got 14 of 14 DN Heartbeats.
2024-01-26 21:34:18,368 [main] INFO  ozone.MiniOzoneClusterImpl (MiniOzoneClusterImpl.java:lambda$waitForClusterToBeReady$0(232)) - Waiting for cluster to exit safe mode
2024-01-26 21:34:18,369 [main] INFO  ozone.MiniOzoneClusterImpl (MiniOzoneClusterImpl.java:lambda$waitForClusterToBeReady$0(234)) - SCM became leader
2024-01-26 21:34:18,388 [209e1d4e-6bc3-40d2-a53c-4015c1ab1ac0-groupManagement] INFO  util.AwaitToRun (AwaitToRun.java:start(81)) - Thread[209e1d4e-6bc3-40d2-a53c-4015c1ab1ac0@group-87764B08ED82-cacheEviction-AwaitToRun,5,main] started
2024-01-26 21:34:18,388 [209e1d4e-6bc3-40d2-a53c-4015c1ab1ac0-groupManagement] INFO  segmented.SegmentedRaftLogWorker (SegmentedRaftLogWorker.java:<init>(182)) - new 209e1d4e-6bc3-40d2-a53c-4015c1ab1ac0@group-87764B08ED82-SegmentedRaftLogWorker for RaftStorageImpl:Storage Directory /home/runner/work/ozone/ozone/hadoop-ozone/integration-test/target/test-dir/MiniOzoneClusterImpl-1af845c4-9ad0-4304-ad21-7f4426eccdbd/datanode-4/data/ratis/161c742c-fe81-4030-83f8-87764b08ed82
2024-01-26 21:34:18,388 [209e1d4e-6bc3-40d2-a53c-4015c1ab1ac0-groupManagement] INFO  server.RaftServerConfigKeys (ConfUtils.java:logGet(46)) - raft.server.log.queue.byte-limit = 4294967296 (custom)
2024-01-26 21:34:18,388 [209e1d4e-6bc3-40d2-a53c-4015c1ab1ac0-groupManagement] INFO  server.RaftServerConfigKeys (ConfUtils.java:logGet(46)) - raft.server.log.queue.element-limit = 1024 (custom)
2024-01-26 21:34:18,388 [209e1d4e-6bc3-40d2-a53c-4015c1ab1ac0-groupManagement] INFO  server.RaftServerConfigKeys (ConfUtils.java:logGet(46)) - raft.server.log.segment.size.max = 67108864 (custom)
2024-01-26 21:34:18,388 [209e1d4e-6bc3-40d2-a53c-4015c1ab1ac0-groupManagement] INFO  server.RaftServerConfigKeys (ConfUtils.java:logGet(46)) - raft.server.log.preallocated.size = 4194304 (custom)
2024-01-26 21:34:18,388 [209e1d4e-6bc3-40d2-a53c-4015c1ab1ac0-groupManagement] INFO  server.RaftServerConfigKeys (ConfUtils.java:logGet(46)) - raft.server.log.force.sync.num = 128 (default)
2024-01-26 21:34:18,388 [209e1d4e-6bc3-40d2-a53c-4015c1ab1ac0-groupManagement] INFO  server.RaftServerConfigKeys (ConfUtils.java:logGet(46)) - raft.server.log.statemachine.data.sync = true (default)
2024-01-26 21:34:18,388 [209e1d4e-6bc3-40d2-a53c-4015c1ab1ac0-groupManagement] INFO  server.RaftServerConfigKeys (ConfUtils.java:logGet(46)) - raft.server.log.statemachine.data.sync.timeout = 10s (default)
2024-01-26 21:34:18,388 [209e1d4e-6bc3-40d2-a53c-4015c1ab1ac0-groupManagement] INFO  server.RaftServerConfigKeys (ConfUtils.java:logGet(46)) - raft.server.log.statemachine.data.sync.timeout.retry = 0 (custom)
2024-01-26 21:34:18,389 [209e1d4e-6bc3-40d2-a53c-4015c1ab1ac0-groupManagement] INFO  server.RaftServerConfigKeys (ConfUtils.java:logGet(46)) - raft.server.log.write.buffer.size = 8388616 (custom)
2024-01-26 21:34:18,394 [209e1d4e-6bc3-40d2-a53c-4015c1ab1ac0-groupManagement] INFO  server.RaftServerConfigKeys (ConfUtils.java:logGet(46)) - raft.server.log.appender.buffer.byte-limit = 8388608 (custom)
2024-01-26 21:34:18,394 [209e1d4e-6bc3-40d2-a53c-4015c1ab1ac0-groupManagement] INFO  server.RaftServerConfigKeys (ConfUtils.java:logGet(46)) - raft.server.log.unsafe-flush.enabled = false (default)
2024-01-26 21:34:18,394 [209e1d4e-6bc3-40d2-a53c-4015c1ab1ac0-groupManagement] INFO  server.RaftServerConfigKeys (ConfUtils.java:logGet(46)) - raft.server.log.async-flush.enabled = false (default)
2024-01-26 21:34:18,394 [209e1d4e-6bc3-40d2-a53c-4015c1ab1ac0-groupManagement] INFO  server.RaftServerConfigKeys (ConfUtils.java:logGet(46)) - raft.server.log.statemachine.data.caching.enabled = true (custom)
2024-01-26 21:34:18,394 [209e1d4e-6bc3-40d2-a53c-4015c1ab1ac0-groupManagement] INFO  segmented.SegmentedRaftLogWorker (SegmentedRaftLogWorker.java:lambda$new$0(134)) - 209e1d4e-6bc3-40d2-a53c-4015c1ab1ac0@group-87764B08ED82-SegmentedRaftLogWorker: flushIndex: setUnconditionally 0 -> -1
2024-01-26 21:34:18,394 [209e1d4e-6bc3-40d2-a53c-4015c1ab1ac0-groupManagement] INFO  segmented.SegmentedRaftLogWorker (SegmentedRaftLogWorker.java:lambda$new$0(134)) - 209e1d4e-6bc3-40d2-a53c-4015c1ab1ac0@group-87764B08ED82-SegmentedRaftLogWorker: safeCacheEvictIndex: setUnconditionally 0 -> -1
2024-01-26 21:34:18,394 [209e1d4e-6bc3-40d2-a53c-4015c1ab1ac0-groupManagement] INFO  server.RaftServer$Division (RaftServerImpl.java:start(396)) - 209e1d4e-6bc3-40d2-a53c-4015c1ab1ac0@group-87764B08ED82: start as a follower, conf=-1: peers:[209e1d4e-6bc3-40d2-a53c-4015c1ab1ac0|10.1.0.5:15050]|listeners:[], old=null
2024-01-26 21:34:18,394 [209e1d4e-6bc3-40d2-a53c-4015c1ab1ac0-groupManagement] INFO  server.RaftServer$Division (RaftServerImpl.java:setRole(383)) - 209e1d4e-6bc3-40d2-a53c-4015c1ab1ac0@group-87764B08ED82: changes role from      null to FOLLOWER at term 0 for startAsFollower
2024-01-26 21:34:18,394 [209e1d4e-6bc3-40d2-a53c-4015c1ab1ac0-groupManagement] INFO  impl.RoleInfo (RoleInfo.java:updateAndGet(139)) - 209e1d4e-6bc3-40d2-a53c-4015c1ab1ac0: start 209e1d4e-6bc3-40d2-a53c-4015c1ab1ac0@group-87764B08ED82-FollowerState
2024-01-26 21:34:18,395 [209e1d4e-6bc3-40d2-a53c-4015c1ab1ac0-groupManagement] INFO  util.JmxRegister (JmxRegister.java:tryRegister(44)) - Successfully registered JMX Bean with object name Ratis:service=RaftServer,group=group-87764B08ED82,id=209e1d4e-6bc3-40d2-a53c-4015c1ab1ac0
2024-01-26 21:34:18,395 [209e1d4e-6bc3-40d2-a53c-4015c1ab1ac0-groupManagement] INFO  server.RaftServerConfigKeys (ConfUtils.java:logGet(46)) - raft.server.snapshot.trigger-when-stop.enabled = true (default)
2024-01-26 21:34:18,395 [209e1d4e-6bc3-40d2-a53c-4015c1ab1ac0-groupManagement] INFO  server.RaftServerConfigKeys (ConfUtils.java:logGet(46)) - raft.server.snapshot.auto.trigger.enabled = true (custom)
2024-01-26 21:34:18,395 [209e1d4e-6bc3-40d2-a53c-4015c1ab1ac0-groupManagement] INFO  server.RaftServerConfigKeys (ConfUtils.java:logGet(46)) - raft.server.snapshot.auto.trigger.threshold = 10000 (custom)
2024-01-26 21:34:18,395 [209e1d4e-6bc3-40d2-a53c-4015c1ab1ac0-groupManagement] INFO  server.RaftServerConfigKeys (ConfUtils.java:logGet(46)) - raft.server.snapshot.retention.file.num = 5 (custom)
2024-01-26 21:34:18,399 [209e1d4e-6bc3-40d2-a53c-4015c1ab1ac0-groupManagement] INFO  server.RaftServerConfigKeys (ConfUtils.java:logGet(46)) - raft.server.log.purge.upto.snapshot.index = false (default)
2024-01-26 21:34:18,397 [209e1d4e-6bc3-40d2-a53c-4015c1ab1ac0@group-87764B08ED82-FollowerState] INFO  server.RaftServerConfigKeys (ConfUtils.java:logFallback(53)) - raft.server.rpc.first-election.timeout.min = 5s (fallback to raft.server.rpc.timeout.min)
2024-01-26 21:34:18,399 [209e1d4e-6bc3-40d2-a53c-4015c1ab1ac0@group-87764B08ED82-FollowerState] INFO  server.RaftServerConfigKeys (ConfUtils.java:logFallback(53)) - raft.server.rpc.first-election.timeout.max = 5200ms (fallback to raft.server.rpc.timeout.max)
2024-01-26 21:34:18,406 [209e1d4e-6bc3-40d2-a53c-4015c1ab1ac0-PipelineCommandHandlerThread-0] INFO  ratis.XceiverServerRatis (XceiverServerRatis.java:addGroup(842)) - Created group PipelineID=161c742c-fe81-4030-83f8-87764b08ed82
2024-01-26 21:34:18,406 [209e1d4e-6bc3-40d2-a53c-4015c1ab1ac0-PipelineCommandHandlerThread-0] INFO  commandhandler.CreatePipelineCommandHandler (CreatePipelineCommandHandler.java:lambda$handle$2(124)) - Created Pipeline RATIS ONE PipelineID=161c742c-fe81-4030-83f8-87764b08ed82.
2024-01-26 21:34:18,406 [209e1d4e-6bc3-40d2-a53c-4015c1ab1ac0-PipelineCommandHandlerThread-0] INFO  server.RaftServer (RaftServerProxy.java:addNew(100)) - 209e1d4e-6bc3-40d2-a53c-4015c1ab1ac0: addNew group-6AEB2531D713:[209e1d4e-6bc3-40d2-a53c-4015c1ab1ac0|10.1.0.5:15050, 4166fb02-ca0d-4de6-a961-378c6a3b2890|10.1.0.5:15041, 7564b097-4325-4468-ae97-837bc55d7172|10.1.0.5:15059] returns group-6AEB2531D713:java.util.concurrent.CompletableFuture@6f977f16[Not completed]
2024-01-26 21:34:18,407 [209e1d4e-6bc3-40d2-a53c-4015c1ab1ac0-groupManagement] INFO  server.RaftServer$Division (RaftServerImpl.java:<init>(256)) - 209e1d4e-6bc3-40d2-a53c-4015c1ab1ac0: new RaftServerImpl for group-6AEB2531D713:[209e1d4e-6bc3-40d2-a53c-4015c1ab1ac0|10.1.0.5:15050, 4166fb02-ca0d-4de6-a961-378c6a3b2890|10.1.0.5:15041, 7564b097-4325-4468-ae97-837bc55d7172|10.1.0.5:15059] with ContainerStateMachine:uninitialized
2024-01-26 21:34:18,407 [209e1d4e-6bc3-40d2-a53c-4015c1ab1ac0-groupManagement] INFO  server.RaftServerConfigKeys (ConfUtils.java:logGet(46)) - raft.server.rpc.timeout.min = 5s (custom)
2024-01-26 21:34:18,407 [209e1d4e-6bc3-40d2-a53c-4015c1ab1ac0-groupManagement] INFO  server.RaftServerConfigKeys (ConfUtils.java:logGet(46)) - raft.server.rpc.timeout.max = 5200ms (custom)
2024-01-26 21:34:18,408 [209e1d4e-6bc3-40d2-a53c-4015c1ab1ac0-groupManagement] INFO  server.RaftServerConfigKeys (ConfUtils.java:logGet(46)) - raft.server.rpc.sleep.time = 25ms (default)
2024-01-26 21:34:18,408 [209e1d4e-6bc3-40d2-a53c-4015c1ab1ac0-groupManagement] INFO  server.RaftServerConfigKeys (ConfUtils.java:logGet(46)) - raft.server.rpc.slowness.timeout = 300s (custom)
2024-01-26 21:34:18,408 [209e1d4e-6bc3-40d2-a53c-4015c1ab1ac0-groupManagement] INFO  server.RaftServerConfigKeys (ConfUtils.java:logGet(46)) - raft.server.leaderelection.leader.step-down.wait-time = 10s (default)
2024-01-26 21:34:18,408 [209e1d4e-6bc3-40d2-a53c-4015c1ab1ac0-groupManagement] INFO  server.RaftServerConfigKeys (ConfUtils.java:logGet(46)) - raft.server.leaderelection.member.majority-add = false (default)
2024-01-26 21:34:18,408 [209e1d4e-6bc3-40d2-a53c-4015c1ab1ac0-groupManagement] INFO  server.RaftServerConfigKeys (ConfUtils.java:logGet(46)) - raft.server.sleep.deviation.threshold = 300ms (default)
2024-01-26 21:34:18,408 [209e1d4e-6bc3-40d2-a53c-4015c1ab1ac0-groupManagement] INFO  server.RaftServer$Division (ServerState.java:<init>(113)) - 209e1d4e-6bc3-40d2-a53c-4015c1ab1ac0@group-6AEB2531D713: ConfigurationManager, init=-1: peers:[209e1d4e-6bc3-40d2-a53c-4015c1ab1ac0|10.1.0.5:15050, 4166fb02-ca0d-4de6-a961-378c6a3b2890|10.1.0.5:15041, 7564b097-4325-4468-ae97-837bc55d7172|10.1.0.5:15059]|listeners:[], old=null, confs=<EMPTY_MAP>
2024-01-26 21:34:18,408 [209e1d4e-6bc3-40d2-a53c-4015c1ab1ac0-groupManagement] INFO  server.RaftServerConfigKeys (ConfUtils.java:logGet(46)) - raft.server.notification.no-leader.timeout = 300s (custom)
2024-01-26 21:34:18,408 [209e1d4e-6bc3-40d2-a53c-4015c1ab1ac0-groupManagement] INFO  server.RaftServerConfigKeys (ConfUtils.java:logGet(46)) - raft.server.read.timeout = 10s (default)
2024-01-26 21:34:18,408 [209e1d4e-6bc3-40d2-a53c-4015c1ab1ac0-groupManagement] INFO  server.RaftServerConfigKeys (ConfUtils.java:logGet(46)) - raft.server.retrycache.expirytime = 600000ms (custom)
2024-01-26 21:34:18,408 [209e1d4e-6bc3-40d2-a53c-4015c1ab1ac0-groupManagement] INFO  server.RaftServerConfigKeys (ConfUtils.java:logGet(46)) - raft.server.retrycache.statistics.expirytime = 100ms (default)
2024-01-26 21:34:18,408 [209e1d4e-6bc3-40d2-a53c-4015c1ab1ac0-groupManagement] INFO  server.RaftServerConfigKeys (ConfUtils.java:logGet(46)) - raft.server.read.option = DEFAULT (default)
2024-01-26 21:34:18,408 [209e1d4e-6bc3-40d2-a53c-4015c1ab1ac0-groupManagement] INFO  server.RaftServerConfigKeys (ConfUtils.java:logGet(46)) - raft.server.read.read-after-write-consistent.write-index-cache.expiry-time = 60s (default)
2024-01-26 21:34:18,424 [209e1d4e-6bc3-40d2-a53c-4015c1ab1ac0-groupManagement] INFO  server.RaftServerConfigKeys (ConfUtils.java:logGet(46)) - raft.server.rpc.request.timeout = 60s (custom)
2024-01-26 21:34:18,424 [209e1d4e-6bc3-40d2-a53c-4015c1ab1ac0-groupManagement] INFO  server.RaftServerConfigKeys (ConfUtils.java:logGet(46)) - raft.server.log.appender.install.snapshot.enabled = false (custom)
2024-01-26 21:34:18,424 [209e1d4e-6bc3-40d2-a53c-4015c1ab1ac0-groupManagement] INFO  server.RaftServerConfigKeys (ConfUtils.java:logGet(46)) - raft.server.threadpool.server.cached = true (default)
2024-01-26 21:34:18,425 [209e1d4e-6bc3-40d2-a53c-4015c1ab1ac0-groupManagement] INFO  server.RaftServerConfigKeys (ConfUtils.java:logGet(46)) - raft.server.threadpool.server.size = 0 (default)
2024-01-26 21:34:18,425 [209e1d4e-6bc3-40d2-a53c-4015c1ab1ac0-groupManagement] INFO  server.RaftServerConfigKeys (ConfUtils.java:logGet(46)) - raft.server.threadpool.client.cached = true (default)
2024-01-26 21:34:18,425 [209e1d4e-6bc3-40d2-a53c-4015c1ab1ac0-groupManagement] INFO  server.RaftServerConfigKeys (ConfUtils.java:logGet(46)) - raft.server.threadpool.client.size = 0 (default)
2024-01-26 21:34:18,425 [209e1d4e-6bc3-40d2-a53c-4015c1ab1ac0-groupManagement] INFO  server.RaftServerConfigKeys (ConfUtils.java:logGet(46)) - raft.server.storage.free-space.min = 0MB (=0) (default)
2024-01-26 21:34:18,425 [209e1d4e-6bc3-40d2-a53c-4015c1ab1ac0-groupManagement] INFO  server.RaftServerConfigKeys (ConfUtils.java:logGet(46)) - raft.server.log.corruption.policy = EXCEPTION (default)
2024-01-26 21:34:18,426 [209e1d4e-6bc3-40d2-a53c-4015c1ab1ac0-groupManagement] INFO  server.RaftServerConfigKeys (ConfUtils.java:logGet(46)) - raft.server.storage.dir = [/home/runner/work/ozone/ozone/hadoop-ozone/integration-test/target/test-dir/MiniOzoneClusterImpl-1af845c4-9ad0-4304-ad21-7f4426eccdbd/datanode-4/data/ratis] (custom)
2024-01-26 21:34:18,426 [209e1d4e-6bc3-40d2-a53c-4015c1ab1ac0-groupManagement] INFO  storage.RaftStorageDirectory (RaftStorageDirectoryImpl.java:analyzeStorage(138)) - The storage directory /home/runner/work/ozone/ozone/hadoop-ozone/integration-test/target/test-dir/MiniOzoneClusterImpl-1af845c4-9ad0-4304-ad21-7f4426eccdbd/datanode-4/data/ratis/e8f02a36-9888-42d8-bc87-6aeb2531d713 does not exist. Creating ...
2024-01-26 21:34:18,430 [209e1d4e-6bc3-40d2-a53c-4015c1ab1ac0-groupManagement] INFO  storage.RaftStorageDirectory (RaftStorageDirectoryImpl.java:tryLock(228)) - Lock on /home/runner/work/ozone/ozone/hadoop-ozone/integration-test/target/test-dir/MiniOzoneClusterImpl-1af845c4-9ad0-4304-ad21-7f4426eccdbd/datanode-4/data/ratis/e8f02a36-9888-42d8-bc87-6aeb2531d713/in_use.lock acquired by nodename 39692@fv-az1566-86
2024-01-26 21:34:18,430 [grpc-default-executor-0] INFO  server.RaftServer (RaftServerProxy.java:addNew(100)) - 7564b097-4325-4468-ae97-837bc55d7172: addNew group-6AEB2531D713:[209e1d4e-6bc3-40d2-a53c-4015c1ab1ac0|10.1.0.5:15050, 4166fb02-ca0d-4de6-a961-378c6a3b2890|10.1.0.5:15041, 7564b097-4325-4468-ae97-837bc55d7172|10.1.0.5:15059] returns group-6AEB2531D713:java.util.concurrent.CompletableFuture@7fe720b5[Not completed]
2024-01-26 21:34:18,431 [209e1d4e-6bc3-40d2-a53c-4015c1ab1ac0-groupManagement] INFO  storage.RaftStorage (RaftStorageImpl.java:format(99)) - Storage directory /home/runner/work/ozone/ozone/hadoop-ozone/integration-test/target/test-dir/MiniOzoneClusterImpl-1af845c4-9ad0-4304-ad21-7f4426eccdbd/datanode-4/data/ratis/e8f02a36-9888-42d8-bc87-6aeb2531d713 has been successfully formatted.
2024-01-26 21:34:18,432 [209e1d4e-6bc3-40d2-a53c-4015c1ab1ac0-groupManagement] WARN  util.FileUtils (LogUtils.java:supplyAndLog(63)) - Failed to Files.newInputStream /home/runner/work/ozone/ozone/hadoop-ozone/integration-test/target/test-dir/MiniOzoneClusterImpl-1af845c4-9ad0-4304-ad21-7f4426eccdbd/datanode-4/data/ratis/e8f02a36-9888-42d8-bc87-6aeb2531d713/current/raft-meta.conf with options []: java.nio.file.NoSuchFileException: /home/runner/work/ozone/ozone/hadoop-ozone/integration-test/target/test-dir/MiniOzoneClusterImpl-1af845c4-9ad0-4304-ad21-7f4426eccdbd/datanode-4/data/ratis/e8f02a36-9888-42d8-bc87-6aeb2531d713/current/raft-meta.conf
2024-01-26 21:34:18,432 [7564b097-4325-4468-ae97-837bc55d7172-groupManagement] INFO  server.RaftServer$Division (RaftServerImpl.java:<init>(256)) - 7564b097-4325-4468-ae97-837bc55d7172: new RaftServerImpl for group-6AEB2531D713:[209e1d4e-6bc3-40d2-a53c-4015c1ab1ac0|10.1.0.5:15050, 4166fb02-ca0d-4de6-a961-378c6a3b2890|10.1.0.5:15041, 7564b097-4325-4468-ae97-837bc55d7172|10.1.0.5:15059] with ContainerStateMachine:uninitialized
2024-01-26 21:34:18,432 [7564b097-4325-4468-ae97-837bc55d7172-groupManagement] INFO  server.RaftServerConfigKeys (ConfUtils.java:logGet(46)) - raft.server.rpc.timeout.min = 5s (custom)
2024-01-26 21:34:18,432 [7564b097-4325-4468-ae97-837bc55d7172-groupManagement] INFO  server.RaftServerConfigKeys (ConfUtils.java:logGet(46)) - raft.server.rpc.timeout.max = 5200ms (custom)
2024-01-26 21:34:18,432 [209e1d4e-6bc3-40d2-a53c-4015c1ab1ac0-groupManagement] INFO  ratis.ContainerStateMachine (ContainerStateMachine.java:loadSnapshot(287)) - group-6AEB2531D713: The snapshot info is null. Setting the last applied index to:(t:0, i:~)
2024-01-26 21:34:18,432 [7564b097-4325-4468-ae97-837bc55d7172-groupManagement] INFO  server.RaftServerConfigKeys (ConfUtils.java:logGet(46)) - raft.server.rpc.sleep.time = 25ms (default)
2024-01-26 21:34:18,432 [209e1d4e-6bc3-40d2-a53c-4015c1ab1ac0-groupManagement] INFO  server.RaftServerConfigKeys (ConfUtils.java:logGet(46)) - raft.server.log.use.memory = false (default)
2024-01-26 21:34:18,432 [7564b097-4325-4468-ae97-837bc55d7172-groupManagement] INFO  server.RaftServerConfigKeys (ConfUtils.java:logGet(46)) - raft.server.rpc.slowness.timeout = 300s (custom)
2024-01-26 21:34:18,432 [209e1d4e-6bc3-40d2-a53c-4015c1ab1ac0-groupManagement] INFO  server.RaftServerConfigKeys (ConfUtils.java:logGet(46)) - raft.server.log.purge.gap = 1000000 (custom)
2024-01-26 21:34:18,433 [209e1d4e-6bc3-40d2-a53c-4015c1ab1ac0-groupManagement] INFO  server.RaftServerConfigKeys (ConfUtils.java:logGet(46)) - raft.server.log.appender.buffer.byte-limit = 8388608 (custom)
2024-01-26 21:34:18,433 [209e1d4e-6bc3-40d2-a53c-4015c1ab1ac0-groupManagement] INFO  server.RaftServerConfigKeys (ConfUtils.java:logGet(46)) - raft.server.log.statemachine.data.read.timeout = 1000ms (default)
2024-01-26 21:34:18,433 [209e1d4e-6bc3-40d2-a53c-4015c1ab1ac0-groupManagement] INFO  server.RaftServerConfigKeys (ConfUtils.java:logGet(46)) - raft.server.log.purge.preservation.log.num = 0 (default)
2024-01-26 21:34:18,432 [7564b097-4325-4468-ae97-837bc55d7172-groupManagement] INFO  server.RaftServerConfigKeys (ConfUtils.java:logGet(46)) - raft.server.leaderelection.leader.step-down.wait-time = 10s (default)
2024-01-26 21:34:18,434 [7564b097-4325-4468-ae97-837bc55d7172-groupManagement] INFO  server.RaftServerConfigKeys (ConfUtils.java:logGet(46)) - raft.server.leaderelection.member.majority-add = false (default)
2024-01-26 21:34:18,434 [7564b097-4325-4468-ae97-837bc55d7172-groupManagement] INFO  server.RaftServerConfigKeys (ConfUtils.java:logGet(46)) - raft.server.sleep.deviation.threshold = 300ms (default)
2024-01-26 21:34:18,434 [7564b097-4325-4468-ae97-837bc55d7172-groupManagement] INFO  server.RaftServer$Division (ServerState.java:<init>(113)) - 7564b097-4325-4468-ae97-837bc55d7172@group-6AEB2531D713: ConfigurationManager, init=-1: peers:[209e1d4e-6bc3-40d2-a53c-4015c1ab1ac0|10.1.0.5:15050, 4166fb02-ca0d-4de6-a961-378c6a3b2890|10.1.0.5:15041, 7564b097-4325-4468-ae97-837bc55d7172|10.1.0.5:15059]|listeners:[], old=null, confs=<EMPTY_MAP>
2024-01-26 21:34:18,434 [7564b097-4325-4468-ae97-837bc55d7172-groupManagement] INFO  server.RaftServerConfigKeys (ConfUtils.java:logGet(46)) - raft.server.notification.no-leader.timeout = 300s (custom)
2024-01-26 21:34:18,434 [7564b097-4325-4468-ae97-837bc55d7172-groupManagement] INFO  server.RaftServerConfigKeys (ConfUtils.java:logGet(46)) - raft.server.read.timeout = 10s (default)
2024-01-26 21:34:18,434 [7564b097-4325-4468-ae97-837bc55d7172-groupManagement] INFO  server.RaftServerConfigKeys (ConfUtils.java:logGet(46)) - raft.server.retrycache.expirytime = 600000ms (custom)
2024-01-26 21:34:18,434 [7564b097-4325-4468-ae97-837bc55d7172-groupManagement] INFO  server.RaftServerConfigKeys (ConfUtils.java:logGet(46)) - raft.server.retrycache.statistics.expirytime = 100ms (default)
2024-01-26 21:34:18,434 [7564b097-4325-4468-ae97-837bc55d7172-groupManagement] INFO  server.RaftServerConfigKeys (ConfUtils.java:logGet(46)) - raft.server.read.option = DEFAULT (default)
2024-01-26 21:34:18,434 [EventQueue-OpenPipelineForHealthyPipelineSafeModeRule] INFO  safemode.SCMSafeModeManager (HealthyPipelineSafeModeRule.java:process(140)) - SCM in safe mode. Healthy pipelines reported count is 0, required healthy pipeline reported count is 1
2024-01-26 21:34:18,435 [7564b097-4325-4468-ae97-837bc55d7172-groupManagement] INFO  server.RaftServerConfigKeys (ConfUtils.java:logGet(46)) - raft.server.read.read-after-write-consistent.write-index-cache.expiry-time = 60s (default)
2024-01-26 21:34:18,442 [209e1d4e-6bc3-40d2-a53c-4015c1ab1ac0-groupManagement] INFO  server.RaftServerConfigKeys (ConfUtils.java:logGet(46)) - raft.server.log.segment.size.max = 67108864 (custom)
2024-01-26 21:34:18,443 [209e1d4e-6bc3-40d2-a53c-4015c1ab1ac0-groupManagement] INFO  server.RaftServerConfigKeys (ConfUtils.java:logGet(46)) - raft.server.log.segment.cache.num.max = 2 (custom)
2024-01-26 21:34:18,444 [209e1d4e-6bc3-40d2-a53c-4015c1ab1ac0-groupManagement] INFO  server.RaftServerConfigKeys (ConfUtils.java:logGet(46)) - raft.server.log.segment.cache.size.max = 200MB (=209715200) (default)
2024-01-26 21:34:18,444 [209e1d4e-6bc3-40d2-a53c-4015c1ab1ac0-groupManagement] INFO  server.RaftServerConfigKeys (ConfUtils.java:logGet(46)) - raft.server.log.appender.buffer.byte-limit = 8388608 (custom)
2024-01-26 21:34:18,444 [209e1d4e-6bc3-40d2-a53c-4015c1ab1ac0-groupManagement] INFO  util.AwaitToRun (AwaitToRun.java:start(81)) - Thread[209e1d4e-6bc3-40d2-a53c-4015c1ab1ac0@group-6AEB2531D713-cacheEviction-AwaitToRun,5,main] started
2024-01-26 21:34:18,444 [209e1d4e-6bc3-40d2-a53c-4015c1ab1ac0-groupManagement] INFO  segmented.SegmentedRaftLogWorker (SegmentedRaftLogWorker.java:<init>(182)) - new 209e1d4e-6bc3-40d2-a53c-4015c1ab1ac0@group-6AEB2531D713-SegmentedRaftLogWorker for RaftStorageImpl:Storage Directory /home/runner/work/ozone/ozone/hadoop-ozone/integration-test/target/test-dir/MiniOzoneClusterImpl-1af845c4-9ad0-4304-ad21-7f4426eccdbd/datanode-4/data/ratis/e8f02a36-9888-42d8-bc87-6aeb2531d713
2024-01-26 21:34:18,444 [209e1d4e-6bc3-40d2-a53c-4015c1ab1ac0-groupManagement] INFO  server.RaftServerConfigKeys (ConfUtils.java:logGet(46)) - raft.server.log.queue.byte-limit = 4294967296 (custom)
2024-01-26 21:34:18,444 [209e1d4e-6bc3-40d2-a53c-4015c1ab1ac0-groupManagement] INFO  server.RaftServerConfigKeys (ConfUtils.java:logGet(46)) - raft.server.log.queue.element-limit = 1024 (custom)
2024-01-26 21:34:18,444 [209e1d4e-6bc3-40d2-a53c-4015c1ab1ac0-groupManagement] INFO  server.RaftServerConfigKeys (ConfUtils.java:logGet(46)) - raft.server.log.segment.size.max = 67108864 (custom)
2024-01-26 21:34:18,444 [209e1d4e-6bc3-40d2-a53c-4015c1ab1ac0-groupManagement] INFO  server.RaftServerConfigKeys (ConfUtils.java:logGet(46)) - raft.server.log.preallocated.size = 4194304 (custom)
2024-01-26 21:34:18,444 [209e1d4e-6bc3-40d2-a53c-4015c1ab1ac0-groupManagement] INFO  server.RaftServerConfigKeys (ConfUtils.java:logGet(46)) - raft.server.log.force.sync.num = 128 (default)
2024-01-26 21:34:18,444 [209e1d4e-6bc3-40d2-a53c-4015c1ab1ac0-groupManagement] INFO  server.RaftServerConfigKeys (ConfUtils.java:logGet(46)) - raft.server.log.statemachine.data.sync = true (default)
2024-01-26 21:34:18,445 [209e1d4e-6bc3-40d2-a53c-4015c1ab1ac0-groupManagement] INFO  server.RaftServerConfigKeys (ConfUtils.java:logGet(46)) - raft.server.log.statemachine.data.sync.timeout = 10s (default)
2024-01-26 21:34:18,445 [209e1d4e-6bc3-40d2-a53c-4015c1ab1ac0-groupManagement] INFO  server.RaftServerConfigKeys (ConfUtils.java:logGet(46)) - raft.server.log.statemachine.data.sync.timeout.retry = 0 (custom)
2024-01-26 21:34:18,445 [209e1d4e-6bc3-40d2-a53c-4015c1ab1ac0-groupManagement] INFO  server.RaftServerConfigKeys (ConfUtils.java:logGet(46)) - raft.server.log.write.buffer.size = 8388616 (custom)
2024-01-26 21:34:18,447 [209e1d4e-6bc3-40d2-a53c-4015c1ab1ac0-groupManagement] INFO  server.RaftServerConfigKeys (ConfUtils.java:logGet(46)) - raft.server.log.appender.buffer.byte-limit = 8388608 (custom)
2024-01-26 21:34:18,447 [209e1d4e-6bc3-40d2-a53c-4015c1ab1ac0-groupManagement] INFO  server.RaftServerConfigKeys (ConfUtils.java:logGet(46)) - raft.server.log.unsafe-flush.enabled = false (default)
2024-01-26 21:34:18,448 [209e1d4e-6bc3-40d2-a53c-4015c1ab1ac0-groupManagement] INFO  server.RaftServerConfigKeys (ConfUtils.java:logGet(46)) - raft.server.log.async-flush.enabled = false (default)
2024-01-26 21:34:18,448 [209e1d4e-6bc3-40d2-a53c-4015c1ab1ac0-groupManagement] INFO  server.RaftServerConfigKeys (ConfUtils.java:logGet(46)) - raft.server.log.statemachine.data.caching.enabled = true (custom)
2024-01-26 21:34:18,448 [209e1d4e-6bc3-40d2-a53c-4015c1ab1ac0-groupManagement] INFO  segmented.SegmentedRaftLogWorker (SegmentedRaftLogWorker.java:lambda$new$0(134)) - 209e1d4e-6bc3-40d2-a53c-4015c1ab1ac0@group-6AEB2531D713-SegmentedRaftLogWorker: flushIndex: setUnconditionally 0 -> -1
2024-01-26 21:34:18,448 [209e1d4e-6bc3-40d2-a53c-4015c1ab1ac0-groupManagement] INFO  segmented.SegmentedRaftLogWorker (SegmentedRaftLogWorker.java:lambda$new$0(134)) - 209e1d4e-6bc3-40d2-a53c-4015c1ab1ac0@group-6AEB2531D713-SegmentedRaftLogWorker: safeCacheEvictIndex: setUnconditionally 0 -> -1
2024-01-26 21:34:18,451 [209e1d4e-6bc3-40d2-a53c-4015c1ab1ac0-groupManagement] INFO  server.RaftServer$Division (RaftServerImpl.java:start(396)) - 209e1d4e-6bc3-40d2-a53c-4015c1ab1ac0@group-6AEB2531D713: start as a follower, conf=-1: peers:[209e1d4e-6bc3-40d2-a53c-4015c1ab1ac0|10.1.0.5:15050, 4166fb02-ca0d-4de6-a961-378c6a3b2890|10.1.0.5:15041, 7564b097-4325-4468-ae97-837bc55d7172|10.1.0.5:15059]|listeners:[], old=null
2024-01-26 21:34:18,451 [209e1d4e-6bc3-40d2-a53c-4015c1ab1ac0-groupManagement] INFO  server.RaftServer$Division (RaftServerImpl.java:setRole(383)) - 209e1d4e-6bc3-40d2-a53c-4015c1ab1ac0@group-6AEB2531D713: changes role from      null to FOLLOWER at term 0 for startAsFollower
2024-01-26 21:34:18,451 [209e1d4e-6bc3-40d2-a53c-4015c1ab1ac0-groupManagement] INFO  impl.RoleInfo (RoleInfo.java:updateAndGet(139)) - 209e1d4e-6bc3-40d2-a53c-4015c1ab1ac0: start 209e1d4e-6bc3-40d2-a53c-4015c1ab1ac0@group-6AEB2531D713-FollowerState
2024-01-26 21:34:18,456 [209e1d4e-6bc3-40d2-a53c-4015c1ab1ac0@group-6AEB2531D713-FollowerState] INFO  server.RaftServerConfigKeys (ConfUtils.java:logFallback(53)) - raft.server.rpc.first-election.timeout.min = 5s (fallback to raft.server.rpc.timeout.min)
2024-01-26 21:34:18,456 [209e1d4e-6bc3-40d2-a53c-4015c1ab1ac0@group-6AEB2531D713-FollowerState] INFO  server.RaftServerConfigKeys (ConfUtils.java:logFallback(53)) - raft.server.rpc.first-election.timeout.max = 5200ms (fallback to raft.server.rpc.timeout.max)
2024-01-26 21:34:18,456 [7564b097-4325-4468-ae97-837bc55d7172-PipelineCommandHandlerThread-0] INFO  server.RaftServer (RaftServerProxy.java:addNew(100)) - 7564b097-4325-4468-ae97-837bc55d7172: addNew group-5280781F6CFD:[7564b097-4325-4468-ae97-837bc55d7172|10.1.0.5:15059] returns group-5280781F6CFD:java.util.concurrent.CompletableFuture@206d8feb[Not completed]
2024-01-26 21:34:18,457 [209e1d4e-6bc3-40d2-a53c-4015c1ab1ac0-groupManagement] INFO  util.JmxRegister (JmxRegister.java:tryRegister(44)) - Successfully registered JMX Bean with object name Ratis:service=RaftServer,group=group-6AEB2531D713,id=209e1d4e-6bc3-40d2-a53c-4015c1ab1ac0
2024-01-26 21:34:18,458 [209e1d4e-6bc3-40d2-a53c-4015c1ab1ac0-groupManagement] INFO  server.RaftServerConfigKeys (ConfUtils.java:logGet(46)) - raft.server.snapshot.trigger-when-stop.enabled = true (default)
2024-01-26 21:34:18,458 [209e1d4e-6bc3-40d2-a53c-4015c1ab1ac0-groupManagement] INFO  server.RaftServerConfigKeys (ConfUtils.java:logGet(46)) - raft.server.snapshot.auto.trigger.enabled = true (custom)
2024-01-26 21:34:18,458 [209e1d4e-6bc3-40d2-a53c-4015c1ab1ac0-groupManagement] INFO  server.RaftServerConfigKeys (ConfUtils.java:logGet(46)) - raft.server.snapshot.auto.trigger.threshold = 10000 (custom)
2024-01-26 21:34:18,458 [209e1d4e-6bc3-40d2-a53c-4015c1ab1ac0-groupManagement] INFO  server.RaftServerConfigKeys (ConfUtils.java:logGet(46)) - raft.server.snapshot.retention.file.num = 5 (custom)
2024-01-26 21:34:18,458 [209e1d4e-6bc3-40d2-a53c-4015c1ab1ac0-groupManagement] INFO  server.RaftServerConfigKeys (ConfUtils.java:logGet(46)) - raft.server.log.purge.upto.snapshot.index = false (default)
2024-01-26 21:34:18,462 [7564b097-4325-4468-ae97-837bc55d7172-groupManagement] INFO  server.RaftServerConfigKeys (ConfUtils.java:logGet(46)) - raft.server.rpc.request.timeout = 60s (custom)
2024-01-26 21:34:18,462 [7564b097-4325-4468-ae97-837bc55d7172-groupManagement] INFO  server.RaftServerConfigKeys (ConfUtils.java:logGet(46)) - raft.server.log.appender.install.snapshot.enabled = false (custom)
2024-01-26 21:34:18,462 [7564b097-4325-4468-ae97-837bc55d7172-groupManagement] INFO  server.RaftServerConfigKeys (ConfUtils.java:logGet(46)) - raft.server.threadpool.server.cached = true (default)
2024-01-26 21:34:18,462 [7564b097-4325-4468-ae97-837bc55d7172-groupManagement] INFO  server.RaftServerConfigKeys (ConfUtils.java:logGet(46)) - raft.server.threadpool.server.size = 0 (default)
2024-01-26 21:34:18,462 [7564b097-4325-4468-ae97-837bc55d7172-groupManagement] INFO  server.RaftServerConfigKeys (ConfUtils.java:logGet(46)) - raft.server.threadpool.client.cached = true (default)
2024-01-26 21:34:18,462 [7564b097-4325-4468-ae97-837bc55d7172-groupManagement] INFO  server.RaftServerConfigKeys (ConfUtils.java:logGet(46)) - raft.server.threadpool.client.size = 0 (default)
2024-01-26 21:34:18,463 [209e1d4e-6bc3-40d2-a53c-4015c1ab1ac0-PipelineCommandHandlerThread-0] INFO  ratis.XceiverServerRatis (XceiverServerRatis.java:addGroup(842)) - Created group PipelineID=e8f02a36-9888-42d8-bc87-6aeb2531d713
2024-01-26 21:34:18,463 [7564b097-4325-4468-ae97-837bc55d7172-groupManagement] INFO  server.RaftServer$Division (RaftServerImpl.java:<init>(256)) - 7564b097-4325-4468-ae97-837bc55d7172: new RaftServerImpl for group-5280781F6CFD:[7564b097-4325-4468-ae97-837bc55d7172|10.1.0.5:15059] with ContainerStateMachine:uninitialized
2024-01-26 21:34:18,463 [7564b097-4325-4468-ae97-837bc55d7172-groupManagement] INFO  server.RaftServerConfigKeys (ConfUtils.java:logGet(46)) - raft.server.rpc.timeout.min = 5s (custom)
2024-01-26 21:34:18,463 [7564b097-4325-4468-ae97-837bc55d7172-groupManagement] INFO  server.RaftServerConfigKeys (ConfUtils.java:logGet(46)) - raft.server.rpc.timeout.max = 5200ms (custom)
2024-01-26 21:34:18,463 [7564b097-4325-4468-ae97-837bc55d7172-groupManagement] INFO  server.RaftServerConfigKeys (ConfUtils.java:logGet(46)) - raft.server.rpc.sleep.time = 25ms (default)
2024-01-26 21:34:18,464 [7564b097-4325-4468-ae97-837bc55d7172-groupManagement] INFO  server.RaftServerConfigKeys (ConfUtils.java:logGet(46)) - raft.server.rpc.slowness.timeout = 300s (custom)
2024-01-26 21:34:18,464 [7564b097-4325-4468-ae97-837bc55d7172-groupManagement] INFO  server.RaftServerConfigKeys (ConfUtils.java:logGet(46)) - raft.server.leaderelection.leader.step-down.wait-time = 10s (default)
2024-01-26 21:34:18,464 [7564b097-4325-4468-ae97-837bc55d7172-groupManagement] INFO  server.RaftServerConfigKeys (ConfUtils.java:logGet(46)) - raft.server.leaderelection.member.majority-add = false (default)
2024-01-26 21:34:18,464 [7564b097-4325-4468-ae97-837bc55d7172-groupManagement] INFO  server.RaftServerConfigKeys (ConfUtils.java:logGet(46)) - raft.server.sleep.deviation.threshold = 300ms (default)
2024-01-26 21:34:18,464 [7564b097-4325-4468-ae97-837bc55d7172-groupManagement] INFO  server.RaftServer$Division (ServerState.java:<init>(113)) - 7564b097-4325-4468-ae97-837bc55d7172@group-5280781F6CFD: ConfigurationManager, init=-1: peers:[7564b097-4325-4468-ae97-837bc55d7172|10.1.0.5:15059]|listeners:[], old=null, confs=<EMPTY_MAP>
2024-01-26 21:34:18,464 [7564b097-4325-4468-ae97-837bc55d7172-groupManagement] INFO  server.RaftServerConfigKeys (ConfUtils.java:logGet(46)) - raft.server.notification.no-leader.timeout = 300s (custom)
2024-01-26 21:34:18,464 [7564b097-4325-4468-ae97-837bc55d7172-groupManagement] INFO  server.RaftServerConfigKeys (ConfUtils.java:logGet(46)) - raft.server.read.timeout = 10s (default)
2024-01-26 21:34:18,464 [7564b097-4325-4468-ae97-837bc55d7172-groupManagement] INFO  server.RaftServerConfigKeys (ConfUtils.java:logGet(46)) - raft.server.retrycache.expirytime = 600000ms (custom)
2024-01-26 21:34:18,464 [7564b097-4325-4468-ae97-837bc55d7172-groupManagement] INFO  server.RaftServerConfigKeys (ConfUtils.java:logGet(46)) - raft.server.retrycache.statistics.expirytime = 100ms (default)
2024-01-26 21:34:18,464 [7564b097-4325-4468-ae97-837bc55d7172-groupManagement] INFO  server.RaftServerConfigKeys (ConfUtils.java:logGet(46)) - raft.server.read.option = DEFAULT (default)
2024-01-26 21:34:18,464 [7564b097-4325-4468-ae97-837bc55d7172-groupManagement] INFO  server.RaftServerConfigKeys (ConfUtils.java:logGet(46)) - raft.server.read.read-after-write-consistent.write-index-cache.expiry-time = 60s (default)
2024-01-26 21:34:18,470 [7564b097-4325-4468-ae97-837bc55d7172-groupManagement] INFO  server.RaftServerConfigKeys (ConfUtils.java:logGet(46)) - raft.server.rpc.request.timeout = 60s (custom)
2024-01-26 21:34:18,470 [7564b097-4325-4468-ae97-837bc55d7172-groupManagement] INFO  server.RaftServerConfigKeys (ConfUtils.java:logGet(46)) - raft.server.log.appender.install.snapshot.enabled = false (custom)
2024-01-26 21:34:18,470 [7564b097-4325-4468-ae97-837bc55d7172-groupManagement] INFO  server.RaftServerConfigKeys (ConfUtils.java:logGet(46)) - raft.server.threadpool.server.cached = true (default)
2024-01-26 21:34:18,470 [7564b097-4325-4468-ae97-837bc55d7172-groupManagement] INFO  server.RaftServerConfigKeys (ConfUtils.java:logGet(46)) - raft.server.threadpool.server.size = 0 (default)
2024-01-26 21:34:18,470 [7564b097-4325-4468-ae97-837bc55d7172-groupManagement] INFO  server.RaftServerConfigKeys (ConfUtils.java:logGet(46)) - raft.server.threadpool.client.cached = true (default)
2024-01-26 21:34:18,470 [7564b097-4325-4468-ae97-837bc55d7172-groupManagement] INFO  server.RaftServerConfigKeys (ConfUtils.java:logGet(46)) - raft.server.threadpool.client.size = 0 (default)
2024-01-26 21:34:18,470 [7564b097-4325-4468-ae97-837bc55d7172-groupManagement] INFO  server.RaftServerConfigKeys (ConfUtils.java:logGet(46)) - raft.server.storage.free-space.min = 0MB (=0) (default)
2024-01-26 21:34:18,471 [7564b097-4325-4468-ae97-837bc55d7172-groupManagement] INFO  server.RaftServerConfigKeys (ConfUtils.java:logGet(46)) - raft.server.log.corruption.policy = EXCEPTION (default)
2024-01-26 21:34:18,471 [7564b097-4325-4468-ae97-837bc55d7172-groupManagement] INFO  server.RaftServerConfigKeys (ConfUtils.java:logGet(46)) - raft.server.storage.dir = [/home/runner/work/ozone/ozone/hadoop-ozone/integration-test/target/test-dir/MiniOzoneClusterImpl-1af845c4-9ad0-4304-ad21-7f4426eccdbd/datanode-5/data/ratis] (custom)
2024-01-26 21:34:18,471 [7564b097-4325-4468-ae97-837bc55d7172-groupManagement] INFO  storage.RaftStorageDirectory (RaftStorageDirectoryImpl.java:analyzeStorage(138)) - The storage directory /home/runner/work/ozone/ozone/hadoop-ozone/integration-test/target/test-dir/MiniOzoneClusterImpl-1af845c4-9ad0-4304-ad21-7f4426eccdbd/datanode-5/data/ratis/e8f02a36-9888-42d8-bc87-6aeb2531d713 does not exist. Creating ...
2024-01-26 21:34:18,472 [7564b097-4325-4468-ae97-837bc55d7172-groupManagement] INFO  storage.RaftStorageDirectory (RaftStorageDirectoryImpl.java:tryLock(228)) - Lock on /home/runner/work/ozone/ozone/hadoop-ozone/integration-test/target/test-dir/MiniOzoneClusterImpl-1af845c4-9ad0-4304-ad21-7f4426eccdbd/datanode-5/data/ratis/e8f02a36-9888-42d8-bc87-6aeb2531d713/in_use.lock acquired by nodename 39692@fv-az1566-86
2024-01-26 21:34:18,473 [7564b097-4325-4468-ae97-837bc55d7172-groupManagement] INFO  storage.RaftStorage (RaftStorageImpl.java:format(99)) - Storage directory /home/runner/work/ozone/ozone/hadoop-ozone/integration-test/target/test-dir/MiniOzoneClusterImpl-1af845c4-9ad0-4304-ad21-7f4426eccdbd/datanode-5/data/ratis/e8f02a36-9888-42d8-bc87-6aeb2531d713 has been successfully formatted.
2024-01-26 21:34:18,473 [7564b097-4325-4468-ae97-837bc55d7172-groupManagement] WARN  util.FileUtils (LogUtils.java:supplyAndLog(63)) - Failed to Files.newInputStream /home/runner/work/ozone/ozone/hadoop-ozone/integration-test/target/test-dir/MiniOzoneClusterImpl-1af845c4-9ad0-4304-ad21-7f4426eccdbd/datanode-5/data/ratis/e8f02a36-9888-42d8-bc87-6aeb2531d713/current/raft-meta.conf with options []: java.nio.file.NoSuchFileException: /home/runner/work/ozone/ozone/hadoop-ozone/integration-test/target/test-dir/MiniOzoneClusterImpl-1af845c4-9ad0-4304-ad21-7f4426eccdbd/datanode-5/data/ratis/e8f02a36-9888-42d8-bc87-6aeb2531d713/current/raft-meta.conf
2024-01-26 21:34:18,487 [7564b097-4325-4468-ae97-837bc55d7172-groupManagement] INFO  ratis.ContainerStateMachine (ContainerStateMachine.java:loadSnapshot(287)) - group-6AEB2531D713: The snapshot info is null. Setting the last applied index to:(t:0, i:~)
2024-01-26 21:34:18,487 [7564b097-4325-4468-ae97-837bc55d7172-groupManagement] INFO  server.RaftServerConfigKeys (ConfUtils.java:logGet(46)) - raft.server.log.use.memory = false (default)
2024-01-26 21:34:18,487 [7564b097-4325-4468-ae97-837bc55d7172-groupManagement] INFO  server.RaftServerConfigKeys (ConfUtils.java:logGet(46)) - raft.server.log.purge.gap = 1000000 (custom)
2024-01-26 21:34:18,487 [7564b097-4325-4468-ae97-837bc55d7172-groupManagement] INFO  server.RaftServerConfigKeys (ConfUtils.java:logGet(46)) - raft.server.log.appender.buffer.byte-limit = 8388608 (custom)
2024-01-26 21:34:18,488 [7564b097-4325-4468-ae97-837bc55d7172-groupManagement] INFO  server.RaftServerConfigKeys (ConfUtils.java:logGet(46)) - raft.server.log.statemachine.data.read.timeout = 1000ms (default)
2024-01-26 21:34:18,488 [7564b097-4325-4468-ae97-837bc55d7172-groupManagement] INFO  server.RaftServerConfigKeys (ConfUtils.java:logGet(46)) - raft.server.log.purge.preservation.log.num = 0 (default)
2024-01-26 21:34:18,489 [EventQueue-PipelineReportForPipelineReportHandler] INFO  pipeline.PipelineReportHandler (PipelineReportHandler.java:processPipelineReport(136)) - Opened pipeline PipelineID=a1d9d27d-bd37-488a-9cca-5280781f6cfd
2024-01-26 21:34:18,489 [EventQueue-OpenPipelineForHealthyPipelineSafeModeRule] INFO  safemode.SCMSafeModeManager (HealthyPipelineSafeModeRule.java:process(140)) - SCM in safe mode. Healthy pipelines reported count is 0, required healthy pipeline reported count is 1
2024-01-26 21:34:18,491 [7564b097-4325-4468-ae97-837bc55d7172-groupManagement] INFO  server.RaftServerConfigKeys (ConfUtils.java:logGet(46)) - raft.server.log.segment.size.max = 67108864 (custom)
2024-01-26 21:34:18,492 [7564b097-4325-4468-ae97-837bc55d7172-groupManagement] INFO  server.RaftServerConfigKeys (ConfUtils.java:logGet(46)) - raft.server.log.segment.cache.num.max = 2 (custom)
2024-01-26 21:34:18,492 [7564b097-4325-4468-ae97-837bc55d7172-groupManagement] INFO  server.RaftServerConfigKeys (ConfUtils.java:logGet(46)) - raft.server.log.segment.cache.size.max = 200MB (=209715200) (default)
2024-01-26 21:34:18,492 [7564b097-4325-4468-ae97-837bc55d7172-groupManagement] INFO  server.RaftServerConfigKeys (ConfUtils.java:logGet(46)) - raft.server.log.appender.buffer.byte-limit = 8388608 (custom)
2024-01-26 21:34:18,492 [7564b097-4325-4468-ae97-837bc55d7172-groupManagement] INFO  util.AwaitToRun (AwaitToRun.java:start(81)) - Thread[7564b097-4325-4468-ae97-837bc55d7172@group-6AEB2531D713-cacheEviction-AwaitToRun,5,main] started
2024-01-26 21:34:18,492 [7564b097-4325-4468-ae97-837bc55d7172-groupManagement] INFO  segmented.SegmentedRaftLogWorker (SegmentedRaftLogWorker.java:<init>(182)) - new 7564b097-4325-4468-ae97-837bc55d7172@group-6AEB2531D713-SegmentedRaftLogWorker for RaftStorageImpl:Storage Directory /home/runner/work/ozone/ozone/hadoop-ozone/integration-test/target/test-dir/MiniOzoneClusterImpl-1af845c4-9ad0-4304-ad21-7f4426eccdbd/datanode-5/data/ratis/e8f02a36-9888-42d8-bc87-6aeb2531d713
2024-01-26 21:34:18,492 [7564b097-4325-4468-ae97-837bc55d7172-groupManagement] INFO  server.RaftServerConfigKeys (ConfUtils.java:logGet(46)) - raft.server.log.queue.byte-limit = 4294967296 (custom)
2024-01-26 21:34:18,492 [7564b097-4325-4468-ae97-837bc55d7172-groupManagement] INFO  server.RaftServerConfigKeys (ConfUtils.java:logGet(46)) - raft.server.log.queue.element-limit = 1024 (custom)
2024-01-26 21:34:18,493 [7564b097-4325-4468-ae97-837bc55d7172-groupManagement] INFO  server.RaftServerConfigKeys (ConfUtils.java:logGet(46)) - raft.server.log.segment.size.max = 67108864 (custom)
2024-01-26 21:34:18,493 [7564b097-4325-4468-ae97-837bc55d7172-groupManagement] INFO  server.RaftServerConfigKeys (ConfUtils.java:logGet(46)) - raft.server.log.preallocated.size = 4194304 (custom)
2024-01-26 21:34:18,493 [7564b097-4325-4468-ae97-837bc55d7172-groupManagement] INFO  server.RaftServerConfigKeys (ConfUtils.java:logGet(46)) - raft.server.log.force.sync.num = 128 (default)
2024-01-26 21:34:18,493 [7564b097-4325-4468-ae97-837bc55d7172-groupManagement] INFO  server.RaftServerConfigKeys (ConfUtils.java:logGet(46)) - raft.server.log.statemachine.data.sync = true (default)
2024-01-26 21:34:18,493 [7564b097-4325-4468-ae97-837bc55d7172-groupManagement] INFO  server.RaftServerConfigKeys (ConfUtils.java:logGet(46)) - raft.server.log.statemachine.data.sync.timeout = 10s (default)
2024-01-26 21:34:18,493 [7564b097-4325-4468-ae97-837bc55d7172-groupManagement] INFO  server.RaftServerConfigKeys (ConfUtils.java:logGet(46)) - raft.server.log.statemachine.data.sync.timeout.retry = 0 (custom)
2024-01-26 21:34:18,494 [7564b097-4325-4468-ae97-837bc55d7172-groupManagement] INFO  server.RaftServerConfigKeys (ConfUtils.java:logGet(46)) - raft.server.log.write.buffer.size = 8388616 (custom)
2024-01-26 21:34:18,497 [7564b097-4325-4468-ae97-837bc55d7172-groupManagement] INFO  server.RaftServerConfigKeys (ConfUtils.java:logGet(46)) - raft.server.log.appender.buffer.byte-limit = 8388608 (custom)
2024-01-26 21:34:18,498 [7564b097-4325-4468-ae97-837bc55d7172-groupManagement] INFO  server.RaftServerConfigKeys (ConfUtils.java:logGet(46)) - raft.server.log.unsafe-flush.enabled = false (default)
2024-01-26 21:34:18,498 [7564b097-4325-4468-ae97-837bc55d7172-groupManagement] INFO  server.RaftServerConfigKeys (ConfUtils.java:logGet(46)) - raft.server.log.async-flush.enabled = false (default)
2024-01-26 21:34:18,498 [7564b097-4325-4468-ae97-837bc55d7172-groupManagement] INFO  server.RaftServerConfigKeys (ConfUtils.java:logGet(46)) - raft.server.log.statemachine.data.caching.enabled = true (custom)
2024-01-26 21:34:18,498 [7564b097-4325-4468-ae97-837bc55d7172-groupManagement] INFO  segmented.SegmentedRaftLogWorker (SegmentedRaftLogWorker.java:lambda$new$0(134)) - 7564b097-4325-4468-ae97-837bc55d7172@group-6AEB2531D713-SegmentedRaftLogWorker: flushIndex: setUnconditionally 0 -> -1
2024-01-26 21:34:18,498 [7564b097-4325-4468-ae97-837bc55d7172-groupManagement] INFO  segmented.SegmentedRaftLogWorker (SegmentedRaftLogWorker.java:lambda$new$0(134)) - 7564b097-4325-4468-ae97-837bc55d7172@group-6AEB2531D713-SegmentedRaftLogWorker: safeCacheEvictIndex: setUnconditionally 0 -> -1
2024-01-26 21:34:18,499 [7564b097-4325-4468-ae97-837bc55d7172-groupManagement] INFO  server.RaftServer$Division (RaftServerImpl.java:start(396)) - 7564b097-4325-4468-ae97-837bc55d7172@group-6AEB2531D713: start as a follower, conf=-1: peers:[209e1d4e-6bc3-40d2-a53c-4015c1ab1ac0|10.1.0.5:15050, 4166fb02-ca0d-4de6-a961-378c6a3b2890|10.1.0.5:15041, 7564b097-4325-4468-ae97-837bc55d7172|10.1.0.5:15059]|listeners:[], old=null
2024-01-26 21:34:18,499 [7564b097-4325-4468-ae97-837bc55d7172-groupManagement] INFO  server.RaftServer$Division (RaftServerImpl.java:setRole(383)) - 7564b097-4325-4468-ae97-837bc55d7172@group-6AEB2531D713: changes role from      null to FOLLOWER at term 0 for startAsFollower
2024-01-26 21:34:18,499 [7564b097-4325-4468-ae97-837bc55d7172-groupManagement] INFO  impl.RoleInfo (RoleInfo.java:updateAndGet(139)) - 7564b097-4325-4468-ae97-837bc55d7172: start 7564b097-4325-4468-ae97-837bc55d7172@group-6AEB2531D713-FollowerState
2024-01-26 21:34:18,500 [7564b097-4325-4468-ae97-837bc55d7172-groupManagement] INFO  util.JmxRegister (JmxRegister.java:tryRegister(44)) - Successfully registered JMX Bean with object name Ratis:service=RaftServer,group=group-6AEB2531D713,id=7564b097-4325-4468-ae97-837bc55d7172
2024-01-26 21:34:18,500 [7564b097-4325-4468-ae97-837bc55d7172-groupManagement] INFO  server.RaftServerConfigKeys (ConfUtils.java:logGet(46)) - raft.server.snapshot.trigger-when-stop.enabled = true (default)
2024-01-26 21:34:18,500 [7564b097-4325-4468-ae97-837bc55d7172-groupManagement] INFO  server.RaftServerConfigKeys (ConfUtils.java:logGet(46)) - raft.server.snapshot.auto.trigger.enabled = true (custom)
2024-01-26 21:34:18,500 [7564b097-4325-4468-ae97-837bc55d7172-groupManagement] INFO  server.RaftServerConfigKeys (ConfUtils.java:logGet(46)) - raft.server.snapshot.auto.trigger.threshold = 10000 (custom)
2024-01-26 21:34:18,500 [7564b097-4325-4468-ae97-837bc55d7172-groupManagement] INFO  server.RaftServerConfigKeys (ConfUtils.java:logGet(46)) - raft.server.snapshot.retention.file.num = 5 (custom)
2024-01-26 21:34:18,500 [7564b097-4325-4468-ae97-837bc55d7172-groupManagement] INFO  server.RaftServerConfigKeys (ConfUtils.java:logGet(46)) - raft.server.log.purge.upto.snapshot.index = false (default)
2024-01-26 21:34:18,501 [7564b097-4325-4468-ae97-837bc55d7172@group-6AEB2531D713-FollowerState] INFO  server.RaftServerConfigKeys (ConfUtils.java:logFallback(53)) - raft.server.rpc.first-election.timeout.min = 5s (fallback to raft.server.rpc.timeout.min)
2024-01-26 21:34:18,501 [7564b097-4325-4468-ae97-837bc55d7172@group-6AEB2531D713-FollowerState] INFO  server.RaftServerConfigKeys (ConfUtils.java:logFallback(53)) - raft.server.rpc.first-election.timeout.max = 5200ms (fallback to raft.server.rpc.timeout.max)
2024-01-26 21:34:18,535 [7564b097-4325-4468-ae97-837bc55d7172-groupManagement] INFO  server.RaftServerConfigKeys (ConfUtils.java:logGet(46)) - raft.server.storage.free-space.min = 0MB (=0) (default)
2024-01-26 21:34:18,535 [7564b097-4325-4468-ae97-837bc55d7172-groupManagement] INFO  server.RaftServerConfigKeys (ConfUtils.java:logGet(46)) - raft.server.log.corruption.policy = EXCEPTION (default)
2024-01-26 21:34:18,536 [7564b097-4325-4468-ae97-837bc55d7172-groupManagement] INFO  server.RaftServerConfigKeys (ConfUtils.java:logGet(46)) - raft.server.storage.dir = [/home/runner/work/ozone/ozone/hadoop-ozone/integration-test/target/test-dir/MiniOzoneClusterImpl-1af845c4-9ad0-4304-ad21-7f4426eccdbd/datanode-5/data/ratis] (custom)
2024-01-26 21:34:18,536 [7564b097-4325-4468-ae97-837bc55d7172-groupManagement] INFO  storage.RaftStorageDirectory (RaftStorageDirectoryImpl.java:analyzeStorage(138)) - The storage directory /home/runner/work/ozone/ozone/hadoop-ozone/integration-test/target/test-dir/MiniOzoneClusterImpl-1af845c4-9ad0-4304-ad21-7f4426eccdbd/datanode-5/data/ratis/a1d9d27d-bd37-488a-9cca-5280781f6cfd does not exist. Creating ...
2024-01-26 21:34:18,537 [7564b097-4325-4468-ae97-837bc55d7172-groupManagement] INFO  storage.RaftStorageDirectory (RaftStorageDirectoryImpl.java:tryLock(228)) - Lock on /home/runner/work/ozone/ozone/hadoop-ozone/integration-test/target/test-dir/MiniOzoneClusterImpl-1af845c4-9ad0-4304-ad21-7f4426eccdbd/datanode-5/data/ratis/a1d9d27d-bd37-488a-9cca-5280781f6cfd/in_use.lock acquired by nodename 39692@fv-az1566-86
2024-01-26 21:34:18,538 [7564b097-4325-4468-ae97-837bc55d7172-groupManagement] INFO  storage.RaftStorage (RaftStorageImpl.java:format(99)) - Storage directory /home/runner/work/ozone/ozone/hadoop-ozone/integration-test/target/test-dir/MiniOzoneClusterImpl-1af845c4-9ad0-4304-ad21-7f4426eccdbd/datanode-5/data/ratis/a1d9d27d-bd37-488a-9cca-5280781f6cfd has been successfully formatted.
2024-01-26 21:34:18,538 [7564b097-4325-4468-ae97-837bc55d7172-groupManagement] WARN  util.FileUtils (LogUtils.java:supplyAndLog(63)) - Failed to Files.newInputStream /home/runner/work/ozone/ozone/hadoop-ozone/integration-test/target/test-dir/MiniOzoneClusterImpl-1af845c4-9ad0-4304-ad21-7f4426eccdbd/datanode-5/data/ratis/a1d9d27d-bd37-488a-9cca-5280781f6cfd/current/raft-meta.conf with options []: java.nio.file.NoSuchFileException: /home/runner/work/ozone/ozone/hadoop-ozone/integration-test/target/test-dir/MiniOzoneClusterImpl-1af845c4-9ad0-4304-ad21-7f4426eccdbd/datanode-5/data/ratis/a1d9d27d-bd37-488a-9cca-5280781f6cfd/current/raft-meta.conf
2024-01-26 21:34:18,547 [7564b097-4325-4468-ae97-837bc55d7172-groupManagement] INFO  ratis.ContainerStateMachine (ContainerStateMachine.java:loadSnapshot(287)) - group-5280781F6CFD: The snapshot info is null. Setting the last applied index to:(t:0, i:~)
2024-01-26 21:34:18,547 [7564b097-4325-4468-ae97-837bc55d7172-groupManagement] INFO  server.RaftServerConfigKeys (ConfUtils.java:logGet(46)) - raft.server.log.use.memory = false (default)
2024-01-26 21:34:18,547 [7564b097-4325-4468-ae97-837bc55d7172-groupManagement] INFO  server.RaftServerConfigKeys (ConfUtils.java:logGet(46)) - raft.server.log.purge.gap = 1000000 (custom)
2024-01-26 21:34:18,547 [7564b097-4325-4468-ae97-837bc55d7172-groupManagement] INFO  server.RaftServerConfigKeys (ConfUtils.java:logGet(46)) - raft.server.log.appender.buffer.byte-limit = 8388608 (custom)
2024-01-26 21:34:18,547 [7564b097-4325-4468-ae97-837bc55d7172-groupManagement] INFO  server.RaftServerConfigKeys (ConfUtils.java:logGet(46)) - raft.server.log.statemachine.data.read.timeout = 1000ms (default)
2024-01-26 21:34:18,547 [7564b097-4325-4468-ae97-837bc55d7172-groupManagement] INFO  server.RaftServerConfigKeys (ConfUtils.java:logGet(46)) - raft.server.log.purge.preservation.log.num = 0 (default)
2024-01-26 21:34:18,550 [7564b097-4325-4468-ae97-837bc55d7172-groupManagement] INFO  server.RaftServerConfigKeys (ConfUtils.java:logGet(46)) - raft.server.log.segment.size.max = 67108864 (custom)
2024-01-26 21:34:18,550 [7564b097-4325-4468-ae97-837bc55d7172-groupManagement] INFO  server.RaftServerConfigKeys (ConfUtils.java:logGet(46)) - raft.server.log.segment.cache.num.max = 2 (custom)
2024-01-26 21:34:18,550 [7564b097-4325-4468-ae97-837bc55d7172-groupManagement] INFO  server.RaftServerConfigKeys (ConfUtils.java:logGet(46)) - raft.server.log.segment.cache.size.max = 200MB (=209715200) (default)
2024-01-26 21:34:18,552 [7564b097-4325-4468-ae97-837bc55d7172-groupManagement] INFO  server.RaftServerConfigKeys (ConfUtils.java:logGet(46)) - raft.server.log.appender.buffer.byte-limit = 8388608 (custom)
2024-01-26 21:34:18,552 [EventQueue-OpenPipelineForHealthyPipelineSafeModeRule] INFO  safemode.SCMSafeModeManager (HealthyPipelineSafeModeRule.java:process(140)) - SCM in safe mode. Healthy pipelines reported count is 0, required healthy pipeline reported count is 1
2024-01-26 21:34:18,552 [7564b097-4325-4468-ae97-837bc55d7172-groupManagement] INFO  util.AwaitToRun (AwaitToRun.java:start(81)) - Thread[7564b097-4325-4468-ae97-837bc55d7172@group-5280781F6CFD-cacheEviction-AwaitToRun,5,main] started
2024-01-26 21:34:18,552 [7564b097-4325-4468-ae97-837bc55d7172-groupManagement] INFO  segmented.SegmentedRaftLogWorker (SegmentedRaftLogWorker.java:<init>(182)) - new 7564b097-4325-4468-ae97-837bc55d7172@group-5280781F6CFD-SegmentedRaftLogWorker for RaftStorageImpl:Storage Directory /home/runner/work/ozone/ozone/hadoop-ozone/integration-test/target/test-dir/MiniOzoneClusterImpl-1af845c4-9ad0-4304-ad21-7f4426eccdbd/datanode-5/data/ratis/a1d9d27d-bd37-488a-9cca-5280781f6cfd
2024-01-26 21:34:18,552 [7564b097-4325-4468-ae97-837bc55d7172-groupManagement] INFO  server.RaftServerConfigKeys (ConfUtils.java:logGet(46)) - raft.server.log.queue.byte-limit = 4294967296 (custom)
2024-01-26 21:34:18,552 [7564b097-4325-4468-ae97-837bc55d7172-groupManagement] INFO  server.RaftServerConfigKeys (ConfUtils.java:logGet(46)) - raft.server.log.queue.element-limit = 1024 (custom)
2024-01-26 21:34:18,553 [7564b097-4325-4468-ae97-837bc55d7172-groupManagement] INFO  server.RaftServerConfigKeys (ConfUtils.java:logGet(46)) - raft.server.log.segment.size.max = 67108864 (custom)
2024-01-26 21:34:18,553 [7564b097-4325-4468-ae97-837bc55d7172-groupManagement] INFO  server.RaftServerConfigKeys (ConfUtils.java:logGet(46)) - raft.server.log.preallocated.size = 4194304 (custom)
2024-01-26 21:34:18,553 [7564b097-4325-4468-ae97-837bc55d7172-groupManagement] INFO  server.RaftServerConfigKeys (ConfUtils.java:logGet(46)) - raft.server.log.force.sync.num = 128 (default)
2024-01-26 21:34:18,553 [7564b097-4325-4468-ae97-837bc55d7172-groupManagement] INFO  server.RaftServerConfigKeys (ConfUtils.java:logGet(46)) - raft.server.log.statemachine.data.sync = true (default)
2024-01-26 21:34:18,553 [7564b097-4325-4468-ae97-837bc55d7172-groupManagement] INFO  server.RaftServerConfigKeys (ConfUtils.java:logGet(46)) - raft.server.log.statemachine.data.sync.timeout = 10s (default)
2024-01-26 21:34:18,553 [7564b097-4325-4468-ae97-837bc55d7172-groupManagement] INFO  server.RaftServerConfigKeys (ConfUtils.java:logGet(46)) - raft.server.log.statemachine.data.sync.timeout.retry = 0 (custom)
2024-01-26 21:34:18,553 [7564b097-4325-4468-ae97-837bc55d7172-groupManagement] INFO  server.RaftServerConfigKeys (ConfUtils.java:logGet(46)) - raft.server.log.write.buffer.size = 8388616 (custom)
2024-01-26 21:34:18,557 [7564b097-4325-4468-ae97-837bc55d7172-groupManagement] INFO  server.RaftServerConfigKeys (ConfUtils.java:logGet(46)) - raft.server.log.appender.buffer.byte-limit = 8388608 (custom)
2024-01-26 21:34:18,557 [7564b097-4325-4468-ae97-837bc55d7172-groupManagement] INFO  server.RaftServerConfigKeys (ConfUtils.java:logGet(46)) - raft.server.log.unsafe-flush.enabled = false (default)
2024-01-26 21:34:18,557 [7564b097-4325-4468-ae97-837bc55d7172-groupManagement] INFO  server.RaftServerConfigKeys (ConfUtils.java:logGet(46)) - raft.server.log.async-flush.enabled = false (default)
2024-01-26 21:34:18,557 [7564b097-4325-4468-ae97-837bc55d7172-groupManagement] INFO  server.RaftServerConfigKeys (ConfUtils.java:logGet(46)) - raft.server.log.statemachine.data.caching.enabled = true (custom)
2024-01-26 21:34:18,557 [7564b097-4325-4468-ae97-837bc55d7172-groupManagement] INFO  segmented.SegmentedRaftLogWorker (SegmentedRaftLogWorker.java:lambda$new$0(134)) - 7564b097-4325-4468-ae97-837bc55d7172@group-5280781F6CFD-SegmentedRaftLogWorker: flushIndex: setUnconditionally 0 -> -1
2024-01-26 21:34:18,557 [7564b097-4325-4468-ae97-837bc55d7172-groupManagement] INFO  segmented.SegmentedRaftLogWorker (SegmentedRaftLogWorker.java:lambda$new$0(134)) - 7564b097-4325-4468-ae97-837bc55d7172@group-5280781F6CFD-SegmentedRaftLogWorker: safeCacheEvictIndex: setUnconditionally 0 -> -1
2024-01-26 21:34:18,558 [7564b097-4325-4468-ae97-837bc55d7172-groupManagement] INFO  server.RaftServer$Division (RaftServerImpl.java:start(396)) - 7564b097-4325-4468-ae97-837bc55d7172@group-5280781F6CFD: start as a follower, conf=-1: peers:[7564b097-4325-4468-ae97-837bc55d7172|10.1.0.5:15059]|listeners:[], old=null
2024-01-26 21:34:18,558 [7564b097-4325-4468-ae97-837bc55d7172-groupManagement] INFO  server.RaftServer$Division (RaftServerImpl.java:setRole(383)) - 7564b097-4325-4468-ae97-837bc55d7172@group-5280781F6CFD: changes role from      null to FOLLOWER at term 0 for startAsFollower
2024-01-26 21:34:18,558 [7564b097-4325-4468-ae97-837bc55d7172-groupManagement] INFO  impl.RoleInfo (RoleInfo.java:updateAndGet(139)) - 7564b097-4325-4468-ae97-837bc55d7172: start 7564b097-4325-4468-ae97-837bc55d7172@group-5280781F6CFD-FollowerState
2024-01-26 21:34:18,558 [7564b097-4325-4468-ae97-837bc55d7172-groupManagement] INFO  util.JmxRegister (JmxRegister.java:tryRegister(44)) - Successfully registered JMX Bean with object name Ratis:service=RaftServer,group=group-5280781F6CFD,id=7564b097-4325-4468-ae97-837bc55d7172
2024-01-26 21:34:18,558 [7564b097-4325-4468-ae97-837bc55d7172-groupManagement] INFO  server.RaftServerConfigKeys (ConfUtils.java:logGet(46)) - raft.server.snapshot.trigger-when-stop.enabled = true (default)
2024-01-26 21:34:18,566 [7564b097-4325-4468-ae97-837bc55d7172-groupManagement] INFO  server.RaftServerConfigKeys (ConfUtils.java:logGet(46)) - raft.server.snapshot.auto.trigger.enabled = true (custom)
2024-01-26 21:34:18,566 [7564b097-4325-4468-ae97-837bc55d7172-groupManagement] INFO  server.RaftServerConfigKeys (ConfUtils.java:logGet(46)) - raft.server.snapshot.auto.trigger.threshold = 10000 (custom)
2024-01-26 21:34:18,566 [7564b097-4325-4468-ae97-837bc55d7172-groupManagement] INFO  server.RaftServerConfigKeys (ConfUtils.java:logGet(46)) - raft.server.snapshot.retention.file.num = 5 (custom)
2024-01-26 21:34:18,566 [7564b097-4325-4468-ae97-837bc55d7172-groupManagement] INFO  server.RaftServerConfigKeys (ConfUtils.java:logGet(46)) - raft.server.log.purge.upto.snapshot.index = false (default)
2024-01-26 21:34:18,567 [7564b097-4325-4468-ae97-837bc55d7172@group-5280781F6CFD-FollowerState] INFO  server.RaftServerConfigKeys (ConfUtils.java:logFallback(53)) - raft.server.rpc.first-election.timeout.min = 5s (fallback to raft.server.rpc.timeout.min)
2024-01-26 21:34:18,567 [7564b097-4325-4468-ae97-837bc55d7172@group-5280781F6CFD-FollowerState] INFO  server.RaftServerConfigKeys (ConfUtils.java:logFallback(53)) - raft.server.rpc.first-election.timeout.max = 5200ms (fallback to raft.server.rpc.timeout.max)
2024-01-26 21:34:18,569 [7564b097-4325-4468-ae97-837bc55d7172-PipelineCommandHandlerThread-0] INFO  ratis.XceiverServerRatis (XceiverServerRatis.java:addGroup(842)) - Created group PipelineID=a1d9d27d-bd37-488a-9cca-5280781f6cfd
2024-01-26 21:34:18,569 [7564b097-4325-4468-ae97-837bc55d7172-PipelineCommandHandlerThread-0] INFO  commandhandler.CreatePipelineCommandHandler (CreatePipelineCommandHandler.java:lambda$handle$2(124)) - Created Pipeline RATIS ONE PipelineID=a1d9d27d-bd37-488a-9cca-5280781f6cfd.
2024-01-26 21:34:18,579 [615e0ce5-d68a-4764-9dce-a037122bf2b4-PipelineCommandHandlerThread-0] INFO  server.RaftServer (RaftServerProxy.java:addNew(100)) - 615e0ce5-d68a-4764-9dce-a037122bf2b4: addNew group-C988C0F88CBB:[615e0ce5-d68a-4764-9dce-a037122bf2b4|10.1.0.5:15068] returns group-C988C0F88CBB:java.util.concurrent.CompletableFuture@39dd457[Not completed]
2024-01-26 21:34:18,581 [615e0ce5-d68a-4764-9dce-a037122bf2b4-groupManagement] INFO  server.RaftServer$Division (RaftServerImpl.java:<init>(256)) - 615e0ce5-d68a-4764-9dce-a037122bf2b4: new RaftServerImpl for group-C988C0F88CBB:[615e0ce5-d68a-4764-9dce-a037122bf2b4|10.1.0.5:15068] with ContainerStateMachine:uninitialized
2024-01-26 21:34:18,581 [615e0ce5-d68a-4764-9dce-a037122bf2b4-groupManagement] INFO  server.RaftServerConfigKeys (ConfUtils.java:logGet(46)) - raft.server.rpc.timeout.min = 5s (custom)
2024-01-26 21:34:18,582 [615e0ce5-d68a-4764-9dce-a037122bf2b4-groupManagement] INFO  server.RaftServerConfigKeys (ConfUtils.java:logGet(46)) - raft.server.rpc.timeout.max = 5200ms (custom)
2024-01-26 21:34:18,582 [615e0ce5-d68a-4764-9dce-a037122bf2b4-groupManagement] INFO  server.RaftServerConfigKeys (ConfUtils.java:logGet(46)) - raft.server.rpc.sleep.time = 25ms (default)
2024-01-26 21:34:18,582 [615e0ce5-d68a-4764-9dce-a037122bf2b4-groupManagement] INFO  server.RaftServerConfigKeys (ConfUtils.java:logGet(46)) - raft.server.rpc.slowness.timeout = 300s (custom)
2024-01-26 21:34:18,583 [615e0ce5-d68a-4764-9dce-a037122bf2b4-groupManagement] INFO  server.RaftServerConfigKeys (ConfUtils.java:logGet(46)) - raft.server.leaderelection.leader.step-down.wait-time = 10s (default)
2024-01-26 21:34:18,583 [615e0ce5-d68a-4764-9dce-a037122bf2b4-groupManagement] INFO  server.RaftServerConfigKeys (ConfUtils.java:logGet(46)) - raft.server.leaderelection.member.majority-add = false (default)
2024-01-26 21:34:18,583 [615e0ce5-d68a-4764-9dce-a037122bf2b4-groupManagement] INFO  server.RaftServerConfigKeys (ConfUtils.java:logGet(46)) - raft.server.sleep.deviation.threshold = 300ms (default)
2024-01-26 21:34:18,584 [615e0ce5-d68a-4764-9dce-a037122bf2b4-groupManagement] INFO  server.RaftServer$Division (ServerState.java:<init>(113)) - 615e0ce5-d68a-4764-9dce-a037122bf2b4@group-C988C0F88CBB: ConfigurationManager, init=-1: peers:[615e0ce5-d68a-4764-9dce-a037122bf2b4|10.1.0.5:15068]|listeners:[], old=null, confs=<EMPTY_MAP>
2024-01-26 21:34:18,584 [615e0ce5-d68a-4764-9dce-a037122bf2b4-groupManagement] INFO  server.RaftServerConfigKeys (ConfUtils.java:logGet(46)) - raft.server.notification.no-leader.timeout = 300s (custom)
2024-01-26 21:34:18,585 [615e0ce5-d68a-4764-9dce-a037122bf2b4-groupManagement] INFO  server.RaftServerConfigKeys (ConfUtils.java:logGet(46)) - raft.server.read.timeout = 10s (default)
2024-01-26 21:34:18,585 [615e0ce5-d68a-4764-9dce-a037122bf2b4-groupManagement] INFO  server.RaftServerConfigKeys (ConfUtils.java:logGet(46)) - raft.server.retrycache.expirytime = 600000ms (custom)
2024-01-26 21:34:18,585 [615e0ce5-d68a-4764-9dce-a037122bf2b4-groupManagement] INFO  server.RaftServerConfigKeys (ConfUtils.java:logGet(46)) - raft.server.retrycache.statistics.expirytime = 100ms (default)
2024-01-26 21:34:18,586 [615e0ce5-d68a-4764-9dce-a037122bf2b4-groupManagement] INFO  server.RaftServerConfigKeys (ConfUtils.java:logGet(46)) - raft.server.read.option = DEFAULT (default)
2024-01-26 21:34:18,586 [615e0ce5-d68a-4764-9dce-a037122bf2b4-groupManagement] INFO  server.RaftServerConfigKeys (ConfUtils.java:logGet(46)) - raft.server.read.read-after-write-consistent.write-index-cache.expiry-time = 60s (default)
2024-01-26 21:34:18,585 [7564b097-4325-4468-ae97-837bc55d7172-PipelineCommandHandlerThread-0] INFO  server.RaftServer (RaftServerProxy.java:addNew(100)) - 7564b097-4325-4468-ae97-837bc55d7172: addNew group-0160BF9DF5E3:[209e1d4e-6bc3-40d2-a53c-4015c1ab1ac0|10.1.0.5:15050, 4166fb02-ca0d-4de6-a961-378c6a3b2890|10.1.0.5:15041, 7564b097-4325-4468-ae97-837bc55d7172|10.1.0.5:15059] returns group-0160BF9DF5E3:java.util.concurrent.CompletableFuture@2eaa7596[Not completed]
2024-01-26 21:34:18,585 [7564b097-4325-4468-ae97-837bc55d7172-groupManagement] INFO  server.RaftServer$Division (RaftServerImpl.java:<init>(256)) - 7564b097-4325-4468-ae97-837bc55d7172: new RaftServerImpl for group-0160BF9DF5E3:[209e1d4e-6bc3-40d2-a53c-4015c1ab1ac0|10.1.0.5:15050, 4166fb02-ca0d-4de6-a961-378c6a3b2890|10.1.0.5:15041, 7564b097-4325-4468-ae97-837bc55d7172|10.1.0.5:15059] with ContainerStateMachine:uninitialized
2024-01-26 21:34:18,596 [7564b097-4325-4468-ae97-837bc55d7172-groupManagement] INFO  server.RaftServerConfigKeys (ConfUtils.java:logGet(46)) - raft.server.rpc.timeout.min = 5s (custom)
2024-01-26 21:34:18,596 [7564b097-4325-4468-ae97-837bc55d7172-groupManagement] INFO  server.RaftServerConfigKeys (ConfUtils.java:logGet(46)) - raft.server.rpc.timeout.max = 5200ms (custom)
2024-01-26 21:34:18,596 [7564b097-4325-4468-ae97-837bc55d7172-groupManagement] INFO  server.RaftServerConfigKeys (ConfUtils.java:logGet(46)) - raft.server.rpc.sleep.time = 25ms (default)
2024-01-26 21:34:18,596 [7564b097-4325-4468-ae97-837bc55d7172-groupManagement] INFO  server.RaftServerConfigKeys (ConfUtils.java:logGet(46)) - raft.server.rpc.slowness.timeout = 300s (custom)
2024-01-26 21:34:18,596 [7564b097-4325-4468-ae97-837bc55d7172-groupManagement] INFO  server.RaftServerConfigKeys (ConfUtils.java:logGet(46)) - raft.server.leaderelection.leader.step-down.wait-time = 10s (default)
2024-01-26 21:34:18,596 [7564b097-4325-4468-ae97-837bc55d7172-groupManagement] INFO  server.RaftServerConfigKeys (ConfUtils.java:logGet(46)) - raft.server.leaderelection.member.majority-add = false (default)
2024-01-26 21:34:18,596 [7564b097-4325-4468-ae97-837bc55d7172-groupManagement] INFO  server.RaftServerConfigKeys (ConfUtils.java:logGet(46)) - raft.server.sleep.deviation.threshold = 300ms (default)
2024-01-26 21:34:18,596 [7564b097-4325-4468-ae97-837bc55d7172-groupManagement] INFO  server.RaftServer$Division (ServerState.java:<init>(113)) - 7564b097-4325-4468-ae97-837bc55d7172@group-0160BF9DF5E3: ConfigurationManager, init=-1: peers:[209e1d4e-6bc3-40d2-a53c-4015c1ab1ac0|10.1.0.5:15050, 4166fb02-ca0d-4de6-a961-378c6a3b2890|10.1.0.5:15041, 7564b097-4325-4468-ae97-837bc55d7172|10.1.0.5:15059]|listeners:[], old=null, confs=<EMPTY_MAP>
2024-01-26 21:34:18,597 [7564b097-4325-4468-ae97-837bc55d7172-groupManagement] INFO  server.RaftServerConfigKeys (ConfUtils.java:logGet(46)) - raft.server.notification.no-leader.timeout = 300s (custom)
2024-01-26 21:34:18,597 [7564b097-4325-4468-ae97-837bc55d7172-groupManagement] INFO  server.RaftServerConfigKeys (ConfUtils.java:logGet(46)) - raft.server.read.timeout = 10s (default)
2024-01-26 21:34:18,597 [7564b097-4325-4468-ae97-837bc55d7172-groupManagement] INFO  server.RaftServerConfigKeys (ConfUtils.java:logGet(46)) - raft.server.retrycache.expirytime = 600000ms (custom)
2024-01-26 21:34:18,597 [7564b097-4325-4468-ae97-837bc55d7172-groupManagement] INFO  server.RaftServerConfigKeys (ConfUtils.java:logGet(46)) - raft.server.retrycache.statistics.expirytime = 100ms (default)
2024-01-26 21:34:18,597 [7564b097-4325-4468-ae97-837bc55d7172-groupManagement] INFO  server.RaftServerConfigKeys (ConfUtils.java:logGet(46)) - raft.server.read.option = DEFAULT (default)
2024-01-26 21:34:18,597 [7564b097-4325-4468-ae97-837bc55d7172-groupManagement] INFO  server.RaftServerConfigKeys (ConfUtils.java:logGet(46)) - raft.server.read.read-after-write-consistent.write-index-cache.expiry-time = 60s (default)
2024-01-26 21:34:18,615 [7564b097-4325-4468-ae97-837bc55d7172-groupManagement] INFO  server.RaftServerConfigKeys (ConfUtils.java:logGet(46)) - raft.server.rpc.request.timeout = 60s (custom)
2024-01-26 21:34:18,615 [7564b097-4325-4468-ae97-837bc55d7172-groupManagement] INFO  server.RaftServerConfigKeys (ConfUtils.java:logGet(46)) - raft.server.log.appender.install.snapshot.enabled = false (custom)
2024-01-26 21:34:18,615 [7564b097-4325-4468-ae97-837bc55d7172-groupManagement] INFO  server.RaftServerConfigKeys (ConfUtils.java:logGet(46)) - raft.server.threadpool.server.cached = true (default)
2024-01-26 21:34:18,615 [7564b097-4325-4468-ae97-837bc55d7172-groupManagement] INFO  server.RaftServerConfigKeys (ConfUtils.java:logGet(46)) - raft.server.threadpool.server.size = 0 (default)
2024-01-26 21:34:18,615 [7564b097-4325-4468-ae97-837bc55d7172-groupManagement] INFO  server.RaftServerConfigKeys (ConfUtils.java:logGet(46)) - raft.server.threadpool.client.cached = true (default)
2024-01-26 21:34:18,615 [7564b097-4325-4468-ae97-837bc55d7172-groupManagement] INFO  server.RaftServerConfigKeys (ConfUtils.java:logGet(46)) - raft.server.threadpool.client.size = 0 (default)
2024-01-26 21:34:18,615 [7564b097-4325-4468-ae97-837bc55d7172-groupManagement] INFO  server.RaftServerConfigKeys (ConfUtils.java:logGet(46)) - raft.server.storage.free-space.min = 0MB (=0) (default)
2024-01-26 21:34:18,615 [7564b097-4325-4468-ae97-837bc55d7172-groupManagement] INFO  server.RaftServerConfigKeys (ConfUtils.java:logGet(46)) - raft.server.log.corruption.policy = EXCEPTION (default)
2024-01-26 21:34:18,615 [7564b097-4325-4468-ae97-837bc55d7172-groupManagement] INFO  server.RaftServerConfigKeys (ConfUtils.java:logGet(46)) - raft.server.storage.dir = [/home/runner/work/ozone/ozone/hadoop-ozone/integration-test/target/test-dir/MiniOzoneClusterImpl-1af845c4-9ad0-4304-ad21-7f4426eccdbd/datanode-5/data/ratis] (custom)
2024-01-26 21:34:18,615 [7564b097-4325-4468-ae97-837bc55d7172-groupManagement] INFO  storage.RaftStorageDirectory (RaftStorageDirectoryImpl.java:analyzeStorage(138)) - The storage directory /home/runner/work/ozone/ozone/hadoop-ozone/integration-test/target/test-dir/MiniOzoneClusterImpl-1af845c4-9ad0-4304-ad21-7f4426eccdbd/datanode-5/data/ratis/fe620031-71af-48f5-85ea-0160bf9df5e3 does not exist. Creating ...
2024-01-26 21:34:18,617 [7564b097-4325-4468-ae97-837bc55d7172-groupManagement] INFO  storage.RaftStorageDirectory (RaftStorageDirectoryImpl.java:tryLock(228)) - Lock on /home/runner/work/ozone/ozone/hadoop-ozone/integration-test/target/test-dir/MiniOzoneClusterImpl-1af845c4-9ad0-4304-ad21-7f4426eccdbd/datanode-5/data/ratis/fe620031-71af-48f5-85ea-0160bf9df5e3/in_use.lock acquired by nodename 39692@fv-az1566-86
2024-01-26 21:34:18,618 [7564b097-4325-4468-ae97-837bc55d7172-groupManagement] INFO  storage.RaftStorage (RaftStorageImpl.java:format(99)) - Storage directory /home/runner/work/ozone/ozone/hadoop-ozone/integration-test/target/test-dir/MiniOzoneClusterImpl-1af845c4-9ad0-4304-ad21-7f4426eccdbd/datanode-5/data/ratis/fe620031-71af-48f5-85ea-0160bf9df5e3 has been successfully formatted.
2024-01-26 21:34:18,618 [7564b097-4325-4468-ae97-837bc55d7172-groupManagement] WARN  util.FileUtils (LogUtils.java:supplyAndLog(63)) - Failed to Files.newInputStream /home/runner/work/ozone/ozone/hadoop-ozone/integration-test/target/test-dir/MiniOzoneClusterImpl-1af845c4-9ad0-4304-ad21-7f4426eccdbd/datanode-5/data/ratis/fe620031-71af-48f5-85ea-0160bf9df5e3/current/raft-meta.conf with options []: java.nio.file.NoSuchFileException: /home/runner/work/ozone/ozone/hadoop-ozone/integration-test/target/test-dir/MiniOzoneClusterImpl-1af845c4-9ad0-4304-ad21-7f4426eccdbd/datanode-5/data/ratis/fe620031-71af-48f5-85ea-0160bf9df5e3/current/raft-meta.conf
2024-01-26 21:34:18,621 [a4a3addc-657d-412b-928e-3d6f899db221-PipelineCommandHandlerThread-0] INFO  commandhandler.CreatePipelineCommandHandler (CreatePipelineCommandHandler.java:lambda$handle$2(124)) - Created Pipeline RATIS THREE PipelineID=6bb2a1d8-6a1b-481f-bac4-db88475e5c12.
2024-01-26 21:34:18,622 [a4a3addc-657d-412b-928e-3d6f899db221-PipelineCommandHandlerThread-0] INFO  server.RaftServer (RaftServerProxy.java:addNew(100)) - a4a3addc-657d-412b-928e-3d6f899db221: addNew group-C50F9A8FB292:[67e21e31-4dca-48e2-85b4-2f4b1b69db84|10.1.0.5:15014, a4a3addc-657d-412b-928e-3d6f899db221|10.1.0.5:15023, c424f152-b0b1-403f-ad43-57b6eddc8681|10.1.0.5:15032] returns group-C50F9A8FB292:java.util.concurrent.CompletableFuture@1fb58f29[Not completed]
2024-01-26 21:34:18,623 [615e0ce5-d68a-4764-9dce-a037122bf2b4-groupManagement] INFO  server.RaftServerConfigKeys (ConfUtils.java:logGet(46)) - raft.server.rpc.request.timeout = 60s (custom)
2024-01-26 21:34:18,623 [615e0ce5-d68a-4764-9dce-a037122bf2b4-groupManagement] INFO  server.RaftServerConfigKeys (ConfUtils.java:logGet(46)) - raft.server.log.appender.install.snapshot.enabled = false (custom)
2024-01-26 21:34:18,623 [615e0ce5-d68a-4764-9dce-a037122bf2b4-groupManagement] INFO  server.RaftServerConfigKeys (ConfUtils.java:logGet(46)) - raft.server.threadpool.server.cached = true (default)
2024-01-26 21:34:18,623 [615e0ce5-d68a-4764-9dce-a037122bf2b4-groupManagement] INFO  server.RaftServerConfigKeys (ConfUtils.java:logGet(46)) - raft.server.threadpool.server.size = 0 (default)
2024-01-26 21:34:18,623 [615e0ce5-d68a-4764-9dce-a037122bf2b4-groupManagement] INFO  server.RaftServerConfigKeys (ConfUtils.java:logGet(46)) - raft.server.threadpool.client.cached = true (default)
2024-01-26 21:34:18,623 [a4a3addc-657d-412b-928e-3d6f899db221-groupManagement] INFO  server.RaftServer$Division (RaftServerImpl.java:<init>(256)) - a4a3addc-657d-412b-928e-3d6f899db221: new RaftServerImpl for group-C50F9A8FB292:[67e21e31-4dca-48e2-85b4-2f4b1b69db84|10.1.0.5:15014, a4a3addc-657d-412b-928e-3d6f899db221|10.1.0.5:15023, c424f152-b0b1-403f-ad43-57b6eddc8681|10.1.0.5:15032] with ContainerStateMachine:uninitialized
2024-01-26 21:34:18,623 [615e0ce5-d68a-4764-9dce-a037122bf2b4-groupManagement] INFO  server.RaftServerConfigKeys (ConfUtils.java:logGet(46)) - raft.server.threadpool.client.size = 0 (default)
2024-01-26 21:34:18,623 [a4a3addc-657d-412b-928e-3d6f899db221-groupManagement] INFO  server.RaftServerConfigKeys (ConfUtils.java:logGet(46)) - raft.server.rpc.timeout.min = 5s (custom)
2024-01-26 21:34:18,623 [a4a3addc-657d-412b-928e-3d6f899db221-groupManagement] INFO  server.RaftServerConfigKeys (ConfUtils.java:logGet(46)) - raft.server.rpc.timeout.max = 5200ms (custom)
2024-01-26 21:34:18,623 [a4a3addc-657d-412b-928e-3d6f899db221-groupManagement] INFO  server.RaftServerConfigKeys (ConfUtils.java:logGet(46)) - raft.server.rpc.sleep.time = 25ms (default)
2024-01-26 21:34:18,623 [a4a3addc-657d-412b-928e-3d6f899db221-groupManagement] INFO  server.RaftServerConfigKeys (ConfUtils.java:logGet(46)) - raft.server.rpc.slowness.timeout = 300s (custom)
2024-01-26 21:34:18,623 [a4a3addc-657d-412b-928e-3d6f899db221-groupManagement] INFO  server.RaftServerConfigKeys (ConfUtils.java:logGet(46)) - raft.server.leaderelection.leader.step-down.wait-time = 10s (default)
2024-01-26 21:34:18,623 [a4a3addc-657d-412b-928e-3d6f899db221-groupManagement] INFO  server.RaftServerConfigKeys (ConfUtils.java:logGet(46)) - raft.server.leaderelection.member.majority-add = false (default)
2024-01-26 21:34:18,624 [a4a3addc-657d-412b-928e-3d6f899db221-groupManagement] INFO  server.RaftServerConfigKeys (ConfUtils.java:logGet(46)) - raft.server.sleep.deviation.threshold = 300ms (default)
2024-01-26 21:34:18,624 [a4a3addc-657d-412b-928e-3d6f899db221-groupManagement] INFO  server.RaftServer$Division (ServerState.java:<init>(113)) - a4a3addc-657d-412b-928e-3d6f899db221@group-C50F9A8FB292: ConfigurationManager, init=-1: peers:[67e21e31-4dca-48e2-85b4-2f4b1b69db84|10.1.0.5:15014, a4a3addc-657d-412b-928e-3d6f899db221|10.1.0.5:15023, c424f152-b0b1-403f-ad43-57b6eddc8681|10.1.0.5:15032]|listeners:[], old=null, confs=<EMPTY_MAP>
2024-01-26 21:34:18,624 [a4a3addc-657d-412b-928e-3d6f899db221-groupManagement] INFO  server.RaftServerConfigKeys (ConfUtils.java:logGet(46)) - raft.server.notification.no-leader.timeout = 300s (custom)
2024-01-26 21:34:18,624 [a4a3addc-657d-412b-928e-3d6f899db221-groupManagement] INFO  server.RaftServerConfigKeys (ConfUtils.java:logGet(46)) - raft.server.read.timeout = 10s (default)
2024-01-26 21:34:18,624 [a4a3addc-657d-412b-928e-3d6f899db221-groupManagement] INFO  server.RaftServerConfigKeys (ConfUtils.java:logGet(46)) - raft.server.retrycache.expirytime = 600000ms (custom)
2024-01-26 21:34:18,624 [a4a3addc-657d-412b-928e-3d6f899db221-groupManagement] INFO  server.RaftServerConfigKeys (ConfUtils.java:logGet(46)) - raft.server.retrycache.statistics.expirytime = 100ms (default)
2024-01-26 21:34:18,624 [a4a3addc-657d-412b-928e-3d6f899db221-groupManagement] INFO  server.RaftServerConfigKeys (ConfUtils.java:logGet(46)) - raft.server.read.option = DEFAULT (default)
2024-01-26 21:34:18,624 [a4a3addc-657d-412b-928e-3d6f899db221-groupManagement] INFO  server.RaftServerConfigKeys (ConfUtils.java:logGet(46)) - raft.server.read.read-after-write-consistent.write-index-cache.expiry-time = 60s (default)
2024-01-26 21:34:18,626 [7564b097-4325-4468-ae97-837bc55d7172-groupManagement] INFO  ratis.ContainerStateMachine (ContainerStateMachine.java:loadSnapshot(287)) - group-0160BF9DF5E3: The snapshot info is null. Setting the last applied index to:(t:0, i:~)
2024-01-26 21:34:18,626 [7564b097-4325-4468-ae97-837bc55d7172-groupManagement] INFO  server.RaftServerConfigKeys (ConfUtils.java:logGet(46)) - raft.server.log.use.memory = false (default)
2024-01-26 21:34:18,627 [7564b097-4325-4468-ae97-837bc55d7172-groupManagement] INFO  server.RaftServerConfigKeys (ConfUtils.java:logGet(46)) - raft.server.log.purge.gap = 1000000 (custom)
2024-01-26 21:34:18,627 [7564b097-4325-4468-ae97-837bc55d7172-groupManagement] INFO  server.RaftServerConfigKeys (ConfUtils.java:logGet(46)) - raft.server.log.appender.buffer.byte-limit = 8388608 (custom)
2024-01-26 21:34:18,627 [7564b097-4325-4468-ae97-837bc55d7172-groupManagement] INFO  server.RaftServerConfigKeys (ConfUtils.java:logGet(46)) - raft.server.log.statemachine.data.read.timeout = 1000ms (default)
2024-01-26 21:34:18,623 [615e0ce5-d68a-4764-9dce-a037122bf2b4-groupManagement] INFO  server.RaftServerConfigKeys (ConfUtils.java:logGet(46)) - raft.server.storage.free-space.min = 0MB (=0) (default)
2024-01-26 21:34:18,630 [615e0ce5-d68a-4764-9dce-a037122bf2b4-groupManagement] INFO  server.RaftServerConfigKeys (ConfUtils.java:logGet(46)) - raft.server.log.corruption.policy = EXCEPTION (default)
2024-01-26 21:34:18,630 [7564b097-4325-4468-ae97-837bc55d7172-groupManagement] INFO  server.RaftServerConfigKeys (ConfUtils.java:logGet(46)) - raft.server.log.purge.preservation.log.num = 0 (default)
2024-01-26 21:34:18,631 [615e0ce5-d68a-4764-9dce-a037122bf2b4-groupManagement] INFO  server.RaftServerConfigKeys (ConfUtils.java:logGet(46)) - raft.server.storage.dir = [/home/runner/work/ozone/ozone/hadoop-ozone/integration-test/target/test-dir/MiniOzoneClusterImpl-1af845c4-9ad0-4304-ad21-7f4426eccdbd/datanode-6/data/ratis] (custom)
2024-01-26 21:34:18,631 [615e0ce5-d68a-4764-9dce-a037122bf2b4-groupManagement] INFO  storage.RaftStorageDirectory (RaftStorageDirectoryImpl.java:analyzeStorage(138)) - The storage directory /home/runner/work/ozone/ozone/hadoop-ozone/integration-test/target/test-dir/MiniOzoneClusterImpl-1af845c4-9ad0-4304-ad21-7f4426eccdbd/datanode-6/data/ratis/dcb91808-ad69-4086-8b4c-c988c0f88cbb does not exist. Creating ...
2024-01-26 21:34:18,632 [615e0ce5-d68a-4764-9dce-a037122bf2b4-groupManagement] INFO  storage.RaftStorageDirectory (RaftStorageDirectoryImpl.java:tryLock(228)) - Lock on /home/runner/work/ozone/ozone/hadoop-ozone/integration-test/target/test-dir/MiniOzoneClusterImpl-1af845c4-9ad0-4304-ad21-7f4426eccdbd/datanode-6/data/ratis/dcb91808-ad69-4086-8b4c-c988c0f88cbb/in_use.lock acquired by nodename 39692@fv-az1566-86
2024-01-26 21:34:18,633 [615e0ce5-d68a-4764-9dce-a037122bf2b4-groupManagement] INFO  storage.RaftStorage (RaftStorageImpl.java:format(99)) - Storage directory /home/runner/work/ozone/ozone/hadoop-ozone/integration-test/target/test-dir/MiniOzoneClusterImpl-1af845c4-9ad0-4304-ad21-7f4426eccdbd/datanode-6/data/ratis/dcb91808-ad69-4086-8b4c-c988c0f88cbb has been successfully formatted.
2024-01-26 21:34:18,633 [615e0ce5-d68a-4764-9dce-a037122bf2b4-groupManagement] WARN  util.FileUtils (LogUtils.java:supplyAndLog(63)) - Failed to Files.newInputStream /home/runner/work/ozone/ozone/hadoop-ozone/integration-test/target/test-dir/MiniOzoneClusterImpl-1af845c4-9ad0-4304-ad21-7f4426eccdbd/datanode-6/data/ratis/dcb91808-ad69-4086-8b4c-c988c0f88cbb/current/raft-meta.conf with options []: java.nio.file.NoSuchFileException: /home/runner/work/ozone/ozone/hadoop-ozone/integration-test/target/test-dir/MiniOzoneClusterImpl-1af845c4-9ad0-4304-ad21-7f4426eccdbd/datanode-6/data/ratis/dcb91808-ad69-4086-8b4c-c988c0f88cbb/current/raft-meta.conf
2024-01-26 21:34:18,635 [7564b097-4325-4468-ae97-837bc55d7172-groupManagement] INFO  server.RaftServerConfigKeys (ConfUtils.java:logGet(46)) - raft.server.log.segment.size.max = 67108864 (custom)
2024-01-26 21:34:18,636 [7564b097-4325-4468-ae97-837bc55d7172-groupManagement] INFO  server.RaftServerConfigKeys (ConfUtils.java:logGet(46)) - raft.server.log.segment.cache.num.max = 2 (custom)
2024-01-26 21:34:18,636 [7564b097-4325-4468-ae97-837bc55d7172-groupManagement] INFO  server.RaftServerConfigKeys (ConfUtils.java:logGet(46)) - raft.server.log.segment.cache.size.max = 200MB (=209715200) (default)
2024-01-26 21:34:18,636 [7564b097-4325-4468-ae97-837bc55d7172-groupManagement] INFO  server.RaftServerConfigKeys (ConfUtils.java:logGet(46)) - raft.server.log.appender.buffer.byte-limit = 8388608 (custom)
2024-01-26 21:34:18,637 [7564b097-4325-4468-ae97-837bc55d7172-groupManagement] INFO  util.AwaitToRun (AwaitToRun.java:start(81)) - Thread[7564b097-4325-4468-ae97-837bc55d7172@group-0160BF9DF5E3-cacheEviction-AwaitToRun,5,main] started
2024-01-26 21:34:18,637 [7564b097-4325-4468-ae97-837bc55d7172-groupManagement] INFO  segmented.SegmentedRaftLogWorker (SegmentedRaftLogWorker.java:<init>(182)) - new 7564b097-4325-4468-ae97-837bc55d7172@group-0160BF9DF5E3-SegmentedRaftLogWorker for RaftStorageImpl:Storage Directory /home/runner/work/ozone/ozone/hadoop-ozone/integration-test/target/test-dir/MiniOzoneClusterImpl-1af845c4-9ad0-4304-ad21-7f4426eccdbd/datanode-5/data/ratis/fe620031-71af-48f5-85ea-0160bf9df5e3
2024-01-26 21:34:18,637 [7564b097-4325-4468-ae97-837bc55d7172-groupManagement] INFO  server.RaftServerConfigKeys (ConfUtils.java:logGet(46)) - raft.server.log.queue.byte-limit = 4294967296 (custom)
2024-01-26 21:34:18,637 [7564b097-4325-4468-ae97-837bc55d7172-groupManagement] INFO  server.RaftServerConfigKeys (ConfUtils.java:logGet(46)) - raft.server.log.queue.element-limit = 1024 (custom)
2024-01-26 21:34:18,637 [7564b097-4325-4468-ae97-837bc55d7172-groupManagement] INFO  server.RaftServerConfigKeys (ConfUtils.java:logGet(46)) - raft.server.log.segment.size.max = 67108864 (custom)
2024-01-26 21:34:18,637 [7564b097-4325-4468-ae97-837bc55d7172-groupManagement] INFO  server.RaftServerConfigKeys (ConfUtils.java:logGet(46)) - raft.server.log.preallocated.size = 4194304 (custom)
2024-01-26 21:34:18,637 [a4a3addc-657d-412b-928e-3d6f899db221-groupManagement] INFO  server.RaftServerConfigKeys (ConfUtils.java:logGet(46)) - raft.server.rpc.request.timeout = 60s (custom)
2024-01-26 21:34:18,637 [7564b097-4325-4468-ae97-837bc55d7172-groupManagement] INFO  server.RaftServerConfigKeys (ConfUtils.java:logGet(46)) - raft.server.log.force.sync.num = 128 (default)
2024-01-26 21:34:18,637 [7564b097-4325-4468-ae97-837bc55d7172-groupManagement] INFO  server.RaftServerConfigKeys (ConfUtils.java:logGet(46)) - raft.server.log.statemachine.data.sync = true (default)
2024-01-26 21:34:18,637 [7564b097-4325-4468-ae97-837bc55d7172-groupManagement] INFO  server.RaftServerConfigKeys (ConfUtils.java:logGet(46)) - raft.server.log.statemachine.data.sync.timeout = 10s (default)
2024-01-26 21:34:18,638 [7564b097-4325-4468-ae97-837bc55d7172-groupManagement] INFO  server.RaftServerConfigKeys (ConfUtils.java:logGet(46)) - raft.server.log.statemachine.data.sync.timeout.retry = 0 (custom)
2024-01-26 21:34:18,638 [7564b097-4325-4468-ae97-837bc55d7172-groupManagement] INFO  server.RaftServerConfigKeys (ConfUtils.java:logGet(46)) - raft.server.log.write.buffer.size = 8388616 (custom)
2024-01-26 21:34:18,639 [EventQueue-OpenPipelineForHealthyPipelineSafeModeRule] INFO  safemode.SCMSafeModeManager (HealthyPipelineSafeModeRule.java:process(140)) - SCM in safe mode. Healthy pipelines reported count is 0, required healthy pipeline reported count is 1
2024-01-26 21:34:18,640 [7564b097-4325-4468-ae97-837bc55d7172-groupManagement] INFO  server.RaftServerConfigKeys (ConfUtils.java:logGet(46)) - raft.server.log.appender.buffer.byte-limit = 8388608 (custom)
2024-01-26 21:34:18,640 [7564b097-4325-4468-ae97-837bc55d7172-groupManagement] INFO  server.RaftServerConfigKeys (ConfUtils.java:logGet(46)) - raft.server.log.unsafe-flush.enabled = false (default)
2024-01-26 21:34:18,641 [7564b097-4325-4468-ae97-837bc55d7172-groupManagement] INFO  server.RaftServerConfigKeys (ConfUtils.java:logGet(46)) - raft.server.log.async-flush.enabled = false (default)
2024-01-26 21:34:18,641 [7564b097-4325-4468-ae97-837bc55d7172-groupManagement] INFO  server.RaftServerConfigKeys (ConfUtils.java:logGet(46)) - raft.server.log.statemachine.data.caching.enabled = true (custom)
2024-01-26 21:34:18,641 [7564b097-4325-4468-ae97-837bc55d7172-groupManagement] INFO  segmented.SegmentedRaftLogWorker (SegmentedRaftLogWorker.java:lambda$new$0(134)) - 7564b097-4325-4468-ae97-837bc55d7172@group-0160BF9DF5E3-SegmentedRaftLogWorker: flushIndex: setUnconditionally 0 -> -1
2024-01-26 21:34:18,641 [7564b097-4325-4468-ae97-837bc55d7172-groupManagement] INFO  segmented.SegmentedRaftLogWorker (SegmentedRaftLogWorker.java:lambda$new$0(134)) - 7564b097-4325-4468-ae97-837bc55d7172@group-0160BF9DF5E3-SegmentedRaftLogWorker: safeCacheEvictIndex: setUnconditionally 0 -> -1
2024-01-26 21:34:18,641 [a4a3addc-657d-412b-928e-3d6f899db221-groupManagement] INFO  server.RaftServerConfigKeys (ConfUtils.java:logGet(46)) - raft.server.log.appender.install.snapshot.enabled = false (custom)
2024-01-26 21:34:18,641 [a4a3addc-657d-412b-928e-3d6f899db221-groupManagement] INFO  server.RaftServerConfigKeys (ConfUtils.java:logGet(46)) - raft.server.threadpool.server.cached = true (default)
2024-01-26 21:34:18,641 [a4a3addc-657d-412b-928e-3d6f899db221-groupManagement] INFO  server.RaftServerConfigKeys (ConfUtils.java:logGet(46)) - raft.server.threadpool.server.size = 0 (default)
2024-01-26 21:34:18,641 [a4a3addc-657d-412b-928e-3d6f899db221-groupManagement] INFO  server.RaftServerConfigKeys (ConfUtils.java:logGet(46)) - raft.server.threadpool.client.cached = true (default)
2024-01-26 21:34:18,641 [a4a3addc-657d-412b-928e-3d6f899db221-groupManagement] INFO  server.RaftServerConfigKeys (ConfUtils.java:logGet(46)) - raft.server.threadpool.client.size = 0 (default)
2024-01-26 21:34:18,642 [a4a3addc-657d-412b-928e-3d6f899db221-groupManagement] INFO  server.RaftServerConfigKeys (ConfUtils.java:logGet(46)) - raft.server.storage.free-space.min = 0MB (=0) (default)
2024-01-26 21:34:18,642 [a4a3addc-657d-412b-928e-3d6f899db221-groupManagement] INFO  server.RaftServerConfigKeys (ConfUtils.java:logGet(46)) - raft.server.log.corruption.policy = EXCEPTION (default)
2024-01-26 21:34:18,642 [a4a3addc-657d-412b-928e-3d6f899db221-groupManagement] INFO  server.RaftServerConfigKeys (ConfUtils.java:logGet(46)) - raft.server.storage.dir = [/home/runner/work/ozone/ozone/hadoop-ozone/integration-test/target/test-dir/MiniOzoneClusterImpl-1af845c4-9ad0-4304-ad21-7f4426eccdbd/datanode-1/data/ratis] (custom)
2024-01-26 21:34:18,642 [a4a3addc-657d-412b-928e-3d6f899db221-groupManagement] INFO  storage.RaftStorageDirectory (RaftStorageDirectoryImpl.java:analyzeStorage(138)) - The storage directory /home/runner/work/ozone/ozone/hadoop-ozone/integration-test/target/test-dir/MiniOzoneClusterImpl-1af845c4-9ad0-4304-ad21-7f4426eccdbd/datanode-1/data/ratis/15d2e455-1fb4-4503-ac7a-c50f9a8fb292 does not exist. Creating ...
2024-01-26 21:34:18,643 [7564b097-4325-4468-ae97-837bc55d7172-groupManagement] INFO  server.RaftServer$Division (RaftServerImpl.java:start(396)) - 7564b097-4325-4468-ae97-837bc55d7172@group-0160BF9DF5E3: start as a follower, conf=-1: peers:[209e1d4e-6bc3-40d2-a53c-4015c1ab1ac0|10.1.0.5:15050, 4166fb02-ca0d-4de6-a961-378c6a3b2890|10.1.0.5:15041, 7564b097-4325-4468-ae97-837bc55d7172|10.1.0.5:15059]|listeners:[], old=null
2024-01-26 21:34:18,643 [7564b097-4325-4468-ae97-837bc55d7172-groupManagement] INFO  server.RaftServer$Division (RaftServerImpl.java:setRole(383)) - 7564b097-4325-4468-ae97-837bc55d7172@group-0160BF9DF5E3: changes role from      null to FOLLOWER at term 0 for startAsFollower
2024-01-26 21:34:18,643 [7564b097-4325-4468-ae97-837bc55d7172-groupManagement] INFO  impl.RoleInfo (RoleInfo.java:updateAndGet(139)) - 7564b097-4325-4468-ae97-837bc55d7172: start 7564b097-4325-4468-ae97-837bc55d7172@group-0160BF9DF5E3-FollowerState
2024-01-26 21:34:18,643 [7564b097-4325-4468-ae97-837bc55d7172@group-0160BF9DF5E3-FollowerState] INFO  server.RaftServerConfigKeys (ConfUtils.java:logFallback(53)) - raft.server.rpc.first-election.timeout.min = 5s (fallback to raft.server.rpc.timeout.min)
2024-01-26 21:34:18,646 [209e1d4e-6bc3-40d2-a53c-4015c1ab1ac0-PipelineCommandHandlerThread-0] INFO  commandhandler.CreatePipelineCommandHandler (CreatePipelineCommandHandler.java:lambda$handle$2(124)) - Created Pipeline RATIS THREE PipelineID=e8f02a36-9888-42d8-bc87-6aeb2531d713.
2024-01-26 21:34:18,646 [7564b097-4325-4468-ae97-837bc55d7172@group-0160BF9DF5E3-FollowerState] INFO  server.RaftServerConfigKeys (ConfUtils.java:logFallback(53)) - raft.server.rpc.first-election.timeout.max = 5200ms (fallback to raft.server.rpc.timeout.max)
2024-01-26 21:34:18,645 [615e0ce5-d68a-4764-9dce-a037122bf2b4-groupManagement] INFO  ratis.ContainerStateMachine (ContainerStateMachine.java:loadSnapshot(287)) - group-C988C0F88CBB: The snapshot info is null. Setting the last applied index to:(t:0, i:~)
2024-01-26 21:34:18,649 [615e0ce5-d68a-4764-9dce-a037122bf2b4-groupManagement] INFO  server.RaftServerConfigKeys (ConfUtils.java:logGet(46)) - raft.server.log.use.memory = false (default)
2024-01-26 21:34:18,649 [615e0ce5-d68a-4764-9dce-a037122bf2b4-groupManagement] INFO  server.RaftServerConfigKeys (ConfUtils.java:logGet(46)) - raft.server.log.purge.gap = 1000000 (custom)
2024-01-26 21:34:18,649 [615e0ce5-d68a-4764-9dce-a037122bf2b4-groupManagement] INFO  server.RaftServerConfigKeys (ConfUtils.java:logGet(46)) - raft.server.log.appender.buffer.byte-limit = 8388608 (custom)
2024-01-26 21:34:18,649 [615e0ce5-d68a-4764-9dce-a037122bf2b4-groupManagement] INFO  server.RaftServerConfigKeys (ConfUtils.java:logGet(46)) - raft.server.log.statemachine.data.read.timeout = 1000ms (default)
2024-01-26 21:34:18,649 [615e0ce5-d68a-4764-9dce-a037122bf2b4-groupManagement] INFO  server.RaftServerConfigKeys (ConfUtils.java:logGet(46)) - raft.server.log.purge.preservation.log.num = 0 (default)
2024-01-26 21:34:18,650 [209e1d4e-6bc3-40d2-a53c-4015c1ab1ac0-groupManagement] INFO  server.RaftServer$Division (RaftServerImpl.java:<init>(256)) - 209e1d4e-6bc3-40d2-a53c-4015c1ab1ac0: new RaftServerImpl for group-0160BF9DF5E3:[209e1d4e-6bc3-40d2-a53c-4015c1ab1ac0|10.1.0.5:15050, 4166fb02-ca0d-4de6-a961-378c6a3b2890|10.1.0.5:15041, 7564b097-4325-4468-ae97-837bc55d7172|10.1.0.5:15059] with ContainerStateMachine:uninitialized
2024-01-26 21:34:18,650 [209e1d4e-6bc3-40d2-a53c-4015c1ab1ac0-groupManagement] INFO  server.RaftServerConfigKeys (ConfUtils.java:logGet(46)) - raft.server.rpc.timeout.min = 5s (custom)
2024-01-26 21:34:18,650 [209e1d4e-6bc3-40d2-a53c-4015c1ab1ac0-groupManagement] INFO  server.RaftServerConfigKeys (ConfUtils.java:logGet(46)) - raft.server.rpc.timeout.max = 5200ms (custom)
2024-01-26 21:34:18,650 [209e1d4e-6bc3-40d2-a53c-4015c1ab1ac0-groupManagement] INFO  server.RaftServerConfigKeys (ConfUtils.java:logGet(46)) - raft.server.rpc.sleep.time = 25ms (default)
2024-01-26 21:34:18,650 [209e1d4e-6bc3-40d2-a53c-4015c1ab1ac0-groupManagement] INFO  server.RaftServerConfigKeys (ConfUtils.java:logGet(46)) - raft.server.rpc.slowness.timeout = 300s (custom)
2024-01-26 21:34:18,650 [209e1d4e-6bc3-40d2-a53c-4015c1ab1ac0-groupManagement] INFO  server.RaftServerConfigKeys (ConfUtils.java:logGet(46)) - raft.server.leaderelection.leader.step-down.wait-time = 10s (default)
2024-01-26 21:34:18,650 [209e1d4e-6bc3-40d2-a53c-4015c1ab1ac0-groupManagement] INFO  server.RaftServerConfigKeys (ConfUtils.java:logGet(46)) - raft.server.leaderelection.member.majority-add = false (default)
2024-01-26 21:34:18,650 [209e1d4e-6bc3-40d2-a53c-4015c1ab1ac0-groupManagement] INFO  server.RaftServerConfigKeys (ConfUtils.java:logGet(46)) - raft.server.sleep.deviation.threshold = 300ms (default)
2024-01-26 21:34:18,650 [209e1d4e-6bc3-40d2-a53c-4015c1ab1ac0-groupManagement] INFO  server.RaftServer$Division (ServerState.java:<init>(113)) - 209e1d4e-6bc3-40d2-a53c-4015c1ab1ac0@group-0160BF9DF5E3: ConfigurationManager, init=-1: peers:[209e1d4e-6bc3-40d2-a53c-4015c1ab1ac0|10.1.0.5:15050, 4166fb02-ca0d-4de6-a961-378c6a3b2890|10.1.0.5:15041, 7564b097-4325-4468-ae97-837bc55d7172|10.1.0.5:15059]|listeners:[], old=null, confs=<EMPTY_MAP>
2024-01-26 21:34:18,650 [209e1d4e-6bc3-40d2-a53c-4015c1ab1ac0-groupManagement] INFO  server.RaftServerConfigKeys (ConfUtils.java:logGet(46)) - raft.server.notification.no-leader.timeout = 300s (custom)
2024-01-26 21:34:18,650 [209e1d4e-6bc3-40d2-a53c-4015c1ab1ac0-groupManagement] INFO  server.RaftServerConfigKeys (ConfUtils.java:logGet(46)) - raft.server.read.timeout = 10s (default)
2024-01-26 21:34:18,650 [209e1d4e-6bc3-40d2-a53c-4015c1ab1ac0-groupManagement] INFO  server.RaftServerConfigKeys (ConfUtils.java:logGet(46)) - raft.server.retrycache.expirytime = 600000ms (custom)
2024-01-26 21:34:18,650 [209e1d4e-6bc3-40d2-a53c-4015c1ab1ac0-groupManagement] INFO  server.RaftServerConfigKeys (ConfUtils.java:logGet(46)) - raft.server.retrycache.statistics.expirytime = 100ms (default)
2024-01-26 21:34:18,651 [209e1d4e-6bc3-40d2-a53c-4015c1ab1ac0-groupManagement] INFO  server.RaftServerConfigKeys (ConfUtils.java:logGet(46)) - raft.server.read.option = DEFAULT (default)
2024-01-26 21:34:18,651 [209e1d4e-6bc3-40d2-a53c-4015c1ab1ac0-groupManagement] INFO  server.RaftServerConfigKeys (ConfUtils.java:logGet(46)) - raft.server.read.read-after-write-consistent.write-index-cache.expiry-time = 60s (default)
2024-01-26 21:34:18,644 [c424f152-b0b1-403f-ad43-57b6eddc8681-PipelineCommandHandlerThread-0] INFO  commandhandler.CreatePipelineCommandHandler (CreatePipelineCommandHandler.java:lambda$handle$2(124)) - Created Pipeline RATIS THREE PipelineID=6bb2a1d8-6a1b-481f-bac4-db88475e5c12.
2024-01-26 21:34:18,643 [7564b097-4325-4468-ae97-837bc55d7172-groupManagement] INFO  util.JmxRegister (JmxRegister.java:tryRegister(44)) - Successfully registered JMX Bean with object name Ratis:service=RaftServer,group=group-0160BF9DF5E3,id=7564b097-4325-4468-ae97-837bc55d7172
2024-01-26 21:34:18,649 [209e1d4e-6bc3-40d2-a53c-4015c1ab1ac0-PipelineCommandHandlerThread-0] INFO  server.RaftServer (RaftServerProxy.java:addNew(100)) - 209e1d4e-6bc3-40d2-a53c-4015c1ab1ac0: addNew group-0160BF9DF5E3:[209e1d4e-6bc3-40d2-a53c-4015c1ab1ac0|10.1.0.5:15050, 4166fb02-ca0d-4de6-a961-378c6a3b2890|10.1.0.5:15041, 7564b097-4325-4468-ae97-837bc55d7172|10.1.0.5:15059] returns group-0160BF9DF5E3:java.util.concurrent.CompletableFuture@35606dcd[Not completed]
2024-01-26 21:34:18,651 [7564b097-4325-4468-ae97-837bc55d7172-groupManagement] INFO  server.RaftServerConfigKeys (ConfUtils.java:logGet(46)) - raft.server.snapshot.trigger-when-stop.enabled = true (default)
2024-01-26 21:34:18,651 [c424f152-b0b1-403f-ad43-57b6eddc8681-PipelineCommandHandlerThread-0] INFO  server.RaftServer (RaftServerProxy.java:addNew(100)) - c424f152-b0b1-403f-ad43-57b6eddc8681: addNew group-C50F9A8FB292:[67e21e31-4dca-48e2-85b4-2f4b1b69db84|10.1.0.5:15014, a4a3addc-657d-412b-928e-3d6f899db221|10.1.0.5:15023, c424f152-b0b1-403f-ad43-57b6eddc8681|10.1.0.5:15032] returns group-C50F9A8FB292:java.util.concurrent.CompletableFuture@7bcfd2c6[Not completed]
2024-01-26 21:34:18,648 [67e21e31-4dca-48e2-85b4-2f4b1b69db84-PipelineCommandHandlerThread-0] INFO  commandhandler.CreatePipelineCommandHandler (CreatePipelineCommandHandler.java:lambda$handle$2(124)) - Created Pipeline RATIS THREE PipelineID=6bb2a1d8-6a1b-481f-bac4-db88475e5c12.
2024-01-26 21:34:18,651 [67e21e31-4dca-48e2-85b4-2f4b1b69db84-PipelineCommandHandlerThread-0] INFO  server.RaftServer (RaftServerProxy.java:addNew(100)) - 67e21e31-4dca-48e2-85b4-2f4b1b69db84: addNew group-C50F9A8FB292:[67e21e31-4dca-48e2-85b4-2f4b1b69db84|10.1.0.5:15014, a4a3addc-657d-412b-928e-3d6f899db221|10.1.0.5:15023, c424f152-b0b1-403f-ad43-57b6eddc8681|10.1.0.5:15032] returns group-C50F9A8FB292:java.util.concurrent.CompletableFuture@54f45e1[Not completed]
2024-01-26 21:34:18,652 [EventQueue-PipelineReportForPipelineReportHandler] INFO  pipeline.PipelineReportHandler (PipelineReportHandler.java:processPipelineReport(136)) - Opened pipeline PipelineID=dcb91808-ad69-4086-8b4c-c988c0f88cbb
2024-01-26 21:34:18,652 [EventQueue-OpenPipelineForHealthyPipelineSafeModeRule] INFO  safemode.SCMSafeModeManager (HealthyPipelineSafeModeRule.java:process(140)) - SCM in safe mode. Healthy pipelines reported count is 0, required healthy pipeline reported count is 1
2024-01-26 21:34:18,653 [c424f152-b0b1-403f-ad43-57b6eddc8681-groupManagement] INFO  server.RaftServer$Division (RaftServerImpl.java:<init>(256)) - c424f152-b0b1-403f-ad43-57b6eddc8681: new RaftServerImpl for group-C50F9A8FB292:[67e21e31-4dca-48e2-85b4-2f4b1b69db84|10.1.0.5:15014, a4a3addc-657d-412b-928e-3d6f899db221|10.1.0.5:15023, c424f152-b0b1-403f-ad43-57b6eddc8681|10.1.0.5:15032] with ContainerStateMachine:uninitialized
2024-01-26 21:34:18,653 [c424f152-b0b1-403f-ad43-57b6eddc8681-groupManagement] INFO  server.RaftServerConfigKeys (ConfUtils.java:logGet(46)) - raft.server.rpc.timeout.min = 5s (custom)
2024-01-26 21:34:18,653 [c424f152-b0b1-403f-ad43-57b6eddc8681-groupManagement] INFO  server.RaftServerConfigKeys (ConfUtils.java:logGet(46)) - raft.server.rpc.timeout.max = 5200ms (custom)
2024-01-26 21:34:18,653 [c424f152-b0b1-403f-ad43-57b6eddc8681-groupManagement] INFO  server.RaftServerConfigKeys (ConfUtils.java:logGet(46)) - raft.server.rpc.sleep.time = 25ms (default)
2024-01-26 21:34:18,653 [c424f152-b0b1-403f-ad43-57b6eddc8681-groupManagement] INFO  server.RaftServerConfigKeys (ConfUtils.java:logGet(46)) - raft.server.rpc.slowness.timeout = 300s (custom)
2024-01-26 21:34:18,653 [c424f152-b0b1-403f-ad43-57b6eddc8681-groupManagement] INFO  server.RaftServerConfigKeys (ConfUtils.java:logGet(46)) - raft.server.leaderelection.leader.step-down.wait-time = 10s (default)
2024-01-26 21:34:18,653 [c424f152-b0b1-403f-ad43-57b6eddc8681-groupManagement] INFO  server.RaftServerConfigKeys (ConfUtils.java:logGet(46)) - raft.server.leaderelection.member.majority-add = false (default)
2024-01-26 21:34:18,653 [c424f152-b0b1-403f-ad43-57b6eddc8681-groupManagement] INFO  server.RaftServerConfigKeys (ConfUtils.java:logGet(46)) - raft.server.sleep.deviation.threshold = 300ms (default)
2024-01-26 21:34:18,653 [c424f152-b0b1-403f-ad43-57b6eddc8681-groupManagement] INFO  server.RaftServer$Division (ServerState.java:<init>(113)) - c424f152-b0b1-403f-ad43-57b6eddc8681@group-C50F9A8FB292: ConfigurationManager, init=-1: peers:[67e21e31-4dca-48e2-85b4-2f4b1b69db84|10.1.0.5:15014, a4a3addc-657d-412b-928e-3d6f899db221|10.1.0.5:15023, c424f152-b0b1-403f-ad43-57b6eddc8681|10.1.0.5:15032]|listeners:[], old=null, confs=<EMPTY_MAP>
2024-01-26 21:34:18,653 [c424f152-b0b1-403f-ad43-57b6eddc8681-groupManagement] INFO  server.RaftServerConfigKeys (ConfUtils.java:logGet(46)) - raft.server.notification.no-leader.timeout = 300s (custom)
2024-01-26 21:34:18,653 [c424f152-b0b1-403f-ad43-57b6eddc8681-groupManagement] INFO  server.RaftServerConfigKeys (ConfUtils.java:logGet(46)) - raft.server.read.timeout = 10s (default)
2024-01-26 21:34:18,653 [c424f152-b0b1-403f-ad43-57b6eddc8681-groupManagement] INFO  server.RaftServerConfigKeys (ConfUtils.java:logGet(46)) - raft.server.retrycache.expirytime = 600000ms (custom)
2024-01-26 21:34:18,653 [c424f152-b0b1-403f-ad43-57b6eddc8681-groupManagement] INFO  server.RaftServerConfigKeys (ConfUtils.java:logGet(46)) - raft.server.retrycache.statistics.expirytime = 100ms (default)
2024-01-26 21:34:18,654 [c424f152-b0b1-403f-ad43-57b6eddc8681-groupManagement] INFO  server.RaftServerConfigKeys (ConfUtils.java:logGet(46)) - raft.server.read.option = DEFAULT (default)
2024-01-26 21:34:18,654 [c424f152-b0b1-403f-ad43-57b6eddc8681-groupManagement] INFO  server.RaftServerConfigKeys (ConfUtils.java:logGet(46)) - raft.server.read.read-after-write-consistent.write-index-cache.expiry-time = 60s (default)
2024-01-26 21:34:18,654 [a4a3addc-657d-412b-928e-3d6f899db221-groupManagement] INFO  storage.RaftStorageDirectory (RaftStorageDirectoryImpl.java:tryLock(228)) - Lock on /home/runner/work/ozone/ozone/hadoop-ozone/integration-test/target/test-dir/MiniOzoneClusterImpl-1af845c4-9ad0-4304-ad21-7f4426eccdbd/datanode-1/data/ratis/15d2e455-1fb4-4503-ac7a-c50f9a8fb292/in_use.lock acquired by nodename 39692@fv-az1566-86
2024-01-26 21:34:18,654 [67e21e31-4dca-48e2-85b4-2f4b1b69db84-groupManagement] INFO  server.RaftServer$Division (RaftServerImpl.java:<init>(256)) - 67e21e31-4dca-48e2-85b4-2f4b1b69db84: new RaftServerImpl for group-C50F9A8FB292:[67e21e31-4dca-48e2-85b4-2f4b1b69db84|10.1.0.5:15014, a4a3addc-657d-412b-928e-3d6f899db221|10.1.0.5:15023, c424f152-b0b1-403f-ad43-57b6eddc8681|10.1.0.5:15032] with ContainerStateMachine:uninitialized
2024-01-26 21:34:18,654 [67e21e31-4dca-48e2-85b4-2f4b1b69db84-groupManagement] INFO  server.RaftServerConfigKeys (ConfUtils.java:logGet(46)) - raft.server.rpc.timeout.min = 5s (custom)
2024-01-26 21:34:18,655 [67e21e31-4dca-48e2-85b4-2f4b1b69db84-groupManagement] INFO  server.RaftServerConfigKeys (ConfUtils.java:logGet(46)) - raft.server.rpc.timeout.max = 5200ms (custom)
2024-01-26 21:34:18,655 [67e21e31-4dca-48e2-85b4-2f4b1b69db84-groupManagement] INFO  server.RaftServerConfigKeys (ConfUtils.java:logGet(46)) - raft.server.rpc.sleep.time = 25ms (default)
2024-01-26 21:34:18,655 [67e21e31-4dca-48e2-85b4-2f4b1b69db84-groupManagement] INFO  server.RaftServerConfigKeys (ConfUtils.java:logGet(46)) - raft.server.rpc.slowness.timeout = 300s (custom)
2024-01-26 21:34:18,655 [67e21e31-4dca-48e2-85b4-2f4b1b69db84-groupManagement] INFO  server.RaftServerConfigKeys (ConfUtils.java:logGet(46)) - raft.server.leaderelection.leader.step-down.wait-time = 10s (default)
2024-01-26 21:34:18,655 [67e21e31-4dca-48e2-85b4-2f4b1b69db84-groupManagement] INFO  server.RaftServerConfigKeys (ConfUtils.java:logGet(46)) - raft.server.leaderelection.member.majority-add = false (default)
2024-01-26 21:34:18,655 [67e21e31-4dca-48e2-85b4-2f4b1b69db84-groupManagement] INFO  server.RaftServerConfigKeys (ConfUtils.java:logGet(46)) - raft.server.sleep.deviation.threshold = 300ms (default)
2024-01-26 21:34:18,655 [67e21e31-4dca-48e2-85b4-2f4b1b69db84-groupManagement] INFO  server.RaftServer$Division (ServerState.java:<init>(113)) - 67e21e31-4dca-48e2-85b4-2f4b1b69db84@group-C50F9A8FB292: ConfigurationManager, init=-1: peers:[67e21e31-4dca-48e2-85b4-2f4b1b69db84|10.1.0.5:15014, a4a3addc-657d-412b-928e-3d6f899db221|10.1.0.5:15023, c424f152-b0b1-403f-ad43-57b6eddc8681|10.1.0.5:15032]|listeners:[], old=null, confs=<EMPTY_MAP>
2024-01-26 21:34:18,655 [67e21e31-4dca-48e2-85b4-2f4b1b69db84-groupManagement] INFO  server.RaftServerConfigKeys (ConfUtils.java:logGet(46)) - raft.server.notification.no-leader.timeout = 300s (custom)
2024-01-26 21:34:18,655 [67e21e31-4dca-48e2-85b4-2f4b1b69db84-groupManagement] INFO  server.RaftServerConfigKeys (ConfUtils.java:logGet(46)) - raft.server.read.timeout = 10s (default)
2024-01-26 21:34:18,655 [67e21e31-4dca-48e2-85b4-2f4b1b69db84-groupManagement] INFO  server.RaftServerConfigKeys (ConfUtils.java:logGet(46)) - raft.server.retrycache.expirytime = 600000ms (custom)
2024-01-26 21:34:18,655 [67e21e31-4dca-48e2-85b4-2f4b1b69db84-groupManagement] INFO  server.RaftServerConfigKeys (ConfUtils.java:logGet(46)) - raft.server.retrycache.statistics.expirytime = 100ms (default)
2024-01-26 21:34:18,655 [67e21e31-4dca-48e2-85b4-2f4b1b69db84-groupManagement] INFO  server.RaftServerConfigKeys (ConfUtils.java:logGet(46)) - raft.server.read.option = DEFAULT (default)
2024-01-26 21:34:18,656 [67e21e31-4dca-48e2-85b4-2f4b1b69db84-groupManagement] INFO  server.RaftServerConfigKeys (ConfUtils.java:logGet(46)) - raft.server.read.read-after-write-consistent.write-index-cache.expiry-time = 60s (default)
2024-01-26 21:34:18,656 [a4a3addc-657d-412b-928e-3d6f899db221-groupManagement] INFO  storage.RaftStorage (RaftStorageImpl.java:format(99)) - Storage directory /home/runner/work/ozone/ozone/hadoop-ozone/integration-test/target/test-dir/MiniOzoneClusterImpl-1af845c4-9ad0-4304-ad21-7f4426eccdbd/datanode-1/data/ratis/15d2e455-1fb4-4503-ac7a-c50f9a8fb292 has been successfully formatted.
2024-01-26 21:34:18,656 [a4a3addc-657d-412b-928e-3d6f899db221-groupManagement] WARN  util.FileUtils (LogUtils.java:supplyAndLog(63)) - Failed to Files.newInputStream /home/runner/work/ozone/ozone/hadoop-ozone/integration-test/target/test-dir/MiniOzoneClusterImpl-1af845c4-9ad0-4304-ad21-7f4426eccdbd/datanode-1/data/ratis/15d2e455-1fb4-4503-ac7a-c50f9a8fb292/current/raft-meta.conf with options []: java.nio.file.NoSuchFileException: /home/runner/work/ozone/ozone/hadoop-ozone/integration-test/target/test-dir/MiniOzoneClusterImpl-1af845c4-9ad0-4304-ad21-7f4426eccdbd/datanode-1/data/ratis/15d2e455-1fb4-4503-ac7a-c50f9a8fb292/current/raft-meta.conf
2024-01-26 21:34:18,656 [a4a3addc-657d-412b-928e-3d6f899db221-groupManagement] INFO  ratis.ContainerStateMachine (ContainerStateMachine.java:loadSnapshot(287)) - group-C50F9A8FB292: The snapshot info is null. Setting the last applied index to:(t:0, i:~)
2024-01-26 21:34:18,656 [a4a3addc-657d-412b-928e-3d6f899db221-groupManagement] INFO  server.RaftServerConfigKeys (ConfUtils.java:logGet(46)) - raft.server.log.use.memory = false (default)
2024-01-26 21:34:18,657 [a4a3addc-657d-412b-928e-3d6f899db221-groupManagement] INFO  server.RaftServerConfigKeys (ConfUtils.java:logGet(46)) - raft.server.log.purge.gap = 1000000 (custom)
2024-01-26 21:34:18,651 [7564b097-4325-4468-ae97-837bc55d7172-groupManagement] INFO  server.RaftServerConfigKeys (ConfUtils.java:logGet(46)) - raft.server.snapshot.auto.trigger.enabled = true (custom)
2024-01-26 21:34:18,661 [a4a3addc-657d-412b-928e-3d6f899db221-groupManagement] INFO  server.RaftServerConfigKeys (ConfUtils.java:logGet(46)) - raft.server.log.appender.buffer.byte-limit = 8388608 (custom)
2024-01-26 21:34:18,661 [7564b097-4325-4468-ae97-837bc55d7172-groupManagement] INFO  server.RaftServerConfigKeys (ConfUtils.java:logGet(46)) - raft.server.snapshot.auto.trigger.threshold = 10000 (custom)
2024-01-26 21:34:18,661 [a4a3addc-657d-412b-928e-3d6f899db221-groupManagement] INFO  server.RaftServerConfigKeys (ConfUtils.java:logGet(46)) - raft.server.log.statemachine.data.read.timeout = 1000ms (default)
2024-01-26 21:34:18,662 [7564b097-4325-4468-ae97-837bc55d7172-groupManagement] INFO  server.RaftServerConfigKeys (ConfUtils.java:logGet(46)) - raft.server.snapshot.retention.file.num = 5 (custom)
2024-01-26 21:34:18,662 [a4a3addc-657d-412b-928e-3d6f899db221-groupManagement] INFO  server.RaftServerConfigKeys (ConfUtils.java:logGet(46)) - raft.server.log.purge.preservation.log.num = 0 (default)
2024-01-26 21:34:18,662 [7564b097-4325-4468-ae97-837bc55d7172-groupManagement] INFO  server.RaftServerConfigKeys (ConfUtils.java:logGet(46)) - raft.server.log.purge.upto.snapshot.index = false (default)
2024-01-26 21:34:18,663 [EventQueue-OpenPipelineForHealthyPipelineSafeModeRule] INFO  safemode.SCMSafeModeManager (HealthyPipelineSafeModeRule.java:process(140)) - SCM in safe mode. Healthy pipelines reported count is 0, required healthy pipeline reported count is 1
2024-01-26 21:34:18,669 [4166fb02-ca0d-4de6-a961-378c6a3b2890-PipelineCommandHandlerThread-0] INFO  commandhandler.CreatePipelineCommandHandler (CreatePipelineCommandHandler.java:lambda$handle$2(124)) - Created Pipeline RATIS THREE PipelineID=e8f02a36-9888-42d8-bc87-6aeb2531d713.
2024-01-26 21:34:18,671 [4166fb02-ca0d-4de6-a961-378c6a3b2890-PipelineCommandHandlerThread-0] INFO  server.RaftServer (RaftServerProxy.java:addNew(100)) - 4166fb02-ca0d-4de6-a961-378c6a3b2890: addNew group-0160BF9DF5E3:[209e1d4e-6bc3-40d2-a53c-4015c1ab1ac0|10.1.0.5:15050, 4166fb02-ca0d-4de6-a961-378c6a3b2890|10.1.0.5:15041, 7564b097-4325-4468-ae97-837bc55d7172|10.1.0.5:15059] returns group-0160BF9DF5E3:java.util.concurrent.CompletableFuture@7ff7aef4[Not completed]
2024-01-26 21:34:18,671 [4166fb02-ca0d-4de6-a961-378c6a3b2890-groupManagement] INFO  server.RaftServer$Division (RaftServerImpl.java:<init>(256)) - 4166fb02-ca0d-4de6-a961-378c6a3b2890: new RaftServerImpl for group-0160BF9DF5E3:[209e1d4e-6bc3-40d2-a53c-4015c1ab1ac0|10.1.0.5:15050, 4166fb02-ca0d-4de6-a961-378c6a3b2890|10.1.0.5:15041, 7564b097-4325-4468-ae97-837bc55d7172|10.1.0.5:15059] with ContainerStateMachine:uninitialized
2024-01-26 21:34:18,672 [4166fb02-ca0d-4de6-a961-378c6a3b2890-groupManagement] INFO  server.RaftServerConfigKeys (ConfUtils.java:logGet(46)) - raft.server.rpc.timeout.min = 5s (custom)
2024-01-26 21:34:18,672 [4166fb02-ca0d-4de6-a961-378c6a3b2890-groupManagement] INFO  server.RaftServerConfigKeys (ConfUtils.java:logGet(46)) - raft.server.rpc.timeout.max = 5200ms (custom)
2024-01-26 21:34:18,672 [4166fb02-ca0d-4de6-a961-378c6a3b2890-groupManagement] INFO  server.RaftServerConfigKeys (ConfUtils.java:logGet(46)) - raft.server.rpc.sleep.time = 25ms (default)
2024-01-26 21:34:18,672 [4166fb02-ca0d-4de6-a961-378c6a3b2890-groupManagement] INFO  server.RaftServerConfigKeys (ConfUtils.java:logGet(46)) - raft.server.rpc.slowness.timeout = 300s (custom)
2024-01-26 21:34:18,672 [4166fb02-ca0d-4de6-a961-378c6a3b2890-groupManagement] INFO  server.RaftServerConfigKeys (ConfUtils.java:logGet(46)) - raft.server.leaderelection.leader.step-down.wait-time = 10s (default)
2024-01-26 21:34:18,672 [4166fb02-ca0d-4de6-a961-378c6a3b2890-groupManagement] INFO  server.RaftServerConfigKeys (ConfUtils.java:logGet(46)) - raft.server.leaderelection.member.majority-add = false (default)
2024-01-26 21:34:18,672 [4166fb02-ca0d-4de6-a961-378c6a3b2890-groupManagement] INFO  server.RaftServerConfigKeys (ConfUtils.java:logGet(46)) - raft.server.sleep.deviation.threshold = 300ms (default)
2024-01-26 21:34:18,672 [4166fb02-ca0d-4de6-a961-378c6a3b2890-groupManagement] INFO  server.RaftServer$Division (ServerState.java:<init>(113)) - 4166fb02-ca0d-4de6-a961-378c6a3b2890@group-0160BF9DF5E3: ConfigurationManager, init=-1: peers:[209e1d4e-6bc3-40d2-a53c-4015c1ab1ac0|10.1.0.5:15050, 4166fb02-ca0d-4de6-a961-378c6a3b2890|10.1.0.5:15041, 7564b097-4325-4468-ae97-837bc55d7172|10.1.0.5:15059]|listeners:[], old=null, confs=<EMPTY_MAP>
2024-01-26 21:34:18,672 [4166fb02-ca0d-4de6-a961-378c6a3b2890-groupManagement] INFO  server.RaftServerConfigKeys (ConfUtils.java:logGet(46)) - raft.server.notification.no-leader.timeout = 300s (custom)
2024-01-26 21:34:18,672 [4166fb02-ca0d-4de6-a961-378c6a3b2890-groupManagement] INFO  server.RaftServerConfigKeys (ConfUtils.java:logGet(46)) - raft.server.read.timeout = 10s (default)
2024-01-26 21:34:18,672 [4166fb02-ca0d-4de6-a961-378c6a3b2890-groupManagement] INFO  server.RaftServerConfigKeys (ConfUtils.java:logGet(46)) - raft.server.retrycache.expirytime = 600000ms (custom)
2024-01-26 21:34:18,672 [4166fb02-ca0d-4de6-a961-378c6a3b2890-groupManagement] INFO  server.RaftServerConfigKeys (ConfUtils.java:logGet(46)) - raft.server.retrycache.statistics.expirytime = 100ms (default)
2024-01-26 21:34:18,673 [4166fb02-ca0d-4de6-a961-378c6a3b2890-groupManagement] INFO  server.RaftServerConfigKeys (ConfUtils.java:logGet(46)) - raft.server.read.option = DEFAULT (default)
2024-01-26 21:34:18,673 [4166fb02-ca0d-4de6-a961-378c6a3b2890-groupManagement] INFO  server.RaftServerConfigKeys (ConfUtils.java:logGet(46)) - raft.server.read.read-after-write-consistent.write-index-cache.expiry-time = 60s (default)
2024-01-26 21:34:18,674 [7564b097-4325-4468-ae97-837bc55d7172-PipelineCommandHandlerThread-0] INFO  ratis.XceiverServerRatis (XceiverServerRatis.java:addGroup(842)) - Created group PipelineID=fe620031-71af-48f5-85ea-0160bf9df5e3
2024-01-26 21:34:18,682 [615e0ce5-d68a-4764-9dce-a037122bf2b4-groupManagement] INFO  server.RaftServerConfigKeys (ConfUtils.java:logGet(46)) - raft.server.log.segment.size.max = 67108864 (custom)
2024-01-26 21:34:18,693 [615e0ce5-d68a-4764-9dce-a037122bf2b4-groupManagement] INFO  server.RaftServerConfigKeys (ConfUtils.java:logGet(46)) - raft.server.log.segment.cache.num.max = 2 (custom)
2024-01-26 21:34:18,693 [615e0ce5-d68a-4764-9dce-a037122bf2b4-groupManagement] INFO  server.RaftServerConfigKeys (ConfUtils.java:logGet(46)) - raft.server.log.segment.cache.size.max = 200MB (=209715200) (default)
2024-01-26 21:34:18,693 [615e0ce5-d68a-4764-9dce-a037122bf2b4-groupManagement] INFO  server.RaftServerConfigKeys (ConfUtils.java:logGet(46)) - raft.server.log.appender.buffer.byte-limit = 8388608 (custom)
2024-01-26 21:34:18,695 [85a76c17-24cd-4caa-b4c9-2f056bfd6b3c-PipelineCommandHandlerThread-0] INFO  server.RaftServer (RaftServerProxy.java:addNew(100)) - 85a76c17-24cd-4caa-b4c9-2f056bfd6b3c: addNew group-6F64BEE8AA29:[85a76c17-24cd-4caa-b4c9-2f056bfd6b3c|10.1.0.5:15077] returns group-6F64BEE8AA29:java.util.concurrent.CompletableFuture@a2b8223[Not completed]
2024-01-26 21:34:18,696 [615e0ce5-d68a-4764-9dce-a037122bf2b4-groupManagement] INFO  util.AwaitToRun (AwaitToRun.java:start(81)) - Thread[615e0ce5-d68a-4764-9dce-a037122bf2b4@group-C988C0F88CBB-cacheEviction-AwaitToRun,5,main] started
2024-01-26 21:34:18,697 [615e0ce5-d68a-4764-9dce-a037122bf2b4-groupManagement] INFO  segmented.SegmentedRaftLogWorker (SegmentedRaftLogWorker.java:<init>(182)) - new 615e0ce5-d68a-4764-9dce-a037122bf2b4@group-C988C0F88CBB-SegmentedRaftLogWorker for RaftStorageImpl:Storage Directory /home/runner/work/ozone/ozone/hadoop-ozone/integration-test/target/test-dir/MiniOzoneClusterImpl-1af845c4-9ad0-4304-ad21-7f4426eccdbd/datanode-6/data/ratis/dcb91808-ad69-4086-8b4c-c988c0f88cbb
2024-01-26 21:34:18,697 [615e0ce5-d68a-4764-9dce-a037122bf2b4-groupManagement] INFO  server.RaftServerConfigKeys (ConfUtils.java:logGet(46)) - raft.server.log.queue.byte-limit = 4294967296 (custom)
2024-01-26 21:34:18,698 [615e0ce5-d68a-4764-9dce-a037122bf2b4-groupManagement] INFO  server.RaftServerConfigKeys (ConfUtils.java:logGet(46)) - raft.server.log.queue.element-limit = 1024 (custom)
2024-01-26 21:34:18,698 [615e0ce5-d68a-4764-9dce-a037122bf2b4-groupManagement] INFO  server.RaftServerConfigKeys (ConfUtils.java:logGet(46)) - raft.server.log.segment.size.max = 67108864 (custom)
2024-01-26 21:34:18,698 [615e0ce5-d68a-4764-9dce-a037122bf2b4-groupManagement] INFO  server.RaftServerConfigKeys (ConfUtils.java:logGet(46)) - raft.server.log.preallocated.size = 4194304 (custom)
2024-01-26 21:34:18,698 [615e0ce5-d68a-4764-9dce-a037122bf2b4-groupManagement] INFO  server.RaftServerConfigKeys (ConfUtils.java:logGet(46)) - raft.server.log.force.sync.num = 128 (default)
2024-01-26 21:34:18,698 [615e0ce5-d68a-4764-9dce-a037122bf2b4-groupManagement] INFO  server.RaftServerConfigKeys (ConfUtils.java:logGet(46)) - raft.server.log.statemachine.data.sync = true (default)
2024-01-26 21:34:18,698 [615e0ce5-d68a-4764-9dce-a037122bf2b4-groupManagement] INFO  server.RaftServerConfigKeys (ConfUtils.java:logGet(46)) - raft.server.log.statemachine.data.sync.timeout = 10s (default)
2024-01-26 21:34:18,698 [615e0ce5-d68a-4764-9dce-a037122bf2b4-groupManagement] INFO  server.RaftServerConfigKeys (ConfUtils.java:logGet(46)) - raft.server.log.statemachine.data.sync.timeout.retry = 0 (custom)
2024-01-26 21:34:18,705 [a4a3addc-657d-412b-928e-3d6f899db221-groupManagement] INFO  server.RaftServerConfigKeys (ConfUtils.java:logGet(46)) - raft.server.log.segment.size.max = 67108864 (custom)
2024-01-26 21:34:18,706 [615e0ce5-d68a-4764-9dce-a037122bf2b4-groupManagement] INFO  server.RaftServerConfigKeys (ConfUtils.java:logGet(46)) - raft.server.log.write.buffer.size = 8388616 (custom)
2024-01-26 21:34:18,708 [615e0ce5-d68a-4764-9dce-a037122bf2b4-groupManagement] INFO  server.RaftServerConfigKeys (ConfUtils.java:logGet(46)) - raft.server.log.appender.buffer.byte-limit = 8388608 (custom)
2024-01-26 21:34:18,708 [615e0ce5-d68a-4764-9dce-a037122bf2b4-groupManagement] INFO  server.RaftServerConfigKeys (ConfUtils.java:logGet(46)) - raft.server.log.unsafe-flush.enabled = false (default)
2024-01-26 21:34:18,708 [615e0ce5-d68a-4764-9dce-a037122bf2b4-groupManagement] INFO  server.RaftServerConfigKeys (ConfUtils.java:logGet(46)) - raft.server.log.async-flush.enabled = false (default)
2024-01-26 21:34:18,708 [615e0ce5-d68a-4764-9dce-a037122bf2b4-groupManagement] INFO  server.RaftServerConfigKeys (ConfUtils.java:logGet(46)) - raft.server.log.statemachine.data.caching.enabled = true (custom)
2024-01-26 21:34:18,708 [615e0ce5-d68a-4764-9dce-a037122bf2b4-groupManagement] INFO  segmented.SegmentedRaftLogWorker (SegmentedRaftLogWorker.java:lambda$new$0(134)) - 615e0ce5-d68a-4764-9dce-a037122bf2b4@group-C988C0F88CBB-SegmentedRaftLogWorker: flushIndex: setUnconditionally 0 -> -1
2024-01-26 21:34:18,708 [615e0ce5-d68a-4764-9dce-a037122bf2b4-groupManagement] INFO  segmented.SegmentedRaftLogWorker (SegmentedRaftLogWorker.java:lambda$new$0(134)) - 615e0ce5-d68a-4764-9dce-a037122bf2b4@group-C988C0F88CBB-SegmentedRaftLogWorker: safeCacheEvictIndex: setUnconditionally 0 -> -1
2024-01-26 21:34:18,711 [a4a3addc-657d-412b-928e-3d6f899db221-groupManagement] INFO  server.RaftServerConfigKeys (ConfUtils.java:logGet(46)) - raft.server.log.segment.cache.num.max = 2 (custom)
2024-01-26 21:34:18,711 [a4a3addc-657d-412b-928e-3d6f899db221-groupManagement] INFO  server.RaftServerConfigKeys (ConfUtils.java:logGet(46)) - raft.server.log.segment.cache.size.max = 200MB (=209715200) (default)
2024-01-26 21:34:18,711 [a4a3addc-657d-412b-928e-3d6f899db221-groupManagement] INFO  server.RaftServerConfigKeys (ConfUtils.java:logGet(46)) - raft.server.log.appender.buffer.byte-limit = 8388608 (custom)
2024-01-26 21:34:18,713 [85a76c17-24cd-4caa-b4c9-2f056bfd6b3c-groupManagement] INFO  server.RaftServer$Division (RaftServerImpl.java:<init>(256)) - 85a76c17-24cd-4caa-b4c9-2f056bfd6b3c: new RaftServerImpl for group-6F64BEE8AA29:[85a76c17-24cd-4caa-b4c9-2f056bfd6b3c|10.1.0.5:15077] with ContainerStateMachine:uninitialized
2024-01-26 21:34:18,713 [85a76c17-24cd-4caa-b4c9-2f056bfd6b3c-groupManagement] INFO  server.RaftServerConfigKeys (ConfUtils.java:logGet(46)) - raft.server.rpc.timeout.min = 5s (custom)
2024-01-26 21:34:18,713 [85a76c17-24cd-4caa-b4c9-2f056bfd6b3c-groupManagement] INFO  server.RaftServerConfigKeys (ConfUtils.java:logGet(46)) - raft.server.rpc.timeout.max = 5200ms (custom)
2024-01-26 21:34:18,713 [85a76c17-24cd-4caa-b4c9-2f056bfd6b3c-groupManagement] INFO  server.RaftServerConfigKeys (ConfUtils.java:logGet(46)) - raft.server.rpc.sleep.time = 25ms (default)
2024-01-26 21:34:18,713 [85a76c17-24cd-4caa-b4c9-2f056bfd6b3c-groupManagement] INFO  server.RaftServerConfigKeys (ConfUtils.java:logGet(46)) - raft.server.rpc.slowness.timeout = 300s (custom)
2024-01-26 21:34:18,713 [85a76c17-24cd-4caa-b4c9-2f056bfd6b3c-groupManagement] INFO  server.RaftServerConfigKeys (ConfUtils.java:logGet(46)) - raft.server.leaderelection.leader.step-down.wait-time = 10s (default)
2024-01-26 21:34:18,713 [85a76c17-24cd-4caa-b4c9-2f056bfd6b3c-groupManagement] INFO  server.RaftServerConfigKeys (ConfUtils.java:logGet(46)) - raft.server.leaderelection.member.majority-add = false (default)
2024-01-26 21:34:18,714 [85a76c17-24cd-4caa-b4c9-2f056bfd6b3c-groupManagement] INFO  server.RaftServerConfigKeys (ConfUtils.java:logGet(46)) - raft.server.sleep.deviation.threshold = 300ms (default)
2024-01-26 21:34:18,714 [85a76c17-24cd-4caa-b4c9-2f056bfd6b3c-groupManagement] INFO  server.RaftServer$Division (ServerState.java:<init>(113)) - 85a76c17-24cd-4caa-b4c9-2f056bfd6b3c@group-6F64BEE8AA29: ConfigurationManager, init=-1: peers:[85a76c17-24cd-4caa-b4c9-2f056bfd6b3c|10.1.0.5:15077]|listeners:[], old=null, confs=<EMPTY_MAP>
2024-01-26 21:34:18,714 [85a76c17-24cd-4caa-b4c9-2f056bfd6b3c-groupManagement] INFO  server.RaftServerConfigKeys (ConfUtils.java:logGet(46)) - raft.server.notification.no-leader.timeout = 300s (custom)
2024-01-26 21:34:18,714 [85a76c17-24cd-4caa-b4c9-2f056bfd6b3c-groupManagement] INFO  server.RaftServerConfigKeys (ConfUtils.java:logGet(46)) - raft.server.read.timeout = 10s (default)
2024-01-26 21:34:18,714 [85a76c17-24cd-4caa-b4c9-2f056bfd6b3c-groupManagement] INFO  server.RaftServerConfigKeys (ConfUtils.java:logGet(46)) - raft.server.retrycache.expirytime = 600000ms (custom)
2024-01-26 21:34:18,714 [85a76c17-24cd-4caa-b4c9-2f056bfd6b3c-groupManagement] INFO  server.RaftServerConfigKeys (ConfUtils.java:logGet(46)) - raft.server.retrycache.statistics.expirytime = 100ms (default)
2024-01-26 21:34:18,714 [85a76c17-24cd-4caa-b4c9-2f056bfd6b3c-groupManagement] INFO  server.RaftServerConfigKeys (ConfUtils.java:logGet(46)) - raft.server.read.option = DEFAULT (default)
2024-01-26 21:34:18,714 [85a76c17-24cd-4caa-b4c9-2f056bfd6b3c-groupManagement] INFO  server.RaftServerConfigKeys (ConfUtils.java:logGet(46)) - raft.server.read.read-after-write-consistent.write-index-cache.expiry-time = 60s (default)
2024-01-26 21:34:18,718 [615e0ce5-d68a-4764-9dce-a037122bf2b4-groupManagement] INFO  server.RaftServer$Division (RaftServerImpl.java:start(396)) - 615e0ce5-d68a-4764-9dce-a037122bf2b4@group-C988C0F88CBB: start as a follower, conf=-1: peers:[615e0ce5-d68a-4764-9dce-a037122bf2b4|10.1.0.5:15068]|listeners:[], old=null
2024-01-26 21:34:18,718 [615e0ce5-d68a-4764-9dce-a037122bf2b4-groupManagement] INFO  server.RaftServer$Division (RaftServerImpl.java:setRole(383)) - 615e0ce5-d68a-4764-9dce-a037122bf2b4@group-C988C0F88CBB: changes role from      null to FOLLOWER at term 0 for startAsFollower
2024-01-26 21:34:18,719 [209e1d4e-6bc3-40d2-a53c-4015c1ab1ac0-groupManagement] INFO  server.RaftServerConfigKeys (ConfUtils.java:logGet(46)) - raft.server.rpc.request.timeout = 60s (custom)
2024-01-26 21:34:18,719 [209e1d4e-6bc3-40d2-a53c-4015c1ab1ac0-groupManagement] INFO  server.RaftServerConfigKeys (ConfUtils.java:logGet(46)) - raft.server.log.appender.install.snapshot.enabled = false (custom)
2024-01-26 21:34:18,719 [209e1d4e-6bc3-40d2-a53c-4015c1ab1ac0-groupManagement] INFO  server.RaftServerConfigKeys (ConfUtils.java:logGet(46)) - raft.server.threadpool.server.cached = true (default)
2024-01-26 21:34:18,719 [209e1d4e-6bc3-40d2-a53c-4015c1ab1ac0-groupManagement] INFO  server.RaftServerConfigKeys (ConfUtils.java:logGet(46)) - raft.server.threadpool.server.size = 0 (default)
2024-01-26 21:34:18,719 [209e1d4e-6bc3-40d2-a53c-4015c1ab1ac0-groupManagement] INFO  server.RaftServerConfigKeys (ConfUtils.java:logGet(46)) - raft.server.threadpool.client.cached = true (default)
2024-01-26 21:34:18,719 [209e1d4e-6bc3-40d2-a53c-4015c1ab1ac0-groupManagement] INFO  server.RaftServerConfigKeys (ConfUtils.java:logGet(46)) - raft.server.threadpool.client.size = 0 (default)
2024-01-26 21:34:18,719 [209e1d4e-6bc3-40d2-a53c-4015c1ab1ac0-groupManagement] INFO  server.RaftServerConfigKeys (ConfUtils.java:logGet(46)) - raft.server.storage.free-space.min = 0MB (=0) (default)
2024-01-26 21:34:18,719 [209e1d4e-6bc3-40d2-a53c-4015c1ab1ac0-groupManagement] INFO  server.RaftServerConfigKeys (ConfUtils.java:logGet(46)) - raft.server.log.corruption.policy = EXCEPTION (default)
2024-01-26 21:34:18,719 [209e1d4e-6bc3-40d2-a53c-4015c1ab1ac0-groupManagement] INFO  server.RaftServerConfigKeys (ConfUtils.java:logGet(46)) - raft.server.storage.dir = [/home/runner/work/ozone/ozone/hadoop-ozone/integration-test/target/test-dir/MiniOzoneClusterImpl-1af845c4-9ad0-4304-ad21-7f4426eccdbd/datanode-4/data/ratis] (custom)
2024-01-26 21:34:18,720 [209e1d4e-6bc3-40d2-a53c-4015c1ab1ac0-groupManagement] INFO  storage.RaftStorageDirectory (RaftStorageDirectoryImpl.java:analyzeStorage(138)) - The storage directory /home/runner/work/ozone/ozone/hadoop-ozone/integration-test/target/test-dir/MiniOzoneClusterImpl-1af845c4-9ad0-4304-ad21-7f4426eccdbd/datanode-4/data/ratis/fe620031-71af-48f5-85ea-0160bf9df5e3 does not exist. Creating ...
2024-01-26 21:34:18,720 [c424f152-b0b1-403f-ad43-57b6eddc8681-groupManagement] INFO  server.RaftServerConfigKeys (ConfUtils.java:logGet(46)) - raft.server.rpc.request.timeout = 60s (custom)
2024-01-26 21:34:18,721 [c424f152-b0b1-403f-ad43-57b6eddc8681-groupManagement] INFO  server.RaftServerConfigKeys (ConfUtils.java:logGet(46)) - raft.server.log.appender.install.snapshot.enabled = false (custom)
2024-01-26 21:34:18,721 [c424f152-b0b1-403f-ad43-57b6eddc8681-groupManagement] INFO  server.RaftServerConfigKeys (ConfUtils.java:logGet(46)) - raft.server.threadpool.server.cached = true (default)
2024-01-26 21:34:18,721 [c424f152-b0b1-403f-ad43-57b6eddc8681-groupManagement] INFO  server.RaftServerConfigKeys (ConfUtils.java:logGet(46)) - raft.server.threadpool.server.size = 0 (default)
2024-01-26 21:34:18,721 [c424f152-b0b1-403f-ad43-57b6eddc8681-groupManagement] INFO  server.RaftServerConfigKeys (ConfUtils.java:logGet(46)) - raft.server.threadpool.client.cached = true (default)
2024-01-26 21:34:18,721 [c424f152-b0b1-403f-ad43-57b6eddc8681-groupManagement] INFO  server.RaftServerConfigKeys (ConfUtils.java:logGet(46)) - raft.server.threadpool.client.size = 0 (default)
2024-01-26 21:34:18,721 [c424f152-b0b1-403f-ad43-57b6eddc8681-groupManagement] INFO  server.RaftServerConfigKeys (ConfUtils.java:logGet(46)) - raft.server.storage.free-space.min = 0MB (=0) (default)
2024-01-26 21:34:18,721 [c424f152-b0b1-403f-ad43-57b6eddc8681-groupManagement] INFO  server.RaftServerConfigKeys (ConfUtils.java:logGet(46)) - raft.server.log.corruption.policy = EXCEPTION (default)
2024-01-26 21:34:18,721 [c424f152-b0b1-403f-ad43-57b6eddc8681-groupManagement] INFO  server.RaftServerConfigKeys (ConfUtils.java:logGet(46)) - raft.server.storage.dir = [/home/runner/work/ozone/ozone/hadoop-ozone/integration-test/target/test-dir/MiniOzoneClusterImpl-1af845c4-9ad0-4304-ad21-7f4426eccdbd/datanode-2/data/ratis] (custom)
2024-01-26 21:34:18,722 [c424f152-b0b1-403f-ad43-57b6eddc8681-groupManagement] INFO  storage.RaftStorageDirectory (RaftStorageDirectoryImpl.java:analyzeStorage(138)) - The storage directory /home/runner/work/ozone/ozone/hadoop-ozone/integration-test/target/test-dir/MiniOzoneClusterImpl-1af845c4-9ad0-4304-ad21-7f4426eccdbd/datanode-2/data/ratis/15d2e455-1fb4-4503-ac7a-c50f9a8fb292 does not exist. Creating ...
2024-01-26 21:34:18,722 [209e1d4e-6bc3-40d2-a53c-4015c1ab1ac0-groupManagement] INFO  storage.RaftStorageDirectory (RaftStorageDirectoryImpl.java:tryLock(228)) - Lock on /home/runner/work/ozone/ozone/hadoop-ozone/integration-test/target/test-dir/MiniOzoneClusterImpl-1af845c4-9ad0-4304-ad21-7f4426eccdbd/datanode-4/data/ratis/fe620031-71af-48f5-85ea-0160bf9df5e3/in_use.lock acquired by nodename 39692@fv-az1566-86
2024-01-26 21:34:18,723 [a4a3addc-657d-412b-928e-3d6f899db221-groupManagement] INFO  util.AwaitToRun (AwaitToRun.java:start(81)) - Thread[a4a3addc-657d-412b-928e-3d6f899db221@group-C50F9A8FB292-cacheEviction-AwaitToRun,5,main] started
2024-01-26 21:34:18,723 [615e0ce5-d68a-4764-9dce-a037122bf2b4-groupManagement] INFO  impl.RoleInfo (RoleInfo.java:updateAndGet(139)) - 615e0ce5-d68a-4764-9dce-a037122bf2b4: start 615e0ce5-d68a-4764-9dce-a037122bf2b4@group-C988C0F88CBB-FollowerState
2024-01-26 21:34:18,723 [a4a3addc-657d-412b-928e-3d6f899db221-groupManagement] INFO  segmented.SegmentedRaftLogWorker (SegmentedRaftLogWorker.java:<init>(182)) - new a4a3addc-657d-412b-928e-3d6f899db221@group-C50F9A8FB292-SegmentedRaftLogWorker for RaftStorageImpl:Storage Directory /home/runner/work/ozone/ozone/hadoop-ozone/integration-test/target/test-dir/MiniOzoneClusterImpl-1af845c4-9ad0-4304-ad21-7f4426eccdbd/datanode-1/data/ratis/15d2e455-1fb4-4503-ac7a-c50f9a8fb292
2024-01-26 21:34:18,728 [a4a3addc-657d-412b-928e-3d6f899db221-groupManagement] INFO  server.RaftServerConfigKeys (ConfUtils.java:logGet(46)) - raft.server.log.queue.byte-limit = 4294967296 (custom)
2024-01-26 21:34:18,728 [a4a3addc-657d-412b-928e-3d6f899db221-groupManagement] INFO  server.RaftServerConfigKeys (ConfUtils.java:logGet(46)) - raft.server.log.queue.element-limit = 1024 (custom)
2024-01-26 21:34:18,728 [a4a3addc-657d-412b-928e-3d6f899db221-groupManagement] INFO  server.RaftServerConfigKeys (ConfUtils.java:logGet(46)) - raft.server.log.segment.size.max = 67108864 (custom)
2024-01-26 21:34:18,728 [a4a3addc-657d-412b-928e-3d6f899db221-groupManagement] INFO  server.RaftServerConfigKeys (ConfUtils.java:logGet(46)) - raft.server.log.preallocated.size = 4194304 (custom)
2024-01-26 21:34:18,728 [a4a3addc-657d-412b-928e-3d6f899db221-groupManagement] INFO  server.RaftServerConfigKeys (ConfUtils.java:logGet(46)) - raft.server.log.force.sync.num = 128 (default)
2024-01-26 21:34:18,728 [a4a3addc-657d-412b-928e-3d6f899db221-groupManagement] INFO  server.RaftServerConfigKeys (ConfUtils.java:logGet(46)) - raft.server.log.statemachine.data.sync = true (default)
2024-01-26 21:34:18,729 [a4a3addc-657d-412b-928e-3d6f899db221-groupManagement] INFO  server.RaftServerConfigKeys (ConfUtils.java:logGet(46)) - raft.server.log.statemachine.data.sync.timeout = 10s (default)
2024-01-26 21:34:18,729 [a4a3addc-657d-412b-928e-3d6f899db221-groupManagement] INFO  server.RaftServerConfigKeys (ConfUtils.java:logGet(46)) - raft.server.log.statemachine.data.sync.timeout.retry = 0 (custom)
2024-01-26 21:34:18,729 [615e0ce5-d68a-4764-9dce-a037122bf2b4@group-C988C0F88CBB-FollowerState] INFO  server.RaftServerConfigKeys (ConfUtils.java:logFallback(53)) - raft.server.rpc.first-election.timeout.min = 5s (fallback to raft.server.rpc.timeout.min)
2024-01-26 21:34:18,729 [209e1d4e-6bc3-40d2-a53c-4015c1ab1ac0-groupManagement] INFO  storage.RaftStorage (RaftStorageImpl.java:format(99)) - Storage directory /home/runner/work/ozone/ozone/hadoop-ozone/integration-test/target/test-dir/MiniOzoneClusterImpl-1af845c4-9ad0-4304-ad21-7f4426eccdbd/datanode-4/data/ratis/fe620031-71af-48f5-85ea-0160bf9df5e3 has been successfully formatted.
2024-01-26 21:34:18,729 [615e0ce5-d68a-4764-9dce-a037122bf2b4@group-C988C0F88CBB-FollowerState] INFO  server.RaftServerConfigKeys (ConfUtils.java:logFallback(53)) - raft.server.rpc.first-election.timeout.max = 5200ms (fallback to raft.server.rpc.timeout.max)
2024-01-26 21:34:18,729 [209e1d4e-6bc3-40d2-a53c-4015c1ab1ac0-groupManagement] WARN  util.FileUtils (LogUtils.java:supplyAndLog(63)) - Failed to Files.newInputStream /home/runner/work/ozone/ozone/hadoop-ozone/integration-test/target/test-dir/MiniOzoneClusterImpl-1af845c4-9ad0-4304-ad21-7f4426eccdbd/datanode-4/data/ratis/fe620031-71af-48f5-85ea-0160bf9df5e3/current/raft-meta.conf with options []: java.nio.file.NoSuchFileException: /home/runner/work/ozone/ozone/hadoop-ozone/integration-test/target/test-dir/MiniOzoneClusterImpl-1af845c4-9ad0-4304-ad21-7f4426eccdbd/datanode-4/data/ratis/fe620031-71af-48f5-85ea-0160bf9df5e3/current/raft-meta.conf
2024-01-26 21:34:18,730 [209e1d4e-6bc3-40d2-a53c-4015c1ab1ac0-groupManagement] INFO  ratis.ContainerStateMachine (ContainerStateMachine.java:loadSnapshot(287)) - group-0160BF9DF5E3: The snapshot info is null. Setting the last applied index to:(t:0, i:~)
2024-01-26 21:34:18,730 [209e1d4e-6bc3-40d2-a53c-4015c1ab1ac0-groupManagement] INFO  server.RaftServerConfigKeys (ConfUtils.java:logGet(46)) - raft.server.log.use.memory = false (default)
2024-01-26 21:34:18,730 [209e1d4e-6bc3-40d2-a53c-4015c1ab1ac0-groupManagement] INFO  server.RaftServerConfigKeys (ConfUtils.java:logGet(46)) - raft.server.log.purge.gap = 1000000 (custom)
2024-01-26 21:34:18,730 [209e1d4e-6bc3-40d2-a53c-4015c1ab1ac0-groupManagement] INFO  server.RaftServerConfigKeys (ConfUtils.java:logGet(46)) - raft.server.log.appender.buffer.byte-limit = 8388608 (custom)
2024-01-26 21:34:18,730 [209e1d4e-6bc3-40d2-a53c-4015c1ab1ac0-groupManagement] INFO  server.RaftServerConfigKeys (ConfUtils.java:logGet(46)) - raft.server.log.statemachine.data.read.timeout = 1000ms (default)
2024-01-26 21:34:18,730 [209e1d4e-6bc3-40d2-a53c-4015c1ab1ac0-groupManagement] INFO  server.RaftServerConfigKeys (ConfUtils.java:logGet(46)) - raft.server.log.purge.preservation.log.num = 0 (default)
2024-01-26 21:34:18,730 [c424f152-b0b1-403f-ad43-57b6eddc8681-groupManagement] INFO  storage.RaftStorageDirectory (RaftStorageDirectoryImpl.java:tryLock(228)) - Lock on /home/runner/work/ozone/ozone/hadoop-ozone/integration-test/target/test-dir/MiniOzoneClusterImpl-1af845c4-9ad0-4304-ad21-7f4426eccdbd/datanode-2/data/ratis/15d2e455-1fb4-4503-ac7a-c50f9a8fb292/in_use.lock acquired by nodename 39692@fv-az1566-86
2024-01-26 21:34:18,731 [615e0ce5-d68a-4764-9dce-a037122bf2b4-groupManagement] INFO  util.JmxRegister (JmxRegister.java:tryRegister(44)) - Successfully registered JMX Bean with object name Ratis:service=RaftServer,group=group-C988C0F88CBB,id=615e0ce5-d68a-4764-9dce-a037122bf2b4
2024-01-26 21:34:18,731 [615e0ce5-d68a-4764-9dce-a037122bf2b4-groupManagement] INFO  server.RaftServerConfigKeys (ConfUtils.java:logGet(46)) - raft.server.snapshot.trigger-when-stop.enabled = true (default)
2024-01-26 21:34:18,731 [615e0ce5-d68a-4764-9dce-a037122bf2b4-groupManagement] INFO  server.RaftServerConfigKeys (ConfUtils.java:logGet(46)) - raft.server.snapshot.auto.trigger.enabled = true (custom)
2024-01-26 21:34:18,731 [615e0ce5-d68a-4764-9dce-a037122bf2b4-groupManagement] INFO  server.RaftServerConfigKeys (ConfUtils.java:logGet(46)) - raft.server.snapshot.auto.trigger.threshold = 10000 (custom)
2024-01-26 21:34:18,731 [615e0ce5-d68a-4764-9dce-a037122bf2b4-groupManagement] INFO  server.RaftServerConfigKeys (ConfUtils.java:logGet(46)) - raft.server.snapshot.retention.file.num = 5 (custom)
2024-01-26 21:34:18,731 [615e0ce5-d68a-4764-9dce-a037122bf2b4-groupManagement] INFO  server.RaftServerConfigKeys (ConfUtils.java:logGet(46)) - raft.server.log.purge.upto.snapshot.index = false (default)
2024-01-26 21:34:18,732 [EventQueue-OpenPipelineForHealthyPipelineSafeModeRule] INFO  safemode.SCMSafeModeManager (HealthyPipelineSafeModeRule.java:process(140)) - SCM in safe mode. Healthy pipelines reported count is 0, required healthy pipeline reported count is 1
2024-01-26 21:34:18,733 [c424f152-b0b1-403f-ad43-57b6eddc8681-groupManagement] INFO  storage.RaftStorage (RaftStorageImpl.java:format(99)) - Storage directory /home/runner/work/ozone/ozone/hadoop-ozone/integration-test/target/test-dir/MiniOzoneClusterImpl-1af845c4-9ad0-4304-ad21-7f4426eccdbd/datanode-2/data/ratis/15d2e455-1fb4-4503-ac7a-c50f9a8fb292 has been successfully formatted.
2024-01-26 21:34:18,733 [c424f152-b0b1-403f-ad43-57b6eddc8681-groupManagement] WARN  util.FileUtils (LogUtils.java:supplyAndLog(63)) - Failed to Files.newInputStream /home/runner/work/ozone/ozone/hadoop-ozone/integration-test/target/test-dir/MiniOzoneClusterImpl-1af845c4-9ad0-4304-ad21-7f4426eccdbd/datanode-2/data/ratis/15d2e455-1fb4-4503-ac7a-c50f9a8fb292/current/raft-meta.conf with options []: java.nio.file.NoSuchFileException: /home/runner/work/ozone/ozone/hadoop-ozone/integration-test/target/test-dir/MiniOzoneClusterImpl-1af845c4-9ad0-4304-ad21-7f4426eccdbd/datanode-2/data/ratis/15d2e455-1fb4-4503-ac7a-c50f9a8fb292/current/raft-meta.conf
2024-01-26 21:34:18,733 [c424f152-b0b1-403f-ad43-57b6eddc8681-groupManagement] INFO  ratis.ContainerStateMachine (ContainerStateMachine.java:loadSnapshot(287)) - group-C50F9A8FB292: The snapshot info is null. Setting the last applied index to:(t:0, i:~)
2024-01-26 21:34:18,733 [c424f152-b0b1-403f-ad43-57b6eddc8681-groupManagement] INFO  server.RaftServerConfigKeys (ConfUtils.java:logGet(46)) - raft.server.log.use.memory = false (default)
2024-01-26 21:34:18,734 [c424f152-b0b1-403f-ad43-57b6eddc8681-groupManagement] INFO  server.RaftServerConfigKeys (ConfUtils.java:logGet(46)) - raft.server.log.purge.gap = 1000000 (custom)
2024-01-26 21:34:18,734 [c424f152-b0b1-403f-ad43-57b6eddc8681-groupManagement] INFO  server.RaftServerConfigKeys (ConfUtils.java:logGet(46)) - raft.server.log.appender.buffer.byte-limit = 8388608 (custom)
2024-01-26 21:34:18,734 [c424f152-b0b1-403f-ad43-57b6eddc8681-groupManagement] INFO  server.RaftServerConfigKeys (ConfUtils.java:logGet(46)) - raft.server.log.statemachine.data.read.timeout = 1000ms (default)
2024-01-26 21:34:18,734 [c424f152-b0b1-403f-ad43-57b6eddc8681-groupManagement] INFO  server.RaftServerConfigKeys (ConfUtils.java:logGet(46)) - raft.server.log.purge.preservation.log.num = 0 (default)
2024-01-26 21:34:18,735 [EventQueue-OpenPipelineForHealthyPipelineSafeModeRule] INFO  safemode.SCMSafeModeManager (HealthyPipelineSafeModeRule.java:process(140)) - SCM in safe mode. Healthy pipelines reported count is 0, required healthy pipeline reported count is 1
2024-01-26 21:34:18,742 [a4a3addc-657d-412b-928e-3d6f899db221-groupManagement] INFO  server.RaftServerConfigKeys (ConfUtils.java:logGet(46)) - raft.server.log.write.buffer.size = 8388616 (custom)
2024-01-26 21:34:18,744 [a4a3addc-657d-412b-928e-3d6f899db221-groupManagement] INFO  server.RaftServerConfigKeys (ConfUtils.java:logGet(46)) - raft.server.log.appender.buffer.byte-limit = 8388608 (custom)
2024-01-26 21:34:18,744 [a4a3addc-657d-412b-928e-3d6f899db221-groupManagement] INFO  server.RaftServerConfigKeys (ConfUtils.java:logGet(46)) - raft.server.log.unsafe-flush.enabled = false (default)
2024-01-26 21:34:18,745 [a4a3addc-657d-412b-928e-3d6f899db221-groupManagement] INFO  server.RaftServerConfigKeys (ConfUtils.java:logGet(46)) - raft.server.log.async-flush.enabled = false (default)
2024-01-26 21:34:18,745 [615e0ce5-d68a-4764-9dce-a037122bf2b4-PipelineCommandHandlerThread-0] INFO  ratis.XceiverServerRatis (XceiverServerRatis.java:addGroup(842)) - Created group PipelineID=dcb91808-ad69-4086-8b4c-c988c0f88cbb
2024-01-26 21:34:18,745 [a4a3addc-657d-412b-928e-3d6f899db221-groupManagement] INFO  server.RaftServerConfigKeys (ConfUtils.java:logGet(46)) - raft.server.log.statemachine.data.caching.enabled = true (custom)
2024-01-26 21:34:18,745 [615e0ce5-d68a-4764-9dce-a037122bf2b4-PipelineCommandHandlerThread-0] INFO  commandhandler.CreatePipelineCommandHandler (CreatePipelineCommandHandler.java:lambda$handle$2(124)) - Created Pipeline RATIS ONE PipelineID=dcb91808-ad69-4086-8b4c-c988c0f88cbb.
2024-01-26 21:34:18,745 [615e0ce5-d68a-4764-9dce-a037122bf2b4-PipelineCommandHandlerThread-0] INFO  server.RaftServer (RaftServerProxy.java:addNew(100)) - 615e0ce5-d68a-4764-9dce-a037122bf2b4: addNew group-77329B463A15:[85a76c17-24cd-4caa-b4c9-2f056bfd6b3c|10.1.0.5:15077, 615e0ce5-d68a-4764-9dce-a037122bf2b4|10.1.0.5:15068, 157befb9-fc2c-4b56-bfb2-e4c39e5a9271|10.1.0.5:15086] returns group-77329B463A15:java.util.concurrent.CompletableFuture@7a240fc[Not completed]
2024-01-26 21:34:18,746 [a4a3addc-657d-412b-928e-3d6f899db221-groupManagement] INFO  segmented.SegmentedRaftLogWorker (SegmentedRaftLogWorker.java:lambda$new$0(134)) - a4a3addc-657d-412b-928e-3d6f899db221@group-C50F9A8FB292-SegmentedRaftLogWorker: flushIndex: setUnconditionally 0 -> -1
2024-01-26 21:34:18,746 [a4a3addc-657d-412b-928e-3d6f899db221-groupManagement] INFO  segmented.SegmentedRaftLogWorker (SegmentedRaftLogWorker.java:lambda$new$0(134)) - a4a3addc-657d-412b-928e-3d6f899db221@group-C50F9A8FB292-SegmentedRaftLogWorker: safeCacheEvictIndex: setUnconditionally 0 -> -1
2024-01-26 21:34:18,750 [615e0ce5-d68a-4764-9dce-a037122bf2b4-groupManagement] INFO  server.RaftServer$Division (RaftServerImpl.java:<init>(256)) - 615e0ce5-d68a-4764-9dce-a037122bf2b4: new RaftServerImpl for group-77329B463A15:[85a76c17-24cd-4caa-b4c9-2f056bfd6b3c|10.1.0.5:15077, 615e0ce5-d68a-4764-9dce-a037122bf2b4|10.1.0.5:15068, 157befb9-fc2c-4b56-bfb2-e4c39e5a9271|10.1.0.5:15086] with ContainerStateMachine:uninitialized
2024-01-26 21:34:18,751 [615e0ce5-d68a-4764-9dce-a037122bf2b4-groupManagement] INFO  server.RaftServerConfigKeys (ConfUtils.java:logGet(46)) - raft.server.rpc.timeout.min = 5s (custom)
2024-01-26 21:34:18,751 [615e0ce5-d68a-4764-9dce-a037122bf2b4-groupManagement] INFO  server.RaftServerConfigKeys (ConfUtils.java:logGet(46)) - raft.server.rpc.timeout.max = 5200ms (custom)
2024-01-26 21:34:18,751 [615e0ce5-d68a-4764-9dce-a037122bf2b4-groupManagement] INFO  server.RaftServerConfigKeys (ConfUtils.java:logGet(46)) - raft.server.rpc.sleep.time = 25ms (default)
2024-01-26 21:34:18,751 [615e0ce5-d68a-4764-9dce-a037122bf2b4-groupManagement] INFO  server.RaftServerConfigKeys (ConfUtils.java:logGet(46)) - raft.server.rpc.slowness.timeout = 300s (custom)
2024-01-26 21:34:18,751 [615e0ce5-d68a-4764-9dce-a037122bf2b4-groupManagement] INFO  server.RaftServerConfigKeys (ConfUtils.java:logGet(46)) - raft.server.leaderelection.leader.step-down.wait-time = 10s (default)
2024-01-26 21:34:18,751 [615e0ce5-d68a-4764-9dce-a037122bf2b4-groupManagement] INFO  server.RaftServerConfigKeys (ConfUtils.java:logGet(46)) - raft.server.leaderelection.member.majority-add = false (default)
2024-01-26 21:34:18,751 [615e0ce5-d68a-4764-9dce-a037122bf2b4-groupManagement] INFO  server.RaftServerConfigKeys (ConfUtils.java:logGet(46)) - raft.server.sleep.deviation.threshold = 300ms (default)
2024-01-26 21:34:18,751 [615e0ce5-d68a-4764-9dce-a037122bf2b4-groupManagement] INFO  server.RaftServer$Division (ServerState.java:<init>(113)) - 615e0ce5-d68a-4764-9dce-a037122bf2b4@group-77329B463A15: ConfigurationManager, init=-1: peers:[85a76c17-24cd-4caa-b4c9-2f056bfd6b3c|10.1.0.5:15077, 615e0ce5-d68a-4764-9dce-a037122bf2b4|10.1.0.5:15068, 157befb9-fc2c-4b56-bfb2-e4c39e5a9271|10.1.0.5:15086]|listeners:[], old=null, confs=<EMPTY_MAP>
2024-01-26 21:34:18,751 [615e0ce5-d68a-4764-9dce-a037122bf2b4-groupManagement] INFO  server.RaftServerConfigKeys (ConfUtils.java:logGet(46)) - raft.server.notification.no-leader.timeout = 300s (custom)
2024-01-26 21:34:18,751 [615e0ce5-d68a-4764-9dce-a037122bf2b4-groupManagement] INFO  server.RaftServerConfigKeys (ConfUtils.java:logGet(46)) - raft.server.read.timeout = 10s (default)
2024-01-26 21:34:18,751 [615e0ce5-d68a-4764-9dce-a037122bf2b4-groupManagement] INFO  server.RaftServerConfigKeys (ConfUtils.java:logGet(46)) - raft.server.retrycache.expirytime = 600000ms (custom)
2024-01-26 21:34:18,751 [615e0ce5-d68a-4764-9dce-a037122bf2b4-groupManagement] INFO  server.RaftServerConfigKeys (ConfUtils.java:logGet(46)) - raft.server.retrycache.statistics.expirytime = 100ms (default)
2024-01-26 21:34:18,751 [615e0ce5-d68a-4764-9dce-a037122bf2b4-groupManagement] INFO  server.RaftServerConfigKeys (ConfUtils.java:logGet(46)) - raft.server.read.option = DEFAULT (default)
2024-01-26 21:34:18,752 [615e0ce5-d68a-4764-9dce-a037122bf2b4-groupManagement] INFO  server.RaftServerConfigKeys (ConfUtils.java:logGet(46)) - raft.server.read.read-after-write-consistent.write-index-cache.expiry-time = 60s (default)
2024-01-26 21:34:18,764 [a4a3addc-657d-412b-928e-3d6f899db221-groupManagement] INFO  server.RaftServer$Division (RaftServerImpl.java:start(396)) - a4a3addc-657d-412b-928e-3d6f899db221@group-C50F9A8FB292: start as a follower, conf=-1: peers:[67e21e31-4dca-48e2-85b4-2f4b1b69db84|10.1.0.5:15014, a4a3addc-657d-412b-928e-3d6f899db221|10.1.0.5:15023, c424f152-b0b1-403f-ad43-57b6eddc8681|10.1.0.5:15032]|listeners:[], old=null
2024-01-26 21:34:18,764 [a4a3addc-657d-412b-928e-3d6f899db221-groupManagement] INFO  server.RaftServer$Division (RaftServerImpl.java:setRole(383)) - a4a3addc-657d-412b-928e-3d6f899db221@group-C50F9A8FB292: changes role from      null to FOLLOWER at term 0 for startAsFollower
2024-01-26 21:34:18,764 [a4a3addc-657d-412b-928e-3d6f899db221-groupManagement] INFO  impl.RoleInfo (RoleInfo.java:updateAndGet(139)) - a4a3addc-657d-412b-928e-3d6f899db221: start a4a3addc-657d-412b-928e-3d6f899db221@group-C50F9A8FB292-FollowerState
2024-01-26 21:34:18,767 [4166fb02-ca0d-4de6-a961-378c6a3b2890-groupManagement] INFO  server.RaftServerConfigKeys (ConfUtils.java:logGet(46)) - raft.server.rpc.request.timeout = 60s (custom)
2024-01-26 21:34:18,767 [4166fb02-ca0d-4de6-a961-378c6a3b2890-groupManagement] INFO  server.RaftServerConfigKeys (ConfUtils.java:logGet(46)) - raft.server.log.appender.install.snapshot.enabled = false (custom)
2024-01-26 21:34:18,768 [4166fb02-ca0d-4de6-a961-378c6a3b2890-groupManagement] INFO  server.RaftServerConfigKeys (ConfUtils.java:logGet(46)) - raft.server.threadpool.server.cached = true (default)
2024-01-26 21:34:18,768 [4166fb02-ca0d-4de6-a961-378c6a3b2890-groupManagement] INFO  server.RaftServerConfigKeys (ConfUtils.java:logGet(46)) - raft.server.threadpool.server.size = 0 (default)
2024-01-26 21:34:18,768 [4166fb02-ca0d-4de6-a961-378c6a3b2890-groupManagement] INFO  server.RaftServerConfigKeys (ConfUtils.java:logGet(46)) - raft.server.threadpool.client.cached = true (default)
2024-01-26 21:34:18,768 [4166fb02-ca0d-4de6-a961-378c6a3b2890-groupManagement] INFO  server.RaftServerConfigKeys (ConfUtils.java:logGet(46)) - raft.server.threadpool.client.size = 0 (default)
2024-01-26 21:34:18,768 [4166fb02-ca0d-4de6-a961-378c6a3b2890-groupManagement] INFO  server.RaftServerConfigKeys (ConfUtils.java:logGet(46)) - raft.server.storage.free-space.min = 0MB (=0) (default)
2024-01-26 21:34:18,768 [4166fb02-ca0d-4de6-a961-378c6a3b2890-groupManagement] INFO  server.RaftServerConfigKeys (ConfUtils.java:logGet(46)) - raft.server.log.corruption.policy = EXCEPTION (default)
2024-01-26 21:34:18,768 [4166fb02-ca0d-4de6-a961-378c6a3b2890-groupManagement] INFO  server.RaftServerConfigKeys (ConfUtils.java:logGet(46)) - raft.server.storage.dir = [/home/runner/work/ozone/ozone/hadoop-ozone/integration-test/target/test-dir/MiniOzoneClusterImpl-1af845c4-9ad0-4304-ad21-7f4426eccdbd/datanode-3/data/ratis] (custom)
2024-01-26 21:34:18,768 [4166fb02-ca0d-4de6-a961-378c6a3b2890-groupManagement] INFO  storage.RaftStorageDirectory (RaftStorageDirectoryImpl.java:analyzeStorage(138)) - The storage directory /home/runner/work/ozone/ozone/hadoop-ozone/integration-test/target/test-dir/MiniOzoneClusterImpl-1af845c4-9ad0-4304-ad21-7f4426eccdbd/datanode-3/data/ratis/fe620031-71af-48f5-85ea-0160bf9df5e3 does not exist. Creating ...
2024-01-26 21:34:18,769 [4166fb02-ca0d-4de6-a961-378c6a3b2890-groupManagement] INFO  storage.RaftStorageDirectory (RaftStorageDirectoryImpl.java:tryLock(228)) - Lock on /home/runner/work/ozone/ozone/hadoop-ozone/integration-test/target/test-dir/MiniOzoneClusterImpl-1af845c4-9ad0-4304-ad21-7f4426eccdbd/datanode-3/data/ratis/fe620031-71af-48f5-85ea-0160bf9df5e3/in_use.lock acquired by nodename 39692@fv-az1566-86
2024-01-26 21:34:18,771 [4166fb02-ca0d-4de6-a961-378c6a3b2890-groupManagement] INFO  storage.RaftStorage (RaftStorageImpl.java:format(99)) - Storage directory /home/runner/work/ozone/ozone/hadoop-ozone/integration-test/target/test-dir/MiniOzoneClusterImpl-1af845c4-9ad0-4304-ad21-7f4426eccdbd/datanode-3/data/ratis/fe620031-71af-48f5-85ea-0160bf9df5e3 has been successfully formatted.
2024-01-26 21:34:18,771 [4166fb02-ca0d-4de6-a961-378c6a3b2890-groupManagement] WARN  util.FileUtils (LogUtils.java:supplyAndLog(63)) - Failed to Files.newInputStream /home/runner/work/ozone/ozone/hadoop-ozone/integration-test/target/test-dir/MiniOzoneClusterImpl-1af845c4-9ad0-4304-ad21-7f4426eccdbd/datanode-3/data/ratis/fe620031-71af-48f5-85ea-0160bf9df5e3/current/raft-meta.conf with options []: java.nio.file.NoSuchFileException: /home/runner/work/ozone/ozone/hadoop-ozone/integration-test/target/test-dir/MiniOzoneClusterImpl-1af845c4-9ad0-4304-ad21-7f4426eccdbd/datanode-3/data/ratis/fe620031-71af-48f5-85ea-0160bf9df5e3/current/raft-meta.conf
2024-01-26 21:34:18,772 [4166fb02-ca0d-4de6-a961-378c6a3b2890-groupManagement] INFO  ratis.ContainerStateMachine (ContainerStateMachine.java:loadSnapshot(287)) - group-0160BF9DF5E3: The snapshot info is null. Setting the last applied index to:(t:0, i:~)
2024-01-26 21:34:18,772 [4166fb02-ca0d-4de6-a961-378c6a3b2890-groupManagement] INFO  server.RaftServerConfigKeys (ConfUtils.java:logGet(46)) - raft.server.log.use.memory = false (default)
2024-01-26 21:34:18,772 [a4a3addc-657d-412b-928e-3d6f899db221@group-C50F9A8FB292-FollowerState] INFO  server.RaftServerConfigKeys (ConfUtils.java:logFallback(53)) - raft.server.rpc.first-election.timeout.min = 5s (fallback to raft.server.rpc.timeout.min)
2024-01-26 21:34:18,772 [4166fb02-ca0d-4de6-a961-378c6a3b2890-groupManagement] INFO  server.RaftServerConfigKeys (ConfUtils.java:logGet(46)) - raft.server.log.purge.gap = 1000000 (custom)
2024-01-26 21:34:18,772 [4166fb02-ca0d-4de6-a961-378c6a3b2890-groupManagement] INFO  server.RaftServerConfigKeys (ConfUtils.java:logGet(46)) - raft.server.log.appender.buffer.byte-limit = 8388608 (custom)
2024-01-26 21:34:18,772 [4166fb02-ca0d-4de6-a961-378c6a3b2890-groupManagement] INFO  server.RaftServerConfigKeys (ConfUtils.java:logGet(46)) - raft.server.log.statemachine.data.read.timeout = 1000ms (default)
2024-01-26 21:34:18,772 [4166fb02-ca0d-4de6-a961-378c6a3b2890-groupManagement] INFO  server.RaftServerConfigKeys (ConfUtils.java:logGet(46)) - raft.server.log.purge.preservation.log.num = 0 (default)
2024-01-26 21:34:18,772 [a4a3addc-657d-412b-928e-3d6f899db221@group-C50F9A8FB292-FollowerState] INFO  server.RaftServerConfigKeys (ConfUtils.java:logFallback(53)) - raft.server.rpc.first-election.timeout.max = 5200ms (fallback to raft.server.rpc.timeout.max)
2024-01-26 21:34:18,778 [a4a3addc-657d-412b-928e-3d6f899db221-groupManagement] INFO  util.JmxRegister (JmxRegister.java:tryRegister(44)) - Successfully registered JMX Bean with object name Ratis:service=RaftServer,group=group-C50F9A8FB292,id=a4a3addc-657d-412b-928e-3d6f899db221
2024-01-26 21:34:18,779 [a4a3addc-657d-412b-928e-3d6f899db221-groupManagement] INFO  server.RaftServerConfigKeys (ConfUtils.java:logGet(46)) - raft.server.snapshot.trigger-when-stop.enabled = true (default)
2024-01-26 21:34:18,779 [EventQueue-OpenPipelineForHealthyPipelineSafeModeRule] INFO  safemode.SCMSafeModeManager (HealthyPipelineSafeModeRule.java:process(140)) - SCM in safe mode. Healthy pipelines reported count is 0, required healthy pipeline reported count is 1
2024-01-26 21:34:18,779 [a4a3addc-657d-412b-928e-3d6f899db221-groupManagement] INFO  server.RaftServerConfigKeys (ConfUtils.java:logGet(46)) - raft.server.snapshot.auto.trigger.enabled = true (custom)
2024-01-26 21:34:18,779 [a4a3addc-657d-412b-928e-3d6f899db221-groupManagement] INFO  server.RaftServerConfigKeys (ConfUtils.java:logGet(46)) - raft.server.snapshot.auto.trigger.threshold = 10000 (custom)
2024-01-26 21:34:18,779 [a4a3addc-657d-412b-928e-3d6f899db221-groupManagement] INFO  server.RaftServerConfigKeys (ConfUtils.java:logGet(46)) - raft.server.snapshot.retention.file.num = 5 (custom)
2024-01-26 21:34:18,779 [a4a3addc-657d-412b-928e-3d6f899db221-groupManagement] INFO  server.RaftServerConfigKeys (ConfUtils.java:logGet(46)) - raft.server.log.purge.upto.snapshot.index = false (default)
2024-01-26 21:34:18,796 [a4a3addc-657d-412b-928e-3d6f899db221-PipelineCommandHandlerThread-0] INFO  ratis.XceiverServerRatis (XceiverServerRatis.java:addGroup(842)) - Created group PipelineID=15d2e455-1fb4-4503-ac7a-c50f9a8fb292
2024-01-26 21:34:18,797 [209e1d4e-6bc3-40d2-a53c-4015c1ab1ac0-groupManagement] INFO  server.RaftServerConfigKeys (ConfUtils.java:logGet(46)) - raft.server.log.segment.size.max = 67108864 (custom)
2024-01-26 21:34:18,797 [c424f152-b0b1-403f-ad43-57b6eddc8681-groupManagement] INFO  server.RaftServerConfigKeys (ConfUtils.java:logGet(46)) - raft.server.log.segment.size.max = 67108864 (custom)
2024-01-26 21:34:18,800 [209e1d4e-6bc3-40d2-a53c-4015c1ab1ac0-groupManagement] INFO  server.RaftServerConfigKeys (ConfUtils.java:logGet(46)) - raft.server.log.segment.cache.num.max = 2 (custom)
2024-01-26 21:34:18,800 [209e1d4e-6bc3-40d2-a53c-4015c1ab1ac0-groupManagement] INFO  server.RaftServerConfigKeys (ConfUtils.java:logGet(46)) - raft.server.log.segment.cache.size.max = 200MB (=209715200) (default)
2024-01-26 21:34:18,801 [209e1d4e-6bc3-40d2-a53c-4015c1ab1ac0-groupManagement] INFO  server.RaftServerConfigKeys (ConfUtils.java:logGet(46)) - raft.server.log.appender.buffer.byte-limit = 8388608 (custom)
2024-01-26 21:34:18,801 [c424f152-b0b1-403f-ad43-57b6eddc8681-groupManagement] INFO  server.RaftServerConfigKeys (ConfUtils.java:logGet(46)) - raft.server.log.segment.cache.num.max = 2 (custom)
2024-01-26 21:34:18,808 [c424f152-b0b1-403f-ad43-57b6eddc8681-groupManagement] INFO  server.RaftServerConfigKeys (ConfUtils.java:logGet(46)) - raft.server.log.segment.cache.size.max = 200MB (=209715200) (default)
2024-01-26 21:34:18,808 [c424f152-b0b1-403f-ad43-57b6eddc8681-groupManagement] INFO  server.RaftServerConfigKeys (ConfUtils.java:logGet(46)) - raft.server.log.appender.buffer.byte-limit = 8388608 (custom)
2024-01-26 21:34:18,811 [c424f152-b0b1-403f-ad43-57b6eddc8681-groupManagement] INFO  util.AwaitToRun (AwaitToRun.java:start(81)) - Thread[c424f152-b0b1-403f-ad43-57b6eddc8681@group-C50F9A8FB292-cacheEviction-AwaitToRun,5,main] started
2024-01-26 21:34:18,811 [209e1d4e-6bc3-40d2-a53c-4015c1ab1ac0-groupManagement] INFO  util.AwaitToRun (AwaitToRun.java:start(81)) - Thread[209e1d4e-6bc3-40d2-a53c-4015c1ab1ac0@group-0160BF9DF5E3-cacheEviction-AwaitToRun,5,main] started
2024-01-26 21:34:18,812 [209e1d4e-6bc3-40d2-a53c-4015c1ab1ac0-groupManagement] INFO  segmented.SegmentedRaftLogWorker (SegmentedRaftLogWorker.java:<init>(182)) - new 209e1d4e-6bc3-40d2-a53c-4015c1ab1ac0@group-0160BF9DF5E3-SegmentedRaftLogWorker for RaftStorageImpl:Storage Directory /home/runner/work/ozone/ozone/hadoop-ozone/integration-test/target/test-dir/MiniOzoneClusterImpl-1af845c4-9ad0-4304-ad21-7f4426eccdbd/datanode-4/data/ratis/fe620031-71af-48f5-85ea-0160bf9df5e3
2024-01-26 21:34:18,812 [209e1d4e-6bc3-40d2-a53c-4015c1ab1ac0-groupManagement] INFO  server.RaftServerConfigKeys (ConfUtils.java:logGet(46)) - raft.server.log.queue.byte-limit = 4294967296 (custom)
2024-01-26 21:34:18,812 [209e1d4e-6bc3-40d2-a53c-4015c1ab1ac0-groupManagement] INFO  server.RaftServerConfigKeys (ConfUtils.java:logGet(46)) - raft.server.log.queue.element-limit = 1024 (custom)
2024-01-26 21:34:18,812 [209e1d4e-6bc3-40d2-a53c-4015c1ab1ac0-groupManagement] INFO  server.RaftServerConfigKeys (ConfUtils.java:logGet(46)) - raft.server.log.segment.size.max = 67108864 (custom)
2024-01-26 21:34:18,812 [209e1d4e-6bc3-40d2-a53c-4015c1ab1ac0-groupManagement] INFO  server.RaftServerConfigKeys (ConfUtils.java:logGet(46)) - raft.server.log.preallocated.size = 4194304 (custom)
2024-01-26 21:34:18,812 [209e1d4e-6bc3-40d2-a53c-4015c1ab1ac0-groupManagement] INFO  server.RaftServerConfigKeys (ConfUtils.java:logGet(46)) - raft.server.log.force.sync.num = 128 (default)
2024-01-26 21:34:18,812 [209e1d4e-6bc3-40d2-a53c-4015c1ab1ac0-groupManagement] INFO  server.RaftServerConfigKeys (ConfUtils.java:logGet(46)) - raft.server.log.statemachine.data.sync = true (default)
2024-01-26 21:34:18,812 [209e1d4e-6bc3-40d2-a53c-4015c1ab1ac0-groupManagement] INFO  server.RaftServerConfigKeys (ConfUtils.java:logGet(46)) - raft.server.log.statemachine.data.sync.timeout = 10s (default)
2024-01-26 21:34:18,812 [209e1d4e-6bc3-40d2-a53c-4015c1ab1ac0-groupManagement] INFO  server.RaftServerConfigKeys (ConfUtils.java:logGet(46)) - raft.server.log.statemachine.data.sync.timeout.retry = 0 (custom)
2024-01-26 21:34:18,812 [c424f152-b0b1-403f-ad43-57b6eddc8681-groupManagement] INFO  segmented.SegmentedRaftLogWorker (SegmentedRaftLogWorker.java:<init>(182)) - new c424f152-b0b1-403f-ad43-57b6eddc8681@group-C50F9A8FB292-SegmentedRaftLogWorker for RaftStorageImpl:Storage Directory /home/runner/work/ozone/ozone/hadoop-ozone/integration-test/target/test-dir/MiniOzoneClusterImpl-1af845c4-9ad0-4304-ad21-7f4426eccdbd/datanode-2/data/ratis/15d2e455-1fb4-4503-ac7a-c50f9a8fb292
2024-01-26 21:34:18,821 [c424f152-b0b1-403f-ad43-57b6eddc8681-groupManagement] INFO  server.RaftServerConfigKeys (ConfUtils.java:logGet(46)) - raft.server.log.queue.byte-limit = 4294967296 (custom)
2024-01-26 21:34:18,822 [c424f152-b0b1-403f-ad43-57b6eddc8681-groupManagement] INFO  server.RaftServerConfigKeys (ConfUtils.java:logGet(46)) - raft.server.log.queue.element-limit = 1024 (custom)
2024-01-26 21:34:18,822 [c424f152-b0b1-403f-ad43-57b6eddc8681-groupManagement] INFO  server.RaftServerConfigKeys (ConfUtils.java:logGet(46)) - raft.server.log.segment.size.max = 67108864 (custom)
2024-01-26 21:34:18,822 [c424f152-b0b1-403f-ad43-57b6eddc8681-groupManagement] INFO  server.RaftServerConfigKeys (ConfUtils.java:logGet(46)) - raft.server.log.preallocated.size = 4194304 (custom)
2024-01-26 21:34:18,823 [c424f152-b0b1-403f-ad43-57b6eddc8681-groupManagement] INFO  server.RaftServerConfigKeys (ConfUtils.java:logGet(46)) - raft.server.log.force.sync.num = 128 (default)
2024-01-26 21:34:18,823 [c424f152-b0b1-403f-ad43-57b6eddc8681-groupManagement] INFO  server.RaftServerConfigKeys (ConfUtils.java:logGet(46)) - raft.server.log.statemachine.data.sync = true (default)
2024-01-26 21:34:18,823 [c424f152-b0b1-403f-ad43-57b6eddc8681-groupManagement] INFO  server.RaftServerConfigKeys (ConfUtils.java:logGet(46)) - raft.server.log.statemachine.data.sync.timeout = 10s (default)
2024-01-26 21:34:18,824 [c424f152-b0b1-403f-ad43-57b6eddc8681-groupManagement] INFO  server.RaftServerConfigKeys (ConfUtils.java:logGet(46)) - raft.server.log.statemachine.data.sync.timeout.retry = 0 (custom)
2024-01-26 21:34:18,825 [c424f152-b0b1-403f-ad43-57b6eddc8681-groupManagement] INFO  server.RaftServerConfigKeys (ConfUtils.java:logGet(46)) - raft.server.log.write.buffer.size = 8388616 (custom)
2024-01-26 21:34:18,821 [157befb9-fc2c-4b56-bfb2-e4c39e5a9271-PipelineCommandHandlerThread-0] INFO  server.RaftServer (RaftServerProxy.java:addNew(100)) - 157befb9-fc2c-4b56-bfb2-e4c39e5a9271: addNew group-EB9D8615F236:[157befb9-fc2c-4b56-bfb2-e4c39e5a9271|10.1.0.5:15086] returns group-EB9D8615F236:java.util.concurrent.CompletableFuture@62197868[Not completed]
2024-01-26 21:34:18,820 [85a76c17-24cd-4caa-b4c9-2f056bfd6b3c-groupManagement] INFO  server.RaftServerConfigKeys (ConfUtils.java:logGet(46)) - raft.server.rpc.request.timeout = 60s (custom)
2024-01-26 21:34:18,828 [85a76c17-24cd-4caa-b4c9-2f056bfd6b3c-groupManagement] INFO  server.RaftServerConfigKeys (ConfUtils.java:logGet(46)) - raft.server.log.appender.install.snapshot.enabled = false (custom)
2024-01-26 21:34:18,828 [85a76c17-24cd-4caa-b4c9-2f056bfd6b3c-groupManagement] INFO  server.RaftServerConfigKeys (ConfUtils.java:logGet(46)) - raft.server.threadpool.server.cached = true (default)
2024-01-26 21:34:18,828 [85a76c17-24cd-4caa-b4c9-2f056bfd6b3c-groupManagement] INFO  server.RaftServerConfigKeys (ConfUtils.java:logGet(46)) - raft.server.threadpool.server.size = 0 (default)
2024-01-26 21:34:18,828 [85a76c17-24cd-4caa-b4c9-2f056bfd6b3c-groupManagement] INFO  server.RaftServerConfigKeys (ConfUtils.java:logGet(46)) - raft.server.threadpool.client.cached = true (default)
2024-01-26 21:34:18,828 [85a76c17-24cd-4caa-b4c9-2f056bfd6b3c-groupManagement] INFO  server.RaftServerConfigKeys (ConfUtils.java:logGet(46)) - raft.server.threadpool.client.size = 0 (default)
2024-01-26 21:34:18,820 [615e0ce5-d68a-4764-9dce-a037122bf2b4-groupManagement] INFO  server.RaftServerConfigKeys (ConfUtils.java:logGet(46)) - raft.server.rpc.request.timeout = 60s (custom)
2024-01-26 21:34:18,828 [615e0ce5-d68a-4764-9dce-a037122bf2b4-groupManagement] INFO  server.RaftServerConfigKeys (ConfUtils.java:logGet(46)) - raft.server.log.appender.install.snapshot.enabled = false (custom)
2024-01-26 21:34:18,828 [615e0ce5-d68a-4764-9dce-a037122bf2b4-groupManagement] INFO  server.RaftServerConfigKeys (ConfUtils.java:logGet(46)) - raft.server.threadpool.server.cached = true (default)
2024-01-26 21:34:18,829 [615e0ce5-d68a-4764-9dce-a037122bf2b4-groupManagement] INFO  server.RaftServerConfigKeys (ConfUtils.java:logGet(46)) - raft.server.threadpool.server.size = 0 (default)
2024-01-26 21:34:18,829 [615e0ce5-d68a-4764-9dce-a037122bf2b4-groupManagement] INFO  server.RaftServerConfigKeys (ConfUtils.java:logGet(46)) - raft.server.threadpool.client.cached = true (default)
2024-01-26 21:34:18,829 [615e0ce5-d68a-4764-9dce-a037122bf2b4-groupManagement] INFO  server.RaftServerConfigKeys (ConfUtils.java:logGet(46)) - raft.server.threadpool.client.size = 0 (default)
2024-01-26 21:34:18,829 [615e0ce5-d68a-4764-9dce-a037122bf2b4-groupManagement] INFO  server.RaftServerConfigKeys (ConfUtils.java:logGet(46)) - raft.server.storage.free-space.min = 0MB (=0) (default)
2024-01-26 21:34:18,829 [615e0ce5-d68a-4764-9dce-a037122bf2b4-groupManagement] INFO  server.RaftServerConfigKeys (ConfUtils.java:logGet(46)) - raft.server.log.corruption.policy = EXCEPTION (default)
2024-01-26 21:34:18,829 [615e0ce5-d68a-4764-9dce-a037122bf2b4-groupManagement] INFO  server.RaftServerConfigKeys (ConfUtils.java:logGet(46)) - raft.server.storage.dir = [/home/runner/work/ozone/ozone/hadoop-ozone/integration-test/target/test-dir/MiniOzoneClusterImpl-1af845c4-9ad0-4304-ad21-7f4426eccdbd/datanode-6/data/ratis] (custom)
2024-01-26 21:34:18,829 [615e0ce5-d68a-4764-9dce-a037122bf2b4-groupManagement] INFO  storage.RaftStorageDirectory (RaftStorageDirectoryImpl.java:analyzeStorage(138)) - The storage directory /home/runner/work/ozone/ozone/hadoop-ozone/integration-test/target/test-dir/MiniOzoneClusterImpl-1af845c4-9ad0-4304-ad21-7f4426eccdbd/datanode-6/data/ratis/2df29df1-f773-4859-906e-77329b463a15 does not exist. Creating ...
2024-01-26 21:34:18,817 [209e1d4e-6bc3-40d2-a53c-4015c1ab1ac0-groupManagement] INFO  server.RaftServerConfigKeys (ConfUtils.java:logGet(46)) - raft.server.log.write.buffer.size = 8388616 (custom)
2024-01-26 21:34:18,817 [4166fb02-ca0d-4de6-a961-378c6a3b2890-groupManagement] INFO  server.RaftServerConfigKeys (ConfUtils.java:logGet(46)) - raft.server.log.segment.size.max = 67108864 (custom)
2024-01-26 21:34:18,816 [67e21e31-4dca-48e2-85b4-2f4b1b69db84-groupManagement] INFO  server.RaftServerConfigKeys (ConfUtils.java:logGet(46)) - raft.server.rpc.request.timeout = 60s (custom)
2024-01-26 21:34:18,833 [67e21e31-4dca-48e2-85b4-2f4b1b69db84-groupManagement] INFO  server.RaftServerConfigKeys (ConfUtils.java:logGet(46)) - raft.server.log.appender.install.snapshot.enabled = false (custom)
2024-01-26 21:34:18,833 [67e21e31-4dca-48e2-85b4-2f4b1b69db84-groupManagement] INFO  server.RaftServerConfigKeys (ConfUtils.java:logGet(46)) - raft.server.threadpool.server.cached = true (default)
2024-01-26 21:34:18,833 [67e21e31-4dca-48e2-85b4-2f4b1b69db84-groupManagement] INFO  server.RaftServerConfigKeys (ConfUtils.java:logGet(46)) - raft.server.threadpool.server.size = 0 (default)
2024-01-26 21:34:18,833 [67e21e31-4dca-48e2-85b4-2f4b1b69db84-groupManagement] INFO  server.RaftServerConfigKeys (ConfUtils.java:logGet(46)) - raft.server.threadpool.client.cached = true (default)
2024-01-26 21:34:18,833 [67e21e31-4dca-48e2-85b4-2f4b1b69db84-groupManagement] INFO  server.RaftServerConfigKeys (ConfUtils.java:logGet(46)) - raft.server.threadpool.client.size = 0 (default)
2024-01-26 21:34:18,837 [67e21e31-4dca-48e2-85b4-2f4b1b69db84-groupManagement] INFO  server.RaftServerConfigKeys (ConfUtils.java:logGet(46)) - raft.server.storage.free-space.min = 0MB (=0) (default)
2024-01-26 21:34:18,837 [67e21e31-4dca-48e2-85b4-2f4b1b69db84-groupManagement] INFO  server.RaftServerConfigKeys (ConfUtils.java:logGet(46)) - raft.server.log.corruption.policy = EXCEPTION (default)
2024-01-26 21:34:18,837 [67e21e31-4dca-48e2-85b4-2f4b1b69db84-groupManagement] INFO  server.RaftServerConfigKeys (ConfUtils.java:logGet(46)) - raft.server.storage.dir = [/home/runner/work/ozone/ozone/hadoop-ozone/integration-test/target/test-dir/MiniOzoneClusterImpl-1af845c4-9ad0-4304-ad21-7f4426eccdbd/datanode-0/data/ratis] (custom)
2024-01-26 21:34:18,837 [67e21e31-4dca-48e2-85b4-2f4b1b69db84-groupManagement] INFO  storage.RaftStorageDirectory (RaftStorageDirectoryImpl.java:analyzeStorage(138)) - The storage directory /home/runner/work/ozone/ozone/hadoop-ozone/integration-test/target/test-dir/MiniOzoneClusterImpl-1af845c4-9ad0-4304-ad21-7f4426eccdbd/datanode-0/data/ratis/15d2e455-1fb4-4503-ac7a-c50f9a8fb292 does not exist. Creating ...
2024-01-26 21:34:18,815 [7564b097-4325-4468-ae97-837bc55d7172-PipelineCommandHandlerThread-0] INFO  commandhandler.CreatePipelineCommandHandler (CreatePipelineCommandHandler.java:lambda$handle$2(124)) - Created Pipeline RATIS THREE PipelineID=fe620031-71af-48f5-85ea-0160bf9df5e3.
2024-01-26 21:34:18,837 [4166fb02-ca0d-4de6-a961-378c6a3b2890-groupManagement] INFO  server.RaftServerConfigKeys (ConfUtils.java:logGet(46)) - raft.server.log.segment.cache.num.max = 2 (custom)
2024-01-26 21:34:18,838 [4166fb02-ca0d-4de6-a961-378c6a3b2890-groupManagement] INFO  server.RaftServerConfigKeys (ConfUtils.java:logGet(46)) - raft.server.log.segment.cache.size.max = 200MB (=209715200) (default)
2024-01-26 21:34:18,838 [4166fb02-ca0d-4de6-a961-378c6a3b2890-groupManagement] INFO  server.RaftServerConfigKeys (ConfUtils.java:logGet(46)) - raft.server.log.appender.buffer.byte-limit = 8388608 (custom)
2024-01-26 21:34:18,836 [615e0ce5-d68a-4764-9dce-a037122bf2b4-groupManagement] INFO  storage.RaftStorageDirectory (RaftStorageDirectoryImpl.java:tryLock(228)) - Lock on /home/runner/work/ozone/ozone/hadoop-ozone/integration-test/target/test-dir/MiniOzoneClusterImpl-1af845c4-9ad0-4304-ad21-7f4426eccdbd/datanode-6/data/ratis/2df29df1-f773-4859-906e-77329b463a15/in_use.lock acquired by nodename 39692@fv-az1566-86
2024-01-26 21:34:18,835 [209e1d4e-6bc3-40d2-a53c-4015c1ab1ac0-groupManagement] INFO  server.RaftServerConfigKeys (ConfUtils.java:logGet(46)) - raft.server.log.appender.buffer.byte-limit = 8388608 (custom)
2024-01-26 21:34:18,838 [209e1d4e-6bc3-40d2-a53c-4015c1ab1ac0-groupManagement] INFO  server.RaftServerConfigKeys (ConfUtils.java:logGet(46)) - raft.server.log.unsafe-flush.enabled = false (default)
2024-01-26 21:34:18,839 [209e1d4e-6bc3-40d2-a53c-4015c1ab1ac0-groupManagement] INFO  server.RaftServerConfigKeys (ConfUtils.java:logGet(46)) - raft.server.log.async-flush.enabled = false (default)
2024-01-26 21:34:18,839 [209e1d4e-6bc3-40d2-a53c-4015c1ab1ac0-groupManagement] INFO  server.RaftServerConfigKeys (ConfUtils.java:logGet(46)) - raft.server.log.statemachine.data.caching.enabled = true (custom)
2024-01-26 21:34:18,839 [209e1d4e-6bc3-40d2-a53c-4015c1ab1ac0-groupManagement] INFO  segmented.SegmentedRaftLogWorker (SegmentedRaftLogWorker.java:lambda$new$0(134)) - 209e1d4e-6bc3-40d2-a53c-4015c1ab1ac0@group-0160BF9DF5E3-SegmentedRaftLogWorker: flushIndex: setUnconditionally 0 -> -1
2024-01-26 21:34:18,839 [209e1d4e-6bc3-40d2-a53c-4015c1ab1ac0-groupManagement] INFO  segmented.SegmentedRaftLogWorker (SegmentedRaftLogWorker.java:lambda$new$0(134)) - 209e1d4e-6bc3-40d2-a53c-4015c1ab1ac0@group-0160BF9DF5E3-SegmentedRaftLogWorker: safeCacheEvictIndex: setUnconditionally 0 -> -1
2024-01-26 21:34:18,828 [85a76c17-24cd-4caa-b4c9-2f056bfd6b3c-groupManagement] INFO  server.RaftServerConfigKeys (ConfUtils.java:logGet(46)) - raft.server.storage.free-space.min = 0MB (=0) (default)
2024-01-26 21:34:18,839 [85a76c17-24cd-4caa-b4c9-2f056bfd6b3c-groupManagement] INFO  server.RaftServerConfigKeys (ConfUtils.java:logGet(46)) - raft.server.log.corruption.policy = EXCEPTION (default)
2024-01-26 21:34:18,839 [85a76c17-24cd-4caa-b4c9-2f056bfd6b3c-groupManagement] INFO  server.RaftServerConfigKeys (ConfUtils.java:logGet(46)) - raft.server.storage.dir = [/home/runner/work/ozone/ozone/hadoop-ozone/integration-test/target/test-dir/MiniOzoneClusterImpl-1af845c4-9ad0-4304-ad21-7f4426eccdbd/datanode-7/data/ratis] (custom)
2024-01-26 21:34:18,839 [85a76c17-24cd-4caa-b4c9-2f056bfd6b3c-groupManagement] INFO  storage.RaftStorageDirectory (RaftStorageDirectoryImpl.java:analyzeStorage(138)) - The storage directory /home/runner/work/ozone/ozone/hadoop-ozone/integration-test/target/test-dir/MiniOzoneClusterImpl-1af845c4-9ad0-4304-ad21-7f4426eccdbd/datanode-7/data/ratis/4cd91ef7-511c-4d5b-b063-6f64bee8aa29 does not exist. Creating ...
2024-01-26 21:34:18,827 [c424f152-b0b1-403f-ad43-57b6eddc8681-groupManagement] INFO  server.RaftServerConfigKeys (ConfUtils.java:logGet(46)) - raft.server.log.appender.buffer.byte-limit = 8388608 (custom)
2024-01-26 21:34:18,840 [c424f152-b0b1-403f-ad43-57b6eddc8681-groupManagement] INFO  server.RaftServerConfigKeys (ConfUtils.java:logGet(46)) - raft.server.log.unsafe-flush.enabled = false (default)
2024-01-26 21:34:18,840 [c424f152-b0b1-403f-ad43-57b6eddc8681-groupManagement] INFO  server.RaftServerConfigKeys (ConfUtils.java:logGet(46)) - raft.server.log.async-flush.enabled = false (default)
2024-01-26 21:34:18,840 [c424f152-b0b1-403f-ad43-57b6eddc8681-groupManagement] INFO  server.RaftServerConfigKeys (ConfUtils.java:logGet(46)) - raft.server.log.statemachine.data.caching.enabled = true (custom)
2024-01-26 21:34:18,822 [157befb9-fc2c-4b56-bfb2-e4c39e5a9271-groupManagement] INFO  server.RaftServer$Division (RaftServerImpl.java:<init>(256)) - 157befb9-fc2c-4b56-bfb2-e4c39e5a9271: new RaftServerImpl for group-EB9D8615F236:[157befb9-fc2c-4b56-bfb2-e4c39e5a9271|10.1.0.5:15086] with ContainerStateMachine:uninitialized
2024-01-26 21:34:18,841 [157befb9-fc2c-4b56-bfb2-e4c39e5a9271-groupManagement] INFO  server.RaftServerConfigKeys (ConfUtils.java:logGet(46)) - raft.server.rpc.timeout.min = 5s (custom)
2024-01-26 21:34:18,841 [157befb9-fc2c-4b56-bfb2-e4c39e5a9271-groupManagement] INFO  server.RaftServerConfigKeys (ConfUtils.java:logGet(46)) - raft.server.rpc.timeout.max = 5200ms (custom)
2024-01-26 21:34:18,841 [157befb9-fc2c-4b56-bfb2-e4c39e5a9271-groupManagement] INFO  server.RaftServerConfigKeys (ConfUtils.java:logGet(46)) - raft.server.rpc.sleep.time = 25ms (default)
2024-01-26 21:34:18,841 [157befb9-fc2c-4b56-bfb2-e4c39e5a9271-groupManagement] INFO  server.RaftServerConfigKeys (ConfUtils.java:logGet(46)) - raft.server.rpc.slowness.timeout = 300s (custom)
2024-01-26 21:34:18,841 [157befb9-fc2c-4b56-bfb2-e4c39e5a9271-groupManagement] INFO  server.RaftServerConfigKeys (ConfUtils.java:logGet(46)) - raft.server.leaderelection.leader.step-down.wait-time = 10s (default)
2024-01-26 21:34:18,841 [157befb9-fc2c-4b56-bfb2-e4c39e5a9271-groupManagement] INFO  server.RaftServerConfigKeys (ConfUtils.java:logGet(46)) - raft.server.leaderelection.member.majority-add = false (default)
2024-01-26 21:34:18,841 [157befb9-fc2c-4b56-bfb2-e4c39e5a9271-groupManagement] INFO  server.RaftServerConfigKeys (ConfUtils.java:logGet(46)) - raft.server.sleep.deviation.threshold = 300ms (default)
2024-01-26 21:34:18,841 [157befb9-fc2c-4b56-bfb2-e4c39e5a9271-groupManagement] INFO  server.RaftServer$Division (ServerState.java:<init>(113)) - 157befb9-fc2c-4b56-bfb2-e4c39e5a9271@group-EB9D8615F236: ConfigurationManager, init=-1: peers:[157befb9-fc2c-4b56-bfb2-e4c39e5a9271|10.1.0.5:15086]|listeners:[], old=null, confs=<EMPTY_MAP>
2024-01-26 21:34:18,841 [157befb9-fc2c-4b56-bfb2-e4c39e5a9271-groupManagement] INFO  server.RaftServerConfigKeys (ConfUtils.java:logGet(46)) - raft.server.notification.no-leader.timeout = 300s (custom)
2024-01-26 21:34:18,841 [157befb9-fc2c-4b56-bfb2-e4c39e5a9271-groupManagement] INFO  server.RaftServerConfigKeys (ConfUtils.java:logGet(46)) - raft.server.read.timeout = 10s (default)
2024-01-26 21:34:18,841 [157befb9-fc2c-4b56-bfb2-e4c39e5a9271-groupManagement] INFO  server.RaftServerConfigKeys (ConfUtils.java:logGet(46)) - raft.server.retrycache.expirytime = 600000ms (custom)
2024-01-26 21:34:18,841 [157befb9-fc2c-4b56-bfb2-e4c39e5a9271-groupManagement] INFO  server.RaftServerConfigKeys (ConfUtils.java:logGet(46)) - raft.server.retrycache.statistics.expirytime = 100ms (default)
2024-01-26 21:34:18,842 [157befb9-fc2c-4b56-bfb2-e4c39e5a9271-groupManagement] INFO  server.RaftServerConfigKeys (ConfUtils.java:logGet(46)) - raft.server.read.option = DEFAULT (default)
2024-01-26 21:34:18,842 [157befb9-fc2c-4b56-bfb2-e4c39e5a9271-groupManagement] INFO  server.RaftServerConfigKeys (ConfUtils.java:logGet(46)) - raft.server.read.read-after-write-consistent.write-index-cache.expiry-time = 60s (default)
2024-01-26 21:34:18,842 [4166fb02-ca0d-4de6-a961-378c6a3b2890-groupManagement] INFO  util.AwaitToRun (AwaitToRun.java:start(81)) - Thread[4166fb02-ca0d-4de6-a961-378c6a3b2890@group-0160BF9DF5E3-cacheEviction-AwaitToRun,5,main] started
2024-01-26 21:34:18,842 [4166fb02-ca0d-4de6-a961-378c6a3b2890-groupManagement] INFO  segmented.SegmentedRaftLogWorker (SegmentedRaftLogWorker.java:<init>(182)) - new 4166fb02-ca0d-4de6-a961-378c6a3b2890@group-0160BF9DF5E3-SegmentedRaftLogWorker for RaftStorageImpl:Storage Directory /home/runner/work/ozone/ozone/hadoop-ozone/integration-test/target/test-dir/MiniOzoneClusterImpl-1af845c4-9ad0-4304-ad21-7f4426eccdbd/datanode-3/data/ratis/fe620031-71af-48f5-85ea-0160bf9df5e3
2024-01-26 21:34:18,842 [4166fb02-ca0d-4de6-a961-378c6a3b2890-groupManagement] INFO  server.RaftServerConfigKeys (ConfUtils.java:logGet(46)) - raft.server.log.queue.byte-limit = 4294967296 (custom)
2024-01-26 21:34:18,842 [4166fb02-ca0d-4de6-a961-378c6a3b2890-groupManagement] INFO  server.RaftServerConfigKeys (ConfUtils.java:logGet(46)) - raft.server.log.queue.element-limit = 1024 (custom)
2024-01-26 21:34:18,843 [4166fb02-ca0d-4de6-a961-378c6a3b2890-groupManagement] INFO  server.RaftServerConfigKeys (ConfUtils.java:logGet(46)) - raft.server.log.segment.size.max = 67108864 (custom)
2024-01-26 21:34:18,843 [4166fb02-ca0d-4de6-a961-378c6a3b2890-groupManagement] INFO  server.RaftServerConfigKeys (ConfUtils.java:logGet(46)) - raft.server.log.preallocated.size = 4194304 (custom)
2024-01-26 21:34:18,843 [4166fb02-ca0d-4de6-a961-378c6a3b2890-groupManagement] INFO  server.RaftServerConfigKeys (ConfUtils.java:logGet(46)) - raft.server.log.force.sync.num = 128 (default)
2024-01-26 21:34:18,843 [4166fb02-ca0d-4de6-a961-378c6a3b2890-groupManagement] INFO  server.RaftServerConfigKeys (ConfUtils.java:logGet(46)) - raft.server.log.statemachine.data.sync = true (default)
2024-01-26 21:34:18,843 [4166fb02-ca0d-4de6-a961-378c6a3b2890-groupManagement] INFO  server.RaftServerConfigKeys (ConfUtils.java:logGet(46)) - raft.server.log.statemachine.data.sync.timeout = 10s (default)
2024-01-26 21:34:18,843 [4166fb02-ca0d-4de6-a961-378c6a3b2890-groupManagement] INFO  server.RaftServerConfigKeys (ConfUtils.java:logGet(46)) - raft.server.log.statemachine.data.sync.timeout.retry = 0 (custom)
2024-01-26 21:34:18,843 [c424f152-b0b1-403f-ad43-57b6eddc8681-groupManagement] INFO  segmented.SegmentedRaftLogWorker (SegmentedRaftLogWorker.java:lambda$new$0(134)) - c424f152-b0b1-403f-ad43-57b6eddc8681@group-C50F9A8FB292-SegmentedRaftLogWorker: flushIndex: setUnconditionally 0 -> -1
2024-01-26 21:34:18,843 [c424f152-b0b1-403f-ad43-57b6eddc8681-groupManagement] INFO  segmented.SegmentedRaftLogWorker (SegmentedRaftLogWorker.java:lambda$new$0(134)) - c424f152-b0b1-403f-ad43-57b6eddc8681@group-C50F9A8FB292-SegmentedRaftLogWorker: safeCacheEvictIndex: setUnconditionally 0 -> -1
2024-01-26 21:34:18,844 [c424f152-b0b1-403f-ad43-57b6eddc8681-groupManagement] INFO  server.RaftServer$Division (RaftServerImpl.java:start(396)) - c424f152-b0b1-403f-ad43-57b6eddc8681@group-C50F9A8FB292: start as a follower, conf=-1: peers:[67e21e31-4dca-48e2-85b4-2f4b1b69db84|10.1.0.5:15014, a4a3addc-657d-412b-928e-3d6f899db221|10.1.0.5:15023, c424f152-b0b1-403f-ad43-57b6eddc8681|10.1.0.5:15032]|listeners:[], old=null
2024-01-26 21:34:18,844 [c424f152-b0b1-403f-ad43-57b6eddc8681-groupManagement] INFO  server.RaftServer$Division (RaftServerImpl.java:setRole(383)) - c424f152-b0b1-403f-ad43-57b6eddc8681@group-C50F9A8FB292: changes role from      null to FOLLOWER at term 0 for startAsFollower
2024-01-26 21:34:18,844 [c424f152-b0b1-403f-ad43-57b6eddc8681-groupManagement] INFO  impl.RoleInfo (RoleInfo.java:updateAndGet(139)) - c424f152-b0b1-403f-ad43-57b6eddc8681: start c424f152-b0b1-403f-ad43-57b6eddc8681@group-C50F9A8FB292-FollowerState
2024-01-26 21:34:18,843 [615e0ce5-d68a-4764-9dce-a037122bf2b4-groupManagement] INFO  storage.RaftStorage (RaftStorageImpl.java:format(99)) - Storage directory /home/runner/work/ozone/ozone/hadoop-ozone/integration-test/target/test-dir/MiniOzoneClusterImpl-1af845c4-9ad0-4304-ad21-7f4426eccdbd/datanode-6/data/ratis/2df29df1-f773-4859-906e-77329b463a15 has been successfully formatted.
2024-01-26 21:34:18,844 [615e0ce5-d68a-4764-9dce-a037122bf2b4-groupManagement] WARN  util.FileUtils (LogUtils.java:supplyAndLog(63)) - Failed to Files.newInputStream /home/runner/work/ozone/ozone/hadoop-ozone/integration-test/target/test-dir/MiniOzoneClusterImpl-1af845c4-9ad0-4304-ad21-7f4426eccdbd/datanode-6/data/ratis/2df29df1-f773-4859-906e-77329b463a15/current/raft-meta.conf with options []: java.nio.file.NoSuchFileException: /home/runner/work/ozone/ozone/hadoop-ozone/integration-test/target/test-dir/MiniOzoneClusterImpl-1af845c4-9ad0-4304-ad21-7f4426eccdbd/datanode-6/data/ratis/2df29df1-f773-4859-906e-77329b463a15/current/raft-meta.conf
2024-01-26 21:34:18,843 [85a76c17-24cd-4caa-b4c9-2f056bfd6b3c-groupManagement] INFO  storage.RaftStorageDirectory (RaftStorageDirectoryImpl.java:tryLock(228)) - Lock on /home/runner/work/ozone/ozone/hadoop-ozone/integration-test/target/test-dir/MiniOzoneClusterImpl-1af845c4-9ad0-4304-ad21-7f4426eccdbd/datanode-7/data/ratis/4cd91ef7-511c-4d5b-b063-6f64bee8aa29/in_use.lock acquired by nodename 39692@fv-az1566-86
2024-01-26 21:34:18,843 [67e21e31-4dca-48e2-85b4-2f4b1b69db84-groupManagement] INFO  storage.RaftStorageDirectory (RaftStorageDirectoryImpl.java:tryLock(228)) - Lock on /home/runner/work/ozone/ozone/hadoop-ozone/integration-test/target/test-dir/MiniOzoneClusterImpl-1af845c4-9ad0-4304-ad21-7f4426eccdbd/datanode-0/data/ratis/15d2e455-1fb4-4503-ac7a-c50f9a8fb292/in_use.lock acquired by nodename 39692@fv-az1566-86
2024-01-26 21:34:18,849 [c424f152-b0b1-403f-ad43-57b6eddc8681-groupManagement] INFO  util.JmxRegister (JmxRegister.java:tryRegister(44)) - Successfully registered JMX Bean with object name Ratis:service=RaftServer,group=group-C50F9A8FB292,id=c424f152-b0b1-403f-ad43-57b6eddc8681
2024-01-26 21:34:18,849 [c424f152-b0b1-403f-ad43-57b6eddc8681-groupManagement] INFO  server.RaftServerConfigKeys (ConfUtils.java:logGet(46)) - raft.server.snapshot.trigger-when-stop.enabled = true (default)
2024-01-26 21:34:18,849 [c424f152-b0b1-403f-ad43-57b6eddc8681-groupManagement] INFO  server.RaftServerConfigKeys (ConfUtils.java:logGet(46)) - raft.server.snapshot.auto.trigger.enabled = true (custom)
2024-01-26 21:34:18,850 [c424f152-b0b1-403f-ad43-57b6eddc8681-groupManagement] INFO  server.RaftServerConfigKeys (ConfUtils.java:logGet(46)) - raft.server.snapshot.auto.trigger.threshold = 10000 (custom)
2024-01-26 21:34:18,850 [c424f152-b0b1-403f-ad43-57b6eddc8681-groupManagement] INFO  server.RaftServerConfigKeys (ConfUtils.java:logGet(46)) - raft.server.snapshot.retention.file.num = 5 (custom)
2024-01-26 21:34:18,850 [c424f152-b0b1-403f-ad43-57b6eddc8681-groupManagement] INFO  server.RaftServerConfigKeys (ConfUtils.java:logGet(46)) - raft.server.log.purge.upto.snapshot.index = false (default)
2024-01-26 21:34:18,851 [615e0ce5-d68a-4764-9dce-a037122bf2b4-groupManagement] INFO  ratis.ContainerStateMachine (ContainerStateMachine.java:loadSnapshot(287)) - group-77329B463A15: The snapshot info is null. Setting the last applied index to:(t:0, i:~)
2024-01-26 21:34:18,851 [615e0ce5-d68a-4764-9dce-a037122bf2b4-groupManagement] INFO  server.RaftServerConfigKeys (ConfUtils.java:logGet(46)) - raft.server.log.use.memory = false (default)
2024-01-26 21:34:18,852 [615e0ce5-d68a-4764-9dce-a037122bf2b4-groupManagement] INFO  server.RaftServerConfigKeys (ConfUtils.java:logGet(46)) - raft.server.log.purge.gap = 1000000 (custom)
2024-01-26 21:34:18,852 [615e0ce5-d68a-4764-9dce-a037122bf2b4-groupManagement] INFO  server.RaftServerConfigKeys (ConfUtils.java:logGet(46)) - raft.server.log.appender.buffer.byte-limit = 8388608 (custom)
2024-01-26 21:34:18,852 [615e0ce5-d68a-4764-9dce-a037122bf2b4-groupManagement] INFO  server.RaftServerConfigKeys (ConfUtils.java:logGet(46)) - raft.server.log.statemachine.data.read.timeout = 1000ms (default)
2024-01-26 21:34:18,852 [615e0ce5-d68a-4764-9dce-a037122bf2b4-groupManagement] INFO  server.RaftServerConfigKeys (ConfUtils.java:logGet(46)) - raft.server.log.purge.preservation.log.num = 0 (default)
2024-01-26 21:34:18,853 [EventQueue-OpenPipelineForHealthyPipelineSafeModeRule] INFO  safemode.SCMSafeModeManager (HealthyPipelineSafeModeRule.java:process(140)) - SCM in safe mode. Healthy pipelines reported count is 0, required healthy pipeline reported count is 1
2024-01-26 21:34:18,861 [85a76c17-24cd-4caa-b4c9-2f056bfd6b3c-groupManagement] INFO  storage.RaftStorage (RaftStorageImpl.java:format(99)) - Storage directory /home/runner/work/ozone/ozone/hadoop-ozone/integration-test/target/test-dir/MiniOzoneClusterImpl-1af845c4-9ad0-4304-ad21-7f4426eccdbd/datanode-7/data/ratis/4cd91ef7-511c-4d5b-b063-6f64bee8aa29 has been successfully formatted.
2024-01-26 21:34:18,862 [85a76c17-24cd-4caa-b4c9-2f056bfd6b3c-groupManagement] WARN  util.FileUtils (LogUtils.java:supplyAndLog(63)) - Failed to Files.newInputStream /home/runner/work/ozone/ozone/hadoop-ozone/integration-test/target/test-dir/MiniOzoneClusterImpl-1af845c4-9ad0-4304-ad21-7f4426eccdbd/datanode-7/data/ratis/4cd91ef7-511c-4d5b-b063-6f64bee8aa29/current/raft-meta.conf with options []: java.nio.file.NoSuchFileException: /home/runner/work/ozone/ozone/hadoop-ozone/integration-test/target/test-dir/MiniOzoneClusterImpl-1af845c4-9ad0-4304-ad21-7f4426eccdbd/datanode-7/data/ratis/4cd91ef7-511c-4d5b-b063-6f64bee8aa29/current/raft-meta.conf
2024-01-26 21:34:18,862 [67e21e31-4dca-48e2-85b4-2f4b1b69db84-groupManagement] INFO  storage.RaftStorage (RaftStorageImpl.java:format(99)) - Storage directory /home/runner/work/ozone/ozone/hadoop-ozone/integration-test/target/test-dir/MiniOzoneClusterImpl-1af845c4-9ad0-4304-ad21-7f4426eccdbd/datanode-0/data/ratis/15d2e455-1fb4-4503-ac7a-c50f9a8fb292 has been successfully formatted.
2024-01-26 21:34:18,862 [67e21e31-4dca-48e2-85b4-2f4b1b69db84-groupManagement] WARN  util.FileUtils (LogUtils.java:supplyAndLog(63)) - Failed to Files.newInputStream /home/runner/work/ozone/ozone/hadoop-ozone/integration-test/target/test-dir/MiniOzoneClusterImpl-1af845c4-9ad0-4304-ad21-7f4426eccdbd/datanode-0/data/ratis/15d2e455-1fb4-4503-ac7a-c50f9a8fb292/current/raft-meta.conf with options []: java.nio.file.NoSuchFileException: /home/runner/work/ozone/ozone/hadoop-ozone/integration-test/target/test-dir/MiniOzoneClusterImpl-1af845c4-9ad0-4304-ad21-7f4426eccdbd/datanode-0/data/ratis/15d2e455-1fb4-4503-ac7a-c50f9a8fb292/current/raft-meta.conf
2024-01-26 21:34:18,863 [67e21e31-4dca-48e2-85b4-2f4b1b69db84-groupManagement] INFO  ratis.ContainerStateMachine (ContainerStateMachine.java:loadSnapshot(287)) - group-C50F9A8FB292: The snapshot info is null. Setting the last applied index to:(t:0, i:~)
2024-01-26 21:34:18,863 [67e21e31-4dca-48e2-85b4-2f4b1b69db84-groupManagement] INFO  server.RaftServerConfigKeys (ConfUtils.java:logGet(46)) - raft.server.log.use.memory = false (default)
2024-01-26 21:34:18,863 [67e21e31-4dca-48e2-85b4-2f4b1b69db84-groupManagement] INFO  server.RaftServerConfigKeys (ConfUtils.java:logGet(46)) - raft.server.log.purge.gap = 1000000 (custom)
2024-01-26 21:34:18,864 [67e21e31-4dca-48e2-85b4-2f4b1b69db84-groupManagement] INFO  server.RaftServerConfigKeys (ConfUtils.java:logGet(46)) - raft.server.log.appender.buffer.byte-limit = 8388608 (custom)
2024-01-26 21:34:18,864 [67e21e31-4dca-48e2-85b4-2f4b1b69db84-groupManagement] INFO  server.RaftServerConfigKeys (ConfUtils.java:logGet(46)) - raft.server.log.statemachine.data.read.timeout = 1000ms (default)
2024-01-26 21:34:18,864 [67e21e31-4dca-48e2-85b4-2f4b1b69db84-groupManagement] INFO  server.RaftServerConfigKeys (ConfUtils.java:logGet(46)) - raft.server.log.purge.preservation.log.num = 0 (default)
2024-01-26 21:34:18,848 [c424f152-b0b1-403f-ad43-57b6eddc8681@group-C50F9A8FB292-FollowerState] INFO  server.RaftServerConfigKeys (ConfUtils.java:logFallback(53)) - raft.server.rpc.first-election.timeout.min = 5s (fallback to raft.server.rpc.timeout.min)
2024-01-26 21:34:18,865 [c424f152-b0b1-403f-ad43-57b6eddc8681@group-C50F9A8FB292-FollowerState] INFO  server.RaftServerConfigKeys (ConfUtils.java:logFallback(53)) - raft.server.rpc.first-election.timeout.max = 5200ms (fallback to raft.server.rpc.timeout.max)
2024-01-26 21:34:18,864 [85a76c17-24cd-4caa-b4c9-2f056bfd6b3c-groupManagement] INFO  ratis.ContainerStateMachine (ContainerStateMachine.java:loadSnapshot(287)) - group-6F64BEE8AA29: The snapshot info is null. Setting the last applied index to:(t:0, i:~)
2024-01-26 21:34:18,865 [85a76c17-24cd-4caa-b4c9-2f056bfd6b3c-groupManagement] INFO  server.RaftServerConfigKeys (ConfUtils.java:logGet(46)) - raft.server.log.use.memory = false (default)
2024-01-26 21:34:18,865 [85a76c17-24cd-4caa-b4c9-2f056bfd6b3c-groupManagement] INFO  server.RaftServerConfigKeys (ConfUtils.java:logGet(46)) - raft.server.log.purge.gap = 1000000 (custom)
2024-01-26 21:34:18,865 [85a76c17-24cd-4caa-b4c9-2f056bfd6b3c-groupManagement] INFO  server.RaftServerConfigKeys (ConfUtils.java:logGet(46)) - raft.server.log.appender.buffer.byte-limit = 8388608 (custom)
2024-01-26 21:34:18,865 [85a76c17-24cd-4caa-b4c9-2f056bfd6b3c-groupManagement] INFO  server.RaftServerConfigKeys (ConfUtils.java:logGet(46)) - raft.server.log.statemachine.data.read.timeout = 1000ms (default)
2024-01-26 21:34:18,865 [85a76c17-24cd-4caa-b4c9-2f056bfd6b3c-groupManagement] INFO  server.RaftServerConfigKeys (ConfUtils.java:logGet(46)) - raft.server.log.purge.preservation.log.num = 0 (default)
2024-01-26 21:34:18,866 [EventQueue-PipelineReportForPipelineReportHandler] INFO  pipeline.PipelineReportHandler (PipelineReportHandler.java:processPipelineReport(136)) - Opened pipeline PipelineID=4cd91ef7-511c-4d5b-b063-6f64bee8aa29
2024-01-26 21:34:18,867 [EventQueue-OpenPipelineForHealthyPipelineSafeModeRule] INFO  safemode.SCMSafeModeManager (HealthyPipelineSafeModeRule.java:process(140)) - SCM in safe mode. Healthy pipelines reported count is 0, required healthy pipeline reported count is 1
2024-01-26 21:34:18,867 [209e1d4e-6bc3-40d2-a53c-4015c1ab1ac0-groupManagement] INFO  server.RaftServer$Division (RaftServerImpl.java:start(396)) - 209e1d4e-6bc3-40d2-a53c-4015c1ab1ac0@group-0160BF9DF5E3: start as a follower, conf=-1: peers:[209e1d4e-6bc3-40d2-a53c-4015c1ab1ac0|10.1.0.5:15050, 4166fb02-ca0d-4de6-a961-378c6a3b2890|10.1.0.5:15041, 7564b097-4325-4468-ae97-837bc55d7172|10.1.0.5:15059]|listeners:[], old=null
2024-01-26 21:34:18,867 [209e1d4e-6bc3-40d2-a53c-4015c1ab1ac0-groupManagement] INFO  server.RaftServer$Division (RaftServerImpl.java:setRole(383)) - 209e1d4e-6bc3-40d2-a53c-4015c1ab1ac0@group-0160BF9DF5E3: changes role from      null to FOLLOWER at term 0 for startAsFollower
2024-01-26 21:34:18,867 [209e1d4e-6bc3-40d2-a53c-4015c1ab1ac0-groupManagement] INFO  impl.RoleInfo (RoleInfo.java:updateAndGet(139)) - 209e1d4e-6bc3-40d2-a53c-4015c1ab1ac0: start 209e1d4e-6bc3-40d2-a53c-4015c1ab1ac0@group-0160BF9DF5E3-FollowerState
2024-01-26 21:34:18,867 [EventQueue-OpenPipelineForHealthyPipelineSafeModeRule] INFO  safemode.SCMSafeModeManager (HealthyPipelineSafeModeRule.java:process(140)) - SCM in safe mode. Healthy pipelines reported count is 0, required healthy pipeline reported count is 1
2024-01-26 21:34:18,868 [209e1d4e-6bc3-40d2-a53c-4015c1ab1ac0-groupManagement] INFO  util.JmxRegister (JmxRegister.java:tryRegister(44)) - Successfully registered JMX Bean with object name Ratis:service=RaftServer,group=group-0160BF9DF5E3,id=209e1d4e-6bc3-40d2-a53c-4015c1ab1ac0
2024-01-26 21:34:18,868 [209e1d4e-6bc3-40d2-a53c-4015c1ab1ac0-groupManagement] INFO  server.RaftServerConfigKeys (ConfUtils.java:logGet(46)) - raft.server.snapshot.trigger-when-stop.enabled = true (default)
2024-01-26 21:34:18,868 [209e1d4e-6bc3-40d2-a53c-4015c1ab1ac0-groupManagement] INFO  server.RaftServerConfigKeys (ConfUtils.java:logGet(46)) - raft.server.snapshot.auto.trigger.enabled = true (custom)
2024-01-26 21:34:18,868 [209e1d4e-6bc3-40d2-a53c-4015c1ab1ac0-groupManagement] INFO  server.RaftServerConfigKeys (ConfUtils.java:logGet(46)) - raft.server.snapshot.auto.trigger.threshold = 10000 (custom)
2024-01-26 21:34:18,868 [209e1d4e-6bc3-40d2-a53c-4015c1ab1ac0-groupManagement] INFO  server.RaftServerConfigKeys (ConfUtils.java:logGet(46)) - raft.server.snapshot.retention.file.num = 5 (custom)
2024-01-26 21:34:18,868 [209e1d4e-6bc3-40d2-a53c-4015c1ab1ac0-groupManagement] INFO  server.RaftServerConfigKeys (ConfUtils.java:logGet(46)) - raft.server.log.purge.upto.snapshot.index = false (default)
2024-01-26 21:34:18,870 [4166fb02-ca0d-4de6-a961-378c6a3b2890-groupManagement] INFO  server.RaftServerConfigKeys (ConfUtils.java:logGet(46)) - raft.server.log.write.buffer.size = 8388616 (custom)
2024-01-26 21:34:18,871 [209e1d4e-6bc3-40d2-a53c-4015c1ab1ac0@group-0160BF9DF5E3-FollowerState] INFO  server.RaftServerConfigKeys (ConfUtils.java:logFallback(53)) - raft.server.rpc.first-election.timeout.min = 5s (fallback to raft.server.rpc.timeout.min)
2024-01-26 21:34:18,871 [209e1d4e-6bc3-40d2-a53c-4015c1ab1ac0@group-0160BF9DF5E3-FollowerState] INFO  server.RaftServerConfigKeys (ConfUtils.java:logFallback(53)) - raft.server.rpc.first-election.timeout.max = 5200ms (fallback to raft.server.rpc.timeout.max)
2024-01-26 21:34:18,872 [4166fb02-ca0d-4de6-a961-378c6a3b2890-groupManagement] INFO  server.RaftServerConfigKeys (ConfUtils.java:logGet(46)) - raft.server.log.appender.buffer.byte-limit = 8388608 (custom)
2024-01-26 21:34:18,872 [4166fb02-ca0d-4de6-a961-378c6a3b2890-groupManagement] INFO  server.RaftServerConfigKeys (ConfUtils.java:logGet(46)) - raft.server.log.unsafe-flush.enabled = false (default)
2024-01-26 21:34:18,872 [4166fb02-ca0d-4de6-a961-378c6a3b2890-groupManagement] INFO  server.RaftServerConfigKeys (ConfUtils.java:logGet(46)) - raft.server.log.async-flush.enabled = false (default)
2024-01-26 21:34:18,873 [4166fb02-ca0d-4de6-a961-378c6a3b2890-groupManagement] INFO  server.RaftServerConfigKeys (ConfUtils.java:logGet(46)) - raft.server.log.statemachine.data.caching.enabled = true (custom)
2024-01-26 21:34:18,886 [209e1d4e-6bc3-40d2-a53c-4015c1ab1ac0-PipelineCommandHandlerThread-0] INFO  ratis.XceiverServerRatis (XceiverServerRatis.java:addGroup(842)) - Created group PipelineID=fe620031-71af-48f5-85ea-0160bf9df5e3
2024-01-26 21:34:18,886 [c424f152-b0b1-403f-ad43-57b6eddc8681-PipelineCommandHandlerThread-0] INFO  ratis.XceiverServerRatis (XceiverServerRatis.java:addGroup(842)) - Created group PipelineID=15d2e455-1fb4-4503-ac7a-c50f9a8fb292
2024-01-26 21:34:18,886 [4166fb02-ca0d-4de6-a961-378c6a3b2890-groupManagement] INFO  segmented.SegmentedRaftLogWorker (SegmentedRaftLogWorker.java:lambda$new$0(134)) - 4166fb02-ca0d-4de6-a961-378c6a3b2890@group-0160BF9DF5E3-SegmentedRaftLogWorker: flushIndex: setUnconditionally 0 -> -1
2024-01-26 21:34:18,888 [4166fb02-ca0d-4de6-a961-378c6a3b2890-groupManagement] INFO  segmented.SegmentedRaftLogWorker (SegmentedRaftLogWorker.java:lambda$new$0(134)) - 4166fb02-ca0d-4de6-a961-378c6a3b2890@group-0160BF9DF5E3-SegmentedRaftLogWorker: safeCacheEvictIndex: setUnconditionally 0 -> -1
2024-01-26 21:34:18,894 [4166fb02-ca0d-4de6-a961-378c6a3b2890-groupManagement] INFO  server.RaftServer$Division (RaftServerImpl.java:start(396)) - 4166fb02-ca0d-4de6-a961-378c6a3b2890@group-0160BF9DF5E3: start as a follower, conf=-1: peers:[209e1d4e-6bc3-40d2-a53c-4015c1ab1ac0|10.1.0.5:15050, 4166fb02-ca0d-4de6-a961-378c6a3b2890|10.1.0.5:15041, 7564b097-4325-4468-ae97-837bc55d7172|10.1.0.5:15059]|listeners:[], old=null
2024-01-26 21:34:18,894 [4166fb02-ca0d-4de6-a961-378c6a3b2890-groupManagement] INFO  server.RaftServer$Division (RaftServerImpl.java:setRole(383)) - 4166fb02-ca0d-4de6-a961-378c6a3b2890@group-0160BF9DF5E3: changes role from      null to FOLLOWER at term 0 for startAsFollower
2024-01-26 21:34:18,895 [4166fb02-ca0d-4de6-a961-378c6a3b2890-groupManagement] INFO  impl.RoleInfo (RoleInfo.java:updateAndGet(139)) - 4166fb02-ca0d-4de6-a961-378c6a3b2890: start 4166fb02-ca0d-4de6-a961-378c6a3b2890@group-0160BF9DF5E3-FollowerState
2024-01-26 21:34:18,895 [4166fb02-ca0d-4de6-a961-378c6a3b2890@group-0160BF9DF5E3-FollowerState] INFO  server.RaftServerConfigKeys (ConfUtils.java:logFallback(53)) - raft.server.rpc.first-election.timeout.min = 5s (fallback to raft.server.rpc.timeout.min)
2024-01-26 21:34:18,895 [4166fb02-ca0d-4de6-a961-378c6a3b2890@group-0160BF9DF5E3-FollowerState] INFO  server.RaftServerConfigKeys (ConfUtils.java:logFallback(53)) - raft.server.rpc.first-election.timeout.max = 5200ms (fallback to raft.server.rpc.timeout.max)
2024-01-26 21:34:18,896 [4166fb02-ca0d-4de6-a961-378c6a3b2890-groupManagement] INFO  util.JmxRegister (JmxRegister.java:tryRegister(44)) - Successfully registered JMX Bean with object name Ratis:service=RaftServer,group=group-0160BF9DF5E3,id=4166fb02-ca0d-4de6-a961-378c6a3b2890
2024-01-26 21:34:18,896 [4166fb02-ca0d-4de6-a961-378c6a3b2890-groupManagement] INFO  server.RaftServerConfigKeys (ConfUtils.java:logGet(46)) - raft.server.snapshot.trigger-when-stop.enabled = true (default)
2024-01-26 21:34:18,896 [4166fb02-ca0d-4de6-a961-378c6a3b2890-groupManagement] INFO  server.RaftServerConfigKeys (ConfUtils.java:logGet(46)) - raft.server.snapshot.auto.trigger.enabled = true (custom)
2024-01-26 21:34:18,896 [4166fb02-ca0d-4de6-a961-378c6a3b2890-groupManagement] INFO  server.RaftServerConfigKeys (ConfUtils.java:logGet(46)) - raft.server.snapshot.auto.trigger.threshold = 10000 (custom)
2024-01-26 21:34:18,896 [4166fb02-ca0d-4de6-a961-378c6a3b2890-groupManagement] INFO  server.RaftServerConfigKeys (ConfUtils.java:logGet(46)) - raft.server.snapshot.retention.file.num = 5 (custom)
2024-01-26 21:34:18,896 [4166fb02-ca0d-4de6-a961-378c6a3b2890-groupManagement] INFO  server.RaftServerConfigKeys (ConfUtils.java:logGet(46)) - raft.server.log.purge.upto.snapshot.index = false (default)
2024-01-26 21:34:18,903 [615e0ce5-d68a-4764-9dce-a037122bf2b4-groupManagement] INFO  server.RaftServerConfigKeys (ConfUtils.java:logGet(46)) - raft.server.log.segment.size.max = 67108864 (custom)
2024-01-26 21:34:18,903 [67e21e31-4dca-48e2-85b4-2f4b1b69db84-groupManagement] INFO  server.RaftServerConfigKeys (ConfUtils.java:logGet(46)) - raft.server.log.segment.size.max = 67108864 (custom)
2024-01-26 21:34:18,905 [615e0ce5-d68a-4764-9dce-a037122bf2b4-groupManagement] INFO  server.RaftServerConfigKeys (ConfUtils.java:logGet(46)) - raft.server.log.segment.cache.num.max = 2 (custom)
2024-01-26 21:34:18,905 [615e0ce5-d68a-4764-9dce-a037122bf2b4-groupManagement] INFO  server.RaftServerConfigKeys (ConfUtils.java:logGet(46)) - raft.server.log.segment.cache.size.max = 200MB (=209715200) (default)
2024-01-26 21:34:18,905 [615e0ce5-d68a-4764-9dce-a037122bf2b4-groupManagement] INFO  server.RaftServerConfigKeys (ConfUtils.java:logGet(46)) - raft.server.log.appender.buffer.byte-limit = 8388608 (custom)
2024-01-26 21:34:18,905 [67e21e31-4dca-48e2-85b4-2f4b1b69db84-groupManagement] INFO  server.RaftServerConfigKeys (ConfUtils.java:logGet(46)) - raft.server.log.segment.cache.num.max = 2 (custom)
2024-01-26 21:34:18,905 [67e21e31-4dca-48e2-85b4-2f4b1b69db84-groupManagement] INFO  server.RaftServerConfigKeys (ConfUtils.java:logGet(46)) - raft.server.log.segment.cache.size.max = 200MB (=209715200) (default)
2024-01-26 21:34:18,905 [67e21e31-4dca-48e2-85b4-2f4b1b69db84-groupManagement] INFO  server.RaftServerConfigKeys (ConfUtils.java:logGet(46)) - raft.server.log.appender.buffer.byte-limit = 8388608 (custom)
2024-01-26 21:34:18,906 [85a76c17-24cd-4caa-b4c9-2f056bfd6b3c-groupManagement] INFO  server.RaftServerConfigKeys (ConfUtils.java:logGet(46)) - raft.server.log.segment.size.max = 67108864 (custom)
2024-01-26 21:34:18,907 [85a76c17-24cd-4caa-b4c9-2f056bfd6b3c-groupManagement] INFO  server.RaftServerConfigKeys (ConfUtils.java:logGet(46)) - raft.server.log.segment.cache.num.max = 2 (custom)
2024-01-26 21:34:18,907 [85a76c17-24cd-4caa-b4c9-2f056bfd6b3c-groupManagement] INFO  server.RaftServerConfigKeys (ConfUtils.java:logGet(46)) - raft.server.log.segment.cache.size.max = 200MB (=209715200) (default)
2024-01-26 21:34:18,908 [85a76c17-24cd-4caa-b4c9-2f056bfd6b3c-groupManagement] INFO  server.RaftServerConfigKeys (ConfUtils.java:logGet(46)) - raft.server.log.appender.buffer.byte-limit = 8388608 (custom)
2024-01-26 21:34:18,911 [67e21e31-4dca-48e2-85b4-2f4b1b69db84-groupManagement] INFO  util.AwaitToRun (AwaitToRun.java:start(81)) - Thread[67e21e31-4dca-48e2-85b4-2f4b1b69db84@group-C50F9A8FB292-cacheEviction-AwaitToRun,5,main] started
2024-01-26 21:34:18,911 [67e21e31-4dca-48e2-85b4-2f4b1b69db84-groupManagement] INFO  segmented.SegmentedRaftLogWorker (SegmentedRaftLogWorker.java:<init>(182)) - new 67e21e31-4dca-48e2-85b4-2f4b1b69db84@group-C50F9A8FB292-SegmentedRaftLogWorker for RaftStorageImpl:Storage Directory /home/runner/work/ozone/ozone/hadoop-ozone/integration-test/target/test-dir/MiniOzoneClusterImpl-1af845c4-9ad0-4304-ad21-7f4426eccdbd/datanode-0/data/ratis/15d2e455-1fb4-4503-ac7a-c50f9a8fb292
2024-01-26 21:34:18,911 [67e21e31-4dca-48e2-85b4-2f4b1b69db84-groupManagement] INFO  server.RaftServerConfigKeys (ConfUtils.java:logGet(46)) - raft.server.log.queue.byte-limit = 4294967296 (custom)
2024-01-26 21:34:18,911 [67e21e31-4dca-48e2-85b4-2f4b1b69db84-groupManagement] INFO  server.RaftServerConfigKeys (ConfUtils.java:logGet(46)) - raft.server.log.queue.element-limit = 1024 (custom)
2024-01-26 21:34:18,911 [67e21e31-4dca-48e2-85b4-2f4b1b69db84-groupManagement] INFO  server.RaftServerConfigKeys (ConfUtils.java:logGet(46)) - raft.server.log.segment.size.max = 67108864 (custom)
2024-01-26 21:34:18,911 [67e21e31-4dca-48e2-85b4-2f4b1b69db84-groupManagement] INFO  server.RaftServerConfigKeys (ConfUtils.java:logGet(46)) - raft.server.log.preallocated.size = 4194304 (custom)
2024-01-26 21:34:18,911 [67e21e31-4dca-48e2-85b4-2f4b1b69db84-groupManagement] INFO  server.RaftServerConfigKeys (ConfUtils.java:logGet(46)) - raft.server.log.force.sync.num = 128 (default)
2024-01-26 21:34:18,911 [67e21e31-4dca-48e2-85b4-2f4b1b69db84-groupManagement] INFO  server.RaftServerConfigKeys (ConfUtils.java:logGet(46)) - raft.server.log.statemachine.data.sync = true (default)
2024-01-26 21:34:18,911 [67e21e31-4dca-48e2-85b4-2f4b1b69db84-groupManagement] INFO  server.RaftServerConfigKeys (ConfUtils.java:logGet(46)) - raft.server.log.statemachine.data.sync.timeout = 10s (default)
2024-01-26 21:34:18,911 [67e21e31-4dca-48e2-85b4-2f4b1b69db84-groupManagement] INFO  server.RaftServerConfigKeys (ConfUtils.java:logGet(46)) - raft.server.log.statemachine.data.sync.timeout.retry = 0 (custom)
2024-01-26 21:34:18,911 [67e21e31-4dca-48e2-85b4-2f4b1b69db84-groupManagement] INFO  server.RaftServerConfigKeys (ConfUtils.java:logGet(46)) - raft.server.log.write.buffer.size = 8388616 (custom)
2024-01-26 21:34:18,913 [67e21e31-4dca-48e2-85b4-2f4b1b69db84-groupManagement] INFO  server.RaftServerConfigKeys (ConfUtils.java:logGet(46)) - raft.server.log.appender.buffer.byte-limit = 8388608 (custom)
2024-01-26 21:34:18,913 [67e21e31-4dca-48e2-85b4-2f4b1b69db84-groupManagement] INFO  server.RaftServerConfigKeys (ConfUtils.java:logGet(46)) - raft.server.log.unsafe-flush.enabled = false (default)
2024-01-26 21:34:18,913 [67e21e31-4dca-48e2-85b4-2f4b1b69db84-groupManagement] INFO  server.RaftServerConfigKeys (ConfUtils.java:logGet(46)) - raft.server.log.async-flush.enabled = false (default)
2024-01-26 21:34:18,913 [67e21e31-4dca-48e2-85b4-2f4b1b69db84-groupManagement] INFO  server.RaftServerConfigKeys (ConfUtils.java:logGet(46)) - raft.server.log.statemachine.data.caching.enabled = true (custom)
2024-01-26 21:34:18,913 [67e21e31-4dca-48e2-85b4-2f4b1b69db84-groupManagement] INFO  segmented.SegmentedRaftLogWorker (SegmentedRaftLogWorker.java:lambda$new$0(134)) - 67e21e31-4dca-48e2-85b4-2f4b1b69db84@group-C50F9A8FB292-SegmentedRaftLogWorker: flushIndex: setUnconditionally 0 -> -1
2024-01-26 21:34:18,914 [67e21e31-4dca-48e2-85b4-2f4b1b69db84-groupManagement] INFO  segmented.SegmentedRaftLogWorker (SegmentedRaftLogWorker.java:lambda$new$0(134)) - 67e21e31-4dca-48e2-85b4-2f4b1b69db84@group-C50F9A8FB292-SegmentedRaftLogWorker: safeCacheEvictIndex: setUnconditionally 0 -> -1
2024-01-26 21:34:18,915 [67e21e31-4dca-48e2-85b4-2f4b1b69db84-groupManagement] INFO  server.RaftServer$Division (RaftServerImpl.java:start(396)) - 67e21e31-4dca-48e2-85b4-2f4b1b69db84@group-C50F9A8FB292: start as a follower, conf=-1: peers:[67e21e31-4dca-48e2-85b4-2f4b1b69db84|10.1.0.5:15014, a4a3addc-657d-412b-928e-3d6f899db221|10.1.0.5:15023, c424f152-b0b1-403f-ad43-57b6eddc8681|10.1.0.5:15032]|listeners:[], old=null
2024-01-26 21:34:18,915 [67e21e31-4dca-48e2-85b4-2f4b1b69db84-groupManagement] INFO  server.RaftServer$Division (RaftServerImpl.java:setRole(383)) - 67e21e31-4dca-48e2-85b4-2f4b1b69db84@group-C50F9A8FB292: changes role from      null to FOLLOWER at term 0 for startAsFollower
2024-01-26 21:34:18,915 [67e21e31-4dca-48e2-85b4-2f4b1b69db84-groupManagement] INFO  impl.RoleInfo (RoleInfo.java:updateAndGet(139)) - 67e21e31-4dca-48e2-85b4-2f4b1b69db84: start 67e21e31-4dca-48e2-85b4-2f4b1b69db84@group-C50F9A8FB292-FollowerState
2024-01-26 21:34:18,915 [615e0ce5-d68a-4764-9dce-a037122bf2b4-groupManagement] INFO  util.AwaitToRun (AwaitToRun.java:start(81)) - Thread[615e0ce5-d68a-4764-9dce-a037122bf2b4@group-77329B463A15-cacheEviction-AwaitToRun,5,main] started
2024-01-26 21:34:18,915 [615e0ce5-d68a-4764-9dce-a037122bf2b4-groupManagement] INFO  segmented.SegmentedRaftLogWorker (SegmentedRaftLogWorker.java:<init>(182)) - new 615e0ce5-d68a-4764-9dce-a037122bf2b4@group-77329B463A15-SegmentedRaftLogWorker for RaftStorageImpl:Storage Directory /home/runner/work/ozone/ozone/hadoop-ozone/integration-test/target/test-dir/MiniOzoneClusterImpl-1af845c4-9ad0-4304-ad21-7f4426eccdbd/datanode-6/data/ratis/2df29df1-f773-4859-906e-77329b463a15
2024-01-26 21:34:18,915 [615e0ce5-d68a-4764-9dce-a037122bf2b4-groupManagement] INFO  server.RaftServerConfigKeys (ConfUtils.java:logGet(46)) - raft.server.log.queue.byte-limit = 4294967296 (custom)
2024-01-26 21:34:18,915 [615e0ce5-d68a-4764-9dce-a037122bf2b4-groupManagement] INFO  server.RaftServerConfigKeys (ConfUtils.java:logGet(46)) - raft.server.log.queue.element-limit = 1024 (custom)
2024-01-26 21:34:18,915 [615e0ce5-d68a-4764-9dce-a037122bf2b4-groupManagement] INFO  server.RaftServerConfigKeys (ConfUtils.java:logGet(46)) - raft.server.log.segment.size.max = 67108864 (custom)
2024-01-26 21:34:18,916 [615e0ce5-d68a-4764-9dce-a037122bf2b4-groupManagement] INFO  server.RaftServerConfigKeys (ConfUtils.java:logGet(46)) - raft.server.log.preallocated.size = 4194304 (custom)
2024-01-26 21:34:18,916 [615e0ce5-d68a-4764-9dce-a037122bf2b4-groupManagement] INFO  server.RaftServerConfigKeys (ConfUtils.java:logGet(46)) - raft.server.log.force.sync.num = 128 (default)
2024-01-26 21:34:18,916 [615e0ce5-d68a-4764-9dce-a037122bf2b4-groupManagement] INFO  server.RaftServerConfigKeys (ConfUtils.java:logGet(46)) - raft.server.log.statemachine.data.sync = true (default)
2024-01-26 21:34:18,916 [615e0ce5-d68a-4764-9dce-a037122bf2b4-groupManagement] INFO  server.RaftServerConfigKeys (ConfUtils.java:logGet(46)) - raft.server.log.statemachine.data.sync.timeout = 10s (default)
2024-01-26 21:34:18,916 [615e0ce5-d68a-4764-9dce-a037122bf2b4-groupManagement] INFO  server.RaftServerConfigKeys (ConfUtils.java:logGet(46)) - raft.server.log.statemachine.data.sync.timeout.retry = 0 (custom)
2024-01-26 21:34:18,916 [615e0ce5-d68a-4764-9dce-a037122bf2b4-groupManagement] INFO  server.RaftServerConfigKeys (ConfUtils.java:logGet(46)) - raft.server.log.write.buffer.size = 8388616 (custom)
2024-01-26 21:34:18,917 [615e0ce5-d68a-4764-9dce-a037122bf2b4-groupManagement] INFO  server.RaftServerConfigKeys (ConfUtils.java:logGet(46)) - raft.server.log.appender.buffer.byte-limit = 8388608 (custom)
2024-01-26 21:34:18,917 [615e0ce5-d68a-4764-9dce-a037122bf2b4-groupManagement] INFO  server.RaftServerConfigKeys (ConfUtils.java:logGet(46)) - raft.server.log.unsafe-flush.enabled = false (default)
2024-01-26 21:34:18,917 [615e0ce5-d68a-4764-9dce-a037122bf2b4-groupManagement] INFO  server.RaftServerConfigKeys (ConfUtils.java:logGet(46)) - raft.server.log.async-flush.enabled = false (default)
2024-01-26 21:34:18,918 [615e0ce5-d68a-4764-9dce-a037122bf2b4-groupManagement] INFO  server.RaftServerConfigKeys (ConfUtils.java:logGet(46)) - raft.server.log.statemachine.data.caching.enabled = true (custom)
2024-01-26 21:34:18,918 [615e0ce5-d68a-4764-9dce-a037122bf2b4-groupManagement] INFO  segmented.SegmentedRaftLogWorker (SegmentedRaftLogWorker.java:lambda$new$0(134)) - 615e0ce5-d68a-4764-9dce-a037122bf2b4@group-77329B463A15-SegmentedRaftLogWorker: flushIndex: setUnconditionally 0 -> -1
2024-01-26 21:34:18,918 [615e0ce5-d68a-4764-9dce-a037122bf2b4-groupManagement] INFO  segmented.SegmentedRaftLogWorker (SegmentedRaftLogWorker.java:lambda$new$0(134)) - 615e0ce5-d68a-4764-9dce-a037122bf2b4@group-77329B463A15-SegmentedRaftLogWorker: safeCacheEvictIndex: setUnconditionally 0 -> -1
2024-01-26 21:34:18,918 [615e0ce5-d68a-4764-9dce-a037122bf2b4-groupManagement] INFO  server.RaftServer$Division (RaftServerImpl.java:start(396)) - 615e0ce5-d68a-4764-9dce-a037122bf2b4@group-77329B463A15: start as a follower, conf=-1: peers:[85a76c17-24cd-4caa-b4c9-2f056bfd6b3c|10.1.0.5:15077, 615e0ce5-d68a-4764-9dce-a037122bf2b4|10.1.0.5:15068, 157befb9-fc2c-4b56-bfb2-e4c39e5a9271|10.1.0.5:15086]|listeners:[], old=null
2024-01-26 21:34:18,918 [615e0ce5-d68a-4764-9dce-a037122bf2b4-groupManagement] INFO  server.RaftServer$Division (RaftServerImpl.java:setRole(383)) - 615e0ce5-d68a-4764-9dce-a037122bf2b4@group-77329B463A15: changes role from      null to FOLLOWER at term 0 for startAsFollower
2024-01-26 21:34:18,918 [615e0ce5-d68a-4764-9dce-a037122bf2b4-groupManagement] INFO  impl.RoleInfo (RoleInfo.java:updateAndGet(139)) - 615e0ce5-d68a-4764-9dce-a037122bf2b4: start 615e0ce5-d68a-4764-9dce-a037122bf2b4@group-77329B463A15-FollowerState
2024-01-26 21:34:18,928 [4166fb02-ca0d-4de6-a961-378c6a3b2890-PipelineCommandHandlerThread-0] INFO  ratis.XceiverServerRatis (XceiverServerRatis.java:addGroup(842)) - Created group PipelineID=fe620031-71af-48f5-85ea-0160bf9df5e3
2024-01-26 21:34:18,929 [157befb9-fc2c-4b56-bfb2-e4c39e5a9271-groupManagement] INFO  server.RaftServerConfigKeys (ConfUtils.java:logGet(46)) - raft.server.rpc.request.timeout = 60s (custom)
2024-01-26 21:34:18,929 [157befb9-fc2c-4b56-bfb2-e4c39e5a9271-groupManagement] INFO  server.RaftServerConfigKeys (ConfUtils.java:logGet(46)) - raft.server.log.appender.install.snapshot.enabled = false (custom)
2024-01-26 21:34:18,929 [67e21e31-4dca-48e2-85b4-2f4b1b69db84-groupManagement] INFO  util.JmxRegister (JmxRegister.java:tryRegister(44)) - Successfully registered JMX Bean with object name Ratis:service=RaftServer,group=group-C50F9A8FB292,id=67e21e31-4dca-48e2-85b4-2f4b1b69db84
2024-01-26 21:34:18,930 [67e21e31-4dca-48e2-85b4-2f4b1b69db84-groupManagement] INFO  server.RaftServerConfigKeys (ConfUtils.java:logGet(46)) - raft.server.snapshot.trigger-when-stop.enabled = true (default)
2024-01-26 21:34:18,930 [67e21e31-4dca-48e2-85b4-2f4b1b69db84-groupManagement] INFO  server.RaftServerConfigKeys (ConfUtils.java:logGet(46)) - raft.server.snapshot.auto.trigger.enabled = true (custom)
2024-01-26 21:34:18,930 [67e21e31-4dca-48e2-85b4-2f4b1b69db84-groupManagement] INFO  server.RaftServerConfigKeys (ConfUtils.java:logGet(46)) - raft.server.snapshot.auto.trigger.threshold = 10000 (custom)
2024-01-26 21:34:18,930 [67e21e31-4dca-48e2-85b4-2f4b1b69db84-groupManagement] INFO  server.RaftServerConfigKeys (ConfUtils.java:logGet(46)) - raft.server.snapshot.retention.file.num = 5 (custom)
2024-01-26 21:34:18,930 [67e21e31-4dca-48e2-85b4-2f4b1b69db84-groupManagement] INFO  server.RaftServerConfigKeys (ConfUtils.java:logGet(46)) - raft.server.log.purge.upto.snapshot.index = false (default)
2024-01-26 21:34:18,929 [157befb9-fc2c-4b56-bfb2-e4c39e5a9271-groupManagement] INFO  server.RaftServerConfigKeys (ConfUtils.java:logGet(46)) - raft.server.threadpool.server.cached = true (default)
2024-01-26 21:34:18,932 [157befb9-fc2c-4b56-bfb2-e4c39e5a9271-groupManagement] INFO  server.RaftServerConfigKeys (ConfUtils.java:logGet(46)) - raft.server.threadpool.server.size = 0 (default)
2024-01-26 21:34:18,932 [157befb9-fc2c-4b56-bfb2-e4c39e5a9271-groupManagement] INFO  server.RaftServerConfigKeys (ConfUtils.java:logGet(46)) - raft.server.threadpool.client.cached = true (default)
2024-01-26 21:34:18,932 [157befb9-fc2c-4b56-bfb2-e4c39e5a9271-groupManagement] INFO  server.RaftServerConfigKeys (ConfUtils.java:logGet(46)) - raft.server.threadpool.client.size = 0 (default)
2024-01-26 21:34:18,932 [615e0ce5-d68a-4764-9dce-a037122bf2b4-groupManagement] INFO  util.JmxRegister (JmxRegister.java:tryRegister(44)) - Successfully registered JMX Bean with object name Ratis:service=RaftServer,group=group-77329B463A15,id=615e0ce5-d68a-4764-9dce-a037122bf2b4
2024-01-26 21:34:18,932 [615e0ce5-d68a-4764-9dce-a037122bf2b4-groupManagement] INFO  server.RaftServerConfigKeys (ConfUtils.java:logGet(46)) - raft.server.snapshot.trigger-when-stop.enabled = true (default)
2024-01-26 21:34:18,932 [615e0ce5-d68a-4764-9dce-a037122bf2b4-groupManagement] INFO  server.RaftServerConfigKeys (ConfUtils.java:logGet(46)) - raft.server.snapshot.auto.trigger.enabled = true (custom)
2024-01-26 21:34:18,932 [615e0ce5-d68a-4764-9dce-a037122bf2b4-groupManagement] INFO  server.RaftServerConfigKeys (ConfUtils.java:logGet(46)) - raft.server.snapshot.auto.trigger.threshold = 10000 (custom)
2024-01-26 21:34:18,932 [615e0ce5-d68a-4764-9dce-a037122bf2b4-groupManagement] INFO  server.RaftServerConfigKeys (ConfUtils.java:logGet(46)) - raft.server.snapshot.retention.file.num = 5 (custom)
2024-01-26 21:34:18,933 [615e0ce5-d68a-4764-9dce-a037122bf2b4-groupManagement] INFO  server.RaftServerConfigKeys (ConfUtils.java:logGet(46)) - raft.server.log.purge.upto.snapshot.index = false (default)
2024-01-26 21:34:18,932 [157befb9-fc2c-4b56-bfb2-e4c39e5a9271-groupManagement] INFO  server.RaftServerConfigKeys (ConfUtils.java:logGet(46)) - raft.server.storage.free-space.min = 0MB (=0) (default)
2024-01-26 21:34:18,933 [157befb9-fc2c-4b56-bfb2-e4c39e5a9271-groupManagement] INFO  server.RaftServerConfigKeys (ConfUtils.java:logGet(46)) - raft.server.log.corruption.policy = EXCEPTION (default)
2024-01-26 21:34:18,933 [157befb9-fc2c-4b56-bfb2-e4c39e5a9271-groupManagement] INFO  server.RaftServerConfigKeys (ConfUtils.java:logGet(46)) - raft.server.storage.dir = [/home/runner/work/ozone/ozone/hadoop-ozone/integration-test/target/test-dir/MiniOzoneClusterImpl-1af845c4-9ad0-4304-ad21-7f4426eccdbd/datanode-8/data/ratis] (custom)
2024-01-26 21:34:18,933 [157befb9-fc2c-4b56-bfb2-e4c39e5a9271-groupManagement] INFO  storage.RaftStorageDirectory (RaftStorageDirectoryImpl.java:analyzeStorage(138)) - The storage directory /home/runner/work/ozone/ozone/hadoop-ozone/integration-test/target/test-dir/MiniOzoneClusterImpl-1af845c4-9ad0-4304-ad21-7f4426eccdbd/datanode-8/data/ratis/868619a0-9f96-47f9-82f1-eb9d8615f236 does not exist. Creating ...
2024-01-26 21:34:18,933 [615e0ce5-d68a-4764-9dce-a037122bf2b4@group-77329B463A15-FollowerState] INFO  server.RaftServerConfigKeys (ConfUtils.java:logFallback(53)) - raft.server.rpc.first-election.timeout.min = 5s (fallback to raft.server.rpc.timeout.min)
2024-01-26 21:34:18,934 [615e0ce5-d68a-4764-9dce-a037122bf2b4@group-77329B463A15-FollowerState] INFO  server.RaftServerConfigKeys (ConfUtils.java:logFallback(53)) - raft.server.rpc.first-election.timeout.max = 5200ms (fallback to raft.server.rpc.timeout.max)
2024-01-26 21:34:18,934 [67e21e31-4dca-48e2-85b4-2f4b1b69db84-PipelineCommandHandlerThread-0] INFO  ratis.XceiverServerRatis (XceiverServerRatis.java:addGroup(842)) - Created group PipelineID=15d2e455-1fb4-4503-ac7a-c50f9a8fb292
2024-01-26 21:34:18,934 [157befb9-fc2c-4b56-bfb2-e4c39e5a9271-groupManagement] INFO  storage.RaftStorageDirectory (RaftStorageDirectoryImpl.java:tryLock(228)) - Lock on /home/runner/work/ozone/ozone/hadoop-ozone/integration-test/target/test-dir/MiniOzoneClusterImpl-1af845c4-9ad0-4304-ad21-7f4426eccdbd/datanode-8/data/ratis/868619a0-9f96-47f9-82f1-eb9d8615f236/in_use.lock acquired by nodename 39692@fv-az1566-86
2024-01-26 21:34:18,935 [157befb9-fc2c-4b56-bfb2-e4c39e5a9271-groupManagement] INFO  storage.RaftStorage (RaftStorageImpl.java:format(99)) - Storage directory /home/runner/work/ozone/ozone/hadoop-ozone/integration-test/target/test-dir/MiniOzoneClusterImpl-1af845c4-9ad0-4304-ad21-7f4426eccdbd/datanode-8/data/ratis/868619a0-9f96-47f9-82f1-eb9d8615f236 has been successfully formatted.
2024-01-26 21:34:18,936 [157befb9-fc2c-4b56-bfb2-e4c39e5a9271-groupManagement] WARN  util.FileUtils (LogUtils.java:supplyAndLog(63)) - Failed to Files.newInputStream /home/runner/work/ozone/ozone/hadoop-ozone/integration-test/target/test-dir/MiniOzoneClusterImpl-1af845c4-9ad0-4304-ad21-7f4426eccdbd/datanode-8/data/ratis/868619a0-9f96-47f9-82f1-eb9d8615f236/current/raft-meta.conf with options []: java.nio.file.NoSuchFileException: /home/runner/work/ozone/ozone/hadoop-ozone/integration-test/target/test-dir/MiniOzoneClusterImpl-1af845c4-9ad0-4304-ad21-7f4426eccdbd/datanode-8/data/ratis/868619a0-9f96-47f9-82f1-eb9d8615f236/current/raft-meta.conf
2024-01-26 21:34:18,937 [67e21e31-4dca-48e2-85b4-2f4b1b69db84@group-C50F9A8FB292-FollowerState] INFO  server.RaftServerConfigKeys (ConfUtils.java:logFallback(53)) - raft.server.rpc.first-election.timeout.min = 5s (fallback to raft.server.rpc.timeout.min)
2024-01-26 21:34:18,939 [85a76c17-24cd-4caa-b4c9-2f056bfd6b3c-groupManagement] INFO  util.AwaitToRun (AwaitToRun.java:start(81)) - Thread[85a76c17-24cd-4caa-b4c9-2f056bfd6b3c@group-6F64BEE8AA29-cacheEviction-AwaitToRun,5,main] started
2024-01-26 21:34:18,939 [67e21e31-4dca-48e2-85b4-2f4b1b69db84@group-C50F9A8FB292-FollowerState] INFO  server.RaftServerConfigKeys (ConfUtils.java:logFallback(53)) - raft.server.rpc.first-election.timeout.max = 5200ms (fallback to raft.server.rpc.timeout.max)
2024-01-26 21:34:18,939 [85a76c17-24cd-4caa-b4c9-2f056bfd6b3c-groupManagement] INFO  segmented.SegmentedRaftLogWorker (SegmentedRaftLogWorker.java:<init>(182)) - new 85a76c17-24cd-4caa-b4c9-2f056bfd6b3c@group-6F64BEE8AA29-SegmentedRaftLogWorker for RaftStorageImpl:Storage Directory /home/runner/work/ozone/ozone/hadoop-ozone/integration-test/target/test-dir/MiniOzoneClusterImpl-1af845c4-9ad0-4304-ad21-7f4426eccdbd/datanode-7/data/ratis/4cd91ef7-511c-4d5b-b063-6f64bee8aa29
2024-01-26 21:34:18,940 [85a76c17-24cd-4caa-b4c9-2f056bfd6b3c-groupManagement] INFO  server.RaftServerConfigKeys (ConfUtils.java:logGet(46)) - raft.server.log.queue.byte-limit = 4294967296 (custom)
2024-01-26 21:34:18,940 [85a76c17-24cd-4caa-b4c9-2f056bfd6b3c-groupManagement] INFO  server.RaftServerConfigKeys (ConfUtils.java:logGet(46)) - raft.server.log.queue.element-limit = 1024 (custom)
2024-01-26 21:34:18,940 [85a76c17-24cd-4caa-b4c9-2f056bfd6b3c-groupManagement] INFO  server.RaftServerConfigKeys (ConfUtils.java:logGet(46)) - raft.server.log.segment.size.max = 67108864 (custom)
2024-01-26 21:34:18,940 [85a76c17-24cd-4caa-b4c9-2f056bfd6b3c-groupManagement] INFO  server.RaftServerConfigKeys (ConfUtils.java:logGet(46)) - raft.server.log.preallocated.size = 4194304 (custom)
2024-01-26 21:34:18,940 [85a76c17-24cd-4caa-b4c9-2f056bfd6b3c-groupManagement] INFO  server.RaftServerConfigKeys (ConfUtils.java:logGet(46)) - raft.server.log.force.sync.num = 128 (default)
2024-01-26 21:34:18,940 [85a76c17-24cd-4caa-b4c9-2f056bfd6b3c-groupManagement] INFO  server.RaftServerConfigKeys (ConfUtils.java:logGet(46)) - raft.server.log.statemachine.data.sync = true (default)
2024-01-26 21:34:18,940 [85a76c17-24cd-4caa-b4c9-2f056bfd6b3c-groupManagement] INFO  server.RaftServerConfigKeys (ConfUtils.java:logGet(46)) - raft.server.log.statemachine.data.sync.timeout = 10s (default)
2024-01-26 21:34:18,940 [85a76c17-24cd-4caa-b4c9-2f056bfd6b3c-groupManagement] INFO  server.RaftServerConfigKeys (ConfUtils.java:logGet(46)) - raft.server.log.statemachine.data.sync.timeout.retry = 0 (custom)
2024-01-26 21:34:18,941 [85a76c17-24cd-4caa-b4c9-2f056bfd6b3c-groupManagement] INFO  server.RaftServerConfigKeys (ConfUtils.java:logGet(46)) - raft.server.log.write.buffer.size = 8388616 (custom)
2024-01-26 21:34:18,947 [85a76c17-24cd-4caa-b4c9-2f056bfd6b3c-groupManagement] INFO  server.RaftServerConfigKeys (ConfUtils.java:logGet(46)) - raft.server.log.appender.buffer.byte-limit = 8388608 (custom)
2024-01-26 21:34:18,947 [85a76c17-24cd-4caa-b4c9-2f056bfd6b3c-groupManagement] INFO  server.RaftServerConfigKeys (ConfUtils.java:logGet(46)) - raft.server.log.unsafe-flush.enabled = false (default)
2024-01-26 21:34:18,947 [85a76c17-24cd-4caa-b4c9-2f056bfd6b3c-groupManagement] INFO  server.RaftServerConfigKeys (ConfUtils.java:logGet(46)) - raft.server.log.async-flush.enabled = false (default)
2024-01-26 21:34:18,947 [85a76c17-24cd-4caa-b4c9-2f056bfd6b3c-groupManagement] INFO  server.RaftServerConfigKeys (ConfUtils.java:logGet(46)) - raft.server.log.statemachine.data.caching.enabled = true (custom)
2024-01-26 21:34:18,948 [85a76c17-24cd-4caa-b4c9-2f056bfd6b3c-groupManagement] INFO  segmented.SegmentedRaftLogWorker (SegmentedRaftLogWorker.java:lambda$new$0(134)) - 85a76c17-24cd-4caa-b4c9-2f056bfd6b3c@group-6F64BEE8AA29-SegmentedRaftLogWorker: flushIndex: setUnconditionally 0 -> -1
2024-01-26 21:34:18,948 [85a76c17-24cd-4caa-b4c9-2f056bfd6b3c-groupManagement] INFO  segmented.SegmentedRaftLogWorker (SegmentedRaftLogWorker.java:lambda$new$0(134)) - 85a76c17-24cd-4caa-b4c9-2f056bfd6b3c@group-6F64BEE8AA29-SegmentedRaftLogWorker: safeCacheEvictIndex: setUnconditionally 0 -> -1
2024-01-26 21:34:18,948 [85a76c17-24cd-4caa-b4c9-2f056bfd6b3c-groupManagement] INFO  server.RaftServer$Division (RaftServerImpl.java:start(396)) - 85a76c17-24cd-4caa-b4c9-2f056bfd6b3c@group-6F64BEE8AA29: start as a follower, conf=-1: peers:[85a76c17-24cd-4caa-b4c9-2f056bfd6b3c|10.1.0.5:15077]|listeners:[], old=null
2024-01-26 21:34:18,948 [85a76c17-24cd-4caa-b4c9-2f056bfd6b3c-groupManagement] INFO  server.RaftServer$Division (RaftServerImpl.java:setRole(383)) - 85a76c17-24cd-4caa-b4c9-2f056bfd6b3c@group-6F64BEE8AA29: changes role from      null to FOLLOWER at term 0 for startAsFollower
2024-01-26 21:34:18,948 [85a76c17-24cd-4caa-b4c9-2f056bfd6b3c-groupManagement] INFO  impl.RoleInfo (RoleInfo.java:updateAndGet(139)) - 85a76c17-24cd-4caa-b4c9-2f056bfd6b3c: start 85a76c17-24cd-4caa-b4c9-2f056bfd6b3c@group-6F64BEE8AA29-FollowerState
2024-01-26 21:34:18,948 [85a76c17-24cd-4caa-b4c9-2f056bfd6b3c-groupManagement] INFO  util.JmxRegister (JmxRegister.java:tryRegister(44)) - Successfully registered JMX Bean with object name Ratis:service=RaftServer,group=group-6F64BEE8AA29,id=85a76c17-24cd-4caa-b4c9-2f056bfd6b3c
2024-01-26 21:34:18,948 [85a76c17-24cd-4caa-b4c9-2f056bfd6b3c@group-6F64BEE8AA29-FollowerState] INFO  server.RaftServerConfigKeys (ConfUtils.java:logFallback(53)) - raft.server.rpc.first-election.timeout.min = 5s (fallback to raft.server.rpc.timeout.min)
2024-01-26 21:34:18,948 [85a76c17-24cd-4caa-b4c9-2f056bfd6b3c@group-6F64BEE8AA29-FollowerState] INFO  server.RaftServerConfigKeys (ConfUtils.java:logFallback(53)) - raft.server.rpc.first-election.timeout.max = 5200ms (fallback to raft.server.rpc.timeout.max)
2024-01-26 21:34:18,948 [85a76c17-24cd-4caa-b4c9-2f056bfd6b3c-groupManagement] INFO  server.RaftServerConfigKeys (ConfUtils.java:logGet(46)) - raft.server.snapshot.trigger-when-stop.enabled = true (default)
2024-01-26 21:34:18,949 [85a76c17-24cd-4caa-b4c9-2f056bfd6b3c-groupManagement] INFO  server.RaftServerConfigKeys (ConfUtils.java:logGet(46)) - raft.server.snapshot.auto.trigger.enabled = true (custom)
2024-01-26 21:34:18,949 [85a76c17-24cd-4caa-b4c9-2f056bfd6b3c-groupManagement] INFO  server.RaftServerConfigKeys (ConfUtils.java:logGet(46)) - raft.server.snapshot.auto.trigger.threshold = 10000 (custom)
2024-01-26 21:34:18,949 [85a76c17-24cd-4caa-b4c9-2f056bfd6b3c-groupManagement] INFO  server.RaftServerConfigKeys (ConfUtils.java:logGet(46)) - raft.server.snapshot.retention.file.num = 5 (custom)
2024-01-26 21:34:18,949 [85a76c17-24cd-4caa-b4c9-2f056bfd6b3c-groupManagement] INFO  server.RaftServerConfigKeys (ConfUtils.java:logGet(46)) - raft.server.log.purge.upto.snapshot.index = false (default)
2024-01-26 21:34:18,949 [157befb9-fc2c-4b56-bfb2-e4c39e5a9271-groupManagement] INFO  ratis.ContainerStateMachine (ContainerStateMachine.java:loadSnapshot(287)) - group-EB9D8615F236: The snapshot info is null. Setting the last applied index to:(t:0, i:~)
2024-01-26 21:34:18,949 [157befb9-fc2c-4b56-bfb2-e4c39e5a9271-groupManagement] INFO  server.RaftServerConfigKeys (ConfUtils.java:logGet(46)) - raft.server.log.use.memory = false (default)
2024-01-26 21:34:18,950 [157befb9-fc2c-4b56-bfb2-e4c39e5a9271-groupManagement] INFO  server.RaftServerConfigKeys (ConfUtils.java:logGet(46)) - raft.server.log.purge.gap = 1000000 (custom)
2024-01-26 21:34:18,950 [157befb9-fc2c-4b56-bfb2-e4c39e5a9271-groupManagement] INFO  server.RaftServerConfigKeys (ConfUtils.java:logGet(46)) - raft.server.log.appender.buffer.byte-limit = 8388608 (custom)
2024-01-26 21:34:18,950 [157befb9-fc2c-4b56-bfb2-e4c39e5a9271-groupManagement] INFO  server.RaftServerConfigKeys (ConfUtils.java:logGet(46)) - raft.server.log.statemachine.data.read.timeout = 1000ms (default)
2024-01-26 21:34:18,950 [157befb9-fc2c-4b56-bfb2-e4c39e5a9271-groupManagement] INFO  server.RaftServerConfigKeys (ConfUtils.java:logGet(46)) - raft.server.log.purge.preservation.log.num = 0 (default)
2024-01-26 21:34:18,952 [615e0ce5-d68a-4764-9dce-a037122bf2b4-PipelineCommandHandlerThread-0] INFO  ratis.XceiverServerRatis (XceiverServerRatis.java:addGroup(842)) - Created group PipelineID=2df29df1-f773-4859-906e-77329b463a15
2024-01-26 21:34:18,953 [EventQueue-PipelineReportForPipelineReportHandler] INFO  pipeline.PipelineReportHandler (PipelineReportHandler.java:processPipelineReport(136)) - Opened pipeline PipelineID=868619a0-9f96-47f9-82f1-eb9d8615f236
2024-01-26 21:34:18,953 [EventQueue-OpenPipelineForHealthyPipelineSafeModeRule] INFO  safemode.SCMSafeModeManager (HealthyPipelineSafeModeRule.java:process(140)) - SCM in safe mode. Healthy pipelines reported count is 0, required healthy pipeline reported count is 1
2024-01-26 21:34:18,958 [157befb9-fc2c-4b56-bfb2-e4c39e5a9271-groupManagement] INFO  server.RaftServerConfigKeys (ConfUtils.java:logGet(46)) - raft.server.log.segment.size.max = 67108864 (custom)
2024-01-26 21:34:18,958 [157befb9-fc2c-4b56-bfb2-e4c39e5a9271-groupManagement] INFO  server.RaftServerConfigKeys (ConfUtils.java:logGet(46)) - raft.server.log.segment.cache.num.max = 2 (custom)
2024-01-26 21:34:18,958 [157befb9-fc2c-4b56-bfb2-e4c39e5a9271-groupManagement] INFO  server.RaftServerConfigKeys (ConfUtils.java:logGet(46)) - raft.server.log.segment.cache.size.max = 200MB (=209715200) (default)
2024-01-26 21:34:18,958 [157befb9-fc2c-4b56-bfb2-e4c39e5a9271-groupManagement] INFO  server.RaftServerConfigKeys (ConfUtils.java:logGet(46)) - raft.server.log.appender.buffer.byte-limit = 8388608 (custom)
2024-01-26 21:34:18,961 [85a76c17-24cd-4caa-b4c9-2f056bfd6b3c-PipelineCommandHandlerThread-0] INFO  ratis.XceiverServerRatis (XceiverServerRatis.java:addGroup(842)) - Created group PipelineID=4cd91ef7-511c-4d5b-b063-6f64bee8aa29
2024-01-26 21:34:18,961 [85a76c17-24cd-4caa-b4c9-2f056bfd6b3c-PipelineCommandHandlerThread-0] INFO  commandhandler.CreatePipelineCommandHandler (CreatePipelineCommandHandler.java:lambda$handle$2(124)) - Created Pipeline RATIS ONE PipelineID=4cd91ef7-511c-4d5b-b063-6f64bee8aa29.
2024-01-26 21:34:18,961 [a4a3addc-657d-412b-928e-3d6f899db221-PipelineCommandHandlerThread-0] INFO  commandhandler.CreatePipelineCommandHandler (CreatePipelineCommandHandler.java:lambda$handle$2(124)) - Created Pipeline RATIS THREE PipelineID=15d2e455-1fb4-4503-ac7a-c50f9a8fb292.
2024-01-26 21:34:18,961 [85a76c17-24cd-4caa-b4c9-2f056bfd6b3c-PipelineCommandHandlerThread-0] INFO  server.RaftServer (RaftServerProxy.java:addNew(100)) - 85a76c17-24cd-4caa-b4c9-2f056bfd6b3c: addNew group-77329B463A15:[85a76c17-24cd-4caa-b4c9-2f056bfd6b3c|10.1.0.5:15077, 615e0ce5-d68a-4764-9dce-a037122bf2b4|10.1.0.5:15068, 157befb9-fc2c-4b56-bfb2-e4c39e5a9271|10.1.0.5:15086] returns group-77329B463A15:java.util.concurrent.CompletableFuture@e1407be[Not completed]
2024-01-26 21:34:18,962 [157befb9-fc2c-4b56-bfb2-e4c39e5a9271-groupManagement] INFO  util.AwaitToRun (AwaitToRun.java:start(81)) - Thread[157befb9-fc2c-4b56-bfb2-e4c39e5a9271@group-EB9D8615F236-cacheEviction-AwaitToRun,5,main] started
2024-01-26 21:34:18,962 [157befb9-fc2c-4b56-bfb2-e4c39e5a9271-groupManagement] INFO  segmented.SegmentedRaftLogWorker (SegmentedRaftLogWorker.java:<init>(182)) - new 157befb9-fc2c-4b56-bfb2-e4c39e5a9271@group-EB9D8615F236-SegmentedRaftLogWorker for RaftStorageImpl:Storage Directory /home/runner/work/ozone/ozone/hadoop-ozone/integration-test/target/test-dir/MiniOzoneClusterImpl-1af845c4-9ad0-4304-ad21-7f4426eccdbd/datanode-8/data/ratis/868619a0-9f96-47f9-82f1-eb9d8615f236
2024-01-26 21:34:18,962 [157befb9-fc2c-4b56-bfb2-e4c39e5a9271-groupManagement] INFO  server.RaftServerConfigKeys (ConfUtils.java:logGet(46)) - raft.server.log.queue.byte-limit = 4294967296 (custom)
2024-01-26 21:34:18,962 [157befb9-fc2c-4b56-bfb2-e4c39e5a9271-groupManagement] INFO  server.RaftServerConfigKeys (ConfUtils.java:logGet(46)) - raft.server.log.queue.element-limit = 1024 (custom)
2024-01-26 21:34:18,962 [157befb9-fc2c-4b56-bfb2-e4c39e5a9271-groupManagement] INFO  server.RaftServerConfigKeys (ConfUtils.java:logGet(46)) - raft.server.log.segment.size.max = 67108864 (custom)
2024-01-26 21:34:18,962 [157befb9-fc2c-4b56-bfb2-e4c39e5a9271-groupManagement] INFO  server.RaftServerConfigKeys (ConfUtils.java:logGet(46)) - raft.server.log.preallocated.size = 4194304 (custom)
2024-01-26 21:34:18,962 [85a76c17-24cd-4caa-b4c9-2f056bfd6b3c-groupManagement] INFO  server.RaftServer$Division (RaftServerImpl.java:<init>(256)) - 85a76c17-24cd-4caa-b4c9-2f056bfd6b3c: new RaftServerImpl for group-77329B463A15:[85a76c17-24cd-4caa-b4c9-2f056bfd6b3c|10.1.0.5:15077, 615e0ce5-d68a-4764-9dce-a037122bf2b4|10.1.0.5:15068, 157befb9-fc2c-4b56-bfb2-e4c39e5a9271|10.1.0.5:15086] with ContainerStateMachine:uninitialized
2024-01-26 21:34:18,963 [85a76c17-24cd-4caa-b4c9-2f056bfd6b3c-groupManagement] INFO  server.RaftServerConfigKeys (ConfUtils.java:logGet(46)) - raft.server.rpc.timeout.min = 5s (custom)
2024-01-26 21:34:18,963 [157befb9-fc2c-4b56-bfb2-e4c39e5a9271-groupManagement] INFO  server.RaftServerConfigKeys (ConfUtils.java:logGet(46)) - raft.server.log.force.sync.num = 128 (default)
2024-01-26 21:34:18,963 [157befb9-fc2c-4b56-bfb2-e4c39e5a9271-groupManagement] INFO  server.RaftServerConfigKeys (ConfUtils.java:logGet(46)) - raft.server.log.statemachine.data.sync = true (default)
2024-01-26 21:34:18,963 [157befb9-fc2c-4b56-bfb2-e4c39e5a9271-groupManagement] INFO  server.RaftServerConfigKeys (ConfUtils.java:logGet(46)) - raft.server.log.statemachine.data.sync.timeout = 10s (default)
2024-01-26 21:34:18,963 [157befb9-fc2c-4b56-bfb2-e4c39e5a9271-groupManagement] INFO  server.RaftServerConfigKeys (ConfUtils.java:logGet(46)) - raft.server.log.statemachine.data.sync.timeout.retry = 0 (custom)
2024-01-26 21:34:18,963 [85a76c17-24cd-4caa-b4c9-2f056bfd6b3c-groupManagement] INFO  server.RaftServerConfigKeys (ConfUtils.java:logGet(46)) - raft.server.rpc.timeout.max = 5200ms (custom)
2024-01-26 21:34:18,964 [157befb9-fc2c-4b56-bfb2-e4c39e5a9271-groupManagement] INFO  server.RaftServerConfigKeys (ConfUtils.java:logGet(46)) - raft.server.log.write.buffer.size = 8388616 (custom)
2024-01-26 21:34:18,964 [85a76c17-24cd-4caa-b4c9-2f056bfd6b3c-groupManagement] INFO  server.RaftServerConfigKeys (ConfUtils.java:logGet(46)) - raft.server.rpc.sleep.time = 25ms (default)
2024-01-26 21:34:18,964 [85a76c17-24cd-4caa-b4c9-2f056bfd6b3c-groupManagement] INFO  server.RaftServerConfigKeys (ConfUtils.java:logGet(46)) - raft.server.rpc.slowness.timeout = 300s (custom)
2024-01-26 21:34:18,964 [85a76c17-24cd-4caa-b4c9-2f056bfd6b3c-groupManagement] INFO  server.RaftServerConfigKeys (ConfUtils.java:logGet(46)) - raft.server.leaderelection.leader.step-down.wait-time = 10s (default)
2024-01-26 21:34:18,964 [85a76c17-24cd-4caa-b4c9-2f056bfd6b3c-groupManagement] INFO  server.RaftServerConfigKeys (ConfUtils.java:logGet(46)) - raft.server.leaderelection.member.majority-add = false (default)
2024-01-26 21:34:18,964 [85a76c17-24cd-4caa-b4c9-2f056bfd6b3c-groupManagement] INFO  server.RaftServerConfigKeys (ConfUtils.java:logGet(46)) - raft.server.sleep.deviation.threshold = 300ms (default)
2024-01-26 21:34:18,965 [85a76c17-24cd-4caa-b4c9-2f056bfd6b3c-groupManagement] INFO  server.RaftServer$Division (ServerState.java:<init>(113)) - 85a76c17-24cd-4caa-b4c9-2f056bfd6b3c@group-77329B463A15: ConfigurationManager, init=-1: peers:[85a76c17-24cd-4caa-b4c9-2f056bfd6b3c|10.1.0.5:15077, 615e0ce5-d68a-4764-9dce-a037122bf2b4|10.1.0.5:15068, 157befb9-fc2c-4b56-bfb2-e4c39e5a9271|10.1.0.5:15086]|listeners:[], old=null, confs=<EMPTY_MAP>
2024-01-26 21:34:18,965 [85a76c17-24cd-4caa-b4c9-2f056bfd6b3c-groupManagement] INFO  server.RaftServerConfigKeys (ConfUtils.java:logGet(46)) - raft.server.notification.no-leader.timeout = 300s (custom)
2024-01-26 21:34:18,965 [85a76c17-24cd-4caa-b4c9-2f056bfd6b3c-groupManagement] INFO  server.RaftServerConfigKeys (ConfUtils.java:logGet(46)) - raft.server.read.timeout = 10s (default)
2024-01-26 21:34:18,965 [85a76c17-24cd-4caa-b4c9-2f056bfd6b3c-groupManagement] INFO  server.RaftServerConfigKeys (ConfUtils.java:logGet(46)) - raft.server.retrycache.expirytime = 600000ms (custom)
2024-01-26 21:34:18,965 [85a76c17-24cd-4caa-b4c9-2f056bfd6b3c-groupManagement] INFO  server.RaftServerConfigKeys (ConfUtils.java:logGet(46)) - raft.server.retrycache.statistics.expirytime = 100ms (default)
2024-01-26 21:34:18,965 [85a76c17-24cd-4caa-b4c9-2f056bfd6b3c-groupManagement] INFO  server.RaftServerConfigKeys (ConfUtils.java:logGet(46)) - raft.server.read.option = DEFAULT (default)
2024-01-26 21:34:18,965 [85a76c17-24cd-4caa-b4c9-2f056bfd6b3c-groupManagement] INFO  server.RaftServerConfigKeys (ConfUtils.java:logGet(46)) - raft.server.read.read-after-write-consistent.write-index-cache.expiry-time = 60s (default)
2024-01-26 21:34:18,966 [157befb9-fc2c-4b56-bfb2-e4c39e5a9271-groupManagement] INFO  server.RaftServerConfigKeys (ConfUtils.java:logGet(46)) - raft.server.log.appender.buffer.byte-limit = 8388608 (custom)
2024-01-26 21:34:18,966 [157befb9-fc2c-4b56-bfb2-e4c39e5a9271-groupManagement] INFO  server.RaftServerConfigKeys (ConfUtils.java:logGet(46)) - raft.server.log.unsafe-flush.enabled = false (default)
2024-01-26 21:34:18,966 [157befb9-fc2c-4b56-bfb2-e4c39e5a9271-groupManagement] INFO  server.RaftServerConfigKeys (ConfUtils.java:logGet(46)) - raft.server.log.async-flush.enabled = false (default)
2024-01-26 21:34:18,966 [157befb9-fc2c-4b56-bfb2-e4c39e5a9271-groupManagement] INFO  server.RaftServerConfigKeys (ConfUtils.java:logGet(46)) - raft.server.log.statemachine.data.caching.enabled = true (custom)
2024-01-26 21:34:18,966 [157befb9-fc2c-4b56-bfb2-e4c39e5a9271-groupManagement] INFO  segmented.SegmentedRaftLogWorker (SegmentedRaftLogWorker.java:lambda$new$0(134)) - 157befb9-fc2c-4b56-bfb2-e4c39e5a9271@group-EB9D8615F236-SegmentedRaftLogWorker: flushIndex: setUnconditionally 0 -> -1
2024-01-26 21:34:18,966 [157befb9-fc2c-4b56-bfb2-e4c39e5a9271-groupManagement] INFO  segmented.SegmentedRaftLogWorker (SegmentedRaftLogWorker.java:lambda$new$0(134)) - 157befb9-fc2c-4b56-bfb2-e4c39e5a9271@group-EB9D8615F236-SegmentedRaftLogWorker: safeCacheEvictIndex: setUnconditionally 0 -> -1
2024-01-26 21:34:18,967 [cb9b1e06-b28b-4c4f-b19c-04e0cd8d01c6-PipelineCommandHandlerThread-0] INFO  server.RaftServer (RaftServerProxy.java:addNew(100)) - cb9b1e06-b28b-4c4f-b19c-04e0cd8d01c6: addNew group-D14205178D57:[cb9b1e06-b28b-4c4f-b19c-04e0cd8d01c6|10.1.0.5:15095] returns group-D14205178D57:java.util.concurrent.CompletableFuture@6309da6b[Not completed]
2024-01-26 21:34:18,975 [157befb9-fc2c-4b56-bfb2-e4c39e5a9271-groupManagement] INFO  server.RaftServer$Division (RaftServerImpl.java:start(396)) - 157befb9-fc2c-4b56-bfb2-e4c39e5a9271@group-EB9D8615F236: start as a follower, conf=-1: peers:[157befb9-fc2c-4b56-bfb2-e4c39e5a9271|10.1.0.5:15086]|listeners:[], old=null
2024-01-26 21:34:18,975 [157befb9-fc2c-4b56-bfb2-e4c39e5a9271-groupManagement] INFO  server.RaftServer$Division (RaftServerImpl.java:setRole(383)) - 157befb9-fc2c-4b56-bfb2-e4c39e5a9271@group-EB9D8615F236: changes role from      null to FOLLOWER at term 0 for startAsFollower
2024-01-26 21:34:18,975 [157befb9-fc2c-4b56-bfb2-e4c39e5a9271-groupManagement] INFO  impl.RoleInfo (RoleInfo.java:updateAndGet(139)) - 157befb9-fc2c-4b56-bfb2-e4c39e5a9271: start 157befb9-fc2c-4b56-bfb2-e4c39e5a9271@group-EB9D8615F236-FollowerState
2024-01-26 21:34:18,975 [157befb9-fc2c-4b56-bfb2-e4c39e5a9271@group-EB9D8615F236-FollowerState] INFO  server.RaftServerConfigKeys (ConfUtils.java:logFallback(53)) - raft.server.rpc.first-election.timeout.min = 5s (fallback to raft.server.rpc.timeout.min)
2024-01-26 21:34:18,975 [157befb9-fc2c-4b56-bfb2-e4c39e5a9271@group-EB9D8615F236-FollowerState] INFO  server.RaftServerConfigKeys (ConfUtils.java:logFallback(53)) - raft.server.rpc.first-election.timeout.max = 5200ms (fallback to raft.server.rpc.timeout.max)
2024-01-26 21:34:18,982 [cb9b1e06-b28b-4c4f-b19c-04e0cd8d01c6-groupManagement] INFO  server.RaftServer$Division (RaftServerImpl.java:<init>(256)) - cb9b1e06-b28b-4c4f-b19c-04e0cd8d01c6: new RaftServerImpl for group-D14205178D57:[cb9b1e06-b28b-4c4f-b19c-04e0cd8d01c6|10.1.0.5:15095] with ContainerStateMachine:uninitialized
2024-01-26 21:34:18,982 [cb9b1e06-b28b-4c4f-b19c-04e0cd8d01c6-groupManagement] INFO  server.RaftServerConfigKeys (ConfUtils.java:logGet(46)) - raft.server.rpc.timeout.min = 5s (custom)
2024-01-26 21:34:18,982 [cb9b1e06-b28b-4c4f-b19c-04e0cd8d01c6-groupManagement] INFO  server.RaftServerConfigKeys (ConfUtils.java:logGet(46)) - raft.server.rpc.timeout.max = 5200ms (custom)
2024-01-26 21:34:18,982 [cb9b1e06-b28b-4c4f-b19c-04e0cd8d01c6-groupManagement] INFO  server.RaftServerConfigKeys (ConfUtils.java:logGet(46)) - raft.server.rpc.sleep.time = 25ms (default)
2024-01-26 21:34:18,982 [cb9b1e06-b28b-4c4f-b19c-04e0cd8d01c6-groupManagement] INFO  server.RaftServerConfigKeys (ConfUtils.java:logGet(46)) - raft.server.rpc.slowness.timeout = 300s (custom)
2024-01-26 21:34:18,982 [cb9b1e06-b28b-4c4f-b19c-04e0cd8d01c6-groupManagement] INFO  server.RaftServerConfigKeys (ConfUtils.java:logGet(46)) - raft.server.leaderelection.leader.step-down.wait-time = 10s (default)
2024-01-26 21:34:18,982 [cb9b1e06-b28b-4c4f-b19c-04e0cd8d01c6-groupManagement] INFO  server.RaftServerConfigKeys (ConfUtils.java:logGet(46)) - raft.server.leaderelection.member.majority-add = false (default)
2024-01-26 21:34:18,982 [cb9b1e06-b28b-4c4f-b19c-04e0cd8d01c6-groupManagement] INFO  server.RaftServerConfigKeys (ConfUtils.java:logGet(46)) - raft.server.sleep.deviation.threshold = 300ms (default)
2024-01-26 21:34:18,982 [cb9b1e06-b28b-4c4f-b19c-04e0cd8d01c6-groupManagement] INFO  server.RaftServer$Division (ServerState.java:<init>(113)) - cb9b1e06-b28b-4c4f-b19c-04e0cd8d01c6@group-D14205178D57: ConfigurationManager, init=-1: peers:[cb9b1e06-b28b-4c4f-b19c-04e0cd8d01c6|10.1.0.5:15095]|listeners:[], old=null, confs=<EMPTY_MAP>
2024-01-26 21:34:18,983 [cb9b1e06-b28b-4c4f-b19c-04e0cd8d01c6-groupManagement] INFO  server.RaftServerConfigKeys (ConfUtils.java:logGet(46)) - raft.server.notification.no-leader.timeout = 300s (custom)
2024-01-26 21:34:18,983 [cb9b1e06-b28b-4c4f-b19c-04e0cd8d01c6-groupManagement] INFO  server.RaftServerConfigKeys (ConfUtils.java:logGet(46)) - raft.server.read.timeout = 10s (default)
2024-01-26 21:34:18,983 [cb9b1e06-b28b-4c4f-b19c-04e0cd8d01c6-groupManagement] INFO  server.RaftServerConfigKeys (ConfUtils.java:logGet(46)) - raft.server.retrycache.expirytime = 600000ms (custom)
2024-01-26 21:34:18,983 [cb9b1e06-b28b-4c4f-b19c-04e0cd8d01c6-groupManagement] INFO  server.RaftServerConfigKeys (ConfUtils.java:logGet(46)) - raft.server.retrycache.statistics.expirytime = 100ms (default)
2024-01-26 21:34:18,983 [cb9b1e06-b28b-4c4f-b19c-04e0cd8d01c6-groupManagement] INFO  server.RaftServerConfigKeys (ConfUtils.java:logGet(46)) - raft.server.read.option = DEFAULT (default)
2024-01-26 21:34:18,983 [cb9b1e06-b28b-4c4f-b19c-04e0cd8d01c6-groupManagement] INFO  server.RaftServerConfigKeys (ConfUtils.java:logGet(46)) - raft.server.read.read-after-write-consistent.write-index-cache.expiry-time = 60s (default)
2024-01-26 21:34:18,987 [157befb9-fc2c-4b56-bfb2-e4c39e5a9271-groupManagement] INFO  util.JmxRegister (JmxRegister.java:tryRegister(44)) - Successfully registered JMX Bean with object name Ratis:service=RaftServer,group=group-EB9D8615F236,id=157befb9-fc2c-4b56-bfb2-e4c39e5a9271
2024-01-26 21:34:18,987 [157befb9-fc2c-4b56-bfb2-e4c39e5a9271-groupManagement] INFO  server.RaftServerConfigKeys (ConfUtils.java:logGet(46)) - raft.server.snapshot.trigger-when-stop.enabled = true (default)
2024-01-26 21:34:18,987 [157befb9-fc2c-4b56-bfb2-e4c39e5a9271-groupManagement] INFO  server.RaftServerConfigKeys (ConfUtils.java:logGet(46)) - raft.server.snapshot.auto.trigger.enabled = true (custom)
2024-01-26 21:34:18,987 [157befb9-fc2c-4b56-bfb2-e4c39e5a9271-groupManagement] INFO  server.RaftServerConfigKeys (ConfUtils.java:logGet(46)) - raft.server.snapshot.auto.trigger.threshold = 10000 (custom)
2024-01-26 21:34:18,987 [157befb9-fc2c-4b56-bfb2-e4c39e5a9271-groupManagement] INFO  server.RaftServerConfigKeys (ConfUtils.java:logGet(46)) - raft.server.snapshot.retention.file.num = 5 (custom)
2024-01-26 21:34:18,987 [157befb9-fc2c-4b56-bfb2-e4c39e5a9271-groupManagement] INFO  server.RaftServerConfigKeys (ConfUtils.java:logGet(46)) - raft.server.log.purge.upto.snapshot.index = false (default)
2024-01-26 21:34:19,007 [157befb9-fc2c-4b56-bfb2-e4c39e5a9271-PipelineCommandHandlerThread-0] INFO  ratis.XceiverServerRatis (XceiverServerRatis.java:addGroup(842)) - Created group PipelineID=868619a0-9f96-47f9-82f1-eb9d8615f236
2024-01-26 21:34:19,007 [157befb9-fc2c-4b56-bfb2-e4c39e5a9271-PipelineCommandHandlerThread-0] INFO  commandhandler.CreatePipelineCommandHandler (CreatePipelineCommandHandler.java:lambda$handle$2(124)) - Created Pipeline RATIS ONE PipelineID=868619a0-9f96-47f9-82f1-eb9d8615f236.
2024-01-26 21:34:19,007 [157befb9-fc2c-4b56-bfb2-e4c39e5a9271-PipelineCommandHandlerThread-0] INFO  server.RaftServer (RaftServerProxy.java:addNew(100)) - 157befb9-fc2c-4b56-bfb2-e4c39e5a9271: addNew group-77329B463A15:[85a76c17-24cd-4caa-b4c9-2f056bfd6b3c|10.1.0.5:15077, 615e0ce5-d68a-4764-9dce-a037122bf2b4|10.1.0.5:15068, 157befb9-fc2c-4b56-bfb2-e4c39e5a9271|10.1.0.5:15086] returns group-77329B463A15:java.util.concurrent.CompletableFuture@6626e0f3[Not completed]
2024-01-26 21:34:19,007 [85a76c17-24cd-4caa-b4c9-2f056bfd6b3c-groupManagement] INFO  server.RaftServerConfigKeys (ConfUtils.java:logGet(46)) - raft.server.rpc.request.timeout = 60s (custom)
2024-01-26 21:34:19,008 [85a76c17-24cd-4caa-b4c9-2f056bfd6b3c-groupManagement] INFO  server.RaftServerConfigKeys (ConfUtils.java:logGet(46)) - raft.server.log.appender.install.snapshot.enabled = false (custom)
2024-01-26 21:34:19,008 [85a76c17-24cd-4caa-b4c9-2f056bfd6b3c-groupManagement] INFO  server.RaftServerConfigKeys (ConfUtils.java:logGet(46)) - raft.server.threadpool.server.cached = true (default)
2024-01-26 21:34:19,008 [85a76c17-24cd-4caa-b4c9-2f056bfd6b3c-groupManagement] INFO  server.RaftServerConfigKeys (ConfUtils.java:logGet(46)) - raft.server.threadpool.server.size = 0 (default)
2024-01-26 21:34:19,008 [85a76c17-24cd-4caa-b4c9-2f056bfd6b3c-groupManagement] INFO  server.RaftServerConfigKeys (ConfUtils.java:logGet(46)) - raft.server.threadpool.client.cached = true (default)
2024-01-26 21:34:19,008 [85a76c17-24cd-4caa-b4c9-2f056bfd6b3c-groupManagement] INFO  server.RaftServerConfigKeys (ConfUtils.java:logGet(46)) - raft.server.threadpool.client.size = 0 (default)
2024-01-26 21:34:19,008 [85a76c17-24cd-4caa-b4c9-2f056bfd6b3c-groupManagement] INFO  server.RaftServerConfigKeys (ConfUtils.java:logGet(46)) - raft.server.storage.free-space.min = 0MB (=0) (default)
2024-01-26 21:34:19,008 [85a76c17-24cd-4caa-b4c9-2f056bfd6b3c-groupManagement] INFO  server.RaftServerConfigKeys (ConfUtils.java:logGet(46)) - raft.server.log.corruption.policy = EXCEPTION (default)
2024-01-26 21:34:19,008 [85a76c17-24cd-4caa-b4c9-2f056bfd6b3c-groupManagement] INFO  server.RaftServerConfigKeys (ConfUtils.java:logGet(46)) - raft.server.storage.dir = [/home/runner/work/ozone/ozone/hadoop-ozone/integration-test/target/test-dir/MiniOzoneClusterImpl-1af845c4-9ad0-4304-ad21-7f4426eccdbd/datanode-7/data/ratis] (custom)
2024-01-26 21:34:19,008 [85a76c17-24cd-4caa-b4c9-2f056bfd6b3c-groupManagement] INFO  storage.RaftStorageDirectory (RaftStorageDirectoryImpl.java:analyzeStorage(138)) - The storage directory /home/runner/work/ozone/ozone/hadoop-ozone/integration-test/target/test-dir/MiniOzoneClusterImpl-1af845c4-9ad0-4304-ad21-7f4426eccdbd/datanode-7/data/ratis/2df29df1-f773-4859-906e-77329b463a15 does not exist. Creating ...
2024-01-26 21:34:19,013 [cb9b1e06-b28b-4c4f-b19c-04e0cd8d01c6-groupManagement] INFO  server.RaftServerConfigKeys (ConfUtils.java:logGet(46)) - raft.server.rpc.request.timeout = 60s (custom)
2024-01-26 21:34:19,013 [cb9b1e06-b28b-4c4f-b19c-04e0cd8d01c6-groupManagement] INFO  server.RaftServerConfigKeys (ConfUtils.java:logGet(46)) - raft.server.log.appender.install.snapshot.enabled = false (custom)
2024-01-26 21:34:19,013 [cb9b1e06-b28b-4c4f-b19c-04e0cd8d01c6-groupManagement] INFO  server.RaftServerConfigKeys (ConfUtils.java:logGet(46)) - raft.server.threadpool.server.cached = true (default)
2024-01-26 21:34:19,013 [cb9b1e06-b28b-4c4f-b19c-04e0cd8d01c6-groupManagement] INFO  server.RaftServerConfigKeys (ConfUtils.java:logGet(46)) - raft.server.threadpool.server.size = 0 (default)
2024-01-26 21:34:19,013 [cb9b1e06-b28b-4c4f-b19c-04e0cd8d01c6-groupManagement] INFO  server.RaftServerConfigKeys (ConfUtils.java:logGet(46)) - raft.server.threadpool.client.cached = true (default)
2024-01-26 21:34:19,013 [cb9b1e06-b28b-4c4f-b19c-04e0cd8d01c6-groupManagement] INFO  server.RaftServerConfigKeys (ConfUtils.java:logGet(46)) - raft.server.threadpool.client.size = 0 (default)
2024-01-26 21:34:19,013 [85a76c17-24cd-4caa-b4c9-2f056bfd6b3c-groupManagement] INFO  storage.RaftStorageDirectory (RaftStorageDirectoryImpl.java:tryLock(228)) - Lock on /home/runner/work/ozone/ozone/hadoop-ozone/integration-test/target/test-dir/MiniOzoneClusterImpl-1af845c4-9ad0-4304-ad21-7f4426eccdbd/datanode-7/data/ratis/2df29df1-f773-4859-906e-77329b463a15/in_use.lock acquired by nodename 39692@fv-az1566-86
2024-01-26 21:34:19,014 [157befb9-fc2c-4b56-bfb2-e4c39e5a9271-groupManagement] INFO  server.RaftServer$Division (RaftServerImpl.java:<init>(256)) - 157befb9-fc2c-4b56-bfb2-e4c39e5a9271: new RaftServerImpl for group-77329B463A15:[85a76c17-24cd-4caa-b4c9-2f056bfd6b3c|10.1.0.5:15077, 615e0ce5-d68a-4764-9dce-a037122bf2b4|10.1.0.5:15068, 157befb9-fc2c-4b56-bfb2-e4c39e5a9271|10.1.0.5:15086] with ContainerStateMachine:uninitialized
2024-01-26 21:34:19,014 [157befb9-fc2c-4b56-bfb2-e4c39e5a9271-groupManagement] INFO  server.RaftServerConfigKeys (ConfUtils.java:logGet(46)) - raft.server.rpc.timeout.min = 5s (custom)
2024-01-26 21:34:19,014 [157befb9-fc2c-4b56-bfb2-e4c39e5a9271-groupManagement] INFO  server.RaftServerConfigKeys (ConfUtils.java:logGet(46)) - raft.server.rpc.timeout.max = 5200ms (custom)
2024-01-26 21:34:19,014 [cb9b1e06-b28b-4c4f-b19c-04e0cd8d01c6-groupManagement] INFO  server.RaftServerConfigKeys (ConfUtils.java:logGet(46)) - raft.server.storage.free-space.min = 0MB (=0) (default)
2024-01-26 21:34:19,014 [157befb9-fc2c-4b56-bfb2-e4c39e5a9271-groupManagement] INFO  server.RaftServerConfigKeys (ConfUtils.java:logGet(46)) - raft.server.rpc.sleep.time = 25ms (default)
2024-01-26 21:34:19,015 [157befb9-fc2c-4b56-bfb2-e4c39e5a9271-groupManagement] INFO  server.RaftServerConfigKeys (ConfUtils.java:logGet(46)) - raft.server.rpc.slowness.timeout = 300s (custom)
2024-01-26 21:34:19,015 [157befb9-fc2c-4b56-bfb2-e4c39e5a9271-groupManagement] INFO  server.RaftServerConfigKeys (ConfUtils.java:logGet(46)) - raft.server.leaderelection.leader.step-down.wait-time = 10s (default)
2024-01-26 21:34:19,015 [157befb9-fc2c-4b56-bfb2-e4c39e5a9271-groupManagement] INFO  server.RaftServerConfigKeys (ConfUtils.java:logGet(46)) - raft.server.leaderelection.member.majority-add = false (default)
2024-01-26 21:34:19,015 [157befb9-fc2c-4b56-bfb2-e4c39e5a9271-groupManagement] INFO  server.RaftServerConfigKeys (ConfUtils.java:logGet(46)) - raft.server.sleep.deviation.threshold = 300ms (default)
2024-01-26 21:34:19,015 [157befb9-fc2c-4b56-bfb2-e4c39e5a9271-groupManagement] INFO  server.RaftServer$Division (ServerState.java:<init>(113)) - 157befb9-fc2c-4b56-bfb2-e4c39e5a9271@group-77329B463A15: ConfigurationManager, init=-1: peers:[85a76c17-24cd-4caa-b4c9-2f056bfd6b3c|10.1.0.5:15077, 615e0ce5-d68a-4764-9dce-a037122bf2b4|10.1.0.5:15068, 157befb9-fc2c-4b56-bfb2-e4c39e5a9271|10.1.0.5:15086]|listeners:[], old=null, confs=<EMPTY_MAP>
2024-01-26 21:34:19,015 [85a76c17-24cd-4caa-b4c9-2f056bfd6b3c-groupManagement] INFO  storage.RaftStorage (RaftStorageImpl.java:format(99)) - Storage directory /home/runner/work/ozone/ozone/hadoop-ozone/integration-test/target/test-dir/MiniOzoneClusterImpl-1af845c4-9ad0-4304-ad21-7f4426eccdbd/datanode-7/data/ratis/2df29df1-f773-4859-906e-77329b463a15 has been successfully formatted.
2024-01-26 21:34:19,015 [85a76c17-24cd-4caa-b4c9-2f056bfd6b3c-groupManagement] WARN  util.FileUtils (LogUtils.java:supplyAndLog(63)) - Failed to Files.newInputStream /home/runner/work/ozone/ozone/hadoop-ozone/integration-test/target/test-dir/MiniOzoneClusterImpl-1af845c4-9ad0-4304-ad21-7f4426eccdbd/datanode-7/data/ratis/2df29df1-f773-4859-906e-77329b463a15/current/raft-meta.conf with options []: java.nio.file.NoSuchFileException: /home/runner/work/ozone/ozone/hadoop-ozone/integration-test/target/test-dir/MiniOzoneClusterImpl-1af845c4-9ad0-4304-ad21-7f4426eccdbd/datanode-7/data/ratis/2df29df1-f773-4859-906e-77329b463a15/current/raft-meta.conf
2024-01-26 21:34:19,016 [85a76c17-24cd-4caa-b4c9-2f056bfd6b3c-groupManagement] INFO  ratis.ContainerStateMachine (ContainerStateMachine.java:loadSnapshot(287)) - group-77329B463A15: The snapshot info is null. Setting the last applied index to:(t:0, i:~)
2024-01-26 21:34:19,016 [85a76c17-24cd-4caa-b4c9-2f056bfd6b3c-groupManagement] INFO  server.RaftServerConfigKeys (ConfUtils.java:logGet(46)) - raft.server.log.use.memory = false (default)
2024-01-26 21:34:19,016 [85a76c17-24cd-4caa-b4c9-2f056bfd6b3c-groupManagement] INFO  server.RaftServerConfigKeys (ConfUtils.java:logGet(46)) - raft.server.log.purge.gap = 1000000 (custom)
2024-01-26 21:34:19,016 [85a76c17-24cd-4caa-b4c9-2f056bfd6b3c-groupManagement] INFO  server.RaftServerConfigKeys (ConfUtils.java:logGet(46)) - raft.server.log.appender.buffer.byte-limit = 8388608 (custom)
2024-01-26 21:34:19,016 [85a76c17-24cd-4caa-b4c9-2f056bfd6b3c-groupManagement] INFO  server.RaftServerConfigKeys (ConfUtils.java:logGet(46)) - raft.server.log.statemachine.data.read.timeout = 1000ms (default)
2024-01-26 21:34:19,017 [85a76c17-24cd-4caa-b4c9-2f056bfd6b3c-groupManagement] INFO  server.RaftServerConfigKeys (ConfUtils.java:logGet(46)) - raft.server.log.purge.preservation.log.num = 0 (default)
2024-01-26 21:34:19,018 [EventQueue-OpenPipelineForHealthyPipelineSafeModeRule] INFO  safemode.SCMSafeModeManager (HealthyPipelineSafeModeRule.java:process(140)) - SCM in safe mode. Healthy pipelines reported count is 0, required healthy pipeline reported count is 1
2024-01-26 21:34:19,014 [cb9b1e06-b28b-4c4f-b19c-04e0cd8d01c6-groupManagement] INFO  server.RaftServerConfigKeys (ConfUtils.java:logGet(46)) - raft.server.log.corruption.policy = EXCEPTION (default)
2024-01-26 21:34:19,020 [cb9b1e06-b28b-4c4f-b19c-04e0cd8d01c6-groupManagement] INFO  server.RaftServerConfigKeys (ConfUtils.java:logGet(46)) - raft.server.storage.dir = [/home/runner/work/ozone/ozone/hadoop-ozone/integration-test/target/test-dir/MiniOzoneClusterImpl-1af845c4-9ad0-4304-ad21-7f4426eccdbd/datanode-9/data/ratis] (custom)
2024-01-26 21:34:19,015 [157befb9-fc2c-4b56-bfb2-e4c39e5a9271-groupManagement] INFO  server.RaftServerConfigKeys (ConfUtils.java:logGet(46)) - raft.server.notification.no-leader.timeout = 300s (custom)
2024-01-26 21:34:19,020 [157befb9-fc2c-4b56-bfb2-e4c39e5a9271-groupManagement] INFO  server.RaftServerConfigKeys (ConfUtils.java:logGet(46)) - raft.server.read.timeout = 10s (default)
2024-01-26 21:34:19,020 [157befb9-fc2c-4b56-bfb2-e4c39e5a9271-groupManagement] INFO  server.RaftServerConfigKeys (ConfUtils.java:logGet(46)) - raft.server.retrycache.expirytime = 600000ms (custom)
2024-01-26 21:34:19,020 [157befb9-fc2c-4b56-bfb2-e4c39e5a9271-groupManagement] INFO  server.RaftServerConfigKeys (ConfUtils.java:logGet(46)) - raft.server.retrycache.statistics.expirytime = 100ms (default)
2024-01-26 21:34:19,021 [157befb9-fc2c-4b56-bfb2-e4c39e5a9271-groupManagement] INFO  server.RaftServerConfigKeys (ConfUtils.java:logGet(46)) - raft.server.read.option = DEFAULT (default)
2024-01-26 21:34:19,021 [157befb9-fc2c-4b56-bfb2-e4c39e5a9271-groupManagement] INFO  server.RaftServerConfigKeys (ConfUtils.java:logGet(46)) - raft.server.read.read-after-write-consistent.write-index-cache.expiry-time = 60s (default)
2024-01-26 21:34:19,022 [cb9b1e06-b28b-4c4f-b19c-04e0cd8d01c6-groupManagement] INFO  storage.RaftStorageDirectory (RaftStorageDirectoryImpl.java:analyzeStorage(138)) - The storage directory /home/runner/work/ozone/ozone/hadoop-ozone/integration-test/target/test-dir/MiniOzoneClusterImpl-1af845c4-9ad0-4304-ad21-7f4426eccdbd/datanode-9/data/ratis/c7002a9d-6262-46cb-a2fc-d14205178d57 does not exist. Creating ...
2024-01-26 21:34:19,033 [cb9b1e06-b28b-4c4f-b19c-04e0cd8d01c6-groupManagement] INFO  storage.RaftStorageDirectory (RaftStorageDirectoryImpl.java:tryLock(228)) - Lock on /home/runner/work/ozone/ozone/hadoop-ozone/integration-test/target/test-dir/MiniOzoneClusterImpl-1af845c4-9ad0-4304-ad21-7f4426eccdbd/datanode-9/data/ratis/c7002a9d-6262-46cb-a2fc-d14205178d57/in_use.lock acquired by nodename 39692@fv-az1566-86
2024-01-26 21:34:19,034 [cb9b1e06-b28b-4c4f-b19c-04e0cd8d01c6-groupManagement] INFO  storage.RaftStorage (RaftStorageImpl.java:format(99)) - Storage directory /home/runner/work/ozone/ozone/hadoop-ozone/integration-test/target/test-dir/MiniOzoneClusterImpl-1af845c4-9ad0-4304-ad21-7f4426eccdbd/datanode-9/data/ratis/c7002a9d-6262-46cb-a2fc-d14205178d57 has been successfully formatted.
2024-01-26 21:34:19,035 [0454455d-17b5-4798-9ce3-34e4ad079dd1-PipelineCommandHandlerThread-0] INFO  server.RaftServer (RaftServerProxy.java:addNew(100)) - 0454455d-17b5-4798-9ce3-34e4ad079dd1: addNew group-2F5DCFBA468F:[0454455d-17b5-4798-9ce3-34e4ad079dd1|10.1.0.5:15104] returns group-2F5DCFBA468F:java.util.concurrent.CompletableFuture@32376350[Not completed]
2024-01-26 21:34:19,035 [cb9b1e06-b28b-4c4f-b19c-04e0cd8d01c6-groupManagement] WARN  util.FileUtils (LogUtils.java:supplyAndLog(63)) - Failed to Files.newInputStream /home/runner/work/ozone/ozone/hadoop-ozone/integration-test/target/test-dir/MiniOzoneClusterImpl-1af845c4-9ad0-4304-ad21-7f4426eccdbd/datanode-9/data/ratis/c7002a9d-6262-46cb-a2fc-d14205178d57/current/raft-meta.conf with options []: java.nio.file.NoSuchFileException: /home/runner/work/ozone/ozone/hadoop-ozone/integration-test/target/test-dir/MiniOzoneClusterImpl-1af845c4-9ad0-4304-ad21-7f4426eccdbd/datanode-9/data/ratis/c7002a9d-6262-46cb-a2fc-d14205178d57/current/raft-meta.conf
2024-01-26 21:34:19,036 [85a76c17-24cd-4caa-b4c9-2f056bfd6b3c-groupManagement] INFO  server.RaftServerConfigKeys (ConfUtils.java:logGet(46)) - raft.server.log.segment.size.max = 67108864 (custom)
2024-01-26 21:34:19,040 [85a76c17-24cd-4caa-b4c9-2f056bfd6b3c-groupManagement] INFO  server.RaftServerConfigKeys (ConfUtils.java:logGet(46)) - raft.server.log.segment.cache.num.max = 2 (custom)
2024-01-26 21:34:19,040 [85a76c17-24cd-4caa-b4c9-2f056bfd6b3c-groupManagement] INFO  server.RaftServerConfigKeys (ConfUtils.java:logGet(46)) - raft.server.log.segment.cache.size.max = 200MB (=209715200) (default)
2024-01-26 21:34:19,040 [85a76c17-24cd-4caa-b4c9-2f056bfd6b3c-groupManagement] INFO  server.RaftServerConfigKeys (ConfUtils.java:logGet(46)) - raft.server.log.appender.buffer.byte-limit = 8388608 (custom)
2024-01-26 21:34:19,042 [157befb9-fc2c-4b56-bfb2-e4c39e5a9271-groupManagement] INFO  server.RaftServerConfigKeys (ConfUtils.java:logGet(46)) - raft.server.rpc.request.timeout = 60s (custom)
2024-01-26 21:34:19,042 [157befb9-fc2c-4b56-bfb2-e4c39e5a9271-groupManagement] INFO  server.RaftServerConfigKeys (ConfUtils.java:logGet(46)) - raft.server.log.appender.install.snapshot.enabled = false (custom)
2024-01-26 21:34:19,042 [157befb9-fc2c-4b56-bfb2-e4c39e5a9271-groupManagement] INFO  server.RaftServerConfigKeys (ConfUtils.java:logGet(46)) - raft.server.threadpool.server.cached = true (default)
2024-01-26 21:34:19,042 [157befb9-fc2c-4b56-bfb2-e4c39e5a9271-groupManagement] INFO  server.RaftServerConfigKeys (ConfUtils.java:logGet(46)) - raft.server.threadpool.server.size = 0 (default)
2024-01-26 21:34:19,042 [157befb9-fc2c-4b56-bfb2-e4c39e5a9271-groupManagement] INFO  server.RaftServerConfigKeys (ConfUtils.java:logGet(46)) - raft.server.threadpool.client.cached = true (default)
2024-01-26 21:34:19,042 [157befb9-fc2c-4b56-bfb2-e4c39e5a9271-groupManagement] INFO  server.RaftServerConfigKeys (ConfUtils.java:logGet(46)) - raft.server.threadpool.client.size = 0 (default)
2024-01-26 21:34:19,042 [157befb9-fc2c-4b56-bfb2-e4c39e5a9271-groupManagement] INFO  server.RaftServerConfigKeys (ConfUtils.java:logGet(46)) - raft.server.storage.free-space.min = 0MB (=0) (default)
2024-01-26 21:34:19,042 [157befb9-fc2c-4b56-bfb2-e4c39e5a9271-groupManagement] INFO  server.RaftServerConfigKeys (ConfUtils.java:logGet(46)) - raft.server.log.corruption.policy = EXCEPTION (default)
2024-01-26 21:34:19,042 [157befb9-fc2c-4b56-bfb2-e4c39e5a9271-groupManagement] INFO  server.RaftServerConfigKeys (ConfUtils.java:logGet(46)) - raft.server.storage.dir = [/home/runner/work/ozone/ozone/hadoop-ozone/integration-test/target/test-dir/MiniOzoneClusterImpl-1af845c4-9ad0-4304-ad21-7f4426eccdbd/datanode-8/data/ratis] (custom)
2024-01-26 21:34:19,043 [157befb9-fc2c-4b56-bfb2-e4c39e5a9271-groupManagement] INFO  storage.RaftStorageDirectory (RaftStorageDirectoryImpl.java:analyzeStorage(138)) - The storage directory /home/runner/work/ozone/ozone/hadoop-ozone/integration-test/target/test-dir/MiniOzoneClusterImpl-1af845c4-9ad0-4304-ad21-7f4426eccdbd/datanode-8/data/ratis/2df29df1-f773-4859-906e-77329b463a15 does not exist. Creating ...
2024-01-26 21:34:19,043 [0454455d-17b5-4798-9ce3-34e4ad079dd1-groupManagement] INFO  server.RaftServer$Division (RaftServerImpl.java:<init>(256)) - 0454455d-17b5-4798-9ce3-34e4ad079dd1: new RaftServerImpl for group-2F5DCFBA468F:[0454455d-17b5-4798-9ce3-34e4ad079dd1|10.1.0.5:15104] with ContainerStateMachine:uninitialized
2024-01-26 21:34:19,043 [0454455d-17b5-4798-9ce3-34e4ad079dd1-groupManagement] INFO  server.RaftServerConfigKeys (ConfUtils.java:logGet(46)) - raft.server.rpc.timeout.min = 5s (custom)
2024-01-26 21:34:19,044 [0454455d-17b5-4798-9ce3-34e4ad079dd1-groupManagement] INFO  server.RaftServerConfigKeys (ConfUtils.java:logGet(46)) - raft.server.rpc.timeout.max = 5200ms (custom)
2024-01-26 21:34:19,044 [0454455d-17b5-4798-9ce3-34e4ad079dd1-groupManagement] INFO  server.RaftServerConfigKeys (ConfUtils.java:logGet(46)) - raft.server.rpc.sleep.time = 25ms (default)
2024-01-26 21:34:19,044 [0454455d-17b5-4798-9ce3-34e4ad079dd1-groupManagement] INFO  server.RaftServerConfigKeys (ConfUtils.java:logGet(46)) - raft.server.rpc.slowness.timeout = 300s (custom)
2024-01-26 21:34:19,044 [0454455d-17b5-4798-9ce3-34e4ad079dd1-groupManagement] INFO  server.RaftServerConfigKeys (ConfUtils.java:logGet(46)) - raft.server.leaderelection.leader.step-down.wait-time = 10s (default)
2024-01-26 21:34:19,044 [0454455d-17b5-4798-9ce3-34e4ad079dd1-groupManagement] INFO  server.RaftServerConfigKeys (ConfUtils.java:logGet(46)) - raft.server.leaderelection.member.majority-add = false (default)
2024-01-26 21:34:19,044 [0454455d-17b5-4798-9ce3-34e4ad079dd1-groupManagement] INFO  server.RaftServerConfigKeys (ConfUtils.java:logGet(46)) - raft.server.sleep.deviation.threshold = 300ms (default)
2024-01-26 21:34:19,044 [0454455d-17b5-4798-9ce3-34e4ad079dd1-groupManagement] INFO  server.RaftServer$Division (ServerState.java:<init>(113)) - 0454455d-17b5-4798-9ce3-34e4ad079dd1@group-2F5DCFBA468F: ConfigurationManager, init=-1: peers:[0454455d-17b5-4798-9ce3-34e4ad079dd1|10.1.0.5:15104]|listeners:[], old=null, confs=<EMPTY_MAP>
2024-01-26 21:34:19,044 [0454455d-17b5-4798-9ce3-34e4ad079dd1-groupManagement] INFO  server.RaftServerConfigKeys (ConfUtils.java:logGet(46)) - raft.server.notification.no-leader.timeout = 300s (custom)
2024-01-26 21:34:19,044 [0454455d-17b5-4798-9ce3-34e4ad079dd1-groupManagement] INFO  server.RaftServerConfigKeys (ConfUtils.java:logGet(46)) - raft.server.read.timeout = 10s (default)
2024-01-26 21:34:19,044 [0454455d-17b5-4798-9ce3-34e4ad079dd1-groupManagement] INFO  server.RaftServerConfigKeys (ConfUtils.java:logGet(46)) - raft.server.retrycache.expirytime = 600000ms (custom)
2024-01-26 21:34:19,044 [0454455d-17b5-4798-9ce3-34e4ad079dd1-groupManagement] INFO  server.RaftServerConfigKeys (ConfUtils.java:logGet(46)) - raft.server.retrycache.statistics.expirytime = 100ms (default)
2024-01-26 21:34:19,044 [0454455d-17b5-4798-9ce3-34e4ad079dd1-groupManagement] INFO  server.RaftServerConfigKeys (ConfUtils.java:logGet(46)) - raft.server.read.option = DEFAULT (default)
2024-01-26 21:34:19,044 [0454455d-17b5-4798-9ce3-34e4ad079dd1-groupManagement] INFO  server.RaftServerConfigKeys (ConfUtils.java:logGet(46)) - raft.server.read.read-after-write-consistent.write-index-cache.expiry-time = 60s (default)
2024-01-26 21:34:19,047 [85a76c17-24cd-4caa-b4c9-2f056bfd6b3c-groupManagement] INFO  util.AwaitToRun (AwaitToRun.java:start(81)) - Thread[85a76c17-24cd-4caa-b4c9-2f056bfd6b3c@group-77329B463A15-cacheEviction-AwaitToRun,5,main] started
2024-01-26 21:34:19,047 [85a76c17-24cd-4caa-b4c9-2f056bfd6b3c-groupManagement] INFO  segmented.SegmentedRaftLogWorker (SegmentedRaftLogWorker.java:<init>(182)) - new 85a76c17-24cd-4caa-b4c9-2f056bfd6b3c@group-77329B463A15-SegmentedRaftLogWorker for RaftStorageImpl:Storage Directory /home/runner/work/ozone/ozone/hadoop-ozone/integration-test/target/test-dir/MiniOzoneClusterImpl-1af845c4-9ad0-4304-ad21-7f4426eccdbd/datanode-7/data/ratis/2df29df1-f773-4859-906e-77329b463a15
2024-01-26 21:34:19,047 [85a76c17-24cd-4caa-b4c9-2f056bfd6b3c-groupManagement] INFO  server.RaftServerConfigKeys (ConfUtils.java:logGet(46)) - raft.server.log.queue.byte-limit = 4294967296 (custom)
2024-01-26 21:34:19,047 [85a76c17-24cd-4caa-b4c9-2f056bfd6b3c-groupManagement] INFO  server.RaftServerConfigKeys (ConfUtils.java:logGet(46)) - raft.server.log.queue.element-limit = 1024 (custom)
2024-01-26 21:34:19,047 [157befb9-fc2c-4b56-bfb2-e4c39e5a9271-groupManagement] INFO  storage.RaftStorageDirectory (RaftStorageDirectoryImpl.java:tryLock(228)) - Lock on /home/runner/work/ozone/ozone/hadoop-ozone/integration-test/target/test-dir/MiniOzoneClusterImpl-1af845c4-9ad0-4304-ad21-7f4426eccdbd/datanode-8/data/ratis/2df29df1-f773-4859-906e-77329b463a15/in_use.lock acquired by nodename 39692@fv-az1566-86
2024-01-26 21:34:19,054 [EventQueue-PipelineReportForPipelineReportHandler] INFO  pipeline.PipelineReportHandler (PipelineReportHandler.java:processPipelineReport(136)) - Opened pipeline PipelineID=c7002a9d-6262-46cb-a2fc-d14205178d57
2024-01-26 21:34:19,054 [EventQueue-OpenPipelineForHealthyPipelineSafeModeRule] INFO  safemode.SCMSafeModeManager (HealthyPipelineSafeModeRule.java:process(140)) - SCM in safe mode. Healthy pipelines reported count is 0, required healthy pipeline reported count is 1
2024-01-26 21:34:19,055 [157befb9-fc2c-4b56-bfb2-e4c39e5a9271-groupManagement] INFO  storage.RaftStorage (RaftStorageImpl.java:format(99)) - Storage directory /home/runner/work/ozone/ozone/hadoop-ozone/integration-test/target/test-dir/MiniOzoneClusterImpl-1af845c4-9ad0-4304-ad21-7f4426eccdbd/datanode-8/data/ratis/2df29df1-f773-4859-906e-77329b463a15 has been successfully formatted.
2024-01-26 21:34:19,055 [157befb9-fc2c-4b56-bfb2-e4c39e5a9271-groupManagement] WARN  util.FileUtils (LogUtils.java:supplyAndLog(63)) - Failed to Files.newInputStream /home/runner/work/ozone/ozone/hadoop-ozone/integration-test/target/test-dir/MiniOzoneClusterImpl-1af845c4-9ad0-4304-ad21-7f4426eccdbd/datanode-8/data/ratis/2df29df1-f773-4859-906e-77329b463a15/current/raft-meta.conf with options []: java.nio.file.NoSuchFileException: /home/runner/work/ozone/ozone/hadoop-ozone/integration-test/target/test-dir/MiniOzoneClusterImpl-1af845c4-9ad0-4304-ad21-7f4426eccdbd/datanode-8/data/ratis/2df29df1-f773-4859-906e-77329b463a15/current/raft-meta.conf
2024-01-26 21:34:19,053 [0454455d-17b5-4798-9ce3-34e4ad079dd1-groupManagement] INFO  server.RaftServerConfigKeys (ConfUtils.java:logGet(46)) - raft.server.rpc.request.timeout = 60s (custom)
2024-01-26 21:34:19,053 [c424f152-b0b1-403f-ad43-57b6eddc8681-PipelineCommandHandlerThread-0] INFO  commandhandler.CreatePipelineCommandHandler (CreatePipelineCommandHandler.java:lambda$handle$2(124)) - Created Pipeline RATIS THREE PipelineID=15d2e455-1fb4-4503-ac7a-c50f9a8fb292.
2024-01-26 21:34:19,047 [85a76c17-24cd-4caa-b4c9-2f056bfd6b3c-groupManagement] INFO  server.RaftServerConfigKeys (ConfUtils.java:logGet(46)) - raft.server.log.segment.size.max = 67108864 (custom)
2024-01-26 21:34:19,058 [0454455d-17b5-4798-9ce3-34e4ad079dd1-groupManagement] INFO  server.RaftServerConfigKeys (ConfUtils.java:logGet(46)) - raft.server.log.appender.install.snapshot.enabled = false (custom)
2024-01-26 21:34:19,058 [85a76c17-24cd-4caa-b4c9-2f056bfd6b3c-groupManagement] INFO  server.RaftServerConfigKeys (ConfUtils.java:logGet(46)) - raft.server.log.preallocated.size = 4194304 (custom)
2024-01-26 21:34:19,058 [85a76c17-24cd-4caa-b4c9-2f056bfd6b3c-groupManagement] INFO  server.RaftServerConfigKeys (ConfUtils.java:logGet(46)) - raft.server.log.force.sync.num = 128 (default)
2024-01-26 21:34:19,058 [85a76c17-24cd-4caa-b4c9-2f056bfd6b3c-groupManagement] INFO  server.RaftServerConfigKeys (ConfUtils.java:logGet(46)) - raft.server.log.statemachine.data.sync = true (default)
2024-01-26 21:34:19,052 [cb9b1e06-b28b-4c4f-b19c-04e0cd8d01c6-groupManagement] INFO  ratis.ContainerStateMachine (ContainerStateMachine.java:loadSnapshot(287)) - group-D14205178D57: The snapshot info is null. Setting the last applied index to:(t:0, i:~)
2024-01-26 21:34:19,058 [cb9b1e06-b28b-4c4f-b19c-04e0cd8d01c6-groupManagement] INFO  server.RaftServerConfigKeys (ConfUtils.java:logGet(46)) - raft.server.log.use.memory = false (default)
2024-01-26 21:34:19,058 [cb9b1e06-b28b-4c4f-b19c-04e0cd8d01c6-groupManagement] INFO  server.RaftServerConfigKeys (ConfUtils.java:logGet(46)) - raft.server.log.purge.gap = 1000000 (custom)
2024-01-26 21:34:19,059 [cb9b1e06-b28b-4c4f-b19c-04e0cd8d01c6-groupManagement] INFO  server.RaftServerConfigKeys (ConfUtils.java:logGet(46)) - raft.server.log.appender.buffer.byte-limit = 8388608 (custom)
2024-01-26 21:34:19,059 [cb9b1e06-b28b-4c4f-b19c-04e0cd8d01c6-groupManagement] INFO  server.RaftServerConfigKeys (ConfUtils.java:logGet(46)) - raft.server.log.statemachine.data.read.timeout = 1000ms (default)
2024-01-26 21:34:19,059 [cb9b1e06-b28b-4c4f-b19c-04e0cd8d01c6-groupManagement] INFO  server.RaftServerConfigKeys (ConfUtils.java:logGet(46)) - raft.server.log.purge.preservation.log.num = 0 (default)
2024-01-26 21:34:19,058 [85a76c17-24cd-4caa-b4c9-2f056bfd6b3c-groupManagement] INFO  server.RaftServerConfigKeys (ConfUtils.java:logGet(46)) - raft.server.log.statemachine.data.sync.timeout = 10s (default)
2024-01-26 21:34:19,063 [85a76c17-24cd-4caa-b4c9-2f056bfd6b3c-groupManagement] INFO  server.RaftServerConfigKeys (ConfUtils.java:logGet(46)) - raft.server.log.statemachine.data.sync.timeout.retry = 0 (custom)
2024-01-26 21:34:19,058 [0454455d-17b5-4798-9ce3-34e4ad079dd1-groupManagement] INFO  server.RaftServerConfigKeys (ConfUtils.java:logGet(46)) - raft.server.threadpool.server.cached = true (default)
2024-01-26 21:34:19,063 [0454455d-17b5-4798-9ce3-34e4ad079dd1-groupManagement] INFO  server.RaftServerConfigKeys (ConfUtils.java:logGet(46)) - raft.server.threadpool.server.size = 0 (default)
2024-01-26 21:34:19,063 [0454455d-17b5-4798-9ce3-34e4ad079dd1-groupManagement] INFO  server.RaftServerConfigKeys (ConfUtils.java:logGet(46)) - raft.server.threadpool.client.cached = true (default)
2024-01-26 21:34:19,063 [0454455d-17b5-4798-9ce3-34e4ad079dd1-groupManagement] INFO  server.RaftServerConfigKeys (ConfUtils.java:logGet(46)) - raft.server.threadpool.client.size = 0 (default)
2024-01-26 21:34:19,064 [0454455d-17b5-4798-9ce3-34e4ad079dd1-groupManagement] INFO  server.RaftServerConfigKeys (ConfUtils.java:logGet(46)) - raft.server.storage.free-space.min = 0MB (=0) (default)
2024-01-26 21:34:19,064 [0454455d-17b5-4798-9ce3-34e4ad079dd1-groupManagement] INFO  server.RaftServerConfigKeys (ConfUtils.java:logGet(46)) - raft.server.log.corruption.policy = EXCEPTION (default)
2024-01-26 21:34:19,064 [0454455d-17b5-4798-9ce3-34e4ad079dd1-groupManagement] INFO  server.RaftServerConfigKeys (ConfUtils.java:logGet(46)) - raft.server.storage.dir = [/home/runner/work/ozone/ozone/hadoop-ozone/integration-test/target/test-dir/MiniOzoneClusterImpl-1af845c4-9ad0-4304-ad21-7f4426eccdbd/datanode-10/data/ratis] (custom)
2024-01-26 21:34:19,064 [EventQueue-OpenPipelineForHealthyPipelineSafeModeRule] INFO  safemode.SCMSafeModeManager (HealthyPipelineSafeModeRule.java:process(140)) - SCM in safe mode. Healthy pipelines reported count is 0, required healthy pipeline reported count is 1
2024-01-26 21:34:19,057 [157befb9-fc2c-4b56-bfb2-e4c39e5a9271-groupManagement] INFO  ratis.ContainerStateMachine (ContainerStateMachine.java:loadSnapshot(287)) - group-77329B463A15: The snapshot info is null. Setting the last applied index to:(t:0, i:~)
2024-01-26 21:34:19,064 [157befb9-fc2c-4b56-bfb2-e4c39e5a9271-groupManagement] INFO  server.RaftServerConfigKeys (ConfUtils.java:logGet(46)) - raft.server.log.use.memory = false (default)
2024-01-26 21:34:19,065 [157befb9-fc2c-4b56-bfb2-e4c39e5a9271-groupManagement] INFO  server.RaftServerConfigKeys (ConfUtils.java:logGet(46)) - raft.server.log.purge.gap = 1000000 (custom)
2024-01-26 21:34:19,065 [157befb9-fc2c-4b56-bfb2-e4c39e5a9271-groupManagement] INFO  server.RaftServerConfigKeys (ConfUtils.java:logGet(46)) - raft.server.log.appender.buffer.byte-limit = 8388608 (custom)
2024-01-26 21:34:19,065 [157befb9-fc2c-4b56-bfb2-e4c39e5a9271-groupManagement] INFO  server.RaftServerConfigKeys (ConfUtils.java:logGet(46)) - raft.server.log.statemachine.data.read.timeout = 1000ms (default)
2024-01-26 21:34:19,065 [157befb9-fc2c-4b56-bfb2-e4c39e5a9271-groupManagement] INFO  server.RaftServerConfigKeys (ConfUtils.java:logGet(46)) - raft.server.log.purge.preservation.log.num = 0 (default)
2024-01-26 21:34:19,064 [0454455d-17b5-4798-9ce3-34e4ad079dd1-groupManagement] INFO  storage.RaftStorageDirectory (RaftStorageDirectoryImpl.java:analyzeStorage(138)) - The storage directory /home/runner/work/ozone/ozone/hadoop-ozone/integration-test/target/test-dir/MiniOzoneClusterImpl-1af845c4-9ad0-4304-ad21-7f4426eccdbd/datanode-10/data/ratis/41554cde-5235-49e3-8096-2f5dcfba468f does not exist. Creating ...
2024-01-26 21:34:19,066 [209e1d4e-6bc3-40d2-a53c-4015c1ab1ac0-PipelineCommandHandlerThread-0] INFO  commandhandler.CreatePipelineCommandHandler (CreatePipelineCommandHandler.java:lambda$handle$2(124)) - Created Pipeline RATIS THREE PipelineID=fe620031-71af-48f5-85ea-0160bf9df5e3.
2024-01-26 21:34:19,068 [0454455d-17b5-4798-9ce3-34e4ad079dd1-groupManagement] INFO  storage.RaftStorageDirectory (RaftStorageDirectoryImpl.java:tryLock(228)) - Lock on /home/runner/work/ozone/ozone/hadoop-ozone/integration-test/target/test-dir/MiniOzoneClusterImpl-1af845c4-9ad0-4304-ad21-7f4426eccdbd/datanode-10/data/ratis/41554cde-5235-49e3-8096-2f5dcfba468f/in_use.lock acquired by nodename 39692@fv-az1566-86
2024-01-26 21:34:19,068 [85a76c17-24cd-4caa-b4c9-2f056bfd6b3c-groupManagement] INFO  server.RaftServerConfigKeys (ConfUtils.java:logGet(46)) - raft.server.log.write.buffer.size = 8388616 (custom)
2024-01-26 21:34:19,070 [85a76c17-24cd-4caa-b4c9-2f056bfd6b3c-groupManagement] INFO  server.RaftServerConfigKeys (ConfUtils.java:logGet(46)) - raft.server.log.appender.buffer.byte-limit = 8388608 (custom)
2024-01-26 21:34:19,070 [85a76c17-24cd-4caa-b4c9-2f056bfd6b3c-groupManagement] INFO  server.RaftServerConfigKeys (ConfUtils.java:logGet(46)) - raft.server.log.unsafe-flush.enabled = false (default)
2024-01-26 21:34:19,070 [85a76c17-24cd-4caa-b4c9-2f056bfd6b3c-groupManagement] INFO  server.RaftServerConfigKeys (ConfUtils.java:logGet(46)) - raft.server.log.async-flush.enabled = false (default)
2024-01-26 21:34:19,071 [85a76c17-24cd-4caa-b4c9-2f056bfd6b3c-groupManagement] INFO  server.RaftServerConfigKeys (ConfUtils.java:logGet(46)) - raft.server.log.statemachine.data.caching.enabled = true (custom)
2024-01-26 21:34:19,070 [0454455d-17b5-4798-9ce3-34e4ad079dd1-groupManagement] INFO  storage.RaftStorage (RaftStorageImpl.java:format(99)) - Storage directory /home/runner/work/ozone/ozone/hadoop-ozone/integration-test/target/test-dir/MiniOzoneClusterImpl-1af845c4-9ad0-4304-ad21-7f4426eccdbd/datanode-10/data/ratis/41554cde-5235-49e3-8096-2f5dcfba468f has been successfully formatted.
2024-01-26 21:34:19,071 [85a76c17-24cd-4caa-b4c9-2f056bfd6b3c-groupManagement] INFO  segmented.SegmentedRaftLogWorker (SegmentedRaftLogWorker.java:lambda$new$0(134)) - 85a76c17-24cd-4caa-b4c9-2f056bfd6b3c@group-77329B463A15-SegmentedRaftLogWorker: flushIndex: setUnconditionally 0 -> -1
2024-01-26 21:34:19,071 [85a76c17-24cd-4caa-b4c9-2f056bfd6b3c-groupManagement] INFO  segmented.SegmentedRaftLogWorker (SegmentedRaftLogWorker.java:lambda$new$0(134)) - 85a76c17-24cd-4caa-b4c9-2f056bfd6b3c@group-77329B463A15-SegmentedRaftLogWorker: safeCacheEvictIndex: setUnconditionally 0 -> -1
2024-01-26 21:34:19,071 [0454455d-17b5-4798-9ce3-34e4ad079dd1-groupManagement] WARN  util.FileUtils (LogUtils.java:supplyAndLog(63)) - Failed to Files.newInputStream /home/runner/work/ozone/ozone/hadoop-ozone/integration-test/target/test-dir/MiniOzoneClusterImpl-1af845c4-9ad0-4304-ad21-7f4426eccdbd/datanode-10/data/ratis/41554cde-5235-49e3-8096-2f5dcfba468f/current/raft-meta.conf with options []: java.nio.file.NoSuchFileException: /home/runner/work/ozone/ozone/hadoop-ozone/integration-test/target/test-dir/MiniOzoneClusterImpl-1af845c4-9ad0-4304-ad21-7f4426eccdbd/datanode-10/data/ratis/41554cde-5235-49e3-8096-2f5dcfba468f/current/raft-meta.conf
2024-01-26 21:34:19,071 [85a76c17-24cd-4caa-b4c9-2f056bfd6b3c-groupManagement] INFO  server.RaftServer$Division (RaftServerImpl.java:start(396)) - 85a76c17-24cd-4caa-b4c9-2f056bfd6b3c@group-77329B463A15: start as a follower, conf=-1: peers:[85a76c17-24cd-4caa-b4c9-2f056bfd6b3c|10.1.0.5:15077, 615e0ce5-d68a-4764-9dce-a037122bf2b4|10.1.0.5:15068, 157befb9-fc2c-4b56-bfb2-e4c39e5a9271|10.1.0.5:15086]|listeners:[], old=null
2024-01-26 21:34:19,071 [85a76c17-24cd-4caa-b4c9-2f056bfd6b3c-groupManagement] INFO  server.RaftServer$Division (RaftServerImpl.java:setRole(383)) - 85a76c17-24cd-4caa-b4c9-2f056bfd6b3c@group-77329B463A15: changes role from      null to FOLLOWER at term 0 for startAsFollower
2024-01-26 21:34:19,071 [85a76c17-24cd-4caa-b4c9-2f056bfd6b3c-groupManagement] INFO  impl.RoleInfo (RoleInfo.java:updateAndGet(139)) - 85a76c17-24cd-4caa-b4c9-2f056bfd6b3c: start 85a76c17-24cd-4caa-b4c9-2f056bfd6b3c@group-77329B463A15-FollowerState
2024-01-26 21:34:19,071 [85a76c17-24cd-4caa-b4c9-2f056bfd6b3c@group-77329B463A15-FollowerState] INFO  server.RaftServerConfigKeys (ConfUtils.java:logFallback(53)) - raft.server.rpc.first-election.timeout.min = 5s (fallback to raft.server.rpc.timeout.min)
2024-01-26 21:34:19,072 [85a76c17-24cd-4caa-b4c9-2f056bfd6b3c@group-77329B463A15-FollowerState] INFO  server.RaftServerConfigKeys (ConfUtils.java:logFallback(53)) - raft.server.rpc.first-election.timeout.max = 5200ms (fallback to raft.server.rpc.timeout.max)
2024-01-26 21:34:19,082 [cb9b1e06-b28b-4c4f-b19c-04e0cd8d01c6-groupManagement] INFO  server.RaftServerConfigKeys (ConfUtils.java:logGet(46)) - raft.server.log.segment.size.max = 67108864 (custom)
2024-01-26 21:34:19,081 [157befb9-fc2c-4b56-bfb2-e4c39e5a9271-groupManagement] INFO  server.RaftServerConfigKeys (ConfUtils.java:logGet(46)) - raft.server.log.segment.size.max = 67108864 (custom)
2024-01-26 21:34:19,078 [EventQueue-PipelineReportForPipelineReportHandler] INFO  pipeline.PipelineReportHandler (PipelineReportHandler.java:processPipelineReport(136)) - Opened pipeline PipelineID=41554cde-5235-49e3-8096-2f5dcfba468f
2024-01-26 21:34:19,076 [0454455d-17b5-4798-9ce3-34e4ad079dd1-groupManagement] INFO  ratis.ContainerStateMachine (ContainerStateMachine.java:loadSnapshot(287)) - group-2F5DCFBA468F: The snapshot info is null. Setting the last applied index to:(t:0, i:~)
2024-01-26 21:34:19,087 [0454455d-17b5-4798-9ce3-34e4ad079dd1-groupManagement] INFO  server.RaftServerConfigKeys (ConfUtils.java:logGet(46)) - raft.server.log.use.memory = false (default)
2024-01-26 21:34:19,087 [0454455d-17b5-4798-9ce3-34e4ad079dd1-groupManagement] INFO  server.RaftServerConfigKeys (ConfUtils.java:logGet(46)) - raft.server.log.purge.gap = 1000000 (custom)
2024-01-26 21:34:19,087 [0454455d-17b5-4798-9ce3-34e4ad079dd1-groupManagement] INFO  server.RaftServerConfigKeys (ConfUtils.java:logGet(46)) - raft.server.log.appender.buffer.byte-limit = 8388608 (custom)
2024-01-26 21:34:19,087 [0454455d-17b5-4798-9ce3-34e4ad079dd1-groupManagement] INFO  server.RaftServerConfigKeys (ConfUtils.java:logGet(46)) - raft.server.log.statemachine.data.read.timeout = 1000ms (default)
2024-01-26 21:34:19,088 [0454455d-17b5-4798-9ce3-34e4ad079dd1-groupManagement] INFO  server.RaftServerConfigKeys (ConfUtils.java:logGet(46)) - raft.server.log.purge.preservation.log.num = 0 (default)
2024-01-26 21:34:19,072 [85a76c17-24cd-4caa-b4c9-2f056bfd6b3c-groupManagement] INFO  util.JmxRegister (JmxRegister.java:tryRegister(44)) - Successfully registered JMX Bean with object name Ratis:service=RaftServer,group=group-77329B463A15,id=85a76c17-24cd-4caa-b4c9-2f056bfd6b3c
2024-01-26 21:34:19,087 [EventQueue-OpenPipelineForHealthyPipelineSafeModeRule] INFO  safemode.SCMSafeModeManager (HealthyPipelineSafeModeRule.java:process(140)) - SCM in safe mode. Healthy pipelines reported count is 0, required healthy pipeline reported count is 1
2024-01-26 21:34:19,086 [4166fb02-ca0d-4de6-a961-378c6a3b2890-PipelineCommandHandlerThread-0] INFO  commandhandler.CreatePipelineCommandHandler (CreatePipelineCommandHandler.java:lambda$handle$2(124)) - Created Pipeline RATIS THREE PipelineID=fe620031-71af-48f5-85ea-0160bf9df5e3.
2024-01-26 21:34:19,088 [85a76c17-24cd-4caa-b4c9-2f056bfd6b3c-groupManagement] INFO  server.RaftServerConfigKeys (ConfUtils.java:logGet(46)) - raft.server.snapshot.trigger-when-stop.enabled = true (default)
2024-01-26 21:34:19,088 [85a76c17-24cd-4caa-b4c9-2f056bfd6b3c-groupManagement] INFO  server.RaftServerConfigKeys (ConfUtils.java:logGet(46)) - raft.server.snapshot.auto.trigger.enabled = true (custom)
2024-01-26 21:34:19,088 [85a76c17-24cd-4caa-b4c9-2f056bfd6b3c-groupManagement] INFO  server.RaftServerConfigKeys (ConfUtils.java:logGet(46)) - raft.server.snapshot.auto.trigger.threshold = 10000 (custom)
2024-01-26 21:34:19,088 [85a76c17-24cd-4caa-b4c9-2f056bfd6b3c-groupManagement] INFO  server.RaftServerConfigKeys (ConfUtils.java:logGet(46)) - raft.server.snapshot.retention.file.num = 5 (custom)
2024-01-26 21:34:19,088 [67e21e31-4dca-48e2-85b4-2f4b1b69db84-PipelineCommandHandlerThread-0] INFO  commandhandler.CreatePipelineCommandHandler (CreatePipelineCommandHandler.java:lambda$handle$2(124)) - Created Pipeline RATIS THREE PipelineID=15d2e455-1fb4-4503-ac7a-c50f9a8fb292.
2024-01-26 21:34:19,088 [85a76c17-24cd-4caa-b4c9-2f056bfd6b3c-groupManagement] INFO  server.RaftServerConfigKeys (ConfUtils.java:logGet(46)) - raft.server.log.purge.upto.snapshot.index = false (default)
2024-01-26 21:34:19,092 [cb9b1e06-b28b-4c4f-b19c-04e0cd8d01c6-groupManagement] INFO  server.RaftServerConfigKeys (ConfUtils.java:logGet(46)) - raft.server.log.segment.cache.num.max = 2 (custom)
2024-01-26 21:34:19,092 [cb9b1e06-b28b-4c4f-b19c-04e0cd8d01c6-groupManagement] INFO  server.RaftServerConfigKeys (ConfUtils.java:logGet(46)) - raft.server.log.segment.cache.size.max = 200MB (=209715200) (default)
2024-01-26 21:34:19,092 [cb9b1e06-b28b-4c4f-b19c-04e0cd8d01c6-groupManagement] INFO  server.RaftServerConfigKeys (ConfUtils.java:logGet(46)) - raft.server.log.appender.buffer.byte-limit = 8388608 (custom)
2024-01-26 21:34:19,093 [cb9b1e06-b28b-4c4f-b19c-04e0cd8d01c6-groupManagement] INFO  util.AwaitToRun (AwaitToRun.java:start(81)) - Thread[cb9b1e06-b28b-4c4f-b19c-04e0cd8d01c6@group-D14205178D57-cacheEviction-AwaitToRun,5,main] started
2024-01-26 21:34:19,093 [cb9b1e06-b28b-4c4f-b19c-04e0cd8d01c6-groupManagement] INFO  segmented.SegmentedRaftLogWorker (SegmentedRaftLogWorker.java:<init>(182)) - new cb9b1e06-b28b-4c4f-b19c-04e0cd8d01c6@group-D14205178D57-SegmentedRaftLogWorker for RaftStorageImpl:Storage Directory /home/runner/work/ozone/ozone/hadoop-ozone/integration-test/target/test-dir/MiniOzoneClusterImpl-1af845c4-9ad0-4304-ad21-7f4426eccdbd/datanode-9/data/ratis/c7002a9d-6262-46cb-a2fc-d14205178d57
2024-01-26 21:34:19,093 [cb9b1e06-b28b-4c4f-b19c-04e0cd8d01c6-groupManagement] INFO  server.RaftServerConfigKeys (ConfUtils.java:logGet(46)) - raft.server.log.queue.byte-limit = 4294967296 (custom)
2024-01-26 21:34:19,093 [cb9b1e06-b28b-4c4f-b19c-04e0cd8d01c6-groupManagement] INFO  server.RaftServerConfigKeys (ConfUtils.java:logGet(46)) - raft.server.log.queue.element-limit = 1024 (custom)
2024-01-26 21:34:19,093 [cb9b1e06-b28b-4c4f-b19c-04e0cd8d01c6-groupManagement] INFO  server.RaftServerConfigKeys (ConfUtils.java:logGet(46)) - raft.server.log.segment.size.max = 67108864 (custom)
2024-01-26 21:34:19,093 [cb9b1e06-b28b-4c4f-b19c-04e0cd8d01c6-groupManagement] INFO  server.RaftServerConfigKeys (ConfUtils.java:logGet(46)) - raft.server.log.preallocated.size = 4194304 (custom)
2024-01-26 21:34:19,093 [cb9b1e06-b28b-4c4f-b19c-04e0cd8d01c6-groupManagement] INFO  server.RaftServerConfigKeys (ConfUtils.java:logGet(46)) - raft.server.log.force.sync.num = 128 (default)
2024-01-26 21:34:19,093 [157befb9-fc2c-4b56-bfb2-e4c39e5a9271-groupManagement] INFO  server.RaftServerConfigKeys (ConfUtils.java:logGet(46)) - raft.server.log.segment.cache.num.max = 2 (custom)
2024-01-26 21:34:19,093 [157befb9-fc2c-4b56-bfb2-e4c39e5a9271-groupManagement] INFO  server.RaftServerConfigKeys (ConfUtils.java:logGet(46)) - raft.server.log.segment.cache.size.max = 200MB (=209715200) (default)
2024-01-26 21:34:19,094 [157befb9-fc2c-4b56-bfb2-e4c39e5a9271-groupManagement] INFO  server.RaftServerConfigKeys (ConfUtils.java:logGet(46)) - raft.server.log.appender.buffer.byte-limit = 8388608 (custom)
2024-01-26 21:34:19,093 [cb9b1e06-b28b-4c4f-b19c-04e0cd8d01c6-groupManagement] INFO  server.RaftServerConfigKeys (ConfUtils.java:logGet(46)) - raft.server.log.statemachine.data.sync = true (default)
2024-01-26 21:34:19,095 [cb9b1e06-b28b-4c4f-b19c-04e0cd8d01c6-groupManagement] INFO  server.RaftServerConfigKeys (ConfUtils.java:logGet(46)) - raft.server.log.statemachine.data.sync.timeout = 10s (default)
2024-01-26 21:34:19,095 [cb9b1e06-b28b-4c4f-b19c-04e0cd8d01c6-groupManagement] INFO  server.RaftServerConfigKeys (ConfUtils.java:logGet(46)) - raft.server.log.statemachine.data.sync.timeout.retry = 0 (custom)
2024-01-26 21:34:19,096 [157befb9-fc2c-4b56-bfb2-e4c39e5a9271-groupManagement] INFO  util.AwaitToRun (AwaitToRun.java:start(81)) - Thread[157befb9-fc2c-4b56-bfb2-e4c39e5a9271@group-77329B463A15-cacheEviction-AwaitToRun,5,main] started
2024-01-26 21:34:19,096 [157befb9-fc2c-4b56-bfb2-e4c39e5a9271-groupManagement] INFO  segmented.SegmentedRaftLogWorker (SegmentedRaftLogWorker.java:<init>(182)) - new 157befb9-fc2c-4b56-bfb2-e4c39e5a9271@group-77329B463A15-SegmentedRaftLogWorker for RaftStorageImpl:Storage Directory /home/runner/work/ozone/ozone/hadoop-ozone/integration-test/target/test-dir/MiniOzoneClusterImpl-1af845c4-9ad0-4304-ad21-7f4426eccdbd/datanode-8/data/ratis/2df29df1-f773-4859-906e-77329b463a15
2024-01-26 21:34:19,096 [157befb9-fc2c-4b56-bfb2-e4c39e5a9271-groupManagement] INFO  server.RaftServerConfigKeys (ConfUtils.java:logGet(46)) - raft.server.log.queue.byte-limit = 4294967296 (custom)
2024-01-26 21:34:19,096 [157befb9-fc2c-4b56-bfb2-e4c39e5a9271-groupManagement] INFO  server.RaftServerConfigKeys (ConfUtils.java:logGet(46)) - raft.server.log.queue.element-limit = 1024 (custom)
2024-01-26 21:34:19,096 [157befb9-fc2c-4b56-bfb2-e4c39e5a9271-groupManagement] INFO  server.RaftServerConfigKeys (ConfUtils.java:logGet(46)) - raft.server.log.segment.size.max = 67108864 (custom)
2024-01-26 21:34:19,096 [157befb9-fc2c-4b56-bfb2-e4c39e5a9271-groupManagement] INFO  server.RaftServerConfigKeys (ConfUtils.java:logGet(46)) - raft.server.log.preallocated.size = 4194304 (custom)
2024-01-26 21:34:19,096 [157befb9-fc2c-4b56-bfb2-e4c39e5a9271-groupManagement] INFO  server.RaftServerConfigKeys (ConfUtils.java:logGet(46)) - raft.server.log.force.sync.num = 128 (default)
2024-01-26 21:34:19,096 [157befb9-fc2c-4b56-bfb2-e4c39e5a9271-groupManagement] INFO  server.RaftServerConfigKeys (ConfUtils.java:logGet(46)) - raft.server.log.statemachine.data.sync = true (default)
2024-01-26 21:34:19,096 [157befb9-fc2c-4b56-bfb2-e4c39e5a9271-groupManagement] INFO  server.RaftServerConfigKeys (ConfUtils.java:logGet(46)) - raft.server.log.statemachine.data.sync.timeout = 10s (default)
2024-01-26 21:34:19,096 [157befb9-fc2c-4b56-bfb2-e4c39e5a9271-groupManagement] INFO  server.RaftServerConfigKeys (ConfUtils.java:logGet(46)) - raft.server.log.statemachine.data.sync.timeout.retry = 0 (custom)
2024-01-26 21:34:19,099 [cb9b1e06-b28b-4c4f-b19c-04e0cd8d01c6-groupManagement] INFO  server.RaftServerConfigKeys (ConfUtils.java:logGet(46)) - raft.server.log.write.buffer.size = 8388616 (custom)
2024-01-26 21:34:19,099 [157befb9-fc2c-4b56-bfb2-e4c39e5a9271-groupManagement] INFO  server.RaftServerConfigKeys (ConfUtils.java:logGet(46)) - raft.server.log.write.buffer.size = 8388616 (custom)
2024-01-26 21:34:19,099 [0454455d-17b5-4798-9ce3-34e4ad079dd1-groupManagement] INFO  server.RaftServerConfigKeys (ConfUtils.java:logGet(46)) - raft.server.log.segment.size.max = 67108864 (custom)
2024-01-26 21:34:19,100 [85a76c17-24cd-4caa-b4c9-2f056bfd6b3c-PipelineCommandHandlerThread-0] INFO  ratis.XceiverServerRatis (XceiverServerRatis.java:addGroup(842)) - Created group PipelineID=2df29df1-f773-4859-906e-77329b463a15
2024-01-26 21:34:19,100 [0454455d-17b5-4798-9ce3-34e4ad079dd1-groupManagement] INFO  server.RaftServerConfigKeys (ConfUtils.java:logGet(46)) - raft.server.log.segment.cache.num.max = 2 (custom)
2024-01-26 21:34:19,100 [0454455d-17b5-4798-9ce3-34e4ad079dd1-groupManagement] INFO  server.RaftServerConfigKeys (ConfUtils.java:logGet(46)) - raft.server.log.segment.cache.size.max = 200MB (=209715200) (default)
2024-01-26 21:34:19,100 [0454455d-17b5-4798-9ce3-34e4ad079dd1-groupManagement] INFO  server.RaftServerConfigKeys (ConfUtils.java:logGet(46)) - raft.server.log.appender.buffer.byte-limit = 8388608 (custom)
2024-01-26 21:34:19,102 [cb9b1e06-b28b-4c4f-b19c-04e0cd8d01c6-groupManagement] INFO  server.RaftServerConfigKeys (ConfUtils.java:logGet(46)) - raft.server.log.appender.buffer.byte-limit = 8388608 (custom)
2024-01-26 21:34:19,102 [cb9b1e06-b28b-4c4f-b19c-04e0cd8d01c6-groupManagement] INFO  server.RaftServerConfigKeys (ConfUtils.java:logGet(46)) - raft.server.log.unsafe-flush.enabled = false (default)
2024-01-26 21:34:19,102 [cb9b1e06-b28b-4c4f-b19c-04e0cd8d01c6-groupManagement] INFO  server.RaftServerConfigKeys (ConfUtils.java:logGet(46)) - raft.server.log.async-flush.enabled = false (default)
2024-01-26 21:34:19,102 [cb9b1e06-b28b-4c4f-b19c-04e0cd8d01c6-groupManagement] INFO  server.RaftServerConfigKeys (ConfUtils.java:logGet(46)) - raft.server.log.statemachine.data.caching.enabled = true (custom)
2024-01-26 21:34:19,103 [cb9b1e06-b28b-4c4f-b19c-04e0cd8d01c6-groupManagement] INFO  segmented.SegmentedRaftLogWorker (SegmentedRaftLogWorker.java:lambda$new$0(134)) - cb9b1e06-b28b-4c4f-b19c-04e0cd8d01c6@group-D14205178D57-SegmentedRaftLogWorker: flushIndex: setUnconditionally 0 -> -1
2024-01-26 21:34:19,103 [cb9b1e06-b28b-4c4f-b19c-04e0cd8d01c6-groupManagement] INFO  segmented.SegmentedRaftLogWorker (SegmentedRaftLogWorker.java:lambda$new$0(134)) - cb9b1e06-b28b-4c4f-b19c-04e0cd8d01c6@group-D14205178D57-SegmentedRaftLogWorker: safeCacheEvictIndex: setUnconditionally 0 -> -1
2024-01-26 21:34:19,105 [157befb9-fc2c-4b56-bfb2-e4c39e5a9271-groupManagement] INFO  server.RaftServerConfigKeys (ConfUtils.java:logGet(46)) - raft.server.log.appender.buffer.byte-limit = 8388608 (custom)
2024-01-26 21:34:19,105 [157befb9-fc2c-4b56-bfb2-e4c39e5a9271-groupManagement] INFO  server.RaftServerConfigKeys (ConfUtils.java:logGet(46)) - raft.server.log.unsafe-flush.enabled = false (default)
2024-01-26 21:34:19,105 [157befb9-fc2c-4b56-bfb2-e4c39e5a9271-groupManagement] INFO  server.RaftServerConfigKeys (ConfUtils.java:logGet(46)) - raft.server.log.async-flush.enabled = false (default)
2024-01-26 21:34:19,105 [157befb9-fc2c-4b56-bfb2-e4c39e5a9271-groupManagement] INFO  server.RaftServerConfigKeys (ConfUtils.java:logGet(46)) - raft.server.log.statemachine.data.caching.enabled = true (custom)
2024-01-26 21:34:19,106 [157befb9-fc2c-4b56-bfb2-e4c39e5a9271-groupManagement] INFO  segmented.SegmentedRaftLogWorker (SegmentedRaftLogWorker.java:lambda$new$0(134)) - 157befb9-fc2c-4b56-bfb2-e4c39e5a9271@group-77329B463A15-SegmentedRaftLogWorker: flushIndex: setUnconditionally 0 -> -1
2024-01-26 21:34:19,106 [157befb9-fc2c-4b56-bfb2-e4c39e5a9271-groupManagement] INFO  segmented.SegmentedRaftLogWorker (SegmentedRaftLogWorker.java:lambda$new$0(134)) - 157befb9-fc2c-4b56-bfb2-e4c39e5a9271@group-77329B463A15-SegmentedRaftLogWorker: safeCacheEvictIndex: setUnconditionally 0 -> -1
2024-01-26 21:34:19,107 [0454455d-17b5-4798-9ce3-34e4ad079dd1-groupManagement] INFO  util.AwaitToRun (AwaitToRun.java:start(81)) - Thread[0454455d-17b5-4798-9ce3-34e4ad079dd1@group-2F5DCFBA468F-cacheEviction-AwaitToRun,5,main] started
2024-01-26 21:34:19,107 [0454455d-17b5-4798-9ce3-34e4ad079dd1-groupManagement] INFO  segmented.SegmentedRaftLogWorker (SegmentedRaftLogWorker.java:<init>(182)) - new 0454455d-17b5-4798-9ce3-34e4ad079dd1@group-2F5DCFBA468F-SegmentedRaftLogWorker for RaftStorageImpl:Storage Directory /home/runner/work/ozone/ozone/hadoop-ozone/integration-test/target/test-dir/MiniOzoneClusterImpl-1af845c4-9ad0-4304-ad21-7f4426eccdbd/datanode-10/data/ratis/41554cde-5235-49e3-8096-2f5dcfba468f
2024-01-26 21:34:19,107 [0454455d-17b5-4798-9ce3-34e4ad079dd1-groupManagement] INFO  server.RaftServerConfigKeys (ConfUtils.java:logGet(46)) - raft.server.log.queue.byte-limit = 4294967296 (custom)
2024-01-26 21:34:19,107 [0454455d-17b5-4798-9ce3-34e4ad079dd1-groupManagement] INFO  server.RaftServerConfigKeys (ConfUtils.java:logGet(46)) - raft.server.log.queue.element-limit = 1024 (custom)
2024-01-26 21:34:19,107 [0454455d-17b5-4798-9ce3-34e4ad079dd1-groupManagement] INFO  server.RaftServerConfigKeys (ConfUtils.java:logGet(46)) - raft.server.log.segment.size.max = 67108864 (custom)
2024-01-26 21:34:19,107 [0454455d-17b5-4798-9ce3-34e4ad079dd1-groupManagement] INFO  server.RaftServerConfigKeys (ConfUtils.java:logGet(46)) - raft.server.log.preallocated.size = 4194304 (custom)
2024-01-26 21:34:19,107 [0454455d-17b5-4798-9ce3-34e4ad079dd1-groupManagement] INFO  server.RaftServerConfigKeys (ConfUtils.java:logGet(46)) - raft.server.log.force.sync.num = 128 (default)
2024-01-26 21:34:19,107 [0454455d-17b5-4798-9ce3-34e4ad079dd1-groupManagement] INFO  server.RaftServerConfigKeys (ConfUtils.java:logGet(46)) - raft.server.log.statemachine.data.sync = true (default)
2024-01-26 21:34:19,107 [0454455d-17b5-4798-9ce3-34e4ad079dd1-groupManagement] INFO  server.RaftServerConfigKeys (ConfUtils.java:logGet(46)) - raft.server.log.statemachine.data.sync.timeout = 10s (default)
2024-01-26 21:34:19,107 [0454455d-17b5-4798-9ce3-34e4ad079dd1-groupManagement] INFO  server.RaftServerConfigKeys (ConfUtils.java:logGet(46)) - raft.server.log.statemachine.data.sync.timeout.retry = 0 (custom)
2024-01-26 21:34:19,108 [0454455d-17b5-4798-9ce3-34e4ad079dd1-groupManagement] INFO  server.RaftServerConfigKeys (ConfUtils.java:logGet(46)) - raft.server.log.write.buffer.size = 8388616 (custom)
2024-01-26 21:34:19,109 [0454455d-17b5-4798-9ce3-34e4ad079dd1-groupManagement] INFO  server.RaftServerConfigKeys (ConfUtils.java:logGet(46)) - raft.server.log.appender.buffer.byte-limit = 8388608 (custom)
2024-01-26 21:34:19,109 [0454455d-17b5-4798-9ce3-34e4ad079dd1-groupManagement] INFO  server.RaftServerConfigKeys (ConfUtils.java:logGet(46)) - raft.server.log.unsafe-flush.enabled = false (default)
2024-01-26 21:34:19,110 [0454455d-17b5-4798-9ce3-34e4ad079dd1-groupManagement] INFO  server.RaftServerConfigKeys (ConfUtils.java:logGet(46)) - raft.server.log.async-flush.enabled = false (default)
2024-01-26 21:34:19,110 [0454455d-17b5-4798-9ce3-34e4ad079dd1-groupManagement] INFO  server.RaftServerConfigKeys (ConfUtils.java:logGet(46)) - raft.server.log.statemachine.data.caching.enabled = true (custom)
2024-01-26 21:34:19,110 [0454455d-17b5-4798-9ce3-34e4ad079dd1-groupManagement] INFO  segmented.SegmentedRaftLogWorker (SegmentedRaftLogWorker.java:lambda$new$0(134)) - 0454455d-17b5-4798-9ce3-34e4ad079dd1@group-2F5DCFBA468F-SegmentedRaftLogWorker: flushIndex: setUnconditionally 0 -> -1
2024-01-26 21:34:19,110 [0454455d-17b5-4798-9ce3-34e4ad079dd1-groupManagement] INFO  segmented.SegmentedRaftLogWorker (SegmentedRaftLogWorker.java:lambda$new$0(134)) - 0454455d-17b5-4798-9ce3-34e4ad079dd1@group-2F5DCFBA468F-SegmentedRaftLogWorker: safeCacheEvictIndex: setUnconditionally 0 -> -1
2024-01-26 21:34:19,114 [0454455d-17b5-4798-9ce3-34e4ad079dd1-groupManagement] INFO  server.RaftServer$Division (RaftServerImpl.java:start(396)) - 0454455d-17b5-4798-9ce3-34e4ad079dd1@group-2F5DCFBA468F: start as a follower, conf=-1: peers:[0454455d-17b5-4798-9ce3-34e4ad079dd1|10.1.0.5:15104]|listeners:[], old=null
2024-01-26 21:34:19,114 [0454455d-17b5-4798-9ce3-34e4ad079dd1-groupManagement] INFO  server.RaftServer$Division (RaftServerImpl.java:setRole(383)) - 0454455d-17b5-4798-9ce3-34e4ad079dd1@group-2F5DCFBA468F: changes role from      null to FOLLOWER at term 0 for startAsFollower
2024-01-26 21:34:19,115 [0454455d-17b5-4798-9ce3-34e4ad079dd1-groupManagement] INFO  impl.RoleInfo (RoleInfo.java:updateAndGet(139)) - 0454455d-17b5-4798-9ce3-34e4ad079dd1: start 0454455d-17b5-4798-9ce3-34e4ad079dd1@group-2F5DCFBA468F-FollowerState
2024-01-26 21:34:19,116 [0454455d-17b5-4798-9ce3-34e4ad079dd1@group-2F5DCFBA468F-FollowerState] INFO  server.RaftServerConfigKeys (ConfUtils.java:logFallback(53)) - raft.server.rpc.first-election.timeout.min = 5s (fallback to raft.server.rpc.timeout.min)
2024-01-26 21:34:19,119 [cb9b1e06-b28b-4c4f-b19c-04e0cd8d01c6-groupManagement] INFO  server.RaftServer$Division (RaftServerImpl.java:start(396)) - cb9b1e06-b28b-4c4f-b19c-04e0cd8d01c6@group-D14205178D57: start as a follower, conf=-1: peers:[cb9b1e06-b28b-4c4f-b19c-04e0cd8d01c6|10.1.0.5:15095]|listeners:[], old=null
2024-01-26 21:34:19,120 [0454455d-17b5-4798-9ce3-34e4ad079dd1@group-2F5DCFBA468F-FollowerState] INFO  server.RaftServerConfigKeys (ConfUtils.java:logFallback(53)) - raft.server.rpc.first-election.timeout.max = 5200ms (fallback to raft.server.rpc.timeout.max)
2024-01-26 21:34:19,117 [157befb9-fc2c-4b56-bfb2-e4c39e5a9271-groupManagement] INFO  server.RaftServer$Division (RaftServerImpl.java:start(396)) - 157befb9-fc2c-4b56-bfb2-e4c39e5a9271@group-77329B463A15: start as a follower, conf=-1: peers:[85a76c17-24cd-4caa-b4c9-2f056bfd6b3c|10.1.0.5:15077, 615e0ce5-d68a-4764-9dce-a037122bf2b4|10.1.0.5:15068, 157befb9-fc2c-4b56-bfb2-e4c39e5a9271|10.1.0.5:15086]|listeners:[], old=null
2024-01-26 21:34:19,120 [157befb9-fc2c-4b56-bfb2-e4c39e5a9271-groupManagement] INFO  server.RaftServer$Division (RaftServerImpl.java:setRole(383)) - 157befb9-fc2c-4b56-bfb2-e4c39e5a9271@group-77329B463A15: changes role from      null to FOLLOWER at term 0 for startAsFollower
2024-01-26 21:34:19,120 [157befb9-fc2c-4b56-bfb2-e4c39e5a9271-groupManagement] INFO  impl.RoleInfo (RoleInfo.java:updateAndGet(139)) - 157befb9-fc2c-4b56-bfb2-e4c39e5a9271: start 157befb9-fc2c-4b56-bfb2-e4c39e5a9271@group-77329B463A15-FollowerState
2024-01-26 21:34:19,116 [0454455d-17b5-4798-9ce3-34e4ad079dd1-groupManagement] INFO  util.JmxRegister (JmxRegister.java:tryRegister(44)) - Successfully registered JMX Bean with object name Ratis:service=RaftServer,group=group-2F5DCFBA468F,id=0454455d-17b5-4798-9ce3-34e4ad079dd1
2024-01-26 21:34:19,120 [cb9b1e06-b28b-4c4f-b19c-04e0cd8d01c6-groupManagement] INFO  server.RaftServer$Division (RaftServerImpl.java:setRole(383)) - cb9b1e06-b28b-4c4f-b19c-04e0cd8d01c6@group-D14205178D57: changes role from      null to FOLLOWER at term 0 for startAsFollower
2024-01-26 21:34:19,122 [615e0ce5-d68a-4764-9dce-a037122bf2b4-PipelineCommandHandlerThread-0] INFO  commandhandler.CreatePipelineCommandHandler (CreatePipelineCommandHandler.java:lambda$handle$2(124)) - Created Pipeline RATIS THREE PipelineID=2df29df1-f773-4859-906e-77329b463a15.
2024-01-26 21:34:19,122 [615e0ce5-d68a-4764-9dce-a037122bf2b4-PipelineCommandHandlerThread-0] INFO  server.RaftServer (RaftServerProxy.java:addNew(100)) - 615e0ce5-d68a-4764-9dce-a037122bf2b4: addNew group-0864517AFB61:[85a76c17-24cd-4caa-b4c9-2f056bfd6b3c|10.1.0.5:15077, 615e0ce5-d68a-4764-9dce-a037122bf2b4|10.1.0.5:15068, 157befb9-fc2c-4b56-bfb2-e4c39e5a9271|10.1.0.5:15086] returns group-0864517AFB61:java.util.concurrent.CompletableFuture@3a925cd0[Not completed]
2024-01-26 21:34:19,123 [615e0ce5-d68a-4764-9dce-a037122bf2b4-groupManagement] INFO  server.RaftServer$Division (RaftServerImpl.java:<init>(256)) - 615e0ce5-d68a-4764-9dce-a037122bf2b4: new RaftServerImpl for group-0864517AFB61:[85a76c17-24cd-4caa-b4c9-2f056bfd6b3c|10.1.0.5:15077, 615e0ce5-d68a-4764-9dce-a037122bf2b4|10.1.0.5:15068, 157befb9-fc2c-4b56-bfb2-e4c39e5a9271|10.1.0.5:15086] with ContainerStateMachine:uninitialized
2024-01-26 21:34:19,124 [615e0ce5-d68a-4764-9dce-a037122bf2b4-groupManagement] INFO  server.RaftServerConfigKeys (ConfUtils.java:logGet(46)) - raft.server.rpc.timeout.min = 5s (custom)
2024-01-26 21:34:19,124 [615e0ce5-d68a-4764-9dce-a037122bf2b4-groupManagement] INFO  server.RaftServerConfigKeys (ConfUtils.java:logGet(46)) - raft.server.rpc.timeout.max = 5200ms (custom)
2024-01-26 21:34:19,124 [615e0ce5-d68a-4764-9dce-a037122bf2b4-groupManagement] INFO  server.RaftServerConfigKeys (ConfUtils.java:logGet(46)) - raft.server.rpc.sleep.time = 25ms (default)
2024-01-26 21:34:19,124 [615e0ce5-d68a-4764-9dce-a037122bf2b4-groupManagement] INFO  server.RaftServerConfigKeys (ConfUtils.java:logGet(46)) - raft.server.rpc.slowness.timeout = 300s (custom)
2024-01-26 21:34:19,124 [615e0ce5-d68a-4764-9dce-a037122bf2b4-groupManagement] INFO  server.RaftServerConfigKeys (ConfUtils.java:logGet(46)) - raft.server.leaderelection.leader.step-down.wait-time = 10s (default)
2024-01-26 21:34:19,124 [615e0ce5-d68a-4764-9dce-a037122bf2b4-groupManagement] INFO  server.RaftServerConfigKeys (ConfUtils.java:logGet(46)) - raft.server.leaderelection.member.majority-add = false (default)
2024-01-26 21:34:19,124 [615e0ce5-d68a-4764-9dce-a037122bf2b4-groupManagement] INFO  server.RaftServerConfigKeys (ConfUtils.java:logGet(46)) - raft.server.sleep.deviation.threshold = 300ms (default)
2024-01-26 21:34:19,124 [615e0ce5-d68a-4764-9dce-a037122bf2b4-groupManagement] INFO  server.RaftServer$Division (ServerState.java:<init>(113)) - 615e0ce5-d68a-4764-9dce-a037122bf2b4@group-0864517AFB61: ConfigurationManager, init=-1: peers:[85a76c17-24cd-4caa-b4c9-2f056bfd6b3c|10.1.0.5:15077, 615e0ce5-d68a-4764-9dce-a037122bf2b4|10.1.0.5:15068, 157befb9-fc2c-4b56-bfb2-e4c39e5a9271|10.1.0.5:15086]|listeners:[], old=null, confs=<EMPTY_MAP>
2024-01-26 21:34:19,124 [615e0ce5-d68a-4764-9dce-a037122bf2b4-groupManagement] INFO  server.RaftServerConfigKeys (ConfUtils.java:logGet(46)) - raft.server.notification.no-leader.timeout = 300s (custom)
2024-01-26 21:34:19,124 [615e0ce5-d68a-4764-9dce-a037122bf2b4-groupManagement] INFO  server.RaftServerConfigKeys (ConfUtils.java:logGet(46)) - raft.server.read.timeout = 10s (default)
2024-01-26 21:34:19,124 [615e0ce5-d68a-4764-9dce-a037122bf2b4-groupManagement] INFO  server.RaftServerConfigKeys (ConfUtils.java:logGet(46)) - raft.server.retrycache.expirytime = 600000ms (custom)
2024-01-26 21:34:19,124 [615e0ce5-d68a-4764-9dce-a037122bf2b4-groupManagement] INFO  server.RaftServerConfigKeys (ConfUtils.java:logGet(46)) - raft.server.retrycache.statistics.expirytime = 100ms (default)
2024-01-26 21:34:19,124 [615e0ce5-d68a-4764-9dce-a037122bf2b4-groupManagement] INFO  server.RaftServerConfigKeys (ConfUtils.java:logGet(46)) - raft.server.read.option = DEFAULT (default)
2024-01-26 21:34:19,125 [615e0ce5-d68a-4764-9dce-a037122bf2b4-groupManagement] INFO  server.RaftServerConfigKeys (ConfUtils.java:logGet(46)) - raft.server.read.read-after-write-consistent.write-index-cache.expiry-time = 60s (default)
2024-01-26 21:34:19,121 [0454455d-17b5-4798-9ce3-34e4ad079dd1-groupManagement] INFO  server.RaftServerConfigKeys (ConfUtils.java:logGet(46)) - raft.server.snapshot.trigger-when-stop.enabled = true (default)
2024-01-26 21:34:19,127 [0454455d-17b5-4798-9ce3-34e4ad079dd1-groupManagement] INFO  server.RaftServerConfigKeys (ConfUtils.java:logGet(46)) - raft.server.snapshot.auto.trigger.enabled = true (custom)
2024-01-26 21:34:19,127 [0454455d-17b5-4798-9ce3-34e4ad079dd1-groupManagement] INFO  server.RaftServerConfigKeys (ConfUtils.java:logGet(46)) - raft.server.snapshot.auto.trigger.threshold = 10000 (custom)
2024-01-26 21:34:19,127 [0454455d-17b5-4798-9ce3-34e4ad079dd1-groupManagement] INFO  server.RaftServerConfigKeys (ConfUtils.java:logGet(46)) - raft.server.snapshot.retention.file.num = 5 (custom)
2024-01-26 21:34:19,127 [0454455d-17b5-4798-9ce3-34e4ad079dd1-groupManagement] INFO  server.RaftServerConfigKeys (ConfUtils.java:logGet(46)) - raft.server.log.purge.upto.snapshot.index = false (default)
2024-01-26 21:34:19,128 [157befb9-fc2c-4b56-bfb2-e4c39e5a9271-groupManagement] INFO  util.JmxRegister (JmxRegister.java:tryRegister(44)) - Successfully registered JMX Bean with object name Ratis:service=RaftServer,group=group-77329B463A15,id=157befb9-fc2c-4b56-bfb2-e4c39e5a9271
2024-01-26 21:34:19,128 [615e0ce5-d68a-4764-9dce-a037122bf2b4-groupManagement] INFO  server.RaftServerConfigKeys (ConfUtils.java:logGet(46)) - raft.server.rpc.request.timeout = 60s (custom)
2024-01-26 21:34:19,128 [157befb9-fc2c-4b56-bfb2-e4c39e5a9271-groupManagement] INFO  server.RaftServerConfigKeys (ConfUtils.java:logGet(46)) - raft.server.snapshot.trigger-when-stop.enabled = true (default)
2024-01-26 21:34:19,129 [157befb9-fc2c-4b56-bfb2-e4c39e5a9271-groupManagement] INFO  server.RaftServerConfigKeys (ConfUtils.java:logGet(46)) - raft.server.snapshot.auto.trigger.enabled = true (custom)
2024-01-26 21:34:19,129 [157befb9-fc2c-4b56-bfb2-e4c39e5a9271-groupManagement] INFO  server.RaftServerConfigKeys (ConfUtils.java:logGet(46)) - raft.server.snapshot.auto.trigger.threshold = 10000 (custom)
2024-01-26 21:34:19,129 [157befb9-fc2c-4b56-bfb2-e4c39e5a9271-groupManagement] INFO  server.RaftServerConfigKeys (ConfUtils.java:logGet(46)) - raft.server.snapshot.retention.file.num = 5 (custom)
2024-01-26 21:34:19,129 [157befb9-fc2c-4b56-bfb2-e4c39e5a9271-groupManagement] INFO  server.RaftServerConfigKeys (ConfUtils.java:logGet(46)) - raft.server.log.purge.upto.snapshot.index = false (default)
2024-01-26 21:34:19,129 [615e0ce5-d68a-4764-9dce-a037122bf2b4-groupManagement] INFO  server.RaftServerConfigKeys (ConfUtils.java:logGet(46)) - raft.server.log.appender.install.snapshot.enabled = false (custom)
2024-01-26 21:34:19,129 [615e0ce5-d68a-4764-9dce-a037122bf2b4-groupManagement] INFO  server.RaftServerConfigKeys (ConfUtils.java:logGet(46)) - raft.server.threadpool.server.cached = true (default)
2024-01-26 21:34:19,130 [615e0ce5-d68a-4764-9dce-a037122bf2b4-groupManagement] INFO  server.RaftServerConfigKeys (ConfUtils.java:logGet(46)) - raft.server.threadpool.server.size = 0 (default)
2024-01-26 21:34:19,130 [615e0ce5-d68a-4764-9dce-a037122bf2b4-groupManagement] INFO  server.RaftServerConfigKeys (ConfUtils.java:logGet(46)) - raft.server.threadpool.client.cached = true (default)
2024-01-26 21:34:19,130 [615e0ce5-d68a-4764-9dce-a037122bf2b4-groupManagement] INFO  server.RaftServerConfigKeys (ConfUtils.java:logGet(46)) - raft.server.threadpool.client.size = 0 (default)
2024-01-26 21:34:19,130 [615e0ce5-d68a-4764-9dce-a037122bf2b4-groupManagement] INFO  server.RaftServerConfigKeys (ConfUtils.java:logGet(46)) - raft.server.storage.free-space.min = 0MB (=0) (default)
2024-01-26 21:34:19,130 [615e0ce5-d68a-4764-9dce-a037122bf2b4-groupManagement] INFO  server.RaftServerConfigKeys (ConfUtils.java:logGet(46)) - raft.server.log.corruption.policy = EXCEPTION (default)
2024-01-26 21:34:19,130 [615e0ce5-d68a-4764-9dce-a037122bf2b4-groupManagement] INFO  server.RaftServerConfigKeys (ConfUtils.java:logGet(46)) - raft.server.storage.dir = [/home/runner/work/ozone/ozone/hadoop-ozone/integration-test/target/test-dir/MiniOzoneClusterImpl-1af845c4-9ad0-4304-ad21-7f4426eccdbd/datanode-6/data/ratis] (custom)
2024-01-26 21:34:19,130 [615e0ce5-d68a-4764-9dce-a037122bf2b4-groupManagement] INFO  storage.RaftStorageDirectory (RaftStorageDirectoryImpl.java:analyzeStorage(138)) - The storage directory /home/runner/work/ozone/ozone/hadoop-ozone/integration-test/target/test-dir/MiniOzoneClusterImpl-1af845c4-9ad0-4304-ad21-7f4426eccdbd/datanode-6/data/ratis/53d57d20-1cf2-4389-b3a7-0864517afb61 does not exist. Creating ...
2024-01-26 21:34:19,131 [615e0ce5-d68a-4764-9dce-a037122bf2b4-groupManagement] INFO  storage.RaftStorageDirectory (RaftStorageDirectoryImpl.java:tryLock(228)) - Lock on /home/runner/work/ozone/ozone/hadoop-ozone/integration-test/target/test-dir/MiniOzoneClusterImpl-1af845c4-9ad0-4304-ad21-7f4426eccdbd/datanode-6/data/ratis/53d57d20-1cf2-4389-b3a7-0864517afb61/in_use.lock acquired by nodename 39692@fv-az1566-86
2024-01-26 21:34:19,132 [157befb9-fc2c-4b56-bfb2-e4c39e5a9271@group-77329B463A15-FollowerState] INFO  server.RaftServerConfigKeys (ConfUtils.java:logFallback(53)) - raft.server.rpc.first-election.timeout.min = 5s (fallback to raft.server.rpc.timeout.min)
2024-01-26 21:34:19,132 [157befb9-fc2c-4b56-bfb2-e4c39e5a9271@group-77329B463A15-FollowerState] INFO  server.RaftServerConfigKeys (ConfUtils.java:logFallback(53)) - raft.server.rpc.first-election.timeout.max = 5200ms (fallback to raft.server.rpc.timeout.max)
2024-01-26 21:34:19,132 [615e0ce5-d68a-4764-9dce-a037122bf2b4-groupManagement] INFO  storage.RaftStorage (RaftStorageImpl.java:format(99)) - Storage directory /home/runner/work/ozone/ozone/hadoop-ozone/integration-test/target/test-dir/MiniOzoneClusterImpl-1af845c4-9ad0-4304-ad21-7f4426eccdbd/datanode-6/data/ratis/53d57d20-1cf2-4389-b3a7-0864517afb61 has been successfully formatted.
2024-01-26 21:34:19,133 [cb9b1e06-b28b-4c4f-b19c-04e0cd8d01c6-groupManagement] INFO  impl.RoleInfo (RoleInfo.java:updateAndGet(139)) - cb9b1e06-b28b-4c4f-b19c-04e0cd8d01c6: start cb9b1e06-b28b-4c4f-b19c-04e0cd8d01c6@group-D14205178D57-FollowerState
2024-01-26 21:34:19,133 [615e0ce5-d68a-4764-9dce-a037122bf2b4-groupManagement] WARN  util.FileUtils (LogUtils.java:supplyAndLog(63)) - Failed to Files.newInputStream /home/runner/work/ozone/ozone/hadoop-ozone/integration-test/target/test-dir/MiniOzoneClusterImpl-1af845c4-9ad0-4304-ad21-7f4426eccdbd/datanode-6/data/ratis/53d57d20-1cf2-4389-b3a7-0864517afb61/current/raft-meta.conf with options []: java.nio.file.NoSuchFileException: /home/runner/work/ozone/ozone/hadoop-ozone/integration-test/target/test-dir/MiniOzoneClusterImpl-1af845c4-9ad0-4304-ad21-7f4426eccdbd/datanode-6/data/ratis/53d57d20-1cf2-4389-b3a7-0864517afb61/current/raft-meta.conf
2024-01-26 21:34:19,135 [157befb9-fc2c-4b56-bfb2-e4c39e5a9271-PipelineCommandHandlerThread-0] INFO  ratis.XceiverServerRatis (XceiverServerRatis.java:addGroup(842)) - Created group PipelineID=2df29df1-f773-4859-906e-77329b463a15
2024-01-26 21:34:19,138 [0454455d-17b5-4798-9ce3-34e4ad079dd1-PipelineCommandHandlerThread-0] INFO  ratis.XceiverServerRatis (XceiverServerRatis.java:addGroup(842)) - Created group PipelineID=41554cde-5235-49e3-8096-2f5dcfba468f
2024-01-26 21:34:19,138 [0454455d-17b5-4798-9ce3-34e4ad079dd1-PipelineCommandHandlerThread-0] INFO  commandhandler.CreatePipelineCommandHandler (CreatePipelineCommandHandler.java:lambda$handle$2(124)) - Created Pipeline RATIS ONE PipelineID=41554cde-5235-49e3-8096-2f5dcfba468f.
2024-01-26 21:34:19,140 [615e0ce5-d68a-4764-9dce-a037122bf2b4-groupManagement] INFO  ratis.ContainerStateMachine (ContainerStateMachine.java:loadSnapshot(287)) - group-0864517AFB61: The snapshot info is null. Setting the last applied index to:(t:0, i:~)
2024-01-26 21:34:19,140 [615e0ce5-d68a-4764-9dce-a037122bf2b4-groupManagement] INFO  server.RaftServerConfigKeys (ConfUtils.java:logGet(46)) - raft.server.log.use.memory = false (default)
2024-01-26 21:34:19,140 [615e0ce5-d68a-4764-9dce-a037122bf2b4-groupManagement] INFO  server.RaftServerConfigKeys (ConfUtils.java:logGet(46)) - raft.server.log.purge.gap = 1000000 (custom)
2024-01-26 21:34:19,140 [615e0ce5-d68a-4764-9dce-a037122bf2b4-groupManagement] INFO  server.RaftServerConfigKeys (ConfUtils.java:logGet(46)) - raft.server.log.appender.buffer.byte-limit = 8388608 (custom)
2024-01-26 21:34:19,140 [615e0ce5-d68a-4764-9dce-a037122bf2b4-groupManagement] INFO  server.RaftServerConfigKeys (ConfUtils.java:logGet(46)) - raft.server.log.statemachine.data.read.timeout = 1000ms (default)
2024-01-26 21:34:19,141 [615e0ce5-d68a-4764-9dce-a037122bf2b4-groupManagement] INFO  server.RaftServerConfigKeys (ConfUtils.java:logGet(46)) - raft.server.log.purge.preservation.log.num = 0 (default)
2024-01-26 21:34:19,143 [615e0ce5-d68a-4764-9dce-a037122bf2b4-groupManagement] INFO  server.RaftServerConfigKeys (ConfUtils.java:logGet(46)) - raft.server.log.segment.size.max = 67108864 (custom)
2024-01-26 21:34:19,143 [615e0ce5-d68a-4764-9dce-a037122bf2b4-groupManagement] INFO  server.RaftServerConfigKeys (ConfUtils.java:logGet(46)) - raft.server.log.segment.cache.num.max = 2 (custom)
2024-01-26 21:34:19,143 [615e0ce5-d68a-4764-9dce-a037122bf2b4-groupManagement] INFO  server.RaftServerConfigKeys (ConfUtils.java:logGet(46)) - raft.server.log.segment.cache.size.max = 200MB (=209715200) (default)
2024-01-26 21:34:19,143 [615e0ce5-d68a-4764-9dce-a037122bf2b4-groupManagement] INFO  server.RaftServerConfigKeys (ConfUtils.java:logGet(46)) - raft.server.log.appender.buffer.byte-limit = 8388608 (custom)
2024-01-26 21:34:19,143 [cb9b1e06-b28b-4c4f-b19c-04e0cd8d01c6-groupManagement] INFO  util.JmxRegister (JmxRegister.java:tryRegister(44)) - Successfully registered JMX Bean with object name Ratis:service=RaftServer,group=group-D14205178D57,id=cb9b1e06-b28b-4c4f-b19c-04e0cd8d01c6
2024-01-26 21:34:19,144 [cb9b1e06-b28b-4c4f-b19c-04e0cd8d01c6-groupManagement] INFO  server.RaftServerConfigKeys (ConfUtils.java:logGet(46)) - raft.server.snapshot.trigger-when-stop.enabled = true (default)
2024-01-26 21:34:19,144 [cb9b1e06-b28b-4c4f-b19c-04e0cd8d01c6-groupManagement] INFO  server.RaftServerConfigKeys (ConfUtils.java:logGet(46)) - raft.server.snapshot.auto.trigger.enabled = true (custom)
2024-01-26 21:34:19,144 [cb9b1e06-b28b-4c4f-b19c-04e0cd8d01c6-groupManagement] INFO  server.RaftServerConfigKeys (ConfUtils.java:logGet(46)) - raft.server.snapshot.auto.trigger.threshold = 10000 (custom)
2024-01-26 21:34:19,144 [cb9b1e06-b28b-4c4f-b19c-04e0cd8d01c6-groupManagement] INFO  server.RaftServerConfigKeys (ConfUtils.java:logGet(46)) - raft.server.snapshot.retention.file.num = 5 (custom)
2024-01-26 21:34:19,144 [cb9b1e06-b28b-4c4f-b19c-04e0cd8d01c6-groupManagement] INFO  server.RaftServerConfigKeys (ConfUtils.java:logGet(46)) - raft.server.log.purge.upto.snapshot.index = false (default)
2024-01-26 21:34:19,145 [cb9b1e06-b28b-4c4f-b19c-04e0cd8d01c6@group-D14205178D57-FollowerState] INFO  server.RaftServerConfigKeys (ConfUtils.java:logFallback(53)) - raft.server.rpc.first-election.timeout.min = 5s (fallback to raft.server.rpc.timeout.min)
2024-01-26 21:34:19,145 [cb9b1e06-b28b-4c4f-b19c-04e0cd8d01c6@group-D14205178D57-FollowerState] INFO  server.RaftServerConfigKeys (ConfUtils.java:logFallback(53)) - raft.server.rpc.first-election.timeout.max = 5200ms (fallback to raft.server.rpc.timeout.max)
2024-01-26 21:34:19,148 [EventQueue-OpenPipelineForHealthyPipelineSafeModeRule] INFO  safemode.SCMSafeModeManager (HealthyPipelineSafeModeRule.java:process(140)) - SCM in safe mode. Healthy pipelines reported count is 0, required healthy pipeline reported count is 1
2024-01-26 21:34:19,153 [cb9b1e06-b28b-4c4f-b19c-04e0cd8d01c6-PipelineCommandHandlerThread-0] INFO  ratis.XceiverServerRatis (XceiverServerRatis.java:addGroup(842)) - Created group PipelineID=c7002a9d-6262-46cb-a2fc-d14205178d57
2024-01-26 21:34:19,153 [cb9b1e06-b28b-4c4f-b19c-04e0cd8d01c6-PipelineCommandHandlerThread-0] INFO  commandhandler.CreatePipelineCommandHandler (CreatePipelineCommandHandler.java:lambda$handle$2(124)) - Created Pipeline RATIS ONE PipelineID=c7002a9d-6262-46cb-a2fc-d14205178d57.
2024-01-26 21:34:19,153 [cb9b1e06-b28b-4c4f-b19c-04e0cd8d01c6-PipelineCommandHandlerThread-0] INFO  server.RaftServer (RaftServerProxy.java:addNew(100)) - cb9b1e06-b28b-4c4f-b19c-04e0cd8d01c6: addNew group-2F9F6A9E053B:[0454455d-17b5-4798-9ce3-34e4ad079dd1|10.1.0.5:15104, 8aa6f495-09ad-4a32-951c-60d46ecfa148|10.1.0.5:15113, cb9b1e06-b28b-4c4f-b19c-04e0cd8d01c6|10.1.0.5:15095] returns group-2F9F6A9E053B:java.util.concurrent.CompletableFuture@673642d2[Not completed]
2024-01-26 21:34:19,154 [cb9b1e06-b28b-4c4f-b19c-04e0cd8d01c6-groupManagement] INFO  server.RaftServer$Division (RaftServerImpl.java:<init>(256)) - cb9b1e06-b28b-4c4f-b19c-04e0cd8d01c6: new RaftServerImpl for group-2F9F6A9E053B:[0454455d-17b5-4798-9ce3-34e4ad079dd1|10.1.0.5:15104, 8aa6f495-09ad-4a32-951c-60d46ecfa148|10.1.0.5:15113, cb9b1e06-b28b-4c4f-b19c-04e0cd8d01c6|10.1.0.5:15095] with ContainerStateMachine:uninitialized
2024-01-26 21:34:19,154 [cb9b1e06-b28b-4c4f-b19c-04e0cd8d01c6-groupManagement] INFO  server.RaftServerConfigKeys (ConfUtils.java:logGet(46)) - raft.server.rpc.timeout.min = 5s (custom)
2024-01-26 21:34:19,154 [cb9b1e06-b28b-4c4f-b19c-04e0cd8d01c6-groupManagement] INFO  server.RaftServerConfigKeys (ConfUtils.java:logGet(46)) - raft.server.rpc.timeout.max = 5200ms (custom)
2024-01-26 21:34:19,154 [cb9b1e06-b28b-4c4f-b19c-04e0cd8d01c6-groupManagement] INFO  server.RaftServerConfigKeys (ConfUtils.java:logGet(46)) - raft.server.rpc.sleep.time = 25ms (default)
2024-01-26 21:34:19,154 [cb9b1e06-b28b-4c4f-b19c-04e0cd8d01c6-groupManagement] INFO  server.RaftServerConfigKeys (ConfUtils.java:logGet(46)) - raft.server.rpc.slowness.timeout = 300s (custom)
2024-01-26 21:34:19,154 [cb9b1e06-b28b-4c4f-b19c-04e0cd8d01c6-groupManagement] INFO  server.RaftServerConfigKeys (ConfUtils.java:logGet(46)) - raft.server.leaderelection.leader.step-down.wait-time = 10s (default)
2024-01-26 21:34:19,154 [cb9b1e06-b28b-4c4f-b19c-04e0cd8d01c6-groupManagement] INFO  server.RaftServerConfigKeys (ConfUtils.java:logGet(46)) - raft.server.leaderelection.member.majority-add = false (default)
2024-01-26 21:34:19,154 [cb9b1e06-b28b-4c4f-b19c-04e0cd8d01c6-groupManagement] INFO  server.RaftServerConfigKeys (ConfUtils.java:logGet(46)) - raft.server.sleep.deviation.threshold = 300ms (default)
2024-01-26 21:34:19,154 [cb9b1e06-b28b-4c4f-b19c-04e0cd8d01c6-groupManagement] INFO  server.RaftServer$Division (ServerState.java:<init>(113)) - cb9b1e06-b28b-4c4f-b19c-04e0cd8d01c6@group-2F9F6A9E053B: ConfigurationManager, init=-1: peers:[0454455d-17b5-4798-9ce3-34e4ad079dd1|10.1.0.5:15104, 8aa6f495-09ad-4a32-951c-60d46ecfa148|10.1.0.5:15113, cb9b1e06-b28b-4c4f-b19c-04e0cd8d01c6|10.1.0.5:15095]|listeners:[], old=null, confs=<EMPTY_MAP>
2024-01-26 21:34:19,154 [cb9b1e06-b28b-4c4f-b19c-04e0cd8d01c6-groupManagement] INFO  server.RaftServerConfigKeys (ConfUtils.java:logGet(46)) - raft.server.notification.no-leader.timeout = 300s (custom)
2024-01-26 21:34:19,154 [cb9b1e06-b28b-4c4f-b19c-04e0cd8d01c6-groupManagement] INFO  server.RaftServerConfigKeys (ConfUtils.java:logGet(46)) - raft.server.read.timeout = 10s (default)
2024-01-26 21:34:19,155 [cb9b1e06-b28b-4c4f-b19c-04e0cd8d01c6-groupManagement] INFO  server.RaftServerConfigKeys (ConfUtils.java:logGet(46)) - raft.server.retrycache.expirytime = 600000ms (custom)
2024-01-26 21:34:19,155 [cb9b1e06-b28b-4c4f-b19c-04e0cd8d01c6-groupManagement] INFO  server.RaftServerConfigKeys (ConfUtils.java:logGet(46)) - raft.server.retrycache.statistics.expirytime = 100ms (default)
2024-01-26 21:34:19,155 [cb9b1e06-b28b-4c4f-b19c-04e0cd8d01c6-groupManagement] INFO  server.RaftServerConfigKeys (ConfUtils.java:logGet(46)) - raft.server.read.option = DEFAULT (default)
2024-01-26 21:34:19,155 [cb9b1e06-b28b-4c4f-b19c-04e0cd8d01c6-groupManagement] INFO  server.RaftServerConfigKeys (ConfUtils.java:logGet(46)) - raft.server.read.read-after-write-consistent.write-index-cache.expiry-time = 60s (default)
2024-01-26 21:34:19,157 [cb9b1e06-b28b-4c4f-b19c-04e0cd8d01c6-groupManagement] INFO  server.RaftServerConfigKeys (ConfUtils.java:logGet(46)) - raft.server.rpc.request.timeout = 60s (custom)
2024-01-26 21:34:19,157 [cb9b1e06-b28b-4c4f-b19c-04e0cd8d01c6-groupManagement] INFO  server.RaftServerConfigKeys (ConfUtils.java:logGet(46)) - raft.server.log.appender.install.snapshot.enabled = false (custom)
2024-01-26 21:34:19,157 [cb9b1e06-b28b-4c4f-b19c-04e0cd8d01c6-groupManagement] INFO  server.RaftServerConfigKeys (ConfUtils.java:logGet(46)) - raft.server.threadpool.server.cached = true (default)
2024-01-26 21:34:19,157 [cb9b1e06-b28b-4c4f-b19c-04e0cd8d01c6-groupManagement] INFO  server.RaftServerConfigKeys (ConfUtils.java:logGet(46)) - raft.server.threadpool.server.size = 0 (default)
2024-01-26 21:34:19,157 [cb9b1e06-b28b-4c4f-b19c-04e0cd8d01c6-groupManagement] INFO  server.RaftServerConfigKeys (ConfUtils.java:logGet(46)) - raft.server.threadpool.client.cached = true (default)
2024-01-26 21:34:19,157 [cb9b1e06-b28b-4c4f-b19c-04e0cd8d01c6-groupManagement] INFO  server.RaftServerConfigKeys (ConfUtils.java:logGet(46)) - raft.server.threadpool.client.size = 0 (default)
2024-01-26 21:34:19,157 [cb9b1e06-b28b-4c4f-b19c-04e0cd8d01c6-groupManagement] INFO  server.RaftServerConfigKeys (ConfUtils.java:logGet(46)) - raft.server.storage.free-space.min = 0MB (=0) (default)
2024-01-26 21:34:19,157 [615e0ce5-d68a-4764-9dce-a037122bf2b4-groupManagement] INFO  util.AwaitToRun (AwaitToRun.java:start(81)) - Thread[615e0ce5-d68a-4764-9dce-a037122bf2b4@group-0864517AFB61-cacheEviction-AwaitToRun,5,main] started
2024-01-26 21:34:19,157 [cb9b1e06-b28b-4c4f-b19c-04e0cd8d01c6-groupManagement] INFO  server.RaftServerConfigKeys (ConfUtils.java:logGet(46)) - raft.server.log.corruption.policy = EXCEPTION (default)
2024-01-26 21:34:19,160 [0454455d-17b5-4798-9ce3-34e4ad079dd1-PipelineCommandHandlerThread-0] INFO  server.RaftServer (RaftServerProxy.java:addNew(100)) - 0454455d-17b5-4798-9ce3-34e4ad079dd1: addNew group-2F9F6A9E053B:[0454455d-17b5-4798-9ce3-34e4ad079dd1|10.1.0.5:15104, 8aa6f495-09ad-4a32-951c-60d46ecfa148|10.1.0.5:15113, cb9b1e06-b28b-4c4f-b19c-04e0cd8d01c6|10.1.0.5:15095] returns group-2F9F6A9E053B:java.util.concurrent.CompletableFuture@3608f1ce[Not completed]
2024-01-26 21:34:19,161 [cb9b1e06-b28b-4c4f-b19c-04e0cd8d01c6-groupManagement] INFO  server.RaftServerConfigKeys (ConfUtils.java:logGet(46)) - raft.server.storage.dir = [/home/runner/work/ozone/ozone/hadoop-ozone/integration-test/target/test-dir/MiniOzoneClusterImpl-1af845c4-9ad0-4304-ad21-7f4426eccdbd/datanode-9/data/ratis] (custom)
2024-01-26 21:34:19,158 [615e0ce5-d68a-4764-9dce-a037122bf2b4-groupManagement] INFO  segmented.SegmentedRaftLogWorker (SegmentedRaftLogWorker.java:<init>(182)) - new 615e0ce5-d68a-4764-9dce-a037122bf2b4@group-0864517AFB61-SegmentedRaftLogWorker for RaftStorageImpl:Storage Directory /home/runner/work/ozone/ozone/hadoop-ozone/integration-test/target/test-dir/MiniOzoneClusterImpl-1af845c4-9ad0-4304-ad21-7f4426eccdbd/datanode-6/data/ratis/53d57d20-1cf2-4389-b3a7-0864517afb61
2024-01-26 21:34:19,161 [615e0ce5-d68a-4764-9dce-a037122bf2b4-groupManagement] INFO  server.RaftServerConfigKeys (ConfUtils.java:logGet(46)) - raft.server.log.queue.byte-limit = 4294967296 (custom)
2024-01-26 21:34:19,161 [615e0ce5-d68a-4764-9dce-a037122bf2b4-groupManagement] INFO  server.RaftServerConfigKeys (ConfUtils.java:logGet(46)) - raft.server.log.queue.element-limit = 1024 (custom)
2024-01-26 21:34:19,161 [615e0ce5-d68a-4764-9dce-a037122bf2b4-groupManagement] INFO  server.RaftServerConfigKeys (ConfUtils.java:logGet(46)) - raft.server.log.segment.size.max = 67108864 (custom)
2024-01-26 21:34:19,161 [615e0ce5-d68a-4764-9dce-a037122bf2b4-groupManagement] INFO  server.RaftServerConfigKeys (ConfUtils.java:logGet(46)) - raft.server.log.preallocated.size = 4194304 (custom)
2024-01-26 21:34:19,161 [615e0ce5-d68a-4764-9dce-a037122bf2b4-groupManagement] INFO  server.RaftServerConfigKeys (ConfUtils.java:logGet(46)) - raft.server.log.force.sync.num = 128 (default)
2024-01-26 21:34:19,162 [615e0ce5-d68a-4764-9dce-a037122bf2b4-groupManagement] INFO  server.RaftServerConfigKeys (ConfUtils.java:logGet(46)) - raft.server.log.statemachine.data.sync = true (default)
2024-01-26 21:34:19,162 [615e0ce5-d68a-4764-9dce-a037122bf2b4-groupManagement] INFO  server.RaftServerConfigKeys (ConfUtils.java:logGet(46)) - raft.server.log.statemachine.data.sync.timeout = 10s (default)
2024-01-26 21:34:19,162 [615e0ce5-d68a-4764-9dce-a037122bf2b4-groupManagement] INFO  server.RaftServerConfigKeys (ConfUtils.java:logGet(46)) - raft.server.log.statemachine.data.sync.timeout.retry = 0 (custom)
2024-01-26 21:34:19,162 [615e0ce5-d68a-4764-9dce-a037122bf2b4-groupManagement] INFO  server.RaftServerConfigKeys (ConfUtils.java:logGet(46)) - raft.server.log.write.buffer.size = 8388616 (custom)
2024-01-26 21:34:19,163 [cb9b1e06-b28b-4c4f-b19c-04e0cd8d01c6-groupManagement] INFO  storage.RaftStorageDirectory (RaftStorageDirectoryImpl.java:analyzeStorage(138)) - The storage directory /home/runner/work/ozone/ozone/hadoop-ozone/integration-test/target/test-dir/MiniOzoneClusterImpl-1af845c4-9ad0-4304-ad21-7f4426eccdbd/datanode-9/data/ratis/4aca9b40-dc49-428a-91da-2f9f6a9e053b does not exist. Creating ...
2024-01-26 21:34:19,164 [615e0ce5-d68a-4764-9dce-a037122bf2b4-groupManagement] INFO  server.RaftServerConfigKeys (ConfUtils.java:logGet(46)) - raft.server.log.appender.buffer.byte-limit = 8388608 (custom)
2024-01-26 21:34:19,164 [615e0ce5-d68a-4764-9dce-a037122bf2b4-groupManagement] INFO  server.RaftServerConfigKeys (ConfUtils.java:logGet(46)) - raft.server.log.unsafe-flush.enabled = false (default)
2024-01-26 21:34:19,164 [615e0ce5-d68a-4764-9dce-a037122bf2b4-groupManagement] INFO  server.RaftServerConfigKeys (ConfUtils.java:logGet(46)) - raft.server.log.async-flush.enabled = false (default)
2024-01-26 21:34:19,164 [615e0ce5-d68a-4764-9dce-a037122bf2b4-groupManagement] INFO  server.RaftServerConfigKeys (ConfUtils.java:logGet(46)) - raft.server.log.statemachine.data.caching.enabled = true (custom)
2024-01-26 21:34:19,165 [615e0ce5-d68a-4764-9dce-a037122bf2b4-groupManagement] INFO  segmented.SegmentedRaftLogWorker (SegmentedRaftLogWorker.java:lambda$new$0(134)) - 615e0ce5-d68a-4764-9dce-a037122bf2b4@group-0864517AFB61-SegmentedRaftLogWorker: flushIndex: setUnconditionally 0 -> -1
2024-01-26 21:34:19,165 [615e0ce5-d68a-4764-9dce-a037122bf2b4-groupManagement] INFO  segmented.SegmentedRaftLogWorker (SegmentedRaftLogWorker.java:lambda$new$0(134)) - 615e0ce5-d68a-4764-9dce-a037122bf2b4@group-0864517AFB61-SegmentedRaftLogWorker: safeCacheEvictIndex: setUnconditionally 0 -> -1
2024-01-26 21:34:19,161 [0454455d-17b5-4798-9ce3-34e4ad079dd1-groupManagement] INFO  server.RaftServer$Division (RaftServerImpl.java:<init>(256)) - 0454455d-17b5-4798-9ce3-34e4ad079dd1: new RaftServerImpl for group-2F9F6A9E053B:[0454455d-17b5-4798-9ce3-34e4ad079dd1|10.1.0.5:15104, 8aa6f495-09ad-4a32-951c-60d46ecfa148|10.1.0.5:15113, cb9b1e06-b28b-4c4f-b19c-04e0cd8d01c6|10.1.0.5:15095] with ContainerStateMachine:uninitialized
2024-01-26 21:34:19,165 [0454455d-17b5-4798-9ce3-34e4ad079dd1-groupManagement] INFO  server.RaftServerConfigKeys (ConfUtils.java:logGet(46)) - raft.server.rpc.timeout.min = 5s (custom)
2024-01-26 21:34:19,164 [cb9b1e06-b28b-4c4f-b19c-04e0cd8d01c6-groupManagement] INFO  storage.RaftStorageDirectory (RaftStorageDirectoryImpl.java:tryLock(228)) - Lock on /home/runner/work/ozone/ozone/hadoop-ozone/integration-test/target/test-dir/MiniOzoneClusterImpl-1af845c4-9ad0-4304-ad21-7f4426eccdbd/datanode-9/data/ratis/4aca9b40-dc49-428a-91da-2f9f6a9e053b/in_use.lock acquired by nodename 39692@fv-az1566-86
2024-01-26 21:34:19,165 [0454455d-17b5-4798-9ce3-34e4ad079dd1-groupManagement] INFO  server.RaftServerConfigKeys (ConfUtils.java:logGet(46)) - raft.server.rpc.timeout.max = 5200ms (custom)
2024-01-26 21:34:19,165 [0454455d-17b5-4798-9ce3-34e4ad079dd1-groupManagement] INFO  server.RaftServerConfigKeys (ConfUtils.java:logGet(46)) - raft.server.rpc.sleep.time = 25ms (default)
2024-01-26 21:34:19,166 [0454455d-17b5-4798-9ce3-34e4ad079dd1-groupManagement] INFO  server.RaftServerConfigKeys (ConfUtils.java:logGet(46)) - raft.server.rpc.slowness.timeout = 300s (custom)
2024-01-26 21:34:19,166 [0454455d-17b5-4798-9ce3-34e4ad079dd1-groupManagement] INFO  server.RaftServerConfigKeys (ConfUtils.java:logGet(46)) - raft.server.leaderelection.leader.step-down.wait-time = 10s (default)
2024-01-26 21:34:19,166 [0454455d-17b5-4798-9ce3-34e4ad079dd1-groupManagement] INFO  server.RaftServerConfigKeys (ConfUtils.java:logGet(46)) - raft.server.leaderelection.member.majority-add = false (default)
2024-01-26 21:34:19,166 [0454455d-17b5-4798-9ce3-34e4ad079dd1-groupManagement] INFO  server.RaftServerConfigKeys (ConfUtils.java:logGet(46)) - raft.server.sleep.deviation.threshold = 300ms (default)
2024-01-26 21:34:19,166 [0454455d-17b5-4798-9ce3-34e4ad079dd1-groupManagement] INFO  server.RaftServer$Division (ServerState.java:<init>(113)) - 0454455d-17b5-4798-9ce3-34e4ad079dd1@group-2F9F6A9E053B: ConfigurationManager, init=-1: peers:[0454455d-17b5-4798-9ce3-34e4ad079dd1|10.1.0.5:15104, 8aa6f495-09ad-4a32-951c-60d46ecfa148|10.1.0.5:15113, cb9b1e06-b28b-4c4f-b19c-04e0cd8d01c6|10.1.0.5:15095]|listeners:[], old=null, confs=<EMPTY_MAP>
2024-01-26 21:34:19,166 [0454455d-17b5-4798-9ce3-34e4ad079dd1-groupManagement] INFO  server.RaftServerConfigKeys (ConfUtils.java:logGet(46)) - raft.server.notification.no-leader.timeout = 300s (custom)
2024-01-26 21:34:19,166 [0454455d-17b5-4798-9ce3-34e4ad079dd1-groupManagement] INFO  server.RaftServerConfigKeys (ConfUtils.java:logGet(46)) - raft.server.read.timeout = 10s (default)
2024-01-26 21:34:19,166 [0454455d-17b5-4798-9ce3-34e4ad079dd1-groupManagement] INFO  server.RaftServerConfigKeys (ConfUtils.java:logGet(46)) - raft.server.retrycache.expirytime = 600000ms (custom)
2024-01-26 21:34:19,166 [0454455d-17b5-4798-9ce3-34e4ad079dd1-groupManagement] INFO  server.RaftServerConfigKeys (ConfUtils.java:logGet(46)) - raft.server.retrycache.statistics.expirytime = 100ms (default)
2024-01-26 21:34:19,166 [0454455d-17b5-4798-9ce3-34e4ad079dd1-groupManagement] INFO  server.RaftServerConfigKeys (ConfUtils.java:logGet(46)) - raft.server.read.option = DEFAULT (default)
2024-01-26 21:34:19,166 [0454455d-17b5-4798-9ce3-34e4ad079dd1-groupManagement] INFO  server.RaftServerConfigKeys (ConfUtils.java:logGet(46)) - raft.server.read.read-after-write-consistent.write-index-cache.expiry-time = 60s (default)
2024-01-26 21:34:19,172 [615e0ce5-d68a-4764-9dce-a037122bf2b4-groupManagement] INFO  server.RaftServer$Division (RaftServerImpl.java:start(396)) - 615e0ce5-d68a-4764-9dce-a037122bf2b4@group-0864517AFB61: start as a follower, conf=-1: peers:[85a76c17-24cd-4caa-b4c9-2f056bfd6b3c|10.1.0.5:15077, 615e0ce5-d68a-4764-9dce-a037122bf2b4|10.1.0.5:15068, 157befb9-fc2c-4b56-bfb2-e4c39e5a9271|10.1.0.5:15086]|listeners:[], old=null
2024-01-26 21:34:19,172 [615e0ce5-d68a-4764-9dce-a037122bf2b4-groupManagement] INFO  server.RaftServer$Division (RaftServerImpl.java:setRole(383)) - 615e0ce5-d68a-4764-9dce-a037122bf2b4@group-0864517AFB61: changes role from      null to FOLLOWER at term 0 for startAsFollower
2024-01-26 21:34:19,172 [615e0ce5-d68a-4764-9dce-a037122bf2b4-groupManagement] INFO  impl.RoleInfo (RoleInfo.java:updateAndGet(139)) - 615e0ce5-d68a-4764-9dce-a037122bf2b4: start 615e0ce5-d68a-4764-9dce-a037122bf2b4@group-0864517AFB61-FollowerState
2024-01-26 21:34:19,172 [0454455d-17b5-4798-9ce3-34e4ad079dd1-groupManagement] INFO  server.RaftServerConfigKeys (ConfUtils.java:logGet(46)) - raft.server.rpc.request.timeout = 60s (custom)
2024-01-26 21:34:19,173 [0454455d-17b5-4798-9ce3-34e4ad079dd1-groupManagement] INFO  server.RaftServerConfigKeys (ConfUtils.java:logGet(46)) - raft.server.log.appender.install.snapshot.enabled = false (custom)
2024-01-26 21:34:19,173 [0454455d-17b5-4798-9ce3-34e4ad079dd1-groupManagement] INFO  server.RaftServerConfigKeys (ConfUtils.java:logGet(46)) - raft.server.threadpool.server.cached = true (default)
2024-01-26 21:34:19,173 [0454455d-17b5-4798-9ce3-34e4ad079dd1-groupManagement] INFO  server.RaftServerConfigKeys (ConfUtils.java:logGet(46)) - raft.server.threadpool.server.size = 0 (default)
2024-01-26 21:34:19,173 [0454455d-17b5-4798-9ce3-34e4ad079dd1-groupManagement] INFO  server.RaftServerConfigKeys (ConfUtils.java:logGet(46)) - raft.server.threadpool.client.cached = true (default)
2024-01-26 21:34:19,173 [0454455d-17b5-4798-9ce3-34e4ad079dd1-groupManagement] INFO  server.RaftServerConfigKeys (ConfUtils.java:logGet(46)) - raft.server.threadpool.client.size = 0 (default)
2024-01-26 21:34:19,174 [0454455d-17b5-4798-9ce3-34e4ad079dd1-groupManagement] INFO  server.RaftServerConfigKeys (ConfUtils.java:logGet(46)) - raft.server.storage.free-space.min = 0MB (=0) (default)
2024-01-26 21:34:19,174 [0454455d-17b5-4798-9ce3-34e4ad079dd1-groupManagement] INFO  server.RaftServerConfigKeys (ConfUtils.java:logGet(46)) - raft.server.log.corruption.policy = EXCEPTION (default)
2024-01-26 21:34:19,174 [0454455d-17b5-4798-9ce3-34e4ad079dd1-groupManagement] INFO  server.RaftServerConfigKeys (ConfUtils.java:logGet(46)) - raft.server.storage.dir = [/home/runner/work/ozone/ozone/hadoop-ozone/integration-test/target/test-dir/MiniOzoneClusterImpl-1af845c4-9ad0-4304-ad21-7f4426eccdbd/datanode-10/data/ratis] (custom)
2024-01-26 21:34:19,175 [0454455d-17b5-4798-9ce3-34e4ad079dd1-groupManagement] INFO  storage.RaftStorageDirectory (RaftStorageDirectoryImpl.java:analyzeStorage(138)) - The storage directory /home/runner/work/ozone/ozone/hadoop-ozone/integration-test/target/test-dir/MiniOzoneClusterImpl-1af845c4-9ad0-4304-ad21-7f4426eccdbd/datanode-10/data/ratis/4aca9b40-dc49-428a-91da-2f9f6a9e053b does not exist. Creating ...
2024-01-26 21:34:19,174 [cb9b1e06-b28b-4c4f-b19c-04e0cd8d01c6-groupManagement] INFO  storage.RaftStorage (RaftStorageImpl.java:format(99)) - Storage directory /home/runner/work/ozone/ozone/hadoop-ozone/integration-test/target/test-dir/MiniOzoneClusterImpl-1af845c4-9ad0-4304-ad21-7f4426eccdbd/datanode-9/data/ratis/4aca9b40-dc49-428a-91da-2f9f6a9e053b has been successfully formatted.
2024-01-26 21:34:19,175 [cb9b1e06-b28b-4c4f-b19c-04e0cd8d01c6-groupManagement] WARN  util.FileUtils (LogUtils.java:supplyAndLog(63)) - Failed to Files.newInputStream /home/runner/work/ozone/ozone/hadoop-ozone/integration-test/target/test-dir/MiniOzoneClusterImpl-1af845c4-9ad0-4304-ad21-7f4426eccdbd/datanode-9/data/ratis/4aca9b40-dc49-428a-91da-2f9f6a9e053b/current/raft-meta.conf with options []: java.nio.file.NoSuchFileException: /home/runner/work/ozone/ozone/hadoop-ozone/integration-test/target/test-dir/MiniOzoneClusterImpl-1af845c4-9ad0-4304-ad21-7f4426eccdbd/datanode-9/data/ratis/4aca9b40-dc49-428a-91da-2f9f6a9e053b/current/raft-meta.conf
2024-01-26 21:34:19,176 [0454455d-17b5-4798-9ce3-34e4ad079dd1-groupManagement] INFO  storage.RaftStorageDirectory (RaftStorageDirectoryImpl.java:tryLock(228)) - Lock on /home/runner/work/ozone/ozone/hadoop-ozone/integration-test/target/test-dir/MiniOzoneClusterImpl-1af845c4-9ad0-4304-ad21-7f4426eccdbd/datanode-10/data/ratis/4aca9b40-dc49-428a-91da-2f9f6a9e053b/in_use.lock acquired by nodename 39692@fv-az1566-86
2024-01-26 21:34:19,177 [615e0ce5-d68a-4764-9dce-a037122bf2b4-groupManagement] INFO  util.JmxRegister (JmxRegister.java:tryRegister(44)) - Successfully registered JMX Bean with object name Ratis:service=RaftServer,group=group-0864517AFB61,id=615e0ce5-d68a-4764-9dce-a037122bf2b4
2024-01-26 21:34:19,177 [615e0ce5-d68a-4764-9dce-a037122bf2b4@group-0864517AFB61-FollowerState] INFO  server.RaftServerConfigKeys (ConfUtils.java:logFallback(53)) - raft.server.rpc.first-election.timeout.min = 5s (fallback to raft.server.rpc.timeout.min)
2024-01-26 21:34:19,179 [8aa6f495-09ad-4a32-951c-60d46ecfa148-PipelineCommandHandlerThread-0] INFO  server.RaftServer (RaftServerProxy.java:addNew(100)) - 8aa6f495-09ad-4a32-951c-60d46ecfa148: addNew group-8184AC0C82EE:[8aa6f495-09ad-4a32-951c-60d46ecfa148|10.1.0.5:15113] returns group-8184AC0C82EE:java.util.concurrent.CompletableFuture@5b11dfe4[Not completed]
2024-01-26 21:34:19,179 [615e0ce5-d68a-4764-9dce-a037122bf2b4@group-0864517AFB61-FollowerState] INFO  server.RaftServerConfigKeys (ConfUtils.java:logFallback(53)) - raft.server.rpc.first-election.timeout.max = 5200ms (fallback to raft.server.rpc.timeout.max)
2024-01-26 21:34:19,180 [8aa6f495-09ad-4a32-951c-60d46ecfa148-groupManagement] INFO  server.RaftServer$Division (RaftServerImpl.java:<init>(256)) - 8aa6f495-09ad-4a32-951c-60d46ecfa148: new RaftServerImpl for group-8184AC0C82EE:[8aa6f495-09ad-4a32-951c-60d46ecfa148|10.1.0.5:15113] with ContainerStateMachine:uninitialized
2024-01-26 21:34:19,180 [8aa6f495-09ad-4a32-951c-60d46ecfa148-groupManagement] INFO  server.RaftServerConfigKeys (ConfUtils.java:logGet(46)) - raft.server.rpc.timeout.min = 5s (custom)
2024-01-26 21:34:19,177 [615e0ce5-d68a-4764-9dce-a037122bf2b4-groupManagement] INFO  server.RaftServerConfigKeys (ConfUtils.java:logGet(46)) - raft.server.snapshot.trigger-when-stop.enabled = true (default)
2024-01-26 21:34:19,180 [615e0ce5-d68a-4764-9dce-a037122bf2b4-groupManagement] INFO  server.RaftServerConfigKeys (ConfUtils.java:logGet(46)) - raft.server.snapshot.auto.trigger.enabled = true (custom)
2024-01-26 21:34:19,180 [615e0ce5-d68a-4764-9dce-a037122bf2b4-groupManagement] INFO  server.RaftServerConfigKeys (ConfUtils.java:logGet(46)) - raft.server.snapshot.auto.trigger.threshold = 10000 (custom)
2024-01-26 21:34:19,180 [615e0ce5-d68a-4764-9dce-a037122bf2b4-groupManagement] INFO  server.RaftServerConfigKeys (ConfUtils.java:logGet(46)) - raft.server.snapshot.retention.file.num = 5 (custom)
2024-01-26 21:34:19,180 [615e0ce5-d68a-4764-9dce-a037122bf2b4-groupManagement] INFO  server.RaftServerConfigKeys (ConfUtils.java:logGet(46)) - raft.server.log.purge.upto.snapshot.index = false (default)
2024-01-26 21:34:19,181 [8aa6f495-09ad-4a32-951c-60d46ecfa148-groupManagement] INFO  server.RaftServerConfigKeys (ConfUtils.java:logGet(46)) - raft.server.rpc.timeout.max = 5200ms (custom)
2024-01-26 21:34:19,181 [8aa6f495-09ad-4a32-951c-60d46ecfa148-groupManagement] INFO  server.RaftServerConfigKeys (ConfUtils.java:logGet(46)) - raft.server.rpc.sleep.time = 25ms (default)
2024-01-26 21:34:19,181 [8aa6f495-09ad-4a32-951c-60d46ecfa148-groupManagement] INFO  server.RaftServerConfigKeys (ConfUtils.java:logGet(46)) - raft.server.rpc.slowness.timeout = 300s (custom)
2024-01-26 21:34:19,181 [8aa6f495-09ad-4a32-951c-60d46ecfa148-groupManagement] INFO  server.RaftServerConfigKeys (ConfUtils.java:logGet(46)) - raft.server.leaderelection.leader.step-down.wait-time = 10s (default)
2024-01-26 21:34:19,181 [8aa6f495-09ad-4a32-951c-60d46ecfa148-groupManagement] INFO  server.RaftServerConfigKeys (ConfUtils.java:logGet(46)) - raft.server.leaderelection.member.majority-add = false (default)
2024-01-26 21:34:19,181 [8aa6f495-09ad-4a32-951c-60d46ecfa148-groupManagement] INFO  server.RaftServerConfigKeys (ConfUtils.java:logGet(46)) - raft.server.sleep.deviation.threshold = 300ms (default)
2024-01-26 21:34:19,182 [8aa6f495-09ad-4a32-951c-60d46ecfa148-groupManagement] INFO  server.RaftServer$Division (ServerState.java:<init>(113)) - 8aa6f495-09ad-4a32-951c-60d46ecfa148@group-8184AC0C82EE: ConfigurationManager, init=-1: peers:[8aa6f495-09ad-4a32-951c-60d46ecfa148|10.1.0.5:15113]|listeners:[], old=null, confs=<EMPTY_MAP>
2024-01-26 21:34:19,182 [8aa6f495-09ad-4a32-951c-60d46ecfa148-groupManagement] INFO  server.RaftServerConfigKeys (ConfUtils.java:logGet(46)) - raft.server.notification.no-leader.timeout = 300s (custom)
2024-01-26 21:34:19,182 [8aa6f495-09ad-4a32-951c-60d46ecfa148-groupManagement] INFO  server.RaftServerConfigKeys (ConfUtils.java:logGet(46)) - raft.server.read.timeout = 10s (default)
2024-01-26 21:34:19,182 [8aa6f495-09ad-4a32-951c-60d46ecfa148-groupManagement] INFO  server.RaftServerConfigKeys (ConfUtils.java:logGet(46)) - raft.server.retrycache.expirytime = 600000ms (custom)
2024-01-26 21:34:19,182 [8aa6f495-09ad-4a32-951c-60d46ecfa148-groupManagement] INFO  server.RaftServerConfigKeys (ConfUtils.java:logGet(46)) - raft.server.retrycache.statistics.expirytime = 100ms (default)
2024-01-26 21:34:19,182 [8aa6f495-09ad-4a32-951c-60d46ecfa148-groupManagement] INFO  server.RaftServerConfigKeys (ConfUtils.java:logGet(46)) - raft.server.read.option = DEFAULT (default)
2024-01-26 21:34:19,182 [8aa6f495-09ad-4a32-951c-60d46ecfa148-groupManagement] INFO  server.RaftServerConfigKeys (ConfUtils.java:logGet(46)) - raft.server.read.read-after-write-consistent.write-index-cache.expiry-time = 60s (default)
2024-01-26 21:34:19,183 [615e0ce5-d68a-4764-9dce-a037122bf2b4-PipelineCommandHandlerThread-0] INFO  ratis.XceiverServerRatis (XceiverServerRatis.java:addGroup(842)) - Created group PipelineID=53d57d20-1cf2-4389-b3a7-0864517afb61
2024-01-26 21:34:19,185 [8aa6f495-09ad-4a32-951c-60d46ecfa148-groupManagement] INFO  server.RaftServerConfigKeys (ConfUtils.java:logGet(46)) - raft.server.rpc.request.timeout = 60s (custom)
2024-01-26 21:34:19,186 [8aa6f495-09ad-4a32-951c-60d46ecfa148-groupManagement] INFO  server.RaftServerConfigKeys (ConfUtils.java:logGet(46)) - raft.server.log.appender.install.snapshot.enabled = false (custom)
2024-01-26 21:34:19,186 [8aa6f495-09ad-4a32-951c-60d46ecfa148-groupManagement] INFO  server.RaftServerConfigKeys (ConfUtils.java:logGet(46)) - raft.server.threadpool.server.cached = true (default)
2024-01-26 21:34:19,186 [8aa6f495-09ad-4a32-951c-60d46ecfa148-groupManagement] INFO  server.RaftServerConfigKeys (ConfUtils.java:logGet(46)) - raft.server.threadpool.server.size = 0 (default)
2024-01-26 21:34:19,186 [8aa6f495-09ad-4a32-951c-60d46ecfa148-groupManagement] INFO  server.RaftServerConfigKeys (ConfUtils.java:logGet(46)) - raft.server.threadpool.client.cached = true (default)
2024-01-26 21:34:19,186 [8aa6f495-09ad-4a32-951c-60d46ecfa148-groupManagement] INFO  server.RaftServerConfigKeys (ConfUtils.java:logGet(46)) - raft.server.threadpool.client.size = 0 (default)
2024-01-26 21:34:19,186 [8aa6f495-09ad-4a32-951c-60d46ecfa148-groupManagement] INFO  server.RaftServerConfigKeys (ConfUtils.java:logGet(46)) - raft.server.storage.free-space.min = 0MB (=0) (default)
2024-01-26 21:34:19,186 [8aa6f495-09ad-4a32-951c-60d46ecfa148-groupManagement] INFO  server.RaftServerConfigKeys (ConfUtils.java:logGet(46)) - raft.server.log.corruption.policy = EXCEPTION (default)
2024-01-26 21:34:19,186 [8aa6f495-09ad-4a32-951c-60d46ecfa148-groupManagement] INFO  server.RaftServerConfigKeys (ConfUtils.java:logGet(46)) - raft.server.storage.dir = [/home/runner/work/ozone/ozone/hadoop-ozone/integration-test/target/test-dir/MiniOzoneClusterImpl-1af845c4-9ad0-4304-ad21-7f4426eccdbd/datanode-11/data/ratis] (custom)
2024-01-26 21:34:19,186 [8aa6f495-09ad-4a32-951c-60d46ecfa148-groupManagement] INFO  storage.RaftStorageDirectory (RaftStorageDirectoryImpl.java:analyzeStorage(138)) - The storage directory /home/runner/work/ozone/ozone/hadoop-ozone/integration-test/target/test-dir/MiniOzoneClusterImpl-1af845c4-9ad0-4304-ad21-7f4426eccdbd/datanode-11/data/ratis/dd7b59b7-c8be-4835-b234-8184ac0c82ee does not exist. Creating ...
2024-01-26 21:34:19,186 [0454455d-17b5-4798-9ce3-34e4ad079dd1-groupManagement] INFO  storage.RaftStorage (RaftStorageImpl.java:format(99)) - Storage directory /home/runner/work/ozone/ozone/hadoop-ozone/integration-test/target/test-dir/MiniOzoneClusterImpl-1af845c4-9ad0-4304-ad21-7f4426eccdbd/datanode-10/data/ratis/4aca9b40-dc49-428a-91da-2f9f6a9e053b has been successfully formatted.
2024-01-26 21:34:19,192 [0454455d-17b5-4798-9ce3-34e4ad079dd1-groupManagement] WARN  util.FileUtils (LogUtils.java:supplyAndLog(63)) - Failed to Files.newInputStream /home/runner/work/ozone/ozone/hadoop-ozone/integration-test/target/test-dir/MiniOzoneClusterImpl-1af845c4-9ad0-4304-ad21-7f4426eccdbd/datanode-10/data/ratis/4aca9b40-dc49-428a-91da-2f9f6a9e053b/current/raft-meta.conf with options []: java.nio.file.NoSuchFileException: /home/runner/work/ozone/ozone/hadoop-ozone/integration-test/target/test-dir/MiniOzoneClusterImpl-1af845c4-9ad0-4304-ad21-7f4426eccdbd/datanode-10/data/ratis/4aca9b40-dc49-428a-91da-2f9f6a9e053b/current/raft-meta.conf
2024-01-26 21:34:19,192 [0454455d-17b5-4798-9ce3-34e4ad079dd1-groupManagement] INFO  ratis.ContainerStateMachine (ContainerStateMachine.java:loadSnapshot(287)) - group-2F9F6A9E053B: The snapshot info is null. Setting the last applied index to:(t:0, i:~)
2024-01-26 21:34:19,192 [0454455d-17b5-4798-9ce3-34e4ad079dd1-groupManagement] INFO  server.RaftServerConfigKeys (ConfUtils.java:logGet(46)) - raft.server.log.use.memory = false (default)
2024-01-26 21:34:19,192 [0454455d-17b5-4798-9ce3-34e4ad079dd1-groupManagement] INFO  server.RaftServerConfigKeys (ConfUtils.java:logGet(46)) - raft.server.log.purge.gap = 1000000 (custom)
2024-01-26 21:34:19,193 [0454455d-17b5-4798-9ce3-34e4ad079dd1-groupManagement] INFO  server.RaftServerConfigKeys (ConfUtils.java:logGet(46)) - raft.server.log.appender.buffer.byte-limit = 8388608 (custom)
2024-01-26 21:34:19,193 [0454455d-17b5-4798-9ce3-34e4ad079dd1-groupManagement] INFO  server.RaftServerConfigKeys (ConfUtils.java:logGet(46)) - raft.server.log.statemachine.data.read.timeout = 1000ms (default)
2024-01-26 21:34:19,193 [0454455d-17b5-4798-9ce3-34e4ad079dd1-groupManagement] INFO  server.RaftServerConfigKeys (ConfUtils.java:logGet(46)) - raft.server.log.purge.preservation.log.num = 0 (default)
2024-01-26 21:34:19,195 [0454455d-17b5-4798-9ce3-34e4ad079dd1-groupManagement] INFO  server.RaftServerConfigKeys (ConfUtils.java:logGet(46)) - raft.server.log.segment.size.max = 67108864 (custom)
2024-01-26 21:34:19,196 [EventQueue-OpenPipelineForHealthyPipelineSafeModeRule] INFO  safemode.SCMSafeModeManager (HealthyPipelineSafeModeRule.java:process(140)) - SCM in safe mode. Healthy pipelines reported count is 0, required healthy pipeline reported count is 1
2024-01-26 21:34:19,197 [cb9b1e06-b28b-4c4f-b19c-04e0cd8d01c6-groupManagement] INFO  ratis.ContainerStateMachine (ContainerStateMachine.java:loadSnapshot(287)) - group-2F9F6A9E053B: The snapshot info is null. Setting the last applied index to:(t:0, i:~)
2024-01-26 21:34:19,198 [cb9b1e06-b28b-4c4f-b19c-04e0cd8d01c6-groupManagement] INFO  server.RaftServerConfigKeys (ConfUtils.java:logGet(46)) - raft.server.log.use.memory = false (default)
2024-01-26 21:34:19,198 [cb9b1e06-b28b-4c4f-b19c-04e0cd8d01c6-groupManagement] INFO  server.RaftServerConfigKeys (ConfUtils.java:logGet(46)) - raft.server.log.purge.gap = 1000000 (custom)
2024-01-26 21:34:19,198 [cb9b1e06-b28b-4c4f-b19c-04e0cd8d01c6-groupManagement] INFO  server.RaftServerConfigKeys (ConfUtils.java:logGet(46)) - raft.server.log.appender.buffer.byte-limit = 8388608 (custom)
2024-01-26 21:34:19,198 [cb9b1e06-b28b-4c4f-b19c-04e0cd8d01c6-groupManagement] INFO  server.RaftServerConfigKeys (ConfUtils.java:logGet(46)) - raft.server.log.statemachine.data.read.timeout = 1000ms (default)
2024-01-26 21:34:19,198 [cb9b1e06-b28b-4c4f-b19c-04e0cd8d01c6-groupManagement] INFO  server.RaftServerConfigKeys (ConfUtils.java:logGet(46)) - raft.server.log.purge.preservation.log.num = 0 (default)
2024-01-26 21:34:19,201 [cb9b1e06-b28b-4c4f-b19c-04e0cd8d01c6-groupManagement] INFO  server.RaftServerConfigKeys (ConfUtils.java:logGet(46)) - raft.server.log.segment.size.max = 67108864 (custom)
2024-01-26 21:34:19,201 [cb9b1e06-b28b-4c4f-b19c-04e0cd8d01c6-groupManagement] INFO  server.RaftServerConfigKeys (ConfUtils.java:logGet(46)) - raft.server.log.segment.cache.num.max = 2 (custom)
2024-01-26 21:34:19,201 [cb9b1e06-b28b-4c4f-b19c-04e0cd8d01c6-groupManagement] INFO  server.RaftServerConfigKeys (ConfUtils.java:logGet(46)) - raft.server.log.segment.cache.size.max = 200MB (=209715200) (default)
2024-01-26 21:34:19,201 [cb9b1e06-b28b-4c4f-b19c-04e0cd8d01c6-groupManagement] INFO  server.RaftServerConfigKeys (ConfUtils.java:logGet(46)) - raft.server.log.appender.buffer.byte-limit = 8388608 (custom)
2024-01-26 21:34:19,202 [0454455d-17b5-4798-9ce3-34e4ad079dd1-groupManagement] INFO  server.RaftServerConfigKeys (ConfUtils.java:logGet(46)) - raft.server.log.segment.cache.num.max = 2 (custom)
2024-01-26 21:34:19,202 [0454455d-17b5-4798-9ce3-34e4ad079dd1-groupManagement] INFO  server.RaftServerConfigKeys (ConfUtils.java:logGet(46)) - raft.server.log.segment.cache.size.max = 200MB (=209715200) (default)
2024-01-26 21:34:19,202 [0454455d-17b5-4798-9ce3-34e4ad079dd1-groupManagement] INFO  server.RaftServerConfigKeys (ConfUtils.java:logGet(46)) - raft.server.log.appender.buffer.byte-limit = 8388608 (custom)
2024-01-26 21:34:19,204 [EventQueue-OpenPipelineForHealthyPipelineSafeModeRule] INFO  safemode.SCMSafeModeManager (HealthyPipelineSafeModeRule.java:process(140)) - SCM in safe mode. Healthy pipelines reported count is 0, required healthy pipeline reported count is 1
2024-01-26 21:34:19,206 [grpc-default-executor-2] INFO  server.RaftServer (RaftServerProxy.java:addNew(100)) - 85a76c17-24cd-4caa-b4c9-2f056bfd6b3c: addNew group-0864517AFB61:[85a76c17-24cd-4caa-b4c9-2f056bfd6b3c|10.1.0.5:15077, 615e0ce5-d68a-4764-9dce-a037122bf2b4|10.1.0.5:15068, 157befb9-fc2c-4b56-bfb2-e4c39e5a9271|10.1.0.5:15086] returns group-0864517AFB61:java.util.concurrent.CompletableFuture@239dc8df[Not completed]
2024-01-26 21:34:19,207 [0454455d-17b5-4798-9ce3-34e4ad079dd1-groupManagement] INFO  util.AwaitToRun (AwaitToRun.java:start(81)) - Thread[0454455d-17b5-4798-9ce3-34e4ad079dd1@group-2F9F6A9E053B-cacheEviction-AwaitToRun,5,main] started
2024-01-26 21:34:19,207 [0454455d-17b5-4798-9ce3-34e4ad079dd1-groupManagement] INFO  segmented.SegmentedRaftLogWorker (SegmentedRaftLogWorker.java:<init>(182)) - new 0454455d-17b5-4798-9ce3-34e4ad079dd1@group-2F9F6A9E053B-SegmentedRaftLogWorker for RaftStorageImpl:Storage Directory /home/runner/work/ozone/ozone/hadoop-ozone/integration-test/target/test-dir/MiniOzoneClusterImpl-1af845c4-9ad0-4304-ad21-7f4426eccdbd/datanode-10/data/ratis/4aca9b40-dc49-428a-91da-2f9f6a9e053b
2024-01-26 21:34:19,207 [85a76c17-24cd-4caa-b4c9-2f056bfd6b3c-groupManagement] INFO  server.RaftServer$Division (RaftServerImpl.java:<init>(256)) - 85a76c17-24cd-4caa-b4c9-2f056bfd6b3c: new RaftServerImpl for group-0864517AFB61:[85a76c17-24cd-4caa-b4c9-2f056bfd6b3c|10.1.0.5:15077, 615e0ce5-d68a-4764-9dce-a037122bf2b4|10.1.0.5:15068, 157befb9-fc2c-4b56-bfb2-e4c39e5a9271|10.1.0.5:15086] with ContainerStateMachine:uninitialized
2024-01-26 21:34:19,207 [85a76c17-24cd-4caa-b4c9-2f056bfd6b3c-groupManagement] INFO  server.RaftServerConfigKeys (ConfUtils.java:logGet(46)) - raft.server.rpc.timeout.min = 5s (custom)
2024-01-26 21:34:19,207 [85a76c17-24cd-4caa-b4c9-2f056bfd6b3c-groupManagement] INFO  server.RaftServerConfigKeys (ConfUtils.java:logGet(46)) - raft.server.rpc.timeout.max = 5200ms (custom)
2024-01-26 21:34:19,207 [85a76c17-24cd-4caa-b4c9-2f056bfd6b3c-groupManagement] INFO  server.RaftServerConfigKeys (ConfUtils.java:logGet(46)) - raft.server.rpc.sleep.time = 25ms (default)
2024-01-26 21:34:19,207 [85a76c17-24cd-4caa-b4c9-2f056bfd6b3c-groupManagement] INFO  server.RaftServerConfigKeys (ConfUtils.java:logGet(46)) - raft.server.rpc.slowness.timeout = 300s (custom)
2024-01-26 21:34:19,207 [85a76c17-24cd-4caa-b4c9-2f056bfd6b3c-groupManagement] INFO  server.RaftServerConfigKeys (ConfUtils.java:logGet(46)) - raft.server.leaderelection.leader.step-down.wait-time = 10s (default)
2024-01-26 21:34:19,207 [85a76c17-24cd-4caa-b4c9-2f056bfd6b3c-groupManagement] INFO  server.RaftServerConfigKeys (ConfUtils.java:logGet(46)) - raft.server.leaderelection.member.majority-add = false (default)
2024-01-26 21:34:19,207 [85a76c17-24cd-4caa-b4c9-2f056bfd6b3c-groupManagement] INFO  server.RaftServerConfigKeys (ConfUtils.java:logGet(46)) - raft.server.sleep.deviation.threshold = 300ms (default)
2024-01-26 21:34:19,207 [85a76c17-24cd-4caa-b4c9-2f056bfd6b3c-groupManagement] INFO  server.RaftServer$Division (ServerState.java:<init>(113)) - 85a76c17-24cd-4caa-b4c9-2f056bfd6b3c@group-0864517AFB61: ConfigurationManager, init=-1: peers:[85a76c17-24cd-4caa-b4c9-2f056bfd6b3c|10.1.0.5:15077, 615e0ce5-d68a-4764-9dce-a037122bf2b4|10.1.0.5:15068, 157befb9-fc2c-4b56-bfb2-e4c39e5a9271|10.1.0.5:15086]|listeners:[], old=null, confs=<EMPTY_MAP>
2024-01-26 21:34:19,208 [85a76c17-24cd-4caa-b4c9-2f056bfd6b3c-groupManagement] INFO  server.RaftServerConfigKeys (ConfUtils.java:logGet(46)) - raft.server.notification.no-leader.timeout = 300s (custom)
2024-01-26 21:34:19,208 [85a76c17-24cd-4caa-b4c9-2f056bfd6b3c-groupManagement] INFO  server.RaftServerConfigKeys (ConfUtils.java:logGet(46)) - raft.server.read.timeout = 10s (default)
2024-01-26 21:34:19,208 [85a76c17-24cd-4caa-b4c9-2f056bfd6b3c-groupManagement] INFO  server.RaftServerConfigKeys (ConfUtils.java:logGet(46)) - raft.server.retrycache.expirytime = 600000ms (custom)
2024-01-26 21:34:19,208 [85a76c17-24cd-4caa-b4c9-2f056bfd6b3c-groupManagement] INFO  server.RaftServerConfigKeys (ConfUtils.java:logGet(46)) - raft.server.retrycache.statistics.expirytime = 100ms (default)
2024-01-26 21:34:19,207 [0454455d-17b5-4798-9ce3-34e4ad079dd1-groupManagement] INFO  server.RaftServerConfigKeys (ConfUtils.java:logGet(46)) - raft.server.log.queue.byte-limit = 4294967296 (custom)
2024-01-26 21:34:19,208 [cb9b1e06-b28b-4c4f-b19c-04e0cd8d01c6-groupManagement] INFO  util.AwaitToRun (AwaitToRun.java:start(81)) - Thread[cb9b1e06-b28b-4c4f-b19c-04e0cd8d01c6@group-2F9F6A9E053B-cacheEviction-AwaitToRun,5,main] started
2024-01-26 21:34:19,208 [85a76c17-24cd-4caa-b4c9-2f056bfd6b3c-groupManagement] INFO  server.RaftServerConfigKeys (ConfUtils.java:logGet(46)) - raft.server.read.option = DEFAULT (default)
2024-01-26 21:34:19,208 [85a76c17-24cd-4caa-b4c9-2f056bfd6b3c-groupManagement] INFO  server.RaftServerConfigKeys (ConfUtils.java:logGet(46)) - raft.server.read.read-after-write-consistent.write-index-cache.expiry-time = 60s (default)
2024-01-26 21:34:19,208 [cb9b1e06-b28b-4c4f-b19c-04e0cd8d01c6-groupManagement] INFO  segmented.SegmentedRaftLogWorker (SegmentedRaftLogWorker.java:<init>(182)) - new cb9b1e06-b28b-4c4f-b19c-04e0cd8d01c6@group-2F9F6A9E053B-SegmentedRaftLogWorker for RaftStorageImpl:Storage Directory /home/runner/work/ozone/ozone/hadoop-ozone/integration-test/target/test-dir/MiniOzoneClusterImpl-1af845c4-9ad0-4304-ad21-7f4426eccdbd/datanode-9/data/ratis/4aca9b40-dc49-428a-91da-2f9f6a9e053b
2024-01-26 21:34:19,209 [cb9b1e06-b28b-4c4f-b19c-04e0cd8d01c6-groupManagement] INFO  server.RaftServerConfigKeys (ConfUtils.java:logGet(46)) - raft.server.log.queue.byte-limit = 4294967296 (custom)
2024-01-26 21:34:19,209 [cb9b1e06-b28b-4c4f-b19c-04e0cd8d01c6-groupManagement] INFO  server.RaftServerConfigKeys (ConfUtils.java:logGet(46)) - raft.server.log.queue.element-limit = 1024 (custom)
2024-01-26 21:34:19,209 [cb9b1e06-b28b-4c4f-b19c-04e0cd8d01c6-groupManagement] INFO  server.RaftServerConfigKeys (ConfUtils.java:logGet(46)) - raft.server.log.segment.size.max = 67108864 (custom)
2024-01-26 21:34:19,209 [cb9b1e06-b28b-4c4f-b19c-04e0cd8d01c6-groupManagement] INFO  server.RaftServerConfigKeys (ConfUtils.java:logGet(46)) - raft.server.log.preallocated.size = 4194304 (custom)
2024-01-26 21:34:19,209 [cb9b1e06-b28b-4c4f-b19c-04e0cd8d01c6-groupManagement] INFO  server.RaftServerConfigKeys (ConfUtils.java:logGet(46)) - raft.server.log.force.sync.num = 128 (default)
2024-01-26 21:34:19,209 [cb9b1e06-b28b-4c4f-b19c-04e0cd8d01c6-groupManagement] INFO  server.RaftServerConfigKeys (ConfUtils.java:logGet(46)) - raft.server.log.statemachine.data.sync = true (default)
2024-01-26 21:34:19,209 [cb9b1e06-b28b-4c4f-b19c-04e0cd8d01c6-groupManagement] INFO  server.RaftServerConfigKeys (ConfUtils.java:logGet(46)) - raft.server.log.statemachine.data.sync.timeout = 10s (default)
2024-01-26 21:34:19,209 [cb9b1e06-b28b-4c4f-b19c-04e0cd8d01c6-groupManagement] INFO  server.RaftServerConfigKeys (ConfUtils.java:logGet(46)) - raft.server.log.statemachine.data.sync.timeout.retry = 0 (custom)
2024-01-26 21:34:19,211 [8aa6f495-09ad-4a32-951c-60d46ecfa148-groupManagement] INFO  storage.RaftStorageDirectory (RaftStorageDirectoryImpl.java:tryLock(228)) - Lock on /home/runner/work/ozone/ozone/hadoop-ozone/integration-test/target/test-dir/MiniOzoneClusterImpl-1af845c4-9ad0-4304-ad21-7f4426eccdbd/datanode-11/data/ratis/dd7b59b7-c8be-4835-b234-8184ac0c82ee/in_use.lock acquired by nodename 39692@fv-az1566-86
2024-01-26 21:34:19,212 [85a76c17-24cd-4caa-b4c9-2f056bfd6b3c-groupManagement] INFO  server.RaftServerConfigKeys (ConfUtils.java:logGet(46)) - raft.server.rpc.request.timeout = 60s (custom)
2024-01-26 21:34:19,212 [85a76c17-24cd-4caa-b4c9-2f056bfd6b3c-groupManagement] INFO  server.RaftServerConfigKeys (ConfUtils.java:logGet(46)) - raft.server.log.appender.install.snapshot.enabled = false (custom)
2024-01-26 21:34:19,212 [85a76c17-24cd-4caa-b4c9-2f056bfd6b3c-groupManagement] INFO  server.RaftServerConfigKeys (ConfUtils.java:logGet(46)) - raft.server.threadpool.server.cached = true (default)
2024-01-26 21:34:19,212 [85a76c17-24cd-4caa-b4c9-2f056bfd6b3c-groupManagement] INFO  server.RaftServerConfigKeys (ConfUtils.java:logGet(46)) - raft.server.threadpool.server.size = 0 (default)
2024-01-26 21:34:19,212 [85a76c17-24cd-4caa-b4c9-2f056bfd6b3c-groupManagement] INFO  server.RaftServerConfigKeys (ConfUtils.java:logGet(46)) - raft.server.threadpool.client.cached = true (default)
2024-01-26 21:34:19,212 [8aa6f495-09ad-4a32-951c-60d46ecfa148-groupManagement] INFO  storage.RaftStorage (RaftStorageImpl.java:format(99)) - Storage directory /home/runner/work/ozone/ozone/hadoop-ozone/integration-test/target/test-dir/MiniOzoneClusterImpl-1af845c4-9ad0-4304-ad21-7f4426eccdbd/datanode-11/data/ratis/dd7b59b7-c8be-4835-b234-8184ac0c82ee has been successfully formatted.
2024-01-26 21:34:19,212 [8aa6f495-09ad-4a32-951c-60d46ecfa148-groupManagement] WARN  util.FileUtils (LogUtils.java:supplyAndLog(63)) - Failed to Files.newInputStream /home/runner/work/ozone/ozone/hadoop-ozone/integration-test/target/test-dir/MiniOzoneClusterImpl-1af845c4-9ad0-4304-ad21-7f4426eccdbd/datanode-11/data/ratis/dd7b59b7-c8be-4835-b234-8184ac0c82ee/current/raft-meta.conf with options []: java.nio.file.NoSuchFileException: /home/runner/work/ozone/ozone/hadoop-ozone/integration-test/target/test-dir/MiniOzoneClusterImpl-1af845c4-9ad0-4304-ad21-7f4426eccdbd/datanode-11/data/ratis/dd7b59b7-c8be-4835-b234-8184ac0c82ee/current/raft-meta.conf
2024-01-26 21:34:19,212 [cb9b1e06-b28b-4c4f-b19c-04e0cd8d01c6-groupManagement] INFO  server.RaftServerConfigKeys (ConfUtils.java:logGet(46)) - raft.server.log.write.buffer.size = 8388616 (custom)
2024-01-26 21:34:19,212 [85a76c17-24cd-4caa-b4c9-2f056bfd6b3c-groupManagement] INFO  server.RaftServerConfigKeys (ConfUtils.java:logGet(46)) - raft.server.threadpool.client.size = 0 (default)
2024-01-26 21:34:19,213 [85a76c17-24cd-4caa-b4c9-2f056bfd6b3c-groupManagement] INFO  server.RaftServerConfigKeys (ConfUtils.java:logGet(46)) - raft.server.storage.free-space.min = 0MB (=0) (default)
2024-01-26 21:34:19,213 [85a76c17-24cd-4caa-b4c9-2f056bfd6b3c-groupManagement] INFO  server.RaftServerConfigKeys (ConfUtils.java:logGet(46)) - raft.server.log.corruption.policy = EXCEPTION (default)
2024-01-26 21:34:19,213 [85a76c17-24cd-4caa-b4c9-2f056bfd6b3c-groupManagement] INFO  server.RaftServerConfigKeys (ConfUtils.java:logGet(46)) - raft.server.storage.dir = [/home/runner/work/ozone/ozone/hadoop-ozone/integration-test/target/test-dir/MiniOzoneClusterImpl-1af845c4-9ad0-4304-ad21-7f4426eccdbd/datanode-7/data/ratis] (custom)
2024-01-26 21:34:19,214 [cb9b1e06-b28b-4c4f-b19c-04e0cd8d01c6-groupManagement] INFO  server.RaftServerConfigKeys (ConfUtils.java:logGet(46)) - raft.server.log.appender.buffer.byte-limit = 8388608 (custom)
2024-01-26 21:34:19,214 [cb9b1e06-b28b-4c4f-b19c-04e0cd8d01c6-groupManagement] INFO  server.RaftServerConfigKeys (ConfUtils.java:logGet(46)) - raft.server.log.unsafe-flush.enabled = false (default)
2024-01-26 21:34:19,214 [cb9b1e06-b28b-4c4f-b19c-04e0cd8d01c6-groupManagement] INFO  server.RaftServerConfigKeys (ConfUtils.java:logGet(46)) - raft.server.log.async-flush.enabled = false (default)
2024-01-26 21:34:19,214 [cb9b1e06-b28b-4c4f-b19c-04e0cd8d01c6-groupManagement] INFO  server.RaftServerConfigKeys (ConfUtils.java:logGet(46)) - raft.server.log.statemachine.data.caching.enabled = true (custom)
2024-01-26 21:34:19,215 [0454455d-17b5-4798-9ce3-34e4ad079dd1-groupManagement] INFO  server.RaftServerConfigKeys (ConfUtils.java:logGet(46)) - raft.server.log.queue.element-limit = 1024 (custom)
2024-01-26 21:34:19,215 [0454455d-17b5-4798-9ce3-34e4ad079dd1-groupManagement] INFO  server.RaftServerConfigKeys (ConfUtils.java:logGet(46)) - raft.server.log.segment.size.max = 67108864 (custom)
2024-01-26 21:34:19,215 [0454455d-17b5-4798-9ce3-34e4ad079dd1-groupManagement] INFO  server.RaftServerConfigKeys (ConfUtils.java:logGet(46)) - raft.server.log.preallocated.size = 4194304 (custom)
2024-01-26 21:34:19,215 [0454455d-17b5-4798-9ce3-34e4ad079dd1-groupManagement] INFO  server.RaftServerConfigKeys (ConfUtils.java:logGet(46)) - raft.server.log.force.sync.num = 128 (default)
2024-01-26 21:34:19,215 [85a76c17-24cd-4caa-b4c9-2f056bfd6b3c-groupManagement] INFO  storage.RaftStorageDirectory (RaftStorageDirectoryImpl.java:analyzeStorage(138)) - The storage directory /home/runner/work/ozone/ozone/hadoop-ozone/integration-test/target/test-dir/MiniOzoneClusterImpl-1af845c4-9ad0-4304-ad21-7f4426eccdbd/datanode-7/data/ratis/53d57d20-1cf2-4389-b3a7-0864517afb61 does not exist. Creating ...
2024-01-26 21:34:19,220 [85a76c17-24cd-4caa-b4c9-2f056bfd6b3c-PipelineCommandHandlerThread-0] INFO  commandhandler.CreatePipelineCommandHandler (CreatePipelineCommandHandler.java:lambda$handle$2(124)) - Created Pipeline RATIS THREE PipelineID=2df29df1-f773-4859-906e-77329b463a15.
2024-01-26 21:34:19,221 [85a76c17-24cd-4caa-b4c9-2f056bfd6b3c-groupManagement] INFO  storage.RaftStorageDirectory (RaftStorageDirectoryImpl.java:tryLock(228)) - Lock on /home/runner/work/ozone/ozone/hadoop-ozone/integration-test/target/test-dir/MiniOzoneClusterImpl-1af845c4-9ad0-4304-ad21-7f4426eccdbd/datanode-7/data/ratis/53d57d20-1cf2-4389-b3a7-0864517afb61/in_use.lock acquired by nodename 39692@fv-az1566-86
2024-01-26 21:34:19,222 [EventQueue-PipelineReportForPipelineReportHandler] INFO  pipeline.PipelineReportHandler (PipelineReportHandler.java:processPipelineReport(136)) - Opened pipeline PipelineID=dd7b59b7-c8be-4835-b234-8184ac0c82ee
2024-01-26 21:34:19,222 [EventQueue-OpenPipelineForHealthyPipelineSafeModeRule] INFO  safemode.SCMSafeModeManager (HealthyPipelineSafeModeRule.java:process(140)) - SCM in safe mode. Healthy pipelines reported count is 0, required healthy pipeline reported count is 1
2024-01-26 21:34:19,215 [cb9b1e06-b28b-4c4f-b19c-04e0cd8d01c6-groupManagement] INFO  segmented.SegmentedRaftLogWorker (SegmentedRaftLogWorker.java:lambda$new$0(134)) - cb9b1e06-b28b-4c4f-b19c-04e0cd8d01c6@group-2F9F6A9E053B-SegmentedRaftLogWorker: flushIndex: setUnconditionally 0 -> -1
2024-01-26 21:34:19,219 [8aa6f495-09ad-4a32-951c-60d46ecfa148-groupManagement] INFO  ratis.ContainerStateMachine (ContainerStateMachine.java:loadSnapshot(287)) - group-8184AC0C82EE: The snapshot info is null. Setting the last applied index to:(t:0, i:~)
2024-01-26 21:34:19,222 [8aa6f495-09ad-4a32-951c-60d46ecfa148-groupManagement] INFO  server.RaftServerConfigKeys (ConfUtils.java:logGet(46)) - raft.server.log.use.memory = false (default)
2024-01-26 21:34:19,222 [8aa6f495-09ad-4a32-951c-60d46ecfa148-groupManagement] INFO  server.RaftServerConfigKeys (ConfUtils.java:logGet(46)) - raft.server.log.purge.gap = 1000000 (custom)
2024-01-26 21:34:19,222 [8aa6f495-09ad-4a32-951c-60d46ecfa148-groupManagement] INFO  server.RaftServerConfigKeys (ConfUtils.java:logGet(46)) - raft.server.log.appender.buffer.byte-limit = 8388608 (custom)
2024-01-26 21:34:19,223 [8aa6f495-09ad-4a32-951c-60d46ecfa148-groupManagement] INFO  server.RaftServerConfigKeys (ConfUtils.java:logGet(46)) - raft.server.log.statemachine.data.read.timeout = 1000ms (default)
2024-01-26 21:34:19,223 [8aa6f495-09ad-4a32-951c-60d46ecfa148-groupManagement] INFO  server.RaftServerConfigKeys (ConfUtils.java:logGet(46)) - raft.server.log.purge.preservation.log.num = 0 (default)
2024-01-26 21:34:19,223 [85a76c17-24cd-4caa-b4c9-2f056bfd6b3c-groupManagement] INFO  storage.RaftStorage (RaftStorageImpl.java:format(99)) - Storage directory /home/runner/work/ozone/ozone/hadoop-ozone/integration-test/target/test-dir/MiniOzoneClusterImpl-1af845c4-9ad0-4304-ad21-7f4426eccdbd/datanode-7/data/ratis/53d57d20-1cf2-4389-b3a7-0864517afb61 has been successfully formatted.
2024-01-26 21:34:19,223 [85a76c17-24cd-4caa-b4c9-2f056bfd6b3c-groupManagement] WARN  util.FileUtils (LogUtils.java:supplyAndLog(63)) - Failed to Files.newInputStream /home/runner/work/ozone/ozone/hadoop-ozone/integration-test/target/test-dir/MiniOzoneClusterImpl-1af845c4-9ad0-4304-ad21-7f4426eccdbd/datanode-7/data/ratis/53d57d20-1cf2-4389-b3a7-0864517afb61/current/raft-meta.conf with options []: java.nio.file.NoSuchFileException: /home/runner/work/ozone/ozone/hadoop-ozone/integration-test/target/test-dir/MiniOzoneClusterImpl-1af845c4-9ad0-4304-ad21-7f4426eccdbd/datanode-7/data/ratis/53d57d20-1cf2-4389-b3a7-0864517afb61/current/raft-meta.conf
2024-01-26 21:34:19,224 [85a76c17-24cd-4caa-b4c9-2f056bfd6b3c-groupManagement] INFO  ratis.ContainerStateMachine (ContainerStateMachine.java:loadSnapshot(287)) - group-0864517AFB61: The snapshot info is null. Setting the last applied index to:(t:0, i:~)
2024-01-26 21:34:19,224 [85a76c17-24cd-4caa-b4c9-2f056bfd6b3c-groupManagement] INFO  server.RaftServerConfigKeys (ConfUtils.java:logGet(46)) - raft.server.log.use.memory = false (default)
2024-01-26 21:34:19,224 [85a76c17-24cd-4caa-b4c9-2f056bfd6b3c-groupManagement] INFO  server.RaftServerConfigKeys (ConfUtils.java:logGet(46)) - raft.server.log.purge.gap = 1000000 (custom)
2024-01-26 21:34:19,224 [85a76c17-24cd-4caa-b4c9-2f056bfd6b3c-groupManagement] INFO  server.RaftServerConfigKeys (ConfUtils.java:logGet(46)) - raft.server.log.appender.buffer.byte-limit = 8388608 (custom)
2024-01-26 21:34:19,224 [85a76c17-24cd-4caa-b4c9-2f056bfd6b3c-groupManagement] INFO  server.RaftServerConfigKeys (ConfUtils.java:logGet(46)) - raft.server.log.statemachine.data.read.timeout = 1000ms (default)
2024-01-26 21:34:19,224 [85a76c17-24cd-4caa-b4c9-2f056bfd6b3c-groupManagement] INFO  server.RaftServerConfigKeys (ConfUtils.java:logGet(46)) - raft.server.log.purge.preservation.log.num = 0 (default)
2024-01-26 21:34:19,225 [EventQueue-OpenPipelineForHealthyPipelineSafeModeRule] INFO  safemode.SCMSafeModeManager (HealthyPipelineSafeModeRule.java:process(140)) - SCM in safe mode. Healthy pipelines reported count is 0, required healthy pipeline reported count is 1
2024-01-26 21:34:19,215 [0454455d-17b5-4798-9ce3-34e4ad079dd1-groupManagement] INFO  server.RaftServerConfigKeys (ConfUtils.java:logGet(46)) - raft.server.log.statemachine.data.sync = true (default)
2024-01-26 21:34:19,226 [0454455d-17b5-4798-9ce3-34e4ad079dd1-groupManagement] INFO  server.RaftServerConfigKeys (ConfUtils.java:logGet(46)) - raft.server.log.statemachine.data.sync.timeout = 10s (default)
2024-01-26 21:34:19,226 [0454455d-17b5-4798-9ce3-34e4ad079dd1-groupManagement] INFO  server.RaftServerConfigKeys (ConfUtils.java:logGet(46)) - raft.server.log.statemachine.data.sync.timeout.retry = 0 (custom)
2024-01-26 21:34:19,226 [cb9b1e06-b28b-4c4f-b19c-04e0cd8d01c6-groupManagement] INFO  segmented.SegmentedRaftLogWorker (SegmentedRaftLogWorker.java:lambda$new$0(134)) - cb9b1e06-b28b-4c4f-b19c-04e0cd8d01c6@group-2F9F6A9E053B-SegmentedRaftLogWorker: safeCacheEvictIndex: setUnconditionally 0 -> -1
2024-01-26 21:34:19,226 [cb9b1e06-b28b-4c4f-b19c-04e0cd8d01c6-groupManagement] INFO  server.RaftServer$Division (RaftServerImpl.java:start(396)) - cb9b1e06-b28b-4c4f-b19c-04e0cd8d01c6@group-2F9F6A9E053B: start as a follower, conf=-1: peers:[0454455d-17b5-4798-9ce3-34e4ad079dd1|10.1.0.5:15104, 8aa6f495-09ad-4a32-951c-60d46ecfa148|10.1.0.5:15113, cb9b1e06-b28b-4c4f-b19c-04e0cd8d01c6|10.1.0.5:15095]|listeners:[], old=null
2024-01-26 21:34:19,226 [cb9b1e06-b28b-4c4f-b19c-04e0cd8d01c6-groupManagement] INFO  server.RaftServer$Division (RaftServerImpl.java:setRole(383)) - cb9b1e06-b28b-4c4f-b19c-04e0cd8d01c6@group-2F9F6A9E053B: changes role from      null to FOLLOWER at term 0 for startAsFollower
2024-01-26 21:34:19,226 [cb9b1e06-b28b-4c4f-b19c-04e0cd8d01c6-groupManagement] INFO  impl.RoleInfo (RoleInfo.java:updateAndGet(139)) - cb9b1e06-b28b-4c4f-b19c-04e0cd8d01c6: start cb9b1e06-b28b-4c4f-b19c-04e0cd8d01c6@group-2F9F6A9E053B-FollowerState
2024-01-26 21:34:19,227 [0454455d-17b5-4798-9ce3-34e4ad079dd1-groupManagement] INFO  server.RaftServerConfigKeys (ConfUtils.java:logGet(46)) - raft.server.log.write.buffer.size = 8388616 (custom)
2024-01-26 21:34:19,229 [0454455d-17b5-4798-9ce3-34e4ad079dd1-groupManagement] INFO  server.RaftServerConfigKeys (ConfUtils.java:logGet(46)) - raft.server.log.appender.buffer.byte-limit = 8388608 (custom)
2024-01-26 21:34:19,229 [0454455d-17b5-4798-9ce3-34e4ad079dd1-groupManagement] INFO  server.RaftServerConfigKeys (ConfUtils.java:logGet(46)) - raft.server.log.unsafe-flush.enabled = false (default)
2024-01-26 21:34:19,229 [0454455d-17b5-4798-9ce3-34e4ad079dd1-groupManagement] INFO  server.RaftServerConfigKeys (ConfUtils.java:logGet(46)) - raft.server.log.async-flush.enabled = false (default)
2024-01-26 21:34:19,229 [0454455d-17b5-4798-9ce3-34e4ad079dd1-groupManagement] INFO  server.RaftServerConfigKeys (ConfUtils.java:logGet(46)) - raft.server.log.statemachine.data.caching.enabled = true (custom)
2024-01-26 21:34:19,230 [0454455d-17b5-4798-9ce3-34e4ad079dd1-groupManagement] INFO  segmented.SegmentedRaftLogWorker (SegmentedRaftLogWorker.java:lambda$new$0(134)) - 0454455d-17b5-4798-9ce3-34e4ad079dd1@group-2F9F6A9E053B-SegmentedRaftLogWorker: flushIndex: setUnconditionally 0 -> -1
2024-01-26 21:34:19,230 [0454455d-17b5-4798-9ce3-34e4ad079dd1-groupManagement] INFO  segmented.SegmentedRaftLogWorker (SegmentedRaftLogWorker.java:lambda$new$0(134)) - 0454455d-17b5-4798-9ce3-34e4ad079dd1@group-2F9F6A9E053B-SegmentedRaftLogWorker: safeCacheEvictIndex: setUnconditionally 0 -> -1
2024-01-26 21:34:19,231 [cb9b1e06-b28b-4c4f-b19c-04e0cd8d01c6-groupManagement] INFO  util.JmxRegister (JmxRegister.java:tryRegister(44)) - Successfully registered JMX Bean with object name Ratis:service=RaftServer,group=group-2F9F6A9E053B,id=cb9b1e06-b28b-4c4f-b19c-04e0cd8d01c6
2024-01-26 21:34:19,231 [cb9b1e06-b28b-4c4f-b19c-04e0cd8d01c6-groupManagement] INFO  server.RaftServerConfigKeys (ConfUtils.java:logGet(46)) - raft.server.snapshot.trigger-when-stop.enabled = true (default)
2024-01-26 21:34:19,231 [cb9b1e06-b28b-4c4f-b19c-04e0cd8d01c6-groupManagement] INFO  server.RaftServerConfigKeys (ConfUtils.java:logGet(46)) - raft.server.snapshot.auto.trigger.enabled = true (custom)
2024-01-26 21:34:19,231 [cb9b1e06-b28b-4c4f-b19c-04e0cd8d01c6-groupManagement] INFO  server.RaftServerConfigKeys (ConfUtils.java:logGet(46)) - raft.server.snapshot.auto.trigger.threshold = 10000 (custom)
2024-01-26 21:34:19,231 [cb9b1e06-b28b-4c4f-b19c-04e0cd8d01c6-groupManagement] INFO  server.RaftServerConfigKeys (ConfUtils.java:logGet(46)) - raft.server.snapshot.retention.file.num = 5 (custom)
2024-01-26 21:34:19,231 [cb9b1e06-b28b-4c4f-b19c-04e0cd8d01c6-groupManagement] INFO  server.RaftServerConfigKeys (ConfUtils.java:logGet(46)) - raft.server.log.purge.upto.snapshot.index = false (default)
2024-01-26 21:34:19,232 [cb9b1e06-b28b-4c4f-b19c-04e0cd8d01c6@group-2F9F6A9E053B-FollowerState] INFO  server.RaftServerConfigKeys (ConfUtils.java:logFallback(53)) - raft.server.rpc.first-election.timeout.min = 5s (fallback to raft.server.rpc.timeout.min)
2024-01-26 21:34:19,232 [cb9b1e06-b28b-4c4f-b19c-04e0cd8d01c6@group-2F9F6A9E053B-FollowerState] INFO  server.RaftServerConfigKeys (ConfUtils.java:logFallback(53)) - raft.server.rpc.first-election.timeout.max = 5200ms (fallback to raft.server.rpc.timeout.max)
2024-01-26 21:34:19,231 [8aa6f495-09ad-4a32-951c-60d46ecfa148-groupManagement] INFO  server.RaftServerConfigKeys (ConfUtils.java:logGet(46)) - raft.server.log.segment.size.max = 67108864 (custom)
2024-01-26 21:34:19,232 [8aa6f495-09ad-4a32-951c-60d46ecfa148-groupManagement] INFO  server.RaftServerConfigKeys (ConfUtils.java:logGet(46)) - raft.server.log.segment.cache.num.max = 2 (custom)
2024-01-26 21:34:19,232 [8aa6f495-09ad-4a32-951c-60d46ecfa148-groupManagement] INFO  server.RaftServerConfigKeys (ConfUtils.java:logGet(46)) - raft.server.log.segment.cache.size.max = 200MB (=209715200) (default)
2024-01-26 21:34:19,233 [8aa6f495-09ad-4a32-951c-60d46ecfa148-groupManagement] INFO  server.RaftServerConfigKeys (ConfUtils.java:logGet(46)) - raft.server.log.appender.buffer.byte-limit = 8388608 (custom)
2024-01-26 21:34:19,233 [85a76c17-24cd-4caa-b4c9-2f056bfd6b3c-groupManagement] INFO  server.RaftServerConfigKeys (ConfUtils.java:logGet(46)) - raft.server.log.segment.size.max = 67108864 (custom)
2024-01-26 21:34:19,233 [85a76c17-24cd-4caa-b4c9-2f056bfd6b3c-groupManagement] INFO  server.RaftServerConfigKeys (ConfUtils.java:logGet(46)) - raft.server.log.segment.cache.num.max = 2 (custom)
2024-01-26 21:34:19,233 [85a76c17-24cd-4caa-b4c9-2f056bfd6b3c-groupManagement] INFO  server.RaftServerConfigKeys (ConfUtils.java:logGet(46)) - raft.server.log.segment.cache.size.max = 200MB (=209715200) (default)
2024-01-26 21:34:19,233 [85a76c17-24cd-4caa-b4c9-2f056bfd6b3c-groupManagement] INFO  server.RaftServerConfigKeys (ConfUtils.java:logGet(46)) - raft.server.log.appender.buffer.byte-limit = 8388608 (custom)
2024-01-26 21:34:19,234 [cb9b1e06-b28b-4c4f-b19c-04e0cd8d01c6-PipelineCommandHandlerThread-0] INFO  ratis.XceiverServerRatis (XceiverServerRatis.java:addGroup(842)) - Created group PipelineID=4aca9b40-dc49-428a-91da-2f9f6a9e053b
2024-01-26 21:34:19,239 [0454455d-17b5-4798-9ce3-34e4ad079dd1-groupManagement] INFO  server.RaftServer$Division (RaftServerImpl.java:start(396)) - 0454455d-17b5-4798-9ce3-34e4ad079dd1@group-2F9F6A9E053B: start as a follower, conf=-1: peers:[0454455d-17b5-4798-9ce3-34e4ad079dd1|10.1.0.5:15104, 8aa6f495-09ad-4a32-951c-60d46ecfa148|10.1.0.5:15113, cb9b1e06-b28b-4c4f-b19c-04e0cd8d01c6|10.1.0.5:15095]|listeners:[], old=null
2024-01-26 21:34:19,239 [0454455d-17b5-4798-9ce3-34e4ad079dd1-groupManagement] INFO  server.RaftServer$Division (RaftServerImpl.java:setRole(383)) - 0454455d-17b5-4798-9ce3-34e4ad079dd1@group-2F9F6A9E053B: changes role from      null to FOLLOWER at term 0 for startAsFollower
2024-01-26 21:34:19,239 [0454455d-17b5-4798-9ce3-34e4ad079dd1-groupManagement] INFO  impl.RoleInfo (RoleInfo.java:updateAndGet(139)) - 0454455d-17b5-4798-9ce3-34e4ad079dd1: start 0454455d-17b5-4798-9ce3-34e4ad079dd1@group-2F9F6A9E053B-FollowerState
2024-01-26 21:34:19,239 [0454455d-17b5-4798-9ce3-34e4ad079dd1@group-2F9F6A9E053B-FollowerState] INFO  server.RaftServerConfigKeys (ConfUtils.java:logFallback(53)) - raft.server.rpc.first-election.timeout.min = 5s (fallback to raft.server.rpc.timeout.min)
2024-01-26 21:34:19,239 [0454455d-17b5-4798-9ce3-34e4ad079dd1-groupManagement] INFO  util.JmxRegister (JmxRegister.java:tryRegister(44)) - Successfully registered JMX Bean with object name Ratis:service=RaftServer,group=group-2F9F6A9E053B,id=0454455d-17b5-4798-9ce3-34e4ad079dd1
2024-01-26 21:34:19,239 [0454455d-17b5-4798-9ce3-34e4ad079dd1@group-2F9F6A9E053B-FollowerState] INFO  server.RaftServerConfigKeys (ConfUtils.java:logFallback(53)) - raft.server.rpc.first-election.timeout.max = 5200ms (fallback to raft.server.rpc.timeout.max)
2024-01-26 21:34:19,239 [0454455d-17b5-4798-9ce3-34e4ad079dd1-groupManagement] INFO  server.RaftServerConfigKeys (ConfUtils.java:logGet(46)) - raft.server.snapshot.trigger-when-stop.enabled = true (default)
2024-01-26 21:34:19,243 [0454455d-17b5-4798-9ce3-34e4ad079dd1-groupManagement] INFO  server.RaftServerConfigKeys (ConfUtils.java:logGet(46)) - raft.server.snapshot.auto.trigger.enabled = true (custom)
2024-01-26 21:34:19,243 [0454455d-17b5-4798-9ce3-34e4ad079dd1-groupManagement] INFO  server.RaftServerConfigKeys (ConfUtils.java:logGet(46)) - raft.server.snapshot.auto.trigger.threshold = 10000 (custom)
2024-01-26 21:34:19,243 [0454455d-17b5-4798-9ce3-34e4ad079dd1-groupManagement] INFO  server.RaftServerConfigKeys (ConfUtils.java:logGet(46)) - raft.server.snapshot.retention.file.num = 5 (custom)
2024-01-26 21:34:19,243 [0454455d-17b5-4798-9ce3-34e4ad079dd1-groupManagement] INFO  server.RaftServerConfigKeys (ConfUtils.java:logGet(46)) - raft.server.log.purge.upto.snapshot.index = false (default)
2024-01-26 21:34:19,246 [0454455d-17b5-4798-9ce3-34e4ad079dd1-PipelineCommandHandlerThread-0] INFO  ratis.XceiverServerRatis (XceiverServerRatis.java:addGroup(842)) - Created group PipelineID=4aca9b40-dc49-428a-91da-2f9f6a9e053b
2024-01-26 21:34:19,250 [85a76c17-24cd-4caa-b4c9-2f056bfd6b3c-groupManagement] INFO  util.AwaitToRun (AwaitToRun.java:start(81)) - Thread[85a76c17-24cd-4caa-b4c9-2f056bfd6b3c@group-0864517AFB61-cacheEviction-AwaitToRun,5,main] started
2024-01-26 21:34:19,250 [85a76c17-24cd-4caa-b4c9-2f056bfd6b3c-groupManagement] INFO  segmented.SegmentedRaftLogWorker (SegmentedRaftLogWorker.java:<init>(182)) - new 85a76c17-24cd-4caa-b4c9-2f056bfd6b3c@group-0864517AFB61-SegmentedRaftLogWorker for RaftStorageImpl:Storage Directory /home/runner/work/ozone/ozone/hadoop-ozone/integration-test/target/test-dir/MiniOzoneClusterImpl-1af845c4-9ad0-4304-ad21-7f4426eccdbd/datanode-7/data/ratis/53d57d20-1cf2-4389-b3a7-0864517afb61
2024-01-26 21:34:19,251 [85a76c17-24cd-4caa-b4c9-2f056bfd6b3c-groupManagement] INFO  server.RaftServerConfigKeys (ConfUtils.java:logGet(46)) - raft.server.log.queue.byte-limit = 4294967296 (custom)
2024-01-26 21:34:19,251 [85a76c17-24cd-4caa-b4c9-2f056bfd6b3c-groupManagement] INFO  server.RaftServerConfigKeys (ConfUtils.java:logGet(46)) - raft.server.log.queue.element-limit = 1024 (custom)
2024-01-26 21:34:19,251 [85a76c17-24cd-4caa-b4c9-2f056bfd6b3c-groupManagement] INFO  server.RaftServerConfigKeys (ConfUtils.java:logGet(46)) - raft.server.log.segment.size.max = 67108864 (custom)
2024-01-26 21:34:19,251 [85a76c17-24cd-4caa-b4c9-2f056bfd6b3c-groupManagement] INFO  server.RaftServerConfigKeys (ConfUtils.java:logGet(46)) - raft.server.log.preallocated.size = 4194304 (custom)
2024-01-26 21:34:19,251 [85a76c17-24cd-4caa-b4c9-2f056bfd6b3c-groupManagement] INFO  server.RaftServerConfigKeys (ConfUtils.java:logGet(46)) - raft.server.log.force.sync.num = 128 (default)
2024-01-26 21:34:19,251 [85a76c17-24cd-4caa-b4c9-2f056bfd6b3c-groupManagement] INFO  server.RaftServerConfigKeys (ConfUtils.java:logGet(46)) - raft.server.log.statemachine.data.sync = true (default)
2024-01-26 21:34:19,251 [85a76c17-24cd-4caa-b4c9-2f056bfd6b3c-groupManagement] INFO  server.RaftServerConfigKeys (ConfUtils.java:logGet(46)) - raft.server.log.statemachine.data.sync.timeout = 10s (default)
2024-01-26 21:34:19,252 [85a76c17-24cd-4caa-b4c9-2f056bfd6b3c-groupManagement] INFO  server.RaftServerConfigKeys (ConfUtils.java:logGet(46)) - raft.server.log.statemachine.data.sync.timeout.retry = 0 (custom)
2024-01-26 21:34:19,252 [85a76c17-24cd-4caa-b4c9-2f056bfd6b3c-groupManagement] INFO  server.RaftServerConfigKeys (ConfUtils.java:logGet(46)) - raft.server.log.write.buffer.size = 8388616 (custom)
2024-01-26 21:34:19,252 [8aa6f495-09ad-4a32-951c-60d46ecfa148-groupManagement] INFO  util.AwaitToRun (AwaitToRun.java:start(81)) - Thread[8aa6f495-09ad-4a32-951c-60d46ecfa148@group-8184AC0C82EE-cacheEviction-AwaitToRun,5,main] started
2024-01-26 21:34:19,253 [8aa6f495-09ad-4a32-951c-60d46ecfa148-groupManagement] INFO  segmented.SegmentedRaftLogWorker (SegmentedRaftLogWorker.java:<init>(182)) - new 8aa6f495-09ad-4a32-951c-60d46ecfa148@group-8184AC0C82EE-SegmentedRaftLogWorker for RaftStorageImpl:Storage Directory /home/runner/work/ozone/ozone/hadoop-ozone/integration-test/target/test-dir/MiniOzoneClusterImpl-1af845c4-9ad0-4304-ad21-7f4426eccdbd/datanode-11/data/ratis/dd7b59b7-c8be-4835-b234-8184ac0c82ee
2024-01-26 21:34:19,253 [8aa6f495-09ad-4a32-951c-60d46ecfa148-groupManagement] INFO  server.RaftServerConfigKeys (ConfUtils.java:logGet(46)) - raft.server.log.queue.byte-limit = 4294967296 (custom)
2024-01-26 21:34:19,253 [8aa6f495-09ad-4a32-951c-60d46ecfa148-groupManagement] INFO  server.RaftServerConfigKeys (ConfUtils.java:logGet(46)) - raft.server.log.queue.element-limit = 1024 (custom)
2024-01-26 21:34:19,253 [8aa6f495-09ad-4a32-951c-60d46ecfa148-groupManagement] INFO  server.RaftServerConfigKeys (ConfUtils.java:logGet(46)) - raft.server.log.segment.size.max = 67108864 (custom)
2024-01-26 21:34:19,253 [8aa6f495-09ad-4a32-951c-60d46ecfa148-groupManagement] INFO  server.RaftServerConfigKeys (ConfUtils.java:logGet(46)) - raft.server.log.preallocated.size = 4194304 (custom)
2024-01-26 21:34:19,253 [8aa6f495-09ad-4a32-951c-60d46ecfa148-groupManagement] INFO  server.RaftServerConfigKeys (ConfUtils.java:logGet(46)) - raft.server.log.force.sync.num = 128 (default)
2024-01-26 21:34:19,253 [8aa6f495-09ad-4a32-951c-60d46ecfa148-groupManagement] INFO  server.RaftServerConfigKeys (ConfUtils.java:logGet(46)) - raft.server.log.statemachine.data.sync = true (default)
2024-01-26 21:34:19,253 [8aa6f495-09ad-4a32-951c-60d46ecfa148-groupManagement] INFO  server.RaftServerConfigKeys (ConfUtils.java:logGet(46)) - raft.server.log.statemachine.data.sync.timeout = 10s (default)
2024-01-26 21:34:19,253 [8aa6f495-09ad-4a32-951c-60d46ecfa148-groupManagement] INFO  server.RaftServerConfigKeys (ConfUtils.java:logGet(46)) - raft.server.log.statemachine.data.sync.timeout.retry = 0 (custom)
2024-01-26 21:34:19,254 [8aa6f495-09ad-4a32-951c-60d46ecfa148-groupManagement] INFO  server.RaftServerConfigKeys (ConfUtils.java:logGet(46)) - raft.server.log.write.buffer.size = 8388616 (custom)
2024-01-26 21:34:19,254 [85a76c17-24cd-4caa-b4c9-2f056bfd6b3c-groupManagement] INFO  server.RaftServerConfigKeys (ConfUtils.java:logGet(46)) - raft.server.log.appender.buffer.byte-limit = 8388608 (custom)
2024-01-26 21:34:19,254 [85a76c17-24cd-4caa-b4c9-2f056bfd6b3c-groupManagement] INFO  server.RaftServerConfigKeys (ConfUtils.java:logGet(46)) - raft.server.log.unsafe-flush.enabled = false (default)
2024-01-26 21:34:19,254 [85a76c17-24cd-4caa-b4c9-2f056bfd6b3c-groupManagement] INFO  server.RaftServerConfigKeys (ConfUtils.java:logGet(46)) - raft.server.log.async-flush.enabled = false (default)
2024-01-26 21:34:19,254 [85a76c17-24cd-4caa-b4c9-2f056bfd6b3c-groupManagement] INFO  server.RaftServerConfigKeys (ConfUtils.java:logGet(46)) - raft.server.log.statemachine.data.caching.enabled = true (custom)
2024-01-26 21:34:19,254 [85a76c17-24cd-4caa-b4c9-2f056bfd6b3c-groupManagement] INFO  segmented.SegmentedRaftLogWorker (SegmentedRaftLogWorker.java:lambda$new$0(134)) - 85a76c17-24cd-4caa-b4c9-2f056bfd6b3c@group-0864517AFB61-SegmentedRaftLogWorker: flushIndex: setUnconditionally 0 -> -1
2024-01-26 21:34:19,254 [85a76c17-24cd-4caa-b4c9-2f056bfd6b3c-groupManagement] INFO  segmented.SegmentedRaftLogWorker (SegmentedRaftLogWorker.java:lambda$new$0(134)) - 85a76c17-24cd-4caa-b4c9-2f056bfd6b3c@group-0864517AFB61-SegmentedRaftLogWorker: safeCacheEvictIndex: setUnconditionally 0 -> -1
2024-01-26 21:34:19,255 [85a76c17-24cd-4caa-b4c9-2f056bfd6b3c-groupManagement] INFO  server.RaftServer$Division (RaftServerImpl.java:start(396)) - 85a76c17-24cd-4caa-b4c9-2f056bfd6b3c@group-0864517AFB61: start as a follower, conf=-1: peers:[85a76c17-24cd-4caa-b4c9-2f056bfd6b3c|10.1.0.5:15077, 615e0ce5-d68a-4764-9dce-a037122bf2b4|10.1.0.5:15068, 157befb9-fc2c-4b56-bfb2-e4c39e5a9271|10.1.0.5:15086]|listeners:[], old=null
2024-01-26 21:34:19,255 [85a76c17-24cd-4caa-b4c9-2f056bfd6b3c-groupManagement] INFO  server.RaftServer$Division (RaftServerImpl.java:setRole(383)) - 85a76c17-24cd-4caa-b4c9-2f056bfd6b3c@group-0864517AFB61: changes role from      null to FOLLOWER at term 0 for startAsFollower
2024-01-26 21:34:19,255 [85a76c17-24cd-4caa-b4c9-2f056bfd6b3c-groupManagement] INFO  impl.RoleInfo (RoleInfo.java:updateAndGet(139)) - 85a76c17-24cd-4caa-b4c9-2f056bfd6b3c: start 85a76c17-24cd-4caa-b4c9-2f056bfd6b3c@group-0864517AFB61-FollowerState
2024-01-26 21:34:19,256 [8aa6f495-09ad-4a32-951c-60d46ecfa148-groupManagement] INFO  server.RaftServerConfigKeys (ConfUtils.java:logGet(46)) - raft.server.log.appender.buffer.byte-limit = 8388608 (custom)
2024-01-26 21:34:19,256 [8aa6f495-09ad-4a32-951c-60d46ecfa148-groupManagement] INFO  server.RaftServerConfigKeys (ConfUtils.java:logGet(46)) - raft.server.log.unsafe-flush.enabled = false (default)
2024-01-26 21:34:19,256 [8aa6f495-09ad-4a32-951c-60d46ecfa148-groupManagement] INFO  server.RaftServerConfigKeys (ConfUtils.java:logGet(46)) - raft.server.log.async-flush.enabled = false (default)
2024-01-26 21:34:19,256 [8aa6f495-09ad-4a32-951c-60d46ecfa148-groupManagement] INFO  server.RaftServerConfigKeys (ConfUtils.java:logGet(46)) - raft.server.log.statemachine.data.caching.enabled = true (custom)
2024-01-26 21:34:19,256 [8aa6f495-09ad-4a32-951c-60d46ecfa148-groupManagement] INFO  segmented.SegmentedRaftLogWorker (SegmentedRaftLogWorker.java:lambda$new$0(134)) - 8aa6f495-09ad-4a32-951c-60d46ecfa148@group-8184AC0C82EE-SegmentedRaftLogWorker: flushIndex: setUnconditionally 0 -> -1
2024-01-26 21:34:19,256 [8aa6f495-09ad-4a32-951c-60d46ecfa148-groupManagement] INFO  segmented.SegmentedRaftLogWorker (SegmentedRaftLogWorker.java:lambda$new$0(134)) - 8aa6f495-09ad-4a32-951c-60d46ecfa148@group-8184AC0C82EE-SegmentedRaftLogWorker: safeCacheEvictIndex: setUnconditionally 0 -> -1
2024-01-26 21:34:19,258 [85a76c17-24cd-4caa-b4c9-2f056bfd6b3c-groupManagement] INFO  util.JmxRegister (JmxRegister.java:tryRegister(44)) - Successfully registered JMX Bean with object name Ratis:service=RaftServer,group=group-0864517AFB61,id=85a76c17-24cd-4caa-b4c9-2f056bfd6b3c
2024-01-26 21:34:19,259 [85a76c17-24cd-4caa-b4c9-2f056bfd6b3c-groupManagement] INFO  server.RaftServerConfigKeys (ConfUtils.java:logGet(46)) - raft.server.snapshot.trigger-when-stop.enabled = true (default)
2024-01-26 21:34:19,259 [85a76c17-24cd-4caa-b4c9-2f056bfd6b3c-groupManagement] INFO  server.RaftServerConfigKeys (ConfUtils.java:logGet(46)) - raft.server.snapshot.auto.trigger.enabled = true (custom)
2024-01-26 21:34:19,259 [85a76c17-24cd-4caa-b4c9-2f056bfd6b3c-groupManagement] INFO  server.RaftServerConfigKeys (ConfUtils.java:logGet(46)) - raft.server.snapshot.auto.trigger.threshold = 10000 (custom)
2024-01-26 21:34:19,259 [85a76c17-24cd-4caa-b4c9-2f056bfd6b3c-groupManagement] INFO  server.RaftServerConfigKeys (ConfUtils.java:logGet(46)) - raft.server.snapshot.retention.file.num = 5 (custom)
2024-01-26 21:34:19,259 [85a76c17-24cd-4caa-b4c9-2f056bfd6b3c-groupManagement] INFO  server.RaftServerConfigKeys (ConfUtils.java:logGet(46)) - raft.server.log.purge.upto.snapshot.index = false (default)
2024-01-26 21:34:19,260 [grpc-default-executor-2] INFO  server.RaftServer (RaftServerProxy.java:addNew(100)) - 8aa6f495-09ad-4a32-951c-60d46ecfa148: addNew group-2F9F6A9E053B:[0454455d-17b5-4798-9ce3-34e4ad079dd1|10.1.0.5:15104, 8aa6f495-09ad-4a32-951c-60d46ecfa148|10.1.0.5:15113, cb9b1e06-b28b-4c4f-b19c-04e0cd8d01c6|10.1.0.5:15095] returns group-2F9F6A9E053B:java.util.concurrent.CompletableFuture@226397a8[Not completed]
2024-01-26 21:34:19,265 [c4b8c6be-c011-4381-a4e2-e95b959e0055-PipelineCommandHandlerThread-0] INFO  server.RaftServer (RaftServerProxy.java:addNew(100)) - c4b8c6be-c011-4381-a4e2-e95b959e0055: addNew group-AD3D73544C3B:[c4b8c6be-c011-4381-a4e2-e95b959e0055|10.1.0.5:15122] returns group-AD3D73544C3B:java.util.concurrent.CompletableFuture@27a865c0[Not completed]
2024-01-26 21:34:19,265 [85a76c17-24cd-4caa-b4c9-2f056bfd6b3c@group-0864517AFB61-FollowerState] INFO  server.RaftServerConfigKeys (ConfUtils.java:logFallback(53)) - raft.server.rpc.first-election.timeout.min = 5s (fallback to raft.server.rpc.timeout.min)
2024-01-26 21:34:19,265 [85a76c17-24cd-4caa-b4c9-2f056bfd6b3c@group-0864517AFB61-FollowerState] INFO  server.RaftServerConfigKeys (ConfUtils.java:logFallback(53)) - raft.server.rpc.first-election.timeout.max = 5200ms (fallback to raft.server.rpc.timeout.max)
2024-01-26 21:34:19,265 [8aa6f495-09ad-4a32-951c-60d46ecfa148-groupManagement] INFO  server.RaftServer$Division (RaftServerImpl.java:start(396)) - 8aa6f495-09ad-4a32-951c-60d46ecfa148@group-8184AC0C82EE: start as a follower, conf=-1: peers:[8aa6f495-09ad-4a32-951c-60d46ecfa148|10.1.0.5:15113]|listeners:[], old=null
2024-01-26 21:34:19,265 [8aa6f495-09ad-4a32-951c-60d46ecfa148-groupManagement] INFO  server.RaftServer$Division (RaftServerImpl.java:setRole(383)) - 8aa6f495-09ad-4a32-951c-60d46ecfa148@group-8184AC0C82EE: changes role from      null to FOLLOWER at term 0 for startAsFollower
2024-01-26 21:34:19,266 [8aa6f495-09ad-4a32-951c-60d46ecfa148-groupManagement] INFO  impl.RoleInfo (RoleInfo.java:updateAndGet(139)) - 8aa6f495-09ad-4a32-951c-60d46ecfa148: start 8aa6f495-09ad-4a32-951c-60d46ecfa148@group-8184AC0C82EE-FollowerState
2024-01-26 21:34:19,267 [c4b8c6be-c011-4381-a4e2-e95b959e0055-groupManagement] INFO  server.RaftServer$Division (RaftServerImpl.java:<init>(256)) - c4b8c6be-c011-4381-a4e2-e95b959e0055: new RaftServerImpl for group-AD3D73544C3B:[c4b8c6be-c011-4381-a4e2-e95b959e0055|10.1.0.5:15122] with ContainerStateMachine:uninitialized
2024-01-26 21:34:19,267 [c4b8c6be-c011-4381-a4e2-e95b959e0055-groupManagement] INFO  server.RaftServerConfigKeys (ConfUtils.java:logGet(46)) - raft.server.rpc.timeout.min = 5s (custom)
2024-01-26 21:34:19,267 [c4b8c6be-c011-4381-a4e2-e95b959e0055-groupManagement] INFO  server.RaftServerConfigKeys (ConfUtils.java:logGet(46)) - raft.server.rpc.timeout.max = 5200ms (custom)
2024-01-26 21:34:19,267 [c4b8c6be-c011-4381-a4e2-e95b959e0055-groupManagement] INFO  server.RaftServerConfigKeys (ConfUtils.java:logGet(46)) - raft.server.rpc.sleep.time = 25ms (default)
2024-01-26 21:34:19,267 [c4b8c6be-c011-4381-a4e2-e95b959e0055-groupManagement] INFO  server.RaftServerConfigKeys (ConfUtils.java:logGet(46)) - raft.server.rpc.slowness.timeout = 300s (custom)
2024-01-26 21:34:19,268 [c4b8c6be-c011-4381-a4e2-e95b959e0055-groupManagement] INFO  server.RaftServerConfigKeys (ConfUtils.java:logGet(46)) - raft.server.leaderelection.leader.step-down.wait-time = 10s (default)
2024-01-26 21:34:19,268 [c4b8c6be-c011-4381-a4e2-e95b959e0055-groupManagement] INFO  server.RaftServerConfigKeys (ConfUtils.java:logGet(46)) - raft.server.leaderelection.member.majority-add = false (default)
2024-01-26 21:34:19,268 [c4b8c6be-c011-4381-a4e2-e95b959e0055-groupManagement] INFO  server.RaftServerConfigKeys (ConfUtils.java:logGet(46)) - raft.server.sleep.deviation.threshold = 300ms (default)
2024-01-26 21:34:19,268 [c4b8c6be-c011-4381-a4e2-e95b959e0055-groupManagement] INFO  server.RaftServer$Division (ServerState.java:<init>(113)) - c4b8c6be-c011-4381-a4e2-e95b959e0055@group-AD3D73544C3B: ConfigurationManager, init=-1: peers:[c4b8c6be-c011-4381-a4e2-e95b959e0055|10.1.0.5:15122]|listeners:[], old=null, confs=<EMPTY_MAP>
2024-01-26 21:34:19,268 [c4b8c6be-c011-4381-a4e2-e95b959e0055-groupManagement] INFO  server.RaftServerConfigKeys (ConfUtils.java:logGet(46)) - raft.server.notification.no-leader.timeout = 300s (custom)
2024-01-26 21:34:19,268 [c4b8c6be-c011-4381-a4e2-e95b959e0055-groupManagement] INFO  server.RaftServerConfigKeys (ConfUtils.java:logGet(46)) - raft.server.read.timeout = 10s (default)
2024-01-26 21:34:19,268 [c4b8c6be-c011-4381-a4e2-e95b959e0055-groupManagement] INFO  server.RaftServerConfigKeys (ConfUtils.java:logGet(46)) - raft.server.retrycache.expirytime = 600000ms (custom)
2024-01-26 21:34:19,268 [c4b8c6be-c011-4381-a4e2-e95b959e0055-groupManagement] INFO  server.RaftServerConfigKeys (ConfUtils.java:logGet(46)) - raft.server.retrycache.statistics.expirytime = 100ms (default)
2024-01-26 21:34:19,269 [c4b8c6be-c011-4381-a4e2-e95b959e0055-groupManagement] INFO  server.RaftServerConfigKeys (ConfUtils.java:logGet(46)) - raft.server.read.option = DEFAULT (default)
2024-01-26 21:34:19,269 [c4b8c6be-c011-4381-a4e2-e95b959e0055-groupManagement] INFO  server.RaftServerConfigKeys (ConfUtils.java:logGet(46)) - raft.server.read.read-after-write-consistent.write-index-cache.expiry-time = 60s (default)
2024-01-26 21:34:19,271 [8aa6f495-09ad-4a32-951c-60d46ecfa148-groupManagement] INFO  util.JmxRegister (JmxRegister.java:tryRegister(44)) - Successfully registered JMX Bean with object name Ratis:service=RaftServer,group=group-8184AC0C82EE,id=8aa6f495-09ad-4a32-951c-60d46ecfa148
2024-01-26 21:34:19,271 [8aa6f495-09ad-4a32-951c-60d46ecfa148-groupManagement] INFO  server.RaftServerConfigKeys (ConfUtils.java:logGet(46)) - raft.server.snapshot.trigger-when-stop.enabled = true (default)
2024-01-26 21:34:19,271 [8aa6f495-09ad-4a32-951c-60d46ecfa148-groupManagement] INFO  server.RaftServerConfigKeys (ConfUtils.java:logGet(46)) - raft.server.snapshot.auto.trigger.enabled = true (custom)
2024-01-26 21:34:19,271 [8aa6f495-09ad-4a32-951c-60d46ecfa148-groupManagement] INFO  server.RaftServerConfigKeys (ConfUtils.java:logGet(46)) - raft.server.snapshot.auto.trigger.threshold = 10000 (custom)
2024-01-26 21:34:19,271 [8aa6f495-09ad-4a32-951c-60d46ecfa148-groupManagement] INFO  server.RaftServerConfigKeys (ConfUtils.java:logGet(46)) - raft.server.snapshot.retention.file.num = 5 (custom)
2024-01-26 21:34:19,271 [8aa6f495-09ad-4a32-951c-60d46ecfa148-groupManagement] INFO  server.RaftServerConfigKeys (ConfUtils.java:logGet(46)) - raft.server.log.purge.upto.snapshot.index = false (default)
2024-01-26 21:34:19,276 [8aa6f495-09ad-4a32-951c-60d46ecfa148@group-8184AC0C82EE-FollowerState] INFO  server.RaftServerConfigKeys (ConfUtils.java:logFallback(53)) - raft.server.rpc.first-election.timeout.min = 5s (fallback to raft.server.rpc.timeout.min)
2024-01-26 21:34:19,276 [8aa6f495-09ad-4a32-951c-60d46ecfa148@group-8184AC0C82EE-FollowerState] INFO  server.RaftServerConfigKeys (ConfUtils.java:logFallback(53)) - raft.server.rpc.first-election.timeout.max = 5200ms (fallback to raft.server.rpc.timeout.max)
2024-01-26 21:34:19,298 [c4b8c6be-c011-4381-a4e2-e95b959e0055-groupManagement] INFO  server.RaftServerConfigKeys (ConfUtils.java:logGet(46)) - raft.server.rpc.request.timeout = 60s (custom)
2024-01-26 21:34:19,299 [c4b8c6be-c011-4381-a4e2-e95b959e0055-groupManagement] INFO  server.RaftServerConfigKeys (ConfUtils.java:logGet(46)) - raft.server.log.appender.install.snapshot.enabled = false (custom)
2024-01-26 21:34:19,299 [c4b8c6be-c011-4381-a4e2-e95b959e0055-groupManagement] INFO  server.RaftServerConfigKeys (ConfUtils.java:logGet(46)) - raft.server.threadpool.server.cached = true (default)
2024-01-26 21:34:19,300 [c4b8c6be-c011-4381-a4e2-e95b959e0055-groupManagement] INFO  server.RaftServerConfigKeys (ConfUtils.java:logGet(46)) - raft.server.threadpool.server.size = 0 (default)
2024-01-26 21:34:19,300 [c4b8c6be-c011-4381-a4e2-e95b959e0055-groupManagement] INFO  server.RaftServerConfigKeys (ConfUtils.java:logGet(46)) - raft.server.threadpool.client.cached = true (default)
2024-01-26 21:34:19,300 [c4b8c6be-c011-4381-a4e2-e95b959e0055-groupManagement] INFO  server.RaftServerConfigKeys (ConfUtils.java:logGet(46)) - raft.server.threadpool.client.size = 0 (default)
2024-01-26 21:34:19,301 [c4b8c6be-c011-4381-a4e2-e95b959e0055-groupManagement] INFO  server.RaftServerConfigKeys (ConfUtils.java:logGet(46)) - raft.server.storage.free-space.min = 0MB (=0) (default)
2024-01-26 21:34:19,301 [c4b8c6be-c011-4381-a4e2-e95b959e0055-groupManagement] INFO  server.RaftServerConfigKeys (ConfUtils.java:logGet(46)) - raft.server.log.corruption.policy = EXCEPTION (default)
2024-01-26 21:34:19,301 [c4b8c6be-c011-4381-a4e2-e95b959e0055-groupManagement] INFO  server.RaftServerConfigKeys (ConfUtils.java:logGet(46)) - raft.server.storage.dir = [/home/runner/work/ozone/ozone/hadoop-ozone/integration-test/target/test-dir/MiniOzoneClusterImpl-1af845c4-9ad0-4304-ad21-7f4426eccdbd/datanode-12/data/ratis] (custom)
2024-01-26 21:34:19,302 [c4b8c6be-c011-4381-a4e2-e95b959e0055-groupManagement] INFO  storage.RaftStorageDirectory (RaftStorageDirectoryImpl.java:analyzeStorage(138)) - The storage directory /home/runner/work/ozone/ozone/hadoop-ozone/integration-test/target/test-dir/MiniOzoneClusterImpl-1af845c4-9ad0-4304-ad21-7f4426eccdbd/datanode-12/data/ratis/02416900-7ab9-489b-9c67-ad3d73544c3b does not exist. Creating ...
2024-01-26 21:34:19,303 [8aa6f495-09ad-4a32-951c-60d46ecfa148-PipelineCommandHandlerThread-0] INFO  ratis.XceiverServerRatis (XceiverServerRatis.java:addGroup(842)) - Created group PipelineID=dd7b59b7-c8be-4835-b234-8184ac0c82ee
2024-01-26 21:34:19,303 [8aa6f495-09ad-4a32-951c-60d46ecfa148-PipelineCommandHandlerThread-0] INFO  commandhandler.CreatePipelineCommandHandler (CreatePipelineCommandHandler.java:lambda$handle$2(124)) - Created Pipeline RATIS ONE PipelineID=dd7b59b7-c8be-4835-b234-8184ac0c82ee.
2024-01-26 21:34:19,303 [8aa6f495-09ad-4a32-951c-60d46ecfa148-PipelineCommandHandlerThread-0] INFO  server.RaftServer (RaftServerProxy.java:addNew(100)) - 8aa6f495-09ad-4a32-951c-60d46ecfa148: addNew group-49351C4FF157:[0454455d-17b5-4798-9ce3-34e4ad079dd1|10.1.0.5:15104, 8aa6f495-09ad-4a32-951c-60d46ecfa148|10.1.0.5:15113, cb9b1e06-b28b-4c4f-b19c-04e0cd8d01c6|10.1.0.5:15095] returns group-49351C4FF157:java.util.concurrent.CompletableFuture@5f2e505e[Not completed]
2024-01-26 21:34:19,304 [8aa6f495-09ad-4a32-951c-60d46ecfa148-groupManagement] INFO  server.RaftServer$Division (RaftServerImpl.java:<init>(256)) - 8aa6f495-09ad-4a32-951c-60d46ecfa148: new RaftServerImpl for group-2F9F6A9E053B:[0454455d-17b5-4798-9ce3-34e4ad079dd1|10.1.0.5:15104, 8aa6f495-09ad-4a32-951c-60d46ecfa148|10.1.0.5:15113, cb9b1e06-b28b-4c4f-b19c-04e0cd8d01c6|10.1.0.5:15095] with ContainerStateMachine:uninitialized
2024-01-26 21:34:19,304 [8aa6f495-09ad-4a32-951c-60d46ecfa148-groupManagement] INFO  server.RaftServerConfigKeys (ConfUtils.java:logGet(46)) - raft.server.rpc.timeout.min = 5s (custom)
2024-01-26 21:34:19,304 [8aa6f495-09ad-4a32-951c-60d46ecfa148-groupManagement] INFO  server.RaftServerConfigKeys (ConfUtils.java:logGet(46)) - raft.server.rpc.timeout.max = 5200ms (custom)
2024-01-26 21:34:19,304 [8aa6f495-09ad-4a32-951c-60d46ecfa148-groupManagement] INFO  server.RaftServerConfigKeys (ConfUtils.java:logGet(46)) - raft.server.rpc.sleep.time = 25ms (default)
2024-01-26 21:34:19,304 [8aa6f495-09ad-4a32-951c-60d46ecfa148-groupManagement] INFO  server.RaftServerConfigKeys (ConfUtils.java:logGet(46)) - raft.server.rpc.slowness.timeout = 300s (custom)
2024-01-26 21:34:19,304 [8aa6f495-09ad-4a32-951c-60d46ecfa148-groupManagement] INFO  server.RaftServerConfigKeys (ConfUtils.java:logGet(46)) - raft.server.leaderelection.leader.step-down.wait-time = 10s (default)
2024-01-26 21:34:19,304 [8aa6f495-09ad-4a32-951c-60d46ecfa148-groupManagement] INFO  server.RaftServerConfigKeys (ConfUtils.java:logGet(46)) - raft.server.leaderelection.member.majority-add = false (default)
2024-01-26 21:34:19,304 [8aa6f495-09ad-4a32-951c-60d46ecfa148-groupManagement] INFO  server.RaftServerConfigKeys (ConfUtils.java:logGet(46)) - raft.server.sleep.deviation.threshold = 300ms (default)
2024-01-26 21:34:19,304 [8aa6f495-09ad-4a32-951c-60d46ecfa148-groupManagement] INFO  server.RaftServer$Division (ServerState.java:<init>(113)) - 8aa6f495-09ad-4a32-951c-60d46ecfa148@group-2F9F6A9E053B: ConfigurationManager, init=-1: peers:[0454455d-17b5-4798-9ce3-34e4ad079dd1|10.1.0.5:15104, 8aa6f495-09ad-4a32-951c-60d46ecfa148|10.1.0.5:15113, cb9b1e06-b28b-4c4f-b19c-04e0cd8d01c6|10.1.0.5:15095]|listeners:[], old=null, confs=<EMPTY_MAP>
2024-01-26 21:34:19,304 [8aa6f495-09ad-4a32-951c-60d46ecfa148-groupManagement] INFO  server.RaftServerConfigKeys (ConfUtils.java:logGet(46)) - raft.server.notification.no-leader.timeout = 300s (custom)
2024-01-26 21:34:19,304 [8aa6f495-09ad-4a32-951c-60d46ecfa148-groupManagement] INFO  server.RaftServerConfigKeys (ConfUtils.java:logGet(46)) - raft.server.read.timeout = 10s (default)
2024-01-26 21:34:19,305 [8aa6f495-09ad-4a32-951c-60d46ecfa148-groupManagement] INFO  server.RaftServerConfigKeys (ConfUtils.java:logGet(46)) - raft.server.retrycache.expirytime = 600000ms (custom)
2024-01-26 21:34:19,305 [8aa6f495-09ad-4a32-951c-60d46ecfa148-groupManagement] INFO  server.RaftServerConfigKeys (ConfUtils.java:logGet(46)) - raft.server.retrycache.statistics.expirytime = 100ms (default)
2024-01-26 21:34:19,305 [8aa6f495-09ad-4a32-951c-60d46ecfa148-groupManagement] INFO  server.RaftServerConfigKeys (ConfUtils.java:logGet(46)) - raft.server.read.option = DEFAULT (default)
2024-01-26 21:34:19,305 [8aa6f495-09ad-4a32-951c-60d46ecfa148-groupManagement] INFO  server.RaftServerConfigKeys (ConfUtils.java:logGet(46)) - raft.server.read.read-after-write-consistent.write-index-cache.expiry-time = 60s (default)
2024-01-26 21:34:19,308 [c4b8c6be-c011-4381-a4e2-e95b959e0055-groupManagement] INFO  storage.RaftStorageDirectory (RaftStorageDirectoryImpl.java:tryLock(228)) - Lock on /home/runner/work/ozone/ozone/hadoop-ozone/integration-test/target/test-dir/MiniOzoneClusterImpl-1af845c4-9ad0-4304-ad21-7f4426eccdbd/datanode-12/data/ratis/02416900-7ab9-489b-9c67-ad3d73544c3b/in_use.lock acquired by nodename 39692@fv-az1566-86
2024-01-26 21:34:19,314 [157befb9-fc2c-4b56-bfb2-e4c39e5a9271-PipelineCommandHandlerThread-0] INFO  commandhandler.CreatePipelineCommandHandler (CreatePipelineCommandHandler.java:lambda$handle$2(124)) - Created Pipeline RATIS THREE PipelineID=2df29df1-f773-4859-906e-77329b463a15.
2024-01-26 21:34:19,316 [157befb9-fc2c-4b56-bfb2-e4c39e5a9271-PipelineCommandHandlerThread-0] INFO  server.RaftServer (RaftServerProxy.java:addNew(100)) - 157befb9-fc2c-4b56-bfb2-e4c39e5a9271: addNew group-0864517AFB61:[85a76c17-24cd-4caa-b4c9-2f056bfd6b3c|10.1.0.5:15077, 615e0ce5-d68a-4764-9dce-a037122bf2b4|10.1.0.5:15068, 157befb9-fc2c-4b56-bfb2-e4c39e5a9271|10.1.0.5:15086] returns group-0864517AFB61:java.util.concurrent.CompletableFuture@3e709ba4[Not completed]
2024-01-26 21:34:19,314 [8aa6f495-09ad-4a32-951c-60d46ecfa148-groupManagement] INFO  server.RaftServerConfigKeys (ConfUtils.java:logGet(46)) - raft.server.rpc.request.timeout = 60s (custom)
2024-01-26 21:34:19,317 [8aa6f495-09ad-4a32-951c-60d46ecfa148-groupManagement] INFO  server.RaftServerConfigKeys (ConfUtils.java:logGet(46)) - raft.server.log.appender.install.snapshot.enabled = false (custom)
2024-01-26 21:34:19,317 [8aa6f495-09ad-4a32-951c-60d46ecfa148-groupManagement] INFO  server.RaftServerConfigKeys (ConfUtils.java:logGet(46)) - raft.server.threadpool.server.cached = true (default)
2024-01-26 21:34:19,317 [157befb9-fc2c-4b56-bfb2-e4c39e5a9271-groupManagement] INFO  server.RaftServer$Division (RaftServerImpl.java:<init>(256)) - 157befb9-fc2c-4b56-bfb2-e4c39e5a9271: new RaftServerImpl for group-0864517AFB61:[85a76c17-24cd-4caa-b4c9-2f056bfd6b3c|10.1.0.5:15077, 615e0ce5-d68a-4764-9dce-a037122bf2b4|10.1.0.5:15068, 157befb9-fc2c-4b56-bfb2-e4c39e5a9271|10.1.0.5:15086] with ContainerStateMachine:uninitialized
2024-01-26 21:34:19,317 [157befb9-fc2c-4b56-bfb2-e4c39e5a9271-groupManagement] INFO  server.RaftServerConfigKeys (ConfUtils.java:logGet(46)) - raft.server.rpc.timeout.min = 5s (custom)
2024-01-26 21:34:19,317 [157befb9-fc2c-4b56-bfb2-e4c39e5a9271-groupManagement] INFO  server.RaftServerConfigKeys (ConfUtils.java:logGet(46)) - raft.server.rpc.timeout.max = 5200ms (custom)
2024-01-26 21:34:19,317 [157befb9-fc2c-4b56-bfb2-e4c39e5a9271-groupManagement] INFO  server.RaftServerConfigKeys (ConfUtils.java:logGet(46)) - raft.server.rpc.sleep.time = 25ms (default)
2024-01-26 21:34:19,317 [157befb9-fc2c-4b56-bfb2-e4c39e5a9271-groupManagement] INFO  server.RaftServerConfigKeys (ConfUtils.java:logGet(46)) - raft.server.rpc.slowness.timeout = 300s (custom)
2024-01-26 21:34:19,318 [157befb9-fc2c-4b56-bfb2-e4c39e5a9271-groupManagement] INFO  server.RaftServerConfigKeys (ConfUtils.java:logGet(46)) - raft.server.leaderelection.leader.step-down.wait-time = 10s (default)
2024-01-26 21:34:19,318 [157befb9-fc2c-4b56-bfb2-e4c39e5a9271-groupManagement] INFO  server.RaftServerConfigKeys (ConfUtils.java:logGet(46)) - raft.server.leaderelection.member.majority-add = false (default)
2024-01-26 21:34:19,343 [c4b8c6be-c011-4381-a4e2-e95b959e0055-groupManagement] INFO  storage.RaftStorage (RaftStorageImpl.java:format(99)) - Storage directory /home/runner/work/ozone/ozone/hadoop-ozone/integration-test/target/test-dir/MiniOzoneClusterImpl-1af845c4-9ad0-4304-ad21-7f4426eccdbd/datanode-12/data/ratis/02416900-7ab9-489b-9c67-ad3d73544c3b has been successfully formatted.
2024-01-26 21:34:19,344 [c4b8c6be-c011-4381-a4e2-e95b959e0055-groupManagement] WARN  util.FileUtils (LogUtils.java:supplyAndLog(63)) - Failed to Files.newInputStream /home/runner/work/ozone/ozone/hadoop-ozone/integration-test/target/test-dir/MiniOzoneClusterImpl-1af845c4-9ad0-4304-ad21-7f4426eccdbd/datanode-12/data/ratis/02416900-7ab9-489b-9c67-ad3d73544c3b/current/raft-meta.conf with options []: java.nio.file.NoSuchFileException: /home/runner/work/ozone/ozone/hadoop-ozone/integration-test/target/test-dir/MiniOzoneClusterImpl-1af845c4-9ad0-4304-ad21-7f4426eccdbd/datanode-12/data/ratis/02416900-7ab9-489b-9c67-ad3d73544c3b/current/raft-meta.conf
2024-01-26 21:34:19,317 [8aa6f495-09ad-4a32-951c-60d46ecfa148-groupManagement] INFO  server.RaftServerConfigKeys (ConfUtils.java:logGet(46)) - raft.server.threadpool.server.size = 0 (default)
2024-01-26 21:34:19,351 [8aa6f495-09ad-4a32-951c-60d46ecfa148-groupManagement] INFO  server.RaftServerConfigKeys (ConfUtils.java:logGet(46)) - raft.server.threadpool.client.cached = true (default)
2024-01-26 21:34:19,351 [8aa6f495-09ad-4a32-951c-60d46ecfa148-groupManagement] INFO  server.RaftServerConfigKeys (ConfUtils.java:logGet(46)) - raft.server.threadpool.client.size = 0 (default)
2024-01-26 21:34:19,348 [EventQueue-PipelineReportForPipelineReportHandler] INFO  pipeline.PipelineReportHandler (PipelineReportHandler.java:processPipelineReport(136)) - Opened pipeline PipelineID=02416900-7ab9-489b-9c67-ad3d73544c3b
2024-01-26 21:34:19,346 [c4b8c6be-c011-4381-a4e2-e95b959e0055-groupManagement] INFO  ratis.ContainerStateMachine (ContainerStateMachine.java:loadSnapshot(287)) - group-AD3D73544C3B: The snapshot info is null. Setting the last applied index to:(t:0, i:~)
2024-01-26 21:34:19,352 [c4b8c6be-c011-4381-a4e2-e95b959e0055-groupManagement] INFO  server.RaftServerConfigKeys (ConfUtils.java:logGet(46)) - raft.server.log.use.memory = false (default)
2024-01-26 21:34:19,343 [157befb9-fc2c-4b56-bfb2-e4c39e5a9271-groupManagement] INFO  server.RaftServerConfigKeys (ConfUtils.java:logGet(46)) - raft.server.sleep.deviation.threshold = 300ms (default)
2024-01-26 21:34:19,352 [EventQueue-OpenPipelineForHealthyPipelineSafeModeRule] INFO  safemode.SCMSafeModeManager (HealthyPipelineSafeModeRule.java:process(140)) - SCM in safe mode. Healthy pipelines reported count is 0, required healthy pipeline reported count is 1
2024-01-26 21:34:19,352 [157befb9-fc2c-4b56-bfb2-e4c39e5a9271-groupManagement] INFO  server.RaftServer$Division (ServerState.java:<init>(113)) - 157befb9-fc2c-4b56-bfb2-e4c39e5a9271@group-0864517AFB61: ConfigurationManager, init=-1: peers:[85a76c17-24cd-4caa-b4c9-2f056bfd6b3c|10.1.0.5:15077, 615e0ce5-d68a-4764-9dce-a037122bf2b4|10.1.0.5:15068, 157befb9-fc2c-4b56-bfb2-e4c39e5a9271|10.1.0.5:15086]|listeners:[], old=null, confs=<EMPTY_MAP>
2024-01-26 21:34:19,352 [157befb9-fc2c-4b56-bfb2-e4c39e5a9271-groupManagement] INFO  server.RaftServerConfigKeys (ConfUtils.java:logGet(46)) - raft.server.notification.no-leader.timeout = 300s (custom)
2024-01-26 21:34:19,352 [157befb9-fc2c-4b56-bfb2-e4c39e5a9271-groupManagement] INFO  server.RaftServerConfigKeys (ConfUtils.java:logGet(46)) - raft.server.read.timeout = 10s (default)
2024-01-26 21:34:19,352 [8aa6f495-09ad-4a32-951c-60d46ecfa148-groupManagement] INFO  server.RaftServer$Division (RaftServerImpl.java:<init>(256)) - 8aa6f495-09ad-4a32-951c-60d46ecfa148: new RaftServerImpl for group-49351C4FF157:[0454455d-17b5-4798-9ce3-34e4ad079dd1|10.1.0.5:15104, 8aa6f495-09ad-4a32-951c-60d46ecfa148|10.1.0.5:15113, cb9b1e06-b28b-4c4f-b19c-04e0cd8d01c6|10.1.0.5:15095] with ContainerStateMachine:uninitialized
2024-01-26 21:34:19,352 [8aa6f495-09ad-4a32-951c-60d46ecfa148-groupManagement] INFO  server.RaftServerConfigKeys (ConfUtils.java:logGet(46)) - raft.server.rpc.timeout.min = 5s (custom)
2024-01-26 21:34:19,352 [8aa6f495-09ad-4a32-951c-60d46ecfa148-groupManagement] INFO  server.RaftServerConfigKeys (ConfUtils.java:logGet(46)) - raft.server.rpc.timeout.max = 5200ms (custom)
2024-01-26 21:34:19,352 [8aa6f495-09ad-4a32-951c-60d46ecfa148-groupManagement] INFO  server.RaftServerConfigKeys (ConfUtils.java:logGet(46)) - raft.server.rpc.sleep.time = 25ms (default)
2024-01-26 21:34:19,352 [8aa6f495-09ad-4a32-951c-60d46ecfa148-groupManagement] INFO  server.RaftServerConfigKeys (ConfUtils.java:logGet(46)) - raft.server.rpc.slowness.timeout = 300s (custom)
2024-01-26 21:34:19,353 [8aa6f495-09ad-4a32-951c-60d46ecfa148-groupManagement] INFO  server.RaftServerConfigKeys (ConfUtils.java:logGet(46)) - raft.server.leaderelection.leader.step-down.wait-time = 10s (default)
2024-01-26 21:34:19,353 [8aa6f495-09ad-4a32-951c-60d46ecfa148-groupManagement] INFO  server.RaftServerConfigKeys (ConfUtils.java:logGet(46)) - raft.server.leaderelection.member.majority-add = false (default)
2024-01-26 21:34:19,353 [8aa6f495-09ad-4a32-951c-60d46ecfa148-groupManagement] INFO  server.RaftServerConfigKeys (ConfUtils.java:logGet(46)) - raft.server.sleep.deviation.threshold = 300ms (default)
2024-01-26 21:34:19,353 [8aa6f495-09ad-4a32-951c-60d46ecfa148-groupManagement] INFO  server.RaftServer$Division (ServerState.java:<init>(113)) - 8aa6f495-09ad-4a32-951c-60d46ecfa148@group-49351C4FF157: ConfigurationManager, init=-1: peers:[0454455d-17b5-4798-9ce3-34e4ad079dd1|10.1.0.5:15104, 8aa6f495-09ad-4a32-951c-60d46ecfa148|10.1.0.5:15113, cb9b1e06-b28b-4c4f-b19c-04e0cd8d01c6|10.1.0.5:15095]|listeners:[], old=null, confs=<EMPTY_MAP>
2024-01-26 21:34:19,353 [8aa6f495-09ad-4a32-951c-60d46ecfa148-groupManagement] INFO  server.RaftServerConfigKeys (ConfUtils.java:logGet(46)) - raft.server.notification.no-leader.timeout = 300s (custom)
2024-01-26 21:34:19,353 [8aa6f495-09ad-4a32-951c-60d46ecfa148-groupManagement] INFO  server.RaftServerConfigKeys (ConfUtils.java:logGet(46)) - raft.server.read.timeout = 10s (default)
2024-01-26 21:34:19,353 [8aa6f495-09ad-4a32-951c-60d46ecfa148-groupManagement] INFO  server.RaftServerConfigKeys (ConfUtils.java:logGet(46)) - raft.server.retrycache.expirytime = 600000ms (custom)
2024-01-26 21:34:19,353 [8aa6f495-09ad-4a32-951c-60d46ecfa148-groupManagement] INFO  server.RaftServerConfigKeys (ConfUtils.java:logGet(46)) - raft.server.retrycache.statistics.expirytime = 100ms (default)
2024-01-26 21:34:19,353 [8aa6f495-09ad-4a32-951c-60d46ecfa148-groupManagement] INFO  server.RaftServerConfigKeys (ConfUtils.java:logGet(46)) - raft.server.read.option = DEFAULT (default)
2024-01-26 21:34:19,353 [8aa6f495-09ad-4a32-951c-60d46ecfa148-groupManagement] INFO  server.RaftServerConfigKeys (ConfUtils.java:logGet(46)) - raft.server.read.read-after-write-consistent.write-index-cache.expiry-time = 60s (default)
2024-01-26 21:34:19,356 [157befb9-fc2c-4b56-bfb2-e4c39e5a9271-groupManagement] INFO  server.RaftServerConfigKeys (ConfUtils.java:logGet(46)) - raft.server.retrycache.expirytime = 600000ms (custom)
2024-01-26 21:34:19,356 [157befb9-fc2c-4b56-bfb2-e4c39e5a9271-groupManagement] INFO  server.RaftServerConfigKeys (ConfUtils.java:logGet(46)) - raft.server.retrycache.statistics.expirytime = 100ms (default)
2024-01-26 21:34:19,356 [157befb9-fc2c-4b56-bfb2-e4c39e5a9271-groupManagement] INFO  server.RaftServerConfigKeys (ConfUtils.java:logGet(46)) - raft.server.read.option = DEFAULT (default)
2024-01-26 21:34:19,356 [157befb9-fc2c-4b56-bfb2-e4c39e5a9271-groupManagement] INFO  server.RaftServerConfigKeys (ConfUtils.java:logGet(46)) - raft.server.read.read-after-write-consistent.write-index-cache.expiry-time = 60s (default)
2024-01-26 21:34:19,357 [c4b8c6be-c011-4381-a4e2-e95b959e0055-groupManagement] INFO  server.RaftServerConfigKeys (ConfUtils.java:logGet(46)) - raft.server.log.purge.gap = 1000000 (custom)
2024-01-26 21:34:19,357 [c4b8c6be-c011-4381-a4e2-e95b959e0055-groupManagement] INFO  server.RaftServerConfigKeys (ConfUtils.java:logGet(46)) - raft.server.log.appender.buffer.byte-limit = 8388608 (custom)
2024-01-26 21:34:19,357 [c4b8c6be-c011-4381-a4e2-e95b959e0055-groupManagement] INFO  server.RaftServerConfigKeys (ConfUtils.java:logGet(46)) - raft.server.log.statemachine.data.read.timeout = 1000ms (default)
2024-01-26 21:34:19,357 [c4b8c6be-c011-4381-a4e2-e95b959e0055-groupManagement] INFO  server.RaftServerConfigKeys (ConfUtils.java:logGet(46)) - raft.server.log.purge.preservation.log.num = 0 (default)
2024-01-26 21:34:19,369 [main] INFO  ozone.MiniOzoneClusterImpl (MiniOzoneClusterImpl.java:lambda$waitForClusterToBeReady$0(229)) - Nodes are ready. Got 14 of 14 DN Heartbeats.
2024-01-26 21:34:19,369 [main] INFO  ozone.MiniOzoneClusterImpl (MiniOzoneClusterImpl.java:lambda$waitForClusterToBeReady$0(232)) - Waiting for cluster to exit safe mode
2024-01-26 21:34:19,369 [main] INFO  ozone.MiniOzoneClusterImpl (MiniOzoneClusterImpl.java:lambda$waitForClusterToBeReady$0(234)) - SCM became leader
2024-01-26 21:34:19,370 [8aa6f495-09ad-4a32-951c-60d46ecfa148-groupManagement] INFO  server.RaftServerConfigKeys (ConfUtils.java:logGet(46)) - raft.server.rpc.request.timeout = 60s (custom)
2024-01-26 21:34:19,370 [8aa6f495-09ad-4a32-951c-60d46ecfa148-groupManagement] INFO  server.RaftServerConfigKeys (ConfUtils.java:logGet(46)) - raft.server.log.appender.install.snapshot.enabled = false (custom)
2024-01-26 21:34:19,370 [8aa6f495-09ad-4a32-951c-60d46ecfa148-groupManagement] INFO  server.RaftServerConfigKeys (ConfUtils.java:logGet(46)) - raft.server.threadpool.server.cached = true (default)
2024-01-26 21:34:19,370 [8aa6f495-09ad-4a32-951c-60d46ecfa148-groupManagement] INFO  server.RaftServerConfigKeys (ConfUtils.java:logGet(46)) - raft.server.threadpool.server.size = 0 (default)
2024-01-26 21:34:19,370 [8aa6f495-09ad-4a32-951c-60d46ecfa148-groupManagement] INFO  server.RaftServerConfigKeys (ConfUtils.java:logGet(46)) - raft.server.threadpool.client.cached = true (default)
2024-01-26 21:34:19,370 [8aa6f495-09ad-4a32-951c-60d46ecfa148-groupManagement] INFO  server.RaftServerConfigKeys (ConfUtils.java:logGet(46)) - raft.server.threadpool.client.size = 0 (default)
2024-01-26 21:34:19,370 [c4b8c6be-c011-4381-a4e2-e95b959e0055-groupManagement] INFO  server.RaftServerConfigKeys (ConfUtils.java:logGet(46)) - raft.server.log.segment.size.max = 67108864 (custom)
2024-01-26 21:34:19,370 [8aa6f495-09ad-4a32-951c-60d46ecfa148-groupManagement] INFO  server.RaftServerConfigKeys (ConfUtils.java:logGet(46)) - raft.server.storage.free-space.min = 0MB (=0) (default)
2024-01-26 21:34:19,373 [8aa6f495-09ad-4a32-951c-60d46ecfa148-groupManagement] INFO  server.RaftServerConfigKeys (ConfUtils.java:logGet(46)) - raft.server.log.corruption.policy = EXCEPTION (default)
2024-01-26 21:34:19,373 [8aa6f495-09ad-4a32-951c-60d46ecfa148-groupManagement] INFO  server.RaftServerConfigKeys (ConfUtils.java:logGet(46)) - raft.server.storage.dir = [/home/runner/work/ozone/ozone/hadoop-ozone/integration-test/target/test-dir/MiniOzoneClusterImpl-1af845c4-9ad0-4304-ad21-7f4426eccdbd/datanode-11/data/ratis] (custom)
2024-01-26 21:34:19,373 [8aa6f495-09ad-4a32-951c-60d46ecfa148-groupManagement] INFO  storage.RaftStorageDirectory (RaftStorageDirectoryImpl.java:analyzeStorage(138)) - The storage directory /home/runner/work/ozone/ozone/hadoop-ozone/integration-test/target/test-dir/MiniOzoneClusterImpl-1af845c4-9ad0-4304-ad21-7f4426eccdbd/datanode-11/data/ratis/4aca9b40-dc49-428a-91da-2f9f6a9e053b does not exist. Creating ...
2024-01-26 21:34:19,372 [8941232b-d533-4e67-b9a7-e63de09e5ea8-PipelineCommandHandlerThread-0] INFO  server.RaftServer (RaftServerProxy.java:addNew(100)) - 8941232b-d533-4e67-b9a7-e63de09e5ea8: addNew group-FC45B38D37D3:[8941232b-d533-4e67-b9a7-e63de09e5ea8|10.1.0.5:15131] returns group-FC45B38D37D3:java.util.concurrent.CompletableFuture@7e6a0c6f[Not completed]
2024-01-26 21:34:19,380 [8aa6f495-09ad-4a32-951c-60d46ecfa148-groupManagement] INFO  storage.RaftStorageDirectory (RaftStorageDirectoryImpl.java:tryLock(228)) - Lock on /home/runner/work/ozone/ozone/hadoop-ozone/integration-test/target/test-dir/MiniOzoneClusterImpl-1af845c4-9ad0-4304-ad21-7f4426eccdbd/datanode-11/data/ratis/4aca9b40-dc49-428a-91da-2f9f6a9e053b/in_use.lock acquired by nodename 39692@fv-az1566-86
2024-01-26 21:34:19,381 [8941232b-d533-4e67-b9a7-e63de09e5ea8-groupManagement] INFO  server.RaftServer$Division (RaftServerImpl.java:<init>(256)) - 8941232b-d533-4e67-b9a7-e63de09e5ea8: new RaftServerImpl for group-FC45B38D37D3:[8941232b-d533-4e67-b9a7-e63de09e5ea8|10.1.0.5:15131] with ContainerStateMachine:uninitialized
2024-01-26 21:34:19,381 [0454455d-17b5-4798-9ce3-34e4ad079dd1-PipelineCommandHandlerThread-0] INFO  commandhandler.CreatePipelineCommandHandler (CreatePipelineCommandHandler.java:lambda$handle$2(124)) - Created Pipeline RATIS THREE PipelineID=4aca9b40-dc49-428a-91da-2f9f6a9e053b.
2024-01-26 21:34:19,383 [0454455d-17b5-4798-9ce3-34e4ad079dd1-PipelineCommandHandlerThread-0] INFO  server.RaftServer (RaftServerProxy.java:addNew(100)) - 0454455d-17b5-4798-9ce3-34e4ad079dd1: addNew group-49351C4FF157:[0454455d-17b5-4798-9ce3-34e4ad079dd1|10.1.0.5:15104, 8aa6f495-09ad-4a32-951c-60d46ecfa148|10.1.0.5:15113, cb9b1e06-b28b-4c4f-b19c-04e0cd8d01c6|10.1.0.5:15095] returns group-49351C4FF157:java.util.concurrent.CompletableFuture@538814db[Not completed]
2024-01-26 21:34:19,384 [c4b8c6be-c011-4381-a4e2-e95b959e0055-groupManagement] INFO  server.RaftServerConfigKeys (ConfUtils.java:logGet(46)) - raft.server.log.segment.cache.num.max = 2 (custom)
2024-01-26 21:34:19,384 [c4b8c6be-c011-4381-a4e2-e95b959e0055-groupManagement] INFO  server.RaftServerConfigKeys (ConfUtils.java:logGet(46)) - raft.server.log.segment.cache.size.max = 200MB (=209715200) (default)
2024-01-26 21:34:19,384 [0454455d-17b5-4798-9ce3-34e4ad079dd1-groupManagement] INFO  server.RaftServer$Division (RaftServerImpl.java:<init>(256)) - 0454455d-17b5-4798-9ce3-34e4ad079dd1: new RaftServerImpl for group-49351C4FF157:[0454455d-17b5-4798-9ce3-34e4ad079dd1|10.1.0.5:15104, 8aa6f495-09ad-4a32-951c-60d46ecfa148|10.1.0.5:15113, cb9b1e06-b28b-4c4f-b19c-04e0cd8d01c6|10.1.0.5:15095] with ContainerStateMachine:uninitialized
2024-01-26 21:34:19,384 [0454455d-17b5-4798-9ce3-34e4ad079dd1-groupManagement] INFO  server.RaftServerConfigKeys (ConfUtils.java:logGet(46)) - raft.server.rpc.timeout.min = 5s (custom)
2024-01-26 21:34:19,385 [0454455d-17b5-4798-9ce3-34e4ad079dd1-groupManagement] INFO  server.RaftServerConfigKeys (ConfUtils.java:logGet(46)) - raft.server.rpc.timeout.max = 5200ms (custom)
2024-01-26 21:34:19,385 [0454455d-17b5-4798-9ce3-34e4ad079dd1-groupManagement] INFO  server.RaftServerConfigKeys (ConfUtils.java:logGet(46)) - raft.server.rpc.sleep.time = 25ms (default)
2024-01-26 21:34:19,385 [157befb9-fc2c-4b56-bfb2-e4c39e5a9271-groupManagement] INFO  server.RaftServerConfigKeys (ConfUtils.java:logGet(46)) - raft.server.rpc.request.timeout = 60s (custom)
2024-01-26 21:34:19,381 [8aa6f495-09ad-4a32-951c-60d46ecfa148-groupManagement] INFO  storage.RaftStorage (RaftStorageImpl.java:format(99)) - Storage directory /home/runner/work/ozone/ozone/hadoop-ozone/integration-test/target/test-dir/MiniOzoneClusterImpl-1af845c4-9ad0-4304-ad21-7f4426eccdbd/datanode-11/data/ratis/4aca9b40-dc49-428a-91da-2f9f6a9e053b has been successfully formatted.
2024-01-26 21:34:19,385 [c4b8c6be-c011-4381-a4e2-e95b959e0055-groupManagement] INFO  server.RaftServerConfigKeys (ConfUtils.java:logGet(46)) - raft.server.log.appender.buffer.byte-limit = 8388608 (custom)
2024-01-26 21:34:19,385 [8aa6f495-09ad-4a32-951c-60d46ecfa148-groupManagement] WARN  util.FileUtils (LogUtils.java:supplyAndLog(63)) - Failed to Files.newInputStream /home/runner/work/ozone/ozone/hadoop-ozone/integration-test/target/test-dir/MiniOzoneClusterImpl-1af845c4-9ad0-4304-ad21-7f4426eccdbd/datanode-11/data/ratis/4aca9b40-dc49-428a-91da-2f9f6a9e053b/current/raft-meta.conf with options []: java.nio.file.NoSuchFileException: /home/runner/work/ozone/ozone/hadoop-ozone/integration-test/target/test-dir/MiniOzoneClusterImpl-1af845c4-9ad0-4304-ad21-7f4426eccdbd/datanode-11/data/ratis/4aca9b40-dc49-428a-91da-2f9f6a9e053b/current/raft-meta.conf
2024-01-26 21:34:19,385 [157befb9-fc2c-4b56-bfb2-e4c39e5a9271-groupManagement] INFO  server.RaftServerConfigKeys (ConfUtils.java:logGet(46)) - raft.server.log.appender.install.snapshot.enabled = false (custom)
2024-01-26 21:34:19,385 [0454455d-17b5-4798-9ce3-34e4ad079dd1-groupManagement] INFO  server.RaftServerConfigKeys (ConfUtils.java:logGet(46)) - raft.server.rpc.slowness.timeout = 300s (custom)
2024-01-26 21:34:19,385 [0454455d-17b5-4798-9ce3-34e4ad079dd1-groupManagement] INFO  server.RaftServerConfigKeys (ConfUtils.java:logGet(46)) - raft.server.leaderelection.leader.step-down.wait-time = 10s (default)
2024-01-26 21:34:19,385 [0454455d-17b5-4798-9ce3-34e4ad079dd1-groupManagement] INFO  server.RaftServerConfigKeys (ConfUtils.java:logGet(46)) - raft.server.leaderelection.member.majority-add = false (default)
2024-01-26 21:34:19,385 [0454455d-17b5-4798-9ce3-34e4ad079dd1-groupManagement] INFO  server.RaftServerConfigKeys (ConfUtils.java:logGet(46)) - raft.server.sleep.deviation.threshold = 300ms (default)
2024-01-26 21:34:19,386 [0454455d-17b5-4798-9ce3-34e4ad079dd1-groupManagement] INFO  server.RaftServer$Division (ServerState.java:<init>(113)) - 0454455d-17b5-4798-9ce3-34e4ad079dd1@group-49351C4FF157: ConfigurationManager, init=-1: peers:[0454455d-17b5-4798-9ce3-34e4ad079dd1|10.1.0.5:15104, 8aa6f495-09ad-4a32-951c-60d46ecfa148|10.1.0.5:15113, cb9b1e06-b28b-4c4f-b19c-04e0cd8d01c6|10.1.0.5:15095]|listeners:[], old=null, confs=<EMPTY_MAP>
2024-01-26 21:34:19,386 [0454455d-17b5-4798-9ce3-34e4ad079dd1-groupManagement] INFO  server.RaftServerConfigKeys (ConfUtils.java:logGet(46)) - raft.server.notification.no-leader.timeout = 300s (custom)
2024-01-26 21:34:19,386 [0454455d-17b5-4798-9ce3-34e4ad079dd1-groupManagement] INFO  server.RaftServerConfigKeys (ConfUtils.java:logGet(46)) - raft.server.read.timeout = 10s (default)
2024-01-26 21:34:19,386 [0454455d-17b5-4798-9ce3-34e4ad079dd1-groupManagement] INFO  server.RaftServerConfigKeys (ConfUtils.java:logGet(46)) - raft.server.retrycache.expirytime = 600000ms (custom)
2024-01-26 21:34:19,386 [0454455d-17b5-4798-9ce3-34e4ad079dd1-groupManagement] INFO  server.RaftServerConfigKeys (ConfUtils.java:logGet(46)) - raft.server.retrycache.statistics.expirytime = 100ms (default)
2024-01-26 21:34:19,386 [0454455d-17b5-4798-9ce3-34e4ad079dd1-groupManagement] INFO  server.RaftServerConfigKeys (ConfUtils.java:logGet(46)) - raft.server.read.option = DEFAULT (default)
2024-01-26 21:34:19,386 [0454455d-17b5-4798-9ce3-34e4ad079dd1-groupManagement] INFO  server.RaftServerConfigKeys (ConfUtils.java:logGet(46)) - raft.server.read.read-after-write-consistent.write-index-cache.expiry-time = 60s (default)
2024-01-26 21:34:19,387 [8941232b-d533-4e67-b9a7-e63de09e5ea8-groupManagement] INFO  server.RaftServerConfigKeys (ConfUtils.java:logGet(46)) - raft.server.rpc.timeout.min = 5s (custom)
2024-01-26 21:34:19,387 [8941232b-d533-4e67-b9a7-e63de09e5ea8-groupManagement] INFO  server.RaftServerConfigKeys (ConfUtils.java:logGet(46)) - raft.server.rpc.timeout.max = 5200ms (custom)
2024-01-26 21:34:19,387 [8941232b-d533-4e67-b9a7-e63de09e5ea8-groupManagement] INFO  server.RaftServerConfigKeys (ConfUtils.java:logGet(46)) - raft.server.rpc.sleep.time = 25ms (default)
2024-01-26 21:34:19,387 [8941232b-d533-4e67-b9a7-e63de09e5ea8-groupManagement] INFO  server.RaftServerConfigKeys (ConfUtils.java:logGet(46)) - raft.server.rpc.slowness.timeout = 300s (custom)
2024-01-26 21:34:19,387 [8941232b-d533-4e67-b9a7-e63de09e5ea8-groupManagement] INFO  server.RaftServerConfigKeys (ConfUtils.java:logGet(46)) - raft.server.leaderelection.leader.step-down.wait-time = 10s (default)
2024-01-26 21:34:19,387 [8941232b-d533-4e67-b9a7-e63de09e5ea8-groupManagement] INFO  server.RaftServerConfigKeys (ConfUtils.java:logGet(46)) - raft.server.leaderelection.member.majority-add = false (default)
2024-01-26 21:34:19,387 [8941232b-d533-4e67-b9a7-e63de09e5ea8-groupManagement] INFO  server.RaftServerConfigKeys (ConfUtils.java:logGet(46)) - raft.server.sleep.deviation.threshold = 300ms (default)
2024-01-26 21:34:19,387 [8941232b-d533-4e67-b9a7-e63de09e5ea8-groupManagement] INFO  server.RaftServer$Division (ServerState.java:<init>(113)) - 8941232b-d533-4e67-b9a7-e63de09e5ea8@group-FC45B38D37D3: ConfigurationManager, init=-1: peers:[8941232b-d533-4e67-b9a7-e63de09e5ea8|10.1.0.5:15131]|listeners:[], old=null, confs=<EMPTY_MAP>
2024-01-26 21:34:19,387 [8941232b-d533-4e67-b9a7-e63de09e5ea8-groupManagement] INFO  server.RaftServerConfigKeys (ConfUtils.java:logGet(46)) - raft.server.notification.no-leader.timeout = 300s (custom)
2024-01-26 21:34:19,387 [8941232b-d533-4e67-b9a7-e63de09e5ea8-groupManagement] INFO  server.RaftServerConfigKeys (ConfUtils.java:logGet(46)) - raft.server.read.timeout = 10s (default)
2024-01-26 21:34:19,387 [8941232b-d533-4e67-b9a7-e63de09e5ea8-groupManagement] INFO  server.RaftServerConfigKeys (ConfUtils.java:logGet(46)) - raft.server.retrycache.expirytime = 600000ms (custom)
2024-01-26 21:34:19,387 [8941232b-d533-4e67-b9a7-e63de09e5ea8-groupManagement] INFO  server.RaftServerConfigKeys (ConfUtils.java:logGet(46)) - raft.server.retrycache.statistics.expirytime = 100ms (default)
2024-01-26 21:34:19,387 [8941232b-d533-4e67-b9a7-e63de09e5ea8-groupManagement] INFO  server.RaftServerConfigKeys (ConfUtils.java:logGet(46)) - raft.server.read.option = DEFAULT (default)
2024-01-26 21:34:19,388 [8941232b-d533-4e67-b9a7-e63de09e5ea8-groupManagement] INFO  server.RaftServerConfigKeys (ConfUtils.java:logGet(46)) - raft.server.read.read-after-write-consistent.write-index-cache.expiry-time = 60s (default)
2024-01-26 21:34:19,388 [157befb9-fc2c-4b56-bfb2-e4c39e5a9271-groupManagement] INFO  server.RaftServerConfigKeys (ConfUtils.java:logGet(46)) - raft.server.threadpool.server.cached = true (default)
2024-01-26 21:34:19,388 [157befb9-fc2c-4b56-bfb2-e4c39e5a9271-groupManagement] INFO  server.RaftServerConfigKeys (ConfUtils.java:logGet(46)) - raft.server.threadpool.server.size = 0 (default)
2024-01-26 21:34:19,388 [157befb9-fc2c-4b56-bfb2-e4c39e5a9271-groupManagement] INFO  server.RaftServerConfigKeys (ConfUtils.java:logGet(46)) - raft.server.threadpool.client.cached = true (default)
2024-01-26 21:34:19,389 [157befb9-fc2c-4b56-bfb2-e4c39e5a9271-groupManagement] INFO  server.RaftServerConfigKeys (ConfUtils.java:logGet(46)) - raft.server.threadpool.client.size = 0 (default)
2024-01-26 21:34:19,389 [157befb9-fc2c-4b56-bfb2-e4c39e5a9271-groupManagement] INFO  server.RaftServerConfigKeys (ConfUtils.java:logGet(46)) - raft.server.storage.free-space.min = 0MB (=0) (default)
2024-01-26 21:34:19,389 [157befb9-fc2c-4b56-bfb2-e4c39e5a9271-groupManagement] INFO  server.RaftServerConfigKeys (ConfUtils.java:logGet(46)) - raft.server.log.corruption.policy = EXCEPTION (default)
2024-01-26 21:34:19,389 [157befb9-fc2c-4b56-bfb2-e4c39e5a9271-groupManagement] INFO  server.RaftServerConfigKeys (ConfUtils.java:logGet(46)) - raft.server.storage.dir = [/home/runner/work/ozone/ozone/hadoop-ozone/integration-test/target/test-dir/MiniOzoneClusterImpl-1af845c4-9ad0-4304-ad21-7f4426eccdbd/datanode-8/data/ratis] (custom)
2024-01-26 21:34:19,389 [157befb9-fc2c-4b56-bfb2-e4c39e5a9271-groupManagement] INFO  storage.RaftStorageDirectory (RaftStorageDirectoryImpl.java:analyzeStorage(138)) - The storage directory /home/runner/work/ozone/ozone/hadoop-ozone/integration-test/target/test-dir/MiniOzoneClusterImpl-1af845c4-9ad0-4304-ad21-7f4426eccdbd/datanode-8/data/ratis/53d57d20-1cf2-4389-b3a7-0864517afb61 does not exist. Creating ...
2024-01-26 21:34:19,392 [EventQueue-OpenPipelineForHealthyPipelineSafeModeRule] INFO  safemode.SCMSafeModeManager (HealthyPipelineSafeModeRule.java:process(140)) - SCM in safe mode. Healthy pipelines reported count is 0, required healthy pipeline reported count is 1
2024-01-26 21:34:19,391 [8aa6f495-09ad-4a32-951c-60d46ecfa148-groupManagement] INFO  ratis.ContainerStateMachine (ContainerStateMachine.java:loadSnapshot(287)) - group-2F9F6A9E053B: The snapshot info is null. Setting the last applied index to:(t:0, i:~)
2024-01-26 21:34:19,391 [c4b8c6be-c011-4381-a4e2-e95b959e0055-groupManagement] INFO  util.AwaitToRun (AwaitToRun.java:start(81)) - Thread[c4b8c6be-c011-4381-a4e2-e95b959e0055@group-AD3D73544C3B-cacheEviction-AwaitToRun,5,main] started
2024-01-26 21:34:19,393 [c4b8c6be-c011-4381-a4e2-e95b959e0055-groupManagement] INFO  segmented.SegmentedRaftLogWorker (SegmentedRaftLogWorker.java:<init>(182)) - new c4b8c6be-c011-4381-a4e2-e95b959e0055@group-AD3D73544C3B-SegmentedRaftLogWorker for RaftStorageImpl:Storage Directory /home/runner/work/ozone/ozone/hadoop-ozone/integration-test/target/test-dir/MiniOzoneClusterImpl-1af845c4-9ad0-4304-ad21-7f4426eccdbd/datanode-12/data/ratis/02416900-7ab9-489b-9c67-ad3d73544c3b
2024-01-26 21:34:19,393 [c4b8c6be-c011-4381-a4e2-e95b959e0055-groupManagement] INFO  server.RaftServerConfigKeys (ConfUtils.java:logGet(46)) - raft.server.log.queue.byte-limit = 4294967296 (custom)
2024-01-26 21:34:19,393 [c4b8c6be-c011-4381-a4e2-e95b959e0055-groupManagement] INFO  server.RaftServerConfigKeys (ConfUtils.java:logGet(46)) - raft.server.log.queue.element-limit = 1024 (custom)
2024-01-26 21:34:19,393 [c4b8c6be-c011-4381-a4e2-e95b959e0055-groupManagement] INFO  server.RaftServerConfigKeys (ConfUtils.java:logGet(46)) - raft.server.log.segment.size.max = 67108864 (custom)
2024-01-26 21:34:19,393 [c4b8c6be-c011-4381-a4e2-e95b959e0055-groupManagement] INFO  server.RaftServerConfigKeys (ConfUtils.java:logGet(46)) - raft.server.log.preallocated.size = 4194304 (custom)
2024-01-26 21:34:19,393 [c4b8c6be-c011-4381-a4e2-e95b959e0055-groupManagement] INFO  server.RaftServerConfigKeys (ConfUtils.java:logGet(46)) - raft.server.log.force.sync.num = 128 (default)
2024-01-26 21:34:19,393 [c4b8c6be-c011-4381-a4e2-e95b959e0055-groupManagement] INFO  server.RaftServerConfigKeys (ConfUtils.java:logGet(46)) - raft.server.log.statemachine.data.sync = true (default)
2024-01-26 21:34:19,393 [c4b8c6be-c011-4381-a4e2-e95b959e0055-groupManagement] INFO  server.RaftServerConfigKeys (ConfUtils.java:logGet(46)) - raft.server.log.statemachine.data.sync.timeout = 10s (default)
2024-01-26 21:34:19,393 [c4b8c6be-c011-4381-a4e2-e95b959e0055-groupManagement] INFO  server.RaftServerConfigKeys (ConfUtils.java:logGet(46)) - raft.server.log.statemachine.data.sync.timeout.retry = 0 (custom)
2024-01-26 21:34:19,390 [0454455d-17b5-4798-9ce3-34e4ad079dd1-groupManagement] INFO  server.RaftServerConfigKeys (ConfUtils.java:logGet(46)) - raft.server.rpc.request.timeout = 60s (custom)
2024-01-26 21:34:19,394 [0454455d-17b5-4798-9ce3-34e4ad079dd1-groupManagement] INFO  server.RaftServerConfigKeys (ConfUtils.java:logGet(46)) - raft.server.log.appender.install.snapshot.enabled = false (custom)
2024-01-26 21:34:19,394 [0454455d-17b5-4798-9ce3-34e4ad079dd1-groupManagement] INFO  server.RaftServerConfigKeys (ConfUtils.java:logGet(46)) - raft.server.threadpool.server.cached = true (default)
2024-01-26 21:34:19,394 [0454455d-17b5-4798-9ce3-34e4ad079dd1-groupManagement] INFO  server.RaftServerConfigKeys (ConfUtils.java:logGet(46)) - raft.server.threadpool.server.size = 0 (default)
2024-01-26 21:34:19,394 [c4b8c6be-c011-4381-a4e2-e95b959e0055-groupManagement] INFO  server.RaftServerConfigKeys (ConfUtils.java:logGet(46)) - raft.server.log.write.buffer.size = 8388616 (custom)
2024-01-26 21:34:19,393 [157befb9-fc2c-4b56-bfb2-e4c39e5a9271-groupManagement] INFO  storage.RaftStorageDirectory (RaftStorageDirectoryImpl.java:tryLock(228)) - Lock on /home/runner/work/ozone/ozone/hadoop-ozone/integration-test/target/test-dir/MiniOzoneClusterImpl-1af845c4-9ad0-4304-ad21-7f4426eccdbd/datanode-8/data/ratis/53d57d20-1cf2-4389-b3a7-0864517afb61/in_use.lock acquired by nodename 39692@fv-az1566-86
2024-01-26 21:34:19,392 [8aa6f495-09ad-4a32-951c-60d46ecfa148-groupManagement] INFO  server.RaftServerConfigKeys (ConfUtils.java:logGet(46)) - raft.server.log.use.memory = false (default)
2024-01-26 21:34:19,394 [0454455d-17b5-4798-9ce3-34e4ad079dd1-groupManagement] INFO  server.RaftServerConfigKeys (ConfUtils.java:logGet(46)) - raft.server.threadpool.client.cached = true (default)
2024-01-26 21:34:19,394 [0454455d-17b5-4798-9ce3-34e4ad079dd1-groupManagement] INFO  server.RaftServerConfigKeys (ConfUtils.java:logGet(46)) - raft.server.threadpool.client.size = 0 (default)
2024-01-26 21:34:19,394 [0454455d-17b5-4798-9ce3-34e4ad079dd1-groupManagement] INFO  server.RaftServerConfigKeys (ConfUtils.java:logGet(46)) - raft.server.storage.free-space.min = 0MB (=0) (default)
2024-01-26 21:34:19,395 [0454455d-17b5-4798-9ce3-34e4ad079dd1-groupManagement] INFO  server.RaftServerConfigKeys (ConfUtils.java:logGet(46)) - raft.server.log.corruption.policy = EXCEPTION (default)
2024-01-26 21:34:19,394 [8aa6f495-09ad-4a32-951c-60d46ecfa148-groupManagement] INFO  server.RaftServerConfigKeys (ConfUtils.java:logGet(46)) - raft.server.log.purge.gap = 1000000 (custom)
2024-01-26 21:34:19,395 [8aa6f495-09ad-4a32-951c-60d46ecfa148-groupManagement] INFO  server.RaftServerConfigKeys (ConfUtils.java:logGet(46)) - raft.server.log.appender.buffer.byte-limit = 8388608 (custom)
2024-01-26 21:34:19,395 [8aa6f495-09ad-4a32-951c-60d46ecfa148-groupManagement] INFO  server.RaftServerConfigKeys (ConfUtils.java:logGet(46)) - raft.server.log.statemachine.data.read.timeout = 1000ms (default)
2024-01-26 21:34:19,395 [8aa6f495-09ad-4a32-951c-60d46ecfa148-groupManagement] INFO  server.RaftServerConfigKeys (ConfUtils.java:logGet(46)) - raft.server.log.purge.preservation.log.num = 0 (default)
2024-01-26 21:34:19,396 [c4b8c6be-c011-4381-a4e2-e95b959e0055-groupManagement] INFO  server.RaftServerConfigKeys (ConfUtils.java:logGet(46)) - raft.server.log.appender.buffer.byte-limit = 8388608 (custom)
2024-01-26 21:34:19,396 [c4b8c6be-c011-4381-a4e2-e95b959e0055-groupManagement] INFO  server.RaftServerConfigKeys (ConfUtils.java:logGet(46)) - raft.server.log.unsafe-flush.enabled = false (default)
2024-01-26 21:34:19,396 [c4b8c6be-c011-4381-a4e2-e95b959e0055-groupManagement] INFO  server.RaftServerConfigKeys (ConfUtils.java:logGet(46)) - raft.server.log.async-flush.enabled = false (default)
2024-01-26 21:34:19,395 [0454455d-17b5-4798-9ce3-34e4ad079dd1-groupManagement] INFO  server.RaftServerConfigKeys (ConfUtils.java:logGet(46)) - raft.server.storage.dir = [/home/runner/work/ozone/ozone/hadoop-ozone/integration-test/target/test-dir/MiniOzoneClusterImpl-1af845c4-9ad0-4304-ad21-7f4426eccdbd/datanode-10/data/ratis] (custom)
2024-01-26 21:34:19,397 [0454455d-17b5-4798-9ce3-34e4ad079dd1-groupManagement] INFO  storage.RaftStorageDirectory (RaftStorageDirectoryImpl.java:analyzeStorage(138)) - The storage directory /home/runner/work/ozone/ozone/hadoop-ozone/integration-test/target/test-dir/MiniOzoneClusterImpl-1af845c4-9ad0-4304-ad21-7f4426eccdbd/datanode-10/data/ratis/a503c7e2-affd-4241-bb23-49351c4ff157 does not exist. Creating ...
2024-01-26 21:34:19,397 [8aa6f495-09ad-4a32-951c-60d46ecfa148-groupManagement] INFO  server.RaftServerConfigKeys (ConfUtils.java:logGet(46)) - raft.server.log.segment.size.max = 67108864 (custom)
2024-01-26 21:34:19,397 [8aa6f495-09ad-4a32-951c-60d46ecfa148-groupManagement] INFO  server.RaftServerConfigKeys (ConfUtils.java:logGet(46)) - raft.server.log.segment.cache.num.max = 2 (custom)
2024-01-26 21:34:19,397 [8aa6f495-09ad-4a32-951c-60d46ecfa148-groupManagement] INFO  server.RaftServerConfigKeys (ConfUtils.java:logGet(46)) - raft.server.log.segment.cache.size.max = 200MB (=209715200) (default)
2024-01-26 21:34:19,397 [8aa6f495-09ad-4a32-951c-60d46ecfa148-groupManagement] INFO  server.RaftServerConfigKeys (ConfUtils.java:logGet(46)) - raft.server.log.appender.buffer.byte-limit = 8388608 (custom)
2024-01-26 21:34:19,396 [c4b8c6be-c011-4381-a4e2-e95b959e0055-groupManagement] INFO  server.RaftServerConfigKeys (ConfUtils.java:logGet(46)) - raft.server.log.statemachine.data.caching.enabled = true (custom)
2024-01-26 21:34:19,397 [0454455d-17b5-4798-9ce3-34e4ad079dd1-groupManagement] INFO  storage.RaftStorageDirectory (RaftStorageDirectoryImpl.java:tryLock(228)) - Lock on /home/runner/work/ozone/ozone/hadoop-ozone/integration-test/target/test-dir/MiniOzoneClusterImpl-1af845c4-9ad0-4304-ad21-7f4426eccdbd/datanode-10/data/ratis/a503c7e2-affd-4241-bb23-49351c4ff157/in_use.lock acquired by nodename 39692@fv-az1566-86
2024-01-26 21:34:19,398 [157befb9-fc2c-4b56-bfb2-e4c39e5a9271-groupManagement] INFO  storage.RaftStorage (RaftStorageImpl.java:format(99)) - Storage directory /home/runner/work/ozone/ozone/hadoop-ozone/integration-test/target/test-dir/MiniOzoneClusterImpl-1af845c4-9ad0-4304-ad21-7f4426eccdbd/datanode-8/data/ratis/53d57d20-1cf2-4389-b3a7-0864517afb61 has been successfully formatted.
2024-01-26 21:34:19,398 [c4b8c6be-c011-4381-a4e2-e95b959e0055-groupManagement] INFO  segmented.SegmentedRaftLogWorker (SegmentedRaftLogWorker.java:lambda$new$0(134)) - c4b8c6be-c011-4381-a4e2-e95b959e0055@group-AD3D73544C3B-SegmentedRaftLogWorker: flushIndex: setUnconditionally 0 -> -1
2024-01-26 21:34:19,398 [c4b8c6be-c011-4381-a4e2-e95b959e0055-groupManagement] INFO  segmented.SegmentedRaftLogWorker (SegmentedRaftLogWorker.java:lambda$new$0(134)) - c4b8c6be-c011-4381-a4e2-e95b959e0055@group-AD3D73544C3B-SegmentedRaftLogWorker: safeCacheEvictIndex: setUnconditionally 0 -> -1
2024-01-26 21:34:19,398 [157befb9-fc2c-4b56-bfb2-e4c39e5a9271-groupManagement] WARN  util.FileUtils (LogUtils.java:supplyAndLog(63)) - Failed to Files.newInputStream /home/runner/work/ozone/ozone/hadoop-ozone/integration-test/target/test-dir/MiniOzoneClusterImpl-1af845c4-9ad0-4304-ad21-7f4426eccdbd/datanode-8/data/ratis/53d57d20-1cf2-4389-b3a7-0864517afb61/current/raft-meta.conf with options []: java.nio.file.NoSuchFileException: /home/runner/work/ozone/ozone/hadoop-ozone/integration-test/target/test-dir/MiniOzoneClusterImpl-1af845c4-9ad0-4304-ad21-7f4426eccdbd/datanode-8/data/ratis/53d57d20-1cf2-4389-b3a7-0864517afb61/current/raft-meta.conf
2024-01-26 21:34:19,398 [0454455d-17b5-4798-9ce3-34e4ad079dd1-groupManagement] INFO  storage.RaftStorage (RaftStorageImpl.java:format(99)) - Storage directory /home/runner/work/ozone/ozone/hadoop-ozone/integration-test/target/test-dir/MiniOzoneClusterImpl-1af845c4-9ad0-4304-ad21-7f4426eccdbd/datanode-10/data/ratis/a503c7e2-affd-4241-bb23-49351c4ff157 has been successfully formatted.
2024-01-26 21:34:19,399 [0454455d-17b5-4798-9ce3-34e4ad079dd1-groupManagement] WARN  util.FileUtils (LogUtils.java:supplyAndLog(63)) - Failed to Files.newInputStream /home/runner/work/ozone/ozone/hadoop-ozone/integration-test/target/test-dir/MiniOzoneClusterImpl-1af845c4-9ad0-4304-ad21-7f4426eccdbd/datanode-10/data/ratis/a503c7e2-affd-4241-bb23-49351c4ff157/current/raft-meta.conf with options []: java.nio.file.NoSuchFileException: /home/runner/work/ozone/ozone/hadoop-ozone/integration-test/target/test-dir/MiniOzoneClusterImpl-1af845c4-9ad0-4304-ad21-7f4426eccdbd/datanode-10/data/ratis/a503c7e2-affd-4241-bb23-49351c4ff157/current/raft-meta.conf
2024-01-26 21:34:19,399 [8941232b-d533-4e67-b9a7-e63de09e5ea8-groupManagement] INFO  server.RaftServerConfigKeys (ConfUtils.java:logGet(46)) - raft.server.rpc.request.timeout = 60s (custom)
2024-01-26 21:34:19,399 [8941232b-d533-4e67-b9a7-e63de09e5ea8-groupManagement] INFO  server.RaftServerConfigKeys (ConfUtils.java:logGet(46)) - raft.server.log.appender.install.snapshot.enabled = false (custom)
2024-01-26 21:34:19,399 [8941232b-d533-4e67-b9a7-e63de09e5ea8-groupManagement] INFO  server.RaftServerConfigKeys (ConfUtils.java:logGet(46)) - raft.server.threadpool.server.cached = true (default)
2024-01-26 21:34:19,399 [8941232b-d533-4e67-b9a7-e63de09e5ea8-groupManagement] INFO  server.RaftServerConfigKeys (ConfUtils.java:logGet(46)) - raft.server.threadpool.server.size = 0 (default)
2024-01-26 21:34:19,400 [8941232b-d533-4e67-b9a7-e63de09e5ea8-groupManagement] INFO  server.RaftServerConfigKeys (ConfUtils.java:logGet(46)) - raft.server.threadpool.client.cached = true (default)
2024-01-26 21:34:19,400 [8941232b-d533-4e67-b9a7-e63de09e5ea8-groupManagement] INFO  server.RaftServerConfigKeys (ConfUtils.java:logGet(46)) - raft.server.threadpool.client.size = 0 (default)
2024-01-26 21:34:19,400 [8941232b-d533-4e67-b9a7-e63de09e5ea8-groupManagement] INFO  server.RaftServerConfigKeys (ConfUtils.java:logGet(46)) - raft.server.storage.free-space.min = 0MB (=0) (default)
2024-01-26 21:34:19,400 [8941232b-d533-4e67-b9a7-e63de09e5ea8-groupManagement] INFO  server.RaftServerConfigKeys (ConfUtils.java:logGet(46)) - raft.server.log.corruption.policy = EXCEPTION (default)
2024-01-26 21:34:19,400 [8941232b-d533-4e67-b9a7-e63de09e5ea8-groupManagement] INFO  server.RaftServerConfigKeys (ConfUtils.java:logGet(46)) - raft.server.storage.dir = [/home/runner/work/ozone/ozone/hadoop-ozone/integration-test/target/test-dir/MiniOzoneClusterImpl-1af845c4-9ad0-4304-ad21-7f4426eccdbd/datanode-13/data/ratis] (custom)
2024-01-26 21:34:19,400 [8941232b-d533-4e67-b9a7-e63de09e5ea8-groupManagement] INFO  storage.RaftStorageDirectory (RaftStorageDirectoryImpl.java:analyzeStorage(138)) - The storage directory /home/runner/work/ozone/ozone/hadoop-ozone/integration-test/target/test-dir/MiniOzoneClusterImpl-1af845c4-9ad0-4304-ad21-7f4426eccdbd/datanode-13/data/ratis/239c2549-daae-4ea3-8849-fc45b38d37d3 does not exist. Creating ...
2024-01-26 21:34:19,401 [615e0ce5-d68a-4764-9dce-a037122bf2b4-PipelineCommandHandlerThread-0] INFO  commandhandler.CreatePipelineCommandHandler (CreatePipelineCommandHandler.java:lambda$handle$2(124)) - Created Pipeline RATIS THREE PipelineID=53d57d20-1cf2-4389-b3a7-0864517afb61.
2024-01-26 21:34:19,401 [8941232b-d533-4e67-b9a7-e63de09e5ea8-groupManagement] INFO  storage.RaftStorageDirectory (RaftStorageDirectoryImpl.java:tryLock(228)) - Lock on /home/runner/work/ozone/ozone/hadoop-ozone/integration-test/target/test-dir/MiniOzoneClusterImpl-1af845c4-9ad0-4304-ad21-7f4426eccdbd/datanode-13/data/ratis/239c2549-daae-4ea3-8849-fc45b38d37d3/in_use.lock acquired by nodename 39692@fv-az1566-86
2024-01-26 21:34:19,401 [8aa6f495-09ad-4a32-951c-60d46ecfa148-groupManagement] INFO  util.AwaitToRun (AwaitToRun.java:start(81)) - Thread[8aa6f495-09ad-4a32-951c-60d46ecfa148@group-2F9F6A9E053B-cacheEviction-AwaitToRun,5,main] started
2024-01-26 21:34:19,402 [8aa6f495-09ad-4a32-951c-60d46ecfa148-groupManagement] INFO  segmented.SegmentedRaftLogWorker (SegmentedRaftLogWorker.java:<init>(182)) - new 8aa6f495-09ad-4a32-951c-60d46ecfa148@group-2F9F6A9E053B-SegmentedRaftLogWorker for RaftStorageImpl:Storage Directory /home/runner/work/ozone/ozone/hadoop-ozone/integration-test/target/test-dir/MiniOzoneClusterImpl-1af845c4-9ad0-4304-ad21-7f4426eccdbd/datanode-11/data/ratis/4aca9b40-dc49-428a-91da-2f9f6a9e053b
2024-01-26 21:34:19,402 [8aa6f495-09ad-4a32-951c-60d46ecfa148-groupManagement] INFO  server.RaftServerConfigKeys (ConfUtils.java:logGet(46)) - raft.server.log.queue.byte-limit = 4294967296 (custom)
2024-01-26 21:34:19,402 [8aa6f495-09ad-4a32-951c-60d46ecfa148-groupManagement] INFO  server.RaftServerConfigKeys (ConfUtils.java:logGet(46)) - raft.server.log.queue.element-limit = 1024 (custom)
2024-01-26 21:34:19,402 [8aa6f495-09ad-4a32-951c-60d46ecfa148-groupManagement] INFO  server.RaftServerConfigKeys (ConfUtils.java:logGet(46)) - raft.server.log.segment.size.max = 67108864 (custom)
2024-01-26 21:34:19,402 [8aa6f495-09ad-4a32-951c-60d46ecfa148-groupManagement] INFO  server.RaftServerConfigKeys (ConfUtils.java:logGet(46)) - raft.server.log.preallocated.size = 4194304 (custom)
2024-01-26 21:34:19,402 [8aa6f495-09ad-4a32-951c-60d46ecfa148-groupManagement] INFO  server.RaftServerConfigKeys (ConfUtils.java:logGet(46)) - raft.server.log.force.sync.num = 128 (default)
2024-01-26 21:34:19,402 [8aa6f495-09ad-4a32-951c-60d46ecfa148-groupManagement] INFO  server.RaftServerConfigKeys (ConfUtils.java:logGet(46)) - raft.server.log.statemachine.data.sync = true (default)
2024-01-26 21:34:19,402 [8aa6f495-09ad-4a32-951c-60d46ecfa148-groupManagement] INFO  server.RaftServerConfigKeys (ConfUtils.java:logGet(46)) - raft.server.log.statemachine.data.sync.timeout = 10s (default)
2024-01-26 21:34:19,402 [8aa6f495-09ad-4a32-951c-60d46ecfa148-groupManagement] INFO  server.RaftServerConfigKeys (ConfUtils.java:logGet(46)) - raft.server.log.statemachine.data.sync.timeout.retry = 0 (custom)
2024-01-26 21:34:19,403 [8aa6f495-09ad-4a32-951c-60d46ecfa148-groupManagement] INFO  server.RaftServerConfigKeys (ConfUtils.java:logGet(46)) - raft.server.log.write.buffer.size = 8388616 (custom)
2024-01-26 21:34:19,405 [8aa6f495-09ad-4a32-951c-60d46ecfa148-groupManagement] INFO  server.RaftServerConfigKeys (ConfUtils.java:logGet(46)) - raft.server.log.appender.buffer.byte-limit = 8388608 (custom)
2024-01-26 21:34:19,405 [8aa6f495-09ad-4a32-951c-60d46ecfa148-groupManagement] INFO  server.RaftServerConfigKeys (ConfUtils.java:logGet(46)) - raft.server.log.unsafe-flush.enabled = false (default)
2024-01-26 21:34:19,405 [8aa6f495-09ad-4a32-951c-60d46ecfa148-groupManagement] INFO  server.RaftServerConfigKeys (ConfUtils.java:logGet(46)) - raft.server.log.async-flush.enabled = false (default)
2024-01-26 21:34:19,405 [8aa6f495-09ad-4a32-951c-60d46ecfa148-groupManagement] INFO  server.RaftServerConfigKeys (ConfUtils.java:logGet(46)) - raft.server.log.statemachine.data.caching.enabled = true (custom)
2024-01-26 21:34:19,406 [8aa6f495-09ad-4a32-951c-60d46ecfa148-groupManagement] INFO  segmented.SegmentedRaftLogWorker (SegmentedRaftLogWorker.java:lambda$new$0(134)) - 8aa6f495-09ad-4a32-951c-60d46ecfa148@group-2F9F6A9E053B-SegmentedRaftLogWorker: flushIndex: setUnconditionally 0 -> -1
2024-01-26 21:34:19,406 [8aa6f495-09ad-4a32-951c-60d46ecfa148-groupManagement] INFO  segmented.SegmentedRaftLogWorker (SegmentedRaftLogWorker.java:lambda$new$0(134)) - 8aa6f495-09ad-4a32-951c-60d46ecfa148@group-2F9F6A9E053B-SegmentedRaftLogWorker: safeCacheEvictIndex: setUnconditionally 0 -> -1
2024-01-26 21:34:19,406 [8941232b-d533-4e67-b9a7-e63de09e5ea8-groupManagement] INFO  storage.RaftStorage (RaftStorageImpl.java:format(99)) - Storage directory /home/runner/work/ozone/ozone/hadoop-ozone/integration-test/target/test-dir/MiniOzoneClusterImpl-1af845c4-9ad0-4304-ad21-7f4426eccdbd/datanode-13/data/ratis/239c2549-daae-4ea3-8849-fc45b38d37d3 has been successfully formatted.
2024-01-26 21:34:19,406 [8941232b-d533-4e67-b9a7-e63de09e5ea8-groupManagement] WARN  util.FileUtils (LogUtils.java:supplyAndLog(63)) - Failed to Files.newInputStream /home/runner/work/ozone/ozone/hadoop-ozone/integration-test/target/test-dir/MiniOzoneClusterImpl-1af845c4-9ad0-4304-ad21-7f4426eccdbd/datanode-13/data/ratis/239c2549-daae-4ea3-8849-fc45b38d37d3/current/raft-meta.conf with options []: java.nio.file.NoSuchFileException: /home/runner/work/ozone/ozone/hadoop-ozone/integration-test/target/test-dir/MiniOzoneClusterImpl-1af845c4-9ad0-4304-ad21-7f4426eccdbd/datanode-13/data/ratis/239c2549-daae-4ea3-8849-fc45b38d37d3/current/raft-meta.conf
2024-01-26 21:34:19,411 [8aa6f495-09ad-4a32-951c-60d46ecfa148-groupManagement] INFO  server.RaftServer$Division (RaftServerImpl.java:start(396)) - 8aa6f495-09ad-4a32-951c-60d46ecfa148@group-2F9F6A9E053B: start as a follower, conf=-1: peers:[0454455d-17b5-4798-9ce3-34e4ad079dd1|10.1.0.5:15104, 8aa6f495-09ad-4a32-951c-60d46ecfa148|10.1.0.5:15113, cb9b1e06-b28b-4c4f-b19c-04e0cd8d01c6|10.1.0.5:15095]|listeners:[], old=null
2024-01-26 21:34:19,411 [8aa6f495-09ad-4a32-951c-60d46ecfa148-groupManagement] INFO  server.RaftServer$Division (RaftServerImpl.java:setRole(383)) - 8aa6f495-09ad-4a32-951c-60d46ecfa148@group-2F9F6A9E053B: changes role from      null to FOLLOWER at term 0 for startAsFollower
2024-01-26 21:34:19,411 [8aa6f495-09ad-4a32-951c-60d46ecfa148-groupManagement] INFO  impl.RoleInfo (RoleInfo.java:updateAndGet(139)) - 8aa6f495-09ad-4a32-951c-60d46ecfa148: start 8aa6f495-09ad-4a32-951c-60d46ecfa148@group-2F9F6A9E053B-FollowerState
2024-01-26 21:34:19,411 [8aa6f495-09ad-4a32-951c-60d46ecfa148@group-2F9F6A9E053B-FollowerState] INFO  server.RaftServerConfigKeys (ConfUtils.java:logFallback(53)) - raft.server.rpc.first-election.timeout.min = 5s (fallback to raft.server.rpc.timeout.min)
2024-01-26 21:34:19,412 [8aa6f495-09ad-4a32-951c-60d46ecfa148@group-2F9F6A9E053B-FollowerState] INFO  server.RaftServerConfigKeys (ConfUtils.java:logFallback(53)) - raft.server.rpc.first-election.timeout.max = 5200ms (fallback to raft.server.rpc.timeout.max)
2024-01-26 21:34:19,413 [EventQueue-OpenPipelineForHealthyPipelineSafeModeRule] INFO  safemode.SCMSafeModeManager (HealthyPipelineSafeModeRule.java:process(140)) - SCM in safe mode. Healthy pipelines reported count is 0, required healthy pipeline reported count is 1
2024-01-26 21:34:19,413 [EventQueue-OpenPipelineForHealthyPipelineSafeModeRule] INFO  safemode.SCMSafeModeManager (HealthyPipelineSafeModeRule.java:process(140)) - SCM in safe mode. Healthy pipelines reported count is 0, required healthy pipeline reported count is 1
2024-01-26 21:34:19,411 [0454455d-17b5-4798-9ce3-34e4ad079dd1-groupManagement] INFO  ratis.ContainerStateMachine (ContainerStateMachine.java:loadSnapshot(287)) - group-49351C4FF157: The snapshot info is null. Setting the last applied index to:(t:0, i:~)
2024-01-26 21:34:19,413 [0454455d-17b5-4798-9ce3-34e4ad079dd1-groupManagement] INFO  server.RaftServerConfigKeys (ConfUtils.java:logGet(46)) - raft.server.log.use.memory = false (default)
2024-01-26 21:34:19,413 [0454455d-17b5-4798-9ce3-34e4ad079dd1-groupManagement] INFO  server.RaftServerConfigKeys (ConfUtils.java:logGet(46)) - raft.server.log.purge.gap = 1000000 (custom)
2024-01-26 21:34:19,413 [0454455d-17b5-4798-9ce3-34e4ad079dd1-groupManagement] INFO  server.RaftServerConfigKeys (ConfUtils.java:logGet(46)) - raft.server.log.appender.buffer.byte-limit = 8388608 (custom)
2024-01-26 21:34:19,413 [0454455d-17b5-4798-9ce3-34e4ad079dd1-groupManagement] INFO  server.RaftServerConfigKeys (ConfUtils.java:logGet(46)) - raft.server.log.statemachine.data.read.timeout = 1000ms (default)
2024-01-26 21:34:19,413 [0454455d-17b5-4798-9ce3-34e4ad079dd1-groupManagement] INFO  server.RaftServerConfigKeys (ConfUtils.java:logGet(46)) - raft.server.log.purge.preservation.log.num = 0 (default)
2024-01-26 21:34:19,411 [157befb9-fc2c-4b56-bfb2-e4c39e5a9271-groupManagement] INFO  ratis.ContainerStateMachine (ContainerStateMachine.java:loadSnapshot(287)) - group-0864517AFB61: The snapshot info is null. Setting the last applied index to:(t:0, i:~)
2024-01-26 21:34:19,416 [157befb9-fc2c-4b56-bfb2-e4c39e5a9271-groupManagement] INFO  server.RaftServerConfigKeys (ConfUtils.java:logGet(46)) - raft.server.log.use.memory = false (default)
2024-01-26 21:34:19,416 [157befb9-fc2c-4b56-bfb2-e4c39e5a9271-groupManagement] INFO  server.RaftServerConfigKeys (ConfUtils.java:logGet(46)) - raft.server.log.purge.gap = 1000000 (custom)
2024-01-26 21:34:19,416 [157befb9-fc2c-4b56-bfb2-e4c39e5a9271-groupManagement] INFO  server.RaftServerConfigKeys (ConfUtils.java:logGet(46)) - raft.server.log.appender.buffer.byte-limit = 8388608 (custom)
2024-01-26 21:34:19,416 [157befb9-fc2c-4b56-bfb2-e4c39e5a9271-groupManagement] INFO  server.RaftServerConfigKeys (ConfUtils.java:logGet(46)) - raft.server.log.statemachine.data.read.timeout = 1000ms (default)
2024-01-26 21:34:19,416 [157befb9-fc2c-4b56-bfb2-e4c39e5a9271-groupManagement] INFO  server.RaftServerConfigKeys (ConfUtils.java:logGet(46)) - raft.server.log.purge.preservation.log.num = 0 (default)
2024-01-26 21:34:19,417 [EventQueue-PipelineReportForPipelineReportHandler] INFO  pipeline.PipelineReportHandler (PipelineReportHandler.java:processPipelineReport(136)) - Opened pipeline PipelineID=239c2549-daae-4ea3-8849-fc45b38d37d3
2024-01-26 21:34:19,417 [EventQueue-OpenPipelineForHealthyPipelineSafeModeRule] INFO  safemode.SCMSafeModeManager (HealthyPipelineSafeModeRule.java:process(140)) - SCM in safe mode. Healthy pipelines reported count is 0, required healthy pipeline reported count is 1
2024-01-26 21:34:19,411 [8aa6f495-09ad-4a32-951c-60d46ecfa148-groupManagement] INFO  util.JmxRegister (JmxRegister.java:tryRegister(44)) - Successfully registered JMX Bean with object name Ratis:service=RaftServer,group=group-2F9F6A9E053B,id=8aa6f495-09ad-4a32-951c-60d46ecfa148
2024-01-26 21:34:19,417 [8aa6f495-09ad-4a32-951c-60d46ecfa148-groupManagement] INFO  server.RaftServerConfigKeys (ConfUtils.java:logGet(46)) - raft.server.snapshot.trigger-when-stop.enabled = true (default)
2024-01-26 21:34:19,417 [8aa6f495-09ad-4a32-951c-60d46ecfa148-groupManagement] INFO  server.RaftServerConfigKeys (ConfUtils.java:logGet(46)) - raft.server.snapshot.auto.trigger.enabled = true (custom)
2024-01-26 21:34:19,417 [8aa6f495-09ad-4a32-951c-60d46ecfa148-groupManagement] INFO  server.RaftServerConfigKeys (ConfUtils.java:logGet(46)) - raft.server.snapshot.auto.trigger.threshold = 10000 (custom)
2024-01-26 21:34:19,417 [8aa6f495-09ad-4a32-951c-60d46ecfa148-groupManagement] INFO  server.RaftServerConfigKeys (ConfUtils.java:logGet(46)) - raft.server.snapshot.retention.file.num = 5 (custom)
2024-01-26 21:34:19,417 [8aa6f495-09ad-4a32-951c-60d46ecfa148-groupManagement] INFO  server.RaftServerConfigKeys (ConfUtils.java:logGet(46)) - raft.server.log.purge.upto.snapshot.index = false (default)
2024-01-26 21:34:19,416 [c4b8c6be-c011-4381-a4e2-e95b959e0055-groupManagement] INFO  server.RaftServer$Division (RaftServerImpl.java:start(396)) - c4b8c6be-c011-4381-a4e2-e95b959e0055@group-AD3D73544C3B: start as a follower, conf=-1: peers:[c4b8c6be-c011-4381-a4e2-e95b959e0055|10.1.0.5:15122]|listeners:[], old=null
2024-01-26 21:34:19,417 [c4b8c6be-c011-4381-a4e2-e95b959e0055-groupManagement] INFO  server.RaftServer$Division (RaftServerImpl.java:setRole(383)) - c4b8c6be-c011-4381-a4e2-e95b959e0055@group-AD3D73544C3B: changes role from      null to FOLLOWER at term 0 for startAsFollower
2024-01-26 21:34:19,417 [c4b8c6be-c011-4381-a4e2-e95b959e0055-groupManagement] INFO  impl.RoleInfo (RoleInfo.java:updateAndGet(139)) - c4b8c6be-c011-4381-a4e2-e95b959e0055: start c4b8c6be-c011-4381-a4e2-e95b959e0055@group-AD3D73544C3B-FollowerState
2024-01-26 21:34:19,415 [8941232b-d533-4e67-b9a7-e63de09e5ea8-groupManagement] INFO  ratis.ContainerStateMachine (ContainerStateMachine.java:loadSnapshot(287)) - group-FC45B38D37D3: The snapshot info is null. Setting the last applied index to:(t:0, i:~)
2024-01-26 21:34:19,419 [c4b8c6be-c011-4381-a4e2-e95b959e0055@group-AD3D73544C3B-FollowerState] INFO  server.RaftServerConfigKeys (ConfUtils.java:logFallback(53)) - raft.server.rpc.first-election.timeout.min = 5s (fallback to raft.server.rpc.timeout.min)
2024-01-26 21:34:19,419 [c4b8c6be-c011-4381-a4e2-e95b959e0055-groupManagement] INFO  util.JmxRegister (JmxRegister.java:tryRegister(44)) - Successfully registered JMX Bean with object name Ratis:service=RaftServer,group=group-AD3D73544C3B,id=c4b8c6be-c011-4381-a4e2-e95b959e0055
2024-01-26 21:34:19,419 [c4b8c6be-c011-4381-a4e2-e95b959e0055-groupManagement] INFO  server.RaftServerConfigKeys (ConfUtils.java:logGet(46)) - raft.server.snapshot.trigger-when-stop.enabled = true (default)
2024-01-26 21:34:19,419 [c4b8c6be-c011-4381-a4e2-e95b959e0055-groupManagement] INFO  server.RaftServerConfigKeys (ConfUtils.java:logGet(46)) - raft.server.snapshot.auto.trigger.enabled = true (custom)
2024-01-26 21:34:19,419 [c4b8c6be-c011-4381-a4e2-e95b959e0055-groupManagement] INFO  server.RaftServerConfigKeys (ConfUtils.java:logGet(46)) - raft.server.snapshot.auto.trigger.threshold = 10000 (custom)
2024-01-26 21:34:19,419 [c4b8c6be-c011-4381-a4e2-e95b959e0055-groupManagement] INFO  server.RaftServerConfigKeys (ConfUtils.java:logGet(46)) - raft.server.snapshot.retention.file.num = 5 (custom)
2024-01-26 21:34:19,419 [c4b8c6be-c011-4381-a4e2-e95b959e0055-groupManagement] INFO  server.RaftServerConfigKeys (ConfUtils.java:logGet(46)) - raft.server.log.purge.upto.snapshot.index = false (default)
2024-01-26 21:34:19,419 [157befb9-fc2c-4b56-bfb2-e4c39e5a9271-groupManagement] INFO  server.RaftServerConfigKeys (ConfUtils.java:logGet(46)) - raft.server.log.segment.size.max = 67108864 (custom)
2024-01-26 21:34:19,419 [0454455d-17b5-4798-9ce3-34e4ad079dd1-groupManagement] INFO  server.RaftServerConfigKeys (ConfUtils.java:logGet(46)) - raft.server.log.segment.size.max = 67108864 (custom)
2024-01-26 21:34:19,421 [c4b8c6be-c011-4381-a4e2-e95b959e0055-PipelineCommandHandlerThread-0] INFO  ratis.XceiverServerRatis (XceiverServerRatis.java:addGroup(842)) - Created group PipelineID=02416900-7ab9-489b-9c67-ad3d73544c3b
2024-01-26 21:34:19,421 [157befb9-fc2c-4b56-bfb2-e4c39e5a9271-groupManagement] INFO  server.RaftServerConfigKeys (ConfUtils.java:logGet(46)) - raft.server.log.segment.cache.num.max = 2 (custom)
2024-01-26 21:34:19,421 [157befb9-fc2c-4b56-bfb2-e4c39e5a9271-groupManagement] INFO  server.RaftServerConfigKeys (ConfUtils.java:logGet(46)) - raft.server.log.segment.cache.size.max = 200MB (=209715200) (default)
2024-01-26 21:34:19,421 [157befb9-fc2c-4b56-bfb2-e4c39e5a9271-groupManagement] INFO  server.RaftServerConfigKeys (ConfUtils.java:logGet(46)) - raft.server.log.appender.buffer.byte-limit = 8388608 (custom)
2024-01-26 21:34:19,422 [0454455d-17b5-4798-9ce3-34e4ad079dd1-groupManagement] INFO  server.RaftServerConfigKeys (ConfUtils.java:logGet(46)) - raft.server.log.segment.cache.num.max = 2 (custom)
2024-01-26 21:34:19,422 [0454455d-17b5-4798-9ce3-34e4ad079dd1-groupManagement] INFO  server.RaftServerConfigKeys (ConfUtils.java:logGet(46)) - raft.server.log.segment.cache.size.max = 200MB (=209715200) (default)
2024-01-26 21:34:19,422 [0454455d-17b5-4798-9ce3-34e4ad079dd1-groupManagement] INFO  server.RaftServerConfigKeys (ConfUtils.java:logGet(46)) - raft.server.log.appender.buffer.byte-limit = 8388608 (custom)
2024-01-26 21:34:19,423 [157befb9-fc2c-4b56-bfb2-e4c39e5a9271-groupManagement] INFO  util.AwaitToRun (AwaitToRun.java:start(81)) - Thread[157befb9-fc2c-4b56-bfb2-e4c39e5a9271@group-0864517AFB61-cacheEviction-AwaitToRun,5,main] started
2024-01-26 21:34:19,423 [157befb9-fc2c-4b56-bfb2-e4c39e5a9271-groupManagement] INFO  segmented.SegmentedRaftLogWorker (SegmentedRaftLogWorker.java:<init>(182)) - new 157befb9-fc2c-4b56-bfb2-e4c39e5a9271@group-0864517AFB61-SegmentedRaftLogWorker for RaftStorageImpl:Storage Directory /home/runner/work/ozone/ozone/hadoop-ozone/integration-test/target/test-dir/MiniOzoneClusterImpl-1af845c4-9ad0-4304-ad21-7f4426eccdbd/datanode-8/data/ratis/53d57d20-1cf2-4389-b3a7-0864517afb61
2024-01-26 21:34:19,423 [157befb9-fc2c-4b56-bfb2-e4c39e5a9271-groupManagement] INFO  server.RaftServerConfigKeys (ConfUtils.java:logGet(46)) - raft.server.log.queue.byte-limit = 4294967296 (custom)
2024-01-26 21:34:19,423 [157befb9-fc2c-4b56-bfb2-e4c39e5a9271-groupManagement] INFO  server.RaftServerConfigKeys (ConfUtils.java:logGet(46)) - raft.server.log.queue.element-limit = 1024 (custom)
2024-01-26 21:34:19,423 [157befb9-fc2c-4b56-bfb2-e4c39e5a9271-groupManagement] INFO  server.RaftServerConfigKeys (ConfUtils.java:logGet(46)) - raft.server.log.segment.size.max = 67108864 (custom)
2024-01-26 21:34:19,423 [157befb9-fc2c-4b56-bfb2-e4c39e5a9271-groupManagement] INFO  server.RaftServerConfigKeys (ConfUtils.java:logGet(46)) - raft.server.log.preallocated.size = 4194304 (custom)
2024-01-26 21:34:19,423 [157befb9-fc2c-4b56-bfb2-e4c39e5a9271-groupManagement] INFO  server.RaftServerConfigKeys (ConfUtils.java:logGet(46)) - raft.server.log.force.sync.num = 128 (default)
2024-01-26 21:34:19,423 [157befb9-fc2c-4b56-bfb2-e4c39e5a9271-groupManagement] INFO  server.RaftServerConfigKeys (ConfUtils.java:logGet(46)) - raft.server.log.statemachine.data.sync = true (default)
2024-01-26 21:34:19,423 [157befb9-fc2c-4b56-bfb2-e4c39e5a9271-groupManagement] INFO  server.RaftServerConfigKeys (ConfUtils.java:logGet(46)) - raft.server.log.statemachine.data.sync.timeout = 10s (default)
2024-01-26 21:34:19,423 [157befb9-fc2c-4b56-bfb2-e4c39e5a9271-groupManagement] INFO  server.RaftServerConfigKeys (ConfUtils.java:logGet(46)) - raft.server.log.statemachine.data.sync.timeout.retry = 0 (custom)
2024-01-26 21:34:19,419 [8941232b-d533-4e67-b9a7-e63de09e5ea8-groupManagement] INFO  server.RaftServerConfigKeys (ConfUtils.java:logGet(46)) - raft.server.log.use.memory = false (default)
2024-01-26 21:34:19,424 [157befb9-fc2c-4b56-bfb2-e4c39e5a9271-groupManagement] INFO  server.RaftServerConfigKeys (ConfUtils.java:logGet(46)) - raft.server.log.write.buffer.size = 8388616 (custom)
2024-01-26 21:34:19,424 [8941232b-d533-4e67-b9a7-e63de09e5ea8-groupManagement] INFO  server.RaftServerConfigKeys (ConfUtils.java:logGet(46)) - raft.server.log.purge.gap = 1000000 (custom)
2024-01-26 21:34:19,421 [c4b8c6be-c011-4381-a4e2-e95b959e0055-PipelineCommandHandlerThread-0] INFO  commandhandler.CreatePipelineCommandHandler (CreatePipelineCommandHandler.java:lambda$handle$2(124)) - Created Pipeline RATIS ONE PipelineID=02416900-7ab9-489b-9c67-ad3d73544c3b.
2024-01-26 21:34:19,424 [8941232b-d533-4e67-b9a7-e63de09e5ea8-groupManagement] INFO  server.RaftServerConfigKeys (ConfUtils.java:logGet(46)) - raft.server.log.appender.buffer.byte-limit = 8388608 (custom)
2024-01-26 21:34:19,425 [8941232b-d533-4e67-b9a7-e63de09e5ea8-groupManagement] INFO  server.RaftServerConfigKeys (ConfUtils.java:logGet(46)) - raft.server.log.statemachine.data.read.timeout = 1000ms (default)
2024-01-26 21:34:19,425 [8941232b-d533-4e67-b9a7-e63de09e5ea8-groupManagement] INFO  server.RaftServerConfigKeys (ConfUtils.java:logGet(46)) - raft.server.log.purge.preservation.log.num = 0 (default)
2024-01-26 21:34:19,426 [157befb9-fc2c-4b56-bfb2-e4c39e5a9271-groupManagement] INFO  server.RaftServerConfigKeys (ConfUtils.java:logGet(46)) - raft.server.log.appender.buffer.byte-limit = 8388608 (custom)
2024-01-26 21:34:19,426 [157befb9-fc2c-4b56-bfb2-e4c39e5a9271-groupManagement] INFO  server.RaftServerConfigKeys (ConfUtils.java:logGet(46)) - raft.server.log.unsafe-flush.enabled = false (default)
2024-01-26 21:34:19,426 [157befb9-fc2c-4b56-bfb2-e4c39e5a9271-groupManagement] INFO  server.RaftServerConfigKeys (ConfUtils.java:logGet(46)) - raft.server.log.async-flush.enabled = false (default)
2024-01-26 21:34:19,426 [157befb9-fc2c-4b56-bfb2-e4c39e5a9271-groupManagement] INFO  server.RaftServerConfigKeys (ConfUtils.java:logGet(46)) - raft.server.log.statemachine.data.caching.enabled = true (custom)
2024-01-26 21:34:19,427 [157befb9-fc2c-4b56-bfb2-e4c39e5a9271-groupManagement] INFO  segmented.SegmentedRaftLogWorker (SegmentedRaftLogWorker.java:lambda$new$0(134)) - 157befb9-fc2c-4b56-bfb2-e4c39e5a9271@group-0864517AFB61-SegmentedRaftLogWorker: flushIndex: setUnconditionally 0 -> -1
2024-01-26 21:34:19,427 [157befb9-fc2c-4b56-bfb2-e4c39e5a9271-groupManagement] INFO  segmented.SegmentedRaftLogWorker (SegmentedRaftLogWorker.java:lambda$new$0(134)) - 157befb9-fc2c-4b56-bfb2-e4c39e5a9271@group-0864517AFB61-SegmentedRaftLogWorker: safeCacheEvictIndex: setUnconditionally 0 -> -1
2024-01-26 21:34:19,420 [c4b8c6be-c011-4381-a4e2-e95b959e0055@group-AD3D73544C3B-FollowerState] INFO  server.RaftServerConfigKeys (ConfUtils.java:logFallback(53)) - raft.server.rpc.first-election.timeout.max = 5200ms (fallback to raft.server.rpc.timeout.max)
2024-01-26 21:34:19,428 [8941232b-d533-4e67-b9a7-e63de09e5ea8-groupManagement] INFO  server.RaftServerConfigKeys (ConfUtils.java:logGet(46)) - raft.server.log.segment.size.max = 67108864 (custom)
2024-01-26 21:34:19,430 [8941232b-d533-4e67-b9a7-e63de09e5ea8-groupManagement] INFO  server.RaftServerConfigKeys (ConfUtils.java:logGet(46)) - raft.server.log.segment.cache.num.max = 2 (custom)
2024-01-26 21:34:19,430 [8941232b-d533-4e67-b9a7-e63de09e5ea8-groupManagement] INFO  server.RaftServerConfigKeys (ConfUtils.java:logGet(46)) - raft.server.log.segment.cache.size.max = 200MB (=209715200) (default)
2024-01-26 21:34:19,431 [8941232b-d533-4e67-b9a7-e63de09e5ea8-groupManagement] INFO  server.RaftServerConfigKeys (ConfUtils.java:logGet(46)) - raft.server.log.appender.buffer.byte-limit = 8388608 (custom)
2024-01-26 21:34:19,431 [8aa6f495-09ad-4a32-951c-60d46ecfa148-groupManagement] INFO  server.RaftServerConfigKeys (ConfUtils.java:logGet(46)) - raft.server.storage.free-space.min = 0MB (=0) (default)
2024-01-26 21:34:19,434 [8aa6f495-09ad-4a32-951c-60d46ecfa148-groupManagement] INFO  server.RaftServerConfigKeys (ConfUtils.java:logGet(46)) - raft.server.log.corruption.policy = EXCEPTION (default)
2024-01-26 21:34:19,434 [8aa6f495-09ad-4a32-951c-60d46ecfa148-groupManagement] INFO  server.RaftServerConfigKeys (ConfUtils.java:logGet(46)) - raft.server.storage.dir = [/home/runner/work/ozone/ozone/hadoop-ozone/integration-test/target/test-dir/MiniOzoneClusterImpl-1af845c4-9ad0-4304-ad21-7f4426eccdbd/datanode-11/data/ratis] (custom)
2024-01-26 21:34:19,434 [8aa6f495-09ad-4a32-951c-60d46ecfa148-groupManagement] INFO  storage.RaftStorageDirectory (RaftStorageDirectoryImpl.java:analyzeStorage(138)) - The storage directory /home/runner/work/ozone/ozone/hadoop-ozone/integration-test/target/test-dir/MiniOzoneClusterImpl-1af845c4-9ad0-4304-ad21-7f4426eccdbd/datanode-11/data/ratis/a503c7e2-affd-4241-bb23-49351c4ff157 does not exist. Creating ...
2024-01-26 21:34:19,435 [0454455d-17b5-4798-9ce3-34e4ad079dd1-groupManagement] INFO  util.AwaitToRun (AwaitToRun.java:start(81)) - Thread[0454455d-17b5-4798-9ce3-34e4ad079dd1@group-49351C4FF157-cacheEviction-AwaitToRun,5,main] started
2024-01-26 21:34:19,435 [0454455d-17b5-4798-9ce3-34e4ad079dd1-groupManagement] INFO  segmented.SegmentedRaftLogWorker (SegmentedRaftLogWorker.java:<init>(182)) - new 0454455d-17b5-4798-9ce3-34e4ad079dd1@group-49351C4FF157-SegmentedRaftLogWorker for RaftStorageImpl:Storage Directory /home/runner/work/ozone/ozone/hadoop-ozone/integration-test/target/test-dir/MiniOzoneClusterImpl-1af845c4-9ad0-4304-ad21-7f4426eccdbd/datanode-10/data/ratis/a503c7e2-affd-4241-bb23-49351c4ff157
2024-01-26 21:34:19,435 [0454455d-17b5-4798-9ce3-34e4ad079dd1-groupManagement] INFO  server.RaftServerConfigKeys (ConfUtils.java:logGet(46)) - raft.server.log.queue.byte-limit = 4294967296 (custom)
2024-01-26 21:34:19,435 [0454455d-17b5-4798-9ce3-34e4ad079dd1-groupManagement] INFO  server.RaftServerConfigKeys (ConfUtils.java:logGet(46)) - raft.server.log.queue.element-limit = 1024 (custom)
2024-01-26 21:34:19,435 [0454455d-17b5-4798-9ce3-34e4ad079dd1-groupManagement] INFO  server.RaftServerConfigKeys (ConfUtils.java:logGet(46)) - raft.server.log.segment.size.max = 67108864 (custom)
2024-01-26 21:34:19,435 [0454455d-17b5-4798-9ce3-34e4ad079dd1-groupManagement] INFO  server.RaftServerConfigKeys (ConfUtils.java:logGet(46)) - raft.server.log.preallocated.size = 4194304 (custom)
2024-01-26 21:34:19,435 [0454455d-17b5-4798-9ce3-34e4ad079dd1-groupManagement] INFO  server.RaftServerConfigKeys (ConfUtils.java:logGet(46)) - raft.server.log.force.sync.num = 128 (default)
2024-01-26 21:34:19,435 [0454455d-17b5-4798-9ce3-34e4ad079dd1-groupManagement] INFO  server.RaftServerConfigKeys (ConfUtils.java:logGet(46)) - raft.server.log.statemachine.data.sync = true (default)
2024-01-26 21:34:19,436 [0454455d-17b5-4798-9ce3-34e4ad079dd1-groupManagement] INFO  server.RaftServerConfigKeys (ConfUtils.java:logGet(46)) - raft.server.log.statemachine.data.sync.timeout = 10s (default)
2024-01-26 21:34:19,436 [0454455d-17b5-4798-9ce3-34e4ad079dd1-groupManagement] INFO  server.RaftServerConfigKeys (ConfUtils.java:logGet(46)) - raft.server.log.statemachine.data.sync.timeout.retry = 0 (custom)
2024-01-26 21:34:19,436 [0454455d-17b5-4798-9ce3-34e4ad079dd1-groupManagement] INFO  server.RaftServerConfigKeys (ConfUtils.java:logGet(46)) - raft.server.log.write.buffer.size = 8388616 (custom)
2024-01-26 21:34:19,438 [0454455d-17b5-4798-9ce3-34e4ad079dd1-groupManagement] INFO  server.RaftServerConfigKeys (ConfUtils.java:logGet(46)) - raft.server.log.appender.buffer.byte-limit = 8388608 (custom)
2024-01-26 21:34:19,438 [0454455d-17b5-4798-9ce3-34e4ad079dd1-groupManagement] INFO  server.RaftServerConfigKeys (ConfUtils.java:logGet(46)) - raft.server.log.unsafe-flush.enabled = false (default)
2024-01-26 21:34:19,438 [0454455d-17b5-4798-9ce3-34e4ad079dd1-groupManagement] INFO  server.RaftServerConfigKeys (ConfUtils.java:logGet(46)) - raft.server.log.async-flush.enabled = false (default)
2024-01-26 21:34:19,438 [0454455d-17b5-4798-9ce3-34e4ad079dd1-groupManagement] INFO  server.RaftServerConfigKeys (ConfUtils.java:logGet(46)) - raft.server.log.statemachine.data.caching.enabled = true (custom)
2024-01-26 21:34:19,438 [0454455d-17b5-4798-9ce3-34e4ad079dd1-groupManagement] INFO  segmented.SegmentedRaftLogWorker (SegmentedRaftLogWorker.java:lambda$new$0(134)) - 0454455d-17b5-4798-9ce3-34e4ad079dd1@group-49351C4FF157-SegmentedRaftLogWorker: flushIndex: setUnconditionally 0 -> -1
2024-01-26 21:34:19,438 [0454455d-17b5-4798-9ce3-34e4ad079dd1-groupManagement] INFO  segmented.SegmentedRaftLogWorker (SegmentedRaftLogWorker.java:lambda$new$0(134)) - 0454455d-17b5-4798-9ce3-34e4ad079dd1@group-49351C4FF157-SegmentedRaftLogWorker: safeCacheEvictIndex: setUnconditionally 0 -> -1
2024-01-26 21:34:19,439 [0454455d-17b5-4798-9ce3-34e4ad079dd1-groupManagement] INFO  server.RaftServer$Division (RaftServerImpl.java:start(396)) - 0454455d-17b5-4798-9ce3-34e4ad079dd1@group-49351C4FF157: start as a follower, conf=-1: peers:[0454455d-17b5-4798-9ce3-34e4ad079dd1|10.1.0.5:15104, 8aa6f495-09ad-4a32-951c-60d46ecfa148|10.1.0.5:15113, cb9b1e06-b28b-4c4f-b19c-04e0cd8d01c6|10.1.0.5:15095]|listeners:[], old=null
2024-01-26 21:34:19,439 [0454455d-17b5-4798-9ce3-34e4ad079dd1-groupManagement] INFO  server.RaftServer$Division (RaftServerImpl.java:setRole(383)) - 0454455d-17b5-4798-9ce3-34e4ad079dd1@group-49351C4FF157: changes role from      null to FOLLOWER at term 0 for startAsFollower
2024-01-26 21:34:19,439 [0454455d-17b5-4798-9ce3-34e4ad079dd1-groupManagement] INFO  impl.RoleInfo (RoleInfo.java:updateAndGet(139)) - 0454455d-17b5-4798-9ce3-34e4ad079dd1: start 0454455d-17b5-4798-9ce3-34e4ad079dd1@group-49351C4FF157-FollowerState
2024-01-26 21:34:19,439 [8aa6f495-09ad-4a32-951c-60d46ecfa148-groupManagement] INFO  storage.RaftStorageDirectory (RaftStorageDirectoryImpl.java:tryLock(228)) - Lock on /home/runner/work/ozone/ozone/hadoop-ozone/integration-test/target/test-dir/MiniOzoneClusterImpl-1af845c4-9ad0-4304-ad21-7f4426eccdbd/datanode-11/data/ratis/a503c7e2-affd-4241-bb23-49351c4ff157/in_use.lock acquired by nodename 39692@fv-az1566-86
2024-01-26 21:34:19,440 [0454455d-17b5-4798-9ce3-34e4ad079dd1-groupManagement] INFO  util.JmxRegister (JmxRegister.java:tryRegister(44)) - Successfully registered JMX Bean with object name Ratis:service=RaftServer,group=group-49351C4FF157,id=0454455d-17b5-4798-9ce3-34e4ad079dd1
2024-01-26 21:34:19,441 [0454455d-17b5-4798-9ce3-34e4ad079dd1-groupManagement] INFO  server.RaftServerConfigKeys (ConfUtils.java:logGet(46)) - raft.server.snapshot.trigger-when-stop.enabled = true (default)
2024-01-26 21:34:19,441 [0454455d-17b5-4798-9ce3-34e4ad079dd1-groupManagement] INFO  server.RaftServerConfigKeys (ConfUtils.java:logGet(46)) - raft.server.snapshot.auto.trigger.enabled = true (custom)
2024-01-26 21:34:19,441 [0454455d-17b5-4798-9ce3-34e4ad079dd1-groupManagement] INFO  server.RaftServerConfigKeys (ConfUtils.java:logGet(46)) - raft.server.snapshot.auto.trigger.threshold = 10000 (custom)
2024-01-26 21:34:19,441 [0454455d-17b5-4798-9ce3-34e4ad079dd1-groupManagement] INFO  server.RaftServerConfigKeys (ConfUtils.java:logGet(46)) - raft.server.snapshot.retention.file.num = 5 (custom)
2024-01-26 21:34:19,441 [0454455d-17b5-4798-9ce3-34e4ad079dd1-groupManagement] INFO  server.RaftServerConfigKeys (ConfUtils.java:logGet(46)) - raft.server.log.purge.upto.snapshot.index = false (default)
2024-01-26 21:34:19,442 [8aa6f495-09ad-4a32-951c-60d46ecfa148-groupManagement] INFO  storage.RaftStorage (RaftStorageImpl.java:format(99)) - Storage directory /home/runner/work/ozone/ozone/hadoop-ozone/integration-test/target/test-dir/MiniOzoneClusterImpl-1af845c4-9ad0-4304-ad21-7f4426eccdbd/datanode-11/data/ratis/a503c7e2-affd-4241-bb23-49351c4ff157 has been successfully formatted.
2024-01-26 21:34:19,442 [0454455d-17b5-4798-9ce3-34e4ad079dd1-PipelineCommandHandlerThread-0] INFO  ratis.XceiverServerRatis (XceiverServerRatis.java:addGroup(842)) - Created group PipelineID=a503c7e2-affd-4241-bb23-49351c4ff157
2024-01-26 21:34:19,442 [0454455d-17b5-4798-9ce3-34e4ad079dd1@group-49351C4FF157-FollowerState] INFO  server.RaftServerConfigKeys (ConfUtils.java:logFallback(53)) - raft.server.rpc.first-election.timeout.min = 5s (fallback to raft.server.rpc.timeout.min)
2024-01-26 21:34:19,442 [0454455d-17b5-4798-9ce3-34e4ad079dd1@group-49351C4FF157-FollowerState] INFO  server.RaftServerConfigKeys (ConfUtils.java:logFallback(53)) - raft.server.rpc.first-election.timeout.max = 5200ms (fallback to raft.server.rpc.timeout.max)
2024-01-26 21:34:19,442 [8aa6f495-09ad-4a32-951c-60d46ecfa148-groupManagement] WARN  util.FileUtils (LogUtils.java:supplyAndLog(63)) - Failed to Files.newInputStream /home/runner/work/ozone/ozone/hadoop-ozone/integration-test/target/test-dir/MiniOzoneClusterImpl-1af845c4-9ad0-4304-ad21-7f4426eccdbd/datanode-11/data/ratis/a503c7e2-affd-4241-bb23-49351c4ff157/current/raft-meta.conf with options []: java.nio.file.NoSuchFileException: /home/runner/work/ozone/ozone/hadoop-ozone/integration-test/target/test-dir/MiniOzoneClusterImpl-1af845c4-9ad0-4304-ad21-7f4426eccdbd/datanode-11/data/ratis/a503c7e2-affd-4241-bb23-49351c4ff157/current/raft-meta.conf
2024-01-26 21:34:19,443 [157befb9-fc2c-4b56-bfb2-e4c39e5a9271-groupManagement] INFO  server.RaftServer$Division (RaftServerImpl.java:start(396)) - 157befb9-fc2c-4b56-bfb2-e4c39e5a9271@group-0864517AFB61: start as a follower, conf=-1: peers:[85a76c17-24cd-4caa-b4c9-2f056bfd6b3c|10.1.0.5:15077, 615e0ce5-d68a-4764-9dce-a037122bf2b4|10.1.0.5:15068, 157befb9-fc2c-4b56-bfb2-e4c39e5a9271|10.1.0.5:15086]|listeners:[], old=null
2024-01-26 21:34:19,443 [157befb9-fc2c-4b56-bfb2-e4c39e5a9271-groupManagement] INFO  server.RaftServer$Division (RaftServerImpl.java:setRole(383)) - 157befb9-fc2c-4b56-bfb2-e4c39e5a9271@group-0864517AFB61: changes role from      null to FOLLOWER at term 0 for startAsFollower
2024-01-26 21:34:19,443 [157befb9-fc2c-4b56-bfb2-e4c39e5a9271-groupManagement] INFO  impl.RoleInfo (RoleInfo.java:updateAndGet(139)) - 157befb9-fc2c-4b56-bfb2-e4c39e5a9271: start 157befb9-fc2c-4b56-bfb2-e4c39e5a9271@group-0864517AFB61-FollowerState
2024-01-26 21:34:19,444 [157befb9-fc2c-4b56-bfb2-e4c39e5a9271-groupManagement] INFO  util.JmxRegister (JmxRegister.java:tryRegister(44)) - Successfully registered JMX Bean with object name Ratis:service=RaftServer,group=group-0864517AFB61,id=157befb9-fc2c-4b56-bfb2-e4c39e5a9271
2024-01-26 21:34:19,444 [157befb9-fc2c-4b56-bfb2-e4c39e5a9271-groupManagement] INFO  server.RaftServerConfigKeys (ConfUtils.java:logGet(46)) - raft.server.snapshot.trigger-when-stop.enabled = true (default)
2024-01-26 21:34:19,444 [157befb9-fc2c-4b56-bfb2-e4c39e5a9271-groupManagement] INFO  server.RaftServerConfigKeys (ConfUtils.java:logGet(46)) - raft.server.snapshot.auto.trigger.enabled = true (custom)
2024-01-26 21:34:19,444 [157befb9-fc2c-4b56-bfb2-e4c39e5a9271-groupManagement] INFO  server.RaftServerConfigKeys (ConfUtils.java:logGet(46)) - raft.server.snapshot.auto.trigger.threshold = 10000 (custom)
2024-01-26 21:34:19,445 [157befb9-fc2c-4b56-bfb2-e4c39e5a9271-groupManagement] INFO  server.RaftServerConfigKeys (ConfUtils.java:logGet(46)) - raft.server.snapshot.retention.file.num = 5 (custom)
2024-01-26 21:34:19,445 [157befb9-fc2c-4b56-bfb2-e4c39e5a9271-groupManagement] INFO  server.RaftServerConfigKeys (ConfUtils.java:logGet(46)) - raft.server.log.purge.upto.snapshot.index = false (default)
2024-01-26 21:34:19,446 [157befb9-fc2c-4b56-bfb2-e4c39e5a9271-PipelineCommandHandlerThread-0] INFO  ratis.XceiverServerRatis (XceiverServerRatis.java:addGroup(842)) - Created group PipelineID=53d57d20-1cf2-4389-b3a7-0864517afb61
2024-01-26 21:34:19,450 [8941232b-d533-4e67-b9a7-e63de09e5ea8-groupManagement] INFO  util.AwaitToRun (AwaitToRun.java:start(81)) - Thread[8941232b-d533-4e67-b9a7-e63de09e5ea8@group-FC45B38D37D3-cacheEviction-AwaitToRun,5,main] started
2024-01-26 21:34:19,451 [8941232b-d533-4e67-b9a7-e63de09e5ea8-groupManagement] INFO  segmented.SegmentedRaftLogWorker (SegmentedRaftLogWorker.java:<init>(182)) - new 8941232b-d533-4e67-b9a7-e63de09e5ea8@group-FC45B38D37D3-SegmentedRaftLogWorker for RaftStorageImpl:Storage Directory /home/runner/work/ozone/ozone/hadoop-ozone/integration-test/target/test-dir/MiniOzoneClusterImpl-1af845c4-9ad0-4304-ad21-7f4426eccdbd/datanode-13/data/ratis/239c2549-daae-4ea3-8849-fc45b38d37d3
2024-01-26 21:34:19,451 [8941232b-d533-4e67-b9a7-e63de09e5ea8-groupManagement] INFO  server.RaftServerConfigKeys (ConfUtils.java:logGet(46)) - raft.server.log.queue.byte-limit = 4294967296 (custom)
2024-01-26 21:34:19,451 [8941232b-d533-4e67-b9a7-e63de09e5ea8-groupManagement] INFO  server.RaftServerConfigKeys (ConfUtils.java:logGet(46)) - raft.server.log.queue.element-limit = 1024 (custom)
2024-01-26 21:34:19,451 [8941232b-d533-4e67-b9a7-e63de09e5ea8-groupManagement] INFO  server.RaftServerConfigKeys (ConfUtils.java:logGet(46)) - raft.server.log.segment.size.max = 67108864 (custom)
2024-01-26 21:34:19,451 [8941232b-d533-4e67-b9a7-e63de09e5ea8-groupManagement] INFO  server.RaftServerConfigKeys (ConfUtils.java:logGet(46)) - raft.server.log.preallocated.size = 4194304 (custom)
2024-01-26 21:34:19,451 [8941232b-d533-4e67-b9a7-e63de09e5ea8-groupManagement] INFO  server.RaftServerConfigKeys (ConfUtils.java:logGet(46)) - raft.server.log.force.sync.num = 128 (default)
2024-01-26 21:34:19,451 [8941232b-d533-4e67-b9a7-e63de09e5ea8-groupManagement] INFO  server.RaftServerConfigKeys (ConfUtils.java:logGet(46)) - raft.server.log.statemachine.data.sync = true (default)
2024-01-26 21:34:19,451 [8941232b-d533-4e67-b9a7-e63de09e5ea8-groupManagement] INFO  server.RaftServerConfigKeys (ConfUtils.java:logGet(46)) - raft.server.log.statemachine.data.sync.timeout = 10s (default)
2024-01-26 21:34:19,451 [8941232b-d533-4e67-b9a7-e63de09e5ea8-groupManagement] INFO  server.RaftServerConfigKeys (ConfUtils.java:logGet(46)) - raft.server.log.statemachine.data.sync.timeout.retry = 0 (custom)
2024-01-26 21:34:19,452 [8941232b-d533-4e67-b9a7-e63de09e5ea8-groupManagement] INFO  server.RaftServerConfigKeys (ConfUtils.java:logGet(46)) - raft.server.log.write.buffer.size = 8388616 (custom)
2024-01-26 21:34:19,454 [8941232b-d533-4e67-b9a7-e63de09e5ea8-groupManagement] INFO  server.RaftServerConfigKeys (ConfUtils.java:logGet(46)) - raft.server.log.appender.buffer.byte-limit = 8388608 (custom)
2024-01-26 21:34:19,454 [8941232b-d533-4e67-b9a7-e63de09e5ea8-groupManagement] INFO  server.RaftServerConfigKeys (ConfUtils.java:logGet(46)) - raft.server.log.unsafe-flush.enabled = false (default)
2024-01-26 21:34:19,454 [8941232b-d533-4e67-b9a7-e63de09e5ea8-groupManagement] INFO  server.RaftServerConfigKeys (ConfUtils.java:logGet(46)) - raft.server.log.async-flush.enabled = false (default)
2024-01-26 21:34:19,457 [8941232b-d533-4e67-b9a7-e63de09e5ea8-groupManagement] INFO  server.RaftServerConfigKeys (ConfUtils.java:logGet(46)) - raft.server.log.statemachine.data.caching.enabled = true (custom)
2024-01-26 21:34:19,457 [8941232b-d533-4e67-b9a7-e63de09e5ea8-groupManagement] INFO  segmented.SegmentedRaftLogWorker (SegmentedRaftLogWorker.java:lambda$new$0(134)) - 8941232b-d533-4e67-b9a7-e63de09e5ea8@group-FC45B38D37D3-SegmentedRaftLogWorker: flushIndex: setUnconditionally 0 -> -1
2024-01-26 21:34:19,458 [8941232b-d533-4e67-b9a7-e63de09e5ea8-groupManagement] INFO  segmented.SegmentedRaftLogWorker (SegmentedRaftLogWorker.java:lambda$new$0(134)) - 8941232b-d533-4e67-b9a7-e63de09e5ea8@group-FC45B38D37D3-SegmentedRaftLogWorker: safeCacheEvictIndex: setUnconditionally 0 -> -1
2024-01-26 21:34:19,451 [157befb9-fc2c-4b56-bfb2-e4c39e5a9271@group-0864517AFB61-FollowerState] INFO  server.RaftServerConfigKeys (ConfUtils.java:logFallback(53)) - raft.server.rpc.first-election.timeout.min = 5s (fallback to raft.server.rpc.timeout.min)
2024-01-26 21:34:19,461 [157befb9-fc2c-4b56-bfb2-e4c39e5a9271@group-0864517AFB61-FollowerState] INFO  server.RaftServerConfigKeys (ConfUtils.java:logFallback(53)) - raft.server.rpc.first-election.timeout.max = 5200ms (fallback to raft.server.rpc.timeout.max)
2024-01-26 21:34:19,468 [grpc-default-executor-3] INFO  server.RaftServer (RaftServerProxy.java:addNew(100)) - cb9b1e06-b28b-4c4f-b19c-04e0cd8d01c6: addNew group-49351C4FF157:[0454455d-17b5-4798-9ce3-34e4ad079dd1|10.1.0.5:15104, 8aa6f495-09ad-4a32-951c-60d46ecfa148|10.1.0.5:15113, cb9b1e06-b28b-4c4f-b19c-04e0cd8d01c6|10.1.0.5:15095] returns group-49351C4FF157:java.util.concurrent.CompletableFuture@6ab86613[Not completed]
2024-01-26 21:34:19,469 [cb9b1e06-b28b-4c4f-b19c-04e0cd8d01c6-groupManagement] INFO  server.RaftServer$Division (RaftServerImpl.java:<init>(256)) - cb9b1e06-b28b-4c4f-b19c-04e0cd8d01c6: new RaftServerImpl for group-49351C4FF157:[0454455d-17b5-4798-9ce3-34e4ad079dd1|10.1.0.5:15104, 8aa6f495-09ad-4a32-951c-60d46ecfa148|10.1.0.5:15113, cb9b1e06-b28b-4c4f-b19c-04e0cd8d01c6|10.1.0.5:15095] with ContainerStateMachine:uninitialized
2024-01-26 21:34:19,469 [cb9b1e06-b28b-4c4f-b19c-04e0cd8d01c6-groupManagement] INFO  server.RaftServerConfigKeys (ConfUtils.java:logGet(46)) - raft.server.rpc.timeout.min = 5s (custom)
2024-01-26 21:34:19,469 [cb9b1e06-b28b-4c4f-b19c-04e0cd8d01c6-groupManagement] INFO  server.RaftServerConfigKeys (ConfUtils.java:logGet(46)) - raft.server.rpc.timeout.max = 5200ms (custom)
2024-01-26 21:34:19,469 [cb9b1e06-b28b-4c4f-b19c-04e0cd8d01c6-groupManagement] INFO  server.RaftServerConfigKeys (ConfUtils.java:logGet(46)) - raft.server.rpc.sleep.time = 25ms (default)
2024-01-26 21:34:19,469 [cb9b1e06-b28b-4c4f-b19c-04e0cd8d01c6-groupManagement] INFO  server.RaftServerConfigKeys (ConfUtils.java:logGet(46)) - raft.server.rpc.slowness.timeout = 300s (custom)
2024-01-26 21:34:19,469 [cb9b1e06-b28b-4c4f-b19c-04e0cd8d01c6-groupManagement] INFO  server.RaftServerConfigKeys (ConfUtils.java:logGet(46)) - raft.server.leaderelection.leader.step-down.wait-time = 10s (default)
2024-01-26 21:34:19,469 [cb9b1e06-b28b-4c4f-b19c-04e0cd8d01c6-groupManagement] INFO  server.RaftServerConfigKeys (ConfUtils.java:logGet(46)) - raft.server.leaderelection.member.majority-add = false (default)
2024-01-26 21:34:19,469 [cb9b1e06-b28b-4c4f-b19c-04e0cd8d01c6-groupManagement] INFO  server.RaftServerConfigKeys (ConfUtils.java:logGet(46)) - raft.server.sleep.deviation.threshold = 300ms (default)
2024-01-26 21:34:19,469 [cb9b1e06-b28b-4c4f-b19c-04e0cd8d01c6-groupManagement] INFO  server.RaftServer$Division (ServerState.java:<init>(113)) - cb9b1e06-b28b-4c4f-b19c-04e0cd8d01c6@group-49351C4FF157: ConfigurationManager, init=-1: peers:[0454455d-17b5-4798-9ce3-34e4ad079dd1|10.1.0.5:15104, 8aa6f495-09ad-4a32-951c-60d46ecfa148|10.1.0.5:15113, cb9b1e06-b28b-4c4f-b19c-04e0cd8d01c6|10.1.0.5:15095]|listeners:[], old=null, confs=<EMPTY_MAP>
2024-01-26 21:34:19,470 [cb9b1e06-b28b-4c4f-b19c-04e0cd8d01c6-groupManagement] INFO  server.RaftServerConfigKeys (ConfUtils.java:logGet(46)) - raft.server.notification.no-leader.timeout = 300s (custom)
2024-01-26 21:34:19,470 [cb9b1e06-b28b-4c4f-b19c-04e0cd8d01c6-groupManagement] INFO  server.RaftServerConfigKeys (ConfUtils.java:logGet(46)) - raft.server.read.timeout = 10s (default)
2024-01-26 21:34:19,470 [cb9b1e06-b28b-4c4f-b19c-04e0cd8d01c6-groupManagement] INFO  server.RaftServerConfigKeys (ConfUtils.java:logGet(46)) - raft.server.retrycache.expirytime = 600000ms (custom)
2024-01-26 21:34:19,470 [cb9b1e06-b28b-4c4f-b19c-04e0cd8d01c6-groupManagement] INFO  server.RaftServerConfigKeys (ConfUtils.java:logGet(46)) - raft.server.retrycache.statistics.expirytime = 100ms (default)
2024-01-26 21:34:19,470 [cb9b1e06-b28b-4c4f-b19c-04e0cd8d01c6-groupManagement] INFO  server.RaftServerConfigKeys (ConfUtils.java:logGet(46)) - raft.server.read.option = DEFAULT (default)
2024-01-26 21:34:19,470 [cb9b1e06-b28b-4c4f-b19c-04e0cd8d01c6-groupManagement] INFO  server.RaftServerConfigKeys (ConfUtils.java:logGet(46)) - raft.server.read.read-after-write-consistent.write-index-cache.expiry-time = 60s (default)
2024-01-26 21:34:19,471 [8941232b-d533-4e67-b9a7-e63de09e5ea8-groupManagement] INFO  server.RaftServer$Division (RaftServerImpl.java:start(396)) - 8941232b-d533-4e67-b9a7-e63de09e5ea8@group-FC45B38D37D3: start as a follower, conf=-1: peers:[8941232b-d533-4e67-b9a7-e63de09e5ea8|10.1.0.5:15131]|listeners:[], old=null
2024-01-26 21:34:19,471 [8941232b-d533-4e67-b9a7-e63de09e5ea8-groupManagement] INFO  server.RaftServer$Division (RaftServerImpl.java:setRole(383)) - 8941232b-d533-4e67-b9a7-e63de09e5ea8@group-FC45B38D37D3: changes role from      null to FOLLOWER at term 0 for startAsFollower
2024-01-26 21:34:19,471 [8941232b-d533-4e67-b9a7-e63de09e5ea8-groupManagement] INFO  impl.RoleInfo (RoleInfo.java:updateAndGet(139)) - 8941232b-d533-4e67-b9a7-e63de09e5ea8: start 8941232b-d533-4e67-b9a7-e63de09e5ea8@group-FC45B38D37D3-FollowerState
2024-01-26 21:34:19,471 [8941232b-d533-4e67-b9a7-e63de09e5ea8-groupManagement] INFO  util.JmxRegister (JmxRegister.java:tryRegister(44)) - Successfully registered JMX Bean with object name Ratis:service=RaftServer,group=group-FC45B38D37D3,id=8941232b-d533-4e67-b9a7-e63de09e5ea8
2024-01-26 21:34:19,471 [8941232b-d533-4e67-b9a7-e63de09e5ea8-groupManagement] INFO  server.RaftServerConfigKeys (ConfUtils.java:logGet(46)) - raft.server.snapshot.trigger-when-stop.enabled = true (default)
2024-01-26 21:34:19,471 [8941232b-d533-4e67-b9a7-e63de09e5ea8-groupManagement] INFO  server.RaftServerConfigKeys (ConfUtils.java:logGet(46)) - raft.server.snapshot.auto.trigger.enabled = true (custom)
2024-01-26 21:34:19,471 [8941232b-d533-4e67-b9a7-e63de09e5ea8-groupManagement] INFO  server.RaftServerConfigKeys (ConfUtils.java:logGet(46)) - raft.server.snapshot.auto.trigger.threshold = 10000 (custom)
2024-01-26 21:34:19,471 [8941232b-d533-4e67-b9a7-e63de09e5ea8-groupManagement] INFO  server.RaftServerConfigKeys (ConfUtils.java:logGet(46)) - raft.server.snapshot.retention.file.num = 5 (custom)
2024-01-26 21:34:19,472 [8941232b-d533-4e67-b9a7-e63de09e5ea8-groupManagement] INFO  server.RaftServerConfigKeys (ConfUtils.java:logGet(46)) - raft.server.log.purge.upto.snapshot.index = false (default)
2024-01-26 21:34:19,472 [8941232b-d533-4e67-b9a7-e63de09e5ea8@group-FC45B38D37D3-FollowerState] INFO  server.RaftServerConfigKeys (ConfUtils.java:logFallback(53)) - raft.server.rpc.first-election.timeout.min = 5s (fallback to raft.server.rpc.timeout.min)
2024-01-26 21:34:19,472 [8941232b-d533-4e67-b9a7-e63de09e5ea8@group-FC45B38D37D3-FollowerState] INFO  server.RaftServerConfigKeys (ConfUtils.java:logFallback(53)) - raft.server.rpc.first-election.timeout.max = 5200ms (fallback to raft.server.rpc.timeout.max)
2024-01-26 21:34:19,474 [cb9b1e06-b28b-4c4f-b19c-04e0cd8d01c6-groupManagement] INFO  server.RaftServerConfigKeys (ConfUtils.java:logGet(46)) - raft.server.rpc.request.timeout = 60s (custom)
2024-01-26 21:34:19,474 [cb9b1e06-b28b-4c4f-b19c-04e0cd8d01c6-groupManagement] INFO  server.RaftServerConfigKeys (ConfUtils.java:logGet(46)) - raft.server.log.appender.install.snapshot.enabled = false (custom)
2024-01-26 21:34:19,474 [cb9b1e06-b28b-4c4f-b19c-04e0cd8d01c6-groupManagement] INFO  server.RaftServerConfigKeys (ConfUtils.java:logGet(46)) - raft.server.threadpool.server.cached = true (default)
2024-01-26 21:34:19,474 [cb9b1e06-b28b-4c4f-b19c-04e0cd8d01c6-groupManagement] INFO  server.RaftServerConfigKeys (ConfUtils.java:logGet(46)) - raft.server.threadpool.server.size = 0 (default)
2024-01-26 21:34:19,474 [cb9b1e06-b28b-4c4f-b19c-04e0cd8d01c6-groupManagement] INFO  server.RaftServerConfigKeys (ConfUtils.java:logGet(46)) - raft.server.threadpool.client.cached = true (default)
2024-01-26 21:34:19,474 [cb9b1e06-b28b-4c4f-b19c-04e0cd8d01c6-groupManagement] INFO  server.RaftServerConfigKeys (ConfUtils.java:logGet(46)) - raft.server.threadpool.client.size = 0 (default)
2024-01-26 21:34:19,474 [cb9b1e06-b28b-4c4f-b19c-04e0cd8d01c6-groupManagement] INFO  server.RaftServerConfigKeys (ConfUtils.java:logGet(46)) - raft.server.storage.free-space.min = 0MB (=0) (default)
2024-01-26 21:34:19,474 [cb9b1e06-b28b-4c4f-b19c-04e0cd8d01c6-groupManagement] INFO  server.RaftServerConfigKeys (ConfUtils.java:logGet(46)) - raft.server.log.corruption.policy = EXCEPTION (default)
2024-01-26 21:34:19,475 [cb9b1e06-b28b-4c4f-b19c-04e0cd8d01c6-groupManagement] INFO  server.RaftServerConfigKeys (ConfUtils.java:logGet(46)) - raft.server.storage.dir = [/home/runner/work/ozone/ozone/hadoop-ozone/integration-test/target/test-dir/MiniOzoneClusterImpl-1af845c4-9ad0-4304-ad21-7f4426eccdbd/datanode-9/data/ratis] (custom)
2024-01-26 21:34:19,475 [cb9b1e06-b28b-4c4f-b19c-04e0cd8d01c6-groupManagement] INFO  storage.RaftStorageDirectory (RaftStorageDirectoryImpl.java:analyzeStorage(138)) - The storage directory /home/runner/work/ozone/ozone/hadoop-ozone/integration-test/target/test-dir/MiniOzoneClusterImpl-1af845c4-9ad0-4304-ad21-7f4426eccdbd/datanode-9/data/ratis/a503c7e2-affd-4241-bb23-49351c4ff157 does not exist. Creating ...
2024-01-26 21:34:19,476 [cb9b1e06-b28b-4c4f-b19c-04e0cd8d01c6-groupManagement] INFO  storage.RaftStorageDirectory (RaftStorageDirectoryImpl.java:tryLock(228)) - Lock on /home/runner/work/ozone/ozone/hadoop-ozone/integration-test/target/test-dir/MiniOzoneClusterImpl-1af845c4-9ad0-4304-ad21-7f4426eccdbd/datanode-9/data/ratis/a503c7e2-affd-4241-bb23-49351c4ff157/in_use.lock acquired by nodename 39692@fv-az1566-86
2024-01-26 21:34:19,477 [cb9b1e06-b28b-4c4f-b19c-04e0cd8d01c6-groupManagement] INFO  storage.RaftStorage (RaftStorageImpl.java:format(99)) - Storage directory /home/runner/work/ozone/ozone/hadoop-ozone/integration-test/target/test-dir/MiniOzoneClusterImpl-1af845c4-9ad0-4304-ad21-7f4426eccdbd/datanode-9/data/ratis/a503c7e2-affd-4241-bb23-49351c4ff157 has been successfully formatted.
2024-01-26 21:34:19,478 [cb9b1e06-b28b-4c4f-b19c-04e0cd8d01c6-groupManagement] WARN  util.FileUtils (LogUtils.java:supplyAndLog(63)) - Failed to Files.newInputStream /home/runner/work/ozone/ozone/hadoop-ozone/integration-test/target/test-dir/MiniOzoneClusterImpl-1af845c4-9ad0-4304-ad21-7f4426eccdbd/datanode-9/data/ratis/a503c7e2-affd-4241-bb23-49351c4ff157/current/raft-meta.conf with options []: java.nio.file.NoSuchFileException: /home/runner/work/ozone/ozone/hadoop-ozone/integration-test/target/test-dir/MiniOzoneClusterImpl-1af845c4-9ad0-4304-ad21-7f4426eccdbd/datanode-9/data/ratis/a503c7e2-affd-4241-bb23-49351c4ff157/current/raft-meta.conf
2024-01-26 21:34:19,479 [8aa6f495-09ad-4a32-951c-60d46ecfa148-groupManagement] INFO  ratis.ContainerStateMachine (ContainerStateMachine.java:loadSnapshot(287)) - group-49351C4FF157: The snapshot info is null. Setting the last applied index to:(t:0, i:~)
2024-01-26 21:34:19,479 [8aa6f495-09ad-4a32-951c-60d46ecfa148-groupManagement] INFO  server.RaftServerConfigKeys (ConfUtils.java:logGet(46)) - raft.server.log.use.memory = false (default)
2024-01-26 21:34:19,479 [8aa6f495-09ad-4a32-951c-60d46ecfa148-groupManagement] INFO  server.RaftServerConfigKeys (ConfUtils.java:logGet(46)) - raft.server.log.purge.gap = 1000000 (custom)
2024-01-26 21:34:19,481 [8941232b-d533-4e67-b9a7-e63de09e5ea8-PipelineCommandHandlerThread-0] INFO  ratis.XceiverServerRatis (XceiverServerRatis.java:addGroup(842)) - Created group PipelineID=239c2549-daae-4ea3-8849-fc45b38d37d3
2024-01-26 21:34:19,481 [8941232b-d533-4e67-b9a7-e63de09e5ea8-PipelineCommandHandlerThread-0] INFO  commandhandler.CreatePipelineCommandHandler (CreatePipelineCommandHandler.java:lambda$handle$2(124)) - Created Pipeline RATIS ONE PipelineID=239c2549-daae-4ea3-8849-fc45b38d37d3.
2024-01-26 21:34:19,481 [8aa6f495-09ad-4a32-951c-60d46ecfa148-groupManagement] INFO  server.RaftServerConfigKeys (ConfUtils.java:logGet(46)) - raft.server.log.appender.buffer.byte-limit = 8388608 (custom)
2024-01-26 21:34:19,481 [8aa6f495-09ad-4a32-951c-60d46ecfa148-groupManagement] INFO  server.RaftServerConfigKeys (ConfUtils.java:logGet(46)) - raft.server.log.statemachine.data.read.timeout = 1000ms (default)
2024-01-26 21:34:19,481 [8aa6f495-09ad-4a32-951c-60d46ecfa148-groupManagement] INFO  server.RaftServerConfigKeys (ConfUtils.java:logGet(46)) - raft.server.log.purge.preservation.log.num = 0 (default)
2024-01-26 21:34:19,481 [cb9b1e06-b28b-4c4f-b19c-04e0cd8d01c6-groupManagement] INFO  ratis.ContainerStateMachine (ContainerStateMachine.java:loadSnapshot(287)) - group-49351C4FF157: The snapshot info is null. Setting the last applied index to:(t:0, i:~)
2024-01-26 21:34:19,482 [cb9b1e06-b28b-4c4f-b19c-04e0cd8d01c6-groupManagement] INFO  server.RaftServerConfigKeys (ConfUtils.java:logGet(46)) - raft.server.log.use.memory = false (default)
2024-01-26 21:34:19,482 [cb9b1e06-b28b-4c4f-b19c-04e0cd8d01c6-groupManagement] INFO  server.RaftServerConfigKeys (ConfUtils.java:logGet(46)) - raft.server.log.purge.gap = 1000000 (custom)
2024-01-26 21:34:19,482 [cb9b1e06-b28b-4c4f-b19c-04e0cd8d01c6-groupManagement] INFO  server.RaftServerConfigKeys (ConfUtils.java:logGet(46)) - raft.server.log.appender.buffer.byte-limit = 8388608 (custom)
2024-01-26 21:34:19,482 [cb9b1e06-b28b-4c4f-b19c-04e0cd8d01c6-groupManagement] INFO  server.RaftServerConfigKeys (ConfUtils.java:logGet(46)) - raft.server.log.statemachine.data.read.timeout = 1000ms (default)
2024-01-26 21:34:19,482 [cb9b1e06-b28b-4c4f-b19c-04e0cd8d01c6-groupManagement] INFO  server.RaftServerConfigKeys (ConfUtils.java:logGet(46)) - raft.server.log.purge.preservation.log.num = 0 (default)
2024-01-26 21:34:19,482 [EventQueue-OpenPipelineForHealthyPipelineSafeModeRule] INFO  safemode.SCMSafeModeManager (HealthyPipelineSafeModeRule.java:process(140)) - SCM in safe mode. Healthy pipelines reported count is 0, required healthy pipeline reported count is 1
2024-01-26 21:34:19,484 [EventQueue-OpenPipelineForHealthyPipelineSafeModeRule] INFO  safemode.SCMSafeModeManager (HealthyPipelineSafeModeRule.java:process(140)) - SCM in safe mode. Healthy pipelines reported count is 0, required healthy pipeline reported count is 1
2024-01-26 21:34:19,502 [8aa6f495-09ad-4a32-951c-60d46ecfa148-groupManagement] INFO  server.RaftServerConfigKeys (ConfUtils.java:logGet(46)) - raft.server.log.segment.size.max = 67108864 (custom)
2024-01-26 21:34:19,505 [8aa6f495-09ad-4a32-951c-60d46ecfa148-groupManagement] INFO  server.RaftServerConfigKeys (ConfUtils.java:logGet(46)) - raft.server.log.segment.cache.num.max = 2 (custom)
2024-01-26 21:34:19,505 [8aa6f495-09ad-4a32-951c-60d46ecfa148-groupManagement] INFO  server.RaftServerConfigKeys (ConfUtils.java:logGet(46)) - raft.server.log.segment.cache.size.max = 200MB (=209715200) (default)
2024-01-26 21:34:19,505 [8aa6f495-09ad-4a32-951c-60d46ecfa148-groupManagement] INFO  server.RaftServerConfigKeys (ConfUtils.java:logGet(46)) - raft.server.log.appender.buffer.byte-limit = 8388608 (custom)
2024-01-26 21:34:19,505 [cb9b1e06-b28b-4c4f-b19c-04e0cd8d01c6-groupManagement] INFO  server.RaftServerConfigKeys (ConfUtils.java:logGet(46)) - raft.server.log.segment.size.max = 67108864 (custom)
2024-01-26 21:34:19,510 [157befb9-fc2c-4b56-bfb2-e4c39e5a9271-PipelineCommandHandlerThread-0] INFO  commandhandler.CreatePipelineCommandHandler (CreatePipelineCommandHandler.java:lambda$handle$2(124)) - Created Pipeline RATIS THREE PipelineID=53d57d20-1cf2-4389-b3a7-0864517afb61.
2024-01-26 21:34:19,511 [cb9b1e06-b28b-4c4f-b19c-04e0cd8d01c6-PipelineCommandHandlerThread-0] INFO  commandhandler.CreatePipelineCommandHandler (CreatePipelineCommandHandler.java:lambda$handle$2(124)) - Created Pipeline RATIS THREE PipelineID=4aca9b40-dc49-428a-91da-2f9f6a9e053b.
2024-01-26 21:34:19,511 [8aa6f495-09ad-4a32-951c-60d46ecfa148-groupManagement] INFO  util.AwaitToRun (AwaitToRun.java:start(81)) - Thread[8aa6f495-09ad-4a32-951c-60d46ecfa148@group-49351C4FF157-cacheEviction-AwaitToRun,5,main] started
2024-01-26 21:34:19,511 [8aa6f495-09ad-4a32-951c-60d46ecfa148-groupManagement] INFO  segmented.SegmentedRaftLogWorker (SegmentedRaftLogWorker.java:<init>(182)) - new 8aa6f495-09ad-4a32-951c-60d46ecfa148@group-49351C4FF157-SegmentedRaftLogWorker for RaftStorageImpl:Storage Directory /home/runner/work/ozone/ozone/hadoop-ozone/integration-test/target/test-dir/MiniOzoneClusterImpl-1af845c4-9ad0-4304-ad21-7f4426eccdbd/datanode-11/data/ratis/a503c7e2-affd-4241-bb23-49351c4ff157
2024-01-26 21:34:19,511 [cb9b1e06-b28b-4c4f-b19c-04e0cd8d01c6-groupManagement] INFO  server.RaftServerConfigKeys (ConfUtils.java:logGet(46)) - raft.server.log.segment.cache.num.max = 2 (custom)
2024-01-26 21:34:19,511 [8aa6f495-09ad-4a32-951c-60d46ecfa148-groupManagement] INFO  server.RaftServerConfigKeys (ConfUtils.java:logGet(46)) - raft.server.log.queue.byte-limit = 4294967296 (custom)
2024-01-26 21:34:19,511 [8aa6f495-09ad-4a32-951c-60d46ecfa148-groupManagement] INFO  server.RaftServerConfigKeys (ConfUtils.java:logGet(46)) - raft.server.log.queue.element-limit = 1024 (custom)
2024-01-26 21:34:19,511 [8aa6f495-09ad-4a32-951c-60d46ecfa148-groupManagement] INFO  server.RaftServerConfigKeys (ConfUtils.java:logGet(46)) - raft.server.log.segment.size.max = 67108864 (custom)
2024-01-26 21:34:19,512 [8aa6f495-09ad-4a32-951c-60d46ecfa148-groupManagement] INFO  server.RaftServerConfigKeys (ConfUtils.java:logGet(46)) - raft.server.log.preallocated.size = 4194304 (custom)
2024-01-26 21:34:19,512 [8aa6f495-09ad-4a32-951c-60d46ecfa148-groupManagement] INFO  server.RaftServerConfigKeys (ConfUtils.java:logGet(46)) - raft.server.log.force.sync.num = 128 (default)
2024-01-26 21:34:19,512 [8aa6f495-09ad-4a32-951c-60d46ecfa148-groupManagement] INFO  server.RaftServerConfigKeys (ConfUtils.java:logGet(46)) - raft.server.log.statemachine.data.sync = true (default)
2024-01-26 21:34:19,512 [8aa6f495-09ad-4a32-951c-60d46ecfa148-groupManagement] INFO  server.RaftServerConfigKeys (ConfUtils.java:logGet(46)) - raft.server.log.statemachine.data.sync.timeout = 10s (default)
2024-01-26 21:34:19,512 [8aa6f495-09ad-4a32-951c-60d46ecfa148-groupManagement] INFO  server.RaftServerConfigKeys (ConfUtils.java:logGet(46)) - raft.server.log.statemachine.data.sync.timeout.retry = 0 (custom)
2024-01-26 21:34:19,512 [8aa6f495-09ad-4a32-951c-60d46ecfa148-groupManagement] INFO  server.RaftServerConfigKeys (ConfUtils.java:logGet(46)) - raft.server.log.write.buffer.size = 8388616 (custom)
2024-01-26 21:34:19,511 [cb9b1e06-b28b-4c4f-b19c-04e0cd8d01c6-groupManagement] INFO  server.RaftServerConfigKeys (ConfUtils.java:logGet(46)) - raft.server.log.segment.cache.size.max = 200MB (=209715200) (default)
2024-01-26 21:34:19,512 [cb9b1e06-b28b-4c4f-b19c-04e0cd8d01c6-groupManagement] INFO  server.RaftServerConfigKeys (ConfUtils.java:logGet(46)) - raft.server.log.appender.buffer.byte-limit = 8388608 (custom)
2024-01-26 21:34:19,513 [cb9b1e06-b28b-4c4f-b19c-04e0cd8d01c6-groupManagement] INFO  util.AwaitToRun (AwaitToRun.java:start(81)) - Thread[cb9b1e06-b28b-4c4f-b19c-04e0cd8d01c6@group-49351C4FF157-cacheEviction-AwaitToRun,5,main] started
2024-01-26 21:34:19,513 [cb9b1e06-b28b-4c4f-b19c-04e0cd8d01c6-groupManagement] INFO  segmented.SegmentedRaftLogWorker (SegmentedRaftLogWorker.java:<init>(182)) - new cb9b1e06-b28b-4c4f-b19c-04e0cd8d01c6@group-49351C4FF157-SegmentedRaftLogWorker for RaftStorageImpl:Storage Directory /home/runner/work/ozone/ozone/hadoop-ozone/integration-test/target/test-dir/MiniOzoneClusterImpl-1af845c4-9ad0-4304-ad21-7f4426eccdbd/datanode-9/data/ratis/a503c7e2-affd-4241-bb23-49351c4ff157
2024-01-26 21:34:19,513 [cb9b1e06-b28b-4c4f-b19c-04e0cd8d01c6-groupManagement] INFO  server.RaftServerConfigKeys (ConfUtils.java:logGet(46)) - raft.server.log.queue.byte-limit = 4294967296 (custom)
2024-01-26 21:34:19,513 [cb9b1e06-b28b-4c4f-b19c-04e0cd8d01c6-groupManagement] INFO  server.RaftServerConfigKeys (ConfUtils.java:logGet(46)) - raft.server.log.queue.element-limit = 1024 (custom)
2024-01-26 21:34:19,513 [cb9b1e06-b28b-4c4f-b19c-04e0cd8d01c6-groupManagement] INFO  server.RaftServerConfigKeys (ConfUtils.java:logGet(46)) - raft.server.log.segment.size.max = 67108864 (custom)
2024-01-26 21:34:19,513 [cb9b1e06-b28b-4c4f-b19c-04e0cd8d01c6-groupManagement] INFO  server.RaftServerConfigKeys (ConfUtils.java:logGet(46)) - raft.server.log.preallocated.size = 4194304 (custom)
2024-01-26 21:34:19,513 [cb9b1e06-b28b-4c4f-b19c-04e0cd8d01c6-groupManagement] INFO  server.RaftServerConfigKeys (ConfUtils.java:logGet(46)) - raft.server.log.force.sync.num = 128 (default)
2024-01-26 21:34:19,514 [cb9b1e06-b28b-4c4f-b19c-04e0cd8d01c6-groupManagement] INFO  server.RaftServerConfigKeys (ConfUtils.java:logGet(46)) - raft.server.log.statemachine.data.sync = true (default)
2024-01-26 21:34:19,514 [cb9b1e06-b28b-4c4f-b19c-04e0cd8d01c6-groupManagement] INFO  server.RaftServerConfigKeys (ConfUtils.java:logGet(46)) - raft.server.log.statemachine.data.sync.timeout = 10s (default)
2024-01-26 21:34:19,514 [cb9b1e06-b28b-4c4f-b19c-04e0cd8d01c6-groupManagement] INFO  server.RaftServerConfigKeys (ConfUtils.java:logGet(46)) - raft.server.log.statemachine.data.sync.timeout.retry = 0 (custom)
2024-01-26 21:34:19,514 [cb9b1e06-b28b-4c4f-b19c-04e0cd8d01c6-groupManagement] INFO  server.RaftServerConfigKeys (ConfUtils.java:logGet(46)) - raft.server.log.write.buffer.size = 8388616 (custom)
2024-01-26 21:34:19,521 [cb9b1e06-b28b-4c4f-b19c-04e0cd8d01c6-groupManagement] INFO  server.RaftServerConfigKeys (ConfUtils.java:logGet(46)) - raft.server.log.appender.buffer.byte-limit = 8388608 (custom)
2024-01-26 21:34:19,521 [cb9b1e06-b28b-4c4f-b19c-04e0cd8d01c6-groupManagement] INFO  server.RaftServerConfigKeys (ConfUtils.java:logGet(46)) - raft.server.log.unsafe-flush.enabled = false (default)
2024-01-26 21:34:19,521 [cb9b1e06-b28b-4c4f-b19c-04e0cd8d01c6-groupManagement] INFO  server.RaftServerConfigKeys (ConfUtils.java:logGet(46)) - raft.server.log.async-flush.enabled = false (default)
2024-01-26 21:34:19,521 [cb9b1e06-b28b-4c4f-b19c-04e0cd8d01c6-groupManagement] INFO  server.RaftServerConfigKeys (ConfUtils.java:logGet(46)) - raft.server.log.statemachine.data.caching.enabled = true (custom)
2024-01-26 21:34:19,521 [cb9b1e06-b28b-4c4f-b19c-04e0cd8d01c6-groupManagement] INFO  segmented.SegmentedRaftLogWorker (SegmentedRaftLogWorker.java:lambda$new$0(134)) - cb9b1e06-b28b-4c4f-b19c-04e0cd8d01c6@group-49351C4FF157-SegmentedRaftLogWorker: flushIndex: setUnconditionally 0 -> -1
2024-01-26 21:34:19,521 [cb9b1e06-b28b-4c4f-b19c-04e0cd8d01c6-groupManagement] INFO  segmented.SegmentedRaftLogWorker (SegmentedRaftLogWorker.java:lambda$new$0(134)) - cb9b1e06-b28b-4c4f-b19c-04e0cd8d01c6@group-49351C4FF157-SegmentedRaftLogWorker: safeCacheEvictIndex: setUnconditionally 0 -> -1
2024-01-26 21:34:19,522 [cb9b1e06-b28b-4c4f-b19c-04e0cd8d01c6-groupManagement] INFO  server.RaftServer$Division (RaftServerImpl.java:start(396)) - cb9b1e06-b28b-4c4f-b19c-04e0cd8d01c6@group-49351C4FF157: start as a follower, conf=-1: peers:[0454455d-17b5-4798-9ce3-34e4ad079dd1|10.1.0.5:15104, 8aa6f495-09ad-4a32-951c-60d46ecfa148|10.1.0.5:15113, cb9b1e06-b28b-4c4f-b19c-04e0cd8d01c6|10.1.0.5:15095]|listeners:[], old=null
2024-01-26 21:34:19,522 [cb9b1e06-b28b-4c4f-b19c-04e0cd8d01c6-groupManagement] INFO  server.RaftServer$Division (RaftServerImpl.java:setRole(383)) - cb9b1e06-b28b-4c4f-b19c-04e0cd8d01c6@group-49351C4FF157: changes role from      null to FOLLOWER at term 0 for startAsFollower
2024-01-26 21:34:19,522 [cb9b1e06-b28b-4c4f-b19c-04e0cd8d01c6-groupManagement] INFO  impl.RoleInfo (RoleInfo.java:updateAndGet(139)) - cb9b1e06-b28b-4c4f-b19c-04e0cd8d01c6: start cb9b1e06-b28b-4c4f-b19c-04e0cd8d01c6@group-49351C4FF157-FollowerState
2024-01-26 21:34:19,521 [8aa6f495-09ad-4a32-951c-60d46ecfa148-groupManagement] INFO  server.RaftServerConfigKeys (ConfUtils.java:logGet(46)) - raft.server.log.appender.buffer.byte-limit = 8388608 (custom)
2024-01-26 21:34:19,522 [8aa6f495-09ad-4a32-951c-60d46ecfa148-groupManagement] INFO  server.RaftServerConfigKeys (ConfUtils.java:logGet(46)) - raft.server.log.unsafe-flush.enabled = false (default)
2024-01-26 21:34:19,522 [8aa6f495-09ad-4a32-951c-60d46ecfa148-groupManagement] INFO  server.RaftServerConfigKeys (ConfUtils.java:logGet(46)) - raft.server.log.async-flush.enabled = false (default)
2024-01-26 21:34:19,522 [8aa6f495-09ad-4a32-951c-60d46ecfa148-groupManagement] INFO  server.RaftServerConfigKeys (ConfUtils.java:logGet(46)) - raft.server.log.statemachine.data.caching.enabled = true (custom)
2024-01-26 21:34:19,522 [8aa6f495-09ad-4a32-951c-60d46ecfa148-groupManagement] INFO  segmented.SegmentedRaftLogWorker (SegmentedRaftLogWorker.java:lambda$new$0(134)) - 8aa6f495-09ad-4a32-951c-60d46ecfa148@group-49351C4FF157-SegmentedRaftLogWorker: flushIndex: setUnconditionally 0 -> -1
2024-01-26 21:34:19,524 [8aa6f495-09ad-4a32-951c-60d46ecfa148-groupManagement] INFO  segmented.SegmentedRaftLogWorker (SegmentedRaftLogWorker.java:lambda$new$0(134)) - 8aa6f495-09ad-4a32-951c-60d46ecfa148@group-49351C4FF157-SegmentedRaftLogWorker: safeCacheEvictIndex: setUnconditionally 0 -> -1
2024-01-26 21:34:19,524 [cb9b1e06-b28b-4c4f-b19c-04e0cd8d01c6-groupManagement] INFO  util.JmxRegister (JmxRegister.java:tryRegister(44)) - Successfully registered JMX Bean with object name Ratis:service=RaftServer,group=group-49351C4FF157,id=cb9b1e06-b28b-4c4f-b19c-04e0cd8d01c6
2024-01-26 21:34:19,524 [cb9b1e06-b28b-4c4f-b19c-04e0cd8d01c6-groupManagement] INFO  server.RaftServerConfigKeys (ConfUtils.java:logGet(46)) - raft.server.snapshot.trigger-when-stop.enabled = true (default)
2024-01-26 21:34:19,524 [cb9b1e06-b28b-4c4f-b19c-04e0cd8d01c6-groupManagement] INFO  server.RaftServerConfigKeys (ConfUtils.java:logGet(46)) - raft.server.snapshot.auto.trigger.enabled = true (custom)
2024-01-26 21:34:19,524 [cb9b1e06-b28b-4c4f-b19c-04e0cd8d01c6-groupManagement] INFO  server.RaftServerConfigKeys (ConfUtils.java:logGet(46)) - raft.server.snapshot.auto.trigger.threshold = 10000 (custom)
2024-01-26 21:34:19,524 [cb9b1e06-b28b-4c4f-b19c-04e0cd8d01c6-groupManagement] INFO  server.RaftServerConfigKeys (ConfUtils.java:logGet(46)) - raft.server.snapshot.retention.file.num = 5 (custom)
2024-01-26 21:34:19,524 [cb9b1e06-b28b-4c4f-b19c-04e0cd8d01c6-groupManagement] INFO  server.RaftServerConfigKeys (ConfUtils.java:logGet(46)) - raft.server.log.purge.upto.snapshot.index = false (default)
2024-01-26 21:34:19,525 [cb9b1e06-b28b-4c4f-b19c-04e0cd8d01c6@group-49351C4FF157-FollowerState] INFO  server.RaftServerConfigKeys (ConfUtils.java:logFallback(53)) - raft.server.rpc.first-election.timeout.min = 5s (fallback to raft.server.rpc.timeout.min)
2024-01-26 21:34:19,525 [cb9b1e06-b28b-4c4f-b19c-04e0cd8d01c6@group-49351C4FF157-FollowerState] INFO  server.RaftServerConfigKeys (ConfUtils.java:logFallback(53)) - raft.server.rpc.first-election.timeout.max = 5200ms (fallback to raft.server.rpc.timeout.max)
2024-01-26 21:34:19,526 [8aa6f495-09ad-4a32-951c-60d46ecfa148-groupManagement] INFO  server.RaftServer$Division (RaftServerImpl.java:start(396)) - 8aa6f495-09ad-4a32-951c-60d46ecfa148@group-49351C4FF157: start as a follower, conf=-1: peers:[0454455d-17b5-4798-9ce3-34e4ad079dd1|10.1.0.5:15104, 8aa6f495-09ad-4a32-951c-60d46ecfa148|10.1.0.5:15113, cb9b1e06-b28b-4c4f-b19c-04e0cd8d01c6|10.1.0.5:15095]|listeners:[], old=null
2024-01-26 21:34:19,526 [8aa6f495-09ad-4a32-951c-60d46ecfa148-groupManagement] INFO  server.RaftServer$Division (RaftServerImpl.java:setRole(383)) - 8aa6f495-09ad-4a32-951c-60d46ecfa148@group-49351C4FF157: changes role from      null to FOLLOWER at term 0 for startAsFollower
2024-01-26 21:34:19,526 [8aa6f495-09ad-4a32-951c-60d46ecfa148-groupManagement] INFO  impl.RoleInfo (RoleInfo.java:updateAndGet(139)) - 8aa6f495-09ad-4a32-951c-60d46ecfa148: start 8aa6f495-09ad-4a32-951c-60d46ecfa148@group-49351C4FF157-FollowerState
2024-01-26 21:34:19,526 [8aa6f495-09ad-4a32-951c-60d46ecfa148-groupManagement] INFO  util.JmxRegister (JmxRegister.java:tryRegister(44)) - Successfully registered JMX Bean with object name Ratis:service=RaftServer,group=group-49351C4FF157,id=8aa6f495-09ad-4a32-951c-60d46ecfa148
2024-01-26 21:34:19,526 [8aa6f495-09ad-4a32-951c-60d46ecfa148-groupManagement] INFO  server.RaftServerConfigKeys (ConfUtils.java:logGet(46)) - raft.server.snapshot.trigger-when-stop.enabled = true (default)
2024-01-26 21:34:19,526 [8aa6f495-09ad-4a32-951c-60d46ecfa148-groupManagement] INFO  server.RaftServerConfigKeys (ConfUtils.java:logGet(46)) - raft.server.snapshot.auto.trigger.enabled = true (custom)
2024-01-26 21:34:19,526 [8aa6f495-09ad-4a32-951c-60d46ecfa148-groupManagement] INFO  server.RaftServerConfigKeys (ConfUtils.java:logGet(46)) - raft.server.snapshot.auto.trigger.threshold = 10000 (custom)
2024-01-26 21:34:19,526 [8aa6f495-09ad-4a32-951c-60d46ecfa148-groupManagement] INFO  server.RaftServerConfigKeys (ConfUtils.java:logGet(46)) - raft.server.snapshot.retention.file.num = 5 (custom)
2024-01-26 21:34:19,527 [8aa6f495-09ad-4a32-951c-60d46ecfa148-groupManagement] INFO  server.RaftServerConfigKeys (ConfUtils.java:logGet(46)) - raft.server.log.purge.upto.snapshot.index = false (default)
2024-01-26 21:34:19,527 [8aa6f495-09ad-4a32-951c-60d46ecfa148@group-49351C4FF157-FollowerState] INFO  server.RaftServerConfigKeys (ConfUtils.java:logFallback(53)) - raft.server.rpc.first-election.timeout.min = 5s (fallback to raft.server.rpc.timeout.min)
2024-01-26 21:34:19,527 [8aa6f495-09ad-4a32-951c-60d46ecfa148@group-49351C4FF157-FollowerState] INFO  server.RaftServerConfigKeys (ConfUtils.java:logFallback(53)) - raft.server.rpc.first-election.timeout.max = 5200ms (fallback to raft.server.rpc.timeout.max)
2024-01-26 21:34:19,531 [8aa6f495-09ad-4a32-951c-60d46ecfa148-PipelineCommandHandlerThread-0] INFO  ratis.XceiverServerRatis (XceiverServerRatis.java:addGroup(842)) - Created group PipelineID=a503c7e2-affd-4241-bb23-49351c4ff157
2024-01-26 21:34:19,555 [0454455d-17b5-4798-9ce3-34e4ad079dd1-PipelineCommandHandlerThread-0] INFO  commandhandler.CreatePipelineCommandHandler (CreatePipelineCommandHandler.java:lambda$handle$2(124)) - Created Pipeline RATIS THREE PipelineID=a503c7e2-affd-4241-bb23-49351c4ff157.
2024-01-26 21:34:19,576 [8aa6f495-09ad-4a32-951c-60d46ecfa148-PipelineCommandHandlerThread-0] INFO  commandhandler.CreatePipelineCommandHandler (CreatePipelineCommandHandler.java:lambda$handle$2(124)) - Created Pipeline RATIS THREE PipelineID=a503c7e2-affd-4241-bb23-49351c4ff157.
2024-01-26 21:34:20,369 [main] INFO  ozone.MiniOzoneClusterImpl (MiniOzoneClusterImpl.java:lambda$waitForClusterToBeReady$0(229)) - Nodes are ready. Got 14 of 14 DN Heartbeats.
2024-01-26 21:34:20,370 [main] INFO  ozone.MiniOzoneClusterImpl (MiniOzoneClusterImpl.java:lambda$waitForClusterToBeReady$0(232)) - Waiting for cluster to exit safe mode
2024-01-26 21:34:20,370 [main] INFO  ozone.MiniOzoneClusterImpl (MiniOzoneClusterImpl.java:lambda$waitForClusterToBeReady$0(234)) - SCM became leader
2024-01-26 21:34:21,370 [main] INFO  ozone.MiniOzoneClusterImpl (MiniOzoneClusterImpl.java:lambda$waitForClusterToBeReady$0(229)) - Nodes are ready. Got 14 of 14 DN Heartbeats.
2024-01-26 21:34:21,370 [main] INFO  ozone.MiniOzoneClusterImpl (MiniOzoneClusterImpl.java:lambda$waitForClusterToBeReady$0(232)) - Waiting for cluster to exit safe mode
2024-01-26 21:34:21,371 [main] INFO  ozone.MiniOzoneClusterImpl (MiniOzoneClusterImpl.java:lambda$waitForClusterToBeReady$0(234)) - SCM became leader
2024-01-26 21:34:22,371 [main] INFO  ozone.MiniOzoneClusterImpl (MiniOzoneClusterImpl.java:lambda$waitForClusterToBeReady$0(229)) - Nodes are ready. Got 14 of 14 DN Heartbeats.
2024-01-26 21:34:22,371 [main] INFO  ozone.MiniOzoneClusterImpl (MiniOzoneClusterImpl.java:lambda$waitForClusterToBeReady$0(232)) - Waiting for cluster to exit safe mode
2024-01-26 21:34:22,371 [main] INFO  ozone.MiniOzoneClusterImpl (MiniOzoneClusterImpl.java:lambda$waitForClusterToBeReady$0(234)) - SCM became leader
2024-01-26 21:34:22,998 [67e21e31-4dca-48e2-85b4-2f4b1b69db84@group-639F76320631-FollowerState] INFO  impl.FollowerState (FollowerState.java:run(143)) - 67e21e31-4dca-48e2-85b4-2f4b1b69db84@group-639F76320631-FollowerState: change to CANDIDATE, lastRpcElapsedTime:5144410628ns, electionTimeout:5136ms
2024-01-26 21:34:22,998 [67e21e31-4dca-48e2-85b4-2f4b1b69db84@group-639F76320631-FollowerState] INFO  impl.RoleInfo (RoleInfo.java:shutdownFollowerState(110)) - 67e21e31-4dca-48e2-85b4-2f4b1b69db84: shutdown 67e21e31-4dca-48e2-85b4-2f4b1b69db84@group-639F76320631-FollowerState
2024-01-26 21:34:22,998 [67e21e31-4dca-48e2-85b4-2f4b1b69db84@group-639F76320631-FollowerState] INFO  server.RaftServer$Division (RaftServerImpl.java:setRole(383)) - 67e21e31-4dca-48e2-85b4-2f4b1b69db84@group-639F76320631: changes role from  FOLLOWER to CANDIDATE at term 0 for changeToCandidate
2024-01-26 21:34:22,998 [67e21e31-4dca-48e2-85b4-2f4b1b69db84@group-639F76320631-FollowerState] INFO  server.RaftServerConfigKeys (ConfUtils.java:logGet(46)) - raft.server.leaderelection.pre-vote = true (default)
2024-01-26 21:34:22,998 [67e21e31-4dca-48e2-85b4-2f4b1b69db84@group-639F76320631-FollowerState] INFO  impl.RoleInfo (RoleInfo.java:updateAndGet(139)) - 67e21e31-4dca-48e2-85b4-2f4b1b69db84: start 67e21e31-4dca-48e2-85b4-2f4b1b69db84@group-639F76320631-LeaderElection2
2024-01-26 21:34:23,000 [67e21e31-4dca-48e2-85b4-2f4b1b69db84@group-639F76320631-LeaderElection2] INFO  impl.LeaderElection (LeaderElection.java:askForVotes(321)) - 67e21e31-4dca-48e2-85b4-2f4b1b69db84@group-639F76320631-LeaderElection2 PRE_VOTE round 0: submit vote requests at term 0 for -1: peers:[67e21e31-4dca-48e2-85b4-2f4b1b69db84|10.1.0.5:15014]|listeners:[], old=null
2024-01-26 21:34:23,000 [67e21e31-4dca-48e2-85b4-2f4b1b69db84@group-639F76320631-LeaderElection2] INFO  impl.LeaderElection (LeaderElection.java:askForVotes(323)) - 67e21e31-4dca-48e2-85b4-2f4b1b69db84@group-639F76320631-LeaderElection2 PRE_VOTE round 0: result PASSED (term=0)
2024-01-26 21:34:23,002 [67e21e31-4dca-48e2-85b4-2f4b1b69db84@group-639F76320631-LeaderElection2] INFO  impl.LeaderElection (LeaderElection.java:askForVotes(321)) - 67e21e31-4dca-48e2-85b4-2f4b1b69db84@group-639F76320631-LeaderElection2 ELECTION round 0: submit vote requests at term 1 for -1: peers:[67e21e31-4dca-48e2-85b4-2f4b1b69db84|10.1.0.5:15014]|listeners:[], old=null
2024-01-26 21:34:23,002 [67e21e31-4dca-48e2-85b4-2f4b1b69db84@group-639F76320631-LeaderElection2] INFO  impl.LeaderElection (LeaderElection.java:askForVotes(323)) - 67e21e31-4dca-48e2-85b4-2f4b1b69db84@group-639F76320631-LeaderElection2 ELECTION round 0: result PASSED (term=1)
2024-01-26 21:34:23,002 [67e21e31-4dca-48e2-85b4-2f4b1b69db84@group-639F76320631-LeaderElection2] INFO  impl.RoleInfo (RoleInfo.java:shutdownLeaderElection(130)) - 67e21e31-4dca-48e2-85b4-2f4b1b69db84: shutdown 67e21e31-4dca-48e2-85b4-2f4b1b69db84@group-639F76320631-LeaderElection2
2024-01-26 21:34:23,002 [67e21e31-4dca-48e2-85b4-2f4b1b69db84@group-639F76320631-LeaderElection2] INFO  server.RaftServer$Division (RaftServerImpl.java:setRole(383)) - 67e21e31-4dca-48e2-85b4-2f4b1b69db84@group-639F76320631: changes role from CANDIDATE to LEADER at term 1 for changeToLeader
2024-01-26 21:34:23,002 [67e21e31-4dca-48e2-85b4-2f4b1b69db84@group-639F76320631-LeaderElection2] INFO  server.RaftServerConfigKeys (ConfUtils.java:logGet(46)) - raft.server.staging.catchup.gap = 1000 (default)
2024-01-26 21:34:23,003 [67e21e31-4dca-48e2-85b4-2f4b1b69db84@group-639F76320631-LeaderElection2] INFO  server.RaftServerConfigKeys (ConfUtils.java:logGet(46)) - raft.server.write.element-limit = 1024 (custom)
2024-01-26 21:34:23,003 [67e21e31-4dca-48e2-85b4-2f4b1b69db84@group-639F76320631-LeaderElection2] INFO  server.RaftServerConfigKeys (ConfUtils.java:logGet(46)) - raft.server.write.byte-limit = 1024 M (=1073741824) (custom)
2024-01-26 21:34:23,003 [67e21e31-4dca-48e2-85b4-2f4b1b69db84@group-639F76320631-LeaderElection2] INFO  server.RaftServerConfigKeys (ConfUtils.java:logGet(46)) - raft.server.watch.timeout = 180s (custom)
2024-01-26 21:34:23,003 [67e21e31-4dca-48e2-85b4-2f4b1b69db84@group-639F76320631-LeaderElection2] INFO  server.RaftServerConfigKeys (ConfUtils.java:logGet(46)) - raft.server.watch.timeout.denomination = 1s (default)
2024-01-26 21:34:23,003 [67e21e31-4dca-48e2-85b4-2f4b1b69db84@group-639F76320631-LeaderElection2] INFO  server.RaftServerConfigKeys (ConfUtils.java:logGet(46)) - raft.server.watch.element-limit = 65536 (default)
2024-01-26 21:34:23,003 [67e21e31-4dca-48e2-85b4-2f4b1b69db84@group-639F76320631-LeaderElection2] INFO  server.RaftServerConfigKeys (ConfUtils.java:logGet(46)) - raft.server.read.leader.lease.enabled = false (default)
2024-01-26 21:34:23,003 [67e21e31-4dca-48e2-85b4-2f4b1b69db84@group-639F76320631-LeaderElection2] INFO  server.RaftServerConfigKeys (ConfUtils.java:logGet(46)) - raft.server.read.leader.lease.timeout.ratio = 0.9 (default)
2024-01-26 21:34:23,003 [67e21e31-4dca-48e2-85b4-2f4b1b69db84@group-639F76320631-LeaderElection2] INFO  server.RaftServerConfigKeys (ConfUtils.java:logGet(46)) - raft.server.rpc.timeout.min = 5s (custom)
2024-01-26 21:34:23,004 [67e21e31-4dca-48e2-85b4-2f4b1b69db84@group-639F76320631-LeaderElection2] INFO  server.RaftServerConfigKeys (ConfUtils.java:logGet(46)) - raft.server.write.element-limit = 1024 (custom)
2024-01-26 21:34:23,004 [67e21e31-4dca-48e2-85b4-2f4b1b69db84@group-639F76320631-LeaderElection2] INFO  server.RaftServerConfigKeys (ConfUtils.java:logGet(46)) - raft.server.write.follower.gap.ratio.max = -1.0 (default)
2024-01-26 21:34:23,004 [67e21e31-4dca-48e2-85b4-2f4b1b69db84@group-639F76320631-LeaderElection2] INFO  impl.RoleInfo (RoleInfo.java:updateAndGet(139)) - 67e21e31-4dca-48e2-85b4-2f4b1b69db84: start 67e21e31-4dca-48e2-85b4-2f4b1b69db84@group-639F76320631-LeaderStateImpl
2024-01-26 21:34:23,004 [67e21e31-4dca-48e2-85b4-2f4b1b69db84@group-639F76320631-LeaderElection2] INFO  server.RaftServer$Division (RaftServerImpl.java:setFirstElection(574)) - 67e21e31-4dca-48e2-85b4-2f4b1b69db84@group-639F76320631: set firstElectionSinceStartup to false for becomeLeader
2024-01-26 21:34:23,004 [67e21e31-4dca-48e2-85b4-2f4b1b69db84@group-639F76320631-LeaderElection2] INFO  ratis.XceiverServerRatis (XceiverServerRatis.java:handleLeaderChangedNotification(945)) - Leader change notification received for group: group-639F76320631 with new leaderId: 67e21e31-4dca-48e2-85b4-2f4b1b69db84
2024-01-26 21:34:23,004 [67e21e31-4dca-48e2-85b4-2f4b1b69db84@group-639F76320631-LeaderElection2] INFO  server.RaftServer$Division (ServerState.java:setLeader(269)) - 67e21e31-4dca-48e2-85b4-2f4b1b69db84@group-639F76320631: change Leader from null to 67e21e31-4dca-48e2-85b4-2f4b1b69db84 at term 1 for becomeLeader, leader elected after 5250ms
2024-01-26 21:34:23,004 [67e21e31-4dca-48e2-85b4-2f4b1b69db84@group-DB88475E5C12-FollowerState] INFO  impl.FollowerState (FollowerState.java:run(143)) - 67e21e31-4dca-48e2-85b4-2f4b1b69db84@group-DB88475E5C12-FollowerState: change to CANDIDATE, lastRpcElapsedTime:5061576618ns, electionTimeout:5055ms
2024-01-26 21:34:23,005 [67e21e31-4dca-48e2-85b4-2f4b1b69db84@group-DB88475E5C12-FollowerState] INFO  impl.RoleInfo (RoleInfo.java:shutdownFollowerState(110)) - 67e21e31-4dca-48e2-85b4-2f4b1b69db84: shutdown 67e21e31-4dca-48e2-85b4-2f4b1b69db84@group-DB88475E5C12-FollowerState
2024-01-26 21:34:23,005 [67e21e31-4dca-48e2-85b4-2f4b1b69db84@group-DB88475E5C12-FollowerState] INFO  server.RaftServer$Division (RaftServerImpl.java:setRole(383)) - 67e21e31-4dca-48e2-85b4-2f4b1b69db84@group-DB88475E5C12: changes role from  FOLLOWER to CANDIDATE at term 0 for changeToCandidate
2024-01-26 21:34:23,005 [67e21e31-4dca-48e2-85b4-2f4b1b69db84@group-DB88475E5C12-FollowerState] INFO  server.RaftServerConfigKeys (ConfUtils.java:logGet(46)) - raft.server.leaderelection.pre-vote = true (default)
2024-01-26 21:34:23,005 [67e21e31-4dca-48e2-85b4-2f4b1b69db84@group-DB88475E5C12-FollowerState] INFO  impl.RoleInfo (RoleInfo.java:updateAndGet(139)) - 67e21e31-4dca-48e2-85b4-2f4b1b69db84: start 67e21e31-4dca-48e2-85b4-2f4b1b69db84@group-DB88475E5C12-LeaderElection3
2024-01-26 21:34:23,006 [67e21e31-4dca-48e2-85b4-2f4b1b69db84@group-639F76320631-LeaderElection2] INFO  segmented.SegmentedRaftLogWorker (SegmentedRaftLogWorker.java:startLogSegment(430)) - 67e21e31-4dca-48e2-85b4-2f4b1b69db84@group-639F76320631-SegmentedRaftLogWorker: Starting segment from index:0
2024-01-26 21:34:23,008 [67e21e31-4dca-48e2-85b4-2f4b1b69db84@group-639F76320631-SegmentedRaftLogWorker] INFO  segmented.BufferedWriteChannel (BufferedWriteChannel.java:open(62)) - open log_inprogress_0 at position 0
2024-01-26 21:34:23,007 [67e21e31-4dca-48e2-85b4-2f4b1b69db84@group-DB88475E5C12-LeaderElection3] INFO  impl.LeaderElection (LeaderElection.java:askForVotes(321)) - 67e21e31-4dca-48e2-85b4-2f4b1b69db84@group-DB88475E5C12-LeaderElection3 PRE_VOTE round 0: submit vote requests at term 0 for -1: peers:[67e21e31-4dca-48e2-85b4-2f4b1b69db84|10.1.0.5:15014, c424f152-b0b1-403f-ad43-57b6eddc8681|10.1.0.5:15032, a4a3addc-657d-412b-928e-3d6f899db221|10.1.0.5:15023]|listeners:[], old=null
2024-01-26 21:34:23,009 [EventQueue-OpenPipelineForHealthyPipelineSafeModeRule] INFO  safemode.SCMSafeModeManager (HealthyPipelineSafeModeRule.java:process(140)) - SCM in safe mode. Healthy pipelines reported count is 0, required healthy pipeline reported count is 1
2024-01-26 21:34:23,011 [67e21e31-4dca-48e2-85b4-2f4b1b69db84@group-639F76320631-LeaderElection2] INFO  server.RaftServer$Division (ServerState.java:setRaftConf(386)) - 67e21e31-4dca-48e2-85b4-2f4b1b69db84@group-639F76320631: set configuration 0: peers:[67e21e31-4dca-48e2-85b4-2f4b1b69db84|10.1.0.5:15014]|listeners:[], old=null
2024-01-26 21:34:23,014 [67e21e31-4dca-48e2-85b4-2f4b1b69db84@group-DB88475E5C12-LeaderElection3] INFO  server.RaftServerConfigKeys (ConfUtils.java:logFallback(53)) - raft.server.rpc.first-election.timeout.min = 5s (fallback to raft.server.rpc.timeout.min)
2024-01-26 21:34:23,014 [67e21e31-4dca-48e2-85b4-2f4b1b69db84@group-DB88475E5C12-LeaderElection3] INFO  server.RaftServerConfigKeys (ConfUtils.java:logFallback(53)) - raft.server.rpc.first-election.timeout.max = 5200ms (fallback to raft.server.rpc.timeout.max)
2024-01-26 21:34:23,014 [67e21e31-4dca-48e2-85b4-2f4b1b69db84@group-DB88475E5C12-LeaderElection3-1] INFO  server.GrpcServerProtocolClient (GrpcServerProtocolClient.java:<init>(65)) - Build channel for c424f152-b0b1-403f-ad43-57b6eddc8681|10.1.0.5:15032
2024-01-26 21:34:23,015 [67e21e31-4dca-48e2-85b4-2f4b1b69db84@group-DB88475E5C12-LeaderElection3-2] INFO  server.GrpcServerProtocolClient (GrpcServerProtocolClient.java:<init>(65)) - Build channel for a4a3addc-657d-412b-928e-3d6f899db221|10.1.0.5:15023
2024-01-26 21:34:23,016 [67e21e31-4dca-48e2-85b4-2f4b1b69db84@group-639F76320631-SegmentedRaftLogWorker] INFO  segmented.SegmentedRaftLogWorker (SegmentedRaftLogWorker.java:execute(634)) - 67e21e31-4dca-48e2-85b4-2f4b1b69db84@group-639F76320631-SegmentedRaftLogWorker: created new log segment /home/runner/work/ozone/ozone/hadoop-ozone/integration-test/target/test-dir/MiniOzoneClusterImpl-1af845c4-9ad0-4304-ad21-7f4426eccdbd/datanode-0/data/ratis/8b1b8c84-e774-48d5-bd5f-639f76320631/current/log_inprogress_0
2024-01-26 21:34:23,019 [67e21e31-4dca-48e2-85b4-2f4b1b69db84@group-639F76320631-StateMachineUpdater] INFO  server.RaftServer$Division (LeaderStateImpl.java:isApplied(320)) - leader is ready since appliedIndex == 0 >= startIndex == 0
2024-01-26 21:34:23,026 [grpc-default-executor-3] INFO  server.RaftServer$Division (RaftServerImpl.java:requestVote(1389)) - c424f152-b0b1-403f-ad43-57b6eddc8681@group-DB88475E5C12: receive requestVote(PRE_VOTE, 67e21e31-4dca-48e2-85b4-2f4b1b69db84, group-DB88475E5C12, 0, (t:0, i:0))
2024-01-26 21:34:23,027 [grpc-default-executor-2] INFO  server.RaftServer$Division (RaftServerImpl.java:requestVote(1389)) - a4a3addc-657d-412b-928e-3d6f899db221@group-DB88475E5C12: receive requestVote(PRE_VOTE, 67e21e31-4dca-48e2-85b4-2f4b1b69db84, group-DB88475E5C12, 0, (t:0, i:0))
2024-01-26 21:34:23,027 [grpc-default-executor-3] INFO  impl.VoteContext (VoteContext.java:log(49)) - c424f152-b0b1-403f-ad43-57b6eddc8681@group-DB88475E5C12-FOLLOWER: reject PRE_VOTE from 67e21e31-4dca-48e2-85b4-2f4b1b69db84: our priority 1 > candidate's priority 0
2024-01-26 21:34:23,027 [grpc-default-executor-2] INFO  impl.VoteContext (VoteContext.java:log(49)) - a4a3addc-657d-412b-928e-3d6f899db221@group-DB88475E5C12-FOLLOWER: accept PRE_VOTE from 67e21e31-4dca-48e2-85b4-2f4b1b69db84: our priority 0 <= candidate's priority 0
2024-01-26 21:34:23,030 [grpc-default-executor-2] INFO  server.RaftServer$Division (RaftServerImpl.java:requestVote(1422)) - a4a3addc-657d-412b-928e-3d6f899db221@group-DB88475E5C12 replies to PRE_VOTE vote request: 67e21e31-4dca-48e2-85b4-2f4b1b69db84<-a4a3addc-657d-412b-928e-3d6f899db221#0:OK-t0. Peer's state: a4a3addc-657d-412b-928e-3d6f899db221@group-DB88475E5C12:t0, leader=null, voted=, raftlog=Memoized:a4a3addc-657d-412b-928e-3d6f899db221@group-DB88475E5C12-SegmentedRaftLog:OPENED:c-1, conf=-1: peers:[67e21e31-4dca-48e2-85b4-2f4b1b69db84|10.1.0.5:15014, c424f152-b0b1-403f-ad43-57b6eddc8681|10.1.0.5:15032, a4a3addc-657d-412b-928e-3d6f899db221|10.1.0.5:15023]|listeners:[], old=null
2024-01-26 21:34:23,030 [grpc-default-executor-3] INFO  server.RaftServer$Division (RaftServerImpl.java:requestVote(1422)) - c424f152-b0b1-403f-ad43-57b6eddc8681@group-DB88475E5C12 replies to PRE_VOTE vote request: 67e21e31-4dca-48e2-85b4-2f4b1b69db84<-c424f152-b0b1-403f-ad43-57b6eddc8681#0:FAIL-t0. Peer's state: c424f152-b0b1-403f-ad43-57b6eddc8681@group-DB88475E5C12:t0, leader=null, voted=, raftlog=Memoized:c424f152-b0b1-403f-ad43-57b6eddc8681@group-DB88475E5C12-SegmentedRaftLog:OPENED:c-1, conf=-1: peers:[67e21e31-4dca-48e2-85b4-2f4b1b69db84|10.1.0.5:15014, c424f152-b0b1-403f-ad43-57b6eddc8681|10.1.0.5:15032, a4a3addc-657d-412b-928e-3d6f899db221|10.1.0.5:15023]|listeners:[], old=null
2024-01-26 21:34:23,031 [a4a3addc-657d-412b-928e-3d6f899db221@group-D485A5548EAE-FollowerState] INFO  impl.FollowerState (FollowerState.java:run(143)) - a4a3addc-657d-412b-928e-3d6f899db221@group-D485A5548EAE-FollowerState: change to CANDIDATE, lastRpcElapsedTime:5079880680ns, electionTimeout:5079ms
2024-01-26 21:34:23,031 [a4a3addc-657d-412b-928e-3d6f899db221@group-D485A5548EAE-FollowerState] INFO  impl.RoleInfo (RoleInfo.java:shutdownFollowerState(110)) - a4a3addc-657d-412b-928e-3d6f899db221: shutdown a4a3addc-657d-412b-928e-3d6f899db221@group-D485A5548EAE-FollowerState
2024-01-26 21:34:23,031 [a4a3addc-657d-412b-928e-3d6f899db221@group-D485A5548EAE-FollowerState] INFO  server.RaftServer$Division (RaftServerImpl.java:setRole(383)) - a4a3addc-657d-412b-928e-3d6f899db221@group-D485A5548EAE: changes role from  FOLLOWER to CANDIDATE at term 0 for changeToCandidate
2024-01-26 21:34:23,031 [a4a3addc-657d-412b-928e-3d6f899db221@group-D485A5548EAE-FollowerState] INFO  server.RaftServerConfigKeys (ConfUtils.java:logGet(46)) - raft.server.leaderelection.pre-vote = true (default)
2024-01-26 21:34:23,031 [a4a3addc-657d-412b-928e-3d6f899db221@group-D485A5548EAE-FollowerState] INFO  impl.RoleInfo (RoleInfo.java:updateAndGet(139)) - a4a3addc-657d-412b-928e-3d6f899db221: start a4a3addc-657d-412b-928e-3d6f899db221@group-D485A5548EAE-LeaderElection4
2024-01-26 21:34:23,032 [67e21e31-4dca-48e2-85b4-2f4b1b69db84@group-DB88475E5C12-LeaderElection3] INFO  impl.LeaderElection (LeaderElection.java:logAndReturn(89)) - 67e21e31-4dca-48e2-85b4-2f4b1b69db84@group-DB88475E5C12-LeaderElection3: PRE_VOTE REJECTED received 2 response(s) and 0 exception(s):
2024-01-26 21:34:23,032 [67e21e31-4dca-48e2-85b4-2f4b1b69db84@group-DB88475E5C12-LeaderElection3] INFO  impl.LeaderElection (LeaderElection.java:logAndReturn(93)) -   Response 0: 67e21e31-4dca-48e2-85b4-2f4b1b69db84<-a4a3addc-657d-412b-928e-3d6f899db221#0:OK-t0
2024-01-26 21:34:23,032 [67e21e31-4dca-48e2-85b4-2f4b1b69db84@group-DB88475E5C12-LeaderElection3] INFO  impl.LeaderElection (LeaderElection.java:logAndReturn(93)) -   Response 1: 67e21e31-4dca-48e2-85b4-2f4b1b69db84<-c424f152-b0b1-403f-ad43-57b6eddc8681#0:FAIL-t0
2024-01-26 21:34:23,033 [67e21e31-4dca-48e2-85b4-2f4b1b69db84@group-DB88475E5C12-LeaderElection3] INFO  impl.LeaderElection (LeaderElection.java:askForVotes(323)) - 67e21e31-4dca-48e2-85b4-2f4b1b69db84@group-DB88475E5C12-LeaderElection3 PRE_VOTE round 0: result REJECTED
2024-01-26 21:34:23,033 [67e21e31-4dca-48e2-85b4-2f4b1b69db84@group-DB88475E5C12-LeaderElection3] INFO  server.RaftServer$Division (RaftServerImpl.java:setRole(383)) - 67e21e31-4dca-48e2-85b4-2f4b1b69db84@group-DB88475E5C12: changes role from CANDIDATE to FOLLOWER at term 0 for REJECTED
2024-01-26 21:34:23,033 [67e21e31-4dca-48e2-85b4-2f4b1b69db84@group-DB88475E5C12-LeaderElection3] INFO  impl.RoleInfo (RoleInfo.java:shutdownLeaderElection(130)) - 67e21e31-4dca-48e2-85b4-2f4b1b69db84: shutdown 67e21e31-4dca-48e2-85b4-2f4b1b69db84@group-DB88475E5C12-LeaderElection3
2024-01-26 21:34:23,033 [67e21e31-4dca-48e2-85b4-2f4b1b69db84@group-DB88475E5C12-LeaderElection3] INFO  impl.RoleInfo (RoleInfo.java:updateAndGet(139)) - 67e21e31-4dca-48e2-85b4-2f4b1b69db84: start 67e21e31-4dca-48e2-85b4-2f4b1b69db84@group-DB88475E5C12-FollowerState
2024-01-26 21:34:23,033 [67e21e31-4dca-48e2-85b4-2f4b1b69db84@group-DB88475E5C12-LeaderElection3] INFO  server.RaftServer$Division (RaftServerImpl.java:setFirstElection(574)) - 67e21e31-4dca-48e2-85b4-2f4b1b69db84@group-DB88475E5C12: set firstElectionSinceStartup to false for REJECTED
2024-01-26 21:34:23,040 [a4a3addc-657d-412b-928e-3d6f899db221@group-D485A5548EAE-LeaderElection4] INFO  impl.LeaderElection (LeaderElection.java:askForVotes(321)) - a4a3addc-657d-412b-928e-3d6f899db221@group-D485A5548EAE-LeaderElection4 PRE_VOTE round 0: submit vote requests at term 0 for -1: peers:[a4a3addc-657d-412b-928e-3d6f899db221|10.1.0.5:15023]|listeners:[], old=null
2024-01-26 21:34:23,040 [a4a3addc-657d-412b-928e-3d6f899db221@group-D485A5548EAE-LeaderElection4] INFO  impl.LeaderElection (LeaderElection.java:askForVotes(323)) - a4a3addc-657d-412b-928e-3d6f899db221@group-D485A5548EAE-LeaderElection4 PRE_VOTE round 0: result PASSED (term=0)
2024-01-26 21:34:23,041 [a4a3addc-657d-412b-928e-3d6f899db221@group-D485A5548EAE-LeaderElection4] INFO  impl.LeaderElection (LeaderElection.java:askForVotes(321)) - a4a3addc-657d-412b-928e-3d6f899db221@group-D485A5548EAE-LeaderElection4 ELECTION round 0: submit vote requests at term 1 for -1: peers:[a4a3addc-657d-412b-928e-3d6f899db221|10.1.0.5:15023]|listeners:[], old=null
2024-01-26 21:34:23,041 [a4a3addc-657d-412b-928e-3d6f899db221@group-D485A5548EAE-LeaderElection4] INFO  impl.LeaderElection (LeaderElection.java:askForVotes(323)) - a4a3addc-657d-412b-928e-3d6f899db221@group-D485A5548EAE-LeaderElection4 ELECTION round 0: result PASSED (term=1)
2024-01-26 21:34:23,041 [a4a3addc-657d-412b-928e-3d6f899db221@group-D485A5548EAE-LeaderElection4] INFO  impl.RoleInfo (RoleInfo.java:shutdownLeaderElection(130)) - a4a3addc-657d-412b-928e-3d6f899db221: shutdown a4a3addc-657d-412b-928e-3d6f899db221@group-D485A5548EAE-LeaderElection4
2024-01-26 21:34:23,041 [a4a3addc-657d-412b-928e-3d6f899db221@group-D485A5548EAE-LeaderElection4] INFO  server.RaftServer$Division (RaftServerImpl.java:setRole(383)) - a4a3addc-657d-412b-928e-3d6f899db221@group-D485A5548EAE: changes role from CANDIDATE to LEADER at term 1 for changeToLeader
2024-01-26 21:34:23,041 [a4a3addc-657d-412b-928e-3d6f899db221@group-D485A5548EAE-LeaderElection4] INFO  server.RaftServerConfigKeys (ConfUtils.java:logGet(46)) - raft.server.staging.catchup.gap = 1000 (default)
2024-01-26 21:34:23,041 [a4a3addc-657d-412b-928e-3d6f899db221@group-D485A5548EAE-LeaderElection4] INFO  server.RaftServerConfigKeys (ConfUtils.java:logGet(46)) - raft.server.write.element-limit = 1024 (custom)
2024-01-26 21:34:23,041 [a4a3addc-657d-412b-928e-3d6f899db221@group-D485A5548EAE-LeaderElection4] INFO  server.RaftServerConfigKeys (ConfUtils.java:logGet(46)) - raft.server.write.byte-limit = 1024 M (=1073741824) (custom)
2024-01-26 21:34:23,042 [a4a3addc-657d-412b-928e-3d6f899db221@group-D485A5548EAE-LeaderElection4] INFO  server.RaftServerConfigKeys (ConfUtils.java:logGet(46)) - raft.server.watch.timeout = 180s (custom)
2024-01-26 21:34:23,042 [a4a3addc-657d-412b-928e-3d6f899db221@group-D485A5548EAE-LeaderElection4] INFO  server.RaftServerConfigKeys (ConfUtils.java:logGet(46)) - raft.server.watch.timeout.denomination = 1s (default)
2024-01-26 21:34:23,042 [a4a3addc-657d-412b-928e-3d6f899db221@group-D485A5548EAE-LeaderElection4] INFO  server.RaftServerConfigKeys (ConfUtils.java:logGet(46)) - raft.server.watch.element-limit = 65536 (default)
2024-01-26 21:34:23,042 [a4a3addc-657d-412b-928e-3d6f899db221@group-D485A5548EAE-LeaderElection4] INFO  server.RaftServerConfigKeys (ConfUtils.java:logGet(46)) - raft.server.read.leader.lease.enabled = false (default)
2024-01-26 21:34:23,042 [a4a3addc-657d-412b-928e-3d6f899db221@group-D485A5548EAE-LeaderElection4] INFO  server.RaftServerConfigKeys (ConfUtils.java:logGet(46)) - raft.server.read.leader.lease.timeout.ratio = 0.9 (default)
2024-01-26 21:34:23,042 [a4a3addc-657d-412b-928e-3d6f899db221@group-D485A5548EAE-LeaderElection4] INFO  server.RaftServerConfigKeys (ConfUtils.java:logGet(46)) - raft.server.rpc.timeout.min = 5s (custom)
2024-01-26 21:34:23,042 [a4a3addc-657d-412b-928e-3d6f899db221@group-D485A5548EAE-LeaderElection4] INFO  server.RaftServerConfigKeys (ConfUtils.java:logGet(46)) - raft.server.write.element-limit = 1024 (custom)
2024-01-26 21:34:23,042 [a4a3addc-657d-412b-928e-3d6f899db221@group-D485A5548EAE-LeaderElection4] INFO  server.RaftServerConfigKeys (ConfUtils.java:logGet(46)) - raft.server.write.follower.gap.ratio.max = -1.0 (default)
2024-01-26 21:34:23,042 [a4a3addc-657d-412b-928e-3d6f899db221@group-D485A5548EAE-LeaderElection4] INFO  impl.RoleInfo (RoleInfo.java:updateAndGet(139)) - a4a3addc-657d-412b-928e-3d6f899db221: start a4a3addc-657d-412b-928e-3d6f899db221@group-D485A5548EAE-LeaderStateImpl
2024-01-26 21:34:23,042 [a4a3addc-657d-412b-928e-3d6f899db221@group-D485A5548EAE-LeaderElection4] INFO  server.RaftServer$Division (RaftServerImpl.java:setFirstElection(574)) - a4a3addc-657d-412b-928e-3d6f899db221@group-D485A5548EAE: set firstElectionSinceStartup to false for becomeLeader
2024-01-26 21:34:23,043 [a4a3addc-657d-412b-928e-3d6f899db221@group-D485A5548EAE-LeaderElection4] INFO  ratis.XceiverServerRatis (XceiverServerRatis.java:handleLeaderChangedNotification(945)) - Leader change notification received for group: group-D485A5548EAE with new leaderId: a4a3addc-657d-412b-928e-3d6f899db221
2024-01-26 21:34:23,043 [a4a3addc-657d-412b-928e-3d6f899db221@group-D485A5548EAE-LeaderElection4] INFO  server.RaftServer$Division (ServerState.java:setLeader(269)) - a4a3addc-657d-412b-928e-3d6f899db221@group-D485A5548EAE: change Leader from null to a4a3addc-657d-412b-928e-3d6f899db221 at term 1 for becomeLeader, leader elected after 5137ms
2024-01-26 21:34:23,043 [a4a3addc-657d-412b-928e-3d6f899db221@group-D485A5548EAE-LeaderElection4] INFO  segmented.SegmentedRaftLogWorker (SegmentedRaftLogWorker.java:startLogSegment(430)) - a4a3addc-657d-412b-928e-3d6f899db221@group-D485A5548EAE-SegmentedRaftLogWorker: Starting segment from index:0
2024-01-26 21:34:23,044 [a4a3addc-657d-412b-928e-3d6f899db221@group-D485A5548EAE-LeaderElection4] INFO  server.RaftServer$Division (ServerState.java:setRaftConf(386)) - a4a3addc-657d-412b-928e-3d6f899db221@group-D485A5548EAE: set configuration 0: peers:[a4a3addc-657d-412b-928e-3d6f899db221|10.1.0.5:15023]|listeners:[], old=null
2024-01-26 21:34:23,044 [a4a3addc-657d-412b-928e-3d6f899db221@group-D485A5548EAE-SegmentedRaftLogWorker] INFO  segmented.BufferedWriteChannel (BufferedWriteChannel.java:open(62)) - open log_inprogress_0 at position 0
2024-01-26 21:34:23,047 [EventQueue-OpenPipelineForHealthyPipelineSafeModeRule] INFO  safemode.SCMSafeModeManager (HealthyPipelineSafeModeRule.java:process(140)) - SCM in safe mode. Healthy pipelines reported count is 0, required healthy pipeline reported count is 1
2024-01-26 21:34:23,053 [a4a3addc-657d-412b-928e-3d6f899db221@group-D485A5548EAE-SegmentedRaftLogWorker] INFO  segmented.SegmentedRaftLogWorker (SegmentedRaftLogWorker.java:execute(634)) - a4a3addc-657d-412b-928e-3d6f899db221@group-D485A5548EAE-SegmentedRaftLogWorker: created new log segment /home/runner/work/ozone/ozone/hadoop-ozone/integration-test/target/test-dir/MiniOzoneClusterImpl-1af845c4-9ad0-4304-ad21-7f4426eccdbd/datanode-1/data/ratis/e0e0a856-02a7-4a88-b4a5-d485a5548eae/current/log_inprogress_0
2024-01-26 21:34:23,055 [a4a3addc-657d-412b-928e-3d6f899db221@group-D485A5548EAE-StateMachineUpdater] INFO  server.RaftServer$Division (LeaderStateImpl.java:isApplied(320)) - leader is ready since appliedIndex == 0 >= startIndex == 0
2024-01-26 21:34:23,062 [a4a3addc-657d-412b-928e-3d6f899db221@group-DB88475E5C12-FollowerState] INFO  server.RaftServerConfigKeys (ConfUtils.java:logFallback(53)) - raft.server.rpc.first-election.timeout.min = 5s (fallback to raft.server.rpc.timeout.min)
2024-01-26 21:34:23,062 [a4a3addc-657d-412b-928e-3d6f899db221@group-DB88475E5C12-FollowerState] INFO  server.RaftServerConfigKeys (ConfUtils.java:logFallback(53)) - raft.server.rpc.first-election.timeout.max = 5200ms (fallback to raft.server.rpc.timeout.max)
2024-01-26 21:34:23,095 [c424f152-b0b1-403f-ad43-57b6eddc8681@group-580522C23DA7-FollowerState] INFO  impl.FollowerState (FollowerState.java:run(143)) - c424f152-b0b1-403f-ad43-57b6eddc8681@group-580522C23DA7-FollowerState: change to CANDIDATE, lastRpcElapsedTime:5031965529ns, electionTimeout:5027ms
2024-01-26 21:34:23,096 [c424f152-b0b1-403f-ad43-57b6eddc8681@group-580522C23DA7-FollowerState] INFO  impl.RoleInfo (RoleInfo.java:shutdownFollowerState(110)) - c424f152-b0b1-403f-ad43-57b6eddc8681: shutdown c424f152-b0b1-403f-ad43-57b6eddc8681@group-580522C23DA7-FollowerState
2024-01-26 21:34:23,096 [c424f152-b0b1-403f-ad43-57b6eddc8681@group-580522C23DA7-FollowerState] INFO  server.RaftServer$Division (RaftServerImpl.java:setRole(383)) - c424f152-b0b1-403f-ad43-57b6eddc8681@group-580522C23DA7: changes role from  FOLLOWER to CANDIDATE at term 0 for changeToCandidate
2024-01-26 21:34:23,096 [c424f152-b0b1-403f-ad43-57b6eddc8681@group-580522C23DA7-FollowerState] INFO  server.RaftServerConfigKeys (ConfUtils.java:logGet(46)) - raft.server.leaderelection.pre-vote = true (default)
2024-01-26 21:34:23,096 [c424f152-b0b1-403f-ad43-57b6eddc8681@group-580522C23DA7-FollowerState] INFO  impl.RoleInfo (RoleInfo.java:updateAndGet(139)) - c424f152-b0b1-403f-ad43-57b6eddc8681: start c424f152-b0b1-403f-ad43-57b6eddc8681@group-580522C23DA7-LeaderElection5
2024-01-26 21:34:23,098 [c424f152-b0b1-403f-ad43-57b6eddc8681@group-580522C23DA7-LeaderElection5] INFO  impl.LeaderElection (LeaderElection.java:askForVotes(321)) - c424f152-b0b1-403f-ad43-57b6eddc8681@group-580522C23DA7-LeaderElection5 PRE_VOTE round 0: submit vote requests at term 0 for -1: peers:[c424f152-b0b1-403f-ad43-57b6eddc8681|10.1.0.5:15032]|listeners:[], old=null
2024-01-26 21:34:23,098 [c424f152-b0b1-403f-ad43-57b6eddc8681@group-580522C23DA7-LeaderElection5] INFO  impl.LeaderElection (LeaderElection.java:askForVotes(323)) - c424f152-b0b1-403f-ad43-57b6eddc8681@group-580522C23DA7-LeaderElection5 PRE_VOTE round 0: result PASSED (term=0)
2024-01-26 21:34:23,100 [c424f152-b0b1-403f-ad43-57b6eddc8681@group-580522C23DA7-LeaderElection5] INFO  impl.LeaderElection (LeaderElection.java:askForVotes(321)) - c424f152-b0b1-403f-ad43-57b6eddc8681@group-580522C23DA7-LeaderElection5 ELECTION round 0: submit vote requests at term 1 for -1: peers:[c424f152-b0b1-403f-ad43-57b6eddc8681|10.1.0.5:15032]|listeners:[], old=null
2024-01-26 21:34:23,100 [c424f152-b0b1-403f-ad43-57b6eddc8681@group-580522C23DA7-LeaderElection5] INFO  impl.LeaderElection (LeaderElection.java:askForVotes(323)) - c424f152-b0b1-403f-ad43-57b6eddc8681@group-580522C23DA7-LeaderElection5 ELECTION round 0: result PASSED (term=1)
2024-01-26 21:34:23,100 [c424f152-b0b1-403f-ad43-57b6eddc8681@group-580522C23DA7-LeaderElection5] INFO  impl.RoleInfo (RoleInfo.java:shutdownLeaderElection(130)) - c424f152-b0b1-403f-ad43-57b6eddc8681: shutdown c424f152-b0b1-403f-ad43-57b6eddc8681@group-580522C23DA7-LeaderElection5
2024-01-26 21:34:23,100 [c424f152-b0b1-403f-ad43-57b6eddc8681@group-580522C23DA7-LeaderElection5] INFO  server.RaftServer$Division (RaftServerImpl.java:setRole(383)) - c424f152-b0b1-403f-ad43-57b6eddc8681@group-580522C23DA7: changes role from CANDIDATE to LEADER at term 1 for changeToLeader
2024-01-26 21:34:23,100 [c424f152-b0b1-403f-ad43-57b6eddc8681@group-580522C23DA7-LeaderElection5] INFO  server.RaftServerConfigKeys (ConfUtils.java:logGet(46)) - raft.server.staging.catchup.gap = 1000 (default)
2024-01-26 21:34:23,100 [c424f152-b0b1-403f-ad43-57b6eddc8681@group-580522C23DA7-LeaderElection5] INFO  server.RaftServerConfigKeys (ConfUtils.java:logGet(46)) - raft.server.write.element-limit = 1024 (custom)
2024-01-26 21:34:23,100 [c424f152-b0b1-403f-ad43-57b6eddc8681@group-580522C23DA7-LeaderElection5] INFO  server.RaftServerConfigKeys (ConfUtils.java:logGet(46)) - raft.server.write.byte-limit = 1024 M (=1073741824) (custom)
2024-01-26 21:34:23,101 [c424f152-b0b1-403f-ad43-57b6eddc8681@group-580522C23DA7-LeaderElection5] INFO  server.RaftServerConfigKeys (ConfUtils.java:logGet(46)) - raft.server.watch.timeout = 180s (custom)
2024-01-26 21:34:23,101 [c424f152-b0b1-403f-ad43-57b6eddc8681@group-580522C23DA7-LeaderElection5] INFO  server.RaftServerConfigKeys (ConfUtils.java:logGet(46)) - raft.server.watch.timeout.denomination = 1s (default)
2024-01-26 21:34:23,101 [c424f152-b0b1-403f-ad43-57b6eddc8681@group-580522C23DA7-LeaderElection5] INFO  server.RaftServerConfigKeys (ConfUtils.java:logGet(46)) - raft.server.watch.element-limit = 65536 (default)
2024-01-26 21:34:23,101 [c424f152-b0b1-403f-ad43-57b6eddc8681@group-580522C23DA7-LeaderElection5] INFO  server.RaftServerConfigKeys (ConfUtils.java:logGet(46)) - raft.server.read.leader.lease.enabled = false (default)
2024-01-26 21:34:23,101 [c424f152-b0b1-403f-ad43-57b6eddc8681@group-580522C23DA7-LeaderElection5] INFO  server.RaftServerConfigKeys (ConfUtils.java:logGet(46)) - raft.server.read.leader.lease.timeout.ratio = 0.9 (default)
2024-01-26 21:34:23,101 [c424f152-b0b1-403f-ad43-57b6eddc8681@group-580522C23DA7-LeaderElection5] INFO  server.RaftServerConfigKeys (ConfUtils.java:logGet(46)) - raft.server.rpc.timeout.min = 5s (custom)
2024-01-26 21:34:23,101 [c424f152-b0b1-403f-ad43-57b6eddc8681@group-580522C23DA7-LeaderElection5] INFO  server.RaftServerConfigKeys (ConfUtils.java:logGet(46)) - raft.server.write.element-limit = 1024 (custom)
2024-01-26 21:34:23,101 [c424f152-b0b1-403f-ad43-57b6eddc8681@group-580522C23DA7-LeaderElection5] INFO  server.RaftServerConfigKeys (ConfUtils.java:logGet(46)) - raft.server.write.follower.gap.ratio.max = -1.0 (default)
2024-01-26 21:34:23,102 [c424f152-b0b1-403f-ad43-57b6eddc8681@group-580522C23DA7-LeaderElection5] INFO  impl.RoleInfo (RoleInfo.java:updateAndGet(139)) - c424f152-b0b1-403f-ad43-57b6eddc8681: start c424f152-b0b1-403f-ad43-57b6eddc8681@group-580522C23DA7-LeaderStateImpl
2024-01-26 21:34:23,102 [c424f152-b0b1-403f-ad43-57b6eddc8681@group-580522C23DA7-LeaderElection5] INFO  server.RaftServer$Division (RaftServerImpl.java:setFirstElection(574)) - c424f152-b0b1-403f-ad43-57b6eddc8681@group-580522C23DA7: set firstElectionSinceStartup to false for becomeLeader
2024-01-26 21:34:23,102 [c424f152-b0b1-403f-ad43-57b6eddc8681@group-580522C23DA7-LeaderElection5] INFO  ratis.XceiverServerRatis (XceiverServerRatis.java:handleLeaderChangedNotification(945)) - Leader change notification received for group: group-580522C23DA7 with new leaderId: c424f152-b0b1-403f-ad43-57b6eddc8681
2024-01-26 21:34:23,102 [c424f152-b0b1-403f-ad43-57b6eddc8681@group-580522C23DA7-LeaderElection5] INFO  server.RaftServer$Division (ServerState.java:setLeader(269)) - c424f152-b0b1-403f-ad43-57b6eddc8681@group-580522C23DA7: change Leader from null to c424f152-b0b1-403f-ad43-57b6eddc8681 at term 1 for becomeLeader, leader elected after 5075ms
2024-01-26 21:34:23,102 [c424f152-b0b1-403f-ad43-57b6eddc8681@group-580522C23DA7-LeaderElection5] INFO  segmented.SegmentedRaftLogWorker (SegmentedRaftLogWorker.java:startLogSegment(430)) - c424f152-b0b1-403f-ad43-57b6eddc8681@group-580522C23DA7-SegmentedRaftLogWorker: Starting segment from index:0
2024-01-26 21:34:23,103 [c424f152-b0b1-403f-ad43-57b6eddc8681@group-580522C23DA7-LeaderElection5] INFO  server.RaftServer$Division (ServerState.java:setRaftConf(386)) - c424f152-b0b1-403f-ad43-57b6eddc8681@group-580522C23DA7: set configuration 0: peers:[c424f152-b0b1-403f-ad43-57b6eddc8681|10.1.0.5:15032]|listeners:[], old=null
2024-01-26 21:34:23,104 [c424f152-b0b1-403f-ad43-57b6eddc8681@group-580522C23DA7-SegmentedRaftLogWorker] INFO  segmented.BufferedWriteChannel (BufferedWriteChannel.java:open(62)) - open log_inprogress_0 at position 0
2024-01-26 21:34:23,106 [EventQueue-OpenPipelineForHealthyPipelineSafeModeRule] INFO  safemode.SCMSafeModeManager (HealthyPipelineSafeModeRule.java:process(140)) - SCM in safe mode. Healthy pipelines reported count is 0, required healthy pipeline reported count is 1
2024-01-26 21:34:23,111 [c424f152-b0b1-403f-ad43-57b6eddc8681@group-580522C23DA7-SegmentedRaftLogWorker] INFO  segmented.SegmentedRaftLogWorker (SegmentedRaftLogWorker.java:execute(634)) - c424f152-b0b1-403f-ad43-57b6eddc8681@group-580522C23DA7-SegmentedRaftLogWorker: created new log segment /home/runner/work/ozone/ozone/hadoop-ozone/integration-test/target/test-dir/MiniOzoneClusterImpl-1af845c4-9ad0-4304-ad21-7f4426eccdbd/datanode-2/data/ratis/25e19105-000f-4bc1-8677-580522c23da7/current/log_inprogress_0
2024-01-26 21:34:23,113 [c424f152-b0b1-403f-ad43-57b6eddc8681@group-580522C23DA7-StateMachineUpdater] INFO  server.RaftServer$Division (LeaderStateImpl.java:isApplied(320)) - leader is ready since appliedIndex == 0 >= startIndex == 0
2024-01-26 21:34:23,134 [c424f152-b0b1-403f-ad43-57b6eddc8681@group-DB88475E5C12-FollowerState] INFO  impl.FollowerState (FollowerState.java:run(143)) - c424f152-b0b1-403f-ad43-57b6eddc8681@group-DB88475E5C12-FollowerState: change to CANDIDATE, lastRpcElapsedTime:5025980419ns, electionTimeout:5022ms
2024-01-26 21:34:23,134 [c424f152-b0b1-403f-ad43-57b6eddc8681@group-DB88475E5C12-FollowerState] INFO  impl.RoleInfo (RoleInfo.java:shutdownFollowerState(110)) - c424f152-b0b1-403f-ad43-57b6eddc8681: shutdown c424f152-b0b1-403f-ad43-57b6eddc8681@group-DB88475E5C12-FollowerState
2024-01-26 21:34:23,134 [c424f152-b0b1-403f-ad43-57b6eddc8681@group-DB88475E5C12-FollowerState] INFO  server.RaftServer$Division (RaftServerImpl.java:setRole(383)) - c424f152-b0b1-403f-ad43-57b6eddc8681@group-DB88475E5C12: changes role from  FOLLOWER to CANDIDATE at term 0 for changeToCandidate
2024-01-26 21:34:23,134 [c424f152-b0b1-403f-ad43-57b6eddc8681@group-DB88475E5C12-FollowerState] INFO  server.RaftServerConfigKeys (ConfUtils.java:logGet(46)) - raft.server.leaderelection.pre-vote = true (default)
2024-01-26 21:34:23,134 [c424f152-b0b1-403f-ad43-57b6eddc8681@group-DB88475E5C12-FollowerState] INFO  impl.RoleInfo (RoleInfo.java:updateAndGet(139)) - c424f152-b0b1-403f-ad43-57b6eddc8681: start c424f152-b0b1-403f-ad43-57b6eddc8681@group-DB88475E5C12-LeaderElection6
2024-01-26 21:34:23,135 [c424f152-b0b1-403f-ad43-57b6eddc8681@group-DB88475E5C12-LeaderElection6] INFO  impl.LeaderElection (LeaderElection.java:askForVotes(321)) - c424f152-b0b1-403f-ad43-57b6eddc8681@group-DB88475E5C12-LeaderElection6 PRE_VOTE round 0: submit vote requests at term 0 for -1: peers:[67e21e31-4dca-48e2-85b4-2f4b1b69db84|10.1.0.5:15014, c424f152-b0b1-403f-ad43-57b6eddc8681|10.1.0.5:15032, a4a3addc-657d-412b-928e-3d6f899db221|10.1.0.5:15023]|listeners:[], old=null
2024-01-26 21:34:23,135 [c424f152-b0b1-403f-ad43-57b6eddc8681@group-DB88475E5C12-LeaderElection6-1] INFO  server.GrpcServerProtocolClient (GrpcServerProtocolClient.java:<init>(65)) - Build channel for 67e21e31-4dca-48e2-85b4-2f4b1b69db84|10.1.0.5:15014
2024-01-26 21:34:23,135 [c424f152-b0b1-403f-ad43-57b6eddc8681@group-DB88475E5C12-LeaderElection6-2] INFO  server.GrpcServerProtocolClient (GrpcServerProtocolClient.java:<init>(65)) - Build channel for a4a3addc-657d-412b-928e-3d6f899db221|10.1.0.5:15023
2024-01-26 21:34:23,135 [c424f152-b0b1-403f-ad43-57b6eddc8681@group-DB88475E5C12-LeaderElection6] INFO  server.RaftServerConfigKeys (ConfUtils.java:logFallback(53)) - raft.server.rpc.first-election.timeout.min = 5s (fallback to raft.server.rpc.timeout.min)
2024-01-26 21:34:23,137 [c424f152-b0b1-403f-ad43-57b6eddc8681@group-DB88475E5C12-LeaderElection6] INFO  server.RaftServerConfigKeys (ConfUtils.java:logFallback(53)) - raft.server.rpc.first-election.timeout.max = 5200ms (fallback to raft.server.rpc.timeout.max)
2024-01-26 21:34:23,141 [grpc-default-executor-2] INFO  server.RaftServer$Division (RaftServerImpl.java:requestVote(1389)) - 67e21e31-4dca-48e2-85b4-2f4b1b69db84@group-DB88475E5C12: receive requestVote(PRE_VOTE, c424f152-b0b1-403f-ad43-57b6eddc8681, group-DB88475E5C12, 0, (t:0, i:0))
2024-01-26 21:34:23,141 [grpc-default-executor-2] INFO  impl.VoteContext (VoteContext.java:log(49)) - 67e21e31-4dca-48e2-85b4-2f4b1b69db84@group-DB88475E5C12-FOLLOWER: accept PRE_VOTE from c424f152-b0b1-403f-ad43-57b6eddc8681: our priority 0 <= candidate's priority 1
2024-01-26 21:34:23,142 [grpc-default-executor-2] INFO  server.RaftServer$Division (RaftServerImpl.java:requestVote(1422)) - 67e21e31-4dca-48e2-85b4-2f4b1b69db84@group-DB88475E5C12 replies to PRE_VOTE vote request: c424f152-b0b1-403f-ad43-57b6eddc8681<-67e21e31-4dca-48e2-85b4-2f4b1b69db84#0:OK-t0. Peer's state: 67e21e31-4dca-48e2-85b4-2f4b1b69db84@group-DB88475E5C12:t0, leader=null, voted=, raftlog=Memoized:67e21e31-4dca-48e2-85b4-2f4b1b69db84@group-DB88475E5C12-SegmentedRaftLog:OPENED:c-1, conf=-1: peers:[67e21e31-4dca-48e2-85b4-2f4b1b69db84|10.1.0.5:15014, c424f152-b0b1-403f-ad43-57b6eddc8681|10.1.0.5:15032, a4a3addc-657d-412b-928e-3d6f899db221|10.1.0.5:15023]|listeners:[], old=null
2024-01-26 21:34:23,143 [grpc-default-executor-2] INFO  server.RaftServer$Division (RaftServerImpl.java:requestVote(1389)) - a4a3addc-657d-412b-928e-3d6f899db221@group-DB88475E5C12: receive requestVote(PRE_VOTE, c424f152-b0b1-403f-ad43-57b6eddc8681, group-DB88475E5C12, 0, (t:0, i:0))
2024-01-26 21:34:23,143 [grpc-default-executor-2] INFO  impl.VoteContext (VoteContext.java:log(49)) - a4a3addc-657d-412b-928e-3d6f899db221@group-DB88475E5C12-FOLLOWER: accept PRE_VOTE from c424f152-b0b1-403f-ad43-57b6eddc8681: our priority 0 <= candidate's priority 1
2024-01-26 21:34:23,144 [grpc-default-executor-2] INFO  server.RaftServer$Division (RaftServerImpl.java:requestVote(1422)) - a4a3addc-657d-412b-928e-3d6f899db221@group-DB88475E5C12 replies to PRE_VOTE vote request: c424f152-b0b1-403f-ad43-57b6eddc8681<-a4a3addc-657d-412b-928e-3d6f899db221#0:OK-t0. Peer's state: a4a3addc-657d-412b-928e-3d6f899db221@group-DB88475E5C12:t0, leader=null, voted=, raftlog=Memoized:a4a3addc-657d-412b-928e-3d6f899db221@group-DB88475E5C12-SegmentedRaftLog:OPENED:c-1, conf=-1: peers:[67e21e31-4dca-48e2-85b4-2f4b1b69db84|10.1.0.5:15014, c424f152-b0b1-403f-ad43-57b6eddc8681|10.1.0.5:15032, a4a3addc-657d-412b-928e-3d6f899db221|10.1.0.5:15023]|listeners:[], old=null
2024-01-26 21:34:23,144 [c424f152-b0b1-403f-ad43-57b6eddc8681@group-DB88475E5C12-LeaderElection6] INFO  impl.LeaderElection (LeaderElection.java:logAndReturn(89)) - c424f152-b0b1-403f-ad43-57b6eddc8681@group-DB88475E5C12-LeaderElection6: PRE_VOTE PASSED received 1 response(s) and 0 exception(s):
2024-01-26 21:34:23,144 [c424f152-b0b1-403f-ad43-57b6eddc8681@group-DB88475E5C12-LeaderElection6] INFO  impl.LeaderElection (LeaderElection.java:logAndReturn(93)) -   Response 0: c424f152-b0b1-403f-ad43-57b6eddc8681<-67e21e31-4dca-48e2-85b4-2f4b1b69db84#0:OK-t0
2024-01-26 21:34:23,144 [c424f152-b0b1-403f-ad43-57b6eddc8681@group-DB88475E5C12-LeaderElection6] INFO  impl.LeaderElection (LeaderElection.java:askForVotes(323)) - c424f152-b0b1-403f-ad43-57b6eddc8681@group-DB88475E5C12-LeaderElection6 PRE_VOTE round 0: result PASSED
2024-01-26 21:34:23,147 [c424f152-b0b1-403f-ad43-57b6eddc8681@group-DB88475E5C12-LeaderElection6] INFO  impl.LeaderElection (LeaderElection.java:askForVotes(321)) - c424f152-b0b1-403f-ad43-57b6eddc8681@group-DB88475E5C12-LeaderElection6 ELECTION round 0: submit vote requests at term 1 for -1: peers:[67e21e31-4dca-48e2-85b4-2f4b1b69db84|10.1.0.5:15014, c424f152-b0b1-403f-ad43-57b6eddc8681|10.1.0.5:15032, a4a3addc-657d-412b-928e-3d6f899db221|10.1.0.5:15023]|listeners:[], old=null
2024-01-26 21:34:23,149 [grpc-default-executor-2] INFO  server.RaftServer$Division (RaftServerImpl.java:requestVote(1389)) - 67e21e31-4dca-48e2-85b4-2f4b1b69db84@group-DB88475E5C12: receive requestVote(ELECTION, c424f152-b0b1-403f-ad43-57b6eddc8681, group-DB88475E5C12, 1, (t:0, i:0))
2024-01-26 21:34:23,149 [grpc-default-executor-2] INFO  impl.VoteContext (VoteContext.java:log(49)) - 67e21e31-4dca-48e2-85b4-2f4b1b69db84@group-DB88475E5C12-FOLLOWER: accept ELECTION from c424f152-b0b1-403f-ad43-57b6eddc8681: our priority 0 <= candidate's priority 1
2024-01-26 21:34:23,149 [grpc-default-executor-2] INFO  server.RaftServer$Division (RaftServerImpl.java:setRole(383)) - 67e21e31-4dca-48e2-85b4-2f4b1b69db84@group-DB88475E5C12: changes role from  FOLLOWER to FOLLOWER at term 1 for candidate:c424f152-b0b1-403f-ad43-57b6eddc8681
2024-01-26 21:34:23,149 [grpc-default-executor-2] INFO  impl.RoleInfo (RoleInfo.java:shutdownFollowerState(110)) - 67e21e31-4dca-48e2-85b4-2f4b1b69db84: shutdown 67e21e31-4dca-48e2-85b4-2f4b1b69db84@group-DB88475E5C12-FollowerState
2024-01-26 21:34:23,149 [grpc-default-executor-2] INFO  impl.RoleInfo (RoleInfo.java:updateAndGet(139)) - 67e21e31-4dca-48e2-85b4-2f4b1b69db84: start 67e21e31-4dca-48e2-85b4-2f4b1b69db84@group-DB88475E5C12-FollowerState
2024-01-26 21:34:23,150 [67e21e31-4dca-48e2-85b4-2f4b1b69db84@group-DB88475E5C12-FollowerState] INFO  impl.FollowerState (FollowerState.java:run(152)) - 67e21e31-4dca-48e2-85b4-2f4b1b69db84@group-DB88475E5C12-FollowerState was interrupted
2024-01-26 21:34:23,149 [c424f152-b0b1-403f-ad43-57b6eddc8681@group-DB88475E5C12-LeaderElection6] INFO  server.RaftServerConfigKeys (ConfUtils.java:logFallback(53)) - raft.server.rpc.first-election.timeout.min = 5s (fallback to raft.server.rpc.timeout.min)
2024-01-26 21:34:23,150 [c424f152-b0b1-403f-ad43-57b6eddc8681@group-DB88475E5C12-LeaderElection6] INFO  server.RaftServerConfigKeys (ConfUtils.java:logFallback(53)) - raft.server.rpc.first-election.timeout.max = 5200ms (fallback to raft.server.rpc.timeout.max)
2024-01-26 21:34:23,152 [grpc-default-executor-3] INFO  server.RaftServer$Division (RaftServerImpl.java:requestVote(1389)) - a4a3addc-657d-412b-928e-3d6f899db221@group-DB88475E5C12: receive requestVote(ELECTION, c424f152-b0b1-403f-ad43-57b6eddc8681, group-DB88475E5C12, 1, (t:0, i:0))
2024-01-26 21:34:23,152 [grpc-default-executor-3] INFO  impl.VoteContext (VoteContext.java:log(49)) - a4a3addc-657d-412b-928e-3d6f899db221@group-DB88475E5C12-FOLLOWER: accept ELECTION from c424f152-b0b1-403f-ad43-57b6eddc8681: our priority 0 <= candidate's priority 1
2024-01-26 21:34:23,152 [grpc-default-executor-3] INFO  server.RaftServer$Division (RaftServerImpl.java:setRole(383)) - a4a3addc-657d-412b-928e-3d6f899db221@group-DB88475E5C12: changes role from  FOLLOWER to FOLLOWER at term 1 for candidate:c424f152-b0b1-403f-ad43-57b6eddc8681
2024-01-26 21:34:23,152 [grpc-default-executor-3] INFO  impl.RoleInfo (RoleInfo.java:shutdownFollowerState(110)) - a4a3addc-657d-412b-928e-3d6f899db221: shutdown a4a3addc-657d-412b-928e-3d6f899db221@group-DB88475E5C12-FollowerState
2024-01-26 21:34:23,152 [grpc-default-executor-3] INFO  impl.RoleInfo (RoleInfo.java:updateAndGet(139)) - a4a3addc-657d-412b-928e-3d6f899db221: start a4a3addc-657d-412b-928e-3d6f899db221@group-DB88475E5C12-FollowerState
2024-01-26 21:34:23,153 [grpc-default-executor-2] INFO  server.RaftServer$Division (RaftServerImpl.java:requestVote(1422)) - 67e21e31-4dca-48e2-85b4-2f4b1b69db84@group-DB88475E5C12 replies to ELECTION vote request: c424f152-b0b1-403f-ad43-57b6eddc8681<-67e21e31-4dca-48e2-85b4-2f4b1b69db84#0:OK-t1. Peer's state: 67e21e31-4dca-48e2-85b4-2f4b1b69db84@group-DB88475E5C12:t1, leader=null, voted=c424f152-b0b1-403f-ad43-57b6eddc8681, raftlog=Memoized:67e21e31-4dca-48e2-85b4-2f4b1b69db84@group-DB88475E5C12-SegmentedRaftLog:OPENED:c-1, conf=-1: peers:[67e21e31-4dca-48e2-85b4-2f4b1b69db84|10.1.0.5:15014, c424f152-b0b1-403f-ad43-57b6eddc8681|10.1.0.5:15032, a4a3addc-657d-412b-928e-3d6f899db221|10.1.0.5:15023]|listeners:[], old=null
2024-01-26 21:34:23,153 [a4a3addc-657d-412b-928e-3d6f899db221@group-DB88475E5C12-FollowerState] INFO  impl.FollowerState (FollowerState.java:run(152)) - a4a3addc-657d-412b-928e-3d6f899db221@group-DB88475E5C12-FollowerState was interrupted
2024-01-26 21:34:23,153 [grpc-default-executor-3] INFO  server.RaftServer$Division (RaftServerImpl.java:setFirstElection(574)) - a4a3addc-657d-412b-928e-3d6f899db221@group-DB88475E5C12: set firstElectionSinceStartup to false for candidate:c424f152-b0b1-403f-ad43-57b6eddc8681
2024-01-26 21:34:23,155 [c424f152-b0b1-403f-ad43-57b6eddc8681@group-DB88475E5C12-LeaderElection6] INFO  impl.LeaderElection (LeaderElection.java:logAndReturn(89)) - c424f152-b0b1-403f-ad43-57b6eddc8681@group-DB88475E5C12-LeaderElection6: ELECTION PASSED received 1 response(s) and 0 exception(s):
2024-01-26 21:34:23,155 [c424f152-b0b1-403f-ad43-57b6eddc8681@group-DB88475E5C12-LeaderElection6] INFO  impl.LeaderElection (LeaderElection.java:logAndReturn(93)) -   Response 0: c424f152-b0b1-403f-ad43-57b6eddc8681<-67e21e31-4dca-48e2-85b4-2f4b1b69db84#0:OK-t1
2024-01-26 21:34:23,155 [c424f152-b0b1-403f-ad43-57b6eddc8681@group-DB88475E5C12-LeaderElection6] INFO  impl.LeaderElection (LeaderElection.java:askForVotes(323)) - c424f152-b0b1-403f-ad43-57b6eddc8681@group-DB88475E5C12-LeaderElection6 ELECTION round 0: result PASSED
2024-01-26 21:34:23,155 [c424f152-b0b1-403f-ad43-57b6eddc8681@group-DB88475E5C12-LeaderElection6] INFO  impl.RoleInfo (RoleInfo.java:shutdownLeaderElection(130)) - c424f152-b0b1-403f-ad43-57b6eddc8681: shutdown c424f152-b0b1-403f-ad43-57b6eddc8681@group-DB88475E5C12-LeaderElection6
2024-01-26 21:34:23,155 [c424f152-b0b1-403f-ad43-57b6eddc8681@group-DB88475E5C12-LeaderElection6] INFO  server.RaftServer$Division (RaftServerImpl.java:setRole(383)) - c424f152-b0b1-403f-ad43-57b6eddc8681@group-DB88475E5C12: changes role from CANDIDATE to LEADER at term 1 for changeToLeader
2024-01-26 21:34:23,155 [c424f152-b0b1-403f-ad43-57b6eddc8681@group-DB88475E5C12-LeaderElection6] INFO  server.RaftServerConfigKeys (ConfUtils.java:logGet(46)) - raft.server.staging.catchup.gap = 1000 (default)
2024-01-26 21:34:23,155 [grpc-default-executor-3] INFO  server.RaftServer$Division (RaftServerImpl.java:requestVote(1422)) - a4a3addc-657d-412b-928e-3d6f899db221@group-DB88475E5C12 replies to ELECTION vote request: c424f152-b0b1-403f-ad43-57b6eddc8681<-a4a3addc-657d-412b-928e-3d6f899db221#0:OK-t1. Peer's state: a4a3addc-657d-412b-928e-3d6f899db221@group-DB88475E5C12:t1, leader=null, voted=c424f152-b0b1-403f-ad43-57b6eddc8681, raftlog=Memoized:a4a3addc-657d-412b-928e-3d6f899db221@group-DB88475E5C12-SegmentedRaftLog:OPENED:c-1, conf=-1: peers:[67e21e31-4dca-48e2-85b4-2f4b1b69db84|10.1.0.5:15014, c424f152-b0b1-403f-ad43-57b6eddc8681|10.1.0.5:15032, a4a3addc-657d-412b-928e-3d6f899db221|10.1.0.5:15023]|listeners:[], old=null
2024-01-26 21:34:23,156 [c424f152-b0b1-403f-ad43-57b6eddc8681@group-DB88475E5C12-LeaderElection6] INFO  server.RaftServerConfigKeys (ConfUtils.java:logGet(46)) - raft.server.write.element-limit = 1024 (custom)
2024-01-26 21:34:23,156 [c424f152-b0b1-403f-ad43-57b6eddc8681@group-DB88475E5C12-LeaderElection6] INFO  server.RaftServerConfigKeys (ConfUtils.java:logGet(46)) - raft.server.write.byte-limit = 1024 M (=1073741824) (custom)
2024-01-26 21:34:23,156 [c424f152-b0b1-403f-ad43-57b6eddc8681@group-DB88475E5C12-LeaderElection6] INFO  server.RaftServerConfigKeys (ConfUtils.java:logGet(46)) - raft.server.watch.timeout = 180s (custom)
2024-01-26 21:34:23,156 [c424f152-b0b1-403f-ad43-57b6eddc8681@group-DB88475E5C12-LeaderElection6] INFO  server.RaftServerConfigKeys (ConfUtils.java:logGet(46)) - raft.server.watch.timeout.denomination = 1s (default)
2024-01-26 21:34:23,156 [c424f152-b0b1-403f-ad43-57b6eddc8681@group-DB88475E5C12-LeaderElection6] INFO  server.RaftServerConfigKeys (ConfUtils.java:logGet(46)) - raft.server.watch.element-limit = 65536 (default)
2024-01-26 21:34:23,156 [c424f152-b0b1-403f-ad43-57b6eddc8681@group-DB88475E5C12-LeaderElection6] INFO  server.RaftServerConfigKeys (ConfUtils.java:logGet(46)) - raft.server.read.leader.lease.enabled = false (default)
2024-01-26 21:34:23,157 [c424f152-b0b1-403f-ad43-57b6eddc8681@group-DB88475E5C12-LeaderElection6] INFO  server.RaftServerConfigKeys (ConfUtils.java:logGet(46)) - raft.server.read.leader.lease.timeout.ratio = 0.9 (default)
2024-01-26 21:34:23,157 [c424f152-b0b1-403f-ad43-57b6eddc8681@group-DB88475E5C12-LeaderElection6] INFO  server.RaftServerConfigKeys (ConfUtils.java:logGet(46)) - raft.server.rpc.timeout.min = 5s (custom)
2024-01-26 21:34:23,157 [c424f152-b0b1-403f-ad43-57b6eddc8681@group-DB88475E5C12-LeaderElection6] INFO  server.RaftServerConfigKeys (ConfUtils.java:logGet(46)) - raft.server.write.element-limit = 1024 (custom)
2024-01-26 21:34:23,157 [c424f152-b0b1-403f-ad43-57b6eddc8681@group-DB88475E5C12-LeaderElection6] INFO  server.RaftServerConfigKeys (ConfUtils.java:logGet(46)) - raft.server.write.follower.gap.ratio.max = -1.0 (default)
2024-01-26 21:34:23,165 [c424f152-b0b1-403f-ad43-57b6eddc8681@group-DB88475E5C12-LeaderElection6] INFO  server.RaftServerConfigKeys (ConfUtils.java:logGet(46)) - raft.server.log.appender.snapshot.chunk.size.max = 16MB (=16777216) (default)
2024-01-26 21:34:23,165 [c424f152-b0b1-403f-ad43-57b6eddc8681@group-DB88475E5C12-LeaderElection6] INFO  server.RaftServerConfigKeys (ConfUtils.java:logGet(46)) - raft.server.log.appender.buffer.byte-limit = 8388608 (custom)
2024-01-26 21:34:23,166 [c424f152-b0b1-403f-ad43-57b6eddc8681@group-DB88475E5C12-LeaderElection6] INFO  server.RaftServerConfigKeys (ConfUtils.java:logGet(46)) - raft.server.log.appender.buffer.element-limit = 1 (custom)
2024-01-26 21:34:23,167 [c424f152-b0b1-403f-ad43-57b6eddc8681@group-DB88475E5C12-LeaderElection6] INFO  server.RaftServerConfigKeys (ConfUtils.java:logGet(46)) - raft.server.log.appender.wait-time.min = 0μs (custom)
2024-01-26 21:34:23,168 [c424f152-b0b1-403f-ad43-57b6eddc8681@group-DB88475E5C12-LeaderElection6] INFO  grpc.GrpcConfigKeys (ConfUtils.java:logGet(46)) - raft.grpc.server.leader.outstanding.appends.max = 8 (default)
2024-01-26 21:34:23,169 [c424f152-b0b1-403f-ad43-57b6eddc8681@group-DB88475E5C12-LeaderElection6] INFO  server.RaftServerConfigKeys (ConfUtils.java:logGet(46)) - raft.server.rpc.request.timeout = 60s (custom)
2024-01-26 21:34:23,169 [c424f152-b0b1-403f-ad43-57b6eddc8681@group-DB88475E5C12-LeaderElection6] INFO  grpc.GrpcConfigKeys (ConfUtils.java:logGet(46)) - raft.grpc.server.install_snapshot.request.element-limit = 8 (default)
2024-01-26 21:34:23,169 [c424f152-b0b1-403f-ad43-57b6eddc8681@group-DB88475E5C12-LeaderElection6] INFO  grpc.GrpcConfigKeys (ConfUtils.java:logGet(46)) - raft.grpc.server.install_snapshot.request.timeout = 3000ms (default)
2024-01-26 21:34:23,169 [c424f152-b0b1-403f-ad43-57b6eddc8681@group-DB88475E5C12-LeaderElection6] INFO  grpc.GrpcConfigKeys (ConfUtils.java:logGet(46)) - raft.grpc.server.log-message.batch.duration = 5s (default)
2024-01-26 21:34:23,169 [c424f152-b0b1-403f-ad43-57b6eddc8681@group-DB88475E5C12-LeaderElection6] INFO  server.RaftServerConfigKeys (ConfUtils.java:logGet(46)) - raft.server.log.appender.install.snapshot.enabled = false (custom)
2024-01-26 21:34:23,169 [c424f152-b0b1-403f-ad43-57b6eddc8681@group-DB88475E5C12-LeaderElection6] INFO  grpc.GrpcConfigKeys (ConfUtils.java:logGet(46)) - raft.grpc.server.heartbeat.channel = true (default)
2024-01-26 21:34:23,173 [c424f152-b0b1-403f-ad43-57b6eddc8681@group-DB88475E5C12-LeaderElection6] INFO  server.RaftServerConfigKeys (ConfUtils.java:logGet(46)) - raft.server.log.appender.snapshot.chunk.size.max = 16MB (=16777216) (default)
2024-01-26 21:34:23,173 [c424f152-b0b1-403f-ad43-57b6eddc8681@group-DB88475E5C12-LeaderElection6] INFO  server.RaftServerConfigKeys (ConfUtils.java:logGet(46)) - raft.server.log.appender.buffer.byte-limit = 8388608 (custom)
2024-01-26 21:34:23,173 [c424f152-b0b1-403f-ad43-57b6eddc8681@group-DB88475E5C12-LeaderElection6] INFO  server.RaftServerConfigKeys (ConfUtils.java:logGet(46)) - raft.server.log.appender.buffer.element-limit = 1 (custom)
2024-01-26 21:34:23,173 [c424f152-b0b1-403f-ad43-57b6eddc8681@group-DB88475E5C12-LeaderElection6] INFO  server.RaftServerConfigKeys (ConfUtils.java:logGet(46)) - raft.server.log.appender.wait-time.min = 0μs (custom)
2024-01-26 21:34:23,174 [c424f152-b0b1-403f-ad43-57b6eddc8681@group-DB88475E5C12-LeaderElection6] INFO  grpc.GrpcConfigKeys (ConfUtils.java:logGet(46)) - raft.grpc.server.leader.outstanding.appends.max = 8 (default)
2024-01-26 21:34:23,174 [c424f152-b0b1-403f-ad43-57b6eddc8681@group-DB88475E5C12-LeaderElection6] INFO  server.RaftServerConfigKeys (ConfUtils.java:logGet(46)) - raft.server.rpc.request.timeout = 60s (custom)
2024-01-26 21:34:23,174 [c424f152-b0b1-403f-ad43-57b6eddc8681@group-DB88475E5C12-LeaderElection6] INFO  grpc.GrpcConfigKeys (ConfUtils.java:logGet(46)) - raft.grpc.server.install_snapshot.request.element-limit = 8 (default)
2024-01-26 21:34:23,174 [c424f152-b0b1-403f-ad43-57b6eddc8681@group-DB88475E5C12-LeaderElection6] INFO  grpc.GrpcConfigKeys (ConfUtils.java:logGet(46)) - raft.grpc.server.install_snapshot.request.timeout = 3000ms (default)
2024-01-26 21:34:23,174 [c424f152-b0b1-403f-ad43-57b6eddc8681@group-DB88475E5C12-LeaderElection6] INFO  grpc.GrpcConfigKeys (ConfUtils.java:logGet(46)) - raft.grpc.server.log-message.batch.duration = 5s (default)
2024-01-26 21:34:23,174 [c424f152-b0b1-403f-ad43-57b6eddc8681@group-DB88475E5C12-LeaderElection6] INFO  server.RaftServerConfigKeys (ConfUtils.java:logGet(46)) - raft.server.log.appender.install.snapshot.enabled = false (custom)
2024-01-26 21:34:23,175 [c424f152-b0b1-403f-ad43-57b6eddc8681@group-DB88475E5C12-LeaderElection6] INFO  grpc.GrpcConfigKeys (ConfUtils.java:logGet(46)) - raft.grpc.server.heartbeat.channel = true (default)
2024-01-26 21:34:23,176 [c424f152-b0b1-403f-ad43-57b6eddc8681@group-DB88475E5C12-LeaderElection6] INFO  impl.RoleInfo (RoleInfo.java:updateAndGet(139)) - c424f152-b0b1-403f-ad43-57b6eddc8681: start c424f152-b0b1-403f-ad43-57b6eddc8681@group-DB88475E5C12-LeaderStateImpl
2024-01-26 21:34:23,176 [c424f152-b0b1-403f-ad43-57b6eddc8681@group-DB88475E5C12-LeaderElection6] INFO  server.RaftServer$Division (RaftServerImpl.java:setFirstElection(574)) - c424f152-b0b1-403f-ad43-57b6eddc8681@group-DB88475E5C12: set firstElectionSinceStartup to false for becomeLeader
2024-01-26 21:34:23,176 [c424f152-b0b1-403f-ad43-57b6eddc8681@group-DB88475E5C12-LeaderElection6] INFO  ratis.XceiverServerRatis (XceiverServerRatis.java:handleLeaderChangedNotification(945)) - Leader change notification received for group: group-DB88475E5C12 with new leaderId: c424f152-b0b1-403f-ad43-57b6eddc8681
2024-01-26 21:34:23,176 [c424f152-b0b1-403f-ad43-57b6eddc8681@group-DB88475E5C12-LeaderElection6] INFO  server.RaftServer$Division (ServerState.java:setLeader(269)) - c424f152-b0b1-403f-ad43-57b6eddc8681@group-DB88475E5C12: change Leader from null to c424f152-b0b1-403f-ad43-57b6eddc8681 at term 1 for becomeLeader, leader elected after 5102ms
2024-01-26 21:34:23,177 [c424f152-b0b1-403f-ad43-57b6eddc8681@group-DB88475E5C12-LeaderElection6] INFO  segmented.SegmentedRaftLogWorker (SegmentedRaftLogWorker.java:startLogSegment(430)) - c424f152-b0b1-403f-ad43-57b6eddc8681@group-DB88475E5C12-SegmentedRaftLogWorker: Starting segment from index:0
2024-01-26 21:34:23,177 [c424f152-b0b1-403f-ad43-57b6eddc8681@group-DB88475E5C12-SegmentedRaftLogWorker] INFO  segmented.BufferedWriteChannel (BufferedWriteChannel.java:open(62)) - open log_inprogress_0 at position 0
2024-01-26 21:34:23,178 [EventQueue-PipelineReportForPipelineReportHandler] INFO  pipeline.PipelineReportHandler (PipelineReportHandler.java:processPipelineReport(136)) - Opened pipeline PipelineID=6bb2a1d8-6a1b-481f-bac4-db88475e5c12
2024-01-26 21:34:23,178 [EventQueue-OpenPipelineForHealthyPipelineSafeModeRule] INFO  safemode.SCMSafeModeManager (HealthyPipelineSafeModeRule.java:process(140)) - SCM in safe mode. Healthy pipelines reported count is 0, required healthy pipeline reported count is 1
2024-01-26 21:34:23,179 [EventQueue-OpenPipelineForHealthyPipelineSafeModeRule] INFO  safemode.SCMSafeModeManager (HealthyPipelineSafeModeRule.java:process(140)) - SCM in safe mode. Healthy pipelines reported count is 1, required healthy pipeline reported count is 1
2024-01-26 21:34:23,179 [EventQueue-OpenPipelineForHealthyPipelineSafeModeRule] INFO  safemode.SCMSafeModeManager (SCMSafeModeManager.java:validateSafeModeExitRules(200)) - HealthyPipelineSafeModeRule rule is successfully validated
2024-01-26 21:34:23,179 [EventQueue-OpenPipelineForHealthyPipelineSafeModeRule] INFO  safemode.SCMSafeModeManager (SCMSafeModeManager.java:validateSafeModeExitRules(215)) - ScmSafeModeManager, all rules are successfully validated
2024-01-26 21:34:23,179 [EventQueue-OpenPipelineForHealthyPipelineSafeModeRule] INFO  safemode.SCMSafeModeManager (SCMSafeModeManager.java:exitSafeMode(244)) - SCM exiting safe mode.
2024-01-26 21:34:23,179 [EventQueue-OpenPipelineForHealthyPipelineSafeModeRule] INFO  ha.SCMContext (SCMContext.java:updateSafeModeStatus(230)) - Update SafeModeStatus from SafeModeStatus{safeModeStatus=true, preCheckPassed=true} to SafeModeStatus{safeModeStatus=false, preCheckPassed=true}.
2024-01-26 21:34:23,179 [EventQueue-OpenPipelineForHealthyPipelineSafeModeRule] INFO  pipeline.BackgroundPipelineCreator (BackgroundPipelineCreator.java:notifyStatusChanged(258)) - Service BackgroundPipelineCreator transitions to RUNNING.
2024-01-26 21:34:23,179 [EventQueue-OpenPipelineForHealthyPipelineSafeModeRule] INFO  BackgroundPipelineScrubber (BackgroundSCMService.java:notifyStatusChanged(82)) - Service BackgroundPipelineScrubber transitions to RUNNING.
2024-01-26 21:34:23,179 [EventQueue-OpenPipelineForHealthyPipelineSafeModeRule] INFO  ExpiredContainerReplicaOpScrubber (BackgroundSCMService.java:notifyStatusChanged(82)) - Service ExpiredContainerReplicaOpScrubber transitions to RUNNING.
2024-01-26 21:34:23,179 [EventQueue-OpenPipelineForHealthyPipelineSafeModeRule] INFO  block.SCMBlockDeletingService (SCMBlockDeletingService.java:notifyStatusChanged(247)) - notifyStatusChanged:RUNNING
2024-01-26 21:34:23,179 [EventQueue-OpenPipelineForHealthyPipelineSafeModeRule] INFO  replication.ReplicationManager (ReplicationManager.java:notifyStatusChanged(1401)) - Service ReplicationManager transitions to RUNNING.
2024-01-26 21:34:23,183 [c424f152-b0b1-403f-ad43-57b6eddc8681@group-DB88475E5C12-LeaderElection6] INFO  server.RaftServer$Division (ServerState.java:setRaftConf(386)) - c424f152-b0b1-403f-ad43-57b6eddc8681@group-DB88475E5C12: set configuration 0: peers:[67e21e31-4dca-48e2-85b4-2f4b1b69db84|10.1.0.5:15014, c424f152-b0b1-403f-ad43-57b6eddc8681|10.1.0.5:15032, a4a3addc-657d-412b-928e-3d6f899db221|10.1.0.5:15023]|listeners:[], old=null
2024-01-26 21:34:23,185 [EventQueue-OpenPipelineForHealthyPipelineSafeModeRule] WARN  balancer.ContainerBalancer (ContainerBalancer.java:shouldRun(134)) - Could not find persisted configuration for ContainerBalancer when checking if ContainerBalancer should run. ContainerBalancer should not run now.
2024-01-26 21:34:23,186 [c424f152-b0b1-403f-ad43-57b6eddc8681@group-DB88475E5C12-SegmentedRaftLogWorker] INFO  segmented.SegmentedRaftLogWorker (SegmentedRaftLogWorker.java:execute(634)) - c424f152-b0b1-403f-ad43-57b6eddc8681@group-DB88475E5C12-SegmentedRaftLogWorker: created new log segment /home/runner/work/ozone/ozone/hadoop-ozone/integration-test/target/test-dir/MiniOzoneClusterImpl-1af845c4-9ad0-4304-ad21-7f4426eccdbd/datanode-2/data/ratis/6bb2a1d8-6a1b-481f-bac4-db88475e5c12/current/log_inprogress_0
2024-01-26 21:34:23,213 [a4a3addc-657d-412b-928e-3d6f899db221-server-thread1] INFO  ratis.XceiverServerRatis (XceiverServerRatis.java:handleLeaderChangedNotification(945)) - Leader change notification received for group: group-DB88475E5C12 with new leaderId: c424f152-b0b1-403f-ad43-57b6eddc8681
2024-01-26 21:34:23,214 [a4a3addc-657d-412b-928e-3d6f899db221-server-thread1] INFO  server.RaftServer$Division (ServerState.java:setLeader(269)) - a4a3addc-657d-412b-928e-3d6f899db221@group-DB88475E5C12: change Leader from null to c424f152-b0b1-403f-ad43-57b6eddc8681 at term 1 for appendEntries, leader elected after 5254ms
2024-01-26 21:34:23,221 [67e21e31-4dca-48e2-85b4-2f4b1b69db84-server-thread1] INFO  ratis.XceiverServerRatis (XceiverServerRatis.java:handleLeaderChangedNotification(945)) - Leader change notification received for group: group-DB88475E5C12 with new leaderId: c424f152-b0b1-403f-ad43-57b6eddc8681
2024-01-26 21:34:23,221 [67e21e31-4dca-48e2-85b4-2f4b1b69db84-server-thread1] INFO  server.RaftServer$Division (ServerState.java:setLeader(269)) - 67e21e31-4dca-48e2-85b4-2f4b1b69db84@group-DB88475E5C12: change Leader from null to c424f152-b0b1-403f-ad43-57b6eddc8681 at term 1 for appendEntries, leader elected after 5331ms
2024-01-26 21:34:23,227 [67e21e31-4dca-48e2-85b4-2f4b1b69db84-server-thread3] INFO  server.RaftServer$Division (ServerState.java:setRaftConf(386)) - 67e21e31-4dca-48e2-85b4-2f4b1b69db84@group-DB88475E5C12: set configuration 0: peers:[67e21e31-4dca-48e2-85b4-2f4b1b69db84|10.1.0.5:15014, c424f152-b0b1-403f-ad43-57b6eddc8681|10.1.0.5:15032, a4a3addc-657d-412b-928e-3d6f899db221|10.1.0.5:15023]|listeners:[], old=null
2024-01-26 21:34:23,229 [67e21e31-4dca-48e2-85b4-2f4b1b69db84-server-thread3] INFO  segmented.SegmentedRaftLogWorker (SegmentedRaftLogWorker.java:startLogSegment(430)) - 67e21e31-4dca-48e2-85b4-2f4b1b69db84@group-DB88475E5C12-SegmentedRaftLogWorker: Starting segment from index:0
2024-01-26 21:34:23,231 [a4a3addc-657d-412b-928e-3d6f899db221-server-thread1] INFO  server.RaftServer$Division (ServerState.java:setRaftConf(386)) - a4a3addc-657d-412b-928e-3d6f899db221@group-DB88475E5C12: set configuration 0: peers:[67e21e31-4dca-48e2-85b4-2f4b1b69db84|10.1.0.5:15014, c424f152-b0b1-403f-ad43-57b6eddc8681|10.1.0.5:15032, a4a3addc-657d-412b-928e-3d6f899db221|10.1.0.5:15023]|listeners:[], old=null
2024-01-26 21:34:23,231 [a4a3addc-657d-412b-928e-3d6f899db221-server-thread1] INFO  segmented.SegmentedRaftLogWorker (SegmentedRaftLogWorker.java:startLogSegment(430)) - a4a3addc-657d-412b-928e-3d6f899db221@group-DB88475E5C12-SegmentedRaftLogWorker: Starting segment from index:0
2024-01-26 21:34:23,232 [67e21e31-4dca-48e2-85b4-2f4b1b69db84@group-DB88475E5C12-SegmentedRaftLogWorker] INFO  segmented.BufferedWriteChannel (BufferedWriteChannel.java:open(62)) - open log_inprogress_0 at position 0
2024-01-26 21:34:23,232 [a4a3addc-657d-412b-928e-3d6f899db221@group-DB88475E5C12-SegmentedRaftLogWorker] INFO  segmented.BufferedWriteChannel (BufferedWriteChannel.java:open(62)) - open log_inprogress_0 at position 0
2024-01-26 21:34:23,240 [a4a3addc-657d-412b-928e-3d6f899db221@group-DB88475E5C12-SegmentedRaftLogWorker] INFO  segmented.SegmentedRaftLogWorker (SegmentedRaftLogWorker.java:execute(634)) - a4a3addc-657d-412b-928e-3d6f899db221@group-DB88475E5C12-SegmentedRaftLogWorker: created new log segment /home/runner/work/ozone/ozone/hadoop-ozone/integration-test/target/test-dir/MiniOzoneClusterImpl-1af845c4-9ad0-4304-ad21-7f4426eccdbd/datanode-1/data/ratis/6bb2a1d8-6a1b-481f-bac4-db88475e5c12/current/log_inprogress_0
2024-01-26 21:34:23,245 [67e21e31-4dca-48e2-85b4-2f4b1b69db84@group-DB88475E5C12-SegmentedRaftLogWorker] INFO  segmented.SegmentedRaftLogWorker (SegmentedRaftLogWorker.java:execute(634)) - 67e21e31-4dca-48e2-85b4-2f4b1b69db84@group-DB88475E5C12-SegmentedRaftLogWorker: created new log segment /home/runner/work/ozone/ozone/hadoop-ozone/integration-test/target/test-dir/MiniOzoneClusterImpl-1af845c4-9ad0-4304-ad21-7f4426eccdbd/datanode-0/data/ratis/6bb2a1d8-6a1b-481f-bac4-db88475e5c12/current/log_inprogress_0
2024-01-26 21:34:23,248 [4166fb02-ca0d-4de6-a961-378c6a3b2890@group-DFE281D66E6E-FollowerState] INFO  impl.FollowerState (FollowerState.java:run(143)) - 4166fb02-ca0d-4de6-a961-378c6a3b2890@group-DFE281D66E6E-FollowerState: change to CANDIDATE, lastRpcElapsedTime:5042991757ns, electionTimeout:5041ms
2024-01-26 21:34:23,248 [4166fb02-ca0d-4de6-a961-378c6a3b2890@group-DFE281D66E6E-FollowerState] INFO  impl.RoleInfo (RoleInfo.java:shutdownFollowerState(110)) - 4166fb02-ca0d-4de6-a961-378c6a3b2890: shutdown 4166fb02-ca0d-4de6-a961-378c6a3b2890@group-DFE281D66E6E-FollowerState
2024-01-26 21:34:23,248 [4166fb02-ca0d-4de6-a961-378c6a3b2890@group-DFE281D66E6E-FollowerState] INFO  server.RaftServer$Division (RaftServerImpl.java:setRole(383)) - 4166fb02-ca0d-4de6-a961-378c6a3b2890@group-DFE281D66E6E: changes role from  FOLLOWER to CANDIDATE at term 0 for changeToCandidate
2024-01-26 21:34:23,248 [4166fb02-ca0d-4de6-a961-378c6a3b2890@group-DFE281D66E6E-FollowerState] INFO  server.RaftServerConfigKeys (ConfUtils.java:logGet(46)) - raft.server.leaderelection.pre-vote = true (default)
2024-01-26 21:34:23,248 [4166fb02-ca0d-4de6-a961-378c6a3b2890@group-DFE281D66E6E-FollowerState] INFO  impl.RoleInfo (RoleInfo.java:updateAndGet(139)) - 4166fb02-ca0d-4de6-a961-378c6a3b2890: start 4166fb02-ca0d-4de6-a961-378c6a3b2890@group-DFE281D66E6E-LeaderElection7
2024-01-26 21:34:23,253 [4166fb02-ca0d-4de6-a961-378c6a3b2890@group-DFE281D66E6E-LeaderElection7] INFO  impl.LeaderElection (LeaderElection.java:askForVotes(321)) - 4166fb02-ca0d-4de6-a961-378c6a3b2890@group-DFE281D66E6E-LeaderElection7 PRE_VOTE round 0: submit vote requests at term 0 for -1: peers:[4166fb02-ca0d-4de6-a961-378c6a3b2890|10.1.0.5:15041]|listeners:[], old=null
2024-01-26 21:34:23,254 [c424f152-b0b1-403f-ad43-57b6eddc8681@group-DB88475E5C12-StateMachineUpdater] INFO  server.RaftServer$Division (LeaderStateImpl.java:isApplied(320)) - leader is ready since appliedIndex == 0 >= startIndex == 0
2024-01-26 21:34:23,254 [4166fb02-ca0d-4de6-a961-378c6a3b2890@group-DFE281D66E6E-LeaderElection7] INFO  impl.LeaderElection (LeaderElection.java:askForVotes(323)) - 4166fb02-ca0d-4de6-a961-378c6a3b2890@group-DFE281D66E6E-LeaderElection7 PRE_VOTE round 0: result PASSED (term=0)
2024-01-26 21:34:23,259 [4166fb02-ca0d-4de6-a961-378c6a3b2890@group-DFE281D66E6E-LeaderElection7] INFO  impl.LeaderElection (LeaderElection.java:askForVotes(321)) - 4166fb02-ca0d-4de6-a961-378c6a3b2890@group-DFE281D66E6E-LeaderElection7 ELECTION round 0: submit vote requests at term 1 for -1: peers:[4166fb02-ca0d-4de6-a961-378c6a3b2890|10.1.0.5:15041]|listeners:[], old=null
2024-01-26 21:34:23,259 [4166fb02-ca0d-4de6-a961-378c6a3b2890@group-DFE281D66E6E-LeaderElection7] INFO  impl.LeaderElection (LeaderElection.java:askForVotes(323)) - 4166fb02-ca0d-4de6-a961-378c6a3b2890@group-DFE281D66E6E-LeaderElection7 ELECTION round 0: result PASSED (term=1)
2024-01-26 21:34:23,259 [4166fb02-ca0d-4de6-a961-378c6a3b2890@group-DFE281D66E6E-LeaderElection7] INFO  impl.RoleInfo (RoleInfo.java:shutdownLeaderElection(130)) - 4166fb02-ca0d-4de6-a961-378c6a3b2890: shutdown 4166fb02-ca0d-4de6-a961-378c6a3b2890@group-DFE281D66E6E-LeaderElection7
2024-01-26 21:34:23,259 [4166fb02-ca0d-4de6-a961-378c6a3b2890@group-DFE281D66E6E-LeaderElection7] INFO  server.RaftServer$Division (RaftServerImpl.java:setRole(383)) - 4166fb02-ca0d-4de6-a961-378c6a3b2890@group-DFE281D66E6E: changes role from CANDIDATE to LEADER at term 1 for changeToLeader
2024-01-26 21:34:23,260 [4166fb02-ca0d-4de6-a961-378c6a3b2890@group-DFE281D66E6E-LeaderElection7] INFO  server.RaftServerConfigKeys (ConfUtils.java:logGet(46)) - raft.server.staging.catchup.gap = 1000 (default)
2024-01-26 21:34:23,260 [4166fb02-ca0d-4de6-a961-378c6a3b2890@group-DFE281D66E6E-LeaderElection7] INFO  server.RaftServerConfigKeys (ConfUtils.java:logGet(46)) - raft.server.write.element-limit = 1024 (custom)
2024-01-26 21:34:23,262 [4166fb02-ca0d-4de6-a961-378c6a3b2890@group-DFE281D66E6E-LeaderElection7] INFO  server.RaftServerConfigKeys (ConfUtils.java:logGet(46)) - raft.server.write.byte-limit = 1024 M (=1073741824) (custom)
2024-01-26 21:34:23,262 [4166fb02-ca0d-4de6-a961-378c6a3b2890@group-DFE281D66E6E-LeaderElection7] INFO  server.RaftServerConfigKeys (ConfUtils.java:logGet(46)) - raft.server.watch.timeout = 180s (custom)
2024-01-26 21:34:23,262 [4166fb02-ca0d-4de6-a961-378c6a3b2890@group-DFE281D66E6E-LeaderElection7] INFO  server.RaftServerConfigKeys (ConfUtils.java:logGet(46)) - raft.server.watch.timeout.denomination = 1s (default)
2024-01-26 21:34:23,262 [4166fb02-ca0d-4de6-a961-378c6a3b2890@group-DFE281D66E6E-LeaderElection7] INFO  server.RaftServerConfigKeys (ConfUtils.java:logGet(46)) - raft.server.watch.element-limit = 65536 (default)
2024-01-26 21:34:23,263 [4166fb02-ca0d-4de6-a961-378c6a3b2890@group-DFE281D66E6E-LeaderElection7] INFO  server.RaftServerConfigKeys (ConfUtils.java:logGet(46)) - raft.server.read.leader.lease.enabled = false (default)
2024-01-26 21:34:23,263 [4166fb02-ca0d-4de6-a961-378c6a3b2890@group-DFE281D66E6E-LeaderElection7] INFO  server.RaftServerConfigKeys (ConfUtils.java:logGet(46)) - raft.server.read.leader.lease.timeout.ratio = 0.9 (default)
2024-01-26 21:34:23,263 [4166fb02-ca0d-4de6-a961-378c6a3b2890@group-DFE281D66E6E-LeaderElection7] INFO  server.RaftServerConfigKeys (ConfUtils.java:logGet(46)) - raft.server.rpc.timeout.min = 5s (custom)
2024-01-26 21:34:23,263 [4166fb02-ca0d-4de6-a961-378c6a3b2890@group-DFE281D66E6E-LeaderElection7] INFO  server.RaftServerConfigKeys (ConfUtils.java:logGet(46)) - raft.server.write.element-limit = 1024 (custom)
2024-01-26 21:34:23,263 [4166fb02-ca0d-4de6-a961-378c6a3b2890@group-DFE281D66E6E-LeaderElection7] INFO  server.RaftServerConfigKeys (ConfUtils.java:logGet(46)) - raft.server.write.follower.gap.ratio.max = -1.0 (default)
2024-01-26 21:34:23,264 [4166fb02-ca0d-4de6-a961-378c6a3b2890@group-DFE281D66E6E-LeaderElection7] INFO  impl.RoleInfo (RoleInfo.java:updateAndGet(139)) - 4166fb02-ca0d-4de6-a961-378c6a3b2890: start 4166fb02-ca0d-4de6-a961-378c6a3b2890@group-DFE281D66E6E-LeaderStateImpl
2024-01-26 21:34:23,264 [4166fb02-ca0d-4de6-a961-378c6a3b2890@group-DFE281D66E6E-LeaderElection7] INFO  server.RaftServer$Division (RaftServerImpl.java:setFirstElection(574)) - 4166fb02-ca0d-4de6-a961-378c6a3b2890@group-DFE281D66E6E: set firstElectionSinceStartup to false for becomeLeader
2024-01-26 21:34:23,264 [4166fb02-ca0d-4de6-a961-378c6a3b2890@group-DFE281D66E6E-LeaderElection7] INFO  ratis.XceiverServerRatis (XceiverServerRatis.java:handleLeaderChangedNotification(945)) - Leader change notification received for group: group-DFE281D66E6E with new leaderId: 4166fb02-ca0d-4de6-a961-378c6a3b2890
2024-01-26 21:34:23,264 [4166fb02-ca0d-4de6-a961-378c6a3b2890@group-DFE281D66E6E-LeaderElection7] INFO  server.RaftServer$Division (ServerState.java:setLeader(269)) - 4166fb02-ca0d-4de6-a961-378c6a3b2890@group-DFE281D66E6E: change Leader from null to 4166fb02-ca0d-4de6-a961-378c6a3b2890 at term 1 for becomeLeader, leader elected after 5089ms
2024-01-26 21:34:23,264 [4166fb02-ca0d-4de6-a961-378c6a3b2890@group-DFE281D66E6E-LeaderElection7] INFO  segmented.SegmentedRaftLogWorker (SegmentedRaftLogWorker.java:startLogSegment(430)) - 4166fb02-ca0d-4de6-a961-378c6a3b2890@group-DFE281D66E6E-SegmentedRaftLogWorker: Starting segment from index:0
2024-01-26 21:34:23,265 [4166fb02-ca0d-4de6-a961-378c6a3b2890@group-DFE281D66E6E-SegmentedRaftLogWorker] INFO  segmented.BufferedWriteChannel (BufferedWriteChannel.java:open(62)) - open log_inprogress_0 at position 0
2024-01-26 21:34:23,269 [4166fb02-ca0d-4de6-a961-378c6a3b2890@group-DFE281D66E6E-LeaderElection7] INFO  server.RaftServer$Division (ServerState.java:setRaftConf(386)) - 4166fb02-ca0d-4de6-a961-378c6a3b2890@group-DFE281D66E6E: set configuration 0: peers:[4166fb02-ca0d-4de6-a961-378c6a3b2890|10.1.0.5:15041]|listeners:[], old=null
2024-01-26 21:34:23,272 [4166fb02-ca0d-4de6-a961-378c6a3b2890@group-DFE281D66E6E-SegmentedRaftLogWorker] INFO  segmented.SegmentedRaftLogWorker (SegmentedRaftLogWorker.java:execute(634)) - 4166fb02-ca0d-4de6-a961-378c6a3b2890@group-DFE281D66E6E-SegmentedRaftLogWorker: created new log segment /home/runner/work/ozone/ozone/hadoop-ozone/integration-test/target/test-dir/MiniOzoneClusterImpl-1af845c4-9ad0-4304-ad21-7f4426eccdbd/datanode-3/data/ratis/fccb4f77-00b2-4980-83ce-dfe281d66e6e/current/log_inprogress_0
2024-01-26 21:34:23,273 [4166fb02-ca0d-4de6-a961-378c6a3b2890@group-DFE281D66E6E-StateMachineUpdater] INFO  server.RaftServer$Division (LeaderStateImpl.java:isApplied(320)) - leader is ready since appliedIndex == 0 >= startIndex == 0
2024-01-26 21:34:23,371 [main] INFO  ozone.MiniOzoneClusterImpl (MiniOzoneClusterImpl.java:lambda$waitForClusterToBeReady$0(229)) - Nodes are ready. Got 14 of 14 DN Heartbeats.
2024-01-26 21:34:23,371 [main] INFO  ozone.MiniOzoneClusterImpl (MiniOzoneClusterImpl.java:lambda$waitForClusterToBeReady$0(232)) - Cluster exits safe mode
2024-01-26 21:34:23,372 [main] INFO  ozone.MiniOzoneClusterImpl (MiniOzoneClusterImpl.java:lambda$waitForClusterToBeReady$0(234)) - SCM became leader
2024-01-26 21:34:23,390 [main] INFO  protocolPB.OmTransportFactory (OmTransportFactory.java:createFactory(62)) - Loading OM transport implementation org.apache.hadoop.ozone.om.protocolPB.Hadoop3OmTransportFactory as specified by configuration.
2024-01-26 21:34:23,406 [4166fb02-ca0d-4de6-a961-378c6a3b2890@group-6AEB2531D713-FollowerState] INFO  impl.FollowerState (FollowerState.java:run(143)) - 4166fb02-ca0d-4de6-a961-378c6a3b2890@group-6AEB2531D713-FollowerState: change to CANDIDATE, lastRpcElapsedTime:5168890367ns, electionTimeout:5167ms
2024-01-26 21:34:23,406 [4166fb02-ca0d-4de6-a961-378c6a3b2890@group-6AEB2531D713-FollowerState] INFO  impl.RoleInfo (RoleInfo.java:shutdownFollowerState(110)) - 4166fb02-ca0d-4de6-a961-378c6a3b2890: shutdown 4166fb02-ca0d-4de6-a961-378c6a3b2890@group-6AEB2531D713-FollowerState
2024-01-26 21:34:23,406 [4166fb02-ca0d-4de6-a961-378c6a3b2890@group-6AEB2531D713-FollowerState] INFO  server.RaftServer$Division (RaftServerImpl.java:setRole(383)) - 4166fb02-ca0d-4de6-a961-378c6a3b2890@group-6AEB2531D713: changes role from  FOLLOWER to CANDIDATE at term 0 for changeToCandidate
2024-01-26 21:34:23,406 [4166fb02-ca0d-4de6-a961-378c6a3b2890@group-6AEB2531D713-FollowerState] INFO  server.RaftServerConfigKeys (ConfUtils.java:logGet(46)) - raft.server.leaderelection.pre-vote = true (default)
2024-01-26 21:34:23,406 [4166fb02-ca0d-4de6-a961-378c6a3b2890@group-6AEB2531D713-FollowerState] INFO  impl.RoleInfo (RoleInfo.java:updateAndGet(139)) - 4166fb02-ca0d-4de6-a961-378c6a3b2890: start 4166fb02-ca0d-4de6-a961-378c6a3b2890@group-6AEB2531D713-LeaderElection8
2024-01-26 21:34:23,419 [4166fb02-ca0d-4de6-a961-378c6a3b2890@group-6AEB2531D713-LeaderElection8] INFO  impl.LeaderElection (LeaderElection.java:askForVotes(321)) - 4166fb02-ca0d-4de6-a961-378c6a3b2890@group-6AEB2531D713-LeaderElection8 PRE_VOTE round 0: submit vote requests at term 0 for -1: peers:[209e1d4e-6bc3-40d2-a53c-4015c1ab1ac0|10.1.0.5:15050, 4166fb02-ca0d-4de6-a961-378c6a3b2890|10.1.0.5:15041, 7564b097-4325-4468-ae97-837bc55d7172|10.1.0.5:15059]|listeners:[], old=null
2024-01-26 21:34:23,420 [4166fb02-ca0d-4de6-a961-378c6a3b2890@group-6AEB2531D713-LeaderElection8-1] INFO  server.GrpcServerProtocolClient (GrpcServerProtocolClient.java:<init>(65)) - Build channel for 209e1d4e-6bc3-40d2-a53c-4015c1ab1ac0|10.1.0.5:15050
2024-01-26 21:34:23,420 [4166fb02-ca0d-4de6-a961-378c6a3b2890@group-6AEB2531D713-LeaderElection8] INFO  server.RaftServerConfigKeys (ConfUtils.java:logFallback(53)) - raft.server.rpc.first-election.timeout.min = 5s (fallback to raft.server.rpc.timeout.min)
2024-01-26 21:34:23,420 [4166fb02-ca0d-4de6-a961-378c6a3b2890@group-6AEB2531D713-LeaderElection8] INFO  server.RaftServerConfigKeys (ConfUtils.java:logFallback(53)) - raft.server.rpc.first-election.timeout.max = 5200ms (fallback to raft.server.rpc.timeout.max)
2024-01-26 21:34:23,421 [4166fb02-ca0d-4de6-a961-378c6a3b2890@group-6AEB2531D713-LeaderElection8-2] INFO  server.GrpcServerProtocolClient (GrpcServerProtocolClient.java:<init>(65)) - Build channel for 7564b097-4325-4468-ae97-837bc55d7172|10.1.0.5:15059
2024-01-26 21:34:23,425 [grpc-default-executor-5] INFO  server.RaftServer$Division (RaftServerImpl.java:requestVote(1389)) - 209e1d4e-6bc3-40d2-a53c-4015c1ab1ac0@group-6AEB2531D713: receive requestVote(PRE_VOTE, 4166fb02-ca0d-4de6-a961-378c6a3b2890, group-6AEB2531D713, 0, (t:0, i:0))
2024-01-26 21:34:23,426 [grpc-default-executor-5] INFO  impl.VoteContext (VoteContext.java:log(49)) - 209e1d4e-6bc3-40d2-a53c-4015c1ab1ac0@group-6AEB2531D713-FOLLOWER: reject PRE_VOTE from 4166fb02-ca0d-4de6-a961-378c6a3b2890: our priority 1 > candidate's priority 0
2024-01-26 21:34:23,426 [grpc-default-executor-5] INFO  server.RaftServer$Division (RaftServerImpl.java:requestVote(1422)) - 209e1d4e-6bc3-40d2-a53c-4015c1ab1ac0@group-6AEB2531D713 replies to PRE_VOTE vote request: 4166fb02-ca0d-4de6-a961-378c6a3b2890<-209e1d4e-6bc3-40d2-a53c-4015c1ab1ac0#0:FAIL-t0. Peer's state: 209e1d4e-6bc3-40d2-a53c-4015c1ab1ac0@group-6AEB2531D713:t0, leader=null, voted=, raftlog=Memoized:209e1d4e-6bc3-40d2-a53c-4015c1ab1ac0@group-6AEB2531D713-SegmentedRaftLog:OPENED:c-1, conf=-1: peers:[209e1d4e-6bc3-40d2-a53c-4015c1ab1ac0|10.1.0.5:15050, 4166fb02-ca0d-4de6-a961-378c6a3b2890|10.1.0.5:15041, 7564b097-4325-4468-ae97-837bc55d7172|10.1.0.5:15059]|listeners:[], old=null
2024-01-26 21:34:23,427 [grpc-default-executor-5] INFO  server.RaftServer$Division (RaftServerImpl.java:requestVote(1389)) - 7564b097-4325-4468-ae97-837bc55d7172@group-6AEB2531D713: receive requestVote(PRE_VOTE, 4166fb02-ca0d-4de6-a961-378c6a3b2890, group-6AEB2531D713, 0, (t:0, i:0))
2024-01-26 21:34:23,428 [grpc-default-executor-5] INFO  impl.VoteContext (VoteContext.java:log(49)) - 7564b097-4325-4468-ae97-837bc55d7172@group-6AEB2531D713-FOLLOWER: accept PRE_VOTE from 4166fb02-ca0d-4de6-a961-378c6a3b2890: our priority 0 <= candidate's priority 0
2024-01-26 21:34:23,428 [grpc-default-executor-5] INFO  server.RaftServer$Division (RaftServerImpl.java:requestVote(1422)) - 7564b097-4325-4468-ae97-837bc55d7172@group-6AEB2531D713 replies to PRE_VOTE vote request: 4166fb02-ca0d-4de6-a961-378c6a3b2890<-7564b097-4325-4468-ae97-837bc55d7172#0:OK-t0. Peer's state: 7564b097-4325-4468-ae97-837bc55d7172@group-6AEB2531D713:t0, leader=null, voted=, raftlog=Memoized:7564b097-4325-4468-ae97-837bc55d7172@group-6AEB2531D713-SegmentedRaftLog:OPENED:c-1, conf=-1: peers:[209e1d4e-6bc3-40d2-a53c-4015c1ab1ac0|10.1.0.5:15050, 4166fb02-ca0d-4de6-a961-378c6a3b2890|10.1.0.5:15041, 7564b097-4325-4468-ae97-837bc55d7172|10.1.0.5:15059]|listeners:[], old=null
2024-01-26 21:34:23,429 [4166fb02-ca0d-4de6-a961-378c6a3b2890@group-6AEB2531D713-LeaderElection8] INFO  impl.LeaderElection (LeaderElection.java:logAndReturn(89)) - 4166fb02-ca0d-4de6-a961-378c6a3b2890@group-6AEB2531D713-LeaderElection8: PRE_VOTE REJECTED received 1 response(s) and 0 exception(s):
2024-01-26 21:34:23,429 [4166fb02-ca0d-4de6-a961-378c6a3b2890@group-6AEB2531D713-LeaderElection8] INFO  impl.LeaderElection (LeaderElection.java:logAndReturn(93)) -   Response 0: 4166fb02-ca0d-4de6-a961-378c6a3b2890<-209e1d4e-6bc3-40d2-a53c-4015c1ab1ac0#0:FAIL-t0
2024-01-26 21:34:23,435 [4166fb02-ca0d-4de6-a961-378c6a3b2890@group-6AEB2531D713-LeaderElection8] INFO  impl.LeaderElection (LeaderElection.java:askForVotes(323)) - 4166fb02-ca0d-4de6-a961-378c6a3b2890@group-6AEB2531D713-LeaderElection8 PRE_VOTE round 0: result REJECTED
2024-01-26 21:34:23,436 [4166fb02-ca0d-4de6-a961-378c6a3b2890@group-6AEB2531D713-LeaderElection8] INFO  server.RaftServer$Division (RaftServerImpl.java:setRole(383)) - 4166fb02-ca0d-4de6-a961-378c6a3b2890@group-6AEB2531D713: changes role from CANDIDATE to FOLLOWER at term 0 for REJECTED
2024-01-26 21:34:23,436 [4166fb02-ca0d-4de6-a961-378c6a3b2890@group-6AEB2531D713-LeaderElection8] INFO  impl.RoleInfo (RoleInfo.java:shutdownLeaderElection(130)) - 4166fb02-ca0d-4de6-a961-378c6a3b2890: shutdown 4166fb02-ca0d-4de6-a961-378c6a3b2890@group-6AEB2531D713-LeaderElection8
2024-01-26 21:34:23,436 [4166fb02-ca0d-4de6-a961-378c6a3b2890@group-6AEB2531D713-LeaderElection8] INFO  impl.RoleInfo (RoleInfo.java:updateAndGet(139)) - 4166fb02-ca0d-4de6-a961-378c6a3b2890: start 4166fb02-ca0d-4de6-a961-378c6a3b2890@group-6AEB2531D713-FollowerState
2024-01-26 21:34:23,439 [4166fb02-ca0d-4de6-a961-378c6a3b2890@group-6AEB2531D713-LeaderElection8] INFO  server.RaftServer$Division (RaftServerImpl.java:setFirstElection(574)) - 4166fb02-ca0d-4de6-a961-378c6a3b2890@group-6AEB2531D713: set firstElectionSinceStartup to false for REJECTED
2024-01-26 21:34:23,534 [7564b097-4325-4468-ae97-837bc55d7172@group-6AEB2531D713-FollowerState] INFO  server.RaftServerConfigKeys (ConfUtils.java:logFallback(53)) - raft.server.rpc.first-election.timeout.min = 5s (fallback to raft.server.rpc.timeout.min)
2024-01-26 21:34:23,534 [7564b097-4325-4468-ae97-837bc55d7172@group-6AEB2531D713-FollowerState] INFO  server.RaftServerConfigKeys (ConfUtils.java:logFallback(53)) - raft.server.rpc.first-election.timeout.max = 5200ms (fallback to raft.server.rpc.timeout.max)
2024-01-26 21:34:23,547 [209e1d4e-6bc3-40d2-a53c-4015c1ab1ac0@group-6AEB2531D713-FollowerState] INFO  impl.FollowerState (FollowerState.java:run(143)) - 209e1d4e-6bc3-40d2-a53c-4015c1ab1ac0@group-6AEB2531D713-FollowerState: change to CANDIDATE, lastRpcElapsedTime:5096331956ns, electionTimeout:5089ms
2024-01-26 21:34:23,547 [209e1d4e-6bc3-40d2-a53c-4015c1ab1ac0@group-6AEB2531D713-FollowerState] INFO  impl.RoleInfo (RoleInfo.java:shutdownFollowerState(110)) - 209e1d4e-6bc3-40d2-a53c-4015c1ab1ac0: shutdown 209e1d4e-6bc3-40d2-a53c-4015c1ab1ac0@group-6AEB2531D713-FollowerState
2024-01-26 21:34:23,547 [209e1d4e-6bc3-40d2-a53c-4015c1ab1ac0@group-6AEB2531D713-FollowerState] INFO  server.RaftServer$Division (RaftServerImpl.java:setRole(383)) - 209e1d4e-6bc3-40d2-a53c-4015c1ab1ac0@group-6AEB2531D713: changes role from  FOLLOWER to CANDIDATE at term 0 for changeToCandidate
2024-01-26 21:34:23,547 [209e1d4e-6bc3-40d2-a53c-4015c1ab1ac0@group-6AEB2531D713-FollowerState] INFO  server.RaftServerConfigKeys (ConfUtils.java:logGet(46)) - raft.server.leaderelection.pre-vote = true (default)
2024-01-26 21:34:23,547 [209e1d4e-6bc3-40d2-a53c-4015c1ab1ac0@group-6AEB2531D713-FollowerState] INFO  impl.RoleInfo (RoleInfo.java:updateAndGet(139)) - 209e1d4e-6bc3-40d2-a53c-4015c1ab1ac0: start 209e1d4e-6bc3-40d2-a53c-4015c1ab1ac0@group-6AEB2531D713-LeaderElection9
2024-01-26 21:34:23,556 [209e1d4e-6bc3-40d2-a53c-4015c1ab1ac0@group-6AEB2531D713-LeaderElection9] INFO  impl.LeaderElection (LeaderElection.java:askForVotes(321)) - 209e1d4e-6bc3-40d2-a53c-4015c1ab1ac0@group-6AEB2531D713-LeaderElection9 PRE_VOTE round 0: submit vote requests at term 0 for -1: peers:[209e1d4e-6bc3-40d2-a53c-4015c1ab1ac0|10.1.0.5:15050, 4166fb02-ca0d-4de6-a961-378c6a3b2890|10.1.0.5:15041, 7564b097-4325-4468-ae97-837bc55d7172|10.1.0.5:15059]|listeners:[], old=null
2024-01-26 21:34:23,557 [209e1d4e-6bc3-40d2-a53c-4015c1ab1ac0@group-6AEB2531D713-LeaderElection9] INFO  server.RaftServerConfigKeys (ConfUtils.java:logFallback(53)) - raft.server.rpc.first-election.timeout.min = 5s (fallback to raft.server.rpc.timeout.min)
2024-01-26 21:34:23,557 [209e1d4e-6bc3-40d2-a53c-4015c1ab1ac0@group-6AEB2531D713-LeaderElection9] INFO  server.RaftServerConfigKeys (ConfUtils.java:logFallback(53)) - raft.server.rpc.first-election.timeout.max = 5200ms (fallback to raft.server.rpc.timeout.max)
2024-01-26 21:34:23,558 [209e1d4e-6bc3-40d2-a53c-4015c1ab1ac0@group-6AEB2531D713-LeaderElection9-2] INFO  server.GrpcServerProtocolClient (GrpcServerProtocolClient.java:<init>(65)) - Build channel for 7564b097-4325-4468-ae97-837bc55d7172|10.1.0.5:15059
2024-01-26 21:34:23,558 [209e1d4e-6bc3-40d2-a53c-4015c1ab1ac0@group-6AEB2531D713-LeaderElection9-1] INFO  server.GrpcServerProtocolClient (GrpcServerProtocolClient.java:<init>(65)) - Build channel for 4166fb02-ca0d-4de6-a961-378c6a3b2890|10.1.0.5:15041
2024-01-26 21:34:23,570 [grpc-default-executor-2] INFO  server.RaftServer$Division (RaftServerImpl.java:requestVote(1389)) - 7564b097-4325-4468-ae97-837bc55d7172@group-6AEB2531D713: receive requestVote(PRE_VOTE, 209e1d4e-6bc3-40d2-a53c-4015c1ab1ac0, group-6AEB2531D713, 0, (t:0, i:0))
2024-01-26 21:34:23,570 [grpc-default-executor-2] INFO  impl.VoteContext (VoteContext.java:log(49)) - 7564b097-4325-4468-ae97-837bc55d7172@group-6AEB2531D713-FOLLOWER: accept PRE_VOTE from 209e1d4e-6bc3-40d2-a53c-4015c1ab1ac0: our priority 0 <= candidate's priority 1
2024-01-26 21:34:23,571 [grpc-default-executor-2] INFO  server.RaftServer$Division (RaftServerImpl.java:requestVote(1422)) - 7564b097-4325-4468-ae97-837bc55d7172@group-6AEB2531D713 replies to PRE_VOTE vote request: 209e1d4e-6bc3-40d2-a53c-4015c1ab1ac0<-7564b097-4325-4468-ae97-837bc55d7172#0:OK-t0. Peer's state: 7564b097-4325-4468-ae97-837bc55d7172@group-6AEB2531D713:t0, leader=null, voted=, raftlog=Memoized:7564b097-4325-4468-ae97-837bc55d7172@group-6AEB2531D713-SegmentedRaftLog:OPENED:c-1, conf=-1: peers:[209e1d4e-6bc3-40d2-a53c-4015c1ab1ac0|10.1.0.5:15050, 4166fb02-ca0d-4de6-a961-378c6a3b2890|10.1.0.5:15041, 7564b097-4325-4468-ae97-837bc55d7172|10.1.0.5:15059]|listeners:[], old=null
2024-01-26 21:34:23,571 [209e1d4e-6bc3-40d2-a53c-4015c1ab1ac0@group-87764B08ED82-FollowerState] INFO  impl.FollowerState (FollowerState.java:run(143)) - 209e1d4e-6bc3-40d2-a53c-4015c1ab1ac0@group-87764B08ED82-FollowerState: change to CANDIDATE, lastRpcElapsedTime:5176515555ns, electionTimeout:5171ms
2024-01-26 21:34:23,571 [209e1d4e-6bc3-40d2-a53c-4015c1ab1ac0@group-87764B08ED82-FollowerState] INFO  impl.RoleInfo (RoleInfo.java:shutdownFollowerState(110)) - 209e1d4e-6bc3-40d2-a53c-4015c1ab1ac0: shutdown 209e1d4e-6bc3-40d2-a53c-4015c1ab1ac0@group-87764B08ED82-FollowerState
2024-01-26 21:34:23,571 [209e1d4e-6bc3-40d2-a53c-4015c1ab1ac0@group-87764B08ED82-FollowerState] INFO  server.RaftServer$Division (RaftServerImpl.java:setRole(383)) - 209e1d4e-6bc3-40d2-a53c-4015c1ab1ac0@group-87764B08ED82: changes role from  FOLLOWER to CANDIDATE at term 0 for changeToCandidate
2024-01-26 21:34:23,571 [209e1d4e-6bc3-40d2-a53c-4015c1ab1ac0@group-87764B08ED82-FollowerState] INFO  server.RaftServerConfigKeys (ConfUtils.java:logGet(46)) - raft.server.leaderelection.pre-vote = true (default)
2024-01-26 21:34:23,571 [209e1d4e-6bc3-40d2-a53c-4015c1ab1ac0@group-87764B08ED82-FollowerState] INFO  impl.RoleInfo (RoleInfo.java:updateAndGet(139)) - 209e1d4e-6bc3-40d2-a53c-4015c1ab1ac0: start 209e1d4e-6bc3-40d2-a53c-4015c1ab1ac0@group-87764B08ED82-LeaderElection10
2024-01-26 21:34:23,577 [209e1d4e-6bc3-40d2-a53c-4015c1ab1ac0@group-6AEB2531D713-LeaderElection9] INFO  impl.LeaderElection (LeaderElection.java:logAndReturn(89)) - 209e1d4e-6bc3-40d2-a53c-4015c1ab1ac0@group-6AEB2531D713-LeaderElection9: PRE_VOTE PASSED received 1 response(s) and 0 exception(s):
2024-01-26 21:34:23,577 [209e1d4e-6bc3-40d2-a53c-4015c1ab1ac0@group-6AEB2531D713-LeaderElection9] INFO  impl.LeaderElection (LeaderElection.java:logAndReturn(93)) -   Response 0: 209e1d4e-6bc3-40d2-a53c-4015c1ab1ac0<-7564b097-4325-4468-ae97-837bc55d7172#0:OK-t0
2024-01-26 21:34:23,577 [209e1d4e-6bc3-40d2-a53c-4015c1ab1ac0@group-6AEB2531D713-LeaderElection9] INFO  impl.LeaderElection (LeaderElection.java:askForVotes(323)) - 209e1d4e-6bc3-40d2-a53c-4015c1ab1ac0@group-6AEB2531D713-LeaderElection9 PRE_VOTE round 0: result PASSED
2024-01-26 21:34:23,580 [209e1d4e-6bc3-40d2-a53c-4015c1ab1ac0@group-6AEB2531D713-LeaderElection9] INFO  impl.LeaderElection (LeaderElection.java:askForVotes(321)) - 209e1d4e-6bc3-40d2-a53c-4015c1ab1ac0@group-6AEB2531D713-LeaderElection9 ELECTION round 0: submit vote requests at term 1 for -1: peers:[209e1d4e-6bc3-40d2-a53c-4015c1ab1ac0|10.1.0.5:15050, 4166fb02-ca0d-4de6-a961-378c6a3b2890|10.1.0.5:15041, 7564b097-4325-4468-ae97-837bc55d7172|10.1.0.5:15059]|listeners:[], old=null
2024-01-26 21:34:23,582 [grpc-default-executor-2] INFO  server.RaftServer$Division (RaftServerImpl.java:requestVote(1389)) - 4166fb02-ca0d-4de6-a961-378c6a3b2890@group-6AEB2531D713: receive requestVote(ELECTION, 209e1d4e-6bc3-40d2-a53c-4015c1ab1ac0, group-6AEB2531D713, 1, (t:0, i:0))
2024-01-26 21:34:23,582 [grpc-default-executor-5] INFO  server.RaftServer$Division (RaftServerImpl.java:requestVote(1389)) - 4166fb02-ca0d-4de6-a961-378c6a3b2890@group-6AEB2531D713: receive requestVote(PRE_VOTE, 209e1d4e-6bc3-40d2-a53c-4015c1ab1ac0, group-6AEB2531D713, 0, (t:0, i:0))
2024-01-26 21:34:23,582 [grpc-default-executor-2] INFO  impl.VoteContext (VoteContext.java:log(49)) - 4166fb02-ca0d-4de6-a961-378c6a3b2890@group-6AEB2531D713-FOLLOWER: accept ELECTION from 209e1d4e-6bc3-40d2-a53c-4015c1ab1ac0: our priority 0 <= candidate's priority 1
2024-01-26 21:34:23,582 [grpc-default-executor-2] INFO  server.RaftServer$Division (RaftServerImpl.java:setRole(383)) - 4166fb02-ca0d-4de6-a961-378c6a3b2890@group-6AEB2531D713: changes role from  FOLLOWER to FOLLOWER at term 1 for candidate:209e1d4e-6bc3-40d2-a53c-4015c1ab1ac0
2024-01-26 21:34:23,582 [grpc-default-executor-2] INFO  impl.RoleInfo (RoleInfo.java:shutdownFollowerState(110)) - 4166fb02-ca0d-4de6-a961-378c6a3b2890: shutdown 4166fb02-ca0d-4de6-a961-378c6a3b2890@group-6AEB2531D713-FollowerState
2024-01-26 21:34:23,583 [209e1d4e-6bc3-40d2-a53c-4015c1ab1ac0@group-6AEB2531D713-LeaderElection9] INFO  server.RaftServerConfigKeys (ConfUtils.java:logFallback(53)) - raft.server.rpc.first-election.timeout.min = 5s (fallback to raft.server.rpc.timeout.min)
2024-01-26 21:34:23,583 [209e1d4e-6bc3-40d2-a53c-4015c1ab1ac0@group-6AEB2531D713-LeaderElection9] INFO  server.RaftServerConfigKeys (ConfUtils.java:logFallback(53)) - raft.server.rpc.first-election.timeout.max = 5200ms (fallback to raft.server.rpc.timeout.max)
2024-01-26 21:34:23,584 [grpc-default-executor-6] INFO  server.RaftServer$Division (RaftServerImpl.java:requestVote(1389)) - 7564b097-4325-4468-ae97-837bc55d7172@group-6AEB2531D713: receive requestVote(ELECTION, 209e1d4e-6bc3-40d2-a53c-4015c1ab1ac0, group-6AEB2531D713, 1, (t:0, i:0))
2024-01-26 21:34:23,584 [grpc-default-executor-6] INFO  impl.VoteContext (VoteContext.java:log(49)) - 7564b097-4325-4468-ae97-837bc55d7172@group-6AEB2531D713-FOLLOWER: accept ELECTION from 209e1d4e-6bc3-40d2-a53c-4015c1ab1ac0: our priority 0 <= candidate's priority 1
2024-01-26 21:34:23,584 [grpc-default-executor-6] INFO  server.RaftServer$Division (RaftServerImpl.java:setRole(383)) - 7564b097-4325-4468-ae97-837bc55d7172@group-6AEB2531D713: changes role from  FOLLOWER to FOLLOWER at term 1 for candidate:209e1d4e-6bc3-40d2-a53c-4015c1ab1ac0
2024-01-26 21:34:23,584 [grpc-default-executor-6] INFO  impl.RoleInfo (RoleInfo.java:shutdownFollowerState(110)) - 7564b097-4325-4468-ae97-837bc55d7172: shutdown 7564b097-4325-4468-ae97-837bc55d7172@group-6AEB2531D713-FollowerState
2024-01-26 21:34:23,584 [grpc-default-executor-6] INFO  impl.RoleInfo (RoleInfo.java:updateAndGet(139)) - 7564b097-4325-4468-ae97-837bc55d7172: start 7564b097-4325-4468-ae97-837bc55d7172@group-6AEB2531D713-FollowerState
2024-01-26 21:34:23,584 [7564b097-4325-4468-ae97-837bc55d7172@group-6AEB2531D713-FollowerState] INFO  impl.FollowerState (FollowerState.java:run(152)) - 7564b097-4325-4468-ae97-837bc55d7172@group-6AEB2531D713-FollowerState was interrupted
2024-01-26 21:34:23,584 [grpc-default-executor-6] INFO  server.RaftServer$Division (RaftServerImpl.java:setFirstElection(574)) - 7564b097-4325-4468-ae97-837bc55d7172@group-6AEB2531D713: set firstElectionSinceStartup to false for candidate:209e1d4e-6bc3-40d2-a53c-4015c1ab1ac0
2024-01-26 21:34:23,587 [4166fb02-ca0d-4de6-a961-378c6a3b2890@group-6AEB2531D713-FollowerState] INFO  impl.FollowerState (FollowerState.java:run(152)) - 4166fb02-ca0d-4de6-a961-378c6a3b2890@group-6AEB2531D713-FollowerState was interrupted
2024-01-26 21:34:23,587 [209e1d4e-6bc3-40d2-a53c-4015c1ab1ac0@group-87764B08ED82-LeaderElection10] INFO  impl.LeaderElection (LeaderElection.java:askForVotes(321)) - 209e1d4e-6bc3-40d2-a53c-4015c1ab1ac0@group-87764B08ED82-LeaderElection10 PRE_VOTE round 0: submit vote requests at term 0 for -1: peers:[209e1d4e-6bc3-40d2-a53c-4015c1ab1ac0|10.1.0.5:15050]|listeners:[], old=null
2024-01-26 21:34:23,587 [grpc-default-executor-2] INFO  impl.RoleInfo (RoleInfo.java:updateAndGet(139)) - 4166fb02-ca0d-4de6-a961-378c6a3b2890: start 4166fb02-ca0d-4de6-a961-378c6a3b2890@group-6AEB2531D713-FollowerState
2024-01-26 21:34:23,587 [grpc-default-executor-6] INFO  server.RaftServer$Division (RaftServerImpl.java:requestVote(1422)) - 7564b097-4325-4468-ae97-837bc55d7172@group-6AEB2531D713 replies to ELECTION vote request: 209e1d4e-6bc3-40d2-a53c-4015c1ab1ac0<-7564b097-4325-4468-ae97-837bc55d7172#0:OK-t1. Peer's state: 7564b097-4325-4468-ae97-837bc55d7172@group-6AEB2531D713:t1, leader=null, voted=209e1d4e-6bc3-40d2-a53c-4015c1ab1ac0, raftlog=Memoized:7564b097-4325-4468-ae97-837bc55d7172@group-6AEB2531D713-SegmentedRaftLog:OPENED:c-1, conf=-1: peers:[209e1d4e-6bc3-40d2-a53c-4015c1ab1ac0|10.1.0.5:15050, 4166fb02-ca0d-4de6-a961-378c6a3b2890|10.1.0.5:15041, 7564b097-4325-4468-ae97-837bc55d7172|10.1.0.5:15059]|listeners:[], old=null
2024-01-26 21:34:23,587 [209e1d4e-6bc3-40d2-a53c-4015c1ab1ac0@group-87764B08ED82-LeaderElection10] INFO  impl.LeaderElection (LeaderElection.java:askForVotes(323)) - 209e1d4e-6bc3-40d2-a53c-4015c1ab1ac0@group-87764B08ED82-LeaderElection10 PRE_VOTE round 0: result PASSED (term=0)
2024-01-26 21:34:23,592 [209e1d4e-6bc3-40d2-a53c-4015c1ab1ac0@group-6AEB2531D713-LeaderElection9] INFO  impl.LeaderElection (LeaderElection.java:logAndReturn(89)) - 209e1d4e-6bc3-40d2-a53c-4015c1ab1ac0@group-6AEB2531D713-LeaderElection9: ELECTION PASSED received 1 response(s) and 0 exception(s):
2024-01-26 21:34:23,592 [209e1d4e-6bc3-40d2-a53c-4015c1ab1ac0@group-6AEB2531D713-LeaderElection9] INFO  impl.LeaderElection (LeaderElection.java:logAndReturn(93)) -   Response 0: 209e1d4e-6bc3-40d2-a53c-4015c1ab1ac0<-7564b097-4325-4468-ae97-837bc55d7172#0:OK-t1
2024-01-26 21:34:23,592 [209e1d4e-6bc3-40d2-a53c-4015c1ab1ac0@group-6AEB2531D713-LeaderElection9] INFO  impl.LeaderElection (LeaderElection.java:askForVotes(323)) - 209e1d4e-6bc3-40d2-a53c-4015c1ab1ac0@group-6AEB2531D713-LeaderElection9 ELECTION round 0: result PASSED
2024-01-26 21:34:23,592 [209e1d4e-6bc3-40d2-a53c-4015c1ab1ac0@group-6AEB2531D713-LeaderElection9] INFO  impl.RoleInfo (RoleInfo.java:shutdownLeaderElection(130)) - 209e1d4e-6bc3-40d2-a53c-4015c1ab1ac0: shutdown 209e1d4e-6bc3-40d2-a53c-4015c1ab1ac0@group-6AEB2531D713-LeaderElection9
2024-01-26 21:34:23,592 [209e1d4e-6bc3-40d2-a53c-4015c1ab1ac0@group-6AEB2531D713-LeaderElection9] INFO  server.RaftServer$Division (RaftServerImpl.java:setRole(383)) - 209e1d4e-6bc3-40d2-a53c-4015c1ab1ac0@group-6AEB2531D713: changes role from CANDIDATE to LEADER at term 1 for changeToLeader
2024-01-26 21:34:23,592 [209e1d4e-6bc3-40d2-a53c-4015c1ab1ac0@group-6AEB2531D713-LeaderElection9] INFO  server.RaftServerConfigKeys (ConfUtils.java:logGet(46)) - raft.server.staging.catchup.gap = 1000 (default)
2024-01-26 21:34:23,592 [209e1d4e-6bc3-40d2-a53c-4015c1ab1ac0@group-6AEB2531D713-LeaderElection9] INFO  server.RaftServerConfigKeys (ConfUtils.java:logGet(46)) - raft.server.write.element-limit = 1024 (custom)
2024-01-26 21:34:23,592 [209e1d4e-6bc3-40d2-a53c-4015c1ab1ac0@group-6AEB2531D713-LeaderElection9] INFO  server.RaftServerConfigKeys (ConfUtils.java:logGet(46)) - raft.server.write.byte-limit = 1024 M (=1073741824) (custom)
2024-01-26 21:34:23,593 [209e1d4e-6bc3-40d2-a53c-4015c1ab1ac0@group-6AEB2531D713-LeaderElection9] INFO  server.RaftServerConfigKeys (ConfUtils.java:logGet(46)) - raft.server.watch.timeout = 180s (custom)
2024-01-26 21:34:23,593 [209e1d4e-6bc3-40d2-a53c-4015c1ab1ac0@group-6AEB2531D713-LeaderElection9] INFO  server.RaftServerConfigKeys (ConfUtils.java:logGet(46)) - raft.server.watch.timeout.denomination = 1s (default)
2024-01-26 21:34:23,593 [209e1d4e-6bc3-40d2-a53c-4015c1ab1ac0@group-6AEB2531D713-LeaderElection9] INFO  server.RaftServerConfigKeys (ConfUtils.java:logGet(46)) - raft.server.watch.element-limit = 65536 (default)
2024-01-26 21:34:23,593 [209e1d4e-6bc3-40d2-a53c-4015c1ab1ac0@group-6AEB2531D713-LeaderElection9] INFO  server.RaftServerConfigKeys (ConfUtils.java:logGet(46)) - raft.server.read.leader.lease.enabled = false (default)
2024-01-26 21:34:23,593 [209e1d4e-6bc3-40d2-a53c-4015c1ab1ac0@group-6AEB2531D713-LeaderElection9] INFO  server.RaftServerConfigKeys (ConfUtils.java:logGet(46)) - raft.server.read.leader.lease.timeout.ratio = 0.9 (default)
2024-01-26 21:34:23,593 [209e1d4e-6bc3-40d2-a53c-4015c1ab1ac0@group-6AEB2531D713-LeaderElection9] INFO  server.RaftServerConfigKeys (ConfUtils.java:logGet(46)) - raft.server.rpc.timeout.min = 5s (custom)
2024-01-26 21:34:23,593 [209e1d4e-6bc3-40d2-a53c-4015c1ab1ac0@group-6AEB2531D713-LeaderElection9] INFO  server.RaftServerConfigKeys (ConfUtils.java:logGet(46)) - raft.server.write.element-limit = 1024 (custom)
2024-01-26 21:34:23,593 [209e1d4e-6bc3-40d2-a53c-4015c1ab1ac0@group-6AEB2531D713-LeaderElection9] INFO  server.RaftServerConfigKeys (ConfUtils.java:logGet(46)) - raft.server.write.follower.gap.ratio.max = -1.0 (default)
2024-01-26 21:34:23,594 [209e1d4e-6bc3-40d2-a53c-4015c1ab1ac0@group-6AEB2531D713-LeaderElection9] INFO  server.RaftServerConfigKeys (ConfUtils.java:logGet(46)) - raft.server.log.appender.snapshot.chunk.size.max = 16MB (=16777216) (default)
2024-01-26 21:34:23,594 [209e1d4e-6bc3-40d2-a53c-4015c1ab1ac0@group-6AEB2531D713-LeaderElection9] INFO  server.RaftServerConfigKeys (ConfUtils.java:logGet(46)) - raft.server.log.appender.buffer.byte-limit = 8388608 (custom)
2024-01-26 21:34:23,594 [209e1d4e-6bc3-40d2-a53c-4015c1ab1ac0@group-6AEB2531D713-LeaderElection9] INFO  server.RaftServerConfigKeys (ConfUtils.java:logGet(46)) - raft.server.log.appender.buffer.element-limit = 1 (custom)
2024-01-26 21:34:23,594 [209e1d4e-6bc3-40d2-a53c-4015c1ab1ac0@group-6AEB2531D713-LeaderElection9] INFO  server.RaftServerConfigKeys (ConfUtils.java:logGet(46)) - raft.server.log.appender.wait-time.min = 0μs (custom)
2024-01-26 21:34:23,594 [209e1d4e-6bc3-40d2-a53c-4015c1ab1ac0@group-6AEB2531D713-LeaderElection9] INFO  grpc.GrpcConfigKeys (ConfUtils.java:logGet(46)) - raft.grpc.server.leader.outstanding.appends.max = 8 (default)
2024-01-26 21:34:23,596 [209e1d4e-6bc3-40d2-a53c-4015c1ab1ac0@group-6AEB2531D713-LeaderElection9] INFO  server.RaftServerConfigKeys (ConfUtils.java:logGet(46)) - raft.server.rpc.request.timeout = 60s (custom)
2024-01-26 21:34:23,596 [209e1d4e-6bc3-40d2-a53c-4015c1ab1ac0@group-87764B08ED82-LeaderElection10] INFO  impl.LeaderElection (LeaderElection.java:askForVotes(321)) - 209e1d4e-6bc3-40d2-a53c-4015c1ab1ac0@group-87764B08ED82-LeaderElection10 ELECTION round 0: submit vote requests at term 1 for -1: peers:[209e1d4e-6bc3-40d2-a53c-4015c1ab1ac0|10.1.0.5:15050]|listeners:[], old=null
2024-01-26 21:34:23,596 [grpc-default-executor-2] INFO  server.RaftServer$Division (RaftServerImpl.java:requestVote(1422)) - 4166fb02-ca0d-4de6-a961-378c6a3b2890@group-6AEB2531D713 replies to ELECTION vote request: 209e1d4e-6bc3-40d2-a53c-4015c1ab1ac0<-4166fb02-ca0d-4de6-a961-378c6a3b2890#0:OK-t1. Peer's state: 4166fb02-ca0d-4de6-a961-378c6a3b2890@group-6AEB2531D713:t1, leader=null, voted=209e1d4e-6bc3-40d2-a53c-4015c1ab1ac0, raftlog=Memoized:4166fb02-ca0d-4de6-a961-378c6a3b2890@group-6AEB2531D713-SegmentedRaftLog:OPENED:c-1, conf=-1: peers:[209e1d4e-6bc3-40d2-a53c-4015c1ab1ac0|10.1.0.5:15050, 4166fb02-ca0d-4de6-a961-378c6a3b2890|10.1.0.5:15041, 7564b097-4325-4468-ae97-837bc55d7172|10.1.0.5:15059]|listeners:[], old=null
2024-01-26 21:34:23,596 [209e1d4e-6bc3-40d2-a53c-4015c1ab1ac0@group-6AEB2531D713-LeaderElection9] INFO  grpc.GrpcConfigKeys (ConfUtils.java:logGet(46)) - raft.grpc.server.install_snapshot.request.element-limit = 8 (default)
2024-01-26 21:34:23,597 [209e1d4e-6bc3-40d2-a53c-4015c1ab1ac0@group-6AEB2531D713-LeaderElection9] INFO  grpc.GrpcConfigKeys (ConfUtils.java:logGet(46)) - raft.grpc.server.install_snapshot.request.timeout = 3000ms (default)
2024-01-26 21:34:23,597 [209e1d4e-6bc3-40d2-a53c-4015c1ab1ac0@group-6AEB2531D713-LeaderElection9] INFO  grpc.GrpcConfigKeys (ConfUtils.java:logGet(46)) - raft.grpc.server.log-message.batch.duration = 5s (default)
2024-01-26 21:34:23,597 [209e1d4e-6bc3-40d2-a53c-4015c1ab1ac0@group-6AEB2531D713-LeaderElection9] INFO  server.RaftServerConfigKeys (ConfUtils.java:logGet(46)) - raft.server.log.appender.install.snapshot.enabled = false (custom)
2024-01-26 21:34:23,597 [grpc-default-executor-5] INFO  impl.VoteContext (VoteContext.java:log(49)) - 4166fb02-ca0d-4de6-a961-378c6a3b2890@group-6AEB2531D713-FOLLOWER: accept PRE_VOTE from 209e1d4e-6bc3-40d2-a53c-4015c1ab1ac0: our priority 0 <= candidate's priority 1
2024-01-26 21:34:23,597 [209e1d4e-6bc3-40d2-a53c-4015c1ab1ac0@group-6AEB2531D713-LeaderElection9] INFO  grpc.GrpcConfigKeys (ConfUtils.java:logGet(46)) - raft.grpc.server.heartbeat.channel = true (default)
2024-01-26 21:34:23,598 [grpc-default-executor-5] INFO  server.RaftServer$Division (RaftServerImpl.java:requestVote(1422)) - 4166fb02-ca0d-4de6-a961-378c6a3b2890@group-6AEB2531D713 replies to PRE_VOTE vote request: 209e1d4e-6bc3-40d2-a53c-4015c1ab1ac0<-4166fb02-ca0d-4de6-a961-378c6a3b2890#0:OK-t1. Peer's state: 4166fb02-ca0d-4de6-a961-378c6a3b2890@group-6AEB2531D713:t1, leader=null, voted=209e1d4e-6bc3-40d2-a53c-4015c1ab1ac0, raftlog=Memoized:4166fb02-ca0d-4de6-a961-378c6a3b2890@group-6AEB2531D713-SegmentedRaftLog:OPENED:c-1, conf=-1: peers:[209e1d4e-6bc3-40d2-a53c-4015c1ab1ac0|10.1.0.5:15050, 4166fb02-ca0d-4de6-a961-378c6a3b2890|10.1.0.5:15041, 7564b097-4325-4468-ae97-837bc55d7172|10.1.0.5:15059]|listeners:[], old=null
2024-01-26 21:34:23,598 [209e1d4e-6bc3-40d2-a53c-4015c1ab1ac0@group-87764B08ED82-LeaderElection10] INFO  impl.LeaderElection (LeaderElection.java:askForVotes(323)) - 209e1d4e-6bc3-40d2-a53c-4015c1ab1ac0@group-87764B08ED82-LeaderElection10 ELECTION round 0: result PASSED (term=1)
2024-01-26 21:34:23,598 [209e1d4e-6bc3-40d2-a53c-4015c1ab1ac0@group-87764B08ED82-LeaderElection10] INFO  impl.RoleInfo (RoleInfo.java:shutdownLeaderElection(130)) - 209e1d4e-6bc3-40d2-a53c-4015c1ab1ac0: shutdown 209e1d4e-6bc3-40d2-a53c-4015c1ab1ac0@group-87764B08ED82-LeaderElection10
2024-01-26 21:34:23,598 [209e1d4e-6bc3-40d2-a53c-4015c1ab1ac0@group-87764B08ED82-LeaderElection10] INFO  server.RaftServer$Division (RaftServerImpl.java:setRole(383)) - 209e1d4e-6bc3-40d2-a53c-4015c1ab1ac0@group-87764B08ED82: changes role from CANDIDATE to LEADER at term 1 for changeToLeader
2024-01-26 21:34:23,598 [209e1d4e-6bc3-40d2-a53c-4015c1ab1ac0@group-87764B08ED82-LeaderElection10] INFO  server.RaftServerConfigKeys (ConfUtils.java:logGet(46)) - raft.server.staging.catchup.gap = 1000 (default)
2024-01-26 21:34:23,599 [209e1d4e-6bc3-40d2-a53c-4015c1ab1ac0@group-87764B08ED82-LeaderElection10] INFO  server.RaftServerConfigKeys (ConfUtils.java:logGet(46)) - raft.server.write.element-limit = 1024 (custom)
2024-01-26 21:34:23,599 [209e1d4e-6bc3-40d2-a53c-4015c1ab1ac0@group-87764B08ED82-LeaderElection10] INFO  server.RaftServerConfigKeys (ConfUtils.java:logGet(46)) - raft.server.write.byte-limit = 1024 M (=1073741824) (custom)
2024-01-26 21:34:23,601 [209e1d4e-6bc3-40d2-a53c-4015c1ab1ac0@group-6AEB2531D713-LeaderElection9] INFO  server.RaftServerConfigKeys (ConfUtils.java:logGet(46)) - raft.server.log.appender.snapshot.chunk.size.max = 16MB (=16777216) (default)
2024-01-26 21:34:23,601 [209e1d4e-6bc3-40d2-a53c-4015c1ab1ac0@group-6AEB2531D713-LeaderElection9] INFO  server.RaftServerConfigKeys (ConfUtils.java:logGet(46)) - raft.server.log.appender.buffer.byte-limit = 8388608 (custom)
2024-01-26 21:34:23,601 [209e1d4e-6bc3-40d2-a53c-4015c1ab1ac0@group-6AEB2531D713-LeaderElection9] INFO  server.RaftServerConfigKeys (ConfUtils.java:logGet(46)) - raft.server.log.appender.buffer.element-limit = 1 (custom)
2024-01-26 21:34:23,601 [209e1d4e-6bc3-40d2-a53c-4015c1ab1ac0@group-6AEB2531D713-LeaderElection9] INFO  server.RaftServerConfigKeys (ConfUtils.java:logGet(46)) - raft.server.log.appender.wait-time.min = 0μs (custom)
2024-01-26 21:34:23,601 [209e1d4e-6bc3-40d2-a53c-4015c1ab1ac0@group-6AEB2531D713-LeaderElection9] INFO  grpc.GrpcConfigKeys (ConfUtils.java:logGet(46)) - raft.grpc.server.leader.outstanding.appends.max = 8 (default)
2024-01-26 21:34:23,601 [209e1d4e-6bc3-40d2-a53c-4015c1ab1ac0@group-6AEB2531D713-LeaderElection9] INFO  server.RaftServerConfigKeys (ConfUtils.java:logGet(46)) - raft.server.rpc.request.timeout = 60s (custom)
2024-01-26 21:34:23,602 [209e1d4e-6bc3-40d2-a53c-4015c1ab1ac0@group-6AEB2531D713-LeaderElection9] INFO  grpc.GrpcConfigKeys (ConfUtils.java:logGet(46)) - raft.grpc.server.install_snapshot.request.element-limit = 8 (default)
2024-01-26 21:34:23,602 [209e1d4e-6bc3-40d2-a53c-4015c1ab1ac0@group-6AEB2531D713-LeaderElection9] INFO  grpc.GrpcConfigKeys (ConfUtils.java:logGet(46)) - raft.grpc.server.install_snapshot.request.timeout = 3000ms (default)
2024-01-26 21:34:23,602 [209e1d4e-6bc3-40d2-a53c-4015c1ab1ac0@group-6AEB2531D713-LeaderElection9] INFO  grpc.GrpcConfigKeys (ConfUtils.java:logGet(46)) - raft.grpc.server.log-message.batch.duration = 5s (default)
2024-01-26 21:34:23,602 [209e1d4e-6bc3-40d2-a53c-4015c1ab1ac0@group-6AEB2531D713-LeaderElection9] INFO  server.RaftServerConfigKeys (ConfUtils.java:logGet(46)) - raft.server.log.appender.install.snapshot.enabled = false (custom)
2024-01-26 21:34:23,602 [209e1d4e-6bc3-40d2-a53c-4015c1ab1ac0@group-6AEB2531D713-LeaderElection9] INFO  grpc.GrpcConfigKeys (ConfUtils.java:logGet(46)) - raft.grpc.server.heartbeat.channel = true (default)
2024-01-26 21:34:23,602 [209e1d4e-6bc3-40d2-a53c-4015c1ab1ac0@group-87764B08ED82-LeaderElection10] INFO  server.RaftServerConfigKeys (ConfUtils.java:logGet(46)) - raft.server.watch.timeout = 180s (custom)
2024-01-26 21:34:23,602 [209e1d4e-6bc3-40d2-a53c-4015c1ab1ac0@group-87764B08ED82-LeaderElection10] INFO  server.RaftServerConfigKeys (ConfUtils.java:logGet(46)) - raft.server.watch.timeout.denomination = 1s (default)
2024-01-26 21:34:23,602 [209e1d4e-6bc3-40d2-a53c-4015c1ab1ac0@group-87764B08ED82-LeaderElection10] INFO  server.RaftServerConfigKeys (ConfUtils.java:logGet(46)) - raft.server.watch.element-limit = 65536 (default)
2024-01-26 21:34:23,603 [209e1d4e-6bc3-40d2-a53c-4015c1ab1ac0@group-87764B08ED82-LeaderElection10] INFO  server.RaftServerConfigKeys (ConfUtils.java:logGet(46)) - raft.server.read.leader.lease.enabled = false (default)
2024-01-26 21:34:23,603 [209e1d4e-6bc3-40d2-a53c-4015c1ab1ac0@group-87764B08ED82-LeaderElection10] INFO  server.RaftServerConfigKeys (ConfUtils.java:logGet(46)) - raft.server.read.leader.lease.timeout.ratio = 0.9 (default)
2024-01-26 21:34:23,603 [209e1d4e-6bc3-40d2-a53c-4015c1ab1ac0@group-87764B08ED82-LeaderElection10] INFO  server.RaftServerConfigKeys (ConfUtils.java:logGet(46)) - raft.server.rpc.timeout.min = 5s (custom)
2024-01-26 21:34:23,603 [209e1d4e-6bc3-40d2-a53c-4015c1ab1ac0@group-87764B08ED82-LeaderElection10] INFO  server.RaftServerConfigKeys (ConfUtils.java:logGet(46)) - raft.server.write.element-limit = 1024 (custom)
2024-01-26 21:34:23,603 [209e1d4e-6bc3-40d2-a53c-4015c1ab1ac0@group-87764B08ED82-LeaderElection10] INFO  server.RaftServerConfigKeys (ConfUtils.java:logGet(46)) - raft.server.write.follower.gap.ratio.max = -1.0 (default)
2024-01-26 21:34:23,603 [209e1d4e-6bc3-40d2-a53c-4015c1ab1ac0@group-87764B08ED82-LeaderElection10] INFO  impl.RoleInfo (RoleInfo.java:updateAndGet(139)) - 209e1d4e-6bc3-40d2-a53c-4015c1ab1ac0: start 209e1d4e-6bc3-40d2-a53c-4015c1ab1ac0@group-87764B08ED82-LeaderStateImpl
2024-01-26 21:34:23,603 [209e1d4e-6bc3-40d2-a53c-4015c1ab1ac0@group-87764B08ED82-LeaderElection10] INFO  server.RaftServer$Division (RaftServerImpl.java:setFirstElection(574)) - 209e1d4e-6bc3-40d2-a53c-4015c1ab1ac0@group-87764B08ED82: set firstElectionSinceStartup to false for becomeLeader
2024-01-26 21:34:23,603 [209e1d4e-6bc3-40d2-a53c-4015c1ab1ac0@group-87764B08ED82-LeaderElection10] INFO  ratis.XceiverServerRatis (XceiverServerRatis.java:handleLeaderChangedNotification(945)) - Leader change notification received for group: group-87764B08ED82 with new leaderId: 209e1d4e-6bc3-40d2-a53c-4015c1ab1ac0
2024-01-26 21:34:23,603 [209e1d4e-6bc3-40d2-a53c-4015c1ab1ac0@group-87764B08ED82-LeaderElection10] INFO  server.RaftServer$Division (ServerState.java:setLeader(269)) - 209e1d4e-6bc3-40d2-a53c-4015c1ab1ac0@group-87764B08ED82: change Leader from null to 209e1d4e-6bc3-40d2-a53c-4015c1ab1ac0 at term 1 for becomeLeader, leader elected after 5261ms
2024-01-26 21:34:23,603 [209e1d4e-6bc3-40d2-a53c-4015c1ab1ac0@group-87764B08ED82-LeaderElection10] INFO  segmented.SegmentedRaftLogWorker (SegmentedRaftLogWorker.java:startLogSegment(430)) - 209e1d4e-6bc3-40d2-a53c-4015c1ab1ac0@group-87764B08ED82-SegmentedRaftLogWorker: Starting segment from index:0
2024-01-26 21:34:23,603 [209e1d4e-6bc3-40d2-a53c-4015c1ab1ac0@group-6AEB2531D713-LeaderElection9] INFO  impl.RoleInfo (RoleInfo.java:updateAndGet(139)) - 209e1d4e-6bc3-40d2-a53c-4015c1ab1ac0: start 209e1d4e-6bc3-40d2-a53c-4015c1ab1ac0@group-6AEB2531D713-LeaderStateImpl
2024-01-26 21:34:23,604 [209e1d4e-6bc3-40d2-a53c-4015c1ab1ac0@group-6AEB2531D713-LeaderElection9] INFO  server.RaftServer$Division (RaftServerImpl.java:setFirstElection(574)) - 209e1d4e-6bc3-40d2-a53c-4015c1ab1ac0@group-6AEB2531D713: set firstElectionSinceStartup to false for becomeLeader
2024-01-26 21:34:23,604 [209e1d4e-6bc3-40d2-a53c-4015c1ab1ac0@group-6AEB2531D713-LeaderElection9] INFO  ratis.XceiverServerRatis (XceiverServerRatis.java:handleLeaderChangedNotification(945)) - Leader change notification received for group: group-6AEB2531D713 with new leaderId: 209e1d4e-6bc3-40d2-a53c-4015c1ab1ac0
2024-01-26 21:34:23,604 [209e1d4e-6bc3-40d2-a53c-4015c1ab1ac0@group-6AEB2531D713-LeaderElection9] INFO  server.RaftServer$Division (ServerState.java:setLeader(269)) - 209e1d4e-6bc3-40d2-a53c-4015c1ab1ac0@group-6AEB2531D713: change Leader from null to 209e1d4e-6bc3-40d2-a53c-4015c1ab1ac0 at term 1 for becomeLeader, leader elected after 5195ms
2024-01-26 21:34:23,604 [209e1d4e-6bc3-40d2-a53c-4015c1ab1ac0@group-87764B08ED82-SegmentedRaftLogWorker] INFO  segmented.BufferedWriteChannel (BufferedWriteChannel.java:open(62)) - open log_inprogress_0 at position 0
2024-01-26 21:34:23,608 [209e1d4e-6bc3-40d2-a53c-4015c1ab1ac0@group-6AEB2531D713-LeaderElection9] INFO  segmented.SegmentedRaftLogWorker (SegmentedRaftLogWorker.java:startLogSegment(430)) - 209e1d4e-6bc3-40d2-a53c-4015c1ab1ac0@group-6AEB2531D713-SegmentedRaftLogWorker: Starting segment from index:0
2024-01-26 21:34:23,609 [EventQueue-PipelineReportForPipelineReportHandler] INFO  pipeline.PipelineReportHandler (PipelineReportHandler.java:processPipelineReport(136)) - Opened pipeline PipelineID=e8f02a36-9888-42d8-bc87-6aeb2531d713
2024-01-26 21:34:23,609 [209e1d4e-6bc3-40d2-a53c-4015c1ab1ac0@group-6AEB2531D713-SegmentedRaftLogWorker] INFO  segmented.BufferedWriteChannel (BufferedWriteChannel.java:open(62)) - open log_inprogress_0 at position 0
2024-01-26 21:34:23,617 [209e1d4e-6bc3-40d2-a53c-4015c1ab1ac0@group-6AEB2531D713-SegmentedRaftLogWorker] INFO  segmented.SegmentedRaftLogWorker (SegmentedRaftLogWorker.java:execute(634)) - 209e1d4e-6bc3-40d2-a53c-4015c1ab1ac0@group-6AEB2531D713-SegmentedRaftLogWorker: created new log segment /home/runner/work/ozone/ozone/hadoop-ozone/integration-test/target/test-dir/MiniOzoneClusterImpl-1af845c4-9ad0-4304-ad21-7f4426eccdbd/datanode-4/data/ratis/e8f02a36-9888-42d8-bc87-6aeb2531d713/current/log_inprogress_0
2024-01-26 21:34:23,617 [209e1d4e-6bc3-40d2-a53c-4015c1ab1ac0@group-87764B08ED82-SegmentedRaftLogWorker] INFO  segmented.SegmentedRaftLogWorker (SegmentedRaftLogWorker.java:execute(634)) - 209e1d4e-6bc3-40d2-a53c-4015c1ab1ac0@group-87764B08ED82-SegmentedRaftLogWorker: created new log segment /home/runner/work/ozone/ozone/hadoop-ozone/integration-test/target/test-dir/MiniOzoneClusterImpl-1af845c4-9ad0-4304-ad21-7f4426eccdbd/datanode-4/data/ratis/161c742c-fe81-4030-83f8-87764b08ed82/current/log_inprogress_0
2024-01-26 21:34:23,624 [209e1d4e-6bc3-40d2-a53c-4015c1ab1ac0@group-6AEB2531D713-LeaderElection9] INFO  server.RaftServer$Division (ServerState.java:setRaftConf(386)) - 209e1d4e-6bc3-40d2-a53c-4015c1ab1ac0@group-6AEB2531D713: set configuration 0: peers:[209e1d4e-6bc3-40d2-a53c-4015c1ab1ac0|10.1.0.5:15050, 4166fb02-ca0d-4de6-a961-378c6a3b2890|10.1.0.5:15041, 7564b097-4325-4468-ae97-837bc55d7172|10.1.0.5:15059]|listeners:[], old=null
2024-01-26 21:34:23,624 [209e1d4e-6bc3-40d2-a53c-4015c1ab1ac0@group-87764B08ED82-LeaderElection10] INFO  server.RaftServer$Division (ServerState.java:setRaftConf(386)) - 209e1d4e-6bc3-40d2-a53c-4015c1ab1ac0@group-87764B08ED82: set configuration 0: peers:[209e1d4e-6bc3-40d2-a53c-4015c1ab1ac0|10.1.0.5:15050]|listeners:[], old=null
2024-01-26 21:34:23,646 [7564b097-4325-4468-ae97-837bc55d7172-server-thread1] INFO  ratis.XceiverServerRatis (XceiverServerRatis.java:handleLeaderChangedNotification(945)) - Leader change notification received for group: group-6AEB2531D713 with new leaderId: 209e1d4e-6bc3-40d2-a53c-4015c1ab1ac0
2024-01-26 21:34:23,646 [7564b097-4325-4468-ae97-837bc55d7172-server-thread1] INFO  server.RaftServer$Division (ServerState.java:setLeader(269)) - 7564b097-4325-4468-ae97-837bc55d7172@group-6AEB2531D713: change Leader from null to 209e1d4e-6bc3-40d2-a53c-4015c1ab1ac0 at term 1 for appendEntries, leader elected after 5212ms
2024-01-26 21:34:23,653 [209e1d4e-6bc3-40d2-a53c-4015c1ab1ac0@group-87764B08ED82-StateMachineUpdater] INFO  server.RaftServer$Division (LeaderStateImpl.java:isApplied(320)) - leader is ready since appliedIndex == 0 >= startIndex == 0
2024-01-26 21:34:23,663 [4166fb02-ca0d-4de6-a961-378c6a3b2890-server-thread1] INFO  ratis.XceiverServerRatis (XceiverServerRatis.java:handleLeaderChangedNotification(945)) - Leader change notification received for group: group-6AEB2531D713 with new leaderId: 209e1d4e-6bc3-40d2-a53c-4015c1ab1ac0
2024-01-26 21:34:23,663 [4166fb02-ca0d-4de6-a961-378c6a3b2890-server-thread1] INFO  server.RaftServer$Division (ServerState.java:setLeader(269)) - 4166fb02-ca0d-4de6-a961-378c6a3b2890@group-6AEB2531D713: change Leader from null to 209e1d4e-6bc3-40d2-a53c-4015c1ab1ac0 at term 1 for appendEntries, leader elected after 5452ms
2024-01-26 21:34:23,675 [4166fb02-ca0d-4de6-a961-378c6a3b2890-server-thread2] INFO  server.RaftServer$Division (ServerState.java:setRaftConf(386)) - 4166fb02-ca0d-4de6-a961-378c6a3b2890@group-6AEB2531D713: set configuration 0: peers:[209e1d4e-6bc3-40d2-a53c-4015c1ab1ac0|10.1.0.5:15050, 4166fb02-ca0d-4de6-a961-378c6a3b2890|10.1.0.5:15041, 7564b097-4325-4468-ae97-837bc55d7172|10.1.0.5:15059]|listeners:[], old=null
2024-01-26 21:34:23,676 [4166fb02-ca0d-4de6-a961-378c6a3b2890-server-thread2] INFO  segmented.SegmentedRaftLogWorker (SegmentedRaftLogWorker.java:startLogSegment(430)) - 4166fb02-ca0d-4de6-a961-378c6a3b2890@group-6AEB2531D713-SegmentedRaftLogWorker: Starting segment from index:0
2024-01-26 21:34:23,678 [4166fb02-ca0d-4de6-a961-378c6a3b2890@group-6AEB2531D713-SegmentedRaftLogWorker] INFO  segmented.BufferedWriteChannel (BufferedWriteChannel.java:open(62)) - open log_inprogress_0 at position 0
2024-01-26 21:34:23,676 [7564b097-4325-4468-ae97-837bc55d7172-server-thread2] INFO  server.RaftServer$Division (ServerState.java:setRaftConf(386)) - 7564b097-4325-4468-ae97-837bc55d7172@group-6AEB2531D713: set configuration 0: peers:[209e1d4e-6bc3-40d2-a53c-4015c1ab1ac0|10.1.0.5:15050, 4166fb02-ca0d-4de6-a961-378c6a3b2890|10.1.0.5:15041, 7564b097-4325-4468-ae97-837bc55d7172|10.1.0.5:15059]|listeners:[], old=null
2024-01-26 21:34:23,682 [7564b097-4325-4468-ae97-837bc55d7172-server-thread2] INFO  segmented.SegmentedRaftLogWorker (SegmentedRaftLogWorker.java:startLogSegment(430)) - 7564b097-4325-4468-ae97-837bc55d7172@group-6AEB2531D713-SegmentedRaftLogWorker: Starting segment from index:0
2024-01-26 21:34:23,682 [7564b097-4325-4468-ae97-837bc55d7172@group-5280781F6CFD-FollowerState] INFO  impl.FollowerState (FollowerState.java:run(143)) - 7564b097-4325-4468-ae97-837bc55d7172@group-5280781F6CFD-FollowerState: change to CANDIDATE, lastRpcElapsedTime:5123887327ns, electionTimeout:5115ms
2024-01-26 21:34:23,682 [7564b097-4325-4468-ae97-837bc55d7172@group-5280781F6CFD-FollowerState] INFO  impl.RoleInfo (RoleInfo.java:shutdownFollowerState(110)) - 7564b097-4325-4468-ae97-837bc55d7172: shutdown 7564b097-4325-4468-ae97-837bc55d7172@group-5280781F6CFD-FollowerState
2024-01-26 21:34:23,682 [7564b097-4325-4468-ae97-837bc55d7172@group-5280781F6CFD-FollowerState] INFO  server.RaftServer$Division (RaftServerImpl.java:setRole(383)) - 7564b097-4325-4468-ae97-837bc55d7172@group-5280781F6CFD: changes role from  FOLLOWER to CANDIDATE at term 0 for changeToCandidate
2024-01-26 21:34:23,682 [7564b097-4325-4468-ae97-837bc55d7172@group-6AEB2531D713-SegmentedRaftLogWorker] INFO  segmented.BufferedWriteChannel (BufferedWriteChannel.java:open(62)) - open log_inprogress_0 at position 0
2024-01-26 21:34:23,682 [7564b097-4325-4468-ae97-837bc55d7172@group-5280781F6CFD-FollowerState] INFO  server.RaftServerConfigKeys (ConfUtils.java:logGet(46)) - raft.server.leaderelection.pre-vote = true (default)
2024-01-26 21:34:23,683 [7564b097-4325-4468-ae97-837bc55d7172@group-5280781F6CFD-FollowerState] INFO  impl.RoleInfo (RoleInfo.java:updateAndGet(139)) - 7564b097-4325-4468-ae97-837bc55d7172: start 7564b097-4325-4468-ae97-837bc55d7172@group-5280781F6CFD-LeaderElection11
2024-01-26 21:34:23,689 [7564b097-4325-4468-ae97-837bc55d7172@group-5280781F6CFD-LeaderElection11] INFO  impl.LeaderElection (LeaderElection.java:askForVotes(321)) - 7564b097-4325-4468-ae97-837bc55d7172@group-5280781F6CFD-LeaderElection11 PRE_VOTE round 0: submit vote requests at term 0 for -1: peers:[7564b097-4325-4468-ae97-837bc55d7172|10.1.0.5:15059]|listeners:[], old=null
2024-01-26 21:34:23,690 [4166fb02-ca0d-4de6-a961-378c6a3b2890@group-6AEB2531D713-SegmentedRaftLogWorker] INFO  segmented.SegmentedRaftLogWorker (SegmentedRaftLogWorker.java:execute(634)) - 4166fb02-ca0d-4de6-a961-378c6a3b2890@group-6AEB2531D713-SegmentedRaftLogWorker: created new log segment /home/runner/work/ozone/ozone/hadoop-ozone/integration-test/target/test-dir/MiniOzoneClusterImpl-1af845c4-9ad0-4304-ad21-7f4426eccdbd/datanode-3/data/ratis/e8f02a36-9888-42d8-bc87-6aeb2531d713/current/log_inprogress_0
2024-01-26 21:34:23,690 [7564b097-4325-4468-ae97-837bc55d7172@group-5280781F6CFD-LeaderElection11] INFO  impl.LeaderElection (LeaderElection.java:askForVotes(323)) - 7564b097-4325-4468-ae97-837bc55d7172@group-5280781F6CFD-LeaderElection11 PRE_VOTE round 0: result PASSED (term=0)
2024-01-26 21:34:23,692 [7564b097-4325-4468-ae97-837bc55d7172@group-6AEB2531D713-SegmentedRaftLogWorker] INFO  segmented.SegmentedRaftLogWorker (SegmentedRaftLogWorker.java:execute(634)) - 7564b097-4325-4468-ae97-837bc55d7172@group-6AEB2531D713-SegmentedRaftLogWorker: created new log segment /home/runner/work/ozone/ozone/hadoop-ozone/integration-test/target/test-dir/MiniOzoneClusterImpl-1af845c4-9ad0-4304-ad21-7f4426eccdbd/datanode-5/data/ratis/e8f02a36-9888-42d8-bc87-6aeb2531d713/current/log_inprogress_0
2024-01-26 21:34:23,694 [209e1d4e-6bc3-40d2-a53c-4015c1ab1ac0@group-6AEB2531D713-StateMachineUpdater] INFO  server.RaftServer$Division (LeaderStateImpl.java:isApplied(320)) - leader is ready since appliedIndex == 0 >= startIndex == 0
2024-01-26 21:34:23,699 [7564b097-4325-4468-ae97-837bc55d7172@group-5280781F6CFD-LeaderElection11] INFO  impl.LeaderElection (LeaderElection.java:askForVotes(321)) - 7564b097-4325-4468-ae97-837bc55d7172@group-5280781F6CFD-LeaderElection11 ELECTION round 0: submit vote requests at term 1 for -1: peers:[7564b097-4325-4468-ae97-837bc55d7172|10.1.0.5:15059]|listeners:[], old=null
2024-01-26 21:34:23,699 [7564b097-4325-4468-ae97-837bc55d7172@group-5280781F6CFD-LeaderElection11] INFO  impl.LeaderElection (LeaderElection.java:askForVotes(323)) - 7564b097-4325-4468-ae97-837bc55d7172@group-5280781F6CFD-LeaderElection11 ELECTION round 0: result PASSED (term=1)
2024-01-26 21:34:23,699 [7564b097-4325-4468-ae97-837bc55d7172@group-5280781F6CFD-LeaderElection11] INFO  impl.RoleInfo (RoleInfo.java:shutdownLeaderElection(130)) - 7564b097-4325-4468-ae97-837bc55d7172: shutdown 7564b097-4325-4468-ae97-837bc55d7172@group-5280781F6CFD-LeaderElection11
2024-01-26 21:34:23,700 [7564b097-4325-4468-ae97-837bc55d7172@group-5280781F6CFD-LeaderElection11] INFO  server.RaftServer$Division (RaftServerImpl.java:setRole(383)) - 7564b097-4325-4468-ae97-837bc55d7172@group-5280781F6CFD: changes role from CANDIDATE to LEADER at term 1 for changeToLeader
2024-01-26 21:34:23,700 [7564b097-4325-4468-ae97-837bc55d7172@group-5280781F6CFD-LeaderElection11] INFO  server.RaftServerConfigKeys (ConfUtils.java:logGet(46)) - raft.server.staging.catchup.gap = 1000 (default)
2024-01-26 21:34:23,701 [7564b097-4325-4468-ae97-837bc55d7172@group-5280781F6CFD-LeaderElection11] INFO  server.RaftServerConfigKeys (ConfUtils.java:logGet(46)) - raft.server.write.element-limit = 1024 (custom)
2024-01-26 21:34:23,701 [7564b097-4325-4468-ae97-837bc55d7172@group-5280781F6CFD-LeaderElection11] INFO  server.RaftServerConfigKeys (ConfUtils.java:logGet(46)) - raft.server.write.byte-limit = 1024 M (=1073741824) (custom)
2024-01-26 21:34:23,701 [7564b097-4325-4468-ae97-837bc55d7172@group-5280781F6CFD-LeaderElection11] INFO  server.RaftServerConfigKeys (ConfUtils.java:logGet(46)) - raft.server.watch.timeout = 180s (custom)
2024-01-26 21:34:23,702 [7564b097-4325-4468-ae97-837bc55d7172@group-5280781F6CFD-LeaderElection11] INFO  server.RaftServerConfigKeys (ConfUtils.java:logGet(46)) - raft.server.watch.timeout.denomination = 1s (default)
2024-01-26 21:34:23,702 [7564b097-4325-4468-ae97-837bc55d7172@group-5280781F6CFD-LeaderElection11] INFO  server.RaftServerConfigKeys (ConfUtils.java:logGet(46)) - raft.server.watch.element-limit = 65536 (default)
2024-01-26 21:34:23,702 [7564b097-4325-4468-ae97-837bc55d7172@group-5280781F6CFD-LeaderElection11] INFO  server.RaftServerConfigKeys (ConfUtils.java:logGet(46)) - raft.server.read.leader.lease.enabled = false (default)
2024-01-26 21:34:23,703 [7564b097-4325-4468-ae97-837bc55d7172@group-5280781F6CFD-LeaderElection11] INFO  server.RaftServerConfigKeys (ConfUtils.java:logGet(46)) - raft.server.read.leader.lease.timeout.ratio = 0.9 (default)
2024-01-26 21:34:23,704 [7564b097-4325-4468-ae97-837bc55d7172@group-5280781F6CFD-LeaderElection11] INFO  server.RaftServerConfigKeys (ConfUtils.java:logGet(46)) - raft.server.rpc.timeout.min = 5s (custom)
2024-01-26 21:34:23,704 [7564b097-4325-4468-ae97-837bc55d7172@group-5280781F6CFD-LeaderElection11] INFO  server.RaftServerConfigKeys (ConfUtils.java:logGet(46)) - raft.server.write.element-limit = 1024 (custom)
2024-01-26 21:34:23,704 [7564b097-4325-4468-ae97-837bc55d7172@group-5280781F6CFD-LeaderElection11] INFO  server.RaftServerConfigKeys (ConfUtils.java:logGet(46)) - raft.server.write.follower.gap.ratio.max = -1.0 (default)
2024-01-26 21:34:23,705 [7564b097-4325-4468-ae97-837bc55d7172@group-5280781F6CFD-LeaderElection11] INFO  impl.RoleInfo (RoleInfo.java:updateAndGet(139)) - 7564b097-4325-4468-ae97-837bc55d7172: start 7564b097-4325-4468-ae97-837bc55d7172@group-5280781F6CFD-LeaderStateImpl
2024-01-26 21:34:23,705 [7564b097-4325-4468-ae97-837bc55d7172@group-5280781F6CFD-LeaderElection11] INFO  server.RaftServer$Division (RaftServerImpl.java:setFirstElection(574)) - 7564b097-4325-4468-ae97-837bc55d7172@group-5280781F6CFD: set firstElectionSinceStartup to false for becomeLeader
2024-01-26 21:34:23,705 [7564b097-4325-4468-ae97-837bc55d7172@group-5280781F6CFD-LeaderElection11] INFO  ratis.XceiverServerRatis (XceiverServerRatis.java:handleLeaderChangedNotification(945)) - Leader change notification received for group: group-5280781F6CFD with new leaderId: 7564b097-4325-4468-ae97-837bc55d7172
2024-01-26 21:34:23,706 [7564b097-4325-4468-ae97-837bc55d7172@group-5280781F6CFD-LeaderElection11] INFO  server.RaftServer$Division (ServerState.java:setLeader(269)) - 7564b097-4325-4468-ae97-837bc55d7172@group-5280781F6CFD: change Leader from null to 7564b097-4325-4468-ae97-837bc55d7172 at term 1 for becomeLeader, leader elected after 5241ms
2024-01-26 21:34:23,706 [7564b097-4325-4468-ae97-837bc55d7172@group-5280781F6CFD-LeaderElection11] INFO  segmented.SegmentedRaftLogWorker (SegmentedRaftLogWorker.java:startLogSegment(430)) - 7564b097-4325-4468-ae97-837bc55d7172@group-5280781F6CFD-SegmentedRaftLogWorker: Starting segment from index:0
2024-01-26 21:34:23,709 [7564b097-4325-4468-ae97-837bc55d7172@group-5280781F6CFD-LeaderElection11] INFO  server.RaftServer$Division (ServerState.java:setRaftConf(386)) - 7564b097-4325-4468-ae97-837bc55d7172@group-5280781F6CFD: set configuration 0: peers:[7564b097-4325-4468-ae97-837bc55d7172|10.1.0.5:15059]|listeners:[], old=null
2024-01-26 21:34:23,710 [7564b097-4325-4468-ae97-837bc55d7172@group-5280781F6CFD-SegmentedRaftLogWorker] INFO  segmented.BufferedWriteChannel (BufferedWriteChannel.java:open(62)) - open log_inprogress_0 at position 0
2024-01-26 21:34:23,719 [7564b097-4325-4468-ae97-837bc55d7172@group-5280781F6CFD-SegmentedRaftLogWorker] INFO  segmented.SegmentedRaftLogWorker (SegmentedRaftLogWorker.java:execute(634)) - 7564b097-4325-4468-ae97-837bc55d7172@group-5280781F6CFD-SegmentedRaftLogWorker: created new log segment /home/runner/work/ozone/ozone/hadoop-ozone/integration-test/target/test-dir/MiniOzoneClusterImpl-1af845c4-9ad0-4304-ad21-7f4426eccdbd/datanode-5/data/ratis/a1d9d27d-bd37-488a-9cca-5280781f6cfd/current/log_inprogress_0
2024-01-26 21:34:23,721 [7564b097-4325-4468-ae97-837bc55d7172@group-5280781F6CFD-StateMachineUpdater] INFO  server.RaftServer$Division (LeaderStateImpl.java:isApplied(320)) - leader is ready since appliedIndex == 0 >= startIndex == 0
2024-01-26 21:34:23,780 [7564b097-4325-4468-ae97-837bc55d7172@group-0160BF9DF5E3-FollowerState] INFO  impl.FollowerState (FollowerState.java:run(143)) - 7564b097-4325-4468-ae97-837bc55d7172@group-0160BF9DF5E3-FollowerState: change to CANDIDATE, lastRpcElapsedTime:5137302119ns, electionTimeout:5131ms
2024-01-26 21:34:23,780 [7564b097-4325-4468-ae97-837bc55d7172@group-0160BF9DF5E3-FollowerState] INFO  impl.RoleInfo (RoleInfo.java:shutdownFollowerState(110)) - 7564b097-4325-4468-ae97-837bc55d7172: shutdown 7564b097-4325-4468-ae97-837bc55d7172@group-0160BF9DF5E3-FollowerState
2024-01-26 21:34:23,780 [7564b097-4325-4468-ae97-837bc55d7172@group-0160BF9DF5E3-FollowerState] INFO  server.RaftServer$Division (RaftServerImpl.java:setRole(383)) - 7564b097-4325-4468-ae97-837bc55d7172@group-0160BF9DF5E3: changes role from  FOLLOWER to CANDIDATE at term 0 for changeToCandidate
2024-01-26 21:34:23,780 [7564b097-4325-4468-ae97-837bc55d7172@group-0160BF9DF5E3-FollowerState] INFO  server.RaftServerConfigKeys (ConfUtils.java:logGet(46)) - raft.server.leaderelection.pre-vote = true (default)
2024-01-26 21:34:23,780 [7564b097-4325-4468-ae97-837bc55d7172@group-0160BF9DF5E3-FollowerState] INFO  impl.RoleInfo (RoleInfo.java:updateAndGet(139)) - 7564b097-4325-4468-ae97-837bc55d7172: start 7564b097-4325-4468-ae97-837bc55d7172@group-0160BF9DF5E3-LeaderElection12
2024-01-26 21:34:23,783 [7564b097-4325-4468-ae97-837bc55d7172@group-0160BF9DF5E3-LeaderElection12] INFO  impl.LeaderElection (LeaderElection.java:askForVotes(321)) - 7564b097-4325-4468-ae97-837bc55d7172@group-0160BF9DF5E3-LeaderElection12 PRE_VOTE round 0: submit vote requests at term 0 for -1: peers:[209e1d4e-6bc3-40d2-a53c-4015c1ab1ac0|10.1.0.5:15050, 4166fb02-ca0d-4de6-a961-378c6a3b2890|10.1.0.5:15041, 7564b097-4325-4468-ae97-837bc55d7172|10.1.0.5:15059]|listeners:[], old=null
2024-01-26 21:34:23,784 [7564b097-4325-4468-ae97-837bc55d7172@group-0160BF9DF5E3-LeaderElection12-1] INFO  server.GrpcServerProtocolClient (GrpcServerProtocolClient.java:<init>(65)) - Build channel for 209e1d4e-6bc3-40d2-a53c-4015c1ab1ac0|10.1.0.5:15050
2024-01-26 21:34:23,784 [7564b097-4325-4468-ae97-837bc55d7172@group-0160BF9DF5E3-LeaderElection12-2] INFO  server.GrpcServerProtocolClient (GrpcServerProtocolClient.java:<init>(65)) - Build channel for 4166fb02-ca0d-4de6-a961-378c6a3b2890|10.1.0.5:15041
2024-01-26 21:34:23,784 [7564b097-4325-4468-ae97-837bc55d7172@group-0160BF9DF5E3-LeaderElection12] INFO  server.RaftServerConfigKeys (ConfUtils.java:logFallback(53)) - raft.server.rpc.first-election.timeout.min = 5s (fallback to raft.server.rpc.timeout.min)
2024-01-26 21:34:23,784 [7564b097-4325-4468-ae97-837bc55d7172@group-0160BF9DF5E3-LeaderElection12] INFO  server.RaftServerConfigKeys (ConfUtils.java:logFallback(53)) - raft.server.rpc.first-election.timeout.max = 5200ms (fallback to raft.server.rpc.timeout.max)
2024-01-26 21:34:23,786 [615e0ce5-d68a-4764-9dce-a037122bf2b4@group-C988C0F88CBB-FollowerState] INFO  impl.FollowerState (FollowerState.java:run(143)) - 615e0ce5-d68a-4764-9dce-a037122bf2b4@group-C988C0F88CBB-FollowerState: change to CANDIDATE, lastRpcElapsedTime:5063580176ns, electionTimeout:5057ms
2024-01-26 21:34:23,786 [615e0ce5-d68a-4764-9dce-a037122bf2b4@group-C988C0F88CBB-FollowerState] INFO  impl.RoleInfo (RoleInfo.java:shutdownFollowerState(110)) - 615e0ce5-d68a-4764-9dce-a037122bf2b4: shutdown 615e0ce5-d68a-4764-9dce-a037122bf2b4@group-C988C0F88CBB-FollowerState
2024-01-26 21:34:23,786 [615e0ce5-d68a-4764-9dce-a037122bf2b4@group-C988C0F88CBB-FollowerState] INFO  server.RaftServer$Division (RaftServerImpl.java:setRole(383)) - 615e0ce5-d68a-4764-9dce-a037122bf2b4@group-C988C0F88CBB: changes role from  FOLLOWER to CANDIDATE at term 0 for changeToCandidate
2024-01-26 21:34:23,786 [615e0ce5-d68a-4764-9dce-a037122bf2b4@group-C988C0F88CBB-FollowerState] INFO  server.RaftServerConfigKeys (ConfUtils.java:logGet(46)) - raft.server.leaderelection.pre-vote = true (default)
2024-01-26 21:34:23,786 [615e0ce5-d68a-4764-9dce-a037122bf2b4@group-C988C0F88CBB-FollowerState] INFO  impl.RoleInfo (RoleInfo.java:updateAndGet(139)) - 615e0ce5-d68a-4764-9dce-a037122bf2b4: start 615e0ce5-d68a-4764-9dce-a037122bf2b4@group-C988C0F88CBB-LeaderElection13
2024-01-26 21:34:23,791 [615e0ce5-d68a-4764-9dce-a037122bf2b4@group-C988C0F88CBB-LeaderElection13] INFO  impl.LeaderElection (LeaderElection.java:askForVotes(321)) - 615e0ce5-d68a-4764-9dce-a037122bf2b4@group-C988C0F88CBB-LeaderElection13 PRE_VOTE round 0: submit vote requests at term 0 for -1: peers:[615e0ce5-d68a-4764-9dce-a037122bf2b4|10.1.0.5:15068]|listeners:[], old=null
2024-01-26 21:34:23,792 [615e0ce5-d68a-4764-9dce-a037122bf2b4@group-C988C0F88CBB-LeaderElection13] INFO  impl.LeaderElection (LeaderElection.java:askForVotes(323)) - 615e0ce5-d68a-4764-9dce-a037122bf2b4@group-C988C0F88CBB-LeaderElection13 PRE_VOTE round 0: result PASSED (term=0)
2024-01-26 21:34:23,793 [615e0ce5-d68a-4764-9dce-a037122bf2b4@group-C988C0F88CBB-LeaderElection13] INFO  impl.LeaderElection (LeaderElection.java:askForVotes(321)) - 615e0ce5-d68a-4764-9dce-a037122bf2b4@group-C988C0F88CBB-LeaderElection13 ELECTION round 0: submit vote requests at term 1 for -1: peers:[615e0ce5-d68a-4764-9dce-a037122bf2b4|10.1.0.5:15068]|listeners:[], old=null
2024-01-26 21:34:23,793 [615e0ce5-d68a-4764-9dce-a037122bf2b4@group-C988C0F88CBB-LeaderElection13] INFO  impl.LeaderElection (LeaderElection.java:askForVotes(323)) - 615e0ce5-d68a-4764-9dce-a037122bf2b4@group-C988C0F88CBB-LeaderElection13 ELECTION round 0: result PASSED (term=1)
2024-01-26 21:34:23,794 [615e0ce5-d68a-4764-9dce-a037122bf2b4@group-C988C0F88CBB-LeaderElection13] INFO  impl.RoleInfo (RoleInfo.java:shutdownLeaderElection(130)) - 615e0ce5-d68a-4764-9dce-a037122bf2b4: shutdown 615e0ce5-d68a-4764-9dce-a037122bf2b4@group-C988C0F88CBB-LeaderElection13
2024-01-26 21:34:23,794 [615e0ce5-d68a-4764-9dce-a037122bf2b4@group-C988C0F88CBB-LeaderElection13] INFO  server.RaftServer$Division (RaftServerImpl.java:setRole(383)) - 615e0ce5-d68a-4764-9dce-a037122bf2b4@group-C988C0F88CBB: changes role from CANDIDATE to LEADER at term 1 for changeToLeader
2024-01-26 21:34:23,794 [615e0ce5-d68a-4764-9dce-a037122bf2b4@group-C988C0F88CBB-LeaderElection13] INFO  server.RaftServerConfigKeys (ConfUtils.java:logGet(46)) - raft.server.staging.catchup.gap = 1000 (default)
2024-01-26 21:34:23,794 [615e0ce5-d68a-4764-9dce-a037122bf2b4@group-C988C0F88CBB-LeaderElection13] INFO  server.RaftServerConfigKeys (ConfUtils.java:logGet(46)) - raft.server.write.element-limit = 1024 (custom)
2024-01-26 21:34:23,794 [615e0ce5-d68a-4764-9dce-a037122bf2b4@group-C988C0F88CBB-LeaderElection13] INFO  server.RaftServerConfigKeys (ConfUtils.java:logGet(46)) - raft.server.write.byte-limit = 1024 M (=1073741824) (custom)
2024-01-26 21:34:23,794 [grpc-default-executor-3] INFO  server.RaftServer$Division (RaftServerImpl.java:requestVote(1389)) - 209e1d4e-6bc3-40d2-a53c-4015c1ab1ac0@group-0160BF9DF5E3: receive requestVote(PRE_VOTE, 7564b097-4325-4468-ae97-837bc55d7172, group-0160BF9DF5E3, 0, (t:0, i:0))
2024-01-26 21:34:23,794 [615e0ce5-d68a-4764-9dce-a037122bf2b4@group-C988C0F88CBB-LeaderElection13] INFO  server.RaftServerConfigKeys (ConfUtils.java:logGet(46)) - raft.server.watch.timeout = 180s (custom)
2024-01-26 21:34:23,794 [grpc-default-executor-3] INFO  impl.VoteContext (VoteContext.java:log(49)) - 209e1d4e-6bc3-40d2-a53c-4015c1ab1ac0@group-0160BF9DF5E3-FOLLOWER: accept PRE_VOTE from 7564b097-4325-4468-ae97-837bc55d7172: our priority 0 <= candidate's priority 0
2024-01-26 21:34:23,794 [615e0ce5-d68a-4764-9dce-a037122bf2b4@group-C988C0F88CBB-LeaderElection13] INFO  server.RaftServerConfigKeys (ConfUtils.java:logGet(46)) - raft.server.watch.timeout.denomination = 1s (default)
2024-01-26 21:34:23,795 [grpc-default-executor-3] INFO  server.RaftServer$Division (RaftServerImpl.java:requestVote(1422)) - 209e1d4e-6bc3-40d2-a53c-4015c1ab1ac0@group-0160BF9DF5E3 replies to PRE_VOTE vote request: 7564b097-4325-4468-ae97-837bc55d7172<-209e1d4e-6bc3-40d2-a53c-4015c1ab1ac0#0:OK-t0. Peer's state: 209e1d4e-6bc3-40d2-a53c-4015c1ab1ac0@group-0160BF9DF5E3:t0, leader=null, voted=, raftlog=Memoized:209e1d4e-6bc3-40d2-a53c-4015c1ab1ac0@group-0160BF9DF5E3-SegmentedRaftLog:OPENED:c-1, conf=-1: peers:[209e1d4e-6bc3-40d2-a53c-4015c1ab1ac0|10.1.0.5:15050, 4166fb02-ca0d-4de6-a961-378c6a3b2890|10.1.0.5:15041, 7564b097-4325-4468-ae97-837bc55d7172|10.1.0.5:15059]|listeners:[], old=null
2024-01-26 21:34:23,795 [615e0ce5-d68a-4764-9dce-a037122bf2b4@group-C988C0F88CBB-LeaderElection13] INFO  server.RaftServerConfigKeys (ConfUtils.java:logGet(46)) - raft.server.watch.element-limit = 65536 (default)
2024-01-26 21:34:23,795 [615e0ce5-d68a-4764-9dce-a037122bf2b4@group-C988C0F88CBB-LeaderElection13] INFO  server.RaftServerConfigKeys (ConfUtils.java:logGet(46)) - raft.server.read.leader.lease.enabled = false (default)
2024-01-26 21:34:23,795 [615e0ce5-d68a-4764-9dce-a037122bf2b4@group-C988C0F88CBB-LeaderElection13] INFO  server.RaftServerConfigKeys (ConfUtils.java:logGet(46)) - raft.server.read.leader.lease.timeout.ratio = 0.9 (default)
2024-01-26 21:34:23,795 [615e0ce5-d68a-4764-9dce-a037122bf2b4@group-C988C0F88CBB-LeaderElection13] INFO  server.RaftServerConfigKeys (ConfUtils.java:logGet(46)) - raft.server.rpc.timeout.min = 5s (custom)
2024-01-26 21:34:23,795 [615e0ce5-d68a-4764-9dce-a037122bf2b4@group-C988C0F88CBB-LeaderElection13] INFO  server.RaftServerConfigKeys (ConfUtils.java:logGet(46)) - raft.server.write.element-limit = 1024 (custom)
2024-01-26 21:34:23,795 [615e0ce5-d68a-4764-9dce-a037122bf2b4@group-C988C0F88CBB-LeaderElection13] INFO  server.RaftServerConfigKeys (ConfUtils.java:logGet(46)) - raft.server.write.follower.gap.ratio.max = -1.0 (default)
2024-01-26 21:34:23,796 [615e0ce5-d68a-4764-9dce-a037122bf2b4@group-C988C0F88CBB-LeaderElection13] INFO  impl.RoleInfo (RoleInfo.java:updateAndGet(139)) - 615e0ce5-d68a-4764-9dce-a037122bf2b4: start 615e0ce5-d68a-4764-9dce-a037122bf2b4@group-C988C0F88CBB-LeaderStateImpl
2024-01-26 21:34:23,796 [615e0ce5-d68a-4764-9dce-a037122bf2b4@group-C988C0F88CBB-LeaderElection13] INFO  server.RaftServer$Division (RaftServerImpl.java:setFirstElection(574)) - 615e0ce5-d68a-4764-9dce-a037122bf2b4@group-C988C0F88CBB: set firstElectionSinceStartup to false for becomeLeader
2024-01-26 21:34:23,796 [615e0ce5-d68a-4764-9dce-a037122bf2b4@group-C988C0F88CBB-LeaderElection13] INFO  ratis.XceiverServerRatis (XceiverServerRatis.java:handleLeaderChangedNotification(945)) - Leader change notification received for group: group-C988C0F88CBB with new leaderId: 615e0ce5-d68a-4764-9dce-a037122bf2b4
2024-01-26 21:34:23,796 [615e0ce5-d68a-4764-9dce-a037122bf2b4@group-C988C0F88CBB-LeaderElection13] INFO  server.RaftServer$Division (ServerState.java:setLeader(269)) - 615e0ce5-d68a-4764-9dce-a037122bf2b4@group-C988C0F88CBB: change Leader from null to 615e0ce5-d68a-4764-9dce-a037122bf2b4 at term 1 for becomeLeader, leader elected after 5211ms
2024-01-26 21:34:23,798 [615e0ce5-d68a-4764-9dce-a037122bf2b4@group-C988C0F88CBB-LeaderElection13] INFO  segmented.SegmentedRaftLogWorker (SegmentedRaftLogWorker.java:startLogSegment(430)) - 615e0ce5-d68a-4764-9dce-a037122bf2b4@group-C988C0F88CBB-SegmentedRaftLogWorker: Starting segment from index:0
2024-01-26 21:34:23,799 [615e0ce5-d68a-4764-9dce-a037122bf2b4@group-C988C0F88CBB-SegmentedRaftLogWorker] INFO  segmented.BufferedWriteChannel (BufferedWriteChannel.java:open(62)) - open log_inprogress_0 at position 0
2024-01-26 21:34:23,801 [grpc-default-executor-3] INFO  server.RaftServer$Division (RaftServerImpl.java:requestVote(1389)) - 4166fb02-ca0d-4de6-a961-378c6a3b2890@group-0160BF9DF5E3: receive requestVote(PRE_VOTE, 7564b097-4325-4468-ae97-837bc55d7172, group-0160BF9DF5E3, 0, (t:0, i:0))
2024-01-26 21:34:23,801 [grpc-default-executor-3] INFO  impl.VoteContext (VoteContext.java:log(49)) - 4166fb02-ca0d-4de6-a961-378c6a3b2890@group-0160BF9DF5E3-FOLLOWER: reject PRE_VOTE from 7564b097-4325-4468-ae97-837bc55d7172: our priority 1 > candidate's priority 0
2024-01-26 21:34:23,801 [grpc-default-executor-3] INFO  server.RaftServer$Division (RaftServerImpl.java:requestVote(1422)) - 4166fb02-ca0d-4de6-a961-378c6a3b2890@group-0160BF9DF5E3 replies to PRE_VOTE vote request: 7564b097-4325-4468-ae97-837bc55d7172<-4166fb02-ca0d-4de6-a961-378c6a3b2890#0:FAIL-t0. Peer's state: 4166fb02-ca0d-4de6-a961-378c6a3b2890@group-0160BF9DF5E3:t0, leader=null, voted=, raftlog=Memoized:4166fb02-ca0d-4de6-a961-378c6a3b2890@group-0160BF9DF5E3-SegmentedRaftLog:OPENED:c-1, conf=-1: peers:[209e1d4e-6bc3-40d2-a53c-4015c1ab1ac0|10.1.0.5:15050, 4166fb02-ca0d-4de6-a961-378c6a3b2890|10.1.0.5:15041, 7564b097-4325-4468-ae97-837bc55d7172|10.1.0.5:15059]|listeners:[], old=null
2024-01-26 21:34:23,806 [615e0ce5-d68a-4764-9dce-a037122bf2b4@group-C988C0F88CBB-LeaderElection13] INFO  server.RaftServer$Division (ServerState.java:setRaftConf(386)) - 615e0ce5-d68a-4764-9dce-a037122bf2b4@group-C988C0F88CBB: set configuration 0: peers:[615e0ce5-d68a-4764-9dce-a037122bf2b4|10.1.0.5:15068]|listeners:[], old=null
2024-01-26 21:34:23,806 [7564b097-4325-4468-ae97-837bc55d7172@group-0160BF9DF5E3-LeaderElection12] INFO  impl.LeaderElection (LeaderElection.java:logAndReturn(89)) - 7564b097-4325-4468-ae97-837bc55d7172@group-0160BF9DF5E3-LeaderElection12: PRE_VOTE REJECTED received 2 response(s) and 0 exception(s):
2024-01-26 21:34:23,806 [7564b097-4325-4468-ae97-837bc55d7172@group-0160BF9DF5E3-LeaderElection12] INFO  impl.LeaderElection (LeaderElection.java:logAndReturn(93)) -   Response 0: 7564b097-4325-4468-ae97-837bc55d7172<-209e1d4e-6bc3-40d2-a53c-4015c1ab1ac0#0:OK-t0
2024-01-26 21:34:23,806 [7564b097-4325-4468-ae97-837bc55d7172@group-0160BF9DF5E3-LeaderElection12] INFO  impl.LeaderElection (LeaderElection.java:logAndReturn(93)) -   Response 1: 7564b097-4325-4468-ae97-837bc55d7172<-4166fb02-ca0d-4de6-a961-378c6a3b2890#0:FAIL-t0
2024-01-26 21:34:23,806 [7564b097-4325-4468-ae97-837bc55d7172@group-0160BF9DF5E3-LeaderElection12] INFO  impl.LeaderElection (LeaderElection.java:askForVotes(323)) - 7564b097-4325-4468-ae97-837bc55d7172@group-0160BF9DF5E3-LeaderElection12 PRE_VOTE round 0: result REJECTED
2024-01-26 21:34:23,806 [7564b097-4325-4468-ae97-837bc55d7172@group-0160BF9DF5E3-LeaderElection12] INFO  server.RaftServer$Division (RaftServerImpl.java:setRole(383)) - 7564b097-4325-4468-ae97-837bc55d7172@group-0160BF9DF5E3: changes role from CANDIDATE to FOLLOWER at term 0 for REJECTED
2024-01-26 21:34:23,806 [7564b097-4325-4468-ae97-837bc55d7172@group-0160BF9DF5E3-LeaderElection12] INFO  impl.RoleInfo (RoleInfo.java:shutdownLeaderElection(130)) - 7564b097-4325-4468-ae97-837bc55d7172: shutdown 7564b097-4325-4468-ae97-837bc55d7172@group-0160BF9DF5E3-LeaderElection12
2024-01-26 21:34:23,806 [7564b097-4325-4468-ae97-837bc55d7172@group-0160BF9DF5E3-LeaderElection12] INFO  impl.RoleInfo (RoleInfo.java:updateAndGet(139)) - 7564b097-4325-4468-ae97-837bc55d7172: start 7564b097-4325-4468-ae97-837bc55d7172@group-0160BF9DF5E3-FollowerState
2024-01-26 21:34:23,807 [615e0ce5-d68a-4764-9dce-a037122bf2b4@group-C988C0F88CBB-SegmentedRaftLogWorker] INFO  segmented.SegmentedRaftLogWorker (SegmentedRaftLogWorker.java:execute(634)) - 615e0ce5-d68a-4764-9dce-a037122bf2b4@group-C988C0F88CBB-SegmentedRaftLogWorker: created new log segment /home/runner/work/ozone/ozone/hadoop-ozone/integration-test/target/test-dir/MiniOzoneClusterImpl-1af845c4-9ad0-4304-ad21-7f4426eccdbd/datanode-6/data/ratis/dcb91808-ad69-4086-8b4c-c988c0f88cbb/current/log_inprogress_0
2024-01-26 21:34:23,811 [7564b097-4325-4468-ae97-837bc55d7172@group-0160BF9DF5E3-LeaderElection12] INFO  server.RaftServer$Division (RaftServerImpl.java:setFirstElection(574)) - 7564b097-4325-4468-ae97-837bc55d7172@group-0160BF9DF5E3: set firstElectionSinceStartup to false for REJECTED
2024-01-26 21:34:23,815 [615e0ce5-d68a-4764-9dce-a037122bf2b4@group-C988C0F88CBB-StateMachineUpdater] INFO  server.RaftServer$Division (LeaderStateImpl.java:isApplied(320)) - leader is ready since appliedIndex == 0 >= startIndex == 0
2024-01-26 21:34:23,943 [615e0ce5-d68a-4764-9dce-a037122bf2b4@group-77329B463A15-FollowerState] INFO  impl.FollowerState (FollowerState.java:run(143)) - 615e0ce5-d68a-4764-9dce-a037122bf2b4@group-77329B463A15-FollowerState: change to CANDIDATE, lastRpcElapsedTime:5024294635ns, electionTimeout:5009ms
2024-01-26 21:34:23,943 [615e0ce5-d68a-4764-9dce-a037122bf2b4@group-77329B463A15-FollowerState] INFO  impl.RoleInfo (RoleInfo.java:shutdownFollowerState(110)) - 615e0ce5-d68a-4764-9dce-a037122bf2b4: shutdown 615e0ce5-d68a-4764-9dce-a037122bf2b4@group-77329B463A15-FollowerState
2024-01-26 21:34:23,943 [615e0ce5-d68a-4764-9dce-a037122bf2b4@group-77329B463A15-FollowerState] INFO  server.RaftServer$Division (RaftServerImpl.java:setRole(383)) - 615e0ce5-d68a-4764-9dce-a037122bf2b4@group-77329B463A15: changes role from  FOLLOWER to CANDIDATE at term 0 for changeToCandidate
2024-01-26 21:34:23,943 [615e0ce5-d68a-4764-9dce-a037122bf2b4@group-77329B463A15-FollowerState] INFO  server.RaftServerConfigKeys (ConfUtils.java:logGet(46)) - raft.server.leaderelection.pre-vote = true (default)
2024-01-26 21:34:23,943 [615e0ce5-d68a-4764-9dce-a037122bf2b4@group-77329B463A15-FollowerState] INFO  impl.RoleInfo (RoleInfo.java:updateAndGet(139)) - 615e0ce5-d68a-4764-9dce-a037122bf2b4: start 615e0ce5-d68a-4764-9dce-a037122bf2b4@group-77329B463A15-LeaderElection14
2024-01-26 21:34:23,946 [615e0ce5-d68a-4764-9dce-a037122bf2b4@group-77329B463A15-LeaderElection14] INFO  impl.LeaderElection (LeaderElection.java:askForVotes(321)) - 615e0ce5-d68a-4764-9dce-a037122bf2b4@group-77329B463A15-LeaderElection14 PRE_VOTE round 0: submit vote requests at term 0 for -1: peers:[85a76c17-24cd-4caa-b4c9-2f056bfd6b3c|10.1.0.5:15077, 615e0ce5-d68a-4764-9dce-a037122bf2b4|10.1.0.5:15068, 157befb9-fc2c-4b56-bfb2-e4c39e5a9271|10.1.0.5:15086]|listeners:[], old=null
2024-01-26 21:34:23,953 [615e0ce5-d68a-4764-9dce-a037122bf2b4@group-77329B463A15-LeaderElection14-1] INFO  server.GrpcServerProtocolClient (GrpcServerProtocolClient.java:<init>(65)) - Build channel for 85a76c17-24cd-4caa-b4c9-2f056bfd6b3c|10.1.0.5:15077
2024-01-26 21:34:23,964 [209e1d4e-6bc3-40d2-a53c-4015c1ab1ac0@group-0160BF9DF5E3-FollowerState] INFO  server.RaftServerConfigKeys (ConfUtils.java:logFallback(53)) - raft.server.rpc.first-election.timeout.min = 5s (fallback to raft.server.rpc.timeout.min)
2024-01-26 21:34:23,964 [209e1d4e-6bc3-40d2-a53c-4015c1ab1ac0@group-0160BF9DF5E3-FollowerState] INFO  server.RaftServerConfigKeys (ConfUtils.java:logFallback(53)) - raft.server.rpc.first-election.timeout.max = 5200ms (fallback to raft.server.rpc.timeout.max)
2024-01-26 21:34:23,964 [615e0ce5-d68a-4764-9dce-a037122bf2b4@group-77329B463A15-LeaderElection14] INFO  server.RaftServerConfigKeys (ConfUtils.java:logFallback(53)) - raft.server.rpc.first-election.timeout.min = 5s (fallback to raft.server.rpc.timeout.min)
2024-01-26 21:34:23,964 [85a76c17-24cd-4caa-b4c9-2f056bfd6b3c@group-6F64BEE8AA29-FollowerState] INFO  impl.FollowerState (FollowerState.java:run(143)) - 85a76c17-24cd-4caa-b4c9-2f056bfd6b3c@group-6F64BEE8AA29-FollowerState: change to CANDIDATE, lastRpcElapsedTime:5016553069ns, electionTimeout:5016ms
2024-01-26 21:34:23,964 [615e0ce5-d68a-4764-9dce-a037122bf2b4@group-77329B463A15-LeaderElection14] INFO  server.RaftServerConfigKeys (ConfUtils.java:logFallback(53)) - raft.server.rpc.first-election.timeout.max = 5200ms (fallback to raft.server.rpc.timeout.max)
2024-01-26 21:34:23,964 [85a76c17-24cd-4caa-b4c9-2f056bfd6b3c@group-6F64BEE8AA29-FollowerState] INFO  impl.RoleInfo (RoleInfo.java:shutdownFollowerState(110)) - 85a76c17-24cd-4caa-b4c9-2f056bfd6b3c: shutdown 85a76c17-24cd-4caa-b4c9-2f056bfd6b3c@group-6F64BEE8AA29-FollowerState
2024-01-26 21:34:23,965 [615e0ce5-d68a-4764-9dce-a037122bf2b4@group-77329B463A15-LeaderElection14-2] INFO  server.GrpcServerProtocolClient (GrpcServerProtocolClient.java:<init>(65)) - Build channel for 157befb9-fc2c-4b56-bfb2-e4c39e5a9271|10.1.0.5:15086
2024-01-26 21:34:23,965 [85a76c17-24cd-4caa-b4c9-2f056bfd6b3c@group-6F64BEE8AA29-FollowerState] INFO  server.RaftServer$Division (RaftServerImpl.java:setRole(383)) - 85a76c17-24cd-4caa-b4c9-2f056bfd6b3c@group-6F64BEE8AA29: changes role from  FOLLOWER to CANDIDATE at term 0 for changeToCandidate
2024-01-26 21:34:23,965 [85a76c17-24cd-4caa-b4c9-2f056bfd6b3c@group-6F64BEE8AA29-FollowerState] INFO  server.RaftServerConfigKeys (ConfUtils.java:logGet(46)) - raft.server.leaderelection.pre-vote = true (default)
2024-01-26 21:34:23,965 [85a76c17-24cd-4caa-b4c9-2f056bfd6b3c@group-6F64BEE8AA29-FollowerState] INFO  impl.RoleInfo (RoleInfo.java:updateAndGet(139)) - 85a76c17-24cd-4caa-b4c9-2f056bfd6b3c: start 85a76c17-24cd-4caa-b4c9-2f056bfd6b3c@group-6F64BEE8AA29-LeaderElection15
2024-01-26 21:34:23,968 [85a76c17-24cd-4caa-b4c9-2f056bfd6b3c@group-6F64BEE8AA29-LeaderElection15] INFO  impl.LeaderElection (LeaderElection.java:askForVotes(321)) - 85a76c17-24cd-4caa-b4c9-2f056bfd6b3c@group-6F64BEE8AA29-LeaderElection15 PRE_VOTE round 0: submit vote requests at term 0 for -1: peers:[85a76c17-24cd-4caa-b4c9-2f056bfd6b3c|10.1.0.5:15077]|listeners:[], old=null
2024-01-26 21:34:23,968 [85a76c17-24cd-4caa-b4c9-2f056bfd6b3c@group-6F64BEE8AA29-LeaderElection15] INFO  impl.LeaderElection (LeaderElection.java:askForVotes(323)) - 85a76c17-24cd-4caa-b4c9-2f056bfd6b3c@group-6F64BEE8AA29-LeaderElection15 PRE_VOTE round 0: result PASSED (term=0)
2024-01-26 21:34:23,969 [85a76c17-24cd-4caa-b4c9-2f056bfd6b3c@group-6F64BEE8AA29-LeaderElection15] INFO  impl.LeaderElection (LeaderElection.java:askForVotes(321)) - 85a76c17-24cd-4caa-b4c9-2f056bfd6b3c@group-6F64BEE8AA29-LeaderElection15 ELECTION round 0: submit vote requests at term 1 for -1: peers:[85a76c17-24cd-4caa-b4c9-2f056bfd6b3c|10.1.0.5:15077]|listeners:[], old=null
2024-01-26 21:34:23,969 [85a76c17-24cd-4caa-b4c9-2f056bfd6b3c@group-6F64BEE8AA29-LeaderElection15] INFO  impl.LeaderElection (LeaderElection.java:askForVotes(323)) - 85a76c17-24cd-4caa-b4c9-2f056bfd6b3c@group-6F64BEE8AA29-LeaderElection15 ELECTION round 0: result PASSED (term=1)
2024-01-26 21:34:23,969 [85a76c17-24cd-4caa-b4c9-2f056bfd6b3c@group-6F64BEE8AA29-LeaderElection15] INFO  impl.RoleInfo (RoleInfo.java:shutdownLeaderElection(130)) - 85a76c17-24cd-4caa-b4c9-2f056bfd6b3c: shutdown 85a76c17-24cd-4caa-b4c9-2f056bfd6b3c@group-6F64BEE8AA29-LeaderElection15
2024-01-26 21:34:23,970 [85a76c17-24cd-4caa-b4c9-2f056bfd6b3c@group-6F64BEE8AA29-LeaderElection15] INFO  server.RaftServer$Division (RaftServerImpl.java:setRole(383)) - 85a76c17-24cd-4caa-b4c9-2f056bfd6b3c@group-6F64BEE8AA29: changes role from CANDIDATE to LEADER at term 1 for changeToLeader
2024-01-26 21:34:23,970 [85a76c17-24cd-4caa-b4c9-2f056bfd6b3c@group-6F64BEE8AA29-LeaderElection15] INFO  server.RaftServerConfigKeys (ConfUtils.java:logGet(46)) - raft.server.staging.catchup.gap = 1000 (default)
2024-01-26 21:34:23,970 [85a76c17-24cd-4caa-b4c9-2f056bfd6b3c@group-6F64BEE8AA29-LeaderElection15] INFO  server.RaftServerConfigKeys (ConfUtils.java:logGet(46)) - raft.server.write.element-limit = 1024 (custom)
2024-01-26 21:34:23,970 [85a76c17-24cd-4caa-b4c9-2f056bfd6b3c@group-6F64BEE8AA29-LeaderElection15] INFO  server.RaftServerConfigKeys (ConfUtils.java:logGet(46)) - raft.server.write.byte-limit = 1024 M (=1073741824) (custom)
2024-01-26 21:34:23,970 [85a76c17-24cd-4caa-b4c9-2f056bfd6b3c@group-6F64BEE8AA29-LeaderElection15] INFO  server.RaftServerConfigKeys (ConfUtils.java:logGet(46)) - raft.server.watch.timeout = 180s (custom)
2024-01-26 21:34:23,970 [85a76c17-24cd-4caa-b4c9-2f056bfd6b3c@group-6F64BEE8AA29-LeaderElection15] INFO  server.RaftServerConfigKeys (ConfUtils.java:logGet(46)) - raft.server.watch.timeout.denomination = 1s (default)
2024-01-26 21:34:23,970 [85a76c17-24cd-4caa-b4c9-2f056bfd6b3c@group-6F64BEE8AA29-LeaderElection15] INFO  server.RaftServerConfigKeys (ConfUtils.java:logGet(46)) - raft.server.watch.element-limit = 65536 (default)
2024-01-26 21:34:23,971 [85a76c17-24cd-4caa-b4c9-2f056bfd6b3c@group-6F64BEE8AA29-LeaderElection15] INFO  server.RaftServerConfigKeys (ConfUtils.java:logGet(46)) - raft.server.read.leader.lease.enabled = false (default)
2024-01-26 21:34:23,971 [85a76c17-24cd-4caa-b4c9-2f056bfd6b3c@group-6F64BEE8AA29-LeaderElection15] INFO  server.RaftServerConfigKeys (ConfUtils.java:logGet(46)) - raft.server.read.leader.lease.timeout.ratio = 0.9 (default)
2024-01-26 21:34:23,971 [85a76c17-24cd-4caa-b4c9-2f056bfd6b3c@group-6F64BEE8AA29-LeaderElection15] INFO  server.RaftServerConfigKeys (ConfUtils.java:logGet(46)) - raft.server.rpc.timeout.min = 5s (custom)
2024-01-26 21:34:23,971 [85a76c17-24cd-4caa-b4c9-2f056bfd6b3c@group-6F64BEE8AA29-LeaderElection15] INFO  server.RaftServerConfigKeys (ConfUtils.java:logGet(46)) - raft.server.write.element-limit = 1024 (custom)
2024-01-26 21:34:23,971 [85a76c17-24cd-4caa-b4c9-2f056bfd6b3c@group-6F64BEE8AA29-LeaderElection15] INFO  server.RaftServerConfigKeys (ConfUtils.java:logGet(46)) - raft.server.write.follower.gap.ratio.max = -1.0 (default)
2024-01-26 21:34:23,971 [85a76c17-24cd-4caa-b4c9-2f056bfd6b3c@group-6F64BEE8AA29-LeaderElection15] INFO  impl.RoleInfo (RoleInfo.java:updateAndGet(139)) - 85a76c17-24cd-4caa-b4c9-2f056bfd6b3c: start 85a76c17-24cd-4caa-b4c9-2f056bfd6b3c@group-6F64BEE8AA29-LeaderStateImpl
2024-01-26 21:34:23,971 [85a76c17-24cd-4caa-b4c9-2f056bfd6b3c@group-6F64BEE8AA29-LeaderElection15] INFO  server.RaftServer$Division (RaftServerImpl.java:setFirstElection(574)) - 85a76c17-24cd-4caa-b4c9-2f056bfd6b3c@group-6F64BEE8AA29: set firstElectionSinceStartup to false for becomeLeader
2024-01-26 21:34:23,971 [85a76c17-24cd-4caa-b4c9-2f056bfd6b3c@group-6F64BEE8AA29-LeaderElection15] INFO  ratis.XceiverServerRatis (XceiverServerRatis.java:handleLeaderChangedNotification(945)) - Leader change notification received for group: group-6F64BEE8AA29 with new leaderId: 85a76c17-24cd-4caa-b4c9-2f056bfd6b3c
2024-01-26 21:34:23,972 [a4a3addc-657d-412b-928e-3d6f899db221@group-C50F9A8FB292-FollowerState] INFO  impl.FollowerState (FollowerState.java:run(143)) - a4a3addc-657d-412b-928e-3d6f899db221@group-C50F9A8FB292-FollowerState: change to CANDIDATE, lastRpcElapsedTime:5207734594ns, electionTimeout:5193ms
2024-01-26 21:34:23,972 [a4a3addc-657d-412b-928e-3d6f899db221@group-C50F9A8FB292-FollowerState] INFO  impl.RoleInfo (RoleInfo.java:shutdownFollowerState(110)) - a4a3addc-657d-412b-928e-3d6f899db221: shutdown a4a3addc-657d-412b-928e-3d6f899db221@group-C50F9A8FB292-FollowerState
2024-01-26 21:34:23,972 [a4a3addc-657d-412b-928e-3d6f899db221@group-C50F9A8FB292-FollowerState] INFO  server.RaftServer$Division (RaftServerImpl.java:setRole(383)) - a4a3addc-657d-412b-928e-3d6f899db221@group-C50F9A8FB292: changes role from  FOLLOWER to CANDIDATE at term 0 for changeToCandidate
2024-01-26 21:34:23,972 [a4a3addc-657d-412b-928e-3d6f899db221@group-C50F9A8FB292-FollowerState] INFO  server.RaftServerConfigKeys (ConfUtils.java:logGet(46)) - raft.server.leaderelection.pre-vote = true (default)
2024-01-26 21:34:23,972 [a4a3addc-657d-412b-928e-3d6f899db221@group-C50F9A8FB292-FollowerState] INFO  impl.RoleInfo (RoleInfo.java:updateAndGet(139)) - a4a3addc-657d-412b-928e-3d6f899db221: start a4a3addc-657d-412b-928e-3d6f899db221@group-C50F9A8FB292-LeaderElection16
2024-01-26 21:34:23,982 [85a76c17-24cd-4caa-b4c9-2f056bfd6b3c@group-6F64BEE8AA29-LeaderElection15] INFO  server.RaftServer$Division (ServerState.java:setLeader(269)) - 85a76c17-24cd-4caa-b4c9-2f056bfd6b3c@group-6F64BEE8AA29: change Leader from null to 85a76c17-24cd-4caa-b4c9-2f056bfd6b3c at term 1 for becomeLeader, leader elected after 5257ms
2024-01-26 21:34:23,983 [85a76c17-24cd-4caa-b4c9-2f056bfd6b3c@group-6F64BEE8AA29-LeaderElection15] INFO  segmented.SegmentedRaftLogWorker (SegmentedRaftLogWorker.java:startLogSegment(430)) - 85a76c17-24cd-4caa-b4c9-2f056bfd6b3c@group-6F64BEE8AA29-SegmentedRaftLogWorker: Starting segment from index:0
2024-01-26 21:34:23,984 [85a76c17-24cd-4caa-b4c9-2f056bfd6b3c@group-6F64BEE8AA29-SegmentedRaftLogWorker] INFO  segmented.BufferedWriteChannel (BufferedWriteChannel.java:open(62)) - open log_inprogress_0 at position 0
2024-01-26 21:34:23,985 [a4a3addc-657d-412b-928e-3d6f899db221@group-C50F9A8FB292-LeaderElection16] INFO  impl.LeaderElection (LeaderElection.java:askForVotes(321)) - a4a3addc-657d-412b-928e-3d6f899db221@group-C50F9A8FB292-LeaderElection16 PRE_VOTE round 0: submit vote requests at term 0 for -1: peers:[67e21e31-4dca-48e2-85b4-2f4b1b69db84|10.1.0.5:15014, a4a3addc-657d-412b-928e-3d6f899db221|10.1.0.5:15023, c424f152-b0b1-403f-ad43-57b6eddc8681|10.1.0.5:15032]|listeners:[], old=null
2024-01-26 21:34:23,984 [grpc-default-executor-3] INFO  server.RaftServer$Division (RaftServerImpl.java:requestVote(1389)) - 157befb9-fc2c-4b56-bfb2-e4c39e5a9271@group-77329B463A15: receive requestVote(PRE_VOTE, 615e0ce5-d68a-4764-9dce-a037122bf2b4, group-77329B463A15, 0, (t:0, i:0))
2024-01-26 21:34:23,986 [grpc-default-executor-3] INFO  impl.VoteContext (VoteContext.java:log(49)) - 157befb9-fc2c-4b56-bfb2-e4c39e5a9271@group-77329B463A15-FOLLOWER: reject PRE_VOTE from 615e0ce5-d68a-4764-9dce-a037122bf2b4: our priority 1 > candidate's priority 0
2024-01-26 21:34:23,986 [grpc-default-executor-3] INFO  server.RaftServer$Division (RaftServerImpl.java:requestVote(1422)) - 157befb9-fc2c-4b56-bfb2-e4c39e5a9271@group-77329B463A15 replies to PRE_VOTE vote request: 615e0ce5-d68a-4764-9dce-a037122bf2b4<-157befb9-fc2c-4b56-bfb2-e4c39e5a9271#0:FAIL-t0. Peer's state: 157befb9-fc2c-4b56-bfb2-e4c39e5a9271@group-77329B463A15:t0, leader=null, voted=, raftlog=Memoized:157befb9-fc2c-4b56-bfb2-e4c39e5a9271@group-77329B463A15-SegmentedRaftLog:OPENED:c-1, conf=-1: peers:[85a76c17-24cd-4caa-b4c9-2f056bfd6b3c|10.1.0.5:15077, 615e0ce5-d68a-4764-9dce-a037122bf2b4|10.1.0.5:15068, 157befb9-fc2c-4b56-bfb2-e4c39e5a9271|10.1.0.5:15086]|listeners:[], old=null
2024-01-26 21:34:23,987 [a4a3addc-657d-412b-928e-3d6f899db221@group-C50F9A8FB292-LeaderElection16-1] INFO  server.GrpcServerProtocolClient (GrpcServerProtocolClient.java:<init>(65)) - Build channel for 67e21e31-4dca-48e2-85b4-2f4b1b69db84|10.1.0.5:15014
2024-01-26 21:34:23,985 [85a76c17-24cd-4caa-b4c9-2f056bfd6b3c@group-6F64BEE8AA29-LeaderElection15] INFO  server.RaftServer$Division (ServerState.java:setRaftConf(386)) - 85a76c17-24cd-4caa-b4c9-2f056bfd6b3c@group-6F64BEE8AA29: set configuration 0: peers:[85a76c17-24cd-4caa-b4c9-2f056bfd6b3c|10.1.0.5:15077]|listeners:[], old=null
2024-01-26 21:34:23,989 [a4a3addc-657d-412b-928e-3d6f899db221@group-C50F9A8FB292-LeaderElection16] INFO  server.RaftServerConfigKeys (ConfUtils.java:logFallback(53)) - raft.server.rpc.first-election.timeout.min = 5s (fallback to raft.server.rpc.timeout.min)
2024-01-26 21:34:23,990 [a4a3addc-657d-412b-928e-3d6f899db221@group-C50F9A8FB292-LeaderElection16] INFO  server.RaftServerConfigKeys (ConfUtils.java:logFallback(53)) - raft.server.rpc.first-election.timeout.max = 5200ms (fallback to raft.server.rpc.timeout.max)
2024-01-26 21:34:23,990 [main] INFO  rpc.RpcClient (RpcClient.java:createVolume(456)) - Creating Volume: 43646a26-3053-494c-8644-caae40d646d6, with runner as owner and space quota set to -1 bytes, counts quota set to -1
2024-01-26 21:34:23,991 [a4a3addc-657d-412b-928e-3d6f899db221@group-C50F9A8FB292-LeaderElection16-2] INFO  server.GrpcServerProtocolClient (GrpcServerProtocolClient.java:<init>(65)) - Build channel for c424f152-b0b1-403f-ad43-57b6eddc8681|10.1.0.5:15032
2024-01-26 21:34:23,994 [85a76c17-24cd-4caa-b4c9-2f056bfd6b3c@group-6F64BEE8AA29-SegmentedRaftLogWorker] INFO  segmented.SegmentedRaftLogWorker (SegmentedRaftLogWorker.java:execute(634)) - 85a76c17-24cd-4caa-b4c9-2f056bfd6b3c@group-6F64BEE8AA29-SegmentedRaftLogWorker: created new log segment /home/runner/work/ozone/ozone/hadoop-ozone/integration-test/target/test-dir/MiniOzoneClusterImpl-1af845c4-9ad0-4304-ad21-7f4426eccdbd/datanode-7/data/ratis/4cd91ef7-511c-4d5b-b063-6f64bee8aa29/current/log_inprogress_0
2024-01-26 21:34:23,996 [615e0ce5-d68a-4764-9dce-a037122bf2b4@group-77329B463A15-LeaderElection14] INFO  impl.LeaderElection (LeaderElection.java:logAndReturn(89)) - 615e0ce5-d68a-4764-9dce-a037122bf2b4@group-77329B463A15-LeaderElection14: PRE_VOTE REJECTED received 1 response(s) and 0 exception(s):
2024-01-26 21:34:23,996 [615e0ce5-d68a-4764-9dce-a037122bf2b4@group-77329B463A15-LeaderElection14] INFO  impl.LeaderElection (LeaderElection.java:logAndReturn(93)) -   Response 0: 615e0ce5-d68a-4764-9dce-a037122bf2b4<-157befb9-fc2c-4b56-bfb2-e4c39e5a9271#0:FAIL-t0
2024-01-26 21:34:23,996 [615e0ce5-d68a-4764-9dce-a037122bf2b4@group-77329B463A15-LeaderElection14] INFO  impl.LeaderElection (LeaderElection.java:askForVotes(323)) - 615e0ce5-d68a-4764-9dce-a037122bf2b4@group-77329B463A15-LeaderElection14 PRE_VOTE round 0: result REJECTED
2024-01-26 21:34:23,996 [615e0ce5-d68a-4764-9dce-a037122bf2b4@group-77329B463A15-LeaderElection14] INFO  server.RaftServer$Division (RaftServerImpl.java:setRole(383)) - 615e0ce5-d68a-4764-9dce-a037122bf2b4@group-77329B463A15: changes role from CANDIDATE to FOLLOWER at term 0 for REJECTED
2024-01-26 21:34:23,996 [615e0ce5-d68a-4764-9dce-a037122bf2b4@group-77329B463A15-LeaderElection14] INFO  impl.RoleInfo (RoleInfo.java:shutdownLeaderElection(130)) - 615e0ce5-d68a-4764-9dce-a037122bf2b4: shutdown 615e0ce5-d68a-4764-9dce-a037122bf2b4@group-77329B463A15-LeaderElection14
2024-01-26 21:34:23,996 [615e0ce5-d68a-4764-9dce-a037122bf2b4@group-77329B463A15-LeaderElection14] INFO  impl.RoleInfo (RoleInfo.java:updateAndGet(139)) - 615e0ce5-d68a-4764-9dce-a037122bf2b4: start 615e0ce5-d68a-4764-9dce-a037122bf2b4@group-77329B463A15-FollowerState
2024-01-26 21:34:23,996 [615e0ce5-d68a-4764-9dce-a037122bf2b4@group-77329B463A15-LeaderElection14] INFO  server.RaftServer$Division (RaftServerImpl.java:setFirstElection(574)) - 615e0ce5-d68a-4764-9dce-a037122bf2b4@group-77329B463A15: set firstElectionSinceStartup to false for REJECTED
2024-01-26 21:34:24,002 [grpc-default-executor-3] INFO  server.RaftServer$Division (RaftServerImpl.java:requestVote(1389)) - 85a76c17-24cd-4caa-b4c9-2f056bfd6b3c@group-77329B463A15: receive requestVote(PRE_VOTE, 615e0ce5-d68a-4764-9dce-a037122bf2b4, group-77329B463A15, 0, (t:0, i:0))
2024-01-26 21:34:24,002 [c424f152-b0b1-403f-ad43-57b6eddc8681@group-C50F9A8FB292-FollowerState] INFO  impl.FollowerState (FollowerState.java:run(143)) - c424f152-b0b1-403f-ad43-57b6eddc8681@group-C50F9A8FB292-FollowerState: change to CANDIDATE, lastRpcElapsedTime:5158180402ns, electionTimeout:5137ms
2024-01-26 21:34:24,002 [c424f152-b0b1-403f-ad43-57b6eddc8681@group-C50F9A8FB292-FollowerState] INFO  impl.RoleInfo (RoleInfo.java:shutdownFollowerState(110)) - c424f152-b0b1-403f-ad43-57b6eddc8681: shutdown c424f152-b0b1-403f-ad43-57b6eddc8681@group-C50F9A8FB292-FollowerState
2024-01-26 21:34:24,002 [grpc-default-executor-3] INFO  impl.VoteContext (VoteContext.java:log(49)) - 85a76c17-24cd-4caa-b4c9-2f056bfd6b3c@group-77329B463A15-FOLLOWER: accept PRE_VOTE from 615e0ce5-d68a-4764-9dce-a037122bf2b4: our priority 0 <= candidate's priority 0
2024-01-26 21:34:24,002 [c424f152-b0b1-403f-ad43-57b6eddc8681@group-C50F9A8FB292-FollowerState] INFO  server.RaftServer$Division (RaftServerImpl.java:setRole(383)) - c424f152-b0b1-403f-ad43-57b6eddc8681@group-C50F9A8FB292: changes role from  FOLLOWER to CANDIDATE at term 0 for changeToCandidate
2024-01-26 21:34:24,002 [c424f152-b0b1-403f-ad43-57b6eddc8681@group-C50F9A8FB292-FollowerState] INFO  server.RaftServerConfigKeys (ConfUtils.java:logGet(46)) - raft.server.leaderelection.pre-vote = true (default)
2024-01-26 21:34:24,002 [c424f152-b0b1-403f-ad43-57b6eddc8681@group-C50F9A8FB292-FollowerState] INFO  impl.RoleInfo (RoleInfo.java:updateAndGet(139)) - c424f152-b0b1-403f-ad43-57b6eddc8681: start c424f152-b0b1-403f-ad43-57b6eddc8681@group-C50F9A8FB292-LeaderElection17
2024-01-26 21:34:24,002 [grpc-default-executor-3] INFO  server.RaftServer$Division (RaftServerImpl.java:requestVote(1422)) - 85a76c17-24cd-4caa-b4c9-2f056bfd6b3c@group-77329B463A15 replies to PRE_VOTE vote request: 615e0ce5-d68a-4764-9dce-a037122bf2b4<-85a76c17-24cd-4caa-b4c9-2f056bfd6b3c#0:OK-t0. Peer's state: 85a76c17-24cd-4caa-b4c9-2f056bfd6b3c@group-77329B463A15:t0, leader=null, voted=, raftlog=Memoized:85a76c17-24cd-4caa-b4c9-2f056bfd6b3c@group-77329B463A15-SegmentedRaftLog:OPENED:c-1, conf=-1: peers:[85a76c17-24cd-4caa-b4c9-2f056bfd6b3c|10.1.0.5:15077, 615e0ce5-d68a-4764-9dce-a037122bf2b4|10.1.0.5:15068, 157befb9-fc2c-4b56-bfb2-e4c39e5a9271|10.1.0.5:15086]|listeners:[], old=null
2024-01-26 21:34:24,009 [85a76c17-24cd-4caa-b4c9-2f056bfd6b3c@group-6F64BEE8AA29-StateMachineUpdater] INFO  server.RaftServer$Division (LeaderStateImpl.java:isApplied(320)) - leader is ready since appliedIndex == 0 >= startIndex == 0
2024-01-26 21:34:24,009 [c424f152-b0b1-403f-ad43-57b6eddc8681@group-C50F9A8FB292-LeaderElection17] INFO  impl.LeaderElection (LeaderElection.java:askForVotes(321)) - c424f152-b0b1-403f-ad43-57b6eddc8681@group-C50F9A8FB292-LeaderElection17 PRE_VOTE round 0: submit vote requests at term 0 for -1: peers:[67e21e31-4dca-48e2-85b4-2f4b1b69db84|10.1.0.5:15014, a4a3addc-657d-412b-928e-3d6f899db221|10.1.0.5:15023, c424f152-b0b1-403f-ad43-57b6eddc8681|10.1.0.5:15032]|listeners:[], old=null
2024-01-26 21:34:24,008 [4166fb02-ca0d-4de6-a961-378c6a3b2890@group-0160BF9DF5E3-FollowerState] INFO  impl.FollowerState (FollowerState.java:run(143)) - 4166fb02-ca0d-4de6-a961-378c6a3b2890@group-0160BF9DF5E3-FollowerState: change to CANDIDATE, lastRpcElapsedTime:5112997628ns, electionTimeout:5109ms
2024-01-26 21:34:24,010 [4166fb02-ca0d-4de6-a961-378c6a3b2890@group-0160BF9DF5E3-FollowerState] INFO  impl.RoleInfo (RoleInfo.java:shutdownFollowerState(110)) - 4166fb02-ca0d-4de6-a961-378c6a3b2890: shutdown 4166fb02-ca0d-4de6-a961-378c6a3b2890@group-0160BF9DF5E3-FollowerState
2024-01-26 21:34:24,010 [4166fb02-ca0d-4de6-a961-378c6a3b2890@group-0160BF9DF5E3-FollowerState] INFO  server.RaftServer$Division (RaftServerImpl.java:setRole(383)) - 4166fb02-ca0d-4de6-a961-378c6a3b2890@group-0160BF9DF5E3: changes role from  FOLLOWER to CANDIDATE at term 0 for changeToCandidate
2024-01-26 21:34:24,012 [grpc-default-executor-3] INFO  server.RaftServer$Division (RaftServerImpl.java:requestVote(1389)) - 67e21e31-4dca-48e2-85b4-2f4b1b69db84@group-C50F9A8FB292: receive requestVote(PRE_VOTE, c424f152-b0b1-403f-ad43-57b6eddc8681, group-C50F9A8FB292, 0, (t:0, i:0))
2024-01-26 21:34:24,012 [grpc-default-executor-3] INFO  impl.VoteContext (VoteContext.java:log(49)) - 67e21e31-4dca-48e2-85b4-2f4b1b69db84@group-C50F9A8FB292-FOLLOWER: accept PRE_VOTE from c424f152-b0b1-403f-ad43-57b6eddc8681: our priority 0 <= candidate's priority 0
2024-01-26 21:34:24,012 [grpc-default-executor-3] INFO  server.RaftServer$Division (RaftServerImpl.java:requestVote(1422)) - 67e21e31-4dca-48e2-85b4-2f4b1b69db84@group-C50F9A8FB292 replies to PRE_VOTE vote request: c424f152-b0b1-403f-ad43-57b6eddc8681<-67e21e31-4dca-48e2-85b4-2f4b1b69db84#0:OK-t0. Peer's state: 67e21e31-4dca-48e2-85b4-2f4b1b69db84@group-C50F9A8FB292:t0, leader=null, voted=, raftlog=Memoized:67e21e31-4dca-48e2-85b4-2f4b1b69db84@group-C50F9A8FB292-SegmentedRaftLog:OPENED:c-1, conf=-1: peers:[67e21e31-4dca-48e2-85b4-2f4b1b69db84|10.1.0.5:15014, a4a3addc-657d-412b-928e-3d6f899db221|10.1.0.5:15023, c424f152-b0b1-403f-ad43-57b6eddc8681|10.1.0.5:15032]|listeners:[], old=null
2024-01-26 21:34:24,015 [c424f152-b0b1-403f-ad43-57b6eddc8681@group-C50F9A8FB292-LeaderElection17] INFO  server.RaftServerConfigKeys (ConfUtils.java:logFallback(53)) - raft.server.rpc.first-election.timeout.min = 5s (fallback to raft.server.rpc.timeout.min)
2024-01-26 21:34:24,015 [c424f152-b0b1-403f-ad43-57b6eddc8681@group-C50F9A8FB292-LeaderElection17] INFO  server.RaftServerConfigKeys (ConfUtils.java:logFallback(53)) - raft.server.rpc.first-election.timeout.max = 5200ms (fallback to raft.server.rpc.timeout.max)
2024-01-26 21:34:24,015 [4166fb02-ca0d-4de6-a961-378c6a3b2890@group-0160BF9DF5E3-FollowerState] INFO  server.RaftServerConfigKeys (ConfUtils.java:logGet(46)) - raft.server.leaderelection.pre-vote = true (default)
2024-01-26 21:34:24,015 [4166fb02-ca0d-4de6-a961-378c6a3b2890@group-0160BF9DF5E3-FollowerState] INFO  impl.RoleInfo (RoleInfo.java:updateAndGet(139)) - 4166fb02-ca0d-4de6-a961-378c6a3b2890: start 4166fb02-ca0d-4de6-a961-378c6a3b2890@group-0160BF9DF5E3-LeaderElection18
2024-01-26 21:34:24,023 [grpc-default-executor-3] INFO  server.RaftServer$Division (RaftServerImpl.java:requestVote(1389)) - a4a3addc-657d-412b-928e-3d6f899db221@group-C50F9A8FB292: receive requestVote(PRE_VOTE, c424f152-b0b1-403f-ad43-57b6eddc8681, group-C50F9A8FB292, 0, (t:0, i:0))
2024-01-26 21:34:24,023 [grpc-default-executor-3] INFO  impl.VoteContext (VoteContext.java:log(49)) - a4a3addc-657d-412b-928e-3d6f899db221@group-C50F9A8FB292-CANDIDATE: reject PRE_VOTE from c424f152-b0b1-403f-ad43-57b6eddc8681: our priority 1 > candidate's priority 0
2024-01-26 21:34:24,023 [grpc-default-executor-3] INFO  server.RaftServer$Division (RaftServerImpl.java:requestVote(1422)) - a4a3addc-657d-412b-928e-3d6f899db221@group-C50F9A8FB292 replies to PRE_VOTE vote request: c424f152-b0b1-403f-ad43-57b6eddc8681<-a4a3addc-657d-412b-928e-3d6f899db221#0:FAIL-t0. Peer's state: a4a3addc-657d-412b-928e-3d6f899db221@group-C50F9A8FB292:t0, leader=null, voted=, raftlog=Memoized:a4a3addc-657d-412b-928e-3d6f899db221@group-C50F9A8FB292-SegmentedRaftLog:OPENED:c-1, conf=-1: peers:[67e21e31-4dca-48e2-85b4-2f4b1b69db84|10.1.0.5:15014, a4a3addc-657d-412b-928e-3d6f899db221|10.1.0.5:15023, c424f152-b0b1-403f-ad43-57b6eddc8681|10.1.0.5:15032]|listeners:[], old=null
2024-01-26 21:34:24,027 [67e21e31-4dca-48e2-85b4-2f4b1b69db84@group-C50F9A8FB292-FollowerState] INFO  server.RaftServerConfigKeys (ConfUtils.java:logFallback(53)) - raft.server.rpc.first-election.timeout.min = 5s (fallback to raft.server.rpc.timeout.min)
2024-01-26 21:34:24,027 [67e21e31-4dca-48e2-85b4-2f4b1b69db84@group-C50F9A8FB292-FollowerState] INFO  server.RaftServerConfigKeys (ConfUtils.java:logFallback(53)) - raft.server.rpc.first-election.timeout.max = 5200ms (fallback to raft.server.rpc.timeout.max)
2024-01-26 21:34:24,029 [grpc-default-executor-3] INFO  server.RaftServer$Division (RaftServerImpl.java:requestVote(1389)) - 67e21e31-4dca-48e2-85b4-2f4b1b69db84@group-C50F9A8FB292: receive requestVote(PRE_VOTE, a4a3addc-657d-412b-928e-3d6f899db221, group-C50F9A8FB292, 0, (t:0, i:0))
2024-01-26 21:34:24,030 [grpc-default-executor-3] INFO  impl.VoteContext (VoteContext.java:log(49)) - 67e21e31-4dca-48e2-85b4-2f4b1b69db84@group-C50F9A8FB292-FOLLOWER: accept PRE_VOTE from a4a3addc-657d-412b-928e-3d6f899db221: our priority 0 <= candidate's priority 1
2024-01-26 21:34:24,030 [c424f152-b0b1-403f-ad43-57b6eddc8681@group-C50F9A8FB292-LeaderElection17] INFO  impl.LeaderElection (LeaderElection.java:logAndReturn(89)) - c424f152-b0b1-403f-ad43-57b6eddc8681@group-C50F9A8FB292-LeaderElection17: PRE_VOTE REJECTED received 2 response(s) and 0 exception(s):
2024-01-26 21:34:24,030 [grpc-default-executor-3] INFO  server.RaftServer$Division (RaftServerImpl.java:requestVote(1422)) - 67e21e31-4dca-48e2-85b4-2f4b1b69db84@group-C50F9A8FB292 replies to PRE_VOTE vote request: a4a3addc-657d-412b-928e-3d6f899db221<-67e21e31-4dca-48e2-85b4-2f4b1b69db84#0:OK-t0. Peer's state: 67e21e31-4dca-48e2-85b4-2f4b1b69db84@group-C50F9A8FB292:t0, leader=null, voted=, raftlog=Memoized:67e21e31-4dca-48e2-85b4-2f4b1b69db84@group-C50F9A8FB292-SegmentedRaftLog:OPENED:c-1, conf=-1: peers:[67e21e31-4dca-48e2-85b4-2f4b1b69db84|10.1.0.5:15014, a4a3addc-657d-412b-928e-3d6f899db221|10.1.0.5:15023, c424f152-b0b1-403f-ad43-57b6eddc8681|10.1.0.5:15032]|listeners:[], old=null
2024-01-26 21:34:24,030 [grpc-default-executor-4] INFO  server.RaftServer$Division (RaftServerImpl.java:requestVote(1389)) - c424f152-b0b1-403f-ad43-57b6eddc8681@group-C50F9A8FB292: receive requestVote(PRE_VOTE, a4a3addc-657d-412b-928e-3d6f899db221, group-C50F9A8FB292, 0, (t:0, i:0))
2024-01-26 21:34:24,030 [c424f152-b0b1-403f-ad43-57b6eddc8681@group-C50F9A8FB292-LeaderElection17] INFO  impl.LeaderElection (LeaderElection.java:logAndReturn(93)) -   Response 0: c424f152-b0b1-403f-ad43-57b6eddc8681<-67e21e31-4dca-48e2-85b4-2f4b1b69db84#0:OK-t0
2024-01-26 21:34:24,030 [c424f152-b0b1-403f-ad43-57b6eddc8681@group-C50F9A8FB292-LeaderElection17] INFO  impl.LeaderElection (LeaderElection.java:logAndReturn(93)) -   Response 1: c424f152-b0b1-403f-ad43-57b6eddc8681<-a4a3addc-657d-412b-928e-3d6f899db221#0:FAIL-t0
2024-01-26 21:34:24,030 [c424f152-b0b1-403f-ad43-57b6eddc8681@group-C50F9A8FB292-LeaderElection17] INFO  impl.LeaderElection (LeaderElection.java:askForVotes(323)) - c424f152-b0b1-403f-ad43-57b6eddc8681@group-C50F9A8FB292-LeaderElection17 PRE_VOTE round 0: result REJECTED
2024-01-26 21:34:24,030 [c424f152-b0b1-403f-ad43-57b6eddc8681@group-C50F9A8FB292-LeaderElection17] INFO  server.RaftServer$Division (RaftServerImpl.java:setRole(383)) - c424f152-b0b1-403f-ad43-57b6eddc8681@group-C50F9A8FB292: changes role from CANDIDATE to FOLLOWER at term 0 for REJECTED
2024-01-26 21:34:24,030 [c424f152-b0b1-403f-ad43-57b6eddc8681@group-C50F9A8FB292-LeaderElection17] INFO  impl.RoleInfo (RoleInfo.java:shutdownLeaderElection(130)) - c424f152-b0b1-403f-ad43-57b6eddc8681: shutdown c424f152-b0b1-403f-ad43-57b6eddc8681@group-C50F9A8FB292-LeaderElection17
2024-01-26 21:34:24,031 [c424f152-b0b1-403f-ad43-57b6eddc8681@group-C50F9A8FB292-LeaderElection17] INFO  impl.RoleInfo (RoleInfo.java:updateAndGet(139)) - c424f152-b0b1-403f-ad43-57b6eddc8681: start c424f152-b0b1-403f-ad43-57b6eddc8681@group-C50F9A8FB292-FollowerState
2024-01-26 21:34:24,031 [c424f152-b0b1-403f-ad43-57b6eddc8681@group-C50F9A8FB292-LeaderElection17] INFO  server.RaftServer$Division (RaftServerImpl.java:setFirstElection(574)) - c424f152-b0b1-403f-ad43-57b6eddc8681@group-C50F9A8FB292: set firstElectionSinceStartup to false for REJECTED
2024-01-26 21:34:24,033 [a4a3addc-657d-412b-928e-3d6f899db221@group-C50F9A8FB292-LeaderElection16] INFO  impl.LeaderElection (LeaderElection.java:logAndReturn(89)) - a4a3addc-657d-412b-928e-3d6f899db221@group-C50F9A8FB292-LeaderElection16: PRE_VOTE PASSED received 1 response(s) and 0 exception(s):
2024-01-26 21:34:24,033 [a4a3addc-657d-412b-928e-3d6f899db221@group-C50F9A8FB292-LeaderElection16] INFO  impl.LeaderElection (LeaderElection.java:logAndReturn(93)) -   Response 0: a4a3addc-657d-412b-928e-3d6f899db221<-67e21e31-4dca-48e2-85b4-2f4b1b69db84#0:OK-t0
2024-01-26 21:34:24,033 [a4a3addc-657d-412b-928e-3d6f899db221@group-C50F9A8FB292-LeaderElection16] INFO  impl.LeaderElection (LeaderElection.java:askForVotes(323)) - a4a3addc-657d-412b-928e-3d6f899db221@group-C50F9A8FB292-LeaderElection16 PRE_VOTE round 0: result PASSED
2024-01-26 21:34:24,034 [4166fb02-ca0d-4de6-a961-378c6a3b2890@group-0160BF9DF5E3-LeaderElection18] INFO  impl.LeaderElection (LeaderElection.java:askForVotes(321)) - 4166fb02-ca0d-4de6-a961-378c6a3b2890@group-0160BF9DF5E3-LeaderElection18 PRE_VOTE round 0: submit vote requests at term 0 for -1: peers:[209e1d4e-6bc3-40d2-a53c-4015c1ab1ac0|10.1.0.5:15050, 4166fb02-ca0d-4de6-a961-378c6a3b2890|10.1.0.5:15041, 7564b097-4325-4468-ae97-837bc55d7172|10.1.0.5:15059]|listeners:[], old=null
2024-01-26 21:34:24,035 [grpc-default-executor-4] INFO  impl.VoteContext (VoteContext.java:log(49)) - c424f152-b0b1-403f-ad43-57b6eddc8681@group-C50F9A8FB292-FOLLOWER: accept PRE_VOTE from a4a3addc-657d-412b-928e-3d6f899db221: our priority 0 <= candidate's priority 1
2024-01-26 21:34:24,036 [grpc-default-executor-4] INFO  server.RaftServer$Division (RaftServerImpl.java:requestVote(1422)) - c424f152-b0b1-403f-ad43-57b6eddc8681@group-C50F9A8FB292 replies to PRE_VOTE vote request: a4a3addc-657d-412b-928e-3d6f899db221<-c424f152-b0b1-403f-ad43-57b6eddc8681#0:OK-t0. Peer's state: c424f152-b0b1-403f-ad43-57b6eddc8681@group-C50F9A8FB292:t0, leader=null, voted=, raftlog=Memoized:c424f152-b0b1-403f-ad43-57b6eddc8681@group-C50F9A8FB292-SegmentedRaftLog:OPENED:c-1, conf=-1: peers:[67e21e31-4dca-48e2-85b4-2f4b1b69db84|10.1.0.5:15014, a4a3addc-657d-412b-928e-3d6f899db221|10.1.0.5:15023, c424f152-b0b1-403f-ad43-57b6eddc8681|10.1.0.5:15032]|listeners:[], old=null
2024-01-26 21:34:24,035 [a4a3addc-657d-412b-928e-3d6f899db221@group-C50F9A8FB292-LeaderElection16] INFO  impl.LeaderElection (LeaderElection.java:askForVotes(321)) - a4a3addc-657d-412b-928e-3d6f899db221@group-C50F9A8FB292-LeaderElection16 ELECTION round 0: submit vote requests at term 1 for -1: peers:[67e21e31-4dca-48e2-85b4-2f4b1b69db84|10.1.0.5:15014, a4a3addc-657d-412b-928e-3d6f899db221|10.1.0.5:15023, c424f152-b0b1-403f-ad43-57b6eddc8681|10.1.0.5:15032]|listeners:[], old=null
2024-01-26 21:34:24,039 [grpc-default-executor-4] INFO  server.RaftServer$Division (RaftServerImpl.java:requestVote(1389)) - 209e1d4e-6bc3-40d2-a53c-4015c1ab1ac0@group-0160BF9DF5E3: receive requestVote(PRE_VOTE, 4166fb02-ca0d-4de6-a961-378c6a3b2890, group-0160BF9DF5E3, 0, (t:0, i:0))
2024-01-26 21:34:24,039 [grpc-default-executor-4] INFO  impl.VoteContext (VoteContext.java:log(49)) - 209e1d4e-6bc3-40d2-a53c-4015c1ab1ac0@group-0160BF9DF5E3-FOLLOWER: accept PRE_VOTE from 4166fb02-ca0d-4de6-a961-378c6a3b2890: our priority 0 <= candidate's priority 1
2024-01-26 21:34:24,039 [grpc-default-executor-4] INFO  server.RaftServer$Division (RaftServerImpl.java:requestVote(1422)) - 209e1d4e-6bc3-40d2-a53c-4015c1ab1ac0@group-0160BF9DF5E3 replies to PRE_VOTE vote request: 4166fb02-ca0d-4de6-a961-378c6a3b2890<-209e1d4e-6bc3-40d2-a53c-4015c1ab1ac0#0:OK-t0. Peer's state: 209e1d4e-6bc3-40d2-a53c-4015c1ab1ac0@group-0160BF9DF5E3:t0, leader=null, voted=, raftlog=Memoized:209e1d4e-6bc3-40d2-a53c-4015c1ab1ac0@group-0160BF9DF5E3-SegmentedRaftLog:OPENED:c-1, conf=-1: peers:[209e1d4e-6bc3-40d2-a53c-4015c1ab1ac0|10.1.0.5:15050, 4166fb02-ca0d-4de6-a961-378c6a3b2890|10.1.0.5:15041, 7564b097-4325-4468-ae97-837bc55d7172|10.1.0.5:15059]|listeners:[], old=null
2024-01-26 21:34:24,039 [grpc-default-executor-3] INFO  server.RaftServer$Division (RaftServerImpl.java:requestVote(1389)) - 67e21e31-4dca-48e2-85b4-2f4b1b69db84@group-C50F9A8FB292: receive requestVote(ELECTION, a4a3addc-657d-412b-928e-3d6f899db221, group-C50F9A8FB292, 1, (t:0, i:0))
2024-01-26 21:34:24,039 [grpc-default-executor-3] INFO  impl.VoteContext (VoteContext.java:log(49)) - 67e21e31-4dca-48e2-85b4-2f4b1b69db84@group-C50F9A8FB292-FOLLOWER: accept ELECTION from a4a3addc-657d-412b-928e-3d6f899db221: our priority 0 <= candidate's priority 1
2024-01-26 21:34:24,039 [grpc-default-executor-3] INFO  server.RaftServer$Division (RaftServerImpl.java:setRole(383)) - 67e21e31-4dca-48e2-85b4-2f4b1b69db84@group-C50F9A8FB292: changes role from  FOLLOWER to FOLLOWER at term 1 for candidate:a4a3addc-657d-412b-928e-3d6f899db221
2024-01-26 21:34:24,039 [grpc-default-executor-3] INFO  impl.RoleInfo (RoleInfo.java:shutdownFollowerState(110)) - 67e21e31-4dca-48e2-85b4-2f4b1b69db84: shutdown 67e21e31-4dca-48e2-85b4-2f4b1b69db84@group-C50F9A8FB292-FollowerState
2024-01-26 21:34:24,040 [4166fb02-ca0d-4de6-a961-378c6a3b2890@group-0160BF9DF5E3-LeaderElection18] INFO  server.RaftServerConfigKeys (ConfUtils.java:logFallback(53)) - raft.server.rpc.first-election.timeout.min = 5s (fallback to raft.server.rpc.timeout.min)
2024-01-26 21:34:24,040 [4166fb02-ca0d-4de6-a961-378c6a3b2890@group-0160BF9DF5E3-LeaderElection18] INFO  server.RaftServerConfigKeys (ConfUtils.java:logFallback(53)) - raft.server.rpc.first-election.timeout.max = 5200ms (fallback to raft.server.rpc.timeout.max)
2024-01-26 21:34:24,041 [a4a3addc-657d-412b-928e-3d6f899db221@group-C50F9A8FB292-LeaderElection16] INFO  server.RaftServerConfigKeys (ConfUtils.java:logFallback(53)) - raft.server.rpc.first-election.timeout.min = 5s (fallback to raft.server.rpc.timeout.min)
2024-01-26 21:34:24,041 [a4a3addc-657d-412b-928e-3d6f899db221@group-C50F9A8FB292-LeaderElection16] INFO  server.RaftServerConfigKeys (ConfUtils.java:logFallback(53)) - raft.server.rpc.first-election.timeout.max = 5200ms (fallback to raft.server.rpc.timeout.max)
2024-01-26 21:34:24,041 [grpc-default-executor-4] INFO  server.RaftServer$Division (RaftServerImpl.java:requestVote(1389)) - 7564b097-4325-4468-ae97-837bc55d7172@group-0160BF9DF5E3: receive requestVote(PRE_VOTE, 4166fb02-ca0d-4de6-a961-378c6a3b2890, group-0160BF9DF5E3, 0, (t:0, i:0))
2024-01-26 21:34:24,041 [grpc-default-executor-3] INFO  impl.RoleInfo (RoleInfo.java:updateAndGet(139)) - 67e21e31-4dca-48e2-85b4-2f4b1b69db84: start 67e21e31-4dca-48e2-85b4-2f4b1b69db84@group-C50F9A8FB292-FollowerState
2024-01-26 21:34:24,041 [grpc-default-executor-4] INFO  impl.VoteContext (VoteContext.java:log(49)) - 7564b097-4325-4468-ae97-837bc55d7172@group-0160BF9DF5E3-FOLLOWER: accept PRE_VOTE from 4166fb02-ca0d-4de6-a961-378c6a3b2890: our priority 0 <= candidate's priority 1
2024-01-26 21:34:24,042 [67e21e31-4dca-48e2-85b4-2f4b1b69db84@group-C50F9A8FB292-FollowerState] INFO  impl.FollowerState (FollowerState.java:run(152)) - 67e21e31-4dca-48e2-85b4-2f4b1b69db84@group-C50F9A8FB292-FollowerState was interrupted
2024-01-26 21:34:24,042 [grpc-default-executor-4] INFO  server.RaftServer$Division (RaftServerImpl.java:requestVote(1422)) - 7564b097-4325-4468-ae97-837bc55d7172@group-0160BF9DF5E3 replies to PRE_VOTE vote request: 4166fb02-ca0d-4de6-a961-378c6a3b2890<-7564b097-4325-4468-ae97-837bc55d7172#0:OK-t0. Peer's state: 7564b097-4325-4468-ae97-837bc55d7172@group-0160BF9DF5E3:t0, leader=null, voted=, raftlog=Memoized:7564b097-4325-4468-ae97-837bc55d7172@group-0160BF9DF5E3-SegmentedRaftLog:OPENED:c-1, conf=-1: peers:[209e1d4e-6bc3-40d2-a53c-4015c1ab1ac0|10.1.0.5:15050, 4166fb02-ca0d-4de6-a961-378c6a3b2890|10.1.0.5:15041, 7564b097-4325-4468-ae97-837bc55d7172|10.1.0.5:15059]|listeners:[], old=null
2024-01-26 21:34:24,042 [grpc-default-executor-2] INFO  server.RaftServer$Division (RaftServerImpl.java:requestVote(1389)) - c424f152-b0b1-403f-ad43-57b6eddc8681@group-C50F9A8FB292: receive requestVote(ELECTION, a4a3addc-657d-412b-928e-3d6f899db221, group-C50F9A8FB292, 1, (t:0, i:0))
2024-01-26 21:34:24,042 [grpc-default-executor-2] INFO  impl.VoteContext (VoteContext.java:log(49)) - c424f152-b0b1-403f-ad43-57b6eddc8681@group-C50F9A8FB292-FOLLOWER: accept ELECTION from a4a3addc-657d-412b-928e-3d6f899db221: our priority 0 <= candidate's priority 1
2024-01-26 21:34:24,043 [grpc-default-executor-2] INFO  server.RaftServer$Division (RaftServerImpl.java:setRole(383)) - c424f152-b0b1-403f-ad43-57b6eddc8681@group-C50F9A8FB292: changes role from  FOLLOWER to FOLLOWER at term 1 for candidate:a4a3addc-657d-412b-928e-3d6f899db221
2024-01-26 21:34:24,043 [grpc-default-executor-2] INFO  impl.RoleInfo (RoleInfo.java:shutdownFollowerState(110)) - c424f152-b0b1-403f-ad43-57b6eddc8681: shutdown c424f152-b0b1-403f-ad43-57b6eddc8681@group-C50F9A8FB292-FollowerState
2024-01-26 21:34:24,043 [grpc-default-executor-3] INFO  server.RaftServer$Division (RaftServerImpl.java:setFirstElection(574)) - 67e21e31-4dca-48e2-85b4-2f4b1b69db84@group-C50F9A8FB292: set firstElectionSinceStartup to false for candidate:a4a3addc-657d-412b-928e-3d6f899db221
2024-01-26 21:34:24,043 [grpc-default-executor-2] INFO  impl.RoleInfo (RoleInfo.java:updateAndGet(139)) - c424f152-b0b1-403f-ad43-57b6eddc8681: start c424f152-b0b1-403f-ad43-57b6eddc8681@group-C50F9A8FB292-FollowerState
2024-01-26 21:34:24,043 [c424f152-b0b1-403f-ad43-57b6eddc8681@group-C50F9A8FB292-FollowerState] INFO  impl.FollowerState (FollowerState.java:run(152)) - c424f152-b0b1-403f-ad43-57b6eddc8681@group-C50F9A8FB292-FollowerState was interrupted
2024-01-26 21:34:24,044 [grpc-default-executor-3] INFO  server.RaftServer$Division (RaftServerImpl.java:requestVote(1422)) - 67e21e31-4dca-48e2-85b4-2f4b1b69db84@group-C50F9A8FB292 replies to ELECTION vote request: a4a3addc-657d-412b-928e-3d6f899db221<-67e21e31-4dca-48e2-85b4-2f4b1b69db84#0:OK-t1. Peer's state: 67e21e31-4dca-48e2-85b4-2f4b1b69db84@group-C50F9A8FB292:t1, leader=null, voted=a4a3addc-657d-412b-928e-3d6f899db221, raftlog=Memoized:67e21e31-4dca-48e2-85b4-2f4b1b69db84@group-C50F9A8FB292-SegmentedRaftLog:OPENED:c-1, conf=-1: peers:[67e21e31-4dca-48e2-85b4-2f4b1b69db84|10.1.0.5:15014, a4a3addc-657d-412b-928e-3d6f899db221|10.1.0.5:15023, c424f152-b0b1-403f-ad43-57b6eddc8681|10.1.0.5:15032]|listeners:[], old=null
2024-01-26 21:34:24,046 [4166fb02-ca0d-4de6-a961-378c6a3b2890@group-0160BF9DF5E3-LeaderElection18] INFO  impl.LeaderElection (LeaderElection.java:logAndReturn(89)) - 4166fb02-ca0d-4de6-a961-378c6a3b2890@group-0160BF9DF5E3-LeaderElection18: PRE_VOTE PASSED received 1 response(s) and 0 exception(s):
2024-01-26 21:34:24,046 [4166fb02-ca0d-4de6-a961-378c6a3b2890@group-0160BF9DF5E3-LeaderElection18] INFO  impl.LeaderElection (LeaderElection.java:logAndReturn(93)) -   Response 0: 4166fb02-ca0d-4de6-a961-378c6a3b2890<-209e1d4e-6bc3-40d2-a53c-4015c1ab1ac0#0:OK-t0
2024-01-26 21:34:24,046 [4166fb02-ca0d-4de6-a961-378c6a3b2890@group-0160BF9DF5E3-LeaderElection18] INFO  impl.LeaderElection (LeaderElection.java:askForVotes(323)) - 4166fb02-ca0d-4de6-a961-378c6a3b2890@group-0160BF9DF5E3-LeaderElection18 PRE_VOTE round 0: result PASSED
2024-01-26 21:34:24,051 [grpc-default-executor-2] INFO  server.RaftServer$Division (RaftServerImpl.java:requestVote(1422)) - c424f152-b0b1-403f-ad43-57b6eddc8681@group-C50F9A8FB292 replies to ELECTION vote request: a4a3addc-657d-412b-928e-3d6f899db221<-c424f152-b0b1-403f-ad43-57b6eddc8681#0:OK-t1. Peer's state: c424f152-b0b1-403f-ad43-57b6eddc8681@group-C50F9A8FB292:t1, leader=null, voted=a4a3addc-657d-412b-928e-3d6f899db221, raftlog=Memoized:c424f152-b0b1-403f-ad43-57b6eddc8681@group-C50F9A8FB292-SegmentedRaftLog:OPENED:c-1, conf=-1: peers:[67e21e31-4dca-48e2-85b4-2f4b1b69db84|10.1.0.5:15014, a4a3addc-657d-412b-928e-3d6f899db221|10.1.0.5:15023, c424f152-b0b1-403f-ad43-57b6eddc8681|10.1.0.5:15032]|listeners:[], old=null
2024-01-26 21:34:24,050 [a4a3addc-657d-412b-928e-3d6f899db221@group-C50F9A8FB292-LeaderElection16] INFO  impl.LeaderElection (LeaderElection.java:logAndReturn(89)) - a4a3addc-657d-412b-928e-3d6f899db221@group-C50F9A8FB292-LeaderElection16: ELECTION PASSED received 1 response(s) and 0 exception(s):
2024-01-26 21:34:24,055 [a4a3addc-657d-412b-928e-3d6f899db221@group-C50F9A8FB292-LeaderElection16] INFO  impl.LeaderElection (LeaderElection.java:logAndReturn(93)) -   Response 0: a4a3addc-657d-412b-928e-3d6f899db221<-67e21e31-4dca-48e2-85b4-2f4b1b69db84#0:OK-t1
2024-01-26 21:34:24,055 [a4a3addc-657d-412b-928e-3d6f899db221@group-C50F9A8FB292-LeaderElection16] INFO  impl.LeaderElection (LeaderElection.java:askForVotes(323)) - a4a3addc-657d-412b-928e-3d6f899db221@group-C50F9A8FB292-LeaderElection16 ELECTION round 0: result PASSED
2024-01-26 21:34:24,055 [a4a3addc-657d-412b-928e-3d6f899db221@group-C50F9A8FB292-LeaderElection16] INFO  impl.RoleInfo (RoleInfo.java:shutdownLeaderElection(130)) - a4a3addc-657d-412b-928e-3d6f899db221: shutdown a4a3addc-657d-412b-928e-3d6f899db221@group-C50F9A8FB292-LeaderElection16
2024-01-26 21:34:24,055 [a4a3addc-657d-412b-928e-3d6f899db221@group-C50F9A8FB292-LeaderElection16] INFO  server.RaftServer$Division (RaftServerImpl.java:setRole(383)) - a4a3addc-657d-412b-928e-3d6f899db221@group-C50F9A8FB292: changes role from CANDIDATE to LEADER at term 1 for changeToLeader
2024-01-26 21:34:24,055 [a4a3addc-657d-412b-928e-3d6f899db221@group-C50F9A8FB292-LeaderElection16] INFO  server.RaftServerConfigKeys (ConfUtils.java:logGet(46)) - raft.server.staging.catchup.gap = 1000 (default)
2024-01-26 21:34:24,055 [a4a3addc-657d-412b-928e-3d6f899db221@group-C50F9A8FB292-LeaderElection16] INFO  server.RaftServerConfigKeys (ConfUtils.java:logGet(46)) - raft.server.write.element-limit = 1024 (custom)
2024-01-26 21:34:24,056 [a4a3addc-657d-412b-928e-3d6f899db221@group-C50F9A8FB292-LeaderElection16] INFO  server.RaftServerConfigKeys (ConfUtils.java:logGet(46)) - raft.server.write.byte-limit = 1024 M (=1073741824) (custom)
2024-01-26 21:34:24,057 [4166fb02-ca0d-4de6-a961-378c6a3b2890@group-0160BF9DF5E3-LeaderElection18] INFO  impl.LeaderElection (LeaderElection.java:askForVotes(321)) - 4166fb02-ca0d-4de6-a961-378c6a3b2890@group-0160BF9DF5E3-LeaderElection18 ELECTION round 0: submit vote requests at term 1 for -1: peers:[209e1d4e-6bc3-40d2-a53c-4015c1ab1ac0|10.1.0.5:15050, 4166fb02-ca0d-4de6-a961-378c6a3b2890|10.1.0.5:15041, 7564b097-4325-4468-ae97-837bc55d7172|10.1.0.5:15059]|listeners:[], old=null
2024-01-26 21:34:24,057 [a4a3addc-657d-412b-928e-3d6f899db221@group-C50F9A8FB292-LeaderElection16] INFO  server.RaftServerConfigKeys (ConfUtils.java:logGet(46)) - raft.server.watch.timeout = 180s (custom)
2024-01-26 21:34:24,057 [a4a3addc-657d-412b-928e-3d6f899db221@group-C50F9A8FB292-LeaderElection16] INFO  server.RaftServerConfigKeys (ConfUtils.java:logGet(46)) - raft.server.watch.timeout.denomination = 1s (default)
2024-01-26 21:34:24,057 [a4a3addc-657d-412b-928e-3d6f899db221@group-C50F9A8FB292-LeaderElection16] INFO  server.RaftServerConfigKeys (ConfUtils.java:logGet(46)) - raft.server.watch.element-limit = 65536 (default)
2024-01-26 21:34:24,057 [a4a3addc-657d-412b-928e-3d6f899db221@group-C50F9A8FB292-LeaderElection16] INFO  server.RaftServerConfigKeys (ConfUtils.java:logGet(46)) - raft.server.read.leader.lease.enabled = false (default)
2024-01-26 21:34:24,057 [a4a3addc-657d-412b-928e-3d6f899db221@group-C50F9A8FB292-LeaderElection16] INFO  server.RaftServerConfigKeys (ConfUtils.java:logGet(46)) - raft.server.read.leader.lease.timeout.ratio = 0.9 (default)
2024-01-26 21:34:24,057 [a4a3addc-657d-412b-928e-3d6f899db221@group-C50F9A8FB292-LeaderElection16] INFO  server.RaftServerConfigKeys (ConfUtils.java:logGet(46)) - raft.server.rpc.timeout.min = 5s (custom)
2024-01-26 21:34:24,057 [a4a3addc-657d-412b-928e-3d6f899db221@group-C50F9A8FB292-LeaderElection16] INFO  server.RaftServerConfigKeys (ConfUtils.java:logGet(46)) - raft.server.write.element-limit = 1024 (custom)
2024-01-26 21:34:24,057 [a4a3addc-657d-412b-928e-3d6f899db221@group-C50F9A8FB292-LeaderElection16] INFO  server.RaftServerConfigKeys (ConfUtils.java:logGet(46)) - raft.server.write.follower.gap.ratio.max = -1.0 (default)
2024-01-26 21:34:24,058 [a4a3addc-657d-412b-928e-3d6f899db221@group-C50F9A8FB292-LeaderElection16] INFO  server.RaftServerConfigKeys (ConfUtils.java:logGet(46)) - raft.server.log.appender.snapshot.chunk.size.max = 16MB (=16777216) (default)
2024-01-26 21:34:24,058 [a4a3addc-657d-412b-928e-3d6f899db221@group-C50F9A8FB292-LeaderElection16] INFO  server.RaftServerConfigKeys (ConfUtils.java:logGet(46)) - raft.server.log.appender.buffer.byte-limit = 8388608 (custom)
2024-01-26 21:34:24,058 [grpc-default-executor-2] INFO  server.RaftServer$Division (RaftServerImpl.java:requestVote(1389)) - 209e1d4e-6bc3-40d2-a53c-4015c1ab1ac0@group-0160BF9DF5E3: receive requestVote(ELECTION, 4166fb02-ca0d-4de6-a961-378c6a3b2890, group-0160BF9DF5E3, 1, (t:0, i:0))
2024-01-26 21:34:24,058 [a4a3addc-657d-412b-928e-3d6f899db221@group-C50F9A8FB292-LeaderElection16] INFO  server.RaftServerConfigKeys (ConfUtils.java:logGet(46)) - raft.server.log.appender.buffer.element-limit = 1 (custom)
2024-01-26 21:34:24,058 [grpc-default-executor-2] INFO  impl.VoteContext (VoteContext.java:log(49)) - 209e1d4e-6bc3-40d2-a53c-4015c1ab1ac0@group-0160BF9DF5E3-FOLLOWER: accept ELECTION from 4166fb02-ca0d-4de6-a961-378c6a3b2890: our priority 0 <= candidate's priority 1
2024-01-26 21:34:24,058 [grpc-default-executor-2] INFO  server.RaftServer$Division (RaftServerImpl.java:setRole(383)) - 209e1d4e-6bc3-40d2-a53c-4015c1ab1ac0@group-0160BF9DF5E3: changes role from  FOLLOWER to FOLLOWER at term 1 for candidate:4166fb02-ca0d-4de6-a961-378c6a3b2890
2024-01-26 21:34:24,058 [grpc-default-executor-2] INFO  impl.RoleInfo (RoleInfo.java:shutdownFollowerState(110)) - 209e1d4e-6bc3-40d2-a53c-4015c1ab1ac0: shutdown 209e1d4e-6bc3-40d2-a53c-4015c1ab1ac0@group-0160BF9DF5E3-FollowerState
2024-01-26 21:34:24,059 [4166fb02-ca0d-4de6-a961-378c6a3b2890@group-0160BF9DF5E3-LeaderElection18] INFO  server.RaftServerConfigKeys (ConfUtils.java:logFallback(53)) - raft.server.rpc.first-election.timeout.min = 5s (fallback to raft.server.rpc.timeout.min)
2024-01-26 21:34:24,059 [4166fb02-ca0d-4de6-a961-378c6a3b2890@group-0160BF9DF5E3-LeaderElection18] INFO  server.RaftServerConfigKeys (ConfUtils.java:logFallback(53)) - raft.server.rpc.first-election.timeout.max = 5200ms (fallback to raft.server.rpc.timeout.max)
2024-01-26 21:34:24,060 [grpc-default-executor-2] INFO  impl.RoleInfo (RoleInfo.java:updateAndGet(139)) - 209e1d4e-6bc3-40d2-a53c-4015c1ab1ac0: start 209e1d4e-6bc3-40d2-a53c-4015c1ab1ac0@group-0160BF9DF5E3-FollowerState
2024-01-26 21:34:24,060 [a4a3addc-657d-412b-928e-3d6f899db221@group-C50F9A8FB292-LeaderElection16] INFO  server.RaftServerConfigKeys (ConfUtils.java:logGet(46)) - raft.server.log.appender.wait-time.min = 0μs (custom)
2024-01-26 21:34:24,060 [209e1d4e-6bc3-40d2-a53c-4015c1ab1ac0@group-0160BF9DF5E3-FollowerState] INFO  impl.FollowerState (FollowerState.java:run(152)) - 209e1d4e-6bc3-40d2-a53c-4015c1ab1ac0@group-0160BF9DF5E3-FollowerState was interrupted
2024-01-26 21:34:24,060 [a4a3addc-657d-412b-928e-3d6f899db221@group-C50F9A8FB292-LeaderElection16] INFO  grpc.GrpcConfigKeys (ConfUtils.java:logGet(46)) - raft.grpc.server.leader.outstanding.appends.max = 8 (default)
2024-01-26 21:34:24,060 [a4a3addc-657d-412b-928e-3d6f899db221@group-C50F9A8FB292-LeaderElection16] INFO  server.RaftServerConfigKeys (ConfUtils.java:logGet(46)) - raft.server.rpc.request.timeout = 60s (custom)
2024-01-26 21:34:24,060 [a4a3addc-657d-412b-928e-3d6f899db221@group-C50F9A8FB292-LeaderElection16] INFO  grpc.GrpcConfigKeys (ConfUtils.java:logGet(46)) - raft.grpc.server.install_snapshot.request.element-limit = 8 (default)
2024-01-26 21:34:24,060 [a4a3addc-657d-412b-928e-3d6f899db221@group-C50F9A8FB292-LeaderElection16] INFO  grpc.GrpcConfigKeys (ConfUtils.java:logGet(46)) - raft.grpc.server.install_snapshot.request.timeout = 3000ms (default)
2024-01-26 21:34:24,060 [a4a3addc-657d-412b-928e-3d6f899db221@group-C50F9A8FB292-LeaderElection16] INFO  grpc.GrpcConfigKeys (ConfUtils.java:logGet(46)) - raft.grpc.server.log-message.batch.duration = 5s (default)
2024-01-26 21:34:24,060 [a4a3addc-657d-412b-928e-3d6f899db221@group-C50F9A8FB292-LeaderElection16] INFO  server.RaftServerConfigKeys (ConfUtils.java:logGet(46)) - raft.server.log.appender.install.snapshot.enabled = false (custom)
2024-01-26 21:34:24,060 [a4a3addc-657d-412b-928e-3d6f899db221@group-C50F9A8FB292-LeaderElection16] INFO  grpc.GrpcConfigKeys (ConfUtils.java:logGet(46)) - raft.grpc.server.heartbeat.channel = true (default)
2024-01-26 21:34:24,061 [grpc-default-executor-2] INFO  server.RaftServer$Division (RaftServerImpl.java:setFirstElection(574)) - 209e1d4e-6bc3-40d2-a53c-4015c1ab1ac0@group-0160BF9DF5E3: set firstElectionSinceStartup to false for candidate:4166fb02-ca0d-4de6-a961-378c6a3b2890
2024-01-26 21:34:24,062 [a4a3addc-657d-412b-928e-3d6f899db221@group-C50F9A8FB292-LeaderElection16] INFO  server.RaftServerConfigKeys (ConfUtils.java:logGet(46)) - raft.server.log.appender.snapshot.chunk.size.max = 16MB (=16777216) (default)
2024-01-26 21:34:24,062 [a4a3addc-657d-412b-928e-3d6f899db221@group-C50F9A8FB292-LeaderElection16] INFO  server.RaftServerConfigKeys (ConfUtils.java:logGet(46)) - raft.server.log.appender.buffer.byte-limit = 8388608 (custom)
2024-01-26 21:34:24,062 [a4a3addc-657d-412b-928e-3d6f899db221@group-C50F9A8FB292-LeaderElection16] INFO  server.RaftServerConfigKeys (ConfUtils.java:logGet(46)) - raft.server.log.appender.buffer.element-limit = 1 (custom)
2024-01-26 21:34:24,062 [grpc-default-executor-3] INFO  server.RaftServer$Division (RaftServerImpl.java:requestVote(1389)) - 7564b097-4325-4468-ae97-837bc55d7172@group-0160BF9DF5E3: receive requestVote(ELECTION, 4166fb02-ca0d-4de6-a961-378c6a3b2890, group-0160BF9DF5E3, 1, (t:0, i:0))
2024-01-26 21:34:24,062 [a4a3addc-657d-412b-928e-3d6f899db221@group-C50F9A8FB292-LeaderElection16] INFO  server.RaftServerConfigKeys (ConfUtils.java:logGet(46)) - raft.server.log.appender.wait-time.min = 0μs (custom)
2024-01-26 21:34:24,062 [grpc-default-executor-3] INFO  impl.VoteContext (VoteContext.java:log(49)) - 7564b097-4325-4468-ae97-837bc55d7172@group-0160BF9DF5E3-FOLLOWER: accept ELECTION from 4166fb02-ca0d-4de6-a961-378c6a3b2890: our priority 0 <= candidate's priority 1
2024-01-26 21:34:24,063 [grpc-default-executor-3] INFO  server.RaftServer$Division (RaftServerImpl.java:setRole(383)) - 7564b097-4325-4468-ae97-837bc55d7172@group-0160BF9DF5E3: changes role from  FOLLOWER to FOLLOWER at term 1 for candidate:4166fb02-ca0d-4de6-a961-378c6a3b2890
2024-01-26 21:34:24,063 [grpc-default-executor-3] INFO  impl.RoleInfo (RoleInfo.java:shutdownFollowerState(110)) - 7564b097-4325-4468-ae97-837bc55d7172: shutdown 7564b097-4325-4468-ae97-837bc55d7172@group-0160BF9DF5E3-FollowerState
2024-01-26 21:34:24,063 [grpc-default-executor-3] INFO  impl.RoleInfo (RoleInfo.java:updateAndGet(139)) - 7564b097-4325-4468-ae97-837bc55d7172: start 7564b097-4325-4468-ae97-837bc55d7172@group-0160BF9DF5E3-FollowerState
2024-01-26 21:34:24,063 [7564b097-4325-4468-ae97-837bc55d7172@group-0160BF9DF5E3-FollowerState] INFO  impl.FollowerState (FollowerState.java:run(152)) - 7564b097-4325-4468-ae97-837bc55d7172@group-0160BF9DF5E3-FollowerState was interrupted
2024-01-26 21:34:24,063 [a4a3addc-657d-412b-928e-3d6f899db221@group-C50F9A8FB292-LeaderElection16] INFO  grpc.GrpcConfigKeys (ConfUtils.java:logGet(46)) - raft.grpc.server.leader.outstanding.appends.max = 8 (default)
2024-01-26 21:34:24,063 [a4a3addc-657d-412b-928e-3d6f899db221@group-C50F9A8FB292-LeaderElection16] INFO  server.RaftServerConfigKeys (ConfUtils.java:logGet(46)) - raft.server.rpc.request.timeout = 60s (custom)
2024-01-26 21:34:24,063 [a4a3addc-657d-412b-928e-3d6f899db221@group-C50F9A8FB292-LeaderElection16] INFO  grpc.GrpcConfigKeys (ConfUtils.java:logGet(46)) - raft.grpc.server.install_snapshot.request.element-limit = 8 (default)
2024-01-26 21:34:24,063 [a4a3addc-657d-412b-928e-3d6f899db221@group-C50F9A8FB292-LeaderElection16] INFO  grpc.GrpcConfigKeys (ConfUtils.java:logGet(46)) - raft.grpc.server.install_snapshot.request.timeout = 3000ms (default)
2024-01-26 21:34:24,064 [a4a3addc-657d-412b-928e-3d6f899db221@group-C50F9A8FB292-LeaderElection16] INFO  grpc.GrpcConfigKeys (ConfUtils.java:logGet(46)) - raft.grpc.server.log-message.batch.duration = 5s (default)
2024-01-26 21:34:24,064 [a4a3addc-657d-412b-928e-3d6f899db221@group-C50F9A8FB292-LeaderElection16] INFO  server.RaftServerConfigKeys (ConfUtils.java:logGet(46)) - raft.server.log.appender.install.snapshot.enabled = false (custom)
2024-01-26 21:34:24,064 [a4a3addc-657d-412b-928e-3d6f899db221@group-C50F9A8FB292-LeaderElection16] INFO  grpc.GrpcConfigKeys (ConfUtils.java:logGet(46)) - raft.grpc.server.heartbeat.channel = true (default)
2024-01-26 21:34:24,063 [grpc-default-executor-2] INFO  server.RaftServer$Division (RaftServerImpl.java:requestVote(1422)) - 209e1d4e-6bc3-40d2-a53c-4015c1ab1ac0@group-0160BF9DF5E3 replies to ELECTION vote request: 4166fb02-ca0d-4de6-a961-378c6a3b2890<-209e1d4e-6bc3-40d2-a53c-4015c1ab1ac0#0:OK-t1. Peer's state: 209e1d4e-6bc3-40d2-a53c-4015c1ab1ac0@group-0160BF9DF5E3:t1, leader=null, voted=4166fb02-ca0d-4de6-a961-378c6a3b2890, raftlog=Memoized:209e1d4e-6bc3-40d2-a53c-4015c1ab1ac0@group-0160BF9DF5E3-SegmentedRaftLog:OPENED:c-1, conf=-1: peers:[209e1d4e-6bc3-40d2-a53c-4015c1ab1ac0|10.1.0.5:15050, 4166fb02-ca0d-4de6-a961-378c6a3b2890|10.1.0.5:15041, 7564b097-4325-4468-ae97-837bc55d7172|10.1.0.5:15059]|listeners:[], old=null
2024-01-26 21:34:24,065 [a4a3addc-657d-412b-928e-3d6f899db221@group-C50F9A8FB292-LeaderElection16] INFO  impl.RoleInfo (RoleInfo.java:updateAndGet(139)) - a4a3addc-657d-412b-928e-3d6f899db221: start a4a3addc-657d-412b-928e-3d6f899db221@group-C50F9A8FB292-LeaderStateImpl
2024-01-26 21:34:24,065 [a4a3addc-657d-412b-928e-3d6f899db221@group-C50F9A8FB292-LeaderElection16] INFO  server.RaftServer$Division (RaftServerImpl.java:setFirstElection(574)) - a4a3addc-657d-412b-928e-3d6f899db221@group-C50F9A8FB292: set firstElectionSinceStartup to false for becomeLeader
2024-01-26 21:34:24,065 [a4a3addc-657d-412b-928e-3d6f899db221@group-C50F9A8FB292-LeaderElection16] INFO  ratis.XceiverServerRatis (XceiverServerRatis.java:handleLeaderChangedNotification(945)) - Leader change notification received for group: group-C50F9A8FB292 with new leaderId: a4a3addc-657d-412b-928e-3d6f899db221
2024-01-26 21:34:24,068 [a4a3addc-657d-412b-928e-3d6f899db221@group-C50F9A8FB292-LeaderElection16] INFO  server.RaftServer$Division (ServerState.java:setLeader(269)) - a4a3addc-657d-412b-928e-3d6f899db221@group-C50F9A8FB292: change Leader from null to a4a3addc-657d-412b-928e-3d6f899db221 at term 1 for becomeLeader, leader elected after 5441ms
2024-01-26 21:34:24,068 [a4a3addc-657d-412b-928e-3d6f899db221@group-C50F9A8FB292-LeaderElection16] INFO  segmented.SegmentedRaftLogWorker (SegmentedRaftLogWorker.java:startLogSegment(430)) - a4a3addc-657d-412b-928e-3d6f899db221@group-C50F9A8FB292-SegmentedRaftLogWorker: Starting segment from index:0
2024-01-26 21:34:24,068 [4166fb02-ca0d-4de6-a961-378c6a3b2890@group-0160BF9DF5E3-LeaderElection18] INFO  impl.LeaderElection (LeaderElection.java:logAndReturn(89)) - 4166fb02-ca0d-4de6-a961-378c6a3b2890@group-0160BF9DF5E3-LeaderElection18: ELECTION PASSED received 1 response(s) and 0 exception(s):
2024-01-26 21:34:24,068 [4166fb02-ca0d-4de6-a961-378c6a3b2890@group-0160BF9DF5E3-LeaderElection18] INFO  impl.LeaderElection (LeaderElection.java:logAndReturn(93)) -   Response 0: 4166fb02-ca0d-4de6-a961-378c6a3b2890<-209e1d4e-6bc3-40d2-a53c-4015c1ab1ac0#0:OK-t1
2024-01-26 21:34:24,068 [4166fb02-ca0d-4de6-a961-378c6a3b2890@group-0160BF9DF5E3-LeaderElection18] INFO  impl.LeaderElection (LeaderElection.java:askForVotes(323)) - 4166fb02-ca0d-4de6-a961-378c6a3b2890@group-0160BF9DF5E3-LeaderElection18 ELECTION round 0: result PASSED
2024-01-26 21:34:24,069 [4166fb02-ca0d-4de6-a961-378c6a3b2890@group-0160BF9DF5E3-LeaderElection18] INFO  impl.RoleInfo (RoleInfo.java:shutdownLeaderElection(130)) - 4166fb02-ca0d-4de6-a961-378c6a3b2890: shutdown 4166fb02-ca0d-4de6-a961-378c6a3b2890@group-0160BF9DF5E3-LeaderElection18
2024-01-26 21:34:24,069 [4166fb02-ca0d-4de6-a961-378c6a3b2890@group-0160BF9DF5E3-LeaderElection18] INFO  server.RaftServer$Division (RaftServerImpl.java:setRole(383)) - 4166fb02-ca0d-4de6-a961-378c6a3b2890@group-0160BF9DF5E3: changes role from CANDIDATE to LEADER at term 1 for changeToLeader
2024-01-26 21:34:24,069 [4166fb02-ca0d-4de6-a961-378c6a3b2890@group-0160BF9DF5E3-LeaderElection18] INFO  server.RaftServerConfigKeys (ConfUtils.java:logGet(46)) - raft.server.staging.catchup.gap = 1000 (default)
2024-01-26 21:34:24,069 [4166fb02-ca0d-4de6-a961-378c6a3b2890@group-0160BF9DF5E3-LeaderElection18] INFO  server.RaftServerConfigKeys (ConfUtils.java:logGet(46)) - raft.server.write.element-limit = 1024 (custom)
2024-01-26 21:34:24,069 [4166fb02-ca0d-4de6-a961-378c6a3b2890@group-0160BF9DF5E3-LeaderElection18] INFO  server.RaftServerConfigKeys (ConfUtils.java:logGet(46)) - raft.server.write.byte-limit = 1024 M (=1073741824) (custom)
2024-01-26 21:34:24,069 [4166fb02-ca0d-4de6-a961-378c6a3b2890@group-0160BF9DF5E3-LeaderElection18] INFO  server.RaftServerConfigKeys (ConfUtils.java:logGet(46)) - raft.server.watch.timeout = 180s (custom)
2024-01-26 21:34:24,069 [4166fb02-ca0d-4de6-a961-378c6a3b2890@group-0160BF9DF5E3-LeaderElection18] INFO  server.RaftServerConfigKeys (ConfUtils.java:logGet(46)) - raft.server.watch.timeout.denomination = 1s (default)
2024-01-26 21:34:24,070 [4166fb02-ca0d-4de6-a961-378c6a3b2890@group-0160BF9DF5E3-LeaderElection18] INFO  server.RaftServerConfigKeys (ConfUtils.java:logGet(46)) - raft.server.watch.element-limit = 65536 (default)
2024-01-26 21:34:24,070 [4166fb02-ca0d-4de6-a961-378c6a3b2890@group-0160BF9DF5E3-LeaderElection18] INFO  server.RaftServerConfigKeys (ConfUtils.java:logGet(46)) - raft.server.read.leader.lease.enabled = false (default)
2024-01-26 21:34:24,070 [4166fb02-ca0d-4de6-a961-378c6a3b2890@group-0160BF9DF5E3-LeaderElection18] INFO  server.RaftServerConfigKeys (ConfUtils.java:logGet(46)) - raft.server.read.leader.lease.timeout.ratio = 0.9 (default)
2024-01-26 21:34:24,070 [4166fb02-ca0d-4de6-a961-378c6a3b2890@group-0160BF9DF5E3-LeaderElection18] INFO  server.RaftServerConfigKeys (ConfUtils.java:logGet(46)) - raft.server.rpc.timeout.min = 5s (custom)
2024-01-26 21:34:24,070 [4166fb02-ca0d-4de6-a961-378c6a3b2890@group-0160BF9DF5E3-LeaderElection18] INFO  server.RaftServerConfigKeys (ConfUtils.java:logGet(46)) - raft.server.write.element-limit = 1024 (custom)
2024-01-26 21:34:24,070 [EventQueue-PipelineReportForPipelineReportHandler] INFO  pipeline.PipelineReportHandler (PipelineReportHandler.java:processPipelineReport(136)) - Opened pipeline PipelineID=15d2e455-1fb4-4503-ac7a-c50f9a8fb292
2024-01-26 21:34:24,071 [grpc-default-executor-3] INFO  server.RaftServer$Division (RaftServerImpl.java:requestVote(1422)) - 7564b097-4325-4468-ae97-837bc55d7172@group-0160BF9DF5E3 replies to ELECTION vote request: 4166fb02-ca0d-4de6-a961-378c6a3b2890<-7564b097-4325-4468-ae97-837bc55d7172#0:OK-t1. Peer's state: 7564b097-4325-4468-ae97-837bc55d7172@group-0160BF9DF5E3:t1, leader=null, voted=4166fb02-ca0d-4de6-a961-378c6a3b2890, raftlog=Memoized:7564b097-4325-4468-ae97-837bc55d7172@group-0160BF9DF5E3-SegmentedRaftLog:OPENED:c-1, conf=-1: peers:[209e1d4e-6bc3-40d2-a53c-4015c1ab1ac0|10.1.0.5:15050, 4166fb02-ca0d-4de6-a961-378c6a3b2890|10.1.0.5:15041, 7564b097-4325-4468-ae97-837bc55d7172|10.1.0.5:15059]|listeners:[], old=null
2024-01-26 21:34:24,070 [4166fb02-ca0d-4de6-a961-378c6a3b2890@group-0160BF9DF5E3-LeaderElection18] INFO  server.RaftServerConfigKeys (ConfUtils.java:logGet(46)) - raft.server.write.follower.gap.ratio.max = -1.0 (default)
2024-01-26 21:34:24,072 [4166fb02-ca0d-4de6-a961-378c6a3b2890@group-0160BF9DF5E3-LeaderElection18] INFO  server.RaftServerConfigKeys (ConfUtils.java:logGet(46)) - raft.server.log.appender.snapshot.chunk.size.max = 16MB (=16777216) (default)
2024-01-26 21:34:24,072 [4166fb02-ca0d-4de6-a961-378c6a3b2890@group-0160BF9DF5E3-LeaderElection18] INFO  server.RaftServerConfigKeys (ConfUtils.java:logGet(46)) - raft.server.log.appender.buffer.byte-limit = 8388608 (custom)
2024-01-26 21:34:24,072 [4166fb02-ca0d-4de6-a961-378c6a3b2890@group-0160BF9DF5E3-LeaderElection18] INFO  server.RaftServerConfigKeys (ConfUtils.java:logGet(46)) - raft.server.log.appender.buffer.element-limit = 1 (custom)
2024-01-26 21:34:24,072 [4166fb02-ca0d-4de6-a961-378c6a3b2890@group-0160BF9DF5E3-LeaderElection18] INFO  server.RaftServerConfigKeys (ConfUtils.java:logGet(46)) - raft.server.log.appender.wait-time.min = 0μs (custom)
2024-01-26 21:34:24,072 [4166fb02-ca0d-4de6-a961-378c6a3b2890@group-0160BF9DF5E3-LeaderElection18] INFO  grpc.GrpcConfigKeys (ConfUtils.java:logGet(46)) - raft.grpc.server.leader.outstanding.appends.max = 8 (default)
2024-01-26 21:34:24,072 [4166fb02-ca0d-4de6-a961-378c6a3b2890@group-0160BF9DF5E3-LeaderElection18] INFO  server.RaftServerConfigKeys (ConfUtils.java:logGet(46)) - raft.server.rpc.request.timeout = 60s (custom)
2024-01-26 21:34:24,072 [4166fb02-ca0d-4de6-a961-378c6a3b2890@group-0160BF9DF5E3-LeaderElection18] INFO  grpc.GrpcConfigKeys (ConfUtils.java:logGet(46)) - raft.grpc.server.install_snapshot.request.element-limit = 8 (default)
2024-01-26 21:34:24,072 [4166fb02-ca0d-4de6-a961-378c6a3b2890@group-0160BF9DF5E3-LeaderElection18] INFO  grpc.GrpcConfigKeys (ConfUtils.java:logGet(46)) - raft.grpc.server.install_snapshot.request.timeout = 3000ms (default)
2024-01-26 21:34:24,072 [4166fb02-ca0d-4de6-a961-378c6a3b2890@group-0160BF9DF5E3-LeaderElection18] INFO  grpc.GrpcConfigKeys (ConfUtils.java:logGet(46)) - raft.grpc.server.log-message.batch.duration = 5s (default)
2024-01-26 21:34:24,072 [4166fb02-ca0d-4de6-a961-378c6a3b2890@group-0160BF9DF5E3-LeaderElection18] INFO  server.RaftServerConfigKeys (ConfUtils.java:logGet(46)) - raft.server.log.appender.install.snapshot.enabled = false (custom)
2024-01-26 21:34:24,073 [4166fb02-ca0d-4de6-a961-378c6a3b2890@group-0160BF9DF5E3-LeaderElection18] INFO  grpc.GrpcConfigKeys (ConfUtils.java:logGet(46)) - raft.grpc.server.heartbeat.channel = true (default)
2024-01-26 21:34:24,074 [4166fb02-ca0d-4de6-a961-378c6a3b2890@group-0160BF9DF5E3-LeaderElection18] INFO  server.RaftServerConfigKeys (ConfUtils.java:logGet(46)) - raft.server.log.appender.snapshot.chunk.size.max = 16MB (=16777216) (default)
2024-01-26 21:34:24,074 [4166fb02-ca0d-4de6-a961-378c6a3b2890@group-0160BF9DF5E3-LeaderElection18] INFO  server.RaftServerConfigKeys (ConfUtils.java:logGet(46)) - raft.server.log.appender.buffer.byte-limit = 8388608 (custom)
2024-01-26 21:34:24,074 [4166fb02-ca0d-4de6-a961-378c6a3b2890@group-0160BF9DF5E3-LeaderElection18] INFO  server.RaftServerConfigKeys (ConfUtils.java:logGet(46)) - raft.server.log.appender.buffer.element-limit = 1 (custom)
2024-01-26 21:34:24,074 [4166fb02-ca0d-4de6-a961-378c6a3b2890@group-0160BF9DF5E3-LeaderElection18] INFO  server.RaftServerConfigKeys (ConfUtils.java:logGet(46)) - raft.server.log.appender.wait-time.min = 0μs (custom)
2024-01-26 21:34:24,074 [4166fb02-ca0d-4de6-a961-378c6a3b2890@group-0160BF9DF5E3-LeaderElection18] INFO  grpc.GrpcConfigKeys (ConfUtils.java:logGet(46)) - raft.grpc.server.leader.outstanding.appends.max = 8 (default)
2024-01-26 21:34:24,074 [4166fb02-ca0d-4de6-a961-378c6a3b2890@group-0160BF9DF5E3-LeaderElection18] INFO  server.RaftServerConfigKeys (ConfUtils.java:logGet(46)) - raft.server.rpc.request.timeout = 60s (custom)
2024-01-26 21:34:24,074 [4166fb02-ca0d-4de6-a961-378c6a3b2890@group-0160BF9DF5E3-LeaderElection18] INFO  grpc.GrpcConfigKeys (ConfUtils.java:logGet(46)) - raft.grpc.server.install_snapshot.request.element-limit = 8 (default)
2024-01-26 21:34:24,081 [4166fb02-ca0d-4de6-a961-378c6a3b2890@group-0160BF9DF5E3-LeaderElection18] INFO  grpc.GrpcConfigKeys (ConfUtils.java:logGet(46)) - raft.grpc.server.install_snapshot.request.timeout = 3000ms (default)
2024-01-26 21:34:24,081 [4166fb02-ca0d-4de6-a961-378c6a3b2890@group-0160BF9DF5E3-LeaderElection18] INFO  grpc.GrpcConfigKeys (ConfUtils.java:logGet(46)) - raft.grpc.server.log-message.batch.duration = 5s (default)
2024-01-26 21:34:24,081 [4166fb02-ca0d-4de6-a961-378c6a3b2890@group-0160BF9DF5E3-LeaderElection18] INFO  server.RaftServerConfigKeys (ConfUtils.java:logGet(46)) - raft.server.log.appender.install.snapshot.enabled = false (custom)
2024-01-26 21:34:24,081 [4166fb02-ca0d-4de6-a961-378c6a3b2890@group-0160BF9DF5E3-LeaderElection18] INFO  grpc.GrpcConfigKeys (ConfUtils.java:logGet(46)) - raft.grpc.server.heartbeat.channel = true (default)
2024-01-26 21:34:24,081 [4166fb02-ca0d-4de6-a961-378c6a3b2890@group-0160BF9DF5E3-LeaderElection18] INFO  impl.RoleInfo (RoleInfo.java:updateAndGet(139)) - 4166fb02-ca0d-4de6-a961-378c6a3b2890: start 4166fb02-ca0d-4de6-a961-378c6a3b2890@group-0160BF9DF5E3-LeaderStateImpl
2024-01-26 21:34:24,081 [4166fb02-ca0d-4de6-a961-378c6a3b2890@group-0160BF9DF5E3-LeaderElection18] INFO  server.RaftServer$Division (RaftServerImpl.java:setFirstElection(574)) - 4166fb02-ca0d-4de6-a961-378c6a3b2890@group-0160BF9DF5E3: set firstElectionSinceStartup to false for becomeLeader
2024-01-26 21:34:24,081 [4166fb02-ca0d-4de6-a961-378c6a3b2890@group-0160BF9DF5E3-LeaderElection18] INFO  ratis.XceiverServerRatis (XceiverServerRatis.java:handleLeaderChangedNotification(945)) - Leader change notification received for group: group-0160BF9DF5E3 with new leaderId: 4166fb02-ca0d-4de6-a961-378c6a3b2890
2024-01-26 21:34:24,080 [a4a3addc-657d-412b-928e-3d6f899db221@group-C50F9A8FB292-LeaderElection16] INFO  server.RaftServer$Division (ServerState.java:setRaftConf(386)) - a4a3addc-657d-412b-928e-3d6f899db221@group-C50F9A8FB292: set configuration 0: peers:[67e21e31-4dca-48e2-85b4-2f4b1b69db84|10.1.0.5:15014, a4a3addc-657d-412b-928e-3d6f899db221|10.1.0.5:15023, c424f152-b0b1-403f-ad43-57b6eddc8681|10.1.0.5:15032]|listeners:[], old=null
2024-01-26 21:34:24,075 [a4a3addc-657d-412b-928e-3d6f899db221@group-C50F9A8FB292-SegmentedRaftLogWorker] INFO  segmented.BufferedWriteChannel (BufferedWriteChannel.java:open(62)) - open log_inprogress_0 at position 0
2024-01-26 21:34:24,087 [4166fb02-ca0d-4de6-a961-378c6a3b2890@group-0160BF9DF5E3-LeaderElection18] INFO  server.RaftServer$Division (ServerState.java:setLeader(269)) - 4166fb02-ca0d-4de6-a961-378c6a3b2890@group-0160BF9DF5E3: change Leader from null to 4166fb02-ca0d-4de6-a961-378c6a3b2890 at term 1 for becomeLeader, leader elected after 5409ms
2024-01-26 21:34:24,087 [4166fb02-ca0d-4de6-a961-378c6a3b2890@group-0160BF9DF5E3-LeaderElection18] INFO  segmented.SegmentedRaftLogWorker (SegmentedRaftLogWorker.java:startLogSegment(430)) - 4166fb02-ca0d-4de6-a961-378c6a3b2890@group-0160BF9DF5E3-SegmentedRaftLogWorker: Starting segment from index:0
2024-01-26 21:34:24,091 [EventQueue-PipelineReportForPipelineReportHandler] INFO  pipeline.PipelineReportHandler (PipelineReportHandler.java:processPipelineReport(136)) - Opened pipeline PipelineID=fe620031-71af-48f5-85ea-0160bf9df5e3
2024-01-26 21:34:24,092 [a4a3addc-657d-412b-928e-3d6f899db221@group-C50F9A8FB292-SegmentedRaftLogWorker] INFO  segmented.SegmentedRaftLogWorker (SegmentedRaftLogWorker.java:execute(634)) - a4a3addc-657d-412b-928e-3d6f899db221@group-C50F9A8FB292-SegmentedRaftLogWorker: created new log segment /home/runner/work/ozone/ozone/hadoop-ozone/integration-test/target/test-dir/MiniOzoneClusterImpl-1af845c4-9ad0-4304-ad21-7f4426eccdbd/datanode-1/data/ratis/15d2e455-1fb4-4503-ac7a-c50f9a8fb292/current/log_inprogress_0
2024-01-26 21:34:24,093 [4166fb02-ca0d-4de6-a961-378c6a3b2890@group-0160BF9DF5E3-SegmentedRaftLogWorker] INFO  segmented.BufferedWriteChannel (BufferedWriteChannel.java:open(62)) - open log_inprogress_0 at position 0
2024-01-26 21:34:24,093 [67e21e31-4dca-48e2-85b4-2f4b1b69db84-server-thread1] INFO  ratis.XceiverServerRatis (XceiverServerRatis.java:handleLeaderChangedNotification(945)) - Leader change notification received for group: group-C50F9A8FB292 with new leaderId: a4a3addc-657d-412b-928e-3d6f899db221
2024-01-26 21:34:24,094 [67e21e31-4dca-48e2-85b4-2f4b1b69db84-server-thread1] INFO  server.RaftServer$Division (ServerState.java:setLeader(269)) - 67e21e31-4dca-48e2-85b4-2f4b1b69db84@group-C50F9A8FB292: change Leader from null to a4a3addc-657d-412b-928e-3d6f899db221 at term 1 for appendEntries, leader elected after 5438ms
2024-01-26 21:34:24,100 [c424f152-b0b1-403f-ad43-57b6eddc8681-server-thread1] INFO  ratis.XceiverServerRatis (XceiverServerRatis.java:handleLeaderChangedNotification(945)) - Leader change notification received for group: group-C50F9A8FB292 with new leaderId: a4a3addc-657d-412b-928e-3d6f899db221
2024-01-26 21:34:24,101 [c424f152-b0b1-403f-ad43-57b6eddc8681-server-thread1] INFO  server.RaftServer$Division (ServerState.java:setLeader(269)) - c424f152-b0b1-403f-ad43-57b6eddc8681@group-C50F9A8FB292: change Leader from null to a4a3addc-657d-412b-928e-3d6f899db221 at term 1 for appendEntries, leader elected after 5446ms
2024-01-26 21:34:24,101 [4166fb02-ca0d-4de6-a961-378c6a3b2890@group-0160BF9DF5E3-SegmentedRaftLogWorker] INFO  segmented.SegmentedRaftLogWorker (SegmentedRaftLogWorker.java:execute(634)) - 4166fb02-ca0d-4de6-a961-378c6a3b2890@group-0160BF9DF5E3-SegmentedRaftLogWorker: created new log segment /home/runner/work/ozone/ozone/hadoop-ozone/integration-test/target/test-dir/MiniOzoneClusterImpl-1af845c4-9ad0-4304-ad21-7f4426eccdbd/datanode-3/data/ratis/fe620031-71af-48f5-85ea-0160bf9df5e3/current/log_inprogress_0
2024-01-26 21:34:24,104 [4166fb02-ca0d-4de6-a961-378c6a3b2890@group-0160BF9DF5E3-LeaderElection18] INFO  server.RaftServer$Division (ServerState.java:setRaftConf(386)) - 4166fb02-ca0d-4de6-a961-378c6a3b2890@group-0160BF9DF5E3: set configuration 0: peers:[209e1d4e-6bc3-40d2-a53c-4015c1ab1ac0|10.1.0.5:15050, 4166fb02-ca0d-4de6-a961-378c6a3b2890|10.1.0.5:15041, 7564b097-4325-4468-ae97-837bc55d7172|10.1.0.5:15059]|listeners:[], old=null
2024-01-26 21:34:24,105 [67e21e31-4dca-48e2-85b4-2f4b1b69db84-server-thread2] INFO  server.RaftServer$Division (ServerState.java:setRaftConf(386)) - 67e21e31-4dca-48e2-85b4-2f4b1b69db84@group-C50F9A8FB292: set configuration 0: peers:[67e21e31-4dca-48e2-85b4-2f4b1b69db84|10.1.0.5:15014, a4a3addc-657d-412b-928e-3d6f899db221|10.1.0.5:15023, c424f152-b0b1-403f-ad43-57b6eddc8681|10.1.0.5:15032]|listeners:[], old=null
2024-01-26 21:34:24,105 [67e21e31-4dca-48e2-85b4-2f4b1b69db84-server-thread2] INFO  segmented.SegmentedRaftLogWorker (SegmentedRaftLogWorker.java:startLogSegment(430)) - 67e21e31-4dca-48e2-85b4-2f4b1b69db84@group-C50F9A8FB292-SegmentedRaftLogWorker: Starting segment from index:0
2024-01-26 21:34:24,105 [c424f152-b0b1-403f-ad43-57b6eddc8681-server-thread2] INFO  server.RaftServer$Division (ServerState.java:setRaftConf(386)) - c424f152-b0b1-403f-ad43-57b6eddc8681@group-C50F9A8FB292: set configuration 0: peers:[67e21e31-4dca-48e2-85b4-2f4b1b69db84|10.1.0.5:15014, a4a3addc-657d-412b-928e-3d6f899db221|10.1.0.5:15023, c424f152-b0b1-403f-ad43-57b6eddc8681|10.1.0.5:15032]|listeners:[], old=null
2024-01-26 21:34:24,106 [67e21e31-4dca-48e2-85b4-2f4b1b69db84@group-C50F9A8FB292-SegmentedRaftLogWorker] INFO  segmented.BufferedWriteChannel (BufferedWriteChannel.java:open(62)) - open log_inprogress_0 at position 0
2024-01-26 21:34:24,106 [c424f152-b0b1-403f-ad43-57b6eddc8681-server-thread2] INFO  segmented.SegmentedRaftLogWorker (SegmentedRaftLogWorker.java:startLogSegment(430)) - c424f152-b0b1-403f-ad43-57b6eddc8681@group-C50F9A8FB292-SegmentedRaftLogWorker: Starting segment from index:0
2024-01-26 21:34:24,107 [c424f152-b0b1-403f-ad43-57b6eddc8681@group-C50F9A8FB292-SegmentedRaftLogWorker] INFO  segmented.BufferedWriteChannel (BufferedWriteChannel.java:open(62)) - open log_inprogress_0 at position 0
2024-01-26 21:34:24,117 [67e21e31-4dca-48e2-85b4-2f4b1b69db84@group-C50F9A8FB292-SegmentedRaftLogWorker] INFO  segmented.SegmentedRaftLogWorker (SegmentedRaftLogWorker.java:execute(634)) - 67e21e31-4dca-48e2-85b4-2f4b1b69db84@group-C50F9A8FB292-SegmentedRaftLogWorker: created new log segment /home/runner/work/ozone/ozone/hadoop-ozone/integration-test/target/test-dir/MiniOzoneClusterImpl-1af845c4-9ad0-4304-ad21-7f4426eccdbd/datanode-0/data/ratis/15d2e455-1fb4-4503-ac7a-c50f9a8fb292/current/log_inprogress_0
2024-01-26 21:34:24,119 [157befb9-fc2c-4b56-bfb2-e4c39e5a9271@group-EB9D8615F236-FollowerState] INFO  impl.FollowerState (FollowerState.java:run(143)) - 157befb9-fc2c-4b56-bfb2-e4c39e5a9271@group-EB9D8615F236-FollowerState: change to CANDIDATE, lastRpcElapsedTime:5143583697ns, electionTimeout:5143ms
2024-01-26 21:34:24,119 [157befb9-fc2c-4b56-bfb2-e4c39e5a9271@group-EB9D8615F236-FollowerState] INFO  impl.RoleInfo (RoleInfo.java:shutdownFollowerState(110)) - 157befb9-fc2c-4b56-bfb2-e4c39e5a9271: shutdown 157befb9-fc2c-4b56-bfb2-e4c39e5a9271@group-EB9D8615F236-FollowerState
2024-01-26 21:34:24,119 [157befb9-fc2c-4b56-bfb2-e4c39e5a9271@group-EB9D8615F236-FollowerState] INFO  server.RaftServer$Division (RaftServerImpl.java:setRole(383)) - 157befb9-fc2c-4b56-bfb2-e4c39e5a9271@group-EB9D8615F236: changes role from  FOLLOWER to CANDIDATE at term 0 for changeToCandidate
2024-01-26 21:34:24,119 [c424f152-b0b1-403f-ad43-57b6eddc8681@group-C50F9A8FB292-SegmentedRaftLogWorker] INFO  segmented.SegmentedRaftLogWorker (SegmentedRaftLogWorker.java:execute(634)) - c424f152-b0b1-403f-ad43-57b6eddc8681@group-C50F9A8FB292-SegmentedRaftLogWorker: created new log segment /home/runner/work/ozone/ozone/hadoop-ozone/integration-test/target/test-dir/MiniOzoneClusterImpl-1af845c4-9ad0-4304-ad21-7f4426eccdbd/datanode-2/data/ratis/15d2e455-1fb4-4503-ac7a-c50f9a8fb292/current/log_inprogress_0
2024-01-26 21:34:24,119 [157befb9-fc2c-4b56-bfb2-e4c39e5a9271@group-EB9D8615F236-FollowerState] INFO  server.RaftServerConfigKeys (ConfUtils.java:logGet(46)) - raft.server.leaderelection.pre-vote = true (default)
2024-01-26 21:34:24,119 [157befb9-fc2c-4b56-bfb2-e4c39e5a9271@group-EB9D8615F236-FollowerState] INFO  impl.RoleInfo (RoleInfo.java:updateAndGet(139)) - 157befb9-fc2c-4b56-bfb2-e4c39e5a9271: start 157befb9-fc2c-4b56-bfb2-e4c39e5a9271@group-EB9D8615F236-LeaderElection19
2024-01-26 21:34:24,120 [7564b097-4325-4468-ae97-837bc55d7172-server-thread1] INFO  ratis.XceiverServerRatis (XceiverServerRatis.java:handleLeaderChangedNotification(945)) - Leader change notification received for group: group-0160BF9DF5E3 with new leaderId: 4166fb02-ca0d-4de6-a961-378c6a3b2890
2024-01-26 21:34:24,120 [7564b097-4325-4468-ae97-837bc55d7172-server-thread1] INFO  server.RaftServer$Division (ServerState.java:setLeader(269)) - 7564b097-4325-4468-ae97-837bc55d7172@group-0160BF9DF5E3: change Leader from null to 4166fb02-ca0d-4de6-a961-378c6a3b2890 at term 1 for appendEntries, leader elected after 5523ms
2024-01-26 21:34:24,125 [209e1d4e-6bc3-40d2-a53c-4015c1ab1ac0-server-thread1] INFO  ratis.XceiverServerRatis (XceiverServerRatis.java:handleLeaderChangedNotification(945)) - Leader change notification received for group: group-0160BF9DF5E3 with new leaderId: 4166fb02-ca0d-4de6-a961-378c6a3b2890
2024-01-26 21:34:24,125 [209e1d4e-6bc3-40d2-a53c-4015c1ab1ac0-server-thread1] INFO  server.RaftServer$Division (ServerState.java:setLeader(269)) - 209e1d4e-6bc3-40d2-a53c-4015c1ab1ac0@group-0160BF9DF5E3: change Leader from null to 4166fb02-ca0d-4de6-a961-378c6a3b2890 at term 1 for appendEntries, leader elected after 5474ms
2024-01-26 21:34:24,136 [7564b097-4325-4468-ae97-837bc55d7172-server-thread1] INFO  server.RaftServer$Division (ServerState.java:setRaftConf(386)) - 7564b097-4325-4468-ae97-837bc55d7172@group-0160BF9DF5E3: set configuration 0: peers:[209e1d4e-6bc3-40d2-a53c-4015c1ab1ac0|10.1.0.5:15050, 4166fb02-ca0d-4de6-a961-378c6a3b2890|10.1.0.5:15041, 7564b097-4325-4468-ae97-837bc55d7172|10.1.0.5:15059]|listeners:[], old=null
2024-01-26 21:34:24,136 [7564b097-4325-4468-ae97-837bc55d7172-server-thread1] INFO  segmented.SegmentedRaftLogWorker (SegmentedRaftLogWorker.java:startLogSegment(430)) - 7564b097-4325-4468-ae97-837bc55d7172@group-0160BF9DF5E3-SegmentedRaftLogWorker: Starting segment from index:0
2024-01-26 21:34:24,136 [157befb9-fc2c-4b56-bfb2-e4c39e5a9271@group-EB9D8615F236-LeaderElection19] INFO  impl.LeaderElection (LeaderElection.java:askForVotes(321)) - 157befb9-fc2c-4b56-bfb2-e4c39e5a9271@group-EB9D8615F236-LeaderElection19 PRE_VOTE round 0: submit vote requests at term 0 for -1: peers:[157befb9-fc2c-4b56-bfb2-e4c39e5a9271|10.1.0.5:15086]|listeners:[], old=null
2024-01-26 21:34:24,136 [157befb9-fc2c-4b56-bfb2-e4c39e5a9271@group-EB9D8615F236-LeaderElection19] INFO  impl.LeaderElection (LeaderElection.java:askForVotes(323)) - 157befb9-fc2c-4b56-bfb2-e4c39e5a9271@group-EB9D8615F236-LeaderElection19 PRE_VOTE round 0: result PASSED (term=0)
2024-01-26 21:34:24,136 [7564b097-4325-4468-ae97-837bc55d7172@group-0160BF9DF5E3-SegmentedRaftLogWorker] INFO  segmented.BufferedWriteChannel (BufferedWriteChannel.java:open(62)) - open log_inprogress_0 at position 0
2024-01-26 21:34:24,137 [157befb9-fc2c-4b56-bfb2-e4c39e5a9271@group-EB9D8615F236-LeaderElection19] INFO  impl.LeaderElection (LeaderElection.java:askForVotes(321)) - 157befb9-fc2c-4b56-bfb2-e4c39e5a9271@group-EB9D8615F236-LeaderElection19 ELECTION round 0: submit vote requests at term 1 for -1: peers:[157befb9-fc2c-4b56-bfb2-e4c39e5a9271|10.1.0.5:15086]|listeners:[], old=null
2024-01-26 21:34:24,137 [157befb9-fc2c-4b56-bfb2-e4c39e5a9271@group-EB9D8615F236-LeaderElection19] INFO  impl.LeaderElection (LeaderElection.java:askForVotes(323)) - 157befb9-fc2c-4b56-bfb2-e4c39e5a9271@group-EB9D8615F236-LeaderElection19 ELECTION round 0: result PASSED (term=1)
2024-01-26 21:34:24,137 [157befb9-fc2c-4b56-bfb2-e4c39e5a9271@group-EB9D8615F236-LeaderElection19] INFO  impl.RoleInfo (RoleInfo.java:shutdownLeaderElection(130)) - 157befb9-fc2c-4b56-bfb2-e4c39e5a9271: shutdown 157befb9-fc2c-4b56-bfb2-e4c39e5a9271@group-EB9D8615F236-LeaderElection19
2024-01-26 21:34:24,137 [157befb9-fc2c-4b56-bfb2-e4c39e5a9271@group-EB9D8615F236-LeaderElection19] INFO  server.RaftServer$Division (RaftServerImpl.java:setRole(383)) - 157befb9-fc2c-4b56-bfb2-e4c39e5a9271@group-EB9D8615F236: changes role from CANDIDATE to LEADER at term 1 for changeToLeader
2024-01-26 21:34:24,137 [157befb9-fc2c-4b56-bfb2-e4c39e5a9271@group-EB9D8615F236-LeaderElection19] INFO  server.RaftServerConfigKeys (ConfUtils.java:logGet(46)) - raft.server.staging.catchup.gap = 1000 (default)
2024-01-26 21:34:24,138 [157befb9-fc2c-4b56-bfb2-e4c39e5a9271@group-EB9D8615F236-LeaderElection19] INFO  server.RaftServerConfigKeys (ConfUtils.java:logGet(46)) - raft.server.write.element-limit = 1024 (custom)
2024-01-26 21:34:24,138 [157befb9-fc2c-4b56-bfb2-e4c39e5a9271@group-EB9D8615F236-LeaderElection19] INFO  server.RaftServerConfigKeys (ConfUtils.java:logGet(46)) - raft.server.write.byte-limit = 1024 M (=1073741824) (custom)
2024-01-26 21:34:24,138 [157befb9-fc2c-4b56-bfb2-e4c39e5a9271@group-EB9D8615F236-LeaderElection19] INFO  server.RaftServerConfigKeys (ConfUtils.java:logGet(46)) - raft.server.watch.timeout = 180s (custom)
2024-01-26 21:34:24,138 [157befb9-fc2c-4b56-bfb2-e4c39e5a9271@group-EB9D8615F236-LeaderElection19] INFO  server.RaftServerConfigKeys (ConfUtils.java:logGet(46)) - raft.server.watch.timeout.denomination = 1s (default)
2024-01-26 21:34:24,138 [157befb9-fc2c-4b56-bfb2-e4c39e5a9271@group-EB9D8615F236-LeaderElection19] INFO  server.RaftServerConfigKeys (ConfUtils.java:logGet(46)) - raft.server.watch.element-limit = 65536 (default)
2024-01-26 21:34:24,138 [157befb9-fc2c-4b56-bfb2-e4c39e5a9271@group-EB9D8615F236-LeaderElection19] INFO  server.RaftServerConfigKeys (ConfUtils.java:logGet(46)) - raft.server.read.leader.lease.enabled = false (default)
2024-01-26 21:34:24,139 [157befb9-fc2c-4b56-bfb2-e4c39e5a9271@group-EB9D8615F236-LeaderElection19] INFO  server.RaftServerConfigKeys (ConfUtils.java:logGet(46)) - raft.server.read.leader.lease.timeout.ratio = 0.9 (default)
2024-01-26 21:34:24,139 [157befb9-fc2c-4b56-bfb2-e4c39e5a9271@group-EB9D8615F236-LeaderElection19] INFO  server.RaftServerConfigKeys (ConfUtils.java:logGet(46)) - raft.server.rpc.timeout.min = 5s (custom)
2024-01-26 21:34:24,139 [157befb9-fc2c-4b56-bfb2-e4c39e5a9271@group-EB9D8615F236-LeaderElection19] INFO  server.RaftServerConfigKeys (ConfUtils.java:logGet(46)) - raft.server.write.element-limit = 1024 (custom)
2024-01-26 21:34:24,139 [157befb9-fc2c-4b56-bfb2-e4c39e5a9271@group-EB9D8615F236-LeaderElection19] INFO  server.RaftServerConfigKeys (ConfUtils.java:logGet(46)) - raft.server.write.follower.gap.ratio.max = -1.0 (default)
2024-01-26 21:34:24,139 [157befb9-fc2c-4b56-bfb2-e4c39e5a9271@group-EB9D8615F236-LeaderElection19] INFO  impl.RoleInfo (RoleInfo.java:updateAndGet(139)) - 157befb9-fc2c-4b56-bfb2-e4c39e5a9271: start 157befb9-fc2c-4b56-bfb2-e4c39e5a9271@group-EB9D8615F236-LeaderStateImpl
2024-01-26 21:34:24,139 [157befb9-fc2c-4b56-bfb2-e4c39e5a9271@group-EB9D8615F236-LeaderElection19] INFO  server.RaftServer$Division (RaftServerImpl.java:setFirstElection(574)) - 157befb9-fc2c-4b56-bfb2-e4c39e5a9271@group-EB9D8615F236: set firstElectionSinceStartup to false for becomeLeader
2024-01-26 21:34:24,139 [157befb9-fc2c-4b56-bfb2-e4c39e5a9271@group-EB9D8615F236-LeaderElection19] INFO  ratis.XceiverServerRatis (XceiverServerRatis.java:handleLeaderChangedNotification(945)) - Leader change notification received for group: group-EB9D8615F236 with new leaderId: 157befb9-fc2c-4b56-bfb2-e4c39e5a9271
2024-01-26 21:34:24,139 [157befb9-fc2c-4b56-bfb2-e4c39e5a9271@group-EB9D8615F236-LeaderElection19] INFO  server.RaftServer$Division (ServerState.java:setLeader(269)) - 157befb9-fc2c-4b56-bfb2-e4c39e5a9271@group-EB9D8615F236: change Leader from null to 157befb9-fc2c-4b56-bfb2-e4c39e5a9271 at term 1 for becomeLeader, leader elected after 5297ms
2024-01-26 21:34:24,139 [157befb9-fc2c-4b56-bfb2-e4c39e5a9271@group-EB9D8615F236-LeaderElection19] INFO  segmented.SegmentedRaftLogWorker (SegmentedRaftLogWorker.java:startLogSegment(430)) - 157befb9-fc2c-4b56-bfb2-e4c39e5a9271@group-EB9D8615F236-SegmentedRaftLogWorker: Starting segment from index:0
2024-01-26 21:34:24,139 [157befb9-fc2c-4b56-bfb2-e4c39e5a9271@group-EB9D8615F236-LeaderElection19] INFO  server.RaftServer$Division (ServerState.java:setRaftConf(386)) - 157befb9-fc2c-4b56-bfb2-e4c39e5a9271@group-EB9D8615F236: set configuration 0: peers:[157befb9-fc2c-4b56-bfb2-e4c39e5a9271|10.1.0.5:15086]|listeners:[], old=null
2024-01-26 21:34:24,140 [157befb9-fc2c-4b56-bfb2-e4c39e5a9271@group-EB9D8615F236-SegmentedRaftLogWorker] INFO  segmented.BufferedWriteChannel (BufferedWriteChannel.java:open(62)) - open log_inprogress_0 at position 0
2024-01-26 21:34:24,143 [209e1d4e-6bc3-40d2-a53c-4015c1ab1ac0-server-thread3] INFO  server.RaftServer$Division (ServerState.java:setRaftConf(386)) - 209e1d4e-6bc3-40d2-a53c-4015c1ab1ac0@group-0160BF9DF5E3: set configuration 0: peers:[209e1d4e-6bc3-40d2-a53c-4015c1ab1ac0|10.1.0.5:15050, 4166fb02-ca0d-4de6-a961-378c6a3b2890|10.1.0.5:15041, 7564b097-4325-4468-ae97-837bc55d7172|10.1.0.5:15059]|listeners:[], old=null
2024-01-26 21:34:24,144 [209e1d4e-6bc3-40d2-a53c-4015c1ab1ac0-server-thread3] INFO  segmented.SegmentedRaftLogWorker (SegmentedRaftLogWorker.java:startLogSegment(430)) - 209e1d4e-6bc3-40d2-a53c-4015c1ab1ac0@group-0160BF9DF5E3-SegmentedRaftLogWorker: Starting segment from index:0
2024-01-26 21:34:24,144 [209e1d4e-6bc3-40d2-a53c-4015c1ab1ac0@group-0160BF9DF5E3-SegmentedRaftLogWorker] INFO  segmented.BufferedWriteChannel (BufferedWriteChannel.java:open(62)) - open log_inprogress_0 at position 0
2024-01-26 21:34:24,146 [7564b097-4325-4468-ae97-837bc55d7172@group-0160BF9DF5E3-SegmentedRaftLogWorker] INFO  segmented.SegmentedRaftLogWorker (SegmentedRaftLogWorker.java:execute(634)) - 7564b097-4325-4468-ae97-837bc55d7172@group-0160BF9DF5E3-SegmentedRaftLogWorker: created new log segment /home/runner/work/ozone/ozone/hadoop-ozone/integration-test/target/test-dir/MiniOzoneClusterImpl-1af845c4-9ad0-4304-ad21-7f4426eccdbd/datanode-5/data/ratis/fe620031-71af-48f5-85ea-0160bf9df5e3/current/log_inprogress_0
2024-01-26 21:34:24,153 [157befb9-fc2c-4b56-bfb2-e4c39e5a9271@group-EB9D8615F236-SegmentedRaftLogWorker] INFO  segmented.SegmentedRaftLogWorker (SegmentedRaftLogWorker.java:execute(634)) - 157befb9-fc2c-4b56-bfb2-e4c39e5a9271@group-EB9D8615F236-SegmentedRaftLogWorker: created new log segment /home/runner/work/ozone/ozone/hadoop-ozone/integration-test/target/test-dir/MiniOzoneClusterImpl-1af845c4-9ad0-4304-ad21-7f4426eccdbd/datanode-8/data/ratis/868619a0-9f96-47f9-82f1-eb9d8615f236/current/log_inprogress_0
2024-01-26 21:34:24,154 [209e1d4e-6bc3-40d2-a53c-4015c1ab1ac0@group-0160BF9DF5E3-SegmentedRaftLogWorker] INFO  segmented.SegmentedRaftLogWorker (SegmentedRaftLogWorker.java:execute(634)) - 209e1d4e-6bc3-40d2-a53c-4015c1ab1ac0@group-0160BF9DF5E3-SegmentedRaftLogWorker: created new log segment /home/runner/work/ozone/ozone/hadoop-ozone/integration-test/target/test-dir/MiniOzoneClusterImpl-1af845c4-9ad0-4304-ad21-7f4426eccdbd/datanode-4/data/ratis/fe620031-71af-48f5-85ea-0160bf9df5e3/current/log_inprogress_0
2024-01-26 21:34:24,161 [a4a3addc-657d-412b-928e-3d6f899db221@group-C50F9A8FB292-StateMachineUpdater] INFO  server.RaftServer$Division (LeaderStateImpl.java:isApplied(320)) - leader is ready since appliedIndex == 0 >= startIndex == 0
2024-01-26 21:34:24,164 [157befb9-fc2c-4b56-bfb2-e4c39e5a9271@group-EB9D8615F236-StateMachineUpdater] INFO  server.RaftServer$Division (LeaderStateImpl.java:isApplied(320)) - leader is ready since appliedIndex == 0 >= startIndex == 0
2024-01-26 21:34:24,164 [4166fb02-ca0d-4de6-a961-378c6a3b2890@group-0160BF9DF5E3-StateMachineUpdater] INFO  server.RaftServer$Division (LeaderStateImpl.java:isApplied(320)) - leader is ready since appliedIndex == 0 >= startIndex == 0
2024-01-26 21:34:24,171 [0454455d-17b5-4798-9ce3-34e4ad079dd1@group-2F5DCFBA468F-FollowerState] INFO  impl.FollowerState (FollowerState.java:run(143)) - 0454455d-17b5-4798-9ce3-34e4ad079dd1@group-2F5DCFBA468F-FollowerState: change to CANDIDATE, lastRpcElapsedTime:5056689910ns, electionTimeout:5051ms
2024-01-26 21:34:24,171 [0454455d-17b5-4798-9ce3-34e4ad079dd1@group-2F5DCFBA468F-FollowerState] INFO  impl.RoleInfo (RoleInfo.java:shutdownFollowerState(110)) - 0454455d-17b5-4798-9ce3-34e4ad079dd1: shutdown 0454455d-17b5-4798-9ce3-34e4ad079dd1@group-2F5DCFBA468F-FollowerState
2024-01-26 21:34:24,171 [0454455d-17b5-4798-9ce3-34e4ad079dd1@group-2F5DCFBA468F-FollowerState] INFO  server.RaftServer$Division (RaftServerImpl.java:setRole(383)) - 0454455d-17b5-4798-9ce3-34e4ad079dd1@group-2F5DCFBA468F: changes role from  FOLLOWER to CANDIDATE at term 0 for changeToCandidate
2024-01-26 21:34:24,171 [0454455d-17b5-4798-9ce3-34e4ad079dd1@group-2F5DCFBA468F-FollowerState] INFO  server.RaftServerConfigKeys (ConfUtils.java:logGet(46)) - raft.server.leaderelection.pre-vote = true (default)
2024-01-26 21:34:24,172 [0454455d-17b5-4798-9ce3-34e4ad079dd1@group-2F5DCFBA468F-FollowerState] INFO  impl.RoleInfo (RoleInfo.java:updateAndGet(139)) - 0454455d-17b5-4798-9ce3-34e4ad079dd1: start 0454455d-17b5-4798-9ce3-34e4ad079dd1@group-2F5DCFBA468F-LeaderElection20
2024-01-26 21:34:24,173 [0454455d-17b5-4798-9ce3-34e4ad079dd1@group-2F5DCFBA468F-LeaderElection20] INFO  impl.LeaderElection (LeaderElection.java:askForVotes(321)) - 0454455d-17b5-4798-9ce3-34e4ad079dd1@group-2F5DCFBA468F-LeaderElection20 PRE_VOTE round 0: submit vote requests at term 0 for -1: peers:[0454455d-17b5-4798-9ce3-34e4ad079dd1|10.1.0.5:15104]|listeners:[], old=null
2024-01-26 21:34:24,173 [0454455d-17b5-4798-9ce3-34e4ad079dd1@group-2F5DCFBA468F-LeaderElection20] INFO  impl.LeaderElection (LeaderElection.java:askForVotes(323)) - 0454455d-17b5-4798-9ce3-34e4ad079dd1@group-2F5DCFBA468F-LeaderElection20 PRE_VOTE round 0: result PASSED (term=0)
2024-01-26 21:34:24,174 [0454455d-17b5-4798-9ce3-34e4ad079dd1@group-2F5DCFBA468F-LeaderElection20] INFO  impl.LeaderElection (LeaderElection.java:askForVotes(321)) - 0454455d-17b5-4798-9ce3-34e4ad079dd1@group-2F5DCFBA468F-LeaderElection20 ELECTION round 0: submit vote requests at term 1 for -1: peers:[0454455d-17b5-4798-9ce3-34e4ad079dd1|10.1.0.5:15104]|listeners:[], old=null
2024-01-26 21:34:24,174 [0454455d-17b5-4798-9ce3-34e4ad079dd1@group-2F5DCFBA468F-LeaderElection20] INFO  impl.LeaderElection (LeaderElection.java:askForVotes(323)) - 0454455d-17b5-4798-9ce3-34e4ad079dd1@group-2F5DCFBA468F-LeaderElection20 ELECTION round 0: result PASSED (term=1)
2024-01-26 21:34:24,178 [0454455d-17b5-4798-9ce3-34e4ad079dd1@group-2F5DCFBA468F-LeaderElection20] INFO  impl.RoleInfo (RoleInfo.java:shutdownLeaderElection(130)) - 0454455d-17b5-4798-9ce3-34e4ad079dd1: shutdown 0454455d-17b5-4798-9ce3-34e4ad079dd1@group-2F5DCFBA468F-LeaderElection20
2024-01-26 21:34:24,178 [0454455d-17b5-4798-9ce3-34e4ad079dd1@group-2F5DCFBA468F-LeaderElection20] INFO  server.RaftServer$Division (RaftServerImpl.java:setRole(383)) - 0454455d-17b5-4798-9ce3-34e4ad079dd1@group-2F5DCFBA468F: changes role from CANDIDATE to LEADER at term 1 for changeToLeader
2024-01-26 21:34:24,178 [0454455d-17b5-4798-9ce3-34e4ad079dd1@group-2F5DCFBA468F-LeaderElection20] INFO  server.RaftServerConfigKeys (ConfUtils.java:logGet(46)) - raft.server.staging.catchup.gap = 1000 (default)
2024-01-26 21:34:24,178 [0454455d-17b5-4798-9ce3-34e4ad079dd1@group-2F5DCFBA468F-LeaderElection20] INFO  server.RaftServerConfigKeys (ConfUtils.java:logGet(46)) - raft.server.write.element-limit = 1024 (custom)
2024-01-26 21:34:24,180 [0454455d-17b5-4798-9ce3-34e4ad079dd1@group-2F5DCFBA468F-LeaderElection20] INFO  server.RaftServerConfigKeys (ConfUtils.java:logGet(46)) - raft.server.write.byte-limit = 1024 M (=1073741824) (custom)
2024-01-26 21:34:24,177 [om1-OMStateMachineApplyTransactionThread - 0] INFO  volume.OMVolumeCreateRequest (OMVolumeCreateRequest.java:validateAndUpdateCache(198)) - created volume:43646a26-3053-494c-8644-caae40d646d6 for user:runner
2024-01-26 21:34:24,180 [0454455d-17b5-4798-9ce3-34e4ad079dd1@group-2F5DCFBA468F-LeaderElection20] INFO  server.RaftServerConfigKeys (ConfUtils.java:logGet(46)) - raft.server.watch.timeout = 180s (custom)
2024-01-26 21:34:24,180 [0454455d-17b5-4798-9ce3-34e4ad079dd1@group-2F5DCFBA468F-LeaderElection20] INFO  server.RaftServerConfigKeys (ConfUtils.java:logGet(46)) - raft.server.watch.timeout.denomination = 1s (default)
2024-01-26 21:34:24,180 [0454455d-17b5-4798-9ce3-34e4ad079dd1@group-2F5DCFBA468F-LeaderElection20] INFO  server.RaftServerConfigKeys (ConfUtils.java:logGet(46)) - raft.server.watch.element-limit = 65536 (default)
2024-01-26 21:34:24,180 [0454455d-17b5-4798-9ce3-34e4ad079dd1@group-2F5DCFBA468F-LeaderElection20] INFO  server.RaftServerConfigKeys (ConfUtils.java:logGet(46)) - raft.server.read.leader.lease.enabled = false (default)
2024-01-26 21:34:24,181 [0454455d-17b5-4798-9ce3-34e4ad079dd1@group-2F5DCFBA468F-LeaderElection20] INFO  server.RaftServerConfigKeys (ConfUtils.java:logGet(46)) - raft.server.read.leader.lease.timeout.ratio = 0.9 (default)
2024-01-26 21:34:24,181 [0454455d-17b5-4798-9ce3-34e4ad079dd1@group-2F5DCFBA468F-LeaderElection20] INFO  server.RaftServerConfigKeys (ConfUtils.java:logGet(46)) - raft.server.rpc.timeout.min = 5s (custom)
2024-01-26 21:34:24,181 [0454455d-17b5-4798-9ce3-34e4ad079dd1@group-2F5DCFBA468F-LeaderElection20] INFO  server.RaftServerConfigKeys (ConfUtils.java:logGet(46)) - raft.server.write.element-limit = 1024 (custom)
2024-01-26 21:34:24,181 [0454455d-17b5-4798-9ce3-34e4ad079dd1@group-2F5DCFBA468F-LeaderElection20] INFO  server.RaftServerConfigKeys (ConfUtils.java:logGet(46)) - raft.server.write.follower.gap.ratio.max = -1.0 (default)
2024-01-26 21:34:24,181 [0454455d-17b5-4798-9ce3-34e4ad079dd1@group-2F5DCFBA468F-LeaderElection20] INFO  impl.RoleInfo (RoleInfo.java:updateAndGet(139)) - 0454455d-17b5-4798-9ce3-34e4ad079dd1: start 0454455d-17b5-4798-9ce3-34e4ad079dd1@group-2F5DCFBA468F-LeaderStateImpl
2024-01-26 21:34:24,181 [0454455d-17b5-4798-9ce3-34e4ad079dd1@group-2F5DCFBA468F-LeaderElection20] INFO  server.RaftServer$Division (RaftServerImpl.java:setFirstElection(574)) - 0454455d-17b5-4798-9ce3-34e4ad079dd1@group-2F5DCFBA468F: set firstElectionSinceStartup to false for becomeLeader
2024-01-26 21:34:24,181 [0454455d-17b5-4798-9ce3-34e4ad079dd1@group-2F5DCFBA468F-LeaderElection20] INFO  ratis.XceiverServerRatis (XceiverServerRatis.java:handleLeaderChangedNotification(945)) - Leader change notification received for group: group-2F5DCFBA468F with new leaderId: 0454455d-17b5-4798-9ce3-34e4ad079dd1
2024-01-26 21:34:24,181 [0454455d-17b5-4798-9ce3-34e4ad079dd1@group-2F5DCFBA468F-LeaderElection20] INFO  server.RaftServer$Division (ServerState.java:setLeader(269)) - 0454455d-17b5-4798-9ce3-34e4ad079dd1@group-2F5DCFBA468F: change Leader from null to 0454455d-17b5-4798-9ce3-34e4ad079dd1 at term 1 for becomeLeader, leader elected after 5136ms
2024-01-26 21:34:24,182 [0454455d-17b5-4798-9ce3-34e4ad079dd1@group-2F5DCFBA468F-LeaderElection20] INFO  segmented.SegmentedRaftLogWorker (SegmentedRaftLogWorker.java:startLogSegment(430)) - 0454455d-17b5-4798-9ce3-34e4ad079dd1@group-2F5DCFBA468F-SegmentedRaftLogWorker: Starting segment from index:0
2024-01-26 21:34:24,182 [0454455d-17b5-4798-9ce3-34e4ad079dd1@group-2F5DCFBA468F-LeaderElection20] INFO  server.RaftServer$Division (ServerState.java:setRaftConf(386)) - 0454455d-17b5-4798-9ce3-34e4ad079dd1@group-2F5DCFBA468F: set configuration 0: peers:[0454455d-17b5-4798-9ce3-34e4ad079dd1|10.1.0.5:15104]|listeners:[], old=null
2024-01-26 21:34:24,182 [0454455d-17b5-4798-9ce3-34e4ad079dd1@group-2F5DCFBA468F-SegmentedRaftLogWorker] INFO  segmented.BufferedWriteChannel (BufferedWriteChannel.java:open(62)) - open log_inprogress_0 at position 0
2024-01-26 21:34:24,192 [157befb9-fc2c-4b56-bfb2-e4c39e5a9271@group-77329B463A15-FollowerState] INFO  impl.FollowerState (FollowerState.java:run(143)) - 157befb9-fc2c-4b56-bfb2-e4c39e5a9271@group-77329B463A15-FollowerState: change to CANDIDATE, lastRpcElapsedTime:5071268853ns, electionTimeout:5059ms
2024-01-26 21:34:24,192 [157befb9-fc2c-4b56-bfb2-e4c39e5a9271@group-77329B463A15-FollowerState] INFO  impl.RoleInfo (RoleInfo.java:shutdownFollowerState(110)) - 157befb9-fc2c-4b56-bfb2-e4c39e5a9271: shutdown 157befb9-fc2c-4b56-bfb2-e4c39e5a9271@group-77329B463A15-FollowerState
2024-01-26 21:34:24,192 [157befb9-fc2c-4b56-bfb2-e4c39e5a9271@group-77329B463A15-FollowerState] INFO  server.RaftServer$Division (RaftServerImpl.java:setRole(383)) - 157befb9-fc2c-4b56-bfb2-e4c39e5a9271@group-77329B463A15: changes role from  FOLLOWER to CANDIDATE at term 0 for changeToCandidate
2024-01-26 21:34:24,196 [0454455d-17b5-4798-9ce3-34e4ad079dd1@group-2F5DCFBA468F-SegmentedRaftLogWorker] INFO  segmented.SegmentedRaftLogWorker (SegmentedRaftLogWorker.java:execute(634)) - 0454455d-17b5-4798-9ce3-34e4ad079dd1@group-2F5DCFBA468F-SegmentedRaftLogWorker: created new log segment /home/runner/work/ozone/ozone/hadoop-ozone/integration-test/target/test-dir/MiniOzoneClusterImpl-1af845c4-9ad0-4304-ad21-7f4426eccdbd/datanode-10/data/ratis/41554cde-5235-49e3-8096-2f5dcfba468f/current/log_inprogress_0
2024-01-26 21:34:24,197 [om1-OMDoubleBufferFlushThread] INFO  helpers.OmKeyInfo (OmKeyInfo.java:getCodec(71)) - OmKeyInfo.getCodec ignorePipeline = true
2024-01-26 21:34:24,197 [om1-OMDoubleBufferFlushThread] INFO  helpers.OmKeyInfo (OmKeyInfo.java:getCodec(71)) - OmKeyInfo.getCodec ignorePipeline = true
2024-01-26 21:34:24,196 [157befb9-fc2c-4b56-bfb2-e4c39e5a9271@group-77329B463A15-FollowerState] INFO  server.RaftServerConfigKeys (ConfUtils.java:logGet(46)) - raft.server.leaderelection.pre-vote = true (default)
2024-01-26 21:34:24,197 [om1-OMDoubleBufferFlushThread] INFO  helpers.OmKeyInfo (OmKeyInfo.java:getCodec(71)) - OmKeyInfo.getCodec ignorePipeline = true
2024-01-26 21:34:24,197 [om1-OMDoubleBufferFlushThread] INFO  helpers.OmKeyInfo (OmKeyInfo.java:getCodec(71)) - OmKeyInfo.getCodec ignorePipeline = true
2024-01-26 21:34:24,197 [om1-OMDoubleBufferFlushThread] INFO  helpers.OmKeyInfo (OmKeyInfo.java:getCodec(71)) - OmKeyInfo.getCodec ignorePipeline = true
2024-01-26 21:34:24,197 [157befb9-fc2c-4b56-bfb2-e4c39e5a9271@group-77329B463A15-FollowerState] INFO  impl.RoleInfo (RoleInfo.java:updateAndGet(139)) - 157befb9-fc2c-4b56-bfb2-e4c39e5a9271: start 157befb9-fc2c-4b56-bfb2-e4c39e5a9271@group-77329B463A15-LeaderElection21
2024-01-26 21:34:24,199 [157befb9-fc2c-4b56-bfb2-e4c39e5a9271@group-77329B463A15-LeaderElection21] INFO  impl.LeaderElection (LeaderElection.java:askForVotes(321)) - 157befb9-fc2c-4b56-bfb2-e4c39e5a9271@group-77329B463A15-LeaderElection21 PRE_VOTE round 0: submit vote requests at term 0 for -1: peers:[85a76c17-24cd-4caa-b4c9-2f056bfd6b3c|10.1.0.5:15077, 615e0ce5-d68a-4764-9dce-a037122bf2b4|10.1.0.5:15068, 157befb9-fc2c-4b56-bfb2-e4c39e5a9271|10.1.0.5:15086]|listeners:[], old=null
2024-01-26 21:34:24,207 [85a76c17-24cd-4caa-b4c9-2f056bfd6b3c@group-77329B463A15-FollowerState] INFO  server.RaftServerConfigKeys (ConfUtils.java:logFallback(53)) - raft.server.rpc.first-election.timeout.min = 5s (fallback to raft.server.rpc.timeout.min)
2024-01-26 21:34:24,207 [85a76c17-24cd-4caa-b4c9-2f056bfd6b3c@group-77329B463A15-FollowerState] INFO  server.RaftServerConfigKeys (ConfUtils.java:logFallback(53)) - raft.server.rpc.first-election.timeout.max = 5200ms (fallback to raft.server.rpc.timeout.max)
2024-01-26 21:34:24,209 [157befb9-fc2c-4b56-bfb2-e4c39e5a9271@group-77329B463A15-LeaderElection21] INFO  server.RaftServerConfigKeys (ConfUtils.java:logFallback(53)) - raft.server.rpc.first-election.timeout.min = 5s (fallback to raft.server.rpc.timeout.min)
2024-01-26 21:34:24,209 [157befb9-fc2c-4b56-bfb2-e4c39e5a9271@group-77329B463A15-LeaderElection21] INFO  server.RaftServerConfigKeys (ConfUtils.java:logFallback(53)) - raft.server.rpc.first-election.timeout.max = 5200ms (fallback to raft.server.rpc.timeout.max)
2024-01-26 21:34:24,209 [0454455d-17b5-4798-9ce3-34e4ad079dd1@group-2F5DCFBA468F-StateMachineUpdater] INFO  server.RaftServer$Division (LeaderStateImpl.java:isApplied(320)) - leader is ready since appliedIndex == 0 >= startIndex == 0
2024-01-26 21:34:24,210 [157befb9-fc2c-4b56-bfb2-e4c39e5a9271@group-77329B463A15-LeaderElection21-1] INFO  server.GrpcServerProtocolClient (GrpcServerProtocolClient.java:<init>(65)) - Build channel for 85a76c17-24cd-4caa-b4c9-2f056bfd6b3c|10.1.0.5:15077
2024-01-26 21:34:24,213 [157befb9-fc2c-4b56-bfb2-e4c39e5a9271@group-77329B463A15-LeaderElection21-2] INFO  server.GrpcServerProtocolClient (GrpcServerProtocolClient.java:<init>(65)) - Build channel for 615e0ce5-d68a-4764-9dce-a037122bf2b4|10.1.0.5:15068
2024-01-26 21:34:24,220 [main] INFO  rpc.RpcClient (RpcClient.java:createBucket(683)) - Creating Bucket: 43646a26-3053-494c-8644-caae40d646d6/511656fc-81a7-4583-9070-c310fdc5a065, with bucket layout OBJECT_STORE, runner as owner, Versioning true, Storage Type set to DISK and Encryption set to false, Replication Type set to server-side default replication type, Namespace Quota set to -1, Space Quota set to -1 
2024-01-26 21:34:24,222 [grpc-default-executor-1] INFO  server.RaftServer$Division (RaftServerImpl.java:requestVote(1389)) - 85a76c17-24cd-4caa-b4c9-2f056bfd6b3c@group-77329B463A15: receive requestVote(PRE_VOTE, 157befb9-fc2c-4b56-bfb2-e4c39e5a9271, group-77329B463A15, 0, (t:0, i:0))
2024-01-26 21:34:24,222 [grpc-default-executor-1] INFO  impl.VoteContext (VoteContext.java:log(49)) - 85a76c17-24cd-4caa-b4c9-2f056bfd6b3c@group-77329B463A15-FOLLOWER: accept PRE_VOTE from 157befb9-fc2c-4b56-bfb2-e4c39e5a9271: our priority 0 <= candidate's priority 1
2024-01-26 21:34:24,222 [grpc-default-executor-1] INFO  server.RaftServer$Division (RaftServerImpl.java:requestVote(1422)) - 85a76c17-24cd-4caa-b4c9-2f056bfd6b3c@group-77329B463A15 replies to PRE_VOTE vote request: 157befb9-fc2c-4b56-bfb2-e4c39e5a9271<-85a76c17-24cd-4caa-b4c9-2f056bfd6b3c#0:OK-t0. Peer's state: 85a76c17-24cd-4caa-b4c9-2f056bfd6b3c@group-77329B463A15:t0, leader=null, voted=, raftlog=Memoized:85a76c17-24cd-4caa-b4c9-2f056bfd6b3c@group-77329B463A15-SegmentedRaftLog:OPENED:c-1, conf=-1: peers:[85a76c17-24cd-4caa-b4c9-2f056bfd6b3c|10.1.0.5:15077, 615e0ce5-d68a-4764-9dce-a037122bf2b4|10.1.0.5:15068, 157befb9-fc2c-4b56-bfb2-e4c39e5a9271|10.1.0.5:15086]|listeners:[], old=null
2024-01-26 21:34:24,221 [grpc-default-executor-4] INFO  server.RaftServer$Division (RaftServerImpl.java:requestVote(1389)) - 615e0ce5-d68a-4764-9dce-a037122bf2b4@group-77329B463A15: receive requestVote(PRE_VOTE, 157befb9-fc2c-4b56-bfb2-e4c39e5a9271, group-77329B463A15, 0, (t:0, i:0))
2024-01-26 21:34:24,223 [grpc-default-executor-4] INFO  impl.VoteContext (VoteContext.java:log(49)) - 615e0ce5-d68a-4764-9dce-a037122bf2b4@group-77329B463A15-FOLLOWER: accept PRE_VOTE from 157befb9-fc2c-4b56-bfb2-e4c39e5a9271: our priority 0 <= candidate's priority 1
2024-01-26 21:34:24,223 [grpc-default-executor-4] INFO  server.RaftServer$Division (RaftServerImpl.java:requestVote(1422)) - 615e0ce5-d68a-4764-9dce-a037122bf2b4@group-77329B463A15 replies to PRE_VOTE vote request: 157befb9-fc2c-4b56-bfb2-e4c39e5a9271<-615e0ce5-d68a-4764-9dce-a037122bf2b4#0:OK-t0. Peer's state: 615e0ce5-d68a-4764-9dce-a037122bf2b4@group-77329B463A15:t0, leader=null, voted=, raftlog=Memoized:615e0ce5-d68a-4764-9dce-a037122bf2b4@group-77329B463A15-SegmentedRaftLog:OPENED:c-1, conf=-1: peers:[85a76c17-24cd-4caa-b4c9-2f056bfd6b3c|10.1.0.5:15077, 615e0ce5-d68a-4764-9dce-a037122bf2b4|10.1.0.5:15068, 157befb9-fc2c-4b56-bfb2-e4c39e5a9271|10.1.0.5:15086]|listeners:[], old=null
2024-01-26 21:34:24,225 [157befb9-fc2c-4b56-bfb2-e4c39e5a9271@group-77329B463A15-LeaderElection21] INFO  impl.LeaderElection (LeaderElection.java:logAndReturn(89)) - 157befb9-fc2c-4b56-bfb2-e4c39e5a9271@group-77329B463A15-LeaderElection21: PRE_VOTE PASSED received 1 response(s) and 0 exception(s):
2024-01-26 21:34:24,225 [157befb9-fc2c-4b56-bfb2-e4c39e5a9271@group-77329B463A15-LeaderElection21] INFO  impl.LeaderElection (LeaderElection.java:logAndReturn(93)) -   Response 0: 157befb9-fc2c-4b56-bfb2-e4c39e5a9271<-615e0ce5-d68a-4764-9dce-a037122bf2b4#0:OK-t0
2024-01-26 21:34:24,225 [157befb9-fc2c-4b56-bfb2-e4c39e5a9271@group-77329B463A15-LeaderElection21] INFO  impl.LeaderElection (LeaderElection.java:askForVotes(323)) - 157befb9-fc2c-4b56-bfb2-e4c39e5a9271@group-77329B463A15-LeaderElection21 PRE_VOTE round 0: result PASSED
2024-01-26 21:34:24,226 [157befb9-fc2c-4b56-bfb2-e4c39e5a9271@group-77329B463A15-LeaderElection21] INFO  impl.LeaderElection (LeaderElection.java:askForVotes(321)) - 157befb9-fc2c-4b56-bfb2-e4c39e5a9271@group-77329B463A15-LeaderElection21 ELECTION round 0: submit vote requests at term 1 for -1: peers:[85a76c17-24cd-4caa-b4c9-2f056bfd6b3c|10.1.0.5:15077, 615e0ce5-d68a-4764-9dce-a037122bf2b4|10.1.0.5:15068, 157befb9-fc2c-4b56-bfb2-e4c39e5a9271|10.1.0.5:15086]|listeners:[], old=null
2024-01-26 21:34:24,227 [157befb9-fc2c-4b56-bfb2-e4c39e5a9271@group-77329B463A15-LeaderElection21] INFO  server.RaftServerConfigKeys (ConfUtils.java:logFallback(53)) - raft.server.rpc.first-election.timeout.min = 5s (fallback to raft.server.rpc.timeout.min)
2024-01-26 21:34:24,227 [157befb9-fc2c-4b56-bfb2-e4c39e5a9271@group-77329B463A15-LeaderElection21] INFO  server.RaftServerConfigKeys (ConfUtils.java:logFallback(53)) - raft.server.rpc.first-election.timeout.max = 5200ms (fallback to raft.server.rpc.timeout.max)
2024-01-26 21:34:24,228 [grpc-default-executor-1] INFO  server.RaftServer$Division (RaftServerImpl.java:requestVote(1389)) - 615e0ce5-d68a-4764-9dce-a037122bf2b4@group-77329B463A15: receive requestVote(ELECTION, 157befb9-fc2c-4b56-bfb2-e4c39e5a9271, group-77329B463A15, 1, (t:0, i:0))
2024-01-26 21:34:24,228 [grpc-default-executor-1] INFO  impl.VoteContext (VoteContext.java:log(49)) - 615e0ce5-d68a-4764-9dce-a037122bf2b4@group-77329B463A15-FOLLOWER: accept ELECTION from 157befb9-fc2c-4b56-bfb2-e4c39e5a9271: our priority 0 <= candidate's priority 1
2024-01-26 21:34:24,228 [grpc-default-executor-1] INFO  server.RaftServer$Division (RaftServerImpl.java:setRole(383)) - 615e0ce5-d68a-4764-9dce-a037122bf2b4@group-77329B463A15: changes role from  FOLLOWER to FOLLOWER at term 1 for candidate:157befb9-fc2c-4b56-bfb2-e4c39e5a9271
2024-01-26 21:34:24,228 [grpc-default-executor-1] INFO  impl.RoleInfo (RoleInfo.java:shutdownFollowerState(110)) - 615e0ce5-d68a-4764-9dce-a037122bf2b4: shutdown 615e0ce5-d68a-4764-9dce-a037122bf2b4@group-77329B463A15-FollowerState
2024-01-26 21:34:24,228 [grpc-default-executor-1] INFO  impl.RoleInfo (RoleInfo.java:updateAndGet(139)) - 615e0ce5-d68a-4764-9dce-a037122bf2b4: start 615e0ce5-d68a-4764-9dce-a037122bf2b4@group-77329B463A15-FollowerState
2024-01-26 21:34:24,228 [615e0ce5-d68a-4764-9dce-a037122bf2b4@group-77329B463A15-FollowerState] INFO  impl.FollowerState (FollowerState.java:run(152)) - 615e0ce5-d68a-4764-9dce-a037122bf2b4@group-77329B463A15-FollowerState was interrupted
2024-01-26 21:34:24,229 [grpc-default-executor-4] INFO  server.RaftServer$Division (RaftServerImpl.java:requestVote(1389)) - 85a76c17-24cd-4caa-b4c9-2f056bfd6b3c@group-77329B463A15: receive requestVote(ELECTION, 157befb9-fc2c-4b56-bfb2-e4c39e5a9271, group-77329B463A15, 1, (t:0, i:0))
2024-01-26 21:34:24,229 [grpc-default-executor-4] INFO  impl.VoteContext (VoteContext.java:log(49)) - 85a76c17-24cd-4caa-b4c9-2f056bfd6b3c@group-77329B463A15-FOLLOWER: accept ELECTION from 157befb9-fc2c-4b56-bfb2-e4c39e5a9271: our priority 0 <= candidate's priority 1
2024-01-26 21:34:24,229 [grpc-default-executor-4] INFO  server.RaftServer$Division (RaftServerImpl.java:setRole(383)) - 85a76c17-24cd-4caa-b4c9-2f056bfd6b3c@group-77329B463A15: changes role from  FOLLOWER to FOLLOWER at term 1 for candidate:157befb9-fc2c-4b56-bfb2-e4c39e5a9271
2024-01-26 21:34:24,229 [grpc-default-executor-4] INFO  impl.RoleInfo (RoleInfo.java:shutdownFollowerState(110)) - 85a76c17-24cd-4caa-b4c9-2f056bfd6b3c: shutdown 85a76c17-24cd-4caa-b4c9-2f056bfd6b3c@group-77329B463A15-FollowerState
2024-01-26 21:34:24,232 [grpc-default-executor-4] INFO  impl.RoleInfo (RoleInfo.java:updateAndGet(139)) - 85a76c17-24cd-4caa-b4c9-2f056bfd6b3c: start 85a76c17-24cd-4caa-b4c9-2f056bfd6b3c@group-77329B463A15-FollowerState
2024-01-26 21:34:24,232 [85a76c17-24cd-4caa-b4c9-2f056bfd6b3c@group-77329B463A15-FollowerState] INFO  impl.FollowerState (FollowerState.java:run(152)) - 85a76c17-24cd-4caa-b4c9-2f056bfd6b3c@group-77329B463A15-FollowerState was interrupted
2024-01-26 21:34:24,232 [grpc-default-executor-4] INFO  server.RaftServer$Division (RaftServerImpl.java:setFirstElection(574)) - 85a76c17-24cd-4caa-b4c9-2f056bfd6b3c@group-77329B463A15: set firstElectionSinceStartup to false for candidate:157befb9-fc2c-4b56-bfb2-e4c39e5a9271
2024-01-26 21:34:24,233 [cb9b1e06-b28b-4c4f-b19c-04e0cd8d01c6@group-D14205178D57-FollowerState] INFO  impl.FollowerState (FollowerState.java:run(143)) - cb9b1e06-b28b-4c4f-b19c-04e0cd8d01c6@group-D14205178D57-FollowerState: change to CANDIDATE, lastRpcElapsedTime:5100145298ns, electionTimeout:5087ms
2024-01-26 21:34:24,233 [cb9b1e06-b28b-4c4f-b19c-04e0cd8d01c6@group-D14205178D57-FollowerState] INFO  impl.RoleInfo (RoleInfo.java:shutdownFollowerState(110)) - cb9b1e06-b28b-4c4f-b19c-04e0cd8d01c6: shutdown cb9b1e06-b28b-4c4f-b19c-04e0cd8d01c6@group-D14205178D57-FollowerState
2024-01-26 21:34:24,233 [cb9b1e06-b28b-4c4f-b19c-04e0cd8d01c6@group-D14205178D57-FollowerState] INFO  server.RaftServer$Division (RaftServerImpl.java:setRole(383)) - cb9b1e06-b28b-4c4f-b19c-04e0cd8d01c6@group-D14205178D57: changes role from  FOLLOWER to CANDIDATE at term 0 for changeToCandidate
2024-01-26 21:34:24,233 [cb9b1e06-b28b-4c4f-b19c-04e0cd8d01c6@group-D14205178D57-FollowerState] INFO  server.RaftServerConfigKeys (ConfUtils.java:logGet(46)) - raft.server.leaderelection.pre-vote = true (default)
2024-01-26 21:34:24,233 [cb9b1e06-b28b-4c4f-b19c-04e0cd8d01c6@group-D14205178D57-FollowerState] INFO  impl.RoleInfo (RoleInfo.java:updateAndGet(139)) - cb9b1e06-b28b-4c4f-b19c-04e0cd8d01c6: start cb9b1e06-b28b-4c4f-b19c-04e0cd8d01c6@group-D14205178D57-LeaderElection22
2024-01-26 21:34:24,234 [cb9b1e06-b28b-4c4f-b19c-04e0cd8d01c6@group-D14205178D57-LeaderElection22] INFO  impl.LeaderElection (LeaderElection.java:askForVotes(321)) - cb9b1e06-b28b-4c4f-b19c-04e0cd8d01c6@group-D14205178D57-LeaderElection22 PRE_VOTE round 0: submit vote requests at term 0 for -1: peers:[cb9b1e06-b28b-4c4f-b19c-04e0cd8d01c6|10.1.0.5:15095]|listeners:[], old=null
2024-01-26 21:34:24,234 [cb9b1e06-b28b-4c4f-b19c-04e0cd8d01c6@group-D14205178D57-LeaderElection22] INFO  impl.LeaderElection (LeaderElection.java:askForVotes(323)) - cb9b1e06-b28b-4c4f-b19c-04e0cd8d01c6@group-D14205178D57-LeaderElection22 PRE_VOTE round 0: result PASSED (term=0)
2024-01-26 21:34:24,235 [grpc-default-executor-4] INFO  server.RaftServer$Division (RaftServerImpl.java:requestVote(1422)) - 85a76c17-24cd-4caa-b4c9-2f056bfd6b3c@group-77329B463A15 replies to ELECTION vote request: 157befb9-fc2c-4b56-bfb2-e4c39e5a9271<-85a76c17-24cd-4caa-b4c9-2f056bfd6b3c#0:OK-t1. Peer's state: 85a76c17-24cd-4caa-b4c9-2f056bfd6b3c@group-77329B463A15:t1, leader=null, voted=157befb9-fc2c-4b56-bfb2-e4c39e5a9271, raftlog=Memoized:85a76c17-24cd-4caa-b4c9-2f056bfd6b3c@group-77329B463A15-SegmentedRaftLog:OPENED:c-1, conf=-1: peers:[85a76c17-24cd-4caa-b4c9-2f056bfd6b3c|10.1.0.5:15077, 615e0ce5-d68a-4764-9dce-a037122bf2b4|10.1.0.5:15068, 157befb9-fc2c-4b56-bfb2-e4c39e5a9271|10.1.0.5:15086]|listeners:[], old=null
2024-01-26 21:34:24,236 [cb9b1e06-b28b-4c4f-b19c-04e0cd8d01c6@group-D14205178D57-LeaderElection22] INFO  impl.LeaderElection (LeaderElection.java:askForVotes(321)) - cb9b1e06-b28b-4c4f-b19c-04e0cd8d01c6@group-D14205178D57-LeaderElection22 ELECTION round 0: submit vote requests at term 1 for -1: peers:[cb9b1e06-b28b-4c4f-b19c-04e0cd8d01c6|10.1.0.5:15095]|listeners:[], old=null
2024-01-26 21:34:24,236 [grpc-default-executor-1] INFO  server.RaftServer$Division (RaftServerImpl.java:requestVote(1422)) - 615e0ce5-d68a-4764-9dce-a037122bf2b4@group-77329B463A15 replies to ELECTION vote request: 157befb9-fc2c-4b56-bfb2-e4c39e5a9271<-615e0ce5-d68a-4764-9dce-a037122bf2b4#0:OK-t1. Peer's state: 615e0ce5-d68a-4764-9dce-a037122bf2b4@group-77329B463A15:t1, leader=null, voted=157befb9-fc2c-4b56-bfb2-e4c39e5a9271, raftlog=Memoized:615e0ce5-d68a-4764-9dce-a037122bf2b4@group-77329B463A15-SegmentedRaftLog:OPENED:c-1, conf=-1: peers:[85a76c17-24cd-4caa-b4c9-2f056bfd6b3c|10.1.0.5:15077, 615e0ce5-d68a-4764-9dce-a037122bf2b4|10.1.0.5:15068, 157befb9-fc2c-4b56-bfb2-e4c39e5a9271|10.1.0.5:15086]|listeners:[], old=null
2024-01-26 21:34:24,236 [cb9b1e06-b28b-4c4f-b19c-04e0cd8d01c6@group-D14205178D57-LeaderElection22] INFO  impl.LeaderElection (LeaderElection.java:askForVotes(323)) - cb9b1e06-b28b-4c4f-b19c-04e0cd8d01c6@group-D14205178D57-LeaderElection22 ELECTION round 0: result PASSED (term=1)
2024-01-26 21:34:24,237 [cb9b1e06-b28b-4c4f-b19c-04e0cd8d01c6@group-D14205178D57-LeaderElection22] INFO  impl.RoleInfo (RoleInfo.java:shutdownLeaderElection(130)) - cb9b1e06-b28b-4c4f-b19c-04e0cd8d01c6: shutdown cb9b1e06-b28b-4c4f-b19c-04e0cd8d01c6@group-D14205178D57-LeaderElection22
2024-01-26 21:34:24,237 [cb9b1e06-b28b-4c4f-b19c-04e0cd8d01c6@group-D14205178D57-LeaderElection22] INFO  server.RaftServer$Division (RaftServerImpl.java:setRole(383)) - cb9b1e06-b28b-4c4f-b19c-04e0cd8d01c6@group-D14205178D57: changes role from CANDIDATE to LEADER at term 1 for changeToLeader
2024-01-26 21:34:24,237 [cb9b1e06-b28b-4c4f-b19c-04e0cd8d01c6@group-D14205178D57-LeaderElection22] INFO  server.RaftServerConfigKeys (ConfUtils.java:logGet(46)) - raft.server.staging.catchup.gap = 1000 (default)
2024-01-26 21:34:24,237 [cb9b1e06-b28b-4c4f-b19c-04e0cd8d01c6@group-D14205178D57-LeaderElection22] INFO  server.RaftServerConfigKeys (ConfUtils.java:logGet(46)) - raft.server.write.element-limit = 1024 (custom)
2024-01-26 21:34:24,238 [cb9b1e06-b28b-4c4f-b19c-04e0cd8d01c6@group-D14205178D57-LeaderElection22] INFO  server.RaftServerConfigKeys (ConfUtils.java:logGet(46)) - raft.server.write.byte-limit = 1024 M (=1073741824) (custom)
2024-01-26 21:34:24,238 [cb9b1e06-b28b-4c4f-b19c-04e0cd8d01c6@group-D14205178D57-LeaderElection22] INFO  server.RaftServerConfigKeys (ConfUtils.java:logGet(46)) - raft.server.watch.timeout = 180s (custom)
2024-01-26 21:34:24,238 [cb9b1e06-b28b-4c4f-b19c-04e0cd8d01c6@group-D14205178D57-LeaderElection22] INFO  server.RaftServerConfigKeys (ConfUtils.java:logGet(46)) - raft.server.watch.timeout.denomination = 1s (default)
2024-01-26 21:34:24,239 [cb9b1e06-b28b-4c4f-b19c-04e0cd8d01c6@group-D14205178D57-LeaderElection22] INFO  server.RaftServerConfigKeys (ConfUtils.java:logGet(46)) - raft.server.watch.element-limit = 65536 (default)
2024-01-26 21:34:24,239 [cb9b1e06-b28b-4c4f-b19c-04e0cd8d01c6@group-D14205178D57-LeaderElection22] INFO  server.RaftServerConfigKeys (ConfUtils.java:logGet(46)) - raft.server.read.leader.lease.enabled = false (default)
2024-01-26 21:34:24,240 [cb9b1e06-b28b-4c4f-b19c-04e0cd8d01c6@group-D14205178D57-LeaderElection22] INFO  server.RaftServerConfigKeys (ConfUtils.java:logGet(46)) - raft.server.read.leader.lease.timeout.ratio = 0.9 (default)
2024-01-26 21:34:24,240 [cb9b1e06-b28b-4c4f-b19c-04e0cd8d01c6@group-D14205178D57-LeaderElection22] INFO  server.RaftServerConfigKeys (ConfUtils.java:logGet(46)) - raft.server.rpc.timeout.min = 5s (custom)
2024-01-26 21:34:24,240 [cb9b1e06-b28b-4c4f-b19c-04e0cd8d01c6@group-D14205178D57-LeaderElection22] INFO  server.RaftServerConfigKeys (ConfUtils.java:logGet(46)) - raft.server.write.element-limit = 1024 (custom)
2024-01-26 21:34:24,241 [cb9b1e06-b28b-4c4f-b19c-04e0cd8d01c6@group-D14205178D57-LeaderElection22] INFO  server.RaftServerConfigKeys (ConfUtils.java:logGet(46)) - raft.server.write.follower.gap.ratio.max = -1.0 (default)
2024-01-26 21:34:24,241 [cb9b1e06-b28b-4c4f-b19c-04e0cd8d01c6@group-D14205178D57-LeaderElection22] INFO  impl.RoleInfo (RoleInfo.java:updateAndGet(139)) - cb9b1e06-b28b-4c4f-b19c-04e0cd8d01c6: start cb9b1e06-b28b-4c4f-b19c-04e0cd8d01c6@group-D14205178D57-LeaderStateImpl
2024-01-26 21:34:24,241 [cb9b1e06-b28b-4c4f-b19c-04e0cd8d01c6@group-D14205178D57-LeaderElection22] INFO  server.RaftServer$Division (RaftServerImpl.java:setFirstElection(574)) - cb9b1e06-b28b-4c4f-b19c-04e0cd8d01c6@group-D14205178D57: set firstElectionSinceStartup to false for becomeLeader
2024-01-26 21:34:24,242 [cb9b1e06-b28b-4c4f-b19c-04e0cd8d01c6@group-D14205178D57-LeaderElection22] INFO  ratis.XceiverServerRatis (XceiverServerRatis.java:handleLeaderChangedNotification(945)) - Leader change notification received for group: group-D14205178D57 with new leaderId: cb9b1e06-b28b-4c4f-b19c-04e0cd8d01c6
2024-01-26 21:34:24,242 [om1-OMStateMachineApplyTransactionThread - 0] INFO  bucket.OMBucketCreateRequest (OMBucketCreateRequest.java:validateAndUpdateCache(292)) - created bucket: 511656fc-81a7-4583-9070-c310fdc5a065 of layout OBJECT_STORE in volume: 43646a26-3053-494c-8644-caae40d646d6
2024-01-26 21:34:24,239 [157befb9-fc2c-4b56-bfb2-e4c39e5a9271@group-77329B463A15-LeaderElection21] INFO  impl.LeaderElection (LeaderElection.java:logAndReturn(89)) - 157befb9-fc2c-4b56-bfb2-e4c39e5a9271@group-77329B463A15-LeaderElection21: ELECTION PASSED received 1 response(s) and 0 exception(s):
2024-01-26 21:34:24,243 [157befb9-fc2c-4b56-bfb2-e4c39e5a9271@group-77329B463A15-LeaderElection21] INFO  impl.LeaderElection (LeaderElection.java:logAndReturn(93)) -   Response 0: 157befb9-fc2c-4b56-bfb2-e4c39e5a9271<-85a76c17-24cd-4caa-b4c9-2f056bfd6b3c#0:OK-t1
2024-01-26 21:34:24,243 [157befb9-fc2c-4b56-bfb2-e4c39e5a9271@group-77329B463A15-LeaderElection21] INFO  impl.LeaderElection (LeaderElection.java:askForVotes(323)) - 157befb9-fc2c-4b56-bfb2-e4c39e5a9271@group-77329B463A15-LeaderElection21 ELECTION round 0: result PASSED
2024-01-26 21:34:24,243 [157befb9-fc2c-4b56-bfb2-e4c39e5a9271@group-77329B463A15-LeaderElection21] INFO  impl.RoleInfo (RoleInfo.java:shutdownLeaderElection(130)) - 157befb9-fc2c-4b56-bfb2-e4c39e5a9271: shutdown 157befb9-fc2c-4b56-bfb2-e4c39e5a9271@group-77329B463A15-LeaderElection21
2024-01-26 21:34:24,243 [157befb9-fc2c-4b56-bfb2-e4c39e5a9271@group-77329B463A15-LeaderElection21] INFO  server.RaftServer$Division (RaftServerImpl.java:setRole(383)) - 157befb9-fc2c-4b56-bfb2-e4c39e5a9271@group-77329B463A15: changes role from CANDIDATE to LEADER at term 1 for changeToLeader
2024-01-26 21:34:24,243 [157befb9-fc2c-4b56-bfb2-e4c39e5a9271@group-77329B463A15-LeaderElection21] INFO  server.RaftServerConfigKeys (ConfUtils.java:logGet(46)) - raft.server.staging.catchup.gap = 1000 (default)
2024-01-26 21:34:24,243 [157befb9-fc2c-4b56-bfb2-e4c39e5a9271@group-77329B463A15-LeaderElection21] INFO  server.RaftServerConfigKeys (ConfUtils.java:logGet(46)) - raft.server.write.element-limit = 1024 (custom)
2024-01-26 21:34:24,243 [157befb9-fc2c-4b56-bfb2-e4c39e5a9271@group-77329B463A15-LeaderElection21] INFO  server.RaftServerConfigKeys (ConfUtils.java:logGet(46)) - raft.server.write.byte-limit = 1024 M (=1073741824) (custom)
2024-01-26 21:34:24,244 [157befb9-fc2c-4b56-bfb2-e4c39e5a9271@group-77329B463A15-LeaderElection21] INFO  server.RaftServerConfigKeys (ConfUtils.java:logGet(46)) - raft.server.watch.timeout = 180s (custom)
2024-01-26 21:34:24,244 [157befb9-fc2c-4b56-bfb2-e4c39e5a9271@group-77329B463A15-LeaderElection21] INFO  server.RaftServerConfigKeys (ConfUtils.java:logGet(46)) - raft.server.watch.timeout.denomination = 1s (default)
2024-01-26 21:34:24,242 [cb9b1e06-b28b-4c4f-b19c-04e0cd8d01c6@group-D14205178D57-LeaderElection22] INFO  server.RaftServer$Division (ServerState.java:setLeader(269)) - cb9b1e06-b28b-4c4f-b19c-04e0cd8d01c6@group-D14205178D57: change Leader from null to cb9b1e06-b28b-4c4f-b19c-04e0cd8d01c6 at term 1 for becomeLeader, leader elected after 5258ms
2024-01-26 21:34:24,244 [157befb9-fc2c-4b56-bfb2-e4c39e5a9271@group-77329B463A15-LeaderElection21] INFO  server.RaftServerConfigKeys (ConfUtils.java:logGet(46)) - raft.server.watch.element-limit = 65536 (default)
2024-01-26 21:34:24,244 [cb9b1e06-b28b-4c4f-b19c-04e0cd8d01c6@group-D14205178D57-LeaderElection22] INFO  segmented.SegmentedRaftLogWorker (SegmentedRaftLogWorker.java:startLogSegment(430)) - cb9b1e06-b28b-4c4f-b19c-04e0cd8d01c6@group-D14205178D57-SegmentedRaftLogWorker: Starting segment from index:0
2024-01-26 21:34:24,244 [157befb9-fc2c-4b56-bfb2-e4c39e5a9271@group-77329B463A15-LeaderElection21] INFO  server.RaftServerConfigKeys (ConfUtils.java:logGet(46)) - raft.server.read.leader.lease.enabled = false (default)
2024-01-26 21:34:24,244 [157befb9-fc2c-4b56-bfb2-e4c39e5a9271@group-77329B463A15-LeaderElection21] INFO  server.RaftServerConfigKeys (ConfUtils.java:logGet(46)) - raft.server.read.leader.lease.timeout.ratio = 0.9 (default)
2024-01-26 21:34:24,244 [157befb9-fc2c-4b56-bfb2-e4c39e5a9271@group-77329B463A15-LeaderElection21] INFO  server.RaftServerConfigKeys (ConfUtils.java:logGet(46)) - raft.server.rpc.timeout.min = 5s (custom)
2024-01-26 21:34:24,244 [157befb9-fc2c-4b56-bfb2-e4c39e5a9271@group-77329B463A15-LeaderElection21] INFO  server.RaftServerConfigKeys (ConfUtils.java:logGet(46)) - raft.server.write.element-limit = 1024 (custom)
2024-01-26 21:34:24,244 [157befb9-fc2c-4b56-bfb2-e4c39e5a9271@group-77329B463A15-LeaderElection21] INFO  server.RaftServerConfigKeys (ConfUtils.java:logGet(46)) - raft.server.write.follower.gap.ratio.max = -1.0 (default)
2024-01-26 21:34:24,244 [cb9b1e06-b28b-4c4f-b19c-04e0cd8d01c6@group-D14205178D57-SegmentedRaftLogWorker] INFO  segmented.BufferedWriteChannel (BufferedWriteChannel.java:open(62)) - open log_inprogress_0 at position 0
2024-01-26 21:34:24,245 [157befb9-fc2c-4b56-bfb2-e4c39e5a9271@group-77329B463A15-LeaderElection21] INFO  server.RaftServerConfigKeys (ConfUtils.java:logGet(46)) - raft.server.log.appender.snapshot.chunk.size.max = 16MB (=16777216) (default)
2024-01-26 21:34:24,245 [157befb9-fc2c-4b56-bfb2-e4c39e5a9271@group-77329B463A15-LeaderElection21] INFO  server.RaftServerConfigKeys (ConfUtils.java:logGet(46)) - raft.server.log.appender.buffer.byte-limit = 8388608 (custom)
2024-01-26 21:34:24,245 [157befb9-fc2c-4b56-bfb2-e4c39e5a9271@group-77329B463A15-LeaderElection21] INFO  server.RaftServerConfigKeys (ConfUtils.java:logGet(46)) - raft.server.log.appender.buffer.element-limit = 1 (custom)
2024-01-26 21:34:24,245 [157befb9-fc2c-4b56-bfb2-e4c39e5a9271@group-77329B463A15-LeaderElection21] INFO  server.RaftServerConfigKeys (ConfUtils.java:logGet(46)) - raft.server.log.appender.wait-time.min = 0μs (custom)
2024-01-26 21:34:24,246 [157befb9-fc2c-4b56-bfb2-e4c39e5a9271@group-77329B463A15-LeaderElection21] INFO  grpc.GrpcConfigKeys (ConfUtils.java:logGet(46)) - raft.grpc.server.leader.outstanding.appends.max = 8 (default)
2024-01-26 21:34:24,246 [157befb9-fc2c-4b56-bfb2-e4c39e5a9271@group-77329B463A15-LeaderElection21] INFO  server.RaftServerConfigKeys (ConfUtils.java:logGet(46)) - raft.server.rpc.request.timeout = 60s (custom)
2024-01-26 21:34:24,247 [157befb9-fc2c-4b56-bfb2-e4c39e5a9271@group-77329B463A15-LeaderElection21] INFO  grpc.GrpcConfigKeys (ConfUtils.java:logGet(46)) - raft.grpc.server.install_snapshot.request.element-limit = 8 (default)
2024-01-26 21:34:24,247 [157befb9-fc2c-4b56-bfb2-e4c39e5a9271@group-77329B463A15-LeaderElection21] INFO  grpc.GrpcConfigKeys (ConfUtils.java:logGet(46)) - raft.grpc.server.install_snapshot.request.timeout = 3000ms (default)
2024-01-26 21:34:24,247 [157befb9-fc2c-4b56-bfb2-e4c39e5a9271@group-77329B463A15-LeaderElection21] INFO  grpc.GrpcConfigKeys (ConfUtils.java:logGet(46)) - raft.grpc.server.log-message.batch.duration = 5s (default)
2024-01-26 21:34:24,247 [157befb9-fc2c-4b56-bfb2-e4c39e5a9271@group-77329B463A15-LeaderElection21] INFO  server.RaftServerConfigKeys (ConfUtils.java:logGet(46)) - raft.server.log.appender.install.snapshot.enabled = false (custom)
2024-01-26 21:34:24,247 [157befb9-fc2c-4b56-bfb2-e4c39e5a9271@group-77329B463A15-LeaderElection21] INFO  grpc.GrpcConfigKeys (ConfUtils.java:logGet(46)) - raft.grpc.server.heartbeat.channel = true (default)
2024-01-26 21:34:24,249 [157befb9-fc2c-4b56-bfb2-e4c39e5a9271@group-77329B463A15-LeaderElection21] INFO  server.RaftServerConfigKeys (ConfUtils.java:logGet(46)) - raft.server.log.appender.snapshot.chunk.size.max = 16MB (=16777216) (default)
2024-01-26 21:34:24,249 [157befb9-fc2c-4b56-bfb2-e4c39e5a9271@group-77329B463A15-LeaderElection21] INFO  server.RaftServerConfigKeys (ConfUtils.java:logGet(46)) - raft.server.log.appender.buffer.byte-limit = 8388608 (custom)
2024-01-26 21:34:24,249 [157befb9-fc2c-4b56-bfb2-e4c39e5a9271@group-77329B463A15-LeaderElection21] INFO  server.RaftServerConfigKeys (ConfUtils.java:logGet(46)) - raft.server.log.appender.buffer.element-limit = 1 (custom)
2024-01-26 21:34:24,249 [157befb9-fc2c-4b56-bfb2-e4c39e5a9271@group-77329B463A15-LeaderElection21] INFO  server.RaftServerConfigKeys (ConfUtils.java:logGet(46)) - raft.server.log.appender.wait-time.min = 0μs (custom)
2024-01-26 21:34:24,249 [157befb9-fc2c-4b56-bfb2-e4c39e5a9271@group-77329B463A15-LeaderElection21] INFO  grpc.GrpcConfigKeys (ConfUtils.java:logGet(46)) - raft.grpc.server.leader.outstanding.appends.max = 8 (default)
2024-01-26 21:34:24,249 [cb9b1e06-b28b-4c4f-b19c-04e0cd8d01c6@group-D14205178D57-LeaderElection22] INFO  server.RaftServer$Division (ServerState.java:setRaftConf(386)) - cb9b1e06-b28b-4c4f-b19c-04e0cd8d01c6@group-D14205178D57: set configuration 0: peers:[cb9b1e06-b28b-4c4f-b19c-04e0cd8d01c6|10.1.0.5:15095]|listeners:[], old=null
2024-01-26 21:34:24,249 [157befb9-fc2c-4b56-bfb2-e4c39e5a9271@group-77329B463A15-LeaderElection21] INFO  server.RaftServerConfigKeys (ConfUtils.java:logGet(46)) - raft.server.rpc.request.timeout = 60s (custom)
2024-01-26 21:34:24,249 [157befb9-fc2c-4b56-bfb2-e4c39e5a9271@group-77329B463A15-LeaderElection21] INFO  grpc.GrpcConfigKeys (ConfUtils.java:logGet(46)) - raft.grpc.server.install_snapshot.request.element-limit = 8 (default)
2024-01-26 21:34:24,249 [157befb9-fc2c-4b56-bfb2-e4c39e5a9271@group-77329B463A15-LeaderElection21] INFO  grpc.GrpcConfigKeys (ConfUtils.java:logGet(46)) - raft.grpc.server.install_snapshot.request.timeout = 3000ms (default)
2024-01-26 21:34:24,249 [157befb9-fc2c-4b56-bfb2-e4c39e5a9271@group-77329B463A15-LeaderElection21] INFO  grpc.GrpcConfigKeys (ConfUtils.java:logGet(46)) - raft.grpc.server.log-message.batch.duration = 5s (default)
2024-01-26 21:34:24,249 [157befb9-fc2c-4b56-bfb2-e4c39e5a9271@group-77329B463A15-LeaderElection21] INFO  server.RaftServerConfigKeys (ConfUtils.java:logGet(46)) - raft.server.log.appender.install.snapshot.enabled = false (custom)
2024-01-26 21:34:24,249 [157befb9-fc2c-4b56-bfb2-e4c39e5a9271@group-77329B463A15-LeaderElection21] INFO  grpc.GrpcConfigKeys (ConfUtils.java:logGet(46)) - raft.grpc.server.heartbeat.channel = true (default)
2024-01-26 21:34:24,250 [157befb9-fc2c-4b56-bfb2-e4c39e5a9271@group-77329B463A15-LeaderElection21] INFO  impl.RoleInfo (RoleInfo.java:updateAndGet(139)) - 157befb9-fc2c-4b56-bfb2-e4c39e5a9271: start 157befb9-fc2c-4b56-bfb2-e4c39e5a9271@group-77329B463A15-LeaderStateImpl
2024-01-26 21:34:24,250 [157befb9-fc2c-4b56-bfb2-e4c39e5a9271@group-77329B463A15-LeaderElection21] INFO  server.RaftServer$Division (RaftServerImpl.java:setFirstElection(574)) - 157befb9-fc2c-4b56-bfb2-e4c39e5a9271@group-77329B463A15: set firstElectionSinceStartup to false for becomeLeader
2024-01-26 21:34:24,250 [157befb9-fc2c-4b56-bfb2-e4c39e5a9271@group-77329B463A15-LeaderElection21] INFO  ratis.XceiverServerRatis (XceiverServerRatis.java:handleLeaderChangedNotification(945)) - Leader change notification received for group: group-77329B463A15 with new leaderId: 157befb9-fc2c-4b56-bfb2-e4c39e5a9271
2024-01-26 21:34:24,254 [cb9b1e06-b28b-4c4f-b19c-04e0cd8d01c6@group-D14205178D57-SegmentedRaftLogWorker] INFO  segmented.SegmentedRaftLogWorker (SegmentedRaftLogWorker.java:execute(634)) - cb9b1e06-b28b-4c4f-b19c-04e0cd8d01c6@group-D14205178D57-SegmentedRaftLogWorker: created new log segment /home/runner/work/ozone/ozone/hadoop-ozone/integration-test/target/test-dir/MiniOzoneClusterImpl-1af845c4-9ad0-4304-ad21-7f4426eccdbd/datanode-9/data/ratis/c7002a9d-6262-46cb-a2fc-d14205178d57/current/log_inprogress_0
2024-01-26 21:34:24,257 [157befb9-fc2c-4b56-bfb2-e4c39e5a9271@group-77329B463A15-LeaderElection21] INFO  server.RaftServer$Division (ServerState.java:setLeader(269)) - 157befb9-fc2c-4b56-bfb2-e4c39e5a9271@group-77329B463A15: change Leader from null to 157befb9-fc2c-4b56-bfb2-e4c39e5a9271 at term 1 for becomeLeader, leader elected after 5234ms
2024-01-26 21:34:24,257 [157befb9-fc2c-4b56-bfb2-e4c39e5a9271@group-77329B463A15-LeaderElection21] INFO  segmented.SegmentedRaftLogWorker (SegmentedRaftLogWorker.java:startLogSegment(430)) - 157befb9-fc2c-4b56-bfb2-e4c39e5a9271@group-77329B463A15-SegmentedRaftLogWorker: Starting segment from index:0
2024-01-26 21:34:24,257 [157befb9-fc2c-4b56-bfb2-e4c39e5a9271@group-77329B463A15-LeaderElection21] INFO  server.RaftServer$Division (ServerState.java:setRaftConf(386)) - 157befb9-fc2c-4b56-bfb2-e4c39e5a9271@group-77329B463A15: set configuration 0: peers:[85a76c17-24cd-4caa-b4c9-2f056bfd6b3c|10.1.0.5:15077, 615e0ce5-d68a-4764-9dce-a037122bf2b4|10.1.0.5:15068, 157befb9-fc2c-4b56-bfb2-e4c39e5a9271|10.1.0.5:15086]|listeners:[], old=null
2024-01-26 21:34:24,258 [157befb9-fc2c-4b56-bfb2-e4c39e5a9271@group-77329B463A15-SegmentedRaftLogWorker] INFO  segmented.BufferedWriteChannel (BufferedWriteChannel.java:open(62)) - open log_inprogress_0 at position 0
2024-01-26 21:34:24,258 [cb9b1e06-b28b-4c4f-b19c-04e0cd8d01c6@group-D14205178D57-StateMachineUpdater] INFO  server.RaftServer$Division (LeaderStateImpl.java:isApplied(320)) - leader is ready since appliedIndex == 0 >= startIndex == 0
2024-01-26 21:34:24,259 [EventQueue-PipelineReportForPipelineReportHandler] INFO  pipeline.PipelineReportHandler (PipelineReportHandler.java:processPipelineReport(136)) - Opened pipeline PipelineID=2df29df1-f773-4859-906e-77329b463a15
2024-01-26 21:34:24,260 [0454455d-17b5-4798-9ce3-34e4ad079dd1@group-2F9F6A9E053B-FollowerState] INFO  impl.FollowerState (FollowerState.java:run(143)) - 0454455d-17b5-4798-9ce3-34e4ad079dd1@group-2F9F6A9E053B-FollowerState: change to CANDIDATE, lastRpcElapsedTime:5021467050ns, electionTimeout:5020ms
2024-01-26 21:34:24,260 [0454455d-17b5-4798-9ce3-34e4ad079dd1@group-2F9F6A9E053B-FollowerState] INFO  impl.RoleInfo (RoleInfo.java:shutdownFollowerState(110)) - 0454455d-17b5-4798-9ce3-34e4ad079dd1: shutdown 0454455d-17b5-4798-9ce3-34e4ad079dd1@group-2F9F6A9E053B-FollowerState
2024-01-26 21:34:24,260 [0454455d-17b5-4798-9ce3-34e4ad079dd1@group-2F9F6A9E053B-FollowerState] INFO  server.RaftServer$Division (RaftServerImpl.java:setRole(383)) - 0454455d-17b5-4798-9ce3-34e4ad079dd1@group-2F9F6A9E053B: changes role from  FOLLOWER to CANDIDATE at term 0 for changeToCandidate
2024-01-26 21:34:24,264 [0454455d-17b5-4798-9ce3-34e4ad079dd1@group-2F9F6A9E053B-FollowerState] INFO  server.RaftServerConfigKeys (ConfUtils.java:logGet(46)) - raft.server.leaderelection.pre-vote = true (default)
2024-01-26 21:34:24,264 [0454455d-17b5-4798-9ce3-34e4ad079dd1@group-2F9F6A9E053B-FollowerState] INFO  impl.RoleInfo (RoleInfo.java:updateAndGet(139)) - 0454455d-17b5-4798-9ce3-34e4ad079dd1: start 0454455d-17b5-4798-9ce3-34e4ad079dd1@group-2F9F6A9E053B-LeaderElection23
2024-01-26 21:34:24,266 [157befb9-fc2c-4b56-bfb2-e4c39e5a9271@group-77329B463A15-SegmentedRaftLogWorker] INFO  segmented.SegmentedRaftLogWorker (SegmentedRaftLogWorker.java:execute(634)) - 157befb9-fc2c-4b56-bfb2-e4c39e5a9271@group-77329B463A15-SegmentedRaftLogWorker: created new log segment /home/runner/work/ozone/ozone/hadoop-ozone/integration-test/target/test-dir/MiniOzoneClusterImpl-1af845c4-9ad0-4304-ad21-7f4426eccdbd/datanode-8/data/ratis/2df29df1-f773-4859-906e-77329b463a15/current/log_inprogress_0
2024-01-26 21:34:24,271 [0454455d-17b5-4798-9ce3-34e4ad079dd1@group-2F9F6A9E053B-LeaderElection23] INFO  impl.LeaderElection (LeaderElection.java:askForVotes(321)) - 0454455d-17b5-4798-9ce3-34e4ad079dd1@group-2F9F6A9E053B-LeaderElection23 PRE_VOTE round 0: submit vote requests at term 0 for -1: peers:[0454455d-17b5-4798-9ce3-34e4ad079dd1|10.1.0.5:15104, 8aa6f495-09ad-4a32-951c-60d46ecfa148|10.1.0.5:15113, cb9b1e06-b28b-4c4f-b19c-04e0cd8d01c6|10.1.0.5:15095]|listeners:[], old=null
2024-01-26 21:34:24,276 [0454455d-17b5-4798-9ce3-34e4ad079dd1@group-2F9F6A9E053B-LeaderElection23] INFO  server.RaftServerConfigKeys (ConfUtils.java:logFallback(53)) - raft.server.rpc.first-election.timeout.min = 5s (fallback to raft.server.rpc.timeout.min)
2024-01-26 21:34:24,276 [0454455d-17b5-4798-9ce3-34e4ad079dd1@group-2F9F6A9E053B-LeaderElection23] INFO  server.RaftServerConfigKeys (ConfUtils.java:logFallback(53)) - raft.server.rpc.first-election.timeout.max = 5200ms (fallback to raft.server.rpc.timeout.max)
2024-01-26 21:34:24,276 [0454455d-17b5-4798-9ce3-34e4ad079dd1@group-2F9F6A9E053B-LeaderElection23-2] INFO  server.GrpcServerProtocolClient (GrpcServerProtocolClient.java:<init>(65)) - Build channel for cb9b1e06-b28b-4c4f-b19c-04e0cd8d01c6|10.1.0.5:15095
2024-01-26 21:34:24,278 [85a76c17-24cd-4caa-b4c9-2f056bfd6b3c-server-thread2] INFO  ratis.XceiverServerRatis (XceiverServerRatis.java:handleLeaderChangedNotification(945)) - Leader change notification received for group: group-77329B463A15 with new leaderId: 157befb9-fc2c-4b56-bfb2-e4c39e5a9271
2024-01-26 21:34:24,279 [85a76c17-24cd-4caa-b4c9-2f056bfd6b3c-server-thread2] INFO  server.RaftServer$Division (ServerState.java:setLeader(269)) - 85a76c17-24cd-4caa-b4c9-2f056bfd6b3c@group-77329B463A15: change Leader from null to 157befb9-fc2c-4b56-bfb2-e4c39e5a9271 at term 1 for appendEntries, leader elected after 5313ms
2024-01-26 21:34:24,278 [0454455d-17b5-4798-9ce3-34e4ad079dd1@group-2F9F6A9E053B-LeaderElection23-1] INFO  server.GrpcServerProtocolClient (GrpcServerProtocolClient.java:<init>(65)) - Build channel for 8aa6f495-09ad-4a32-951c-60d46ecfa148|10.1.0.5:15113
2024-01-26 21:34:24,282 [grpc-default-executor-6] INFO  server.RaftServer$Division (RaftServerImpl.java:requestVote(1389)) - cb9b1e06-b28b-4c4f-b19c-04e0cd8d01c6@group-2F9F6A9E053B: receive requestVote(PRE_VOTE, 0454455d-17b5-4798-9ce3-34e4ad079dd1, group-2F9F6A9E053B, 0, (t:0, i:0))
2024-01-26 21:34:24,283 [grpc-default-executor-6] INFO  impl.VoteContext (VoteContext.java:log(49)) - cb9b1e06-b28b-4c4f-b19c-04e0cd8d01c6@group-2F9F6A9E053B-FOLLOWER: accept PRE_VOTE from 0454455d-17b5-4798-9ce3-34e4ad079dd1: our priority 0 <= candidate's priority 0
2024-01-26 21:34:24,283 [grpc-default-executor-6] INFO  server.RaftServer$Division (RaftServerImpl.java:requestVote(1422)) - cb9b1e06-b28b-4c4f-b19c-04e0cd8d01c6@group-2F9F6A9E053B replies to PRE_VOTE vote request: 0454455d-17b5-4798-9ce3-34e4ad079dd1<-cb9b1e06-b28b-4c4f-b19c-04e0cd8d01c6#0:OK-t0. Peer's state: cb9b1e06-b28b-4c4f-b19c-04e0cd8d01c6@group-2F9F6A9E053B:t0, leader=null, voted=, raftlog=Memoized:cb9b1e06-b28b-4c4f-b19c-04e0cd8d01c6@group-2F9F6A9E053B-SegmentedRaftLog:OPENED:c-1, conf=-1: peers:[0454455d-17b5-4798-9ce3-34e4ad079dd1|10.1.0.5:15104, 8aa6f495-09ad-4a32-951c-60d46ecfa148|10.1.0.5:15113, cb9b1e06-b28b-4c4f-b19c-04e0cd8d01c6|10.1.0.5:15095]|listeners:[], old=null
2024-01-26 21:34:24,287 [615e0ce5-d68a-4764-9dce-a037122bf2b4-server-thread1] INFO  ratis.XceiverServerRatis (XceiverServerRatis.java:handleLeaderChangedNotification(945)) - Leader change notification received for group: group-77329B463A15 with new leaderId: 157befb9-fc2c-4b56-bfb2-e4c39e5a9271
2024-01-26 21:34:24,287 [615e0ce5-d68a-4764-9dce-a037122bf2b4-server-thread1] INFO  server.RaftServer$Division (ServerState.java:setLeader(269)) - 615e0ce5-d68a-4764-9dce-a037122bf2b4@group-77329B463A15: change Leader from null to 157befb9-fc2c-4b56-bfb2-e4c39e5a9271 at term 1 for appendEntries, leader elected after 5535ms
2024-01-26 21:34:24,287 [85a76c17-24cd-4caa-b4c9-2f056bfd6b3c-server-thread1] INFO  server.RaftServer$Division (ServerState.java:setRaftConf(386)) - 85a76c17-24cd-4caa-b4c9-2f056bfd6b3c@group-77329B463A15: set configuration 0: peers:[85a76c17-24cd-4caa-b4c9-2f056bfd6b3c|10.1.0.5:15077, 615e0ce5-d68a-4764-9dce-a037122bf2b4|10.1.0.5:15068, 157befb9-fc2c-4b56-bfb2-e4c39e5a9271|10.1.0.5:15086]|listeners:[], old=null
2024-01-26 21:34:24,288 [85a76c17-24cd-4caa-b4c9-2f056bfd6b3c-server-thread1] INFO  segmented.SegmentedRaftLogWorker (SegmentedRaftLogWorker.java:startLogSegment(430)) - 85a76c17-24cd-4caa-b4c9-2f056bfd6b3c@group-77329B463A15-SegmentedRaftLogWorker: Starting segment from index:0
2024-01-26 21:34:24,292 [615e0ce5-d68a-4764-9dce-a037122bf2b4-server-thread2] INFO  server.RaftServer$Division (ServerState.java:setRaftConf(386)) - 615e0ce5-d68a-4764-9dce-a037122bf2b4@group-77329B463A15: set configuration 0: peers:[85a76c17-24cd-4caa-b4c9-2f056bfd6b3c|10.1.0.5:15077, 615e0ce5-d68a-4764-9dce-a037122bf2b4|10.1.0.5:15068, 157befb9-fc2c-4b56-bfb2-e4c39e5a9271|10.1.0.5:15086]|listeners:[], old=null
2024-01-26 21:34:24,292 [615e0ce5-d68a-4764-9dce-a037122bf2b4-server-thread2] INFO  segmented.SegmentedRaftLogWorker (SegmentedRaftLogWorker.java:startLogSegment(430)) - 615e0ce5-d68a-4764-9dce-a037122bf2b4@group-77329B463A15-SegmentedRaftLogWorker: Starting segment from index:0
2024-01-26 21:34:24,295 [grpc-default-executor-1] INFO  server.RaftServer$Division (RaftServerImpl.java:requestVote(1389)) - 8aa6f495-09ad-4a32-951c-60d46ecfa148@group-2F9F6A9E053B: receive requestVote(PRE_VOTE, 0454455d-17b5-4798-9ce3-34e4ad079dd1, group-2F9F6A9E053B, 0, (t:0, i:0))
2024-01-26 21:34:24,295 [grpc-default-executor-1] INFO  impl.VoteContext (VoteContext.java:log(49)) - 8aa6f495-09ad-4a32-951c-60d46ecfa148@group-2F9F6A9E053B-FOLLOWER: reject PRE_VOTE from 0454455d-17b5-4798-9ce3-34e4ad079dd1: our priority 1 > candidate's priority 0
2024-01-26 21:34:24,296 [grpc-default-executor-1] INFO  server.RaftServer$Division (RaftServerImpl.java:requestVote(1422)) - 8aa6f495-09ad-4a32-951c-60d46ecfa148@group-2F9F6A9E053B replies to PRE_VOTE vote request: 0454455d-17b5-4798-9ce3-34e4ad079dd1<-8aa6f495-09ad-4a32-951c-60d46ecfa148#0:FAIL-t0. Peer's state: 8aa6f495-09ad-4a32-951c-60d46ecfa148@group-2F9F6A9E053B:t0, leader=null, voted=, raftlog=Memoized:8aa6f495-09ad-4a32-951c-60d46ecfa148@group-2F9F6A9E053B-SegmentedRaftLog:OPENED:c-1, conf=-1: peers:[0454455d-17b5-4798-9ce3-34e4ad079dd1|10.1.0.5:15104, 8aa6f495-09ad-4a32-951c-60d46ecfa148|10.1.0.5:15113, cb9b1e06-b28b-4c4f-b19c-04e0cd8d01c6|10.1.0.5:15095]|listeners:[], old=null
2024-01-26 21:34:24,297 [0454455d-17b5-4798-9ce3-34e4ad079dd1@group-2F9F6A9E053B-LeaderElection23] INFO  impl.LeaderElection (LeaderElection.java:logAndReturn(89)) - 0454455d-17b5-4798-9ce3-34e4ad079dd1@group-2F9F6A9E053B-LeaderElection23: PRE_VOTE REJECTED received 2 response(s) and 0 exception(s):
2024-01-26 21:34:24,297 [0454455d-17b5-4798-9ce3-34e4ad079dd1@group-2F9F6A9E053B-LeaderElection23] INFO  impl.LeaderElection (LeaderElection.java:logAndReturn(93)) -   Response 0: 0454455d-17b5-4798-9ce3-34e4ad079dd1<-8aa6f495-09ad-4a32-951c-60d46ecfa148#0:FAIL-t0
2024-01-26 21:34:24,297 [0454455d-17b5-4798-9ce3-34e4ad079dd1@group-2F9F6A9E053B-LeaderElection23] INFO  impl.LeaderElection (LeaderElection.java:logAndReturn(93)) -   Response 1: 0454455d-17b5-4798-9ce3-34e4ad079dd1<-cb9b1e06-b28b-4c4f-b19c-04e0cd8d01c6#0:OK-t0
2024-01-26 21:34:24,300 [0454455d-17b5-4798-9ce3-34e4ad079dd1@group-2F9F6A9E053B-LeaderElection23] INFO  impl.LeaderElection (LeaderElection.java:askForVotes(323)) - 0454455d-17b5-4798-9ce3-34e4ad079dd1@group-2F9F6A9E053B-LeaderElection23 PRE_VOTE round 0: result REJECTED
2024-01-26 21:34:24,300 [0454455d-17b5-4798-9ce3-34e4ad079dd1@group-2F9F6A9E053B-LeaderElection23] INFO  server.RaftServer$Division (RaftServerImpl.java:setRole(383)) - 0454455d-17b5-4798-9ce3-34e4ad079dd1@group-2F9F6A9E053B: changes role from CANDIDATE to FOLLOWER at term 0 for REJECTED
2024-01-26 21:34:24,300 [85a76c17-24cd-4caa-b4c9-2f056bfd6b3c@group-77329B463A15-SegmentedRaftLogWorker] INFO  segmented.BufferedWriteChannel (BufferedWriteChannel.java:open(62)) - open log_inprogress_0 at position 0
2024-01-26 21:34:24,300 [0454455d-17b5-4798-9ce3-34e4ad079dd1@group-2F9F6A9E053B-LeaderElection23] INFO  impl.RoleInfo (RoleInfo.java:shutdownLeaderElection(130)) - 0454455d-17b5-4798-9ce3-34e4ad079dd1: shutdown 0454455d-17b5-4798-9ce3-34e4ad079dd1@group-2F9F6A9E053B-LeaderElection23
2024-01-26 21:34:24,300 [0454455d-17b5-4798-9ce3-34e4ad079dd1@group-2F9F6A9E053B-LeaderElection23] INFO  impl.RoleInfo (RoleInfo.java:updateAndGet(139)) - 0454455d-17b5-4798-9ce3-34e4ad079dd1: start 0454455d-17b5-4798-9ce3-34e4ad079dd1@group-2F9F6A9E053B-FollowerState
2024-01-26 21:34:24,300 [0454455d-17b5-4798-9ce3-34e4ad079dd1@group-2F9F6A9E053B-LeaderElection23] INFO  server.RaftServer$Division (RaftServerImpl.java:setFirstElection(574)) - 0454455d-17b5-4798-9ce3-34e4ad079dd1@group-2F9F6A9E053B: set firstElectionSinceStartup to false for REJECTED
2024-01-26 21:34:24,304 [615e0ce5-d68a-4764-9dce-a037122bf2b4@group-77329B463A15-SegmentedRaftLogWorker] INFO  segmented.BufferedWriteChannel (BufferedWriteChannel.java:open(62)) - open log_inprogress_0 at position 0
2024-01-26 21:34:24,308 [615e0ce5-d68a-4764-9dce-a037122bf2b4@group-0864517AFB61-FollowerState] INFO  impl.FollowerState (FollowerState.java:run(143)) - 615e0ce5-d68a-4764-9dce-a037122bf2b4@group-0864517AFB61-FollowerState: change to CANDIDATE, lastRpcElapsedTime:5136359322ns, electionTimeout:5129ms
2024-01-26 21:34:24,308 [615e0ce5-d68a-4764-9dce-a037122bf2b4@group-0864517AFB61-FollowerState] INFO  impl.RoleInfo (RoleInfo.java:shutdownFollowerState(110)) - 615e0ce5-d68a-4764-9dce-a037122bf2b4: shutdown 615e0ce5-d68a-4764-9dce-a037122bf2b4@group-0864517AFB61-FollowerState
2024-01-26 21:34:24,308 [615e0ce5-d68a-4764-9dce-a037122bf2b4@group-0864517AFB61-FollowerState] INFO  server.RaftServer$Division (RaftServerImpl.java:setRole(383)) - 615e0ce5-d68a-4764-9dce-a037122bf2b4@group-0864517AFB61: changes role from  FOLLOWER to CANDIDATE at term 0 for changeToCandidate
2024-01-26 21:34:24,309 [615e0ce5-d68a-4764-9dce-a037122bf2b4@group-0864517AFB61-FollowerState] INFO  server.RaftServerConfigKeys (ConfUtils.java:logGet(46)) - raft.server.leaderelection.pre-vote = true (default)
2024-01-26 21:34:24,309 [615e0ce5-d68a-4764-9dce-a037122bf2b4@group-0864517AFB61-FollowerState] INFO  impl.RoleInfo (RoleInfo.java:updateAndGet(139)) - 615e0ce5-d68a-4764-9dce-a037122bf2b4: start 615e0ce5-d68a-4764-9dce-a037122bf2b4@group-0864517AFB61-LeaderElection24
2024-01-26 21:34:24,312 [615e0ce5-d68a-4764-9dce-a037122bf2b4@group-0864517AFB61-LeaderElection24] INFO  impl.LeaderElection (LeaderElection.java:askForVotes(321)) - 615e0ce5-d68a-4764-9dce-a037122bf2b4@group-0864517AFB61-LeaderElection24 PRE_VOTE round 0: submit vote requests at term 0 for -1: peers:[85a76c17-24cd-4caa-b4c9-2f056bfd6b3c|10.1.0.5:15077, 615e0ce5-d68a-4764-9dce-a037122bf2b4|10.1.0.5:15068, 157befb9-fc2c-4b56-bfb2-e4c39e5a9271|10.1.0.5:15086]|listeners:[], old=null
2024-01-26 21:34:24,317 [615e0ce5-d68a-4764-9dce-a037122bf2b4@group-77329B463A15-SegmentedRaftLogWorker] INFO  segmented.SegmentedRaftLogWorker (SegmentedRaftLogWorker.java:execute(634)) - 615e0ce5-d68a-4764-9dce-a037122bf2b4@group-77329B463A15-SegmentedRaftLogWorker: created new log segment /home/runner/work/ozone/ozone/hadoop-ozone/integration-test/target/test-dir/MiniOzoneClusterImpl-1af845c4-9ad0-4304-ad21-7f4426eccdbd/datanode-6/data/ratis/2df29df1-f773-4859-906e-77329b463a15/current/log_inprogress_0
2024-01-26 21:34:24,317 [85a76c17-24cd-4caa-b4c9-2f056bfd6b3c@group-77329B463A15-SegmentedRaftLogWorker] INFO  segmented.SegmentedRaftLogWorker (SegmentedRaftLogWorker.java:execute(634)) - 85a76c17-24cd-4caa-b4c9-2f056bfd6b3c@group-77329B463A15-SegmentedRaftLogWorker: created new log segment /home/runner/work/ozone/ozone/hadoop-ozone/integration-test/target/test-dir/MiniOzoneClusterImpl-1af845c4-9ad0-4304-ad21-7f4426eccdbd/datanode-7/data/ratis/2df29df1-f773-4859-906e-77329b463a15/current/log_inprogress_0
2024-01-26 21:34:24,323 [615e0ce5-d68a-4764-9dce-a037122bf2b4@group-0864517AFB61-LeaderElection24] INFO  server.RaftServerConfigKeys (ConfUtils.java:logFallback(53)) - raft.server.rpc.first-election.timeout.min = 5s (fallback to raft.server.rpc.timeout.min)
2024-01-26 21:34:24,323 [615e0ce5-d68a-4764-9dce-a037122bf2b4@group-0864517AFB61-LeaderElection24] INFO  server.RaftServerConfigKeys (ConfUtils.java:logFallback(53)) - raft.server.rpc.first-election.timeout.max = 5200ms (fallback to raft.server.rpc.timeout.max)
2024-01-26 21:34:24,334 [85a76c17-24cd-4caa-b4c9-2f056bfd6b3c@group-0864517AFB61-FollowerState] INFO  impl.FollowerState (FollowerState.java:run(143)) - 85a76c17-24cd-4caa-b4c9-2f056bfd6b3c@group-0864517AFB61-FollowerState: change to CANDIDATE, lastRpcElapsedTime:5078482032ns, electionTimeout:5068ms
2024-01-26 21:34:24,334 [85a76c17-24cd-4caa-b4c9-2f056bfd6b3c@group-0864517AFB61-FollowerState] INFO  impl.RoleInfo (RoleInfo.java:shutdownFollowerState(110)) - 85a76c17-24cd-4caa-b4c9-2f056bfd6b3c: shutdown 85a76c17-24cd-4caa-b4c9-2f056bfd6b3c@group-0864517AFB61-FollowerState
2024-01-26 21:34:24,334 [85a76c17-24cd-4caa-b4c9-2f056bfd6b3c@group-0864517AFB61-FollowerState] INFO  server.RaftServer$Division (RaftServerImpl.java:setRole(383)) - 85a76c17-24cd-4caa-b4c9-2f056bfd6b3c@group-0864517AFB61: changes role from  FOLLOWER to CANDIDATE at term 0 for changeToCandidate
2024-01-26 21:34:24,334 [85a76c17-24cd-4caa-b4c9-2f056bfd6b3c@group-0864517AFB61-FollowerState] INFO  server.RaftServerConfigKeys (ConfUtils.java:logGet(46)) - raft.server.leaderelection.pre-vote = true (default)
2024-01-26 21:34:24,334 [85a76c17-24cd-4caa-b4c9-2f056bfd6b3c@group-0864517AFB61-FollowerState] INFO  impl.RoleInfo (RoleInfo.java:updateAndGet(139)) - 85a76c17-24cd-4caa-b4c9-2f056bfd6b3c: start 85a76c17-24cd-4caa-b4c9-2f056bfd6b3c@group-0864517AFB61-LeaderElection25
2024-01-26 21:34:24,337 [grpc-default-executor-3] INFO  server.RaftServer$Division (RaftServerImpl.java:requestVote(1389)) - 85a76c17-24cd-4caa-b4c9-2f056bfd6b3c@group-0864517AFB61: receive requestVote(PRE_VOTE, 615e0ce5-d68a-4764-9dce-a037122bf2b4, group-0864517AFB61, 0, (t:0, i:0))
2024-01-26 21:34:24,338 [grpc-default-executor-3] INFO  impl.VoteContext (VoteContext.java:log(49)) - 85a76c17-24cd-4caa-b4c9-2f056bfd6b3c@group-0864517AFB61-CANDIDATE: accept PRE_VOTE from 615e0ce5-d68a-4764-9dce-a037122bf2b4: our priority 0 <= candidate's priority 1
2024-01-26 21:34:24,338 [grpc-default-executor-3] INFO  server.RaftServer$Division (RaftServerImpl.java:requestVote(1422)) - 85a76c17-24cd-4caa-b4c9-2f056bfd6b3c@group-0864517AFB61 replies to PRE_VOTE vote request: 615e0ce5-d68a-4764-9dce-a037122bf2b4<-85a76c17-24cd-4caa-b4c9-2f056bfd6b3c#0:OK-t0. Peer's state: 85a76c17-24cd-4caa-b4c9-2f056bfd6b3c@group-0864517AFB61:t0, leader=null, voted=, raftlog=Memoized:85a76c17-24cd-4caa-b4c9-2f056bfd6b3c@group-0864517AFB61-SegmentedRaftLog:OPENED:c-1, conf=-1: peers:[85a76c17-24cd-4caa-b4c9-2f056bfd6b3c|10.1.0.5:15077, 615e0ce5-d68a-4764-9dce-a037122bf2b4|10.1.0.5:15068, 157befb9-fc2c-4b56-bfb2-e4c39e5a9271|10.1.0.5:15086]|listeners:[], old=null
2024-01-26 21:34:24,339 [615e0ce5-d68a-4764-9dce-a037122bf2b4@group-0864517AFB61-LeaderElection24] INFO  impl.LeaderElection (LeaderElection.java:logAndReturn(89)) - 615e0ce5-d68a-4764-9dce-a037122bf2b4@group-0864517AFB61-LeaderElection24: PRE_VOTE PASSED received 1 response(s) and 0 exception(s):
2024-01-26 21:34:24,339 [615e0ce5-d68a-4764-9dce-a037122bf2b4@group-0864517AFB61-LeaderElection24] INFO  impl.LeaderElection (LeaderElection.java:logAndReturn(93)) -   Response 0: 615e0ce5-d68a-4764-9dce-a037122bf2b4<-85a76c17-24cd-4caa-b4c9-2f056bfd6b3c#0:OK-t0
2024-01-26 21:34:24,339 [615e0ce5-d68a-4764-9dce-a037122bf2b4@group-0864517AFB61-LeaderElection24] INFO  impl.LeaderElection (LeaderElection.java:askForVotes(323)) - 615e0ce5-d68a-4764-9dce-a037122bf2b4@group-0864517AFB61-LeaderElection24 PRE_VOTE round 0: result PASSED
2024-01-26 21:34:24,339 [85a76c17-24cd-4caa-b4c9-2f056bfd6b3c@group-0864517AFB61-LeaderElection25] INFO  impl.LeaderElection (LeaderElection.java:askForVotes(321)) - 85a76c17-24cd-4caa-b4c9-2f056bfd6b3c@group-0864517AFB61-LeaderElection25 PRE_VOTE round 0: submit vote requests at term 0 for -1: peers:[85a76c17-24cd-4caa-b4c9-2f056bfd6b3c|10.1.0.5:15077, 615e0ce5-d68a-4764-9dce-a037122bf2b4|10.1.0.5:15068, 157befb9-fc2c-4b56-bfb2-e4c39e5a9271|10.1.0.5:15086]|listeners:[], old=null
2024-01-26 21:34:24,339 [85a76c17-24cd-4caa-b4c9-2f056bfd6b3c@group-0864517AFB61-LeaderElection25-1] INFO  server.GrpcServerProtocolClient (GrpcServerProtocolClient.java:<init>(65)) - Build channel for 615e0ce5-d68a-4764-9dce-a037122bf2b4|10.1.0.5:15068
2024-01-26 21:34:24,339 [157befb9-fc2c-4b56-bfb2-e4c39e5a9271@group-77329B463A15-StateMachineUpdater] INFO  server.RaftServer$Division (LeaderStateImpl.java:isApplied(320)) - leader is ready since appliedIndex == 0 >= startIndex == 0
2024-01-26 21:34:24,339 [grpc-default-executor-3] INFO  server.RaftServer$Division (RaftServerImpl.java:requestVote(1389)) - 157befb9-fc2c-4b56-bfb2-e4c39e5a9271@group-0864517AFB61: receive requestVote(PRE_VOTE, 615e0ce5-d68a-4764-9dce-a037122bf2b4, group-0864517AFB61, 0, (t:0, i:0))
2024-01-26 21:34:24,340 [grpc-default-executor-3] INFO  impl.VoteContext (VoteContext.java:log(49)) - 157befb9-fc2c-4b56-bfb2-e4c39e5a9271@group-0864517AFB61-FOLLOWER: accept PRE_VOTE from 615e0ce5-d68a-4764-9dce-a037122bf2b4: our priority 0 <= candidate's priority 1
2024-01-26 21:34:24,340 [615e0ce5-d68a-4764-9dce-a037122bf2b4@group-0864517AFB61-LeaderElection24] INFO  impl.LeaderElection (LeaderElection.java:askForVotes(321)) - 615e0ce5-d68a-4764-9dce-a037122bf2b4@group-0864517AFB61-LeaderElection24 ELECTION round 0: submit vote requests at term 1 for -1: peers:[85a76c17-24cd-4caa-b4c9-2f056bfd6b3c|10.1.0.5:15077, 615e0ce5-d68a-4764-9dce-a037122bf2b4|10.1.0.5:15068, 157befb9-fc2c-4b56-bfb2-e4c39e5a9271|10.1.0.5:15086]|listeners:[], old=null
2024-01-26 21:34:24,340 [grpc-default-executor-3] INFO  server.RaftServer$Division (RaftServerImpl.java:requestVote(1422)) - 157befb9-fc2c-4b56-bfb2-e4c39e5a9271@group-0864517AFB61 replies to PRE_VOTE vote request: 615e0ce5-d68a-4764-9dce-a037122bf2b4<-157befb9-fc2c-4b56-bfb2-e4c39e5a9271#0:OK-t0. Peer's state: 157befb9-fc2c-4b56-bfb2-e4c39e5a9271@group-0864517AFB61:t0, leader=null, voted=, raftlog=Memoized:157befb9-fc2c-4b56-bfb2-e4c39e5a9271@group-0864517AFB61-SegmentedRaftLog:OPENED:c-1, conf=-1: peers:[85a76c17-24cd-4caa-b4c9-2f056bfd6b3c|10.1.0.5:15077, 615e0ce5-d68a-4764-9dce-a037122bf2b4|10.1.0.5:15068, 157befb9-fc2c-4b56-bfb2-e4c39e5a9271|10.1.0.5:15086]|listeners:[], old=null
2024-01-26 21:34:24,342 [85a76c17-24cd-4caa-b4c9-2f056bfd6b3c@group-0864517AFB61-LeaderElection25] INFO  server.RaftServerConfigKeys (ConfUtils.java:logFallback(53)) - raft.server.rpc.first-election.timeout.min = 5s (fallback to raft.server.rpc.timeout.min)
2024-01-26 21:34:24,342 [85a76c17-24cd-4caa-b4c9-2f056bfd6b3c@group-0864517AFB61-LeaderElection25] INFO  server.RaftServerConfigKeys (ConfUtils.java:logFallback(53)) - raft.server.rpc.first-election.timeout.max = 5200ms (fallback to raft.server.rpc.timeout.max)
2024-01-26 21:34:24,342 [85a76c17-24cd-4caa-b4c9-2f056bfd6b3c@group-0864517AFB61-LeaderElection25-2] INFO  server.GrpcServerProtocolClient (GrpcServerProtocolClient.java:<init>(65)) - Build channel for 157befb9-fc2c-4b56-bfb2-e4c39e5a9271|10.1.0.5:15086
2024-01-26 21:34:24,346 [grpc-default-executor-2] INFO  server.RaftServer$Division (RaftServerImpl.java:requestVote(1389)) - 615e0ce5-d68a-4764-9dce-a037122bf2b4@group-0864517AFB61: receive requestVote(PRE_VOTE, 85a76c17-24cd-4caa-b4c9-2f056bfd6b3c, group-0864517AFB61, 0, (t:0, i:0))
2024-01-26 21:34:24,347 [grpc-default-executor-2] INFO  impl.VoteContext (VoteContext.java:log(49)) - 615e0ce5-d68a-4764-9dce-a037122bf2b4@group-0864517AFB61-CANDIDATE: reject PRE_VOTE from 85a76c17-24cd-4caa-b4c9-2f056bfd6b3c: our priority 1 > candidate's priority 0
2024-01-26 21:34:24,347 [grpc-default-executor-2] INFO  server.RaftServer$Division (RaftServerImpl.java:requestVote(1422)) - 615e0ce5-d68a-4764-9dce-a037122bf2b4@group-0864517AFB61 replies to PRE_VOTE vote request: 85a76c17-24cd-4caa-b4c9-2f056bfd6b3c<-615e0ce5-d68a-4764-9dce-a037122bf2b4#0:FAIL-t1. Peer's state: 615e0ce5-d68a-4764-9dce-a037122bf2b4@group-0864517AFB61:t1, leader=null, voted=615e0ce5-d68a-4764-9dce-a037122bf2b4, raftlog=Memoized:615e0ce5-d68a-4764-9dce-a037122bf2b4@group-0864517AFB61-SegmentedRaftLog:OPENED:c-1, conf=-1: peers:[85a76c17-24cd-4caa-b4c9-2f056bfd6b3c|10.1.0.5:15077, 615e0ce5-d68a-4764-9dce-a037122bf2b4|10.1.0.5:15068, 157befb9-fc2c-4b56-bfb2-e4c39e5a9271|10.1.0.5:15086]|listeners:[], old=null
2024-01-26 21:34:24,348 [615e0ce5-d68a-4764-9dce-a037122bf2b4@group-0864517AFB61-LeaderElection24] INFO  server.RaftServerConfigKeys (ConfUtils.java:logFallback(53)) - raft.server.rpc.first-election.timeout.min = 5s (fallback to raft.server.rpc.timeout.min)
2024-01-26 21:34:24,348 [615e0ce5-d68a-4764-9dce-a037122bf2b4@group-0864517AFB61-LeaderElection24] INFO  server.RaftServerConfigKeys (ConfUtils.java:logFallback(53)) - raft.server.rpc.first-election.timeout.max = 5200ms (fallback to raft.server.rpc.timeout.max)
2024-01-26 21:34:24,351 [grpc-default-executor-2] INFO  server.RaftServer$Division (RaftServerImpl.java:requestVote(1389)) - 157befb9-fc2c-4b56-bfb2-e4c39e5a9271@group-0864517AFB61: receive requestVote(ELECTION, 615e0ce5-d68a-4764-9dce-a037122bf2b4, group-0864517AFB61, 1, (t:0, i:0))
2024-01-26 21:34:24,352 [85a76c17-24cd-4caa-b4c9-2f056bfd6b3c@group-0864517AFB61-LeaderElection25] INFO  impl.LeaderElection (LeaderElection.java:logAndReturn(89)) - 85a76c17-24cd-4caa-b4c9-2f056bfd6b3c@group-0864517AFB61-LeaderElection25: PRE_VOTE DISCOVERED_A_NEW_TERM (term=1) received 1 response(s) and 0 exception(s):
2024-01-26 21:34:24,353 [grpc-default-executor-2] INFO  impl.VoteContext (VoteContext.java:log(49)) - 157befb9-fc2c-4b56-bfb2-e4c39e5a9271@group-0864517AFB61-FOLLOWER: accept ELECTION from 615e0ce5-d68a-4764-9dce-a037122bf2b4: our priority 0 <= candidate's priority 1
2024-01-26 21:34:24,353 [grpc-default-executor-2] INFO  server.RaftServer$Division (RaftServerImpl.java:setRole(383)) - 157befb9-fc2c-4b56-bfb2-e4c39e5a9271@group-0864517AFB61: changes role from  FOLLOWER to FOLLOWER at term 1 for candidate:615e0ce5-d68a-4764-9dce-a037122bf2b4
2024-01-26 21:34:24,353 [grpc-default-executor-2] INFO  impl.RoleInfo (RoleInfo.java:shutdownFollowerState(110)) - 157befb9-fc2c-4b56-bfb2-e4c39e5a9271: shutdown 157befb9-fc2c-4b56-bfb2-e4c39e5a9271@group-0864517AFB61-FollowerState
2024-01-26 21:34:24,353 [grpc-default-executor-2] INFO  impl.RoleInfo (RoleInfo.java:updateAndGet(139)) - 157befb9-fc2c-4b56-bfb2-e4c39e5a9271: start 157befb9-fc2c-4b56-bfb2-e4c39e5a9271@group-0864517AFB61-FollowerState
2024-01-26 21:34:24,353 [85a76c17-24cd-4caa-b4c9-2f056bfd6b3c@group-0864517AFB61-LeaderElection25] INFO  impl.LeaderElection (LeaderElection.java:logAndReturn(93)) -   Response 0: 85a76c17-24cd-4caa-b4c9-2f056bfd6b3c<-615e0ce5-d68a-4764-9dce-a037122bf2b4#0:FAIL-t1
2024-01-26 21:34:24,353 [157befb9-fc2c-4b56-bfb2-e4c39e5a9271@group-0864517AFB61-FollowerState] INFO  impl.FollowerState (FollowerState.java:run(152)) - 157befb9-fc2c-4b56-bfb2-e4c39e5a9271@group-0864517AFB61-FollowerState was interrupted
2024-01-26 21:34:24,353 [grpc-default-executor-2] INFO  server.RaftServer$Division (RaftServerImpl.java:setFirstElection(574)) - 157befb9-fc2c-4b56-bfb2-e4c39e5a9271@group-0864517AFB61: set firstElectionSinceStartup to false for candidate:615e0ce5-d68a-4764-9dce-a037122bf2b4
2024-01-26 21:34:24,360 [grpc-default-executor-2] INFO  server.RaftServer$Division (RaftServerImpl.java:requestVote(1422)) - 157befb9-fc2c-4b56-bfb2-e4c39e5a9271@group-0864517AFB61 replies to ELECTION vote request: 615e0ce5-d68a-4764-9dce-a037122bf2b4<-157befb9-fc2c-4b56-bfb2-e4c39e5a9271#0:OK-t1. Peer's state: 157befb9-fc2c-4b56-bfb2-e4c39e5a9271@group-0864517AFB61:t1, leader=null, voted=615e0ce5-d68a-4764-9dce-a037122bf2b4, raftlog=Memoized:157befb9-fc2c-4b56-bfb2-e4c39e5a9271@group-0864517AFB61-SegmentedRaftLog:OPENED:c-1, conf=-1: peers:[85a76c17-24cd-4caa-b4c9-2f056bfd6b3c|10.1.0.5:15077, 615e0ce5-d68a-4764-9dce-a037122bf2b4|10.1.0.5:15068, 157befb9-fc2c-4b56-bfb2-e4c39e5a9271|10.1.0.5:15086]|listeners:[], old=null
2024-01-26 21:34:24,360 [grpc-default-executor-3] INFO  server.RaftServer$Division (RaftServerImpl.java:requestVote(1389)) - 157befb9-fc2c-4b56-bfb2-e4c39e5a9271@group-0864517AFB61: receive requestVote(PRE_VOTE, 85a76c17-24cd-4caa-b4c9-2f056bfd6b3c, group-0864517AFB61, 0, (t:0, i:0))
2024-01-26 21:34:24,360 [grpc-default-executor-3] INFO  impl.VoteContext (VoteContext.java:log(49)) - 157befb9-fc2c-4b56-bfb2-e4c39e5a9271@group-0864517AFB61-FOLLOWER: accept PRE_VOTE from 85a76c17-24cd-4caa-b4c9-2f056bfd6b3c: our priority 0 <= candidate's priority 0
2024-01-26 21:34:24,360 [grpc-default-executor-3] INFO  server.RaftServer$Division (RaftServerImpl.java:requestVote(1422)) - 157befb9-fc2c-4b56-bfb2-e4c39e5a9271@group-0864517AFB61 replies to PRE_VOTE vote request: 85a76c17-24cd-4caa-b4c9-2f056bfd6b3c<-157befb9-fc2c-4b56-bfb2-e4c39e5a9271#0:OK-t1. Peer's state: 157befb9-fc2c-4b56-bfb2-e4c39e5a9271@group-0864517AFB61:t1, leader=null, voted=615e0ce5-d68a-4764-9dce-a037122bf2b4, raftlog=Memoized:157befb9-fc2c-4b56-bfb2-e4c39e5a9271@group-0864517AFB61-SegmentedRaftLog:OPENED:c-1, conf=-1: peers:[85a76c17-24cd-4caa-b4c9-2f056bfd6b3c|10.1.0.5:15077, 615e0ce5-d68a-4764-9dce-a037122bf2b4|10.1.0.5:15068, 157befb9-fc2c-4b56-bfb2-e4c39e5a9271|10.1.0.5:15086]|listeners:[], old=null
2024-01-26 21:34:24,361 [85a76c17-24cd-4caa-b4c9-2f056bfd6b3c@group-0864517AFB61-LeaderElection25] INFO  impl.LeaderElection (LeaderElection.java:askForVotes(323)) - 85a76c17-24cd-4caa-b4c9-2f056bfd6b3c@group-0864517AFB61-LeaderElection25 PRE_VOTE round 0: result DISCOVERED_A_NEW_TERM (term=1)
2024-01-26 21:34:24,361 [85a76c17-24cd-4caa-b4c9-2f056bfd6b3c@group-0864517AFB61-LeaderElection25] INFO  server.RaftServer$Division (RaftServerImpl.java:setRole(383)) - 85a76c17-24cd-4caa-b4c9-2f056bfd6b3c@group-0864517AFB61: changes role from CANDIDATE to FOLLOWER at term 1 for DISCOVERED_A_NEW_TERM (term=1)
2024-01-26 21:34:24,361 [85a76c17-24cd-4caa-b4c9-2f056bfd6b3c@group-0864517AFB61-LeaderElection25] INFO  impl.RoleInfo (RoleInfo.java:shutdownLeaderElection(130)) - 85a76c17-24cd-4caa-b4c9-2f056bfd6b3c: shutdown 85a76c17-24cd-4caa-b4c9-2f056bfd6b3c@group-0864517AFB61-LeaderElection25
2024-01-26 21:34:24,361 [85a76c17-24cd-4caa-b4c9-2f056bfd6b3c@group-0864517AFB61-LeaderElection25] INFO  impl.RoleInfo (RoleInfo.java:updateAndGet(139)) - 85a76c17-24cd-4caa-b4c9-2f056bfd6b3c: start 85a76c17-24cd-4caa-b4c9-2f056bfd6b3c@group-0864517AFB61-FollowerState
2024-01-26 21:34:24,361 [grpc-default-executor-3] INFO  server.RaftServer$Division (RaftServerImpl.java:requestVote(1389)) - 85a76c17-24cd-4caa-b4c9-2f056bfd6b3c@group-0864517AFB61: receive requestVote(ELECTION, 615e0ce5-d68a-4764-9dce-a037122bf2b4, group-0864517AFB61, 1, (t:0, i:0))
2024-01-26 21:34:24,361 [615e0ce5-d68a-4764-9dce-a037122bf2b4@group-0864517AFB61-LeaderElection24] INFO  impl.LeaderElection (LeaderElection.java:logAndReturn(89)) - 615e0ce5-d68a-4764-9dce-a037122bf2b4@group-0864517AFB61-LeaderElection24: ELECTION PASSED received 1 response(s) and 0 exception(s):
2024-01-26 21:34:24,362 [615e0ce5-d68a-4764-9dce-a037122bf2b4@group-0864517AFB61-LeaderElection24] INFO  impl.LeaderElection (LeaderElection.java:logAndReturn(93)) -   Response 0: 615e0ce5-d68a-4764-9dce-a037122bf2b4<-157befb9-fc2c-4b56-bfb2-e4c39e5a9271#0:OK-t1
2024-01-26 21:34:24,367 [85a76c17-24cd-4caa-b4c9-2f056bfd6b3c@group-0864517AFB61-LeaderElection25] INFO  server.RaftServer$Division (RaftServerImpl.java:setFirstElection(574)) - 85a76c17-24cd-4caa-b4c9-2f056bfd6b3c@group-0864517AFB61: set firstElectionSinceStartup to false for DISCOVERED_A_NEW_TERM (term=1)
2024-01-26 21:34:24,367 [615e0ce5-d68a-4764-9dce-a037122bf2b4@group-0864517AFB61-LeaderElection24] INFO  impl.LeaderElection (LeaderElection.java:askForVotes(323)) - 615e0ce5-d68a-4764-9dce-a037122bf2b4@group-0864517AFB61-LeaderElection24 ELECTION round 0: result PASSED
2024-01-26 21:34:24,367 [615e0ce5-d68a-4764-9dce-a037122bf2b4@group-0864517AFB61-LeaderElection24] INFO  impl.RoleInfo (RoleInfo.java:shutdownLeaderElection(130)) - 615e0ce5-d68a-4764-9dce-a037122bf2b4: shutdown 615e0ce5-d68a-4764-9dce-a037122bf2b4@group-0864517AFB61-LeaderElection24
2024-01-26 21:34:24,367 [615e0ce5-d68a-4764-9dce-a037122bf2b4@group-0864517AFB61-LeaderElection24] INFO  server.RaftServer$Division (RaftServerImpl.java:setRole(383)) - 615e0ce5-d68a-4764-9dce-a037122bf2b4@group-0864517AFB61: changes role from CANDIDATE to LEADER at term 1 for changeToLeader
2024-01-26 21:34:24,367 [615e0ce5-d68a-4764-9dce-a037122bf2b4@group-0864517AFB61-LeaderElection24] INFO  server.RaftServerConfigKeys (ConfUtils.java:logGet(46)) - raft.server.staging.catchup.gap = 1000 (default)
2024-01-26 21:34:24,368 [615e0ce5-d68a-4764-9dce-a037122bf2b4@group-0864517AFB61-LeaderElection24] INFO  server.RaftServerConfigKeys (ConfUtils.java:logGet(46)) - raft.server.write.element-limit = 1024 (custom)
2024-01-26 21:34:24,368 [615e0ce5-d68a-4764-9dce-a037122bf2b4@group-0864517AFB61-LeaderElection24] INFO  server.RaftServerConfigKeys (ConfUtils.java:logGet(46)) - raft.server.write.byte-limit = 1024 M (=1073741824) (custom)
2024-01-26 21:34:24,368 [615e0ce5-d68a-4764-9dce-a037122bf2b4@group-0864517AFB61-LeaderElection24] INFO  server.RaftServerConfigKeys (ConfUtils.java:logGet(46)) - raft.server.watch.timeout = 180s (custom)
2024-01-26 21:34:24,368 [615e0ce5-d68a-4764-9dce-a037122bf2b4@group-0864517AFB61-LeaderElection24] INFO  server.RaftServerConfigKeys (ConfUtils.java:logGet(46)) - raft.server.watch.timeout.denomination = 1s (default)
2024-01-26 21:34:24,368 [615e0ce5-d68a-4764-9dce-a037122bf2b4@group-0864517AFB61-LeaderElection24] INFO  server.RaftServerConfigKeys (ConfUtils.java:logGet(46)) - raft.server.watch.element-limit = 65536 (default)
2024-01-26 21:34:24,368 [615e0ce5-d68a-4764-9dce-a037122bf2b4@group-0864517AFB61-LeaderElection24] INFO  server.RaftServerConfigKeys (ConfUtils.java:logGet(46)) - raft.server.read.leader.lease.enabled = false (default)
2024-01-26 21:34:24,368 [615e0ce5-d68a-4764-9dce-a037122bf2b4@group-0864517AFB61-LeaderElection24] INFO  server.RaftServerConfigKeys (ConfUtils.java:logGet(46)) - raft.server.read.leader.lease.timeout.ratio = 0.9 (default)
2024-01-26 21:34:24,369 [615e0ce5-d68a-4764-9dce-a037122bf2b4@group-0864517AFB61-LeaderElection24] INFO  server.RaftServerConfigKeys (ConfUtils.java:logGet(46)) - raft.server.rpc.timeout.min = 5s (custom)
2024-01-26 21:34:24,369 [615e0ce5-d68a-4764-9dce-a037122bf2b4@group-0864517AFB61-LeaderElection24] INFO  server.RaftServerConfigKeys (ConfUtils.java:logGet(46)) - raft.server.write.element-limit = 1024 (custom)
2024-01-26 21:34:24,369 [615e0ce5-d68a-4764-9dce-a037122bf2b4@group-0864517AFB61-LeaderElection24] INFO  server.RaftServerConfigKeys (ConfUtils.java:logGet(46)) - raft.server.write.follower.gap.ratio.max = -1.0 (default)
2024-01-26 21:34:24,369 [615e0ce5-d68a-4764-9dce-a037122bf2b4@group-0864517AFB61-LeaderElection24] INFO  server.RaftServerConfigKeys (ConfUtils.java:logGet(46)) - raft.server.log.appender.snapshot.chunk.size.max = 16MB (=16777216) (default)
2024-01-26 21:34:24,369 [615e0ce5-d68a-4764-9dce-a037122bf2b4@group-0864517AFB61-LeaderElection24] INFO  server.RaftServerConfigKeys (ConfUtils.java:logGet(46)) - raft.server.log.appender.buffer.byte-limit = 8388608 (custom)
2024-01-26 21:34:24,370 [615e0ce5-d68a-4764-9dce-a037122bf2b4@group-0864517AFB61-LeaderElection24] INFO  server.RaftServerConfigKeys (ConfUtils.java:logGet(46)) - raft.server.log.appender.buffer.element-limit = 1 (custom)
2024-01-26 21:34:24,370 [615e0ce5-d68a-4764-9dce-a037122bf2b4@group-0864517AFB61-LeaderElection24] INFO  server.RaftServerConfigKeys (ConfUtils.java:logGet(46)) - raft.server.log.appender.wait-time.min = 0μs (custom)
2024-01-26 21:34:24,370 [615e0ce5-d68a-4764-9dce-a037122bf2b4@group-0864517AFB61-LeaderElection24] INFO  grpc.GrpcConfigKeys (ConfUtils.java:logGet(46)) - raft.grpc.server.leader.outstanding.appends.max = 8 (default)
2024-01-26 21:34:24,370 [615e0ce5-d68a-4764-9dce-a037122bf2b4@group-0864517AFB61-LeaderElection24] INFO  server.RaftServerConfigKeys (ConfUtils.java:logGet(46)) - raft.server.rpc.request.timeout = 60s (custom)
2024-01-26 21:34:24,370 [615e0ce5-d68a-4764-9dce-a037122bf2b4@group-0864517AFB61-LeaderElection24] INFO  grpc.GrpcConfigKeys (ConfUtils.java:logGet(46)) - raft.grpc.server.install_snapshot.request.element-limit = 8 (default)
2024-01-26 21:34:24,370 [615e0ce5-d68a-4764-9dce-a037122bf2b4@group-0864517AFB61-LeaderElection24] INFO  grpc.GrpcConfigKeys (ConfUtils.java:logGet(46)) - raft.grpc.server.install_snapshot.request.timeout = 3000ms (default)
2024-01-26 21:34:24,370 [615e0ce5-d68a-4764-9dce-a037122bf2b4@group-0864517AFB61-LeaderElection24] INFO  grpc.GrpcConfigKeys (ConfUtils.java:logGet(46)) - raft.grpc.server.log-message.batch.duration = 5s (default)
2024-01-26 21:34:24,370 [615e0ce5-d68a-4764-9dce-a037122bf2b4@group-0864517AFB61-LeaderElection24] INFO  server.RaftServerConfigKeys (ConfUtils.java:logGet(46)) - raft.server.log.appender.install.snapshot.enabled = false (custom)
2024-01-26 21:34:24,370 [615e0ce5-d68a-4764-9dce-a037122bf2b4@group-0864517AFB61-LeaderElection24] INFO  grpc.GrpcConfigKeys (ConfUtils.java:logGet(46)) - raft.grpc.server.heartbeat.channel = true (default)
2024-01-26 21:34:24,372 [615e0ce5-d68a-4764-9dce-a037122bf2b4@group-0864517AFB61-LeaderElection24] INFO  server.RaftServerConfigKeys (ConfUtils.java:logGet(46)) - raft.server.log.appender.snapshot.chunk.size.max = 16MB (=16777216) (default)
2024-01-26 21:34:24,372 [grpc-default-executor-3] INFO  impl.VoteContext (VoteContext.java:log(49)) - 85a76c17-24cd-4caa-b4c9-2f056bfd6b3c@group-0864517AFB61-FOLLOWER: accept ELECTION from 615e0ce5-d68a-4764-9dce-a037122bf2b4: our priority 0 <= candidate's priority 1
2024-01-26 21:34:24,373 [grpc-default-executor-3] INFO  server.RaftServer$Division (RaftServerImpl.java:setRole(383)) - 85a76c17-24cd-4caa-b4c9-2f056bfd6b3c@group-0864517AFB61: changes role from  FOLLOWER to FOLLOWER at term 1 for candidate:615e0ce5-d68a-4764-9dce-a037122bf2b4
2024-01-26 21:34:24,373 [grpc-default-executor-3] INFO  impl.RoleInfo (RoleInfo.java:shutdownFollowerState(110)) - 85a76c17-24cd-4caa-b4c9-2f056bfd6b3c: shutdown 85a76c17-24cd-4caa-b4c9-2f056bfd6b3c@group-0864517AFB61-FollowerState
2024-01-26 21:34:24,373 [grpc-default-executor-3] INFO  impl.RoleInfo (RoleInfo.java:updateAndGet(139)) - 85a76c17-24cd-4caa-b4c9-2f056bfd6b3c: start 85a76c17-24cd-4caa-b4c9-2f056bfd6b3c@group-0864517AFB61-FollowerState
2024-01-26 21:34:24,372 [615e0ce5-d68a-4764-9dce-a037122bf2b4@group-0864517AFB61-LeaderElection24] INFO  server.RaftServerConfigKeys (ConfUtils.java:logGet(46)) - raft.server.log.appender.buffer.byte-limit = 8388608 (custom)
2024-01-26 21:34:24,373 [615e0ce5-d68a-4764-9dce-a037122bf2b4@group-0864517AFB61-LeaderElection24] INFO  server.RaftServerConfigKeys (ConfUtils.java:logGet(46)) - raft.server.log.appender.buffer.element-limit = 1 (custom)
2024-01-26 21:34:24,374 [85a76c17-24cd-4caa-b4c9-2f056bfd6b3c@group-0864517AFB61-FollowerState] INFO  impl.FollowerState (FollowerState.java:run(152)) - 85a76c17-24cd-4caa-b4c9-2f056bfd6b3c@group-0864517AFB61-FollowerState was interrupted
2024-01-26 21:34:24,376 [615e0ce5-d68a-4764-9dce-a037122bf2b4@group-0864517AFB61-LeaderElection24] INFO  server.RaftServerConfigKeys (ConfUtils.java:logGet(46)) - raft.server.log.appender.wait-time.min = 0μs (custom)
2024-01-26 21:34:24,376 [615e0ce5-d68a-4764-9dce-a037122bf2b4@group-0864517AFB61-LeaderElection24] INFO  grpc.GrpcConfigKeys (ConfUtils.java:logGet(46)) - raft.grpc.server.leader.outstanding.appends.max = 8 (default)
2024-01-26 21:34:24,376 [615e0ce5-d68a-4764-9dce-a037122bf2b4@group-0864517AFB61-LeaderElection24] INFO  server.RaftServerConfigKeys (ConfUtils.java:logGet(46)) - raft.server.rpc.request.timeout = 60s (custom)
2024-01-26 21:34:24,376 [615e0ce5-d68a-4764-9dce-a037122bf2b4@group-0864517AFB61-LeaderElection24] INFO  grpc.GrpcConfigKeys (ConfUtils.java:logGet(46)) - raft.grpc.server.install_snapshot.request.element-limit = 8 (default)
2024-01-26 21:34:24,376 [615e0ce5-d68a-4764-9dce-a037122bf2b4@group-0864517AFB61-LeaderElection24] INFO  grpc.GrpcConfigKeys (ConfUtils.java:logGet(46)) - raft.grpc.server.install_snapshot.request.timeout = 3000ms (default)
2024-01-26 21:34:24,376 [615e0ce5-d68a-4764-9dce-a037122bf2b4@group-0864517AFB61-LeaderElection24] INFO  grpc.GrpcConfigKeys (ConfUtils.java:logGet(46)) - raft.grpc.server.log-message.batch.duration = 5s (default)
2024-01-26 21:34:24,376 [615e0ce5-d68a-4764-9dce-a037122bf2b4@group-0864517AFB61-LeaderElection24] INFO  server.RaftServerConfigKeys (ConfUtils.java:logGet(46)) - raft.server.log.appender.install.snapshot.enabled = false (custom)
2024-01-26 21:34:24,377 [615e0ce5-d68a-4764-9dce-a037122bf2b4@group-0864517AFB61-LeaderElection24] INFO  grpc.GrpcConfigKeys (ConfUtils.java:logGet(46)) - raft.grpc.server.heartbeat.channel = true (default)
2024-01-26 21:34:24,377 [615e0ce5-d68a-4764-9dce-a037122bf2b4@group-0864517AFB61-LeaderElection24] INFO  impl.RoleInfo (RoleInfo.java:updateAndGet(139)) - 615e0ce5-d68a-4764-9dce-a037122bf2b4: start 615e0ce5-d68a-4764-9dce-a037122bf2b4@group-0864517AFB61-LeaderStateImpl
2024-01-26 21:34:24,377 [615e0ce5-d68a-4764-9dce-a037122bf2b4@group-0864517AFB61-LeaderElection24] INFO  server.RaftServer$Division (RaftServerImpl.java:setFirstElection(574)) - 615e0ce5-d68a-4764-9dce-a037122bf2b4@group-0864517AFB61: set firstElectionSinceStartup to false for becomeLeader
2024-01-26 21:34:24,377 [615e0ce5-d68a-4764-9dce-a037122bf2b4@group-0864517AFB61-LeaderElection24] INFO  ratis.XceiverServerRatis (XceiverServerRatis.java:handleLeaderChangedNotification(945)) - Leader change notification received for group: group-0864517AFB61 with new leaderId: 615e0ce5-d68a-4764-9dce-a037122bf2b4
2024-01-26 21:34:24,378 [615e0ce5-d68a-4764-9dce-a037122bf2b4@group-0864517AFB61-LeaderElection24] INFO  server.RaftServer$Division (ServerState.java:setLeader(269)) - 615e0ce5-d68a-4764-9dce-a037122bf2b4@group-0864517AFB61: change Leader from null to 615e0ce5-d68a-4764-9dce-a037122bf2b4 at term 1 for becomeLeader, leader elected after 5252ms
2024-01-26 21:34:24,378 [615e0ce5-d68a-4764-9dce-a037122bf2b4@group-0864517AFB61-LeaderElection24] INFO  segmented.SegmentedRaftLogWorker (SegmentedRaftLogWorker.java:startLogSegment(430)) - 615e0ce5-d68a-4764-9dce-a037122bf2b4@group-0864517AFB61-SegmentedRaftLogWorker: Starting segment from index:0
2024-01-26 21:34:24,378 [615e0ce5-d68a-4764-9dce-a037122bf2b4@group-0864517AFB61-LeaderElection24] INFO  server.RaftServer$Division (ServerState.java:setRaftConf(386)) - 615e0ce5-d68a-4764-9dce-a037122bf2b4@group-0864517AFB61: set configuration 0: peers:[85a76c17-24cd-4caa-b4c9-2f056bfd6b3c|10.1.0.5:15077, 615e0ce5-d68a-4764-9dce-a037122bf2b4|10.1.0.5:15068, 157befb9-fc2c-4b56-bfb2-e4c39e5a9271|10.1.0.5:15086]|listeners:[], old=null
2024-01-26 21:34:24,378 [615e0ce5-d68a-4764-9dce-a037122bf2b4@group-0864517AFB61-SegmentedRaftLogWorker] INFO  segmented.BufferedWriteChannel (BufferedWriteChannel.java:open(62)) - open log_inprogress_0 at position 0
2024-01-26 21:34:24,379 [EventQueue-PipelineReportForPipelineReportHandler] INFO  pipeline.PipelineReportHandler (PipelineReportHandler.java:processPipelineReport(136)) - Opened pipeline PipelineID=53d57d20-1cf2-4389-b3a7-0864517afb61
2024-01-26 21:34:24,387 [grpc-default-executor-3] INFO  server.RaftServer$Division (RaftServerImpl.java:requestVote(1422)) - 85a76c17-24cd-4caa-b4c9-2f056bfd6b3c@group-0864517AFB61 replies to ELECTION vote request: 615e0ce5-d68a-4764-9dce-a037122bf2b4<-85a76c17-24cd-4caa-b4c9-2f056bfd6b3c#0:OK-t1. Peer's state: 85a76c17-24cd-4caa-b4c9-2f056bfd6b3c@group-0864517AFB61:t1, leader=null, voted=615e0ce5-d68a-4764-9dce-a037122bf2b4, raftlog=Memoized:85a76c17-24cd-4caa-b4c9-2f056bfd6b3c@group-0864517AFB61-SegmentedRaftLog:OPENED:c-1, conf=-1: peers:[85a76c17-24cd-4caa-b4c9-2f056bfd6b3c|10.1.0.5:15077, 615e0ce5-d68a-4764-9dce-a037122bf2b4|10.1.0.5:15068, 157befb9-fc2c-4b56-bfb2-e4c39e5a9271|10.1.0.5:15086]|listeners:[], old=null
2024-01-26 21:34:24,388 [615e0ce5-d68a-4764-9dce-a037122bf2b4@group-0864517AFB61-SegmentedRaftLogWorker] INFO  segmented.SegmentedRaftLogWorker (SegmentedRaftLogWorker.java:execute(634)) - 615e0ce5-d68a-4764-9dce-a037122bf2b4@group-0864517AFB61-SegmentedRaftLogWorker: created new log segment /home/runner/work/ozone/ozone/hadoop-ozone/integration-test/target/test-dir/MiniOzoneClusterImpl-1af845c4-9ad0-4304-ad21-7f4426eccdbd/datanode-6/data/ratis/53d57d20-1cf2-4389-b3a7-0864517afb61/current/log_inprogress_0
2024-01-26 21:34:24,389 [85a76c17-24cd-4caa-b4c9-2f056bfd6b3c-server-thread1] INFO  ratis.XceiverServerRatis (XceiverServerRatis.java:handleLeaderChangedNotification(945)) - Leader change notification received for group: group-0864517AFB61 with new leaderId: 615e0ce5-d68a-4764-9dce-a037122bf2b4
2024-01-26 21:34:24,390 [85a76c17-24cd-4caa-b4c9-2f056bfd6b3c-server-thread1] INFO  server.RaftServer$Division (ServerState.java:setLeader(269)) - 85a76c17-24cd-4caa-b4c9-2f056bfd6b3c@group-0864517AFB61: change Leader from null to 615e0ce5-d68a-4764-9dce-a037122bf2b4 at term 1 for appendEntries, leader elected after 5181ms
2024-01-26 21:34:24,395 [85a76c17-24cd-4caa-b4c9-2f056bfd6b3c-server-thread2] INFO  server.RaftServer$Division (ServerState.java:setRaftConf(386)) - 85a76c17-24cd-4caa-b4c9-2f056bfd6b3c@group-0864517AFB61: set configuration 0: peers:[85a76c17-24cd-4caa-b4c9-2f056bfd6b3c|10.1.0.5:15077, 615e0ce5-d68a-4764-9dce-a037122bf2b4|10.1.0.5:15068, 157befb9-fc2c-4b56-bfb2-e4c39e5a9271|10.1.0.5:15086]|listeners:[], old=null
2024-01-26 21:34:24,397 [85a76c17-24cd-4caa-b4c9-2f056bfd6b3c-server-thread2] INFO  segmented.SegmentedRaftLogWorker (SegmentedRaftLogWorker.java:startLogSegment(430)) - 85a76c17-24cd-4caa-b4c9-2f056bfd6b3c@group-0864517AFB61-SegmentedRaftLogWorker: Starting segment from index:0
2024-01-26 21:34:24,397 [IPC Server handler 3 on default port 15001] INFO  ha.SequenceIdGenerator (SequenceIdGenerator.java:getNextId(145)) - Allocate a batch for containerId, change lastId from 0 to 1000.
2024-01-26 21:34:24,396 [157befb9-fc2c-4b56-bfb2-e4c39e5a9271-server-thread1] INFO  ratis.XceiverServerRatis (XceiverServerRatis.java:handleLeaderChangedNotification(945)) - Leader change notification received for group: group-0864517AFB61 with new leaderId: 615e0ce5-d68a-4764-9dce-a037122bf2b4
2024-01-26 21:34:24,398 [157befb9-fc2c-4b56-bfb2-e4c39e5a9271-server-thread1] INFO  server.RaftServer$Division (ServerState.java:setLeader(269)) - 157befb9-fc2c-4b56-bfb2-e4c39e5a9271@group-0864517AFB61: change Leader from null to 615e0ce5-d68a-4764-9dce-a037122bf2b4 at term 1 for appendEntries, leader elected after 5044ms
2024-01-26 21:34:24,408 [cb9b1e06-b28b-4c4f-b19c-04e0cd8d01c6@group-2F9F6A9E053B-FollowerState] INFO  server.RaftServerConfigKeys (ConfUtils.java:logFallback(53)) - raft.server.rpc.first-election.timeout.min = 5s (fallback to raft.server.rpc.timeout.min)
2024-01-26 21:34:24,408 [cb9b1e06-b28b-4c4f-b19c-04e0cd8d01c6@group-2F9F6A9E053B-FollowerState] INFO  server.RaftServerConfigKeys (ConfUtils.java:logFallback(53)) - raft.server.rpc.first-election.timeout.max = 5200ms (fallback to raft.server.rpc.timeout.max)
2024-01-26 21:34:24,408 [85a76c17-24cd-4caa-b4c9-2f056bfd6b3c@group-0864517AFB61-SegmentedRaftLogWorker] INFO  segmented.BufferedWriteChannel (BufferedWriteChannel.java:open(62)) - open log_inprogress_0 at position 0
2024-01-26 21:34:24,411 [157befb9-fc2c-4b56-bfb2-e4c39e5a9271-server-thread2] INFO  server.RaftServer$Division (ServerState.java:setRaftConf(386)) - 157befb9-fc2c-4b56-bfb2-e4c39e5a9271@group-0864517AFB61: set configuration 0: peers:[85a76c17-24cd-4caa-b4c9-2f056bfd6b3c|10.1.0.5:15077, 615e0ce5-d68a-4764-9dce-a037122bf2b4|10.1.0.5:15068, 157befb9-fc2c-4b56-bfb2-e4c39e5a9271|10.1.0.5:15086]|listeners:[], old=null
2024-01-26 21:34:24,411 [157befb9-fc2c-4b56-bfb2-e4c39e5a9271-server-thread2] INFO  segmented.SegmentedRaftLogWorker (SegmentedRaftLogWorker.java:startLogSegment(430)) - 157befb9-fc2c-4b56-bfb2-e4c39e5a9271@group-0864517AFB61-SegmentedRaftLogWorker: Starting segment from index:0
2024-01-26 21:34:24,412 [157befb9-fc2c-4b56-bfb2-e4c39e5a9271@group-0864517AFB61-SegmentedRaftLogWorker] INFO  segmented.BufferedWriteChannel (BufferedWriteChannel.java:open(62)) - open log_inprogress_0 at position 0
2024-01-26 21:34:24,412 [IPC Server handler 3 on default port 15001] WARN  ha.SequenceIdGenerator (SequenceIdGenerator.java:allocateBatch(258)) - Failed to allocate a batch for localId, expected lastId is 0, actual lastId is 113750153625600000.
2024-01-26 21:34:24,412 [IPC Server handler 3 on default port 15001] INFO  ha.SequenceIdGenerator (SequenceIdGenerator.java:getNextId(145)) - Allocate a batch for localId, change lastId from 113750153625600000 to 113750153625601000.
2024-01-26 21:34:24,573 [c4b8c6be-c011-4381-a4e2-e95b959e0055@group-AD3D73544C3B-FollowerState] INFO  impl.FollowerState (FollowerState.java:run(143)) - c4b8c6be-c011-4381-a4e2-e95b959e0055@group-AD3D73544C3B-FollowerState: change to CANDIDATE, lastRpcElapsedTime:5155274052ns, electionTimeout:5100ms
2024-01-26 21:34:24,573 [c4b8c6be-c011-4381-a4e2-e95b959e0055@group-AD3D73544C3B-FollowerState] INFO  impl.RoleInfo (RoleInfo.java:shutdownFollowerState(110)) - c4b8c6be-c011-4381-a4e2-e95b959e0055: shutdown c4b8c6be-c011-4381-a4e2-e95b959e0055@group-AD3D73544C3B-FollowerState
2024-01-26 21:34:24,573 [c4b8c6be-c011-4381-a4e2-e95b959e0055@group-AD3D73544C3B-FollowerState] INFO  server.RaftServer$Division (RaftServerImpl.java:setRole(383)) - c4b8c6be-c011-4381-a4e2-e95b959e0055@group-AD3D73544C3B: changes role from  FOLLOWER to CANDIDATE at term 0 for changeToCandidate
2024-01-26 21:34:24,573 [c4b8c6be-c011-4381-a4e2-e95b959e0055@group-AD3D73544C3B-FollowerState] INFO  server.RaftServerConfigKeys (ConfUtils.java:logGet(46)) - raft.server.leaderelection.pre-vote = true (default)
2024-01-26 21:34:24,573 [c4b8c6be-c011-4381-a4e2-e95b959e0055@group-AD3D73544C3B-FollowerState] INFO  impl.RoleInfo (RoleInfo.java:updateAndGet(139)) - c4b8c6be-c011-4381-a4e2-e95b959e0055: start c4b8c6be-c011-4381-a4e2-e95b959e0055@group-AD3D73544C3B-LeaderElection26
2024-01-26 21:34:24,579 [0454455d-17b5-4798-9ce3-34e4ad079dd1@group-49351C4FF157-FollowerState] INFO  impl.FollowerState (FollowerState.java:run(143)) - 0454455d-17b5-4798-9ce3-34e4ad079dd1@group-49351C4FF157-FollowerState: change to CANDIDATE, lastRpcElapsedTime:5140336511ns, electionTimeout:5137ms
2024-01-26 21:34:24,579 [0454455d-17b5-4798-9ce3-34e4ad079dd1@group-49351C4FF157-FollowerState] INFO  impl.RoleInfo (RoleInfo.java:shutdownFollowerState(110)) - 0454455d-17b5-4798-9ce3-34e4ad079dd1: shutdown 0454455d-17b5-4798-9ce3-34e4ad079dd1@group-49351C4FF157-FollowerState
2024-01-26 21:34:24,579 [0454455d-17b5-4798-9ce3-34e4ad079dd1@group-49351C4FF157-FollowerState] INFO  server.RaftServer$Division (RaftServerImpl.java:setRole(383)) - 0454455d-17b5-4798-9ce3-34e4ad079dd1@group-49351C4FF157: changes role from  FOLLOWER to CANDIDATE at term 0 for changeToCandidate
2024-01-26 21:34:24,584 [8aa6f495-09ad-4a32-951c-60d46ecfa148@group-8184AC0C82EE-FollowerState] INFO  impl.FollowerState (FollowerState.java:run(143)) - 8aa6f495-09ad-4a32-951c-60d46ecfa148@group-8184AC0C82EE-FollowerState: change to CANDIDATE, lastRpcElapsedTime:5318634944ns, electionTimeout:5166ms
2024-01-26 21:34:24,584 [8aa6f495-09ad-4a32-951c-60d46ecfa148@group-8184AC0C82EE-FollowerState] INFO  impl.RoleInfo (RoleInfo.java:shutdownFollowerState(110)) - 8aa6f495-09ad-4a32-951c-60d46ecfa148: shutdown 8aa6f495-09ad-4a32-951c-60d46ecfa148@group-8184AC0C82EE-FollowerState
2024-01-26 21:34:24,584 [85a76c17-24cd-4caa-b4c9-2f056bfd6b3c@group-0864517AFB61-SegmentedRaftLogWorker] INFO  segmented.SegmentedRaftLogWorker (SegmentedRaftLogWorker.java:execute(634)) - 85a76c17-24cd-4caa-b4c9-2f056bfd6b3c@group-0864517AFB61-SegmentedRaftLogWorker: created new log segment /home/runner/work/ozone/ozone/hadoop-ozone/integration-test/target/test-dir/MiniOzoneClusterImpl-1af845c4-9ad0-4304-ad21-7f4426eccdbd/datanode-7/data/ratis/53d57d20-1cf2-4389-b3a7-0864517afb61/current/log_inprogress_0
2024-01-26 21:34:24,584 [8aa6f495-09ad-4a32-951c-60d46ecfa148@group-8184AC0C82EE-FollowerState] INFO  server.RaftServer$Division (RaftServerImpl.java:setRole(383)) - 8aa6f495-09ad-4a32-951c-60d46ecfa148@group-8184AC0C82EE: changes role from  FOLLOWER to CANDIDATE at term 0 for changeToCandidate
2024-01-26 21:34:24,584 [8aa6f495-09ad-4a32-951c-60d46ecfa148@group-8184AC0C82EE-FollowerState] INFO  server.RaftServerConfigKeys (ConfUtils.java:logGet(46)) - raft.server.leaderelection.pre-vote = true (default)
2024-01-26 21:34:24,585 [8aa6f495-09ad-4a32-951c-60d46ecfa148@group-8184AC0C82EE-FollowerState] INFO  impl.RoleInfo (RoleInfo.java:updateAndGet(139)) - 8aa6f495-09ad-4a32-951c-60d46ecfa148: start 8aa6f495-09ad-4a32-951c-60d46ecfa148@group-8184AC0C82EE-LeaderElection28
2024-01-26 21:34:24,585 [157befb9-fc2c-4b56-bfb2-e4c39e5a9271@group-0864517AFB61-SegmentedRaftLogWorker] INFO  segmented.SegmentedRaftLogWorker (SegmentedRaftLogWorker.java:execute(634)) - 157befb9-fc2c-4b56-bfb2-e4c39e5a9271@group-0864517AFB61-SegmentedRaftLogWorker: created new log segment /home/runner/work/ozone/ozone/hadoop-ozone/integration-test/target/test-dir/MiniOzoneClusterImpl-1af845c4-9ad0-4304-ad21-7f4426eccdbd/datanode-8/data/ratis/53d57d20-1cf2-4389-b3a7-0864517afb61/current/log_inprogress_0
2024-01-26 21:34:24,588 [615e0ce5-d68a-4764-9dce-a037122bf2b4@group-0864517AFB61-StateMachineUpdater] INFO  server.RaftServer$Division (LeaderStateImpl.java:isApplied(320)) - leader is ready since appliedIndex == 0 >= startIndex == 0
2024-01-26 21:34:24,590 [0454455d-17b5-4798-9ce3-34e4ad079dd1@group-49351C4FF157-FollowerState] INFO  server.RaftServerConfigKeys (ConfUtils.java:logGet(46)) - raft.server.leaderelection.pre-vote = true (default)
2024-01-26 21:34:24,590 [0454455d-17b5-4798-9ce3-34e4ad079dd1@group-49351C4FF157-FollowerState] INFO  impl.RoleInfo (RoleInfo.java:updateAndGet(139)) - 0454455d-17b5-4798-9ce3-34e4ad079dd1: start 0454455d-17b5-4798-9ce3-34e4ad079dd1@group-49351C4FF157-LeaderElection27
2024-01-26 21:34:24,597 [8aa6f495-09ad-4a32-951c-60d46ecfa148@group-2F9F6A9E053B-FollowerState] INFO  impl.FollowerState (FollowerState.java:run(143)) - 8aa6f495-09ad-4a32-951c-60d46ecfa148@group-2F9F6A9E053B-FollowerState: change to CANDIDATE, lastRpcElapsedTime:5186642551ns, electionTimeout:5031ms
2024-01-26 21:34:24,597 [8aa6f495-09ad-4a32-951c-60d46ecfa148@group-2F9F6A9E053B-FollowerState] INFO  impl.RoleInfo (RoleInfo.java:shutdownFollowerState(110)) - 8aa6f495-09ad-4a32-951c-60d46ecfa148: shutdown 8aa6f495-09ad-4a32-951c-60d46ecfa148@group-2F9F6A9E053B-FollowerState
2024-01-26 21:34:24,598 [8aa6f495-09ad-4a32-951c-60d46ecfa148@group-2F9F6A9E053B-FollowerState] INFO  server.RaftServer$Division (RaftServerImpl.java:setRole(383)) - 8aa6f495-09ad-4a32-951c-60d46ecfa148@group-2F9F6A9E053B: changes role from  FOLLOWER to CANDIDATE at term 0 for changeToCandidate
2024-01-26 21:34:24,598 [8aa6f495-09ad-4a32-951c-60d46ecfa148@group-2F9F6A9E053B-FollowerState] INFO  server.RaftServerConfigKeys (ConfUtils.java:logGet(46)) - raft.server.leaderelection.pre-vote = true (default)
2024-01-26 21:34:24,598 [8aa6f495-09ad-4a32-951c-60d46ecfa148@group-2F9F6A9E053B-FollowerState] INFO  impl.RoleInfo (RoleInfo.java:updateAndGet(139)) - 8aa6f495-09ad-4a32-951c-60d46ecfa148: start 8aa6f495-09ad-4a32-951c-60d46ecfa148@group-2F9F6A9E053B-LeaderElection29
2024-01-26 21:34:24,598 [8aa6f495-09ad-4a32-951c-60d46ecfa148@group-2F9F6A9E053B-LeaderElection29] INFO  impl.LeaderElection (LeaderElection.java:askForVotes(321)) - 8aa6f495-09ad-4a32-951c-60d46ecfa148@group-2F9F6A9E053B-LeaderElection29 PRE_VOTE round 0: submit vote requests at term 0 for -1: peers:[0454455d-17b5-4798-9ce3-34e4ad079dd1|10.1.0.5:15104, 8aa6f495-09ad-4a32-951c-60d46ecfa148|10.1.0.5:15113, cb9b1e06-b28b-4c4f-b19c-04e0cd8d01c6|10.1.0.5:15095]|listeners:[], old=null
2024-01-26 21:34:24,598 [8aa6f495-09ad-4a32-951c-60d46ecfa148@group-8184AC0C82EE-LeaderElection28] INFO  impl.LeaderElection (LeaderElection.java:askForVotes(321)) - 8aa6f495-09ad-4a32-951c-60d46ecfa148@group-8184AC0C82EE-LeaderElection28 PRE_VOTE round 0: submit vote requests at term 0 for -1: peers:[8aa6f495-09ad-4a32-951c-60d46ecfa148|10.1.0.5:15113]|listeners:[], old=null
2024-01-26 21:34:24,599 [8aa6f495-09ad-4a32-951c-60d46ecfa148@group-8184AC0C82EE-LeaderElection28] INFO  impl.LeaderElection (LeaderElection.java:askForVotes(323)) - 8aa6f495-09ad-4a32-951c-60d46ecfa148@group-8184AC0C82EE-LeaderElection28 PRE_VOTE round 0: result PASSED (term=0)
2024-01-26 21:34:24,600 [8aa6f495-09ad-4a32-951c-60d46ecfa148@group-8184AC0C82EE-LeaderElection28] INFO  impl.LeaderElection (LeaderElection.java:askForVotes(321)) - 8aa6f495-09ad-4a32-951c-60d46ecfa148@group-8184AC0C82EE-LeaderElection28 ELECTION round 0: submit vote requests at term 1 for -1: peers:[8aa6f495-09ad-4a32-951c-60d46ecfa148|10.1.0.5:15113]|listeners:[], old=null
2024-01-26 21:34:24,600 [8aa6f495-09ad-4a32-951c-60d46ecfa148@group-8184AC0C82EE-LeaderElection28] INFO  impl.LeaderElection (LeaderElection.java:askForVotes(323)) - 8aa6f495-09ad-4a32-951c-60d46ecfa148@group-8184AC0C82EE-LeaderElection28 ELECTION round 0: result PASSED (term=1)
2024-01-26 21:34:24,600 [8aa6f495-09ad-4a32-951c-60d46ecfa148@group-8184AC0C82EE-LeaderElection28] INFO  impl.RoleInfo (RoleInfo.java:shutdownLeaderElection(130)) - 8aa6f495-09ad-4a32-951c-60d46ecfa148: shutdown 8aa6f495-09ad-4a32-951c-60d46ecfa148@group-8184AC0C82EE-LeaderElection28
2024-01-26 21:34:24,600 [8aa6f495-09ad-4a32-951c-60d46ecfa148@group-8184AC0C82EE-LeaderElection28] INFO  server.RaftServer$Division (RaftServerImpl.java:setRole(383)) - 8aa6f495-09ad-4a32-951c-60d46ecfa148@group-8184AC0C82EE: changes role from CANDIDATE to LEADER at term 1 for changeToLeader
2024-01-26 21:34:24,600 [8aa6f495-09ad-4a32-951c-60d46ecfa148@group-8184AC0C82EE-LeaderElection28] INFO  server.RaftServerConfigKeys (ConfUtils.java:logGet(46)) - raft.server.staging.catchup.gap = 1000 (default)
2024-01-26 21:34:24,600 [cb9b1e06-b28b-4c4f-b19c-04e0cd8d01c6@group-49351C4FF157-FollowerState] INFO  impl.FollowerState (FollowerState.java:run(143)) - cb9b1e06-b28b-4c4f-b19c-04e0cd8d01c6@group-49351C4FF157-FollowerState: change to CANDIDATE, lastRpcElapsedTime:5078529119ns, electionTimeout:5075ms
2024-01-26 21:34:24,600 [cb9b1e06-b28b-4c4f-b19c-04e0cd8d01c6@group-49351C4FF157-FollowerState] INFO  impl.RoleInfo (RoleInfo.java:shutdownFollowerState(110)) - cb9b1e06-b28b-4c4f-b19c-04e0cd8d01c6: shutdown cb9b1e06-b28b-4c4f-b19c-04e0cd8d01c6@group-49351C4FF157-FollowerState
2024-01-26 21:34:24,601 [cb9b1e06-b28b-4c4f-b19c-04e0cd8d01c6@group-49351C4FF157-FollowerState] INFO  server.RaftServer$Division (RaftServerImpl.java:setRole(383)) - cb9b1e06-b28b-4c4f-b19c-04e0cd8d01c6@group-49351C4FF157: changes role from  FOLLOWER to CANDIDATE at term 0 for changeToCandidate
2024-01-26 21:34:24,602 [8aa6f495-09ad-4a32-951c-60d46ecfa148@group-2F9F6A9E053B-LeaderElection29] INFO  server.RaftServerConfigKeys (ConfUtils.java:logFallback(53)) - raft.server.rpc.first-election.timeout.min = 5s (fallback to raft.server.rpc.timeout.min)
2024-01-26 21:34:24,602 [8aa6f495-09ad-4a32-951c-60d46ecfa148@group-2F9F6A9E053B-LeaderElection29] INFO  server.RaftServerConfigKeys (ConfUtils.java:logFallback(53)) - raft.server.rpc.first-election.timeout.max = 5200ms (fallback to raft.server.rpc.timeout.max)
2024-01-26 21:34:24,602 [8aa6f495-09ad-4a32-951c-60d46ecfa148@group-2F9F6A9E053B-LeaderElection29-1] INFO  server.GrpcServerProtocolClient (GrpcServerProtocolClient.java:<init>(65)) - Build channel for 0454455d-17b5-4798-9ce3-34e4ad079dd1|10.1.0.5:15104
2024-01-26 21:34:24,602 [8aa6f495-09ad-4a32-951c-60d46ecfa148@group-2F9F6A9E053B-LeaderElection29-2] INFO  server.GrpcServerProtocolClient (GrpcServerProtocolClient.java:<init>(65)) - Build channel for cb9b1e06-b28b-4c4f-b19c-04e0cd8d01c6|10.1.0.5:15095
2024-01-26 21:34:24,604 [cb9b1e06-b28b-4c4f-b19c-04e0cd8d01c6@group-49351C4FF157-FollowerState] INFO  server.RaftServerConfigKeys (ConfUtils.java:logGet(46)) - raft.server.leaderelection.pre-vote = true (default)
2024-01-26 21:34:24,611 [cb9b1e06-b28b-4c4f-b19c-04e0cd8d01c6@group-49351C4FF157-FollowerState] INFO  impl.RoleInfo (RoleInfo.java:updateAndGet(139)) - cb9b1e06-b28b-4c4f-b19c-04e0cd8d01c6: start cb9b1e06-b28b-4c4f-b19c-04e0cd8d01c6@group-49351C4FF157-LeaderElection30
2024-01-26 21:34:24,611 [8aa6f495-09ad-4a32-951c-60d46ecfa148@group-8184AC0C82EE-LeaderElection28] INFO  server.RaftServerConfigKeys (ConfUtils.java:logGet(46)) - raft.server.write.element-limit = 1024 (custom)
2024-01-26 21:34:24,611 [8aa6f495-09ad-4a32-951c-60d46ecfa148@group-8184AC0C82EE-LeaderElection28] INFO  server.RaftServerConfigKeys (ConfUtils.java:logGet(46)) - raft.server.write.byte-limit = 1024 M (=1073741824) (custom)
2024-01-26 21:34:24,611 [8aa6f495-09ad-4a32-951c-60d46ecfa148@group-8184AC0C82EE-LeaderElection28] INFO  server.RaftServerConfigKeys (ConfUtils.java:logGet(46)) - raft.server.watch.timeout = 180s (custom)
2024-01-26 21:34:24,611 [8aa6f495-09ad-4a32-951c-60d46ecfa148@group-8184AC0C82EE-LeaderElection28] INFO  server.RaftServerConfigKeys (ConfUtils.java:logGet(46)) - raft.server.watch.timeout.denomination = 1s (default)
2024-01-26 21:34:24,611 [8aa6f495-09ad-4a32-951c-60d46ecfa148@group-8184AC0C82EE-LeaderElection28] INFO  server.RaftServerConfigKeys (ConfUtils.java:logGet(46)) - raft.server.watch.element-limit = 65536 (default)
2024-01-26 21:34:24,611 [8aa6f495-09ad-4a32-951c-60d46ecfa148@group-8184AC0C82EE-LeaderElection28] INFO  server.RaftServerConfigKeys (ConfUtils.java:logGet(46)) - raft.server.read.leader.lease.enabled = false (default)
2024-01-26 21:34:24,611 [8aa6f495-09ad-4a32-951c-60d46ecfa148@group-8184AC0C82EE-LeaderElection28] INFO  server.RaftServerConfigKeys (ConfUtils.java:logGet(46)) - raft.server.read.leader.lease.timeout.ratio = 0.9 (default)
2024-01-26 21:34:24,611 [8aa6f495-09ad-4a32-951c-60d46ecfa148@group-8184AC0C82EE-LeaderElection28] INFO  server.RaftServerConfigKeys (ConfUtils.java:logGet(46)) - raft.server.rpc.timeout.min = 5s (custom)
2024-01-26 21:34:24,611 [8aa6f495-09ad-4a32-951c-60d46ecfa148@group-8184AC0C82EE-LeaderElection28] INFO  server.RaftServerConfigKeys (ConfUtils.java:logGet(46)) - raft.server.write.element-limit = 1024 (custom)
2024-01-26 21:34:24,612 [8aa6f495-09ad-4a32-951c-60d46ecfa148@group-8184AC0C82EE-LeaderElection28] INFO  server.RaftServerConfigKeys (ConfUtils.java:logGet(46)) - raft.server.write.follower.gap.ratio.max = -1.0 (default)
2024-01-26 21:34:24,612 [8aa6f495-09ad-4a32-951c-60d46ecfa148@group-8184AC0C82EE-LeaderElection28] INFO  impl.RoleInfo (RoleInfo.java:updateAndGet(139)) - 8aa6f495-09ad-4a32-951c-60d46ecfa148: start 8aa6f495-09ad-4a32-951c-60d46ecfa148@group-8184AC0C82EE-LeaderStateImpl
2024-01-26 21:34:24,612 [8aa6f495-09ad-4a32-951c-60d46ecfa148@group-8184AC0C82EE-LeaderElection28] INFO  server.RaftServer$Division (RaftServerImpl.java:setFirstElection(574)) - 8aa6f495-09ad-4a32-951c-60d46ecfa148@group-8184AC0C82EE: set firstElectionSinceStartup to false for becomeLeader
2024-01-26 21:34:24,612 [8aa6f495-09ad-4a32-951c-60d46ecfa148@group-8184AC0C82EE-LeaderElection28] INFO  ratis.XceiverServerRatis (XceiverServerRatis.java:handleLeaderChangedNotification(945)) - Leader change notification received for group: group-8184AC0C82EE with new leaderId: 8aa6f495-09ad-4a32-951c-60d46ecfa148
2024-01-26 21:34:24,612 [8aa6f495-09ad-4a32-951c-60d46ecfa148@group-8184AC0C82EE-LeaderElection28] INFO  server.RaftServer$Division (ServerState.java:setLeader(269)) - 8aa6f495-09ad-4a32-951c-60d46ecfa148@group-8184AC0C82EE: change Leader from null to 8aa6f495-09ad-4a32-951c-60d46ecfa148 at term 1 for becomeLeader, leader elected after 5430ms
2024-01-26 21:34:24,612 [8aa6f495-09ad-4a32-951c-60d46ecfa148@group-8184AC0C82EE-LeaderElection28] INFO  segmented.SegmentedRaftLogWorker (SegmentedRaftLogWorker.java:startLogSegment(430)) - 8aa6f495-09ad-4a32-951c-60d46ecfa148@group-8184AC0C82EE-SegmentedRaftLogWorker: Starting segment from index:0
2024-01-26 21:34:24,612 [8aa6f495-09ad-4a32-951c-60d46ecfa148@group-8184AC0C82EE-LeaderElection28] INFO  server.RaftServer$Division (ServerState.java:setRaftConf(386)) - 8aa6f495-09ad-4a32-951c-60d46ecfa148@group-8184AC0C82EE: set configuration 0: peers:[8aa6f495-09ad-4a32-951c-60d46ecfa148|10.1.0.5:15113]|listeners:[], old=null
2024-01-26 21:34:24,613 [8aa6f495-09ad-4a32-951c-60d46ecfa148@group-8184AC0C82EE-SegmentedRaftLogWorker] INFO  segmented.BufferedWriteChannel (BufferedWriteChannel.java:open(62)) - open log_inprogress_0 at position 0
2024-01-26 21:34:24,614 [c4b8c6be-c011-4381-a4e2-e95b959e0055@group-AD3D73544C3B-LeaderElection26] INFO  impl.LeaderElection (LeaderElection.java:askForVotes(321)) - c4b8c6be-c011-4381-a4e2-e95b959e0055@group-AD3D73544C3B-LeaderElection26 PRE_VOTE round 0: submit vote requests at term 0 for -1: peers:[c4b8c6be-c011-4381-a4e2-e95b959e0055|10.1.0.5:15122]|listeners:[], old=null
2024-01-26 21:34:24,614 [c4b8c6be-c011-4381-a4e2-e95b959e0055@group-AD3D73544C3B-LeaderElection26] INFO  impl.LeaderElection (LeaderElection.java:askForVotes(323)) - c4b8c6be-c011-4381-a4e2-e95b959e0055@group-AD3D73544C3B-LeaderElection26 PRE_VOTE round 0: result PASSED (term=0)
2024-01-26 21:34:24,615 [0454455d-17b5-4798-9ce3-34e4ad079dd1@group-49351C4FF157-LeaderElection27] INFO  impl.LeaderElection (LeaderElection.java:askForVotes(321)) - 0454455d-17b5-4798-9ce3-34e4ad079dd1@group-49351C4FF157-LeaderElection27 PRE_VOTE round 0: submit vote requests at term 0 for -1: peers:[0454455d-17b5-4798-9ce3-34e4ad079dd1|10.1.0.5:15104, 8aa6f495-09ad-4a32-951c-60d46ecfa148|10.1.0.5:15113, cb9b1e06-b28b-4c4f-b19c-04e0cd8d01c6|10.1.0.5:15095]|listeners:[], old=null
2024-01-26 21:34:24,617 [c4b8c6be-c011-4381-a4e2-e95b959e0055@group-AD3D73544C3B-LeaderElection26] INFO  impl.LeaderElection (LeaderElection.java:askForVotes(321)) - c4b8c6be-c011-4381-a4e2-e95b959e0055@group-AD3D73544C3B-LeaderElection26 ELECTION round 0: submit vote requests at term 1 for -1: peers:[c4b8c6be-c011-4381-a4e2-e95b959e0055|10.1.0.5:15122]|listeners:[], old=null
2024-01-26 21:34:24,620 [c4b8c6be-c011-4381-a4e2-e95b959e0055@group-AD3D73544C3B-LeaderElection26] INFO  impl.LeaderElection (LeaderElection.java:askForVotes(323)) - c4b8c6be-c011-4381-a4e2-e95b959e0055@group-AD3D73544C3B-LeaderElection26 ELECTION round 0: result PASSED (term=1)
2024-01-26 21:34:24,620 [c4b8c6be-c011-4381-a4e2-e95b959e0055@group-AD3D73544C3B-LeaderElection26] INFO  impl.RoleInfo (RoleInfo.java:shutdownLeaderElection(130)) - c4b8c6be-c011-4381-a4e2-e95b959e0055: shutdown c4b8c6be-c011-4381-a4e2-e95b959e0055@group-AD3D73544C3B-LeaderElection26
2024-01-26 21:34:24,621 [c4b8c6be-c011-4381-a4e2-e95b959e0055@group-AD3D73544C3B-LeaderElection26] INFO  server.RaftServer$Division (RaftServerImpl.java:setRole(383)) - c4b8c6be-c011-4381-a4e2-e95b959e0055@group-AD3D73544C3B: changes role from CANDIDATE to LEADER at term 1 for changeToLeader
2024-01-26 21:34:24,621 [c4b8c6be-c011-4381-a4e2-e95b959e0055@group-AD3D73544C3B-LeaderElection26] INFO  server.RaftServerConfigKeys (ConfUtils.java:logGet(46)) - raft.server.staging.catchup.gap = 1000 (default)
2024-01-26 21:34:24,621 [c4b8c6be-c011-4381-a4e2-e95b959e0055@group-AD3D73544C3B-LeaderElection26] INFO  server.RaftServerConfigKeys (ConfUtils.java:logGet(46)) - raft.server.write.element-limit = 1024 (custom)
2024-01-26 21:34:24,621 [c4b8c6be-c011-4381-a4e2-e95b959e0055@group-AD3D73544C3B-LeaderElection26] INFO  server.RaftServerConfigKeys (ConfUtils.java:logGet(46)) - raft.server.write.byte-limit = 1024 M (=1073741824) (custom)
2024-01-26 21:34:24,622 [c4b8c6be-c011-4381-a4e2-e95b959e0055@group-AD3D73544C3B-LeaderElection26] INFO  server.RaftServerConfigKeys (ConfUtils.java:logGet(46)) - raft.server.watch.timeout = 180s (custom)
2024-01-26 21:34:24,622 [c4b8c6be-c011-4381-a4e2-e95b959e0055@group-AD3D73544C3B-LeaderElection26] INFO  server.RaftServerConfigKeys (ConfUtils.java:logGet(46)) - raft.server.watch.timeout.denomination = 1s (default)
2024-01-26 21:34:24,622 [c4b8c6be-c011-4381-a4e2-e95b959e0055@group-AD3D73544C3B-LeaderElection26] INFO  server.RaftServerConfigKeys (ConfUtils.java:logGet(46)) - raft.server.watch.element-limit = 65536 (default)
2024-01-26 21:34:24,622 [c4b8c6be-c011-4381-a4e2-e95b959e0055@group-AD3D73544C3B-LeaderElection26] INFO  server.RaftServerConfigKeys (ConfUtils.java:logGet(46)) - raft.server.read.leader.lease.enabled = false (default)
2024-01-26 21:34:24,622 [c4b8c6be-c011-4381-a4e2-e95b959e0055@group-AD3D73544C3B-LeaderElection26] INFO  server.RaftServerConfigKeys (ConfUtils.java:logGet(46)) - raft.server.read.leader.lease.timeout.ratio = 0.9 (default)
2024-01-26 21:34:24,622 [c4b8c6be-c011-4381-a4e2-e95b959e0055@group-AD3D73544C3B-LeaderElection26] INFO  server.RaftServerConfigKeys (ConfUtils.java:logGet(46)) - raft.server.rpc.timeout.min = 5s (custom)
2024-01-26 21:34:24,622 [c4b8c6be-c011-4381-a4e2-e95b959e0055@group-AD3D73544C3B-LeaderElection26] INFO  server.RaftServerConfigKeys (ConfUtils.java:logGet(46)) - raft.server.write.element-limit = 1024 (custom)
2024-01-26 21:34:24,622 [c4b8c6be-c011-4381-a4e2-e95b959e0055@group-AD3D73544C3B-LeaderElection26] INFO  server.RaftServerConfigKeys (ConfUtils.java:logGet(46)) - raft.server.write.follower.gap.ratio.max = -1.0 (default)
2024-01-26 21:34:24,623 [c4b8c6be-c011-4381-a4e2-e95b959e0055@group-AD3D73544C3B-LeaderElection26] INFO  impl.RoleInfo (RoleInfo.java:updateAndGet(139)) - c4b8c6be-c011-4381-a4e2-e95b959e0055: start c4b8c6be-c011-4381-a4e2-e95b959e0055@group-AD3D73544C3B-LeaderStateImpl
2024-01-26 21:34:24,623 [c4b8c6be-c011-4381-a4e2-e95b959e0055@group-AD3D73544C3B-LeaderElection26] INFO  server.RaftServer$Division (RaftServerImpl.java:setFirstElection(574)) - c4b8c6be-c011-4381-a4e2-e95b959e0055@group-AD3D73544C3B: set firstElectionSinceStartup to false for becomeLeader
2024-01-26 21:34:24,623 [c4b8c6be-c011-4381-a4e2-e95b959e0055@group-AD3D73544C3B-LeaderElection26] INFO  ratis.XceiverServerRatis (XceiverServerRatis.java:handleLeaderChangedNotification(945)) - Leader change notification received for group: group-AD3D73544C3B with new leaderId: c4b8c6be-c011-4381-a4e2-e95b959e0055
2024-01-26 21:34:24,622 [8aa6f495-09ad-4a32-951c-60d46ecfa148@group-8184AC0C82EE-SegmentedRaftLogWorker] INFO  segmented.SegmentedRaftLogWorker (SegmentedRaftLogWorker.java:execute(634)) - 8aa6f495-09ad-4a32-951c-60d46ecfa148@group-8184AC0C82EE-SegmentedRaftLogWorker: created new log segment /home/runner/work/ozone/ozone/hadoop-ozone/integration-test/target/test-dir/MiniOzoneClusterImpl-1af845c4-9ad0-4304-ad21-7f4426eccdbd/datanode-11/data/ratis/dd7b59b7-c8be-4835-b234-8184ac0c82ee/current/log_inprogress_0
2024-01-26 21:34:24,623 [cb9b1e06-b28b-4c4f-b19c-04e0cd8d01c6@group-49351C4FF157-LeaderElection30] INFO  impl.LeaderElection (LeaderElection.java:askForVotes(321)) - cb9b1e06-b28b-4c4f-b19c-04e0cd8d01c6@group-49351C4FF157-LeaderElection30 PRE_VOTE round 0: submit vote requests at term 0 for -1: peers:[0454455d-17b5-4798-9ce3-34e4ad079dd1|10.1.0.5:15104, 8aa6f495-09ad-4a32-951c-60d46ecfa148|10.1.0.5:15113, cb9b1e06-b28b-4c4f-b19c-04e0cd8d01c6|10.1.0.5:15095]|listeners:[], old=null
2024-01-26 21:34:24,624 [0454455d-17b5-4798-9ce3-34e4ad079dd1@group-49351C4FF157-LeaderElection27] INFO  server.RaftServerConfigKeys (ConfUtils.java:logFallback(53)) - raft.server.rpc.first-election.timeout.min = 5s (fallback to raft.server.rpc.timeout.min)
2024-01-26 21:34:24,624 [0454455d-17b5-4798-9ce3-34e4ad079dd1@group-49351C4FF157-LeaderElection27] INFO  server.RaftServerConfigKeys (ConfUtils.java:logFallback(53)) - raft.server.rpc.first-election.timeout.max = 5200ms (fallback to raft.server.rpc.timeout.max)
2024-01-26 21:34:24,629 [c4b8c6be-c011-4381-a4e2-e95b959e0055@group-AD3D73544C3B-LeaderElection26] INFO  server.RaftServer$Division (ServerState.java:setLeader(269)) - c4b8c6be-c011-4381-a4e2-e95b959e0055@group-AD3D73544C3B: change Leader from null to c4b8c6be-c011-4381-a4e2-e95b959e0055 at term 1 for becomeLeader, leader elected after 5354ms
2024-01-26 21:34:24,629 [c4b8c6be-c011-4381-a4e2-e95b959e0055@group-AD3D73544C3B-LeaderElection26] INFO  segmented.SegmentedRaftLogWorker (SegmentedRaftLogWorker.java:startLogSegment(430)) - c4b8c6be-c011-4381-a4e2-e95b959e0055@group-AD3D73544C3B-SegmentedRaftLogWorker: Starting segment from index:0
2024-01-26 21:34:24,629 [c4b8c6be-c011-4381-a4e2-e95b959e0055@group-AD3D73544C3B-LeaderElection26] INFO  server.RaftServer$Division (ServerState.java:setRaftConf(386)) - c4b8c6be-c011-4381-a4e2-e95b959e0055@group-AD3D73544C3B: set configuration 0: peers:[c4b8c6be-c011-4381-a4e2-e95b959e0055|10.1.0.5:15122]|listeners:[], old=null
2024-01-26 21:34:24,630 [c4b8c6be-c011-4381-a4e2-e95b959e0055@group-AD3D73544C3B-SegmentedRaftLogWorker] INFO  segmented.BufferedWriteChannel (BufferedWriteChannel.java:open(62)) - open log_inprogress_0 at position 0
2024-01-26 21:34:24,631 [cb9b1e06-b28b-4c4f-b19c-04e0cd8d01c6@group-49351C4FF157-LeaderElection30-1] INFO  server.GrpcServerProtocolClient (GrpcServerProtocolClient.java:<init>(65)) - Build channel for 0454455d-17b5-4798-9ce3-34e4ad079dd1|10.1.0.5:15104
2024-01-26 21:34:24,633 [grpc-default-executor-4] INFO  server.RaftServer$Division (RaftServerImpl.java:requestVote(1389)) - 0454455d-17b5-4798-9ce3-34e4ad079dd1@group-2F9F6A9E053B: receive requestVote(PRE_VOTE, 8aa6f495-09ad-4a32-951c-60d46ecfa148, group-2F9F6A9E053B, 0, (t:0, i:0))
2024-01-26 21:34:24,633 [grpc-default-executor-4] INFO  impl.VoteContext (VoteContext.java:log(49)) - 0454455d-17b5-4798-9ce3-34e4ad079dd1@group-2F9F6A9E053B-FOLLOWER: accept PRE_VOTE from 8aa6f495-09ad-4a32-951c-60d46ecfa148: our priority 0 <= candidate's priority 1
2024-01-26 21:34:24,633 [grpc-default-executor-4] INFO  server.RaftServer$Division (RaftServerImpl.java:requestVote(1422)) - 0454455d-17b5-4798-9ce3-34e4ad079dd1@group-2F9F6A9E053B replies to PRE_VOTE vote request: 8aa6f495-09ad-4a32-951c-60d46ecfa148<-0454455d-17b5-4798-9ce3-34e4ad079dd1#0:OK-t0. Peer's state: 0454455d-17b5-4798-9ce3-34e4ad079dd1@group-2F9F6A9E053B:t0, leader=null, voted=, raftlog=Memoized:0454455d-17b5-4798-9ce3-34e4ad079dd1@group-2F9F6A9E053B-SegmentedRaftLog:OPENED:c-1, conf=-1: peers:[0454455d-17b5-4798-9ce3-34e4ad079dd1|10.1.0.5:15104, 8aa6f495-09ad-4a32-951c-60d46ecfa148|10.1.0.5:15113, cb9b1e06-b28b-4c4f-b19c-04e0cd8d01c6|10.1.0.5:15095]|listeners:[], old=null
2024-01-26 21:34:24,634 [cb9b1e06-b28b-4c4f-b19c-04e0cd8d01c6@group-49351C4FF157-LeaderElection30] INFO  server.RaftServerConfigKeys (ConfUtils.java:logFallback(53)) - raft.server.rpc.first-election.timeout.min = 5s (fallback to raft.server.rpc.timeout.min)
2024-01-26 21:34:24,634 [grpc-default-executor-0] INFO  server.RaftServer$Division (RaftServerImpl.java:requestVote(1389)) - 8aa6f495-09ad-4a32-951c-60d46ecfa148@group-49351C4FF157: receive requestVote(PRE_VOTE, 0454455d-17b5-4798-9ce3-34e4ad079dd1, group-49351C4FF157, 0, (t:0, i:0))
2024-01-26 21:34:24,634 [cb9b1e06-b28b-4c4f-b19c-04e0cd8d01c6@group-49351C4FF157-LeaderElection30] INFO  server.RaftServerConfigKeys (ConfUtils.java:logFallback(53)) - raft.server.rpc.first-election.timeout.max = 5200ms (fallback to raft.server.rpc.timeout.max)
2024-01-26 21:34:24,634 [grpc-default-executor-0] INFO  impl.VoteContext (VoteContext.java:log(49)) - 8aa6f495-09ad-4a32-951c-60d46ecfa148@group-49351C4FF157-FOLLOWER: accept PRE_VOTE from 0454455d-17b5-4798-9ce3-34e4ad079dd1: our priority 0 <= candidate's priority 1
2024-01-26 21:34:24,634 [grpc-default-executor-0] INFO  server.RaftServer$Division (RaftServerImpl.java:requestVote(1422)) - 8aa6f495-09ad-4a32-951c-60d46ecfa148@group-49351C4FF157 replies to PRE_VOTE vote request: 0454455d-17b5-4798-9ce3-34e4ad079dd1<-8aa6f495-09ad-4a32-951c-60d46ecfa148#0:OK-t0. Peer's state: 8aa6f495-09ad-4a32-951c-60d46ecfa148@group-49351C4FF157:t0, leader=null, voted=, raftlog=Memoized:8aa6f495-09ad-4a32-951c-60d46ecfa148@group-49351C4FF157-SegmentedRaftLog:OPENED:c-1, conf=-1: peers:[0454455d-17b5-4798-9ce3-34e4ad079dd1|10.1.0.5:15104, 8aa6f495-09ad-4a32-951c-60d46ecfa148|10.1.0.5:15113, cb9b1e06-b28b-4c4f-b19c-04e0cd8d01c6|10.1.0.5:15095]|listeners:[], old=null
2024-01-26 21:34:24,636 [0454455d-17b5-4798-9ce3-34e4ad079dd1@group-49351C4FF157-LeaderElection27] INFO  impl.LeaderElection (LeaderElection.java:logAndReturn(89)) - 0454455d-17b5-4798-9ce3-34e4ad079dd1@group-49351C4FF157-LeaderElection27: PRE_VOTE PASSED received 1 response(s) and 0 exception(s):
2024-01-26 21:34:24,636 [0454455d-17b5-4798-9ce3-34e4ad079dd1@group-49351C4FF157-LeaderElection27] INFO  impl.LeaderElection (LeaderElection.java:logAndReturn(93)) -   Response 0: 0454455d-17b5-4798-9ce3-34e4ad079dd1<-8aa6f495-09ad-4a32-951c-60d46ecfa148#0:OK-t0
2024-01-26 21:34:24,636 [0454455d-17b5-4798-9ce3-34e4ad079dd1@group-49351C4FF157-LeaderElection27] INFO  impl.LeaderElection (LeaderElection.java:askForVotes(323)) - 0454455d-17b5-4798-9ce3-34e4ad079dd1@group-49351C4FF157-LeaderElection27 PRE_VOTE round 0: result PASSED
2024-01-26 21:34:24,637 [grpc-default-executor-0] INFO  server.RaftServer$Division (RaftServerImpl.java:requestVote(1389)) - cb9b1e06-b28b-4c4f-b19c-04e0cd8d01c6@group-49351C4FF157: receive requestVote(PRE_VOTE, 0454455d-17b5-4798-9ce3-34e4ad079dd1, group-49351C4FF157, 0, (t:0, i:0))
2024-01-26 21:34:24,637 [grpc-default-executor-0] INFO  impl.VoteContext (VoteContext.java:log(49)) - cb9b1e06-b28b-4c4f-b19c-04e0cd8d01c6@group-49351C4FF157-CANDIDATE: accept PRE_VOTE from 0454455d-17b5-4798-9ce3-34e4ad079dd1: our priority 0 <= candidate's priority 1
2024-01-26 21:34:24,637 [grpc-default-executor-0] INFO  server.RaftServer$Division (RaftServerImpl.java:requestVote(1422)) - cb9b1e06-b28b-4c4f-b19c-04e0cd8d01c6@group-49351C4FF157 replies to PRE_VOTE vote request: 0454455d-17b5-4798-9ce3-34e4ad079dd1<-cb9b1e06-b28b-4c4f-b19c-04e0cd8d01c6#0:OK-t0. Peer's state: cb9b1e06-b28b-4c4f-b19c-04e0cd8d01c6@group-49351C4FF157:t0, leader=null, voted=, raftlog=Memoized:cb9b1e06-b28b-4c4f-b19c-04e0cd8d01c6@group-49351C4FF157-SegmentedRaftLog:OPENED:c-1, conf=-1: peers:[0454455d-17b5-4798-9ce3-34e4ad079dd1|10.1.0.5:15104, 8aa6f495-09ad-4a32-951c-60d46ecfa148|10.1.0.5:15113, cb9b1e06-b28b-4c4f-b19c-04e0cd8d01c6|10.1.0.5:15095]|listeners:[], old=null
2024-01-26 21:34:24,638 [grpc-default-executor-4] INFO  server.RaftServer$Division (RaftServerImpl.java:requestVote(1389)) - cb9b1e06-b28b-4c4f-b19c-04e0cd8d01c6@group-2F9F6A9E053B: receive requestVote(PRE_VOTE, 8aa6f495-09ad-4a32-951c-60d46ecfa148, group-2F9F6A9E053B, 0, (t:0, i:0))
2024-01-26 21:34:24,638 [grpc-default-executor-4] INFO  impl.VoteContext (VoteContext.java:log(49)) - cb9b1e06-b28b-4c4f-b19c-04e0cd8d01c6@group-2F9F6A9E053B-FOLLOWER: accept PRE_VOTE from 8aa6f495-09ad-4a32-951c-60d46ecfa148: our priority 0 <= candidate's priority 1
2024-01-26 21:34:24,638 [grpc-default-executor-4] INFO  server.RaftServer$Division (RaftServerImpl.java:requestVote(1422)) - cb9b1e06-b28b-4c4f-b19c-04e0cd8d01c6@group-2F9F6A9E053B replies to PRE_VOTE vote request: 8aa6f495-09ad-4a32-951c-60d46ecfa148<-cb9b1e06-b28b-4c4f-b19c-04e0cd8d01c6#0:OK-t0. Peer's state: cb9b1e06-b28b-4c4f-b19c-04e0cd8d01c6@group-2F9F6A9E053B:t0, leader=null, voted=, raftlog=Memoized:cb9b1e06-b28b-4c4f-b19c-04e0cd8d01c6@group-2F9F6A9E053B-SegmentedRaftLog:OPENED:c-1, conf=-1: peers:[0454455d-17b5-4798-9ce3-34e4ad079dd1|10.1.0.5:15104, 8aa6f495-09ad-4a32-951c-60d46ecfa148|10.1.0.5:15113, cb9b1e06-b28b-4c4f-b19c-04e0cd8d01c6|10.1.0.5:15095]|listeners:[], old=null
2024-01-26 21:34:24,639 [8aa6f495-09ad-4a32-951c-60d46ecfa148@group-2F9F6A9E053B-LeaderElection29] INFO  impl.LeaderElection (LeaderElection.java:logAndReturn(89)) - 8aa6f495-09ad-4a32-951c-60d46ecfa148@group-2F9F6A9E053B-LeaderElection29: PRE_VOTE PASSED received 1 response(s) and 0 exception(s):
2024-01-26 21:34:24,639 [8aa6f495-09ad-4a32-951c-60d46ecfa148@group-2F9F6A9E053B-LeaderElection29] INFO  impl.LeaderElection (LeaderElection.java:logAndReturn(93)) -   Response 0: 8aa6f495-09ad-4a32-951c-60d46ecfa148<-0454455d-17b5-4798-9ce3-34e4ad079dd1#0:OK-t0
2024-01-26 21:34:24,639 [8aa6f495-09ad-4a32-951c-60d46ecfa148@group-2F9F6A9E053B-LeaderElection29] INFO  impl.LeaderElection (LeaderElection.java:askForVotes(323)) - 8aa6f495-09ad-4a32-951c-60d46ecfa148@group-2F9F6A9E053B-LeaderElection29 PRE_VOTE round 0: result PASSED
2024-01-26 21:34:24,638 [grpc-default-executor-0] INFO  server.RaftServer$Division (RaftServerImpl.java:requestVote(1389)) - 0454455d-17b5-4798-9ce3-34e4ad079dd1@group-49351C4FF157: receive requestVote(PRE_VOTE, cb9b1e06-b28b-4c4f-b19c-04e0cd8d01c6, group-49351C4FF157, 0, (t:0, i:0))
2024-01-26 21:34:24,639 [grpc-default-executor-0] INFO  impl.VoteContext (VoteContext.java:log(49)) - 0454455d-17b5-4798-9ce3-34e4ad079dd1@group-49351C4FF157-CANDIDATE: reject PRE_VOTE from cb9b1e06-b28b-4c4f-b19c-04e0cd8d01c6: our priority 1 > candidate's priority 0
2024-01-26 21:34:24,639 [0454455d-17b5-4798-9ce3-34e4ad079dd1@group-49351C4FF157-LeaderElection27] INFO  impl.LeaderElection (LeaderElection.java:askForVotes(321)) - 0454455d-17b5-4798-9ce3-34e4ad079dd1@group-49351C4FF157-LeaderElection27 ELECTION round 0: submit vote requests at term 1 for -1: peers:[0454455d-17b5-4798-9ce3-34e4ad079dd1|10.1.0.5:15104, 8aa6f495-09ad-4a32-951c-60d46ecfa148|10.1.0.5:15113, cb9b1e06-b28b-4c4f-b19c-04e0cd8d01c6|10.1.0.5:15095]|listeners:[], old=null
2024-01-26 21:34:24,639 [grpc-default-executor-0] INFO  server.RaftServer$Division (RaftServerImpl.java:requestVote(1422)) - 0454455d-17b5-4798-9ce3-34e4ad079dd1@group-49351C4FF157 replies to PRE_VOTE vote request: cb9b1e06-b28b-4c4f-b19c-04e0cd8d01c6<-0454455d-17b5-4798-9ce3-34e4ad079dd1#0:FAIL-t1. Peer's state: 0454455d-17b5-4798-9ce3-34e4ad079dd1@group-49351C4FF157:t1, leader=null, voted=0454455d-17b5-4798-9ce3-34e4ad079dd1, raftlog=Memoized:0454455d-17b5-4798-9ce3-34e4ad079dd1@group-49351C4FF157-SegmentedRaftLog:OPENED:c-1, conf=-1: peers:[0454455d-17b5-4798-9ce3-34e4ad079dd1|10.1.0.5:15104, 8aa6f495-09ad-4a32-951c-60d46ecfa148|10.1.0.5:15113, cb9b1e06-b28b-4c4f-b19c-04e0cd8d01c6|10.1.0.5:15095]|listeners:[], old=null
2024-01-26 21:34:24,640 [cb9b1e06-b28b-4c4f-b19c-04e0cd8d01c6@group-49351C4FF157-LeaderElection30-2] INFO  server.GrpcServerProtocolClient (GrpcServerProtocolClient.java:<init>(65)) - Build channel for 8aa6f495-09ad-4a32-951c-60d46ecfa148|10.1.0.5:15113
2024-01-26 21:34:24,641 [8aa6f495-09ad-4a32-951c-60d46ecfa148@group-2F9F6A9E053B-LeaderElection29] INFO  impl.LeaderElection (LeaderElection.java:askForVotes(321)) - 8aa6f495-09ad-4a32-951c-60d46ecfa148@group-2F9F6A9E053B-LeaderElection29 ELECTION round 0: submit vote requests at term 1 for -1: peers:[0454455d-17b5-4798-9ce3-34e4ad079dd1|10.1.0.5:15104, 8aa6f495-09ad-4a32-951c-60d46ecfa148|10.1.0.5:15113, cb9b1e06-b28b-4c4f-b19c-04e0cd8d01c6|10.1.0.5:15095]|listeners:[], old=null
2024-01-26 21:34:24,644 [grpc-default-executor-0] INFO  server.RaftServer$Division (RaftServerImpl.java:requestVote(1389)) - 8aa6f495-09ad-4a32-951c-60d46ecfa148@group-49351C4FF157: receive requestVote(PRE_VOTE, cb9b1e06-b28b-4c4f-b19c-04e0cd8d01c6, group-49351C4FF157, 0, (t:0, i:0))
2024-01-26 21:34:24,645 [grpc-default-executor-0] INFO  impl.VoteContext (VoteContext.java:log(49)) - 8aa6f495-09ad-4a32-951c-60d46ecfa148@group-49351C4FF157-FOLLOWER: accept PRE_VOTE from cb9b1e06-b28b-4c4f-b19c-04e0cd8d01c6: our priority 0 <= candidate's priority 0
2024-01-26 21:34:24,645 [grpc-default-executor-0] INFO  server.RaftServer$Division (RaftServerImpl.java:requestVote(1422)) - 8aa6f495-09ad-4a32-951c-60d46ecfa148@group-49351C4FF157 replies to PRE_VOTE vote request: cb9b1e06-b28b-4c4f-b19c-04e0cd8d01c6<-8aa6f495-09ad-4a32-951c-60d46ecfa148#0:OK-t0. Peer's state: 8aa6f495-09ad-4a32-951c-60d46ecfa148@group-49351C4FF157:t0, leader=null, voted=, raftlog=Memoized:8aa6f495-09ad-4a32-951c-60d46ecfa148@group-49351C4FF157-SegmentedRaftLog:OPENED:c-1, conf=-1: peers:[0454455d-17b5-4798-9ce3-34e4ad079dd1|10.1.0.5:15104, 8aa6f495-09ad-4a32-951c-60d46ecfa148|10.1.0.5:15113, cb9b1e06-b28b-4c4f-b19c-04e0cd8d01c6|10.1.0.5:15095]|listeners:[], old=null
2024-01-26 21:34:24,646 [c4b8c6be-c011-4381-a4e2-e95b959e0055@group-AD3D73544C3B-SegmentedRaftLogWorker] INFO  segmented.SegmentedRaftLogWorker (SegmentedRaftLogWorker.java:execute(634)) - c4b8c6be-c011-4381-a4e2-e95b959e0055@group-AD3D73544C3B-SegmentedRaftLogWorker: created new log segment /home/runner/work/ozone/ozone/hadoop-ozone/integration-test/target/test-dir/MiniOzoneClusterImpl-1af845c4-9ad0-4304-ad21-7f4426eccdbd/datanode-12/data/ratis/02416900-7ab9-489b-9c67-ad3d73544c3b/current/log_inprogress_0
2024-01-26 21:34:24,647 [grpc-default-executor-0] INFO  server.RaftServer$Division (RaftServerImpl.java:requestVote(1389)) - 8aa6f495-09ad-4a32-951c-60d46ecfa148@group-49351C4FF157: receive requestVote(ELECTION, 0454455d-17b5-4798-9ce3-34e4ad079dd1, group-49351C4FF157, 1, (t:0, i:0))
2024-01-26 21:34:24,647 [grpc-default-executor-0] INFO  impl.VoteContext (VoteContext.java:log(49)) - 8aa6f495-09ad-4a32-951c-60d46ecfa148@group-49351C4FF157-FOLLOWER: accept ELECTION from 0454455d-17b5-4798-9ce3-34e4ad079dd1: our priority 0 <= candidate's priority 1
2024-01-26 21:34:24,647 [grpc-default-executor-0] INFO  server.RaftServer$Division (RaftServerImpl.java:setRole(383)) - 8aa6f495-09ad-4a32-951c-60d46ecfa148@group-49351C4FF157: changes role from  FOLLOWER to FOLLOWER at term 1 for candidate:0454455d-17b5-4798-9ce3-34e4ad079dd1
2024-01-26 21:34:24,647 [grpc-default-executor-0] INFO  impl.RoleInfo (RoleInfo.java:shutdownFollowerState(110)) - 8aa6f495-09ad-4a32-951c-60d46ecfa148: shutdown 8aa6f495-09ad-4a32-951c-60d46ecfa148@group-49351C4FF157-FollowerState
2024-01-26 21:34:24,648 [0454455d-17b5-4798-9ce3-34e4ad079dd1@group-49351C4FF157-LeaderElection27] INFO  server.RaftServerConfigKeys (ConfUtils.java:logFallback(53)) - raft.server.rpc.first-election.timeout.min = 5s (fallback to raft.server.rpc.timeout.min)
2024-01-26 21:34:24,648 [0454455d-17b5-4798-9ce3-34e4ad079dd1@group-49351C4FF157-LeaderElection27] INFO  server.RaftServerConfigKeys (ConfUtils.java:logFallback(53)) - raft.server.rpc.first-election.timeout.max = 5200ms (fallback to raft.server.rpc.timeout.max)
2024-01-26 21:34:24,648 [cb9b1e06-b28b-4c4f-b19c-04e0cd8d01c6@group-49351C4FF157-LeaderElection30] INFO  impl.LeaderElection (LeaderElection.java:logAndReturn(89)) - cb9b1e06-b28b-4c4f-b19c-04e0cd8d01c6@group-49351C4FF157-LeaderElection30: PRE_VOTE DISCOVERED_A_NEW_TERM (term=1) received 2 response(s) and 0 exception(s):
2024-01-26 21:34:24,648 [cb9b1e06-b28b-4c4f-b19c-04e0cd8d01c6@group-49351C4FF157-LeaderElection30] INFO  impl.LeaderElection (LeaderElection.java:logAndReturn(93)) -   Response 0: cb9b1e06-b28b-4c4f-b19c-04e0cd8d01c6<-0454455d-17b5-4798-9ce3-34e4ad079dd1#0:FAIL-t1
2024-01-26 21:34:24,648 [cb9b1e06-b28b-4c4f-b19c-04e0cd8d01c6@group-49351C4FF157-LeaderElection30] INFO  impl.LeaderElection (LeaderElection.java:logAndReturn(93)) -   Response 1: cb9b1e06-b28b-4c4f-b19c-04e0cd8d01c6<-8aa6f495-09ad-4a32-951c-60d46ecfa148#0:OK-t0
2024-01-26 21:34:24,648 [cb9b1e06-b28b-4c4f-b19c-04e0cd8d01c6@group-49351C4FF157-LeaderElection30] INFO  impl.LeaderElection (LeaderElection.java:askForVotes(323)) - cb9b1e06-b28b-4c4f-b19c-04e0cd8d01c6@group-49351C4FF157-LeaderElection30 PRE_VOTE round 0: result DISCOVERED_A_NEW_TERM (term=1)
2024-01-26 21:34:24,648 [cb9b1e06-b28b-4c4f-b19c-04e0cd8d01c6@group-49351C4FF157-LeaderElection30] INFO  server.RaftServer$Division (RaftServerImpl.java:setRole(383)) - cb9b1e06-b28b-4c4f-b19c-04e0cd8d01c6@group-49351C4FF157: changes role from CANDIDATE to FOLLOWER at term 1 for DISCOVERED_A_NEW_TERM (term=1)
2024-01-26 21:34:24,648 [cb9b1e06-b28b-4c4f-b19c-04e0cd8d01c6@group-49351C4FF157-LeaderElection30] INFO  impl.RoleInfo (RoleInfo.java:shutdownLeaderElection(130)) - cb9b1e06-b28b-4c4f-b19c-04e0cd8d01c6: shutdown cb9b1e06-b28b-4c4f-b19c-04e0cd8d01c6@group-49351C4FF157-LeaderElection30
2024-01-26 21:34:24,648 [cb9b1e06-b28b-4c4f-b19c-04e0cd8d01c6@group-49351C4FF157-LeaderElection30] INFO  impl.RoleInfo (RoleInfo.java:updateAndGet(139)) - cb9b1e06-b28b-4c4f-b19c-04e0cd8d01c6: start cb9b1e06-b28b-4c4f-b19c-04e0cd8d01c6@group-49351C4FF157-FollowerState
2024-01-26 21:34:24,653 [8941232b-d533-4e67-b9a7-e63de09e5ea8@group-FC45B38D37D3-FollowerState] INFO  impl.FollowerState (FollowerState.java:run(143)) - 8941232b-d533-4e67-b9a7-e63de09e5ea8@group-FC45B38D37D3-FollowerState: change to CANDIDATE, lastRpcElapsedTime:5182439419ns, electionTimeout:5181ms
2024-01-26 21:34:24,653 [8941232b-d533-4e67-b9a7-e63de09e5ea8@group-FC45B38D37D3-FollowerState] INFO  impl.RoleInfo (RoleInfo.java:shutdownFollowerState(110)) - 8941232b-d533-4e67-b9a7-e63de09e5ea8: shutdown 8941232b-d533-4e67-b9a7-e63de09e5ea8@group-FC45B38D37D3-FollowerState
2024-01-26 21:34:24,653 [8941232b-d533-4e67-b9a7-e63de09e5ea8@group-FC45B38D37D3-FollowerState] INFO  server.RaftServer$Division (RaftServerImpl.java:setRole(383)) - 8941232b-d533-4e67-b9a7-e63de09e5ea8@group-FC45B38D37D3: changes role from  FOLLOWER to CANDIDATE at term 0 for changeToCandidate
2024-01-26 21:34:24,664 [grpc-default-executor-4] INFO  server.RaftServer$Division (RaftServerImpl.java:requestVote(1389)) - 0454455d-17b5-4798-9ce3-34e4ad079dd1@group-2F9F6A9E053B: receive requestVote(ELECTION, 8aa6f495-09ad-4a32-951c-60d46ecfa148, group-2F9F6A9E053B, 1, (t:0, i:0))
2024-01-26 21:34:24,664 [grpc-default-executor-4] INFO  impl.VoteContext (VoteContext.java:log(49)) - 0454455d-17b5-4798-9ce3-34e4ad079dd1@group-2F9F6A9E053B-FOLLOWER: accept ELECTION from 8aa6f495-09ad-4a32-951c-60d46ecfa148: our priority 0 <= candidate's priority 1
2024-01-26 21:34:24,665 [grpc-default-executor-4] INFO  server.RaftServer$Division (RaftServerImpl.java:setRole(383)) - 0454455d-17b5-4798-9ce3-34e4ad079dd1@group-2F9F6A9E053B: changes role from  FOLLOWER to FOLLOWER at term 1 for candidate:8aa6f495-09ad-4a32-951c-60d46ecfa148
2024-01-26 21:34:24,665 [grpc-default-executor-4] INFO  impl.RoleInfo (RoleInfo.java:shutdownFollowerState(110)) - 0454455d-17b5-4798-9ce3-34e4ad079dd1: shutdown 0454455d-17b5-4798-9ce3-34e4ad079dd1@group-2F9F6A9E053B-FollowerState
2024-01-26 21:34:24,664 [8aa6f495-09ad-4a32-951c-60d46ecfa148@group-49351C4FF157-FollowerState] INFO  impl.FollowerState (FollowerState.java:shouldRun(117)) - 8aa6f495-09ad-4a32-951c-60d46ecfa148@group-49351C4FF157-FollowerState: Stopping now (isRunning? false, role = FOLLOWER)
2024-01-26 21:34:24,665 [grpc-default-executor-3] INFO  server.RaftServer$Division (RaftServerImpl.java:requestVote(1389)) - cb9b1e06-b28b-4c4f-b19c-04e0cd8d01c6@group-49351C4FF157: receive requestVote(ELECTION, 0454455d-17b5-4798-9ce3-34e4ad079dd1, group-49351C4FF157, 1, (t:0, i:0))
2024-01-26 21:34:24,667 [8aa6f495-09ad-4a32-951c-60d46ecfa148@group-2F9F6A9E053B-LeaderElection29] INFO  server.RaftServerConfigKeys (ConfUtils.java:logFallback(53)) - raft.server.rpc.first-election.timeout.min = 5s (fallback to raft.server.rpc.timeout.min)
2024-01-26 21:34:24,667 [8aa6f495-09ad-4a32-951c-60d46ecfa148@group-2F9F6A9E053B-LeaderElection29] INFO  server.RaftServerConfigKeys (ConfUtils.java:logFallback(53)) - raft.server.rpc.first-election.timeout.max = 5200ms (fallback to raft.server.rpc.timeout.max)
2024-01-26 21:34:24,668 [grpc-default-executor-4] INFO  impl.RoleInfo (RoleInfo.java:updateAndGet(139)) - 0454455d-17b5-4798-9ce3-34e4ad079dd1: start 0454455d-17b5-4798-9ce3-34e4ad079dd1@group-2F9F6A9E053B-FollowerState
2024-01-26 21:34:24,668 [0454455d-17b5-4798-9ce3-34e4ad079dd1@group-2F9F6A9E053B-FollowerState] INFO  impl.FollowerState (FollowerState.java:run(152)) - 0454455d-17b5-4798-9ce3-34e4ad079dd1@group-2F9F6A9E053B-FollowerState was interrupted
2024-01-26 21:34:24,668 [grpc-default-executor-2] INFO  server.RaftServer$Division (RaftServerImpl.java:requestVote(1389)) - cb9b1e06-b28b-4c4f-b19c-04e0cd8d01c6@group-2F9F6A9E053B: receive requestVote(ELECTION, 8aa6f495-09ad-4a32-951c-60d46ecfa148, group-2F9F6A9E053B, 1, (t:0, i:0))
2024-01-26 21:34:24,669 [8aa6f495-09ad-4a32-951c-60d46ecfa148@group-8184AC0C82EE-StateMachineUpdater] INFO  server.RaftServer$Division (LeaderStateImpl.java:isApplied(320)) - leader is ready since appliedIndex == 0 >= startIndex == 0
2024-01-26 21:34:24,669 [grpc-default-executor-2] INFO  impl.VoteContext (VoteContext.java:log(49)) - cb9b1e06-b28b-4c4f-b19c-04e0cd8d01c6@group-2F9F6A9E053B-FOLLOWER: accept ELECTION from 8aa6f495-09ad-4a32-951c-60d46ecfa148: our priority 0 <= candidate's priority 1
2024-01-26 21:34:24,669 [grpc-default-executor-2] INFO  server.RaftServer$Division (RaftServerImpl.java:setRole(383)) - cb9b1e06-b28b-4c4f-b19c-04e0cd8d01c6@group-2F9F6A9E053B: changes role from  FOLLOWER to FOLLOWER at term 1 for candidate:8aa6f495-09ad-4a32-951c-60d46ecfa148
2024-01-26 21:34:24,669 [grpc-default-executor-2] INFO  impl.RoleInfo (RoleInfo.java:shutdownFollowerState(110)) - cb9b1e06-b28b-4c4f-b19c-04e0cd8d01c6: shutdown cb9b1e06-b28b-4c4f-b19c-04e0cd8d01c6@group-2F9F6A9E053B-FollowerState
2024-01-26 21:34:24,677 [8941232b-d533-4e67-b9a7-e63de09e5ea8@group-FC45B38D37D3-FollowerState] INFO  server.RaftServerConfigKeys (ConfUtils.java:logGet(46)) - raft.server.leaderelection.pre-vote = true (default)
2024-01-26 21:34:24,677 [8941232b-d533-4e67-b9a7-e63de09e5ea8@group-FC45B38D37D3-FollowerState] INFO  impl.RoleInfo (RoleInfo.java:updateAndGet(139)) - 8941232b-d533-4e67-b9a7-e63de09e5ea8: start 8941232b-d533-4e67-b9a7-e63de09e5ea8@group-FC45B38D37D3-LeaderElection31
2024-01-26 21:34:24,678 [grpc-default-executor-4] INFO  server.RaftServer$Division (RaftServerImpl.java:requestVote(1422)) - 0454455d-17b5-4798-9ce3-34e4ad079dd1@group-2F9F6A9E053B replies to ELECTION vote request: 8aa6f495-09ad-4a32-951c-60d46ecfa148<-0454455d-17b5-4798-9ce3-34e4ad079dd1#0:OK-t1. Peer's state: 0454455d-17b5-4798-9ce3-34e4ad079dd1@group-2F9F6A9E053B:t1, leader=null, voted=8aa6f495-09ad-4a32-951c-60d46ecfa148, raftlog=Memoized:0454455d-17b5-4798-9ce3-34e4ad079dd1@group-2F9F6A9E053B-SegmentedRaftLog:OPENED:c-1, conf=-1: peers:[0454455d-17b5-4798-9ce3-34e4ad079dd1|10.1.0.5:15104, 8aa6f495-09ad-4a32-951c-60d46ecfa148|10.1.0.5:15113, cb9b1e06-b28b-4c4f-b19c-04e0cd8d01c6|10.1.0.5:15095]|listeners:[], old=null
2024-01-26 21:34:24,687 [cb9b1e06-b28b-4c4f-b19c-04e0cd8d01c6@group-49351C4FF157-LeaderElection30] INFO  server.RaftServer$Division (RaftServerImpl.java:setFirstElection(574)) - cb9b1e06-b28b-4c4f-b19c-04e0cd8d01c6@group-49351C4FF157: set firstElectionSinceStartup to false for DISCOVERED_A_NEW_TERM (term=1)
2024-01-26 21:34:24,688 [grpc-default-executor-0] INFO  impl.RoleInfo (RoleInfo.java:updateAndGet(139)) - 8aa6f495-09ad-4a32-951c-60d46ecfa148: start 8aa6f495-09ad-4a32-951c-60d46ecfa148@group-49351C4FF157-FollowerState
2024-01-26 21:34:24,689 [grpc-default-executor-3] INFO  impl.VoteContext (VoteContext.java:log(49)) - cb9b1e06-b28b-4c4f-b19c-04e0cd8d01c6@group-49351C4FF157-FOLLOWER: accept ELECTION from 0454455d-17b5-4798-9ce3-34e4ad079dd1: our priority 0 <= candidate's priority 1
2024-01-26 21:34:24,689 [grpc-default-executor-3] INFO  server.RaftServer$Division (RaftServerImpl.java:setRole(383)) - cb9b1e06-b28b-4c4f-b19c-04e0cd8d01c6@group-49351C4FF157: changes role from  FOLLOWER to FOLLOWER at term 1 for candidate:0454455d-17b5-4798-9ce3-34e4ad079dd1
2024-01-26 21:34:24,689 [grpc-default-executor-3] INFO  impl.RoleInfo (RoleInfo.java:shutdownFollowerState(110)) - cb9b1e06-b28b-4c4f-b19c-04e0cd8d01c6: shutdown cb9b1e06-b28b-4c4f-b19c-04e0cd8d01c6@group-49351C4FF157-FollowerState
2024-01-26 21:34:24,707 [grpc-default-executor-0] INFO  server.RaftServer$Division (RaftServerImpl.java:setFirstElection(574)) - 8aa6f495-09ad-4a32-951c-60d46ecfa148@group-49351C4FF157: set firstElectionSinceStartup to false for candidate:0454455d-17b5-4798-9ce3-34e4ad079dd1
2024-01-26 21:34:24,707 [cb9b1e06-b28b-4c4f-b19c-04e0cd8d01c6@group-49351C4FF157-FollowerState] INFO  impl.FollowerState (FollowerState.java:run(152)) - cb9b1e06-b28b-4c4f-b19c-04e0cd8d01c6@group-49351C4FF157-FollowerState was interrupted
2024-01-26 21:34:24,708 [cb9b1e06-b28b-4c4f-b19c-04e0cd8d01c6@group-2F9F6A9E053B-FollowerState] INFO  impl.FollowerState (FollowerState.java:run(152)) - cb9b1e06-b28b-4c4f-b19c-04e0cd8d01c6@group-2F9F6A9E053B-FollowerState was interrupted
2024-01-26 21:34:24,707 [grpc-default-executor-3] INFO  impl.RoleInfo (RoleInfo.java:updateAndGet(139)) - cb9b1e06-b28b-4c4f-b19c-04e0cd8d01c6: start cb9b1e06-b28b-4c4f-b19c-04e0cd8d01c6@group-49351C4FF157-FollowerState
2024-01-26 21:34:24,708 [grpc-default-executor-0] INFO  server.RaftServer$Division (RaftServerImpl.java:requestVote(1422)) - 8aa6f495-09ad-4a32-951c-60d46ecfa148@group-49351C4FF157 replies to ELECTION vote request: 0454455d-17b5-4798-9ce3-34e4ad079dd1<-8aa6f495-09ad-4a32-951c-60d46ecfa148#0:OK-t1. Peer's state: 8aa6f495-09ad-4a32-951c-60d46ecfa148@group-49351C4FF157:t1, leader=null, voted=0454455d-17b5-4798-9ce3-34e4ad079dd1, raftlog=Memoized:8aa6f495-09ad-4a32-951c-60d46ecfa148@group-49351C4FF157-SegmentedRaftLog:OPENED:c-1, conf=-1: peers:[0454455d-17b5-4798-9ce3-34e4ad079dd1|10.1.0.5:15104, 8aa6f495-09ad-4a32-951c-60d46ecfa148|10.1.0.5:15113, cb9b1e06-b28b-4c4f-b19c-04e0cd8d01c6|10.1.0.5:15095]|listeners:[], old=null
2024-01-26 21:34:24,709 [8aa6f495-09ad-4a32-951c-60d46ecfa148@group-2F9F6A9E053B-LeaderElection29] INFO  impl.LeaderElection (LeaderElection.java:logAndReturn(89)) - 8aa6f495-09ad-4a32-951c-60d46ecfa148@group-2F9F6A9E053B-LeaderElection29: ELECTION PASSED received 1 response(s) and 0 exception(s):
2024-01-26 21:34:24,709 [8aa6f495-09ad-4a32-951c-60d46ecfa148@group-2F9F6A9E053B-LeaderElection29] INFO  impl.LeaderElection (LeaderElection.java:logAndReturn(93)) -   Response 0: 8aa6f495-09ad-4a32-951c-60d46ecfa148<-0454455d-17b5-4798-9ce3-34e4ad079dd1#0:OK-t1
2024-01-26 21:34:24,710 [c4b8c6be-c011-4381-a4e2-e95b959e0055@group-AD3D73544C3B-StateMachineUpdater] INFO  server.RaftServer$Division (LeaderStateImpl.java:isApplied(320)) - leader is ready since appliedIndex == 0 >= startIndex == 0
2024-01-26 21:34:24,719 [8941232b-d533-4e67-b9a7-e63de09e5ea8@group-FC45B38D37D3-LeaderElection31] INFO  impl.LeaderElection (LeaderElection.java:askForVotes(321)) - 8941232b-d533-4e67-b9a7-e63de09e5ea8@group-FC45B38D37D3-LeaderElection31 PRE_VOTE round 0: submit vote requests at term 0 for -1: peers:[8941232b-d533-4e67-b9a7-e63de09e5ea8|10.1.0.5:15131]|listeners:[], old=null
2024-01-26 21:34:24,719 [8941232b-d533-4e67-b9a7-e63de09e5ea8@group-FC45B38D37D3-LeaderElection31] INFO  impl.LeaderElection (LeaderElection.java:askForVotes(323)) - 8941232b-d533-4e67-b9a7-e63de09e5ea8@group-FC45B38D37D3-LeaderElection31 PRE_VOTE round 0: result PASSED (term=0)
2024-01-26 21:34:24,720 [8941232b-d533-4e67-b9a7-e63de09e5ea8@group-FC45B38D37D3-LeaderElection31] INFO  impl.LeaderElection (LeaderElection.java:askForVotes(321)) - 8941232b-d533-4e67-b9a7-e63de09e5ea8@group-FC45B38D37D3-LeaderElection31 ELECTION round 0: submit vote requests at term 1 for -1: peers:[8941232b-d533-4e67-b9a7-e63de09e5ea8|10.1.0.5:15131]|listeners:[], old=null
2024-01-26 21:34:24,720 [8941232b-d533-4e67-b9a7-e63de09e5ea8@group-FC45B38D37D3-LeaderElection31] INFO  impl.LeaderElection (LeaderElection.java:askForVotes(323)) - 8941232b-d533-4e67-b9a7-e63de09e5ea8@group-FC45B38D37D3-LeaderElection31 ELECTION round 0: result PASSED (term=1)
2024-01-26 21:34:24,721 [8941232b-d533-4e67-b9a7-e63de09e5ea8@group-FC45B38D37D3-LeaderElection31] INFO  impl.RoleInfo (RoleInfo.java:shutdownLeaderElection(130)) - 8941232b-d533-4e67-b9a7-e63de09e5ea8: shutdown 8941232b-d533-4e67-b9a7-e63de09e5ea8@group-FC45B38D37D3-LeaderElection31
2024-01-26 21:34:24,721 [8941232b-d533-4e67-b9a7-e63de09e5ea8@group-FC45B38D37D3-LeaderElection31] INFO  server.RaftServer$Division (RaftServerImpl.java:setRole(383)) - 8941232b-d533-4e67-b9a7-e63de09e5ea8@group-FC45B38D37D3: changes role from CANDIDATE to LEADER at term 1 for changeToLeader
2024-01-26 21:34:24,721 [8941232b-d533-4e67-b9a7-e63de09e5ea8@group-FC45B38D37D3-LeaderElection31] INFO  server.RaftServerConfigKeys (ConfUtils.java:logGet(46)) - raft.server.staging.catchup.gap = 1000 (default)
2024-01-26 21:34:24,721 [8941232b-d533-4e67-b9a7-e63de09e5ea8@group-FC45B38D37D3-LeaderElection31] INFO  server.RaftServerConfigKeys (ConfUtils.java:logGet(46)) - raft.server.write.element-limit = 1024 (custom)
2024-01-26 21:34:24,721 [8941232b-d533-4e67-b9a7-e63de09e5ea8@group-FC45B38D37D3-LeaderElection31] INFO  server.RaftServerConfigKeys (ConfUtils.java:logGet(46)) - raft.server.write.byte-limit = 1024 M (=1073741824) (custom)
2024-01-26 21:34:24,721 [8941232b-d533-4e67-b9a7-e63de09e5ea8@group-FC45B38D37D3-LeaderElection31] INFO  server.RaftServerConfigKeys (ConfUtils.java:logGet(46)) - raft.server.watch.timeout = 180s (custom)
2024-01-26 21:34:24,721 [8941232b-d533-4e67-b9a7-e63de09e5ea8@group-FC45B38D37D3-LeaderElection31] INFO  server.RaftServerConfigKeys (ConfUtils.java:logGet(46)) - raft.server.watch.timeout.denomination = 1s (default)
2024-01-26 21:34:24,722 [8941232b-d533-4e67-b9a7-e63de09e5ea8@group-FC45B38D37D3-LeaderElection31] INFO  server.RaftServerConfigKeys (ConfUtils.java:logGet(46)) - raft.server.watch.element-limit = 65536 (default)
2024-01-26 21:34:24,722 [8941232b-d533-4e67-b9a7-e63de09e5ea8@group-FC45B38D37D3-LeaderElection31] INFO  server.RaftServerConfigKeys (ConfUtils.java:logGet(46)) - raft.server.read.leader.lease.enabled = false (default)
2024-01-26 21:34:24,722 [8941232b-d533-4e67-b9a7-e63de09e5ea8@group-FC45B38D37D3-LeaderElection31] INFO  server.RaftServerConfigKeys (ConfUtils.java:logGet(46)) - raft.server.read.leader.lease.timeout.ratio = 0.9 (default)
2024-01-26 21:34:24,722 [8941232b-d533-4e67-b9a7-e63de09e5ea8@group-FC45B38D37D3-LeaderElection31] INFO  server.RaftServerConfigKeys (ConfUtils.java:logGet(46)) - raft.server.rpc.timeout.min = 5s (custom)
2024-01-26 21:34:24,722 [8941232b-d533-4e67-b9a7-e63de09e5ea8@group-FC45B38D37D3-LeaderElection31] INFO  server.RaftServerConfigKeys (ConfUtils.java:logGet(46)) - raft.server.write.element-limit = 1024 (custom)
2024-01-26 21:34:24,722 [8941232b-d533-4e67-b9a7-e63de09e5ea8@group-FC45B38D37D3-LeaderElection31] INFO  server.RaftServerConfigKeys (ConfUtils.java:logGet(46)) - raft.server.write.follower.gap.ratio.max = -1.0 (default)
2024-01-26 21:34:24,722 [8941232b-d533-4e67-b9a7-e63de09e5ea8@group-FC45B38D37D3-LeaderElection31] INFO  impl.RoleInfo (RoleInfo.java:updateAndGet(139)) - 8941232b-d533-4e67-b9a7-e63de09e5ea8: start 8941232b-d533-4e67-b9a7-e63de09e5ea8@group-FC45B38D37D3-LeaderStateImpl
2024-01-26 21:34:24,722 [8941232b-d533-4e67-b9a7-e63de09e5ea8@group-FC45B38D37D3-LeaderElection31] INFO  server.RaftServer$Division (RaftServerImpl.java:setFirstElection(574)) - 8941232b-d533-4e67-b9a7-e63de09e5ea8@group-FC45B38D37D3: set firstElectionSinceStartup to false for becomeLeader
2024-01-26 21:34:24,722 [8941232b-d533-4e67-b9a7-e63de09e5ea8@group-FC45B38D37D3-LeaderElection31] INFO  ratis.XceiverServerRatis (XceiverServerRatis.java:handleLeaderChangedNotification(945)) - Leader change notification received for group: group-FC45B38D37D3 with new leaderId: 8941232b-d533-4e67-b9a7-e63de09e5ea8
2024-01-26 21:34:24,723 [8941232b-d533-4e67-b9a7-e63de09e5ea8@group-FC45B38D37D3-LeaderElection31] INFO  server.RaftServer$Division (ServerState.java:setLeader(269)) - 8941232b-d533-4e67-b9a7-e63de09e5ea8@group-FC45B38D37D3: change Leader from null to 8941232b-d533-4e67-b9a7-e63de09e5ea8 at term 1 for becomeLeader, leader elected after 5335ms
2024-01-26 21:34:24,723 [8941232b-d533-4e67-b9a7-e63de09e5ea8@group-FC45B38D37D3-LeaderElection31] INFO  segmented.SegmentedRaftLogWorker (SegmentedRaftLogWorker.java:startLogSegment(430)) - 8941232b-d533-4e67-b9a7-e63de09e5ea8@group-FC45B38D37D3-SegmentedRaftLogWorker: Starting segment from index:0
2024-01-26 21:34:24,724 [8aa6f495-09ad-4a32-951c-60d46ecfa148@group-2F9F6A9E053B-LeaderElection29] INFO  impl.LeaderElection (LeaderElection.java:askForVotes(323)) - 8aa6f495-09ad-4a32-951c-60d46ecfa148@group-2F9F6A9E053B-LeaderElection29 ELECTION round 0: result PASSED
2024-01-26 21:34:24,724 [8aa6f495-09ad-4a32-951c-60d46ecfa148@group-2F9F6A9E053B-LeaderElection29] INFO  impl.RoleInfo (RoleInfo.java:shutdownLeaderElection(130)) - 8aa6f495-09ad-4a32-951c-60d46ecfa148: shutdown 8aa6f495-09ad-4a32-951c-60d46ecfa148@group-2F9F6A9E053B-LeaderElection29
2024-01-26 21:34:24,724 [8aa6f495-09ad-4a32-951c-60d46ecfa148@group-2F9F6A9E053B-LeaderElection29] INFO  server.RaftServer$Division (RaftServerImpl.java:setRole(383)) - 8aa6f495-09ad-4a32-951c-60d46ecfa148@group-2F9F6A9E053B: changes role from CANDIDATE to LEADER at term 1 for changeToLeader
2024-01-26 21:34:24,724 [0454455d-17b5-4798-9ce3-34e4ad079dd1@group-49351C4FF157-LeaderElection27] INFO  impl.LeaderElection (LeaderElection.java:logAndReturn(89)) - 0454455d-17b5-4798-9ce3-34e4ad079dd1@group-49351C4FF157-LeaderElection27: ELECTION PASSED received 1 response(s) and 0 exception(s):
2024-01-26 21:34:24,724 [0454455d-17b5-4798-9ce3-34e4ad079dd1@group-49351C4FF157-LeaderElection27] INFO  impl.LeaderElection (LeaderElection.java:logAndReturn(93)) -   Response 0: 0454455d-17b5-4798-9ce3-34e4ad079dd1<-8aa6f495-09ad-4a32-951c-60d46ecfa148#0:OK-t1
2024-01-26 21:34:24,724 [8aa6f495-09ad-4a32-951c-60d46ecfa148@group-2F9F6A9E053B-LeaderElection29] INFO  server.RaftServerConfigKeys (ConfUtils.java:logGet(46)) - raft.server.staging.catchup.gap = 1000 (default)
2024-01-26 21:34:24,725 [grpc-default-executor-2] INFO  impl.RoleInfo (RoleInfo.java:updateAndGet(139)) - cb9b1e06-b28b-4c4f-b19c-04e0cd8d01c6: start cb9b1e06-b28b-4c4f-b19c-04e0cd8d01c6@group-2F9F6A9E053B-FollowerState
2024-01-26 21:34:24,725 [8aa6f495-09ad-4a32-951c-60d46ecfa148@group-2F9F6A9E053B-LeaderElection29] INFO  server.RaftServerConfigKeys (ConfUtils.java:logGet(46)) - raft.server.write.element-limit = 1024 (custom)
2024-01-26 21:34:24,725 [8aa6f495-09ad-4a32-951c-60d46ecfa148@group-2F9F6A9E053B-LeaderElection29] INFO  server.RaftServerConfigKeys (ConfUtils.java:logGet(46)) - raft.server.write.byte-limit = 1024 M (=1073741824) (custom)
2024-01-26 21:34:24,725 [8aa6f495-09ad-4a32-951c-60d46ecfa148@group-2F9F6A9E053B-LeaderElection29] INFO  server.RaftServerConfigKeys (ConfUtils.java:logGet(46)) - raft.server.watch.timeout = 180s (custom)
2024-01-26 21:34:24,725 [8aa6f495-09ad-4a32-951c-60d46ecfa148@group-2F9F6A9E053B-LeaderElection29] INFO  server.RaftServerConfigKeys (ConfUtils.java:logGet(46)) - raft.server.watch.timeout.denomination = 1s (default)
2024-01-26 21:34:24,725 [8aa6f495-09ad-4a32-951c-60d46ecfa148@group-2F9F6A9E053B-LeaderElection29] INFO  server.RaftServerConfigKeys (ConfUtils.java:logGet(46)) - raft.server.watch.element-limit = 65536 (default)
2024-01-26 21:34:24,726 [8aa6f495-09ad-4a32-951c-60d46ecfa148@group-2F9F6A9E053B-LeaderElection29] INFO  server.RaftServerConfigKeys (ConfUtils.java:logGet(46)) - raft.server.read.leader.lease.enabled = false (default)
2024-01-26 21:34:24,726 [8aa6f495-09ad-4a32-951c-60d46ecfa148@group-2F9F6A9E053B-LeaderElection29] INFO  server.RaftServerConfigKeys (ConfUtils.java:logGet(46)) - raft.server.read.leader.lease.timeout.ratio = 0.9 (default)
2024-01-26 21:34:24,726 [8aa6f495-09ad-4a32-951c-60d46ecfa148@group-2F9F6A9E053B-LeaderElection29] INFO  server.RaftServerConfigKeys (ConfUtils.java:logGet(46)) - raft.server.rpc.timeout.min = 5s (custom)
2024-01-26 21:34:24,726 [8aa6f495-09ad-4a32-951c-60d46ecfa148@group-2F9F6A9E053B-LeaderElection29] INFO  server.RaftServerConfigKeys (ConfUtils.java:logGet(46)) - raft.server.write.element-limit = 1024 (custom)
2024-01-26 21:34:24,726 [8aa6f495-09ad-4a32-951c-60d46ecfa148@group-2F9F6A9E053B-LeaderElection29] INFO  server.RaftServerConfigKeys (ConfUtils.java:logGet(46)) - raft.server.write.follower.gap.ratio.max = -1.0 (default)
2024-01-26 21:34:24,726 [grpc-default-executor-3] INFO  server.RaftServer$Division (RaftServerImpl.java:requestVote(1422)) - cb9b1e06-b28b-4c4f-b19c-04e0cd8d01c6@group-49351C4FF157 replies to ELECTION vote request: 0454455d-17b5-4798-9ce3-34e4ad079dd1<-cb9b1e06-b28b-4c4f-b19c-04e0cd8d01c6#0:OK-t1. Peer's state: cb9b1e06-b28b-4c4f-b19c-04e0cd8d01c6@group-49351C4FF157:t1, leader=null, voted=0454455d-17b5-4798-9ce3-34e4ad079dd1, raftlog=Memoized:cb9b1e06-b28b-4c4f-b19c-04e0cd8d01c6@group-49351C4FF157-SegmentedRaftLog:OPENED:c-1, conf=-1: peers:[0454455d-17b5-4798-9ce3-34e4ad079dd1|10.1.0.5:15104, 8aa6f495-09ad-4a32-951c-60d46ecfa148|10.1.0.5:15113, cb9b1e06-b28b-4c4f-b19c-04e0cd8d01c6|10.1.0.5:15095]|listeners:[], old=null
2024-01-26 21:34:24,727 [8aa6f495-09ad-4a32-951c-60d46ecfa148@group-2F9F6A9E053B-LeaderElection29] INFO  server.RaftServerConfigKeys (ConfUtils.java:logGet(46)) - raft.server.log.appender.snapshot.chunk.size.max = 16MB (=16777216) (default)
2024-01-26 21:34:24,727 [8aa6f495-09ad-4a32-951c-60d46ecfa148@group-2F9F6A9E053B-LeaderElection29] INFO  server.RaftServerConfigKeys (ConfUtils.java:logGet(46)) - raft.server.log.appender.buffer.byte-limit = 8388608 (custom)
2024-01-26 21:34:24,727 [8aa6f495-09ad-4a32-951c-60d46ecfa148@group-2F9F6A9E053B-LeaderElection29] INFO  server.RaftServerConfigKeys (ConfUtils.java:logGet(46)) - raft.server.log.appender.buffer.element-limit = 1 (custom)
2024-01-26 21:34:24,728 [grpc-default-executor-2] INFO  server.RaftServer$Division (RaftServerImpl.java:setFirstElection(574)) - cb9b1e06-b28b-4c4f-b19c-04e0cd8d01c6@group-2F9F6A9E053B: set firstElectionSinceStartup to false for candidate:8aa6f495-09ad-4a32-951c-60d46ecfa148
2024-01-26 21:34:24,728 [0454455d-17b5-4798-9ce3-34e4ad079dd1@group-49351C4FF157-LeaderElection27] INFO  impl.LeaderElection (LeaderElection.java:askForVotes(323)) - 0454455d-17b5-4798-9ce3-34e4ad079dd1@group-49351C4FF157-LeaderElection27 ELECTION round 0: result PASSED
2024-01-26 21:34:24,728 [0454455d-17b5-4798-9ce3-34e4ad079dd1@group-49351C4FF157-LeaderElection27] INFO  impl.RoleInfo (RoleInfo.java:shutdownLeaderElection(130)) - 0454455d-17b5-4798-9ce3-34e4ad079dd1: shutdown 0454455d-17b5-4798-9ce3-34e4ad079dd1@group-49351C4FF157-LeaderElection27
2024-01-26 21:34:24,728 [0454455d-17b5-4798-9ce3-34e4ad079dd1@group-49351C4FF157-LeaderElection27] INFO  server.RaftServer$Division (RaftServerImpl.java:setRole(383)) - 0454455d-17b5-4798-9ce3-34e4ad079dd1@group-49351C4FF157: changes role from CANDIDATE to LEADER at term 1 for changeToLeader
2024-01-26 21:34:24,728 [0454455d-17b5-4798-9ce3-34e4ad079dd1@group-49351C4FF157-LeaderElection27] INFO  server.RaftServerConfigKeys (ConfUtils.java:logGet(46)) - raft.server.staging.catchup.gap = 1000 (default)
2024-01-26 21:34:24,728 [0454455d-17b5-4798-9ce3-34e4ad079dd1@group-49351C4FF157-LeaderElection27] INFO  server.RaftServerConfigKeys (ConfUtils.java:logGet(46)) - raft.server.write.element-limit = 1024 (custom)
2024-01-26 21:34:24,728 [0454455d-17b5-4798-9ce3-34e4ad079dd1@group-49351C4FF157-LeaderElection27] INFO  server.RaftServerConfigKeys (ConfUtils.java:logGet(46)) - raft.server.write.byte-limit = 1024 M (=1073741824) (custom)
2024-01-26 21:34:24,728 [0454455d-17b5-4798-9ce3-34e4ad079dd1@group-49351C4FF157-LeaderElection27] INFO  server.RaftServerConfigKeys (ConfUtils.java:logGet(46)) - raft.server.watch.timeout = 180s (custom)
2024-01-26 21:34:24,728 [0454455d-17b5-4798-9ce3-34e4ad079dd1@group-49351C4FF157-LeaderElection27] INFO  server.RaftServerConfigKeys (ConfUtils.java:logGet(46)) - raft.server.watch.timeout.denomination = 1s (default)
2024-01-26 21:34:24,729 [0454455d-17b5-4798-9ce3-34e4ad079dd1@group-49351C4FF157-LeaderElection27] INFO  server.RaftServerConfigKeys (ConfUtils.java:logGet(46)) - raft.server.watch.element-limit = 65536 (default)
2024-01-26 21:34:24,729 [0454455d-17b5-4798-9ce3-34e4ad079dd1@group-49351C4FF157-LeaderElection27] INFO  server.RaftServerConfigKeys (ConfUtils.java:logGet(46)) - raft.server.read.leader.lease.enabled = false (default)
2024-01-26 21:34:24,729 [0454455d-17b5-4798-9ce3-34e4ad079dd1@group-49351C4FF157-LeaderElection27] INFO  server.RaftServerConfigKeys (ConfUtils.java:logGet(46)) - raft.server.read.leader.lease.timeout.ratio = 0.9 (default)
2024-01-26 21:34:24,729 [0454455d-17b5-4798-9ce3-34e4ad079dd1@group-49351C4FF157-LeaderElection27] INFO  server.RaftServerConfigKeys (ConfUtils.java:logGet(46)) - raft.server.rpc.timeout.min = 5s (custom)
2024-01-26 21:34:24,729 [0454455d-17b5-4798-9ce3-34e4ad079dd1@group-49351C4FF157-LeaderElection27] INFO  server.RaftServerConfigKeys (ConfUtils.java:logGet(46)) - raft.server.write.element-limit = 1024 (custom)
2024-01-26 21:34:24,729 [0454455d-17b5-4798-9ce3-34e4ad079dd1@group-49351C4FF157-LeaderElection27] INFO  server.RaftServerConfigKeys (ConfUtils.java:logGet(46)) - raft.server.write.follower.gap.ratio.max = -1.0 (default)
2024-01-26 21:34:24,729 [grpc-default-executor-2] INFO  server.RaftServer$Division (RaftServerImpl.java:requestVote(1422)) - cb9b1e06-b28b-4c4f-b19c-04e0cd8d01c6@group-2F9F6A9E053B replies to ELECTION vote request: 8aa6f495-09ad-4a32-951c-60d46ecfa148<-cb9b1e06-b28b-4c4f-b19c-04e0cd8d01c6#0:OK-t1. Peer's state: cb9b1e06-b28b-4c4f-b19c-04e0cd8d01c6@group-2F9F6A9E053B:t1, leader=null, voted=8aa6f495-09ad-4a32-951c-60d46ecfa148, raftlog=Memoized:cb9b1e06-b28b-4c4f-b19c-04e0cd8d01c6@group-2F9F6A9E053B-SegmentedRaftLog:OPENED:c-1, conf=-1: peers:[0454455d-17b5-4798-9ce3-34e4ad079dd1|10.1.0.5:15104, 8aa6f495-09ad-4a32-951c-60d46ecfa148|10.1.0.5:15113, cb9b1e06-b28b-4c4f-b19c-04e0cd8d01c6|10.1.0.5:15095]|listeners:[], old=null
2024-01-26 21:34:24,730 [0454455d-17b5-4798-9ce3-34e4ad079dd1@group-49351C4FF157-LeaderElection27] INFO  server.RaftServerConfigKeys (ConfUtils.java:logGet(46)) - raft.server.log.appender.snapshot.chunk.size.max = 16MB (=16777216) (default)
2024-01-26 21:34:24,730 [0454455d-17b5-4798-9ce3-34e4ad079dd1@group-49351C4FF157-LeaderElection27] INFO  server.RaftServerConfigKeys (ConfUtils.java:logGet(46)) - raft.server.log.appender.buffer.byte-limit = 8388608 (custom)
2024-01-26 21:34:24,730 [0454455d-17b5-4798-9ce3-34e4ad079dd1@group-49351C4FF157-LeaderElection27] INFO  server.RaftServerConfigKeys (ConfUtils.java:logGet(46)) - raft.server.log.appender.buffer.element-limit = 1 (custom)
2024-01-26 21:34:24,730 [8aa6f495-09ad-4a32-951c-60d46ecfa148@group-2F9F6A9E053B-LeaderElection29] INFO  server.RaftServerConfigKeys (ConfUtils.java:logGet(46)) - raft.server.log.appender.wait-time.min = 0μs (custom)
2024-01-26 21:34:24,730 [0454455d-17b5-4798-9ce3-34e4ad079dd1@group-49351C4FF157-LeaderElection27] INFO  server.RaftServerConfigKeys (ConfUtils.java:logGet(46)) - raft.server.log.appender.wait-time.min = 0μs (custom)
2024-01-26 21:34:24,730 [0454455d-17b5-4798-9ce3-34e4ad079dd1@group-49351C4FF157-LeaderElection27] INFO  grpc.GrpcConfigKeys (ConfUtils.java:logGet(46)) - raft.grpc.server.leader.outstanding.appends.max = 8 (default)
2024-01-26 21:34:24,730 [0454455d-17b5-4798-9ce3-34e4ad079dd1@group-49351C4FF157-LeaderElection27] INFO  server.RaftServerConfigKeys (ConfUtils.java:logGet(46)) - raft.server.rpc.request.timeout = 60s (custom)
2024-01-26 21:34:24,730 [0454455d-17b5-4798-9ce3-34e4ad079dd1@group-49351C4FF157-LeaderElection27] INFO  grpc.GrpcConfigKeys (ConfUtils.java:logGet(46)) - raft.grpc.server.install_snapshot.request.element-limit = 8 (default)
2024-01-26 21:34:24,730 [0454455d-17b5-4798-9ce3-34e4ad079dd1@group-49351C4FF157-LeaderElection27] INFO  grpc.GrpcConfigKeys (ConfUtils.java:logGet(46)) - raft.grpc.server.install_snapshot.request.timeout = 3000ms (default)
2024-01-26 21:34:24,730 [0454455d-17b5-4798-9ce3-34e4ad079dd1@group-49351C4FF157-LeaderElection27] INFO  grpc.GrpcConfigKeys (ConfUtils.java:logGet(46)) - raft.grpc.server.log-message.batch.duration = 5s (default)
2024-01-26 21:34:24,730 [0454455d-17b5-4798-9ce3-34e4ad079dd1@group-49351C4FF157-LeaderElection27] INFO  server.RaftServerConfigKeys (ConfUtils.java:logGet(46)) - raft.server.log.appender.install.snapshot.enabled = false (custom)
2024-01-26 21:34:24,731 [0454455d-17b5-4798-9ce3-34e4ad079dd1@group-49351C4FF157-LeaderElection27] INFO  grpc.GrpcConfigKeys (ConfUtils.java:logGet(46)) - raft.grpc.server.heartbeat.channel = true (default)
2024-01-26 21:34:24,731 [8941232b-d533-4e67-b9a7-e63de09e5ea8@group-FC45B38D37D3-LeaderElection31] INFO  server.RaftServer$Division (ServerState.java:setRaftConf(386)) - 8941232b-d533-4e67-b9a7-e63de09e5ea8@group-FC45B38D37D3: set configuration 0: peers:[8941232b-d533-4e67-b9a7-e63de09e5ea8|10.1.0.5:15131]|listeners:[], old=null
2024-01-26 21:34:24,732 [0454455d-17b5-4798-9ce3-34e4ad079dd1@group-49351C4FF157-LeaderElection27] INFO  server.RaftServerConfigKeys (ConfUtils.java:logGet(46)) - raft.server.log.appender.snapshot.chunk.size.max = 16MB (=16777216) (default)
2024-01-26 21:34:24,732 [0454455d-17b5-4798-9ce3-34e4ad079dd1@group-49351C4FF157-LeaderElection27] INFO  server.RaftServerConfigKeys (ConfUtils.java:logGet(46)) - raft.server.log.appender.buffer.byte-limit = 8388608 (custom)
2024-01-26 21:34:24,732 [0454455d-17b5-4798-9ce3-34e4ad079dd1@group-49351C4FF157-LeaderElection27] INFO  server.RaftServerConfigKeys (ConfUtils.java:logGet(46)) - raft.server.log.appender.buffer.element-limit = 1 (custom)
2024-01-26 21:34:24,729 [8941232b-d533-4e67-b9a7-e63de09e5ea8@group-FC45B38D37D3-SegmentedRaftLogWorker] INFO  segmented.BufferedWriteChannel (BufferedWriteChannel.java:open(62)) - open log_inprogress_0 at position 0
2024-01-26 21:34:24,730 [8aa6f495-09ad-4a32-951c-60d46ecfa148@group-2F9F6A9E053B-LeaderElection29] INFO  grpc.GrpcConfigKeys (ConfUtils.java:logGet(46)) - raft.grpc.server.leader.outstanding.appends.max = 8 (default)
2024-01-26 21:34:24,734 [8aa6f495-09ad-4a32-951c-60d46ecfa148@group-2F9F6A9E053B-LeaderElection29] INFO  server.RaftServerConfigKeys (ConfUtils.java:logGet(46)) - raft.server.rpc.request.timeout = 60s (custom)
2024-01-26 21:34:24,734 [8aa6f495-09ad-4a32-951c-60d46ecfa148@group-2F9F6A9E053B-LeaderElection29] INFO  grpc.GrpcConfigKeys (ConfUtils.java:logGet(46)) - raft.grpc.server.install_snapshot.request.element-limit = 8 (default)
2024-01-26 21:34:24,735 [8aa6f495-09ad-4a32-951c-60d46ecfa148@group-2F9F6A9E053B-LeaderElection29] INFO  grpc.GrpcConfigKeys (ConfUtils.java:logGet(46)) - raft.grpc.server.install_snapshot.request.timeout = 3000ms (default)
2024-01-26 21:34:24,735 [8aa6f495-09ad-4a32-951c-60d46ecfa148@group-2F9F6A9E053B-LeaderElection29] INFO  grpc.GrpcConfigKeys (ConfUtils.java:logGet(46)) - raft.grpc.server.log-message.batch.duration = 5s (default)
2024-01-26 21:34:24,735 [8aa6f495-09ad-4a32-951c-60d46ecfa148@group-2F9F6A9E053B-LeaderElection29] INFO  server.RaftServerConfigKeys (ConfUtils.java:logGet(46)) - raft.server.log.appender.install.snapshot.enabled = false (custom)
2024-01-26 21:34:24,735 [8aa6f495-09ad-4a32-951c-60d46ecfa148@group-2F9F6A9E053B-LeaderElection29] INFO  grpc.GrpcConfigKeys (ConfUtils.java:logGet(46)) - raft.grpc.server.heartbeat.channel = true (default)
2024-01-26 21:34:24,736 [8aa6f495-09ad-4a32-951c-60d46ecfa148@group-2F9F6A9E053B-LeaderElection29] INFO  server.RaftServerConfigKeys (ConfUtils.java:logGet(46)) - raft.server.log.appender.snapshot.chunk.size.max = 16MB (=16777216) (default)
2024-01-26 21:34:24,736 [8aa6f495-09ad-4a32-951c-60d46ecfa148@group-2F9F6A9E053B-LeaderElection29] INFO  server.RaftServerConfigKeys (ConfUtils.java:logGet(46)) - raft.server.log.appender.buffer.byte-limit = 8388608 (custom)
2024-01-26 21:34:24,736 [8aa6f495-09ad-4a32-951c-60d46ecfa148@group-2F9F6A9E053B-LeaderElection29] INFO  server.RaftServerConfigKeys (ConfUtils.java:logGet(46)) - raft.server.log.appender.buffer.element-limit = 1 (custom)
2024-01-26 21:34:24,736 [0454455d-17b5-4798-9ce3-34e4ad079dd1@group-49351C4FF157-LeaderElection27] INFO  server.RaftServerConfigKeys (ConfUtils.java:logGet(46)) - raft.server.log.appender.wait-time.min = 0μs (custom)
2024-01-26 21:34:24,736 [8aa6f495-09ad-4a32-951c-60d46ecfa148@group-2F9F6A9E053B-LeaderElection29] INFO  server.RaftServerConfigKeys (ConfUtils.java:logGet(46)) - raft.server.log.appender.wait-time.min = 0μs (custom)
2024-01-26 21:34:24,737 [8aa6f495-09ad-4a32-951c-60d46ecfa148@group-2F9F6A9E053B-LeaderElection29] INFO  grpc.GrpcConfigKeys (ConfUtils.java:logGet(46)) - raft.grpc.server.leader.outstanding.appends.max = 8 (default)
2024-01-26 21:34:24,737 [8aa6f495-09ad-4a32-951c-60d46ecfa148@group-2F9F6A9E053B-LeaderElection29] INFO  server.RaftServerConfigKeys (ConfUtils.java:logGet(46)) - raft.server.rpc.request.timeout = 60s (custom)
2024-01-26 21:34:24,737 [8aa6f495-09ad-4a32-951c-60d46ecfa148@group-2F9F6A9E053B-LeaderElection29] INFO  grpc.GrpcConfigKeys (ConfUtils.java:logGet(46)) - raft.grpc.server.install_snapshot.request.element-limit = 8 (default)
2024-01-26 21:34:24,737 [8aa6f495-09ad-4a32-951c-60d46ecfa148@group-2F9F6A9E053B-LeaderElection29] INFO  grpc.GrpcConfigKeys (ConfUtils.java:logGet(46)) - raft.grpc.server.install_snapshot.request.timeout = 3000ms (default)
2024-01-26 21:34:24,737 [8aa6f495-09ad-4a32-951c-60d46ecfa148@group-2F9F6A9E053B-LeaderElection29] INFO  grpc.GrpcConfigKeys (ConfUtils.java:logGet(46)) - raft.grpc.server.log-message.batch.duration = 5s (default)
2024-01-26 21:34:24,737 [8aa6f495-09ad-4a32-951c-60d46ecfa148@group-2F9F6A9E053B-LeaderElection29] INFO  server.RaftServerConfigKeys (ConfUtils.java:logGet(46)) - raft.server.log.appender.install.snapshot.enabled = false (custom)
2024-01-26 21:34:24,737 [8aa6f495-09ad-4a32-951c-60d46ecfa148@group-2F9F6A9E053B-LeaderElection29] INFO  grpc.GrpcConfigKeys (ConfUtils.java:logGet(46)) - raft.grpc.server.heartbeat.channel = true (default)
2024-01-26 21:34:24,737 [8aa6f495-09ad-4a32-951c-60d46ecfa148@group-2F9F6A9E053B-LeaderElection29] INFO  impl.RoleInfo (RoleInfo.java:updateAndGet(139)) - 8aa6f495-09ad-4a32-951c-60d46ecfa148: start 8aa6f495-09ad-4a32-951c-60d46ecfa148@group-2F9F6A9E053B-LeaderStateImpl
2024-01-26 21:34:24,738 [8aa6f495-09ad-4a32-951c-60d46ecfa148@group-2F9F6A9E053B-LeaderElection29] INFO  server.RaftServer$Division (RaftServerImpl.java:setFirstElection(574)) - 8aa6f495-09ad-4a32-951c-60d46ecfa148@group-2F9F6A9E053B: set firstElectionSinceStartup to false for becomeLeader
2024-01-26 21:34:24,738 [8aa6f495-09ad-4a32-951c-60d46ecfa148@group-2F9F6A9E053B-LeaderElection29] INFO  ratis.XceiverServerRatis (XceiverServerRatis.java:handleLeaderChangedNotification(945)) - Leader change notification received for group: group-2F9F6A9E053B with new leaderId: 8aa6f495-09ad-4a32-951c-60d46ecfa148
2024-01-26 21:34:24,738 [8aa6f495-09ad-4a32-951c-60d46ecfa148@group-2F9F6A9E053B-LeaderElection29] INFO  server.RaftServer$Division (ServerState.java:setLeader(269)) - 8aa6f495-09ad-4a32-951c-60d46ecfa148@group-2F9F6A9E053B: change Leader from null to 8aa6f495-09ad-4a32-951c-60d46ecfa148 at term 1 for becomeLeader, leader elected after 5433ms
2024-01-26 21:34:24,738 [8aa6f495-09ad-4a32-951c-60d46ecfa148@group-2F9F6A9E053B-LeaderElection29] INFO  segmented.SegmentedRaftLogWorker (SegmentedRaftLogWorker.java:startLogSegment(430)) - 8aa6f495-09ad-4a32-951c-60d46ecfa148@group-2F9F6A9E053B-SegmentedRaftLogWorker: Starting segment from index:0
2024-01-26 21:34:24,739 [8aa6f495-09ad-4a32-951c-60d46ecfa148@group-2F9F6A9E053B-SegmentedRaftLogWorker] INFO  segmented.BufferedWriteChannel (BufferedWriteChannel.java:open(62)) - open log_inprogress_0 at position 0
2024-01-26 21:34:24,737 [0454455d-17b5-4798-9ce3-34e4ad079dd1@group-49351C4FF157-LeaderElection27] INFO  grpc.GrpcConfigKeys (ConfUtils.java:logGet(46)) - raft.grpc.server.leader.outstanding.appends.max = 8 (default)
2024-01-26 21:34:24,739 [0454455d-17b5-4798-9ce3-34e4ad079dd1@group-49351C4FF157-LeaderElection27] INFO  server.RaftServerConfigKeys (ConfUtils.java:logGet(46)) - raft.server.rpc.request.timeout = 60s (custom)
2024-01-26 21:34:24,739 [0454455d-17b5-4798-9ce3-34e4ad079dd1@group-49351C4FF157-LeaderElection27] INFO  grpc.GrpcConfigKeys (ConfUtils.java:logGet(46)) - raft.grpc.server.install_snapshot.request.element-limit = 8 (default)
2024-01-26 21:34:24,739 [0454455d-17b5-4798-9ce3-34e4ad079dd1@group-49351C4FF157-LeaderElection27] INFO  grpc.GrpcConfigKeys (ConfUtils.java:logGet(46)) - raft.grpc.server.install_snapshot.request.timeout = 3000ms (default)
2024-01-26 21:34:24,739 [0454455d-17b5-4798-9ce3-34e4ad079dd1@group-49351C4FF157-LeaderElection27] INFO  grpc.GrpcConfigKeys (ConfUtils.java:logGet(46)) - raft.grpc.server.log-message.batch.duration = 5s (default)
2024-01-26 21:34:24,739 [0454455d-17b5-4798-9ce3-34e4ad079dd1@group-49351C4FF157-LeaderElection27] INFO  server.RaftServerConfigKeys (ConfUtils.java:logGet(46)) - raft.server.log.appender.install.snapshot.enabled = false (custom)
2024-01-26 21:34:24,739 [0454455d-17b5-4798-9ce3-34e4ad079dd1@group-49351C4FF157-LeaderElection27] INFO  grpc.GrpcConfigKeys (ConfUtils.java:logGet(46)) - raft.grpc.server.heartbeat.channel = true (default)
2024-01-26 21:34:24,740 [0454455d-17b5-4798-9ce3-34e4ad079dd1@group-49351C4FF157-LeaderElection27] INFO  impl.RoleInfo (RoleInfo.java:updateAndGet(139)) - 0454455d-17b5-4798-9ce3-34e4ad079dd1: start 0454455d-17b5-4798-9ce3-34e4ad079dd1@group-49351C4FF157-LeaderStateImpl
2024-01-26 21:34:24,740 [0454455d-17b5-4798-9ce3-34e4ad079dd1@group-49351C4FF157-LeaderElection27] INFO  server.RaftServer$Division (RaftServerImpl.java:setFirstElection(574)) - 0454455d-17b5-4798-9ce3-34e4ad079dd1@group-49351C4FF157: set firstElectionSinceStartup to false for becomeLeader
2024-01-26 21:34:24,740 [0454455d-17b5-4798-9ce3-34e4ad079dd1@group-49351C4FF157-LeaderElection27] INFO  ratis.XceiverServerRatis (XceiverServerRatis.java:handleLeaderChangedNotification(945)) - Leader change notification received for group: group-49351C4FF157 with new leaderId: 0454455d-17b5-4798-9ce3-34e4ad079dd1
2024-01-26 21:34:24,739 [8aa6f495-09ad-4a32-951c-60d46ecfa148@group-2F9F6A9E053B-LeaderElection29] INFO  server.RaftServer$Division (ServerState.java:setRaftConf(386)) - 8aa6f495-09ad-4a32-951c-60d46ecfa148@group-2F9F6A9E053B: set configuration 0: peers:[0454455d-17b5-4798-9ce3-34e4ad079dd1|10.1.0.5:15104, 8aa6f495-09ad-4a32-951c-60d46ecfa148|10.1.0.5:15113, cb9b1e06-b28b-4c4f-b19c-04e0cd8d01c6|10.1.0.5:15095]|listeners:[], old=null
2024-01-26 21:34:24,740 [0454455d-17b5-4798-9ce3-34e4ad079dd1@group-49351C4FF157-LeaderElection27] INFO  server.RaftServer$Division (ServerState.java:setLeader(269)) - 0454455d-17b5-4798-9ce3-34e4ad079dd1@group-49351C4FF157: change Leader from null to 0454455d-17b5-4798-9ce3-34e4ad079dd1 at term 1 for becomeLeader, leader elected after 5354ms
2024-01-26 21:34:24,740 [0454455d-17b5-4798-9ce3-34e4ad079dd1@group-49351C4FF157-LeaderElection27] INFO  segmented.SegmentedRaftLogWorker (SegmentedRaftLogWorker.java:startLogSegment(430)) - 0454455d-17b5-4798-9ce3-34e4ad079dd1@group-49351C4FF157-SegmentedRaftLogWorker: Starting segment from index:0
2024-01-26 21:34:24,741 [0454455d-17b5-4798-9ce3-34e4ad079dd1@group-49351C4FF157-LeaderElection27] INFO  server.RaftServer$Division (ServerState.java:setRaftConf(386)) - 0454455d-17b5-4798-9ce3-34e4ad079dd1@group-49351C4FF157: set configuration 0: peers:[0454455d-17b5-4798-9ce3-34e4ad079dd1|10.1.0.5:15104, 8aa6f495-09ad-4a32-951c-60d46ecfa148|10.1.0.5:15113, cb9b1e06-b28b-4c4f-b19c-04e0cd8d01c6|10.1.0.5:15095]|listeners:[], old=null
2024-01-26 21:34:24,741 [0454455d-17b5-4798-9ce3-34e4ad079dd1@group-49351C4FF157-SegmentedRaftLogWorker] INFO  segmented.BufferedWriteChannel (BufferedWriteChannel.java:open(62)) - open log_inprogress_0 at position 0
2024-01-26 21:34:24,742 [EventQueue-PipelineReportForPipelineReportHandler] INFO  pipeline.PipelineReportHandler (PipelineReportHandler.java:processPipelineReport(136)) - Opened pipeline PipelineID=4aca9b40-dc49-428a-91da-2f9f6a9e053b
2024-01-26 21:34:24,743 [EventQueue-PipelineReportForPipelineReportHandler] INFO  pipeline.PipelineReportHandler (PipelineReportHandler.java:processPipelineReport(136)) - Opened pipeline PipelineID=a503c7e2-affd-4241-bb23-49351c4ff157
2024-01-26 21:34:24,746 [8941232b-d533-4e67-b9a7-e63de09e5ea8@group-FC45B38D37D3-SegmentedRaftLogWorker] INFO  segmented.SegmentedRaftLogWorker (SegmentedRaftLogWorker.java:execute(634)) - 8941232b-d533-4e67-b9a7-e63de09e5ea8@group-FC45B38D37D3-SegmentedRaftLogWorker: created new log segment /home/runner/work/ozone/ozone/hadoop-ozone/integration-test/target/test-dir/MiniOzoneClusterImpl-1af845c4-9ad0-4304-ad21-7f4426eccdbd/datanode-13/data/ratis/239c2549-daae-4ea3-8849-fc45b38d37d3/current/log_inprogress_0
2024-01-26 21:34:24,758 [0454455d-17b5-4798-9ce3-34e4ad079dd1@group-49351C4FF157-SegmentedRaftLogWorker] INFO  segmented.SegmentedRaftLogWorker (SegmentedRaftLogWorker.java:execute(634)) - 0454455d-17b5-4798-9ce3-34e4ad079dd1@group-49351C4FF157-SegmentedRaftLogWorker: created new log segment /home/runner/work/ozone/ozone/hadoop-ozone/integration-test/target/test-dir/MiniOzoneClusterImpl-1af845c4-9ad0-4304-ad21-7f4426eccdbd/datanode-10/data/ratis/a503c7e2-affd-4241-bb23-49351c4ff157/current/log_inprogress_0
2024-01-26 21:34:24,758 [8aa6f495-09ad-4a32-951c-60d46ecfa148-server-thread1] INFO  ratis.XceiverServerRatis (XceiverServerRatis.java:handleLeaderChangedNotification(945)) - Leader change notification received for group: group-49351C4FF157 with new leaderId: 0454455d-17b5-4798-9ce3-34e4ad079dd1
2024-01-26 21:34:24,759 [8aa6f495-09ad-4a32-951c-60d46ecfa148-server-thread1] INFO  server.RaftServer$Division (ServerState.java:setLeader(269)) - 8aa6f495-09ad-4a32-951c-60d46ecfa148@group-49351C4FF157: change Leader from null to 0454455d-17b5-4798-9ce3-34e4ad079dd1 at term 1 for appendEntries, leader elected after 5404ms
2024-01-26 21:34:24,760 [8aa6f495-09ad-4a32-951c-60d46ecfa148-server-thread2] INFO  server.RaftServer$Division (ServerState.java:setRaftConf(386)) - 8aa6f495-09ad-4a32-951c-60d46ecfa148@group-49351C4FF157: set configuration 0: peers:[0454455d-17b5-4798-9ce3-34e4ad079dd1|10.1.0.5:15104, 8aa6f495-09ad-4a32-951c-60d46ecfa148|10.1.0.5:15113, cb9b1e06-b28b-4c4f-b19c-04e0cd8d01c6|10.1.0.5:15095]|listeners:[], old=null
2024-01-26 21:34:24,760 [8aa6f495-09ad-4a32-951c-60d46ecfa148-server-thread2] INFO  segmented.SegmentedRaftLogWorker (SegmentedRaftLogWorker.java:startLogSegment(430)) - 8aa6f495-09ad-4a32-951c-60d46ecfa148@group-49351C4FF157-SegmentedRaftLogWorker: Starting segment from index:0
2024-01-26 21:34:24,761 [8aa6f495-09ad-4a32-951c-60d46ecfa148@group-2F9F6A9E053B-SegmentedRaftLogWorker] INFO  segmented.SegmentedRaftLogWorker (SegmentedRaftLogWorker.java:execute(634)) - 8aa6f495-09ad-4a32-951c-60d46ecfa148@group-2F9F6A9E053B-SegmentedRaftLogWorker: created new log segment /home/runner/work/ozone/ozone/hadoop-ozone/integration-test/target/test-dir/MiniOzoneClusterImpl-1af845c4-9ad0-4304-ad21-7f4426eccdbd/datanode-11/data/ratis/4aca9b40-dc49-428a-91da-2f9f6a9e053b/current/log_inprogress_0
2024-01-26 21:34:24,768 [8941232b-d533-4e67-b9a7-e63de09e5ea8@group-FC45B38D37D3-StateMachineUpdater] INFO  server.RaftServer$Division (LeaderStateImpl.java:isApplied(320)) - leader is ready since appliedIndex == 0 >= startIndex == 0
2024-01-26 21:34:24,770 [main] INFO  impl.MetricsSystemImpl (MetricsSystemImpl.java:init(158)) - XceiverClientMetrics metrics system started (again)
2024-01-26 21:34:24,771 [main] INFO  lib.Interns (Interns.java:removeEldestEntry(50)) - Metrics intern cache overflow at 2011 for MetricsSystem={MetricsSystem=MetricsInfoImpl{name=MetricsSystem, description=MetricsSystem}, MetricsSystem record=MetricsInfoImpl{name=MetricsSystem, description=MetricsSystem record}}
2024-01-26 21:34:24,773 [0454455d-17b5-4798-9ce3-34e4ad079dd1-server-thread1] INFO  ratis.XceiverServerRatis (XceiverServerRatis.java:handleLeaderChangedNotification(945)) - Leader change notification received for group: group-2F9F6A9E053B with new leaderId: 8aa6f495-09ad-4a32-951c-60d46ecfa148
2024-01-26 21:34:24,773 [0454455d-17b5-4798-9ce3-34e4ad079dd1-server-thread1] INFO  server.RaftServer$Division (ServerState.java:setLeader(269)) - 0454455d-17b5-4798-9ce3-34e4ad079dd1@group-2F9F6A9E053B: change Leader from null to 8aa6f495-09ad-4a32-951c-60d46ecfa148 at term 1 for appendEntries, leader elected after 5606ms
2024-01-26 21:34:24,775 [8aa6f495-09ad-4a32-951c-60d46ecfa148@group-49351C4FF157-SegmentedRaftLogWorker] INFO  segmented.BufferedWriteChannel (BufferedWriteChannel.java:open(62)) - open log_inprogress_0 at position 0
2024-01-26 21:34:24,787 [cb9b1e06-b28b-4c4f-b19c-04e0cd8d01c6-server-thread1] INFO  ratis.XceiverServerRatis (XceiverServerRatis.java:handleLeaderChangedNotification(945)) - Leader change notification received for group: group-2F9F6A9E053B with new leaderId: 8aa6f495-09ad-4a32-951c-60d46ecfa148
2024-01-26 21:34:24,787 [cb9b1e06-b28b-4c4f-b19c-04e0cd8d01c6-server-thread1] INFO  server.RaftServer$Division (ServerState.java:setLeader(269)) - cb9b1e06-b28b-4c4f-b19c-04e0cd8d01c6@group-2F9F6A9E053B: change Leader from null to 8aa6f495-09ad-4a32-951c-60d46ecfa148 at term 1 for appendEntries, leader elected after 5632ms
2024-01-26 21:34:24,788 [cb9b1e06-b28b-4c4f-b19c-04e0cd8d01c6-server-thread1] INFO  server.RaftServer$Division (ServerState.java:setRaftConf(386)) - cb9b1e06-b28b-4c4f-b19c-04e0cd8d01c6@group-2F9F6A9E053B: set configuration 0: peers:[0454455d-17b5-4798-9ce3-34e4ad079dd1|10.1.0.5:15104, 8aa6f495-09ad-4a32-951c-60d46ecfa148|10.1.0.5:15113, cb9b1e06-b28b-4c4f-b19c-04e0cd8d01c6|10.1.0.5:15095]|listeners:[], old=null
2024-01-26 21:34:24,788 [cb9b1e06-b28b-4c4f-b19c-04e0cd8d01c6-server-thread1] INFO  segmented.SegmentedRaftLogWorker (SegmentedRaftLogWorker.java:startLogSegment(430)) - cb9b1e06-b28b-4c4f-b19c-04e0cd8d01c6@group-2F9F6A9E053B-SegmentedRaftLogWorker: Starting segment from index:0
2024-01-26 21:34:24,790 [8aa6f495-09ad-4a32-951c-60d46ecfa148@group-49351C4FF157-SegmentedRaftLogWorker] INFO  segmented.SegmentedRaftLogWorker (SegmentedRaftLogWorker.java:execute(634)) - 8aa6f495-09ad-4a32-951c-60d46ecfa148@group-49351C4FF157-SegmentedRaftLogWorker: created new log segment /home/runner/work/ozone/ozone/hadoop-ozone/integration-test/target/test-dir/MiniOzoneClusterImpl-1af845c4-9ad0-4304-ad21-7f4426eccdbd/datanode-11/data/ratis/a503c7e2-affd-4241-bb23-49351c4ff157/current/log_inprogress_0
2024-01-26 21:34:24,793 [cb9b1e06-b28b-4c4f-b19c-04e0cd8d01c6-server-thread1] INFO  ratis.XceiverServerRatis (XceiverServerRatis.java:handleLeaderChangedNotification(945)) - Leader change notification received for group: group-49351C4FF157 with new leaderId: 0454455d-17b5-4798-9ce3-34e4ad079dd1
2024-01-26 21:34:24,794 [cb9b1e06-b28b-4c4f-b19c-04e0cd8d01c6-server-thread1] INFO  server.RaftServer$Division (ServerState.java:setLeader(269)) - cb9b1e06-b28b-4c4f-b19c-04e0cd8d01c6@group-49351C4FF157: change Leader from null to 0454455d-17b5-4798-9ce3-34e4ad079dd1 at term 1 for appendEntries, leader elected after 5324ms
2024-01-26 21:34:24,794 [0454455d-17b5-4798-9ce3-34e4ad079dd1-server-thread2] INFO  server.RaftServer$Division (ServerState.java:setRaftConf(386)) - 0454455d-17b5-4798-9ce3-34e4ad079dd1@group-2F9F6A9E053B: set configuration 0: peers:[0454455d-17b5-4798-9ce3-34e4ad079dd1|10.1.0.5:15104, 8aa6f495-09ad-4a32-951c-60d46ecfa148|10.1.0.5:15113, cb9b1e06-b28b-4c4f-b19c-04e0cd8d01c6|10.1.0.5:15095]|listeners:[], old=null
2024-01-26 21:34:24,794 [cb9b1e06-b28b-4c4f-b19c-04e0cd8d01c6-server-thread1] INFO  server.RaftServer$Division (ServerState.java:setRaftConf(386)) - cb9b1e06-b28b-4c4f-b19c-04e0cd8d01c6@group-49351C4FF157: set configuration 0: peers:[0454455d-17b5-4798-9ce3-34e4ad079dd1|10.1.0.5:15104, 8aa6f495-09ad-4a32-951c-60d46ecfa148|10.1.0.5:15113, cb9b1e06-b28b-4c4f-b19c-04e0cd8d01c6|10.1.0.5:15095]|listeners:[], old=null
2024-01-26 21:34:24,794 [cb9b1e06-b28b-4c4f-b19c-04e0cd8d01c6-server-thread1] INFO  segmented.SegmentedRaftLogWorker (SegmentedRaftLogWorker.java:startLogSegment(430)) - cb9b1e06-b28b-4c4f-b19c-04e0cd8d01c6@group-49351C4FF157-SegmentedRaftLogWorker: Starting segment from index:0
2024-01-26 21:34:24,794 [0454455d-17b5-4798-9ce3-34e4ad079dd1-server-thread2] INFO  segmented.SegmentedRaftLogWorker (SegmentedRaftLogWorker.java:startLogSegment(430)) - 0454455d-17b5-4798-9ce3-34e4ad079dd1@group-2F9F6A9E053B-SegmentedRaftLogWorker: Starting segment from index:0
2024-01-26 21:34:24,798 [0454455d-17b5-4798-9ce3-34e4ad079dd1@group-49351C4FF157-StateMachineUpdater] INFO  server.RaftServer$Division (LeaderStateImpl.java:isApplied(320)) - leader is ready since appliedIndex == 0 >= startIndex == 0
2024-01-26 21:34:24,795 [cb9b1e06-b28b-4c4f-b19c-04e0cd8d01c6@group-2F9F6A9E053B-SegmentedRaftLogWorker] INFO  segmented.BufferedWriteChannel (BufferedWriteChannel.java:open(62)) - open log_inprogress_0 at position 0
2024-01-26 21:34:24,798 [0454455d-17b5-4798-9ce3-34e4ad079dd1@group-2F9F6A9E053B-SegmentedRaftLogWorker] INFO  segmented.BufferedWriteChannel (BufferedWriteChannel.java:open(62)) - open log_inprogress_0 at position 0
2024-01-26 21:34:24,800 [cb9b1e06-b28b-4c4f-b19c-04e0cd8d01c6@group-49351C4FF157-SegmentedRaftLogWorker] INFO  segmented.BufferedWriteChannel (BufferedWriteChannel.java:open(62)) - open log_inprogress_0 at position 0
2024-01-26 21:34:24,812 [cb9b1e06-b28b-4c4f-b19c-04e0cd8d01c6@group-2F9F6A9E053B-SegmentedRaftLogWorker] INFO  segmented.SegmentedRaftLogWorker (SegmentedRaftLogWorker.java:execute(634)) - cb9b1e06-b28b-4c4f-b19c-04e0cd8d01c6@group-2F9F6A9E053B-SegmentedRaftLogWorker: created new log segment /home/runner/work/ozone/ozone/hadoop-ozone/integration-test/target/test-dir/MiniOzoneClusterImpl-1af845c4-9ad0-4304-ad21-7f4426eccdbd/datanode-9/data/ratis/4aca9b40-dc49-428a-91da-2f9f6a9e053b/current/log_inprogress_0
2024-01-26 21:34:24,813 [0454455d-17b5-4798-9ce3-34e4ad079dd1@group-2F9F6A9E053B-SegmentedRaftLogWorker] INFO  segmented.SegmentedRaftLogWorker (SegmentedRaftLogWorker.java:execute(634)) - 0454455d-17b5-4798-9ce3-34e4ad079dd1@group-2F9F6A9E053B-SegmentedRaftLogWorker: created new log segment /home/runner/work/ozone/ozone/hadoop-ozone/integration-test/target/test-dir/MiniOzoneClusterImpl-1af845c4-9ad0-4304-ad21-7f4426eccdbd/datanode-10/data/ratis/4aca9b40-dc49-428a-91da-2f9f6a9e053b/current/log_inprogress_0
2024-01-26 21:34:24,813 [cb9b1e06-b28b-4c4f-b19c-04e0cd8d01c6@group-49351C4FF157-SegmentedRaftLogWorker] INFO  segmented.SegmentedRaftLogWorker (SegmentedRaftLogWorker.java:execute(634)) - cb9b1e06-b28b-4c4f-b19c-04e0cd8d01c6@group-49351C4FF157-SegmentedRaftLogWorker: created new log segment /home/runner/work/ozone/ozone/hadoop-ozone/integration-test/target/test-dir/MiniOzoneClusterImpl-1af845c4-9ad0-4304-ad21-7f4426eccdbd/datanode-9/data/ratis/a503c7e2-affd-4241-bb23-49351c4ff157/current/log_inprogress_0
2024-01-26 21:34:24,817 [8aa6f495-09ad-4a32-951c-60d46ecfa148@group-2F9F6A9E053B-StateMachineUpdater] INFO  server.RaftServer$Division (LeaderStateImpl.java:isApplied(320)) - leader is ready since appliedIndex == 0 >= startIndex == 0
]]></system-out>
  </testcase>
  <testcase name="bucketUsedBytesOverWrite(BucketLayout)[2]" classname="org.apache.hadoop.ozone.client.rpc.TestSecureOzoneRpcClient" time="0.108">
    <system-out><![CDATA[2024-01-26 21:34:25,055 [main] INFO  rpc.RpcClient (RpcClient.java:createVolume(456)) - Creating Volume: cc94e641-9467-4c2c-80c6-b072fb7d3e49, with runner as owner and space quota set to -1 bytes, counts quota set to -1
2024-01-26 21:34:25,058 [om1-OMStateMachineApplyTransactionThread - 0] INFO  volume.OMVolumeCreateRequest (OMVolumeCreateRequest.java:validateAndUpdateCache(198)) - created volume:cc94e641-9467-4c2c-80c6-b072fb7d3e49 for user:runner
2024-01-26 21:34:25,061 [main] INFO  rpc.RpcClient (RpcClient.java:createBucket(683)) - Creating Bucket: cc94e641-9467-4c2c-80c6-b072fb7d3e49/e03871f4-a4f1-4a7d-8021-888cfecb3616, with bucket layout LEGACY, runner as owner, Versioning true, Storage Type set to DISK and Encryption set to false, Replication Type set to server-side default replication type, Namespace Quota set to -1, Space Quota set to -1 
2024-01-26 21:34:25,065 [om1-OMStateMachineApplyTransactionThread - 0] INFO  bucket.OMBucketCreateRequest (OMBucketCreateRequest.java:validateAndUpdateCache(292)) - created bucket: e03871f4-a4f1-4a7d-8021-888cfecb3616 of layout LEGACY in volume: cc94e641-9467-4c2c-80c6-b072fb7d3e49
]]></system-out>
  </testcase>
  <testcase name="bucketUsedBytesOverWrite(BucketLayout)[3]" classname="org.apache.hadoop.ozone.client.rpc.TestSecureOzoneRpcClient" time="0.112">
    <system-out><![CDATA[2024-01-26 21:34:25,164 [main] INFO  rpc.RpcClient (RpcClient.java:createVolume(456)) - Creating Volume: 3cd0082e-d70a-4159-8faf-b10b2b09576d, with runner as owner and space quota set to -1 bytes, counts quota set to -1
2024-01-26 21:34:25,167 [om1-OMStateMachineApplyTransactionThread - 0] INFO  volume.OMVolumeCreateRequest (OMVolumeCreateRequest.java:validateAndUpdateCache(198)) - created volume:3cd0082e-d70a-4159-8faf-b10b2b09576d for user:runner
2024-01-26 21:34:25,169 [main] INFO  rpc.RpcClient (RpcClient.java:createBucket(683)) - Creating Bucket: 3cd0082e-d70a-4159-8faf-b10b2b09576d/f4a37222-31e0-41a4-a183-9b724130e930, with bucket layout FILE_SYSTEM_OPTIMIZED, runner as owner, Versioning true, Storage Type set to DISK and Encryption set to false, Replication Type set to server-side default replication type, Namespace Quota set to -1, Space Quota set to -1 
2024-01-26 21:34:25,172 [om1-OMStateMachineApplyTransactionThread - 0] INFO  bucket.OMBucketCreateRequest (OMBucketCreateRequest.java:validateAndUpdateCache(292)) - created bucket: f4a37222-31e0-41a4-a183-9b724130e930 of layout FILE_SYSTEM_OPTIMIZED in volume: 3cd0082e-d70a-4159-8faf-b10b2b09576d
]]></system-out>
  </testcase>
  <testcase name="testAbortUploadFail" classname="org.apache.hadoop.ozone.client.rpc.TestSecureOzoneRpcClient" time="0.031">
    <system-out><![CDATA[2024-01-26 21:34:25,277 [main] INFO  rpc.RpcClient (RpcClient.java:createVolume(456)) - Creating Volume: 72f050e0-2b72-47da-8592-1293d4c4120d, with runner as owner and space quota set to -1 bytes, counts quota set to -1
2024-01-26 21:34:25,279 [om1-OMStateMachineApplyTransactionThread - 0] INFO  volume.OMVolumeCreateRequest (OMVolumeCreateRequest.java:validateAndUpdateCache(198)) - created volume:72f050e0-2b72-47da-8592-1293d4c4120d for user:runner
2024-01-26 21:34:25,282 [main] INFO  rpc.RpcClient (RpcClient.java:createBucket(683)) - Creating Bucket: 72f050e0-2b72-47da-8592-1293d4c4120d/d346e24b-f89d-4b55-ac9e-9638693d2e4b, with server-side default bucket layout, runner as owner, Versioning false, Storage Type set to DISK and Encryption set to false, Replication Type set to server-side default replication type, Namespace Quota set to -1, Space Quota set to -1 
2024-01-26 21:34:25,284 [om1-OMStateMachineApplyTransactionThread - 0] INFO  bucket.OMBucketCreateRequest (OMBucketCreateRequest.java:validateAndUpdateCache(292)) - created bucket: d346e24b-f89d-4b55-ac9e-9638693d2e4b of layout OBJECT_STORE in volume: 72f050e0-2b72-47da-8592-1293d4c4120d
21:34:25.297 [om1-OMStateMachineApplyTransactionThread - 0] ERROR OMAudit - user=runner | ip=127.0.0.1 | op=ABORT_MULTIPART_UPLOAD {volume=72f050e0-2b72-47da-8592-1293d4c4120d, bucket=d346e24b-f89d-4b55-ac9e-9638693d2e4b, key=5b9e0b8c-e4f9-4f0d-b76d-a2a963f7518f, dataSize=0, replicationType=NONE, replicationFactor=ZERO} | ret=FAILURE
org.apache.hadoop.ozone.om.exceptions.OMException: Abort Multipart Upload Failed: volume: 72f050e0-2b72-47da-8592-1293d4c4120dbucket: d346e24b-f89d-4b55-ac9e-9638693d2e4bkey: 5b9e0b8c-e4f9-4f0d-b76d-a2a963f7518f
	at org.apache.hadoop.ozone.om.request.s3.multipart.S3MultipartUploadAbortRequest.validateAndUpdateCache(S3MultipartUploadAbortRequest.java:158) ~[ozone-manager-1.5.0-SNAPSHOT.jar:?]
	at org.apache.hadoop.ozone.protocolPB.OzoneManagerRequestHandler.lambda$0(OzoneManagerRequestHandler.java:403) ~[ozone-manager-1.5.0-SNAPSHOT.jar:?]
	at org.apache.hadoop.util.MetricUtil.captureLatencyNs(MetricUtil.java:45) ~[hdds-common-1.5.0-SNAPSHOT.jar:?]
	at org.apache.hadoop.ozone.protocolPB.OzoneManagerRequestHandler.handleWriteRequest(OzoneManagerRequestHandler.java:399) ~[ozone-manager-1.5.0-SNAPSHOT.jar:?]
	at org.apache.hadoop.ozone.om.ratis.OzoneManagerStateMachine.runCommand(OzoneManagerStateMachine.java:527) ~[ozone-manager-1.5.0-SNAPSHOT.jar:?]
	at org.apache.hadoop.ozone.om.ratis.OzoneManagerStateMachine.lambda$1(OzoneManagerStateMachine.java:345) ~[ozone-manager-1.5.0-SNAPSHOT.jar:?]
	at java.util.concurrent.CompletableFuture$AsyncSupply.run(CompletableFuture.java:1604) [?:1.8.0_392]
	at java.util.concurrent.ThreadPoolExecutor.runWorker(ThreadPoolExecutor.java:1149) [?:1.8.0_392]
	at java.util.concurrent.ThreadPoolExecutor$Worker.run(ThreadPoolExecutor.java:624) [?:1.8.0_392]
	at java.lang.Thread.run(Thread.java:750) [?:1.8.0_392]
2024-01-26 21:34:25,305 [om1-OMStateMachineApplyTransactionThread - 0] ERROR multipart.S3MultipartUploadAbortRequest (S3MultipartUploadAbortRequest.java:validateAndUpdateCache(218)) - Abort Multipart request is failed for KeyName 5b9e0b8c-e4f9-4f0d-b76d-a2a963f7518f in VolumeName/Bucket 72f050e0-2b72-47da-8592-1293d4c4120d/d346e24b-f89d-4b55-ac9e-9638693d2e4b
NO_SUCH_MULTIPART_UPLOAD_ERROR org.apache.hadoop.ozone.om.exceptions.OMException: Abort Multipart Upload Failed: volume: 72f050e0-2b72-47da-8592-1293d4c4120dbucket: d346e24b-f89d-4b55-ac9e-9638693d2e4bkey: 5b9e0b8c-e4f9-4f0d-b76d-a2a963f7518f
	at org.apache.hadoop.ozone.om.request.s3.multipart.S3MultipartUploadAbortRequest.validateAndUpdateCache(S3MultipartUploadAbortRequest.java:158)
	at org.apache.hadoop.ozone.protocolPB.OzoneManagerRequestHandler.lambda$0(OzoneManagerRequestHandler.java:403)
	at org.apache.hadoop.util.MetricUtil.captureLatencyNs(MetricUtil.java:45)
	at org.apache.hadoop.ozone.protocolPB.OzoneManagerRequestHandler.handleWriteRequest(OzoneManagerRequestHandler.java:399)
	at org.apache.hadoop.ozone.om.ratis.OzoneManagerStateMachine.runCommand(OzoneManagerStateMachine.java:527)
	at org.apache.hadoop.ozone.om.ratis.OzoneManagerStateMachine.lambda$1(OzoneManagerStateMachine.java:345)
	at java.util.concurrent.CompletableFuture$AsyncSupply.run(CompletableFuture.java:1604)
	at java.util.concurrent.ThreadPoolExecutor.runWorker(ThreadPoolExecutor.java:1149)
	at java.util.concurrent.ThreadPoolExecutor$Worker.run(ThreadPoolExecutor.java:624)
	at java.lang.Thread.run(Thread.java:750)
]]></system-out>
  </testcase>
  <testcase name="testAbortUploadFailWithInProgressPartUpload" classname="org.apache.hadoop.ozone.client.rpc.TestSecureOzoneRpcClient" time="0.076">
    <system-out><![CDATA[2024-01-26 21:34:25,315 [main] INFO  rpc.RpcClient (RpcClient.java:createVolume(456)) - Creating Volume: 14cc9c50-063d-4769-8c38-71d7dc7f8bd1, with runner as owner and space quota set to -1 bytes, counts quota set to -1
2024-01-26 21:34:25,317 [om1-OMStateMachineApplyTransactionThread - 0] INFO  volume.OMVolumeCreateRequest (OMVolumeCreateRequest.java:validateAndUpdateCache(198)) - created volume:14cc9c50-063d-4769-8c38-71d7dc7f8bd1 for user:runner
2024-01-26 21:34:25,320 [main] INFO  rpc.RpcClient (RpcClient.java:createBucket(683)) - Creating Bucket: 14cc9c50-063d-4769-8c38-71d7dc7f8bd1/a4a83f16-2020-4c13-8068-4e7ec1d4bad8, with server-side default bucket layout, runner as owner, Versioning false, Storage Type set to DISK and Encryption set to false, Replication Type set to server-side default replication type, Namespace Quota set to -1, Space Quota set to -1 
2024-01-26 21:34:25,322 [om1-OMStateMachineApplyTransactionThread - 0] INFO  bucket.OMBucketCreateRequest (OMBucketCreateRequest.java:validateAndUpdateCache(292)) - created bucket: a4a83f16-2020-4c13-8068-4e7ec1d4bad8 of layout OBJECT_STORE in volume: 14cc9c50-063d-4769-8c38-71d7dc7f8bd1
21:34:25.380 [om1-OMStateMachineApplyTransactionThread - 0] ERROR OMAudit - user=runner | ip=127.0.0.1 | op=COMMIT_MULTIPART_UPLOAD_PARTKEY {volume=14cc9c50-063d-4769-8c38-71d7dc7f8bd1, bucket=a4a83f16-2020-4c13-8068-4e7ec1d4bad8, key=32b1ff9c-af4e-4e2e-b7e6-104e3bd9f1c2, dataSize=4, replicationType=NONE, replicationFactor=ZERO, partNumber=1, partName=/14cc9c50-063d-4769-8c38-71d7dc7f8bd1/a4a83f16-2020-4c13-8068-4e7ec1d4bad8/32b1ff9c-af4e-4e2e-b7e6-104e3bd9f1c2-c2e148a0-5c69-4bb2-9ad8-1953466ac0cd-111824395654266887-1} | ret=FAILURE
org.apache.hadoop.ozone.om.exceptions.OMException: No such Multipart upload is with specified uploadId c2e148a0-5c69-4bb2-9ad8-1953466ac0cd-111824395654266887
	at org.apache.hadoop.ozone.om.request.s3.multipart.S3MultipartUploadCommitPartRequest.validateAndUpdateCache(S3MultipartUploadCommitPartRequest.java:190) ~[ozone-manager-1.5.0-SNAPSHOT.jar:?]
	at org.apache.hadoop.ozone.protocolPB.OzoneManagerRequestHandler.lambda$0(OzoneManagerRequestHandler.java:403) ~[ozone-manager-1.5.0-SNAPSHOT.jar:?]
	at org.apache.hadoop.util.MetricUtil.captureLatencyNs(MetricUtil.java:45) ~[hdds-common-1.5.0-SNAPSHOT.jar:?]
	at org.apache.hadoop.ozone.protocolPB.OzoneManagerRequestHandler.handleWriteRequest(OzoneManagerRequestHandler.java:399) ~[ozone-manager-1.5.0-SNAPSHOT.jar:?]
	at org.apache.hadoop.ozone.om.ratis.OzoneManagerStateMachine.runCommand(OzoneManagerStateMachine.java:527) ~[ozone-manager-1.5.0-SNAPSHOT.jar:?]
	at org.apache.hadoop.ozone.om.ratis.OzoneManagerStateMachine.lambda$1(OzoneManagerStateMachine.java:345) ~[ozone-manager-1.5.0-SNAPSHOT.jar:?]
	at java.util.concurrent.CompletableFuture$AsyncSupply.run(CompletableFuture.java:1604) [?:1.8.0_392]
	at java.util.concurrent.ThreadPoolExecutor.runWorker(ThreadPoolExecutor.java:1149) [?:1.8.0_392]
	at java.util.concurrent.ThreadPoolExecutor$Worker.run(ThreadPoolExecutor.java:624) [?:1.8.0_392]
	at java.lang.Thread.run(Thread.java:750) [?:1.8.0_392]
2024-01-26 21:34:25,380 [om1-OMStateMachineApplyTransactionThread - 0] ERROR multipart.S3MultipartUploadCommitPartRequest (S3MultipartUploadCommitPartRequest.java:logResult(330)) - MultipartUpload Commit is failed for Key:32b1ff9c-af4e-4e2e-b7e6-104e3bd9f1c2 in Volume/Bucket 14cc9c50-063d-4769-8c38-71d7dc7f8bd1/a4a83f16-2020-4c13-8068-4e7ec1d4bad8
NO_SUCH_MULTIPART_UPLOAD_ERROR org.apache.hadoop.ozone.om.exceptions.OMException: No such Multipart upload is with specified uploadId c2e148a0-5c69-4bb2-9ad8-1953466ac0cd-111824395654266887
	at org.apache.hadoop.ozone.om.request.s3.multipart.S3MultipartUploadCommitPartRequest.validateAndUpdateCache(S3MultipartUploadCommitPartRequest.java:190)
	at org.apache.hadoop.ozone.protocolPB.OzoneManagerRequestHandler.lambda$0(OzoneManagerRequestHandler.java:403)
	at org.apache.hadoop.util.MetricUtil.captureLatencyNs(MetricUtil.java:45)
	at org.apache.hadoop.ozone.protocolPB.OzoneManagerRequestHandler.handleWriteRequest(OzoneManagerRequestHandler.java:399)
	at org.apache.hadoop.ozone.om.ratis.OzoneManagerStateMachine.runCommand(OzoneManagerStateMachine.java:527)
	at org.apache.hadoop.ozone.om.ratis.OzoneManagerStateMachine.lambda$1(OzoneManagerStateMachine.java:345)
	at java.util.concurrent.CompletableFuture$AsyncSupply.run(CompletableFuture.java:1604)
	at java.util.concurrent.ThreadPoolExecutor.runWorker(ThreadPoolExecutor.java:1149)
	at java.util.concurrent.ThreadPoolExecutor$Worker.run(ThreadPoolExecutor.java:624)
	at java.lang.Thread.run(Thread.java:750)
]]></system-out>
  </testcase>
  <testcase name="testAbortUploadSuccessWithOutAnyParts" classname="org.apache.hadoop.ozone.client.rpc.TestSecureOzoneRpcClient" time="0.018">
    <system-out><![CDATA[2024-01-26 21:34:25,386 [main] INFO  rpc.RpcClient (RpcClient.java:createVolume(456)) - Creating Volume: 00a5936f-0526-4f08-9c55-2e5cf0669797, with runner as owner and space quota set to -1 bytes, counts quota set to -1
2024-01-26 21:34:25,388 [om1-OMStateMachineApplyTransactionThread - 0] INFO  volume.OMVolumeCreateRequest (OMVolumeCreateRequest.java:validateAndUpdateCache(198)) - created volume:00a5936f-0526-4f08-9c55-2e5cf0669797 for user:runner
2024-01-26 21:34:25,391 [main] INFO  rpc.RpcClient (RpcClient.java:createBucket(683)) - Creating Bucket: 00a5936f-0526-4f08-9c55-2e5cf0669797/5d5581d3-54aa-436b-b59c-f8d53c659a8a, with server-side default bucket layout, runner as owner, Versioning false, Storage Type set to DISK and Encryption set to false, Replication Type set to server-side default replication type, Namespace Quota set to -1, Space Quota set to -1 
2024-01-26 21:34:25,393 [om1-OMStateMachineApplyTransactionThread - 0] INFO  bucket.OMBucketCreateRequest (OMBucketCreateRequest.java:validateAndUpdateCache(292)) - created bucket: 5d5581d3-54aa-436b-b59c-f8d53c659a8a of layout OBJECT_STORE in volume: 00a5936f-0526-4f08-9c55-2e5cf0669797
]]></system-out>
  </testcase>
  <testcase name="testAbortUploadSuccessWithParts" classname="org.apache.hadoop.ozone.client.rpc.TestSecureOzoneRpcClient" time="0.062">
    <system-out><![CDATA[2024-01-26 21:34:25,404 [main] INFO  rpc.RpcClient (RpcClient.java:createVolume(456)) - Creating Volume: 52ac9046-7b66-4aa5-826d-828e8e7d395f, with runner as owner and space quota set to -1 bytes, counts quota set to -1
2024-01-26 21:34:25,406 [om1-OMStateMachineApplyTransactionThread - 0] INFO  volume.OMVolumeCreateRequest (OMVolumeCreateRequest.java:validateAndUpdateCache(198)) - created volume:52ac9046-7b66-4aa5-826d-828e8e7d395f for user:runner
2024-01-26 21:34:25,408 [main] INFO  rpc.RpcClient (RpcClient.java:createBucket(683)) - Creating Bucket: 52ac9046-7b66-4aa5-826d-828e8e7d395f/48bde7c5-cad1-441e-9f82-661e08079d99, with server-side default bucket layout, runner as owner, Versioning false, Storage Type set to DISK and Encryption set to false, Replication Type set to server-side default replication type, Namespace Quota set to -1, Space Quota set to -1 
2024-01-26 21:34:25,411 [om1-OMStateMachineApplyTransactionThread - 0] INFO  bucket.OMBucketCreateRequest (OMBucketCreateRequest.java:validateAndUpdateCache(292)) - created bucket: 48bde7c5-cad1-441e-9f82-661e08079d99 of layout OBJECT_STORE in volume: 52ac9046-7b66-4aa5-826d-828e8e7d395f
]]></system-out>
  </testcase>
  <testcase name="testAclsAfterCallingSetBucketProperty" classname="org.apache.hadoop.ozone.client.rpc.TestSecureOzoneRpcClient" time="0.033">
    <system-out><![CDATA[2024-01-26 21:34:25,467 [main] INFO  rpc.RpcClient (RpcClient.java:createVolume(456)) - Creating Volume: 1a48e05b-8230-4405-936c-d746b1b2ddca, with runner as owner and space quota set to -1 bytes, counts quota set to -1
2024-01-26 21:34:25,470 [om1-OMStateMachineApplyTransactionThread - 0] INFO  volume.OMVolumeCreateRequest (OMVolumeCreateRequest.java:validateAndUpdateCache(198)) - created volume:1a48e05b-8230-4405-936c-d746b1b2ddca for user:runner
2024-01-26 21:34:25,472 [main] INFO  rpc.RpcClient (RpcClient.java:createBucket(683)) - Creating Bucket: 1a48e05b-8230-4405-936c-d746b1b2ddca/ba669795-5b25-4093-b511-f6a9a6074145, with server-side default bucket layout, runner as owner, Versioning false, Storage Type set to DISK and Encryption set to false, Replication Type set to server-side default replication type, Namespace Quota set to -1, Space Quota set to -1 
2024-01-26 21:34:25,474 [om1-OMStateMachineApplyTransactionThread - 0] INFO  bucket.OMBucketCreateRequest (OMBucketCreateRequest.java:validateAndUpdateCache(292)) - created bucket: ba669795-5b25-4093-b511-f6a9a6074145 of layout OBJECT_STORE in volume: 1a48e05b-8230-4405-936c-d746b1b2ddca
]]></system-out>
  </testcase>
  <testcase name="testAddBucketAcl" classname="org.apache.hadoop.ozone.client.rpc.TestSecureOzoneRpcClient" time="0.056">
    <system-out><![CDATA[2024-01-26 21:34:25,501 [main] INFO  rpc.RpcClient (RpcClient.java:createVolume(456)) - Creating Volume: 82f7dd3b-a2a2-4d9a-86d7-fd5924919933, with runner as owner and space quota set to -1 bytes, counts quota set to -1
2024-01-26 21:34:25,504 [om1-OMStateMachineApplyTransactionThread - 0] INFO  volume.OMVolumeCreateRequest (OMVolumeCreateRequest.java:validateAndUpdateCache(198)) - created volume:82f7dd3b-a2a2-4d9a-86d7-fd5924919933 for user:runner
2024-01-26 21:34:25,506 [main] INFO  rpc.RpcClient (RpcClient.java:createBucket(683)) - Creating Bucket: 82f7dd3b-a2a2-4d9a-86d7-fd5924919933/e280fe39-f83d-4a9b-86a0-6e200c82201c, with server-side default bucket layout, runner as owner, Versioning false, Storage Type set to DISK and Encryption set to false, Replication Type set to server-side default replication type, Namespace Quota set to -1, Space Quota set to -1 
2024-01-26 21:34:25,508 [om1-OMStateMachineApplyTransactionThread - 0] INFO  bucket.OMBucketCreateRequest (OMBucketCreateRequest.java:validateAndUpdateCache(292)) - created bucket: e280fe39-f83d-4a9b-86a0-6e200c82201c of layout OBJECT_STORE in volume: 82f7dd3b-a2a2-4d9a-86d7-fd5924919933
]]></system-out>
  </testcase>
  <testcase name="testBucketQuota(ReplicationConfig)[1]" classname="org.apache.hadoop.ozone.client.rpc.TestSecureOzoneRpcClient" time="0.534">
    <system-out><![CDATA[2024-01-26 21:34:25,560 [main] INFO  rpc.RpcClient (RpcClient.java:createVolume(456)) - Creating Volume: 836818be-cbe5-4795-9384-925056350580, with runner as owner and space quota set to -1 bytes, counts quota set to -1
2024-01-26 21:34:25,563 [om1-OMStateMachineApplyTransactionThread - 0] INFO  volume.OMVolumeCreateRequest (OMVolumeCreateRequest.java:validateAndUpdateCache(198)) - created volume:836818be-cbe5-4795-9384-925056350580 for user:runner
2024-01-26 21:34:25,566 [main] INFO  rpc.RpcClient (RpcClient.java:createBucket(683)) - Creating Bucket: 836818be-cbe5-4795-9384-925056350580/f2acd195-c3e2-4f74-899f-7382798361f8, with server-side default bucket layout, runner as owner, Versioning false, Storage Type set to DISK and Encryption set to false, Replication Type set to server-side default replication type, Namespace Quota set to -1, Space Quota set to -1 
2024-01-26 21:34:25,569 [om1-OMStateMachineApplyTransactionThread - 0] INFO  bucket.OMBucketCreateRequest (OMBucketCreateRequest.java:validateAndUpdateCache(292)) - created bucket: f2acd195-c3e2-4f74-899f-7382798361f8 of layout OBJECT_STORE in volume: 836818be-cbe5-4795-9384-925056350580
2024-01-26 21:34:25,631 [main] INFO  rpc.RpcClient (RpcClient.java:createVolume(456)) - Creating Volume: 2f8a035d-7c28-477a-80f2-d612db32fa7c, with runner as owner and space quota set to -1 bytes, counts quota set to -1
2024-01-26 21:34:25,633 [om1-OMStateMachineApplyTransactionThread - 0] INFO  volume.OMVolumeCreateRequest (OMVolumeCreateRequest.java:validateAndUpdateCache(198)) - created volume:2f8a035d-7c28-477a-80f2-d612db32fa7c for user:runner
2024-01-26 21:34:25,635 [main] INFO  rpc.RpcClient (RpcClient.java:createBucket(683)) - Creating Bucket: 2f8a035d-7c28-477a-80f2-d612db32fa7c/ec58c1b2-3622-4cb5-a82a-28ac47deae03, with server-side default bucket layout, runner as owner, Versioning false, Storage Type set to DISK and Encryption set to false, Replication Type set to server-side default replication type, Namespace Quota set to -1, Space Quota set to -1 
2024-01-26 21:34:25,638 [om1-OMStateMachineApplyTransactionThread - 0] INFO  bucket.OMBucketCreateRequest (OMBucketCreateRequest.java:validateAndUpdateCache(292)) - created bucket: ec58c1b2-3622-4cb5-a82a-28ac47deae03 of layout OBJECT_STORE in volume: 2f8a035d-7c28-477a-80f2-d612db32fa7c
2024-01-26 21:34:25,729 [main] INFO  rpc.RpcClient (RpcClient.java:createVolume(456)) - Creating Volume: 846fface-53ce-4a78-ab57-816fd9cefe82, with runner as owner and space quota set to -1 bytes, counts quota set to -1
2024-01-26 21:34:25,731 [om1-OMStateMachineApplyTransactionThread - 0] INFO  volume.OMVolumeCreateRequest (OMVolumeCreateRequest.java:validateAndUpdateCache(198)) - created volume:846fface-53ce-4a78-ab57-816fd9cefe82 for user:runner
2024-01-26 21:34:25,733 [main] INFO  rpc.RpcClient (RpcClient.java:createBucket(683)) - Creating Bucket: 846fface-53ce-4a78-ab57-816fd9cefe82/81fc4a70-7814-4d04-8984-22c4033b4b25, with server-side default bucket layout, runner as owner, Versioning false, Storage Type set to DISK and Encryption set to false, Replication Type set to server-side default replication type, Namespace Quota set to -1, Space Quota set to -1 
2024-01-26 21:34:25,735 [om1-OMStateMachineApplyTransactionThread - 0] INFO  bucket.OMBucketCreateRequest (OMBucketCreateRequest.java:validateAndUpdateCache(292)) - created bucket: 81fc4a70-7814-4d04-8984-22c4033b4b25 of layout OBJECT_STORE in volume: 846fface-53ce-4a78-ab57-816fd9cefe82
2024-01-26 21:34:25,895 [main] INFO  rpc.RpcClient (RpcClient.java:createVolume(456)) - Creating Volume: 1f3e2b50-1575-4683-a014-073de3f541bd, with runner as owner and space quota set to -1 bytes, counts quota set to -1
2024-01-26 21:34:25,897 [om1-OMStateMachineApplyTransactionThread - 0] INFO  volume.OMVolumeCreateRequest (OMVolumeCreateRequest.java:validateAndUpdateCache(198)) - created volume:1f3e2b50-1575-4683-a014-073de3f541bd for user:runner
2024-01-26 21:34:25,899 [main] INFO  rpc.RpcClient (RpcClient.java:createBucket(683)) - Creating Bucket: 1f3e2b50-1575-4683-a014-073de3f541bd/ade04cb8-2067-4ae0-9ba0-06a6b87b8146, with server-side default bucket layout, runner as owner, Versioning false, Storage Type set to DISK and Encryption set to false, Replication Type set to server-side default replication type, Namespace Quota set to -1, Space Quota set to -1 
2024-01-26 21:34:25,901 [om1-OMStateMachineApplyTransactionThread - 0] INFO  bucket.OMBucketCreateRequest (OMBucketCreateRequest.java:validateAndUpdateCache(292)) - created bucket: ade04cb8-2067-4ae0-9ba0-06a6b87b8146 of layout OBJECT_STORE in volume: 1f3e2b50-1575-4683-a014-073de3f541bd
]]></system-out>
  </testcase>
  <testcase name="testBucketQuota(ReplicationConfig)[2]" classname="org.apache.hadoop.ozone.client.rpc.TestSecureOzoneRpcClient" time="2.681">
    <system-out><![CDATA[2024-01-26 21:34:26,096 [main] INFO  rpc.RpcClient (RpcClient.java:createVolume(456)) - Creating Volume: 3c407dff-b4a2-4856-ab7d-704e0b9e0d7a, with runner as owner and space quota set to -1 bytes, counts quota set to -1
2024-01-26 21:34:26,099 [om1-OMStateMachineApplyTransactionThread - 0] INFO  volume.OMVolumeCreateRequest (OMVolumeCreateRequest.java:validateAndUpdateCache(198)) - created volume:3c407dff-b4a2-4856-ab7d-704e0b9e0d7a for user:runner
2024-01-26 21:34:26,101 [main] INFO  rpc.RpcClient (RpcClient.java:createBucket(683)) - Creating Bucket: 3c407dff-b4a2-4856-ab7d-704e0b9e0d7a/581e26c5-dd29-4c64-afc6-275c0821557f, with server-side default bucket layout, runner as owner, Versioning false, Storage Type set to DISK and Encryption set to false, Replication Type set to server-side default replication type, Namespace Quota set to -1, Space Quota set to -1 
2024-01-26 21:34:26,103 [om1-OMStateMachineApplyTransactionThread - 0] INFO  bucket.OMBucketCreateRequest (OMBucketCreateRequest.java:validateAndUpdateCache(292)) - created bucket: 581e26c5-dd29-4c64-afc6-275c0821557f of layout OBJECT_STORE in volume: 3c407dff-b4a2-4856-ab7d-704e0b9e0d7a
2024-01-26 21:34:26,141 [main] INFO  rpc.RpcClient (RpcClient.java:createVolume(456)) - Creating Volume: 17d8ed60-7a7d-47e4-8c36-2705d3da9efc, with runner as owner and space quota set to -1 bytes, counts quota set to -1
2024-01-26 21:34:26,143 [om1-OMStateMachineApplyTransactionThread - 0] INFO  volume.OMVolumeCreateRequest (OMVolumeCreateRequest.java:validateAndUpdateCache(198)) - created volume:17d8ed60-7a7d-47e4-8c36-2705d3da9efc for user:runner
2024-01-26 21:34:26,144 [main] INFO  rpc.RpcClient (RpcClient.java:createBucket(683)) - Creating Bucket: 17d8ed60-7a7d-47e4-8c36-2705d3da9efc/cce79111-98ff-4c01-a8bd-376ac9c5116c, with server-side default bucket layout, runner as owner, Versioning false, Storage Type set to DISK and Encryption set to false, Replication Type set to server-side default replication type, Namespace Quota set to -1, Space Quota set to -1 
2024-01-26 21:34:26,146 [om1-OMStateMachineApplyTransactionThread - 0] INFO  bucket.OMBucketCreateRequest (OMBucketCreateRequest.java:validateAndUpdateCache(292)) - created bucket: cce79111-98ff-4c01-a8bd-376ac9c5116c of layout OBJECT_STORE in volume: 17d8ed60-7a7d-47e4-8c36-2705d3da9efc
2024-01-26 21:34:26,309 [main] INFO  rpc.RpcClient (RpcClient.java:createVolume(456)) - Creating Volume: f804cb33-64cb-4c40-aaf1-16b53605ba91, with runner as owner and space quota set to -1 bytes, counts quota set to -1
2024-01-26 21:34:26,311 [om1-OMStateMachineApplyTransactionThread - 0] INFO  volume.OMVolumeCreateRequest (OMVolumeCreateRequest.java:validateAndUpdateCache(198)) - created volume:f804cb33-64cb-4c40-aaf1-16b53605ba91 for user:runner
2024-01-26 21:34:26,313 [main] INFO  rpc.RpcClient (RpcClient.java:createBucket(683)) - Creating Bucket: f804cb33-64cb-4c40-aaf1-16b53605ba91/ef221e09-9ab4-4174-9b49-4700923ec8d3, with server-side default bucket layout, runner as owner, Versioning false, Storage Type set to DISK and Encryption set to false, Replication Type set to server-side default replication type, Namespace Quota set to -1, Space Quota set to -1 
2024-01-26 21:34:26,315 [om1-OMStateMachineApplyTransactionThread - 0] INFO  bucket.OMBucketCreateRequest (OMBucketCreateRequest.java:validateAndUpdateCache(292)) - created bucket: ef221e09-9ab4-4174-9b49-4700923ec8d3 of layout OBJECT_STORE in volume: f804cb33-64cb-4c40-aaf1-16b53605ba91
2024-01-26 21:34:26,631 [main] INFO  rpc.RpcClient (RpcClient.java:createVolume(456)) - Creating Volume: d99ba14f-384c-461d-80bb-6bb2d069a574, with runner as owner and space quota set to -1 bytes, counts quota set to -1
2024-01-26 21:34:26,633 [om1-OMStateMachineApplyTransactionThread - 0] INFO  volume.OMVolumeCreateRequest (OMVolumeCreateRequest.java:validateAndUpdateCache(198)) - created volume:d99ba14f-384c-461d-80bb-6bb2d069a574 for user:runner
2024-01-26 21:34:26,636 [main] INFO  rpc.RpcClient (RpcClient.java:createBucket(683)) - Creating Bucket: d99ba14f-384c-461d-80bb-6bb2d069a574/4b896db2-c0a4-47ea-a924-3d32a45cffbc, with server-side default bucket layout, runner as owner, Versioning false, Storage Type set to DISK and Encryption set to false, Replication Type set to server-side default replication type, Namespace Quota set to -1, Space Quota set to -1 
2024-01-26 21:34:26,642 [om1-OMStateMachineApplyTransactionThread - 0] INFO  bucket.OMBucketCreateRequest (OMBucketCreateRequest.java:validateAndUpdateCache(292)) - created bucket: 4b896db2-c0a4-47ea-a924-3d32a45cffbc of layout OBJECT_STORE in volume: d99ba14f-384c-461d-80bb-6bb2d069a574
2024-01-26 21:34:27,057 [main] INFO  rpc.RpcClient (RpcClient.java:createVolume(456)) - Creating Volume: 4afec367-e8c9-49dd-bf37-068529e73fff, with runner as owner and space quota set to -1 bytes, counts quota set to -1
2024-01-26 21:34:27,059 [om1-OMStateMachineApplyTransactionThread - 0] INFO  volume.OMVolumeCreateRequest (OMVolumeCreateRequest.java:validateAndUpdateCache(198)) - created volume:4afec367-e8c9-49dd-bf37-068529e73fff for user:runner
2024-01-26 21:34:27,061 [main] INFO  rpc.RpcClient (RpcClient.java:createBucket(683)) - Creating Bucket: 4afec367-e8c9-49dd-bf37-068529e73fff/31681801-e54d-414d-a2a9-1ec032bf28b4, with server-side default bucket layout, runner as owner, Versioning false, Storage Type set to DISK and Encryption set to false, Replication Type set to server-side default replication type, Namespace Quota set to -1, Space Quota set to -1 
2024-01-26 21:34:27,063 [om1-OMStateMachineApplyTransactionThread - 0] INFO  bucket.OMBucketCreateRequest (OMBucketCreateRequest.java:validateAndUpdateCache(292)) - created bucket: 31681801-e54d-414d-a2a9-1ec032bf28b4 of layout OBJECT_STORE in volume: 4afec367-e8c9-49dd-bf37-068529e73fff
2024-01-26 21:34:27,454 [main] INFO  rpc.RpcClient (RpcClient.java:createVolume(456)) - Creating Volume: a3d7c044-2b0c-4424-a784-0ea43e1f4204, with runner as owner and space quota set to -1 bytes, counts quota set to -1
2024-01-26 21:34:27,456 [om1-OMStateMachineApplyTransactionThread - 0] INFO  volume.OMVolumeCreateRequest (OMVolumeCreateRequest.java:validateAndUpdateCache(198)) - created volume:a3d7c044-2b0c-4424-a784-0ea43e1f4204 for user:runner
2024-01-26 21:34:27,458 [main] INFO  rpc.RpcClient (RpcClient.java:createBucket(683)) - Creating Bucket: a3d7c044-2b0c-4424-a784-0ea43e1f4204/82cbce7c-b7d1-4b6d-a6e6-be61c5588159, with server-side default bucket layout, runner as owner, Versioning false, Storage Type set to DISK and Encryption set to false, Replication Type set to server-side default replication type, Namespace Quota set to -1, Space Quota set to -1 
2024-01-26 21:34:27,460 [om1-OMStateMachineApplyTransactionThread - 0] INFO  bucket.OMBucketCreateRequest (OMBucketCreateRequest.java:validateAndUpdateCache(292)) - created bucket: 82cbce7c-b7d1-4b6d-a6e6-be61c5588159 of layout OBJECT_STORE in volume: a3d7c044-2b0c-4424-a784-0ea43e1f4204
2024-01-26 21:34:27,983 [main] INFO  rpc.RpcClient (RpcClient.java:createVolume(456)) - Creating Volume: fb0cce77-f61e-477e-8583-8a1e64ec88a2, with runner as owner and space quota set to -1 bytes, counts quota set to -1
2024-01-26 21:34:27,986 [om1-OMStateMachineApplyTransactionThread - 0] INFO  volume.OMVolumeCreateRequest (OMVolumeCreateRequest.java:validateAndUpdateCache(198)) - created volume:fb0cce77-f61e-477e-8583-8a1e64ec88a2 for user:runner
2024-01-26 21:34:27,996 [main] INFO  rpc.RpcClient (RpcClient.java:createBucket(683)) - Creating Bucket: fb0cce77-f61e-477e-8583-8a1e64ec88a2/8835dceb-a79f-4038-99cf-ed7106a627cf, with server-side default bucket layout, runner as owner, Versioning false, Storage Type set to DISK and Encryption set to false, Replication Type set to server-side default replication type, Namespace Quota set to -1, Space Quota set to -1 
2024-01-26 21:34:27,998 [om1-OMStateMachineApplyTransactionThread - 0] INFO  bucket.OMBucketCreateRequest (OMBucketCreateRequest.java:validateAndUpdateCache(292)) - created bucket: 8835dceb-a79f-4038-99cf-ed7106a627cf of layout OBJECT_STORE in volume: fb0cce77-f61e-477e-8583-8a1e64ec88a2
2024-01-26 21:34:28,379 [main] INFO  rpc.RpcClient (RpcClient.java:createVolume(456)) - Creating Volume: 6ff33415-6e28-4330-8705-35631daf7fc0, with runner as owner and space quota set to -1 bytes, counts quota set to -1
2024-01-26 21:34:28,381 [om1-OMStateMachineApplyTransactionThread - 0] INFO  volume.OMVolumeCreateRequest (OMVolumeCreateRequest.java:validateAndUpdateCache(198)) - created volume:6ff33415-6e28-4330-8705-35631daf7fc0 for user:runner
2024-01-26 21:34:28,383 [main] INFO  rpc.RpcClient (RpcClient.java:createBucket(683)) - Creating Bucket: 6ff33415-6e28-4330-8705-35631daf7fc0/b2869f7c-6d7f-4510-8f99-ad346d6077a6, with server-side default bucket layout, runner as owner, Versioning false, Storage Type set to DISK and Encryption set to false, Replication Type set to server-side default replication type, Namespace Quota set to -1, Space Quota set to -1 
2024-01-26 21:34:28,385 [om1-OMStateMachineApplyTransactionThread - 0] INFO  bucket.OMBucketCreateRequest (OMBucketCreateRequest.java:validateAndUpdateCache(292)) - created bucket: b2869f7c-6d7f-4510-8f99-ad346d6077a6 of layout OBJECT_STORE in volume: 6ff33415-6e28-4330-8705-35631daf7fc0
]]></system-out>
  </testcase>
  <testcase name="testBucketQuota(ReplicationConfig)[3]" classname="org.apache.hadoop.ozone.client.rpc.TestSecureOzoneRpcClient" time="2.9">
    <system-out><![CDATA[2024-01-26 21:34:28,779 [main] INFO  rpc.RpcClient (RpcClient.java:createVolume(456)) - Creating Volume: 10604751-0a71-406f-98e6-ecdb63ce79ec, with runner as owner and space quota set to -1 bytes, counts quota set to -1
2024-01-26 21:34:28,782 [om1-OMStateMachineApplyTransactionThread - 0] INFO  volume.OMVolumeCreateRequest (OMVolumeCreateRequest.java:validateAndUpdateCache(198)) - created volume:10604751-0a71-406f-98e6-ecdb63ce79ec for user:runner
2024-01-26 21:34:28,784 [main] INFO  rpc.RpcClient (RpcClient.java:createBucket(683)) - Creating Bucket: 10604751-0a71-406f-98e6-ecdb63ce79ec/bada7f9c-4797-4a0d-bca5-42cfc10a3f5d, with server-side default bucket layout, runner as owner, Versioning false, Storage Type set to DISK and Encryption set to false, Replication Type set to server-side default replication type, Namespace Quota set to -1, Space Quota set to -1 
2024-01-26 21:34:28,786 [om1-OMStateMachineApplyTransactionThread - 0] INFO  bucket.OMBucketCreateRequest (OMBucketCreateRequest.java:validateAndUpdateCache(292)) - created bucket: bada7f9c-4797-4a0d-bca5-42cfc10a3f5d of layout OBJECT_STORE in volume: 10604751-0a71-406f-98e6-ecdb63ce79ec
2024-01-26 21:34:28,793 [IPC Server handler 39 on default port 15001] INFO  algorithms.SCMContainerPlacementRackScatter (SCMContainerPlacementRackScatter.java:chooseDatanodesInternal(370)) - Chosen nodes: [a4a3addc-657d-412b-928e-3d6f899db221(fv-az1566-86.204dmbdutxxevaxlgbjnwxhbkd.phxx.internal.cloudapp.net/10.1.0.5), 8941232b-d533-4e67-b9a7-e63de09e5ea8(fv-az1566-86.204dmbdutxxevaxlgbjnwxhbkd.phxx.internal.cloudapp.net/10.1.0.5), 0454455d-17b5-4798-9ce3-34e4ad079dd1(fv-az1566-86.204dmbdutxxevaxlgbjnwxhbkd.phxx.internal.cloudapp.net/10.1.0.5), cb9b1e06-b28b-4c4f-b19c-04e0cd8d01c6(fv-az1566-86.204dmbdutxxevaxlgbjnwxhbkd.phxx.internal.cloudapp.net/10.1.0.5), 157befb9-fc2c-4b56-bfb2-e4c39e5a9271(fv-az1566-86.204dmbdutxxevaxlgbjnwxhbkd.phxx.internal.cloudapp.net/10.1.0.5)]. isPolicySatisfied: true.
2024-01-26 21:34:28,795 [IPC Server handler 39 on default port 15001] INFO  pipeline.WritableECContainerProvider (WritableECContainerProvider.java:allocateContainer(211)) - Created and opened new pipeline Pipeline[ Id: 40b43020-b6dd-42a0-ab30-3668fca32423, Nodes: a4a3addc-657d-412b-928e-3d6f899db221(fv-az1566-86.204dmbdutxxevaxlgbjnwxhbkd.phxx.internal.cloudapp.net/10.1.0.5)8941232b-d533-4e67-b9a7-e63de09e5ea8(fv-az1566-86.204dmbdutxxevaxlgbjnwxhbkd.phxx.internal.cloudapp.net/10.1.0.5)0454455d-17b5-4798-9ce3-34e4ad079dd1(fv-az1566-86.204dmbdutxxevaxlgbjnwxhbkd.phxx.internal.cloudapp.net/10.1.0.5)cb9b1e06-b28b-4c4f-b19c-04e0cd8d01c6(fv-az1566-86.204dmbdutxxevaxlgbjnwxhbkd.phxx.internal.cloudapp.net/10.1.0.5)157befb9-fc2c-4b56-bfb2-e4c39e5a9271(fv-az1566-86.204dmbdutxxevaxlgbjnwxhbkd.phxx.internal.cloudapp.net/10.1.0.5), ReplicationConfig: EC{rs-3-2-1024k}, State:ALLOCATED, leaderId:, CreationTimestamp2024-01-26T21:34:28.793Z[Etc/UTC]]
2024-01-26 21:34:28,815 [main] WARN  erasurecode.ErasureCodeNative (ErasureCodeNative.java:<clinit>(55)) - ISA-L support is not available in your platform... using builtin-java codec where applicable
2024-01-26 21:34:28,913 [IPC Server handler 4 on default port 15001] INFO  algorithms.SCMContainerPlacementRackScatter (SCMContainerPlacementRackScatter.java:chooseDatanodesInternal(370)) - Chosen nodes: [4166fb02-ca0d-4de6-a961-378c6a3b2890(fv-az1566-86.204dmbdutxxevaxlgbjnwxhbkd.phxx.internal.cloudapp.net/10.1.0.5), cb9b1e06-b28b-4c4f-b19c-04e0cd8d01c6(fv-az1566-86.204dmbdutxxevaxlgbjnwxhbkd.phxx.internal.cloudapp.net/10.1.0.5), 85a76c17-24cd-4caa-b4c9-2f056bfd6b3c(fv-az1566-86.204dmbdutxxevaxlgbjnwxhbkd.phxx.internal.cloudapp.net/10.1.0.5), 615e0ce5-d68a-4764-9dce-a037122bf2b4(fv-az1566-86.204dmbdutxxevaxlgbjnwxhbkd.phxx.internal.cloudapp.net/10.1.0.5), c424f152-b0b1-403f-ad43-57b6eddc8681(fv-az1566-86.204dmbdutxxevaxlgbjnwxhbkd.phxx.internal.cloudapp.net/10.1.0.5)]. isPolicySatisfied: true.
2024-01-26 21:34:28,914 [IPC Server handler 4 on default port 15001] INFO  pipeline.WritableECContainerProvider (WritableECContainerProvider.java:allocateContainer(211)) - Created and opened new pipeline Pipeline[ Id: 289ccac2-0797-48cb-bd85-290bd6eacb20, Nodes: 4166fb02-ca0d-4de6-a961-378c6a3b2890(fv-az1566-86.204dmbdutxxevaxlgbjnwxhbkd.phxx.internal.cloudapp.net/10.1.0.5)cb9b1e06-b28b-4c4f-b19c-04e0cd8d01c6(fv-az1566-86.204dmbdutxxevaxlgbjnwxhbkd.phxx.internal.cloudapp.net/10.1.0.5)85a76c17-24cd-4caa-b4c9-2f056bfd6b3c(fv-az1566-86.204dmbdutxxevaxlgbjnwxhbkd.phxx.internal.cloudapp.net/10.1.0.5)615e0ce5-d68a-4764-9dce-a037122bf2b4(fv-az1566-86.204dmbdutxxevaxlgbjnwxhbkd.phxx.internal.cloudapp.net/10.1.0.5)c424f152-b0b1-403f-ad43-57b6eddc8681(fv-az1566-86.204dmbdutxxevaxlgbjnwxhbkd.phxx.internal.cloudapp.net/10.1.0.5), ReplicationConfig: EC{rs-3-2-1024k}, State:ALLOCATED, leaderId:, CreationTimestamp2024-01-26T21:34:28.913Z[Etc/UTC]]
2024-01-26 21:34:28,935 [main] INFO  rpc.RpcClient (RpcClient.java:createVolume(456)) - Creating Volume: 37c369cd-d8d8-4a07-a7cc-62ad5a5ab771, with runner as owner and space quota set to -1 bytes, counts quota set to -1
2024-01-26 21:34:28,937 [om1-OMStateMachineApplyTransactionThread - 0] INFO  volume.OMVolumeCreateRequest (OMVolumeCreateRequest.java:validateAndUpdateCache(198)) - created volume:37c369cd-d8d8-4a07-a7cc-62ad5a5ab771 for user:runner
2024-01-26 21:34:28,938 [main] INFO  rpc.RpcClient (RpcClient.java:createBucket(683)) - Creating Bucket: 37c369cd-d8d8-4a07-a7cc-62ad5a5ab771/d6b47b2e-a194-4f9c-8dfe-5f02feaa4c8b, with server-side default bucket layout, runner as owner, Versioning false, Storage Type set to DISK and Encryption set to false, Replication Type set to server-side default replication type, Namespace Quota set to -1, Space Quota set to -1 
2024-01-26 21:34:28,939 [om1-OMStateMachineApplyTransactionThread - 0] INFO  bucket.OMBucketCreateRequest (OMBucketCreateRequest.java:validateAndUpdateCache(292)) - created bucket: d6b47b2e-a194-4f9c-8dfe-5f02feaa4c8b of layout OBJECT_STORE in volume: 37c369cd-d8d8-4a07-a7cc-62ad5a5ab771
2024-01-26 21:34:28,942 [IPC Server handler 10 on default port 15001] INFO  algorithms.SCMContainerPlacementRackScatter (SCMContainerPlacementRackScatter.java:chooseDatanodesInternal(370)) - Chosen nodes: [7564b097-4325-4468-ae97-837bc55d7172(fv-az1566-86.204dmbdutxxevaxlgbjnwxhbkd.phxx.internal.cloudapp.net/10.1.0.5), 157befb9-fc2c-4b56-bfb2-e4c39e5a9271(fv-az1566-86.204dmbdutxxevaxlgbjnwxhbkd.phxx.internal.cloudapp.net/10.1.0.5), 4166fb02-ca0d-4de6-a961-378c6a3b2890(fv-az1566-86.204dmbdutxxevaxlgbjnwxhbkd.phxx.internal.cloudapp.net/10.1.0.5), c4b8c6be-c011-4381-a4e2-e95b959e0055(fv-az1566-86.204dmbdutxxevaxlgbjnwxhbkd.phxx.internal.cloudapp.net/10.1.0.5), 8aa6f495-09ad-4a32-951c-60d46ecfa148(fv-az1566-86.204dmbdutxxevaxlgbjnwxhbkd.phxx.internal.cloudapp.net/10.1.0.5)]. isPolicySatisfied: true.
2024-01-26 21:34:28,944 [IPC Server handler 10 on default port 15001] INFO  pipeline.WritableECContainerProvider (WritableECContainerProvider.java:allocateContainer(211)) - Created and opened new pipeline Pipeline[ Id: 336a7f2a-04f6-495e-8eba-6d105068cccf, Nodes: 7564b097-4325-4468-ae97-837bc55d7172(fv-az1566-86.204dmbdutxxevaxlgbjnwxhbkd.phxx.internal.cloudapp.net/10.1.0.5)157befb9-fc2c-4b56-bfb2-e4c39e5a9271(fv-az1566-86.204dmbdutxxevaxlgbjnwxhbkd.phxx.internal.cloudapp.net/10.1.0.5)4166fb02-ca0d-4de6-a961-378c6a3b2890(fv-az1566-86.204dmbdutxxevaxlgbjnwxhbkd.phxx.internal.cloudapp.net/10.1.0.5)c4b8c6be-c011-4381-a4e2-e95b959e0055(fv-az1566-86.204dmbdutxxevaxlgbjnwxhbkd.phxx.internal.cloudapp.net/10.1.0.5)8aa6f495-09ad-4a32-951c-60d46ecfa148(fv-az1566-86.204dmbdutxxevaxlgbjnwxhbkd.phxx.internal.cloudapp.net/10.1.0.5), ReplicationConfig: EC{rs-3-2-1024k}, State:ALLOCATED, leaderId:, CreationTimestamp2024-01-26T21:34:28.943Z[Etc/UTC]]
2024-01-26 21:34:29,068 [IPC Server handler 9 on default port 15001] INFO  algorithms.SCMContainerPlacementRackScatter (SCMContainerPlacementRackScatter.java:chooseDatanodesInternal(370)) - Chosen nodes: [7564b097-4325-4468-ae97-837bc55d7172(fv-az1566-86.204dmbdutxxevaxlgbjnwxhbkd.phxx.internal.cloudapp.net/10.1.0.5), c424f152-b0b1-403f-ad43-57b6eddc8681(fv-az1566-86.204dmbdutxxevaxlgbjnwxhbkd.phxx.internal.cloudapp.net/10.1.0.5), 4166fb02-ca0d-4de6-a961-378c6a3b2890(fv-az1566-86.204dmbdutxxevaxlgbjnwxhbkd.phxx.internal.cloudapp.net/10.1.0.5), 0454455d-17b5-4798-9ce3-34e4ad079dd1(fv-az1566-86.204dmbdutxxevaxlgbjnwxhbkd.phxx.internal.cloudapp.net/10.1.0.5), 615e0ce5-d68a-4764-9dce-a037122bf2b4(fv-az1566-86.204dmbdutxxevaxlgbjnwxhbkd.phxx.internal.cloudapp.net/10.1.0.5)]. isPolicySatisfied: true.
2024-01-26 21:34:29,070 [IPC Server handler 9 on default port 15001] INFO  pipeline.WritableECContainerProvider (WritableECContainerProvider.java:allocateContainer(211)) - Created and opened new pipeline Pipeline[ Id: ef634851-7686-4107-83cf-f4b2db54f8a0, Nodes: 7564b097-4325-4468-ae97-837bc55d7172(fv-az1566-86.204dmbdutxxevaxlgbjnwxhbkd.phxx.internal.cloudapp.net/10.1.0.5)c424f152-b0b1-403f-ad43-57b6eddc8681(fv-az1566-86.204dmbdutxxevaxlgbjnwxhbkd.phxx.internal.cloudapp.net/10.1.0.5)4166fb02-ca0d-4de6-a961-378c6a3b2890(fv-az1566-86.204dmbdutxxevaxlgbjnwxhbkd.phxx.internal.cloudapp.net/10.1.0.5)0454455d-17b5-4798-9ce3-34e4ad079dd1(fv-az1566-86.204dmbdutxxevaxlgbjnwxhbkd.phxx.internal.cloudapp.net/10.1.0.5)615e0ce5-d68a-4764-9dce-a037122bf2b4(fv-az1566-86.204dmbdutxxevaxlgbjnwxhbkd.phxx.internal.cloudapp.net/10.1.0.5), ReplicationConfig: EC{rs-3-2-1024k}, State:ALLOCATED, leaderId:, CreationTimestamp2024-01-26T21:34:29.068Z[Etc/UTC]]
2024-01-26 21:34:29,149 [main] INFO  rpc.RpcClient (RpcClient.java:createVolume(456)) - Creating Volume: 297aa1a0-86ff-4cfa-89a5-d1dde42be4a9, with runner as owner and space quota set to -1 bytes, counts quota set to -1
2024-01-26 21:34:29,152 [om1-OMStateMachineApplyTransactionThread - 0] INFO  volume.OMVolumeCreateRequest (OMVolumeCreateRequest.java:validateAndUpdateCache(198)) - created volume:297aa1a0-86ff-4cfa-89a5-d1dde42be4a9 for user:runner
2024-01-26 21:34:29,154 [main] INFO  rpc.RpcClient (RpcClient.java:createBucket(683)) - Creating Bucket: 297aa1a0-86ff-4cfa-89a5-d1dde42be4a9/cccb4058-c3d1-444f-a21b-0be3464a919f, with server-side default bucket layout, runner as owner, Versioning false, Storage Type set to DISK and Encryption set to false, Replication Type set to server-side default replication type, Namespace Quota set to -1, Space Quota set to -1 
2024-01-26 21:34:29,155 [om1-OMStateMachineApplyTransactionThread - 0] INFO  bucket.OMBucketCreateRequest (OMBucketCreateRequest.java:validateAndUpdateCache(292)) - created bucket: cccb4058-c3d1-444f-a21b-0be3464a919f of layout OBJECT_STORE in volume: 297aa1a0-86ff-4cfa-89a5-d1dde42be4a9
2024-01-26 21:34:29,159 [IPC Server handler 11 on default port 15001] INFO  algorithms.SCMContainerPlacementRackScatter (SCMContainerPlacementRackScatter.java:chooseDatanodesInternal(370)) - Chosen nodes: [615e0ce5-d68a-4764-9dce-a037122bf2b4(fv-az1566-86.204dmbdutxxevaxlgbjnwxhbkd.phxx.internal.cloudapp.net/10.1.0.5), 0454455d-17b5-4798-9ce3-34e4ad079dd1(fv-az1566-86.204dmbdutxxevaxlgbjnwxhbkd.phxx.internal.cloudapp.net/10.1.0.5), a4a3addc-657d-412b-928e-3d6f899db221(fv-az1566-86.204dmbdutxxevaxlgbjnwxhbkd.phxx.internal.cloudapp.net/10.1.0.5), 209e1d4e-6bc3-40d2-a53c-4015c1ab1ac0(fv-az1566-86.204dmbdutxxevaxlgbjnwxhbkd.phxx.internal.cloudapp.net/10.1.0.5), 4166fb02-ca0d-4de6-a961-378c6a3b2890(fv-az1566-86.204dmbdutxxevaxlgbjnwxhbkd.phxx.internal.cloudapp.net/10.1.0.5)]. isPolicySatisfied: true.
2024-01-26 21:34:29,161 [IPC Server handler 11 on default port 15001] INFO  pipeline.WritableECContainerProvider (WritableECContainerProvider.java:allocateContainer(211)) - Created and opened new pipeline Pipeline[ Id: 22c80e6b-7084-4616-a813-153f2f50e2eb, Nodes: 615e0ce5-d68a-4764-9dce-a037122bf2b4(fv-az1566-86.204dmbdutxxevaxlgbjnwxhbkd.phxx.internal.cloudapp.net/10.1.0.5)0454455d-17b5-4798-9ce3-34e4ad079dd1(fv-az1566-86.204dmbdutxxevaxlgbjnwxhbkd.phxx.internal.cloudapp.net/10.1.0.5)a4a3addc-657d-412b-928e-3d6f899db221(fv-az1566-86.204dmbdutxxevaxlgbjnwxhbkd.phxx.internal.cloudapp.net/10.1.0.5)209e1d4e-6bc3-40d2-a53c-4015c1ab1ac0(fv-az1566-86.204dmbdutxxevaxlgbjnwxhbkd.phxx.internal.cloudapp.net/10.1.0.5)4166fb02-ca0d-4de6-a961-378c6a3b2890(fv-az1566-86.204dmbdutxxevaxlgbjnwxhbkd.phxx.internal.cloudapp.net/10.1.0.5), ReplicationConfig: EC{rs-3-2-1024k}, State:ALLOCATED, leaderId:, CreationTimestamp2024-01-26T21:34:29.159Z[Etc/UTC]]
2024-01-26 21:34:29,396 [main] INFO  rpc.RpcClient (RpcClient.java:createVolume(456)) - Creating Volume: a9b39ba1-5011-4420-babb-4baa865f0aec, with runner as owner and space quota set to -1 bytes, counts quota set to -1
2024-01-26 21:34:29,398 [om1-OMStateMachineApplyTransactionThread - 0] INFO  volume.OMVolumeCreateRequest (OMVolumeCreateRequest.java:validateAndUpdateCache(198)) - created volume:a9b39ba1-5011-4420-babb-4baa865f0aec for user:runner
2024-01-26 21:34:29,399 [main] INFO  rpc.RpcClient (RpcClient.java:createBucket(683)) - Creating Bucket: a9b39ba1-5011-4420-babb-4baa865f0aec/d257082f-614e-4f6b-bef4-308e8eedc15b, with server-side default bucket layout, runner as owner, Versioning false, Storage Type set to DISK and Encryption set to false, Replication Type set to server-side default replication type, Namespace Quota set to -1, Space Quota set to -1 
2024-01-26 21:34:29,401 [om1-OMStateMachineApplyTransactionThread - 0] INFO  bucket.OMBucketCreateRequest (OMBucketCreateRequest.java:validateAndUpdateCache(292)) - created bucket: d257082f-614e-4f6b-bef4-308e8eedc15b of layout OBJECT_STORE in volume: a9b39ba1-5011-4420-babb-4baa865f0aec
2024-01-26 21:34:29,577 [main] INFO  rpc.RpcClient (RpcClient.java:createVolume(456)) - Creating Volume: eb76886a-945a-473a-b5af-c2e46b8b5aa6, with runner as owner and space quota set to -1 bytes, counts quota set to -1
2024-01-26 21:34:29,579 [om1-OMStateMachineApplyTransactionThread - 0] INFO  volume.OMVolumeCreateRequest (OMVolumeCreateRequest.java:validateAndUpdateCache(198)) - created volume:eb76886a-945a-473a-b5af-c2e46b8b5aa6 for user:runner
2024-01-26 21:34:29,581 [main] INFO  rpc.RpcClient (RpcClient.java:createBucket(683)) - Creating Bucket: eb76886a-945a-473a-b5af-c2e46b8b5aa6/55821f39-ba17-4a00-8923-6065ec264ef0, with server-side default bucket layout, runner as owner, Versioning false, Storage Type set to DISK and Encryption set to false, Replication Type set to server-side default replication type, Namespace Quota set to -1, Space Quota set to -1 
2024-01-26 21:34:29,582 [om1-OMStateMachineApplyTransactionThread - 0] INFO  bucket.OMBucketCreateRequest (OMBucketCreateRequest.java:validateAndUpdateCache(292)) - created bucket: 55821f39-ba17-4a00-8923-6065ec264ef0 of layout OBJECT_STORE in volume: eb76886a-945a-473a-b5af-c2e46b8b5aa6
2024-01-26 21:34:29,793 [main] INFO  rpc.RpcClient (RpcClient.java:createVolume(456)) - Creating Volume: f5084c39-bc3d-474d-b139-0d365b418ef9, with runner as owner and space quota set to -1 bytes, counts quota set to -1
2024-01-26 21:34:29,795 [om1-OMStateMachineApplyTransactionThread - 0] INFO  volume.OMVolumeCreateRequest (OMVolumeCreateRequest.java:validateAndUpdateCache(198)) - created volume:f5084c39-bc3d-474d-b139-0d365b418ef9 for user:runner
2024-01-26 21:34:29,797 [main] INFO  rpc.RpcClient (RpcClient.java:createBucket(683)) - Creating Bucket: f5084c39-bc3d-474d-b139-0d365b418ef9/a533c251-6bb7-4590-aa3f-24b2b5efb157, with server-side default bucket layout, runner as owner, Versioning false, Storage Type set to DISK and Encryption set to false, Replication Type set to server-side default replication type, Namespace Quota set to -1, Space Quota set to -1 
2024-01-26 21:34:29,799 [om1-OMStateMachineApplyTransactionThread - 0] INFO  bucket.OMBucketCreateRequest (OMBucketCreateRequest.java:validateAndUpdateCache(292)) - created bucket: a533c251-6bb7-4590-aa3f-24b2b5efb157 of layout OBJECT_STORE in volume: f5084c39-bc3d-474d-b139-0d365b418ef9
2024-01-26 21:34:30,103 [main] INFO  rpc.RpcClient (RpcClient.java:createVolume(456)) - Creating Volume: 12b60803-8046-467c-a7e2-b9f6555717cb, with runner as owner and space quota set to -1 bytes, counts quota set to -1
2024-01-26 21:34:30,105 [om1-OMStateMachineApplyTransactionThread - 0] INFO  volume.OMVolumeCreateRequest (OMVolumeCreateRequest.java:validateAndUpdateCache(198)) - created volume:12b60803-8046-467c-a7e2-b9f6555717cb for user:runner
2024-01-26 21:34:30,106 [main] INFO  rpc.RpcClient (RpcClient.java:createBucket(683)) - Creating Bucket: 12b60803-8046-467c-a7e2-b9f6555717cb/9117850f-c1c4-4330-9aed-796dd5d40f5c, with server-side default bucket layout, runner as owner, Versioning false, Storage Type set to DISK and Encryption set to false, Replication Type set to server-side default replication type, Namespace Quota set to -1, Space Quota set to -1 
2024-01-26 21:34:30,108 [om1-OMStateMachineApplyTransactionThread - 0] INFO  bucket.OMBucketCreateRequest (OMBucketCreateRequest.java:validateAndUpdateCache(292)) - created bucket: 9117850f-c1c4-4330-9aed-796dd5d40f5c of layout OBJECT_STORE in volume: 12b60803-8046-467c-a7e2-b9f6555717cb
2024-01-26 21:34:30,356 [main] INFO  rpc.RpcClient (RpcClient.java:createVolume(456)) - Creating Volume: 21ad4354-5b85-459d-b47f-162bda8c46cd, with runner as owner and space quota set to -1 bytes, counts quota set to -1
2024-01-26 21:34:30,358 [om1-OMStateMachineApplyTransactionThread - 0] INFO  volume.OMVolumeCreateRequest (OMVolumeCreateRequest.java:validateAndUpdateCache(198)) - created volume:21ad4354-5b85-459d-b47f-162bda8c46cd for user:runner
2024-01-26 21:34:30,359 [main] INFO  rpc.RpcClient (RpcClient.java:createBucket(683)) - Creating Bucket: 21ad4354-5b85-459d-b47f-162bda8c46cd/d24c0281-1103-4cdd-9ed0-2e86b4d0c30e, with server-side default bucket layout, runner as owner, Versioning false, Storage Type set to DISK and Encryption set to false, Replication Type set to server-side default replication type, Namespace Quota set to -1, Space Quota set to -1 
2024-01-26 21:34:30,361 [om1-OMStateMachineApplyTransactionThread - 0] INFO  bucket.OMBucketCreateRequest (OMBucketCreateRequest.java:validateAndUpdateCache(292)) - created bucket: d24c0281-1103-4cdd-9ed0-2e86b4d0c30e of layout OBJECT_STORE in volume: 21ad4354-5b85-459d-b47f-162bda8c46cd
2024-01-26 21:34:30,590 [main] INFO  rpc.RpcClient (RpcClient.java:createVolume(456)) - Creating Volume: cdcc7f0d-e018-4e4e-b689-6aa9c984ce39, with runner as owner and space quota set to -1 bytes, counts quota set to -1
2024-01-26 21:34:30,592 [om1-OMStateMachineApplyTransactionThread - 0] INFO  volume.OMVolumeCreateRequest (OMVolumeCreateRequest.java:validateAndUpdateCache(198)) - created volume:cdcc7f0d-e018-4e4e-b689-6aa9c984ce39 for user:runner
2024-01-26 21:34:30,593 [main] INFO  rpc.RpcClient (RpcClient.java:createBucket(683)) - Creating Bucket: cdcc7f0d-e018-4e4e-b689-6aa9c984ce39/d5897853-0750-4d7e-b150-ddb9335bf6a3, with server-side default bucket layout, runner as owner, Versioning false, Storage Type set to DISK and Encryption set to false, Replication Type set to server-side default replication type, Namespace Quota set to -1, Space Quota set to -1 
2024-01-26 21:34:30,595 [om1-OMStateMachineApplyTransactionThread - 0] INFO  bucket.OMBucketCreateRequest (OMBucketCreateRequest.java:validateAndUpdateCache(292)) - created bucket: d5897853-0750-4d7e-b150-ddb9335bf6a3 of layout OBJECT_STORE in volume: cdcc7f0d-e018-4e4e-b689-6aa9c984ce39
2024-01-26 21:34:30,880 [main] INFO  rpc.RpcClient (RpcClient.java:createVolume(456)) - Creating Volume: eeb169ab-f45e-4c9d-8d32-db9b24c7c3d1, with runner as owner and space quota set to -1 bytes, counts quota set to -1
2024-01-26 21:34:30,881 [om1-OMStateMachineApplyTransactionThread - 0] INFO  volume.OMVolumeCreateRequest (OMVolumeCreateRequest.java:validateAndUpdateCache(198)) - created volume:eeb169ab-f45e-4c9d-8d32-db9b24c7c3d1 for user:runner
2024-01-26 21:34:30,883 [main] INFO  rpc.RpcClient (RpcClient.java:createBucket(683)) - Creating Bucket: eeb169ab-f45e-4c9d-8d32-db9b24c7c3d1/83437cf4-427d-46d2-b80d-d80d4dad4526, with server-side default bucket layout, runner as owner, Versioning false, Storage Type set to DISK and Encryption set to false, Replication Type set to server-side default replication type, Namespace Quota set to -1, Space Quota set to -1 
2024-01-26 21:34:30,884 [om1-OMStateMachineApplyTransactionThread - 0] INFO  bucket.OMBucketCreateRequest (OMBucketCreateRequest.java:validateAndUpdateCache(292)) - created bucket: 83437cf4-427d-46d2-b80d-d80d4dad4526 of layout OBJECT_STORE in volume: eeb169ab-f45e-4c9d-8d32-db9b24c7c3d1
2024-01-26 21:34:31,171 [main] INFO  rpc.RpcClient (RpcClient.java:createVolume(456)) - Creating Volume: 62a3543e-3e19-4abd-b57d-5c3b65215608, with runner as owner and space quota set to -1 bytes, counts quota set to -1
2024-01-26 21:34:31,172 [om1-OMStateMachineApplyTransactionThread - 0] INFO  volume.OMVolumeCreateRequest (OMVolumeCreateRequest.java:validateAndUpdateCache(198)) - created volume:62a3543e-3e19-4abd-b57d-5c3b65215608 for user:runner
2024-01-26 21:34:31,174 [main] INFO  rpc.RpcClient (RpcClient.java:createBucket(683)) - Creating Bucket: 62a3543e-3e19-4abd-b57d-5c3b65215608/2714b5b3-22ec-48b3-abba-4607fbdb0f92, with server-side default bucket layout, runner as owner, Versioning false, Storage Type set to DISK and Encryption set to false, Replication Type set to server-side default replication type, Namespace Quota set to -1, Space Quota set to -1 
2024-01-26 21:34:31,176 [om1-OMStateMachineApplyTransactionThread - 0] INFO  bucket.OMBucketCreateRequest (OMBucketCreateRequest.java:validateAndUpdateCache(292)) - created bucket: 2714b5b3-22ec-48b3-abba-4607fbdb0f92 of layout OBJECT_STORE in volume: 62a3543e-3e19-4abd-b57d-5c3b65215608
2024-01-26 21:34:31,421 [main] INFO  rpc.RpcClient (RpcClient.java:createVolume(456)) - Creating Volume: 6a1cd15e-77f9-45ff-ac04-b1f92c1fd653, with runner as owner and space quota set to -1 bytes, counts quota set to -1
2024-01-26 21:34:31,422 [om1-OMStateMachineApplyTransactionThread - 0] INFO  volume.OMVolumeCreateRequest (OMVolumeCreateRequest.java:validateAndUpdateCache(198)) - created volume:6a1cd15e-77f9-45ff-ac04-b1f92c1fd653 for user:runner
2024-01-26 21:34:31,423 [main] INFO  rpc.RpcClient (RpcClient.java:createBucket(683)) - Creating Bucket: 6a1cd15e-77f9-45ff-ac04-b1f92c1fd653/7bbcb441-98d7-481c-b379-f909ce31e371, with server-side default bucket layout, runner as owner, Versioning false, Storage Type set to DISK and Encryption set to false, Replication Type set to server-side default replication type, Namespace Quota set to -1, Space Quota set to -1 
2024-01-26 21:34:31,425 [om1-OMStateMachineApplyTransactionThread - 0] INFO  bucket.OMBucketCreateRequest (OMBucketCreateRequest.java:validateAndUpdateCache(292)) - created bucket: 7bbcb441-98d7-481c-b379-f909ce31e371 of layout OBJECT_STORE in volume: 6a1cd15e-77f9-45ff-ac04-b1f92c1fd653
]]></system-out>
  </testcase>
  <testcase name="testBucketQuotaInNamespace" classname="org.apache.hadoop.ozone.client.rpc.TestSecureOzoneRpcClient" time="0.087">
    <system-out><![CDATA[2024-01-26 21:34:31,679 [main] INFO  rpc.RpcClient (RpcClient.java:createVolume(456)) - Creating Volume: ecebea7e-01de-487d-86b8-6c36d5c8b01e, with runner as owner and space quota set to -1 bytes, counts quota set to -1
2024-01-26 21:34:31,681 [om1-OMStateMachineApplyTransactionThread - 0] INFO  volume.OMVolumeCreateRequest (OMVolumeCreateRequest.java:validateAndUpdateCache(198)) - created volume:ecebea7e-01de-487d-86b8-6c36d5c8b01e for user:runner
2024-01-26 21:34:31,682 [main] INFO  rpc.RpcClient (RpcClient.java:createBucket(683)) - Creating Bucket: ecebea7e-01de-487d-86b8-6c36d5c8b01e/853a8e74-31c1-424c-a1ac-ffb3634971b2, with server-side default bucket layout, runner as owner, Versioning false, Storage Type set to DISK and Encryption set to false, Replication Type set to server-side default replication type, Namespace Quota set to -1, Space Quota set to -1 
2024-01-26 21:34:31,683 [om1-OMStateMachineApplyTransactionThread - 0] INFO  bucket.OMBucketCreateRequest (OMBucketCreateRequest.java:validateAndUpdateCache(292)) - created bucket: 853a8e74-31c1-424c-a1ac-ffb3634971b2 of layout OBJECT_STORE in volume: ecebea7e-01de-487d-86b8-6c36d5c8b01e
21:34:31.744 [om1-OMStateMachineApplyTransactionThread - 0] ERROR OMAudit - user=runner | ip=127.0.0.1 | op=ALLOCATE_KEY {volume=ecebea7e-01de-487d-86b8-6c36d5c8b01e, bucket=853a8e74-31c1-424c-a1ac-ffb3634971b2, key=c6fb918e-c7ec-47b9-89db-6b0b26cd0373, dataSize=12, replicationType=RATIS, replicationFactor=ONE} | ret=FAILURE
org.apache.hadoop.ozone.om.exceptions.OMException: The namespace quota of Bucket:853a8e74-31c1-424c-a1ac-ffb3634971b2 exceeded: quotaInNamespace: 2 but namespace consumed: 3.
	at org.apache.hadoop.ozone.om.request.key.OMKeyRequest.checkBucketQuotaInNamespace(OMKeyRequest.java:653) ~[ozone-manager-1.5.0-SNAPSHOT.jar:?]
	at org.apache.hadoop.ozone.om.request.key.OMKeyCreateRequest.validateAndUpdateCache(OMKeyCreateRequest.java:308) ~[ozone-manager-1.5.0-SNAPSHOT.jar:?]
	at org.apache.hadoop.ozone.protocolPB.OzoneManagerRequestHandler.lambda$0(OzoneManagerRequestHandler.java:403) ~[ozone-manager-1.5.0-SNAPSHOT.jar:?]
	at org.apache.hadoop.util.MetricUtil.captureLatencyNs(MetricUtil.java:45) ~[hdds-common-1.5.0-SNAPSHOT.jar:?]
	at org.apache.hadoop.ozone.protocolPB.OzoneManagerRequestHandler.handleWriteRequest(OzoneManagerRequestHandler.java:399) ~[ozone-manager-1.5.0-SNAPSHOT.jar:?]
	at org.apache.hadoop.ozone.om.ratis.OzoneManagerStateMachine.runCommand(OzoneManagerStateMachine.java:527) ~[ozone-manager-1.5.0-SNAPSHOT.jar:?]
	at org.apache.hadoop.ozone.om.ratis.OzoneManagerStateMachine.lambda$1(OzoneManagerStateMachine.java:345) ~[ozone-manager-1.5.0-SNAPSHOT.jar:?]
	at java.util.concurrent.CompletableFuture$AsyncSupply.run(CompletableFuture.java:1604) [?:1.8.0_392]
	at java.util.concurrent.ThreadPoolExecutor.runWorker(ThreadPoolExecutor.java:1149) [?:1.8.0_392]
	at java.util.concurrent.ThreadPoolExecutor$Worker.run(ThreadPoolExecutor.java:624) [?:1.8.0_392]
	at java.lang.Thread.run(Thread.java:750) [?:1.8.0_392]
2024-01-26 21:34:31,744 [om1-OMStateMachineApplyTransactionThread - 0] ERROR key.OMKeyCreateRequest (OMKeyCreateRequest.java:logResult(382)) - Key creation failed. Volume:ecebea7e-01de-487d-86b8-6c36d5c8b01e, Bucket:853a8e74-31c1-424c-a1ac-ffb3634971b2, Key:c6fb918e-c7ec-47b9-89db-6b0b26cd0373. 
QUOTA_EXCEEDED org.apache.hadoop.ozone.om.exceptions.OMException: The namespace quota of Bucket:853a8e74-31c1-424c-a1ac-ffb3634971b2 exceeded: quotaInNamespace: 2 but namespace consumed: 3.
	at org.apache.hadoop.ozone.om.request.key.OMKeyRequest.checkBucketQuotaInNamespace(OMKeyRequest.java:653)
	at org.apache.hadoop.ozone.om.request.key.OMKeyCreateRequest.validateAndUpdateCache(OMKeyCreateRequest.java:308)
	at org.apache.hadoop.ozone.protocolPB.OzoneManagerRequestHandler.lambda$0(OzoneManagerRequestHandler.java:403)
	at org.apache.hadoop.util.MetricUtil.captureLatencyNs(MetricUtil.java:45)
	at org.apache.hadoop.ozone.protocolPB.OzoneManagerRequestHandler.handleWriteRequest(OzoneManagerRequestHandler.java:399)
	at org.apache.hadoop.ozone.om.ratis.OzoneManagerStateMachine.runCommand(OzoneManagerStateMachine.java:527)
	at org.apache.hadoop.ozone.om.ratis.OzoneManagerStateMachine.lambda$1(OzoneManagerStateMachine.java:345)
	at java.util.concurrent.CompletableFuture$AsyncSupply.run(CompletableFuture.java:1604)
	at java.util.concurrent.ThreadPoolExecutor.runWorker(ThreadPoolExecutor.java:1149)
	at java.util.concurrent.ThreadPoolExecutor$Worker.run(ThreadPoolExecutor.java:624)
	at java.lang.Thread.run(Thread.java:750)
]]></system-out>
  </testcase>
  <testcase name="testBucketSetOwner" classname="org.apache.hadoop.ozone.client.rpc.TestSecureOzoneRpcClient" time="0.026">
    <system-out><![CDATA[2024-01-26 21:34:31,767 [main] INFO  rpc.RpcClient (RpcClient.java:createVolume(456)) - Creating Volume: d02e6f36-92f3-41ef-aac6-4a98d895041d, with runner as owner and space quota set to -1 bytes, counts quota set to -1
2024-01-26 21:34:31,768 [om1-OMStateMachineApplyTransactionThread - 0] INFO  volume.OMVolumeCreateRequest (OMVolumeCreateRequest.java:validateAndUpdateCache(198)) - created volume:d02e6f36-92f3-41ef-aac6-4a98d895041d for user:runner
2024-01-26 21:34:31,770 [main] INFO  rpc.RpcClient (RpcClient.java:createBucket(683)) - Creating Bucket: d02e6f36-92f3-41ef-aac6-4a98d895041d/446ad3ee-1381-43f2-82c4-4b4eb64b764d, with server-side default bucket layout, runner as owner, Versioning false, Storage Type set to DISK and Encryption set to false, Replication Type set to server-side default replication type, Namespace Quota set to -1, Space Quota set to -1 
2024-01-26 21:34:31,771 [om1-OMStateMachineApplyTransactionThread - 0] INFO  bucket.OMBucketCreateRequest (OMBucketCreateRequest.java:validateAndUpdateCache(292)) - created bucket: 446ad3ee-1381-43f2-82c4-4b4eb64b764d of layout OBJECT_STORE in volume: d02e6f36-92f3-41ef-aac6-4a98d895041d
]]></system-out>
  </testcase>
  <testcase name="testBucketUsedBytes" classname="org.apache.hadoop.ozone.client.rpc.TestSecureOzoneRpcClient" time="0.114">
    <system-out><![CDATA[2024-01-26 21:34:31,792 [main] INFO  rpc.RpcClient (RpcClient.java:createVolume(456)) - Creating Volume: 47b71d75-1b1d-4a35-9007-3f06214ace1b, with runner as owner and space quota set to -1 bytes, counts quota set to -1
2024-01-26 21:34:31,795 [om1-OMStateMachineApplyTransactionThread - 0] INFO  volume.OMVolumeCreateRequest (OMVolumeCreateRequest.java:validateAndUpdateCache(198)) - created volume:47b71d75-1b1d-4a35-9007-3f06214ace1b for user:runner
2024-01-26 21:34:31,797 [main] INFO  rpc.RpcClient (RpcClient.java:createBucket(683)) - Creating Bucket: 47b71d75-1b1d-4a35-9007-3f06214ace1b/f1fb1e83-48fd-4f37-913d-9d62382e1908, with bucket layout OBJECT_STORE, runner as owner, Versioning false, Storage Type set to DISK and Encryption set to false, Replication Type set to server-side default replication type, Namespace Quota set to -1, Space Quota set to -1 
2024-01-26 21:34:31,798 [om1-OMStateMachineApplyTransactionThread - 0] INFO  bucket.OMBucketCreateRequest (OMBucketCreateRequest.java:validateAndUpdateCache(292)) - created bucket: f1fb1e83-48fd-4f37-913d-9d62382e1908 of layout OBJECT_STORE in volume: 47b71d75-1b1d-4a35-9007-3f06214ace1b
]]></system-out>
  </testcase>
  <testcase name="testBucketUsedNamespace(BucketLayout)[1]" classname="org.apache.hadoop.ozone.client.rpc.TestSecureOzoneRpcClient" time="0.08">
    <system-out><![CDATA[2024-01-26 21:34:31,908 [main] INFO  rpc.RpcClient (RpcClient.java:createVolume(456)) - Creating Volume: 800ef359-70a3-4230-b4ac-470a6c1447c2, with runner as owner and space quota set to -1 bytes, counts quota set to -1
2024-01-26 21:34:31,910 [om1-OMStateMachineApplyTransactionThread - 0] INFO  volume.OMVolumeCreateRequest (OMVolumeCreateRequest.java:validateAndUpdateCache(198)) - created volume:800ef359-70a3-4230-b4ac-470a6c1447c2 for user:runner
2024-01-26 21:34:31,911 [main] INFO  rpc.RpcClient (RpcClient.java:createBucket(683)) - Creating Bucket: 800ef359-70a3-4230-b4ac-470a6c1447c2/f334160d-9359-4afb-9896-01b0d02db597, with bucket layout OBJECT_STORE, runner as owner, Versioning false, Storage Type set to DISK and Encryption set to false, Replication Type set to server-side default replication type, Namespace Quota set to -1, Space Quota set to -1 
2024-01-26 21:34:31,913 [om1-OMStateMachineApplyTransactionThread - 0] INFO  bucket.OMBucketCreateRequest (OMBucketCreateRequest.java:validateAndUpdateCache(292)) - created bucket: f334160d-9359-4afb-9896-01b0d02db597 of layout OBJECT_STORE in volume: 800ef359-70a3-4230-b4ac-470a6c1447c2
2024-01-26 21:34:31,958 [main] INFO  protocolPB.OmTransportFactory (OmTransportFactory.java:createFactory(62)) - Loading OM transport implementation org.apache.hadoop.ozone.om.protocolPB.Hadoop3OmTransportFactory as specified by configuration.
]]></system-out>
  </testcase>
  <testcase name="testBucketUsedNamespace(BucketLayout)[2]" classname="org.apache.hadoop.ozone.client.rpc.TestSecureOzoneRpcClient" time="0.087">
    <system-out><![CDATA[2024-01-26 21:34:31,990 [main] INFO  rpc.RpcClient (RpcClient.java:createVolume(456)) - Creating Volume: 28da538d-6452-4628-9681-61e2a9177e80, with runner as owner and space quota set to -1 bytes, counts quota set to -1
2024-01-26 21:34:31,995 [om1-OMStateMachineApplyTransactionThread - 0] INFO  volume.OMVolumeCreateRequest (OMVolumeCreateRequest.java:validateAndUpdateCache(198)) - created volume:28da538d-6452-4628-9681-61e2a9177e80 for user:runner
2024-01-26 21:34:31,996 [main] INFO  rpc.RpcClient (RpcClient.java:createBucket(683)) - Creating Bucket: 28da538d-6452-4628-9681-61e2a9177e80/617ec40f-48ed-4e1a-92f9-92711efb701f, with bucket layout LEGACY, runner as owner, Versioning false, Storage Type set to DISK and Encryption set to false, Replication Type set to server-side default replication type, Namespace Quota set to -1, Space Quota set to -1 
2024-01-26 21:34:31,998 [om1-OMStateMachineApplyTransactionThread - 0] INFO  bucket.OMBucketCreateRequest (OMBucketCreateRequest.java:validateAndUpdateCache(292)) - created bucket: 617ec40f-48ed-4e1a-92f9-92711efb701f of layout LEGACY in volume: 28da538d-6452-4628-9681-61e2a9177e80
2024-01-26 21:34:32,050 [main] INFO  protocolPB.OmTransportFactory (OmTransportFactory.java:createFactory(62)) - Loading OM transport implementation org.apache.hadoop.ozone.om.protocolPB.Hadoop3OmTransportFactory as specified by configuration.
]]></system-out>
  </testcase>
  <testcase name="testBucketUsedNamespace(BucketLayout)[3]" classname="org.apache.hadoop.ozone.client.rpc.TestSecureOzoneRpcClient" time="0.106">
    <system-out><![CDATA[2024-01-26 21:34:32,077 [main] INFO  rpc.RpcClient (RpcClient.java:createVolume(456)) - Creating Volume: 11a2e6c0-80b9-4d06-af06-d47ac3027ea4, with runner as owner and space quota set to -1 bytes, counts quota set to -1
2024-01-26 21:34:32,087 [om1-OMStateMachineApplyTransactionThread - 0] INFO  volume.OMVolumeCreateRequest (OMVolumeCreateRequest.java:validateAndUpdateCache(198)) - created volume:11a2e6c0-80b9-4d06-af06-d47ac3027ea4 for user:runner
2024-01-26 21:34:32,088 [main] INFO  rpc.RpcClient (RpcClient.java:createBucket(683)) - Creating Bucket: 11a2e6c0-80b9-4d06-af06-d47ac3027ea4/d132a5e0-ac8b-420e-9006-1468ef491c30, with bucket layout FILE_SYSTEM_OPTIMIZED, runner as owner, Versioning false, Storage Type set to DISK and Encryption set to false, Replication Type set to server-side default replication type, Namespace Quota set to -1, Space Quota set to -1 
2024-01-26 21:34:32,090 [om1-OMStateMachineApplyTransactionThread - 0] INFO  bucket.OMBucketCreateRequest (OMBucketCreateRequest.java:validateAndUpdateCache(292)) - created bucket: d132a5e0-ac8b-420e-9006-1468ef491c30 of layout FILE_SYSTEM_OPTIMIZED in volume: 11a2e6c0-80b9-4d06-af06-d47ac3027ea4
2024-01-26 21:34:32,142 [main] INFO  protocolPB.OmTransportFactory (OmTransportFactory.java:createFactory(62)) - Loading OM transport implementation org.apache.hadoop.ozone.om.protocolPB.Hadoop3OmTransportFactory as specified by configuration.
]]></system-out>
  </testcase>
  <testcase name="testCheckUsedBytesQuota" classname="org.apache.hadoop.ozone.client.rpc.TestSecureOzoneRpcClient" time="0.534">
    <system-out><![CDATA[2024-01-26 21:34:32,184 [main] INFO  rpc.RpcClient (RpcClient.java:createVolume(456)) - Creating Volume: 3ef3c9ec-e98b-4c36-8d47-597c2dc144fa, with runner as owner and space quota set to -1 bytes, counts quota set to -1
2024-01-26 21:34:32,185 [om1-OMStateMachineApplyTransactionThread - 0] INFO  volume.OMVolumeCreateRequest (OMVolumeCreateRequest.java:validateAndUpdateCache(198)) - created volume:3ef3c9ec-e98b-4c36-8d47-597c2dc144fa for user:runner
2024-01-26 21:34:32,187 [main] INFO  rpc.RpcClient (RpcClient.java:createBucket(683)) - Creating Bucket: 3ef3c9ec-e98b-4c36-8d47-597c2dc144fa/d53250c4-9a86-4971-b79d-b551406825a4, with server-side default bucket layout, runner as owner, Versioning false, Storage Type set to DISK and Encryption set to false, Replication Type set to server-side default replication type, Namespace Quota set to -1, Space Quota set to -1 
2024-01-26 21:34:32,188 [om1-OMStateMachineApplyTransactionThread - 0] INFO  bucket.OMBucketCreateRequest (OMBucketCreateRequest.java:validateAndUpdateCache(292)) - created bucket: d53250c4-9a86-4971-b79d-b551406825a4 of layout OBJECT_STORE in volume: 3ef3c9ec-e98b-4c36-8d47-597c2dc144fa
21:34:32.205 [om1-OMStateMachineApplyTransactionThread - 0] ERROR OMAudit - user=runner | ip=127.0.0.1 | op=ALLOCATE_KEY {volume=3ef3c9ec-e98b-4c36-8d47-597c2dc144fa, bucket=d53250c4-9a86-4971-b79d-b551406825a4, key=3b8f2c4c-feff-4634-9121-1e21eaf96d67, dataSize=12, replicationType=RATIS, replicationFactor=ONE} | ret=FAILURE
org.apache.hadoop.ozone.om.exceptions.OMException: The DiskSpace quota of bucket:d53250c4-9a86-4971-b79d-b551406825a4 exceeded quotaInBytes: 1 Bytes but diskspace consumed: 4194304 Bytes.
	at org.apache.hadoop.ozone.om.request.key.OMKeyRequest.checkBucketQuotaInBytes(OMKeyRequest.java:634) ~[ozone-manager-1.5.0-SNAPSHOT.jar:?]
	at org.apache.hadoop.ozone.om.request.key.OMKeyCreateRequest.validateAndUpdateCache(OMKeyCreateRequest.java:306) ~[ozone-manager-1.5.0-SNAPSHOT.jar:?]
	at org.apache.hadoop.ozone.protocolPB.OzoneManagerRequestHandler.lambda$0(OzoneManagerRequestHandler.java:403) ~[ozone-manager-1.5.0-SNAPSHOT.jar:?]
	at org.apache.hadoop.util.MetricUtil.captureLatencyNs(MetricUtil.java:45) ~[hdds-common-1.5.0-SNAPSHOT.jar:?]
	at org.apache.hadoop.ozone.protocolPB.OzoneManagerRequestHandler.handleWriteRequest(OzoneManagerRequestHandler.java:399) ~[ozone-manager-1.5.0-SNAPSHOT.jar:?]
	at org.apache.hadoop.ozone.om.ratis.OzoneManagerStateMachine.runCommand(OzoneManagerStateMachine.java:527) ~[ozone-manager-1.5.0-SNAPSHOT.jar:?]
	at org.apache.hadoop.ozone.om.ratis.OzoneManagerStateMachine.lambda$1(OzoneManagerStateMachine.java:345) ~[ozone-manager-1.5.0-SNAPSHOT.jar:?]
	at java.util.concurrent.CompletableFuture$AsyncSupply.run(CompletableFuture.java:1604) [?:1.8.0_392]
	at java.util.concurrent.ThreadPoolExecutor.runWorker(ThreadPoolExecutor.java:1149) [?:1.8.0_392]
	at java.util.concurrent.ThreadPoolExecutor$Worker.run(ThreadPoolExecutor.java:624) [?:1.8.0_392]
	at java.lang.Thread.run(Thread.java:750) [?:1.8.0_392]
2024-01-26 21:34:32,205 [om1-OMStateMachineApplyTransactionThread - 0] ERROR key.OMKeyCreateRequest (OMKeyCreateRequest.java:logResult(382)) - Key creation failed. Volume:3ef3c9ec-e98b-4c36-8d47-597c2dc144fa, Bucket:d53250c4-9a86-4971-b79d-b551406825a4, Key:3b8f2c4c-feff-4634-9121-1e21eaf96d67. 
QUOTA_EXCEEDED org.apache.hadoop.ozone.om.exceptions.OMException: The DiskSpace quota of bucket:d53250c4-9a86-4971-b79d-b551406825a4 exceeded quotaInBytes: 1 Bytes but diskspace consumed: 4194304 Bytes.
	at org.apache.hadoop.ozone.om.request.key.OMKeyRequest.checkBucketQuotaInBytes(OMKeyRequest.java:634)
	at org.apache.hadoop.ozone.om.request.key.OMKeyCreateRequest.validateAndUpdateCache(OMKeyCreateRequest.java:306)
	at org.apache.hadoop.ozone.protocolPB.OzoneManagerRequestHandler.lambda$0(OzoneManagerRequestHandler.java:403)
	at org.apache.hadoop.util.MetricUtil.captureLatencyNs(MetricUtil.java:45)
	at org.apache.hadoop.ozone.protocolPB.OzoneManagerRequestHandler.handleWriteRequest(OzoneManagerRequestHandler.java:399)
	at org.apache.hadoop.ozone.om.ratis.OzoneManagerStateMachine.runCommand(OzoneManagerStateMachine.java:527)
	at org.apache.hadoop.ozone.om.ratis.OzoneManagerStateMachine.lambda$1(OzoneManagerStateMachine.java:345)
	at java.util.concurrent.CompletableFuture$AsyncSupply.run(CompletableFuture.java:1604)
	at java.util.concurrent.ThreadPoolExecutor.runWorker(ThreadPoolExecutor.java:1149)
	at java.util.concurrent.ThreadPoolExecutor$Worker.run(ThreadPoolExecutor.java:624)
	at java.lang.Thread.run(Thread.java:750)
21:34:32.217 [om1-OMStateMachineApplyTransactionThread - 0] ERROR OMAudit - user=runner | ip=127.0.0.1 | op=CREATE_FILE {volume=3ef3c9ec-e98b-4c36-8d47-597c2dc144fa, bucket=d53250c4-9a86-4971-b79d-b551406825a4, key=c65ba0bf-f951-42ea-b71b-377bc368b349, dataSize=4194304, replicationType=RATIS, replicationFactor=ONE} | ret=FAILURE
org.apache.hadoop.ozone.om.exceptions.OMException: The DiskSpace quota of bucket:d53250c4-9a86-4971-b79d-b551406825a4 exceeded quotaInBytes: 1 Bytes but diskspace consumed: 4194304 Bytes.
	at org.apache.hadoop.ozone.om.request.key.OMKeyRequest.checkBucketQuotaInBytes(OMKeyRequest.java:634) ~[ozone-manager-1.5.0-SNAPSHOT.jar:?]
	at org.apache.hadoop.ozone.om.request.file.OMFileCreateRequest.validateAndUpdateCache(OMFileCreateRequest.java:278) ~[ozone-manager-1.5.0-SNAPSHOT.jar:?]
	at org.apache.hadoop.ozone.protocolPB.OzoneManagerRequestHandler.lambda$0(OzoneManagerRequestHandler.java:403) ~[ozone-manager-1.5.0-SNAPSHOT.jar:?]
	at org.apache.hadoop.util.MetricUtil.captureLatencyNs(MetricUtil.java:45) ~[hdds-common-1.5.0-SNAPSHOT.jar:?]
	at org.apache.hadoop.ozone.protocolPB.OzoneManagerRequestHandler.handleWriteRequest(OzoneManagerRequestHandler.java:399) ~[ozone-manager-1.5.0-SNAPSHOT.jar:?]
	at org.apache.hadoop.ozone.om.ratis.OzoneManagerStateMachine.runCommand(OzoneManagerStateMachine.java:527) ~[ozone-manager-1.5.0-SNAPSHOT.jar:?]
	at org.apache.hadoop.ozone.om.ratis.OzoneManagerStateMachine.lambda$1(OzoneManagerStateMachine.java:345) ~[ozone-manager-1.5.0-SNAPSHOT.jar:?]
	at java.util.concurrent.CompletableFuture$AsyncSupply.run(CompletableFuture.java:1604) [?:1.8.0_392]
	at java.util.concurrent.ThreadPoolExecutor.runWorker(ThreadPoolExecutor.java:1149) [?:1.8.0_392]
	at java.util.concurrent.ThreadPoolExecutor$Worker.run(ThreadPoolExecutor.java:624) [?:1.8.0_392]
	at java.lang.Thread.run(Thread.java:750) [?:1.8.0_392]
2024-01-26 21:34:32,217 [om1-OMStateMachineApplyTransactionThread - 0] ERROR file.OMFileCreateRequest (OMFileCreateRequest.java:validateAndUpdateCache(338)) - File create failed. Volume:3ef3c9ec-e98b-4c36-8d47-597c2dc144fa, Bucket:d53250c4-9a86-4971-b79d-b551406825a4, Keyc65ba0bf-f951-42ea-b71b-377bc368b349.
QUOTA_EXCEEDED org.apache.hadoop.ozone.om.exceptions.OMException: The DiskSpace quota of bucket:d53250c4-9a86-4971-b79d-b551406825a4 exceeded quotaInBytes: 1 Bytes but diskspace consumed: 4194304 Bytes.
	at org.apache.hadoop.ozone.om.request.key.OMKeyRequest.checkBucketQuotaInBytes(OMKeyRequest.java:634)
	at org.apache.hadoop.ozone.om.request.file.OMFileCreateRequest.validateAndUpdateCache(OMFileCreateRequest.java:278)
	at org.apache.hadoop.ozone.protocolPB.OzoneManagerRequestHandler.lambda$0(OzoneManagerRequestHandler.java:403)
	at org.apache.hadoop.util.MetricUtil.captureLatencyNs(MetricUtil.java:45)
	at org.apache.hadoop.ozone.protocolPB.OzoneManagerRequestHandler.handleWriteRequest(OzoneManagerRequestHandler.java:399)
	at org.apache.hadoop.ozone.om.ratis.OzoneManagerStateMachine.runCommand(OzoneManagerStateMachine.java:527)
	at org.apache.hadoop.ozone.om.ratis.OzoneManagerStateMachine.lambda$1(OzoneManagerStateMachine.java:345)
	at java.util.concurrent.CompletableFuture$AsyncSupply.run(CompletableFuture.java:1604)
	at java.util.concurrent.ThreadPoolExecutor.runWorker(ThreadPoolExecutor.java:1149)
	at java.util.concurrent.ThreadPoolExecutor$Worker.run(ThreadPoolExecutor.java:624)
	at java.lang.Thread.run(Thread.java:750)
2024-01-26 21:34:32,684 [om1-OMStateMachineApplyTransactionThread - 0] ERROR key.OMAllocateBlockRequest (OMAllocateBlockRequest.java:validateAndUpdateCache(251)) - Allocate Block failed. Volume:3ef3c9ec-e98b-4c36-8d47-597c2dc144fa, Bucket:d53250c4-9a86-4971-b79d-b551406825a4, OpenKey:/3ef3c9ec-e98b-4c36-8d47-597c2dc144fa/d53250c4-9a86-4971-b79d-b551406825a4/a5830824-1533-4714-9b9a-06b77f4d6cb8/111824396106137677. Exception:{}
QUOTA_EXCEEDED org.apache.hadoop.ozone.om.exceptions.OMException: The DiskSpace quota of bucket:d53250c4-9a86-4971-b79d-b551406825a4 exceeded quotaInBytes: 16777216 Bytes but diskspace consumed: 20971520 Bytes.
	at org.apache.hadoop.ozone.om.request.key.OMKeyRequest.checkBucketQuotaInBytes(OMKeyRequest.java:634)
	at org.apache.hadoop.ozone.om.request.key.OMAllocateBlockRequest.validateAndUpdateCache(OMAllocateBlockRequest.java:223)
	at org.apache.hadoop.ozone.protocolPB.OzoneManagerRequestHandler.lambda$0(OzoneManagerRequestHandler.java:403)
	at org.apache.hadoop.util.MetricUtil.captureLatencyNs(MetricUtil.java:45)
	at org.apache.hadoop.ozone.protocolPB.OzoneManagerRequestHandler.handleWriteRequest(OzoneManagerRequestHandler.java:399)
	at org.apache.hadoop.ozone.om.ratis.OzoneManagerStateMachine.runCommand(OzoneManagerStateMachine.java:527)
	at org.apache.hadoop.ozone.om.ratis.OzoneManagerStateMachine.lambda$1(OzoneManagerStateMachine.java:345)
	at java.util.concurrent.CompletableFuture$AsyncSupply.run(CompletableFuture.java:1604)
	at java.util.concurrent.ThreadPoolExecutor.runWorker(ThreadPoolExecutor.java:1149)
	at java.util.concurrent.ThreadPoolExecutor$Worker.run(ThreadPoolExecutor.java:624)
	at java.lang.Thread.run(Thread.java:750)
21:34:32.684 [om1-OMStateMachineApplyTransactionThread - 0] ERROR OMAudit - user=runner | ip=127.0.0.1 | op=ALLOCATE_BLOCK {volume=3ef3c9ec-e98b-4c36-8d47-597c2dc144fa, bucket=d53250c4-9a86-4971-b79d-b551406825a4, key=a5830824-1533-4714-9b9a-06b77f4d6cb8, dataSize=12, replicationType=RATIS, replicationFactor=ONE, clientID=111824396106137677} | ret=FAILURE
org.apache.hadoop.ozone.om.exceptions.OMException: The DiskSpace quota of bucket:d53250c4-9a86-4971-b79d-b551406825a4 exceeded quotaInBytes: 16777216 Bytes but diskspace consumed: 20971520 Bytes.
	at org.apache.hadoop.ozone.om.request.key.OMKeyRequest.checkBucketQuotaInBytes(OMKeyRequest.java:634) ~[ozone-manager-1.5.0-SNAPSHOT.jar:?]
	at org.apache.hadoop.ozone.om.request.key.OMAllocateBlockRequest.validateAndUpdateCache(OMAllocateBlockRequest.java:223) ~[ozone-manager-1.5.0-SNAPSHOT.jar:?]
	at org.apache.hadoop.ozone.protocolPB.OzoneManagerRequestHandler.lambda$0(OzoneManagerRequestHandler.java:403) ~[ozone-manager-1.5.0-SNAPSHOT.jar:?]
	at org.apache.hadoop.util.MetricUtil.captureLatencyNs(MetricUtil.java:45) ~[hdds-common-1.5.0-SNAPSHOT.jar:?]
	at org.apache.hadoop.ozone.protocolPB.OzoneManagerRequestHandler.handleWriteRequest(OzoneManagerRequestHandler.java:399) ~[ozone-manager-1.5.0-SNAPSHOT.jar:?]
	at org.apache.hadoop.ozone.om.ratis.OzoneManagerStateMachine.runCommand(OzoneManagerStateMachine.java:527) ~[ozone-manager-1.5.0-SNAPSHOT.jar:?]
	at org.apache.hadoop.ozone.om.ratis.OzoneManagerStateMachine.lambda$1(OzoneManagerStateMachine.java:345) ~[ozone-manager-1.5.0-SNAPSHOT.jar:?]
	at java.util.concurrent.CompletableFuture$AsyncSupply.run(CompletableFuture.java:1604) [?:1.8.0_392]
	at java.util.concurrent.ThreadPoolExecutor.runWorker(ThreadPoolExecutor.java:1149) [?:1.8.0_392]
	at java.util.concurrent.ThreadPoolExecutor$Worker.run(ThreadPoolExecutor.java:624) [?:1.8.0_392]
	at java.lang.Thread.run(Thread.java:750) [?:1.8.0_392]
]]></system-out>
  </testcase>
  <testcase name="testCommitPartAfterCompleteUpload" classname="org.apache.hadoop.ozone.client.rpc.TestSecureOzoneRpcClient" time="0.344">
    <system-out><![CDATA[2024-01-26 21:34:32,718 [main] INFO  rpc.RpcClient (RpcClient.java:createVolume(456)) - Creating Volume: f1de9806-54bb-4bf5-a474-f3ce32e3a04b, with runner as owner and space quota set to -1 bytes, counts quota set to -1
2024-01-26 21:34:32,720 [om1-OMStateMachineApplyTransactionThread - 0] INFO  volume.OMVolumeCreateRequest (OMVolumeCreateRequest.java:validateAndUpdateCache(198)) - created volume:f1de9806-54bb-4bf5-a474-f3ce32e3a04b for user:runner
2024-01-26 21:34:32,722 [main] INFO  rpc.RpcClient (RpcClient.java:createBucket(683)) - Creating Bucket: f1de9806-54bb-4bf5-a474-f3ce32e3a04b/5472367c-756b-42ba-a5a2-c9e0fbfaf652, with server-side default bucket layout, runner as owner, Versioning false, Storage Type set to DISK and Encryption set to false, Replication Type set to server-side default replication type, Namespace Quota set to -1, Space Quota set to -1 
2024-01-26 21:34:32,723 [om1-OMStateMachineApplyTransactionThread - 0] INFO  bucket.OMBucketCreateRequest (OMBucketCreateRequest.java:validateAndUpdateCache(292)) - created bucket: 5472367c-756b-42ba-a5a2-c9e0fbfaf652 of layout OBJECT_STORE in volume: f1de9806-54bb-4bf5-a474-f3ce32e3a04b
2024-01-26 21:34:32,948 [IPC Server handler 11 on default port 15001] WARN  node.SCMNodeManager (SCMNodeManager.java:getNodesByAddress(1549)) - Cannot find node for address 127.0.0.1
2024-01-26 21:34:32,950 [IPC Server handler 12 on default port 15001] WARN  node.SCMNodeManager (SCMNodeManager.java:getNodesByAddress(1549)) - Cannot find node for address 127.0.0.1
21:34:33.061 [om1-OMStateMachineApplyTransactionThread - 0] ERROR OMAudit - user=runner | ip=127.0.0.1 | op=COMMIT_MULTIPART_UPLOAD_PARTKEY {volume=f1de9806-54bb-4bf5-a474-f3ce32e3a04b, bucket=5472367c-756b-42ba-a5a2-c9e0fbfaf652, key=7c378988-a321-4744-a391-980cfa5712ce, dataSize=5242880, replicationType=NONE, replicationFactor=ZERO, partNumber=2, partName=/f1de9806-54bb-4bf5-a474-f3ce32e3a04b/5472367c-756b-42ba-a5a2-c9e0fbfaf652/7c378988-a321-4744-a391-980cfa5712ce-98215cbb-a608-47d7-bb17-ddb537f6f13b-111824396138905680-2} | ret=FAILURE
org.apache.hadoop.ozone.om.exceptions.OMException: No such Multipart upload is with specified uploadId 98215cbb-a608-47d7-bb17-ddb537f6f13b-111824396138905680
	at org.apache.hadoop.ozone.om.request.s3.multipart.S3MultipartUploadCommitPartRequest.validateAndUpdateCache(S3MultipartUploadCommitPartRequest.java:190) ~[ozone-manager-1.5.0-SNAPSHOT.jar:?]
	at org.apache.hadoop.ozone.protocolPB.OzoneManagerRequestHandler.lambda$0(OzoneManagerRequestHandler.java:403) ~[ozone-manager-1.5.0-SNAPSHOT.jar:?]
	at org.apache.hadoop.util.MetricUtil.captureLatencyNs(MetricUtil.java:45) ~[hdds-common-1.5.0-SNAPSHOT.jar:?]
	at org.apache.hadoop.ozone.protocolPB.OzoneManagerRequestHandler.handleWriteRequest(OzoneManagerRequestHandler.java:399) ~[ozone-manager-1.5.0-SNAPSHOT.jar:?]
	at org.apache.hadoop.ozone.om.ratis.OzoneManagerStateMachine.runCommand(OzoneManagerStateMachine.java:527) ~[ozone-manager-1.5.0-SNAPSHOT.jar:?]
	at org.apache.hadoop.ozone.om.ratis.OzoneManagerStateMachine.lambda$1(OzoneManagerStateMachine.java:345) ~[ozone-manager-1.5.0-SNAPSHOT.jar:?]
	at java.util.concurrent.CompletableFuture$AsyncSupply.run(CompletableFuture.java:1604) [?:1.8.0_392]
	at java.util.concurrent.ThreadPoolExecutor.runWorker(ThreadPoolExecutor.java:1149) [?:1.8.0_392]
	at java.util.concurrent.ThreadPoolExecutor$Worker.run(ThreadPoolExecutor.java:624) [?:1.8.0_392]
	at java.lang.Thread.run(Thread.java:750) [?:1.8.0_392]
2024-01-26 21:34:33,061 [om1-OMStateMachineApplyTransactionThread - 0] ERROR multipart.S3MultipartUploadCommitPartRequest (S3MultipartUploadCommitPartRequest.java:logResult(330)) - MultipartUpload Commit is failed for Key:7c378988-a321-4744-a391-980cfa5712ce in Volume/Bucket f1de9806-54bb-4bf5-a474-f3ce32e3a04b/5472367c-756b-42ba-a5a2-c9e0fbfaf652
NO_SUCH_MULTIPART_UPLOAD_ERROR org.apache.hadoop.ozone.om.exceptions.OMException: No such Multipart upload is with specified uploadId 98215cbb-a608-47d7-bb17-ddb537f6f13b-111824396138905680
	at org.apache.hadoop.ozone.om.request.s3.multipart.S3MultipartUploadCommitPartRequest.validateAndUpdateCache(S3MultipartUploadCommitPartRequest.java:190)
	at org.apache.hadoop.ozone.protocolPB.OzoneManagerRequestHandler.lambda$0(OzoneManagerRequestHandler.java:403)
	at org.apache.hadoop.util.MetricUtil.captureLatencyNs(MetricUtil.java:45)
	at org.apache.hadoop.ozone.protocolPB.OzoneManagerRequestHandler.handleWriteRequest(OzoneManagerRequestHandler.java:399)
	at org.apache.hadoop.ozone.om.ratis.OzoneManagerStateMachine.runCommand(OzoneManagerStateMachine.java:527)
	at org.apache.hadoop.ozone.om.ratis.OzoneManagerStateMachine.lambda$1(OzoneManagerStateMachine.java:345)
	at java.util.concurrent.CompletableFuture$AsyncSupply.run(CompletableFuture.java:1604)
	at java.util.concurrent.ThreadPoolExecutor.runWorker(ThreadPoolExecutor.java:1149)
	at java.util.concurrent.ThreadPoolExecutor$Worker.run(ThreadPoolExecutor.java:624)
	at java.lang.Thread.run(Thread.java:750)
]]></system-out>
  </testcase>
  <testcase name="testCreateBucket" classname="org.apache.hadoop.ozone.client.rpc.TestSecureOzoneRpcClient" time="0.007">
    <system-out><![CDATA[2024-01-26 21:34:33,064 [main] INFO  rpc.RpcClient (RpcClient.java:createVolume(456)) - Creating Volume: d5c09413-5f4d-42cb-a611-6d0613f4b854, with runner as owner and space quota set to -1 bytes, counts quota set to -1
2024-01-26 21:34:33,065 [om1-OMStateMachineApplyTransactionThread - 0] INFO  volume.OMVolumeCreateRequest (OMVolumeCreateRequest.java:validateAndUpdateCache(198)) - created volume:d5c09413-5f4d-42cb-a611-6d0613f4b854 for user:runner
2024-01-26 21:34:33,066 [main] INFO  rpc.RpcClient (RpcClient.java:createBucket(683)) - Creating Bucket: d5c09413-5f4d-42cb-a611-6d0613f4b854/55a86fa1-58c9-4128-ba88-266602491635, with server-side default bucket layout, runner as owner, Versioning false, Storage Type set to DISK and Encryption set to false, Replication Type set to server-side default replication type, Namespace Quota set to -1, Space Quota set to -1 
2024-01-26 21:34:33,068 [om1-OMStateMachineApplyTransactionThread - 0] INFO  bucket.OMBucketCreateRequest (OMBucketCreateRequest.java:validateAndUpdateCache(292)) - created bucket: 55a86fa1-58c9-4128-ba88-266602491635 of layout OBJECT_STORE in volume: d5c09413-5f4d-42cb-a611-6d0613f4b854
]]></system-out>
  </testcase>
  <testcase name="testCreateBucketWithAcls" classname="org.apache.hadoop.ozone.client.rpc.TestSecureOzoneRpcClient" time="0.006">
    <system-out><![CDATA[2024-01-26 21:34:33,071 [main] INFO  rpc.RpcClient (RpcClient.java:createVolume(456)) - Creating Volume: 024a95f2-98bf-4f6e-9b02-c08226b15fb4, with runner as owner and space quota set to -1 bytes, counts quota set to -1
2024-01-26 21:34:33,072 [om1-OMStateMachineApplyTransactionThread - 0] INFO  volume.OMVolumeCreateRequest (OMVolumeCreateRequest.java:validateAndUpdateCache(198)) - created volume:024a95f2-98bf-4f6e-9b02-c08226b15fb4 for user:runner
2024-01-26 21:34:33,074 [main] INFO  rpc.RpcClient (RpcClient.java:createBucket(683)) - Creating Bucket: 024a95f2-98bf-4f6e-9b02-c08226b15fb4/5a28e61e-48cb-4fda-9ef6-a4b3f772004c, with server-side default bucket layout, runner as owner, Versioning false, Storage Type set to DISK and Encryption set to false, Replication Type set to server-side default replication type, Namespace Quota set to -1, Space Quota set to -1 
2024-01-26 21:34:33,075 [om1-OMStateMachineApplyTransactionThread - 0] INFO  bucket.OMBucketCreateRequest (OMBucketCreateRequest.java:validateAndUpdateCache(292)) - created bucket: 5a28e61e-48cb-4fda-9ef6-a4b3f772004c of layout OBJECT_STORE in volume: 024a95f2-98bf-4f6e-9b02-c08226b15fb4
]]></system-out>
  </testcase>
  <testcase name="testCreateBucketWithAllArgument" classname="org.apache.hadoop.ozone.client.rpc.TestSecureOzoneRpcClient" time="0.012">
    <system-out><![CDATA[2024-01-26 21:34:33,078 [main] INFO  rpc.RpcClient (RpcClient.java:createVolume(456)) - Creating Volume: 57033504-ab0e-43ef-b281-8ffc894d9daa, with runner as owner and space quota set to -1 bytes, counts quota set to -1
2024-01-26 21:34:33,079 [om1-OMStateMachineApplyTransactionThread - 0] INFO  volume.OMVolumeCreateRequest (OMVolumeCreateRequest.java:validateAndUpdateCache(198)) - created volume:57033504-ab0e-43ef-b281-8ffc894d9daa for user:runner
2024-01-26 21:34:33,082 [main] INFO  rpc.RpcClient (RpcClient.java:createBucket(683)) - Creating Bucket: 57033504-ab0e-43ef-b281-8ffc894d9daa/cd4439eb-16bc-49d9-8a19-9c31c5781757, with server-side default bucket layout, runner as owner, Versioning true, Storage Type set to SSD and Encryption set to false, Replication Type set to EC, Namespace Quota set to -1, Space Quota set to -1 
2024-01-26 21:34:33,086 [om1-OMStateMachineApplyTransactionThread - 0] INFO  bucket.OMBucketCreateRequest (OMBucketCreateRequest.java:validateAndUpdateCache(292)) - created bucket: cd4439eb-16bc-49d9-8a19-9c31c5781757 of layout OBJECT_STORE in volume: 57033504-ab0e-43ef-b281-8ffc894d9daa
]]></system-out>
  </testcase>
  <testcase name="testCreateBucketWithMetadata" classname="org.apache.hadoop.ozone.client.rpc.TestSecureOzoneRpcClient" time="0.009">
    <system-out><![CDATA[2024-01-26 21:34:33,090 [main] INFO  rpc.RpcClient (RpcClient.java:createVolume(456)) - Creating Volume: 61045d57-c3fb-4ad8-8e1f-12a52d05faa9, with runner as owner and space quota set to -1 bytes, counts quota set to -1
2024-01-26 21:34:33,092 [om1-OMStateMachineApplyTransactionThread - 0] INFO  volume.OMVolumeCreateRequest (OMVolumeCreateRequest.java:validateAndUpdateCache(198)) - created volume:61045d57-c3fb-4ad8-8e1f-12a52d05faa9 for user:runner
2024-01-26 21:34:33,095 [main] INFO  rpc.RpcClient (RpcClient.java:createBucket(683)) - Creating Bucket: 61045d57-c3fb-4ad8-8e1f-12a52d05faa9/8bf9d084-2de8-4e99-a6a6-ce2375a8a56f, with server-side default bucket layout, runner as owner, Versioning false, Storage Type set to DISK and Encryption set to false, Replication Type set to server-side default replication type, Namespace Quota set to -1, Space Quota set to -1 
2024-01-26 21:34:33,097 [om1-OMStateMachineApplyTransactionThread - 0] INFO  bucket.OMBucketCreateRequest (OMBucketCreateRequest.java:validateAndUpdateCache(292)) - created bucket: 8bf9d084-2de8-4e99-a6a6-ce2375a8a56f of layout OBJECT_STORE in volume: 61045d57-c3fb-4ad8-8e1f-12a52d05faa9
]]></system-out>
  </testcase>
  <testcase name="testCreateBucketWithReplicationConfig" classname="org.apache.hadoop.ozone.client.rpc.TestSecureOzoneRpcClient" time="0.009">
    <system-out><![CDATA[2024-01-26 21:34:33,100 [main] INFO  rpc.RpcClient (RpcClient.java:createVolume(456)) - Creating Volume: 00569be9-ee32-43c9-9feb-ed90857e3cbb, with runner as owner and space quota set to -1 bytes, counts quota set to -1
2024-01-26 21:34:33,102 [om1-OMStateMachineApplyTransactionThread - 0] INFO  volume.OMVolumeCreateRequest (OMVolumeCreateRequest.java:validateAndUpdateCache(198)) - created volume:00569be9-ee32-43c9-9feb-ed90857e3cbb for user:runner
2024-01-26 21:34:33,104 [main] INFO  rpc.RpcClient (RpcClient.java:createBucket(683)) - Creating Bucket: 00569be9-ee32-43c9-9feb-ed90857e3cbb/eaaad0ba-9a15-4aff-85b6-51dd0323894c, with server-side default bucket layout, runner as owner, Versioning false, Storage Type set to DISK and Encryption set to false, Replication Type set to EC, Namespace Quota set to -1, Space Quota set to -1 
2024-01-26 21:34:33,106 [om1-OMStateMachineApplyTransactionThread - 0] INFO  bucket.OMBucketCreateRequest (OMBucketCreateRequest.java:validateAndUpdateCache(292)) - created bucket: eaaad0ba-9a15-4aff-85b6-51dd0323894c of layout OBJECT_STORE in volume: 00569be9-ee32-43c9-9feb-ed90857e3cbb
]]></system-out>
  </testcase>
  <testcase name="testCreateBucketWithStorageType" classname="org.apache.hadoop.ozone.client.rpc.TestSecureOzoneRpcClient" time="0.01">
    <system-out><![CDATA[2024-01-26 21:34:33,111 [main] INFO  rpc.RpcClient (RpcClient.java:createVolume(456)) - Creating Volume: e5670635-02b5-4b12-93cd-68a97bee9056, with runner as owner and space quota set to -1 bytes, counts quota set to -1
2024-01-26 21:34:33,112 [om1-OMStateMachineApplyTransactionThread - 0] INFO  volume.OMVolumeCreateRequest (OMVolumeCreateRequest.java:validateAndUpdateCache(198)) - created volume:e5670635-02b5-4b12-93cd-68a97bee9056 for user:runner
2024-01-26 21:34:33,115 [main] INFO  rpc.RpcClient (RpcClient.java:createBucket(683)) - Creating Bucket: e5670635-02b5-4b12-93cd-68a97bee9056/f59c0e41-1a64-42bf-9a9a-ceaea68452c0, with server-side default bucket layout, runner as owner, Versioning false, Storage Type set to SSD and Encryption set to false, Replication Type set to server-side default replication type, Namespace Quota set to -1, Space Quota set to -1 
2024-01-26 21:34:33,116 [om1-OMStateMachineApplyTransactionThread - 0] INFO  bucket.OMBucketCreateRequest (OMBucketCreateRequest.java:validateAndUpdateCache(292)) - created bucket: f59c0e41-1a64-42bf-9a9a-ceaea68452c0 of layout OBJECT_STORE in volume: e5670635-02b5-4b12-93cd-68a97bee9056
]]></system-out>
  </testcase>
  <testcase name="testCreateBucketWithVersioning" classname="org.apache.hadoop.ozone.client.rpc.TestSecureOzoneRpcClient" time="0.006">
    <system-out><![CDATA[2024-01-26 21:34:33,120 [main] INFO  rpc.RpcClient (RpcClient.java:createVolume(456)) - Creating Volume: dd3c5b42-0e75-460f-853d-b6c9dab8c5f7, with runner as owner and space quota set to -1 bytes, counts quota set to -1
2024-01-26 21:34:33,122 [om1-OMStateMachineApplyTransactionThread - 0] INFO  volume.OMVolumeCreateRequest (OMVolumeCreateRequest.java:validateAndUpdateCache(198)) - created volume:dd3c5b42-0e75-460f-853d-b6c9dab8c5f7 for user:runner
2024-01-26 21:34:33,123 [main] INFO  rpc.RpcClient (RpcClient.java:createBucket(683)) - Creating Bucket: dd3c5b42-0e75-460f-853d-b6c9dab8c5f7/c55c044e-23d1-45d6-9be3-9a4468ff6a94, with server-side default bucket layout, runner as owner, Versioning true, Storage Type set to DISK and Encryption set to false, Replication Type set to server-side default replication type, Namespace Quota set to -1, Space Quota set to -1 
2024-01-26 21:34:33,125 [om1-OMStateMachineApplyTransactionThread - 0] INFO  bucket.OMBucketCreateRequest (OMBucketCreateRequest.java:validateAndUpdateCache(292)) - created bucket: c55c044e-23d1-45d6-9be3-9a4468ff6a94 of layout OBJECT_STORE in volume: dd3c5b42-0e75-460f-853d-b6c9dab8c5f7
]]></system-out>
  </testcase>
  <testcase name="testCreateS3Bucket" classname="org.apache.hadoop.ozone.client.rpc.TestSecureOzoneRpcClient" time="0.008">
    <system-out><![CDATA[2024-01-26 21:34:33,132 [main] INFO  rpc.RpcClient (RpcClient.java:createBucket(683)) - Creating Bucket: s3v/f0c68227-c3c8-4eb4-9bdd-21dbf3f360b9, with bucket layout OBJECT_STORE, runner as owner, Versioning false, Storage Type set to DISK and Encryption set to false, Replication Type set to server-side default replication type, Namespace Quota set to -1, Space Quota set to -1 
2024-01-26 21:34:33,133 [om1-OMStateMachineApplyTransactionThread - 0] INFO  bucket.OMBucketCreateRequest (OMBucketCreateRequest.java:validateAndUpdateCache(292)) - created bucket: f0c68227-c3c8-4eb4-9bdd-21dbf3f360b9 of layout OBJECT_STORE in volume: s3v
]]></system-out>
  </testcase>
  <testcase name="testCreateVolumeWithMetadata" classname="org.apache.hadoop.ozone.client.rpc.TestSecureOzoneRpcClient" time="0.003">
    <system-out><![CDATA[2024-01-26 21:34:33,136 [main] INFO  rpc.RpcClient (RpcClient.java:createVolume(456)) - Creating Volume: 3d4645f9-c01d-4339-b603-e3b0691b5713, with runner as owner and space quota set to -1 bytes, counts quota set to -1
2024-01-26 21:34:33,137 [om1-OMStateMachineApplyTransactionThread - 0] INFO  volume.OMVolumeCreateRequest (OMVolumeCreateRequest.java:validateAndUpdateCache(198)) - created volume:3d4645f9-c01d-4339-b603-e3b0691b5713 for user:runner
]]></system-out>
  </testcase>
  <testcase name="testDefaultS3GVolumeExists" classname="org.apache.hadoop.ozone.client.rpc.TestSecureOzoneRpcClient" time="0.001"/>
  <testcase name="testDeleteBucket" classname="org.apache.hadoop.ozone.client.rpc.TestSecureOzoneRpcClient" time="0.009">
    <system-out><![CDATA[2024-01-26 21:34:33,141 [main] INFO  rpc.RpcClient (RpcClient.java:createVolume(456)) - Creating Volume: a9d42bc0-77cb-4d43-8814-8655d787ff37, with runner as owner and space quota set to -1 bytes, counts quota set to -1
2024-01-26 21:34:33,143 [om1-OMStateMachineApplyTransactionThread - 0] INFO  volume.OMVolumeCreateRequest (OMVolumeCreateRequest.java:validateAndUpdateCache(198)) - created volume:a9d42bc0-77cb-4d43-8814-8655d787ff37 for user:runner
2024-01-26 21:34:33,144 [main] INFO  rpc.RpcClient (RpcClient.java:createBucket(683)) - Creating Bucket: a9d42bc0-77cb-4d43-8814-8655d787ff37/4a71bdf2-06f8-417b-aa51-97885f73a258, with server-side default bucket layout, runner as owner, Versioning false, Storage Type set to DISK and Encryption set to false, Replication Type set to server-side default replication type, Namespace Quota set to -1, Space Quota set to -1 
2024-01-26 21:34:33,145 [om1-OMStateMachineApplyTransactionThread - 0] INFO  bucket.OMBucketCreateRequest (OMBucketCreateRequest.java:validateAndUpdateCache(292)) - created bucket: 4a71bdf2-06f8-417b-aa51-97885f73a258 of layout OBJECT_STORE in volume: a9d42bc0-77cb-4d43-8814-8655d787ff37
21:34:33.149 [IPC Server handler 3 on default port 15004] ERROR OMAudit - user=runner | ip=127.0.0.1 | op=READ_BUCKET {volume=a9d42bc0-77cb-4d43-8814-8655d787ff37, bucket=4a71bdf2-06f8-417b-aa51-97885f73a258} | ret=FAILURE
org.apache.hadoop.ozone.om.exceptions.OMException: Bucket not found
	at org.apache.hadoop.ozone.om.OzoneManager.getBucketOwner(OzoneManager.java:2533) ~[ozone-manager-1.5.0-SNAPSHOT.jar:?]
	at org.apache.hadoop.ozone.om.OzoneManager.getBucketOwner(OzoneManager.java:2501) ~[ozone-manager-1.5.0-SNAPSHOT.jar:?]
	at org.apache.hadoop.ozone.om.OmMetadataReader.checkAcls(OmMetadataReader.java:456) ~[ozone-manager-1.5.0-SNAPSHOT.jar:?]
	at org.apache.hadoop.ozone.om.OzoneManager.getBucketInfo(OzoneManager.java:2791) ~[ozone-manager-1.5.0-SNAPSHOT.jar:?]
	at org.apache.hadoop.ozone.protocolPB.OzoneManagerRequestHandler.infoBucket(OzoneManagerRequestHandler.java:601) ~[ozone-manager-1.5.0-SNAPSHOT.jar:?]
	at org.apache.hadoop.ozone.protocolPB.OzoneManagerRequestHandler.handleReadRequest(OzoneManagerRequestHandler.java:213) ~[ozone-manager-1.5.0-SNAPSHOT.jar:?]
	at org.apache.hadoop.ozone.protocolPB.OzoneManagerProtocolServerSideTranslatorPB.submitReadRequestToOM(OzoneManagerProtocolServerSideTranslatorPB.java:250) ~[ozone-manager-1.5.0-SNAPSHOT.jar:?]
	at org.apache.hadoop.ozone.protocolPB.OzoneManagerProtocolServerSideTranslatorPB.internalProcessRequest(OzoneManagerProtocolServerSideTranslatorPB.java:196) ~[ozone-manager-1.5.0-SNAPSHOT.jar:?]
	at org.apache.hadoop.ozone.protocolPB.OzoneManagerProtocolServerSideTranslatorPB.processRequest(OzoneManagerProtocolServerSideTranslatorPB.java:156) ~[ozone-manager-1.5.0-SNAPSHOT.jar:?]
	at org.apache.hadoop.hdds.server.OzoneProtocolMessageDispatcher.processRequest(OzoneProtocolMessageDispatcher.java:89) [hdds-server-framework-1.5.0-SNAPSHOT.jar:?]
	at org.apache.hadoop.ozone.protocolPB.OzoneManagerProtocolServerSideTranslatorPB.submitRequest(OzoneManagerProtocolServerSideTranslatorPB.java:147) [ozone-manager-1.5.0-SNAPSHOT.jar:?]
	at org.apache.hadoop.ozone.protocol.proto.OzoneManagerProtocolProtos$OzoneManagerService$2.callBlockingMethod(OzoneManagerProtocolProtos.java) [ozone-interface-client-1.5.0-SNAPSHOT.jar:?]
	at org.apache.hadoop.ipc.ProtobufRpcEngine$Server.processCall(ProtobufRpcEngine.java:484) [hadoop-common-3.3.6.jar:?]
	at org.apache.hadoop.ipc.ProtobufRpcEngine2$Server$ProtoBufRpcInvoker.call(ProtobufRpcEngine2.java:595) [hadoop-common-3.3.6.jar:?]
	at org.apache.hadoop.ipc.ProtobufRpcEngine2$Server$ProtoBufRpcInvoker.call(ProtobufRpcEngine2.java:573) [hadoop-common-3.3.6.jar:?]
	at org.apache.hadoop.ipc.RPC$Server.call(RPC.java:1227) [hadoop-common-3.3.6.jar:?]
	at org.apache.hadoop.ipc.Server$RpcCall.run(Server.java:1094) [hadoop-common-3.3.6.jar:?]
	at org.apache.hadoop.ipc.Server$RpcCall.run(Server.java:1017) [hadoop-common-3.3.6.jar:?]
	at java.security.AccessController.doPrivileged(Native Method) ~[?:1.8.0_392]
	at javax.security.auth.Subject.doAs(Subject.java:422) [?:1.8.0_392]
	at org.apache.hadoop.security.UserGroupInformation.doAs(UserGroupInformation.java:1899) [hadoop-common-3.3.6.jar:?]
	at org.apache.hadoop.ipc.Server$Handler.run(Server.java:3048) [hadoop-common-3.3.6.jar:?]
]]></system-out>
  </testcase>
  <testcase name="testDeleteBucketWithTheSamePrefix(BucketLayout)[1]" classname="org.apache.hadoop.ozone.client.rpc.TestSecureOzoneRpcClient" time="0.017">
    <system-out><![CDATA[2024-01-26 21:34:33,152 [main] INFO  rpc.RpcClient (RpcClient.java:createVolume(456)) - Creating Volume: 17464043-dbdd-4a7e-92ad-bef386538ce8, with runner as owner and space quota set to -1 bytes, counts quota set to -1
2024-01-26 21:34:33,153 [om1-OMStateMachineApplyTransactionThread - 0] INFO  volume.OMVolumeCreateRequest (OMVolumeCreateRequest.java:validateAndUpdateCache(198)) - created volume:17464043-dbdd-4a7e-92ad-bef386538ce8 for user:runner
2024-01-26 21:34:33,155 [main] INFO  rpc.RpcClient (RpcClient.java:createBucket(683)) - Creating Bucket: 17464043-dbdd-4a7e-92ad-bef386538ce8/bucket1, with bucket layout OBJECT_STORE, runner as owner, Versioning false, Storage Type set to DISK and Encryption set to false, Replication Type set to server-side default replication type, Namespace Quota set to -1, Space Quota set to -1 
2024-01-26 21:34:33,156 [om1-OMStateMachineApplyTransactionThread - 0] INFO  bucket.OMBucketCreateRequest (OMBucketCreateRequest.java:validateAndUpdateCache(292)) - created bucket: bucket1 of layout OBJECT_STORE in volume: 17464043-dbdd-4a7e-92ad-bef386538ce8
2024-01-26 21:34:33,157 [main] INFO  rpc.RpcClient (RpcClient.java:createBucket(683)) - Creating Bucket: 17464043-dbdd-4a7e-92ad-bef386538ce8/bucket11, with bucket layout OBJECT_STORE, runner as owner, Versioning false, Storage Type set to DISK and Encryption set to false, Replication Type set to server-side default replication type, Namespace Quota set to -1, Space Quota set to -1 
2024-01-26 21:34:33,158 [om1-OMStateMachineApplyTransactionThread - 0] INFO  bucket.OMBucketCreateRequest (OMBucketCreateRequest.java:validateAndUpdateCache(292)) - created bucket: bucket11 of layout OBJECT_STORE in volume: 17464043-dbdd-4a7e-92ad-bef386538ce8
21:34:33.167 [IPC Server handler 15 on default port 15004] ERROR OMAudit - user=runner | ip=127.0.0.1 | op=READ_BUCKET {volume=17464043-dbdd-4a7e-92ad-bef386538ce8, bucket=bucket1} | ret=FAILURE
org.apache.hadoop.ozone.om.exceptions.OMException: Bucket not found
	at org.apache.hadoop.ozone.om.OzoneManager.getBucketOwner(OzoneManager.java:2533) ~[ozone-manager-1.5.0-SNAPSHOT.jar:?]
	at org.apache.hadoop.ozone.om.OzoneManager.getBucketOwner(OzoneManager.java:2501) ~[ozone-manager-1.5.0-SNAPSHOT.jar:?]
	at org.apache.hadoop.ozone.om.OmMetadataReader.checkAcls(OmMetadataReader.java:456) ~[ozone-manager-1.5.0-SNAPSHOT.jar:?]
	at org.apache.hadoop.ozone.om.OzoneManager.getBucketInfo(OzoneManager.java:2791) ~[ozone-manager-1.5.0-SNAPSHOT.jar:?]
	at org.apache.hadoop.ozone.protocolPB.OzoneManagerRequestHandler.infoBucket(OzoneManagerRequestHandler.java:601) ~[ozone-manager-1.5.0-SNAPSHOT.jar:?]
	at org.apache.hadoop.ozone.protocolPB.OzoneManagerRequestHandler.handleReadRequest(OzoneManagerRequestHandler.java:213) ~[ozone-manager-1.5.0-SNAPSHOT.jar:?]
	at org.apache.hadoop.ozone.protocolPB.OzoneManagerProtocolServerSideTranslatorPB.submitReadRequestToOM(OzoneManagerProtocolServerSideTranslatorPB.java:250) ~[ozone-manager-1.5.0-SNAPSHOT.jar:?]
	at org.apache.hadoop.ozone.protocolPB.OzoneManagerProtocolServerSideTranslatorPB.internalProcessRequest(OzoneManagerProtocolServerSideTranslatorPB.java:196) ~[ozone-manager-1.5.0-SNAPSHOT.jar:?]
	at org.apache.hadoop.ozone.protocolPB.OzoneManagerProtocolServerSideTranslatorPB.processRequest(OzoneManagerProtocolServerSideTranslatorPB.java:156) ~[ozone-manager-1.5.0-SNAPSHOT.jar:?]
	at org.apache.hadoop.hdds.server.OzoneProtocolMessageDispatcher.processRequest(OzoneProtocolMessageDispatcher.java:89) [hdds-server-framework-1.5.0-SNAPSHOT.jar:?]
	at org.apache.hadoop.ozone.protocolPB.OzoneManagerProtocolServerSideTranslatorPB.submitRequest(OzoneManagerProtocolServerSideTranslatorPB.java:147) [ozone-manager-1.5.0-SNAPSHOT.jar:?]
	at org.apache.hadoop.ozone.protocol.proto.OzoneManagerProtocolProtos$OzoneManagerService$2.callBlockingMethod(OzoneManagerProtocolProtos.java) [ozone-interface-client-1.5.0-SNAPSHOT.jar:?]
	at org.apache.hadoop.ipc.ProtobufRpcEngine$Server.processCall(ProtobufRpcEngine.java:484) [hadoop-common-3.3.6.jar:?]
	at org.apache.hadoop.ipc.ProtobufRpcEngine2$Server$ProtoBufRpcInvoker.call(ProtobufRpcEngine2.java:595) [hadoop-common-3.3.6.jar:?]
	at org.apache.hadoop.ipc.ProtobufRpcEngine2$Server$ProtoBufRpcInvoker.call(ProtobufRpcEngine2.java:573) [hadoop-common-3.3.6.jar:?]
	at org.apache.hadoop.ipc.RPC$Server.call(RPC.java:1227) [hadoop-common-3.3.6.jar:?]
	at org.apache.hadoop.ipc.Server$RpcCall.run(Server.java:1094) [hadoop-common-3.3.6.jar:?]
	at org.apache.hadoop.ipc.Server$RpcCall.run(Server.java:1017) [hadoop-common-3.3.6.jar:?]
	at java.security.AccessController.doPrivileged(Native Method) ~[?:1.8.0_392]
	at javax.security.auth.Subject.doAs(Subject.java:422) [?:1.8.0_392]
	at org.apache.hadoop.security.UserGroupInformation.doAs(UserGroupInformation.java:1899) [hadoop-common-3.3.6.jar:?]
	at org.apache.hadoop.ipc.Server$Handler.run(Server.java:3048) [hadoop-common-3.3.6.jar:?]
]]></system-out>
  </testcase>
  <testcase name="testDeleteBucketWithTheSamePrefix(BucketLayout)[2]" classname="org.apache.hadoop.ozone.client.rpc.TestSecureOzoneRpcClient" time="0.015">
    <system-out><![CDATA[2024-01-26 21:34:33,169 [main] INFO  rpc.RpcClient (RpcClient.java:createVolume(456)) - Creating Volume: 37962855-8809-48ba-83ed-39404d4186c3, with runner as owner and space quota set to -1 bytes, counts quota set to -1
2024-01-26 21:34:33,170 [om1-OMStateMachineApplyTransactionThread - 0] INFO  volume.OMVolumeCreateRequest (OMVolumeCreateRequest.java:validateAndUpdateCache(198)) - created volume:37962855-8809-48ba-83ed-39404d4186c3 for user:runner
2024-01-26 21:34:33,172 [main] INFO  rpc.RpcClient (RpcClient.java:createBucket(683)) - Creating Bucket: 37962855-8809-48ba-83ed-39404d4186c3/bucket1, with bucket layout LEGACY, runner as owner, Versioning false, Storage Type set to DISK and Encryption set to false, Replication Type set to server-side default replication type, Namespace Quota set to -1, Space Quota set to -1 
2024-01-26 21:34:33,173 [om1-OMStateMachineApplyTransactionThread - 0] INFO  bucket.OMBucketCreateRequest (OMBucketCreateRequest.java:validateAndUpdateCache(292)) - created bucket: bucket1 of layout LEGACY in volume: 37962855-8809-48ba-83ed-39404d4186c3
2024-01-26 21:34:33,173 [main] INFO  rpc.RpcClient (RpcClient.java:createBucket(683)) - Creating Bucket: 37962855-8809-48ba-83ed-39404d4186c3/bucket11, with bucket layout LEGACY, runner as owner, Versioning false, Storage Type set to DISK and Encryption set to false, Replication Type set to server-side default replication type, Namespace Quota set to -1, Space Quota set to -1 
2024-01-26 21:34:33,174 [om1-OMStateMachineApplyTransactionThread - 0] INFO  bucket.OMBucketCreateRequest (OMBucketCreateRequest.java:validateAndUpdateCache(292)) - created bucket: bucket11 of layout LEGACY in volume: 37962855-8809-48ba-83ed-39404d4186c3
21:34:33.183 [IPC Server handler 5 on default port 15004] ERROR OMAudit - user=runner | ip=127.0.0.1 | op=READ_BUCKET {volume=37962855-8809-48ba-83ed-39404d4186c3, bucket=bucket1} | ret=FAILURE
org.apache.hadoop.ozone.om.exceptions.OMException: Bucket not found
	at org.apache.hadoop.ozone.om.OzoneManager.getBucketOwner(OzoneManager.java:2533) ~[ozone-manager-1.5.0-SNAPSHOT.jar:?]
	at org.apache.hadoop.ozone.om.OzoneManager.getBucketOwner(OzoneManager.java:2501) ~[ozone-manager-1.5.0-SNAPSHOT.jar:?]
	at org.apache.hadoop.ozone.om.OmMetadataReader.checkAcls(OmMetadataReader.java:456) ~[ozone-manager-1.5.0-SNAPSHOT.jar:?]
	at org.apache.hadoop.ozone.om.OzoneManager.getBucketInfo(OzoneManager.java:2791) ~[ozone-manager-1.5.0-SNAPSHOT.jar:?]
	at org.apache.hadoop.ozone.protocolPB.OzoneManagerRequestHandler.infoBucket(OzoneManagerRequestHandler.java:601) ~[ozone-manager-1.5.0-SNAPSHOT.jar:?]
	at org.apache.hadoop.ozone.protocolPB.OzoneManagerRequestHandler.handleReadRequest(OzoneManagerRequestHandler.java:213) ~[ozone-manager-1.5.0-SNAPSHOT.jar:?]
	at org.apache.hadoop.ozone.protocolPB.OzoneManagerProtocolServerSideTranslatorPB.submitReadRequestToOM(OzoneManagerProtocolServerSideTranslatorPB.java:250) ~[ozone-manager-1.5.0-SNAPSHOT.jar:?]
	at org.apache.hadoop.ozone.protocolPB.OzoneManagerProtocolServerSideTranslatorPB.internalProcessRequest(OzoneManagerProtocolServerSideTranslatorPB.java:196) ~[ozone-manager-1.5.0-SNAPSHOT.jar:?]
	at org.apache.hadoop.ozone.protocolPB.OzoneManagerProtocolServerSideTranslatorPB.processRequest(OzoneManagerProtocolServerSideTranslatorPB.java:156) ~[ozone-manager-1.5.0-SNAPSHOT.jar:?]
	at org.apache.hadoop.hdds.server.OzoneProtocolMessageDispatcher.processRequest(OzoneProtocolMessageDispatcher.java:89) [hdds-server-framework-1.5.0-SNAPSHOT.jar:?]
	at org.apache.hadoop.ozone.protocolPB.OzoneManagerProtocolServerSideTranslatorPB.submitRequest(OzoneManagerProtocolServerSideTranslatorPB.java:147) [ozone-manager-1.5.0-SNAPSHOT.jar:?]
	at org.apache.hadoop.ozone.protocol.proto.OzoneManagerProtocolProtos$OzoneManagerService$2.callBlockingMethod(OzoneManagerProtocolProtos.java) [ozone-interface-client-1.5.0-SNAPSHOT.jar:?]
	at org.apache.hadoop.ipc.ProtobufRpcEngine$Server.processCall(ProtobufRpcEngine.java:484) [hadoop-common-3.3.6.jar:?]
	at org.apache.hadoop.ipc.ProtobufRpcEngine2$Server$ProtoBufRpcInvoker.call(ProtobufRpcEngine2.java:595) [hadoop-common-3.3.6.jar:?]
	at org.apache.hadoop.ipc.ProtobufRpcEngine2$Server$ProtoBufRpcInvoker.call(ProtobufRpcEngine2.java:573) [hadoop-common-3.3.6.jar:?]
	at org.apache.hadoop.ipc.RPC$Server.call(RPC.java:1227) [hadoop-common-3.3.6.jar:?]
	at org.apache.hadoop.ipc.Server$RpcCall.run(Server.java:1094) [hadoop-common-3.3.6.jar:?]
	at org.apache.hadoop.ipc.Server$RpcCall.run(Server.java:1017) [hadoop-common-3.3.6.jar:?]
	at java.security.AccessController.doPrivileged(Native Method) ~[?:1.8.0_392]
	at javax.security.auth.Subject.doAs(Subject.java:422) [?:1.8.0_392]
	at org.apache.hadoop.security.UserGroupInformation.doAs(UserGroupInformation.java:1899) [hadoop-common-3.3.6.jar:?]
	at org.apache.hadoop.ipc.Server$Handler.run(Server.java:3048) [hadoop-common-3.3.6.jar:?]
]]></system-out>
  </testcase>
  <testcase name="testDeleteBucketWithTheSamePrefix(BucketLayout)[3]" classname="org.apache.hadoop.ozone.client.rpc.TestSecureOzoneRpcClient" time="0.017">
    <system-out><![CDATA[2024-01-26 21:34:33,185 [main] INFO  rpc.RpcClient (RpcClient.java:createVolume(456)) - Creating Volume: 8bbb3a65-221e-46f9-b936-99ecbc43e4bf, with runner as owner and space quota set to -1 bytes, counts quota set to -1
2024-01-26 21:34:33,187 [om1-OMStateMachineApplyTransactionThread - 0] INFO  volume.OMVolumeCreateRequest (OMVolumeCreateRequest.java:validateAndUpdateCache(198)) - created volume:8bbb3a65-221e-46f9-b936-99ecbc43e4bf for user:runner
2024-01-26 21:34:33,188 [main] INFO  rpc.RpcClient (RpcClient.java:createBucket(683)) - Creating Bucket: 8bbb3a65-221e-46f9-b936-99ecbc43e4bf/bucket1, with bucket layout FILE_SYSTEM_OPTIMIZED, runner as owner, Versioning false, Storage Type set to DISK and Encryption set to false, Replication Type set to server-side default replication type, Namespace Quota set to -1, Space Quota set to -1 
2024-01-26 21:34:33,190 [om1-OMStateMachineApplyTransactionThread - 0] INFO  bucket.OMBucketCreateRequest (OMBucketCreateRequest.java:validateAndUpdateCache(292)) - created bucket: bucket1 of layout FILE_SYSTEM_OPTIMIZED in volume: 8bbb3a65-221e-46f9-b936-99ecbc43e4bf
2024-01-26 21:34:33,190 [main] INFO  rpc.RpcClient (RpcClient.java:createBucket(683)) - Creating Bucket: 8bbb3a65-221e-46f9-b936-99ecbc43e4bf/bucket11, with bucket layout FILE_SYSTEM_OPTIMIZED, runner as owner, Versioning false, Storage Type set to DISK and Encryption set to false, Replication Type set to server-side default replication type, Namespace Quota set to -1, Space Quota set to -1 
2024-01-26 21:34:33,191 [om1-OMStateMachineApplyTransactionThread - 0] INFO  bucket.OMBucketCreateRequest (OMBucketCreateRequest.java:validateAndUpdateCache(292)) - created bucket: bucket11 of layout FILE_SYSTEM_OPTIMIZED in volume: 8bbb3a65-221e-46f9-b936-99ecbc43e4bf
21:34:33.201 [IPC Server handler 12 on default port 15004] ERROR OMAudit - user=runner | ip=127.0.0.1 | op=READ_BUCKET {volume=8bbb3a65-221e-46f9-b936-99ecbc43e4bf, bucket=bucket1} | ret=FAILURE
org.apache.hadoop.ozone.om.exceptions.OMException: Bucket not found
	at org.apache.hadoop.ozone.om.OzoneManager.getBucketOwner(OzoneManager.java:2533) ~[ozone-manager-1.5.0-SNAPSHOT.jar:?]
	at org.apache.hadoop.ozone.om.OzoneManager.getBucketOwner(OzoneManager.java:2501) ~[ozone-manager-1.5.0-SNAPSHOT.jar:?]
	at org.apache.hadoop.ozone.om.OmMetadataReader.checkAcls(OmMetadataReader.java:456) ~[ozone-manager-1.5.0-SNAPSHOT.jar:?]
	at org.apache.hadoop.ozone.om.OzoneManager.getBucketInfo(OzoneManager.java:2791) ~[ozone-manager-1.5.0-SNAPSHOT.jar:?]
	at org.apache.hadoop.ozone.protocolPB.OzoneManagerRequestHandler.infoBucket(OzoneManagerRequestHandler.java:601) ~[ozone-manager-1.5.0-SNAPSHOT.jar:?]
	at org.apache.hadoop.ozone.protocolPB.OzoneManagerRequestHandler.handleReadRequest(OzoneManagerRequestHandler.java:213) ~[ozone-manager-1.5.0-SNAPSHOT.jar:?]
	at org.apache.hadoop.ozone.protocolPB.OzoneManagerProtocolServerSideTranslatorPB.submitReadRequestToOM(OzoneManagerProtocolServerSideTranslatorPB.java:250) ~[ozone-manager-1.5.0-SNAPSHOT.jar:?]
	at org.apache.hadoop.ozone.protocolPB.OzoneManagerProtocolServerSideTranslatorPB.internalProcessRequest(OzoneManagerProtocolServerSideTranslatorPB.java:196) ~[ozone-manager-1.5.0-SNAPSHOT.jar:?]
	at org.apache.hadoop.ozone.protocolPB.OzoneManagerProtocolServerSideTranslatorPB.processRequest(OzoneManagerProtocolServerSideTranslatorPB.java:156) ~[ozone-manager-1.5.0-SNAPSHOT.jar:?]
	at org.apache.hadoop.hdds.server.OzoneProtocolMessageDispatcher.processRequest(OzoneProtocolMessageDispatcher.java:89) [hdds-server-framework-1.5.0-SNAPSHOT.jar:?]
	at org.apache.hadoop.ozone.protocolPB.OzoneManagerProtocolServerSideTranslatorPB.submitRequest(OzoneManagerProtocolServerSideTranslatorPB.java:147) [ozone-manager-1.5.0-SNAPSHOT.jar:?]
	at org.apache.hadoop.ozone.protocol.proto.OzoneManagerProtocolProtos$OzoneManagerService$2.callBlockingMethod(OzoneManagerProtocolProtos.java) [ozone-interface-client-1.5.0-SNAPSHOT.jar:?]
	at org.apache.hadoop.ipc.ProtobufRpcEngine$Server.processCall(ProtobufRpcEngine.java:484) [hadoop-common-3.3.6.jar:?]
	at org.apache.hadoop.ipc.ProtobufRpcEngine2$Server$ProtoBufRpcInvoker.call(ProtobufRpcEngine2.java:595) [hadoop-common-3.3.6.jar:?]
	at org.apache.hadoop.ipc.ProtobufRpcEngine2$Server$ProtoBufRpcInvoker.call(ProtobufRpcEngine2.java:573) [hadoop-common-3.3.6.jar:?]
	at org.apache.hadoop.ipc.RPC$Server.call(RPC.java:1227) [hadoop-common-3.3.6.jar:?]
	at org.apache.hadoop.ipc.Server$RpcCall.run(Server.java:1094) [hadoop-common-3.3.6.jar:?]
	at org.apache.hadoop.ipc.Server$RpcCall.run(Server.java:1017) [hadoop-common-3.3.6.jar:?]
	at java.security.AccessController.doPrivileged(Native Method) ~[?:1.8.0_392]
	at javax.security.auth.Subject.doAs(Subject.java:422) [?:1.8.0_392]
	at org.apache.hadoop.security.UserGroupInformation.doAs(UserGroupInformation.java:1899) [hadoop-common-3.3.6.jar:?]
	at org.apache.hadoop.ipc.Server$Handler.run(Server.java:3048) [hadoop-common-3.3.6.jar:?]
]]></system-out>
  </testcase>
  <testcase name="testDeleteKey" classname="org.apache.hadoop.ozone.client.rpc.TestSecureOzoneRpcClient" time="0.048">
    <system-out><![CDATA[2024-01-26 21:34:33,203 [main] INFO  rpc.RpcClient (RpcClient.java:createVolume(456)) - Creating Volume: 281c3212-2c94-4abf-90d2-3ab827358929, with runner as owner and space quota set to -1 bytes, counts quota set to -1
2024-01-26 21:34:33,204 [om1-OMStateMachineApplyTransactionThread - 0] INFO  volume.OMVolumeCreateRequest (OMVolumeCreateRequest.java:validateAndUpdateCache(198)) - created volume:281c3212-2c94-4abf-90d2-3ab827358929 for user:runner
2024-01-26 21:34:33,205 [main] INFO  rpc.RpcClient (RpcClient.java:createBucket(683)) - Creating Bucket: 281c3212-2c94-4abf-90d2-3ab827358929/4a42c44b-d0e6-4fbc-9353-c11cc5d2165a, with server-side default bucket layout, runner as owner, Versioning false, Storage Type set to DISK and Encryption set to false, Replication Type set to server-side default replication type, Namespace Quota set to -1, Space Quota set to -1 
2024-01-26 21:34:33,206 [om1-OMStateMachineApplyTransactionThread - 0] INFO  bucket.OMBucketCreateRequest (OMBucketCreateRequest.java:validateAndUpdateCache(292)) - created bucket: 4a42c44b-d0e6-4fbc-9353-c11cc5d2165a of layout OBJECT_STORE in volume: 281c3212-2c94-4abf-90d2-3ab827358929
2024-01-26 21:34:33,240 [IPC Server handler 28 on default port 15001] WARN  node.SCMNodeManager (SCMNodeManager.java:getNodesByAddress(1549)) - Cannot find node for address 127.0.0.1
21:34:33.248 [IPC Server handler 0 on default port 15004] ERROR OMAudit - user=runner | ip=127.0.0.1 | op=READ_KEY {volume=281c3212-2c94-4abf-90d2-3ab827358929, bucket=4a42c44b-d0e6-4fbc-9353-c11cc5d2165a, key=514e9587-627e-4982-94a4-ab12ca7b1e01, dataSize=0, replicationConfig=null} | ret=FAILURE
org.apache.hadoop.ozone.om.exceptions.OMException: Key:514e9587-627e-4982-94a4-ab12ca7b1e01 not found
	at org.apache.hadoop.ozone.om.KeyManagerImpl.readKeyInfo(KeyManagerImpl.java:451) ~[ozone-manager-1.5.0-SNAPSHOT.jar:?]
	at org.apache.hadoop.ozone.om.KeyManagerImpl.lambda$9(KeyManagerImpl.java:2004) ~[ozone-manager-1.5.0-SNAPSHOT.jar:?]
	at org.apache.hadoop.util.MetricUtil.captureLatencyNs(MetricUtil.java:45) ~[hdds-common-1.5.0-SNAPSHOT.jar:?]
	at org.apache.hadoop.ozone.om.KeyManagerImpl.getKeyInfo(KeyManagerImpl.java:2002) ~[ozone-manager-1.5.0-SNAPSHOT.jar:?]
	at org.apache.hadoop.ozone.om.OmMetadataReader.getKeyInfo(OmMetadataReader.java:190) ~[ozone-manager-1.5.0-SNAPSHOT.jar:?]
	at org.apache.hadoop.ozone.om.OzoneManager.getKeyInfo(OzoneManager.java:2869) ~[ozone-manager-1.5.0-SNAPSHOT.jar:?]
	at org.apache.hadoop.ozone.protocolPB.OzoneManagerRequestHandler.getKeyInfo(OzoneManagerRequestHandler.java:641) ~[ozone-manager-1.5.0-SNAPSHOT.jar:?]
	at org.apache.hadoop.ozone.protocolPB.OzoneManagerRequestHandler.handleReadRequest(OzoneManagerRequestHandler.java:328) ~[ozone-manager-1.5.0-SNAPSHOT.jar:?]
	at org.apache.hadoop.ozone.protocolPB.OzoneManagerProtocolServerSideTranslatorPB.submitReadRequestToOM(OzoneManagerProtocolServerSideTranslatorPB.java:250) ~[ozone-manager-1.5.0-SNAPSHOT.jar:?]
	at org.apache.hadoop.ozone.protocolPB.OzoneManagerProtocolServerSideTranslatorPB.internalProcessRequest(OzoneManagerProtocolServerSideTranslatorPB.java:196) ~[ozone-manager-1.5.0-SNAPSHOT.jar:?]
	at org.apache.hadoop.ozone.protocolPB.OzoneManagerProtocolServerSideTranslatorPB.processRequest(OzoneManagerProtocolServerSideTranslatorPB.java:156) ~[ozone-manager-1.5.0-SNAPSHOT.jar:?]
	at org.apache.hadoop.hdds.server.OzoneProtocolMessageDispatcher.processRequest(OzoneProtocolMessageDispatcher.java:89) [hdds-server-framework-1.5.0-SNAPSHOT.jar:?]
	at org.apache.hadoop.ozone.protocolPB.OzoneManagerProtocolServerSideTranslatorPB.submitRequest(OzoneManagerProtocolServerSideTranslatorPB.java:147) [ozone-manager-1.5.0-SNAPSHOT.jar:?]
	at org.apache.hadoop.ozone.protocol.proto.OzoneManagerProtocolProtos$OzoneManagerService$2.callBlockingMethod(OzoneManagerProtocolProtos.java) [ozone-interface-client-1.5.0-SNAPSHOT.jar:?]
	at org.apache.hadoop.ipc.ProtobufRpcEngine$Server.processCall(ProtobufRpcEngine.java:484) [hadoop-common-3.3.6.jar:?]
	at org.apache.hadoop.ipc.ProtobufRpcEngine2$Server$ProtoBufRpcInvoker.call(ProtobufRpcEngine2.java:595) [hadoop-common-3.3.6.jar:?]
	at org.apache.hadoop.ipc.ProtobufRpcEngine2$Server$ProtoBufRpcInvoker.call(ProtobufRpcEngine2.java:573) [hadoop-common-3.3.6.jar:?]
	at org.apache.hadoop.ipc.RPC$Server.call(RPC.java:1227) [hadoop-common-3.3.6.jar:?]
	at org.apache.hadoop.ipc.Server$RpcCall.run(Server.java:1094) [hadoop-common-3.3.6.jar:?]
	at org.apache.hadoop.ipc.Server$RpcCall.run(Server.java:1017) [hadoop-common-3.3.6.jar:?]
	at java.security.AccessController.doPrivileged(Native Method) ~[?:1.8.0_392]
	at javax.security.auth.Subject.doAs(Subject.java:422) [?:1.8.0_392]
	at org.apache.hadoop.security.UserGroupInformation.doAs(UserGroupInformation.java:1899) [hadoop-common-3.3.6.jar:?]
	at org.apache.hadoop.ipc.Server$Handler.run(Server.java:3048) [hadoop-common-3.3.6.jar:?]
]]></system-out>
  </testcase>
  <testcase name="testDeleteLinkedBucket" classname="org.apache.hadoop.ozone.client.rpc.TestSecureOzoneRpcClient" time="0.02">
    <system-out><![CDATA[2024-01-26 21:34:33,251 [main] INFO  rpc.RpcClient (RpcClient.java:createVolume(456)) - Creating Volume: bb3aaf7d-0484-4f7c-ae24-0adf24916691, with runner as owner and space quota set to -1 bytes, counts quota set to -1
2024-01-26 21:34:33,252 [om1-OMStateMachineApplyTransactionThread - 0] INFO  volume.OMVolumeCreateRequest (OMVolumeCreateRequest.java:validateAndUpdateCache(198)) - created volume:bb3aaf7d-0484-4f7c-ae24-0adf24916691 for user:runner
2024-01-26 21:34:33,253 [main] INFO  rpc.RpcClient (RpcClient.java:createBucket(683)) - Creating Bucket: bb3aaf7d-0484-4f7c-ae24-0adf24916691/10f9b060-a313-46af-a7d3-979baabfa177, with server-side default bucket layout, runner as owner, Versioning false, Storage Type set to DISK and Encryption set to false, Replication Type set to server-side default replication type, Namespace Quota set to -1, Space Quota set to -1 
2024-01-26 21:34:33,255 [om1-OMStateMachineApplyTransactionThread - 0] INFO  bucket.OMBucketCreateRequest (OMBucketCreateRequest.java:validateAndUpdateCache(292)) - created bucket: 10f9b060-a313-46af-a7d3-979baabfa177 of layout OBJECT_STORE in volume: bb3aaf7d-0484-4f7c-ae24-0adf24916691
2024-01-26 21:34:33,256 [main] INFO  rpc.RpcClient (RpcClient.java:createBucket(683)) - Creating Bucket: bb3aaf7d-0484-4f7c-ae24-0adf24916691/ab45ad5a-b5d3-46e7-aa59-71915890286a, with server-side default bucket layout, runner as owner, Versioning false, Storage Type set to DISK and Encryption set to false, Replication Type set to server-side default replication type, Namespace Quota set to -1, Space Quota set to -1 
2024-01-26 21:34:33,257 [om1-OMStateMachineApplyTransactionThread - 0] INFO  bucket.OMBucketCreateRequest (OMBucketCreateRequest.java:validateAndUpdateCache(292)) - created bucket: ab45ad5a-b5d3-46e7-aa59-71915890286a of layout OBJECT_STORE in volume: bb3aaf7d-0484-4f7c-ae24-0adf24916691
21:34:33.264 [IPC Server handler 9 on default port 15004] ERROR OMAudit - user=runner | ip=127.0.0.1 | op=READ_BUCKET {volume=bb3aaf7d-0484-4f7c-ae24-0adf24916691, bucket=10f9b060-a313-46af-a7d3-979baabfa177} | ret=FAILURE
org.apache.hadoop.ozone.om.exceptions.OMException: Bucket not found
	at org.apache.hadoop.ozone.om.OzoneManager.getBucketOwner(OzoneManager.java:2533) ~[ozone-manager-1.5.0-SNAPSHOT.jar:?]
	at org.apache.hadoop.ozone.om.OzoneManager.getBucketOwner(OzoneManager.java:2501) ~[ozone-manager-1.5.0-SNAPSHOT.jar:?]
	at org.apache.hadoop.ozone.om.OmMetadataReader.checkAcls(OmMetadataReader.java:456) ~[ozone-manager-1.5.0-SNAPSHOT.jar:?]
	at org.apache.hadoop.ozone.om.OzoneManager.getBucketInfo(OzoneManager.java:2791) ~[ozone-manager-1.5.0-SNAPSHOT.jar:?]
	at org.apache.hadoop.ozone.protocolPB.OzoneManagerRequestHandler.infoBucket(OzoneManagerRequestHandler.java:601) ~[ozone-manager-1.5.0-SNAPSHOT.jar:?]
	at org.apache.hadoop.ozone.protocolPB.OzoneManagerRequestHandler.handleReadRequest(OzoneManagerRequestHandler.java:213) ~[ozone-manager-1.5.0-SNAPSHOT.jar:?]
	at org.apache.hadoop.ozone.protocolPB.OzoneManagerProtocolServerSideTranslatorPB.submitReadRequestToOM(OzoneManagerProtocolServerSideTranslatorPB.java:250) ~[ozone-manager-1.5.0-SNAPSHOT.jar:?]
	at org.apache.hadoop.ozone.protocolPB.OzoneManagerProtocolServerSideTranslatorPB.internalProcessRequest(OzoneManagerProtocolServerSideTranslatorPB.java:196) ~[ozone-manager-1.5.0-SNAPSHOT.jar:?]
	at org.apache.hadoop.ozone.protocolPB.OzoneManagerProtocolServerSideTranslatorPB.processRequest(OzoneManagerProtocolServerSideTranslatorPB.java:156) ~[ozone-manager-1.5.0-SNAPSHOT.jar:?]
	at org.apache.hadoop.hdds.server.OzoneProtocolMessageDispatcher.processRequest(OzoneProtocolMessageDispatcher.java:89) [hdds-server-framework-1.5.0-SNAPSHOT.jar:?]
	at org.apache.hadoop.ozone.protocolPB.OzoneManagerProtocolServerSideTranslatorPB.submitRequest(OzoneManagerProtocolServerSideTranslatorPB.java:147) [ozone-manager-1.5.0-SNAPSHOT.jar:?]
	at org.apache.hadoop.ozone.protocol.proto.OzoneManagerProtocolProtos$OzoneManagerService$2.callBlockingMethod(OzoneManagerProtocolProtos.java) [ozone-interface-client-1.5.0-SNAPSHOT.jar:?]
	at org.apache.hadoop.ipc.ProtobufRpcEngine$Server.processCall(ProtobufRpcEngine.java:484) [hadoop-common-3.3.6.jar:?]
	at org.apache.hadoop.ipc.ProtobufRpcEngine2$Server$ProtoBufRpcInvoker.call(ProtobufRpcEngine2.java:595) [hadoop-common-3.3.6.jar:?]
	at org.apache.hadoop.ipc.ProtobufRpcEngine2$Server$ProtoBufRpcInvoker.call(ProtobufRpcEngine2.java:573) [hadoop-common-3.3.6.jar:?]
	at org.apache.hadoop.ipc.RPC$Server.call(RPC.java:1227) [hadoop-common-3.3.6.jar:?]
	at org.apache.hadoop.ipc.Server$RpcCall.run(Server.java:1094) [hadoop-common-3.3.6.jar:?]
	at org.apache.hadoop.ipc.Server$RpcCall.run(Server.java:1017) [hadoop-common-3.3.6.jar:?]
	at java.security.AccessController.doPrivileged(Native Method) ~[?:1.8.0_392]
	at javax.security.auth.Subject.doAs(Subject.java:422) [?:1.8.0_392]
	at org.apache.hadoop.security.UserGroupInformation.doAs(UserGroupInformation.java:1899) [hadoop-common-3.3.6.jar:?]
	at org.apache.hadoop.ipc.Server$Handler.run(Server.java:3048) [hadoop-common-3.3.6.jar:?]
2024-01-26 21:34:33,265 [IPC Server handler 10 on default port 15004] WARN  om.OzoneManager (OzoneManager.java:resolveBucketLink(4311)) - Bucket 10f9b060-a313-46af-a7d3-979baabfa177 not found in volume bb3aaf7d-0484-4f7c-ae24-0adf24916691
21:34:33.268 [IPC Server handler 12 on default port 15004] ERROR OMAudit - user=runner | ip=127.0.0.1 | op=READ_BUCKET {volume=bb3aaf7d-0484-4f7c-ae24-0adf24916691, bucket=ab45ad5a-b5d3-46e7-aa59-71915890286a} | ret=FAILURE
org.apache.hadoop.ozone.om.exceptions.OMException: Bucket not found
	at org.apache.hadoop.ozone.om.OzoneManager.getBucketOwner(OzoneManager.java:2533) ~[ozone-manager-1.5.0-SNAPSHOT.jar:?]
	at org.apache.hadoop.ozone.om.OzoneManager.getBucketOwner(OzoneManager.java:2501) ~[ozone-manager-1.5.0-SNAPSHOT.jar:?]
	at org.apache.hadoop.ozone.om.OmMetadataReader.checkAcls(OmMetadataReader.java:456) ~[ozone-manager-1.5.0-SNAPSHOT.jar:?]
	at org.apache.hadoop.ozone.om.OzoneManager.getBucketInfo(OzoneManager.java:2791) ~[ozone-manager-1.5.0-SNAPSHOT.jar:?]
	at org.apache.hadoop.ozone.protocolPB.OzoneManagerRequestHandler.infoBucket(OzoneManagerRequestHandler.java:601) ~[ozone-manager-1.5.0-SNAPSHOT.jar:?]
	at org.apache.hadoop.ozone.protocolPB.OzoneManagerRequestHandler.handleReadRequest(OzoneManagerRequestHandler.java:213) ~[ozone-manager-1.5.0-SNAPSHOT.jar:?]
	at org.apache.hadoop.ozone.protocolPB.OzoneManagerProtocolServerSideTranslatorPB.submitReadRequestToOM(OzoneManagerProtocolServerSideTranslatorPB.java:250) ~[ozone-manager-1.5.0-SNAPSHOT.jar:?]
	at org.apache.hadoop.ozone.protocolPB.OzoneManagerProtocolServerSideTranslatorPB.internalProcessRequest(OzoneManagerProtocolServerSideTranslatorPB.java:196) ~[ozone-manager-1.5.0-SNAPSHOT.jar:?]
	at org.apache.hadoop.ozone.protocolPB.OzoneManagerProtocolServerSideTranslatorPB.processRequest(OzoneManagerProtocolServerSideTranslatorPB.java:156) ~[ozone-manager-1.5.0-SNAPSHOT.jar:?]
	at org.apache.hadoop.hdds.server.OzoneProtocolMessageDispatcher.processRequest(OzoneProtocolMessageDispatcher.java:89) [hdds-server-framework-1.5.0-SNAPSHOT.jar:?]
	at org.apache.hadoop.ozone.protocolPB.OzoneManagerProtocolServerSideTranslatorPB.submitRequest(OzoneManagerProtocolServerSideTranslatorPB.java:147) [ozone-manager-1.5.0-SNAPSHOT.jar:?]
	at org.apache.hadoop.ozone.protocol.proto.OzoneManagerProtocolProtos$OzoneManagerService$2.callBlockingMethod(OzoneManagerProtocolProtos.java) [ozone-interface-client-1.5.0-SNAPSHOT.jar:?]
	at org.apache.hadoop.ipc.ProtobufRpcEngine$Server.processCall(ProtobufRpcEngine.java:484) [hadoop-common-3.3.6.jar:?]
	at org.apache.hadoop.ipc.ProtobufRpcEngine2$Server$ProtoBufRpcInvoker.call(ProtobufRpcEngine2.java:595) [hadoop-common-3.3.6.jar:?]
	at org.apache.hadoop.ipc.ProtobufRpcEngine2$Server$ProtoBufRpcInvoker.call(ProtobufRpcEngine2.java:573) [hadoop-common-3.3.6.jar:?]
	at org.apache.hadoop.ipc.RPC$Server.call(RPC.java:1227) [hadoop-common-3.3.6.jar:?]
	at org.apache.hadoop.ipc.Server$RpcCall.run(Server.java:1094) [hadoop-common-3.3.6.jar:?]
	at org.apache.hadoop.ipc.Server$RpcCall.run(Server.java:1017) [hadoop-common-3.3.6.jar:?]
	at java.security.AccessController.doPrivileged(Native Method) ~[?:1.8.0_392]
	at javax.security.auth.Subject.doAs(Subject.java:422) [?:1.8.0_392]
	at org.apache.hadoop.security.UserGroupInformation.doAs(UserGroupInformation.java:1899) [hadoop-common-3.3.6.jar:?]
	at org.apache.hadoop.ipc.Server$Handler.run(Server.java:3048) [hadoop-common-3.3.6.jar:?]
]]></system-out>
  </testcase>
  <testcase name="testDeleteS3Bucket" classname="org.apache.hadoop.ozone.client.rpc.TestSecureOzoneRpcClient" time="0.01">
    <system-out><![CDATA[2024-01-26 21:34:33,271 [main] INFO  rpc.RpcClient (RpcClient.java:createBucket(683)) - Creating Bucket: s3v/1ba3271a-5b5c-4683-b8bc-deb6a98128c4, with bucket layout OBJECT_STORE, runner as owner, Versioning false, Storage Type set to DISK and Encryption set to false, Replication Type set to server-side default replication type, Namespace Quota set to -1, Space Quota set to -1 
2024-01-26 21:34:33,272 [om1-OMStateMachineApplyTransactionThread - 0] INFO  bucket.OMBucketCreateRequest (OMBucketCreateRequest.java:validateAndUpdateCache(292)) - created bucket: 1ba3271a-5b5c-4683-b8bc-deb6a98128c4 of layout OBJECT_STORE in volume: s3v
21:34:33.279 [IPC Server handler 0 on default port 15004] ERROR OMAudit - user=runner | ip=127.0.0.1 | op=READ_BUCKET {volume=s3v, bucket=1ba3271a-5b5c-4683-b8bc-deb6a98128c4} | ret=FAILURE
org.apache.hadoop.ozone.om.exceptions.OMException: Bucket not found
	at org.apache.hadoop.ozone.om.OzoneManager.getBucketOwner(OzoneManager.java:2533) ~[ozone-manager-1.5.0-SNAPSHOT.jar:?]
	at org.apache.hadoop.ozone.om.OzoneManager.getBucketOwner(OzoneManager.java:2501) ~[ozone-manager-1.5.0-SNAPSHOT.jar:?]
	at org.apache.hadoop.ozone.om.OmMetadataReader.checkAcls(OmMetadataReader.java:456) ~[ozone-manager-1.5.0-SNAPSHOT.jar:?]
	at org.apache.hadoop.ozone.om.OzoneManager.getBucketInfo(OzoneManager.java:2791) ~[ozone-manager-1.5.0-SNAPSHOT.jar:?]
	at org.apache.hadoop.ozone.protocolPB.OzoneManagerRequestHandler.infoBucket(OzoneManagerRequestHandler.java:601) ~[ozone-manager-1.5.0-SNAPSHOT.jar:?]
	at org.apache.hadoop.ozone.protocolPB.OzoneManagerRequestHandler.handleReadRequest(OzoneManagerRequestHandler.java:213) ~[ozone-manager-1.5.0-SNAPSHOT.jar:?]
	at org.apache.hadoop.ozone.protocolPB.OzoneManagerProtocolServerSideTranslatorPB.submitReadRequestToOM(OzoneManagerProtocolServerSideTranslatorPB.java:250) ~[ozone-manager-1.5.0-SNAPSHOT.jar:?]
	at org.apache.hadoop.ozone.protocolPB.OzoneManagerProtocolServerSideTranslatorPB.internalProcessRequest(OzoneManagerProtocolServerSideTranslatorPB.java:196) ~[ozone-manager-1.5.0-SNAPSHOT.jar:?]
	at org.apache.hadoop.ozone.protocolPB.OzoneManagerProtocolServerSideTranslatorPB.processRequest(OzoneManagerProtocolServerSideTranslatorPB.java:156) ~[ozone-manager-1.5.0-SNAPSHOT.jar:?]
	at org.apache.hadoop.hdds.server.OzoneProtocolMessageDispatcher.processRequest(OzoneProtocolMessageDispatcher.java:89) [hdds-server-framework-1.5.0-SNAPSHOT.jar:?]
	at org.apache.hadoop.ozone.protocolPB.OzoneManagerProtocolServerSideTranslatorPB.submitRequest(OzoneManagerProtocolServerSideTranslatorPB.java:147) [ozone-manager-1.5.0-SNAPSHOT.jar:?]
	at org.apache.hadoop.ozone.protocol.proto.OzoneManagerProtocolProtos$OzoneManagerService$2.callBlockingMethod(OzoneManagerProtocolProtos.java) [ozone-interface-client-1.5.0-SNAPSHOT.jar:?]
	at org.apache.hadoop.ipc.ProtobufRpcEngine$Server.processCall(ProtobufRpcEngine.java:484) [hadoop-common-3.3.6.jar:?]
	at org.apache.hadoop.ipc.ProtobufRpcEngine2$Server$ProtoBufRpcInvoker.call(ProtobufRpcEngine2.java:595) [hadoop-common-3.3.6.jar:?]
	at org.apache.hadoop.ipc.ProtobufRpcEngine2$Server$ProtoBufRpcInvoker.call(ProtobufRpcEngine2.java:573) [hadoop-common-3.3.6.jar:?]
	at org.apache.hadoop.ipc.RPC$Server.call(RPC.java:1227) [hadoop-common-3.3.6.jar:?]
	at org.apache.hadoop.ipc.Server$RpcCall.run(Server.java:1094) [hadoop-common-3.3.6.jar:?]
	at org.apache.hadoop.ipc.Server$RpcCall.run(Server.java:1017) [hadoop-common-3.3.6.jar:?]
	at java.security.AccessController.doPrivileged(Native Method) ~[?:1.8.0_392]
	at javax.security.auth.Subject.doAs(Subject.java:422) [?:1.8.0_392]
	at org.apache.hadoop.security.UserGroupInformation.doAs(UserGroupInformation.java:1899) [hadoop-common-3.3.6.jar:?]
	at org.apache.hadoop.ipc.Server$Handler.run(Server.java:3048) [hadoop-common-3.3.6.jar:?]
]]></system-out>
  </testcase>
  <testcase name="testDeleteS3NonExistingBucket" classname="org.apache.hadoop.ozone.client.rpc.TestSecureOzoneRpcClient" time="0.003">
    <system-out><![CDATA[21:34:33.282 [om1-OMStateMachineApplyTransactionThread - 0] ERROR OMAudit - user=runner | ip=127.0.0.1 | op=DELETE_BUCKET {volume=s3v, bucket=ec49e03d-d6df-4909-a15f-d04372186c08} | ret=FAILURE
org.apache.hadoop.ozone.om.exceptions.OMException: Bucket not found
	at org.apache.hadoop.ozone.om.OzoneManager.getBucketOwner(OzoneManager.java:2533) ~[ozone-manager-1.5.0-SNAPSHOT.jar:?]
	at org.apache.hadoop.ozone.om.OzoneManager.getBucketOwner(OzoneManager.java:2501) ~[ozone-manager-1.5.0-SNAPSHOT.jar:?]
	at org.apache.hadoop.ozone.om.request.OMClientRequest.checkAcls(OMClientRequest.java:242) ~[ozone-manager-1.5.0-SNAPSHOT.jar:?]
	at org.apache.hadoop.ozone.om.request.bucket.OMBucketDeleteRequest.validateAndUpdateCache(OMBucketDeleteRequest.java:113) ~[ozone-manager-1.5.0-SNAPSHOT.jar:?]
	at org.apache.hadoop.ozone.protocolPB.OzoneManagerRequestHandler.lambda$0(OzoneManagerRequestHandler.java:403) ~[ozone-manager-1.5.0-SNAPSHOT.jar:?]
	at org.apache.hadoop.util.MetricUtil.captureLatencyNs(MetricUtil.java:45) ~[hdds-common-1.5.0-SNAPSHOT.jar:?]
	at org.apache.hadoop.ozone.protocolPB.OzoneManagerRequestHandler.handleWriteRequest(OzoneManagerRequestHandler.java:399) ~[ozone-manager-1.5.0-SNAPSHOT.jar:?]
	at org.apache.hadoop.ozone.om.ratis.OzoneManagerStateMachine.runCommand(OzoneManagerStateMachine.java:527) ~[ozone-manager-1.5.0-SNAPSHOT.jar:?]
	at org.apache.hadoop.ozone.om.ratis.OzoneManagerStateMachine.lambda$1(OzoneManagerStateMachine.java:345) ~[ozone-manager-1.5.0-SNAPSHOT.jar:?]
	at java.util.concurrent.CompletableFuture$AsyncSupply.run(CompletableFuture.java:1604) [?:1.8.0_392]
	at java.util.concurrent.ThreadPoolExecutor.runWorker(ThreadPoolExecutor.java:1149) [?:1.8.0_392]
	at java.util.concurrent.ThreadPoolExecutor$Worker.run(ThreadPoolExecutor.java:624) [?:1.8.0_392]
	at java.lang.Thread.run(Thread.java:750) [?:1.8.0_392]
2024-01-26 21:34:33,283 [om1-OMStateMachineApplyTransactionThread - 0] ERROR bucket.OMBucketDeleteRequest (OMBucketDeleteRequest.java:validateAndUpdateCache(227)) - Delete bucket failed for bucket:ec49e03d-d6df-4909-a15f-d04372186c08 in volume:s3v
BUCKET_NOT_FOUND org.apache.hadoop.ozone.om.exceptions.OMException: Bucket not found
	at org.apache.hadoop.ozone.om.OzoneManager.getBucketOwner(OzoneManager.java:2533)
	at org.apache.hadoop.ozone.om.OzoneManager.getBucketOwner(OzoneManager.java:2501)
	at org.apache.hadoop.ozone.om.request.OMClientRequest.checkAcls(OMClientRequest.java:242)
	at org.apache.hadoop.ozone.om.request.bucket.OMBucketDeleteRequest.validateAndUpdateCache(OMBucketDeleteRequest.java:113)
	at org.apache.hadoop.ozone.protocolPB.OzoneManagerRequestHandler.lambda$0(OzoneManagerRequestHandler.java:403)
	at org.apache.hadoop.util.MetricUtil.captureLatencyNs(MetricUtil.java:45)
	at org.apache.hadoop.ozone.protocolPB.OzoneManagerRequestHandler.handleWriteRequest(OzoneManagerRequestHandler.java:399)
	at org.apache.hadoop.ozone.om.ratis.OzoneManagerStateMachine.runCommand(OzoneManagerStateMachine.java:527)
	at org.apache.hadoop.ozone.om.ratis.OzoneManagerStateMachine.lambda$1(OzoneManagerStateMachine.java:345)
	at java.util.concurrent.CompletableFuture$AsyncSupply.run(CompletableFuture.java:1604)
	at java.util.concurrent.ThreadPoolExecutor.runWorker(ThreadPoolExecutor.java:1149)
	at java.util.concurrent.ThreadPoolExecutor$Worker.run(ThreadPoolExecutor.java:624)
	at java.lang.Thread.run(Thread.java:750)
]]></system-out>
  </testcase>
  <testcase name="testDeleteVolume" classname="org.apache.hadoop.ozone.client.rpc.TestSecureOzoneRpcClient" time="0.006">
    <system-out><![CDATA[2024-01-26 21:34:33,284 [main] INFO  rpc.RpcClient (RpcClient.java:createVolume(456)) - Creating Volume: 8045672a-7280-4e71-bf84-0c34e54a6327, with runner as owner and space quota set to -1 bytes, counts quota set to -1
2024-01-26 21:34:33,285 [om1-OMStateMachineApplyTransactionThread - 0] INFO  volume.OMVolumeCreateRequest (OMVolumeCreateRequest.java:validateAndUpdateCache(198)) - created volume:8045672a-7280-4e71-bf84-0c34e54a6327 for user:runner
21:34:33.289 [IPC Server handler 7 on default port 15004] ERROR OMAudit - user=runner | ip=127.0.0.1 | op=READ_VOLUME {volume=8045672a-7280-4e71-bf84-0c34e54a6327} | ret=FAILURE
org.apache.hadoop.ozone.om.exceptions.OMException: Volume 8045672a-7280-4e71-bf84-0c34e54a6327 is not found
	at org.apache.hadoop.ozone.om.OzoneManager.getVolumeOwner(OzoneManager.java:2486) ~[ozone-manager-1.5.0-SNAPSHOT.jar:?]
	at org.apache.hadoop.ozone.om.OzoneManager.getVolumeOwner(OzoneManager.java:2458) ~[ozone-manager-1.5.0-SNAPSHOT.jar:?]
	at org.apache.hadoop.ozone.om.OmMetadataReader.checkAcls(OmMetadataReader.java:455) ~[ozone-manager-1.5.0-SNAPSHOT.jar:?]
	at org.apache.hadoop.ozone.om.OzoneManager.getVolumeInfo(OzoneManager.java:2609) ~[ozone-manager-1.5.0-SNAPSHOT.jar:?]
	at org.apache.hadoop.ozone.protocolPB.OzoneManagerRequestHandler.infoVolume(OzoneManagerRequestHandler.java:527) ~[ozone-manager-1.5.0-SNAPSHOT.jar:?]
	at org.apache.hadoop.ozone.protocolPB.OzoneManagerRequestHandler.handleReadRequest(OzoneManagerRequestHandler.java:203) ~[ozone-manager-1.5.0-SNAPSHOT.jar:?]
	at org.apache.hadoop.ozone.protocolPB.OzoneManagerProtocolServerSideTranslatorPB.submitReadRequestToOM(OzoneManagerProtocolServerSideTranslatorPB.java:250) ~[ozone-manager-1.5.0-SNAPSHOT.jar:?]
	at org.apache.hadoop.ozone.protocolPB.OzoneManagerProtocolServerSideTranslatorPB.internalProcessRequest(OzoneManagerProtocolServerSideTranslatorPB.java:196) ~[ozone-manager-1.5.0-SNAPSHOT.jar:?]
	at org.apache.hadoop.ozone.protocolPB.OzoneManagerProtocolServerSideTranslatorPB.processRequest(OzoneManagerProtocolServerSideTranslatorPB.java:156) ~[ozone-manager-1.5.0-SNAPSHOT.jar:?]
	at org.apache.hadoop.hdds.server.OzoneProtocolMessageDispatcher.processRequest(OzoneProtocolMessageDispatcher.java:89) [hdds-server-framework-1.5.0-SNAPSHOT.jar:?]
	at org.apache.hadoop.ozone.protocolPB.OzoneManagerProtocolServerSideTranslatorPB.submitRequest(OzoneManagerProtocolServerSideTranslatorPB.java:147) [ozone-manager-1.5.0-SNAPSHOT.jar:?]
	at org.apache.hadoop.ozone.protocol.proto.OzoneManagerProtocolProtos$OzoneManagerService$2.callBlockingMethod(OzoneManagerProtocolProtos.java) [ozone-interface-client-1.5.0-SNAPSHOT.jar:?]
	at org.apache.hadoop.ipc.ProtobufRpcEngine$Server.processCall(ProtobufRpcEngine.java:484) [hadoop-common-3.3.6.jar:?]
	at org.apache.hadoop.ipc.ProtobufRpcEngine2$Server$ProtoBufRpcInvoker.call(ProtobufRpcEngine2.java:595) [hadoop-common-3.3.6.jar:?]
	at org.apache.hadoop.ipc.ProtobufRpcEngine2$Server$ProtoBufRpcInvoker.call(ProtobufRpcEngine2.java:573) [hadoop-common-3.3.6.jar:?]
	at org.apache.hadoop.ipc.RPC$Server.call(RPC.java:1227) [hadoop-common-3.3.6.jar:?]
	at org.apache.hadoop.ipc.Server$RpcCall.run(Server.java:1094) [hadoop-common-3.3.6.jar:?]
	at org.apache.hadoop.ipc.Server$RpcCall.run(Server.java:1017) [hadoop-common-3.3.6.jar:?]
	at java.security.AccessController.doPrivileged(Native Method) ~[?:1.8.0_392]
	at javax.security.auth.Subject.doAs(Subject.java:422) [?:1.8.0_392]
	at org.apache.hadoop.security.UserGroupInformation.doAs(UserGroupInformation.java:1899) [hadoop-common-3.3.6.jar:?]
	at org.apache.hadoop.ipc.Server$Handler.run(Server.java:3048) [hadoop-common-3.3.6.jar:?]
]]></system-out>
  </testcase>
  <testcase name="testDeletedKeyForGDPR" classname="org.apache.hadoop.ozone.client.rpc.TestSecureOzoneRpcClient" time="0.064">
    <system-out><![CDATA[2024-01-26 21:34:33,290 [main] INFO  rpc.RpcClient (RpcClient.java:createVolume(456)) - Creating Volume: d1789f16-67b4-4e6f-9b43-631fb862cd8a, with runner as owner and space quota set to -1 bytes, counts quota set to -1
2024-01-26 21:34:33,292 [om1-OMStateMachineApplyTransactionThread - 0] INFO  volume.OMVolumeCreateRequest (OMVolumeCreateRequest.java:validateAndUpdateCache(198)) - created volume:d1789f16-67b4-4e6f-9b43-631fb862cd8a for user:runner
2024-01-26 21:34:33,293 [main] INFO  rpc.RpcClient (RpcClient.java:createBucket(683)) - Creating Bucket: d1789f16-67b4-4e6f-9b43-631fb862cd8a/848fec33-1543-4225-892a-f11db37ec844, with server-side default bucket layout, runner as owner, Versioning false, Storage Type set to DISK and Encryption set to false, Replication Type set to server-side default replication type, Namespace Quota set to -1, Space Quota set to -1 
2024-01-26 21:34:33,294 [om1-OMStateMachineApplyTransactionThread - 0] INFO  bucket.OMBucketCreateRequest (OMBucketCreateRequest.java:validateAndUpdateCache(292)) - created bucket: 848fec33-1543-4225-892a-f11db37ec844 of layout OBJECT_STORE in volume: d1789f16-67b4-4e6f-9b43-631fb862cd8a
2024-01-26 21:34:33,329 [IPC Server handler 23 on default port 15001] WARN  node.SCMNodeManager (SCMNodeManager.java:getNodesByAddress(1549)) - Cannot find node for address 127.0.0.1
2024-01-26 21:34:33,331 [IPC Server handler 53 on default port 15001] WARN  node.SCMNodeManager (SCMNodeManager.java:getNodesByAddress(1549)) - Cannot find node for address 127.0.0.1
]]></system-out>
  </testcase>
  <testcase name="testFSOBucketUsedBytes" classname="org.apache.hadoop.ozone.client.rpc.TestSecureOzoneRpcClient" time="0.048">
    <system-out><![CDATA[2024-01-26 21:34:33,355 [main] INFO  rpc.RpcClient (RpcClient.java:createVolume(456)) - Creating Volume: 42d4ef78-ea19-4803-8513-f26a04158084, with runner as owner and space quota set to -1 bytes, counts quota set to -1
2024-01-26 21:34:33,357 [om1-OMStateMachineApplyTransactionThread - 0] INFO  volume.OMVolumeCreateRequest (OMVolumeCreateRequest.java:validateAndUpdateCache(198)) - created volume:42d4ef78-ea19-4803-8513-f26a04158084 for user:runner
2024-01-26 21:34:33,358 [main] INFO  rpc.RpcClient (RpcClient.java:createBucket(683)) - Creating Bucket: 42d4ef78-ea19-4803-8513-f26a04158084/daadb09a-ea0f-4cff-8a6a-a460323496a6, with bucket layout FILE_SYSTEM_OPTIMIZED, runner as owner, Versioning false, Storage Type set to DISK and Encryption set to false, Replication Type set to server-side default replication type, Namespace Quota set to -1, Space Quota set to -1 
2024-01-26 21:34:33,359 [om1-OMStateMachineApplyTransactionThread - 0] INFO  bucket.OMBucketCreateRequest (OMBucketCreateRequest.java:validateAndUpdateCache(292)) - created bucket: daadb09a-ea0f-4cff-8a6a-a460323496a6 of layout FILE_SYSTEM_OPTIMIZED in volume: 42d4ef78-ea19-4803-8513-f26a04158084
]]></system-out>
  </testcase>
  <testcase name="testGetKeyDetails" classname="org.apache.hadoop.ozone.client.rpc.TestSecureOzoneRpcClient" time="0.04">
    <system-out><![CDATA[2024-01-26 21:34:33,404 [main] INFO  rpc.RpcClient (RpcClient.java:createVolume(456)) - Creating Volume: 095a3d94-b03b-4e13-8aa0-60181b681376, with runner as owner and space quota set to -1 bytes, counts quota set to -1
2024-01-26 21:34:33,406 [om1-OMStateMachineApplyTransactionThread - 0] INFO  volume.OMVolumeCreateRequest (OMVolumeCreateRequest.java:validateAndUpdateCache(198)) - created volume:095a3d94-b03b-4e13-8aa0-60181b681376 for user:runner
2024-01-26 21:34:33,407 [main] INFO  rpc.RpcClient (RpcClient.java:createBucket(683)) - Creating Bucket: 095a3d94-b03b-4e13-8aa0-60181b681376/d93a2447-e663-41bb-afa7-2e2f42f39a5f, with server-side default bucket layout, runner as owner, Versioning false, Storage Type set to DISK and Encryption set to false, Replication Type set to server-side default replication type, Namespace Quota set to -1, Space Quota set to -1 
2024-01-26 21:34:33,409 [om1-OMStateMachineApplyTransactionThread - 0] INFO  bucket.OMBucketCreateRequest (OMBucketCreateRequest.java:validateAndUpdateCache(292)) - created bucket: d93a2447-e663-41bb-afa7-2e2f42f39a5f of layout OBJECT_STORE in volume: 095a3d94-b03b-4e13-8aa0-60181b681376
2024-01-26 21:34:33,428 [IPC Server handler 43 on default port 15001] WARN  node.SCMNodeManager (SCMNodeManager.java:getNodesByAddress(1549)) - Cannot find node for address 127.0.0.1
]]></system-out>
  </testcase>
  <testcase name="testHeadObject" classname="org.apache.hadoop.ozone.client.rpc.TestSecureOzoneRpcClient" time="0.02">
    <system-out><![CDATA[2024-01-26 21:34:33,444 [main] INFO  rpc.RpcClient (RpcClient.java:createVolume(456)) - Creating Volume: 78324379-2537-4107-9b57-b450b3933dc9, with runner as owner and space quota set to -1 bytes, counts quota set to -1
2024-01-26 21:34:33,446 [om1-OMStateMachineApplyTransactionThread - 0] INFO  volume.OMVolumeCreateRequest (OMVolumeCreateRequest.java:validateAndUpdateCache(198)) - created volume:78324379-2537-4107-9b57-b450b3933dc9 for user:runner
2024-01-26 21:34:33,447 [main] INFO  rpc.RpcClient (RpcClient.java:createBucket(683)) - Creating Bucket: 78324379-2537-4107-9b57-b450b3933dc9/7a46c024-7cfb-452a-b534-f3cc18fabd64, with server-side default bucket layout, runner as owner, Versioning false, Storage Type set to DISK and Encryption set to false, Replication Type set to server-side default replication type, Namespace Quota set to -1, Space Quota set to -1 
2024-01-26 21:34:33,449 [om1-OMStateMachineApplyTransactionThread - 0] INFO  bucket.OMBucketCreateRequest (OMBucketCreateRequest.java:validateAndUpdateCache(292)) - created bucket: 7a46c024-7cfb-452a-b534-f3cc18fabd64 of layout OBJECT_STORE in volume: 78324379-2537-4107-9b57-b450b3933dc9
21:34:33.463 [IPC Server handler 10 on default port 15004] ERROR OMAudit - user=runner | ip=127.0.0.1 | op=READ_KEY {volume=78324379-2537-4107-9b57-b450b3933dc9, bucket=7a46c024-7cfb-452a-b534-f3cc18fabd64, key=e5d63f09-7ac6-4edf-a14e-19b360a602c5, dataSize=0, replicationConfig=null} | ret=FAILURE
org.apache.hadoop.ozone.om.exceptions.OMException: Key:e5d63f09-7ac6-4edf-a14e-19b360a602c5 not found
	at org.apache.hadoop.ozone.om.KeyManagerImpl.readKeyInfo(KeyManagerImpl.java:451) ~[ozone-manager-1.5.0-SNAPSHOT.jar:?]
	at org.apache.hadoop.ozone.om.KeyManagerImpl.lambda$9(KeyManagerImpl.java:2004) ~[ozone-manager-1.5.0-SNAPSHOT.jar:?]
	at org.apache.hadoop.util.MetricUtil.captureLatencyNs(MetricUtil.java:45) ~[hdds-common-1.5.0-SNAPSHOT.jar:?]
	at org.apache.hadoop.ozone.om.KeyManagerImpl.getKeyInfo(KeyManagerImpl.java:2002) ~[ozone-manager-1.5.0-SNAPSHOT.jar:?]
	at org.apache.hadoop.ozone.om.OmMetadataReader.getKeyInfo(OmMetadataReader.java:190) ~[ozone-manager-1.5.0-SNAPSHOT.jar:?]
	at org.apache.hadoop.ozone.om.OzoneManager.getKeyInfo(OzoneManager.java:2869) ~[ozone-manager-1.5.0-SNAPSHOT.jar:?]
	at org.apache.hadoop.ozone.protocolPB.OzoneManagerRequestHandler.getKeyInfo(OzoneManagerRequestHandler.java:641) ~[ozone-manager-1.5.0-SNAPSHOT.jar:?]
	at org.apache.hadoop.ozone.protocolPB.OzoneManagerRequestHandler.handleReadRequest(OzoneManagerRequestHandler.java:328) ~[ozone-manager-1.5.0-SNAPSHOT.jar:?]
	at org.apache.hadoop.ozone.protocolPB.OzoneManagerProtocolServerSideTranslatorPB.submitReadRequestToOM(OzoneManagerProtocolServerSideTranslatorPB.java:250) ~[ozone-manager-1.5.0-SNAPSHOT.jar:?]
	at org.apache.hadoop.ozone.protocolPB.OzoneManagerProtocolServerSideTranslatorPB.internalProcessRequest(OzoneManagerProtocolServerSideTranslatorPB.java:196) ~[ozone-manager-1.5.0-SNAPSHOT.jar:?]
	at org.apache.hadoop.ozone.protocolPB.OzoneManagerProtocolServerSideTranslatorPB.processRequest(OzoneManagerProtocolServerSideTranslatorPB.java:156) ~[ozone-manager-1.5.0-SNAPSHOT.jar:?]
	at org.apache.hadoop.hdds.server.OzoneProtocolMessageDispatcher.processRequest(OzoneProtocolMessageDispatcher.java:89) [hdds-server-framework-1.5.0-SNAPSHOT.jar:?]
	at org.apache.hadoop.ozone.protocolPB.OzoneManagerProtocolServerSideTranslatorPB.submitRequest(OzoneManagerProtocolServerSideTranslatorPB.java:147) [ozone-manager-1.5.0-SNAPSHOT.jar:?]
	at org.apache.hadoop.ozone.protocol.proto.OzoneManagerProtocolProtos$OzoneManagerService$2.callBlockingMethod(OzoneManagerProtocolProtos.java) [ozone-interface-client-1.5.0-SNAPSHOT.jar:?]
	at org.apache.hadoop.ipc.ProtobufRpcEngine$Server.processCall(ProtobufRpcEngine.java:484) [hadoop-common-3.3.6.jar:?]
	at org.apache.hadoop.ipc.ProtobufRpcEngine2$Server$ProtoBufRpcInvoker.call(ProtobufRpcEngine2.java:595) [hadoop-common-3.3.6.jar:?]
	at org.apache.hadoop.ipc.ProtobufRpcEngine2$Server$ProtoBufRpcInvoker.call(ProtobufRpcEngine2.java:573) [hadoop-common-3.3.6.jar:?]
	at org.apache.hadoop.ipc.RPC$Server.call(RPC.java:1227) [hadoop-common-3.3.6.jar:?]
	at org.apache.hadoop.ipc.Server$RpcCall.run(Server.java:1094) [hadoop-common-3.3.6.jar:?]
	at org.apache.hadoop.ipc.Server$RpcCall.run(Server.java:1017) [hadoop-common-3.3.6.jar:?]
	at java.security.AccessController.doPrivileged(Native Method) ~[?:1.8.0_392]
	at javax.security.auth.Subject.doAs(Subject.java:422) [?:1.8.0_392]
	at org.apache.hadoop.security.UserGroupInformation.doAs(UserGroupInformation.java:1899) [hadoop-common-3.3.6.jar:?]
	at org.apache.hadoop.ipc.Server$Handler.run(Server.java:3048) [hadoop-common-3.3.6.jar:?]
]]></system-out>
  </testcase>
  <testcase name="testInitiateMultipartUpload(ReplicationConfig)[1]" classname="org.apache.hadoop.ozone.client.rpc.TestSecureOzoneRpcClient" time="0.01">
    <system-out><![CDATA[2024-01-26 21:34:33,466 [main] INFO  rpc.RpcClient (RpcClient.java:createVolume(456)) - Creating Volume: 61cd251a-fca0-4de6-8de8-e044b5090278, with runner as owner and space quota set to -1 bytes, counts quota set to -1
2024-01-26 21:34:33,467 [om1-OMStateMachineApplyTransactionThread - 0] INFO  volume.OMVolumeCreateRequest (OMVolumeCreateRequest.java:validateAndUpdateCache(198)) - created volume:61cd251a-fca0-4de6-8de8-e044b5090278 for user:runner
2024-01-26 21:34:33,468 [main] INFO  rpc.RpcClient (RpcClient.java:createBucket(683)) - Creating Bucket: 61cd251a-fca0-4de6-8de8-e044b5090278/f2739aa9-2c69-47a5-85e5-d24f5e0c46d6, with server-side default bucket layout, runner as owner, Versioning false, Storage Type set to DISK and Encryption set to false, Replication Type set to server-side default replication type, Namespace Quota set to -1, Space Quota set to -1 
2024-01-26 21:34:33,470 [om1-OMStateMachineApplyTransactionThread - 0] INFO  bucket.OMBucketCreateRequest (OMBucketCreateRequest.java:validateAndUpdateCache(292)) - created bucket: f2739aa9-2c69-47a5-85e5-d24f5e0c46d6 of layout OBJECT_STORE in volume: 61cd251a-fca0-4de6-8de8-e044b5090278
]]></system-out>
  </testcase>
  <testcase name="testInitiateMultipartUpload(ReplicationConfig)[2]" classname="org.apache.hadoop.ozone.client.rpc.TestSecureOzoneRpcClient" time="0.013">
    <system-out><![CDATA[2024-01-26 21:34:33,479 [main] INFO  rpc.RpcClient (RpcClient.java:createVolume(456)) - Creating Volume: e6e881d3-4691-4bd8-a7c9-a023f02c9cb1, with runner as owner and space quota set to -1 bytes, counts quota set to -1
2024-01-26 21:34:33,480 [om1-OMStateMachineApplyTransactionThread - 0] INFO  volume.OMVolumeCreateRequest (OMVolumeCreateRequest.java:validateAndUpdateCache(198)) - created volume:e6e881d3-4691-4bd8-a7c9-a023f02c9cb1 for user:runner
2024-01-26 21:34:33,482 [main] INFO  rpc.RpcClient (RpcClient.java:createBucket(683)) - Creating Bucket: e6e881d3-4691-4bd8-a7c9-a023f02c9cb1/67af1940-8319-450f-a02e-e8d21b6ea2f3, with server-side default bucket layout, runner as owner, Versioning false, Storage Type set to DISK and Encryption set to false, Replication Type set to server-side default replication type, Namespace Quota set to -1, Space Quota set to -1 
2024-01-26 21:34:33,483 [om1-OMStateMachineApplyTransactionThread - 0] INFO  bucket.OMBucketCreateRequest (OMBucketCreateRequest.java:validateAndUpdateCache(292)) - created bucket: 67af1940-8319-450f-a02e-e8d21b6ea2f3 of layout OBJECT_STORE in volume: e6e881d3-4691-4bd8-a7c9-a023f02c9cb1
]]></system-out>
  </testcase>
  <testcase name="testInitiateMultipartUpload(ReplicationConfig)[3]" classname="org.apache.hadoop.ozone.client.rpc.TestSecureOzoneRpcClient" time="0.01">
    <system-out><![CDATA[2024-01-26 21:34:33,490 [main] INFO  rpc.RpcClient (RpcClient.java:createVolume(456)) - Creating Volume: 521f6d4e-bbd8-4925-af5b-af8835a67f20, with runner as owner and space quota set to -1 bytes, counts quota set to -1
2024-01-26 21:34:33,492 [om1-OMStateMachineApplyTransactionThread - 0] INFO  volume.OMVolumeCreateRequest (OMVolumeCreateRequest.java:validateAndUpdateCache(198)) - created volume:521f6d4e-bbd8-4925-af5b-af8835a67f20 for user:runner
2024-01-26 21:34:33,493 [main] INFO  rpc.RpcClient (RpcClient.java:createBucket(683)) - Creating Bucket: 521f6d4e-bbd8-4925-af5b-af8835a67f20/c1cbfc96-c968-4c34-af48-d6a4092d2040, with server-side default bucket layout, runner as owner, Versioning false, Storage Type set to DISK and Encryption set to false, Replication Type set to server-side default replication type, Namespace Quota set to -1, Space Quota set to -1 
2024-01-26 21:34:33,495 [om1-OMStateMachineApplyTransactionThread - 0] INFO  bucket.OMBucketCreateRequest (OMBucketCreateRequest.java:validateAndUpdateCache(292)) - created bucket: c1cbfc96-c968-4c34-af48-d6a4092d2040 of layout OBJECT_STORE in volume: 521f6d4e-bbd8-4925-af5b-af8835a67f20
]]></system-out>
  </testcase>
  <testcase name="testInitiateMultipartUploadWithDefaultReplication" classname="org.apache.hadoop.ozone.client.rpc.TestSecureOzoneRpcClient" time="0.01">
    <system-out><![CDATA[2024-01-26 21:34:33,501 [main] INFO  rpc.RpcClient (RpcClient.java:createVolume(456)) - Creating Volume: f5645f89-1a74-4d55-8d07-9bb3776ae988, with runner as owner and space quota set to -1 bytes, counts quota set to -1
2024-01-26 21:34:33,503 [om1-OMStateMachineApplyTransactionThread - 0] INFO  volume.OMVolumeCreateRequest (OMVolumeCreateRequest.java:validateAndUpdateCache(198)) - created volume:f5645f89-1a74-4d55-8d07-9bb3776ae988 for user:runner
2024-01-26 21:34:33,504 [main] INFO  rpc.RpcClient (RpcClient.java:createBucket(683)) - Creating Bucket: f5645f89-1a74-4d55-8d07-9bb3776ae988/0ad20255-7e2f-4745-ba18-c9c6bb8fac98, with server-side default bucket layout, runner as owner, Versioning false, Storage Type set to DISK and Encryption set to false, Replication Type set to server-side default replication type, Namespace Quota set to -1, Space Quota set to -1 
2024-01-26 21:34:33,506 [om1-OMStateMachineApplyTransactionThread - 0] INFO  bucket.OMBucketCreateRequest (OMBucketCreateRequest.java:validateAndUpdateCache(292)) - created bucket: 0ad20255-7e2f-4745-ba18-c9c6bb8fac98 of layout OBJECT_STORE in volume: f5645f89-1a74-4d55-8d07-9bb3776ae988
]]></system-out>
  </testcase>
  <testcase name="testInvalidBucketCreation" classname="org.apache.hadoop.ozone.client.rpc.TestSecureOzoneRpcClient" time="0.004">
    <system-out><![CDATA[2024-01-26 21:34:33,512 [main] INFO  rpc.RpcClient (RpcClient.java:createVolume(456)) - Creating Volume: e15520a7-e50f-4473-b0cf-17dbc65dd9c0, with runner as owner and space quota set to -1 bytes, counts quota set to -1
2024-01-26 21:34:33,513 [om1-OMStateMachineApplyTransactionThread - 0] INFO  volume.OMVolumeCreateRequest (OMVolumeCreateRequest.java:validateAndUpdateCache(198)) - created volume:e15520a7-e50f-4473-b0cf-17dbc65dd9c0 for user:runner
]]></system-out>
  </testcase>
  <testcase name="testKeyReadWriteForGDPR" classname="org.apache.hadoop.ozone.client.rpc.TestSecureOzoneRpcClient" time="0.039">
    <system-out><![CDATA[2024-01-26 21:34:33,516 [main] INFO  rpc.RpcClient (RpcClient.java:createVolume(456)) - Creating Volume: ce584c98-bd9f-40fc-ba15-8193fb26dfc6, with runner as owner and space quota set to -1 bytes, counts quota set to -1
2024-01-26 21:34:33,518 [om1-OMStateMachineApplyTransactionThread - 0] INFO  volume.OMVolumeCreateRequest (OMVolumeCreateRequest.java:validateAndUpdateCache(198)) - created volume:ce584c98-bd9f-40fc-ba15-8193fb26dfc6 for user:runner
2024-01-26 21:34:33,520 [main] INFO  rpc.RpcClient (RpcClient.java:createBucket(683)) - Creating Bucket: ce584c98-bd9f-40fc-ba15-8193fb26dfc6/bdfc8016-7184-415f-9abe-b144091872c5, with bucket layout OBJECT_STORE, runner as owner, Versioning false, Storage Type set to DISK and Encryption set to false, Replication Type set to server-side default replication type, Namespace Quota set to -1, Space Quota set to -1 
2024-01-26 21:34:33,521 [om1-OMStateMachineApplyTransactionThread - 0] INFO  bucket.OMBucketCreateRequest (OMBucketCreateRequest.java:validateAndUpdateCache(292)) - created bucket: bdfc8016-7184-415f-9abe-b144091872c5 of layout OBJECT_STORE in volume: ce584c98-bd9f-40fc-ba15-8193fb26dfc6
2024-01-26 21:34:33,534 [IPC Server handler 22 on default port 15001] WARN  node.SCMNodeManager (SCMNodeManager.java:getNodesByAddress(1549)) - Cannot find node for address 127.0.0.1
2024-01-26 21:34:33,536 [IPC Server handler 14 on default port 15001] WARN  node.SCMNodeManager (SCMNodeManager.java:getNodesByAddress(1549)) - Cannot find node for address 127.0.0.1
2024-01-26 21:34:33,550 [IPC Server handler 24 on default port 15001] WARN  node.SCMNodeManager (SCMNodeManager.java:getNodesByAddress(1549)) - Cannot find node for address 127.0.0.1
2024-01-26 21:34:33,552 [IPC Server handler 1 on default port 15001] WARN  node.SCMNodeManager (SCMNodeManager.java:getNodesByAddress(1549)) - Cannot find node for address 127.0.0.1
]]></system-out>
  </testcase>
  <testcase name="testKeysRename" classname="org.apache.hadoop.ozone.client.rpc.TestSecureOzoneRpcClient" time="0.053">
    <system-out><![CDATA[2024-01-26 21:34:33,556 [main] INFO  rpc.RpcClient (RpcClient.java:createVolume(456)) - Creating Volume: 3152e96c-4fba-42e4-a241-093920761480, with runner as owner and space quota set to -1 bytes, counts quota set to -1
2024-01-26 21:34:33,557 [om1-OMStateMachineApplyTransactionThread - 0] INFO  volume.OMVolumeCreateRequest (OMVolumeCreateRequest.java:validateAndUpdateCache(198)) - created volume:3152e96c-4fba-42e4-a241-093920761480 for user:runner
2024-01-26 21:34:33,559 [main] INFO  rpc.RpcClient (RpcClient.java:createBucket(683)) - Creating Bucket: 3152e96c-4fba-42e4-a241-093920761480/1baeb28b-fe0c-4443-8a38-474f22e38a02, with bucket layout OBJECT_STORE, runner as owner, Versioning false, Storage Type set to DISK and Encryption set to false, Replication Type set to server-side default replication type, Namespace Quota set to -1, Space Quota set to -1 
2024-01-26 21:34:33,560 [om1-OMStateMachineApplyTransactionThread - 0] INFO  bucket.OMBucketCreateRequest (OMBucketCreateRequest.java:validateAndUpdateCache(292)) - created bucket: 1baeb28b-fe0c-4443-8a38-474f22e38a02 of layout OBJECT_STORE in volume: 3152e96c-4fba-42e4-a241-093920761480
2024-01-26 21:34:33,574 [IPC Server handler 8 on default port 15001] WARN  node.SCMNodeManager (SCMNodeManager.java:getNodesByAddress(1549)) - Cannot find node for address 127.0.0.1
2024-01-26 21:34:33,587 [IPC Server handler 72 on default port 15001] WARN  node.SCMNodeManager (SCMNodeManager.java:getNodesByAddress(1549)) - Cannot find node for address 127.0.0.1
2024-01-26 21:34:33,601 [IPC Server handler 69 on default port 15001] WARN  node.SCMNodeManager (SCMNodeManager.java:getNodesByAddress(1549)) - Cannot find node for address 127.0.0.1
2024-01-26 21:34:33,602 [IPC Server handler 66 on default port 15001] WARN  node.SCMNodeManager (SCMNodeManager.java:getNodesByAddress(1549)) - Cannot find node for address 127.0.0.1
21:34:33.604 [IPC Server handler 2 on default port 15004] ERROR OMAudit - user=runner | ip=127.0.0.1 | op=READ_KEY {volume=3152e96c-4fba-42e4-a241-093920761480, bucket=1baeb28b-fe0c-4443-8a38-474f22e38a02, key=dir/file1, dataSize=0, replicationConfig=null} | ret=FAILURE
org.apache.hadoop.ozone.om.exceptions.OMException: Key:dir/file1 not found
	at org.apache.hadoop.ozone.om.KeyManagerImpl.readKeyInfo(KeyManagerImpl.java:451) ~[ozone-manager-1.5.0-SNAPSHOT.jar:?]
	at org.apache.hadoop.ozone.om.KeyManagerImpl.lambda$9(KeyManagerImpl.java:2004) ~[ozone-manager-1.5.0-SNAPSHOT.jar:?]
	at org.apache.hadoop.util.MetricUtil.captureLatencyNs(MetricUtil.java:45) ~[hdds-common-1.5.0-SNAPSHOT.jar:?]
	at org.apache.hadoop.ozone.om.KeyManagerImpl.getKeyInfo(KeyManagerImpl.java:2002) ~[ozone-manager-1.5.0-SNAPSHOT.jar:?]
	at org.apache.hadoop.ozone.om.OmMetadataReader.getKeyInfo(OmMetadataReader.java:190) ~[ozone-manager-1.5.0-SNAPSHOT.jar:?]
	at org.apache.hadoop.ozone.om.OzoneManager.getKeyInfo(OzoneManager.java:2869) ~[ozone-manager-1.5.0-SNAPSHOT.jar:?]
	at org.apache.hadoop.ozone.protocolPB.OzoneManagerRequestHandler.getKeyInfo(OzoneManagerRequestHandler.java:641) ~[ozone-manager-1.5.0-SNAPSHOT.jar:?]
	at org.apache.hadoop.ozone.protocolPB.OzoneManagerRequestHandler.handleReadRequest(OzoneManagerRequestHandler.java:328) ~[ozone-manager-1.5.0-SNAPSHOT.jar:?]
	at org.apache.hadoop.ozone.protocolPB.OzoneManagerProtocolServerSideTranslatorPB.submitReadRequestToOM(OzoneManagerProtocolServerSideTranslatorPB.java:250) ~[ozone-manager-1.5.0-SNAPSHOT.jar:?]
	at org.apache.hadoop.ozone.protocolPB.OzoneManagerProtocolServerSideTranslatorPB.internalProcessRequest(OzoneManagerProtocolServerSideTranslatorPB.java:196) ~[ozone-manager-1.5.0-SNAPSHOT.jar:?]
	at org.apache.hadoop.ozone.protocolPB.OzoneManagerProtocolServerSideTranslatorPB.processRequest(OzoneManagerProtocolServerSideTranslatorPB.java:156) ~[ozone-manager-1.5.0-SNAPSHOT.jar:?]
	at org.apache.hadoop.hdds.server.OzoneProtocolMessageDispatcher.processRequest(OzoneProtocolMessageDispatcher.java:89) [hdds-server-framework-1.5.0-SNAPSHOT.jar:?]
	at org.apache.hadoop.ozone.protocolPB.OzoneManagerProtocolServerSideTranslatorPB.submitRequest(OzoneManagerProtocolServerSideTranslatorPB.java:147) [ozone-manager-1.5.0-SNAPSHOT.jar:?]
	at org.apache.hadoop.ozone.protocol.proto.OzoneManagerProtocolProtos$OzoneManagerService$2.callBlockingMethod(OzoneManagerProtocolProtos.java) [ozone-interface-client-1.5.0-SNAPSHOT.jar:?]
	at org.apache.hadoop.ipc.ProtobufRpcEngine$Server.processCall(ProtobufRpcEngine.java:484) [hadoop-common-3.3.6.jar:?]
	at org.apache.hadoop.ipc.ProtobufRpcEngine2$Server$ProtoBufRpcInvoker.call(ProtobufRpcEngine2.java:595) [hadoop-common-3.3.6.jar:?]
	at org.apache.hadoop.ipc.ProtobufRpcEngine2$Server$ProtoBufRpcInvoker.call(ProtobufRpcEngine2.java:573) [hadoop-common-3.3.6.jar:?]
	at org.apache.hadoop.ipc.RPC$Server.call(RPC.java:1227) [hadoop-common-3.3.6.jar:?]
	at org.apache.hadoop.ipc.Server$RpcCall.run(Server.java:1094) [hadoop-common-3.3.6.jar:?]
	at org.apache.hadoop.ipc.Server$RpcCall.run(Server.java:1017) [hadoop-common-3.3.6.jar:?]
	at java.security.AccessController.doPrivileged(Native Method) ~[?:1.8.0_392]
	at javax.security.auth.Subject.doAs(Subject.java:422) [?:1.8.0_392]
	at org.apache.hadoop.security.UserGroupInformation.doAs(UserGroupInformation.java:1899) [hadoop-common-3.3.6.jar:?]
	at org.apache.hadoop.ipc.Server$Handler.run(Server.java:3048) [hadoop-common-3.3.6.jar:?]
21:34:33.605 [IPC Server handler 0 on default port 15004] ERROR OMAudit - user=runner | ip=127.0.0.1 | op=READ_KEY {volume=3152e96c-4fba-42e4-a241-093920761480, bucket=1baeb28b-fe0c-4443-8a38-474f22e38a02, key=dir/file2, dataSize=0, replicationConfig=null} | ret=FAILURE
org.apache.hadoop.ozone.om.exceptions.OMException: Key:dir/file2 not found
	at org.apache.hadoop.ozone.om.KeyManagerImpl.readKeyInfo(KeyManagerImpl.java:451) ~[ozone-manager-1.5.0-SNAPSHOT.jar:?]
	at org.apache.hadoop.ozone.om.KeyManagerImpl.lambda$9(KeyManagerImpl.java:2004) ~[ozone-manager-1.5.0-SNAPSHOT.jar:?]
	at org.apache.hadoop.util.MetricUtil.captureLatencyNs(MetricUtil.java:45) ~[hdds-common-1.5.0-SNAPSHOT.jar:?]
	at org.apache.hadoop.ozone.om.KeyManagerImpl.getKeyInfo(KeyManagerImpl.java:2002) ~[ozone-manager-1.5.0-SNAPSHOT.jar:?]
	at org.apache.hadoop.ozone.om.OmMetadataReader.getKeyInfo(OmMetadataReader.java:190) ~[ozone-manager-1.5.0-SNAPSHOT.jar:?]
	at org.apache.hadoop.ozone.om.OzoneManager.getKeyInfo(OzoneManager.java:2869) ~[ozone-manager-1.5.0-SNAPSHOT.jar:?]
	at org.apache.hadoop.ozone.protocolPB.OzoneManagerRequestHandler.getKeyInfo(OzoneManagerRequestHandler.java:641) ~[ozone-manager-1.5.0-SNAPSHOT.jar:?]
	at org.apache.hadoop.ozone.protocolPB.OzoneManagerRequestHandler.handleReadRequest(OzoneManagerRequestHandler.java:328) ~[ozone-manager-1.5.0-SNAPSHOT.jar:?]
	at org.apache.hadoop.ozone.protocolPB.OzoneManagerProtocolServerSideTranslatorPB.submitReadRequestToOM(OzoneManagerProtocolServerSideTranslatorPB.java:250) ~[ozone-manager-1.5.0-SNAPSHOT.jar:?]
	at org.apache.hadoop.ozone.protocolPB.OzoneManagerProtocolServerSideTranslatorPB.internalProcessRequest(OzoneManagerProtocolServerSideTranslatorPB.java:196) ~[ozone-manager-1.5.0-SNAPSHOT.jar:?]
	at org.apache.hadoop.ozone.protocolPB.OzoneManagerProtocolServerSideTranslatorPB.processRequest(OzoneManagerProtocolServerSideTranslatorPB.java:156) ~[ozone-manager-1.5.0-SNAPSHOT.jar:?]
	at org.apache.hadoop.hdds.server.OzoneProtocolMessageDispatcher.processRequest(OzoneProtocolMessageDispatcher.java:89) [hdds-server-framework-1.5.0-SNAPSHOT.jar:?]
	at org.apache.hadoop.ozone.protocolPB.OzoneManagerProtocolServerSideTranslatorPB.submitRequest(OzoneManagerProtocolServerSideTranslatorPB.java:147) [ozone-manager-1.5.0-SNAPSHOT.jar:?]
	at org.apache.hadoop.ozone.protocol.proto.OzoneManagerProtocolProtos$OzoneManagerService$2.callBlockingMethod(OzoneManagerProtocolProtos.java) [ozone-interface-client-1.5.0-SNAPSHOT.jar:?]
	at org.apache.hadoop.ipc.ProtobufRpcEngine$Server.processCall(ProtobufRpcEngine.java:484) [hadoop-common-3.3.6.jar:?]
	at org.apache.hadoop.ipc.ProtobufRpcEngine2$Server$ProtoBufRpcInvoker.call(ProtobufRpcEngine2.java:595) [hadoop-common-3.3.6.jar:?]
	at org.apache.hadoop.ipc.ProtobufRpcEngine2$Server$ProtoBufRpcInvoker.call(ProtobufRpcEngine2.java:573) [hadoop-common-3.3.6.jar:?]
	at org.apache.hadoop.ipc.RPC$Server.call(RPC.java:1227) [hadoop-common-3.3.6.jar:?]
	at org.apache.hadoop.ipc.Server$RpcCall.run(Server.java:1094) [hadoop-common-3.3.6.jar:?]
	at org.apache.hadoop.ipc.Server$RpcCall.run(Server.java:1017) [hadoop-common-3.3.6.jar:?]
	at java.security.AccessController.doPrivileged(Native Method) ~[?:1.8.0_392]
	at javax.security.auth.Subject.doAs(Subject.java:422) [?:1.8.0_392]
	at org.apache.hadoop.security.UserGroupInformation.doAs(UserGroupInformation.java:1899) [hadoop-common-3.3.6.jar:?]
	at org.apache.hadoop.ipc.Server$Handler.run(Server.java:3048) [hadoop-common-3.3.6.jar:?]
]]></system-out>
  </testcase>
  <testcase name="testKeysRenameFail" classname="org.apache.hadoop.ozone.client.rpc.TestSecureOzoneRpcClient" time="0.023">
    <system-out><![CDATA[2024-01-26 21:34:33,609 [main] INFO  rpc.RpcClient (RpcClient.java:createVolume(456)) - Creating Volume: d50935f6-566b-4a8b-a676-ef7080f73fe1, with runner as owner and space quota set to -1 bytes, counts quota set to -1
2024-01-26 21:34:33,610 [om1-OMStateMachineApplyTransactionThread - 0] INFO  volume.OMVolumeCreateRequest (OMVolumeCreateRequest.java:validateAndUpdateCache(198)) - created volume:d50935f6-566b-4a8b-a676-ef7080f73fe1 for user:runner
2024-01-26 21:34:33,612 [main] INFO  rpc.RpcClient (RpcClient.java:createBucket(683)) - Creating Bucket: d50935f6-566b-4a8b-a676-ef7080f73fe1/85ac9754-1bad-4fa4-851c-8851865c221d, with bucket layout OBJECT_STORE, runner as owner, Versioning false, Storage Type set to DISK and Encryption set to false, Replication Type set to server-side default replication type, Namespace Quota set to -1, Space Quota set to -1 
2024-01-26 21:34:33,613 [om1-OMStateMachineApplyTransactionThread - 0] INFO  bucket.OMBucketCreateRequest (OMBucketCreateRequest.java:validateAndUpdateCache(292)) - created bucket: 85ac9754-1bad-4fa4-851c-8851865c221d of layout OBJECT_STORE in volume: d50935f6-566b-4a8b-a676-ef7080f73fe1
2024-01-26 21:34:33,624 [IPC Server handler 73 on default port 15001] WARN  node.SCMNodeManager (SCMNodeManager.java:getNodesByAddress(1549)) - Cannot find node for address 127.0.0.1
2024-01-26 21:34:33,626 [om1-OMStateMachineApplyTransactionThread - 0] ERROR key.OMKeysRenameRequest (OMKeysRenameRequest.java:validateAndUpdateCache(192)) - Received a request to rename a Key does not exist /d50935f6-566b-4a8b-a676-ef7080f73fe1/85ac9754-1bad-4fa4-851c-8851865c221d/dir/file2
2024-01-26 21:34:33,630 [IPC Server handler 64 on default port 15001] WARN  node.SCMNodeManager (SCMNodeManager.java:getNodesByAddress(1549)) - Cannot find node for address 127.0.0.1
21:34:33.631 [IPC Server handler 11 on default port 15004] ERROR OMAudit - user=runner | ip=127.0.0.1 | op=READ_KEY {volume=d50935f6-566b-4a8b-a676-ef7080f73fe1, bucket=85ac9754-1bad-4fa4-851c-8851865c221d, key=dir/file2, dataSize=0, replicationConfig=null} | ret=FAILURE
org.apache.hadoop.ozone.om.exceptions.OMException: Key:dir/file2 not found
	at org.apache.hadoop.ozone.om.KeyManagerImpl.readKeyInfo(KeyManagerImpl.java:451) ~[ozone-manager-1.5.0-SNAPSHOT.jar:?]
	at org.apache.hadoop.ozone.om.KeyManagerImpl.lambda$9(KeyManagerImpl.java:2004) ~[ozone-manager-1.5.0-SNAPSHOT.jar:?]
	at org.apache.hadoop.util.MetricUtil.captureLatencyNs(MetricUtil.java:45) ~[hdds-common-1.5.0-SNAPSHOT.jar:?]
	at org.apache.hadoop.ozone.om.KeyManagerImpl.getKeyInfo(KeyManagerImpl.java:2002) ~[ozone-manager-1.5.0-SNAPSHOT.jar:?]
	at org.apache.hadoop.ozone.om.OmMetadataReader.getKeyInfo(OmMetadataReader.java:190) ~[ozone-manager-1.5.0-SNAPSHOT.jar:?]
	at org.apache.hadoop.ozone.om.OzoneManager.getKeyInfo(OzoneManager.java:2869) ~[ozone-manager-1.5.0-SNAPSHOT.jar:?]
	at org.apache.hadoop.ozone.protocolPB.OzoneManagerRequestHandler.getKeyInfo(OzoneManagerRequestHandler.java:641) ~[ozone-manager-1.5.0-SNAPSHOT.jar:?]
	at org.apache.hadoop.ozone.protocolPB.OzoneManagerRequestHandler.handleReadRequest(OzoneManagerRequestHandler.java:328) ~[ozone-manager-1.5.0-SNAPSHOT.jar:?]
	at org.apache.hadoop.ozone.protocolPB.OzoneManagerProtocolServerSideTranslatorPB.submitReadRequestToOM(OzoneManagerProtocolServerSideTranslatorPB.java:250) ~[ozone-manager-1.5.0-SNAPSHOT.jar:?]
	at org.apache.hadoop.ozone.protocolPB.OzoneManagerProtocolServerSideTranslatorPB.internalProcessRequest(OzoneManagerProtocolServerSideTranslatorPB.java:196) ~[ozone-manager-1.5.0-SNAPSHOT.jar:?]
	at org.apache.hadoop.ozone.protocolPB.OzoneManagerProtocolServerSideTranslatorPB.processRequest(OzoneManagerProtocolServerSideTranslatorPB.java:156) ~[ozone-manager-1.5.0-SNAPSHOT.jar:?]
	at org.apache.hadoop.hdds.server.OzoneProtocolMessageDispatcher.processRequest(OzoneProtocolMessageDispatcher.java:89) [hdds-server-framework-1.5.0-SNAPSHOT.jar:?]
	at org.apache.hadoop.ozone.protocolPB.OzoneManagerProtocolServerSideTranslatorPB.submitRequest(OzoneManagerProtocolServerSideTranslatorPB.java:147) [ozone-manager-1.5.0-SNAPSHOT.jar:?]
	at org.apache.hadoop.ozone.protocol.proto.OzoneManagerProtocolProtos$OzoneManagerService$2.callBlockingMethod(OzoneManagerProtocolProtos.java) [ozone-interface-client-1.5.0-SNAPSHOT.jar:?]
	at org.apache.hadoop.ipc.ProtobufRpcEngine$Server.processCall(ProtobufRpcEngine.java:484) [hadoop-common-3.3.6.jar:?]
	at org.apache.hadoop.ipc.ProtobufRpcEngine2$Server$ProtoBufRpcInvoker.call(ProtobufRpcEngine2.java:595) [hadoop-common-3.3.6.jar:?]
	at org.apache.hadoop.ipc.ProtobufRpcEngine2$Server$ProtoBufRpcInvoker.call(ProtobufRpcEngine2.java:573) [hadoop-common-3.3.6.jar:?]
	at org.apache.hadoop.ipc.RPC$Server.call(RPC.java:1227) [hadoop-common-3.3.6.jar:?]
	at org.apache.hadoop.ipc.Server$RpcCall.run(Server.java:1094) [hadoop-common-3.3.6.jar:?]
	at org.apache.hadoop.ipc.Server$RpcCall.run(Server.java:1017) [hadoop-common-3.3.6.jar:?]
	at java.security.AccessController.doPrivileged(Native Method) ~[?:1.8.0_392]
	at javax.security.auth.Subject.doAs(Subject.java:422) [?:1.8.0_392]
	at org.apache.hadoop.security.UserGroupInformation.doAs(UserGroupInformation.java:1899) [hadoop-common-3.3.6.jar:?]
	at org.apache.hadoop.ipc.Server$Handler.run(Server.java:3048) [hadoop-common-3.3.6.jar:?]
]]></system-out>
  </testcase>
  <testcase name="testListBucket" classname="org.apache.hadoop.ozone.client.rpc.TestSecureOzoneRpcClient" time="0.721">
    <system-out><![CDATA[2024-01-26 21:34:33,633 [main] INFO  rpc.RpcClient (RpcClient.java:createVolume(456)) - Creating Volume: vol-a-06809, with runner as owner and space quota set to -1 bytes, counts quota set to -1
2024-01-26 21:34:33,634 [om1-OMStateMachineApplyTransactionThread - 0] INFO  volume.OMVolumeCreateRequest (OMVolumeCreateRequest.java:validateAndUpdateCache(198)) - created volume:vol-a-06809 for user:runner
2024-01-26 21:34:33,635 [main] INFO  rpc.RpcClient (RpcClient.java:createVolume(456)) - Creating Volume: vol-b-65452, with runner as owner and space quota set to -1 bytes, counts quota set to -1
2024-01-26 21:34:33,636 [om1-OMStateMachineApplyTransactionThread - 0] INFO  volume.OMVolumeCreateRequest (OMVolumeCreateRequest.java:validateAndUpdateCache(198)) - created volume:vol-b-65452 for user:runner
2024-01-26 21:34:33,637 [main] INFO  rpc.RpcClient (RpcClient.java:createBucket(683)) - Creating Bucket: vol-a-06809/bucket-a-0-33964, with server-side default bucket layout, runner as owner, Versioning false, Storage Type set to DISK and Encryption set to false, Replication Type set to server-side default replication type, Namespace Quota set to -1, Space Quota set to -1 
2024-01-26 21:34:33,639 [om1-OMStateMachineApplyTransactionThread - 0] INFO  bucket.OMBucketCreateRequest (OMBucketCreateRequest.java:validateAndUpdateCache(292)) - created bucket: bucket-a-0-33964 of layout OBJECT_STORE in volume: vol-a-06809
2024-01-26 21:34:33,670 [om1-OMStateMachineApplyTransactionThread - 0] WARN  snapshot.OMSnapshotCreateRequest (OMSnapshotCreateRequest.java:estimateBucketDataSize(337)) - DefaultReplicationConfig is not correctly set in OmBucketInfo for volume 'vol-a-06809' bucket 'bucket-a-0-33964'. Falling back to config default 'RATIS/THREE'
2024-01-26 21:34:33,679 [om1-OMStateMachineApplyTransactionThread - 0] INFO  snapshot.OMSnapshotCreateRequest (OMSnapshotCreateRequest.java:validateAndUpdateCache(218)) - Created snapshot: 's20240126-213433.649' with snapshotId: '069f1161-34a2-48fc-bb19-e500bab342c9' under path 'vol-a-06809/bucket-a-0-33964'
2024-01-26 21:34:33,680 [main] INFO  rpc.RpcClient (RpcClient.java:createBucket(683)) - Creating Bucket: vol-b-65452/bucket-a-0-17061, with server-side default bucket layout, runner as owner, Versioning false, Storage Type set to DISK and Encryption set to false, Replication Type set to server-side default replication type, Namespace Quota set to -1, Space Quota set to -1 
2024-01-26 21:34:33,686 [om1-OMStateMachineApplyTransactionThread - 0] INFO  bucket.OMBucketCreateRequest (OMBucketCreateRequest.java:validateAndUpdateCache(292)) - created bucket: bucket-a-0-17061 of layout OBJECT_STORE in volume: vol-b-65452
2024-01-26 21:34:33,704 [om1-OMStateMachineApplyTransactionThread - 0] WARN  snapshot.OMSnapshotCreateRequest (OMSnapshotCreateRequest.java:estimateBucketDataSize(337)) - DefaultReplicationConfig is not correctly set in OmBucketInfo for volume 'vol-b-65452' bucket 'bucket-a-0-17061'. Falling back to config default 'RATIS/THREE'
2024-01-26 21:34:33,704 [om1-OMStateMachineApplyTransactionThread - 0] INFO  snapshot.OMSnapshotCreateRequest (OMSnapshotCreateRequest.java:validateAndUpdateCache(218)) - Created snapshot: 's20240126-213433.688' with snapshotId: 'f7b81bfb-fcc8-45e2-9675-d0c52962574c' under path 'vol-b-65452/bucket-a-0-17061'
2024-01-26 21:34:33,705 [main] INFO  rpc.RpcClient (RpcClient.java:createBucket(683)) - Creating Bucket: vol-a-06809/bucket-a-1-28549, with server-side default bucket layout, runner as owner, Versioning false, Storage Type set to DISK and Encryption set to false, Replication Type set to server-side default replication type, Namespace Quota set to -1, Space Quota set to -1 
2024-01-26 21:34:33,707 [om1-OMStateMachineApplyTransactionThread - 0] INFO  bucket.OMBucketCreateRequest (OMBucketCreateRequest.java:validateAndUpdateCache(292)) - created bucket: bucket-a-1-28549 of layout OBJECT_STORE in volume: vol-a-06809
2024-01-26 21:34:33,723 [om1-OMDoubleBufferFlushThread] INFO  db.RDBCheckpointManager (RDBCheckpointManager.java:createCheckpoint(89)) - Created checkpoint in rocksDB at /home/runner/work/ozone/ozone/hadoop-ozone/integration-test/target/test-dir/MiniOzoneClusterImpl-1af845c4-9ad0-4304-ad21-7f4426eccdbd/ozone-meta/db.snapshots/checkpointState/om.db-069f1161-34a2-48fc-bb19-e500bab342c9 in 42 milliseconds
2024-01-26 21:34:33,727 [om1-OMStateMachineApplyTransactionThread - 0] WARN  snapshot.OMSnapshotCreateRequest (OMSnapshotCreateRequest.java:estimateBucketDataSize(337)) - DefaultReplicationConfig is not correctly set in OmBucketInfo for volume 'vol-a-06809' bucket 'bucket-a-1-28549'. Falling back to config default 'RATIS/THREE'
2024-01-26 21:34:33,729 [om1-OMStateMachineApplyTransactionThread - 0] INFO  snapshot.OMSnapshotCreateRequest (OMSnapshotCreateRequest.java:validateAndUpdateCache(218)) - Created snapshot: 's20240126-213433.709' with snapshotId: '12067812-a351-4b72-bf43-eed438a86966' under path 'vol-a-06809/bucket-a-1-28549'
2024-01-26 21:34:33,730 [om1-OMDoubleBufferFlushThread] INFO  om.OmSnapshotManager (OmSnapshotManager.java:createOmSnapshotCheckpoint(463)) - Created checkpoint : /home/runner/work/ozone/ozone/hadoop-ozone/integration-test/target/test-dir/MiniOzoneClusterImpl-1af845c4-9ad0-4304-ad21-7f4426eccdbd/ozone-meta/db.snapshots/checkpointState/om.db-069f1161-34a2-48fc-bb19-e500bab342c9 for snapshot s20240126-213433.649
2024-01-26 21:34:33,730 [main] INFO  rpc.RpcClient (RpcClient.java:createBucket(683)) - Creating Bucket: vol-b-65452/bucket-a-1-16981, with server-side default bucket layout, runner as owner, Versioning false, Storage Type set to DISK and Encryption set to false, Replication Type set to server-side default replication type, Namespace Quota set to -1, Space Quota set to -1 
2024-01-26 21:34:33,732 [om1-OMStateMachineApplyTransactionThread - 0] INFO  bucket.OMBucketCreateRequest (OMBucketCreateRequest.java:validateAndUpdateCache(292)) - created bucket: bucket-a-1-16981 of layout OBJECT_STORE in volume: vol-b-65452
2024-01-26 21:34:33,745 [om1-OMDoubleBufferFlushThread] INFO  db.RDBCheckpointManager (RDBCheckpointManager.java:createCheckpoint(89)) - Created checkpoint in rocksDB at /home/runner/work/ozone/ozone/hadoop-ozone/integration-test/target/test-dir/MiniOzoneClusterImpl-1af845c4-9ad0-4304-ad21-7f4426eccdbd/ozone-meta/db.snapshots/checkpointState/om.db-f7b81bfb-fcc8-45e2-9675-d0c52962574c in 12 milliseconds
2024-01-26 21:34:33,746 [om1-OMDoubleBufferFlushThread] INFO  om.OmSnapshotManager (OmSnapshotManager.java:createOmSnapshotCheckpoint(463)) - Created checkpoint : /home/runner/work/ozone/ozone/hadoop-ozone/integration-test/target/test-dir/MiniOzoneClusterImpl-1af845c4-9ad0-4304-ad21-7f4426eccdbd/ozone-meta/db.snapshots/checkpointState/om.db-f7b81bfb-fcc8-45e2-9675-d0c52962574c for snapshot s20240126-213433.688
2024-01-26 21:34:33,750 [om1-OMStateMachineApplyTransactionThread - 0] WARN  snapshot.OMSnapshotCreateRequest (OMSnapshotCreateRequest.java:estimateBucketDataSize(337)) - DefaultReplicationConfig is not correctly set in OmBucketInfo for volume 'vol-b-65452' bucket 'bucket-a-1-16981'. Falling back to config default 'RATIS/THREE'
2024-01-26 21:34:33,751 [om1-OMStateMachineApplyTransactionThread - 0] INFO  snapshot.OMSnapshotCreateRequest (OMSnapshotCreateRequest.java:validateAndUpdateCache(218)) - Created snapshot: 's20240126-213433.733' with snapshotId: '1af84634-2d6d-4424-b3f7-64722bcc2831' under path 'vol-b-65452/bucket-a-1-16981'
2024-01-26 21:34:33,751 [main] INFO  rpc.RpcClient (RpcClient.java:createBucket(683)) - Creating Bucket: vol-a-06809/bucket-a-2-98412, with server-side default bucket layout, runner as owner, Versioning false, Storage Type set to DISK and Encryption set to false, Replication Type set to server-side default replication type, Namespace Quota set to -1, Space Quota set to -1 
2024-01-26 21:34:33,753 [om1-OMStateMachineApplyTransactionThread - 0] INFO  bucket.OMBucketCreateRequest (OMBucketCreateRequest.java:validateAndUpdateCache(292)) - created bucket: bucket-a-2-98412 of layout OBJECT_STORE in volume: vol-a-06809
2024-01-26 21:34:33,764 [om1-OMDoubleBufferFlushThread] INFO  db.RDBCheckpointManager (RDBCheckpointManager.java:createCheckpoint(89)) - Created checkpoint in rocksDB at /home/runner/work/ozone/ozone/hadoop-ozone/integration-test/target/test-dir/MiniOzoneClusterImpl-1af845c4-9ad0-4304-ad21-7f4426eccdbd/ozone-meta/db.snapshots/checkpointState/om.db-12067812-a351-4b72-bf43-eed438a86966 in 16 milliseconds
2024-01-26 21:34:33,766 [om1-OMDoubleBufferFlushThread] INFO  om.OmSnapshotManager (OmSnapshotManager.java:createOmSnapshotCheckpoint(463)) - Created checkpoint : /home/runner/work/ozone/ozone/hadoop-ozone/integration-test/target/test-dir/MiniOzoneClusterImpl-1af845c4-9ad0-4304-ad21-7f4426eccdbd/ozone-meta/db.snapshots/checkpointState/om.db-12067812-a351-4b72-bf43-eed438a86966 for snapshot s20240126-213433.709
2024-01-26 21:34:33,776 [om1-OMStateMachineApplyTransactionThread - 0] WARN  snapshot.OMSnapshotCreateRequest (OMSnapshotCreateRequest.java:estimateBucketDataSize(337)) - DefaultReplicationConfig is not correctly set in OmBucketInfo for volume 'vol-a-06809' bucket 'bucket-a-2-98412'. Falling back to config default 'RATIS/THREE'
2024-01-26 21:34:33,776 [om1-OMStateMachineApplyTransactionThread - 0] INFO  snapshot.OMSnapshotCreateRequest (OMSnapshotCreateRequest.java:validateAndUpdateCache(218)) - Created snapshot: 's20240126-213433.754' with snapshotId: '81b7b140-763e-4cbc-bff8-898f2dcdf305' under path 'vol-a-06809/bucket-a-2-98412'
2024-01-26 21:34:33,777 [main] INFO  rpc.RpcClient (RpcClient.java:createBucket(683)) - Creating Bucket: vol-b-65452/bucket-a-2-25647, with server-side default bucket layout, runner as owner, Versioning false, Storage Type set to DISK and Encryption set to false, Replication Type set to server-side default replication type, Namespace Quota set to -1, Space Quota set to -1 
2024-01-26 21:34:33,778 [om1-OMStateMachineApplyTransactionThread - 0] INFO  bucket.OMBucketCreateRequest (OMBucketCreateRequest.java:validateAndUpdateCache(292)) - created bucket: bucket-a-2-25647 of layout OBJECT_STORE in volume: vol-b-65452
2024-01-26 21:34:33,790 [om1-OMDoubleBufferFlushThread] INFO  db.RDBCheckpointManager (RDBCheckpointManager.java:createCheckpoint(89)) - Created checkpoint in rocksDB at /home/runner/work/ozone/ozone/hadoop-ozone/integration-test/target/test-dir/MiniOzoneClusterImpl-1af845c4-9ad0-4304-ad21-7f4426eccdbd/ozone-meta/db.snapshots/checkpointState/om.db-1af84634-2d6d-4424-b3f7-64722bcc2831 in 21 milliseconds
2024-01-26 21:34:33,792 [om1-OMDoubleBufferFlushThread] INFO  om.OmSnapshotManager (OmSnapshotManager.java:createOmSnapshotCheckpoint(463)) - Created checkpoint : /home/runner/work/ozone/ozone/hadoop-ozone/integration-test/target/test-dir/MiniOzoneClusterImpl-1af845c4-9ad0-4304-ad21-7f4426eccdbd/ozone-meta/db.snapshots/checkpointState/om.db-1af84634-2d6d-4424-b3f7-64722bcc2831 for snapshot s20240126-213433.733
2024-01-26 21:34:33,795 [om1-OMStateMachineApplyTransactionThread - 0] WARN  snapshot.OMSnapshotCreateRequest (OMSnapshotCreateRequest.java:estimateBucketDataSize(337)) - DefaultReplicationConfig is not correctly set in OmBucketInfo for volume 'vol-b-65452' bucket 'bucket-a-2-25647'. Falling back to config default 'RATIS/THREE'
2024-01-26 21:34:33,795 [om1-OMStateMachineApplyTransactionThread - 0] INFO  snapshot.OMSnapshotCreateRequest (OMSnapshotCreateRequest.java:validateAndUpdateCache(218)) - Created snapshot: 's20240126-213433.780' with snapshotId: '812d01fd-5d00-4b64-baf2-fb35dabab220' under path 'vol-b-65452/bucket-a-2-25647'
2024-01-26 21:34:33,796 [main] INFO  rpc.RpcClient (RpcClient.java:createBucket(683)) - Creating Bucket: vol-a-06809/bucket-a-3-26589, with server-side default bucket layout, runner as owner, Versioning false, Storage Type set to DISK and Encryption set to false, Replication Type set to server-side default replication type, Namespace Quota set to -1, Space Quota set to -1 
2024-01-26 21:34:33,798 [om1-OMStateMachineApplyTransactionThread - 0] INFO  bucket.OMBucketCreateRequest (OMBucketCreateRequest.java:validateAndUpdateCache(292)) - created bucket: bucket-a-3-26589 of layout OBJECT_STORE in volume: vol-a-06809
2024-01-26 21:34:33,809 [om1-OMDoubleBufferFlushThread] INFO  db.RDBCheckpointManager (RDBCheckpointManager.java:createCheckpoint(89)) - Created checkpoint in rocksDB at /home/runner/work/ozone/ozone/hadoop-ozone/integration-test/target/test-dir/MiniOzoneClusterImpl-1af845c4-9ad0-4304-ad21-7f4426eccdbd/ozone-meta/db.snapshots/checkpointState/om.db-81b7b140-763e-4cbc-bff8-898f2dcdf305 in 15 milliseconds
2024-01-26 21:34:33,810 [om1-OMDoubleBufferFlushThread] INFO  om.OmSnapshotManager (OmSnapshotManager.java:createOmSnapshotCheckpoint(463)) - Created checkpoint : /home/runner/work/ozone/ozone/hadoop-ozone/integration-test/target/test-dir/MiniOzoneClusterImpl-1af845c4-9ad0-4304-ad21-7f4426eccdbd/ozone-meta/db.snapshots/checkpointState/om.db-81b7b140-763e-4cbc-bff8-898f2dcdf305 for snapshot s20240126-213433.754
2024-01-26 21:34:33,813 [om1-OMStateMachineApplyTransactionThread - 0] WARN  snapshot.OMSnapshotCreateRequest (OMSnapshotCreateRequest.java:estimateBucketDataSize(337)) - DefaultReplicationConfig is not correctly set in OmBucketInfo for volume 'vol-a-06809' bucket 'bucket-a-3-26589'. Falling back to config default 'RATIS/THREE'
2024-01-26 21:34:33,813 [om1-OMStateMachineApplyTransactionThread - 0] INFO  snapshot.OMSnapshotCreateRequest (OMSnapshotCreateRequest.java:validateAndUpdateCache(218)) - Created snapshot: 's20240126-213433.799' with snapshotId: 'b8627452-d35d-45fe-a504-c22d244bc088' under path 'vol-a-06809/bucket-a-3-26589'
2024-01-26 21:34:33,814 [main] INFO  rpc.RpcClient (RpcClient.java:createBucket(683)) - Creating Bucket: vol-b-65452/bucket-a-3-76544, with server-side default bucket layout, runner as owner, Versioning false, Storage Type set to DISK and Encryption set to false, Replication Type set to server-side default replication type, Namespace Quota set to -1, Space Quota set to -1 
2024-01-26 21:34:33,815 [om1-OMStateMachineApplyTransactionThread - 0] INFO  bucket.OMBucketCreateRequest (OMBucketCreateRequest.java:validateAndUpdateCache(292)) - created bucket: bucket-a-3-76544 of layout OBJECT_STORE in volume: vol-b-65452
2024-01-26 21:34:33,825 [om1-OMDoubleBufferFlushThread] INFO  db.RDBCheckpointManager (RDBCheckpointManager.java:createCheckpoint(89)) - Created checkpoint in rocksDB at /home/runner/work/ozone/ozone/hadoop-ozone/integration-test/target/test-dir/MiniOzoneClusterImpl-1af845c4-9ad0-4304-ad21-7f4426eccdbd/ozone-meta/db.snapshots/checkpointState/om.db-812d01fd-5d00-4b64-baf2-fb35dabab220 in 13 milliseconds
2024-01-26 21:34:33,826 [om1-OMDoubleBufferFlushThread] INFO  om.OmSnapshotManager (OmSnapshotManager.java:createOmSnapshotCheckpoint(463)) - Created checkpoint : /home/runner/work/ozone/ozone/hadoop-ozone/integration-test/target/test-dir/MiniOzoneClusterImpl-1af845c4-9ad0-4304-ad21-7f4426eccdbd/ozone-meta/db.snapshots/checkpointState/om.db-812d01fd-5d00-4b64-baf2-fb35dabab220 for snapshot s20240126-213433.780
2024-01-26 21:34:33,831 [om1-OMStateMachineApplyTransactionThread - 0] WARN  snapshot.OMSnapshotCreateRequest (OMSnapshotCreateRequest.java:estimateBucketDataSize(337)) - DefaultReplicationConfig is not correctly set in OmBucketInfo for volume 'vol-b-65452' bucket 'bucket-a-3-76544'. Falling back to config default 'RATIS/THREE'
2024-01-26 21:34:33,831 [om1-OMStateMachineApplyTransactionThread - 0] INFO  snapshot.OMSnapshotCreateRequest (OMSnapshotCreateRequest.java:validateAndUpdateCache(218)) - Created snapshot: 's20240126-213433.816' with snapshotId: 'b9e44ddb-5b1d-4f6f-bf7d-01877fd4922b' under path 'vol-b-65452/bucket-a-3-76544'
2024-01-26 21:34:33,832 [main] INFO  rpc.RpcClient (RpcClient.java:createBucket(683)) - Creating Bucket: vol-a-06809/bucket-a-4-02251, with server-side default bucket layout, runner as owner, Versioning false, Storage Type set to DISK and Encryption set to false, Replication Type set to server-side default replication type, Namespace Quota set to -1, Space Quota set to -1 
2024-01-26 21:34:33,833 [om1-OMStateMachineApplyTransactionThread - 0] INFO  bucket.OMBucketCreateRequest (OMBucketCreateRequest.java:validateAndUpdateCache(292)) - created bucket: bucket-a-4-02251 of layout OBJECT_STORE in volume: vol-a-06809
2024-01-26 21:34:33,845 [om1-OMDoubleBufferFlushThread] INFO  db.RDBCheckpointManager (RDBCheckpointManager.java:createCheckpoint(89)) - Created checkpoint in rocksDB at /home/runner/work/ozone/ozone/hadoop-ozone/integration-test/target/test-dir/MiniOzoneClusterImpl-1af845c4-9ad0-4304-ad21-7f4426eccdbd/ozone-meta/db.snapshots/checkpointState/om.db-b8627452-d35d-45fe-a504-c22d244bc088 in 17 milliseconds
2024-01-26 21:34:33,846 [om1-OMDoubleBufferFlushThread] INFO  om.OmSnapshotManager (OmSnapshotManager.java:createOmSnapshotCheckpoint(463)) - Created checkpoint : /home/runner/work/ozone/ozone/hadoop-ozone/integration-test/target/test-dir/MiniOzoneClusterImpl-1af845c4-9ad0-4304-ad21-7f4426eccdbd/ozone-meta/db.snapshots/checkpointState/om.db-b8627452-d35d-45fe-a504-c22d244bc088 for snapshot s20240126-213433.799
2024-01-26 21:34:33,854 [om1-OMStateMachineApplyTransactionThread - 0] WARN  snapshot.OMSnapshotCreateRequest (OMSnapshotCreateRequest.java:estimateBucketDataSize(337)) - DefaultReplicationConfig is not correctly set in OmBucketInfo for volume 'vol-a-06809' bucket 'bucket-a-4-02251'. Falling back to config default 'RATIS/THREE'
2024-01-26 21:34:33,854 [om1-OMStateMachineApplyTransactionThread - 0] INFO  snapshot.OMSnapshotCreateRequest (OMSnapshotCreateRequest.java:validateAndUpdateCache(218)) - Created snapshot: 's20240126-213433.834' with snapshotId: '283888a7-4951-4410-8302-88686b6d8e08' under path 'vol-a-06809/bucket-a-4-02251'
2024-01-26 21:34:33,856 [main] INFO  rpc.RpcClient (RpcClient.java:createBucket(683)) - Creating Bucket: vol-b-65452/bucket-a-4-20996, with server-side default bucket layout, runner as owner, Versioning false, Storage Type set to DISK and Encryption set to false, Replication Type set to server-side default replication type, Namespace Quota set to -1, Space Quota set to -1 
2024-01-26 21:34:33,858 [om1-OMStateMachineApplyTransactionThread - 0] INFO  bucket.OMBucketCreateRequest (OMBucketCreateRequest.java:validateAndUpdateCache(292)) - created bucket: bucket-a-4-20996 of layout OBJECT_STORE in volume: vol-b-65452
2024-01-26 21:34:33,871 [om1-OMDoubleBufferFlushThread] INFO  db.RDBCheckpointManager (RDBCheckpointManager.java:createCheckpoint(89)) - Created checkpoint in rocksDB at /home/runner/work/ozone/ozone/hadoop-ozone/integration-test/target/test-dir/MiniOzoneClusterImpl-1af845c4-9ad0-4304-ad21-7f4426eccdbd/ozone-meta/db.snapshots/checkpointState/om.db-b9e44ddb-5b1d-4f6f-bf7d-01877fd4922b in 24 milliseconds
2024-01-26 21:34:33,872 [om1-OMDoubleBufferFlushThread] INFO  om.OmSnapshotManager (OmSnapshotManager.java:createOmSnapshotCheckpoint(463)) - Created checkpoint : /home/runner/work/ozone/ozone/hadoop-ozone/integration-test/target/test-dir/MiniOzoneClusterImpl-1af845c4-9ad0-4304-ad21-7f4426eccdbd/ozone-meta/db.snapshots/checkpointState/om.db-b9e44ddb-5b1d-4f6f-bf7d-01877fd4922b for snapshot s20240126-213433.816
2024-01-26 21:34:33,883 [om1-OMStateMachineApplyTransactionThread - 0] WARN  snapshot.OMSnapshotCreateRequest (OMSnapshotCreateRequest.java:estimateBucketDataSize(337)) - DefaultReplicationConfig is not correctly set in OmBucketInfo for volume 'vol-b-65452' bucket 'bucket-a-4-20996'. Falling back to config default 'RATIS/THREE'
2024-01-26 21:34:33,883 [om1-OMStateMachineApplyTransactionThread - 0] INFO  snapshot.OMSnapshotCreateRequest (OMSnapshotCreateRequest.java:validateAndUpdateCache(218)) - Created snapshot: 's20240126-213433.859' with snapshotId: '7f3b2424-0894-4e22-817c-544f219c86bc' under path 'vol-b-65452/bucket-a-4-20996'
2024-01-26 21:34:33,885 [main] INFO  rpc.RpcClient (RpcClient.java:createBucket(683)) - Creating Bucket: vol-a-06809/bucket-a-5-64895, with server-side default bucket layout, runner as owner, Versioning false, Storage Type set to DISK and Encryption set to false, Replication Type set to server-side default replication type, Namespace Quota set to -1, Space Quota set to -1 
2024-01-26 21:34:33,887 [om1-OMStateMachineApplyTransactionThread - 0] INFO  bucket.OMBucketCreateRequest (OMBucketCreateRequest.java:validateAndUpdateCache(292)) - created bucket: bucket-a-5-64895 of layout OBJECT_STORE in volume: vol-a-06809
2024-01-26 21:34:33,892 [om1-OMDoubleBufferFlushThread] INFO  db.RDBCheckpointManager (RDBCheckpointManager.java:createCheckpoint(89)) - Created checkpoint in rocksDB at /home/runner/work/ozone/ozone/hadoop-ozone/integration-test/target/test-dir/MiniOzoneClusterImpl-1af845c4-9ad0-4304-ad21-7f4426eccdbd/ozone-meta/db.snapshots/checkpointState/om.db-283888a7-4951-4410-8302-88686b6d8e08 in 18 milliseconds
2024-01-26 21:34:33,893 [om1-OMDoubleBufferFlushThread] INFO  om.OmSnapshotManager (OmSnapshotManager.java:createOmSnapshotCheckpoint(463)) - Created checkpoint : /home/runner/work/ozone/ozone/hadoop-ozone/integration-test/target/test-dir/MiniOzoneClusterImpl-1af845c4-9ad0-4304-ad21-7f4426eccdbd/ozone-meta/db.snapshots/checkpointState/om.db-283888a7-4951-4410-8302-88686b6d8e08 for snapshot s20240126-213433.834
2024-01-26 21:34:33,914 [om1-OMDoubleBufferFlushThread] INFO  db.RDBCheckpointManager (RDBCheckpointManager.java:createCheckpoint(89)) - Created checkpoint in rocksDB at /home/runner/work/ozone/ozone/hadoop-ozone/integration-test/target/test-dir/MiniOzoneClusterImpl-1af845c4-9ad0-4304-ad21-7f4426eccdbd/ozone-meta/db.snapshots/checkpointState/om.db-7f3b2424-0894-4e22-817c-544f219c86bc in 19 milliseconds
2024-01-26 21:34:33,914 [om1-OMDoubleBufferFlushThread] INFO  om.OmSnapshotManager (OmSnapshotManager.java:createOmSnapshotCheckpoint(463)) - Created checkpoint : /home/runner/work/ozone/ozone/hadoop-ozone/integration-test/target/test-dir/MiniOzoneClusterImpl-1af845c4-9ad0-4304-ad21-7f4426eccdbd/ozone-meta/db.snapshots/checkpointState/om.db-7f3b2424-0894-4e22-817c-544f219c86bc for snapshot s20240126-213433.859
2024-01-26 21:34:33,915 [om1-OMStateMachineApplyTransactionThread - 0] WARN  snapshot.OMSnapshotCreateRequest (OMSnapshotCreateRequest.java:estimateBucketDataSize(337)) - DefaultReplicationConfig is not correctly set in OmBucketInfo for volume 'vol-a-06809' bucket 'bucket-a-5-64895'. Falling back to config default 'RATIS/THREE'
2024-01-26 21:34:33,915 [om1-OMStateMachineApplyTransactionThread - 0] INFO  snapshot.OMSnapshotCreateRequest (OMSnapshotCreateRequest.java:validateAndUpdateCache(218)) - Created snapshot: 's20240126-213433.888' with snapshotId: '5d851170-5c44-4186-a936-0f8ab880a545' under path 'vol-a-06809/bucket-a-5-64895'
2024-01-26 21:34:33,916 [main] INFO  rpc.RpcClient (RpcClient.java:createBucket(683)) - Creating Bucket: vol-b-65452/bucket-a-5-98881, with server-side default bucket layout, runner as owner, Versioning false, Storage Type set to DISK and Encryption set to false, Replication Type set to server-side default replication type, Namespace Quota set to -1, Space Quota set to -1 
2024-01-26 21:34:33,918 [om1-OMStateMachineApplyTransactionThread - 0] INFO  bucket.OMBucketCreateRequest (OMBucketCreateRequest.java:validateAndUpdateCache(292)) - created bucket: bucket-a-5-98881 of layout OBJECT_STORE in volume: vol-b-65452
2024-01-26 21:34:33,933 [om1-OMDoubleBufferFlushThread] INFO  db.RDBCheckpointManager (RDBCheckpointManager.java:createCheckpoint(89)) - Created checkpoint in rocksDB at /home/runner/work/ozone/ozone/hadoop-ozone/integration-test/target/test-dir/MiniOzoneClusterImpl-1af845c4-9ad0-4304-ad21-7f4426eccdbd/ozone-meta/db.snapshots/checkpointState/om.db-5d851170-5c44-4186-a936-0f8ab880a545 in 16 milliseconds
2024-01-26 21:34:33,934 [om1-OMDoubleBufferFlushThread] INFO  om.OmSnapshotManager (OmSnapshotManager.java:createOmSnapshotCheckpoint(463)) - Created checkpoint : /home/runner/work/ozone/ozone/hadoop-ozone/integration-test/target/test-dir/MiniOzoneClusterImpl-1af845c4-9ad0-4304-ad21-7f4426eccdbd/ozone-meta/db.snapshots/checkpointState/om.db-5d851170-5c44-4186-a936-0f8ab880a545 for snapshot s20240126-213433.888
2024-01-26 21:34:33,936 [om1-OMStateMachineApplyTransactionThread - 0] WARN  snapshot.OMSnapshotCreateRequest (OMSnapshotCreateRequest.java:estimateBucketDataSize(337)) - DefaultReplicationConfig is not correctly set in OmBucketInfo for volume 'vol-b-65452' bucket 'bucket-a-5-98881'. Falling back to config default 'RATIS/THREE'
2024-01-26 21:34:33,936 [om1-OMStateMachineApplyTransactionThread - 0] INFO  snapshot.OMSnapshotCreateRequest (OMSnapshotCreateRequest.java:validateAndUpdateCache(218)) - Created snapshot: 's20240126-213433.920' with snapshotId: '0ea542bf-c657-41f4-add7-a0e8a79832b0' under path 'vol-b-65452/bucket-a-5-98881'
2024-01-26 21:34:33,937 [main] INFO  rpc.RpcClient (RpcClient.java:createBucket(683)) - Creating Bucket: vol-a-06809/bucket-a-6-55117, with server-side default bucket layout, runner as owner, Versioning false, Storage Type set to DISK and Encryption set to false, Replication Type set to server-side default replication type, Namespace Quota set to -1, Space Quota set to -1 
2024-01-26 21:34:33,939 [om1-OMStateMachineApplyTransactionThread - 0] INFO  bucket.OMBucketCreateRequest (OMBucketCreateRequest.java:validateAndUpdateCache(292)) - created bucket: bucket-a-6-55117 of layout OBJECT_STORE in volume: vol-a-06809
2024-01-26 21:34:33,958 [om1-OMDoubleBufferFlushThread] INFO  db.RDBCheckpointManager (RDBCheckpointManager.java:createCheckpoint(89)) - Created checkpoint in rocksDB at /home/runner/work/ozone/ozone/hadoop-ozone/integration-test/target/test-dir/MiniOzoneClusterImpl-1af845c4-9ad0-4304-ad21-7f4426eccdbd/ozone-meta/db.snapshots/checkpointState/om.db-0ea542bf-c657-41f4-add7-a0e8a79832b0 in 20 milliseconds
2024-01-26 21:34:33,959 [om1-OMDoubleBufferFlushThread] INFO  om.OmSnapshotManager (OmSnapshotManager.java:createOmSnapshotCheckpoint(463)) - Created checkpoint : /home/runner/work/ozone/ozone/hadoop-ozone/integration-test/target/test-dir/MiniOzoneClusterImpl-1af845c4-9ad0-4304-ad21-7f4426eccdbd/ozone-meta/db.snapshots/checkpointState/om.db-0ea542bf-c657-41f4-add7-a0e8a79832b0 for snapshot s20240126-213433.920
2024-01-26 21:34:33,962 [om1-OMStateMachineApplyTransactionThread - 0] WARN  snapshot.OMSnapshotCreateRequest (OMSnapshotCreateRequest.java:estimateBucketDataSize(337)) - DefaultReplicationConfig is not correctly set in OmBucketInfo for volume 'vol-a-06809' bucket 'bucket-a-6-55117'. Falling back to config default 'RATIS/THREE'
2024-01-26 21:34:33,962 [om1-OMStateMachineApplyTransactionThread - 0] INFO  snapshot.OMSnapshotCreateRequest (OMSnapshotCreateRequest.java:validateAndUpdateCache(218)) - Created snapshot: 's20240126-213433.941' with snapshotId: '3b60b4dd-1c80-43b8-b5a8-f3a9b61466a1' under path 'vol-a-06809/bucket-a-6-55117'
2024-01-26 21:34:33,963 [main] INFO  rpc.RpcClient (RpcClient.java:createBucket(683)) - Creating Bucket: vol-b-65452/bucket-a-6-97976, with server-side default bucket layout, runner as owner, Versioning false, Storage Type set to DISK and Encryption set to false, Replication Type set to server-side default replication type, Namespace Quota set to -1, Space Quota set to -1 
2024-01-26 21:34:33,965 [om1-OMStateMachineApplyTransactionThread - 0] INFO  bucket.OMBucketCreateRequest (OMBucketCreateRequest.java:validateAndUpdateCache(292)) - created bucket: bucket-a-6-97976 of layout OBJECT_STORE in volume: vol-b-65452
2024-01-26 21:34:33,982 [om1-OMDoubleBufferFlushThread] INFO  db.RDBCheckpointManager (RDBCheckpointManager.java:createCheckpoint(89)) - Created checkpoint in rocksDB at /home/runner/work/ozone/ozone/hadoop-ozone/integration-test/target/test-dir/MiniOzoneClusterImpl-1af845c4-9ad0-4304-ad21-7f4426eccdbd/ozone-meta/db.snapshots/checkpointState/om.db-3b60b4dd-1c80-43b8-b5a8-f3a9b61466a1 in 18 milliseconds
2024-01-26 21:34:33,983 [om1-OMStateMachineApplyTransactionThread - 0] WARN  snapshot.OMSnapshotCreateRequest (OMSnapshotCreateRequest.java:estimateBucketDataSize(337)) - DefaultReplicationConfig is not correctly set in OmBucketInfo for volume 'vol-b-65452' bucket 'bucket-a-6-97976'. Falling back to config default 'RATIS/THREE'
2024-01-26 21:34:33,983 [om1-OMStateMachineApplyTransactionThread - 0] INFO  snapshot.OMSnapshotCreateRequest (OMSnapshotCreateRequest.java:validateAndUpdateCache(218)) - Created snapshot: 's20240126-213433.966' with snapshotId: '57b61738-b09a-4f0b-ae23-496fcd86c0a4' under path 'vol-b-65452/bucket-a-6-97976'
2024-01-26 21:34:33,984 [main] INFO  rpc.RpcClient (RpcClient.java:createBucket(683)) - Creating Bucket: vol-a-06809/bucket-a-7-19437, with server-side default bucket layout, runner as owner, Versioning false, Storage Type set to DISK and Encryption set to false, Replication Type set to server-side default replication type, Namespace Quota set to -1, Space Quota set to -1 
2024-01-26 21:34:33,985 [om1-OMDoubleBufferFlushThread] INFO  om.OmSnapshotManager (OmSnapshotManager.java:createOmSnapshotCheckpoint(463)) - Created checkpoint : /home/runner/work/ozone/ozone/hadoop-ozone/integration-test/target/test-dir/MiniOzoneClusterImpl-1af845c4-9ad0-4304-ad21-7f4426eccdbd/ozone-meta/db.snapshots/checkpointState/om.db-3b60b4dd-1c80-43b8-b5a8-f3a9b61466a1 for snapshot s20240126-213433.941
2024-01-26 21:34:33,986 [om1-OMStateMachineApplyTransactionThread - 0] INFO  bucket.OMBucketCreateRequest (OMBucketCreateRequest.java:validateAndUpdateCache(292)) - created bucket: bucket-a-7-19437 of layout OBJECT_STORE in volume: vol-a-06809
2024-01-26 21:34:34,002 [om1-OMDoubleBufferFlushThread] INFO  db.RDBCheckpointManager (RDBCheckpointManager.java:createCheckpoint(89)) - Created checkpoint in rocksDB at /home/runner/work/ozone/ozone/hadoop-ozone/integration-test/target/test-dir/MiniOzoneClusterImpl-1af845c4-9ad0-4304-ad21-7f4426eccdbd/ozone-meta/db.snapshots/checkpointState/om.db-57b61738-b09a-4f0b-ae23-496fcd86c0a4 in 15 milliseconds
2024-01-26 21:34:34,003 [om1-OMDoubleBufferFlushThread] INFO  om.OmSnapshotManager (OmSnapshotManager.java:createOmSnapshotCheckpoint(463)) - Created checkpoint : /home/runner/work/ozone/ozone/hadoop-ozone/integration-test/target/test-dir/MiniOzoneClusterImpl-1af845c4-9ad0-4304-ad21-7f4426eccdbd/ozone-meta/db.snapshots/checkpointState/om.db-57b61738-b09a-4f0b-ae23-496fcd86c0a4 for snapshot s20240126-213433.966
2024-01-26 21:34:34,005 [om1-OMStateMachineApplyTransactionThread - 0] WARN  snapshot.OMSnapshotCreateRequest (OMSnapshotCreateRequest.java:estimateBucketDataSize(337)) - DefaultReplicationConfig is not correctly set in OmBucketInfo for volume 'vol-a-06809' bucket 'bucket-a-7-19437'. Falling back to config default 'RATIS/THREE'
2024-01-26 21:34:34,005 [om1-OMStateMachineApplyTransactionThread - 0] INFO  snapshot.OMSnapshotCreateRequest (OMSnapshotCreateRequest.java:validateAndUpdateCache(218)) - Created snapshot: 's20240126-213433.987' with snapshotId: '81f411ec-c883-4331-8312-4052472481ac' under path 'vol-a-06809/bucket-a-7-19437'
2024-01-26 21:34:34,006 [main] INFO  rpc.RpcClient (RpcClient.java:createBucket(683)) - Creating Bucket: vol-b-65452/bucket-a-7-75642, with server-side default bucket layout, runner as owner, Versioning false, Storage Type set to DISK and Encryption set to false, Replication Type set to server-side default replication type, Namespace Quota set to -1, Space Quota set to -1 
2024-01-26 21:34:34,009 [om1-OMStateMachineApplyTransactionThread - 0] INFO  bucket.OMBucketCreateRequest (OMBucketCreateRequest.java:validateAndUpdateCache(292)) - created bucket: bucket-a-7-75642 of layout OBJECT_STORE in volume: vol-b-65452
2024-01-26 21:34:34,024 [om1-OMDoubleBufferFlushThread] INFO  db.RDBCheckpointManager (RDBCheckpointManager.java:createCheckpoint(89)) - Created checkpoint in rocksDB at /home/runner/work/ozone/ozone/hadoop-ozone/integration-test/target/test-dir/MiniOzoneClusterImpl-1af845c4-9ad0-4304-ad21-7f4426eccdbd/ozone-meta/db.snapshots/checkpointState/om.db-81f411ec-c883-4331-8312-4052472481ac in 16 milliseconds
2024-01-26 21:34:34,026 [om1-OMStateMachineApplyTransactionThread - 0] WARN  snapshot.OMSnapshotCreateRequest (OMSnapshotCreateRequest.java:estimateBucketDataSize(337)) - DefaultReplicationConfig is not correctly set in OmBucketInfo for volume 'vol-b-65452' bucket 'bucket-a-7-75642'. Falling back to config default 'RATIS/THREE'
2024-01-26 21:34:34,026 [om1-OMDoubleBufferFlushThread] WARN  om.OmSnapshotManager (OmSnapshotManager.java:performOperationOnKeys(530)) - Took 463523 ns to find endKey. Caller is deleteKeysFromDelDirTableInSnapshotScope
2024-01-26 21:34:34,026 [om1-OMDoubleBufferFlushThread] INFO  om.OmSnapshotManager (OmSnapshotManager.java:createOmSnapshotCheckpoint(463)) - Created checkpoint : /home/runner/work/ozone/ozone/hadoop-ozone/integration-test/target/test-dir/MiniOzoneClusterImpl-1af845c4-9ad0-4304-ad21-7f4426eccdbd/ozone-meta/db.snapshots/checkpointState/om.db-81f411ec-c883-4331-8312-4052472481ac for snapshot s20240126-213433.987
2024-01-26 21:34:34,026 [om1-OMStateMachineApplyTransactionThread - 0] INFO  snapshot.OMSnapshotCreateRequest (OMSnapshotCreateRequest.java:validateAndUpdateCache(218)) - Created snapshot: 's20240126-213434.010' with snapshotId: '26ede27c-46bd-4f42-a766-446be7897f87' under path 'vol-b-65452/bucket-a-7-75642'
2024-01-26 21:34:34,027 [main] INFO  rpc.RpcClient (RpcClient.java:createBucket(683)) - Creating Bucket: vol-a-06809/bucket-a-8-59601, with server-side default bucket layout, runner as owner, Versioning false, Storage Type set to DISK and Encryption set to false, Replication Type set to server-side default replication type, Namespace Quota set to -1, Space Quota set to -1 
2024-01-26 21:34:34,028 [om1-OMStateMachineApplyTransactionThread - 0] INFO  bucket.OMBucketCreateRequest (OMBucketCreateRequest.java:validateAndUpdateCache(292)) - created bucket: bucket-a-8-59601 of layout OBJECT_STORE in volume: vol-a-06809
2024-01-26 21:34:34,045 [om1-OMDoubleBufferFlushThread] INFO  db.RDBCheckpointManager (RDBCheckpointManager.java:createCheckpoint(89)) - Created checkpoint in rocksDB at /home/runner/work/ozone/ozone/hadoop-ozone/integration-test/target/test-dir/MiniOzoneClusterImpl-1af845c4-9ad0-4304-ad21-7f4426eccdbd/ozone-meta/db.snapshots/checkpointState/om.db-26ede27c-46bd-4f42-a766-446be7897f87 in 17 milliseconds
2024-01-26 21:34:34,045 [om1-OMDoubleBufferFlushThread] INFO  om.OmSnapshotManager (OmSnapshotManager.java:createOmSnapshotCheckpoint(463)) - Created checkpoint : /home/runner/work/ozone/ozone/hadoop-ozone/integration-test/target/test-dir/MiniOzoneClusterImpl-1af845c4-9ad0-4304-ad21-7f4426eccdbd/ozone-meta/db.snapshots/checkpointState/om.db-26ede27c-46bd-4f42-a766-446be7897f87 for snapshot s20240126-213434.010
2024-01-26 21:34:34,049 [om1-OMStateMachineApplyTransactionThread - 0] WARN  snapshot.OMSnapshotCreateRequest (OMSnapshotCreateRequest.java:estimateBucketDataSize(337)) - DefaultReplicationConfig is not correctly set in OmBucketInfo for volume 'vol-a-06809' bucket 'bucket-a-8-59601'. Falling back to config default 'RATIS/THREE'
2024-01-26 21:34:34,049 [om1-OMStateMachineApplyTransactionThread - 0] INFO  snapshot.OMSnapshotCreateRequest (OMSnapshotCreateRequest.java:validateAndUpdateCache(218)) - Created snapshot: 's20240126-213434.029' with snapshotId: '489debfe-4e49-424d-9537-6f77f9a9763b' under path 'vol-a-06809/bucket-a-8-59601'
2024-01-26 21:34:34,050 [main] INFO  rpc.RpcClient (RpcClient.java:createBucket(683)) - Creating Bucket: vol-b-65452/bucket-a-8-75401, with server-side default bucket layout, runner as owner, Versioning false, Storage Type set to DISK and Encryption set to false, Replication Type set to server-side default replication type, Namespace Quota set to -1, Space Quota set to -1 
2024-01-26 21:34:34,052 [om1-OMStateMachineApplyTransactionThread - 0] INFO  bucket.OMBucketCreateRequest (OMBucketCreateRequest.java:validateAndUpdateCache(292)) - created bucket: bucket-a-8-75401 of layout OBJECT_STORE in volume: vol-b-65452
2024-01-26 21:34:34,067 [om1-OMStateMachineApplyTransactionThread - 0] WARN  snapshot.OMSnapshotCreateRequest (OMSnapshotCreateRequest.java:estimateBucketDataSize(337)) - DefaultReplicationConfig is not correctly set in OmBucketInfo for volume 'vol-b-65452' bucket 'bucket-a-8-75401'. Falling back to config default 'RATIS/THREE'
2024-01-26 21:34:34,068 [om1-OMStateMachineApplyTransactionThread - 0] INFO  snapshot.OMSnapshotCreateRequest (OMSnapshotCreateRequest.java:validateAndUpdateCache(218)) - Created snapshot: 's20240126-213434.053' with snapshotId: 'b37e5662-4b54-4e51-af22-b72fd13a58ae' under path 'vol-b-65452/bucket-a-8-75401'
2024-01-26 21:34:34,068 [main] INFO  rpc.RpcClient (RpcClient.java:createBucket(683)) - Creating Bucket: vol-a-06809/bucket-a-9-69995, with server-side default bucket layout, runner as owner, Versioning false, Storage Type set to DISK and Encryption set to false, Replication Type set to server-side default replication type, Namespace Quota set to -1, Space Quota set to -1 
2024-01-26 21:34:34,070 [om1-OMStateMachineApplyTransactionThread - 0] INFO  bucket.OMBucketCreateRequest (OMBucketCreateRequest.java:validateAndUpdateCache(292)) - created bucket: bucket-a-9-69995 of layout OBJECT_STORE in volume: vol-a-06809
2024-01-26 21:34:34,072 [om1-OMDoubleBufferFlushThread] INFO  db.RDBCheckpointManager (RDBCheckpointManager.java:createCheckpoint(89)) - Created checkpoint in rocksDB at /home/runner/work/ozone/ozone/hadoop-ozone/integration-test/target/test-dir/MiniOzoneClusterImpl-1af845c4-9ad0-4304-ad21-7f4426eccdbd/ozone-meta/db.snapshots/checkpointState/om.db-489debfe-4e49-424d-9537-6f77f9a9763b in 20 milliseconds
2024-01-26 21:34:34,073 [om1-OMDoubleBufferFlushThread] INFO  om.OmSnapshotManager (OmSnapshotManager.java:createOmSnapshotCheckpoint(463)) - Created checkpoint : /home/runner/work/ozone/ozone/hadoop-ozone/integration-test/target/test-dir/MiniOzoneClusterImpl-1af845c4-9ad0-4304-ad21-7f4426eccdbd/ozone-meta/db.snapshots/checkpointState/om.db-489debfe-4e49-424d-9537-6f77f9a9763b for snapshot s20240126-213434.029
2024-01-26 21:34:34,086 [om1-OMStateMachineApplyTransactionThread - 0] WARN  snapshot.OMSnapshotCreateRequest (OMSnapshotCreateRequest.java:estimateBucketDataSize(337)) - DefaultReplicationConfig is not correctly set in OmBucketInfo for volume 'vol-a-06809' bucket 'bucket-a-9-69995'. Falling back to config default 'RATIS/THREE'
2024-01-26 21:34:34,086 [om1-OMStateMachineApplyTransactionThread - 0] INFO  snapshot.OMSnapshotCreateRequest (OMSnapshotCreateRequest.java:validateAndUpdateCache(218)) - Created snapshot: 's20240126-213434.071' with snapshotId: '2ead6a2f-d90c-4a2a-b08c-a8074b255d29' under path 'vol-a-06809/bucket-a-9-69995'
2024-01-26 21:34:34,087 [main] INFO  rpc.RpcClient (RpcClient.java:createBucket(683)) - Creating Bucket: vol-b-65452/bucket-a-9-98457, with server-side default bucket layout, runner as owner, Versioning false, Storage Type set to DISK and Encryption set to false, Replication Type set to server-side default replication type, Namespace Quota set to -1, Space Quota set to -1 
2024-01-26 21:34:34,089 [om1-OMStateMachineApplyTransactionThread - 0] INFO  bucket.OMBucketCreateRequest (OMBucketCreateRequest.java:validateAndUpdateCache(292)) - created bucket: bucket-a-9-98457 of layout OBJECT_STORE in volume: vol-b-65452
2024-01-26 21:34:34,091 [om1-OMDoubleBufferFlushThread] INFO  db.RDBCheckpointManager (RDBCheckpointManager.java:createCheckpoint(89)) - Created checkpoint in rocksDB at /home/runner/work/ozone/ozone/hadoop-ozone/integration-test/target/test-dir/MiniOzoneClusterImpl-1af845c4-9ad0-4304-ad21-7f4426eccdbd/ozone-meta/db.snapshots/checkpointState/om.db-b37e5662-4b54-4e51-af22-b72fd13a58ae in 16 milliseconds
2024-01-26 21:34:34,092 [om1-OMDoubleBufferFlushThread] INFO  om.OmSnapshotManager (OmSnapshotManager.java:createOmSnapshotCheckpoint(463)) - Created checkpoint : /home/runner/work/ozone/ozone/hadoop-ozone/integration-test/target/test-dir/MiniOzoneClusterImpl-1af845c4-9ad0-4304-ad21-7f4426eccdbd/ozone-meta/db.snapshots/checkpointState/om.db-b37e5662-4b54-4e51-af22-b72fd13a58ae for snapshot s20240126-213434.053
2024-01-26 21:34:34,103 [om1-OMStateMachineApplyTransactionThread - 0] WARN  snapshot.OMSnapshotCreateRequest (OMSnapshotCreateRequest.java:estimateBucketDataSize(337)) - DefaultReplicationConfig is not correctly set in OmBucketInfo for volume 'vol-b-65452' bucket 'bucket-a-9-98457'. Falling back to config default 'RATIS/THREE'
2024-01-26 21:34:34,103 [om1-OMStateMachineApplyTransactionThread - 0] INFO  snapshot.OMSnapshotCreateRequest (OMSnapshotCreateRequest.java:validateAndUpdateCache(218)) - Created snapshot: 's20240126-213434.090' with snapshotId: 'c5829a6e-a429-48f4-8c8f-24d000b3cb80' under path 'vol-b-65452/bucket-a-9-98457'
2024-01-26 21:34:34,104 [main] INFO  rpc.RpcClient (RpcClient.java:createBucket(683)) - Creating Bucket: vol-a-06809/bucket-b-0-21577, with server-side default bucket layout, runner as owner, Versioning false, Storage Type set to DISK and Encryption set to false, Replication Type set to server-side default replication type, Namespace Quota set to -1, Space Quota set to -1 
2024-01-26 21:34:34,106 [om1-OMStateMachineApplyTransactionThread - 0] INFO  bucket.OMBucketCreateRequest (OMBucketCreateRequest.java:validateAndUpdateCache(292)) - created bucket: bucket-b-0-21577 of layout OBJECT_STORE in volume: vol-a-06809
2024-01-26 21:34:34,107 [om1-OMDoubleBufferFlushThread] INFO  db.RDBCheckpointManager (RDBCheckpointManager.java:createCheckpoint(89)) - Created checkpoint in rocksDB at /home/runner/work/ozone/ozone/hadoop-ozone/integration-test/target/test-dir/MiniOzoneClusterImpl-1af845c4-9ad0-4304-ad21-7f4426eccdbd/ozone-meta/db.snapshots/checkpointState/om.db-2ead6a2f-d90c-4a2a-b08c-a8074b255d29 in 14 milliseconds
2024-01-26 21:34:34,107 [om1-OMDoubleBufferFlushThread] INFO  om.OmSnapshotManager (OmSnapshotManager.java:createOmSnapshotCheckpoint(463)) - Created checkpoint : /home/runner/work/ozone/ozone/hadoop-ozone/integration-test/target/test-dir/MiniOzoneClusterImpl-1af845c4-9ad0-4304-ad21-7f4426eccdbd/ozone-meta/db.snapshots/checkpointState/om.db-2ead6a2f-d90c-4a2a-b08c-a8074b255d29 for snapshot s20240126-213434.071
2024-01-26 21:34:34,121 [om1-OMStateMachineApplyTransactionThread - 0] WARN  snapshot.OMSnapshotCreateRequest (OMSnapshotCreateRequest.java:estimateBucketDataSize(337)) - DefaultReplicationConfig is not correctly set in OmBucketInfo for volume 'vol-a-06809' bucket 'bucket-b-0-21577'. Falling back to config default 'RATIS/THREE'
2024-01-26 21:34:34,122 [om1-OMStateMachineApplyTransactionThread - 0] INFO  snapshot.OMSnapshotCreateRequest (OMSnapshotCreateRequest.java:validateAndUpdateCache(218)) - Created snapshot: 's20240126-213434.107' with snapshotId: '0f880943-4dfa-44ea-8af1-d6ed10d14adf' under path 'vol-a-06809/bucket-b-0-21577'
2024-01-26 21:34:34,122 [main] INFO  rpc.RpcClient (RpcClient.java:createBucket(683)) - Creating Bucket: vol-b-65452/bucket-b-0-46801, with server-side default bucket layout, runner as owner, Versioning false, Storage Type set to DISK and Encryption set to false, Replication Type set to server-side default replication type, Namespace Quota set to -1, Space Quota set to -1 
2024-01-26 21:34:34,124 [om1-OMStateMachineApplyTransactionThread - 0] INFO  bucket.OMBucketCreateRequest (OMBucketCreateRequest.java:validateAndUpdateCache(292)) - created bucket: bucket-b-0-46801 of layout OBJECT_STORE in volume: vol-b-65452
2024-01-26 21:34:34,125 [main] INFO  rpc.RpcClient (RpcClient.java:createBucket(683)) - Creating Bucket: vol-a-06809/bucket-b-1-47162, with server-side default bucket layout, runner as owner, Versioning false, Storage Type set to DISK and Encryption set to false, Replication Type set to server-side default replication type, Namespace Quota set to -1, Space Quota set to -1 
2024-01-26 21:34:34,127 [om1-OMStateMachineApplyTransactionThread - 0] INFO  bucket.OMBucketCreateRequest (OMBucketCreateRequest.java:validateAndUpdateCache(292)) - created bucket: bucket-b-1-47162 of layout OBJECT_STORE in volume: vol-a-06809
2024-01-26 21:34:34,138 [om1-OMDoubleBufferFlushThread] INFO  db.RDBCheckpointManager (RDBCheckpointManager.java:createCheckpoint(89)) - Created checkpoint in rocksDB at /home/runner/work/ozone/ozone/hadoop-ozone/integration-test/target/test-dir/MiniOzoneClusterImpl-1af845c4-9ad0-4304-ad21-7f4426eccdbd/ozone-meta/db.snapshots/checkpointState/om.db-c5829a6e-a429-48f4-8c8f-24d000b3cb80 in 29 milliseconds
2024-01-26 21:34:34,139 [om1-OMDoubleBufferFlushThread] INFO  om.OmSnapshotManager (OmSnapshotManager.java:createOmSnapshotCheckpoint(463)) - Created checkpoint : /home/runner/work/ozone/ozone/hadoop-ozone/integration-test/target/test-dir/MiniOzoneClusterImpl-1af845c4-9ad0-4304-ad21-7f4426eccdbd/ozone-meta/db.snapshots/checkpointState/om.db-c5829a6e-a429-48f4-8c8f-24d000b3cb80 for snapshot s20240126-213434.090
2024-01-26 21:34:34,145 [om1-OMStateMachineApplyTransactionThread - 0] WARN  snapshot.OMSnapshotCreateRequest (OMSnapshotCreateRequest.java:estimateBucketDataSize(337)) - DefaultReplicationConfig is not correctly set in OmBucketInfo for volume 'vol-a-06809' bucket 'bucket-b-1-47162'. Falling back to config default 'RATIS/THREE'
2024-01-26 21:34:34,145 [om1-OMStateMachineApplyTransactionThread - 0] INFO  snapshot.OMSnapshotCreateRequest (OMSnapshotCreateRequest.java:validateAndUpdateCache(218)) - Created snapshot: 's20240126-213434.129' with snapshotId: '6a253545-37d7-47ef-9acf-22eeca8f53ea' under path 'vol-a-06809/bucket-b-1-47162'
2024-01-26 21:34:34,146 [main] INFO  rpc.RpcClient (RpcClient.java:createBucket(683)) - Creating Bucket: vol-b-65452/bucket-b-1-46849, with server-side default bucket layout, runner as owner, Versioning false, Storage Type set to DISK and Encryption set to false, Replication Type set to server-side default replication type, Namespace Quota set to -1, Space Quota set to -1 
2024-01-26 21:34:34,148 [om1-OMStateMachineApplyTransactionThread - 0] INFO  bucket.OMBucketCreateRequest (OMBucketCreateRequest.java:validateAndUpdateCache(292)) - created bucket: bucket-b-1-46849 of layout OBJECT_STORE in volume: vol-b-65452
2024-01-26 21:34:34,149 [main] INFO  rpc.RpcClient (RpcClient.java:createBucket(683)) - Creating Bucket: vol-a-06809/bucket-b-2-98061, with server-side default bucket layout, runner as owner, Versioning false, Storage Type set to DISK and Encryption set to false, Replication Type set to server-side default replication type, Namespace Quota set to -1, Space Quota set to -1 
2024-01-26 21:34:34,150 [om1-OMStateMachineApplyTransactionThread - 0] INFO  bucket.OMBucketCreateRequest (OMBucketCreateRequest.java:validateAndUpdateCache(292)) - created bucket: bucket-b-2-98061 of layout OBJECT_STORE in volume: vol-a-06809
2024-01-26 21:34:34,155 [om1-OMDoubleBufferFlushThread] INFO  db.RDBCheckpointManager (RDBCheckpointManager.java:createCheckpoint(89)) - Created checkpoint in rocksDB at /home/runner/work/ozone/ozone/hadoop-ozone/integration-test/target/test-dir/MiniOzoneClusterImpl-1af845c4-9ad0-4304-ad21-7f4426eccdbd/ozone-meta/db.snapshots/checkpointState/om.db-0f880943-4dfa-44ea-8af1-d6ed10d14adf in 14 milliseconds
2024-01-26 21:34:34,156 [om1-OMDoubleBufferFlushThread] INFO  om.OmSnapshotManager (OmSnapshotManager.java:createOmSnapshotCheckpoint(463)) - Created checkpoint : /home/runner/work/ozone/ozone/hadoop-ozone/integration-test/target/test-dir/MiniOzoneClusterImpl-1af845c4-9ad0-4304-ad21-7f4426eccdbd/ozone-meta/db.snapshots/checkpointState/om.db-0f880943-4dfa-44ea-8af1-d6ed10d14adf for snapshot s20240126-213434.107
2024-01-26 21:34:34,165 [om1-OMStateMachineApplyTransactionThread - 0] WARN  snapshot.OMSnapshotCreateRequest (OMSnapshotCreateRequest.java:estimateBucketDataSize(337)) - DefaultReplicationConfig is not correctly set in OmBucketInfo for volume 'vol-a-06809' bucket 'bucket-b-2-98061'. Falling back to config default 'RATIS/THREE'
2024-01-26 21:34:34,165 [om1-OMStateMachineApplyTransactionThread - 0] INFO  snapshot.OMSnapshotCreateRequest (OMSnapshotCreateRequest.java:validateAndUpdateCache(218)) - Created snapshot: 's20240126-213434.151' with snapshotId: '91e2f59e-8724-4fe9-b772-a50eb2233509' under path 'vol-a-06809/bucket-b-2-98061'
2024-01-26 21:34:34,166 [main] INFO  rpc.RpcClient (RpcClient.java:createBucket(683)) - Creating Bucket: vol-b-65452/bucket-b-2-95481, with server-side default bucket layout, runner as owner, Versioning false, Storage Type set to DISK and Encryption set to false, Replication Type set to server-side default replication type, Namespace Quota set to -1, Space Quota set to -1 
2024-01-26 21:34:34,167 [om1-OMStateMachineApplyTransactionThread - 0] INFO  bucket.OMBucketCreateRequest (OMBucketCreateRequest.java:validateAndUpdateCache(292)) - created bucket: bucket-b-2-95481 of layout OBJECT_STORE in volume: vol-b-65452
2024-01-26 21:34:34,168 [main] INFO  rpc.RpcClient (RpcClient.java:createBucket(683)) - Creating Bucket: vol-a-06809/bucket-b-3-28416, with server-side default bucket layout, runner as owner, Versioning false, Storage Type set to DISK and Encryption set to false, Replication Type set to server-side default replication type, Namespace Quota set to -1, Space Quota set to -1 
2024-01-26 21:34:34,169 [om1-OMStateMachineApplyTransactionThread - 0] INFO  bucket.OMBucketCreateRequest (OMBucketCreateRequest.java:validateAndUpdateCache(292)) - created bucket: bucket-b-3-28416 of layout OBJECT_STORE in volume: vol-a-06809
2024-01-26 21:34:34,171 [om1-OMDoubleBufferFlushThread] INFO  db.RDBCheckpointManager (RDBCheckpointManager.java:createCheckpoint(89)) - Created checkpoint in rocksDB at /home/runner/work/ozone/ozone/hadoop-ozone/integration-test/target/test-dir/MiniOzoneClusterImpl-1af845c4-9ad0-4304-ad21-7f4426eccdbd/ozone-meta/db.snapshots/checkpointState/om.db-6a253545-37d7-47ef-9acf-22eeca8f53ea in 14 milliseconds
2024-01-26 21:34:34,172 [om1-OMDoubleBufferFlushThread] INFO  om.OmSnapshotManager (OmSnapshotManager.java:createOmSnapshotCheckpoint(463)) - Created checkpoint : /home/runner/work/ozone/ozone/hadoop-ozone/integration-test/target/test-dir/MiniOzoneClusterImpl-1af845c4-9ad0-4304-ad21-7f4426eccdbd/ozone-meta/db.snapshots/checkpointState/om.db-6a253545-37d7-47ef-9acf-22eeca8f53ea for snapshot s20240126-213434.129
2024-01-26 21:34:34,208 [om1-OMStateMachineApplyTransactionThread - 0] WARN  snapshot.OMSnapshotCreateRequest (OMSnapshotCreateRequest.java:estimateBucketDataSize(337)) - DefaultReplicationConfig is not correctly set in OmBucketInfo for volume 'vol-a-06809' bucket 'bucket-b-3-28416'. Falling back to config default 'RATIS/THREE'
2024-01-26 21:34:34,208 [om1-OMStateMachineApplyTransactionThread - 0] INFO  snapshot.OMSnapshotCreateRequest (OMSnapshotCreateRequest.java:validateAndUpdateCache(218)) - Created snapshot: 's20240126-213434.170' with snapshotId: '06bf7b64-e9e9-4e18-8856-054b3821c589' under path 'vol-a-06809/bucket-b-3-28416'
2024-01-26 21:34:34,209 [main] INFO  rpc.RpcClient (RpcClient.java:createBucket(683)) - Creating Bucket: vol-b-65452/bucket-b-3-89729, with server-side default bucket layout, runner as owner, Versioning false, Storage Type set to DISK and Encryption set to false, Replication Type set to server-side default replication type, Namespace Quota set to -1, Space Quota set to -1 
2024-01-26 21:34:34,211 [om1-OMStateMachineApplyTransactionThread - 0] INFO  bucket.OMBucketCreateRequest (OMBucketCreateRequest.java:validateAndUpdateCache(292)) - created bucket: bucket-b-3-89729 of layout OBJECT_STORE in volume: vol-b-65452
2024-01-26 21:34:34,211 [main] INFO  rpc.RpcClient (RpcClient.java:createBucket(683)) - Creating Bucket: vol-a-06809/bucket-b-4-35886, with server-side default bucket layout, runner as owner, Versioning false, Storage Type set to DISK and Encryption set to false, Replication Type set to server-side default replication type, Namespace Quota set to -1, Space Quota set to -1 
2024-01-26 21:34:34,212 [om1-OMStateMachineApplyTransactionThread - 0] INFO  bucket.OMBucketCreateRequest (OMBucketCreateRequest.java:validateAndUpdateCache(292)) - created bucket: bucket-b-4-35886 of layout OBJECT_STORE in volume: vol-a-06809
2024-01-26 21:34:34,213 [om1-OMDoubleBufferFlushThread] INFO  db.RDBCheckpointManager (RDBCheckpointManager.java:createCheckpoint(89)) - Created checkpoint in rocksDB at /home/runner/work/ozone/ozone/hadoop-ozone/integration-test/target/test-dir/MiniOzoneClusterImpl-1af845c4-9ad0-4304-ad21-7f4426eccdbd/ozone-meta/db.snapshots/checkpointState/om.db-91e2f59e-8724-4fe9-b772-a50eb2233509 in 39 milliseconds
2024-01-26 21:34:34,214 [om1-OMDoubleBufferFlushThread] INFO  om.OmSnapshotManager (OmSnapshotManager.java:createOmSnapshotCheckpoint(463)) - Created checkpoint : /home/runner/work/ozone/ozone/hadoop-ozone/integration-test/target/test-dir/MiniOzoneClusterImpl-1af845c4-9ad0-4304-ad21-7f4426eccdbd/ozone-meta/db.snapshots/checkpointState/om.db-91e2f59e-8724-4fe9-b772-a50eb2233509 for snapshot s20240126-213434.151
2024-01-26 21:34:34,229 [om1-OMStateMachineApplyTransactionThread - 0] WARN  snapshot.OMSnapshotCreateRequest (OMSnapshotCreateRequest.java:estimateBucketDataSize(337)) - DefaultReplicationConfig is not correctly set in OmBucketInfo for volume 'vol-a-06809' bucket 'bucket-b-4-35886'. Falling back to config default 'RATIS/THREE'
2024-01-26 21:34:34,229 [om1-OMStateMachineApplyTransactionThread - 0] INFO  snapshot.OMSnapshotCreateRequest (OMSnapshotCreateRequest.java:validateAndUpdateCache(218)) - Created snapshot: 's20240126-213434.213' with snapshotId: '3aea726c-53ad-49fa-a1fa-6e0e67b29ca6' under path 'vol-a-06809/bucket-b-4-35886'
2024-01-26 21:34:34,230 [main] INFO  rpc.RpcClient (RpcClient.java:createBucket(683)) - Creating Bucket: vol-b-65452/bucket-b-4-37222, with server-side default bucket layout, runner as owner, Versioning false, Storage Type set to DISK and Encryption set to false, Replication Type set to server-side default replication type, Namespace Quota set to -1, Space Quota set to -1 
2024-01-26 21:34:34,232 [om1-OMStateMachineApplyTransactionThread - 0] INFO  bucket.OMBucketCreateRequest (OMBucketCreateRequest.java:validateAndUpdateCache(292)) - created bucket: bucket-b-4-37222 of layout OBJECT_STORE in volume: vol-b-65452
2024-01-26 21:34:34,232 [main] INFO  rpc.RpcClient (RpcClient.java:createBucket(683)) - Creating Bucket: vol-a-06809/bucket-b-5-34440, with server-side default bucket layout, runner as owner, Versioning false, Storage Type set to DISK and Encryption set to false, Replication Type set to server-side default replication type, Namespace Quota set to -1, Space Quota set to -1 
2024-01-26 21:34:34,233 [om1-OMStateMachineApplyTransactionThread - 0] INFO  bucket.OMBucketCreateRequest (OMBucketCreateRequest.java:validateAndUpdateCache(292)) - created bucket: bucket-b-5-34440 of layout OBJECT_STORE in volume: vol-a-06809
2024-01-26 21:34:34,238 [om1-OMDoubleBufferFlushThread] INFO  db.RDBCheckpointManager (RDBCheckpointManager.java:createCheckpoint(89)) - Created checkpoint in rocksDB at /home/runner/work/ozone/ozone/hadoop-ozone/integration-test/target/test-dir/MiniOzoneClusterImpl-1af845c4-9ad0-4304-ad21-7f4426eccdbd/ozone-meta/db.snapshots/checkpointState/om.db-06bf7b64-e9e9-4e18-8856-054b3821c589 in 22 milliseconds
2024-01-26 21:34:34,239 [om1-OMDoubleBufferFlushThread] INFO  om.OmSnapshotManager (OmSnapshotManager.java:createOmSnapshotCheckpoint(463)) - Created checkpoint : /home/runner/work/ozone/ozone/hadoop-ozone/integration-test/target/test-dir/MiniOzoneClusterImpl-1af845c4-9ad0-4304-ad21-7f4426eccdbd/ozone-meta/db.snapshots/checkpointState/om.db-06bf7b64-e9e9-4e18-8856-054b3821c589 for snapshot s20240126-213434.170
2024-01-26 21:34:34,250 [om1-OMStateMachineApplyTransactionThread - 0] WARN  snapshot.OMSnapshotCreateRequest (OMSnapshotCreateRequest.java:estimateBucketDataSize(337)) - DefaultReplicationConfig is not correctly set in OmBucketInfo for volume 'vol-a-06809' bucket 'bucket-b-5-34440'. Falling back to config default 'RATIS/THREE'
2024-01-26 21:34:34,250 [om1-OMStateMachineApplyTransactionThread - 0] INFO  snapshot.OMSnapshotCreateRequest (OMSnapshotCreateRequest.java:validateAndUpdateCache(218)) - Created snapshot: 's20240126-213434.235' with snapshotId: '4b733b68-5851-406b-8815-5ff36df727f6' under path 'vol-a-06809/bucket-b-5-34440'
2024-01-26 21:34:34,251 [main] INFO  rpc.RpcClient (RpcClient.java:createBucket(683)) - Creating Bucket: vol-b-65452/bucket-b-5-66353, with server-side default bucket layout, runner as owner, Versioning false, Storage Type set to DISK and Encryption set to false, Replication Type set to server-side default replication type, Namespace Quota set to -1, Space Quota set to -1 
2024-01-26 21:34:34,252 [om1-OMStateMachineApplyTransactionThread - 0] INFO  bucket.OMBucketCreateRequest (OMBucketCreateRequest.java:validateAndUpdateCache(292)) - created bucket: bucket-b-5-66353 of layout OBJECT_STORE in volume: vol-b-65452
2024-01-26 21:34:34,252 [main] INFO  rpc.RpcClient (RpcClient.java:createBucket(683)) - Creating Bucket: vol-a-06809/bucket-b-6-20913, with server-side default bucket layout, runner as owner, Versioning false, Storage Type set to DISK and Encryption set to false, Replication Type set to server-side default replication type, Namespace Quota set to -1, Space Quota set to -1 
2024-01-26 21:34:34,253 [om1-OMStateMachineApplyTransactionThread - 0] INFO  bucket.OMBucketCreateRequest (OMBucketCreateRequest.java:validateAndUpdateCache(292)) - created bucket: bucket-b-6-20913 of layout OBJECT_STORE in volume: vol-a-06809
2024-01-26 21:34:34,257 [om1-OMDoubleBufferFlushThread] INFO  db.RDBCheckpointManager (RDBCheckpointManager.java:createCheckpoint(89)) - Created checkpoint in rocksDB at /home/runner/work/ozone/ozone/hadoop-ozone/integration-test/target/test-dir/MiniOzoneClusterImpl-1af845c4-9ad0-4304-ad21-7f4426eccdbd/ozone-meta/db.snapshots/checkpointState/om.db-3aea726c-53ad-49fa-a1fa-6e0e67b29ca6 in 17 milliseconds
2024-01-26 21:34:34,258 [om1-OMDoubleBufferFlushThread] INFO  om.OmSnapshotManager (OmSnapshotManager.java:createOmSnapshotCheckpoint(463)) - Created checkpoint : /home/runner/work/ozone/ozone/hadoop-ozone/integration-test/target/test-dir/MiniOzoneClusterImpl-1af845c4-9ad0-4304-ad21-7f4426eccdbd/ozone-meta/db.snapshots/checkpointState/om.db-3aea726c-53ad-49fa-a1fa-6e0e67b29ca6 for snapshot s20240126-213434.213
2024-01-26 21:34:34,267 [om1-OMStateMachineApplyTransactionThread - 0] WARN  snapshot.OMSnapshotCreateRequest (OMSnapshotCreateRequest.java:estimateBucketDataSize(337)) - DefaultReplicationConfig is not correctly set in OmBucketInfo for volume 'vol-a-06809' bucket 'bucket-b-6-20913'. Falling back to config default 'RATIS/THREE'
2024-01-26 21:34:34,267 [om1-OMStateMachineApplyTransactionThread - 0] INFO  snapshot.OMSnapshotCreateRequest (OMSnapshotCreateRequest.java:validateAndUpdateCache(218)) - Created snapshot: 's20240126-213434.254' with snapshotId: 'a121bc52-5490-4d27-8b9e-95bd7c6e3b5c' under path 'vol-a-06809/bucket-b-6-20913'
2024-01-26 21:34:34,268 [main] INFO  rpc.RpcClient (RpcClient.java:createBucket(683)) - Creating Bucket: vol-b-65452/bucket-b-6-53062, with server-side default bucket layout, runner as owner, Versioning false, Storage Type set to DISK and Encryption set to false, Replication Type set to server-side default replication type, Namespace Quota set to -1, Space Quota set to -1 
2024-01-26 21:34:34,270 [om1-OMStateMachineApplyTransactionThread - 0] INFO  bucket.OMBucketCreateRequest (OMBucketCreateRequest.java:validateAndUpdateCache(292)) - created bucket: bucket-b-6-53062 of layout OBJECT_STORE in volume: vol-b-65452
2024-01-26 21:34:34,270 [main] INFO  rpc.RpcClient (RpcClient.java:createBucket(683)) - Creating Bucket: vol-a-06809/bucket-b-7-72541, with server-side default bucket layout, runner as owner, Versioning false, Storage Type set to DISK and Encryption set to false, Replication Type set to server-side default replication type, Namespace Quota set to -1, Space Quota set to -1 
2024-01-26 21:34:34,271 [om1-OMStateMachineApplyTransactionThread - 0] INFO  bucket.OMBucketCreateRequest (OMBucketCreateRequest.java:validateAndUpdateCache(292)) - created bucket: bucket-b-7-72541 of layout OBJECT_STORE in volume: vol-a-06809
2024-01-26 21:34:34,273 [om1-OMDoubleBufferFlushThread] INFO  db.RDBCheckpointManager (RDBCheckpointManager.java:createCheckpoint(89)) - Created checkpoint in rocksDB at /home/runner/work/ozone/ozone/hadoop-ozone/integration-test/target/test-dir/MiniOzoneClusterImpl-1af845c4-9ad0-4304-ad21-7f4426eccdbd/ozone-meta/db.snapshots/checkpointState/om.db-4b733b68-5851-406b-8815-5ff36df727f6 in 13 milliseconds
2024-01-26 21:34:34,274 [om1-OMDoubleBufferFlushThread] INFO  om.OmSnapshotManager (OmSnapshotManager.java:createOmSnapshotCheckpoint(463)) - Created checkpoint : /home/runner/work/ozone/ozone/hadoop-ozone/integration-test/target/test-dir/MiniOzoneClusterImpl-1af845c4-9ad0-4304-ad21-7f4426eccdbd/ozone-meta/db.snapshots/checkpointState/om.db-4b733b68-5851-406b-8815-5ff36df727f6 for snapshot s20240126-213434.235
2024-01-26 21:34:34,286 [om1-OMStateMachineApplyTransactionThread - 0] WARN  snapshot.OMSnapshotCreateRequest (OMSnapshotCreateRequest.java:estimateBucketDataSize(337)) - DefaultReplicationConfig is not correctly set in OmBucketInfo for volume 'vol-a-06809' bucket 'bucket-b-7-72541'. Falling back to config default 'RATIS/THREE'
2024-01-26 21:34:34,286 [om1-OMStateMachineApplyTransactionThread - 0] INFO  snapshot.OMSnapshotCreateRequest (OMSnapshotCreateRequest.java:validateAndUpdateCache(218)) - Created snapshot: 's20240126-213434.272' with snapshotId: '510fda1a-5bbc-4af0-9d27-db582e4093b1' under path 'vol-a-06809/bucket-b-7-72541'
2024-01-26 21:34:34,287 [main] INFO  rpc.RpcClient (RpcClient.java:createBucket(683)) - Creating Bucket: vol-b-65452/bucket-b-7-93485, with server-side default bucket layout, runner as owner, Versioning false, Storage Type set to DISK and Encryption set to false, Replication Type set to server-side default replication type, Namespace Quota set to -1, Space Quota set to -1 
2024-01-26 21:34:34,288 [om1-OMStateMachineApplyTransactionThread - 0] INFO  bucket.OMBucketCreateRequest (OMBucketCreateRequest.java:validateAndUpdateCache(292)) - created bucket: bucket-b-7-93485 of layout OBJECT_STORE in volume: vol-b-65452
2024-01-26 21:34:34,289 [main] INFO  rpc.RpcClient (RpcClient.java:createBucket(683)) - Creating Bucket: vol-a-06809/bucket-b-8-19634, with server-side default bucket layout, runner as owner, Versioning false, Storage Type set to DISK and Encryption set to false, Replication Type set to server-side default replication type, Namespace Quota set to -1, Space Quota set to -1 
2024-01-26 21:34:34,289 [om1-OMDoubleBufferFlushThread] INFO  db.RDBCheckpointManager (RDBCheckpointManager.java:createCheckpoint(89)) - Created checkpoint in rocksDB at /home/runner/work/ozone/ozone/hadoop-ozone/integration-test/target/test-dir/MiniOzoneClusterImpl-1af845c4-9ad0-4304-ad21-7f4426eccdbd/ozone-meta/db.snapshots/checkpointState/om.db-a121bc52-5490-4d27-8b9e-95bd7c6e3b5c in 14 milliseconds
2024-01-26 21:34:34,290 [om1-OMStateMachineApplyTransactionThread - 0] INFO  bucket.OMBucketCreateRequest (OMBucketCreateRequest.java:validateAndUpdateCache(292)) - created bucket: bucket-b-8-19634 of layout OBJECT_STORE in volume: vol-a-06809
2024-01-26 21:34:34,290 [om1-OMDoubleBufferFlushThread] INFO  om.OmSnapshotManager (OmSnapshotManager.java:createOmSnapshotCheckpoint(463)) - Created checkpoint : /home/runner/work/ozone/ozone/hadoop-ozone/integration-test/target/test-dir/MiniOzoneClusterImpl-1af845c4-9ad0-4304-ad21-7f4426eccdbd/ozone-meta/db.snapshots/checkpointState/om.db-a121bc52-5490-4d27-8b9e-95bd7c6e3b5c for snapshot s20240126-213434.254
2024-01-26 21:34:34,305 [om1-OMStateMachineApplyTransactionThread - 0] WARN  snapshot.OMSnapshotCreateRequest (OMSnapshotCreateRequest.java:estimateBucketDataSize(337)) - DefaultReplicationConfig is not correctly set in OmBucketInfo for volume 'vol-a-06809' bucket 'bucket-b-8-19634'. Falling back to config default 'RATIS/THREE'
2024-01-26 21:34:34,306 [om1-OMStateMachineApplyTransactionThread - 0] INFO  snapshot.OMSnapshotCreateRequest (OMSnapshotCreateRequest.java:validateAndUpdateCache(218)) - Created snapshot: 's20240126-213434.291' with snapshotId: '62768f95-d6ea-43bf-8311-e8fc1d4ef97e' under path 'vol-a-06809/bucket-b-8-19634'
2024-01-26 21:34:34,307 [main] INFO  rpc.RpcClient (RpcClient.java:createBucket(683)) - Creating Bucket: vol-b-65452/bucket-b-8-20671, with server-side default bucket layout, runner as owner, Versioning false, Storage Type set to DISK and Encryption set to false, Replication Type set to server-side default replication type, Namespace Quota set to -1, Space Quota set to -1 
2024-01-26 21:34:34,308 [om1-OMStateMachineApplyTransactionThread - 0] INFO  bucket.OMBucketCreateRequest (OMBucketCreateRequest.java:validateAndUpdateCache(292)) - created bucket: bucket-b-8-20671 of layout OBJECT_STORE in volume: vol-b-65452
2024-01-26 21:34:34,309 [main] INFO  rpc.RpcClient (RpcClient.java:createBucket(683)) - Creating Bucket: vol-a-06809/bucket-b-9-72357, with server-side default bucket layout, runner as owner, Versioning false, Storage Type set to DISK and Encryption set to false, Replication Type set to server-side default replication type, Namespace Quota set to -1, Space Quota set to -1 
2024-01-26 21:34:34,309 [om1-OMDoubleBufferFlushThread] INFO  db.RDBCheckpointManager (RDBCheckpointManager.java:createCheckpoint(89)) - Created checkpoint in rocksDB at /home/runner/work/ozone/ozone/hadoop-ozone/integration-test/target/test-dir/MiniOzoneClusterImpl-1af845c4-9ad0-4304-ad21-7f4426eccdbd/ozone-meta/db.snapshots/checkpointState/om.db-510fda1a-5bbc-4af0-9d27-db582e4093b1 in 17 milliseconds
2024-01-26 21:34:34,310 [om1-OMDoubleBufferFlushThread] INFO  om.OmSnapshotManager (OmSnapshotManager.java:createOmSnapshotCheckpoint(463)) - Created checkpoint : /home/runner/work/ozone/ozone/hadoop-ozone/integration-test/target/test-dir/MiniOzoneClusterImpl-1af845c4-9ad0-4304-ad21-7f4426eccdbd/ozone-meta/db.snapshots/checkpointState/om.db-510fda1a-5bbc-4af0-9d27-db582e4093b1 for snapshot s20240126-213434.272
2024-01-26 21:34:34,310 [om1-OMStateMachineApplyTransactionThread - 0] INFO  bucket.OMBucketCreateRequest (OMBucketCreateRequest.java:validateAndUpdateCache(292)) - created bucket: bucket-b-9-72357 of layout OBJECT_STORE in volume: vol-a-06809
2024-01-26 21:34:34,325 [om1-OMStateMachineApplyTransactionThread - 0] WARN  snapshot.OMSnapshotCreateRequest (OMSnapshotCreateRequest.java:estimateBucketDataSize(337)) - DefaultReplicationConfig is not correctly set in OmBucketInfo for volume 'vol-a-06809' bucket 'bucket-b-9-72357'. Falling back to config default 'RATIS/THREE'
2024-01-26 21:34:34,325 [om1-OMStateMachineApplyTransactionThread - 0] INFO  snapshot.OMSnapshotCreateRequest (OMSnapshotCreateRequest.java:validateAndUpdateCache(218)) - Created snapshot: 's20240126-213434.311' with snapshotId: 'f62d0f47-c3e2-4b9c-a058-cdde5b9bb39a' under path 'vol-a-06809/bucket-b-9-72357'
2024-01-26 21:34:34,326 [main] INFO  rpc.RpcClient (RpcClient.java:createBucket(683)) - Creating Bucket: vol-b-65452/bucket-b-9-69400, with server-side default bucket layout, runner as owner, Versioning false, Storage Type set to DISK and Encryption set to false, Replication Type set to server-side default replication type, Namespace Quota set to -1, Space Quota set to -1 
2024-01-26 21:34:34,327 [om1-OMStateMachineApplyTransactionThread - 0] INFO  bucket.OMBucketCreateRequest (OMBucketCreateRequest.java:validateAndUpdateCache(292)) - created bucket: bucket-b-9-69400 of layout OBJECT_STORE in volume: vol-b-65452
2024-01-26 21:34:34,333 [om1-OMDoubleBufferFlushThread] INFO  db.RDBCheckpointManager (RDBCheckpointManager.java:createCheckpoint(89)) - Created checkpoint in rocksDB at /home/runner/work/ozone/ozone/hadoop-ozone/integration-test/target/test-dir/MiniOzoneClusterImpl-1af845c4-9ad0-4304-ad21-7f4426eccdbd/ozone-meta/db.snapshots/checkpointState/om.db-62768f95-d6ea-43bf-8311-e8fc1d4ef97e in 18 milliseconds
2024-01-26 21:34:34,334 [om1-OMDoubleBufferFlushThread] INFO  om.OmSnapshotManager (OmSnapshotManager.java:createOmSnapshotCheckpoint(463)) - Created checkpoint : /home/runner/work/ozone/ozone/hadoop-ozone/integration-test/target/test-dir/MiniOzoneClusterImpl-1af845c4-9ad0-4304-ad21-7f4426eccdbd/ozone-meta/db.snapshots/checkpointState/om.db-62768f95-d6ea-43bf-8311-e8fc1d4ef97e for snapshot s20240126-213434.291
]]></system-out>
  </testcase>
  <testcase name="testListBucketsOnEmptyVolume" classname="org.apache.hadoop.ozone.client.rpc.TestSecureOzoneRpcClient" time="0.006">
    <system-out><![CDATA[2024-01-26 21:34:34,356 [main] INFO  rpc.RpcClient (RpcClient.java:createVolume(456)) - Creating Volume: vol-empty, with runner as owner and space quota set to -1 bytes, counts quota set to -1
2024-01-26 21:34:34,359 [om1-OMStateMachineApplyTransactionThread - 0] INFO  volume.OMVolumeCreateRequest (OMVolumeCreateRequest.java:validateAndUpdateCache(198)) - created volume:vol-empty for user:runner
2024-01-26 21:34:34,360 [om1-OMDoubleBufferFlushThread] INFO  db.RDBCheckpointManager (RDBCheckpointManager.java:createCheckpoint(89)) - Created checkpoint in rocksDB at /home/runner/work/ozone/ozone/hadoop-ozone/integration-test/target/test-dir/MiniOzoneClusterImpl-1af845c4-9ad0-4304-ad21-7f4426eccdbd/ozone-meta/db.snapshots/checkpointState/om.db-f62d0f47-c3e2-4b9c-a058-cdde5b9bb39a in 23 milliseconds
2024-01-26 21:34:34,361 [om1-OMDoubleBufferFlushThread] INFO  om.OmSnapshotManager (OmSnapshotManager.java:createOmSnapshotCheckpoint(463)) - Created checkpoint : /home/runner/work/ozone/ozone/hadoop-ozone/integration-test/target/test-dir/MiniOzoneClusterImpl-1af845c4-9ad0-4304-ad21-7f4426eccdbd/ozone-meta/db.snapshots/checkpointState/om.db-f62d0f47-c3e2-4b9c-a058-cdde5b9bb39a for snapshot s20240126-213434.311
]]></system-out>
  </testcase>
  <testcase name="testListBucketsReplicationConfig" classname="org.apache.hadoop.ozone.client.rpc.TestSecureOzoneRpcClient" time="0.014">
    <system-out><![CDATA[2024-01-26 21:34:34,362 [main] INFO  rpc.RpcClient (RpcClient.java:createVolume(456)) - Creating Volume: b5b0a65c-197b-41cd-aeaf-b941972cdd73, with runner as owner and space quota set to -1 bytes, counts quota set to -1
2024-01-26 21:34:34,363 [om1-OMStateMachineApplyTransactionThread - 0] INFO  volume.OMVolumeCreateRequest (OMVolumeCreateRequest.java:validateAndUpdateCache(198)) - created volume:b5b0a65c-197b-41cd-aeaf-b941972cdd73 for user:runner
2024-01-26 21:34:34,364 [main] INFO  rpc.RpcClient (RpcClient.java:createBucket(683)) - Creating Bucket: b5b0a65c-197b-41cd-aeaf-b941972cdd73/6280ecdf-0936-424a-a529-bfdaf55ed24d, with server-side default bucket layout, runner as owner, Versioning false, Storage Type set to DISK and Encryption set to false, Replication Type set to server-side default replication type, Namespace Quota set to -1, Space Quota set to -1 
2024-01-26 21:34:34,366 [om1-OMStateMachineApplyTransactionThread - 0] INFO  bucket.OMBucketCreateRequest (OMBucketCreateRequest.java:validateAndUpdateCache(292)) - created bucket: 6280ecdf-0936-424a-a529-bfdaf55ed24d of layout OBJECT_STORE in volume: b5b0a65c-197b-41cd-aeaf-b941972cdd73
2024-01-26 21:34:34,367 [main] INFO  rpc.RpcClient (RpcClient.java:createBucket(683)) - Creating Bucket: b5b0a65c-197b-41cd-aeaf-b941972cdd73/90d66967-9b60-4cde-8edb-fe1a510fdd73, with server-side default bucket layout, runner as owner, Versioning false, Storage Type set to DISK and Encryption set to false, Replication Type set to EC, Namespace Quota set to -1, Space Quota set to -1 
2024-01-26 21:34:34,371 [om1-OMStateMachineApplyTransactionThread - 0] INFO  bucket.OMBucketCreateRequest (OMBucketCreateRequest.java:validateAndUpdateCache(292)) - created bucket: 90d66967-9b60-4cde-8edb-fe1a510fdd73 of layout OBJECT_STORE in volume: b5b0a65c-197b-41cd-aeaf-b941972cdd73
2024-01-26 21:34:34,372 [main] INFO  rpc.RpcClient (RpcClient.java:createBucket(683)) - Creating Bucket: b5b0a65c-197b-41cd-aeaf-b941972cdd73/232279f7-8289-4df1-a64d-a37d9dddf71a, with server-side default bucket layout, runner as owner, Versioning false, Storage Type set to DISK and Encryption set to false, Replication Type set to RATIS, Namespace Quota set to -1, Space Quota set to -1 
2024-01-26 21:34:34,374 [om1-OMStateMachineApplyTransactionThread - 0] INFO  bucket.OMBucketCreateRequest (OMBucketCreateRequest.java:validateAndUpdateCache(292)) - created bucket: 232279f7-8289-4df1-a64d-a37d9dddf71a of layout OBJECT_STORE in volume: b5b0a65c-197b-41cd-aeaf-b941972cdd73
]]></system-out>
  </testcase>
  <testcase name="testListKey" classname="org.apache.hadoop.ozone.client.rpc.TestSecureOzoneRpcClient" time="0.823">
    <system-out><![CDATA[2024-01-26 21:34:34,377 [main] INFO  rpc.RpcClient (RpcClient.java:createVolume(456)) - Creating Volume: vol-a-88506, with runner as owner and space quota set to -1 bytes, counts quota set to -1
2024-01-26 21:34:34,379 [om1-OMStateMachineApplyTransactionThread - 0] INFO  volume.OMVolumeCreateRequest (OMVolumeCreateRequest.java:validateAndUpdateCache(198)) - created volume:vol-a-88506 for user:runner
2024-01-26 21:34:34,379 [main] INFO  rpc.RpcClient (RpcClient.java:createVolume(456)) - Creating Volume: vol-b-02141, with runner as owner and space quota set to -1 bytes, counts quota set to -1
2024-01-26 21:34:34,381 [om1-OMStateMachineApplyTransactionThread - 0] INFO  volume.OMVolumeCreateRequest (OMVolumeCreateRequest.java:validateAndUpdateCache(198)) - created volume:vol-b-02141 for user:runner
2024-01-26 21:34:34,384 [main] INFO  rpc.RpcClient (RpcClient.java:createBucket(683)) - Creating Bucket: vol-a-88506/buc-a-06179, with server-side default bucket layout, runner as owner, Versioning false, Storage Type set to DISK and Encryption set to false, Replication Type set to server-side default replication type, Namespace Quota set to -1, Space Quota set to -1 
2024-01-26 21:34:34,385 [om1-OMStateMachineApplyTransactionThread - 0] INFO  bucket.OMBucketCreateRequest (OMBucketCreateRequest.java:validateAndUpdateCache(292)) - created bucket: buc-a-06179 of layout OBJECT_STORE in volume: vol-a-88506
2024-01-26 21:34:34,386 [main] INFO  rpc.RpcClient (RpcClient.java:createBucket(683)) - Creating Bucket: vol-a-88506/buc-b-60346, with server-side default bucket layout, runner as owner, Versioning false, Storage Type set to DISK and Encryption set to false, Replication Type set to server-side default replication type, Namespace Quota set to -1, Space Quota set to -1 
2024-01-26 21:34:34,387 [om1-OMStateMachineApplyTransactionThread - 0] INFO  bucket.OMBucketCreateRequest (OMBucketCreateRequest.java:validateAndUpdateCache(292)) - created bucket: buc-b-60346 of layout OBJECT_STORE in volume: vol-a-88506
2024-01-26 21:34:34,388 [main] INFO  rpc.RpcClient (RpcClient.java:createBucket(683)) - Creating Bucket: vol-b-02141/buc-a-06179, with server-side default bucket layout, runner as owner, Versioning false, Storage Type set to DISK and Encryption set to false, Replication Type set to server-side default replication type, Namespace Quota set to -1, Space Quota set to -1 
2024-01-26 21:34:34,389 [om1-OMStateMachineApplyTransactionThread - 0] INFO  bucket.OMBucketCreateRequest (OMBucketCreateRequest.java:validateAndUpdateCache(292)) - created bucket: buc-a-06179 of layout OBJECT_STORE in volume: vol-b-02141
2024-01-26 21:34:34,390 [main] INFO  rpc.RpcClient (RpcClient.java:createBucket(683)) - Creating Bucket: vol-b-02141/buc-b-60346, with server-side default bucket layout, runner as owner, Versioning false, Storage Type set to DISK and Encryption set to false, Replication Type set to server-side default replication type, Namespace Quota set to -1, Space Quota set to -1 
2024-01-26 21:34:34,391 [om1-OMStateMachineApplyTransactionThread - 0] INFO  bucket.OMBucketCreateRequest (OMBucketCreateRequest.java:validateAndUpdateCache(292)) - created bucket: buc-b-60346 of layout OBJECT_STORE in volume: vol-b-02141
]]></system-out>
  </testcase>
  <testcase name="testListKeyOnEmptyBucket" classname="org.apache.hadoop.ozone.client.rpc.TestSecureOzoneRpcClient" time="0.009">
    <system-out><![CDATA[2024-01-26 21:34:35,200 [main] INFO  rpc.RpcClient (RpcClient.java:createVolume(456)) - Creating Volume: vol-89864, with runner as owner and space quota set to -1 bytes, counts quota set to -1
2024-01-26 21:34:35,202 [om1-OMStateMachineApplyTransactionThread - 0] INFO  volume.OMVolumeCreateRequest (OMVolumeCreateRequest.java:validateAndUpdateCache(198)) - created volume:vol-89864 for user:runner
2024-01-26 21:34:35,203 [main] INFO  rpc.RpcClient (RpcClient.java:createBucket(683)) - Creating Bucket: vol-89864/buc-54171, with server-side default bucket layout, runner as owner, Versioning false, Storage Type set to DISK and Encryption set to false, Replication Type set to server-side default replication type, Namespace Quota set to -1, Space Quota set to -1 
2024-01-26 21:34:35,205 [om1-OMStateMachineApplyTransactionThread - 0] INFO  bucket.OMBucketCreateRequest (OMBucketCreateRequest.java:validateAndUpdateCache(292)) - created bucket: buc-54171 of layout OBJECT_STORE in volume: vol-89864
]]></system-out>
  </testcase>
  <testcase name="testListMultipartUploadParts(ReplicationConfig)[1]" classname="org.apache.hadoop.ozone.client.rpc.TestSecureOzoneRpcClient" time="0.113">
    <system-out><![CDATA[2024-01-26 21:34:35,210 [main] INFO  rpc.RpcClient (RpcClient.java:createVolume(456)) - Creating Volume: 0ec62ed3-9383-4e5a-a2a3-98ee7ce729af, with runner as owner and space quota set to -1 bytes, counts quota set to -1
2024-01-26 21:34:35,211 [om1-OMStateMachineApplyTransactionThread - 0] INFO  volume.OMVolumeCreateRequest (OMVolumeCreateRequest.java:validateAndUpdateCache(198)) - created volume:0ec62ed3-9383-4e5a-a2a3-98ee7ce729af for user:runner
2024-01-26 21:34:35,215 [main] INFO  rpc.RpcClient (RpcClient.java:createBucket(683)) - Creating Bucket: 0ec62ed3-9383-4e5a-a2a3-98ee7ce729af/6d0aa063-819e-42c4-8c60-c46b23138bfd, with server-side default bucket layout, runner as owner, Versioning false, Storage Type set to DISK and Encryption set to false, Replication Type set to server-side default replication type, Namespace Quota set to -1, Space Quota set to -1 
2024-01-26 21:34:35,217 [om1-OMStateMachineApplyTransactionThread - 0] INFO  bucket.OMBucketCreateRequest (OMBucketCreateRequest.java:validateAndUpdateCache(292)) - created bucket: 6d0aa063-819e-42c4-8c60-c46b23138bfd of layout OBJECT_STORE in volume: 0ec62ed3-9383-4e5a-a2a3-98ee7ce729af
2024-01-26 21:34:35,316 [IPC Server handler 6 on default port 15004] DEBUG db.CodecBuffer (CodecBuffer.java:setCapacity(328)) - setCapacity: 4096 -> 5679, max=2147483647
]]></system-out>
  </testcase>
  <testcase name="testListMultipartUploadParts(ReplicationConfig)[2]" classname="org.apache.hadoop.ozone.client.rpc.TestSecureOzoneRpcClient" time="0.223">
    <system-out><![CDATA[2024-01-26 21:34:35,323 [main] INFO  rpc.RpcClient (RpcClient.java:createVolume(456)) - Creating Volume: 6178ca0d-91e5-4b64-a66b-16b5c3698e69, with runner as owner and space quota set to -1 bytes, counts quota set to -1
2024-01-26 21:34:35,324 [om1-OMStateMachineApplyTransactionThread - 0] INFO  volume.OMVolumeCreateRequest (OMVolumeCreateRequest.java:validateAndUpdateCache(198)) - created volume:6178ca0d-91e5-4b64-a66b-16b5c3698e69 for user:runner
2024-01-26 21:34:35,325 [main] INFO  rpc.RpcClient (RpcClient.java:createBucket(683)) - Creating Bucket: 6178ca0d-91e5-4b64-a66b-16b5c3698e69/1bea8776-e44f-4bba-bc10-0cce3b8b9ea1, with server-side default bucket layout, runner as owner, Versioning false, Storage Type set to DISK and Encryption set to false, Replication Type set to server-side default replication type, Namespace Quota set to -1, Space Quota set to -1 
2024-01-26 21:34:35,326 [om1-OMStateMachineApplyTransactionThread - 0] INFO  bucket.OMBucketCreateRequest (OMBucketCreateRequest.java:validateAndUpdateCache(292)) - created bucket: 1bea8776-e44f-4bba-bc10-0cce3b8b9ea1 of layout OBJECT_STORE in volume: 6178ca0d-91e5-4b64-a66b-16b5c3698e69
2024-01-26 21:34:35,543 [om1-OMStateMachineApplyTransactionThread - 0] DEBUG db.CodecBuffer (CodecBuffer.java:setCapacity(328)) - setCapacity: 4096 -> 6520, max=2147483647
]]></system-out>
  </testcase>
  <testcase name="testListMultipartUploadParts(ReplicationConfig)[3]" classname="org.apache.hadoop.ozone.client.rpc.TestSecureOzoneRpcClient" time="0.152">
    <system-out><![CDATA[2024-01-26 21:34:35,547 [main] INFO  rpc.RpcClient (RpcClient.java:createVolume(456)) - Creating Volume: 63bc2dff-e91a-4ad8-86e3-52d66d33746e, with runner as owner and space quota set to -1 bytes, counts quota set to -1
2024-01-26 21:34:35,548 [om1-OMStateMachineApplyTransactionThread - 0] INFO  volume.OMVolumeCreateRequest (OMVolumeCreateRequest.java:validateAndUpdateCache(198)) - created volume:63bc2dff-e91a-4ad8-86e3-52d66d33746e for user:runner
2024-01-26 21:34:35,549 [main] INFO  rpc.RpcClient (RpcClient.java:createBucket(683)) - Creating Bucket: 63bc2dff-e91a-4ad8-86e3-52d66d33746e/5732354e-0c97-4efe-a0be-62c86570fd6f, with server-side default bucket layout, runner as owner, Versioning false, Storage Type set to DISK and Encryption set to false, Replication Type set to server-side default replication type, Namespace Quota set to -1, Space Quota set to -1 
2024-01-26 21:34:35,550 [om1-OMStateMachineApplyTransactionThread - 0] INFO  bucket.OMBucketCreateRequest (OMBucketCreateRequest.java:validateAndUpdateCache(292)) - created bucket: 5732354e-0c97-4efe-a0be-62c86570fd6f of layout OBJECT_STORE in volume: 63bc2dff-e91a-4ad8-86e3-52d66d33746e
2024-01-26 21:34:35,695 [om1-OMStateMachineApplyTransactionThread - 0] DEBUG db.CodecBuffer (CodecBuffer.java:setCapacity(328)) - setCapacity: 4096 -> 4946, max=2147483647
2024-01-26 21:34:35,697 [IPC Server handler 19 on default port 15004] DEBUG db.CodecBuffer (CodecBuffer.java:setCapacity(328)) - setCapacity: 4096 -> 7370, max=2147483647
]]></system-out>
  </testcase>
  <testcase name="testListMultipartUploadPartsWithContinuation(ReplicationConfig)[1]" classname="org.apache.hadoop.ozone.client.rpc.TestSecureOzoneRpcClient" time="0.106">
    <system-out><![CDATA[2024-01-26 21:34:35,700 [main] INFO  rpc.RpcClient (RpcClient.java:createVolume(456)) - Creating Volume: d993ce83-aa66-4fd8-88e9-c76adf31a766, with runner as owner and space quota set to -1 bytes, counts quota set to -1
2024-01-26 21:34:35,701 [om1-OMStateMachineApplyTransactionThread - 0] INFO  volume.OMVolumeCreateRequest (OMVolumeCreateRequest.java:validateAndUpdateCache(198)) - created volume:d993ce83-aa66-4fd8-88e9-c76adf31a766 for user:runner
2024-01-26 21:34:35,703 [main] INFO  rpc.RpcClient (RpcClient.java:createBucket(683)) - Creating Bucket: d993ce83-aa66-4fd8-88e9-c76adf31a766/102be819-0f3b-4732-9f6d-1cf5b8e5d33f, with server-side default bucket layout, runner as owner, Versioning false, Storage Type set to DISK and Encryption set to false, Replication Type set to server-side default replication type, Namespace Quota set to -1, Space Quota set to -1 
2024-01-26 21:34:35,704 [om1-OMStateMachineApplyTransactionThread - 0] INFO  bucket.OMBucketCreateRequest (OMBucketCreateRequest.java:validateAndUpdateCache(292)) - created bucket: 102be819-0f3b-4732-9f6d-1cf5b8e5d33f of layout OBJECT_STORE in volume: d993ce83-aa66-4fd8-88e9-c76adf31a766
2024-01-26 21:34:35,803 [IPC Server handler 14 on default port 15004] DEBUG db.CodecBuffer (CodecBuffer.java:setCapacity(328)) - setCapacity: 4096 -> 5683, max=2147483647
2024-01-26 21:34:35,804 [IPC Server handler 18 on default port 15004] DEBUG db.CodecBuffer (CodecBuffer.java:setCapacity(328)) - setCapacity: 4096 -> 5683, max=2147483647
]]></system-out>
  </testcase>
  <testcase name="testListMultipartUploadPartsWithContinuation(ReplicationConfig)[2]" classname="org.apache.hadoop.ozone.client.rpc.TestSecureOzoneRpcClient" time="0.212">
    <system-out><![CDATA[2024-01-26 21:34:35,806 [main] INFO  rpc.RpcClient (RpcClient.java:createVolume(456)) - Creating Volume: e1b3fad7-3d69-4869-983b-5d908fe3b67d, with runner as owner and space quota set to -1 bytes, counts quota set to -1
2024-01-26 21:34:35,808 [om1-OMStateMachineApplyTransactionThread - 0] INFO  volume.OMVolumeCreateRequest (OMVolumeCreateRequest.java:validateAndUpdateCache(198)) - created volume:e1b3fad7-3d69-4869-983b-5d908fe3b67d for user:runner
2024-01-26 21:34:35,809 [main] INFO  rpc.RpcClient (RpcClient.java:createBucket(683)) - Creating Bucket: e1b3fad7-3d69-4869-983b-5d908fe3b67d/78227d02-d922-43c5-8b4e-8e71d710b813, with server-side default bucket layout, runner as owner, Versioning false, Storage Type set to DISK and Encryption set to false, Replication Type set to server-side default replication type, Namespace Quota set to -1, Space Quota set to -1 
2024-01-26 21:34:35,810 [om1-OMStateMachineApplyTransactionThread - 0] INFO  bucket.OMBucketCreateRequest (OMBucketCreateRequest.java:validateAndUpdateCache(292)) - created bucket: 78227d02-d922-43c5-8b4e-8e71d710b813 of layout OBJECT_STORE in volume: e1b3fad7-3d69-4869-983b-5d908fe3b67d
2024-01-26 21:34:36,015 [om1-OMStateMachineApplyTransactionThread - 0] DEBUG db.CodecBuffer (CodecBuffer.java:setCapacity(328)) - setCapacity: 4096 -> 6523, max=2147483647
2024-01-26 21:34:36,017 [IPC Server handler 14 on default port 15004] DEBUG db.CodecBuffer (CodecBuffer.java:setCapacity(328)) - setCapacity: 4096 -> 9738, max=2147483647
]]></system-out>
  </testcase>
  <testcase name="testListMultipartUploadPartsWithContinuation(ReplicationConfig)[3]" classname="org.apache.hadoop.ozone.client.rpc.TestSecureOzoneRpcClient" time="0.129">
    <system-out><![CDATA[2024-01-26 21:34:36,019 [main] INFO  rpc.RpcClient (RpcClient.java:createVolume(456)) - Creating Volume: 2c0ef201-7e66-4f06-b017-b127198e426d, with runner as owner and space quota set to -1 bytes, counts quota set to -1
2024-01-26 21:34:36,021 [om1-OMStateMachineApplyTransactionThread - 0] INFO  volume.OMVolumeCreateRequest (OMVolumeCreateRequest.java:validateAndUpdateCache(198)) - created volume:2c0ef201-7e66-4f06-b017-b127198e426d for user:runner
2024-01-26 21:34:36,022 [main] INFO  rpc.RpcClient (RpcClient.java:createBucket(683)) - Creating Bucket: 2c0ef201-7e66-4f06-b017-b127198e426d/9b978fe3-1762-4401-8feb-f047201905d4, with server-side default bucket layout, runner as owner, Versioning false, Storage Type set to DISK and Encryption set to false, Replication Type set to server-side default replication type, Namespace Quota set to -1, Space Quota set to -1 
2024-01-26 21:34:36,023 [om1-OMStateMachineApplyTransactionThread - 0] INFO  bucket.OMBucketCreateRequest (OMBucketCreateRequest.java:validateAndUpdateCache(292)) - created bucket: 9b978fe3-1762-4401-8feb-f047201905d4 of layout OBJECT_STORE in volume: 2c0ef201-7e66-4f06-b017-b127198e426d
2024-01-26 21:34:36,144 [om1-OMStateMachineApplyTransactionThread - 0] DEBUG db.CodecBuffer (CodecBuffer.java:setCapacity(328)) - setCapacity: 4096 -> 4944, max=2147483647
2024-01-26 21:34:36,146 [IPC Server handler 12 on default port 15004] DEBUG db.CodecBuffer (CodecBuffer.java:setCapacity(328)) - setCapacity: 4096 -> 7370, max=2147483647
2024-01-26 21:34:36,147 [IPC Server handler 13 on default port 15004] DEBUG db.CodecBuffer (CodecBuffer.java:setCapacity(328)) - setCapacity: 4096 -> 7370, max=2147483647
]]></system-out>
  </testcase>
  <testcase name="testListPartsInvalidInput(int, int, String)[1]" classname="org.apache.hadoop.ozone.client.rpc.TestSecureOzoneRpcClient" time="0.008">
    <system-out><![CDATA[2024-01-26 21:34:36,176 [main] INFO  rpc.RpcClient (RpcClient.java:createVolume(456)) - Creating Volume: 9909f62e-eb14-4f24-97c2-d3247198d371, with runner as owner and space quota set to -1 bytes, counts quota set to -1
2024-01-26 21:34:36,178 [om1-OMStateMachineApplyTransactionThread - 0] INFO  volume.OMVolumeCreateRequest (OMVolumeCreateRequest.java:validateAndUpdateCache(198)) - created volume:9909f62e-eb14-4f24-97c2-d3247198d371 for user:runner
2024-01-26 21:34:36,179 [main] INFO  rpc.RpcClient (RpcClient.java:createBucket(683)) - Creating Bucket: 9909f62e-eb14-4f24-97c2-d3247198d371/95eb03cb-f32b-484a-9981-96cdf61aa437, with server-side default bucket layout, runner as owner, Versioning false, Storage Type set to DISK and Encryption set to false, Replication Type set to server-side default replication type, Namespace Quota set to -1, Space Quota set to -1 
2024-01-26 21:34:36,181 [om1-OMStateMachineApplyTransactionThread - 0] INFO  bucket.OMBucketCreateRequest (OMBucketCreateRequest.java:validateAndUpdateCache(292)) - created bucket: 95eb03cb-f32b-484a-9981-96cdf61aa437 of layout OBJECT_STORE in volume: 9909f62e-eb14-4f24-97c2-d3247198d371
]]></system-out>
  </testcase>
  <testcase name="testListPartsInvalidInput(int, int, String)[2]" classname="org.apache.hadoop.ozone.client.rpc.TestSecureOzoneRpcClient" time="0.005">
    <system-out><![CDATA[2024-01-26 21:34:36,184 [main] INFO  rpc.RpcClient (RpcClient.java:createVolume(456)) - Creating Volume: af1b32e2-75b6-496d-8472-a4589a80b8ed, with runner as owner and space quota set to -1 bytes, counts quota set to -1
2024-01-26 21:34:36,185 [om1-OMStateMachineApplyTransactionThread - 0] INFO  volume.OMVolumeCreateRequest (OMVolumeCreateRequest.java:validateAndUpdateCache(198)) - created volume:af1b32e2-75b6-496d-8472-a4589a80b8ed for user:runner
2024-01-26 21:34:36,186 [main] INFO  rpc.RpcClient (RpcClient.java:createBucket(683)) - Creating Bucket: af1b32e2-75b6-496d-8472-a4589a80b8ed/20275460-8a4a-4861-ab80-67117012a43f, with server-side default bucket layout, runner as owner, Versioning false, Storage Type set to DISK and Encryption set to false, Replication Type set to server-side default replication type, Namespace Quota set to -1, Space Quota set to -1 
2024-01-26 21:34:36,187 [om1-OMStateMachineApplyTransactionThread - 0] INFO  bucket.OMBucketCreateRequest (OMBucketCreateRequest.java:validateAndUpdateCache(292)) - created bucket: 20275460-8a4a-4861-ab80-67117012a43f of layout OBJECT_STORE in volume: af1b32e2-75b6-496d-8472-a4589a80b8ed
]]></system-out>
  </testcase>
  <testcase name="testListPartsWithInvalidUploadID" classname="org.apache.hadoop.ozone.client.rpc.TestSecureOzoneRpcClient" time="0.009">
    <system-out><![CDATA[2024-01-26 21:34:36,189 [main] INFO  rpc.RpcClient (RpcClient.java:createVolume(456)) - Creating Volume: 0e87e5d2-5f82-4565-82e6-857a7cd17f77, with runner as owner and space quota set to -1 bytes, counts quota set to -1
2024-01-26 21:34:36,191 [om1-OMStateMachineApplyTransactionThread - 0] INFO  volume.OMVolumeCreateRequest (OMVolumeCreateRequest.java:validateAndUpdateCache(198)) - created volume:0e87e5d2-5f82-4565-82e6-857a7cd17f77 for user:runner
2024-01-26 21:34:36,192 [main] INFO  rpc.RpcClient (RpcClient.java:createBucket(683)) - Creating Bucket: 0e87e5d2-5f82-4565-82e6-857a7cd17f77/ac996d81-7fa3-481b-b05d-bf2df3fc8927, with server-side default bucket layout, runner as owner, Versioning false, Storage Type set to DISK and Encryption set to false, Replication Type set to server-side default replication type, Namespace Quota set to -1, Space Quota set to -1 
2024-01-26 21:34:36,196 [om1-OMStateMachineApplyTransactionThread - 0] INFO  bucket.OMBucketCreateRequest (OMBucketCreateRequest.java:validateAndUpdateCache(292)) - created bucket: ac996d81-7fa3-481b-b05d-bf2df3fc8927 of layout OBJECT_STORE in volume: 0e87e5d2-5f82-4565-82e6-857a7cd17f77
21:34:36.197 [IPC Server handler 6 on default port 15004] ERROR OMAudit - user=runner | ip=127.0.0.1 | op=LIST_MULTIPART_UPLOAD_PARTS {volume=0e87e5d2-5f82-4565-82e6-857a7cd17f77, bucket=ac996d81-7fa3-481b-b05d-bf2df3fc8927, key=83d861ac-94ce-4e12-9f83-bd8c234d72b6, uploadID=random, partNumberMarker=100, maxParts=2} | ret=FAILURE
org.apache.hadoop.ozone.om.exceptions.OMException: No Such Multipart upload exists for this key.
	at org.apache.hadoop.ozone.om.KeyManagerImpl.listParts(KeyManagerImpl.java:771) ~[ozone-manager-1.5.0-SNAPSHOT.jar:?]
	at org.apache.hadoop.ozone.om.OzoneManager.listParts(OzoneManager.java:3587) ~[ozone-manager-1.5.0-SNAPSHOT.jar:?]
	at org.apache.hadoop.ozone.protocolPB.OzoneManagerRequestHandler.listParts(OzoneManagerRequestHandler.java:957) ~[ozone-manager-1.5.0-SNAPSHOT.jar:?]
	at org.apache.hadoop.ozone.protocolPB.OzoneManagerRequestHandler.handleReadRequest(OzoneManagerRequestHandler.java:244) ~[ozone-manager-1.5.0-SNAPSHOT.jar:?]
	at org.apache.hadoop.ozone.protocolPB.OzoneManagerProtocolServerSideTranslatorPB.submitReadRequestToOM(OzoneManagerProtocolServerSideTranslatorPB.java:250) ~[ozone-manager-1.5.0-SNAPSHOT.jar:?]
	at org.apache.hadoop.ozone.protocolPB.OzoneManagerProtocolServerSideTranslatorPB.internalProcessRequest(OzoneManagerProtocolServerSideTranslatorPB.java:196) ~[ozone-manager-1.5.0-SNAPSHOT.jar:?]
	at org.apache.hadoop.ozone.protocolPB.OzoneManagerProtocolServerSideTranslatorPB.processRequest(OzoneManagerProtocolServerSideTranslatorPB.java:156) ~[ozone-manager-1.5.0-SNAPSHOT.jar:?]
	at org.apache.hadoop.hdds.server.OzoneProtocolMessageDispatcher.processRequest(OzoneProtocolMessageDispatcher.java:89) [hdds-server-framework-1.5.0-SNAPSHOT.jar:?]
	at org.apache.hadoop.ozone.protocolPB.OzoneManagerProtocolServerSideTranslatorPB.submitRequest(OzoneManagerProtocolServerSideTranslatorPB.java:147) [ozone-manager-1.5.0-SNAPSHOT.jar:?]
	at org.apache.hadoop.ozone.protocol.proto.OzoneManagerProtocolProtos$OzoneManagerService$2.callBlockingMethod(OzoneManagerProtocolProtos.java) [ozone-interface-client-1.5.0-SNAPSHOT.jar:?]
	at org.apache.hadoop.ipc.ProtobufRpcEngine$Server.processCall(ProtobufRpcEngine.java:484) [hadoop-common-3.3.6.jar:?]
	at org.apache.hadoop.ipc.ProtobufRpcEngine2$Server$ProtoBufRpcInvoker.call(ProtobufRpcEngine2.java:595) [hadoop-common-3.3.6.jar:?]
	at org.apache.hadoop.ipc.ProtobufRpcEngine2$Server$ProtoBufRpcInvoker.call(ProtobufRpcEngine2.java:573) [hadoop-common-3.3.6.jar:?]
	at org.apache.hadoop.ipc.RPC$Server.call(RPC.java:1227) [hadoop-common-3.3.6.jar:?]
	at org.apache.hadoop.ipc.Server$RpcCall.run(Server.java:1094) [hadoop-common-3.3.6.jar:?]
	at org.apache.hadoop.ipc.Server$RpcCall.run(Server.java:1017) [hadoop-common-3.3.6.jar:?]
	at java.security.AccessController.doPrivileged(Native Method) ~[?:1.8.0_392]
	at javax.security.auth.Subject.doAs(Subject.java:422) [?:1.8.0_392]
	at org.apache.hadoop.security.UserGroupInformation.doAs(UserGroupInformation.java:1899) [hadoop-common-3.3.6.jar:?]
	at org.apache.hadoop.ipc.Server$Handler.run(Server.java:3048) [hadoop-common-3.3.6.jar:?]
]]></system-out>
  </testcase>
  <testcase name="testListPartsWithPartMarkerGreaterThanPartCount" classname="org.apache.hadoop.ozone.client.rpc.TestSecureOzoneRpcClient" time="0.076">
    <system-out><![CDATA[2024-01-26 21:34:36,199 [main] INFO  rpc.RpcClient (RpcClient.java:createVolume(456)) - Creating Volume: 7bb3a799-1342-495c-89fd-eda13e68b9f4, with runner as owner and space quota set to -1 bytes, counts quota set to -1
2024-01-26 21:34:36,201 [om1-OMStateMachineApplyTransactionThread - 0] INFO  volume.OMVolumeCreateRequest (OMVolumeCreateRequest.java:validateAndUpdateCache(198)) - created volume:7bb3a799-1342-495c-89fd-eda13e68b9f4 for user:runner
2024-01-26 21:34:36,202 [main] INFO  rpc.RpcClient (RpcClient.java:createBucket(683)) - Creating Bucket: 7bb3a799-1342-495c-89fd-eda13e68b9f4/5ffc52aa-8a04-4473-9963-700adaa529b2, with server-side default bucket layout, runner as owner, Versioning false, Storage Type set to DISK and Encryption set to false, Replication Type set to server-side default replication type, Namespace Quota set to -1, Space Quota set to -1 
2024-01-26 21:34:36,203 [om1-OMStateMachineApplyTransactionThread - 0] INFO  bucket.OMBucketCreateRequest (OMBucketCreateRequest.java:validateAndUpdateCache(292)) - created bucket: 5ffc52aa-8a04-4473-9963-700adaa529b2 of layout OBJECT_STORE in volume: 7bb3a799-1342-495c-89fd-eda13e68b9f4
]]></system-out>
  </testcase>
  <testcase name="testListVolume" classname="org.apache.hadoop.ozone.client.rpc.TestSecureOzoneRpcClient" time="0.046">
    <system-out><![CDATA[2024-01-26 21:34:36,276 [main] INFO  rpc.RpcClient (RpcClient.java:createVolume(456)) - Creating Volume: vol-list-a-0-49042, with runner as owner and space quota set to -1 bytes, counts quota set to -1
2024-01-26 21:34:36,277 [om1-OMStateMachineApplyTransactionThread - 0] INFO  volume.OMVolumeCreateRequest (OMVolumeCreateRequest.java:validateAndUpdateCache(198)) - created volume:vol-list-a-0-49042 for user:runner
2024-01-26 21:34:36,277 [main] INFO  rpc.RpcClient (RpcClient.java:createVolume(456)) - Creating Volume: vol-list-a-1-64480, with runner as owner and space quota set to -1 bytes, counts quota set to -1
2024-01-26 21:34:36,279 [om1-OMStateMachineApplyTransactionThread - 0] INFO  volume.OMVolumeCreateRequest (OMVolumeCreateRequest.java:validateAndUpdateCache(198)) - created volume:vol-list-a-1-64480 for user:runner
2024-01-26 21:34:36,279 [main] INFO  rpc.RpcClient (RpcClient.java:createVolume(456)) - Creating Volume: vol-list-a-2-97799, with runner as owner and space quota set to -1 bytes, counts quota set to -1
2024-01-26 21:34:36,281 [om1-OMStateMachineApplyTransactionThread - 0] INFO  volume.OMVolumeCreateRequest (OMVolumeCreateRequest.java:validateAndUpdateCache(198)) - created volume:vol-list-a-2-97799 for user:runner
2024-01-26 21:34:36,281 [main] INFO  rpc.RpcClient (RpcClient.java:createVolume(456)) - Creating Volume: vol-list-a-3-27547, with runner as owner and space quota set to -1 bytes, counts quota set to -1
2024-01-26 21:34:36,283 [om1-OMStateMachineApplyTransactionThread - 0] INFO  volume.OMVolumeCreateRequest (OMVolumeCreateRequest.java:validateAndUpdateCache(198)) - created volume:vol-list-a-3-27547 for user:runner
2024-01-26 21:34:36,283 [main] INFO  rpc.RpcClient (RpcClient.java:createVolume(456)) - Creating Volume: vol-list-a-4-08777, with runner as owner and space quota set to -1 bytes, counts quota set to -1
2024-01-26 21:34:36,284 [om1-OMStateMachineApplyTransactionThread - 0] INFO  volume.OMVolumeCreateRequest (OMVolumeCreateRequest.java:validateAndUpdateCache(198)) - created volume:vol-list-a-4-08777 for user:runner
2024-01-26 21:34:36,285 [main] INFO  rpc.RpcClient (RpcClient.java:createVolume(456)) - Creating Volume: vol-list-a-5-78707, with runner as owner and space quota set to -1 bytes, counts quota set to -1
2024-01-26 21:34:36,286 [om1-OMStateMachineApplyTransactionThread - 0] INFO  volume.OMVolumeCreateRequest (OMVolumeCreateRequest.java:validateAndUpdateCache(198)) - created volume:vol-list-a-5-78707 for user:runner
2024-01-26 21:34:36,287 [main] INFO  rpc.RpcClient (RpcClient.java:createVolume(456)) - Creating Volume: vol-list-a-6-14916, with runner as owner and space quota set to -1 bytes, counts quota set to -1
2024-01-26 21:34:36,288 [om1-OMStateMachineApplyTransactionThread - 0] INFO  volume.OMVolumeCreateRequest (OMVolumeCreateRequest.java:validateAndUpdateCache(198)) - created volume:vol-list-a-6-14916 for user:runner
2024-01-26 21:34:36,289 [main] INFO  rpc.RpcClient (RpcClient.java:createVolume(456)) - Creating Volume: vol-list-a-7-49271, with runner as owner and space quota set to -1 bytes, counts quota set to -1
2024-01-26 21:34:36,290 [om1-OMStateMachineApplyTransactionThread - 0] INFO  volume.OMVolumeCreateRequest (OMVolumeCreateRequest.java:validateAndUpdateCache(198)) - created volume:vol-list-a-7-49271 for user:runner
2024-01-26 21:34:36,291 [main] INFO  rpc.RpcClient (RpcClient.java:createVolume(456)) - Creating Volume: vol-list-a-8-58005, with runner as owner and space quota set to -1 bytes, counts quota set to -1
2024-01-26 21:34:36,293 [om1-OMStateMachineApplyTransactionThread - 0] INFO  volume.OMVolumeCreateRequest (OMVolumeCreateRequest.java:validateAndUpdateCache(198)) - created volume:vol-list-a-8-58005 for user:runner
2024-01-26 21:34:36,293 [main] INFO  rpc.RpcClient (RpcClient.java:createVolume(456)) - Creating Volume: vol-list-a-9-34932, with runner as owner and space quota set to -1 bytes, counts quota set to -1
2024-01-26 21:34:36,294 [om1-OMStateMachineApplyTransactionThread - 0] INFO  volume.OMVolumeCreateRequest (OMVolumeCreateRequest.java:validateAndUpdateCache(198)) - created volume:vol-list-a-9-34932 for user:runner
2024-01-26 21:34:36,295 [main] INFO  rpc.RpcClient (RpcClient.java:createVolume(456)) - Creating Volume: vol-list-b-0-48159, with runner as owner and space quota set to -1 bytes, counts quota set to -1
2024-01-26 21:34:36,296 [om1-OMStateMachineApplyTransactionThread - 0] INFO  volume.OMVolumeCreateRequest (OMVolumeCreateRequest.java:validateAndUpdateCache(198)) - created volume:vol-list-b-0-48159 for user:runner
2024-01-26 21:34:36,297 [main] INFO  rpc.RpcClient (RpcClient.java:createVolume(456)) - Creating Volume: vol-list-b-1-96135, with runner as owner and space quota set to -1 bytes, counts quota set to -1
2024-01-26 21:34:36,298 [om1-OMStateMachineApplyTransactionThread - 0] INFO  volume.OMVolumeCreateRequest (OMVolumeCreateRequest.java:validateAndUpdateCache(198)) - created volume:vol-list-b-1-96135 for user:runner
2024-01-26 21:34:36,298 [main] INFO  rpc.RpcClient (RpcClient.java:createVolume(456)) - Creating Volume: vol-list-b-2-07005, with runner as owner and space quota set to -1 bytes, counts quota set to -1
2024-01-26 21:34:36,300 [om1-OMStateMachineApplyTransactionThread - 0] INFO  volume.OMVolumeCreateRequest (OMVolumeCreateRequest.java:validateAndUpdateCache(198)) - created volume:vol-list-b-2-07005 for user:runner
2024-01-26 21:34:36,300 [main] INFO  rpc.RpcClient (RpcClient.java:createVolume(456)) - Creating Volume: vol-list-b-3-16073, with runner as owner and space quota set to -1 bytes, counts quota set to -1
2024-01-26 21:34:36,301 [om1-OMStateMachineApplyTransactionThread - 0] INFO  volume.OMVolumeCreateRequest (OMVolumeCreateRequest.java:validateAndUpdateCache(198)) - created volume:vol-list-b-3-16073 for user:runner
2024-01-26 21:34:36,302 [main] INFO  rpc.RpcClient (RpcClient.java:createVolume(456)) - Creating Volume: vol-list-b-4-40889, with runner as owner and space quota set to -1 bytes, counts quota set to -1
2024-01-26 21:34:36,303 [om1-OMStateMachineApplyTransactionThread - 0] INFO  volume.OMVolumeCreateRequest (OMVolumeCreateRequest.java:validateAndUpdateCache(198)) - created volume:vol-list-b-4-40889 for user:runner
2024-01-26 21:34:36,303 [main] INFO  rpc.RpcClient (RpcClient.java:createVolume(456)) - Creating Volume: vol-list-b-5-04360, with runner as owner and space quota set to -1 bytes, counts quota set to -1
2024-01-26 21:34:36,304 [om1-OMStateMachineApplyTransactionThread - 0] INFO  volume.OMVolumeCreateRequest (OMVolumeCreateRequest.java:validateAndUpdateCache(198)) - created volume:vol-list-b-5-04360 for user:runner
2024-01-26 21:34:36,305 [main] INFO  rpc.RpcClient (RpcClient.java:createVolume(456)) - Creating Volume: vol-list-b-6-22261, with runner as owner and space quota set to -1 bytes, counts quota set to -1
2024-01-26 21:34:36,306 [om1-OMStateMachineApplyTransactionThread - 0] INFO  volume.OMVolumeCreateRequest (OMVolumeCreateRequest.java:validateAndUpdateCache(198)) - created volume:vol-list-b-6-22261 for user:runner
2024-01-26 21:34:36,307 [main] INFO  rpc.RpcClient (RpcClient.java:createVolume(456)) - Creating Volume: vol-list-b-7-50467, with runner as owner and space quota set to -1 bytes, counts quota set to -1
2024-01-26 21:34:36,308 [om1-OMStateMachineApplyTransactionThread - 0] INFO  volume.OMVolumeCreateRequest (OMVolumeCreateRequest.java:validateAndUpdateCache(198)) - created volume:vol-list-b-7-50467 for user:runner
2024-01-26 21:34:36,308 [main] INFO  rpc.RpcClient (RpcClient.java:createVolume(456)) - Creating Volume: vol-list-b-8-12585, with runner as owner and space quota set to -1 bytes, counts quota set to -1
2024-01-26 21:34:36,309 [om1-OMStateMachineApplyTransactionThread - 0] INFO  volume.OMVolumeCreateRequest (OMVolumeCreateRequest.java:validateAndUpdateCache(198)) - created volume:vol-list-b-8-12585 for user:runner
2024-01-26 21:34:36,310 [main] INFO  rpc.RpcClient (RpcClient.java:createVolume(456)) - Creating Volume: vol-list-b-9-65823, with runner as owner and space quota set to -1 bytes, counts quota set to -1
2024-01-26 21:34:36,311 [om1-OMStateMachineApplyTransactionThread - 0] INFO  volume.OMVolumeCreateRequest (OMVolumeCreateRequest.java:validateAndUpdateCache(198)) - created volume:vol-list-b-9-65823 for user:runner
]]></system-out>
  </testcase>
  <testcase name="testMissingParentBucketUsedNamespace(BucketLayout)[1]" classname="org.apache.hadoop.ozone.client.rpc.TestSecureOzoneRpcClient" time="0.016">
    <system-out><![CDATA[2024-01-26 21:34:36,324 [main] INFO  rpc.RpcClient (RpcClient.java:createVolume(456)) - Creating Volume: 416cdb1f-d9cd-42b5-88fd-da0100f69dd4, with runner as owner and space quota set to -1 bytes, counts quota set to -1
2024-01-26 21:34:36,325 [om1-OMStateMachineApplyTransactionThread - 0] INFO  volume.OMVolumeCreateRequest (OMVolumeCreateRequest.java:validateAndUpdateCache(198)) - created volume:416cdb1f-d9cd-42b5-88fd-da0100f69dd4 for user:runner
2024-01-26 21:34:36,326 [main] INFO  rpc.RpcClient (RpcClient.java:createBucket(683)) - Creating Bucket: 416cdb1f-d9cd-42b5-88fd-da0100f69dd4/a23990e8-712f-43eb-9e7e-4000f7d28e38, with bucket layout OBJECT_STORE, runner as owner, Versioning false, Storage Type set to DISK and Encryption set to false, Replication Type set to server-side default replication type, Namespace Quota set to -1, Space Quota set to -1 
2024-01-26 21:34:36,328 [om1-OMStateMachineApplyTransactionThread - 0] INFO  bucket.OMBucketCreateRequest (OMBucketCreateRequest.java:validateAndUpdateCache(292)) - created bucket: a23990e8-712f-43eb-9e7e-4000f7d28e38 of layout OBJECT_STORE in volume: 416cdb1f-d9cd-42b5-88fd-da0100f69dd4
]]></system-out>
  </testcase>
  <testcase name="testMissingParentBucketUsedNamespace(BucketLayout)[2]" classname="org.apache.hadoop.ozone.client.rpc.TestSecureOzoneRpcClient" time="0.017">
    <system-out><![CDATA[2024-01-26 21:34:36,340 [main] INFO  rpc.RpcClient (RpcClient.java:createVolume(456)) - Creating Volume: 784c2dfa-5ff7-4c07-8936-420219a2b320, with runner as owner and space quota set to -1 bytes, counts quota set to -1
2024-01-26 21:34:36,342 [om1-OMStateMachineApplyTransactionThread - 0] INFO  volume.OMVolumeCreateRequest (OMVolumeCreateRequest.java:validateAndUpdateCache(198)) - created volume:784c2dfa-5ff7-4c07-8936-420219a2b320 for user:runner
2024-01-26 21:34:36,343 [main] INFO  rpc.RpcClient (RpcClient.java:createBucket(683)) - Creating Bucket: 784c2dfa-5ff7-4c07-8936-420219a2b320/dc03a3c8-54de-4d6d-96d4-0b105e9414f9, with bucket layout LEGACY, runner as owner, Versioning false, Storage Type set to DISK and Encryption set to false, Replication Type set to server-side default replication type, Namespace Quota set to -1, Space Quota set to -1 
2024-01-26 21:34:36,345 [om1-OMStateMachineApplyTransactionThread - 0] INFO  bucket.OMBucketCreateRequest (OMBucketCreateRequest.java:validateAndUpdateCache(292)) - created bucket: dc03a3c8-54de-4d6d-96d4-0b105e9414f9 of layout LEGACY in volume: 784c2dfa-5ff7-4c07-8936-420219a2b320
]]></system-out>
  </testcase>
  <testcase name="testMissingParentBucketUsedNamespace(BucketLayout)[3]" classname="org.apache.hadoop.ozone.client.rpc.TestSecureOzoneRpcClient" time="0.016">
    <system-out><![CDATA[2024-01-26 21:34:36,358 [main] INFO  rpc.RpcClient (RpcClient.java:createVolume(456)) - Creating Volume: 8e5af98f-8fc3-4efb-b8b1-7a9891e904c7, with runner as owner and space quota set to -1 bytes, counts quota set to -1
2024-01-26 21:34:36,359 [om1-OMStateMachineApplyTransactionThread - 0] INFO  volume.OMVolumeCreateRequest (OMVolumeCreateRequest.java:validateAndUpdateCache(198)) - created volume:8e5af98f-8fc3-4efb-b8b1-7a9891e904c7 for user:runner
2024-01-26 21:34:36,360 [main] INFO  rpc.RpcClient (RpcClient.java:createBucket(683)) - Creating Bucket: 8e5af98f-8fc3-4efb-b8b1-7a9891e904c7/4a0f6690-b0c8-4fa0-b342-ee50a1569ff3, with bucket layout FILE_SYSTEM_OPTIMIZED, runner as owner, Versioning false, Storage Type set to DISK and Encryption set to false, Replication Type set to server-side default replication type, Namespace Quota set to -1, Space Quota set to -1 
2024-01-26 21:34:36,361 [om1-OMStateMachineApplyTransactionThread - 0] INFO  bucket.OMBucketCreateRequest (OMBucketCreateRequest.java:validateAndUpdateCache(292)) - created bucket: 4a0f6690-b0c8-4fa0-b342-ee50a1569ff3 of layout FILE_SYSTEM_OPTIMIZED in volume: 8e5af98f-8fc3-4efb-b8b1-7a9891e904c7
]]></system-out>
  </testcase>
  <testcase name="testMultipartPartNumberExceedingAllowedRange" classname="org.apache.hadoop.ozone.client.rpc.TestSecureOzoneRpcClient" time="0.013">
    <system-out><![CDATA[2024-01-26 21:34:36,374 [main] INFO  rpc.RpcClient (RpcClient.java:createVolume(456)) - Creating Volume: 377758ff-f9ff-48a4-a179-05f67c62c58f, with runner as owner and space quota set to -1 bytes, counts quota set to -1
2024-01-26 21:34:36,375 [om1-OMStateMachineApplyTransactionThread - 0] INFO  volume.OMVolumeCreateRequest (OMVolumeCreateRequest.java:validateAndUpdateCache(198)) - created volume:377758ff-f9ff-48a4-a179-05f67c62c58f for user:runner
2024-01-26 21:34:36,376 [main] INFO  rpc.RpcClient (RpcClient.java:createBucket(683)) - Creating Bucket: 377758ff-f9ff-48a4-a179-05f67c62c58f/c57ed310-a203-41f3-9c51-222a4fd975aa, with server-side default bucket layout, runner as owner, Versioning false, Storage Type set to DISK and Encryption set to false, Replication Type set to server-side default replication type, Namespace Quota set to -1, Space Quota set to -1 
2024-01-26 21:34:36,378 [om1-OMStateMachineApplyTransactionThread - 0] INFO  bucket.OMBucketCreateRequest (OMBucketCreateRequest.java:validateAndUpdateCache(292)) - created bucket: c57ed310-a203-41f3-9c51-222a4fd975aa of layout OBJECT_STORE in volume: 377758ff-f9ff-48a4-a179-05f67c62c58f
]]></system-out>
  </testcase>
  <testcase name="testMultipartUploadOverride(ReplicationConfig)[1]" classname="org.apache.hadoop.ozone.client.rpc.TestSecureOzoneRpcClient" time="0.309">
    <system-out><![CDATA[2024-01-26 21:34:36,389 [main] INFO  rpc.RpcClient (RpcClient.java:createVolume(456)) - Creating Volume: 14a340aa-e469-48c3-9a96-dd3c9987490f, with runner as owner and space quota set to -1 bytes, counts quota set to -1
2024-01-26 21:34:36,391 [om1-OMStateMachineApplyTransactionThread - 0] INFO  volume.OMVolumeCreateRequest (OMVolumeCreateRequest.java:validateAndUpdateCache(198)) - created volume:14a340aa-e469-48c3-9a96-dd3c9987490f for user:runner
2024-01-26 21:34:36,392 [main] INFO  rpc.RpcClient (RpcClient.java:createBucket(683)) - Creating Bucket: 14a340aa-e469-48c3-9a96-dd3c9987490f/129d17b8-6505-4c83-b554-274d6a1a0332, with server-side default bucket layout, runner as owner, Versioning false, Storage Type set to DISK and Encryption set to false, Replication Type set to server-side default replication type, Namespace Quota set to -1, Space Quota set to -1 
2024-01-26 21:34:36,393 [om1-OMStateMachineApplyTransactionThread - 0] INFO  bucket.OMBucketCreateRequest (OMBucketCreateRequest.java:validateAndUpdateCache(292)) - created bucket: 129d17b8-6505-4c83-b554-274d6a1a0332 of layout OBJECT_STORE in volume: 14a340aa-e469-48c3-9a96-dd3c9987490f
2024-01-26 21:34:36,471 [om1-OMStateMachineApplyTransactionThread - 0] DEBUG db.CodecBuffer (CodecBuffer.java:setCapacity(328)) - setCapacity: 4096 -> 4948, max=2147483647
2024-01-26 21:34:36,476 [IPC Server handler 49 on default port 15001] WARN  node.SCMNodeManager (SCMNodeManager.java:getNodesByAddress(1549)) - Cannot find node for address 127.0.0.1
2024-01-26 21:34:36,476 [IPC Server handler 58 on default port 15001] WARN  node.SCMNodeManager (SCMNodeManager.java:getNodesByAddress(1549)) - Cannot find node for address 127.0.0.1
2024-01-26 21:34:36,477 [IPC Server handler 75 on default port 15001] WARN  node.SCMNodeManager (SCMNodeManager.java:getNodesByAddress(1549)) - Cannot find node for address 127.0.0.1
2024-01-26 21:34:36,477 [IPC Server handler 38 on default port 15001] WARN  node.SCMNodeManager (SCMNodeManager.java:getNodesByAddress(1549)) - Cannot find node for address 127.0.0.1
2024-01-26 21:34:36,611 [om1-OMStateMachineApplyTransactionThread - 0] DEBUG db.CodecBuffer (CodecBuffer.java:setCapacity(328)) - setCapacity: 4096 -> 4954, max=2147483647
2024-01-26 21:34:36,614 [IPC Server handler 50 on default port 15001] WARN  node.SCMNodeManager (SCMNodeManager.java:getNodesByAddress(1549)) - Cannot find node for address 127.0.0.1
2024-01-26 21:34:36,615 [IPC Server handler 77 on default port 15001] WARN  node.SCMNodeManager (SCMNodeManager.java:getNodesByAddress(1549)) - Cannot find node for address 127.0.0.1
2024-01-26 21:34:36,616 [IPC Server handler 57 on default port 15001] WARN  node.SCMNodeManager (SCMNodeManager.java:getNodesByAddress(1549)) - Cannot find node for address 127.0.0.1
2024-01-26 21:34:36,616 [IPC Server handler 59 on default port 15001] WARN  node.SCMNodeManager (SCMNodeManager.java:getNodesByAddress(1549)) - Cannot find node for address 127.0.0.1
2024-01-26 21:34:36,617 [IPC Server handler 21 on default port 15001] WARN  node.SCMNodeManager (SCMNodeManager.java:getNodesByAddress(1549)) - Cannot find node for address 127.0.0.1
]]></system-out>
  </testcase>
  <testcase name="testMultipartUploadOverride(ReplicationConfig)[2]" classname="org.apache.hadoop.ozone.client.rpc.TestSecureOzoneRpcClient" time="0.472">
    <system-out><![CDATA[2024-01-26 21:34:36,700 [main] INFO  rpc.RpcClient (RpcClient.java:createVolume(456)) - Creating Volume: 1d90a7ee-8f38-4383-84ab-d65f2be4915f, with runner as owner and space quota set to -1 bytes, counts quota set to -1
2024-01-26 21:34:36,703 [om1-OMStateMachineApplyTransactionThread - 0] INFO  volume.OMVolumeCreateRequest (OMVolumeCreateRequest.java:validateAndUpdateCache(198)) - created volume:1d90a7ee-8f38-4383-84ab-d65f2be4915f for user:runner
2024-01-26 21:34:36,704 [main] INFO  rpc.RpcClient (RpcClient.java:createBucket(683)) - Creating Bucket: 1d90a7ee-8f38-4383-84ab-d65f2be4915f/92775d2d-3c5c-46d4-bb55-bdf50591031c, with server-side default bucket layout, runner as owner, Versioning false, Storage Type set to DISK and Encryption set to false, Replication Type set to server-side default replication type, Namespace Quota set to -1, Space Quota set to -1 
2024-01-26 21:34:36,705 [om1-OMStateMachineApplyTransactionThread - 0] INFO  bucket.OMBucketCreateRequest (OMBucketCreateRequest.java:validateAndUpdateCache(292)) - created bucket: 92775d2d-3c5c-46d4-bb55-bdf50591031c of layout OBJECT_STORE in volume: 1d90a7ee-8f38-4383-84ab-d65f2be4915f
2024-01-26 21:34:36,845 [om1-OMStateMachineApplyTransactionThread - 0] DEBUG db.CodecBuffer (CodecBuffer.java:setCapacity(328)) - setCapacity: 4096 -> 6514, max=2147483647
2024-01-26 21:34:36,848 [om1-OMStateMachineApplyTransactionThread - 0] DEBUG db.CodecBuffer (CodecBuffer.java:setCapacity(328)) - setCapacity: 4096 -> 8326, max=2147483647
2024-01-26 21:34:36,853 [IPC Server handler 26 on default port 15001] WARN  node.SCMNodeManager (SCMNodeManager.java:getNodesByAddress(1549)) - Cannot find node for address 127.0.0.1
2024-01-26 21:34:36,853 [IPC Server handler 18 on default port 15001] WARN  node.SCMNodeManager (SCMNodeManager.java:getNodesByAddress(1549)) - Cannot find node for address 127.0.0.1
2024-01-26 21:34:37,065 [om1-OMStateMachineApplyTransactionThread - 0] DEBUG db.CodecBuffer (CodecBuffer.java:setCapacity(328)) - setCapacity: 4096 -> 6520, max=2147483647
2024-01-26 21:34:37,067 [om1-OMStateMachineApplyTransactionThread - 0] DEBUG db.CodecBuffer (CodecBuffer.java:setCapacity(328)) - setCapacity: 4096 -> 8335, max=2147483647
2024-01-26 21:34:37,072 [IPC Server handler 45 on default port 15001] WARN  node.SCMNodeManager (SCMNodeManager.java:getNodesByAddress(1549)) - Cannot find node for address 127.0.0.1
2024-01-26 21:34:37,073 [IPC Server handler 36 on default port 15001] WARN  node.SCMNodeManager (SCMNodeManager.java:getNodesByAddress(1549)) - Cannot find node for address 127.0.0.1
2024-01-26 21:34:37,073 [IPC Server handler 43 on default port 15001] WARN  node.SCMNodeManager (SCMNodeManager.java:getNodesByAddress(1549)) - Cannot find node for address 127.0.0.1
]]></system-out>
  </testcase>
  <testcase name="testMultipartUploadOverride(ReplicationConfig)[3]" classname="org.apache.hadoop.ozone.client.rpc.TestSecureOzoneRpcClient" time="0.367">
    <system-out><![CDATA[2024-01-26 21:34:37,173 [main] INFO  rpc.RpcClient (RpcClient.java:createVolume(456)) - Creating Volume: 621ebd17-f77e-4a1b-ba42-c7f751d859c9, with runner as owner and space quota set to -1 bytes, counts quota set to -1
2024-01-26 21:34:37,175 [om1-OMStateMachineApplyTransactionThread - 0] INFO  volume.OMVolumeCreateRequest (OMVolumeCreateRequest.java:validateAndUpdateCache(198)) - created volume:621ebd17-f77e-4a1b-ba42-c7f751d859c9 for user:runner
2024-01-26 21:34:37,176 [main] INFO  rpc.RpcClient (RpcClient.java:createBucket(683)) - Creating Bucket: 621ebd17-f77e-4a1b-ba42-c7f751d859c9/a2a16482-f686-49a8-9bac-efc6026cb8a8, with server-side default bucket layout, runner as owner, Versioning false, Storage Type set to DISK and Encryption set to false, Replication Type set to server-side default replication type, Namespace Quota set to -1, Space Quota set to -1 
2024-01-26 21:34:37,178 [om1-OMStateMachineApplyTransactionThread - 0] INFO  bucket.OMBucketCreateRequest (OMBucketCreateRequest.java:validateAndUpdateCache(292)) - created bucket: a2a16482-f686-49a8-9bac-efc6026cb8a8 of layout OBJECT_STORE in volume: 621ebd17-f77e-4a1b-ba42-c7f751d859c9
2024-01-26 21:34:37,297 [om1-OMStateMachineApplyTransactionThread - 0] DEBUG db.CodecBuffer (CodecBuffer.java:setCapacity(328)) - setCapacity: 4096 -> 4947, max=2147483647
2024-01-26 21:34:37,299 [om1-OMStateMachineApplyTransactionThread - 0] DEBUG db.CodecBuffer (CodecBuffer.java:setCapacity(328)) - setCapacity: 4096 -> 7366, max=2147483647
2024-01-26 21:34:37,304 [IPC Server handler 66 on default port 15001] WARN  node.SCMNodeManager (SCMNodeManager.java:getNodesByAddress(1549)) - Cannot find node for address 127.0.0.1
2024-01-26 21:34:37,305 [IPC Server handler 70 on default port 15001] WARN  node.SCMNodeManager (SCMNodeManager.java:getNodesByAddress(1549)) - Cannot find node for address 127.0.0.1
2024-01-26 21:34:37,306 [IPC Server handler 73 on default port 15001] WARN  node.SCMNodeManager (SCMNodeManager.java:getNodesByAddress(1549)) - Cannot find node for address 127.0.0.1
2024-01-26 21:34:37,478 [om1-OMStateMachineApplyTransactionThread - 0] DEBUG db.CodecBuffer (CodecBuffer.java:setCapacity(328)) - setCapacity: 4096 -> 4944, max=2147483647
2024-01-26 21:34:37,481 [om1-OMStateMachineApplyTransactionThread - 0] DEBUG db.CodecBuffer (CodecBuffer.java:setCapacity(328)) - setCapacity: 4096 -> 7364, max=2147483647
2024-01-26 21:34:37,485 [IPC Server handler 44 on default port 15001] WARN  node.SCMNodeManager (SCMNodeManager.java:getNodesByAddress(1549)) - Cannot find node for address 127.0.0.1
2024-01-26 21:34:37,486 [IPC Server handler 79 on default port 15001] WARN  node.SCMNodeManager (SCMNodeManager.java:getNodesByAddress(1549)) - Cannot find node for address 127.0.0.1
]]></system-out>
  </testcase>
  <testcase name="testMultipartUploadWithACL" classname="org.apache.hadoop.ozone.client.rpc.TestSecureOzoneRpcClient" time="0.288">
    <system-out><![CDATA[2024-01-26 21:34:37,541 [main] INFO  rpc.RpcClient (RpcClient.java:createVolume(456)) - Creating Volume: 31d37bbb-d015-49f3-bbc6-a022d569ee4a, with runner as owner and space quota set to -1 bytes, counts quota set to -1
2024-01-26 21:34:37,543 [om1-OMStateMachineApplyTransactionThread - 0] INFO  volume.OMVolumeCreateRequest (OMVolumeCreateRequest.java:validateAndUpdateCache(198)) - created volume:31d37bbb-d015-49f3-bbc6-a022d569ee4a for user:runner
2024-01-26 21:34:37,544 [main] INFO  rpc.RpcClient (RpcClient.java:createBucket(683)) - Creating Bucket: 31d37bbb-d015-49f3-bbc6-a022d569ee4a/afd4e456-dd3c-4cf7-aeb8-1db265f9a431, with bucket layout OBJECT_STORE, runner as owner, Versioning false, Storage Type set to DISK and Encryption set to false, Replication Type set to server-side default replication type, Namespace Quota set to -1, Space Quota set to -1 
2024-01-26 21:34:37,545 [om1-OMStateMachineApplyTransactionThread - 0] INFO  bucket.OMBucketCreateRequest (OMBucketCreateRequest.java:validateAndUpdateCache(292)) - created bucket: afd4e456-dd3c-4cf7-aeb8-1db265f9a431 of layout OBJECT_STORE in volume: 31d37bbb-d015-49f3-bbc6-a022d569ee4a
2024-01-26 21:34:37,633 [om1-OMStateMachineApplyTransactionThread - 0] DEBUG db.CodecBuffer (CodecBuffer.java:setCapacity(328)) - setCapacity: 4096 -> 5059, max=2147483647
2024-01-26 21:34:37,638 [IPC Server handler 34 on default port 15001] WARN  node.SCMNodeManager (SCMNodeManager.java:getNodesByAddress(1549)) - Cannot find node for address 127.0.0.1
2024-01-26 21:34:37,639 [IPC Server handler 67 on default port 15001] WARN  node.SCMNodeManager (SCMNodeManager.java:getNodesByAddress(1549)) - Cannot find node for address 127.0.0.1
2024-01-26 21:34:37,639 [IPC Server handler 13 on default port 15001] WARN  node.SCMNodeManager (SCMNodeManager.java:getNodesByAddress(1549)) - Cannot find node for address 127.0.0.1
2024-01-26 21:34:37,640 [IPC Server handler 30 on default port 15001] WARN  node.SCMNodeManager (SCMNodeManager.java:getNodesByAddress(1549)) - Cannot find node for address 127.0.0.1
2024-01-26 21:34:37,641 [IPC Server handler 84 on default port 15001] WARN  node.SCMNodeManager (SCMNodeManager.java:getNodesByAddress(1549)) - Cannot find node for address 127.0.0.1
2024-01-26 21:34:37,715 [main] INFO  protocolPB.OmTransportFactory (OmTransportFactory.java:createFactory(62)) - Loading OM transport implementation org.apache.hadoop.ozone.om.protocolPB.Hadoop3OmTransportFactory as specified by configuration.
2024-01-26 21:34:37,778 [IPC Server handler 19 on default port 15004] WARN  om.OzoneManager (OmMetadataReader.java:checkAcls(555)) - User test-user doesn't have CREATE permission to access key Volume:31d37bbb-d015-49f3-bbc6-a022d569ee4a Bucket:afd4e456-dd3c-4cf7-aeb8-1db265f9a431 Key:5184f363-5da0-433e-bc8f-edef74420b00
2024-01-26 21:34:37,828 [IPC Server handler 15 on default port 15004] WARN  om.OzoneManager (OmMetadataReader.java:checkAcls(555)) - User test-user doesn't have READ permission to access key Volume:31d37bbb-d015-49f3-bbc6-a022d569ee4a Bucket:afd4e456-dd3c-4cf7-aeb8-1db265f9a431 Key:c9909f45-6f61-4791-be6d-c860dfba99af
21:34:37.828 [IPC Server handler 15 on default port 15004] ERROR OMAudit - user=test-user | ip=127.0.0.1 | op=READ_KEY {volume=31d37bbb-d015-49f3-bbc6-a022d569ee4a, bucket=afd4e456-dd3c-4cf7-aeb8-1db265f9a431, key=c9909f45-6f61-4791-be6d-c860dfba99af, dataSize=0, replicationConfig=null} | ret=FAILURE
org.apache.hadoop.ozone.om.exceptions.OMException: User test-user doesn't have READ permission to access key Volume:31d37bbb-d015-49f3-bbc6-a022d569ee4a Bucket:afd4e456-dd3c-4cf7-aeb8-1db265f9a431 Key:c9909f45-6f61-4791-be6d-c860dfba99af
	at org.apache.hadoop.ozone.om.OmMetadataReader.checkAcls(OmMetadataReader.java:558) ~[ozone-manager-1.5.0-SNAPSHOT.jar:?]
	at org.apache.hadoop.ozone.om.OmMetadataReader.checkAcls(OmMetadataReader.java:533) ~[ozone-manager-1.5.0-SNAPSHOT.jar:?]
	at org.apache.hadoop.ozone.om.OzoneAclUtils.checkAllAcls(OzoneAclUtils.java:123) ~[ozone-manager-1.5.0-SNAPSHOT.jar:?]
	at org.apache.hadoop.ozone.om.OmMetadataReader.checkAcls(OmMetadataReader.java:495) ~[ozone-manager-1.5.0-SNAPSHOT.jar:?]
	at org.apache.hadoop.ozone.om.OmMetadataReader.lambda$3(OmMetadataReader.java:183) ~[ozone-manager-1.5.0-SNAPSHOT.jar:?]
	at org.apache.hadoop.util.MetricUtil.captureLatencyNs(MetricUtil.java:56) ~[hdds-common-1.5.0-SNAPSHOT.jar:?]
	at org.apache.hadoop.ozone.om.OmMetadataReader.getKeyInfo(OmMetadataReader.java:182) ~[ozone-manager-1.5.0-SNAPSHOT.jar:?]
	at org.apache.hadoop.ozone.om.OzoneManager.getKeyInfo(OzoneManager.java:2869) ~[ozone-manager-1.5.0-SNAPSHOT.jar:?]
	at org.apache.hadoop.ozone.protocolPB.OzoneManagerRequestHandler.getKeyInfo(OzoneManagerRequestHandler.java:641) ~[ozone-manager-1.5.0-SNAPSHOT.jar:?]
	at org.apache.hadoop.ozone.protocolPB.OzoneManagerRequestHandler.handleReadRequest(OzoneManagerRequestHandler.java:328) ~[ozone-manager-1.5.0-SNAPSHOT.jar:?]
	at org.apache.hadoop.ozone.protocolPB.OzoneManagerProtocolServerSideTranslatorPB.submitReadRequestToOM(OzoneManagerProtocolServerSideTranslatorPB.java:250) ~[ozone-manager-1.5.0-SNAPSHOT.jar:?]
	at org.apache.hadoop.ozone.protocolPB.OzoneManagerProtocolServerSideTranslatorPB.internalProcessRequest(OzoneManagerProtocolServerSideTranslatorPB.java:196) ~[ozone-manager-1.5.0-SNAPSHOT.jar:?]
	at org.apache.hadoop.ozone.protocolPB.OzoneManagerProtocolServerSideTranslatorPB.processRequest(OzoneManagerProtocolServerSideTranslatorPB.java:156) ~[ozone-manager-1.5.0-SNAPSHOT.jar:?]
	at org.apache.hadoop.hdds.server.OzoneProtocolMessageDispatcher.processRequest(OzoneProtocolMessageDispatcher.java:89) [hdds-server-framework-1.5.0-SNAPSHOT.jar:?]
	at org.apache.hadoop.ozone.protocolPB.OzoneManagerProtocolServerSideTranslatorPB.submitRequest(OzoneManagerProtocolServerSideTranslatorPB.java:147) [ozone-manager-1.5.0-SNAPSHOT.jar:?]
	at org.apache.hadoop.ozone.protocol.proto.OzoneManagerProtocolProtos$OzoneManagerService$2.callBlockingMethod(OzoneManagerProtocolProtos.java) [ozone-interface-client-1.5.0-SNAPSHOT.jar:?]
	at org.apache.hadoop.ipc.ProtobufRpcEngine$Server.processCall(ProtobufRpcEngine.java:484) [hadoop-common-3.3.6.jar:?]
	at org.apache.hadoop.ipc.ProtobufRpcEngine2$Server$ProtoBufRpcInvoker.call(ProtobufRpcEngine2.java:595) [hadoop-common-3.3.6.jar:?]
	at org.apache.hadoop.ipc.ProtobufRpcEngine2$Server$ProtoBufRpcInvoker.call(ProtobufRpcEngine2.java:573) [hadoop-common-3.3.6.jar:?]
	at org.apache.hadoop.ipc.RPC$Server.call(RPC.java:1227) [hadoop-common-3.3.6.jar:?]
	at org.apache.hadoop.ipc.Server$RpcCall.run(Server.java:1094) [hadoop-common-3.3.6.jar:?]
	at org.apache.hadoop.ipc.Server$RpcCall.run(Server.java:1017) [hadoop-common-3.3.6.jar:?]
	at java.security.AccessController.doPrivileged(Native Method) ~[?:1.8.0_392]
	at javax.security.auth.Subject.doAs(Subject.java:422) [?:1.8.0_392]
	at org.apache.hadoop.security.UserGroupInformation.doAs(UserGroupInformation.java:1899) [hadoop-common-3.3.6.jar:?]
	at org.apache.hadoop.ipc.Server$Handler.run(Server.java:3048) [hadoop-common-3.3.6.jar:?]
]]></system-out>
  </testcase>
  <testcase name="testMultipartUploadWithMissingParts" classname="org.apache.hadoop.ozone.client.rpc.TestSecureOzoneRpcClient" time="0.021">
    <system-out><![CDATA[2024-01-26 21:34:37,830 [main] INFO  rpc.RpcClient (RpcClient.java:createVolume(456)) - Creating Volume: 4704874e-8e1c-4d6f-aed8-e320240c8d22, with runner as owner and space quota set to -1 bytes, counts quota set to -1
2024-01-26 21:34:37,831 [om1-OMStateMachineApplyTransactionThread - 0] INFO  volume.OMVolumeCreateRequest (OMVolumeCreateRequest.java:validateAndUpdateCache(198)) - created volume:4704874e-8e1c-4d6f-aed8-e320240c8d22 for user:runner
2024-01-26 21:34:37,832 [main] INFO  rpc.RpcClient (RpcClient.java:createBucket(683)) - Creating Bucket: 4704874e-8e1c-4d6f-aed8-e320240c8d22/46e7cfd2-6d4b-4945-b046-899ea7c298c9, with server-side default bucket layout, runner as owner, Versioning false, Storage Type set to DISK and Encryption set to false, Replication Type set to server-side default replication type, Namespace Quota set to -1, Space Quota set to -1 
2024-01-26 21:34:37,834 [om1-OMStateMachineApplyTransactionThread - 0] INFO  bucket.OMBucketCreateRequest (OMBucketCreateRequest.java:validateAndUpdateCache(292)) - created bucket: 46e7cfd2-6d4b-4945-b046-899ea7c298c9 of layout OBJECT_STORE in volume: 4704874e-8e1c-4d6f-aed8-e320240c8d22
21:34:37.848 [om1-OMStateMachineApplyTransactionThread - 0] ERROR OMAudit - user=runner | ip=127.0.0.1 | op=COMPLETE_MULTIPART_UPLOAD {volume=4704874e-8e1c-4d6f-aed8-e320240c8d22, bucket=46e7cfd2-6d4b-4945-b046-899ea7c298c9, key=4f2a9f05-97c4-4bd2-8ca2-fa1524f18d85, dataSize=0, replicationType=NONE, replicationFactor=ZERO, multipartList=[partNumber: 3 partName: "random" ]} | ret=FAILURE
org.apache.hadoop.ozone.om.exceptions.OMException: Complete Multipart Upload Failed: volume: 4704874e-8e1c-4d6f-aed8-e320240c8d22 bucket: 46e7cfd2-6d4b-4945-b046-899ea7c298c9 key: 4f2a9f05-97c4-4bd2-8ca2-fa1524f18d85. Provided Part info is { random, 3}, whereas OM has partName null
	at org.apache.hadoop.ozone.om.request.s3.multipart.S3MultipartUploadCompleteRequest.getMultipartDataSize(S3MultipartUploadCompleteRequest.java:508) ~[ozone-manager-1.5.0-SNAPSHOT.jar:?]
	at org.apache.hadoop.ozone.om.request.s3.multipart.S3MultipartUploadCompleteRequest.validateAndUpdateCache(S3MultipartUploadCompleteRequest.java:193) ~[ozone-manager-1.5.0-SNAPSHOT.jar:?]
	at org.apache.hadoop.ozone.protocolPB.OzoneManagerRequestHandler.lambda$0(OzoneManagerRequestHandler.java:403) ~[ozone-manager-1.5.0-SNAPSHOT.jar:?]
	at org.apache.hadoop.util.MetricUtil.captureLatencyNs(MetricUtil.java:45) ~[hdds-common-1.5.0-SNAPSHOT.jar:?]
	at org.apache.hadoop.ozone.protocolPB.OzoneManagerRequestHandler.handleWriteRequest(OzoneManagerRequestHandler.java:399) ~[ozone-manager-1.5.0-SNAPSHOT.jar:?]
	at org.apache.hadoop.ozone.om.ratis.OzoneManagerStateMachine.runCommand(OzoneManagerStateMachine.java:527) ~[ozone-manager-1.5.0-SNAPSHOT.jar:?]
	at org.apache.hadoop.ozone.om.ratis.OzoneManagerStateMachine.lambda$1(OzoneManagerStateMachine.java:345) ~[ozone-manager-1.5.0-SNAPSHOT.jar:?]
	at java.util.concurrent.CompletableFuture$AsyncSupply.run(CompletableFuture.java:1604) [?:1.8.0_392]
	at java.util.concurrent.ThreadPoolExecutor.runWorker(ThreadPoolExecutor.java:1149) [?:1.8.0_392]
	at java.util.concurrent.ThreadPoolExecutor$Worker.run(ThreadPoolExecutor.java:624) [?:1.8.0_392]
	at java.lang.Thread.run(Thread.java:750) [?:1.8.0_392]
2024-01-26 21:34:37,849 [om1-OMStateMachineApplyTransactionThread - 0] ERROR multipart.S3MultipartUploadCompleteRequest (S3MultipartUploadCompleteRequest.java:logResult(347)) - MultipartUpload Complete request failed for Key: 4f2a9f05-97c4-4bd2-8ca2-fa1524f18d85 in Volume/Bucket 4704874e-8e1c-4d6f-aed8-e320240c8d22/46e7cfd2-6d4b-4945-b046-899ea7c298c9
INVALID_PART org.apache.hadoop.ozone.om.exceptions.OMException: Complete Multipart Upload Failed: volume: 4704874e-8e1c-4d6f-aed8-e320240c8d22 bucket: 46e7cfd2-6d4b-4945-b046-899ea7c298c9 key: 4f2a9f05-97c4-4bd2-8ca2-fa1524f18d85. Provided Part info is { random, 3}, whereas OM has partName null
	at org.apache.hadoop.ozone.om.request.s3.multipart.S3MultipartUploadCompleteRequest.getMultipartDataSize(S3MultipartUploadCompleteRequest.java:508)
	at org.apache.hadoop.ozone.om.request.s3.multipart.S3MultipartUploadCompleteRequest.validateAndUpdateCache(S3MultipartUploadCompleteRequest.java:193)
	at org.apache.hadoop.ozone.protocolPB.OzoneManagerRequestHandler.lambda$0(OzoneManagerRequestHandler.java:403)
	at org.apache.hadoop.util.MetricUtil.captureLatencyNs(MetricUtil.java:45)
	at org.apache.hadoop.ozone.protocolPB.OzoneManagerRequestHandler.handleWriteRequest(OzoneManagerRequestHandler.java:399)
	at org.apache.hadoop.ozone.om.ratis.OzoneManagerStateMachine.runCommand(OzoneManagerStateMachine.java:527)
	at org.apache.hadoop.ozone.om.ratis.OzoneManagerStateMachine.lambda$1(OzoneManagerStateMachine.java:345)
	at java.util.concurrent.CompletableFuture$AsyncSupply.run(CompletableFuture.java:1604)
	at java.util.concurrent.ThreadPoolExecutor.runWorker(ThreadPoolExecutor.java:1149)
	at java.util.concurrent.ThreadPoolExecutor$Worker.run(ThreadPoolExecutor.java:624)
	at java.lang.Thread.run(Thread.java:750)
]]></system-out>
  </testcase>
  <testcase name="testMultipartUploadWithPartsLessThanMinSize" classname="org.apache.hadoop.ozone.client.rpc.TestSecureOzoneRpcClient" time="0.033">
    <system-out><![CDATA[2024-01-26 21:34:37,851 [main] INFO  rpc.RpcClient (RpcClient.java:createVolume(456)) - Creating Volume: 37efc8d2-9bd4-4a60-98c2-172469811ee1, with runner as owner and space quota set to -1 bytes, counts quota set to -1
2024-01-26 21:34:37,852 [om1-OMStateMachineApplyTransactionThread - 0] INFO  volume.OMVolumeCreateRequest (OMVolumeCreateRequest.java:validateAndUpdateCache(198)) - created volume:37efc8d2-9bd4-4a60-98c2-172469811ee1 for user:runner
2024-01-26 21:34:37,854 [main] INFO  rpc.RpcClient (RpcClient.java:createBucket(683)) - Creating Bucket: 37efc8d2-9bd4-4a60-98c2-172469811ee1/49b73c96-f39e-4e4c-93c9-a327c672f8b8, with server-side default bucket layout, runner as owner, Versioning false, Storage Type set to DISK and Encryption set to false, Replication Type set to server-side default replication type, Namespace Quota set to -1, Space Quota set to -1 
2024-01-26 21:34:37,855 [om1-OMStateMachineApplyTransactionThread - 0] INFO  bucket.OMBucketCreateRequest (OMBucketCreateRequest.java:validateAndUpdateCache(292)) - created bucket: 49b73c96-f39e-4e4c-93c9-a327c672f8b8 of layout OBJECT_STORE in volume: 37efc8d2-9bd4-4a60-98c2-172469811ee1
2024-01-26 21:34:37,883 [om1-OMStateMachineApplyTransactionThread - 0] ERROR multipart.S3MultipartUploadCompleteRequest (S3MultipartUploadCompleteRequest.java:getMultipartDataSize(527)) - MultipartUpload: /37efc8d2-9bd4-4a60-98c2-172469811ee1/49b73c96-f39e-4e4c-93c9-a327c672f8b8/9637a3a0-ca43-4593-800a-2ea4cca94acb Part number: 1 size 4  is less than minimum part size 5242880
21:34:37.883 [om1-OMStateMachineApplyTransactionThread - 0] ERROR OMAudit - user=runner | ip=127.0.0.1 | op=COMPLETE_MULTIPART_UPLOAD {volume=37efc8d2-9bd4-4a60-98c2-172469811ee1, bucket=49b73c96-f39e-4e4c-93c9-a327c672f8b8, key=9637a3a0-ca43-4593-800a-2ea4cca94acb, dataSize=0, replicationType=NONE, replicationFactor=ZERO, multipartList=[partNumber: 1 partName: "/37efc8d2-9bd4-4a60-98c2-172469811ee1/49b73c96-f39e-4e4c-93c9-a327c672f8b8/9637a3a0-ca43-4593-800a-2ea4cca94acb-976cdbf9-2d45-44c8-bc39-b81de62ef5bd-111824396475236603-1" , partNumber: 2 partName: "/37efc8d2-9bd4-4a60-98c2-172469811ee1/49b73c96-f39e-4e4c-93c9-a327c672f8b8/9637a3a0-ca43-4593-800a-2ea4cca94acb-976cdbf9-2d45-44c8-bc39-b81de62ef5bd-111824396475236603-2" ]} | ret=FAILURE
org.apache.hadoop.ozone.om.exceptions.OMException: Complete Multipart Upload Failed: volume: 37efc8d2-9bd4-4a60-98c2-172469811ee1 bucket: 49b73c96-f39e-4e4c-93c9-a327c672f8b8 key: 9637a3a0-ca43-4593-800a-2ea4cca94acb. Entity too small.
	at org.apache.hadoop.ozone.om.request.s3.multipart.S3MultipartUploadCompleteRequest.getMultipartDataSize(S3MultipartUploadCompleteRequest.java:531) ~[ozone-manager-1.5.0-SNAPSHOT.jar:?]
	at org.apache.hadoop.ozone.om.request.s3.multipart.S3MultipartUploadCompleteRequest.validateAndUpdateCache(S3MultipartUploadCompleteRequest.java:193) ~[ozone-manager-1.5.0-SNAPSHOT.jar:?]
	at org.apache.hadoop.ozone.protocolPB.OzoneManagerRequestHandler.lambda$0(OzoneManagerRequestHandler.java:403) ~[ozone-manager-1.5.0-SNAPSHOT.jar:?]
	at org.apache.hadoop.util.MetricUtil.captureLatencyNs(MetricUtil.java:45) ~[hdds-common-1.5.0-SNAPSHOT.jar:?]
	at org.apache.hadoop.ozone.protocolPB.OzoneManagerRequestHandler.handleWriteRequest(OzoneManagerRequestHandler.java:399) ~[ozone-manager-1.5.0-SNAPSHOT.jar:?]
	at org.apache.hadoop.ozone.om.ratis.OzoneManagerStateMachine.runCommand(OzoneManagerStateMachine.java:527) ~[ozone-manager-1.5.0-SNAPSHOT.jar:?]
	at org.apache.hadoop.ozone.om.ratis.OzoneManagerStateMachine.lambda$1(OzoneManagerStateMachine.java:345) ~[ozone-manager-1.5.0-SNAPSHOT.jar:?]
	at java.util.concurrent.CompletableFuture$AsyncSupply.run(CompletableFuture.java:1604) [?:1.8.0_392]
	at java.util.concurrent.ThreadPoolExecutor.runWorker(ThreadPoolExecutor.java:1149) [?:1.8.0_392]
	at java.util.concurrent.ThreadPoolExecutor$Worker.run(ThreadPoolExecutor.java:624) [?:1.8.0_392]
	at java.lang.Thread.run(Thread.java:750) [?:1.8.0_392]
2024-01-26 21:34:37,883 [om1-OMStateMachineApplyTransactionThread - 0] ERROR multipart.S3MultipartUploadCompleteRequest (S3MultipartUploadCompleteRequest.java:logResult(347)) - MultipartUpload Complete request failed for Key: 9637a3a0-ca43-4593-800a-2ea4cca94acb in Volume/Bucket 37efc8d2-9bd4-4a60-98c2-172469811ee1/49b73c96-f39e-4e4c-93c9-a327c672f8b8
ENTITY_TOO_SMALL org.apache.hadoop.ozone.om.exceptions.OMException: Complete Multipart Upload Failed: volume: 37efc8d2-9bd4-4a60-98c2-172469811ee1 bucket: 49b73c96-f39e-4e4c-93c9-a327c672f8b8 key: 9637a3a0-ca43-4593-800a-2ea4cca94acb. Entity too small.
	at org.apache.hadoop.ozone.om.request.s3.multipart.S3MultipartUploadCompleteRequest.getMultipartDataSize(S3MultipartUploadCompleteRequest.java:531)
	at org.apache.hadoop.ozone.om.request.s3.multipart.S3MultipartUploadCompleteRequest.validateAndUpdateCache(S3MultipartUploadCompleteRequest.java:193)
	at org.apache.hadoop.ozone.protocolPB.OzoneManagerRequestHandler.lambda$0(OzoneManagerRequestHandler.java:403)
	at org.apache.hadoop.util.MetricUtil.captureLatencyNs(MetricUtil.java:45)
	at org.apache.hadoop.ozone.protocolPB.OzoneManagerRequestHandler.handleWriteRequest(OzoneManagerRequestHandler.java:399)
	at org.apache.hadoop.ozone.om.ratis.OzoneManagerStateMachine.runCommand(OzoneManagerStateMachine.java:527)
	at org.apache.hadoop.ozone.om.ratis.OzoneManagerStateMachine.lambda$1(OzoneManagerStateMachine.java:345)
	at java.util.concurrent.CompletableFuture$AsyncSupply.run(CompletableFuture.java:1604)
	at java.util.concurrent.ThreadPoolExecutor.runWorker(ThreadPoolExecutor.java:1149)
	at java.util.concurrent.ThreadPoolExecutor$Worker.run(ThreadPoolExecutor.java:624)
	at java.lang.Thread.run(Thread.java:750)
]]></system-out>
  </testcase>
  <testcase name="testMultipartUploadWithPartsMisMatchWithIncorrectPartName" classname="org.apache.hadoop.ozone.client.rpc.TestSecureOzoneRpcClient" time="0.021">
    <system-out><![CDATA[2024-01-26 21:34:37,885 [main] INFO  rpc.RpcClient (RpcClient.java:createVolume(456)) - Creating Volume: c2eae4ee-4c90-45a8-8108-a92419d9fefb, with runner as owner and space quota set to -1 bytes, counts quota set to -1
2024-01-26 21:34:37,887 [om1-OMStateMachineApplyTransactionThread - 0] INFO  volume.OMVolumeCreateRequest (OMVolumeCreateRequest.java:validateAndUpdateCache(198)) - created volume:c2eae4ee-4c90-45a8-8108-a92419d9fefb for user:runner
2024-01-26 21:34:37,888 [main] INFO  rpc.RpcClient (RpcClient.java:createBucket(683)) - Creating Bucket: c2eae4ee-4c90-45a8-8108-a92419d9fefb/b7e9cda5-8df4-422e-a318-c851b73d7713, with server-side default bucket layout, runner as owner, Versioning false, Storage Type set to DISK and Encryption set to false, Replication Type set to server-side default replication type, Namespace Quota set to -1, Space Quota set to -1 
2024-01-26 21:34:37,889 [om1-OMStateMachineApplyTransactionThread - 0] INFO  bucket.OMBucketCreateRequest (OMBucketCreateRequest.java:validateAndUpdateCache(292)) - created bucket: b7e9cda5-8df4-422e-a318-c851b73d7713 of layout OBJECT_STORE in volume: c2eae4ee-4c90-45a8-8108-a92419d9fefb
21:34:37.903 [om1-OMStateMachineApplyTransactionThread - 0] ERROR OMAudit - user=runner | ip=127.0.0.1 | op=COMPLETE_MULTIPART_UPLOAD {volume=c2eae4ee-4c90-45a8-8108-a92419d9fefb, bucket=b7e9cda5-8df4-422e-a318-c851b73d7713, key=f1b577b1-dd30-4276-afa4-4cae66ce083a, dataSize=0, replicationType=NONE, replicationFactor=ZERO, multipartList=[partNumber: 1 partName: "8ab453e0-b7d9-43c3-87df-c1257e2bc7d4" ]} | ret=FAILURE
org.apache.hadoop.ozone.om.exceptions.OMException: Complete Multipart Upload Failed: volume: c2eae4ee-4c90-45a8-8108-a92419d9fefb bucket: b7e9cda5-8df4-422e-a318-c851b73d7713 key: f1b577b1-dd30-4276-afa4-4cae66ce083a. Provided Part info is { 8ab453e0-b7d9-43c3-87df-c1257e2bc7d4, 1}, whereas OM has partName /c2eae4ee-4c90-45a8-8108-a92419d9fefb/b7e9cda5-8df4-422e-a318-c851b73d7713/f1b577b1-dd30-4276-afa4-4cae66ce083a-b87e357b-ed00-428b-bf8f-ae005cbbf979-111824396477399294-1
	at org.apache.hadoop.ozone.om.request.s3.multipart.S3MultipartUploadCompleteRequest.getMultipartDataSize(S3MultipartUploadCompleteRequest.java:508) ~[ozone-manager-1.5.0-SNAPSHOT.jar:?]
	at org.apache.hadoop.ozone.om.request.s3.multipart.S3MultipartUploadCompleteRequest.validateAndUpdateCache(S3MultipartUploadCompleteRequest.java:193) ~[ozone-manager-1.5.0-SNAPSHOT.jar:?]
	at org.apache.hadoop.ozone.protocolPB.OzoneManagerRequestHandler.lambda$0(OzoneManagerRequestHandler.java:403) ~[ozone-manager-1.5.0-SNAPSHOT.jar:?]
	at org.apache.hadoop.util.MetricUtil.captureLatencyNs(MetricUtil.java:45) ~[hdds-common-1.5.0-SNAPSHOT.jar:?]
	at org.apache.hadoop.ozone.protocolPB.OzoneManagerRequestHandler.handleWriteRequest(OzoneManagerRequestHandler.java:399) ~[ozone-manager-1.5.0-SNAPSHOT.jar:?]
	at org.apache.hadoop.ozone.om.ratis.OzoneManagerStateMachine.runCommand(OzoneManagerStateMachine.java:527) ~[ozone-manager-1.5.0-SNAPSHOT.jar:?]
	at org.apache.hadoop.ozone.om.ratis.OzoneManagerStateMachine.lambda$1(OzoneManagerStateMachine.java:345) ~[ozone-manager-1.5.0-SNAPSHOT.jar:?]
	at java.util.concurrent.CompletableFuture$AsyncSupply.run(CompletableFuture.java:1604) [?:1.8.0_392]
	at java.util.concurrent.ThreadPoolExecutor.runWorker(ThreadPoolExecutor.java:1149) [?:1.8.0_392]
	at java.util.concurrent.ThreadPoolExecutor$Worker.run(ThreadPoolExecutor.java:624) [?:1.8.0_392]
	at java.lang.Thread.run(Thread.java:750) [?:1.8.0_392]
2024-01-26 21:34:37,904 [om1-OMStateMachineApplyTransactionThread - 0] ERROR multipart.S3MultipartUploadCompleteRequest (S3MultipartUploadCompleteRequest.java:logResult(347)) - MultipartUpload Complete request failed for Key: f1b577b1-dd30-4276-afa4-4cae66ce083a in Volume/Bucket c2eae4ee-4c90-45a8-8108-a92419d9fefb/b7e9cda5-8df4-422e-a318-c851b73d7713
INVALID_PART org.apache.hadoop.ozone.om.exceptions.OMException: Complete Multipart Upload Failed: volume: c2eae4ee-4c90-45a8-8108-a92419d9fefb bucket: b7e9cda5-8df4-422e-a318-c851b73d7713 key: f1b577b1-dd30-4276-afa4-4cae66ce083a. Provided Part info is { 8ab453e0-b7d9-43c3-87df-c1257e2bc7d4, 1}, whereas OM has partName /c2eae4ee-4c90-45a8-8108-a92419d9fefb/b7e9cda5-8df4-422e-a318-c851b73d7713/f1b577b1-dd30-4276-afa4-4cae66ce083a-b87e357b-ed00-428b-bf8f-ae005cbbf979-111824396477399294-1
	at org.apache.hadoop.ozone.om.request.s3.multipart.S3MultipartUploadCompleteRequest.getMultipartDataSize(S3MultipartUploadCompleteRequest.java:508)
	at org.apache.hadoop.ozone.om.request.s3.multipart.S3MultipartUploadCompleteRequest.validateAndUpdateCache(S3MultipartUploadCompleteRequest.java:193)
	at org.apache.hadoop.ozone.protocolPB.OzoneManagerRequestHandler.lambda$0(OzoneManagerRequestHandler.java:403)
	at org.apache.hadoop.util.MetricUtil.captureLatencyNs(MetricUtil.java:45)
	at org.apache.hadoop.ozone.protocolPB.OzoneManagerRequestHandler.handleWriteRequest(OzoneManagerRequestHandler.java:399)
	at org.apache.hadoop.ozone.om.ratis.OzoneManagerStateMachine.runCommand(OzoneManagerStateMachine.java:527)
	at org.apache.hadoop.ozone.om.ratis.OzoneManagerStateMachine.lambda$1(OzoneManagerStateMachine.java:345)
	at java.util.concurrent.CompletableFuture$AsyncSupply.run(CompletableFuture.java:1604)
	at java.util.concurrent.ThreadPoolExecutor.runWorker(ThreadPoolExecutor.java:1149)
	at java.util.concurrent.ThreadPoolExecutor$Worker.run(ThreadPoolExecutor.java:624)
	at java.lang.Thread.run(Thread.java:750)
]]></system-out>
  </testcase>
  <testcase name="testMultipartUploadWithPartsMisMatchWithListSizeDifferent" classname="org.apache.hadoop.ozone.client.rpc.TestSecureOzoneRpcClient" time="0.009">
    <system-out><![CDATA[2024-01-26 21:34:37,906 [main] INFO  rpc.RpcClient (RpcClient.java:createVolume(456)) - Creating Volume: c501834a-cf18-4097-af23-25f981024dba, with runner as owner and space quota set to -1 bytes, counts quota set to -1
2024-01-26 21:34:37,908 [om1-OMStateMachineApplyTransactionThread - 0] INFO  volume.OMVolumeCreateRequest (OMVolumeCreateRequest.java:validateAndUpdateCache(198)) - created volume:c501834a-cf18-4097-af23-25f981024dba for user:runner
2024-01-26 21:34:37,909 [main] INFO  rpc.RpcClient (RpcClient.java:createBucket(683)) - Creating Bucket: c501834a-cf18-4097-af23-25f981024dba/955e4c4a-7848-433f-b1c7-56efe930dfa7, with server-side default bucket layout, runner as owner, Versioning false, Storage Type set to DISK and Encryption set to false, Replication Type set to server-side default replication type, Namespace Quota set to -1, Space Quota set to -1 
2024-01-26 21:34:37,910 [om1-OMStateMachineApplyTransactionThread - 0] INFO  bucket.OMBucketCreateRequest (OMBucketCreateRequest.java:validateAndUpdateCache(292)) - created bucket: 955e4c4a-7848-433f-b1c7-56efe930dfa7 of layout OBJECT_STORE in volume: c501834a-cf18-4097-af23-25f981024dba
2024-01-26 21:34:37,914 [om1-OMStateMachineApplyTransactionThread - 0] ERROR multipart.S3MultipartUploadCompleteRequest (S3MultipartUploadCompleteRequest.java:validateAndUpdateCache(179)) - Complete MultipartUpload failed for key /c501834a-cf18-4097-af23-25f981024dba/955e4c4a-7848-433f-b1c7-56efe930dfa7/24d90b10-1035-42c7-9d09-4f584c4f14a1 , MPU Key has no parts in OM, parts given to upload are [partNumber: 1
partName: "8483c821-fbaa-4a01-b216-99f51063b87c"
]
21:34:37.914 [om1-OMStateMachineApplyTransactionThread - 0] ERROR OMAudit - user=runner | ip=127.0.0.1 | op=COMPLETE_MULTIPART_UPLOAD {volume=c501834a-cf18-4097-af23-25f981024dba, bucket=955e4c4a-7848-433f-b1c7-56efe930dfa7, key=24d90b10-1035-42c7-9d09-4f584c4f14a1, dataSize=0, replicationType=NONE, replicationFactor=ZERO, multipartList=[partNumber: 1 partName: "8483c821-fbaa-4a01-b216-99f51063b87c" ]} | ret=FAILURE
org.apache.hadoop.ozone.om.exceptions.OMException: Complete Multipart Upload Failed: volume: c501834a-cf18-4097-af23-25f981024dba bucket: 955e4c4a-7848-433f-b1c7-56efe930dfa7 key: 24d90b10-1035-42c7-9d09-4f584c4f14a1
	at org.apache.hadoop.ozone.om.request.s3.multipart.S3MultipartUploadCompleteRequest.validateAndUpdateCache(S3MultipartUploadCompleteRequest.java:182) ~[ozone-manager-1.5.0-SNAPSHOT.jar:?]
	at org.apache.hadoop.ozone.protocolPB.OzoneManagerRequestHandler.lambda$0(OzoneManagerRequestHandler.java:403) ~[ozone-manager-1.5.0-SNAPSHOT.jar:?]
	at org.apache.hadoop.util.MetricUtil.captureLatencyNs(MetricUtil.java:45) ~[hdds-common-1.5.0-SNAPSHOT.jar:?]
	at org.apache.hadoop.ozone.protocolPB.OzoneManagerRequestHandler.handleWriteRequest(OzoneManagerRequestHandler.java:399) ~[ozone-manager-1.5.0-SNAPSHOT.jar:?]
	at org.apache.hadoop.ozone.om.ratis.OzoneManagerStateMachine.runCommand(OzoneManagerStateMachine.java:527) ~[ozone-manager-1.5.0-SNAPSHOT.jar:?]
	at org.apache.hadoop.ozone.om.ratis.OzoneManagerStateMachine.lambda$1(OzoneManagerStateMachine.java:345) ~[ozone-manager-1.5.0-SNAPSHOT.jar:?]
	at java.util.concurrent.CompletableFuture$AsyncSupply.run(CompletableFuture.java:1604) [?:1.8.0_392]
	at java.util.concurrent.ThreadPoolExecutor.runWorker(ThreadPoolExecutor.java:1149) [?:1.8.0_392]
	at java.util.concurrent.ThreadPoolExecutor$Worker.run(ThreadPoolExecutor.java:624) [?:1.8.0_392]
	at java.lang.Thread.run(Thread.java:750) [?:1.8.0_392]
2024-01-26 21:34:37,914 [om1-OMStateMachineApplyTransactionThread - 0] ERROR multipart.S3MultipartUploadCompleteRequest (S3MultipartUploadCompleteRequest.java:logResult(347)) - MultipartUpload Complete request failed for Key: 24d90b10-1035-42c7-9d09-4f584c4f14a1 in Volume/Bucket c501834a-cf18-4097-af23-25f981024dba/955e4c4a-7848-433f-b1c7-56efe930dfa7
INVALID_PART org.apache.hadoop.ozone.om.exceptions.OMException: Complete Multipart Upload Failed: volume: c501834a-cf18-4097-af23-25f981024dba bucket: 955e4c4a-7848-433f-b1c7-56efe930dfa7 key: 24d90b10-1035-42c7-9d09-4f584c4f14a1
	at org.apache.hadoop.ozone.om.request.s3.multipart.S3MultipartUploadCompleteRequest.validateAndUpdateCache(S3MultipartUploadCompleteRequest.java:182)
	at org.apache.hadoop.ozone.protocolPB.OzoneManagerRequestHandler.lambda$0(OzoneManagerRequestHandler.java:403)
	at org.apache.hadoop.util.MetricUtil.captureLatencyNs(MetricUtil.java:45)
	at org.apache.hadoop.ozone.protocolPB.OzoneManagerRequestHandler.handleWriteRequest(OzoneManagerRequestHandler.java:399)
	at org.apache.hadoop.ozone.om.ratis.OzoneManagerStateMachine.runCommand(OzoneManagerStateMachine.java:527)
	at org.apache.hadoop.ozone.om.ratis.OzoneManagerStateMachine.lambda$1(OzoneManagerStateMachine.java:345)
	at java.util.concurrent.CompletableFuture$AsyncSupply.run(CompletableFuture.java:1604)
	at java.util.concurrent.ThreadPoolExecutor.runWorker(ThreadPoolExecutor.java:1149)
	at java.util.concurrent.ThreadPoolExecutor$Worker.run(ThreadPoolExecutor.java:624)
	at java.lang.Thread.run(Thread.java:750)
]]></system-out>
  </testcase>
  <testcase name="testNativeAclsForBucket" classname="org.apache.hadoop.ozone.client.rpc.TestSecureOzoneRpcClient" time="0.064">
    <system-out><![CDATA[2024-01-26 21:34:37,916 [main] INFO  rpc.RpcClient (RpcClient.java:createVolume(456)) - Creating Volume: a48bbdd3-d27c-4ce0-a9ab-075273ab82ce, with runner as owner and space quota set to -1 bytes, counts quota set to -1
2024-01-26 21:34:37,917 [om1-OMStateMachineApplyTransactionThread - 0] INFO  volume.OMVolumeCreateRequest (OMVolumeCreateRequest.java:validateAndUpdateCache(198)) - created volume:a48bbdd3-d27c-4ce0-a9ab-075273ab82ce for user:runner
2024-01-26 21:34:37,918 [main] INFO  rpc.RpcClient (RpcClient.java:createBucket(683)) - Creating Bucket: a48bbdd3-d27c-4ce0-a9ab-075273ab82ce/c5ad5819-a388-41c9-956a-6555d38084d7, with server-side default bucket layout, runner as owner, Versioning false, Storage Type set to DISK and Encryption set to false, Replication Type set to server-side default replication type, Namespace Quota set to -1, Space Quota set to -1 
2024-01-26 21:34:37,919 [om1-OMStateMachineApplyTransactionThread - 0] INFO  bucket.OMBucketCreateRequest (OMBucketCreateRequest.java:validateAndUpdateCache(292)) - created bucket: c5ad5819-a388-41c9-956a-6555d38084d7 of layout OBJECT_STORE in volume: a48bbdd3-d27c-4ce0-a9ab-075273ab82ce
2024-01-26 21:34:37,976 [main] INFO  rpc.RpcClient (RpcClient.java:createBucket(683)) - Creating Bucket: a48bbdd3-d27c-4ce0-a9ab-075273ab82ce/c5ad5819-a388-41c9-956a-6555d38084d7, with server-side default bucket layout, runner as owner, Versioning false, Storage Type set to DISK and Encryption set to false, Replication Type set to server-side default replication type, Namespace Quota set to -1, Space Quota set to -1 
2024-01-26 21:34:37,977 [om1-OMStateMachineApplyTransactionThread - 0] INFO  bucket.OMBucketCreateRequest (OMBucketCreateRequest.java:validateAndUpdateCache(292)) - created bucket: c5ad5819-a388-41c9-956a-6555d38084d7 of layout OBJECT_STORE in volume: a48bbdd3-d27c-4ce0-a9ab-075273ab82ce
]]></system-out>
  </testcase>
  <testcase name="testNativeAclsForKey" classname="org.apache.hadoop.ozone.client.rpc.TestSecureOzoneRpcClient" time="0.159">
    <system-out><![CDATA[2024-01-26 21:34:37,980 [main] INFO  rpc.RpcClient (RpcClient.java:createVolume(456)) - Creating Volume: 213c595f-80e0-4a0b-9b12-5152627e58d0, with runner as owner and space quota set to -1 bytes, counts quota set to -1
2024-01-26 21:34:37,981 [om1-OMStateMachineApplyTransactionThread - 0] INFO  volume.OMVolumeCreateRequest (OMVolumeCreateRequest.java:validateAndUpdateCache(198)) - created volume:213c595f-80e0-4a0b-9b12-5152627e58d0 for user:runner
2024-01-26 21:34:37,982 [main] INFO  rpc.RpcClient (RpcClient.java:createBucket(683)) - Creating Bucket: 213c595f-80e0-4a0b-9b12-5152627e58d0/9a36014e-b2bc-4f51-9ac0-63a9a8ffe7bd, with server-side default bucket layout, runner as owner, Versioning false, Storage Type set to DISK and Encryption set to false, Replication Type set to server-side default replication type, Namespace Quota set to -1, Space Quota set to -1 
2024-01-26 21:34:37,982 [om1-OMStateMachineApplyTransactionThread - 0] INFO  bucket.OMBucketCreateRequest (OMBucketCreateRequest.java:validateAndUpdateCache(292)) - created bucket: 9a36014e-b2bc-4f51-9ac0-63a9a8ffe7bd of layout OBJECT_STORE in volume: 213c595f-80e0-4a0b-9b12-5152627e58d0
]]></system-out>
  </testcase>
  <testcase name="testNativeAclsForPrefix" classname="org.apache.hadoop.ozone.client.rpc.TestSecureOzoneRpcClient" time="0.066">
    <system-out><![CDATA[2024-01-26 21:34:38,139 [main] INFO  rpc.RpcClient (RpcClient.java:createVolume(456)) - Creating Volume: b427a8a2-90cb-49fd-825b-a959d2a58f12, with runner as owner and space quota set to -1 bytes, counts quota set to -1
2024-01-26 21:34:38,140 [om1-OMStateMachineApplyTransactionThread - 0] INFO  volume.OMVolumeCreateRequest (OMVolumeCreateRequest.java:validateAndUpdateCache(198)) - created volume:b427a8a2-90cb-49fd-825b-a959d2a58f12 for user:runner
2024-01-26 21:34:38,141 [main] INFO  rpc.RpcClient (RpcClient.java:createBucket(683)) - Creating Bucket: b427a8a2-90cb-49fd-825b-a959d2a58f12/96f7d795-0db0-4bea-ad81-ad18ecae273b, with server-side default bucket layout, runner as owner, Versioning false, Storage Type set to DISK and Encryption set to false, Replication Type set to server-side default replication type, Namespace Quota set to -1, Space Quota set to -1 
2024-01-26 21:34:38,142 [om1-OMStateMachineApplyTransactionThread - 0] INFO  bucket.OMBucketCreateRequest (OMBucketCreateRequest.java:validateAndUpdateCache(292)) - created bucket: 96f7d795-0db0-4bea-ad81-ad18ecae273b of layout OBJECT_STORE in volume: b427a8a2-90cb-49fd-825b-a959d2a58f12
]]></system-out>
  </testcase>
  <testcase name="testNativeAclsForVolume" classname="org.apache.hadoop.ozone.client.rpc.TestSecureOzoneRpcClient" time="0.041">
    <system-out><![CDATA[2024-01-26 21:34:38,206 [main] INFO  rpc.RpcClient (RpcClient.java:createVolume(456)) - Creating Volume: d5a40480-7a0d-4392-946f-b2780f8af24f, with runner as owner and space quota set to -1 bytes, counts quota set to -1
2024-01-26 21:34:38,207 [om1-OMStateMachineApplyTransactionThread - 0] INFO  volume.OMVolumeCreateRequest (OMVolumeCreateRequest.java:validateAndUpdateCache(198)) - created volume:d5a40480-7a0d-4392-946f-b2780f8af24f for user:runner
]]></system-out>
  </testcase>
  <testcase name="testNoSuchUploadError" classname="org.apache.hadoop.ozone.client.rpc.TestSecureOzoneRpcClient" time="0.007">
    <system-out><![CDATA[2024-01-26 21:34:38,246 [main] INFO  rpc.RpcClient (RpcClient.java:createVolume(456)) - Creating Volume: 14a0da8f-d635-4128-9020-591b4973deee, with runner as owner and space quota set to -1 bytes, counts quota set to -1
2024-01-26 21:34:38,248 [om1-OMStateMachineApplyTransactionThread - 0] INFO  volume.OMVolumeCreateRequest (OMVolumeCreateRequest.java:validateAndUpdateCache(198)) - created volume:14a0da8f-d635-4128-9020-591b4973deee for user:runner
2024-01-26 21:34:38,249 [main] INFO  rpc.RpcClient (RpcClient.java:createBucket(683)) - Creating Bucket: 14a0da8f-d635-4128-9020-591b4973deee/91975660-d2ee-4ef1-b35d-44f94e124bf9, with server-side default bucket layout, runner as owner, Versioning false, Storage Type set to DISK and Encryption set to false, Replication Type set to server-side default replication type, Namespace Quota set to -1, Space Quota set to -1 
2024-01-26 21:34:38,250 [om1-OMStateMachineApplyTransactionThread - 0] INFO  bucket.OMBucketCreateRequest (OMBucketCreateRequest.java:validateAndUpdateCache(292)) - created bucket: 91975660-d2ee-4ef1-b35d-44f94e124bf9 of layout OBJECT_STORE in volume: 14a0da8f-d635-4128-9020-591b4973deee
21:34:38.252 [om1-OMStateMachineApplyTransactionThread - 0] ERROR OMAudit - user=runner | ip=127.0.0.1 | op=ALLOCATE_KEY {volume=14a0da8f-d635-4128-9020-591b4973deee, bucket=91975660-d2ee-4ef1-b35d-44f94e124bf9, key=7916c3fb-1d3d-4624-a069-c4e6d229c139, dataSize=12, replicationType=NONE, replicationFactor=ZERO} | ret=FAILURE
org.apache.hadoop.ozone.om.exceptions.OMException: No such Multipart upload is with specified uploadId random
	at org.apache.hadoop.ozone.om.request.key.OMKeyRequest.prepareMultipartFileInfo(OMKeyRequest.java:871) ~[ozone-manager-1.5.0-SNAPSHOT.jar:?]
	at org.apache.hadoop.ozone.om.request.key.OMKeyRequest.prepareFileInfo(OMKeyRequest.java:751) ~[ozone-manager-1.5.0-SNAPSHOT.jar:?]
	at org.apache.hadoop.ozone.om.request.key.OMKeyRequest.prepareKeyInfo(OMKeyRequest.java:728) ~[ozone-manager-1.5.0-SNAPSHOT.jar:?]
	at org.apache.hadoop.ozone.om.request.key.OMKeyCreateRequest.validateAndUpdateCache(OMKeyCreateRequest.java:278) ~[ozone-manager-1.5.0-SNAPSHOT.jar:?]
	at org.apache.hadoop.ozone.protocolPB.OzoneManagerRequestHandler.lambda$0(OzoneManagerRequestHandler.java:403) ~[ozone-manager-1.5.0-SNAPSHOT.jar:?]
	at org.apache.hadoop.util.MetricUtil.captureLatencyNs(MetricUtil.java:45) ~[hdds-common-1.5.0-SNAPSHOT.jar:?]
	at org.apache.hadoop.ozone.protocolPB.OzoneManagerRequestHandler.handleWriteRequest(OzoneManagerRequestHandler.java:399) ~[ozone-manager-1.5.0-SNAPSHOT.jar:?]
	at org.apache.hadoop.ozone.om.ratis.OzoneManagerStateMachine.runCommand(OzoneManagerStateMachine.java:527) ~[ozone-manager-1.5.0-SNAPSHOT.jar:?]
	at org.apache.hadoop.ozone.om.ratis.OzoneManagerStateMachine.lambda$1(OzoneManagerStateMachine.java:345) ~[ozone-manager-1.5.0-SNAPSHOT.jar:?]
	at java.util.concurrent.CompletableFuture$AsyncSupply.run(CompletableFuture.java:1604) [?:1.8.0_392]
	at java.util.concurrent.ThreadPoolExecutor.runWorker(ThreadPoolExecutor.java:1149) [?:1.8.0_392]
	at java.util.concurrent.ThreadPoolExecutor$Worker.run(ThreadPoolExecutor.java:624) [?:1.8.0_392]
	at java.lang.Thread.run(Thread.java:750) [?:1.8.0_392]
2024-01-26 21:34:38,252 [om1-OMStateMachineApplyTransactionThread - 0] ERROR key.OMKeyCreateRequest (OMKeyCreateRequest.java:logResult(382)) - Key creation failed. Volume:14a0da8f-d635-4128-9020-591b4973deee, Bucket:91975660-d2ee-4ef1-b35d-44f94e124bf9, Key:7916c3fb-1d3d-4624-a069-c4e6d229c139. 
NO_SUCH_MULTIPART_UPLOAD_ERROR org.apache.hadoop.ozone.om.exceptions.OMException: No such Multipart upload is with specified uploadId random
	at org.apache.hadoop.ozone.om.request.key.OMKeyRequest.prepareMultipartFileInfo(OMKeyRequest.java:871)
	at org.apache.hadoop.ozone.om.request.key.OMKeyRequest.prepareFileInfo(OMKeyRequest.java:751)
	at org.apache.hadoop.ozone.om.request.key.OMKeyRequest.prepareKeyInfo(OMKeyRequest.java:728)
	at org.apache.hadoop.ozone.om.request.key.OMKeyCreateRequest.validateAndUpdateCache(OMKeyCreateRequest.java:278)
	at org.apache.hadoop.ozone.protocolPB.OzoneManagerRequestHandler.lambda$0(OzoneManagerRequestHandler.java:403)
	at org.apache.hadoop.util.MetricUtil.captureLatencyNs(MetricUtil.java:45)
	at org.apache.hadoop.ozone.protocolPB.OzoneManagerRequestHandler.handleWriteRequest(OzoneManagerRequestHandler.java:399)
	at org.apache.hadoop.ozone.om.ratis.OzoneManagerStateMachine.runCommand(OzoneManagerStateMachine.java:527)
	at org.apache.hadoop.ozone.om.ratis.OzoneManagerStateMachine.lambda$1(OzoneManagerStateMachine.java:345)
	at java.util.concurrent.CompletableFuture$AsyncSupply.run(CompletableFuture.java:1604)
	at java.util.concurrent.ThreadPoolExecutor.runWorker(ThreadPoolExecutor.java:1149)
	at java.util.concurrent.ThreadPoolExecutor$Worker.run(ThreadPoolExecutor.java:624)
	at java.lang.Thread.run(Thread.java:750)
]]></system-out>
  </testcase>
  <testcase name="testOMClientProxyProvider" classname="org.apache.hadoop.ozone.client.rpc.TestSecureOzoneRpcClient" time="0.001"/>
  <testcase name="testPutKey" classname="org.apache.hadoop.ozone.client.rpc.TestSecureOzoneRpcClient" time="0.156">
    <system-out><![CDATA[2024-01-26 21:34:38,257 [main] INFO  rpc.RpcClient (RpcClient.java:createVolume(456)) - Creating Volume: bb98dda4-1fce-4877-897f-d76959afd2ec, with runner as owner and space quota set to -1 bytes, counts quota set to -1
2024-01-26 21:34:38,260 [om1-OMStateMachineApplyTransactionThread - 0] INFO  volume.OMVolumeCreateRequest (OMVolumeCreateRequest.java:validateAndUpdateCache(198)) - created volume:bb98dda4-1fce-4877-897f-d76959afd2ec for user:runner
2024-01-26 21:34:38,260 [main] INFO  rpc.RpcClient (RpcClient.java:createBucket(683)) - Creating Bucket: bb98dda4-1fce-4877-897f-d76959afd2ec/e3552148-d6fe-489a-9858-39eb5a803eb7, with server-side default bucket layout, runner as owner, Versioning false, Storage Type set to DISK and Encryption set to false, Replication Type set to server-side default replication type, Namespace Quota set to -1, Space Quota set to -1 
2024-01-26 21:34:38,262 [om1-OMStateMachineApplyTransactionThread - 0] INFO  bucket.OMBucketCreateRequest (OMBucketCreateRequest.java:validateAndUpdateCache(292)) - created bucket: e3552148-d6fe-489a-9858-39eb5a803eb7 of layout OBJECT_STORE in volume: bb98dda4-1fce-4877-897f-d76959afd2ec
2024-01-26 21:34:38,271 [IPC Server handler 69 on default port 15001] WARN  node.SCMNodeManager (SCMNodeManager.java:getNodesByAddress(1549)) - Cannot find node for address 127.0.0.1
2024-01-26 21:34:38,272 [IPC Server handler 66 on default port 15001] WARN  node.SCMNodeManager (SCMNodeManager.java:getNodesByAddress(1549)) - Cannot find node for address 127.0.0.1
2024-01-26 21:34:38,284 [IPC Server handler 73 on default port 15001] WARN  node.SCMNodeManager (SCMNodeManager.java:getNodesByAddress(1549)) - Cannot find node for address 127.0.0.1
2024-01-26 21:34:38,286 [IPC Server handler 64 on default port 15001] WARN  node.SCMNodeManager (SCMNodeManager.java:getNodesByAddress(1549)) - Cannot find node for address 127.0.0.1
2024-01-26 21:34:38,299 [IPC Server handler 62 on default port 15001] WARN  node.SCMNodeManager (SCMNodeManager.java:getNodesByAddress(1549)) - Cannot find node for address 127.0.0.1
2024-01-26 21:34:38,301 [IPC Server handler 68 on default port 15001] WARN  node.SCMNodeManager (SCMNodeManager.java:getNodesByAddress(1549)) - Cannot find node for address 127.0.0.1
2024-01-26 21:34:38,314 [IPC Server handler 49 on default port 15001] WARN  node.SCMNodeManager (SCMNodeManager.java:getNodesByAddress(1549)) - Cannot find node for address 127.0.0.1
2024-01-26 21:34:38,315 [IPC Server handler 58 on default port 15001] WARN  node.SCMNodeManager (SCMNodeManager.java:getNodesByAddress(1549)) - Cannot find node for address 127.0.0.1
2024-01-26 21:34:38,328 [IPC Server handler 38 on default port 15001] WARN  node.SCMNodeManager (SCMNodeManager.java:getNodesByAddress(1549)) - Cannot find node for address 127.0.0.1
2024-01-26 21:34:38,330 [IPC Server handler 44 on default port 15001] WARN  node.SCMNodeManager (SCMNodeManager.java:getNodesByAddress(1549)) - Cannot find node for address 127.0.0.1
2024-01-26 21:34:38,341 [IPC Server handler 25 on default port 15001] WARN  node.SCMNodeManager (SCMNodeManager.java:getNodesByAddress(1549)) - Cannot find node for address 127.0.0.1
2024-01-26 21:34:38,343 [IPC Server handler 60 on default port 15001] WARN  node.SCMNodeManager (SCMNodeManager.java:getNodesByAddress(1549)) - Cannot find node for address 127.0.0.1
2024-01-26 21:34:38,354 [IPC Server handler 50 on default port 15001] WARN  node.SCMNodeManager (SCMNodeManager.java:getNodesByAddress(1549)) - Cannot find node for address 127.0.0.1
2024-01-26 21:34:38,355 [IPC Server handler 77 on default port 15001] WARN  node.SCMNodeManager (SCMNodeManager.java:getNodesByAddress(1549)) - Cannot find node for address 127.0.0.1
2024-01-26 21:34:38,369 [IPC Server handler 59 on default port 15001] WARN  node.SCMNodeManager (SCMNodeManager.java:getNodesByAddress(1549)) - Cannot find node for address 127.0.0.1
2024-01-26 21:34:38,371 [IPC Server handler 21 on default port 15001] WARN  node.SCMNodeManager (SCMNodeManager.java:getNodesByAddress(1549)) - Cannot find node for address 127.0.0.1
2024-01-26 21:34:38,387 [IPC Server handler 34 on default port 15001] WARN  node.SCMNodeManager (SCMNodeManager.java:getNodesByAddress(1549)) - Cannot find node for address 127.0.0.1
2024-01-26 21:34:38,389 [IPC Server handler 67 on default port 15001] WARN  node.SCMNodeManager (SCMNodeManager.java:getNodesByAddress(1549)) - Cannot find node for address 127.0.0.1
2024-01-26 21:34:38,402 [IPC Server handler 30 on default port 15001] WARN  node.SCMNodeManager (SCMNodeManager.java:getNodesByAddress(1549)) - Cannot find node for address 127.0.0.1
2024-01-26 21:34:38,404 [IPC Server handler 84 on default port 15001] WARN  node.SCMNodeManager (SCMNodeManager.java:getNodesByAddress(1549)) - Cannot find node for address 127.0.0.1
]]></system-out>
  </testcase>
  <testcase name="testPutKeyRatisOneNode" classname="org.apache.hadoop.ozone.client.rpc.TestSecureOzoneRpcClient" time="0.186">
    <system-out><![CDATA[2024-01-26 21:34:38,414 [main] INFO  rpc.RpcClient (RpcClient.java:createVolume(456)) - Creating Volume: ce0932ed-59c8-4a0f-b091-8062df5828ad, with runner as owner and space quota set to -1 bytes, counts quota set to -1
2024-01-26 21:34:38,415 [om1-OMStateMachineApplyTransactionThread - 0] INFO  volume.OMVolumeCreateRequest (OMVolumeCreateRequest.java:validateAndUpdateCache(198)) - created volume:ce0932ed-59c8-4a0f-b091-8062df5828ad for user:runner
2024-01-26 21:34:38,417 [main] INFO  rpc.RpcClient (RpcClient.java:createBucket(683)) - Creating Bucket: ce0932ed-59c8-4a0f-b091-8062df5828ad/5b5f5080-f894-482d-a5db-d13f25f920f5, with server-side default bucket layout, runner as owner, Versioning false, Storage Type set to DISK and Encryption set to false, Replication Type set to server-side default replication type, Namespace Quota set to -1, Space Quota set to -1 
2024-01-26 21:34:38,418 [om1-OMStateMachineApplyTransactionThread - 0] INFO  bucket.OMBucketCreateRequest (OMBucketCreateRequest.java:validateAndUpdateCache(292)) - created bucket: 5b5f5080-f894-482d-a5db-d13f25f920f5 of layout OBJECT_STORE in volume: ce0932ed-59c8-4a0f-b091-8062df5828ad
2024-01-26 21:34:38,427 [IPC Server handler 88 on default port 15001] WARN  node.SCMNodeManager (SCMNodeManager.java:getNodesByAddress(1549)) - Cannot find node for address 127.0.0.1
2024-01-26 21:34:38,429 [IPC Server handler 35 on default port 15001] WARN  node.SCMNodeManager (SCMNodeManager.java:getNodesByAddress(1549)) - Cannot find node for address 127.0.0.1
2024-01-26 21:34:38,447 [IPC Server handler 16 on default port 15001] WARN  node.SCMNodeManager (SCMNodeManager.java:getNodesByAddress(1549)) - Cannot find node for address 127.0.0.1
2024-01-26 21:34:38,449 [IPC Server handler 48 on default port 15001] WARN  node.SCMNodeManager (SCMNodeManager.java:getNodesByAddress(1549)) - Cannot find node for address 127.0.0.1
2024-01-26 21:34:38,464 [IPC Server handler 15 on default port 15001] WARN  node.SCMNodeManager (SCMNodeManager.java:getNodesByAddress(1549)) - Cannot find node for address 127.0.0.1
2024-01-26 21:34:38,466 [IPC Server handler 26 on default port 15001] WARN  node.SCMNodeManager (SCMNodeManager.java:getNodesByAddress(1549)) - Cannot find node for address 127.0.0.1
2024-01-26 21:34:38,490 [IPC Server handler 20 on default port 15001] WARN  node.SCMNodeManager (SCMNodeManager.java:getNodesByAddress(1549)) - Cannot find node for address 127.0.0.1
2024-01-26 21:34:38,491 [IPC Server handler 54 on default port 15001] WARN  node.SCMNodeManager (SCMNodeManager.java:getNodesByAddress(1549)) - Cannot find node for address 127.0.0.1
2024-01-26 21:34:38,509 [IPC Server handler 46 on default port 15001] WARN  node.SCMNodeManager (SCMNodeManager.java:getNodesByAddress(1549)) - Cannot find node for address 127.0.0.1
2024-01-26 21:34:38,513 [IPC Server handler 61 on default port 15001] WARN  node.SCMNodeManager (SCMNodeManager.java:getNodesByAddress(1549)) - Cannot find node for address 127.0.0.1
2024-01-26 21:34:38,526 [IPC Server handler 90 on default port 15001] WARN  node.SCMNodeManager (SCMNodeManager.java:getNodesByAddress(1549)) - Cannot find node for address 127.0.0.1
2024-01-26 21:34:38,528 [IPC Server handler 80 on default port 15001] WARN  node.SCMNodeManager (SCMNodeManager.java:getNodesByAddress(1549)) - Cannot find node for address 127.0.0.1
2024-01-26 21:34:38,543 [IPC Server handler 87 on default port 15001] WARN  node.SCMNodeManager (SCMNodeManager.java:getNodesByAddress(1549)) - Cannot find node for address 127.0.0.1
2024-01-26 21:34:38,545 [IPC Server handler 85 on default port 15001] WARN  node.SCMNodeManager (SCMNodeManager.java:getNodesByAddress(1549)) - Cannot find node for address 127.0.0.1
2024-01-26 21:34:38,560 [IPC Server handler 52 on default port 15001] WARN  node.SCMNodeManager (SCMNodeManager.java:getNodesByAddress(1549)) - Cannot find node for address 127.0.0.1
2024-01-26 21:34:38,561 [IPC Server handler 78 on default port 15001] WARN  node.SCMNodeManager (SCMNodeManager.java:getNodesByAddress(1549)) - Cannot find node for address 127.0.0.1
2024-01-26 21:34:38,577 [IPC Server handler 94 on default port 15001] WARN  node.SCMNodeManager (SCMNodeManager.java:getNodesByAddress(1549)) - Cannot find node for address 127.0.0.1
2024-01-26 21:34:38,579 [IPC Server handler 81 on default port 15001] WARN  node.SCMNodeManager (SCMNodeManager.java:getNodesByAddress(1549)) - Cannot find node for address 127.0.0.1
2024-01-26 21:34:38,592 [IPC Server handler 89 on default port 15001] WARN  node.SCMNodeManager (SCMNodeManager.java:getNodesByAddress(1549)) - Cannot find node for address 127.0.0.1
2024-01-26 21:34:38,594 [IPC Server handler 97 on default port 15001] WARN  node.SCMNodeManager (SCMNodeManager.java:getNodesByAddress(1549)) - Cannot find node for address 127.0.0.1
]]></system-out>
  </testcase>
  <testcase name="testPutKeyRatisThreeNodes" classname="org.apache.hadoop.ozone.client.rpc.TestSecureOzoneRpcClient" time="0.281">
    <system-out><![CDATA[2024-01-26 21:34:38,600 [main] INFO  rpc.RpcClient (RpcClient.java:createVolume(456)) - Creating Volume: 672d4346-e263-458c-86a9-a0637b04ba41, with runner as owner and space quota set to -1 bytes, counts quota set to -1
2024-01-26 21:34:38,602 [om1-OMStateMachineApplyTransactionThread - 0] INFO  volume.OMVolumeCreateRequest (OMVolumeCreateRequest.java:validateAndUpdateCache(198)) - created volume:672d4346-e263-458c-86a9-a0637b04ba41 for user:runner
2024-01-26 21:34:38,603 [main] INFO  rpc.RpcClient (RpcClient.java:createBucket(683)) - Creating Bucket: 672d4346-e263-458c-86a9-a0637b04ba41/06bb550f-60fd-445b-876a-f49e0f057a84, with server-side default bucket layout, runner as owner, Versioning false, Storage Type set to DISK and Encryption set to false, Replication Type set to server-side default replication type, Namespace Quota set to -1, Space Quota set to -1 
2024-01-26 21:34:38,604 [om1-OMStateMachineApplyTransactionThread - 0] INFO  bucket.OMBucketCreateRequest (OMBucketCreateRequest.java:validateAndUpdateCache(292)) - created bucket: 06bb550f-60fd-445b-876a-f49e0f057a84 of layout OBJECT_STORE in volume: 672d4346-e263-458c-86a9-a0637b04ba41
2024-01-26 21:34:38,618 [IPC Server handler 51 on default port 15001] WARN  node.SCMNodeManager (SCMNodeManager.java:getNodesByAddress(1549)) - Cannot find node for address 127.0.0.1
2024-01-26 21:34:38,620 [IPC Server handler 96 on default port 15001] WARN  node.SCMNodeManager (SCMNodeManager.java:getNodesByAddress(1549)) - Cannot find node for address 127.0.0.1
2024-01-26 21:34:38,638 [IPC Server handler 83 on default port 15001] WARN  node.SCMNodeManager (SCMNodeManager.java:getNodesByAddress(1549)) - Cannot find node for address 127.0.0.1
2024-01-26 21:34:38,640 [IPC Server handler 93 on default port 15001] WARN  node.SCMNodeManager (SCMNodeManager.java:getNodesByAddress(1549)) - Cannot find node for address 127.0.0.1
2024-01-26 21:34:38,660 [IPC Server handler 3 on default port 15001] WARN  node.SCMNodeManager (SCMNodeManager.java:getNodesByAddress(1549)) - Cannot find node for address 127.0.0.1
2024-01-26 21:34:38,661 [IPC Server handler 4 on default port 15001] WARN  node.SCMNodeManager (SCMNodeManager.java:getNodesByAddress(1549)) - Cannot find node for address 127.0.0.1
2024-01-26 21:34:38,678 [IPC Server handler 9 on default port 15001] WARN  node.SCMNodeManager (SCMNodeManager.java:getNodesByAddress(1549)) - Cannot find node for address 127.0.0.1
2024-01-26 21:34:38,679 [IPC Server handler 0 on default port 15001] WARN  node.SCMNodeManager (SCMNodeManager.java:getNodesByAddress(1549)) - Cannot find node for address 127.0.0.1
2024-01-26 21:34:38,703 [IPC Server handler 12 on default port 15001] WARN  node.SCMNodeManager (SCMNodeManager.java:getNodesByAddress(1549)) - Cannot find node for address 127.0.0.1
2024-01-26 21:34:38,704 [IPC Server handler 6 on default port 15001] WARN  node.SCMNodeManager (SCMNodeManager.java:getNodesByAddress(1549)) - Cannot find node for address 127.0.0.1
2024-01-26 21:34:38,728 [IPC Server handler 27 on default port 15001] WARN  node.SCMNodeManager (SCMNodeManager.java:getNodesByAddress(1549)) - Cannot find node for address 127.0.0.1
2024-01-26 21:34:38,729 [IPC Server handler 29 on default port 15001] WARN  node.SCMNodeManager (SCMNodeManager.java:getNodesByAddress(1549)) - Cannot find node for address 127.0.0.1
2024-01-26 21:34:38,771 [IPC Server handler 47 on default port 15001] WARN  node.SCMNodeManager (SCMNodeManager.java:getNodesByAddress(1549)) - Cannot find node for address 127.0.0.1
2024-01-26 21:34:38,773 [IPC Server handler 39 on default port 15001] WARN  node.SCMNodeManager (SCMNodeManager.java:getNodesByAddress(1549)) - Cannot find node for address 127.0.0.1
2024-01-26 21:34:38,795 [IPC Server handler 28 on default port 15001] WARN  node.SCMNodeManager (SCMNodeManager.java:getNodesByAddress(1549)) - Cannot find node for address 127.0.0.1
2024-01-26 21:34:38,797 [IPC Server handler 23 on default port 15001] WARN  node.SCMNodeManager (SCMNodeManager.java:getNodesByAddress(1549)) - Cannot find node for address 127.0.0.1
2024-01-26 21:34:38,813 [IPC Server handler 53 on default port 15001] WARN  node.SCMNodeManager (SCMNodeManager.java:getNodesByAddress(1549)) - Cannot find node for address 127.0.0.1
2024-01-26 21:34:38,815 [IPC Server handler 65 on default port 15001] WARN  node.SCMNodeManager (SCMNodeManager.java:getNodesByAddress(1549)) - Cannot find node for address 127.0.0.1
2024-01-26 21:34:38,867 [IPC Server handler 45 on default port 15001] WARN  node.SCMNodeManager (SCMNodeManager.java:getNodesByAddress(1549)) - Cannot find node for address 127.0.0.1
2024-01-26 21:34:38,869 [IPC Server handler 36 on default port 15001] WARN  node.SCMNodeManager (SCMNodeManager.java:getNodesByAddress(1549)) - Cannot find node for address 127.0.0.1
]]></system-out>
  </testcase>
  <testcase name="testPutKeyRatisThreeNodesParallel" classname="org.apache.hadoop.ozone.client.rpc.TestSecureOzoneRpcClient" time="4.735">
    <system-out><![CDATA[2024-01-26 21:34:38,882 [main] INFO  rpc.RpcClient (RpcClient.java:createVolume(456)) - Creating Volume: 4beac364-7cd3-4831-90f9-4b2d3562881e, with runner as owner and space quota set to -1 bytes, counts quota set to -1
2024-01-26 21:34:38,884 [om1-OMStateMachineApplyTransactionThread - 0] INFO  volume.OMVolumeCreateRequest (OMVolumeCreateRequest.java:validateAndUpdateCache(198)) - created volume:4beac364-7cd3-4831-90f9-4b2d3562881e for user:runner
2024-01-26 21:34:38,885 [main] INFO  rpc.RpcClient (RpcClient.java:createBucket(683)) - Creating Bucket: 4beac364-7cd3-4831-90f9-4b2d3562881e/3144730a-4f44-4ad6-8f7f-0aa600da3051, with server-side default bucket layout, runner as owner, Versioning false, Storage Type set to DISK and Encryption set to false, Replication Type set to server-side default replication type, Namespace Quota set to -1, Space Quota set to -1 
2024-01-26 21:34:38,887 [om1-OMStateMachineApplyTransactionThread - 0] INFO  bucket.OMBucketCreateRequest (OMBucketCreateRequest.java:validateAndUpdateCache(292)) - created bucket: 3144730a-4f44-4ad6-8f7f-0aa600da3051 of layout OBJECT_STORE in volume: 4beac364-7cd3-4831-90f9-4b2d3562881e
2024-01-26 21:34:39,695 [IPC Server handler 12 on default port 15001] WARN  node.SCMNodeManager (SCMNodeManager.java:getNodesByAddress(1549)) - Cannot find node for address 127.0.0.1
2024-01-26 21:34:39,696 [IPC Server handler 6 on default port 15001] WARN  node.SCMNodeManager (SCMNodeManager.java:getNodesByAddress(1549)) - Cannot find node for address 127.0.0.1
2024-01-26 21:34:39,697 [IPC Server handler 5 on default port 15001] WARN  node.SCMNodeManager (SCMNodeManager.java:getNodesByAddress(1549)) - Cannot find node for address 127.0.0.1
2024-01-26 21:34:39,697 [IPC Server handler 27 on default port 15001] WARN  node.SCMNodeManager (SCMNodeManager.java:getNodesByAddress(1549)) - Cannot find node for address 127.0.0.1
2024-01-26 21:34:39,703 [IPC Server handler 29 on default port 15001] WARN  node.SCMNodeManager (SCMNodeManager.java:getNodesByAddress(1549)) - Cannot find node for address 127.0.0.1
2024-01-26 21:34:39,706 [IPC Server handler 40 on default port 15001] WARN  node.SCMNodeManager (SCMNodeManager.java:getNodesByAddress(1549)) - Cannot find node for address 127.0.0.1
2024-01-26 21:34:39,707 [IPC Server handler 47 on default port 15001] WARN  node.SCMNodeManager (SCMNodeManager.java:getNodesByAddress(1549)) - Cannot find node for address 127.0.0.1
2024-01-26 21:34:39,708 [IPC Server handler 39 on default port 15001] WARN  node.SCMNodeManager (SCMNodeManager.java:getNodesByAddress(1549)) - Cannot find node for address 127.0.0.1
2024-01-26 21:34:39,780 [IPC Server handler 63 on default port 15001] WARN  node.SCMNodeManager (SCMNodeManager.java:getNodesByAddress(1549)) - Cannot find node for address 127.0.0.1
2024-01-26 21:34:39,781 [IPC Server handler 28 on default port 15001] WARN  node.SCMNodeManager (SCMNodeManager.java:getNodesByAddress(1549)) - Cannot find node for address 127.0.0.1
2024-01-26 21:34:39,781 [IPC Server handler 23 on default port 15001] WARN  node.SCMNodeManager (SCMNodeManager.java:getNodesByAddress(1549)) - Cannot find node for address 127.0.0.1
2024-01-26 21:34:39,784 [IPC Server handler 7 on default port 15001] WARN  node.SCMNodeManager (SCMNodeManager.java:getNodesByAddress(1549)) - Cannot find node for address 127.0.0.1
2024-01-26 21:34:39,785 [IPC Server handler 53 on default port 15001] WARN  node.SCMNodeManager (SCMNodeManager.java:getNodesByAddress(1549)) - Cannot find node for address 127.0.0.1
2024-01-26 21:34:39,785 [IPC Server handler 65 on default port 15001] WARN  node.SCMNodeManager (SCMNodeManager.java:getNodesByAddress(1549)) - Cannot find node for address 127.0.0.1
2024-01-26 21:34:40,752 [IPC Server handler 63 on default port 15001] WARN  node.SCMNodeManager (SCMNodeManager.java:getNodesByAddress(1549)) - Cannot find node for address 127.0.0.1
2024-01-26 21:34:40,752 [IPC Server handler 28 on default port 15001] WARN  node.SCMNodeManager (SCMNodeManager.java:getNodesByAddress(1549)) - Cannot find node for address 127.0.0.1
2024-01-26 21:34:40,755 [IPC Server handler 23 on default port 15001] WARN  node.SCMNodeManager (SCMNodeManager.java:getNodesByAddress(1549)) - Cannot find node for address 127.0.0.1
2024-01-26 21:34:40,760 [IPC Server handler 7 on default port 15001] WARN  node.SCMNodeManager (SCMNodeManager.java:getNodesByAddress(1549)) - Cannot find node for address 127.0.0.1
2024-01-26 21:34:40,762 [IPC Server handler 53 on default port 15001] WARN  node.SCMNodeManager (SCMNodeManager.java:getNodesByAddress(1549)) - Cannot find node for address 127.0.0.1
2024-01-26 21:34:40,763 [IPC Server handler 65 on default port 15001] WARN  node.SCMNodeManager (SCMNodeManager.java:getNodesByAddress(1549)) - Cannot find node for address 127.0.0.1
2024-01-26 21:34:40,861 [IPC Server handler 43 on default port 15001] WARN  node.SCMNodeManager (SCMNodeManager.java:getNodesByAddress(1549)) - Cannot find node for address 127.0.0.1
2024-01-26 21:34:40,863 [IPC Server handler 36 on default port 15001] WARN  node.SCMNodeManager (SCMNodeManager.java:getNodesByAddress(1549)) - Cannot find node for address 127.0.0.1
2024-01-26 21:34:40,863 [IPC Server handler 45 on default port 15001] WARN  node.SCMNodeManager (SCMNodeManager.java:getNodesByAddress(1549)) - Cannot find node for address 127.0.0.1
2024-01-26 21:34:40,864 [IPC Server handler 32 on default port 15001] WARN  node.SCMNodeManager (SCMNodeManager.java:getNodesByAddress(1549)) - Cannot find node for address 127.0.0.1
2024-01-26 21:34:40,866 [IPC Server handler 33 on default port 15001] WARN  node.SCMNodeManager (SCMNodeManager.java:getNodesByAddress(1549)) - Cannot find node for address 127.0.0.1
2024-01-26 21:34:40,866 [IPC Server handler 2 on default port 15001] WARN  node.SCMNodeManager (SCMNodeManager.java:getNodesByAddress(1549)) - Cannot find node for address 127.0.0.1
2024-01-26 21:34:40,867 [IPC Server handler 22 on default port 15001] WARN  node.SCMNodeManager (SCMNodeManager.java:getNodesByAddress(1549)) - Cannot find node for address 127.0.0.1
2024-01-26 21:34:40,867 [IPC Server handler 24 on default port 15001] WARN  node.SCMNodeManager (SCMNodeManager.java:getNodesByAddress(1549)) - Cannot find node for address 127.0.0.1
2024-01-26 21:34:41,348 [IPC Server handler 82 on default port 15001] WARN  node.SCMNodeManager (SCMNodeManager.java:getNodesByAddress(1549)) - Cannot find node for address 127.0.0.1
2024-01-26 21:34:41,348 [IPC Server handler 50 on default port 15001] WARN  node.SCMNodeManager (SCMNodeManager.java:getNodesByAddress(1549)) - Cannot find node for address 127.0.0.1
2024-01-26 21:34:41,349 [IPC Server handler 77 on default port 15001] WARN  node.SCMNodeManager (SCMNodeManager.java:getNodesByAddress(1549)) - Cannot find node for address 127.0.0.1
2024-01-26 21:34:41,350 [IPC Server handler 57 on default port 15001] WARN  node.SCMNodeManager (SCMNodeManager.java:getNodesByAddress(1549)) - Cannot find node for address 127.0.0.1
2024-01-26 21:34:41,352 [IPC Server handler 59 on default port 15001] WARN  node.SCMNodeManager (SCMNodeManager.java:getNodesByAddress(1549)) - Cannot find node for address 127.0.0.1
2024-01-26 21:34:41,353 [IPC Server handler 21 on default port 15001] WARN  node.SCMNodeManager (SCMNodeManager.java:getNodesByAddress(1549)) - Cannot find node for address 127.0.0.1
2024-01-26 21:34:41,354 [IPC Server handler 42 on default port 15001] WARN  node.SCMNodeManager (SCMNodeManager.java:getNodesByAddress(1549)) - Cannot find node for address 127.0.0.1
2024-01-26 21:34:41,354 [IPC Server handler 34 on default port 15001] WARN  node.SCMNodeManager (SCMNodeManager.java:getNodesByAddress(1549)) - Cannot find node for address 127.0.0.1
2024-01-26 21:34:41,807 [IPC Server handler 43 on default port 15001] WARN  node.SCMNodeManager (SCMNodeManager.java:getNodesByAddress(1549)) - Cannot find node for address 127.0.0.1
2024-01-26 21:34:41,808 [IPC Server handler 36 on default port 15001] WARN  node.SCMNodeManager (SCMNodeManager.java:getNodesByAddress(1549)) - Cannot find node for address 127.0.0.1
2024-01-26 21:34:41,811 [IPC Server handler 45 on default port 15001] WARN  node.SCMNodeManager (SCMNodeManager.java:getNodesByAddress(1549)) - Cannot find node for address 127.0.0.1
2024-01-26 21:34:41,812 [IPC Server handler 32 on default port 15001] WARN  node.SCMNodeManager (SCMNodeManager.java:getNodesByAddress(1549)) - Cannot find node for address 127.0.0.1
2024-01-26 21:34:41,972 [IPC Server handler 14 on default port 15001] WARN  node.SCMNodeManager (SCMNodeManager.java:getNodesByAddress(1549)) - Cannot find node for address 127.0.0.1
2024-01-26 21:34:41,973 [IPC Server handler 1 on default port 15001] WARN  node.SCMNodeManager (SCMNodeManager.java:getNodesByAddress(1549)) - Cannot find node for address 127.0.0.1
2024-01-26 21:34:41,973 [IPC Server handler 17 on default port 15001] WARN  node.SCMNodeManager (SCMNodeManager.java:getNodesByAddress(1549)) - Cannot find node for address 127.0.0.1
2024-01-26 21:34:41,975 [IPC Server handler 8 on default port 15001] WARN  node.SCMNodeManager (SCMNodeManager.java:getNodesByAddress(1549)) - Cannot find node for address 127.0.0.1
2024-01-26 21:34:41,975 [IPC Server handler 31 on default port 15001] WARN  node.SCMNodeManager (SCMNodeManager.java:getNodesByAddress(1549)) - Cannot find node for address 127.0.0.1
2024-01-26 21:34:41,976 [IPC Server handler 72 on default port 15001] WARN  node.SCMNodeManager (SCMNodeManager.java:getNodesByAddress(1549)) - Cannot find node for address 127.0.0.1
2024-01-26 21:34:42,942 [IPC Server handler 14 on default port 15001] WARN  node.SCMNodeManager (SCMNodeManager.java:getNodesByAddress(1549)) - Cannot find node for address 127.0.0.1
2024-01-26 21:34:42,943 [IPC Server handler 1 on default port 15001] WARN  node.SCMNodeManager (SCMNodeManager.java:getNodesByAddress(1549)) - Cannot find node for address 127.0.0.1
2024-01-26 21:34:42,944 [IPC Server handler 17 on default port 15001] WARN  node.SCMNodeManager (SCMNodeManager.java:getNodesByAddress(1549)) - Cannot find node for address 127.0.0.1
2024-01-26 21:34:42,944 [IPC Server handler 8 on default port 15001] WARN  node.SCMNodeManager (SCMNodeManager.java:getNodesByAddress(1549)) - Cannot find node for address 127.0.0.1
2024-01-26 21:34:42,947 [IPC Server handler 31 on default port 15001] WARN  node.SCMNodeManager (SCMNodeManager.java:getNodesByAddress(1549)) - Cannot find node for address 127.0.0.1
2024-01-26 21:34:42,948 [IPC Server handler 72 on default port 15001] WARN  node.SCMNodeManager (SCMNodeManager.java:getNodesByAddress(1549)) - Cannot find node for address 127.0.0.1
2024-01-26 21:34:42,949 [IPC Server handler 69 on default port 15001] WARN  node.SCMNodeManager (SCMNodeManager.java:getNodesByAddress(1549)) - Cannot find node for address 127.0.0.1
2024-01-26 21:34:42,949 [IPC Server handler 66 on default port 15001] WARN  node.SCMNodeManager (SCMNodeManager.java:getNodesByAddress(1549)) - Cannot find node for address 127.0.0.1
2024-01-26 21:34:43,028 [IPC Server handler 70 on default port 15001] WARN  node.SCMNodeManager (SCMNodeManager.java:getNodesByAddress(1549)) - Cannot find node for address 127.0.0.1
2024-01-26 21:34:43,029 [IPC Server handler 73 on default port 15001] WARN  node.SCMNodeManager (SCMNodeManager.java:getNodesByAddress(1549)) - Cannot find node for address 127.0.0.1
2024-01-26 21:34:43,030 [IPC Server handler 64 on default port 15001] WARN  node.SCMNodeManager (SCMNodeManager.java:getNodesByAddress(1549)) - Cannot find node for address 127.0.0.1
2024-01-26 21:34:43,032 [IPC Server handler 71 on default port 15001] WARN  node.SCMNodeManager (SCMNodeManager.java:getNodesByAddress(1549)) - Cannot find node for address 127.0.0.1
2024-01-26 21:34:43,033 [IPC Server handler 62 on default port 15001] WARN  node.SCMNodeManager (SCMNodeManager.java:getNodesByAddress(1549)) - Cannot find node for address 127.0.0.1
2024-01-26 21:34:43,033 [IPC Server handler 58 on default port 15001] WARN  node.SCMNodeManager (SCMNodeManager.java:getNodesByAddress(1549)) - Cannot find node for address 127.0.0.1
2024-01-26 21:34:43,483 [IPC Server handler 20 on default port 15001] WARN  node.SCMNodeManager (SCMNodeManager.java:getNodesByAddress(1549)) - Cannot find node for address 127.0.0.1
2024-01-26 21:34:43,484 [IPC Server handler 54 on default port 15001] WARN  node.SCMNodeManager (SCMNodeManager.java:getNodesByAddress(1549)) - Cannot find node for address 127.0.0.1
2024-01-26 21:34:43,485 [IPC Server handler 56 on default port 15001] WARN  node.SCMNodeManager (SCMNodeManager.java:getNodesByAddress(1549)) - Cannot find node for address 127.0.0.1
2024-01-26 21:34:43,489 [IPC Server handler 46 on default port 15001] WARN  node.SCMNodeManager (SCMNodeManager.java:getNodesByAddress(1549)) - Cannot find node for address 127.0.0.1
2024-01-26 21:34:43,491 [IPC Server handler 61 on default port 15001] WARN  node.SCMNodeManager (SCMNodeManager.java:getNodesByAddress(1549)) - Cannot find node for address 127.0.0.1
2024-01-26 21:34:43,492 [IPC Server handler 55 on default port 15001] WARN  node.SCMNodeManager (SCMNodeManager.java:getNodesByAddress(1549)) - Cannot find node for address 127.0.0.1
2024-01-26 21:34:43,493 [IPC Server handler 90 on default port 15001] WARN  node.SCMNodeManager (SCMNodeManager.java:getNodesByAddress(1549)) - Cannot find node for address 127.0.0.1
2024-01-26 21:34:43,494 [IPC Server handler 80 on default port 15001] WARN  node.SCMNodeManager (SCMNodeManager.java:getNodesByAddress(1549)) - Cannot find node for address 127.0.0.1
]]></system-out>
  </testcase>
  <testcase name="testPutKeySuccessWithBlockToken" classname="org.apache.hadoop.ozone.client.rpc.TestSecureOzoneRpcClient" time="0.073">
    <failure type="org.opentest4j.AssertionFailedError"><![CDATA[org.opentest4j.AssertionFailedError: expected: <null> but was: <Kind: HDDS_BLOCK_TOKEN, Service: conID: 26 locID: 113750153625600386, Ident: (block_token_identifier (ownerId=runner, expiry=2024-01-27T21:34:43.650Z, secretKeyId=ceccf86f-f456-4e50-b3d9-5fdfc2f6c56f, blockId=conID: 26 locID: 113750153625600386, access modes=[READ], maxLength=12))>
	at org.junit.jupiter.api.AssertionFailureBuilder.build(AssertionFailureBuilder.java:151)
	at org.junit.jupiter.api.AssertionFailureBuilder.buildAndThrow(AssertionFailureBuilder.java:132)
	at org.junit.jupiter.api.AssertNull.failNotNull(AssertNull.java:50)
	at org.junit.jupiter.api.AssertNull.assertNull(AssertNull.java:35)
	at org.junit.jupiter.api.AssertNull.assertNull(AssertNull.java:30)
	at org.junit.jupiter.api.Assertions.assertNull(Assertions.java:279)
	at org.apache.hadoop.ozone.client.rpc.TestSecureOzoneRpcClient.lambda$null$0(TestSecureOzoneRpcClient.java:239)
	at java.util.ArrayList.forEach(ArrayList.java:1259)
	at org.apache.hadoop.ozone.client.rpc.TestSecureOzoneRpcClient.lambda$assertTokenIsNull$1(TestSecureOzoneRpcClient.java:238)
	at java.util.ArrayList.forEach(ArrayList.java:1259)
	at org.apache.hadoop.ozone.client.rpc.TestSecureOzoneRpcClient.assertTokenIsNull(TestSecureOzoneRpcClient.java:236)
	at org.apache.hadoop.ozone.client.rpc.TestSecureOzoneRpcClient.testPutKeySuccessWithBlockTokenWithBucketLayout(TestSecureOzoneRpcClient.java:218)
	at org.apache.hadoop.ozone.client.rpc.TestSecureOzoneRpcClient.testPutKeySuccessWithBlockToken(TestSecureOzoneRpcClient.java:161)
	at java.lang.reflect.Method.invoke(Method.java:498)
	at java.util.ArrayList.forEach(ArrayList.java:1259)
	at java.util.ArrayList.forEach(ArrayList.java:1259)
]]></failure>
    <system-out><![CDATA[2024-01-26 21:34:43,617 [main] INFO  rpc.RpcClient (RpcClient.java:createVolume(456)) - Creating Volume: abe3dfc2-dd80-47d1-a453-8fde30890727, with runner as owner and space quota set to -1 bytes, counts quota set to -1
2024-01-26 21:34:43,619 [om1-OMStateMachineApplyTransactionThread - 0] INFO  volume.OMVolumeCreateRequest (OMVolumeCreateRequest.java:validateAndUpdateCache(198)) - created volume:abe3dfc2-dd80-47d1-a453-8fde30890727 for user:runner
2024-01-26 21:34:43,621 [main] INFO  rpc.RpcClient (RpcClient.java:createBucket(683)) - Creating Bucket: abe3dfc2-dd80-47d1-a453-8fde30890727/06ac117e-07d2-4324-b077-e96915c75407, with bucket layout OBJECT_STORE, runner as owner, Versioning false, Storage Type set to DISK and Encryption set to false, Replication Type set to server-side default replication type, Namespace Quota set to -1, Space Quota set to -1 
2024-01-26 21:34:43,622 [om1-OMStateMachineApplyTransactionThread - 0] INFO  bucket.OMBucketCreateRequest (OMBucketCreateRequest.java:validateAndUpdateCache(292)) - created bucket: 06ac117e-07d2-4324-b077-e96915c75407 of layout OBJECT_STORE in volume: abe3dfc2-dd80-47d1-a453-8fde30890727
2024-01-26 21:34:43,630 [IPC Server handler 83 on default port 15001] WARN  node.SCMNodeManager (SCMNodeManager.java:getNodesByAddress(1549)) - Cannot find node for address 127.0.0.1
2024-01-26 21:34:43,631 [IPC Server handler 93 on default port 15001] WARN  node.SCMNodeManager (SCMNodeManager.java:getNodesByAddress(1549)) - Cannot find node for address 127.0.0.1
2024-01-26 21:34:43,649 [IPC Server handler 3 on default port 15001] WARN  node.SCMNodeManager (SCMNodeManager.java:getNodesByAddress(1549)) - Cannot find node for address 127.0.0.1
2024-01-26 21:34:43,650 [IPC Server handler 4 on default port 15001] WARN  node.SCMNodeManager (SCMNodeManager.java:getNodesByAddress(1549)) - Cannot find node for address 127.0.0.1
]]></system-out>
  </testcase>
  <testcase name="testPutKeyWithReplicationConfig(String, boolean)[1]" classname="org.apache.hadoop.ozone.client.rpc.TestSecureOzoneRpcClient" time="0.014">
    <system-out><![CDATA[2024-01-26 21:34:43,696 [main] INFO  rpc.RpcClient (RpcClient.java:createVolume(456)) - Creating Volume: a0fe03d2-3254-4cbc-a611-a2eaddd78073, with runner as owner and space quota set to -1 bytes, counts quota set to -1
2024-01-26 21:34:43,698 [om1-OMStateMachineApplyTransactionThread - 0] INFO  volume.OMVolumeCreateRequest (OMVolumeCreateRequest.java:validateAndUpdateCache(198)) - created volume:a0fe03d2-3254-4cbc-a611-a2eaddd78073 for user:runner
2024-01-26 21:34:43,705 [main] INFO  rpc.RpcClient (RpcClient.java:createBucket(683)) - Creating Bucket: a0fe03d2-3254-4cbc-a611-a2eaddd78073/3d5eb6be-e2f9-4419-9916-91f62b0964a9, with server-side default bucket layout, runner as owner, Versioning false, Storage Type set to DISK and Encryption set to false, Replication Type set to server-side default replication type, Namespace Quota set to -1, Space Quota set to -1 
2024-01-26 21:34:43,706 [om1-OMStateMachineApplyTransactionThread - 0] INFO  bucket.OMBucketCreateRequest (OMBucketCreateRequest.java:validateAndUpdateCache(292)) - created bucket: 3d5eb6be-e2f9-4419-9916-91f62b0964a9 of layout OBJECT_STORE in volume: a0fe03d2-3254-4cbc-a611-a2eaddd78073
]]></system-out>
  </testcase>
  <testcase name="testPutKeyWithReplicationConfig(String, boolean)[2]" classname="org.apache.hadoop.ozone.client.rpc.TestSecureOzoneRpcClient" time="0.009">
    <system-out><![CDATA[2024-01-26 21:34:43,711 [main] INFO  rpc.RpcClient (RpcClient.java:createVolume(456)) - Creating Volume: 91b3d406-e949-4286-8200-2b7493c53e14, with runner as owner and space quota set to -1 bytes, counts quota set to -1
2024-01-26 21:34:43,713 [om1-OMStateMachineApplyTransactionThread - 0] INFO  volume.OMVolumeCreateRequest (OMVolumeCreateRequest.java:validateAndUpdateCache(198)) - created volume:91b3d406-e949-4286-8200-2b7493c53e14 for user:runner
2024-01-26 21:34:43,714 [main] INFO  rpc.RpcClient (RpcClient.java:createBucket(683)) - Creating Bucket: 91b3d406-e949-4286-8200-2b7493c53e14/82f2aaa3-fa89-4045-9097-318bd29c9562, with server-side default bucket layout, runner as owner, Versioning false, Storage Type set to DISK and Encryption set to false, Replication Type set to server-side default replication type, Namespace Quota set to -1, Space Quota set to -1 
2024-01-26 21:34:43,719 [om1-OMStateMachineApplyTransactionThread - 0] INFO  bucket.OMBucketCreateRequest (OMBucketCreateRequest.java:validateAndUpdateCache(292)) - created bucket: 82f2aaa3-fa89-4045-9097-318bd29c9562 of layout OBJECT_STORE in volume: 91b3d406-e949-4286-8200-2b7493c53e14
]]></system-out>
  </testcase>
  <testcase name="testPutKeyWithReplicationConfig(String, boolean)[3]" classname="org.apache.hadoop.ozone.client.rpc.TestSecureOzoneRpcClient" time="0.035">
    <system-out><![CDATA[2024-01-26 21:34:43,721 [main] INFO  rpc.RpcClient (RpcClient.java:createVolume(456)) - Creating Volume: cc99aef6-4bbf-49e3-8e08-a397bc89f068, with runner as owner and space quota set to -1 bytes, counts quota set to -1
2024-01-26 21:34:43,723 [om1-OMStateMachineApplyTransactionThread - 0] INFO  volume.OMVolumeCreateRequest (OMVolumeCreateRequest.java:validateAndUpdateCache(198)) - created volume:cc99aef6-4bbf-49e3-8e08-a397bc89f068 for user:runner
2024-01-26 21:34:43,724 [main] INFO  rpc.RpcClient (RpcClient.java:createBucket(683)) - Creating Bucket: cc99aef6-4bbf-49e3-8e08-a397bc89f068/5654036b-9aec-4c12-981f-781f0d60d7bf, with server-side default bucket layout, runner as owner, Versioning false, Storage Type set to DISK and Encryption set to false, Replication Type set to server-side default replication type, Namespace Quota set to -1, Space Quota set to -1 
2024-01-26 21:34:43,726 [om1-OMStateMachineApplyTransactionThread - 0] INFO  bucket.OMBucketCreateRequest (OMBucketCreateRequest.java:validateAndUpdateCache(292)) - created bucket: 5654036b-9aec-4c12-981f-781f0d60d7bf of layout OBJECT_STORE in volume: cc99aef6-4bbf-49e3-8e08-a397bc89f068
2024-01-26 21:34:43,750 [IPC Server handler 28 on default port 15001] WARN  node.SCMNodeManager (SCMNodeManager.java:getNodesByAddress(1549)) - Cannot find node for address 127.0.0.1
2024-01-26 21:34:43,752 [IPC Server handler 23 on default port 15001] WARN  node.SCMNodeManager (SCMNodeManager.java:getNodesByAddress(1549)) - Cannot find node for address 127.0.0.1
]]></system-out>
  </testcase>
  <testcase name="testPutKeyWithReplicationConfig(String, boolean)[4]" classname="org.apache.hadoop.ozone.client.rpc.TestSecureOzoneRpcClient" time="0.08">
    <system-out><![CDATA[2024-01-26 21:34:43,757 [main] INFO  rpc.RpcClient (RpcClient.java:createVolume(456)) - Creating Volume: 9715fcee-bfa0-40b2-9ce3-e3e2740a764b, with runner as owner and space quota set to -1 bytes, counts quota set to -1
2024-01-26 21:34:43,760 [om1-OMStateMachineApplyTransactionThread - 0] INFO  volume.OMVolumeCreateRequest (OMVolumeCreateRequest.java:validateAndUpdateCache(198)) - created volume:9715fcee-bfa0-40b2-9ce3-e3e2740a764b for user:runner
2024-01-26 21:34:43,761 [main] INFO  rpc.RpcClient (RpcClient.java:createBucket(683)) - Creating Bucket: 9715fcee-bfa0-40b2-9ce3-e3e2740a764b/5c1cd0a7-cba3-4f4b-b699-18dea629bf13, with server-side default bucket layout, runner as owner, Versioning false, Storage Type set to DISK and Encryption set to false, Replication Type set to server-side default replication type, Namespace Quota set to -1, Space Quota set to -1 
2024-01-26 21:34:43,762 [om1-OMStateMachineApplyTransactionThread - 0] INFO  bucket.OMBucketCreateRequest (OMBucketCreateRequest.java:validateAndUpdateCache(292)) - created bucket: 5c1cd0a7-cba3-4f4b-b699-18dea629bf13 of layout OBJECT_STORE in volume: 9715fcee-bfa0-40b2-9ce3-e3e2740a764b
2024-01-26 21:34:43,764 [IPC Server handler 43 on default port 15001] INFO  algorithms.SCMContainerPlacementRackScatter (SCMContainerPlacementRackScatter.java:chooseDatanodesInternal(370)) - Chosen nodes: [c424f152-b0b1-403f-ad43-57b6eddc8681(fv-az1566-86.204dmbdutxxevaxlgbjnwxhbkd.phxx.internal.cloudapp.net/10.1.0.5), 0454455d-17b5-4798-9ce3-34e4ad079dd1(fv-az1566-86.204dmbdutxxevaxlgbjnwxhbkd.phxx.internal.cloudapp.net/10.1.0.5), 209e1d4e-6bc3-40d2-a53c-4015c1ab1ac0(fv-az1566-86.204dmbdutxxevaxlgbjnwxhbkd.phxx.internal.cloudapp.net/10.1.0.5), a4a3addc-657d-412b-928e-3d6f899db221(fv-az1566-86.204dmbdutxxevaxlgbjnwxhbkd.phxx.internal.cloudapp.net/10.1.0.5), cb9b1e06-b28b-4c4f-b19c-04e0cd8d01c6(fv-az1566-86.204dmbdutxxevaxlgbjnwxhbkd.phxx.internal.cloudapp.net/10.1.0.5), 67e21e31-4dca-48e2-85b4-2f4b1b69db84(fv-az1566-86.204dmbdutxxevaxlgbjnwxhbkd.phxx.internal.cloudapp.net/10.1.0.5), 8941232b-d533-4e67-b9a7-e63de09e5ea8(fv-az1566-86.204dmbdutxxevaxlgbjnwxhbkd.phxx.internal.cloudapp.net/10.1.0.5), 157befb9-fc2c-4b56-bfb2-e4c39e5a9271(fv-az1566-86.204dmbdutxxevaxlgbjnwxhbkd.phxx.internal.cloudapp.net/10.1.0.5), 615e0ce5-d68a-4764-9dce-a037122bf2b4(fv-az1566-86.204dmbdutxxevaxlgbjnwxhbkd.phxx.internal.cloudapp.net/10.1.0.5)]. isPolicySatisfied: true.
2024-01-26 21:34:43,766 [IPC Server handler 43 on default port 15001] INFO  pipeline.WritableECContainerProvider (WritableECContainerProvider.java:allocateContainer(211)) - Created and opened new pipeline Pipeline[ Id: 604d4203-9c0c-4578-b783-c10a63c591df, Nodes: c424f152-b0b1-403f-ad43-57b6eddc8681(fv-az1566-86.204dmbdutxxevaxlgbjnwxhbkd.phxx.internal.cloudapp.net/10.1.0.5)0454455d-17b5-4798-9ce3-34e4ad079dd1(fv-az1566-86.204dmbdutxxevaxlgbjnwxhbkd.phxx.internal.cloudapp.net/10.1.0.5)209e1d4e-6bc3-40d2-a53c-4015c1ab1ac0(fv-az1566-86.204dmbdutxxevaxlgbjnwxhbkd.phxx.internal.cloudapp.net/10.1.0.5)a4a3addc-657d-412b-928e-3d6f899db221(fv-az1566-86.204dmbdutxxevaxlgbjnwxhbkd.phxx.internal.cloudapp.net/10.1.0.5)cb9b1e06-b28b-4c4f-b19c-04e0cd8d01c6(fv-az1566-86.204dmbdutxxevaxlgbjnwxhbkd.phxx.internal.cloudapp.net/10.1.0.5)67e21e31-4dca-48e2-85b4-2f4b1b69db84(fv-az1566-86.204dmbdutxxevaxlgbjnwxhbkd.phxx.internal.cloudapp.net/10.1.0.5)8941232b-d533-4e67-b9a7-e63de09e5ea8(fv-az1566-86.204dmbdutxxevaxlgbjnwxhbkd.phxx.internal.cloudapp.net/10.1.0.5)157befb9-fc2c-4b56-bfb2-e4c39e5a9271(fv-az1566-86.204dmbdutxxevaxlgbjnwxhbkd.phxx.internal.cloudapp.net/10.1.0.5)615e0ce5-d68a-4764-9dce-a037122bf2b4(fv-az1566-86.204dmbdutxxevaxlgbjnwxhbkd.phxx.internal.cloudapp.net/10.1.0.5), ReplicationConfig: EC{rs-6-3-1024k}, State:ALLOCATED, leaderId:, CreationTimestamp2024-01-26T21:34:43.764Z[Etc/UTC]]
2024-01-26 21:34:43,832 [IPC Server handler 33 on default port 15001] WARN  node.SCMNodeManager (SCMNodeManager.java:getNodesByAddress(1549)) - Cannot find node for address 127.0.0.1
2024-01-26 21:34:43,834 [IPC Server handler 2 on default port 15001] WARN  node.SCMNodeManager (SCMNodeManager.java:getNodesByAddress(1549)) - Cannot find node for address 127.0.0.1
]]></system-out>
  </testcase>
  <testcase name="testPutKeyWithReplicationConfig(String, boolean)[5]" classname="org.apache.hadoop.ozone.client.rpc.TestSecureOzoneRpcClient" time="0.082">
    <system-out><![CDATA[2024-01-26 21:34:43,838 [main] INFO  rpc.RpcClient (RpcClient.java:createVolume(456)) - Creating Volume: e6a176f5-069c-4739-8dbd-f3dccae33141, with runner as owner and space quota set to -1 bytes, counts quota set to -1
2024-01-26 21:34:43,840 [om1-OMStateMachineApplyTransactionThread - 0] INFO  volume.OMVolumeCreateRequest (OMVolumeCreateRequest.java:validateAndUpdateCache(198)) - created volume:e6a176f5-069c-4739-8dbd-f3dccae33141 for user:runner
2024-01-26 21:34:43,841 [main] INFO  rpc.RpcClient (RpcClient.java:createBucket(683)) - Creating Bucket: e6a176f5-069c-4739-8dbd-f3dccae33141/4fb74eb7-db55-4cf3-81b6-b018e60c1cc0, with server-side default bucket layout, runner as owner, Versioning false, Storage Type set to DISK and Encryption set to false, Replication Type set to server-side default replication type, Namespace Quota set to -1, Space Quota set to -1 
2024-01-26 21:34:43,842 [om1-OMStateMachineApplyTransactionThread - 0] INFO  bucket.OMBucketCreateRequest (OMBucketCreateRequest.java:validateAndUpdateCache(292)) - created bucket: 4fb74eb7-db55-4cf3-81b6-b018e60c1cc0 of layout OBJECT_STORE in volume: e6a176f5-069c-4739-8dbd-f3dccae33141
2024-01-26 21:34:43,845 [IPC Server handler 22 on default port 15001] INFO  algorithms.SCMContainerPlacementRackScatter (SCMContainerPlacementRackScatter.java:chooseDatanodesInternal(370)) - Chosen nodes: [a4a3addc-657d-412b-928e-3d6f899db221(fv-az1566-86.204dmbdutxxevaxlgbjnwxhbkd.phxx.internal.cloudapp.net/10.1.0.5), 615e0ce5-d68a-4764-9dce-a037122bf2b4(fv-az1566-86.204dmbdutxxevaxlgbjnwxhbkd.phxx.internal.cloudapp.net/10.1.0.5), cb9b1e06-b28b-4c4f-b19c-04e0cd8d01c6(fv-az1566-86.204dmbdutxxevaxlgbjnwxhbkd.phxx.internal.cloudapp.net/10.1.0.5), 0454455d-17b5-4798-9ce3-34e4ad079dd1(fv-az1566-86.204dmbdutxxevaxlgbjnwxhbkd.phxx.internal.cloudapp.net/10.1.0.5), 67e21e31-4dca-48e2-85b4-2f4b1b69db84(fv-az1566-86.204dmbdutxxevaxlgbjnwxhbkd.phxx.internal.cloudapp.net/10.1.0.5), c4b8c6be-c011-4381-a4e2-e95b959e0055(fv-az1566-86.204dmbdutxxevaxlgbjnwxhbkd.phxx.internal.cloudapp.net/10.1.0.5), 85a76c17-24cd-4caa-b4c9-2f056bfd6b3c(fv-az1566-86.204dmbdutxxevaxlgbjnwxhbkd.phxx.internal.cloudapp.net/10.1.0.5), 7564b097-4325-4468-ae97-837bc55d7172(fv-az1566-86.204dmbdutxxevaxlgbjnwxhbkd.phxx.internal.cloudapp.net/10.1.0.5), 4166fb02-ca0d-4de6-a961-378c6a3b2890(fv-az1566-86.204dmbdutxxevaxlgbjnwxhbkd.phxx.internal.cloudapp.net/10.1.0.5), 157befb9-fc2c-4b56-bfb2-e4c39e5a9271(fv-az1566-86.204dmbdutxxevaxlgbjnwxhbkd.phxx.internal.cloudapp.net/10.1.0.5), 8941232b-d533-4e67-b9a7-e63de09e5ea8(fv-az1566-86.204dmbdutxxevaxlgbjnwxhbkd.phxx.internal.cloudapp.net/10.1.0.5), 209e1d4e-6bc3-40d2-a53c-4015c1ab1ac0(fv-az1566-86.204dmbdutxxevaxlgbjnwxhbkd.phxx.internal.cloudapp.net/10.1.0.5), 8aa6f495-09ad-4a32-951c-60d46ecfa148(fv-az1566-86.204dmbdutxxevaxlgbjnwxhbkd.phxx.internal.cloudapp.net/10.1.0.5), c424f152-b0b1-403f-ad43-57b6eddc8681(fv-az1566-86.204dmbdutxxevaxlgbjnwxhbkd.phxx.internal.cloudapp.net/10.1.0.5)]. isPolicySatisfied: true.
2024-01-26 21:34:43,846 [IPC Server handler 22 on default port 15001] INFO  pipeline.WritableECContainerProvider (WritableECContainerProvider.java:allocateContainer(211)) - Created and opened new pipeline Pipeline[ Id: 6cf9d209-0f7b-4c01-9441-2e21d6545f85, Nodes: a4a3addc-657d-412b-928e-3d6f899db221(fv-az1566-86.204dmbdutxxevaxlgbjnwxhbkd.phxx.internal.cloudapp.net/10.1.0.5)615e0ce5-d68a-4764-9dce-a037122bf2b4(fv-az1566-86.204dmbdutxxevaxlgbjnwxhbkd.phxx.internal.cloudapp.net/10.1.0.5)cb9b1e06-b28b-4c4f-b19c-04e0cd8d01c6(fv-az1566-86.204dmbdutxxevaxlgbjnwxhbkd.phxx.internal.cloudapp.net/10.1.0.5)0454455d-17b5-4798-9ce3-34e4ad079dd1(fv-az1566-86.204dmbdutxxevaxlgbjnwxhbkd.phxx.internal.cloudapp.net/10.1.0.5)67e21e31-4dca-48e2-85b4-2f4b1b69db84(fv-az1566-86.204dmbdutxxevaxlgbjnwxhbkd.phxx.internal.cloudapp.net/10.1.0.5)c4b8c6be-c011-4381-a4e2-e95b959e0055(fv-az1566-86.204dmbdutxxevaxlgbjnwxhbkd.phxx.internal.cloudapp.net/10.1.0.5)85a76c17-24cd-4caa-b4c9-2f056bfd6b3c(fv-az1566-86.204dmbdutxxevaxlgbjnwxhbkd.phxx.internal.cloudapp.net/10.1.0.5)7564b097-4325-4468-ae97-837bc55d7172(fv-az1566-86.204dmbdutxxevaxlgbjnwxhbkd.phxx.internal.cloudapp.net/10.1.0.5)4166fb02-ca0d-4de6-a961-378c6a3b2890(fv-az1566-86.204dmbdutxxevaxlgbjnwxhbkd.phxx.internal.cloudapp.net/10.1.0.5)157befb9-fc2c-4b56-bfb2-e4c39e5a9271(fv-az1566-86.204dmbdutxxevaxlgbjnwxhbkd.phxx.internal.cloudapp.net/10.1.0.5)8941232b-d533-4e67-b9a7-e63de09e5ea8(fv-az1566-86.204dmbdutxxevaxlgbjnwxhbkd.phxx.internal.cloudapp.net/10.1.0.5)209e1d4e-6bc3-40d2-a53c-4015c1ab1ac0(fv-az1566-86.204dmbdutxxevaxlgbjnwxhbkd.phxx.internal.cloudapp.net/10.1.0.5)8aa6f495-09ad-4a32-951c-60d46ecfa148(fv-az1566-86.204dmbdutxxevaxlgbjnwxhbkd.phxx.internal.cloudapp.net/10.1.0.5)c424f152-b0b1-403f-ad43-57b6eddc8681(fv-az1566-86.204dmbdutxxevaxlgbjnwxhbkd.phxx.internal.cloudapp.net/10.1.0.5), ReplicationConfig: EC{rs-10-4-1024k}, State:ALLOCATED, leaderId:, CreationTimestamp2024-01-26T21:34:43.845Z[Etc/UTC]]
2024-01-26 21:34:43,915 [IPC Server handler 14 on default port 15001] WARN  node.SCMNodeManager (SCMNodeManager.java:getNodesByAddress(1549)) - Cannot find node for address 127.0.0.1
2024-01-26 21:34:43,917 [IPC Server handler 1 on default port 15001] WARN  node.SCMNodeManager (SCMNodeManager.java:getNodesByAddress(1549)) - Cannot find node for address 127.0.0.1
]]></system-out>
  </testcase>
  <testcase name="testReadKeyWithCorruptedData" classname="org.apache.hadoop.ozone.client.rpc.TestSecureOzoneRpcClient" time="0.041">
    <system-out><![CDATA[2024-01-26 21:34:43,921 [main] INFO  rpc.RpcClient (RpcClient.java:createVolume(456)) - Creating Volume: a0cbcdae-b18c-46e0-8536-74aa8076fd6d, with runner as owner and space quota set to -1 bytes, counts quota set to -1
2024-01-26 21:34:43,922 [om1-OMStateMachineApplyTransactionThread - 0] INFO  volume.OMVolumeCreateRequest (OMVolumeCreateRequest.java:validateAndUpdateCache(198)) - created volume:a0cbcdae-b18c-46e0-8536-74aa8076fd6d for user:runner
2024-01-26 21:34:43,923 [main] INFO  rpc.RpcClient (RpcClient.java:createBucket(683)) - Creating Bucket: a0cbcdae-b18c-46e0-8536-74aa8076fd6d/8bd98a05-e996-4f06-8f3d-89176e2b6699, with server-side default bucket layout, runner as owner, Versioning false, Storage Type set to DISK and Encryption set to false, Replication Type set to server-side default replication type, Namespace Quota set to -1, Space Quota set to -1 
2024-01-26 21:34:43,924 [om1-OMStateMachineApplyTransactionThread - 0] INFO  bucket.OMBucketCreateRequest (OMBucketCreateRequest.java:validateAndUpdateCache(292)) - created bucket: 8bd98a05-e996-4f06-8f3d-89176e2b6699 of layout OBJECT_STORE in volume: a0cbcdae-b18c-46e0-8536-74aa8076fd6d
2024-01-26 21:34:43,932 [IPC Server handler 8 on default port 15001] WARN  node.SCMNodeManager (SCMNodeManager.java:getNodesByAddress(1549)) - Cannot find node for address 127.0.0.1
2024-01-26 21:34:43,952 [IPC Server handler 70 on default port 15001] WARN  node.SCMNodeManager (SCMNodeManager.java:getNodesByAddress(1549)) - Cannot find node for address 127.0.0.1
2024-01-26 21:34:43,955 [main] ERROR scm.XceiverClientGrpc (XceiverClientGrpc.java:sendCommandWithRetry(443)) - Failed to execute command ReadChunk on the pipeline Pipeline[ Id: fccb4f77-00b2-4980-83ce-dfe281d66e6e, Nodes: 4166fb02-ca0d-4de6-a961-378c6a3b2890(fv-az1566-86.204dmbdutxxevaxlgbjnwxhbkd.phxx.internal.cloudapp.net/10.1.0.5), ReplicationConfig: STANDALONE/ONE, State:OPEN, leaderId:4166fb02-ca0d-4de6-a961-378c6a3b2890, CreationTimestamp2024-01-26T21:34:15.175Z[Etc/UTC]].
2024-01-26 21:34:43,958 [main] ERROR scm.XceiverClientGrpc (XceiverClientGrpc.java:sendCommandWithRetry(443)) - Failed to execute command ReadChunk on the pipeline Pipeline[ Id: fccb4f77-00b2-4980-83ce-dfe281d66e6e, Nodes: 4166fb02-ca0d-4de6-a961-378c6a3b2890(fv-az1566-86.204dmbdutxxevaxlgbjnwxhbkd.phxx.internal.cloudapp.net/10.1.0.5), ReplicationConfig: STANDALONE/ONE, State:OPEN, leaderId:4166fb02-ca0d-4de6-a961-378c6a3b2890, CreationTimestamp2024-01-26T21:34:15.175Z[Etc/UTC]].
2024-01-26 21:34:43,959 [main] ERROR scm.XceiverClientGrpc (XceiverClientGrpc.java:sendCommandWithRetry(443)) - Failed to execute command ReadChunk on the pipeline Pipeline[ Id: fccb4f77-00b2-4980-83ce-dfe281d66e6e, Nodes: 4166fb02-ca0d-4de6-a961-378c6a3b2890(fv-az1566-86.204dmbdutxxevaxlgbjnwxhbkd.phxx.internal.cloudapp.net/10.1.0.5), ReplicationConfig: STANDALONE/ONE, State:OPEN, leaderId:4166fb02-ca0d-4de6-a961-378c6a3b2890, CreationTimestamp2024-01-26T21:34:15.175Z[Etc/UTC]].
]]></system-out>
  </testcase>
  <testcase name="testReadKeyWithCorruptedDataWithMutiNodes" classname="org.apache.hadoop.ozone.client.rpc.TestSecureOzoneRpcClient" time="0.097">
    <system-out><![CDATA[2024-01-26 21:34:43,961 [main] INFO  rpc.RpcClient (RpcClient.java:createVolume(456)) - Creating Volume: 28c4b3cd-6137-4283-ace6-0df1b377e566, with runner as owner and space quota set to -1 bytes, counts quota set to -1
2024-01-26 21:34:43,963 [om1-OMStateMachineApplyTransactionThread - 0] INFO  volume.OMVolumeCreateRequest (OMVolumeCreateRequest.java:validateAndUpdateCache(198)) - created volume:28c4b3cd-6137-4283-ace6-0df1b377e566 for user:runner
2024-01-26 21:34:43,964 [main] INFO  rpc.RpcClient (RpcClient.java:createBucket(683)) - Creating Bucket: 28c4b3cd-6137-4283-ace6-0df1b377e566/dc6b8bb9-ff4b-4672-93f6-feb181a151a6, with server-side default bucket layout, runner as owner, Versioning false, Storage Type set to DISK and Encryption set to false, Replication Type set to server-side default replication type, Namespace Quota set to -1, Space Quota set to -1 
2024-01-26 21:34:43,965 [om1-OMStateMachineApplyTransactionThread - 0] INFO  bucket.OMBucketCreateRequest (OMBucketCreateRequest.java:validateAndUpdateCache(292)) - created bucket: dc6b8bb9-ff4b-4672-93f6-feb181a151a6 of layout OBJECT_STORE in volume: 28c4b3cd-6137-4283-ace6-0df1b377e566
2024-01-26 21:34:43,978 [IPC Server handler 64 on default port 15001] WARN  node.SCMNodeManager (SCMNodeManager.java:getNodesByAddress(1549)) - Cannot find node for address 127.0.0.1
2024-01-26 21:34:43,989 [IPC Server handler 71 on default port 15001] WARN  node.SCMNodeManager (SCMNodeManager.java:getNodesByAddress(1549)) - Cannot find node for address 127.0.0.1
2024-01-26 21:34:44,004 [IPC Server handler 62 on default port 15001] WARN  node.SCMNodeManager (SCMNodeManager.java:getNodesByAddress(1549)) - Cannot find node for address 127.0.0.1
2024-01-26 21:34:44,013 [IPC Server handler 58 on default port 15001] WARN  node.SCMNodeManager (SCMNodeManager.java:getNodesByAddress(1549)) - Cannot find node for address 127.0.0.1
2024-01-26 21:34:44,020 [main] ERROR scm.XceiverClientGrpc (XceiverClientGrpc.java:sendCommandWithRetry(443)) - Failed to execute command ReadChunk on the pipeline Pipeline[ Id: 6bb2a1d8-6a1b-481f-bac4-db88475e5c12, Nodes: 67e21e31-4dca-48e2-85b4-2f4b1b69db84(fv-az1566-86.204dmbdutxxevaxlgbjnwxhbkd.phxx.internal.cloudapp.net/10.1.0.5)c424f152-b0b1-403f-ad43-57b6eddc8681(fv-az1566-86.204dmbdutxxevaxlgbjnwxhbkd.phxx.internal.cloudapp.net/10.1.0.5)a4a3addc-657d-412b-928e-3d6f899db221(fv-az1566-86.204dmbdutxxevaxlgbjnwxhbkd.phxx.internal.cloudapp.net/10.1.0.5), ReplicationConfig: STANDALONE/THREE, State:OPEN, leaderId:c424f152-b0b1-403f-ad43-57b6eddc8681, CreationTimestamp2024-01-26T21:34:15.025Z[Etc/UTC]].
2024-01-26 21:34:44,021 [main] WARN  storage.ContainerProtocolCalls (ContainerProtocolCalls.java:tryEachDatanode(150)) - Failed to read chunk 113750153625600391_chunk_1 (len=12) conID: 13 locID: 113750153625600391 bcsId: 159 from c424f152-b0b1-403f-ad43-57b6eddc8681(fv-az1566-86.204dmbdutxxevaxlgbjnwxhbkd.phxx.internal.cloudapp.net/10.1.0.5); will try another datanode.
org.apache.hadoop.ozone.common.OzoneChecksumException: Checksum mismatch at index 0
	at org.apache.hadoop.ozone.common.ChecksumData.verifyChecksumDataMatches(ChecksumData.java:139)
	at org.apache.hadoop.ozone.common.Checksum.verifyChecksum(Checksum.java:300)
	at org.apache.hadoop.hdds.scm.storage.ChunkInputStream.validateChunk(ChunkInputStream.java:488)
	at org.apache.hadoop.hdds.scm.XceiverClientGrpc.sendCommandWithRetry(XceiverClientGrpc.java:400)
	at org.apache.hadoop.hdds.scm.XceiverClientGrpc.lambda$sendCommandWithTraceIDAndRetry$0(XceiverClientGrpc.java:340)
	at org.apache.hadoop.hdds.tracing.TracingUtil.executeInSpan(TracingUtil.java:169)
	at org.apache.hadoop.hdds.tracing.TracingUtil.executeInNewSpan(TracingUtil.java:149)
	at org.apache.hadoop.hdds.scm.XceiverClientGrpc.sendCommandWithTraceIDAndRetry(XceiverClientGrpc.java:335)
	at org.apache.hadoop.hdds.scm.XceiverClientGrpc.sendCommand(XceiverClientGrpc.java:316)
	at org.apache.hadoop.hdds.scm.storage.ContainerProtocolCalls.readChunk(ContainerProtocolCalls.java:327)
	at org.apache.hadoop.hdds.scm.storage.ContainerProtocolCalls.lambda$readChunk$2(ContainerProtocolCalls.java:314)
	at org.apache.hadoop.hdds.scm.storage.ContainerProtocolCalls.tryEachDatanode(ContainerProtocolCalls.java:146)
	at org.apache.hadoop.hdds.scm.storage.ContainerProtocolCalls.readChunk(ContainerProtocolCalls.java:313)
	at org.apache.hadoop.hdds.scm.storage.ChunkInputStream.readChunk(ChunkInputStream.java:425)
	at org.apache.hadoop.hdds.scm.storage.ChunkInputStream.readChunkDataIntoBuffers(ChunkInputStream.java:402)
	at org.apache.hadoop.hdds.scm.storage.ChunkInputStream.readChunkFromContainer(ChunkInputStream.java:387)
	at org.apache.hadoop.hdds.scm.storage.ChunkInputStream.prepareRead(ChunkInputStream.java:329)
	at org.apache.hadoop.hdds.scm.storage.ChunkInputStream.read(ChunkInputStream.java:173)
	at org.apache.hadoop.hdds.scm.storage.ByteArrayReader.readFromBlock(ByteArrayReader.java:54)
	at org.apache.hadoop.hdds.scm.storage.BlockInputStream.readWithStrategy(BlockInputStream.java:354)
	at org.apache.hadoop.hdds.scm.storage.ExtendedInputStream.read(ExtendedInputStream.java:56)
	at org.apache.hadoop.hdds.scm.storage.ByteArrayReader.readFromBlock(ByteArrayReader.java:54)
	at org.apache.hadoop.hdds.scm.storage.MultipartInputStream.readWithStrategy(MultipartInputStream.java:96)
	at org.apache.hadoop.hdds.scm.storage.ExtendedInputStream.read(ExtendedInputStream.java:56)
	at org.apache.hadoop.ozone.client.io.OzoneInputStream.read(OzoneInputStream.java:56)
	at java.io.InputStream.read(InputStream.java:101)
	at org.apache.hadoop.ozone.client.rpc.TestOzoneRpcClientAbstract.lambda$testReadKeyWithCorruptedDataWithMutiNodes$29(TestOzoneRpcClientAbstract.java:2084)
	at org.junit.jupiter.api.AssertThrows.assertThrows(AssertThrows.java:53)
	at org.junit.jupiter.api.AssertThrows.assertThrows(AssertThrows.java:35)
	at org.junit.jupiter.api.Assertions.assertThrows(Assertions.java:3115)
	at org.apache.hadoop.ozone.client.rpc.TestOzoneRpcClientAbstract.testReadKeyWithCorruptedDataWithMutiNodes(TestOzoneRpcClientAbstract.java:2081)
	at sun.reflect.NativeMethodAccessorImpl.invoke0(Native Method)
	at sun.reflect.NativeMethodAccessorImpl.invoke(NativeMethodAccessorImpl.java:62)
	at sun.reflect.DelegatingMethodAccessorImpl.invoke(DelegatingMethodAccessorImpl.java:43)
	at java.lang.reflect.Method.invoke(Method.java:498)
	at org.junit.platform.commons.util.ReflectionUtils.invokeMethod(ReflectionUtils.java:728)
	at org.junit.jupiter.engine.execution.MethodInvocation.proceed(MethodInvocation.java:60)
	at org.junit.jupiter.engine.execution.InvocationInterceptorChain$ValidatingInvocation.proceed(InvocationInterceptorChain.java:131)
	at org.junit.jupiter.engine.extension.SameThreadTimeoutInvocation.proceed(SameThreadTimeoutInvocation.java:45)
	at org.junit.jupiter.engine.extension.TimeoutExtension.intercept(TimeoutExtension.java:156)
	at org.junit.jupiter.engine.extension.TimeoutExtension.interceptTestableMethod(TimeoutExtension.java:147)
	at org.junit.jupiter.engine.extension.TimeoutExtension.interceptTestMethod(TimeoutExtension.java:86)
	at org.junit.jupiter.engine.execution.InterceptingExecutableInvoker$ReflectiveInterceptorCall.lambda$ofVoidMethod$0(InterceptingExecutableInvoker.java:103)
	at org.junit.jupiter.engine.execution.InterceptingExecutableInvoker.lambda$invoke$0(InterceptingExecutableInvoker.java:93)
	at org.junit.jupiter.engine.execution.InvocationInterceptorChain$InterceptedInvocation.proceed(InvocationInterceptorChain.java:106)
	at org.junit.jupiter.engine.execution.InvocationInterceptorChain.proceed(InvocationInterceptorChain.java:64)
	at org.junit.jupiter.engine.execution.InvocationInterceptorChain.chainAndInvoke(InvocationInterceptorChain.java:45)
	at org.junit.jupiter.engine.execution.InvocationInterceptorChain.invoke(InvocationInterceptorChain.java:37)
	at org.junit.jupiter.engine.execution.InterceptingExecutableInvoker.invoke(InterceptingExecutableInvoker.java:92)
	at org.junit.jupiter.engine.execution.InterceptingExecutableInvoker.invoke(InterceptingExecutableInvoker.java:86)
	at org.junit.jupiter.engine.descriptor.TestMethodTestDescriptor.lambda$invokeTestMethod$7(TestMethodTestDescriptor.java:218)
	at org.junit.platform.engine.support.hierarchical.ThrowableCollector.execute(ThrowableCollector.java:73)
	at org.junit.jupiter.engine.descriptor.TestMethodTestDescriptor.invokeTestMethod(TestMethodTestDescriptor.java:214)
	at org.junit.jupiter.engine.descriptor.TestMethodTestDescriptor.execute(TestMethodTestDescriptor.java:139)
	at org.junit.jupiter.engine.descriptor.TestMethodTestDescriptor.execute(TestMethodTestDescriptor.java:69)
	at org.junit.platform.engine.support.hierarchical.NodeTestTask.lambda$executeRecursively$6(NodeTestTask.java:151)
	at org.junit.platform.engine.support.hierarchical.ThrowableCollector.execute(ThrowableCollector.java:73)
	at org.junit.platform.engine.support.hierarchical.NodeTestTask.lambda$executeRecursively$8(NodeTestTask.java:141)
	at org.junit.platform.engine.support.hierarchical.Node.around(Node.java:137)
	at org.junit.platform.engine.support.hierarchical.NodeTestTask.lambda$executeRecursively$9(NodeTestTask.java:139)
	at org.junit.platform.engine.support.hierarchical.ThrowableCollector.execute(ThrowableCollector.java:73)
	at org.junit.platform.engine.support.hierarchical.NodeTestTask.executeRecursively(NodeTestTask.java:138)
	at org.junit.platform.engine.support.hierarchical.NodeTestTask.execute(NodeTestTask.java:95)
	at java.util.ArrayList.forEach(ArrayList.java:1259)
	at org.junit.platform.engine.support.hierarchical.SameThreadHierarchicalTestExecutorService.invokeAll(SameThreadHierarchicalTestExecutorService.java:41)
	at org.junit.platform.engine.support.hierarchical.NodeTestTask.lambda$executeRecursively$6(NodeTestTask.java:155)
	at org.junit.platform.engine.support.hierarchical.ThrowableCollector.execute(ThrowableCollector.java:73)
	at org.junit.platform.engine.support.hierarchical.NodeTestTask.lambda$executeRecursively$8(NodeTestTask.java:141)
	at org.junit.platform.engine.support.hierarchical.Node.around(Node.java:137)
	at org.junit.platform.engine.support.hierarchical.NodeTestTask.lambda$executeRecursively$9(NodeTestTask.java:139)
	at org.junit.platform.engine.support.hierarchical.ThrowableCollector.execute(ThrowableCollector.java:73)
	at org.junit.platform.engine.support.hierarchical.NodeTestTask.executeRecursively(NodeTestTask.java:138)
	at org.junit.platform.engine.support.hierarchical.NodeTestTask.execute(NodeTestTask.java:95)
	at java.util.ArrayList.forEach(ArrayList.java:1259)
	at org.junit.platform.engine.support.hierarchical.SameThreadHierarchicalTestExecutorService.invokeAll(SameThreadHierarchicalTestExecutorService.java:41)
	at org.junit.platform.engine.support.hierarchical.NodeTestTask.lambda$executeRecursively$6(NodeTestTask.java:155)
	at org.junit.platform.engine.support.hierarchical.ThrowableCollector.execute(ThrowableCollector.java:73)
	at org.junit.platform.engine.support.hierarchical.NodeTestTask.lambda$executeRecursively$8(NodeTestTask.java:141)
	at org.junit.platform.engine.support.hierarchical.Node.around(Node.java:137)
	at org.junit.platform.engine.support.hierarchical.NodeTestTask.lambda$executeRecursively$9(NodeTestTask.java:139)
	at org.junit.platform.engine.support.hierarchical.ThrowableCollector.execute(ThrowableCollector.java:73)
	at org.junit.platform.engine.support.hierarchical.NodeTestTask.executeRecursively(NodeTestTask.java:138)
	at org.junit.platform.engine.support.hierarchical.NodeTestTask.execute(NodeTestTask.java:95)
	at org.junit.platform.engine.support.hierarchical.SameThreadHierarchicalTestExecutorService.submit(SameThreadHierarchicalTestExecutorService.java:35)
	at org.junit.platform.engine.support.hierarchical.HierarchicalTestExecutor.execute(HierarchicalTestExecutor.java:57)
	at org.junit.platform.engine.support.hierarchical.HierarchicalTestEngine.execute(HierarchicalTestEngine.java:54)
	at org.junit.platform.launcher.core.EngineExecutionOrchestrator.execute(EngineExecutionOrchestrator.java:198)
	at org.junit.platform.launcher.core.EngineExecutionOrchestrator.execute(EngineExecutionOrchestrator.java:169)
	at org.junit.platform.launcher.core.EngineExecutionOrchestrator.execute(EngineExecutionOrchestrator.java:93)
	at org.junit.platform.launcher.core.EngineExecutionOrchestrator.lambda$execute$0(EngineExecutionOrchestrator.java:58)
	at org.junit.platform.launcher.core.EngineExecutionOrchestrator.withInterceptedStreams(EngineExecutionOrchestrator.java:141)
	at org.junit.platform.launcher.core.EngineExecutionOrchestrator.execute(EngineExecutionOrchestrator.java:57)
	at org.junit.platform.launcher.core.DefaultLauncher.execute(DefaultLauncher.java:103)
	at org.junit.platform.launcher.core.DefaultLauncher.execute(DefaultLauncher.java:85)
	at org.junit.platform.launcher.core.DelegatingLauncher.execute(DelegatingLauncher.java:47)
	at org.junit.platform.launcher.core.SessionPerRequestLauncher.execute(SessionPerRequestLauncher.java:63)
	at org.apache.maven.surefire.junitplatform.JUnitPlatformProvider.execute(JUnitPlatformProvider.java:188)
	at org.apache.maven.surefire.junitplatform.JUnitPlatformProvider.invokeAllTests(JUnitPlatformProvider.java:154)
	at org.apache.maven.surefire.junitplatform.JUnitPlatformProvider.invoke(JUnitPlatformProvider.java:124)
	at org.apache.maven.surefire.booter.ForkedBooter.runSuitesInProcess(ForkedBooter.java:428)
	at org.apache.maven.surefire.booter.ForkedBooter.execute(ForkedBooter.java:162)
	at org.apache.maven.surefire.booter.ForkedBooter.run(ForkedBooter.java:562)
	at org.apache.maven.surefire.booter.ForkedBooter.main(ForkedBooter.java:548)
2024-01-26 21:34:44,026 [main] ERROR scm.XceiverClientGrpc (XceiverClientGrpc.java:sendCommandWithRetry(443)) - Failed to execute command ReadChunk on the pipeline Pipeline[ Id: 6bb2a1d8-6a1b-481f-bac4-db88475e5c12, Nodes: 67e21e31-4dca-48e2-85b4-2f4b1b69db84(fv-az1566-86.204dmbdutxxevaxlgbjnwxhbkd.phxx.internal.cloudapp.net/10.1.0.5)c424f152-b0b1-403f-ad43-57b6eddc8681(fv-az1566-86.204dmbdutxxevaxlgbjnwxhbkd.phxx.internal.cloudapp.net/10.1.0.5)a4a3addc-657d-412b-928e-3d6f899db221(fv-az1566-86.204dmbdutxxevaxlgbjnwxhbkd.phxx.internal.cloudapp.net/10.1.0.5), ReplicationConfig: STANDALONE/THREE, State:OPEN, leaderId:c424f152-b0b1-403f-ad43-57b6eddc8681, CreationTimestamp2024-01-26T21:34:15.025Z[Etc/UTC]].
2024-01-26 21:34:44,027 [main] WARN  storage.ContainerProtocolCalls (ContainerProtocolCalls.java:tryEachDatanode(150)) - Failed to read chunk 113750153625600391_chunk_1 (len=12) conID: 13 locID: 113750153625600391 bcsId: 159 from 67e21e31-4dca-48e2-85b4-2f4b1b69db84(fv-az1566-86.204dmbdutxxevaxlgbjnwxhbkd.phxx.internal.cloudapp.net/10.1.0.5); will try another datanode.
org.apache.hadoop.ozone.common.OzoneChecksumException: Checksum mismatch at index 0
	at org.apache.hadoop.ozone.common.ChecksumData.verifyChecksumDataMatches(ChecksumData.java:139)
	at org.apache.hadoop.ozone.common.Checksum.verifyChecksum(Checksum.java:300)
	at org.apache.hadoop.hdds.scm.storage.ChunkInputStream.validateChunk(ChunkInputStream.java:488)
	at org.apache.hadoop.hdds.scm.XceiverClientGrpc.sendCommandWithRetry(XceiverClientGrpc.java:400)
	at org.apache.hadoop.hdds.scm.XceiverClientGrpc.lambda$sendCommandWithTraceIDAndRetry$0(XceiverClientGrpc.java:340)
	at org.apache.hadoop.hdds.tracing.TracingUtil.executeInSpan(TracingUtil.java:169)
	at org.apache.hadoop.hdds.tracing.TracingUtil.executeInNewSpan(TracingUtil.java:149)
	at org.apache.hadoop.hdds.scm.XceiverClientGrpc.sendCommandWithTraceIDAndRetry(XceiverClientGrpc.java:335)
	at org.apache.hadoop.hdds.scm.XceiverClientGrpc.sendCommand(XceiverClientGrpc.java:316)
	at org.apache.hadoop.hdds.scm.storage.ContainerProtocolCalls.readChunk(ContainerProtocolCalls.java:327)
	at org.apache.hadoop.hdds.scm.storage.ContainerProtocolCalls.lambda$readChunk$2(ContainerProtocolCalls.java:314)
	at org.apache.hadoop.hdds.scm.storage.ContainerProtocolCalls.tryEachDatanode(ContainerProtocolCalls.java:146)
	at org.apache.hadoop.hdds.scm.storage.ContainerProtocolCalls.readChunk(ContainerProtocolCalls.java:313)
	at org.apache.hadoop.hdds.scm.storage.ChunkInputStream.readChunk(ChunkInputStream.java:425)
	at org.apache.hadoop.hdds.scm.storage.ChunkInputStream.readChunkDataIntoBuffers(ChunkInputStream.java:402)
	at org.apache.hadoop.hdds.scm.storage.ChunkInputStream.readChunkFromContainer(ChunkInputStream.java:387)
	at org.apache.hadoop.hdds.scm.storage.ChunkInputStream.prepareRead(ChunkInputStream.java:329)
	at org.apache.hadoop.hdds.scm.storage.ChunkInputStream.read(ChunkInputStream.java:173)
	at org.apache.hadoop.hdds.scm.storage.ByteArrayReader.readFromBlock(ByteArrayReader.java:54)
	at org.apache.hadoop.hdds.scm.storage.BlockInputStream.readWithStrategy(BlockInputStream.java:354)
	at org.apache.hadoop.hdds.scm.storage.ExtendedInputStream.read(ExtendedInputStream.java:56)
	at org.apache.hadoop.hdds.scm.storage.ByteArrayReader.readFromBlock(ByteArrayReader.java:54)
	at org.apache.hadoop.hdds.scm.storage.MultipartInputStream.readWithStrategy(MultipartInputStream.java:96)
	at org.apache.hadoop.hdds.scm.storage.ExtendedInputStream.read(ExtendedInputStream.java:56)
	at org.apache.hadoop.ozone.client.io.OzoneInputStream.read(OzoneInputStream.java:56)
	at java.io.InputStream.read(InputStream.java:101)
	at org.apache.hadoop.ozone.client.rpc.TestOzoneRpcClientAbstract.lambda$testReadKeyWithCorruptedDataWithMutiNodes$29(TestOzoneRpcClientAbstract.java:2084)
	at org.junit.jupiter.api.AssertThrows.assertThrows(AssertThrows.java:53)
	at org.junit.jupiter.api.AssertThrows.assertThrows(AssertThrows.java:35)
	at org.junit.jupiter.api.Assertions.assertThrows(Assertions.java:3115)
	at org.apache.hadoop.ozone.client.rpc.TestOzoneRpcClientAbstract.testReadKeyWithCorruptedDataWithMutiNodes(TestOzoneRpcClientAbstract.java:2081)
	at sun.reflect.NativeMethodAccessorImpl.invoke0(Native Method)
	at sun.reflect.NativeMethodAccessorImpl.invoke(NativeMethodAccessorImpl.java:62)
	at sun.reflect.DelegatingMethodAccessorImpl.invoke(DelegatingMethodAccessorImpl.java:43)
	at java.lang.reflect.Method.invoke(Method.java:498)
	at org.junit.platform.commons.util.ReflectionUtils.invokeMethod(ReflectionUtils.java:728)
	at org.junit.jupiter.engine.execution.MethodInvocation.proceed(MethodInvocation.java:60)
	at org.junit.jupiter.engine.execution.InvocationInterceptorChain$ValidatingInvocation.proceed(InvocationInterceptorChain.java:131)
	at org.junit.jupiter.engine.extension.SameThreadTimeoutInvocation.proceed(SameThreadTimeoutInvocation.java:45)
	at org.junit.jupiter.engine.extension.TimeoutExtension.intercept(TimeoutExtension.java:156)
	at org.junit.jupiter.engine.extension.TimeoutExtension.interceptTestableMethod(TimeoutExtension.java:147)
	at org.junit.jupiter.engine.extension.TimeoutExtension.interceptTestMethod(TimeoutExtension.java:86)
	at org.junit.jupiter.engine.execution.InterceptingExecutableInvoker$ReflectiveInterceptorCall.lambda$ofVoidMethod$0(InterceptingExecutableInvoker.java:103)
	at org.junit.jupiter.engine.execution.InterceptingExecutableInvoker.lambda$invoke$0(InterceptingExecutableInvoker.java:93)
	at org.junit.jupiter.engine.execution.InvocationInterceptorChain$InterceptedInvocation.proceed(InvocationInterceptorChain.java:106)
	at org.junit.jupiter.engine.execution.InvocationInterceptorChain.proceed(InvocationInterceptorChain.java:64)
	at org.junit.jupiter.engine.execution.InvocationInterceptorChain.chainAndInvoke(InvocationInterceptorChain.java:45)
	at org.junit.jupiter.engine.execution.InvocationInterceptorChain.invoke(InvocationInterceptorChain.java:37)
	at org.junit.jupiter.engine.execution.InterceptingExecutableInvoker.invoke(InterceptingExecutableInvoker.java:92)
	at org.junit.jupiter.engine.execution.InterceptingExecutableInvoker.invoke(InterceptingExecutableInvoker.java:86)
	at org.junit.jupiter.engine.descriptor.TestMethodTestDescriptor.lambda$invokeTestMethod$7(TestMethodTestDescriptor.java:218)
	at org.junit.platform.engine.support.hierarchical.ThrowableCollector.execute(ThrowableCollector.java:73)
	at org.junit.jupiter.engine.descriptor.TestMethodTestDescriptor.invokeTestMethod(TestMethodTestDescriptor.java:214)
	at org.junit.jupiter.engine.descriptor.TestMethodTestDescriptor.execute(TestMethodTestDescriptor.java:139)
	at org.junit.jupiter.engine.descriptor.TestMethodTestDescriptor.execute(TestMethodTestDescriptor.java:69)
	at org.junit.platform.engine.support.hierarchical.NodeTestTask.lambda$executeRecursively$6(NodeTestTask.java:151)
	at org.junit.platform.engine.support.hierarchical.ThrowableCollector.execute(ThrowableCollector.java:73)
	at org.junit.platform.engine.support.hierarchical.NodeTestTask.lambda$executeRecursively$8(NodeTestTask.java:141)
	at org.junit.platform.engine.support.hierarchical.Node.around(Node.java:137)
	at org.junit.platform.engine.support.hierarchical.NodeTestTask.lambda$executeRecursively$9(NodeTestTask.java:139)
	at org.junit.platform.engine.support.hierarchical.ThrowableCollector.execute(ThrowableCollector.java:73)
	at org.junit.platform.engine.support.hierarchical.NodeTestTask.executeRecursively(NodeTestTask.java:138)
	at org.junit.platform.engine.support.hierarchical.NodeTestTask.execute(NodeTestTask.java:95)
	at java.util.ArrayList.forEach(ArrayList.java:1259)
	at org.junit.platform.engine.support.hierarchical.SameThreadHierarchicalTestExecutorService.invokeAll(SameThreadHierarchicalTestExecutorService.java:41)
	at org.junit.platform.engine.support.hierarchical.NodeTestTask.lambda$executeRecursively$6(NodeTestTask.java:155)
	at org.junit.platform.engine.support.hierarchical.ThrowableCollector.execute(ThrowableCollector.java:73)
	at org.junit.platform.engine.support.hierarchical.NodeTestTask.lambda$executeRecursively$8(NodeTestTask.java:141)
	at org.junit.platform.engine.support.hierarchical.Node.around(Node.java:137)
	at org.junit.platform.engine.support.hierarchical.NodeTestTask.lambda$executeRecursively$9(NodeTestTask.java:139)
	at org.junit.platform.engine.support.hierarchical.ThrowableCollector.execute(ThrowableCollector.java:73)
	at org.junit.platform.engine.support.hierarchical.NodeTestTask.executeRecursively(NodeTestTask.java:138)
	at org.junit.platform.engine.support.hierarchical.NodeTestTask.execute(NodeTestTask.java:95)
	at java.util.ArrayList.forEach(ArrayList.java:1259)
	at org.junit.platform.engine.support.hierarchical.SameThreadHierarchicalTestExecutorService.invokeAll(SameThreadHierarchicalTestExecutorService.java:41)
	at org.junit.platform.engine.support.hierarchical.NodeTestTask.lambda$executeRecursively$6(NodeTestTask.java:155)
	at org.junit.platform.engine.support.hierarchical.ThrowableCollector.execute(ThrowableCollector.java:73)
	at org.junit.platform.engine.support.hierarchical.NodeTestTask.lambda$executeRecursively$8(NodeTestTask.java:141)
	at org.junit.platform.engine.support.hierarchical.Node.around(Node.java:137)
	at org.junit.platform.engine.support.hierarchical.NodeTestTask.lambda$executeRecursively$9(NodeTestTask.java:139)
	at org.junit.platform.engine.support.hierarchical.ThrowableCollector.execute(ThrowableCollector.java:73)
	at org.junit.platform.engine.support.hierarchical.NodeTestTask.executeRecursively(NodeTestTask.java:138)
	at org.junit.platform.engine.support.hierarchical.NodeTestTask.execute(NodeTestTask.java:95)
	at org.junit.platform.engine.support.hierarchical.SameThreadHierarchicalTestExecutorService.submit(SameThreadHierarchicalTestExecutorService.java:35)
	at org.junit.platform.engine.support.hierarchical.HierarchicalTestExecutor.execute(HierarchicalTestExecutor.java:57)
	at org.junit.platform.engine.support.hierarchical.HierarchicalTestEngine.execute(HierarchicalTestEngine.java:54)
	at org.junit.platform.launcher.core.EngineExecutionOrchestrator.execute(EngineExecutionOrchestrator.java:198)
	at org.junit.platform.launcher.core.EngineExecutionOrchestrator.execute(EngineExecutionOrchestrator.java:169)
	at org.junit.platform.launcher.core.EngineExecutionOrchestrator.execute(EngineExecutionOrchestrator.java:93)
	at org.junit.platform.launcher.core.EngineExecutionOrchestrator.lambda$execute$0(EngineExecutionOrchestrator.java:58)
	at org.junit.platform.launcher.core.EngineExecutionOrchestrator.withInterceptedStreams(EngineExecutionOrchestrator.java:141)
	at org.junit.platform.launcher.core.EngineExecutionOrchestrator.execute(EngineExecutionOrchestrator.java:57)
	at org.junit.platform.launcher.core.DefaultLauncher.execute(DefaultLauncher.java:103)
	at org.junit.platform.launcher.core.DefaultLauncher.execute(DefaultLauncher.java:85)
	at org.junit.platform.launcher.core.DelegatingLauncher.execute(DelegatingLauncher.java:47)
	at org.junit.platform.launcher.core.SessionPerRequestLauncher.execute(SessionPerRequestLauncher.java:63)
	at org.apache.maven.surefire.junitplatform.JUnitPlatformProvider.execute(JUnitPlatformProvider.java:188)
	at org.apache.maven.surefire.junitplatform.JUnitPlatformProvider.invokeAllTests(JUnitPlatformProvider.java:154)
	at org.apache.maven.surefire.junitplatform.JUnitPlatformProvider.invoke(JUnitPlatformProvider.java:124)
	at org.apache.maven.surefire.booter.ForkedBooter.runSuitesInProcess(ForkedBooter.java:428)
	at org.apache.maven.surefire.booter.ForkedBooter.execute(ForkedBooter.java:162)
	at org.apache.maven.surefire.booter.ForkedBooter.run(ForkedBooter.java:562)
	at org.apache.maven.surefire.booter.ForkedBooter.main(ForkedBooter.java:548)
2024-01-26 21:34:44,032 [main] ERROR scm.XceiverClientGrpc (XceiverClientGrpc.java:sendCommandWithRetry(443)) - Failed to execute command ReadChunk on the pipeline Pipeline[ Id: 6bb2a1d8-6a1b-481f-bac4-db88475e5c12, Nodes: 67e21e31-4dca-48e2-85b4-2f4b1b69db84(fv-az1566-86.204dmbdutxxevaxlgbjnwxhbkd.phxx.internal.cloudapp.net/10.1.0.5)c424f152-b0b1-403f-ad43-57b6eddc8681(fv-az1566-86.204dmbdutxxevaxlgbjnwxhbkd.phxx.internal.cloudapp.net/10.1.0.5)a4a3addc-657d-412b-928e-3d6f899db221(fv-az1566-86.204dmbdutxxevaxlgbjnwxhbkd.phxx.internal.cloudapp.net/10.1.0.5), ReplicationConfig: STANDALONE/THREE, State:OPEN, leaderId:c424f152-b0b1-403f-ad43-57b6eddc8681, CreationTimestamp2024-01-26T21:34:15.025Z[Etc/UTC]].
2024-01-26 21:34:44,035 [main] ERROR scm.XceiverClientGrpc (XceiverClientGrpc.java:sendCommandWithRetry(443)) - Failed to execute command ReadChunk on the pipeline Pipeline[ Id: 6bb2a1d8-6a1b-481f-bac4-db88475e5c12, Nodes: 67e21e31-4dca-48e2-85b4-2f4b1b69db84(fv-az1566-86.204dmbdutxxevaxlgbjnwxhbkd.phxx.internal.cloudapp.net/10.1.0.5)c424f152-b0b1-403f-ad43-57b6eddc8681(fv-az1566-86.204dmbdutxxevaxlgbjnwxhbkd.phxx.internal.cloudapp.net/10.1.0.5)a4a3addc-657d-412b-928e-3d6f899db221(fv-az1566-86.204dmbdutxxevaxlgbjnwxhbkd.phxx.internal.cloudapp.net/10.1.0.5), ReplicationConfig: STANDALONE/THREE, State:OPEN, leaderId:c424f152-b0b1-403f-ad43-57b6eddc8681, CreationTimestamp2024-01-26T21:34:15.025Z[Etc/UTC]].
2024-01-26 21:34:44,036 [main] WARN  storage.ContainerProtocolCalls (ContainerProtocolCalls.java:tryEachDatanode(150)) - Failed to read chunk 113750153625600391_chunk_1 (len=12) conID: 13 locID: 113750153625600391 bcsId: 159 from c424f152-b0b1-403f-ad43-57b6eddc8681(fv-az1566-86.204dmbdutxxevaxlgbjnwxhbkd.phxx.internal.cloudapp.net/10.1.0.5); will try another datanode.
org.apache.hadoop.ozone.common.OzoneChecksumException: Checksum mismatch at index 0
	at org.apache.hadoop.ozone.common.ChecksumData.verifyChecksumDataMatches(ChecksumData.java:139)
	at org.apache.hadoop.ozone.common.Checksum.verifyChecksum(Checksum.java:300)
	at org.apache.hadoop.hdds.scm.storage.ChunkInputStream.validateChunk(ChunkInputStream.java:488)
	at org.apache.hadoop.hdds.scm.XceiverClientGrpc.sendCommandWithRetry(XceiverClientGrpc.java:400)
	at org.apache.hadoop.hdds.scm.XceiverClientGrpc.lambda$sendCommandWithTraceIDAndRetry$0(XceiverClientGrpc.java:340)
	at org.apache.hadoop.hdds.tracing.TracingUtil.executeInSpan(TracingUtil.java:169)
	at org.apache.hadoop.hdds.tracing.TracingUtil.executeInNewSpan(TracingUtil.java:149)
	at org.apache.hadoop.hdds.scm.XceiverClientGrpc.sendCommandWithTraceIDAndRetry(XceiverClientGrpc.java:335)
	at org.apache.hadoop.hdds.scm.XceiverClientGrpc.sendCommand(XceiverClientGrpc.java:316)
	at org.apache.hadoop.hdds.scm.storage.ContainerProtocolCalls.readChunk(ContainerProtocolCalls.java:327)
	at org.apache.hadoop.hdds.scm.storage.ContainerProtocolCalls.lambda$readChunk$2(ContainerProtocolCalls.java:314)
	at org.apache.hadoop.hdds.scm.storage.ContainerProtocolCalls.tryEachDatanode(ContainerProtocolCalls.java:146)
	at org.apache.hadoop.hdds.scm.storage.ContainerProtocolCalls.readChunk(ContainerProtocolCalls.java:313)
	at org.apache.hadoop.hdds.scm.storage.ChunkInputStream.readChunk(ChunkInputStream.java:425)
	at org.apache.hadoop.hdds.scm.storage.ChunkInputStream.readChunkDataIntoBuffers(ChunkInputStream.java:402)
	at org.apache.hadoop.hdds.scm.storage.ChunkInputStream.readChunkFromContainer(ChunkInputStream.java:387)
	at org.apache.hadoop.hdds.scm.storage.ChunkInputStream.prepareRead(ChunkInputStream.java:319)
	at org.apache.hadoop.hdds.scm.storage.ChunkInputStream.read(ChunkInputStream.java:173)
	at org.apache.hadoop.hdds.scm.storage.ByteArrayReader.readFromBlock(ByteArrayReader.java:54)
	at org.apache.hadoop.hdds.scm.storage.BlockInputStream.readWithStrategy(BlockInputStream.java:354)
	at org.apache.hadoop.hdds.scm.storage.ExtendedInputStream.read(ExtendedInputStream.java:56)
	at org.apache.hadoop.hdds.scm.storage.ByteArrayReader.readFromBlock(ByteArrayReader.java:54)
	at org.apache.hadoop.hdds.scm.storage.MultipartInputStream.readWithStrategy(MultipartInputStream.java:96)
	at org.apache.hadoop.hdds.scm.storage.ExtendedInputStream.read(ExtendedInputStream.java:56)
	at org.apache.hadoop.ozone.client.io.OzoneInputStream.read(OzoneInputStream.java:56)
	at java.io.InputStream.read(InputStream.java:101)
	at org.apache.hadoop.ozone.client.rpc.TestOzoneRpcClientAbstract.lambda$testReadKeyWithCorruptedDataWithMutiNodes$29(TestOzoneRpcClientAbstract.java:2084)
	at org.junit.jupiter.api.AssertThrows.assertThrows(AssertThrows.java:53)
	at org.junit.jupiter.api.AssertThrows.assertThrows(AssertThrows.java:35)
	at org.junit.jupiter.api.Assertions.assertThrows(Assertions.java:3115)
	at org.apache.hadoop.ozone.client.rpc.TestOzoneRpcClientAbstract.testReadKeyWithCorruptedDataWithMutiNodes(TestOzoneRpcClientAbstract.java:2081)
	at sun.reflect.NativeMethodAccessorImpl.invoke0(Native Method)
	at sun.reflect.NativeMethodAccessorImpl.invoke(NativeMethodAccessorImpl.java:62)
	at sun.reflect.DelegatingMethodAccessorImpl.invoke(DelegatingMethodAccessorImpl.java:43)
	at java.lang.reflect.Method.invoke(Method.java:498)
	at org.junit.platform.commons.util.ReflectionUtils.invokeMethod(ReflectionUtils.java:728)
	at org.junit.jupiter.engine.execution.MethodInvocation.proceed(MethodInvocation.java:60)
	at org.junit.jupiter.engine.execution.InvocationInterceptorChain$ValidatingInvocation.proceed(InvocationInterceptorChain.java:131)
	at org.junit.jupiter.engine.extension.SameThreadTimeoutInvocation.proceed(SameThreadTimeoutInvocation.java:45)
	at org.junit.jupiter.engine.extension.TimeoutExtension.intercept(TimeoutExtension.java:156)
	at org.junit.jupiter.engine.extension.TimeoutExtension.interceptTestableMethod(TimeoutExtension.java:147)
	at org.junit.jupiter.engine.extension.TimeoutExtension.interceptTestMethod(TimeoutExtension.java:86)
	at org.junit.jupiter.engine.execution.InterceptingExecutableInvoker$ReflectiveInterceptorCall.lambda$ofVoidMethod$0(InterceptingExecutableInvoker.java:103)
	at org.junit.jupiter.engine.execution.InterceptingExecutableInvoker.lambda$invoke$0(InterceptingExecutableInvoker.java:93)
	at org.junit.jupiter.engine.execution.InvocationInterceptorChain$InterceptedInvocation.proceed(InvocationInterceptorChain.java:106)
	at org.junit.jupiter.engine.execution.InvocationInterceptorChain.proceed(InvocationInterceptorChain.java:64)
	at org.junit.jupiter.engine.execution.InvocationInterceptorChain.chainAndInvoke(InvocationInterceptorChain.java:45)
	at org.junit.jupiter.engine.execution.InvocationInterceptorChain.invoke(InvocationInterceptorChain.java:37)
	at org.junit.jupiter.engine.execution.InterceptingExecutableInvoker.invoke(InterceptingExecutableInvoker.java:92)
	at org.junit.jupiter.engine.execution.InterceptingExecutableInvoker.invoke(InterceptingExecutableInvoker.java:86)
	at org.junit.jupiter.engine.descriptor.TestMethodTestDescriptor.lambda$invokeTestMethod$7(TestMethodTestDescriptor.java:218)
	at org.junit.platform.engine.support.hierarchical.ThrowableCollector.execute(ThrowableCollector.java:73)
	at org.junit.jupiter.engine.descriptor.TestMethodTestDescriptor.invokeTestMethod(TestMethodTestDescriptor.java:214)
	at org.junit.jupiter.engine.descriptor.TestMethodTestDescriptor.execute(TestMethodTestDescriptor.java:139)
	at org.junit.jupiter.engine.descriptor.TestMethodTestDescriptor.execute(TestMethodTestDescriptor.java:69)
	at org.junit.platform.engine.support.hierarchical.NodeTestTask.lambda$executeRecursively$6(NodeTestTask.java:151)
	at org.junit.platform.engine.support.hierarchical.ThrowableCollector.execute(ThrowableCollector.java:73)
	at org.junit.platform.engine.support.hierarchical.NodeTestTask.lambda$executeRecursively$8(NodeTestTask.java:141)
	at org.junit.platform.engine.support.hierarchical.Node.around(Node.java:137)
	at org.junit.platform.engine.support.hierarchical.NodeTestTask.lambda$executeRecursively$9(NodeTestTask.java:139)
	at org.junit.platform.engine.support.hierarchical.ThrowableCollector.execute(ThrowableCollector.java:73)
	at org.junit.platform.engine.support.hierarchical.NodeTestTask.executeRecursively(NodeTestTask.java:138)
	at org.junit.platform.engine.support.hierarchical.NodeTestTask.execute(NodeTestTask.java:95)
	at java.util.ArrayList.forEach(ArrayList.java:1259)
	at org.junit.platform.engine.support.hierarchical.SameThreadHierarchicalTestExecutorService.invokeAll(SameThreadHierarchicalTestExecutorService.java:41)
	at org.junit.platform.engine.support.hierarchical.NodeTestTask.lambda$executeRecursively$6(NodeTestTask.java:155)
	at org.junit.platform.engine.support.hierarchical.ThrowableCollector.execute(ThrowableCollector.java:73)
	at org.junit.platform.engine.support.hierarchical.NodeTestTask.lambda$executeRecursively$8(NodeTestTask.java:141)
	at org.junit.platform.engine.support.hierarchical.Node.around(Node.java:137)
	at org.junit.platform.engine.support.hierarchical.NodeTestTask.lambda$executeRecursively$9(NodeTestTask.java:139)
	at org.junit.platform.engine.support.hierarchical.ThrowableCollector.execute(ThrowableCollector.java:73)
	at org.junit.platform.engine.support.hierarchical.NodeTestTask.executeRecursively(NodeTestTask.java:138)
	at org.junit.platform.engine.support.hierarchical.NodeTestTask.execute(NodeTestTask.java:95)
	at java.util.ArrayList.forEach(ArrayList.java:1259)
	at org.junit.platform.engine.support.hierarchical.SameThreadHierarchicalTestExecutorService.invokeAll(SameThreadHierarchicalTestExecutorService.java:41)
	at org.junit.platform.engine.support.hierarchical.NodeTestTask.lambda$executeRecursively$6(NodeTestTask.java:155)
	at org.junit.platform.engine.support.hierarchical.ThrowableCollector.execute(ThrowableCollector.java:73)
	at org.junit.platform.engine.support.hierarchical.NodeTestTask.lambda$executeRecursively$8(NodeTestTask.java:141)
	at org.junit.platform.engine.support.hierarchical.Node.around(Node.java:137)
	at org.junit.platform.engine.support.hierarchical.NodeTestTask.lambda$executeRecursively$9(NodeTestTask.java:139)
	at org.junit.platform.engine.support.hierarchical.ThrowableCollector.execute(ThrowableCollector.java:73)
	at org.junit.platform.engine.support.hierarchical.NodeTestTask.executeRecursively(NodeTestTask.java:138)
	at org.junit.platform.engine.support.hierarchical.NodeTestTask.execute(NodeTestTask.java:95)
	at org.junit.platform.engine.support.hierarchical.SameThreadHierarchicalTestExecutorService.submit(SameThreadHierarchicalTestExecutorService.java:35)
	at org.junit.platform.engine.support.hierarchical.HierarchicalTestExecutor.execute(HierarchicalTestExecutor.java:57)
	at org.junit.platform.engine.support.hierarchical.HierarchicalTestEngine.execute(HierarchicalTestEngine.java:54)
	at org.junit.platform.launcher.core.EngineExecutionOrchestrator.execute(EngineExecutionOrchestrator.java:198)
	at org.junit.platform.launcher.core.EngineExecutionOrchestrator.execute(EngineExecutionOrchestrator.java:169)
	at org.junit.platform.launcher.core.EngineExecutionOrchestrator.execute(EngineExecutionOrchestrator.java:93)
	at org.junit.platform.launcher.core.EngineExecutionOrchestrator.lambda$execute$0(EngineExecutionOrchestrator.java:58)
	at org.junit.platform.launcher.core.EngineExecutionOrchestrator.withInterceptedStreams(EngineExecutionOrchestrator.java:141)
	at org.junit.platform.launcher.core.EngineExecutionOrchestrator.execute(EngineExecutionOrchestrator.java:57)
	at org.junit.platform.launcher.core.DefaultLauncher.execute(DefaultLauncher.java:103)
	at org.junit.platform.launcher.core.DefaultLauncher.execute(DefaultLauncher.java:85)
	at org.junit.platform.launcher.core.DelegatingLauncher.execute(DelegatingLauncher.java:47)
	at org.junit.platform.launcher.core.SessionPerRequestLauncher.execute(SessionPerRequestLauncher.java:63)
	at org.apache.maven.surefire.junitplatform.JUnitPlatformProvider.execute(JUnitPlatformProvider.java:188)
	at org.apache.maven.surefire.junitplatform.JUnitPlatformProvider.invokeAllTests(JUnitPlatformProvider.java:154)
	at org.apache.maven.surefire.junitplatform.JUnitPlatformProvider.invoke(JUnitPlatformProvider.java:124)
	at org.apache.maven.surefire.booter.ForkedBooter.runSuitesInProcess(ForkedBooter.java:428)
	at org.apache.maven.surefire.booter.ForkedBooter.execute(ForkedBooter.java:162)
	at org.apache.maven.surefire.booter.ForkedBooter.run(ForkedBooter.java:562)
	at org.apache.maven.surefire.booter.ForkedBooter.main(ForkedBooter.java:548)
2024-01-26 21:34:44,040 [main] ERROR scm.XceiverClientGrpc (XceiverClientGrpc.java:sendCommandWithRetry(443)) - Failed to execute command ReadChunk on the pipeline Pipeline[ Id: 6bb2a1d8-6a1b-481f-bac4-db88475e5c12, Nodes: 67e21e31-4dca-48e2-85b4-2f4b1b69db84(fv-az1566-86.204dmbdutxxevaxlgbjnwxhbkd.phxx.internal.cloudapp.net/10.1.0.5)c424f152-b0b1-403f-ad43-57b6eddc8681(fv-az1566-86.204dmbdutxxevaxlgbjnwxhbkd.phxx.internal.cloudapp.net/10.1.0.5)a4a3addc-657d-412b-928e-3d6f899db221(fv-az1566-86.204dmbdutxxevaxlgbjnwxhbkd.phxx.internal.cloudapp.net/10.1.0.5), ReplicationConfig: STANDALONE/THREE, State:OPEN, leaderId:c424f152-b0b1-403f-ad43-57b6eddc8681, CreationTimestamp2024-01-26T21:34:15.025Z[Etc/UTC]].
2024-01-26 21:34:44,040 [main] WARN  storage.ContainerProtocolCalls (ContainerProtocolCalls.java:tryEachDatanode(150)) - Failed to read chunk 113750153625600391_chunk_1 (len=12) conID: 13 locID: 113750153625600391 bcsId: 159 from 67e21e31-4dca-48e2-85b4-2f4b1b69db84(fv-az1566-86.204dmbdutxxevaxlgbjnwxhbkd.phxx.internal.cloudapp.net/10.1.0.5); will try another datanode.
org.apache.hadoop.ozone.common.OzoneChecksumException: Checksum mismatch at index 0
	at org.apache.hadoop.ozone.common.ChecksumData.verifyChecksumDataMatches(ChecksumData.java:139)
	at org.apache.hadoop.ozone.common.Checksum.verifyChecksum(Checksum.java:300)
	at org.apache.hadoop.hdds.scm.storage.ChunkInputStream.validateChunk(ChunkInputStream.java:488)
	at org.apache.hadoop.hdds.scm.XceiverClientGrpc.sendCommandWithRetry(XceiverClientGrpc.java:400)
	at org.apache.hadoop.hdds.scm.XceiverClientGrpc.lambda$sendCommandWithTraceIDAndRetry$0(XceiverClientGrpc.java:340)
	at org.apache.hadoop.hdds.tracing.TracingUtil.executeInSpan(TracingUtil.java:169)
	at org.apache.hadoop.hdds.tracing.TracingUtil.executeInNewSpan(TracingUtil.java:149)
	at org.apache.hadoop.hdds.scm.XceiverClientGrpc.sendCommandWithTraceIDAndRetry(XceiverClientGrpc.java:335)
	at org.apache.hadoop.hdds.scm.XceiverClientGrpc.sendCommand(XceiverClientGrpc.java:316)
	at org.apache.hadoop.hdds.scm.storage.ContainerProtocolCalls.readChunk(ContainerProtocolCalls.java:327)
	at org.apache.hadoop.hdds.scm.storage.ContainerProtocolCalls.lambda$readChunk$2(ContainerProtocolCalls.java:314)
	at org.apache.hadoop.hdds.scm.storage.ContainerProtocolCalls.tryEachDatanode(ContainerProtocolCalls.java:146)
	at org.apache.hadoop.hdds.scm.storage.ContainerProtocolCalls.readChunk(ContainerProtocolCalls.java:313)
	at org.apache.hadoop.hdds.scm.storage.ChunkInputStream.readChunk(ChunkInputStream.java:425)
	at org.apache.hadoop.hdds.scm.storage.ChunkInputStream.readChunkDataIntoBuffers(ChunkInputStream.java:402)
	at org.apache.hadoop.hdds.scm.storage.ChunkInputStream.readChunkFromContainer(ChunkInputStream.java:387)
	at org.apache.hadoop.hdds.scm.storage.ChunkInputStream.prepareRead(ChunkInputStream.java:319)
	at org.apache.hadoop.hdds.scm.storage.ChunkInputStream.read(ChunkInputStream.java:173)
	at org.apache.hadoop.hdds.scm.storage.ByteArrayReader.readFromBlock(ByteArrayReader.java:54)
	at org.apache.hadoop.hdds.scm.storage.BlockInputStream.readWithStrategy(BlockInputStream.java:354)
	at org.apache.hadoop.hdds.scm.storage.ExtendedInputStream.read(ExtendedInputStream.java:56)
	at org.apache.hadoop.hdds.scm.storage.ByteArrayReader.readFromBlock(ByteArrayReader.java:54)
	at org.apache.hadoop.hdds.scm.storage.MultipartInputStream.readWithStrategy(MultipartInputStream.java:96)
	at org.apache.hadoop.hdds.scm.storage.ExtendedInputStream.read(ExtendedInputStream.java:56)
	at org.apache.hadoop.ozone.client.io.OzoneInputStream.read(OzoneInputStream.java:56)
	at java.io.InputStream.read(InputStream.java:101)
	at org.apache.hadoop.ozone.client.rpc.TestOzoneRpcClientAbstract.lambda$testReadKeyWithCorruptedDataWithMutiNodes$29(TestOzoneRpcClientAbstract.java:2084)
	at org.junit.jupiter.api.AssertThrows.assertThrows(AssertThrows.java:53)
	at org.junit.jupiter.api.AssertThrows.assertThrows(AssertThrows.java:35)
	at org.junit.jupiter.api.Assertions.assertThrows(Assertions.java:3115)
	at org.apache.hadoop.ozone.client.rpc.TestOzoneRpcClientAbstract.testReadKeyWithCorruptedDataWithMutiNodes(TestOzoneRpcClientAbstract.java:2081)
	at sun.reflect.NativeMethodAccessorImpl.invoke0(Native Method)
	at sun.reflect.NativeMethodAccessorImpl.invoke(NativeMethodAccessorImpl.java:62)
	at sun.reflect.DelegatingMethodAccessorImpl.invoke(DelegatingMethodAccessorImpl.java:43)
	at java.lang.reflect.Method.invoke(Method.java:498)
	at org.junit.platform.commons.util.ReflectionUtils.invokeMethod(ReflectionUtils.java:728)
	at org.junit.jupiter.engine.execution.MethodInvocation.proceed(MethodInvocation.java:60)
	at org.junit.jupiter.engine.execution.InvocationInterceptorChain$ValidatingInvocation.proceed(InvocationInterceptorChain.java:131)
	at org.junit.jupiter.engine.extension.SameThreadTimeoutInvocation.proceed(SameThreadTimeoutInvocation.java:45)
	at org.junit.jupiter.engine.extension.TimeoutExtension.intercept(TimeoutExtension.java:156)
	at org.junit.jupiter.engine.extension.TimeoutExtension.interceptTestableMethod(TimeoutExtension.java:147)
	at org.junit.jupiter.engine.extension.TimeoutExtension.interceptTestMethod(TimeoutExtension.java:86)
	at org.junit.jupiter.engine.execution.InterceptingExecutableInvoker$ReflectiveInterceptorCall.lambda$ofVoidMethod$0(InterceptingExecutableInvoker.java:103)
	at org.junit.jupiter.engine.execution.InterceptingExecutableInvoker.lambda$invoke$0(InterceptingExecutableInvoker.java:93)
	at org.junit.jupiter.engine.execution.InvocationInterceptorChain$InterceptedInvocation.proceed(InvocationInterceptorChain.java:106)
	at org.junit.jupiter.engine.execution.InvocationInterceptorChain.proceed(InvocationInterceptorChain.java:64)
	at org.junit.jupiter.engine.execution.InvocationInterceptorChain.chainAndInvoke(InvocationInterceptorChain.java:45)
	at org.junit.jupiter.engine.execution.InvocationInterceptorChain.invoke(InvocationInterceptorChain.java:37)
	at org.junit.jupiter.engine.execution.InterceptingExecutableInvoker.invoke(InterceptingExecutableInvoker.java:92)
	at org.junit.jupiter.engine.execution.InterceptingExecutableInvoker.invoke(InterceptingExecutableInvoker.java:86)
	at org.junit.jupiter.engine.descriptor.TestMethodTestDescriptor.lambda$invokeTestMethod$7(TestMethodTestDescriptor.java:218)
	at org.junit.platform.engine.support.hierarchical.ThrowableCollector.execute(ThrowableCollector.java:73)
	at org.junit.jupiter.engine.descriptor.TestMethodTestDescriptor.invokeTestMethod(TestMethodTestDescriptor.java:214)
	at org.junit.jupiter.engine.descriptor.TestMethodTestDescriptor.execute(TestMethodTestDescriptor.java:139)
	at org.junit.jupiter.engine.descriptor.TestMethodTestDescriptor.execute(TestMethodTestDescriptor.java:69)
	at org.junit.platform.engine.support.hierarchical.NodeTestTask.lambda$executeRecursively$6(NodeTestTask.java:151)
	at org.junit.platform.engine.support.hierarchical.ThrowableCollector.execute(ThrowableCollector.java:73)
	at org.junit.platform.engine.support.hierarchical.NodeTestTask.lambda$executeRecursively$8(NodeTestTask.java:141)
	at org.junit.platform.engine.support.hierarchical.Node.around(Node.java:137)
	at org.junit.platform.engine.support.hierarchical.NodeTestTask.lambda$executeRecursively$9(NodeTestTask.java:139)
	at org.junit.platform.engine.support.hierarchical.ThrowableCollector.execute(ThrowableCollector.java:73)
	at org.junit.platform.engine.support.hierarchical.NodeTestTask.executeRecursively(NodeTestTask.java:138)
	at org.junit.platform.engine.support.hierarchical.NodeTestTask.execute(NodeTestTask.java:95)
	at java.util.ArrayList.forEach(ArrayList.java:1259)
	at org.junit.platform.engine.support.hierarchical.SameThreadHierarchicalTestExecutorService.invokeAll(SameThreadHierarchicalTestExecutorService.java:41)
	at org.junit.platform.engine.support.hierarchical.NodeTestTask.lambda$executeRecursively$6(NodeTestTask.java:155)
	at org.junit.platform.engine.support.hierarchical.ThrowableCollector.execute(ThrowableCollector.java:73)
	at org.junit.platform.engine.support.hierarchical.NodeTestTask.lambda$executeRecursively$8(NodeTestTask.java:141)
	at org.junit.platform.engine.support.hierarchical.Node.around(Node.java:137)
	at org.junit.platform.engine.support.hierarchical.NodeTestTask.lambda$executeRecursively$9(NodeTestTask.java:139)
	at org.junit.platform.engine.support.hierarchical.ThrowableCollector.execute(ThrowableCollector.java:73)
	at org.junit.platform.engine.support.hierarchical.NodeTestTask.executeRecursively(NodeTestTask.java:138)
	at org.junit.platform.engine.support.hierarchical.NodeTestTask.execute(NodeTestTask.java:95)
	at java.util.ArrayList.forEach(ArrayList.java:1259)
	at org.junit.platform.engine.support.hierarchical.SameThreadHierarchicalTestExecutorService.invokeAll(SameThreadHierarchicalTestExecutorService.java:41)
	at org.junit.platform.engine.support.hierarchical.NodeTestTask.lambda$executeRecursively$6(NodeTestTask.java:155)
	at org.junit.platform.engine.support.hierarchical.ThrowableCollector.execute(ThrowableCollector.java:73)
	at org.junit.platform.engine.support.hierarchical.NodeTestTask.lambda$executeRecursively$8(NodeTestTask.java:141)
	at org.junit.platform.engine.support.hierarchical.Node.around(Node.java:137)
	at org.junit.platform.engine.support.hierarchical.NodeTestTask.lambda$executeRecursively$9(NodeTestTask.java:139)
	at org.junit.platform.engine.support.hierarchical.ThrowableCollector.execute(ThrowableCollector.java:73)
	at org.junit.platform.engine.support.hierarchical.NodeTestTask.executeRecursively(NodeTestTask.java:138)
	at org.junit.platform.engine.support.hierarchical.NodeTestTask.execute(NodeTestTask.java:95)
	at org.junit.platform.engine.support.hierarchical.SameThreadHierarchicalTestExecutorService.submit(SameThreadHierarchicalTestExecutorService.java:35)
	at org.junit.platform.engine.support.hierarchical.HierarchicalTestExecutor.execute(HierarchicalTestExecutor.java:57)
	at org.junit.platform.engine.support.hierarchical.HierarchicalTestEngine.execute(HierarchicalTestEngine.java:54)
	at org.junit.platform.launcher.core.EngineExecutionOrchestrator.execute(EngineExecutionOrchestrator.java:198)
	at org.junit.platform.launcher.core.EngineExecutionOrchestrator.execute(EngineExecutionOrchestrator.java:169)
	at org.junit.platform.launcher.core.EngineExecutionOrchestrator.execute(EngineExecutionOrchestrator.java:93)
	at org.junit.platform.launcher.core.EngineExecutionOrchestrator.lambda$execute$0(EngineExecutionOrchestrator.java:58)
	at org.junit.platform.launcher.core.EngineExecutionOrchestrator.withInterceptedStreams(EngineExecutionOrchestrator.java:141)
	at org.junit.platform.launcher.core.EngineExecutionOrchestrator.execute(EngineExecutionOrchestrator.java:57)
	at org.junit.platform.launcher.core.DefaultLauncher.execute(DefaultLauncher.java:103)
	at org.junit.platform.launcher.core.DefaultLauncher.execute(DefaultLauncher.java:85)
	at org.junit.platform.launcher.core.DelegatingLauncher.execute(DelegatingLauncher.java:47)
	at org.junit.platform.launcher.core.SessionPerRequestLauncher.execute(SessionPerRequestLauncher.java:63)
	at org.apache.maven.surefire.junitplatform.JUnitPlatformProvider.execute(JUnitPlatformProvider.java:188)
	at org.apache.maven.surefire.junitplatform.JUnitPlatformProvider.invokeAllTests(JUnitPlatformProvider.java:154)
	at org.apache.maven.surefire.junitplatform.JUnitPlatformProvider.invoke(JUnitPlatformProvider.java:124)
	at org.apache.maven.surefire.booter.ForkedBooter.runSuitesInProcess(ForkedBooter.java:428)
	at org.apache.maven.surefire.booter.ForkedBooter.execute(ForkedBooter.java:162)
	at org.apache.maven.surefire.booter.ForkedBooter.run(ForkedBooter.java:562)
	at org.apache.maven.surefire.booter.ForkedBooter.main(ForkedBooter.java:548)
2024-01-26 21:34:44,045 [main] ERROR scm.XceiverClientGrpc (XceiverClientGrpc.java:sendCommandWithRetry(443)) - Failed to execute command ReadChunk on the pipeline Pipeline[ Id: 6bb2a1d8-6a1b-481f-bac4-db88475e5c12, Nodes: 67e21e31-4dca-48e2-85b4-2f4b1b69db84(fv-az1566-86.204dmbdutxxevaxlgbjnwxhbkd.phxx.internal.cloudapp.net/10.1.0.5)c424f152-b0b1-403f-ad43-57b6eddc8681(fv-az1566-86.204dmbdutxxevaxlgbjnwxhbkd.phxx.internal.cloudapp.net/10.1.0.5)a4a3addc-657d-412b-928e-3d6f899db221(fv-az1566-86.204dmbdutxxevaxlgbjnwxhbkd.phxx.internal.cloudapp.net/10.1.0.5), ReplicationConfig: STANDALONE/THREE, State:OPEN, leaderId:c424f152-b0b1-403f-ad43-57b6eddc8681, CreationTimestamp2024-01-26T21:34:15.025Z[Etc/UTC]].
2024-01-26 21:34:44,047 [main] ERROR scm.XceiverClientGrpc (XceiverClientGrpc.java:sendCommandWithRetry(443)) - Failed to execute command ReadChunk on the pipeline Pipeline[ Id: 6bb2a1d8-6a1b-481f-bac4-db88475e5c12, Nodes: 67e21e31-4dca-48e2-85b4-2f4b1b69db84(fv-az1566-86.204dmbdutxxevaxlgbjnwxhbkd.phxx.internal.cloudapp.net/10.1.0.5)c424f152-b0b1-403f-ad43-57b6eddc8681(fv-az1566-86.204dmbdutxxevaxlgbjnwxhbkd.phxx.internal.cloudapp.net/10.1.0.5)a4a3addc-657d-412b-928e-3d6f899db221(fv-az1566-86.204dmbdutxxevaxlgbjnwxhbkd.phxx.internal.cloudapp.net/10.1.0.5), ReplicationConfig: STANDALONE/THREE, State:OPEN, leaderId:c424f152-b0b1-403f-ad43-57b6eddc8681, CreationTimestamp2024-01-26T21:34:15.025Z[Etc/UTC]].
2024-01-26 21:34:44,048 [main] WARN  storage.ContainerProtocolCalls (ContainerProtocolCalls.java:tryEachDatanode(150)) - Failed to read chunk 113750153625600391_chunk_1 (len=12) conID: 13 locID: 113750153625600391 bcsId: 159 from c424f152-b0b1-403f-ad43-57b6eddc8681(fv-az1566-86.204dmbdutxxevaxlgbjnwxhbkd.phxx.internal.cloudapp.net/10.1.0.5); will try another datanode.
org.apache.hadoop.ozone.common.OzoneChecksumException: Checksum mismatch at index 0
	at org.apache.hadoop.ozone.common.ChecksumData.verifyChecksumDataMatches(ChecksumData.java:139)
	at org.apache.hadoop.ozone.common.Checksum.verifyChecksum(Checksum.java:300)
	at org.apache.hadoop.hdds.scm.storage.ChunkInputStream.validateChunk(ChunkInputStream.java:488)
	at org.apache.hadoop.hdds.scm.XceiverClientGrpc.sendCommandWithRetry(XceiverClientGrpc.java:400)
	at org.apache.hadoop.hdds.scm.XceiverClientGrpc.lambda$sendCommandWithTraceIDAndRetry$0(XceiverClientGrpc.java:340)
	at org.apache.hadoop.hdds.tracing.TracingUtil.executeInSpan(TracingUtil.java:169)
	at org.apache.hadoop.hdds.tracing.TracingUtil.executeInNewSpan(TracingUtil.java:149)
	at org.apache.hadoop.hdds.scm.XceiverClientGrpc.sendCommandWithTraceIDAndRetry(XceiverClientGrpc.java:335)
	at org.apache.hadoop.hdds.scm.XceiverClientGrpc.sendCommand(XceiverClientGrpc.java:316)
	at org.apache.hadoop.hdds.scm.storage.ContainerProtocolCalls.readChunk(ContainerProtocolCalls.java:327)
	at org.apache.hadoop.hdds.scm.storage.ContainerProtocolCalls.lambda$readChunk$2(ContainerProtocolCalls.java:314)
	at org.apache.hadoop.hdds.scm.storage.ContainerProtocolCalls.tryEachDatanode(ContainerProtocolCalls.java:146)
	at org.apache.hadoop.hdds.scm.storage.ContainerProtocolCalls.readChunk(ContainerProtocolCalls.java:313)
	at org.apache.hadoop.hdds.scm.storage.ChunkInputStream.readChunk(ChunkInputStream.java:425)
	at org.apache.hadoop.hdds.scm.storage.ChunkInputStream.readChunkDataIntoBuffers(ChunkInputStream.java:402)
	at org.apache.hadoop.hdds.scm.storage.ChunkInputStream.readChunkFromContainer(ChunkInputStream.java:387)
	at org.apache.hadoop.hdds.scm.storage.ChunkInputStream.prepareRead(ChunkInputStream.java:319)
	at org.apache.hadoop.hdds.scm.storage.ChunkInputStream.read(ChunkInputStream.java:173)
	at org.apache.hadoop.hdds.scm.storage.ByteArrayReader.readFromBlock(ByteArrayReader.java:54)
	at org.apache.hadoop.hdds.scm.storage.BlockInputStream.readWithStrategy(BlockInputStream.java:354)
	at org.apache.hadoop.hdds.scm.storage.ExtendedInputStream.read(ExtendedInputStream.java:56)
	at org.apache.hadoop.hdds.scm.storage.ByteArrayReader.readFromBlock(ByteArrayReader.java:54)
	at org.apache.hadoop.hdds.scm.storage.MultipartInputStream.readWithStrategy(MultipartInputStream.java:96)
	at org.apache.hadoop.hdds.scm.storage.ExtendedInputStream.read(ExtendedInputStream.java:56)
	at org.apache.hadoop.ozone.client.io.OzoneInputStream.read(OzoneInputStream.java:56)
	at java.io.InputStream.read(InputStream.java:101)
	at org.apache.hadoop.ozone.client.rpc.TestOzoneRpcClientAbstract.lambda$testReadKeyWithCorruptedDataWithMutiNodes$29(TestOzoneRpcClientAbstract.java:2084)
	at org.junit.jupiter.api.AssertThrows.assertThrows(AssertThrows.java:53)
	at org.junit.jupiter.api.AssertThrows.assertThrows(AssertThrows.java:35)
	at org.junit.jupiter.api.Assertions.assertThrows(Assertions.java:3115)
	at org.apache.hadoop.ozone.client.rpc.TestOzoneRpcClientAbstract.testReadKeyWithCorruptedDataWithMutiNodes(TestOzoneRpcClientAbstract.java:2081)
	at sun.reflect.NativeMethodAccessorImpl.invoke0(Native Method)
	at sun.reflect.NativeMethodAccessorImpl.invoke(NativeMethodAccessorImpl.java:62)
	at sun.reflect.DelegatingMethodAccessorImpl.invoke(DelegatingMethodAccessorImpl.java:43)
	at java.lang.reflect.Method.invoke(Method.java:498)
	at org.junit.platform.commons.util.ReflectionUtils.invokeMethod(ReflectionUtils.java:728)
	at org.junit.jupiter.engine.execution.MethodInvocation.proceed(MethodInvocation.java:60)
	at org.junit.jupiter.engine.execution.InvocationInterceptorChain$ValidatingInvocation.proceed(InvocationInterceptorChain.java:131)
	at org.junit.jupiter.engine.extension.SameThreadTimeoutInvocation.proceed(SameThreadTimeoutInvocation.java:45)
	at org.junit.jupiter.engine.extension.TimeoutExtension.intercept(TimeoutExtension.java:156)
	at org.junit.jupiter.engine.extension.TimeoutExtension.interceptTestableMethod(TimeoutExtension.java:147)
	at org.junit.jupiter.engine.extension.TimeoutExtension.interceptTestMethod(TimeoutExtension.java:86)
	at org.junit.jupiter.engine.execution.InterceptingExecutableInvoker$ReflectiveInterceptorCall.lambda$ofVoidMethod$0(InterceptingExecutableInvoker.java:103)
	at org.junit.jupiter.engine.execution.InterceptingExecutableInvoker.lambda$invoke$0(InterceptingExecutableInvoker.java:93)
	at org.junit.jupiter.engine.execution.InvocationInterceptorChain$InterceptedInvocation.proceed(InvocationInterceptorChain.java:106)
	at org.junit.jupiter.engine.execution.InvocationInterceptorChain.proceed(InvocationInterceptorChain.java:64)
	at org.junit.jupiter.engine.execution.InvocationInterceptorChain.chainAndInvoke(InvocationInterceptorChain.java:45)
	at org.junit.jupiter.engine.execution.InvocationInterceptorChain.invoke(InvocationInterceptorChain.java:37)
	at org.junit.jupiter.engine.execution.InterceptingExecutableInvoker.invoke(InterceptingExecutableInvoker.java:92)
	at org.junit.jupiter.engine.execution.InterceptingExecutableInvoker.invoke(InterceptingExecutableInvoker.java:86)
	at org.junit.jupiter.engine.descriptor.TestMethodTestDescriptor.lambda$invokeTestMethod$7(TestMethodTestDescriptor.java:218)
	at org.junit.platform.engine.support.hierarchical.ThrowableCollector.execute(ThrowableCollector.java:73)
	at org.junit.jupiter.engine.descriptor.TestMethodTestDescriptor.invokeTestMethod(TestMethodTestDescriptor.java:214)
	at org.junit.jupiter.engine.descriptor.TestMethodTestDescriptor.execute(TestMethodTestDescriptor.java:139)
	at org.junit.jupiter.engine.descriptor.TestMethodTestDescriptor.execute(TestMethodTestDescriptor.java:69)
	at org.junit.platform.engine.support.hierarchical.NodeTestTask.lambda$executeRecursively$6(NodeTestTask.java:151)
	at org.junit.platform.engine.support.hierarchical.ThrowableCollector.execute(ThrowableCollector.java:73)
	at org.junit.platform.engine.support.hierarchical.NodeTestTask.lambda$executeRecursively$8(NodeTestTask.java:141)
	at org.junit.platform.engine.support.hierarchical.Node.around(Node.java:137)
	at org.junit.platform.engine.support.hierarchical.NodeTestTask.lambda$executeRecursively$9(NodeTestTask.java:139)
	at org.junit.platform.engine.support.hierarchical.ThrowableCollector.execute(ThrowableCollector.java:73)
	at org.junit.platform.engine.support.hierarchical.NodeTestTask.executeRecursively(NodeTestTask.java:138)
	at org.junit.platform.engine.support.hierarchical.NodeTestTask.execute(NodeTestTask.java:95)
	at java.util.ArrayList.forEach(ArrayList.java:1259)
	at org.junit.platform.engine.support.hierarchical.SameThreadHierarchicalTestExecutorService.invokeAll(SameThreadHierarchicalTestExecutorService.java:41)
	at org.junit.platform.engine.support.hierarchical.NodeTestTask.lambda$executeRecursively$6(NodeTestTask.java:155)
	at org.junit.platform.engine.support.hierarchical.ThrowableCollector.execute(ThrowableCollector.java:73)
	at org.junit.platform.engine.support.hierarchical.NodeTestTask.lambda$executeRecursively$8(NodeTestTask.java:141)
	at org.junit.platform.engine.support.hierarchical.Node.around(Node.java:137)
	at org.junit.platform.engine.support.hierarchical.NodeTestTask.lambda$executeRecursively$9(NodeTestTask.java:139)
	at org.junit.platform.engine.support.hierarchical.ThrowableCollector.execute(ThrowableCollector.java:73)
	at org.junit.platform.engine.support.hierarchical.NodeTestTask.executeRecursively(NodeTestTask.java:138)
	at org.junit.platform.engine.support.hierarchical.NodeTestTask.execute(NodeTestTask.java:95)
	at java.util.ArrayList.forEach(ArrayList.java:1259)
	at org.junit.platform.engine.support.hierarchical.SameThreadHierarchicalTestExecutorService.invokeAll(SameThreadHierarchicalTestExecutorService.java:41)
	at org.junit.platform.engine.support.hierarchical.NodeTestTask.lambda$executeRecursively$6(NodeTestTask.java:155)
	at org.junit.platform.engine.support.hierarchical.ThrowableCollector.execute(ThrowableCollector.java:73)
	at org.junit.platform.engine.support.hierarchical.NodeTestTask.lambda$executeRecursively$8(NodeTestTask.java:141)
	at org.junit.platform.engine.support.hierarchical.Node.around(Node.java:137)
	at org.junit.platform.engine.support.hierarchical.NodeTestTask.lambda$executeRecursively$9(NodeTestTask.java:139)
	at org.junit.platform.engine.support.hierarchical.ThrowableCollector.execute(ThrowableCollector.java:73)
	at org.junit.platform.engine.support.hierarchical.NodeTestTask.executeRecursively(NodeTestTask.java:138)
	at org.junit.platform.engine.support.hierarchical.NodeTestTask.execute(NodeTestTask.java:95)
	at org.junit.platform.engine.support.hierarchical.SameThreadHierarchicalTestExecutorService.submit(SameThreadHierarchicalTestExecutorService.java:35)
	at org.junit.platform.engine.support.hierarchical.HierarchicalTestExecutor.execute(HierarchicalTestExecutor.java:57)
	at org.junit.platform.engine.support.hierarchical.HierarchicalTestEngine.execute(HierarchicalTestEngine.java:54)
	at org.junit.platform.launcher.core.EngineExecutionOrchestrator.execute(EngineExecutionOrchestrator.java:198)
	at org.junit.platform.launcher.core.EngineExecutionOrchestrator.execute(EngineExecutionOrchestrator.java:169)
	at org.junit.platform.launcher.core.EngineExecutionOrchestrator.execute(EngineExecutionOrchestrator.java:93)
	at org.junit.platform.launcher.core.EngineExecutionOrchestrator.lambda$execute$0(EngineExecutionOrchestrator.java:58)
	at org.junit.platform.launcher.core.EngineExecutionOrchestrator.withInterceptedStreams(EngineExecutionOrchestrator.java:141)
	at org.junit.platform.launcher.core.EngineExecutionOrchestrator.execute(EngineExecutionOrchestrator.java:57)
	at org.junit.platform.launcher.core.DefaultLauncher.execute(DefaultLauncher.java:103)
	at org.junit.platform.launcher.core.DefaultLauncher.execute(DefaultLauncher.java:85)
	at org.junit.platform.launcher.core.DelegatingLauncher.execute(DelegatingLauncher.java:47)
	at org.junit.platform.launcher.core.SessionPerRequestLauncher.execute(SessionPerRequestLauncher.java:63)
	at org.apache.maven.surefire.junitplatform.JUnitPlatformProvider.execute(JUnitPlatformProvider.java:188)
	at org.apache.maven.surefire.junitplatform.JUnitPlatformProvider.invokeAllTests(JUnitPlatformProvider.java:154)
	at org.apache.maven.surefire.junitplatform.JUnitPlatformProvider.invoke(JUnitPlatformProvider.java:124)
	at org.apache.maven.surefire.booter.ForkedBooter.runSuitesInProcess(ForkedBooter.java:428)
	at org.apache.maven.surefire.booter.ForkedBooter.execute(ForkedBooter.java:162)
	at org.apache.maven.surefire.booter.ForkedBooter.run(ForkedBooter.java:562)
	at org.apache.maven.surefire.booter.ForkedBooter.main(ForkedBooter.java:548)
2024-01-26 21:34:44,051 [main] ERROR scm.XceiverClientGrpc (XceiverClientGrpc.java:sendCommandWithRetry(443)) - Failed to execute command ReadChunk on the pipeline Pipeline[ Id: 6bb2a1d8-6a1b-481f-bac4-db88475e5c12, Nodes: 67e21e31-4dca-48e2-85b4-2f4b1b69db84(fv-az1566-86.204dmbdutxxevaxlgbjnwxhbkd.phxx.internal.cloudapp.net/10.1.0.5)c424f152-b0b1-403f-ad43-57b6eddc8681(fv-az1566-86.204dmbdutxxevaxlgbjnwxhbkd.phxx.internal.cloudapp.net/10.1.0.5)a4a3addc-657d-412b-928e-3d6f899db221(fv-az1566-86.204dmbdutxxevaxlgbjnwxhbkd.phxx.internal.cloudapp.net/10.1.0.5), ReplicationConfig: STANDALONE/THREE, State:OPEN, leaderId:c424f152-b0b1-403f-ad43-57b6eddc8681, CreationTimestamp2024-01-26T21:34:15.025Z[Etc/UTC]].
2024-01-26 21:34:44,052 [main] WARN  storage.ContainerProtocolCalls (ContainerProtocolCalls.java:tryEachDatanode(150)) - Failed to read chunk 113750153625600391_chunk_1 (len=12) conID: 13 locID: 113750153625600391 bcsId: 159 from 67e21e31-4dca-48e2-85b4-2f4b1b69db84(fv-az1566-86.204dmbdutxxevaxlgbjnwxhbkd.phxx.internal.cloudapp.net/10.1.0.5); will try another datanode.
org.apache.hadoop.ozone.common.OzoneChecksumException: Checksum mismatch at index 0
	at org.apache.hadoop.ozone.common.ChecksumData.verifyChecksumDataMatches(ChecksumData.java:139)
	at org.apache.hadoop.ozone.common.Checksum.verifyChecksum(Checksum.java:300)
	at org.apache.hadoop.hdds.scm.storage.ChunkInputStream.validateChunk(ChunkInputStream.java:488)
	at org.apache.hadoop.hdds.scm.XceiverClientGrpc.sendCommandWithRetry(XceiverClientGrpc.java:400)
	at org.apache.hadoop.hdds.scm.XceiverClientGrpc.lambda$sendCommandWithTraceIDAndRetry$0(XceiverClientGrpc.java:340)
	at org.apache.hadoop.hdds.tracing.TracingUtil.executeInSpan(TracingUtil.java:169)
	at org.apache.hadoop.hdds.tracing.TracingUtil.executeInNewSpan(TracingUtil.java:149)
	at org.apache.hadoop.hdds.scm.XceiverClientGrpc.sendCommandWithTraceIDAndRetry(XceiverClientGrpc.java:335)
	at org.apache.hadoop.hdds.scm.XceiverClientGrpc.sendCommand(XceiverClientGrpc.java:316)
	at org.apache.hadoop.hdds.scm.storage.ContainerProtocolCalls.readChunk(ContainerProtocolCalls.java:327)
	at org.apache.hadoop.hdds.scm.storage.ContainerProtocolCalls.lambda$readChunk$2(ContainerProtocolCalls.java:314)
	at org.apache.hadoop.hdds.scm.storage.ContainerProtocolCalls.tryEachDatanode(ContainerProtocolCalls.java:146)
	at org.apache.hadoop.hdds.scm.storage.ContainerProtocolCalls.readChunk(ContainerProtocolCalls.java:313)
	at org.apache.hadoop.hdds.scm.storage.ChunkInputStream.readChunk(ChunkInputStream.java:425)
	at org.apache.hadoop.hdds.scm.storage.ChunkInputStream.readChunkDataIntoBuffers(ChunkInputStream.java:402)
	at org.apache.hadoop.hdds.scm.storage.ChunkInputStream.readChunkFromContainer(ChunkInputStream.java:387)
	at org.apache.hadoop.hdds.scm.storage.ChunkInputStream.prepareRead(ChunkInputStream.java:319)
	at org.apache.hadoop.hdds.scm.storage.ChunkInputStream.read(ChunkInputStream.java:173)
	at org.apache.hadoop.hdds.scm.storage.ByteArrayReader.readFromBlock(ByteArrayReader.java:54)
	at org.apache.hadoop.hdds.scm.storage.BlockInputStream.readWithStrategy(BlockInputStream.java:354)
	at org.apache.hadoop.hdds.scm.storage.ExtendedInputStream.read(ExtendedInputStream.java:56)
	at org.apache.hadoop.hdds.scm.storage.ByteArrayReader.readFromBlock(ByteArrayReader.java:54)
	at org.apache.hadoop.hdds.scm.storage.MultipartInputStream.readWithStrategy(MultipartInputStream.java:96)
	at org.apache.hadoop.hdds.scm.storage.ExtendedInputStream.read(ExtendedInputStream.java:56)
	at org.apache.hadoop.ozone.client.io.OzoneInputStream.read(OzoneInputStream.java:56)
	at java.io.InputStream.read(InputStream.java:101)
	at org.apache.hadoop.ozone.client.rpc.TestOzoneRpcClientAbstract.lambda$testReadKeyWithCorruptedDataWithMutiNodes$29(TestOzoneRpcClientAbstract.java:2084)
	at org.junit.jupiter.api.AssertThrows.assertThrows(AssertThrows.java:53)
	at org.junit.jupiter.api.AssertThrows.assertThrows(AssertThrows.java:35)
	at org.junit.jupiter.api.Assertions.assertThrows(Assertions.java:3115)
	at org.apache.hadoop.ozone.client.rpc.TestOzoneRpcClientAbstract.testReadKeyWithCorruptedDataWithMutiNodes(TestOzoneRpcClientAbstract.java:2081)
	at sun.reflect.NativeMethodAccessorImpl.invoke0(Native Method)
	at sun.reflect.NativeMethodAccessorImpl.invoke(NativeMethodAccessorImpl.java:62)
	at sun.reflect.DelegatingMethodAccessorImpl.invoke(DelegatingMethodAccessorImpl.java:43)
	at java.lang.reflect.Method.invoke(Method.java:498)
	at org.junit.platform.commons.util.ReflectionUtils.invokeMethod(ReflectionUtils.java:728)
	at org.junit.jupiter.engine.execution.MethodInvocation.proceed(MethodInvocation.java:60)
	at org.junit.jupiter.engine.execution.InvocationInterceptorChain$ValidatingInvocation.proceed(InvocationInterceptorChain.java:131)
	at org.junit.jupiter.engine.extension.SameThreadTimeoutInvocation.proceed(SameThreadTimeoutInvocation.java:45)
	at org.junit.jupiter.engine.extension.TimeoutExtension.intercept(TimeoutExtension.java:156)
	at org.junit.jupiter.engine.extension.TimeoutExtension.interceptTestableMethod(TimeoutExtension.java:147)
	at org.junit.jupiter.engine.extension.TimeoutExtension.interceptTestMethod(TimeoutExtension.java:86)
	at org.junit.jupiter.engine.execution.InterceptingExecutableInvoker$ReflectiveInterceptorCall.lambda$ofVoidMethod$0(InterceptingExecutableInvoker.java:103)
	at org.junit.jupiter.engine.execution.InterceptingExecutableInvoker.lambda$invoke$0(InterceptingExecutableInvoker.java:93)
	at org.junit.jupiter.engine.execution.InvocationInterceptorChain$InterceptedInvocation.proceed(InvocationInterceptorChain.java:106)
	at org.junit.jupiter.engine.execution.InvocationInterceptorChain.proceed(InvocationInterceptorChain.java:64)
	at org.junit.jupiter.engine.execution.InvocationInterceptorChain.chainAndInvoke(InvocationInterceptorChain.java:45)
	at org.junit.jupiter.engine.execution.InvocationInterceptorChain.invoke(InvocationInterceptorChain.java:37)
	at org.junit.jupiter.engine.execution.InterceptingExecutableInvoker.invoke(InterceptingExecutableInvoker.java:92)
	at org.junit.jupiter.engine.execution.InterceptingExecutableInvoker.invoke(InterceptingExecutableInvoker.java:86)
	at org.junit.jupiter.engine.descriptor.TestMethodTestDescriptor.lambda$invokeTestMethod$7(TestMethodTestDescriptor.java:218)
	at org.junit.platform.engine.support.hierarchical.ThrowableCollector.execute(ThrowableCollector.java:73)
	at org.junit.jupiter.engine.descriptor.TestMethodTestDescriptor.invokeTestMethod(TestMethodTestDescriptor.java:214)
	at org.junit.jupiter.engine.descriptor.TestMethodTestDescriptor.execute(TestMethodTestDescriptor.java:139)
	at org.junit.jupiter.engine.descriptor.TestMethodTestDescriptor.execute(TestMethodTestDescriptor.java:69)
	at org.junit.platform.engine.support.hierarchical.NodeTestTask.lambda$executeRecursively$6(NodeTestTask.java:151)
	at org.junit.platform.engine.support.hierarchical.ThrowableCollector.execute(ThrowableCollector.java:73)
	at org.junit.platform.engine.support.hierarchical.NodeTestTask.lambda$executeRecursively$8(NodeTestTask.java:141)
	at org.junit.platform.engine.support.hierarchical.Node.around(Node.java:137)
	at org.junit.platform.engine.support.hierarchical.NodeTestTask.lambda$executeRecursively$9(NodeTestTask.java:139)
	at org.junit.platform.engine.support.hierarchical.ThrowableCollector.execute(ThrowableCollector.java:73)
	at org.junit.platform.engine.support.hierarchical.NodeTestTask.executeRecursively(NodeTestTask.java:138)
	at org.junit.platform.engine.support.hierarchical.NodeTestTask.execute(NodeTestTask.java:95)
	at java.util.ArrayList.forEach(ArrayList.java:1259)
	at org.junit.platform.engine.support.hierarchical.SameThreadHierarchicalTestExecutorService.invokeAll(SameThreadHierarchicalTestExecutorService.java:41)
	at org.junit.platform.engine.support.hierarchical.NodeTestTask.lambda$executeRecursively$6(NodeTestTask.java:155)
	at org.junit.platform.engine.support.hierarchical.ThrowableCollector.execute(ThrowableCollector.java:73)
	at org.junit.platform.engine.support.hierarchical.NodeTestTask.lambda$executeRecursively$8(NodeTestTask.java:141)
	at org.junit.platform.engine.support.hierarchical.Node.around(Node.java:137)
	at org.junit.platform.engine.support.hierarchical.NodeTestTask.lambda$executeRecursively$9(NodeTestTask.java:139)
	at org.junit.platform.engine.support.hierarchical.ThrowableCollector.execute(ThrowableCollector.java:73)
	at org.junit.platform.engine.support.hierarchical.NodeTestTask.executeRecursively(NodeTestTask.java:138)
	at org.junit.platform.engine.support.hierarchical.NodeTestTask.execute(NodeTestTask.java:95)
	at java.util.ArrayList.forEach(ArrayList.java:1259)
	at org.junit.platform.engine.support.hierarchical.SameThreadHierarchicalTestExecutorService.invokeAll(SameThreadHierarchicalTestExecutorService.java:41)
	at org.junit.platform.engine.support.hierarchical.NodeTestTask.lambda$executeRecursively$6(NodeTestTask.java:155)
	at org.junit.platform.engine.support.hierarchical.ThrowableCollector.execute(ThrowableCollector.java:73)
	at org.junit.platform.engine.support.hierarchical.NodeTestTask.lambda$executeRecursively$8(NodeTestTask.java:141)
	at org.junit.platform.engine.support.hierarchical.Node.around(Node.java:137)
	at org.junit.platform.engine.support.hierarchical.NodeTestTask.lambda$executeRecursively$9(NodeTestTask.java:139)
	at org.junit.platform.engine.support.hierarchical.ThrowableCollector.execute(ThrowableCollector.java:73)
	at org.junit.platform.engine.support.hierarchical.NodeTestTask.executeRecursively(NodeTestTask.java:138)
	at org.junit.platform.engine.support.hierarchical.NodeTestTask.execute(NodeTestTask.java:95)
	at org.junit.platform.engine.support.hierarchical.SameThreadHierarchicalTestExecutorService.submit(SameThreadHierarchicalTestExecutorService.java:35)
	at org.junit.platform.engine.support.hierarchical.HierarchicalTestExecutor.execute(HierarchicalTestExecutor.java:57)
	at org.junit.platform.engine.support.hierarchical.HierarchicalTestEngine.execute(HierarchicalTestEngine.java:54)
	at org.junit.platform.launcher.core.EngineExecutionOrchestrator.execute(EngineExecutionOrchestrator.java:198)
	at org.junit.platform.launcher.core.EngineExecutionOrchestrator.execute(EngineExecutionOrchestrator.java:169)
	at org.junit.platform.launcher.core.EngineExecutionOrchestrator.execute(EngineExecutionOrchestrator.java:93)
	at org.junit.platform.launcher.core.EngineExecutionOrchestrator.lambda$execute$0(EngineExecutionOrchestrator.java:58)
	at org.junit.platform.launcher.core.EngineExecutionOrchestrator.withInterceptedStreams(EngineExecutionOrchestrator.java:141)
	at org.junit.platform.launcher.core.EngineExecutionOrchestrator.execute(EngineExecutionOrchestrator.java:57)
	at org.junit.platform.launcher.core.DefaultLauncher.execute(DefaultLauncher.java:103)
	at org.junit.platform.launcher.core.DefaultLauncher.execute(DefaultLauncher.java:85)
	at org.junit.platform.launcher.core.DelegatingLauncher.execute(DelegatingLauncher.java:47)
	at org.junit.platform.launcher.core.SessionPerRequestLauncher.execute(SessionPerRequestLauncher.java:63)
	at org.apache.maven.surefire.junitplatform.JUnitPlatformProvider.execute(JUnitPlatformProvider.java:188)
	at org.apache.maven.surefire.junitplatform.JUnitPlatformProvider.invokeAllTests(JUnitPlatformProvider.java:154)
	at org.apache.maven.surefire.junitplatform.JUnitPlatformProvider.invoke(JUnitPlatformProvider.java:124)
	at org.apache.maven.surefire.booter.ForkedBooter.runSuitesInProcess(ForkedBooter.java:428)
	at org.apache.maven.surefire.booter.ForkedBooter.execute(ForkedBooter.java:162)
	at org.apache.maven.surefire.booter.ForkedBooter.run(ForkedBooter.java:562)
	at org.apache.maven.surefire.booter.ForkedBooter.main(ForkedBooter.java:548)
2024-01-26 21:34:44,058 [main] ERROR scm.XceiverClientGrpc (XceiverClientGrpc.java:sendCommandWithRetry(443)) - Failed to execute command ReadChunk on the pipeline Pipeline[ Id: 6bb2a1d8-6a1b-481f-bac4-db88475e5c12, Nodes: 67e21e31-4dca-48e2-85b4-2f4b1b69db84(fv-az1566-86.204dmbdutxxevaxlgbjnwxhbkd.phxx.internal.cloudapp.net/10.1.0.5)c424f152-b0b1-403f-ad43-57b6eddc8681(fv-az1566-86.204dmbdutxxevaxlgbjnwxhbkd.phxx.internal.cloudapp.net/10.1.0.5)a4a3addc-657d-412b-928e-3d6f899db221(fv-az1566-86.204dmbdutxxevaxlgbjnwxhbkd.phxx.internal.cloudapp.net/10.1.0.5), ReplicationConfig: STANDALONE/THREE, State:OPEN, leaderId:c424f152-b0b1-403f-ad43-57b6eddc8681, CreationTimestamp2024-01-26T21:34:15.025Z[Etc/UTC]].
]]></system-out>
  </testcase>
  <testcase name="testReadKeyWithVerifyChecksumFlagDisable" classname="org.apache.hadoop.ozone.client.rpc.TestSecureOzoneRpcClient" time="0.041">
    <system-out><![CDATA[2024-01-26 21:34:44,059 [main] INFO  rpc.RpcClient (RpcClient.java:createVolume(456)) - Creating Volume: c894d816-6327-443e-a7c9-cc84fd4d93cb, with runner as owner and space quota set to -1 bytes, counts quota set to -1
2024-01-26 21:34:44,061 [om1-OMStateMachineApplyTransactionThread - 0] INFO  volume.OMVolumeCreateRequest (OMVolumeCreateRequest.java:validateAndUpdateCache(198)) - created volume:c894d816-6327-443e-a7c9-cc84fd4d93cb for user:runner
2024-01-26 21:34:44,062 [main] INFO  rpc.RpcClient (RpcClient.java:createBucket(683)) - Creating Bucket: c894d816-6327-443e-a7c9-cc84fd4d93cb/f20e5bbb-28c6-4fd8-b997-c3452842f2f1, with server-side default bucket layout, runner as owner, Versioning false, Storage Type set to DISK and Encryption set to false, Replication Type set to server-side default replication type, Namespace Quota set to -1, Space Quota set to -1 
2024-01-26 21:34:44,063 [om1-OMStateMachineApplyTransactionThread - 0] INFO  bucket.OMBucketCreateRequest (OMBucketCreateRequest.java:validateAndUpdateCache(292)) - created bucket: f20e5bbb-28c6-4fd8-b997-c3452842f2f1 of layout OBJECT_STORE in volume: c894d816-6327-443e-a7c9-cc84fd4d93cb
2024-01-26 21:34:44,075 [IPC Server handler 74 on default port 15001] WARN  node.SCMNodeManager (SCMNodeManager.java:getNodesByAddress(1549)) - Cannot find node for address 127.0.0.1
2024-01-26 21:34:44,079 [main] INFO  protocolPB.OmTransportFactory (OmTransportFactory.java:createFactory(62)) - Loading OM transport implementation org.apache.hadoop.ozone.om.protocolPB.Hadoop3OmTransportFactory as specified by configuration.
2024-01-26 21:34:44,091 [IPC Server handler 68 on default port 15001] WARN  node.SCMNodeManager (SCMNodeManager.java:getNodesByAddress(1549)) - Cannot find node for address 127.0.0.1
]]></system-out>
  </testcase>
  <testcase name="testReadKeyWithVerifyChecksumFlagEnable" classname="org.apache.hadoop.ozone.client.rpc.TestSecureOzoneRpcClient" time="0.039">
    <system-out><![CDATA[2024-01-26 21:34:44,101 [main] INFO  rpc.RpcClient (RpcClient.java:createVolume(456)) - Creating Volume: f14fa94f-ffbf-4535-9442-ada6c7eed9c2, with runner as owner and space quota set to -1 bytes, counts quota set to -1
2024-01-26 21:34:44,105 [om1-OMStateMachineApplyTransactionThread - 0] INFO  volume.OMVolumeCreateRequest (OMVolumeCreateRequest.java:validateAndUpdateCache(198)) - created volume:f14fa94f-ffbf-4535-9442-ada6c7eed9c2 for user:runner
2024-01-26 21:34:44,106 [main] INFO  rpc.RpcClient (RpcClient.java:createBucket(683)) - Creating Bucket: f14fa94f-ffbf-4535-9442-ada6c7eed9c2/3452972a-d4cf-4549-918d-09df6c2b7866, with server-side default bucket layout, runner as owner, Versioning false, Storage Type set to DISK and Encryption set to false, Replication Type set to server-side default replication type, Namespace Quota set to -1, Space Quota set to -1 
2024-01-26 21:34:44,107 [om1-OMStateMachineApplyTransactionThread - 0] INFO  bucket.OMBucketCreateRequest (OMBucketCreateRequest.java:validateAndUpdateCache(292)) - created bucket: 3452972a-d4cf-4549-918d-09df6c2b7866 of layout OBJECT_STORE in volume: f14fa94f-ffbf-4535-9442-ada6c7eed9c2
2024-01-26 21:34:44,115 [IPC Server handler 38 on default port 15001] WARN  node.SCMNodeManager (SCMNodeManager.java:getNodesByAddress(1549)) - Cannot find node for address 127.0.0.1
2024-01-26 21:34:44,121 [main] INFO  protocolPB.OmTransportFactory (OmTransportFactory.java:createFactory(62)) - Loading OM transport implementation org.apache.hadoop.ozone.om.protocolPB.Hadoop3OmTransportFactory as specified by configuration.
2024-01-26 21:34:44,131 [IPC Server handler 44 on default port 15001] WARN  node.SCMNodeManager (SCMNodeManager.java:getNodesByAddress(1549)) - Cannot find node for address 127.0.0.1
2024-01-26 21:34:44,137 [main] ERROR scm.XceiverClientGrpc (XceiverClientGrpc.java:sendCommandWithRetry(443)) - Failed to execute command ReadChunk on the pipeline Pipeline[ Id: 41554cde-5235-49e3-8096-2f5dcfba468f, Nodes: 0454455d-17b5-4798-9ce3-34e4ad079dd1(fv-az1566-86.204dmbdutxxevaxlgbjnwxhbkd.phxx.internal.cloudapp.net/10.1.0.5), ReplicationConfig: STANDALONE/ONE, State:OPEN, leaderId:0454455d-17b5-4798-9ce3-34e4ad079dd1, CreationTimestamp2024-01-26T21:34:16.023Z[Etc/UTC]].
2024-01-26 21:34:44,138 [main] ERROR scm.XceiverClientGrpc (XceiverClientGrpc.java:sendCommandWithRetry(443)) - Failed to execute command ReadChunk on the pipeline Pipeline[ Id: 41554cde-5235-49e3-8096-2f5dcfba468f, Nodes: 0454455d-17b5-4798-9ce3-34e4ad079dd1(fv-az1566-86.204dmbdutxxevaxlgbjnwxhbkd.phxx.internal.cloudapp.net/10.1.0.5), ReplicationConfig: STANDALONE/ONE, State:OPEN, leaderId:0454455d-17b5-4798-9ce3-34e4ad079dd1, CreationTimestamp2024-01-26T21:34:16.023Z[Etc/UTC]].
2024-01-26 21:34:44,139 [main] ERROR scm.XceiverClientGrpc (XceiverClientGrpc.java:sendCommandWithRetry(443)) - Failed to execute command ReadChunk on the pipeline Pipeline[ Id: 41554cde-5235-49e3-8096-2f5dcfba468f, Nodes: 0454455d-17b5-4798-9ce3-34e4ad079dd1(fv-az1566-86.204dmbdutxxevaxlgbjnwxhbkd.phxx.internal.cloudapp.net/10.1.0.5), ReplicationConfig: STANDALONE/ONE, State:OPEN, leaderId:0454455d-17b5-4798-9ce3-34e4ad079dd1, CreationTimestamp2024-01-26T21:34:16.023Z[Etc/UTC]].
]]></system-out>
  </testcase>
  <testcase name="testRemoveBucketAcl" classname="org.apache.hadoop.ozone.client.rpc.TestSecureOzoneRpcClient" time="0.008">
    <system-out><![CDATA[2024-01-26 21:34:44,141 [main] INFO  rpc.RpcClient (RpcClient.java:createVolume(456)) - Creating Volume: 7c3a55f3-e737-4cf8-8417-97e894a09f2e, with runner as owner and space quota set to -1 bytes, counts quota set to -1
2024-01-26 21:34:44,143 [om1-OMStateMachineApplyTransactionThread - 0] INFO  volume.OMVolumeCreateRequest (OMVolumeCreateRequest.java:validateAndUpdateCache(198)) - created volume:7c3a55f3-e737-4cf8-8417-97e894a09f2e for user:runner
2024-01-26 21:34:44,144 [main] INFO  rpc.RpcClient (RpcClient.java:createBucket(683)) - Creating Bucket: 7c3a55f3-e737-4cf8-8417-97e894a09f2e/5520c0ae-eda4-4268-a636-add2f2d1900d, with server-side default bucket layout, runner as owner, Versioning false, Storage Type set to DISK and Encryption set to false, Replication Type set to server-side default replication type, Namespace Quota set to -1, Space Quota set to -1 
2024-01-26 21:34:44,145 [om1-OMStateMachineApplyTransactionThread - 0] INFO  bucket.OMBucketCreateRequest (OMBucketCreateRequest.java:validateAndUpdateCache(292)) - created bucket: 5520c0ae-eda4-4268-a636-add2f2d1900d of layout OBJECT_STORE in volume: 7c3a55f3-e737-4cf8-8417-97e894a09f2e
]]></system-out>
  </testcase>
  <testcase name="testRemoveBucketAclUsingRpcClientRemoveAcl" classname="org.apache.hadoop.ozone.client.rpc.TestSecureOzoneRpcClient" time="0.008">
    <system-out><![CDATA[2024-01-26 21:34:44,150 [main] INFO  rpc.RpcClient (RpcClient.java:createVolume(456)) - Creating Volume: e3447908-f507-41f2-8d35-2c2a9dc17295, with runner as owner and space quota set to -1 bytes, counts quota set to -1
2024-01-26 21:34:44,151 [om1-OMStateMachineApplyTransactionThread - 0] INFO  volume.OMVolumeCreateRequest (OMVolumeCreateRequest.java:validateAndUpdateCache(198)) - created volume:e3447908-f507-41f2-8d35-2c2a9dc17295 for user:runner
2024-01-26 21:34:44,152 [main] INFO  rpc.RpcClient (RpcClient.java:createBucket(683)) - Creating Bucket: e3447908-f507-41f2-8d35-2c2a9dc17295/1d255401-8e75-4167-aa7f-74d0460bce36, with server-side default bucket layout, runner as owner, Versioning false, Storage Type set to DISK and Encryption set to false, Replication Type set to server-side default replication type, Namespace Quota set to -1, Space Quota set to -1 
2024-01-26 21:34:44,153 [om1-OMStateMachineApplyTransactionThread - 0] INFO  bucket.OMBucketCreateRequest (OMBucketCreateRequest.java:validateAndUpdateCache(292)) - created bucket: 1d255401-8e75-4167-aa7f-74d0460bce36 of layout OBJECT_STORE in volume: e3447908-f507-41f2-8d35-2c2a9dc17295
]]></system-out>
  </testcase>
  <testcase name="testRenameKey" classname="org.apache.hadoop.ozone.client.rpc.TestSecureOzoneRpcClient" time="0.026">
    <system-out><![CDATA[2024-01-26 21:34:44,157 [main] INFO  rpc.RpcClient (RpcClient.java:createVolume(456)) - Creating Volume: 385c450c-11c6-4fdc-a742-6cd9f14d54ad, with runner as owner and space quota set to -1 bytes, counts quota set to -1
2024-01-26 21:34:44,158 [om1-OMStateMachineApplyTransactionThread - 0] INFO  volume.OMVolumeCreateRequest (OMVolumeCreateRequest.java:validateAndUpdateCache(198)) - created volume:385c450c-11c6-4fdc-a742-6cd9f14d54ad for user:runner
2024-01-26 21:34:44,159 [main] INFO  rpc.RpcClient (RpcClient.java:createBucket(683)) - Creating Bucket: 385c450c-11c6-4fdc-a742-6cd9f14d54ad/73c670b9-2729-4e7b-8951-22f0bad9a2fd, with server-side default bucket layout, runner as owner, Versioning false, Storage Type set to DISK and Encryption set to false, Replication Type set to server-side default replication type, Namespace Quota set to -1, Space Quota set to -1 
2024-01-26 21:34:44,160 [om1-OMStateMachineApplyTransactionThread - 0] INFO  bucket.OMBucketCreateRequest (OMBucketCreateRequest.java:validateAndUpdateCache(292)) - created bucket: 73c670b9-2729-4e7b-8951-22f0bad9a2fd of layout OBJECT_STORE in volume: 385c450c-11c6-4fdc-a742-6cd9f14d54ad
2024-01-26 21:34:44,169 [IPC Server handler 25 on default port 15001] WARN  node.SCMNodeManager (SCMNodeManager.java:getNodesByAddress(1549)) - Cannot find node for address 127.0.0.1
21:34:44.174 [om1-OMStateMachineApplyTransactionThread - 0] ERROR OMAudit - user=runner | ip=127.0.0.1 | op=RENAME_KEY {volume=385c450c-11c6-4fdc-a742-6cd9f14d54ad, bucket=73c670b9-2729-4e7b-8951-22f0bad9a2fd, dataSize=0, replicationType=NONE, replicationFactor=ZERO, srcKey=5f393fbe-8f7a-4f2b-9be7-152b465a3a67, dstKey=} | ret=FAILURE
org.apache.hadoop.ozone.om.exceptions.OMException: Key name is empty
	at org.apache.hadoop.ozone.om.request.key.OMKeyRenameRequest.validateAndUpdateCache(OMKeyRenameRequest.java:161) ~[ozone-manager-1.5.0-SNAPSHOT.jar:?]
	at org.apache.hadoop.ozone.protocolPB.OzoneManagerRequestHandler.lambda$0(OzoneManagerRequestHandler.java:403) ~[ozone-manager-1.5.0-SNAPSHOT.jar:?]
	at org.apache.hadoop.util.MetricUtil.captureLatencyNs(MetricUtil.java:45) ~[hdds-common-1.5.0-SNAPSHOT.jar:?]
	at org.apache.hadoop.ozone.protocolPB.OzoneManagerRequestHandler.handleWriteRequest(OzoneManagerRequestHandler.java:399) ~[ozone-manager-1.5.0-SNAPSHOT.jar:?]
	at org.apache.hadoop.ozone.om.ratis.OzoneManagerStateMachine.runCommand(OzoneManagerStateMachine.java:527) ~[ozone-manager-1.5.0-SNAPSHOT.jar:?]
	at org.apache.hadoop.ozone.om.ratis.OzoneManagerStateMachine.lambda$1(OzoneManagerStateMachine.java:345) ~[ozone-manager-1.5.0-SNAPSHOT.jar:?]
	at java.util.concurrent.CompletableFuture$AsyncSupply.run(CompletableFuture.java:1604) [?:1.8.0_392]
	at java.util.concurrent.ThreadPoolExecutor.runWorker(ThreadPoolExecutor.java:1149) [?:1.8.0_392]
	at java.util.concurrent.ThreadPoolExecutor$Worker.run(ThreadPoolExecutor.java:624) [?:1.8.0_392]
	at java.lang.Thread.run(Thread.java:750) [?:1.8.0_392]
2024-01-26 21:34:44,175 [om1-OMStateMachineApplyTransactionThread - 0] ERROR key.OMKeyRenameRequest (OMKeyRenameRequest.java:validateAndUpdateCache(241)) - Rename key failed for volume:385c450c-11c6-4fdc-a742-6cd9f14d54ad bucket:73c670b9-2729-4e7b-8951-22f0bad9a2fd fromKey:5f393fbe-8f7a-4f2b-9be7-152b465a3a67 toKey:. Exception: Key name is empty.
21:34:44.180 [IPC Server handler 7 on default port 15004] ERROR OMAudit - user=runner | ip=127.0.0.1 | op=READ_KEY {volume=385c450c-11c6-4fdc-a742-6cd9f14d54ad, bucket=73c670b9-2729-4e7b-8951-22f0bad9a2fd, key=5f393fbe-8f7a-4f2b-9be7-152b465a3a67, dataSize=0, replicationConfig=null} | ret=FAILURE
org.apache.hadoop.ozone.om.exceptions.OMException: Key:5f393fbe-8f7a-4f2b-9be7-152b465a3a67 not found
	at org.apache.hadoop.ozone.om.KeyManagerImpl.readKeyInfo(KeyManagerImpl.java:451) ~[ozone-manager-1.5.0-SNAPSHOT.jar:?]
	at org.apache.hadoop.ozone.om.KeyManagerImpl.lambda$9(KeyManagerImpl.java:2004) ~[ozone-manager-1.5.0-SNAPSHOT.jar:?]
	at org.apache.hadoop.util.MetricUtil.captureLatencyNs(MetricUtil.java:45) ~[hdds-common-1.5.0-SNAPSHOT.jar:?]
	at org.apache.hadoop.ozone.om.KeyManagerImpl.getKeyInfo(KeyManagerImpl.java:2002) ~[ozone-manager-1.5.0-SNAPSHOT.jar:?]
	at org.apache.hadoop.ozone.om.OmMetadataReader.getKeyInfo(OmMetadataReader.java:190) ~[ozone-manager-1.5.0-SNAPSHOT.jar:?]
	at org.apache.hadoop.ozone.om.OzoneManager.getKeyInfo(OzoneManager.java:2869) ~[ozone-manager-1.5.0-SNAPSHOT.jar:?]
	at org.apache.hadoop.ozone.protocolPB.OzoneManagerRequestHandler.getKeyInfo(OzoneManagerRequestHandler.java:641) ~[ozone-manager-1.5.0-SNAPSHOT.jar:?]
	at org.apache.hadoop.ozone.protocolPB.OzoneManagerRequestHandler.handleReadRequest(OzoneManagerRequestHandler.java:328) ~[ozone-manager-1.5.0-SNAPSHOT.jar:?]
	at org.apache.hadoop.ozone.protocolPB.OzoneManagerProtocolServerSideTranslatorPB.submitReadRequestToOM(OzoneManagerProtocolServerSideTranslatorPB.java:250) ~[ozone-manager-1.5.0-SNAPSHOT.jar:?]
	at org.apache.hadoop.ozone.protocolPB.OzoneManagerProtocolServerSideTranslatorPB.internalProcessRequest(OzoneManagerProtocolServerSideTranslatorPB.java:196) ~[ozone-manager-1.5.0-SNAPSHOT.jar:?]
	at org.apache.hadoop.ozone.protocolPB.OzoneManagerProtocolServerSideTranslatorPB.processRequest(OzoneManagerProtocolServerSideTranslatorPB.java:156) ~[ozone-manager-1.5.0-SNAPSHOT.jar:?]
	at org.apache.hadoop.hdds.server.OzoneProtocolMessageDispatcher.processRequest(OzoneProtocolMessageDispatcher.java:89) [hdds-server-framework-1.5.0-SNAPSHOT.jar:?]
	at org.apache.hadoop.ozone.protocolPB.OzoneManagerProtocolServerSideTranslatorPB.submitRequest(OzoneManagerProtocolServerSideTranslatorPB.java:147) [ozone-manager-1.5.0-SNAPSHOT.jar:?]
	at org.apache.hadoop.ozone.protocol.proto.OzoneManagerProtocolProtos$OzoneManagerService$2.callBlockingMethod(OzoneManagerProtocolProtos.java) [ozone-interface-client-1.5.0-SNAPSHOT.jar:?]
	at org.apache.hadoop.ipc.ProtobufRpcEngine$Server.processCall(ProtobufRpcEngine.java:484) [hadoop-common-3.3.6.jar:?]
	at org.apache.hadoop.ipc.ProtobufRpcEngine2$Server$ProtoBufRpcInvoker.call(ProtobufRpcEngine2.java:595) [hadoop-common-3.3.6.jar:?]
	at org.apache.hadoop.ipc.ProtobufRpcEngine2$Server$ProtoBufRpcInvoker.call(ProtobufRpcEngine2.java:573) [hadoop-common-3.3.6.jar:?]
	at org.apache.hadoop.ipc.RPC$Server.call(RPC.java:1227) [hadoop-common-3.3.6.jar:?]
	at org.apache.hadoop.ipc.Server$RpcCall.run(Server.java:1094) [hadoop-common-3.3.6.jar:?]
	at org.apache.hadoop.ipc.Server$RpcCall.run(Server.java:1017) [hadoop-common-3.3.6.jar:?]
	at java.security.AccessController.doPrivileged(Native Method) ~[?:1.8.0_392]
	at javax.security.auth.Subject.doAs(Subject.java:422) [?:1.8.0_392]
	at org.apache.hadoop.security.UserGroupInformation.doAs(UserGroupInformation.java:1899) [hadoop-common-3.3.6.jar:?]
	at org.apache.hadoop.ipc.Server$Handler.run(Server.java:3048) [hadoop-common-3.3.6.jar:?]
2024-01-26 21:34:44,182 [IPC Server handler 60 on default port 15001] WARN  node.SCMNodeManager (SCMNodeManager.java:getNodesByAddress(1549)) - Cannot find node for address 127.0.0.1
]]></system-out>
  </testcase>
  <testcase name="testS3Auth" classname="org.apache.hadoop.ozone.client.rpc.TestSecureOzoneRpcClient" time="0.026">
    <system-out><![CDATA[2024-01-26 21:34:44,186 [main] INFO  om.S3SecretManager (S3SecretManager.java:updateCache(105)) - Updating cache for accessId/user: runner.
2024-01-26 21:34:44,197 [om1-OMStateMachineApplyTransactionThread - 0] INFO  volume.OMVolumeCreateRequest (OMVolumeCreateRequest.java:validateAndUpdateCache(198)) - created volume:722dc985-2271-4809-812b-19c051a92c27 for user:runner
2024-01-26 21:34:44,200 [main] INFO  om.S3SecretManager (S3SecretManager.java:updateCache(105)) - Updating cache for accessId/user: runner.
2024-01-26 21:34:44,201 [main] ERROR protocolPB.OzoneManagerProtocolServerSideTranslatorPB (S3SecurityUtil.java:validateS3Credential(70)) - signatures do NOT match for S3 identifier:OzoneToken owner=runner, renewer=, realUser=, issueDate=1970-01-01T00:00:00Z, maxDate=1970-01-01T00:00:00Z, sequenceNumber=0, masterKeyId=0, strToSign=AWS4-HMAC-SHA256
20150830T123600Z
20150830/us-east-1/iam/aws4_request
f536975d06c0309214f805bb90ccff089219ecd68b2577efef23edd43b7e1a59, signature=5d672d79c15b13162d9279b0855cfba6789a8edb4c82c400e06b5924a6f2b5d7, awsAccessKeyId=runner, omServiceId=null, omCertSerialId=null
org.apache.hadoop.security.token.SecretManager$InvalidToken: Invalid S3 identifier:OzoneToken owner=runner, renewer=, realUser=, issueDate=1970-01-01T00:00:00Z, maxDate=1970-01-01T00:00:00Z, sequenceNumber=0, masterKeyId=0, strToSign=AWS4-HMAC-SHA256
20150830T123600Z
20150830/us-east-1/iam/aws4_request
f536975d06c0309214f805bb90ccff089219ecd68b2577efef23edd43b7e1a59, signature=5d672d79c15b13162d9279b0855cfba6789a8edb4c82c400e06b5924a6f2b5d7, awsAccessKeyId=runner, omServiceId=null, omCertSerialId=null
	at org.apache.hadoop.ozone.security.OzoneDelegationTokenSecretManager.validateS3AuthInfo(OzoneDelegationTokenSecretManager.java:507)
	at org.apache.hadoop.ozone.security.OzoneDelegationTokenSecretManager.retrievePassword(OzoneDelegationTokenSecretManager.java:406)
	at org.apache.hadoop.ozone.security.S3SecurityUtil.validateS3Credential(S3SecurityUtil.java:61)
	at org.apache.hadoop.ozone.protocolPB.OzoneManagerProtocolServerSideTranslatorPB.internalProcessRequest(OzoneManagerProtocolServerSideTranslatorPB.java:185)
	at org.apache.hadoop.ozone.protocolPB.OzoneManagerProtocolServerSideTranslatorPB.processRequest(OzoneManagerProtocolServerSideTranslatorPB.java:156)
	at org.apache.hadoop.hdds.server.OzoneProtocolMessageDispatcher.processRequest(OzoneProtocolMessageDispatcher.java:89)
	at org.apache.hadoop.ozone.protocolPB.OzoneManagerProtocolServerSideTranslatorPB.submitRequest(OzoneManagerProtocolServerSideTranslatorPB.java:147)
	at org.apache.hadoop.ozone.client.rpc.TestSecureOzoneRpcClient.testS3Auth(TestSecureOzoneRpcClient.java:320)
	at sun.reflect.NativeMethodAccessorImpl.invoke0(Native Method)
	at sun.reflect.NativeMethodAccessorImpl.invoke(NativeMethodAccessorImpl.java:62)
	at sun.reflect.DelegatingMethodAccessorImpl.invoke(DelegatingMethodAccessorImpl.java:43)
	at java.lang.reflect.Method.invoke(Method.java:498)
	at org.junit.platform.commons.util.ReflectionUtils.invokeMethod(ReflectionUtils.java:728)
	at org.junit.jupiter.engine.execution.MethodInvocation.proceed(MethodInvocation.java:60)
	at org.junit.jupiter.engine.execution.InvocationInterceptorChain$ValidatingInvocation.proceed(InvocationInterceptorChain.java:131)
	at org.junit.jupiter.engine.extension.SameThreadTimeoutInvocation.proceed(SameThreadTimeoutInvocation.java:45)
	at org.junit.jupiter.engine.extension.TimeoutExtension.intercept(TimeoutExtension.java:156)
	at org.junit.jupiter.engine.extension.TimeoutExtension.interceptTestableMethod(TimeoutExtension.java:147)
	at org.junit.jupiter.engine.extension.TimeoutExtension.interceptTestMethod(TimeoutExtension.java:86)
	at org.junit.jupiter.engine.execution.InterceptingExecutableInvoker$ReflectiveInterceptorCall.lambda$ofVoidMethod$0(InterceptingExecutableInvoker.java:103)
	at org.junit.jupiter.engine.execution.InterceptingExecutableInvoker.lambda$invoke$0(InterceptingExecutableInvoker.java:93)
	at org.junit.jupiter.engine.execution.InvocationInterceptorChain$InterceptedInvocation.proceed(InvocationInterceptorChain.java:106)
	at org.junit.jupiter.engine.execution.InvocationInterceptorChain.proceed(InvocationInterceptorChain.java:64)
	at org.junit.jupiter.engine.execution.InvocationInterceptorChain.chainAndInvoke(InvocationInterceptorChain.java:45)
	at org.junit.jupiter.engine.execution.InvocationInterceptorChain.invoke(InvocationInterceptorChain.java:37)
	at org.junit.jupiter.engine.execution.InterceptingExecutableInvoker.invoke(InterceptingExecutableInvoker.java:92)
	at org.junit.jupiter.engine.execution.InterceptingExecutableInvoker.invoke(InterceptingExecutableInvoker.java:86)
	at org.junit.jupiter.engine.descriptor.TestMethodTestDescriptor.lambda$invokeTestMethod$7(TestMethodTestDescriptor.java:218)
	at org.junit.platform.engine.support.hierarchical.ThrowableCollector.execute(ThrowableCollector.java:73)
	at org.junit.jupiter.engine.descriptor.TestMethodTestDescriptor.invokeTestMethod(TestMethodTestDescriptor.java:214)
	at org.junit.jupiter.engine.descriptor.TestMethodTestDescriptor.execute(TestMethodTestDescriptor.java:139)
	at org.junit.jupiter.engine.descriptor.TestMethodTestDescriptor.execute(TestMethodTestDescriptor.java:69)
	at org.junit.platform.engine.support.hierarchical.NodeTestTask.lambda$executeRecursively$6(NodeTestTask.java:151)
	at org.junit.platform.engine.support.hierarchical.ThrowableCollector.execute(ThrowableCollector.java:73)
	at org.junit.platform.engine.support.hierarchical.NodeTestTask.lambda$executeRecursively$8(NodeTestTask.java:141)
	at org.junit.platform.engine.support.hierarchical.Node.around(Node.java:137)
	at org.junit.platform.engine.support.hierarchical.NodeTestTask.lambda$executeRecursively$9(NodeTestTask.java:139)
	at org.junit.platform.engine.support.hierarchical.ThrowableCollector.execute(ThrowableCollector.java:73)
	at org.junit.platform.engine.support.hierarchical.NodeTestTask.executeRecursively(NodeTestTask.java:138)
	at org.junit.platform.engine.support.hierarchical.NodeTestTask.execute(NodeTestTask.java:95)
	at java.util.ArrayList.forEach(ArrayList.java:1259)
	at org.junit.platform.engine.support.hierarchical.SameThreadHierarchicalTestExecutorService.invokeAll(SameThreadHierarchicalTestExecutorService.java:41)
	at org.junit.platform.engine.support.hierarchical.NodeTestTask.lambda$executeRecursively$6(NodeTestTask.java:155)
	at org.junit.platform.engine.support.hierarchical.ThrowableCollector.execute(ThrowableCollector.java:73)
	at org.junit.platform.engine.support.hierarchical.NodeTestTask.lambda$executeRecursively$8(NodeTestTask.java:141)
	at org.junit.platform.engine.support.hierarchical.Node.around(Node.java:137)
	at org.junit.platform.engine.support.hierarchical.NodeTestTask.lambda$executeRecursively$9(NodeTestTask.java:139)
	at org.junit.platform.engine.support.hierarchical.ThrowableCollector.execute(ThrowableCollector.java:73)
	at org.junit.platform.engine.support.hierarchical.NodeTestTask.executeRecursively(NodeTestTask.java:138)
	at org.junit.platform.engine.support.hierarchical.NodeTestTask.execute(NodeTestTask.java:95)
	at java.util.ArrayList.forEach(ArrayList.java:1259)
	at org.junit.platform.engine.support.hierarchical.SameThreadHierarchicalTestExecutorService.invokeAll(SameThreadHierarchicalTestExecutorService.java:41)
	at org.junit.platform.engine.support.hierarchical.NodeTestTask.lambda$executeRecursively$6(NodeTestTask.java:155)
	at org.junit.platform.engine.support.hierarchical.ThrowableCollector.execute(ThrowableCollector.java:73)
	at org.junit.platform.engine.support.hierarchical.NodeTestTask.lambda$executeRecursively$8(NodeTestTask.java:141)
	at org.junit.platform.engine.support.hierarchical.Node.around(Node.java:137)
	at org.junit.platform.engine.support.hierarchical.NodeTestTask.lambda$executeRecursively$9(NodeTestTask.java:139)
	at org.junit.platform.engine.support.hierarchical.ThrowableCollector.execute(ThrowableCollector.java:73)
	at org.junit.platform.engine.support.hierarchical.NodeTestTask.executeRecursively(NodeTestTask.java:138)
	at org.junit.platform.engine.support.hierarchical.NodeTestTask.execute(NodeTestTask.java:95)
	at org.junit.platform.engine.support.hierarchical.SameThreadHierarchicalTestExecutorService.submit(SameThreadHierarchicalTestExecutorService.java:35)
	at org.junit.platform.engine.support.hierarchical.HierarchicalTestExecutor.execute(HierarchicalTestExecutor.java:57)
	at org.junit.platform.engine.support.hierarchical.HierarchicalTestEngine.execute(HierarchicalTestEngine.java:54)
	at org.junit.platform.launcher.core.EngineExecutionOrchestrator.execute(EngineExecutionOrchestrator.java:198)
	at org.junit.platform.launcher.core.EngineExecutionOrchestrator.execute(EngineExecutionOrchestrator.java:169)
	at org.junit.platform.launcher.core.EngineExecutionOrchestrator.execute(EngineExecutionOrchestrator.java:93)
	at org.junit.platform.launcher.core.EngineExecutionOrchestrator.lambda$execute$0(EngineExecutionOrchestrator.java:58)
	at org.junit.platform.launcher.core.EngineExecutionOrchestrator.withInterceptedStreams(EngineExecutionOrchestrator.java:141)
	at org.junit.platform.launcher.core.EngineExecutionOrchestrator.execute(EngineExecutionOrchestrator.java:57)
	at org.junit.platform.launcher.core.DefaultLauncher.execute(DefaultLauncher.java:103)
	at org.junit.platform.launcher.core.DefaultLauncher.execute(DefaultLauncher.java:85)
	at org.junit.platform.launcher.core.DelegatingLauncher.execute(DelegatingLauncher.java:47)
	at org.junit.platform.launcher.core.SessionPerRequestLauncher.execute(SessionPerRequestLauncher.java:63)
	at org.apache.maven.surefire.junitplatform.JUnitPlatformProvider.execute(JUnitPlatformProvider.java:188)
	at org.apache.maven.surefire.junitplatform.JUnitPlatformProvider.invokeAllTests(JUnitPlatformProvider.java:154)
	at org.apache.maven.surefire.junitplatform.JUnitPlatformProvider.invoke(JUnitPlatformProvider.java:124)
	at org.apache.maven.surefire.booter.ForkedBooter.runSuitesInProcess(ForkedBooter.java:428)
	at org.apache.maven.surefire.booter.ForkedBooter.execute(ForkedBooter.java:162)
	at org.apache.maven.surefire.booter.ForkedBooter.run(ForkedBooter.java:562)
	at org.apache.maven.surefire.booter.ForkedBooter.main(ForkedBooter.java:548)
2024-01-26 21:34:44,206 [main] ERROR protocolPB.OzoneManagerProtocolServerSideTranslatorPB (S3SecurityUtil.java:validateS3Credential(70)) - signatures do NOT match for S3 identifier:OzoneToken owner=runner, renewer=, realUser=, issueDate=1970-01-01T00:00:00Z, maxDate=1970-01-01T00:00:00Z, sequenceNumber=0, masterKeyId=0, strToSign=AWS4-HMAC-SHA256
20150830T123600Z
20150830/us-east-1/iam/aws4_request
f536975d06c0309214f805bb90ccff089219ecd68b2577efef23edd43b7e1a59, signature=5d672d79c15b13162d9279b0855cfba6789a8edb4c82c400e06b5924a6f2b5d7, awsAccessKeyId=runner, omServiceId=null, omCertSerialId=null
org.apache.hadoop.security.token.SecretManager$InvalidToken: Invalid S3 identifier:OzoneToken owner=runner, renewer=, realUser=, issueDate=1970-01-01T00:00:00Z, maxDate=1970-01-01T00:00:00Z, sequenceNumber=0, masterKeyId=0, strToSign=AWS4-HMAC-SHA256
20150830T123600Z
20150830/us-east-1/iam/aws4_request
f536975d06c0309214f805bb90ccff089219ecd68b2577efef23edd43b7e1a59, signature=5d672d79c15b13162d9279b0855cfba6789a8edb4c82c400e06b5924a6f2b5d7, awsAccessKeyId=runner, omServiceId=null, omCertSerialId=null
	at org.apache.hadoop.ozone.security.OzoneDelegationTokenSecretManager.validateS3AuthInfo(OzoneDelegationTokenSecretManager.java:507)
	at org.apache.hadoop.ozone.security.OzoneDelegationTokenSecretManager.retrievePassword(OzoneDelegationTokenSecretManager.java:406)
	at org.apache.hadoop.ozone.security.S3SecurityUtil.validateS3Credential(S3SecurityUtil.java:61)
	at org.apache.hadoop.ozone.protocolPB.OzoneManagerProtocolServerSideTranslatorPB.internalProcessRequest(OzoneManagerProtocolServerSideTranslatorPB.java:185)
	at org.apache.hadoop.ozone.protocolPB.OzoneManagerProtocolServerSideTranslatorPB.processRequest(OzoneManagerProtocolServerSideTranslatorPB.java:156)
	at org.apache.hadoop.hdds.server.OzoneProtocolMessageDispatcher.processRequest(OzoneProtocolMessageDispatcher.java:89)
	at org.apache.hadoop.ozone.protocolPB.OzoneManagerProtocolServerSideTranslatorPB.submitRequest(OzoneManagerProtocolServerSideTranslatorPB.java:147)
	at org.apache.hadoop.ozone.client.rpc.TestSecureOzoneRpcClient.testS3Auth(TestSecureOzoneRpcClient.java:325)
	at sun.reflect.NativeMethodAccessorImpl.invoke0(Native Method)
	at sun.reflect.NativeMethodAccessorImpl.invoke(NativeMethodAccessorImpl.java:62)
	at sun.reflect.DelegatingMethodAccessorImpl.invoke(DelegatingMethodAccessorImpl.java:43)
	at java.lang.reflect.Method.invoke(Method.java:498)
	at org.junit.platform.commons.util.ReflectionUtils.invokeMethod(ReflectionUtils.java:728)
	at org.junit.jupiter.engine.execution.MethodInvocation.proceed(MethodInvocation.java:60)
	at org.junit.jupiter.engine.execution.InvocationInterceptorChain$ValidatingInvocation.proceed(InvocationInterceptorChain.java:131)
	at org.junit.jupiter.engine.extension.SameThreadTimeoutInvocation.proceed(SameThreadTimeoutInvocation.java:45)
	at org.junit.jupiter.engine.extension.TimeoutExtension.intercept(TimeoutExtension.java:156)
	at org.junit.jupiter.engine.extension.TimeoutExtension.interceptTestableMethod(TimeoutExtension.java:147)
	at org.junit.jupiter.engine.extension.TimeoutExtension.interceptTestMethod(TimeoutExtension.java:86)
	at org.junit.jupiter.engine.execution.InterceptingExecutableInvoker$ReflectiveInterceptorCall.lambda$ofVoidMethod$0(InterceptingExecutableInvoker.java:103)
	at org.junit.jupiter.engine.execution.InterceptingExecutableInvoker.lambda$invoke$0(InterceptingExecutableInvoker.java:93)
	at org.junit.jupiter.engine.execution.InvocationInterceptorChain$InterceptedInvocation.proceed(InvocationInterceptorChain.java:106)
	at org.junit.jupiter.engine.execution.InvocationInterceptorChain.proceed(InvocationInterceptorChain.java:64)
	at org.junit.jupiter.engine.execution.InvocationInterceptorChain.chainAndInvoke(InvocationInterceptorChain.java:45)
	at org.junit.jupiter.engine.execution.InvocationInterceptorChain.invoke(InvocationInterceptorChain.java:37)
	at org.junit.jupiter.engine.execution.InterceptingExecutableInvoker.invoke(InterceptingExecutableInvoker.java:92)
	at org.junit.jupiter.engine.execution.InterceptingExecutableInvoker.invoke(InterceptingExecutableInvoker.java:86)
	at org.junit.jupiter.engine.descriptor.TestMethodTestDescriptor.lambda$invokeTestMethod$7(TestMethodTestDescriptor.java:218)
	at org.junit.platform.engine.support.hierarchical.ThrowableCollector.execute(ThrowableCollector.java:73)
	at org.junit.jupiter.engine.descriptor.TestMethodTestDescriptor.invokeTestMethod(TestMethodTestDescriptor.java:214)
	at org.junit.jupiter.engine.descriptor.TestMethodTestDescriptor.execute(TestMethodTestDescriptor.java:139)
	at org.junit.jupiter.engine.descriptor.TestMethodTestDescriptor.execute(TestMethodTestDescriptor.java:69)
	at org.junit.platform.engine.support.hierarchical.NodeTestTask.lambda$executeRecursively$6(NodeTestTask.java:151)
	at org.junit.platform.engine.support.hierarchical.ThrowableCollector.execute(ThrowableCollector.java:73)
	at org.junit.platform.engine.support.hierarchical.NodeTestTask.lambda$executeRecursively$8(NodeTestTask.java:141)
	at org.junit.platform.engine.support.hierarchical.Node.around(Node.java:137)
	at org.junit.platform.engine.support.hierarchical.NodeTestTask.lambda$executeRecursively$9(NodeTestTask.java:139)
	at org.junit.platform.engine.support.hierarchical.ThrowableCollector.execute(ThrowableCollector.java:73)
	at org.junit.platform.engine.support.hierarchical.NodeTestTask.executeRecursively(NodeTestTask.java:138)
	at org.junit.platform.engine.support.hierarchical.NodeTestTask.execute(NodeTestTask.java:95)
	at java.util.ArrayList.forEach(ArrayList.java:1259)
	at org.junit.platform.engine.support.hierarchical.SameThreadHierarchicalTestExecutorService.invokeAll(SameThreadHierarchicalTestExecutorService.java:41)
	at org.junit.platform.engine.support.hierarchical.NodeTestTask.lambda$executeRecursively$6(NodeTestTask.java:155)
	at org.junit.platform.engine.support.hierarchical.ThrowableCollector.execute(ThrowableCollector.java:73)
	at org.junit.platform.engine.support.hierarchical.NodeTestTask.lambda$executeRecursively$8(NodeTestTask.java:141)
	at org.junit.platform.engine.support.hierarchical.Node.around(Node.java:137)
	at org.junit.platform.engine.support.hierarchical.NodeTestTask.lambda$executeRecursively$9(NodeTestTask.java:139)
	at org.junit.platform.engine.support.hierarchical.ThrowableCollector.execute(ThrowableCollector.java:73)
	at org.junit.platform.engine.support.hierarchical.NodeTestTask.executeRecursively(NodeTestTask.java:138)
	at org.junit.platform.engine.support.hierarchical.NodeTestTask.execute(NodeTestTask.java:95)
	at java.util.ArrayList.forEach(ArrayList.java:1259)
	at org.junit.platform.engine.support.hierarchical.SameThreadHierarchicalTestExecutorService.invokeAll(SameThreadHierarchicalTestExecutorService.java:41)
	at org.junit.platform.engine.support.hierarchical.NodeTestTask.lambda$executeRecursively$6(NodeTestTask.java:155)
	at org.junit.platform.engine.support.hierarchical.ThrowableCollector.execute(ThrowableCollector.java:73)
	at org.junit.platform.engine.support.hierarchical.NodeTestTask.lambda$executeRecursively$8(NodeTestTask.java:141)
	at org.junit.platform.engine.support.hierarchical.Node.around(Node.java:137)
	at org.junit.platform.engine.support.hierarchical.NodeTestTask.lambda$executeRecursively$9(NodeTestTask.java:139)
	at org.junit.platform.engine.support.hierarchical.ThrowableCollector.execute(ThrowableCollector.java:73)
	at org.junit.platform.engine.support.hierarchical.NodeTestTask.executeRecursively(NodeTestTask.java:138)
	at org.junit.platform.engine.support.hierarchical.NodeTestTask.execute(NodeTestTask.java:95)
	at org.junit.platform.engine.support.hierarchical.SameThreadHierarchicalTestExecutorService.submit(SameThreadHierarchicalTestExecutorService.java:35)
	at org.junit.platform.engine.support.hierarchical.HierarchicalTestExecutor.execute(HierarchicalTestExecutor.java:57)
	at org.junit.platform.engine.support.hierarchical.HierarchicalTestEngine.execute(HierarchicalTestEngine.java:54)
	at org.junit.platform.launcher.core.EngineExecutionOrchestrator.execute(EngineExecutionOrchestrator.java:198)
	at org.junit.platform.launcher.core.EngineExecutionOrchestrator.execute(EngineExecutionOrchestrator.java:169)
	at org.junit.platform.launcher.core.EngineExecutionOrchestrator.execute(EngineExecutionOrchestrator.java:93)
	at org.junit.platform.launcher.core.EngineExecutionOrchestrator.lambda$execute$0(EngineExecutionOrchestrator.java:58)
	at org.junit.platform.launcher.core.EngineExecutionOrchestrator.withInterceptedStreams(EngineExecutionOrchestrator.java:141)
	at org.junit.platform.launcher.core.EngineExecutionOrchestrator.execute(EngineExecutionOrchestrator.java:57)
	at org.junit.platform.launcher.core.DefaultLauncher.execute(DefaultLauncher.java:103)
	at org.junit.platform.launcher.core.DefaultLauncher.execute(DefaultLauncher.java:85)
	at org.junit.platform.launcher.core.DelegatingLauncher.execute(DelegatingLauncher.java:47)
	at org.junit.platform.launcher.core.SessionPerRequestLauncher.execute(SessionPerRequestLauncher.java:63)
	at org.apache.maven.surefire.junitplatform.JUnitPlatformProvider.execute(JUnitPlatformProvider.java:188)
	at org.apache.maven.surefire.junitplatform.JUnitPlatformProvider.invokeAllTests(JUnitPlatformProvider.java:154)
	at org.apache.maven.surefire.junitplatform.JUnitPlatformProvider.invoke(JUnitPlatformProvider.java:124)
	at org.apache.maven.surefire.booter.ForkedBooter.runSuitesInProcess(ForkedBooter.java:428)
	at org.apache.maven.surefire.booter.ForkedBooter.execute(ForkedBooter.java:162)
	at org.apache.maven.surefire.booter.ForkedBooter.run(ForkedBooter.java:562)
	at org.apache.maven.surefire.booter.ForkedBooter.main(ForkedBooter.java:548)
]]></system-out>
  </testcase>
  <testcase name="testSetAndClrQuota" classname="org.apache.hadoop.ozone.client.rpc.TestSecureOzoneRpcClient" time="0.067">
    <system-out><![CDATA[2024-01-26 21:34:44,210 [main] INFO  rpc.RpcClient (RpcClient.java:createVolume(456)) - Creating Volume: a87c6ab4-9e40-44c7-8751-7f0df907c722, with runner as owner and space quota set to -1 bytes, counts quota set to -1
2024-01-26 21:34:44,213 [om1-OMStateMachineApplyTransactionThread - 0] INFO  volume.OMVolumeCreateRequest (OMVolumeCreateRequest.java:validateAndUpdateCache(198)) - created volume:a87c6ab4-9e40-44c7-8751-7f0df907c722 for user:runner
2024-01-26 21:34:44,216 [main] INFO  rpc.RpcClient (RpcClient.java:createBucket(683)) - Creating Bucket: a87c6ab4-9e40-44c7-8751-7f0df907c722/dbccece0-27d5-4d19-9af8-bb452f7ad9bd, with server-side default bucket layout, runner as owner, Versioning false, Storage Type set to DISK and Encryption set to false, Replication Type set to server-side default replication type, Namespace Quota set to -1, Space Quota set to -1 
2024-01-26 21:34:44,217 [om1-OMStateMachineApplyTransactionThread - 0] INFO  bucket.OMBucketCreateRequest (OMBucketCreateRequest.java:validateAndUpdateCache(292)) - created bucket: dbccece0-27d5-4d19-9af8-bb452f7ad9bd of layout OBJECT_STORE in volume: a87c6ab4-9e40-44c7-8751-7f0df907c722
2024-01-26 21:34:44,224 [main] INFO  rpc.RpcClient (RpcClient.java:createBucket(683)) - Creating Bucket: a87c6ab4-9e40-44c7-8751-7f0df907c722/d7b6a8ea-79bd-4d18-87a4-fd3891c6b595, with server-side default bucket layout, runner as owner, Versioning false, Storage Type set to DISK and Encryption set to false, Replication Type set to server-side default replication type, Namespace Quota set to -1, Space Quota set to -1 
2024-01-26 21:34:44,225 [om1-OMStateMachineApplyTransactionThread - 0] INFO  bucket.OMBucketCreateRequest (OMBucketCreateRequest.java:validateAndUpdateCache(292)) - created bucket: d7b6a8ea-79bd-4d18-87a4-fd3891c6b595 of layout OBJECT_STORE in volume: a87c6ab4-9e40-44c7-8751-7f0df907c722
21:34:44.235 [om1-OMStateMachineApplyTransactionThread - 0] ERROR OMAudit - user=runner | ip=127.0.0.1 | op=UPDATE_BUCKET {volume=a87c6ab4-9e40-44c7-8751-7f0df907c722, bucket=dbccece0-27d5-4d19-9af8-bb452f7ad9bd, gdprEnabled=null, isVersionEnabled=null} | ret=FAILURE
org.apache.hadoop.ozone.om.exceptions.OMException: Can not clear bucket spaceQuota because volume spaceQuota is not cleared.
	at org.apache.hadoop.ozone.om.request.bucket.OMBucketSetPropertyRequest.checkQuotaBytesValid(OMBucketSetPropertyRequest.java:289) ~[ozone-manager-1.5.0-SNAPSHOT.jar:?]
	at org.apache.hadoop.ozone.om.request.bucket.OMBucketSetPropertyRequest.validateAndUpdateCache(OMBucketSetPropertyRequest.java:192) ~[ozone-manager-1.5.0-SNAPSHOT.jar:?]
	at org.apache.hadoop.ozone.protocolPB.OzoneManagerRequestHandler.lambda$0(OzoneManagerRequestHandler.java:403) ~[ozone-manager-1.5.0-SNAPSHOT.jar:?]
	at org.apache.hadoop.util.MetricUtil.captureLatencyNs(MetricUtil.java:45) ~[hdds-common-1.5.0-SNAPSHOT.jar:?]
	at org.apache.hadoop.ozone.protocolPB.OzoneManagerRequestHandler.handleWriteRequest(OzoneManagerRequestHandler.java:399) ~[ozone-manager-1.5.0-SNAPSHOT.jar:?]
	at org.apache.hadoop.ozone.om.ratis.OzoneManagerStateMachine.runCommand(OzoneManagerStateMachine.java:527) ~[ozone-manager-1.5.0-SNAPSHOT.jar:?]
	at org.apache.hadoop.ozone.om.ratis.OzoneManagerStateMachine.lambda$1(OzoneManagerStateMachine.java:345) ~[ozone-manager-1.5.0-SNAPSHOT.jar:?]
	at java.util.concurrent.CompletableFuture$AsyncSupply.run(CompletableFuture.java:1604) [?:1.8.0_392]
	at java.util.concurrent.ThreadPoolExecutor.runWorker(ThreadPoolExecutor.java:1149) [?:1.8.0_392]
	at java.util.concurrent.ThreadPoolExecutor$Worker.run(ThreadPoolExecutor.java:624) [?:1.8.0_392]
	at java.lang.Thread.run(Thread.java:750) [?:1.8.0_392]
2024-01-26 21:34:44,236 [om1-OMStateMachineApplyTransactionThread - 0] ERROR bucket.OMBucketSetPropertyRequest (OMBucketSetPropertyRequest.java:validateAndUpdateCache(249)) - Setting bucket property failed for bucket:dbccece0-27d5-4d19-9af8-bb452f7ad9bd in volume:a87c6ab4-9e40-44c7-8751-7f0df907c722
QUOTA_ERROR org.apache.hadoop.ozone.om.exceptions.OMException: Can not clear bucket spaceQuota because volume spaceQuota is not cleared.
	at org.apache.hadoop.ozone.om.request.bucket.OMBucketSetPropertyRequest.checkQuotaBytesValid(OMBucketSetPropertyRequest.java:289)
	at org.apache.hadoop.ozone.om.request.bucket.OMBucketSetPropertyRequest.validateAndUpdateCache(OMBucketSetPropertyRequest.java:192)
	at org.apache.hadoop.ozone.protocolPB.OzoneManagerRequestHandler.lambda$0(OzoneManagerRequestHandler.java:403)
	at org.apache.hadoop.util.MetricUtil.captureLatencyNs(MetricUtil.java:45)
	at org.apache.hadoop.ozone.protocolPB.OzoneManagerRequestHandler.handleWriteRequest(OzoneManagerRequestHandler.java:399)
	at org.apache.hadoop.ozone.om.ratis.OzoneManagerStateMachine.runCommand(OzoneManagerStateMachine.java:527)
	at org.apache.hadoop.ozone.om.ratis.OzoneManagerStateMachine.lambda$1(OzoneManagerStateMachine.java:345)
	at java.util.concurrent.CompletableFuture$AsyncSupply.run(CompletableFuture.java:1604)
	at java.util.concurrent.ThreadPoolExecutor.runWorker(ThreadPoolExecutor.java:1149)
	at java.util.concurrent.ThreadPoolExecutor$Worker.run(ThreadPoolExecutor.java:624)
	at java.lang.Thread.run(Thread.java:750)
]]></system-out>
  </testcase>
  <testcase name="testSetBucketQuotaIllegal" classname="org.apache.hadoop.ozone.client.rpc.TestSecureOzoneRpcClient" time="0.013">
    <system-out><![CDATA[2024-01-26 21:34:44,278 [main] INFO  rpc.RpcClient (RpcClient.java:createVolume(456)) - Creating Volume: d756e159-a209-461e-a5da-22c4b404e436, with runner as owner and space quota set to -1 bytes, counts quota set to -1
2024-01-26 21:34:44,281 [om1-OMStateMachineApplyTransactionThread - 0] INFO  volume.OMVolumeCreateRequest (OMVolumeCreateRequest.java:validateAndUpdateCache(198)) - created volume:d756e159-a209-461e-a5da-22c4b404e436 for user:runner
2024-01-26 21:34:44,282 [main] INFO  rpc.RpcClient (RpcClient.java:createBucket(683)) - Creating Bucket: d756e159-a209-461e-a5da-22c4b404e436/8d1f8b50-3093-4a35-a39e-7a945fb7996a, with server-side default bucket layout, runner as owner, Versioning false, Storage Type set to DISK and Encryption set to false, Replication Type set to server-side default replication type, Namespace Quota set to -1, Space Quota set to -1 
2024-01-26 21:34:44,284 [om1-OMStateMachineApplyTransactionThread - 0] INFO  bucket.OMBucketCreateRequest (OMBucketCreateRequest.java:validateAndUpdateCache(292)) - created bucket: 8d1f8b50-3093-4a35-a39e-7a945fb7996a of layout OBJECT_STORE in volume: d756e159-a209-461e-a5da-22c4b404e436
]]></system-out>
  </testcase>
  <testcase name="testSetBucketStorageType" classname="org.apache.hadoop.ozone.client.rpc.TestSecureOzoneRpcClient" time="0.008">
    <system-out><![CDATA[2024-01-26 21:34:44,292 [main] INFO  rpc.RpcClient (RpcClient.java:createVolume(456)) - Creating Volume: 30d14260-36ed-49c1-89a4-9a72dbf292d1, with runner as owner and space quota set to -1 bytes, counts quota set to -1
2024-01-26 21:34:44,294 [om1-OMStateMachineApplyTransactionThread - 0] INFO  volume.OMVolumeCreateRequest (OMVolumeCreateRequest.java:validateAndUpdateCache(198)) - created volume:30d14260-36ed-49c1-89a4-9a72dbf292d1 for user:runner
2024-01-26 21:34:44,295 [main] INFO  rpc.RpcClient (RpcClient.java:createBucket(683)) - Creating Bucket: 30d14260-36ed-49c1-89a4-9a72dbf292d1/217d90f3-9bb8-4909-838f-a9246f883dba, with server-side default bucket layout, runner as owner, Versioning false, Storage Type set to DISK and Encryption set to false, Replication Type set to server-side default replication type, Namespace Quota set to -1, Space Quota set to -1 
2024-01-26 21:34:44,296 [om1-OMStateMachineApplyTransactionThread - 0] INFO  bucket.OMBucketCreateRequest (OMBucketCreateRequest.java:validateAndUpdateCache(292)) - created bucket: 217d90f3-9bb8-4909-838f-a9246f883dba of layout OBJECT_STORE in volume: 30d14260-36ed-49c1-89a4-9a72dbf292d1
]]></system-out>
  </testcase>
  <testcase name="testSetBucketVersioning" classname="org.apache.hadoop.ozone.client.rpc.TestSecureOzoneRpcClient" time="0.009">
    <system-out><![CDATA[2024-01-26 21:34:44,301 [main] INFO  rpc.RpcClient (RpcClient.java:createVolume(456)) - Creating Volume: fa522472-65d3-41b2-95fc-4d06fc59b314, with runner as owner and space quota set to -1 bytes, counts quota set to -1
2024-01-26 21:34:44,303 [om1-OMStateMachineApplyTransactionThread - 0] INFO  volume.OMVolumeCreateRequest (OMVolumeCreateRequest.java:validateAndUpdateCache(198)) - created volume:fa522472-65d3-41b2-95fc-4d06fc59b314 for user:runner
2024-01-26 21:34:44,304 [main] INFO  rpc.RpcClient (RpcClient.java:createBucket(683)) - Creating Bucket: fa522472-65d3-41b2-95fc-4d06fc59b314/7839f640-340c-45b6-b312-822b28e512b2, with server-side default bucket layout, runner as owner, Versioning false, Storage Type set to DISK and Encryption set to false, Replication Type set to server-side default replication type, Namespace Quota set to -1, Space Quota set to -1 
2024-01-26 21:34:44,305 [om1-OMStateMachineApplyTransactionThread - 0] INFO  bucket.OMBucketCreateRequest (OMBucketCreateRequest.java:validateAndUpdateCache(292)) - created bucket: 7839f640-340c-45b6-b312-822b28e512b2 of layout OBJECT_STORE in volume: fa522472-65d3-41b2-95fc-4d06fc59b314
]]></system-out>
  </testcase>
  <testcase name="testSetECReplicationConfigOnBucket" classname="org.apache.hadoop.ozone.client.rpc.TestSecureOzoneRpcClient" time="0.012">
    <system-out><![CDATA[2024-01-26 21:34:44,309 [main] INFO  rpc.RpcClient (RpcClient.java:createVolume(456)) - Creating Volume: ee584236-d9db-4498-8444-91bd5fb7b6ff, with runner as owner and space quota set to -1 bytes, counts quota set to -1
2024-01-26 21:34:44,311 [om1-OMStateMachineApplyTransactionThread - 0] INFO  volume.OMVolumeCreateRequest (OMVolumeCreateRequest.java:validateAndUpdateCache(198)) - created volume:ee584236-d9db-4498-8444-91bd5fb7b6ff for user:runner
2024-01-26 21:34:44,312 [main] INFO  rpc.RpcClient (RpcClient.java:createBucket(683)) - Creating Bucket: ee584236-d9db-4498-8444-91bd5fb7b6ff/cd718583-9f69-4117-9bb6-e7ceec3a614f, with server-side default bucket layout, runner as owner, Versioning true, Storage Type set to DISK and Encryption set to false, Replication Type set to STAND_ALONE, Namespace Quota set to -1, Space Quota set to -1 
2024-01-26 21:34:44,314 [om1-OMStateMachineApplyTransactionThread - 0] INFO  bucket.OMBucketCreateRequest (OMBucketCreateRequest.java:validateAndUpdateCache(292)) - created bucket: cd718583-9f69-4117-9bb6-e7ceec3a614f of layout OBJECT_STORE in volume: ee584236-d9db-4498-8444-91bd5fb7b6ff
]]></system-out>
  </testcase>
  <testcase name="testSetS3VolumeAcl" classname="org.apache.hadoop.ozone.client.rpc.TestSecureOzoneRpcClient" time="0.002"/>
  <testcase name="testSetVolumeQuota" classname="org.apache.hadoop.ozone.client.rpc.TestSecureOzoneRpcClient" time="0.009">
    <system-out><![CDATA[2024-01-26 21:34:44,325 [main] INFO  rpc.RpcClient (RpcClient.java:createVolume(456)) - Creating Volume: d406ce2b-f12f-45a2-92d7-48692e8122b2, with runner as owner and space quota set to -1 bytes, counts quota set to -1
2024-01-26 21:34:44,326 [om1-OMStateMachineApplyTransactionThread - 0] INFO  volume.OMVolumeCreateRequest (OMVolumeCreateRequest.java:validateAndUpdateCache(198)) - created volume:d406ce2b-f12f-45a2-92d7-48692e8122b2 for user:runner
]]></system-out>
  </testcase>
  <testcase name="testSetVolumeQuotaIllegal" classname="org.apache.hadoop.ozone.client.rpc.TestSecureOzoneRpcClient" time="0.009">
    <system-out><![CDATA[2024-01-26 21:34:44,334 [main] INFO  rpc.RpcClient (RpcClient.java:createVolume(456)) - Creating Volume: f30fdf04-a7e0-4f89-8c84-f0b8bbee23da, with runner as owner and space quota set to -1 bytes, counts quota set to -1
2024-01-26 21:34:44,335 [om1-OMStateMachineApplyTransactionThread - 0] INFO  volume.OMVolumeCreateRequest (OMVolumeCreateRequest.java:validateAndUpdateCache(198)) - created volume:f30fdf04-a7e0-4f89-8c84-f0b8bbee23da for user:runner
]]></system-out>
  </testcase>
  <testcase name="testUploadPartOverride(ReplicationConfig)[1]" classname="org.apache.hadoop.ozone.client.rpc.TestSecureOzoneRpcClient" time="0.034">
    <system-out><![CDATA[2024-01-26 21:34:44,343 [main] INFO  rpc.RpcClient (RpcClient.java:createVolume(456)) - Creating Volume: 479bc51f-1ca5-4c02-9932-98a13c896b9c, with runner as owner and space quota set to -1 bytes, counts quota set to -1
2024-01-26 21:34:44,345 [om1-OMStateMachineApplyTransactionThread - 0] INFO  volume.OMVolumeCreateRequest (OMVolumeCreateRequest.java:validateAndUpdateCache(198)) - created volume:479bc51f-1ca5-4c02-9932-98a13c896b9c for user:runner
2024-01-26 21:34:44,347 [main] INFO  rpc.RpcClient (RpcClient.java:createBucket(683)) - Creating Bucket: 479bc51f-1ca5-4c02-9932-98a13c896b9c/209b03e7-0336-4349-940e-c32bd909aa52, with server-side default bucket layout, runner as owner, Versioning false, Storage Type set to DISK and Encryption set to false, Replication Type set to server-side default replication type, Namespace Quota set to -1, Space Quota set to -1 
2024-01-26 21:34:44,348 [om1-OMStateMachineApplyTransactionThread - 0] INFO  bucket.OMBucketCreateRequest (OMBucketCreateRequest.java:validateAndUpdateCache(292)) - created bucket: 209b03e7-0336-4349-940e-c32bd909aa52 of layout OBJECT_STORE in volume: 479bc51f-1ca5-4c02-9932-98a13c896b9c
]]></system-out>
  </testcase>
  <testcase name="testUploadPartOverride(ReplicationConfig)[2]" classname="org.apache.hadoop.ozone.client.rpc.TestSecureOzoneRpcClient" time="0.041">
    <system-out><![CDATA[2024-01-26 21:34:44,378 [main] INFO  rpc.RpcClient (RpcClient.java:createVolume(456)) - Creating Volume: 36a76de0-7477-4cbd-b25c-60b2a080832f, with runner as owner and space quota set to -1 bytes, counts quota set to -1
2024-01-26 21:34:44,380 [om1-OMStateMachineApplyTransactionThread - 0] INFO  volume.OMVolumeCreateRequest (OMVolumeCreateRequest.java:validateAndUpdateCache(198)) - created volume:36a76de0-7477-4cbd-b25c-60b2a080832f for user:runner
2024-01-26 21:34:44,381 [main] INFO  rpc.RpcClient (RpcClient.java:createBucket(683)) - Creating Bucket: 36a76de0-7477-4cbd-b25c-60b2a080832f/2e700e5e-d544-4269-867f-da8558cd37c0, with server-side default bucket layout, runner as owner, Versioning false, Storage Type set to DISK and Encryption set to false, Replication Type set to server-side default replication type, Namespace Quota set to -1, Space Quota set to -1 
2024-01-26 21:34:44,382 [om1-OMStateMachineApplyTransactionThread - 0] INFO  bucket.OMBucketCreateRequest (OMBucketCreateRequest.java:validateAndUpdateCache(292)) - created bucket: 2e700e5e-d544-4269-867f-da8558cd37c0 of layout OBJECT_STORE in volume: 36a76de0-7477-4cbd-b25c-60b2a080832f
]]></system-out>
  </testcase>
  <testcase name="testUploadPartOverride(ReplicationConfig)[3]" classname="org.apache.hadoop.ozone.client.rpc.TestSecureOzoneRpcClient" time="0.043">
    <system-out><![CDATA[2024-01-26 21:34:44,422 [main] INFO  rpc.RpcClient (RpcClient.java:createVolume(456)) - Creating Volume: d3e0079e-034e-430e-adc6-33fba6c51d52, with runner as owner and space quota set to -1 bytes, counts quota set to -1
2024-01-26 21:34:44,423 [om1-OMStateMachineApplyTransactionThread - 0] INFO  volume.OMVolumeCreateRequest (OMVolumeCreateRequest.java:validateAndUpdateCache(198)) - created volume:d3e0079e-034e-430e-adc6-33fba6c51d52 for user:runner
2024-01-26 21:34:44,425 [main] INFO  rpc.RpcClient (RpcClient.java:createBucket(683)) - Creating Bucket: d3e0079e-034e-430e-adc6-33fba6c51d52/400dbc91-95a7-4809-a623-184eea010abf, with server-side default bucket layout, runner as owner, Versioning false, Storage Type set to DISK and Encryption set to false, Replication Type set to server-side default replication type, Namespace Quota set to -1, Space Quota set to -1 
2024-01-26 21:34:44,426 [om1-OMStateMachineApplyTransactionThread - 0] INFO  bucket.OMBucketCreateRequest (OMBucketCreateRequest.java:validateAndUpdateCache(292)) - created bucket: 400dbc91-95a7-4809-a623-184eea010abf of layout OBJECT_STORE in volume: d3e0079e-034e-430e-adc6-33fba6c51d52
]]></system-out>
  </testcase>
  <testcase name="testUploadPartWithNoOverride(ReplicationConfig)[1]" classname="org.apache.hadoop.ozone.client.rpc.TestSecureOzoneRpcClient" time="0.016">
    <system-out><![CDATA[2024-01-26 21:34:44,466 [main] INFO  rpc.RpcClient (RpcClient.java:createVolume(456)) - Creating Volume: 9e086246-5920-4ec4-9fc1-69bbbd2d73a1, with runner as owner and space quota set to -1 bytes, counts quota set to -1
2024-01-26 21:34:44,468 [om1-OMStateMachineApplyTransactionThread - 0] INFO  volume.OMVolumeCreateRequest (OMVolumeCreateRequest.java:validateAndUpdateCache(198)) - created volume:9e086246-5920-4ec4-9fc1-69bbbd2d73a1 for user:runner
2024-01-26 21:34:44,469 [main] INFO  rpc.RpcClient (RpcClient.java:createBucket(683)) - Creating Bucket: 9e086246-5920-4ec4-9fc1-69bbbd2d73a1/080ea045-8a24-4851-a9c8-01cd373cca7b, with server-side default bucket layout, runner as owner, Versioning false, Storage Type set to DISK and Encryption set to false, Replication Type set to server-side default replication type, Namespace Quota set to -1, Space Quota set to -1 
2024-01-26 21:34:44,470 [om1-OMStateMachineApplyTransactionThread - 0] INFO  bucket.OMBucketCreateRequest (OMBucketCreateRequest.java:validateAndUpdateCache(292)) - created bucket: 080ea045-8a24-4851-a9c8-01cd373cca7b of layout OBJECT_STORE in volume: 9e086246-5920-4ec4-9fc1-69bbbd2d73a1
]]></system-out>
  </testcase>
  <testcase name="testUploadPartWithNoOverride(ReplicationConfig)[2]" classname="org.apache.hadoop.ozone.client.rpc.TestSecureOzoneRpcClient" time="0.022">
    <system-out><![CDATA[2024-01-26 21:34:44,484 [main] INFO  rpc.RpcClient (RpcClient.java:createVolume(456)) - Creating Volume: 3722da2f-b864-4e37-9c67-cf68833f1631, with runner as owner and space quota set to -1 bytes, counts quota set to -1
2024-01-26 21:34:44,485 [om1-OMStateMachineApplyTransactionThread - 0] INFO  volume.OMVolumeCreateRequest (OMVolumeCreateRequest.java:validateAndUpdateCache(198)) - created volume:3722da2f-b864-4e37-9c67-cf68833f1631 for user:runner
2024-01-26 21:34:44,487 [main] INFO  rpc.RpcClient (RpcClient.java:createBucket(683)) - Creating Bucket: 3722da2f-b864-4e37-9c67-cf68833f1631/e18d0123-5199-4a32-9c73-07b1814cf813, with server-side default bucket layout, runner as owner, Versioning false, Storage Type set to DISK and Encryption set to false, Replication Type set to server-side default replication type, Namespace Quota set to -1, Space Quota set to -1 
2024-01-26 21:34:44,488 [om1-OMStateMachineApplyTransactionThread - 0] INFO  bucket.OMBucketCreateRequest (OMBucketCreateRequest.java:validateAndUpdateCache(292)) - created bucket: e18d0123-5199-4a32-9c73-07b1814cf813 of layout OBJECT_STORE in volume: 3722da2f-b864-4e37-9c67-cf68833f1631
]]></system-out>
  </testcase>
  <testcase name="testUploadPartWithNoOverride(ReplicationConfig)[3]" classname="org.apache.hadoop.ozone.client.rpc.TestSecureOzoneRpcClient" time="0.027">
    <system-out><![CDATA[2024-01-26 21:34:44,507 [main] INFO  rpc.RpcClient (RpcClient.java:createVolume(456)) - Creating Volume: 85ef840a-68c0-4033-b37c-7ef3c7dd2bb3, with runner as owner and space quota set to -1 bytes, counts quota set to -1
2024-01-26 21:34:44,509 [om1-OMStateMachineApplyTransactionThread - 0] INFO  volume.OMVolumeCreateRequest (OMVolumeCreateRequest.java:validateAndUpdateCache(198)) - created volume:85ef840a-68c0-4033-b37c-7ef3c7dd2bb3 for user:runner
2024-01-26 21:34:44,511 [main] INFO  rpc.RpcClient (RpcClient.java:createBucket(683)) - Creating Bucket: 85ef840a-68c0-4033-b37c-7ef3c7dd2bb3/3039f357-e56e-491b-8de2-6dbc2295fc3e, with server-side default bucket layout, runner as owner, Versioning false, Storage Type set to DISK and Encryption set to false, Replication Type set to server-side default replication type, Namespace Quota set to -1, Space Quota set to -1 
2024-01-26 21:34:44,512 [om1-OMStateMachineApplyTransactionThread - 0] INFO  bucket.OMBucketCreateRequest (OMBucketCreateRequest.java:validateAndUpdateCache(292)) - created bucket: 3039f357-e56e-491b-8de2-6dbc2295fc3e of layout OBJECT_STORE in volume: 85ef840a-68c0-4033-b37c-7ef3c7dd2bb3
]]></system-out>
  </testcase>
  <testcase name="testUsedBytesWithUploadPart" classname="org.apache.hadoop.ozone.client.rpc.TestSecureOzoneRpcClient" time="0.197">
    <system-out><![CDATA[2024-01-26 21:34:44,622 [main] INFO  rpc.RpcClient (RpcClient.java:createVolume(456)) - Creating Volume: 7ab56865-0dd4-4d17-83fb-70231de2f1cb, with runner as owner and space quota set to -1 bytes, counts quota set to -1
2024-01-26 21:34:44,624 [om1-OMStateMachineApplyTransactionThread - 0] INFO  volume.OMVolumeCreateRequest (OMVolumeCreateRequest.java:validateAndUpdateCache(198)) - created volume:7ab56865-0dd4-4d17-83fb-70231de2f1cb for user:runner
2024-01-26 21:34:44,625 [main] INFO  rpc.RpcClient (RpcClient.java:createBucket(683)) - Creating Bucket: 7ab56865-0dd4-4d17-83fb-70231de2f1cb/6c971f92-f7be-46fa-821b-2f8f1eda50f8, with server-side default bucket layout, runner as owner, Versioning false, Storage Type set to DISK and Encryption set to false, Replication Type set to server-side default replication type, Namespace Quota set to -1, Space Quota set to -1 
2024-01-26 21:34:44,626 [om1-OMStateMachineApplyTransactionThread - 0] INFO  bucket.OMBucketCreateRequest (OMBucketCreateRequest.java:validateAndUpdateCache(292)) - created bucket: 6c971f92-f7be-46fa-821b-2f8f1eda50f8 of layout OBJECT_STORE in volume: 7ab56865-0dd4-4d17-83fb-70231de2f1cb
2024-01-26 21:34:44,730 [om1-OMStateMachineApplyTransactionThread - 0] DEBUG db.CodecBuffer (CodecBuffer.java:setCapacity(328)) - setCapacity: 4096 -> 4850, max=2147483647
]]></system-out>
  </testcase>
  <testcase name="testValidateBlockLengthWithCommitKey" classname="org.apache.hadoop.ozone.client.rpc.TestSecureOzoneRpcClient" time="0.014">
    <system-out><![CDATA[2024-01-26 21:34:44,734 [main] INFO  rpc.RpcClient (RpcClient.java:createVolume(456)) - Creating Volume: d9e9e968-6ca3-40f3-9aca-b5d3aede9797, with runner as owner and space quota set to -1 bytes, counts quota set to -1
2024-01-26 21:34:44,735 [om1-OMStateMachineApplyTransactionThread - 0] INFO  volume.OMVolumeCreateRequest (OMVolumeCreateRequest.java:validateAndUpdateCache(198)) - created volume:d9e9e968-6ca3-40f3-9aca-b5d3aede9797 for user:runner
2024-01-26 21:34:44,736 [main] INFO  rpc.RpcClient (RpcClient.java:createBucket(683)) - Creating Bucket: d9e9e968-6ca3-40f3-9aca-b5d3aede9797/9dc380d8-e091-48f9-8395-748e7114d5bb, with server-side default bucket layout, runner as owner, Versioning false, Storage Type set to DISK and Encryption set to false, Replication Type set to server-side default replication type, Namespace Quota set to -1, Space Quota set to -1 
2024-01-26 21:34:44,738 [om1-OMStateMachineApplyTransactionThread - 0] INFO  bucket.OMBucketCreateRequest (OMBucketCreateRequest.java:validateAndUpdateCache(292)) - created bucket: 9dc380d8-e091-48f9-8395-748e7114d5bb of layout OBJECT_STORE in volume: d9e9e968-6ca3-40f3-9aca-b5d3aede9797
]]></system-out>
  </testcase>
  <testcase name="testVolumeSetOwner" classname="org.apache.hadoop.ozone.client.rpc.TestSecureOzoneRpcClient" time="0.008">
    <system-out><![CDATA[2024-01-26 21:34:44,748 [main] INFO  rpc.RpcClient (RpcClient.java:createVolume(456)) - Creating Volume: e32cdda6-67ff-44c3-82f6-cc03d9baa4dc, with runner as owner and space quota set to -1 bytes, counts quota set to -1
2024-01-26 21:34:44,750 [om1-OMStateMachineApplyTransactionThread - 0] INFO  volume.OMVolumeCreateRequest (OMVolumeCreateRequest.java:validateAndUpdateCache(198)) - created volume:e32cdda6-67ff-44c3-82f6-cc03d9baa4dc for user:runner
2024-01-26 21:34:44,755 [om1-OMStateMachineApplyTransactionThread - 0] WARN  volume.OMVolumeSetOwnerRequest (OMVolumeSetOwnerRequest.java:validateAndUpdateCache(133)) - Volume 'e32cdda6-67ff-44c3-82f6-cc03d9baa4dc' owner is already user 'someRandomUser1'.
]]></system-out>
  </testcase>
  <testcase name="testVolumeUsedNamespace" classname="org.apache.hadoop.ozone.client.rpc.TestSecureOzoneRpcClient" time="0.016">
    <system-out><![CDATA[2024-01-26 21:34:44,756 [main] INFO  rpc.RpcClient (RpcClient.java:createVolume(456)) - Creating Volume: 89a59356-892f-4b92-88ee-37d22d98b355, with runner as owner and space quota set to -1 bytes, counts quota set to 1
2024-01-26 21:34:44,758 [om1-OMStateMachineApplyTransactionThread - 0] INFO  volume.OMVolumeCreateRequest (OMVolumeCreateRequest.java:validateAndUpdateCache(198)) - created volume:89a59356-892f-4b92-88ee-37d22d98b355 for user:runner
2024-01-26 21:34:44,759 [main] INFO  rpc.RpcClient (RpcClient.java:createBucket(683)) - Creating Bucket: 89a59356-892f-4b92-88ee-37d22d98b355/5f191abe-2097-41c1-a0a8-c1beed4e594a, with server-side default bucket layout, runner as owner, Versioning false, Storage Type set to DISK and Encryption set to false, Replication Type set to server-side default replication type, Namespace Quota set to -1, Space Quota set to -1 
2024-01-26 21:34:44,760 [om1-OMStateMachineApplyTransactionThread - 0] INFO  bucket.OMBucketCreateRequest (OMBucketCreateRequest.java:validateAndUpdateCache(292)) - created bucket: 5f191abe-2097-41c1-a0a8-c1beed4e594a of layout OBJECT_STORE in volume: 89a59356-892f-4b92-88ee-37d22d98b355
2024-01-26 21:34:44,761 [main] INFO  rpc.RpcClient (RpcClient.java:createBucket(683)) - Creating Bucket: 89a59356-892f-4b92-88ee-37d22d98b355/91361c42-02cb-4bd1-a868-fdff19e680a8, with server-side default bucket layout, runner as owner, Versioning false, Storage Type set to DISK and Encryption set to false, Replication Type set to server-side default replication type, Namespace Quota set to -1, Space Quota set to -1 
21:34:44.763 [om1-OMStateMachineApplyTransactionThread - 0] ERROR OMAudit - user=runner | ip=127.0.0.1 | op=CREATE_BUCKET {volume=89a59356-892f-4b92-88ee-37d22d98b355, bucket=91361c42-02cb-4bd1-a868-fdff19e680a8, bucketLayout=OBJECT_STORE, gdprEnabled=null, acls=[user:runner:a[ACCESS], group:docker:a[ACCESS], group:adm:a[ACCESS], group:systemd-journal:a[ACCESS]], isVersionEnabled=false, storageType=DISK, creationTime=1706304884762, bucketEncryptionKey=null, modificationTime=1706304884762, usedBytes=0, usedNamespace=0} | ret=FAILURE
org.apache.hadoop.ozone.om.exceptions.OMException: The namespace quota of Volume:89a59356-892f-4b92-88ee-37d22d98b355 exceeded: quotaInNamespace: 1 but namespace consumed: 2.
	at org.apache.hadoop.ozone.om.request.bucket.OMBucketCreateRequest.checkQuotaInNamespace(OMBucketCreateRequest.java:347) ~[ozone-manager-1.5.0-SNAPSHOT.jar:?]
	at org.apache.hadoop.ozone.om.request.bucket.OMBucketCreateRequest.validateAndUpdateCache(OMBucketCreateRequest.java:252) ~[ozone-manager-1.5.0-SNAPSHOT.jar:?]
	at org.apache.hadoop.ozone.protocolPB.OzoneManagerRequestHandler.lambda$0(OzoneManagerRequestHandler.java:403) ~[ozone-manager-1.5.0-SNAPSHOT.jar:?]
	at org.apache.hadoop.util.MetricUtil.captureLatencyNs(MetricUtil.java:45) ~[hdds-common-1.5.0-SNAPSHOT.jar:?]
	at org.apache.hadoop.ozone.protocolPB.OzoneManagerRequestHandler.handleWriteRequest(OzoneManagerRequestHandler.java:399) ~[ozone-manager-1.5.0-SNAPSHOT.jar:?]
	at org.apache.hadoop.ozone.om.ratis.OzoneManagerStateMachine.runCommand(OzoneManagerStateMachine.java:527) ~[ozone-manager-1.5.0-SNAPSHOT.jar:?]
	at org.apache.hadoop.ozone.om.ratis.OzoneManagerStateMachine.lambda$1(OzoneManagerStateMachine.java:345) ~[ozone-manager-1.5.0-SNAPSHOT.jar:?]
	at java.util.concurrent.CompletableFuture$AsyncSupply.run(CompletableFuture.java:1604) [?:1.8.0_392]
	at java.util.concurrent.ThreadPoolExecutor.runWorker(ThreadPoolExecutor.java:1149) [?:1.8.0_392]
	at java.util.concurrent.ThreadPoolExecutor$Worker.run(ThreadPoolExecutor.java:624) [?:1.8.0_392]
	at java.lang.Thread.run(Thread.java:750) [?:1.8.0_392]
2024-01-26 21:34:44,763 [om1-OMStateMachineApplyTransactionThread - 0] ERROR bucket.OMBucketCreateRequest (OMBucketCreateRequest.java:validateAndUpdateCache(304)) - Bucket creation failed for bucket:91361c42-02cb-4bd1-a868-fdff19e680a8 in volume:89a59356-892f-4b92-88ee-37d22d98b355
QUOTA_EXCEEDED org.apache.hadoop.ozone.om.exceptions.OMException: The namespace quota of Volume:89a59356-892f-4b92-88ee-37d22d98b355 exceeded: quotaInNamespace: 1 but namespace consumed: 2.
	at org.apache.hadoop.ozone.om.request.bucket.OMBucketCreateRequest.checkQuotaInNamespace(OMBucketCreateRequest.java:347)
	at org.apache.hadoop.ozone.om.request.bucket.OMBucketCreateRequest.validateAndUpdateCache(OMBucketCreateRequest.java:252)
	at org.apache.hadoop.ozone.protocolPB.OzoneManagerRequestHandler.lambda$0(OzoneManagerRequestHandler.java:403)
	at org.apache.hadoop.util.MetricUtil.captureLatencyNs(MetricUtil.java:45)
	at org.apache.hadoop.ozone.protocolPB.OzoneManagerRequestHandler.handleWriteRequest(OzoneManagerRequestHandler.java:399)
	at org.apache.hadoop.ozone.om.ratis.OzoneManagerStateMachine.runCommand(OzoneManagerStateMachine.java:527)
	at org.apache.hadoop.ozone.om.ratis.OzoneManagerStateMachine.lambda$1(OzoneManagerStateMachine.java:345)
	at java.util.concurrent.CompletableFuture$AsyncSupply.run(CompletableFuture.java:1604)
	at java.util.concurrent.ThreadPoolExecutor.runWorker(ThreadPoolExecutor.java:1149)
	at java.util.concurrent.ThreadPoolExecutor$Worker.run(ThreadPoolExecutor.java:624)
	at java.lang.Thread.run(Thread.java:750)
2024-01-26 21:34:44,764 [main] INFO  rpc.RpcClient (RpcClient.java:createVolume(456)) - Creating Volume: f722e345-c5d0-484a-9315-7f97f062ef13, with runner as owner and space quota set to -1 bytes, counts quota set to -1
2024-01-26 21:34:44,765 [om1-OMStateMachineApplyTransactionThread - 0] INFO  volume.OMVolumeCreateRequest (OMVolumeCreateRequest.java:validateAndUpdateCache(198)) - created volume:f722e345-c5d0-484a-9315-7f97f062ef13 for user:runner
2024-01-26 21:34:44,765 [main] INFO  rpc.RpcClient (RpcClient.java:createBucket(683)) - Creating Bucket: f722e345-c5d0-484a-9315-7f97f062ef13/1847516d-43a5-4735-abde-7137c588125c, with server-side default bucket layout, runner as owner, Versioning false, Storage Type set to DISK and Encryption set to false, Replication Type set to server-side default replication type, Namespace Quota set to -1, Space Quota set to -1 
2024-01-26 21:34:44,766 [om1-OMStateMachineApplyTransactionThread - 0] INFO  bucket.OMBucketCreateRequest (OMBucketCreateRequest.java:validateAndUpdateCache(292)) - created bucket: 1847516d-43a5-4735-abde-7137c588125c of layout OBJECT_STORE in volume: f722e345-c5d0-484a-9315-7f97f062ef13
]]></system-out>
  </testcase>
  <testcase name="testZReadKeyWithUnhealthyContainerReplica" classname="org.apache.hadoop.ozone.client.rpc.TestSecureOzoneRpcClient" time="0.001"/>
</testsuite>