<?xml version="1.0" encoding="UTF-8"?>
<testsuite xmlns:xsi="http://www.w3.org/2001/XMLSchema-instance" xsi:noNamespaceSchemaLocation="https://maven.apache.org/surefire/maven-surefire-plugin/xsd/surefire-test-report-3.0.xsd" version="3.0" name="org.apache.hadoop.ozone.client.rpc.TestContainerStateMachineFailures" time="97.475" tests="6" errors="0" skipped="0" failures="0">
  <properties>
    <property name="awt.toolkit" value="sun.awt.X11.XToolkit"/>
    <property name="file.encoding.pkg" value="sun.io"/>
    <property name="java.specification.version" value="1.8"/>
    <property name="sun.cpu.isalist" value=""/>
    <property name="sun.jnu.encoding" value="UTF-8"/>
    <property name="java.class.path" value="/home/runner/work/ozone/ozone/hadoop-ozone/integration-test/target/test-classes:/home/runner/work/ozone/ozone/hadoop-ozone/integration-test/target/classes:/home/runner/.m2/repository/org/apache/ozone/ozone-common/1.4.0-SNAPSHOT/ozone-common-1.4.0-SNAPSHOT.jar:/home/runner/.m2/repository/io/grpc/grpc-netty/1.51.1/grpc-netty-1.51.1.jar:/home/runner/.m2/repository/io/grpc/grpc-core/1.51.1/grpc-core-1.51.1.jar:/home/runner/.m2/repository/com/google/android/annotations/4.1.1.4/annotations-4.1.1.4.jar:/home/runner/.m2/repository/org/codehaus/mojo/animal-sniffer-annotations/1.21/animal-sniffer-annotations-1.21.jar:/home/runner/.m2/repository/com/google/errorprone/error_prone_annotations/2.2.0/error_prone_annotations-2.2.0.jar:/home/runner/.m2/repository/io/perfmark/perfmark-api/0.25.0/perfmark-api-0.25.0.jar:/home/runner/.m2/repository/io/netty/netty-codec-http2/4.1.86.Final/netty-codec-http2-4.1.86.Final.jar:/home/runner/.m2/repository/io/netty/netty-common/4.1.86.Final/netty-common-4.1.86.Final.jar:/home/runner/.m2/repository/io/netty/netty-buffer/4.1.86.Final/netty-buffer-4.1.86.Final.jar:/home/runner/.m2/repository/io/netty/netty-codec-http/4.1.86.Final/netty-codec-http-4.1.86.Final.jar:/home/runner/.m2/repository/io/netty/netty-handler-proxy/4.1.86.Final/netty-handler-proxy-4.1.86.Final.jar:/home/runner/.m2/repository/io/netty/netty-codec-socks/4.1.86.Final/netty-codec-socks-4.1.86.Final.jar:/home/runner/.m2/repository/io/netty/netty-tcnative-boringssl-static/2.0.54.Final/netty-tcnative-boringssl-static-2.0.54.Final.jar:/home/runner/.m2/repository/io/netty/netty-tcnative-classes/2.0.54.Final/netty-tcnative-classes-2.0.54.Final.jar:/home/runner/.m2/repository/io/netty/netty-tcnative-boringssl-static/2.0.54.Final/netty-tcnative-boringssl-static-2.0.54.Final-linux-x86_64.jar:/home/runner/.m2/repository/io/netty/netty-tcnative-boringssl-static/2.0.54.Final/netty-tcnative-boringssl-static-2.0.54.Final-linux-aarch_64.jar:/home/runner/.m2/repository/io/netty/netty-tcnative-boringssl-static/2.0.54.Final/netty-tcnative-boringssl-static-2.0.54.Final-osx-x86_64.jar:/home/runner/.m2/repository/io/netty/netty-tcnative-boringssl-static/2.0.54.Final/netty-tcnative-boringssl-static-2.0.54.Final-osx-aarch_64.jar:/home/runner/.m2/repository/io/netty/netty-tcnative-boringssl-static/2.0.54.Final/netty-tcnative-boringssl-static-2.0.54.Final-windows-x86_64.jar:/home/runner/.m2/repository/org/apache/commons/commons-compress/1.21/commons-compress-1.21.jar:/home/runner/.m2/repository/org/apache/ozone/hdds-common/1.4.0-SNAPSHOT/hdds-common-1.4.0-SNAPSHOT.jar:/home/runner/.m2/repository/org/apache/ozone/hdds-client/1.4.0-SNAPSHOT/hdds-client-1.4.0-SNAPSHOT.jar:/home/runner/.m2/repository/org/apache/ozone/ozone-interface-client/1.4.0-SNAPSHOT/ozone-interface-client-1.4.0-SNAPSHOT.jar:/home/runner/.m2/repository/org/apache/ozone/hdds-test-utils/1.4.0-SNAPSHOT/hdds-test-utils-1.4.0-SNAPSHOT.jar:/home/runner/.m2/repository/com/google/guava/guava/31.1-jre/guava-31.1-jre.jar:/home/runner/.m2/repository/com/google/guava/failureaccess/1.0.1/failureaccess-1.0.1.jar:/home/runner/.m2/repository/com/google/guava/listenablefuture/9999.0-empty-to-avoid-conflict-with-guava/listenablefuture-9999.0-empty-to-avoid-conflict-with-guava.jar:/home/runner/.m2/repository/com/google/code/findbugs/jsr305/3.0.0/jsr305-3.0.0.jar:/home/runner/.m2/repository/org/checkerframework/checker-qual/3.12.0/checker-qual-3.12.0.jar:/home/runner/.m2/repository/com/google/j2objc/j2objc-annotations/1.3/j2objc-annotations-1.3.jar:/home/runner/.m2/repository/commons-io/commons-io/2.11.0/commons-io-2.11.0.jar:/home/runner/.m2/repository/commons-logging/commons-logging/1.2/commons-logging-1.2.jar:/home/runner/.m2/repository/ch/qos/reload4j/reload4j/1.2.22/reload4j-1.2.22.jar:/home/runner/.m2/repository/org/slf4j/slf4j-api/1.7.36/slf4j-api-1.7.36.jar:/home/runner/.m2/repository/org/apache/ozone/hdds-server-scm/1.4.0-SNAPSHOT/hdds-server-scm-1.4.0-SNAPSHOT.jar:/home/runner/.m2/repository/org/apache/ozone/hdds-container-service/1.4.0-SNAPSHOT/hdds-container-service-1.4.0-SNAPSHOT.jar:/home/runner/.m2/repository/org/apache/ozone/hdds-hadoop-dependency-server/1.4.0-SNAPSHOT/hdds-hadoop-dependency-server-1.4.0-SNAPSHOT.jar:/home/runner/.m2/repository/org/apache/hadoop/hadoop-hdfs/3.3.5/hadoop-hdfs-3.3.5.jar:/home/runner/.m2/repository/commons-daemon/commons-daemon/1.0.13/commons-daemon-1.0.13.jar:/home/runner/.m2/repository/org/apache/ozone/hdds-server-framework/1.4.0-SNAPSHOT/hdds-server-framework-1.4.0-SNAPSHOT.jar:/home/runner/.m2/repository/io/dropwizard/metrics/metrics-core/3.2.4/metrics-core-3.2.4.jar:/home/runner/.m2/repository/org/apache/commons/commons-text/1.4/commons-text-1.4.jar:/home/runner/.m2/repository/org/apache/hadoop/hadoop-hdfs-client/3.3.5/hadoop-hdfs-client-3.3.5.jar:/home/runner/.m2/repository/com/squareup/okhttp3/okhttp/4.9.3/okhttp-4.9.3.jar:/home/runner/.m2/repository/com/squareup/okio/okio/2.8.0/okio-2.8.0.jar:/home/runner/.m2/repository/org/jetbrains/kotlin/kotlin-stdlib-common/1.6.21/kotlin-stdlib-common-1.6.21.jar:/home/runner/.m2/repository/org/bouncycastle/bcprov-jdk15on/1.67/bcprov-jdk15on-1.67.jar:/home/runner/.m2/repository/com/google/protobuf/protobuf-java/2.5.0/protobuf-java-2.5.0.jar:/home/runner/.m2/repository/org/apache/ozone/hdds-server-framework/1.4.0-SNAPSHOT/hdds-server-framework-1.4.0-SNAPSHOT-tests.jar:/home/runner/.m2/repository/org/apache/ozone/hdds-interface-server/1.4.0-SNAPSHOT/hdds-interface-server-1.4.0-SNAPSHOT.jar:/home/runner/.m2/repository/org/apache/ozone/hdds-interface-admin/1.4.0-SNAPSHOT/hdds-interface-admin-1.4.0-SNAPSHOT.jar:/home/runner/.m2/repository/org/apache/ozone/hdds-managed-rocksdb/1.4.0-SNAPSHOT/hdds-managed-rocksdb-1.4.0-SNAPSHOT.jar:/home/runner/.m2/repository/org/rocksdb/rocksdbjni/7.7.3/rocksdbjni-7.7.3.jar:/home/runner/.m2/repository/org/slf4j/slf4j-reload4j/1.7.36/slf4j-reload4j-1.7.36.jar:/home/runner/.m2/repository/org/apache/commons/commons-configuration2/2.1.1/commons-configuration2-2.1.1.jar:/home/runner/.m2/repository/org/apache/logging/log4j/log4j-core/2.17.1/log4j-core-2.17.1.jar:/home/runner/.m2/repository/com/lmax/disruptor/3.4.2/disruptor-3.4.2.jar:/home/runner/.m2/repository/org/eclipse/jetty/jetty-util/9.4.51.v20230217/jetty-util-9.4.51.v20230217.jar:/home/runner/.m2/repository/org/eclipse/jetty/jetty-server/9.4.51.v20230217/jetty-server-9.4.51.v20230217.jar:/home/runner/.m2/repository/org/eclipse/jetty/jetty-http/9.4.51.v20230217/jetty-http-9.4.51.v20230217.jar:/home/runner/.m2/repository/org/eclipse/jetty/jetty-io/9.4.51.v20230217/jetty-io-9.4.51.v20230217.jar:/home/runner/.m2/repository/org/eclipse/jetty/jetty-servlet/9.4.51.v20230217/jetty-servlet-9.4.51.v20230217.jar:/home/runner/.m2/repository/org/eclipse/jetty/jetty-security/9.4.51.v20230217/jetty-security-9.4.51.v20230217.jar:/home/runner/.m2/repository/org/eclipse/jetty/jetty-util-ajax/9.4.51.v20230217/jetty-util-ajax-9.4.51.v20230217.jar:/home/runner/.m2/repository/org/eclipse/jetty/jetty-webapp/9.4.51.v20230217/jetty-webapp-9.4.51.v20230217.jar:/home/runner/.m2/repository/org/eclipse/jetty/jetty-xml/9.4.51.v20230217/jetty-xml-9.4.51.v20230217.jar:/home/runner/.m2/repository/org/apache/ratis/ratis-server/2.4.2-8b8bdda-SNAPSHOT/ratis-server-2.4.2-8b8bdda-SNAPSHOT.jar:/home/runner/.m2/repository/org/apache/ratis/ratis-thirdparty-misc/1.0.3/ratis-thirdparty-misc-1.0.3.jar:/home/runner/.m2/repository/org/apache/ratis/ratis-proto/2.4.2-8b8bdda-SNAPSHOT/ratis-proto-2.4.2-8b8bdda-SNAPSHOT.jar:/home/runner/.m2/repository/org/apache/ratis/ratis-common/2.4.2-8b8bdda-SNAPSHOT/ratis-common-2.4.2-8b8bdda-SNAPSHOT.jar:/home/runner/.m2/repository/org/apache/ratis/ratis-client/2.4.2-8b8bdda-SNAPSHOT/ratis-client-2.4.2-8b8bdda-SNAPSHOT.jar:/home/runner/.m2/repository/org/apache/ratis/ratis-server-api/2.4.2-8b8bdda-SNAPSHOT/ratis-server-api-2.4.2-8b8bdda-SNAPSHOT.jar:/home/runner/.m2/repository/org/apache/ratis/ratis-metrics/2.4.2-8b8bdda-SNAPSHOT/ratis-metrics-2.4.2-8b8bdda-SNAPSHOT.jar:/home/runner/.m2/repository/io/prometheus/simpleclient_dropwizard/0.7.0/simpleclient_dropwizard-0.7.0.jar:/home/runner/.m2/repository/io/prometheus/simpleclient/0.7.0/simpleclient-0.7.0.jar:/home/runner/.m2/repository/io/prometheus/simpleclient_common/0.7.0/simpleclient_common-0.7.0.jar:/home/runner/.m2/repository/com/fasterxml/jackson/datatype/jackson-datatype-jsr310/2.13.4/jackson-datatype-jsr310-2.13.4.jar:/home/runner/.m2/repository/com/fasterxml/jackson/core/jackson-core/2.13.4/jackson-core-2.13.4.jar:/home/runner/.m2/repository/com/github/spotbugs/spotbugs-annotations/3.1.12/spotbugs-annotations-3.1.12.jar:/home/runner/.m2/repository/org/apache/ozone/rocksdb-checkpoint-differ/1.4.0-SNAPSHOT/rocksdb-checkpoint-differ-1.4.0-SNAPSHOT.jar:/home/runner/.m2/repository/org/awaitility/awaitility/4.2.0/awaitility-4.2.0.jar:/home/runner/.m2/repository/org/hamcrest/hamcrest/2.1/hamcrest-2.1.jar:/home/runner/.m2/repository/org/apache/ozone/ozone-manager/1.4.0-SNAPSHOT/ozone-manager-1.4.0-SNAPSHOT.jar:/home/runner/.m2/repository/org/aspectj/aspectjrt/1.9.7/aspectjrt-1.9.7.jar:/home/runner/.m2/repository/org/aspectj/aspectjweaver/1.9.7/aspectjweaver-1.9.7.jar:/home/runner/.m2/repository/org/apache/ozone/hdds-interface-client/1.4.0-SNAPSHOT/hdds-interface-client-1.4.0-SNAPSHOT.jar:/home/runner/.m2/repository/org/apache/hadoop/thirdparty/hadoop-shaded-protobuf_3_7/1.1.1/hadoop-shaded-protobuf_3_7-1.1.1.jar:/home/runner/.m2/repository/org/apache/ozone/ozone-interface-storage/1.4.0-SNAPSHOT/ozone-interface-storage-1.4.0-SNAPSHOT.jar:/home/runner/.m2/repository/org/reflections/reflections/0.9.11/reflections-0.9.11.jar:/home/runner/.m2/repository/com/sun/jersey/jersey-client/1.19/jersey-client-1.19.jar:/home/runner/.m2/repository/org/codehaus/jackson/jackson-core-asl/1.9.13/jackson-core-asl-1.9.13.jar:/home/runner/.m2/repository/org/codehaus/jackson/jackson-mapper-asl/1.9.13/jackson-mapper-asl-1.9.13.jar:/home/runner/.m2/repository/org/codehaus/jackson/jackson-jaxrs/1.9.13/jackson-jaxrs-1.9.13.jar:/home/runner/.m2/repository/org/apache/ranger/ranger-intg/2.3.0/ranger-intg-2.3.0.jar:/home/runner/.m2/repository/org/apache/ranger/ranger-plugins-common/2.3.0/ranger-plugins-common-2.3.0.jar:/home/runner/.m2/repository/commons-lang/commons-lang/2.6/commons-lang-2.6.jar:/home/runner/.m2/repository/org/apache/ranger/ranger-plugins-cred/2.3.0/ranger-plugins-cred-2.3.0.jar:/home/runner/.m2/repository/org/apache/ranger/ranger-plugins-audit/2.3.0/ranger-plugins-audit-2.3.0.jar:/home/runner/.m2/repository/org/eclipse/jetty/jetty-client/9.4.51.v20230217/jetty-client-9.4.51.v20230217.jar:/home/runner/.m2/repository/org/apache/httpcomponents/httpmime/4.5.6/httpmime-4.5.6.jar:/home/runner/.m2/repository/org/apache/httpcomponents/httpcore-nio/4.4.13/httpcore-nio-4.4.13.jar:/home/runner/.m2/repository/org/apache/httpcomponents/httpasyncclient/4.1.3/httpasyncclient-4.1.3.jar:/home/runner/.m2/repository/com/carrotsearch/hppc/0.8.0/hppc-0.8.0.jar:/home/runner/.m2/repository/org/apache/orc/orc-core/1.5.8/orc-core-1.5.8.jar:/home/runner/.m2/repository/net/java/dev/jna/jna/5.2.0/jna-5.2.0.jar:/home/runner/.m2/repository/net/java/dev/jna/jna-platform/5.2.0/jna-platform-5.2.0.jar:/home/runner/.m2/repository/com/kstruct/gethostname4j/0.0.2/gethostname4j-0.0.2.jar:/home/runner/.m2/repository/org/apache/ranger/ranger-plugin-classloader/2.3.0/ranger-plugin-classloader-2.3.0.jar:/home/runner/.m2/repository/org/apache/ozone/hdds-rocks-native/1.4.0-SNAPSHOT/hdds-rocks-native-1.4.0-SNAPSHOT.jar:/home/runner/.m2/repository/org/apache/hadoop/hadoop-minikdc/3.3.5/hadoop-minikdc-3.3.5.jar:/home/runner/.m2/repository/org/apache/kerby/kerb-simplekdc/1.0.1/kerb-simplekdc-1.0.1.jar:/home/runner/.m2/repository/org/apache/kerby/kerb-client/1.0.1/kerb-client-1.0.1.jar:/home/runner/.m2/repository/org/apache/kerby/kerby-config/1.0.1/kerby-config-1.0.1.jar:/home/runner/.m2/repository/org/apache/kerby/kerb-common/1.0.1/kerb-common-1.0.1.jar:/home/runner/.m2/repository/org/apache/kerby/kerb-crypto/1.0.1/kerb-crypto-1.0.1.jar:/home/runner/.m2/repository/org/apache/kerby/kerb-util/1.0.1/kerb-util-1.0.1.jar:/home/runner/.m2/repository/org/apache/kerby/token-provider/1.0.1/token-provider-1.0.1.jar:/home/runner/.m2/repository/org/apache/kerby/kerb-admin/1.0.1/kerb-admin-1.0.1.jar:/home/runner/.m2/repository/org/apache/kerby/kerb-server/1.0.1/kerb-server-1.0.1.jar:/home/runner/.m2/repository/org/apache/kerby/kerb-identity/1.0.1/kerb-identity-1.0.1.jar:/home/runner/.m2/repository/org/apache/kerby/kerby-xdr/1.0.1/kerby-xdr-1.0.1.jar:/home/runner/.m2/repository/org/apache/ozone/ozone-s3gateway/1.4.0-SNAPSHOT/ozone-s3gateway-1.4.0-SNAPSHOT.jar:/home/runner/.m2/repository/org/javassist/javassist/3.21.0-GA/javassist-3.21.0-GA.jar:/home/runner/.m2/repository/org/jboss/weld/servlet/weld-servlet-shaded/3.1.9.Final/weld-servlet-shaded-3.1.9.Final.jar:/home/runner/.m2/repository/org/glassfish/jersey/containers/jersey-container-servlet-core/2.34/jersey-container-servlet-core-2.34.jar:/home/runner/.m2/repository/org/glassfish/hk2/external/jakarta.inject/2.6.1/jakarta.inject-2.6.1.jar:/home/runner/.m2/repository/org/glassfish/jersey/core/jersey-common/2.34/jersey-common-2.34.jar:/home/runner/.m2/repository/jakarta/ws/rs/jakarta.ws.rs-api/2.1.6/jakarta.ws.rs-api-2.1.6.jar:/home/runner/.m2/repository/org/glassfish/jersey/ext/cdi/jersey-cdi1x/2.34/jersey-cdi1x-2.34.jar:/home/runner/.m2/repository/org/glassfish/jersey/inject/jersey-hk2/2.34/jersey-hk2-2.34.jar:/home/runner/.m2/repository/org/glassfish/hk2/hk2-locator/2.6.1/hk2-locator-2.6.1.jar:/home/runner/.m2/repository/org/glassfish/jersey/media/jersey-media-jaxb/2.34/jersey-media-jaxb-2.34.jar:/home/runner/.m2/repository/org/glassfish/hk2/osgi-resource-locator/1.0.3/osgi-resource-locator-1.0.3.jar:/home/runner/.m2/repository/org/glassfish/hk2/hk2-api/2.5.0/hk2-api-2.5.0.jar:/home/runner/.m2/repository/org/glassfish/hk2/hk2-utils/2.5.0/hk2-utils-2.5.0.jar:/home/runner/.m2/repository/org/glassfish/hk2/external/aopalliance-repackaged/2.5.0/aopalliance-repackaged-2.5.0.jar:/home/runner/.m2/repository/com/fasterxml/jackson/dataformat/jackson-dataformat-xml/2.13.4/jackson-dataformat-xml-2.13.4.jar:/home/runner/.m2/repository/org/codehaus/woodstox/stax2-api/4.2.1/stax2-api-4.2.1.jar:/home/runner/.m2/repository/com/fasterxml/woodstox/woodstox-core/5.4.0/woodstox-core-5.4.0.jar:/home/runner/.m2/repository/com/fasterxml/jackson/module/jackson-module-jaxb-annotations/2.13.4/jackson-module-jaxb-annotations-2.13.4.jar:/home/runner/.m2/repository/jakarta/xml/bind/jakarta.xml.bind-api/2.3.3/jakarta.xml.bind-api-2.3.3.jar:/home/runner/.m2/repository/jakarta/activation/jakarta.activation-api/1.2.2/jakarta.activation-api-1.2.2.jar:/home/runner/.m2/repository/javax/enterprise/cdi-api/2.0/cdi-api-2.0.jar:/home/runner/.m2/repository/javax/el/javax.el-api/3.0.0/javax.el-api-3.0.0.jar:/home/runner/.m2/repository/javax/interceptor/javax.interceptor-api/1.2/javax.interceptor-api-1.2.jar:/home/runner/.m2/repository/javax/inject/javax.inject/1/javax.inject-1.jar:/home/runner/.m2/repository/javax/xml/bind/jaxb-api/2.3.0/jaxb-api-2.3.0.jar:/home/runner/.m2/repository/org/glassfish/jaxb/jaxb-runtime/2.3.0.1/jaxb-runtime-2.3.0.1.jar:/home/runner/.m2/repository/org/glassfish/jaxb/jaxb-core/2.3.0.1/jaxb-core-2.3.0.1.jar:/home/runner/.m2/repository/org/glassfish/jaxb/txw2/2.3.0.1/txw2-2.3.0.1.jar:/home/runner/.m2/repository/com/sun/istack/istack-commons-runtime/3.0.5/istack-commons-runtime-3.0.5.jar:/home/runner/.m2/repository/org/jvnet/staxex/stax-ex/1.7.8/stax-ex-1.7.8.jar:/home/runner/.m2/repository/com/sun/xml/fastinfoset/FastInfoset/1.2.13/FastInfoset-1.2.13.jar:/home/runner/.m2/repository/javax/activation/activation/1.1.1/activation-1.1.1.jar:/home/runner/.m2/repository/io/grpc/grpc-protobuf/1.51.1/grpc-protobuf-1.51.1.jar:/home/runner/.m2/repository/io/grpc/grpc-api/1.51.1/grpc-api-1.51.1.jar:/home/runner/.m2/repository/io/grpc/grpc-context/1.51.1/grpc-context-1.51.1.jar:/home/runner/.m2/repository/com/google/api/grpc/proto-google-common-protos/2.9.0/proto-google-common-protos-2.9.0.jar:/home/runner/.m2/repository/io/grpc/grpc-protobuf-lite/1.51.1/grpc-protobuf-lite-1.51.1.jar:/home/runner/.m2/repository/io/grpc/grpc-stub/1.51.1/grpc-stub-1.51.1.jar:/home/runner/.m2/repository/io/netty/netty-transport/4.1.86.Final/netty-transport-4.1.86.Final.jar:/home/runner/.m2/repository/io/netty/netty-resolver/4.1.86.Final/netty-resolver-4.1.86.Final.jar:/home/runner/.m2/repository/org/apache/ozone/ozone-csi/1.4.0-SNAPSHOT/ozone-csi-1.4.0-SNAPSHOT.jar:/home/runner/.m2/repository/com/google/protobuf/protobuf-java-util/3.19.6/protobuf-java-util-3.19.6.jar:/home/runner/.m2/repository/com/google/code/gson/gson/2.9.0/gson-2.9.0.jar:/home/runner/.m2/repository/org/apache/ozone/hdds-config/1.4.0-SNAPSHOT/hdds-config-1.4.0-SNAPSHOT.jar:/home/runner/.m2/repository/io/netty/netty-transport-native-epoll/4.1.86.Final/netty-transport-native-epoll-4.1.86.Final-linux-x86_64.jar:/home/runner/.m2/repository/io/netty/netty-transport-classes-epoll/4.1.86.Final/netty-transport-classes-epoll-4.1.86.Final.jar:/home/runner/.m2/repository/io/netty/netty-transport-native-unix-common/4.1.86.Final/netty-transport-native-unix-common-4.1.86.Final.jar:/home/runner/.m2/repository/org/apache/ozone/ozone-recon/1.4.0-SNAPSHOT/ozone-recon-1.4.0-SNAPSHOT.jar:/home/runner/.m2/repository/org/apache/ozone/ozone-reconcodegen/1.4.0-SNAPSHOT/ozone-reconcodegen-1.4.0-SNAPSHOT.jar:/home/runner/.m2/repository/com/google/inject/guice/5.1.0/guice-5.1.0.jar:/home/runner/.m2/repository/aopalliance/aopalliance/1.0/aopalliance-1.0.jar:/home/runner/.m2/repository/com/google/inject/extensions/guice-assistedinject/5.1.0/guice-assistedinject-5.1.0.jar:/home/runner/.m2/repository/com/google/inject/extensions/guice-servlet/5.1.0/guice-servlet-5.1.0.jar:/home/runner/.m2/repository/org/glassfish/jersey/containers/jersey-container-servlet/2.34/jersey-container-servlet-2.34.jar:/home/runner/.m2/repository/org/glassfish/hk2/guice-bridge/2.5.0/guice-bridge-2.5.0.jar:/home/runner/.m2/repository/org/glassfish/jersey/core/jersey-server/2.34/jersey-server-2.34.jar:/home/runner/.m2/repository/org/glassfish/jersey/core/jersey-client/2.34/jersey-client-2.34.jar:/home/runner/.m2/repository/jakarta/annotation/jakarta.annotation-api/1.3.5/jakarta.annotation-api-1.3.5.jar:/home/runner/.m2/repository/jakarta/validation/jakarta.validation-api/2.0.2/jakarta.validation-api-2.0.2.jar:/home/runner/.m2/repository/org/glassfish/jersey/media/jersey-media-json-jackson/2.34/jersey-media-json-jackson-2.34.jar:/home/runner/.m2/repository/org/glassfish/jersey/ext/jersey-entity-filtering/2.34/jersey-entity-filtering-2.34.jar:/home/runner/.m2/repository/org/jooq/jooq/3.11.10/jooq-3.11.10.jar:/home/runner/.m2/repository/org/jooq/jooq-meta/3.11.10/jooq-meta-3.11.10.jar:/home/runner/.m2/repository/org/jooq/jooq-codegen/3.11.10/jooq-codegen-3.11.10.jar:/home/runner/.m2/repository/com/jolbox/bonecp/0.8.0.RELEASE/bonecp-0.8.0.RELEASE.jar:/home/runner/.m2/repository/org/apache/derby/derby/10.14.2.0/derby-10.14.2.0.jar:/home/runner/.m2/repository/org/xerial/sqlite-jdbc/3.25.2/sqlite-jdbc-3.25.2.jar:/home/runner/.m2/repository/org/springframework/spring-jdbc/5.3.26/spring-jdbc-5.3.26.jar:/home/runner/.m2/repository/org/springframework/spring-beans/5.3.26/spring-beans-5.3.26.jar:/home/runner/.m2/repository/org/springframework/spring-core/5.3.26/spring-core-5.3.26.jar:/home/runner/.m2/repository/org/springframework/spring-tx/5.3.26/spring-tx-5.3.26.jar:/home/runner/.m2/repository/org/apache/ozone/ozone-client/1.4.0-SNAPSHOT/ozone-client-1.4.0-SNAPSHOT.jar:/home/runner/.m2/repository/org/apache/ozone/hdds-erasurecode/1.4.0-SNAPSHOT/hdds-erasurecode-1.4.0-SNAPSHOT.jar:/home/runner/.m2/repository/org/apache/ozone/ozone-filesystem/1.4.0-SNAPSHOT/ozone-filesystem-1.4.0-SNAPSHOT.jar:/home/runner/.m2/repository/org/apache/ozone/ozone-filesystem-common/1.4.0-SNAPSHOT/ozone-filesystem-common-1.4.0-SNAPSHOT.jar:/home/runner/.m2/repository/org/apache/ozone/ozone-tools/1.4.0-SNAPSHOT/ozone-tools-1.4.0-SNAPSHOT.jar:/home/runner/.m2/repository/com/amazonaws/aws-java-sdk-core/1.12.261/aws-java-sdk-core-1.12.261.jar:/home/runner/.m2/repository/org/apache/httpcomponents/httpclient/4.5.13/httpclient-4.5.13.jar:/home/runner/.m2/repository/org/apache/httpcomponents/httpcore/4.4.13/httpcore-4.4.13.jar:/home/runner/.m2/repository/software/amazon/ion/ion-java/1.0.2/ion-java-1.0.2.jar:/home/runner/.m2/repository/com/fasterxml/jackson/dataformat/jackson-dataformat-cbor/2.13.4/jackson-dataformat-cbor-2.13.4.jar:/home/runner/.m2/repository/joda-time/joda-time/2.10.6/joda-time-2.10.6.jar:/home/runner/.m2/repository/com/amazonaws/aws-java-sdk-s3/1.12.261/aws-java-sdk-s3-1.12.261.jar:/home/runner/.m2/repository/com/amazonaws/aws-java-sdk-kms/1.12.261/aws-java-sdk-kms-1.12.261.jar:/home/runner/.m2/repository/com/amazonaws/jmespath-java/1.12.261/jmespath-java-1.12.261.jar:/home/runner/.m2/repository/org/kohsuke/metainf-services/metainf-services/1.8/metainf-services-1.8.jar:/home/runner/.m2/repository/org/apache/ozone/hdds-tools/1.4.0-SNAPSHOT/hdds-tools-1.4.0-SNAPSHOT.jar:/home/runner/.m2/repository/org/apache/ratis/ratis-tools/2.4.2-8b8bdda-SNAPSHOT/ratis-tools-2.4.2-8b8bdda-SNAPSHOT.jar:/home/runner/.m2/repository/commons-cli/commons-cli/1.2/commons-cli-1.2.jar:/home/runner/.m2/repository/org/apache/commons/commons-lang3/3.7/commons-lang3-3.7.jar:/home/runner/.m2/repository/org/apache/ozone/ozone-manager/1.4.0-SNAPSHOT/ozone-manager-1.4.0-SNAPSHOT-tests.jar:/home/runner/.m2/repository/org/apache/ozone/hdds-common/1.4.0-SNAPSHOT/hdds-common-1.4.0-SNAPSHOT-tests.jar:/home/runner/.m2/repository/org/apache/ozone/hdds-hadoop-dependency-client/1.4.0-SNAPSHOT/hdds-hadoop-dependency-client-1.4.0-SNAPSHOT.jar:/home/runner/.m2/repository/info/picocli/picocli/4.6.1/picocli-4.6.1.jar:/home/runner/.m2/repository/com/fasterxml/jackson/core/jackson-annotations/2.13.4/jackson-annotations-2.13.4.jar:/home/runner/.m2/repository/org/apache/ozone/hdds-annotation-processing/1.4.0-SNAPSHOT/hdds-annotation-processing-1.4.0-SNAPSHOT.jar:/home/runner/.m2/repository/javax/annotation/javax.annotation-api/1.2/javax.annotation-api-1.2.jar:/home/runner/.m2/repository/org/apache/ratis/ratis-netty/2.4.2-8b8bdda-SNAPSHOT/ratis-netty-2.4.2-8b8bdda-SNAPSHOT.jar:/home/runner/.m2/repository/org/apache/ratis/ratis-grpc/2.4.2-8b8bdda-SNAPSHOT/ratis-grpc-2.4.2-8b8bdda-SNAPSHOT.jar:/home/runner/.m2/repository/org/apache/logging/log4j/log4j-api/2.17.1/log4j-api-2.17.1.jar:/home/runner/.m2/repository/org/apache/commons/commons-pool2/2.6.0/commons-pool2-2.6.0.jar:/home/runner/.m2/repository/org/bouncycastle/bcpkix-jdk15on/1.67/bcpkix-jdk15on-1.67.jar:/home/runner/.m2/repository/commons-validator/commons-validator/1.6/commons-validator-1.6.jar:/home/runner/.m2/repository/commons-beanutils/commons-beanutils/1.9.4/commons-beanutils-1.9.4.jar:/home/runner/.m2/repository/commons-digester/commons-digester/1.8.1/commons-digester-1.8.1.jar:/home/runner/.m2/repository/commons-collections/commons-collections/3.2.2/commons-collections-3.2.2.jar:/home/runner/.m2/repository/io/jaegertracing/jaeger-client/1.6.0/jaeger-client-1.6.0.jar:/home/runner/.m2/repository/io/jaegertracing/jaeger-thrift/1.6.0/jaeger-thrift-1.6.0.jar:/home/runner/.m2/repository/org/apache/thrift/libthrift/0.14.1/libthrift-0.14.1.jar:/home/runner/.m2/repository/io/jaegertracing/jaeger-core/1.6.0/jaeger-core-1.6.0.jar:/home/runner/.m2/repository/io/jaegertracing/jaeger-tracerresolver/1.6.0/jaeger-tracerresolver-1.6.0.jar:/home/runner/.m2/repository/io/opentracing/contrib/opentracing-tracerresolver/0.1.8/opentracing-tracerresolver-0.1.8.jar:/home/runner/.m2/repository/org/jetbrains/kotlin/kotlin-stdlib/1.6.21/kotlin-stdlib-1.6.21.jar:/home/runner/.m2/repository/org/jetbrains/annotations/13.0/annotations-13.0.jar:/home/runner/.m2/repository/io/opentracing/opentracing-util/0.33.0/opentracing-util-0.33.0.jar:/home/runner/.m2/repository/io/opentracing/opentracing-api/0.33.0/opentracing-api-0.33.0.jar:/home/runner/.m2/repository/io/opentracing/opentracing-noop/0.33.0/opentracing-noop-0.33.0.jar:/home/runner/.m2/repository/org/yaml/snakeyaml/2.0/snakeyaml-2.0.jar:/home/runner/.m2/repository/junit/junit/4.13.1/junit-4.13.1.jar:/home/runner/.m2/repository/org/hamcrest/hamcrest-core/1.3/hamcrest-core-1.3.jar:/home/runner/.m2/repository/org/junit/jupiter/junit-jupiter-api/5.8.2/junit-jupiter-api-5.8.2.jar:/home/runner/.m2/repository/org/opentest4j/opentest4j/1.2.0/opentest4j-1.2.0.jar:/home/runner/.m2/repository/org/junit/platform/junit-platform-commons/1.8.2/junit-platform-commons-1.8.2.jar:/home/runner/.m2/repository/org/apiguardian/apiguardian-api/1.1.2/apiguardian-api-1.1.2.jar:/home/runner/.m2/repository/org/junit/jupiter/junit-jupiter-params/5.8.2/junit-jupiter-params-5.8.2.jar:/home/runner/.m2/repository/org/junit/jupiter/junit-jupiter-migrationsupport/5.8.2/junit-jupiter-migrationsupport-5.8.2.jar:/home/runner/.m2/repository/org/junit/jupiter/junit-jupiter-engine/5.8.2/junit-jupiter-engine-5.8.2.jar:/home/runner/.m2/repository/org/junit/platform/junit-platform-engine/1.8.2/junit-platform-engine-1.8.2.jar:/home/runner/.m2/repository/org/junit/vintage/junit-vintage-engine/5.8.2/junit-vintage-engine-5.8.2.jar:/home/runner/.m2/repository/org/junit/platform/junit-platform-launcher/1.8.2/junit-platform-launcher-1.8.2.jar:/home/runner/.m2/repository/org/mockito/mockito-core/2.28.2/mockito-core-2.28.2.jar:/home/runner/.m2/repository/net/bytebuddy/byte-buddy/1.9.10/byte-buddy-1.9.10.jar:/home/runner/.m2/repository/net/bytebuddy/byte-buddy-agent/1.9.10/byte-buddy-agent-1.9.10.jar:/home/runner/.m2/repository/org/objenesis/objenesis/1.0/objenesis-1.0.jar:/home/runner/.m2/repository/org/apache/hadoop/hadoop-kms/3.3.5/hadoop-kms-3.3.5.jar:/home/runner/.m2/repository/org/apache/hadoop/hadoop-auth/3.3.5/hadoop-auth-3.3.5.jar:/home/runner/.m2/repository/com/nimbusds/nimbus-jose-jwt/9.8.1/nimbus-jose-jwt-9.8.1.jar:/home/runner/.m2/repository/com/github/stephenc/jcip/jcip-annotations/1.0-1/jcip-annotations-1.0-1.jar:/home/runner/.m2/repository/net/minidev/json-smart/2.4.7/json-smart-2.4.7.jar:/home/runner/.m2/repository/net/minidev/accessors-smart/2.4.7/accessors-smart-2.4.7.jar:/home/runner/.m2/repository/org/ow2/asm/asm/5.0.4/asm-5.0.4.jar:/home/runner/.m2/repository/org/apache/zookeeper/zookeeper/3.5.6/zookeeper-3.5.6.jar:/home/runner/.m2/repository/org/apache/zookeeper/zookeeper-jute/3.5.6/zookeeper-jute-3.5.6.jar:/home/runner/.m2/repository/org/apache/yetus/audience-annotations/0.5.0/audience-annotations-0.5.0.jar:/home/runner/.m2/repository/org/apache/curator/curator-framework/4.2.0/curator-framework-4.2.0.jar:/home/runner/.m2/repository/org/apache/hadoop/thirdparty/hadoop-shaded-guava/1.1.1/hadoop-shaded-guava-1.1.1.jar:/home/runner/.m2/repository/com/sun/jersey/jersey-core/1.19/jersey-core-1.19.jar:/home/runner/.m2/repository/javax/ws/rs/jsr311-api/1.1.1/jsr311-api-1.1.1.jar:/home/runner/.m2/repository/com/sun/jersey/jersey-server/1.19/jersey-server-1.19.jar:/home/runner/.m2/repository/javax/servlet/javax.servlet-api/3.1.0/javax.servlet-api-3.1.0.jar:/home/runner/.m2/repository/org/apache/hadoop/hadoop-common/3.3.5/hadoop-common-3.3.5.jar:/home/runner/.m2/repository/org/apache/commons/commons-math3/3.1.1/commons-math3-3.1.1.jar:/home/runner/.m2/repository/commons-net/commons-net/3.9.0/commons-net-3.9.0.jar:/home/runner/.m2/repository/com/sun/jersey/jersey-servlet/1.19/jersey-servlet-1.19.jar:/home/runner/.m2/repository/com/github/pjfanning/jersey-json/1.20/jersey-json-1.20.jar:/home/runner/.m2/repository/org/codehaus/jettison/jettison/1.1/jettison-1.1.jar:/home/runner/.m2/repository/com/sun/xml/bind/jaxb-impl/2.2.3-1/jaxb-impl-2.2.3-1.jar:/home/runner/.m2/repository/com/google/re2j/re2j/1.1/re2j-1.1.jar:/home/runner/.m2/repository/com/jcraft/jsch/0.1.54/jsch-0.1.54.jar:/home/runner/.m2/repository/org/apache/curator/curator-client/4.2.0/curator-client-4.2.0.jar:/home/runner/.m2/repository/org/apache/curator/curator-recipes/4.2.0/curator-recipes-4.2.0.jar:/home/runner/.m2/repository/org/apache/kerby/kerb-core/1.0.1/kerb-core-1.0.1.jar:/home/runner/.m2/repository/org/apache/kerby/kerby-pkix/1.0.1/kerby-pkix-1.0.1.jar:/home/runner/.m2/repository/org/apache/kerby/kerby-asn1/1.0.1/kerby-asn1-1.0.1.jar:/home/runner/.m2/repository/org/apache/kerby/kerby-util/1.0.1/kerby-util-1.0.1.jar:/home/runner/.m2/repository/dnsjava/dnsjava/2.1.7/dnsjava-2.1.7.jar:/home/runner/.m2/repository/org/xerial/snappy/snappy-java/1.1.8.2/snappy-java-1.1.8.2.jar:/home/runner/.m2/repository/com/fasterxml/jackson/core/jackson-databind/2.13.4.2/jackson-databind-2.13.4.2.jar:/home/runner/.m2/repository/org/apache/hadoop/hadoop-kms/3.3.5/hadoop-kms-3.3.5-tests.jar:/home/runner/.m2/repository/org/apache/ozone/hdds-server-scm/1.4.0-SNAPSHOT/hdds-server-scm-1.4.0-SNAPSHOT-tests.jar:/home/runner/.m2/repository/org/apache/ozone/hdds-container-service/1.4.0-SNAPSHOT/hdds-container-service-1.4.0-SNAPSHOT-tests.jar:/home/runner/.m2/repository/com/github/luben/zstd-jni/1.5.2-5/zstd-jni-1.5.2-5.jar:/home/runner/.m2/repository/commons-codec/commons-codec/1.15/commons-codec-1.15.jar:/home/runner/.m2/repository/io/netty/netty-codec/4.1.86.Final/netty-codec-4.1.86.Final.jar:/home/runner/.m2/repository/io/netty/netty-handler/4.1.86.Final/netty-handler-4.1.86.Final.jar:/home/runner/.m2/repository/org/apache/ozone/hdds-hadoop-dependency-test/1.4.0-SNAPSHOT/hdds-hadoop-dependency-test-1.4.0-SNAPSHOT.jar:/home/runner/.m2/repository/org/apache/hadoop/hadoop-common/3.3.5/hadoop-common-3.3.5-tests.jar:/home/runner/.m2/repository/org/apache/hadoop/hadoop-hdfs/3.3.5/hadoop-hdfs-3.3.5-tests.jar:/home/runner/.m2/repository/org/assertj/assertj-core/3.12.2/assertj-core-3.12.2.jar:/home/runner/.m2/repository/org/apache/hadoop/hadoop-distcp/3.3.5/hadoop-distcp-3.3.5.jar:/home/runner/.m2/repository/org/apache/hadoop/hadoop-mapreduce-client-jobclient/3.3.5/hadoop-mapreduce-client-jobclient-3.3.5.jar:/home/runner/.m2/repository/org/apache/hadoop/hadoop-mapreduce-client-common/3.3.5/hadoop-mapreduce-client-common-3.3.5.jar:/home/runner/.m2/repository/org/apache/hadoop/hadoop-yarn-common/3.3.5/hadoop-yarn-common-3.3.5.jar:/home/runner/.m2/repository/org/apache/hadoop/hadoop-yarn-api/3.3.5/hadoop-yarn-api-3.3.5.jar:/home/runner/.m2/repository/com/sun/jersey/contribs/jersey-guice/1.19/jersey-guice-1.19.jar:/home/runner/.m2/repository/com/fasterxml/jackson/jaxrs/jackson-jaxrs-json-provider/2.13.4/jackson-jaxrs-json-provider-2.13.4.jar:/home/runner/.m2/repository/com/fasterxml/jackson/jaxrs/jackson-jaxrs-base/2.13.4/jackson-jaxrs-base-2.13.4.jar:/home/runner/.m2/repository/org/apache/hadoop/hadoop-yarn-client/3.3.5/hadoop-yarn-client-3.3.5.jar:/home/runner/.m2/repository/org/eclipse/jetty/websocket/websocket-client/9.4.48.v20220622/websocket-client-9.4.48.v20220622.jar:/home/runner/.m2/repository/org/eclipse/jetty/websocket/websocket-common/9.4.48.v20220622/websocket-common-9.4.48.v20220622.jar:/home/runner/.m2/repository/org/eclipse/jetty/websocket/websocket-api/9.4.48.v20220622/websocket-api-9.4.48.v20220622.jar:/home/runner/.m2/repository/org/jline/jline/3.9.0/jline-3.9.0.jar:/home/runner/.m2/repository/org/apache/hadoop/hadoop-mapreduce-client-core/3.3.5/hadoop-mapreduce-client-core-3.3.5.jar:/home/runner/.m2/repository/org/apache/avro/avro/1.7.7/avro-1.7.7.jar:/home/runner/.m2/repository/com/thoughtworks/paranamer/paranamer/2.3/paranamer-2.3.jar:/home/runner/.m2/repository/org/apache/hadoop/hadoop-annotations/3.3.5/hadoop-annotations-3.3.5.jar:/usr/lib/jvm/temurin-8-jdk-amd64/jre/../lib/tools.jar:/home/runner/.m2/repository/io/netty/netty/3.10.6.Final/netty-3.10.6.Final.jar:/home/runner/.m2/repository/org/apache/hadoop/hadoop-distcp/3.3.5/hadoop-distcp-3.3.5-tests.jar:/home/runner/.m2/repository/org/slf4j/jul-to-slf4j/1.7.36/jul-to-slf4j-1.7.36.jar:"/>
    <property name="java.vm.vendor" value="Temurin"/>
    <property name="sun.arch.data.model" value="64"/>
    <property name="test.build.dir" value="/home/runner/work/ozone/ozone/hadoop-ozone/integration-test/target/test-dir"/>
    <property name="test.cache.data" value=""/>
    <property name="java.vendor.url" value="https://adoptium.net/"/>
    <property name="user.timezone" value="Etc/UTC"/>
    <property name="java.vm.specification.version" value="1.8"/>
    <property name="os.name" value="Linux"/>
    <property name="test.build.data" value="/home/runner/work/ozone/ozone/hadoop-ozone/integration-test/target/test-dir"/>
    <property name="sun.java.launcher" value="SUN_STANDARD"/>
    <property name="sun.boot.library.path" value="/usr/lib/jvm/temurin-8-jdk-amd64/jre/lib/amd64"/>
    <property name="sun.java.command" value="/home/runner/work/ozone/ozone/hadoop-ozone/integration-test/target/surefire/surefirebooter2546268071832546017.jar /home/runner/work/ozone/ozone/hadoop-ozone/integration-test/target/surefire 2023-04-22T01-41-43_032-jvmRun1 surefire6598020891849617273tmp surefire_302035111743203156826tmp"/>
    <property name="surefire.test.class.path" value="/home/runner/work/ozone/ozone/hadoop-ozone/integration-test/target/test-classes:/home/runner/work/ozone/ozone/hadoop-ozone/integration-test/target/classes:/home/runner/.m2/repository/org/apache/ozone/ozone-common/1.4.0-SNAPSHOT/ozone-common-1.4.0-SNAPSHOT.jar:/home/runner/.m2/repository/io/grpc/grpc-netty/1.51.1/grpc-netty-1.51.1.jar:/home/runner/.m2/repository/io/grpc/grpc-core/1.51.1/grpc-core-1.51.1.jar:/home/runner/.m2/repository/com/google/android/annotations/4.1.1.4/annotations-4.1.1.4.jar:/home/runner/.m2/repository/org/codehaus/mojo/animal-sniffer-annotations/1.21/animal-sniffer-annotations-1.21.jar:/home/runner/.m2/repository/com/google/errorprone/error_prone_annotations/2.2.0/error_prone_annotations-2.2.0.jar:/home/runner/.m2/repository/io/perfmark/perfmark-api/0.25.0/perfmark-api-0.25.0.jar:/home/runner/.m2/repository/io/netty/netty-codec-http2/4.1.86.Final/netty-codec-http2-4.1.86.Final.jar:/home/runner/.m2/repository/io/netty/netty-common/4.1.86.Final/netty-common-4.1.86.Final.jar:/home/runner/.m2/repository/io/netty/netty-buffer/4.1.86.Final/netty-buffer-4.1.86.Final.jar:/home/runner/.m2/repository/io/netty/netty-codec-http/4.1.86.Final/netty-codec-http-4.1.86.Final.jar:/home/runner/.m2/repository/io/netty/netty-handler-proxy/4.1.86.Final/netty-handler-proxy-4.1.86.Final.jar:/home/runner/.m2/repository/io/netty/netty-codec-socks/4.1.86.Final/netty-codec-socks-4.1.86.Final.jar:/home/runner/.m2/repository/io/netty/netty-tcnative-boringssl-static/2.0.54.Final/netty-tcnative-boringssl-static-2.0.54.Final.jar:/home/runner/.m2/repository/io/netty/netty-tcnative-classes/2.0.54.Final/netty-tcnative-classes-2.0.54.Final.jar:/home/runner/.m2/repository/io/netty/netty-tcnative-boringssl-static/2.0.54.Final/netty-tcnative-boringssl-static-2.0.54.Final-linux-x86_64.jar:/home/runner/.m2/repository/io/netty/netty-tcnative-boringssl-static/2.0.54.Final/netty-tcnative-boringssl-static-2.0.54.Final-linux-aarch_64.jar:/home/runner/.m2/repository/io/netty/netty-tcnative-boringssl-static/2.0.54.Final/netty-tcnative-boringssl-static-2.0.54.Final-osx-x86_64.jar:/home/runner/.m2/repository/io/netty/netty-tcnative-boringssl-static/2.0.54.Final/netty-tcnative-boringssl-static-2.0.54.Final-osx-aarch_64.jar:/home/runner/.m2/repository/io/netty/netty-tcnative-boringssl-static/2.0.54.Final/netty-tcnative-boringssl-static-2.0.54.Final-windows-x86_64.jar:/home/runner/.m2/repository/org/apache/commons/commons-compress/1.21/commons-compress-1.21.jar:/home/runner/.m2/repository/org/apache/ozone/hdds-common/1.4.0-SNAPSHOT/hdds-common-1.4.0-SNAPSHOT.jar:/home/runner/.m2/repository/org/apache/ozone/hdds-client/1.4.0-SNAPSHOT/hdds-client-1.4.0-SNAPSHOT.jar:/home/runner/.m2/repository/org/apache/ozone/ozone-interface-client/1.4.0-SNAPSHOT/ozone-interface-client-1.4.0-SNAPSHOT.jar:/home/runner/.m2/repository/org/apache/ozone/hdds-test-utils/1.4.0-SNAPSHOT/hdds-test-utils-1.4.0-SNAPSHOT.jar:/home/runner/.m2/repository/com/google/guava/guava/31.1-jre/guava-31.1-jre.jar:/home/runner/.m2/repository/com/google/guava/failureaccess/1.0.1/failureaccess-1.0.1.jar:/home/runner/.m2/repository/com/google/guava/listenablefuture/9999.0-empty-to-avoid-conflict-with-guava/listenablefuture-9999.0-empty-to-avoid-conflict-with-guava.jar:/home/runner/.m2/repository/com/google/code/findbugs/jsr305/3.0.0/jsr305-3.0.0.jar:/home/runner/.m2/repository/org/checkerframework/checker-qual/3.12.0/checker-qual-3.12.0.jar:/home/runner/.m2/repository/com/google/j2objc/j2objc-annotations/1.3/j2objc-annotations-1.3.jar:/home/runner/.m2/repository/commons-io/commons-io/2.11.0/commons-io-2.11.0.jar:/home/runner/.m2/repository/commons-logging/commons-logging/1.2/commons-logging-1.2.jar:/home/runner/.m2/repository/ch/qos/reload4j/reload4j/1.2.22/reload4j-1.2.22.jar:/home/runner/.m2/repository/org/slf4j/slf4j-api/1.7.36/slf4j-api-1.7.36.jar:/home/runner/.m2/repository/org/apache/ozone/hdds-server-scm/1.4.0-SNAPSHOT/hdds-server-scm-1.4.0-SNAPSHOT.jar:/home/runner/.m2/repository/org/apache/ozone/hdds-container-service/1.4.0-SNAPSHOT/hdds-container-service-1.4.0-SNAPSHOT.jar:/home/runner/.m2/repository/org/apache/ozone/hdds-hadoop-dependency-server/1.4.0-SNAPSHOT/hdds-hadoop-dependency-server-1.4.0-SNAPSHOT.jar:/home/runner/.m2/repository/org/apache/hadoop/hadoop-hdfs/3.3.5/hadoop-hdfs-3.3.5.jar:/home/runner/.m2/repository/commons-daemon/commons-daemon/1.0.13/commons-daemon-1.0.13.jar:/home/runner/.m2/repository/org/apache/ozone/hdds-server-framework/1.4.0-SNAPSHOT/hdds-server-framework-1.4.0-SNAPSHOT.jar:/home/runner/.m2/repository/io/dropwizard/metrics/metrics-core/3.2.4/metrics-core-3.2.4.jar:/home/runner/.m2/repository/org/apache/commons/commons-text/1.4/commons-text-1.4.jar:/home/runner/.m2/repository/org/apache/hadoop/hadoop-hdfs-client/3.3.5/hadoop-hdfs-client-3.3.5.jar:/home/runner/.m2/repository/com/squareup/okhttp3/okhttp/4.9.3/okhttp-4.9.3.jar:/home/runner/.m2/repository/com/squareup/okio/okio/2.8.0/okio-2.8.0.jar:/home/runner/.m2/repository/org/jetbrains/kotlin/kotlin-stdlib-common/1.6.21/kotlin-stdlib-common-1.6.21.jar:/home/runner/.m2/repository/org/bouncycastle/bcprov-jdk15on/1.67/bcprov-jdk15on-1.67.jar:/home/runner/.m2/repository/com/google/protobuf/protobuf-java/2.5.0/protobuf-java-2.5.0.jar:/home/runner/.m2/repository/org/apache/ozone/hdds-server-framework/1.4.0-SNAPSHOT/hdds-server-framework-1.4.0-SNAPSHOT-tests.jar:/home/runner/.m2/repository/org/apache/ozone/hdds-interface-server/1.4.0-SNAPSHOT/hdds-interface-server-1.4.0-SNAPSHOT.jar:/home/runner/.m2/repository/org/apache/ozone/hdds-interface-admin/1.4.0-SNAPSHOT/hdds-interface-admin-1.4.0-SNAPSHOT.jar:/home/runner/.m2/repository/org/apache/ozone/hdds-managed-rocksdb/1.4.0-SNAPSHOT/hdds-managed-rocksdb-1.4.0-SNAPSHOT.jar:/home/runner/.m2/repository/org/rocksdb/rocksdbjni/7.7.3/rocksdbjni-7.7.3.jar:/home/runner/.m2/repository/org/slf4j/slf4j-reload4j/1.7.36/slf4j-reload4j-1.7.36.jar:/home/runner/.m2/repository/org/apache/commons/commons-configuration2/2.1.1/commons-configuration2-2.1.1.jar:/home/runner/.m2/repository/org/apache/logging/log4j/log4j-core/2.17.1/log4j-core-2.17.1.jar:/home/runner/.m2/repository/com/lmax/disruptor/3.4.2/disruptor-3.4.2.jar:/home/runner/.m2/repository/org/eclipse/jetty/jetty-util/9.4.51.v20230217/jetty-util-9.4.51.v20230217.jar:/home/runner/.m2/repository/org/eclipse/jetty/jetty-server/9.4.51.v20230217/jetty-server-9.4.51.v20230217.jar:/home/runner/.m2/repository/org/eclipse/jetty/jetty-http/9.4.51.v20230217/jetty-http-9.4.51.v20230217.jar:/home/runner/.m2/repository/org/eclipse/jetty/jetty-io/9.4.51.v20230217/jetty-io-9.4.51.v20230217.jar:/home/runner/.m2/repository/org/eclipse/jetty/jetty-servlet/9.4.51.v20230217/jetty-servlet-9.4.51.v20230217.jar:/home/runner/.m2/repository/org/eclipse/jetty/jetty-security/9.4.51.v20230217/jetty-security-9.4.51.v20230217.jar:/home/runner/.m2/repository/org/eclipse/jetty/jetty-util-ajax/9.4.51.v20230217/jetty-util-ajax-9.4.51.v20230217.jar:/home/runner/.m2/repository/org/eclipse/jetty/jetty-webapp/9.4.51.v20230217/jetty-webapp-9.4.51.v20230217.jar:/home/runner/.m2/repository/org/eclipse/jetty/jetty-xml/9.4.51.v20230217/jetty-xml-9.4.51.v20230217.jar:/home/runner/.m2/repository/org/apache/ratis/ratis-server/2.4.2-8b8bdda-SNAPSHOT/ratis-server-2.4.2-8b8bdda-SNAPSHOT.jar:/home/runner/.m2/repository/org/apache/ratis/ratis-thirdparty-misc/1.0.3/ratis-thirdparty-misc-1.0.3.jar:/home/runner/.m2/repository/org/apache/ratis/ratis-proto/2.4.2-8b8bdda-SNAPSHOT/ratis-proto-2.4.2-8b8bdda-SNAPSHOT.jar:/home/runner/.m2/repository/org/apache/ratis/ratis-common/2.4.2-8b8bdda-SNAPSHOT/ratis-common-2.4.2-8b8bdda-SNAPSHOT.jar:/home/runner/.m2/repository/org/apache/ratis/ratis-client/2.4.2-8b8bdda-SNAPSHOT/ratis-client-2.4.2-8b8bdda-SNAPSHOT.jar:/home/runner/.m2/repository/org/apache/ratis/ratis-server-api/2.4.2-8b8bdda-SNAPSHOT/ratis-server-api-2.4.2-8b8bdda-SNAPSHOT.jar:/home/runner/.m2/repository/org/apache/ratis/ratis-metrics/2.4.2-8b8bdda-SNAPSHOT/ratis-metrics-2.4.2-8b8bdda-SNAPSHOT.jar:/home/runner/.m2/repository/io/prometheus/simpleclient_dropwizard/0.7.0/simpleclient_dropwizard-0.7.0.jar:/home/runner/.m2/repository/io/prometheus/simpleclient/0.7.0/simpleclient-0.7.0.jar:/home/runner/.m2/repository/io/prometheus/simpleclient_common/0.7.0/simpleclient_common-0.7.0.jar:/home/runner/.m2/repository/com/fasterxml/jackson/datatype/jackson-datatype-jsr310/2.13.4/jackson-datatype-jsr310-2.13.4.jar:/home/runner/.m2/repository/com/fasterxml/jackson/core/jackson-core/2.13.4/jackson-core-2.13.4.jar:/home/runner/.m2/repository/com/github/spotbugs/spotbugs-annotations/3.1.12/spotbugs-annotations-3.1.12.jar:/home/runner/.m2/repository/org/apache/ozone/rocksdb-checkpoint-differ/1.4.0-SNAPSHOT/rocksdb-checkpoint-differ-1.4.0-SNAPSHOT.jar:/home/runner/.m2/repository/org/awaitility/awaitility/4.2.0/awaitility-4.2.0.jar:/home/runner/.m2/repository/org/hamcrest/hamcrest/2.1/hamcrest-2.1.jar:/home/runner/.m2/repository/org/apache/ozone/ozone-manager/1.4.0-SNAPSHOT/ozone-manager-1.4.0-SNAPSHOT.jar:/home/runner/.m2/repository/org/aspectj/aspectjrt/1.9.7/aspectjrt-1.9.7.jar:/home/runner/.m2/repository/org/aspectj/aspectjweaver/1.9.7/aspectjweaver-1.9.7.jar:/home/runner/.m2/repository/org/apache/ozone/hdds-interface-client/1.4.0-SNAPSHOT/hdds-interface-client-1.4.0-SNAPSHOT.jar:/home/runner/.m2/repository/org/apache/hadoop/thirdparty/hadoop-shaded-protobuf_3_7/1.1.1/hadoop-shaded-protobuf_3_7-1.1.1.jar:/home/runner/.m2/repository/org/apache/ozone/ozone-interface-storage/1.4.0-SNAPSHOT/ozone-interface-storage-1.4.0-SNAPSHOT.jar:/home/runner/.m2/repository/org/reflections/reflections/0.9.11/reflections-0.9.11.jar:/home/runner/.m2/repository/com/sun/jersey/jersey-client/1.19/jersey-client-1.19.jar:/home/runner/.m2/repository/org/codehaus/jackson/jackson-core-asl/1.9.13/jackson-core-asl-1.9.13.jar:/home/runner/.m2/repository/org/codehaus/jackson/jackson-mapper-asl/1.9.13/jackson-mapper-asl-1.9.13.jar:/home/runner/.m2/repository/org/codehaus/jackson/jackson-jaxrs/1.9.13/jackson-jaxrs-1.9.13.jar:/home/runner/.m2/repository/org/apache/ranger/ranger-intg/2.3.0/ranger-intg-2.3.0.jar:/home/runner/.m2/repository/org/apache/ranger/ranger-plugins-common/2.3.0/ranger-plugins-common-2.3.0.jar:/home/runner/.m2/repository/commons-lang/commons-lang/2.6/commons-lang-2.6.jar:/home/runner/.m2/repository/org/apache/ranger/ranger-plugins-cred/2.3.0/ranger-plugins-cred-2.3.0.jar:/home/runner/.m2/repository/org/apache/ranger/ranger-plugins-audit/2.3.0/ranger-plugins-audit-2.3.0.jar:/home/runner/.m2/repository/org/eclipse/jetty/jetty-client/9.4.51.v20230217/jetty-client-9.4.51.v20230217.jar:/home/runner/.m2/repository/org/apache/httpcomponents/httpmime/4.5.6/httpmime-4.5.6.jar:/home/runner/.m2/repository/org/apache/httpcomponents/httpcore-nio/4.4.13/httpcore-nio-4.4.13.jar:/home/runner/.m2/repository/org/apache/httpcomponents/httpasyncclient/4.1.3/httpasyncclient-4.1.3.jar:/home/runner/.m2/repository/com/carrotsearch/hppc/0.8.0/hppc-0.8.0.jar:/home/runner/.m2/repository/org/apache/orc/orc-core/1.5.8/orc-core-1.5.8.jar:/home/runner/.m2/repository/net/java/dev/jna/jna/5.2.0/jna-5.2.0.jar:/home/runner/.m2/repository/net/java/dev/jna/jna-platform/5.2.0/jna-platform-5.2.0.jar:/home/runner/.m2/repository/com/kstruct/gethostname4j/0.0.2/gethostname4j-0.0.2.jar:/home/runner/.m2/repository/org/apache/ranger/ranger-plugin-classloader/2.3.0/ranger-plugin-classloader-2.3.0.jar:/home/runner/.m2/repository/org/apache/ozone/hdds-rocks-native/1.4.0-SNAPSHOT/hdds-rocks-native-1.4.0-SNAPSHOT.jar:/home/runner/.m2/repository/org/apache/hadoop/hadoop-minikdc/3.3.5/hadoop-minikdc-3.3.5.jar:/home/runner/.m2/repository/org/apache/kerby/kerb-simplekdc/1.0.1/kerb-simplekdc-1.0.1.jar:/home/runner/.m2/repository/org/apache/kerby/kerb-client/1.0.1/kerb-client-1.0.1.jar:/home/runner/.m2/repository/org/apache/kerby/kerby-config/1.0.1/kerby-config-1.0.1.jar:/home/runner/.m2/repository/org/apache/kerby/kerb-common/1.0.1/kerb-common-1.0.1.jar:/home/runner/.m2/repository/org/apache/kerby/kerb-crypto/1.0.1/kerb-crypto-1.0.1.jar:/home/runner/.m2/repository/org/apache/kerby/kerb-util/1.0.1/kerb-util-1.0.1.jar:/home/runner/.m2/repository/org/apache/kerby/token-provider/1.0.1/token-provider-1.0.1.jar:/home/runner/.m2/repository/org/apache/kerby/kerb-admin/1.0.1/kerb-admin-1.0.1.jar:/home/runner/.m2/repository/org/apache/kerby/kerb-server/1.0.1/kerb-server-1.0.1.jar:/home/runner/.m2/repository/org/apache/kerby/kerb-identity/1.0.1/kerb-identity-1.0.1.jar:/home/runner/.m2/repository/org/apache/kerby/kerby-xdr/1.0.1/kerby-xdr-1.0.1.jar:/home/runner/.m2/repository/org/apache/ozone/ozone-s3gateway/1.4.0-SNAPSHOT/ozone-s3gateway-1.4.0-SNAPSHOT.jar:/home/runner/.m2/repository/org/javassist/javassist/3.21.0-GA/javassist-3.21.0-GA.jar:/home/runner/.m2/repository/org/jboss/weld/servlet/weld-servlet-shaded/3.1.9.Final/weld-servlet-shaded-3.1.9.Final.jar:/home/runner/.m2/repository/org/glassfish/jersey/containers/jersey-container-servlet-core/2.34/jersey-container-servlet-core-2.34.jar:/home/runner/.m2/repository/org/glassfish/hk2/external/jakarta.inject/2.6.1/jakarta.inject-2.6.1.jar:/home/runner/.m2/repository/org/glassfish/jersey/core/jersey-common/2.34/jersey-common-2.34.jar:/home/runner/.m2/repository/jakarta/ws/rs/jakarta.ws.rs-api/2.1.6/jakarta.ws.rs-api-2.1.6.jar:/home/runner/.m2/repository/org/glassfish/jersey/ext/cdi/jersey-cdi1x/2.34/jersey-cdi1x-2.34.jar:/home/runner/.m2/repository/org/glassfish/jersey/inject/jersey-hk2/2.34/jersey-hk2-2.34.jar:/home/runner/.m2/repository/org/glassfish/hk2/hk2-locator/2.6.1/hk2-locator-2.6.1.jar:/home/runner/.m2/repository/org/glassfish/jersey/media/jersey-media-jaxb/2.34/jersey-media-jaxb-2.34.jar:/home/runner/.m2/repository/org/glassfish/hk2/osgi-resource-locator/1.0.3/osgi-resource-locator-1.0.3.jar:/home/runner/.m2/repository/org/glassfish/hk2/hk2-api/2.5.0/hk2-api-2.5.0.jar:/home/runner/.m2/repository/org/glassfish/hk2/hk2-utils/2.5.0/hk2-utils-2.5.0.jar:/home/runner/.m2/repository/org/glassfish/hk2/external/aopalliance-repackaged/2.5.0/aopalliance-repackaged-2.5.0.jar:/home/runner/.m2/repository/com/fasterxml/jackson/dataformat/jackson-dataformat-xml/2.13.4/jackson-dataformat-xml-2.13.4.jar:/home/runner/.m2/repository/org/codehaus/woodstox/stax2-api/4.2.1/stax2-api-4.2.1.jar:/home/runner/.m2/repository/com/fasterxml/woodstox/woodstox-core/5.4.0/woodstox-core-5.4.0.jar:/home/runner/.m2/repository/com/fasterxml/jackson/module/jackson-module-jaxb-annotations/2.13.4/jackson-module-jaxb-annotations-2.13.4.jar:/home/runner/.m2/repository/jakarta/xml/bind/jakarta.xml.bind-api/2.3.3/jakarta.xml.bind-api-2.3.3.jar:/home/runner/.m2/repository/jakarta/activation/jakarta.activation-api/1.2.2/jakarta.activation-api-1.2.2.jar:/home/runner/.m2/repository/javax/enterprise/cdi-api/2.0/cdi-api-2.0.jar:/home/runner/.m2/repository/javax/el/javax.el-api/3.0.0/javax.el-api-3.0.0.jar:/home/runner/.m2/repository/javax/interceptor/javax.interceptor-api/1.2/javax.interceptor-api-1.2.jar:/home/runner/.m2/repository/javax/inject/javax.inject/1/javax.inject-1.jar:/home/runner/.m2/repository/javax/xml/bind/jaxb-api/2.3.0/jaxb-api-2.3.0.jar:/home/runner/.m2/repository/org/glassfish/jaxb/jaxb-runtime/2.3.0.1/jaxb-runtime-2.3.0.1.jar:/home/runner/.m2/repository/org/glassfish/jaxb/jaxb-core/2.3.0.1/jaxb-core-2.3.0.1.jar:/home/runner/.m2/repository/org/glassfish/jaxb/txw2/2.3.0.1/txw2-2.3.0.1.jar:/home/runner/.m2/repository/com/sun/istack/istack-commons-runtime/3.0.5/istack-commons-runtime-3.0.5.jar:/home/runner/.m2/repository/org/jvnet/staxex/stax-ex/1.7.8/stax-ex-1.7.8.jar:/home/runner/.m2/repository/com/sun/xml/fastinfoset/FastInfoset/1.2.13/FastInfoset-1.2.13.jar:/home/runner/.m2/repository/javax/activation/activation/1.1.1/activation-1.1.1.jar:/home/runner/.m2/repository/io/grpc/grpc-protobuf/1.51.1/grpc-protobuf-1.51.1.jar:/home/runner/.m2/repository/io/grpc/grpc-api/1.51.1/grpc-api-1.51.1.jar:/home/runner/.m2/repository/io/grpc/grpc-context/1.51.1/grpc-context-1.51.1.jar:/home/runner/.m2/repository/com/google/api/grpc/proto-google-common-protos/2.9.0/proto-google-common-protos-2.9.0.jar:/home/runner/.m2/repository/io/grpc/grpc-protobuf-lite/1.51.1/grpc-protobuf-lite-1.51.1.jar:/home/runner/.m2/repository/io/grpc/grpc-stub/1.51.1/grpc-stub-1.51.1.jar:/home/runner/.m2/repository/io/netty/netty-transport/4.1.86.Final/netty-transport-4.1.86.Final.jar:/home/runner/.m2/repository/io/netty/netty-resolver/4.1.86.Final/netty-resolver-4.1.86.Final.jar:/home/runner/.m2/repository/org/apache/ozone/ozone-csi/1.4.0-SNAPSHOT/ozone-csi-1.4.0-SNAPSHOT.jar:/home/runner/.m2/repository/com/google/protobuf/protobuf-java-util/3.19.6/protobuf-java-util-3.19.6.jar:/home/runner/.m2/repository/com/google/code/gson/gson/2.9.0/gson-2.9.0.jar:/home/runner/.m2/repository/org/apache/ozone/hdds-config/1.4.0-SNAPSHOT/hdds-config-1.4.0-SNAPSHOT.jar:/home/runner/.m2/repository/io/netty/netty-transport-native-epoll/4.1.86.Final/netty-transport-native-epoll-4.1.86.Final-linux-x86_64.jar:/home/runner/.m2/repository/io/netty/netty-transport-classes-epoll/4.1.86.Final/netty-transport-classes-epoll-4.1.86.Final.jar:/home/runner/.m2/repository/io/netty/netty-transport-native-unix-common/4.1.86.Final/netty-transport-native-unix-common-4.1.86.Final.jar:/home/runner/.m2/repository/org/apache/ozone/ozone-recon/1.4.0-SNAPSHOT/ozone-recon-1.4.0-SNAPSHOT.jar:/home/runner/.m2/repository/org/apache/ozone/ozone-reconcodegen/1.4.0-SNAPSHOT/ozone-reconcodegen-1.4.0-SNAPSHOT.jar:/home/runner/.m2/repository/com/google/inject/guice/5.1.0/guice-5.1.0.jar:/home/runner/.m2/repository/aopalliance/aopalliance/1.0/aopalliance-1.0.jar:/home/runner/.m2/repository/com/google/inject/extensions/guice-assistedinject/5.1.0/guice-assistedinject-5.1.0.jar:/home/runner/.m2/repository/com/google/inject/extensions/guice-servlet/5.1.0/guice-servlet-5.1.0.jar:/home/runner/.m2/repository/org/glassfish/jersey/containers/jersey-container-servlet/2.34/jersey-container-servlet-2.34.jar:/home/runner/.m2/repository/org/glassfish/hk2/guice-bridge/2.5.0/guice-bridge-2.5.0.jar:/home/runner/.m2/repository/org/glassfish/jersey/core/jersey-server/2.34/jersey-server-2.34.jar:/home/runner/.m2/repository/org/glassfish/jersey/core/jersey-client/2.34/jersey-client-2.34.jar:/home/runner/.m2/repository/jakarta/annotation/jakarta.annotation-api/1.3.5/jakarta.annotation-api-1.3.5.jar:/home/runner/.m2/repository/jakarta/validation/jakarta.validation-api/2.0.2/jakarta.validation-api-2.0.2.jar:/home/runner/.m2/repository/org/glassfish/jersey/media/jersey-media-json-jackson/2.34/jersey-media-json-jackson-2.34.jar:/home/runner/.m2/repository/org/glassfish/jersey/ext/jersey-entity-filtering/2.34/jersey-entity-filtering-2.34.jar:/home/runner/.m2/repository/org/jooq/jooq/3.11.10/jooq-3.11.10.jar:/home/runner/.m2/repository/org/jooq/jooq-meta/3.11.10/jooq-meta-3.11.10.jar:/home/runner/.m2/repository/org/jooq/jooq-codegen/3.11.10/jooq-codegen-3.11.10.jar:/home/runner/.m2/repository/com/jolbox/bonecp/0.8.0.RELEASE/bonecp-0.8.0.RELEASE.jar:/home/runner/.m2/repository/org/apache/derby/derby/10.14.2.0/derby-10.14.2.0.jar:/home/runner/.m2/repository/org/xerial/sqlite-jdbc/3.25.2/sqlite-jdbc-3.25.2.jar:/home/runner/.m2/repository/org/springframework/spring-jdbc/5.3.26/spring-jdbc-5.3.26.jar:/home/runner/.m2/repository/org/springframework/spring-beans/5.3.26/spring-beans-5.3.26.jar:/home/runner/.m2/repository/org/springframework/spring-core/5.3.26/spring-core-5.3.26.jar:/home/runner/.m2/repository/org/springframework/spring-tx/5.3.26/spring-tx-5.3.26.jar:/home/runner/.m2/repository/org/apache/ozone/ozone-client/1.4.0-SNAPSHOT/ozone-client-1.4.0-SNAPSHOT.jar:/home/runner/.m2/repository/org/apache/ozone/hdds-erasurecode/1.4.0-SNAPSHOT/hdds-erasurecode-1.4.0-SNAPSHOT.jar:/home/runner/.m2/repository/org/apache/ozone/ozone-filesystem/1.4.0-SNAPSHOT/ozone-filesystem-1.4.0-SNAPSHOT.jar:/home/runner/.m2/repository/org/apache/ozone/ozone-filesystem-common/1.4.0-SNAPSHOT/ozone-filesystem-common-1.4.0-SNAPSHOT.jar:/home/runner/.m2/repository/org/apache/ozone/ozone-tools/1.4.0-SNAPSHOT/ozone-tools-1.4.0-SNAPSHOT.jar:/home/runner/.m2/repository/com/amazonaws/aws-java-sdk-core/1.12.261/aws-java-sdk-core-1.12.261.jar:/home/runner/.m2/repository/org/apache/httpcomponents/httpclient/4.5.13/httpclient-4.5.13.jar:/home/runner/.m2/repository/org/apache/httpcomponents/httpcore/4.4.13/httpcore-4.4.13.jar:/home/runner/.m2/repository/software/amazon/ion/ion-java/1.0.2/ion-java-1.0.2.jar:/home/runner/.m2/repository/com/fasterxml/jackson/dataformat/jackson-dataformat-cbor/2.13.4/jackson-dataformat-cbor-2.13.4.jar:/home/runner/.m2/repository/joda-time/joda-time/2.10.6/joda-time-2.10.6.jar:/home/runner/.m2/repository/com/amazonaws/aws-java-sdk-s3/1.12.261/aws-java-sdk-s3-1.12.261.jar:/home/runner/.m2/repository/com/amazonaws/aws-java-sdk-kms/1.12.261/aws-java-sdk-kms-1.12.261.jar:/home/runner/.m2/repository/com/amazonaws/jmespath-java/1.12.261/jmespath-java-1.12.261.jar:/home/runner/.m2/repository/org/kohsuke/metainf-services/metainf-services/1.8/metainf-services-1.8.jar:/home/runner/.m2/repository/org/apache/ozone/hdds-tools/1.4.0-SNAPSHOT/hdds-tools-1.4.0-SNAPSHOT.jar:/home/runner/.m2/repository/org/apache/ratis/ratis-tools/2.4.2-8b8bdda-SNAPSHOT/ratis-tools-2.4.2-8b8bdda-SNAPSHOT.jar:/home/runner/.m2/repository/commons-cli/commons-cli/1.2/commons-cli-1.2.jar:/home/runner/.m2/repository/org/apache/commons/commons-lang3/3.7/commons-lang3-3.7.jar:/home/runner/.m2/repository/org/apache/ozone/ozone-manager/1.4.0-SNAPSHOT/ozone-manager-1.4.0-SNAPSHOT-tests.jar:/home/runner/.m2/repository/org/apache/ozone/hdds-common/1.4.0-SNAPSHOT/hdds-common-1.4.0-SNAPSHOT-tests.jar:/home/runner/.m2/repository/org/apache/ozone/hdds-hadoop-dependency-client/1.4.0-SNAPSHOT/hdds-hadoop-dependency-client-1.4.0-SNAPSHOT.jar:/home/runner/.m2/repository/info/picocli/picocli/4.6.1/picocli-4.6.1.jar:/home/runner/.m2/repository/com/fasterxml/jackson/core/jackson-annotations/2.13.4/jackson-annotations-2.13.4.jar:/home/runner/.m2/repository/org/apache/ozone/hdds-annotation-processing/1.4.0-SNAPSHOT/hdds-annotation-processing-1.4.0-SNAPSHOT.jar:/home/runner/.m2/repository/javax/annotation/javax.annotation-api/1.2/javax.annotation-api-1.2.jar:/home/runner/.m2/repository/org/apache/ratis/ratis-netty/2.4.2-8b8bdda-SNAPSHOT/ratis-netty-2.4.2-8b8bdda-SNAPSHOT.jar:/home/runner/.m2/repository/org/apache/ratis/ratis-grpc/2.4.2-8b8bdda-SNAPSHOT/ratis-grpc-2.4.2-8b8bdda-SNAPSHOT.jar:/home/runner/.m2/repository/org/apache/logging/log4j/log4j-api/2.17.1/log4j-api-2.17.1.jar:/home/runner/.m2/repository/org/apache/commons/commons-pool2/2.6.0/commons-pool2-2.6.0.jar:/home/runner/.m2/repository/org/bouncycastle/bcpkix-jdk15on/1.67/bcpkix-jdk15on-1.67.jar:/home/runner/.m2/repository/commons-validator/commons-validator/1.6/commons-validator-1.6.jar:/home/runner/.m2/repository/commons-beanutils/commons-beanutils/1.9.4/commons-beanutils-1.9.4.jar:/home/runner/.m2/repository/commons-digester/commons-digester/1.8.1/commons-digester-1.8.1.jar:/home/runner/.m2/repository/commons-collections/commons-collections/3.2.2/commons-collections-3.2.2.jar:/home/runner/.m2/repository/io/jaegertracing/jaeger-client/1.6.0/jaeger-client-1.6.0.jar:/home/runner/.m2/repository/io/jaegertracing/jaeger-thrift/1.6.0/jaeger-thrift-1.6.0.jar:/home/runner/.m2/repository/org/apache/thrift/libthrift/0.14.1/libthrift-0.14.1.jar:/home/runner/.m2/repository/io/jaegertracing/jaeger-core/1.6.0/jaeger-core-1.6.0.jar:/home/runner/.m2/repository/io/jaegertracing/jaeger-tracerresolver/1.6.0/jaeger-tracerresolver-1.6.0.jar:/home/runner/.m2/repository/io/opentracing/contrib/opentracing-tracerresolver/0.1.8/opentracing-tracerresolver-0.1.8.jar:/home/runner/.m2/repository/org/jetbrains/kotlin/kotlin-stdlib/1.6.21/kotlin-stdlib-1.6.21.jar:/home/runner/.m2/repository/org/jetbrains/annotations/13.0/annotations-13.0.jar:/home/runner/.m2/repository/io/opentracing/opentracing-util/0.33.0/opentracing-util-0.33.0.jar:/home/runner/.m2/repository/io/opentracing/opentracing-api/0.33.0/opentracing-api-0.33.0.jar:/home/runner/.m2/repository/io/opentracing/opentracing-noop/0.33.0/opentracing-noop-0.33.0.jar:/home/runner/.m2/repository/org/yaml/snakeyaml/2.0/snakeyaml-2.0.jar:/home/runner/.m2/repository/junit/junit/4.13.1/junit-4.13.1.jar:/home/runner/.m2/repository/org/hamcrest/hamcrest-core/1.3/hamcrest-core-1.3.jar:/home/runner/.m2/repository/org/junit/jupiter/junit-jupiter-api/5.8.2/junit-jupiter-api-5.8.2.jar:/home/runner/.m2/repository/org/opentest4j/opentest4j/1.2.0/opentest4j-1.2.0.jar:/home/runner/.m2/repository/org/junit/platform/junit-platform-commons/1.8.2/junit-platform-commons-1.8.2.jar:/home/runner/.m2/repository/org/apiguardian/apiguardian-api/1.1.2/apiguardian-api-1.1.2.jar:/home/runner/.m2/repository/org/junit/jupiter/junit-jupiter-params/5.8.2/junit-jupiter-params-5.8.2.jar:/home/runner/.m2/repository/org/junit/jupiter/junit-jupiter-migrationsupport/5.8.2/junit-jupiter-migrationsupport-5.8.2.jar:/home/runner/.m2/repository/org/junit/jupiter/junit-jupiter-engine/5.8.2/junit-jupiter-engine-5.8.2.jar:/home/runner/.m2/repository/org/junit/platform/junit-platform-engine/1.8.2/junit-platform-engine-1.8.2.jar:/home/runner/.m2/repository/org/junit/vintage/junit-vintage-engine/5.8.2/junit-vintage-engine-5.8.2.jar:/home/runner/.m2/repository/org/junit/platform/junit-platform-launcher/1.8.2/junit-platform-launcher-1.8.2.jar:/home/runner/.m2/repository/org/mockito/mockito-core/2.28.2/mockito-core-2.28.2.jar:/home/runner/.m2/repository/net/bytebuddy/byte-buddy/1.9.10/byte-buddy-1.9.10.jar:/home/runner/.m2/repository/net/bytebuddy/byte-buddy-agent/1.9.10/byte-buddy-agent-1.9.10.jar:/home/runner/.m2/repository/org/objenesis/objenesis/1.0/objenesis-1.0.jar:/home/runner/.m2/repository/org/apache/hadoop/hadoop-kms/3.3.5/hadoop-kms-3.3.5.jar:/home/runner/.m2/repository/org/apache/hadoop/hadoop-auth/3.3.5/hadoop-auth-3.3.5.jar:/home/runner/.m2/repository/com/nimbusds/nimbus-jose-jwt/9.8.1/nimbus-jose-jwt-9.8.1.jar:/home/runner/.m2/repository/com/github/stephenc/jcip/jcip-annotations/1.0-1/jcip-annotations-1.0-1.jar:/home/runner/.m2/repository/net/minidev/json-smart/2.4.7/json-smart-2.4.7.jar:/home/runner/.m2/repository/net/minidev/accessors-smart/2.4.7/accessors-smart-2.4.7.jar:/home/runner/.m2/repository/org/ow2/asm/asm/5.0.4/asm-5.0.4.jar:/home/runner/.m2/repository/org/apache/zookeeper/zookeeper/3.5.6/zookeeper-3.5.6.jar:/home/runner/.m2/repository/org/apache/zookeeper/zookeeper-jute/3.5.6/zookeeper-jute-3.5.6.jar:/home/runner/.m2/repository/org/apache/yetus/audience-annotations/0.5.0/audience-annotations-0.5.0.jar:/home/runner/.m2/repository/org/apache/curator/curator-framework/4.2.0/curator-framework-4.2.0.jar:/home/runner/.m2/repository/org/apache/hadoop/thirdparty/hadoop-shaded-guava/1.1.1/hadoop-shaded-guava-1.1.1.jar:/home/runner/.m2/repository/com/sun/jersey/jersey-core/1.19/jersey-core-1.19.jar:/home/runner/.m2/repository/javax/ws/rs/jsr311-api/1.1.1/jsr311-api-1.1.1.jar:/home/runner/.m2/repository/com/sun/jersey/jersey-server/1.19/jersey-server-1.19.jar:/home/runner/.m2/repository/javax/servlet/javax.servlet-api/3.1.0/javax.servlet-api-3.1.0.jar:/home/runner/.m2/repository/org/apache/hadoop/hadoop-common/3.3.5/hadoop-common-3.3.5.jar:/home/runner/.m2/repository/org/apache/commons/commons-math3/3.1.1/commons-math3-3.1.1.jar:/home/runner/.m2/repository/commons-net/commons-net/3.9.0/commons-net-3.9.0.jar:/home/runner/.m2/repository/com/sun/jersey/jersey-servlet/1.19/jersey-servlet-1.19.jar:/home/runner/.m2/repository/com/github/pjfanning/jersey-json/1.20/jersey-json-1.20.jar:/home/runner/.m2/repository/org/codehaus/jettison/jettison/1.1/jettison-1.1.jar:/home/runner/.m2/repository/com/sun/xml/bind/jaxb-impl/2.2.3-1/jaxb-impl-2.2.3-1.jar:/home/runner/.m2/repository/com/google/re2j/re2j/1.1/re2j-1.1.jar:/home/runner/.m2/repository/com/jcraft/jsch/0.1.54/jsch-0.1.54.jar:/home/runner/.m2/repository/org/apache/curator/curator-client/4.2.0/curator-client-4.2.0.jar:/home/runner/.m2/repository/org/apache/curator/curator-recipes/4.2.0/curator-recipes-4.2.0.jar:/home/runner/.m2/repository/org/apache/kerby/kerb-core/1.0.1/kerb-core-1.0.1.jar:/home/runner/.m2/repository/org/apache/kerby/kerby-pkix/1.0.1/kerby-pkix-1.0.1.jar:/home/runner/.m2/repository/org/apache/kerby/kerby-asn1/1.0.1/kerby-asn1-1.0.1.jar:/home/runner/.m2/repository/org/apache/kerby/kerby-util/1.0.1/kerby-util-1.0.1.jar:/home/runner/.m2/repository/dnsjava/dnsjava/2.1.7/dnsjava-2.1.7.jar:/home/runner/.m2/repository/org/xerial/snappy/snappy-java/1.1.8.2/snappy-java-1.1.8.2.jar:/home/runner/.m2/repository/com/fasterxml/jackson/core/jackson-databind/2.13.4.2/jackson-databind-2.13.4.2.jar:/home/runner/.m2/repository/org/apache/hadoop/hadoop-kms/3.3.5/hadoop-kms-3.3.5-tests.jar:/home/runner/.m2/repository/org/apache/ozone/hdds-server-scm/1.4.0-SNAPSHOT/hdds-server-scm-1.4.0-SNAPSHOT-tests.jar:/home/runner/.m2/repository/org/apache/ozone/hdds-container-service/1.4.0-SNAPSHOT/hdds-container-service-1.4.0-SNAPSHOT-tests.jar:/home/runner/.m2/repository/com/github/luben/zstd-jni/1.5.2-5/zstd-jni-1.5.2-5.jar:/home/runner/.m2/repository/commons-codec/commons-codec/1.15/commons-codec-1.15.jar:/home/runner/.m2/repository/io/netty/netty-codec/4.1.86.Final/netty-codec-4.1.86.Final.jar:/home/runner/.m2/repository/io/netty/netty-handler/4.1.86.Final/netty-handler-4.1.86.Final.jar:/home/runner/.m2/repository/org/apache/ozone/hdds-hadoop-dependency-test/1.4.0-SNAPSHOT/hdds-hadoop-dependency-test-1.4.0-SNAPSHOT.jar:/home/runner/.m2/repository/org/apache/hadoop/hadoop-common/3.3.5/hadoop-common-3.3.5-tests.jar:/home/runner/.m2/repository/org/apache/hadoop/hadoop-hdfs/3.3.5/hadoop-hdfs-3.3.5-tests.jar:/home/runner/.m2/repository/org/assertj/assertj-core/3.12.2/assertj-core-3.12.2.jar:/home/runner/.m2/repository/org/apache/hadoop/hadoop-distcp/3.3.5/hadoop-distcp-3.3.5.jar:/home/runner/.m2/repository/org/apache/hadoop/hadoop-mapreduce-client-jobclient/3.3.5/hadoop-mapreduce-client-jobclient-3.3.5.jar:/home/runner/.m2/repository/org/apache/hadoop/hadoop-mapreduce-client-common/3.3.5/hadoop-mapreduce-client-common-3.3.5.jar:/home/runner/.m2/repository/org/apache/hadoop/hadoop-yarn-common/3.3.5/hadoop-yarn-common-3.3.5.jar:/home/runner/.m2/repository/org/apache/hadoop/hadoop-yarn-api/3.3.5/hadoop-yarn-api-3.3.5.jar:/home/runner/.m2/repository/com/sun/jersey/contribs/jersey-guice/1.19/jersey-guice-1.19.jar:/home/runner/.m2/repository/com/fasterxml/jackson/jaxrs/jackson-jaxrs-json-provider/2.13.4/jackson-jaxrs-json-provider-2.13.4.jar:/home/runner/.m2/repository/com/fasterxml/jackson/jaxrs/jackson-jaxrs-base/2.13.4/jackson-jaxrs-base-2.13.4.jar:/home/runner/.m2/repository/org/apache/hadoop/hadoop-yarn-client/3.3.5/hadoop-yarn-client-3.3.5.jar:/home/runner/.m2/repository/org/eclipse/jetty/websocket/websocket-client/9.4.48.v20220622/websocket-client-9.4.48.v20220622.jar:/home/runner/.m2/repository/org/eclipse/jetty/websocket/websocket-common/9.4.48.v20220622/websocket-common-9.4.48.v20220622.jar:/home/runner/.m2/repository/org/eclipse/jetty/websocket/websocket-api/9.4.48.v20220622/websocket-api-9.4.48.v20220622.jar:/home/runner/.m2/repository/org/jline/jline/3.9.0/jline-3.9.0.jar:/home/runner/.m2/repository/org/apache/hadoop/hadoop-mapreduce-client-core/3.3.5/hadoop-mapreduce-client-core-3.3.5.jar:/home/runner/.m2/repository/org/apache/avro/avro/1.7.7/avro-1.7.7.jar:/home/runner/.m2/repository/com/thoughtworks/paranamer/paranamer/2.3/paranamer-2.3.jar:/home/runner/.m2/repository/org/apache/hadoop/hadoop-annotations/3.3.5/hadoop-annotations-3.3.5.jar:/usr/lib/jvm/temurin-8-jdk-amd64/jre/../lib/tools.jar:/home/runner/.m2/repository/io/netty/netty/3.10.6.Final/netty-3.10.6.Final.jar:/home/runner/.m2/repository/org/apache/hadoop/hadoop-distcp/3.3.5/hadoop-distcp-3.3.5-tests.jar:/home/runner/.m2/repository/org/slf4j/jul-to-slf4j/1.7.36/jul-to-slf4j-1.7.36.jar:"/>
    <property name="sun.cpu.endian" value="little"/>
    <property name="user.home" value="/home/runner"/>
    <property name="user.language" value="en"/>
    <property name="java.specification.vendor" value="Oracle Corporation"/>
    <property name="java.home" value="/usr/lib/jvm/temurin-8-jdk-amd64/jre"/>
    <property name="java.security.krb5.conf" value="/home/runner/work/ozone/ozone/hadoop-ozone/integration-test/target/test-classes/krb5.conf"/>
    <property name="basedir" value="/home/runner/work/ozone/ozone/hadoop-ozone/integration-test"/>
    <property name="file.separator" value="/"/>
    <property name="line.separator" value="&#10;"/>
    <property name="java.vm.specification.vendor" value="Oracle Corporation"/>
    <property name="java.specification.name" value="Java Platform API Specification"/>
    <property name="java.awt.graphicsenv" value="sun.awt.X11GraphicsEnvironment"/>
    <property name="skip.installnpx" value="true"/>
    <property name="surefire.real.class.path" value="/home/runner/work/ozone/ozone/hadoop-ozone/integration-test/target/surefire/surefirebooter2546268071832546017.jar:/home/runner/.m2/repository/org/jacoco/org.jacoco.agent/0.8.5/org.jacoco.agent-0.8.5-runtime.jar"/>
    <property name="hadoop.log.dir" value="/home/runner/work/ozone/ozone/hadoop-ozone/integration-test/target/log"/>
    <property name="sun.boot.class.path" value="/usr/lib/jvm/temurin-8-jdk-amd64/jre/lib/resources.jar:/usr/lib/jvm/temurin-8-jdk-amd64/jre/lib/rt.jar:/usr/lib/jvm/temurin-8-jdk-amd64/jre/lib/sunrsasign.jar:/usr/lib/jvm/temurin-8-jdk-amd64/jre/lib/jsse.jar:/usr/lib/jvm/temurin-8-jdk-amd64/jre/lib/jce.jar:/usr/lib/jvm/temurin-8-jdk-amd64/jre/lib/charsets.jar:/usr/lib/jvm/temurin-8-jdk-amd64/jre/lib/jfr.jar:/usr/lib/jvm/temurin-8-jdk-amd64/jre/classes"/>
    <property name="sun.management.compiler" value="HotSpot 64-Bit Tiered Compilers"/>
    <property name="skip.npx" value="true"/>
    <property name="java.runtime.version" value="1.8.0_362-b09"/>
    <property name="java.net.preferIPv4Stack" value="true"/>
    <property name="user.name" value="runner"/>
    <property name="path.separator" value=":"/>
    <property name="java.security.egd" value="file:///dev/urandom"/>
    <property name="os.version" value="5.15.0-1035-azure"/>
    <property name="java.endorsed.dirs" value="/usr/lib/jvm/temurin-8-jdk-amd64/jre/lib/endorsed"/>
    <property name="java.runtime.name" value="OpenJDK Runtime Environment"/>
    <property name="file.encoding" value="UTF-8"/>
    <property name="java.vm.name" value="OpenJDK 64-Bit Server VM"/>
    <property name="test.build.webapps" value=""/>
    <property name="localRepository" value="/home/runner/.m2/repository"/>
    <property name="jetty.git.hash" value="b45c405e4544384de066f814ed42ae3dceacdd49"/>
    <property name="java.vendor.url.bug" value="https://github.com/adoptium/adoptium-support/issues"/>
    <property name="java.io.tmpdir" value="/tmp"/>
    <property name="require.test.libhadoop" value=""/>
    <property name="java.version" value="1.8.0_362"/>
    <property name="user.dir" value="/home/runner/work/ozone/ozone/hadoop-ozone/integration-test"/>
    <property name="os.arch" value="amd64"/>
    <property name="java.vm.specification.name" value="Java Virtual Machine Specification"/>
    <property name="test.build.classes" value="/home/runner/work/ozone/ozone/hadoop-ozone/integration-test/target/test-classes"/>
    <property name="java.awt.printerjob" value="sun.print.PSPrinterJob"/>
    <property name="sun.os.patch.level" value="unknown"/>
    <property name="org.apache.ratis.thirdparty.io.netty.allocator.useCacheForAllThreads" value="false"/>
    <property name="hadoop.tmp.dir" value="/home/runner/work/ozone/ozone/hadoop-ozone/integration-test/target/tmp"/>
    <property name="java.library.path" value="/usr/java/packages/lib/amd64:/usr/lib64:/lib64:/lib:/usr/lib"/>
    <property name="java.vm.info" value="mixed mode"/>
    <property name="java.vendor" value="Temurin"/>
    <property name="java.vm.version" value="25.362-b09"/>
    <property name="java.specification.maintenance.version" value="4"/>
    <property name="java.ext.dirs" value="/usr/lib/jvm/temurin-8-jdk-amd64/jre/lib/ext:/usr/java/packages/lib/ext"/>
    <property name="sun.io.unicode.encoding" value="UnicodeLittle"/>
    <property name="java.class.version" value="52.0"/>
  </properties>
  <testcase name="testContainerStateMachineCloseOnMissingPipeline" classname="org.apache.hadoop.ozone.client.rpc.TestContainerStateMachineFailures" time="2.813">
    <system-out><![CDATA[2023-04-22 02:18:01,726 [main] WARN  server.ServerUtils (ServerUtils.java:getScmDbDir(148)) - ozone.scm.db.dirs is not configured. We recommend adding this setting. Falling back to ozone.metadata.dirs instead.
2023-04-22 02:18:01,836 [main] WARN  server.ServerUtils (ServerUtils.java:getScmDbDir(148)) - ozone.scm.db.dirs is not configured. We recommend adding this setting. Falling back to ozone.metadata.dirs instead.
2023-04-22 02:18:01,842 [main] INFO  ha.SCMHANodeDetails (SCMHANodeDetails.java:loadSCMHAConfig(209)) - ServiceID for StorageContainerManager is null
2023-04-22 02:18:01,851 [main] WARN  ha.SCMHANodeDetails (SCMHANodeDetails.java:validateSCMHAConfig(182)) - Invalid config ozone.scm.ratis.enable. The config was not specified, but the default value true conflicts with the expected config value false. Falling back to the expected value. Current State of SCM: SCM is running in Non-HA without Ratis Ratis SCM -> Non Ratis SCM or Non HA SCM -> HA SCM is not supported
2023-04-22 02:18:01,851 [main] INFO  ha.SCMHANodeDetails (SCMHANodeDetails.java:loadSCMHAConfig(214)) - ozone.scm.default.service.id is not defined, falling back to ozone.scm.service.ids to find serviceID for StorageContainerManager if it is HA enabled cluster
2023-04-22 02:18:02,421 [main] WARN  utils.HAUtils (HAUtils.java:getMetaDir(342)) - ozone.scm.db.dirs is not configured. We recommend adding this setting. Falling back to ozone.metadata.dirs instead.
2023-04-22 02:18:02,563 [main] WARN  db.DBStoreBuilder (DBStoreBuilder.java:applyDBDefinition(182)) - ozone.scm.db.dirs is not configured. We recommend adding this setting. Falling back to ozone.metadata.dirs instead.
2023-04-22 02:18:02,759 [main] INFO  net.NodeSchemaLoader (NodeSchemaLoader.java:loadSchemaFromFile(129)) - Loading schema from [jar:file:/home/runner/.m2/repository/org/apache/ozone/hdds-common/1.4.0-SNAPSHOT/hdds-common-1.4.0-SNAPSHOT.jar!/network-topology-default.xml]
2023-04-22 02:18:02,762 [main] INFO  net.NodeSchemaLoader (NodeSchemaLoader.java:loadSchema(176)) - Loading network topology layer schema file
2023-04-22 02:18:02,803 [main] INFO  metrics.MetricRegistries (MetricRegistriesLoader.java:load(64)) - Loaded MetricRegistries class org.apache.ratis.metrics.impl.MetricRegistriesImpl
2023-04-22 02:18:02,810 [main] INFO  upgrade.AbstractLayoutVersionManager (AbstractLayoutVersionManager.java:init(83)) - Initializing Layout version manager with metadata layout = WEBUI_PORTS_IN_DATANODEDETAILS (version = 6), software layout = WEBUI_PORTS_IN_DATANODEDETAILS (version = 6)
2023-04-22 02:18:03,053 [main] INFO  reflections.Reflections (Reflections.java:scan(232)) - Reflections took 163 ms to scan 7 urls, producing 156 keys and 369 values 
2023-04-22 02:18:03,154 [main] INFO  ha.SequenceIdGenerator (SequenceIdGenerator.java:upgradeToSequenceId(349)) - upgrade localId to 111677748019200000
2023-04-22 02:18:03,154 [main] INFO  ha.SequenceIdGenerator (SequenceIdGenerator.java:upgradeToSequenceId(359)) - upgrade delTxnId to 0
2023-04-22 02:18:03,162 [main] INFO  ha.SequenceIdGenerator (SequenceIdGenerator.java:upgradeToSequenceId(376)) - upgrade containerId to 0
2023-04-22 02:18:03,164 [main] INFO  ha.SequenceIdGenerator (SequenceIdGenerator.java:<init>(220)) - Init the HA SequenceIdGenerator.
2023-04-22 02:18:03,232 [main] INFO  node.SCMNodeManager (SCMNodeManager.java:<init>(156)) - Entering startup safe mode.
2023-04-22 02:18:03,250 [main] INFO  algorithms.ContainerPlacementPolicyFactory (ContainerPlacementPolicyFactory.java:getPolicyInternal(86)) - Create container placement policy of type org.apache.hadoop.hdds.scm.container.placement.algorithms.SCMContainerPlacementRackAware
2023-04-22 02:18:03,253 [main] INFO  algorithms.ContainerPlacementPolicyFactory (ContainerPlacementPolicyFactory.java:getPolicyInternal(86)) - Create container placement policy of type org.apache.hadoop.hdds.scm.container.placement.algorithms.SCMContainerPlacementRackScatter
2023-04-22 02:18:03,262 [main] INFO  pipeline.PipelineStateManagerImpl (PipelineStateManagerImpl.java:initialize(78)) - No pipeline exists in current db
2023-04-22 02:18:03,294 [main] INFO  algorithms.LeaderChoosePolicyFactory (LeaderChoosePolicyFactory.java:getPolicy(57)) - Create leader choose policy of type org.apache.hadoop.hdds.scm.pipeline.leader.choose.algorithms.MinLeaderCountChoosePolicy
2023-04-22 02:18:03,295 [main] INFO  algorithms.ContainerPlacementPolicyFactory (ContainerPlacementPolicyFactory.java:getPolicyInternal(86)) - Create container placement policy of type org.apache.hadoop.hdds.scm.container.placement.algorithms.SCMContainerPlacementRackScatter
2023-04-22 02:18:03,301 [main] INFO  ha.SCMServiceManager (SCMServiceManager.java:register(42)) - Registering service BackgroundPipelineCreator.
2023-04-22 02:18:03,301 [main] INFO  pipeline.BackgroundPipelineCreator (BackgroundPipelineCreator.java:start(124)) - Starting RatisPipelineUtilsThread.
2023-04-22 02:18:03,315 [main] INFO  BackgroundPipelineScrubber (BackgroundSCMService.java:start(68)) - Starting BackgroundPipelineScrubber Service.
2023-04-22 02:18:03,316 [main] INFO  ha.SCMServiceManager (SCMServiceManager.java:register(42)) - Registering service BackgroundPipelineScrubber.
2023-04-22 02:18:03,322 [main] INFO  ExpiredContainerReplicaOpScrubber (BackgroundSCMService.java:start(68)) - Starting ExpiredContainerReplicaOpScrubber Service.
2023-04-22 02:18:03,323 [main] INFO  ha.SCMServiceManager (SCMServiceManager.java:register(42)) - Registering service ExpiredContainerReplicaOpScrubber.
2023-04-22 02:18:03,359 [main] INFO  algorithms.PipelineChoosePolicyFactory (PipelineChoosePolicyFactory.java:createPipelineChoosePolicyFromClass(73)) - Create pipeline choose policy of type org.apache.hadoop.hdds.scm.pipeline.choose.algorithms.RandomPipelineChoosePolicy
2023-04-22 02:18:03,374 [main] INFO  ha.SCMServiceManager (SCMServiceManager.java:register(42)) - Registering service SCMBlockDeletingService.
2023-04-22 02:18:03,429 [main] INFO  replication.ReplicationManager (ReplicationManager.java:start(288)) - Starting Replication Monitor Thread.
2023-04-22 02:18:03,439 [main] INFO  ha.SCMServiceManager (SCMServiceManager.java:register(42)) - Registering service ReplicationManager.
2023-04-22 02:18:03,444 [ReplicationMonitor] INFO  replication.ReplicationManager (ReplicationManager.java:processAll(363)) - Replication Manager is not ready to run until 3000ms after safemode exit
2023-04-22 02:18:03,448 [main] INFO  safemode.ContainerSafeModeRule (ContainerSafeModeRule.java:<init>(89)) - containers with one replica threshold count 0
2023-04-22 02:18:03,451 [main] INFO  safemode.HealthyPipelineSafeModeRule (HealthyPipelineSafeModeRule.java:initializeRule(169)) - Total pipeline count is 0, healthy pipeline threshold count is 1
2023-04-22 02:18:03,453 [main] INFO  safemode.OneReplicaPipelineSafeModeRule (OneReplicaPipelineSafeModeRule.java:initializeRule(180)) - Total pipeline count is 0, pipeline's with at least one datanode reported threshold count is 0
2023-04-22 02:18:03,492 [main] INFO  server.StorageContainerManager (StorageContainerManager.java:<init>(402)) - SCM start with adminUsers: [runner]
2023-04-22 02:18:03,716 [main] INFO  audit.AuditLogger (AuditLogger.java:refreshDebugCmdSet(126)) - Refresh DebugCmdSet for SCMAudit to [].
2023-04-22 02:18:03,743 [main] INFO  ipc.CallQueueManager (CallQueueManager.java:<init>(90)) - Using callQueue: class java.util.concurrent.LinkedBlockingQueue, queueCapacity: 2000, scheduler: class org.apache.hadoop.ipc.DefaultRpcScheduler, ipcBackoff: false.
2023-04-22 02:18:03,775 [Socket Reader #1 for port 0] INFO  ipc.Server (Server.java:run(1319)) - Starting Socket Reader #1 for port 0
2023-04-22 02:18:03,844 [Listener at 0.0.0.0/44143] INFO  audit.AuditLogger (AuditLogger.java:refreshDebugCmdSet(126)) - Refresh DebugCmdSet for SCMAudit to [].
2023-04-22 02:18:03,849 [Listener at 0.0.0.0/44143] INFO  ipc.CallQueueManager (CallQueueManager.java:<init>(90)) - Using callQueue: class java.util.concurrent.LinkedBlockingQueue, queueCapacity: 2000, scheduler: class org.apache.hadoop.ipc.DefaultRpcScheduler, ipcBackoff: false.
2023-04-22 02:18:03,850 [Socket Reader #1 for port 0] INFO  ipc.Server (Server.java:run(1319)) - Starting Socket Reader #1 for port 0
2023-04-22 02:18:03,880 [Listener at 0.0.0.0/45983] INFO  audit.AuditLogger (AuditLogger.java:refreshDebugCmdSet(126)) - Refresh DebugCmdSet for SCMAudit to [].
2023-04-22 02:18:03,890 [Listener at 0.0.0.0/45983] INFO  ipc.CallQueueManager (CallQueueManager.java:<init>(90)) - Using callQueue: class java.util.concurrent.LinkedBlockingQueue, queueCapacity: 2000, scheduler: class org.apache.hadoop.ipc.DefaultRpcScheduler, ipcBackoff: false.
2023-04-22 02:18:03,891 [Socket Reader #1 for port 0] INFO  ipc.Server (Server.java:run(1319)) - Starting Socket Reader #1 for port 0
2023-04-22 02:18:03,993 [Listener at 0.0.0.0/36417] INFO  ha.SCMServiceManager (SCMServiceManager.java:register(42)) - Registering service ContainerBalancer.
2023-04-22 02:18:03,993 [Listener at 0.0.0.0/36417] INFO  server.StorageContainerManager (StorageContainerManager.java:<init>(419)) - 
Container Balancer status:
Key                            Value
Running                        false
Container Balancer Configuration values:
Key                                                Value
Threshold                                          10
Max Datanodes to Involve per Iteration(percent)    20
Max Size to Move per Iteration                     500GB
Max Size Entering Target per Iteration             26GB
Max Size Leaving Source per Iteration              26GB

2023-04-22 02:18:03,994 [Listener at 0.0.0.0/36417] INFO  ha.SCMContext (SCMContext.java:updateSafeModeStatus(228)) - Update SafeModeStatus from SafeModeStatus{safeModeStatus=true, preCheckPassed=false} to SafeModeStatus{safeModeStatus=true, preCheckPassed=false}.
2023-04-22 02:18:04,002 [Listener at 0.0.0.0/36417] INFO  server.StorageContainerManager (StorageContainerManager.java:start(1476)) - StorageContainerLocationProtocol RPC server is listening at /0.0.0.0:36417
2023-04-22 02:18:04,068 [Listener at 0.0.0.0/36417] WARN  impl.MetricsConfig (MetricsConfig.java:loadFirst(136)) - Cannot locate configuration: tried hadoop-metrics2-storagecontainermanager.properties,hadoop-metrics2.properties
2023-04-22 02:18:04,089 [Listener at 0.0.0.0/36417] INFO  impl.MetricsSystemImpl (MetricsSystemImpl.java:startTimer(378)) - Scheduled Metric snapshot period at 10 second(s).
2023-04-22 02:18:04,089 [Listener at 0.0.0.0/36417] INFO  impl.MetricsSystemImpl (MetricsSystemImpl.java:start(191)) - StorageContainerManager metrics system started
2023-04-22 02:18:04,306 [Listener at 0.0.0.0/36417] INFO  server.SCMClientProtocolServer (SCMClientProtocolServer.java:start(197)) - RPC server for Client  is listening at /0.0.0.0:36417
2023-04-22 02:18:04,306 [IPC Server Responder] INFO  ipc.Server (Server.java:run(1558)) - IPC Server Responder: starting
2023-04-22 02:18:04,307 [IPC Server listener on 0] INFO  ipc.Server (Server.java:run(1398)) - IPC Server listener on 0: starting
2023-04-22 02:18:04,316 [Listener at 0.0.0.0/36417] INFO  server.StorageContainerManager (StorageContainerManager.java:start(1490)) - ScmBlockLocationProtocol RPC server is listening at /0.0.0.0:45983
2023-04-22 02:18:04,316 [Listener at 0.0.0.0/36417] INFO  server.SCMBlockProtocolServer (SCMBlockProtocolServer.java:start(152)) - RPC server for Block Protocol is listening at /0.0.0.0:45983
2023-04-22 02:18:04,317 [IPC Server Responder] INFO  ipc.Server (Server.java:run(1558)) - IPC Server Responder: starting
2023-04-22 02:18:04,317 [IPC Server listener on 0] INFO  ipc.Server (Server.java:run(1398)) - IPC Server listener on 0: starting
2023-04-22 02:18:04,319 [Listener at 0.0.0.0/36417] INFO  server.SCMDatanodeProtocolServer (SCMDatanodeProtocolServer.java:start(193)) - ScmDatanodeProtocol RPC server for DataNodes is listening at /0.0.0.0:44143
2023-04-22 02:18:04,320 [IPC Server Responder] INFO  ipc.Server (Server.java:run(1558)) - IPC Server Responder: starting
2023-04-22 02:18:04,320 [IPC Server listener on 0] INFO  ipc.Server (Server.java:run(1398)) - IPC Server listener on 0: starting
2023-04-22 02:18:04,345 [org.apache.hadoop.util.JvmPauseMonitor$Monitor@1d722bff] INFO  util.JvmPauseMonitor (JvmPauseMonitor.java:run(188)) - Starting JVM pause monitor
2023-04-22 02:18:04,358 [Listener at 0.0.0.0/36417] INFO  http.BaseHttpServer (BaseHttpServer.java:newHttpServer2BuilderForOzone(224)) - Starting Web-server for scm at: http://0.0.0.0:0
2023-04-22 02:18:04,358 [Listener at 0.0.0.0/36417] INFO  http.BaseHttpServer (BaseHttpServer.java:<init>(111)) - Hadoop Security Enabled: false Ozone Security Enabled: false Ozone HTTP Security Enabled: false 
2023-04-22 02:18:04,381 [Listener at 0.0.0.0/36417] INFO  util.log (Log.java:initialized(170)) - Logging initialized @4031ms to org.eclipse.jetty.util.log.Slf4jLog
2023-04-22 02:18:04,463 [Listener at 0.0.0.0/36417] WARN  server.AuthenticationFilter (AuthenticationFilter.java:constructSecretProvider(240)) - Unable to initialize FileSignerSecretProvider, falling back to use random secrets. Reason: Could not read signature secret file: /home/runner/hadoop-http-auth-signature-secret
2023-04-22 02:18:04,469 [Listener at 0.0.0.0/36417] INFO  http.HttpRequestLog (HttpRequestLog.java:getRequestLog(86)) - Http request log for http.requests.scm is not defined
2023-04-22 02:18:04,479 [Listener at 0.0.0.0/36417] INFO  http.HttpServer2 (HttpServer2.java:addGlobalFilter(1031)) - Added global filter 'safety' (class=org.apache.hadoop.hdds.server.http.HttpServer2$QuotingInputFilter)
2023-04-22 02:18:04,481 [Listener at 0.0.0.0/36417] INFO  http.HttpServer2 (HttpServer2.java:addFilter(1007)) - Added filter static_user_filter (class=org.apache.hadoop.http.lib.StaticUserWebFilter$StaticUserFilter) to context scm
2023-04-22 02:18:04,481 [Listener at 0.0.0.0/36417] INFO  http.HttpServer2 (HttpServer2.java:addFilter(1015)) - Added filter static_user_filter (class=org.apache.hadoop.http.lib.StaticUserWebFilter$StaticUserFilter) to context static
2023-04-22 02:18:04,482 [Listener at 0.0.0.0/36417] INFO  http.HttpServer2 (HttpServer2.java:addFilter(1015)) - Added filter static_user_filter (class=org.apache.hadoop.http.lib.StaticUserWebFilter$StaticUserFilter) to context logs
2023-04-22 02:18:04,514 [Listener at 0.0.0.0/36417] INFO  http.BaseHttpServer (BaseHttpServer.java:<init>(190)) - HTTP server of scm uses base directory /home/runner/work/ozone/ozone/hadoop-ozone/integration-test/target/test-dir/MiniOzoneClusterImpl-b640deff-6994-498f-92ea-4ac5c972f0d8/ozone-meta/webserver
2023-04-22 02:18:04,515 [Listener at 0.0.0.0/36417] INFO  http.HttpServer2 (HttpServer2.java:bindListener(1250)) - Jetty bound to port 33755
2023-04-22 02:18:04,516 [Listener at 0.0.0.0/36417] INFO  server.Server (Server.java:doStart(375)) - jetty-9.4.51.v20230217; built: 2023-02-17T08:19:37.309Z; git: b45c405e4544384de066f814ed42ae3dceacdd49; jvm 1.8.0_362-b09
2023-04-22 02:18:04,540 [Listener at 0.0.0.0/36417] INFO  server.session (DefaultSessionIdManager.java:doStart(334)) - DefaultSessionIdManager workerName=node0
2023-04-22 02:18:04,540 [Listener at 0.0.0.0/36417] INFO  server.session (DefaultSessionIdManager.java:doStart(339)) - No SessionScavenger set, using defaults
2023-04-22 02:18:04,542 [Listener at 0.0.0.0/36417] INFO  server.session (HouseKeeper.java:startScavenging(132)) - node0 Scavenging every 600000ms
2023-04-22 02:18:04,552 [Listener at 0.0.0.0/36417] INFO  handler.ContextHandler (ContextHandler.java:doStart(921)) - Started o.e.j.s.ServletContextHandler@230dd372{logs,/logs,file:///home/runner/work/ozone/ozone/hadoop-ozone/integration-test/target/log,AVAILABLE}
2023-04-22 02:18:04,552 [Listener at 0.0.0.0/36417] INFO  handler.ContextHandler (ContextHandler.java:doStart(921)) - Started o.e.j.s.ServletContextHandler@dffcf1{static,/static,file:///home/runner/work/ozone/ozone/hadoop-ozone/integration-test/target/test-classes/webapps/static,AVAILABLE}
2023-04-22 02:18:04,588 [Listener at 0.0.0.0/36417] INFO  handler.ContextHandler (ContextHandler.java:doStart(921)) - Started o.e.j.w.WebAppContext@19a544cd{scm,/,file:///home/runner/work/ozone/ozone/hadoop-ozone/integration-test/target/test-classes/webapps/scm/,AVAILABLE}{file:/home/runner/work/ozone/ozone/hadoop-ozone/integration-test/target/test-classes/webapps/scm}
2023-04-22 02:18:04,595 [Listener at 0.0.0.0/36417] INFO  server.AbstractConnector (AbstractConnector.java:doStart(333)) - Started ServerConnector@2c376461{HTTP/1.1, (http/1.1)}{0.0.0.0:33755}
2023-04-22 02:18:04,595 [Listener at 0.0.0.0/36417] INFO  server.Server (Server.java:doStart(415)) - Started @4245ms
2023-04-22 02:18:04,599 [Listener at 0.0.0.0/36417] INFO  impl.MetricsSinkAdapter (MetricsSinkAdapter.java:start(204)) - Sink prometheus started
2023-04-22 02:18:04,599 [Listener at 0.0.0.0/36417] INFO  impl.MetricsSystemImpl (MetricsSystemImpl.java:registerSink(305)) - Registered sink prometheus
2023-04-22 02:18:04,601 [Listener at 0.0.0.0/36417] INFO  http.BaseHttpServer (BaseHttpServer.java:updateConnectorAddress(344)) - HTTP server of scm listening at http://0.0.0.0:33755
2023-04-22 02:18:04,605 [Listener at 0.0.0.0/36417] WARN  server.ServerUtils (ServerUtils.java:getDBPath(225)) - ozone.om.db.dirs is not configured. We recommend adding this setting. Falling back to ozone.metadata.dirs instead.
2023-04-22 02:18:04,682 [Listener at 0.0.0.0/36417] INFO  audit.AuditLogger (AuditLogger.java:refreshDebugCmdSet(126)) - Refresh DebugCmdSet for OMAudit to [].
2023-04-22 02:18:04,760 [Listener at 0.0.0.0/36417] INFO  ha.OMHANodeDetails (OMHANodeDetails.java:loadOMHAConfig(115)) - ozone.om.internal.service.id is not defined, falling back to ozone.om.service.ids to find serviceID for OzoneManager if it is HA enabled cluster
2023-04-22 02:18:04,763 [Listener at 0.0.0.0/36417] INFO  ha.OMHANodeDetails (OMHANodeDetails.java:loadOMHAConfig(226)) - Configuration does not have ozone.om.address set. Falling back to the default OM address /127.0.0.1:0
2023-04-22 02:18:04,764 [Listener at 0.0.0.0/36417] INFO  ha.OMHANodeDetails (OMHANodeDetails.java:getOMNodeDetailsForNonHA(254)) - OM Service ID is not set. Setting it to the default ID: omServiceIdDefault
2023-04-22 02:18:04,764 [Listener at 0.0.0.0/36417] INFO  ha.OMHANodeDetails (OMHANodeDetails.java:getOMNodeDetailsForNonHA(261)) - OM Node ID is not set. Setting it to the default ID: om1
2023-04-22 02:18:04,768 [Listener at 0.0.0.0/36417] WARN  server.ServerUtils (ServerUtils.java:getDBPath(225)) - ozone.om.db.dirs is not configured. We recommend adding this setting. Falling back to ozone.metadata.dirs instead.
2023-04-22 02:18:04,771 [Listener at 0.0.0.0/36417] INFO  upgrade.AbstractLayoutVersionManager (AbstractLayoutVersionManager.java:init(83)) - Initializing Layout version manager with metadata layout = HSYNC (version = 4), software layout = HSYNC (version = 4)
2023-04-22 02:18:04,870 [Listener at 0.0.0.0/36417] INFO  reflections.Reflections (Reflections.java:scan(232)) - Reflections took 94 ms to scan 2 urls, producing 171 keys and 477 values [using 2 cores]
2023-04-22 02:18:04,875 [Listener at 0.0.0.0/36417] INFO  upgrade.OMLayoutVersionManager (OMLayoutVersionManager.java:lambda$0(115)) - Skipping Upgrade Action MockOmUpgradeAction since it has been finalized.
2023-04-22 02:18:04,877 [Listener at 0.0.0.0/36417] WARN  server.ServerUtils (ServerUtils.java:getDBPath(225)) - ozone.om.db.dirs is not configured. We recommend adding this setting. Falling back to ozone.metadata.dirs instead.
2023-04-22 02:18:05,028 [Listener at 0.0.0.0/36417] INFO  proxy.SCMBlockLocationFailoverProxyProvider (SCMBlockLocationFailoverProxyProvider.java:<init>(114)) - Created block location fail-over proxy with 1 nodes: [nodeId=scmNodeId,nodeAddress=/0.0.0.0:45983]
2023-04-22 02:18:05,059 [Listener at 0.0.0.0/36417] INFO  proxy.SCMBlockLocationFailoverProxyProvider (SCMBlockLocationFailoverProxyProvider.java:<init>(114)) - Created block location fail-over proxy with 1 nodes: [nodeId=scmNodeId,nodeAddress=/0.0.0.0:45983]
2023-04-22 02:18:05,244 [Listener at 0.0.0.0/36417] INFO  om.OzoneManager (OzoneManager.java:<init>(627)) - OM start with adminUsers: [runner]
2023-04-22 02:18:05,255 [Listener at 0.0.0.0/36417] WARN  server.ServerUtils (ServerUtils.java:getDBPath(225)) - ozone.om.db.dirs is not configured. We recommend adding this setting. Falling back to ozone.metadata.dirs instead.
2023-04-22 02:18:05,262 [Listener at 0.0.0.0/36417] INFO  codec.OmKeyInfoCodec (OmKeyInfoCodec.java:<init>(49)) - OmKeyInfoCodec ignorePipeline = true
2023-04-22 02:18:05,263 [Listener at 0.0.0.0/36417] INFO  codec.RepeatedOmKeyInfoCodec (RepeatedOmKeyInfoCodec.java:<init>(41)) - RepeatedOmKeyInfoCodec ignorePipeline = true
2023-04-22 02:18:05,487 [Listener at 0.0.0.0/36417] INFO  om.OzoneManager (OzoneManager.java:instantiateServices(757)) - S3 Multi-Tenancy is disabled
2023-04-22 02:18:05,519 [Listener at 0.0.0.0/36417] WARN  server.ServerUtils (ServerUtils.java:getDBPath(225)) - ozone.om.snapshot.diff.db.dir is not configured. We recommend adding this setting. Falling back to ozone.metadata.dirs instead.
2023-04-22 02:18:05,624 [Listener at 0.0.0.0/36417] INFO  om.OzoneManager (OzoneManager.java:addS3GVolumeToDB(4264)) - Created Volume s3v With Owner runner required for S3Gateway operations.
2023-04-22 02:18:05,697 [Listener at 0.0.0.0/36417] WARN  server.ServerUtils (ServerUtils.java:getDefaultRatisDirectory(237)) - Storage directory for Ratis is not configured. It is a good idea to map this to an SSD disk. Falling back to ozone.metadata.dirs
2023-04-22 02:18:05,697 [Listener at 0.0.0.0/36417] WARN  utils.OzoneManagerRatisUtils (OzoneManagerRatisUtils.java:getOMRatisSnapshotDirectory(459)) - ozone.om.ratis.snapshot.dir is not configured. Falling back to ozone.metadata.dirs config
2023-04-22 02:18:05,714 [Listener at 0.0.0.0/36417] WARN  server.ServerUtils (ServerUtils.java:getDefaultRatisDirectory(237)) - Storage directory for Ratis is not configured. It is a good idea to map this to an SSD disk. Falling back to ozone.metadata.dirs
2023-04-22 02:18:05,749 [Listener at 0.0.0.0/36417] INFO  ratis.OzoneManagerRatisServer (OzoneManagerRatisServer.java:<init>(163)) - Instantiating OM Ratis server with groupID: omServiceIdDefault and peers: localhost:9872
2023-04-22 02:18:05,758 [Listener at 0.0.0.0/36417] INFO  ratis.OzoneManagerStateMachine (OzoneManagerStateMachine.java:loadSnapshotInfoFromDB(644)) - LastAppliedIndex is set from TransactionInfo from OM DB as (t:0, i:~)
2023-04-22 02:18:05,816 [Listener at 0.0.0.0/36417] INFO  server.RaftServer (ConfUtils.java:logGet(46)) - raft.rpc.type = GRPC (default)
2023-04-22 02:18:05,882 [Listener at 0.0.0.0/36417] INFO  grpc.GrpcConfigKeys (ConfUtils.java:logFallback(53)) - raft.grpc.admin.host = null (fallback to raft.grpc.server.host)
2023-04-22 02:18:05,885 [Listener at 0.0.0.0/36417] INFO  grpc.GrpcConfigKeys (ConfUtils.java:logFallback(53)) - raft.grpc.admin.port = 9872 (fallback to raft.grpc.server.port)
2023-04-22 02:18:05,887 [Listener at 0.0.0.0/36417] INFO  grpc.GrpcConfigKeys (ConfUtils.java:logFallback(53)) - raft.grpc.client.host = null (fallback to raft.grpc.server.host)
2023-04-22 02:18:05,890 [Listener at 0.0.0.0/36417] INFO  grpc.GrpcConfigKeys (ConfUtils.java:logFallback(53)) - raft.grpc.client.port = 9872 (fallback to raft.grpc.server.port)
2023-04-22 02:18:05,891 [Listener at 0.0.0.0/36417] INFO  grpc.GrpcConfigKeys (ConfUtils.java:logGet(46)) - raft.grpc.server.host = null (default)
2023-04-22 02:18:05,891 [Listener at 0.0.0.0/36417] INFO  grpc.GrpcConfigKeys (ConfUtils.java:logGet(46)) - raft.grpc.server.port = 9872 (custom)
2023-04-22 02:18:05,893 [Listener at 0.0.0.0/36417] INFO  server.GrpcService (ConfUtils.java:logGet(46)) - raft.grpc.message.size.max = 33554432 (custom)
2023-04-22 02:18:05,895 [Listener at 0.0.0.0/36417] INFO  server.RaftServerConfigKeys (ConfUtils.java:logGet(46)) - raft.server.log.appender.buffer.byte-limit = 33554432 (custom)
2023-04-22 02:18:05,896 [Listener at 0.0.0.0/36417] INFO  server.GrpcService (ConfUtils.java:logGet(46)) - raft.grpc.flow.control.window = 1MB (=1048576) (default)
2023-04-22 02:18:05,897 [Listener at 0.0.0.0/36417] INFO  server.RaftServerConfigKeys (ConfUtils.java:logGet(46)) - raft.server.rpc.request.timeout = 3000ms (default)
2023-04-22 02:18:05,909 [Listener at 0.0.0.0/36417] INFO  grpc.GrpcConfigKeys (ConfUtils.java:logGet(46)) - raft.grpc.server.heartbeat.channel = true (default)
2023-04-22 02:18:05,912 [Listener at 0.0.0.0/36417] INFO  grpc.GrpcConfigKeys (ConfUtils.java:logGet(46)) - raft.grpc.server.async.request.thread.pool.cached = true (default)
2023-04-22 02:18:05,913 [Listener at 0.0.0.0/36417] INFO  grpc.GrpcConfigKeys (ConfUtils.java:logGet(46)) - raft.grpc.server.async.request.thread.pool.size = 32 (default)
2023-04-22 02:18:06,089 [Listener at 0.0.0.0/36417] INFO  impl.DataStreamServerImpl (ConfUtils.java:logGet(46)) - raft.datastream.type = DISABLED (default)
2023-04-22 02:18:06,091 [Listener at 0.0.0.0/36417] INFO  server.RaftServerConfigKeys (ConfUtils.java:logGet(46)) - raft.server.threadpool.proxy.cached = true (default)
2023-04-22 02:18:06,091 [Listener at 0.0.0.0/36417] INFO  server.RaftServerConfigKeys (ConfUtils.java:logGet(46)) - raft.server.threadpool.proxy.size = 0 (default)
2023-04-22 02:18:06,092 [Listener at 0.0.0.0/36417] INFO  server.RaftServerConfigKeys (ConfUtils.java:logGet(46)) - raft.server.rpc.slowness.timeout = 120s (custom)
2023-04-22 02:18:06,092 [Listener at 0.0.0.0/36417] INFO  server.RaftServerConfigKeys (ConfUtils.java:logGet(46)) - raft.server.leaderelection.leader.step-down.wait-time = 10s (default)
2023-04-22 02:18:06,094 [Listener at 0.0.0.0/36417] INFO  server.RaftServerConfigKeys (ConfUtils.java:logGet(46)) - raft.server.storage.dir = [/home/runner/work/ozone/ozone/hadoop-ozone/integration-test/target/test-dir/MiniOzoneClusterImpl-b640deff-6994-498f-92ea-4ac5c972f0d8/ozone-meta/ratis] (custom)
2023-04-22 02:18:06,102 [Listener at 0.0.0.0/36417] INFO  server.RaftServer (RaftServerProxy.java:addNew(96)) - om1: addNew group-C5BA1605619E:[om1|rpc:localhost:9872|priority:0|startupRole:FOLLOWER] returns group-C5BA1605619E:java.util.concurrent.CompletableFuture@5b9b7370[Not completed]
2023-04-22 02:18:06,102 [Listener at 0.0.0.0/36417] INFO  om.OzoneManager (OzoneManager.java:initializeRatisServer(2095)) - OzoneManager Ratis server initialized at port 9872
2023-04-22 02:18:06,105 [Listener at 0.0.0.0/36417] INFO  om.OzoneManager (OzoneManager.java:getRpcServer(1142)) - Creating RPC Server
2023-04-22 02:18:06,121 [pool-61-thread-1] INFO  server.RaftServer$Division (RaftServerImpl.java:<init>(195)) - om1: new RaftServerImpl for group-C5BA1605619E:[om1|rpc:localhost:9872|priority:0|startupRole:FOLLOWER] with OzoneManagerStateMachine:uninitialized
2023-04-22 02:18:06,125 [pool-61-thread-1] INFO  server.RaftServerConfigKeys (ConfUtils.java:logGet(46)) - raft.server.rpc.timeout.min = 1s (custom)
2023-04-22 02:18:06,126 [pool-61-thread-1] INFO  server.RaftServerConfigKeys (ConfUtils.java:logGet(46)) - raft.server.rpc.timeout.max = 1200ms (custom)
2023-04-22 02:18:06,126 [pool-61-thread-1] INFO  server.RaftServerConfigKeys (ConfUtils.java:logGet(46)) - raft.server.rpc.sleep.time = 25ms (default)
2023-04-22 02:18:06,127 [pool-61-thread-1] INFO  server.RaftServerConfigKeys (ConfUtils.java:logGet(46)) - raft.server.rpc.slowness.timeout = 120s (custom)
2023-04-22 02:18:06,127 [pool-61-thread-1] INFO  server.RaftServerConfigKeys (ConfUtils.java:logGet(46)) - raft.server.leaderelection.leader.step-down.wait-time = 10s (default)
2023-04-22 02:18:06,127 [pool-61-thread-1] INFO  server.RaftServerConfigKeys (ConfUtils.java:logGet(46)) - raft.server.sleep.deviation.threshold = 300ms (default)
2023-04-22 02:18:06,156 [pool-61-thread-1] INFO  server.RaftServer$Division (ServerState.java:<init>(118)) - om1@group-C5BA1605619E: ConfigurationManager, init=-1: peers:[om1|rpc:localhost:9872|priority:0|startupRole:FOLLOWER]|listeners:[], old=null, confs=<EMPTY_MAP>
2023-04-22 02:18:06,156 [pool-61-thread-1] INFO  server.RaftServerConfigKeys (ConfUtils.java:logGet(46)) - raft.server.storage.dir = [/home/runner/work/ozone/ozone/hadoop-ozone/integration-test/target/test-dir/MiniOzoneClusterImpl-b640deff-6994-498f-92ea-4ac5c972f0d8/ozone-meta/ratis] (custom)
2023-04-22 02:18:06,165 [pool-61-thread-1] INFO  server.RaftServerConfigKeys (ConfUtils.java:logGet(46)) - raft.server.log.corruption.policy = EXCEPTION (default)
2023-04-22 02:18:06,166 [pool-61-thread-1] INFO  server.RaftServerConfigKeys (ConfUtils.java:logGet(46)) - raft.server.storage.free-space.min = 0MB (=0) (default)
2023-04-22 02:18:06,189 [pool-61-thread-1] INFO  server.RaftServerConfigKeys (ConfUtils.java:logGet(46)) - raft.server.notification.no-leader.timeout = 120s (custom)
2023-04-22 02:18:06,197 [pool-61-thread-1] INFO  server.RaftServerConfigKeys (ConfUtils.java:logGet(46)) - raft.server.retrycache.expirytime = 300s (custom)
2023-04-22 02:18:06,197 [pool-61-thread-1] INFO  server.RaftServerConfigKeys (ConfUtils.java:logGet(46)) - raft.server.retrycache.statistics.expirytime = 100μs (default)
2023-04-22 02:18:06,303 [pool-61-thread-1] INFO  server.RaftServerConfigKeys (ConfUtils.java:logGet(46)) - raft.server.log.appender.install.snapshot.enabled = false (custom)
2023-04-22 02:18:06,303 [pool-61-thread-1] INFO  server.RaftServerConfigKeys (ConfUtils.java:logGet(46)) - raft.server.threadpool.server.cached = true (default)
2023-04-22 02:18:06,304 [pool-61-thread-1] INFO  server.RaftServerConfigKeys (ConfUtils.java:logGet(46)) - raft.server.threadpool.server.size = 0 (default)
2023-04-22 02:18:06,304 [pool-61-thread-1] INFO  server.RaftServerConfigKeys (ConfUtils.java:logGet(46)) - raft.server.threadpool.client.cached = true (default)
2023-04-22 02:18:06,304 [pool-61-thread-1] INFO  server.RaftServerConfigKeys (ConfUtils.java:logGet(46)) - raft.server.threadpool.client.size = 0 (default)
2023-04-22 02:18:06,746 [Listener at 0.0.0.0/36417] INFO  reflections.Reflections (Reflections.java:scan(232)) - Reflections took 606 ms to scan 19 urls, producing 68 keys and 5075 values [using 2 cores]
2023-04-22 02:18:07,021 [Listener at 0.0.0.0/36417] INFO  ipc.CallQueueManager (CallQueueManager.java:<init>(90)) - Using callQueue: class java.util.concurrent.LinkedBlockingQueue, queueCapacity: 2000, scheduler: class org.apache.hadoop.ipc.DefaultRpcScheduler, ipcBackoff: false.
2023-04-22 02:18:07,022 [Socket Reader #1 for port 0] INFO  ipc.Server (Server.java:run(1319)) - Starting Socket Reader #1 for port 0
2023-04-22 02:18:07,062 [Listener at 127.0.0.1/41793] INFO  impl.MetricsSystemImpl (MetricsSystemImpl.java:init(158)) - OzoneManager metrics system started (again)
2023-04-22 02:18:07,077 [Listener at 127.0.0.1/41793] INFO  om.OzoneManager (OzoneManager.java:start(1563)) - OzoneManager RPC server is listening at localhost/127.0.0.1:41793
2023-04-22 02:18:07,077 [Listener at 127.0.0.1/41793] INFO  ratis.OzoneManagerRatisServer (OzoneManagerRatisServer.java:start(558)) - Starting OzoneManagerRatisServer om1 at port 9872
2023-04-22 02:18:07,080 [om1-impl-thread1] INFO  storage.RaftStorageDirectory (RaftStorageDirectoryImpl.java:analyzeStorage(137)) - The storage directory /home/runner/work/ozone/ozone/hadoop-ozone/integration-test/target/test-dir/MiniOzoneClusterImpl-b640deff-6994-498f-92ea-4ac5c972f0d8/ozone-meta/ratis/bf265839-605b-3f16-9796-c5ba1605619e does not exist. Creating ...
2023-04-22 02:18:07,083 [om1-impl-thread1] INFO  storage.RaftStorageDirectory (RaftStorageDirectoryImpl.java:tryLock(231)) - Lock on /home/runner/work/ozone/ozone/hadoop-ozone/integration-test/target/test-dir/MiniOzoneClusterImpl-b640deff-6994-498f-92ea-4ac5c972f0d8/ozone-meta/ratis/bf265839-605b-3f16-9796-c5ba1605619e/in_use.lock acquired by nodename 58540@fv-az443-428
2023-04-22 02:18:07,087 [om1-impl-thread1] INFO  storage.RaftStorage (RaftStorageImpl.java:format(96)) - Storage directory /home/runner/work/ozone/ozone/hadoop-ozone/integration-test/target/test-dir/MiniOzoneClusterImpl-b640deff-6994-498f-92ea-4ac5c972f0d8/ozone-meta/ratis/bf265839-605b-3f16-9796-c5ba1605619e has been successfully formatted.
2023-04-22 02:18:07,089 [om1-impl-thread1] INFO  server.RaftServerConfigKeys (ConfUtils.java:logGet(46)) - raft.server.log.use.memory = false (default)
2023-04-22 02:18:07,095 [om1-impl-thread1] INFO  server.RaftServerConfigKeys (ConfUtils.java:logGet(46)) - raft.server.log.purge.gap = 1000000 (custom)
2023-04-22 02:18:07,095 [om1-impl-thread1] INFO  server.RaftServerConfigKeys (ConfUtils.java:logGet(46)) - raft.server.log.appender.buffer.byte-limit = 33554432 (custom)
2023-04-22 02:18:07,096 [om1-impl-thread1] INFO  server.RaftServerConfigKeys (ConfUtils.java:logGet(46)) - raft.server.log.statemachine.data.read.timeout = 1000ms (default)
2023-04-22 02:18:07,097 [om1-impl-thread1] INFO  server.RaftServerConfigKeys (ConfUtils.java:logGet(46)) - raft.server.log.purge.preservation.log.num = 0 (default)
2023-04-22 02:18:07,099 [om1-impl-thread1] INFO  server.RaftServerConfigKeys (ConfUtils.java:logGet(46)) - raft.server.log.segment.size.max = 4194304 (custom)
2023-04-22 02:18:07,103 [om1-impl-thread1] INFO  server.RaftServerConfigKeys (ConfUtils.java:logGet(46)) - raft.server.log.segment.cache.num.max = 2 (custom)
2023-04-22 02:18:07,103 [om1-impl-thread1] INFO  server.RaftServerConfigKeys (ConfUtils.java:logGet(46)) - raft.server.log.segment.cache.size.max = 200MB (=209715200) (default)
2023-04-22 02:18:07,108 [om1-impl-thread1] INFO  segmented.SegmentedRaftLogWorker (SegmentedRaftLogWorker.java:<init>(189)) - new om1@group-C5BA1605619E-SegmentedRaftLogWorker for RaftStorageImpl:Storage Directory /home/runner/work/ozone/ozone/hadoop-ozone/integration-test/target/test-dir/MiniOzoneClusterImpl-b640deff-6994-498f-92ea-4ac5c972f0d8/ozone-meta/ratis/bf265839-605b-3f16-9796-c5ba1605619e
2023-04-22 02:18:07,108 [om1-impl-thread1] INFO  server.RaftServerConfigKeys (ConfUtils.java:logGet(46)) - raft.server.log.queue.byte-limit = 64MB (=67108864) (default)
2023-04-22 02:18:07,109 [om1-impl-thread1] INFO  server.RaftServerConfigKeys (ConfUtils.java:logGet(46)) - raft.server.log.queue.element-limit = 4096 (default)
2023-04-22 02:18:07,109 [om1-impl-thread1] INFO  server.RaftServerConfigKeys (ConfUtils.java:logGet(46)) - raft.server.log.segment.size.max = 4194304 (custom)
2023-04-22 02:18:07,110 [om1-impl-thread1] INFO  server.RaftServerConfigKeys (ConfUtils.java:logGet(46)) - raft.server.log.preallocated.size = 4194304 (custom)
2023-04-22 02:18:07,110 [om1-impl-thread1] INFO  server.RaftServerConfigKeys (ConfUtils.java:logGet(46)) - raft.server.log.force.sync.num = 128 (default)
2023-04-22 02:18:07,111 [om1-impl-thread1] INFO  server.RaftServerConfigKeys (ConfUtils.java:logGet(46)) - raft.server.log.statemachine.data.sync = true (default)
2023-04-22 02:18:07,111 [om1-impl-thread1] INFO  server.RaftServerConfigKeys (ConfUtils.java:logGet(46)) - raft.server.log.statemachine.data.sync.timeout = 10s (default)
2023-04-22 02:18:07,111 [om1-impl-thread1] INFO  server.RaftServerConfigKeys (ConfUtils.java:logGet(46)) - raft.server.log.statemachine.data.sync.timeout.retry = -1 (default)
2023-04-22 02:18:07,118 [om1-impl-thread1] INFO  server.RaftServerConfigKeys (ConfUtils.java:logGet(46)) - raft.server.log.write.buffer.size = 64KB (=65536) (default)
2023-04-22 02:18:07,118 [om1-impl-thread1] INFO  server.RaftServerConfigKeys (ConfUtils.java:logGet(46)) - raft.server.log.appender.buffer.byte-limit = 33554432 (custom)
2023-04-22 02:18:07,121 [om1-impl-thread1] INFO  server.RaftServerConfigKeys (ConfUtils.java:logGet(46)) - raft.server.log.unsafe-flush.enabled = false (default)
2023-04-22 02:18:07,121 [om1-impl-thread1] INFO  server.RaftServerConfigKeys (ConfUtils.java:logGet(46)) - raft.server.log.async-flush.enabled = false (default)
2023-04-22 02:18:07,122 [om1-impl-thread1] INFO  server.RaftServerConfigKeys (ConfUtils.java:logGet(46)) - raft.server.log.statemachine.data.caching.enabled = false (default)
2023-04-22 02:18:07,127 [om1-impl-thread1] INFO  segmented.SegmentedRaftLogWorker (SegmentedRaftLogWorker.java:lambda$new$0(135)) - om1@group-C5BA1605619E-SegmentedRaftLogWorker: flushIndex: setUnconditionally 0 -> -1
2023-04-22 02:18:07,127 [om1-impl-thread1] INFO  segmented.SegmentedRaftLogWorker (SegmentedRaftLogWorker.java:lambda$new$0(135)) - om1@group-C5BA1605619E-SegmentedRaftLogWorker: safeCacheEvictIndex: setUnconditionally 0 -> -1
2023-04-22 02:18:07,128 [om1-impl-thread1] INFO  server.RaftServer$Division (RaftServerImpl.java:start(334)) - om1@group-C5BA1605619E: start as a follower, conf=-1: peers:[om1|rpc:localhost:9872|priority:0|startupRole:FOLLOWER]|listeners:[], old=null
2023-04-22 02:18:07,129 [om1-impl-thread1] INFO  server.RaftServer$Division (RaftServerImpl.java:setRole(321)) - om1@group-C5BA1605619E: changes role from      null to FOLLOWER at term 0 for startAsFollower
2023-04-22 02:18:07,130 [om1-impl-thread1] INFO  impl.RoleInfo (RoleInfo.java:updateAndGet(139)) - om1: start om1@group-C5BA1605619E-FollowerState
2023-04-22 02:18:07,130 [om1@group-C5BA1605619E-FollowerState] INFO  server.RaftServerConfigKeys (ConfUtils.java:logFallback(53)) - raft.server.rpc.first-election.timeout.min = 1s (fallback to raft.server.rpc.timeout.min)
2023-04-22 02:18:07,131 [om1@group-C5BA1605619E-FollowerState] INFO  server.RaftServerConfigKeys (ConfUtils.java:logFallback(53)) - raft.server.rpc.first-election.timeout.max = 1200ms (fallback to raft.server.rpc.timeout.max)
2023-04-22 02:18:07,131 [om1-impl-thread1] INFO  util.JmxRegister (JmxRegister.java:tryRegister(44)) - Successfully registered JMX Bean with object name Ratis:service=RaftServer,group=group-C5BA1605619E,id=om1
2023-04-22 02:18:07,132 [om1-impl-thread1] INFO  server.RaftServerConfigKeys (ConfUtils.java:logGet(46)) - raft.server.snapshot.auto.trigger.enabled = true (custom)
2023-04-22 02:18:07,133 [om1-impl-thread1] INFO  server.RaftServerConfigKeys (ConfUtils.java:logGet(46)) - raft.server.snapshot.auto.trigger.threshold = 400000 (default)
2023-04-22 02:18:07,133 [om1-impl-thread1] INFO  server.RaftServerConfigKeys (ConfUtils.java:logGet(46)) - raft.server.snapshot.retention.file.num = -1 (default)
2023-04-22 02:18:07,134 [om1-impl-thread1] INFO  server.RaftServerConfigKeys (ConfUtils.java:logGet(46)) - raft.server.log.purge.upto.snapshot.index = true (custom)
2023-04-22 02:18:07,136 [Listener at 127.0.0.1/41793] INFO  server.RaftServer (RaftServerProxy.java:startImpl(393)) - om1: start RPC server
2023-04-22 02:18:07,180 [Listener at 127.0.0.1/41793] INFO  server.GrpcService (GrpcService.java:startImpl(262)) - om1: GrpcService started, listening on 9872
2023-04-22 02:18:07,184 [JvmPauseMonitor0] INFO  util.JvmPauseMonitor (JvmPauseMonitor.java:run(105)) - JvmPauseMonitor-om1: Started
2023-04-22 02:18:07,185 [Listener at 127.0.0.1/41793] INFO  om.OzoneManager (OzoneManager.java:start(1579)) - Version File has different layout version (4) than OM DB (null). That is expected if this OM has never been finalized to a newer layout version.
2023-04-22 02:18:07,210 [Listener at 127.0.0.1/41793] INFO  http.BaseHttpServer (BaseHttpServer.java:newHttpServer2BuilderForOzone(224)) - Starting Web-server for ozoneManager at: http://0.0.0.0:0
2023-04-22 02:18:07,210 [Listener at 127.0.0.1/41793] INFO  http.BaseHttpServer (BaseHttpServer.java:<init>(111)) - Hadoop Security Enabled: false Ozone Security Enabled: false Ozone HTTP Security Enabled: false 
2023-04-22 02:18:07,212 [Listener at 127.0.0.1/41793] WARN  server.AuthenticationFilter (AuthenticationFilter.java:constructSecretProvider(240)) - Unable to initialize FileSignerSecretProvider, falling back to use random secrets. Reason: Could not read signature secret file: /home/runner/hadoop-http-auth-signature-secret
2023-04-22 02:18:07,215 [Listener at 127.0.0.1/41793] INFO  http.HttpRequestLog (HttpRequestLog.java:getRequestLog(86)) - Http request log for http.requests.ozoneManager is not defined
2023-04-22 02:18:07,217 [Listener at 127.0.0.1/41793] INFO  http.HttpServer2 (HttpServer2.java:addGlobalFilter(1031)) - Added global filter 'safety' (class=org.apache.hadoop.hdds.server.http.HttpServer2$QuotingInputFilter)
2023-04-22 02:18:07,218 [Listener at 127.0.0.1/41793] INFO  http.HttpServer2 (HttpServer2.java:addFilter(1007)) - Added filter static_user_filter (class=org.apache.hadoop.http.lib.StaticUserWebFilter$StaticUserFilter) to context ozoneManager
2023-04-22 02:18:07,218 [Listener at 127.0.0.1/41793] INFO  http.HttpServer2 (HttpServer2.java:addFilter(1015)) - Added filter static_user_filter (class=org.apache.hadoop.http.lib.StaticUserWebFilter$StaticUserFilter) to context logs
2023-04-22 02:18:07,218 [Listener at 127.0.0.1/41793] INFO  http.HttpServer2 (HttpServer2.java:addFilter(1015)) - Added filter static_user_filter (class=org.apache.hadoop.http.lib.StaticUserWebFilter$StaticUserFilter) to context static
2023-04-22 02:18:07,219 [Listener at 127.0.0.1/41793] INFO  http.BaseHttpServer (BaseHttpServer.java:<init>(190)) - HTTP server of ozoneManager uses base directory /home/runner/work/ozone/ozone/hadoop-ozone/integration-test/target/test-dir/MiniOzoneClusterImpl-b640deff-6994-498f-92ea-4ac5c972f0d8/ozone-meta/webserver
2023-04-22 02:18:07,223 [Listener at 127.0.0.1/41793] INFO  http.HttpServer2 (HttpServer2.java:bindListener(1250)) - Jetty bound to port 46881
2023-04-22 02:18:07,223 [Listener at 127.0.0.1/41793] INFO  server.Server (Server.java:doStart(375)) - jetty-9.4.51.v20230217; built: 2023-02-17T08:19:37.309Z; git: b45c405e4544384de066f814ed42ae3dceacdd49; jvm 1.8.0_362-b09
2023-04-22 02:18:07,226 [Listener at 127.0.0.1/41793] INFO  server.session (DefaultSessionIdManager.java:doStart(334)) - DefaultSessionIdManager workerName=node0
2023-04-22 02:18:07,226 [Listener at 127.0.0.1/41793] INFO  server.session (DefaultSessionIdManager.java:doStart(339)) - No SessionScavenger set, using defaults
2023-04-22 02:18:07,226 [Listener at 127.0.0.1/41793] INFO  server.session (HouseKeeper.java:startScavenging(132)) - node0 Scavenging every 660000ms
2023-04-22 02:18:07,227 [Listener at 127.0.0.1/41793] INFO  handler.ContextHandler (ContextHandler.java:doStart(921)) - Started o.e.j.s.ServletContextHandler@31102e84{logs,/logs,file:///home/runner/work/ozone/ozone/hadoop-ozone/integration-test/target/log,AVAILABLE}
2023-04-22 02:18:07,228 [Listener at 127.0.0.1/41793] INFO  handler.ContextHandler (ContextHandler.java:doStart(921)) - Started o.e.j.s.ServletContextHandler@3b8bb9a0{static,/static,file:///home/runner/work/ozone/ozone/hadoop-ozone/integration-test/target/test-classes/webapps/static,AVAILABLE}
2023-04-22 02:18:07,232 [Listener at 127.0.0.1/41793] INFO  handler.ContextHandler (ContextHandler.java:doStart(921)) - Started o.e.j.w.WebAppContext@3a33872d{ozoneManager,/,file:///home/runner/work/ozone/ozone/hadoop-ozone/integration-test/target/test-classes/webapps/ozoneManager/,AVAILABLE}{file:/home/runner/work/ozone/ozone/hadoop-ozone/integration-test/target/test-classes/webapps/ozoneManager}
2023-04-22 02:18:07,234 [Listener at 127.0.0.1/41793] INFO  server.AbstractConnector (AbstractConnector.java:doStart(333)) - Started ServerConnector@3c945a20{HTTP/1.1, (http/1.1)}{0.0.0.0:46881}
2023-04-22 02:18:07,234 [Listener at 127.0.0.1/41793] INFO  server.Server (Server.java:doStart(415)) - Started @6884ms
2023-04-22 02:18:07,234 [Listener at 127.0.0.1/41793] WARN  impl.MetricsSystemImpl (MetricsSystemImpl.java:register(279)) - Sink prometheus already exists!
2023-04-22 02:18:07,235 [Listener at 127.0.0.1/41793] INFO  http.BaseHttpServer (BaseHttpServer.java:updateConnectorAddress(344)) - HTTP server of ozoneManager listening at http://0.0.0.0:46881
2023-04-22 02:18:07,239 [IPC Server Responder] INFO  ipc.Server (Server.java:run(1558)) - IPC Server Responder: starting
2023-04-22 02:18:07,242 [IPC Server listener on 0] INFO  ipc.Server (Server.java:run(1398)) - IPC Server listener on 0: starting
2023-04-22 02:18:07,249 [Listener at 127.0.0.1/41793] INFO  om.OzoneManager (OzoneManager.java:startTrashEmptier(2039)) - Trash Interval set to 0. Files deleted won't move to trash
2023-04-22 02:18:07,258 [org.apache.hadoop.util.JvmPauseMonitor$Monitor@439a4def] INFO  util.JvmPauseMonitor (JvmPauseMonitor.java:run(188)) - Starting JVM pause monitor
2023-04-22 02:18:07,404 [Listener at 127.0.0.1/41793] WARN  impl.MetricRegistriesImpl (MetricRegistriesImpl.java:addReporterRegistration(111)) - New reporters are added after registries were created. Some metrics will be missing from the reporter. Please add reporter before adding any new registry.
2023-04-22 02:18:07,404 [Listener at 127.0.0.1/41793] WARN  impl.MetricRegistriesImpl (MetricRegistriesImpl.java:addReporterRegistration(111)) - New reporters are added after registries were created. Some metrics will be missing from the reporter. Please add reporter before adding any new registry.
2023-04-22 02:18:07,404 [Listener at 127.0.0.1/41793] INFO  impl.MetricsSystemImpl (MetricsSystemImpl.java:init(158)) - HddsDatanode metrics system started (again)
2023-04-22 02:18:07,421 [Listener at 127.0.0.1/41793] INFO  ozone.HddsDatanodeService (HddsDatanodeService.java:start(252)) - HddsDatanodeService host:fv-az443-428.ap2fcshprsnunfx25e1aelzb4b.cx.internal.cloudapp.net ip:10.1.0.20
2023-04-22 02:18:07,449 [Listener at 127.0.0.1/41793] INFO  upgrade.AbstractLayoutVersionManager (AbstractLayoutVersionManager.java:init(83)) - Initializing Layout version manager with metadata layout = WEBUI_PORTS_IN_DATANODEDETAILS (version = 6), software layout = WEBUI_PORTS_IN_DATANODEDETAILS (version = 6)
2023-04-22 02:18:07,508 [Listener at 127.0.0.1/41793] INFO  reflections.Reflections (Reflections.java:scan(232)) - Reflections took 54 ms to scan 7 urls, producing 156 keys and 369 values 
2023-04-22 02:18:07,511 [Listener at 127.0.0.1/41793] INFO  statemachine.DatanodeStateMachine (DatanodeStateMachine.java:getEndPointTaskThreadPoolSize(260)) - Datanode State Machine Task Thread Pool size 2
2023-04-22 02:18:07,562 [Listener at 127.0.0.1/41793] INFO  volume.HddsVolume (HddsVolume.java:<init>(130)) - Creating HddsVolume: /home/runner/work/ozone/ozone/hadoop-ozone/integration-test/target/test-dir/MiniOzoneClusterImpl-b640deff-6994-498f-92ea-4ac5c972f0d8/datanode-0/data-0/containers/hdds of storage type : DISK capacity : 9223372036854775807
2023-04-22 02:18:07,564 [Listener at 127.0.0.1/41793] INFO  volume.MutableVolumeSet (MutableVolumeSet.java:initializeVolumeSet(175)) - Added Volume : /home/runner/work/ozone/ozone/hadoop-ozone/integration-test/target/test-dir/MiniOzoneClusterImpl-b640deff-6994-498f-92ea-4ac5c972f0d8/datanode-0/data-0/containers/hdds to VolumeSet
2023-04-22 02:18:07,565 [Listener at 127.0.0.1/41793] INFO  volume.ThrottledAsyncChecker (ThrottledAsyncChecker.java:schedule(141)) - Scheduling a check for /home/runner/work/ozone/ozone/hadoop-ozone/integration-test/target/test-dir/MiniOzoneClusterImpl-b640deff-6994-498f-92ea-4ac5c972f0d8/datanode-0/data-0/containers/hdds
2023-04-22 02:18:07,585 [Listener at 127.0.0.1/41793] INFO  volume.StorageVolumeChecker (StorageVolumeChecker.java:checkAllVolumes(202)) - Scheduled health check for volume /home/runner/work/ozone/ozone/hadoop-ozone/integration-test/target/test-dir/MiniOzoneClusterImpl-b640deff-6994-498f-92ea-4ac5c972f0d8/datanode-0/data-0/containers/hdds
2023-04-22 02:18:07,601 [Listener at 127.0.0.1/41793] INFO  volume.MutableVolumeSet (MutableVolumeSet.java:initializeVolumeSet(175)) - Added Volume : /home/runner/work/ozone/ozone/hadoop-ozone/integration-test/target/test-dir/MiniOzoneClusterImpl-b640deff-6994-498f-92ea-4ac5c972f0d8/datanode-0/data/ratis to VolumeSet
2023-04-22 02:18:07,601 [Listener at 127.0.0.1/41793] INFO  volume.ThrottledAsyncChecker (ThrottledAsyncChecker.java:schedule(141)) - Scheduling a check for /home/runner/work/ozone/ozone/hadoop-ozone/integration-test/target/test-dir/MiniOzoneClusterImpl-b640deff-6994-498f-92ea-4ac5c972f0d8/datanode-0/data/ratis
2023-04-22 02:18:07,601 [Listener at 127.0.0.1/41793] INFO  volume.StorageVolumeChecker (StorageVolumeChecker.java:checkAllVolumes(202)) - Scheduled health check for volume /home/runner/work/ozone/ozone/hadoop-ozone/integration-test/target/test-dir/MiniOzoneClusterImpl-b640deff-6994-498f-92ea-4ac5c972f0d8/datanode-0/data/ratis
2023-04-22 02:18:07,625 [Thread-139] INFO  ozoneimpl.ContainerReader (ContainerReader.java:readVolume(175)) - Finish verifying containers on volume /home/runner/work/ozone/ozone/hadoop-ozone/integration-test/target/test-dir/MiniOzoneClusterImpl-b640deff-6994-498f-92ea-4ac5c972f0d8/datanode-0/data-0/containers/hdds
2023-04-22 02:18:07,625 [Listener at 127.0.0.1/41793] INFO  ozoneimpl.OzoneContainer (OzoneContainer.java:buildContainerSet(303)) - Build ContainerSet costs 0s
2023-04-22 02:18:07,670 [Listener at 127.0.0.1/41793] INFO  audit.AuditLogger (AuditLogger.java:refreshDebugCmdSet(126)) - Refresh DebugCmdSet for DNAudit to [].
2023-04-22 02:18:07,694 [Listener at 127.0.0.1/41793] INFO  server.RaftServer (ConfUtils.java:logGet(46)) - raft.rpc.type = GRPC (default)
2023-04-22 02:18:07,694 [Listener at 127.0.0.1/41793] INFO  grpc.GrpcConfigKeys (ConfUtils.java:logFallback(53)) - raft.grpc.admin.host = null (fallback to raft.grpc.server.host)
2023-04-22 02:18:07,695 [Listener at 127.0.0.1/41793] INFO  grpc.GrpcConfigKeys (ConfUtils.java:logGet(46)) - raft.grpc.admin.port = 0 (custom)
2023-04-22 02:18:07,695 [Listener at 127.0.0.1/41793] INFO  grpc.GrpcConfigKeys (ConfUtils.java:logFallback(53)) - raft.grpc.client.host = null (fallback to raft.grpc.server.host)
2023-04-22 02:18:07,695 [Listener at 127.0.0.1/41793] INFO  grpc.GrpcConfigKeys (ConfUtils.java:logGet(46)) - raft.grpc.client.port = 0 (custom)
2023-04-22 02:18:07,695 [Listener at 127.0.0.1/41793] INFO  grpc.GrpcConfigKeys (ConfUtils.java:logGet(46)) - raft.grpc.server.host = null (default)
2023-04-22 02:18:07,695 [Listener at 127.0.0.1/41793] INFO  grpc.GrpcConfigKeys (ConfUtils.java:logGet(46)) - raft.grpc.server.port = 0 (default)
2023-04-22 02:18:07,695 [Listener at 127.0.0.1/41793] INFO  server.GrpcService (ConfUtils.java:logGet(46)) - raft.grpc.message.size.max = 32MB (=33554432) (custom)
2023-04-22 02:18:07,696 [Listener at 127.0.0.1/41793] INFO  server.RaftServerConfigKeys (ConfUtils.java:logGet(46)) - raft.server.log.appender.buffer.byte-limit = 33554432 (custom)
2023-04-22 02:18:07,696 [Listener at 127.0.0.1/41793] INFO  server.GrpcService (ConfUtils.java:logGet(46)) - raft.grpc.flow.control.window = 5MB (=5242880) (custom)
2023-04-22 02:18:07,696 [Listener at 127.0.0.1/41793] INFO  server.RaftServerConfigKeys (ConfUtils.java:logGet(46)) - raft.server.rpc.request.timeout = 3000ms (default)
2023-04-22 02:18:07,696 [Listener at 127.0.0.1/41793] INFO  grpc.GrpcConfigKeys (ConfUtils.java:logGet(46)) - raft.grpc.server.heartbeat.channel = true (default)
2023-04-22 02:18:07,696 [Listener at 127.0.0.1/41793] INFO  grpc.GrpcConfigKeys (ConfUtils.java:logGet(46)) - raft.grpc.server.async.request.thread.pool.cached = true (default)
2023-04-22 02:18:07,696 [Listener at 127.0.0.1/41793] INFO  grpc.GrpcConfigKeys (ConfUtils.java:logGet(46)) - raft.grpc.server.async.request.thread.pool.size = 32 (default)
2023-04-22 02:18:07,697 [Listener at 127.0.0.1/41793] INFO  impl.DataStreamServerImpl (ConfUtils.java:logGet(46)) - raft.datastream.type = NETTY (custom)
2023-04-22 02:18:07,705 [Listener at 127.0.0.1/41793] INFO  server.RaftServerConfigKeys (ConfUtils.java:logGet(46)) - raft.server.data-stream.async.request.thread.pool.cached = false (default)
2023-04-22 02:18:07,706 [Listener at 127.0.0.1/41793] INFO  server.RaftServerConfigKeys (ConfUtils.java:logGet(46)) - raft.server.data-stream.async.request.thread.pool.size = 20 (custom)
2023-04-22 02:18:07,706 [Listener at 127.0.0.1/41793] INFO  server.RaftServerConfigKeys (ConfUtils.java:logGet(46)) - raft.server.data-stream.async.write.thread.pool.size = 16 (default)
2023-04-22 02:18:07,707 [Listener at 127.0.0.1/41793] INFO  server.RaftServerConfigKeys (ConfUtils.java:logGet(46)) - raft.server.data-stream.client.pool.size = 10 (default)
2023-04-22 02:18:07,709 [Listener at 127.0.0.1/41793] INFO  netty.NettyConfigKeys$DataStream (ConfUtils.java:logGet(46)) - raft.netty.dataStream.server.use-epoll = false (default)
2023-04-22 02:18:07,710 [Listener at 127.0.0.1/41793] INFO  netty.NettyConfigKeys$DataStream (ConfUtils.java:logGet(46)) - raft.netty.dataStream.server.boss-group.size = 0 (default)
2023-04-22 02:18:07,715 [Listener at 127.0.0.1/41793] INFO  netty.NettyConfigKeys$DataStream (ConfUtils.java:logGet(46)) - raft.netty.dataStream.server.worker-group.size = 0 (default)
2023-04-22 02:18:07,716 [Listener at 127.0.0.1/41793] INFO  netty.NettyConfigKeys$DataStream (ConfUtils.java:logGet(46)) - raft.netty.dataStream.server.tls.conf = null (default)
2023-04-22 02:18:07,717 [Listener at 127.0.0.1/41793] INFO  netty.NettyConfigKeys$DataStream (ConfUtils.java:logGet(46)) - raft.netty.dataStream.host = null (default)
2023-04-22 02:18:07,718 [Listener at 127.0.0.1/41793] INFO  netty.NettyConfigKeys$DataStream (ConfUtils.java:logGet(46)) - raft.netty.dataStream.port = 0 (default)
2023-04-22 02:18:07,725 [Listener at 127.0.0.1/41793] INFO  server.RaftServerConfigKeys (ConfUtils.java:logGet(46)) - raft.server.threadpool.proxy.cached = true (default)
2023-04-22 02:18:07,725 [Listener at 127.0.0.1/41793] INFO  server.RaftServerConfigKeys (ConfUtils.java:logGet(46)) - raft.server.threadpool.proxy.size = 0 (default)
2023-04-22 02:18:07,725 [Listener at 127.0.0.1/41793] INFO  server.RaftServerConfigKeys (ConfUtils.java:logGet(46)) - raft.server.rpc.slowness.timeout = 300000ms (custom)
2023-04-22 02:18:07,725 [Listener at 127.0.0.1/41793] INFO  server.RaftServerConfigKeys (ConfUtils.java:logGet(46)) - raft.server.leaderelection.leader.step-down.wait-time = 10s (default)
2023-04-22 02:18:07,726 [Listener at 127.0.0.1/41793] INFO  server.RaftServerConfigKeys (ConfUtils.java:logGet(46)) - raft.server.storage.dir = [/home/runner/work/ozone/ozone/hadoop-ozone/integration-test/target/test-dir/MiniOzoneClusterImpl-b640deff-6994-498f-92ea-4ac5c972f0d8/datanode-0/data/ratis] (custom)
2023-04-22 02:18:07,750 [4fb9f1f7-4e3b-4bcf-a7e7-c7ddcac09d11-NettyServerStreamRpc-bossGroup--thread1] INFO  logging.LoggingHandler (AbstractInternalLogger.java:log(148)) - [id: 0x7d0d8e71] REGISTERED
2023-04-22 02:18:07,750 [4fb9f1f7-4e3b-4bcf-a7e7-c7ddcac09d11-NettyServerStreamRpc-bossGroup--thread1] INFO  logging.LoggingHandler (AbstractInternalLogger.java:log(148)) - [id: 0x7d0d8e71] BIND: 0.0.0.0/0.0.0.0:0
2023-04-22 02:18:07,751 [4fb9f1f7-4e3b-4bcf-a7e7-c7ddcac09d11-NettyServerStreamRpc-bossGroup--thread1] INFO  logging.LoggingHandler (AbstractInternalLogger.java:log(148)) - [id: 0x7d0d8e71, L:/0:0:0:0:0:0:0:0:37741] ACTIVE
2023-04-22 02:18:07,754 [Listener at 127.0.0.1/41793] INFO  server.XceiverServerGrpc (XceiverServerGrpc.java:<init>(132)) - GrpcServer channel type EpollServerSocketChannel
2023-04-22 02:18:07,819 [Listener at 127.0.0.1/41793] INFO  http.BaseHttpServer (BaseHttpServer.java:newHttpServer2BuilderForOzone(224)) - Starting Web-server for hddsDatanode at: http://0.0.0.0:0
2023-04-22 02:18:07,819 [Listener at 127.0.0.1/41793] INFO  http.BaseHttpServer (BaseHttpServer.java:<init>(111)) - Hadoop Security Enabled: false Ozone Security Enabled: false Ozone HTTP Security Enabled: false 
2023-04-22 02:18:07,820 [Listener at 127.0.0.1/41793] WARN  server.AuthenticationFilter (AuthenticationFilter.java:constructSecretProvider(240)) - Unable to initialize FileSignerSecretProvider, falling back to use random secrets. Reason: Could not read signature secret file: /home/runner/hadoop-http-auth-signature-secret
2023-04-22 02:18:07,823 [Listener at 127.0.0.1/41793] INFO  http.HttpRequestLog (HttpRequestLog.java:getRequestLog(86)) - Http request log for http.requests.hddsDatanode is not defined
2023-04-22 02:18:07,824 [Listener at 127.0.0.1/41793] INFO  http.HttpServer2 (HttpServer2.java:addGlobalFilter(1031)) - Added global filter 'safety' (class=org.apache.hadoop.hdds.server.http.HttpServer2$QuotingInputFilter)
2023-04-22 02:18:07,825 [Listener at 127.0.0.1/41793] INFO  http.HttpServer2 (HttpServer2.java:addFilter(1007)) - Added filter static_user_filter (class=org.apache.hadoop.http.lib.StaticUserWebFilter$StaticUserFilter) to context hddsDatanode
2023-04-22 02:18:07,825 [Listener at 127.0.0.1/41793] INFO  http.HttpServer2 (HttpServer2.java:addFilter(1015)) - Added filter static_user_filter (class=org.apache.hadoop.http.lib.StaticUserWebFilter$StaticUserFilter) to context static
2023-04-22 02:18:07,825 [Listener at 127.0.0.1/41793] INFO  http.HttpServer2 (HttpServer2.java:addFilter(1015)) - Added filter static_user_filter (class=org.apache.hadoop.http.lib.StaticUserWebFilter$StaticUserFilter) to context logs
2023-04-22 02:18:07,826 [Listener at 127.0.0.1/41793] INFO  http.BaseHttpServer (BaseHttpServer.java:<init>(190)) - HTTP server of hddsDatanode uses base directory /home/runner/work/ozone/ozone/hadoop-ozone/integration-test/target/test-dir/MiniOzoneClusterImpl-b640deff-6994-498f-92ea-4ac5c972f0d8/datanode-0/meta/webserver
2023-04-22 02:18:07,826 [Listener at 127.0.0.1/41793] INFO  http.HttpServer2 (HttpServer2.java:bindListener(1250)) - Jetty bound to port 46441
2023-04-22 02:18:07,827 [Listener at 127.0.0.1/41793] INFO  server.Server (Server.java:doStart(375)) - jetty-9.4.51.v20230217; built: 2023-02-17T08:19:37.309Z; git: b45c405e4544384de066f814ed42ae3dceacdd49; jvm 1.8.0_362-b09
2023-04-22 02:18:07,831 [Listener at 127.0.0.1/41793] INFO  server.session (DefaultSessionIdManager.java:doStart(334)) - DefaultSessionIdManager workerName=node0
2023-04-22 02:18:07,831 [Listener at 127.0.0.1/41793] INFO  server.session (DefaultSessionIdManager.java:doStart(339)) - No SessionScavenger set, using defaults
2023-04-22 02:18:07,832 [Listener at 127.0.0.1/41793] INFO  server.session (HouseKeeper.java:startScavenging(132)) - node0 Scavenging every 660000ms
2023-04-22 02:18:07,833 [Listener at 127.0.0.1/41793] INFO  handler.ContextHandler (ContextHandler.java:doStart(921)) - Started o.e.j.s.ServletContextHandler@6d3c1f07{logs,/logs,file:///home/runner/work/ozone/ozone/hadoop-ozone/integration-test/target/log,AVAILABLE}
2023-04-22 02:18:07,833 [Listener at 127.0.0.1/41793] INFO  handler.ContextHandler (ContextHandler.java:doStart(921)) - Started o.e.j.s.ServletContextHandler@7b1d1c75{static,/static,jar:file:/home/runner/.m2/repository/org/apache/ozone/hdds-container-service/1.4.0-SNAPSHOT/hdds-container-service-1.4.0-SNAPSHOT.jar!/webapps/static,AVAILABLE}
2023-04-22 02:18:08,071 [Listener at 127.0.0.1/41793] INFO  handler.ContextHandler (ContextHandler.java:doStart(921)) - Started o.e.j.w.WebAppContext@2df807ab{hddsDatanode,/,file:///home/runner/work/ozone/ozone/hadoop-ozone/integration-test/target/test-dir/MiniOzoneClusterImpl-b640deff-6994-498f-92ea-4ac5c972f0d8/datanode-0/meta/webserver/jetty-0_0_0_0-46441-hdds-container-service-1_4_0-SNAPSHOT_jar-_-any-8264075853621463816/webapp/,AVAILABLE}{jar:file:/home/runner/.m2/repository/org/apache/ozone/hdds-container-service/1.4.0-SNAPSHOT/hdds-container-service-1.4.0-SNAPSHOT.jar!/webapps/hddsDatanode}
2023-04-22 02:18:08,073 [Listener at 127.0.0.1/41793] INFO  server.AbstractConnector (AbstractConnector.java:doStart(333)) - Started ServerConnector@4cacd9b8{HTTP/1.1, (http/1.1)}{0.0.0.0:46441}
2023-04-22 02:18:08,074 [Listener at 127.0.0.1/41793] INFO  server.Server (Server.java:doStart(415)) - Started @7724ms
2023-04-22 02:18:08,074 [Listener at 127.0.0.1/41793] WARN  impl.MetricsSystemImpl (MetricsSystemImpl.java:register(279)) - Sink prometheus already exists!
2023-04-22 02:18:08,075 [Listener at 127.0.0.1/41793] INFO  http.BaseHttpServer (BaseHttpServer.java:updateConnectorAddress(344)) - HTTP server of hddsDatanode listening at http://0.0.0.0:46441
2023-04-22 02:18:08,083 [Listener at 127.0.0.1/41793] WARN  impl.MetricRegistriesImpl (MetricRegistriesImpl.java:addReporterRegistration(111)) - New reporters are added after registries were created. Some metrics will be missing from the reporter. Please add reporter before adding any new registry.
2023-04-22 02:18:08,083 [Listener at 127.0.0.1/41793] WARN  impl.MetricRegistriesImpl (MetricRegistriesImpl.java:addReporterRegistration(111)) - New reporters are added after registries were created. Some metrics will be missing from the reporter. Please add reporter before adding any new registry.
2023-04-22 02:18:08,083 [Listener at 127.0.0.1/41793] INFO  impl.MetricsSystemImpl (MetricsSystemImpl.java:init(158)) - HddsDatanode metrics system started (again)
2023-04-22 02:18:08,085 [Datanode State Machine Daemon Thread] INFO  statemachine.DatanodeStateMachine (DatanodeStateMachine.java:lambda$startDaemon$0(517)) - Ozone container server started.
2023-04-22 02:18:08,102 [org.apache.hadoop.util.JvmPauseMonitor$Monitor@39206d66] INFO  util.JvmPauseMonitor (JvmPauseMonitor.java:run(188)) - Starting JVM pause monitor
2023-04-22 02:18:08,122 [Listener at 127.0.0.1/41793] INFO  ozone.HddsDatanodeService (HddsDatanodeService.java:start(252)) - HddsDatanodeService host:fv-az443-428.ap2fcshprsnunfx25e1aelzb4b.cx.internal.cloudapp.net ip:10.1.0.20
2023-04-22 02:18:08,151 [Listener at 127.0.0.1/41793] INFO  upgrade.AbstractLayoutVersionManager (AbstractLayoutVersionManager.java:init(83)) - Initializing Layout version manager with metadata layout = WEBUI_PORTS_IN_DATANODEDETAILS (version = 6), software layout = WEBUI_PORTS_IN_DATANODEDETAILS (version = 6)
2023-04-22 02:18:08,247 [Listener at 127.0.0.1/41793] INFO  reflections.Reflections (Reflections.java:scan(232)) - Reflections took 87 ms to scan 7 urls, producing 156 keys and 369 values 
2023-04-22 02:18:08,256 [Listener at 127.0.0.1/41793] INFO  statemachine.DatanodeStateMachine (DatanodeStateMachine.java:getEndPointTaskThreadPoolSize(260)) - Datanode State Machine Task Thread Pool size 2
2023-04-22 02:18:08,260 [Listener at 127.0.0.1/41793] INFO  volume.HddsVolume (HddsVolume.java:<init>(130)) - Creating HddsVolume: /home/runner/work/ozone/ozone/hadoop-ozone/integration-test/target/test-dir/MiniOzoneClusterImpl-b640deff-6994-498f-92ea-4ac5c972f0d8/datanode-1/data-0/containers/hdds of storage type : DISK capacity : 9223372036854775807
2023-04-22 02:18:08,261 [Listener at 127.0.0.1/41793] INFO  volume.MutableVolumeSet (MutableVolumeSet.java:initializeVolumeSet(175)) - Added Volume : /home/runner/work/ozone/ozone/hadoop-ozone/integration-test/target/test-dir/MiniOzoneClusterImpl-b640deff-6994-498f-92ea-4ac5c972f0d8/datanode-1/data-0/containers/hdds to VolumeSet
2023-04-22 02:18:08,261 [Listener at 127.0.0.1/41793] INFO  volume.ThrottledAsyncChecker (ThrottledAsyncChecker.java:schedule(141)) - Scheduling a check for /home/runner/work/ozone/ozone/hadoop-ozone/integration-test/target/test-dir/MiniOzoneClusterImpl-b640deff-6994-498f-92ea-4ac5c972f0d8/datanode-1/data-0/containers/hdds
2023-04-22 02:18:08,271 [Listener at 127.0.0.1/41793] INFO  volume.StorageVolumeChecker (StorageVolumeChecker.java:checkAllVolumes(202)) - Scheduled health check for volume /home/runner/work/ozone/ozone/hadoop-ozone/integration-test/target/test-dir/MiniOzoneClusterImpl-b640deff-6994-498f-92ea-4ac5c972f0d8/datanode-1/data-0/containers/hdds
2023-04-22 02:18:08,287 [om1@group-C5BA1605619E-FollowerState] INFO  impl.FollowerState (FollowerState.java:run(143)) - om1@group-C5BA1605619E-FollowerState: change to CANDIDATE, lastRpcElapsedTime:1157567622ns, electionTimeout:1156ms
2023-04-22 02:18:08,288 [om1@group-C5BA1605619E-FollowerState] INFO  impl.RoleInfo (RoleInfo.java:shutdownFollowerState(110)) - om1: shutdown om1@group-C5BA1605619E-FollowerState
2023-04-22 02:18:08,289 [om1@group-C5BA1605619E-FollowerState] INFO  server.RaftServer$Division (RaftServerImpl.java:setRole(321)) - om1@group-C5BA1605619E: changes role from  FOLLOWER to CANDIDATE at term 0 for changeToCandidate
2023-04-22 02:18:08,291 [om1@group-C5BA1605619E-FollowerState] INFO  server.RaftServerConfigKeys (ConfUtils.java:logGet(46)) - raft.server.leaderelection.pre-vote = true (default)
2023-04-22 02:18:08,291 [om1@group-C5BA1605619E-FollowerState] INFO  impl.RoleInfo (RoleInfo.java:updateAndGet(139)) - om1: start om1@group-C5BA1605619E-LeaderElection1
2023-04-22 02:18:08,295 [Listener at 127.0.0.1/41793] INFO  volume.MutableVolumeSet (MutableVolumeSet.java:initializeVolumeSet(175)) - Added Volume : /home/runner/work/ozone/ozone/hadoop-ozone/integration-test/target/test-dir/MiniOzoneClusterImpl-b640deff-6994-498f-92ea-4ac5c972f0d8/datanode-1/data/ratis to VolumeSet
2023-04-22 02:18:08,296 [Listener at 127.0.0.1/41793] INFO  volume.ThrottledAsyncChecker (ThrottledAsyncChecker.java:schedule(141)) - Scheduling a check for /home/runner/work/ozone/ozone/hadoop-ozone/integration-test/target/test-dir/MiniOzoneClusterImpl-b640deff-6994-498f-92ea-4ac5c972f0d8/datanode-1/data/ratis
2023-04-22 02:18:08,296 [Listener at 127.0.0.1/41793] INFO  volume.StorageVolumeChecker (StorageVolumeChecker.java:checkAllVolumes(202)) - Scheduled health check for volume /home/runner/work/ozone/ozone/hadoop-ozone/integration-test/target/test-dir/MiniOzoneClusterImpl-b640deff-6994-498f-92ea-4ac5c972f0d8/datanode-1/data/ratis
2023-04-22 02:18:08,304 [om1@group-C5BA1605619E-LeaderElection1] INFO  impl.LeaderElection (LeaderElection.java:askForVotes(312)) - om1@group-C5BA1605619E-LeaderElection1 PRE_VOTE round 0: submit vote requests at term 0 for -1: peers:[om1|rpc:localhost:9872|priority:0|startupRole:FOLLOWER]|listeners:[], old=null
2023-04-22 02:18:08,305 [om1@group-C5BA1605619E-LeaderElection1] INFO  impl.LeaderElection (LeaderElection.java:askForVotes(314)) - om1@group-C5BA1605619E-LeaderElection1 PRE_VOTE round 0: result PASSED (term=0)
2023-04-22 02:18:08,313 [Datanode State Machine Task Thread - 0] INFO  datanode.InitDatanodeState (InitDatanodeState.java:persistContainerDatanodeDetails(138)) - DatanodeDetails is persisted to /home/runner/work/ozone/ozone/hadoop-ozone/integration-test/target/test-dir/MiniOzoneClusterImpl-b640deff-6994-498f-92ea-4ac5c972f0d8/datanode-0/meta/datanode.id
2023-04-22 02:18:08,313 [om1@group-C5BA1605619E-LeaderElection1] INFO  impl.LeaderElection (LeaderElection.java:askForVotes(312)) - om1@group-C5BA1605619E-LeaderElection1 ELECTION round 0: submit vote requests at term 1 for -1: peers:[om1|rpc:localhost:9872|priority:0|startupRole:FOLLOWER]|listeners:[], old=null
2023-04-22 02:18:08,314 [om1@group-C5BA1605619E-LeaderElection1] INFO  impl.LeaderElection (LeaderElection.java:askForVotes(314)) - om1@group-C5BA1605619E-LeaderElection1 ELECTION round 0: result PASSED (term=1)
2023-04-22 02:18:08,314 [om1@group-C5BA1605619E-LeaderElection1] INFO  impl.RoleInfo (RoleInfo.java:shutdownLeaderElection(130)) - om1: shutdown om1@group-C5BA1605619E-LeaderElection1
2023-04-22 02:18:08,314 [om1@group-C5BA1605619E-LeaderElection1] INFO  server.RaftServer$Division (RaftServerImpl.java:setRole(321)) - om1@group-C5BA1605619E: changes role from CANDIDATE to LEADER at term 1 for changeToLeader
2023-04-22 02:18:08,316 [om1@group-C5BA1605619E-LeaderElection1] INFO  server.RaftServer$Division (ServerState.java:setLeader(313)) - om1@group-C5BA1605619E: change Leader from null to om1 at term 1 for becomeLeader, leader elected after 2124ms
2023-04-22 02:18:08,325 [om1@group-C5BA1605619E-LeaderElection1] INFO  server.RaftServerConfigKeys (ConfUtils.java:logGet(46)) - raft.server.staging.catchup.gap = 1000 (default)
2023-04-22 02:18:08,335 [om1@group-C5BA1605619E-LeaderElection1] INFO  server.RaftServerConfigKeys (ConfUtils.java:logGet(46)) - raft.server.write.element-limit = 4096 (default)
2023-04-22 02:18:08,335 [om1@group-C5BA1605619E-LeaderElection1] INFO  server.RaftServerConfigKeys (ConfUtils.java:logGet(46)) - raft.server.write.byte-limit = 64MB (=67108864) (default)
2023-04-22 02:18:08,329 [Thread-154] INFO  ozoneimpl.ContainerReader (ContainerReader.java:readVolume(175)) - Finish verifying containers on volume /home/runner/work/ozone/ozone/hadoop-ozone/integration-test/target/test-dir/MiniOzoneClusterImpl-b640deff-6994-498f-92ea-4ac5c972f0d8/datanode-1/data-0/containers/hdds
2023-04-22 02:18:08,338 [Listener at 127.0.0.1/41793] INFO  ozoneimpl.OzoneContainer (OzoneContainer.java:buildContainerSet(303)) - Build ContainerSet costs 0s
2023-04-22 02:18:08,342 [Listener at 127.0.0.1/41793] INFO  server.RaftServer (ConfUtils.java:logGet(46)) - raft.rpc.type = GRPC (default)
2023-04-22 02:18:08,342 [Listener at 127.0.0.1/41793] INFO  grpc.GrpcConfigKeys (ConfUtils.java:logFallback(53)) - raft.grpc.admin.host = null (fallback to raft.grpc.server.host)
2023-04-22 02:18:08,346 [Listener at 127.0.0.1/41793] INFO  grpc.GrpcConfigKeys (ConfUtils.java:logGet(46)) - raft.grpc.admin.port = 0 (custom)
2023-04-22 02:18:08,347 [Listener at 127.0.0.1/41793] INFO  grpc.GrpcConfigKeys (ConfUtils.java:logFallback(53)) - raft.grpc.client.host = null (fallback to raft.grpc.server.host)
2023-04-22 02:18:08,347 [Listener at 127.0.0.1/41793] INFO  grpc.GrpcConfigKeys (ConfUtils.java:logGet(46)) - raft.grpc.client.port = 0 (custom)
2023-04-22 02:18:08,347 [Listener at 127.0.0.1/41793] INFO  grpc.GrpcConfigKeys (ConfUtils.java:logGet(46)) - raft.grpc.server.host = null (default)
2023-04-22 02:18:08,347 [Listener at 127.0.0.1/41793] INFO  grpc.GrpcConfigKeys (ConfUtils.java:logGet(46)) - raft.grpc.server.port = 0 (default)
2023-04-22 02:18:08,347 [Listener at 127.0.0.1/41793] INFO  server.GrpcService (ConfUtils.java:logGet(46)) - raft.grpc.message.size.max = 32MB (=33554432) (custom)
2023-04-22 02:18:08,347 [Listener at 127.0.0.1/41793] INFO  server.RaftServerConfigKeys (ConfUtils.java:logGet(46)) - raft.server.log.appender.buffer.byte-limit = 33554432 (custom)
2023-04-22 02:18:08,347 [Listener at 127.0.0.1/41793] INFO  server.GrpcService (ConfUtils.java:logGet(46)) - raft.grpc.flow.control.window = 5MB (=5242880) (custom)
2023-04-22 02:18:08,348 [Listener at 127.0.0.1/41793] INFO  server.RaftServerConfigKeys (ConfUtils.java:logGet(46)) - raft.server.rpc.request.timeout = 3000ms (default)
2023-04-22 02:18:08,348 [Listener at 127.0.0.1/41793] INFO  grpc.GrpcConfigKeys (ConfUtils.java:logGet(46)) - raft.grpc.server.heartbeat.channel = true (default)
2023-04-22 02:18:08,348 [Listener at 127.0.0.1/41793] INFO  grpc.GrpcConfigKeys (ConfUtils.java:logGet(46)) - raft.grpc.server.async.request.thread.pool.cached = true (default)
2023-04-22 02:18:08,348 [Listener at 127.0.0.1/41793] INFO  grpc.GrpcConfigKeys (ConfUtils.java:logGet(46)) - raft.grpc.server.async.request.thread.pool.size = 32 (default)
2023-04-22 02:18:08,352 [om1@group-C5BA1605619E-LeaderElection1] INFO  server.RaftServerConfigKeys (ConfUtils.java:logGet(46)) - raft.server.watch.timeout = 10s (default)
2023-04-22 02:18:08,352 [om1@group-C5BA1605619E-LeaderElection1] INFO  server.RaftServerConfigKeys (ConfUtils.java:logGet(46)) - raft.server.watch.timeout.denomination = 1s (default)
2023-04-22 02:18:08,353 [om1@group-C5BA1605619E-LeaderElection1] INFO  server.RaftServerConfigKeys (ConfUtils.java:logGet(46)) - raft.server.watch.element-limit = 65536 (default)
2023-04-22 02:18:08,356 [Listener at 127.0.0.1/41793] INFO  impl.DataStreamServerImpl (ConfUtils.java:logGet(46)) - raft.datastream.type = NETTY (custom)
2023-04-22 02:18:08,356 [Listener at 127.0.0.1/41793] INFO  server.RaftServerConfigKeys (ConfUtils.java:logGet(46)) - raft.server.data-stream.async.request.thread.pool.cached = false (default)
2023-04-22 02:18:08,356 [Listener at 127.0.0.1/41793] INFO  server.RaftServerConfigKeys (ConfUtils.java:logGet(46)) - raft.server.data-stream.async.request.thread.pool.size = 20 (custom)
2023-04-22 02:18:08,356 [Listener at 127.0.0.1/41793] INFO  server.RaftServerConfigKeys (ConfUtils.java:logGet(46)) - raft.server.data-stream.async.write.thread.pool.size = 16 (default)
2023-04-22 02:18:08,356 [Listener at 127.0.0.1/41793] INFO  server.RaftServerConfigKeys (ConfUtils.java:logGet(46)) - raft.server.data-stream.client.pool.size = 10 (default)
2023-04-22 02:18:08,356 [Listener at 127.0.0.1/41793] INFO  netty.NettyConfigKeys$DataStream (ConfUtils.java:logGet(46)) - raft.netty.dataStream.server.use-epoll = false (default)
2023-04-22 02:18:08,357 [Listener at 127.0.0.1/41793] INFO  netty.NettyConfigKeys$DataStream (ConfUtils.java:logGet(46)) - raft.netty.dataStream.server.boss-group.size = 0 (default)
2023-04-22 02:18:08,357 [Listener at 127.0.0.1/41793] INFO  netty.NettyConfigKeys$DataStream (ConfUtils.java:logGet(46)) - raft.netty.dataStream.server.worker-group.size = 0 (default)
2023-04-22 02:18:08,357 [Listener at 127.0.0.1/41793] INFO  netty.NettyConfigKeys$DataStream (ConfUtils.java:logGet(46)) - raft.netty.dataStream.server.tls.conf = null (default)
2023-04-22 02:18:08,358 [Listener at 127.0.0.1/41793] INFO  netty.NettyConfigKeys$DataStream (ConfUtils.java:logGet(46)) - raft.netty.dataStream.host = null (default)
2023-04-22 02:18:08,358 [Listener at 127.0.0.1/41793] INFO  netty.NettyConfigKeys$DataStream (ConfUtils.java:logGet(46)) - raft.netty.dataStream.port = 0 (default)
2023-04-22 02:18:08,360 [om1@group-C5BA1605619E-LeaderElection1] INFO  server.RaftServerConfigKeys (ConfUtils.java:logGet(46)) - raft.server.write.element-limit = 4096 (default)
2023-04-22 02:18:08,361 [om1@group-C5BA1605619E-LeaderElection1] INFO  server.RaftServerConfigKeys (ConfUtils.java:logGet(46)) - raft.server.write.follower.gap.ratio.max = -1.0 (default)
2023-04-22 02:18:08,363 [Listener at 127.0.0.1/41793] INFO  server.RaftServerConfigKeys (ConfUtils.java:logGet(46)) - raft.server.threadpool.proxy.cached = true (default)
2023-04-22 02:18:08,364 [Listener at 127.0.0.1/41793] INFO  server.RaftServerConfigKeys (ConfUtils.java:logGet(46)) - raft.server.threadpool.proxy.size = 0 (default)
2023-04-22 02:18:08,364 [Listener at 127.0.0.1/41793] INFO  server.RaftServerConfigKeys (ConfUtils.java:logGet(46)) - raft.server.rpc.slowness.timeout = 300000ms (custom)
2023-04-22 02:18:08,364 [Listener at 127.0.0.1/41793] INFO  server.RaftServerConfigKeys (ConfUtils.java:logGet(46)) - raft.server.leaderelection.leader.step-down.wait-time = 10s (default)
2023-04-22 02:18:08,364 [Listener at 127.0.0.1/41793] INFO  server.RaftServerConfigKeys (ConfUtils.java:logGet(46)) - raft.server.storage.dir = [/home/runner/work/ozone/ozone/hadoop-ozone/integration-test/target/test-dir/MiniOzoneClusterImpl-b640deff-6994-498f-92ea-4ac5c972f0d8/datanode-1/data/ratis] (custom)
2023-04-22 02:18:08,367 [44aa5787-a9ca-4d27-a88e-9069c8f4547b-NettyServerStreamRpc-bossGroup--thread1] INFO  logging.LoggingHandler (AbstractInternalLogger.java:log(148)) - [id: 0x4503270b] REGISTERED
2023-04-22 02:18:08,367 [44aa5787-a9ca-4d27-a88e-9069c8f4547b-NettyServerStreamRpc-bossGroup--thread1] INFO  logging.LoggingHandler (AbstractInternalLogger.java:log(148)) - [id: 0x4503270b] BIND: 0.0.0.0/0.0.0.0:0
2023-04-22 02:18:08,367 [44aa5787-a9ca-4d27-a88e-9069c8f4547b-NettyServerStreamRpc-bossGroup--thread1] INFO  logging.LoggingHandler (AbstractInternalLogger.java:log(148)) - [id: 0x4503270b, L:/0:0:0:0:0:0:0:0:44789] ACTIVE
2023-04-22 02:18:08,368 [om1@group-C5BA1605619E-LeaderElection1] INFO  impl.RoleInfo (RoleInfo.java:updateAndGet(139)) - om1: start om1@group-C5BA1605619E-LeaderStateImpl
2023-04-22 02:18:08,377 [Listener at 127.0.0.1/41793] INFO  server.XceiverServerGrpc (XceiverServerGrpc.java:<init>(132)) - GrpcServer channel type EpollServerSocketChannel
2023-04-22 02:18:08,385 [Listener at 127.0.0.1/41793] INFO  http.BaseHttpServer (BaseHttpServer.java:newHttpServer2BuilderForOzone(224)) - Starting Web-server for hddsDatanode at: http://0.0.0.0:0
2023-04-22 02:18:08,385 [Listener at 127.0.0.1/41793] INFO  http.BaseHttpServer (BaseHttpServer.java:<init>(111)) - Hadoop Security Enabled: false Ozone Security Enabled: false Ozone HTTP Security Enabled: false 
2023-04-22 02:18:08,387 [Listener at 127.0.0.1/41793] WARN  server.AuthenticationFilter (AuthenticationFilter.java:constructSecretProvider(240)) - Unable to initialize FileSignerSecretProvider, falling back to use random secrets. Reason: Could not read signature secret file: /home/runner/hadoop-http-auth-signature-secret
2023-04-22 02:18:08,392 [Listener at 127.0.0.1/41793] INFO  http.HttpRequestLog (HttpRequestLog.java:getRequestLog(86)) - Http request log for http.requests.hddsDatanode is not defined
2023-04-22 02:18:08,394 [Listener at 127.0.0.1/41793] INFO  http.HttpServer2 (HttpServer2.java:addGlobalFilter(1031)) - Added global filter 'safety' (class=org.apache.hadoop.hdds.server.http.HttpServer2$QuotingInputFilter)
2023-04-22 02:18:08,394 [Listener at 127.0.0.1/41793] INFO  http.HttpServer2 (HttpServer2.java:addFilter(1007)) - Added filter static_user_filter (class=org.apache.hadoop.http.lib.StaticUserWebFilter$StaticUserFilter) to context hddsDatanode
2023-04-22 02:18:08,395 [Listener at 127.0.0.1/41793] INFO  http.HttpServer2 (HttpServer2.java:addFilter(1015)) - Added filter static_user_filter (class=org.apache.hadoop.http.lib.StaticUserWebFilter$StaticUserFilter) to context static
2023-04-22 02:18:08,396 [Listener at 127.0.0.1/41793] INFO  http.HttpServer2 (HttpServer2.java:addFilter(1015)) - Added filter static_user_filter (class=org.apache.hadoop.http.lib.StaticUserWebFilter$StaticUserFilter) to context logs
2023-04-22 02:18:08,397 [Listener at 127.0.0.1/41793] INFO  http.BaseHttpServer (BaseHttpServer.java:<init>(190)) - HTTP server of hddsDatanode uses base directory /home/runner/work/ozone/ozone/hadoop-ozone/integration-test/target/test-dir/MiniOzoneClusterImpl-b640deff-6994-498f-92ea-4ac5c972f0d8/datanode-1/meta/webserver
2023-04-22 02:18:08,397 [Listener at 127.0.0.1/41793] INFO  http.HttpServer2 (HttpServer2.java:bindListener(1250)) - Jetty bound to port 43811
2023-04-22 02:18:08,397 [Listener at 127.0.0.1/41793] INFO  server.Server (Server.java:doStart(375)) - jetty-9.4.51.v20230217; built: 2023-02-17T08:19:37.309Z; git: b45c405e4544384de066f814ed42ae3dceacdd49; jvm 1.8.0_362-b09
2023-04-22 02:18:08,415 [Listener at 127.0.0.1/41793] INFO  server.session (DefaultSessionIdManager.java:doStart(334)) - DefaultSessionIdManager workerName=node0
2023-04-22 02:18:08,415 [Listener at 127.0.0.1/41793] INFO  server.session (DefaultSessionIdManager.java:doStart(339)) - No SessionScavenger set, using defaults
2023-04-22 02:18:08,415 [Listener at 127.0.0.1/41793] INFO  server.session (HouseKeeper.java:startScavenging(132)) - node0 Scavenging every 600000ms
2023-04-22 02:18:08,418 [Listener at 127.0.0.1/41793] INFO  handler.ContextHandler (ContextHandler.java:doStart(921)) - Started o.e.j.s.ServletContextHandler@475c43e4{logs,/logs,file:///home/runner/work/ozone/ozone/hadoop-ozone/integration-test/target/log,AVAILABLE}
2023-04-22 02:18:08,419 [Listener at 127.0.0.1/41793] INFO  handler.ContextHandler (ContextHandler.java:doStart(921)) - Started o.e.j.s.ServletContextHandler@6751f450{static,/static,jar:file:/home/runner/.m2/repository/org/apache/ozone/hdds-container-service/1.4.0-SNAPSHOT/hdds-container-service-1.4.0-SNAPSHOT.jar!/webapps/static,AVAILABLE}
2023-04-22 02:18:08,414 [om1@group-C5BA1605619E-LeaderElection1] INFO  segmented.SegmentedRaftLogWorker (SegmentedRaftLogWorker.java:startLogSegment(452)) - om1@group-C5BA1605619E-SegmentedRaftLogWorker: Starting segment from index:0
2023-04-22 02:18:08,465 [om1@group-C5BA1605619E-LeaderElection1] INFO  server.RaftServer$Division (ServerState.java:setRaftConf(430)) - om1@group-C5BA1605619E: set configuration 0: peers:[om1|rpc:localhost:9872|admin:|client:|dataStream:|priority:0|startupRole:FOLLOWER]|listeners:[], old=null
2023-04-22 02:18:08,574 [om1@group-C5BA1605619E-SegmentedRaftLogWorker] INFO  segmented.SegmentedRaftLogWorker (SegmentedRaftLogWorker.java:execute(656)) - om1@group-C5BA1605619E-SegmentedRaftLogWorker: created new log segment /home/runner/work/ozone/ozone/hadoop-ozone/integration-test/target/test-dir/MiniOzoneClusterImpl-b640deff-6994-498f-92ea-4ac5c972f0d8/ozone-meta/ratis/bf265839-605b-3f16-9796-c5ba1605619e/current/log_inprogress_0
2023-04-22 02:18:08,689 [om1@group-C5BA1605619E-StateMachineUpdater] INFO  ratis.OzoneManagerStateMachine (OzoneManagerStateMachine.java:notifyConfigurationChanged(200)) - Received Configuration change notification from Ratis. New Peer list:
[id: "om1"
address: "localhost:9872"
startupRole: FOLLOWER
]
2023-04-22 02:18:08,784 [Listener at 127.0.0.1/41793] INFO  handler.ContextHandler (ContextHandler.java:doStart(921)) - Started o.e.j.w.WebAppContext@2a9cbc23{hddsDatanode,/,file:///home/runner/work/ozone/ozone/hadoop-ozone/integration-test/target/test-dir/MiniOzoneClusterImpl-b640deff-6994-498f-92ea-4ac5c972f0d8/datanode-1/meta/webserver/jetty-0_0_0_0-43811-hdds-container-service-1_4_0-SNAPSHOT_jar-_-any-7172638566073536309/webapp/,AVAILABLE}{jar:file:/home/runner/.m2/repository/org/apache/ozone/hdds-container-service/1.4.0-SNAPSHOT/hdds-container-service-1.4.0-SNAPSHOT.jar!/webapps/hddsDatanode}
2023-04-22 02:18:08,785 [Listener at 127.0.0.1/41793] INFO  server.AbstractConnector (AbstractConnector.java:doStart(333)) - Started ServerConnector@196d2b30{HTTP/1.1, (http/1.1)}{0.0.0.0:43811}
2023-04-22 02:18:08,788 [Listener at 127.0.0.1/41793] INFO  server.Server (Server.java:doStart(415)) - Started @8438ms
2023-04-22 02:18:08,788 [Listener at 127.0.0.1/41793] WARN  impl.MetricsSystemImpl (MetricsSystemImpl.java:register(279)) - Sink prometheus already exists!
2023-04-22 02:18:08,789 [Listener at 127.0.0.1/41793] INFO  http.BaseHttpServer (BaseHttpServer.java:updateConnectorAddress(344)) - HTTP server of hddsDatanode listening at http://0.0.0.0:43811
2023-04-22 02:18:08,789 [Listener at 127.0.0.1/41793] WARN  impl.MetricRegistriesImpl (MetricRegistriesImpl.java:addReporterRegistration(111)) - New reporters are added after registries were created. Some metrics will be missing from the reporter. Please add reporter before adding any new registry.
2023-04-22 02:18:08,790 [Listener at 127.0.0.1/41793] WARN  impl.MetricRegistriesImpl (MetricRegistriesImpl.java:addReporterRegistration(111)) - New reporters are added after registries were created. Some metrics will be missing from the reporter. Please add reporter before adding any new registry.
2023-04-22 02:18:08,790 [Listener at 127.0.0.1/41793] INFO  impl.MetricsSystemImpl (MetricsSystemImpl.java:init(158)) - HddsDatanode metrics system started (again)
2023-04-22 02:18:08,792 [Datanode State Machine Daemon Thread] INFO  statemachine.DatanodeStateMachine (DatanodeStateMachine.java:lambda$startDaemon$0(517)) - Ozone container server started.
2023-04-22 02:18:08,801 [Listener at 127.0.0.1/41793] INFO  ozone.HddsDatanodeService (HddsDatanodeService.java:start(252)) - HddsDatanodeService host:fv-az443-428.ap2fcshprsnunfx25e1aelzb4b.cx.internal.cloudapp.net ip:10.1.0.20
2023-04-22 02:18:08,802 [org.apache.hadoop.util.JvmPauseMonitor$Monitor@33fb1917] INFO  util.JvmPauseMonitor (JvmPauseMonitor.java:run(188)) - Starting JVM pause monitor
2023-04-22 02:18:08,816 [Datanode State Machine Task Thread - 0] INFO  datanode.InitDatanodeState (InitDatanodeState.java:persistContainerDatanodeDetails(138)) - DatanodeDetails is persisted to /home/runner/work/ozone/ozone/hadoop-ozone/integration-test/target/test-dir/MiniOzoneClusterImpl-b640deff-6994-498f-92ea-4ac5c972f0d8/datanode-1/meta/datanode.id
2023-04-22 02:18:08,823 [Listener at 127.0.0.1/41793] INFO  upgrade.AbstractLayoutVersionManager (AbstractLayoutVersionManager.java:init(83)) - Initializing Layout version manager with metadata layout = WEBUI_PORTS_IN_DATANODEDETAILS (version = 6), software layout = WEBUI_PORTS_IN_DATANODEDETAILS (version = 6)
2023-04-22 02:18:08,877 [Listener at 127.0.0.1/41793] INFO  reflections.Reflections (Reflections.java:scan(232)) - Reflections took 53 ms to scan 7 urls, producing 156 keys and 369 values 
2023-04-22 02:18:08,880 [Listener at 127.0.0.1/41793] INFO  statemachine.DatanodeStateMachine (DatanodeStateMachine.java:getEndPointTaskThreadPoolSize(260)) - Datanode State Machine Task Thread Pool size 2
2023-04-22 02:18:08,884 [Listener at 127.0.0.1/41793] INFO  volume.HddsVolume (HddsVolume.java:<init>(130)) - Creating HddsVolume: /home/runner/work/ozone/ozone/hadoop-ozone/integration-test/target/test-dir/MiniOzoneClusterImpl-b640deff-6994-498f-92ea-4ac5c972f0d8/datanode-2/data-0/containers/hdds of storage type : DISK capacity : 9223372036854775807
2023-04-22 02:18:08,884 [Listener at 127.0.0.1/41793] INFO  volume.MutableVolumeSet (MutableVolumeSet.java:initializeVolumeSet(175)) - Added Volume : /home/runner/work/ozone/ozone/hadoop-ozone/integration-test/target/test-dir/MiniOzoneClusterImpl-b640deff-6994-498f-92ea-4ac5c972f0d8/datanode-2/data-0/containers/hdds to VolumeSet
2023-04-22 02:18:08,884 [Listener at 127.0.0.1/41793] INFO  volume.ThrottledAsyncChecker (ThrottledAsyncChecker.java:schedule(141)) - Scheduling a check for /home/runner/work/ozone/ozone/hadoop-ozone/integration-test/target/test-dir/MiniOzoneClusterImpl-b640deff-6994-498f-92ea-4ac5c972f0d8/datanode-2/data-0/containers/hdds
2023-04-22 02:18:08,887 [Listener at 127.0.0.1/41793] INFO  volume.StorageVolumeChecker (StorageVolumeChecker.java:checkAllVolumes(202)) - Scheduled health check for volume /home/runner/work/ozone/ozone/hadoop-ozone/integration-test/target/test-dir/MiniOzoneClusterImpl-b640deff-6994-498f-92ea-4ac5c972f0d8/datanode-2/data-0/containers/hdds
2023-04-22 02:18:08,905 [Listener at 127.0.0.1/41793] INFO  volume.MutableVolumeSet (MutableVolumeSet.java:initializeVolumeSet(175)) - Added Volume : /home/runner/work/ozone/ozone/hadoop-ozone/integration-test/target/test-dir/MiniOzoneClusterImpl-b640deff-6994-498f-92ea-4ac5c972f0d8/datanode-2/data/ratis to VolumeSet
2023-04-22 02:18:08,905 [Listener at 127.0.0.1/41793] INFO  volume.ThrottledAsyncChecker (ThrottledAsyncChecker.java:schedule(141)) - Scheduling a check for /home/runner/work/ozone/ozone/hadoop-ozone/integration-test/target/test-dir/MiniOzoneClusterImpl-b640deff-6994-498f-92ea-4ac5c972f0d8/datanode-2/data/ratis
2023-04-22 02:18:08,905 [Listener at 127.0.0.1/41793] INFO  volume.StorageVolumeChecker (StorageVolumeChecker.java:checkAllVolumes(202)) - Scheduled health check for volume /home/runner/work/ozone/ozone/hadoop-ozone/integration-test/target/test-dir/MiniOzoneClusterImpl-b640deff-6994-498f-92ea-4ac5c972f0d8/datanode-2/data/ratis
2023-04-22 02:18:08,916 [Thread-169] INFO  ozoneimpl.ContainerReader (ContainerReader.java:readVolume(175)) - Finish verifying containers on volume /home/runner/work/ozone/ozone/hadoop-ozone/integration-test/target/test-dir/MiniOzoneClusterImpl-b640deff-6994-498f-92ea-4ac5c972f0d8/datanode-2/data-0/containers/hdds
2023-04-22 02:18:08,917 [Listener at 127.0.0.1/41793] INFO  ozoneimpl.OzoneContainer (OzoneContainer.java:buildContainerSet(303)) - Build ContainerSet costs 0s
2023-04-22 02:18:08,920 [Listener at 127.0.0.1/41793] INFO  server.RaftServer (ConfUtils.java:logGet(46)) - raft.rpc.type = GRPC (default)
2023-04-22 02:18:08,920 [Listener at 127.0.0.1/41793] INFO  grpc.GrpcConfigKeys (ConfUtils.java:logFallback(53)) - raft.grpc.admin.host = null (fallback to raft.grpc.server.host)
2023-04-22 02:18:08,921 [Listener at 127.0.0.1/41793] INFO  grpc.GrpcConfigKeys (ConfUtils.java:logGet(46)) - raft.grpc.admin.port = 0 (custom)
2023-04-22 02:18:08,921 [Listener at 127.0.0.1/41793] INFO  grpc.GrpcConfigKeys (ConfUtils.java:logFallback(53)) - raft.grpc.client.host = null (fallback to raft.grpc.server.host)
2023-04-22 02:18:08,921 [Listener at 127.0.0.1/41793] INFO  grpc.GrpcConfigKeys (ConfUtils.java:logGet(46)) - raft.grpc.client.port = 0 (custom)
2023-04-22 02:18:08,921 [Listener at 127.0.0.1/41793] INFO  grpc.GrpcConfigKeys (ConfUtils.java:logGet(46)) - raft.grpc.server.host = null (default)
2023-04-22 02:18:08,921 [Listener at 127.0.0.1/41793] INFO  grpc.GrpcConfigKeys (ConfUtils.java:logGet(46)) - raft.grpc.server.port = 0 (default)
2023-04-22 02:18:08,921 [Listener at 127.0.0.1/41793] INFO  server.GrpcService (ConfUtils.java:logGet(46)) - raft.grpc.message.size.max = 32MB (=33554432) (custom)
2023-04-22 02:18:08,921 [Listener at 127.0.0.1/41793] INFO  server.RaftServerConfigKeys (ConfUtils.java:logGet(46)) - raft.server.log.appender.buffer.byte-limit = 33554432 (custom)
2023-04-22 02:18:08,921 [Listener at 127.0.0.1/41793] INFO  server.GrpcService (ConfUtils.java:logGet(46)) - raft.grpc.flow.control.window = 5MB (=5242880) (custom)
2023-04-22 02:18:08,922 [Listener at 127.0.0.1/41793] INFO  server.RaftServerConfigKeys (ConfUtils.java:logGet(46)) - raft.server.rpc.request.timeout = 3000ms (default)
2023-04-22 02:18:08,922 [Listener at 127.0.0.1/41793] INFO  grpc.GrpcConfigKeys (ConfUtils.java:logGet(46)) - raft.grpc.server.heartbeat.channel = true (default)
2023-04-22 02:18:08,922 [Listener at 127.0.0.1/41793] INFO  grpc.GrpcConfigKeys (ConfUtils.java:logGet(46)) - raft.grpc.server.async.request.thread.pool.cached = true (default)
2023-04-22 02:18:08,922 [Listener at 127.0.0.1/41793] INFO  grpc.GrpcConfigKeys (ConfUtils.java:logGet(46)) - raft.grpc.server.async.request.thread.pool.size = 32 (default)
2023-04-22 02:18:08,923 [Listener at 127.0.0.1/41793] INFO  impl.DataStreamServerImpl (ConfUtils.java:logGet(46)) - raft.datastream.type = NETTY (custom)
2023-04-22 02:18:08,929 [Listener at 127.0.0.1/41793] INFO  server.RaftServerConfigKeys (ConfUtils.java:logGet(46)) - raft.server.data-stream.async.request.thread.pool.cached = false (default)
2023-04-22 02:18:08,929 [Listener at 127.0.0.1/41793] INFO  server.RaftServerConfigKeys (ConfUtils.java:logGet(46)) - raft.server.data-stream.async.request.thread.pool.size = 20 (custom)
2023-04-22 02:18:08,929 [Listener at 127.0.0.1/41793] INFO  server.RaftServerConfigKeys (ConfUtils.java:logGet(46)) - raft.server.data-stream.async.write.thread.pool.size = 16 (default)
2023-04-22 02:18:08,929 [Listener at 127.0.0.1/41793] INFO  server.RaftServerConfigKeys (ConfUtils.java:logGet(46)) - raft.server.data-stream.client.pool.size = 10 (default)
2023-04-22 02:18:08,929 [Listener at 127.0.0.1/41793] INFO  netty.NettyConfigKeys$DataStream (ConfUtils.java:logGet(46)) - raft.netty.dataStream.server.use-epoll = false (default)
2023-04-22 02:18:08,929 [Listener at 127.0.0.1/41793] INFO  netty.NettyConfigKeys$DataStream (ConfUtils.java:logGet(46)) - raft.netty.dataStream.server.boss-group.size = 0 (default)
2023-04-22 02:18:08,930 [Listener at 127.0.0.1/41793] INFO  netty.NettyConfigKeys$DataStream (ConfUtils.java:logGet(46)) - raft.netty.dataStream.server.worker-group.size = 0 (default)
2023-04-22 02:18:08,930 [Listener at 127.0.0.1/41793] INFO  netty.NettyConfigKeys$DataStream (ConfUtils.java:logGet(46)) - raft.netty.dataStream.server.tls.conf = null (default)
2023-04-22 02:18:08,931 [Listener at 127.0.0.1/41793] INFO  netty.NettyConfigKeys$DataStream (ConfUtils.java:logGet(46)) - raft.netty.dataStream.host = null (default)
2023-04-22 02:18:08,931 [Listener at 127.0.0.1/41793] INFO  netty.NettyConfigKeys$DataStream (ConfUtils.java:logGet(46)) - raft.netty.dataStream.port = 0 (default)
2023-04-22 02:18:08,931 [Listener at 127.0.0.1/41793] INFO  server.RaftServerConfigKeys (ConfUtils.java:logGet(46)) - raft.server.threadpool.proxy.cached = true (default)
2023-04-22 02:18:08,932 [Listener at 127.0.0.1/41793] INFO  server.RaftServerConfigKeys (ConfUtils.java:logGet(46)) - raft.server.threadpool.proxy.size = 0 (default)
2023-04-22 02:18:08,932 [Listener at 127.0.0.1/41793] INFO  server.RaftServerConfigKeys (ConfUtils.java:logGet(46)) - raft.server.rpc.slowness.timeout = 300000ms (custom)
2023-04-22 02:18:08,932 [Listener at 127.0.0.1/41793] INFO  server.RaftServerConfigKeys (ConfUtils.java:logGet(46)) - raft.server.leaderelection.leader.step-down.wait-time = 10s (default)
2023-04-22 02:18:08,932 [Listener at 127.0.0.1/41793] INFO  server.RaftServerConfigKeys (ConfUtils.java:logGet(46)) - raft.server.storage.dir = [/home/runner/work/ozone/ozone/hadoop-ozone/integration-test/target/test-dir/MiniOzoneClusterImpl-b640deff-6994-498f-92ea-4ac5c972f0d8/datanode-2/data/ratis] (custom)
2023-04-22 02:18:08,933 [6aaf5ca8-0737-4296-ba95-7f0e9402c55b-NettyServerStreamRpc-bossGroup--thread1] INFO  logging.LoggingHandler (AbstractInternalLogger.java:log(148)) - [id: 0xb31f234d] REGISTERED
2023-04-22 02:18:08,934 [6aaf5ca8-0737-4296-ba95-7f0e9402c55b-NettyServerStreamRpc-bossGroup--thread1] INFO  logging.LoggingHandler (AbstractInternalLogger.java:log(148)) - [id: 0xb31f234d] BIND: 0.0.0.0/0.0.0.0:0
2023-04-22 02:18:08,934 [6aaf5ca8-0737-4296-ba95-7f0e9402c55b-NettyServerStreamRpc-bossGroup--thread1] INFO  logging.LoggingHandler (AbstractInternalLogger.java:log(148)) - [id: 0xb31f234d, L:/0:0:0:0:0:0:0:0:33711] ACTIVE
2023-04-22 02:18:08,936 [Listener at 127.0.0.1/41793] INFO  server.XceiverServerGrpc (XceiverServerGrpc.java:<init>(132)) - GrpcServer channel type EpollServerSocketChannel
2023-04-22 02:18:08,939 [Listener at 127.0.0.1/41793] INFO  http.BaseHttpServer (BaseHttpServer.java:newHttpServer2BuilderForOzone(224)) - Starting Web-server for hddsDatanode at: http://0.0.0.0:0
2023-04-22 02:18:08,939 [Listener at 127.0.0.1/41793] INFO  http.BaseHttpServer (BaseHttpServer.java:<init>(111)) - Hadoop Security Enabled: false Ozone Security Enabled: false Ozone HTTP Security Enabled: false 
2023-04-22 02:18:08,941 [Listener at 127.0.0.1/41793] WARN  server.AuthenticationFilter (AuthenticationFilter.java:constructSecretProvider(240)) - Unable to initialize FileSignerSecretProvider, falling back to use random secrets. Reason: Could not read signature secret file: /home/runner/hadoop-http-auth-signature-secret
2023-04-22 02:18:08,946 [Listener at 127.0.0.1/41793] INFO  http.HttpRequestLog (HttpRequestLog.java:getRequestLog(86)) - Http request log for http.requests.hddsDatanode is not defined
2023-04-22 02:18:08,948 [Listener at 127.0.0.1/41793] INFO  http.HttpServer2 (HttpServer2.java:addGlobalFilter(1031)) - Added global filter 'safety' (class=org.apache.hadoop.hdds.server.http.HttpServer2$QuotingInputFilter)
2023-04-22 02:18:08,949 [Listener at 127.0.0.1/41793] INFO  http.HttpServer2 (HttpServer2.java:addFilter(1007)) - Added filter static_user_filter (class=org.apache.hadoop.http.lib.StaticUserWebFilter$StaticUserFilter) to context hddsDatanode
2023-04-22 02:18:08,949 [Listener at 127.0.0.1/41793] INFO  http.HttpServer2 (HttpServer2.java:addFilter(1015)) - Added filter static_user_filter (class=org.apache.hadoop.http.lib.StaticUserWebFilter$StaticUserFilter) to context logs
2023-04-22 02:18:08,949 [Listener at 127.0.0.1/41793] INFO  http.HttpServer2 (HttpServer2.java:addFilter(1015)) - Added filter static_user_filter (class=org.apache.hadoop.http.lib.StaticUserWebFilter$StaticUserFilter) to context static
2023-04-22 02:18:08,950 [Listener at 127.0.0.1/41793] INFO  http.BaseHttpServer (BaseHttpServer.java:<init>(190)) - HTTP server of hddsDatanode uses base directory /home/runner/work/ozone/ozone/hadoop-ozone/integration-test/target/test-dir/MiniOzoneClusterImpl-b640deff-6994-498f-92ea-4ac5c972f0d8/datanode-2/meta/webserver
2023-04-22 02:18:08,950 [Listener at 127.0.0.1/41793] INFO  http.HttpServer2 (HttpServer2.java:bindListener(1250)) - Jetty bound to port 39281
2023-04-22 02:18:08,950 [Listener at 127.0.0.1/41793] INFO  server.Server (Server.java:doStart(375)) - jetty-9.4.51.v20230217; built: 2023-02-17T08:19:37.309Z; git: b45c405e4544384de066f814ed42ae3dceacdd49; jvm 1.8.0_362-b09
2023-04-22 02:18:08,961 [Listener at 127.0.0.1/41793] INFO  server.session (DefaultSessionIdManager.java:doStart(334)) - DefaultSessionIdManager workerName=node0
2023-04-22 02:18:08,961 [Listener at 127.0.0.1/41793] INFO  server.session (DefaultSessionIdManager.java:doStart(339)) - No SessionScavenger set, using defaults
2023-04-22 02:18:08,961 [Listener at 127.0.0.1/41793] INFO  server.session (HouseKeeper.java:startScavenging(132)) - node0 Scavenging every 600000ms
2023-04-22 02:18:08,962 [Listener at 127.0.0.1/41793] INFO  handler.ContextHandler (ContextHandler.java:doStart(921)) - Started o.e.j.s.ServletContextHandler@1b2c756a{logs,/logs,file:///home/runner/work/ozone/ozone/hadoop-ozone/integration-test/target/log,AVAILABLE}
2023-04-22 02:18:08,963 [Listener at 127.0.0.1/41793] INFO  handler.ContextHandler (ContextHandler.java:doStart(921)) - Started o.e.j.s.ServletContextHandler@425de255{static,/static,jar:file:/home/runner/.m2/repository/org/apache/ozone/hdds-container-service/1.4.0-SNAPSHOT/hdds-container-service-1.4.0-SNAPSHOT.jar!/webapps/static,AVAILABLE}
2023-04-22 02:18:09,164 [Listener at 127.0.0.1/41793] INFO  handler.ContextHandler (ContextHandler.java:doStart(921)) - Started o.e.j.w.WebAppContext@ae1e520{hddsDatanode,/,file:///home/runner/work/ozone/ozone/hadoop-ozone/integration-test/target/test-dir/MiniOzoneClusterImpl-b640deff-6994-498f-92ea-4ac5c972f0d8/datanode-2/meta/webserver/jetty-0_0_0_0-39281-hdds-container-service-1_4_0-SNAPSHOT_jar-_-any-6341561843851084601/webapp/,AVAILABLE}{jar:file:/home/runner/.m2/repository/org/apache/ozone/hdds-container-service/1.4.0-SNAPSHOT/hdds-container-service-1.4.0-SNAPSHOT.jar!/webapps/hddsDatanode}
2023-04-22 02:18:09,167 [Listener at 127.0.0.1/41793] INFO  server.AbstractConnector (AbstractConnector.java:doStart(333)) - Started ServerConnector@29d52661{HTTP/1.1, (http/1.1)}{0.0.0.0:39281}
2023-04-22 02:18:09,167 [Listener at 127.0.0.1/41793] INFO  server.Server (Server.java:doStart(415)) - Started @8817ms
2023-04-22 02:18:09,167 [Listener at 127.0.0.1/41793] WARN  impl.MetricsSystemImpl (MetricsSystemImpl.java:register(279)) - Sink prometheus already exists!
2023-04-22 02:18:09,168 [Listener at 127.0.0.1/41793] INFO  http.BaseHttpServer (BaseHttpServer.java:updateConnectorAddress(344)) - HTTP server of hddsDatanode listening at http://0.0.0.0:39281
2023-04-22 02:18:09,171 [Listener at 127.0.0.1/41793] WARN  impl.MetricRegistriesImpl (MetricRegistriesImpl.java:addReporterRegistration(111)) - New reporters are added after registries were created. Some metrics will be missing from the reporter. Please add reporter before adding any new registry.
2023-04-22 02:18:09,171 [Listener at 127.0.0.1/41793] WARN  impl.MetricRegistriesImpl (MetricRegistriesImpl.java:addReporterRegistration(111)) - New reporters are added after registries were created. Some metrics will be missing from the reporter. Please add reporter before adding any new registry.
2023-04-22 02:18:09,171 [Listener at 127.0.0.1/41793] INFO  impl.MetricsSystemImpl (MetricsSystemImpl.java:init(158)) - HddsDatanode metrics system started (again)
2023-04-22 02:18:09,175 [Datanode State Machine Daemon Thread] INFO  statemachine.DatanodeStateMachine (DatanodeStateMachine.java:lambda$startDaemon$0(517)) - Ozone container server started.
2023-04-22 02:18:09,187 [org.apache.hadoop.util.JvmPauseMonitor$Monitor@644c4c64] INFO  util.JvmPauseMonitor (JvmPauseMonitor.java:run(188)) - Starting JVM pause monitor
2023-04-22 02:18:09,197 [Datanode State Machine Task Thread - 0] INFO  datanode.InitDatanodeState (InitDatanodeState.java:persistContainerDatanodeDetails(138)) - DatanodeDetails is persisted to /home/runner/work/ozone/ozone/hadoop-ozone/integration-test/target/test-dir/MiniOzoneClusterImpl-b640deff-6994-498f-92ea-4ac5c972f0d8/datanode-2/meta/datanode.id
2023-04-22 02:18:09,198 [Listener at 127.0.0.1/41793] INFO  ozone.HddsDatanodeService (HddsDatanodeService.java:start(252)) - HddsDatanodeService host:fv-az443-428.ap2fcshprsnunfx25e1aelzb4b.cx.internal.cloudapp.net ip:10.1.0.20
2023-04-22 02:18:09,215 [Listener at 127.0.0.1/41793] INFO  upgrade.AbstractLayoutVersionManager (AbstractLayoutVersionManager.java:init(83)) - Initializing Layout version manager with metadata layout = WEBUI_PORTS_IN_DATANODEDETAILS (version = 6), software layout = WEBUI_PORTS_IN_DATANODEDETAILS (version = 6)
2023-04-22 02:18:09,265 [Listener at 127.0.0.1/41793] INFO  reflections.Reflections (Reflections.java:scan(232)) - Reflections took 49 ms to scan 7 urls, producing 156 keys and 369 values 
2023-04-22 02:18:09,266 [Listener at 127.0.0.1/41793] INFO  statemachine.DatanodeStateMachine (DatanodeStateMachine.java:getEndPointTaskThreadPoolSize(260)) - Datanode State Machine Task Thread Pool size 2
2023-04-22 02:18:09,273 [Listener at 127.0.0.1/41793] INFO  volume.HddsVolume (HddsVolume.java:<init>(130)) - Creating HddsVolume: /home/runner/work/ozone/ozone/hadoop-ozone/integration-test/target/test-dir/MiniOzoneClusterImpl-b640deff-6994-498f-92ea-4ac5c972f0d8/datanode-3/data-0/containers/hdds of storage type : DISK capacity : 9223372036854775807
2023-04-22 02:18:09,273 [Listener at 127.0.0.1/41793] INFO  volume.MutableVolumeSet (MutableVolumeSet.java:initializeVolumeSet(175)) - Added Volume : /home/runner/work/ozone/ozone/hadoop-ozone/integration-test/target/test-dir/MiniOzoneClusterImpl-b640deff-6994-498f-92ea-4ac5c972f0d8/datanode-3/data-0/containers/hdds to VolumeSet
2023-04-22 02:18:09,274 [Listener at 127.0.0.1/41793] INFO  volume.ThrottledAsyncChecker (ThrottledAsyncChecker.java:schedule(141)) - Scheduling a check for /home/runner/work/ozone/ozone/hadoop-ozone/integration-test/target/test-dir/MiniOzoneClusterImpl-b640deff-6994-498f-92ea-4ac5c972f0d8/datanode-3/data-0/containers/hdds
2023-04-22 02:18:09,274 [Listener at 127.0.0.1/41793] INFO  volume.StorageVolumeChecker (StorageVolumeChecker.java:checkAllVolumes(202)) - Scheduled health check for volume /home/runner/work/ozone/ozone/hadoop-ozone/integration-test/target/test-dir/MiniOzoneClusterImpl-b640deff-6994-498f-92ea-4ac5c972f0d8/datanode-3/data-0/containers/hdds
2023-04-22 02:18:09,285 [Listener at 127.0.0.1/41793] INFO  volume.MutableVolumeSet (MutableVolumeSet.java:initializeVolumeSet(175)) - Added Volume : /home/runner/work/ozone/ozone/hadoop-ozone/integration-test/target/test-dir/MiniOzoneClusterImpl-b640deff-6994-498f-92ea-4ac5c972f0d8/datanode-3/data/ratis to VolumeSet
2023-04-22 02:18:09,286 [Listener at 127.0.0.1/41793] INFO  volume.ThrottledAsyncChecker (ThrottledAsyncChecker.java:schedule(141)) - Scheduling a check for /home/runner/work/ozone/ozone/hadoop-ozone/integration-test/target/test-dir/MiniOzoneClusterImpl-b640deff-6994-498f-92ea-4ac5c972f0d8/datanode-3/data/ratis
2023-04-22 02:18:09,286 [Listener at 127.0.0.1/41793] INFO  volume.StorageVolumeChecker (StorageVolumeChecker.java:checkAllVolumes(202)) - Scheduled health check for volume /home/runner/work/ozone/ozone/hadoop-ozone/integration-test/target/test-dir/MiniOzoneClusterImpl-b640deff-6994-498f-92ea-4ac5c972f0d8/datanode-3/data/ratis
2023-04-22 02:18:09,297 [Thread-183] INFO  ozoneimpl.ContainerReader (ContainerReader.java:readVolume(175)) - Finish verifying containers on volume /home/runner/work/ozone/ozone/hadoop-ozone/integration-test/target/test-dir/MiniOzoneClusterImpl-b640deff-6994-498f-92ea-4ac5c972f0d8/datanode-3/data-0/containers/hdds
2023-04-22 02:18:09,297 [Listener at 127.0.0.1/41793] INFO  ozoneimpl.OzoneContainer (OzoneContainer.java:buildContainerSet(303)) - Build ContainerSet costs 0s
2023-04-22 02:18:09,300 [Listener at 127.0.0.1/41793] INFO  server.RaftServer (ConfUtils.java:logGet(46)) - raft.rpc.type = GRPC (default)
2023-04-22 02:18:09,300 [Listener at 127.0.0.1/41793] INFO  grpc.GrpcConfigKeys (ConfUtils.java:logFallback(53)) - raft.grpc.admin.host = null (fallback to raft.grpc.server.host)
2023-04-22 02:18:09,300 [Listener at 127.0.0.1/41793] INFO  grpc.GrpcConfigKeys (ConfUtils.java:logGet(46)) - raft.grpc.admin.port = 0 (custom)
2023-04-22 02:18:09,300 [Listener at 127.0.0.1/41793] INFO  grpc.GrpcConfigKeys (ConfUtils.java:logFallback(53)) - raft.grpc.client.host = null (fallback to raft.grpc.server.host)
2023-04-22 02:18:09,301 [Listener at 127.0.0.1/41793] INFO  grpc.GrpcConfigKeys (ConfUtils.java:logGet(46)) - raft.grpc.client.port = 0 (custom)
2023-04-22 02:18:09,301 [Listener at 127.0.0.1/41793] INFO  grpc.GrpcConfigKeys (ConfUtils.java:logGet(46)) - raft.grpc.server.host = null (default)
2023-04-22 02:18:09,301 [Listener at 127.0.0.1/41793] INFO  grpc.GrpcConfigKeys (ConfUtils.java:logGet(46)) - raft.grpc.server.port = 0 (default)
2023-04-22 02:18:09,301 [Listener at 127.0.0.1/41793] INFO  server.GrpcService (ConfUtils.java:logGet(46)) - raft.grpc.message.size.max = 32MB (=33554432) (custom)
2023-04-22 02:18:09,301 [Listener at 127.0.0.1/41793] INFO  server.RaftServerConfigKeys (ConfUtils.java:logGet(46)) - raft.server.log.appender.buffer.byte-limit = 33554432 (custom)
2023-04-22 02:18:09,301 [Listener at 127.0.0.1/41793] INFO  server.GrpcService (ConfUtils.java:logGet(46)) - raft.grpc.flow.control.window = 5MB (=5242880) (custom)
2023-04-22 02:18:09,301 [Listener at 127.0.0.1/41793] INFO  server.RaftServerConfigKeys (ConfUtils.java:logGet(46)) - raft.server.rpc.request.timeout = 3000ms (default)
2023-04-22 02:18:09,301 [Listener at 127.0.0.1/41793] INFO  grpc.GrpcConfigKeys (ConfUtils.java:logGet(46)) - raft.grpc.server.heartbeat.channel = true (default)
2023-04-22 02:18:09,302 [Listener at 127.0.0.1/41793] INFO  grpc.GrpcConfigKeys (ConfUtils.java:logGet(46)) - raft.grpc.server.async.request.thread.pool.cached = true (default)
2023-04-22 02:18:09,302 [Listener at 127.0.0.1/41793] INFO  grpc.GrpcConfigKeys (ConfUtils.java:logGet(46)) - raft.grpc.server.async.request.thread.pool.size = 32 (default)
2023-04-22 02:18:09,303 [Listener at 127.0.0.1/41793] INFO  impl.DataStreamServerImpl (ConfUtils.java:logGet(46)) - raft.datastream.type = NETTY (custom)
2023-04-22 02:18:09,303 [Listener at 127.0.0.1/41793] INFO  server.RaftServerConfigKeys (ConfUtils.java:logGet(46)) - raft.server.data-stream.async.request.thread.pool.cached = false (default)
2023-04-22 02:18:09,303 [Listener at 127.0.0.1/41793] INFO  server.RaftServerConfigKeys (ConfUtils.java:logGet(46)) - raft.server.data-stream.async.request.thread.pool.size = 20 (custom)
2023-04-22 02:18:09,303 [Listener at 127.0.0.1/41793] INFO  server.RaftServerConfigKeys (ConfUtils.java:logGet(46)) - raft.server.data-stream.async.write.thread.pool.size = 16 (default)
2023-04-22 02:18:09,304 [Listener at 127.0.0.1/41793] INFO  server.RaftServerConfigKeys (ConfUtils.java:logGet(46)) - raft.server.data-stream.client.pool.size = 10 (default)
2023-04-22 02:18:09,304 [Listener at 127.0.0.1/41793] INFO  netty.NettyConfigKeys$DataStream (ConfUtils.java:logGet(46)) - raft.netty.dataStream.server.use-epoll = false (default)
2023-04-22 02:18:09,304 [Listener at 127.0.0.1/41793] INFO  netty.NettyConfigKeys$DataStream (ConfUtils.java:logGet(46)) - raft.netty.dataStream.server.boss-group.size = 0 (default)
2023-04-22 02:18:09,304 [Listener at 127.0.0.1/41793] INFO  netty.NettyConfigKeys$DataStream (ConfUtils.java:logGet(46)) - raft.netty.dataStream.server.worker-group.size = 0 (default)
2023-04-22 02:18:09,305 [Listener at 127.0.0.1/41793] INFO  netty.NettyConfigKeys$DataStream (ConfUtils.java:logGet(46)) - raft.netty.dataStream.server.tls.conf = null (default)
2023-04-22 02:18:09,305 [Listener at 127.0.0.1/41793] INFO  netty.NettyConfigKeys$DataStream (ConfUtils.java:logGet(46)) - raft.netty.dataStream.host = null (default)
2023-04-22 02:18:09,305 [Listener at 127.0.0.1/41793] INFO  netty.NettyConfigKeys$DataStream (ConfUtils.java:logGet(46)) - raft.netty.dataStream.port = 0 (default)
2023-04-22 02:18:09,305 [Listener at 127.0.0.1/41793] INFO  server.RaftServerConfigKeys (ConfUtils.java:logGet(46)) - raft.server.threadpool.proxy.cached = true (default)
2023-04-22 02:18:09,305 [Listener at 127.0.0.1/41793] INFO  server.RaftServerConfigKeys (ConfUtils.java:logGet(46)) - raft.server.threadpool.proxy.size = 0 (default)
2023-04-22 02:18:09,306 [Listener at 127.0.0.1/41793] INFO  server.RaftServerConfigKeys (ConfUtils.java:logGet(46)) - raft.server.rpc.slowness.timeout = 300000ms (custom)
2023-04-22 02:18:09,306 [Listener at 127.0.0.1/41793] INFO  server.RaftServerConfigKeys (ConfUtils.java:logGet(46)) - raft.server.leaderelection.leader.step-down.wait-time = 10s (default)
2023-04-22 02:18:09,306 [Listener at 127.0.0.1/41793] INFO  server.RaftServerConfigKeys (ConfUtils.java:logGet(46)) - raft.server.storage.dir = [/home/runner/work/ozone/ozone/hadoop-ozone/integration-test/target/test-dir/MiniOzoneClusterImpl-b640deff-6994-498f-92ea-4ac5c972f0d8/datanode-3/data/ratis] (custom)
2023-04-22 02:18:09,307 [1fa0605c-c70f-40a8-a13c-0f797dcff94f-NettyServerStreamRpc-bossGroup--thread1] INFO  logging.LoggingHandler (AbstractInternalLogger.java:log(148)) - [id: 0x1a17205b] REGISTERED
2023-04-22 02:18:09,307 [1fa0605c-c70f-40a8-a13c-0f797dcff94f-NettyServerStreamRpc-bossGroup--thread1] INFO  logging.LoggingHandler (AbstractInternalLogger.java:log(148)) - [id: 0x1a17205b] BIND: 0.0.0.0/0.0.0.0:0
2023-04-22 02:18:09,308 [1fa0605c-c70f-40a8-a13c-0f797dcff94f-NettyServerStreamRpc-bossGroup--thread1] INFO  logging.LoggingHandler (AbstractInternalLogger.java:log(148)) - [id: 0x1a17205b, L:/0:0:0:0:0:0:0:0:37951] ACTIVE
2023-04-22 02:18:09,309 [Listener at 127.0.0.1/41793] INFO  server.XceiverServerGrpc (XceiverServerGrpc.java:<init>(132)) - GrpcServer channel type EpollServerSocketChannel
2023-04-22 02:18:09,315 [Listener at 127.0.0.1/41793] INFO  http.BaseHttpServer (BaseHttpServer.java:newHttpServer2BuilderForOzone(224)) - Starting Web-server for hddsDatanode at: http://0.0.0.0:0
2023-04-22 02:18:09,316 [Listener at 127.0.0.1/41793] INFO  http.BaseHttpServer (BaseHttpServer.java:<init>(111)) - Hadoop Security Enabled: false Ozone Security Enabled: false Ozone HTTP Security Enabled: false 
2023-04-22 02:18:09,317 [Listener at 127.0.0.1/41793] WARN  server.AuthenticationFilter (AuthenticationFilter.java:constructSecretProvider(240)) - Unable to initialize FileSignerSecretProvider, falling back to use random secrets. Reason: Could not read signature secret file: /home/runner/hadoop-http-auth-signature-secret
2023-04-22 02:18:09,318 [Listener at 127.0.0.1/41793] INFO  http.HttpRequestLog (HttpRequestLog.java:getRequestLog(86)) - Http request log for http.requests.hddsDatanode is not defined
2023-04-22 02:18:09,320 [Listener at 127.0.0.1/41793] INFO  http.HttpServer2 (HttpServer2.java:addGlobalFilter(1031)) - Added global filter 'safety' (class=org.apache.hadoop.hdds.server.http.HttpServer2$QuotingInputFilter)
2023-04-22 02:18:09,321 [Listener at 127.0.0.1/41793] INFO  http.HttpServer2 (HttpServer2.java:addFilter(1007)) - Added filter static_user_filter (class=org.apache.hadoop.http.lib.StaticUserWebFilter$StaticUserFilter) to context hddsDatanode
2023-04-22 02:18:09,321 [Listener at 127.0.0.1/41793] INFO  http.HttpServer2 (HttpServer2.java:addFilter(1015)) - Added filter static_user_filter (class=org.apache.hadoop.http.lib.StaticUserWebFilter$StaticUserFilter) to context logs
2023-04-22 02:18:09,321 [Listener at 127.0.0.1/41793] INFO  http.HttpServer2 (HttpServer2.java:addFilter(1015)) - Added filter static_user_filter (class=org.apache.hadoop.http.lib.StaticUserWebFilter$StaticUserFilter) to context static
2023-04-22 02:18:09,324 [Listener at 127.0.0.1/41793] INFO  http.BaseHttpServer (BaseHttpServer.java:<init>(190)) - HTTP server of hddsDatanode uses base directory /home/runner/work/ozone/ozone/hadoop-ozone/integration-test/target/test-dir/MiniOzoneClusterImpl-b640deff-6994-498f-92ea-4ac5c972f0d8/datanode-3/meta/webserver
2023-04-22 02:18:09,325 [Listener at 127.0.0.1/41793] INFO  http.HttpServer2 (HttpServer2.java:bindListener(1250)) - Jetty bound to port 45769
2023-04-22 02:18:09,325 [Listener at 127.0.0.1/41793] INFO  server.Server (Server.java:doStart(375)) - jetty-9.4.51.v20230217; built: 2023-02-17T08:19:37.309Z; git: b45c405e4544384de066f814ed42ae3dceacdd49; jvm 1.8.0_362-b09
2023-04-22 02:18:09,326 [Listener at 127.0.0.1/41793] INFO  server.session (DefaultSessionIdManager.java:doStart(334)) - DefaultSessionIdManager workerName=node0
2023-04-22 02:18:09,327 [Listener at 127.0.0.1/41793] INFO  server.session (DefaultSessionIdManager.java:doStart(339)) - No SessionScavenger set, using defaults
2023-04-22 02:18:09,327 [Listener at 127.0.0.1/41793] INFO  server.session (HouseKeeper.java:startScavenging(132)) - node0 Scavenging every 600000ms
2023-04-22 02:18:09,328 [Listener at 127.0.0.1/41793] INFO  handler.ContextHandler (ContextHandler.java:doStart(921)) - Started o.e.j.s.ServletContextHandler@64252544{logs,/logs,file:///home/runner/work/ozone/ozone/hadoop-ozone/integration-test/target/log,AVAILABLE}
2023-04-22 02:18:09,328 [Listener at 127.0.0.1/41793] INFO  handler.ContextHandler (ContextHandler.java:doStart(921)) - Started o.e.j.s.ServletContextHandler@1b4cc473{static,/static,jar:file:/home/runner/.m2/repository/org/apache/ozone/hdds-container-service/1.4.0-SNAPSHOT/hdds-container-service-1.4.0-SNAPSHOT.jar!/webapps/static,AVAILABLE}
2023-04-22 02:18:09,532 [Listener at 127.0.0.1/41793] INFO  handler.ContextHandler (ContextHandler.java:doStart(921)) - Started o.e.j.w.WebAppContext@320075ea{hddsDatanode,/,file:///home/runner/work/ozone/ozone/hadoop-ozone/integration-test/target/test-dir/MiniOzoneClusterImpl-b640deff-6994-498f-92ea-4ac5c972f0d8/datanode-3/meta/webserver/jetty-0_0_0_0-45769-hdds-container-service-1_4_0-SNAPSHOT_jar-_-any-7952896150440613012/webapp/,AVAILABLE}{jar:file:/home/runner/.m2/repository/org/apache/ozone/hdds-container-service/1.4.0-SNAPSHOT/hdds-container-service-1.4.0-SNAPSHOT.jar!/webapps/hddsDatanode}
2023-04-22 02:18:09,533 [Listener at 127.0.0.1/41793] INFO  server.AbstractConnector (AbstractConnector.java:doStart(333)) - Started ServerConnector@17c2d06{HTTP/1.1, (http/1.1)}{0.0.0.0:45769}
2023-04-22 02:18:09,533 [Listener at 127.0.0.1/41793] INFO  server.Server (Server.java:doStart(415)) - Started @9184ms
2023-04-22 02:18:09,534 [Listener at 127.0.0.1/41793] WARN  impl.MetricsSystemImpl (MetricsSystemImpl.java:register(279)) - Sink prometheus already exists!
2023-04-22 02:18:09,534 [Listener at 127.0.0.1/41793] INFO  http.BaseHttpServer (BaseHttpServer.java:updateConnectorAddress(344)) - HTTP server of hddsDatanode listening at http://0.0.0.0:45769
2023-04-22 02:18:09,535 [Datanode State Machine Daemon Thread] INFO  statemachine.DatanodeStateMachine (DatanodeStateMachine.java:lambda$startDaemon$0(517)) - Ozone container server started.
2023-04-22 02:18:09,539 [Listener at 127.0.0.1/41793] WARN  impl.MetricRegistriesImpl (MetricRegistriesImpl.java:addReporterRegistration(111)) - New reporters are added after registries were created. Some metrics will be missing from the reporter. Please add reporter before adding any new registry.
2023-04-22 02:18:09,539 [Listener at 127.0.0.1/41793] WARN  impl.MetricRegistriesImpl (MetricRegistriesImpl.java:addReporterRegistration(111)) - New reporters are added after registries were created. Some metrics will be missing from the reporter. Please add reporter before adding any new registry.
2023-04-22 02:18:09,539 [Listener at 127.0.0.1/41793] INFO  impl.MetricsSystemImpl (MetricsSystemImpl.java:init(158)) - HddsDatanode metrics system started (again)
2023-04-22 02:18:09,544 [org.apache.hadoop.util.JvmPauseMonitor$Monitor@3e6693de] INFO  util.JvmPauseMonitor (JvmPauseMonitor.java:run(188)) - Starting JVM pause monitor
2023-04-22 02:18:09,560 [Datanode State Machine Task Thread - 0] INFO  datanode.InitDatanodeState (InitDatanodeState.java:persistContainerDatanodeDetails(138)) - DatanodeDetails is persisted to /home/runner/work/ozone/ozone/hadoop-ozone/integration-test/target/test-dir/MiniOzoneClusterImpl-b640deff-6994-498f-92ea-4ac5c972f0d8/datanode-3/meta/datanode.id
2023-04-22 02:18:09,562 [Listener at 127.0.0.1/41793] INFO  ozone.HddsDatanodeService (HddsDatanodeService.java:start(252)) - HddsDatanodeService host:fv-az443-428.ap2fcshprsnunfx25e1aelzb4b.cx.internal.cloudapp.net ip:10.1.0.20
2023-04-22 02:18:09,580 [Listener at 127.0.0.1/41793] INFO  upgrade.AbstractLayoutVersionManager (AbstractLayoutVersionManager.java:init(83)) - Initializing Layout version manager with metadata layout = WEBUI_PORTS_IN_DATANODEDETAILS (version = 6), software layout = WEBUI_PORTS_IN_DATANODEDETAILS (version = 6)
2023-04-22 02:18:09,631 [Listener at 127.0.0.1/41793] INFO  reflections.Reflections (Reflections.java:scan(232)) - Reflections took 50 ms to scan 7 urls, producing 156 keys and 369 values 
2023-04-22 02:18:09,633 [Listener at 127.0.0.1/41793] INFO  statemachine.DatanodeStateMachine (DatanodeStateMachine.java:getEndPointTaskThreadPoolSize(260)) - Datanode State Machine Task Thread Pool size 2
2023-04-22 02:18:09,635 [Listener at 127.0.0.1/41793] INFO  volume.HddsVolume (HddsVolume.java:<init>(130)) - Creating HddsVolume: /home/runner/work/ozone/ozone/hadoop-ozone/integration-test/target/test-dir/MiniOzoneClusterImpl-b640deff-6994-498f-92ea-4ac5c972f0d8/datanode-4/data-0/containers/hdds of storage type : DISK capacity : 9223372036854775807
2023-04-22 02:18:09,635 [Listener at 127.0.0.1/41793] INFO  volume.MutableVolumeSet (MutableVolumeSet.java:initializeVolumeSet(175)) - Added Volume : /home/runner/work/ozone/ozone/hadoop-ozone/integration-test/target/test-dir/MiniOzoneClusterImpl-b640deff-6994-498f-92ea-4ac5c972f0d8/datanode-4/data-0/containers/hdds to VolumeSet
2023-04-22 02:18:09,635 [Listener at 127.0.0.1/41793] INFO  volume.ThrottledAsyncChecker (ThrottledAsyncChecker.java:schedule(141)) - Scheduling a check for /home/runner/work/ozone/ozone/hadoop-ozone/integration-test/target/test-dir/MiniOzoneClusterImpl-b640deff-6994-498f-92ea-4ac5c972f0d8/datanode-4/data-0/containers/hdds
2023-04-22 02:18:09,636 [Listener at 127.0.0.1/41793] INFO  volume.StorageVolumeChecker (StorageVolumeChecker.java:checkAllVolumes(202)) - Scheduled health check for volume /home/runner/work/ozone/ozone/hadoop-ozone/integration-test/target/test-dir/MiniOzoneClusterImpl-b640deff-6994-498f-92ea-4ac5c972f0d8/datanode-4/data-0/containers/hdds
2023-04-22 02:18:09,648 [Listener at 127.0.0.1/41793] INFO  volume.MutableVolumeSet (MutableVolumeSet.java:initializeVolumeSet(175)) - Added Volume : /home/runner/work/ozone/ozone/hadoop-ozone/integration-test/target/test-dir/MiniOzoneClusterImpl-b640deff-6994-498f-92ea-4ac5c972f0d8/datanode-4/data/ratis to VolumeSet
2023-04-22 02:18:09,648 [Listener at 127.0.0.1/41793] INFO  volume.ThrottledAsyncChecker (ThrottledAsyncChecker.java:schedule(141)) - Scheduling a check for /home/runner/work/ozone/ozone/hadoop-ozone/integration-test/target/test-dir/MiniOzoneClusterImpl-b640deff-6994-498f-92ea-4ac5c972f0d8/datanode-4/data/ratis
2023-04-22 02:18:09,648 [Listener at 127.0.0.1/41793] INFO  volume.StorageVolumeChecker (StorageVolumeChecker.java:checkAllVolumes(202)) - Scheduled health check for volume /home/runner/work/ozone/ozone/hadoop-ozone/integration-test/target/test-dir/MiniOzoneClusterImpl-b640deff-6994-498f-92ea-4ac5c972f0d8/datanode-4/data/ratis
2023-04-22 02:18:09,660 [Thread-197] INFO  ozoneimpl.ContainerReader (ContainerReader.java:readVolume(175)) - Finish verifying containers on volume /home/runner/work/ozone/ozone/hadoop-ozone/integration-test/target/test-dir/MiniOzoneClusterImpl-b640deff-6994-498f-92ea-4ac5c972f0d8/datanode-4/data-0/containers/hdds
2023-04-22 02:18:09,661 [Listener at 127.0.0.1/41793] INFO  ozoneimpl.OzoneContainer (OzoneContainer.java:buildContainerSet(303)) - Build ContainerSet costs 0s
2023-04-22 02:18:09,665 [Listener at 127.0.0.1/41793] INFO  server.RaftServer (ConfUtils.java:logGet(46)) - raft.rpc.type = GRPC (default)
2023-04-22 02:18:09,665 [Listener at 127.0.0.1/41793] INFO  grpc.GrpcConfigKeys (ConfUtils.java:logFallback(53)) - raft.grpc.admin.host = null (fallback to raft.grpc.server.host)
2023-04-22 02:18:09,665 [Listener at 127.0.0.1/41793] INFO  grpc.GrpcConfigKeys (ConfUtils.java:logGet(46)) - raft.grpc.admin.port = 0 (custom)
2023-04-22 02:18:09,665 [Listener at 127.0.0.1/41793] INFO  grpc.GrpcConfigKeys (ConfUtils.java:logFallback(53)) - raft.grpc.client.host = null (fallback to raft.grpc.server.host)
2023-04-22 02:18:09,665 [Listener at 127.0.0.1/41793] INFO  grpc.GrpcConfigKeys (ConfUtils.java:logGet(46)) - raft.grpc.client.port = 0 (custom)
2023-04-22 02:18:09,666 [Listener at 127.0.0.1/41793] INFO  grpc.GrpcConfigKeys (ConfUtils.java:logGet(46)) - raft.grpc.server.host = null (default)
2023-04-22 02:18:09,666 [Listener at 127.0.0.1/41793] INFO  grpc.GrpcConfigKeys (ConfUtils.java:logGet(46)) - raft.grpc.server.port = 0 (default)
2023-04-22 02:18:09,666 [Listener at 127.0.0.1/41793] INFO  server.GrpcService (ConfUtils.java:logGet(46)) - raft.grpc.message.size.max = 32MB (=33554432) (custom)
2023-04-22 02:18:09,666 [Listener at 127.0.0.1/41793] INFO  server.RaftServerConfigKeys (ConfUtils.java:logGet(46)) - raft.server.log.appender.buffer.byte-limit = 33554432 (custom)
2023-04-22 02:18:09,666 [Listener at 127.0.0.1/41793] INFO  server.GrpcService (ConfUtils.java:logGet(46)) - raft.grpc.flow.control.window = 5MB (=5242880) (custom)
2023-04-22 02:18:09,666 [Listener at 127.0.0.1/41793] INFO  server.RaftServerConfigKeys (ConfUtils.java:logGet(46)) - raft.server.rpc.request.timeout = 3000ms (default)
2023-04-22 02:18:09,667 [Listener at 127.0.0.1/41793] INFO  grpc.GrpcConfigKeys (ConfUtils.java:logGet(46)) - raft.grpc.server.heartbeat.channel = true (default)
2023-04-22 02:18:09,667 [Listener at 127.0.0.1/41793] INFO  grpc.GrpcConfigKeys (ConfUtils.java:logGet(46)) - raft.grpc.server.async.request.thread.pool.cached = true (default)
2023-04-22 02:18:09,667 [Listener at 127.0.0.1/41793] INFO  grpc.GrpcConfigKeys (ConfUtils.java:logGet(46)) - raft.grpc.server.async.request.thread.pool.size = 32 (default)
2023-04-22 02:18:09,668 [Listener at 127.0.0.1/41793] INFO  impl.DataStreamServerImpl (ConfUtils.java:logGet(46)) - raft.datastream.type = NETTY (custom)
2023-04-22 02:18:09,668 [Listener at 127.0.0.1/41793] INFO  server.RaftServerConfigKeys (ConfUtils.java:logGet(46)) - raft.server.data-stream.async.request.thread.pool.cached = false (default)
2023-04-22 02:18:09,669 [Listener at 127.0.0.1/41793] INFO  server.RaftServerConfigKeys (ConfUtils.java:logGet(46)) - raft.server.data-stream.async.request.thread.pool.size = 20 (custom)
2023-04-22 02:18:09,669 [Listener at 127.0.0.1/41793] INFO  server.RaftServerConfigKeys (ConfUtils.java:logGet(46)) - raft.server.data-stream.async.write.thread.pool.size = 16 (default)
2023-04-22 02:18:09,671 [Listener at 127.0.0.1/41793] INFO  server.RaftServerConfigKeys (ConfUtils.java:logGet(46)) - raft.server.data-stream.client.pool.size = 10 (default)
2023-04-22 02:18:09,671 [Listener at 127.0.0.1/41793] INFO  netty.NettyConfigKeys$DataStream (ConfUtils.java:logGet(46)) - raft.netty.dataStream.server.use-epoll = false (default)
2023-04-22 02:18:09,671 [Listener at 127.0.0.1/41793] INFO  netty.NettyConfigKeys$DataStream (ConfUtils.java:logGet(46)) - raft.netty.dataStream.server.boss-group.size = 0 (default)
2023-04-22 02:18:09,671 [Listener at 127.0.0.1/41793] INFO  netty.NettyConfigKeys$DataStream (ConfUtils.java:logGet(46)) - raft.netty.dataStream.server.worker-group.size = 0 (default)
2023-04-22 02:18:09,672 [Listener at 127.0.0.1/41793] INFO  netty.NettyConfigKeys$DataStream (ConfUtils.java:logGet(46)) - raft.netty.dataStream.server.tls.conf = null (default)
2023-04-22 02:18:09,672 [Listener at 127.0.0.1/41793] INFO  netty.NettyConfigKeys$DataStream (ConfUtils.java:logGet(46)) - raft.netty.dataStream.host = null (default)
2023-04-22 02:18:09,673 [Listener at 127.0.0.1/41793] INFO  netty.NettyConfigKeys$DataStream (ConfUtils.java:logGet(46)) - raft.netty.dataStream.port = 0 (default)
2023-04-22 02:18:09,674 [Listener at 127.0.0.1/41793] INFO  server.RaftServerConfigKeys (ConfUtils.java:logGet(46)) - raft.server.threadpool.proxy.cached = true (default)
2023-04-22 02:18:09,676 [Listener at 127.0.0.1/41793] INFO  server.RaftServerConfigKeys (ConfUtils.java:logGet(46)) - raft.server.threadpool.proxy.size = 0 (default)
2023-04-22 02:18:09,676 [Listener at 127.0.0.1/41793] INFO  server.RaftServerConfigKeys (ConfUtils.java:logGet(46)) - raft.server.rpc.slowness.timeout = 300000ms (custom)
2023-04-22 02:18:09,676 [Listener at 127.0.0.1/41793] INFO  server.RaftServerConfigKeys (ConfUtils.java:logGet(46)) - raft.server.leaderelection.leader.step-down.wait-time = 10s (default)
2023-04-22 02:18:09,677 [Listener at 127.0.0.1/41793] INFO  server.RaftServerConfigKeys (ConfUtils.java:logGet(46)) - raft.server.storage.dir = [/home/runner/work/ozone/ozone/hadoop-ozone/integration-test/target/test-dir/MiniOzoneClusterImpl-b640deff-6994-498f-92ea-4ac5c972f0d8/datanode-4/data/ratis] (custom)
2023-04-22 02:18:09,678 [1d143142-2b08-4d43-93ad-ad0adf4c04aa-NettyServerStreamRpc-bossGroup--thread1] INFO  logging.LoggingHandler (AbstractInternalLogger.java:log(148)) - [id: 0xe32c9a58] REGISTERED
2023-04-22 02:18:09,678 [1d143142-2b08-4d43-93ad-ad0adf4c04aa-NettyServerStreamRpc-bossGroup--thread1] INFO  logging.LoggingHandler (AbstractInternalLogger.java:log(148)) - [id: 0xe32c9a58] BIND: 0.0.0.0/0.0.0.0:0
2023-04-22 02:18:09,678 [1d143142-2b08-4d43-93ad-ad0adf4c04aa-NettyServerStreamRpc-bossGroup--thread1] INFO  logging.LoggingHandler (AbstractInternalLogger.java:log(148)) - [id: 0xe32c9a58, L:/0:0:0:0:0:0:0:0:37137] ACTIVE
2023-04-22 02:18:09,680 [Listener at 127.0.0.1/41793] INFO  server.XceiverServerGrpc (XceiverServerGrpc.java:<init>(132)) - GrpcServer channel type EpollServerSocketChannel
2023-04-22 02:18:09,685 [Listener at 127.0.0.1/41793] INFO  http.BaseHttpServer (BaseHttpServer.java:newHttpServer2BuilderForOzone(224)) - Starting Web-server for hddsDatanode at: http://0.0.0.0:0
2023-04-22 02:18:09,685 [Listener at 127.0.0.1/41793] INFO  http.BaseHttpServer (BaseHttpServer.java:<init>(111)) - Hadoop Security Enabled: false Ozone Security Enabled: false Ozone HTTP Security Enabled: false 
2023-04-22 02:18:09,686 [Listener at 127.0.0.1/41793] WARN  server.AuthenticationFilter (AuthenticationFilter.java:constructSecretProvider(240)) - Unable to initialize FileSignerSecretProvider, falling back to use random secrets. Reason: Could not read signature secret file: /home/runner/hadoop-http-auth-signature-secret
2023-04-22 02:18:09,687 [Listener at 127.0.0.1/41793] INFO  http.HttpRequestLog (HttpRequestLog.java:getRequestLog(86)) - Http request log for http.requests.hddsDatanode is not defined
2023-04-22 02:18:09,688 [Listener at 127.0.0.1/41793] INFO  http.HttpServer2 (HttpServer2.java:addGlobalFilter(1031)) - Added global filter 'safety' (class=org.apache.hadoop.hdds.server.http.HttpServer2$QuotingInputFilter)
2023-04-22 02:18:09,689 [Listener at 127.0.0.1/41793] INFO  http.HttpServer2 (HttpServer2.java:addFilter(1007)) - Added filter static_user_filter (class=org.apache.hadoop.http.lib.StaticUserWebFilter$StaticUserFilter) to context hddsDatanode
2023-04-22 02:18:09,689 [Listener at 127.0.0.1/41793] INFO  http.HttpServer2 (HttpServer2.java:addFilter(1015)) - Added filter static_user_filter (class=org.apache.hadoop.http.lib.StaticUserWebFilter$StaticUserFilter) to context logs
2023-04-22 02:18:09,689 [Listener at 127.0.0.1/41793] INFO  http.HttpServer2 (HttpServer2.java:addFilter(1015)) - Added filter static_user_filter (class=org.apache.hadoop.http.lib.StaticUserWebFilter$StaticUserFilter) to context static
2023-04-22 02:18:09,690 [Listener at 127.0.0.1/41793] INFO  http.BaseHttpServer (BaseHttpServer.java:<init>(190)) - HTTP server of hddsDatanode uses base directory /home/runner/work/ozone/ozone/hadoop-ozone/integration-test/target/test-dir/MiniOzoneClusterImpl-b640deff-6994-498f-92ea-4ac5c972f0d8/datanode-4/meta/webserver
2023-04-22 02:18:09,690 [Listener at 127.0.0.1/41793] INFO  http.HttpServer2 (HttpServer2.java:bindListener(1250)) - Jetty bound to port 44099
2023-04-22 02:18:09,690 [Listener at 127.0.0.1/41793] INFO  server.Server (Server.java:doStart(375)) - jetty-9.4.51.v20230217; built: 2023-02-17T08:19:37.309Z; git: b45c405e4544384de066f814ed42ae3dceacdd49; jvm 1.8.0_362-b09
2023-04-22 02:18:09,696 [Listener at 127.0.0.1/41793] INFO  server.session (DefaultSessionIdManager.java:doStart(334)) - DefaultSessionIdManager workerName=node0
2023-04-22 02:18:09,697 [Listener at 127.0.0.1/41793] INFO  server.session (DefaultSessionIdManager.java:doStart(339)) - No SessionScavenger set, using defaults
2023-04-22 02:18:09,697 [Listener at 127.0.0.1/41793] INFO  server.session (HouseKeeper.java:startScavenging(132)) - node0 Scavenging every 600000ms
2023-04-22 02:18:09,697 [Listener at 127.0.0.1/41793] INFO  handler.ContextHandler (ContextHandler.java:doStart(921)) - Started o.e.j.s.ServletContextHandler@6a1de98d{logs,/logs,file:///home/runner/work/ozone/ozone/hadoop-ozone/integration-test/target/log,AVAILABLE}
2023-04-22 02:18:09,698 [Listener at 127.0.0.1/41793] INFO  handler.ContextHandler (ContextHandler.java:doStart(921)) - Started o.e.j.s.ServletContextHandler@257490d2{static,/static,jar:file:/home/runner/.m2/repository/org/apache/ozone/hdds-container-service/1.4.0-SNAPSHOT/hdds-container-service-1.4.0-SNAPSHOT.jar!/webapps/static,AVAILABLE}
2023-04-22 02:18:09,902 [Listener at 127.0.0.1/41793] INFO  handler.ContextHandler (ContextHandler.java:doStart(921)) - Started o.e.j.w.WebAppContext@47546cdf{hddsDatanode,/,file:///home/runner/work/ozone/ozone/hadoop-ozone/integration-test/target/test-dir/MiniOzoneClusterImpl-b640deff-6994-498f-92ea-4ac5c972f0d8/datanode-4/meta/webserver/jetty-0_0_0_0-44099-hdds-container-service-1_4_0-SNAPSHOT_jar-_-any-2867203203988569127/webapp/,AVAILABLE}{jar:file:/home/runner/.m2/repository/org/apache/ozone/hdds-container-service/1.4.0-SNAPSHOT/hdds-container-service-1.4.0-SNAPSHOT.jar!/webapps/hddsDatanode}
2023-04-22 02:18:09,903 [Listener at 127.0.0.1/41793] INFO  server.AbstractConnector (AbstractConnector.java:doStart(333)) - Started ServerConnector@4efccfc7{HTTP/1.1, (http/1.1)}{0.0.0.0:44099}
2023-04-22 02:18:09,903 [Listener at 127.0.0.1/41793] INFO  server.Server (Server.java:doStart(415)) - Started @9554ms
2023-04-22 02:18:09,903 [Listener at 127.0.0.1/41793] WARN  impl.MetricsSystemImpl (MetricsSystemImpl.java:register(279)) - Sink prometheus already exists!
2023-04-22 02:18:09,904 [Listener at 127.0.0.1/41793] INFO  http.BaseHttpServer (BaseHttpServer.java:updateConnectorAddress(344)) - HTTP server of hddsDatanode listening at http://0.0.0.0:44099
2023-04-22 02:18:09,904 [Datanode State Machine Daemon Thread] INFO  statemachine.DatanodeStateMachine (DatanodeStateMachine.java:lambda$startDaemon$0(517)) - Ozone container server started.
2023-04-22 02:18:09,908 [Listener at 127.0.0.1/41793] WARN  impl.MetricRegistriesImpl (MetricRegistriesImpl.java:addReporterRegistration(111)) - New reporters are added after registries were created. Some metrics will be missing from the reporter. Please add reporter before adding any new registry.
2023-04-22 02:18:09,908 [Listener at 127.0.0.1/41793] WARN  impl.MetricRegistriesImpl (MetricRegistriesImpl.java:addReporterRegistration(111)) - New reporters are added after registries were created. Some metrics will be missing from the reporter. Please add reporter before adding any new registry.
2023-04-22 02:18:09,908 [Listener at 127.0.0.1/41793] INFO  impl.MetricsSystemImpl (MetricsSystemImpl.java:init(158)) - HddsDatanode metrics system started (again)
2023-04-22 02:18:09,918 [Listener at 127.0.0.1/41793] INFO  ozone.HddsDatanodeService (HddsDatanodeService.java:start(252)) - HddsDatanodeService host:fv-az443-428.ap2fcshprsnunfx25e1aelzb4b.cx.internal.cloudapp.net ip:10.1.0.20
2023-04-22 02:18:09,919 [org.apache.hadoop.util.JvmPauseMonitor$Monitor@5d98db95] INFO  util.JvmPauseMonitor (JvmPauseMonitor.java:run(188)) - Starting JVM pause monitor
2023-04-22 02:18:09,926 [Datanode State Machine Task Thread - 0] INFO  datanode.InitDatanodeState (InitDatanodeState.java:persistContainerDatanodeDetails(138)) - DatanodeDetails is persisted to /home/runner/work/ozone/ozone/hadoop-ozone/integration-test/target/test-dir/MiniOzoneClusterImpl-b640deff-6994-498f-92ea-4ac5c972f0d8/datanode-4/meta/datanode.id
2023-04-22 02:18:09,936 [Listener at 127.0.0.1/41793] INFO  upgrade.AbstractLayoutVersionManager (AbstractLayoutVersionManager.java:init(83)) - Initializing Layout version manager with metadata layout = WEBUI_PORTS_IN_DATANODEDETAILS (version = 6), software layout = WEBUI_PORTS_IN_DATANODEDETAILS (version = 6)
2023-04-22 02:18:09,991 [Listener at 127.0.0.1/41793] INFO  reflections.Reflections (Reflections.java:scan(232)) - Reflections took 54 ms to scan 7 urls, producing 156 keys and 369 values 
2023-04-22 02:18:09,992 [Listener at 127.0.0.1/41793] INFO  statemachine.DatanodeStateMachine (DatanodeStateMachine.java:getEndPointTaskThreadPoolSize(260)) - Datanode State Machine Task Thread Pool size 2
2023-04-22 02:18:09,995 [Listener at 127.0.0.1/41793] INFO  volume.HddsVolume (HddsVolume.java:<init>(130)) - Creating HddsVolume: /home/runner/work/ozone/ozone/hadoop-ozone/integration-test/target/test-dir/MiniOzoneClusterImpl-b640deff-6994-498f-92ea-4ac5c972f0d8/datanode-5/data-0/containers/hdds of storage type : DISK capacity : 9223372036854775807
2023-04-22 02:18:09,995 [Listener at 127.0.0.1/41793] INFO  volume.MutableVolumeSet (MutableVolumeSet.java:initializeVolumeSet(175)) - Added Volume : /home/runner/work/ozone/ozone/hadoop-ozone/integration-test/target/test-dir/MiniOzoneClusterImpl-b640deff-6994-498f-92ea-4ac5c972f0d8/datanode-5/data-0/containers/hdds to VolumeSet
2023-04-22 02:18:09,996 [Listener at 127.0.0.1/41793] INFO  volume.ThrottledAsyncChecker (ThrottledAsyncChecker.java:schedule(141)) - Scheduling a check for /home/runner/work/ozone/ozone/hadoop-ozone/integration-test/target/test-dir/MiniOzoneClusterImpl-b640deff-6994-498f-92ea-4ac5c972f0d8/datanode-5/data-0/containers/hdds
2023-04-22 02:18:10,001 [Listener at 127.0.0.1/41793] INFO  volume.StorageVolumeChecker (StorageVolumeChecker.java:checkAllVolumes(202)) - Scheduled health check for volume /home/runner/work/ozone/ozone/hadoop-ozone/integration-test/target/test-dir/MiniOzoneClusterImpl-b640deff-6994-498f-92ea-4ac5c972f0d8/datanode-5/data-0/containers/hdds
2023-04-22 02:18:10,014 [Listener at 127.0.0.1/41793] INFO  volume.MutableVolumeSet (MutableVolumeSet.java:initializeVolumeSet(175)) - Added Volume : /home/runner/work/ozone/ozone/hadoop-ozone/integration-test/target/test-dir/MiniOzoneClusterImpl-b640deff-6994-498f-92ea-4ac5c972f0d8/datanode-5/data/ratis to VolumeSet
2023-04-22 02:18:10,014 [Listener at 127.0.0.1/41793] INFO  volume.ThrottledAsyncChecker (ThrottledAsyncChecker.java:schedule(141)) - Scheduling a check for /home/runner/work/ozone/ozone/hadoop-ozone/integration-test/target/test-dir/MiniOzoneClusterImpl-b640deff-6994-498f-92ea-4ac5c972f0d8/datanode-5/data/ratis
2023-04-22 02:18:10,014 [Listener at 127.0.0.1/41793] INFO  volume.StorageVolumeChecker (StorageVolumeChecker.java:checkAllVolumes(202)) - Scheduled health check for volume /home/runner/work/ozone/ozone/hadoop-ozone/integration-test/target/test-dir/MiniOzoneClusterImpl-b640deff-6994-498f-92ea-4ac5c972f0d8/datanode-5/data/ratis
2023-04-22 02:18:10,025 [Thread-211] INFO  ozoneimpl.ContainerReader (ContainerReader.java:readVolume(175)) - Finish verifying containers on volume /home/runner/work/ozone/ozone/hadoop-ozone/integration-test/target/test-dir/MiniOzoneClusterImpl-b640deff-6994-498f-92ea-4ac5c972f0d8/datanode-5/data-0/containers/hdds
2023-04-22 02:18:10,025 [Listener at 127.0.0.1/41793] INFO  ozoneimpl.OzoneContainer (OzoneContainer.java:buildContainerSet(303)) - Build ContainerSet costs 0s
2023-04-22 02:18:10,028 [Listener at 127.0.0.1/41793] INFO  server.RaftServer (ConfUtils.java:logGet(46)) - raft.rpc.type = GRPC (default)
2023-04-22 02:18:10,028 [Listener at 127.0.0.1/41793] INFO  grpc.GrpcConfigKeys (ConfUtils.java:logFallback(53)) - raft.grpc.admin.host = null (fallback to raft.grpc.server.host)
2023-04-22 02:18:10,029 [Listener at 127.0.0.1/41793] INFO  grpc.GrpcConfigKeys (ConfUtils.java:logGet(46)) - raft.grpc.admin.port = 0 (custom)
2023-04-22 02:18:10,029 [Listener at 127.0.0.1/41793] INFO  grpc.GrpcConfigKeys (ConfUtils.java:logFallback(53)) - raft.grpc.client.host = null (fallback to raft.grpc.server.host)
2023-04-22 02:18:10,029 [Listener at 127.0.0.1/41793] INFO  grpc.GrpcConfigKeys (ConfUtils.java:logGet(46)) - raft.grpc.client.port = 0 (custom)
2023-04-22 02:18:10,029 [Listener at 127.0.0.1/41793] INFO  grpc.GrpcConfigKeys (ConfUtils.java:logGet(46)) - raft.grpc.server.host = null (default)
2023-04-22 02:18:10,029 [Listener at 127.0.0.1/41793] INFO  grpc.GrpcConfigKeys (ConfUtils.java:logGet(46)) - raft.grpc.server.port = 0 (default)
2023-04-22 02:18:10,029 [Listener at 127.0.0.1/41793] INFO  server.GrpcService (ConfUtils.java:logGet(46)) - raft.grpc.message.size.max = 32MB (=33554432) (custom)
2023-04-22 02:18:10,029 [Listener at 127.0.0.1/41793] INFO  server.RaftServerConfigKeys (ConfUtils.java:logGet(46)) - raft.server.log.appender.buffer.byte-limit = 33554432 (custom)
2023-04-22 02:18:10,029 [Listener at 127.0.0.1/41793] INFO  server.GrpcService (ConfUtils.java:logGet(46)) - raft.grpc.flow.control.window = 5MB (=5242880) (custom)
2023-04-22 02:18:10,029 [Listener at 127.0.0.1/41793] INFO  server.RaftServerConfigKeys (ConfUtils.java:logGet(46)) - raft.server.rpc.request.timeout = 3000ms (default)
2023-04-22 02:18:10,030 [Listener at 127.0.0.1/41793] INFO  grpc.GrpcConfigKeys (ConfUtils.java:logGet(46)) - raft.grpc.server.heartbeat.channel = true (default)
2023-04-22 02:18:10,030 [Listener at 127.0.0.1/41793] INFO  grpc.GrpcConfigKeys (ConfUtils.java:logGet(46)) - raft.grpc.server.async.request.thread.pool.cached = true (default)
2023-04-22 02:18:10,030 [Listener at 127.0.0.1/41793] INFO  grpc.GrpcConfigKeys (ConfUtils.java:logGet(46)) - raft.grpc.server.async.request.thread.pool.size = 32 (default)
2023-04-22 02:18:10,031 [Listener at 127.0.0.1/41793] INFO  impl.DataStreamServerImpl (ConfUtils.java:logGet(46)) - raft.datastream.type = NETTY (custom)
2023-04-22 02:18:10,031 [Listener at 127.0.0.1/41793] INFO  server.RaftServerConfigKeys (ConfUtils.java:logGet(46)) - raft.server.data-stream.async.request.thread.pool.cached = false (default)
2023-04-22 02:18:10,031 [Listener at 127.0.0.1/41793] INFO  server.RaftServerConfigKeys (ConfUtils.java:logGet(46)) - raft.server.data-stream.async.request.thread.pool.size = 20 (custom)
2023-04-22 02:18:10,031 [Listener at 127.0.0.1/41793] INFO  server.RaftServerConfigKeys (ConfUtils.java:logGet(46)) - raft.server.data-stream.async.write.thread.pool.size = 16 (default)
2023-04-22 02:18:10,031 [Listener at 127.0.0.1/41793] INFO  server.RaftServerConfigKeys (ConfUtils.java:logGet(46)) - raft.server.data-stream.client.pool.size = 10 (default)
2023-04-22 02:18:10,031 [Listener at 127.0.0.1/41793] INFO  netty.NettyConfigKeys$DataStream (ConfUtils.java:logGet(46)) - raft.netty.dataStream.server.use-epoll = false (default)
2023-04-22 02:18:10,032 [Listener at 127.0.0.1/41793] INFO  netty.NettyConfigKeys$DataStream (ConfUtils.java:logGet(46)) - raft.netty.dataStream.server.boss-group.size = 0 (default)
2023-04-22 02:18:10,032 [Listener at 127.0.0.1/41793] INFO  netty.NettyConfigKeys$DataStream (ConfUtils.java:logGet(46)) - raft.netty.dataStream.server.worker-group.size = 0 (default)
2023-04-22 02:18:10,033 [Listener at 127.0.0.1/41793] INFO  netty.NettyConfigKeys$DataStream (ConfUtils.java:logGet(46)) - raft.netty.dataStream.server.tls.conf = null (default)
2023-04-22 02:18:10,033 [Listener at 127.0.0.1/41793] INFO  netty.NettyConfigKeys$DataStream (ConfUtils.java:logGet(46)) - raft.netty.dataStream.host = null (default)
2023-04-22 02:18:10,033 [Listener at 127.0.0.1/41793] INFO  netty.NettyConfigKeys$DataStream (ConfUtils.java:logGet(46)) - raft.netty.dataStream.port = 0 (default)
2023-04-22 02:18:10,033 [Listener at 127.0.0.1/41793] INFO  server.RaftServerConfigKeys (ConfUtils.java:logGet(46)) - raft.server.threadpool.proxy.cached = true (default)
2023-04-22 02:18:10,034 [Listener at 127.0.0.1/41793] INFO  server.RaftServerConfigKeys (ConfUtils.java:logGet(46)) - raft.server.threadpool.proxy.size = 0 (default)
2023-04-22 02:18:10,034 [Listener at 127.0.0.1/41793] INFO  server.RaftServerConfigKeys (ConfUtils.java:logGet(46)) - raft.server.rpc.slowness.timeout = 300000ms (custom)
2023-04-22 02:18:10,034 [Listener at 127.0.0.1/41793] INFO  server.RaftServerConfigKeys (ConfUtils.java:logGet(46)) - raft.server.leaderelection.leader.step-down.wait-time = 10s (default)
2023-04-22 02:18:10,034 [Listener at 127.0.0.1/41793] INFO  server.RaftServerConfigKeys (ConfUtils.java:logGet(46)) - raft.server.storage.dir = [/home/runner/work/ozone/ozone/hadoop-ozone/integration-test/target/test-dir/MiniOzoneClusterImpl-b640deff-6994-498f-92ea-4ac5c972f0d8/datanode-5/data/ratis] (custom)
2023-04-22 02:18:10,040 [b7c32ab9-1d10-40a2-8298-2f54da75b521-NettyServerStreamRpc-bossGroup--thread1] INFO  logging.LoggingHandler (AbstractInternalLogger.java:log(148)) - [id: 0xda57bfff] REGISTERED
2023-04-22 02:18:10,041 [Listener at 127.0.0.1/41793] INFO  server.XceiverServerGrpc (XceiverServerGrpc.java:<init>(132)) - GrpcServer channel type EpollServerSocketChannel
2023-04-22 02:18:10,044 [b7c32ab9-1d10-40a2-8298-2f54da75b521-NettyServerStreamRpc-bossGroup--thread1] INFO  logging.LoggingHandler (AbstractInternalLogger.java:log(148)) - [id: 0xda57bfff] BIND: 0.0.0.0/0.0.0.0:0
2023-04-22 02:18:10,044 [b7c32ab9-1d10-40a2-8298-2f54da75b521-NettyServerStreamRpc-bossGroup--thread1] INFO  logging.LoggingHandler (AbstractInternalLogger.java:log(148)) - [id: 0xda57bfff, L:/0:0:0:0:0:0:0:0:33643] ACTIVE
2023-04-22 02:18:10,047 [Listener at 127.0.0.1/41793] INFO  http.BaseHttpServer (BaseHttpServer.java:newHttpServer2BuilderForOzone(224)) - Starting Web-server for hddsDatanode at: http://0.0.0.0:0
2023-04-22 02:18:10,047 [Listener at 127.0.0.1/41793] INFO  http.BaseHttpServer (BaseHttpServer.java:<init>(111)) - Hadoop Security Enabled: false Ozone Security Enabled: false Ozone HTTP Security Enabled: false 
2023-04-22 02:18:10,049 [Listener at 127.0.0.1/41793] WARN  server.AuthenticationFilter (AuthenticationFilter.java:constructSecretProvider(240)) - Unable to initialize FileSignerSecretProvider, falling back to use random secrets. Reason: Could not read signature secret file: /home/runner/hadoop-http-auth-signature-secret
2023-04-22 02:18:10,049 [Listener at 127.0.0.1/41793] INFO  http.HttpRequestLog (HttpRequestLog.java:getRequestLog(86)) - Http request log for http.requests.hddsDatanode is not defined
2023-04-22 02:18:10,050 [Listener at 127.0.0.1/41793] INFO  http.HttpServer2 (HttpServer2.java:addGlobalFilter(1031)) - Added global filter 'safety' (class=org.apache.hadoop.hdds.server.http.HttpServer2$QuotingInputFilter)
2023-04-22 02:18:10,052 [Listener at 127.0.0.1/41793] INFO  http.HttpServer2 (HttpServer2.java:addFilter(1007)) - Added filter static_user_filter (class=org.apache.hadoop.http.lib.StaticUserWebFilter$StaticUserFilter) to context hddsDatanode
2023-04-22 02:18:10,052 [Listener at 127.0.0.1/41793] INFO  http.HttpServer2 (HttpServer2.java:addFilter(1015)) - Added filter static_user_filter (class=org.apache.hadoop.http.lib.StaticUserWebFilter$StaticUserFilter) to context logs
2023-04-22 02:18:10,052 [Listener at 127.0.0.1/41793] INFO  http.HttpServer2 (HttpServer2.java:addFilter(1015)) - Added filter static_user_filter (class=org.apache.hadoop.http.lib.StaticUserWebFilter$StaticUserFilter) to context static
2023-04-22 02:18:10,052 [Listener at 127.0.0.1/41793] INFO  http.BaseHttpServer (BaseHttpServer.java:<init>(190)) - HTTP server of hddsDatanode uses base directory /home/runner/work/ozone/ozone/hadoop-ozone/integration-test/target/test-dir/MiniOzoneClusterImpl-b640deff-6994-498f-92ea-4ac5c972f0d8/datanode-5/meta/webserver
2023-04-22 02:18:10,053 [Listener at 127.0.0.1/41793] INFO  http.HttpServer2 (HttpServer2.java:bindListener(1250)) - Jetty bound to port 35175
2023-04-22 02:18:10,053 [Listener at 127.0.0.1/41793] INFO  server.Server (Server.java:doStart(375)) - jetty-9.4.51.v20230217; built: 2023-02-17T08:19:37.309Z; git: b45c405e4544384de066f814ed42ae3dceacdd49; jvm 1.8.0_362-b09
2023-04-22 02:18:10,054 [Listener at 127.0.0.1/41793] INFO  server.session (DefaultSessionIdManager.java:doStart(334)) - DefaultSessionIdManager workerName=node0
2023-04-22 02:18:10,054 [Listener at 127.0.0.1/41793] INFO  server.session (DefaultSessionIdManager.java:doStart(339)) - No SessionScavenger set, using defaults
2023-04-22 02:18:10,054 [Listener at 127.0.0.1/41793] INFO  server.session (HouseKeeper.java:startScavenging(132)) - node0 Scavenging every 660000ms
2023-04-22 02:18:10,057 [Listener at 127.0.0.1/41793] INFO  handler.ContextHandler (ContextHandler.java:doStart(921)) - Started o.e.j.s.ServletContextHandler@5b28c50b{logs,/logs,file:///home/runner/work/ozone/ozone/hadoop-ozone/integration-test/target/log,AVAILABLE}
2023-04-22 02:18:10,057 [Listener at 127.0.0.1/41793] INFO  handler.ContextHandler (ContextHandler.java:doStart(921)) - Started o.e.j.s.ServletContextHandler@a50da66{static,/static,jar:file:/home/runner/.m2/repository/org/apache/ozone/hdds-container-service/1.4.0-SNAPSHOT/hdds-container-service-1.4.0-SNAPSHOT.jar!/webapps/static,AVAILABLE}
2023-04-22 02:18:10,251 [EndpointStateMachine task thread for /0.0.0.0:44143 - 0 ] INFO  utils.DatanodeStoreCache (DatanodeStoreCache.java:addDB(58)) - Added db /home/runner/work/ozone/ozone/hadoop-ozone/integration-test/target/test-dir/MiniOzoneClusterImpl-b640deff-6994-498f-92ea-4ac5c972f0d8/datanode-0/data-0/containers/hdds/b640deff-6994-498f-92ea-4ac5c972f0d8/DS-83bb6b7f-f507-41d7-9f53-f3973ed9a34d/container.db to cache
2023-04-22 02:18:10,251 [EndpointStateMachine task thread for /0.0.0.0:44143 - 0 ] INFO  volume.HddsVolume (HddsVolume.java:createDbStore(350)) - SchemaV3 db is created and loaded at /home/runner/work/ozone/ozone/hadoop-ozone/integration-test/target/test-dir/MiniOzoneClusterImpl-b640deff-6994-498f-92ea-4ac5c972f0d8/datanode-0/data-0/containers/hdds/b640deff-6994-498f-92ea-4ac5c972f0d8/DS-83bb6b7f-f507-41d7-9f53-f3973ed9a34d/container.db for volume DS-83bb6b7f-f507-41d7-9f53-f3973ed9a34d
2023-04-22 02:18:10,253 [EndpointStateMachine task thread for /0.0.0.0:44143 - 0 ] INFO  ozoneimpl.OzoneContainer (OzoneContainer.java:start(397)) - Attempting to start container services.
2023-04-22 02:18:10,255 [EndpointStateMachine task thread for /0.0.0.0:44143 - 0 ] INFO  ozoneimpl.OzoneContainer (OzoneContainer.java:startContainerScrub(314)) - Scheduled background container scanners and the on-demand container scanner have been disabled.
2023-04-22 02:18:10,257 [EndpointStateMachine task thread for /0.0.0.0:44143 - 0 ] INFO  replication.ReplicationServer (ReplicationServer.java:start(109)) - ReplicationServer is started using port 43395
2023-04-22 02:18:10,258 [EndpointStateMachine task thread for /0.0.0.0:44143 - 0 ] INFO  ratis.XceiverServerRatis (XceiverServerRatis.java:start(517)) - Starting XceiverServerRatis 4fb9f1f7-4e3b-4bcf-a7e7-c7ddcac09d11
2023-04-22 02:18:10,284 [Listener at 127.0.0.1/41793] INFO  handler.ContextHandler (ContextHandler.java:doStart(921)) - Started o.e.j.w.WebAppContext@2361949f{hddsDatanode,/,file:///home/runner/work/ozone/ozone/hadoop-ozone/integration-test/target/test-dir/MiniOzoneClusterImpl-b640deff-6994-498f-92ea-4ac5c972f0d8/datanode-5/meta/webserver/jetty-0_0_0_0-35175-hdds-container-service-1_4_0-SNAPSHOT_jar-_-any-7286150812716838155/webapp/,AVAILABLE}{jar:file:/home/runner/.m2/repository/org/apache/ozone/hdds-container-service/1.4.0-SNAPSHOT/hdds-container-service-1.4.0-SNAPSHOT.jar!/webapps/hddsDatanode}
2023-04-22 02:18:10,295 [EndpointStateMachine task thread for /0.0.0.0:44143 - 0 ] INFO  server.RaftServer (RaftServerProxy.java:startImpl(393)) - 4fb9f1f7-4e3b-4bcf-a7e7-c7ddcac09d11: start RPC server
2023-04-22 02:18:10,295 [Listener at 127.0.0.1/41793] INFO  server.AbstractConnector (AbstractConnector.java:doStart(333)) - Started ServerConnector@7deea22f{HTTP/1.1, (http/1.1)}{0.0.0.0:35175}
2023-04-22 02:18:10,298 [Listener at 127.0.0.1/41793] INFO  server.Server (Server.java:doStart(415)) - Started @9948ms
2023-04-22 02:18:10,299 [Listener at 127.0.0.1/41793] WARN  impl.MetricsSystemImpl (MetricsSystemImpl.java:register(279)) - Sink prometheus already exists!
2023-04-22 02:18:10,299 [Listener at 127.0.0.1/41793] INFO  http.BaseHttpServer (BaseHttpServer.java:updateConnectorAddress(344)) - HTTP server of hddsDatanode listening at http://0.0.0.0:35175
2023-04-22 02:18:10,298 [EndpointStateMachine task thread for /0.0.0.0:44143 - 0 ] INFO  server.GrpcService (GrpcService.java:startImpl(262)) - 4fb9f1f7-4e3b-4bcf-a7e7-c7ddcac09d11: GrpcService started, listening on 44181
2023-04-22 02:18:10,300 [Listener at 127.0.0.1/41793] WARN  impl.MetricRegistriesImpl (MetricRegistriesImpl.java:addReporterRegistration(111)) - New reporters are added after registries were created. Some metrics will be missing from the reporter. Please add reporter before adding any new registry.
2023-04-22 02:18:10,300 [Listener at 127.0.0.1/41793] WARN  impl.MetricRegistriesImpl (MetricRegistriesImpl.java:addReporterRegistration(111)) - New reporters are added after registries were created. Some metrics will be missing from the reporter. Please add reporter before adding any new registry.
2023-04-22 02:18:10,300 [Listener at 127.0.0.1/41793] INFO  impl.MetricsSystemImpl (MetricsSystemImpl.java:init(158)) - HddsDatanode metrics system started (again)
2023-04-22 02:18:10,307 [Datanode State Machine Daemon Thread] INFO  statemachine.DatanodeStateMachine (DatanodeStateMachine.java:lambda$startDaemon$0(517)) - Ozone container server started.
2023-04-22 02:18:10,308 [EndpointStateMachine task thread for /0.0.0.0:44143 - 0 ] INFO  ratis.XceiverServerRatis (XceiverServerRatis.java:getRealPort(543)) - XceiverServerRatis 4fb9f1f7-4e3b-4bcf-a7e7-c7ddcac09d11 is started using port 44181 for RATIS
2023-04-22 02:18:10,308 [EndpointStateMachine task thread for /0.0.0.0:44143 - 0 ] INFO  ratis.XceiverServerRatis (XceiverServerRatis.java:getRealPort(543)) - XceiverServerRatis 4fb9f1f7-4e3b-4bcf-a7e7-c7ddcac09d11 is started using port 44181 for RATIS_ADMIN
2023-04-22 02:18:10,308 [EndpointStateMachine task thread for /0.0.0.0:44143 - 0 ] INFO  ratis.XceiverServerRatis (XceiverServerRatis.java:getRealPort(543)) - XceiverServerRatis 4fb9f1f7-4e3b-4bcf-a7e7-c7ddcac09d11 is started using port 44181 for RATIS_SERVER
2023-04-22 02:18:10,309 [EndpointStateMachine task thread for /0.0.0.0:44143 - 0 ] INFO  ratis.XceiverServerRatis (XceiverServerRatis.java:getRealPort(543)) - XceiverServerRatis 4fb9f1f7-4e3b-4bcf-a7e7-c7ddcac09d11 is started using port 37741 for RATIS_DATASTREAM
2023-04-22 02:18:10,309 [JvmPauseMonitor1] INFO  util.JvmPauseMonitor (JvmPauseMonitor.java:run(105)) - JvmPauseMonitor-4fb9f1f7-4e3b-4bcf-a7e7-c7ddcac09d11: Started
2023-04-22 02:18:10,324 [Listener at 127.0.0.1/41793] INFO  ozone.HddsDatanodeService (HddsDatanodeService.java:start(252)) - HddsDatanodeService host:fv-az443-428.ap2fcshprsnunfx25e1aelzb4b.cx.internal.cloudapp.net ip:10.1.0.20
2023-04-22 02:18:10,334 [EndpointStateMachine task thread for /0.0.0.0:44143 - 0 ] INFO  server.XceiverServerGrpc (XceiverServerGrpc.java:start(180)) - XceiverServerGrpc 4fb9f1f7-4e3b-4bcf-a7e7-c7ddcac09d11 is started using port 35777
2023-04-22 02:18:10,340 [org.apache.hadoop.util.JvmPauseMonitor$Monitor@7b00ef00] INFO  util.JvmPauseMonitor (JvmPauseMonitor.java:run(188)) - Starting JVM pause monitor
2023-04-22 02:18:10,343 [Listener at 127.0.0.1/41793] INFO  upgrade.AbstractLayoutVersionManager (AbstractLayoutVersionManager.java:init(83)) - Initializing Layout version manager with metadata layout = WEBUI_PORTS_IN_DATANODEDETAILS (version = 6), software layout = WEBUI_PORTS_IN_DATANODEDETAILS (version = 6)
2023-04-22 02:18:10,353 [Datanode State Machine Task Thread - 0] INFO  datanode.InitDatanodeState (InitDatanodeState.java:persistContainerDatanodeDetails(138)) - DatanodeDetails is persisted to /home/runner/work/ozone/ozone/hadoop-ozone/integration-test/target/test-dir/MiniOzoneClusterImpl-b640deff-6994-498f-92ea-4ac5c972f0d8/datanode-5/meta/datanode.id
2023-04-22 02:18:10,357 [BlockDeletingService#0] INFO  interfaces.ContainerDeletionChoosingPolicyTemplate (ContainerDeletionChoosingPolicyTemplate.java:chooseContainerForBlockDeletion(83)) - Chosen 0/5000 blocks from 0 candidate containers.
2023-04-22 02:18:10,429 [Listener at 127.0.0.1/41793] INFO  reflections.Reflections (Reflections.java:scan(232)) - Reflections took 85 ms to scan 7 urls, producing 156 keys and 369 values 
2023-04-22 02:18:10,432 [Listener at 127.0.0.1/41793] INFO  statemachine.DatanodeStateMachine (DatanodeStateMachine.java:getEndPointTaskThreadPoolSize(260)) - Datanode State Machine Task Thread Pool size 2
2023-04-22 02:18:10,435 [Listener at 127.0.0.1/41793] INFO  volume.HddsVolume (HddsVolume.java:<init>(130)) - Creating HddsVolume: /home/runner/work/ozone/ozone/hadoop-ozone/integration-test/target/test-dir/MiniOzoneClusterImpl-b640deff-6994-498f-92ea-4ac5c972f0d8/datanode-6/data-0/containers/hdds of storage type : DISK capacity : 9223372036854775807
2023-04-22 02:18:10,435 [Listener at 127.0.0.1/41793] INFO  volume.MutableVolumeSet (MutableVolumeSet.java:initializeVolumeSet(175)) - Added Volume : /home/runner/work/ozone/ozone/hadoop-ozone/integration-test/target/test-dir/MiniOzoneClusterImpl-b640deff-6994-498f-92ea-4ac5c972f0d8/datanode-6/data-0/containers/hdds to VolumeSet
2023-04-22 02:18:10,436 [Listener at 127.0.0.1/41793] INFO  volume.ThrottledAsyncChecker (ThrottledAsyncChecker.java:schedule(141)) - Scheduling a check for /home/runner/work/ozone/ozone/hadoop-ozone/integration-test/target/test-dir/MiniOzoneClusterImpl-b640deff-6994-498f-92ea-4ac5c972f0d8/datanode-6/data-0/containers/hdds
2023-04-22 02:18:10,439 [Listener at 127.0.0.1/41793] INFO  volume.StorageVolumeChecker (StorageVolumeChecker.java:checkAllVolumes(202)) - Scheduled health check for volume /home/runner/work/ozone/ozone/hadoop-ozone/integration-test/target/test-dir/MiniOzoneClusterImpl-b640deff-6994-498f-92ea-4ac5c972f0d8/datanode-6/data-0/containers/hdds
2023-04-22 02:18:10,456 [Listener at 127.0.0.1/41793] INFO  volume.MutableVolumeSet (MutableVolumeSet.java:initializeVolumeSet(175)) - Added Volume : /home/runner/work/ozone/ozone/hadoop-ozone/integration-test/target/test-dir/MiniOzoneClusterImpl-b640deff-6994-498f-92ea-4ac5c972f0d8/datanode-6/data/ratis to VolumeSet
2023-04-22 02:18:10,456 [Listener at 127.0.0.1/41793] INFO  volume.ThrottledAsyncChecker (ThrottledAsyncChecker.java:schedule(141)) - Scheduling a check for /home/runner/work/ozone/ozone/hadoop-ozone/integration-test/target/test-dir/MiniOzoneClusterImpl-b640deff-6994-498f-92ea-4ac5c972f0d8/datanode-6/data/ratis
2023-04-22 02:18:10,457 [Listener at 127.0.0.1/41793] INFO  volume.StorageVolumeChecker (StorageVolumeChecker.java:checkAllVolumes(202)) - Scheduled health check for volume /home/runner/work/ozone/ozone/hadoop-ozone/integration-test/target/test-dir/MiniOzoneClusterImpl-b640deff-6994-498f-92ea-4ac5c972f0d8/datanode-6/data/ratis
2023-04-22 02:18:10,470 [Thread-231] INFO  ozoneimpl.ContainerReader (ContainerReader.java:readVolume(175)) - Finish verifying containers on volume /home/runner/work/ozone/ozone/hadoop-ozone/integration-test/target/test-dir/MiniOzoneClusterImpl-b640deff-6994-498f-92ea-4ac5c972f0d8/datanode-6/data-0/containers/hdds
2023-04-22 02:18:10,470 [Listener at 127.0.0.1/41793] INFO  ozoneimpl.OzoneContainer (OzoneContainer.java:buildContainerSet(303)) - Build ContainerSet costs 0s
2023-04-22 02:18:10,474 [Listener at 127.0.0.1/41793] INFO  server.RaftServer (ConfUtils.java:logGet(46)) - raft.rpc.type = GRPC (default)
2023-04-22 02:18:10,474 [Listener at 127.0.0.1/41793] INFO  grpc.GrpcConfigKeys (ConfUtils.java:logFallback(53)) - raft.grpc.admin.host = null (fallback to raft.grpc.server.host)
2023-04-22 02:18:10,474 [Listener at 127.0.0.1/41793] INFO  grpc.GrpcConfigKeys (ConfUtils.java:logGet(46)) - raft.grpc.admin.port = 0 (custom)
2023-04-22 02:18:10,474 [Listener at 127.0.0.1/41793] INFO  grpc.GrpcConfigKeys (ConfUtils.java:logFallback(53)) - raft.grpc.client.host = null (fallback to raft.grpc.server.host)
2023-04-22 02:18:10,474 [Listener at 127.0.0.1/41793] INFO  grpc.GrpcConfigKeys (ConfUtils.java:logGet(46)) - raft.grpc.client.port = 0 (custom)
2023-04-22 02:18:10,474 [Listener at 127.0.0.1/41793] INFO  grpc.GrpcConfigKeys (ConfUtils.java:logGet(46)) - raft.grpc.server.host = null (default)
2023-04-22 02:18:10,474 [Listener at 127.0.0.1/41793] INFO  grpc.GrpcConfigKeys (ConfUtils.java:logGet(46)) - raft.grpc.server.port = 0 (default)
2023-04-22 02:18:10,475 [Listener at 127.0.0.1/41793] INFO  server.GrpcService (ConfUtils.java:logGet(46)) - raft.grpc.message.size.max = 32MB (=33554432) (custom)
2023-04-22 02:18:10,475 [Listener at 127.0.0.1/41793] INFO  server.RaftServerConfigKeys (ConfUtils.java:logGet(46)) - raft.server.log.appender.buffer.byte-limit = 33554432 (custom)
2023-04-22 02:18:10,475 [Listener at 127.0.0.1/41793] INFO  server.GrpcService (ConfUtils.java:logGet(46)) - raft.grpc.flow.control.window = 5MB (=5242880) (custom)
2023-04-22 02:18:10,475 [Listener at 127.0.0.1/41793] INFO  server.RaftServerConfigKeys (ConfUtils.java:logGet(46)) - raft.server.rpc.request.timeout = 3000ms (default)
2023-04-22 02:18:10,475 [Listener at 127.0.0.1/41793] INFO  grpc.GrpcConfigKeys (ConfUtils.java:logGet(46)) - raft.grpc.server.heartbeat.channel = true (default)
2023-04-22 02:18:10,475 [Listener at 127.0.0.1/41793] INFO  grpc.GrpcConfigKeys (ConfUtils.java:logGet(46)) - raft.grpc.server.async.request.thread.pool.cached = true (default)
2023-04-22 02:18:10,475 [Listener at 127.0.0.1/41793] INFO  grpc.GrpcConfigKeys (ConfUtils.java:logGet(46)) - raft.grpc.server.async.request.thread.pool.size = 32 (default)
2023-04-22 02:18:10,477 [Listener at 127.0.0.1/41793] INFO  impl.DataStreamServerImpl (ConfUtils.java:logGet(46)) - raft.datastream.type = NETTY (custom)
2023-04-22 02:18:10,477 [Listener at 127.0.0.1/41793] INFO  server.RaftServerConfigKeys (ConfUtils.java:logGet(46)) - raft.server.data-stream.async.request.thread.pool.cached = false (default)
2023-04-22 02:18:10,477 [Listener at 127.0.0.1/41793] INFO  server.RaftServerConfigKeys (ConfUtils.java:logGet(46)) - raft.server.data-stream.async.request.thread.pool.size = 20 (custom)
2023-04-22 02:18:10,477 [Listener at 127.0.0.1/41793] INFO  server.RaftServerConfigKeys (ConfUtils.java:logGet(46)) - raft.server.data-stream.async.write.thread.pool.size = 16 (default)
2023-04-22 02:18:10,478 [Listener at 127.0.0.1/41793] INFO  server.RaftServerConfigKeys (ConfUtils.java:logGet(46)) - raft.server.data-stream.client.pool.size = 10 (default)
2023-04-22 02:18:10,478 [Listener at 127.0.0.1/41793] INFO  netty.NettyConfigKeys$DataStream (ConfUtils.java:logGet(46)) - raft.netty.dataStream.server.use-epoll = false (default)
2023-04-22 02:18:10,478 [Listener at 127.0.0.1/41793] INFO  netty.NettyConfigKeys$DataStream (ConfUtils.java:logGet(46)) - raft.netty.dataStream.server.boss-group.size = 0 (default)
2023-04-22 02:18:10,478 [Listener at 127.0.0.1/41793] INFO  netty.NettyConfigKeys$DataStream (ConfUtils.java:logGet(46)) - raft.netty.dataStream.server.worker-group.size = 0 (default)
2023-04-22 02:18:10,479 [Listener at 127.0.0.1/41793] INFO  netty.NettyConfigKeys$DataStream (ConfUtils.java:logGet(46)) - raft.netty.dataStream.server.tls.conf = null (default)
2023-04-22 02:18:10,479 [Listener at 127.0.0.1/41793] INFO  netty.NettyConfigKeys$DataStream (ConfUtils.java:logGet(46)) - raft.netty.dataStream.host = null (default)
2023-04-22 02:18:10,479 [Listener at 127.0.0.1/41793] INFO  netty.NettyConfigKeys$DataStream (ConfUtils.java:logGet(46)) - raft.netty.dataStream.port = 0 (default)
2023-04-22 02:18:10,480 [Listener at 127.0.0.1/41793] INFO  server.RaftServerConfigKeys (ConfUtils.java:logGet(46)) - raft.server.threadpool.proxy.cached = true (default)
2023-04-22 02:18:10,480 [Listener at 127.0.0.1/41793] INFO  server.RaftServerConfigKeys (ConfUtils.java:logGet(46)) - raft.server.threadpool.proxy.size = 0 (default)
2023-04-22 02:18:10,480 [Listener at 127.0.0.1/41793] INFO  server.RaftServerConfigKeys (ConfUtils.java:logGet(46)) - raft.server.rpc.slowness.timeout = 300000ms (custom)
2023-04-22 02:18:10,480 [Listener at 127.0.0.1/41793] INFO  server.RaftServerConfigKeys (ConfUtils.java:logGet(46)) - raft.server.leaderelection.leader.step-down.wait-time = 10s (default)
2023-04-22 02:18:10,480 [Listener at 127.0.0.1/41793] INFO  server.RaftServerConfigKeys (ConfUtils.java:logGet(46)) - raft.server.storage.dir = [/home/runner/work/ozone/ozone/hadoop-ozone/integration-test/target/test-dir/MiniOzoneClusterImpl-b640deff-6994-498f-92ea-4ac5c972f0d8/datanode-6/data/ratis] (custom)
2023-04-22 02:18:10,483 [ffe33985-86ac-4dba-9cf7-e9d9be1914b9-NettyServerStreamRpc-bossGroup--thread1] INFO  logging.LoggingHandler (AbstractInternalLogger.java:log(148)) - [id: 0x688cb575] REGISTERED
2023-04-22 02:18:10,484 [ffe33985-86ac-4dba-9cf7-e9d9be1914b9-NettyServerStreamRpc-bossGroup--thread1] INFO  logging.LoggingHandler (AbstractInternalLogger.java:log(148)) - [id: 0x688cb575] BIND: 0.0.0.0/0.0.0.0:0
2023-04-22 02:18:10,484 [ffe33985-86ac-4dba-9cf7-e9d9be1914b9-NettyServerStreamRpc-bossGroup--thread1] INFO  logging.LoggingHandler (AbstractInternalLogger.java:log(148)) - [id: 0x688cb575, L:/0:0:0:0:0:0:0:0:41651] ACTIVE
2023-04-22 02:18:10,485 [Listener at 127.0.0.1/41793] INFO  server.XceiverServerGrpc (XceiverServerGrpc.java:<init>(132)) - GrpcServer channel type EpollServerSocketChannel
2023-04-22 02:18:10,493 [Listener at 127.0.0.1/41793] INFO  http.BaseHttpServer (BaseHttpServer.java:newHttpServer2BuilderForOzone(224)) - Starting Web-server for hddsDatanode at: http://0.0.0.0:0
2023-04-22 02:18:10,493 [Listener at 127.0.0.1/41793] INFO  http.BaseHttpServer (BaseHttpServer.java:<init>(111)) - Hadoop Security Enabled: false Ozone Security Enabled: false Ozone HTTP Security Enabled: false 
2023-04-22 02:18:10,494 [Listener at 127.0.0.1/41793] WARN  server.AuthenticationFilter (AuthenticationFilter.java:constructSecretProvider(240)) - Unable to initialize FileSignerSecretProvider, falling back to use random secrets. Reason: Could not read signature secret file: /home/runner/hadoop-http-auth-signature-secret
2023-04-22 02:18:10,496 [Listener at 127.0.0.1/41793] INFO  http.HttpRequestLog (HttpRequestLog.java:getRequestLog(86)) - Http request log for http.requests.hddsDatanode is not defined
2023-04-22 02:18:10,498 [Listener at 127.0.0.1/41793] INFO  http.HttpServer2 (HttpServer2.java:addGlobalFilter(1031)) - Added global filter 'safety' (class=org.apache.hadoop.hdds.server.http.HttpServer2$QuotingInputFilter)
2023-04-22 02:18:10,499 [Listener at 127.0.0.1/41793] INFO  http.HttpServer2 (HttpServer2.java:addFilter(1007)) - Added filter static_user_filter (class=org.apache.hadoop.http.lib.StaticUserWebFilter$StaticUserFilter) to context hddsDatanode
2023-04-22 02:18:10,499 [Listener at 127.0.0.1/41793] INFO  http.HttpServer2 (HttpServer2.java:addFilter(1015)) - Added filter static_user_filter (class=org.apache.hadoop.http.lib.StaticUserWebFilter$StaticUserFilter) to context logs
2023-04-22 02:18:10,499 [Listener at 127.0.0.1/41793] INFO  http.HttpServer2 (HttpServer2.java:addFilter(1015)) - Added filter static_user_filter (class=org.apache.hadoop.http.lib.StaticUserWebFilter$StaticUserFilter) to context static
2023-04-22 02:18:10,500 [Listener at 127.0.0.1/41793] INFO  http.BaseHttpServer (BaseHttpServer.java:<init>(190)) - HTTP server of hddsDatanode uses base directory /home/runner/work/ozone/ozone/hadoop-ozone/integration-test/target/test-dir/MiniOzoneClusterImpl-b640deff-6994-498f-92ea-4ac5c972f0d8/datanode-6/meta/webserver
2023-04-22 02:18:10,500 [Listener at 127.0.0.1/41793] INFO  http.HttpServer2 (HttpServer2.java:bindListener(1250)) - Jetty bound to port 34575
2023-04-22 02:18:10,501 [Listener at 127.0.0.1/41793] INFO  server.Server (Server.java:doStart(375)) - jetty-9.4.51.v20230217; built: 2023-02-17T08:19:37.309Z; git: b45c405e4544384de066f814ed42ae3dceacdd49; jvm 1.8.0_362-b09
2023-04-22 02:18:10,505 [Listener at 127.0.0.1/41793] INFO  server.session (DefaultSessionIdManager.java:doStart(334)) - DefaultSessionIdManager workerName=node0
2023-04-22 02:18:10,505 [Listener at 127.0.0.1/41793] INFO  server.session (DefaultSessionIdManager.java:doStart(339)) - No SessionScavenger set, using defaults
2023-04-22 02:18:10,505 [Listener at 127.0.0.1/41793] INFO  server.session (HouseKeeper.java:startScavenging(132)) - node0 Scavenging every 600000ms
2023-04-22 02:18:10,506 [Listener at 127.0.0.1/41793] INFO  handler.ContextHandler (ContextHandler.java:doStart(921)) - Started o.e.j.s.ServletContextHandler@d1f452a{logs,/logs,file:///home/runner/work/ozone/ozone/hadoop-ozone/integration-test/target/log,AVAILABLE}
2023-04-22 02:18:10,506 [Listener at 127.0.0.1/41793] INFO  handler.ContextHandler (ContextHandler.java:doStart(921)) - Started o.e.j.s.ServletContextHandler@35117447{static,/static,jar:file:/home/runner/.m2/repository/org/apache/ozone/hdds-container-service/1.4.0-SNAPSHOT/hdds-container-service-1.4.0-SNAPSHOT.jar!/webapps/static,AVAILABLE}
2023-04-22 02:18:10,711 [Listener at 127.0.0.1/41793] INFO  handler.ContextHandler (ContextHandler.java:doStart(921)) - Started o.e.j.w.WebAppContext@270cddd2{hddsDatanode,/,file:///home/runner/work/ozone/ozone/hadoop-ozone/integration-test/target/test-dir/MiniOzoneClusterImpl-b640deff-6994-498f-92ea-4ac5c972f0d8/datanode-6/meta/webserver/jetty-0_0_0_0-34575-hdds-container-service-1_4_0-SNAPSHOT_jar-_-any-5840127247677663647/webapp/,AVAILABLE}{jar:file:/home/runner/.m2/repository/org/apache/ozone/hdds-container-service/1.4.0-SNAPSHOT/hdds-container-service-1.4.0-SNAPSHOT.jar!/webapps/hddsDatanode}
2023-04-22 02:18:10,712 [Listener at 127.0.0.1/41793] INFO  server.AbstractConnector (AbstractConnector.java:doStart(333)) - Started ServerConnector@4745df2{HTTP/1.1, (http/1.1)}{0.0.0.0:34575}
2023-04-22 02:18:10,712 [Listener at 127.0.0.1/41793] INFO  server.Server (Server.java:doStart(415)) - Started @10362ms
2023-04-22 02:18:10,712 [Listener at 127.0.0.1/41793] WARN  impl.MetricsSystemImpl (MetricsSystemImpl.java:register(279)) - Sink prometheus already exists!
2023-04-22 02:18:10,713 [Listener at 127.0.0.1/41793] INFO  http.BaseHttpServer (BaseHttpServer.java:updateConnectorAddress(344)) - HTTP server of hddsDatanode listening at http://0.0.0.0:34575
2023-04-22 02:18:10,713 [Listener at 127.0.0.1/41793] WARN  impl.MetricRegistriesImpl (MetricRegistriesImpl.java:addReporterRegistration(111)) - New reporters are added after registries were created. Some metrics will be missing from the reporter. Please add reporter before adding any new registry.
2023-04-22 02:18:10,714 [Listener at 127.0.0.1/41793] WARN  impl.MetricRegistriesImpl (MetricRegistriesImpl.java:addReporterRegistration(111)) - New reporters are added after registries were created. Some metrics will be missing from the reporter. Please add reporter before adding any new registry.
2023-04-22 02:18:10,714 [Listener at 127.0.0.1/41793] INFO  impl.MetricsSystemImpl (MetricsSystemImpl.java:init(158)) - HddsDatanode metrics system started (again)
2023-04-22 02:18:10,714 [Datanode State Machine Daemon Thread] INFO  statemachine.DatanodeStateMachine (DatanodeStateMachine.java:lambda$startDaemon$0(517)) - Ozone container server started.
2023-04-22 02:18:10,743 [org.apache.hadoop.util.JvmPauseMonitor$Monitor@a36599f] INFO  util.JvmPauseMonitor (JvmPauseMonitor.java:run(188)) - Starting JVM pause monitor
2023-04-22 02:18:10,745 [Listener at 127.0.0.1/41793] INFO  ozone.HddsDatanodeService (HddsDatanodeService.java:start(252)) - HddsDatanodeService host:fv-az443-428.ap2fcshprsnunfx25e1aelzb4b.cx.internal.cloudapp.net ip:10.1.0.20
2023-04-22 02:18:10,759 [Datanode State Machine Task Thread - 0] INFO  datanode.InitDatanodeState (InitDatanodeState.java:persistContainerDatanodeDetails(138)) - DatanodeDetails is persisted to /home/runner/work/ozone/ozone/hadoop-ozone/integration-test/target/test-dir/MiniOzoneClusterImpl-b640deff-6994-498f-92ea-4ac5c972f0d8/datanode-6/meta/datanode.id
2023-04-22 02:18:10,770 [Listener at 127.0.0.1/41793] INFO  upgrade.AbstractLayoutVersionManager (AbstractLayoutVersionManager.java:init(83)) - Initializing Layout version manager with metadata layout = WEBUI_PORTS_IN_DATANODEDETAILS (version = 6), software layout = WEBUI_PORTS_IN_DATANODEDETAILS (version = 6)
2023-04-22 02:18:10,830 [Listener at 127.0.0.1/41793] INFO  reflections.Reflections (Reflections.java:scan(232)) - Reflections took 59 ms to scan 7 urls, producing 156 keys and 369 values 
2023-04-22 02:18:10,831 [Listener at 127.0.0.1/41793] INFO  statemachine.DatanodeStateMachine (DatanodeStateMachine.java:getEndPointTaskThreadPoolSize(260)) - Datanode State Machine Task Thread Pool size 2
2023-04-22 02:18:10,833 [Listener at 127.0.0.1/41793] INFO  volume.HddsVolume (HddsVolume.java:<init>(130)) - Creating HddsVolume: /home/runner/work/ozone/ozone/hadoop-ozone/integration-test/target/test-dir/MiniOzoneClusterImpl-b640deff-6994-498f-92ea-4ac5c972f0d8/datanode-7/data-0/containers/hdds of storage type : DISK capacity : 9223372036854775807
2023-04-22 02:18:10,833 [Listener at 127.0.0.1/41793] INFO  volume.MutableVolumeSet (MutableVolumeSet.java:initializeVolumeSet(175)) - Added Volume : /home/runner/work/ozone/ozone/hadoop-ozone/integration-test/target/test-dir/MiniOzoneClusterImpl-b640deff-6994-498f-92ea-4ac5c972f0d8/datanode-7/data-0/containers/hdds to VolumeSet
2023-04-22 02:18:10,834 [Listener at 127.0.0.1/41793] INFO  volume.ThrottledAsyncChecker (ThrottledAsyncChecker.java:schedule(141)) - Scheduling a check for /home/runner/work/ozone/ozone/hadoop-ozone/integration-test/target/test-dir/MiniOzoneClusterImpl-b640deff-6994-498f-92ea-4ac5c972f0d8/datanode-7/data-0/containers/hdds
2023-04-22 02:18:10,834 [Listener at 127.0.0.1/41793] INFO  volume.StorageVolumeChecker (StorageVolumeChecker.java:checkAllVolumes(202)) - Scheduled health check for volume /home/runner/work/ozone/ozone/hadoop-ozone/integration-test/target/test-dir/MiniOzoneClusterImpl-b640deff-6994-498f-92ea-4ac5c972f0d8/datanode-7/data-0/containers/hdds
2023-04-22 02:18:10,837 [EndpointStateMachine task thread for /0.0.0.0:44143 - 0 ] INFO  utils.DatanodeStoreCache (DatanodeStoreCache.java:addDB(58)) - Added db /home/runner/work/ozone/ozone/hadoop-ozone/integration-test/target/test-dir/MiniOzoneClusterImpl-b640deff-6994-498f-92ea-4ac5c972f0d8/datanode-1/data-0/containers/hdds/b640deff-6994-498f-92ea-4ac5c972f0d8/DS-9a08fa8b-ed56-447a-801b-62dac7f579b8/container.db to cache
2023-04-22 02:18:10,838 [EndpointStateMachine task thread for /0.0.0.0:44143 - 0 ] INFO  volume.HddsVolume (HddsVolume.java:createDbStore(350)) - SchemaV3 db is created and loaded at /home/runner/work/ozone/ozone/hadoop-ozone/integration-test/target/test-dir/MiniOzoneClusterImpl-b640deff-6994-498f-92ea-4ac5c972f0d8/datanode-1/data-0/containers/hdds/b640deff-6994-498f-92ea-4ac5c972f0d8/DS-9a08fa8b-ed56-447a-801b-62dac7f579b8/container.db for volume DS-9a08fa8b-ed56-447a-801b-62dac7f579b8
2023-04-22 02:18:10,839 [EndpointStateMachine task thread for /0.0.0.0:44143 - 0 ] INFO  ozoneimpl.OzoneContainer (OzoneContainer.java:start(397)) - Attempting to start container services.
2023-04-22 02:18:10,839 [EndpointStateMachine task thread for /0.0.0.0:44143 - 0 ] INFO  ozoneimpl.OzoneContainer (OzoneContainer.java:startContainerScrub(314)) - Scheduled background container scanners and the on-demand container scanner have been disabled.
2023-04-22 02:18:10,850 [EndpointStateMachine task thread for /0.0.0.0:44143 - 0 ] INFO  replication.ReplicationServer (ReplicationServer.java:start(109)) - ReplicationServer is started using port 32887
2023-04-22 02:18:10,854 [EndpointStateMachine task thread for /0.0.0.0:44143 - 0 ] INFO  ratis.XceiverServerRatis (XceiverServerRatis.java:start(517)) - Starting XceiverServerRatis 44aa5787-a9ca-4d27-a88e-9069c8f4547b
2023-04-22 02:18:10,859 [EndpointStateMachine task thread for /0.0.0.0:44143 - 0 ] INFO  server.RaftServer (RaftServerProxy.java:startImpl(393)) - 44aa5787-a9ca-4d27-a88e-9069c8f4547b: start RPC server
2023-04-22 02:18:10,861 [EndpointStateMachine task thread for /0.0.0.0:44143 - 0 ] INFO  server.GrpcService (GrpcService.java:startImpl(262)) - 44aa5787-a9ca-4d27-a88e-9069c8f4547b: GrpcService started, listening on 46431
2023-04-22 02:18:10,865 [Listener at 127.0.0.1/41793] INFO  volume.MutableVolumeSet (MutableVolumeSet.java:initializeVolumeSet(175)) - Added Volume : /home/runner/work/ozone/ozone/hadoop-ozone/integration-test/target/test-dir/MiniOzoneClusterImpl-b640deff-6994-498f-92ea-4ac5c972f0d8/datanode-7/data/ratis to VolumeSet
2023-04-22 02:18:10,865 [Listener at 127.0.0.1/41793] INFO  volume.ThrottledAsyncChecker (ThrottledAsyncChecker.java:schedule(141)) - Scheduling a check for /home/runner/work/ozone/ozone/hadoop-ozone/integration-test/target/test-dir/MiniOzoneClusterImpl-b640deff-6994-498f-92ea-4ac5c972f0d8/datanode-7/data/ratis
2023-04-22 02:18:10,865 [EndpointStateMachine task thread for /0.0.0.0:44143 - 0 ] INFO  ratis.XceiverServerRatis (XceiverServerRatis.java:getRealPort(543)) - XceiverServerRatis 44aa5787-a9ca-4d27-a88e-9069c8f4547b is started using port 46431 for RATIS
2023-04-22 02:18:10,865 [JvmPauseMonitor2] INFO  util.JvmPauseMonitor (JvmPauseMonitor.java:run(105)) - JvmPauseMonitor-44aa5787-a9ca-4d27-a88e-9069c8f4547b: Started
2023-04-22 02:18:10,865 [EndpointStateMachine task thread for /0.0.0.0:44143 - 0 ] INFO  ratis.XceiverServerRatis (XceiverServerRatis.java:getRealPort(543)) - XceiverServerRatis 44aa5787-a9ca-4d27-a88e-9069c8f4547b is started using port 46431 for RATIS_ADMIN
2023-04-22 02:18:10,865 [EndpointStateMachine task thread for /0.0.0.0:44143 - 0 ] INFO  ratis.XceiverServerRatis (XceiverServerRatis.java:getRealPort(543)) - XceiverServerRatis 44aa5787-a9ca-4d27-a88e-9069c8f4547b is started using port 46431 for RATIS_SERVER
2023-04-22 02:18:10,865 [EndpointStateMachine task thread for /0.0.0.0:44143 - 0 ] INFO  ratis.XceiverServerRatis (XceiverServerRatis.java:getRealPort(543)) - XceiverServerRatis 44aa5787-a9ca-4d27-a88e-9069c8f4547b is started using port 44789 for RATIS_DATASTREAM
2023-04-22 02:18:10,868 [EndpointStateMachine task thread for /0.0.0.0:44143 - 0 ] INFO  server.XceiverServerGrpc (XceiverServerGrpc.java:start(180)) - XceiverServerGrpc 44aa5787-a9ca-4d27-a88e-9069c8f4547b is started using port 38063
2023-04-22 02:18:10,873 [BlockDeletingService#0] INFO  interfaces.ContainerDeletionChoosingPolicyTemplate (ContainerDeletionChoosingPolicyTemplate.java:chooseContainerForBlockDeletion(83)) - Chosen 0/5000 blocks from 0 candidate containers.
2023-04-22 02:18:10,876 [Listener at 127.0.0.1/41793] INFO  volume.StorageVolumeChecker (StorageVolumeChecker.java:checkAllVolumes(202)) - Scheduled health check for volume /home/runner/work/ozone/ozone/hadoop-ozone/integration-test/target/test-dir/MiniOzoneClusterImpl-b640deff-6994-498f-92ea-4ac5c972f0d8/datanode-7/data/ratis
2023-04-22 02:18:10,886 [Thread-250] INFO  ozoneimpl.ContainerReader (ContainerReader.java:readVolume(175)) - Finish verifying containers on volume /home/runner/work/ozone/ozone/hadoop-ozone/integration-test/target/test-dir/MiniOzoneClusterImpl-b640deff-6994-498f-92ea-4ac5c972f0d8/datanode-7/data-0/containers/hdds
2023-04-22 02:18:10,886 [Listener at 127.0.0.1/41793] INFO  ozoneimpl.OzoneContainer (OzoneContainer.java:buildContainerSet(303)) - Build ContainerSet costs 0s
2023-04-22 02:18:10,889 [Listener at 127.0.0.1/41793] INFO  server.RaftServer (ConfUtils.java:logGet(46)) - raft.rpc.type = GRPC (default)
2023-04-22 02:18:10,889 [Listener at 127.0.0.1/41793] INFO  grpc.GrpcConfigKeys (ConfUtils.java:logFallback(53)) - raft.grpc.admin.host = null (fallback to raft.grpc.server.host)
2023-04-22 02:18:10,889 [Listener at 127.0.0.1/41793] INFO  grpc.GrpcConfigKeys (ConfUtils.java:logGet(46)) - raft.grpc.admin.port = 0 (custom)
2023-04-22 02:18:10,889 [Listener at 127.0.0.1/41793] INFO  grpc.GrpcConfigKeys (ConfUtils.java:logFallback(53)) - raft.grpc.client.host = null (fallback to raft.grpc.server.host)
2023-04-22 02:18:10,889 [Listener at 127.0.0.1/41793] INFO  grpc.GrpcConfigKeys (ConfUtils.java:logGet(46)) - raft.grpc.client.port = 0 (custom)
2023-04-22 02:18:10,889 [Listener at 127.0.0.1/41793] INFO  grpc.GrpcConfigKeys (ConfUtils.java:logGet(46)) - raft.grpc.server.host = null (default)
2023-04-22 02:18:10,889 [Listener at 127.0.0.1/41793] INFO  grpc.GrpcConfigKeys (ConfUtils.java:logGet(46)) - raft.grpc.server.port = 0 (default)
2023-04-22 02:18:10,890 [Listener at 127.0.0.1/41793] INFO  server.GrpcService (ConfUtils.java:logGet(46)) - raft.grpc.message.size.max = 32MB (=33554432) (custom)
2023-04-22 02:18:10,890 [Listener at 127.0.0.1/41793] INFO  server.RaftServerConfigKeys (ConfUtils.java:logGet(46)) - raft.server.log.appender.buffer.byte-limit = 33554432 (custom)
2023-04-22 02:18:10,890 [Listener at 127.0.0.1/41793] INFO  server.GrpcService (ConfUtils.java:logGet(46)) - raft.grpc.flow.control.window = 5MB (=5242880) (custom)
2023-04-22 02:18:10,890 [Listener at 127.0.0.1/41793] INFO  server.RaftServerConfigKeys (ConfUtils.java:logGet(46)) - raft.server.rpc.request.timeout = 3000ms (default)
2023-04-22 02:18:10,890 [Listener at 127.0.0.1/41793] INFO  grpc.GrpcConfigKeys (ConfUtils.java:logGet(46)) - raft.grpc.server.heartbeat.channel = true (default)
2023-04-22 02:18:10,890 [Listener at 127.0.0.1/41793] INFO  grpc.GrpcConfigKeys (ConfUtils.java:logGet(46)) - raft.grpc.server.async.request.thread.pool.cached = true (default)
2023-04-22 02:18:10,890 [Listener at 127.0.0.1/41793] INFO  grpc.GrpcConfigKeys (ConfUtils.java:logGet(46)) - raft.grpc.server.async.request.thread.pool.size = 32 (default)
2023-04-22 02:18:10,891 [Listener at 127.0.0.1/41793] INFO  impl.DataStreamServerImpl (ConfUtils.java:logGet(46)) - raft.datastream.type = NETTY (custom)
2023-04-22 02:18:10,892 [Listener at 127.0.0.1/41793] INFO  server.RaftServerConfigKeys (ConfUtils.java:logGet(46)) - raft.server.data-stream.async.request.thread.pool.cached = false (default)
2023-04-22 02:18:10,892 [Listener at 127.0.0.1/41793] INFO  server.RaftServerConfigKeys (ConfUtils.java:logGet(46)) - raft.server.data-stream.async.request.thread.pool.size = 20 (custom)
2023-04-22 02:18:10,892 [Listener at 127.0.0.1/41793] INFO  server.RaftServerConfigKeys (ConfUtils.java:logGet(46)) - raft.server.data-stream.async.write.thread.pool.size = 16 (default)
2023-04-22 02:18:10,892 [Listener at 127.0.0.1/41793] INFO  server.RaftServerConfigKeys (ConfUtils.java:logGet(46)) - raft.server.data-stream.client.pool.size = 10 (default)
2023-04-22 02:18:10,892 [Listener at 127.0.0.1/41793] INFO  netty.NettyConfigKeys$DataStream (ConfUtils.java:logGet(46)) - raft.netty.dataStream.server.use-epoll = false (default)
2023-04-22 02:18:10,892 [Listener at 127.0.0.1/41793] INFO  netty.NettyConfigKeys$DataStream (ConfUtils.java:logGet(46)) - raft.netty.dataStream.server.boss-group.size = 0 (default)
2023-04-22 02:18:10,892 [Listener at 127.0.0.1/41793] INFO  netty.NettyConfigKeys$DataStream (ConfUtils.java:logGet(46)) - raft.netty.dataStream.server.worker-group.size = 0 (default)
2023-04-22 02:18:10,893 [Listener at 127.0.0.1/41793] INFO  netty.NettyConfigKeys$DataStream (ConfUtils.java:logGet(46)) - raft.netty.dataStream.server.tls.conf = null (default)
2023-04-22 02:18:10,893 [Listener at 127.0.0.1/41793] INFO  netty.NettyConfigKeys$DataStream (ConfUtils.java:logGet(46)) - raft.netty.dataStream.host = null (default)
2023-04-22 02:18:10,893 [Listener at 127.0.0.1/41793] INFO  netty.NettyConfigKeys$DataStream (ConfUtils.java:logGet(46)) - raft.netty.dataStream.port = 0 (default)
2023-04-22 02:18:10,893 [Listener at 127.0.0.1/41793] INFO  server.RaftServerConfigKeys (ConfUtils.java:logGet(46)) - raft.server.threadpool.proxy.cached = true (default)
2023-04-22 02:18:10,893 [Listener at 127.0.0.1/41793] INFO  server.RaftServerConfigKeys (ConfUtils.java:logGet(46)) - raft.server.threadpool.proxy.size = 0 (default)
2023-04-22 02:18:10,894 [Listener at 127.0.0.1/41793] INFO  server.RaftServerConfigKeys (ConfUtils.java:logGet(46)) - raft.server.rpc.slowness.timeout = 300000ms (custom)
2023-04-22 02:18:10,894 [Listener at 127.0.0.1/41793] INFO  server.RaftServerConfigKeys (ConfUtils.java:logGet(46)) - raft.server.leaderelection.leader.step-down.wait-time = 10s (default)
2023-04-22 02:18:10,894 [Listener at 127.0.0.1/41793] INFO  server.RaftServerConfigKeys (ConfUtils.java:logGet(46)) - raft.server.storage.dir = [/home/runner/work/ozone/ozone/hadoop-ozone/integration-test/target/test-dir/MiniOzoneClusterImpl-b640deff-6994-498f-92ea-4ac5c972f0d8/datanode-7/data/ratis] (custom)
2023-04-22 02:18:10,895 [2e77c710-dcb3-40c4-9ab8-375ebf5b60c5-NettyServerStreamRpc-bossGroup--thread1] INFO  logging.LoggingHandler (AbstractInternalLogger.java:log(148)) - [id: 0x05230c51] REGISTERED
2023-04-22 02:18:10,895 [2e77c710-dcb3-40c4-9ab8-375ebf5b60c5-NettyServerStreamRpc-bossGroup--thread1] INFO  logging.LoggingHandler (AbstractInternalLogger.java:log(148)) - [id: 0x05230c51] BIND: 0.0.0.0/0.0.0.0:0
2023-04-22 02:18:10,895 [2e77c710-dcb3-40c4-9ab8-375ebf5b60c5-NettyServerStreamRpc-bossGroup--thread1] INFO  logging.LoggingHandler (AbstractInternalLogger.java:log(148)) - [id: 0x05230c51, L:/0:0:0:0:0:0:0:0:33365] ACTIVE
2023-04-22 02:18:10,896 [Listener at 127.0.0.1/41793] INFO  server.XceiverServerGrpc (XceiverServerGrpc.java:<init>(132)) - GrpcServer channel type EpollServerSocketChannel
2023-04-22 02:18:10,903 [Listener at 127.0.0.1/41793] INFO  http.BaseHttpServer (BaseHttpServer.java:newHttpServer2BuilderForOzone(224)) - Starting Web-server for hddsDatanode at: http://0.0.0.0:0
2023-04-22 02:18:10,903 [Listener at 127.0.0.1/41793] INFO  http.BaseHttpServer (BaseHttpServer.java:<init>(111)) - Hadoop Security Enabled: false Ozone Security Enabled: false Ozone HTTP Security Enabled: false 
2023-04-22 02:18:10,904 [Listener at 127.0.0.1/41793] WARN  server.AuthenticationFilter (AuthenticationFilter.java:constructSecretProvider(240)) - Unable to initialize FileSignerSecretProvider, falling back to use random secrets. Reason: Could not read signature secret file: /home/runner/hadoop-http-auth-signature-secret
2023-04-22 02:18:10,905 [Listener at 127.0.0.1/41793] INFO  http.HttpRequestLog (HttpRequestLog.java:getRequestLog(86)) - Http request log for http.requests.hddsDatanode is not defined
2023-04-22 02:18:10,906 [Listener at 127.0.0.1/41793] INFO  http.HttpServer2 (HttpServer2.java:addGlobalFilter(1031)) - Added global filter 'safety' (class=org.apache.hadoop.hdds.server.http.HttpServer2$QuotingInputFilter)
2023-04-22 02:18:10,907 [Listener at 127.0.0.1/41793] INFO  http.HttpServer2 (HttpServer2.java:addFilter(1007)) - Added filter static_user_filter (class=org.apache.hadoop.http.lib.StaticUserWebFilter$StaticUserFilter) to context hddsDatanode
2023-04-22 02:18:10,907 [Listener at 127.0.0.1/41793] INFO  http.HttpServer2 (HttpServer2.java:addFilter(1015)) - Added filter static_user_filter (class=org.apache.hadoop.http.lib.StaticUserWebFilter$StaticUserFilter) to context logs
2023-04-22 02:18:10,907 [Listener at 127.0.0.1/41793] INFO  http.HttpServer2 (HttpServer2.java:addFilter(1015)) - Added filter static_user_filter (class=org.apache.hadoop.http.lib.StaticUserWebFilter$StaticUserFilter) to context static
2023-04-22 02:18:10,908 [Listener at 127.0.0.1/41793] INFO  http.BaseHttpServer (BaseHttpServer.java:<init>(190)) - HTTP server of hddsDatanode uses base directory /home/runner/work/ozone/ozone/hadoop-ozone/integration-test/target/test-dir/MiniOzoneClusterImpl-b640deff-6994-498f-92ea-4ac5c972f0d8/datanode-7/meta/webserver
2023-04-22 02:18:10,908 [Listener at 127.0.0.1/41793] INFO  http.HttpServer2 (HttpServer2.java:bindListener(1250)) - Jetty bound to port 34977
2023-04-22 02:18:10,908 [Listener at 127.0.0.1/41793] INFO  server.Server (Server.java:doStart(375)) - jetty-9.4.51.v20230217; built: 2023-02-17T08:19:37.309Z; git: b45c405e4544384de066f814ed42ae3dceacdd49; jvm 1.8.0_362-b09
2023-04-22 02:18:10,909 [Listener at 127.0.0.1/41793] INFO  server.session (DefaultSessionIdManager.java:doStart(334)) - DefaultSessionIdManager workerName=node0
2023-04-22 02:18:10,910 [Listener at 127.0.0.1/41793] INFO  server.session (DefaultSessionIdManager.java:doStart(339)) - No SessionScavenger set, using defaults
2023-04-22 02:18:10,910 [Listener at 127.0.0.1/41793] INFO  server.session (HouseKeeper.java:startScavenging(132)) - node0 Scavenging every 660000ms
2023-04-22 02:18:10,910 [Listener at 127.0.0.1/41793] INFO  handler.ContextHandler (ContextHandler.java:doStart(921)) - Started o.e.j.s.ServletContextHandler@3fc8b0cd{logs,/logs,file:///home/runner/work/ozone/ozone/hadoop-ozone/integration-test/target/log,AVAILABLE}
2023-04-22 02:18:10,911 [Listener at 127.0.0.1/41793] INFO  handler.ContextHandler (ContextHandler.java:doStart(921)) - Started o.e.j.s.ServletContextHandler@696dbfb8{static,/static,jar:file:/home/runner/.m2/repository/org/apache/ozone/hdds-container-service/1.4.0-SNAPSHOT/hdds-container-service-1.4.0-SNAPSHOT.jar!/webapps/static,AVAILABLE}
2023-04-22 02:18:11,109 [Listener at 127.0.0.1/41793] INFO  handler.ContextHandler (ContextHandler.java:doStart(921)) - Started o.e.j.w.WebAppContext@3a5d4375{hddsDatanode,/,file:///home/runner/work/ozone/ozone/hadoop-ozone/integration-test/target/test-dir/MiniOzoneClusterImpl-b640deff-6994-498f-92ea-4ac5c972f0d8/datanode-7/meta/webserver/jetty-0_0_0_0-34977-hdds-container-service-1_4_0-SNAPSHOT_jar-_-any-432883546144622732/webapp/,AVAILABLE}{jar:file:/home/runner/.m2/repository/org/apache/ozone/hdds-container-service/1.4.0-SNAPSHOT/hdds-container-service-1.4.0-SNAPSHOT.jar!/webapps/hddsDatanode}
2023-04-22 02:18:11,111 [Listener at 127.0.0.1/41793] INFO  server.AbstractConnector (AbstractConnector.java:doStart(333)) - Started ServerConnector@6118f44a{HTTP/1.1, (http/1.1)}{0.0.0.0:34977}
2023-04-22 02:18:11,111 [Listener at 127.0.0.1/41793] INFO  server.Server (Server.java:doStart(415)) - Started @10761ms
2023-04-22 02:18:11,111 [Listener at 127.0.0.1/41793] WARN  impl.MetricsSystemImpl (MetricsSystemImpl.java:register(279)) - Sink prometheus already exists!
2023-04-22 02:18:11,112 [Listener at 127.0.0.1/41793] INFO  http.BaseHttpServer (BaseHttpServer.java:updateConnectorAddress(344)) - HTTP server of hddsDatanode listening at http://0.0.0.0:34977
2023-04-22 02:18:11,112 [Listener at 127.0.0.1/41793] WARN  impl.MetricRegistriesImpl (MetricRegistriesImpl.java:addReporterRegistration(111)) - New reporters are added after registries were created. Some metrics will be missing from the reporter. Please add reporter before adding any new registry.
2023-04-22 02:18:11,112 [Listener at 127.0.0.1/41793] WARN  impl.MetricRegistriesImpl (MetricRegistriesImpl.java:addReporterRegistration(111)) - New reporters are added after registries were created. Some metrics will be missing from the reporter. Please add reporter before adding any new registry.
2023-04-22 02:18:11,112 [Listener at 127.0.0.1/41793] INFO  impl.MetricsSystemImpl (MetricsSystemImpl.java:init(158)) - HddsDatanode metrics system started (again)
2023-04-22 02:18:11,119 [Datanode State Machine Daemon Thread] INFO  statemachine.DatanodeStateMachine (DatanodeStateMachine.java:lambda$startDaemon$0(517)) - Ozone container server started.
2023-04-22 02:18:11,134 [org.apache.hadoop.util.JvmPauseMonitor$Monitor@5528d81d] INFO  util.JvmPauseMonitor (JvmPauseMonitor.java:run(188)) - Starting JVM pause monitor
2023-04-22 02:18:11,140 [Listener at 127.0.0.1/41793] INFO  ozone.HddsDatanodeService (HddsDatanodeService.java:start(252)) - HddsDatanodeService host:fv-az443-428.ap2fcshprsnunfx25e1aelzb4b.cx.internal.cloudapp.net ip:10.1.0.20
2023-04-22 02:18:11,146 [Datanode State Machine Task Thread - 0] INFO  datanode.InitDatanodeState (InitDatanodeState.java:persistContainerDatanodeDetails(138)) - DatanodeDetails is persisted to /home/runner/work/ozone/ozone/hadoop-ozone/integration-test/target/test-dir/MiniOzoneClusterImpl-b640deff-6994-498f-92ea-4ac5c972f0d8/datanode-7/meta/datanode.id
2023-04-22 02:18:11,159 [Listener at 127.0.0.1/41793] INFO  upgrade.AbstractLayoutVersionManager (AbstractLayoutVersionManager.java:init(83)) - Initializing Layout version manager with metadata layout = WEBUI_PORTS_IN_DATANODEDETAILS (version = 6), software layout = WEBUI_PORTS_IN_DATANODEDETAILS (version = 6)
2023-04-22 02:18:11,226 [Listener at 127.0.0.1/41793] INFO  reflections.Reflections (Reflections.java:scan(232)) - Reflections took 63 ms to scan 7 urls, producing 156 keys and 369 values 
2023-04-22 02:18:11,227 [EndpointStateMachine task thread for /0.0.0.0:44143 - 0 ] INFO  utils.DatanodeStoreCache (DatanodeStoreCache.java:addDB(58)) - Added db /home/runner/work/ozone/ozone/hadoop-ozone/integration-test/target/test-dir/MiniOzoneClusterImpl-b640deff-6994-498f-92ea-4ac5c972f0d8/datanode-2/data-0/containers/hdds/b640deff-6994-498f-92ea-4ac5c972f0d8/DS-adfdaa7e-4072-4fa7-b55f-3c8df35d86f2/container.db to cache
2023-04-22 02:18:11,227 [EndpointStateMachine task thread for /0.0.0.0:44143 - 0 ] INFO  volume.HddsVolume (HddsVolume.java:createDbStore(350)) - SchemaV3 db is created and loaded at /home/runner/work/ozone/ozone/hadoop-ozone/integration-test/target/test-dir/MiniOzoneClusterImpl-b640deff-6994-498f-92ea-4ac5c972f0d8/datanode-2/data-0/containers/hdds/b640deff-6994-498f-92ea-4ac5c972f0d8/DS-adfdaa7e-4072-4fa7-b55f-3c8df35d86f2/container.db for volume DS-adfdaa7e-4072-4fa7-b55f-3c8df35d86f2
2023-04-22 02:18:11,227 [EndpointStateMachine task thread for /0.0.0.0:44143 - 0 ] INFO  ozoneimpl.OzoneContainer (OzoneContainer.java:start(397)) - Attempting to start container services.
2023-04-22 02:18:11,227 [EndpointStateMachine task thread for /0.0.0.0:44143 - 0 ] INFO  ozoneimpl.OzoneContainer (OzoneContainer.java:startContainerScrub(314)) - Scheduled background container scanners and the on-demand container scanner have been disabled.
2023-04-22 02:18:11,234 [EndpointStateMachine task thread for /0.0.0.0:44143 - 0 ] INFO  replication.ReplicationServer (ReplicationServer.java:start(109)) - ReplicationServer is started using port 35047
2023-04-22 02:18:11,235 [EndpointStateMachine task thread for /0.0.0.0:44143 - 0 ] INFO  ratis.XceiverServerRatis (XceiverServerRatis.java:start(517)) - Starting XceiverServerRatis 6aaf5ca8-0737-4296-ba95-7f0e9402c55b
2023-04-22 02:18:11,235 [EndpointStateMachine task thread for /0.0.0.0:44143 - 0 ] INFO  server.RaftServer (RaftServerProxy.java:startImpl(393)) - 6aaf5ca8-0737-4296-ba95-7f0e9402c55b: start RPC server
2023-04-22 02:18:11,236 [Listener at 127.0.0.1/41793] INFO  statemachine.DatanodeStateMachine (DatanodeStateMachine.java:getEndPointTaskThreadPoolSize(260)) - Datanode State Machine Task Thread Pool size 2
2023-04-22 02:18:11,239 [EndpointStateMachine task thread for /0.0.0.0:44143 - 0 ] INFO  server.GrpcService (GrpcService.java:startImpl(262)) - 6aaf5ca8-0737-4296-ba95-7f0e9402c55b: GrpcService started, listening on 37225
2023-04-22 02:18:11,240 [EndpointStateMachine task thread for /0.0.0.0:44143 - 0 ] INFO  ratis.XceiverServerRatis (XceiverServerRatis.java:getRealPort(543)) - XceiverServerRatis 6aaf5ca8-0737-4296-ba95-7f0e9402c55b is started using port 37225 for RATIS
2023-04-22 02:18:11,240 [EndpointStateMachine task thread for /0.0.0.0:44143 - 0 ] INFO  ratis.XceiverServerRatis (XceiverServerRatis.java:getRealPort(543)) - XceiverServerRatis 6aaf5ca8-0737-4296-ba95-7f0e9402c55b is started using port 37225 for RATIS_ADMIN
2023-04-22 02:18:11,240 [JvmPauseMonitor3] INFO  util.JvmPauseMonitor (JvmPauseMonitor.java:run(105)) - JvmPauseMonitor-6aaf5ca8-0737-4296-ba95-7f0e9402c55b: Started
2023-04-22 02:18:11,240 [EndpointStateMachine task thread for /0.0.0.0:44143 - 0 ] INFO  ratis.XceiverServerRatis (XceiverServerRatis.java:getRealPort(543)) - XceiverServerRatis 6aaf5ca8-0737-4296-ba95-7f0e9402c55b is started using port 37225 for RATIS_SERVER
2023-04-22 02:18:11,241 [EndpointStateMachine task thread for /0.0.0.0:44143 - 0 ] INFO  ratis.XceiverServerRatis (XceiverServerRatis.java:getRealPort(543)) - XceiverServerRatis 6aaf5ca8-0737-4296-ba95-7f0e9402c55b is started using port 33711 for RATIS_DATASTREAM
2023-04-22 02:18:11,242 [Listener at 127.0.0.1/41793] INFO  volume.HddsVolume (HddsVolume.java:<init>(130)) - Creating HddsVolume: /home/runner/work/ozone/ozone/hadoop-ozone/integration-test/target/test-dir/MiniOzoneClusterImpl-b640deff-6994-498f-92ea-4ac5c972f0d8/datanode-8/data-0/containers/hdds of storage type : DISK capacity : 9223372036854775807
2023-04-22 02:18:11,242 [Listener at 127.0.0.1/41793] INFO  volume.MutableVolumeSet (MutableVolumeSet.java:initializeVolumeSet(175)) - Added Volume : /home/runner/work/ozone/ozone/hadoop-ozone/integration-test/target/test-dir/MiniOzoneClusterImpl-b640deff-6994-498f-92ea-4ac5c972f0d8/datanode-8/data-0/containers/hdds to VolumeSet
2023-04-22 02:18:11,242 [Listener at 127.0.0.1/41793] INFO  volume.ThrottledAsyncChecker (ThrottledAsyncChecker.java:schedule(141)) - Scheduling a check for /home/runner/work/ozone/ozone/hadoop-ozone/integration-test/target/test-dir/MiniOzoneClusterImpl-b640deff-6994-498f-92ea-4ac5c972f0d8/datanode-8/data-0/containers/hdds
2023-04-22 02:18:11,254 [EndpointStateMachine task thread for /0.0.0.0:44143 - 0 ] INFO  server.XceiverServerGrpc (XceiverServerGrpc.java:start(180)) - XceiverServerGrpc 6aaf5ca8-0737-4296-ba95-7f0e9402c55b is started using port 37623
2023-04-22 02:18:11,255 [Listener at 127.0.0.1/41793] INFO  volume.StorageVolumeChecker (StorageVolumeChecker.java:checkAllVolumes(202)) - Scheduled health check for volume /home/runner/work/ozone/ozone/hadoop-ozone/integration-test/target/test-dir/MiniOzoneClusterImpl-b640deff-6994-498f-92ea-4ac5c972f0d8/datanode-8/data-0/containers/hdds
2023-04-22 02:18:11,264 [BlockDeletingService#0] INFO  interfaces.ContainerDeletionChoosingPolicyTemplate (ContainerDeletionChoosingPolicyTemplate.java:chooseContainerForBlockDeletion(83)) - Chosen 0/5000 blocks from 0 candidate containers.
2023-04-22 02:18:11,271 [Listener at 127.0.0.1/41793] INFO  volume.MutableVolumeSet (MutableVolumeSet.java:initializeVolumeSet(175)) - Added Volume : /home/runner/work/ozone/ozone/hadoop-ozone/integration-test/target/test-dir/MiniOzoneClusterImpl-b640deff-6994-498f-92ea-4ac5c972f0d8/datanode-8/data/ratis to VolumeSet
2023-04-22 02:18:11,271 [Listener at 127.0.0.1/41793] INFO  volume.ThrottledAsyncChecker (ThrottledAsyncChecker.java:schedule(141)) - Scheduling a check for /home/runner/work/ozone/ozone/hadoop-ozone/integration-test/target/test-dir/MiniOzoneClusterImpl-b640deff-6994-498f-92ea-4ac5c972f0d8/datanode-8/data/ratis
2023-04-22 02:18:11,271 [Listener at 127.0.0.1/41793] INFO  volume.StorageVolumeChecker (StorageVolumeChecker.java:checkAllVolumes(202)) - Scheduled health check for volume /home/runner/work/ozone/ozone/hadoop-ozone/integration-test/target/test-dir/MiniOzoneClusterImpl-b640deff-6994-498f-92ea-4ac5c972f0d8/datanode-8/data/ratis
2023-04-22 02:18:11,281 [Thread-269] INFO  ozoneimpl.ContainerReader (ContainerReader.java:readVolume(175)) - Finish verifying containers on volume /home/runner/work/ozone/ozone/hadoop-ozone/integration-test/target/test-dir/MiniOzoneClusterImpl-b640deff-6994-498f-92ea-4ac5c972f0d8/datanode-8/data-0/containers/hdds
2023-04-22 02:18:11,281 [Listener at 127.0.0.1/41793] INFO  ozoneimpl.OzoneContainer (OzoneContainer.java:buildContainerSet(303)) - Build ContainerSet costs 0s
2023-04-22 02:18:11,284 [Listener at 127.0.0.1/41793] INFO  server.RaftServer (ConfUtils.java:logGet(46)) - raft.rpc.type = GRPC (default)
2023-04-22 02:18:11,284 [Listener at 127.0.0.1/41793] INFO  grpc.GrpcConfigKeys (ConfUtils.java:logFallback(53)) - raft.grpc.admin.host = null (fallback to raft.grpc.server.host)
2023-04-22 02:18:11,284 [Listener at 127.0.0.1/41793] INFO  grpc.GrpcConfigKeys (ConfUtils.java:logGet(46)) - raft.grpc.admin.port = 0 (custom)
2023-04-22 02:18:11,284 [Listener at 127.0.0.1/41793] INFO  grpc.GrpcConfigKeys (ConfUtils.java:logFallback(53)) - raft.grpc.client.host = null (fallback to raft.grpc.server.host)
2023-04-22 02:18:11,284 [Listener at 127.0.0.1/41793] INFO  grpc.GrpcConfigKeys (ConfUtils.java:logGet(46)) - raft.grpc.client.port = 0 (custom)
2023-04-22 02:18:11,284 [Listener at 127.0.0.1/41793] INFO  grpc.GrpcConfigKeys (ConfUtils.java:logGet(46)) - raft.grpc.server.host = null (default)
2023-04-22 02:18:11,285 [Listener at 127.0.0.1/41793] INFO  grpc.GrpcConfigKeys (ConfUtils.java:logGet(46)) - raft.grpc.server.port = 0 (default)
2023-04-22 02:18:11,285 [Listener at 127.0.0.1/41793] INFO  server.GrpcService (ConfUtils.java:logGet(46)) - raft.grpc.message.size.max = 32MB (=33554432) (custom)
2023-04-22 02:18:11,285 [Listener at 127.0.0.1/41793] INFO  server.RaftServerConfigKeys (ConfUtils.java:logGet(46)) - raft.server.log.appender.buffer.byte-limit = 33554432 (custom)
2023-04-22 02:18:11,285 [Listener at 127.0.0.1/41793] INFO  server.GrpcService (ConfUtils.java:logGet(46)) - raft.grpc.flow.control.window = 5MB (=5242880) (custom)
2023-04-22 02:18:11,285 [Listener at 127.0.0.1/41793] INFO  server.RaftServerConfigKeys (ConfUtils.java:logGet(46)) - raft.server.rpc.request.timeout = 3000ms (default)
2023-04-22 02:18:11,285 [Listener at 127.0.0.1/41793] INFO  grpc.GrpcConfigKeys (ConfUtils.java:logGet(46)) - raft.grpc.server.heartbeat.channel = true (default)
2023-04-22 02:18:11,285 [Listener at 127.0.0.1/41793] INFO  grpc.GrpcConfigKeys (ConfUtils.java:logGet(46)) - raft.grpc.server.async.request.thread.pool.cached = true (default)
2023-04-22 02:18:11,285 [Listener at 127.0.0.1/41793] INFO  grpc.GrpcConfigKeys (ConfUtils.java:logGet(46)) - raft.grpc.server.async.request.thread.pool.size = 32 (default)
2023-04-22 02:18:11,286 [Listener at 127.0.0.1/41793] INFO  impl.DataStreamServerImpl (ConfUtils.java:logGet(46)) - raft.datastream.type = NETTY (custom)
2023-04-22 02:18:11,287 [Listener at 127.0.0.1/41793] INFO  server.RaftServerConfigKeys (ConfUtils.java:logGet(46)) - raft.server.data-stream.async.request.thread.pool.cached = false (default)
2023-04-22 02:18:11,287 [Listener at 127.0.0.1/41793] INFO  server.RaftServerConfigKeys (ConfUtils.java:logGet(46)) - raft.server.data-stream.async.request.thread.pool.size = 20 (custom)
2023-04-22 02:18:11,287 [Listener at 127.0.0.1/41793] INFO  server.RaftServerConfigKeys (ConfUtils.java:logGet(46)) - raft.server.data-stream.async.write.thread.pool.size = 16 (default)
2023-04-22 02:18:11,287 [Listener at 127.0.0.1/41793] INFO  server.RaftServerConfigKeys (ConfUtils.java:logGet(46)) - raft.server.data-stream.client.pool.size = 10 (default)
2023-04-22 02:18:11,287 [Listener at 127.0.0.1/41793] INFO  netty.NettyConfigKeys$DataStream (ConfUtils.java:logGet(46)) - raft.netty.dataStream.server.use-epoll = false (default)
2023-04-22 02:18:11,287 [Listener at 127.0.0.1/41793] INFO  netty.NettyConfigKeys$DataStream (ConfUtils.java:logGet(46)) - raft.netty.dataStream.server.boss-group.size = 0 (default)
2023-04-22 02:18:11,288 [Listener at 127.0.0.1/41793] INFO  netty.NettyConfigKeys$DataStream (ConfUtils.java:logGet(46)) - raft.netty.dataStream.server.worker-group.size = 0 (default)
2023-04-22 02:18:11,288 [Listener at 127.0.0.1/41793] INFO  netty.NettyConfigKeys$DataStream (ConfUtils.java:logGet(46)) - raft.netty.dataStream.server.tls.conf = null (default)
2023-04-22 02:18:11,288 [Listener at 127.0.0.1/41793] INFO  netty.NettyConfigKeys$DataStream (ConfUtils.java:logGet(46)) - raft.netty.dataStream.host = null (default)
2023-04-22 02:18:11,288 [Listener at 127.0.0.1/41793] INFO  netty.NettyConfigKeys$DataStream (ConfUtils.java:logGet(46)) - raft.netty.dataStream.port = 0 (default)
2023-04-22 02:18:11,289 [Listener at 127.0.0.1/41793] INFO  server.RaftServerConfigKeys (ConfUtils.java:logGet(46)) - raft.server.threadpool.proxy.cached = true (default)
2023-04-22 02:18:11,289 [Listener at 127.0.0.1/41793] INFO  server.RaftServerConfigKeys (ConfUtils.java:logGet(46)) - raft.server.threadpool.proxy.size = 0 (default)
2023-04-22 02:18:11,289 [Listener at 127.0.0.1/41793] INFO  server.RaftServerConfigKeys (ConfUtils.java:logGet(46)) - raft.server.rpc.slowness.timeout = 300000ms (custom)
2023-04-22 02:18:11,289 [Listener at 127.0.0.1/41793] INFO  server.RaftServerConfigKeys (ConfUtils.java:logGet(46)) - raft.server.leaderelection.leader.step-down.wait-time = 10s (default)
2023-04-22 02:18:11,289 [Listener at 127.0.0.1/41793] INFO  server.RaftServerConfigKeys (ConfUtils.java:logGet(46)) - raft.server.storage.dir = [/home/runner/work/ozone/ozone/hadoop-ozone/integration-test/target/test-dir/MiniOzoneClusterImpl-b640deff-6994-498f-92ea-4ac5c972f0d8/datanode-8/data/ratis] (custom)
2023-04-22 02:18:11,291 [14afdd48-1c23-4787-9ada-99348fccc9d2-NettyServerStreamRpc-bossGroup--thread1] INFO  logging.LoggingHandler (AbstractInternalLogger.java:log(148)) - [id: 0x646f4363] REGISTERED
2023-04-22 02:18:11,292 [14afdd48-1c23-4787-9ada-99348fccc9d2-NettyServerStreamRpc-bossGroup--thread1] INFO  logging.LoggingHandler (AbstractInternalLogger.java:log(148)) - [id: 0x646f4363] BIND: 0.0.0.0/0.0.0.0:0
2023-04-22 02:18:11,292 [14afdd48-1c23-4787-9ada-99348fccc9d2-NettyServerStreamRpc-bossGroup--thread1] INFO  logging.LoggingHandler (AbstractInternalLogger.java:log(148)) - [id: 0x646f4363, L:/0:0:0:0:0:0:0:0:42291] ACTIVE
2023-04-22 02:18:11,292 [Listener at 127.0.0.1/41793] INFO  server.XceiverServerGrpc (XceiverServerGrpc.java:<init>(132)) - GrpcServer channel type EpollServerSocketChannel
2023-04-22 02:18:11,296 [Listener at 127.0.0.1/41793] INFO  http.BaseHttpServer (BaseHttpServer.java:newHttpServer2BuilderForOzone(224)) - Starting Web-server for hddsDatanode at: http://0.0.0.0:0
2023-04-22 02:18:11,296 [Listener at 127.0.0.1/41793] INFO  http.BaseHttpServer (BaseHttpServer.java:<init>(111)) - Hadoop Security Enabled: false Ozone Security Enabled: false Ozone HTTP Security Enabled: false 
2023-04-22 02:18:11,298 [Listener at 127.0.0.1/41793] WARN  server.AuthenticationFilter (AuthenticationFilter.java:constructSecretProvider(240)) - Unable to initialize FileSignerSecretProvider, falling back to use random secrets. Reason: Could not read signature secret file: /home/runner/hadoop-http-auth-signature-secret
2023-04-22 02:18:11,299 [Listener at 127.0.0.1/41793] INFO  http.HttpRequestLog (HttpRequestLog.java:getRequestLog(86)) - Http request log for http.requests.hddsDatanode is not defined
2023-04-22 02:18:11,301 [Listener at 127.0.0.1/41793] INFO  http.HttpServer2 (HttpServer2.java:addGlobalFilter(1031)) - Added global filter 'safety' (class=org.apache.hadoop.hdds.server.http.HttpServer2$QuotingInputFilter)
2023-04-22 02:18:11,302 [Listener at 127.0.0.1/41793] INFO  http.HttpServer2 (HttpServer2.java:addFilter(1007)) - Added filter static_user_filter (class=org.apache.hadoop.http.lib.StaticUserWebFilter$StaticUserFilter) to context hddsDatanode
2023-04-22 02:18:11,302 [Listener at 127.0.0.1/41793] INFO  http.HttpServer2 (HttpServer2.java:addFilter(1015)) - Added filter static_user_filter (class=org.apache.hadoop.http.lib.StaticUserWebFilter$StaticUserFilter) to context logs
2023-04-22 02:18:11,302 [Listener at 127.0.0.1/41793] INFO  http.HttpServer2 (HttpServer2.java:addFilter(1015)) - Added filter static_user_filter (class=org.apache.hadoop.http.lib.StaticUserWebFilter$StaticUserFilter) to context static
2023-04-22 02:18:11,303 [Listener at 127.0.0.1/41793] INFO  http.BaseHttpServer (BaseHttpServer.java:<init>(190)) - HTTP server of hddsDatanode uses base directory /home/runner/work/ozone/ozone/hadoop-ozone/integration-test/target/test-dir/MiniOzoneClusterImpl-b640deff-6994-498f-92ea-4ac5c972f0d8/datanode-8/meta/webserver
2023-04-22 02:18:11,304 [Listener at 127.0.0.1/41793] INFO  http.HttpServer2 (HttpServer2.java:bindListener(1250)) - Jetty bound to port 41379
2023-04-22 02:18:11,304 [Listener at 127.0.0.1/41793] INFO  server.Server (Server.java:doStart(375)) - jetty-9.4.51.v20230217; built: 2023-02-17T08:19:37.309Z; git: b45c405e4544384de066f814ed42ae3dceacdd49; jvm 1.8.0_362-b09
2023-04-22 02:18:11,305 [Listener at 127.0.0.1/41793] INFO  server.session (DefaultSessionIdManager.java:doStart(334)) - DefaultSessionIdManager workerName=node0
2023-04-22 02:18:11,305 [Listener at 127.0.0.1/41793] INFO  server.session (DefaultSessionIdManager.java:doStart(339)) - No SessionScavenger set, using defaults
2023-04-22 02:18:11,307 [Listener at 127.0.0.1/41793] INFO  server.session (HouseKeeper.java:startScavenging(132)) - node0 Scavenging every 600000ms
2023-04-22 02:18:11,307 [Listener at 127.0.0.1/41793] INFO  handler.ContextHandler (ContextHandler.java:doStart(921)) - Started o.e.j.s.ServletContextHandler@6598309b{logs,/logs,file:///home/runner/work/ozone/ozone/hadoop-ozone/integration-test/target/log,AVAILABLE}
2023-04-22 02:18:11,308 [Listener at 127.0.0.1/41793] INFO  handler.ContextHandler (ContextHandler.java:doStart(921)) - Started o.e.j.s.ServletContextHandler@542aee1c{static,/static,jar:file:/home/runner/.m2/repository/org/apache/ozone/hdds-container-service/1.4.0-SNAPSHOT/hdds-container-service-1.4.0-SNAPSHOT.jar!/webapps/static,AVAILABLE}
2023-04-22 02:18:11,512 [Listener at 127.0.0.1/41793] INFO  handler.ContextHandler (ContextHandler.java:doStart(921)) - Started o.e.j.w.WebAppContext@8b81bd3{hddsDatanode,/,file:///home/runner/work/ozone/ozone/hadoop-ozone/integration-test/target/test-dir/MiniOzoneClusterImpl-b640deff-6994-498f-92ea-4ac5c972f0d8/datanode-8/meta/webserver/jetty-0_0_0_0-41379-hdds-container-service-1_4_0-SNAPSHOT_jar-_-any-9064353415318677305/webapp/,AVAILABLE}{jar:file:/home/runner/.m2/repository/org/apache/ozone/hdds-container-service/1.4.0-SNAPSHOT/hdds-container-service-1.4.0-SNAPSHOT.jar!/webapps/hddsDatanode}
2023-04-22 02:18:11,513 [Listener at 127.0.0.1/41793] INFO  server.AbstractConnector (AbstractConnector.java:doStart(333)) - Started ServerConnector@3e53ca65{HTTP/1.1, (http/1.1)}{0.0.0.0:41379}
2023-04-22 02:18:11,513 [Listener at 127.0.0.1/41793] INFO  server.Server (Server.java:doStart(415)) - Started @11163ms
2023-04-22 02:18:11,513 [Listener at 127.0.0.1/41793] WARN  impl.MetricsSystemImpl (MetricsSystemImpl.java:register(279)) - Sink prometheus already exists!
2023-04-22 02:18:11,514 [Listener at 127.0.0.1/41793] INFO  http.BaseHttpServer (BaseHttpServer.java:updateConnectorAddress(344)) - HTTP server of hddsDatanode listening at http://0.0.0.0:41379
2023-04-22 02:18:11,515 [Datanode State Machine Daemon Thread] INFO  statemachine.DatanodeStateMachine (DatanodeStateMachine.java:lambda$startDaemon$0(517)) - Ozone container server started.
2023-04-22 02:18:11,522 [Listener at 127.0.0.1/41793] WARN  impl.MetricRegistriesImpl (MetricRegistriesImpl.java:addReporterRegistration(111)) - New reporters are added after registries were created. Some metrics will be missing from the reporter. Please add reporter before adding any new registry.
2023-04-22 02:18:11,522 [Listener at 127.0.0.1/41793] WARN  impl.MetricRegistriesImpl (MetricRegistriesImpl.java:addReporterRegistration(111)) - New reporters are added after registries were created. Some metrics will be missing from the reporter. Please add reporter before adding any new registry.
2023-04-22 02:18:11,522 [Listener at 127.0.0.1/41793] INFO  impl.MetricsSystemImpl (MetricsSystemImpl.java:init(158)) - HddsDatanode metrics system started (again)
2023-04-22 02:18:11,522 [org.apache.hadoop.util.JvmPauseMonitor$Monitor@43390ae1] INFO  util.JvmPauseMonitor (JvmPauseMonitor.java:run(188)) - Starting JVM pause monitor
2023-04-22 02:18:11,536 [Datanode State Machine Task Thread - 0] INFO  datanode.InitDatanodeState (InitDatanodeState.java:persistContainerDatanodeDetails(138)) - DatanodeDetails is persisted to /home/runner/work/ozone/ozone/hadoop-ozone/integration-test/target/test-dir/MiniOzoneClusterImpl-b640deff-6994-498f-92ea-4ac5c972f0d8/datanode-8/meta/datanode.id
2023-04-22 02:18:11,536 [Listener at 127.0.0.1/41793] INFO  ozone.HddsDatanodeService (HddsDatanodeService.java:start(252)) - HddsDatanodeService host:fv-az443-428.ap2fcshprsnunfx25e1aelzb4b.cx.internal.cloudapp.net ip:10.1.0.20
2023-04-22 02:18:11,554 [Listener at 127.0.0.1/41793] INFO  upgrade.AbstractLayoutVersionManager (AbstractLayoutVersionManager.java:init(83)) - Initializing Layout version manager with metadata layout = WEBUI_PORTS_IN_DATANODEDETAILS (version = 6), software layout = WEBUI_PORTS_IN_DATANODEDETAILS (version = 6)
2023-04-22 02:18:11,586 [EndpointStateMachine task thread for /0.0.0.0:44143 - 0 ] INFO  utils.DatanodeStoreCache (DatanodeStoreCache.java:addDB(58)) - Added db /home/runner/work/ozone/ozone/hadoop-ozone/integration-test/target/test-dir/MiniOzoneClusterImpl-b640deff-6994-498f-92ea-4ac5c972f0d8/datanode-3/data-0/containers/hdds/b640deff-6994-498f-92ea-4ac5c972f0d8/DS-ae58970a-131e-454a-9844-74d7a5f8ba6e/container.db to cache
2023-04-22 02:18:11,586 [EndpointStateMachine task thread for /0.0.0.0:44143 - 0 ] INFO  volume.HddsVolume (HddsVolume.java:createDbStore(350)) - SchemaV3 db is created and loaded at /home/runner/work/ozone/ozone/hadoop-ozone/integration-test/target/test-dir/MiniOzoneClusterImpl-b640deff-6994-498f-92ea-4ac5c972f0d8/datanode-3/data-0/containers/hdds/b640deff-6994-498f-92ea-4ac5c972f0d8/DS-ae58970a-131e-454a-9844-74d7a5f8ba6e/container.db for volume DS-ae58970a-131e-454a-9844-74d7a5f8ba6e
2023-04-22 02:18:11,586 [EndpointStateMachine task thread for /0.0.0.0:44143 - 0 ] INFO  ozoneimpl.OzoneContainer (OzoneContainer.java:start(397)) - Attempting to start container services.
2023-04-22 02:18:11,586 [EndpointStateMachine task thread for /0.0.0.0:44143 - 0 ] INFO  ozoneimpl.OzoneContainer (OzoneContainer.java:startContainerScrub(314)) - Scheduled background container scanners and the on-demand container scanner have been disabled.
2023-04-22 02:18:11,589 [EndpointStateMachine task thread for /0.0.0.0:44143 - 0 ] INFO  replication.ReplicationServer (ReplicationServer.java:start(109)) - ReplicationServer is started using port 38447
2023-04-22 02:18:11,589 [EndpointStateMachine task thread for /0.0.0.0:44143 - 0 ] INFO  ratis.XceiverServerRatis (XceiverServerRatis.java:start(517)) - Starting XceiverServerRatis 1fa0605c-c70f-40a8-a13c-0f797dcff94f
2023-04-22 02:18:11,590 [EndpointStateMachine task thread for /0.0.0.0:44143 - 0 ] INFO  server.RaftServer (RaftServerProxy.java:startImpl(393)) - 1fa0605c-c70f-40a8-a13c-0f797dcff94f: start RPC server
2023-04-22 02:18:11,592 [EndpointStateMachine task thread for /0.0.0.0:44143 - 0 ] INFO  server.GrpcService (GrpcService.java:startImpl(262)) - 1fa0605c-c70f-40a8-a13c-0f797dcff94f: GrpcService started, listening on 37453
2023-04-22 02:18:11,592 [EndpointStateMachine task thread for /0.0.0.0:44143 - 0 ] INFO  ratis.XceiverServerRatis (XceiverServerRatis.java:getRealPort(543)) - XceiverServerRatis 1fa0605c-c70f-40a8-a13c-0f797dcff94f is started using port 37453 for RATIS
2023-04-22 02:18:11,593 [JvmPauseMonitor4] INFO  util.JvmPauseMonitor (JvmPauseMonitor.java:run(105)) - JvmPauseMonitor-1fa0605c-c70f-40a8-a13c-0f797dcff94f: Started
2023-04-22 02:18:11,593 [EndpointStateMachine task thread for /0.0.0.0:44143 - 0 ] INFO  ratis.XceiverServerRatis (XceiverServerRatis.java:getRealPort(543)) - XceiverServerRatis 1fa0605c-c70f-40a8-a13c-0f797dcff94f is started using port 37453 for RATIS_ADMIN
2023-04-22 02:18:11,593 [EndpointStateMachine task thread for /0.0.0.0:44143 - 0 ] INFO  ratis.XceiverServerRatis (XceiverServerRatis.java:getRealPort(543)) - XceiverServerRatis 1fa0605c-c70f-40a8-a13c-0f797dcff94f is started using port 37453 for RATIS_SERVER
2023-04-22 02:18:11,593 [EndpointStateMachine task thread for /0.0.0.0:44143 - 0 ] INFO  ratis.XceiverServerRatis (XceiverServerRatis.java:getRealPort(543)) - XceiverServerRatis 1fa0605c-c70f-40a8-a13c-0f797dcff94f is started using port 37951 for RATIS_DATASTREAM
2023-04-22 02:18:11,595 [EndpointStateMachine task thread for /0.0.0.0:44143 - 0 ] INFO  server.XceiverServerGrpc (XceiverServerGrpc.java:start(180)) - XceiverServerGrpc 1fa0605c-c70f-40a8-a13c-0f797dcff94f is started using port 40253
2023-04-22 02:18:11,603 [BlockDeletingService#0] INFO  interfaces.ContainerDeletionChoosingPolicyTemplate (ContainerDeletionChoosingPolicyTemplate.java:chooseContainerForBlockDeletion(83)) - Chosen 0/5000 blocks from 0 candidate containers.
2023-04-22 02:18:11,629 [Listener at 127.0.0.1/41793] INFO  reflections.Reflections (Reflections.java:scan(232)) - Reflections took 74 ms to scan 7 urls, producing 156 keys and 369 values 
2023-04-22 02:18:11,630 [Listener at 127.0.0.1/41793] INFO  statemachine.DatanodeStateMachine (DatanodeStateMachine.java:getEndPointTaskThreadPoolSize(260)) - Datanode State Machine Task Thread Pool size 2
2023-04-22 02:18:11,636 [Listener at 127.0.0.1/41793] INFO  volume.HddsVolume (HddsVolume.java:<init>(130)) - Creating HddsVolume: /home/runner/work/ozone/ozone/hadoop-ozone/integration-test/target/test-dir/MiniOzoneClusterImpl-b640deff-6994-498f-92ea-4ac5c972f0d8/datanode-9/data-0/containers/hdds of storage type : DISK capacity : 9223372036854775807
2023-04-22 02:18:11,637 [Listener at 127.0.0.1/41793] INFO  volume.MutableVolumeSet (MutableVolumeSet.java:initializeVolumeSet(175)) - Added Volume : /home/runner/work/ozone/ozone/hadoop-ozone/integration-test/target/test-dir/MiniOzoneClusterImpl-b640deff-6994-498f-92ea-4ac5c972f0d8/datanode-9/data-0/containers/hdds to VolumeSet
2023-04-22 02:18:11,637 [Listener at 127.0.0.1/41793] INFO  volume.ThrottledAsyncChecker (ThrottledAsyncChecker.java:schedule(141)) - Scheduling a check for /home/runner/work/ozone/ozone/hadoop-ozone/integration-test/target/test-dir/MiniOzoneClusterImpl-b640deff-6994-498f-92ea-4ac5c972f0d8/datanode-9/data-0/containers/hdds
2023-04-22 02:18:11,637 [Listener at 127.0.0.1/41793] INFO  volume.StorageVolumeChecker (StorageVolumeChecker.java:checkAllVolumes(202)) - Scheduled health check for volume /home/runner/work/ozone/ozone/hadoop-ozone/integration-test/target/test-dir/MiniOzoneClusterImpl-b640deff-6994-498f-92ea-4ac5c972f0d8/datanode-9/data-0/containers/hdds
2023-04-22 02:18:11,648 [Listener at 127.0.0.1/41793] INFO  volume.MutableVolumeSet (MutableVolumeSet.java:initializeVolumeSet(175)) - Added Volume : /home/runner/work/ozone/ozone/hadoop-ozone/integration-test/target/test-dir/MiniOzoneClusterImpl-b640deff-6994-498f-92ea-4ac5c972f0d8/datanode-9/data/ratis to VolumeSet
2023-04-22 02:18:11,648 [Listener at 127.0.0.1/41793] INFO  volume.ThrottledAsyncChecker (ThrottledAsyncChecker.java:schedule(141)) - Scheduling a check for /home/runner/work/ozone/ozone/hadoop-ozone/integration-test/target/test-dir/MiniOzoneClusterImpl-b640deff-6994-498f-92ea-4ac5c972f0d8/datanode-9/data/ratis
2023-04-22 02:18:11,649 [Listener at 127.0.0.1/41793] INFO  volume.StorageVolumeChecker (StorageVolumeChecker.java:checkAllVolumes(202)) - Scheduled health check for volume /home/runner/work/ozone/ozone/hadoop-ozone/integration-test/target/test-dir/MiniOzoneClusterImpl-b640deff-6994-498f-92ea-4ac5c972f0d8/datanode-9/data/ratis
2023-04-22 02:18:11,659 [Thread-288] INFO  ozoneimpl.ContainerReader (ContainerReader.java:readVolume(175)) - Finish verifying containers on volume /home/runner/work/ozone/ozone/hadoop-ozone/integration-test/target/test-dir/MiniOzoneClusterImpl-b640deff-6994-498f-92ea-4ac5c972f0d8/datanode-9/data-0/containers/hdds
2023-04-22 02:18:11,659 [Listener at 127.0.0.1/41793] INFO  ozoneimpl.OzoneContainer (OzoneContainer.java:buildContainerSet(303)) - Build ContainerSet costs 0s
2023-04-22 02:18:11,661 [Listener at 127.0.0.1/41793] INFO  server.RaftServer (ConfUtils.java:logGet(46)) - raft.rpc.type = GRPC (default)
2023-04-22 02:18:11,662 [Listener at 127.0.0.1/41793] INFO  grpc.GrpcConfigKeys (ConfUtils.java:logFallback(53)) - raft.grpc.admin.host = null (fallback to raft.grpc.server.host)
2023-04-22 02:18:11,662 [Listener at 127.0.0.1/41793] INFO  grpc.GrpcConfigKeys (ConfUtils.java:logGet(46)) - raft.grpc.admin.port = 0 (custom)
2023-04-22 02:18:11,662 [Listener at 127.0.0.1/41793] INFO  grpc.GrpcConfigKeys (ConfUtils.java:logFallback(53)) - raft.grpc.client.host = null (fallback to raft.grpc.server.host)
2023-04-22 02:18:11,662 [Listener at 127.0.0.1/41793] INFO  grpc.GrpcConfigKeys (ConfUtils.java:logGet(46)) - raft.grpc.client.port = 0 (custom)
2023-04-22 02:18:11,662 [Listener at 127.0.0.1/41793] INFO  grpc.GrpcConfigKeys (ConfUtils.java:logGet(46)) - raft.grpc.server.host = null (default)
2023-04-22 02:18:11,662 [Listener at 127.0.0.1/41793] INFO  grpc.GrpcConfigKeys (ConfUtils.java:logGet(46)) - raft.grpc.server.port = 0 (default)
2023-04-22 02:18:11,662 [Listener at 127.0.0.1/41793] INFO  server.GrpcService (ConfUtils.java:logGet(46)) - raft.grpc.message.size.max = 32MB (=33554432) (custom)
2023-04-22 02:18:11,662 [Listener at 127.0.0.1/41793] INFO  server.RaftServerConfigKeys (ConfUtils.java:logGet(46)) - raft.server.log.appender.buffer.byte-limit = 33554432 (custom)
2023-04-22 02:18:11,662 [Listener at 127.0.0.1/41793] INFO  server.GrpcService (ConfUtils.java:logGet(46)) - raft.grpc.flow.control.window = 5MB (=5242880) (custom)
2023-04-22 02:18:11,663 [Listener at 127.0.0.1/41793] INFO  server.RaftServerConfigKeys (ConfUtils.java:logGet(46)) - raft.server.rpc.request.timeout = 3000ms (default)
2023-04-22 02:18:11,663 [Listener at 127.0.0.1/41793] INFO  grpc.GrpcConfigKeys (ConfUtils.java:logGet(46)) - raft.grpc.server.heartbeat.channel = true (default)
2023-04-22 02:18:11,663 [Listener at 127.0.0.1/41793] INFO  grpc.GrpcConfigKeys (ConfUtils.java:logGet(46)) - raft.grpc.server.async.request.thread.pool.cached = true (default)
2023-04-22 02:18:11,663 [Listener at 127.0.0.1/41793] INFO  grpc.GrpcConfigKeys (ConfUtils.java:logGet(46)) - raft.grpc.server.async.request.thread.pool.size = 32 (default)
2023-04-22 02:18:11,664 [Listener at 127.0.0.1/41793] INFO  impl.DataStreamServerImpl (ConfUtils.java:logGet(46)) - raft.datastream.type = NETTY (custom)
2023-04-22 02:18:11,664 [Listener at 127.0.0.1/41793] INFO  server.RaftServerConfigKeys (ConfUtils.java:logGet(46)) - raft.server.data-stream.async.request.thread.pool.cached = false (default)
2023-04-22 02:18:11,664 [Listener at 127.0.0.1/41793] INFO  server.RaftServerConfigKeys (ConfUtils.java:logGet(46)) - raft.server.data-stream.async.request.thread.pool.size = 20 (custom)
2023-04-22 02:18:11,665 [Listener at 127.0.0.1/41793] INFO  server.RaftServerConfigKeys (ConfUtils.java:logGet(46)) - raft.server.data-stream.async.write.thread.pool.size = 16 (default)
2023-04-22 02:18:11,665 [Listener at 127.0.0.1/41793] INFO  server.RaftServerConfigKeys (ConfUtils.java:logGet(46)) - raft.server.data-stream.client.pool.size = 10 (default)
2023-04-22 02:18:11,665 [Listener at 127.0.0.1/41793] INFO  netty.NettyConfigKeys$DataStream (ConfUtils.java:logGet(46)) - raft.netty.dataStream.server.use-epoll = false (default)
2023-04-22 02:18:11,665 [Listener at 127.0.0.1/41793] INFO  netty.NettyConfigKeys$DataStream (ConfUtils.java:logGet(46)) - raft.netty.dataStream.server.boss-group.size = 0 (default)
2023-04-22 02:18:11,665 [Listener at 127.0.0.1/41793] INFO  netty.NettyConfigKeys$DataStream (ConfUtils.java:logGet(46)) - raft.netty.dataStream.server.worker-group.size = 0 (default)
2023-04-22 02:18:11,666 [Listener at 127.0.0.1/41793] INFO  netty.NettyConfigKeys$DataStream (ConfUtils.java:logGet(46)) - raft.netty.dataStream.server.tls.conf = null (default)
2023-04-22 02:18:11,666 [Listener at 127.0.0.1/41793] INFO  netty.NettyConfigKeys$DataStream (ConfUtils.java:logGet(46)) - raft.netty.dataStream.host = null (default)
2023-04-22 02:18:11,666 [Listener at 127.0.0.1/41793] INFO  netty.NettyConfigKeys$DataStream (ConfUtils.java:logGet(46)) - raft.netty.dataStream.port = 0 (default)
2023-04-22 02:18:11,666 [Listener at 127.0.0.1/41793] INFO  server.RaftServerConfigKeys (ConfUtils.java:logGet(46)) - raft.server.threadpool.proxy.cached = true (default)
2023-04-22 02:18:11,666 [Listener at 127.0.0.1/41793] INFO  server.RaftServerConfigKeys (ConfUtils.java:logGet(46)) - raft.server.threadpool.proxy.size = 0 (default)
2023-04-22 02:18:11,666 [Listener at 127.0.0.1/41793] INFO  server.RaftServerConfigKeys (ConfUtils.java:logGet(46)) - raft.server.rpc.slowness.timeout = 300000ms (custom)
2023-04-22 02:18:11,667 [Listener at 127.0.0.1/41793] INFO  server.RaftServerConfigKeys (ConfUtils.java:logGet(46)) - raft.server.leaderelection.leader.step-down.wait-time = 10s (default)
2023-04-22 02:18:11,667 [Listener at 127.0.0.1/41793] INFO  server.RaftServerConfigKeys (ConfUtils.java:logGet(46)) - raft.server.storage.dir = [/home/runner/work/ozone/ozone/hadoop-ozone/integration-test/target/test-dir/MiniOzoneClusterImpl-b640deff-6994-498f-92ea-4ac5c972f0d8/datanode-9/data/ratis] (custom)
2023-04-22 02:18:11,673 [1a68e1b8-2164-4c23-a9a5-559390ce5485-NettyServerStreamRpc-bossGroup--thread1] INFO  logging.LoggingHandler (AbstractInternalLogger.java:log(148)) - [id: 0xd9f8c9aa] REGISTERED
2023-04-22 02:18:11,674 [1a68e1b8-2164-4c23-a9a5-559390ce5485-NettyServerStreamRpc-bossGroup--thread1] INFO  logging.LoggingHandler (AbstractInternalLogger.java:log(148)) - [id: 0xd9f8c9aa] BIND: 0.0.0.0/0.0.0.0:0
2023-04-22 02:18:11,674 [1a68e1b8-2164-4c23-a9a5-559390ce5485-NettyServerStreamRpc-bossGroup--thread1] INFO  logging.LoggingHandler (AbstractInternalLogger.java:log(148)) - [id: 0xd9f8c9aa, L:/0:0:0:0:0:0:0:0:46243] ACTIVE
2023-04-22 02:18:11,674 [Listener at 127.0.0.1/41793] INFO  server.XceiverServerGrpc (XceiverServerGrpc.java:<init>(132)) - GrpcServer channel type EpollServerSocketChannel
2023-04-22 02:18:11,677 [Listener at 127.0.0.1/41793] INFO  http.BaseHttpServer (BaseHttpServer.java:newHttpServer2BuilderForOzone(224)) - Starting Web-server for hddsDatanode at: http://0.0.0.0:0
2023-04-22 02:18:11,677 [Listener at 127.0.0.1/41793] INFO  http.BaseHttpServer (BaseHttpServer.java:<init>(111)) - Hadoop Security Enabled: false Ozone Security Enabled: false Ozone HTTP Security Enabled: false 
2023-04-22 02:18:11,678 [Listener at 127.0.0.1/41793] WARN  server.AuthenticationFilter (AuthenticationFilter.java:constructSecretProvider(240)) - Unable to initialize FileSignerSecretProvider, falling back to use random secrets. Reason: Could not read signature secret file: /home/runner/hadoop-http-auth-signature-secret
2023-04-22 02:18:11,679 [Listener at 127.0.0.1/41793] INFO  http.HttpRequestLog (HttpRequestLog.java:getRequestLog(86)) - Http request log for http.requests.hddsDatanode is not defined
2023-04-22 02:18:11,680 [Listener at 127.0.0.1/41793] INFO  http.HttpServer2 (HttpServer2.java:addGlobalFilter(1031)) - Added global filter 'safety' (class=org.apache.hadoop.hdds.server.http.HttpServer2$QuotingInputFilter)
2023-04-22 02:18:11,681 [Listener at 127.0.0.1/41793] INFO  http.HttpServer2 (HttpServer2.java:addFilter(1007)) - Added filter static_user_filter (class=org.apache.hadoop.http.lib.StaticUserWebFilter$StaticUserFilter) to context hddsDatanode
2023-04-22 02:18:11,681 [Listener at 127.0.0.1/41793] INFO  http.HttpServer2 (HttpServer2.java:addFilter(1015)) - Added filter static_user_filter (class=org.apache.hadoop.http.lib.StaticUserWebFilter$StaticUserFilter) to context static
2023-04-22 02:18:11,681 [Listener at 127.0.0.1/41793] INFO  http.HttpServer2 (HttpServer2.java:addFilter(1015)) - Added filter static_user_filter (class=org.apache.hadoop.http.lib.StaticUserWebFilter$StaticUserFilter) to context logs
2023-04-22 02:18:11,681 [Listener at 127.0.0.1/41793] INFO  http.BaseHttpServer (BaseHttpServer.java:<init>(190)) - HTTP server of hddsDatanode uses base directory /home/runner/work/ozone/ozone/hadoop-ozone/integration-test/target/test-dir/MiniOzoneClusterImpl-b640deff-6994-498f-92ea-4ac5c972f0d8/datanode-9/meta/webserver
2023-04-22 02:18:11,682 [Listener at 127.0.0.1/41793] INFO  http.HttpServer2 (HttpServer2.java:bindListener(1250)) - Jetty bound to port 42353
2023-04-22 02:18:11,682 [Listener at 127.0.0.1/41793] INFO  server.Server (Server.java:doStart(375)) - jetty-9.4.51.v20230217; built: 2023-02-17T08:19:37.309Z; git: b45c405e4544384de066f814ed42ae3dceacdd49; jvm 1.8.0_362-b09
2023-04-22 02:18:11,686 [Listener at 127.0.0.1/41793] INFO  server.session (DefaultSessionIdManager.java:doStart(334)) - DefaultSessionIdManager workerName=node0
2023-04-22 02:18:11,686 [Listener at 127.0.0.1/41793] INFO  server.session (DefaultSessionIdManager.java:doStart(339)) - No SessionScavenger set, using defaults
2023-04-22 02:18:11,686 [Listener at 127.0.0.1/41793] INFO  server.session (HouseKeeper.java:startScavenging(132)) - node0 Scavenging every 660000ms
2023-04-22 02:18:11,687 [Listener at 127.0.0.1/41793] INFO  handler.ContextHandler (ContextHandler.java:doStart(921)) - Started o.e.j.s.ServletContextHandler@389a9d26{logs,/logs,file:///home/runner/work/ozone/ozone/hadoop-ozone/integration-test/target/log,AVAILABLE}
2023-04-22 02:18:11,687 [Listener at 127.0.0.1/41793] INFO  handler.ContextHandler (ContextHandler.java:doStart(921)) - Started o.e.j.s.ServletContextHandler@630b8061{static,/static,jar:file:/home/runner/.m2/repository/org/apache/ozone/hdds-container-service/1.4.0-SNAPSHOT/hdds-container-service-1.4.0-SNAPSHOT.jar!/webapps/static,AVAILABLE}
2023-04-22 02:18:11,891 [Listener at 127.0.0.1/41793] INFO  handler.ContextHandler (ContextHandler.java:doStart(921)) - Started o.e.j.w.WebAppContext@1e006d99{hddsDatanode,/,file:///home/runner/work/ozone/ozone/hadoop-ozone/integration-test/target/test-dir/MiniOzoneClusterImpl-b640deff-6994-498f-92ea-4ac5c972f0d8/datanode-9/meta/webserver/jetty-0_0_0_0-42353-hdds-container-service-1_4_0-SNAPSHOT_jar-_-any-7999530990498116297/webapp/,AVAILABLE}{jar:file:/home/runner/.m2/repository/org/apache/ozone/hdds-container-service/1.4.0-SNAPSHOT/hdds-container-service-1.4.0-SNAPSHOT.jar!/webapps/hddsDatanode}
2023-04-22 02:18:11,892 [Listener at 127.0.0.1/41793] INFO  server.AbstractConnector (AbstractConnector.java:doStart(333)) - Started ServerConnector@4c80c87e{HTTP/1.1, (http/1.1)}{0.0.0.0:42353}
2023-04-22 02:18:11,892 [Listener at 127.0.0.1/41793] INFO  server.Server (Server.java:doStart(415)) - Started @11542ms
2023-04-22 02:18:11,892 [Listener at 127.0.0.1/41793] WARN  impl.MetricsSystemImpl (MetricsSystemImpl.java:register(279)) - Sink prometheus already exists!
2023-04-22 02:18:11,893 [Listener at 127.0.0.1/41793] INFO  http.BaseHttpServer (BaseHttpServer.java:updateConnectorAddress(344)) - HTTP server of hddsDatanode listening at http://0.0.0.0:42353
2023-04-22 02:18:11,894 [Datanode State Machine Daemon Thread] INFO  statemachine.DatanodeStateMachine (DatanodeStateMachine.java:lambda$startDaemon$0(517)) - Ozone container server started.
2023-04-22 02:18:11,898 [Listener at 127.0.0.1/41793] INFO  ozone.MiniOzoneClusterImpl (MiniOzoneClusterImpl.java:lambda$waitForClusterToBeReady$0(223)) - Waiting for nodes to be ready. Got 0 of 10 DN Heartbeats.
2023-04-22 02:18:11,898 [Listener at 127.0.0.1/41793] INFO  ozone.MiniOzoneClusterImpl (MiniOzoneClusterImpl.java:lambda$waitForClusterToBeReady$0(226)) - Waiting for cluster to exit safe mode
2023-04-22 02:18:11,898 [Listener at 127.0.0.1/41793] INFO  ozone.MiniOzoneClusterImpl (MiniOzoneClusterImpl.java:lambda$waitForClusterToBeReady$0(228)) - SCM became leader
2023-04-22 02:18:11,901 [org.apache.hadoop.util.JvmPauseMonitor$Monitor@75eead12] INFO  util.JvmPauseMonitor (JvmPauseMonitor.java:run(188)) - Starting JVM pause monitor
2023-04-22 02:18:11,904 [Datanode State Machine Task Thread - 0] INFO  datanode.InitDatanodeState (InitDatanodeState.java:persistContainerDatanodeDetails(138)) - DatanodeDetails is persisted to /home/runner/work/ozone/ozone/hadoop-ozone/integration-test/target/test-dir/MiniOzoneClusterImpl-b640deff-6994-498f-92ea-4ac5c972f0d8/datanode-9/meta/datanode.id
2023-04-22 02:18:11,946 [EndpointStateMachine task thread for /0.0.0.0:44143 - 0 ] INFO  utils.DatanodeStoreCache (DatanodeStoreCache.java:addDB(58)) - Added db /home/runner/work/ozone/ozone/hadoop-ozone/integration-test/target/test-dir/MiniOzoneClusterImpl-b640deff-6994-498f-92ea-4ac5c972f0d8/datanode-4/data-0/containers/hdds/b640deff-6994-498f-92ea-4ac5c972f0d8/DS-87d8dd46-8089-4abb-940e-418faa337627/container.db to cache
2023-04-22 02:18:11,946 [EndpointStateMachine task thread for /0.0.0.0:44143 - 0 ] INFO  volume.HddsVolume (HddsVolume.java:createDbStore(350)) - SchemaV3 db is created and loaded at /home/runner/work/ozone/ozone/hadoop-ozone/integration-test/target/test-dir/MiniOzoneClusterImpl-b640deff-6994-498f-92ea-4ac5c972f0d8/datanode-4/data-0/containers/hdds/b640deff-6994-498f-92ea-4ac5c972f0d8/DS-87d8dd46-8089-4abb-940e-418faa337627/container.db for volume DS-87d8dd46-8089-4abb-940e-418faa337627
2023-04-22 02:18:11,947 [EndpointStateMachine task thread for /0.0.0.0:44143 - 0 ] INFO  ozoneimpl.OzoneContainer (OzoneContainer.java:start(397)) - Attempting to start container services.
2023-04-22 02:18:11,947 [EndpointStateMachine task thread for /0.0.0.0:44143 - 0 ] INFO  ozoneimpl.OzoneContainer (OzoneContainer.java:startContainerScrub(314)) - Scheduled background container scanners and the on-demand container scanner have been disabled.
2023-04-22 02:18:11,949 [EndpointStateMachine task thread for /0.0.0.0:44143 - 0 ] INFO  replication.ReplicationServer (ReplicationServer.java:start(109)) - ReplicationServer is started using port 41325
2023-04-22 02:18:11,949 [EndpointStateMachine task thread for /0.0.0.0:44143 - 0 ] INFO  ratis.XceiverServerRatis (XceiverServerRatis.java:start(517)) - Starting XceiverServerRatis 1d143142-2b08-4d43-93ad-ad0adf4c04aa
2023-04-22 02:18:11,955 [EndpointStateMachine task thread for /0.0.0.0:44143 - 0 ] INFO  server.RaftServer (RaftServerProxy.java:startImpl(393)) - 1d143142-2b08-4d43-93ad-ad0adf4c04aa: start RPC server
2023-04-22 02:18:11,957 [EndpointStateMachine task thread for /0.0.0.0:44143 - 0 ] INFO  server.GrpcService (GrpcService.java:startImpl(262)) - 1d143142-2b08-4d43-93ad-ad0adf4c04aa: GrpcService started, listening on 35317
2023-04-22 02:18:11,957 [EndpointStateMachine task thread for /0.0.0.0:44143 - 0 ] INFO  ratis.XceiverServerRatis (XceiverServerRatis.java:getRealPort(543)) - XceiverServerRatis 1d143142-2b08-4d43-93ad-ad0adf4c04aa is started using port 35317 for RATIS
2023-04-22 02:18:11,957 [EndpointStateMachine task thread for /0.0.0.0:44143 - 0 ] INFO  ratis.XceiverServerRatis (XceiverServerRatis.java:getRealPort(543)) - XceiverServerRatis 1d143142-2b08-4d43-93ad-ad0adf4c04aa is started using port 35317 for RATIS_ADMIN
2023-04-22 02:18:11,957 [EndpointStateMachine task thread for /0.0.0.0:44143 - 0 ] INFO  ratis.XceiverServerRatis (XceiverServerRatis.java:getRealPort(543)) - XceiverServerRatis 1d143142-2b08-4d43-93ad-ad0adf4c04aa is started using port 35317 for RATIS_SERVER
2023-04-22 02:18:11,957 [EndpointStateMachine task thread for /0.0.0.0:44143 - 0 ] INFO  ratis.XceiverServerRatis (XceiverServerRatis.java:getRealPort(543)) - XceiverServerRatis 1d143142-2b08-4d43-93ad-ad0adf4c04aa is started using port 37137 for RATIS_DATASTREAM
2023-04-22 02:18:11,957 [JvmPauseMonitor5] INFO  util.JvmPauseMonitor (JvmPauseMonitor.java:run(105)) - JvmPauseMonitor-1d143142-2b08-4d43-93ad-ad0adf4c04aa: Started
2023-04-22 02:18:11,960 [EndpointStateMachine task thread for /0.0.0.0:44143 - 0 ] INFO  server.XceiverServerGrpc (XceiverServerGrpc.java:start(180)) - XceiverServerGrpc 1d143142-2b08-4d43-93ad-ad0adf4c04aa is started using port 39073
2023-04-22 02:18:11,972 [BlockDeletingService#0] INFO  interfaces.ContainerDeletionChoosingPolicyTemplate (ContainerDeletionChoosingPolicyTemplate.java:chooseContainerForBlockDeletion(83)) - Chosen 0/5000 blocks from 0 candidate containers.
2023-04-22 02:18:12,122 [IPC Server handler 14 on default port 44143] INFO  net.NetworkTopologyImpl (NetworkTopologyImpl.java:add(112)) - Added a new node: /default-rack/4fb9f1f7-4e3b-4bcf-a7e7-c7ddcac09d11
2023-04-22 02:18:12,124 [IPC Server handler 14 on default port 44143] INFO  node.SCMNodeManager (SCMNodeManager.java:register(404)) - Registered Data node : 4fb9f1f7-4e3b-4bcf-a7e7-c7ddcac09d11{ip: 10.1.0.20, host: fv-az443-428.ap2fcshprsnunfx25e1aelzb4b.cx.internal.cloudapp.net, ports: [HTTP=46441, REPLICATION=43395, RATIS=44181, RATIS_ADMIN=44181, RATIS_SERVER=44181, RATIS_DATASTREAM=37741, STANDALONE=35777], networkLocation: /default-rack, certSerialId: null, persistedOpState: null, persistedOpStateExpiryEpochSec: 0}
2023-04-22 02:18:12,130 [EventQueue-NewNodeForNewNodeHandler] INFO  pipeline.BackgroundPipelineCreator (BackgroundPipelineCreator.java:notifyEventTriggered(276)) - trigger a one-shot run on RatisPipelineUtilsThread.
2023-04-22 02:18:12,131 [EventQueue-NodeRegistrationContainerReportForContainerSafeModeRule] INFO  safemode.SCMSafeModeManager (SCMSafeModeManager.java:validateSafeModeExitRules(200)) - ContainerSafeModeRule rule is successfully validated
2023-04-22 02:18:12,136 [RatisPipelineUtilsThread - 0] INFO  pipeline.RatisPipelineProvider (RatisPipelineProvider.java:lambda$create$0(206)) - Sending CreatePipelineCommand for pipeline:PipelineID=7a774bb4-4d34-4289-ba9c-6426e8d710a2 to datanode:4fb9f1f7-4e3b-4bcf-a7e7-c7ddcac09d11
2023-04-22 02:18:12,147 [EventQueue-PipelineReportForOneReplicaPipelineSafeModeRule] INFO  safemode.SCMSafeModeManager (SCMSafeModeManager.java:validateSafeModeExitRules(200)) - AtleastOneDatanodeReportedRule rule is successfully validated
2023-04-22 02:18:12,149 [EventQueue-NodeRegistrationContainerReportForDataNodeSafeModeRule] INFO  safemode.SCMSafeModeManager (DataNodeSafeModeRule.java:process(71)) - SCM in safe mode. 1 DataNodes registered, 3 required.
2023-04-22 02:18:12,162 [RatisPipelineUtilsThread - 0] INFO  pipeline.PipelineStateManagerImpl (PipelineStateManagerImpl.java:addPipeline(103)) - Created pipeline Pipeline[ Id: 7a774bb4-4d34-4289-ba9c-6426e8d710a2, Nodes: 4fb9f1f7-4e3b-4bcf-a7e7-c7ddcac09d11(fv-az443-428.ap2fcshprsnunfx25e1aelzb4b.cx.internal.cloudapp.net/10.1.0.20), ReplicationConfig: RATIS/ONE, State:ALLOCATED, leaderId:, CreationTimestamp2023-04-22T02:18:12.136Z[Etc/UTC]].
2023-04-22 02:18:12,372 [EndpointStateMachine task thread for /0.0.0.0:44143 - 0 ] INFO  utils.DatanodeStoreCache (DatanodeStoreCache.java:addDB(58)) - Added db /home/runner/work/ozone/ozone/hadoop-ozone/integration-test/target/test-dir/MiniOzoneClusterImpl-b640deff-6994-498f-92ea-4ac5c972f0d8/datanode-5/data-0/containers/hdds/b640deff-6994-498f-92ea-4ac5c972f0d8/DS-da760a52-b2e2-4daa-a9c3-548ce639be28/container.db to cache
2023-04-22 02:18:12,372 [EndpointStateMachine task thread for /0.0.0.0:44143 - 0 ] INFO  volume.HddsVolume (HddsVolume.java:createDbStore(350)) - SchemaV3 db is created and loaded at /home/runner/work/ozone/ozone/hadoop-ozone/integration-test/target/test-dir/MiniOzoneClusterImpl-b640deff-6994-498f-92ea-4ac5c972f0d8/datanode-5/data-0/containers/hdds/b640deff-6994-498f-92ea-4ac5c972f0d8/DS-da760a52-b2e2-4daa-a9c3-548ce639be28/container.db for volume DS-da760a52-b2e2-4daa-a9c3-548ce639be28
2023-04-22 02:18:12,372 [EndpointStateMachine task thread for /0.0.0.0:44143 - 0 ] INFO  ozoneimpl.OzoneContainer (OzoneContainer.java:start(397)) - Attempting to start container services.
2023-04-22 02:18:12,372 [EndpointStateMachine task thread for /0.0.0.0:44143 - 0 ] INFO  ozoneimpl.OzoneContainer (OzoneContainer.java:startContainerScrub(314)) - Scheduled background container scanners and the on-demand container scanner have been disabled.
2023-04-22 02:18:12,375 [EndpointStateMachine task thread for /0.0.0.0:44143 - 0 ] INFO  replication.ReplicationServer (ReplicationServer.java:start(109)) - ReplicationServer is started using port 42779
2023-04-22 02:18:12,375 [EndpointStateMachine task thread for /0.0.0.0:44143 - 0 ] INFO  ratis.XceiverServerRatis (XceiverServerRatis.java:start(517)) - Starting XceiverServerRatis b7c32ab9-1d10-40a2-8298-2f54da75b521
2023-04-22 02:18:12,382 [EndpointStateMachine task thread for /0.0.0.0:44143 - 0 ] INFO  server.RaftServer (RaftServerProxy.java:startImpl(393)) - b7c32ab9-1d10-40a2-8298-2f54da75b521: start RPC server
2023-04-22 02:18:12,384 [EndpointStateMachine task thread for /0.0.0.0:44143 - 0 ] INFO  server.GrpcService (GrpcService.java:startImpl(262)) - b7c32ab9-1d10-40a2-8298-2f54da75b521: GrpcService started, listening on 39931
2023-04-22 02:18:12,386 [EndpointStateMachine task thread for /0.0.0.0:44143 - 0 ] INFO  ratis.XceiverServerRatis (XceiverServerRatis.java:getRealPort(543)) - XceiverServerRatis b7c32ab9-1d10-40a2-8298-2f54da75b521 is started using port 39931 for RATIS
2023-04-22 02:18:12,386 [EndpointStateMachine task thread for /0.0.0.0:44143 - 0 ] INFO  ratis.XceiverServerRatis (XceiverServerRatis.java:getRealPort(543)) - XceiverServerRatis b7c32ab9-1d10-40a2-8298-2f54da75b521 is started using port 39931 for RATIS_ADMIN
2023-04-22 02:18:12,386 [EndpointStateMachine task thread for /0.0.0.0:44143 - 0 ] INFO  ratis.XceiverServerRatis (XceiverServerRatis.java:getRealPort(543)) - XceiverServerRatis b7c32ab9-1d10-40a2-8298-2f54da75b521 is started using port 39931 for RATIS_SERVER
2023-04-22 02:18:12,386 [EndpointStateMachine task thread for /0.0.0.0:44143 - 0 ] INFO  ratis.XceiverServerRatis (XceiverServerRatis.java:getRealPort(543)) - XceiverServerRatis b7c32ab9-1d10-40a2-8298-2f54da75b521 is started using port 33643 for RATIS_DATASTREAM
2023-04-22 02:18:12,386 [JvmPauseMonitor6] INFO  util.JvmPauseMonitor (JvmPauseMonitor.java:run(105)) - JvmPauseMonitor-b7c32ab9-1d10-40a2-8298-2f54da75b521: Started
2023-04-22 02:18:12,388 [EndpointStateMachine task thread for /0.0.0.0:44143 - 0 ] INFO  server.XceiverServerGrpc (XceiverServerGrpc.java:start(180)) - XceiverServerGrpc b7c32ab9-1d10-40a2-8298-2f54da75b521 is started using port 36121
2023-04-22 02:18:12,402 [BlockDeletingService#0] INFO  interfaces.ContainerDeletionChoosingPolicyTemplate (ContainerDeletionChoosingPolicyTemplate.java:chooseContainerForBlockDeletion(83)) - Chosen 0/5000 blocks from 0 candidate containers.
2023-04-22 02:18:12,771 [EndpointStateMachine task thread for /0.0.0.0:44143 - 0 ] INFO  utils.DatanodeStoreCache (DatanodeStoreCache.java:addDB(58)) - Added db /home/runner/work/ozone/ozone/hadoop-ozone/integration-test/target/test-dir/MiniOzoneClusterImpl-b640deff-6994-498f-92ea-4ac5c972f0d8/datanode-6/data-0/containers/hdds/b640deff-6994-498f-92ea-4ac5c972f0d8/DS-bf7cad35-0b30-4144-a621-b2052a01f110/container.db to cache
2023-04-22 02:18:12,771 [EndpointStateMachine task thread for /0.0.0.0:44143 - 0 ] INFO  volume.HddsVolume (HddsVolume.java:createDbStore(350)) - SchemaV3 db is created and loaded at /home/runner/work/ozone/ozone/hadoop-ozone/integration-test/target/test-dir/MiniOzoneClusterImpl-b640deff-6994-498f-92ea-4ac5c972f0d8/datanode-6/data-0/containers/hdds/b640deff-6994-498f-92ea-4ac5c972f0d8/DS-bf7cad35-0b30-4144-a621-b2052a01f110/container.db for volume DS-bf7cad35-0b30-4144-a621-b2052a01f110
2023-04-22 02:18:12,775 [EndpointStateMachine task thread for /0.0.0.0:44143 - 0 ] INFO  ozoneimpl.OzoneContainer (OzoneContainer.java:start(397)) - Attempting to start container services.
2023-04-22 02:18:12,775 [EndpointStateMachine task thread for /0.0.0.0:44143 - 0 ] INFO  ozoneimpl.OzoneContainer (OzoneContainer.java:startContainerScrub(314)) - Scheduled background container scanners and the on-demand container scanner have been disabled.
2023-04-22 02:18:12,780 [EndpointStateMachine task thread for /0.0.0.0:44143 - 0 ] INFO  replication.ReplicationServer (ReplicationServer.java:start(109)) - ReplicationServer is started using port 42915
2023-04-22 02:18:12,781 [EndpointStateMachine task thread for /0.0.0.0:44143 - 0 ] INFO  ratis.XceiverServerRatis (XceiverServerRatis.java:start(517)) - Starting XceiverServerRatis ffe33985-86ac-4dba-9cf7-e9d9be1914b9
2023-04-22 02:18:12,783 [EndpointStateMachine task thread for /0.0.0.0:44143 - 0 ] INFO  server.RaftServer (RaftServerProxy.java:startImpl(393)) - ffe33985-86ac-4dba-9cf7-e9d9be1914b9: start RPC server
2023-04-22 02:18:12,784 [EndpointStateMachine task thread for /0.0.0.0:44143 - 0 ] INFO  server.GrpcService (GrpcService.java:startImpl(262)) - ffe33985-86ac-4dba-9cf7-e9d9be1914b9: GrpcService started, listening on 37515
2023-04-22 02:18:12,787 [EndpointStateMachine task thread for /0.0.0.0:44143 - 0 ] INFO  ratis.XceiverServerRatis (XceiverServerRatis.java:getRealPort(543)) - XceiverServerRatis ffe33985-86ac-4dba-9cf7-e9d9be1914b9 is started using port 37515 for RATIS
2023-04-22 02:18:12,787 [EndpointStateMachine task thread for /0.0.0.0:44143 - 0 ] INFO  ratis.XceiverServerRatis (XceiverServerRatis.java:getRealPort(543)) - XceiverServerRatis ffe33985-86ac-4dba-9cf7-e9d9be1914b9 is started using port 37515 for RATIS_ADMIN
2023-04-22 02:18:12,787 [EndpointStateMachine task thread for /0.0.0.0:44143 - 0 ] INFO  ratis.XceiverServerRatis (XceiverServerRatis.java:getRealPort(543)) - XceiverServerRatis ffe33985-86ac-4dba-9cf7-e9d9be1914b9 is started using port 37515 for RATIS_SERVER
2023-04-22 02:18:12,787 [EndpointStateMachine task thread for /0.0.0.0:44143 - 0 ] INFO  ratis.XceiverServerRatis (XceiverServerRatis.java:getRealPort(543)) - XceiverServerRatis ffe33985-86ac-4dba-9cf7-e9d9be1914b9 is started using port 41651 for RATIS_DATASTREAM
2023-04-22 02:18:12,787 [JvmPauseMonitor7] INFO  util.JvmPauseMonitor (JvmPauseMonitor.java:run(105)) - JvmPauseMonitor-ffe33985-86ac-4dba-9cf7-e9d9be1914b9: Started
2023-04-22 02:18:12,790 [EndpointStateMachine task thread for /0.0.0.0:44143 - 0 ] INFO  server.XceiverServerGrpc (XceiverServerGrpc.java:start(180)) - XceiverServerGrpc ffe33985-86ac-4dba-9cf7-e9d9be1914b9 is started using port 37729
2023-04-22 02:18:12,794 [BlockDeletingService#0] INFO  interfaces.ContainerDeletionChoosingPolicyTemplate (ContainerDeletionChoosingPolicyTemplate.java:chooseContainerForBlockDeletion(83)) - Chosen 0/5000 blocks from 0 candidate containers.
2023-04-22 02:18:12,804 [IPC Server handler 14 on default port 44143] INFO  net.NetworkTopologyImpl (NetworkTopologyImpl.java:add(112)) - Added a new node: /default-rack/44aa5787-a9ca-4d27-a88e-9069c8f4547b
2023-04-22 02:18:12,804 [IPC Server handler 14 on default port 44143] INFO  node.SCMNodeManager (SCMNodeManager.java:register(404)) - Registered Data node : 44aa5787-a9ca-4d27-a88e-9069c8f4547b{ip: 10.1.0.20, host: fv-az443-428.ap2fcshprsnunfx25e1aelzb4b.cx.internal.cloudapp.net, ports: [HTTP=43811, REPLICATION=32887, RATIS=46431, RATIS_ADMIN=46431, RATIS_SERVER=46431, RATIS_DATASTREAM=44789, STANDALONE=38063], networkLocation: /default-rack, certSerialId: null, persistedOpState: null, persistedOpStateExpiryEpochSec: 0}
2023-04-22 02:18:12,805 [EventQueue-NodeRegistrationContainerReportForDataNodeSafeModeRule] INFO  safemode.SCMSafeModeManager (DataNodeSafeModeRule.java:process(71)) - SCM in safe mode. 2 DataNodes registered, 3 required.
2023-04-22 02:18:12,805 [EventQueue-NewNodeForNewNodeHandler] INFO  pipeline.BackgroundPipelineCreator (BackgroundPipelineCreator.java:notifyEventTriggered(276)) - trigger a one-shot run on RatisPipelineUtilsThread.
2023-04-22 02:18:12,806 [RatisPipelineUtilsThread - 0] INFO  pipeline.RatisPipelineProvider (RatisPipelineProvider.java:lambda$create$0(206)) - Sending CreatePipelineCommand for pipeline:PipelineID=62743183-7adb-4209-96fa-273c15eb47f3 to datanode:44aa5787-a9ca-4d27-a88e-9069c8f4547b
2023-04-22 02:18:12,807 [RatisPipelineUtilsThread - 0] INFO  pipeline.PipelineStateManagerImpl (PipelineStateManagerImpl.java:addPipeline(103)) - Created pipeline Pipeline[ Id: 62743183-7adb-4209-96fa-273c15eb47f3, Nodes: 44aa5787-a9ca-4d27-a88e-9069c8f4547b(fv-az443-428.ap2fcshprsnunfx25e1aelzb4b.cx.internal.cloudapp.net/10.1.0.20), ReplicationConfig: RATIS/ONE, State:ALLOCATED, leaderId:, CreationTimestamp2023-04-22T02:18:12.806Z[Etc/UTC]].
2023-04-22 02:18:12,898 [Listener at 127.0.0.1/41793] INFO  ozone.MiniOzoneClusterImpl (MiniOzoneClusterImpl.java:lambda$waitForClusterToBeReady$0(223)) - Waiting for nodes to be ready. Got 2 of 10 DN Heartbeats.
2023-04-22 02:18:12,899 [Listener at 127.0.0.1/41793] INFO  ozone.MiniOzoneClusterImpl (MiniOzoneClusterImpl.java:lambda$waitForClusterToBeReady$0(226)) - Waiting for cluster to exit safe mode
2023-04-22 02:18:12,899 [Listener at 127.0.0.1/41793] INFO  ozone.MiniOzoneClusterImpl (MiniOzoneClusterImpl.java:lambda$waitForClusterToBeReady$0(228)) - SCM became leader
2023-04-22 02:18:13,162 [EndpointStateMachine task thread for /0.0.0.0:44143 - 0 ] INFO  utils.DatanodeStoreCache (DatanodeStoreCache.java:addDB(58)) - Added db /home/runner/work/ozone/ozone/hadoop-ozone/integration-test/target/test-dir/MiniOzoneClusterImpl-b640deff-6994-498f-92ea-4ac5c972f0d8/datanode-7/data-0/containers/hdds/b640deff-6994-498f-92ea-4ac5c972f0d8/DS-0f4f759e-13a9-42db-863b-faf96fd7b9dc/container.db to cache
2023-04-22 02:18:13,162 [EndpointStateMachine task thread for /0.0.0.0:44143 - 0 ] INFO  volume.HddsVolume (HddsVolume.java:createDbStore(350)) - SchemaV3 db is created and loaded at /home/runner/work/ozone/ozone/hadoop-ozone/integration-test/target/test-dir/MiniOzoneClusterImpl-b640deff-6994-498f-92ea-4ac5c972f0d8/datanode-7/data-0/containers/hdds/b640deff-6994-498f-92ea-4ac5c972f0d8/DS-0f4f759e-13a9-42db-863b-faf96fd7b9dc/container.db for volume DS-0f4f759e-13a9-42db-863b-faf96fd7b9dc
2023-04-22 02:18:13,162 [EndpointStateMachine task thread for /0.0.0.0:44143 - 0 ] INFO  ozoneimpl.OzoneContainer (OzoneContainer.java:start(397)) - Attempting to start container services.
2023-04-22 02:18:13,162 [EndpointStateMachine task thread for /0.0.0.0:44143 - 0 ] INFO  ozoneimpl.OzoneContainer (OzoneContainer.java:startContainerScrub(314)) - Scheduled background container scanners and the on-demand container scanner have been disabled.
2023-04-22 02:18:13,163 [EndpointStateMachine task thread for /0.0.0.0:44143 - 0 ] INFO  replication.ReplicationServer (ReplicationServer.java:start(109)) - ReplicationServer is started using port 35575
2023-04-22 02:18:13,163 [EndpointStateMachine task thread for /0.0.0.0:44143 - 0 ] INFO  ratis.XceiverServerRatis (XceiverServerRatis.java:start(517)) - Starting XceiverServerRatis 2e77c710-dcb3-40c4-9ab8-375ebf5b60c5
2023-04-22 02:18:13,165 [EndpointStateMachine task thread for /0.0.0.0:44143 - 0 ] INFO  server.RaftServer (RaftServerProxy.java:startImpl(393)) - 2e77c710-dcb3-40c4-9ab8-375ebf5b60c5: start RPC server
2023-04-22 02:18:13,166 [EndpointStateMachine task thread for /0.0.0.0:44143 - 0 ] INFO  server.GrpcService (GrpcService.java:startImpl(262)) - 2e77c710-dcb3-40c4-9ab8-375ebf5b60c5: GrpcService started, listening on 42687
2023-04-22 02:18:13,166 [EndpointStateMachine task thread for /0.0.0.0:44143 - 0 ] INFO  ratis.XceiverServerRatis (XceiverServerRatis.java:getRealPort(543)) - XceiverServerRatis 2e77c710-dcb3-40c4-9ab8-375ebf5b60c5 is started using port 42687 for RATIS
2023-04-22 02:18:13,166 [JvmPauseMonitor8] INFO  util.JvmPauseMonitor (JvmPauseMonitor.java:run(105)) - JvmPauseMonitor-2e77c710-dcb3-40c4-9ab8-375ebf5b60c5: Started
2023-04-22 02:18:13,166 [EndpointStateMachine task thread for /0.0.0.0:44143 - 0 ] INFO  ratis.XceiverServerRatis (XceiverServerRatis.java:getRealPort(543)) - XceiverServerRatis 2e77c710-dcb3-40c4-9ab8-375ebf5b60c5 is started using port 42687 for RATIS_ADMIN
2023-04-22 02:18:13,166 [EndpointStateMachine task thread for /0.0.0.0:44143 - 0 ] INFO  ratis.XceiverServerRatis (XceiverServerRatis.java:getRealPort(543)) - XceiverServerRatis 2e77c710-dcb3-40c4-9ab8-375ebf5b60c5 is started using port 42687 for RATIS_SERVER
2023-04-22 02:18:13,166 [EndpointStateMachine task thread for /0.0.0.0:44143 - 0 ] INFO  ratis.XceiverServerRatis (XceiverServerRatis.java:getRealPort(543)) - XceiverServerRatis 2e77c710-dcb3-40c4-9ab8-375ebf5b60c5 is started using port 33365 for RATIS_DATASTREAM
2023-04-22 02:18:13,171 [EndpointStateMachine task thread for /0.0.0.0:44143 - 0 ] INFO  server.XceiverServerGrpc (XceiverServerGrpc.java:start(180)) - XceiverServerGrpc 2e77c710-dcb3-40c4-9ab8-375ebf5b60c5 is started using port 37697
2023-04-22 02:18:13,179 [BlockDeletingService#0] INFO  interfaces.ContainerDeletionChoosingPolicyTemplate (ContainerDeletionChoosingPolicyTemplate.java:chooseContainerForBlockDeletion(83)) - Chosen 0/5000 blocks from 0 candidate containers.
2023-04-22 02:18:13,188 [IPC Server handler 16 on default port 44143] INFO  net.NetworkTopologyImpl (NetworkTopologyImpl.java:add(112)) - Added a new node: /default-rack/6aaf5ca8-0737-4296-ba95-7f0e9402c55b
2023-04-22 02:18:13,188 [IPC Server handler 16 on default port 44143] INFO  node.SCMNodeManager (SCMNodeManager.java:register(404)) - Registered Data node : 6aaf5ca8-0737-4296-ba95-7f0e9402c55b{ip: 10.1.0.20, host: fv-az443-428.ap2fcshprsnunfx25e1aelzb4b.cx.internal.cloudapp.net, ports: [HTTP=39281, REPLICATION=35047, RATIS=37225, RATIS_ADMIN=37225, RATIS_SERVER=37225, RATIS_DATASTREAM=33711, STANDALONE=37623], networkLocation: /default-rack, certSerialId: null, persistedOpState: null, persistedOpStateExpiryEpochSec: 0}
2023-04-22 02:18:13,188 [EventQueue-NodeRegistrationContainerReportForDataNodeSafeModeRule] INFO  safemode.SCMSafeModeManager (DataNodeSafeModeRule.java:process(71)) - SCM in safe mode. 3 DataNodes registered, 3 required.
2023-04-22 02:18:13,188 [EventQueue-NodeRegistrationContainerReportForDataNodeSafeModeRule] INFO  safemode.SCMSafeModeManager (SCMSafeModeManager.java:validateSafeModeExitRules(200)) - DataNodeSafeModeRule rule is successfully validated
2023-04-22 02:18:13,188 [EventQueue-NodeRegistrationContainerReportForDataNodeSafeModeRule] INFO  safemode.SCMSafeModeManager (SCMSafeModeManager.java:completePreCheck(229)) - All SCM safe mode pre check rules have passed
2023-04-22 02:18:13,188 [EventQueue-NodeRegistrationContainerReportForDataNodeSafeModeRule] INFO  ha.SCMContext (SCMContext.java:updateSafeModeStatus(228)) - Update SafeModeStatus from SafeModeStatus{safeModeStatus=true, preCheckPassed=false} to SafeModeStatus{safeModeStatus=true, preCheckPassed=true}.
2023-04-22 02:18:13,188 [EventQueue-NodeRegistrationContainerReportForDataNodeSafeModeRule] INFO  pipeline.BackgroundPipelineCreator (BackgroundPipelineCreator.java:notifyEventTriggered(276)) - trigger a one-shot run on RatisPipelineUtilsThread.
2023-04-22 02:18:13,189 [EventQueue-NewNodeForNewNodeHandler] INFO  pipeline.BackgroundPipelineCreator (BackgroundPipelineCreator.java:notifyEventTriggered(276)) - trigger a one-shot run on RatisPipelineUtilsThread.
2023-04-22 02:18:13,189 [RatisPipelineUtilsThread - 0] INFO  pipeline.RatisPipelineProvider (RatisPipelineProvider.java:lambda$create$0(206)) - Sending CreatePipelineCommand for pipeline:PipelineID=96b44e4f-ee2f-4278-825b-81457971618b to datanode:6aaf5ca8-0737-4296-ba95-7f0e9402c55b
2023-04-22 02:18:13,190 [RatisPipelineUtilsThread - 0] INFO  pipeline.PipelineStateManagerImpl (PipelineStateManagerImpl.java:addPipeline(103)) - Created pipeline Pipeline[ Id: 96b44e4f-ee2f-4278-825b-81457971618b, Nodes: 6aaf5ca8-0737-4296-ba95-7f0e9402c55b(fv-az443-428.ap2fcshprsnunfx25e1aelzb4b.cx.internal.cloudapp.net/10.1.0.20), ReplicationConfig: RATIS/ONE, State:ALLOCATED, leaderId:, CreationTimestamp2023-04-22T02:18:13.189Z[Etc/UTC]].
2023-04-22 02:18:13,193 [RatisPipelineUtilsThread - 0] INFO  pipeline.RatisPipelineProvider (RatisPipelineProvider.java:lambda$create$0(206)) - Sending CreatePipelineCommand for pipeline:PipelineID=49d433d1-3766-4605-956b-d97743807c2e to datanode:4fb9f1f7-4e3b-4bcf-a7e7-c7ddcac09d11
2023-04-22 02:18:13,194 [RatisPipelineUtilsThread - 0] INFO  pipeline.RatisPipelineProvider (RatisPipelineProvider.java:lambda$create$0(206)) - Sending CreatePipelineCommand for pipeline:PipelineID=49d433d1-3766-4605-956b-d97743807c2e to datanode:44aa5787-a9ca-4d27-a88e-9069c8f4547b
2023-04-22 02:18:13,194 [RatisPipelineUtilsThread - 0] INFO  pipeline.RatisPipelineProvider (RatisPipelineProvider.java:lambda$create$0(206)) - Sending CreatePipelineCommand for pipeline:PipelineID=49d433d1-3766-4605-956b-d97743807c2e to datanode:6aaf5ca8-0737-4296-ba95-7f0e9402c55b
2023-04-22 02:18:13,198 [RatisPipelineUtilsThread - 0] INFO  pipeline.PipelineStateManagerImpl (PipelineStateManagerImpl.java:addPipeline(103)) - Created pipeline Pipeline[ Id: 49d433d1-3766-4605-956b-d97743807c2e, Nodes: 4fb9f1f7-4e3b-4bcf-a7e7-c7ddcac09d11(fv-az443-428.ap2fcshprsnunfx25e1aelzb4b.cx.internal.cloudapp.net/10.1.0.20)44aa5787-a9ca-4d27-a88e-9069c8f4547b(fv-az443-428.ap2fcshprsnunfx25e1aelzb4b.cx.internal.cloudapp.net/10.1.0.20)6aaf5ca8-0737-4296-ba95-7f0e9402c55b(fv-az443-428.ap2fcshprsnunfx25e1aelzb4b.cx.internal.cloudapp.net/10.1.0.20), ReplicationConfig: RATIS/THREE, State:ALLOCATED, leaderId:, CreationTimestamp2023-04-22T02:18:13.193Z[Etc/UTC]].
2023-04-22 02:18:13,199 [RatisPipelineUtilsThread - 0] INFO  pipeline.RatisPipelineProvider (RatisPipelineProvider.java:lambda$create$0(206)) - Sending CreatePipelineCommand for pipeline:PipelineID=f27d81a8-358d-4e8b-922b-d4d495df8b74 to datanode:4fb9f1f7-4e3b-4bcf-a7e7-c7ddcac09d11
2023-04-22 02:18:13,199 [RatisPipelineUtilsThread - 0] INFO  pipeline.RatisPipelineProvider (RatisPipelineProvider.java:lambda$create$0(206)) - Sending CreatePipelineCommand for pipeline:PipelineID=f27d81a8-358d-4e8b-922b-d4d495df8b74 to datanode:6aaf5ca8-0737-4296-ba95-7f0e9402c55b
2023-04-22 02:18:13,199 [RatisPipelineUtilsThread - 0] INFO  pipeline.RatisPipelineProvider (RatisPipelineProvider.java:lambda$create$0(206)) - Sending CreatePipelineCommand for pipeline:PipelineID=f27d81a8-358d-4e8b-922b-d4d495df8b74 to datanode:44aa5787-a9ca-4d27-a88e-9069c8f4547b
2023-04-22 02:18:13,200 [RatisPipelineUtilsThread - 0] INFO  pipeline.PipelineStateManagerImpl (PipelineStateManagerImpl.java:addPipeline(103)) - Created pipeline Pipeline[ Id: f27d81a8-358d-4e8b-922b-d4d495df8b74, Nodes: 4fb9f1f7-4e3b-4bcf-a7e7-c7ddcac09d11(fv-az443-428.ap2fcshprsnunfx25e1aelzb4b.cx.internal.cloudapp.net/10.1.0.20)6aaf5ca8-0737-4296-ba95-7f0e9402c55b(fv-az443-428.ap2fcshprsnunfx25e1aelzb4b.cx.internal.cloudapp.net/10.1.0.20)44aa5787-a9ca-4d27-a88e-9069c8f4547b(fv-az443-428.ap2fcshprsnunfx25e1aelzb4b.cx.internal.cloudapp.net/10.1.0.20), ReplicationConfig: RATIS/THREE, State:ALLOCATED, leaderId:, CreationTimestamp2023-04-22T02:18:13.199Z[Etc/UTC]].
2023-04-22 02:18:13,200 [RatisPipelineUtilsThread - 0] INFO  pipeline.PipelineManagerImpl (PipelineManagerImpl.java:recordMetricsForPipeline(826)) - Pipeline: PipelineID=f27d81a8-358d-4e8b-922b-d4d495df8b74 contains same datanodes as previous pipelines: PipelineID=49d433d1-3766-4605-956b-d97743807c2e nodeIds: 4fb9f1f7-4e3b-4bcf-a7e7-c7ddcac09d11, 6aaf5ca8-0737-4296-ba95-7f0e9402c55b, 44aa5787-a9ca-4d27-a88e-9069c8f4547b
2023-04-22 02:18:13,200 [RatisPipelineUtilsThread - 0] WARN  pipeline.PipelinePlacementPolicy (PipelinePlacementPolicy.java:filterViableNodes(160)) - Pipeline creation failed due to no sufficient healthy datanodes. Required 3. Found 0. Excluded 3.
2023-04-22 02:18:13,204 [RatisPipelineUtilsThread - 0] WARN  pipeline.PipelinePlacementPolicy (PipelinePlacementPolicy.java:filterViableNodes(160)) - Pipeline creation failed due to no sufficient healthy datanodes. Required 3. Found 0. Excluded 3.
2023-04-22 02:18:13,548 [IPC Server handler 14 on default port 44143] INFO  net.NetworkTopologyImpl (NetworkTopologyImpl.java:add(112)) - Added a new node: /default-rack/1fa0605c-c70f-40a8-a13c-0f797dcff94f
2023-04-22 02:18:13,548 [IPC Server handler 14 on default port 44143] INFO  node.SCMNodeManager (SCMNodeManager.java:register(404)) - Registered Data node : 1fa0605c-c70f-40a8-a13c-0f797dcff94f{ip: 10.1.0.20, host: fv-az443-428.ap2fcshprsnunfx25e1aelzb4b.cx.internal.cloudapp.net, ports: [HTTP=45769, REPLICATION=38447, RATIS=37453, RATIS_ADMIN=37453, RATIS_SERVER=37453, RATIS_DATASTREAM=37951, STANDALONE=40253], networkLocation: /default-rack, certSerialId: null, persistedOpState: null, persistedOpStateExpiryEpochSec: 0}
2023-04-22 02:18:13,549 [EventQueue-NewNodeForNewNodeHandler] INFO  pipeline.BackgroundPipelineCreator (BackgroundPipelineCreator.java:notifyEventTriggered(276)) - trigger a one-shot run on RatisPipelineUtilsThread.
2023-04-22 02:18:13,549 [RatisPipelineUtilsThread - 0] INFO  pipeline.RatisPipelineProvider (RatisPipelineProvider.java:lambda$create$0(206)) - Sending CreatePipelineCommand for pipeline:PipelineID=d12363c7-b3ec-4ef1-baed-b7f574d72d8f to datanode:1fa0605c-c70f-40a8-a13c-0f797dcff94f
2023-04-22 02:18:13,551 [RatisPipelineUtilsThread - 0] INFO  pipeline.PipelineStateManagerImpl (PipelineStateManagerImpl.java:addPipeline(103)) - Created pipeline Pipeline[ Id: d12363c7-b3ec-4ef1-baed-b7f574d72d8f, Nodes: 1fa0605c-c70f-40a8-a13c-0f797dcff94f(fv-az443-428.ap2fcshprsnunfx25e1aelzb4b.cx.internal.cloudapp.net/10.1.0.20), ReplicationConfig: RATIS/ONE, State:ALLOCATED, leaderId:, CreationTimestamp2023-04-22T02:18:13.549Z[Etc/UTC]].
2023-04-22 02:18:13,551 [RatisPipelineUtilsThread - 0] WARN  pipeline.PipelinePlacementPolicy (PipelinePlacementPolicy.java:filterViableNodes(160)) - Pipeline creation failed due to no sufficient healthy datanodes. Required 3. Found 1. Excluded 3.
2023-04-22 02:18:13,551 [EndpointStateMachine task thread for /0.0.0.0:44143 - 0 ] INFO  utils.DatanodeStoreCache (DatanodeStoreCache.java:addDB(58)) - Added db /home/runner/work/ozone/ozone/hadoop-ozone/integration-test/target/test-dir/MiniOzoneClusterImpl-b640deff-6994-498f-92ea-4ac5c972f0d8/datanode-8/data-0/containers/hdds/b640deff-6994-498f-92ea-4ac5c972f0d8/DS-0fa15983-4763-4baa-aade-62129bc76d44/container.db to cache
2023-04-22 02:18:13,551 [EndpointStateMachine task thread for /0.0.0.0:44143 - 0 ] INFO  volume.HddsVolume (HddsVolume.java:createDbStore(350)) - SchemaV3 db is created and loaded at /home/runner/work/ozone/ozone/hadoop-ozone/integration-test/target/test-dir/MiniOzoneClusterImpl-b640deff-6994-498f-92ea-4ac5c972f0d8/datanode-8/data-0/containers/hdds/b640deff-6994-498f-92ea-4ac5c972f0d8/DS-0fa15983-4763-4baa-aade-62129bc76d44/container.db for volume DS-0fa15983-4763-4baa-aade-62129bc76d44
2023-04-22 02:18:13,552 [EndpointStateMachine task thread for /0.0.0.0:44143 - 0 ] INFO  ozoneimpl.OzoneContainer (OzoneContainer.java:start(397)) - Attempting to start container services.
2023-04-22 02:18:13,552 [EndpointStateMachine task thread for /0.0.0.0:44143 - 0 ] INFO  ozoneimpl.OzoneContainer (OzoneContainer.java:startContainerScrub(314)) - Scheduled background container scanners and the on-demand container scanner have been disabled.
2023-04-22 02:18:13,555 [EndpointStateMachine task thread for /0.0.0.0:44143 - 0 ] INFO  replication.ReplicationServer (ReplicationServer.java:start(109)) - ReplicationServer is started using port 42447
2023-04-22 02:18:13,555 [EndpointStateMachine task thread for /0.0.0.0:44143 - 0 ] INFO  ratis.XceiverServerRatis (XceiverServerRatis.java:start(517)) - Starting XceiverServerRatis 14afdd48-1c23-4787-9ada-99348fccc9d2
2023-04-22 02:18:13,555 [EndpointStateMachine task thread for /0.0.0.0:44143 - 0 ] INFO  server.RaftServer (RaftServerProxy.java:startImpl(393)) - 14afdd48-1c23-4787-9ada-99348fccc9d2: start RPC server
2023-04-22 02:18:13,556 [EndpointStateMachine task thread for /0.0.0.0:44143 - 0 ] INFO  server.GrpcService (GrpcService.java:startImpl(262)) - 14afdd48-1c23-4787-9ada-99348fccc9d2: GrpcService started, listening on 38959
2023-04-22 02:18:13,556 [EndpointStateMachine task thread for /0.0.0.0:44143 - 0 ] INFO  ratis.XceiverServerRatis (XceiverServerRatis.java:getRealPort(543)) - XceiverServerRatis 14afdd48-1c23-4787-9ada-99348fccc9d2 is started using port 38959 for RATIS
2023-04-22 02:18:13,557 [EndpointStateMachine task thread for /0.0.0.0:44143 - 0 ] INFO  ratis.XceiverServerRatis (XceiverServerRatis.java:getRealPort(543)) - XceiverServerRatis 14afdd48-1c23-4787-9ada-99348fccc9d2 is started using port 38959 for RATIS_ADMIN
2023-04-22 02:18:13,557 [EndpointStateMachine task thread for /0.0.0.0:44143 - 0 ] INFO  ratis.XceiverServerRatis (XceiverServerRatis.java:getRealPort(543)) - XceiverServerRatis 14afdd48-1c23-4787-9ada-99348fccc9d2 is started using port 38959 for RATIS_SERVER
2023-04-22 02:18:13,557 [EndpointStateMachine task thread for /0.0.0.0:44143 - 0 ] INFO  ratis.XceiverServerRatis (XceiverServerRatis.java:getRealPort(543)) - XceiverServerRatis 14afdd48-1c23-4787-9ada-99348fccc9d2 is started using port 42291 for RATIS_DATASTREAM
2023-04-22 02:18:13,557 [JvmPauseMonitor9] INFO  util.JvmPauseMonitor (JvmPauseMonitor.java:run(105)) - JvmPauseMonitor-14afdd48-1c23-4787-9ada-99348fccc9d2: Started
2023-04-22 02:18:13,558 [EndpointStateMachine task thread for /0.0.0.0:44143 - 0 ] INFO  server.XceiverServerGrpc (XceiverServerGrpc.java:start(180)) - XceiverServerGrpc 14afdd48-1c23-4787-9ada-99348fccc9d2 is started using port 34591
2023-04-22 02:18:13,561 [BlockDeletingService#0] INFO  interfaces.ContainerDeletionChoosingPolicyTemplate (ContainerDeletionChoosingPolicyTemplate.java:chooseContainerForBlockDeletion(83)) - Chosen 0/5000 blocks from 0 candidate containers.
2023-04-22 02:18:13,899 [Listener at 127.0.0.1/41793] INFO  ozone.MiniOzoneClusterImpl (MiniOzoneClusterImpl.java:lambda$waitForClusterToBeReady$0(223)) - Waiting for nodes to be ready. Got 4 of 10 DN Heartbeats.
2023-04-22 02:18:13,899 [Listener at 127.0.0.1/41793] INFO  ozone.MiniOzoneClusterImpl (MiniOzoneClusterImpl.java:lambda$waitForClusterToBeReady$0(226)) - Waiting for cluster to exit safe mode
2023-04-22 02:18:13,899 [Listener at 127.0.0.1/41793] INFO  ozone.MiniOzoneClusterImpl (MiniOzoneClusterImpl.java:lambda$waitForClusterToBeReady$0(228)) - SCM became leader
2023-04-22 02:18:13,922 [IPC Server handler 16 on default port 44143] INFO  net.NetworkTopologyImpl (NetworkTopologyImpl.java:add(112)) - Added a new node: /default-rack/1d143142-2b08-4d43-93ad-ad0adf4c04aa
2023-04-22 02:18:13,922 [IPC Server handler 16 on default port 44143] INFO  node.SCMNodeManager (SCMNodeManager.java:register(404)) - Registered Data node : 1d143142-2b08-4d43-93ad-ad0adf4c04aa{ip: 10.1.0.20, host: fv-az443-428.ap2fcshprsnunfx25e1aelzb4b.cx.internal.cloudapp.net, ports: [HTTP=44099, REPLICATION=41325, RATIS=35317, RATIS_ADMIN=35317, RATIS_SERVER=35317, RATIS_DATASTREAM=37137, STANDALONE=39073], networkLocation: /default-rack, certSerialId: null, persistedOpState: null, persistedOpStateExpiryEpochSec: 0}
2023-04-22 02:18:13,923 [EventQueue-NewNodeForNewNodeHandler] INFO  pipeline.BackgroundPipelineCreator (BackgroundPipelineCreator.java:notifyEventTriggered(276)) - trigger a one-shot run on RatisPipelineUtilsThread.
2023-04-22 02:18:13,923 [RatisPipelineUtilsThread - 0] INFO  pipeline.RatisPipelineProvider (RatisPipelineProvider.java:lambda$create$0(206)) - Sending CreatePipelineCommand for pipeline:PipelineID=4e036e96-696e-4f7f-acba-99c1aefeac74 to datanode:1d143142-2b08-4d43-93ad-ad0adf4c04aa
2023-04-22 02:18:13,925 [RatisPipelineUtilsThread - 0] INFO  pipeline.PipelineStateManagerImpl (PipelineStateManagerImpl.java:addPipeline(103)) - Created pipeline Pipeline[ Id: 4e036e96-696e-4f7f-acba-99c1aefeac74, Nodes: 1d143142-2b08-4d43-93ad-ad0adf4c04aa(fv-az443-428.ap2fcshprsnunfx25e1aelzb4b.cx.internal.cloudapp.net/10.1.0.20), ReplicationConfig: RATIS/ONE, State:ALLOCATED, leaderId:, CreationTimestamp2023-04-22T02:18:13.923Z[Etc/UTC]].
2023-04-22 02:18:13,926 [RatisPipelineUtilsThread - 0] WARN  pipeline.PipelinePlacementPolicy (PipelinePlacementPolicy.java:filterViableNodes(160)) - Pipeline creation failed due to no sufficient healthy datanodes. Required 3. Found 2. Excluded 3.
2023-04-22 02:18:13,935 [EndpointStateMachine task thread for /0.0.0.0:44143 - 0 ] INFO  utils.DatanodeStoreCache (DatanodeStoreCache.java:addDB(58)) - Added db /home/runner/work/ozone/ozone/hadoop-ozone/integration-test/target/test-dir/MiniOzoneClusterImpl-b640deff-6994-498f-92ea-4ac5c972f0d8/datanode-9/data-0/containers/hdds/b640deff-6994-498f-92ea-4ac5c972f0d8/DS-bc137536-b362-40fa-99b0-1159137c2e33/container.db to cache
2023-04-22 02:18:13,935 [EndpointStateMachine task thread for /0.0.0.0:44143 - 0 ] INFO  volume.HddsVolume (HddsVolume.java:createDbStore(350)) - SchemaV3 db is created and loaded at /home/runner/work/ozone/ozone/hadoop-ozone/integration-test/target/test-dir/MiniOzoneClusterImpl-b640deff-6994-498f-92ea-4ac5c972f0d8/datanode-9/data-0/containers/hdds/b640deff-6994-498f-92ea-4ac5c972f0d8/DS-bc137536-b362-40fa-99b0-1159137c2e33/container.db for volume DS-bc137536-b362-40fa-99b0-1159137c2e33
2023-04-22 02:18:13,935 [EndpointStateMachine task thread for /0.0.0.0:44143 - 0 ] INFO  ozoneimpl.OzoneContainer (OzoneContainer.java:start(397)) - Attempting to start container services.
2023-04-22 02:18:13,935 [EndpointStateMachine task thread for /0.0.0.0:44143 - 0 ] INFO  ozoneimpl.OzoneContainer (OzoneContainer.java:startContainerScrub(314)) - Scheduled background container scanners and the on-demand container scanner have been disabled.
2023-04-22 02:18:13,937 [EndpointStateMachine task thread for /0.0.0.0:44143 - 0 ] INFO  replication.ReplicationServer (ReplicationServer.java:start(109)) - ReplicationServer is started using port 33787
2023-04-22 02:18:13,937 [EndpointStateMachine task thread for /0.0.0.0:44143 - 0 ] INFO  ratis.XceiverServerRatis (XceiverServerRatis.java:start(517)) - Starting XceiverServerRatis 1a68e1b8-2164-4c23-a9a5-559390ce5485
2023-04-22 02:18:13,940 [EndpointStateMachine task thread for /0.0.0.0:44143 - 0 ] INFO  server.RaftServer (RaftServerProxy.java:startImpl(393)) - 1a68e1b8-2164-4c23-a9a5-559390ce5485: start RPC server
2023-04-22 02:18:13,943 [EndpointStateMachine task thread for /0.0.0.0:44143 - 0 ] INFO  server.GrpcService (GrpcService.java:startImpl(262)) - 1a68e1b8-2164-4c23-a9a5-559390ce5485: GrpcService started, listening on 40987
2023-04-22 02:18:13,943 [EndpointStateMachine task thread for /0.0.0.0:44143 - 0 ] INFO  ratis.XceiverServerRatis (XceiverServerRatis.java:getRealPort(543)) - XceiverServerRatis 1a68e1b8-2164-4c23-a9a5-559390ce5485 is started using port 40987 for RATIS
2023-04-22 02:18:13,943 [EndpointStateMachine task thread for /0.0.0.0:44143 - 0 ] INFO  ratis.XceiverServerRatis (XceiverServerRatis.java:getRealPort(543)) - XceiverServerRatis 1a68e1b8-2164-4c23-a9a5-559390ce5485 is started using port 40987 for RATIS_ADMIN
2023-04-22 02:18:13,943 [JvmPauseMonitor10] INFO  util.JvmPauseMonitor (JvmPauseMonitor.java:run(105)) - JvmPauseMonitor-1a68e1b8-2164-4c23-a9a5-559390ce5485: Started
2023-04-22 02:18:13,943 [EndpointStateMachine task thread for /0.0.0.0:44143 - 0 ] INFO  ratis.XceiverServerRatis (XceiverServerRatis.java:getRealPort(543)) - XceiverServerRatis 1a68e1b8-2164-4c23-a9a5-559390ce5485 is started using port 40987 for RATIS_SERVER
2023-04-22 02:18:13,943 [EndpointStateMachine task thread for /0.0.0.0:44143 - 0 ] INFO  ratis.XceiverServerRatis (XceiverServerRatis.java:getRealPort(543)) - XceiverServerRatis 1a68e1b8-2164-4c23-a9a5-559390ce5485 is started using port 46243 for RATIS_DATASTREAM
2023-04-22 02:18:13,945 [EndpointStateMachine task thread for /0.0.0.0:44143 - 0 ] INFO  server.XceiverServerGrpc (XceiverServerGrpc.java:start(180)) - XceiverServerGrpc 1a68e1b8-2164-4c23-a9a5-559390ce5485 is started using port 44959
2023-04-22 02:18:13,946 [BlockDeletingService#0] INFO  interfaces.ContainerDeletionChoosingPolicyTemplate (ContainerDeletionChoosingPolicyTemplate.java:chooseContainerForBlockDeletion(83)) - Chosen 0/5000 blocks from 0 candidate containers.
2023-04-22 02:18:14,342 [IPC Server handler 17 on default port 44143] INFO  net.NetworkTopologyImpl (NetworkTopologyImpl.java:add(112)) - Added a new node: /default-rack/b7c32ab9-1d10-40a2-8298-2f54da75b521
2023-04-22 02:18:14,343 [IPC Server handler 17 on default port 44143] INFO  node.SCMNodeManager (SCMNodeManager.java:register(404)) - Registered Data node : b7c32ab9-1d10-40a2-8298-2f54da75b521{ip: 10.1.0.20, host: fv-az443-428.ap2fcshprsnunfx25e1aelzb4b.cx.internal.cloudapp.net, ports: [HTTP=35175, REPLICATION=42779, RATIS=39931, RATIS_ADMIN=39931, RATIS_SERVER=39931, RATIS_DATASTREAM=33643, STANDALONE=36121], networkLocation: /default-rack, certSerialId: null, persistedOpState: null, persistedOpStateExpiryEpochSec: 0}
2023-04-22 02:18:14,343 [EventQueue-NewNodeForNewNodeHandler] INFO  pipeline.BackgroundPipelineCreator (BackgroundPipelineCreator.java:notifyEventTriggered(276)) - trigger a one-shot run on RatisPipelineUtilsThread.
2023-04-22 02:18:14,344 [RatisPipelineUtilsThread - 0] INFO  pipeline.RatisPipelineProvider (RatisPipelineProvider.java:lambda$create$0(206)) - Sending CreatePipelineCommand for pipeline:PipelineID=c2802d97-685f-4a8d-ab56-44a40d714165 to datanode:b7c32ab9-1d10-40a2-8298-2f54da75b521
2023-04-22 02:18:14,346 [RatisPipelineUtilsThread - 0] INFO  pipeline.PipelineStateManagerImpl (PipelineStateManagerImpl.java:addPipeline(103)) - Created pipeline Pipeline[ Id: c2802d97-685f-4a8d-ab56-44a40d714165, Nodes: b7c32ab9-1d10-40a2-8298-2f54da75b521(fv-az443-428.ap2fcshprsnunfx25e1aelzb4b.cx.internal.cloudapp.net/10.1.0.20), ReplicationConfig: RATIS/ONE, State:ALLOCATED, leaderId:, CreationTimestamp2023-04-22T02:18:14.344Z[Etc/UTC]].
2023-04-22 02:18:14,347 [RatisPipelineUtilsThread - 0] INFO  pipeline.RatisPipelineProvider (RatisPipelineProvider.java:lambda$create$0(206)) - Sending CreatePipelineCommand for pipeline:PipelineID=f9d11862-5bf9-4d37-b07d-e7d3625e2a84 to datanode:1d143142-2b08-4d43-93ad-ad0adf4c04aa
2023-04-22 02:18:14,347 [RatisPipelineUtilsThread - 0] INFO  pipeline.RatisPipelineProvider (RatisPipelineProvider.java:lambda$create$0(206)) - Sending CreatePipelineCommand for pipeline:PipelineID=f9d11862-5bf9-4d37-b07d-e7d3625e2a84 to datanode:1fa0605c-c70f-40a8-a13c-0f797dcff94f
2023-04-22 02:18:14,347 [RatisPipelineUtilsThread - 0] INFO  pipeline.RatisPipelineProvider (RatisPipelineProvider.java:lambda$create$0(206)) - Sending CreatePipelineCommand for pipeline:PipelineID=f9d11862-5bf9-4d37-b07d-e7d3625e2a84 to datanode:b7c32ab9-1d10-40a2-8298-2f54da75b521
2023-04-22 02:18:14,347 [RatisPipelineUtilsThread - 0] INFO  pipeline.PipelineStateManagerImpl (PipelineStateManagerImpl.java:addPipeline(103)) - Created pipeline Pipeline[ Id: f9d11862-5bf9-4d37-b07d-e7d3625e2a84, Nodes: 1d143142-2b08-4d43-93ad-ad0adf4c04aa(fv-az443-428.ap2fcshprsnunfx25e1aelzb4b.cx.internal.cloudapp.net/10.1.0.20)1fa0605c-c70f-40a8-a13c-0f797dcff94f(fv-az443-428.ap2fcshprsnunfx25e1aelzb4b.cx.internal.cloudapp.net/10.1.0.20)b7c32ab9-1d10-40a2-8298-2f54da75b521(fv-az443-428.ap2fcshprsnunfx25e1aelzb4b.cx.internal.cloudapp.net/10.1.0.20), ReplicationConfig: RATIS/THREE, State:ALLOCATED, leaderId:, CreationTimestamp2023-04-22T02:18:14.347Z[Etc/UTC]].
2023-04-22 02:18:14,348 [RatisPipelineUtilsThread - 0] INFO  pipeline.RatisPipelineProvider (RatisPipelineProvider.java:lambda$create$0(206)) - Sending CreatePipelineCommand for pipeline:PipelineID=3756dc69-1fb3-4329-b2d6-98770bde7cb1 to datanode:b7c32ab9-1d10-40a2-8298-2f54da75b521
2023-04-22 02:18:14,348 [RatisPipelineUtilsThread - 0] INFO  pipeline.RatisPipelineProvider (RatisPipelineProvider.java:lambda$create$0(206)) - Sending CreatePipelineCommand for pipeline:PipelineID=3756dc69-1fb3-4329-b2d6-98770bde7cb1 to datanode:1fa0605c-c70f-40a8-a13c-0f797dcff94f
2023-04-22 02:18:14,349 [RatisPipelineUtilsThread - 0] INFO  pipeline.RatisPipelineProvider (RatisPipelineProvider.java:lambda$create$0(206)) - Sending CreatePipelineCommand for pipeline:PipelineID=3756dc69-1fb3-4329-b2d6-98770bde7cb1 to datanode:1d143142-2b08-4d43-93ad-ad0adf4c04aa
2023-04-22 02:18:14,349 [RatisPipelineUtilsThread - 0] INFO  pipeline.PipelineStateManagerImpl (PipelineStateManagerImpl.java:addPipeline(103)) - Created pipeline Pipeline[ Id: 3756dc69-1fb3-4329-b2d6-98770bde7cb1, Nodes: b7c32ab9-1d10-40a2-8298-2f54da75b521(fv-az443-428.ap2fcshprsnunfx25e1aelzb4b.cx.internal.cloudapp.net/10.1.0.20)1fa0605c-c70f-40a8-a13c-0f797dcff94f(fv-az443-428.ap2fcshprsnunfx25e1aelzb4b.cx.internal.cloudapp.net/10.1.0.20)1d143142-2b08-4d43-93ad-ad0adf4c04aa(fv-az443-428.ap2fcshprsnunfx25e1aelzb4b.cx.internal.cloudapp.net/10.1.0.20), ReplicationConfig: RATIS/THREE, State:ALLOCATED, leaderId:, CreationTimestamp2023-04-22T02:18:14.348Z[Etc/UTC]].
2023-04-22 02:18:14,349 [RatisPipelineUtilsThread - 0] INFO  pipeline.PipelineManagerImpl (PipelineManagerImpl.java:recordMetricsForPipeline(826)) - Pipeline: PipelineID=3756dc69-1fb3-4329-b2d6-98770bde7cb1 contains same datanodes as previous pipelines: PipelineID=f9d11862-5bf9-4d37-b07d-e7d3625e2a84 nodeIds: b7c32ab9-1d10-40a2-8298-2f54da75b521, 1fa0605c-c70f-40a8-a13c-0f797dcff94f, 1d143142-2b08-4d43-93ad-ad0adf4c04aa
2023-04-22 02:18:14,350 [RatisPipelineUtilsThread - 0] WARN  pipeline.PipelinePlacementPolicy (PipelinePlacementPolicy.java:filterViableNodes(160)) - Pipeline creation failed due to no sufficient healthy datanodes. Required 3. Found 0. Excluded 6.
2023-04-22 02:18:14,745 [IPC Server handler 16 on default port 44143] INFO  net.NetworkTopologyImpl (NetworkTopologyImpl.java:add(112)) - Added a new node: /default-rack/ffe33985-86ac-4dba-9cf7-e9d9be1914b9
2023-04-22 02:18:14,746 [IPC Server handler 16 on default port 44143] INFO  node.SCMNodeManager (SCMNodeManager.java:register(404)) - Registered Data node : ffe33985-86ac-4dba-9cf7-e9d9be1914b9{ip: 10.1.0.20, host: fv-az443-428.ap2fcshprsnunfx25e1aelzb4b.cx.internal.cloudapp.net, ports: [HTTP=34575, REPLICATION=42915, RATIS=37515, RATIS_ADMIN=37515, RATIS_SERVER=37515, RATIS_DATASTREAM=41651, STANDALONE=37729], networkLocation: /default-rack, certSerialId: null, persistedOpState: null, persistedOpStateExpiryEpochSec: 0}
2023-04-22 02:18:14,746 [EventQueue-NewNodeForNewNodeHandler] INFO  pipeline.BackgroundPipelineCreator (BackgroundPipelineCreator.java:notifyEventTriggered(276)) - trigger a one-shot run on RatisPipelineUtilsThread.
2023-04-22 02:18:14,746 [RatisPipelineUtilsThread - 0] INFO  pipeline.RatisPipelineProvider (RatisPipelineProvider.java:lambda$create$0(206)) - Sending CreatePipelineCommand for pipeline:PipelineID=c81e7b98-8a93-42e3-95e3-c9db5f5bb77f to datanode:ffe33985-86ac-4dba-9cf7-e9d9be1914b9
2023-04-22 02:18:14,748 [RatisPipelineUtilsThread - 0] INFO  pipeline.PipelineStateManagerImpl (PipelineStateManagerImpl.java:addPipeline(103)) - Created pipeline Pipeline[ Id: c81e7b98-8a93-42e3-95e3-c9db5f5bb77f, Nodes: ffe33985-86ac-4dba-9cf7-e9d9be1914b9(fv-az443-428.ap2fcshprsnunfx25e1aelzb4b.cx.internal.cloudapp.net/10.1.0.20), ReplicationConfig: RATIS/ONE, State:ALLOCATED, leaderId:, CreationTimestamp2023-04-22T02:18:14.746Z[Etc/UTC]].
2023-04-22 02:18:14,748 [RatisPipelineUtilsThread - 0] WARN  pipeline.PipelinePlacementPolicy (PipelinePlacementPolicy.java:filterViableNodes(160)) - Pipeline creation failed due to no sufficient healthy datanodes. Required 3. Found 1. Excluded 6.
2023-04-22 02:18:14,900 [Listener at 127.0.0.1/41793] INFO  ozone.MiniOzoneClusterImpl (MiniOzoneClusterImpl.java:lambda$waitForClusterToBeReady$0(223)) - Waiting for nodes to be ready. Got 7 of 10 DN Heartbeats.
2023-04-22 02:18:14,900 [Listener at 127.0.0.1/41793] INFO  ozone.MiniOzoneClusterImpl (MiniOzoneClusterImpl.java:lambda$waitForClusterToBeReady$0(226)) - Waiting for cluster to exit safe mode
2023-04-22 02:18:14,900 [Listener at 127.0.0.1/41793] INFO  ozone.MiniOzoneClusterImpl (MiniOzoneClusterImpl.java:lambda$waitForClusterToBeReady$0(228)) - SCM became leader
2023-04-22 02:18:15,123 [Command processor thread] INFO  server.RaftServer (RaftServerProxy.java:addNew(96)) - 4fb9f1f7-4e3b-4bcf-a7e7-c7ddcac09d11: addNew group-6426E8D710A2:[4fb9f1f7-4e3b-4bcf-a7e7-c7ddcac09d11|rpc:10.1.0.20:44181|dataStream:10.1.0.20:37741|priority:1|startupRole:FOLLOWER] returns group-6426E8D710A2:java.util.concurrent.CompletableFuture@744e3a6e[Not completed]
2023-04-22 02:18:15,137 [pool-79-thread-1] INFO  server.RaftServer$Division (RaftServerImpl.java:<init>(195)) - 4fb9f1f7-4e3b-4bcf-a7e7-c7ddcac09d11: new RaftServerImpl for group-6426E8D710A2:[4fb9f1f7-4e3b-4bcf-a7e7-c7ddcac09d11|rpc:10.1.0.20:44181|dataStream:10.1.0.20:37741|priority:1|startupRole:FOLLOWER] with ContainerStateMachine:uninitialized
2023-04-22 02:18:15,137 [pool-79-thread-1] INFO  server.RaftServerConfigKeys (ConfUtils.java:logGet(46)) - raft.server.rpc.timeout.min = 5s (custom)
2023-04-22 02:18:15,137 [pool-79-thread-1] INFO  server.RaftServerConfigKeys (ConfUtils.java:logGet(46)) - raft.server.rpc.timeout.max = 5200ms (custom)
2023-04-22 02:18:15,137 [pool-79-thread-1] INFO  server.RaftServerConfigKeys (ConfUtils.java:logGet(46)) - raft.server.rpc.sleep.time = 25ms (default)
2023-04-22 02:18:15,137 [pool-79-thread-1] INFO  server.RaftServerConfigKeys (ConfUtils.java:logGet(46)) - raft.server.rpc.slowness.timeout = 300000ms (custom)
2023-04-22 02:18:15,137 [pool-79-thread-1] INFO  server.RaftServerConfigKeys (ConfUtils.java:logGet(46)) - raft.server.leaderelection.leader.step-down.wait-time = 10s (default)
2023-04-22 02:18:15,137 [pool-79-thread-1] INFO  server.RaftServerConfigKeys (ConfUtils.java:logGet(46)) - raft.server.sleep.deviation.threshold = 300ms (default)
2023-04-22 02:18:15,137 [pool-79-thread-1] INFO  server.RaftServer$Division (ServerState.java:<init>(118)) - 4fb9f1f7-4e3b-4bcf-a7e7-c7ddcac09d11@group-6426E8D710A2: ConfigurationManager, init=-1: peers:[4fb9f1f7-4e3b-4bcf-a7e7-c7ddcac09d11|rpc:10.1.0.20:44181|dataStream:10.1.0.20:37741|priority:1|startupRole:FOLLOWER]|listeners:[], old=null, confs=<EMPTY_MAP>
2023-04-22 02:18:15,138 [pool-79-thread-1] INFO  server.RaftServerConfigKeys (ConfUtils.java:logGet(46)) - raft.server.storage.dir = [/home/runner/work/ozone/ozone/hadoop-ozone/integration-test/target/test-dir/MiniOzoneClusterImpl-b640deff-6994-498f-92ea-4ac5c972f0d8/datanode-0/data/ratis] (custom)
2023-04-22 02:18:15,138 [pool-79-thread-1] INFO  server.RaftServerConfigKeys (ConfUtils.java:logGet(46)) - raft.server.log.corruption.policy = EXCEPTION (default)
2023-04-22 02:18:15,138 [pool-79-thread-1] INFO  server.RaftServerConfigKeys (ConfUtils.java:logGet(46)) - raft.server.storage.free-space.min = 0MB (=0) (default)
2023-04-22 02:18:15,139 [pool-79-thread-1] INFO  server.RaftServerConfigKeys (ConfUtils.java:logGet(46)) - raft.server.notification.no-leader.timeout = 300000ms (custom)
2023-04-22 02:18:15,139 [pool-79-thread-1] INFO  server.RaftServerConfigKeys (ConfUtils.java:logGet(46)) - raft.server.retrycache.expirytime = 600000ms (custom)
2023-04-22 02:18:15,139 [pool-79-thread-1] INFO  server.RaftServerConfigKeys (ConfUtils.java:logGet(46)) - raft.server.retrycache.statistics.expirytime = 100μs (default)
2023-04-22 02:18:15,139 [IPC Server handler 0 on default port 44143] INFO  net.NetworkTopologyImpl (NetworkTopologyImpl.java:add(112)) - Added a new node: /default-rack/2e77c710-dcb3-40c4-9ab8-375ebf5b60c5
2023-04-22 02:18:15,139 [IPC Server handler 0 on default port 44143] INFO  node.SCMNodeManager (SCMNodeManager.java:register(404)) - Registered Data node : 2e77c710-dcb3-40c4-9ab8-375ebf5b60c5{ip: 10.1.0.20, host: fv-az443-428.ap2fcshprsnunfx25e1aelzb4b.cx.internal.cloudapp.net, ports: [HTTP=34977, REPLICATION=35575, RATIS=42687, RATIS_ADMIN=42687, RATIS_SERVER=42687, RATIS_DATASTREAM=33365, STANDALONE=37697], networkLocation: /default-rack, certSerialId: null, persistedOpState: null, persistedOpStateExpiryEpochSec: 0}
2023-04-22 02:18:15,140 [EventQueue-NewNodeForNewNodeHandler] INFO  pipeline.BackgroundPipelineCreator (BackgroundPipelineCreator.java:notifyEventTriggered(276)) - trigger a one-shot run on RatisPipelineUtilsThread.
2023-04-22 02:18:15,140 [RatisPipelineUtilsThread - 0] INFO  pipeline.RatisPipelineProvider (RatisPipelineProvider.java:lambda$create$0(206)) - Sending CreatePipelineCommand for pipeline:PipelineID=de549e3c-09d2-485c-b0d4-7b4991a1b4a3 to datanode:2e77c710-dcb3-40c4-9ab8-375ebf5b60c5
2023-04-22 02:18:15,143 [RatisPipelineUtilsThread - 0] INFO  pipeline.PipelineStateManagerImpl (PipelineStateManagerImpl.java:addPipeline(103)) - Created pipeline Pipeline[ Id: de549e3c-09d2-485c-b0d4-7b4991a1b4a3, Nodes: 2e77c710-dcb3-40c4-9ab8-375ebf5b60c5(fv-az443-428.ap2fcshprsnunfx25e1aelzb4b.cx.internal.cloudapp.net/10.1.0.20), ReplicationConfig: RATIS/ONE, State:ALLOCATED, leaderId:, CreationTimestamp2023-04-22T02:18:15.140Z[Etc/UTC]].
2023-04-22 02:18:15,143 [RatisPipelineUtilsThread - 0] WARN  pipeline.PipelinePlacementPolicy (PipelinePlacementPolicy.java:filterViableNodes(160)) - Pipeline creation failed due to no sufficient healthy datanodes. Required 3. Found 2. Excluded 6.
2023-04-22 02:18:15,148 [pool-79-thread-1] INFO  server.RaftServerConfigKeys (ConfUtils.java:logGet(46)) - raft.server.log.appender.install.snapshot.enabled = false (custom)
2023-04-22 02:18:15,151 [pool-79-thread-1] INFO  server.RaftServerConfigKeys (ConfUtils.java:logGet(46)) - raft.server.threadpool.server.cached = true (default)
2023-04-22 02:18:15,151 [pool-79-thread-1] INFO  server.RaftServerConfigKeys (ConfUtils.java:logGet(46)) - raft.server.threadpool.server.size = 0 (default)
2023-04-22 02:18:15,151 [pool-79-thread-1] INFO  server.RaftServerConfigKeys (ConfUtils.java:logGet(46)) - raft.server.threadpool.client.cached = true (default)
2023-04-22 02:18:15,151 [pool-79-thread-1] INFO  server.RaftServerConfigKeys (ConfUtils.java:logGet(46)) - raft.server.threadpool.client.size = 0 (default)
2023-04-22 02:18:15,151 [pool-79-thread-1] INFO  storage.RaftStorageDirectory (RaftStorageDirectoryImpl.java:analyzeStorage(137)) - The storage directory /home/runner/work/ozone/ozone/hadoop-ozone/integration-test/target/test-dir/MiniOzoneClusterImpl-b640deff-6994-498f-92ea-4ac5c972f0d8/datanode-0/data/ratis/7a774bb4-4d34-4289-ba9c-6426e8d710a2 does not exist. Creating ...
2023-04-22 02:18:15,154 [pool-79-thread-1] INFO  storage.RaftStorageDirectory (RaftStorageDirectoryImpl.java:tryLock(231)) - Lock on /home/runner/work/ozone/ozone/hadoop-ozone/integration-test/target/test-dir/MiniOzoneClusterImpl-b640deff-6994-498f-92ea-4ac5c972f0d8/datanode-0/data/ratis/7a774bb4-4d34-4289-ba9c-6426e8d710a2/in_use.lock acquired by nodename 58540@fv-az443-428
2023-04-22 02:18:15,155 [pool-79-thread-1] INFO  storage.RaftStorage (RaftStorageImpl.java:format(96)) - Storage directory /home/runner/work/ozone/ozone/hadoop-ozone/integration-test/target/test-dir/MiniOzoneClusterImpl-b640deff-6994-498f-92ea-4ac5c972f0d8/datanode-0/data/ratis/7a774bb4-4d34-4289-ba9c-6426e8d710a2 has been successfully formatted.
2023-04-22 02:18:15,156 [pool-79-thread-1] INFO  ratis.ContainerStateMachine (ContainerStateMachine.java:loadSnapshot(262)) - group-6426E8D710A2: The snapshot info is null. Setting the last applied indexto:(t:0, i:~)
2023-04-22 02:18:15,156 [pool-79-thread-1] INFO  server.RaftServerConfigKeys (ConfUtils.java:logGet(46)) - raft.server.log.use.memory = false (default)
2023-04-22 02:18:15,158 [EventQueue-PipelineReportForPipelineReportHandler] INFO  pipeline.PipelineManagerImpl (PipelineManagerImpl.java:openPipeline(367)) - Pipeline Pipeline[ Id: 7a774bb4-4d34-4289-ba9c-6426e8d710a2, Nodes: 4fb9f1f7-4e3b-4bcf-a7e7-c7ddcac09d11(fv-az443-428.ap2fcshprsnunfx25e1aelzb4b.cx.internal.cloudapp.net/10.1.0.20), ReplicationConfig: RATIS/ONE, State:ALLOCATED, leaderId:4fb9f1f7-4e3b-4bcf-a7e7-c7ddcac09d11, CreationTimestamp2023-04-22T02:18:12.136Z[Etc/UTC]] moved to OPEN state
2023-04-22 02:18:15,159 [pool-79-thread-1] INFO  server.RaftServerConfigKeys (ConfUtils.java:logGet(46)) - raft.server.log.purge.gap = 1000000 (custom)
2023-04-22 02:18:15,159 [pool-79-thread-1] INFO  server.RaftServerConfigKeys (ConfUtils.java:logGet(46)) - raft.server.log.appender.buffer.byte-limit = 33554432 (custom)
2023-04-22 02:18:15,159 [pool-79-thread-1] INFO  server.RaftServerConfigKeys (ConfUtils.java:logGet(46)) - raft.server.log.statemachine.data.read.timeout = 1000ms (default)
2023-04-22 02:18:15,159 [pool-79-thread-1] INFO  server.RaftServerConfigKeys (ConfUtils.java:logGet(46)) - raft.server.log.purge.preservation.log.num = 0 (default)
2023-04-22 02:18:15,159 [pool-79-thread-1] INFO  server.RaftServerConfigKeys (ConfUtils.java:logGet(46)) - raft.server.log.segment.size.max = 1048576 (custom)
2023-04-22 02:18:15,167 [pool-79-thread-1] INFO  server.RaftServerConfigKeys (ConfUtils.java:logGet(46)) - raft.server.log.segment.cache.num.max = 2 (custom)
2023-04-22 02:18:15,167 [pool-79-thread-1] INFO  server.RaftServerConfigKeys (ConfUtils.java:logGet(46)) - raft.server.log.segment.cache.size.max = 200MB (=209715200) (default)
2023-04-22 02:18:15,167 [pool-79-thread-1] INFO  segmented.SegmentedRaftLogWorker (SegmentedRaftLogWorker.java:<init>(189)) - new 4fb9f1f7-4e3b-4bcf-a7e7-c7ddcac09d11@group-6426E8D710A2-SegmentedRaftLogWorker for RaftStorageImpl:Storage Directory /home/runner/work/ozone/ozone/hadoop-ozone/integration-test/target/test-dir/MiniOzoneClusterImpl-b640deff-6994-498f-92ea-4ac5c972f0d8/datanode-0/data/ratis/7a774bb4-4d34-4289-ba9c-6426e8d710a2
2023-04-22 02:18:15,167 [pool-79-thread-1] INFO  server.RaftServerConfigKeys (ConfUtils.java:logGet(46)) - raft.server.log.queue.byte-limit = 4294967296 (custom)
2023-04-22 02:18:15,167 [pool-79-thread-1] INFO  server.RaftServerConfigKeys (ConfUtils.java:logGet(46)) - raft.server.log.queue.element-limit = 1024 (custom)
2023-04-22 02:18:15,167 [pool-79-thread-1] INFO  server.RaftServerConfigKeys (ConfUtils.java:logGet(46)) - raft.server.log.segment.size.max = 1048576 (custom)
2023-04-22 02:18:15,167 [pool-79-thread-1] INFO  server.RaftServerConfigKeys (ConfUtils.java:logGet(46)) - raft.server.log.preallocated.size = 16384 (custom)
2023-04-22 02:18:15,167 [pool-79-thread-1] INFO  server.RaftServerConfigKeys (ConfUtils.java:logGet(46)) - raft.server.log.force.sync.num = 128 (default)
2023-04-22 02:18:15,167 [pool-79-thread-1] INFO  server.RaftServerConfigKeys (ConfUtils.java:logGet(46)) - raft.server.log.statemachine.data.sync = true (default)
2023-04-22 02:18:15,167 [pool-79-thread-1] INFO  server.RaftServerConfigKeys (ConfUtils.java:logGet(46)) - raft.server.log.statemachine.data.sync.timeout = 10s (default)
2023-04-22 02:18:15,167 [pool-79-thread-1] INFO  server.RaftServerConfigKeys (ConfUtils.java:logGet(46)) - raft.server.log.statemachine.data.sync.timeout.retry = -1 (default)
2023-04-22 02:18:15,170 [pool-79-thread-1] INFO  server.RaftServerConfigKeys (ConfUtils.java:logGet(46)) - raft.server.log.write.buffer.size = 1048576 (custom)
2023-04-22 02:18:15,171 [pool-79-thread-1] INFO  server.RaftServerConfigKeys (ConfUtils.java:logGet(46)) - raft.server.log.appender.buffer.byte-limit = 33554432 (custom)
2023-04-22 02:18:15,174 [pool-79-thread-1] INFO  server.RaftServerConfigKeys (ConfUtils.java:logGet(46)) - raft.server.log.unsafe-flush.enabled = false (default)
2023-04-22 02:18:15,174 [pool-79-thread-1] INFO  server.RaftServerConfigKeys (ConfUtils.java:logGet(46)) - raft.server.log.async-flush.enabled = false (default)
2023-04-22 02:18:15,174 [pool-79-thread-1] INFO  server.RaftServerConfigKeys (ConfUtils.java:logGet(46)) - raft.server.log.statemachine.data.caching.enabled = true (custom)
2023-04-22 02:18:15,174 [pool-79-thread-1] INFO  segmented.SegmentedRaftLogWorker (SegmentedRaftLogWorker.java:lambda$new$0(135)) - 4fb9f1f7-4e3b-4bcf-a7e7-c7ddcac09d11@group-6426E8D710A2-SegmentedRaftLogWorker: flushIndex: setUnconditionally 0 -> -1
2023-04-22 02:18:15,175 [pool-79-thread-1] INFO  segmented.SegmentedRaftLogWorker (SegmentedRaftLogWorker.java:lambda$new$0(135)) - 4fb9f1f7-4e3b-4bcf-a7e7-c7ddcac09d11@group-6426E8D710A2-SegmentedRaftLogWorker: safeCacheEvictIndex: setUnconditionally 0 -> -1
2023-04-22 02:18:15,174 [EventQueue-OpenPipelineForHealthyPipelineSafeModeRule] INFO  safemode.SCMSafeModeManager (HealthyPipelineSafeModeRule.java:process(137)) - SCM in safe mode. Healthy pipelines reported count is 0, required healthy pipeline reported count is 1
2023-04-22 02:18:15,180 [pool-79-thread-1] INFO  server.RaftServer$Division (RaftServerImpl.java:start(334)) - 4fb9f1f7-4e3b-4bcf-a7e7-c7ddcac09d11@group-6426E8D710A2: start as a follower, conf=-1: peers:[4fb9f1f7-4e3b-4bcf-a7e7-c7ddcac09d11|rpc:10.1.0.20:44181|dataStream:10.1.0.20:37741|priority:1|startupRole:FOLLOWER]|listeners:[], old=null
2023-04-22 02:18:15,180 [pool-79-thread-1] INFO  server.RaftServer$Division (RaftServerImpl.java:setRole(321)) - 4fb9f1f7-4e3b-4bcf-a7e7-c7ddcac09d11@group-6426E8D710A2: changes role from      null to FOLLOWER at term 0 for startAsFollower
2023-04-22 02:18:15,180 [pool-79-thread-1] INFO  impl.RoleInfo (RoleInfo.java:updateAndGet(139)) - 4fb9f1f7-4e3b-4bcf-a7e7-c7ddcac09d11: start 4fb9f1f7-4e3b-4bcf-a7e7-c7ddcac09d11@group-6426E8D710A2-FollowerState
2023-04-22 02:18:15,182 [pool-79-thread-1] INFO  util.JmxRegister (JmxRegister.java:tryRegister(44)) - Successfully registered JMX Bean with object name Ratis:service=RaftServer,group=group-6426E8D710A2,id=4fb9f1f7-4e3b-4bcf-a7e7-c7ddcac09d11
2023-04-22 02:18:15,182 [pool-79-thread-1] INFO  server.RaftServerConfigKeys (ConfUtils.java:logGet(46)) - raft.server.snapshot.auto.trigger.enabled = true (custom)
2023-04-22 02:18:15,182 [pool-79-thread-1] INFO  server.RaftServerConfigKeys (ConfUtils.java:logGet(46)) - raft.server.snapshot.auto.trigger.threshold = 1 (custom)
2023-04-22 02:18:15,182 [pool-79-thread-1] INFO  server.RaftServerConfigKeys (ConfUtils.java:logGet(46)) - raft.server.snapshot.retention.file.num = 5 (custom)
2023-04-22 02:18:15,182 [pool-79-thread-1] INFO  server.RaftServerConfigKeys (ConfUtils.java:logGet(46)) - raft.server.log.purge.upto.snapshot.index = false (default)
2023-04-22 02:18:15,183 [4fb9f1f7-4e3b-4bcf-a7e7-c7ddcac09d11@group-6426E8D710A2-FollowerState] INFO  server.RaftServerConfigKeys (ConfUtils.java:logFallback(53)) - raft.server.rpc.first-election.timeout.min = 5s (fallback to raft.server.rpc.timeout.min)
2023-04-22 02:18:15,183 [4fb9f1f7-4e3b-4bcf-a7e7-c7ddcac09d11@group-6426E8D710A2-FollowerState] INFO  server.RaftServerConfigKeys (ConfUtils.java:logFallback(53)) - raft.server.rpc.first-election.timeout.max = 5200ms (fallback to raft.server.rpc.timeout.max)
2023-04-22 02:18:15,201 [Command processor thread] INFO  ratis.XceiverServerRatis (XceiverServerRatis.java:addGroup(806)) - Created group PipelineID=7a774bb4-4d34-4289-ba9c-6426e8d710a2
2023-04-22 02:18:15,202 [Command processor thread] INFO  commandhandler.CreatePipelineCommandHandler (CreatePipelineCommandHandler.java:handle(113)) - Created Pipeline RATIS ONE PipelineID=7a774bb4-4d34-4289-ba9c-6426e8d710a2.
2023-04-22 02:18:15,202 [Command processor thread] INFO  server.RaftServer (RaftServerProxy.java:addNew(96)) - 4fb9f1f7-4e3b-4bcf-a7e7-c7ddcac09d11: addNew group-D97743807C2E:[6aaf5ca8-0737-4296-ba95-7f0e9402c55b|rpc:10.1.0.20:37225|dataStream:10.1.0.20:33711|priority:0|startupRole:FOLLOWER, 4fb9f1f7-4e3b-4bcf-a7e7-c7ddcac09d11|rpc:10.1.0.20:44181|dataStream:10.1.0.20:37741|priority:1|startupRole:FOLLOWER, 44aa5787-a9ca-4d27-a88e-9069c8f4547b|rpc:10.1.0.20:46431|dataStream:10.1.0.20:44789|priority:0|startupRole:FOLLOWER] returns group-D97743807C2E:java.util.concurrent.CompletableFuture@2577261c[Not completed]
2023-04-22 02:18:15,204 [pool-79-thread-1] INFO  server.RaftServer$Division (RaftServerImpl.java:<init>(195)) - 4fb9f1f7-4e3b-4bcf-a7e7-c7ddcac09d11: new RaftServerImpl for group-D97743807C2E:[6aaf5ca8-0737-4296-ba95-7f0e9402c55b|rpc:10.1.0.20:37225|dataStream:10.1.0.20:33711|priority:0|startupRole:FOLLOWER, 4fb9f1f7-4e3b-4bcf-a7e7-c7ddcac09d11|rpc:10.1.0.20:44181|dataStream:10.1.0.20:37741|priority:1|startupRole:FOLLOWER, 44aa5787-a9ca-4d27-a88e-9069c8f4547b|rpc:10.1.0.20:46431|dataStream:10.1.0.20:44789|priority:0|startupRole:FOLLOWER] with ContainerStateMachine:uninitialized
2023-04-22 02:18:15,204 [pool-79-thread-1] INFO  server.RaftServerConfigKeys (ConfUtils.java:logGet(46)) - raft.server.rpc.timeout.min = 5s (custom)
2023-04-22 02:18:15,204 [pool-79-thread-1] INFO  server.RaftServerConfigKeys (ConfUtils.java:logGet(46)) - raft.server.rpc.timeout.max = 5200ms (custom)
2023-04-22 02:18:15,204 [pool-79-thread-1] INFO  server.RaftServerConfigKeys (ConfUtils.java:logGet(46)) - raft.server.rpc.sleep.time = 25ms (default)
2023-04-22 02:18:15,204 [pool-79-thread-1] INFO  server.RaftServerConfigKeys (ConfUtils.java:logGet(46)) - raft.server.rpc.slowness.timeout = 300000ms (custom)
2023-04-22 02:18:15,204 [pool-79-thread-1] INFO  server.RaftServerConfigKeys (ConfUtils.java:logGet(46)) - raft.server.leaderelection.leader.step-down.wait-time = 10s (default)
2023-04-22 02:18:15,204 [pool-79-thread-1] INFO  server.RaftServerConfigKeys (ConfUtils.java:logGet(46)) - raft.server.sleep.deviation.threshold = 300ms (default)
2023-04-22 02:18:15,204 [pool-79-thread-1] INFO  server.RaftServer$Division (ServerState.java:<init>(118)) - 4fb9f1f7-4e3b-4bcf-a7e7-c7ddcac09d11@group-D97743807C2E: ConfigurationManager, init=-1: peers:[6aaf5ca8-0737-4296-ba95-7f0e9402c55b|rpc:10.1.0.20:37225|dataStream:10.1.0.20:33711|priority:0|startupRole:FOLLOWER, 4fb9f1f7-4e3b-4bcf-a7e7-c7ddcac09d11|rpc:10.1.0.20:44181|dataStream:10.1.0.20:37741|priority:1|startupRole:FOLLOWER, 44aa5787-a9ca-4d27-a88e-9069c8f4547b|rpc:10.1.0.20:46431|dataStream:10.1.0.20:44789|priority:0|startupRole:FOLLOWER]|listeners:[], old=null, confs=<EMPTY_MAP>
2023-04-22 02:18:15,204 [pool-79-thread-1] INFO  server.RaftServerConfigKeys (ConfUtils.java:logGet(46)) - raft.server.storage.dir = [/home/runner/work/ozone/ozone/hadoop-ozone/integration-test/target/test-dir/MiniOzoneClusterImpl-b640deff-6994-498f-92ea-4ac5c972f0d8/datanode-0/data/ratis] (custom)
2023-04-22 02:18:15,204 [pool-79-thread-1] INFO  server.RaftServerConfigKeys (ConfUtils.java:logGet(46)) - raft.server.log.corruption.policy = EXCEPTION (default)
2023-04-22 02:18:15,205 [pool-79-thread-1] INFO  server.RaftServerConfigKeys (ConfUtils.java:logGet(46)) - raft.server.storage.free-space.min = 0MB (=0) (default)
2023-04-22 02:18:15,205 [pool-79-thread-1] INFO  server.RaftServerConfigKeys (ConfUtils.java:logGet(46)) - raft.server.notification.no-leader.timeout = 300000ms (custom)
2023-04-22 02:18:15,205 [pool-79-thread-1] INFO  server.RaftServerConfigKeys (ConfUtils.java:logGet(46)) - raft.server.retrycache.expirytime = 600000ms (custom)
2023-04-22 02:18:15,205 [pool-79-thread-1] INFO  server.RaftServerConfigKeys (ConfUtils.java:logGet(46)) - raft.server.retrycache.statistics.expirytime = 100μs (default)
2023-04-22 02:18:15,209 [pool-79-thread-1] INFO  server.RaftServerConfigKeys (ConfUtils.java:logGet(46)) - raft.server.log.appender.install.snapshot.enabled = false (custom)
2023-04-22 02:18:15,209 [pool-79-thread-1] INFO  server.RaftServerConfigKeys (ConfUtils.java:logGet(46)) - raft.server.threadpool.server.cached = true (default)
2023-04-22 02:18:15,209 [pool-79-thread-1] INFO  server.RaftServerConfigKeys (ConfUtils.java:logGet(46)) - raft.server.threadpool.server.size = 0 (default)
2023-04-22 02:18:15,209 [pool-79-thread-1] INFO  server.RaftServerConfigKeys (ConfUtils.java:logGet(46)) - raft.server.threadpool.client.cached = true (default)
2023-04-22 02:18:15,209 [pool-79-thread-1] INFO  server.RaftServerConfigKeys (ConfUtils.java:logGet(46)) - raft.server.threadpool.client.size = 0 (default)
2023-04-22 02:18:15,209 [pool-79-thread-1] INFO  storage.RaftStorageDirectory (RaftStorageDirectoryImpl.java:analyzeStorage(137)) - The storage directory /home/runner/work/ozone/ozone/hadoop-ozone/integration-test/target/test-dir/MiniOzoneClusterImpl-b640deff-6994-498f-92ea-4ac5c972f0d8/datanode-0/data/ratis/49d433d1-3766-4605-956b-d97743807c2e does not exist. Creating ...
2023-04-22 02:18:15,214 [pool-79-thread-1] INFO  storage.RaftStorageDirectory (RaftStorageDirectoryImpl.java:tryLock(231)) - Lock on /home/runner/work/ozone/ozone/hadoop-ozone/integration-test/target/test-dir/MiniOzoneClusterImpl-b640deff-6994-498f-92ea-4ac5c972f0d8/datanode-0/data/ratis/49d433d1-3766-4605-956b-d97743807c2e/in_use.lock acquired by nodename 58540@fv-az443-428
2023-04-22 02:18:15,215 [pool-79-thread-1] INFO  storage.RaftStorage (RaftStorageImpl.java:format(96)) - Storage directory /home/runner/work/ozone/ozone/hadoop-ozone/integration-test/target/test-dir/MiniOzoneClusterImpl-b640deff-6994-498f-92ea-4ac5c972f0d8/datanode-0/data/ratis/49d433d1-3766-4605-956b-d97743807c2e has been successfully formatted.
2023-04-22 02:18:15,219 [pool-79-thread-1] INFO  ratis.ContainerStateMachine (ContainerStateMachine.java:loadSnapshot(262)) - group-D97743807C2E: The snapshot info is null. Setting the last applied indexto:(t:0, i:~)
2023-04-22 02:18:15,219 [pool-79-thread-1] INFO  server.RaftServerConfigKeys (ConfUtils.java:logGet(46)) - raft.server.log.use.memory = false (default)
2023-04-22 02:18:15,220 [pool-79-thread-1] INFO  server.RaftServerConfigKeys (ConfUtils.java:logGet(46)) - raft.server.log.purge.gap = 1000000 (custom)
2023-04-22 02:18:15,220 [pool-79-thread-1] INFO  server.RaftServerConfigKeys (ConfUtils.java:logGet(46)) - raft.server.log.appender.buffer.byte-limit = 33554432 (custom)
2023-04-22 02:18:15,220 [pool-79-thread-1] INFO  server.RaftServerConfigKeys (ConfUtils.java:logGet(46)) - raft.server.log.statemachine.data.read.timeout = 1000ms (default)
2023-04-22 02:18:15,220 [pool-79-thread-1] INFO  server.RaftServerConfigKeys (ConfUtils.java:logGet(46)) - raft.server.log.purge.preservation.log.num = 0 (default)
2023-04-22 02:18:15,220 [pool-79-thread-1] INFO  server.RaftServerConfigKeys (ConfUtils.java:logGet(46)) - raft.server.log.segment.size.max = 1048576 (custom)
2023-04-22 02:18:15,220 [EventQueue-OpenPipelineForHealthyPipelineSafeModeRule] INFO  safemode.SCMSafeModeManager (HealthyPipelineSafeModeRule.java:process(137)) - SCM in safe mode. Healthy pipelines reported count is 0, required healthy pipeline reported count is 1
2023-04-22 02:18:15,224 [pool-79-thread-1] INFO  server.RaftServerConfigKeys (ConfUtils.java:logGet(46)) - raft.server.log.segment.cache.num.max = 2 (custom)
2023-04-22 02:18:15,225 [pool-79-thread-1] INFO  server.RaftServerConfigKeys (ConfUtils.java:logGet(46)) - raft.server.log.segment.cache.size.max = 200MB (=209715200) (default)
2023-04-22 02:18:15,225 [pool-79-thread-1] INFO  segmented.SegmentedRaftLogWorker (SegmentedRaftLogWorker.java:<init>(189)) - new 4fb9f1f7-4e3b-4bcf-a7e7-c7ddcac09d11@group-D97743807C2E-SegmentedRaftLogWorker for RaftStorageImpl:Storage Directory /home/runner/work/ozone/ozone/hadoop-ozone/integration-test/target/test-dir/MiniOzoneClusterImpl-b640deff-6994-498f-92ea-4ac5c972f0d8/datanode-0/data/ratis/49d433d1-3766-4605-956b-d97743807c2e
2023-04-22 02:18:15,225 [pool-79-thread-1] INFO  server.RaftServerConfigKeys (ConfUtils.java:logGet(46)) - raft.server.log.queue.byte-limit = 4294967296 (custom)
2023-04-22 02:18:15,225 [pool-79-thread-1] INFO  server.RaftServerConfigKeys (ConfUtils.java:logGet(46)) - raft.server.log.queue.element-limit = 1024 (custom)
2023-04-22 02:18:15,225 [pool-79-thread-1] INFO  server.RaftServerConfigKeys (ConfUtils.java:logGet(46)) - raft.server.log.segment.size.max = 1048576 (custom)
2023-04-22 02:18:15,225 [pool-79-thread-1] INFO  server.RaftServerConfigKeys (ConfUtils.java:logGet(46)) - raft.server.log.preallocated.size = 16384 (custom)
2023-04-22 02:18:15,225 [pool-79-thread-1] INFO  server.RaftServerConfigKeys (ConfUtils.java:logGet(46)) - raft.server.log.force.sync.num = 128 (default)
2023-04-22 02:18:15,225 [pool-79-thread-1] INFO  server.RaftServerConfigKeys (ConfUtils.java:logGet(46)) - raft.server.log.statemachine.data.sync = true (default)
2023-04-22 02:18:15,225 [pool-79-thread-1] INFO  server.RaftServerConfigKeys (ConfUtils.java:logGet(46)) - raft.server.log.statemachine.data.sync.timeout = 10s (default)
2023-04-22 02:18:15,225 [pool-79-thread-1] INFO  server.RaftServerConfigKeys (ConfUtils.java:logGet(46)) - raft.server.log.statemachine.data.sync.timeout.retry = -1 (default)
2023-04-22 02:18:15,230 [pool-79-thread-1] INFO  server.RaftServerConfigKeys (ConfUtils.java:logGet(46)) - raft.server.log.write.buffer.size = 1048576 (custom)
2023-04-22 02:18:15,231 [pool-79-thread-1] INFO  server.RaftServerConfigKeys (ConfUtils.java:logGet(46)) - raft.server.log.appender.buffer.byte-limit = 33554432 (custom)
2023-04-22 02:18:15,282 [pool-79-thread-1] INFO  server.RaftServerConfigKeys (ConfUtils.java:logGet(46)) - raft.server.log.unsafe-flush.enabled = false (default)
2023-04-22 02:18:15,283 [pool-79-thread-1] INFO  server.RaftServerConfigKeys (ConfUtils.java:logGet(46)) - raft.server.log.async-flush.enabled = false (default)
2023-04-22 02:18:15,283 [pool-79-thread-1] INFO  server.RaftServerConfigKeys (ConfUtils.java:logGet(46)) - raft.server.log.statemachine.data.caching.enabled = true (custom)
2023-04-22 02:18:15,283 [pool-79-thread-1] INFO  segmented.SegmentedRaftLogWorker (SegmentedRaftLogWorker.java:lambda$new$0(135)) - 4fb9f1f7-4e3b-4bcf-a7e7-c7ddcac09d11@group-D97743807C2E-SegmentedRaftLogWorker: flushIndex: setUnconditionally 0 -> -1
2023-04-22 02:18:15,283 [pool-79-thread-1] INFO  segmented.SegmentedRaftLogWorker (SegmentedRaftLogWorker.java:lambda$new$0(135)) - 4fb9f1f7-4e3b-4bcf-a7e7-c7ddcac09d11@group-D97743807C2E-SegmentedRaftLogWorker: safeCacheEvictIndex: setUnconditionally 0 -> -1
2023-04-22 02:18:15,284 [pool-79-thread-1] INFO  server.RaftServer$Division (RaftServerImpl.java:start(334)) - 4fb9f1f7-4e3b-4bcf-a7e7-c7ddcac09d11@group-D97743807C2E: start as a follower, conf=-1: peers:[6aaf5ca8-0737-4296-ba95-7f0e9402c55b|rpc:10.1.0.20:37225|dataStream:10.1.0.20:33711|priority:0|startupRole:FOLLOWER, 4fb9f1f7-4e3b-4bcf-a7e7-c7ddcac09d11|rpc:10.1.0.20:44181|dataStream:10.1.0.20:37741|priority:1|startupRole:FOLLOWER, 44aa5787-a9ca-4d27-a88e-9069c8f4547b|rpc:10.1.0.20:46431|dataStream:10.1.0.20:44789|priority:0|startupRole:FOLLOWER]|listeners:[], old=null
2023-04-22 02:18:15,284 [pool-79-thread-1] INFO  server.RaftServer$Division (RaftServerImpl.java:setRole(321)) - 4fb9f1f7-4e3b-4bcf-a7e7-c7ddcac09d11@group-D97743807C2E: changes role from      null to FOLLOWER at term 0 for startAsFollower
2023-04-22 02:18:15,284 [pool-79-thread-1] INFO  impl.RoleInfo (RoleInfo.java:updateAndGet(139)) - 4fb9f1f7-4e3b-4bcf-a7e7-c7ddcac09d11: start 4fb9f1f7-4e3b-4bcf-a7e7-c7ddcac09d11@group-D97743807C2E-FollowerState
2023-04-22 02:18:15,284 [pool-79-thread-1] INFO  util.JmxRegister (JmxRegister.java:tryRegister(44)) - Successfully registered JMX Bean with object name Ratis:service=RaftServer,group=group-D97743807C2E,id=4fb9f1f7-4e3b-4bcf-a7e7-c7ddcac09d11
2023-04-22 02:18:15,284 [pool-79-thread-1] INFO  server.RaftServerConfigKeys (ConfUtils.java:logGet(46)) - raft.server.snapshot.auto.trigger.enabled = true (custom)
2023-04-22 02:18:15,284 [pool-79-thread-1] INFO  server.RaftServerConfigKeys (ConfUtils.java:logGet(46)) - raft.server.snapshot.auto.trigger.threshold = 1 (custom)
2023-04-22 02:18:15,284 [pool-79-thread-1] INFO  server.RaftServerConfigKeys (ConfUtils.java:logGet(46)) - raft.server.snapshot.retention.file.num = 5 (custom)
2023-04-22 02:18:15,284 [pool-79-thread-1] INFO  server.RaftServerConfigKeys (ConfUtils.java:logGet(46)) - raft.server.log.purge.upto.snapshot.index = false (default)
2023-04-22 02:18:15,287 [4fb9f1f7-4e3b-4bcf-a7e7-c7ddcac09d11@group-D97743807C2E-FollowerState] INFO  server.RaftServerConfigKeys (ConfUtils.java:logFallback(53)) - raft.server.rpc.first-election.timeout.min = 5s (fallback to raft.server.rpc.timeout.min)
2023-04-22 02:18:15,289 [Command processor thread] INFO  ratis.XceiverServerRatis (XceiverServerRatis.java:addGroup(806)) - Created group PipelineID=49d433d1-3766-4605-956b-d97743807c2e
2023-04-22 02:18:15,292 [4fb9f1f7-4e3b-4bcf-a7e7-c7ddcac09d11@group-D97743807C2E-FollowerState] INFO  server.RaftServerConfigKeys (ConfUtils.java:logFallback(53)) - raft.server.rpc.first-election.timeout.max = 5200ms (fallback to raft.server.rpc.timeout.max)
2023-04-22 02:18:15,524 [IPC Server handler 16 on default port 44143] INFO  net.NetworkTopologyImpl (NetworkTopologyImpl.java:add(112)) - Added a new node: /default-rack/14afdd48-1c23-4787-9ada-99348fccc9d2
2023-04-22 02:18:15,525 [IPC Server handler 16 on default port 44143] INFO  node.SCMNodeManager (SCMNodeManager.java:register(404)) - Registered Data node : 14afdd48-1c23-4787-9ada-99348fccc9d2{ip: 10.1.0.20, host: fv-az443-428.ap2fcshprsnunfx25e1aelzb4b.cx.internal.cloudapp.net, ports: [HTTP=41379, REPLICATION=42447, RATIS=38959, RATIS_ADMIN=38959, RATIS_SERVER=38959, RATIS_DATASTREAM=42291, STANDALONE=34591], networkLocation: /default-rack, certSerialId: null, persistedOpState: null, persistedOpStateExpiryEpochSec: 0}
2023-04-22 02:18:15,525 [EventQueue-NewNodeForNewNodeHandler] INFO  pipeline.BackgroundPipelineCreator (BackgroundPipelineCreator.java:notifyEventTriggered(276)) - trigger a one-shot run on RatisPipelineUtilsThread.
2023-04-22 02:18:15,525 [RatisPipelineUtilsThread - 0] INFO  pipeline.RatisPipelineProvider (RatisPipelineProvider.java:lambda$create$0(206)) - Sending CreatePipelineCommand for pipeline:PipelineID=82bf7c92-4c12-4d8d-a0f8-08c6c411513a to datanode:14afdd48-1c23-4787-9ada-99348fccc9d2
2023-04-22 02:18:15,527 [RatisPipelineUtilsThread - 0] INFO  pipeline.PipelineStateManagerImpl (PipelineStateManagerImpl.java:addPipeline(103)) - Created pipeline Pipeline[ Id: 82bf7c92-4c12-4d8d-a0f8-08c6c411513a, Nodes: 14afdd48-1c23-4787-9ada-99348fccc9d2(fv-az443-428.ap2fcshprsnunfx25e1aelzb4b.cx.internal.cloudapp.net/10.1.0.20), ReplicationConfig: RATIS/ONE, State:ALLOCATED, leaderId:, CreationTimestamp2023-04-22T02:18:15.525Z[Etc/UTC]].
2023-04-22 02:18:15,528 [RatisPipelineUtilsThread - 0] INFO  pipeline.RatisPipelineProvider (RatisPipelineProvider.java:lambda$create$0(206)) - Sending CreatePipelineCommand for pipeline:PipelineID=df798386-9609-4838-9036-20b6682b8f2d to datanode:ffe33985-86ac-4dba-9cf7-e9d9be1914b9
2023-04-22 02:18:15,528 [RatisPipelineUtilsThread - 0] INFO  pipeline.RatisPipelineProvider (RatisPipelineProvider.java:lambda$create$0(206)) - Sending CreatePipelineCommand for pipeline:PipelineID=df798386-9609-4838-9036-20b6682b8f2d to datanode:14afdd48-1c23-4787-9ada-99348fccc9d2
2023-04-22 02:18:15,529 [RatisPipelineUtilsThread - 0] INFO  pipeline.RatisPipelineProvider (RatisPipelineProvider.java:lambda$create$0(206)) - Sending CreatePipelineCommand for pipeline:PipelineID=df798386-9609-4838-9036-20b6682b8f2d to datanode:2e77c710-dcb3-40c4-9ab8-375ebf5b60c5
2023-04-22 02:18:15,529 [RatisPipelineUtilsThread - 0] INFO  pipeline.PipelineStateManagerImpl (PipelineStateManagerImpl.java:addPipeline(103)) - Created pipeline Pipeline[ Id: df798386-9609-4838-9036-20b6682b8f2d, Nodes: ffe33985-86ac-4dba-9cf7-e9d9be1914b9(fv-az443-428.ap2fcshprsnunfx25e1aelzb4b.cx.internal.cloudapp.net/10.1.0.20)14afdd48-1c23-4787-9ada-99348fccc9d2(fv-az443-428.ap2fcshprsnunfx25e1aelzb4b.cx.internal.cloudapp.net/10.1.0.20)2e77c710-dcb3-40c4-9ab8-375ebf5b60c5(fv-az443-428.ap2fcshprsnunfx25e1aelzb4b.cx.internal.cloudapp.net/10.1.0.20), ReplicationConfig: RATIS/THREE, State:ALLOCATED, leaderId:, CreationTimestamp2023-04-22T02:18:15.528Z[Etc/UTC]].
2023-04-22 02:18:15,530 [RatisPipelineUtilsThread - 0] INFO  pipeline.RatisPipelineProvider (RatisPipelineProvider.java:lambda$create$0(206)) - Sending CreatePipelineCommand for pipeline:PipelineID=c015da53-8971-4990-89ee-2228d2590d3e to datanode:ffe33985-86ac-4dba-9cf7-e9d9be1914b9
2023-04-22 02:18:15,531 [RatisPipelineUtilsThread - 0] INFO  pipeline.RatisPipelineProvider (RatisPipelineProvider.java:lambda$create$0(206)) - Sending CreatePipelineCommand for pipeline:PipelineID=c015da53-8971-4990-89ee-2228d2590d3e to datanode:14afdd48-1c23-4787-9ada-99348fccc9d2
2023-04-22 02:18:15,531 [RatisPipelineUtilsThread - 0] INFO  pipeline.RatisPipelineProvider (RatisPipelineProvider.java:lambda$create$0(206)) - Sending CreatePipelineCommand for pipeline:PipelineID=c015da53-8971-4990-89ee-2228d2590d3e to datanode:2e77c710-dcb3-40c4-9ab8-375ebf5b60c5
2023-04-22 02:18:15,532 [RatisPipelineUtilsThread - 0] INFO  pipeline.PipelineStateManagerImpl (PipelineStateManagerImpl.java:addPipeline(103)) - Created pipeline Pipeline[ Id: c015da53-8971-4990-89ee-2228d2590d3e, Nodes: ffe33985-86ac-4dba-9cf7-e9d9be1914b9(fv-az443-428.ap2fcshprsnunfx25e1aelzb4b.cx.internal.cloudapp.net/10.1.0.20)14afdd48-1c23-4787-9ada-99348fccc9d2(fv-az443-428.ap2fcshprsnunfx25e1aelzb4b.cx.internal.cloudapp.net/10.1.0.20)2e77c710-dcb3-40c4-9ab8-375ebf5b60c5(fv-az443-428.ap2fcshprsnunfx25e1aelzb4b.cx.internal.cloudapp.net/10.1.0.20), ReplicationConfig: RATIS/THREE, State:ALLOCATED, leaderId:, CreationTimestamp2023-04-22T02:18:15.530Z[Etc/UTC]].
2023-04-22 02:18:15,532 [RatisPipelineUtilsThread - 0] INFO  pipeline.PipelineManagerImpl (PipelineManagerImpl.java:recordMetricsForPipeline(826)) - Pipeline: PipelineID=c015da53-8971-4990-89ee-2228d2590d3e contains same datanodes as previous pipelines: PipelineID=df798386-9609-4838-9036-20b6682b8f2d nodeIds: ffe33985-86ac-4dba-9cf7-e9d9be1914b9, 14afdd48-1c23-4787-9ada-99348fccc9d2, 2e77c710-dcb3-40c4-9ab8-375ebf5b60c5
2023-04-22 02:18:15,533 [RatisPipelineUtilsThread - 0] WARN  pipeline.PipelinePlacementPolicy (PipelinePlacementPolicy.java:filterViableNodes(160)) - Pipeline creation failed due to no sufficient healthy datanodes. Required 3. Found 0. Excluded 9.
2023-04-22 02:18:15,620 [EventQueue-OpenPipelineForHealthyPipelineSafeModeRule] INFO  safemode.SCMSafeModeManager (HealthyPipelineSafeModeRule.java:process(137)) - SCM in safe mode. Healthy pipelines reported count is 0, required healthy pipeline reported count is 1
2023-04-22 02:18:15,649 [grpc-default-executor-0] INFO  server.RaftServer (RaftServerProxy.java:addNew(96)) - 44aa5787-a9ca-4d27-a88e-9069c8f4547b: addNew group-D97743807C2E:[6aaf5ca8-0737-4296-ba95-7f0e9402c55b|rpc:10.1.0.20:37225|dataStream:10.1.0.20:33711|priority:0|startupRole:FOLLOWER, 4fb9f1f7-4e3b-4bcf-a7e7-c7ddcac09d11|rpc:10.1.0.20:44181|dataStream:10.1.0.20:37741|priority:1|startupRole:FOLLOWER, 44aa5787-a9ca-4d27-a88e-9069c8f4547b|rpc:10.1.0.20:46431|dataStream:10.1.0.20:44789|priority:0|startupRole:FOLLOWER] returns group-D97743807C2E:java.util.concurrent.CompletableFuture@457618e2[Not completed]
2023-04-22 02:18:15,650 [pool-101-thread-1] INFO  server.RaftServer$Division (RaftServerImpl.java:<init>(195)) - 44aa5787-a9ca-4d27-a88e-9069c8f4547b: new RaftServerImpl for group-D97743807C2E:[6aaf5ca8-0737-4296-ba95-7f0e9402c55b|rpc:10.1.0.20:37225|dataStream:10.1.0.20:33711|priority:0|startupRole:FOLLOWER, 4fb9f1f7-4e3b-4bcf-a7e7-c7ddcac09d11|rpc:10.1.0.20:44181|dataStream:10.1.0.20:37741|priority:1|startupRole:FOLLOWER, 44aa5787-a9ca-4d27-a88e-9069c8f4547b|rpc:10.1.0.20:46431|dataStream:10.1.0.20:44789|priority:0|startupRole:FOLLOWER] with ContainerStateMachine:uninitialized
2023-04-22 02:18:15,650 [pool-101-thread-1] INFO  server.RaftServerConfigKeys (ConfUtils.java:logGet(46)) - raft.server.rpc.timeout.min = 5s (custom)
2023-04-22 02:18:15,650 [pool-101-thread-1] INFO  server.RaftServerConfigKeys (ConfUtils.java:logGet(46)) - raft.server.rpc.timeout.max = 5200ms (custom)
2023-04-22 02:18:15,650 [pool-101-thread-1] INFO  server.RaftServerConfigKeys (ConfUtils.java:logGet(46)) - raft.server.rpc.sleep.time = 25ms (default)
2023-04-22 02:18:15,650 [pool-101-thread-1] INFO  server.RaftServerConfigKeys (ConfUtils.java:logGet(46)) - raft.server.rpc.slowness.timeout = 300000ms (custom)
2023-04-22 02:18:15,650 [pool-101-thread-1] INFO  server.RaftServerConfigKeys (ConfUtils.java:logGet(46)) - raft.server.leaderelection.leader.step-down.wait-time = 10s (default)
2023-04-22 02:18:15,650 [pool-101-thread-1] INFO  server.RaftServerConfigKeys (ConfUtils.java:logGet(46)) - raft.server.sleep.deviation.threshold = 300ms (default)
2023-04-22 02:18:15,651 [pool-101-thread-1] INFO  server.RaftServer$Division (ServerState.java:<init>(118)) - 44aa5787-a9ca-4d27-a88e-9069c8f4547b@group-D97743807C2E: ConfigurationManager, init=-1: peers:[6aaf5ca8-0737-4296-ba95-7f0e9402c55b|rpc:10.1.0.20:37225|dataStream:10.1.0.20:33711|priority:0|startupRole:FOLLOWER, 4fb9f1f7-4e3b-4bcf-a7e7-c7ddcac09d11|rpc:10.1.0.20:44181|dataStream:10.1.0.20:37741|priority:1|startupRole:FOLLOWER, 44aa5787-a9ca-4d27-a88e-9069c8f4547b|rpc:10.1.0.20:46431|dataStream:10.1.0.20:44789|priority:0|startupRole:FOLLOWER]|listeners:[], old=null, confs=<EMPTY_MAP>
2023-04-22 02:18:15,651 [pool-101-thread-1] INFO  server.RaftServerConfigKeys (ConfUtils.java:logGet(46)) - raft.server.storage.dir = [/home/runner/work/ozone/ozone/hadoop-ozone/integration-test/target/test-dir/MiniOzoneClusterImpl-b640deff-6994-498f-92ea-4ac5c972f0d8/datanode-1/data/ratis] (custom)
2023-04-22 02:18:15,651 [pool-101-thread-1] INFO  server.RaftServerConfigKeys (ConfUtils.java:logGet(46)) - raft.server.log.corruption.policy = EXCEPTION (default)
2023-04-22 02:18:15,651 [pool-101-thread-1] INFO  server.RaftServerConfigKeys (ConfUtils.java:logGet(46)) - raft.server.storage.free-space.min = 0MB (=0) (default)
2023-04-22 02:18:15,651 [pool-101-thread-1] INFO  server.RaftServerConfigKeys (ConfUtils.java:logGet(46)) - raft.server.notification.no-leader.timeout = 300000ms (custom)
2023-04-22 02:18:15,651 [pool-101-thread-1] INFO  server.RaftServerConfigKeys (ConfUtils.java:logGet(46)) - raft.server.retrycache.expirytime = 600000ms (custom)
2023-04-22 02:18:15,651 [pool-101-thread-1] INFO  server.RaftServerConfigKeys (ConfUtils.java:logGet(46)) - raft.server.retrycache.statistics.expirytime = 100μs (default)
2023-04-22 02:18:15,654 [pool-101-thread-1] INFO  server.RaftServerConfigKeys (ConfUtils.java:logGet(46)) - raft.server.log.appender.install.snapshot.enabled = false (custom)
2023-04-22 02:18:15,654 [pool-101-thread-1] INFO  server.RaftServerConfigKeys (ConfUtils.java:logGet(46)) - raft.server.threadpool.server.cached = true (default)
2023-04-22 02:18:15,654 [pool-101-thread-1] INFO  server.RaftServerConfigKeys (ConfUtils.java:logGet(46)) - raft.server.threadpool.server.size = 0 (default)
2023-04-22 02:18:15,654 [pool-101-thread-1] INFO  server.RaftServerConfigKeys (ConfUtils.java:logGet(46)) - raft.server.threadpool.client.cached = true (default)
2023-04-22 02:18:15,654 [pool-101-thread-1] INFO  server.RaftServerConfigKeys (ConfUtils.java:logGet(46)) - raft.server.threadpool.client.size = 0 (default)
2023-04-22 02:18:15,654 [pool-101-thread-1] INFO  storage.RaftStorageDirectory (RaftStorageDirectoryImpl.java:analyzeStorage(137)) - The storage directory /home/runner/work/ozone/ozone/hadoop-ozone/integration-test/target/test-dir/MiniOzoneClusterImpl-b640deff-6994-498f-92ea-4ac5c972f0d8/datanode-1/data/ratis/49d433d1-3766-4605-956b-d97743807c2e does not exist. Creating ...
2023-04-22 02:18:15,656 [pool-101-thread-1] INFO  storage.RaftStorageDirectory (RaftStorageDirectoryImpl.java:tryLock(231)) - Lock on /home/runner/work/ozone/ozone/hadoop-ozone/integration-test/target/test-dir/MiniOzoneClusterImpl-b640deff-6994-498f-92ea-4ac5c972f0d8/datanode-1/data/ratis/49d433d1-3766-4605-956b-d97743807c2e/in_use.lock acquired by nodename 58540@fv-az443-428
2023-04-22 02:18:15,657 [pool-101-thread-1] INFO  storage.RaftStorage (RaftStorageImpl.java:format(96)) - Storage directory /home/runner/work/ozone/ozone/hadoop-ozone/integration-test/target/test-dir/MiniOzoneClusterImpl-b640deff-6994-498f-92ea-4ac5c972f0d8/datanode-1/data/ratis/49d433d1-3766-4605-956b-d97743807c2e has been successfully formatted.
2023-04-22 02:18:15,658 [pool-101-thread-1] INFO  ratis.ContainerStateMachine (ContainerStateMachine.java:loadSnapshot(262)) - group-D97743807C2E: The snapshot info is null. Setting the last applied indexto:(t:0, i:~)
2023-04-22 02:18:15,659 [pool-101-thread-1] INFO  server.RaftServerConfigKeys (ConfUtils.java:logGet(46)) - raft.server.log.use.memory = false (default)
2023-04-22 02:18:15,659 [pool-101-thread-1] INFO  server.RaftServerConfigKeys (ConfUtils.java:logGet(46)) - raft.server.log.purge.gap = 1000000 (custom)
2023-04-22 02:18:15,659 [pool-101-thread-1] INFO  server.RaftServerConfigKeys (ConfUtils.java:logGet(46)) - raft.server.log.appender.buffer.byte-limit = 33554432 (custom)
2023-04-22 02:18:15,659 [pool-101-thread-1] INFO  server.RaftServerConfigKeys (ConfUtils.java:logGet(46)) - raft.server.log.statemachine.data.read.timeout = 1000ms (default)
2023-04-22 02:18:15,659 [pool-101-thread-1] INFO  server.RaftServerConfigKeys (ConfUtils.java:logGet(46)) - raft.server.log.purge.preservation.log.num = 0 (default)
2023-04-22 02:18:15,659 [pool-101-thread-1] INFO  server.RaftServerConfigKeys (ConfUtils.java:logGet(46)) - raft.server.log.segment.size.max = 1048576 (custom)
2023-04-22 02:18:15,660 [pool-101-thread-1] INFO  server.RaftServerConfigKeys (ConfUtils.java:logGet(46)) - raft.server.log.segment.cache.num.max = 2 (custom)
2023-04-22 02:18:15,660 [pool-101-thread-1] INFO  server.RaftServerConfigKeys (ConfUtils.java:logGet(46)) - raft.server.log.segment.cache.size.max = 200MB (=209715200) (default)
2023-04-22 02:18:15,660 [pool-101-thread-1] INFO  segmented.SegmentedRaftLogWorker (SegmentedRaftLogWorker.java:<init>(189)) - new 44aa5787-a9ca-4d27-a88e-9069c8f4547b@group-D97743807C2E-SegmentedRaftLogWorker for RaftStorageImpl:Storage Directory /home/runner/work/ozone/ozone/hadoop-ozone/integration-test/target/test-dir/MiniOzoneClusterImpl-b640deff-6994-498f-92ea-4ac5c972f0d8/datanode-1/data/ratis/49d433d1-3766-4605-956b-d97743807c2e
2023-04-22 02:18:15,660 [pool-101-thread-1] INFO  server.RaftServerConfigKeys (ConfUtils.java:logGet(46)) - raft.server.log.queue.byte-limit = 4294967296 (custom)
2023-04-22 02:18:15,660 [pool-101-thread-1] INFO  server.RaftServerConfigKeys (ConfUtils.java:logGet(46)) - raft.server.log.queue.element-limit = 1024 (custom)
2023-04-22 02:18:15,660 [pool-101-thread-1] INFO  server.RaftServerConfigKeys (ConfUtils.java:logGet(46)) - raft.server.log.segment.size.max = 1048576 (custom)
2023-04-22 02:18:15,660 [pool-101-thread-1] INFO  server.RaftServerConfigKeys (ConfUtils.java:logGet(46)) - raft.server.log.preallocated.size = 16384 (custom)
2023-04-22 02:18:15,660 [pool-101-thread-1] INFO  server.RaftServerConfigKeys (ConfUtils.java:logGet(46)) - raft.server.log.force.sync.num = 128 (default)
2023-04-22 02:18:15,660 [pool-101-thread-1] INFO  server.RaftServerConfigKeys (ConfUtils.java:logGet(46)) - raft.server.log.statemachine.data.sync = true (default)
2023-04-22 02:18:15,660 [pool-101-thread-1] INFO  server.RaftServerConfigKeys (ConfUtils.java:logGet(46)) - raft.server.log.statemachine.data.sync.timeout = 10s (default)
2023-04-22 02:18:15,660 [pool-101-thread-1] INFO  server.RaftServerConfigKeys (ConfUtils.java:logGet(46)) - raft.server.log.statemachine.data.sync.timeout.retry = -1 (default)
2023-04-22 02:18:15,672 [pool-101-thread-1] INFO  server.RaftServerConfigKeys (ConfUtils.java:logGet(46)) - raft.server.log.write.buffer.size = 1048576 (custom)
2023-04-22 02:18:15,673 [pool-101-thread-1] INFO  server.RaftServerConfigKeys (ConfUtils.java:logGet(46)) - raft.server.log.appender.buffer.byte-limit = 33554432 (custom)
2023-04-22 02:18:15,678 [pool-101-thread-1] INFO  server.RaftServerConfigKeys (ConfUtils.java:logGet(46)) - raft.server.log.unsafe-flush.enabled = false (default)
2023-04-22 02:18:15,679 [pool-101-thread-1] INFO  server.RaftServerConfigKeys (ConfUtils.java:logGet(46)) - raft.server.log.async-flush.enabled = false (default)
2023-04-22 02:18:15,679 [pool-101-thread-1] INFO  server.RaftServerConfigKeys (ConfUtils.java:logGet(46)) - raft.server.log.statemachine.data.caching.enabled = true (custom)
2023-04-22 02:18:15,679 [pool-101-thread-1] INFO  segmented.SegmentedRaftLogWorker (SegmentedRaftLogWorker.java:lambda$new$0(135)) - 44aa5787-a9ca-4d27-a88e-9069c8f4547b@group-D97743807C2E-SegmentedRaftLogWorker: flushIndex: setUnconditionally 0 -> -1
2023-04-22 02:18:15,679 [pool-101-thread-1] INFO  segmented.SegmentedRaftLogWorker (SegmentedRaftLogWorker.java:lambda$new$0(135)) - 44aa5787-a9ca-4d27-a88e-9069c8f4547b@group-D97743807C2E-SegmentedRaftLogWorker: safeCacheEvictIndex: setUnconditionally 0 -> -1
2023-04-22 02:18:15,679 [pool-101-thread-1] INFO  server.RaftServer$Division (RaftServerImpl.java:start(334)) - 44aa5787-a9ca-4d27-a88e-9069c8f4547b@group-D97743807C2E: start as a follower, conf=-1: peers:[6aaf5ca8-0737-4296-ba95-7f0e9402c55b|rpc:10.1.0.20:37225|dataStream:10.1.0.20:33711|priority:0|startupRole:FOLLOWER, 4fb9f1f7-4e3b-4bcf-a7e7-c7ddcac09d11|rpc:10.1.0.20:44181|dataStream:10.1.0.20:37741|priority:1|startupRole:FOLLOWER, 44aa5787-a9ca-4d27-a88e-9069c8f4547b|rpc:10.1.0.20:46431|dataStream:10.1.0.20:44789|priority:0|startupRole:FOLLOWER]|listeners:[], old=null
2023-04-22 02:18:15,679 [pool-101-thread-1] INFO  server.RaftServer$Division (RaftServerImpl.java:setRole(321)) - 44aa5787-a9ca-4d27-a88e-9069c8f4547b@group-D97743807C2E: changes role from      null to FOLLOWER at term 0 for startAsFollower
2023-04-22 02:18:15,679 [pool-101-thread-1] INFO  impl.RoleInfo (RoleInfo.java:updateAndGet(139)) - 44aa5787-a9ca-4d27-a88e-9069c8f4547b: start 44aa5787-a9ca-4d27-a88e-9069c8f4547b@group-D97743807C2E-FollowerState
2023-04-22 02:18:15,680 [pool-101-thread-1] INFO  util.JmxRegister (JmxRegister.java:tryRegister(44)) - Successfully registered JMX Bean with object name Ratis:service=RaftServer,group=group-D97743807C2E,id=44aa5787-a9ca-4d27-a88e-9069c8f4547b
2023-04-22 02:18:15,683 [pool-101-thread-1] INFO  server.RaftServerConfigKeys (ConfUtils.java:logGet(46)) - raft.server.snapshot.auto.trigger.enabled = true (custom)
2023-04-22 02:18:15,683 [pool-101-thread-1] INFO  server.RaftServerConfigKeys (ConfUtils.java:logGet(46)) - raft.server.snapshot.auto.trigger.threshold = 1 (custom)
2023-04-22 02:18:15,683 [44aa5787-a9ca-4d27-a88e-9069c8f4547b@group-D97743807C2E-FollowerState] INFO  server.RaftServerConfigKeys (ConfUtils.java:logFallback(53)) - raft.server.rpc.first-election.timeout.min = 5s (fallback to raft.server.rpc.timeout.min)
2023-04-22 02:18:15,683 [pool-101-thread-1] INFO  server.RaftServerConfigKeys (ConfUtils.java:logGet(46)) - raft.server.snapshot.retention.file.num = 5 (custom)
2023-04-22 02:18:15,684 [44aa5787-a9ca-4d27-a88e-9069c8f4547b@group-D97743807C2E-FollowerState] INFO  server.RaftServerConfigKeys (ConfUtils.java:logFallback(53)) - raft.server.rpc.first-election.timeout.max = 5200ms (fallback to raft.server.rpc.timeout.max)
2023-04-22 02:18:15,684 [pool-101-thread-1] INFO  server.RaftServerConfigKeys (ConfUtils.java:logGet(46)) - raft.server.log.purge.upto.snapshot.index = false (default)
2023-04-22 02:18:15,759 [grpc-default-executor-0] INFO  server.RaftServer (RaftServerProxy.java:addNew(96)) - 6aaf5ca8-0737-4296-ba95-7f0e9402c55b: addNew group-D97743807C2E:[6aaf5ca8-0737-4296-ba95-7f0e9402c55b|rpc:10.1.0.20:37225|dataStream:10.1.0.20:33711|priority:0|startupRole:FOLLOWER, 4fb9f1f7-4e3b-4bcf-a7e7-c7ddcac09d11|rpc:10.1.0.20:44181|dataStream:10.1.0.20:37741|priority:1|startupRole:FOLLOWER, 44aa5787-a9ca-4d27-a88e-9069c8f4547b|rpc:10.1.0.20:46431|dataStream:10.1.0.20:44789|priority:0|startupRole:FOLLOWER] returns group-D97743807C2E:java.util.concurrent.CompletableFuture@2f9d1330[Not completed]
2023-04-22 02:18:15,761 [pool-123-thread-1] INFO  server.RaftServer$Division (RaftServerImpl.java:<init>(195)) - 6aaf5ca8-0737-4296-ba95-7f0e9402c55b: new RaftServerImpl for group-D97743807C2E:[6aaf5ca8-0737-4296-ba95-7f0e9402c55b|rpc:10.1.0.20:37225|dataStream:10.1.0.20:33711|priority:0|startupRole:FOLLOWER, 4fb9f1f7-4e3b-4bcf-a7e7-c7ddcac09d11|rpc:10.1.0.20:44181|dataStream:10.1.0.20:37741|priority:1|startupRole:FOLLOWER, 44aa5787-a9ca-4d27-a88e-9069c8f4547b|rpc:10.1.0.20:46431|dataStream:10.1.0.20:44789|priority:0|startupRole:FOLLOWER] with ContainerStateMachine:uninitialized
2023-04-22 02:18:15,762 [pool-123-thread-1] INFO  server.RaftServerConfigKeys (ConfUtils.java:logGet(46)) - raft.server.rpc.timeout.min = 5s (custom)
2023-04-22 02:18:15,762 [pool-123-thread-1] INFO  server.RaftServerConfigKeys (ConfUtils.java:logGet(46)) - raft.server.rpc.timeout.max = 5200ms (custom)
2023-04-22 02:18:15,762 [pool-123-thread-1] INFO  server.RaftServerConfigKeys (ConfUtils.java:logGet(46)) - raft.server.rpc.sleep.time = 25ms (default)
2023-04-22 02:18:15,762 [pool-123-thread-1] INFO  server.RaftServerConfigKeys (ConfUtils.java:logGet(46)) - raft.server.rpc.slowness.timeout = 300000ms (custom)
2023-04-22 02:18:15,762 [pool-123-thread-1] INFO  server.RaftServerConfigKeys (ConfUtils.java:logGet(46)) - raft.server.leaderelection.leader.step-down.wait-time = 10s (default)
2023-04-22 02:18:15,762 [pool-123-thread-1] INFO  server.RaftServerConfigKeys (ConfUtils.java:logGet(46)) - raft.server.sleep.deviation.threshold = 300ms (default)
2023-04-22 02:18:15,762 [pool-123-thread-1] INFO  server.RaftServer$Division (ServerState.java:<init>(118)) - 6aaf5ca8-0737-4296-ba95-7f0e9402c55b@group-D97743807C2E: ConfigurationManager, init=-1: peers:[6aaf5ca8-0737-4296-ba95-7f0e9402c55b|rpc:10.1.0.20:37225|dataStream:10.1.0.20:33711|priority:0|startupRole:FOLLOWER, 4fb9f1f7-4e3b-4bcf-a7e7-c7ddcac09d11|rpc:10.1.0.20:44181|dataStream:10.1.0.20:37741|priority:1|startupRole:FOLLOWER, 44aa5787-a9ca-4d27-a88e-9069c8f4547b|rpc:10.1.0.20:46431|dataStream:10.1.0.20:44789|priority:0|startupRole:FOLLOWER]|listeners:[], old=null, confs=<EMPTY_MAP>
2023-04-22 02:18:15,762 [pool-123-thread-1] INFO  server.RaftServerConfigKeys (ConfUtils.java:logGet(46)) - raft.server.storage.dir = [/home/runner/work/ozone/ozone/hadoop-ozone/integration-test/target/test-dir/MiniOzoneClusterImpl-b640deff-6994-498f-92ea-4ac5c972f0d8/datanode-2/data/ratis] (custom)
2023-04-22 02:18:15,762 [pool-123-thread-1] INFO  server.RaftServerConfigKeys (ConfUtils.java:logGet(46)) - raft.server.log.corruption.policy = EXCEPTION (default)
2023-04-22 02:18:15,762 [pool-123-thread-1] INFO  server.RaftServerConfigKeys (ConfUtils.java:logGet(46)) - raft.server.storage.free-space.min = 0MB (=0) (default)
2023-04-22 02:18:15,762 [pool-123-thread-1] INFO  server.RaftServerConfigKeys (ConfUtils.java:logGet(46)) - raft.server.notification.no-leader.timeout = 300000ms (custom)
2023-04-22 02:18:15,762 [pool-123-thread-1] INFO  server.RaftServerConfigKeys (ConfUtils.java:logGet(46)) - raft.server.retrycache.expirytime = 600000ms (custom)
2023-04-22 02:18:15,762 [pool-123-thread-1] INFO  server.RaftServerConfigKeys (ConfUtils.java:logGet(46)) - raft.server.retrycache.statistics.expirytime = 100μs (default)
2023-04-22 02:18:15,767 [pool-123-thread-1] INFO  server.RaftServerConfigKeys (ConfUtils.java:logGet(46)) - raft.server.log.appender.install.snapshot.enabled = false (custom)
2023-04-22 02:18:15,767 [pool-123-thread-1] INFO  server.RaftServerConfigKeys (ConfUtils.java:logGet(46)) - raft.server.threadpool.server.cached = true (default)
2023-04-22 02:18:15,767 [pool-123-thread-1] INFO  server.RaftServerConfigKeys (ConfUtils.java:logGet(46)) - raft.server.threadpool.server.size = 0 (default)
2023-04-22 02:18:15,767 [pool-123-thread-1] INFO  server.RaftServerConfigKeys (ConfUtils.java:logGet(46)) - raft.server.threadpool.client.cached = true (default)
2023-04-22 02:18:15,767 [pool-123-thread-1] INFO  server.RaftServerConfigKeys (ConfUtils.java:logGet(46)) - raft.server.threadpool.client.size = 0 (default)
2023-04-22 02:18:15,767 [pool-123-thread-1] INFO  storage.RaftStorageDirectory (RaftStorageDirectoryImpl.java:analyzeStorage(137)) - The storage directory /home/runner/work/ozone/ozone/hadoop-ozone/integration-test/target/test-dir/MiniOzoneClusterImpl-b640deff-6994-498f-92ea-4ac5c972f0d8/datanode-2/data/ratis/49d433d1-3766-4605-956b-d97743807c2e does not exist. Creating ...
2023-04-22 02:18:15,770 [pool-123-thread-1] INFO  storage.RaftStorageDirectory (RaftStorageDirectoryImpl.java:tryLock(231)) - Lock on /home/runner/work/ozone/ozone/hadoop-ozone/integration-test/target/test-dir/MiniOzoneClusterImpl-b640deff-6994-498f-92ea-4ac5c972f0d8/datanode-2/data/ratis/49d433d1-3766-4605-956b-d97743807c2e/in_use.lock acquired by nodename 58540@fv-az443-428
2023-04-22 02:18:15,771 [pool-123-thread-1] INFO  storage.RaftStorage (RaftStorageImpl.java:format(96)) - Storage directory /home/runner/work/ozone/ozone/hadoop-ozone/integration-test/target/test-dir/MiniOzoneClusterImpl-b640deff-6994-498f-92ea-4ac5c972f0d8/datanode-2/data/ratis/49d433d1-3766-4605-956b-d97743807c2e has been successfully formatted.
2023-04-22 02:18:15,772 [pool-123-thread-1] INFO  ratis.ContainerStateMachine (ContainerStateMachine.java:loadSnapshot(262)) - group-D97743807C2E: The snapshot info is null. Setting the last applied indexto:(t:0, i:~)
2023-04-22 02:18:15,772 [pool-123-thread-1] INFO  server.RaftServerConfigKeys (ConfUtils.java:logGet(46)) - raft.server.log.use.memory = false (default)
2023-04-22 02:18:15,772 [pool-123-thread-1] INFO  server.RaftServerConfigKeys (ConfUtils.java:logGet(46)) - raft.server.log.purge.gap = 1000000 (custom)
2023-04-22 02:18:15,772 [pool-123-thread-1] INFO  server.RaftServerConfigKeys (ConfUtils.java:logGet(46)) - raft.server.log.appender.buffer.byte-limit = 33554432 (custom)
2023-04-22 02:18:15,772 [pool-123-thread-1] INFO  server.RaftServerConfigKeys (ConfUtils.java:logGet(46)) - raft.server.log.statemachine.data.read.timeout = 1000ms (default)
2023-04-22 02:18:15,772 [pool-123-thread-1] INFO  server.RaftServerConfigKeys (ConfUtils.java:logGet(46)) - raft.server.log.purge.preservation.log.num = 0 (default)
2023-04-22 02:18:15,772 [pool-123-thread-1] INFO  server.RaftServerConfigKeys (ConfUtils.java:logGet(46)) - raft.server.log.segment.size.max = 1048576 (custom)
2023-04-22 02:18:15,774 [pool-123-thread-1] INFO  server.RaftServerConfigKeys (ConfUtils.java:logGet(46)) - raft.server.log.segment.cache.num.max = 2 (custom)
2023-04-22 02:18:15,774 [pool-123-thread-1] INFO  server.RaftServerConfigKeys (ConfUtils.java:logGet(46)) - raft.server.log.segment.cache.size.max = 200MB (=209715200) (default)
2023-04-22 02:18:15,774 [pool-123-thread-1] INFO  segmented.SegmentedRaftLogWorker (SegmentedRaftLogWorker.java:<init>(189)) - new 6aaf5ca8-0737-4296-ba95-7f0e9402c55b@group-D97743807C2E-SegmentedRaftLogWorker for RaftStorageImpl:Storage Directory /home/runner/work/ozone/ozone/hadoop-ozone/integration-test/target/test-dir/MiniOzoneClusterImpl-b640deff-6994-498f-92ea-4ac5c972f0d8/datanode-2/data/ratis/49d433d1-3766-4605-956b-d97743807c2e
2023-04-22 02:18:15,774 [pool-123-thread-1] INFO  server.RaftServerConfigKeys (ConfUtils.java:logGet(46)) - raft.server.log.queue.byte-limit = 4294967296 (custom)
2023-04-22 02:18:15,774 [pool-123-thread-1] INFO  server.RaftServerConfigKeys (ConfUtils.java:logGet(46)) - raft.server.log.queue.element-limit = 1024 (custom)
2023-04-22 02:18:15,774 [pool-123-thread-1] INFO  server.RaftServerConfigKeys (ConfUtils.java:logGet(46)) - raft.server.log.segment.size.max = 1048576 (custom)
2023-04-22 02:18:15,774 [pool-123-thread-1] INFO  server.RaftServerConfigKeys (ConfUtils.java:logGet(46)) - raft.server.log.preallocated.size = 16384 (custom)
2023-04-22 02:18:15,774 [pool-123-thread-1] INFO  server.RaftServerConfigKeys (ConfUtils.java:logGet(46)) - raft.server.log.force.sync.num = 128 (default)
2023-04-22 02:18:15,774 [pool-123-thread-1] INFO  server.RaftServerConfigKeys (ConfUtils.java:logGet(46)) - raft.server.log.statemachine.data.sync = true (default)
2023-04-22 02:18:15,774 [pool-123-thread-1] INFO  server.RaftServerConfigKeys (ConfUtils.java:logGet(46)) - raft.server.log.statemachine.data.sync.timeout = 10s (default)
2023-04-22 02:18:15,774 [pool-123-thread-1] INFO  server.RaftServerConfigKeys (ConfUtils.java:logGet(46)) - raft.server.log.statemachine.data.sync.timeout.retry = -1 (default)
2023-04-22 02:18:15,775 [pool-123-thread-1] INFO  server.RaftServerConfigKeys (ConfUtils.java:logGet(46)) - raft.server.log.write.buffer.size = 1048576 (custom)
2023-04-22 02:18:15,777 [pool-123-thread-1] INFO  server.RaftServerConfigKeys (ConfUtils.java:logGet(46)) - raft.server.log.appender.buffer.byte-limit = 33554432 (custom)
2023-04-22 02:18:15,781 [pool-123-thread-1] INFO  server.RaftServerConfigKeys (ConfUtils.java:logGet(46)) - raft.server.log.unsafe-flush.enabled = false (default)
2023-04-22 02:18:15,781 [pool-123-thread-1] INFO  server.RaftServerConfigKeys (ConfUtils.java:logGet(46)) - raft.server.log.async-flush.enabled = false (default)
2023-04-22 02:18:15,781 [pool-123-thread-1] INFO  server.RaftServerConfigKeys (ConfUtils.java:logGet(46)) - raft.server.log.statemachine.data.caching.enabled = true (custom)
2023-04-22 02:18:15,781 [pool-123-thread-1] INFO  segmented.SegmentedRaftLogWorker (SegmentedRaftLogWorker.java:lambda$new$0(135)) - 6aaf5ca8-0737-4296-ba95-7f0e9402c55b@group-D97743807C2E-SegmentedRaftLogWorker: flushIndex: setUnconditionally 0 -> -1
2023-04-22 02:18:15,781 [pool-123-thread-1] INFO  segmented.SegmentedRaftLogWorker (SegmentedRaftLogWorker.java:lambda$new$0(135)) - 6aaf5ca8-0737-4296-ba95-7f0e9402c55b@group-D97743807C2E-SegmentedRaftLogWorker: safeCacheEvictIndex: setUnconditionally 0 -> -1
2023-04-22 02:18:15,781 [pool-123-thread-1] INFO  server.RaftServer$Division (RaftServerImpl.java:start(334)) - 6aaf5ca8-0737-4296-ba95-7f0e9402c55b@group-D97743807C2E: start as a follower, conf=-1: peers:[6aaf5ca8-0737-4296-ba95-7f0e9402c55b|rpc:10.1.0.20:37225|dataStream:10.1.0.20:33711|priority:0|startupRole:FOLLOWER, 4fb9f1f7-4e3b-4bcf-a7e7-c7ddcac09d11|rpc:10.1.0.20:44181|dataStream:10.1.0.20:37741|priority:1|startupRole:FOLLOWER, 44aa5787-a9ca-4d27-a88e-9069c8f4547b|rpc:10.1.0.20:46431|dataStream:10.1.0.20:44789|priority:0|startupRole:FOLLOWER]|listeners:[], old=null
2023-04-22 02:18:15,781 [pool-123-thread-1] INFO  server.RaftServer$Division (RaftServerImpl.java:setRole(321)) - 6aaf5ca8-0737-4296-ba95-7f0e9402c55b@group-D97743807C2E: changes role from      null to FOLLOWER at term 0 for startAsFollower
2023-04-22 02:18:15,781 [pool-123-thread-1] INFO  impl.RoleInfo (RoleInfo.java:updateAndGet(139)) - 6aaf5ca8-0737-4296-ba95-7f0e9402c55b: start 6aaf5ca8-0737-4296-ba95-7f0e9402c55b@group-D97743807C2E-FollowerState
2023-04-22 02:18:15,782 [pool-123-thread-1] INFO  util.JmxRegister (JmxRegister.java:tryRegister(44)) - Successfully registered JMX Bean with object name Ratis:service=RaftServer,group=group-D97743807C2E,id=6aaf5ca8-0737-4296-ba95-7f0e9402c55b
2023-04-22 02:18:15,782 [pool-123-thread-1] INFO  server.RaftServerConfigKeys (ConfUtils.java:logGet(46)) - raft.server.snapshot.auto.trigger.enabled = true (custom)
2023-04-22 02:18:15,782 [pool-123-thread-1] INFO  server.RaftServerConfigKeys (ConfUtils.java:logGet(46)) - raft.server.snapshot.auto.trigger.threshold = 1 (custom)
2023-04-22 02:18:15,782 [pool-123-thread-1] INFO  server.RaftServerConfigKeys (ConfUtils.java:logGet(46)) - raft.server.snapshot.retention.file.num = 5 (custom)
2023-04-22 02:18:15,782 [pool-123-thread-1] INFO  server.RaftServerConfigKeys (ConfUtils.java:logGet(46)) - raft.server.log.purge.upto.snapshot.index = false (default)
2023-04-22 02:18:15,783 [6aaf5ca8-0737-4296-ba95-7f0e9402c55b@group-D97743807C2E-FollowerState] INFO  server.RaftServerConfigKeys (ConfUtils.java:logFallback(53)) - raft.server.rpc.first-election.timeout.min = 5s (fallback to raft.server.rpc.timeout.min)
2023-04-22 02:18:15,784 [6aaf5ca8-0737-4296-ba95-7f0e9402c55b@group-D97743807C2E-FollowerState] INFO  server.RaftServerConfigKeys (ConfUtils.java:logFallback(53)) - raft.server.rpc.first-election.timeout.max = 5200ms (fallback to raft.server.rpc.timeout.max)
2023-04-22 02:18:15,795 [Command processor thread] INFO  commandhandler.CreatePipelineCommandHandler (CreatePipelineCommandHandler.java:handle(113)) - Created Pipeline RATIS THREE PipelineID=49d433d1-3766-4605-956b-d97743807c2e.
2023-04-22 02:18:15,795 [Command processor thread] INFO  server.RaftServer (RaftServerProxy.java:addNew(96)) - 4fb9f1f7-4e3b-4bcf-a7e7-c7ddcac09d11: addNew group-D4D495DF8B74:[6aaf5ca8-0737-4296-ba95-7f0e9402c55b|rpc:10.1.0.20:37225|dataStream:10.1.0.20:33711|priority:1|startupRole:FOLLOWER, 4fb9f1f7-4e3b-4bcf-a7e7-c7ddcac09d11|rpc:10.1.0.20:44181|dataStream:10.1.0.20:37741|priority:0|startupRole:FOLLOWER, 44aa5787-a9ca-4d27-a88e-9069c8f4547b|rpc:10.1.0.20:46431|dataStream:10.1.0.20:44789|priority:0|startupRole:FOLLOWER] returns group-D4D495DF8B74:java.util.concurrent.CompletableFuture@61555d25[Not completed]
2023-04-22 02:18:15,796 [pool-79-thread-1] INFO  server.RaftServer$Division (RaftServerImpl.java:<init>(195)) - 4fb9f1f7-4e3b-4bcf-a7e7-c7ddcac09d11: new RaftServerImpl for group-D4D495DF8B74:[6aaf5ca8-0737-4296-ba95-7f0e9402c55b|rpc:10.1.0.20:37225|dataStream:10.1.0.20:33711|priority:1|startupRole:FOLLOWER, 4fb9f1f7-4e3b-4bcf-a7e7-c7ddcac09d11|rpc:10.1.0.20:44181|dataStream:10.1.0.20:37741|priority:0|startupRole:FOLLOWER, 44aa5787-a9ca-4d27-a88e-9069c8f4547b|rpc:10.1.0.20:46431|dataStream:10.1.0.20:44789|priority:0|startupRole:FOLLOWER] with ContainerStateMachine:uninitialized
2023-04-22 02:18:15,796 [pool-79-thread-1] INFO  server.RaftServerConfigKeys (ConfUtils.java:logGet(46)) - raft.server.rpc.timeout.min = 5s (custom)
2023-04-22 02:18:15,796 [pool-79-thread-1] INFO  server.RaftServerConfigKeys (ConfUtils.java:logGet(46)) - raft.server.rpc.timeout.max = 5200ms (custom)
2023-04-22 02:18:15,796 [pool-79-thread-1] INFO  server.RaftServerConfigKeys (ConfUtils.java:logGet(46)) - raft.server.rpc.sleep.time = 25ms (default)
2023-04-22 02:18:15,796 [pool-79-thread-1] INFO  server.RaftServerConfigKeys (ConfUtils.java:logGet(46)) - raft.server.rpc.slowness.timeout = 300000ms (custom)
2023-04-22 02:18:15,796 [pool-79-thread-1] INFO  server.RaftServerConfigKeys (ConfUtils.java:logGet(46)) - raft.server.leaderelection.leader.step-down.wait-time = 10s (default)
2023-04-22 02:18:15,797 [pool-79-thread-1] INFO  server.RaftServerConfigKeys (ConfUtils.java:logGet(46)) - raft.server.sleep.deviation.threshold = 300ms (default)
2023-04-22 02:18:15,797 [pool-79-thread-1] INFO  server.RaftServer$Division (ServerState.java:<init>(118)) - 4fb9f1f7-4e3b-4bcf-a7e7-c7ddcac09d11@group-D4D495DF8B74: ConfigurationManager, init=-1: peers:[6aaf5ca8-0737-4296-ba95-7f0e9402c55b|rpc:10.1.0.20:37225|dataStream:10.1.0.20:33711|priority:1|startupRole:FOLLOWER, 4fb9f1f7-4e3b-4bcf-a7e7-c7ddcac09d11|rpc:10.1.0.20:44181|dataStream:10.1.0.20:37741|priority:0|startupRole:FOLLOWER, 44aa5787-a9ca-4d27-a88e-9069c8f4547b|rpc:10.1.0.20:46431|dataStream:10.1.0.20:44789|priority:0|startupRole:FOLLOWER]|listeners:[], old=null, confs=<EMPTY_MAP>
2023-04-22 02:18:15,797 [pool-79-thread-1] INFO  server.RaftServerConfigKeys (ConfUtils.java:logGet(46)) - raft.server.storage.dir = [/home/runner/work/ozone/ozone/hadoop-ozone/integration-test/target/test-dir/MiniOzoneClusterImpl-b640deff-6994-498f-92ea-4ac5c972f0d8/datanode-0/data/ratis] (custom)
2023-04-22 02:18:15,797 [pool-79-thread-1] INFO  server.RaftServerConfigKeys (ConfUtils.java:logGet(46)) - raft.server.log.corruption.policy = EXCEPTION (default)
2023-04-22 02:18:15,797 [pool-79-thread-1] INFO  server.RaftServerConfigKeys (ConfUtils.java:logGet(46)) - raft.server.storage.free-space.min = 0MB (=0) (default)
2023-04-22 02:18:15,797 [pool-79-thread-1] INFO  server.RaftServerConfigKeys (ConfUtils.java:logGet(46)) - raft.server.notification.no-leader.timeout = 300000ms (custom)
2023-04-22 02:18:15,797 [pool-79-thread-1] INFO  server.RaftServerConfigKeys (ConfUtils.java:logGet(46)) - raft.server.retrycache.expirytime = 600000ms (custom)
2023-04-22 02:18:15,797 [pool-79-thread-1] INFO  server.RaftServerConfigKeys (ConfUtils.java:logGet(46)) - raft.server.retrycache.statistics.expirytime = 100μs (default)
2023-04-22 02:18:15,800 [pool-79-thread-1] INFO  server.RaftServerConfigKeys (ConfUtils.java:logGet(46)) - raft.server.log.appender.install.snapshot.enabled = false (custom)
2023-04-22 02:18:15,800 [pool-79-thread-1] INFO  server.RaftServerConfigKeys (ConfUtils.java:logGet(46)) - raft.server.threadpool.server.cached = true (default)
2023-04-22 02:18:15,800 [pool-79-thread-1] INFO  server.RaftServerConfigKeys (ConfUtils.java:logGet(46)) - raft.server.threadpool.server.size = 0 (default)
2023-04-22 02:18:15,800 [pool-79-thread-1] INFO  server.RaftServerConfigKeys (ConfUtils.java:logGet(46)) - raft.server.threadpool.client.cached = true (default)
2023-04-22 02:18:15,800 [pool-79-thread-1] INFO  server.RaftServerConfigKeys (ConfUtils.java:logGet(46)) - raft.server.threadpool.client.size = 0 (default)
2023-04-22 02:18:15,802 [pool-79-thread-1] INFO  storage.RaftStorageDirectory (RaftStorageDirectoryImpl.java:analyzeStorage(137)) - The storage directory /home/runner/work/ozone/ozone/hadoop-ozone/integration-test/target/test-dir/MiniOzoneClusterImpl-b640deff-6994-498f-92ea-4ac5c972f0d8/datanode-0/data/ratis/f27d81a8-358d-4e8b-922b-d4d495df8b74 does not exist. Creating ...
2023-04-22 02:18:15,803 [Command processor thread] INFO  server.RaftServer (RaftServerProxy.java:addNew(96)) - 44aa5787-a9ca-4d27-a88e-9069c8f4547b: addNew group-273C15EB47F3:[44aa5787-a9ca-4d27-a88e-9069c8f4547b|rpc:10.1.0.20:46431|dataStream:10.1.0.20:44789|priority:1|startupRole:FOLLOWER] returns group-273C15EB47F3:java.util.concurrent.CompletableFuture@16b18776[Not completed]
2023-04-22 02:18:15,804 [pool-101-thread-1] INFO  server.RaftServer$Division (RaftServerImpl.java:<init>(195)) - 44aa5787-a9ca-4d27-a88e-9069c8f4547b: new RaftServerImpl for group-273C15EB47F3:[44aa5787-a9ca-4d27-a88e-9069c8f4547b|rpc:10.1.0.20:46431|dataStream:10.1.0.20:44789|priority:1|startupRole:FOLLOWER] with ContainerStateMachine:uninitialized
2023-04-22 02:18:15,805 [pool-101-thread-1] INFO  server.RaftServerConfigKeys (ConfUtils.java:logGet(46)) - raft.server.rpc.timeout.min = 5s (custom)
2023-04-22 02:18:15,805 [pool-101-thread-1] INFO  server.RaftServerConfigKeys (ConfUtils.java:logGet(46)) - raft.server.rpc.timeout.max = 5200ms (custom)
2023-04-22 02:18:15,805 [pool-101-thread-1] INFO  server.RaftServerConfigKeys (ConfUtils.java:logGet(46)) - raft.server.rpc.sleep.time = 25ms (default)
2023-04-22 02:18:15,805 [pool-101-thread-1] INFO  server.RaftServerConfigKeys (ConfUtils.java:logGet(46)) - raft.server.rpc.slowness.timeout = 300000ms (custom)
2023-04-22 02:18:15,805 [pool-101-thread-1] INFO  server.RaftServerConfigKeys (ConfUtils.java:logGet(46)) - raft.server.leaderelection.leader.step-down.wait-time = 10s (default)
2023-04-22 02:18:15,805 [pool-101-thread-1] INFO  server.RaftServerConfigKeys (ConfUtils.java:logGet(46)) - raft.server.sleep.deviation.threshold = 300ms (default)
2023-04-22 02:18:15,805 [pool-101-thread-1] INFO  server.RaftServer$Division (ServerState.java:<init>(118)) - 44aa5787-a9ca-4d27-a88e-9069c8f4547b@group-273C15EB47F3: ConfigurationManager, init=-1: peers:[44aa5787-a9ca-4d27-a88e-9069c8f4547b|rpc:10.1.0.20:46431|dataStream:10.1.0.20:44789|priority:1|startupRole:FOLLOWER]|listeners:[], old=null, confs=<EMPTY_MAP>
2023-04-22 02:18:15,805 [pool-101-thread-1] INFO  server.RaftServerConfigKeys (ConfUtils.java:logGet(46)) - raft.server.storage.dir = [/home/runner/work/ozone/ozone/hadoop-ozone/integration-test/target/test-dir/MiniOzoneClusterImpl-b640deff-6994-498f-92ea-4ac5c972f0d8/datanode-1/data/ratis] (custom)
2023-04-22 02:18:15,805 [pool-101-thread-1] INFO  server.RaftServerConfigKeys (ConfUtils.java:logGet(46)) - raft.server.log.corruption.policy = EXCEPTION (default)
2023-04-22 02:18:15,805 [pool-101-thread-1] INFO  server.RaftServerConfigKeys (ConfUtils.java:logGet(46)) - raft.server.storage.free-space.min = 0MB (=0) (default)
2023-04-22 02:18:15,805 [pool-101-thread-1] INFO  server.RaftServerConfigKeys (ConfUtils.java:logGet(46)) - raft.server.notification.no-leader.timeout = 300000ms (custom)
2023-04-22 02:18:15,805 [pool-101-thread-1] INFO  server.RaftServerConfigKeys (ConfUtils.java:logGet(46)) - raft.server.retrycache.expirytime = 600000ms (custom)
2023-04-22 02:18:15,805 [pool-101-thread-1] INFO  server.RaftServerConfigKeys (ConfUtils.java:logGet(46)) - raft.server.retrycache.statistics.expirytime = 100μs (default)
2023-04-22 02:18:15,806 [pool-101-thread-1] INFO  server.RaftServerConfigKeys (ConfUtils.java:logGet(46)) - raft.server.log.appender.install.snapshot.enabled = false (custom)
2023-04-22 02:18:15,807 [pool-101-thread-1] INFO  server.RaftServerConfigKeys (ConfUtils.java:logGet(46)) - raft.server.threadpool.server.cached = true (default)
2023-04-22 02:18:15,807 [pool-101-thread-1] INFO  server.RaftServerConfigKeys (ConfUtils.java:logGet(46)) - raft.server.threadpool.server.size = 0 (default)
2023-04-22 02:18:15,807 [pool-101-thread-1] INFO  server.RaftServerConfigKeys (ConfUtils.java:logGet(46)) - raft.server.threadpool.client.cached = true (default)
2023-04-22 02:18:15,807 [pool-101-thread-1] INFO  server.RaftServerConfigKeys (ConfUtils.java:logGet(46)) - raft.server.threadpool.client.size = 0 (default)
2023-04-22 02:18:15,807 [pool-101-thread-1] INFO  storage.RaftStorageDirectory (RaftStorageDirectoryImpl.java:analyzeStorage(137)) - The storage directory /home/runner/work/ozone/ozone/hadoop-ozone/integration-test/target/test-dir/MiniOzoneClusterImpl-b640deff-6994-498f-92ea-4ac5c972f0d8/datanode-1/data/ratis/62743183-7adb-4209-96fa-273c15eb47f3 does not exist. Creating ...
2023-04-22 02:18:15,808 [pool-101-thread-1] INFO  storage.RaftStorageDirectory (RaftStorageDirectoryImpl.java:tryLock(231)) - Lock on /home/runner/work/ozone/ozone/hadoop-ozone/integration-test/target/test-dir/MiniOzoneClusterImpl-b640deff-6994-498f-92ea-4ac5c972f0d8/datanode-1/data/ratis/62743183-7adb-4209-96fa-273c15eb47f3/in_use.lock acquired by nodename 58540@fv-az443-428
2023-04-22 02:18:15,808 [pool-79-thread-1] INFO  storage.RaftStorageDirectory (RaftStorageDirectoryImpl.java:tryLock(231)) - Lock on /home/runner/work/ozone/ozone/hadoop-ozone/integration-test/target/test-dir/MiniOzoneClusterImpl-b640deff-6994-498f-92ea-4ac5c972f0d8/datanode-0/data/ratis/f27d81a8-358d-4e8b-922b-d4d495df8b74/in_use.lock acquired by nodename 58540@fv-az443-428
2023-04-22 02:18:15,809 [pool-79-thread-1] INFO  storage.RaftStorage (RaftStorageImpl.java:format(96)) - Storage directory /home/runner/work/ozone/ozone/hadoop-ozone/integration-test/target/test-dir/MiniOzoneClusterImpl-b640deff-6994-498f-92ea-4ac5c972f0d8/datanode-0/data/ratis/f27d81a8-358d-4e8b-922b-d4d495df8b74 has been successfully formatted.
2023-04-22 02:18:15,809 [pool-101-thread-1] INFO  storage.RaftStorage (RaftStorageImpl.java:format(96)) - Storage directory /home/runner/work/ozone/ozone/hadoop-ozone/integration-test/target/test-dir/MiniOzoneClusterImpl-b640deff-6994-498f-92ea-4ac5c972f0d8/datanode-1/data/ratis/62743183-7adb-4209-96fa-273c15eb47f3 has been successfully formatted.
2023-04-22 02:18:15,811 [pool-79-thread-1] INFO  ratis.ContainerStateMachine (ContainerStateMachine.java:loadSnapshot(262)) - group-D4D495DF8B74: The snapshot info is null. Setting the last applied indexto:(t:0, i:~)
2023-04-22 02:18:15,811 [pool-79-thread-1] INFO  server.RaftServerConfigKeys (ConfUtils.java:logGet(46)) - raft.server.log.use.memory = false (default)
2023-04-22 02:18:15,811 [EventQueue-OpenPipelineForHealthyPipelineSafeModeRule] INFO  safemode.SCMSafeModeManager (HealthyPipelineSafeModeRule.java:process(137)) - SCM in safe mode. Healthy pipelines reported count is 0, required healthy pipeline reported count is 1
2023-04-22 02:18:15,812 [pool-101-thread-1] INFO  ratis.ContainerStateMachine (ContainerStateMachine.java:loadSnapshot(262)) - group-273C15EB47F3: The snapshot info is null. Setting the last applied indexto:(t:0, i:~)
2023-04-22 02:18:15,812 [pool-101-thread-1] INFO  server.RaftServerConfigKeys (ConfUtils.java:logGet(46)) - raft.server.log.use.memory = false (default)
2023-04-22 02:18:15,813 [EventQueue-PipelineReportForPipelineReportHandler] INFO  pipeline.PipelineManagerImpl (PipelineManagerImpl.java:openPipeline(367)) - Pipeline Pipeline[ Id: 62743183-7adb-4209-96fa-273c15eb47f3, Nodes: 44aa5787-a9ca-4d27-a88e-9069c8f4547b(fv-az443-428.ap2fcshprsnunfx25e1aelzb4b.cx.internal.cloudapp.net/10.1.0.20), ReplicationConfig: RATIS/ONE, State:ALLOCATED, leaderId:44aa5787-a9ca-4d27-a88e-9069c8f4547b, CreationTimestamp2023-04-22T02:18:12.806Z[Etc/UTC]] moved to OPEN state
2023-04-22 02:18:15,813 [EventQueue-OpenPipelineForHealthyPipelineSafeModeRule] INFO  safemode.SCMSafeModeManager (HealthyPipelineSafeModeRule.java:process(137)) - SCM in safe mode. Healthy pipelines reported count is 0, required healthy pipeline reported count is 1
2023-04-22 02:18:15,814 [pool-101-thread-1] INFO  server.RaftServerConfigKeys (ConfUtils.java:logGet(46)) - raft.server.log.purge.gap = 1000000 (custom)
2023-04-22 02:18:15,814 [pool-101-thread-1] INFO  server.RaftServerConfigKeys (ConfUtils.java:logGet(46)) - raft.server.log.appender.buffer.byte-limit = 33554432 (custom)
2023-04-22 02:18:15,814 [pool-101-thread-1] INFO  server.RaftServerConfigKeys (ConfUtils.java:logGet(46)) - raft.server.log.statemachine.data.read.timeout = 1000ms (default)
2023-04-22 02:18:15,814 [pool-101-thread-1] INFO  server.RaftServerConfigKeys (ConfUtils.java:logGet(46)) - raft.server.log.purge.preservation.log.num = 0 (default)
2023-04-22 02:18:15,814 [pool-79-thread-1] INFO  server.RaftServerConfigKeys (ConfUtils.java:logGet(46)) - raft.server.log.purge.gap = 1000000 (custom)
2023-04-22 02:18:15,814 [pool-79-thread-1] INFO  server.RaftServerConfigKeys (ConfUtils.java:logGet(46)) - raft.server.log.appender.buffer.byte-limit = 33554432 (custom)
2023-04-22 02:18:15,814 [pool-79-thread-1] INFO  server.RaftServerConfigKeys (ConfUtils.java:logGet(46)) - raft.server.log.statemachine.data.read.timeout = 1000ms (default)
2023-04-22 02:18:15,814 [pool-79-thread-1] INFO  server.RaftServerConfigKeys (ConfUtils.java:logGet(46)) - raft.server.log.purge.preservation.log.num = 0 (default)
2023-04-22 02:18:15,814 [pool-79-thread-1] INFO  server.RaftServerConfigKeys (ConfUtils.java:logGet(46)) - raft.server.log.segment.size.max = 1048576 (custom)
2023-04-22 02:18:15,815 [pool-79-thread-1] INFO  server.RaftServerConfigKeys (ConfUtils.java:logGet(46)) - raft.server.log.segment.cache.num.max = 2 (custom)
2023-04-22 02:18:15,815 [pool-79-thread-1] INFO  server.RaftServerConfigKeys (ConfUtils.java:logGet(46)) - raft.server.log.segment.cache.size.max = 200MB (=209715200) (default)
2023-04-22 02:18:15,815 [pool-79-thread-1] INFO  segmented.SegmentedRaftLogWorker (SegmentedRaftLogWorker.java:<init>(189)) - new 4fb9f1f7-4e3b-4bcf-a7e7-c7ddcac09d11@group-D4D495DF8B74-SegmentedRaftLogWorker for RaftStorageImpl:Storage Directory /home/runner/work/ozone/ozone/hadoop-ozone/integration-test/target/test-dir/MiniOzoneClusterImpl-b640deff-6994-498f-92ea-4ac5c972f0d8/datanode-0/data/ratis/f27d81a8-358d-4e8b-922b-d4d495df8b74
2023-04-22 02:18:15,815 [pool-79-thread-1] INFO  server.RaftServerConfigKeys (ConfUtils.java:logGet(46)) - raft.server.log.queue.byte-limit = 4294967296 (custom)
2023-04-22 02:18:15,815 [pool-79-thread-1] INFO  server.RaftServerConfigKeys (ConfUtils.java:logGet(46)) - raft.server.log.queue.element-limit = 1024 (custom)
2023-04-22 02:18:15,815 [pool-79-thread-1] INFO  server.RaftServerConfigKeys (ConfUtils.java:logGet(46)) - raft.server.log.segment.size.max = 1048576 (custom)
2023-04-22 02:18:15,816 [pool-79-thread-1] INFO  server.RaftServerConfigKeys (ConfUtils.java:logGet(46)) - raft.server.log.preallocated.size = 16384 (custom)
2023-04-22 02:18:15,816 [pool-79-thread-1] INFO  server.RaftServerConfigKeys (ConfUtils.java:logGet(46)) - raft.server.log.force.sync.num = 128 (default)
2023-04-22 02:18:15,816 [pool-79-thread-1] INFO  server.RaftServerConfigKeys (ConfUtils.java:logGet(46)) - raft.server.log.statemachine.data.sync = true (default)
2023-04-22 02:18:15,816 [pool-79-thread-1] INFO  server.RaftServerConfigKeys (ConfUtils.java:logGet(46)) - raft.server.log.statemachine.data.sync.timeout = 10s (default)
2023-04-22 02:18:15,816 [pool-79-thread-1] INFO  server.RaftServerConfigKeys (ConfUtils.java:logGet(46)) - raft.server.log.statemachine.data.sync.timeout.retry = -1 (default)
2023-04-22 02:18:15,815 [pool-101-thread-1] INFO  server.RaftServerConfigKeys (ConfUtils.java:logGet(46)) - raft.server.log.segment.size.max = 1048576 (custom)
2023-04-22 02:18:15,818 [pool-101-thread-1] INFO  server.RaftServerConfigKeys (ConfUtils.java:logGet(46)) - raft.server.log.segment.cache.num.max = 2 (custom)
2023-04-22 02:18:15,818 [pool-101-thread-1] INFO  server.RaftServerConfigKeys (ConfUtils.java:logGet(46)) - raft.server.log.segment.cache.size.max = 200MB (=209715200) (default)
2023-04-22 02:18:15,818 [pool-101-thread-1] INFO  segmented.SegmentedRaftLogWorker (SegmentedRaftLogWorker.java:<init>(189)) - new 44aa5787-a9ca-4d27-a88e-9069c8f4547b@group-273C15EB47F3-SegmentedRaftLogWorker for RaftStorageImpl:Storage Directory /home/runner/work/ozone/ozone/hadoop-ozone/integration-test/target/test-dir/MiniOzoneClusterImpl-b640deff-6994-498f-92ea-4ac5c972f0d8/datanode-1/data/ratis/62743183-7adb-4209-96fa-273c15eb47f3
2023-04-22 02:18:15,818 [pool-101-thread-1] INFO  server.RaftServerConfigKeys (ConfUtils.java:logGet(46)) - raft.server.log.queue.byte-limit = 4294967296 (custom)
2023-04-22 02:18:15,818 [pool-101-thread-1] INFO  server.RaftServerConfigKeys (ConfUtils.java:logGet(46)) - raft.server.log.queue.element-limit = 1024 (custom)
2023-04-22 02:18:15,818 [pool-101-thread-1] INFO  server.RaftServerConfigKeys (ConfUtils.java:logGet(46)) - raft.server.log.segment.size.max = 1048576 (custom)
2023-04-22 02:18:15,818 [pool-101-thread-1] INFO  server.RaftServerConfigKeys (ConfUtils.java:logGet(46)) - raft.server.log.preallocated.size = 16384 (custom)
2023-04-22 02:18:15,818 [pool-101-thread-1] INFO  server.RaftServerConfigKeys (ConfUtils.java:logGet(46)) - raft.server.log.force.sync.num = 128 (default)
2023-04-22 02:18:15,818 [pool-101-thread-1] INFO  server.RaftServerConfigKeys (ConfUtils.java:logGet(46)) - raft.server.log.statemachine.data.sync = true (default)
2023-04-22 02:18:15,818 [pool-101-thread-1] INFO  server.RaftServerConfigKeys (ConfUtils.java:logGet(46)) - raft.server.log.statemachine.data.sync.timeout = 10s (default)
2023-04-22 02:18:15,818 [pool-101-thread-1] INFO  server.RaftServerConfigKeys (ConfUtils.java:logGet(46)) - raft.server.log.statemachine.data.sync.timeout.retry = -1 (default)
2023-04-22 02:18:15,819 [pool-101-thread-1] INFO  server.RaftServerConfigKeys (ConfUtils.java:logGet(46)) - raft.server.log.write.buffer.size = 1048576 (custom)
2023-04-22 02:18:15,819 [pool-101-thread-1] INFO  server.RaftServerConfigKeys (ConfUtils.java:logGet(46)) - raft.server.log.appender.buffer.byte-limit = 33554432 (custom)
2023-04-22 02:18:15,820 [pool-79-thread-1] INFO  server.RaftServerConfigKeys (ConfUtils.java:logGet(46)) - raft.server.log.write.buffer.size = 1048576 (custom)
2023-04-22 02:18:15,821 [pool-79-thread-1] INFO  server.RaftServerConfigKeys (ConfUtils.java:logGet(46)) - raft.server.log.appender.buffer.byte-limit = 33554432 (custom)
2023-04-22 02:18:15,827 [pool-79-thread-1] INFO  server.RaftServerConfigKeys (ConfUtils.java:logGet(46)) - raft.server.log.unsafe-flush.enabled = false (default)
2023-04-22 02:18:15,827 [pool-101-thread-1] INFO  server.RaftServerConfigKeys (ConfUtils.java:logGet(46)) - raft.server.log.unsafe-flush.enabled = false (default)
2023-04-22 02:18:15,827 [pool-101-thread-1] INFO  server.RaftServerConfigKeys (ConfUtils.java:logGet(46)) - raft.server.log.async-flush.enabled = false (default)
2023-04-22 02:18:15,827 [pool-79-thread-1] INFO  server.RaftServerConfigKeys (ConfUtils.java:logGet(46)) - raft.server.log.async-flush.enabled = false (default)
2023-04-22 02:18:15,827 [pool-101-thread-1] INFO  server.RaftServerConfigKeys (ConfUtils.java:logGet(46)) - raft.server.log.statemachine.data.caching.enabled = true (custom)
2023-04-22 02:18:15,827 [pool-79-thread-1] INFO  server.RaftServerConfigKeys (ConfUtils.java:logGet(46)) - raft.server.log.statemachine.data.caching.enabled = true (custom)
2023-04-22 02:18:15,827 [pool-101-thread-1] INFO  segmented.SegmentedRaftLogWorker (SegmentedRaftLogWorker.java:lambda$new$0(135)) - 44aa5787-a9ca-4d27-a88e-9069c8f4547b@group-273C15EB47F3-SegmentedRaftLogWorker: flushIndex: setUnconditionally 0 -> -1
2023-04-22 02:18:15,827 [pool-101-thread-1] INFO  segmented.SegmentedRaftLogWorker (SegmentedRaftLogWorker.java:lambda$new$0(135)) - 44aa5787-a9ca-4d27-a88e-9069c8f4547b@group-273C15EB47F3-SegmentedRaftLogWorker: safeCacheEvictIndex: setUnconditionally 0 -> -1
2023-04-22 02:18:15,830 [pool-101-thread-1] INFO  server.RaftServer$Division (RaftServerImpl.java:start(334)) - 44aa5787-a9ca-4d27-a88e-9069c8f4547b@group-273C15EB47F3: start as a follower, conf=-1: peers:[44aa5787-a9ca-4d27-a88e-9069c8f4547b|rpc:10.1.0.20:46431|dataStream:10.1.0.20:44789|priority:1|startupRole:FOLLOWER]|listeners:[], old=null
2023-04-22 02:18:15,830 [pool-101-thread-1] INFO  server.RaftServer$Division (RaftServerImpl.java:setRole(321)) - 44aa5787-a9ca-4d27-a88e-9069c8f4547b@group-273C15EB47F3: changes role from      null to FOLLOWER at term 0 for startAsFollower
2023-04-22 02:18:15,830 [pool-101-thread-1] INFO  impl.RoleInfo (RoleInfo.java:updateAndGet(139)) - 44aa5787-a9ca-4d27-a88e-9069c8f4547b: start 44aa5787-a9ca-4d27-a88e-9069c8f4547b@group-273C15EB47F3-FollowerState
2023-04-22 02:18:15,830 [pool-101-thread-1] INFO  util.JmxRegister (JmxRegister.java:tryRegister(44)) - Successfully registered JMX Bean with object name Ratis:service=RaftServer,group=group-273C15EB47F3,id=44aa5787-a9ca-4d27-a88e-9069c8f4547b
2023-04-22 02:18:15,830 [44aa5787-a9ca-4d27-a88e-9069c8f4547b@group-273C15EB47F3-FollowerState] INFO  server.RaftServerConfigKeys (ConfUtils.java:logFallback(53)) - raft.server.rpc.first-election.timeout.min = 5s (fallback to raft.server.rpc.timeout.min)
2023-04-22 02:18:15,830 [pool-101-thread-1] INFO  server.RaftServerConfigKeys (ConfUtils.java:logGet(46)) - raft.server.snapshot.auto.trigger.enabled = true (custom)
2023-04-22 02:18:15,830 [44aa5787-a9ca-4d27-a88e-9069c8f4547b@group-273C15EB47F3-FollowerState] INFO  server.RaftServerConfigKeys (ConfUtils.java:logFallback(53)) - raft.server.rpc.first-election.timeout.max = 5200ms (fallback to raft.server.rpc.timeout.max)
2023-04-22 02:18:15,830 [pool-101-thread-1] INFO  server.RaftServerConfigKeys (ConfUtils.java:logGet(46)) - raft.server.snapshot.auto.trigger.threshold = 1 (custom)
2023-04-22 02:18:15,830 [pool-101-thread-1] INFO  server.RaftServerConfigKeys (ConfUtils.java:logGet(46)) - raft.server.snapshot.retention.file.num = 5 (custom)
2023-04-22 02:18:15,830 [pool-101-thread-1] INFO  server.RaftServerConfigKeys (ConfUtils.java:logGet(46)) - raft.server.log.purge.upto.snapshot.index = false (default)
2023-04-22 02:18:15,831 [Command processor thread] INFO  ratis.XceiverServerRatis (XceiverServerRatis.java:addGroup(806)) - Created group PipelineID=62743183-7adb-4209-96fa-273c15eb47f3
2023-04-22 02:18:15,831 [Command processor thread] INFO  commandhandler.CreatePipelineCommandHandler (CreatePipelineCommandHandler.java:handle(113)) - Created Pipeline RATIS ONE PipelineID=62743183-7adb-4209-96fa-273c15eb47f3.
2023-04-22 02:18:15,832 [Command processor thread] INFO  server.RaftServer (RaftServerProxy.java:addNew(96)) - 44aa5787-a9ca-4d27-a88e-9069c8f4547b: addNew group-D4D495DF8B74:[6aaf5ca8-0737-4296-ba95-7f0e9402c55b|rpc:10.1.0.20:37225|dataStream:10.1.0.20:33711|priority:1|startupRole:FOLLOWER, 4fb9f1f7-4e3b-4bcf-a7e7-c7ddcac09d11|rpc:10.1.0.20:44181|dataStream:10.1.0.20:37741|priority:0|startupRole:FOLLOWER, 44aa5787-a9ca-4d27-a88e-9069c8f4547b|rpc:10.1.0.20:46431|dataStream:10.1.0.20:44789|priority:0|startupRole:FOLLOWER] returns group-D4D495DF8B74:java.util.concurrent.CompletableFuture@18766bd0[Not completed]
2023-04-22 02:18:15,833 [pool-101-thread-1] INFO  server.RaftServer$Division (RaftServerImpl.java:<init>(195)) - 44aa5787-a9ca-4d27-a88e-9069c8f4547b: new RaftServerImpl for group-D4D495DF8B74:[6aaf5ca8-0737-4296-ba95-7f0e9402c55b|rpc:10.1.0.20:37225|dataStream:10.1.0.20:33711|priority:1|startupRole:FOLLOWER, 4fb9f1f7-4e3b-4bcf-a7e7-c7ddcac09d11|rpc:10.1.0.20:44181|dataStream:10.1.0.20:37741|priority:0|startupRole:FOLLOWER, 44aa5787-a9ca-4d27-a88e-9069c8f4547b|rpc:10.1.0.20:46431|dataStream:10.1.0.20:44789|priority:0|startupRole:FOLLOWER] with ContainerStateMachine:uninitialized
2023-04-22 02:18:15,833 [pool-101-thread-1] INFO  server.RaftServerConfigKeys (ConfUtils.java:logGet(46)) - raft.server.rpc.timeout.min = 5s (custom)
2023-04-22 02:18:15,833 [pool-101-thread-1] INFO  server.RaftServerConfigKeys (ConfUtils.java:logGet(46)) - raft.server.rpc.timeout.max = 5200ms (custom)
2023-04-22 02:18:15,833 [pool-101-thread-1] INFO  server.RaftServerConfigKeys (ConfUtils.java:logGet(46)) - raft.server.rpc.sleep.time = 25ms (default)
2023-04-22 02:18:15,833 [pool-101-thread-1] INFO  server.RaftServerConfigKeys (ConfUtils.java:logGet(46)) - raft.server.rpc.slowness.timeout = 300000ms (custom)
2023-04-22 02:18:15,833 [pool-101-thread-1] INFO  server.RaftServerConfigKeys (ConfUtils.java:logGet(46)) - raft.server.leaderelection.leader.step-down.wait-time = 10s (default)
2023-04-22 02:18:15,833 [pool-101-thread-1] INFO  server.RaftServerConfigKeys (ConfUtils.java:logGet(46)) - raft.server.sleep.deviation.threshold = 300ms (default)
2023-04-22 02:18:15,834 [pool-101-thread-1] INFO  server.RaftServer$Division (ServerState.java:<init>(118)) - 44aa5787-a9ca-4d27-a88e-9069c8f4547b@group-D4D495DF8B74: ConfigurationManager, init=-1: peers:[6aaf5ca8-0737-4296-ba95-7f0e9402c55b|rpc:10.1.0.20:37225|dataStream:10.1.0.20:33711|priority:1|startupRole:FOLLOWER, 4fb9f1f7-4e3b-4bcf-a7e7-c7ddcac09d11|rpc:10.1.0.20:44181|dataStream:10.1.0.20:37741|priority:0|startupRole:FOLLOWER, 44aa5787-a9ca-4d27-a88e-9069c8f4547b|rpc:10.1.0.20:46431|dataStream:10.1.0.20:44789|priority:0|startupRole:FOLLOWER]|listeners:[], old=null, confs=<EMPTY_MAP>
2023-04-22 02:18:15,834 [pool-101-thread-1] INFO  server.RaftServerConfigKeys (ConfUtils.java:logGet(46)) - raft.server.storage.dir = [/home/runner/work/ozone/ozone/hadoop-ozone/integration-test/target/test-dir/MiniOzoneClusterImpl-b640deff-6994-498f-92ea-4ac5c972f0d8/datanode-1/data/ratis] (custom)
2023-04-22 02:18:15,834 [pool-101-thread-1] INFO  server.RaftServerConfigKeys (ConfUtils.java:logGet(46)) - raft.server.log.corruption.policy = EXCEPTION (default)
2023-04-22 02:18:15,834 [pool-101-thread-1] INFO  server.RaftServerConfigKeys (ConfUtils.java:logGet(46)) - raft.server.storage.free-space.min = 0MB (=0) (default)
2023-04-22 02:18:15,834 [pool-101-thread-1] INFO  server.RaftServerConfigKeys (ConfUtils.java:logGet(46)) - raft.server.notification.no-leader.timeout = 300000ms (custom)
2023-04-22 02:18:15,834 [pool-101-thread-1] INFO  server.RaftServerConfigKeys (ConfUtils.java:logGet(46)) - raft.server.retrycache.expirytime = 600000ms (custom)
2023-04-22 02:18:15,834 [pool-101-thread-1] INFO  server.RaftServerConfigKeys (ConfUtils.java:logGet(46)) - raft.server.retrycache.statistics.expirytime = 100μs (default)
2023-04-22 02:18:15,835 [pool-101-thread-1] INFO  server.RaftServerConfigKeys (ConfUtils.java:logGet(46)) - raft.server.log.appender.install.snapshot.enabled = false (custom)
2023-04-22 02:18:15,835 [pool-101-thread-1] INFO  server.RaftServerConfigKeys (ConfUtils.java:logGet(46)) - raft.server.threadpool.server.cached = true (default)
2023-04-22 02:18:15,835 [pool-101-thread-1] INFO  server.RaftServerConfigKeys (ConfUtils.java:logGet(46)) - raft.server.threadpool.server.size = 0 (default)
2023-04-22 02:18:15,835 [pool-101-thread-1] INFO  server.RaftServerConfigKeys (ConfUtils.java:logGet(46)) - raft.server.threadpool.client.cached = true (default)
2023-04-22 02:18:15,835 [pool-101-thread-1] INFO  server.RaftServerConfigKeys (ConfUtils.java:logGet(46)) - raft.server.threadpool.client.size = 0 (default)
2023-04-22 02:18:15,836 [pool-101-thread-1] INFO  storage.RaftStorageDirectory (RaftStorageDirectoryImpl.java:analyzeStorage(137)) - The storage directory /home/runner/work/ozone/ozone/hadoop-ozone/integration-test/target/test-dir/MiniOzoneClusterImpl-b640deff-6994-498f-92ea-4ac5c972f0d8/datanode-1/data/ratis/f27d81a8-358d-4e8b-922b-d4d495df8b74 does not exist. Creating ...
2023-04-22 02:18:15,836 [pool-101-thread-1] INFO  storage.RaftStorageDirectory (RaftStorageDirectoryImpl.java:tryLock(231)) - Lock on /home/runner/work/ozone/ozone/hadoop-ozone/integration-test/target/test-dir/MiniOzoneClusterImpl-b640deff-6994-498f-92ea-4ac5c972f0d8/datanode-1/data/ratis/f27d81a8-358d-4e8b-922b-d4d495df8b74/in_use.lock acquired by nodename 58540@fv-az443-428
2023-04-22 02:18:15,837 [pool-101-thread-1] INFO  storage.RaftStorage (RaftStorageImpl.java:format(96)) - Storage directory /home/runner/work/ozone/ozone/hadoop-ozone/integration-test/target/test-dir/MiniOzoneClusterImpl-b640deff-6994-498f-92ea-4ac5c972f0d8/datanode-1/data/ratis/f27d81a8-358d-4e8b-922b-d4d495df8b74 has been successfully formatted.
2023-04-22 02:18:15,843 [pool-79-thread-1] INFO  segmented.SegmentedRaftLogWorker (SegmentedRaftLogWorker.java:lambda$new$0(135)) - 4fb9f1f7-4e3b-4bcf-a7e7-c7ddcac09d11@group-D4D495DF8B74-SegmentedRaftLogWorker: flushIndex: setUnconditionally 0 -> -1
2023-04-22 02:18:15,844 [pool-79-thread-1] INFO  segmented.SegmentedRaftLogWorker (SegmentedRaftLogWorker.java:lambda$new$0(135)) - 4fb9f1f7-4e3b-4bcf-a7e7-c7ddcac09d11@group-D4D495DF8B74-SegmentedRaftLogWorker: safeCacheEvictIndex: setUnconditionally 0 -> -1
2023-04-22 02:18:15,844 [pool-79-thread-1] INFO  server.RaftServer$Division (RaftServerImpl.java:start(334)) - 4fb9f1f7-4e3b-4bcf-a7e7-c7ddcac09d11@group-D4D495DF8B74: start as a follower, conf=-1: peers:[6aaf5ca8-0737-4296-ba95-7f0e9402c55b|rpc:10.1.0.20:37225|dataStream:10.1.0.20:33711|priority:1|startupRole:FOLLOWER, 4fb9f1f7-4e3b-4bcf-a7e7-c7ddcac09d11|rpc:10.1.0.20:44181|dataStream:10.1.0.20:37741|priority:0|startupRole:FOLLOWER, 44aa5787-a9ca-4d27-a88e-9069c8f4547b|rpc:10.1.0.20:46431|dataStream:10.1.0.20:44789|priority:0|startupRole:FOLLOWER]|listeners:[], old=null
2023-04-22 02:18:15,844 [pool-79-thread-1] INFO  server.RaftServer$Division (RaftServerImpl.java:setRole(321)) - 4fb9f1f7-4e3b-4bcf-a7e7-c7ddcac09d11@group-D4D495DF8B74: changes role from      null to FOLLOWER at term 0 for startAsFollower
2023-04-22 02:18:15,844 [pool-79-thread-1] INFO  impl.RoleInfo (RoleInfo.java:updateAndGet(139)) - 4fb9f1f7-4e3b-4bcf-a7e7-c7ddcac09d11: start 4fb9f1f7-4e3b-4bcf-a7e7-c7ddcac09d11@group-D4D495DF8B74-FollowerState
2023-04-22 02:18:15,847 [pool-79-thread-1] INFO  util.JmxRegister (JmxRegister.java:tryRegister(44)) - Successfully registered JMX Bean with object name Ratis:service=RaftServer,group=group-D4D495DF8B74,id=4fb9f1f7-4e3b-4bcf-a7e7-c7ddcac09d11
2023-04-22 02:18:15,847 [pool-79-thread-1] INFO  server.RaftServerConfigKeys (ConfUtils.java:logGet(46)) - raft.server.snapshot.auto.trigger.enabled = true (custom)
2023-04-22 02:18:15,847 [pool-79-thread-1] INFO  server.RaftServerConfigKeys (ConfUtils.java:logGet(46)) - raft.server.snapshot.auto.trigger.threshold = 1 (custom)
2023-04-22 02:18:15,847 [pool-79-thread-1] INFO  server.RaftServerConfigKeys (ConfUtils.java:logGet(46)) - raft.server.snapshot.retention.file.num = 5 (custom)
2023-04-22 02:18:15,847 [pool-79-thread-1] INFO  server.RaftServerConfigKeys (ConfUtils.java:logGet(46)) - raft.server.log.purge.upto.snapshot.index = false (default)
2023-04-22 02:18:15,848 [4fb9f1f7-4e3b-4bcf-a7e7-c7ddcac09d11@group-D4D495DF8B74-FollowerState] INFO  server.RaftServerConfigKeys (ConfUtils.java:logFallback(53)) - raft.server.rpc.first-election.timeout.min = 5s (fallback to raft.server.rpc.timeout.min)
2023-04-22 02:18:15,854 [4fb9f1f7-4e3b-4bcf-a7e7-c7ddcac09d11@group-D4D495DF8B74-FollowerState] INFO  server.RaftServerConfigKeys (ConfUtils.java:logFallback(53)) - raft.server.rpc.first-election.timeout.max = 5200ms (fallback to raft.server.rpc.timeout.max)
2023-04-22 02:18:15,853 [EventQueue-OpenPipelineForHealthyPipelineSafeModeRule] INFO  safemode.SCMSafeModeManager (HealthyPipelineSafeModeRule.java:process(137)) - SCM in safe mode. Healthy pipelines reported count is 0, required healthy pipeline reported count is 1
2023-04-22 02:18:15,850 [pool-101-thread-1] INFO  ratis.ContainerStateMachine (ContainerStateMachine.java:loadSnapshot(262)) - group-D4D495DF8B74: The snapshot info is null. Setting the last applied indexto:(t:0, i:~)
2023-04-22 02:18:15,857 [pool-101-thread-1] INFO  server.RaftServerConfigKeys (ConfUtils.java:logGet(46)) - raft.server.log.use.memory = false (default)
2023-04-22 02:18:15,858 [pool-101-thread-1] INFO  server.RaftServerConfigKeys (ConfUtils.java:logGet(46)) - raft.server.log.purge.gap = 1000000 (custom)
2023-04-22 02:18:15,858 [pool-101-thread-1] INFO  server.RaftServerConfigKeys (ConfUtils.java:logGet(46)) - raft.server.log.appender.buffer.byte-limit = 33554432 (custom)
2023-04-22 02:18:15,858 [pool-101-thread-1] INFO  server.RaftServerConfigKeys (ConfUtils.java:logGet(46)) - raft.server.log.statemachine.data.read.timeout = 1000ms (default)
2023-04-22 02:18:15,858 [pool-101-thread-1] INFO  server.RaftServerConfigKeys (ConfUtils.java:logGet(46)) - raft.server.log.purge.preservation.log.num = 0 (default)
2023-04-22 02:18:15,858 [pool-101-thread-1] INFO  server.RaftServerConfigKeys (ConfUtils.java:logGet(46)) - raft.server.log.segment.size.max = 1048576 (custom)
2023-04-22 02:18:15,850 [Command processor thread] INFO  ratis.XceiverServerRatis (XceiverServerRatis.java:addGroup(806)) - Created group PipelineID=f27d81a8-358d-4e8b-922b-d4d495df8b74
2023-04-22 02:18:15,861 [pool-101-thread-1] INFO  server.RaftServerConfigKeys (ConfUtils.java:logGet(46)) - raft.server.log.segment.cache.num.max = 2 (custom)
2023-04-22 02:18:15,861 [pool-101-thread-1] INFO  server.RaftServerConfigKeys (ConfUtils.java:logGet(46)) - raft.server.log.segment.cache.size.max = 200MB (=209715200) (default)
2023-04-22 02:18:15,861 [pool-101-thread-1] INFO  segmented.SegmentedRaftLogWorker (SegmentedRaftLogWorker.java:<init>(189)) - new 44aa5787-a9ca-4d27-a88e-9069c8f4547b@group-D4D495DF8B74-SegmentedRaftLogWorker for RaftStorageImpl:Storage Directory /home/runner/work/ozone/ozone/hadoop-ozone/integration-test/target/test-dir/MiniOzoneClusterImpl-b640deff-6994-498f-92ea-4ac5c972f0d8/datanode-1/data/ratis/f27d81a8-358d-4e8b-922b-d4d495df8b74
2023-04-22 02:18:15,861 [pool-101-thread-1] INFO  server.RaftServerConfigKeys (ConfUtils.java:logGet(46)) - raft.server.log.queue.byte-limit = 4294967296 (custom)
2023-04-22 02:18:15,862 [pool-101-thread-1] INFO  server.RaftServerConfigKeys (ConfUtils.java:logGet(46)) - raft.server.log.queue.element-limit = 1024 (custom)
2023-04-22 02:18:15,862 [pool-101-thread-1] INFO  server.RaftServerConfigKeys (ConfUtils.java:logGet(46)) - raft.server.log.segment.size.max = 1048576 (custom)
2023-04-22 02:18:15,862 [pool-101-thread-1] INFO  server.RaftServerConfigKeys (ConfUtils.java:logGet(46)) - raft.server.log.preallocated.size = 16384 (custom)
2023-04-22 02:18:15,862 [pool-101-thread-1] INFO  server.RaftServerConfigKeys (ConfUtils.java:logGet(46)) - raft.server.log.force.sync.num = 128 (default)
2023-04-22 02:18:15,862 [pool-101-thread-1] INFO  server.RaftServerConfigKeys (ConfUtils.java:logGet(46)) - raft.server.log.statemachine.data.sync = true (default)
2023-04-22 02:18:15,863 [pool-101-thread-1] INFO  server.RaftServerConfigKeys (ConfUtils.java:logGet(46)) - raft.server.log.statemachine.data.sync.timeout = 10s (default)
2023-04-22 02:18:15,863 [pool-101-thread-1] INFO  server.RaftServerConfigKeys (ConfUtils.java:logGet(46)) - raft.server.log.statemachine.data.sync.timeout.retry = -1 (default)
2023-04-22 02:18:15,866 [pool-101-thread-1] INFO  server.RaftServerConfigKeys (ConfUtils.java:logGet(46)) - raft.server.log.write.buffer.size = 1048576 (custom)
2023-04-22 02:18:15,866 [pool-101-thread-1] INFO  server.RaftServerConfigKeys (ConfUtils.java:logGet(46)) - raft.server.log.appender.buffer.byte-limit = 33554432 (custom)
2023-04-22 02:18:15,873 [pool-101-thread-1] INFO  server.RaftServerConfigKeys (ConfUtils.java:logGet(46)) - raft.server.log.unsafe-flush.enabled = false (default)
2023-04-22 02:18:15,873 [pool-101-thread-1] INFO  server.RaftServerConfigKeys (ConfUtils.java:logGet(46)) - raft.server.log.async-flush.enabled = false (default)
2023-04-22 02:18:15,873 [pool-101-thread-1] INFO  server.RaftServerConfigKeys (ConfUtils.java:logGet(46)) - raft.server.log.statemachine.data.caching.enabled = true (custom)
2023-04-22 02:18:15,873 [pool-101-thread-1] INFO  segmented.SegmentedRaftLogWorker (SegmentedRaftLogWorker.java:lambda$new$0(135)) - 44aa5787-a9ca-4d27-a88e-9069c8f4547b@group-D4D495DF8B74-SegmentedRaftLogWorker: flushIndex: setUnconditionally 0 -> -1
2023-04-22 02:18:15,873 [pool-101-thread-1] INFO  segmented.SegmentedRaftLogWorker (SegmentedRaftLogWorker.java:lambda$new$0(135)) - 44aa5787-a9ca-4d27-a88e-9069c8f4547b@group-D4D495DF8B74-SegmentedRaftLogWorker: safeCacheEvictIndex: setUnconditionally 0 -> -1
2023-04-22 02:18:15,879 [pool-101-thread-1] INFO  server.RaftServer$Division (RaftServerImpl.java:start(334)) - 44aa5787-a9ca-4d27-a88e-9069c8f4547b@group-D4D495DF8B74: start as a follower, conf=-1: peers:[6aaf5ca8-0737-4296-ba95-7f0e9402c55b|rpc:10.1.0.20:37225|dataStream:10.1.0.20:33711|priority:1|startupRole:FOLLOWER, 4fb9f1f7-4e3b-4bcf-a7e7-c7ddcac09d11|rpc:10.1.0.20:44181|dataStream:10.1.0.20:37741|priority:0|startupRole:FOLLOWER, 44aa5787-a9ca-4d27-a88e-9069c8f4547b|rpc:10.1.0.20:46431|dataStream:10.1.0.20:44789|priority:0|startupRole:FOLLOWER]|listeners:[], old=null
2023-04-22 02:18:15,879 [pool-101-thread-1] INFO  server.RaftServer$Division (RaftServerImpl.java:setRole(321)) - 44aa5787-a9ca-4d27-a88e-9069c8f4547b@group-D4D495DF8B74: changes role from      null to FOLLOWER at term 0 for startAsFollower
2023-04-22 02:18:15,879 [pool-101-thread-1] INFO  impl.RoleInfo (RoleInfo.java:updateAndGet(139)) - 44aa5787-a9ca-4d27-a88e-9069c8f4547b: start 44aa5787-a9ca-4d27-a88e-9069c8f4547b@group-D4D495DF8B74-FollowerState
2023-04-22 02:18:15,879 [pool-101-thread-1] INFO  util.JmxRegister (JmxRegister.java:tryRegister(44)) - Successfully registered JMX Bean with object name Ratis:service=RaftServer,group=group-D4D495DF8B74,id=44aa5787-a9ca-4d27-a88e-9069c8f4547b
2023-04-22 02:18:15,879 [44aa5787-a9ca-4d27-a88e-9069c8f4547b@group-D4D495DF8B74-FollowerState] INFO  server.RaftServerConfigKeys (ConfUtils.java:logFallback(53)) - raft.server.rpc.first-election.timeout.min = 5s (fallback to raft.server.rpc.timeout.min)
2023-04-22 02:18:15,880 [44aa5787-a9ca-4d27-a88e-9069c8f4547b@group-D4D495DF8B74-FollowerState] INFO  server.RaftServerConfigKeys (ConfUtils.java:logFallback(53)) - raft.server.rpc.first-election.timeout.max = 5200ms (fallback to raft.server.rpc.timeout.max)
2023-04-22 02:18:15,879 [pool-101-thread-1] INFO  server.RaftServerConfigKeys (ConfUtils.java:logGet(46)) - raft.server.snapshot.auto.trigger.enabled = true (custom)
2023-04-22 02:18:15,880 [pool-101-thread-1] INFO  server.RaftServerConfigKeys (ConfUtils.java:logGet(46)) - raft.server.snapshot.auto.trigger.threshold = 1 (custom)
2023-04-22 02:18:15,880 [grpc-default-executor-0] INFO  server.RaftServer (RaftServerProxy.java:addNew(96)) - 6aaf5ca8-0737-4296-ba95-7f0e9402c55b: addNew group-D4D495DF8B74:[6aaf5ca8-0737-4296-ba95-7f0e9402c55b|rpc:10.1.0.20:37225|dataStream:10.1.0.20:33711|priority:1|startupRole:FOLLOWER, 4fb9f1f7-4e3b-4bcf-a7e7-c7ddcac09d11|rpc:10.1.0.20:44181|dataStream:10.1.0.20:37741|priority:0|startupRole:FOLLOWER, 44aa5787-a9ca-4d27-a88e-9069c8f4547b|rpc:10.1.0.20:46431|dataStream:10.1.0.20:44789|priority:0|startupRole:FOLLOWER] returns group-D4D495DF8B74:java.util.concurrent.CompletableFuture@689712c6[Not completed]
2023-04-22 02:18:15,880 [pool-101-thread-1] INFO  server.RaftServerConfigKeys (ConfUtils.java:logGet(46)) - raft.server.snapshot.retention.file.num = 5 (custom)
2023-04-22 02:18:15,881 [pool-101-thread-1] INFO  server.RaftServerConfigKeys (ConfUtils.java:logGet(46)) - raft.server.log.purge.upto.snapshot.index = false (default)
2023-04-22 02:18:15,881 [pool-123-thread-1] INFO  server.RaftServer$Division (RaftServerImpl.java:<init>(195)) - 6aaf5ca8-0737-4296-ba95-7f0e9402c55b: new RaftServerImpl for group-D4D495DF8B74:[6aaf5ca8-0737-4296-ba95-7f0e9402c55b|rpc:10.1.0.20:37225|dataStream:10.1.0.20:33711|priority:1|startupRole:FOLLOWER, 4fb9f1f7-4e3b-4bcf-a7e7-c7ddcac09d11|rpc:10.1.0.20:44181|dataStream:10.1.0.20:37741|priority:0|startupRole:FOLLOWER, 44aa5787-a9ca-4d27-a88e-9069c8f4547b|rpc:10.1.0.20:46431|dataStream:10.1.0.20:44789|priority:0|startupRole:FOLLOWER] with ContainerStateMachine:uninitialized
2023-04-22 02:18:15,882 [pool-123-thread-1] INFO  server.RaftServerConfigKeys (ConfUtils.java:logGet(46)) - raft.server.rpc.timeout.min = 5s (custom)
2023-04-22 02:18:15,882 [pool-123-thread-1] INFO  server.RaftServerConfigKeys (ConfUtils.java:logGet(46)) - raft.server.rpc.timeout.max = 5200ms (custom)
2023-04-22 02:18:15,882 [pool-123-thread-1] INFO  server.RaftServerConfigKeys (ConfUtils.java:logGet(46)) - raft.server.rpc.sleep.time = 25ms (default)
2023-04-22 02:18:15,882 [pool-123-thread-1] INFO  server.RaftServerConfigKeys (ConfUtils.java:logGet(46)) - raft.server.rpc.slowness.timeout = 300000ms (custom)
2023-04-22 02:18:15,882 [pool-123-thread-1] INFO  server.RaftServerConfigKeys (ConfUtils.java:logGet(46)) - raft.server.leaderelection.leader.step-down.wait-time = 10s (default)
2023-04-22 02:18:15,882 [pool-123-thread-1] INFO  server.RaftServerConfigKeys (ConfUtils.java:logGet(46)) - raft.server.sleep.deviation.threshold = 300ms (default)
2023-04-22 02:18:15,882 [Command processor thread] INFO  ratis.XceiverServerRatis (XceiverServerRatis.java:addGroup(806)) - Created group PipelineID=f27d81a8-358d-4e8b-922b-d4d495df8b74
2023-04-22 02:18:15,887 [pool-123-thread-1] INFO  server.RaftServer$Division (ServerState.java:<init>(118)) - 6aaf5ca8-0737-4296-ba95-7f0e9402c55b@group-D4D495DF8B74: ConfigurationManager, init=-1: peers:[6aaf5ca8-0737-4296-ba95-7f0e9402c55b|rpc:10.1.0.20:37225|dataStream:10.1.0.20:33711|priority:1|startupRole:FOLLOWER, 4fb9f1f7-4e3b-4bcf-a7e7-c7ddcac09d11|rpc:10.1.0.20:44181|dataStream:10.1.0.20:37741|priority:0|startupRole:FOLLOWER, 44aa5787-a9ca-4d27-a88e-9069c8f4547b|rpc:10.1.0.20:46431|dataStream:10.1.0.20:44789|priority:0|startupRole:FOLLOWER]|listeners:[], old=null, confs=<EMPTY_MAP>
2023-04-22 02:18:15,887 [pool-123-thread-1] INFO  server.RaftServerConfigKeys (ConfUtils.java:logGet(46)) - raft.server.storage.dir = [/home/runner/work/ozone/ozone/hadoop-ozone/integration-test/target/test-dir/MiniOzoneClusterImpl-b640deff-6994-498f-92ea-4ac5c972f0d8/datanode-2/data/ratis] (custom)
2023-04-22 02:18:15,887 [pool-123-thread-1] INFO  server.RaftServerConfigKeys (ConfUtils.java:logGet(46)) - raft.server.log.corruption.policy = EXCEPTION (default)
2023-04-22 02:18:15,887 [pool-123-thread-1] INFO  server.RaftServerConfigKeys (ConfUtils.java:logGet(46)) - raft.server.storage.free-space.min = 0MB (=0) (default)
2023-04-22 02:18:15,888 [pool-123-thread-1] INFO  server.RaftServerConfigKeys (ConfUtils.java:logGet(46)) - raft.server.notification.no-leader.timeout = 300000ms (custom)
2023-04-22 02:18:15,888 [pool-123-thread-1] INFO  server.RaftServerConfigKeys (ConfUtils.java:logGet(46)) - raft.server.retrycache.expirytime = 600000ms (custom)
2023-04-22 02:18:15,888 [pool-123-thread-1] INFO  server.RaftServerConfigKeys (ConfUtils.java:logGet(46)) - raft.server.retrycache.statistics.expirytime = 100μs (default)
2023-04-22 02:18:15,891 [pool-123-thread-1] INFO  server.RaftServerConfigKeys (ConfUtils.java:logGet(46)) - raft.server.log.appender.install.snapshot.enabled = false (custom)
2023-04-22 02:18:15,892 [pool-123-thread-1] INFO  server.RaftServerConfigKeys (ConfUtils.java:logGet(46)) - raft.server.threadpool.server.cached = true (default)
2023-04-22 02:18:15,892 [pool-123-thread-1] INFO  server.RaftServerConfigKeys (ConfUtils.java:logGet(46)) - raft.server.threadpool.server.size = 0 (default)
2023-04-22 02:18:15,892 [pool-123-thread-1] INFO  server.RaftServerConfigKeys (ConfUtils.java:logGet(46)) - raft.server.threadpool.client.cached = true (default)
2023-04-22 02:18:15,892 [pool-123-thread-1] INFO  server.RaftServerConfigKeys (ConfUtils.java:logGet(46)) - raft.server.threadpool.client.size = 0 (default)
2023-04-22 02:18:15,892 [pool-123-thread-1] INFO  storage.RaftStorageDirectory (RaftStorageDirectoryImpl.java:analyzeStorage(137)) - The storage directory /home/runner/work/ozone/ozone/hadoop-ozone/integration-test/target/test-dir/MiniOzoneClusterImpl-b640deff-6994-498f-92ea-4ac5c972f0d8/datanode-2/data/ratis/f27d81a8-358d-4e8b-922b-d4d495df8b74 does not exist. Creating ...
2023-04-22 02:18:15,893 [pool-123-thread-1] INFO  storage.RaftStorageDirectory (RaftStorageDirectoryImpl.java:tryLock(231)) - Lock on /home/runner/work/ozone/ozone/hadoop-ozone/integration-test/target/test-dir/MiniOzoneClusterImpl-b640deff-6994-498f-92ea-4ac5c972f0d8/datanode-2/data/ratis/f27d81a8-358d-4e8b-922b-d4d495df8b74/in_use.lock acquired by nodename 58540@fv-az443-428
2023-04-22 02:18:15,895 [pool-123-thread-1] INFO  storage.RaftStorage (RaftStorageImpl.java:format(96)) - Storage directory /home/runner/work/ozone/ozone/hadoop-ozone/integration-test/target/test-dir/MiniOzoneClusterImpl-b640deff-6994-498f-92ea-4ac5c972f0d8/datanode-2/data/ratis/f27d81a8-358d-4e8b-922b-d4d495df8b74 has been successfully formatted.
2023-04-22 02:18:15,895 [pool-123-thread-1] INFO  ratis.ContainerStateMachine (ContainerStateMachine.java:loadSnapshot(262)) - group-D4D495DF8B74: The snapshot info is null. Setting the last applied indexto:(t:0, i:~)
2023-04-22 02:18:15,895 [pool-123-thread-1] INFO  server.RaftServerConfigKeys (ConfUtils.java:logGet(46)) - raft.server.log.use.memory = false (default)
2023-04-22 02:18:15,895 [pool-123-thread-1] INFO  server.RaftServerConfigKeys (ConfUtils.java:logGet(46)) - raft.server.log.purge.gap = 1000000 (custom)
2023-04-22 02:18:15,895 [pool-123-thread-1] INFO  server.RaftServerConfigKeys (ConfUtils.java:logGet(46)) - raft.server.log.appender.buffer.byte-limit = 33554432 (custom)
2023-04-22 02:18:15,896 [pool-123-thread-1] INFO  server.RaftServerConfigKeys (ConfUtils.java:logGet(46)) - raft.server.log.statemachine.data.read.timeout = 1000ms (default)
2023-04-22 02:18:15,897 [pool-123-thread-1] INFO  server.RaftServerConfigKeys (ConfUtils.java:logGet(46)) - raft.server.log.purge.preservation.log.num = 0 (default)
2023-04-22 02:18:15,897 [pool-123-thread-1] INFO  server.RaftServerConfigKeys (ConfUtils.java:logGet(46)) - raft.server.log.segment.size.max = 1048576 (custom)
2023-04-22 02:18:15,898 [pool-123-thread-1] INFO  server.RaftServerConfigKeys (ConfUtils.java:logGet(46)) - raft.server.log.segment.cache.num.max = 2 (custom)
2023-04-22 02:18:15,898 [pool-123-thread-1] INFO  server.RaftServerConfigKeys (ConfUtils.java:logGet(46)) - raft.server.log.segment.cache.size.max = 200MB (=209715200) (default)
2023-04-22 02:18:15,898 [pool-123-thread-1] INFO  segmented.SegmentedRaftLogWorker (SegmentedRaftLogWorker.java:<init>(189)) - new 6aaf5ca8-0737-4296-ba95-7f0e9402c55b@group-D4D495DF8B74-SegmentedRaftLogWorker for RaftStorageImpl:Storage Directory /home/runner/work/ozone/ozone/hadoop-ozone/integration-test/target/test-dir/MiniOzoneClusterImpl-b640deff-6994-498f-92ea-4ac5c972f0d8/datanode-2/data/ratis/f27d81a8-358d-4e8b-922b-d4d495df8b74
2023-04-22 02:18:15,898 [pool-123-thread-1] INFO  server.RaftServerConfigKeys (ConfUtils.java:logGet(46)) - raft.server.log.queue.byte-limit = 4294967296 (custom)
2023-04-22 02:18:15,898 [pool-123-thread-1] INFO  server.RaftServerConfigKeys (ConfUtils.java:logGet(46)) - raft.server.log.queue.element-limit = 1024 (custom)
2023-04-22 02:18:15,898 [pool-123-thread-1] INFO  server.RaftServerConfigKeys (ConfUtils.java:logGet(46)) - raft.server.log.segment.size.max = 1048576 (custom)
2023-04-22 02:18:15,898 [pool-123-thread-1] INFO  server.RaftServerConfigKeys (ConfUtils.java:logGet(46)) - raft.server.log.preallocated.size = 16384 (custom)
2023-04-22 02:18:15,898 [pool-123-thread-1] INFO  server.RaftServerConfigKeys (ConfUtils.java:logGet(46)) - raft.server.log.force.sync.num = 128 (default)
2023-04-22 02:18:15,898 [pool-123-thread-1] INFO  server.RaftServerConfigKeys (ConfUtils.java:logGet(46)) - raft.server.log.statemachine.data.sync = true (default)
2023-04-22 02:18:15,898 [pool-123-thread-1] INFO  server.RaftServerConfigKeys (ConfUtils.java:logGet(46)) - raft.server.log.statemachine.data.sync.timeout = 10s (default)
2023-04-22 02:18:15,898 [pool-123-thread-1] INFO  server.RaftServerConfigKeys (ConfUtils.java:logGet(46)) - raft.server.log.statemachine.data.sync.timeout.retry = -1 (default)
2023-04-22 02:18:15,899 [pool-123-thread-1] INFO  server.RaftServerConfigKeys (ConfUtils.java:logGet(46)) - raft.server.log.write.buffer.size = 1048576 (custom)
2023-04-22 02:18:15,900 [pool-123-thread-1] INFO  server.RaftServerConfigKeys (ConfUtils.java:logGet(46)) - raft.server.log.appender.buffer.byte-limit = 33554432 (custom)
2023-04-22 02:18:15,901 [Listener at 127.0.0.1/41793] INFO  ozone.MiniOzoneClusterImpl (MiniOzoneClusterImpl.java:lambda$waitForClusterToBeReady$0(223)) - Waiting for nodes to be ready. Got 9 of 10 DN Heartbeats.
2023-04-22 02:18:15,908 [Listener at 127.0.0.1/41793] INFO  ozone.MiniOzoneClusterImpl (MiniOzoneClusterImpl.java:lambda$waitForClusterToBeReady$0(226)) - Waiting for cluster to exit safe mode
2023-04-22 02:18:15,909 [Listener at 127.0.0.1/41793] INFO  ozone.MiniOzoneClusterImpl (MiniOzoneClusterImpl.java:lambda$waitForClusterToBeReady$0(228)) - SCM became leader
2023-04-22 02:18:15,906 [pool-123-thread-1] INFO  server.RaftServerConfigKeys (ConfUtils.java:logGet(46)) - raft.server.log.unsafe-flush.enabled = false (default)
2023-04-22 02:18:15,903 [IPC Server handler 9 on default port 44143] INFO  net.NetworkTopologyImpl (NetworkTopologyImpl.java:add(112)) - Added a new node: /default-rack/1a68e1b8-2164-4c23-a9a5-559390ce5485
2023-04-22 02:18:15,909 [IPC Server handler 9 on default port 44143] INFO  node.SCMNodeManager (SCMNodeManager.java:register(404)) - Registered Data node : 1a68e1b8-2164-4c23-a9a5-559390ce5485{ip: 10.1.0.20, host: fv-az443-428.ap2fcshprsnunfx25e1aelzb4b.cx.internal.cloudapp.net, ports: [HTTP=42353, REPLICATION=33787, RATIS=40987, RATIS_ADMIN=40987, RATIS_SERVER=40987, RATIS_DATASTREAM=46243, STANDALONE=44959], networkLocation: /default-rack, certSerialId: null, persistedOpState: null, persistedOpStateExpiryEpochSec: 0}
2023-04-22 02:18:15,910 [EventQueue-NewNodeForNewNodeHandler] INFO  pipeline.BackgroundPipelineCreator (BackgroundPipelineCreator.java:notifyEventTriggered(276)) - trigger a one-shot run on RatisPipelineUtilsThread.
2023-04-22 02:18:15,911 [RatisPipelineUtilsThread - 0] INFO  pipeline.RatisPipelineProvider (RatisPipelineProvider.java:lambda$create$0(206)) - Sending CreatePipelineCommand for pipeline:PipelineID=a638bfe6-c3c3-4f26-85c2-335bbcab5500 to datanode:1a68e1b8-2164-4c23-a9a5-559390ce5485
2023-04-22 02:18:15,917 [RatisPipelineUtilsThread - 0] INFO  pipeline.PipelineStateManagerImpl (PipelineStateManagerImpl.java:addPipeline(103)) - Created pipeline Pipeline[ Id: a638bfe6-c3c3-4f26-85c2-335bbcab5500, Nodes: 1a68e1b8-2164-4c23-a9a5-559390ce5485(fv-az443-428.ap2fcshprsnunfx25e1aelzb4b.cx.internal.cloudapp.net/10.1.0.20), ReplicationConfig: RATIS/ONE, State:ALLOCATED, leaderId:, CreationTimestamp2023-04-22T02:18:15.911Z[Etc/UTC]].
2023-04-22 02:18:15,917 [RatisPipelineUtilsThread - 0] WARN  pipeline.PipelinePlacementPolicy (PipelinePlacementPolicy.java:filterViableNodes(160)) - Pipeline creation failed due to no sufficient healthy datanodes. Required 3. Found 1. Excluded 9.
2023-04-22 02:18:15,911 [pool-123-thread-1] INFO  server.RaftServerConfigKeys (ConfUtils.java:logGet(46)) - raft.server.log.async-flush.enabled = false (default)
2023-04-22 02:18:15,918 [pool-123-thread-1] INFO  server.RaftServerConfigKeys (ConfUtils.java:logGet(46)) - raft.server.log.statemachine.data.caching.enabled = true (custom)
2023-04-22 02:18:15,918 [pool-123-thread-1] INFO  segmented.SegmentedRaftLogWorker (SegmentedRaftLogWorker.java:lambda$new$0(135)) - 6aaf5ca8-0737-4296-ba95-7f0e9402c55b@group-D4D495DF8B74-SegmentedRaftLogWorker: flushIndex: setUnconditionally 0 -> -1
2023-04-22 02:18:15,918 [pool-123-thread-1] INFO  segmented.SegmentedRaftLogWorker (SegmentedRaftLogWorker.java:lambda$new$0(135)) - 6aaf5ca8-0737-4296-ba95-7f0e9402c55b@group-D4D495DF8B74-SegmentedRaftLogWorker: safeCacheEvictIndex: setUnconditionally 0 -> -1
2023-04-22 02:18:15,918 [pool-123-thread-1] INFO  server.RaftServer$Division (RaftServerImpl.java:start(334)) - 6aaf5ca8-0737-4296-ba95-7f0e9402c55b@group-D4D495DF8B74: start as a follower, conf=-1: peers:[6aaf5ca8-0737-4296-ba95-7f0e9402c55b|rpc:10.1.0.20:37225|dataStream:10.1.0.20:33711|priority:1|startupRole:FOLLOWER, 4fb9f1f7-4e3b-4bcf-a7e7-c7ddcac09d11|rpc:10.1.0.20:44181|dataStream:10.1.0.20:37741|priority:0|startupRole:FOLLOWER, 44aa5787-a9ca-4d27-a88e-9069c8f4547b|rpc:10.1.0.20:46431|dataStream:10.1.0.20:44789|priority:0|startupRole:FOLLOWER]|listeners:[], old=null
2023-04-22 02:18:15,919 [pool-123-thread-1] INFO  server.RaftServer$Division (RaftServerImpl.java:setRole(321)) - 6aaf5ca8-0737-4296-ba95-7f0e9402c55b@group-D4D495DF8B74: changes role from      null to FOLLOWER at term 0 for startAsFollower
2023-04-22 02:18:15,919 [pool-123-thread-1] INFO  impl.RoleInfo (RoleInfo.java:updateAndGet(139)) - 6aaf5ca8-0737-4296-ba95-7f0e9402c55b: start 6aaf5ca8-0737-4296-ba95-7f0e9402c55b@group-D4D495DF8B74-FollowerState
2023-04-22 02:18:15,919 [pool-123-thread-1] INFO  util.JmxRegister (JmxRegister.java:tryRegister(44)) - Successfully registered JMX Bean with object name Ratis:service=RaftServer,group=group-D4D495DF8B74,id=6aaf5ca8-0737-4296-ba95-7f0e9402c55b
2023-04-22 02:18:15,919 [pool-123-thread-1] INFO  server.RaftServerConfigKeys (ConfUtils.java:logGet(46)) - raft.server.snapshot.auto.trigger.enabled = true (custom)
2023-04-22 02:18:15,919 [pool-123-thread-1] INFO  server.RaftServerConfigKeys (ConfUtils.java:logGet(46)) - raft.server.snapshot.auto.trigger.threshold = 1 (custom)
2023-04-22 02:18:15,919 [pool-123-thread-1] INFO  server.RaftServerConfigKeys (ConfUtils.java:logGet(46)) - raft.server.snapshot.retention.file.num = 5 (custom)
2023-04-22 02:18:15,919 [pool-123-thread-1] INFO  server.RaftServerConfigKeys (ConfUtils.java:logGet(46)) - raft.server.log.purge.upto.snapshot.index = false (default)
2023-04-22 02:18:15,921 [6aaf5ca8-0737-4296-ba95-7f0e9402c55b@group-D4D495DF8B74-FollowerState] INFO  server.RaftServerConfigKeys (ConfUtils.java:logFallback(53)) - raft.server.rpc.first-election.timeout.min = 5s (fallback to raft.server.rpc.timeout.min)
2023-04-22 02:18:15,929 [6aaf5ca8-0737-4296-ba95-7f0e9402c55b@group-D4D495DF8B74-FollowerState] INFO  server.RaftServerConfigKeys (ConfUtils.java:logFallback(53)) - raft.server.rpc.first-election.timeout.max = 5200ms (fallback to raft.server.rpc.timeout.max)
2023-04-22 02:18:15,989 [Command processor thread] INFO  commandhandler.CreatePipelineCommandHandler (CreatePipelineCommandHandler.java:handle(113)) - Created Pipeline RATIS THREE PipelineID=f27d81a8-358d-4e8b-922b-d4d495df8b74.
2023-04-22 02:18:16,007 [Command processor thread] INFO  commandhandler.CreatePipelineCommandHandler (CreatePipelineCommandHandler.java:handle(113)) - Created Pipeline RATIS THREE PipelineID=f27d81a8-358d-4e8b-922b-d4d495df8b74.
2023-04-22 02:18:16,011 [EventQueue-OpenPipelineForHealthyPipelineSafeModeRule] INFO  safemode.SCMSafeModeManager (HealthyPipelineSafeModeRule.java:process(137)) - SCM in safe mode. Healthy pipelines reported count is 0, required healthy pipeline reported count is 1
2023-04-22 02:18:16,056 [EventQueue-OpenPipelineForHealthyPipelineSafeModeRule] INFO  safemode.SCMSafeModeManager (HealthyPipelineSafeModeRule.java:process(137)) - SCM in safe mode. Healthy pipelines reported count is 0, required healthy pipeline reported count is 1
2023-04-22 02:18:16,186 [Command processor thread] INFO  server.RaftServer (RaftServerProxy.java:addNew(96)) - 6aaf5ca8-0737-4296-ba95-7f0e9402c55b: addNew group-81457971618B:[6aaf5ca8-0737-4296-ba95-7f0e9402c55b|rpc:10.1.0.20:37225|dataStream:10.1.0.20:33711|priority:1|startupRole:FOLLOWER] returns group-81457971618B:java.util.concurrent.CompletableFuture@7b4adee4[Not completed]
2023-04-22 02:18:16,187 [pool-123-thread-1] INFO  server.RaftServer$Division (RaftServerImpl.java:<init>(195)) - 6aaf5ca8-0737-4296-ba95-7f0e9402c55b: new RaftServerImpl for group-81457971618B:[6aaf5ca8-0737-4296-ba95-7f0e9402c55b|rpc:10.1.0.20:37225|dataStream:10.1.0.20:33711|priority:1|startupRole:FOLLOWER] with ContainerStateMachine:uninitialized
2023-04-22 02:18:16,187 [pool-123-thread-1] INFO  server.RaftServerConfigKeys (ConfUtils.java:logGet(46)) - raft.server.rpc.timeout.min = 5s (custom)
2023-04-22 02:18:16,187 [pool-123-thread-1] INFO  server.RaftServerConfigKeys (ConfUtils.java:logGet(46)) - raft.server.rpc.timeout.max = 5200ms (custom)
2023-04-22 02:18:16,187 [pool-123-thread-1] INFO  server.RaftServerConfigKeys (ConfUtils.java:logGet(46)) - raft.server.rpc.sleep.time = 25ms (default)
2023-04-22 02:18:16,187 [pool-123-thread-1] INFO  server.RaftServerConfigKeys (ConfUtils.java:logGet(46)) - raft.server.rpc.slowness.timeout = 300000ms (custom)
2023-04-22 02:18:16,187 [pool-123-thread-1] INFO  server.RaftServerConfigKeys (ConfUtils.java:logGet(46)) - raft.server.leaderelection.leader.step-down.wait-time = 10s (default)
2023-04-22 02:18:16,187 [pool-123-thread-1] INFO  server.RaftServerConfigKeys (ConfUtils.java:logGet(46)) - raft.server.sleep.deviation.threshold = 300ms (default)
2023-04-22 02:18:16,188 [pool-123-thread-1] INFO  server.RaftServer$Division (ServerState.java:<init>(118)) - 6aaf5ca8-0737-4296-ba95-7f0e9402c55b@group-81457971618B: ConfigurationManager, init=-1: peers:[6aaf5ca8-0737-4296-ba95-7f0e9402c55b|rpc:10.1.0.20:37225|dataStream:10.1.0.20:33711|priority:1|startupRole:FOLLOWER]|listeners:[], old=null, confs=<EMPTY_MAP>
2023-04-22 02:18:16,188 [pool-123-thread-1] INFO  server.RaftServerConfigKeys (ConfUtils.java:logGet(46)) - raft.server.storage.dir = [/home/runner/work/ozone/ozone/hadoop-ozone/integration-test/target/test-dir/MiniOzoneClusterImpl-b640deff-6994-498f-92ea-4ac5c972f0d8/datanode-2/data/ratis] (custom)
2023-04-22 02:18:16,188 [pool-123-thread-1] INFO  server.RaftServerConfigKeys (ConfUtils.java:logGet(46)) - raft.server.log.corruption.policy = EXCEPTION (default)
2023-04-22 02:18:16,188 [pool-123-thread-1] INFO  server.RaftServerConfigKeys (ConfUtils.java:logGet(46)) - raft.server.storage.free-space.min = 0MB (=0) (default)
2023-04-22 02:18:16,188 [pool-123-thread-1] INFO  server.RaftServerConfigKeys (ConfUtils.java:logGet(46)) - raft.server.notification.no-leader.timeout = 300000ms (custom)
2023-04-22 02:18:16,188 [pool-123-thread-1] INFO  server.RaftServerConfigKeys (ConfUtils.java:logGet(46)) - raft.server.retrycache.expirytime = 600000ms (custom)
2023-04-22 02:18:16,188 [pool-123-thread-1] INFO  server.RaftServerConfigKeys (ConfUtils.java:logGet(46)) - raft.server.retrycache.statistics.expirytime = 100μs (default)
2023-04-22 02:18:16,189 [pool-123-thread-1] INFO  server.RaftServerConfigKeys (ConfUtils.java:logGet(46)) - raft.server.log.appender.install.snapshot.enabled = false (custom)
2023-04-22 02:18:16,189 [pool-123-thread-1] INFO  server.RaftServerConfigKeys (ConfUtils.java:logGet(46)) - raft.server.threadpool.server.cached = true (default)
2023-04-22 02:18:16,189 [pool-123-thread-1] INFO  server.RaftServerConfigKeys (ConfUtils.java:logGet(46)) - raft.server.threadpool.server.size = 0 (default)
2023-04-22 02:18:16,189 [pool-123-thread-1] INFO  server.RaftServerConfigKeys (ConfUtils.java:logGet(46)) - raft.server.threadpool.client.cached = true (default)
2023-04-22 02:18:16,189 [pool-123-thread-1] INFO  server.RaftServerConfigKeys (ConfUtils.java:logGet(46)) - raft.server.threadpool.client.size = 0 (default)
2023-04-22 02:18:16,189 [pool-123-thread-1] INFO  storage.RaftStorageDirectory (RaftStorageDirectoryImpl.java:analyzeStorage(137)) - The storage directory /home/runner/work/ozone/ozone/hadoop-ozone/integration-test/target/test-dir/MiniOzoneClusterImpl-b640deff-6994-498f-92ea-4ac5c972f0d8/datanode-2/data/ratis/96b44e4f-ee2f-4278-825b-81457971618b does not exist. Creating ...
2023-04-22 02:18:16,190 [pool-123-thread-1] INFO  storage.RaftStorageDirectory (RaftStorageDirectoryImpl.java:tryLock(231)) - Lock on /home/runner/work/ozone/ozone/hadoop-ozone/integration-test/target/test-dir/MiniOzoneClusterImpl-b640deff-6994-498f-92ea-4ac5c972f0d8/datanode-2/data/ratis/96b44e4f-ee2f-4278-825b-81457971618b/in_use.lock acquired by nodename 58540@fv-az443-428
2023-04-22 02:18:16,191 [pool-123-thread-1] INFO  storage.RaftStorage (RaftStorageImpl.java:format(96)) - Storage directory /home/runner/work/ozone/ozone/hadoop-ozone/integration-test/target/test-dir/MiniOzoneClusterImpl-b640deff-6994-498f-92ea-4ac5c972f0d8/datanode-2/data/ratis/96b44e4f-ee2f-4278-825b-81457971618b has been successfully formatted.
2023-04-22 02:18:16,192 [pool-123-thread-1] INFO  ratis.ContainerStateMachine (ContainerStateMachine.java:loadSnapshot(262)) - group-81457971618B: The snapshot info is null. Setting the last applied indexto:(t:0, i:~)
2023-04-22 02:18:16,192 [pool-123-thread-1] INFO  server.RaftServerConfigKeys (ConfUtils.java:logGet(46)) - raft.server.log.use.memory = false (default)
2023-04-22 02:18:16,192 [pool-123-thread-1] INFO  server.RaftServerConfigKeys (ConfUtils.java:logGet(46)) - raft.server.log.purge.gap = 1000000 (custom)
2023-04-22 02:18:16,192 [pool-123-thread-1] INFO  server.RaftServerConfigKeys (ConfUtils.java:logGet(46)) - raft.server.log.appender.buffer.byte-limit = 33554432 (custom)
2023-04-22 02:18:16,192 [pool-123-thread-1] INFO  server.RaftServerConfigKeys (ConfUtils.java:logGet(46)) - raft.server.log.statemachine.data.read.timeout = 1000ms (default)
2023-04-22 02:18:16,192 [pool-123-thread-1] INFO  server.RaftServerConfigKeys (ConfUtils.java:logGet(46)) - raft.server.log.purge.preservation.log.num = 0 (default)
2023-04-22 02:18:16,192 [pool-123-thread-1] INFO  server.RaftServerConfigKeys (ConfUtils.java:logGet(46)) - raft.server.log.segment.size.max = 1048576 (custom)
2023-04-22 02:18:16,193 [pool-123-thread-1] INFO  server.RaftServerConfigKeys (ConfUtils.java:logGet(46)) - raft.server.log.segment.cache.num.max = 2 (custom)
2023-04-22 02:18:16,193 [pool-123-thread-1] INFO  server.RaftServerConfigKeys (ConfUtils.java:logGet(46)) - raft.server.log.segment.cache.size.max = 200MB (=209715200) (default)
2023-04-22 02:18:16,193 [pool-123-thread-1] INFO  segmented.SegmentedRaftLogWorker (SegmentedRaftLogWorker.java:<init>(189)) - new 6aaf5ca8-0737-4296-ba95-7f0e9402c55b@group-81457971618B-SegmentedRaftLogWorker for RaftStorageImpl:Storage Directory /home/runner/work/ozone/ozone/hadoop-ozone/integration-test/target/test-dir/MiniOzoneClusterImpl-b640deff-6994-498f-92ea-4ac5c972f0d8/datanode-2/data/ratis/96b44e4f-ee2f-4278-825b-81457971618b
2023-04-22 02:18:16,193 [EventQueue-PipelineReportForPipelineReportHandler] INFO  pipeline.PipelineManagerImpl (PipelineManagerImpl.java:openPipeline(367)) - Pipeline Pipeline[ Id: 96b44e4f-ee2f-4278-825b-81457971618b, Nodes: 6aaf5ca8-0737-4296-ba95-7f0e9402c55b(fv-az443-428.ap2fcshprsnunfx25e1aelzb4b.cx.internal.cloudapp.net/10.1.0.20), ReplicationConfig: RATIS/ONE, State:ALLOCATED, leaderId:6aaf5ca8-0737-4296-ba95-7f0e9402c55b, CreationTimestamp2023-04-22T02:18:13.189Z[Etc/UTC]] moved to OPEN state
2023-04-22 02:18:16,193 [pool-123-thread-1] INFO  server.RaftServerConfigKeys (ConfUtils.java:logGet(46)) - raft.server.log.queue.byte-limit = 4294967296 (custom)
2023-04-22 02:18:16,193 [pool-123-thread-1] INFO  server.RaftServerConfigKeys (ConfUtils.java:logGet(46)) - raft.server.log.queue.element-limit = 1024 (custom)
2023-04-22 02:18:16,193 [pool-123-thread-1] INFO  server.RaftServerConfigKeys (ConfUtils.java:logGet(46)) - raft.server.log.segment.size.max = 1048576 (custom)
2023-04-22 02:18:16,193 [pool-123-thread-1] INFO  server.RaftServerConfigKeys (ConfUtils.java:logGet(46)) - raft.server.log.preallocated.size = 16384 (custom)
2023-04-22 02:18:16,193 [pool-123-thread-1] INFO  server.RaftServerConfigKeys (ConfUtils.java:logGet(46)) - raft.server.log.force.sync.num = 128 (default)
2023-04-22 02:18:16,193 [pool-123-thread-1] INFO  server.RaftServerConfigKeys (ConfUtils.java:logGet(46)) - raft.server.log.statemachine.data.sync = true (default)
2023-04-22 02:18:16,193 [pool-123-thread-1] INFO  server.RaftServerConfigKeys (ConfUtils.java:logGet(46)) - raft.server.log.statemachine.data.sync.timeout = 10s (default)
2023-04-22 02:18:16,193 [pool-123-thread-1] INFO  server.RaftServerConfigKeys (ConfUtils.java:logGet(46)) - raft.server.log.statemachine.data.sync.timeout.retry = -1 (default)
2023-04-22 02:18:16,193 [EventQueue-OpenPipelineForHealthyPipelineSafeModeRule] INFO  safemode.SCMSafeModeManager (HealthyPipelineSafeModeRule.java:process(137)) - SCM in safe mode. Healthy pipelines reported count is 0, required healthy pipeline reported count is 1
2023-04-22 02:18:16,194 [pool-123-thread-1] INFO  server.RaftServerConfigKeys (ConfUtils.java:logGet(46)) - raft.server.log.write.buffer.size = 1048576 (custom)
2023-04-22 02:18:16,195 [pool-123-thread-1] INFO  server.RaftServerConfigKeys (ConfUtils.java:logGet(46)) - raft.server.log.appender.buffer.byte-limit = 33554432 (custom)
2023-04-22 02:18:16,201 [pool-123-thread-1] INFO  server.RaftServerConfigKeys (ConfUtils.java:logGet(46)) - raft.server.log.unsafe-flush.enabled = false (default)
2023-04-22 02:18:16,201 [pool-123-thread-1] INFO  server.RaftServerConfigKeys (ConfUtils.java:logGet(46)) - raft.server.log.async-flush.enabled = false (default)
2023-04-22 02:18:16,201 [pool-123-thread-1] INFO  server.RaftServerConfigKeys (ConfUtils.java:logGet(46)) - raft.server.log.statemachine.data.caching.enabled = true (custom)
2023-04-22 02:18:16,201 [pool-123-thread-1] INFO  segmented.SegmentedRaftLogWorker (SegmentedRaftLogWorker.java:lambda$new$0(135)) - 6aaf5ca8-0737-4296-ba95-7f0e9402c55b@group-81457971618B-SegmentedRaftLogWorker: flushIndex: setUnconditionally 0 -> -1
2023-04-22 02:18:16,201 [pool-123-thread-1] INFO  segmented.SegmentedRaftLogWorker (SegmentedRaftLogWorker.java:lambda$new$0(135)) - 6aaf5ca8-0737-4296-ba95-7f0e9402c55b@group-81457971618B-SegmentedRaftLogWorker: safeCacheEvictIndex: setUnconditionally 0 -> -1
2023-04-22 02:18:16,203 [pool-123-thread-1] INFO  server.RaftServer$Division (RaftServerImpl.java:start(334)) - 6aaf5ca8-0737-4296-ba95-7f0e9402c55b@group-81457971618B: start as a follower, conf=-1: peers:[6aaf5ca8-0737-4296-ba95-7f0e9402c55b|rpc:10.1.0.20:37225|dataStream:10.1.0.20:33711|priority:1|startupRole:FOLLOWER]|listeners:[], old=null
2023-04-22 02:18:16,203 [pool-123-thread-1] INFO  server.RaftServer$Division (RaftServerImpl.java:setRole(321)) - 6aaf5ca8-0737-4296-ba95-7f0e9402c55b@group-81457971618B: changes role from      null to FOLLOWER at term 0 for startAsFollower
2023-04-22 02:18:16,203 [pool-123-thread-1] INFO  impl.RoleInfo (RoleInfo.java:updateAndGet(139)) - 6aaf5ca8-0737-4296-ba95-7f0e9402c55b: start 6aaf5ca8-0737-4296-ba95-7f0e9402c55b@group-81457971618B-FollowerState
2023-04-22 02:18:16,204 [pool-123-thread-1] INFO  util.JmxRegister (JmxRegister.java:tryRegister(44)) - Successfully registered JMX Bean with object name Ratis:service=RaftServer,group=group-81457971618B,id=6aaf5ca8-0737-4296-ba95-7f0e9402c55b
2023-04-22 02:18:16,204 [pool-123-thread-1] INFO  server.RaftServerConfigKeys (ConfUtils.java:logGet(46)) - raft.server.snapshot.auto.trigger.enabled = true (custom)
2023-04-22 02:18:16,204 [pool-123-thread-1] INFO  server.RaftServerConfigKeys (ConfUtils.java:logGet(46)) - raft.server.snapshot.auto.trigger.threshold = 1 (custom)
2023-04-22 02:18:16,204 [pool-123-thread-1] INFO  server.RaftServerConfigKeys (ConfUtils.java:logGet(46)) - raft.server.snapshot.retention.file.num = 5 (custom)
2023-04-22 02:18:16,204 [pool-123-thread-1] INFO  server.RaftServerConfigKeys (ConfUtils.java:logGet(46)) - raft.server.log.purge.upto.snapshot.index = false (default)
2023-04-22 02:18:16,205 [6aaf5ca8-0737-4296-ba95-7f0e9402c55b@group-81457971618B-FollowerState] INFO  server.RaftServerConfigKeys (ConfUtils.java:logFallback(53)) - raft.server.rpc.first-election.timeout.min = 5s (fallback to raft.server.rpc.timeout.min)
2023-04-22 02:18:16,206 [6aaf5ca8-0737-4296-ba95-7f0e9402c55b@group-81457971618B-FollowerState] INFO  server.RaftServerConfigKeys (ConfUtils.java:logFallback(53)) - raft.server.rpc.first-election.timeout.max = 5200ms (fallback to raft.server.rpc.timeout.max)
2023-04-22 02:18:16,209 [Command processor thread] INFO  ratis.XceiverServerRatis (XceiverServerRatis.java:addGroup(806)) - Created group PipelineID=96b44e4f-ee2f-4278-825b-81457971618b
2023-04-22 02:18:16,209 [Command processor thread] INFO  commandhandler.CreatePipelineCommandHandler (CreatePipelineCommandHandler.java:handle(113)) - Created Pipeline RATIS ONE PipelineID=96b44e4f-ee2f-4278-825b-81457971618b.
2023-04-22 02:18:16,256 [EventQueue-OpenPipelineForHealthyPipelineSafeModeRule] INFO  safemode.SCMSafeModeManager (HealthyPipelineSafeModeRule.java:process(137)) - SCM in safe mode. Healthy pipelines reported count is 0, required healthy pipeline reported count is 1
2023-04-22 02:18:16,411 [EventQueue-OpenPipelineForHealthyPipelineSafeModeRule] INFO  safemode.SCMSafeModeManager (HealthyPipelineSafeModeRule.java:process(137)) - SCM in safe mode. Healthy pipelines reported count is 0, required healthy pipeline reported count is 1
2023-04-22 02:18:16,544 [Command processor thread] INFO  server.RaftServer (RaftServerProxy.java:addNew(96)) - 1fa0605c-c70f-40a8-a13c-0f797dcff94f: addNew group-B7F574D72D8F:[1fa0605c-c70f-40a8-a13c-0f797dcff94f|rpc:10.1.0.20:37453|dataStream:10.1.0.20:37951|priority:1|startupRole:FOLLOWER] returns group-B7F574D72D8F:java.util.concurrent.CompletableFuture@293bbb4b[Not completed]
2023-04-22 02:18:16,546 [pool-145-thread-1] INFO  server.RaftServer$Division (RaftServerImpl.java:<init>(195)) - 1fa0605c-c70f-40a8-a13c-0f797dcff94f: new RaftServerImpl for group-B7F574D72D8F:[1fa0605c-c70f-40a8-a13c-0f797dcff94f|rpc:10.1.0.20:37453|dataStream:10.1.0.20:37951|priority:1|startupRole:FOLLOWER] with ContainerStateMachine:uninitialized
2023-04-22 02:18:16,546 [pool-145-thread-1] INFO  server.RaftServerConfigKeys (ConfUtils.java:logGet(46)) - raft.server.rpc.timeout.min = 5s (custom)
2023-04-22 02:18:16,546 [pool-145-thread-1] INFO  server.RaftServerConfigKeys (ConfUtils.java:logGet(46)) - raft.server.rpc.timeout.max = 5200ms (custom)
2023-04-22 02:18:16,546 [pool-145-thread-1] INFO  server.RaftServerConfigKeys (ConfUtils.java:logGet(46)) - raft.server.rpc.sleep.time = 25ms (default)
2023-04-22 02:18:16,546 [pool-145-thread-1] INFO  server.RaftServerConfigKeys (ConfUtils.java:logGet(46)) - raft.server.rpc.slowness.timeout = 300000ms (custom)
2023-04-22 02:18:16,546 [pool-145-thread-1] INFO  server.RaftServerConfigKeys (ConfUtils.java:logGet(46)) - raft.server.leaderelection.leader.step-down.wait-time = 10s (default)
2023-04-22 02:18:16,547 [pool-145-thread-1] INFO  server.RaftServerConfigKeys (ConfUtils.java:logGet(46)) - raft.server.sleep.deviation.threshold = 300ms (default)
2023-04-22 02:18:16,547 [pool-145-thread-1] INFO  server.RaftServer$Division (ServerState.java:<init>(118)) - 1fa0605c-c70f-40a8-a13c-0f797dcff94f@group-B7F574D72D8F: ConfigurationManager, init=-1: peers:[1fa0605c-c70f-40a8-a13c-0f797dcff94f|rpc:10.1.0.20:37453|dataStream:10.1.0.20:37951|priority:1|startupRole:FOLLOWER]|listeners:[], old=null, confs=<EMPTY_MAP>
2023-04-22 02:18:16,547 [pool-145-thread-1] INFO  server.RaftServerConfigKeys (ConfUtils.java:logGet(46)) - raft.server.storage.dir = [/home/runner/work/ozone/ozone/hadoop-ozone/integration-test/target/test-dir/MiniOzoneClusterImpl-b640deff-6994-498f-92ea-4ac5c972f0d8/datanode-3/data/ratis] (custom)
2023-04-22 02:18:16,547 [pool-145-thread-1] INFO  server.RaftServerConfigKeys (ConfUtils.java:logGet(46)) - raft.server.log.corruption.policy = EXCEPTION (default)
2023-04-22 02:18:16,547 [pool-145-thread-1] INFO  server.RaftServerConfigKeys (ConfUtils.java:logGet(46)) - raft.server.storage.free-space.min = 0MB (=0) (default)
2023-04-22 02:18:16,547 [pool-145-thread-1] INFO  server.RaftServerConfigKeys (ConfUtils.java:logGet(46)) - raft.server.notification.no-leader.timeout = 300000ms (custom)
2023-04-22 02:18:16,547 [pool-145-thread-1] INFO  server.RaftServerConfigKeys (ConfUtils.java:logGet(46)) - raft.server.retrycache.expirytime = 600000ms (custom)
2023-04-22 02:18:16,547 [pool-145-thread-1] INFO  server.RaftServerConfigKeys (ConfUtils.java:logGet(46)) - raft.server.retrycache.statistics.expirytime = 100μs (default)
2023-04-22 02:18:16,550 [pool-145-thread-1] INFO  server.RaftServerConfigKeys (ConfUtils.java:logGet(46)) - raft.server.log.appender.install.snapshot.enabled = false (custom)
2023-04-22 02:18:16,550 [pool-145-thread-1] INFO  server.RaftServerConfigKeys (ConfUtils.java:logGet(46)) - raft.server.threadpool.server.cached = true (default)
2023-04-22 02:18:16,550 [pool-145-thread-1] INFO  server.RaftServerConfigKeys (ConfUtils.java:logGet(46)) - raft.server.threadpool.server.size = 0 (default)
2023-04-22 02:18:16,550 [pool-145-thread-1] INFO  server.RaftServerConfigKeys (ConfUtils.java:logGet(46)) - raft.server.threadpool.client.cached = true (default)
2023-04-22 02:18:16,550 [pool-145-thread-1] INFO  server.RaftServerConfigKeys (ConfUtils.java:logGet(46)) - raft.server.threadpool.client.size = 0 (default)
2023-04-22 02:18:16,550 [pool-145-thread-1] INFO  storage.RaftStorageDirectory (RaftStorageDirectoryImpl.java:analyzeStorage(137)) - The storage directory /home/runner/work/ozone/ozone/hadoop-ozone/integration-test/target/test-dir/MiniOzoneClusterImpl-b640deff-6994-498f-92ea-4ac5c972f0d8/datanode-3/data/ratis/d12363c7-b3ec-4ef1-baed-b7f574d72d8f does not exist. Creating ...
2023-04-22 02:18:16,551 [pool-145-thread-1] INFO  storage.RaftStorageDirectory (RaftStorageDirectoryImpl.java:tryLock(231)) - Lock on /home/runner/work/ozone/ozone/hadoop-ozone/integration-test/target/test-dir/MiniOzoneClusterImpl-b640deff-6994-498f-92ea-4ac5c972f0d8/datanode-3/data/ratis/d12363c7-b3ec-4ef1-baed-b7f574d72d8f/in_use.lock acquired by nodename 58540@fv-az443-428
2023-04-22 02:18:16,552 [pool-145-thread-1] INFO  storage.RaftStorage (RaftStorageImpl.java:format(96)) - Storage directory /home/runner/work/ozone/ozone/hadoop-ozone/integration-test/target/test-dir/MiniOzoneClusterImpl-b640deff-6994-498f-92ea-4ac5c972f0d8/datanode-3/data/ratis/d12363c7-b3ec-4ef1-baed-b7f574d72d8f has been successfully formatted.
2023-04-22 02:18:16,552 [pool-145-thread-1] INFO  ratis.ContainerStateMachine (ContainerStateMachine.java:loadSnapshot(262)) - group-B7F574D72D8F: The snapshot info is null. Setting the last applied indexto:(t:0, i:~)
2023-04-22 02:18:16,552 [pool-145-thread-1] INFO  server.RaftServerConfigKeys (ConfUtils.java:logGet(46)) - raft.server.log.use.memory = false (default)
2023-04-22 02:18:16,553 [pool-145-thread-1] INFO  server.RaftServerConfigKeys (ConfUtils.java:logGet(46)) - raft.server.log.purge.gap = 1000000 (custom)
2023-04-22 02:18:16,553 [pool-145-thread-1] INFO  server.RaftServerConfigKeys (ConfUtils.java:logGet(46)) - raft.server.log.appender.buffer.byte-limit = 33554432 (custom)
2023-04-22 02:18:16,553 [pool-145-thread-1] INFO  server.RaftServerConfigKeys (ConfUtils.java:logGet(46)) - raft.server.log.statemachine.data.read.timeout = 1000ms (default)
2023-04-22 02:18:16,553 [pool-145-thread-1] INFO  server.RaftServerConfigKeys (ConfUtils.java:logGet(46)) - raft.server.log.purge.preservation.log.num = 0 (default)
2023-04-22 02:18:16,553 [pool-145-thread-1] INFO  server.RaftServerConfigKeys (ConfUtils.java:logGet(46)) - raft.server.log.segment.size.max = 1048576 (custom)
2023-04-22 02:18:16,553 [pool-145-thread-1] INFO  server.RaftServerConfigKeys (ConfUtils.java:logGet(46)) - raft.server.log.segment.cache.num.max = 2 (custom)
2023-04-22 02:18:16,553 [pool-145-thread-1] INFO  server.RaftServerConfigKeys (ConfUtils.java:logGet(46)) - raft.server.log.segment.cache.size.max = 200MB (=209715200) (default)
2023-04-22 02:18:16,554 [pool-145-thread-1] INFO  segmented.SegmentedRaftLogWorker (SegmentedRaftLogWorker.java:<init>(189)) - new 1fa0605c-c70f-40a8-a13c-0f797dcff94f@group-B7F574D72D8F-SegmentedRaftLogWorker for RaftStorageImpl:Storage Directory /home/runner/work/ozone/ozone/hadoop-ozone/integration-test/target/test-dir/MiniOzoneClusterImpl-b640deff-6994-498f-92ea-4ac5c972f0d8/datanode-3/data/ratis/d12363c7-b3ec-4ef1-baed-b7f574d72d8f
2023-04-22 02:18:16,554 [EventQueue-PipelineReportForPipelineReportHandler] INFO  pipeline.PipelineManagerImpl (PipelineManagerImpl.java:openPipeline(367)) - Pipeline Pipeline[ Id: d12363c7-b3ec-4ef1-baed-b7f574d72d8f, Nodes: 1fa0605c-c70f-40a8-a13c-0f797dcff94f(fv-az443-428.ap2fcshprsnunfx25e1aelzb4b.cx.internal.cloudapp.net/10.1.0.20), ReplicationConfig: RATIS/ONE, State:ALLOCATED, leaderId:1fa0605c-c70f-40a8-a13c-0f797dcff94f, CreationTimestamp2023-04-22T02:18:13.549Z[Etc/UTC]] moved to OPEN state
2023-04-22 02:18:16,554 [pool-145-thread-1] INFO  server.RaftServerConfigKeys (ConfUtils.java:logGet(46)) - raft.server.log.queue.byte-limit = 4294967296 (custom)
2023-04-22 02:18:16,554 [pool-145-thread-1] INFO  server.RaftServerConfigKeys (ConfUtils.java:logGet(46)) - raft.server.log.queue.element-limit = 1024 (custom)
2023-04-22 02:18:16,554 [pool-145-thread-1] INFO  server.RaftServerConfigKeys (ConfUtils.java:logGet(46)) - raft.server.log.segment.size.max = 1048576 (custom)
2023-04-22 02:18:16,554 [pool-145-thread-1] INFO  server.RaftServerConfigKeys (ConfUtils.java:logGet(46)) - raft.server.log.preallocated.size = 16384 (custom)
2023-04-22 02:18:16,554 [pool-145-thread-1] INFO  server.RaftServerConfigKeys (ConfUtils.java:logGet(46)) - raft.server.log.force.sync.num = 128 (default)
2023-04-22 02:18:16,554 [pool-145-thread-1] INFO  server.RaftServerConfigKeys (ConfUtils.java:logGet(46)) - raft.server.log.statemachine.data.sync = true (default)
2023-04-22 02:18:16,554 [pool-145-thread-1] INFO  server.RaftServerConfigKeys (ConfUtils.java:logGet(46)) - raft.server.log.statemachine.data.sync.timeout = 10s (default)
2023-04-22 02:18:16,554 [pool-145-thread-1] INFO  server.RaftServerConfigKeys (ConfUtils.java:logGet(46)) - raft.server.log.statemachine.data.sync.timeout.retry = -1 (default)
2023-04-22 02:18:16,555 [pool-145-thread-1] INFO  server.RaftServerConfigKeys (ConfUtils.java:logGet(46)) - raft.server.log.write.buffer.size = 1048576 (custom)
2023-04-22 02:18:16,555 [EventQueue-OpenPipelineForHealthyPipelineSafeModeRule] INFO  safemode.SCMSafeModeManager (HealthyPipelineSafeModeRule.java:process(137)) - SCM in safe mode. Healthy pipelines reported count is 0, required healthy pipeline reported count is 1
2023-04-22 02:18:16,556 [pool-145-thread-1] INFO  server.RaftServerConfigKeys (ConfUtils.java:logGet(46)) - raft.server.log.appender.buffer.byte-limit = 33554432 (custom)
2023-04-22 02:18:16,559 [pool-145-thread-1] INFO  server.RaftServerConfigKeys (ConfUtils.java:logGet(46)) - raft.server.log.unsafe-flush.enabled = false (default)
2023-04-22 02:18:16,559 [pool-145-thread-1] INFO  server.RaftServerConfigKeys (ConfUtils.java:logGet(46)) - raft.server.log.async-flush.enabled = false (default)
2023-04-22 02:18:16,559 [pool-145-thread-1] INFO  server.RaftServerConfigKeys (ConfUtils.java:logGet(46)) - raft.server.log.statemachine.data.caching.enabled = true (custom)
2023-04-22 02:18:16,559 [pool-145-thread-1] INFO  segmented.SegmentedRaftLogWorker (SegmentedRaftLogWorker.java:lambda$new$0(135)) - 1fa0605c-c70f-40a8-a13c-0f797dcff94f@group-B7F574D72D8F-SegmentedRaftLogWorker: flushIndex: setUnconditionally 0 -> -1
2023-04-22 02:18:16,559 [pool-145-thread-1] INFO  segmented.SegmentedRaftLogWorker (SegmentedRaftLogWorker.java:lambda$new$0(135)) - 1fa0605c-c70f-40a8-a13c-0f797dcff94f@group-B7F574D72D8F-SegmentedRaftLogWorker: safeCacheEvictIndex: setUnconditionally 0 -> -1
2023-04-22 02:18:16,559 [pool-145-thread-1] INFO  server.RaftServer$Division (RaftServerImpl.java:start(334)) - 1fa0605c-c70f-40a8-a13c-0f797dcff94f@group-B7F574D72D8F: start as a follower, conf=-1: peers:[1fa0605c-c70f-40a8-a13c-0f797dcff94f|rpc:10.1.0.20:37453|dataStream:10.1.0.20:37951|priority:1|startupRole:FOLLOWER]|listeners:[], old=null
2023-04-22 02:18:16,559 [pool-145-thread-1] INFO  server.RaftServer$Division (RaftServerImpl.java:setRole(321)) - 1fa0605c-c70f-40a8-a13c-0f797dcff94f@group-B7F574D72D8F: changes role from      null to FOLLOWER at term 0 for startAsFollower
2023-04-22 02:18:16,559 [pool-145-thread-1] INFO  impl.RoleInfo (RoleInfo.java:updateAndGet(139)) - 1fa0605c-c70f-40a8-a13c-0f797dcff94f: start 1fa0605c-c70f-40a8-a13c-0f797dcff94f@group-B7F574D72D8F-FollowerState
2023-04-22 02:18:16,559 [pool-145-thread-1] INFO  util.JmxRegister (JmxRegister.java:tryRegister(44)) - Successfully registered JMX Bean with object name Ratis:service=RaftServer,group=group-B7F574D72D8F,id=1fa0605c-c70f-40a8-a13c-0f797dcff94f
2023-04-22 02:18:16,560 [pool-145-thread-1] INFO  server.RaftServerConfigKeys (ConfUtils.java:logGet(46)) - raft.server.snapshot.auto.trigger.enabled = true (custom)
2023-04-22 02:18:16,560 [pool-145-thread-1] INFO  server.RaftServerConfigKeys (ConfUtils.java:logGet(46)) - raft.server.snapshot.auto.trigger.threshold = 1 (custom)
2023-04-22 02:18:16,560 [pool-145-thread-1] INFO  server.RaftServerConfigKeys (ConfUtils.java:logGet(46)) - raft.server.snapshot.retention.file.num = 5 (custom)
2023-04-22 02:18:16,560 [pool-145-thread-1] INFO  server.RaftServerConfigKeys (ConfUtils.java:logGet(46)) - raft.server.log.purge.upto.snapshot.index = false (default)
2023-04-22 02:18:16,560 [1fa0605c-c70f-40a8-a13c-0f797dcff94f@group-B7F574D72D8F-FollowerState] INFO  server.RaftServerConfigKeys (ConfUtils.java:logFallback(53)) - raft.server.rpc.first-election.timeout.min = 5s (fallback to raft.server.rpc.timeout.min)
2023-04-22 02:18:16,560 [1fa0605c-c70f-40a8-a13c-0f797dcff94f@group-B7F574D72D8F-FollowerState] INFO  server.RaftServerConfigKeys (ConfUtils.java:logFallback(53)) - raft.server.rpc.first-election.timeout.max = 5200ms (fallback to raft.server.rpc.timeout.max)
2023-04-22 02:18:16,563 [Command processor thread] INFO  ratis.XceiverServerRatis (XceiverServerRatis.java:addGroup(806)) - Created group PipelineID=d12363c7-b3ec-4ef1-baed-b7f574d72d8f
2023-04-22 02:18:16,563 [Command processor thread] INFO  commandhandler.CreatePipelineCommandHandler (CreatePipelineCommandHandler.java:handle(113)) - Created Pipeline RATIS ONE PipelineID=d12363c7-b3ec-4ef1-baed-b7f574d72d8f.
2023-04-22 02:18:16,563 [Command processor thread] INFO  server.RaftServer (RaftServerProxy.java:addNew(96)) - 1fa0605c-c70f-40a8-a13c-0f797dcff94f: addNew group-E7D3625E2A84:[1d143142-2b08-4d43-93ad-ad0adf4c04aa|rpc:10.1.0.20:35317|dataStream:10.1.0.20:37137|priority:0|startupRole:FOLLOWER, 1fa0605c-c70f-40a8-a13c-0f797dcff94f|rpc:10.1.0.20:37453|dataStream:10.1.0.20:37951|priority:0|startupRole:FOLLOWER, b7c32ab9-1d10-40a2-8298-2f54da75b521|rpc:10.1.0.20:39931|dataStream:10.1.0.20:33643|priority:1|startupRole:FOLLOWER] returns group-E7D3625E2A84:java.util.concurrent.CompletableFuture@2d043ab4[Not completed]
2023-04-22 02:18:16,564 [pool-145-thread-1] INFO  server.RaftServer$Division (RaftServerImpl.java:<init>(195)) - 1fa0605c-c70f-40a8-a13c-0f797dcff94f: new RaftServerImpl for group-E7D3625E2A84:[1d143142-2b08-4d43-93ad-ad0adf4c04aa|rpc:10.1.0.20:35317|dataStream:10.1.0.20:37137|priority:0|startupRole:FOLLOWER, 1fa0605c-c70f-40a8-a13c-0f797dcff94f|rpc:10.1.0.20:37453|dataStream:10.1.0.20:37951|priority:0|startupRole:FOLLOWER, b7c32ab9-1d10-40a2-8298-2f54da75b521|rpc:10.1.0.20:39931|dataStream:10.1.0.20:33643|priority:1|startupRole:FOLLOWER] with ContainerStateMachine:uninitialized
2023-04-22 02:18:16,564 [pool-145-thread-1] INFO  server.RaftServerConfigKeys (ConfUtils.java:logGet(46)) - raft.server.rpc.timeout.min = 5s (custom)
2023-04-22 02:18:16,564 [pool-145-thread-1] INFO  server.RaftServerConfigKeys (ConfUtils.java:logGet(46)) - raft.server.rpc.timeout.max = 5200ms (custom)
2023-04-22 02:18:16,564 [pool-145-thread-1] INFO  server.RaftServerConfigKeys (ConfUtils.java:logGet(46)) - raft.server.rpc.sleep.time = 25ms (default)
2023-04-22 02:18:16,564 [pool-145-thread-1] INFO  server.RaftServerConfigKeys (ConfUtils.java:logGet(46)) - raft.server.rpc.slowness.timeout = 300000ms (custom)
2023-04-22 02:18:16,564 [pool-145-thread-1] INFO  server.RaftServerConfigKeys (ConfUtils.java:logGet(46)) - raft.server.leaderelection.leader.step-down.wait-time = 10s (default)
2023-04-22 02:18:16,564 [pool-145-thread-1] INFO  server.RaftServerConfigKeys (ConfUtils.java:logGet(46)) - raft.server.sleep.deviation.threshold = 300ms (default)
2023-04-22 02:18:16,564 [pool-145-thread-1] INFO  server.RaftServer$Division (ServerState.java:<init>(118)) - 1fa0605c-c70f-40a8-a13c-0f797dcff94f@group-E7D3625E2A84: ConfigurationManager, init=-1: peers:[1d143142-2b08-4d43-93ad-ad0adf4c04aa|rpc:10.1.0.20:35317|dataStream:10.1.0.20:37137|priority:0|startupRole:FOLLOWER, 1fa0605c-c70f-40a8-a13c-0f797dcff94f|rpc:10.1.0.20:37453|dataStream:10.1.0.20:37951|priority:0|startupRole:FOLLOWER, b7c32ab9-1d10-40a2-8298-2f54da75b521|rpc:10.1.0.20:39931|dataStream:10.1.0.20:33643|priority:1|startupRole:FOLLOWER]|listeners:[], old=null, confs=<EMPTY_MAP>
2023-04-22 02:18:16,564 [pool-145-thread-1] INFO  server.RaftServerConfigKeys (ConfUtils.java:logGet(46)) - raft.server.storage.dir = [/home/runner/work/ozone/ozone/hadoop-ozone/integration-test/target/test-dir/MiniOzoneClusterImpl-b640deff-6994-498f-92ea-4ac5c972f0d8/datanode-3/data/ratis] (custom)
2023-04-22 02:18:16,564 [pool-145-thread-1] INFO  server.RaftServerConfigKeys (ConfUtils.java:logGet(46)) - raft.server.log.corruption.policy = EXCEPTION (default)
2023-04-22 02:18:16,564 [pool-145-thread-1] INFO  server.RaftServerConfigKeys (ConfUtils.java:logGet(46)) - raft.server.storage.free-space.min = 0MB (=0) (default)
2023-04-22 02:18:16,564 [pool-145-thread-1] INFO  server.RaftServerConfigKeys (ConfUtils.java:logGet(46)) - raft.server.notification.no-leader.timeout = 300000ms (custom)
2023-04-22 02:18:16,565 [pool-145-thread-1] INFO  server.RaftServerConfigKeys (ConfUtils.java:logGet(46)) - raft.server.retrycache.expirytime = 600000ms (custom)
2023-04-22 02:18:16,565 [pool-145-thread-1] INFO  server.RaftServerConfigKeys (ConfUtils.java:logGet(46)) - raft.server.retrycache.statistics.expirytime = 100μs (default)
2023-04-22 02:18:16,566 [pool-145-thread-1] INFO  server.RaftServerConfigKeys (ConfUtils.java:logGet(46)) - raft.server.log.appender.install.snapshot.enabled = false (custom)
2023-04-22 02:18:16,566 [pool-145-thread-1] INFO  server.RaftServerConfigKeys (ConfUtils.java:logGet(46)) - raft.server.threadpool.server.cached = true (default)
2023-04-22 02:18:16,566 [pool-145-thread-1] INFO  server.RaftServerConfigKeys (ConfUtils.java:logGet(46)) - raft.server.threadpool.server.size = 0 (default)
2023-04-22 02:18:16,566 [pool-145-thread-1] INFO  server.RaftServerConfigKeys (ConfUtils.java:logGet(46)) - raft.server.threadpool.client.cached = true (default)
2023-04-22 02:18:16,566 [pool-145-thread-1] INFO  server.RaftServerConfigKeys (ConfUtils.java:logGet(46)) - raft.server.threadpool.client.size = 0 (default)
2023-04-22 02:18:16,566 [pool-145-thread-1] INFO  storage.RaftStorageDirectory (RaftStorageDirectoryImpl.java:analyzeStorage(137)) - The storage directory /home/runner/work/ozone/ozone/hadoop-ozone/integration-test/target/test-dir/MiniOzoneClusterImpl-b640deff-6994-498f-92ea-4ac5c972f0d8/datanode-3/data/ratis/f9d11862-5bf9-4d37-b07d-e7d3625e2a84 does not exist. Creating ...
2023-04-22 02:18:16,567 [pool-145-thread-1] INFO  storage.RaftStorageDirectory (RaftStorageDirectoryImpl.java:tryLock(231)) - Lock on /home/runner/work/ozone/ozone/hadoop-ozone/integration-test/target/test-dir/MiniOzoneClusterImpl-b640deff-6994-498f-92ea-4ac5c972f0d8/datanode-3/data/ratis/f9d11862-5bf9-4d37-b07d-e7d3625e2a84/in_use.lock acquired by nodename 58540@fv-az443-428
2023-04-22 02:18:16,568 [pool-145-thread-1] INFO  storage.RaftStorage (RaftStorageImpl.java:format(96)) - Storage directory /home/runner/work/ozone/ozone/hadoop-ozone/integration-test/target/test-dir/MiniOzoneClusterImpl-b640deff-6994-498f-92ea-4ac5c972f0d8/datanode-3/data/ratis/f9d11862-5bf9-4d37-b07d-e7d3625e2a84 has been successfully formatted.
2023-04-22 02:18:16,568 [pool-145-thread-1] INFO  ratis.ContainerStateMachine (ContainerStateMachine.java:loadSnapshot(262)) - group-E7D3625E2A84: The snapshot info is null. Setting the last applied indexto:(t:0, i:~)
2023-04-22 02:18:16,568 [pool-145-thread-1] INFO  server.RaftServerConfigKeys (ConfUtils.java:logGet(46)) - raft.server.log.use.memory = false (default)
2023-04-22 02:18:16,568 [pool-145-thread-1] INFO  server.RaftServerConfigKeys (ConfUtils.java:logGet(46)) - raft.server.log.purge.gap = 1000000 (custom)
2023-04-22 02:18:16,568 [pool-145-thread-1] INFO  server.RaftServerConfigKeys (ConfUtils.java:logGet(46)) - raft.server.log.appender.buffer.byte-limit = 33554432 (custom)
2023-04-22 02:18:16,568 [pool-145-thread-1] INFO  server.RaftServerConfigKeys (ConfUtils.java:logGet(46)) - raft.server.log.statemachine.data.read.timeout = 1000ms (default)
2023-04-22 02:18:16,568 [pool-145-thread-1] INFO  server.RaftServerConfigKeys (ConfUtils.java:logGet(46)) - raft.server.log.purge.preservation.log.num = 0 (default)
2023-04-22 02:18:16,568 [pool-145-thread-1] INFO  server.RaftServerConfigKeys (ConfUtils.java:logGet(46)) - raft.server.log.segment.size.max = 1048576 (custom)
2023-04-22 02:18:16,569 [EventQueue-OpenPipelineForHealthyPipelineSafeModeRule] INFO  safemode.SCMSafeModeManager (HealthyPipelineSafeModeRule.java:process(137)) - SCM in safe mode. Healthy pipelines reported count is 0, required healthy pipeline reported count is 1
2023-04-22 02:18:16,570 [pool-145-thread-1] INFO  server.RaftServerConfigKeys (ConfUtils.java:logGet(46)) - raft.server.log.segment.cache.num.max = 2 (custom)
2023-04-22 02:18:16,570 [pool-145-thread-1] INFO  server.RaftServerConfigKeys (ConfUtils.java:logGet(46)) - raft.server.log.segment.cache.size.max = 200MB (=209715200) (default)
2023-04-22 02:18:16,570 [pool-145-thread-1] INFO  segmented.SegmentedRaftLogWorker (SegmentedRaftLogWorker.java:<init>(189)) - new 1fa0605c-c70f-40a8-a13c-0f797dcff94f@group-E7D3625E2A84-SegmentedRaftLogWorker for RaftStorageImpl:Storage Directory /home/runner/work/ozone/ozone/hadoop-ozone/integration-test/target/test-dir/MiniOzoneClusterImpl-b640deff-6994-498f-92ea-4ac5c972f0d8/datanode-3/data/ratis/f9d11862-5bf9-4d37-b07d-e7d3625e2a84
2023-04-22 02:18:16,570 [pool-145-thread-1] INFO  server.RaftServerConfigKeys (ConfUtils.java:logGet(46)) - raft.server.log.queue.byte-limit = 4294967296 (custom)
2023-04-22 02:18:16,570 [pool-145-thread-1] INFO  server.RaftServerConfigKeys (ConfUtils.java:logGet(46)) - raft.server.log.queue.element-limit = 1024 (custom)
2023-04-22 02:18:16,571 [pool-145-thread-1] INFO  server.RaftServerConfigKeys (ConfUtils.java:logGet(46)) - raft.server.log.segment.size.max = 1048576 (custom)
2023-04-22 02:18:16,571 [pool-145-thread-1] INFO  server.RaftServerConfigKeys (ConfUtils.java:logGet(46)) - raft.server.log.preallocated.size = 16384 (custom)
2023-04-22 02:18:16,571 [pool-145-thread-1] INFO  server.RaftServerConfigKeys (ConfUtils.java:logGet(46)) - raft.server.log.force.sync.num = 128 (default)
2023-04-22 02:18:16,571 [pool-145-thread-1] INFO  server.RaftServerConfigKeys (ConfUtils.java:logGet(46)) - raft.server.log.statemachine.data.sync = true (default)
2023-04-22 02:18:16,571 [pool-145-thread-1] INFO  server.RaftServerConfigKeys (ConfUtils.java:logGet(46)) - raft.server.log.statemachine.data.sync.timeout = 10s (default)
2023-04-22 02:18:16,571 [pool-145-thread-1] INFO  server.RaftServerConfigKeys (ConfUtils.java:logGet(46)) - raft.server.log.statemachine.data.sync.timeout.retry = -1 (default)
2023-04-22 02:18:16,572 [pool-145-thread-1] INFO  server.RaftServerConfigKeys (ConfUtils.java:logGet(46)) - raft.server.log.write.buffer.size = 1048576 (custom)
2023-04-22 02:18:16,572 [pool-145-thread-1] INFO  server.RaftServerConfigKeys (ConfUtils.java:logGet(46)) - raft.server.log.appender.buffer.byte-limit = 33554432 (custom)
2023-04-22 02:18:16,575 [pool-145-thread-1] INFO  server.RaftServerConfigKeys (ConfUtils.java:logGet(46)) - raft.server.log.unsafe-flush.enabled = false (default)
2023-04-22 02:18:16,575 [pool-145-thread-1] INFO  server.RaftServerConfigKeys (ConfUtils.java:logGet(46)) - raft.server.log.async-flush.enabled = false (default)
2023-04-22 02:18:16,575 [pool-145-thread-1] INFO  server.RaftServerConfigKeys (ConfUtils.java:logGet(46)) - raft.server.log.statemachine.data.caching.enabled = true (custom)
2023-04-22 02:18:16,576 [pool-145-thread-1] INFO  segmented.SegmentedRaftLogWorker (SegmentedRaftLogWorker.java:lambda$new$0(135)) - 1fa0605c-c70f-40a8-a13c-0f797dcff94f@group-E7D3625E2A84-SegmentedRaftLogWorker: flushIndex: setUnconditionally 0 -> -1
2023-04-22 02:18:16,576 [pool-145-thread-1] INFO  segmented.SegmentedRaftLogWorker (SegmentedRaftLogWorker.java:lambda$new$0(135)) - 1fa0605c-c70f-40a8-a13c-0f797dcff94f@group-E7D3625E2A84-SegmentedRaftLogWorker: safeCacheEvictIndex: setUnconditionally 0 -> -1
2023-04-22 02:18:16,576 [pool-145-thread-1] INFO  server.RaftServer$Division (RaftServerImpl.java:start(334)) - 1fa0605c-c70f-40a8-a13c-0f797dcff94f@group-E7D3625E2A84: start as a follower, conf=-1: peers:[1d143142-2b08-4d43-93ad-ad0adf4c04aa|rpc:10.1.0.20:35317|dataStream:10.1.0.20:37137|priority:0|startupRole:FOLLOWER, 1fa0605c-c70f-40a8-a13c-0f797dcff94f|rpc:10.1.0.20:37453|dataStream:10.1.0.20:37951|priority:0|startupRole:FOLLOWER, b7c32ab9-1d10-40a2-8298-2f54da75b521|rpc:10.1.0.20:39931|dataStream:10.1.0.20:33643|priority:1|startupRole:FOLLOWER]|listeners:[], old=null
2023-04-22 02:18:16,576 [pool-145-thread-1] INFO  server.RaftServer$Division (RaftServerImpl.java:setRole(321)) - 1fa0605c-c70f-40a8-a13c-0f797dcff94f@group-E7D3625E2A84: changes role from      null to FOLLOWER at term 0 for startAsFollower
2023-04-22 02:18:16,576 [pool-145-thread-1] INFO  impl.RoleInfo (RoleInfo.java:updateAndGet(139)) - 1fa0605c-c70f-40a8-a13c-0f797dcff94f: start 1fa0605c-c70f-40a8-a13c-0f797dcff94f@group-E7D3625E2A84-FollowerState
2023-04-22 02:18:16,579 [pool-145-thread-1] INFO  util.JmxRegister (JmxRegister.java:tryRegister(44)) - Successfully registered JMX Bean with object name Ratis:service=RaftServer,group=group-E7D3625E2A84,id=1fa0605c-c70f-40a8-a13c-0f797dcff94f
2023-04-22 02:18:16,579 [pool-145-thread-1] INFO  server.RaftServerConfigKeys (ConfUtils.java:logGet(46)) - raft.server.snapshot.auto.trigger.enabled = true (custom)
2023-04-22 02:18:16,579 [pool-145-thread-1] INFO  server.RaftServerConfigKeys (ConfUtils.java:logGet(46)) - raft.server.snapshot.auto.trigger.threshold = 1 (custom)
2023-04-22 02:18:16,579 [pool-145-thread-1] INFO  server.RaftServerConfigKeys (ConfUtils.java:logGet(46)) - raft.server.snapshot.retention.file.num = 5 (custom)
2023-04-22 02:18:16,579 [pool-145-thread-1] INFO  server.RaftServerConfigKeys (ConfUtils.java:logGet(46)) - raft.server.log.purge.upto.snapshot.index = false (default)
2023-04-22 02:18:16,579 [1fa0605c-c70f-40a8-a13c-0f797dcff94f@group-E7D3625E2A84-FollowerState] INFO  server.RaftServerConfigKeys (ConfUtils.java:logFallback(53)) - raft.server.rpc.first-election.timeout.min = 5s (fallback to raft.server.rpc.timeout.min)
2023-04-22 02:18:16,584 [Command processor thread] INFO  ratis.XceiverServerRatis (XceiverServerRatis.java:addGroup(806)) - Created group PipelineID=f9d11862-5bf9-4d37-b07d-e7d3625e2a84
2023-04-22 02:18:16,588 [1fa0605c-c70f-40a8-a13c-0f797dcff94f@group-E7D3625E2A84-FollowerState] INFO  server.RaftServerConfigKeys (ConfUtils.java:logFallback(53)) - raft.server.rpc.first-election.timeout.max = 5200ms (fallback to raft.server.rpc.timeout.max)
2023-04-22 02:18:16,594 [EventQueue-OpenPipelineForHealthyPipelineSafeModeRule] INFO  safemode.SCMSafeModeManager (HealthyPipelineSafeModeRule.java:process(137)) - SCM in safe mode. Healthy pipelines reported count is 0, required healthy pipeline reported count is 1
2023-04-22 02:18:16,600 [grpc-default-executor-1] INFO  server.RaftServer (RaftServerProxy.java:addNew(96)) - 1d143142-2b08-4d43-93ad-ad0adf4c04aa: addNew group-E7D3625E2A84:[1d143142-2b08-4d43-93ad-ad0adf4c04aa|rpc:10.1.0.20:35317|dataStream:10.1.0.20:37137|priority:0|startupRole:FOLLOWER, 1fa0605c-c70f-40a8-a13c-0f797dcff94f|rpc:10.1.0.20:37453|dataStream:10.1.0.20:37951|priority:0|startupRole:FOLLOWER, b7c32ab9-1d10-40a2-8298-2f54da75b521|rpc:10.1.0.20:39931|dataStream:10.1.0.20:33643|priority:1|startupRole:FOLLOWER] returns group-E7D3625E2A84:java.util.concurrent.CompletableFuture@372388f0[Not completed]
2023-04-22 02:18:16,601 [pool-167-thread-1] INFO  server.RaftServer$Division (RaftServerImpl.java:<init>(195)) - 1d143142-2b08-4d43-93ad-ad0adf4c04aa: new RaftServerImpl for group-E7D3625E2A84:[1d143142-2b08-4d43-93ad-ad0adf4c04aa|rpc:10.1.0.20:35317|dataStream:10.1.0.20:37137|priority:0|startupRole:FOLLOWER, 1fa0605c-c70f-40a8-a13c-0f797dcff94f|rpc:10.1.0.20:37453|dataStream:10.1.0.20:37951|priority:0|startupRole:FOLLOWER, b7c32ab9-1d10-40a2-8298-2f54da75b521|rpc:10.1.0.20:39931|dataStream:10.1.0.20:33643|priority:1|startupRole:FOLLOWER] with ContainerStateMachine:uninitialized
2023-04-22 02:18:16,601 [pool-167-thread-1] INFO  server.RaftServerConfigKeys (ConfUtils.java:logGet(46)) - raft.server.rpc.timeout.min = 5s (custom)
2023-04-22 02:18:16,601 [pool-167-thread-1] INFO  server.RaftServerConfigKeys (ConfUtils.java:logGet(46)) - raft.server.rpc.timeout.max = 5200ms (custom)
2023-04-22 02:18:16,601 [pool-167-thread-1] INFO  server.RaftServerConfigKeys (ConfUtils.java:logGet(46)) - raft.server.rpc.sleep.time = 25ms (default)
2023-04-22 02:18:16,601 [pool-167-thread-1] INFO  server.RaftServerConfigKeys (ConfUtils.java:logGet(46)) - raft.server.rpc.slowness.timeout = 300000ms (custom)
2023-04-22 02:18:16,601 [pool-167-thread-1] INFO  server.RaftServerConfigKeys (ConfUtils.java:logGet(46)) - raft.server.leaderelection.leader.step-down.wait-time = 10s (default)
2023-04-22 02:18:16,601 [pool-167-thread-1] INFO  server.RaftServerConfigKeys (ConfUtils.java:logGet(46)) - raft.server.sleep.deviation.threshold = 300ms (default)
2023-04-22 02:18:16,601 [pool-167-thread-1] INFO  server.RaftServer$Division (ServerState.java:<init>(118)) - 1d143142-2b08-4d43-93ad-ad0adf4c04aa@group-E7D3625E2A84: ConfigurationManager, init=-1: peers:[1d143142-2b08-4d43-93ad-ad0adf4c04aa|rpc:10.1.0.20:35317|dataStream:10.1.0.20:37137|priority:0|startupRole:FOLLOWER, 1fa0605c-c70f-40a8-a13c-0f797dcff94f|rpc:10.1.0.20:37453|dataStream:10.1.0.20:37951|priority:0|startupRole:FOLLOWER, b7c32ab9-1d10-40a2-8298-2f54da75b521|rpc:10.1.0.20:39931|dataStream:10.1.0.20:33643|priority:1|startupRole:FOLLOWER]|listeners:[], old=null, confs=<EMPTY_MAP>
2023-04-22 02:18:16,601 [pool-167-thread-1] INFO  server.RaftServerConfigKeys (ConfUtils.java:logGet(46)) - raft.server.storage.dir = [/home/runner/work/ozone/ozone/hadoop-ozone/integration-test/target/test-dir/MiniOzoneClusterImpl-b640deff-6994-498f-92ea-4ac5c972f0d8/datanode-4/data/ratis] (custom)
2023-04-22 02:18:16,601 [pool-167-thread-1] INFO  server.RaftServerConfigKeys (ConfUtils.java:logGet(46)) - raft.server.log.corruption.policy = EXCEPTION (default)
2023-04-22 02:18:16,601 [pool-167-thread-1] INFO  server.RaftServerConfigKeys (ConfUtils.java:logGet(46)) - raft.server.storage.free-space.min = 0MB (=0) (default)
2023-04-22 02:18:16,601 [pool-167-thread-1] INFO  server.RaftServerConfigKeys (ConfUtils.java:logGet(46)) - raft.server.notification.no-leader.timeout = 300000ms (custom)
2023-04-22 02:18:16,601 [pool-167-thread-1] INFO  server.RaftServerConfigKeys (ConfUtils.java:logGet(46)) - raft.server.retrycache.expirytime = 600000ms (custom)
2023-04-22 02:18:16,602 [pool-167-thread-1] INFO  server.RaftServerConfigKeys (ConfUtils.java:logGet(46)) - raft.server.retrycache.statistics.expirytime = 100μs (default)
2023-04-22 02:18:16,605 [pool-167-thread-1] INFO  server.RaftServerConfigKeys (ConfUtils.java:logGet(46)) - raft.server.log.appender.install.snapshot.enabled = false (custom)
2023-04-22 02:18:16,605 [pool-167-thread-1] INFO  server.RaftServerConfigKeys (ConfUtils.java:logGet(46)) - raft.server.threadpool.server.cached = true (default)
2023-04-22 02:18:16,605 [pool-167-thread-1] INFO  server.RaftServerConfigKeys (ConfUtils.java:logGet(46)) - raft.server.threadpool.server.size = 0 (default)
2023-04-22 02:18:16,605 [pool-167-thread-1] INFO  server.RaftServerConfigKeys (ConfUtils.java:logGet(46)) - raft.server.threadpool.client.cached = true (default)
2023-04-22 02:18:16,605 [pool-167-thread-1] INFO  server.RaftServerConfigKeys (ConfUtils.java:logGet(46)) - raft.server.threadpool.client.size = 0 (default)
2023-04-22 02:18:16,605 [pool-167-thread-1] INFO  storage.RaftStorageDirectory (RaftStorageDirectoryImpl.java:analyzeStorage(137)) - The storage directory /home/runner/work/ozone/ozone/hadoop-ozone/integration-test/target/test-dir/MiniOzoneClusterImpl-b640deff-6994-498f-92ea-4ac5c972f0d8/datanode-4/data/ratis/f9d11862-5bf9-4d37-b07d-e7d3625e2a84 does not exist. Creating ...
2023-04-22 02:18:16,607 [pool-167-thread-1] INFO  storage.RaftStorageDirectory (RaftStorageDirectoryImpl.java:tryLock(231)) - Lock on /home/runner/work/ozone/ozone/hadoop-ozone/integration-test/target/test-dir/MiniOzoneClusterImpl-b640deff-6994-498f-92ea-4ac5c972f0d8/datanode-4/data/ratis/f9d11862-5bf9-4d37-b07d-e7d3625e2a84/in_use.lock acquired by nodename 58540@fv-az443-428
2023-04-22 02:18:16,609 [pool-167-thread-1] INFO  storage.RaftStorage (RaftStorageImpl.java:format(96)) - Storage directory /home/runner/work/ozone/ozone/hadoop-ozone/integration-test/target/test-dir/MiniOzoneClusterImpl-b640deff-6994-498f-92ea-4ac5c972f0d8/datanode-4/data/ratis/f9d11862-5bf9-4d37-b07d-e7d3625e2a84 has been successfully formatted.
2023-04-22 02:18:16,610 [pool-167-thread-1] INFO  ratis.ContainerStateMachine (ContainerStateMachine.java:loadSnapshot(262)) - group-E7D3625E2A84: The snapshot info is null. Setting the last applied indexto:(t:0, i:~)
2023-04-22 02:18:16,611 [pool-167-thread-1] INFO  server.RaftServerConfigKeys (ConfUtils.java:logGet(46)) - raft.server.log.use.memory = false (default)
2023-04-22 02:18:16,611 [pool-167-thread-1] INFO  server.RaftServerConfigKeys (ConfUtils.java:logGet(46)) - raft.server.log.purge.gap = 1000000 (custom)
2023-04-22 02:18:16,611 [pool-167-thread-1] INFO  server.RaftServerConfigKeys (ConfUtils.java:logGet(46)) - raft.server.log.appender.buffer.byte-limit = 33554432 (custom)
2023-04-22 02:18:16,611 [pool-167-thread-1] INFO  server.RaftServerConfigKeys (ConfUtils.java:logGet(46)) - raft.server.log.statemachine.data.read.timeout = 1000ms (default)
2023-04-22 02:18:16,611 [pool-167-thread-1] INFO  server.RaftServerConfigKeys (ConfUtils.java:logGet(46)) - raft.server.log.purge.preservation.log.num = 0 (default)
2023-04-22 02:18:16,612 [pool-167-thread-1] INFO  server.RaftServerConfigKeys (ConfUtils.java:logGet(46)) - raft.server.log.segment.size.max = 1048576 (custom)
2023-04-22 02:18:16,612 [pool-167-thread-1] INFO  server.RaftServerConfigKeys (ConfUtils.java:logGet(46)) - raft.server.log.segment.cache.num.max = 2 (custom)
2023-04-22 02:18:16,612 [pool-167-thread-1] INFO  server.RaftServerConfigKeys (ConfUtils.java:logGet(46)) - raft.server.log.segment.cache.size.max = 200MB (=209715200) (default)
2023-04-22 02:18:16,612 [pool-167-thread-1] INFO  segmented.SegmentedRaftLogWorker (SegmentedRaftLogWorker.java:<init>(189)) - new 1d143142-2b08-4d43-93ad-ad0adf4c04aa@group-E7D3625E2A84-SegmentedRaftLogWorker for RaftStorageImpl:Storage Directory /home/runner/work/ozone/ozone/hadoop-ozone/integration-test/target/test-dir/MiniOzoneClusterImpl-b640deff-6994-498f-92ea-4ac5c972f0d8/datanode-4/data/ratis/f9d11862-5bf9-4d37-b07d-e7d3625e2a84
2023-04-22 02:18:16,612 [pool-167-thread-1] INFO  server.RaftServerConfigKeys (ConfUtils.java:logGet(46)) - raft.server.log.queue.byte-limit = 4294967296 (custom)
2023-04-22 02:18:16,612 [pool-167-thread-1] INFO  server.RaftServerConfigKeys (ConfUtils.java:logGet(46)) - raft.server.log.queue.element-limit = 1024 (custom)
2023-04-22 02:18:16,613 [pool-167-thread-1] INFO  server.RaftServerConfigKeys (ConfUtils.java:logGet(46)) - raft.server.log.segment.size.max = 1048576 (custom)
2023-04-22 02:18:16,613 [pool-167-thread-1] INFO  server.RaftServerConfigKeys (ConfUtils.java:logGet(46)) - raft.server.log.preallocated.size = 16384 (custom)
2023-04-22 02:18:16,614 [pool-167-thread-1] INFO  server.RaftServerConfigKeys (ConfUtils.java:logGet(46)) - raft.server.log.force.sync.num = 128 (default)
2023-04-22 02:18:16,614 [pool-167-thread-1] INFO  server.RaftServerConfigKeys (ConfUtils.java:logGet(46)) - raft.server.log.statemachine.data.sync = true (default)
2023-04-22 02:18:16,614 [pool-167-thread-1] INFO  server.RaftServerConfigKeys (ConfUtils.java:logGet(46)) - raft.server.log.statemachine.data.sync.timeout = 10s (default)
2023-04-22 02:18:16,614 [pool-167-thread-1] INFO  server.RaftServerConfigKeys (ConfUtils.java:logGet(46)) - raft.server.log.statemachine.data.sync.timeout.retry = -1 (default)
2023-04-22 02:18:16,616 [pool-167-thread-1] INFO  server.RaftServerConfigKeys (ConfUtils.java:logGet(46)) - raft.server.log.write.buffer.size = 1048576 (custom)
2023-04-22 02:18:16,616 [pool-167-thread-1] INFO  server.RaftServerConfigKeys (ConfUtils.java:logGet(46)) - raft.server.log.appender.buffer.byte-limit = 33554432 (custom)
2023-04-22 02:18:16,622 [pool-167-thread-1] INFO  server.RaftServerConfigKeys (ConfUtils.java:logGet(46)) - raft.server.log.unsafe-flush.enabled = false (default)
2023-04-22 02:18:16,622 [pool-167-thread-1] INFO  server.RaftServerConfigKeys (ConfUtils.java:logGet(46)) - raft.server.log.async-flush.enabled = false (default)
2023-04-22 02:18:16,622 [pool-167-thread-1] INFO  server.RaftServerConfigKeys (ConfUtils.java:logGet(46)) - raft.server.log.statemachine.data.caching.enabled = true (custom)
2023-04-22 02:18:16,622 [pool-167-thread-1] INFO  segmented.SegmentedRaftLogWorker (SegmentedRaftLogWorker.java:lambda$new$0(135)) - 1d143142-2b08-4d43-93ad-ad0adf4c04aa@group-E7D3625E2A84-SegmentedRaftLogWorker: flushIndex: setUnconditionally 0 -> -1
2023-04-22 02:18:16,622 [pool-167-thread-1] INFO  segmented.SegmentedRaftLogWorker (SegmentedRaftLogWorker.java:lambda$new$0(135)) - 1d143142-2b08-4d43-93ad-ad0adf4c04aa@group-E7D3625E2A84-SegmentedRaftLogWorker: safeCacheEvictIndex: setUnconditionally 0 -> -1
2023-04-22 02:18:16,622 [pool-167-thread-1] INFO  server.RaftServer$Division (RaftServerImpl.java:start(334)) - 1d143142-2b08-4d43-93ad-ad0adf4c04aa@group-E7D3625E2A84: start as a follower, conf=-1: peers:[1d143142-2b08-4d43-93ad-ad0adf4c04aa|rpc:10.1.0.20:35317|dataStream:10.1.0.20:37137|priority:0|startupRole:FOLLOWER, 1fa0605c-c70f-40a8-a13c-0f797dcff94f|rpc:10.1.0.20:37453|dataStream:10.1.0.20:37951|priority:0|startupRole:FOLLOWER, b7c32ab9-1d10-40a2-8298-2f54da75b521|rpc:10.1.0.20:39931|dataStream:10.1.0.20:33643|priority:1|startupRole:FOLLOWER]|listeners:[], old=null
2023-04-22 02:18:16,622 [pool-167-thread-1] INFO  server.RaftServer$Division (RaftServerImpl.java:setRole(321)) - 1d143142-2b08-4d43-93ad-ad0adf4c04aa@group-E7D3625E2A84: changes role from      null to FOLLOWER at term 0 for startAsFollower
2023-04-22 02:18:16,622 [pool-167-thread-1] INFO  impl.RoleInfo (RoleInfo.java:updateAndGet(139)) - 1d143142-2b08-4d43-93ad-ad0adf4c04aa: start 1d143142-2b08-4d43-93ad-ad0adf4c04aa@group-E7D3625E2A84-FollowerState
2023-04-22 02:18:16,623 [1d143142-2b08-4d43-93ad-ad0adf4c04aa@group-E7D3625E2A84-FollowerState] INFO  server.RaftServerConfigKeys (ConfUtils.java:logFallback(53)) - raft.server.rpc.first-election.timeout.min = 5s (fallback to raft.server.rpc.timeout.min)
2023-04-22 02:18:16,627 [pool-167-thread-1] INFO  util.JmxRegister (JmxRegister.java:tryRegister(44)) - Successfully registered JMX Bean with object name Ratis:service=RaftServer,group=group-E7D3625E2A84,id=1d143142-2b08-4d43-93ad-ad0adf4c04aa
2023-04-22 02:18:16,627 [1d143142-2b08-4d43-93ad-ad0adf4c04aa@group-E7D3625E2A84-FollowerState] INFO  server.RaftServerConfigKeys (ConfUtils.java:logFallback(53)) - raft.server.rpc.first-election.timeout.max = 5200ms (fallback to raft.server.rpc.timeout.max)
2023-04-22 02:18:16,627 [pool-167-thread-1] INFO  server.RaftServerConfigKeys (ConfUtils.java:logGet(46)) - raft.server.snapshot.auto.trigger.enabled = true (custom)
2023-04-22 02:18:16,627 [pool-167-thread-1] INFO  server.RaftServerConfigKeys (ConfUtils.java:logGet(46)) - raft.server.snapshot.auto.trigger.threshold = 1 (custom)
2023-04-22 02:18:16,628 [pool-167-thread-1] INFO  server.RaftServerConfigKeys (ConfUtils.java:logGet(46)) - raft.server.snapshot.retention.file.num = 5 (custom)
2023-04-22 02:18:16,628 [pool-167-thread-1] INFO  server.RaftServerConfigKeys (ConfUtils.java:logGet(46)) - raft.server.log.purge.upto.snapshot.index = false (default)
2023-04-22 02:18:16,650 [grpc-default-executor-1] INFO  server.RaftServer (RaftServerProxy.java:addNew(96)) - b7c32ab9-1d10-40a2-8298-2f54da75b521: addNew group-E7D3625E2A84:[1d143142-2b08-4d43-93ad-ad0adf4c04aa|rpc:10.1.0.20:35317|dataStream:10.1.0.20:37137|priority:0|startupRole:FOLLOWER, 1fa0605c-c70f-40a8-a13c-0f797dcff94f|rpc:10.1.0.20:37453|dataStream:10.1.0.20:37951|priority:0|startupRole:FOLLOWER, b7c32ab9-1d10-40a2-8298-2f54da75b521|rpc:10.1.0.20:39931|dataStream:10.1.0.20:33643|priority:1|startupRole:FOLLOWER] returns group-E7D3625E2A84:java.util.concurrent.CompletableFuture@442f2bb4[Not completed]
2023-04-22 02:18:16,652 [pool-189-thread-1] INFO  server.RaftServer$Division (RaftServerImpl.java:<init>(195)) - b7c32ab9-1d10-40a2-8298-2f54da75b521: new RaftServerImpl for group-E7D3625E2A84:[1d143142-2b08-4d43-93ad-ad0adf4c04aa|rpc:10.1.0.20:35317|dataStream:10.1.0.20:37137|priority:0|startupRole:FOLLOWER, 1fa0605c-c70f-40a8-a13c-0f797dcff94f|rpc:10.1.0.20:37453|dataStream:10.1.0.20:37951|priority:0|startupRole:FOLLOWER, b7c32ab9-1d10-40a2-8298-2f54da75b521|rpc:10.1.0.20:39931|dataStream:10.1.0.20:33643|priority:1|startupRole:FOLLOWER] with ContainerStateMachine:uninitialized
2023-04-22 02:18:16,652 [pool-189-thread-1] INFO  server.RaftServerConfigKeys (ConfUtils.java:logGet(46)) - raft.server.rpc.timeout.min = 5s (custom)
2023-04-22 02:18:16,652 [pool-189-thread-1] INFO  server.RaftServerConfigKeys (ConfUtils.java:logGet(46)) - raft.server.rpc.timeout.max = 5200ms (custom)
2023-04-22 02:18:16,652 [pool-189-thread-1] INFO  server.RaftServerConfigKeys (ConfUtils.java:logGet(46)) - raft.server.rpc.sleep.time = 25ms (default)
2023-04-22 02:18:16,652 [pool-189-thread-1] INFO  server.RaftServerConfigKeys (ConfUtils.java:logGet(46)) - raft.server.rpc.slowness.timeout = 300000ms (custom)
2023-04-22 02:18:16,652 [pool-189-thread-1] INFO  server.RaftServerConfigKeys (ConfUtils.java:logGet(46)) - raft.server.leaderelection.leader.step-down.wait-time = 10s (default)
2023-04-22 02:18:16,652 [pool-189-thread-1] INFO  server.RaftServerConfigKeys (ConfUtils.java:logGet(46)) - raft.server.sleep.deviation.threshold = 300ms (default)
2023-04-22 02:18:16,652 [pool-189-thread-1] INFO  server.RaftServer$Division (ServerState.java:<init>(118)) - b7c32ab9-1d10-40a2-8298-2f54da75b521@group-E7D3625E2A84: ConfigurationManager, init=-1: peers:[1d143142-2b08-4d43-93ad-ad0adf4c04aa|rpc:10.1.0.20:35317|dataStream:10.1.0.20:37137|priority:0|startupRole:FOLLOWER, 1fa0605c-c70f-40a8-a13c-0f797dcff94f|rpc:10.1.0.20:37453|dataStream:10.1.0.20:37951|priority:0|startupRole:FOLLOWER, b7c32ab9-1d10-40a2-8298-2f54da75b521|rpc:10.1.0.20:39931|dataStream:10.1.0.20:33643|priority:1|startupRole:FOLLOWER]|listeners:[], old=null, confs=<EMPTY_MAP>
2023-04-22 02:18:16,652 [pool-189-thread-1] INFO  server.RaftServerConfigKeys (ConfUtils.java:logGet(46)) - raft.server.storage.dir = [/home/runner/work/ozone/ozone/hadoop-ozone/integration-test/target/test-dir/MiniOzoneClusterImpl-b640deff-6994-498f-92ea-4ac5c972f0d8/datanode-5/data/ratis] (custom)
2023-04-22 02:18:16,652 [pool-189-thread-1] INFO  server.RaftServerConfigKeys (ConfUtils.java:logGet(46)) - raft.server.log.corruption.policy = EXCEPTION (default)
2023-04-22 02:18:16,652 [pool-189-thread-1] INFO  server.RaftServerConfigKeys (ConfUtils.java:logGet(46)) - raft.server.storage.free-space.min = 0MB (=0) (default)
2023-04-22 02:18:16,652 [pool-189-thread-1] INFO  server.RaftServerConfigKeys (ConfUtils.java:logGet(46)) - raft.server.notification.no-leader.timeout = 300000ms (custom)
2023-04-22 02:18:16,653 [pool-189-thread-1] INFO  server.RaftServerConfigKeys (ConfUtils.java:logGet(46)) - raft.server.retrycache.expirytime = 600000ms (custom)
2023-04-22 02:18:16,653 [pool-189-thread-1] INFO  server.RaftServerConfigKeys (ConfUtils.java:logGet(46)) - raft.server.retrycache.statistics.expirytime = 100μs (default)
2023-04-22 02:18:16,654 [pool-189-thread-1] INFO  server.RaftServerConfigKeys (ConfUtils.java:logGet(46)) - raft.server.log.appender.install.snapshot.enabled = false (custom)
2023-04-22 02:18:16,654 [pool-189-thread-1] INFO  server.RaftServerConfigKeys (ConfUtils.java:logGet(46)) - raft.server.threadpool.server.cached = true (default)
2023-04-22 02:18:16,655 [pool-189-thread-1] INFO  server.RaftServerConfigKeys (ConfUtils.java:logGet(46)) - raft.server.threadpool.server.size = 0 (default)
2023-04-22 02:18:16,655 [pool-189-thread-1] INFO  server.RaftServerConfigKeys (ConfUtils.java:logGet(46)) - raft.server.threadpool.client.cached = true (default)
2023-04-22 02:18:16,655 [pool-189-thread-1] INFO  server.RaftServerConfigKeys (ConfUtils.java:logGet(46)) - raft.server.threadpool.client.size = 0 (default)
2023-04-22 02:18:16,655 [pool-189-thread-1] INFO  storage.RaftStorageDirectory (RaftStorageDirectoryImpl.java:analyzeStorage(137)) - The storage directory /home/runner/work/ozone/ozone/hadoop-ozone/integration-test/target/test-dir/MiniOzoneClusterImpl-b640deff-6994-498f-92ea-4ac5c972f0d8/datanode-5/data/ratis/f9d11862-5bf9-4d37-b07d-e7d3625e2a84 does not exist. Creating ...
2023-04-22 02:18:16,656 [EventQueue-OpenPipelineForHealthyPipelineSafeModeRule] INFO  safemode.SCMSafeModeManager (HealthyPipelineSafeModeRule.java:process(137)) - SCM in safe mode. Healthy pipelines reported count is 0, required healthy pipeline reported count is 1
2023-04-22 02:18:16,656 [pool-189-thread-1] INFO  storage.RaftStorageDirectory (RaftStorageDirectoryImpl.java:tryLock(231)) - Lock on /home/runner/work/ozone/ozone/hadoop-ozone/integration-test/target/test-dir/MiniOzoneClusterImpl-b640deff-6994-498f-92ea-4ac5c972f0d8/datanode-5/data/ratis/f9d11862-5bf9-4d37-b07d-e7d3625e2a84/in_use.lock acquired by nodename 58540@fv-az443-428
2023-04-22 02:18:16,659 [pool-189-thread-1] INFO  storage.RaftStorage (RaftStorageImpl.java:format(96)) - Storage directory /home/runner/work/ozone/ozone/hadoop-ozone/integration-test/target/test-dir/MiniOzoneClusterImpl-b640deff-6994-498f-92ea-4ac5c972f0d8/datanode-5/data/ratis/f9d11862-5bf9-4d37-b07d-e7d3625e2a84 has been successfully formatted.
2023-04-22 02:18:16,660 [pool-189-thread-1] INFO  ratis.ContainerStateMachine (ContainerStateMachine.java:loadSnapshot(262)) - group-E7D3625E2A84: The snapshot info is null. Setting the last applied indexto:(t:0, i:~)
2023-04-22 02:18:16,660 [pool-189-thread-1] INFO  server.RaftServerConfigKeys (ConfUtils.java:logGet(46)) - raft.server.log.use.memory = false (default)
2023-04-22 02:18:16,660 [pool-189-thread-1] INFO  server.RaftServerConfigKeys (ConfUtils.java:logGet(46)) - raft.server.log.purge.gap = 1000000 (custom)
2023-04-22 02:18:16,660 [pool-189-thread-1] INFO  server.RaftServerConfigKeys (ConfUtils.java:logGet(46)) - raft.server.log.appender.buffer.byte-limit = 33554432 (custom)
2023-04-22 02:18:16,660 [pool-189-thread-1] INFO  server.RaftServerConfigKeys (ConfUtils.java:logGet(46)) - raft.server.log.statemachine.data.read.timeout = 1000ms (default)
2023-04-22 02:18:16,660 [pool-189-thread-1] INFO  server.RaftServerConfigKeys (ConfUtils.java:logGet(46)) - raft.server.log.purge.preservation.log.num = 0 (default)
2023-04-22 02:18:16,660 [pool-189-thread-1] INFO  server.RaftServerConfigKeys (ConfUtils.java:logGet(46)) - raft.server.log.segment.size.max = 1048576 (custom)
2023-04-22 02:18:16,661 [pool-189-thread-1] INFO  server.RaftServerConfigKeys (ConfUtils.java:logGet(46)) - raft.server.log.segment.cache.num.max = 2 (custom)
2023-04-22 02:18:16,661 [pool-189-thread-1] INFO  server.RaftServerConfigKeys (ConfUtils.java:logGet(46)) - raft.server.log.segment.cache.size.max = 200MB (=209715200) (default)
2023-04-22 02:18:16,661 [pool-189-thread-1] INFO  segmented.SegmentedRaftLogWorker (SegmentedRaftLogWorker.java:<init>(189)) - new b7c32ab9-1d10-40a2-8298-2f54da75b521@group-E7D3625E2A84-SegmentedRaftLogWorker for RaftStorageImpl:Storage Directory /home/runner/work/ozone/ozone/hadoop-ozone/integration-test/target/test-dir/MiniOzoneClusterImpl-b640deff-6994-498f-92ea-4ac5c972f0d8/datanode-5/data/ratis/f9d11862-5bf9-4d37-b07d-e7d3625e2a84
2023-04-22 02:18:16,661 [pool-189-thread-1] INFO  server.RaftServerConfigKeys (ConfUtils.java:logGet(46)) - raft.server.log.queue.byte-limit = 4294967296 (custom)
2023-04-22 02:18:16,661 [pool-189-thread-1] INFO  server.RaftServerConfigKeys (ConfUtils.java:logGet(46)) - raft.server.log.queue.element-limit = 1024 (custom)
2023-04-22 02:18:16,661 [pool-189-thread-1] INFO  server.RaftServerConfigKeys (ConfUtils.java:logGet(46)) - raft.server.log.segment.size.max = 1048576 (custom)
2023-04-22 02:18:16,661 [pool-189-thread-1] INFO  server.RaftServerConfigKeys (ConfUtils.java:logGet(46)) - raft.server.log.preallocated.size = 16384 (custom)
2023-04-22 02:18:16,661 [pool-189-thread-1] INFO  server.RaftServerConfigKeys (ConfUtils.java:logGet(46)) - raft.server.log.force.sync.num = 128 (default)
2023-04-22 02:18:16,661 [pool-189-thread-1] INFO  server.RaftServerConfigKeys (ConfUtils.java:logGet(46)) - raft.server.log.statemachine.data.sync = true (default)
2023-04-22 02:18:16,661 [pool-189-thread-1] INFO  server.RaftServerConfigKeys (ConfUtils.java:logGet(46)) - raft.server.log.statemachine.data.sync.timeout = 10s (default)
2023-04-22 02:18:16,661 [pool-189-thread-1] INFO  server.RaftServerConfigKeys (ConfUtils.java:logGet(46)) - raft.server.log.statemachine.data.sync.timeout.retry = -1 (default)
2023-04-22 02:18:16,662 [pool-189-thread-1] INFO  server.RaftServerConfigKeys (ConfUtils.java:logGet(46)) - raft.server.log.write.buffer.size = 1048576 (custom)
2023-04-22 02:18:16,663 [pool-189-thread-1] INFO  server.RaftServerConfigKeys (ConfUtils.java:logGet(46)) - raft.server.log.appender.buffer.byte-limit = 33554432 (custom)
2023-04-22 02:18:16,910 [Listener at 127.0.0.1/41793] INFO  ozone.MiniOzoneClusterImpl (MiniOzoneClusterImpl.java:lambda$waitForClusterToBeReady$0(223)) - Nodes are ready. Got 10 of 10 DN Heartbeats.
2023-04-22 02:18:16,911 [Listener at 127.0.0.1/41793] INFO  ozone.MiniOzoneClusterImpl (MiniOzoneClusterImpl.java:lambda$waitForClusterToBeReady$0(226)) - Waiting for cluster to exit safe mode
2023-04-22 02:18:16,911 [Listener at 127.0.0.1/41793] INFO  ozone.MiniOzoneClusterImpl (MiniOzoneClusterImpl.java:lambda$waitForClusterToBeReady$0(228)) - SCM became leader
2023-04-22 02:18:16,915 [JvmPauseMonitor7] WARN  util.JvmPauseMonitor (JvmPauseMonitor.java:detectPause(126)) - JvmPauseMonitor-ffe33985-86ac-4dba-9cf7-e9d9be1914b9: Detected pause in JVM or host machine (eg GC): pause of approximately 125517046ns.
GC pool 'PS MarkSweep' had collection(s): count=1 time=164ms
GC pool 'PS Scavenge' had collection(s): count=1 time=83ms
2023-04-22 02:18:16,915 [JvmPauseMonitor3] WARN  util.JvmPauseMonitor (JvmPauseMonitor.java:detectPause(126)) - JvmPauseMonitor-6aaf5ca8-0737-4296-ba95-7f0e9402c55b: Detected pause in JVM or host machine (eg GC): pause of approximately 141150078ns.
GC pool 'PS MarkSweep' had collection(s): count=1 time=164ms
GC pool 'PS Scavenge' had collection(s): count=1 time=83ms
2023-04-22 02:18:16,916 [pool-189-thread-1] INFO  server.RaftServerConfigKeys (ConfUtils.java:logGet(46)) - raft.server.log.unsafe-flush.enabled = false (default)
2023-04-22 02:18:16,916 [pool-189-thread-1] INFO  server.RaftServerConfigKeys (ConfUtils.java:logGet(46)) - raft.server.log.async-flush.enabled = false (default)
2023-04-22 02:18:16,916 [pool-189-thread-1] INFO  server.RaftServerConfigKeys (ConfUtils.java:logGet(46)) - raft.server.log.statemachine.data.caching.enabled = true (custom)
2023-04-22 02:18:16,917 [pool-189-thread-1] INFO  segmented.SegmentedRaftLogWorker (SegmentedRaftLogWorker.java:lambda$new$0(135)) - b7c32ab9-1d10-40a2-8298-2f54da75b521@group-E7D3625E2A84-SegmentedRaftLogWorker: flushIndex: setUnconditionally 0 -> -1
2023-04-22 02:18:16,917 [JvmPauseMonitor0] WARN  util.JvmPauseMonitor (JvmPauseMonitor.java:detectPause(126)) - JvmPauseMonitor-om1: Detected pause in JVM or host machine (eg GC): pause of approximately 218519032ns.
GC pool 'PS MarkSweep' had collection(s): count=1 time=164ms
GC pool 'PS Scavenge' had collection(s): count=1 time=83ms
2023-04-22 02:18:16,917 [JvmPauseMonitor8] WARN  util.JvmPauseMonitor (JvmPauseMonitor.java:detectPause(126)) - JvmPauseMonitor-2e77c710-dcb3-40c4-9ab8-375ebf5b60c5: Detected pause in JVM or host machine (eg GC): pause of approximately 246199688ns.
GC pool 'PS MarkSweep' had collection(s): count=1 time=164ms
GC pool 'PS Scavenge' had collection(s): count=1 time=83ms
2023-04-22 02:18:16,917 [pool-189-thread-1] INFO  segmented.SegmentedRaftLogWorker (SegmentedRaftLogWorker.java:lambda$new$0(135)) - b7c32ab9-1d10-40a2-8298-2f54da75b521@group-E7D3625E2A84-SegmentedRaftLogWorker: safeCacheEvictIndex: setUnconditionally 0 -> -1
2023-04-22 02:18:16,918 [pool-189-thread-1] INFO  server.RaftServer$Division (RaftServerImpl.java:start(334)) - b7c32ab9-1d10-40a2-8298-2f54da75b521@group-E7D3625E2A84: start as a follower, conf=-1: peers:[1d143142-2b08-4d43-93ad-ad0adf4c04aa|rpc:10.1.0.20:35317|dataStream:10.1.0.20:37137|priority:0|startupRole:FOLLOWER, 1fa0605c-c70f-40a8-a13c-0f797dcff94f|rpc:10.1.0.20:37453|dataStream:10.1.0.20:37951|priority:0|startupRole:FOLLOWER, b7c32ab9-1d10-40a2-8298-2f54da75b521|rpc:10.1.0.20:39931|dataStream:10.1.0.20:33643|priority:1|startupRole:FOLLOWER]|listeners:[], old=null
2023-04-22 02:18:16,918 [pool-189-thread-1] INFO  server.RaftServer$Division (RaftServerImpl.java:setRole(321)) - b7c32ab9-1d10-40a2-8298-2f54da75b521@group-E7D3625E2A84: changes role from      null to FOLLOWER at term 0 for startAsFollower
2023-04-22 02:18:16,918 [pool-189-thread-1] INFO  impl.RoleInfo (RoleInfo.java:updateAndGet(139)) - b7c32ab9-1d10-40a2-8298-2f54da75b521: start b7c32ab9-1d10-40a2-8298-2f54da75b521@group-E7D3625E2A84-FollowerState
2023-04-22 02:18:16,919 [pool-189-thread-1] INFO  util.JmxRegister (JmxRegister.java:tryRegister(44)) - Successfully registered JMX Bean with object name Ratis:service=RaftServer,group=group-E7D3625E2A84,id=b7c32ab9-1d10-40a2-8298-2f54da75b521
2023-04-22 02:18:16,919 [pool-189-thread-1] INFO  server.RaftServerConfigKeys (ConfUtils.java:logGet(46)) - raft.server.snapshot.auto.trigger.enabled = true (custom)
2023-04-22 02:18:16,919 [pool-189-thread-1] INFO  server.RaftServerConfigKeys (ConfUtils.java:logGet(46)) - raft.server.snapshot.auto.trigger.threshold = 1 (custom)
2023-04-22 02:18:16,919 [pool-189-thread-1] INFO  server.RaftServerConfigKeys (ConfUtils.java:logGet(46)) - raft.server.snapshot.retention.file.num = 5 (custom)
2023-04-22 02:18:16,919 [pool-189-thread-1] INFO  server.RaftServerConfigKeys (ConfUtils.java:logGet(46)) - raft.server.log.purge.upto.snapshot.index = false (default)
2023-04-22 02:18:16,921 [Command processor thread] INFO  server.RaftServer (RaftServerProxy.java:addNew(96)) - 1d143142-2b08-4d43-93ad-ad0adf4c04aa: addNew group-99C1AEFEAC74:[1d143142-2b08-4d43-93ad-ad0adf4c04aa|rpc:10.1.0.20:35317|dataStream:10.1.0.20:37137|priority:1|startupRole:FOLLOWER] returns group-99C1AEFEAC74:java.util.concurrent.CompletableFuture@367c92a6[Not completed]
2023-04-22 02:18:16,922 [pool-167-thread-1] INFO  server.RaftServer$Division (RaftServerImpl.java:<init>(195)) - 1d143142-2b08-4d43-93ad-ad0adf4c04aa: new RaftServerImpl for group-99C1AEFEAC74:[1d143142-2b08-4d43-93ad-ad0adf4c04aa|rpc:10.1.0.20:35317|dataStream:10.1.0.20:37137|priority:1|startupRole:FOLLOWER] with ContainerStateMachine:uninitialized
2023-04-22 02:18:16,923 [pool-167-thread-1] INFO  server.RaftServerConfigKeys (ConfUtils.java:logGet(46)) - raft.server.rpc.timeout.min = 5s (custom)
2023-04-22 02:18:16,923 [pool-167-thread-1] INFO  server.RaftServerConfigKeys (ConfUtils.java:logGet(46)) - raft.server.rpc.timeout.max = 5200ms (custom)
2023-04-22 02:18:16,923 [pool-167-thread-1] INFO  server.RaftServerConfigKeys (ConfUtils.java:logGet(46)) - raft.server.rpc.sleep.time = 25ms (default)
2023-04-22 02:18:16,923 [pool-167-thread-1] INFO  server.RaftServerConfigKeys (ConfUtils.java:logGet(46)) - raft.server.rpc.slowness.timeout = 300000ms (custom)
2023-04-22 02:18:16,923 [pool-167-thread-1] INFO  server.RaftServerConfigKeys (ConfUtils.java:logGet(46)) - raft.server.leaderelection.leader.step-down.wait-time = 10s (default)
2023-04-22 02:18:16,931 [pool-167-thread-1] INFO  server.RaftServerConfigKeys (ConfUtils.java:logGet(46)) - raft.server.sleep.deviation.threshold = 300ms (default)
2023-04-22 02:18:16,931 [pool-167-thread-1] INFO  server.RaftServer$Division (ServerState.java:<init>(118)) - 1d143142-2b08-4d43-93ad-ad0adf4c04aa@group-99C1AEFEAC74: ConfigurationManager, init=-1: peers:[1d143142-2b08-4d43-93ad-ad0adf4c04aa|rpc:10.1.0.20:35317|dataStream:10.1.0.20:37137|priority:1|startupRole:FOLLOWER]|listeners:[], old=null, confs=<EMPTY_MAP>
2023-04-22 02:18:16,931 [pool-167-thread-1] INFO  server.RaftServerConfigKeys (ConfUtils.java:logGet(46)) - raft.server.storage.dir = [/home/runner/work/ozone/ozone/hadoop-ozone/integration-test/target/test-dir/MiniOzoneClusterImpl-b640deff-6994-498f-92ea-4ac5c972f0d8/datanode-4/data/ratis] (custom)
2023-04-22 02:18:16,931 [pool-167-thread-1] INFO  server.RaftServerConfigKeys (ConfUtils.java:logGet(46)) - raft.server.log.corruption.policy = EXCEPTION (default)
2023-04-22 02:18:16,931 [pool-167-thread-1] INFO  server.RaftServerConfigKeys (ConfUtils.java:logGet(46)) - raft.server.storage.free-space.min = 0MB (=0) (default)
2023-04-22 02:18:16,931 [pool-167-thread-1] INFO  server.RaftServerConfigKeys (ConfUtils.java:logGet(46)) - raft.server.notification.no-leader.timeout = 300000ms (custom)
2023-04-22 02:18:16,931 [pool-167-thread-1] INFO  server.RaftServerConfigKeys (ConfUtils.java:logGet(46)) - raft.server.retrycache.expirytime = 600000ms (custom)
2023-04-22 02:18:16,931 [pool-167-thread-1] INFO  server.RaftServerConfigKeys (ConfUtils.java:logGet(46)) - raft.server.retrycache.statistics.expirytime = 100μs (default)
2023-04-22 02:18:16,933 [pool-167-thread-1] INFO  server.RaftServerConfigKeys (ConfUtils.java:logGet(46)) - raft.server.log.appender.install.snapshot.enabled = false (custom)
2023-04-22 02:18:16,933 [pool-167-thread-1] INFO  server.RaftServerConfigKeys (ConfUtils.java:logGet(46)) - raft.server.threadpool.server.cached = true (default)
2023-04-22 02:18:16,933 [pool-167-thread-1] INFO  server.RaftServerConfigKeys (ConfUtils.java:logGet(46)) - raft.server.threadpool.server.size = 0 (default)
2023-04-22 02:18:16,933 [pool-167-thread-1] INFO  server.RaftServerConfigKeys (ConfUtils.java:logGet(46)) - raft.server.threadpool.client.cached = true (default)
2023-04-22 02:18:16,933 [pool-167-thread-1] INFO  server.RaftServerConfigKeys (ConfUtils.java:logGet(46)) - raft.server.threadpool.client.size = 0 (default)
2023-04-22 02:18:16,933 [pool-167-thread-1] INFO  storage.RaftStorageDirectory (RaftStorageDirectoryImpl.java:analyzeStorage(137)) - The storage directory /home/runner/work/ozone/ozone/hadoop-ozone/integration-test/target/test-dir/MiniOzoneClusterImpl-b640deff-6994-498f-92ea-4ac5c972f0d8/datanode-4/data/ratis/4e036e96-696e-4f7f-acba-99c1aefeac74 does not exist. Creating ...
2023-04-22 02:18:16,934 [b7c32ab9-1d10-40a2-8298-2f54da75b521@group-E7D3625E2A84-FollowerState] INFO  server.RaftServerConfigKeys (ConfUtils.java:logFallback(53)) - raft.server.rpc.first-election.timeout.min = 5s (fallback to raft.server.rpc.timeout.min)
2023-04-22 02:18:16,934 [b7c32ab9-1d10-40a2-8298-2f54da75b521@group-E7D3625E2A84-FollowerState] INFO  server.RaftServerConfigKeys (ConfUtils.java:logFallback(53)) - raft.server.rpc.first-election.timeout.max = 5200ms (fallback to raft.server.rpc.timeout.max)
2023-04-22 02:18:16,935 [pool-167-thread-1] INFO  storage.RaftStorageDirectory (RaftStorageDirectoryImpl.java:tryLock(231)) - Lock on /home/runner/work/ozone/ozone/hadoop-ozone/integration-test/target/test-dir/MiniOzoneClusterImpl-b640deff-6994-498f-92ea-4ac5c972f0d8/datanode-4/data/ratis/4e036e96-696e-4f7f-acba-99c1aefeac74/in_use.lock acquired by nodename 58540@fv-az443-428
2023-04-22 02:18:16,935 [Command processor thread] INFO  commandhandler.CreatePipelineCommandHandler (CreatePipelineCommandHandler.java:handle(113)) - Created Pipeline RATIS THREE PipelineID=f9d11862-5bf9-4d37-b07d-e7d3625e2a84.
2023-04-22 02:18:16,935 [Command processor thread] INFO  server.RaftServer (RaftServerProxy.java:addNew(96)) - 1fa0605c-c70f-40a8-a13c-0f797dcff94f: addNew group-98770BDE7CB1:[1d143142-2b08-4d43-93ad-ad0adf4c04aa|rpc:10.1.0.20:35317|dataStream:10.1.0.20:37137|priority:1|startupRole:FOLLOWER, b7c32ab9-1d10-40a2-8298-2f54da75b521|rpc:10.1.0.20:39931|dataStream:10.1.0.20:33643|priority:0|startupRole:FOLLOWER, 1fa0605c-c70f-40a8-a13c-0f797dcff94f|rpc:10.1.0.20:37453|dataStream:10.1.0.20:37951|priority:0|startupRole:FOLLOWER] returns group-98770BDE7CB1:java.util.concurrent.CompletableFuture@5630d0b4[Not completed]
2023-04-22 02:18:16,936 [pool-145-thread-1] INFO  server.RaftServer$Division (RaftServerImpl.java:<init>(195)) - 1fa0605c-c70f-40a8-a13c-0f797dcff94f: new RaftServerImpl for group-98770BDE7CB1:[1d143142-2b08-4d43-93ad-ad0adf4c04aa|rpc:10.1.0.20:35317|dataStream:10.1.0.20:37137|priority:1|startupRole:FOLLOWER, b7c32ab9-1d10-40a2-8298-2f54da75b521|rpc:10.1.0.20:39931|dataStream:10.1.0.20:33643|priority:0|startupRole:FOLLOWER, 1fa0605c-c70f-40a8-a13c-0f797dcff94f|rpc:10.1.0.20:37453|dataStream:10.1.0.20:37951|priority:0|startupRole:FOLLOWER] with ContainerStateMachine:uninitialized
2023-04-22 02:18:16,937 [pool-145-thread-1] INFO  server.RaftServerConfigKeys (ConfUtils.java:logGet(46)) - raft.server.rpc.timeout.min = 5s (custom)
2023-04-22 02:18:16,937 [pool-145-thread-1] INFO  server.RaftServerConfigKeys (ConfUtils.java:logGet(46)) - raft.server.rpc.timeout.max = 5200ms (custom)
2023-04-22 02:18:16,937 [pool-145-thread-1] INFO  server.RaftServerConfigKeys (ConfUtils.java:logGet(46)) - raft.server.rpc.sleep.time = 25ms (default)
2023-04-22 02:18:16,937 [pool-145-thread-1] INFO  server.RaftServerConfigKeys (ConfUtils.java:logGet(46)) - raft.server.rpc.slowness.timeout = 300000ms (custom)
2023-04-22 02:18:16,937 [pool-145-thread-1] INFO  server.RaftServerConfigKeys (ConfUtils.java:logGet(46)) - raft.server.leaderelection.leader.step-down.wait-time = 10s (default)
2023-04-22 02:18:16,937 [pool-145-thread-1] INFO  server.RaftServerConfigKeys (ConfUtils.java:logGet(46)) - raft.server.sleep.deviation.threshold = 300ms (default)
2023-04-22 02:18:16,937 [pool-145-thread-1] INFO  server.RaftServer$Division (ServerState.java:<init>(118)) - 1fa0605c-c70f-40a8-a13c-0f797dcff94f@group-98770BDE7CB1: ConfigurationManager, init=-1: peers:[1d143142-2b08-4d43-93ad-ad0adf4c04aa|rpc:10.1.0.20:35317|dataStream:10.1.0.20:37137|priority:1|startupRole:FOLLOWER, b7c32ab9-1d10-40a2-8298-2f54da75b521|rpc:10.1.0.20:39931|dataStream:10.1.0.20:33643|priority:0|startupRole:FOLLOWER, 1fa0605c-c70f-40a8-a13c-0f797dcff94f|rpc:10.1.0.20:37453|dataStream:10.1.0.20:37951|priority:0|startupRole:FOLLOWER]|listeners:[], old=null, confs=<EMPTY_MAP>
2023-04-22 02:18:16,937 [pool-145-thread-1] INFO  server.RaftServerConfigKeys (ConfUtils.java:logGet(46)) - raft.server.storage.dir = [/home/runner/work/ozone/ozone/hadoop-ozone/integration-test/target/test-dir/MiniOzoneClusterImpl-b640deff-6994-498f-92ea-4ac5c972f0d8/datanode-3/data/ratis] (custom)
2023-04-22 02:18:16,937 [pool-145-thread-1] INFO  server.RaftServerConfigKeys (ConfUtils.java:logGet(46)) - raft.server.log.corruption.policy = EXCEPTION (default)
2023-04-22 02:18:16,937 [pool-145-thread-1] INFO  server.RaftServerConfigKeys (ConfUtils.java:logGet(46)) - raft.server.storage.free-space.min = 0MB (=0) (default)
2023-04-22 02:18:16,937 [pool-167-thread-1] INFO  storage.RaftStorage (RaftStorageImpl.java:format(96)) - Storage directory /home/runner/work/ozone/ozone/hadoop-ozone/integration-test/target/test-dir/MiniOzoneClusterImpl-b640deff-6994-498f-92ea-4ac5c972f0d8/datanode-4/data/ratis/4e036e96-696e-4f7f-acba-99c1aefeac74 has been successfully formatted.
2023-04-22 02:18:16,937 [pool-145-thread-1] INFO  server.RaftServerConfigKeys (ConfUtils.java:logGet(46)) - raft.server.notification.no-leader.timeout = 300000ms (custom)
2023-04-22 02:18:16,937 [pool-145-thread-1] INFO  server.RaftServerConfigKeys (ConfUtils.java:logGet(46)) - raft.server.retrycache.expirytime = 600000ms (custom)
2023-04-22 02:18:16,938 [pool-145-thread-1] INFO  server.RaftServerConfigKeys (ConfUtils.java:logGet(46)) - raft.server.retrycache.statistics.expirytime = 100μs (default)
2023-04-22 02:18:16,938 [pool-167-thread-1] INFO  ratis.ContainerStateMachine (ContainerStateMachine.java:loadSnapshot(262)) - group-99C1AEFEAC74: The snapshot info is null. Setting the last applied indexto:(t:0, i:~)
2023-04-22 02:18:16,938 [pool-167-thread-1] INFO  server.RaftServerConfigKeys (ConfUtils.java:logGet(46)) - raft.server.log.use.memory = false (default)
2023-04-22 02:18:16,938 [pool-167-thread-1] INFO  server.RaftServerConfigKeys (ConfUtils.java:logGet(46)) - raft.server.log.purge.gap = 1000000 (custom)
2023-04-22 02:18:16,938 [pool-167-thread-1] INFO  server.RaftServerConfigKeys (ConfUtils.java:logGet(46)) - raft.server.log.appender.buffer.byte-limit = 33554432 (custom)
2023-04-22 02:18:16,938 [pool-167-thread-1] INFO  server.RaftServerConfigKeys (ConfUtils.java:logGet(46)) - raft.server.log.statemachine.data.read.timeout = 1000ms (default)
2023-04-22 02:18:16,938 [pool-167-thread-1] INFO  server.RaftServerConfigKeys (ConfUtils.java:logGet(46)) - raft.server.log.purge.preservation.log.num = 0 (default)
2023-04-22 02:18:16,938 [pool-145-thread-1] INFO  server.RaftServerConfigKeys (ConfUtils.java:logGet(46)) - raft.server.log.appender.install.snapshot.enabled = false (custom)
2023-04-22 02:18:16,939 [pool-145-thread-1] INFO  server.RaftServerConfigKeys (ConfUtils.java:logGet(46)) - raft.server.threadpool.server.cached = true (default)
2023-04-22 02:18:16,939 [pool-145-thread-1] INFO  server.RaftServerConfigKeys (ConfUtils.java:logGet(46)) - raft.server.threadpool.server.size = 0 (default)
2023-04-22 02:18:16,939 [pool-145-thread-1] INFO  server.RaftServerConfigKeys (ConfUtils.java:logGet(46)) - raft.server.threadpool.client.cached = true (default)
2023-04-22 02:18:16,939 [pool-145-thread-1] INFO  server.RaftServerConfigKeys (ConfUtils.java:logGet(46)) - raft.server.threadpool.client.size = 0 (default)
2023-04-22 02:18:16,939 [pool-145-thread-1] INFO  storage.RaftStorageDirectory (RaftStorageDirectoryImpl.java:analyzeStorage(137)) - The storage directory /home/runner/work/ozone/ozone/hadoop-ozone/integration-test/target/test-dir/MiniOzoneClusterImpl-b640deff-6994-498f-92ea-4ac5c972f0d8/datanode-3/data/ratis/3756dc69-1fb3-4329-b2d6-98770bde7cb1 does not exist. Creating ...
2023-04-22 02:18:16,939 [pool-167-thread-1] INFO  server.RaftServerConfigKeys (ConfUtils.java:logGet(46)) - raft.server.log.segment.size.max = 1048576 (custom)
2023-04-22 02:18:16,940 [pool-145-thread-1] INFO  storage.RaftStorageDirectory (RaftStorageDirectoryImpl.java:tryLock(231)) - Lock on /home/runner/work/ozone/ozone/hadoop-ozone/integration-test/target/test-dir/MiniOzoneClusterImpl-b640deff-6994-498f-92ea-4ac5c972f0d8/datanode-3/data/ratis/3756dc69-1fb3-4329-b2d6-98770bde7cb1/in_use.lock acquired by nodename 58540@fv-az443-428
2023-04-22 02:18:16,940 [EventQueue-PipelineReportForPipelineReportHandler] INFO  pipeline.PipelineManagerImpl (PipelineManagerImpl.java:openPipeline(367)) - Pipeline Pipeline[ Id: 4e036e96-696e-4f7f-acba-99c1aefeac74, Nodes: 1d143142-2b08-4d43-93ad-ad0adf4c04aa(fv-az443-428.ap2fcshprsnunfx25e1aelzb4b.cx.internal.cloudapp.net/10.1.0.20), ReplicationConfig: RATIS/ONE, State:ALLOCATED, leaderId:1d143142-2b08-4d43-93ad-ad0adf4c04aa, CreationTimestamp2023-04-22T02:18:13.923Z[Etc/UTC]] moved to OPEN state
2023-04-22 02:18:16,941 [pool-145-thread-1] INFO  storage.RaftStorage (RaftStorageImpl.java:format(96)) - Storage directory /home/runner/work/ozone/ozone/hadoop-ozone/integration-test/target/test-dir/MiniOzoneClusterImpl-b640deff-6994-498f-92ea-4ac5c972f0d8/datanode-3/data/ratis/3756dc69-1fb3-4329-b2d6-98770bde7cb1 has been successfully formatted.
2023-04-22 02:18:16,941 [EventQueue-OpenPipelineForHealthyPipelineSafeModeRule] INFO  safemode.SCMSafeModeManager (HealthyPipelineSafeModeRule.java:process(137)) - SCM in safe mode. Healthy pipelines reported count is 0, required healthy pipeline reported count is 1
2023-04-22 02:18:16,941 [pool-145-thread-1] INFO  ratis.ContainerStateMachine (ContainerStateMachine.java:loadSnapshot(262)) - group-98770BDE7CB1: The snapshot info is null. Setting the last applied indexto:(t:0, i:~)
2023-04-22 02:18:16,941 [pool-145-thread-1] INFO  server.RaftServerConfigKeys (ConfUtils.java:logGet(46)) - raft.server.log.use.memory = false (default)
2023-04-22 02:18:16,941 [pool-145-thread-1] INFO  server.RaftServerConfigKeys (ConfUtils.java:logGet(46)) - raft.server.log.purge.gap = 1000000 (custom)
2023-04-22 02:18:16,941 [pool-145-thread-1] INFO  server.RaftServerConfigKeys (ConfUtils.java:logGet(46)) - raft.server.log.appender.buffer.byte-limit = 33554432 (custom)
2023-04-22 02:18:16,941 [pool-145-thread-1] INFO  server.RaftServerConfigKeys (ConfUtils.java:logGet(46)) - raft.server.log.statemachine.data.read.timeout = 1000ms (default)
2023-04-22 02:18:16,941 [pool-145-thread-1] INFO  server.RaftServerConfigKeys (ConfUtils.java:logGet(46)) - raft.server.log.purge.preservation.log.num = 0 (default)
2023-04-22 02:18:16,941 [pool-145-thread-1] INFO  server.RaftServerConfigKeys (ConfUtils.java:logGet(46)) - raft.server.log.segment.size.max = 1048576 (custom)
2023-04-22 02:18:16,942 [EventQueue-OpenPipelineForHealthyPipelineSafeModeRule] INFO  safemode.SCMSafeModeManager (HealthyPipelineSafeModeRule.java:process(137)) - SCM in safe mode. Healthy pipelines reported count is 0, required healthy pipeline reported count is 1
2023-04-22 02:18:16,942 [pool-167-thread-1] INFO  server.RaftServerConfigKeys (ConfUtils.java:logGet(46)) - raft.server.log.segment.cache.num.max = 2 (custom)
2023-04-22 02:18:16,943 [pool-167-thread-1] INFO  server.RaftServerConfigKeys (ConfUtils.java:logGet(46)) - raft.server.log.segment.cache.size.max = 200MB (=209715200) (default)
2023-04-22 02:18:16,943 [pool-167-thread-1] INFO  segmented.SegmentedRaftLogWorker (SegmentedRaftLogWorker.java:<init>(189)) - new 1d143142-2b08-4d43-93ad-ad0adf4c04aa@group-99C1AEFEAC74-SegmentedRaftLogWorker for RaftStorageImpl:Storage Directory /home/runner/work/ozone/ozone/hadoop-ozone/integration-test/target/test-dir/MiniOzoneClusterImpl-b640deff-6994-498f-92ea-4ac5c972f0d8/datanode-4/data/ratis/4e036e96-696e-4f7f-acba-99c1aefeac74
2023-04-22 02:18:16,943 [pool-167-thread-1] INFO  server.RaftServerConfigKeys (ConfUtils.java:logGet(46)) - raft.server.log.queue.byte-limit = 4294967296 (custom)
2023-04-22 02:18:16,943 [pool-145-thread-1] INFO  server.RaftServerConfigKeys (ConfUtils.java:logGet(46)) - raft.server.log.segment.cache.num.max = 2 (custom)
2023-04-22 02:18:16,943 [pool-145-thread-1] INFO  server.RaftServerConfigKeys (ConfUtils.java:logGet(46)) - raft.server.log.segment.cache.size.max = 200MB (=209715200) (default)
2023-04-22 02:18:16,943 [pool-145-thread-1] INFO  segmented.SegmentedRaftLogWorker (SegmentedRaftLogWorker.java:<init>(189)) - new 1fa0605c-c70f-40a8-a13c-0f797dcff94f@group-98770BDE7CB1-SegmentedRaftLogWorker for RaftStorageImpl:Storage Directory /home/runner/work/ozone/ozone/hadoop-ozone/integration-test/target/test-dir/MiniOzoneClusterImpl-b640deff-6994-498f-92ea-4ac5c972f0d8/datanode-3/data/ratis/3756dc69-1fb3-4329-b2d6-98770bde7cb1
2023-04-22 02:18:16,943 [pool-145-thread-1] INFO  server.RaftServerConfigKeys (ConfUtils.java:logGet(46)) - raft.server.log.queue.byte-limit = 4294967296 (custom)
2023-04-22 02:18:16,943 [pool-145-thread-1] INFO  server.RaftServerConfigKeys (ConfUtils.java:logGet(46)) - raft.server.log.queue.element-limit = 1024 (custom)
2023-04-22 02:18:16,943 [pool-145-thread-1] INFO  server.RaftServerConfigKeys (ConfUtils.java:logGet(46)) - raft.server.log.segment.size.max = 1048576 (custom)
2023-04-22 02:18:16,943 [pool-145-thread-1] INFO  server.RaftServerConfigKeys (ConfUtils.java:logGet(46)) - raft.server.log.preallocated.size = 16384 (custom)
2023-04-22 02:18:16,943 [pool-145-thread-1] INFO  server.RaftServerConfigKeys (ConfUtils.java:logGet(46)) - raft.server.log.force.sync.num = 128 (default)
2023-04-22 02:18:16,943 [pool-145-thread-1] INFO  server.RaftServerConfigKeys (ConfUtils.java:logGet(46)) - raft.server.log.statemachine.data.sync = true (default)
2023-04-22 02:18:16,944 [pool-145-thread-1] INFO  server.RaftServerConfigKeys (ConfUtils.java:logGet(46)) - raft.server.log.statemachine.data.sync.timeout = 10s (default)
2023-04-22 02:18:16,944 [pool-145-thread-1] INFO  server.RaftServerConfigKeys (ConfUtils.java:logGet(46)) - raft.server.log.statemachine.data.sync.timeout.retry = -1 (default)
2023-04-22 02:18:16,944 [pool-145-thread-1] INFO  server.RaftServerConfigKeys (ConfUtils.java:logGet(46)) - raft.server.log.write.buffer.size = 1048576 (custom)
2023-04-22 02:18:16,945 [pool-167-thread-1] INFO  server.RaftServerConfigKeys (ConfUtils.java:logGet(46)) - raft.server.log.queue.element-limit = 1024 (custom)
2023-04-22 02:18:16,945 [pool-167-thread-1] INFO  server.RaftServerConfigKeys (ConfUtils.java:logGet(46)) - raft.server.log.segment.size.max = 1048576 (custom)
2023-04-22 02:18:16,945 [pool-167-thread-1] INFO  server.RaftServerConfigKeys (ConfUtils.java:logGet(46)) - raft.server.log.preallocated.size = 16384 (custom)
2023-04-22 02:18:16,945 [pool-167-thread-1] INFO  server.RaftServerConfigKeys (ConfUtils.java:logGet(46)) - raft.server.log.force.sync.num = 128 (default)
2023-04-22 02:18:16,945 [pool-167-thread-1] INFO  server.RaftServerConfigKeys (ConfUtils.java:logGet(46)) - raft.server.log.statemachine.data.sync = true (default)
2023-04-22 02:18:16,945 [pool-167-thread-1] INFO  server.RaftServerConfigKeys (ConfUtils.java:logGet(46)) - raft.server.log.statemachine.data.sync.timeout = 10s (default)
2023-04-22 02:18:16,945 [pool-167-thread-1] INFO  server.RaftServerConfigKeys (ConfUtils.java:logGet(46)) - raft.server.log.statemachine.data.sync.timeout.retry = -1 (default)
2023-04-22 02:18:16,946 [pool-145-thread-1] INFO  server.RaftServerConfigKeys (ConfUtils.java:logGet(46)) - raft.server.log.appender.buffer.byte-limit = 33554432 (custom)
2023-04-22 02:18:16,947 [pool-167-thread-1] INFO  server.RaftServerConfigKeys (ConfUtils.java:logGet(46)) - raft.server.log.write.buffer.size = 1048576 (custom)
2023-04-22 02:18:16,948 [pool-145-thread-1] INFO  server.RaftServerConfigKeys (ConfUtils.java:logGet(46)) - raft.server.log.unsafe-flush.enabled = false (default)
2023-04-22 02:18:16,948 [pool-145-thread-1] INFO  server.RaftServerConfigKeys (ConfUtils.java:logGet(46)) - raft.server.log.async-flush.enabled = false (default)
2023-04-22 02:18:16,948 [pool-145-thread-1] INFO  server.RaftServerConfigKeys (ConfUtils.java:logGet(46)) - raft.server.log.statemachine.data.caching.enabled = true (custom)
2023-04-22 02:18:16,949 [pool-145-thread-1] INFO  segmented.SegmentedRaftLogWorker (SegmentedRaftLogWorker.java:lambda$new$0(135)) - 1fa0605c-c70f-40a8-a13c-0f797dcff94f@group-98770BDE7CB1-SegmentedRaftLogWorker: flushIndex: setUnconditionally 0 -> -1
2023-04-22 02:18:16,949 [pool-145-thread-1] INFO  segmented.SegmentedRaftLogWorker (SegmentedRaftLogWorker.java:lambda$new$0(135)) - 1fa0605c-c70f-40a8-a13c-0f797dcff94f@group-98770BDE7CB1-SegmentedRaftLogWorker: safeCacheEvictIndex: setUnconditionally 0 -> -1
2023-04-22 02:18:16,949 [pool-145-thread-1] INFO  server.RaftServer$Division (RaftServerImpl.java:start(334)) - 1fa0605c-c70f-40a8-a13c-0f797dcff94f@group-98770BDE7CB1: start as a follower, conf=-1: peers:[1d143142-2b08-4d43-93ad-ad0adf4c04aa|rpc:10.1.0.20:35317|dataStream:10.1.0.20:37137|priority:1|startupRole:FOLLOWER, b7c32ab9-1d10-40a2-8298-2f54da75b521|rpc:10.1.0.20:39931|dataStream:10.1.0.20:33643|priority:0|startupRole:FOLLOWER, 1fa0605c-c70f-40a8-a13c-0f797dcff94f|rpc:10.1.0.20:37453|dataStream:10.1.0.20:37951|priority:0|startupRole:FOLLOWER]|listeners:[], old=null
2023-04-22 02:18:16,949 [pool-145-thread-1] INFO  server.RaftServer$Division (RaftServerImpl.java:setRole(321)) - 1fa0605c-c70f-40a8-a13c-0f797dcff94f@group-98770BDE7CB1: changes role from      null to FOLLOWER at term 0 for startAsFollower
2023-04-22 02:18:16,949 [pool-145-thread-1] INFO  impl.RoleInfo (RoleInfo.java:updateAndGet(139)) - 1fa0605c-c70f-40a8-a13c-0f797dcff94f: start 1fa0605c-c70f-40a8-a13c-0f797dcff94f@group-98770BDE7CB1-FollowerState
2023-04-22 02:18:16,949 [pool-145-thread-1] INFO  util.JmxRegister (JmxRegister.java:tryRegister(44)) - Successfully registered JMX Bean with object name Ratis:service=RaftServer,group=group-98770BDE7CB1,id=1fa0605c-c70f-40a8-a13c-0f797dcff94f
2023-04-22 02:18:16,949 [pool-145-thread-1] INFO  server.RaftServerConfigKeys (ConfUtils.java:logGet(46)) - raft.server.snapshot.auto.trigger.enabled = true (custom)
2023-04-22 02:18:16,949 [pool-145-thread-1] INFO  server.RaftServerConfigKeys (ConfUtils.java:logGet(46)) - raft.server.snapshot.auto.trigger.threshold = 1 (custom)
2023-04-22 02:18:16,949 [pool-145-thread-1] INFO  server.RaftServerConfigKeys (ConfUtils.java:logGet(46)) - raft.server.snapshot.retention.file.num = 5 (custom)
2023-04-22 02:18:16,949 [pool-145-thread-1] INFO  server.RaftServerConfigKeys (ConfUtils.java:logGet(46)) - raft.server.log.purge.upto.snapshot.index = false (default)
2023-04-22 02:18:16,949 [pool-167-thread-1] INFO  server.RaftServerConfigKeys (ConfUtils.java:logGet(46)) - raft.server.log.appender.buffer.byte-limit = 33554432 (custom)
2023-04-22 02:18:16,950 [1fa0605c-c70f-40a8-a13c-0f797dcff94f@group-98770BDE7CB1-FollowerState] INFO  server.RaftServerConfigKeys (ConfUtils.java:logFallback(53)) - raft.server.rpc.first-election.timeout.min = 5s (fallback to raft.server.rpc.timeout.min)
2023-04-22 02:18:16,950 [1fa0605c-c70f-40a8-a13c-0f797dcff94f@group-98770BDE7CB1-FollowerState] INFO  server.RaftServerConfigKeys (ConfUtils.java:logFallback(53)) - raft.server.rpc.first-election.timeout.max = 5200ms (fallback to raft.server.rpc.timeout.max)
2023-04-22 02:18:16,953 [pool-167-thread-1] INFO  server.RaftServerConfigKeys (ConfUtils.java:logGet(46)) - raft.server.log.unsafe-flush.enabled = false (default)
2023-04-22 02:18:16,953 [pool-167-thread-1] INFO  server.RaftServerConfigKeys (ConfUtils.java:logGet(46)) - raft.server.log.async-flush.enabled = false (default)
2023-04-22 02:18:16,953 [pool-167-thread-1] INFO  server.RaftServerConfigKeys (ConfUtils.java:logGet(46)) - raft.server.log.statemachine.data.caching.enabled = true (custom)
2023-04-22 02:18:16,953 [Command processor thread] INFO  ratis.XceiverServerRatis (XceiverServerRatis.java:addGroup(806)) - Created group PipelineID=3756dc69-1fb3-4329-b2d6-98770bde7cb1
2023-04-22 02:18:16,953 [pool-167-thread-1] INFO  segmented.SegmentedRaftLogWorker (SegmentedRaftLogWorker.java:lambda$new$0(135)) - 1d143142-2b08-4d43-93ad-ad0adf4c04aa@group-99C1AEFEAC74-SegmentedRaftLogWorker: flushIndex: setUnconditionally 0 -> -1
2023-04-22 02:18:16,953 [pool-167-thread-1] INFO  segmented.SegmentedRaftLogWorker (SegmentedRaftLogWorker.java:lambda$new$0(135)) - 1d143142-2b08-4d43-93ad-ad0adf4c04aa@group-99C1AEFEAC74-SegmentedRaftLogWorker: safeCacheEvictIndex: setUnconditionally 0 -> -1
2023-04-22 02:18:16,953 [pool-167-thread-1] INFO  server.RaftServer$Division (RaftServerImpl.java:start(334)) - 1d143142-2b08-4d43-93ad-ad0adf4c04aa@group-99C1AEFEAC74: start as a follower, conf=-1: peers:[1d143142-2b08-4d43-93ad-ad0adf4c04aa|rpc:10.1.0.20:35317|dataStream:10.1.0.20:37137|priority:1|startupRole:FOLLOWER]|listeners:[], old=null
2023-04-22 02:18:16,953 [pool-167-thread-1] INFO  server.RaftServer$Division (RaftServerImpl.java:setRole(321)) - 1d143142-2b08-4d43-93ad-ad0adf4c04aa@group-99C1AEFEAC74: changes role from      null to FOLLOWER at term 0 for startAsFollower
2023-04-22 02:18:16,953 [pool-167-thread-1] INFO  impl.RoleInfo (RoleInfo.java:updateAndGet(139)) - 1d143142-2b08-4d43-93ad-ad0adf4c04aa: start 1d143142-2b08-4d43-93ad-ad0adf4c04aa@group-99C1AEFEAC74-FollowerState
2023-04-22 02:18:16,954 [pool-167-thread-1] INFO  util.JmxRegister (JmxRegister.java:tryRegister(44)) - Successfully registered JMX Bean with object name Ratis:service=RaftServer,group=group-99C1AEFEAC74,id=1d143142-2b08-4d43-93ad-ad0adf4c04aa
2023-04-22 02:18:16,954 [pool-167-thread-1] INFO  server.RaftServerConfigKeys (ConfUtils.java:logGet(46)) - raft.server.snapshot.auto.trigger.enabled = true (custom)
2023-04-22 02:18:16,954 [pool-167-thread-1] INFO  server.RaftServerConfigKeys (ConfUtils.java:logGet(46)) - raft.server.snapshot.auto.trigger.threshold = 1 (custom)
2023-04-22 02:18:16,954 [pool-167-thread-1] INFO  server.RaftServerConfigKeys (ConfUtils.java:logGet(46)) - raft.server.snapshot.retention.file.num = 5 (custom)
2023-04-22 02:18:16,954 [pool-167-thread-1] INFO  server.RaftServerConfigKeys (ConfUtils.java:logGet(46)) - raft.server.log.purge.upto.snapshot.index = false (default)
2023-04-22 02:18:16,955 [1d143142-2b08-4d43-93ad-ad0adf4c04aa@group-99C1AEFEAC74-FollowerState] INFO  server.RaftServerConfigKeys (ConfUtils.java:logFallback(53)) - raft.server.rpc.first-election.timeout.min = 5s (fallback to raft.server.rpc.timeout.min)
2023-04-22 02:18:16,955 [1d143142-2b08-4d43-93ad-ad0adf4c04aa@group-99C1AEFEAC74-FollowerState] INFO  server.RaftServerConfigKeys (ConfUtils.java:logFallback(53)) - raft.server.rpc.first-election.timeout.max = 5200ms (fallback to raft.server.rpc.timeout.max)
2023-04-22 02:18:16,956 [Command processor thread] INFO  ratis.XceiverServerRatis (XceiverServerRatis.java:addGroup(806)) - Created group PipelineID=4e036e96-696e-4f7f-acba-99c1aefeac74
2023-04-22 02:18:16,956 [Command processor thread] INFO  commandhandler.CreatePipelineCommandHandler (CreatePipelineCommandHandler.java:handle(113)) - Created Pipeline RATIS ONE PipelineID=4e036e96-696e-4f7f-acba-99c1aefeac74.
2023-04-22 02:18:16,964 [Command processor thread] INFO  server.RaftServer (RaftServerProxy.java:addNew(96)) - 1d143142-2b08-4d43-93ad-ad0adf4c04aa: addNew group-98770BDE7CB1:[1d143142-2b08-4d43-93ad-ad0adf4c04aa|rpc:10.1.0.20:35317|dataStream:10.1.0.20:37137|priority:1|startupRole:FOLLOWER, b7c32ab9-1d10-40a2-8298-2f54da75b521|rpc:10.1.0.20:39931|dataStream:10.1.0.20:33643|priority:0|startupRole:FOLLOWER, 1fa0605c-c70f-40a8-a13c-0f797dcff94f|rpc:10.1.0.20:37453|dataStream:10.1.0.20:37951|priority:0|startupRole:FOLLOWER] returns group-98770BDE7CB1:java.util.concurrent.CompletableFuture@38bb7a19[Not completed]
2023-04-22 02:18:16,971 [pool-167-thread-1] INFO  server.RaftServer$Division (RaftServerImpl.java:<init>(195)) - 1d143142-2b08-4d43-93ad-ad0adf4c04aa: new RaftServerImpl for group-98770BDE7CB1:[1d143142-2b08-4d43-93ad-ad0adf4c04aa|rpc:10.1.0.20:35317|dataStream:10.1.0.20:37137|priority:1|startupRole:FOLLOWER, b7c32ab9-1d10-40a2-8298-2f54da75b521|rpc:10.1.0.20:39931|dataStream:10.1.0.20:33643|priority:0|startupRole:FOLLOWER, 1fa0605c-c70f-40a8-a13c-0f797dcff94f|rpc:10.1.0.20:37453|dataStream:10.1.0.20:37951|priority:0|startupRole:FOLLOWER] with ContainerStateMachine:uninitialized
2023-04-22 02:18:16,971 [pool-167-thread-1] INFO  server.RaftServerConfigKeys (ConfUtils.java:logGet(46)) - raft.server.rpc.timeout.min = 5s (custom)
2023-04-22 02:18:16,971 [pool-167-thread-1] INFO  server.RaftServerConfigKeys (ConfUtils.java:logGet(46)) - raft.server.rpc.timeout.max = 5200ms (custom)
2023-04-22 02:18:16,971 [pool-167-thread-1] INFO  server.RaftServerConfigKeys (ConfUtils.java:logGet(46)) - raft.server.rpc.sleep.time = 25ms (default)
2023-04-22 02:18:16,971 [pool-167-thread-1] INFO  server.RaftServerConfigKeys (ConfUtils.java:logGet(46)) - raft.server.rpc.slowness.timeout = 300000ms (custom)
2023-04-22 02:18:16,971 [pool-167-thread-1] INFO  server.RaftServerConfigKeys (ConfUtils.java:logGet(46)) - raft.server.leaderelection.leader.step-down.wait-time = 10s (default)
2023-04-22 02:18:16,971 [pool-167-thread-1] INFO  server.RaftServerConfigKeys (ConfUtils.java:logGet(46)) - raft.server.sleep.deviation.threshold = 300ms (default)
2023-04-22 02:18:16,971 [pool-167-thread-1] INFO  server.RaftServer$Division (ServerState.java:<init>(118)) - 1d143142-2b08-4d43-93ad-ad0adf4c04aa@group-98770BDE7CB1: ConfigurationManager, init=-1: peers:[1d143142-2b08-4d43-93ad-ad0adf4c04aa|rpc:10.1.0.20:35317|dataStream:10.1.0.20:37137|priority:1|startupRole:FOLLOWER, b7c32ab9-1d10-40a2-8298-2f54da75b521|rpc:10.1.0.20:39931|dataStream:10.1.0.20:33643|priority:0|startupRole:FOLLOWER, 1fa0605c-c70f-40a8-a13c-0f797dcff94f|rpc:10.1.0.20:37453|dataStream:10.1.0.20:37951|priority:0|startupRole:FOLLOWER]|listeners:[], old=null, confs=<EMPTY_MAP>
2023-04-22 02:18:16,971 [pool-167-thread-1] INFO  server.RaftServerConfigKeys (ConfUtils.java:logGet(46)) - raft.server.storage.dir = [/home/runner/work/ozone/ozone/hadoop-ozone/integration-test/target/test-dir/MiniOzoneClusterImpl-b640deff-6994-498f-92ea-4ac5c972f0d8/datanode-4/data/ratis] (custom)
2023-04-22 02:18:16,971 [pool-167-thread-1] INFO  server.RaftServerConfigKeys (ConfUtils.java:logGet(46)) - raft.server.log.corruption.policy = EXCEPTION (default)
2023-04-22 02:18:16,971 [pool-167-thread-1] INFO  server.RaftServerConfigKeys (ConfUtils.java:logGet(46)) - raft.server.storage.free-space.min = 0MB (=0) (default)
2023-04-22 02:18:16,972 [pool-167-thread-1] INFO  server.RaftServerConfigKeys (ConfUtils.java:logGet(46)) - raft.server.notification.no-leader.timeout = 300000ms (custom)
2023-04-22 02:18:16,972 [pool-167-thread-1] INFO  server.RaftServerConfigKeys (ConfUtils.java:logGet(46)) - raft.server.retrycache.expirytime = 600000ms (custom)
2023-04-22 02:18:16,972 [pool-167-thread-1] INFO  server.RaftServerConfigKeys (ConfUtils.java:logGet(46)) - raft.server.retrycache.statistics.expirytime = 100μs (default)
2023-04-22 02:18:16,973 [grpc-default-executor-1] INFO  server.RaftServer (RaftServerProxy.java:addNew(96)) - b7c32ab9-1d10-40a2-8298-2f54da75b521: addNew group-98770BDE7CB1:[1d143142-2b08-4d43-93ad-ad0adf4c04aa|rpc:10.1.0.20:35317|dataStream:10.1.0.20:37137|priority:1|startupRole:FOLLOWER, b7c32ab9-1d10-40a2-8298-2f54da75b521|rpc:10.1.0.20:39931|dataStream:10.1.0.20:33643|priority:0|startupRole:FOLLOWER, 1fa0605c-c70f-40a8-a13c-0f797dcff94f|rpc:10.1.0.20:37453|dataStream:10.1.0.20:37951|priority:0|startupRole:FOLLOWER] returns group-98770BDE7CB1:java.util.concurrent.CompletableFuture@36524d4d[Not completed]
2023-04-22 02:18:16,974 [pool-189-thread-1] INFO  server.RaftServer$Division (RaftServerImpl.java:<init>(195)) - b7c32ab9-1d10-40a2-8298-2f54da75b521: new RaftServerImpl for group-98770BDE7CB1:[1d143142-2b08-4d43-93ad-ad0adf4c04aa|rpc:10.1.0.20:35317|dataStream:10.1.0.20:37137|priority:1|startupRole:FOLLOWER, b7c32ab9-1d10-40a2-8298-2f54da75b521|rpc:10.1.0.20:39931|dataStream:10.1.0.20:33643|priority:0|startupRole:FOLLOWER, 1fa0605c-c70f-40a8-a13c-0f797dcff94f|rpc:10.1.0.20:37453|dataStream:10.1.0.20:37951|priority:0|startupRole:FOLLOWER] with ContainerStateMachine:uninitialized
2023-04-22 02:18:16,974 [pool-189-thread-1] INFO  server.RaftServerConfigKeys (ConfUtils.java:logGet(46)) - raft.server.rpc.timeout.min = 5s (custom)
2023-04-22 02:18:16,974 [pool-189-thread-1] INFO  server.RaftServerConfigKeys (ConfUtils.java:logGet(46)) - raft.server.rpc.timeout.max = 5200ms (custom)
2023-04-22 02:18:16,974 [pool-189-thread-1] INFO  server.RaftServerConfigKeys (ConfUtils.java:logGet(46)) - raft.server.rpc.sleep.time = 25ms (default)
2023-04-22 02:18:16,974 [pool-189-thread-1] INFO  server.RaftServerConfigKeys (ConfUtils.java:logGet(46)) - raft.server.rpc.slowness.timeout = 300000ms (custom)
2023-04-22 02:18:16,974 [pool-189-thread-1] INFO  server.RaftServerConfigKeys (ConfUtils.java:logGet(46)) - raft.server.leaderelection.leader.step-down.wait-time = 10s (default)
2023-04-22 02:18:16,974 [pool-189-thread-1] INFO  server.RaftServerConfigKeys (ConfUtils.java:logGet(46)) - raft.server.sleep.deviation.threshold = 300ms (default)
2023-04-22 02:18:16,974 [pool-189-thread-1] INFO  server.RaftServer$Division (ServerState.java:<init>(118)) - b7c32ab9-1d10-40a2-8298-2f54da75b521@group-98770BDE7CB1: ConfigurationManager, init=-1: peers:[1d143142-2b08-4d43-93ad-ad0adf4c04aa|rpc:10.1.0.20:35317|dataStream:10.1.0.20:37137|priority:1|startupRole:FOLLOWER, b7c32ab9-1d10-40a2-8298-2f54da75b521|rpc:10.1.0.20:39931|dataStream:10.1.0.20:33643|priority:0|startupRole:FOLLOWER, 1fa0605c-c70f-40a8-a13c-0f797dcff94f|rpc:10.1.0.20:37453|dataStream:10.1.0.20:37951|priority:0|startupRole:FOLLOWER]|listeners:[], old=null, confs=<EMPTY_MAP>
2023-04-22 02:18:16,974 [pool-189-thread-1] INFO  server.RaftServerConfigKeys (ConfUtils.java:logGet(46)) - raft.server.storage.dir = [/home/runner/work/ozone/ozone/hadoop-ozone/integration-test/target/test-dir/MiniOzoneClusterImpl-b640deff-6994-498f-92ea-4ac5c972f0d8/datanode-5/data/ratis] (custom)
2023-04-22 02:18:16,974 [pool-189-thread-1] INFO  server.RaftServerConfigKeys (ConfUtils.java:logGet(46)) - raft.server.log.corruption.policy = EXCEPTION (default)
2023-04-22 02:18:16,974 [pool-189-thread-1] INFO  server.RaftServerConfigKeys (ConfUtils.java:logGet(46)) - raft.server.storage.free-space.min = 0MB (=0) (default)
2023-04-22 02:18:16,974 [pool-189-thread-1] INFO  server.RaftServerConfigKeys (ConfUtils.java:logGet(46)) - raft.server.notification.no-leader.timeout = 300000ms (custom)
2023-04-22 02:18:16,974 [pool-189-thread-1] INFO  server.RaftServerConfigKeys (ConfUtils.java:logGet(46)) - raft.server.retrycache.expirytime = 600000ms (custom)
2023-04-22 02:18:16,974 [pool-189-thread-1] INFO  server.RaftServerConfigKeys (ConfUtils.java:logGet(46)) - raft.server.retrycache.statistics.expirytime = 100μs (default)
2023-04-22 02:18:16,975 [pool-167-thread-1] INFO  server.RaftServerConfigKeys (ConfUtils.java:logGet(46)) - raft.server.log.appender.install.snapshot.enabled = false (custom)
2023-04-22 02:18:16,975 [pool-167-thread-1] INFO  server.RaftServerConfigKeys (ConfUtils.java:logGet(46)) - raft.server.threadpool.server.cached = true (default)
2023-04-22 02:18:16,975 [pool-167-thread-1] INFO  server.RaftServerConfigKeys (ConfUtils.java:logGet(46)) - raft.server.threadpool.server.size = 0 (default)
2023-04-22 02:18:16,975 [pool-167-thread-1] INFO  server.RaftServerConfigKeys (ConfUtils.java:logGet(46)) - raft.server.threadpool.client.cached = true (default)
2023-04-22 02:18:16,975 [pool-167-thread-1] INFO  server.RaftServerConfigKeys (ConfUtils.java:logGet(46)) - raft.server.threadpool.client.size = 0 (default)
2023-04-22 02:18:16,975 [pool-167-thread-1] INFO  storage.RaftStorageDirectory (RaftStorageDirectoryImpl.java:analyzeStorage(137)) - The storage directory /home/runner/work/ozone/ozone/hadoop-ozone/integration-test/target/test-dir/MiniOzoneClusterImpl-b640deff-6994-498f-92ea-4ac5c972f0d8/datanode-4/data/ratis/3756dc69-1fb3-4329-b2d6-98770bde7cb1 does not exist. Creating ...
2023-04-22 02:18:16,976 [pool-167-thread-1] INFO  storage.RaftStorageDirectory (RaftStorageDirectoryImpl.java:tryLock(231)) - Lock on /home/runner/work/ozone/ozone/hadoop-ozone/integration-test/target/test-dir/MiniOzoneClusterImpl-b640deff-6994-498f-92ea-4ac5c972f0d8/datanode-4/data/ratis/3756dc69-1fb3-4329-b2d6-98770bde7cb1/in_use.lock acquired by nodename 58540@fv-az443-428
2023-04-22 02:18:16,977 [pool-167-thread-1] INFO  storage.RaftStorage (RaftStorageImpl.java:format(96)) - Storage directory /home/runner/work/ozone/ozone/hadoop-ozone/integration-test/target/test-dir/MiniOzoneClusterImpl-b640deff-6994-498f-92ea-4ac5c972f0d8/datanode-4/data/ratis/3756dc69-1fb3-4329-b2d6-98770bde7cb1 has been successfully formatted.
2023-04-22 02:18:16,977 [pool-167-thread-1] INFO  ratis.ContainerStateMachine (ContainerStateMachine.java:loadSnapshot(262)) - group-98770BDE7CB1: The snapshot info is null. Setting the last applied indexto:(t:0, i:~)
2023-04-22 02:18:16,977 [pool-167-thread-1] INFO  server.RaftServerConfigKeys (ConfUtils.java:logGet(46)) - raft.server.log.use.memory = false (default)
2023-04-22 02:18:16,978 [pool-167-thread-1] INFO  server.RaftServerConfigKeys (ConfUtils.java:logGet(46)) - raft.server.log.purge.gap = 1000000 (custom)
2023-04-22 02:18:16,978 [pool-167-thread-1] INFO  server.RaftServerConfigKeys (ConfUtils.java:logGet(46)) - raft.server.log.appender.buffer.byte-limit = 33554432 (custom)
2023-04-22 02:18:16,978 [pool-167-thread-1] INFO  server.RaftServerConfigKeys (ConfUtils.java:logGet(46)) - raft.server.log.statemachine.data.read.timeout = 1000ms (default)
2023-04-22 02:18:16,978 [pool-167-thread-1] INFO  server.RaftServerConfigKeys (ConfUtils.java:logGet(46)) - raft.server.log.purge.preservation.log.num = 0 (default)
2023-04-22 02:18:16,978 [pool-167-thread-1] INFO  server.RaftServerConfigKeys (ConfUtils.java:logGet(46)) - raft.server.log.segment.size.max = 1048576 (custom)
2023-04-22 02:18:16,978 [pool-167-thread-1] INFO  server.RaftServerConfigKeys (ConfUtils.java:logGet(46)) - raft.server.log.segment.cache.num.max = 2 (custom)
2023-04-22 02:18:16,978 [pool-167-thread-1] INFO  server.RaftServerConfigKeys (ConfUtils.java:logGet(46)) - raft.server.log.segment.cache.size.max = 200MB (=209715200) (default)
2023-04-22 02:18:16,978 [pool-167-thread-1] INFO  segmented.SegmentedRaftLogWorker (SegmentedRaftLogWorker.java:<init>(189)) - new 1d143142-2b08-4d43-93ad-ad0adf4c04aa@group-98770BDE7CB1-SegmentedRaftLogWorker for RaftStorageImpl:Storage Directory /home/runner/work/ozone/ozone/hadoop-ozone/integration-test/target/test-dir/MiniOzoneClusterImpl-b640deff-6994-498f-92ea-4ac5c972f0d8/datanode-4/data/ratis/3756dc69-1fb3-4329-b2d6-98770bde7cb1
2023-04-22 02:18:16,978 [pool-167-thread-1] INFO  server.RaftServerConfigKeys (ConfUtils.java:logGet(46)) - raft.server.log.queue.byte-limit = 4294967296 (custom)
2023-04-22 02:18:16,978 [pool-167-thread-1] INFO  server.RaftServerConfigKeys (ConfUtils.java:logGet(46)) - raft.server.log.queue.element-limit = 1024 (custom)
2023-04-22 02:18:16,978 [pool-167-thread-1] INFO  server.RaftServerConfigKeys (ConfUtils.java:logGet(46)) - raft.server.log.segment.size.max = 1048576 (custom)
2023-04-22 02:18:16,978 [pool-167-thread-1] INFO  server.RaftServerConfigKeys (ConfUtils.java:logGet(46)) - raft.server.log.preallocated.size = 16384 (custom)
2023-04-22 02:18:16,978 [pool-167-thread-1] INFO  server.RaftServerConfigKeys (ConfUtils.java:logGet(46)) - raft.server.log.force.sync.num = 128 (default)
2023-04-22 02:18:16,979 [pool-167-thread-1] INFO  server.RaftServerConfigKeys (ConfUtils.java:logGet(46)) - raft.server.log.statemachine.data.sync = true (default)
2023-04-22 02:18:16,979 [pool-167-thread-1] INFO  server.RaftServerConfigKeys (ConfUtils.java:logGet(46)) - raft.server.log.statemachine.data.sync.timeout = 10s (default)
2023-04-22 02:18:16,979 [pool-167-thread-1] INFO  server.RaftServerConfigKeys (ConfUtils.java:logGet(46)) - raft.server.log.statemachine.data.sync.timeout.retry = -1 (default)
2023-04-22 02:18:16,980 [EventQueue-OpenPipelineForHealthyPipelineSafeModeRule] INFO  safemode.SCMSafeModeManager (HealthyPipelineSafeModeRule.java:process(137)) - SCM in safe mode. Healthy pipelines reported count is 0, required healthy pipeline reported count is 1
2023-04-22 02:18:16,981 [pool-167-thread-1] INFO  server.RaftServerConfigKeys (ConfUtils.java:logGet(46)) - raft.server.log.write.buffer.size = 1048576 (custom)
2023-04-22 02:18:16,982 [pool-189-thread-1] INFO  server.RaftServerConfigKeys (ConfUtils.java:logGet(46)) - raft.server.log.appender.install.snapshot.enabled = false (custom)
2023-04-22 02:18:16,982 [pool-189-thread-1] INFO  server.RaftServerConfigKeys (ConfUtils.java:logGet(46)) - raft.server.threadpool.server.cached = true (default)
2023-04-22 02:18:16,982 [pool-189-thread-1] INFO  server.RaftServerConfigKeys (ConfUtils.java:logGet(46)) - raft.server.threadpool.server.size = 0 (default)
2023-04-22 02:18:16,982 [pool-189-thread-1] INFO  server.RaftServerConfigKeys (ConfUtils.java:logGet(46)) - raft.server.threadpool.client.cached = true (default)
2023-04-22 02:18:16,982 [pool-167-thread-1] INFO  server.RaftServerConfigKeys (ConfUtils.java:logGet(46)) - raft.server.log.appender.buffer.byte-limit = 33554432 (custom)
2023-04-22 02:18:16,982 [pool-189-thread-1] INFO  server.RaftServerConfigKeys (ConfUtils.java:logGet(46)) - raft.server.threadpool.client.size = 0 (default)
2023-04-22 02:18:16,982 [pool-189-thread-1] INFO  storage.RaftStorageDirectory (RaftStorageDirectoryImpl.java:analyzeStorage(137)) - The storage directory /home/runner/work/ozone/ozone/hadoop-ozone/integration-test/target/test-dir/MiniOzoneClusterImpl-b640deff-6994-498f-92ea-4ac5c972f0d8/datanode-5/data/ratis/3756dc69-1fb3-4329-b2d6-98770bde7cb1 does not exist. Creating ...
2023-04-22 02:18:16,983 [pool-189-thread-1] INFO  storage.RaftStorageDirectory (RaftStorageDirectoryImpl.java:tryLock(231)) - Lock on /home/runner/work/ozone/ozone/hadoop-ozone/integration-test/target/test-dir/MiniOzoneClusterImpl-b640deff-6994-498f-92ea-4ac5c972f0d8/datanode-5/data/ratis/3756dc69-1fb3-4329-b2d6-98770bde7cb1/in_use.lock acquired by nodename 58540@fv-az443-428
2023-04-22 02:18:16,984 [pool-189-thread-1] INFO  storage.RaftStorage (RaftStorageImpl.java:format(96)) - Storage directory /home/runner/work/ozone/ozone/hadoop-ozone/integration-test/target/test-dir/MiniOzoneClusterImpl-b640deff-6994-498f-92ea-4ac5c972f0d8/datanode-5/data/ratis/3756dc69-1fb3-4329-b2d6-98770bde7cb1 has been successfully formatted.
2023-04-22 02:18:16,985 [pool-167-thread-1] INFO  server.RaftServerConfigKeys (ConfUtils.java:logGet(46)) - raft.server.log.unsafe-flush.enabled = false (default)
2023-04-22 02:18:16,985 [pool-167-thread-1] INFO  server.RaftServerConfigKeys (ConfUtils.java:logGet(46)) - raft.server.log.async-flush.enabled = false (default)
2023-04-22 02:18:16,985 [pool-167-thread-1] INFO  server.RaftServerConfigKeys (ConfUtils.java:logGet(46)) - raft.server.log.statemachine.data.caching.enabled = true (custom)
2023-04-22 02:18:16,985 [pool-189-thread-1] INFO  ratis.ContainerStateMachine (ContainerStateMachine.java:loadSnapshot(262)) - group-98770BDE7CB1: The snapshot info is null. Setting the last applied indexto:(t:0, i:~)
2023-04-22 02:18:16,985 [pool-189-thread-1] INFO  server.RaftServerConfigKeys (ConfUtils.java:logGet(46)) - raft.server.log.use.memory = false (default)
2023-04-22 02:18:16,985 [pool-189-thread-1] INFO  server.RaftServerConfigKeys (ConfUtils.java:logGet(46)) - raft.server.log.purge.gap = 1000000 (custom)
2023-04-22 02:18:16,985 [pool-189-thread-1] INFO  server.RaftServerConfigKeys (ConfUtils.java:logGet(46)) - raft.server.log.appender.buffer.byte-limit = 33554432 (custom)
2023-04-22 02:18:16,985 [pool-189-thread-1] INFO  server.RaftServerConfigKeys (ConfUtils.java:logGet(46)) - raft.server.log.statemachine.data.read.timeout = 1000ms (default)
2023-04-22 02:18:16,986 [pool-189-thread-1] INFO  server.RaftServerConfigKeys (ConfUtils.java:logGet(46)) - raft.server.log.purge.preservation.log.num = 0 (default)
2023-04-22 02:18:16,986 [pool-167-thread-1] INFO  segmented.SegmentedRaftLogWorker (SegmentedRaftLogWorker.java:lambda$new$0(135)) - 1d143142-2b08-4d43-93ad-ad0adf4c04aa@group-98770BDE7CB1-SegmentedRaftLogWorker: flushIndex: setUnconditionally 0 -> -1
2023-04-22 02:18:16,986 [pool-167-thread-1] INFO  segmented.SegmentedRaftLogWorker (SegmentedRaftLogWorker.java:lambda$new$0(135)) - 1d143142-2b08-4d43-93ad-ad0adf4c04aa@group-98770BDE7CB1-SegmentedRaftLogWorker: safeCacheEvictIndex: setUnconditionally 0 -> -1
2023-04-22 02:18:16,986 [pool-189-thread-1] INFO  server.RaftServerConfigKeys (ConfUtils.java:logGet(46)) - raft.server.log.segment.size.max = 1048576 (custom)
2023-04-22 02:18:16,986 [pool-167-thread-1] INFO  server.RaftServer$Division (RaftServerImpl.java:start(334)) - 1d143142-2b08-4d43-93ad-ad0adf4c04aa@group-98770BDE7CB1: start as a follower, conf=-1: peers:[1d143142-2b08-4d43-93ad-ad0adf4c04aa|rpc:10.1.0.20:35317|dataStream:10.1.0.20:37137|priority:1|startupRole:FOLLOWER, b7c32ab9-1d10-40a2-8298-2f54da75b521|rpc:10.1.0.20:39931|dataStream:10.1.0.20:33643|priority:0|startupRole:FOLLOWER, 1fa0605c-c70f-40a8-a13c-0f797dcff94f|rpc:10.1.0.20:37453|dataStream:10.1.0.20:37951|priority:0|startupRole:FOLLOWER]|listeners:[], old=null
2023-04-22 02:18:16,986 [pool-167-thread-1] INFO  server.RaftServer$Division (RaftServerImpl.java:setRole(321)) - 1d143142-2b08-4d43-93ad-ad0adf4c04aa@group-98770BDE7CB1: changes role from      null to FOLLOWER at term 0 for startAsFollower
2023-04-22 02:18:16,986 [pool-167-thread-1] INFO  impl.RoleInfo (RoleInfo.java:updateAndGet(139)) - 1d143142-2b08-4d43-93ad-ad0adf4c04aa: start 1d143142-2b08-4d43-93ad-ad0adf4c04aa@group-98770BDE7CB1-FollowerState
2023-04-22 02:18:16,986 [pool-189-thread-1] INFO  server.RaftServerConfigKeys (ConfUtils.java:logGet(46)) - raft.server.log.segment.cache.num.max = 2 (custom)
2023-04-22 02:18:16,986 [pool-189-thread-1] INFO  server.RaftServerConfigKeys (ConfUtils.java:logGet(46)) - raft.server.log.segment.cache.size.max = 200MB (=209715200) (default)
2023-04-22 02:18:16,987 [pool-189-thread-1] INFO  segmented.SegmentedRaftLogWorker (SegmentedRaftLogWorker.java:<init>(189)) - new b7c32ab9-1d10-40a2-8298-2f54da75b521@group-98770BDE7CB1-SegmentedRaftLogWorker for RaftStorageImpl:Storage Directory /home/runner/work/ozone/ozone/hadoop-ozone/integration-test/target/test-dir/MiniOzoneClusterImpl-b640deff-6994-498f-92ea-4ac5c972f0d8/datanode-5/data/ratis/3756dc69-1fb3-4329-b2d6-98770bde7cb1
2023-04-22 02:18:16,987 [pool-189-thread-1] INFO  server.RaftServerConfigKeys (ConfUtils.java:logGet(46)) - raft.server.log.queue.byte-limit = 4294967296 (custom)
2023-04-22 02:18:16,987 [pool-189-thread-1] INFO  server.RaftServerConfigKeys (ConfUtils.java:logGet(46)) - raft.server.log.queue.element-limit = 1024 (custom)
2023-04-22 02:18:16,987 [pool-189-thread-1] INFO  server.RaftServerConfigKeys (ConfUtils.java:logGet(46)) - raft.server.log.segment.size.max = 1048576 (custom)
2023-04-22 02:18:16,987 [pool-189-thread-1] INFO  server.RaftServerConfigKeys (ConfUtils.java:logGet(46)) - raft.server.log.preallocated.size = 16384 (custom)
2023-04-22 02:18:16,987 [pool-189-thread-1] INFO  server.RaftServerConfigKeys (ConfUtils.java:logGet(46)) - raft.server.log.force.sync.num = 128 (default)
2023-04-22 02:18:16,987 [pool-189-thread-1] INFO  server.RaftServerConfigKeys (ConfUtils.java:logGet(46)) - raft.server.log.statemachine.data.sync = true (default)
2023-04-22 02:18:16,987 [pool-189-thread-1] INFO  server.RaftServerConfigKeys (ConfUtils.java:logGet(46)) - raft.server.log.statemachine.data.sync.timeout = 10s (default)
2023-04-22 02:18:16,987 [pool-189-thread-1] INFO  server.RaftServerConfigKeys (ConfUtils.java:logGet(46)) - raft.server.log.statemachine.data.sync.timeout.retry = -1 (default)
2023-04-22 02:18:16,987 [pool-167-thread-1] INFO  util.JmxRegister (JmxRegister.java:tryRegister(44)) - Successfully registered JMX Bean with object name Ratis:service=RaftServer,group=group-98770BDE7CB1,id=1d143142-2b08-4d43-93ad-ad0adf4c04aa
2023-04-22 02:18:16,987 [pool-167-thread-1] INFO  server.RaftServerConfigKeys (ConfUtils.java:logGet(46)) - raft.server.snapshot.auto.trigger.enabled = true (custom)
2023-04-22 02:18:16,987 [pool-167-thread-1] INFO  server.RaftServerConfigKeys (ConfUtils.java:logGet(46)) - raft.server.snapshot.auto.trigger.threshold = 1 (custom)
2023-04-22 02:18:16,987 [pool-167-thread-1] INFO  server.RaftServerConfigKeys (ConfUtils.java:logGet(46)) - raft.server.snapshot.retention.file.num = 5 (custom)
2023-04-22 02:18:16,987 [pool-167-thread-1] INFO  server.RaftServerConfigKeys (ConfUtils.java:logGet(46)) - raft.server.log.purge.upto.snapshot.index = false (default)
2023-04-22 02:18:16,988 [1d143142-2b08-4d43-93ad-ad0adf4c04aa@group-98770BDE7CB1-FollowerState] INFO  server.RaftServerConfigKeys (ConfUtils.java:logFallback(53)) - raft.server.rpc.first-election.timeout.min = 5s (fallback to raft.server.rpc.timeout.min)
2023-04-22 02:18:16,988 [1d143142-2b08-4d43-93ad-ad0adf4c04aa@group-98770BDE7CB1-FollowerState] INFO  server.RaftServerConfigKeys (ConfUtils.java:logFallback(53)) - raft.server.rpc.first-election.timeout.max = 5200ms (fallback to raft.server.rpc.timeout.max)
2023-04-22 02:18:16,989 [pool-189-thread-1] INFO  server.RaftServerConfigKeys (ConfUtils.java:logGet(46)) - raft.server.log.write.buffer.size = 1048576 (custom)
2023-04-22 02:18:16,989 [pool-189-thread-1] INFO  server.RaftServerConfigKeys (ConfUtils.java:logGet(46)) - raft.server.log.appender.buffer.byte-limit = 33554432 (custom)
2023-04-22 02:18:16,991 [Command processor thread] INFO  ratis.XceiverServerRatis (XceiverServerRatis.java:addGroup(806)) - Created group PipelineID=3756dc69-1fb3-4329-b2d6-98770bde7cb1
2023-04-22 02:18:16,996 [pool-189-thread-1] INFO  server.RaftServerConfigKeys (ConfUtils.java:logGet(46)) - raft.server.log.unsafe-flush.enabled = false (default)
2023-04-22 02:18:16,996 [pool-189-thread-1] INFO  server.RaftServerConfigKeys (ConfUtils.java:logGet(46)) - raft.server.log.async-flush.enabled = false (default)
2023-04-22 02:18:16,996 [pool-189-thread-1] INFO  server.RaftServerConfigKeys (ConfUtils.java:logGet(46)) - raft.server.log.statemachine.data.caching.enabled = true (custom)
2023-04-22 02:18:16,999 [pool-189-thread-1] INFO  segmented.SegmentedRaftLogWorker (SegmentedRaftLogWorker.java:lambda$new$0(135)) - b7c32ab9-1d10-40a2-8298-2f54da75b521@group-98770BDE7CB1-SegmentedRaftLogWorker: flushIndex: setUnconditionally 0 -> -1
2023-04-22 02:18:16,999 [pool-189-thread-1] INFO  segmented.SegmentedRaftLogWorker (SegmentedRaftLogWorker.java:lambda$new$0(135)) - b7c32ab9-1d10-40a2-8298-2f54da75b521@group-98770BDE7CB1-SegmentedRaftLogWorker: safeCacheEvictIndex: setUnconditionally 0 -> -1
2023-04-22 02:18:16,999 [pool-189-thread-1] INFO  server.RaftServer$Division (RaftServerImpl.java:start(334)) - b7c32ab9-1d10-40a2-8298-2f54da75b521@group-98770BDE7CB1: start as a follower, conf=-1: peers:[1d143142-2b08-4d43-93ad-ad0adf4c04aa|rpc:10.1.0.20:35317|dataStream:10.1.0.20:37137|priority:1|startupRole:FOLLOWER, b7c32ab9-1d10-40a2-8298-2f54da75b521|rpc:10.1.0.20:39931|dataStream:10.1.0.20:33643|priority:0|startupRole:FOLLOWER, 1fa0605c-c70f-40a8-a13c-0f797dcff94f|rpc:10.1.0.20:37453|dataStream:10.1.0.20:37951|priority:0|startupRole:FOLLOWER]|listeners:[], old=null
2023-04-22 02:18:16,999 [pool-189-thread-1] INFO  server.RaftServer$Division (RaftServerImpl.java:setRole(321)) - b7c32ab9-1d10-40a2-8298-2f54da75b521@group-98770BDE7CB1: changes role from      null to FOLLOWER at term 0 for startAsFollower
2023-04-22 02:18:16,999 [pool-189-thread-1] INFO  impl.RoleInfo (RoleInfo.java:updateAndGet(139)) - b7c32ab9-1d10-40a2-8298-2f54da75b521: start b7c32ab9-1d10-40a2-8298-2f54da75b521@group-98770BDE7CB1-FollowerState
2023-04-22 02:18:17,003 [pool-189-thread-1] INFO  util.JmxRegister (JmxRegister.java:tryRegister(44)) - Successfully registered JMX Bean with object name Ratis:service=RaftServer,group=group-98770BDE7CB1,id=b7c32ab9-1d10-40a2-8298-2f54da75b521
2023-04-22 02:18:17,003 [pool-189-thread-1] INFO  server.RaftServerConfigKeys (ConfUtils.java:logGet(46)) - raft.server.snapshot.auto.trigger.enabled = true (custom)
2023-04-22 02:18:17,003 [pool-189-thread-1] INFO  server.RaftServerConfigKeys (ConfUtils.java:logGet(46)) - raft.server.snapshot.auto.trigger.threshold = 1 (custom)
2023-04-22 02:18:17,003 [pool-189-thread-1] INFO  server.RaftServerConfigKeys (ConfUtils.java:logGet(46)) - raft.server.snapshot.retention.file.num = 5 (custom)
2023-04-22 02:18:17,003 [pool-189-thread-1] INFO  server.RaftServerConfigKeys (ConfUtils.java:logGet(46)) - raft.server.log.purge.upto.snapshot.index = false (default)
2023-04-22 02:18:17,004 [b7c32ab9-1d10-40a2-8298-2f54da75b521@group-98770BDE7CB1-FollowerState] INFO  server.RaftServerConfigKeys (ConfUtils.java:logFallback(53)) - raft.server.rpc.first-election.timeout.min = 5s (fallback to raft.server.rpc.timeout.min)
2023-04-22 02:18:17,004 [b7c32ab9-1d10-40a2-8298-2f54da75b521@group-98770BDE7CB1-FollowerState] INFO  server.RaftServerConfigKeys (ConfUtils.java:logFallback(53)) - raft.server.rpc.first-election.timeout.max = 5200ms (fallback to raft.server.rpc.timeout.max)
2023-04-22 02:18:17,037 [Command processor thread] INFO  commandhandler.CreatePipelineCommandHandler (CreatePipelineCommandHandler.java:handle(113)) - Created Pipeline RATIS THREE PipelineID=3756dc69-1fb3-4329-b2d6-98770bde7cb1.
2023-04-22 02:18:17,058 [Command processor thread] INFO  commandhandler.CreatePipelineCommandHandler (CreatePipelineCommandHandler.java:handle(113)) - Created Pipeline RATIS THREE PipelineID=3756dc69-1fb3-4329-b2d6-98770bde7cb1.
2023-04-22 02:18:17,112 [EventQueue-OpenPipelineForHealthyPipelineSafeModeRule] INFO  safemode.SCMSafeModeManager (HealthyPipelineSafeModeRule.java:process(137)) - SCM in safe mode. Healthy pipelines reported count is 0, required healthy pipeline reported count is 1
2023-04-22 02:18:17,113 [EventQueue-OpenPipelineForHealthyPipelineSafeModeRule] INFO  safemode.SCMSafeModeManager (HealthyPipelineSafeModeRule.java:process(137)) - SCM in safe mode. Healthy pipelines reported count is 0, required healthy pipeline reported count is 1
2023-04-22 02:18:17,114 [EventQueue-OpenPipelineForHealthyPipelineSafeModeRule] INFO  safemode.SCMSafeModeManager (HealthyPipelineSafeModeRule.java:process(137)) - SCM in safe mode. Healthy pipelines reported count is 0, required healthy pipeline reported count is 1
2023-04-22 02:18:17,142 [EventQueue-OpenPipelineForHealthyPipelineSafeModeRule] INFO  safemode.SCMSafeModeManager (HealthyPipelineSafeModeRule.java:process(137)) - SCM in safe mode. Healthy pipelines reported count is 0, required healthy pipeline reported count is 1
2023-04-22 02:18:17,314 [EventQueue-OpenPipelineForHealthyPipelineSafeModeRule] INFO  safemode.SCMSafeModeManager (HealthyPipelineSafeModeRule.java:process(137)) - SCM in safe mode. Healthy pipelines reported count is 0, required healthy pipeline reported count is 1
2023-04-22 02:18:17,340 [Command processor thread] INFO  server.RaftServer (RaftServerProxy.java:addNew(96)) - b7c32ab9-1d10-40a2-8298-2f54da75b521: addNew group-44A40D714165:[b7c32ab9-1d10-40a2-8298-2f54da75b521|rpc:10.1.0.20:39931|dataStream:10.1.0.20:33643|priority:1|startupRole:FOLLOWER] returns group-44A40D714165:java.util.concurrent.CompletableFuture@3d75b319[Not completed]
2023-04-22 02:18:17,341 [pool-189-thread-1] INFO  server.RaftServer$Division (RaftServerImpl.java:<init>(195)) - b7c32ab9-1d10-40a2-8298-2f54da75b521: new RaftServerImpl for group-44A40D714165:[b7c32ab9-1d10-40a2-8298-2f54da75b521|rpc:10.1.0.20:39931|dataStream:10.1.0.20:33643|priority:1|startupRole:FOLLOWER] with ContainerStateMachine:uninitialized
2023-04-22 02:18:17,341 [pool-189-thread-1] INFO  server.RaftServerConfigKeys (ConfUtils.java:logGet(46)) - raft.server.rpc.timeout.min = 5s (custom)
2023-04-22 02:18:17,341 [pool-189-thread-1] INFO  server.RaftServerConfigKeys (ConfUtils.java:logGet(46)) - raft.server.rpc.timeout.max = 5200ms (custom)
2023-04-22 02:18:17,341 [pool-189-thread-1] INFO  server.RaftServerConfigKeys (ConfUtils.java:logGet(46)) - raft.server.rpc.sleep.time = 25ms (default)
2023-04-22 02:18:17,341 [pool-189-thread-1] INFO  server.RaftServerConfigKeys (ConfUtils.java:logGet(46)) - raft.server.rpc.slowness.timeout = 300000ms (custom)
2023-04-22 02:18:17,341 [pool-189-thread-1] INFO  server.RaftServerConfigKeys (ConfUtils.java:logGet(46)) - raft.server.leaderelection.leader.step-down.wait-time = 10s (default)
2023-04-22 02:18:17,342 [pool-189-thread-1] INFO  server.RaftServerConfigKeys (ConfUtils.java:logGet(46)) - raft.server.sleep.deviation.threshold = 300ms (default)
2023-04-22 02:18:17,342 [pool-189-thread-1] INFO  server.RaftServer$Division (ServerState.java:<init>(118)) - b7c32ab9-1d10-40a2-8298-2f54da75b521@group-44A40D714165: ConfigurationManager, init=-1: peers:[b7c32ab9-1d10-40a2-8298-2f54da75b521|rpc:10.1.0.20:39931|dataStream:10.1.0.20:33643|priority:1|startupRole:FOLLOWER]|listeners:[], old=null, confs=<EMPTY_MAP>
2023-04-22 02:18:17,342 [pool-189-thread-1] INFO  server.RaftServerConfigKeys (ConfUtils.java:logGet(46)) - raft.server.storage.dir = [/home/runner/work/ozone/ozone/hadoop-ozone/integration-test/target/test-dir/MiniOzoneClusterImpl-b640deff-6994-498f-92ea-4ac5c972f0d8/datanode-5/data/ratis] (custom)
2023-04-22 02:18:17,342 [pool-189-thread-1] INFO  server.RaftServerConfigKeys (ConfUtils.java:logGet(46)) - raft.server.log.corruption.policy = EXCEPTION (default)
2023-04-22 02:18:17,342 [pool-189-thread-1] INFO  server.RaftServerConfigKeys (ConfUtils.java:logGet(46)) - raft.server.storage.free-space.min = 0MB (=0) (default)
2023-04-22 02:18:17,342 [pool-189-thread-1] INFO  server.RaftServerConfigKeys (ConfUtils.java:logGet(46)) - raft.server.notification.no-leader.timeout = 300000ms (custom)
2023-04-22 02:18:17,342 [pool-189-thread-1] INFO  server.RaftServerConfigKeys (ConfUtils.java:logGet(46)) - raft.server.retrycache.expirytime = 600000ms (custom)
2023-04-22 02:18:17,342 [pool-189-thread-1] INFO  server.RaftServerConfigKeys (ConfUtils.java:logGet(46)) - raft.server.retrycache.statistics.expirytime = 100μs (default)
2023-04-22 02:18:17,343 [pool-189-thread-1] INFO  server.RaftServerConfigKeys (ConfUtils.java:logGet(46)) - raft.server.log.appender.install.snapshot.enabled = false (custom)
2023-04-22 02:18:17,343 [pool-189-thread-1] INFO  server.RaftServerConfigKeys (ConfUtils.java:logGet(46)) - raft.server.threadpool.server.cached = true (default)
2023-04-22 02:18:17,343 [pool-189-thread-1] INFO  server.RaftServerConfigKeys (ConfUtils.java:logGet(46)) - raft.server.threadpool.server.size = 0 (default)
2023-04-22 02:18:17,343 [pool-189-thread-1] INFO  server.RaftServerConfigKeys (ConfUtils.java:logGet(46)) - raft.server.threadpool.client.cached = true (default)
2023-04-22 02:18:17,343 [pool-189-thread-1] INFO  server.RaftServerConfigKeys (ConfUtils.java:logGet(46)) - raft.server.threadpool.client.size = 0 (default)
2023-04-22 02:18:17,343 [pool-189-thread-1] INFO  storage.RaftStorageDirectory (RaftStorageDirectoryImpl.java:analyzeStorage(137)) - The storage directory /home/runner/work/ozone/ozone/hadoop-ozone/integration-test/target/test-dir/MiniOzoneClusterImpl-b640deff-6994-498f-92ea-4ac5c972f0d8/datanode-5/data/ratis/c2802d97-685f-4a8d-ab56-44a40d714165 does not exist. Creating ...
2023-04-22 02:18:17,344 [EventQueue-OpenPipelineForHealthyPipelineSafeModeRule] INFO  safemode.SCMSafeModeManager (HealthyPipelineSafeModeRule.java:process(137)) - SCM in safe mode. Healthy pipelines reported count is 0, required healthy pipeline reported count is 1
2023-04-22 02:18:17,345 [pool-189-thread-1] INFO  storage.RaftStorageDirectory (RaftStorageDirectoryImpl.java:tryLock(231)) - Lock on /home/runner/work/ozone/ozone/hadoop-ozone/integration-test/target/test-dir/MiniOzoneClusterImpl-b640deff-6994-498f-92ea-4ac5c972f0d8/datanode-5/data/ratis/c2802d97-685f-4a8d-ab56-44a40d714165/in_use.lock acquired by nodename 58540@fv-az443-428
2023-04-22 02:18:17,346 [pool-189-thread-1] INFO  storage.RaftStorage (RaftStorageImpl.java:format(96)) - Storage directory /home/runner/work/ozone/ozone/hadoop-ozone/integration-test/target/test-dir/MiniOzoneClusterImpl-b640deff-6994-498f-92ea-4ac5c972f0d8/datanode-5/data/ratis/c2802d97-685f-4a8d-ab56-44a40d714165 has been successfully formatted.
2023-04-22 02:18:17,346 [pool-189-thread-1] INFO  ratis.ContainerStateMachine (ContainerStateMachine.java:loadSnapshot(262)) - group-44A40D714165: The snapshot info is null. Setting the last applied indexto:(t:0, i:~)
2023-04-22 02:18:17,346 [pool-189-thread-1] INFO  server.RaftServerConfigKeys (ConfUtils.java:logGet(46)) - raft.server.log.use.memory = false (default)
2023-04-22 02:18:17,346 [pool-189-thread-1] INFO  server.RaftServerConfigKeys (ConfUtils.java:logGet(46)) - raft.server.log.purge.gap = 1000000 (custom)
2023-04-22 02:18:17,346 [pool-189-thread-1] INFO  server.RaftServerConfigKeys (ConfUtils.java:logGet(46)) - raft.server.log.appender.buffer.byte-limit = 33554432 (custom)
2023-04-22 02:18:17,346 [pool-189-thread-1] INFO  server.RaftServerConfigKeys (ConfUtils.java:logGet(46)) - raft.server.log.statemachine.data.read.timeout = 1000ms (default)
2023-04-22 02:18:17,346 [pool-189-thread-1] INFO  server.RaftServerConfigKeys (ConfUtils.java:logGet(46)) - raft.server.log.purge.preservation.log.num = 0 (default)
2023-04-22 02:18:17,347 [pool-189-thread-1] INFO  server.RaftServerConfigKeys (ConfUtils.java:logGet(46)) - raft.server.log.segment.size.max = 1048576 (custom)
2023-04-22 02:18:17,347 [pool-189-thread-1] INFO  server.RaftServerConfigKeys (ConfUtils.java:logGet(46)) - raft.server.log.segment.cache.num.max = 2 (custom)
2023-04-22 02:18:17,347 [pool-189-thread-1] INFO  server.RaftServerConfigKeys (ConfUtils.java:logGet(46)) - raft.server.log.segment.cache.size.max = 200MB (=209715200) (default)
2023-04-22 02:18:17,347 [pool-189-thread-1] INFO  segmented.SegmentedRaftLogWorker (SegmentedRaftLogWorker.java:<init>(189)) - new b7c32ab9-1d10-40a2-8298-2f54da75b521@group-44A40D714165-SegmentedRaftLogWorker for RaftStorageImpl:Storage Directory /home/runner/work/ozone/ozone/hadoop-ozone/integration-test/target/test-dir/MiniOzoneClusterImpl-b640deff-6994-498f-92ea-4ac5c972f0d8/datanode-5/data/ratis/c2802d97-685f-4a8d-ab56-44a40d714165
2023-04-22 02:18:17,347 [pool-189-thread-1] INFO  server.RaftServerConfigKeys (ConfUtils.java:logGet(46)) - raft.server.log.queue.byte-limit = 4294967296 (custom)
2023-04-22 02:18:17,347 [EventQueue-PipelineReportForPipelineReportHandler] INFO  pipeline.PipelineManagerImpl (PipelineManagerImpl.java:openPipeline(367)) - Pipeline Pipeline[ Id: c2802d97-685f-4a8d-ab56-44a40d714165, Nodes: b7c32ab9-1d10-40a2-8298-2f54da75b521(fv-az443-428.ap2fcshprsnunfx25e1aelzb4b.cx.internal.cloudapp.net/10.1.0.20), ReplicationConfig: RATIS/ONE, State:ALLOCATED, leaderId:b7c32ab9-1d10-40a2-8298-2f54da75b521, CreationTimestamp2023-04-22T02:18:14.344Z[Etc/UTC]] moved to OPEN state
2023-04-22 02:18:17,348 [EventQueue-OpenPipelineForHealthyPipelineSafeModeRule] INFO  safemode.SCMSafeModeManager (HealthyPipelineSafeModeRule.java:process(137)) - SCM in safe mode. Healthy pipelines reported count is 0, required healthy pipeline reported count is 1
2023-04-22 02:18:17,347 [pool-189-thread-1] INFO  server.RaftServerConfigKeys (ConfUtils.java:logGet(46)) - raft.server.log.queue.element-limit = 1024 (custom)
2023-04-22 02:18:17,348 [pool-189-thread-1] INFO  server.RaftServerConfigKeys (ConfUtils.java:logGet(46)) - raft.server.log.segment.size.max = 1048576 (custom)
2023-04-22 02:18:17,348 [pool-189-thread-1] INFO  server.RaftServerConfigKeys (ConfUtils.java:logGet(46)) - raft.server.log.preallocated.size = 16384 (custom)
2023-04-22 02:18:17,348 [pool-189-thread-1] INFO  server.RaftServerConfigKeys (ConfUtils.java:logGet(46)) - raft.server.log.force.sync.num = 128 (default)
2023-04-22 02:18:17,348 [pool-189-thread-1] INFO  server.RaftServerConfigKeys (ConfUtils.java:logGet(46)) - raft.server.log.statemachine.data.sync = true (default)
2023-04-22 02:18:17,348 [pool-189-thread-1] INFO  server.RaftServerConfigKeys (ConfUtils.java:logGet(46)) - raft.server.log.statemachine.data.sync.timeout = 10s (default)
2023-04-22 02:18:17,348 [pool-189-thread-1] INFO  server.RaftServerConfigKeys (ConfUtils.java:logGet(46)) - raft.server.log.statemachine.data.sync.timeout.retry = -1 (default)
2023-04-22 02:18:17,349 [pool-189-thread-1] INFO  server.RaftServerConfigKeys (ConfUtils.java:logGet(46)) - raft.server.log.write.buffer.size = 1048576 (custom)
2023-04-22 02:18:17,349 [pool-189-thread-1] INFO  server.RaftServerConfigKeys (ConfUtils.java:logGet(46)) - raft.server.log.appender.buffer.byte-limit = 33554432 (custom)
2023-04-22 02:18:17,352 [pool-189-thread-1] INFO  server.RaftServerConfigKeys (ConfUtils.java:logGet(46)) - raft.server.log.unsafe-flush.enabled = false (default)
2023-04-22 02:18:17,352 [pool-189-thread-1] INFO  server.RaftServerConfigKeys (ConfUtils.java:logGet(46)) - raft.server.log.async-flush.enabled = false (default)
2023-04-22 02:18:17,352 [pool-189-thread-1] INFO  server.RaftServerConfigKeys (ConfUtils.java:logGet(46)) - raft.server.log.statemachine.data.caching.enabled = true (custom)
2023-04-22 02:18:17,352 [pool-189-thread-1] INFO  segmented.SegmentedRaftLogWorker (SegmentedRaftLogWorker.java:lambda$new$0(135)) - b7c32ab9-1d10-40a2-8298-2f54da75b521@group-44A40D714165-SegmentedRaftLogWorker: flushIndex: setUnconditionally 0 -> -1
2023-04-22 02:18:17,352 [pool-189-thread-1] INFO  segmented.SegmentedRaftLogWorker (SegmentedRaftLogWorker.java:lambda$new$0(135)) - b7c32ab9-1d10-40a2-8298-2f54da75b521@group-44A40D714165-SegmentedRaftLogWorker: safeCacheEvictIndex: setUnconditionally 0 -> -1
2023-04-22 02:18:17,353 [pool-189-thread-1] INFO  server.RaftServer$Division (RaftServerImpl.java:start(334)) - b7c32ab9-1d10-40a2-8298-2f54da75b521@group-44A40D714165: start as a follower, conf=-1: peers:[b7c32ab9-1d10-40a2-8298-2f54da75b521|rpc:10.1.0.20:39931|dataStream:10.1.0.20:33643|priority:1|startupRole:FOLLOWER]|listeners:[], old=null
2023-04-22 02:18:17,353 [pool-189-thread-1] INFO  server.RaftServer$Division (RaftServerImpl.java:setRole(321)) - b7c32ab9-1d10-40a2-8298-2f54da75b521@group-44A40D714165: changes role from      null to FOLLOWER at term 0 for startAsFollower
2023-04-22 02:18:17,353 [pool-189-thread-1] INFO  impl.RoleInfo (RoleInfo.java:updateAndGet(139)) - b7c32ab9-1d10-40a2-8298-2f54da75b521: start b7c32ab9-1d10-40a2-8298-2f54da75b521@group-44A40D714165-FollowerState
2023-04-22 02:18:17,353 [pool-189-thread-1] INFO  util.JmxRegister (JmxRegister.java:tryRegister(44)) - Successfully registered JMX Bean with object name Ratis:service=RaftServer,group=group-44A40D714165,id=b7c32ab9-1d10-40a2-8298-2f54da75b521
2023-04-22 02:18:17,353 [pool-189-thread-1] INFO  server.RaftServerConfigKeys (ConfUtils.java:logGet(46)) - raft.server.snapshot.auto.trigger.enabled = true (custom)
2023-04-22 02:18:17,353 [pool-189-thread-1] INFO  server.RaftServerConfigKeys (ConfUtils.java:logGet(46)) - raft.server.snapshot.auto.trigger.threshold = 1 (custom)
2023-04-22 02:18:17,354 [pool-189-thread-1] INFO  server.RaftServerConfigKeys (ConfUtils.java:logGet(46)) - raft.server.snapshot.retention.file.num = 5 (custom)
2023-04-22 02:18:17,354 [pool-189-thread-1] INFO  server.RaftServerConfigKeys (ConfUtils.java:logGet(46)) - raft.server.log.purge.upto.snapshot.index = false (default)
2023-04-22 02:18:17,354 [b7c32ab9-1d10-40a2-8298-2f54da75b521@group-44A40D714165-FollowerState] INFO  server.RaftServerConfigKeys (ConfUtils.java:logFallback(53)) - raft.server.rpc.first-election.timeout.min = 5s (fallback to raft.server.rpc.timeout.min)
2023-04-22 02:18:17,354 [b7c32ab9-1d10-40a2-8298-2f54da75b521@group-44A40D714165-FollowerState] INFO  server.RaftServerConfigKeys (ConfUtils.java:logFallback(53)) - raft.server.rpc.first-election.timeout.max = 5200ms (fallback to raft.server.rpc.timeout.max)
2023-04-22 02:18:17,355 [Command processor thread] INFO  ratis.XceiverServerRatis (XceiverServerRatis.java:addGroup(806)) - Created group PipelineID=c2802d97-685f-4a8d-ab56-44a40d714165
2023-04-22 02:18:17,355 [Command processor thread] INFO  commandhandler.CreatePipelineCommandHandler (CreatePipelineCommandHandler.java:handle(113)) - Created Pipeline RATIS ONE PipelineID=c2802d97-685f-4a8d-ab56-44a40d714165.
2023-04-22 02:18:17,381 [EventQueue-OpenPipelineForHealthyPipelineSafeModeRule] INFO  safemode.SCMSafeModeManager (HealthyPipelineSafeModeRule.java:process(137)) - SCM in safe mode. Healthy pipelines reported count is 0, required healthy pipeline reported count is 1
2023-04-22 02:18:17,512 [EventQueue-OpenPipelineForHealthyPipelineSafeModeRule] INFO  safemode.SCMSafeModeManager (HealthyPipelineSafeModeRule.java:process(137)) - SCM in safe mode. Healthy pipelines reported count is 0, required healthy pipeline reported count is 1
2023-04-22 02:18:17,512 [EventQueue-OpenPipelineForHealthyPipelineSafeModeRule] INFO  safemode.SCMSafeModeManager (HealthyPipelineSafeModeRule.java:process(137)) - SCM in safe mode. Healthy pipelines reported count is 0, required healthy pipeline reported count is 1
2023-04-22 02:18:17,514 [EventQueue-OpenPipelineForHealthyPipelineSafeModeRule] INFO  safemode.SCMSafeModeManager (HealthyPipelineSafeModeRule.java:process(137)) - SCM in safe mode. Healthy pipelines reported count is 0, required healthy pipeline reported count is 1
2023-04-22 02:18:17,543 [EventQueue-OpenPipelineForHealthyPipelineSafeModeRule] INFO  safemode.SCMSafeModeManager (HealthyPipelineSafeModeRule.java:process(137)) - SCM in safe mode. Healthy pipelines reported count is 0, required healthy pipeline reported count is 1
2023-04-22 02:18:17,547 [EventQueue-OpenPipelineForHealthyPipelineSafeModeRule] INFO  safemode.SCMSafeModeManager (HealthyPipelineSafeModeRule.java:process(137)) - SCM in safe mode. Healthy pipelines reported count is 0, required healthy pipeline reported count is 1
2023-04-22 02:18:17,743 [EventQueue-OpenPipelineForHealthyPipelineSafeModeRule] INFO  safemode.SCMSafeModeManager (HealthyPipelineSafeModeRule.java:process(137)) - SCM in safe mode. Healthy pipelines reported count is 0, required healthy pipeline reported count is 1
2023-04-22 02:18:17,743 [Command processor thread] INFO  server.RaftServer (RaftServerProxy.java:addNew(96)) - ffe33985-86ac-4dba-9cf7-e9d9be1914b9: addNew group-C9DB5F5BB77F:[ffe33985-86ac-4dba-9cf7-e9d9be1914b9|rpc:10.1.0.20:37515|dataStream:10.1.0.20:41651|priority:1|startupRole:FOLLOWER] returns group-C9DB5F5BB77F:java.util.concurrent.CompletableFuture@4c18b451[Not completed]
2023-04-22 02:18:17,745 [pool-215-thread-1] INFO  server.RaftServer$Division (RaftServerImpl.java:<init>(195)) - ffe33985-86ac-4dba-9cf7-e9d9be1914b9: new RaftServerImpl for group-C9DB5F5BB77F:[ffe33985-86ac-4dba-9cf7-e9d9be1914b9|rpc:10.1.0.20:37515|dataStream:10.1.0.20:41651|priority:1|startupRole:FOLLOWER] with ContainerStateMachine:uninitialized
2023-04-22 02:18:17,745 [pool-215-thread-1] INFO  server.RaftServerConfigKeys (ConfUtils.java:logGet(46)) - raft.server.rpc.timeout.min = 5s (custom)
2023-04-22 02:18:17,745 [pool-215-thread-1] INFO  server.RaftServerConfigKeys (ConfUtils.java:logGet(46)) - raft.server.rpc.timeout.max = 5200ms (custom)
2023-04-22 02:18:17,745 [pool-215-thread-1] INFO  server.RaftServerConfigKeys (ConfUtils.java:logGet(46)) - raft.server.rpc.sleep.time = 25ms (default)
2023-04-22 02:18:17,745 [pool-215-thread-1] INFO  server.RaftServerConfigKeys (ConfUtils.java:logGet(46)) - raft.server.rpc.slowness.timeout = 300000ms (custom)
2023-04-22 02:18:17,745 [pool-215-thread-1] INFO  server.RaftServerConfigKeys (ConfUtils.java:logGet(46)) - raft.server.leaderelection.leader.step-down.wait-time = 10s (default)
2023-04-22 02:18:17,745 [pool-215-thread-1] INFO  server.RaftServerConfigKeys (ConfUtils.java:logGet(46)) - raft.server.sleep.deviation.threshold = 300ms (default)
2023-04-22 02:18:17,745 [pool-215-thread-1] INFO  server.RaftServer$Division (ServerState.java:<init>(118)) - ffe33985-86ac-4dba-9cf7-e9d9be1914b9@group-C9DB5F5BB77F: ConfigurationManager, init=-1: peers:[ffe33985-86ac-4dba-9cf7-e9d9be1914b9|rpc:10.1.0.20:37515|dataStream:10.1.0.20:41651|priority:1|startupRole:FOLLOWER]|listeners:[], old=null, confs=<EMPTY_MAP>
2023-04-22 02:18:17,745 [pool-215-thread-1] INFO  server.RaftServerConfigKeys (ConfUtils.java:logGet(46)) - raft.server.storage.dir = [/home/runner/work/ozone/ozone/hadoop-ozone/integration-test/target/test-dir/MiniOzoneClusterImpl-b640deff-6994-498f-92ea-4ac5c972f0d8/datanode-6/data/ratis] (custom)
2023-04-22 02:18:17,745 [pool-215-thread-1] INFO  server.RaftServerConfigKeys (ConfUtils.java:logGet(46)) - raft.server.log.corruption.policy = EXCEPTION (default)
2023-04-22 02:18:17,745 [pool-215-thread-1] INFO  server.RaftServerConfigKeys (ConfUtils.java:logGet(46)) - raft.server.storage.free-space.min = 0MB (=0) (default)
2023-04-22 02:18:17,745 [pool-215-thread-1] INFO  server.RaftServerConfigKeys (ConfUtils.java:logGet(46)) - raft.server.notification.no-leader.timeout = 300000ms (custom)
2023-04-22 02:18:17,745 [pool-215-thread-1] INFO  server.RaftServerConfigKeys (ConfUtils.java:logGet(46)) - raft.server.retrycache.expirytime = 600000ms (custom)
2023-04-22 02:18:17,745 [pool-215-thread-1] INFO  server.RaftServerConfigKeys (ConfUtils.java:logGet(46)) - raft.server.retrycache.statistics.expirytime = 100μs (default)
2023-04-22 02:18:17,747 [pool-215-thread-1] INFO  server.RaftServerConfigKeys (ConfUtils.java:logGet(46)) - raft.server.log.appender.install.snapshot.enabled = false (custom)
2023-04-22 02:18:17,747 [pool-215-thread-1] INFO  server.RaftServerConfigKeys (ConfUtils.java:logGet(46)) - raft.server.threadpool.server.cached = true (default)
2023-04-22 02:18:17,748 [pool-215-thread-1] INFO  server.RaftServerConfigKeys (ConfUtils.java:logGet(46)) - raft.server.threadpool.server.size = 0 (default)
2023-04-22 02:18:17,748 [pool-215-thread-1] INFO  server.RaftServerConfigKeys (ConfUtils.java:logGet(46)) - raft.server.threadpool.client.cached = true (default)
2023-04-22 02:18:17,748 [pool-215-thread-1] INFO  server.RaftServerConfigKeys (ConfUtils.java:logGet(46)) - raft.server.threadpool.client.size = 0 (default)
2023-04-22 02:18:17,748 [pool-215-thread-1] INFO  storage.RaftStorageDirectory (RaftStorageDirectoryImpl.java:analyzeStorage(137)) - The storage directory /home/runner/work/ozone/ozone/hadoop-ozone/integration-test/target/test-dir/MiniOzoneClusterImpl-b640deff-6994-498f-92ea-4ac5c972f0d8/datanode-6/data/ratis/c81e7b98-8a93-42e3-95e3-c9db5f5bb77f does not exist. Creating ...
2023-04-22 02:18:17,749 [EventQueue-OpenPipelineForHealthyPipelineSafeModeRule] INFO  safemode.SCMSafeModeManager (HealthyPipelineSafeModeRule.java:process(137)) - SCM in safe mode. Healthy pipelines reported count is 0, required healthy pipeline reported count is 1
2023-04-22 02:18:17,750 [pool-215-thread-1] INFO  storage.RaftStorageDirectory (RaftStorageDirectoryImpl.java:tryLock(231)) - Lock on /home/runner/work/ozone/ozone/hadoop-ozone/integration-test/target/test-dir/MiniOzoneClusterImpl-b640deff-6994-498f-92ea-4ac5c972f0d8/datanode-6/data/ratis/c81e7b98-8a93-42e3-95e3-c9db5f5bb77f/in_use.lock acquired by nodename 58540@fv-az443-428
2023-04-22 02:18:17,751 [pool-215-thread-1] INFO  storage.RaftStorage (RaftStorageImpl.java:format(96)) - Storage directory /home/runner/work/ozone/ozone/hadoop-ozone/integration-test/target/test-dir/MiniOzoneClusterImpl-b640deff-6994-498f-92ea-4ac5c972f0d8/datanode-6/data/ratis/c81e7b98-8a93-42e3-95e3-c9db5f5bb77f has been successfully formatted.
2023-04-22 02:18:17,753 [pool-215-thread-1] INFO  ratis.ContainerStateMachine (ContainerStateMachine.java:loadSnapshot(262)) - group-C9DB5F5BB77F: The snapshot info is null. Setting the last applied indexto:(t:0, i:~)
2023-04-22 02:18:17,754 [pool-215-thread-1] INFO  server.RaftServerConfigKeys (ConfUtils.java:logGet(46)) - raft.server.log.use.memory = false (default)
2023-04-22 02:18:17,754 [pool-215-thread-1] INFO  server.RaftServerConfigKeys (ConfUtils.java:logGet(46)) - raft.server.log.purge.gap = 1000000 (custom)
2023-04-22 02:18:17,754 [pool-215-thread-1] INFO  server.RaftServerConfigKeys (ConfUtils.java:logGet(46)) - raft.server.log.appender.buffer.byte-limit = 33554432 (custom)
2023-04-22 02:18:17,754 [EventQueue-PipelineReportForPipelineReportHandler] INFO  pipeline.PipelineManagerImpl (PipelineManagerImpl.java:openPipeline(367)) - Pipeline Pipeline[ Id: c81e7b98-8a93-42e3-95e3-c9db5f5bb77f, Nodes: ffe33985-86ac-4dba-9cf7-e9d9be1914b9(fv-az443-428.ap2fcshprsnunfx25e1aelzb4b.cx.internal.cloudapp.net/10.1.0.20), ReplicationConfig: RATIS/ONE, State:ALLOCATED, leaderId:ffe33985-86ac-4dba-9cf7-e9d9be1914b9, CreationTimestamp2023-04-22T02:18:14.746Z[Etc/UTC]] moved to OPEN state
2023-04-22 02:18:17,754 [pool-215-thread-1] INFO  server.RaftServerConfigKeys (ConfUtils.java:logGet(46)) - raft.server.log.statemachine.data.read.timeout = 1000ms (default)
2023-04-22 02:18:17,754 [pool-215-thread-1] INFO  server.RaftServerConfigKeys (ConfUtils.java:logGet(46)) - raft.server.log.purge.preservation.log.num = 0 (default)
2023-04-22 02:18:17,755 [EventQueue-OpenPipelineForHealthyPipelineSafeModeRule] INFO  safemode.SCMSafeModeManager (HealthyPipelineSafeModeRule.java:process(137)) - SCM in safe mode. Healthy pipelines reported count is 0, required healthy pipeline reported count is 1
2023-04-22 02:18:17,755 [pool-215-thread-1] INFO  server.RaftServerConfigKeys (ConfUtils.java:logGet(46)) - raft.server.log.segment.size.max = 1048576 (custom)
2023-04-22 02:18:17,755 [pool-215-thread-1] INFO  server.RaftServerConfigKeys (ConfUtils.java:logGet(46)) - raft.server.log.segment.cache.num.max = 2 (custom)
2023-04-22 02:18:17,755 [pool-215-thread-1] INFO  server.RaftServerConfigKeys (ConfUtils.java:logGet(46)) - raft.server.log.segment.cache.size.max = 200MB (=209715200) (default)
2023-04-22 02:18:17,755 [pool-215-thread-1] INFO  segmented.SegmentedRaftLogWorker (SegmentedRaftLogWorker.java:<init>(189)) - new ffe33985-86ac-4dba-9cf7-e9d9be1914b9@group-C9DB5F5BB77F-SegmentedRaftLogWorker for RaftStorageImpl:Storage Directory /home/runner/work/ozone/ozone/hadoop-ozone/integration-test/target/test-dir/MiniOzoneClusterImpl-b640deff-6994-498f-92ea-4ac5c972f0d8/datanode-6/data/ratis/c81e7b98-8a93-42e3-95e3-c9db5f5bb77f
2023-04-22 02:18:17,756 [pool-215-thread-1] INFO  server.RaftServerConfigKeys (ConfUtils.java:logGet(46)) - raft.server.log.queue.byte-limit = 4294967296 (custom)
2023-04-22 02:18:17,756 [pool-215-thread-1] INFO  server.RaftServerConfigKeys (ConfUtils.java:logGet(46)) - raft.server.log.queue.element-limit = 1024 (custom)
2023-04-22 02:18:17,756 [pool-215-thread-1] INFO  server.RaftServerConfigKeys (ConfUtils.java:logGet(46)) - raft.server.log.segment.size.max = 1048576 (custom)
2023-04-22 02:18:17,756 [pool-215-thread-1] INFO  server.RaftServerConfigKeys (ConfUtils.java:logGet(46)) - raft.server.log.preallocated.size = 16384 (custom)
2023-04-22 02:18:17,756 [pool-215-thread-1] INFO  server.RaftServerConfigKeys (ConfUtils.java:logGet(46)) - raft.server.log.force.sync.num = 128 (default)
2023-04-22 02:18:17,756 [pool-215-thread-1] INFO  server.RaftServerConfigKeys (ConfUtils.java:logGet(46)) - raft.server.log.statemachine.data.sync = true (default)
2023-04-22 02:18:17,756 [pool-215-thread-1] INFO  server.RaftServerConfigKeys (ConfUtils.java:logGet(46)) - raft.server.log.statemachine.data.sync.timeout = 10s (default)
2023-04-22 02:18:17,756 [pool-215-thread-1] INFO  server.RaftServerConfigKeys (ConfUtils.java:logGet(46)) - raft.server.log.statemachine.data.sync.timeout.retry = -1 (default)
2023-04-22 02:18:17,757 [pool-215-thread-1] INFO  server.RaftServerConfigKeys (ConfUtils.java:logGet(46)) - raft.server.log.write.buffer.size = 1048576 (custom)
2023-04-22 02:18:17,758 [pool-215-thread-1] INFO  server.RaftServerConfigKeys (ConfUtils.java:logGet(46)) - raft.server.log.appender.buffer.byte-limit = 33554432 (custom)
2023-04-22 02:18:17,761 [pool-215-thread-1] INFO  server.RaftServerConfigKeys (ConfUtils.java:logGet(46)) - raft.server.log.unsafe-flush.enabled = false (default)
2023-04-22 02:18:17,761 [pool-215-thread-1] INFO  server.RaftServerConfigKeys (ConfUtils.java:logGet(46)) - raft.server.log.async-flush.enabled = false (default)
2023-04-22 02:18:17,761 [pool-215-thread-1] INFO  server.RaftServerConfigKeys (ConfUtils.java:logGet(46)) - raft.server.log.statemachine.data.caching.enabled = true (custom)
2023-04-22 02:18:17,761 [pool-215-thread-1] INFO  segmented.SegmentedRaftLogWorker (SegmentedRaftLogWorker.java:lambda$new$0(135)) - ffe33985-86ac-4dba-9cf7-e9d9be1914b9@group-C9DB5F5BB77F-SegmentedRaftLogWorker: flushIndex: setUnconditionally 0 -> -1
2023-04-22 02:18:17,761 [pool-215-thread-1] INFO  segmented.SegmentedRaftLogWorker (SegmentedRaftLogWorker.java:lambda$new$0(135)) - ffe33985-86ac-4dba-9cf7-e9d9be1914b9@group-C9DB5F5BB77F-SegmentedRaftLogWorker: safeCacheEvictIndex: setUnconditionally 0 -> -1
2023-04-22 02:18:17,761 [pool-215-thread-1] INFO  server.RaftServer$Division (RaftServerImpl.java:start(334)) - ffe33985-86ac-4dba-9cf7-e9d9be1914b9@group-C9DB5F5BB77F: start as a follower, conf=-1: peers:[ffe33985-86ac-4dba-9cf7-e9d9be1914b9|rpc:10.1.0.20:37515|dataStream:10.1.0.20:41651|priority:1|startupRole:FOLLOWER]|listeners:[], old=null
2023-04-22 02:18:17,761 [pool-215-thread-1] INFO  server.RaftServer$Division (RaftServerImpl.java:setRole(321)) - ffe33985-86ac-4dba-9cf7-e9d9be1914b9@group-C9DB5F5BB77F: changes role from      null to FOLLOWER at term 0 for startAsFollower
2023-04-22 02:18:17,761 [pool-215-thread-1] INFO  impl.RoleInfo (RoleInfo.java:updateAndGet(139)) - ffe33985-86ac-4dba-9cf7-e9d9be1914b9: start ffe33985-86ac-4dba-9cf7-e9d9be1914b9@group-C9DB5F5BB77F-FollowerState
2023-04-22 02:18:17,773 [pool-215-thread-1] INFO  util.JmxRegister (JmxRegister.java:tryRegister(44)) - Successfully registered JMX Bean with object name Ratis:service=RaftServer,group=group-C9DB5F5BB77F,id=ffe33985-86ac-4dba-9cf7-e9d9be1914b9
2023-04-22 02:18:17,773 [pool-215-thread-1] INFO  server.RaftServerConfigKeys (ConfUtils.java:logGet(46)) - raft.server.snapshot.auto.trigger.enabled = true (custom)
2023-04-22 02:18:17,773 [pool-215-thread-1] INFO  server.RaftServerConfigKeys (ConfUtils.java:logGet(46)) - raft.server.snapshot.auto.trigger.threshold = 1 (custom)
2023-04-22 02:18:17,773 [pool-215-thread-1] INFO  server.RaftServerConfigKeys (ConfUtils.java:logGet(46)) - raft.server.snapshot.retention.file.num = 5 (custom)
2023-04-22 02:18:17,773 [pool-215-thread-1] INFO  server.RaftServerConfigKeys (ConfUtils.java:logGet(46)) - raft.server.log.purge.upto.snapshot.index = false (default)
2023-04-22 02:18:17,774 [Command processor thread] INFO  ratis.XceiverServerRatis (XceiverServerRatis.java:addGroup(806)) - Created group PipelineID=c81e7b98-8a93-42e3-95e3-c9db5f5bb77f
2023-04-22 02:18:17,774 [ffe33985-86ac-4dba-9cf7-e9d9be1914b9@group-C9DB5F5BB77F-FollowerState] INFO  server.RaftServerConfigKeys (ConfUtils.java:logFallback(53)) - raft.server.rpc.first-election.timeout.min = 5s (fallback to raft.server.rpc.timeout.min)
2023-04-22 02:18:17,774 [ffe33985-86ac-4dba-9cf7-e9d9be1914b9@group-C9DB5F5BB77F-FollowerState] INFO  server.RaftServerConfigKeys (ConfUtils.java:logFallback(53)) - raft.server.rpc.first-election.timeout.max = 5200ms (fallback to raft.server.rpc.timeout.max)
2023-04-22 02:18:17,774 [Command processor thread] INFO  commandhandler.CreatePipelineCommandHandler (CreatePipelineCommandHandler.java:handle(113)) - Created Pipeline RATIS ONE PipelineID=c81e7b98-8a93-42e3-95e3-c9db5f5bb77f.
2023-04-22 02:18:17,774 [Command processor thread] INFO  server.RaftServer (RaftServerProxy.java:addNew(96)) - ffe33985-86ac-4dba-9cf7-e9d9be1914b9: addNew group-20B6682B8F2D:[2e77c710-dcb3-40c4-9ab8-375ebf5b60c5|rpc:10.1.0.20:42687|dataStream:10.1.0.20:33365|priority:0|startupRole:FOLLOWER, ffe33985-86ac-4dba-9cf7-e9d9be1914b9|rpc:10.1.0.20:37515|dataStream:10.1.0.20:41651|priority:0|startupRole:FOLLOWER, 14afdd48-1c23-4787-9ada-99348fccc9d2|rpc:10.1.0.20:38959|dataStream:10.1.0.20:42291|priority:1|startupRole:FOLLOWER] returns group-20B6682B8F2D:java.util.concurrent.CompletableFuture@4827390a[Not completed]
2023-04-22 02:18:17,775 [pool-215-thread-1] INFO  server.RaftServer$Division (RaftServerImpl.java:<init>(195)) - ffe33985-86ac-4dba-9cf7-e9d9be1914b9: new RaftServerImpl for group-20B6682B8F2D:[2e77c710-dcb3-40c4-9ab8-375ebf5b60c5|rpc:10.1.0.20:42687|dataStream:10.1.0.20:33365|priority:0|startupRole:FOLLOWER, ffe33985-86ac-4dba-9cf7-e9d9be1914b9|rpc:10.1.0.20:37515|dataStream:10.1.0.20:41651|priority:0|startupRole:FOLLOWER, 14afdd48-1c23-4787-9ada-99348fccc9d2|rpc:10.1.0.20:38959|dataStream:10.1.0.20:42291|priority:1|startupRole:FOLLOWER] with ContainerStateMachine:uninitialized
2023-04-22 02:18:17,775 [pool-215-thread-1] INFO  server.RaftServerConfigKeys (ConfUtils.java:logGet(46)) - raft.server.rpc.timeout.min = 5s (custom)
2023-04-22 02:18:17,775 [pool-215-thread-1] INFO  server.RaftServerConfigKeys (ConfUtils.java:logGet(46)) - raft.server.rpc.timeout.max = 5200ms (custom)
2023-04-22 02:18:17,775 [pool-215-thread-1] INFO  server.RaftServerConfigKeys (ConfUtils.java:logGet(46)) - raft.server.rpc.sleep.time = 25ms (default)
2023-04-22 02:18:17,775 [pool-215-thread-1] INFO  server.RaftServerConfigKeys (ConfUtils.java:logGet(46)) - raft.server.rpc.slowness.timeout = 300000ms (custom)
2023-04-22 02:18:17,775 [pool-215-thread-1] INFO  server.RaftServerConfigKeys (ConfUtils.java:logGet(46)) - raft.server.leaderelection.leader.step-down.wait-time = 10s (default)
2023-04-22 02:18:17,775 [pool-215-thread-1] INFO  server.RaftServerConfigKeys (ConfUtils.java:logGet(46)) - raft.server.sleep.deviation.threshold = 300ms (default)
2023-04-22 02:18:17,775 [pool-215-thread-1] INFO  server.RaftServer$Division (ServerState.java:<init>(118)) - ffe33985-86ac-4dba-9cf7-e9d9be1914b9@group-20B6682B8F2D: ConfigurationManager, init=-1: peers:[2e77c710-dcb3-40c4-9ab8-375ebf5b60c5|rpc:10.1.0.20:42687|dataStream:10.1.0.20:33365|priority:0|startupRole:FOLLOWER, ffe33985-86ac-4dba-9cf7-e9d9be1914b9|rpc:10.1.0.20:37515|dataStream:10.1.0.20:41651|priority:0|startupRole:FOLLOWER, 14afdd48-1c23-4787-9ada-99348fccc9d2|rpc:10.1.0.20:38959|dataStream:10.1.0.20:42291|priority:1|startupRole:FOLLOWER]|listeners:[], old=null, confs=<EMPTY_MAP>
2023-04-22 02:18:17,775 [pool-215-thread-1] INFO  server.RaftServerConfigKeys (ConfUtils.java:logGet(46)) - raft.server.storage.dir = [/home/runner/work/ozone/ozone/hadoop-ozone/integration-test/target/test-dir/MiniOzoneClusterImpl-b640deff-6994-498f-92ea-4ac5c972f0d8/datanode-6/data/ratis] (custom)
2023-04-22 02:18:17,776 [pool-215-thread-1] INFO  server.RaftServerConfigKeys (ConfUtils.java:logGet(46)) - raft.server.log.corruption.policy = EXCEPTION (default)
2023-04-22 02:18:17,776 [pool-215-thread-1] INFO  server.RaftServerConfigKeys (ConfUtils.java:logGet(46)) - raft.server.storage.free-space.min = 0MB (=0) (default)
2023-04-22 02:18:17,776 [pool-215-thread-1] INFO  server.RaftServerConfigKeys (ConfUtils.java:logGet(46)) - raft.server.notification.no-leader.timeout = 300000ms (custom)
2023-04-22 02:18:17,776 [pool-215-thread-1] INFO  server.RaftServerConfigKeys (ConfUtils.java:logGet(46)) - raft.server.retrycache.expirytime = 600000ms (custom)
2023-04-22 02:18:17,776 [pool-215-thread-1] INFO  server.RaftServerConfigKeys (ConfUtils.java:logGet(46)) - raft.server.retrycache.statistics.expirytime = 100μs (default)
2023-04-22 02:18:17,777 [pool-215-thread-1] INFO  server.RaftServerConfigKeys (ConfUtils.java:logGet(46)) - raft.server.log.appender.install.snapshot.enabled = false (custom)
2023-04-22 02:18:17,777 [pool-215-thread-1] INFO  server.RaftServerConfigKeys (ConfUtils.java:logGet(46)) - raft.server.threadpool.server.cached = true (default)
2023-04-22 02:18:17,777 [pool-215-thread-1] INFO  server.RaftServerConfigKeys (ConfUtils.java:logGet(46)) - raft.server.threadpool.server.size = 0 (default)
2023-04-22 02:18:17,777 [pool-215-thread-1] INFO  server.RaftServerConfigKeys (ConfUtils.java:logGet(46)) - raft.server.threadpool.client.cached = true (default)
2023-04-22 02:18:17,777 [pool-215-thread-1] INFO  server.RaftServerConfigKeys (ConfUtils.java:logGet(46)) - raft.server.threadpool.client.size = 0 (default)
2023-04-22 02:18:17,777 [pool-215-thread-1] INFO  storage.RaftStorageDirectory (RaftStorageDirectoryImpl.java:analyzeStorage(137)) - The storage directory /home/runner/work/ozone/ozone/hadoop-ozone/integration-test/target/test-dir/MiniOzoneClusterImpl-b640deff-6994-498f-92ea-4ac5c972f0d8/datanode-6/data/ratis/df798386-9609-4838-9036-20b6682b8f2d does not exist. Creating ...
2023-04-22 02:18:17,781 [EventQueue-OpenPipelineForHealthyPipelineSafeModeRule] INFO  safemode.SCMSafeModeManager (HealthyPipelineSafeModeRule.java:process(137)) - SCM in safe mode. Healthy pipelines reported count is 0, required healthy pipeline reported count is 1
2023-04-22 02:18:17,783 [pool-215-thread-1] INFO  storage.RaftStorageDirectory (RaftStorageDirectoryImpl.java:tryLock(231)) - Lock on /home/runner/work/ozone/ozone/hadoop-ozone/integration-test/target/test-dir/MiniOzoneClusterImpl-b640deff-6994-498f-92ea-4ac5c972f0d8/datanode-6/data/ratis/df798386-9609-4838-9036-20b6682b8f2d/in_use.lock acquired by nodename 58540@fv-az443-428
2023-04-22 02:18:17,784 [pool-215-thread-1] INFO  storage.RaftStorage (RaftStorageImpl.java:format(96)) - Storage directory /home/runner/work/ozone/ozone/hadoop-ozone/integration-test/target/test-dir/MiniOzoneClusterImpl-b640deff-6994-498f-92ea-4ac5c972f0d8/datanode-6/data/ratis/df798386-9609-4838-9036-20b6682b8f2d has been successfully formatted.
2023-04-22 02:18:17,786 [EventQueue-OpenPipelineForHealthyPipelineSafeModeRule] INFO  safemode.SCMSafeModeManager (HealthyPipelineSafeModeRule.java:process(137)) - SCM in safe mode. Healthy pipelines reported count is 0, required healthy pipeline reported count is 1
2023-04-22 02:18:17,786 [pool-215-thread-1] INFO  ratis.ContainerStateMachine (ContainerStateMachine.java:loadSnapshot(262)) - group-20B6682B8F2D: The snapshot info is null. Setting the last applied indexto:(t:0, i:~)
2023-04-22 02:18:17,786 [pool-215-thread-1] INFO  server.RaftServerConfigKeys (ConfUtils.java:logGet(46)) - raft.server.log.use.memory = false (default)
2023-04-22 02:18:17,786 [pool-215-thread-1] INFO  server.RaftServerConfigKeys (ConfUtils.java:logGet(46)) - raft.server.log.purge.gap = 1000000 (custom)
2023-04-22 02:18:17,786 [pool-215-thread-1] INFO  server.RaftServerConfigKeys (ConfUtils.java:logGet(46)) - raft.server.log.appender.buffer.byte-limit = 33554432 (custom)
2023-04-22 02:18:17,786 [pool-215-thread-1] INFO  server.RaftServerConfigKeys (ConfUtils.java:logGet(46)) - raft.server.log.statemachine.data.read.timeout = 1000ms (default)
2023-04-22 02:18:17,786 [pool-215-thread-1] INFO  server.RaftServerConfigKeys (ConfUtils.java:logGet(46)) - raft.server.log.purge.preservation.log.num = 0 (default)
2023-04-22 02:18:17,786 [pool-215-thread-1] INFO  server.RaftServerConfigKeys (ConfUtils.java:logGet(46)) - raft.server.log.segment.size.max = 1048576 (custom)
2023-04-22 02:18:17,788 [pool-215-thread-1] INFO  server.RaftServerConfigKeys (ConfUtils.java:logGet(46)) - raft.server.log.segment.cache.num.max = 2 (custom)
2023-04-22 02:18:17,788 [pool-215-thread-1] INFO  server.RaftServerConfigKeys (ConfUtils.java:logGet(46)) - raft.server.log.segment.cache.size.max = 200MB (=209715200) (default)
2023-04-22 02:18:17,788 [pool-215-thread-1] INFO  segmented.SegmentedRaftLogWorker (SegmentedRaftLogWorker.java:<init>(189)) - new ffe33985-86ac-4dba-9cf7-e9d9be1914b9@group-20B6682B8F2D-SegmentedRaftLogWorker for RaftStorageImpl:Storage Directory /home/runner/work/ozone/ozone/hadoop-ozone/integration-test/target/test-dir/MiniOzoneClusterImpl-b640deff-6994-498f-92ea-4ac5c972f0d8/datanode-6/data/ratis/df798386-9609-4838-9036-20b6682b8f2d
2023-04-22 02:18:17,788 [pool-215-thread-1] INFO  server.RaftServerConfigKeys (ConfUtils.java:logGet(46)) - raft.server.log.queue.byte-limit = 4294967296 (custom)
2023-04-22 02:18:17,788 [pool-215-thread-1] INFO  server.RaftServerConfigKeys (ConfUtils.java:logGet(46)) - raft.server.log.queue.element-limit = 1024 (custom)
2023-04-22 02:18:17,788 [pool-215-thread-1] INFO  server.RaftServerConfigKeys (ConfUtils.java:logGet(46)) - raft.server.log.segment.size.max = 1048576 (custom)
2023-04-22 02:18:17,788 [pool-215-thread-1] INFO  server.RaftServerConfigKeys (ConfUtils.java:logGet(46)) - raft.server.log.preallocated.size = 16384 (custom)
2023-04-22 02:18:17,788 [pool-215-thread-1] INFO  server.RaftServerConfigKeys (ConfUtils.java:logGet(46)) - raft.server.log.force.sync.num = 128 (default)
2023-04-22 02:18:17,788 [pool-215-thread-1] INFO  server.RaftServerConfigKeys (ConfUtils.java:logGet(46)) - raft.server.log.statemachine.data.sync = true (default)
2023-04-22 02:18:17,788 [pool-215-thread-1] INFO  server.RaftServerConfigKeys (ConfUtils.java:logGet(46)) - raft.server.log.statemachine.data.sync.timeout = 10s (default)
2023-04-22 02:18:17,788 [pool-215-thread-1] INFO  server.RaftServerConfigKeys (ConfUtils.java:logGet(46)) - raft.server.log.statemachine.data.sync.timeout.retry = -1 (default)
2023-04-22 02:18:17,789 [pool-215-thread-1] INFO  server.RaftServerConfigKeys (ConfUtils.java:logGet(46)) - raft.server.log.write.buffer.size = 1048576 (custom)
2023-04-22 02:18:17,790 [pool-215-thread-1] INFO  server.RaftServerConfigKeys (ConfUtils.java:logGet(46)) - raft.server.log.appender.buffer.byte-limit = 33554432 (custom)
2023-04-22 02:18:17,793 [pool-215-thread-1] INFO  server.RaftServerConfigKeys (ConfUtils.java:logGet(46)) - raft.server.log.unsafe-flush.enabled = false (default)
2023-04-22 02:18:17,793 [pool-215-thread-1] INFO  server.RaftServerConfigKeys (ConfUtils.java:logGet(46)) - raft.server.log.async-flush.enabled = false (default)
2023-04-22 02:18:17,793 [pool-215-thread-1] INFO  server.RaftServerConfigKeys (ConfUtils.java:logGet(46)) - raft.server.log.statemachine.data.caching.enabled = true (custom)
2023-04-22 02:18:17,793 [pool-215-thread-1] INFO  segmented.SegmentedRaftLogWorker (SegmentedRaftLogWorker.java:lambda$new$0(135)) - ffe33985-86ac-4dba-9cf7-e9d9be1914b9@group-20B6682B8F2D-SegmentedRaftLogWorker: flushIndex: setUnconditionally 0 -> -1
2023-04-22 02:18:17,793 [pool-215-thread-1] INFO  segmented.SegmentedRaftLogWorker (SegmentedRaftLogWorker.java:lambda$new$0(135)) - ffe33985-86ac-4dba-9cf7-e9d9be1914b9@group-20B6682B8F2D-SegmentedRaftLogWorker: safeCacheEvictIndex: setUnconditionally 0 -> -1
2023-04-22 02:18:17,794 [pool-215-thread-1] INFO  server.RaftServer$Division (RaftServerImpl.java:start(334)) - ffe33985-86ac-4dba-9cf7-e9d9be1914b9@group-20B6682B8F2D: start as a follower, conf=-1: peers:[2e77c710-dcb3-40c4-9ab8-375ebf5b60c5|rpc:10.1.0.20:42687|dataStream:10.1.0.20:33365|priority:0|startupRole:FOLLOWER, ffe33985-86ac-4dba-9cf7-e9d9be1914b9|rpc:10.1.0.20:37515|dataStream:10.1.0.20:41651|priority:0|startupRole:FOLLOWER, 14afdd48-1c23-4787-9ada-99348fccc9d2|rpc:10.1.0.20:38959|dataStream:10.1.0.20:42291|priority:1|startupRole:FOLLOWER]|listeners:[], old=null
2023-04-22 02:18:17,794 [pool-215-thread-1] INFO  server.RaftServer$Division (RaftServerImpl.java:setRole(321)) - ffe33985-86ac-4dba-9cf7-e9d9be1914b9@group-20B6682B8F2D: changes role from      null to FOLLOWER at term 0 for startAsFollower
2023-04-22 02:18:17,794 [pool-215-thread-1] INFO  impl.RoleInfo (RoleInfo.java:updateAndGet(139)) - ffe33985-86ac-4dba-9cf7-e9d9be1914b9: start ffe33985-86ac-4dba-9cf7-e9d9be1914b9@group-20B6682B8F2D-FollowerState
2023-04-22 02:18:17,794 [pool-215-thread-1] INFO  util.JmxRegister (JmxRegister.java:tryRegister(44)) - Successfully registered JMX Bean with object name Ratis:service=RaftServer,group=group-20B6682B8F2D,id=ffe33985-86ac-4dba-9cf7-e9d9be1914b9
2023-04-22 02:18:17,794 [pool-215-thread-1] INFO  server.RaftServerConfigKeys (ConfUtils.java:logGet(46)) - raft.server.snapshot.auto.trigger.enabled = true (custom)
2023-04-22 02:18:17,794 [pool-215-thread-1] INFO  server.RaftServerConfigKeys (ConfUtils.java:logGet(46)) - raft.server.snapshot.auto.trigger.threshold = 1 (custom)
2023-04-22 02:18:17,794 [pool-215-thread-1] INFO  server.RaftServerConfigKeys (ConfUtils.java:logGet(46)) - raft.server.snapshot.retention.file.num = 5 (custom)
2023-04-22 02:18:17,794 [pool-215-thread-1] INFO  server.RaftServerConfigKeys (ConfUtils.java:logGet(46)) - raft.server.log.purge.upto.snapshot.index = false (default)
2023-04-22 02:18:17,795 [ffe33985-86ac-4dba-9cf7-e9d9be1914b9@group-20B6682B8F2D-FollowerState] INFO  server.RaftServerConfigKeys (ConfUtils.java:logFallback(53)) - raft.server.rpc.first-election.timeout.min = 5s (fallback to raft.server.rpc.timeout.min)
2023-04-22 02:18:17,796 [ffe33985-86ac-4dba-9cf7-e9d9be1914b9@group-20B6682B8F2D-FollowerState] INFO  server.RaftServerConfigKeys (ConfUtils.java:logFallback(53)) - raft.server.rpc.first-election.timeout.max = 5200ms (fallback to raft.server.rpc.timeout.max)
2023-04-22 02:18:17,796 [Command processor thread] INFO  ratis.XceiverServerRatis (XceiverServerRatis.java:addGroup(806)) - Created group PipelineID=df798386-9609-4838-9036-20b6682b8f2d
2023-04-22 02:18:17,813 [grpc-default-executor-1] INFO  server.RaftServer (RaftServerProxy.java:addNew(96)) - 14afdd48-1c23-4787-9ada-99348fccc9d2: addNew group-20B6682B8F2D:[2e77c710-dcb3-40c4-9ab8-375ebf5b60c5|rpc:10.1.0.20:42687|dataStream:10.1.0.20:33365|priority:0|startupRole:FOLLOWER, ffe33985-86ac-4dba-9cf7-e9d9be1914b9|rpc:10.1.0.20:37515|dataStream:10.1.0.20:41651|priority:0|startupRole:FOLLOWER, 14afdd48-1c23-4787-9ada-99348fccc9d2|rpc:10.1.0.20:38959|dataStream:10.1.0.20:42291|priority:1|startupRole:FOLLOWER] returns group-20B6682B8F2D:java.util.concurrent.CompletableFuture@1d7f1c85[Not completed]
2023-04-22 02:18:17,816 [pool-267-thread-1] INFO  server.RaftServer$Division (RaftServerImpl.java:<init>(195)) - 14afdd48-1c23-4787-9ada-99348fccc9d2: new RaftServerImpl for group-20B6682B8F2D:[2e77c710-dcb3-40c4-9ab8-375ebf5b60c5|rpc:10.1.0.20:42687|dataStream:10.1.0.20:33365|priority:0|startupRole:FOLLOWER, ffe33985-86ac-4dba-9cf7-e9d9be1914b9|rpc:10.1.0.20:37515|dataStream:10.1.0.20:41651|priority:0|startupRole:FOLLOWER, 14afdd48-1c23-4787-9ada-99348fccc9d2|rpc:10.1.0.20:38959|dataStream:10.1.0.20:42291|priority:1|startupRole:FOLLOWER] with ContainerStateMachine:uninitialized
2023-04-22 02:18:17,816 [pool-267-thread-1] INFO  server.RaftServerConfigKeys (ConfUtils.java:logGet(46)) - raft.server.rpc.timeout.min = 5s (custom)
2023-04-22 02:18:17,816 [pool-267-thread-1] INFO  server.RaftServerConfigKeys (ConfUtils.java:logGet(46)) - raft.server.rpc.timeout.max = 5200ms (custom)
2023-04-22 02:18:17,816 [pool-267-thread-1] INFO  server.RaftServerConfigKeys (ConfUtils.java:logGet(46)) - raft.server.rpc.sleep.time = 25ms (default)
2023-04-22 02:18:17,816 [pool-267-thread-1] INFO  server.RaftServerConfigKeys (ConfUtils.java:logGet(46)) - raft.server.rpc.slowness.timeout = 300000ms (custom)
2023-04-22 02:18:17,816 [pool-267-thread-1] INFO  server.RaftServerConfigKeys (ConfUtils.java:logGet(46)) - raft.server.leaderelection.leader.step-down.wait-time = 10s (default)
2023-04-22 02:18:17,816 [pool-267-thread-1] INFO  server.RaftServerConfigKeys (ConfUtils.java:logGet(46)) - raft.server.sleep.deviation.threshold = 300ms (default)
2023-04-22 02:18:17,816 [pool-267-thread-1] INFO  server.RaftServer$Division (ServerState.java:<init>(118)) - 14afdd48-1c23-4787-9ada-99348fccc9d2@group-20B6682B8F2D: ConfigurationManager, init=-1: peers:[2e77c710-dcb3-40c4-9ab8-375ebf5b60c5|rpc:10.1.0.20:42687|dataStream:10.1.0.20:33365|priority:0|startupRole:FOLLOWER, ffe33985-86ac-4dba-9cf7-e9d9be1914b9|rpc:10.1.0.20:37515|dataStream:10.1.0.20:41651|priority:0|startupRole:FOLLOWER, 14afdd48-1c23-4787-9ada-99348fccc9d2|rpc:10.1.0.20:38959|dataStream:10.1.0.20:42291|priority:1|startupRole:FOLLOWER]|listeners:[], old=null, confs=<EMPTY_MAP>
2023-04-22 02:18:17,816 [pool-267-thread-1] INFO  server.RaftServerConfigKeys (ConfUtils.java:logGet(46)) - raft.server.storage.dir = [/home/runner/work/ozone/ozone/hadoop-ozone/integration-test/target/test-dir/MiniOzoneClusterImpl-b640deff-6994-498f-92ea-4ac5c972f0d8/datanode-8/data/ratis] (custom)
2023-04-22 02:18:17,816 [pool-267-thread-1] INFO  server.RaftServerConfigKeys (ConfUtils.java:logGet(46)) - raft.server.log.corruption.policy = EXCEPTION (default)
2023-04-22 02:18:17,816 [pool-267-thread-1] INFO  server.RaftServerConfigKeys (ConfUtils.java:logGet(46)) - raft.server.storage.free-space.min = 0MB (=0) (default)
2023-04-22 02:18:17,816 [pool-267-thread-1] INFO  server.RaftServerConfigKeys (ConfUtils.java:logGet(46)) - raft.server.notification.no-leader.timeout = 300000ms (custom)
2023-04-22 02:18:17,817 [pool-267-thread-1] INFO  server.RaftServerConfigKeys (ConfUtils.java:logGet(46)) - raft.server.retrycache.expirytime = 600000ms (custom)
2023-04-22 02:18:17,817 [pool-267-thread-1] INFO  server.RaftServerConfigKeys (ConfUtils.java:logGet(46)) - raft.server.retrycache.statistics.expirytime = 100μs (default)
2023-04-22 02:18:17,819 [pool-267-thread-1] INFO  server.RaftServerConfigKeys (ConfUtils.java:logGet(46)) - raft.server.log.appender.install.snapshot.enabled = false (custom)
2023-04-22 02:18:17,819 [pool-267-thread-1] INFO  server.RaftServerConfigKeys (ConfUtils.java:logGet(46)) - raft.server.threadpool.server.cached = true (default)
2023-04-22 02:18:17,819 [pool-267-thread-1] INFO  server.RaftServerConfigKeys (ConfUtils.java:logGet(46)) - raft.server.threadpool.server.size = 0 (default)
2023-04-22 02:18:17,819 [pool-267-thread-1] INFO  server.RaftServerConfigKeys (ConfUtils.java:logGet(46)) - raft.server.threadpool.client.cached = true (default)
2023-04-22 02:18:17,819 [pool-267-thread-1] INFO  server.RaftServerConfigKeys (ConfUtils.java:logGet(46)) - raft.server.threadpool.client.size = 0 (default)
2023-04-22 02:18:17,819 [pool-267-thread-1] INFO  storage.RaftStorageDirectory (RaftStorageDirectoryImpl.java:analyzeStorage(137)) - The storage directory /home/runner/work/ozone/ozone/hadoop-ozone/integration-test/target/test-dir/MiniOzoneClusterImpl-b640deff-6994-498f-92ea-4ac5c972f0d8/datanode-8/data/ratis/df798386-9609-4838-9036-20b6682b8f2d does not exist. Creating ...
2023-04-22 02:18:17,820 [pool-267-thread-1] INFO  storage.RaftStorageDirectory (RaftStorageDirectoryImpl.java:tryLock(231)) - Lock on /home/runner/work/ozone/ozone/hadoop-ozone/integration-test/target/test-dir/MiniOzoneClusterImpl-b640deff-6994-498f-92ea-4ac5c972f0d8/datanode-8/data/ratis/df798386-9609-4838-9036-20b6682b8f2d/in_use.lock acquired by nodename 58540@fv-az443-428
2023-04-22 02:18:17,821 [pool-267-thread-1] INFO  storage.RaftStorage (RaftStorageImpl.java:format(96)) - Storage directory /home/runner/work/ozone/ozone/hadoop-ozone/integration-test/target/test-dir/MiniOzoneClusterImpl-b640deff-6994-498f-92ea-4ac5c972f0d8/datanode-8/data/ratis/df798386-9609-4838-9036-20b6682b8f2d has been successfully formatted.
2023-04-22 02:18:17,827 [pool-267-thread-1] INFO  ratis.ContainerStateMachine (ContainerStateMachine.java:loadSnapshot(262)) - group-20B6682B8F2D: The snapshot info is null. Setting the last applied indexto:(t:0, i:~)
2023-04-22 02:18:17,827 [pool-267-thread-1] INFO  server.RaftServerConfigKeys (ConfUtils.java:logGet(46)) - raft.server.log.use.memory = false (default)
2023-04-22 02:18:17,827 [pool-267-thread-1] INFO  server.RaftServerConfigKeys (ConfUtils.java:logGet(46)) - raft.server.log.purge.gap = 1000000 (custom)
2023-04-22 02:18:17,827 [pool-267-thread-1] INFO  server.RaftServerConfigKeys (ConfUtils.java:logGet(46)) - raft.server.log.appender.buffer.byte-limit = 33554432 (custom)
2023-04-22 02:18:17,827 [pool-267-thread-1] INFO  server.RaftServerConfigKeys (ConfUtils.java:logGet(46)) - raft.server.log.statemachine.data.read.timeout = 1000ms (default)
2023-04-22 02:18:17,827 [pool-267-thread-1] INFO  server.RaftServerConfigKeys (ConfUtils.java:logGet(46)) - raft.server.log.purge.preservation.log.num = 0 (default)
2023-04-22 02:18:17,827 [pool-267-thread-1] INFO  server.RaftServerConfigKeys (ConfUtils.java:logGet(46)) - raft.server.log.segment.size.max = 1048576 (custom)
2023-04-22 02:18:17,827 [pool-267-thread-1] INFO  server.RaftServerConfigKeys (ConfUtils.java:logGet(46)) - raft.server.log.segment.cache.num.max = 2 (custom)
2023-04-22 02:18:17,828 [pool-267-thread-1] INFO  server.RaftServerConfigKeys (ConfUtils.java:logGet(46)) - raft.server.log.segment.cache.size.max = 200MB (=209715200) (default)
2023-04-22 02:18:17,828 [pool-267-thread-1] INFO  segmented.SegmentedRaftLogWorker (SegmentedRaftLogWorker.java:<init>(189)) - new 14afdd48-1c23-4787-9ada-99348fccc9d2@group-20B6682B8F2D-SegmentedRaftLogWorker for RaftStorageImpl:Storage Directory /home/runner/work/ozone/ozone/hadoop-ozone/integration-test/target/test-dir/MiniOzoneClusterImpl-b640deff-6994-498f-92ea-4ac5c972f0d8/datanode-8/data/ratis/df798386-9609-4838-9036-20b6682b8f2d
2023-04-22 02:18:17,828 [pool-267-thread-1] INFO  server.RaftServerConfigKeys (ConfUtils.java:logGet(46)) - raft.server.log.queue.byte-limit = 4294967296 (custom)
2023-04-22 02:18:17,828 [pool-267-thread-1] INFO  server.RaftServerConfigKeys (ConfUtils.java:logGet(46)) - raft.server.log.queue.element-limit = 1024 (custom)
2023-04-22 02:18:17,828 [pool-267-thread-1] INFO  server.RaftServerConfigKeys (ConfUtils.java:logGet(46)) - raft.server.log.segment.size.max = 1048576 (custom)
2023-04-22 02:18:17,828 [pool-267-thread-1] INFO  server.RaftServerConfigKeys (ConfUtils.java:logGet(46)) - raft.server.log.preallocated.size = 16384 (custom)
2023-04-22 02:18:17,828 [pool-267-thread-1] INFO  server.RaftServerConfigKeys (ConfUtils.java:logGet(46)) - raft.server.log.force.sync.num = 128 (default)
2023-04-22 02:18:17,828 [pool-267-thread-1] INFO  server.RaftServerConfigKeys (ConfUtils.java:logGet(46)) - raft.server.log.statemachine.data.sync = true (default)
2023-04-22 02:18:17,828 [pool-267-thread-1] INFO  server.RaftServerConfigKeys (ConfUtils.java:logGet(46)) - raft.server.log.statemachine.data.sync.timeout = 10s (default)
2023-04-22 02:18:17,828 [pool-267-thread-1] INFO  server.RaftServerConfigKeys (ConfUtils.java:logGet(46)) - raft.server.log.statemachine.data.sync.timeout.retry = -1 (default)
2023-04-22 02:18:17,829 [pool-267-thread-1] INFO  server.RaftServerConfigKeys (ConfUtils.java:logGet(46)) - raft.server.log.write.buffer.size = 1048576 (custom)
2023-04-22 02:18:17,830 [pool-267-thread-1] INFO  server.RaftServerConfigKeys (ConfUtils.java:logGet(46)) - raft.server.log.appender.buffer.byte-limit = 33554432 (custom)
2023-04-22 02:18:17,833 [pool-267-thread-1] INFO  server.RaftServerConfigKeys (ConfUtils.java:logGet(46)) - raft.server.log.unsafe-flush.enabled = false (default)
2023-04-22 02:18:17,833 [pool-267-thread-1] INFO  server.RaftServerConfigKeys (ConfUtils.java:logGet(46)) - raft.server.log.async-flush.enabled = false (default)
2023-04-22 02:18:17,833 [pool-267-thread-1] INFO  server.RaftServerConfigKeys (ConfUtils.java:logGet(46)) - raft.server.log.statemachine.data.caching.enabled = true (custom)
2023-04-22 02:18:17,833 [pool-267-thread-1] INFO  segmented.SegmentedRaftLogWorker (SegmentedRaftLogWorker.java:lambda$new$0(135)) - 14afdd48-1c23-4787-9ada-99348fccc9d2@group-20B6682B8F2D-SegmentedRaftLogWorker: flushIndex: setUnconditionally 0 -> -1
2023-04-22 02:18:17,833 [pool-267-thread-1] INFO  segmented.SegmentedRaftLogWorker (SegmentedRaftLogWorker.java:lambda$new$0(135)) - 14afdd48-1c23-4787-9ada-99348fccc9d2@group-20B6682B8F2D-SegmentedRaftLogWorker: safeCacheEvictIndex: setUnconditionally 0 -> -1
2023-04-22 02:18:17,833 [pool-267-thread-1] INFO  server.RaftServer$Division (RaftServerImpl.java:start(334)) - 14afdd48-1c23-4787-9ada-99348fccc9d2@group-20B6682B8F2D: start as a follower, conf=-1: peers:[2e77c710-dcb3-40c4-9ab8-375ebf5b60c5|rpc:10.1.0.20:42687|dataStream:10.1.0.20:33365|priority:0|startupRole:FOLLOWER, ffe33985-86ac-4dba-9cf7-e9d9be1914b9|rpc:10.1.0.20:37515|dataStream:10.1.0.20:41651|priority:0|startupRole:FOLLOWER, 14afdd48-1c23-4787-9ada-99348fccc9d2|rpc:10.1.0.20:38959|dataStream:10.1.0.20:42291|priority:1|startupRole:FOLLOWER]|listeners:[], old=null
2023-04-22 02:18:17,833 [pool-267-thread-1] INFO  server.RaftServer$Division (RaftServerImpl.java:setRole(321)) - 14afdd48-1c23-4787-9ada-99348fccc9d2@group-20B6682B8F2D: changes role from      null to FOLLOWER at term 0 for startAsFollower
2023-04-22 02:18:17,833 [pool-267-thread-1] INFO  impl.RoleInfo (RoleInfo.java:updateAndGet(139)) - 14afdd48-1c23-4787-9ada-99348fccc9d2: start 14afdd48-1c23-4787-9ada-99348fccc9d2@group-20B6682B8F2D-FollowerState
2023-04-22 02:18:17,835 [pool-267-thread-1] INFO  util.JmxRegister (JmxRegister.java:tryRegister(44)) - Successfully registered JMX Bean with object name Ratis:service=RaftServer,group=group-20B6682B8F2D,id=14afdd48-1c23-4787-9ada-99348fccc9d2
2023-04-22 02:18:17,835 [pool-267-thread-1] INFO  server.RaftServerConfigKeys (ConfUtils.java:logGet(46)) - raft.server.snapshot.auto.trigger.enabled = true (custom)
2023-04-22 02:18:17,835 [pool-267-thread-1] INFO  server.RaftServerConfigKeys (ConfUtils.java:logGet(46)) - raft.server.snapshot.auto.trigger.threshold = 1 (custom)
2023-04-22 02:18:17,835 [pool-267-thread-1] INFO  server.RaftServerConfigKeys (ConfUtils.java:logGet(46)) - raft.server.snapshot.retention.file.num = 5 (custom)
2023-04-22 02:18:17,835 [pool-267-thread-1] INFO  server.RaftServerConfigKeys (ConfUtils.java:logGet(46)) - raft.server.log.purge.upto.snapshot.index = false (default)
2023-04-22 02:18:17,835 [14afdd48-1c23-4787-9ada-99348fccc9d2@group-20B6682B8F2D-FollowerState] INFO  server.RaftServerConfigKeys (ConfUtils.java:logFallback(53)) - raft.server.rpc.first-election.timeout.min = 5s (fallback to raft.server.rpc.timeout.min)
2023-04-22 02:18:17,835 [14afdd48-1c23-4787-9ada-99348fccc9d2@group-20B6682B8F2D-FollowerState] INFO  server.RaftServerConfigKeys (ConfUtils.java:logFallback(53)) - raft.server.rpc.first-election.timeout.max = 5200ms (fallback to raft.server.rpc.timeout.max)
2023-04-22 02:18:17,858 [grpc-default-executor-1] INFO  server.RaftServer (RaftServerProxy.java:addNew(96)) - 2e77c710-dcb3-40c4-9ab8-375ebf5b60c5: addNew group-20B6682B8F2D:[2e77c710-dcb3-40c4-9ab8-375ebf5b60c5|rpc:10.1.0.20:42687|dataStream:10.1.0.20:33365|priority:0|startupRole:FOLLOWER, ffe33985-86ac-4dba-9cf7-e9d9be1914b9|rpc:10.1.0.20:37515|dataStream:10.1.0.20:41651|priority:0|startupRole:FOLLOWER, 14afdd48-1c23-4787-9ada-99348fccc9d2|rpc:10.1.0.20:38959|dataStream:10.1.0.20:42291|priority:1|startupRole:FOLLOWER] returns group-20B6682B8F2D:java.util.concurrent.CompletableFuture@39f645ad[Not completed]
2023-04-22 02:18:17,859 [pool-241-thread-1] INFO  server.RaftServer$Division (RaftServerImpl.java:<init>(195)) - 2e77c710-dcb3-40c4-9ab8-375ebf5b60c5: new RaftServerImpl for group-20B6682B8F2D:[2e77c710-dcb3-40c4-9ab8-375ebf5b60c5|rpc:10.1.0.20:42687|dataStream:10.1.0.20:33365|priority:0|startupRole:FOLLOWER, ffe33985-86ac-4dba-9cf7-e9d9be1914b9|rpc:10.1.0.20:37515|dataStream:10.1.0.20:41651|priority:0|startupRole:FOLLOWER, 14afdd48-1c23-4787-9ada-99348fccc9d2|rpc:10.1.0.20:38959|dataStream:10.1.0.20:42291|priority:1|startupRole:FOLLOWER] with ContainerStateMachine:uninitialized
2023-04-22 02:18:17,859 [pool-241-thread-1] INFO  server.RaftServerConfigKeys (ConfUtils.java:logGet(46)) - raft.server.rpc.timeout.min = 5s (custom)
2023-04-22 02:18:17,859 [pool-241-thread-1] INFO  server.RaftServerConfigKeys (ConfUtils.java:logGet(46)) - raft.server.rpc.timeout.max = 5200ms (custom)
2023-04-22 02:18:17,859 [pool-241-thread-1] INFO  server.RaftServerConfigKeys (ConfUtils.java:logGet(46)) - raft.server.rpc.sleep.time = 25ms (default)
2023-04-22 02:18:17,859 [pool-241-thread-1] INFO  server.RaftServerConfigKeys (ConfUtils.java:logGet(46)) - raft.server.rpc.slowness.timeout = 300000ms (custom)
2023-04-22 02:18:17,859 [pool-241-thread-1] INFO  server.RaftServerConfigKeys (ConfUtils.java:logGet(46)) - raft.server.leaderelection.leader.step-down.wait-time = 10s (default)
2023-04-22 02:18:17,859 [pool-241-thread-1] INFO  server.RaftServerConfigKeys (ConfUtils.java:logGet(46)) - raft.server.sleep.deviation.threshold = 300ms (default)
2023-04-22 02:18:17,859 [pool-241-thread-1] INFO  server.RaftServer$Division (ServerState.java:<init>(118)) - 2e77c710-dcb3-40c4-9ab8-375ebf5b60c5@group-20B6682B8F2D: ConfigurationManager, init=-1: peers:[2e77c710-dcb3-40c4-9ab8-375ebf5b60c5|rpc:10.1.0.20:42687|dataStream:10.1.0.20:33365|priority:0|startupRole:FOLLOWER, ffe33985-86ac-4dba-9cf7-e9d9be1914b9|rpc:10.1.0.20:37515|dataStream:10.1.0.20:41651|priority:0|startupRole:FOLLOWER, 14afdd48-1c23-4787-9ada-99348fccc9d2|rpc:10.1.0.20:38959|dataStream:10.1.0.20:42291|priority:1|startupRole:FOLLOWER]|listeners:[], old=null, confs=<EMPTY_MAP>
2023-04-22 02:18:17,859 [pool-241-thread-1] INFO  server.RaftServerConfigKeys (ConfUtils.java:logGet(46)) - raft.server.storage.dir = [/home/runner/work/ozone/ozone/hadoop-ozone/integration-test/target/test-dir/MiniOzoneClusterImpl-b640deff-6994-498f-92ea-4ac5c972f0d8/datanode-7/data/ratis] (custom)
2023-04-22 02:18:17,860 [pool-241-thread-1] INFO  server.RaftServerConfigKeys (ConfUtils.java:logGet(46)) - raft.server.log.corruption.policy = EXCEPTION (default)
2023-04-22 02:18:17,860 [pool-241-thread-1] INFO  server.RaftServerConfigKeys (ConfUtils.java:logGet(46)) - raft.server.storage.free-space.min = 0MB (=0) (default)
2023-04-22 02:18:17,860 [pool-241-thread-1] INFO  server.RaftServerConfigKeys (ConfUtils.java:logGet(46)) - raft.server.notification.no-leader.timeout = 300000ms (custom)
2023-04-22 02:18:17,860 [pool-241-thread-1] INFO  server.RaftServerConfigKeys (ConfUtils.java:logGet(46)) - raft.server.retrycache.expirytime = 600000ms (custom)
2023-04-22 02:18:17,860 [pool-241-thread-1] INFO  server.RaftServerConfigKeys (ConfUtils.java:logGet(46)) - raft.server.retrycache.statistics.expirytime = 100μs (default)
2023-04-22 02:18:17,862 [pool-241-thread-1] INFO  server.RaftServerConfigKeys (ConfUtils.java:logGet(46)) - raft.server.log.appender.install.snapshot.enabled = false (custom)
2023-04-22 02:18:17,863 [pool-241-thread-1] INFO  server.RaftServerConfigKeys (ConfUtils.java:logGet(46)) - raft.server.threadpool.server.cached = true (default)
2023-04-22 02:18:17,863 [pool-241-thread-1] INFO  server.RaftServerConfigKeys (ConfUtils.java:logGet(46)) - raft.server.threadpool.server.size = 0 (default)
2023-04-22 02:18:17,863 [pool-241-thread-1] INFO  server.RaftServerConfigKeys (ConfUtils.java:logGet(46)) - raft.server.threadpool.client.cached = true (default)
2023-04-22 02:18:17,863 [pool-241-thread-1] INFO  server.RaftServerConfigKeys (ConfUtils.java:logGet(46)) - raft.server.threadpool.client.size = 0 (default)
2023-04-22 02:18:17,863 [pool-241-thread-1] INFO  storage.RaftStorageDirectory (RaftStorageDirectoryImpl.java:analyzeStorage(137)) - The storage directory /home/runner/work/ozone/ozone/hadoop-ozone/integration-test/target/test-dir/MiniOzoneClusterImpl-b640deff-6994-498f-92ea-4ac5c972f0d8/datanode-7/data/ratis/df798386-9609-4838-9036-20b6682b8f2d does not exist. Creating ...
2023-04-22 02:18:17,864 [pool-241-thread-1] INFO  storage.RaftStorageDirectory (RaftStorageDirectoryImpl.java:tryLock(231)) - Lock on /home/runner/work/ozone/ozone/hadoop-ozone/integration-test/target/test-dir/MiniOzoneClusterImpl-b640deff-6994-498f-92ea-4ac5c972f0d8/datanode-7/data/ratis/df798386-9609-4838-9036-20b6682b8f2d/in_use.lock acquired by nodename 58540@fv-az443-428
2023-04-22 02:18:17,865 [pool-241-thread-1] INFO  storage.RaftStorage (RaftStorageImpl.java:format(96)) - Storage directory /home/runner/work/ozone/ozone/hadoop-ozone/integration-test/target/test-dir/MiniOzoneClusterImpl-b640deff-6994-498f-92ea-4ac5c972f0d8/datanode-7/data/ratis/df798386-9609-4838-9036-20b6682b8f2d has been successfully formatted.
2023-04-22 02:18:17,868 [pool-241-thread-1] INFO  ratis.ContainerStateMachine (ContainerStateMachine.java:loadSnapshot(262)) - group-20B6682B8F2D: The snapshot info is null. Setting the last applied indexto:(t:0, i:~)
2023-04-22 02:18:17,868 [pool-241-thread-1] INFO  server.RaftServerConfigKeys (ConfUtils.java:logGet(46)) - raft.server.log.use.memory = false (default)
2023-04-22 02:18:17,868 [pool-241-thread-1] INFO  server.RaftServerConfigKeys (ConfUtils.java:logGet(46)) - raft.server.log.purge.gap = 1000000 (custom)
2023-04-22 02:18:17,869 [pool-241-thread-1] INFO  server.RaftServerConfigKeys (ConfUtils.java:logGet(46)) - raft.server.log.appender.buffer.byte-limit = 33554432 (custom)
2023-04-22 02:18:17,869 [pool-241-thread-1] INFO  server.RaftServerConfigKeys (ConfUtils.java:logGet(46)) - raft.server.log.statemachine.data.read.timeout = 1000ms (default)
2023-04-22 02:18:17,869 [pool-241-thread-1] INFO  server.RaftServerConfigKeys (ConfUtils.java:logGet(46)) - raft.server.log.purge.preservation.log.num = 0 (default)
2023-04-22 02:18:17,869 [pool-241-thread-1] INFO  server.RaftServerConfigKeys (ConfUtils.java:logGet(46)) - raft.server.log.segment.size.max = 1048576 (custom)
2023-04-22 02:18:17,870 [pool-241-thread-1] INFO  server.RaftServerConfigKeys (ConfUtils.java:logGet(46)) - raft.server.log.segment.cache.num.max = 2 (custom)
2023-04-22 02:18:17,870 [pool-241-thread-1] INFO  server.RaftServerConfigKeys (ConfUtils.java:logGet(46)) - raft.server.log.segment.cache.size.max = 200MB (=209715200) (default)
2023-04-22 02:18:17,870 [pool-241-thread-1] INFO  segmented.SegmentedRaftLogWorker (SegmentedRaftLogWorker.java:<init>(189)) - new 2e77c710-dcb3-40c4-9ab8-375ebf5b60c5@group-20B6682B8F2D-SegmentedRaftLogWorker for RaftStorageImpl:Storage Directory /home/runner/work/ozone/ozone/hadoop-ozone/integration-test/target/test-dir/MiniOzoneClusterImpl-b640deff-6994-498f-92ea-4ac5c972f0d8/datanode-7/data/ratis/df798386-9609-4838-9036-20b6682b8f2d
2023-04-22 02:18:17,870 [pool-241-thread-1] INFO  server.RaftServerConfigKeys (ConfUtils.java:logGet(46)) - raft.server.log.queue.byte-limit = 4294967296 (custom)
2023-04-22 02:18:17,870 [pool-241-thread-1] INFO  server.RaftServerConfigKeys (ConfUtils.java:logGet(46)) - raft.server.log.queue.element-limit = 1024 (custom)
2023-04-22 02:18:17,870 [pool-241-thread-1] INFO  server.RaftServerConfigKeys (ConfUtils.java:logGet(46)) - raft.server.log.segment.size.max = 1048576 (custom)
2023-04-22 02:18:17,870 [pool-241-thread-1] INFO  server.RaftServerConfigKeys (ConfUtils.java:logGet(46)) - raft.server.log.preallocated.size = 16384 (custom)
2023-04-22 02:18:17,870 [pool-241-thread-1] INFO  server.RaftServerConfigKeys (ConfUtils.java:logGet(46)) - raft.server.log.force.sync.num = 128 (default)
2023-04-22 02:18:17,870 [pool-241-thread-1] INFO  server.RaftServerConfigKeys (ConfUtils.java:logGet(46)) - raft.server.log.statemachine.data.sync = true (default)
2023-04-22 02:18:17,870 [pool-241-thread-1] INFO  server.RaftServerConfigKeys (ConfUtils.java:logGet(46)) - raft.server.log.statemachine.data.sync.timeout = 10s (default)
2023-04-22 02:18:17,870 [pool-241-thread-1] INFO  server.RaftServerConfigKeys (ConfUtils.java:logGet(46)) - raft.server.log.statemachine.data.sync.timeout.retry = -1 (default)
2023-04-22 02:18:17,871 [pool-241-thread-1] INFO  server.RaftServerConfigKeys (ConfUtils.java:logGet(46)) - raft.server.log.write.buffer.size = 1048576 (custom)
2023-04-22 02:18:17,872 [pool-241-thread-1] INFO  server.RaftServerConfigKeys (ConfUtils.java:logGet(46)) - raft.server.log.appender.buffer.byte-limit = 33554432 (custom)
2023-04-22 02:18:17,875 [pool-241-thread-1] INFO  server.RaftServerConfigKeys (ConfUtils.java:logGet(46)) - raft.server.log.unsafe-flush.enabled = false (default)
2023-04-22 02:18:17,875 [pool-241-thread-1] INFO  server.RaftServerConfigKeys (ConfUtils.java:logGet(46)) - raft.server.log.async-flush.enabled = false (default)
2023-04-22 02:18:17,875 [pool-241-thread-1] INFO  server.RaftServerConfigKeys (ConfUtils.java:logGet(46)) - raft.server.log.statemachine.data.caching.enabled = true (custom)
2023-04-22 02:18:17,875 [pool-241-thread-1] INFO  segmented.SegmentedRaftLogWorker (SegmentedRaftLogWorker.java:lambda$new$0(135)) - 2e77c710-dcb3-40c4-9ab8-375ebf5b60c5@group-20B6682B8F2D-SegmentedRaftLogWorker: flushIndex: setUnconditionally 0 -> -1
2023-04-22 02:18:17,875 [pool-241-thread-1] INFO  segmented.SegmentedRaftLogWorker (SegmentedRaftLogWorker.java:lambda$new$0(135)) - 2e77c710-dcb3-40c4-9ab8-375ebf5b60c5@group-20B6682B8F2D-SegmentedRaftLogWorker: safeCacheEvictIndex: setUnconditionally 0 -> -1
2023-04-22 02:18:17,875 [pool-241-thread-1] INFO  server.RaftServer$Division (RaftServerImpl.java:start(334)) - 2e77c710-dcb3-40c4-9ab8-375ebf5b60c5@group-20B6682B8F2D: start as a follower, conf=-1: peers:[2e77c710-dcb3-40c4-9ab8-375ebf5b60c5|rpc:10.1.0.20:42687|dataStream:10.1.0.20:33365|priority:0|startupRole:FOLLOWER, ffe33985-86ac-4dba-9cf7-e9d9be1914b9|rpc:10.1.0.20:37515|dataStream:10.1.0.20:41651|priority:0|startupRole:FOLLOWER, 14afdd48-1c23-4787-9ada-99348fccc9d2|rpc:10.1.0.20:38959|dataStream:10.1.0.20:42291|priority:1|startupRole:FOLLOWER]|listeners:[], old=null
2023-04-22 02:18:17,875 [pool-241-thread-1] INFO  server.RaftServer$Division (RaftServerImpl.java:setRole(321)) - 2e77c710-dcb3-40c4-9ab8-375ebf5b60c5@group-20B6682B8F2D: changes role from      null to FOLLOWER at term 0 for startAsFollower
2023-04-22 02:18:17,875 [pool-241-thread-1] INFO  impl.RoleInfo (RoleInfo.java:updateAndGet(139)) - 2e77c710-dcb3-40c4-9ab8-375ebf5b60c5: start 2e77c710-dcb3-40c4-9ab8-375ebf5b60c5@group-20B6682B8F2D-FollowerState
2023-04-22 02:18:17,876 [2e77c710-dcb3-40c4-9ab8-375ebf5b60c5@group-20B6682B8F2D-FollowerState] INFO  server.RaftServerConfigKeys (ConfUtils.java:logFallback(53)) - raft.server.rpc.first-election.timeout.min = 5s (fallback to raft.server.rpc.timeout.min)
2023-04-22 02:18:17,876 [2e77c710-dcb3-40c4-9ab8-375ebf5b60c5@group-20B6682B8F2D-FollowerState] INFO  server.RaftServerConfigKeys (ConfUtils.java:logFallback(53)) - raft.server.rpc.first-election.timeout.max = 5200ms (fallback to raft.server.rpc.timeout.max)
2023-04-22 02:18:17,876 [pool-241-thread-1] INFO  util.JmxRegister (JmxRegister.java:tryRegister(44)) - Successfully registered JMX Bean with object name Ratis:service=RaftServer,group=group-20B6682B8F2D,id=2e77c710-dcb3-40c4-9ab8-375ebf5b60c5
2023-04-22 02:18:17,876 [pool-241-thread-1] INFO  server.RaftServerConfigKeys (ConfUtils.java:logGet(46)) - raft.server.snapshot.auto.trigger.enabled = true (custom)
2023-04-22 02:18:17,876 [pool-241-thread-1] INFO  server.RaftServerConfigKeys (ConfUtils.java:logGet(46)) - raft.server.snapshot.auto.trigger.threshold = 1 (custom)
2023-04-22 02:18:17,876 [pool-241-thread-1] INFO  server.RaftServerConfigKeys (ConfUtils.java:logGet(46)) - raft.server.snapshot.retention.file.num = 5 (custom)
2023-04-22 02:18:17,876 [pool-241-thread-1] INFO  server.RaftServerConfigKeys (ConfUtils.java:logGet(46)) - raft.server.log.purge.upto.snapshot.index = false (default)
2023-04-22 02:18:17,884 [Command processor thread] INFO  commandhandler.CreatePipelineCommandHandler (CreatePipelineCommandHandler.java:handle(113)) - Created Pipeline RATIS THREE PipelineID=df798386-9609-4838-9036-20b6682b8f2d.
2023-04-22 02:18:17,884 [Command processor thread] INFO  server.RaftServer (RaftServerProxy.java:addNew(96)) - ffe33985-86ac-4dba-9cf7-e9d9be1914b9: addNew group-2228D2590D3E:[2e77c710-dcb3-40c4-9ab8-375ebf5b60c5|rpc:10.1.0.20:42687|dataStream:10.1.0.20:33365|priority:1|startupRole:FOLLOWER, ffe33985-86ac-4dba-9cf7-e9d9be1914b9|rpc:10.1.0.20:37515|dataStream:10.1.0.20:41651|priority:0|startupRole:FOLLOWER, 14afdd48-1c23-4787-9ada-99348fccc9d2|rpc:10.1.0.20:38959|dataStream:10.1.0.20:42291|priority:0|startupRole:FOLLOWER] returns group-2228D2590D3E:java.util.concurrent.CompletableFuture@1dfc251c[Not completed]
2023-04-22 02:18:17,885 [pool-215-thread-1] INFO  server.RaftServer$Division (RaftServerImpl.java:<init>(195)) - ffe33985-86ac-4dba-9cf7-e9d9be1914b9: new RaftServerImpl for group-2228D2590D3E:[2e77c710-dcb3-40c4-9ab8-375ebf5b60c5|rpc:10.1.0.20:42687|dataStream:10.1.0.20:33365|priority:1|startupRole:FOLLOWER, ffe33985-86ac-4dba-9cf7-e9d9be1914b9|rpc:10.1.0.20:37515|dataStream:10.1.0.20:41651|priority:0|startupRole:FOLLOWER, 14afdd48-1c23-4787-9ada-99348fccc9d2|rpc:10.1.0.20:38959|dataStream:10.1.0.20:42291|priority:0|startupRole:FOLLOWER] with ContainerStateMachine:uninitialized
2023-04-22 02:18:17,885 [pool-215-thread-1] INFO  server.RaftServerConfigKeys (ConfUtils.java:logGet(46)) - raft.server.rpc.timeout.min = 5s (custom)
2023-04-22 02:18:17,885 [pool-215-thread-1] INFO  server.RaftServerConfigKeys (ConfUtils.java:logGet(46)) - raft.server.rpc.timeout.max = 5200ms (custom)
2023-04-22 02:18:17,885 [pool-215-thread-1] INFO  server.RaftServerConfigKeys (ConfUtils.java:logGet(46)) - raft.server.rpc.sleep.time = 25ms (default)
2023-04-22 02:18:17,885 [pool-215-thread-1] INFO  server.RaftServerConfigKeys (ConfUtils.java:logGet(46)) - raft.server.rpc.slowness.timeout = 300000ms (custom)
2023-04-22 02:18:17,886 [pool-215-thread-1] INFO  server.RaftServerConfigKeys (ConfUtils.java:logGet(46)) - raft.server.leaderelection.leader.step-down.wait-time = 10s (default)
2023-04-22 02:18:17,886 [pool-215-thread-1] INFO  server.RaftServerConfigKeys (ConfUtils.java:logGet(46)) - raft.server.sleep.deviation.threshold = 300ms (default)
2023-04-22 02:18:17,886 [pool-215-thread-1] INFO  server.RaftServer$Division (ServerState.java:<init>(118)) - ffe33985-86ac-4dba-9cf7-e9d9be1914b9@group-2228D2590D3E: ConfigurationManager, init=-1: peers:[2e77c710-dcb3-40c4-9ab8-375ebf5b60c5|rpc:10.1.0.20:42687|dataStream:10.1.0.20:33365|priority:1|startupRole:FOLLOWER, ffe33985-86ac-4dba-9cf7-e9d9be1914b9|rpc:10.1.0.20:37515|dataStream:10.1.0.20:41651|priority:0|startupRole:FOLLOWER, 14afdd48-1c23-4787-9ada-99348fccc9d2|rpc:10.1.0.20:38959|dataStream:10.1.0.20:42291|priority:0|startupRole:FOLLOWER]|listeners:[], old=null, confs=<EMPTY_MAP>
2023-04-22 02:18:17,886 [pool-215-thread-1] INFO  server.RaftServerConfigKeys (ConfUtils.java:logGet(46)) - raft.server.storage.dir = [/home/runner/work/ozone/ozone/hadoop-ozone/integration-test/target/test-dir/MiniOzoneClusterImpl-b640deff-6994-498f-92ea-4ac5c972f0d8/datanode-6/data/ratis] (custom)
2023-04-22 02:18:17,886 [pool-215-thread-1] INFO  server.RaftServerConfigKeys (ConfUtils.java:logGet(46)) - raft.server.log.corruption.policy = EXCEPTION (default)
2023-04-22 02:18:17,886 [pool-215-thread-1] INFO  server.RaftServerConfigKeys (ConfUtils.java:logGet(46)) - raft.server.storage.free-space.min = 0MB (=0) (default)
2023-04-22 02:18:17,886 [pool-215-thread-1] INFO  server.RaftServerConfigKeys (ConfUtils.java:logGet(46)) - raft.server.notification.no-leader.timeout = 300000ms (custom)
2023-04-22 02:18:17,886 [pool-215-thread-1] INFO  server.RaftServerConfigKeys (ConfUtils.java:logGet(46)) - raft.server.retrycache.expirytime = 600000ms (custom)
2023-04-22 02:18:17,886 [pool-215-thread-1] INFO  server.RaftServerConfigKeys (ConfUtils.java:logGet(46)) - raft.server.retrycache.statistics.expirytime = 100μs (default)
2023-04-22 02:18:17,889 [pool-215-thread-1] INFO  server.RaftServerConfigKeys (ConfUtils.java:logGet(46)) - raft.server.log.appender.install.snapshot.enabled = false (custom)
2023-04-22 02:18:17,889 [pool-215-thread-1] INFO  server.RaftServerConfigKeys (ConfUtils.java:logGet(46)) - raft.server.threadpool.server.cached = true (default)
2023-04-22 02:18:17,889 [pool-215-thread-1] INFO  server.RaftServerConfigKeys (ConfUtils.java:logGet(46)) - raft.server.threadpool.server.size = 0 (default)
2023-04-22 02:18:17,889 [pool-215-thread-1] INFO  server.RaftServerConfigKeys (ConfUtils.java:logGet(46)) - raft.server.threadpool.client.cached = true (default)
2023-04-22 02:18:17,889 [pool-215-thread-1] INFO  server.RaftServerConfigKeys (ConfUtils.java:logGet(46)) - raft.server.threadpool.client.size = 0 (default)
2023-04-22 02:18:17,889 [pool-215-thread-1] INFO  storage.RaftStorageDirectory (RaftStorageDirectoryImpl.java:analyzeStorage(137)) - The storage directory /home/runner/work/ozone/ozone/hadoop-ozone/integration-test/target/test-dir/MiniOzoneClusterImpl-b640deff-6994-498f-92ea-4ac5c972f0d8/datanode-6/data/ratis/c015da53-8971-4990-89ee-2228d2590d3e does not exist. Creating ...
2023-04-22 02:18:17,891 [pool-215-thread-1] INFO  storage.RaftStorageDirectory (RaftStorageDirectoryImpl.java:tryLock(231)) - Lock on /home/runner/work/ozone/ozone/hadoop-ozone/integration-test/target/test-dir/MiniOzoneClusterImpl-b640deff-6994-498f-92ea-4ac5c972f0d8/datanode-6/data/ratis/c015da53-8971-4990-89ee-2228d2590d3e/in_use.lock acquired by nodename 58540@fv-az443-428
2023-04-22 02:18:17,892 [pool-215-thread-1] INFO  storage.RaftStorage (RaftStorageImpl.java:format(96)) - Storage directory /home/runner/work/ozone/ozone/hadoop-ozone/integration-test/target/test-dir/MiniOzoneClusterImpl-b640deff-6994-498f-92ea-4ac5c972f0d8/datanode-6/data/ratis/c015da53-8971-4990-89ee-2228d2590d3e has been successfully formatted.
2023-04-22 02:18:17,892 [pool-215-thread-1] INFO  ratis.ContainerStateMachine (ContainerStateMachine.java:loadSnapshot(262)) - group-2228D2590D3E: The snapshot info is null. Setting the last applied indexto:(t:0, i:~)
2023-04-22 02:18:17,892 [pool-215-thread-1] INFO  server.RaftServerConfigKeys (ConfUtils.java:logGet(46)) - raft.server.log.use.memory = false (default)
2023-04-22 02:18:17,892 [pool-215-thread-1] INFO  server.RaftServerConfigKeys (ConfUtils.java:logGet(46)) - raft.server.log.purge.gap = 1000000 (custom)
2023-04-22 02:18:17,892 [pool-215-thread-1] INFO  server.RaftServerConfigKeys (ConfUtils.java:logGet(46)) - raft.server.log.appender.buffer.byte-limit = 33554432 (custom)
2023-04-22 02:18:17,892 [pool-215-thread-1] INFO  server.RaftServerConfigKeys (ConfUtils.java:logGet(46)) - raft.server.log.statemachine.data.read.timeout = 1000ms (default)
2023-04-22 02:18:17,892 [pool-215-thread-1] INFO  server.RaftServerConfigKeys (ConfUtils.java:logGet(46)) - raft.server.log.purge.preservation.log.num = 0 (default)
2023-04-22 02:18:17,893 [pool-215-thread-1] INFO  server.RaftServerConfigKeys (ConfUtils.java:logGet(46)) - raft.server.log.segment.size.max = 1048576 (custom)
2023-04-22 02:18:17,893 [pool-215-thread-1] INFO  server.RaftServerConfigKeys (ConfUtils.java:logGet(46)) - raft.server.log.segment.cache.num.max = 2 (custom)
2023-04-22 02:18:17,893 [pool-215-thread-1] INFO  server.RaftServerConfigKeys (ConfUtils.java:logGet(46)) - raft.server.log.segment.cache.size.max = 200MB (=209715200) (default)
2023-04-22 02:18:17,893 [pool-215-thread-1] INFO  segmented.SegmentedRaftLogWorker (SegmentedRaftLogWorker.java:<init>(189)) - new ffe33985-86ac-4dba-9cf7-e9d9be1914b9@group-2228D2590D3E-SegmentedRaftLogWorker for RaftStorageImpl:Storage Directory /home/runner/work/ozone/ozone/hadoop-ozone/integration-test/target/test-dir/MiniOzoneClusterImpl-b640deff-6994-498f-92ea-4ac5c972f0d8/datanode-6/data/ratis/c015da53-8971-4990-89ee-2228d2590d3e
2023-04-22 02:18:17,893 [pool-215-thread-1] INFO  server.RaftServerConfigKeys (ConfUtils.java:logGet(46)) - raft.server.log.queue.byte-limit = 4294967296 (custom)
2023-04-22 02:18:17,893 [pool-215-thread-1] INFO  server.RaftServerConfigKeys (ConfUtils.java:logGet(46)) - raft.server.log.queue.element-limit = 1024 (custom)
2023-04-22 02:18:17,893 [pool-215-thread-1] INFO  server.RaftServerConfigKeys (ConfUtils.java:logGet(46)) - raft.server.log.segment.size.max = 1048576 (custom)
2023-04-22 02:18:17,893 [pool-215-thread-1] INFO  server.RaftServerConfigKeys (ConfUtils.java:logGet(46)) - raft.server.log.preallocated.size = 16384 (custom)
2023-04-22 02:18:17,894 [EventQueue-OpenPipelineForHealthyPipelineSafeModeRule] INFO  safemode.SCMSafeModeManager (HealthyPipelineSafeModeRule.java:process(137)) - SCM in safe mode. Healthy pipelines reported count is 0, required healthy pipeline reported count is 1
2023-04-22 02:18:17,894 [pool-215-thread-1] INFO  server.RaftServerConfigKeys (ConfUtils.java:logGet(46)) - raft.server.log.force.sync.num = 128 (default)
2023-04-22 02:18:17,894 [pool-215-thread-1] INFO  server.RaftServerConfigKeys (ConfUtils.java:logGet(46)) - raft.server.log.statemachine.data.sync = true (default)
2023-04-22 02:18:17,894 [pool-215-thread-1] INFO  server.RaftServerConfigKeys (ConfUtils.java:logGet(46)) - raft.server.log.statemachine.data.sync.timeout = 10s (default)
2023-04-22 02:18:17,894 [pool-215-thread-1] INFO  server.RaftServerConfigKeys (ConfUtils.java:logGet(46)) - raft.server.log.statemachine.data.sync.timeout.retry = -1 (default)
2023-04-22 02:18:17,895 [pool-215-thread-1] INFO  server.RaftServerConfigKeys (ConfUtils.java:logGet(46)) - raft.server.log.write.buffer.size = 1048576 (custom)
2023-04-22 02:18:17,896 [pool-215-thread-1] INFO  server.RaftServerConfigKeys (ConfUtils.java:logGet(46)) - raft.server.log.appender.buffer.byte-limit = 33554432 (custom)
2023-04-22 02:18:17,902 [pool-215-thread-1] INFO  server.RaftServerConfigKeys (ConfUtils.java:logGet(46)) - raft.server.log.unsafe-flush.enabled = false (default)
2023-04-22 02:18:17,904 [pool-215-thread-1] INFO  server.RaftServerConfigKeys (ConfUtils.java:logGet(46)) - raft.server.log.async-flush.enabled = false (default)
2023-04-22 02:18:17,904 [pool-215-thread-1] INFO  server.RaftServerConfigKeys (ConfUtils.java:logGet(46)) - raft.server.log.statemachine.data.caching.enabled = true (custom)
2023-04-22 02:18:17,904 [pool-215-thread-1] INFO  segmented.SegmentedRaftLogWorker (SegmentedRaftLogWorker.java:lambda$new$0(135)) - ffe33985-86ac-4dba-9cf7-e9d9be1914b9@group-2228D2590D3E-SegmentedRaftLogWorker: flushIndex: setUnconditionally 0 -> -1
2023-04-22 02:18:17,904 [pool-215-thread-1] INFO  segmented.SegmentedRaftLogWorker (SegmentedRaftLogWorker.java:lambda$new$0(135)) - ffe33985-86ac-4dba-9cf7-e9d9be1914b9@group-2228D2590D3E-SegmentedRaftLogWorker: safeCacheEvictIndex: setUnconditionally 0 -> -1
2023-04-22 02:18:17,907 [pool-215-thread-1] INFO  server.RaftServer$Division (RaftServerImpl.java:start(334)) - ffe33985-86ac-4dba-9cf7-e9d9be1914b9@group-2228D2590D3E: start as a follower, conf=-1: peers:[2e77c710-dcb3-40c4-9ab8-375ebf5b60c5|rpc:10.1.0.20:42687|dataStream:10.1.0.20:33365|priority:1|startupRole:FOLLOWER, ffe33985-86ac-4dba-9cf7-e9d9be1914b9|rpc:10.1.0.20:37515|dataStream:10.1.0.20:41651|priority:0|startupRole:FOLLOWER, 14afdd48-1c23-4787-9ada-99348fccc9d2|rpc:10.1.0.20:38959|dataStream:10.1.0.20:42291|priority:0|startupRole:FOLLOWER]|listeners:[], old=null
2023-04-22 02:18:17,907 [pool-215-thread-1] INFO  server.RaftServer$Division (RaftServerImpl.java:setRole(321)) - ffe33985-86ac-4dba-9cf7-e9d9be1914b9@group-2228D2590D3E: changes role from      null to FOLLOWER at term 0 for startAsFollower
2023-04-22 02:18:17,907 [pool-215-thread-1] INFO  impl.RoleInfo (RoleInfo.java:updateAndGet(139)) - ffe33985-86ac-4dba-9cf7-e9d9be1914b9: start ffe33985-86ac-4dba-9cf7-e9d9be1914b9@group-2228D2590D3E-FollowerState
2023-04-22 02:18:17,911 [Listener at 127.0.0.1/41793] INFO  ozone.MiniOzoneClusterImpl (MiniOzoneClusterImpl.java:lambda$waitForClusterToBeReady$0(223)) - Nodes are ready. Got 10 of 10 DN Heartbeats.
2023-04-22 02:18:17,911 [Listener at 127.0.0.1/41793] INFO  ozone.MiniOzoneClusterImpl (MiniOzoneClusterImpl.java:lambda$waitForClusterToBeReady$0(226)) - Waiting for cluster to exit safe mode
2023-04-22 02:18:17,911 [Listener at 127.0.0.1/41793] INFO  ozone.MiniOzoneClusterImpl (MiniOzoneClusterImpl.java:lambda$waitForClusterToBeReady$0(228)) - SCM became leader
2023-04-22 02:18:17,912 [EventQueue-OpenPipelineForHealthyPipelineSafeModeRule] INFO  safemode.SCMSafeModeManager (HealthyPipelineSafeModeRule.java:process(137)) - SCM in safe mode. Healthy pipelines reported count is 0, required healthy pipeline reported count is 1
2023-04-22 02:18:17,913 [EventQueue-OpenPipelineForHealthyPipelineSafeModeRule] INFO  safemode.SCMSafeModeManager (HealthyPipelineSafeModeRule.java:process(137)) - SCM in safe mode. Healthy pipelines reported count is 0, required healthy pipeline reported count is 1
2023-04-22 02:18:17,913 [pool-215-thread-1] INFO  util.JmxRegister (JmxRegister.java:tryRegister(44)) - Successfully registered JMX Bean with object name Ratis:service=RaftServer,group=group-2228D2590D3E,id=ffe33985-86ac-4dba-9cf7-e9d9be1914b9
2023-04-22 02:18:17,913 [pool-215-thread-1] INFO  server.RaftServerConfigKeys (ConfUtils.java:logGet(46)) - raft.server.snapshot.auto.trigger.enabled = true (custom)
2023-04-22 02:18:17,913 [pool-215-thread-1] INFO  server.RaftServerConfigKeys (ConfUtils.java:logGet(46)) - raft.server.snapshot.auto.trigger.threshold = 1 (custom)
2023-04-22 02:18:17,913 [pool-215-thread-1] INFO  server.RaftServerConfigKeys (ConfUtils.java:logGet(46)) - raft.server.snapshot.retention.file.num = 5 (custom)
2023-04-22 02:18:17,913 [pool-215-thread-1] INFO  server.RaftServerConfigKeys (ConfUtils.java:logGet(46)) - raft.server.log.purge.upto.snapshot.index = false (default)
2023-04-22 02:18:17,914 [EventQueue-OpenPipelineForHealthyPipelineSafeModeRule] INFO  safemode.SCMSafeModeManager (HealthyPipelineSafeModeRule.java:process(137)) - SCM in safe mode. Healthy pipelines reported count is 0, required healthy pipeline reported count is 1
2023-04-22 02:18:17,915 [ffe33985-86ac-4dba-9cf7-e9d9be1914b9@group-2228D2590D3E-FollowerState] INFO  server.RaftServerConfigKeys (ConfUtils.java:logFallback(53)) - raft.server.rpc.first-election.timeout.min = 5s (fallback to raft.server.rpc.timeout.min)
2023-04-22 02:18:17,915 [ffe33985-86ac-4dba-9cf7-e9d9be1914b9@group-2228D2590D3E-FollowerState] INFO  server.RaftServerConfigKeys (ConfUtils.java:logFallback(53)) - raft.server.rpc.first-election.timeout.max = 5200ms (fallback to raft.server.rpc.timeout.max)
2023-04-22 02:18:17,916 [Command processor thread] INFO  ratis.XceiverServerRatis (XceiverServerRatis.java:addGroup(806)) - Created group PipelineID=c015da53-8971-4990-89ee-2228d2590d3e
2023-04-22 02:18:17,928 [grpc-default-executor-1] INFO  server.RaftServer (RaftServerProxy.java:addNew(96)) - 14afdd48-1c23-4787-9ada-99348fccc9d2: addNew group-2228D2590D3E:[2e77c710-dcb3-40c4-9ab8-375ebf5b60c5|rpc:10.1.0.20:42687|dataStream:10.1.0.20:33365|priority:1|startupRole:FOLLOWER, ffe33985-86ac-4dba-9cf7-e9d9be1914b9|rpc:10.1.0.20:37515|dataStream:10.1.0.20:41651|priority:0|startupRole:FOLLOWER, 14afdd48-1c23-4787-9ada-99348fccc9d2|rpc:10.1.0.20:38959|dataStream:10.1.0.20:42291|priority:0|startupRole:FOLLOWER] returns group-2228D2590D3E:java.util.concurrent.CompletableFuture@5eef9c12[Not completed]
2023-04-22 02:18:17,929 [pool-267-thread-1] INFO  server.RaftServer$Division (RaftServerImpl.java:<init>(195)) - 14afdd48-1c23-4787-9ada-99348fccc9d2: new RaftServerImpl for group-2228D2590D3E:[2e77c710-dcb3-40c4-9ab8-375ebf5b60c5|rpc:10.1.0.20:42687|dataStream:10.1.0.20:33365|priority:1|startupRole:FOLLOWER, ffe33985-86ac-4dba-9cf7-e9d9be1914b9|rpc:10.1.0.20:37515|dataStream:10.1.0.20:41651|priority:0|startupRole:FOLLOWER, 14afdd48-1c23-4787-9ada-99348fccc9d2|rpc:10.1.0.20:38959|dataStream:10.1.0.20:42291|priority:0|startupRole:FOLLOWER] with ContainerStateMachine:uninitialized
2023-04-22 02:18:17,929 [pool-267-thread-1] INFO  server.RaftServerConfigKeys (ConfUtils.java:logGet(46)) - raft.server.rpc.timeout.min = 5s (custom)
2023-04-22 02:18:17,929 [pool-267-thread-1] INFO  server.RaftServerConfigKeys (ConfUtils.java:logGet(46)) - raft.server.rpc.timeout.max = 5200ms (custom)
2023-04-22 02:18:17,929 [pool-267-thread-1] INFO  server.RaftServerConfigKeys (ConfUtils.java:logGet(46)) - raft.server.rpc.sleep.time = 25ms (default)
2023-04-22 02:18:17,929 [pool-267-thread-1] INFO  server.RaftServerConfigKeys (ConfUtils.java:logGet(46)) - raft.server.rpc.slowness.timeout = 300000ms (custom)
2023-04-22 02:18:17,929 [pool-267-thread-1] INFO  server.RaftServerConfigKeys (ConfUtils.java:logGet(46)) - raft.server.leaderelection.leader.step-down.wait-time = 10s (default)
2023-04-22 02:18:17,929 [pool-267-thread-1] INFO  server.RaftServerConfigKeys (ConfUtils.java:logGet(46)) - raft.server.sleep.deviation.threshold = 300ms (default)
2023-04-22 02:18:17,929 [pool-267-thread-1] INFO  server.RaftServer$Division (ServerState.java:<init>(118)) - 14afdd48-1c23-4787-9ada-99348fccc9d2@group-2228D2590D3E: ConfigurationManager, init=-1: peers:[2e77c710-dcb3-40c4-9ab8-375ebf5b60c5|rpc:10.1.0.20:42687|dataStream:10.1.0.20:33365|priority:1|startupRole:FOLLOWER, ffe33985-86ac-4dba-9cf7-e9d9be1914b9|rpc:10.1.0.20:37515|dataStream:10.1.0.20:41651|priority:0|startupRole:FOLLOWER, 14afdd48-1c23-4787-9ada-99348fccc9d2|rpc:10.1.0.20:38959|dataStream:10.1.0.20:42291|priority:0|startupRole:FOLLOWER]|listeners:[], old=null, confs=<EMPTY_MAP>
2023-04-22 02:18:17,929 [pool-267-thread-1] INFO  server.RaftServerConfigKeys (ConfUtils.java:logGet(46)) - raft.server.storage.dir = [/home/runner/work/ozone/ozone/hadoop-ozone/integration-test/target/test-dir/MiniOzoneClusterImpl-b640deff-6994-498f-92ea-4ac5c972f0d8/datanode-8/data/ratis] (custom)
2023-04-22 02:18:17,929 [pool-267-thread-1] INFO  server.RaftServerConfigKeys (ConfUtils.java:logGet(46)) - raft.server.log.corruption.policy = EXCEPTION (default)
2023-04-22 02:18:17,929 [pool-267-thread-1] INFO  server.RaftServerConfigKeys (ConfUtils.java:logGet(46)) - raft.server.storage.free-space.min = 0MB (=0) (default)
2023-04-22 02:18:17,929 [pool-267-thread-1] INFO  server.RaftServerConfigKeys (ConfUtils.java:logGet(46)) - raft.server.notification.no-leader.timeout = 300000ms (custom)
2023-04-22 02:18:17,929 [pool-267-thread-1] INFO  server.RaftServerConfigKeys (ConfUtils.java:logGet(46)) - raft.server.retrycache.expirytime = 600000ms (custom)
2023-04-22 02:18:17,929 [pool-267-thread-1] INFO  server.RaftServerConfigKeys (ConfUtils.java:logGet(46)) - raft.server.retrycache.statistics.expirytime = 100μs (default)
2023-04-22 02:18:17,930 [pool-267-thread-1] INFO  server.RaftServerConfigKeys (ConfUtils.java:logGet(46)) - raft.server.log.appender.install.snapshot.enabled = false (custom)
2023-04-22 02:18:17,930 [pool-267-thread-1] INFO  server.RaftServerConfigKeys (ConfUtils.java:logGet(46)) - raft.server.threadpool.server.cached = true (default)
2023-04-22 02:18:17,930 [pool-267-thread-1] INFO  server.RaftServerConfigKeys (ConfUtils.java:logGet(46)) - raft.server.threadpool.server.size = 0 (default)
2023-04-22 02:18:17,930 [pool-267-thread-1] INFO  server.RaftServerConfigKeys (ConfUtils.java:logGet(46)) - raft.server.threadpool.client.cached = true (default)
2023-04-22 02:18:17,930 [pool-267-thread-1] INFO  server.RaftServerConfigKeys (ConfUtils.java:logGet(46)) - raft.server.threadpool.client.size = 0 (default)
2023-04-22 02:18:17,930 [pool-267-thread-1] INFO  storage.RaftStorageDirectory (RaftStorageDirectoryImpl.java:analyzeStorage(137)) - The storage directory /home/runner/work/ozone/ozone/hadoop-ozone/integration-test/target/test-dir/MiniOzoneClusterImpl-b640deff-6994-498f-92ea-4ac5c972f0d8/datanode-8/data/ratis/c015da53-8971-4990-89ee-2228d2590d3e does not exist. Creating ...
2023-04-22 02:18:17,932 [pool-267-thread-1] INFO  storage.RaftStorageDirectory (RaftStorageDirectoryImpl.java:tryLock(231)) - Lock on /home/runner/work/ozone/ozone/hadoop-ozone/integration-test/target/test-dir/MiniOzoneClusterImpl-b640deff-6994-498f-92ea-4ac5c972f0d8/datanode-8/data/ratis/c015da53-8971-4990-89ee-2228d2590d3e/in_use.lock acquired by nodename 58540@fv-az443-428
2023-04-22 02:18:17,932 [pool-267-thread-1] INFO  storage.RaftStorage (RaftStorageImpl.java:format(96)) - Storage directory /home/runner/work/ozone/ozone/hadoop-ozone/integration-test/target/test-dir/MiniOzoneClusterImpl-b640deff-6994-498f-92ea-4ac5c972f0d8/datanode-8/data/ratis/c015da53-8971-4990-89ee-2228d2590d3e has been successfully formatted.
2023-04-22 02:18:17,933 [pool-267-thread-1] INFO  ratis.ContainerStateMachine (ContainerStateMachine.java:loadSnapshot(262)) - group-2228D2590D3E: The snapshot info is null. Setting the last applied indexto:(t:0, i:~)
2023-04-22 02:18:17,933 [pool-267-thread-1] INFO  server.RaftServerConfigKeys (ConfUtils.java:logGet(46)) - raft.server.log.use.memory = false (default)
2023-04-22 02:18:17,934 [pool-267-thread-1] INFO  server.RaftServerConfigKeys (ConfUtils.java:logGet(46)) - raft.server.log.purge.gap = 1000000 (custom)
2023-04-22 02:18:17,934 [pool-267-thread-1] INFO  server.RaftServerConfigKeys (ConfUtils.java:logGet(46)) - raft.server.log.appender.buffer.byte-limit = 33554432 (custom)
2023-04-22 02:18:17,934 [pool-267-thread-1] INFO  server.RaftServerConfigKeys (ConfUtils.java:logGet(46)) - raft.server.log.statemachine.data.read.timeout = 1000ms (default)
2023-04-22 02:18:17,934 [pool-267-thread-1] INFO  server.RaftServerConfigKeys (ConfUtils.java:logGet(46)) - raft.server.log.purge.preservation.log.num = 0 (default)
2023-04-22 02:18:17,934 [pool-267-thread-1] INFO  server.RaftServerConfigKeys (ConfUtils.java:logGet(46)) - raft.server.log.segment.size.max = 1048576 (custom)
2023-04-22 02:18:17,934 [pool-267-thread-1] INFO  server.RaftServerConfigKeys (ConfUtils.java:logGet(46)) - raft.server.log.segment.cache.num.max = 2 (custom)
2023-04-22 02:18:17,934 [pool-267-thread-1] INFO  server.RaftServerConfigKeys (ConfUtils.java:logGet(46)) - raft.server.log.segment.cache.size.max = 200MB (=209715200) (default)
2023-04-22 02:18:17,934 [pool-267-thread-1] INFO  segmented.SegmentedRaftLogWorker (SegmentedRaftLogWorker.java:<init>(189)) - new 14afdd48-1c23-4787-9ada-99348fccc9d2@group-2228D2590D3E-SegmentedRaftLogWorker for RaftStorageImpl:Storage Directory /home/runner/work/ozone/ozone/hadoop-ozone/integration-test/target/test-dir/MiniOzoneClusterImpl-b640deff-6994-498f-92ea-4ac5c972f0d8/datanode-8/data/ratis/c015da53-8971-4990-89ee-2228d2590d3e
2023-04-22 02:18:17,934 [pool-267-thread-1] INFO  server.RaftServerConfigKeys (ConfUtils.java:logGet(46)) - raft.server.log.queue.byte-limit = 4294967296 (custom)
2023-04-22 02:18:17,934 [pool-267-thread-1] INFO  server.RaftServerConfigKeys (ConfUtils.java:logGet(46)) - raft.server.log.queue.element-limit = 1024 (custom)
2023-04-22 02:18:17,934 [pool-267-thread-1] INFO  server.RaftServerConfigKeys (ConfUtils.java:logGet(46)) - raft.server.log.segment.size.max = 1048576 (custom)
2023-04-22 02:18:17,934 [pool-267-thread-1] INFO  server.RaftServerConfigKeys (ConfUtils.java:logGet(46)) - raft.server.log.preallocated.size = 16384 (custom)
2023-04-22 02:18:17,934 [pool-267-thread-1] INFO  server.RaftServerConfigKeys (ConfUtils.java:logGet(46)) - raft.server.log.force.sync.num = 128 (default)
2023-04-22 02:18:17,935 [pool-267-thread-1] INFO  server.RaftServerConfigKeys (ConfUtils.java:logGet(46)) - raft.server.log.statemachine.data.sync = true (default)
2023-04-22 02:18:17,935 [pool-267-thread-1] INFO  server.RaftServerConfigKeys (ConfUtils.java:logGet(46)) - raft.server.log.statemachine.data.sync.timeout = 10s (default)
2023-04-22 02:18:17,935 [pool-267-thread-1] INFO  server.RaftServerConfigKeys (ConfUtils.java:logGet(46)) - raft.server.log.statemachine.data.sync.timeout.retry = -1 (default)
2023-04-22 02:18:17,935 [pool-267-thread-1] INFO  server.RaftServerConfigKeys (ConfUtils.java:logGet(46)) - raft.server.log.write.buffer.size = 1048576 (custom)
2023-04-22 02:18:17,936 [pool-267-thread-1] INFO  server.RaftServerConfigKeys (ConfUtils.java:logGet(46)) - raft.server.log.appender.buffer.byte-limit = 33554432 (custom)
2023-04-22 02:18:17,939 [pool-267-thread-1] INFO  server.RaftServerConfigKeys (ConfUtils.java:logGet(46)) - raft.server.log.unsafe-flush.enabled = false (default)
2023-04-22 02:18:17,939 [pool-267-thread-1] INFO  server.RaftServerConfigKeys (ConfUtils.java:logGet(46)) - raft.server.log.async-flush.enabled = false (default)
2023-04-22 02:18:17,939 [pool-267-thread-1] INFO  server.RaftServerConfigKeys (ConfUtils.java:logGet(46)) - raft.server.log.statemachine.data.caching.enabled = true (custom)
2023-04-22 02:18:17,939 [pool-267-thread-1] INFO  segmented.SegmentedRaftLogWorker (SegmentedRaftLogWorker.java:lambda$new$0(135)) - 14afdd48-1c23-4787-9ada-99348fccc9d2@group-2228D2590D3E-SegmentedRaftLogWorker: flushIndex: setUnconditionally 0 -> -1
2023-04-22 02:18:17,939 [pool-267-thread-1] INFO  segmented.SegmentedRaftLogWorker (SegmentedRaftLogWorker.java:lambda$new$0(135)) - 14afdd48-1c23-4787-9ada-99348fccc9d2@group-2228D2590D3E-SegmentedRaftLogWorker: safeCacheEvictIndex: setUnconditionally 0 -> -1
2023-04-22 02:18:17,940 [pool-267-thread-1] INFO  server.RaftServer$Division (RaftServerImpl.java:start(334)) - 14afdd48-1c23-4787-9ada-99348fccc9d2@group-2228D2590D3E: start as a follower, conf=-1: peers:[2e77c710-dcb3-40c4-9ab8-375ebf5b60c5|rpc:10.1.0.20:42687|dataStream:10.1.0.20:33365|priority:1|startupRole:FOLLOWER, ffe33985-86ac-4dba-9cf7-e9d9be1914b9|rpc:10.1.0.20:37515|dataStream:10.1.0.20:41651|priority:0|startupRole:FOLLOWER, 14afdd48-1c23-4787-9ada-99348fccc9d2|rpc:10.1.0.20:38959|dataStream:10.1.0.20:42291|priority:0|startupRole:FOLLOWER]|listeners:[], old=null
2023-04-22 02:18:17,940 [pool-267-thread-1] INFO  server.RaftServer$Division (RaftServerImpl.java:setRole(321)) - 14afdd48-1c23-4787-9ada-99348fccc9d2@group-2228D2590D3E: changes role from      null to FOLLOWER at term 0 for startAsFollower
2023-04-22 02:18:17,940 [pool-267-thread-1] INFO  impl.RoleInfo (RoleInfo.java:updateAndGet(139)) - 14afdd48-1c23-4787-9ada-99348fccc9d2: start 14afdd48-1c23-4787-9ada-99348fccc9d2@group-2228D2590D3E-FollowerState
2023-04-22 02:18:17,940 [pool-267-thread-1] INFO  util.JmxRegister (JmxRegister.java:tryRegister(44)) - Successfully registered JMX Bean with object name Ratis:service=RaftServer,group=group-2228D2590D3E,id=14afdd48-1c23-4787-9ada-99348fccc9d2
2023-04-22 02:18:17,940 [pool-267-thread-1] INFO  server.RaftServerConfigKeys (ConfUtils.java:logGet(46)) - raft.server.snapshot.auto.trigger.enabled = true (custom)
2023-04-22 02:18:17,940 [pool-267-thread-1] INFO  server.RaftServerConfigKeys (ConfUtils.java:logGet(46)) - raft.server.snapshot.auto.trigger.threshold = 1 (custom)
2023-04-22 02:18:17,940 [pool-267-thread-1] INFO  server.RaftServerConfigKeys (ConfUtils.java:logGet(46)) - raft.server.snapshot.retention.file.num = 5 (custom)
2023-04-22 02:18:17,940 [pool-267-thread-1] INFO  server.RaftServerConfigKeys (ConfUtils.java:logGet(46)) - raft.server.log.purge.upto.snapshot.index = false (default)
2023-04-22 02:18:17,941 [14afdd48-1c23-4787-9ada-99348fccc9d2@group-2228D2590D3E-FollowerState] INFO  server.RaftServerConfigKeys (ConfUtils.java:logFallback(53)) - raft.server.rpc.first-election.timeout.min = 5s (fallback to raft.server.rpc.timeout.min)
2023-04-22 02:18:17,941 [14afdd48-1c23-4787-9ada-99348fccc9d2@group-2228D2590D3E-FollowerState] INFO  server.RaftServerConfigKeys (ConfUtils.java:logFallback(53)) - raft.server.rpc.first-election.timeout.max = 5200ms (fallback to raft.server.rpc.timeout.max)
2023-04-22 02:18:17,945 [EventQueue-OpenPipelineForHealthyPipelineSafeModeRule] INFO  safemode.SCMSafeModeManager (HealthyPipelineSafeModeRule.java:process(137)) - SCM in safe mode. Healthy pipelines reported count is 0, required healthy pipeline reported count is 1
2023-04-22 02:18:17,954 [grpc-default-executor-1] INFO  server.RaftServer (RaftServerProxy.java:addNew(96)) - 2e77c710-dcb3-40c4-9ab8-375ebf5b60c5: addNew group-2228D2590D3E:[2e77c710-dcb3-40c4-9ab8-375ebf5b60c5|rpc:10.1.0.20:42687|dataStream:10.1.0.20:33365|priority:1|startupRole:FOLLOWER, ffe33985-86ac-4dba-9cf7-e9d9be1914b9|rpc:10.1.0.20:37515|dataStream:10.1.0.20:41651|priority:0|startupRole:FOLLOWER, 14afdd48-1c23-4787-9ada-99348fccc9d2|rpc:10.1.0.20:38959|dataStream:10.1.0.20:42291|priority:0|startupRole:FOLLOWER] returns group-2228D2590D3E:java.util.concurrent.CompletableFuture@1ec417c2[Not completed]
2023-04-22 02:18:17,955 [pool-241-thread-1] INFO  server.RaftServer$Division (RaftServerImpl.java:<init>(195)) - 2e77c710-dcb3-40c4-9ab8-375ebf5b60c5: new RaftServerImpl for group-2228D2590D3E:[2e77c710-dcb3-40c4-9ab8-375ebf5b60c5|rpc:10.1.0.20:42687|dataStream:10.1.0.20:33365|priority:1|startupRole:FOLLOWER, ffe33985-86ac-4dba-9cf7-e9d9be1914b9|rpc:10.1.0.20:37515|dataStream:10.1.0.20:41651|priority:0|startupRole:FOLLOWER, 14afdd48-1c23-4787-9ada-99348fccc9d2|rpc:10.1.0.20:38959|dataStream:10.1.0.20:42291|priority:0|startupRole:FOLLOWER] with ContainerStateMachine:uninitialized
2023-04-22 02:18:17,955 [pool-241-thread-1] INFO  server.RaftServerConfigKeys (ConfUtils.java:logGet(46)) - raft.server.rpc.timeout.min = 5s (custom)
2023-04-22 02:18:17,955 [pool-241-thread-1] INFO  server.RaftServerConfigKeys (ConfUtils.java:logGet(46)) - raft.server.rpc.timeout.max = 5200ms (custom)
2023-04-22 02:18:17,955 [pool-241-thread-1] INFO  server.RaftServerConfigKeys (ConfUtils.java:logGet(46)) - raft.server.rpc.sleep.time = 25ms (default)
2023-04-22 02:18:17,955 [pool-241-thread-1] INFO  server.RaftServerConfigKeys (ConfUtils.java:logGet(46)) - raft.server.rpc.slowness.timeout = 300000ms (custom)
2023-04-22 02:18:17,955 [pool-241-thread-1] INFO  server.RaftServerConfigKeys (ConfUtils.java:logGet(46)) - raft.server.leaderelection.leader.step-down.wait-time = 10s (default)
2023-04-22 02:18:17,955 [pool-241-thread-1] INFO  server.RaftServerConfigKeys (ConfUtils.java:logGet(46)) - raft.server.sleep.deviation.threshold = 300ms (default)
2023-04-22 02:18:17,955 [pool-241-thread-1] INFO  server.RaftServer$Division (ServerState.java:<init>(118)) - 2e77c710-dcb3-40c4-9ab8-375ebf5b60c5@group-2228D2590D3E: ConfigurationManager, init=-1: peers:[2e77c710-dcb3-40c4-9ab8-375ebf5b60c5|rpc:10.1.0.20:42687|dataStream:10.1.0.20:33365|priority:1|startupRole:FOLLOWER, ffe33985-86ac-4dba-9cf7-e9d9be1914b9|rpc:10.1.0.20:37515|dataStream:10.1.0.20:41651|priority:0|startupRole:FOLLOWER, 14afdd48-1c23-4787-9ada-99348fccc9d2|rpc:10.1.0.20:38959|dataStream:10.1.0.20:42291|priority:0|startupRole:FOLLOWER]|listeners:[], old=null, confs=<EMPTY_MAP>
2023-04-22 02:18:17,955 [pool-241-thread-1] INFO  server.RaftServerConfigKeys (ConfUtils.java:logGet(46)) - raft.server.storage.dir = [/home/runner/work/ozone/ozone/hadoop-ozone/integration-test/target/test-dir/MiniOzoneClusterImpl-b640deff-6994-498f-92ea-4ac5c972f0d8/datanode-7/data/ratis] (custom)
2023-04-22 02:18:17,956 [pool-241-thread-1] INFO  server.RaftServerConfigKeys (ConfUtils.java:logGet(46)) - raft.server.log.corruption.policy = EXCEPTION (default)
2023-04-22 02:18:17,956 [pool-241-thread-1] INFO  server.RaftServerConfigKeys (ConfUtils.java:logGet(46)) - raft.server.storage.free-space.min = 0MB (=0) (default)
2023-04-22 02:18:17,956 [pool-241-thread-1] INFO  server.RaftServerConfigKeys (ConfUtils.java:logGet(46)) - raft.server.notification.no-leader.timeout = 300000ms (custom)
2023-04-22 02:18:17,956 [pool-241-thread-1] INFO  server.RaftServerConfigKeys (ConfUtils.java:logGet(46)) - raft.server.retrycache.expirytime = 600000ms (custom)
2023-04-22 02:18:17,956 [pool-241-thread-1] INFO  server.RaftServerConfigKeys (ConfUtils.java:logGet(46)) - raft.server.retrycache.statistics.expirytime = 100μs (default)
2023-04-22 02:18:17,957 [pool-241-thread-1] INFO  server.RaftServerConfigKeys (ConfUtils.java:logGet(46)) - raft.server.log.appender.install.snapshot.enabled = false (custom)
2023-04-22 02:18:17,957 [pool-241-thread-1] INFO  server.RaftServerConfigKeys (ConfUtils.java:logGet(46)) - raft.server.threadpool.server.cached = true (default)
2023-04-22 02:18:17,957 [pool-241-thread-1] INFO  server.RaftServerConfigKeys (ConfUtils.java:logGet(46)) - raft.server.threadpool.server.size = 0 (default)
2023-04-22 02:18:17,957 [pool-241-thread-1] INFO  server.RaftServerConfigKeys (ConfUtils.java:logGet(46)) - raft.server.threadpool.client.cached = true (default)
2023-04-22 02:18:17,957 [pool-241-thread-1] INFO  server.RaftServerConfigKeys (ConfUtils.java:logGet(46)) - raft.server.threadpool.client.size = 0 (default)
2023-04-22 02:18:17,957 [pool-241-thread-1] INFO  storage.RaftStorageDirectory (RaftStorageDirectoryImpl.java:analyzeStorage(137)) - The storage directory /home/runner/work/ozone/ozone/hadoop-ozone/integration-test/target/test-dir/MiniOzoneClusterImpl-b640deff-6994-498f-92ea-4ac5c972f0d8/datanode-7/data/ratis/c015da53-8971-4990-89ee-2228d2590d3e does not exist. Creating ...
2023-04-22 02:18:17,958 [pool-241-thread-1] INFO  storage.RaftStorageDirectory (RaftStorageDirectoryImpl.java:tryLock(231)) - Lock on /home/runner/work/ozone/ozone/hadoop-ozone/integration-test/target/test-dir/MiniOzoneClusterImpl-b640deff-6994-498f-92ea-4ac5c972f0d8/datanode-7/data/ratis/c015da53-8971-4990-89ee-2228d2590d3e/in_use.lock acquired by nodename 58540@fv-az443-428
2023-04-22 02:18:17,959 [pool-241-thread-1] INFO  storage.RaftStorage (RaftStorageImpl.java:format(96)) - Storage directory /home/runner/work/ozone/ozone/hadoop-ozone/integration-test/target/test-dir/MiniOzoneClusterImpl-b640deff-6994-498f-92ea-4ac5c972f0d8/datanode-7/data/ratis/c015da53-8971-4990-89ee-2228d2590d3e has been successfully formatted.
2023-04-22 02:18:17,960 [pool-241-thread-1] INFO  ratis.ContainerStateMachine (ContainerStateMachine.java:loadSnapshot(262)) - group-2228D2590D3E: The snapshot info is null. Setting the last applied indexto:(t:0, i:~)
2023-04-22 02:18:17,960 [pool-241-thread-1] INFO  server.RaftServerConfigKeys (ConfUtils.java:logGet(46)) - raft.server.log.use.memory = false (default)
2023-04-22 02:18:17,960 [pool-241-thread-1] INFO  server.RaftServerConfigKeys (ConfUtils.java:logGet(46)) - raft.server.log.purge.gap = 1000000 (custom)
2023-04-22 02:18:17,960 [pool-241-thread-1] INFO  server.RaftServerConfigKeys (ConfUtils.java:logGet(46)) - raft.server.log.appender.buffer.byte-limit = 33554432 (custom)
2023-04-22 02:18:17,962 [pool-241-thread-1] INFO  server.RaftServerConfigKeys (ConfUtils.java:logGet(46)) - raft.server.log.statemachine.data.read.timeout = 1000ms (default)
2023-04-22 02:18:17,962 [pool-241-thread-1] INFO  server.RaftServerConfigKeys (ConfUtils.java:logGet(46)) - raft.server.log.purge.preservation.log.num = 0 (default)
2023-04-22 02:18:17,962 [pool-241-thread-1] INFO  server.RaftServerConfigKeys (ConfUtils.java:logGet(46)) - raft.server.log.segment.size.max = 1048576 (custom)
2023-04-22 02:18:17,963 [pool-241-thread-1] INFO  server.RaftServerConfigKeys (ConfUtils.java:logGet(46)) - raft.server.log.segment.cache.num.max = 2 (custom)
2023-04-22 02:18:17,963 [pool-241-thread-1] INFO  server.RaftServerConfigKeys (ConfUtils.java:logGet(46)) - raft.server.log.segment.cache.size.max = 200MB (=209715200) (default)
2023-04-22 02:18:17,963 [pool-241-thread-1] INFO  segmented.SegmentedRaftLogWorker (SegmentedRaftLogWorker.java:<init>(189)) - new 2e77c710-dcb3-40c4-9ab8-375ebf5b60c5@group-2228D2590D3E-SegmentedRaftLogWorker for RaftStorageImpl:Storage Directory /home/runner/work/ozone/ozone/hadoop-ozone/integration-test/target/test-dir/MiniOzoneClusterImpl-b640deff-6994-498f-92ea-4ac5c972f0d8/datanode-7/data/ratis/c015da53-8971-4990-89ee-2228d2590d3e
2023-04-22 02:18:17,963 [pool-241-thread-1] INFO  server.RaftServerConfigKeys (ConfUtils.java:logGet(46)) - raft.server.log.queue.byte-limit = 4294967296 (custom)
2023-04-22 02:18:17,963 [pool-241-thread-1] INFO  server.RaftServerConfigKeys (ConfUtils.java:logGet(46)) - raft.server.log.queue.element-limit = 1024 (custom)
2023-04-22 02:18:17,963 [pool-241-thread-1] INFO  server.RaftServerConfigKeys (ConfUtils.java:logGet(46)) - raft.server.log.segment.size.max = 1048576 (custom)
2023-04-22 02:18:17,963 [pool-241-thread-1] INFO  server.RaftServerConfigKeys (ConfUtils.java:logGet(46)) - raft.server.log.preallocated.size = 16384 (custom)
2023-04-22 02:18:17,963 [pool-241-thread-1] INFO  server.RaftServerConfigKeys (ConfUtils.java:logGet(46)) - raft.server.log.force.sync.num = 128 (default)
2023-04-22 02:18:17,963 [pool-241-thread-1] INFO  server.RaftServerConfigKeys (ConfUtils.java:logGet(46)) - raft.server.log.statemachine.data.sync = true (default)
2023-04-22 02:18:17,963 [pool-241-thread-1] INFO  server.RaftServerConfigKeys (ConfUtils.java:logGet(46)) - raft.server.log.statemachine.data.sync.timeout = 10s (default)
2023-04-22 02:18:17,963 [pool-241-thread-1] INFO  server.RaftServerConfigKeys (ConfUtils.java:logGet(46)) - raft.server.log.statemachine.data.sync.timeout.retry = -1 (default)
2023-04-22 02:18:17,964 [pool-241-thread-1] INFO  server.RaftServerConfigKeys (ConfUtils.java:logGet(46)) - raft.server.log.write.buffer.size = 1048576 (custom)
2023-04-22 02:18:17,964 [pool-241-thread-1] INFO  server.RaftServerConfigKeys (ConfUtils.java:logGet(46)) - raft.server.log.appender.buffer.byte-limit = 33554432 (custom)
2023-04-22 02:18:17,967 [pool-241-thread-1] INFO  server.RaftServerConfigKeys (ConfUtils.java:logGet(46)) - raft.server.log.unsafe-flush.enabled = false (default)
2023-04-22 02:18:17,967 [pool-241-thread-1] INFO  server.RaftServerConfigKeys (ConfUtils.java:logGet(46)) - raft.server.log.async-flush.enabled = false (default)
2023-04-22 02:18:17,967 [pool-241-thread-1] INFO  server.RaftServerConfigKeys (ConfUtils.java:logGet(46)) - raft.server.log.statemachine.data.caching.enabled = true (custom)
2023-04-22 02:18:17,968 [pool-241-thread-1] INFO  segmented.SegmentedRaftLogWorker (SegmentedRaftLogWorker.java:lambda$new$0(135)) - 2e77c710-dcb3-40c4-9ab8-375ebf5b60c5@group-2228D2590D3E-SegmentedRaftLogWorker: flushIndex: setUnconditionally 0 -> -1
2023-04-22 02:18:17,968 [pool-241-thread-1] INFO  segmented.SegmentedRaftLogWorker (SegmentedRaftLogWorker.java:lambda$new$0(135)) - 2e77c710-dcb3-40c4-9ab8-375ebf5b60c5@group-2228D2590D3E-SegmentedRaftLogWorker: safeCacheEvictIndex: setUnconditionally 0 -> -1
2023-04-22 02:18:17,968 [pool-241-thread-1] INFO  server.RaftServer$Division (RaftServerImpl.java:start(334)) - 2e77c710-dcb3-40c4-9ab8-375ebf5b60c5@group-2228D2590D3E: start as a follower, conf=-1: peers:[2e77c710-dcb3-40c4-9ab8-375ebf5b60c5|rpc:10.1.0.20:42687|dataStream:10.1.0.20:33365|priority:1|startupRole:FOLLOWER, ffe33985-86ac-4dba-9cf7-e9d9be1914b9|rpc:10.1.0.20:37515|dataStream:10.1.0.20:41651|priority:0|startupRole:FOLLOWER, 14afdd48-1c23-4787-9ada-99348fccc9d2|rpc:10.1.0.20:38959|dataStream:10.1.0.20:42291|priority:0|startupRole:FOLLOWER]|listeners:[], old=null
2023-04-22 02:18:17,968 [pool-241-thread-1] INFO  server.RaftServer$Division (RaftServerImpl.java:setRole(321)) - 2e77c710-dcb3-40c4-9ab8-375ebf5b60c5@group-2228D2590D3E: changes role from      null to FOLLOWER at term 0 for startAsFollower
2023-04-22 02:18:17,968 [pool-241-thread-1] INFO  impl.RoleInfo (RoleInfo.java:updateAndGet(139)) - 2e77c710-dcb3-40c4-9ab8-375ebf5b60c5: start 2e77c710-dcb3-40c4-9ab8-375ebf5b60c5@group-2228D2590D3E-FollowerState
2023-04-22 02:18:17,968 [pool-241-thread-1] INFO  util.JmxRegister (JmxRegister.java:tryRegister(44)) - Successfully registered JMX Bean with object name Ratis:service=RaftServer,group=group-2228D2590D3E,id=2e77c710-dcb3-40c4-9ab8-375ebf5b60c5
2023-04-22 02:18:17,968 [2e77c710-dcb3-40c4-9ab8-375ebf5b60c5@group-2228D2590D3E-FollowerState] INFO  server.RaftServerConfigKeys (ConfUtils.java:logFallback(53)) - raft.server.rpc.first-election.timeout.min = 5s (fallback to raft.server.rpc.timeout.min)
2023-04-22 02:18:17,968 [pool-241-thread-1] INFO  server.RaftServerConfigKeys (ConfUtils.java:logGet(46)) - raft.server.snapshot.auto.trigger.enabled = true (custom)
2023-04-22 02:18:17,968 [2e77c710-dcb3-40c4-9ab8-375ebf5b60c5@group-2228D2590D3E-FollowerState] INFO  server.RaftServerConfigKeys (ConfUtils.java:logFallback(53)) - raft.server.rpc.first-election.timeout.max = 5200ms (fallback to raft.server.rpc.timeout.max)
2023-04-22 02:18:17,968 [pool-241-thread-1] INFO  server.RaftServerConfigKeys (ConfUtils.java:logGet(46)) - raft.server.snapshot.auto.trigger.threshold = 1 (custom)
2023-04-22 02:18:17,968 [pool-241-thread-1] INFO  server.RaftServerConfigKeys (ConfUtils.java:logGet(46)) - raft.server.snapshot.retention.file.num = 5 (custom)
2023-04-22 02:18:17,968 [pool-241-thread-1] INFO  server.RaftServerConfigKeys (ConfUtils.java:logGet(46)) - raft.server.log.purge.upto.snapshot.index = false (default)
2023-04-22 02:18:17,979 [Command processor thread] INFO  commandhandler.CreatePipelineCommandHandler (CreatePipelineCommandHandler.java:handle(113)) - Created Pipeline RATIS THREE PipelineID=c015da53-8971-4990-89ee-2228d2590d3e.
2023-04-22 02:18:17,981 [EventQueue-OpenPipelineForHealthyPipelineSafeModeRule] INFO  safemode.SCMSafeModeManager (HealthyPipelineSafeModeRule.java:process(137)) - SCM in safe mode. Healthy pipelines reported count is 0, required healthy pipeline reported count is 1
2023-04-22 02:18:18,093 [EventQueue-OpenPipelineForHealthyPipelineSafeModeRule] INFO  safemode.SCMSafeModeManager (HealthyPipelineSafeModeRule.java:process(137)) - SCM in safe mode. Healthy pipelines reported count is 0, required healthy pipeline reported count is 1
2023-04-22 02:18:18,112 [EventQueue-OpenPipelineForHealthyPipelineSafeModeRule] INFO  safemode.SCMSafeModeManager (HealthyPipelineSafeModeRule.java:process(137)) - SCM in safe mode. Healthy pipelines reported count is 0, required healthy pipeline reported count is 1
2023-04-22 02:18:18,114 [EventQueue-OpenPipelineForHealthyPipelineSafeModeRule] INFO  safemode.SCMSafeModeManager (HealthyPipelineSafeModeRule.java:process(137)) - SCM in safe mode. Healthy pipelines reported count is 0, required healthy pipeline reported count is 1
2023-04-22 02:18:18,134 [Command processor thread] INFO  server.RaftServer (RaftServerProxy.java:addNew(96)) - 2e77c710-dcb3-40c4-9ab8-375ebf5b60c5: addNew group-7B4991A1B4A3:[2e77c710-dcb3-40c4-9ab8-375ebf5b60c5|rpc:10.1.0.20:42687|dataStream:10.1.0.20:33365|priority:1|startupRole:FOLLOWER] returns group-7B4991A1B4A3:java.util.concurrent.CompletableFuture@1e1a5f8d[Not completed]
2023-04-22 02:18:18,135 [pool-241-thread-1] INFO  server.RaftServer$Division (RaftServerImpl.java:<init>(195)) - 2e77c710-dcb3-40c4-9ab8-375ebf5b60c5: new RaftServerImpl for group-7B4991A1B4A3:[2e77c710-dcb3-40c4-9ab8-375ebf5b60c5|rpc:10.1.0.20:42687|dataStream:10.1.0.20:33365|priority:1|startupRole:FOLLOWER] with ContainerStateMachine:uninitialized
2023-04-22 02:18:18,135 [pool-241-thread-1] INFO  server.RaftServerConfigKeys (ConfUtils.java:logGet(46)) - raft.server.rpc.timeout.min = 5s (custom)
2023-04-22 02:18:18,135 [pool-241-thread-1] INFO  server.RaftServerConfigKeys (ConfUtils.java:logGet(46)) - raft.server.rpc.timeout.max = 5200ms (custom)
2023-04-22 02:18:18,135 [pool-241-thread-1] INFO  server.RaftServerConfigKeys (ConfUtils.java:logGet(46)) - raft.server.rpc.sleep.time = 25ms (default)
2023-04-22 02:18:18,135 [pool-241-thread-1] INFO  server.RaftServerConfigKeys (ConfUtils.java:logGet(46)) - raft.server.rpc.slowness.timeout = 300000ms (custom)
2023-04-22 02:18:18,135 [pool-241-thread-1] INFO  server.RaftServerConfigKeys (ConfUtils.java:logGet(46)) - raft.server.leaderelection.leader.step-down.wait-time = 10s (default)
2023-04-22 02:18:18,135 [pool-241-thread-1] INFO  server.RaftServerConfigKeys (ConfUtils.java:logGet(46)) - raft.server.sleep.deviation.threshold = 300ms (default)
2023-04-22 02:18:18,135 [pool-241-thread-1] INFO  server.RaftServer$Division (ServerState.java:<init>(118)) - 2e77c710-dcb3-40c4-9ab8-375ebf5b60c5@group-7B4991A1B4A3: ConfigurationManager, init=-1: peers:[2e77c710-dcb3-40c4-9ab8-375ebf5b60c5|rpc:10.1.0.20:42687|dataStream:10.1.0.20:33365|priority:1|startupRole:FOLLOWER]|listeners:[], old=null, confs=<EMPTY_MAP>
2023-04-22 02:18:18,135 [pool-241-thread-1] INFO  server.RaftServerConfigKeys (ConfUtils.java:logGet(46)) - raft.server.storage.dir = [/home/runner/work/ozone/ozone/hadoop-ozone/integration-test/target/test-dir/MiniOzoneClusterImpl-b640deff-6994-498f-92ea-4ac5c972f0d8/datanode-7/data/ratis] (custom)
2023-04-22 02:18:18,135 [pool-241-thread-1] INFO  server.RaftServerConfigKeys (ConfUtils.java:logGet(46)) - raft.server.log.corruption.policy = EXCEPTION (default)
2023-04-22 02:18:18,135 [pool-241-thread-1] INFO  server.RaftServerConfigKeys (ConfUtils.java:logGet(46)) - raft.server.storage.free-space.min = 0MB (=0) (default)
2023-04-22 02:18:18,135 [pool-241-thread-1] INFO  server.RaftServerConfigKeys (ConfUtils.java:logGet(46)) - raft.server.notification.no-leader.timeout = 300000ms (custom)
2023-04-22 02:18:18,135 [pool-241-thread-1] INFO  server.RaftServerConfigKeys (ConfUtils.java:logGet(46)) - raft.server.retrycache.expirytime = 600000ms (custom)
2023-04-22 02:18:18,135 [pool-241-thread-1] INFO  server.RaftServerConfigKeys (ConfUtils.java:logGet(46)) - raft.server.retrycache.statistics.expirytime = 100μs (default)
2023-04-22 02:18:18,136 [pool-241-thread-1] INFO  server.RaftServerConfigKeys (ConfUtils.java:logGet(46)) - raft.server.log.appender.install.snapshot.enabled = false (custom)
2023-04-22 02:18:18,136 [pool-241-thread-1] INFO  server.RaftServerConfigKeys (ConfUtils.java:logGet(46)) - raft.server.threadpool.server.cached = true (default)
2023-04-22 02:18:18,136 [pool-241-thread-1] INFO  server.RaftServerConfigKeys (ConfUtils.java:logGet(46)) - raft.server.threadpool.server.size = 0 (default)
2023-04-22 02:18:18,137 [pool-241-thread-1] INFO  server.RaftServerConfigKeys (ConfUtils.java:logGet(46)) - raft.server.threadpool.client.cached = true (default)
2023-04-22 02:18:18,137 [pool-241-thread-1] INFO  server.RaftServerConfigKeys (ConfUtils.java:logGet(46)) - raft.server.threadpool.client.size = 0 (default)
2023-04-22 02:18:18,137 [pool-241-thread-1] INFO  storage.RaftStorageDirectory (RaftStorageDirectoryImpl.java:analyzeStorage(137)) - The storage directory /home/runner/work/ozone/ozone/hadoop-ozone/integration-test/target/test-dir/MiniOzoneClusterImpl-b640deff-6994-498f-92ea-4ac5c972f0d8/datanode-7/data/ratis/de549e3c-09d2-485c-b0d4-7b4991a1b4a3 does not exist. Creating ...
2023-04-22 02:18:18,138 [pool-241-thread-1] INFO  storage.RaftStorageDirectory (RaftStorageDirectoryImpl.java:tryLock(231)) - Lock on /home/runner/work/ozone/ozone/hadoop-ozone/integration-test/target/test-dir/MiniOzoneClusterImpl-b640deff-6994-498f-92ea-4ac5c972f0d8/datanode-7/data/ratis/de549e3c-09d2-485c-b0d4-7b4991a1b4a3/in_use.lock acquired by nodename 58540@fv-az443-428
2023-04-22 02:18:18,139 [pool-241-thread-1] INFO  storage.RaftStorage (RaftStorageImpl.java:format(96)) - Storage directory /home/runner/work/ozone/ozone/hadoop-ozone/integration-test/target/test-dir/MiniOzoneClusterImpl-b640deff-6994-498f-92ea-4ac5c972f0d8/datanode-7/data/ratis/de549e3c-09d2-485c-b0d4-7b4991a1b4a3 has been successfully formatted.
2023-04-22 02:18:18,140 [EventQueue-PipelineReportForPipelineReportHandler] INFO  pipeline.PipelineManagerImpl (PipelineManagerImpl.java:openPipeline(367)) - Pipeline Pipeline[ Id: de549e3c-09d2-485c-b0d4-7b4991a1b4a3, Nodes: 2e77c710-dcb3-40c4-9ab8-375ebf5b60c5(fv-az443-428.ap2fcshprsnunfx25e1aelzb4b.cx.internal.cloudapp.net/10.1.0.20), ReplicationConfig: RATIS/ONE, State:ALLOCATED, leaderId:2e77c710-dcb3-40c4-9ab8-375ebf5b60c5, CreationTimestamp2023-04-22T02:18:15.140Z[Etc/UTC]] moved to OPEN state
2023-04-22 02:18:18,140 [EventQueue-OpenPipelineForHealthyPipelineSafeModeRule] INFO  safemode.SCMSafeModeManager (HealthyPipelineSafeModeRule.java:process(137)) - SCM in safe mode. Healthy pipelines reported count is 0, required healthy pipeline reported count is 1
2023-04-22 02:18:18,141 [pool-241-thread-1] INFO  ratis.ContainerStateMachine (ContainerStateMachine.java:loadSnapshot(262)) - group-7B4991A1B4A3: The snapshot info is null. Setting the last applied indexto:(t:0, i:~)
2023-04-22 02:18:18,141 [pool-241-thread-1] INFO  server.RaftServerConfigKeys (ConfUtils.java:logGet(46)) - raft.server.log.use.memory = false (default)
2023-04-22 02:18:18,141 [pool-241-thread-1] INFO  server.RaftServerConfigKeys (ConfUtils.java:logGet(46)) - raft.server.log.purge.gap = 1000000 (custom)
2023-04-22 02:18:18,141 [pool-241-thread-1] INFO  server.RaftServerConfigKeys (ConfUtils.java:logGet(46)) - raft.server.log.appender.buffer.byte-limit = 33554432 (custom)
2023-04-22 02:18:18,141 [pool-241-thread-1] INFO  server.RaftServerConfigKeys (ConfUtils.java:logGet(46)) - raft.server.log.statemachine.data.read.timeout = 1000ms (default)
2023-04-22 02:18:18,141 [pool-241-thread-1] INFO  server.RaftServerConfigKeys (ConfUtils.java:logGet(46)) - raft.server.log.purge.preservation.log.num = 0 (default)
2023-04-22 02:18:18,141 [pool-241-thread-1] INFO  server.RaftServerConfigKeys (ConfUtils.java:logGet(46)) - raft.server.log.segment.size.max = 1048576 (custom)
2023-04-22 02:18:18,141 [pool-241-thread-1] INFO  server.RaftServerConfigKeys (ConfUtils.java:logGet(46)) - raft.server.log.segment.cache.num.max = 2 (custom)
2023-04-22 02:18:18,142 [pool-241-thread-1] INFO  server.RaftServerConfigKeys (ConfUtils.java:logGet(46)) - raft.server.log.segment.cache.size.max = 200MB (=209715200) (default)
2023-04-22 02:18:18,142 [pool-241-thread-1] INFO  segmented.SegmentedRaftLogWorker (SegmentedRaftLogWorker.java:<init>(189)) - new 2e77c710-dcb3-40c4-9ab8-375ebf5b60c5@group-7B4991A1B4A3-SegmentedRaftLogWorker for RaftStorageImpl:Storage Directory /home/runner/work/ozone/ozone/hadoop-ozone/integration-test/target/test-dir/MiniOzoneClusterImpl-b640deff-6994-498f-92ea-4ac5c972f0d8/datanode-7/data/ratis/de549e3c-09d2-485c-b0d4-7b4991a1b4a3
2023-04-22 02:18:18,142 [pool-241-thread-1] INFO  server.RaftServerConfigKeys (ConfUtils.java:logGet(46)) - raft.server.log.queue.byte-limit = 4294967296 (custom)
2023-04-22 02:18:18,142 [pool-241-thread-1] INFO  server.RaftServerConfigKeys (ConfUtils.java:logGet(46)) - raft.server.log.queue.element-limit = 1024 (custom)
2023-04-22 02:18:18,142 [pool-241-thread-1] INFO  server.RaftServerConfigKeys (ConfUtils.java:logGet(46)) - raft.server.log.segment.size.max = 1048576 (custom)
2023-04-22 02:18:18,142 [pool-241-thread-1] INFO  server.RaftServerConfigKeys (ConfUtils.java:logGet(46)) - raft.server.log.preallocated.size = 16384 (custom)
2023-04-22 02:18:18,142 [pool-241-thread-1] INFO  server.RaftServerConfigKeys (ConfUtils.java:logGet(46)) - raft.server.log.force.sync.num = 128 (default)
2023-04-22 02:18:18,142 [pool-241-thread-1] INFO  server.RaftServerConfigKeys (ConfUtils.java:logGet(46)) - raft.server.log.statemachine.data.sync = true (default)
2023-04-22 02:18:18,142 [pool-241-thread-1] INFO  server.RaftServerConfigKeys (ConfUtils.java:logGet(46)) - raft.server.log.statemachine.data.sync.timeout = 10s (default)
2023-04-22 02:18:18,142 [pool-241-thread-1] INFO  server.RaftServerConfigKeys (ConfUtils.java:logGet(46)) - raft.server.log.statemachine.data.sync.timeout.retry = -1 (default)
2023-04-22 02:18:18,143 [pool-241-thread-1] INFO  server.RaftServerConfigKeys (ConfUtils.java:logGet(46)) - raft.server.log.write.buffer.size = 1048576 (custom)
2023-04-22 02:18:18,144 [EventQueue-OpenPipelineForHealthyPipelineSafeModeRule] INFO  safemode.SCMSafeModeManager (HealthyPipelineSafeModeRule.java:process(137)) - SCM in safe mode. Healthy pipelines reported count is 0, required healthy pipeline reported count is 1
2023-04-22 02:18:18,145 [pool-241-thread-1] INFO  server.RaftServerConfigKeys (ConfUtils.java:logGet(46)) - raft.server.log.appender.buffer.byte-limit = 33554432 (custom)
2023-04-22 02:18:18,522 [Command processor thread] INFO  server.RaftServer (RaftServerProxy.java:addNew(96)) - 14afdd48-1c23-4787-9ada-99348fccc9d2: addNew group-08C6C411513A:[14afdd48-1c23-4787-9ada-99348fccc9d2|rpc:10.1.0.20:38959|dataStream:10.1.0.20:42291|priority:1|startupRole:FOLLOWER] returns group-08C6C411513A:java.util.concurrent.CompletableFuture@4ee14e5c[Not completed]
2023-04-22 02:18:18,523 [pool-241-thread-1] INFO  server.RaftServerConfigKeys (ConfUtils.java:logGet(46)) - raft.server.log.unsafe-flush.enabled = false (default)
2023-04-22 02:18:18,523 [pool-241-thread-1] INFO  server.RaftServerConfigKeys (ConfUtils.java:logGet(46)) - raft.server.log.async-flush.enabled = false (default)
2023-04-22 02:18:18,523 [pool-241-thread-1] INFO  server.RaftServerConfigKeys (ConfUtils.java:logGet(46)) - raft.server.log.statemachine.data.caching.enabled = true (custom)
2023-04-22 02:18:18,523 [pool-267-thread-1] INFO  server.RaftServer$Division (RaftServerImpl.java:<init>(195)) - 14afdd48-1c23-4787-9ada-99348fccc9d2: new RaftServerImpl for group-08C6C411513A:[14afdd48-1c23-4787-9ada-99348fccc9d2|rpc:10.1.0.20:38959|dataStream:10.1.0.20:42291|priority:1|startupRole:FOLLOWER] with ContainerStateMachine:uninitialized
2023-04-22 02:18:18,523 [pool-267-thread-1] INFO  server.RaftServerConfigKeys (ConfUtils.java:logGet(46)) - raft.server.rpc.timeout.min = 5s (custom)
2023-04-22 02:18:18,523 [pool-241-thread-1] INFO  segmented.SegmentedRaftLogWorker (SegmentedRaftLogWorker.java:lambda$new$0(135)) - 2e77c710-dcb3-40c4-9ab8-375ebf5b60c5@group-7B4991A1B4A3-SegmentedRaftLogWorker: flushIndex: setUnconditionally 0 -> -1
2023-04-22 02:18:18,523 [pool-267-thread-1] INFO  server.RaftServerConfigKeys (ConfUtils.java:logGet(46)) - raft.server.rpc.timeout.max = 5200ms (custom)
2023-04-22 02:18:18,523 [pool-241-thread-1] INFO  segmented.SegmentedRaftLogWorker (SegmentedRaftLogWorker.java:lambda$new$0(135)) - 2e77c710-dcb3-40c4-9ab8-375ebf5b60c5@group-7B4991A1B4A3-SegmentedRaftLogWorker: safeCacheEvictIndex: setUnconditionally 0 -> -1
2023-04-22 02:18:18,523 [pool-267-thread-1] INFO  server.RaftServerConfigKeys (ConfUtils.java:logGet(46)) - raft.server.rpc.sleep.time = 25ms (default)
2023-04-22 02:18:18,523 [pool-267-thread-1] INFO  server.RaftServerConfigKeys (ConfUtils.java:logGet(46)) - raft.server.rpc.slowness.timeout = 300000ms (custom)
2023-04-22 02:18:18,523 [pool-267-thread-1] INFO  server.RaftServerConfigKeys (ConfUtils.java:logGet(46)) - raft.server.leaderelection.leader.step-down.wait-time = 10s (default)
2023-04-22 02:18:18,523 [pool-267-thread-1] INFO  server.RaftServerConfigKeys (ConfUtils.java:logGet(46)) - raft.server.sleep.deviation.threshold = 300ms (default)
2023-04-22 02:18:18,523 [pool-241-thread-1] INFO  server.RaftServer$Division (RaftServerImpl.java:start(334)) - 2e77c710-dcb3-40c4-9ab8-375ebf5b60c5@group-7B4991A1B4A3: start as a follower, conf=-1: peers:[2e77c710-dcb3-40c4-9ab8-375ebf5b60c5|rpc:10.1.0.20:42687|dataStream:10.1.0.20:33365|priority:1|startupRole:FOLLOWER]|listeners:[], old=null
2023-04-22 02:18:18,523 [pool-241-thread-1] INFO  server.RaftServer$Division (RaftServerImpl.java:setRole(321)) - 2e77c710-dcb3-40c4-9ab8-375ebf5b60c5@group-7B4991A1B4A3: changes role from      null to FOLLOWER at term 0 for startAsFollower
2023-04-22 02:18:18,523 [pool-267-thread-1] INFO  server.RaftServer$Division (ServerState.java:<init>(118)) - 14afdd48-1c23-4787-9ada-99348fccc9d2@group-08C6C411513A: ConfigurationManager, init=-1: peers:[14afdd48-1c23-4787-9ada-99348fccc9d2|rpc:10.1.0.20:38959|dataStream:10.1.0.20:42291|priority:1|startupRole:FOLLOWER]|listeners:[], old=null, confs=<EMPTY_MAP>
2023-04-22 02:18:18,523 [pool-241-thread-1] INFO  impl.RoleInfo (RoleInfo.java:updateAndGet(139)) - 2e77c710-dcb3-40c4-9ab8-375ebf5b60c5: start 2e77c710-dcb3-40c4-9ab8-375ebf5b60c5@group-7B4991A1B4A3-FollowerState
2023-04-22 02:18:18,523 [pool-267-thread-1] INFO  server.RaftServerConfigKeys (ConfUtils.java:logGet(46)) - raft.server.storage.dir = [/home/runner/work/ozone/ozone/hadoop-ozone/integration-test/target/test-dir/MiniOzoneClusterImpl-b640deff-6994-498f-92ea-4ac5c972f0d8/datanode-8/data/ratis] (custom)
2023-04-22 02:18:18,524 [pool-267-thread-1] INFO  server.RaftServerConfigKeys (ConfUtils.java:logGet(46)) - raft.server.log.corruption.policy = EXCEPTION (default)
2023-04-22 02:18:18,524 [pool-267-thread-1] INFO  server.RaftServerConfigKeys (ConfUtils.java:logGet(46)) - raft.server.storage.free-space.min = 0MB (=0) (default)
2023-04-22 02:18:18,524 [pool-241-thread-1] INFO  util.JmxRegister (JmxRegister.java:tryRegister(44)) - Successfully registered JMX Bean with object name Ratis:service=RaftServer,group=group-7B4991A1B4A3,id=2e77c710-dcb3-40c4-9ab8-375ebf5b60c5
2023-04-22 02:18:18,524 [pool-267-thread-1] INFO  server.RaftServerConfigKeys (ConfUtils.java:logGet(46)) - raft.server.notification.no-leader.timeout = 300000ms (custom)
2023-04-22 02:18:18,524 [pool-241-thread-1] INFO  server.RaftServerConfigKeys (ConfUtils.java:logGet(46)) - raft.server.snapshot.auto.trigger.enabled = true (custom)
2023-04-22 02:18:18,524 [pool-267-thread-1] INFO  server.RaftServerConfigKeys (ConfUtils.java:logGet(46)) - raft.server.retrycache.expirytime = 600000ms (custom)
2023-04-22 02:18:18,524 [pool-241-thread-1] INFO  server.RaftServerConfigKeys (ConfUtils.java:logGet(46)) - raft.server.snapshot.auto.trigger.threshold = 1 (custom)
2023-04-22 02:18:18,524 [pool-267-thread-1] INFO  server.RaftServerConfigKeys (ConfUtils.java:logGet(46)) - raft.server.retrycache.statistics.expirytime = 100μs (default)
2023-04-22 02:18:18,524 [pool-241-thread-1] INFO  server.RaftServerConfigKeys (ConfUtils.java:logGet(46)) - raft.server.snapshot.retention.file.num = 5 (custom)
2023-04-22 02:18:18,524 [pool-241-thread-1] INFO  server.RaftServerConfigKeys (ConfUtils.java:logGet(46)) - raft.server.log.purge.upto.snapshot.index = false (default)
2023-04-22 02:18:18,527 [JvmPauseMonitor8] WARN  util.JvmPauseMonitor (JvmPauseMonitor.java:detectPause(126)) - JvmPauseMonitor-2e77c710-dcb3-40c4-9ab8-375ebf5b60c5: Detected pause in JVM or host machine (eg GC): pause of approximately 109010628ns.
GC pool 'PS MarkSweep' had collection(s): count=1 time=286ms
GC pool 'PS Scavenge' had collection(s): count=1 time=86ms
2023-04-22 02:18:18,527 [JvmPauseMonitor0] WARN  util.JvmPauseMonitor (JvmPauseMonitor.java:detectPause(126)) - JvmPauseMonitor-om1: Detected pause in JVM or host machine (eg GC): pause of approximately 109197828ns.
GC pool 'PS MarkSweep' had collection(s): count=1 time=286ms
GC pool 'PS Scavenge' had collection(s): count=1 time=86ms
2023-04-22 02:18:18,527 [JvmPauseMonitor3] WARN  util.JvmPauseMonitor (JvmPauseMonitor.java:detectPause(126)) - JvmPauseMonitor-6aaf5ca8-0737-4296-ba95-7f0e9402c55b: Detected pause in JVM or host machine (eg GC): pause of approximately 111506032ns.
GC pool 'PS MarkSweep' had collection(s): count=1 time=286ms
GC pool 'PS Scavenge' had collection(s): count=1 time=86ms
2023-04-22 02:18:18,527 [JvmPauseMonitor7] WARN  util.JvmPauseMonitor (JvmPauseMonitor.java:detectPause(126)) - JvmPauseMonitor-ffe33985-86ac-4dba-9cf7-e9d9be1914b9: Detected pause in JVM or host machine (eg GC): pause of approximately 111652533ns.
GC pool 'PS MarkSweep' had collection(s): count=1 time=286ms
GC pool 'PS Scavenge' had collection(s): count=1 time=86ms
2023-04-22 02:18:18,527 [JvmPauseMonitor1] WARN  util.JvmPauseMonitor (JvmPauseMonitor.java:detectPause(126)) - JvmPauseMonitor-4fb9f1f7-4e3b-4bcf-a7e7-c7ddcac09d11: Detected pause in JVM or host machine (eg GC): pause of approximately 115474440ns.
GC pool 'PS MarkSweep' had collection(s): count=1 time=286ms
GC pool 'PS Scavenge' had collection(s): count=1 time=86ms
2023-04-22 02:18:18,527 [JvmPauseMonitor2] WARN  util.JvmPauseMonitor (JvmPauseMonitor.java:detectPause(126)) - JvmPauseMonitor-44aa5787-a9ca-4d27-a88e-9069c8f4547b: Detected pause in JVM or host machine (eg GC): pause of approximately 116309242ns.
GC pool 'PS MarkSweep' had collection(s): count=1 time=286ms
GC pool 'PS Scavenge' had collection(s): count=1 time=86ms
2023-04-22 02:18:18,527 [JvmPauseMonitor6] WARN  util.JvmPauseMonitor (JvmPauseMonitor.java:detectPause(126)) - JvmPauseMonitor-b7c32ab9-1d10-40a2-8298-2f54da75b521: Detected pause in JVM or host machine (eg GC): pause of approximately 116428542ns.
GC pool 'PS MarkSweep' had collection(s): count=1 time=286ms
GC pool 'PS Scavenge' had collection(s): count=1 time=86ms
2023-04-22 02:18:18,534 [pool-267-thread-1] INFO  server.RaftServerConfigKeys (ConfUtils.java:logGet(46)) - raft.server.log.appender.install.snapshot.enabled = false (custom)
2023-04-22 02:18:18,534 [pool-267-thread-1] INFO  server.RaftServerConfigKeys (ConfUtils.java:logGet(46)) - raft.server.threadpool.server.cached = true (default)
2023-04-22 02:18:18,534 [pool-267-thread-1] INFO  server.RaftServerConfigKeys (ConfUtils.java:logGet(46)) - raft.server.threadpool.server.size = 0 (default)
2023-04-22 02:18:18,534 [pool-267-thread-1] INFO  server.RaftServerConfigKeys (ConfUtils.java:logGet(46)) - raft.server.threadpool.client.cached = true (default)
2023-04-22 02:18:18,534 [pool-267-thread-1] INFO  server.RaftServerConfigKeys (ConfUtils.java:logGet(46)) - raft.server.threadpool.client.size = 0 (default)
2023-04-22 02:18:18,534 [pool-267-thread-1] INFO  storage.RaftStorageDirectory (RaftStorageDirectoryImpl.java:analyzeStorage(137)) - The storage directory /home/runner/work/ozone/ozone/hadoop-ozone/integration-test/target/test-dir/MiniOzoneClusterImpl-b640deff-6994-498f-92ea-4ac5c972f0d8/datanode-8/data/ratis/82bf7c92-4c12-4d8d-a0f8-08c6c411513a does not exist. Creating ...
2023-04-22 02:18:18,535 [Command processor thread] INFO  ratis.XceiverServerRatis (XceiverServerRatis.java:addGroup(806)) - Created group PipelineID=de549e3c-09d2-485c-b0d4-7b4991a1b4a3
2023-04-22 02:18:18,535 [Command processor thread] INFO  commandhandler.CreatePipelineCommandHandler (CreatePipelineCommandHandler.java:handle(113)) - Created Pipeline RATIS ONE PipelineID=de549e3c-09d2-485c-b0d4-7b4991a1b4a3.
2023-04-22 02:18:18,535 [pool-267-thread-1] INFO  storage.RaftStorageDirectory (RaftStorageDirectoryImpl.java:tryLock(231)) - Lock on /home/runner/work/ozone/ozone/hadoop-ozone/integration-test/target/test-dir/MiniOzoneClusterImpl-b640deff-6994-498f-92ea-4ac5c972f0d8/datanode-8/data/ratis/82bf7c92-4c12-4d8d-a0f8-08c6c411513a/in_use.lock acquired by nodename 58540@fv-az443-428
2023-04-22 02:18:18,536 [pool-267-thread-1] INFO  storage.RaftStorage (RaftStorageImpl.java:format(96)) - Storage directory /home/runner/work/ozone/ozone/hadoop-ozone/integration-test/target/test-dir/MiniOzoneClusterImpl-b640deff-6994-498f-92ea-4ac5c972f0d8/datanode-8/data/ratis/82bf7c92-4c12-4d8d-a0f8-08c6c411513a has been successfully formatted.
2023-04-22 02:18:18,537 [pool-267-thread-1] INFO  ratis.ContainerStateMachine (ContainerStateMachine.java:loadSnapshot(262)) - group-08C6C411513A: The snapshot info is null. Setting the last applied indexto:(t:0, i:~)
2023-04-22 02:18:18,537 [pool-267-thread-1] INFO  server.RaftServerConfigKeys (ConfUtils.java:logGet(46)) - raft.server.log.use.memory = false (default)
2023-04-22 02:18:18,537 [pool-267-thread-1] INFO  server.RaftServerConfigKeys (ConfUtils.java:logGet(46)) - raft.server.log.purge.gap = 1000000 (custom)
2023-04-22 02:18:18,537 [pool-267-thread-1] INFO  server.RaftServerConfigKeys (ConfUtils.java:logGet(46)) - raft.server.log.appender.buffer.byte-limit = 33554432 (custom)
2023-04-22 02:18:18,537 [pool-267-thread-1] INFO  server.RaftServerConfigKeys (ConfUtils.java:logGet(46)) - raft.server.log.statemachine.data.read.timeout = 1000ms (default)
2023-04-22 02:18:18,537 [pool-267-thread-1] INFO  server.RaftServerConfigKeys (ConfUtils.java:logGet(46)) - raft.server.log.purge.preservation.log.num = 0 (default)
2023-04-22 02:18:18,537 [pool-267-thread-1] INFO  server.RaftServerConfigKeys (ConfUtils.java:logGet(46)) - raft.server.log.segment.size.max = 1048576 (custom)
2023-04-22 02:18:18,537 [pool-267-thread-1] INFO  server.RaftServerConfigKeys (ConfUtils.java:logGet(46)) - raft.server.log.segment.cache.num.max = 2 (custom)
2023-04-22 02:18:18,537 [pool-267-thread-1] INFO  server.RaftServerConfigKeys (ConfUtils.java:logGet(46)) - raft.server.log.segment.cache.size.max = 200MB (=209715200) (default)
2023-04-22 02:18:18,537 [pool-267-thread-1] INFO  segmented.SegmentedRaftLogWorker (SegmentedRaftLogWorker.java:<init>(189)) - new 14afdd48-1c23-4787-9ada-99348fccc9d2@group-08C6C411513A-SegmentedRaftLogWorker for RaftStorageImpl:Storage Directory /home/runner/work/ozone/ozone/hadoop-ozone/integration-test/target/test-dir/MiniOzoneClusterImpl-b640deff-6994-498f-92ea-4ac5c972f0d8/datanode-8/data/ratis/82bf7c92-4c12-4d8d-a0f8-08c6c411513a
2023-04-22 02:18:18,537 [pool-267-thread-1] INFO  server.RaftServerConfigKeys (ConfUtils.java:logGet(46)) - raft.server.log.queue.byte-limit = 4294967296 (custom)
2023-04-22 02:18:18,538 [pool-267-thread-1] INFO  server.RaftServerConfigKeys (ConfUtils.java:logGet(46)) - raft.server.log.queue.element-limit = 1024 (custom)
2023-04-22 02:18:18,538 [pool-267-thread-1] INFO  server.RaftServerConfigKeys (ConfUtils.java:logGet(46)) - raft.server.log.segment.size.max = 1048576 (custom)
2023-04-22 02:18:18,538 [pool-267-thread-1] INFO  server.RaftServerConfigKeys (ConfUtils.java:logGet(46)) - raft.server.log.preallocated.size = 16384 (custom)
2023-04-22 02:18:18,538 [pool-267-thread-1] INFO  server.RaftServerConfigKeys (ConfUtils.java:logGet(46)) - raft.server.log.force.sync.num = 128 (default)
2023-04-22 02:18:18,538 [pool-267-thread-1] INFO  server.RaftServerConfigKeys (ConfUtils.java:logGet(46)) - raft.server.log.statemachine.data.sync = true (default)
2023-04-22 02:18:18,538 [pool-267-thread-1] INFO  server.RaftServerConfigKeys (ConfUtils.java:logGet(46)) - raft.server.log.statemachine.data.sync.timeout = 10s (default)
2023-04-22 02:18:18,538 [pool-267-thread-1] INFO  server.RaftServerConfigKeys (ConfUtils.java:logGet(46)) - raft.server.log.statemachine.data.sync.timeout.retry = -1 (default)
2023-04-22 02:18:18,538 [pool-267-thread-1] INFO  server.RaftServerConfigKeys (ConfUtils.java:logGet(46)) - raft.server.log.write.buffer.size = 1048576 (custom)
2023-04-22 02:18:18,539 [pool-267-thread-1] INFO  server.RaftServerConfigKeys (ConfUtils.java:logGet(46)) - raft.server.log.appender.buffer.byte-limit = 33554432 (custom)
2023-04-22 02:18:18,542 [2e77c710-dcb3-40c4-9ab8-375ebf5b60c5@group-7B4991A1B4A3-FollowerState] INFO  server.RaftServerConfigKeys (ConfUtils.java:logFallback(53)) - raft.server.rpc.first-election.timeout.min = 5s (fallback to raft.server.rpc.timeout.min)
2023-04-22 02:18:18,542 [2e77c710-dcb3-40c4-9ab8-375ebf5b60c5@group-7B4991A1B4A3-FollowerState] INFO  server.RaftServerConfigKeys (ConfUtils.java:logFallback(53)) - raft.server.rpc.first-election.timeout.max = 5200ms (fallback to raft.server.rpc.timeout.max)
2023-04-22 02:18:18,542 [pool-267-thread-1] INFO  server.RaftServerConfigKeys (ConfUtils.java:logGet(46)) - raft.server.log.unsafe-flush.enabled = false (default)
2023-04-22 02:18:18,542 [pool-267-thread-1] INFO  server.RaftServerConfigKeys (ConfUtils.java:logGet(46)) - raft.server.log.async-flush.enabled = false (default)
2023-04-22 02:18:18,542 [pool-267-thread-1] INFO  server.RaftServerConfigKeys (ConfUtils.java:logGet(46)) - raft.server.log.statemachine.data.caching.enabled = true (custom)
2023-04-22 02:18:18,542 [pool-267-thread-1] INFO  segmented.SegmentedRaftLogWorker (SegmentedRaftLogWorker.java:lambda$new$0(135)) - 14afdd48-1c23-4787-9ada-99348fccc9d2@group-08C6C411513A-SegmentedRaftLogWorker: flushIndex: setUnconditionally 0 -> -1
2023-04-22 02:18:18,542 [pool-267-thread-1] INFO  segmented.SegmentedRaftLogWorker (SegmentedRaftLogWorker.java:lambda$new$0(135)) - 14afdd48-1c23-4787-9ada-99348fccc9d2@group-08C6C411513A-SegmentedRaftLogWorker: safeCacheEvictIndex: setUnconditionally 0 -> -1
2023-04-22 02:18:18,544 [EventQueue-PipelineReportForPipelineReportHandler] INFO  pipeline.PipelineManagerImpl (PipelineManagerImpl.java:openPipeline(367)) - Pipeline Pipeline[ Id: 82bf7c92-4c12-4d8d-a0f8-08c6c411513a, Nodes: 14afdd48-1c23-4787-9ada-99348fccc9d2(fv-az443-428.ap2fcshprsnunfx25e1aelzb4b.cx.internal.cloudapp.net/10.1.0.20), ReplicationConfig: RATIS/ONE, State:ALLOCATED, leaderId:14afdd48-1c23-4787-9ada-99348fccc9d2, CreationTimestamp2023-04-22T02:18:15.525Z[Etc/UTC]] moved to OPEN state
2023-04-22 02:18:18,544 [EventQueue-OpenPipelineForHealthyPipelineSafeModeRule] INFO  safemode.SCMSafeModeManager (HealthyPipelineSafeModeRule.java:process(137)) - SCM in safe mode. Healthy pipelines reported count is 0, required healthy pipeline reported count is 1
2023-04-22 02:18:18,553 [pool-267-thread-1] INFO  server.RaftServer$Division (RaftServerImpl.java:start(334)) - 14afdd48-1c23-4787-9ada-99348fccc9d2@group-08C6C411513A: start as a follower, conf=-1: peers:[14afdd48-1c23-4787-9ada-99348fccc9d2|rpc:10.1.0.20:38959|dataStream:10.1.0.20:42291|priority:1|startupRole:FOLLOWER]|listeners:[], old=null
2023-04-22 02:18:18,553 [pool-267-thread-1] INFO  server.RaftServer$Division (RaftServerImpl.java:setRole(321)) - 14afdd48-1c23-4787-9ada-99348fccc9d2@group-08C6C411513A: changes role from      null to FOLLOWER at term 0 for startAsFollower
2023-04-22 02:18:18,562 [EventQueue-OpenPipelineForHealthyPipelineSafeModeRule] INFO  safemode.SCMSafeModeManager (HealthyPipelineSafeModeRule.java:process(137)) - SCM in safe mode. Healthy pipelines reported count is 0, required healthy pipeline reported count is 1
2023-04-22 02:18:18,563 [EventQueue-OpenPipelineForHealthyPipelineSafeModeRule] INFO  safemode.SCMSafeModeManager (HealthyPipelineSafeModeRule.java:process(137)) - SCM in safe mode. Healthy pipelines reported count is 0, required healthy pipeline reported count is 1
2023-04-22 02:18:18,563 [pool-267-thread-1] INFO  impl.RoleInfo (RoleInfo.java:updateAndGet(139)) - 14afdd48-1c23-4787-9ada-99348fccc9d2: start 14afdd48-1c23-4787-9ada-99348fccc9d2@group-08C6C411513A-FollowerState
2023-04-22 02:18:18,563 [pool-267-thread-1] INFO  util.JmxRegister (JmxRegister.java:tryRegister(44)) - Successfully registered JMX Bean with object name Ratis:service=RaftServer,group=group-08C6C411513A,id=14afdd48-1c23-4787-9ada-99348fccc9d2
2023-04-22 02:18:18,563 [pool-267-thread-1] INFO  server.RaftServerConfigKeys (ConfUtils.java:logGet(46)) - raft.server.snapshot.auto.trigger.enabled = true (custom)
2023-04-22 02:18:18,563 [pool-267-thread-1] INFO  server.RaftServerConfigKeys (ConfUtils.java:logGet(46)) - raft.server.snapshot.auto.trigger.threshold = 1 (custom)
2023-04-22 02:18:18,563 [pool-267-thread-1] INFO  server.RaftServerConfigKeys (ConfUtils.java:logGet(46)) - raft.server.snapshot.retention.file.num = 5 (custom)
2023-04-22 02:18:18,563 [pool-267-thread-1] INFO  server.RaftServerConfigKeys (ConfUtils.java:logGet(46)) - raft.server.log.purge.upto.snapshot.index = false (default)
2023-04-22 02:18:18,564 [14afdd48-1c23-4787-9ada-99348fccc9d2@group-08C6C411513A-FollowerState] INFO  server.RaftServerConfigKeys (ConfUtils.java:logFallback(53)) - raft.server.rpc.first-election.timeout.min = 5s (fallback to raft.server.rpc.timeout.min)
2023-04-22 02:18:18,564 [14afdd48-1c23-4787-9ada-99348fccc9d2@group-08C6C411513A-FollowerState] INFO  server.RaftServerConfigKeys (ConfUtils.java:logFallback(53)) - raft.server.rpc.first-election.timeout.max = 5200ms (fallback to raft.server.rpc.timeout.max)
2023-04-22 02:18:18,564 [Command processor thread] INFO  ratis.XceiverServerRatis (XceiverServerRatis.java:addGroup(806)) - Created group PipelineID=82bf7c92-4c12-4d8d-a0f8-08c6c411513a
2023-04-22 02:18:18,564 [Command processor thread] INFO  commandhandler.CreatePipelineCommandHandler (CreatePipelineCommandHandler.java:handle(113)) - Created Pipeline RATIS ONE PipelineID=82bf7c92-4c12-4d8d-a0f8-08c6c411513a.
2023-04-22 02:18:18,728 [EventQueue-OpenPipelineForHealthyPipelineSafeModeRule] INFO  safemode.SCMSafeModeManager (HealthyPipelineSafeModeRule.java:process(137)) - SCM in safe mode. Healthy pipelines reported count is 0, required healthy pipeline reported count is 1
2023-04-22 02:18:18,729 [EventQueue-OpenPipelineForHealthyPipelineSafeModeRule] INFO  safemode.SCMSafeModeManager (HealthyPipelineSafeModeRule.java:process(137)) - SCM in safe mode. Healthy pipelines reported count is 0, required healthy pipeline reported count is 1
2023-04-22 02:18:18,732 [EventQueue-OpenPipelineForHealthyPipelineSafeModeRule] INFO  safemode.SCMSafeModeManager (HealthyPipelineSafeModeRule.java:process(137)) - SCM in safe mode. Healthy pipelines reported count is 0, required healthy pipeline reported count is 1
2023-04-22 02:18:18,732 [EventQueue-OpenPipelineForHealthyPipelineSafeModeRule] INFO  safemode.SCMSafeModeManager (HealthyPipelineSafeModeRule.java:process(137)) - SCM in safe mode. Healthy pipelines reported count is 0, required healthy pipeline reported count is 1
2023-04-22 02:18:18,732 [EventQueue-OpenPipelineForHealthyPipelineSafeModeRule] INFO  safemode.SCMSafeModeManager (HealthyPipelineSafeModeRule.java:process(137)) - SCM in safe mode. Healthy pipelines reported count is 0, required healthy pipeline reported count is 1
2023-04-22 02:18:18,732 [EventQueue-OpenPipelineForHealthyPipelineSafeModeRule] INFO  safemode.SCMSafeModeManager (HealthyPipelineSafeModeRule.java:process(137)) - SCM in safe mode. Healthy pipelines reported count is 0, required healthy pipeline reported count is 1
2023-04-22 02:18:18,743 [EventQueue-OpenPipelineForHealthyPipelineSafeModeRule] INFO  safemode.SCMSafeModeManager (HealthyPipelineSafeModeRule.java:process(137)) - SCM in safe mode. Healthy pipelines reported count is 0, required healthy pipeline reported count is 1
2023-04-22 02:18:18,754 [EventQueue-OpenPipelineForHealthyPipelineSafeModeRule] INFO  safemode.SCMSafeModeManager (HealthyPipelineSafeModeRule.java:process(137)) - SCM in safe mode. Healthy pipelines reported count is 0, required healthy pipeline reported count is 1
2023-04-22 02:18:18,756 [EventQueue-OpenPipelineForHealthyPipelineSafeModeRule] INFO  safemode.SCMSafeModeManager (HealthyPipelineSafeModeRule.java:process(137)) - SCM in safe mode. Healthy pipelines reported count is 0, required healthy pipeline reported count is 1
2023-04-22 02:18:18,903 [Command processor thread] INFO  server.RaftServer (RaftServerProxy.java:addNew(96)) - 1a68e1b8-2164-4c23-a9a5-559390ce5485: addNew group-335BBCAB5500:[1a68e1b8-2164-4c23-a9a5-559390ce5485|rpc:10.1.0.20:40987|dataStream:10.1.0.20:46243|priority:1|startupRole:FOLLOWER] returns group-335BBCAB5500:java.util.concurrent.CompletableFuture@6ae2a6b6[Not completed]
2023-04-22 02:18:18,904 [pool-293-thread-1] INFO  server.RaftServer$Division (RaftServerImpl.java:<init>(195)) - 1a68e1b8-2164-4c23-a9a5-559390ce5485: new RaftServerImpl for group-335BBCAB5500:[1a68e1b8-2164-4c23-a9a5-559390ce5485|rpc:10.1.0.20:40987|dataStream:10.1.0.20:46243|priority:1|startupRole:FOLLOWER] with ContainerStateMachine:uninitialized
2023-04-22 02:18:18,904 [pool-293-thread-1] INFO  server.RaftServerConfigKeys (ConfUtils.java:logGet(46)) - raft.server.rpc.timeout.min = 5s (custom)
2023-04-22 02:18:18,904 [pool-293-thread-1] INFO  server.RaftServerConfigKeys (ConfUtils.java:logGet(46)) - raft.server.rpc.timeout.max = 5200ms (custom)
2023-04-22 02:18:18,904 [pool-293-thread-1] INFO  server.RaftServerConfigKeys (ConfUtils.java:logGet(46)) - raft.server.rpc.sleep.time = 25ms (default)
2023-04-22 02:18:18,904 [pool-293-thread-1] INFO  server.RaftServerConfigKeys (ConfUtils.java:logGet(46)) - raft.server.rpc.slowness.timeout = 300000ms (custom)
2023-04-22 02:18:18,904 [pool-293-thread-1] INFO  server.RaftServerConfigKeys (ConfUtils.java:logGet(46)) - raft.server.leaderelection.leader.step-down.wait-time = 10s (default)
2023-04-22 02:18:18,904 [pool-293-thread-1] INFO  server.RaftServerConfigKeys (ConfUtils.java:logGet(46)) - raft.server.sleep.deviation.threshold = 300ms (default)
2023-04-22 02:18:18,905 [pool-293-thread-1] INFO  server.RaftServer$Division (ServerState.java:<init>(118)) - 1a68e1b8-2164-4c23-a9a5-559390ce5485@group-335BBCAB5500: ConfigurationManager, init=-1: peers:[1a68e1b8-2164-4c23-a9a5-559390ce5485|rpc:10.1.0.20:40987|dataStream:10.1.0.20:46243|priority:1|startupRole:FOLLOWER]|listeners:[], old=null, confs=<EMPTY_MAP>
2023-04-22 02:18:18,905 [pool-293-thread-1] INFO  server.RaftServerConfigKeys (ConfUtils.java:logGet(46)) - raft.server.storage.dir = [/home/runner/work/ozone/ozone/hadoop-ozone/integration-test/target/test-dir/MiniOzoneClusterImpl-b640deff-6994-498f-92ea-4ac5c972f0d8/datanode-9/data/ratis] (custom)
2023-04-22 02:18:18,905 [pool-293-thread-1] INFO  server.RaftServerConfigKeys (ConfUtils.java:logGet(46)) - raft.server.log.corruption.policy = EXCEPTION (default)
2023-04-22 02:18:18,905 [pool-293-thread-1] INFO  server.RaftServerConfigKeys (ConfUtils.java:logGet(46)) - raft.server.storage.free-space.min = 0MB (=0) (default)
2023-04-22 02:18:18,905 [pool-293-thread-1] INFO  server.RaftServerConfigKeys (ConfUtils.java:logGet(46)) - raft.server.notification.no-leader.timeout = 300000ms (custom)
2023-04-22 02:18:18,905 [pool-293-thread-1] INFO  server.RaftServerConfigKeys (ConfUtils.java:logGet(46)) - raft.server.retrycache.expirytime = 600000ms (custom)
2023-04-22 02:18:18,905 [pool-293-thread-1] INFO  server.RaftServerConfigKeys (ConfUtils.java:logGet(46)) - raft.server.retrycache.statistics.expirytime = 100μs (default)
2023-04-22 02:18:18,907 [pool-293-thread-1] INFO  server.RaftServerConfigKeys (ConfUtils.java:logGet(46)) - raft.server.log.appender.install.snapshot.enabled = false (custom)
2023-04-22 02:18:18,907 [pool-293-thread-1] INFO  server.RaftServerConfigKeys (ConfUtils.java:logGet(46)) - raft.server.threadpool.server.cached = true (default)
2023-04-22 02:18:18,907 [pool-293-thread-1] INFO  server.RaftServerConfigKeys (ConfUtils.java:logGet(46)) - raft.server.threadpool.server.size = 0 (default)
2023-04-22 02:18:18,907 [pool-293-thread-1] INFO  server.RaftServerConfigKeys (ConfUtils.java:logGet(46)) - raft.server.threadpool.client.cached = true (default)
2023-04-22 02:18:18,907 [pool-293-thread-1] INFO  server.RaftServerConfigKeys (ConfUtils.java:logGet(46)) - raft.server.threadpool.client.size = 0 (default)
2023-04-22 02:18:18,907 [pool-293-thread-1] INFO  storage.RaftStorageDirectory (RaftStorageDirectoryImpl.java:analyzeStorage(137)) - The storage directory /home/runner/work/ozone/ozone/hadoop-ozone/integration-test/target/test-dir/MiniOzoneClusterImpl-b640deff-6994-498f-92ea-4ac5c972f0d8/datanode-9/data/ratis/a638bfe6-c3c3-4f26-85c2-335bbcab5500 does not exist. Creating ...
2023-04-22 02:18:18,908 [pool-293-thread-1] INFO  storage.RaftStorageDirectory (RaftStorageDirectoryImpl.java:tryLock(231)) - Lock on /home/runner/work/ozone/ozone/hadoop-ozone/integration-test/target/test-dir/MiniOzoneClusterImpl-b640deff-6994-498f-92ea-4ac5c972f0d8/datanode-9/data/ratis/a638bfe6-c3c3-4f26-85c2-335bbcab5500/in_use.lock acquired by nodename 58540@fv-az443-428
2023-04-22 02:18:18,909 [pool-293-thread-1] INFO  storage.RaftStorage (RaftStorageImpl.java:format(96)) - Storage directory /home/runner/work/ozone/ozone/hadoop-ozone/integration-test/target/test-dir/MiniOzoneClusterImpl-b640deff-6994-498f-92ea-4ac5c972f0d8/datanode-9/data/ratis/a638bfe6-c3c3-4f26-85c2-335bbcab5500 has been successfully formatted.
2023-04-22 02:18:18,910 [pool-293-thread-1] INFO  ratis.ContainerStateMachine (ContainerStateMachine.java:loadSnapshot(262)) - group-335BBCAB5500: The snapshot info is null. Setting the last applied indexto:(t:0, i:~)
2023-04-22 02:18:18,910 [pool-293-thread-1] INFO  server.RaftServerConfigKeys (ConfUtils.java:logGet(46)) - raft.server.log.use.memory = false (default)
2023-04-22 02:18:18,910 [pool-293-thread-1] INFO  server.RaftServerConfigKeys (ConfUtils.java:logGet(46)) - raft.server.log.purge.gap = 1000000 (custom)
2023-04-22 02:18:18,910 [pool-293-thread-1] INFO  server.RaftServerConfigKeys (ConfUtils.java:logGet(46)) - raft.server.log.appender.buffer.byte-limit = 33554432 (custom)
2023-04-22 02:18:18,910 [pool-293-thread-1] INFO  server.RaftServerConfigKeys (ConfUtils.java:logGet(46)) - raft.server.log.statemachine.data.read.timeout = 1000ms (default)
2023-04-22 02:18:18,910 [pool-293-thread-1] INFO  server.RaftServerConfigKeys (ConfUtils.java:logGet(46)) - raft.server.log.purge.preservation.log.num = 0 (default)
2023-04-22 02:18:18,911 [pool-293-thread-1] INFO  server.RaftServerConfigKeys (ConfUtils.java:logGet(46)) - raft.server.log.segment.size.max = 1048576 (custom)
2023-04-22 02:18:18,911 [EventQueue-PipelineReportForPipelineReportHandler] INFO  pipeline.PipelineManagerImpl (PipelineManagerImpl.java:openPipeline(367)) - Pipeline Pipeline[ Id: a638bfe6-c3c3-4f26-85c2-335bbcab5500, Nodes: 1a68e1b8-2164-4c23-a9a5-559390ce5485(fv-az443-428.ap2fcshprsnunfx25e1aelzb4b.cx.internal.cloudapp.net/10.1.0.20), ReplicationConfig: RATIS/ONE, State:ALLOCATED, leaderId:1a68e1b8-2164-4c23-a9a5-559390ce5485, CreationTimestamp2023-04-22T02:18:15.911Z[Etc/UTC]] moved to OPEN state
2023-04-22 02:18:18,911 [pool-293-thread-1] INFO  server.RaftServerConfigKeys (ConfUtils.java:logGet(46)) - raft.server.log.segment.cache.num.max = 2 (custom)
2023-04-22 02:18:18,911 [pool-293-thread-1] INFO  server.RaftServerConfigKeys (ConfUtils.java:logGet(46)) - raft.server.log.segment.cache.size.max = 200MB (=209715200) (default)
2023-04-22 02:18:18,911 [pool-293-thread-1] INFO  segmented.SegmentedRaftLogWorker (SegmentedRaftLogWorker.java:<init>(189)) - new 1a68e1b8-2164-4c23-a9a5-559390ce5485@group-335BBCAB5500-SegmentedRaftLogWorker for RaftStorageImpl:Storage Directory /home/runner/work/ozone/ozone/hadoop-ozone/integration-test/target/test-dir/MiniOzoneClusterImpl-b640deff-6994-498f-92ea-4ac5c972f0d8/datanode-9/data/ratis/a638bfe6-c3c3-4f26-85c2-335bbcab5500
2023-04-22 02:18:18,911 [pool-293-thread-1] INFO  server.RaftServerConfigKeys (ConfUtils.java:logGet(46)) - raft.server.log.queue.byte-limit = 4294967296 (custom)
2023-04-22 02:18:18,911 [Listener at 127.0.0.1/41793] INFO  ozone.MiniOzoneClusterImpl (MiniOzoneClusterImpl.java:lambda$waitForClusterToBeReady$0(223)) - Nodes are ready. Got 10 of 10 DN Heartbeats.
2023-04-22 02:18:18,911 [EventQueue-OpenPipelineForHealthyPipelineSafeModeRule] INFO  safemode.SCMSafeModeManager (HealthyPipelineSafeModeRule.java:process(137)) - SCM in safe mode. Healthy pipelines reported count is 0, required healthy pipeline reported count is 1
2023-04-22 02:18:18,912 [pool-293-thread-1] INFO  server.RaftServerConfigKeys (ConfUtils.java:logGet(46)) - raft.server.log.queue.element-limit = 1024 (custom)
2023-04-22 02:18:18,912 [Listener at 127.0.0.1/41793] INFO  ozone.MiniOzoneClusterImpl (MiniOzoneClusterImpl.java:lambda$waitForClusterToBeReady$0(226)) - Waiting for cluster to exit safe mode
2023-04-22 02:18:18,912 [Listener at 127.0.0.1/41793] INFO  ozone.MiniOzoneClusterImpl (MiniOzoneClusterImpl.java:lambda$waitForClusterToBeReady$0(228)) - SCM became leader
2023-04-22 02:18:18,912 [pool-293-thread-1] INFO  server.RaftServerConfigKeys (ConfUtils.java:logGet(46)) - raft.server.log.segment.size.max = 1048576 (custom)
2023-04-22 02:18:18,912 [pool-293-thread-1] INFO  server.RaftServerConfigKeys (ConfUtils.java:logGet(46)) - raft.server.log.preallocated.size = 16384 (custom)
2023-04-22 02:18:18,912 [pool-293-thread-1] INFO  server.RaftServerConfigKeys (ConfUtils.java:logGet(46)) - raft.server.log.force.sync.num = 128 (default)
2023-04-22 02:18:18,912 [pool-293-thread-1] INFO  server.RaftServerConfigKeys (ConfUtils.java:logGet(46)) - raft.server.log.statemachine.data.sync = true (default)
2023-04-22 02:18:18,912 [pool-293-thread-1] INFO  server.RaftServerConfigKeys (ConfUtils.java:logGet(46)) - raft.server.log.statemachine.data.sync.timeout = 10s (default)
2023-04-22 02:18:18,912 [pool-293-thread-1] INFO  server.RaftServerConfigKeys (ConfUtils.java:logGet(46)) - raft.server.log.statemachine.data.sync.timeout.retry = -1 (default)
2023-04-22 02:18:18,913 [pool-293-thread-1] INFO  server.RaftServerConfigKeys (ConfUtils.java:logGet(46)) - raft.server.log.write.buffer.size = 1048576 (custom)
2023-04-22 02:18:18,913 [pool-293-thread-1] INFO  server.RaftServerConfigKeys (ConfUtils.java:logGet(46)) - raft.server.log.appender.buffer.byte-limit = 33554432 (custom)
2023-04-22 02:18:18,916 [pool-293-thread-1] INFO  server.RaftServerConfigKeys (ConfUtils.java:logGet(46)) - raft.server.log.unsafe-flush.enabled = false (default)
2023-04-22 02:18:18,916 [pool-293-thread-1] INFO  server.RaftServerConfigKeys (ConfUtils.java:logGet(46)) - raft.server.log.async-flush.enabled = false (default)
2023-04-22 02:18:18,916 [pool-293-thread-1] INFO  server.RaftServerConfigKeys (ConfUtils.java:logGet(46)) - raft.server.log.statemachine.data.caching.enabled = true (custom)
2023-04-22 02:18:18,916 [pool-293-thread-1] INFO  segmented.SegmentedRaftLogWorker (SegmentedRaftLogWorker.java:lambda$new$0(135)) - 1a68e1b8-2164-4c23-a9a5-559390ce5485@group-335BBCAB5500-SegmentedRaftLogWorker: flushIndex: setUnconditionally 0 -> -1
2023-04-22 02:18:18,916 [pool-293-thread-1] INFO  segmented.SegmentedRaftLogWorker (SegmentedRaftLogWorker.java:lambda$new$0(135)) - 1a68e1b8-2164-4c23-a9a5-559390ce5485@group-335BBCAB5500-SegmentedRaftLogWorker: safeCacheEvictIndex: setUnconditionally 0 -> -1
2023-04-22 02:18:18,916 [pool-293-thread-1] INFO  server.RaftServer$Division (RaftServerImpl.java:start(334)) - 1a68e1b8-2164-4c23-a9a5-559390ce5485@group-335BBCAB5500: start as a follower, conf=-1: peers:[1a68e1b8-2164-4c23-a9a5-559390ce5485|rpc:10.1.0.20:40987|dataStream:10.1.0.20:46243|priority:1|startupRole:FOLLOWER]|listeners:[], old=null
2023-04-22 02:18:18,917 [pool-293-thread-1] INFO  server.RaftServer$Division (RaftServerImpl.java:setRole(321)) - 1a68e1b8-2164-4c23-a9a5-559390ce5485@group-335BBCAB5500: changes role from      null to FOLLOWER at term 0 for startAsFollower
2023-04-22 02:18:18,917 [pool-293-thread-1] INFO  impl.RoleInfo (RoleInfo.java:updateAndGet(139)) - 1a68e1b8-2164-4c23-a9a5-559390ce5485: start 1a68e1b8-2164-4c23-a9a5-559390ce5485@group-335BBCAB5500-FollowerState
2023-04-22 02:18:18,917 [pool-293-thread-1] INFO  util.JmxRegister (JmxRegister.java:tryRegister(44)) - Successfully registered JMX Bean with object name Ratis:service=RaftServer,group=group-335BBCAB5500,id=1a68e1b8-2164-4c23-a9a5-559390ce5485
2023-04-22 02:18:18,917 [pool-293-thread-1] INFO  server.RaftServerConfigKeys (ConfUtils.java:logGet(46)) - raft.server.snapshot.auto.trigger.enabled = true (custom)
2023-04-22 02:18:18,917 [pool-293-thread-1] INFO  server.RaftServerConfigKeys (ConfUtils.java:logGet(46)) - raft.server.snapshot.auto.trigger.threshold = 1 (custom)
2023-04-22 02:18:18,917 [pool-293-thread-1] INFO  server.RaftServerConfigKeys (ConfUtils.java:logGet(46)) - raft.server.snapshot.retention.file.num = 5 (custom)
2023-04-22 02:18:18,917 [pool-293-thread-1] INFO  server.RaftServerConfigKeys (ConfUtils.java:logGet(46)) - raft.server.log.purge.upto.snapshot.index = false (default)
2023-04-22 02:18:18,918 [1a68e1b8-2164-4c23-a9a5-559390ce5485@group-335BBCAB5500-FollowerState] INFO  server.RaftServerConfigKeys (ConfUtils.java:logFallback(53)) - raft.server.rpc.first-election.timeout.min = 5s (fallback to raft.server.rpc.timeout.min)
2023-04-22 02:18:18,918 [1a68e1b8-2164-4c23-a9a5-559390ce5485@group-335BBCAB5500-FollowerState] INFO  server.RaftServerConfigKeys (ConfUtils.java:logFallback(53)) - raft.server.rpc.first-election.timeout.max = 5200ms (fallback to raft.server.rpc.timeout.max)
2023-04-22 02:18:18,919 [Command processor thread] INFO  ratis.XceiverServerRatis (XceiverServerRatis.java:addGroup(806)) - Created group PipelineID=a638bfe6-c3c3-4f26-85c2-335bbcab5500
2023-04-22 02:18:18,919 [Command processor thread] INFO  commandhandler.CreatePipelineCommandHandler (CreatePipelineCommandHandler.java:handle(113)) - Created Pipeline RATIS ONE PipelineID=a638bfe6-c3c3-4f26-85c2-335bbcab5500.
2023-04-22 02:18:18,930 [EventQueue-OpenPipelineForHealthyPipelineSafeModeRule] INFO  safemode.SCMSafeModeManager (HealthyPipelineSafeModeRule.java:process(137)) - SCM in safe mode. Healthy pipelines reported count is 0, required healthy pipeline reported count is 1
2023-04-22 02:18:18,932 [EventQueue-OpenPipelineForHealthyPipelineSafeModeRule] INFO  safemode.SCMSafeModeManager (HealthyPipelineSafeModeRule.java:process(137)) - SCM in safe mode. Healthy pipelines reported count is 0, required healthy pipeline reported count is 1
2023-04-22 02:18:18,932 [EventQueue-OpenPipelineForHealthyPipelineSafeModeRule] INFO  safemode.SCMSafeModeManager (HealthyPipelineSafeModeRule.java:process(137)) - SCM in safe mode. Healthy pipelines reported count is 0, required healthy pipeline reported count is 1
2023-04-22 02:18:18,945 [EventQueue-OpenPipelineForHealthyPipelineSafeModeRule] INFO  safemode.SCMSafeModeManager (HealthyPipelineSafeModeRule.java:process(137)) - SCM in safe mode. Healthy pipelines reported count is 0, required healthy pipeline reported count is 1
2023-04-22 02:18:18,954 [EventQueue-OpenPipelineForHealthyPipelineSafeModeRule] INFO  safemode.SCMSafeModeManager (HealthyPipelineSafeModeRule.java:process(137)) - SCM in safe mode. Healthy pipelines reported count is 0, required healthy pipeline reported count is 1
2023-04-22 02:18:19,110 [EventQueue-OpenPipelineForHealthyPipelineSafeModeRule] INFO  safemode.SCMSafeModeManager (HealthyPipelineSafeModeRule.java:process(137)) - SCM in safe mode. Healthy pipelines reported count is 0, required healthy pipeline reported count is 1
2023-04-22 02:18:19,128 [EventQueue-OpenPipelineForHealthyPipelineSafeModeRule] INFO  safemode.SCMSafeModeManager (HealthyPipelineSafeModeRule.java:process(137)) - SCM in safe mode. Healthy pipelines reported count is 0, required healthy pipeline reported count is 1
2023-04-22 02:18:19,129 [EventQueue-OpenPipelineForHealthyPipelineSafeModeRule] INFO  safemode.SCMSafeModeManager (HealthyPipelineSafeModeRule.java:process(137)) - SCM in safe mode. Healthy pipelines reported count is 0, required healthy pipeline reported count is 1
2023-04-22 02:18:19,131 [EventQueue-OpenPipelineForHealthyPipelineSafeModeRule] INFO  safemode.SCMSafeModeManager (HealthyPipelineSafeModeRule.java:process(137)) - SCM in safe mode. Healthy pipelines reported count is 0, required healthy pipeline reported count is 1
2023-04-22 02:18:19,131 [EventQueue-OpenPipelineForHealthyPipelineSafeModeRule] INFO  safemode.SCMSafeModeManager (HealthyPipelineSafeModeRule.java:process(137)) - SCM in safe mode. Healthy pipelines reported count is 0, required healthy pipeline reported count is 1
2023-04-22 02:18:19,132 [EventQueue-OpenPipelineForHealthyPipelineSafeModeRule] INFO  safemode.SCMSafeModeManager (HealthyPipelineSafeModeRule.java:process(137)) - SCM in safe mode. Healthy pipelines reported count is 0, required healthy pipeline reported count is 1
2023-04-22 02:18:19,143 [EventQueue-OpenPipelineForHealthyPipelineSafeModeRule] INFO  safemode.SCMSafeModeManager (HealthyPipelineSafeModeRule.java:process(137)) - SCM in safe mode. Healthy pipelines reported count is 0, required healthy pipeline reported count is 1
2023-04-22 02:18:19,156 [EventQueue-OpenPipelineForHealthyPipelineSafeModeRule] INFO  safemode.SCMSafeModeManager (HealthyPipelineSafeModeRule.java:process(137)) - SCM in safe mode. Healthy pipelines reported count is 0, required healthy pipeline reported count is 1
2023-04-22 02:18:19,311 [EventQueue-OpenPipelineForHealthyPipelineSafeModeRule] INFO  safemode.SCMSafeModeManager (HealthyPipelineSafeModeRule.java:process(137)) - SCM in safe mode. Healthy pipelines reported count is 0, required healthy pipeline reported count is 1
2023-04-22 02:18:19,328 [EventQueue-OpenPipelineForHealthyPipelineSafeModeRule] INFO  safemode.SCMSafeModeManager (HealthyPipelineSafeModeRule.java:process(137)) - SCM in safe mode. Healthy pipelines reported count is 0, required healthy pipeline reported count is 1
2023-04-22 02:18:19,329 [EventQueue-OpenPipelineForHealthyPipelineSafeModeRule] INFO  safemode.SCMSafeModeManager (HealthyPipelineSafeModeRule.java:process(137)) - SCM in safe mode. Healthy pipelines reported count is 0, required healthy pipeline reported count is 1
2023-04-22 02:18:19,331 [EventQueue-OpenPipelineForHealthyPipelineSafeModeRule] INFO  safemode.SCMSafeModeManager (HealthyPipelineSafeModeRule.java:process(137)) - SCM in safe mode. Healthy pipelines reported count is 0, required healthy pipeline reported count is 1
2023-04-22 02:18:19,331 [EventQueue-OpenPipelineForHealthyPipelineSafeModeRule] INFO  safemode.SCMSafeModeManager (HealthyPipelineSafeModeRule.java:process(137)) - SCM in safe mode. Healthy pipelines reported count is 0, required healthy pipeline reported count is 1
2023-04-22 02:18:19,333 [EventQueue-OpenPipelineForHealthyPipelineSafeModeRule] INFO  safemode.SCMSafeModeManager (HealthyPipelineSafeModeRule.java:process(137)) - SCM in safe mode. Healthy pipelines reported count is 0, required healthy pipeline reported count is 1
2023-04-22 02:18:19,343 [EventQueue-OpenPipelineForHealthyPipelineSafeModeRule] INFO  safemode.SCMSafeModeManager (HealthyPipelineSafeModeRule.java:process(137)) - SCM in safe mode. Healthy pipelines reported count is 0, required healthy pipeline reported count is 1
2023-04-22 02:18:19,354 [EventQueue-OpenPipelineForHealthyPipelineSafeModeRule] INFO  safemode.SCMSafeModeManager (HealthyPipelineSafeModeRule.java:process(137)) - SCM in safe mode. Healthy pipelines reported count is 0, required healthy pipeline reported count is 1
2023-04-22 02:18:19,529 [EventQueue-OpenPipelineForHealthyPipelineSafeModeRule] INFO  safemode.SCMSafeModeManager (HealthyPipelineSafeModeRule.java:process(137)) - SCM in safe mode. Healthy pipelines reported count is 0, required healthy pipeline reported count is 1
2023-04-22 02:18:19,532 [EventQueue-OpenPipelineForHealthyPipelineSafeModeRule] INFO  safemode.SCMSafeModeManager (HealthyPipelineSafeModeRule.java:process(137)) - SCM in safe mode. Healthy pipelines reported count is 0, required healthy pipeline reported count is 1
2023-04-22 02:18:19,534 [EventQueue-OpenPipelineForHealthyPipelineSafeModeRule] INFO  safemode.SCMSafeModeManager (HealthyPipelineSafeModeRule.java:process(137)) - SCM in safe mode. Healthy pipelines reported count is 0, required healthy pipeline reported count is 1
2023-04-22 02:18:19,544 [EventQueue-OpenPipelineForHealthyPipelineSafeModeRule] INFO  safemode.SCMSafeModeManager (HealthyPipelineSafeModeRule.java:process(137)) - SCM in safe mode. Healthy pipelines reported count is 0, required healthy pipeline reported count is 1
2023-04-22 02:18:19,554 [EventQueue-OpenPipelineForHealthyPipelineSafeModeRule] INFO  safemode.SCMSafeModeManager (HealthyPipelineSafeModeRule.java:process(137)) - SCM in safe mode. Healthy pipelines reported count is 0, required healthy pipeline reported count is 1
2023-04-22 02:18:19,556 [EventQueue-OpenPipelineForHealthyPipelineSafeModeRule] INFO  safemode.SCMSafeModeManager (HealthyPipelineSafeModeRule.java:process(137)) - SCM in safe mode. Healthy pipelines reported count is 0, required healthy pipeline reported count is 1
2023-04-22 02:18:19,710 [EventQueue-OpenPipelineForHealthyPipelineSafeModeRule] INFO  safemode.SCMSafeModeManager (HealthyPipelineSafeModeRule.java:process(137)) - SCM in safe mode. Healthy pipelines reported count is 0, required healthy pipeline reported count is 1
2023-04-22 02:18:19,729 [EventQueue-OpenPipelineForHealthyPipelineSafeModeRule] INFO  safemode.SCMSafeModeManager (HealthyPipelineSafeModeRule.java:process(137)) - SCM in safe mode. Healthy pipelines reported count is 0, required healthy pipeline reported count is 1
2023-04-22 02:18:19,732 [EventQueue-OpenPipelineForHealthyPipelineSafeModeRule] INFO  safemode.SCMSafeModeManager (HealthyPipelineSafeModeRule.java:process(137)) - SCM in safe mode. Healthy pipelines reported count is 0, required healthy pipeline reported count is 1
2023-04-22 02:18:19,732 [EventQueue-OpenPipelineForHealthyPipelineSafeModeRule] INFO  safemode.SCMSafeModeManager (HealthyPipelineSafeModeRule.java:process(137)) - SCM in safe mode. Healthy pipelines reported count is 0, required healthy pipeline reported count is 1
2023-04-22 02:18:19,732 [EventQueue-OpenPipelineForHealthyPipelineSafeModeRule] INFO  safemode.SCMSafeModeManager (HealthyPipelineSafeModeRule.java:process(137)) - SCM in safe mode. Healthy pipelines reported count is 0, required healthy pipeline reported count is 1
2023-04-22 02:18:19,733 [EventQueue-OpenPipelineForHealthyPipelineSafeModeRule] INFO  safemode.SCMSafeModeManager (HealthyPipelineSafeModeRule.java:process(137)) - SCM in safe mode. Healthy pipelines reported count is 0, required healthy pipeline reported count is 1
2023-04-22 02:18:19,743 [EventQueue-OpenPipelineForHealthyPipelineSafeModeRule] INFO  safemode.SCMSafeModeManager (HealthyPipelineSafeModeRule.java:process(137)) - SCM in safe mode. Healthy pipelines reported count is 0, required healthy pipeline reported count is 1
2023-04-22 02:18:19,756 [EventQueue-OpenPipelineForHealthyPipelineSafeModeRule] INFO  safemode.SCMSafeModeManager (HealthyPipelineSafeModeRule.java:process(137)) - SCM in safe mode. Healthy pipelines reported count is 0, required healthy pipeline reported count is 1
2023-04-22 02:18:19,911 [EventQueue-OpenPipelineForHealthyPipelineSafeModeRule] INFO  safemode.SCMSafeModeManager (HealthyPipelineSafeModeRule.java:process(137)) - SCM in safe mode. Healthy pipelines reported count is 0, required healthy pipeline reported count is 1
2023-04-22 02:18:19,912 [Listener at 127.0.0.1/41793] INFO  ozone.MiniOzoneClusterImpl (MiniOzoneClusterImpl.java:lambda$waitForClusterToBeReady$0(223)) - Nodes are ready. Got 10 of 10 DN Heartbeats.
2023-04-22 02:18:19,912 [Listener at 127.0.0.1/41793] INFO  ozone.MiniOzoneClusterImpl (MiniOzoneClusterImpl.java:lambda$waitForClusterToBeReady$0(226)) - Waiting for cluster to exit safe mode
2023-04-22 02:18:19,912 [Listener at 127.0.0.1/41793] INFO  ozone.MiniOzoneClusterImpl (MiniOzoneClusterImpl.java:lambda$waitForClusterToBeReady$0(228)) - SCM became leader
2023-04-22 02:18:19,929 [EventQueue-OpenPipelineForHealthyPipelineSafeModeRule] INFO  safemode.SCMSafeModeManager (HealthyPipelineSafeModeRule.java:process(137)) - SCM in safe mode. Healthy pipelines reported count is 0, required healthy pipeline reported count is 1
2023-04-22 02:18:19,935 [EventQueue-OpenPipelineForHealthyPipelineSafeModeRule] INFO  safemode.SCMSafeModeManager (HealthyPipelineSafeModeRule.java:process(137)) - SCM in safe mode. Healthy pipelines reported count is 0, required healthy pipeline reported count is 1
2023-04-22 02:18:19,935 [EventQueue-OpenPipelineForHealthyPipelineSafeModeRule] INFO  safemode.SCMSafeModeManager (HealthyPipelineSafeModeRule.java:process(137)) - SCM in safe mode. Healthy pipelines reported count is 0, required healthy pipeline reported count is 1
2023-04-22 02:18:19,955 [EventQueue-OpenPipelineForHealthyPipelineSafeModeRule] INFO  safemode.SCMSafeModeManager (HealthyPipelineSafeModeRule.java:process(137)) - SCM in safe mode. Healthy pipelines reported count is 0, required healthy pipeline reported count is 1
2023-04-22 02:18:20,116 [EventQueue-OpenPipelineForHealthyPipelineSafeModeRule] INFO  safemode.SCMSafeModeManager (HealthyPipelineSafeModeRule.java:process(137)) - SCM in safe mode. Healthy pipelines reported count is 0, required healthy pipeline reported count is 1
2023-04-22 02:18:20,129 [EventQueue-OpenPipelineForHealthyPipelineSafeModeRule] INFO  safemode.SCMSafeModeManager (HealthyPipelineSafeModeRule.java:process(137)) - SCM in safe mode. Healthy pipelines reported count is 0, required healthy pipeline reported count is 1
2023-04-22 02:18:20,130 [EventQueue-OpenPipelineForHealthyPipelineSafeModeRule] INFO  safemode.SCMSafeModeManager (HealthyPipelineSafeModeRule.java:process(137)) - SCM in safe mode. Healthy pipelines reported count is 0, required healthy pipeline reported count is 1
2023-04-22 02:18:20,132 [EventQueue-OpenPipelineForHealthyPipelineSafeModeRule] INFO  safemode.SCMSafeModeManager (HealthyPipelineSafeModeRule.java:process(137)) - SCM in safe mode. Healthy pipelines reported count is 0, required healthy pipeline reported count is 1
2023-04-22 02:18:20,133 [EventQueue-OpenPipelineForHealthyPipelineSafeModeRule] INFO  safemode.SCMSafeModeManager (HealthyPipelineSafeModeRule.java:process(137)) - SCM in safe mode. Healthy pipelines reported count is 0, required healthy pipeline reported count is 1
2023-04-22 02:18:20,143 [EventQueue-OpenPipelineForHealthyPipelineSafeModeRule] INFO  safemode.SCMSafeModeManager (HealthyPipelineSafeModeRule.java:process(137)) - SCM in safe mode. Healthy pipelines reported count is 0, required healthy pipeline reported count is 1
2023-04-22 02:18:20,157 [EventQueue-OpenPipelineForHealthyPipelineSafeModeRule] INFO  safemode.SCMSafeModeManager (HealthyPipelineSafeModeRule.java:process(137)) - SCM in safe mode. Healthy pipelines reported count is 0, required healthy pipeline reported count is 1
2023-04-22 02:18:20,183 [4fb9f1f7-4e3b-4bcf-a7e7-c7ddcac09d11@group-6426E8D710A2-FollowerState] INFO  impl.FollowerState (FollowerState.java:run(143)) - 4fb9f1f7-4e3b-4bcf-a7e7-c7ddcac09d11@group-6426E8D710A2-FollowerState: change to CANDIDATE, lastRpcElapsedTime:5003412548ns, electionTimeout:5000ms
2023-04-22 02:18:20,184 [4fb9f1f7-4e3b-4bcf-a7e7-c7ddcac09d11@group-6426E8D710A2-FollowerState] INFO  impl.RoleInfo (RoleInfo.java:shutdownFollowerState(110)) - 4fb9f1f7-4e3b-4bcf-a7e7-c7ddcac09d11: shutdown 4fb9f1f7-4e3b-4bcf-a7e7-c7ddcac09d11@group-6426E8D710A2-FollowerState
2023-04-22 02:18:20,184 [4fb9f1f7-4e3b-4bcf-a7e7-c7ddcac09d11@group-6426E8D710A2-FollowerState] INFO  server.RaftServer$Division (RaftServerImpl.java:setRole(321)) - 4fb9f1f7-4e3b-4bcf-a7e7-c7ddcac09d11@group-6426E8D710A2: changes role from  FOLLOWER to CANDIDATE at term 0 for changeToCandidate
2023-04-22 02:18:20,185 [4fb9f1f7-4e3b-4bcf-a7e7-c7ddcac09d11@group-6426E8D710A2-FollowerState] INFO  server.RaftServerConfigKeys (ConfUtils.java:logGet(46)) - raft.server.leaderelection.pre-vote = true (default)
2023-04-22 02:18:20,185 [4fb9f1f7-4e3b-4bcf-a7e7-c7ddcac09d11@group-6426E8D710A2-FollowerState] INFO  impl.RoleInfo (RoleInfo.java:updateAndGet(139)) - 4fb9f1f7-4e3b-4bcf-a7e7-c7ddcac09d11: start 4fb9f1f7-4e3b-4bcf-a7e7-c7ddcac09d11@group-6426E8D710A2-LeaderElection2
2023-04-22 02:18:20,195 [4fb9f1f7-4e3b-4bcf-a7e7-c7ddcac09d11@group-6426E8D710A2-LeaderElection2] INFO  impl.LeaderElection (LeaderElection.java:askForVotes(312)) - 4fb9f1f7-4e3b-4bcf-a7e7-c7ddcac09d11@group-6426E8D710A2-LeaderElection2 PRE_VOTE round 0: submit vote requests at term 0 for -1: peers:[4fb9f1f7-4e3b-4bcf-a7e7-c7ddcac09d11|rpc:10.1.0.20:44181|dataStream:10.1.0.20:37741|priority:1|startupRole:FOLLOWER]|listeners:[], old=null
2023-04-22 02:18:20,196 [4fb9f1f7-4e3b-4bcf-a7e7-c7ddcac09d11@group-6426E8D710A2-LeaderElection2] INFO  impl.LeaderElection (LeaderElection.java:askForVotes(314)) - 4fb9f1f7-4e3b-4bcf-a7e7-c7ddcac09d11@group-6426E8D710A2-LeaderElection2 PRE_VOTE round 0: result PASSED (term=0)
2023-04-22 02:18:20,197 [4fb9f1f7-4e3b-4bcf-a7e7-c7ddcac09d11@group-6426E8D710A2-LeaderElection2] INFO  impl.LeaderElection (LeaderElection.java:askForVotes(312)) - 4fb9f1f7-4e3b-4bcf-a7e7-c7ddcac09d11@group-6426E8D710A2-LeaderElection2 ELECTION round 0: submit vote requests at term 1 for -1: peers:[4fb9f1f7-4e3b-4bcf-a7e7-c7ddcac09d11|rpc:10.1.0.20:44181|dataStream:10.1.0.20:37741|priority:1|startupRole:FOLLOWER]|listeners:[], old=null
2023-04-22 02:18:20,197 [4fb9f1f7-4e3b-4bcf-a7e7-c7ddcac09d11@group-6426E8D710A2-LeaderElection2] INFO  impl.LeaderElection (LeaderElection.java:askForVotes(314)) - 4fb9f1f7-4e3b-4bcf-a7e7-c7ddcac09d11@group-6426E8D710A2-LeaderElection2 ELECTION round 0: result PASSED (term=1)
2023-04-22 02:18:20,197 [4fb9f1f7-4e3b-4bcf-a7e7-c7ddcac09d11@group-6426E8D710A2-LeaderElection2] INFO  impl.RoleInfo (RoleInfo.java:shutdownLeaderElection(130)) - 4fb9f1f7-4e3b-4bcf-a7e7-c7ddcac09d11: shutdown 4fb9f1f7-4e3b-4bcf-a7e7-c7ddcac09d11@group-6426E8D710A2-LeaderElection2
2023-04-22 02:18:20,197 [4fb9f1f7-4e3b-4bcf-a7e7-c7ddcac09d11@group-6426E8D710A2-LeaderElection2] INFO  server.RaftServer$Division (RaftServerImpl.java:setRole(321)) - 4fb9f1f7-4e3b-4bcf-a7e7-c7ddcac09d11@group-6426E8D710A2: changes role from CANDIDATE to LEADER at term 1 for changeToLeader
2023-04-22 02:18:20,197 [4fb9f1f7-4e3b-4bcf-a7e7-c7ddcac09d11@group-6426E8D710A2-LeaderElection2] INFO  ratis.XceiverServerRatis (XceiverServerRatis.java:handleLeaderChangedNotification(904)) - Leader change notification received for group: group-6426E8D710A2 with new leaderId: 4fb9f1f7-4e3b-4bcf-a7e7-c7ddcac09d11
2023-04-22 02:18:20,197 [4fb9f1f7-4e3b-4bcf-a7e7-c7ddcac09d11@group-6426E8D710A2-LeaderElection2] INFO  server.RaftServer$Division (ServerState.java:setLeader(313)) - 4fb9f1f7-4e3b-4bcf-a7e7-c7ddcac09d11@group-6426E8D710A2: change Leader from null to 4fb9f1f7-4e3b-4bcf-a7e7-c7ddcac09d11 at term 1 for becomeLeader, leader elected after 5058ms
2023-04-22 02:18:20,197 [4fb9f1f7-4e3b-4bcf-a7e7-c7ddcac09d11@group-6426E8D710A2-LeaderElection2] INFO  server.RaftServerConfigKeys (ConfUtils.java:logGet(46)) - raft.server.staging.catchup.gap = 1000 (default)
2023-04-22 02:18:20,198 [4fb9f1f7-4e3b-4bcf-a7e7-c7ddcac09d11@group-6426E8D710A2-LeaderElection2] INFO  server.RaftServerConfigKeys (ConfUtils.java:logGet(46)) - raft.server.write.element-limit = 1024 (custom)
2023-04-22 02:18:20,198 [4fb9f1f7-4e3b-4bcf-a7e7-c7ddcac09d11@group-6426E8D710A2-LeaderElection2] INFO  server.RaftServerConfigKeys (ConfUtils.java:logGet(46)) - raft.server.write.byte-limit = 1024 M (=1073741824) (custom)
2023-04-22 02:18:20,198 [4fb9f1f7-4e3b-4bcf-a7e7-c7ddcac09d11@group-6426E8D710A2-LeaderElection2] INFO  server.RaftServerConfigKeys (ConfUtils.java:logGet(46)) - raft.server.watch.timeout = 10000ms (default)
2023-04-22 02:18:20,198 [4fb9f1f7-4e3b-4bcf-a7e7-c7ddcac09d11@group-6426E8D710A2-LeaderElection2] INFO  server.RaftServerConfigKeys (ConfUtils.java:logGet(46)) - raft.server.watch.timeout.denomination = 1s (default)
2023-04-22 02:18:20,198 [4fb9f1f7-4e3b-4bcf-a7e7-c7ddcac09d11@group-6426E8D710A2-LeaderElection2] INFO  server.RaftServerConfigKeys (ConfUtils.java:logGet(46)) - raft.server.watch.element-limit = 65536 (default)
2023-04-22 02:18:20,198 [4fb9f1f7-4e3b-4bcf-a7e7-c7ddcac09d11@group-6426E8D710A2-LeaderElection2] INFO  server.RaftServerConfigKeys (ConfUtils.java:logGet(46)) - raft.server.write.element-limit = 1024 (custom)
2023-04-22 02:18:20,198 [4fb9f1f7-4e3b-4bcf-a7e7-c7ddcac09d11@group-6426E8D710A2-LeaderElection2] INFO  server.RaftServerConfigKeys (ConfUtils.java:logGet(46)) - raft.server.write.follower.gap.ratio.max = -1.0 (default)
2023-04-22 02:18:20,198 [4fb9f1f7-4e3b-4bcf-a7e7-c7ddcac09d11@group-6426E8D710A2-LeaderElection2] INFO  impl.RoleInfo (RoleInfo.java:updateAndGet(139)) - 4fb9f1f7-4e3b-4bcf-a7e7-c7ddcac09d11: start 4fb9f1f7-4e3b-4bcf-a7e7-c7ddcac09d11@group-6426E8D710A2-LeaderStateImpl
2023-04-22 02:18:20,199 [EventQueue-OpenPipelineForHealthyPipelineSafeModeRule] INFO  safemode.SCMSafeModeManager (HealthyPipelineSafeModeRule.java:process(137)) - SCM in safe mode. Healthy pipelines reported count is 0, required healthy pipeline reported count is 1
2023-04-22 02:18:20,199 [4fb9f1f7-4e3b-4bcf-a7e7-c7ddcac09d11@group-6426E8D710A2-LeaderElection2] INFO  segmented.SegmentedRaftLogWorker (SegmentedRaftLogWorker.java:startLogSegment(452)) - 4fb9f1f7-4e3b-4bcf-a7e7-c7ddcac09d11@group-6426E8D710A2-SegmentedRaftLogWorker: Starting segment from index:0
2023-04-22 02:18:20,200 [4fb9f1f7-4e3b-4bcf-a7e7-c7ddcac09d11@group-6426E8D710A2-SegmentedRaftLogWorker] INFO  segmented.SegmentedRaftLogWorker (SegmentedRaftLogWorker.java:execute(656)) - 4fb9f1f7-4e3b-4bcf-a7e7-c7ddcac09d11@group-6426E8D710A2-SegmentedRaftLogWorker: created new log segment /home/runner/work/ozone/ozone/hadoop-ozone/integration-test/target/test-dir/MiniOzoneClusterImpl-b640deff-6994-498f-92ea-4ac5c972f0d8/datanode-0/data/ratis/7a774bb4-4d34-4289-ba9c-6426e8d710a2/current/log_inprogress_0
2023-04-22 02:18:20,203 [4fb9f1f7-4e3b-4bcf-a7e7-c7ddcac09d11@group-6426E8D710A2-LeaderElection2] INFO  server.RaftServer$Division (ServerState.java:setRaftConf(430)) - 4fb9f1f7-4e3b-4bcf-a7e7-c7ddcac09d11@group-6426E8D710A2: set configuration 0: peers:[4fb9f1f7-4e3b-4bcf-a7e7-c7ddcac09d11|rpc:10.1.0.20:44181|dataStream:10.1.0.20:37741|priority:1|startupRole:FOLLOWER]|listeners:[], old=null
2023-04-22 02:18:20,205 [4fb9f1f7-4e3b-4bcf-a7e7-c7ddcac09d11@group-6426E8D710A2-StateMachineUpdater] INFO  ratis.ContainerStateMachine (ContainerStateMachine.java:takeSnapshot(330)) - group-6426E8D710A2: Taking a snapshot at:(t:1, i:0) file /home/runner/work/ozone/ozone/hadoop-ozone/integration-test/target/test-dir/MiniOzoneClusterImpl-b640deff-6994-498f-92ea-4ac5c972f0d8/datanode-0/data/ratis/7a774bb4-4d34-4289-ba9c-6426e8d710a2/sm/snapshot.1_0
2023-04-22 02:18:20,232 [4fb9f1f7-4e3b-4bcf-a7e7-c7ddcac09d11@group-6426E8D710A2-StateMachineUpdater] INFO  ratis.ContainerStateMachine (ContainerStateMachine.java:takeSnapshot(341)) - group-6426E8D710A2: Finished taking a snapshot at:(t:1, i:0) file:/home/runner/work/ozone/ozone/hadoop-ozone/integration-test/target/test-dir/MiniOzoneClusterImpl-b640deff-6994-498f-92ea-4ac5c972f0d8/datanode-0/data/ratis/7a774bb4-4d34-4289-ba9c-6426e8d710a2/sm/snapshot.1_0 took: 27 ms
2023-04-22 02:18:20,234 [4fb9f1f7-4e3b-4bcf-a7e7-c7ddcac09d11@group-6426E8D710A2-StateMachineUpdater] INFO  impl.StateMachineUpdater (StateMachineUpdater.java:takeSnapshot(287)) - 4fb9f1f7-4e3b-4bcf-a7e7-c7ddcac09d11@group-6426E8D710A2-StateMachineUpdater: Took a snapshot at index 0
2023-04-22 02:18:20,234 [4fb9f1f7-4e3b-4bcf-a7e7-c7ddcac09d11@group-6426E8D710A2-StateMachineUpdater] INFO  impl.StateMachineUpdater (StateMachineUpdater.java:lambda$new$0(92)) - 4fb9f1f7-4e3b-4bcf-a7e7-c7ddcac09d11@group-6426E8D710A2-StateMachineUpdater: snapshotIndex: updateIncreasingly -1 -> 0
2023-04-22 02:18:20,329 [EventQueue-OpenPipelineForHealthyPipelineSafeModeRule] INFO  safemode.SCMSafeModeManager (HealthyPipelineSafeModeRule.java:process(137)) - SCM in safe mode. Healthy pipelines reported count is 0, required healthy pipeline reported count is 1
2023-04-22 02:18:20,332 [EventQueue-OpenPipelineForHealthyPipelineSafeModeRule] INFO  safemode.SCMSafeModeManager (HealthyPipelineSafeModeRule.java:process(137)) - SCM in safe mode. Healthy pipelines reported count is 0, required healthy pipeline reported count is 1
2023-04-22 02:18:20,332 [EventQueue-OpenPipelineForHealthyPipelineSafeModeRule] INFO  safemode.SCMSafeModeManager (HealthyPipelineSafeModeRule.java:process(137)) - SCM in safe mode. Healthy pipelines reported count is 0, required healthy pipeline reported count is 1
2023-04-22 02:18:20,332 [EventQueue-OpenPipelineForHealthyPipelineSafeModeRule] INFO  safemode.SCMSafeModeManager (HealthyPipelineSafeModeRule.java:process(137)) - SCM in safe mode. Healthy pipelines reported count is 0, required healthy pipeline reported count is 1
2023-04-22 02:18:20,343 [EventQueue-OpenPipelineForHealthyPipelineSafeModeRule] INFO  safemode.SCMSafeModeManager (HealthyPipelineSafeModeRule.java:process(137)) - SCM in safe mode. Healthy pipelines reported count is 0, required healthy pipeline reported count is 1
2023-04-22 02:18:20,354 [EventQueue-OpenPipelineForHealthyPipelineSafeModeRule] INFO  safemode.SCMSafeModeManager (HealthyPipelineSafeModeRule.java:process(137)) - SCM in safe mode. Healthy pipelines reported count is 0, required healthy pipeline reported count is 1
2023-04-22 02:18:20,356 [EventQueue-OpenPipelineForHealthyPipelineSafeModeRule] INFO  safemode.SCMSafeModeManager (HealthyPipelineSafeModeRule.java:process(137)) - SCM in safe mode. Healthy pipelines reported count is 0, required healthy pipeline reported count is 1
2023-04-22 02:18:20,406 [4fb9f1f7-4e3b-4bcf-a7e7-c7ddcac09d11@group-D97743807C2E-FollowerState] INFO  impl.FollowerState (FollowerState.java:run(143)) - 4fb9f1f7-4e3b-4bcf-a7e7-c7ddcac09d11@group-D97743807C2E-FollowerState: change to CANDIDATE, lastRpcElapsedTime:5122022353ns, electionTimeout:5114ms
2023-04-22 02:18:20,407 [4fb9f1f7-4e3b-4bcf-a7e7-c7ddcac09d11@group-D97743807C2E-FollowerState] INFO  impl.RoleInfo (RoleInfo.java:shutdownFollowerState(110)) - 4fb9f1f7-4e3b-4bcf-a7e7-c7ddcac09d11: shutdown 4fb9f1f7-4e3b-4bcf-a7e7-c7ddcac09d11@group-D97743807C2E-FollowerState
2023-04-22 02:18:20,407 [4fb9f1f7-4e3b-4bcf-a7e7-c7ddcac09d11@group-D97743807C2E-FollowerState] INFO  server.RaftServer$Division (RaftServerImpl.java:setRole(321)) - 4fb9f1f7-4e3b-4bcf-a7e7-c7ddcac09d11@group-D97743807C2E: changes role from  FOLLOWER to CANDIDATE at term 0 for changeToCandidate
2023-04-22 02:18:20,408 [4fb9f1f7-4e3b-4bcf-a7e7-c7ddcac09d11@group-D97743807C2E-FollowerState] INFO  server.RaftServerConfigKeys (ConfUtils.java:logGet(46)) - raft.server.leaderelection.pre-vote = true (default)
2023-04-22 02:18:20,408 [4fb9f1f7-4e3b-4bcf-a7e7-c7ddcac09d11@group-D97743807C2E-FollowerState] INFO  impl.RoleInfo (RoleInfo.java:updateAndGet(139)) - 4fb9f1f7-4e3b-4bcf-a7e7-c7ddcac09d11: start 4fb9f1f7-4e3b-4bcf-a7e7-c7ddcac09d11@group-D97743807C2E-LeaderElection3
2023-04-22 02:18:20,409 [4fb9f1f7-4e3b-4bcf-a7e7-c7ddcac09d11@group-D97743807C2E-LeaderElection3] INFO  impl.LeaderElection (LeaderElection.java:askForVotes(312)) - 4fb9f1f7-4e3b-4bcf-a7e7-c7ddcac09d11@group-D97743807C2E-LeaderElection3 PRE_VOTE round 0: submit vote requests at term 0 for -1: peers:[6aaf5ca8-0737-4296-ba95-7f0e9402c55b|rpc:10.1.0.20:37225|dataStream:10.1.0.20:33711|priority:0|startupRole:FOLLOWER, 4fb9f1f7-4e3b-4bcf-a7e7-c7ddcac09d11|rpc:10.1.0.20:44181|dataStream:10.1.0.20:37741|priority:1|startupRole:FOLLOWER, 44aa5787-a9ca-4d27-a88e-9069c8f4547b|rpc:10.1.0.20:46431|dataStream:10.1.0.20:44789|priority:0|startupRole:FOLLOWER]|listeners:[], old=null
2023-04-22 02:18:20,414 [4fb9f1f7-4e3b-4bcf-a7e7-c7ddcac09d11@group-D97743807C2E-LeaderElection3] INFO  server.RaftServerConfigKeys (ConfUtils.java:logFallback(53)) - raft.server.rpc.first-election.timeout.min = 5s (fallback to raft.server.rpc.timeout.min)
2023-04-22 02:18:20,414 [4fb9f1f7-4e3b-4bcf-a7e7-c7ddcac09d11@group-D97743807C2E-LeaderElection3] INFO  server.RaftServerConfigKeys (ConfUtils.java:logFallback(53)) - raft.server.rpc.first-election.timeout.max = 5200ms (fallback to raft.server.rpc.timeout.max)
2023-04-22 02:18:20,414 [4fb9f1f7-4e3b-4bcf-a7e7-c7ddcac09d11@group-D97743807C2E-LeaderElection3-1] INFO  server.GrpcServerProtocolClient (GrpcServerProtocolClient.java:<init>(63)) - Build channel for 6aaf5ca8-0737-4296-ba95-7f0e9402c55b
2023-04-22 02:18:20,415 [4fb9f1f7-4e3b-4bcf-a7e7-c7ddcac09d11@group-D97743807C2E-LeaderElection3-2] INFO  server.GrpcServerProtocolClient (GrpcServerProtocolClient.java:<init>(63)) - Build channel for 44aa5787-a9ca-4d27-a88e-9069c8f4547b
2023-04-22 02:18:20,432 [grpc-default-executor-1] INFO  server.RaftServer$Division (RaftServerImpl.java:requestVote(1218)) - 6aaf5ca8-0737-4296-ba95-7f0e9402c55b@group-D97743807C2E: receive requestVote(PRE_VOTE, 4fb9f1f7-4e3b-4bcf-a7e7-c7ddcac09d11, group-D97743807C2E, 0, (t:0, i:0))
2023-04-22 02:18:20,433 [grpc-default-executor-1] INFO  impl.VoteContext (VoteContext.java:log(49)) - 6aaf5ca8-0737-4296-ba95-7f0e9402c55b@group-D97743807C2E-FOLLOWER: accept PRE_VOTE from 4fb9f1f7-4e3b-4bcf-a7e7-c7ddcac09d11: our priority 0 <= candidate's priority 1
2023-04-22 02:18:20,442 [grpc-default-executor-0] INFO  server.RaftServer$Division (RaftServerImpl.java:requestVote(1218)) - 44aa5787-a9ca-4d27-a88e-9069c8f4547b@group-D97743807C2E: receive requestVote(PRE_VOTE, 4fb9f1f7-4e3b-4bcf-a7e7-c7ddcac09d11, group-D97743807C2E, 0, (t:0, i:0))
2023-04-22 02:18:20,442 [grpc-default-executor-0] INFO  impl.VoteContext (VoteContext.java:log(49)) - 44aa5787-a9ca-4d27-a88e-9069c8f4547b@group-D97743807C2E-FOLLOWER: accept PRE_VOTE from 4fb9f1f7-4e3b-4bcf-a7e7-c7ddcac09d11: our priority 0 <= candidate's priority 1
2023-04-22 02:18:20,443 [grpc-default-executor-1] INFO  server.RaftServer$Division (RaftServerImpl.java:requestVote(1251)) - 6aaf5ca8-0737-4296-ba95-7f0e9402c55b@group-D97743807C2E replies to PRE_VOTE vote request: 4fb9f1f7-4e3b-4bcf-a7e7-c7ddcac09d11<-6aaf5ca8-0737-4296-ba95-7f0e9402c55b#0:OK-t0. Peer's state: 6aaf5ca8-0737-4296-ba95-7f0e9402c55b@group-D97743807C2E:t0, leader=null, voted=, raftlog=Memoized:6aaf5ca8-0737-4296-ba95-7f0e9402c55b@group-D97743807C2E-SegmentedRaftLog:OPENED:c-1, conf=-1: peers:[6aaf5ca8-0737-4296-ba95-7f0e9402c55b|rpc:10.1.0.20:37225|dataStream:10.1.0.20:33711|priority:0|startupRole:FOLLOWER, 4fb9f1f7-4e3b-4bcf-a7e7-c7ddcac09d11|rpc:10.1.0.20:44181|dataStream:10.1.0.20:37741|priority:1|startupRole:FOLLOWER, 44aa5787-a9ca-4d27-a88e-9069c8f4547b|rpc:10.1.0.20:46431|dataStream:10.1.0.20:44789|priority:0|startupRole:FOLLOWER]|listeners:[], old=null
2023-04-22 02:18:20,443 [grpc-default-executor-0] INFO  server.RaftServer$Division (RaftServerImpl.java:requestVote(1251)) - 44aa5787-a9ca-4d27-a88e-9069c8f4547b@group-D97743807C2E replies to PRE_VOTE vote request: 4fb9f1f7-4e3b-4bcf-a7e7-c7ddcac09d11<-44aa5787-a9ca-4d27-a88e-9069c8f4547b#0:OK-t0. Peer's state: 44aa5787-a9ca-4d27-a88e-9069c8f4547b@group-D97743807C2E:t0, leader=null, voted=, raftlog=Memoized:44aa5787-a9ca-4d27-a88e-9069c8f4547b@group-D97743807C2E-SegmentedRaftLog:OPENED:c-1, conf=-1: peers:[6aaf5ca8-0737-4296-ba95-7f0e9402c55b|rpc:10.1.0.20:37225|dataStream:10.1.0.20:33711|priority:0|startupRole:FOLLOWER, 4fb9f1f7-4e3b-4bcf-a7e7-c7ddcac09d11|rpc:10.1.0.20:44181|dataStream:10.1.0.20:37741|priority:1|startupRole:FOLLOWER, 44aa5787-a9ca-4d27-a88e-9069c8f4547b|rpc:10.1.0.20:46431|dataStream:10.1.0.20:44789|priority:0|startupRole:FOLLOWER]|listeners:[], old=null
2023-04-22 02:18:20,447 [4fb9f1f7-4e3b-4bcf-a7e7-c7ddcac09d11@group-D97743807C2E-LeaderElection3] INFO  impl.LeaderElection (LeaderElection.java:logAndReturn(90)) - 4fb9f1f7-4e3b-4bcf-a7e7-c7ddcac09d11@group-D97743807C2E-LeaderElection3: PRE_VOTE PASSED received 1 response(s) and 0 exception(s):
2023-04-22 02:18:20,447 [4fb9f1f7-4e3b-4bcf-a7e7-c7ddcac09d11@group-D97743807C2E-LeaderElection3] INFO  impl.LeaderElection (LeaderElection.java:logAndReturn(94)) -   Response 0: 4fb9f1f7-4e3b-4bcf-a7e7-c7ddcac09d11<-44aa5787-a9ca-4d27-a88e-9069c8f4547b#0:OK-t0
2023-04-22 02:18:20,447 [4fb9f1f7-4e3b-4bcf-a7e7-c7ddcac09d11@group-D97743807C2E-LeaderElection3] INFO  impl.LeaderElection (LeaderElection.java:askForVotes(314)) - 4fb9f1f7-4e3b-4bcf-a7e7-c7ddcac09d11@group-D97743807C2E-LeaderElection3 PRE_VOTE round 0: result PASSED
2023-04-22 02:18:20,448 [4fb9f1f7-4e3b-4bcf-a7e7-c7ddcac09d11@group-D97743807C2E-LeaderElection3] INFO  impl.LeaderElection (LeaderElection.java:askForVotes(312)) - 4fb9f1f7-4e3b-4bcf-a7e7-c7ddcac09d11@group-D97743807C2E-LeaderElection3 ELECTION round 0: submit vote requests at term 1 for -1: peers:[6aaf5ca8-0737-4296-ba95-7f0e9402c55b|rpc:10.1.0.20:37225|dataStream:10.1.0.20:33711|priority:0|startupRole:FOLLOWER, 4fb9f1f7-4e3b-4bcf-a7e7-c7ddcac09d11|rpc:10.1.0.20:44181|dataStream:10.1.0.20:37741|priority:1|startupRole:FOLLOWER, 44aa5787-a9ca-4d27-a88e-9069c8f4547b|rpc:10.1.0.20:46431|dataStream:10.1.0.20:44789|priority:0|startupRole:FOLLOWER]|listeners:[], old=null
2023-04-22 02:18:20,451 [4fb9f1f7-4e3b-4bcf-a7e7-c7ddcac09d11@group-D97743807C2E-LeaderElection3] INFO  server.RaftServerConfigKeys (ConfUtils.java:logFallback(53)) - raft.server.rpc.first-election.timeout.min = 5s (fallback to raft.server.rpc.timeout.min)
2023-04-22 02:18:20,451 [4fb9f1f7-4e3b-4bcf-a7e7-c7ddcac09d11@group-D97743807C2E-LeaderElection3] INFO  server.RaftServerConfigKeys (ConfUtils.java:logFallback(53)) - raft.server.rpc.first-election.timeout.max = 5200ms (fallback to raft.server.rpc.timeout.max)
2023-04-22 02:18:20,454 [grpc-default-executor-0] INFO  server.RaftServer$Division (RaftServerImpl.java:requestVote(1218)) - 6aaf5ca8-0737-4296-ba95-7f0e9402c55b@group-D97743807C2E: receive requestVote(ELECTION, 4fb9f1f7-4e3b-4bcf-a7e7-c7ddcac09d11, group-D97743807C2E, 1, (t:0, i:0))
2023-04-22 02:18:20,457 [grpc-default-executor-0] INFO  impl.VoteContext (VoteContext.java:log(49)) - 6aaf5ca8-0737-4296-ba95-7f0e9402c55b@group-D97743807C2E-FOLLOWER: accept ELECTION from 4fb9f1f7-4e3b-4bcf-a7e7-c7ddcac09d11: our priority 0 <= candidate's priority 1
2023-04-22 02:18:20,457 [grpc-default-executor-1] INFO  server.RaftServer$Division (RaftServerImpl.java:requestVote(1218)) - 44aa5787-a9ca-4d27-a88e-9069c8f4547b@group-D97743807C2E: receive requestVote(ELECTION, 4fb9f1f7-4e3b-4bcf-a7e7-c7ddcac09d11, group-D97743807C2E, 1, (t:0, i:0))
2023-04-22 02:18:20,457 [grpc-default-executor-0] INFO  server.RaftServer$Division (RaftServerImpl.java:setRole(321)) - 6aaf5ca8-0737-4296-ba95-7f0e9402c55b@group-D97743807C2E: changes role from  FOLLOWER to FOLLOWER at term 1 for candidate:4fb9f1f7-4e3b-4bcf-a7e7-c7ddcac09d11
2023-04-22 02:18:20,457 [grpc-default-executor-0] INFO  impl.RoleInfo (RoleInfo.java:shutdownFollowerState(110)) - 6aaf5ca8-0737-4296-ba95-7f0e9402c55b: shutdown 6aaf5ca8-0737-4296-ba95-7f0e9402c55b@group-D97743807C2E-FollowerState
2023-04-22 02:18:20,457 [6aaf5ca8-0737-4296-ba95-7f0e9402c55b@group-D97743807C2E-FollowerState] INFO  impl.FollowerState (FollowerState.java:run(152)) - 6aaf5ca8-0737-4296-ba95-7f0e9402c55b@group-D97743807C2E-FollowerState was interrupted
2023-04-22 02:18:20,458 [grpc-default-executor-1] INFO  impl.VoteContext (VoteContext.java:log(49)) - 44aa5787-a9ca-4d27-a88e-9069c8f4547b@group-D97743807C2E-FOLLOWER: accept ELECTION from 4fb9f1f7-4e3b-4bcf-a7e7-c7ddcac09d11: our priority 0 <= candidate's priority 1
2023-04-22 02:18:20,458 [grpc-default-executor-1] INFO  server.RaftServer$Division (RaftServerImpl.java:setRole(321)) - 44aa5787-a9ca-4d27-a88e-9069c8f4547b@group-D97743807C2E: changes role from  FOLLOWER to FOLLOWER at term 1 for candidate:4fb9f1f7-4e3b-4bcf-a7e7-c7ddcac09d11
2023-04-22 02:18:20,458 [grpc-default-executor-1] INFO  impl.RoleInfo (RoleInfo.java:shutdownFollowerState(110)) - 44aa5787-a9ca-4d27-a88e-9069c8f4547b: shutdown 44aa5787-a9ca-4d27-a88e-9069c8f4547b@group-D97743807C2E-FollowerState
2023-04-22 02:18:20,458 [44aa5787-a9ca-4d27-a88e-9069c8f4547b@group-D97743807C2E-FollowerState] INFO  impl.FollowerState (FollowerState.java:run(152)) - 44aa5787-a9ca-4d27-a88e-9069c8f4547b@group-D97743807C2E-FollowerState was interrupted
2023-04-22 02:18:20,458 [grpc-default-executor-0] INFO  impl.RoleInfo (RoleInfo.java:updateAndGet(139)) - 6aaf5ca8-0737-4296-ba95-7f0e9402c55b: start 6aaf5ca8-0737-4296-ba95-7f0e9402c55b@group-D97743807C2E-FollowerState
2023-04-22 02:18:20,460 [6aaf5ca8-0737-4296-ba95-7f0e9402c55b@group-D97743807C2E-FollowerState] INFO  server.RaftServerConfigKeys (ConfUtils.java:logFallback(53)) - raft.server.rpc.first-election.timeout.min = 5s (fallback to raft.server.rpc.timeout.min)
2023-04-22 02:18:20,460 [6aaf5ca8-0737-4296-ba95-7f0e9402c55b@group-D97743807C2E-FollowerState] INFO  server.RaftServerConfigKeys (ConfUtils.java:logFallback(53)) - raft.server.rpc.first-election.timeout.max = 5200ms (fallback to raft.server.rpc.timeout.max)
2023-04-22 02:18:20,461 [grpc-default-executor-1] INFO  impl.RoleInfo (RoleInfo.java:updateAndGet(139)) - 44aa5787-a9ca-4d27-a88e-9069c8f4547b: start 44aa5787-a9ca-4d27-a88e-9069c8f4547b@group-D97743807C2E-FollowerState
2023-04-22 02:18:20,461 [grpc-default-executor-0] INFO  server.RaftServer$Division (RaftServerImpl.java:requestVote(1251)) - 6aaf5ca8-0737-4296-ba95-7f0e9402c55b@group-D97743807C2E replies to ELECTION vote request: 4fb9f1f7-4e3b-4bcf-a7e7-c7ddcac09d11<-6aaf5ca8-0737-4296-ba95-7f0e9402c55b#0:OK-t1. Peer's state: 6aaf5ca8-0737-4296-ba95-7f0e9402c55b@group-D97743807C2E:t1, leader=null, voted=4fb9f1f7-4e3b-4bcf-a7e7-c7ddcac09d11, raftlog=Memoized:6aaf5ca8-0737-4296-ba95-7f0e9402c55b@group-D97743807C2E-SegmentedRaftLog:OPENED:c-1, conf=-1: peers:[6aaf5ca8-0737-4296-ba95-7f0e9402c55b|rpc:10.1.0.20:37225|dataStream:10.1.0.20:33711|priority:0|startupRole:FOLLOWER, 4fb9f1f7-4e3b-4bcf-a7e7-c7ddcac09d11|rpc:10.1.0.20:44181|dataStream:10.1.0.20:37741|priority:1|startupRole:FOLLOWER, 44aa5787-a9ca-4d27-a88e-9069c8f4547b|rpc:10.1.0.20:46431|dataStream:10.1.0.20:44789|priority:0|startupRole:FOLLOWER]|listeners:[], old=null
2023-04-22 02:18:20,461 [44aa5787-a9ca-4d27-a88e-9069c8f4547b@group-D97743807C2E-FollowerState] INFO  server.RaftServerConfigKeys (ConfUtils.java:logFallback(53)) - raft.server.rpc.first-election.timeout.min = 5s (fallback to raft.server.rpc.timeout.min)
2023-04-22 02:18:20,461 [44aa5787-a9ca-4d27-a88e-9069c8f4547b@group-D97743807C2E-FollowerState] INFO  server.RaftServerConfigKeys (ConfUtils.java:logFallback(53)) - raft.server.rpc.first-election.timeout.max = 5200ms (fallback to raft.server.rpc.timeout.max)
2023-04-22 02:18:20,462 [grpc-default-executor-1] INFO  server.RaftServer$Division (RaftServerImpl.java:requestVote(1251)) - 44aa5787-a9ca-4d27-a88e-9069c8f4547b@group-D97743807C2E replies to ELECTION vote request: 4fb9f1f7-4e3b-4bcf-a7e7-c7ddcac09d11<-44aa5787-a9ca-4d27-a88e-9069c8f4547b#0:OK-t1. Peer's state: 44aa5787-a9ca-4d27-a88e-9069c8f4547b@group-D97743807C2E:t1, leader=null, voted=4fb9f1f7-4e3b-4bcf-a7e7-c7ddcac09d11, raftlog=Memoized:44aa5787-a9ca-4d27-a88e-9069c8f4547b@group-D97743807C2E-SegmentedRaftLog:OPENED:c-1, conf=-1: peers:[6aaf5ca8-0737-4296-ba95-7f0e9402c55b|rpc:10.1.0.20:37225|dataStream:10.1.0.20:33711|priority:0|startupRole:FOLLOWER, 4fb9f1f7-4e3b-4bcf-a7e7-c7ddcac09d11|rpc:10.1.0.20:44181|dataStream:10.1.0.20:37741|priority:1|startupRole:FOLLOWER, 44aa5787-a9ca-4d27-a88e-9069c8f4547b|rpc:10.1.0.20:46431|dataStream:10.1.0.20:44789|priority:0|startupRole:FOLLOWER]|listeners:[], old=null
2023-04-22 02:18:20,464 [4fb9f1f7-4e3b-4bcf-a7e7-c7ddcac09d11@group-D97743807C2E-LeaderElection3] INFO  impl.LeaderElection (LeaderElection.java:logAndReturn(90)) - 4fb9f1f7-4e3b-4bcf-a7e7-c7ddcac09d11@group-D97743807C2E-LeaderElection3: ELECTION PASSED received 1 response(s) and 0 exception(s):
2023-04-22 02:18:20,464 [4fb9f1f7-4e3b-4bcf-a7e7-c7ddcac09d11@group-D97743807C2E-LeaderElection3] INFO  impl.LeaderElection (LeaderElection.java:logAndReturn(94)) -   Response 0: 4fb9f1f7-4e3b-4bcf-a7e7-c7ddcac09d11<-6aaf5ca8-0737-4296-ba95-7f0e9402c55b#0:OK-t1
2023-04-22 02:18:20,464 [4fb9f1f7-4e3b-4bcf-a7e7-c7ddcac09d11@group-D97743807C2E-LeaderElection3] INFO  impl.LeaderElection (LeaderElection.java:askForVotes(314)) - 4fb9f1f7-4e3b-4bcf-a7e7-c7ddcac09d11@group-D97743807C2E-LeaderElection3 ELECTION round 0: result PASSED
2023-04-22 02:18:20,464 [4fb9f1f7-4e3b-4bcf-a7e7-c7ddcac09d11@group-D97743807C2E-LeaderElection3] INFO  impl.RoleInfo (RoleInfo.java:shutdownLeaderElection(130)) - 4fb9f1f7-4e3b-4bcf-a7e7-c7ddcac09d11: shutdown 4fb9f1f7-4e3b-4bcf-a7e7-c7ddcac09d11@group-D97743807C2E-LeaderElection3
2023-04-22 02:18:20,464 [4fb9f1f7-4e3b-4bcf-a7e7-c7ddcac09d11@group-D97743807C2E-LeaderElection3] INFO  server.RaftServer$Division (RaftServerImpl.java:setRole(321)) - 4fb9f1f7-4e3b-4bcf-a7e7-c7ddcac09d11@group-D97743807C2E: changes role from CANDIDATE to LEADER at term 1 for changeToLeader
2023-04-22 02:18:20,464 [4fb9f1f7-4e3b-4bcf-a7e7-c7ddcac09d11@group-D97743807C2E-LeaderElection3] INFO  ratis.XceiverServerRatis (XceiverServerRatis.java:handleLeaderChangedNotification(904)) - Leader change notification received for group: group-D97743807C2E with new leaderId: 4fb9f1f7-4e3b-4bcf-a7e7-c7ddcac09d11
2023-04-22 02:18:20,464 [4fb9f1f7-4e3b-4bcf-a7e7-c7ddcac09d11@group-D97743807C2E-LeaderElection3] INFO  server.RaftServer$Division (ServerState.java:setLeader(313)) - 4fb9f1f7-4e3b-4bcf-a7e7-c7ddcac09d11@group-D97743807C2E: change Leader from null to 4fb9f1f7-4e3b-4bcf-a7e7-c7ddcac09d11 at term 1 for becomeLeader, leader elected after 5258ms
2023-04-22 02:18:20,464 [4fb9f1f7-4e3b-4bcf-a7e7-c7ddcac09d11@group-D97743807C2E-LeaderElection3] INFO  server.RaftServerConfigKeys (ConfUtils.java:logGet(46)) - raft.server.staging.catchup.gap = 1000 (default)
2023-04-22 02:18:20,464 [4fb9f1f7-4e3b-4bcf-a7e7-c7ddcac09d11@group-D97743807C2E-LeaderElection3] INFO  server.RaftServerConfigKeys (ConfUtils.java:logGet(46)) - raft.server.write.element-limit = 1024 (custom)
2023-04-22 02:18:20,464 [4fb9f1f7-4e3b-4bcf-a7e7-c7ddcac09d11@group-D97743807C2E-LeaderElection3] INFO  server.RaftServerConfigKeys (ConfUtils.java:logGet(46)) - raft.server.write.byte-limit = 1024 M (=1073741824) (custom)
2023-04-22 02:18:20,465 [4fb9f1f7-4e3b-4bcf-a7e7-c7ddcac09d11@group-D97743807C2E-LeaderElection3] INFO  server.RaftServerConfigKeys (ConfUtils.java:logGet(46)) - raft.server.watch.timeout = 10000ms (default)
2023-04-22 02:18:20,465 [4fb9f1f7-4e3b-4bcf-a7e7-c7ddcac09d11@group-D97743807C2E-LeaderElection3] INFO  server.RaftServerConfigKeys (ConfUtils.java:logGet(46)) - raft.server.watch.timeout.denomination = 1s (default)
2023-04-22 02:18:20,465 [4fb9f1f7-4e3b-4bcf-a7e7-c7ddcac09d11@group-D97743807C2E-LeaderElection3] INFO  server.RaftServerConfigKeys (ConfUtils.java:logGet(46)) - raft.server.watch.element-limit = 65536 (default)
2023-04-22 02:18:20,465 [4fb9f1f7-4e3b-4bcf-a7e7-c7ddcac09d11@group-D97743807C2E-LeaderElection3] INFO  server.RaftServerConfigKeys (ConfUtils.java:logGet(46)) - raft.server.write.element-limit = 1024 (custom)
2023-04-22 02:18:20,465 [4fb9f1f7-4e3b-4bcf-a7e7-c7ddcac09d11@group-D97743807C2E-LeaderElection3] INFO  server.RaftServerConfigKeys (ConfUtils.java:logGet(46)) - raft.server.write.follower.gap.ratio.max = -1.0 (default)
2023-04-22 02:18:20,472 [EventQueue-PipelineReportForPipelineReportHandler] INFO  pipeline.PipelineManagerImpl (PipelineManagerImpl.java:openPipeline(367)) - Pipeline Pipeline[ Id: 49d433d1-3766-4605-956b-d97743807c2e, Nodes: 4fb9f1f7-4e3b-4bcf-a7e7-c7ddcac09d11(fv-az443-428.ap2fcshprsnunfx25e1aelzb4b.cx.internal.cloudapp.net/10.1.0.20)44aa5787-a9ca-4d27-a88e-9069c8f4547b(fv-az443-428.ap2fcshprsnunfx25e1aelzb4b.cx.internal.cloudapp.net/10.1.0.20)6aaf5ca8-0737-4296-ba95-7f0e9402c55b(fv-az443-428.ap2fcshprsnunfx25e1aelzb4b.cx.internal.cloudapp.net/10.1.0.20), ReplicationConfig: RATIS/THREE, State:ALLOCATED, leaderId:4fb9f1f7-4e3b-4bcf-a7e7-c7ddcac09d11, CreationTimestamp2023-04-22T02:18:13.193Z[Etc/UTC]] moved to OPEN state
2023-04-22 02:18:20,472 [EventQueue-OpenPipelineForHealthyPipelineSafeModeRule] INFO  safemode.SCMSafeModeManager (HealthyPipelineSafeModeRule.java:process(137)) - SCM in safe mode. Healthy pipelines reported count is 0, required healthy pipeline reported count is 1
2023-04-22 02:18:20,473 [EventQueue-OpenPipelineForHealthyPipelineSafeModeRule] INFO  safemode.SCMSafeModeManager (HealthyPipelineSafeModeRule.java:process(137)) - SCM in safe mode. Healthy pipelines reported count is 1, required healthy pipeline reported count is 1
2023-04-22 02:18:20,473 [EventQueue-OpenPipelineForHealthyPipelineSafeModeRule] INFO  safemode.SCMSafeModeManager (SCMSafeModeManager.java:validateSafeModeExitRules(200)) - HealthyPipelineSafeModeRule rule is successfully validated
2023-04-22 02:18:20,473 [EventQueue-OpenPipelineForHealthyPipelineSafeModeRule] INFO  safemode.SCMSafeModeManager (SCMSafeModeManager.java:validateSafeModeExitRules(215)) - ScmSafeModeManager, all rules are successfully validated
2023-04-22 02:18:20,473 [EventQueue-OpenPipelineForHealthyPipelineSafeModeRule] INFO  safemode.SCMSafeModeManager (SCMSafeModeManager.java:exitSafeMode(244)) - SCM exiting safe mode.
2023-04-22 02:18:20,473 [EventQueue-OpenPipelineForHealthyPipelineSafeModeRule] INFO  ha.SCMContext (SCMContext.java:updateSafeModeStatus(228)) - Update SafeModeStatus from SafeModeStatus{safeModeStatus=true, preCheckPassed=true} to SafeModeStatus{safeModeStatus=false, preCheckPassed=true}.
2023-04-22 02:18:20,473 [EventQueue-OpenPipelineForHealthyPipelineSafeModeRule] INFO  pipeline.BackgroundPipelineCreator (BackgroundPipelineCreator.java:notifyStatusChanged(254)) - Service BackgroundPipelineCreator transitions to RUNNING.
2023-04-22 02:18:20,473 [EventQueue-OpenPipelineForHealthyPipelineSafeModeRule] INFO  BackgroundPipelineScrubber (BackgroundSCMService.java:notifyStatusChanged(82)) - Service BackgroundPipelineScrubber transitions to RUNNING.
2023-04-22 02:18:20,473 [EventQueue-OpenPipelineForHealthyPipelineSafeModeRule] INFO  ExpiredContainerReplicaOpScrubber (BackgroundSCMService.java:notifyStatusChanged(82)) - Service ExpiredContainerReplicaOpScrubber transitions to RUNNING.
2023-04-22 02:18:20,473 [EventQueue-OpenPipelineForHealthyPipelineSafeModeRule] INFO  replication.ReplicationManager (ReplicationManager.java:notifyStatusChanged(1371)) - Service ReplicationManager transitions to RUNNING.
2023-04-22 02:18:20,478 [EventQueue-OpenPipelineForHealthyPipelineSafeModeRule] WARN  balancer.ContainerBalancer (ContainerBalancer.java:shouldRun(132)) - Could not find persisted configuration for ContainerBalancer when checking if ContainerBalancer should run. ContainerBalancer should not run now.
2023-04-22 02:18:20,479 [4fb9f1f7-4e3b-4bcf-a7e7-c7ddcac09d11@group-D97743807C2E-LeaderElection3] INFO  server.RaftServerConfigKeys (ConfUtils.java:logGet(46)) - raft.server.log.appender.snapshot.chunk.size.max = 16MB (=16777216) (default)
2023-04-22 02:18:20,479 [4fb9f1f7-4e3b-4bcf-a7e7-c7ddcac09d11@group-D97743807C2E-LeaderElection3] INFO  server.RaftServerConfigKeys (ConfUtils.java:logGet(46)) - raft.server.log.appender.buffer.byte-limit = 33554432 (custom)
2023-04-22 02:18:20,479 [4fb9f1f7-4e3b-4bcf-a7e7-c7ddcac09d11@group-D97743807C2E-LeaderElection3] INFO  server.RaftServerConfigKeys (ConfUtils.java:logGet(46)) - raft.server.log.appender.buffer.element-limit = 1 (custom)
2023-04-22 02:18:20,484 [4fb9f1f7-4e3b-4bcf-a7e7-c7ddcac09d11@group-D97743807C2E-LeaderElection3] INFO  grpc.GrpcConfigKeys (ConfUtils.java:logGet(46)) - raft.grpc.server.leader.outstanding.appends.max = 128 (default)
2023-04-22 02:18:20,484 [4fb9f1f7-4e3b-4bcf-a7e7-c7ddcac09d11@group-D97743807C2E-LeaderElection3] INFO  server.RaftServerConfigKeys (ConfUtils.java:logGet(46)) - raft.server.rpc.request.timeout = 3000ms (default)
2023-04-22 02:18:20,484 [4fb9f1f7-4e3b-4bcf-a7e7-c7ddcac09d11@group-D97743807C2E-LeaderElection3] INFO  server.RaftServerConfigKeys (ConfUtils.java:logGet(46)) - raft.server.log.appender.install.snapshot.enabled = false (custom)
2023-04-22 02:18:20,484 [4fb9f1f7-4e3b-4bcf-a7e7-c7ddcac09d11@group-D97743807C2E-LeaderElection3] INFO  grpc.GrpcConfigKeys (ConfUtils.java:logGet(46)) - raft.grpc.server.heartbeat.channel = true (default)
2023-04-22 02:18:20,484 [4fb9f1f7-4e3b-4bcf-a7e7-c7ddcac09d11@group-D97743807C2E-LeaderElection3] INFO  server.RaftServerConfigKeys (ConfUtils.java:logGet(46)) - raft.server.log.appender.wait-time.min = 10ms (default)
2023-04-22 02:18:20,486 [4fb9f1f7-4e3b-4bcf-a7e7-c7ddcac09d11@group-D97743807C2E-LeaderElection3] INFO  server.RaftServerConfigKeys (ConfUtils.java:logGet(46)) - raft.server.log.appender.snapshot.chunk.size.max = 16MB (=16777216) (default)
2023-04-22 02:18:20,486 [4fb9f1f7-4e3b-4bcf-a7e7-c7ddcac09d11@group-D97743807C2E-LeaderElection3] INFO  server.RaftServerConfigKeys (ConfUtils.java:logGet(46)) - raft.server.log.appender.buffer.byte-limit = 33554432 (custom)
2023-04-22 02:18:20,487 [4fb9f1f7-4e3b-4bcf-a7e7-c7ddcac09d11@group-D97743807C2E-LeaderElection3] INFO  server.RaftServerConfigKeys (ConfUtils.java:logGet(46)) - raft.server.log.appender.buffer.element-limit = 1 (custom)
2023-04-22 02:18:20,487 [4fb9f1f7-4e3b-4bcf-a7e7-c7ddcac09d11@group-D97743807C2E-LeaderElection3] INFO  grpc.GrpcConfigKeys (ConfUtils.java:logGet(46)) - raft.grpc.server.leader.outstanding.appends.max = 128 (default)
2023-04-22 02:18:20,487 [4fb9f1f7-4e3b-4bcf-a7e7-c7ddcac09d11@group-D97743807C2E-LeaderElection3] INFO  server.RaftServerConfigKeys (ConfUtils.java:logGet(46)) - raft.server.rpc.request.timeout = 3000ms (default)
2023-04-22 02:18:20,487 [4fb9f1f7-4e3b-4bcf-a7e7-c7ddcac09d11@group-D97743807C2E-LeaderElection3] INFO  server.RaftServerConfigKeys (ConfUtils.java:logGet(46)) - raft.server.log.appender.install.snapshot.enabled = false (custom)
2023-04-22 02:18:20,487 [4fb9f1f7-4e3b-4bcf-a7e7-c7ddcac09d11@group-D97743807C2E-LeaderElection3] INFO  grpc.GrpcConfigKeys (ConfUtils.java:logGet(46)) - raft.grpc.server.heartbeat.channel = true (default)
2023-04-22 02:18:20,487 [4fb9f1f7-4e3b-4bcf-a7e7-c7ddcac09d11@group-D97743807C2E-LeaderElection3] INFO  server.RaftServerConfigKeys (ConfUtils.java:logGet(46)) - raft.server.log.appender.wait-time.min = 10ms (default)
2023-04-22 02:18:20,488 [4fb9f1f7-4e3b-4bcf-a7e7-c7ddcac09d11@group-D97743807C2E-LeaderElection3] INFO  impl.RoleInfo (RoleInfo.java:updateAndGet(139)) - 4fb9f1f7-4e3b-4bcf-a7e7-c7ddcac09d11: start 4fb9f1f7-4e3b-4bcf-a7e7-c7ddcac09d11@group-D97743807C2E-LeaderStateImpl
2023-04-22 02:18:20,489 [4fb9f1f7-4e3b-4bcf-a7e7-c7ddcac09d11@group-D97743807C2E-LeaderElection3] INFO  segmented.SegmentedRaftLogWorker (SegmentedRaftLogWorker.java:startLogSegment(452)) - 4fb9f1f7-4e3b-4bcf-a7e7-c7ddcac09d11@group-D97743807C2E-SegmentedRaftLogWorker: Starting segment from index:0
2023-04-22 02:18:20,490 [4fb9f1f7-4e3b-4bcf-a7e7-c7ddcac09d11@group-D97743807C2E-SegmentedRaftLogWorker] INFO  segmented.SegmentedRaftLogWorker (SegmentedRaftLogWorker.java:execute(656)) - 4fb9f1f7-4e3b-4bcf-a7e7-c7ddcac09d11@group-D97743807C2E-SegmentedRaftLogWorker: created new log segment /home/runner/work/ozone/ozone/hadoop-ozone/integration-test/target/test-dir/MiniOzoneClusterImpl-b640deff-6994-498f-92ea-4ac5c972f0d8/datanode-0/data/ratis/49d433d1-3766-4605-956b-d97743807c2e/current/log_inprogress_0
2023-04-22 02:18:20,517 [4fb9f1f7-4e3b-4bcf-a7e7-c7ddcac09d11@group-D97743807C2E-LeaderElection3] INFO  server.RaftServer$Division (ServerState.java:setRaftConf(430)) - 4fb9f1f7-4e3b-4bcf-a7e7-c7ddcac09d11@group-D97743807C2E: set configuration 0: peers:[6aaf5ca8-0737-4296-ba95-7f0e9402c55b|rpc:10.1.0.20:37225|dataStream:10.1.0.20:33711|priority:0|startupRole:FOLLOWER, 4fb9f1f7-4e3b-4bcf-a7e7-c7ddcac09d11|rpc:10.1.0.20:44181|dataStream:10.1.0.20:37741|priority:1|startupRole:FOLLOWER, 44aa5787-a9ca-4d27-a88e-9069c8f4547b|rpc:10.1.0.20:46431|dataStream:10.1.0.20:44789|priority:0|startupRole:FOLLOWER]|listeners:[], old=null
2023-04-22 02:18:20,524 [4fb9f1f7-4e3b-4bcf-a7e7-c7ddcac09d11@group-D97743807C2E-StateMachineUpdater] INFO  ratis.ContainerStateMachine (ContainerStateMachine.java:takeSnapshot(330)) - group-D97743807C2E: Taking a snapshot at:(t:1, i:0) file /home/runner/work/ozone/ozone/hadoop-ozone/integration-test/target/test-dir/MiniOzoneClusterImpl-b640deff-6994-498f-92ea-4ac5c972f0d8/datanode-0/data/ratis/49d433d1-3766-4605-956b-d97743807c2e/sm/snapshot.1_0
2023-04-22 02:18:20,525 [4fb9f1f7-4e3b-4bcf-a7e7-c7ddcac09d11@group-D97743807C2E-StateMachineUpdater] INFO  ratis.ContainerStateMachine (ContainerStateMachine.java:takeSnapshot(341)) - group-D97743807C2E: Finished taking a snapshot at:(t:1, i:0) file:/home/runner/work/ozone/ozone/hadoop-ozone/integration-test/target/test-dir/MiniOzoneClusterImpl-b640deff-6994-498f-92ea-4ac5c972f0d8/datanode-0/data/ratis/49d433d1-3766-4605-956b-d97743807c2e/sm/snapshot.1_0 took: 1 ms
2023-04-22 02:18:20,526 [4fb9f1f7-4e3b-4bcf-a7e7-c7ddcac09d11@group-D97743807C2E-StateMachineUpdater] INFO  impl.StateMachineUpdater (StateMachineUpdater.java:takeSnapshot(287)) - 4fb9f1f7-4e3b-4bcf-a7e7-c7ddcac09d11@group-D97743807C2E-StateMachineUpdater: Took a snapshot at index 0
2023-04-22 02:18:20,543 [4fb9f1f7-4e3b-4bcf-a7e7-c7ddcac09d11@group-D97743807C2E-StateMachineUpdater] INFO  impl.StateMachineUpdater (StateMachineUpdater.java:lambda$new$0(92)) - 4fb9f1f7-4e3b-4bcf-a7e7-c7ddcac09d11@group-D97743807C2E-StateMachineUpdater: snapshotIndex: updateIncreasingly -1 -> 0
2023-04-22 02:18:20,575 [44aa5787-a9ca-4d27-a88e-9069c8f4547b-server-thread1] INFO  ratis.XceiverServerRatis (XceiverServerRatis.java:handleLeaderChangedNotification(904)) - Leader change notification received for group: group-D97743807C2E with new leaderId: 4fb9f1f7-4e3b-4bcf-a7e7-c7ddcac09d11
2023-04-22 02:18:20,575 [44aa5787-a9ca-4d27-a88e-9069c8f4547b-server-thread1] INFO  server.RaftServer$Division (ServerState.java:setLeader(313)) - 44aa5787-a9ca-4d27-a88e-9069c8f4547b@group-D97743807C2E: change Leader from null to 4fb9f1f7-4e3b-4bcf-a7e7-c7ddcac09d11 at term 1 for appendEntries, leader elected after 4924ms
2023-04-22 02:18:20,577 [6aaf5ca8-0737-4296-ba95-7f0e9402c55b-server-thread1] INFO  ratis.XceiverServerRatis (XceiverServerRatis.java:handleLeaderChangedNotification(904)) - Leader change notification received for group: group-D97743807C2E with new leaderId: 4fb9f1f7-4e3b-4bcf-a7e7-c7ddcac09d11
2023-04-22 02:18:20,577 [6aaf5ca8-0737-4296-ba95-7f0e9402c55b-server-thread1] INFO  server.RaftServer$Division (ServerState.java:setLeader(313)) - 6aaf5ca8-0737-4296-ba95-7f0e9402c55b@group-D97743807C2E: change Leader from null to 4fb9f1f7-4e3b-4bcf-a7e7-c7ddcac09d11 at term 1 for appendEntries, leader elected after 4814ms
2023-04-22 02:18:20,588 [44aa5787-a9ca-4d27-a88e-9069c8f4547b-server-thread1] INFO  server.RaftServer$Division (ServerState.java:setRaftConf(430)) - 44aa5787-a9ca-4d27-a88e-9069c8f4547b@group-D97743807C2E: set configuration 0: peers:[6aaf5ca8-0737-4296-ba95-7f0e9402c55b|rpc:10.1.0.20:37225|dataStream:10.1.0.20:33711|priority:0|startupRole:FOLLOWER, 4fb9f1f7-4e3b-4bcf-a7e7-c7ddcac09d11|rpc:10.1.0.20:44181|dataStream:10.1.0.20:37741|priority:1|startupRole:FOLLOWER, 44aa5787-a9ca-4d27-a88e-9069c8f4547b|rpc:10.1.0.20:46431|dataStream:10.1.0.20:44789|priority:0|startupRole:FOLLOWER]|listeners:[], old=null
2023-04-22 02:18:20,588 [44aa5787-a9ca-4d27-a88e-9069c8f4547b-server-thread1] INFO  segmented.SegmentedRaftLogWorker (SegmentedRaftLogWorker.java:startLogSegment(452)) - 44aa5787-a9ca-4d27-a88e-9069c8f4547b@group-D97743807C2E-SegmentedRaftLogWorker: Starting segment from index:0
2023-04-22 02:18:20,589 [6aaf5ca8-0737-4296-ba95-7f0e9402c55b-server-thread1] INFO  server.RaftServer$Division (ServerState.java:setRaftConf(430)) - 6aaf5ca8-0737-4296-ba95-7f0e9402c55b@group-D97743807C2E: set configuration 0: peers:[6aaf5ca8-0737-4296-ba95-7f0e9402c55b|rpc:10.1.0.20:37225|dataStream:10.1.0.20:33711|priority:0|startupRole:FOLLOWER, 4fb9f1f7-4e3b-4bcf-a7e7-c7ddcac09d11|rpc:10.1.0.20:44181|dataStream:10.1.0.20:37741|priority:1|startupRole:FOLLOWER, 44aa5787-a9ca-4d27-a88e-9069c8f4547b|rpc:10.1.0.20:46431|dataStream:10.1.0.20:44789|priority:0|startupRole:FOLLOWER]|listeners:[], old=null
2023-04-22 02:18:20,589 [6aaf5ca8-0737-4296-ba95-7f0e9402c55b-server-thread1] INFO  segmented.SegmentedRaftLogWorker (SegmentedRaftLogWorker.java:startLogSegment(452)) - 6aaf5ca8-0737-4296-ba95-7f0e9402c55b@group-D97743807C2E-SegmentedRaftLogWorker: Starting segment from index:0
2023-04-22 02:18:20,594 [44aa5787-a9ca-4d27-a88e-9069c8f4547b@group-D97743807C2E-SegmentedRaftLogWorker] INFO  segmented.SegmentedRaftLogWorker (SegmentedRaftLogWorker.java:execute(656)) - 44aa5787-a9ca-4d27-a88e-9069c8f4547b@group-D97743807C2E-SegmentedRaftLogWorker: created new log segment /home/runner/work/ozone/ozone/hadoop-ozone/integration-test/target/test-dir/MiniOzoneClusterImpl-b640deff-6994-498f-92ea-4ac5c972f0d8/datanode-1/data/ratis/49d433d1-3766-4605-956b-d97743807c2e/current/log_inprogress_0
2023-04-22 02:18:20,594 [6aaf5ca8-0737-4296-ba95-7f0e9402c55b@group-D97743807C2E-SegmentedRaftLogWorker] INFO  segmented.SegmentedRaftLogWorker (SegmentedRaftLogWorker.java:execute(656)) - 6aaf5ca8-0737-4296-ba95-7f0e9402c55b@group-D97743807C2E-SegmentedRaftLogWorker: created new log segment /home/runner/work/ozone/ozone/hadoop-ozone/integration-test/target/test-dir/MiniOzoneClusterImpl-b640deff-6994-498f-92ea-4ac5c972f0d8/datanode-2/data/ratis/49d433d1-3766-4605-956b-d97743807c2e/current/log_inprogress_0
2023-04-22 02:18:20,598 [6aaf5ca8-0737-4296-ba95-7f0e9402c55b@group-D97743807C2E-StateMachineUpdater] INFO  ratis.ContainerStateMachine (ContainerStateMachine.java:takeSnapshot(330)) - group-D97743807C2E: Taking a snapshot at:(t:1, i:0) file /home/runner/work/ozone/ozone/hadoop-ozone/integration-test/target/test-dir/MiniOzoneClusterImpl-b640deff-6994-498f-92ea-4ac5c972f0d8/datanode-2/data/ratis/49d433d1-3766-4605-956b-d97743807c2e/sm/snapshot.1_0
2023-04-22 02:18:20,598 [44aa5787-a9ca-4d27-a88e-9069c8f4547b@group-D97743807C2E-StateMachineUpdater] INFO  ratis.ContainerStateMachine (ContainerStateMachine.java:takeSnapshot(330)) - group-D97743807C2E: Taking a snapshot at:(t:1, i:0) file /home/runner/work/ozone/ozone/hadoop-ozone/integration-test/target/test-dir/MiniOzoneClusterImpl-b640deff-6994-498f-92ea-4ac5c972f0d8/datanode-1/data/ratis/49d433d1-3766-4605-956b-d97743807c2e/sm/snapshot.1_0
2023-04-22 02:18:20,601 [44aa5787-a9ca-4d27-a88e-9069c8f4547b@group-D97743807C2E-StateMachineUpdater] INFO  ratis.ContainerStateMachine (ContainerStateMachine.java:takeSnapshot(341)) - group-D97743807C2E: Finished taking a snapshot at:(t:1, i:0) file:/home/runner/work/ozone/ozone/hadoop-ozone/integration-test/target/test-dir/MiniOzoneClusterImpl-b640deff-6994-498f-92ea-4ac5c972f0d8/datanode-1/data/ratis/49d433d1-3766-4605-956b-d97743807c2e/sm/snapshot.1_0 took: 3 ms
2023-04-22 02:18:20,601 [44aa5787-a9ca-4d27-a88e-9069c8f4547b@group-D97743807C2E-StateMachineUpdater] INFO  impl.StateMachineUpdater (StateMachineUpdater.java:takeSnapshot(287)) - 44aa5787-a9ca-4d27-a88e-9069c8f4547b@group-D97743807C2E-StateMachineUpdater: Took a snapshot at index 0
2023-04-22 02:18:20,601 [44aa5787-a9ca-4d27-a88e-9069c8f4547b@group-D97743807C2E-StateMachineUpdater] INFO  impl.StateMachineUpdater (StateMachineUpdater.java:lambda$new$0(92)) - 44aa5787-a9ca-4d27-a88e-9069c8f4547b@group-D97743807C2E-StateMachineUpdater: snapshotIndex: updateIncreasingly -1 -> 0
2023-04-22 02:18:20,602 [6aaf5ca8-0737-4296-ba95-7f0e9402c55b@group-D97743807C2E-StateMachineUpdater] INFO  ratis.ContainerStateMachine (ContainerStateMachine.java:takeSnapshot(341)) - group-D97743807C2E: Finished taking a snapshot at:(t:1, i:0) file:/home/runner/work/ozone/ozone/hadoop-ozone/integration-test/target/test-dir/MiniOzoneClusterImpl-b640deff-6994-498f-92ea-4ac5c972f0d8/datanode-2/data/ratis/49d433d1-3766-4605-956b-d97743807c2e/sm/snapshot.1_0 took: 4 ms
2023-04-22 02:18:20,602 [6aaf5ca8-0737-4296-ba95-7f0e9402c55b@group-D97743807C2E-StateMachineUpdater] INFO  impl.StateMachineUpdater (StateMachineUpdater.java:takeSnapshot(287)) - 6aaf5ca8-0737-4296-ba95-7f0e9402c55b@group-D97743807C2E-StateMachineUpdater: Took a snapshot at index 0
2023-04-22 02:18:20,602 [6aaf5ca8-0737-4296-ba95-7f0e9402c55b@group-D97743807C2E-StateMachineUpdater] INFO  impl.StateMachineUpdater (StateMachineUpdater.java:lambda$new$0(92)) - 6aaf5ca8-0737-4296-ba95-7f0e9402c55b@group-D97743807C2E-StateMachineUpdater: snapshotIndex: updateIncreasingly -1 -> 0
2023-04-22 02:18:20,891 [44aa5787-a9ca-4d27-a88e-9069c8f4547b@group-D4D495DF8B74-FollowerState] INFO  impl.FollowerState (FollowerState.java:run(143)) - 44aa5787-a9ca-4d27-a88e-9069c8f4547b@group-D4D495DF8B74-FollowerState: change to CANDIDATE, lastRpcElapsedTime:5012092666ns, electionTimeout:5011ms
2023-04-22 02:18:20,891 [44aa5787-a9ca-4d27-a88e-9069c8f4547b@group-D4D495DF8B74-FollowerState] INFO  impl.RoleInfo (RoleInfo.java:shutdownFollowerState(110)) - 44aa5787-a9ca-4d27-a88e-9069c8f4547b: shutdown 44aa5787-a9ca-4d27-a88e-9069c8f4547b@group-D4D495DF8B74-FollowerState
2023-04-22 02:18:20,891 [44aa5787-a9ca-4d27-a88e-9069c8f4547b@group-D4D495DF8B74-FollowerState] INFO  server.RaftServer$Division (RaftServerImpl.java:setRole(321)) - 44aa5787-a9ca-4d27-a88e-9069c8f4547b@group-D4D495DF8B74: changes role from  FOLLOWER to CANDIDATE at term 0 for changeToCandidate
2023-04-22 02:18:20,894 [44aa5787-a9ca-4d27-a88e-9069c8f4547b@group-D4D495DF8B74-FollowerState] INFO  server.RaftServerConfigKeys (ConfUtils.java:logGet(46)) - raft.server.leaderelection.pre-vote = true (default)
2023-04-22 02:18:20,894 [44aa5787-a9ca-4d27-a88e-9069c8f4547b@group-D4D495DF8B74-FollowerState] INFO  impl.RoleInfo (RoleInfo.java:updateAndGet(139)) - 44aa5787-a9ca-4d27-a88e-9069c8f4547b: start 44aa5787-a9ca-4d27-a88e-9069c8f4547b@group-D4D495DF8B74-LeaderElection4
2023-04-22 02:18:20,900 [44aa5787-a9ca-4d27-a88e-9069c8f4547b@group-D4D495DF8B74-LeaderElection4] INFO  impl.LeaderElection (LeaderElection.java:askForVotes(312)) - 44aa5787-a9ca-4d27-a88e-9069c8f4547b@group-D4D495DF8B74-LeaderElection4 PRE_VOTE round 0: submit vote requests at term 0 for -1: peers:[6aaf5ca8-0737-4296-ba95-7f0e9402c55b|rpc:10.1.0.20:37225|dataStream:10.1.0.20:33711|priority:1|startupRole:FOLLOWER, 4fb9f1f7-4e3b-4bcf-a7e7-c7ddcac09d11|rpc:10.1.0.20:44181|dataStream:10.1.0.20:37741|priority:0|startupRole:FOLLOWER, 44aa5787-a9ca-4d27-a88e-9069c8f4547b|rpc:10.1.0.20:46431|dataStream:10.1.0.20:44789|priority:0|startupRole:FOLLOWER]|listeners:[], old=null
2023-04-22 02:18:20,901 [44aa5787-a9ca-4d27-a88e-9069c8f4547b@group-D4D495DF8B74-LeaderElection4] INFO  server.RaftServerConfigKeys (ConfUtils.java:logFallback(53)) - raft.server.rpc.first-election.timeout.min = 5s (fallback to raft.server.rpc.timeout.min)
2023-04-22 02:18:20,901 [44aa5787-a9ca-4d27-a88e-9069c8f4547b@group-D4D495DF8B74-LeaderElection4] INFO  server.RaftServerConfigKeys (ConfUtils.java:logFallback(53)) - raft.server.rpc.first-election.timeout.max = 5200ms (fallback to raft.server.rpc.timeout.max)
2023-04-22 02:18:20,901 [44aa5787-a9ca-4d27-a88e-9069c8f4547b@group-D4D495DF8B74-LeaderElection4-2] INFO  server.GrpcServerProtocolClient (GrpcServerProtocolClient.java:<init>(63)) - Build channel for 4fb9f1f7-4e3b-4bcf-a7e7-c7ddcac09d11
2023-04-22 02:18:20,901 [44aa5787-a9ca-4d27-a88e-9069c8f4547b@group-D4D495DF8B74-LeaderElection4-1] INFO  server.GrpcServerProtocolClient (GrpcServerProtocolClient.java:<init>(63)) - Build channel for 6aaf5ca8-0737-4296-ba95-7f0e9402c55b
2023-04-22 02:18:20,912 [grpc-default-executor-0] INFO  server.RaftServer$Division (RaftServerImpl.java:requestVote(1218)) - 4fb9f1f7-4e3b-4bcf-a7e7-c7ddcac09d11@group-D4D495DF8B74: receive requestVote(PRE_VOTE, 44aa5787-a9ca-4d27-a88e-9069c8f4547b, group-D4D495DF8B74, 0, (t:0, i:0))
2023-04-22 02:18:20,912 [grpc-default-executor-0] INFO  impl.VoteContext (VoteContext.java:log(49)) - 4fb9f1f7-4e3b-4bcf-a7e7-c7ddcac09d11@group-D4D495DF8B74-FOLLOWER: accept PRE_VOTE from 44aa5787-a9ca-4d27-a88e-9069c8f4547b: our priority 0 <= candidate's priority 0
2023-04-22 02:18:20,912 [grpc-default-executor-0] INFO  server.RaftServer$Division (RaftServerImpl.java:requestVote(1251)) - 4fb9f1f7-4e3b-4bcf-a7e7-c7ddcac09d11@group-D4D495DF8B74 replies to PRE_VOTE vote request: 44aa5787-a9ca-4d27-a88e-9069c8f4547b<-4fb9f1f7-4e3b-4bcf-a7e7-c7ddcac09d11#0:OK-t0. Peer's state: 4fb9f1f7-4e3b-4bcf-a7e7-c7ddcac09d11@group-D4D495DF8B74:t0, leader=null, voted=, raftlog=Memoized:4fb9f1f7-4e3b-4bcf-a7e7-c7ddcac09d11@group-D4D495DF8B74-SegmentedRaftLog:OPENED:c-1, conf=-1: peers:[6aaf5ca8-0737-4296-ba95-7f0e9402c55b|rpc:10.1.0.20:37225|dataStream:10.1.0.20:33711|priority:1|startupRole:FOLLOWER, 4fb9f1f7-4e3b-4bcf-a7e7-c7ddcac09d11|rpc:10.1.0.20:44181|dataStream:10.1.0.20:37741|priority:0|startupRole:FOLLOWER, 44aa5787-a9ca-4d27-a88e-9069c8f4547b|rpc:10.1.0.20:46431|dataStream:10.1.0.20:44789|priority:0|startupRole:FOLLOWER]|listeners:[], old=null
2023-04-22 02:18:20,913 [Listener at 127.0.0.1/41793] INFO  ozone.MiniOzoneClusterImpl (MiniOzoneClusterImpl.java:lambda$waitForClusterToBeReady$0(223)) - Nodes are ready. Got 10 of 10 DN Heartbeats.
2023-04-22 02:18:20,913 [Listener at 127.0.0.1/41793] INFO  ozone.MiniOzoneClusterImpl (MiniOzoneClusterImpl.java:lambda$waitForClusterToBeReady$0(226)) - Cluster exits safe mode
2023-04-22 02:18:20,913 [Listener at 127.0.0.1/41793] INFO  ozone.MiniOzoneClusterImpl (MiniOzoneClusterImpl.java:lambda$waitForClusterToBeReady$0(228)) - SCM became leader
2023-04-22 02:18:20,918 [grpc-default-executor-0] INFO  server.RaftServer$Division (RaftServerImpl.java:requestVote(1218)) - 6aaf5ca8-0737-4296-ba95-7f0e9402c55b@group-D4D495DF8B74: receive requestVote(PRE_VOTE, 44aa5787-a9ca-4d27-a88e-9069c8f4547b, group-D4D495DF8B74, 0, (t:0, i:0))
2023-04-22 02:18:20,918 [grpc-default-executor-0] INFO  impl.VoteContext (VoteContext.java:log(49)) - 6aaf5ca8-0737-4296-ba95-7f0e9402c55b@group-D4D495DF8B74-FOLLOWER: reject PRE_VOTE from 44aa5787-a9ca-4d27-a88e-9069c8f4547b: our priority 1 > candidate's priority 0
2023-04-22 02:18:20,918 [grpc-default-executor-0] INFO  server.RaftServer$Division (RaftServerImpl.java:requestVote(1251)) - 6aaf5ca8-0737-4296-ba95-7f0e9402c55b@group-D4D495DF8B74 replies to PRE_VOTE vote request: 44aa5787-a9ca-4d27-a88e-9069c8f4547b<-6aaf5ca8-0737-4296-ba95-7f0e9402c55b#0:FAIL-t0. Peer's state: 6aaf5ca8-0737-4296-ba95-7f0e9402c55b@group-D4D495DF8B74:t0, leader=null, voted=, raftlog=Memoized:6aaf5ca8-0737-4296-ba95-7f0e9402c55b@group-D4D495DF8B74-SegmentedRaftLog:OPENED:c-1, conf=-1: peers:[6aaf5ca8-0737-4296-ba95-7f0e9402c55b|rpc:10.1.0.20:37225|dataStream:10.1.0.20:33711|priority:1|startupRole:FOLLOWER, 4fb9f1f7-4e3b-4bcf-a7e7-c7ddcac09d11|rpc:10.1.0.20:44181|dataStream:10.1.0.20:37741|priority:0|startupRole:FOLLOWER, 44aa5787-a9ca-4d27-a88e-9069c8f4547b|rpc:10.1.0.20:46431|dataStream:10.1.0.20:44789|priority:0|startupRole:FOLLOWER]|listeners:[], old=null
2023-04-22 02:18:20,924 [44aa5787-a9ca-4d27-a88e-9069c8f4547b@group-D4D495DF8B74-LeaderElection4] INFO  impl.LeaderElection (LeaderElection.java:logAndReturn(90)) - 44aa5787-a9ca-4d27-a88e-9069c8f4547b@group-D4D495DF8B74-LeaderElection4: PRE_VOTE REJECTED received 2 response(s) and 0 exception(s):
2023-04-22 02:18:20,925 [44aa5787-a9ca-4d27-a88e-9069c8f4547b@group-D4D495DF8B74-LeaderElection4] INFO  impl.LeaderElection (LeaderElection.java:logAndReturn(94)) -   Response 0: 44aa5787-a9ca-4d27-a88e-9069c8f4547b<-6aaf5ca8-0737-4296-ba95-7f0e9402c55b#0:FAIL-t0
2023-04-22 02:18:20,925 [44aa5787-a9ca-4d27-a88e-9069c8f4547b@group-D4D495DF8B74-LeaderElection4] INFO  impl.LeaderElection (LeaderElection.java:logAndReturn(94)) -   Response 1: 44aa5787-a9ca-4d27-a88e-9069c8f4547b<-4fb9f1f7-4e3b-4bcf-a7e7-c7ddcac09d11#0:OK-t0
2023-04-22 02:18:20,925 [44aa5787-a9ca-4d27-a88e-9069c8f4547b@group-D4D495DF8B74-LeaderElection4] INFO  impl.LeaderElection (LeaderElection.java:askForVotes(314)) - 44aa5787-a9ca-4d27-a88e-9069c8f4547b@group-D4D495DF8B74-LeaderElection4 PRE_VOTE round 0: result REJECTED
2023-04-22 02:18:20,925 [44aa5787-a9ca-4d27-a88e-9069c8f4547b@group-D4D495DF8B74-LeaderElection4] INFO  server.RaftServer$Division (RaftServerImpl.java:setRole(321)) - 44aa5787-a9ca-4d27-a88e-9069c8f4547b@group-D4D495DF8B74: changes role from CANDIDATE to FOLLOWER at term 0 for REJECTED
2023-04-22 02:18:20,925 [44aa5787-a9ca-4d27-a88e-9069c8f4547b@group-D4D495DF8B74-LeaderElection4] INFO  impl.RoleInfo (RoleInfo.java:shutdownLeaderElection(130)) - 44aa5787-a9ca-4d27-a88e-9069c8f4547b: shutdown 44aa5787-a9ca-4d27-a88e-9069c8f4547b@group-D4D495DF8B74-LeaderElection4
2023-04-22 02:18:20,925 [44aa5787-a9ca-4d27-a88e-9069c8f4547b@group-D4D495DF8B74-LeaderElection4] INFO  impl.RoleInfo (RoleInfo.java:updateAndGet(139)) - 44aa5787-a9ca-4d27-a88e-9069c8f4547b: start 44aa5787-a9ca-4d27-a88e-9069c8f4547b@group-D4D495DF8B74-FollowerState
2023-04-22 02:18:20,931 [44aa5787-a9ca-4d27-a88e-9069c8f4547b@group-D4D495DF8B74-FollowerState] INFO  server.RaftServerConfigKeys (ConfUtils.java:logFallback(53)) - raft.server.rpc.first-election.timeout.min = 5s (fallback to raft.server.rpc.timeout.min)
2023-04-22 02:18:20,931 [44aa5787-a9ca-4d27-a88e-9069c8f4547b@group-D4D495DF8B74-FollowerState] INFO  server.RaftServerConfigKeys (ConfUtils.java:logFallback(53)) - raft.server.rpc.first-election.timeout.max = 5200ms (fallback to raft.server.rpc.timeout.max)
2023-04-22 02:18:20,935 [44aa5787-a9ca-4d27-a88e-9069c8f4547b@group-273C15EB47F3-FollowerState] INFO  impl.FollowerState (FollowerState.java:run(143)) - 44aa5787-a9ca-4d27-a88e-9069c8f4547b@group-273C15EB47F3-FollowerState: change to CANDIDATE, lastRpcElapsedTime:5105229145ns, electionTimeout:5104ms
2023-04-22 02:18:20,935 [44aa5787-a9ca-4d27-a88e-9069c8f4547b@group-273C15EB47F3-FollowerState] INFO  impl.RoleInfo (RoleInfo.java:shutdownFollowerState(110)) - 44aa5787-a9ca-4d27-a88e-9069c8f4547b: shutdown 44aa5787-a9ca-4d27-a88e-9069c8f4547b@group-273C15EB47F3-FollowerState
2023-04-22 02:18:20,935 [44aa5787-a9ca-4d27-a88e-9069c8f4547b@group-273C15EB47F3-FollowerState] INFO  server.RaftServer$Division (RaftServerImpl.java:setRole(321)) - 44aa5787-a9ca-4d27-a88e-9069c8f4547b@group-273C15EB47F3: changes role from  FOLLOWER to CANDIDATE at term 0 for changeToCandidate
2023-04-22 02:18:20,935 [44aa5787-a9ca-4d27-a88e-9069c8f4547b@group-273C15EB47F3-FollowerState] INFO  server.RaftServerConfigKeys (ConfUtils.java:logGet(46)) - raft.server.leaderelection.pre-vote = true (default)
2023-04-22 02:18:20,935 [44aa5787-a9ca-4d27-a88e-9069c8f4547b@group-273C15EB47F3-FollowerState] INFO  impl.RoleInfo (RoleInfo.java:updateAndGet(139)) - 44aa5787-a9ca-4d27-a88e-9069c8f4547b: start 44aa5787-a9ca-4d27-a88e-9069c8f4547b@group-273C15EB47F3-LeaderElection5
2023-04-22 02:18:20,937 [44aa5787-a9ca-4d27-a88e-9069c8f4547b@group-273C15EB47F3-LeaderElection5] INFO  impl.LeaderElection (LeaderElection.java:askForVotes(312)) - 44aa5787-a9ca-4d27-a88e-9069c8f4547b@group-273C15EB47F3-LeaderElection5 PRE_VOTE round 0: submit vote requests at term 0 for -1: peers:[44aa5787-a9ca-4d27-a88e-9069c8f4547b|rpc:10.1.0.20:46431|dataStream:10.1.0.20:44789|priority:1|startupRole:FOLLOWER]|listeners:[], old=null
2023-04-22 02:18:20,937 [44aa5787-a9ca-4d27-a88e-9069c8f4547b@group-273C15EB47F3-LeaderElection5] INFO  impl.LeaderElection (LeaderElection.java:askForVotes(314)) - 44aa5787-a9ca-4d27-a88e-9069c8f4547b@group-273C15EB47F3-LeaderElection5 PRE_VOTE round 0: result PASSED (term=0)
2023-04-22 02:18:20,938 [44aa5787-a9ca-4d27-a88e-9069c8f4547b@group-273C15EB47F3-LeaderElection5] INFO  impl.LeaderElection (LeaderElection.java:askForVotes(312)) - 44aa5787-a9ca-4d27-a88e-9069c8f4547b@group-273C15EB47F3-LeaderElection5 ELECTION round 0: submit vote requests at term 1 for -1: peers:[44aa5787-a9ca-4d27-a88e-9069c8f4547b|rpc:10.1.0.20:46431|dataStream:10.1.0.20:44789|priority:1|startupRole:FOLLOWER]|listeners:[], old=null
2023-04-22 02:18:20,938 [44aa5787-a9ca-4d27-a88e-9069c8f4547b@group-273C15EB47F3-LeaderElection5] INFO  impl.LeaderElection (LeaderElection.java:askForVotes(314)) - 44aa5787-a9ca-4d27-a88e-9069c8f4547b@group-273C15EB47F3-LeaderElection5 ELECTION round 0: result PASSED (term=1)
2023-04-22 02:18:20,938 [44aa5787-a9ca-4d27-a88e-9069c8f4547b@group-273C15EB47F3-LeaderElection5] INFO  impl.RoleInfo (RoleInfo.java:shutdownLeaderElection(130)) - 44aa5787-a9ca-4d27-a88e-9069c8f4547b: shutdown 44aa5787-a9ca-4d27-a88e-9069c8f4547b@group-273C15EB47F3-LeaderElection5
2023-04-22 02:18:20,938 [44aa5787-a9ca-4d27-a88e-9069c8f4547b@group-273C15EB47F3-LeaderElection5] INFO  server.RaftServer$Division (RaftServerImpl.java:setRole(321)) - 44aa5787-a9ca-4d27-a88e-9069c8f4547b@group-273C15EB47F3: changes role from CANDIDATE to LEADER at term 1 for changeToLeader
2023-04-22 02:18:20,938 [44aa5787-a9ca-4d27-a88e-9069c8f4547b@group-273C15EB47F3-LeaderElection5] INFO  ratis.XceiverServerRatis (XceiverServerRatis.java:handleLeaderChangedNotification(904)) - Leader change notification received for group: group-273C15EB47F3 with new leaderId: 44aa5787-a9ca-4d27-a88e-9069c8f4547b
2023-04-22 02:18:20,939 [44aa5787-a9ca-4d27-a88e-9069c8f4547b@group-273C15EB47F3-LeaderElection5] INFO  server.RaftServer$Division (ServerState.java:setLeader(313)) - 44aa5787-a9ca-4d27-a88e-9069c8f4547b@group-273C15EB47F3: change Leader from null to 44aa5787-a9ca-4d27-a88e-9069c8f4547b at term 1 for becomeLeader, leader elected after 5133ms
2023-04-22 02:18:20,939 [44aa5787-a9ca-4d27-a88e-9069c8f4547b@group-273C15EB47F3-LeaderElection5] INFO  server.RaftServerConfigKeys (ConfUtils.java:logGet(46)) - raft.server.staging.catchup.gap = 1000 (default)
2023-04-22 02:18:20,939 [44aa5787-a9ca-4d27-a88e-9069c8f4547b@group-273C15EB47F3-LeaderElection5] INFO  server.RaftServerConfigKeys (ConfUtils.java:logGet(46)) - raft.server.write.element-limit = 1024 (custom)
2023-04-22 02:18:20,939 [44aa5787-a9ca-4d27-a88e-9069c8f4547b@group-273C15EB47F3-LeaderElection5] INFO  server.RaftServerConfigKeys (ConfUtils.java:logGet(46)) - raft.server.write.byte-limit = 1024 M (=1073741824) (custom)
2023-04-22 02:18:20,943 [44aa5787-a9ca-4d27-a88e-9069c8f4547b@group-273C15EB47F3-LeaderElection5] INFO  server.RaftServerConfigKeys (ConfUtils.java:logGet(46)) - raft.server.watch.timeout = 10000ms (default)
2023-04-22 02:18:20,943 [44aa5787-a9ca-4d27-a88e-9069c8f4547b@group-273C15EB47F3-LeaderElection5] INFO  server.RaftServerConfigKeys (ConfUtils.java:logGet(46)) - raft.server.watch.timeout.denomination = 1s (default)
2023-04-22 02:18:20,943 [44aa5787-a9ca-4d27-a88e-9069c8f4547b@group-273C15EB47F3-LeaderElection5] INFO  server.RaftServerConfigKeys (ConfUtils.java:logGet(46)) - raft.server.watch.element-limit = 65536 (default)
2023-04-22 02:18:20,943 [44aa5787-a9ca-4d27-a88e-9069c8f4547b@group-273C15EB47F3-LeaderElection5] INFO  server.RaftServerConfigKeys (ConfUtils.java:logGet(46)) - raft.server.write.element-limit = 1024 (custom)
2023-04-22 02:18:20,943 [44aa5787-a9ca-4d27-a88e-9069c8f4547b@group-273C15EB47F3-LeaderElection5] INFO  server.RaftServerConfigKeys (ConfUtils.java:logGet(46)) - raft.server.write.follower.gap.ratio.max = -1.0 (default)
2023-04-22 02:18:20,943 [44aa5787-a9ca-4d27-a88e-9069c8f4547b@group-273C15EB47F3-LeaderElection5] INFO  impl.RoleInfo (RoleInfo.java:updateAndGet(139)) - 44aa5787-a9ca-4d27-a88e-9069c8f4547b: start 44aa5787-a9ca-4d27-a88e-9069c8f4547b@group-273C15EB47F3-LeaderStateImpl
2023-04-22 02:18:20,943 [44aa5787-a9ca-4d27-a88e-9069c8f4547b@group-273C15EB47F3-LeaderElection5] INFO  segmented.SegmentedRaftLogWorker (SegmentedRaftLogWorker.java:startLogSegment(452)) - 44aa5787-a9ca-4d27-a88e-9069c8f4547b@group-273C15EB47F3-SegmentedRaftLogWorker: Starting segment from index:0
2023-04-22 02:18:20,945 [44aa5787-a9ca-4d27-a88e-9069c8f4547b@group-273C15EB47F3-SegmentedRaftLogWorker] INFO  segmented.SegmentedRaftLogWorker (SegmentedRaftLogWorker.java:execute(656)) - 44aa5787-a9ca-4d27-a88e-9069c8f4547b@group-273C15EB47F3-SegmentedRaftLogWorker: created new log segment /home/runner/work/ozone/ozone/hadoop-ozone/integration-test/target/test-dir/MiniOzoneClusterImpl-b640deff-6994-498f-92ea-4ac5c972f0d8/datanode-1/data/ratis/62743183-7adb-4209-96fa-273c15eb47f3/current/log_inprogress_0
2023-04-22 02:18:20,945 [44aa5787-a9ca-4d27-a88e-9069c8f4547b@group-273C15EB47F3-LeaderElection5] INFO  server.RaftServer$Division (ServerState.java:setRaftConf(430)) - 44aa5787-a9ca-4d27-a88e-9069c8f4547b@group-273C15EB47F3: set configuration 0: peers:[44aa5787-a9ca-4d27-a88e-9069c8f4547b|rpc:10.1.0.20:46431|dataStream:10.1.0.20:44789|priority:1|startupRole:FOLLOWER]|listeners:[], old=null
2023-04-22 02:18:20,948 [44aa5787-a9ca-4d27-a88e-9069c8f4547b@group-273C15EB47F3-StateMachineUpdater] INFO  ratis.ContainerStateMachine (ContainerStateMachine.java:takeSnapshot(330)) - group-273C15EB47F3: Taking a snapshot at:(t:1, i:0) file /home/runner/work/ozone/ozone/hadoop-ozone/integration-test/target/test-dir/MiniOzoneClusterImpl-b640deff-6994-498f-92ea-4ac5c972f0d8/datanode-1/data/ratis/62743183-7adb-4209-96fa-273c15eb47f3/sm/snapshot.1_0
2023-04-22 02:18:20,948 [44aa5787-a9ca-4d27-a88e-9069c8f4547b@group-273C15EB47F3-StateMachineUpdater] INFO  ratis.ContainerStateMachine (ContainerStateMachine.java:takeSnapshot(341)) - group-273C15EB47F3: Finished taking a snapshot at:(t:1, i:0) file:/home/runner/work/ozone/ozone/hadoop-ozone/integration-test/target/test-dir/MiniOzoneClusterImpl-b640deff-6994-498f-92ea-4ac5c972f0d8/datanode-1/data/ratis/62743183-7adb-4209-96fa-273c15eb47f3/sm/snapshot.1_0 took: 0 ms
2023-04-22 02:18:20,948 [44aa5787-a9ca-4d27-a88e-9069c8f4547b@group-273C15EB47F3-StateMachineUpdater] INFO  impl.StateMachineUpdater (StateMachineUpdater.java:takeSnapshot(287)) - 44aa5787-a9ca-4d27-a88e-9069c8f4547b@group-273C15EB47F3-StateMachineUpdater: Took a snapshot at index 0
2023-04-22 02:18:20,948 [44aa5787-a9ca-4d27-a88e-9069c8f4547b@group-273C15EB47F3-StateMachineUpdater] INFO  impl.StateMachineUpdater (StateMachineUpdater.java:lambda$new$0(92)) - 44aa5787-a9ca-4d27-a88e-9069c8f4547b@group-273C15EB47F3-StateMachineUpdater: snapshotIndex: updateIncreasingly -1 -> 0
2023-04-22 02:18:20,971 [4fb9f1f7-4e3b-4bcf-a7e7-c7ddcac09d11@group-D4D495DF8B74-FollowerState] INFO  server.RaftServerConfigKeys (ConfUtils.java:logFallback(53)) - raft.server.rpc.first-election.timeout.min = 5s (fallback to raft.server.rpc.timeout.min)
2023-04-22 02:18:20,971 [4fb9f1f7-4e3b-4bcf-a7e7-c7ddcac09d11@group-D4D495DF8B74-FollowerState] INFO  server.RaftServerConfigKeys (ConfUtils.java:logFallback(53)) - raft.server.rpc.first-election.timeout.max = 5200ms (fallback to raft.server.rpc.timeout.max)
2023-04-22 02:18:21,132 [6aaf5ca8-0737-4296-ba95-7f0e9402c55b@group-D4D495DF8B74-FollowerState] INFO  impl.FollowerState (FollowerState.java:run(143)) - 6aaf5ca8-0737-4296-ba95-7f0e9402c55b@group-D4D495DF8B74-FollowerState: change to CANDIDATE, lastRpcElapsedTime:5213509734ns, electionTimeout:5200ms
2023-04-22 02:18:21,132 [6aaf5ca8-0737-4296-ba95-7f0e9402c55b@group-D4D495DF8B74-FollowerState] INFO  impl.RoleInfo (RoleInfo.java:shutdownFollowerState(110)) - 6aaf5ca8-0737-4296-ba95-7f0e9402c55b: shutdown 6aaf5ca8-0737-4296-ba95-7f0e9402c55b@group-D4D495DF8B74-FollowerState
2023-04-22 02:18:21,132 [6aaf5ca8-0737-4296-ba95-7f0e9402c55b@group-D4D495DF8B74-FollowerState] INFO  server.RaftServer$Division (RaftServerImpl.java:setRole(321)) - 6aaf5ca8-0737-4296-ba95-7f0e9402c55b@group-D4D495DF8B74: changes role from  FOLLOWER to CANDIDATE at term 0 for changeToCandidate
2023-04-22 02:18:21,133 [6aaf5ca8-0737-4296-ba95-7f0e9402c55b@group-D4D495DF8B74-FollowerState] INFO  server.RaftServerConfigKeys (ConfUtils.java:logGet(46)) - raft.server.leaderelection.pre-vote = true (default)
2023-04-22 02:18:21,133 [6aaf5ca8-0737-4296-ba95-7f0e9402c55b@group-D4D495DF8B74-FollowerState] INFO  impl.RoleInfo (RoleInfo.java:updateAndGet(139)) - 6aaf5ca8-0737-4296-ba95-7f0e9402c55b: start 6aaf5ca8-0737-4296-ba95-7f0e9402c55b@group-D4D495DF8B74-LeaderElection6
2023-04-22 02:18:21,147 [6aaf5ca8-0737-4296-ba95-7f0e9402c55b@group-D4D495DF8B74-LeaderElection6] INFO  impl.LeaderElection (LeaderElection.java:askForVotes(312)) - 6aaf5ca8-0737-4296-ba95-7f0e9402c55b@group-D4D495DF8B74-LeaderElection6 PRE_VOTE round 0: submit vote requests at term 0 for -1: peers:[6aaf5ca8-0737-4296-ba95-7f0e9402c55b|rpc:10.1.0.20:37225|dataStream:10.1.0.20:33711|priority:1|startupRole:FOLLOWER, 4fb9f1f7-4e3b-4bcf-a7e7-c7ddcac09d11|rpc:10.1.0.20:44181|dataStream:10.1.0.20:37741|priority:0|startupRole:FOLLOWER, 44aa5787-a9ca-4d27-a88e-9069c8f4547b|rpc:10.1.0.20:46431|dataStream:10.1.0.20:44789|priority:0|startupRole:FOLLOWER]|listeners:[], old=null
2023-04-22 02:18:21,153 [6aaf5ca8-0737-4296-ba95-7f0e9402c55b@group-D4D495DF8B74-LeaderElection6-1] INFO  server.GrpcServerProtocolClient (GrpcServerProtocolClient.java:<init>(63)) - Build channel for 4fb9f1f7-4e3b-4bcf-a7e7-c7ddcac09d11
2023-04-22 02:18:21,179 [grpc-default-executor-0] INFO  server.RaftServer$Division (RaftServerImpl.java:requestVote(1218)) - 4fb9f1f7-4e3b-4bcf-a7e7-c7ddcac09d11@group-D4D495DF8B74: receive requestVote(PRE_VOTE, 6aaf5ca8-0737-4296-ba95-7f0e9402c55b, group-D4D495DF8B74, 0, (t:0, i:0))
2023-04-22 02:18:21,180 [grpc-default-executor-0] INFO  impl.VoteContext (VoteContext.java:log(49)) - 4fb9f1f7-4e3b-4bcf-a7e7-c7ddcac09d11@group-D4D495DF8B74-FOLLOWER: accept PRE_VOTE from 6aaf5ca8-0737-4296-ba95-7f0e9402c55b: our priority 0 <= candidate's priority 1
2023-04-22 02:18:21,180 [grpc-default-executor-0] INFO  server.RaftServer$Division (RaftServerImpl.java:requestVote(1251)) - 4fb9f1f7-4e3b-4bcf-a7e7-c7ddcac09d11@group-D4D495DF8B74 replies to PRE_VOTE vote request: 6aaf5ca8-0737-4296-ba95-7f0e9402c55b<-4fb9f1f7-4e3b-4bcf-a7e7-c7ddcac09d11#0:OK-t0. Peer's state: 4fb9f1f7-4e3b-4bcf-a7e7-c7ddcac09d11@group-D4D495DF8B74:t0, leader=null, voted=, raftlog=Memoized:4fb9f1f7-4e3b-4bcf-a7e7-c7ddcac09d11@group-D4D495DF8B74-SegmentedRaftLog:OPENED:c-1, conf=-1: peers:[6aaf5ca8-0737-4296-ba95-7f0e9402c55b|rpc:10.1.0.20:37225|dataStream:10.1.0.20:33711|priority:1|startupRole:FOLLOWER, 4fb9f1f7-4e3b-4bcf-a7e7-c7ddcac09d11|rpc:10.1.0.20:44181|dataStream:10.1.0.20:37741|priority:0|startupRole:FOLLOWER, 44aa5787-a9ca-4d27-a88e-9069c8f4547b|rpc:10.1.0.20:46431|dataStream:10.1.0.20:44789|priority:0|startupRole:FOLLOWER]|listeners:[], old=null
2023-04-22 02:18:21,180 [6aaf5ca8-0737-4296-ba95-7f0e9402c55b@group-D4D495DF8B74-LeaderElection6] INFO  server.RaftServerConfigKeys (ConfUtils.java:logFallback(53)) - raft.server.rpc.first-election.timeout.min = 5s (fallback to raft.server.rpc.timeout.min)
2023-04-22 02:18:21,180 [6aaf5ca8-0737-4296-ba95-7f0e9402c55b@group-D4D495DF8B74-LeaderElection6] INFO  server.RaftServerConfigKeys (ConfUtils.java:logFallback(53)) - raft.server.rpc.first-election.timeout.max = 5200ms (fallback to raft.server.rpc.timeout.max)
2023-04-22 02:18:21,181 [6aaf5ca8-0737-4296-ba95-7f0e9402c55b@group-D4D495DF8B74-LeaderElection6] INFO  impl.LeaderElection (LeaderElection.java:logAndReturn(90)) - 6aaf5ca8-0737-4296-ba95-7f0e9402c55b@group-D4D495DF8B74-LeaderElection6: PRE_VOTE PASSED received 1 response(s) and 0 exception(s):
2023-04-22 02:18:21,181 [6aaf5ca8-0737-4296-ba95-7f0e9402c55b@group-D4D495DF8B74-LeaderElection6] INFO  impl.LeaderElection (LeaderElection.java:logAndReturn(94)) -   Response 0: 6aaf5ca8-0737-4296-ba95-7f0e9402c55b<-4fb9f1f7-4e3b-4bcf-a7e7-c7ddcac09d11#0:OK-t0
2023-04-22 02:18:21,181 [6aaf5ca8-0737-4296-ba95-7f0e9402c55b@group-D4D495DF8B74-LeaderElection6] INFO  impl.LeaderElection (LeaderElection.java:askForVotes(314)) - 6aaf5ca8-0737-4296-ba95-7f0e9402c55b@group-D4D495DF8B74-LeaderElection6 PRE_VOTE round 0: result PASSED
2023-04-22 02:18:21,183 [6aaf5ca8-0737-4296-ba95-7f0e9402c55b@group-D4D495DF8B74-LeaderElection6-2] INFO  server.GrpcServerProtocolClient (GrpcServerProtocolClient.java:<init>(63)) - Build channel for 44aa5787-a9ca-4d27-a88e-9069c8f4547b
2023-04-22 02:18:21,183 [6aaf5ca8-0737-4296-ba95-7f0e9402c55b@group-D4D495DF8B74-LeaderElection6] INFO  impl.LeaderElection (LeaderElection.java:askForVotes(312)) - 6aaf5ca8-0737-4296-ba95-7f0e9402c55b@group-D4D495DF8B74-LeaderElection6 ELECTION round 0: submit vote requests at term 1 for -1: peers:[6aaf5ca8-0737-4296-ba95-7f0e9402c55b|rpc:10.1.0.20:37225|dataStream:10.1.0.20:33711|priority:1|startupRole:FOLLOWER, 4fb9f1f7-4e3b-4bcf-a7e7-c7ddcac09d11|rpc:10.1.0.20:44181|dataStream:10.1.0.20:37741|priority:0|startupRole:FOLLOWER, 44aa5787-a9ca-4d27-a88e-9069c8f4547b|rpc:10.1.0.20:46431|dataStream:10.1.0.20:44789|priority:0|startupRole:FOLLOWER]|listeners:[], old=null
2023-04-22 02:18:21,185 [6aaf5ca8-0737-4296-ba95-7f0e9402c55b@group-D4D495DF8B74-LeaderElection6] INFO  server.RaftServerConfigKeys (ConfUtils.java:logFallback(53)) - raft.server.rpc.first-election.timeout.min = 5s (fallback to raft.server.rpc.timeout.min)
2023-04-22 02:18:21,185 [6aaf5ca8-0737-4296-ba95-7f0e9402c55b@group-D4D495DF8B74-LeaderElection6] INFO  server.RaftServerConfigKeys (ConfUtils.java:logFallback(53)) - raft.server.rpc.first-election.timeout.max = 5200ms (fallback to raft.server.rpc.timeout.max)
2023-04-22 02:18:21,187 [grpc-default-executor-0] INFO  server.RaftServer$Division (RaftServerImpl.java:requestVote(1218)) - 4fb9f1f7-4e3b-4bcf-a7e7-c7ddcac09d11@group-D4D495DF8B74: receive requestVote(ELECTION, 6aaf5ca8-0737-4296-ba95-7f0e9402c55b, group-D4D495DF8B74, 1, (t:0, i:0))
2023-04-22 02:18:21,187 [grpc-default-executor-0] INFO  impl.VoteContext (VoteContext.java:log(49)) - 4fb9f1f7-4e3b-4bcf-a7e7-c7ddcac09d11@group-D4D495DF8B74-FOLLOWER: accept ELECTION from 6aaf5ca8-0737-4296-ba95-7f0e9402c55b: our priority 0 <= candidate's priority 1
2023-04-22 02:18:21,187 [grpc-default-executor-0] INFO  server.RaftServer$Division (RaftServerImpl.java:setRole(321)) - 4fb9f1f7-4e3b-4bcf-a7e7-c7ddcac09d11@group-D4D495DF8B74: changes role from  FOLLOWER to FOLLOWER at term 1 for candidate:6aaf5ca8-0737-4296-ba95-7f0e9402c55b
2023-04-22 02:18:21,187 [grpc-default-executor-0] INFO  impl.RoleInfo (RoleInfo.java:shutdownFollowerState(110)) - 4fb9f1f7-4e3b-4bcf-a7e7-c7ddcac09d11: shutdown 4fb9f1f7-4e3b-4bcf-a7e7-c7ddcac09d11@group-D4D495DF8B74-FollowerState
2023-04-22 02:18:21,187 [grpc-default-executor-0] INFO  impl.RoleInfo (RoleInfo.java:updateAndGet(139)) - 4fb9f1f7-4e3b-4bcf-a7e7-c7ddcac09d11: start 4fb9f1f7-4e3b-4bcf-a7e7-c7ddcac09d11@group-D4D495DF8B74-FollowerState
2023-04-22 02:18:21,187 [4fb9f1f7-4e3b-4bcf-a7e7-c7ddcac09d11@group-D4D495DF8B74-FollowerState] INFO  impl.FollowerState (FollowerState.java:run(152)) - 4fb9f1f7-4e3b-4bcf-a7e7-c7ddcac09d11@group-D4D495DF8B74-FollowerState was interrupted
2023-04-22 02:18:21,188 [4fb9f1f7-4e3b-4bcf-a7e7-c7ddcac09d11@group-D4D495DF8B74-FollowerState] INFO  server.RaftServerConfigKeys (ConfUtils.java:logFallback(53)) - raft.server.rpc.first-election.timeout.min = 5s (fallback to raft.server.rpc.timeout.min)
2023-04-22 02:18:21,188 [4fb9f1f7-4e3b-4bcf-a7e7-c7ddcac09d11@group-D4D495DF8B74-FollowerState] INFO  server.RaftServerConfigKeys (ConfUtils.java:logFallback(53)) - raft.server.rpc.first-election.timeout.max = 5200ms (fallback to raft.server.rpc.timeout.max)
2023-04-22 02:18:21,189 [grpc-default-executor-0] INFO  server.RaftServer$Division (RaftServerImpl.java:requestVote(1251)) - 4fb9f1f7-4e3b-4bcf-a7e7-c7ddcac09d11@group-D4D495DF8B74 replies to ELECTION vote request: 6aaf5ca8-0737-4296-ba95-7f0e9402c55b<-4fb9f1f7-4e3b-4bcf-a7e7-c7ddcac09d11#0:OK-t1. Peer's state: 4fb9f1f7-4e3b-4bcf-a7e7-c7ddcac09d11@group-D4D495DF8B74:t1, leader=null, voted=6aaf5ca8-0737-4296-ba95-7f0e9402c55b, raftlog=Memoized:4fb9f1f7-4e3b-4bcf-a7e7-c7ddcac09d11@group-D4D495DF8B74-SegmentedRaftLog:OPENED:c-1, conf=-1: peers:[6aaf5ca8-0737-4296-ba95-7f0e9402c55b|rpc:10.1.0.20:37225|dataStream:10.1.0.20:33711|priority:1|startupRole:FOLLOWER, 4fb9f1f7-4e3b-4bcf-a7e7-c7ddcac09d11|rpc:10.1.0.20:44181|dataStream:10.1.0.20:37741|priority:0|startupRole:FOLLOWER, 44aa5787-a9ca-4d27-a88e-9069c8f4547b|rpc:10.1.0.20:46431|dataStream:10.1.0.20:44789|priority:0|startupRole:FOLLOWER]|listeners:[], old=null
2023-04-22 02:18:21,192 [6aaf5ca8-0737-4296-ba95-7f0e9402c55b@group-D4D495DF8B74-LeaderElection6] INFO  impl.LeaderElection (LeaderElection.java:logAndReturn(90)) - 6aaf5ca8-0737-4296-ba95-7f0e9402c55b@group-D4D495DF8B74-LeaderElection6: ELECTION PASSED received 1 response(s) and 0 exception(s):
2023-04-22 02:18:21,192 [6aaf5ca8-0737-4296-ba95-7f0e9402c55b@group-D4D495DF8B74-LeaderElection6] INFO  impl.LeaderElection (LeaderElection.java:logAndReturn(94)) -   Response 0: 6aaf5ca8-0737-4296-ba95-7f0e9402c55b<-4fb9f1f7-4e3b-4bcf-a7e7-c7ddcac09d11#0:OK-t1
2023-04-22 02:18:21,192 [6aaf5ca8-0737-4296-ba95-7f0e9402c55b@group-D4D495DF8B74-LeaderElection6] INFO  impl.LeaderElection (LeaderElection.java:askForVotes(314)) - 6aaf5ca8-0737-4296-ba95-7f0e9402c55b@group-D4D495DF8B74-LeaderElection6 ELECTION round 0: result PASSED
2023-04-22 02:18:21,192 [6aaf5ca8-0737-4296-ba95-7f0e9402c55b@group-D4D495DF8B74-LeaderElection6] INFO  impl.RoleInfo (RoleInfo.java:shutdownLeaderElection(130)) - 6aaf5ca8-0737-4296-ba95-7f0e9402c55b: shutdown 6aaf5ca8-0737-4296-ba95-7f0e9402c55b@group-D4D495DF8B74-LeaderElection6
2023-04-22 02:18:21,192 [6aaf5ca8-0737-4296-ba95-7f0e9402c55b@group-D4D495DF8B74-LeaderElection6] INFO  server.RaftServer$Division (RaftServerImpl.java:setRole(321)) - 6aaf5ca8-0737-4296-ba95-7f0e9402c55b@group-D4D495DF8B74: changes role from CANDIDATE to LEADER at term 1 for changeToLeader
2023-04-22 02:18:21,193 [6aaf5ca8-0737-4296-ba95-7f0e9402c55b@group-D4D495DF8B74-LeaderElection6] INFO  ratis.XceiverServerRatis (XceiverServerRatis.java:handleLeaderChangedNotification(904)) - Leader change notification received for group: group-D4D495DF8B74 with new leaderId: 6aaf5ca8-0737-4296-ba95-7f0e9402c55b
2023-04-22 02:18:21,193 [6aaf5ca8-0737-4296-ba95-7f0e9402c55b@group-D4D495DF8B74-LeaderElection6] INFO  server.RaftServer$Division (ServerState.java:setLeader(313)) - 6aaf5ca8-0737-4296-ba95-7f0e9402c55b@group-D4D495DF8B74: change Leader from null to 6aaf5ca8-0737-4296-ba95-7f0e9402c55b at term 1 for becomeLeader, leader elected after 5305ms
2023-04-22 02:18:21,193 [6aaf5ca8-0737-4296-ba95-7f0e9402c55b@group-D4D495DF8B74-LeaderElection6] INFO  server.RaftServerConfigKeys (ConfUtils.java:logGet(46)) - raft.server.staging.catchup.gap = 1000 (default)
2023-04-22 02:18:21,193 [6aaf5ca8-0737-4296-ba95-7f0e9402c55b@group-D4D495DF8B74-LeaderElection6] INFO  server.RaftServerConfigKeys (ConfUtils.java:logGet(46)) - raft.server.write.element-limit = 1024 (custom)
2023-04-22 02:18:21,193 [6aaf5ca8-0737-4296-ba95-7f0e9402c55b@group-D4D495DF8B74-LeaderElection6] INFO  server.RaftServerConfigKeys (ConfUtils.java:logGet(46)) - raft.server.write.byte-limit = 1024 M (=1073741824) (custom)
2023-04-22 02:18:21,193 [6aaf5ca8-0737-4296-ba95-7f0e9402c55b@group-D4D495DF8B74-LeaderElection6] INFO  server.RaftServerConfigKeys (ConfUtils.java:logGet(46)) - raft.server.watch.timeout = 10000ms (default)
2023-04-22 02:18:21,193 [6aaf5ca8-0737-4296-ba95-7f0e9402c55b@group-D4D495DF8B74-LeaderElection6] INFO  server.RaftServerConfigKeys (ConfUtils.java:logGet(46)) - raft.server.watch.timeout.denomination = 1s (default)
2023-04-22 02:18:21,194 [6aaf5ca8-0737-4296-ba95-7f0e9402c55b@group-D4D495DF8B74-LeaderElection6] INFO  server.RaftServerConfigKeys (ConfUtils.java:logGet(46)) - raft.server.watch.element-limit = 65536 (default)
2023-04-22 02:18:21,194 [6aaf5ca8-0737-4296-ba95-7f0e9402c55b@group-D4D495DF8B74-LeaderElection6] INFO  server.RaftServerConfigKeys (ConfUtils.java:logGet(46)) - raft.server.write.element-limit = 1024 (custom)
2023-04-22 02:18:21,194 [6aaf5ca8-0737-4296-ba95-7f0e9402c55b@group-D4D495DF8B74-LeaderElection6] INFO  server.RaftServerConfigKeys (ConfUtils.java:logGet(46)) - raft.server.write.follower.gap.ratio.max = -1.0 (default)
2023-04-22 02:18:21,194 [6aaf5ca8-0737-4296-ba95-7f0e9402c55b@group-D4D495DF8B74-LeaderElection6] INFO  server.RaftServerConfigKeys (ConfUtils.java:logGet(46)) - raft.server.log.appender.snapshot.chunk.size.max = 16MB (=16777216) (default)
2023-04-22 02:18:21,194 [6aaf5ca8-0737-4296-ba95-7f0e9402c55b@group-D4D495DF8B74-LeaderElection6] INFO  server.RaftServerConfigKeys (ConfUtils.java:logGet(46)) - raft.server.log.appender.buffer.byte-limit = 33554432 (custom)
2023-04-22 02:18:21,194 [6aaf5ca8-0737-4296-ba95-7f0e9402c55b@group-D4D495DF8B74-LeaderElection6] INFO  server.RaftServerConfigKeys (ConfUtils.java:logGet(46)) - raft.server.log.appender.buffer.element-limit = 1 (custom)
2023-04-22 02:18:21,194 [6aaf5ca8-0737-4296-ba95-7f0e9402c55b@group-D4D495DF8B74-LeaderElection6] INFO  grpc.GrpcConfigKeys (ConfUtils.java:logGet(46)) - raft.grpc.server.leader.outstanding.appends.max = 128 (default)
2023-04-22 02:18:21,198 [6aaf5ca8-0737-4296-ba95-7f0e9402c55b@group-D4D495DF8B74-LeaderElection6] INFO  server.RaftServerConfigKeys (ConfUtils.java:logGet(46)) - raft.server.rpc.request.timeout = 3000ms (default)
2023-04-22 02:18:21,198 [6aaf5ca8-0737-4296-ba95-7f0e9402c55b@group-D4D495DF8B74-LeaderElection6] INFO  server.RaftServerConfigKeys (ConfUtils.java:logGet(46)) - raft.server.log.appender.install.snapshot.enabled = false (custom)
2023-04-22 02:18:21,198 [6aaf5ca8-0737-4296-ba95-7f0e9402c55b@group-D4D495DF8B74-LeaderElection6] INFO  grpc.GrpcConfigKeys (ConfUtils.java:logGet(46)) - raft.grpc.server.heartbeat.channel = true (default)
2023-04-22 02:18:21,198 [6aaf5ca8-0737-4296-ba95-7f0e9402c55b@group-D4D495DF8B74-LeaderElection6] INFO  server.RaftServerConfigKeys (ConfUtils.java:logGet(46)) - raft.server.log.appender.wait-time.min = 10ms (default)
2023-04-22 02:18:21,201 [EventQueue-PipelineReportForPipelineReportHandler] INFO  pipeline.PipelineManagerImpl (PipelineManagerImpl.java:openPipeline(367)) - Pipeline Pipeline[ Id: f27d81a8-358d-4e8b-922b-d4d495df8b74, Nodes: 4fb9f1f7-4e3b-4bcf-a7e7-c7ddcac09d11(fv-az443-428.ap2fcshprsnunfx25e1aelzb4b.cx.internal.cloudapp.net/10.1.0.20)6aaf5ca8-0737-4296-ba95-7f0e9402c55b(fv-az443-428.ap2fcshprsnunfx25e1aelzb4b.cx.internal.cloudapp.net/10.1.0.20)44aa5787-a9ca-4d27-a88e-9069c8f4547b(fv-az443-428.ap2fcshprsnunfx25e1aelzb4b.cx.internal.cloudapp.net/10.1.0.20), ReplicationConfig: RATIS/THREE, State:ALLOCATED, leaderId:6aaf5ca8-0737-4296-ba95-7f0e9402c55b, CreationTimestamp2023-04-22T02:18:13.199Z[Etc/UTC]] moved to OPEN state
2023-04-22 02:18:21,205 [6aaf5ca8-0737-4296-ba95-7f0e9402c55b@group-D4D495DF8B74-LeaderElection6] INFO  server.RaftServerConfigKeys (ConfUtils.java:logGet(46)) - raft.server.log.appender.snapshot.chunk.size.max = 16MB (=16777216) (default)
2023-04-22 02:18:21,205 [6aaf5ca8-0737-4296-ba95-7f0e9402c55b@group-D4D495DF8B74-LeaderElection6] INFO  server.RaftServerConfigKeys (ConfUtils.java:logGet(46)) - raft.server.log.appender.buffer.byte-limit = 33554432 (custom)
2023-04-22 02:18:21,205 [6aaf5ca8-0737-4296-ba95-7f0e9402c55b@group-D4D495DF8B74-LeaderElection6] INFO  server.RaftServerConfigKeys (ConfUtils.java:logGet(46)) - raft.server.log.appender.buffer.element-limit = 1 (custom)
2023-04-22 02:18:21,205 [6aaf5ca8-0737-4296-ba95-7f0e9402c55b@group-D4D495DF8B74-LeaderElection6] INFO  grpc.GrpcConfigKeys (ConfUtils.java:logGet(46)) - raft.grpc.server.leader.outstanding.appends.max = 128 (default)
2023-04-22 02:18:21,205 [6aaf5ca8-0737-4296-ba95-7f0e9402c55b@group-D4D495DF8B74-LeaderElection6] INFO  server.RaftServerConfigKeys (ConfUtils.java:logGet(46)) - raft.server.rpc.request.timeout = 3000ms (default)
2023-04-22 02:18:21,205 [6aaf5ca8-0737-4296-ba95-7f0e9402c55b@group-D4D495DF8B74-LeaderElection6] INFO  server.RaftServerConfigKeys (ConfUtils.java:logGet(46)) - raft.server.log.appender.install.snapshot.enabled = false (custom)
2023-04-22 02:18:21,205 [6aaf5ca8-0737-4296-ba95-7f0e9402c55b@group-D4D495DF8B74-LeaderElection6] INFO  grpc.GrpcConfigKeys (ConfUtils.java:logGet(46)) - raft.grpc.server.heartbeat.channel = true (default)
2023-04-22 02:18:21,205 [6aaf5ca8-0737-4296-ba95-7f0e9402c55b@group-D4D495DF8B74-LeaderElection6] INFO  server.RaftServerConfigKeys (ConfUtils.java:logGet(46)) - raft.server.log.appender.wait-time.min = 10ms (default)
2023-04-22 02:18:21,206 [6aaf5ca8-0737-4296-ba95-7f0e9402c55b@group-D4D495DF8B74-LeaderElection6] INFO  impl.RoleInfo (RoleInfo.java:updateAndGet(139)) - 6aaf5ca8-0737-4296-ba95-7f0e9402c55b: start 6aaf5ca8-0737-4296-ba95-7f0e9402c55b@group-D4D495DF8B74-LeaderStateImpl
2023-04-22 02:18:21,206 [6aaf5ca8-0737-4296-ba95-7f0e9402c55b@group-D4D495DF8B74-LeaderElection6] INFO  segmented.SegmentedRaftLogWorker (SegmentedRaftLogWorker.java:startLogSegment(452)) - 6aaf5ca8-0737-4296-ba95-7f0e9402c55b@group-D4D495DF8B74-SegmentedRaftLogWorker: Starting segment from index:0
2023-04-22 02:18:21,209 [6aaf5ca8-0737-4296-ba95-7f0e9402c55b@group-D4D495DF8B74-SegmentedRaftLogWorker] INFO  segmented.SegmentedRaftLogWorker (SegmentedRaftLogWorker.java:execute(656)) - 6aaf5ca8-0737-4296-ba95-7f0e9402c55b@group-D4D495DF8B74-SegmentedRaftLogWorker: created new log segment /home/runner/work/ozone/ozone/hadoop-ozone/integration-test/target/test-dir/MiniOzoneClusterImpl-b640deff-6994-498f-92ea-4ac5c972f0d8/datanode-2/data/ratis/f27d81a8-358d-4e8b-922b-d4d495df8b74/current/log_inprogress_0
2023-04-22 02:18:21,219 [6aaf5ca8-0737-4296-ba95-7f0e9402c55b@group-D4D495DF8B74-LeaderElection6] INFO  server.RaftServer$Division (ServerState.java:setRaftConf(430)) - 6aaf5ca8-0737-4296-ba95-7f0e9402c55b@group-D4D495DF8B74: set configuration 0: peers:[6aaf5ca8-0737-4296-ba95-7f0e9402c55b|rpc:10.1.0.20:37225|dataStream:10.1.0.20:33711|priority:1|startupRole:FOLLOWER, 4fb9f1f7-4e3b-4bcf-a7e7-c7ddcac09d11|rpc:10.1.0.20:44181|dataStream:10.1.0.20:37741|priority:0|startupRole:FOLLOWER, 44aa5787-a9ca-4d27-a88e-9069c8f4547b|rpc:10.1.0.20:46431|dataStream:10.1.0.20:44789|priority:0|startupRole:FOLLOWER]|listeners:[], old=null
2023-04-22 02:18:21,219 [grpc-default-executor-0] INFO  server.RaftServer$Division (RaftServerImpl.java:requestVote(1218)) - 44aa5787-a9ca-4d27-a88e-9069c8f4547b@group-D4D495DF8B74: receive requestVote(PRE_VOTE, 6aaf5ca8-0737-4296-ba95-7f0e9402c55b, group-D4D495DF8B74, 0, (t:0, i:0))
2023-04-22 02:18:21,220 [grpc-default-executor-0] INFO  impl.VoteContext (VoteContext.java:log(49)) - 44aa5787-a9ca-4d27-a88e-9069c8f4547b@group-D4D495DF8B74-FOLLOWER: accept PRE_VOTE from 6aaf5ca8-0737-4296-ba95-7f0e9402c55b: our priority 0 <= candidate's priority 1
2023-04-22 02:18:21,220 [grpc-default-executor-0] INFO  server.RaftServer$Division (RaftServerImpl.java:requestVote(1251)) - 44aa5787-a9ca-4d27-a88e-9069c8f4547b@group-D4D495DF8B74 replies to PRE_VOTE vote request: 6aaf5ca8-0737-4296-ba95-7f0e9402c55b<-44aa5787-a9ca-4d27-a88e-9069c8f4547b#0:OK-t0. Peer's state: 44aa5787-a9ca-4d27-a88e-9069c8f4547b@group-D4D495DF8B74:t0, leader=null, voted=, raftlog=Memoized:44aa5787-a9ca-4d27-a88e-9069c8f4547b@group-D4D495DF8B74-SegmentedRaftLog:OPENED:c-1, conf=-1: peers:[6aaf5ca8-0737-4296-ba95-7f0e9402c55b|rpc:10.1.0.20:37225|dataStream:10.1.0.20:33711|priority:1|startupRole:FOLLOWER, 4fb9f1f7-4e3b-4bcf-a7e7-c7ddcac09d11|rpc:10.1.0.20:44181|dataStream:10.1.0.20:37741|priority:0|startupRole:FOLLOWER, 44aa5787-a9ca-4d27-a88e-9069c8f4547b|rpc:10.1.0.20:46431|dataStream:10.1.0.20:44789|priority:0|startupRole:FOLLOWER]|listeners:[], old=null
2023-04-22 02:18:21,220 [grpc-default-executor-3] INFO  server.RaftServer$Division (RaftServerImpl.java:requestVote(1218)) - 44aa5787-a9ca-4d27-a88e-9069c8f4547b@group-D4D495DF8B74: receive requestVote(ELECTION, 6aaf5ca8-0737-4296-ba95-7f0e9402c55b, group-D4D495DF8B74, 1, (t:0, i:0))
2023-04-22 02:18:21,220 [6aaf5ca8-0737-4296-ba95-7f0e9402c55b@group-D4D495DF8B74-StateMachineUpdater] INFO  ratis.ContainerStateMachine (ContainerStateMachine.java:takeSnapshot(330)) - group-D4D495DF8B74: Taking a snapshot at:(t:1, i:0) file /home/runner/work/ozone/ozone/hadoop-ozone/integration-test/target/test-dir/MiniOzoneClusterImpl-b640deff-6994-498f-92ea-4ac5c972f0d8/datanode-2/data/ratis/f27d81a8-358d-4e8b-922b-d4d495df8b74/sm/snapshot.1_0
2023-04-22 02:18:21,220 [grpc-default-executor-3] INFO  impl.VoteContext (VoteContext.java:log(49)) - 44aa5787-a9ca-4d27-a88e-9069c8f4547b@group-D4D495DF8B74-FOLLOWER: accept ELECTION from 6aaf5ca8-0737-4296-ba95-7f0e9402c55b: our priority 0 <= candidate's priority 1
2023-04-22 02:18:21,220 [grpc-default-executor-3] INFO  server.RaftServer$Division (RaftServerImpl.java:setRole(321)) - 44aa5787-a9ca-4d27-a88e-9069c8f4547b@group-D4D495DF8B74: changes role from  FOLLOWER to FOLLOWER at term 1 for candidate:6aaf5ca8-0737-4296-ba95-7f0e9402c55b
2023-04-22 02:18:21,220 [grpc-default-executor-3] INFO  impl.RoleInfo (RoleInfo.java:shutdownFollowerState(110)) - 44aa5787-a9ca-4d27-a88e-9069c8f4547b: shutdown 44aa5787-a9ca-4d27-a88e-9069c8f4547b@group-D4D495DF8B74-FollowerState
2023-04-22 02:18:21,220 [grpc-default-executor-3] INFO  impl.RoleInfo (RoleInfo.java:updateAndGet(139)) - 44aa5787-a9ca-4d27-a88e-9069c8f4547b: start 44aa5787-a9ca-4d27-a88e-9069c8f4547b@group-D4D495DF8B74-FollowerState
2023-04-22 02:18:21,220 [44aa5787-a9ca-4d27-a88e-9069c8f4547b@group-D4D495DF8B74-FollowerState] INFO  impl.FollowerState (FollowerState.java:run(152)) - 44aa5787-a9ca-4d27-a88e-9069c8f4547b@group-D4D495DF8B74-FollowerState was interrupted
2023-04-22 02:18:21,221 [6aaf5ca8-0737-4296-ba95-7f0e9402c55b@group-D4D495DF8B74-StateMachineUpdater] INFO  ratis.ContainerStateMachine (ContainerStateMachine.java:takeSnapshot(341)) - group-D4D495DF8B74: Finished taking a snapshot at:(t:1, i:0) file:/home/runner/work/ozone/ozone/hadoop-ozone/integration-test/target/test-dir/MiniOzoneClusterImpl-b640deff-6994-498f-92ea-4ac5c972f0d8/datanode-2/data/ratis/f27d81a8-358d-4e8b-922b-d4d495df8b74/sm/snapshot.1_0 took: 1 ms
2023-04-22 02:18:21,221 [6aaf5ca8-0737-4296-ba95-7f0e9402c55b@group-D4D495DF8B74-StateMachineUpdater] INFO  impl.StateMachineUpdater (StateMachineUpdater.java:takeSnapshot(287)) - 6aaf5ca8-0737-4296-ba95-7f0e9402c55b@group-D4D495DF8B74-StateMachineUpdater: Took a snapshot at index 0
2023-04-22 02:18:21,221 [6aaf5ca8-0737-4296-ba95-7f0e9402c55b@group-D4D495DF8B74-StateMachineUpdater] INFO  impl.StateMachineUpdater (StateMachineUpdater.java:lambda$new$0(92)) - 6aaf5ca8-0737-4296-ba95-7f0e9402c55b@group-D4D495DF8B74-StateMachineUpdater: snapshotIndex: updateIncreasingly -1 -> 0
2023-04-22 02:18:21,222 [44aa5787-a9ca-4d27-a88e-9069c8f4547b@group-D4D495DF8B74-FollowerState] INFO  server.RaftServerConfigKeys (ConfUtils.java:logFallback(53)) - raft.server.rpc.first-election.timeout.min = 5s (fallback to raft.server.rpc.timeout.min)
2023-04-22 02:18:21,222 [44aa5787-a9ca-4d27-a88e-9069c8f4547b@group-D4D495DF8B74-FollowerState] INFO  server.RaftServerConfigKeys (ConfUtils.java:logFallback(53)) - raft.server.rpc.first-election.timeout.max = 5200ms (fallback to raft.server.rpc.timeout.max)
2023-04-22 02:18:21,223 [grpc-default-executor-3] INFO  server.RaftServer$Division (RaftServerImpl.java:requestVote(1251)) - 44aa5787-a9ca-4d27-a88e-9069c8f4547b@group-D4D495DF8B74 replies to ELECTION vote request: 6aaf5ca8-0737-4296-ba95-7f0e9402c55b<-44aa5787-a9ca-4d27-a88e-9069c8f4547b#0:OK-t1. Peer's state: 44aa5787-a9ca-4d27-a88e-9069c8f4547b@group-D4D495DF8B74:t1, leader=null, voted=6aaf5ca8-0737-4296-ba95-7f0e9402c55b, raftlog=Memoized:44aa5787-a9ca-4d27-a88e-9069c8f4547b@group-D4D495DF8B74-SegmentedRaftLog:OPENED:c-1, conf=-1: peers:[6aaf5ca8-0737-4296-ba95-7f0e9402c55b|rpc:10.1.0.20:37225|dataStream:10.1.0.20:33711|priority:1|startupRole:FOLLOWER, 4fb9f1f7-4e3b-4bcf-a7e7-c7ddcac09d11|rpc:10.1.0.20:44181|dataStream:10.1.0.20:37741|priority:0|startupRole:FOLLOWER, 44aa5787-a9ca-4d27-a88e-9069c8f4547b|rpc:10.1.0.20:46431|dataStream:10.1.0.20:44789|priority:0|startupRole:FOLLOWER]|listeners:[], old=null
2023-04-22 02:18:21,261 [4fb9f1f7-4e3b-4bcf-a7e7-c7ddcac09d11-server-thread1] INFO  ratis.XceiverServerRatis (XceiverServerRatis.java:handleLeaderChangedNotification(904)) - Leader change notification received for group: group-D4D495DF8B74 with new leaderId: 6aaf5ca8-0737-4296-ba95-7f0e9402c55b
2023-04-22 02:18:21,261 [4fb9f1f7-4e3b-4bcf-a7e7-c7ddcac09d11-server-thread1] INFO  server.RaftServer$Division (ServerState.java:setLeader(313)) - 4fb9f1f7-4e3b-4bcf-a7e7-c7ddcac09d11@group-D4D495DF8B74: change Leader from null to 6aaf5ca8-0737-4296-ba95-7f0e9402c55b at term 1 for appendEntries, leader elected after 5463ms
2023-04-22 02:18:21,262 [44aa5787-a9ca-4d27-a88e-9069c8f4547b-server-thread1] INFO  ratis.XceiverServerRatis (XceiverServerRatis.java:handleLeaderChangedNotification(904)) - Leader change notification received for group: group-D4D495DF8B74 with new leaderId: 6aaf5ca8-0737-4296-ba95-7f0e9402c55b
2023-04-22 02:18:21,262 [44aa5787-a9ca-4d27-a88e-9069c8f4547b-server-thread1] INFO  server.RaftServer$Division (ServerState.java:setLeader(313)) - 44aa5787-a9ca-4d27-a88e-9069c8f4547b@group-D4D495DF8B74: change Leader from null to 6aaf5ca8-0737-4296-ba95-7f0e9402c55b at term 1 for appendEntries, leader elected after 5427ms
2023-04-22 02:18:21,267 [4fb9f1f7-4e3b-4bcf-a7e7-c7ddcac09d11-server-thread2] INFO  server.RaftServer$Division (ServerState.java:setRaftConf(430)) - 4fb9f1f7-4e3b-4bcf-a7e7-c7ddcac09d11@group-D4D495DF8B74: set configuration 0: peers:[6aaf5ca8-0737-4296-ba95-7f0e9402c55b|rpc:10.1.0.20:37225|dataStream:10.1.0.20:33711|priority:1|startupRole:FOLLOWER, 4fb9f1f7-4e3b-4bcf-a7e7-c7ddcac09d11|rpc:10.1.0.20:44181|dataStream:10.1.0.20:37741|priority:0|startupRole:FOLLOWER, 44aa5787-a9ca-4d27-a88e-9069c8f4547b|rpc:10.1.0.20:46431|dataStream:10.1.0.20:44789|priority:0|startupRole:FOLLOWER]|listeners:[], old=null
2023-04-22 02:18:21,267 [4fb9f1f7-4e3b-4bcf-a7e7-c7ddcac09d11-server-thread2] INFO  segmented.SegmentedRaftLogWorker (SegmentedRaftLogWorker.java:startLogSegment(452)) - 4fb9f1f7-4e3b-4bcf-a7e7-c7ddcac09d11@group-D4D495DF8B74-SegmentedRaftLogWorker: Starting segment from index:0
2023-04-22 02:18:21,268 [44aa5787-a9ca-4d27-a88e-9069c8f4547b-server-thread3] INFO  server.RaftServer$Division (ServerState.java:setRaftConf(430)) - 44aa5787-a9ca-4d27-a88e-9069c8f4547b@group-D4D495DF8B74: set configuration 0: peers:[6aaf5ca8-0737-4296-ba95-7f0e9402c55b|rpc:10.1.0.20:37225|dataStream:10.1.0.20:33711|priority:1|startupRole:FOLLOWER, 4fb9f1f7-4e3b-4bcf-a7e7-c7ddcac09d11|rpc:10.1.0.20:44181|dataStream:10.1.0.20:37741|priority:0|startupRole:FOLLOWER, 44aa5787-a9ca-4d27-a88e-9069c8f4547b|rpc:10.1.0.20:46431|dataStream:10.1.0.20:44789|priority:0|startupRole:FOLLOWER]|listeners:[], old=null
2023-04-22 02:18:21,268 [44aa5787-a9ca-4d27-a88e-9069c8f4547b-server-thread3] INFO  segmented.SegmentedRaftLogWorker (SegmentedRaftLogWorker.java:startLogSegment(452)) - 44aa5787-a9ca-4d27-a88e-9069c8f4547b@group-D4D495DF8B74-SegmentedRaftLogWorker: Starting segment from index:0
2023-04-22 02:18:21,269 [4fb9f1f7-4e3b-4bcf-a7e7-c7ddcac09d11@group-D4D495DF8B74-SegmentedRaftLogWorker] INFO  segmented.SegmentedRaftLogWorker (SegmentedRaftLogWorker.java:execute(656)) - 4fb9f1f7-4e3b-4bcf-a7e7-c7ddcac09d11@group-D4D495DF8B74-SegmentedRaftLogWorker: created new log segment /home/runner/work/ozone/ozone/hadoop-ozone/integration-test/target/test-dir/MiniOzoneClusterImpl-b640deff-6994-498f-92ea-4ac5c972f0d8/datanode-0/data/ratis/f27d81a8-358d-4e8b-922b-d4d495df8b74/current/log_inprogress_0
2023-04-22 02:18:21,269 [44aa5787-a9ca-4d27-a88e-9069c8f4547b@group-D4D495DF8B74-SegmentedRaftLogWorker] INFO  segmented.SegmentedRaftLogWorker (SegmentedRaftLogWorker.java:execute(656)) - 44aa5787-a9ca-4d27-a88e-9069c8f4547b@group-D4D495DF8B74-SegmentedRaftLogWorker: created new log segment /home/runner/work/ozone/ozone/hadoop-ozone/integration-test/target/test-dir/MiniOzoneClusterImpl-b640deff-6994-498f-92ea-4ac5c972f0d8/datanode-1/data/ratis/f27d81a8-358d-4e8b-922b-d4d495df8b74/current/log_inprogress_0
2023-04-22 02:18:21,270 [4fb9f1f7-4e3b-4bcf-a7e7-c7ddcac09d11@group-D4D495DF8B74-StateMachineUpdater] INFO  ratis.ContainerStateMachine (ContainerStateMachine.java:takeSnapshot(330)) - group-D4D495DF8B74: Taking a snapshot at:(t:1, i:0) file /home/runner/work/ozone/ozone/hadoop-ozone/integration-test/target/test-dir/MiniOzoneClusterImpl-b640deff-6994-498f-92ea-4ac5c972f0d8/datanode-0/data/ratis/f27d81a8-358d-4e8b-922b-d4d495df8b74/sm/snapshot.1_0
2023-04-22 02:18:21,272 [4fb9f1f7-4e3b-4bcf-a7e7-c7ddcac09d11@group-D4D495DF8B74-StateMachineUpdater] INFO  ratis.ContainerStateMachine (ContainerStateMachine.java:takeSnapshot(341)) - group-D4D495DF8B74: Finished taking a snapshot at:(t:1, i:0) file:/home/runner/work/ozone/ozone/hadoop-ozone/integration-test/target/test-dir/MiniOzoneClusterImpl-b640deff-6994-498f-92ea-4ac5c972f0d8/datanode-0/data/ratis/f27d81a8-358d-4e8b-922b-d4d495df8b74/sm/snapshot.1_0 took: 1 ms
2023-04-22 02:18:21,272 [4fb9f1f7-4e3b-4bcf-a7e7-c7ddcac09d11@group-D4D495DF8B74-StateMachineUpdater] INFO  impl.StateMachineUpdater (StateMachineUpdater.java:takeSnapshot(287)) - 4fb9f1f7-4e3b-4bcf-a7e7-c7ddcac09d11@group-D4D495DF8B74-StateMachineUpdater: Took a snapshot at index 0
2023-04-22 02:18:21,272 [4fb9f1f7-4e3b-4bcf-a7e7-c7ddcac09d11@group-D4D495DF8B74-StateMachineUpdater] INFO  impl.StateMachineUpdater (StateMachineUpdater.java:lambda$new$0(92)) - 4fb9f1f7-4e3b-4bcf-a7e7-c7ddcac09d11@group-D4D495DF8B74-StateMachineUpdater: snapshotIndex: updateIncreasingly -1 -> 0
2023-04-22 02:18:21,272 [44aa5787-a9ca-4d27-a88e-9069c8f4547b@group-D4D495DF8B74-StateMachineUpdater] INFO  ratis.ContainerStateMachine (ContainerStateMachine.java:takeSnapshot(330)) - group-D4D495DF8B74: Taking a snapshot at:(t:1, i:0) file /home/runner/work/ozone/ozone/hadoop-ozone/integration-test/target/test-dir/MiniOzoneClusterImpl-b640deff-6994-498f-92ea-4ac5c972f0d8/datanode-1/data/ratis/f27d81a8-358d-4e8b-922b-d4d495df8b74/sm/snapshot.1_0
2023-04-22 02:18:21,273 [44aa5787-a9ca-4d27-a88e-9069c8f4547b@group-D4D495DF8B74-StateMachineUpdater] INFO  ratis.ContainerStateMachine (ContainerStateMachine.java:takeSnapshot(341)) - group-D4D495DF8B74: Finished taking a snapshot at:(t:1, i:0) file:/home/runner/work/ozone/ozone/hadoop-ozone/integration-test/target/test-dir/MiniOzoneClusterImpl-b640deff-6994-498f-92ea-4ac5c972f0d8/datanode-1/data/ratis/f27d81a8-358d-4e8b-922b-d4d495df8b74/sm/snapshot.1_0 took: 1 ms
2023-04-22 02:18:21,273 [44aa5787-a9ca-4d27-a88e-9069c8f4547b@group-D4D495DF8B74-StateMachineUpdater] INFO  impl.StateMachineUpdater (StateMachineUpdater.java:takeSnapshot(287)) - 44aa5787-a9ca-4d27-a88e-9069c8f4547b@group-D4D495DF8B74-StateMachineUpdater: Took a snapshot at index 0
2023-04-22 02:18:21,273 [44aa5787-a9ca-4d27-a88e-9069c8f4547b@group-D4D495DF8B74-StateMachineUpdater] INFO  impl.StateMachineUpdater (StateMachineUpdater.java:lambda$new$0(92)) - 44aa5787-a9ca-4d27-a88e-9069c8f4547b@group-D4D495DF8B74-StateMachineUpdater: snapshotIndex: updateIncreasingly -1 -> 0
2023-04-22 02:18:21,300 [6aaf5ca8-0737-4296-ba95-7f0e9402c55b@group-81457971618B-FollowerState] INFO  impl.FollowerState (FollowerState.java:run(143)) - 6aaf5ca8-0737-4296-ba95-7f0e9402c55b@group-81457971618B-FollowerState: change to CANDIDATE, lastRpcElapsedTime:5096972577ns, electionTimeout:5094ms
2023-04-22 02:18:21,301 [6aaf5ca8-0737-4296-ba95-7f0e9402c55b@group-81457971618B-FollowerState] INFO  impl.RoleInfo (RoleInfo.java:shutdownFollowerState(110)) - 6aaf5ca8-0737-4296-ba95-7f0e9402c55b: shutdown 6aaf5ca8-0737-4296-ba95-7f0e9402c55b@group-81457971618B-FollowerState
2023-04-22 02:18:21,301 [6aaf5ca8-0737-4296-ba95-7f0e9402c55b@group-81457971618B-FollowerState] INFO  server.RaftServer$Division (RaftServerImpl.java:setRole(321)) - 6aaf5ca8-0737-4296-ba95-7f0e9402c55b@group-81457971618B: changes role from  FOLLOWER to CANDIDATE at term 0 for changeToCandidate
2023-04-22 02:18:21,301 [6aaf5ca8-0737-4296-ba95-7f0e9402c55b@group-81457971618B-FollowerState] INFO  server.RaftServerConfigKeys (ConfUtils.java:logGet(46)) - raft.server.leaderelection.pre-vote = true (default)
2023-04-22 02:18:21,301 [6aaf5ca8-0737-4296-ba95-7f0e9402c55b@group-81457971618B-FollowerState] INFO  impl.RoleInfo (RoleInfo.java:updateAndGet(139)) - 6aaf5ca8-0737-4296-ba95-7f0e9402c55b: start 6aaf5ca8-0737-4296-ba95-7f0e9402c55b@group-81457971618B-LeaderElection7
2023-04-22 02:18:21,305 [6aaf5ca8-0737-4296-ba95-7f0e9402c55b@group-81457971618B-LeaderElection7] INFO  impl.LeaderElection (LeaderElection.java:askForVotes(312)) - 6aaf5ca8-0737-4296-ba95-7f0e9402c55b@group-81457971618B-LeaderElection7 PRE_VOTE round 0: submit vote requests at term 0 for -1: peers:[6aaf5ca8-0737-4296-ba95-7f0e9402c55b|rpc:10.1.0.20:37225|dataStream:10.1.0.20:33711|priority:1|startupRole:FOLLOWER]|listeners:[], old=null
2023-04-22 02:18:21,305 [6aaf5ca8-0737-4296-ba95-7f0e9402c55b@group-81457971618B-LeaderElection7] INFO  impl.LeaderElection (LeaderElection.java:askForVotes(314)) - 6aaf5ca8-0737-4296-ba95-7f0e9402c55b@group-81457971618B-LeaderElection7 PRE_VOTE round 0: result PASSED (term=0)
2023-04-22 02:18:21,306 [6aaf5ca8-0737-4296-ba95-7f0e9402c55b@group-81457971618B-LeaderElection7] INFO  impl.LeaderElection (LeaderElection.java:askForVotes(312)) - 6aaf5ca8-0737-4296-ba95-7f0e9402c55b@group-81457971618B-LeaderElection7 ELECTION round 0: submit vote requests at term 1 for -1: peers:[6aaf5ca8-0737-4296-ba95-7f0e9402c55b|rpc:10.1.0.20:37225|dataStream:10.1.0.20:33711|priority:1|startupRole:FOLLOWER]|listeners:[], old=null
2023-04-22 02:18:21,306 [6aaf5ca8-0737-4296-ba95-7f0e9402c55b@group-81457971618B-LeaderElection7] INFO  impl.LeaderElection (LeaderElection.java:askForVotes(314)) - 6aaf5ca8-0737-4296-ba95-7f0e9402c55b@group-81457971618B-LeaderElection7 ELECTION round 0: result PASSED (term=1)
2023-04-22 02:18:21,306 [6aaf5ca8-0737-4296-ba95-7f0e9402c55b@group-81457971618B-LeaderElection7] INFO  impl.RoleInfo (RoleInfo.java:shutdownLeaderElection(130)) - 6aaf5ca8-0737-4296-ba95-7f0e9402c55b: shutdown 6aaf5ca8-0737-4296-ba95-7f0e9402c55b@group-81457971618B-LeaderElection7
2023-04-22 02:18:21,306 [6aaf5ca8-0737-4296-ba95-7f0e9402c55b@group-81457971618B-LeaderElection7] INFO  server.RaftServer$Division (RaftServerImpl.java:setRole(321)) - 6aaf5ca8-0737-4296-ba95-7f0e9402c55b@group-81457971618B: changes role from CANDIDATE to LEADER at term 1 for changeToLeader
2023-04-22 02:18:21,306 [6aaf5ca8-0737-4296-ba95-7f0e9402c55b@group-81457971618B-LeaderElection7] INFO  ratis.XceiverServerRatis (XceiverServerRatis.java:handleLeaderChangedNotification(904)) - Leader change notification received for group: group-81457971618B with new leaderId: 6aaf5ca8-0737-4296-ba95-7f0e9402c55b
2023-04-22 02:18:21,307 [6aaf5ca8-0737-4296-ba95-7f0e9402c55b@group-81457971618B-LeaderElection7] INFO  server.RaftServer$Division (ServerState.java:setLeader(313)) - 6aaf5ca8-0737-4296-ba95-7f0e9402c55b@group-81457971618B: change Leader from null to 6aaf5ca8-0737-4296-ba95-7f0e9402c55b at term 1 for becomeLeader, leader elected after 5118ms
2023-04-22 02:18:21,308 [6aaf5ca8-0737-4296-ba95-7f0e9402c55b@group-81457971618B-LeaderElection7] INFO  server.RaftServerConfigKeys (ConfUtils.java:logGet(46)) - raft.server.staging.catchup.gap = 1000 (default)
2023-04-22 02:18:21,308 [6aaf5ca8-0737-4296-ba95-7f0e9402c55b@group-81457971618B-LeaderElection7] INFO  server.RaftServerConfigKeys (ConfUtils.java:logGet(46)) - raft.server.write.element-limit = 1024 (custom)
2023-04-22 02:18:21,308 [6aaf5ca8-0737-4296-ba95-7f0e9402c55b@group-81457971618B-LeaderElection7] INFO  server.RaftServerConfigKeys (ConfUtils.java:logGet(46)) - raft.server.write.byte-limit = 1024 M (=1073741824) (custom)
2023-04-22 02:18:21,308 [6aaf5ca8-0737-4296-ba95-7f0e9402c55b@group-81457971618B-LeaderElection7] INFO  server.RaftServerConfigKeys (ConfUtils.java:logGet(46)) - raft.server.watch.timeout = 10000ms (default)
2023-04-22 02:18:21,308 [6aaf5ca8-0737-4296-ba95-7f0e9402c55b@group-81457971618B-LeaderElection7] INFO  server.RaftServerConfigKeys (ConfUtils.java:logGet(46)) - raft.server.watch.timeout.denomination = 1s (default)
2023-04-22 02:18:21,308 [6aaf5ca8-0737-4296-ba95-7f0e9402c55b@group-81457971618B-LeaderElection7] INFO  server.RaftServerConfigKeys (ConfUtils.java:logGet(46)) - raft.server.watch.element-limit = 65536 (default)
2023-04-22 02:18:21,309 [6aaf5ca8-0737-4296-ba95-7f0e9402c55b@group-81457971618B-LeaderElection7] INFO  server.RaftServerConfigKeys (ConfUtils.java:logGet(46)) - raft.server.write.element-limit = 1024 (custom)
2023-04-22 02:18:21,309 [6aaf5ca8-0737-4296-ba95-7f0e9402c55b@group-81457971618B-LeaderElection7] INFO  server.RaftServerConfigKeys (ConfUtils.java:logGet(46)) - raft.server.write.follower.gap.ratio.max = -1.0 (default)
2023-04-22 02:18:21,309 [6aaf5ca8-0737-4296-ba95-7f0e9402c55b@group-81457971618B-LeaderElection7] INFO  impl.RoleInfo (RoleInfo.java:updateAndGet(139)) - 6aaf5ca8-0737-4296-ba95-7f0e9402c55b: start 6aaf5ca8-0737-4296-ba95-7f0e9402c55b@group-81457971618B-LeaderStateImpl
2023-04-22 02:18:21,309 [6aaf5ca8-0737-4296-ba95-7f0e9402c55b@group-81457971618B-LeaderElection7] INFO  segmented.SegmentedRaftLogWorker (SegmentedRaftLogWorker.java:startLogSegment(452)) - 6aaf5ca8-0737-4296-ba95-7f0e9402c55b@group-81457971618B-SegmentedRaftLogWorker: Starting segment from index:0
2023-04-22 02:18:21,315 [6aaf5ca8-0737-4296-ba95-7f0e9402c55b@group-81457971618B-SegmentedRaftLogWorker] INFO  segmented.SegmentedRaftLogWorker (SegmentedRaftLogWorker.java:execute(656)) - 6aaf5ca8-0737-4296-ba95-7f0e9402c55b@group-81457971618B-SegmentedRaftLogWorker: created new log segment /home/runner/work/ozone/ozone/hadoop-ozone/integration-test/target/test-dir/MiniOzoneClusterImpl-b640deff-6994-498f-92ea-4ac5c972f0d8/datanode-2/data/ratis/96b44e4f-ee2f-4278-825b-81457971618b/current/log_inprogress_0
2023-04-22 02:18:21,319 [6aaf5ca8-0737-4296-ba95-7f0e9402c55b@group-81457971618B-LeaderElection7] INFO  server.RaftServer$Division (ServerState.java:setRaftConf(430)) - 6aaf5ca8-0737-4296-ba95-7f0e9402c55b@group-81457971618B: set configuration 0: peers:[6aaf5ca8-0737-4296-ba95-7f0e9402c55b|rpc:10.1.0.20:37225|dataStream:10.1.0.20:33711|priority:1|startupRole:FOLLOWER]|listeners:[], old=null
2023-04-22 02:18:21,323 [6aaf5ca8-0737-4296-ba95-7f0e9402c55b@group-81457971618B-StateMachineUpdater] INFO  ratis.ContainerStateMachine (ContainerStateMachine.java:takeSnapshot(330)) - group-81457971618B: Taking a snapshot at:(t:1, i:0) file /home/runner/work/ozone/ozone/hadoop-ozone/integration-test/target/test-dir/MiniOzoneClusterImpl-b640deff-6994-498f-92ea-4ac5c972f0d8/datanode-2/data/ratis/96b44e4f-ee2f-4278-825b-81457971618b/sm/snapshot.1_0
2023-04-22 02:18:21,324 [6aaf5ca8-0737-4296-ba95-7f0e9402c55b@group-81457971618B-StateMachineUpdater] INFO  ratis.ContainerStateMachine (ContainerStateMachine.java:takeSnapshot(341)) - group-81457971618B: Finished taking a snapshot at:(t:1, i:0) file:/home/runner/work/ozone/ozone/hadoop-ozone/integration-test/target/test-dir/MiniOzoneClusterImpl-b640deff-6994-498f-92ea-4ac5c972f0d8/datanode-2/data/ratis/96b44e4f-ee2f-4278-825b-81457971618b/sm/snapshot.1_0 took: 1 ms
2023-04-22 02:18:21,324 [6aaf5ca8-0737-4296-ba95-7f0e9402c55b@group-81457971618B-StateMachineUpdater] INFO  impl.StateMachineUpdater (StateMachineUpdater.java:takeSnapshot(287)) - 6aaf5ca8-0737-4296-ba95-7f0e9402c55b@group-81457971618B-StateMachineUpdater: Took a snapshot at index 0
2023-04-22 02:18:21,324 [6aaf5ca8-0737-4296-ba95-7f0e9402c55b@group-81457971618B-StateMachineUpdater] INFO  impl.StateMachineUpdater (StateMachineUpdater.java:lambda$new$0(92)) - 6aaf5ca8-0737-4296-ba95-7f0e9402c55b@group-81457971618B-StateMachineUpdater: snapshotIndex: updateIncreasingly -1 -> 0
2023-04-22 02:18:21,495 [Listener at 127.0.0.1/41793] INFO  rpc.RpcClient (RpcClient.java:createVolume(476)) - Creating Volume: testcontainerstatemachinefailures, with runner as owner and space quota set to -1 bytes, counts quota set to -1
2023-04-22 02:18:21,544 [OM StateMachine ApplyTransaction Thread - 0] INFO  volume.OMVolumeCreateRequest (OMVolumeCreateRequest.java:validateAndUpdateCache(195)) - created volume:testcontainerstatemachinefailures for user:runner
2023-04-22 02:18:21,570 [Listener at 127.0.0.1/41793] INFO  rpc.RpcClient (RpcClient.java:createBucket(698)) - Creating Bucket: testcontainerstatemachinefailures/testcontainerstatemachinefailures, with server-side default bucket layout, runner as owner, Versioning false, Storage Type set to DISK and Encryption set to false, Replication Type set to server-side default replication type, Namespace Quota set to -1, Space Quota set to -1 
2023-04-22 02:18:21,583 [1fa0605c-c70f-40a8-a13c-0f797dcff94f@group-B7F574D72D8F-FollowerState] INFO  impl.FollowerState (FollowerState.java:run(143)) - 1fa0605c-c70f-40a8-a13c-0f797dcff94f@group-B7F574D72D8F-FollowerState: change to CANDIDATE, lastRpcElapsedTime:5023366791ns, electionTimeout:5022ms
2023-04-22 02:18:21,583 [1fa0605c-c70f-40a8-a13c-0f797dcff94f@group-B7F574D72D8F-FollowerState] INFO  impl.RoleInfo (RoleInfo.java:shutdownFollowerState(110)) - 1fa0605c-c70f-40a8-a13c-0f797dcff94f: shutdown 1fa0605c-c70f-40a8-a13c-0f797dcff94f@group-B7F574D72D8F-FollowerState
2023-04-22 02:18:21,583 [1fa0605c-c70f-40a8-a13c-0f797dcff94f@group-B7F574D72D8F-FollowerState] INFO  server.RaftServer$Division (RaftServerImpl.java:setRole(321)) - 1fa0605c-c70f-40a8-a13c-0f797dcff94f@group-B7F574D72D8F: changes role from  FOLLOWER to CANDIDATE at term 0 for changeToCandidate
2023-04-22 02:18:21,583 [1fa0605c-c70f-40a8-a13c-0f797dcff94f@group-B7F574D72D8F-FollowerState] INFO  server.RaftServerConfigKeys (ConfUtils.java:logGet(46)) - raft.server.leaderelection.pre-vote = true (default)
2023-04-22 02:18:21,583 [1fa0605c-c70f-40a8-a13c-0f797dcff94f@group-B7F574D72D8F-FollowerState] INFO  impl.RoleInfo (RoleInfo.java:updateAndGet(139)) - 1fa0605c-c70f-40a8-a13c-0f797dcff94f: start 1fa0605c-c70f-40a8-a13c-0f797dcff94f@group-B7F574D72D8F-LeaderElection8
2023-04-22 02:18:21,585 [OM StateMachine ApplyTransaction Thread - 0] INFO  bucket.OMBucketCreateRequest (OMBucketCreateRequest.java:validateAndUpdateCache(269)) - created bucket: testcontainerstatemachinefailures of layout FILE_SYSTEM_OPTIMIZED in volume: testcontainerstatemachinefailures
2023-04-22 02:18:21,587 [1fa0605c-c70f-40a8-a13c-0f797dcff94f@group-B7F574D72D8F-LeaderElection8] INFO  impl.LeaderElection (LeaderElection.java:askForVotes(312)) - 1fa0605c-c70f-40a8-a13c-0f797dcff94f@group-B7F574D72D8F-LeaderElection8 PRE_VOTE round 0: submit vote requests at term 0 for -1: peers:[1fa0605c-c70f-40a8-a13c-0f797dcff94f|rpc:10.1.0.20:37453|dataStream:10.1.0.20:37951|priority:1|startupRole:FOLLOWER]|listeners:[], old=null
2023-04-22 02:18:21,587 [1fa0605c-c70f-40a8-a13c-0f797dcff94f@group-B7F574D72D8F-LeaderElection8] INFO  impl.LeaderElection (LeaderElection.java:askForVotes(314)) - 1fa0605c-c70f-40a8-a13c-0f797dcff94f@group-B7F574D72D8F-LeaderElection8 PRE_VOTE round 0: result PASSED (term=0)
2023-04-22 02:18:21,588 [1fa0605c-c70f-40a8-a13c-0f797dcff94f@group-B7F574D72D8F-LeaderElection8] INFO  impl.LeaderElection (LeaderElection.java:askForVotes(312)) - 1fa0605c-c70f-40a8-a13c-0f797dcff94f@group-B7F574D72D8F-LeaderElection8 ELECTION round 0: submit vote requests at term 1 for -1: peers:[1fa0605c-c70f-40a8-a13c-0f797dcff94f|rpc:10.1.0.20:37453|dataStream:10.1.0.20:37951|priority:1|startupRole:FOLLOWER]|listeners:[], old=null
2023-04-22 02:18:21,588 [1fa0605c-c70f-40a8-a13c-0f797dcff94f@group-B7F574D72D8F-LeaderElection8] INFO  impl.LeaderElection (LeaderElection.java:askForVotes(314)) - 1fa0605c-c70f-40a8-a13c-0f797dcff94f@group-B7F574D72D8F-LeaderElection8 ELECTION round 0: result PASSED (term=1)
2023-04-22 02:18:21,588 [1fa0605c-c70f-40a8-a13c-0f797dcff94f@group-B7F574D72D8F-LeaderElection8] INFO  impl.RoleInfo (RoleInfo.java:shutdownLeaderElection(130)) - 1fa0605c-c70f-40a8-a13c-0f797dcff94f: shutdown 1fa0605c-c70f-40a8-a13c-0f797dcff94f@group-B7F574D72D8F-LeaderElection8
2023-04-22 02:18:21,588 [1fa0605c-c70f-40a8-a13c-0f797dcff94f@group-B7F574D72D8F-LeaderElection8] INFO  server.RaftServer$Division (RaftServerImpl.java:setRole(321)) - 1fa0605c-c70f-40a8-a13c-0f797dcff94f@group-B7F574D72D8F: changes role from CANDIDATE to LEADER at term 1 for changeToLeader
2023-04-22 02:18:21,588 [1fa0605c-c70f-40a8-a13c-0f797dcff94f@group-B7F574D72D8F-LeaderElection8] INFO  ratis.XceiverServerRatis (XceiverServerRatis.java:handleLeaderChangedNotification(904)) - Leader change notification received for group: group-B7F574D72D8F with new leaderId: 1fa0605c-c70f-40a8-a13c-0f797dcff94f
2023-04-22 02:18:21,588 [1fa0605c-c70f-40a8-a13c-0f797dcff94f@group-B7F574D72D8F-LeaderElection8] INFO  server.RaftServer$Division (ServerState.java:setLeader(313)) - 1fa0605c-c70f-40a8-a13c-0f797dcff94f@group-B7F574D72D8F: change Leader from null to 1fa0605c-c70f-40a8-a13c-0f797dcff94f at term 1 for becomeLeader, leader elected after 5040ms
2023-04-22 02:18:21,588 [1fa0605c-c70f-40a8-a13c-0f797dcff94f@group-B7F574D72D8F-LeaderElection8] INFO  server.RaftServerConfigKeys (ConfUtils.java:logGet(46)) - raft.server.staging.catchup.gap = 1000 (default)
2023-04-22 02:18:21,588 [1fa0605c-c70f-40a8-a13c-0f797dcff94f@group-B7F574D72D8F-LeaderElection8] INFO  server.RaftServerConfigKeys (ConfUtils.java:logGet(46)) - raft.server.write.element-limit = 1024 (custom)
2023-04-22 02:18:21,588 [1fa0605c-c70f-40a8-a13c-0f797dcff94f@group-B7F574D72D8F-LeaderElection8] INFO  server.RaftServerConfigKeys (ConfUtils.java:logGet(46)) - raft.server.write.byte-limit = 1024 M (=1073741824) (custom)
2023-04-22 02:18:21,589 [1fa0605c-c70f-40a8-a13c-0f797dcff94f@group-B7F574D72D8F-LeaderElection8] INFO  server.RaftServerConfigKeys (ConfUtils.java:logGet(46)) - raft.server.watch.timeout = 10000ms (default)
2023-04-22 02:18:21,589 [1fa0605c-c70f-40a8-a13c-0f797dcff94f@group-B7F574D72D8F-LeaderElection8] INFO  server.RaftServerConfigKeys (ConfUtils.java:logGet(46)) - raft.server.watch.timeout.denomination = 1s (default)
2023-04-22 02:18:21,589 [1fa0605c-c70f-40a8-a13c-0f797dcff94f@group-B7F574D72D8F-LeaderElection8] INFO  server.RaftServerConfigKeys (ConfUtils.java:logGet(46)) - raft.server.watch.element-limit = 65536 (default)
2023-04-22 02:18:21,589 [1fa0605c-c70f-40a8-a13c-0f797dcff94f@group-B7F574D72D8F-LeaderElection8] INFO  server.RaftServerConfigKeys (ConfUtils.java:logGet(46)) - raft.server.write.element-limit = 1024 (custom)
2023-04-22 02:18:21,589 [1fa0605c-c70f-40a8-a13c-0f797dcff94f@group-B7F574D72D8F-LeaderElection8] INFO  server.RaftServerConfigKeys (ConfUtils.java:logGet(46)) - raft.server.write.follower.gap.ratio.max = -1.0 (default)
2023-04-22 02:18:21,590 [1fa0605c-c70f-40a8-a13c-0f797dcff94f@group-B7F574D72D8F-LeaderElection8] INFO  impl.RoleInfo (RoleInfo.java:updateAndGet(139)) - 1fa0605c-c70f-40a8-a13c-0f797dcff94f: start 1fa0605c-c70f-40a8-a13c-0f797dcff94f@group-B7F574D72D8F-LeaderStateImpl
2023-04-22 02:18:21,590 [1fa0605c-c70f-40a8-a13c-0f797dcff94f@group-B7F574D72D8F-LeaderElection8] INFO  segmented.SegmentedRaftLogWorker (SegmentedRaftLogWorker.java:startLogSegment(452)) - 1fa0605c-c70f-40a8-a13c-0f797dcff94f@group-B7F574D72D8F-SegmentedRaftLogWorker: Starting segment from index:0
2023-04-22 02:18:21,590 [1fa0605c-c70f-40a8-a13c-0f797dcff94f@group-B7F574D72D8F-SegmentedRaftLogWorker] INFO  segmented.SegmentedRaftLogWorker (SegmentedRaftLogWorker.java:execute(656)) - 1fa0605c-c70f-40a8-a13c-0f797dcff94f@group-B7F574D72D8F-SegmentedRaftLogWorker: created new log segment /home/runner/work/ozone/ozone/hadoop-ozone/integration-test/target/test-dir/MiniOzoneClusterImpl-b640deff-6994-498f-92ea-4ac5c972f0d8/datanode-3/data/ratis/d12363c7-b3ec-4ef1-baed-b7f574d72d8f/current/log_inprogress_0
2023-04-22 02:18:21,592 [1fa0605c-c70f-40a8-a13c-0f797dcff94f@group-B7F574D72D8F-LeaderElection8] INFO  server.RaftServer$Division (ServerState.java:setRaftConf(430)) - 1fa0605c-c70f-40a8-a13c-0f797dcff94f@group-B7F574D72D8F: set configuration 0: peers:[1fa0605c-c70f-40a8-a13c-0f797dcff94f|rpc:10.1.0.20:37453|dataStream:10.1.0.20:37951|priority:1|startupRole:FOLLOWER]|listeners:[], old=null
2023-04-22 02:18:21,595 [1fa0605c-c70f-40a8-a13c-0f797dcff94f@group-B7F574D72D8F-StateMachineUpdater] INFO  ratis.ContainerStateMachine (ContainerStateMachine.java:takeSnapshot(330)) - group-B7F574D72D8F: Taking a snapshot at:(t:1, i:0) file /home/runner/work/ozone/ozone/hadoop-ozone/integration-test/target/test-dir/MiniOzoneClusterImpl-b640deff-6994-498f-92ea-4ac5c972f0d8/datanode-3/data/ratis/d12363c7-b3ec-4ef1-baed-b7f574d72d8f/sm/snapshot.1_0
2023-04-22 02:18:21,595 [1fa0605c-c70f-40a8-a13c-0f797dcff94f@group-B7F574D72D8F-StateMachineUpdater] INFO  ratis.ContainerStateMachine (ContainerStateMachine.java:takeSnapshot(341)) - group-B7F574D72D8F: Finished taking a snapshot at:(t:1, i:0) file:/home/runner/work/ozone/ozone/hadoop-ozone/integration-test/target/test-dir/MiniOzoneClusterImpl-b640deff-6994-498f-92ea-4ac5c972f0d8/datanode-3/data/ratis/d12363c7-b3ec-4ef1-baed-b7f574d72d8f/sm/snapshot.1_0 took: 0 ms
2023-04-22 02:18:21,595 [1fa0605c-c70f-40a8-a13c-0f797dcff94f@group-B7F574D72D8F-StateMachineUpdater] INFO  impl.StateMachineUpdater (StateMachineUpdater.java:takeSnapshot(287)) - 1fa0605c-c70f-40a8-a13c-0f797dcff94f@group-B7F574D72D8F-StateMachineUpdater: Took a snapshot at index 0
2023-04-22 02:18:21,595 [1fa0605c-c70f-40a8-a13c-0f797dcff94f@group-B7F574D72D8F-StateMachineUpdater] INFO  impl.StateMachineUpdater (StateMachineUpdater.java:lambda$new$0(92)) - 1fa0605c-c70f-40a8-a13c-0f797dcff94f@group-B7F574D72D8F-StateMachineUpdater: snapshotIndex: updateIncreasingly -1 -> 0
2023-04-22 02:18:21,674 [IPC Server handler 1 on default port 45983] INFO  ha.SequenceIdGenerator (SequenceIdGenerator.java:getNextId(128)) - Allocate a batch for containerId, change lastId from 0 to 1000.
2023-04-22 02:18:21,684 [IPC Server handler 1 on default port 45983] WARN  ha.SequenceIdGenerator (SequenceIdGenerator.java:allocateBatch(237)) - Failed to allocate a batch for localId, expected lastId is 0, actual lastId is 111677748019200000.
2023-04-22 02:18:21,684 [IPC Server handler 1 on default port 45983] INFO  ha.SequenceIdGenerator (SequenceIdGenerator.java:getNextId(128)) - Allocate a batch for localId, change lastId from 111677748019200000 to 111677748019201000.
2023-04-22 02:18:21,747 [1fa0605c-c70f-40a8-a13c-0f797dcff94f@group-E7D3625E2A84-FollowerState] INFO  impl.FollowerState (FollowerState.java:run(143)) - 1fa0605c-c70f-40a8-a13c-0f797dcff94f@group-E7D3625E2A84-FollowerState: change to CANDIDATE, lastRpcElapsedTime:5171561563ns, electionTimeout:5159ms
2023-04-22 02:18:21,748 [1fa0605c-c70f-40a8-a13c-0f797dcff94f@group-E7D3625E2A84-FollowerState] INFO  impl.RoleInfo (RoleInfo.java:shutdownFollowerState(110)) - 1fa0605c-c70f-40a8-a13c-0f797dcff94f: shutdown 1fa0605c-c70f-40a8-a13c-0f797dcff94f@group-E7D3625E2A84-FollowerState
2023-04-22 02:18:21,748 [1fa0605c-c70f-40a8-a13c-0f797dcff94f@group-E7D3625E2A84-FollowerState] INFO  server.RaftServer$Division (RaftServerImpl.java:setRole(321)) - 1fa0605c-c70f-40a8-a13c-0f797dcff94f@group-E7D3625E2A84: changes role from  FOLLOWER to CANDIDATE at term 0 for changeToCandidate
2023-04-22 02:18:21,748 [1fa0605c-c70f-40a8-a13c-0f797dcff94f@group-E7D3625E2A84-FollowerState] INFO  server.RaftServerConfigKeys (ConfUtils.java:logGet(46)) - raft.server.leaderelection.pre-vote = true (default)
2023-04-22 02:18:21,748 [1fa0605c-c70f-40a8-a13c-0f797dcff94f@group-E7D3625E2A84-FollowerState] INFO  impl.RoleInfo (RoleInfo.java:updateAndGet(139)) - 1fa0605c-c70f-40a8-a13c-0f797dcff94f: start 1fa0605c-c70f-40a8-a13c-0f797dcff94f@group-E7D3625E2A84-LeaderElection9
2023-04-22 02:18:21,757 [1fa0605c-c70f-40a8-a13c-0f797dcff94f@group-E7D3625E2A84-LeaderElection9] INFO  impl.LeaderElection (LeaderElection.java:askForVotes(312)) - 1fa0605c-c70f-40a8-a13c-0f797dcff94f@group-E7D3625E2A84-LeaderElection9 PRE_VOTE round 0: submit vote requests at term 0 for -1: peers:[1d143142-2b08-4d43-93ad-ad0adf4c04aa|rpc:10.1.0.20:35317|dataStream:10.1.0.20:37137|priority:0|startupRole:FOLLOWER, 1fa0605c-c70f-40a8-a13c-0f797dcff94f|rpc:10.1.0.20:37453|dataStream:10.1.0.20:37951|priority:0|startupRole:FOLLOWER, b7c32ab9-1d10-40a2-8298-2f54da75b521|rpc:10.1.0.20:39931|dataStream:10.1.0.20:33643|priority:1|startupRole:FOLLOWER]|listeners:[], old=null
2023-04-22 02:18:21,761 [1d143142-2b08-4d43-93ad-ad0adf4c04aa@group-E7D3625E2A84-FollowerState] INFO  impl.FollowerState (FollowerState.java:run(143)) - 1d143142-2b08-4d43-93ad-ad0adf4c04aa@group-E7D3625E2A84-FollowerState: change to CANDIDATE, lastRpcElapsedTime:5138297896ns, electionTimeout:5133ms
2023-04-22 02:18:21,761 [1d143142-2b08-4d43-93ad-ad0adf4c04aa@group-E7D3625E2A84-FollowerState] INFO  impl.RoleInfo (RoleInfo.java:shutdownFollowerState(110)) - 1d143142-2b08-4d43-93ad-ad0adf4c04aa: shutdown 1d143142-2b08-4d43-93ad-ad0adf4c04aa@group-E7D3625E2A84-FollowerState
2023-04-22 02:18:21,761 [1d143142-2b08-4d43-93ad-ad0adf4c04aa@group-E7D3625E2A84-FollowerState] INFO  server.RaftServer$Division (RaftServerImpl.java:setRole(321)) - 1d143142-2b08-4d43-93ad-ad0adf4c04aa@group-E7D3625E2A84: changes role from  FOLLOWER to CANDIDATE at term 0 for changeToCandidate
2023-04-22 02:18:21,762 [1d143142-2b08-4d43-93ad-ad0adf4c04aa@group-E7D3625E2A84-FollowerState] INFO  server.RaftServerConfigKeys (ConfUtils.java:logGet(46)) - raft.server.leaderelection.pre-vote = true (default)
2023-04-22 02:18:21,762 [1d143142-2b08-4d43-93ad-ad0adf4c04aa@group-E7D3625E2A84-FollowerState] INFO  impl.RoleInfo (RoleInfo.java:updateAndGet(139)) - 1d143142-2b08-4d43-93ad-ad0adf4c04aa: start 1d143142-2b08-4d43-93ad-ad0adf4c04aa@group-E7D3625E2A84-LeaderElection10
2023-04-22 02:18:21,763 [1fa0605c-c70f-40a8-a13c-0f797dcff94f@group-E7D3625E2A84-LeaderElection9-1] INFO  server.GrpcServerProtocolClient (GrpcServerProtocolClient.java:<init>(63)) - Build channel for 1d143142-2b08-4d43-93ad-ad0adf4c04aa
2023-04-22 02:18:21,765 [1fa0605c-c70f-40a8-a13c-0f797dcff94f@group-E7D3625E2A84-LeaderElection9] INFO  server.RaftServerConfigKeys (ConfUtils.java:logFallback(53)) - raft.server.rpc.first-election.timeout.min = 5s (fallback to raft.server.rpc.timeout.min)
2023-04-22 02:18:21,765 [1fa0605c-c70f-40a8-a13c-0f797dcff94f@group-E7D3625E2A84-LeaderElection9] INFO  server.RaftServerConfigKeys (ConfUtils.java:logFallback(53)) - raft.server.rpc.first-election.timeout.max = 5200ms (fallback to raft.server.rpc.timeout.max)
2023-04-22 02:18:21,765 [1fa0605c-c70f-40a8-a13c-0f797dcff94f@group-E7D3625E2A84-LeaderElection9-2] INFO  server.GrpcServerProtocolClient (GrpcServerProtocolClient.java:<init>(63)) - Build channel for b7c32ab9-1d10-40a2-8298-2f54da75b521
2023-04-22 02:18:21,773 [Listener at 127.0.0.1/41793] INFO  impl.MetricsSystemImpl (MetricsSystemImpl.java:init(158)) - XceiverClientMetrics metrics system started (again)
2023-04-22 02:18:21,774 [Listener at 127.0.0.1/41793] INFO  lib.Interns (Interns.java:removeEldestEntry(50)) - Metrics intern cache overflow at 2011 for MetricsSystem={MetricsSystem=MetricsInfoImpl{name=MetricsSystem, description=MetricsSystem}, MetricsSystem record=MetricsInfoImpl{name=MetricsSystem, description=MetricsSystem record}}
2023-04-22 02:18:21,790 [grpc-default-executor-4] INFO  server.RaftServer$Division (RaftServerImpl.java:requestVote(1218)) - 1d143142-2b08-4d43-93ad-ad0adf4c04aa@group-E7D3625E2A84: receive requestVote(PRE_VOTE, 1fa0605c-c70f-40a8-a13c-0f797dcff94f, group-E7D3625E2A84, 0, (t:0, i:0))
2023-04-22 02:18:21,793 [grpc-default-executor-4] INFO  impl.VoteContext (VoteContext.java:log(49)) - 1d143142-2b08-4d43-93ad-ad0adf4c04aa@group-E7D3625E2A84-CANDIDATE: accept PRE_VOTE from 1fa0605c-c70f-40a8-a13c-0f797dcff94f: our priority 0 <= candidate's priority 0
2023-04-22 02:18:21,793 [grpc-default-executor-4] INFO  server.RaftServer$Division (RaftServerImpl.java:requestVote(1251)) - 1d143142-2b08-4d43-93ad-ad0adf4c04aa@group-E7D3625E2A84 replies to PRE_VOTE vote request: 1fa0605c-c70f-40a8-a13c-0f797dcff94f<-1d143142-2b08-4d43-93ad-ad0adf4c04aa#0:OK-t0. Peer's state: 1d143142-2b08-4d43-93ad-ad0adf4c04aa@group-E7D3625E2A84:t0, leader=null, voted=, raftlog=Memoized:1d143142-2b08-4d43-93ad-ad0adf4c04aa@group-E7D3625E2A84-SegmentedRaftLog:OPENED:c-1, conf=-1: peers:[1d143142-2b08-4d43-93ad-ad0adf4c04aa|rpc:10.1.0.20:35317|dataStream:10.1.0.20:37137|priority:0|startupRole:FOLLOWER, 1fa0605c-c70f-40a8-a13c-0f797dcff94f|rpc:10.1.0.20:37453|dataStream:10.1.0.20:37951|priority:0|startupRole:FOLLOWER, b7c32ab9-1d10-40a2-8298-2f54da75b521|rpc:10.1.0.20:39931|dataStream:10.1.0.20:33643|priority:1|startupRole:FOLLOWER]|listeners:[], old=null
2023-04-22 02:18:21,794 [1d143142-2b08-4d43-93ad-ad0adf4c04aa@group-E7D3625E2A84-LeaderElection10] INFO  impl.LeaderElection (LeaderElection.java:askForVotes(312)) - 1d143142-2b08-4d43-93ad-ad0adf4c04aa@group-E7D3625E2A84-LeaderElection10 PRE_VOTE round 0: submit vote requests at term 0 for -1: peers:[1d143142-2b08-4d43-93ad-ad0adf4c04aa|rpc:10.1.0.20:35317|dataStream:10.1.0.20:37137|priority:0|startupRole:FOLLOWER, 1fa0605c-c70f-40a8-a13c-0f797dcff94f|rpc:10.1.0.20:37453|dataStream:10.1.0.20:37951|priority:0|startupRole:FOLLOWER, b7c32ab9-1d10-40a2-8298-2f54da75b521|rpc:10.1.0.20:39931|dataStream:10.1.0.20:33643|priority:1|startupRole:FOLLOWER]|listeners:[], old=null
2023-04-22 02:18:21,794 [1d143142-2b08-4d43-93ad-ad0adf4c04aa@group-E7D3625E2A84-LeaderElection10-1] INFO  server.GrpcServerProtocolClient (GrpcServerProtocolClient.java:<init>(63)) - Build channel for 1fa0605c-c70f-40a8-a13c-0f797dcff94f
2023-04-22 02:18:21,794 [1d143142-2b08-4d43-93ad-ad0adf4c04aa@group-E7D3625E2A84-LeaderElection10] INFO  server.RaftServerConfigKeys (ConfUtils.java:logFallback(53)) - raft.server.rpc.first-election.timeout.min = 5s (fallback to raft.server.rpc.timeout.min)
2023-04-22 02:18:21,794 [1d143142-2b08-4d43-93ad-ad0adf4c04aa@group-E7D3625E2A84-LeaderElection10] INFO  server.RaftServerConfigKeys (ConfUtils.java:logFallback(53)) - raft.server.rpc.first-election.timeout.max = 5200ms (fallback to raft.server.rpc.timeout.max)
2023-04-22 02:18:21,803 [grpc-default-executor-0] INFO  server.RaftServer$Division (RaftServerImpl.java:requestVote(1218)) - b7c32ab9-1d10-40a2-8298-2f54da75b521@group-E7D3625E2A84: receive requestVote(PRE_VOTE, 1fa0605c-c70f-40a8-a13c-0f797dcff94f, group-E7D3625E2A84, 0, (t:0, i:0))
2023-04-22 02:18:21,803 [grpc-default-executor-0] INFO  impl.VoteContext (VoteContext.java:log(49)) - b7c32ab9-1d10-40a2-8298-2f54da75b521@group-E7D3625E2A84-FOLLOWER: reject PRE_VOTE from 1fa0605c-c70f-40a8-a13c-0f797dcff94f: our priority 1 > candidate's priority 0
2023-04-22 02:18:21,803 [grpc-default-executor-0] INFO  server.RaftServer$Division (RaftServerImpl.java:requestVote(1251)) - b7c32ab9-1d10-40a2-8298-2f54da75b521@group-E7D3625E2A84 replies to PRE_VOTE vote request: 1fa0605c-c70f-40a8-a13c-0f797dcff94f<-b7c32ab9-1d10-40a2-8298-2f54da75b521#0:FAIL-t0. Peer's state: b7c32ab9-1d10-40a2-8298-2f54da75b521@group-E7D3625E2A84:t0, leader=null, voted=, raftlog=Memoized:b7c32ab9-1d10-40a2-8298-2f54da75b521@group-E7D3625E2A84-SegmentedRaftLog:OPENED:c-1, conf=-1: peers:[1d143142-2b08-4d43-93ad-ad0adf4c04aa|rpc:10.1.0.20:35317|dataStream:10.1.0.20:37137|priority:0|startupRole:FOLLOWER, 1fa0605c-c70f-40a8-a13c-0f797dcff94f|rpc:10.1.0.20:37453|dataStream:10.1.0.20:37951|priority:0|startupRole:FOLLOWER, b7c32ab9-1d10-40a2-8298-2f54da75b521|rpc:10.1.0.20:39931|dataStream:10.1.0.20:33643|priority:1|startupRole:FOLLOWER]|listeners:[], old=null
2023-04-22 02:18:21,806 [1fa0605c-c70f-40a8-a13c-0f797dcff94f@group-E7D3625E2A84-LeaderElection9] INFO  impl.LeaderElection (LeaderElection.java:logAndReturn(90)) - 1fa0605c-c70f-40a8-a13c-0f797dcff94f@group-E7D3625E2A84-LeaderElection9: PRE_VOTE REJECTED received 1 response(s) and 0 exception(s):
2023-04-22 02:18:21,806 [1fa0605c-c70f-40a8-a13c-0f797dcff94f@group-E7D3625E2A84-LeaderElection9] INFO  impl.LeaderElection (LeaderElection.java:logAndReturn(94)) -   Response 0: 1fa0605c-c70f-40a8-a13c-0f797dcff94f<-b7c32ab9-1d10-40a2-8298-2f54da75b521#0:FAIL-t0
2023-04-22 02:18:21,806 [1fa0605c-c70f-40a8-a13c-0f797dcff94f@group-E7D3625E2A84-LeaderElection9] INFO  impl.LeaderElection (LeaderElection.java:askForVotes(314)) - 1fa0605c-c70f-40a8-a13c-0f797dcff94f@group-E7D3625E2A84-LeaderElection9 PRE_VOTE round 0: result REJECTED
2023-04-22 02:18:21,806 [1fa0605c-c70f-40a8-a13c-0f797dcff94f@group-E7D3625E2A84-LeaderElection9] INFO  server.RaftServer$Division (RaftServerImpl.java:setRole(321)) - 1fa0605c-c70f-40a8-a13c-0f797dcff94f@group-E7D3625E2A84: changes role from CANDIDATE to FOLLOWER at term 0 for REJECTED
2023-04-22 02:18:21,806 [1fa0605c-c70f-40a8-a13c-0f797dcff94f@group-E7D3625E2A84-LeaderElection9] INFO  impl.RoleInfo (RoleInfo.java:shutdownLeaderElection(130)) - 1fa0605c-c70f-40a8-a13c-0f797dcff94f: shutdown 1fa0605c-c70f-40a8-a13c-0f797dcff94f@group-E7D3625E2A84-LeaderElection9
2023-04-22 02:18:21,806 [1d143142-2b08-4d43-93ad-ad0adf4c04aa@group-E7D3625E2A84-LeaderElection10-2] INFO  server.GrpcServerProtocolClient (GrpcServerProtocolClient.java:<init>(63)) - Build channel for b7c32ab9-1d10-40a2-8298-2f54da75b521
2023-04-22 02:18:21,806 [1fa0605c-c70f-40a8-a13c-0f797dcff94f@group-E7D3625E2A84-LeaderElection9] INFO  impl.RoleInfo (RoleInfo.java:updateAndGet(139)) - 1fa0605c-c70f-40a8-a13c-0f797dcff94f: start 1fa0605c-c70f-40a8-a13c-0f797dcff94f@group-E7D3625E2A84-FollowerState
2023-04-22 02:18:21,816 [1fa0605c-c70f-40a8-a13c-0f797dcff94f@group-E7D3625E2A84-FollowerState] INFO  server.RaftServerConfigKeys (ConfUtils.java:logFallback(53)) - raft.server.rpc.first-election.timeout.min = 5s (fallback to raft.server.rpc.timeout.min)
2023-04-22 02:18:21,823 [1fa0605c-c70f-40a8-a13c-0f797dcff94f@group-E7D3625E2A84-FollowerState] INFO  server.RaftServerConfigKeys (ConfUtils.java:logFallback(53)) - raft.server.rpc.first-election.timeout.max = 5200ms (fallback to raft.server.rpc.timeout.max)
2023-04-22 02:18:21,828 [grpc-default-executor-0] INFO  server.RaftServer$Division (RaftServerImpl.java:requestVote(1218)) - 1fa0605c-c70f-40a8-a13c-0f797dcff94f@group-E7D3625E2A84: receive requestVote(PRE_VOTE, 1d143142-2b08-4d43-93ad-ad0adf4c04aa, group-E7D3625E2A84, 0, (t:0, i:0))
2023-04-22 02:18:21,829 [grpc-default-executor-0] INFO  impl.VoteContext (VoteContext.java:log(49)) - 1fa0605c-c70f-40a8-a13c-0f797dcff94f@group-E7D3625E2A84-FOLLOWER: accept PRE_VOTE from 1d143142-2b08-4d43-93ad-ad0adf4c04aa: our priority 0 <= candidate's priority 0
2023-04-22 02:18:21,829 [grpc-default-executor-0] INFO  server.RaftServer$Division (RaftServerImpl.java:requestVote(1251)) - 1fa0605c-c70f-40a8-a13c-0f797dcff94f@group-E7D3625E2A84 replies to PRE_VOTE vote request: 1d143142-2b08-4d43-93ad-ad0adf4c04aa<-1fa0605c-c70f-40a8-a13c-0f797dcff94f#0:OK-t0. Peer's state: 1fa0605c-c70f-40a8-a13c-0f797dcff94f@group-E7D3625E2A84:t0, leader=null, voted=, raftlog=Memoized:1fa0605c-c70f-40a8-a13c-0f797dcff94f@group-E7D3625E2A84-SegmentedRaftLog:OPENED:c-1, conf=-1: peers:[1d143142-2b08-4d43-93ad-ad0adf4c04aa|rpc:10.1.0.20:35317|dataStream:10.1.0.20:37137|priority:0|startupRole:FOLLOWER, 1fa0605c-c70f-40a8-a13c-0f797dcff94f|rpc:10.1.0.20:37453|dataStream:10.1.0.20:37951|priority:0|startupRole:FOLLOWER, b7c32ab9-1d10-40a2-8298-2f54da75b521|rpc:10.1.0.20:39931|dataStream:10.1.0.20:33643|priority:1|startupRole:FOLLOWER]|listeners:[], old=null
2023-04-22 02:18:21,832 [grpc-default-executor-0] INFO  server.RaftServer$Division (RaftServerImpl.java:requestVote(1218)) - b7c32ab9-1d10-40a2-8298-2f54da75b521@group-E7D3625E2A84: receive requestVote(PRE_VOTE, 1d143142-2b08-4d43-93ad-ad0adf4c04aa, group-E7D3625E2A84, 0, (t:0, i:0))
2023-04-22 02:18:21,832 [grpc-default-executor-0] INFO  impl.VoteContext (VoteContext.java:log(49)) - b7c32ab9-1d10-40a2-8298-2f54da75b521@group-E7D3625E2A84-FOLLOWER: reject PRE_VOTE from 1d143142-2b08-4d43-93ad-ad0adf4c04aa: our priority 1 > candidate's priority 0
2023-04-22 02:18:21,832 [grpc-default-executor-0] INFO  server.RaftServer$Division (RaftServerImpl.java:requestVote(1251)) - b7c32ab9-1d10-40a2-8298-2f54da75b521@group-E7D3625E2A84 replies to PRE_VOTE vote request: 1d143142-2b08-4d43-93ad-ad0adf4c04aa<-b7c32ab9-1d10-40a2-8298-2f54da75b521#0:FAIL-t0. Peer's state: b7c32ab9-1d10-40a2-8298-2f54da75b521@group-E7D3625E2A84:t0, leader=null, voted=, raftlog=Memoized:b7c32ab9-1d10-40a2-8298-2f54da75b521@group-E7D3625E2A84-SegmentedRaftLog:OPENED:c-1, conf=-1: peers:[1d143142-2b08-4d43-93ad-ad0adf4c04aa|rpc:10.1.0.20:35317|dataStream:10.1.0.20:37137|priority:0|startupRole:FOLLOWER, 1fa0605c-c70f-40a8-a13c-0f797dcff94f|rpc:10.1.0.20:37453|dataStream:10.1.0.20:37951|priority:0|startupRole:FOLLOWER, b7c32ab9-1d10-40a2-8298-2f54da75b521|rpc:10.1.0.20:39931|dataStream:10.1.0.20:33643|priority:1|startupRole:FOLLOWER]|listeners:[], old=null
2023-04-22 02:18:21,833 [1d143142-2b08-4d43-93ad-ad0adf4c04aa@group-E7D3625E2A84-LeaderElection10] INFO  impl.LeaderElection (LeaderElection.java:logAndReturn(90)) - 1d143142-2b08-4d43-93ad-ad0adf4c04aa@group-E7D3625E2A84-LeaderElection10: PRE_VOTE REJECTED received 1 response(s) and 0 exception(s):
2023-04-22 02:18:21,833 [1d143142-2b08-4d43-93ad-ad0adf4c04aa@group-E7D3625E2A84-LeaderElection10] INFO  impl.LeaderElection (LeaderElection.java:logAndReturn(94)) -   Response 0: 1d143142-2b08-4d43-93ad-ad0adf4c04aa<-b7c32ab9-1d10-40a2-8298-2f54da75b521#0:FAIL-t0
2023-04-22 02:18:21,833 [1d143142-2b08-4d43-93ad-ad0adf4c04aa@group-E7D3625E2A84-LeaderElection10] INFO  impl.LeaderElection (LeaderElection.java:askForVotes(314)) - 1d143142-2b08-4d43-93ad-ad0adf4c04aa@group-E7D3625E2A84-LeaderElection10 PRE_VOTE round 0: result REJECTED
2023-04-22 02:18:21,833 [1d143142-2b08-4d43-93ad-ad0adf4c04aa@group-E7D3625E2A84-LeaderElection10] INFO  server.RaftServer$Division (RaftServerImpl.java:setRole(321)) - 1d143142-2b08-4d43-93ad-ad0adf4c04aa@group-E7D3625E2A84: changes role from CANDIDATE to FOLLOWER at term 0 for REJECTED
2023-04-22 02:18:21,833 [1d143142-2b08-4d43-93ad-ad0adf4c04aa@group-E7D3625E2A84-LeaderElection10] INFO  impl.RoleInfo (RoleInfo.java:shutdownLeaderElection(130)) - 1d143142-2b08-4d43-93ad-ad0adf4c04aa: shutdown 1d143142-2b08-4d43-93ad-ad0adf4c04aa@group-E7D3625E2A84-LeaderElection10
2023-04-22 02:18:21,833 [1d143142-2b08-4d43-93ad-ad0adf4c04aa@group-E7D3625E2A84-LeaderElection10] INFO  impl.RoleInfo (RoleInfo.java:updateAndGet(139)) - 1d143142-2b08-4d43-93ad-ad0adf4c04aa: start 1d143142-2b08-4d43-93ad-ad0adf4c04aa@group-E7D3625E2A84-FollowerState
2023-04-22 02:18:21,833 [1d143142-2b08-4d43-93ad-ad0adf4c04aa@group-E7D3625E2A84-FollowerState] INFO  server.RaftServerConfigKeys (ConfUtils.java:logFallback(53)) - raft.server.rpc.first-election.timeout.min = 5s (fallback to raft.server.rpc.timeout.min)
2023-04-22 02:18:21,833 [1d143142-2b08-4d43-93ad-ad0adf4c04aa@group-E7D3625E2A84-FollowerState] INFO  server.RaftServerConfigKeys (ConfUtils.java:logFallback(53)) - raft.server.rpc.first-election.timeout.max = 5200ms (fallback to raft.server.rpc.timeout.max)
2023-04-22 02:18:21,984 [1fa0605c-c70f-40a8-a13c-0f797dcff94f@group-98770BDE7CB1-FollowerState] INFO  impl.FollowerState (FollowerState.java:run(143)) - 1fa0605c-c70f-40a8-a13c-0f797dcff94f@group-98770BDE7CB1-FollowerState: change to CANDIDATE, lastRpcElapsedTime:5035372358ns, electionTimeout:5034ms
2023-04-22 02:18:21,985 [1fa0605c-c70f-40a8-a13c-0f797dcff94f@group-98770BDE7CB1-FollowerState] INFO  impl.RoleInfo (RoleInfo.java:shutdownFollowerState(110)) - 1fa0605c-c70f-40a8-a13c-0f797dcff94f: shutdown 1fa0605c-c70f-40a8-a13c-0f797dcff94f@group-98770BDE7CB1-FollowerState
2023-04-22 02:18:21,985 [1fa0605c-c70f-40a8-a13c-0f797dcff94f@group-98770BDE7CB1-FollowerState] INFO  server.RaftServer$Division (RaftServerImpl.java:setRole(321)) - 1fa0605c-c70f-40a8-a13c-0f797dcff94f@group-98770BDE7CB1: changes role from  FOLLOWER to CANDIDATE at term 0 for changeToCandidate
2023-04-22 02:18:21,985 [1fa0605c-c70f-40a8-a13c-0f797dcff94f@group-98770BDE7CB1-FollowerState] INFO  server.RaftServerConfigKeys (ConfUtils.java:logGet(46)) - raft.server.leaderelection.pre-vote = true (default)
2023-04-22 02:18:21,985 [1fa0605c-c70f-40a8-a13c-0f797dcff94f@group-98770BDE7CB1-FollowerState] INFO  impl.RoleInfo (RoleInfo.java:updateAndGet(139)) - 1fa0605c-c70f-40a8-a13c-0f797dcff94f: start 1fa0605c-c70f-40a8-a13c-0f797dcff94f@group-98770BDE7CB1-LeaderElection11
2023-04-22 02:18:21,988 [1d143142-2b08-4d43-93ad-ad0adf4c04aa@group-98770BDE7CB1-FollowerState] INFO  impl.FollowerState (FollowerState.java:run(143)) - 1d143142-2b08-4d43-93ad-ad0adf4c04aa@group-98770BDE7CB1-FollowerState: change to CANDIDATE, lastRpcElapsedTime:5001616491ns, electionTimeout:5000ms
2023-04-22 02:18:21,988 [1d143142-2b08-4d43-93ad-ad0adf4c04aa@group-98770BDE7CB1-FollowerState] INFO  impl.RoleInfo (RoleInfo.java:shutdownFollowerState(110)) - 1d143142-2b08-4d43-93ad-ad0adf4c04aa: shutdown 1d143142-2b08-4d43-93ad-ad0adf4c04aa@group-98770BDE7CB1-FollowerState
2023-04-22 02:18:21,988 [1d143142-2b08-4d43-93ad-ad0adf4c04aa@group-98770BDE7CB1-FollowerState] INFO  server.RaftServer$Division (RaftServerImpl.java:setRole(321)) - 1d143142-2b08-4d43-93ad-ad0adf4c04aa@group-98770BDE7CB1: changes role from  FOLLOWER to CANDIDATE at term 0 for changeToCandidate
2023-04-22 02:18:21,988 [1d143142-2b08-4d43-93ad-ad0adf4c04aa@group-98770BDE7CB1-FollowerState] INFO  server.RaftServerConfigKeys (ConfUtils.java:logGet(46)) - raft.server.leaderelection.pre-vote = true (default)
2023-04-22 02:18:21,988 [1d143142-2b08-4d43-93ad-ad0adf4c04aa@group-98770BDE7CB1-FollowerState] INFO  impl.RoleInfo (RoleInfo.java:updateAndGet(139)) - 1d143142-2b08-4d43-93ad-ad0adf4c04aa: start 1d143142-2b08-4d43-93ad-ad0adf4c04aa@group-98770BDE7CB1-LeaderElection12
2023-04-22 02:18:21,999 [1d143142-2b08-4d43-93ad-ad0adf4c04aa@group-99C1AEFEAC74-FollowerState] INFO  impl.FollowerState (FollowerState.java:run(143)) - 1d143142-2b08-4d43-93ad-ad0adf4c04aa@group-99C1AEFEAC74-FollowerState: change to CANDIDATE, lastRpcElapsedTime:5046264578ns, electionTimeout:5042ms
2023-04-22 02:18:22,000 [1d143142-2b08-4d43-93ad-ad0adf4c04aa@group-99C1AEFEAC74-FollowerState] INFO  impl.RoleInfo (RoleInfo.java:shutdownFollowerState(110)) - 1d143142-2b08-4d43-93ad-ad0adf4c04aa: shutdown 1d143142-2b08-4d43-93ad-ad0adf4c04aa@group-99C1AEFEAC74-FollowerState
2023-04-22 02:18:22,000 [1d143142-2b08-4d43-93ad-ad0adf4c04aa@group-99C1AEFEAC74-FollowerState] INFO  server.RaftServer$Division (RaftServerImpl.java:setRole(321)) - 1d143142-2b08-4d43-93ad-ad0adf4c04aa@group-99C1AEFEAC74: changes role from  FOLLOWER to CANDIDATE at term 0 for changeToCandidate
2023-04-22 02:18:22,000 [1d143142-2b08-4d43-93ad-ad0adf4c04aa@group-99C1AEFEAC74-FollowerState] INFO  server.RaftServerConfigKeys (ConfUtils.java:logGet(46)) - raft.server.leaderelection.pre-vote = true (default)
2023-04-22 02:18:22,000 [1d143142-2b08-4d43-93ad-ad0adf4c04aa@group-99C1AEFEAC74-FollowerState] INFO  impl.RoleInfo (RoleInfo.java:updateAndGet(139)) - 1d143142-2b08-4d43-93ad-ad0adf4c04aa: start 1d143142-2b08-4d43-93ad-ad0adf4c04aa@group-99C1AEFEAC74-LeaderElection13
2023-04-22 02:18:22,007 [1d143142-2b08-4d43-93ad-ad0adf4c04aa@group-98770BDE7CB1-LeaderElection12] INFO  impl.LeaderElection (LeaderElection.java:askForVotes(312)) - 1d143142-2b08-4d43-93ad-ad0adf4c04aa@group-98770BDE7CB1-LeaderElection12 PRE_VOTE round 0: submit vote requests at term 0 for -1: peers:[1d143142-2b08-4d43-93ad-ad0adf4c04aa|rpc:10.1.0.20:35317|dataStream:10.1.0.20:37137|priority:1|startupRole:FOLLOWER, b7c32ab9-1d10-40a2-8298-2f54da75b521|rpc:10.1.0.20:39931|dataStream:10.1.0.20:33643|priority:0|startupRole:FOLLOWER, 1fa0605c-c70f-40a8-a13c-0f797dcff94f|rpc:10.1.0.20:37453|dataStream:10.1.0.20:37951|priority:0|startupRole:FOLLOWER]|listeners:[], old=null
2023-04-22 02:18:22,012 [1d143142-2b08-4d43-93ad-ad0adf4c04aa@group-98770BDE7CB1-LeaderElection12] INFO  server.RaftServerConfigKeys (ConfUtils.java:logFallback(53)) - raft.server.rpc.first-election.timeout.min = 5s (fallback to raft.server.rpc.timeout.min)
2023-04-22 02:18:22,013 [1d143142-2b08-4d43-93ad-ad0adf4c04aa@group-98770BDE7CB1-LeaderElection12] INFO  server.RaftServerConfigKeys (ConfUtils.java:logFallback(53)) - raft.server.rpc.first-election.timeout.max = 5200ms (fallback to raft.server.rpc.timeout.max)
2023-04-22 02:18:22,017 [1d143142-2b08-4d43-93ad-ad0adf4c04aa@group-99C1AEFEAC74-LeaderElection13] INFO  impl.LeaderElection (LeaderElection.java:askForVotes(312)) - 1d143142-2b08-4d43-93ad-ad0adf4c04aa@group-99C1AEFEAC74-LeaderElection13 PRE_VOTE round 0: submit vote requests at term 0 for -1: peers:[1d143142-2b08-4d43-93ad-ad0adf4c04aa|rpc:10.1.0.20:35317|dataStream:10.1.0.20:37137|priority:1|startupRole:FOLLOWER]|listeners:[], old=null
2023-04-22 02:18:22,017 [1d143142-2b08-4d43-93ad-ad0adf4c04aa@group-99C1AEFEAC74-LeaderElection13] INFO  impl.LeaderElection (LeaderElection.java:askForVotes(314)) - 1d143142-2b08-4d43-93ad-ad0adf4c04aa@group-99C1AEFEAC74-LeaderElection13 PRE_VOTE round 0: result PASSED (term=0)
2023-04-22 02:18:22,018 [grpc-default-executor-0] INFO  server.RaftServer$Division (RaftServerImpl.java:requestVote(1218)) - b7c32ab9-1d10-40a2-8298-2f54da75b521@group-98770BDE7CB1: receive requestVote(PRE_VOTE, 1d143142-2b08-4d43-93ad-ad0adf4c04aa, group-98770BDE7CB1, 0, (t:0, i:0))
2023-04-22 02:18:22,018 [grpc-default-executor-0] INFO  impl.VoteContext (VoteContext.java:log(49)) - b7c32ab9-1d10-40a2-8298-2f54da75b521@group-98770BDE7CB1-FOLLOWER: accept PRE_VOTE from 1d143142-2b08-4d43-93ad-ad0adf4c04aa: our priority 0 <= candidate's priority 1
2023-04-22 02:18:22,018 [grpc-default-executor-0] INFO  server.RaftServer$Division (RaftServerImpl.java:requestVote(1251)) - b7c32ab9-1d10-40a2-8298-2f54da75b521@group-98770BDE7CB1 replies to PRE_VOTE vote request: 1d143142-2b08-4d43-93ad-ad0adf4c04aa<-b7c32ab9-1d10-40a2-8298-2f54da75b521#0:OK-t0. Peer's state: b7c32ab9-1d10-40a2-8298-2f54da75b521@group-98770BDE7CB1:t0, leader=null, voted=, raftlog=Memoized:b7c32ab9-1d10-40a2-8298-2f54da75b521@group-98770BDE7CB1-SegmentedRaftLog:OPENED:c-1, conf=-1: peers:[1d143142-2b08-4d43-93ad-ad0adf4c04aa|rpc:10.1.0.20:35317|dataStream:10.1.0.20:37137|priority:1|startupRole:FOLLOWER, b7c32ab9-1d10-40a2-8298-2f54da75b521|rpc:10.1.0.20:39931|dataStream:10.1.0.20:33643|priority:0|startupRole:FOLLOWER, 1fa0605c-c70f-40a8-a13c-0f797dcff94f|rpc:10.1.0.20:37453|dataStream:10.1.0.20:37951|priority:0|startupRole:FOLLOWER]|listeners:[], old=null
2023-04-22 02:18:22,019 [1d143142-2b08-4d43-93ad-ad0adf4c04aa@group-98770BDE7CB1-LeaderElection12] INFO  impl.LeaderElection (LeaderElection.java:logAndReturn(90)) - 1d143142-2b08-4d43-93ad-ad0adf4c04aa@group-98770BDE7CB1-LeaderElection12: PRE_VOTE PASSED received 1 response(s) and 0 exception(s):
2023-04-22 02:18:22,019 [1d143142-2b08-4d43-93ad-ad0adf4c04aa@group-98770BDE7CB1-LeaderElection12] INFO  impl.LeaderElection (LeaderElection.java:logAndReturn(94)) -   Response 0: 1d143142-2b08-4d43-93ad-ad0adf4c04aa<-b7c32ab9-1d10-40a2-8298-2f54da75b521#0:OK-t0
2023-04-22 02:18:22,019 [1d143142-2b08-4d43-93ad-ad0adf4c04aa@group-98770BDE7CB1-LeaderElection12] INFO  impl.LeaderElection (LeaderElection.java:askForVotes(314)) - 1d143142-2b08-4d43-93ad-ad0adf4c04aa@group-98770BDE7CB1-LeaderElection12 PRE_VOTE round 0: result PASSED
2023-04-22 02:18:22,020 [1d143142-2b08-4d43-93ad-ad0adf4c04aa@group-99C1AEFEAC74-LeaderElection13] INFO  impl.LeaderElection (LeaderElection.java:askForVotes(312)) - 1d143142-2b08-4d43-93ad-ad0adf4c04aa@group-99C1AEFEAC74-LeaderElection13 ELECTION round 0: submit vote requests at term 1 for -1: peers:[1d143142-2b08-4d43-93ad-ad0adf4c04aa|rpc:10.1.0.20:35317|dataStream:10.1.0.20:37137|priority:1|startupRole:FOLLOWER]|listeners:[], old=null
2023-04-22 02:18:22,020 [1d143142-2b08-4d43-93ad-ad0adf4c04aa@group-99C1AEFEAC74-LeaderElection13] INFO  impl.LeaderElection (LeaderElection.java:askForVotes(314)) - 1d143142-2b08-4d43-93ad-ad0adf4c04aa@group-99C1AEFEAC74-LeaderElection13 ELECTION round 0: result PASSED (term=1)
2023-04-22 02:18:22,020 [1d143142-2b08-4d43-93ad-ad0adf4c04aa@group-99C1AEFEAC74-LeaderElection13] INFO  impl.RoleInfo (RoleInfo.java:shutdownLeaderElection(130)) - 1d143142-2b08-4d43-93ad-ad0adf4c04aa: shutdown 1d143142-2b08-4d43-93ad-ad0adf4c04aa@group-99C1AEFEAC74-LeaderElection13
2023-04-22 02:18:22,020 [1d143142-2b08-4d43-93ad-ad0adf4c04aa@group-99C1AEFEAC74-LeaderElection13] INFO  server.RaftServer$Division (RaftServerImpl.java:setRole(321)) - 1d143142-2b08-4d43-93ad-ad0adf4c04aa@group-99C1AEFEAC74: changes role from CANDIDATE to LEADER at term 1 for changeToLeader
2023-04-22 02:18:22,020 [1d143142-2b08-4d43-93ad-ad0adf4c04aa@group-99C1AEFEAC74-LeaderElection13] INFO  ratis.XceiverServerRatis (XceiverServerRatis.java:handleLeaderChangedNotification(904)) - Leader change notification received for group: group-99C1AEFEAC74 with new leaderId: 1d143142-2b08-4d43-93ad-ad0adf4c04aa
2023-04-22 02:18:22,020 [1d143142-2b08-4d43-93ad-ad0adf4c04aa@group-98770BDE7CB1-LeaderElection12] INFO  impl.LeaderElection (LeaderElection.java:askForVotes(312)) - 1d143142-2b08-4d43-93ad-ad0adf4c04aa@group-98770BDE7CB1-LeaderElection12 ELECTION round 0: submit vote requests at term 1 for -1: peers:[1d143142-2b08-4d43-93ad-ad0adf4c04aa|rpc:10.1.0.20:35317|dataStream:10.1.0.20:37137|priority:1|startupRole:FOLLOWER, b7c32ab9-1d10-40a2-8298-2f54da75b521|rpc:10.1.0.20:39931|dataStream:10.1.0.20:33643|priority:0|startupRole:FOLLOWER, 1fa0605c-c70f-40a8-a13c-0f797dcff94f|rpc:10.1.0.20:37453|dataStream:10.1.0.20:37951|priority:0|startupRole:FOLLOWER]|listeners:[], old=null
2023-04-22 02:18:22,021 [b7c32ab9-1d10-40a2-8298-2f54da75b521@group-E7D3625E2A84-FollowerState] INFO  impl.FollowerState (FollowerState.java:run(143)) - b7c32ab9-1d10-40a2-8298-2f54da75b521@group-E7D3625E2A84-FollowerState: change to CANDIDATE, lastRpcElapsedTime:5103276189ns, electionTimeout:5083ms
2023-04-22 02:18:22,021 [b7c32ab9-1d10-40a2-8298-2f54da75b521@group-E7D3625E2A84-FollowerState] INFO  impl.RoleInfo (RoleInfo.java:shutdownFollowerState(110)) - b7c32ab9-1d10-40a2-8298-2f54da75b521: shutdown b7c32ab9-1d10-40a2-8298-2f54da75b521@group-E7D3625E2A84-FollowerState
2023-04-22 02:18:22,021 [b7c32ab9-1d10-40a2-8298-2f54da75b521@group-E7D3625E2A84-FollowerState] INFO  server.RaftServer$Division (RaftServerImpl.java:setRole(321)) - b7c32ab9-1d10-40a2-8298-2f54da75b521@group-E7D3625E2A84: changes role from  FOLLOWER to CANDIDATE at term 0 for changeToCandidate
2023-04-22 02:18:22,021 [1fa0605c-c70f-40a8-a13c-0f797dcff94f@group-98770BDE7CB1-LeaderElection11] INFO  impl.LeaderElection (LeaderElection.java:askForVotes(312)) - 1fa0605c-c70f-40a8-a13c-0f797dcff94f@group-98770BDE7CB1-LeaderElection11 PRE_VOTE round 0: submit vote requests at term 0 for -1: peers:[1d143142-2b08-4d43-93ad-ad0adf4c04aa|rpc:10.1.0.20:35317|dataStream:10.1.0.20:37137|priority:1|startupRole:FOLLOWER, b7c32ab9-1d10-40a2-8298-2f54da75b521|rpc:10.1.0.20:39931|dataStream:10.1.0.20:33643|priority:0|startupRole:FOLLOWER, 1fa0605c-c70f-40a8-a13c-0f797dcff94f|rpc:10.1.0.20:37453|dataStream:10.1.0.20:37951|priority:0|startupRole:FOLLOWER]|listeners:[], old=null
2023-04-22 02:18:22,022 [1d143142-2b08-4d43-93ad-ad0adf4c04aa@group-98770BDE7CB1-LeaderElection12] INFO  server.RaftServerConfigKeys (ConfUtils.java:logFallback(53)) - raft.server.rpc.first-election.timeout.min = 5s (fallback to raft.server.rpc.timeout.min)
2023-04-22 02:18:22,022 [1d143142-2b08-4d43-93ad-ad0adf4c04aa@group-98770BDE7CB1-LeaderElection12] INFO  server.RaftServerConfigKeys (ConfUtils.java:logFallback(53)) - raft.server.rpc.first-election.timeout.max = 5200ms (fallback to raft.server.rpc.timeout.max)
2023-04-22 02:18:22,023 [1d143142-2b08-4d43-93ad-ad0adf4c04aa@group-99C1AEFEAC74-LeaderElection13] INFO  server.RaftServer$Division (ServerState.java:setLeader(313)) - 1d143142-2b08-4d43-93ad-ad0adf4c04aa@group-99C1AEFEAC74: change Leader from null to 1d143142-2b08-4d43-93ad-ad0adf4c04aa at term 1 for becomeLeader, leader elected after 5088ms
2023-04-22 02:18:22,023 [1d143142-2b08-4d43-93ad-ad0adf4c04aa@group-99C1AEFEAC74-LeaderElection13] INFO  server.RaftServerConfigKeys (ConfUtils.java:logGet(46)) - raft.server.staging.catchup.gap = 1000 (default)
2023-04-22 02:18:22,023 [1d143142-2b08-4d43-93ad-ad0adf4c04aa@group-99C1AEFEAC74-LeaderElection13] INFO  server.RaftServerConfigKeys (ConfUtils.java:logGet(46)) - raft.server.write.element-limit = 1024 (custom)
2023-04-22 02:18:22,023 [1d143142-2b08-4d43-93ad-ad0adf4c04aa@group-99C1AEFEAC74-LeaderElection13] INFO  server.RaftServerConfigKeys (ConfUtils.java:logGet(46)) - raft.server.write.byte-limit = 1024 M (=1073741824) (custom)
2023-04-22 02:18:22,024 [1d143142-2b08-4d43-93ad-ad0adf4c04aa@group-99C1AEFEAC74-LeaderElection13] INFO  server.RaftServerConfigKeys (ConfUtils.java:logGet(46)) - raft.server.watch.timeout = 10000ms (default)
2023-04-22 02:18:22,024 [1d143142-2b08-4d43-93ad-ad0adf4c04aa@group-99C1AEFEAC74-LeaderElection13] INFO  server.RaftServerConfigKeys (ConfUtils.java:logGet(46)) - raft.server.watch.timeout.denomination = 1s (default)
2023-04-22 02:18:22,024 [1d143142-2b08-4d43-93ad-ad0adf4c04aa@group-99C1AEFEAC74-LeaderElection13] INFO  server.RaftServerConfigKeys (ConfUtils.java:logGet(46)) - raft.server.watch.element-limit = 65536 (default)
2023-04-22 02:18:22,024 [1d143142-2b08-4d43-93ad-ad0adf4c04aa@group-99C1AEFEAC74-LeaderElection13] INFO  server.RaftServerConfigKeys (ConfUtils.java:logGet(46)) - raft.server.write.element-limit = 1024 (custom)
2023-04-22 02:18:22,024 [1d143142-2b08-4d43-93ad-ad0adf4c04aa@group-99C1AEFEAC74-LeaderElection13] INFO  server.RaftServerConfigKeys (ConfUtils.java:logGet(46)) - raft.server.write.follower.gap.ratio.max = -1.0 (default)
2023-04-22 02:18:22,024 [1d143142-2b08-4d43-93ad-ad0adf4c04aa@group-99C1AEFEAC74-LeaderElection13] INFO  impl.RoleInfo (RoleInfo.java:updateAndGet(139)) - 1d143142-2b08-4d43-93ad-ad0adf4c04aa: start 1d143142-2b08-4d43-93ad-ad0adf4c04aa@group-99C1AEFEAC74-LeaderStateImpl
2023-04-22 02:18:22,024 [1d143142-2b08-4d43-93ad-ad0adf4c04aa@group-99C1AEFEAC74-LeaderElection13] INFO  segmented.SegmentedRaftLogWorker (SegmentedRaftLogWorker.java:startLogSegment(452)) - 1d143142-2b08-4d43-93ad-ad0adf4c04aa@group-99C1AEFEAC74-SegmentedRaftLogWorker: Starting segment from index:0
2023-04-22 02:18:22,029 [1d143142-2b08-4d43-93ad-ad0adf4c04aa@group-99C1AEFEAC74-LeaderElection13] INFO  server.RaftServer$Division (ServerState.java:setRaftConf(430)) - 1d143142-2b08-4d43-93ad-ad0adf4c04aa@group-99C1AEFEAC74: set configuration 0: peers:[1d143142-2b08-4d43-93ad-ad0adf4c04aa|rpc:10.1.0.20:35317|dataStream:10.1.0.20:37137|priority:1|startupRole:FOLLOWER]|listeners:[], old=null
2023-04-22 02:18:22,035 [grpc-default-executor-3] INFO  server.RaftServer$Division (RaftServerImpl.java:requestVote(1218)) - b7c32ab9-1d10-40a2-8298-2f54da75b521@group-98770BDE7CB1: receive requestVote(ELECTION, 1d143142-2b08-4d43-93ad-ad0adf4c04aa, group-98770BDE7CB1, 1, (t:0, i:0))
2023-04-22 02:18:22,043 [1fa0605c-c70f-40a8-a13c-0f797dcff94f@group-98770BDE7CB1-LeaderElection11] INFO  server.RaftServerConfigKeys (ConfUtils.java:logFallback(53)) - raft.server.rpc.first-election.timeout.min = 5s (fallback to raft.server.rpc.timeout.min)
2023-04-22 02:18:22,043 [1fa0605c-c70f-40a8-a13c-0f797dcff94f@group-98770BDE7CB1-LeaderElection11] INFO  server.RaftServerConfigKeys (ConfUtils.java:logFallback(53)) - raft.server.rpc.first-election.timeout.max = 5200ms (fallback to raft.server.rpc.timeout.max)
2023-04-22 02:18:22,044 [b7c32ab9-1d10-40a2-8298-2f54da75b521@group-E7D3625E2A84-FollowerState] INFO  server.RaftServerConfigKeys (ConfUtils.java:logGet(46)) - raft.server.leaderelection.pre-vote = true (default)
2023-04-22 02:18:22,044 [b7c32ab9-1d10-40a2-8298-2f54da75b521@group-E7D3625E2A84-FollowerState] INFO  impl.RoleInfo (RoleInfo.java:updateAndGet(139)) - b7c32ab9-1d10-40a2-8298-2f54da75b521: start b7c32ab9-1d10-40a2-8298-2f54da75b521@group-E7D3625E2A84-LeaderElection14
2023-04-22 02:18:22,059 [1d143142-2b08-4d43-93ad-ad0adf4c04aa@group-99C1AEFEAC74-SegmentedRaftLogWorker] INFO  segmented.SegmentedRaftLogWorker (SegmentedRaftLogWorker.java:execute(656)) - 1d143142-2b08-4d43-93ad-ad0adf4c04aa@group-99C1AEFEAC74-SegmentedRaftLogWorker: created new log segment /home/runner/work/ozone/ozone/hadoop-ozone/integration-test/target/test-dir/MiniOzoneClusterImpl-b640deff-6994-498f-92ea-4ac5c972f0d8/datanode-4/data/ratis/4e036e96-696e-4f7f-acba-99c1aefeac74/current/log_inprogress_0
2023-04-22 02:18:22,063 [grpc-default-executor-3] INFO  impl.VoteContext (VoteContext.java:log(49)) - b7c32ab9-1d10-40a2-8298-2f54da75b521@group-98770BDE7CB1-FOLLOWER: accept ELECTION from 1d143142-2b08-4d43-93ad-ad0adf4c04aa: our priority 0 <= candidate's priority 1
2023-04-22 02:18:22,063 [grpc-default-executor-3] INFO  server.RaftServer$Division (RaftServerImpl.java:setRole(321)) - b7c32ab9-1d10-40a2-8298-2f54da75b521@group-98770BDE7CB1: changes role from  FOLLOWER to FOLLOWER at term 1 for candidate:1d143142-2b08-4d43-93ad-ad0adf4c04aa
2023-04-22 02:18:22,063 [grpc-default-executor-3] INFO  impl.RoleInfo (RoleInfo.java:shutdownFollowerState(110)) - b7c32ab9-1d10-40a2-8298-2f54da75b521: shutdown b7c32ab9-1d10-40a2-8298-2f54da75b521@group-98770BDE7CB1-FollowerState
2023-04-22 02:18:22,063 [grpc-default-executor-3] INFO  impl.RoleInfo (RoleInfo.java:updateAndGet(139)) - b7c32ab9-1d10-40a2-8298-2f54da75b521: start b7c32ab9-1d10-40a2-8298-2f54da75b521@group-98770BDE7CB1-FollowerState
2023-04-22 02:18:22,063 [grpc-default-executor-4] INFO  server.RaftServer$Division (RaftServerImpl.java:requestVote(1218)) - 1fa0605c-c70f-40a8-a13c-0f797dcff94f@group-98770BDE7CB1: receive requestVote(ELECTION, 1d143142-2b08-4d43-93ad-ad0adf4c04aa, group-98770BDE7CB1, 1, (t:0, i:0))
2023-04-22 02:18:22,063 [grpc-default-executor-4] INFO  impl.VoteContext (VoteContext.java:log(49)) - 1fa0605c-c70f-40a8-a13c-0f797dcff94f@group-98770BDE7CB1-CANDIDATE: accept ELECTION from 1d143142-2b08-4d43-93ad-ad0adf4c04aa: our priority 0 <= candidate's priority 1
2023-04-22 02:18:22,063 [grpc-default-executor-4] INFO  server.RaftServer$Division (RaftServerImpl.java:setRole(321)) - 1fa0605c-c70f-40a8-a13c-0f797dcff94f@group-98770BDE7CB1: changes role from CANDIDATE to FOLLOWER at term 1 for candidate:1d143142-2b08-4d43-93ad-ad0adf4c04aa
2023-04-22 02:18:22,064 [grpc-default-executor-4] INFO  impl.RoleInfo (RoleInfo.java:shutdownLeaderElection(130)) - 1fa0605c-c70f-40a8-a13c-0f797dcff94f: shutdown 1fa0605c-c70f-40a8-a13c-0f797dcff94f@group-98770BDE7CB1-LeaderElection11
2023-04-22 02:18:22,065 [b7c32ab9-1d10-40a2-8298-2f54da75b521@group-98770BDE7CB1-FollowerState] INFO  impl.FollowerState (FollowerState.java:run(152)) - b7c32ab9-1d10-40a2-8298-2f54da75b521@group-98770BDE7CB1-FollowerState was interrupted
2023-04-22 02:18:22,075 [grpc-default-executor-4] INFO  impl.RoleInfo (RoleInfo.java:updateAndGet(139)) - 1fa0605c-c70f-40a8-a13c-0f797dcff94f: start 1fa0605c-c70f-40a8-a13c-0f797dcff94f@group-98770BDE7CB1-FollowerState
2023-04-22 02:18:22,075 [grpc-default-executor-2] INFO  server.RaftServer$Division (RaftServerImpl.java:requestVote(1218)) - b7c32ab9-1d10-40a2-8298-2f54da75b521@group-98770BDE7CB1: receive requestVote(PRE_VOTE, 1fa0605c-c70f-40a8-a13c-0f797dcff94f, group-98770BDE7CB1, 0, (t:0, i:0))
2023-04-22 02:18:22,075 [grpc-default-executor-1] INFO  server.RaftServer$Division (RaftServerImpl.java:requestVote(1218)) - 1d143142-2b08-4d43-93ad-ad0adf4c04aa@group-98770BDE7CB1: receive requestVote(PRE_VOTE, 1fa0605c-c70f-40a8-a13c-0f797dcff94f, group-98770BDE7CB1, 0, (t:0, i:0))
2023-04-22 02:18:22,075 [grpc-default-executor-1] INFO  impl.VoteContext (VoteContext.java:log(49)) - 1d143142-2b08-4d43-93ad-ad0adf4c04aa@group-98770BDE7CB1-CANDIDATE: reject PRE_VOTE from 1fa0605c-c70f-40a8-a13c-0f797dcff94f: our priority 1 > candidate's priority 0
2023-04-22 02:18:22,075 [grpc-default-executor-1] INFO  server.RaftServer$Division (RaftServerImpl.java:requestVote(1251)) - 1d143142-2b08-4d43-93ad-ad0adf4c04aa@group-98770BDE7CB1 replies to PRE_VOTE vote request: 1fa0605c-c70f-40a8-a13c-0f797dcff94f<-1d143142-2b08-4d43-93ad-ad0adf4c04aa#0:FAIL-t1. Peer's state: 1d143142-2b08-4d43-93ad-ad0adf4c04aa@group-98770BDE7CB1:t1, leader=null, voted=1d143142-2b08-4d43-93ad-ad0adf4c04aa, raftlog=Memoized:1d143142-2b08-4d43-93ad-ad0adf4c04aa@group-98770BDE7CB1-SegmentedRaftLog:OPENED:c-1, conf=-1: peers:[1d143142-2b08-4d43-93ad-ad0adf4c04aa|rpc:10.1.0.20:35317|dataStream:10.1.0.20:37137|priority:1|startupRole:FOLLOWER, b7c32ab9-1d10-40a2-8298-2f54da75b521|rpc:10.1.0.20:39931|dataStream:10.1.0.20:33643|priority:0|startupRole:FOLLOWER, 1fa0605c-c70f-40a8-a13c-0f797dcff94f|rpc:10.1.0.20:37453|dataStream:10.1.0.20:37951|priority:0|startupRole:FOLLOWER]|listeners:[], old=null
2023-04-22 02:18:22,076 [grpc-default-executor-0] INFO  server.RaftServer$Division (RaftServerImpl.java:requestVote(1218)) - 1fa0605c-c70f-40a8-a13c-0f797dcff94f@group-98770BDE7CB1: receive requestVote(PRE_VOTE, 1d143142-2b08-4d43-93ad-ad0adf4c04aa, group-98770BDE7CB1, 0, (t:0, i:0))
2023-04-22 02:18:22,078 [1fa0605c-c70f-40a8-a13c-0f797dcff94f@group-98770BDE7CB1-FollowerState] INFO  server.RaftServerConfigKeys (ConfUtils.java:logFallback(53)) - raft.server.rpc.first-election.timeout.min = 5s (fallback to raft.server.rpc.timeout.min)
2023-04-22 02:18:22,078 [1fa0605c-c70f-40a8-a13c-0f797dcff94f@group-98770BDE7CB1-FollowerState] INFO  server.RaftServerConfigKeys (ConfUtils.java:logFallback(53)) - raft.server.rpc.first-election.timeout.max = 5200ms (fallback to raft.server.rpc.timeout.max)
2023-04-22 02:18:22,078 [grpc-default-executor-4] INFO  server.RaftServer$Division (RaftServerImpl.java:requestVote(1251)) - 1fa0605c-c70f-40a8-a13c-0f797dcff94f@group-98770BDE7CB1 replies to ELECTION vote request: 1d143142-2b08-4d43-93ad-ad0adf4c04aa<-1fa0605c-c70f-40a8-a13c-0f797dcff94f#0:OK-t1. Peer's state: 1fa0605c-c70f-40a8-a13c-0f797dcff94f@group-98770BDE7CB1:t1, leader=null, voted=1d143142-2b08-4d43-93ad-ad0adf4c04aa, raftlog=Memoized:1fa0605c-c70f-40a8-a13c-0f797dcff94f@group-98770BDE7CB1-SegmentedRaftLog:OPENED:c-1, conf=-1: peers:[1d143142-2b08-4d43-93ad-ad0adf4c04aa|rpc:10.1.0.20:35317|dataStream:10.1.0.20:37137|priority:1|startupRole:FOLLOWER, b7c32ab9-1d10-40a2-8298-2f54da75b521|rpc:10.1.0.20:39931|dataStream:10.1.0.20:33643|priority:0|startupRole:FOLLOWER, 1fa0605c-c70f-40a8-a13c-0f797dcff94f|rpc:10.1.0.20:37453|dataStream:10.1.0.20:37951|priority:0|startupRole:FOLLOWER]|listeners:[], old=null
2023-04-22 02:18:22,078 [1d143142-2b08-4d43-93ad-ad0adf4c04aa@group-99C1AEFEAC74-StateMachineUpdater] INFO  ratis.ContainerStateMachine (ContainerStateMachine.java:takeSnapshot(330)) - group-99C1AEFEAC74: Taking a snapshot at:(t:1, i:0) file /home/runner/work/ozone/ozone/hadoop-ozone/integration-test/target/test-dir/MiniOzoneClusterImpl-b640deff-6994-498f-92ea-4ac5c972f0d8/datanode-4/data/ratis/4e036e96-696e-4f7f-acba-99c1aefeac74/sm/snapshot.1_0
2023-04-22 02:18:22,078 [grpc-default-executor-0] INFO  impl.VoteContext (VoteContext.java:log(49)) - 1fa0605c-c70f-40a8-a13c-0f797dcff94f@group-98770BDE7CB1-FOLLOWER: accept PRE_VOTE from 1d143142-2b08-4d43-93ad-ad0adf4c04aa: our priority 0 <= candidate's priority 1
2023-04-22 02:18:22,079 [grpc-default-executor-0] INFO  server.RaftServer$Division (RaftServerImpl.java:requestVote(1251)) - 1fa0605c-c70f-40a8-a13c-0f797dcff94f@group-98770BDE7CB1 replies to PRE_VOTE vote request: 1d143142-2b08-4d43-93ad-ad0adf4c04aa<-1fa0605c-c70f-40a8-a13c-0f797dcff94f#0:OK-t1. Peer's state: 1fa0605c-c70f-40a8-a13c-0f797dcff94f@group-98770BDE7CB1:t1, leader=null, voted=1d143142-2b08-4d43-93ad-ad0adf4c04aa, raftlog=Memoized:1fa0605c-c70f-40a8-a13c-0f797dcff94f@group-98770BDE7CB1-SegmentedRaftLog:OPENED:c-1, conf=-1: peers:[1d143142-2b08-4d43-93ad-ad0adf4c04aa|rpc:10.1.0.20:35317|dataStream:10.1.0.20:37137|priority:1|startupRole:FOLLOWER, b7c32ab9-1d10-40a2-8298-2f54da75b521|rpc:10.1.0.20:39931|dataStream:10.1.0.20:33643|priority:0|startupRole:FOLLOWER, 1fa0605c-c70f-40a8-a13c-0f797dcff94f|rpc:10.1.0.20:37453|dataStream:10.1.0.20:37951|priority:0|startupRole:FOLLOWER]|listeners:[], old=null
2023-04-22 02:18:22,079 [b7c32ab9-1d10-40a2-8298-2f54da75b521@group-E7D3625E2A84-LeaderElection14] INFO  impl.LeaderElection (LeaderElection.java:askForVotes(312)) - b7c32ab9-1d10-40a2-8298-2f54da75b521@group-E7D3625E2A84-LeaderElection14 PRE_VOTE round 0: submit vote requests at term 0 for -1: peers:[1d143142-2b08-4d43-93ad-ad0adf4c04aa|rpc:10.1.0.20:35317|dataStream:10.1.0.20:37137|priority:0|startupRole:FOLLOWER, 1fa0605c-c70f-40a8-a13c-0f797dcff94f|rpc:10.1.0.20:37453|dataStream:10.1.0.20:37951|priority:0|startupRole:FOLLOWER, b7c32ab9-1d10-40a2-8298-2f54da75b521|rpc:10.1.0.20:39931|dataStream:10.1.0.20:33643|priority:1|startupRole:FOLLOWER]|listeners:[], old=null
2023-04-22 02:18:22,079 [1d143142-2b08-4d43-93ad-ad0adf4c04aa@group-99C1AEFEAC74-StateMachineUpdater] INFO  ratis.ContainerStateMachine (ContainerStateMachine.java:takeSnapshot(341)) - group-99C1AEFEAC74: Finished taking a snapshot at:(t:1, i:0) file:/home/runner/work/ozone/ozone/hadoop-ozone/integration-test/target/test-dir/MiniOzoneClusterImpl-b640deff-6994-498f-92ea-4ac5c972f0d8/datanode-4/data/ratis/4e036e96-696e-4f7f-acba-99c1aefeac74/sm/snapshot.1_0 took: 1 ms
2023-04-22 02:18:22,079 [1d143142-2b08-4d43-93ad-ad0adf4c04aa@group-99C1AEFEAC74-StateMachineUpdater] INFO  impl.StateMachineUpdater (StateMachineUpdater.java:takeSnapshot(287)) - 1d143142-2b08-4d43-93ad-ad0adf4c04aa@group-99C1AEFEAC74-StateMachineUpdater: Took a snapshot at index 0
2023-04-22 02:18:22,079 [1d143142-2b08-4d43-93ad-ad0adf4c04aa@group-99C1AEFEAC74-StateMachineUpdater] INFO  impl.StateMachineUpdater (StateMachineUpdater.java:lambda$new$0(92)) - 1d143142-2b08-4d43-93ad-ad0adf4c04aa@group-99C1AEFEAC74-StateMachineUpdater: snapshotIndex: updateIncreasingly -1 -> 0
2023-04-22 02:18:22,083 [b7c32ab9-1d10-40a2-8298-2f54da75b521@group-E7D3625E2A84-LeaderElection14-1] INFO  server.GrpcServerProtocolClient (GrpcServerProtocolClient.java:<init>(63)) - Build channel for 1d143142-2b08-4d43-93ad-ad0adf4c04aa
2023-04-22 02:18:22,086 [b7c32ab9-1d10-40a2-8298-2f54da75b521@group-E7D3625E2A84-LeaderElection14] INFO  server.RaftServerConfigKeys (ConfUtils.java:logFallback(53)) - raft.server.rpc.first-election.timeout.min = 5s (fallback to raft.server.rpc.timeout.min)
2023-04-22 02:18:22,086 [b7c32ab9-1d10-40a2-8298-2f54da75b521@group-E7D3625E2A84-LeaderElection14] INFO  server.RaftServerConfigKeys (ConfUtils.java:logFallback(53)) - raft.server.rpc.first-election.timeout.max = 5200ms (fallback to raft.server.rpc.timeout.max)
2023-04-22 02:18:22,086 [b7c32ab9-1d10-40a2-8298-2f54da75b521@group-E7D3625E2A84-LeaderElection14-2] INFO  server.GrpcServerProtocolClient (GrpcServerProtocolClient.java:<init>(63)) - Build channel for 1fa0605c-c70f-40a8-a13c-0f797dcff94f
2023-04-22 02:18:22,088 [1d143142-2b08-4d43-93ad-ad0adf4c04aa@group-98770BDE7CB1-LeaderElection12] INFO  impl.LeaderElection (LeaderElection.java:logAndReturn(90)) - 1d143142-2b08-4d43-93ad-ad0adf4c04aa@group-98770BDE7CB1-LeaderElection12: ELECTION PASSED received 1 response(s) and 0 exception(s):
2023-04-22 02:18:22,088 [1d143142-2b08-4d43-93ad-ad0adf4c04aa@group-98770BDE7CB1-LeaderElection12] INFO  impl.LeaderElection (LeaderElection.java:logAndReturn(94)) -   Response 0: 1d143142-2b08-4d43-93ad-ad0adf4c04aa<-1fa0605c-c70f-40a8-a13c-0f797dcff94f#0:OK-t1
2023-04-22 02:18:22,088 [1d143142-2b08-4d43-93ad-ad0adf4c04aa@group-98770BDE7CB1-LeaderElection12] INFO  impl.LeaderElection (LeaderElection.java:askForVotes(314)) - 1d143142-2b08-4d43-93ad-ad0adf4c04aa@group-98770BDE7CB1-LeaderElection12 ELECTION round 0: result PASSED
2023-04-22 02:18:22,088 [1d143142-2b08-4d43-93ad-ad0adf4c04aa@group-98770BDE7CB1-LeaderElection12] INFO  impl.RoleInfo (RoleInfo.java:shutdownLeaderElection(130)) - 1d143142-2b08-4d43-93ad-ad0adf4c04aa: shutdown 1d143142-2b08-4d43-93ad-ad0adf4c04aa@group-98770BDE7CB1-LeaderElection12
2023-04-22 02:18:22,088 [1d143142-2b08-4d43-93ad-ad0adf4c04aa@group-98770BDE7CB1-LeaderElection12] INFO  server.RaftServer$Division (RaftServerImpl.java:setRole(321)) - 1d143142-2b08-4d43-93ad-ad0adf4c04aa@group-98770BDE7CB1: changes role from CANDIDATE to LEADER at term 1 for changeToLeader
2023-04-22 02:18:22,088 [1d143142-2b08-4d43-93ad-ad0adf4c04aa@group-98770BDE7CB1-LeaderElection12] INFO  ratis.XceiverServerRatis (XceiverServerRatis.java:handleLeaderChangedNotification(904)) - Leader change notification received for group: group-98770BDE7CB1 with new leaderId: 1d143142-2b08-4d43-93ad-ad0adf4c04aa
2023-04-22 02:18:22,088 [1d143142-2b08-4d43-93ad-ad0adf4c04aa@group-98770BDE7CB1-LeaderElection12] INFO  server.RaftServer$Division (ServerState.java:setLeader(313)) - 1d143142-2b08-4d43-93ad-ad0adf4c04aa@group-98770BDE7CB1: change Leader from null to 1d143142-2b08-4d43-93ad-ad0adf4c04aa at term 1 for becomeLeader, leader elected after 5116ms
2023-04-22 02:18:22,088 [1d143142-2b08-4d43-93ad-ad0adf4c04aa@group-98770BDE7CB1-LeaderElection12] INFO  server.RaftServerConfigKeys (ConfUtils.java:logGet(46)) - raft.server.staging.catchup.gap = 1000 (default)
2023-04-22 02:18:22,089 [1d143142-2b08-4d43-93ad-ad0adf4c04aa@group-98770BDE7CB1-LeaderElection12] INFO  server.RaftServerConfigKeys (ConfUtils.java:logGet(46)) - raft.server.write.element-limit = 1024 (custom)
2023-04-22 02:18:22,089 [1d143142-2b08-4d43-93ad-ad0adf4c04aa@group-98770BDE7CB1-LeaderElection12] INFO  server.RaftServerConfigKeys (ConfUtils.java:logGet(46)) - raft.server.write.byte-limit = 1024 M (=1073741824) (custom)
2023-04-22 02:18:22,089 [1d143142-2b08-4d43-93ad-ad0adf4c04aa@group-98770BDE7CB1-LeaderElection12] INFO  server.RaftServerConfigKeys (ConfUtils.java:logGet(46)) - raft.server.watch.timeout = 10000ms (default)
2023-04-22 02:18:22,089 [1d143142-2b08-4d43-93ad-ad0adf4c04aa@group-98770BDE7CB1-LeaderElection12] INFO  server.RaftServerConfigKeys (ConfUtils.java:logGet(46)) - raft.server.watch.timeout.denomination = 1s (default)
2023-04-22 02:18:22,089 [1d143142-2b08-4d43-93ad-ad0adf4c04aa@group-98770BDE7CB1-LeaderElection12] INFO  server.RaftServerConfigKeys (ConfUtils.java:logGet(46)) - raft.server.watch.element-limit = 65536 (default)
2023-04-22 02:18:22,091 [grpc-default-executor-3] INFO  server.RaftServer$Division (RaftServerImpl.java:requestVote(1251)) - b7c32ab9-1d10-40a2-8298-2f54da75b521@group-98770BDE7CB1 replies to ELECTION vote request: 1d143142-2b08-4d43-93ad-ad0adf4c04aa<-b7c32ab9-1d10-40a2-8298-2f54da75b521#0:OK-t1. Peer's state: b7c32ab9-1d10-40a2-8298-2f54da75b521@group-98770BDE7CB1:t1, leader=null, voted=1d143142-2b08-4d43-93ad-ad0adf4c04aa, raftlog=Memoized:b7c32ab9-1d10-40a2-8298-2f54da75b521@group-98770BDE7CB1-SegmentedRaftLog:OPENED:c-1, conf=-1: peers:[1d143142-2b08-4d43-93ad-ad0adf4c04aa|rpc:10.1.0.20:35317|dataStream:10.1.0.20:37137|priority:1|startupRole:FOLLOWER, b7c32ab9-1d10-40a2-8298-2f54da75b521|rpc:10.1.0.20:39931|dataStream:10.1.0.20:33643|priority:0|startupRole:FOLLOWER, 1fa0605c-c70f-40a8-a13c-0f797dcff94f|rpc:10.1.0.20:37453|dataStream:10.1.0.20:37951|priority:0|startupRole:FOLLOWER]|listeners:[], old=null
2023-04-22 02:18:22,092 [grpc-default-executor-2] INFO  impl.VoteContext (VoteContext.java:log(49)) - b7c32ab9-1d10-40a2-8298-2f54da75b521@group-98770BDE7CB1-FOLLOWER: accept PRE_VOTE from 1fa0605c-c70f-40a8-a13c-0f797dcff94f: our priority 0 <= candidate's priority 0
2023-04-22 02:18:22,092 [grpc-default-executor-2] INFO  server.RaftServer$Division (RaftServerImpl.java:requestVote(1251)) - b7c32ab9-1d10-40a2-8298-2f54da75b521@group-98770BDE7CB1 replies to PRE_VOTE vote request: 1fa0605c-c70f-40a8-a13c-0f797dcff94f<-b7c32ab9-1d10-40a2-8298-2f54da75b521#0:OK-t1. Peer's state: b7c32ab9-1d10-40a2-8298-2f54da75b521@group-98770BDE7CB1:t1, leader=null, voted=1d143142-2b08-4d43-93ad-ad0adf4c04aa, raftlog=Memoized:b7c32ab9-1d10-40a2-8298-2f54da75b521@group-98770BDE7CB1-SegmentedRaftLog:OPENED:c-1, conf=-1: peers:[1d143142-2b08-4d43-93ad-ad0adf4c04aa|rpc:10.1.0.20:35317|dataStream:10.1.0.20:37137|priority:1|startupRole:FOLLOWER, b7c32ab9-1d10-40a2-8298-2f54da75b521|rpc:10.1.0.20:39931|dataStream:10.1.0.20:33643|priority:0|startupRole:FOLLOWER, 1fa0605c-c70f-40a8-a13c-0f797dcff94f|rpc:10.1.0.20:37453|dataStream:10.1.0.20:37951|priority:0|startupRole:FOLLOWER]|listeners:[], old=null
2023-04-22 02:18:22,092 [b7c32ab9-1d10-40a2-8298-2f54da75b521@group-98770BDE7CB1-FollowerState] INFO  server.RaftServerConfigKeys (ConfUtils.java:logFallback(53)) - raft.server.rpc.first-election.timeout.min = 5s (fallback to raft.server.rpc.timeout.min)
2023-04-22 02:18:22,092 [b7c32ab9-1d10-40a2-8298-2f54da75b521@group-98770BDE7CB1-FollowerState] INFO  server.RaftServerConfigKeys (ConfUtils.java:logFallback(53)) - raft.server.rpc.first-election.timeout.max = 5200ms (fallback to raft.server.rpc.timeout.max)
2023-04-22 02:18:22,093 [1fa0605c-c70f-40a8-a13c-0f797dcff94f@group-98770BDE7CB1-LeaderElection11] INFO  impl.LeaderElection (LeaderElection.java:logAndReturn(90)) - 1fa0605c-c70f-40a8-a13c-0f797dcff94f@group-98770BDE7CB1-LeaderElection11: PRE_VOTE DISCOVERED_A_NEW_TERM (term=1) received 1 response(s) and 0 exception(s):
2023-04-22 02:18:22,093 [1fa0605c-c70f-40a8-a13c-0f797dcff94f@group-98770BDE7CB1-LeaderElection11] INFO  impl.LeaderElection (LeaderElection.java:logAndReturn(94)) -   Response 0: 1fa0605c-c70f-40a8-a13c-0f797dcff94f<-1d143142-2b08-4d43-93ad-ad0adf4c04aa#0:FAIL-t1
2023-04-22 02:18:22,093 [1fa0605c-c70f-40a8-a13c-0f797dcff94f@group-98770BDE7CB1-LeaderElection11] INFO  impl.LeaderElection (LeaderElection.java:askForVotes(314)) - 1fa0605c-c70f-40a8-a13c-0f797dcff94f@group-98770BDE7CB1-LeaderElection11 PRE_VOTE round 0: result DISCOVERED_A_NEW_TERM (term=1)
2023-04-22 02:18:22,094 [1d143142-2b08-4d43-93ad-ad0adf4c04aa@group-98770BDE7CB1-LeaderElection12] INFO  server.RaftServerConfigKeys (ConfUtils.java:logGet(46)) - raft.server.write.element-limit = 1024 (custom)
2023-04-22 02:18:22,099 [1d143142-2b08-4d43-93ad-ad0adf4c04aa@group-98770BDE7CB1-LeaderElection12] INFO  server.RaftServerConfigKeys (ConfUtils.java:logGet(46)) - raft.server.write.follower.gap.ratio.max = -1.0 (default)
2023-04-22 02:18:22,099 [1d143142-2b08-4d43-93ad-ad0adf4c04aa@group-98770BDE7CB1-LeaderElection12] INFO  server.RaftServerConfigKeys (ConfUtils.java:logGet(46)) - raft.server.log.appender.snapshot.chunk.size.max = 16MB (=16777216) (default)
2023-04-22 02:18:22,099 [1d143142-2b08-4d43-93ad-ad0adf4c04aa@group-98770BDE7CB1-LeaderElection12] INFO  server.RaftServerConfigKeys (ConfUtils.java:logGet(46)) - raft.server.log.appender.buffer.byte-limit = 33554432 (custom)
2023-04-22 02:18:22,099 [1d143142-2b08-4d43-93ad-ad0adf4c04aa@group-98770BDE7CB1-LeaderElection12] INFO  server.RaftServerConfigKeys (ConfUtils.java:logGet(46)) - raft.server.log.appender.buffer.element-limit = 1 (custom)
2023-04-22 02:18:22,099 [1d143142-2b08-4d43-93ad-ad0adf4c04aa@group-98770BDE7CB1-LeaderElection12] INFO  grpc.GrpcConfigKeys (ConfUtils.java:logGet(46)) - raft.grpc.server.leader.outstanding.appends.max = 128 (default)
2023-04-22 02:18:22,099 [1d143142-2b08-4d43-93ad-ad0adf4c04aa@group-98770BDE7CB1-LeaderElection12] INFO  server.RaftServerConfigKeys (ConfUtils.java:logGet(46)) - raft.server.rpc.request.timeout = 3000ms (default)
2023-04-22 02:18:22,100 [1d143142-2b08-4d43-93ad-ad0adf4c04aa@group-98770BDE7CB1-LeaderElection12] INFO  server.RaftServerConfigKeys (ConfUtils.java:logGet(46)) - raft.server.log.appender.install.snapshot.enabled = false (custom)
2023-04-22 02:18:22,100 [1d143142-2b08-4d43-93ad-ad0adf4c04aa@group-98770BDE7CB1-LeaderElection12] INFO  grpc.GrpcConfigKeys (ConfUtils.java:logGet(46)) - raft.grpc.server.heartbeat.channel = true (default)
2023-04-22 02:18:22,100 [1d143142-2b08-4d43-93ad-ad0adf4c04aa@group-98770BDE7CB1-LeaderElection12] INFO  server.RaftServerConfigKeys (ConfUtils.java:logGet(46)) - raft.server.log.appender.wait-time.min = 10ms (default)
2023-04-22 02:18:22,100 [1d143142-2b08-4d43-93ad-ad0adf4c04aa@group-98770BDE7CB1-LeaderElection12] INFO  server.RaftServerConfigKeys (ConfUtils.java:logGet(46)) - raft.server.log.appender.snapshot.chunk.size.max = 16MB (=16777216) (default)
2023-04-22 02:18:22,100 [1d143142-2b08-4d43-93ad-ad0adf4c04aa@group-98770BDE7CB1-LeaderElection12] INFO  server.RaftServerConfigKeys (ConfUtils.java:logGet(46)) - raft.server.log.appender.buffer.byte-limit = 33554432 (custom)
2023-04-22 02:18:22,100 [1d143142-2b08-4d43-93ad-ad0adf4c04aa@group-98770BDE7CB1-LeaderElection12] INFO  server.RaftServerConfigKeys (ConfUtils.java:logGet(46)) - raft.server.log.appender.buffer.element-limit = 1 (custom)
2023-04-22 02:18:22,100 [1d143142-2b08-4d43-93ad-ad0adf4c04aa@group-98770BDE7CB1-LeaderElection12] INFO  grpc.GrpcConfigKeys (ConfUtils.java:logGet(46)) - raft.grpc.server.leader.outstanding.appends.max = 128 (default)
2023-04-22 02:18:22,100 [1d143142-2b08-4d43-93ad-ad0adf4c04aa@group-98770BDE7CB1-LeaderElection12] INFO  server.RaftServerConfigKeys (ConfUtils.java:logGet(46)) - raft.server.rpc.request.timeout = 3000ms (default)
2023-04-22 02:18:22,100 [1d143142-2b08-4d43-93ad-ad0adf4c04aa@group-98770BDE7CB1-LeaderElection12] INFO  server.RaftServerConfigKeys (ConfUtils.java:logGet(46)) - raft.server.log.appender.install.snapshot.enabled = false (custom)
2023-04-22 02:18:22,100 [1d143142-2b08-4d43-93ad-ad0adf4c04aa@group-98770BDE7CB1-LeaderElection12] INFO  grpc.GrpcConfigKeys (ConfUtils.java:logGet(46)) - raft.grpc.server.heartbeat.channel = true (default)
2023-04-22 02:18:22,101 [1d143142-2b08-4d43-93ad-ad0adf4c04aa@group-98770BDE7CB1-LeaderElection12] INFO  server.RaftServerConfigKeys (ConfUtils.java:logGet(46)) - raft.server.log.appender.wait-time.min = 10ms (default)
2023-04-22 02:18:22,101 [1d143142-2b08-4d43-93ad-ad0adf4c04aa@group-98770BDE7CB1-LeaderElection12] INFO  impl.RoleInfo (RoleInfo.java:updateAndGet(139)) - 1d143142-2b08-4d43-93ad-ad0adf4c04aa: start 1d143142-2b08-4d43-93ad-ad0adf4c04aa@group-98770BDE7CB1-LeaderStateImpl
2023-04-22 02:18:22,101 [1d143142-2b08-4d43-93ad-ad0adf4c04aa@group-98770BDE7CB1-LeaderElection12] INFO  segmented.SegmentedRaftLogWorker (SegmentedRaftLogWorker.java:startLogSegment(452)) - 1d143142-2b08-4d43-93ad-ad0adf4c04aa@group-98770BDE7CB1-SegmentedRaftLogWorker: Starting segment from index:0
2023-04-22 02:18:22,097 [EventQueue-PipelineReportForPipelineReportHandler] INFO  pipeline.PipelineManagerImpl (PipelineManagerImpl.java:openPipeline(367)) - Pipeline Pipeline[ Id: 3756dc69-1fb3-4329-b2d6-98770bde7cb1, Nodes: b7c32ab9-1d10-40a2-8298-2f54da75b521(fv-az443-428.ap2fcshprsnunfx25e1aelzb4b.cx.internal.cloudapp.net/10.1.0.20)1fa0605c-c70f-40a8-a13c-0f797dcff94f(fv-az443-428.ap2fcshprsnunfx25e1aelzb4b.cx.internal.cloudapp.net/10.1.0.20)1d143142-2b08-4d43-93ad-ad0adf4c04aa(fv-az443-428.ap2fcshprsnunfx25e1aelzb4b.cx.internal.cloudapp.net/10.1.0.20), ReplicationConfig: RATIS/THREE, State:ALLOCATED, leaderId:1d143142-2b08-4d43-93ad-ad0adf4c04aa, CreationTimestamp2023-04-22T02:18:14.348Z[Etc/UTC]] moved to OPEN state
2023-04-22 02:18:22,103 [1d143142-2b08-4d43-93ad-ad0adf4c04aa@group-98770BDE7CB1-SegmentedRaftLogWorker] INFO  segmented.SegmentedRaftLogWorker (SegmentedRaftLogWorker.java:execute(656)) - 1d143142-2b08-4d43-93ad-ad0adf4c04aa@group-98770BDE7CB1-SegmentedRaftLogWorker: created new log segment /home/runner/work/ozone/ozone/hadoop-ozone/integration-test/target/test-dir/MiniOzoneClusterImpl-b640deff-6994-498f-92ea-4ac5c972f0d8/datanode-4/data/ratis/3756dc69-1fb3-4329-b2d6-98770bde7cb1/current/log_inprogress_0
2023-04-22 02:18:22,109 [grpc-default-executor-2] INFO  server.RaftServer$Division (RaftServerImpl.java:requestVote(1218)) - 1d143142-2b08-4d43-93ad-ad0adf4c04aa@group-E7D3625E2A84: receive requestVote(PRE_VOTE, b7c32ab9-1d10-40a2-8298-2f54da75b521, group-E7D3625E2A84, 0, (t:0, i:0))
2023-04-22 02:18:22,109 [grpc-default-executor-2] INFO  impl.VoteContext (VoteContext.java:log(49)) - 1d143142-2b08-4d43-93ad-ad0adf4c04aa@group-E7D3625E2A84-FOLLOWER: accept PRE_VOTE from b7c32ab9-1d10-40a2-8298-2f54da75b521: our priority 0 <= candidate's priority 1
2023-04-22 02:18:22,109 [grpc-default-executor-2] INFO  server.RaftServer$Division (RaftServerImpl.java:requestVote(1251)) - 1d143142-2b08-4d43-93ad-ad0adf4c04aa@group-E7D3625E2A84 replies to PRE_VOTE vote request: b7c32ab9-1d10-40a2-8298-2f54da75b521<-1d143142-2b08-4d43-93ad-ad0adf4c04aa#0:OK-t0. Peer's state: 1d143142-2b08-4d43-93ad-ad0adf4c04aa@group-E7D3625E2A84:t0, leader=null, voted=, raftlog=Memoized:1d143142-2b08-4d43-93ad-ad0adf4c04aa@group-E7D3625E2A84-SegmentedRaftLog:OPENED:c-1, conf=-1: peers:[1d143142-2b08-4d43-93ad-ad0adf4c04aa|rpc:10.1.0.20:35317|dataStream:10.1.0.20:37137|priority:0|startupRole:FOLLOWER, 1fa0605c-c70f-40a8-a13c-0f797dcff94f|rpc:10.1.0.20:37453|dataStream:10.1.0.20:37951|priority:0|startupRole:FOLLOWER, b7c32ab9-1d10-40a2-8298-2f54da75b521|rpc:10.1.0.20:39931|dataStream:10.1.0.20:33643|priority:1|startupRole:FOLLOWER]|listeners:[], old=null
2023-04-22 02:18:22,111 [b7c32ab9-1d10-40a2-8298-2f54da75b521@group-E7D3625E2A84-LeaderElection14] INFO  impl.LeaderElection (LeaderElection.java:logAndReturn(90)) - b7c32ab9-1d10-40a2-8298-2f54da75b521@group-E7D3625E2A84-LeaderElection14: PRE_VOTE PASSED received 1 response(s) and 0 exception(s):
2023-04-22 02:18:22,111 [b7c32ab9-1d10-40a2-8298-2f54da75b521@group-E7D3625E2A84-LeaderElection14] INFO  impl.LeaderElection (LeaderElection.java:logAndReturn(94)) -   Response 0: b7c32ab9-1d10-40a2-8298-2f54da75b521<-1d143142-2b08-4d43-93ad-ad0adf4c04aa#0:OK-t0
2023-04-22 02:18:22,111 [b7c32ab9-1d10-40a2-8298-2f54da75b521@group-E7D3625E2A84-LeaderElection14] INFO  impl.LeaderElection (LeaderElection.java:askForVotes(314)) - b7c32ab9-1d10-40a2-8298-2f54da75b521@group-E7D3625E2A84-LeaderElection14 PRE_VOTE round 0: result PASSED
2023-04-22 02:18:22,112 [b7c32ab9-1d10-40a2-8298-2f54da75b521@group-E7D3625E2A84-LeaderElection14] INFO  impl.LeaderElection (LeaderElection.java:askForVotes(312)) - b7c32ab9-1d10-40a2-8298-2f54da75b521@group-E7D3625E2A84-LeaderElection14 ELECTION round 0: submit vote requests at term 1 for -1: peers:[1d143142-2b08-4d43-93ad-ad0adf4c04aa|rpc:10.1.0.20:35317|dataStream:10.1.0.20:37137|priority:0|startupRole:FOLLOWER, 1fa0605c-c70f-40a8-a13c-0f797dcff94f|rpc:10.1.0.20:37453|dataStream:10.1.0.20:37951|priority:0|startupRole:FOLLOWER, b7c32ab9-1d10-40a2-8298-2f54da75b521|rpc:10.1.0.20:39931|dataStream:10.1.0.20:33643|priority:1|startupRole:FOLLOWER]|listeners:[], old=null
2023-04-22 02:18:22,133 [1d143142-2b08-4d43-93ad-ad0adf4c04aa@group-98770BDE7CB1-LeaderElection12] INFO  server.RaftServer$Division (ServerState.java:setRaftConf(430)) - 1d143142-2b08-4d43-93ad-ad0adf4c04aa@group-98770BDE7CB1: set configuration 0: peers:[1d143142-2b08-4d43-93ad-ad0adf4c04aa|rpc:10.1.0.20:35317|dataStream:10.1.0.20:37137|priority:1|startupRole:FOLLOWER, b7c32ab9-1d10-40a2-8298-2f54da75b521|rpc:10.1.0.20:39931|dataStream:10.1.0.20:33643|priority:0|startupRole:FOLLOWER, 1fa0605c-c70f-40a8-a13c-0f797dcff94f|rpc:10.1.0.20:37453|dataStream:10.1.0.20:37951|priority:0|startupRole:FOLLOWER]|listeners:[], old=null
2023-04-22 02:18:22,151 [b7c32ab9-1d10-40a2-8298-2f54da75b521-server-thread1] INFO  ratis.XceiverServerRatis (XceiverServerRatis.java:handleLeaderChangedNotification(904)) - Leader change notification received for group: group-98770BDE7CB1 with new leaderId: 1d143142-2b08-4d43-93ad-ad0adf4c04aa
2023-04-22 02:18:22,151 [b7c32ab9-1d10-40a2-8298-2f54da75b521-server-thread1] INFO  server.RaftServer$Division (ServerState.java:setLeader(313)) - b7c32ab9-1d10-40a2-8298-2f54da75b521@group-98770BDE7CB1: change Leader from null to 1d143142-2b08-4d43-93ad-ad0adf4c04aa at term 1 for appendEntries, leader elected after 5176ms
2023-04-22 02:18:22,153 [b7c32ab9-1d10-40a2-8298-2f54da75b521@group-E7D3625E2A84-LeaderElection14] INFO  server.RaftServerConfigKeys (ConfUtils.java:logFallback(53)) - raft.server.rpc.first-election.timeout.min = 5s (fallback to raft.server.rpc.timeout.min)
2023-04-22 02:18:22,153 [b7c32ab9-1d10-40a2-8298-2f54da75b521@group-E7D3625E2A84-LeaderElection14] INFO  server.RaftServerConfigKeys (ConfUtils.java:logFallback(53)) - raft.server.rpc.first-election.timeout.max = 5200ms (fallback to raft.server.rpc.timeout.max)
2023-04-22 02:18:22,156 [1d143142-2b08-4d43-93ad-ad0adf4c04aa@group-98770BDE7CB1-StateMachineUpdater] INFO  ratis.ContainerStateMachine (ContainerStateMachine.java:takeSnapshot(330)) - group-98770BDE7CB1: Taking a snapshot at:(t:1, i:0) file /home/runner/work/ozone/ozone/hadoop-ozone/integration-test/target/test-dir/MiniOzoneClusterImpl-b640deff-6994-498f-92ea-4ac5c972f0d8/datanode-4/data/ratis/3756dc69-1fb3-4329-b2d6-98770bde7cb1/sm/snapshot.1_0
2023-04-22 02:18:22,156 [1d143142-2b08-4d43-93ad-ad0adf4c04aa@group-98770BDE7CB1-StateMachineUpdater] INFO  ratis.ContainerStateMachine (ContainerStateMachine.java:takeSnapshot(341)) - group-98770BDE7CB1: Finished taking a snapshot at:(t:1, i:0) file:/home/runner/work/ozone/ozone/hadoop-ozone/integration-test/target/test-dir/MiniOzoneClusterImpl-b640deff-6994-498f-92ea-4ac5c972f0d8/datanode-4/data/ratis/3756dc69-1fb3-4329-b2d6-98770bde7cb1/sm/snapshot.1_0 took: 1 ms
2023-04-22 02:18:22,156 [1d143142-2b08-4d43-93ad-ad0adf4c04aa@group-98770BDE7CB1-StateMachineUpdater] INFO  impl.StateMachineUpdater (StateMachineUpdater.java:takeSnapshot(287)) - 1d143142-2b08-4d43-93ad-ad0adf4c04aa@group-98770BDE7CB1-StateMachineUpdater: Took a snapshot at index 0
2023-04-22 02:18:22,156 [1d143142-2b08-4d43-93ad-ad0adf4c04aa@group-98770BDE7CB1-StateMachineUpdater] INFO  impl.StateMachineUpdater (StateMachineUpdater.java:lambda$new$0(92)) - 1d143142-2b08-4d43-93ad-ad0adf4c04aa@group-98770BDE7CB1-StateMachineUpdater: snapshotIndex: updateIncreasingly -1 -> 0
2023-04-22 02:18:22,169 [grpc-default-executor-6] INFO  server.RaftServer$Division (RaftServerImpl.java:requestVote(1218)) - 1d143142-2b08-4d43-93ad-ad0adf4c04aa@group-E7D3625E2A84: receive requestVote(ELECTION, b7c32ab9-1d10-40a2-8298-2f54da75b521, group-E7D3625E2A84, 1, (t:0, i:0))
2023-04-22 02:18:22,169 [grpc-default-executor-6] INFO  impl.VoteContext (VoteContext.java:log(49)) - 1d143142-2b08-4d43-93ad-ad0adf4c04aa@group-E7D3625E2A84-FOLLOWER: accept ELECTION from b7c32ab9-1d10-40a2-8298-2f54da75b521: our priority 0 <= candidate's priority 1
2023-04-22 02:18:22,169 [grpc-default-executor-6] INFO  server.RaftServer$Division (RaftServerImpl.java:setRole(321)) - 1d143142-2b08-4d43-93ad-ad0adf4c04aa@group-E7D3625E2A84: changes role from  FOLLOWER to FOLLOWER at term 1 for candidate:b7c32ab9-1d10-40a2-8298-2f54da75b521
2023-04-22 02:18:22,169 [grpc-default-executor-6] INFO  impl.RoleInfo (RoleInfo.java:shutdownFollowerState(110)) - 1d143142-2b08-4d43-93ad-ad0adf4c04aa: shutdown 1d143142-2b08-4d43-93ad-ad0adf4c04aa@group-E7D3625E2A84-FollowerState
2023-04-22 02:18:22,172 [1fa0605c-c70f-40a8-a13c-0f797dcff94f-server-thread1] INFO  ratis.XceiverServerRatis (XceiverServerRatis.java:handleLeaderChangedNotification(904)) - Leader change notification received for group: group-98770BDE7CB1 with new leaderId: 1d143142-2b08-4d43-93ad-ad0adf4c04aa
2023-04-22 02:18:22,173 [1fa0605c-c70f-40a8-a13c-0f797dcff94f-server-thread1] INFO  server.RaftServer$Division (ServerState.java:setLeader(313)) - 1fa0605c-c70f-40a8-a13c-0f797dcff94f@group-98770BDE7CB1: change Leader from null to 1d143142-2b08-4d43-93ad-ad0adf4c04aa at term 1 for appendEntries, leader elected after 5235ms
2023-04-22 02:18:22,173 [1d143142-2b08-4d43-93ad-ad0adf4c04aa@group-E7D3625E2A84-FollowerState] INFO  impl.FollowerState (FollowerState.java:run(152)) - 1d143142-2b08-4d43-93ad-ad0adf4c04aa@group-E7D3625E2A84-FollowerState was interrupted
2023-04-22 02:18:22,178 [b7c32ab9-1d10-40a2-8298-2f54da75b521-server-thread2] INFO  server.RaftServer$Division (ServerState.java:setRaftConf(430)) - b7c32ab9-1d10-40a2-8298-2f54da75b521@group-98770BDE7CB1: set configuration 0: peers:[1d143142-2b08-4d43-93ad-ad0adf4c04aa|rpc:10.1.0.20:35317|dataStream:10.1.0.20:37137|priority:1|startupRole:FOLLOWER, b7c32ab9-1d10-40a2-8298-2f54da75b521|rpc:10.1.0.20:39931|dataStream:10.1.0.20:33643|priority:0|startupRole:FOLLOWER, 1fa0605c-c70f-40a8-a13c-0f797dcff94f|rpc:10.1.0.20:37453|dataStream:10.1.0.20:37951|priority:0|startupRole:FOLLOWER]|listeners:[], old=null
2023-04-22 02:18:22,178 [b7c32ab9-1d10-40a2-8298-2f54da75b521-server-thread2] INFO  segmented.SegmentedRaftLogWorker (SegmentedRaftLogWorker.java:startLogSegment(452)) - b7c32ab9-1d10-40a2-8298-2f54da75b521@group-98770BDE7CB1-SegmentedRaftLogWorker: Starting segment from index:0
2023-04-22 02:18:22,179 [1fa0605c-c70f-40a8-a13c-0f797dcff94f-server-thread1] INFO  server.RaftServer$Division (ServerState.java:setRaftConf(430)) - 1fa0605c-c70f-40a8-a13c-0f797dcff94f@group-98770BDE7CB1: set configuration 0: peers:[1d143142-2b08-4d43-93ad-ad0adf4c04aa|rpc:10.1.0.20:35317|dataStream:10.1.0.20:37137|priority:1|startupRole:FOLLOWER, b7c32ab9-1d10-40a2-8298-2f54da75b521|rpc:10.1.0.20:39931|dataStream:10.1.0.20:33643|priority:0|startupRole:FOLLOWER, 1fa0605c-c70f-40a8-a13c-0f797dcff94f|rpc:10.1.0.20:37453|dataStream:10.1.0.20:37951|priority:0|startupRole:FOLLOWER]|listeners:[], old=null
2023-04-22 02:18:22,179 [1fa0605c-c70f-40a8-a13c-0f797dcff94f-server-thread1] INFO  segmented.SegmentedRaftLogWorker (SegmentedRaftLogWorker.java:startLogSegment(452)) - 1fa0605c-c70f-40a8-a13c-0f797dcff94f@group-98770BDE7CB1-SegmentedRaftLogWorker: Starting segment from index:0
2023-04-22 02:18:22,189 [grpc-default-executor-6] INFO  impl.RoleInfo (RoleInfo.java:updateAndGet(139)) - 1d143142-2b08-4d43-93ad-ad0adf4c04aa: start 1d143142-2b08-4d43-93ad-ad0adf4c04aa@group-E7D3625E2A84-FollowerState
2023-04-22 02:18:22,189 [b7c32ab9-1d10-40a2-8298-2f54da75b521@group-98770BDE7CB1-SegmentedRaftLogWorker] INFO  segmented.SegmentedRaftLogWorker (SegmentedRaftLogWorker.java:execute(656)) - b7c32ab9-1d10-40a2-8298-2f54da75b521@group-98770BDE7CB1-SegmentedRaftLogWorker: created new log segment /home/runner/work/ozone/ozone/hadoop-ozone/integration-test/target/test-dir/MiniOzoneClusterImpl-b640deff-6994-498f-92ea-4ac5c972f0d8/datanode-5/data/ratis/3756dc69-1fb3-4329-b2d6-98770bde7cb1/current/log_inprogress_0
2023-04-22 02:18:22,197 [1fa0605c-c70f-40a8-a13c-0f797dcff94f@group-98770BDE7CB1-SegmentedRaftLogWorker] INFO  segmented.SegmentedRaftLogWorker (SegmentedRaftLogWorker.java:execute(656)) - 1fa0605c-c70f-40a8-a13c-0f797dcff94f@group-98770BDE7CB1-SegmentedRaftLogWorker: created new log segment /home/runner/work/ozone/ozone/hadoop-ozone/integration-test/target/test-dir/MiniOzoneClusterImpl-b640deff-6994-498f-92ea-4ac5c972f0d8/datanode-3/data/ratis/3756dc69-1fb3-4329-b2d6-98770bde7cb1/current/log_inprogress_0
2023-04-22 02:18:22,198 [grpc-default-executor-6] INFO  server.RaftServer$Division (RaftServerImpl.java:requestVote(1251)) - 1d143142-2b08-4d43-93ad-ad0adf4c04aa@group-E7D3625E2A84 replies to ELECTION vote request: b7c32ab9-1d10-40a2-8298-2f54da75b521<-1d143142-2b08-4d43-93ad-ad0adf4c04aa#0:OK-t1. Peer's state: 1d143142-2b08-4d43-93ad-ad0adf4c04aa@group-E7D3625E2A84:t1, leader=null, voted=b7c32ab9-1d10-40a2-8298-2f54da75b521, raftlog=Memoized:1d143142-2b08-4d43-93ad-ad0adf4c04aa@group-E7D3625E2A84-SegmentedRaftLog:OPENED:c-1, conf=-1: peers:[1d143142-2b08-4d43-93ad-ad0adf4c04aa|rpc:10.1.0.20:35317|dataStream:10.1.0.20:37137|priority:0|startupRole:FOLLOWER, 1fa0605c-c70f-40a8-a13c-0f797dcff94f|rpc:10.1.0.20:37453|dataStream:10.1.0.20:37951|priority:0|startupRole:FOLLOWER, b7c32ab9-1d10-40a2-8298-2f54da75b521|rpc:10.1.0.20:39931|dataStream:10.1.0.20:33643|priority:1|startupRole:FOLLOWER]|listeners:[], old=null
2023-04-22 02:18:22,199 [1d143142-2b08-4d43-93ad-ad0adf4c04aa@group-E7D3625E2A84-FollowerState] INFO  server.RaftServerConfigKeys (ConfUtils.java:logFallback(53)) - raft.server.rpc.first-election.timeout.min = 5s (fallback to raft.server.rpc.timeout.min)
2023-04-22 02:18:22,199 [1d143142-2b08-4d43-93ad-ad0adf4c04aa@group-E7D3625E2A84-FollowerState] INFO  server.RaftServerConfigKeys (ConfUtils.java:logFallback(53)) - raft.server.rpc.first-election.timeout.max = 5200ms (fallback to raft.server.rpc.timeout.max)
2023-04-22 02:18:22,200 [b7c32ab9-1d10-40a2-8298-2f54da75b521@group-E7D3625E2A84-LeaderElection14] INFO  impl.LeaderElection (LeaderElection.java:logAndReturn(90)) - b7c32ab9-1d10-40a2-8298-2f54da75b521@group-E7D3625E2A84-LeaderElection14: ELECTION PASSED received 1 response(s) and 0 exception(s):
2023-04-22 02:18:22,200 [b7c32ab9-1d10-40a2-8298-2f54da75b521@group-E7D3625E2A84-LeaderElection14] INFO  impl.LeaderElection (LeaderElection.java:logAndReturn(94)) -   Response 0: b7c32ab9-1d10-40a2-8298-2f54da75b521<-1d143142-2b08-4d43-93ad-ad0adf4c04aa#0:OK-t1
2023-04-22 02:18:22,204 [grpc-default-executor-0] INFO  server.RaftServer$Division (RaftServerImpl.java:requestVote(1218)) - 1fa0605c-c70f-40a8-a13c-0f797dcff94f@group-E7D3625E2A84: receive requestVote(PRE_VOTE, b7c32ab9-1d10-40a2-8298-2f54da75b521, group-E7D3625E2A84, 0, (t:0, i:0))
2023-04-22 02:18:22,204 [grpc-default-executor-0] INFO  impl.VoteContext (VoteContext.java:log(49)) - 1fa0605c-c70f-40a8-a13c-0f797dcff94f@group-E7D3625E2A84-FOLLOWER: accept PRE_VOTE from b7c32ab9-1d10-40a2-8298-2f54da75b521: our priority 0 <= candidate's priority 1
2023-04-22 02:18:22,204 [grpc-default-executor-0] INFO  server.RaftServer$Division (RaftServerImpl.java:requestVote(1251)) - 1fa0605c-c70f-40a8-a13c-0f797dcff94f@group-E7D3625E2A84 replies to PRE_VOTE vote request: b7c32ab9-1d10-40a2-8298-2f54da75b521<-1fa0605c-c70f-40a8-a13c-0f797dcff94f#0:OK-t0. Peer's state: 1fa0605c-c70f-40a8-a13c-0f797dcff94f@group-E7D3625E2A84:t0, leader=null, voted=, raftlog=Memoized:1fa0605c-c70f-40a8-a13c-0f797dcff94f@group-E7D3625E2A84-SegmentedRaftLog:OPENED:c-1, conf=-1: peers:[1d143142-2b08-4d43-93ad-ad0adf4c04aa|rpc:10.1.0.20:35317|dataStream:10.1.0.20:37137|priority:0|startupRole:FOLLOWER, 1fa0605c-c70f-40a8-a13c-0f797dcff94f|rpc:10.1.0.20:37453|dataStream:10.1.0.20:37951|priority:0|startupRole:FOLLOWER, b7c32ab9-1d10-40a2-8298-2f54da75b521|rpc:10.1.0.20:39931|dataStream:10.1.0.20:33643|priority:1|startupRole:FOLLOWER]|listeners:[], old=null
2023-04-22 02:18:22,205 [grpc-default-executor-3] INFO  server.RaftServer$Division (RaftServerImpl.java:requestVote(1218)) - 1fa0605c-c70f-40a8-a13c-0f797dcff94f@group-E7D3625E2A84: receive requestVote(ELECTION, b7c32ab9-1d10-40a2-8298-2f54da75b521, group-E7D3625E2A84, 1, (t:0, i:0))
2023-04-22 02:18:22,205 [grpc-default-executor-3] INFO  impl.VoteContext (VoteContext.java:log(49)) - 1fa0605c-c70f-40a8-a13c-0f797dcff94f@group-E7D3625E2A84-FOLLOWER: accept ELECTION from b7c32ab9-1d10-40a2-8298-2f54da75b521: our priority 0 <= candidate's priority 1
2023-04-22 02:18:22,205 [grpc-default-executor-3] INFO  server.RaftServer$Division (RaftServerImpl.java:setRole(321)) - 1fa0605c-c70f-40a8-a13c-0f797dcff94f@group-E7D3625E2A84: changes role from  FOLLOWER to FOLLOWER at term 1 for candidate:b7c32ab9-1d10-40a2-8298-2f54da75b521
2023-04-22 02:18:22,205 [grpc-default-executor-3] INFO  impl.RoleInfo (RoleInfo.java:shutdownFollowerState(110)) - 1fa0605c-c70f-40a8-a13c-0f797dcff94f: shutdown 1fa0605c-c70f-40a8-a13c-0f797dcff94f@group-E7D3625E2A84-FollowerState
2023-04-22 02:18:22,205 [grpc-default-executor-3] INFO  impl.RoleInfo (RoleInfo.java:updateAndGet(139)) - 1fa0605c-c70f-40a8-a13c-0f797dcff94f: start 1fa0605c-c70f-40a8-a13c-0f797dcff94f@group-E7D3625E2A84-FollowerState
2023-04-22 02:18:22,205 [1fa0605c-c70f-40a8-a13c-0f797dcff94f@group-E7D3625E2A84-FollowerState] INFO  impl.FollowerState (FollowerState.java:run(152)) - 1fa0605c-c70f-40a8-a13c-0f797dcff94f@group-E7D3625E2A84-FollowerState was interrupted
2023-04-22 02:18:22,206 [b7c32ab9-1d10-40a2-8298-2f54da75b521@group-E7D3625E2A84-LeaderElection14] INFO  impl.LeaderElection (LeaderElection.java:askForVotes(314)) - b7c32ab9-1d10-40a2-8298-2f54da75b521@group-E7D3625E2A84-LeaderElection14 ELECTION round 0: result PASSED
2023-04-22 02:18:22,206 [b7c32ab9-1d10-40a2-8298-2f54da75b521@group-E7D3625E2A84-LeaderElection14] INFO  impl.RoleInfo (RoleInfo.java:shutdownLeaderElection(130)) - b7c32ab9-1d10-40a2-8298-2f54da75b521: shutdown b7c32ab9-1d10-40a2-8298-2f54da75b521@group-E7D3625E2A84-LeaderElection14
2023-04-22 02:18:22,206 [b7c32ab9-1d10-40a2-8298-2f54da75b521@group-E7D3625E2A84-LeaderElection14] INFO  server.RaftServer$Division (RaftServerImpl.java:setRole(321)) - b7c32ab9-1d10-40a2-8298-2f54da75b521@group-E7D3625E2A84: changes role from CANDIDATE to LEADER at term 1 for changeToLeader
2023-04-22 02:18:22,206 [b7c32ab9-1d10-40a2-8298-2f54da75b521@group-E7D3625E2A84-LeaderElection14] INFO  ratis.XceiverServerRatis (XceiverServerRatis.java:handleLeaderChangedNotification(904)) - Leader change notification received for group: group-E7D3625E2A84 with new leaderId: b7c32ab9-1d10-40a2-8298-2f54da75b521
2023-04-22 02:18:22,206 [b7c32ab9-1d10-40a2-8298-2f54da75b521@group-E7D3625E2A84-LeaderElection14] INFO  server.RaftServer$Division (ServerState.java:setLeader(313)) - b7c32ab9-1d10-40a2-8298-2f54da75b521@group-E7D3625E2A84: change Leader from null to b7c32ab9-1d10-40a2-8298-2f54da75b521 at term 1 for becomeLeader, leader elected after 5553ms
2023-04-22 02:18:22,206 [b7c32ab9-1d10-40a2-8298-2f54da75b521@group-E7D3625E2A84-LeaderElection14] INFO  server.RaftServerConfigKeys (ConfUtils.java:logGet(46)) - raft.server.staging.catchup.gap = 1000 (default)
2023-04-22 02:18:22,206 [b7c32ab9-1d10-40a2-8298-2f54da75b521@group-E7D3625E2A84-LeaderElection14] INFO  server.RaftServerConfigKeys (ConfUtils.java:logGet(46)) - raft.server.write.element-limit = 1024 (custom)
2023-04-22 02:18:22,206 [b7c32ab9-1d10-40a2-8298-2f54da75b521@group-E7D3625E2A84-LeaderElection14] INFO  server.RaftServerConfigKeys (ConfUtils.java:logGet(46)) - raft.server.write.byte-limit = 1024 M (=1073741824) (custom)
2023-04-22 02:18:22,206 [b7c32ab9-1d10-40a2-8298-2f54da75b521@group-E7D3625E2A84-LeaderElection14] INFO  server.RaftServerConfigKeys (ConfUtils.java:logGet(46)) - raft.server.watch.timeout = 10000ms (default)
2023-04-22 02:18:22,206 [b7c32ab9-1d10-40a2-8298-2f54da75b521@group-E7D3625E2A84-LeaderElection14] INFO  server.RaftServerConfigKeys (ConfUtils.java:logGet(46)) - raft.server.watch.timeout.denomination = 1s (default)
2023-04-22 02:18:22,206 [b7c32ab9-1d10-40a2-8298-2f54da75b521@group-E7D3625E2A84-LeaderElection14] INFO  server.RaftServerConfigKeys (ConfUtils.java:logGet(46)) - raft.server.watch.element-limit = 65536 (default)
2023-04-22 02:18:22,207 [b7c32ab9-1d10-40a2-8298-2f54da75b521@group-E7D3625E2A84-LeaderElection14] INFO  server.RaftServerConfigKeys (ConfUtils.java:logGet(46)) - raft.server.write.element-limit = 1024 (custom)
2023-04-22 02:18:22,207 [b7c32ab9-1d10-40a2-8298-2f54da75b521@group-E7D3625E2A84-LeaderElection14] INFO  server.RaftServerConfigKeys (ConfUtils.java:logGet(46)) - raft.server.write.follower.gap.ratio.max = -1.0 (default)
2023-04-22 02:18:22,207 [b7c32ab9-1d10-40a2-8298-2f54da75b521@group-E7D3625E2A84-LeaderElection14] INFO  server.RaftServerConfigKeys (ConfUtils.java:logGet(46)) - raft.server.log.appender.snapshot.chunk.size.max = 16MB (=16777216) (default)
2023-04-22 02:18:22,207 [b7c32ab9-1d10-40a2-8298-2f54da75b521@group-E7D3625E2A84-LeaderElection14] INFO  server.RaftServerConfigKeys (ConfUtils.java:logGet(46)) - raft.server.log.appender.buffer.byte-limit = 33554432 (custom)
2023-04-22 02:18:22,207 [b7c32ab9-1d10-40a2-8298-2f54da75b521@group-E7D3625E2A84-LeaderElection14] INFO  server.RaftServerConfigKeys (ConfUtils.java:logGet(46)) - raft.server.log.appender.buffer.element-limit = 1 (custom)
2023-04-22 02:18:22,207 [b7c32ab9-1d10-40a2-8298-2f54da75b521@group-E7D3625E2A84-LeaderElection14] INFO  grpc.GrpcConfigKeys (ConfUtils.java:logGet(46)) - raft.grpc.server.leader.outstanding.appends.max = 128 (default)
2023-04-22 02:18:22,207 [b7c32ab9-1d10-40a2-8298-2f54da75b521@group-E7D3625E2A84-LeaderElection14] INFO  server.RaftServerConfigKeys (ConfUtils.java:logGet(46)) - raft.server.rpc.request.timeout = 3000ms (default)
2023-04-22 02:18:22,207 [b7c32ab9-1d10-40a2-8298-2f54da75b521@group-E7D3625E2A84-LeaderElection14] INFO  server.RaftServerConfigKeys (ConfUtils.java:logGet(46)) - raft.server.log.appender.install.snapshot.enabled = false (custom)
2023-04-22 02:18:22,207 [b7c32ab9-1d10-40a2-8298-2f54da75b521@group-E7D3625E2A84-LeaderElection14] INFO  grpc.GrpcConfigKeys (ConfUtils.java:logGet(46)) - raft.grpc.server.heartbeat.channel = true (default)
2023-04-22 02:18:22,207 [b7c32ab9-1d10-40a2-8298-2f54da75b521@group-E7D3625E2A84-LeaderElection14] INFO  server.RaftServerConfigKeys (ConfUtils.java:logGet(46)) - raft.server.log.appender.wait-time.min = 10ms (default)
2023-04-22 02:18:22,208 [b7c32ab9-1d10-40a2-8298-2f54da75b521@group-E7D3625E2A84-LeaderElection14] INFO  server.RaftServerConfigKeys (ConfUtils.java:logGet(46)) - raft.server.log.appender.snapshot.chunk.size.max = 16MB (=16777216) (default)
2023-04-22 02:18:22,208 [b7c32ab9-1d10-40a2-8298-2f54da75b521@group-E7D3625E2A84-LeaderElection14] INFO  server.RaftServerConfigKeys (ConfUtils.java:logGet(46)) - raft.server.log.appender.buffer.byte-limit = 33554432 (custom)
2023-04-22 02:18:22,208 [b7c32ab9-1d10-40a2-8298-2f54da75b521@group-E7D3625E2A84-LeaderElection14] INFO  server.RaftServerConfigKeys (ConfUtils.java:logGet(46)) - raft.server.log.appender.buffer.element-limit = 1 (custom)
2023-04-22 02:18:22,208 [b7c32ab9-1d10-40a2-8298-2f54da75b521@group-E7D3625E2A84-LeaderElection14] INFO  grpc.GrpcConfigKeys (ConfUtils.java:logGet(46)) - raft.grpc.server.leader.outstanding.appends.max = 128 (default)
2023-04-22 02:18:22,208 [b7c32ab9-1d10-40a2-8298-2f54da75b521@group-E7D3625E2A84-LeaderElection14] INFO  server.RaftServerConfigKeys (ConfUtils.java:logGet(46)) - raft.server.rpc.request.timeout = 3000ms (default)
2023-04-22 02:18:22,208 [b7c32ab9-1d10-40a2-8298-2f54da75b521@group-E7D3625E2A84-LeaderElection14] INFO  server.RaftServerConfigKeys (ConfUtils.java:logGet(46)) - raft.server.log.appender.install.snapshot.enabled = false (custom)
2023-04-22 02:18:22,208 [b7c32ab9-1d10-40a2-8298-2f54da75b521@group-E7D3625E2A84-LeaderElection14] INFO  grpc.GrpcConfigKeys (ConfUtils.java:logGet(46)) - raft.grpc.server.heartbeat.channel = true (default)
2023-04-22 02:18:22,208 [b7c32ab9-1d10-40a2-8298-2f54da75b521@group-E7D3625E2A84-LeaderElection14] INFO  server.RaftServerConfigKeys (ConfUtils.java:logGet(46)) - raft.server.log.appender.wait-time.min = 10ms (default)
2023-04-22 02:18:22,208 [b7c32ab9-1d10-40a2-8298-2f54da75b521@group-E7D3625E2A84-LeaderElection14] INFO  impl.RoleInfo (RoleInfo.java:updateAndGet(139)) - b7c32ab9-1d10-40a2-8298-2f54da75b521: start b7c32ab9-1d10-40a2-8298-2f54da75b521@group-E7D3625E2A84-LeaderStateImpl
2023-04-22 02:18:22,209 [b7c32ab9-1d10-40a2-8298-2f54da75b521@group-E7D3625E2A84-LeaderElection14] INFO  segmented.SegmentedRaftLogWorker (SegmentedRaftLogWorker.java:startLogSegment(452)) - b7c32ab9-1d10-40a2-8298-2f54da75b521@group-E7D3625E2A84-SegmentedRaftLogWorker: Starting segment from index:0
2023-04-22 02:18:22,212 [grpc-default-executor-3] INFO  server.RaftServer$Division (RaftServerImpl.java:requestVote(1251)) - 1fa0605c-c70f-40a8-a13c-0f797dcff94f@group-E7D3625E2A84 replies to ELECTION vote request: b7c32ab9-1d10-40a2-8298-2f54da75b521<-1fa0605c-c70f-40a8-a13c-0f797dcff94f#0:OK-t1. Peer's state: 1fa0605c-c70f-40a8-a13c-0f797dcff94f@group-E7D3625E2A84:t1, leader=null, voted=b7c32ab9-1d10-40a2-8298-2f54da75b521, raftlog=Memoized:1fa0605c-c70f-40a8-a13c-0f797dcff94f@group-E7D3625E2A84-SegmentedRaftLog:OPENED:c-1, conf=-1: peers:[1d143142-2b08-4d43-93ad-ad0adf4c04aa|rpc:10.1.0.20:35317|dataStream:10.1.0.20:37137|priority:0|startupRole:FOLLOWER, 1fa0605c-c70f-40a8-a13c-0f797dcff94f|rpc:10.1.0.20:37453|dataStream:10.1.0.20:37951|priority:0|startupRole:FOLLOWER, b7c32ab9-1d10-40a2-8298-2f54da75b521|rpc:10.1.0.20:39931|dataStream:10.1.0.20:33643|priority:1|startupRole:FOLLOWER]|listeners:[], old=null
2023-04-22 02:18:22,215 [EventQueue-PipelineReportForPipelineReportHandler] INFO  pipeline.PipelineManagerImpl (PipelineManagerImpl.java:openPipeline(367)) - Pipeline Pipeline[ Id: f9d11862-5bf9-4d37-b07d-e7d3625e2a84, Nodes: 1d143142-2b08-4d43-93ad-ad0adf4c04aa(fv-az443-428.ap2fcshprsnunfx25e1aelzb4b.cx.internal.cloudapp.net/10.1.0.20)1fa0605c-c70f-40a8-a13c-0f797dcff94f(fv-az443-428.ap2fcshprsnunfx25e1aelzb4b.cx.internal.cloudapp.net/10.1.0.20)b7c32ab9-1d10-40a2-8298-2f54da75b521(fv-az443-428.ap2fcshprsnunfx25e1aelzb4b.cx.internal.cloudapp.net/10.1.0.20), ReplicationConfig: RATIS/THREE, State:ALLOCATED, leaderId:b7c32ab9-1d10-40a2-8298-2f54da75b521, CreationTimestamp2023-04-22T02:18:14.347Z[Etc/UTC]] moved to OPEN state
2023-04-22 02:18:22,216 [b7c32ab9-1d10-40a2-8298-2f54da75b521@group-E7D3625E2A84-SegmentedRaftLogWorker] INFO  segmented.SegmentedRaftLogWorker (SegmentedRaftLogWorker.java:execute(656)) - b7c32ab9-1d10-40a2-8298-2f54da75b521@group-E7D3625E2A84-SegmentedRaftLogWorker: created new log segment /home/runner/work/ozone/ozone/hadoop-ozone/integration-test/target/test-dir/MiniOzoneClusterImpl-b640deff-6994-498f-92ea-4ac5c972f0d8/datanode-5/data/ratis/f9d11862-5bf9-4d37-b07d-e7d3625e2a84/current/log_inprogress_0
2023-04-22 02:18:22,218 [1fa0605c-c70f-40a8-a13c-0f797dcff94f@group-98770BDE7CB1-StateMachineUpdater] INFO  ratis.ContainerStateMachine (ContainerStateMachine.java:takeSnapshot(330)) - group-98770BDE7CB1: Taking a snapshot at:(t:1, i:0) file /home/runner/work/ozone/ozone/hadoop-ozone/integration-test/target/test-dir/MiniOzoneClusterImpl-b640deff-6994-498f-92ea-4ac5c972f0d8/datanode-3/data/ratis/3756dc69-1fb3-4329-b2d6-98770bde7cb1/sm/snapshot.1_0
2023-04-22 02:18:22,218 [1fa0605c-c70f-40a8-a13c-0f797dcff94f@group-98770BDE7CB1-StateMachineUpdater] INFO  ratis.ContainerStateMachine (ContainerStateMachine.java:takeSnapshot(341)) - group-98770BDE7CB1: Finished taking a snapshot at:(t:1, i:0) file:/home/runner/work/ozone/ozone/hadoop-ozone/integration-test/target/test-dir/MiniOzoneClusterImpl-b640deff-6994-498f-92ea-4ac5c972f0d8/datanode-3/data/ratis/3756dc69-1fb3-4329-b2d6-98770bde7cb1/sm/snapshot.1_0 took: 0 ms
2023-04-22 02:18:22,218 [b7c32ab9-1d10-40a2-8298-2f54da75b521@group-98770BDE7CB1-StateMachineUpdater] INFO  ratis.ContainerStateMachine (ContainerStateMachine.java:takeSnapshot(330)) - group-98770BDE7CB1: Taking a snapshot at:(t:1, i:0) file /home/runner/work/ozone/ozone/hadoop-ozone/integration-test/target/test-dir/MiniOzoneClusterImpl-b640deff-6994-498f-92ea-4ac5c972f0d8/datanode-5/data/ratis/3756dc69-1fb3-4329-b2d6-98770bde7cb1/sm/snapshot.1_0
2023-04-22 02:18:22,218 [1fa0605c-c70f-40a8-a13c-0f797dcff94f@group-98770BDE7CB1-StateMachineUpdater] INFO  impl.StateMachineUpdater (StateMachineUpdater.java:takeSnapshot(287)) - 1fa0605c-c70f-40a8-a13c-0f797dcff94f@group-98770BDE7CB1-StateMachineUpdater: Took a snapshot at index 0
2023-04-22 02:18:22,219 [1fa0605c-c70f-40a8-a13c-0f797dcff94f@group-98770BDE7CB1-StateMachineUpdater] INFO  impl.StateMachineUpdater (StateMachineUpdater.java:lambda$new$0(92)) - 1fa0605c-c70f-40a8-a13c-0f797dcff94f@group-98770BDE7CB1-StateMachineUpdater: snapshotIndex: updateIncreasingly -1 -> 0
2023-04-22 02:18:22,219 [b7c32ab9-1d10-40a2-8298-2f54da75b521@group-98770BDE7CB1-StateMachineUpdater] INFO  ratis.ContainerStateMachine (ContainerStateMachine.java:takeSnapshot(341)) - group-98770BDE7CB1: Finished taking a snapshot at:(t:1, i:0) file:/home/runner/work/ozone/ozone/hadoop-ozone/integration-test/target/test-dir/MiniOzoneClusterImpl-b640deff-6994-498f-92ea-4ac5c972f0d8/datanode-5/data/ratis/3756dc69-1fb3-4329-b2d6-98770bde7cb1/sm/snapshot.1_0 took: 1 ms
2023-04-22 02:18:22,219 [b7c32ab9-1d10-40a2-8298-2f54da75b521@group-98770BDE7CB1-StateMachineUpdater] INFO  impl.StateMachineUpdater (StateMachineUpdater.java:takeSnapshot(287)) - b7c32ab9-1d10-40a2-8298-2f54da75b521@group-98770BDE7CB1-StateMachineUpdater: Took a snapshot at index 0
2023-04-22 02:18:22,219 [b7c32ab9-1d10-40a2-8298-2f54da75b521@group-98770BDE7CB1-StateMachineUpdater] INFO  impl.StateMachineUpdater (StateMachineUpdater.java:lambda$new$0(92)) - b7c32ab9-1d10-40a2-8298-2f54da75b521@group-98770BDE7CB1-StateMachineUpdater: snapshotIndex: updateIncreasingly -1 -> 0
2023-04-22 02:18:22,227 [b7c32ab9-1d10-40a2-8298-2f54da75b521@group-E7D3625E2A84-LeaderElection14] INFO  server.RaftServer$Division (ServerState.java:setRaftConf(430)) - b7c32ab9-1d10-40a2-8298-2f54da75b521@group-E7D3625E2A84: set configuration 0: peers:[1d143142-2b08-4d43-93ad-ad0adf4c04aa|rpc:10.1.0.20:35317|dataStream:10.1.0.20:37137|priority:0|startupRole:FOLLOWER, 1fa0605c-c70f-40a8-a13c-0f797dcff94f|rpc:10.1.0.20:37453|dataStream:10.1.0.20:37951|priority:0|startupRole:FOLLOWER, b7c32ab9-1d10-40a2-8298-2f54da75b521|rpc:10.1.0.20:39931|dataStream:10.1.0.20:33643|priority:1|startupRole:FOLLOWER]|listeners:[], old=null
2023-04-22 02:18:22,229 [b7c32ab9-1d10-40a2-8298-2f54da75b521@group-E7D3625E2A84-StateMachineUpdater] INFO  ratis.ContainerStateMachine (ContainerStateMachine.java:takeSnapshot(330)) - group-E7D3625E2A84: Taking a snapshot at:(t:1, i:0) file /home/runner/work/ozone/ozone/hadoop-ozone/integration-test/target/test-dir/MiniOzoneClusterImpl-b640deff-6994-498f-92ea-4ac5c972f0d8/datanode-5/data/ratis/f9d11862-5bf9-4d37-b07d-e7d3625e2a84/sm/snapshot.1_0
2023-04-22 02:18:22,230 [b7c32ab9-1d10-40a2-8298-2f54da75b521@group-E7D3625E2A84-StateMachineUpdater] INFO  ratis.ContainerStateMachine (ContainerStateMachine.java:takeSnapshot(341)) - group-E7D3625E2A84: Finished taking a snapshot at:(t:1, i:0) file:/home/runner/work/ozone/ozone/hadoop-ozone/integration-test/target/test-dir/MiniOzoneClusterImpl-b640deff-6994-498f-92ea-4ac5c972f0d8/datanode-5/data/ratis/f9d11862-5bf9-4d37-b07d-e7d3625e2a84/sm/snapshot.1_0 took: 1 ms
2023-04-22 02:18:22,230 [b7c32ab9-1d10-40a2-8298-2f54da75b521@group-E7D3625E2A84-StateMachineUpdater] INFO  impl.StateMachineUpdater (StateMachineUpdater.java:takeSnapshot(287)) - b7c32ab9-1d10-40a2-8298-2f54da75b521@group-E7D3625E2A84-StateMachineUpdater: Took a snapshot at index 0
2023-04-22 02:18:22,230 [b7c32ab9-1d10-40a2-8298-2f54da75b521@group-E7D3625E2A84-StateMachineUpdater] INFO  impl.StateMachineUpdater (StateMachineUpdater.java:lambda$new$0(92)) - b7c32ab9-1d10-40a2-8298-2f54da75b521@group-E7D3625E2A84-StateMachineUpdater: snapshotIndex: updateIncreasingly -1 -> 0
2023-04-22 02:18:22,230 [1fa0605c-c70f-40a8-a13c-0f797dcff94f@group-E7D3625E2A84-FollowerState] INFO  server.RaftServerConfigKeys (ConfUtils.java:logFallback(53)) - raft.server.rpc.first-election.timeout.min = 5s (fallback to raft.server.rpc.timeout.min)
2023-04-22 02:18:22,230 [1fa0605c-c70f-40a8-a13c-0f797dcff94f@group-E7D3625E2A84-FollowerState] INFO  server.RaftServerConfigKeys (ConfUtils.java:logFallback(53)) - raft.server.rpc.first-election.timeout.max = 5200ms (fallback to raft.server.rpc.timeout.max)
2023-04-22 02:18:22,238 [1d143142-2b08-4d43-93ad-ad0adf4c04aa-server-thread1] INFO  ratis.XceiverServerRatis (XceiverServerRatis.java:handleLeaderChangedNotification(904)) - Leader change notification received for group: group-E7D3625E2A84 with new leaderId: b7c32ab9-1d10-40a2-8298-2f54da75b521
2023-04-22 02:18:22,238 [1d143142-2b08-4d43-93ad-ad0adf4c04aa-server-thread1] INFO  server.RaftServer$Division (ServerState.java:setLeader(313)) - 1d143142-2b08-4d43-93ad-ad0adf4c04aa@group-E7D3625E2A84: change Leader from null to b7c32ab9-1d10-40a2-8298-2f54da75b521 at term 1 for appendEntries, leader elected after 5636ms
2023-04-22 02:18:22,240 [1d143142-2b08-4d43-93ad-ad0adf4c04aa-server-thread1] INFO  server.RaftServer$Division (ServerState.java:setRaftConf(430)) - 1d143142-2b08-4d43-93ad-ad0adf4c04aa@group-E7D3625E2A84: set configuration 0: peers:[1d143142-2b08-4d43-93ad-ad0adf4c04aa|rpc:10.1.0.20:35317|dataStream:10.1.0.20:37137|priority:0|startupRole:FOLLOWER, 1fa0605c-c70f-40a8-a13c-0f797dcff94f|rpc:10.1.0.20:37453|dataStream:10.1.0.20:37951|priority:0|startupRole:FOLLOWER, b7c32ab9-1d10-40a2-8298-2f54da75b521|rpc:10.1.0.20:39931|dataStream:10.1.0.20:33643|priority:1|startupRole:FOLLOWER]|listeners:[], old=null
2023-04-22 02:18:22,250 [1fa0605c-c70f-40a8-a13c-0f797dcff94f-server-thread2] INFO  ratis.XceiverServerRatis (XceiverServerRatis.java:handleLeaderChangedNotification(904)) - Leader change notification received for group: group-E7D3625E2A84 with new leaderId: b7c32ab9-1d10-40a2-8298-2f54da75b521
2023-04-22 02:18:22,250 [1fa0605c-c70f-40a8-a13c-0f797dcff94f-server-thread2] INFO  server.RaftServer$Division (ServerState.java:setLeader(313)) - 1fa0605c-c70f-40a8-a13c-0f797dcff94f@group-E7D3625E2A84: change Leader from null to b7c32ab9-1d10-40a2-8298-2f54da75b521 at term 1 for appendEntries, leader elected after 5685ms
2023-04-22 02:18:22,250 [1d143142-2b08-4d43-93ad-ad0adf4c04aa-server-thread1] INFO  segmented.SegmentedRaftLogWorker (SegmentedRaftLogWorker.java:startLogSegment(452)) - 1d143142-2b08-4d43-93ad-ad0adf4c04aa@group-E7D3625E2A84-SegmentedRaftLogWorker: Starting segment from index:0
2023-04-22 02:18:22,255 [1fa0605c-c70f-40a8-a13c-0f797dcff94f-server-thread1] INFO  server.RaftServer$Division (ServerState.java:setRaftConf(430)) - 1fa0605c-c70f-40a8-a13c-0f797dcff94f@group-E7D3625E2A84: set configuration 0: peers:[1d143142-2b08-4d43-93ad-ad0adf4c04aa|rpc:10.1.0.20:35317|dataStream:10.1.0.20:37137|priority:0|startupRole:FOLLOWER, 1fa0605c-c70f-40a8-a13c-0f797dcff94f|rpc:10.1.0.20:37453|dataStream:10.1.0.20:37951|priority:0|startupRole:FOLLOWER, b7c32ab9-1d10-40a2-8298-2f54da75b521|rpc:10.1.0.20:39931|dataStream:10.1.0.20:33643|priority:1|startupRole:FOLLOWER]|listeners:[], old=null
2023-04-22 02:18:22,255 [1fa0605c-c70f-40a8-a13c-0f797dcff94f-server-thread1] INFO  segmented.SegmentedRaftLogWorker (SegmentedRaftLogWorker.java:startLogSegment(452)) - 1fa0605c-c70f-40a8-a13c-0f797dcff94f@group-E7D3625E2A84-SegmentedRaftLogWorker: Starting segment from index:0
2023-04-22 02:18:22,256 [1d143142-2b08-4d43-93ad-ad0adf4c04aa@group-E7D3625E2A84-SegmentedRaftLogWorker] INFO  segmented.SegmentedRaftLogWorker (SegmentedRaftLogWorker.java:execute(656)) - 1d143142-2b08-4d43-93ad-ad0adf4c04aa@group-E7D3625E2A84-SegmentedRaftLogWorker: created new log segment /home/runner/work/ozone/ozone/hadoop-ozone/integration-test/target/test-dir/MiniOzoneClusterImpl-b640deff-6994-498f-92ea-4ac5c972f0d8/datanode-4/data/ratis/f9d11862-5bf9-4d37-b07d-e7d3625e2a84/current/log_inprogress_0
2023-04-22 02:18:22,257 [1fa0605c-c70f-40a8-a13c-0f797dcff94f@group-E7D3625E2A84-SegmentedRaftLogWorker] INFO  segmented.SegmentedRaftLogWorker (SegmentedRaftLogWorker.java:execute(656)) - 1fa0605c-c70f-40a8-a13c-0f797dcff94f@group-E7D3625E2A84-SegmentedRaftLogWorker: created new log segment /home/runner/work/ozone/ozone/hadoop-ozone/integration-test/target/test-dir/MiniOzoneClusterImpl-b640deff-6994-498f-92ea-4ac5c972f0d8/datanode-3/data/ratis/f9d11862-5bf9-4d37-b07d-e7d3625e2a84/current/log_inprogress_0
2023-04-22 02:18:22,257 [1d143142-2b08-4d43-93ad-ad0adf4c04aa@group-E7D3625E2A84-StateMachineUpdater] INFO  ratis.ContainerStateMachine (ContainerStateMachine.java:takeSnapshot(330)) - group-E7D3625E2A84: Taking a snapshot at:(t:1, i:0) file /home/runner/work/ozone/ozone/hadoop-ozone/integration-test/target/test-dir/MiniOzoneClusterImpl-b640deff-6994-498f-92ea-4ac5c972f0d8/datanode-4/data/ratis/f9d11862-5bf9-4d37-b07d-e7d3625e2a84/sm/snapshot.1_0
2023-04-22 02:18:22,258 [1d143142-2b08-4d43-93ad-ad0adf4c04aa@group-E7D3625E2A84-StateMachineUpdater] INFO  ratis.ContainerStateMachine (ContainerStateMachine.java:takeSnapshot(341)) - group-E7D3625E2A84: Finished taking a snapshot at:(t:1, i:0) file:/home/runner/work/ozone/ozone/hadoop-ozone/integration-test/target/test-dir/MiniOzoneClusterImpl-b640deff-6994-498f-92ea-4ac5c972f0d8/datanode-4/data/ratis/f9d11862-5bf9-4d37-b07d-e7d3625e2a84/sm/snapshot.1_0 took: 1 ms
2023-04-22 02:18:22,258 [1d143142-2b08-4d43-93ad-ad0adf4c04aa@group-E7D3625E2A84-StateMachineUpdater] INFO  impl.StateMachineUpdater (StateMachineUpdater.java:takeSnapshot(287)) - 1d143142-2b08-4d43-93ad-ad0adf4c04aa@group-E7D3625E2A84-StateMachineUpdater: Took a snapshot at index 0
2023-04-22 02:18:22,258 [1d143142-2b08-4d43-93ad-ad0adf4c04aa@group-E7D3625E2A84-StateMachineUpdater] INFO  impl.StateMachineUpdater (StateMachineUpdater.java:lambda$new$0(92)) - 1d143142-2b08-4d43-93ad-ad0adf4c04aa@group-E7D3625E2A84-StateMachineUpdater: snapshotIndex: updateIncreasingly -1 -> 0
2023-04-22 02:18:22,260 [1fa0605c-c70f-40a8-a13c-0f797dcff94f@group-E7D3625E2A84-StateMachineUpdater] INFO  ratis.ContainerStateMachine (ContainerStateMachine.java:takeSnapshot(330)) - group-E7D3625E2A84: Taking a snapshot at:(t:1, i:0) file /home/runner/work/ozone/ozone/hadoop-ozone/integration-test/target/test-dir/MiniOzoneClusterImpl-b640deff-6994-498f-92ea-4ac5c972f0d8/datanode-3/data/ratis/f9d11862-5bf9-4d37-b07d-e7d3625e2a84/sm/snapshot.1_0
2023-04-22 02:18:22,261 [1fa0605c-c70f-40a8-a13c-0f797dcff94f@group-E7D3625E2A84-StateMachineUpdater] INFO  ratis.ContainerStateMachine (ContainerStateMachine.java:takeSnapshot(341)) - group-E7D3625E2A84: Finished taking a snapshot at:(t:1, i:0) file:/home/runner/work/ozone/ozone/hadoop-ozone/integration-test/target/test-dir/MiniOzoneClusterImpl-b640deff-6994-498f-92ea-4ac5c972f0d8/datanode-3/data/ratis/f9d11862-5bf9-4d37-b07d-e7d3625e2a84/sm/snapshot.1_0 took: 1 ms
2023-04-22 02:18:22,261 [1fa0605c-c70f-40a8-a13c-0f797dcff94f@group-E7D3625E2A84-StateMachineUpdater] INFO  impl.StateMachineUpdater (StateMachineUpdater.java:takeSnapshot(287)) - 1fa0605c-c70f-40a8-a13c-0f797dcff94f@group-E7D3625E2A84-StateMachineUpdater: Took a snapshot at index 0
2023-04-22 02:18:22,261 [1fa0605c-c70f-40a8-a13c-0f797dcff94f@group-E7D3625E2A84-StateMachineUpdater] INFO  impl.StateMachineUpdater (StateMachineUpdater.java:lambda$new$0(92)) - 1fa0605c-c70f-40a8-a13c-0f797dcff94f@group-E7D3625E2A84-StateMachineUpdater: snapshotIndex: updateIncreasingly -1 -> 0
2023-04-22 02:18:22,528 [b7c32ab9-1d10-40a2-8298-2f54da75b521@group-44A40D714165-FollowerState] INFO  impl.FollowerState (FollowerState.java:run(143)) - b7c32ab9-1d10-40a2-8298-2f54da75b521@group-44A40D714165-FollowerState: change to CANDIDATE, lastRpcElapsedTime:5175091087ns, electionTimeout:5174ms
2023-04-22 02:18:22,528 [b7c32ab9-1d10-40a2-8298-2f54da75b521@group-44A40D714165-FollowerState] INFO  impl.RoleInfo (RoleInfo.java:shutdownFollowerState(110)) - b7c32ab9-1d10-40a2-8298-2f54da75b521: shutdown b7c32ab9-1d10-40a2-8298-2f54da75b521@group-44A40D714165-FollowerState
2023-04-22 02:18:22,528 [b7c32ab9-1d10-40a2-8298-2f54da75b521@group-44A40D714165-FollowerState] INFO  server.RaftServer$Division (RaftServerImpl.java:setRole(321)) - b7c32ab9-1d10-40a2-8298-2f54da75b521@group-44A40D714165: changes role from  FOLLOWER to CANDIDATE at term 0 for changeToCandidate
2023-04-22 02:18:22,529 [b7c32ab9-1d10-40a2-8298-2f54da75b521@group-44A40D714165-FollowerState] INFO  server.RaftServerConfigKeys (ConfUtils.java:logGet(46)) - raft.server.leaderelection.pre-vote = true (default)
2023-04-22 02:18:22,529 [b7c32ab9-1d10-40a2-8298-2f54da75b521@group-44A40D714165-FollowerState] INFO  impl.RoleInfo (RoleInfo.java:updateAndGet(139)) - b7c32ab9-1d10-40a2-8298-2f54da75b521: start b7c32ab9-1d10-40a2-8298-2f54da75b521@group-44A40D714165-LeaderElection15
2023-04-22 02:18:22,530 [b7c32ab9-1d10-40a2-8298-2f54da75b521@group-44A40D714165-LeaderElection15] INFO  impl.LeaderElection (LeaderElection.java:askForVotes(312)) - b7c32ab9-1d10-40a2-8298-2f54da75b521@group-44A40D714165-LeaderElection15 PRE_VOTE round 0: submit vote requests at term 0 for -1: peers:[b7c32ab9-1d10-40a2-8298-2f54da75b521|rpc:10.1.0.20:39931|dataStream:10.1.0.20:33643|priority:1|startupRole:FOLLOWER]|listeners:[], old=null
2023-04-22 02:18:22,530 [b7c32ab9-1d10-40a2-8298-2f54da75b521@group-44A40D714165-LeaderElection15] INFO  impl.LeaderElection (LeaderElection.java:askForVotes(314)) - b7c32ab9-1d10-40a2-8298-2f54da75b521@group-44A40D714165-LeaderElection15 PRE_VOTE round 0: result PASSED (term=0)
2023-04-22 02:18:22,532 [b7c32ab9-1d10-40a2-8298-2f54da75b521@group-44A40D714165-LeaderElection15] INFO  impl.LeaderElection (LeaderElection.java:askForVotes(312)) - b7c32ab9-1d10-40a2-8298-2f54da75b521@group-44A40D714165-LeaderElection15 ELECTION round 0: submit vote requests at term 1 for -1: peers:[b7c32ab9-1d10-40a2-8298-2f54da75b521|rpc:10.1.0.20:39931|dataStream:10.1.0.20:33643|priority:1|startupRole:FOLLOWER]|listeners:[], old=null
2023-04-22 02:18:22,532 [b7c32ab9-1d10-40a2-8298-2f54da75b521@group-44A40D714165-LeaderElection15] INFO  impl.LeaderElection (LeaderElection.java:askForVotes(314)) - b7c32ab9-1d10-40a2-8298-2f54da75b521@group-44A40D714165-LeaderElection15 ELECTION round 0: result PASSED (term=1)
2023-04-22 02:18:22,532 [b7c32ab9-1d10-40a2-8298-2f54da75b521@group-44A40D714165-LeaderElection15] INFO  impl.RoleInfo (RoleInfo.java:shutdownLeaderElection(130)) - b7c32ab9-1d10-40a2-8298-2f54da75b521: shutdown b7c32ab9-1d10-40a2-8298-2f54da75b521@group-44A40D714165-LeaderElection15
2023-04-22 02:18:22,532 [b7c32ab9-1d10-40a2-8298-2f54da75b521@group-44A40D714165-LeaderElection15] INFO  server.RaftServer$Division (RaftServerImpl.java:setRole(321)) - b7c32ab9-1d10-40a2-8298-2f54da75b521@group-44A40D714165: changes role from CANDIDATE to LEADER at term 1 for changeToLeader
2023-04-22 02:18:22,532 [b7c32ab9-1d10-40a2-8298-2f54da75b521@group-44A40D714165-LeaderElection15] INFO  ratis.XceiverServerRatis (XceiverServerRatis.java:handleLeaderChangedNotification(904)) - Leader change notification received for group: group-44A40D714165 with new leaderId: b7c32ab9-1d10-40a2-8298-2f54da75b521
2023-04-22 02:18:22,532 [b7c32ab9-1d10-40a2-8298-2f54da75b521@group-44A40D714165-LeaderElection15] INFO  server.RaftServer$Division (ServerState.java:setLeader(313)) - b7c32ab9-1d10-40a2-8298-2f54da75b521@group-44A40D714165: change Leader from null to b7c32ab9-1d10-40a2-8298-2f54da75b521 at term 1 for becomeLeader, leader elected after 5190ms
2023-04-22 02:18:22,532 [b7c32ab9-1d10-40a2-8298-2f54da75b521@group-44A40D714165-LeaderElection15] INFO  server.RaftServerConfigKeys (ConfUtils.java:logGet(46)) - raft.server.staging.catchup.gap = 1000 (default)
2023-04-22 02:18:22,532 [b7c32ab9-1d10-40a2-8298-2f54da75b521@group-44A40D714165-LeaderElection15] INFO  server.RaftServerConfigKeys (ConfUtils.java:logGet(46)) - raft.server.write.element-limit = 1024 (custom)
2023-04-22 02:18:22,532 [b7c32ab9-1d10-40a2-8298-2f54da75b521@group-44A40D714165-LeaderElection15] INFO  server.RaftServerConfigKeys (ConfUtils.java:logGet(46)) - raft.server.write.byte-limit = 1024 M (=1073741824) (custom)
2023-04-22 02:18:22,533 [b7c32ab9-1d10-40a2-8298-2f54da75b521@group-44A40D714165-LeaderElection15] INFO  server.RaftServerConfigKeys (ConfUtils.java:logGet(46)) - raft.server.watch.timeout = 10000ms (default)
2023-04-22 02:18:22,533 [b7c32ab9-1d10-40a2-8298-2f54da75b521@group-44A40D714165-LeaderElection15] INFO  server.RaftServerConfigKeys (ConfUtils.java:logGet(46)) - raft.server.watch.timeout.denomination = 1s (default)
2023-04-22 02:18:22,533 [b7c32ab9-1d10-40a2-8298-2f54da75b521@group-44A40D714165-LeaderElection15] INFO  server.RaftServerConfigKeys (ConfUtils.java:logGet(46)) - raft.server.watch.element-limit = 65536 (default)
2023-04-22 02:18:22,533 [b7c32ab9-1d10-40a2-8298-2f54da75b521@group-44A40D714165-LeaderElection15] INFO  server.RaftServerConfigKeys (ConfUtils.java:logGet(46)) - raft.server.write.element-limit = 1024 (custom)
2023-04-22 02:18:22,533 [b7c32ab9-1d10-40a2-8298-2f54da75b521@group-44A40D714165-LeaderElection15] INFO  server.RaftServerConfigKeys (ConfUtils.java:logGet(46)) - raft.server.write.follower.gap.ratio.max = -1.0 (default)
2023-04-22 02:18:22,533 [b7c32ab9-1d10-40a2-8298-2f54da75b521@group-44A40D714165-LeaderElection15] INFO  impl.RoleInfo (RoleInfo.java:updateAndGet(139)) - b7c32ab9-1d10-40a2-8298-2f54da75b521: start b7c32ab9-1d10-40a2-8298-2f54da75b521@group-44A40D714165-LeaderStateImpl
2023-04-22 02:18:22,533 [b7c32ab9-1d10-40a2-8298-2f54da75b521@group-44A40D714165-LeaderElection15] INFO  segmented.SegmentedRaftLogWorker (SegmentedRaftLogWorker.java:startLogSegment(452)) - b7c32ab9-1d10-40a2-8298-2f54da75b521@group-44A40D714165-SegmentedRaftLogWorker: Starting segment from index:0
2023-04-22 02:18:22,535 [b7c32ab9-1d10-40a2-8298-2f54da75b521@group-44A40D714165-LeaderElection15] INFO  server.RaftServer$Division (ServerState.java:setRaftConf(430)) - b7c32ab9-1d10-40a2-8298-2f54da75b521@group-44A40D714165: set configuration 0: peers:[b7c32ab9-1d10-40a2-8298-2f54da75b521|rpc:10.1.0.20:39931|dataStream:10.1.0.20:33643|priority:1|startupRole:FOLLOWER]|listeners:[], old=null
2023-04-22 02:18:22,536 [b7c32ab9-1d10-40a2-8298-2f54da75b521@group-44A40D714165-SegmentedRaftLogWorker] INFO  segmented.SegmentedRaftLogWorker (SegmentedRaftLogWorker.java:execute(656)) - b7c32ab9-1d10-40a2-8298-2f54da75b521@group-44A40D714165-SegmentedRaftLogWorker: created new log segment /home/runner/work/ozone/ozone/hadoop-ozone/integration-test/target/test-dir/MiniOzoneClusterImpl-b640deff-6994-498f-92ea-4ac5c972f0d8/datanode-5/data/ratis/c2802d97-685f-4a8d-ab56-44a40d714165/current/log_inprogress_0
2023-04-22 02:18:22,538 [b7c32ab9-1d10-40a2-8298-2f54da75b521@group-44A40D714165-StateMachineUpdater] INFO  ratis.ContainerStateMachine (ContainerStateMachine.java:takeSnapshot(330)) - group-44A40D714165: Taking a snapshot at:(t:1, i:0) file /home/runner/work/ozone/ozone/hadoop-ozone/integration-test/target/test-dir/MiniOzoneClusterImpl-b640deff-6994-498f-92ea-4ac5c972f0d8/datanode-5/data/ratis/c2802d97-685f-4a8d-ab56-44a40d714165/sm/snapshot.1_0
2023-04-22 02:18:22,538 [b7c32ab9-1d10-40a2-8298-2f54da75b521@group-44A40D714165-StateMachineUpdater] INFO  ratis.ContainerStateMachine (ContainerStateMachine.java:takeSnapshot(341)) - group-44A40D714165: Finished taking a snapshot at:(t:1, i:0) file:/home/runner/work/ozone/ozone/hadoop-ozone/integration-test/target/test-dir/MiniOzoneClusterImpl-b640deff-6994-498f-92ea-4ac5c972f0d8/datanode-5/data/ratis/c2802d97-685f-4a8d-ab56-44a40d714165/sm/snapshot.1_0 took: 0 ms
2023-04-22 02:18:22,539 [b7c32ab9-1d10-40a2-8298-2f54da75b521@group-44A40D714165-StateMachineUpdater] INFO  impl.StateMachineUpdater (StateMachineUpdater.java:takeSnapshot(287)) - b7c32ab9-1d10-40a2-8298-2f54da75b521@group-44A40D714165-StateMachineUpdater: Took a snapshot at index 0
2023-04-22 02:18:22,539 [b7c32ab9-1d10-40a2-8298-2f54da75b521@group-44A40D714165-StateMachineUpdater] INFO  impl.StateMachineUpdater (StateMachineUpdater.java:lambda$new$0(92)) - b7c32ab9-1d10-40a2-8298-2f54da75b521@group-44A40D714165-StateMachineUpdater: snapshotIndex: updateIncreasingly -1 -> 0
2023-04-22 02:18:22,796 [ffe33985-86ac-4dba-9cf7-e9d9be1914b9@group-20B6682B8F2D-FollowerState] INFO  impl.FollowerState (FollowerState.java:run(143)) - ffe33985-86ac-4dba-9cf7-e9d9be1914b9@group-20B6682B8F2D-FollowerState: change to CANDIDATE, lastRpcElapsedTime:5002131865ns, electionTimeout:5000ms
2023-04-22 02:18:22,796 [ffe33985-86ac-4dba-9cf7-e9d9be1914b9@group-20B6682B8F2D-FollowerState] INFO  impl.RoleInfo (RoleInfo.java:shutdownFollowerState(110)) - ffe33985-86ac-4dba-9cf7-e9d9be1914b9: shutdown ffe33985-86ac-4dba-9cf7-e9d9be1914b9@group-20B6682B8F2D-FollowerState
2023-04-22 02:18:22,796 [ffe33985-86ac-4dba-9cf7-e9d9be1914b9@group-20B6682B8F2D-FollowerState] INFO  server.RaftServer$Division (RaftServerImpl.java:setRole(321)) - ffe33985-86ac-4dba-9cf7-e9d9be1914b9@group-20B6682B8F2D: changes role from  FOLLOWER to CANDIDATE at term 0 for changeToCandidate
2023-04-22 02:18:22,796 [ffe33985-86ac-4dba-9cf7-e9d9be1914b9@group-20B6682B8F2D-FollowerState] INFO  server.RaftServerConfigKeys (ConfUtils.java:logGet(46)) - raft.server.leaderelection.pre-vote = true (default)
2023-04-22 02:18:22,796 [ffe33985-86ac-4dba-9cf7-e9d9be1914b9@group-20B6682B8F2D-FollowerState] INFO  impl.RoleInfo (RoleInfo.java:updateAndGet(139)) - ffe33985-86ac-4dba-9cf7-e9d9be1914b9: start ffe33985-86ac-4dba-9cf7-e9d9be1914b9@group-20B6682B8F2D-LeaderElection16
2023-04-22 02:18:22,800 [ffe33985-86ac-4dba-9cf7-e9d9be1914b9@group-20B6682B8F2D-LeaderElection16] INFO  impl.LeaderElection (LeaderElection.java:askForVotes(312)) - ffe33985-86ac-4dba-9cf7-e9d9be1914b9@group-20B6682B8F2D-LeaderElection16 PRE_VOTE round 0: submit vote requests at term 0 for -1: peers:[2e77c710-dcb3-40c4-9ab8-375ebf5b60c5|rpc:10.1.0.20:42687|dataStream:10.1.0.20:33365|priority:0|startupRole:FOLLOWER, ffe33985-86ac-4dba-9cf7-e9d9be1914b9|rpc:10.1.0.20:37515|dataStream:10.1.0.20:41651|priority:0|startupRole:FOLLOWER, 14afdd48-1c23-4787-9ada-99348fccc9d2|rpc:10.1.0.20:38959|dataStream:10.1.0.20:42291|priority:1|startupRole:FOLLOWER]|listeners:[], old=null
2023-04-22 02:18:22,800 [ffe33985-86ac-4dba-9cf7-e9d9be1914b9@group-20B6682B8F2D-LeaderElection16-1] INFO  server.GrpcServerProtocolClient (GrpcServerProtocolClient.java:<init>(63)) - Build channel for 2e77c710-dcb3-40c4-9ab8-375ebf5b60c5
2023-04-22 02:18:22,800 [ffe33985-86ac-4dba-9cf7-e9d9be1914b9@group-20B6682B8F2D-LeaderElection16] INFO  server.RaftServerConfigKeys (ConfUtils.java:logFallback(53)) - raft.server.rpc.first-election.timeout.min = 5s (fallback to raft.server.rpc.timeout.min)
2023-04-22 02:18:22,800 [ffe33985-86ac-4dba-9cf7-e9d9be1914b9@group-20B6682B8F2D-LeaderElection16] INFO  server.RaftServerConfigKeys (ConfUtils.java:logFallback(53)) - raft.server.rpc.first-election.timeout.max = 5200ms (fallback to raft.server.rpc.timeout.max)
2023-04-22 02:18:22,801 [ffe33985-86ac-4dba-9cf7-e9d9be1914b9@group-20B6682B8F2D-LeaderElection16-2] INFO  server.GrpcServerProtocolClient (GrpcServerProtocolClient.java:<init>(63)) - Build channel for 14afdd48-1c23-4787-9ada-99348fccc9d2
2023-04-22 02:18:22,812 [grpc-default-executor-3] INFO  server.RaftServer$Division (RaftServerImpl.java:requestVote(1218)) - 14afdd48-1c23-4787-9ada-99348fccc9d2@group-20B6682B8F2D: receive requestVote(PRE_VOTE, ffe33985-86ac-4dba-9cf7-e9d9be1914b9, group-20B6682B8F2D, 0, (t:0, i:0))
2023-04-22 02:18:22,812 [grpc-default-executor-3] INFO  impl.VoteContext (VoteContext.java:log(49)) - 14afdd48-1c23-4787-9ada-99348fccc9d2@group-20B6682B8F2D-FOLLOWER: reject PRE_VOTE from ffe33985-86ac-4dba-9cf7-e9d9be1914b9: our priority 1 > candidate's priority 0
2023-04-22 02:18:22,813 [grpc-default-executor-3] INFO  server.RaftServer$Division (RaftServerImpl.java:requestVote(1251)) - 14afdd48-1c23-4787-9ada-99348fccc9d2@group-20B6682B8F2D replies to PRE_VOTE vote request: ffe33985-86ac-4dba-9cf7-e9d9be1914b9<-14afdd48-1c23-4787-9ada-99348fccc9d2#0:FAIL-t0. Peer's state: 14afdd48-1c23-4787-9ada-99348fccc9d2@group-20B6682B8F2D:t0, leader=null, voted=, raftlog=Memoized:14afdd48-1c23-4787-9ada-99348fccc9d2@group-20B6682B8F2D-SegmentedRaftLog:OPENED:c-1, conf=-1: peers:[2e77c710-dcb3-40c4-9ab8-375ebf5b60c5|rpc:10.1.0.20:42687|dataStream:10.1.0.20:33365|priority:0|startupRole:FOLLOWER, ffe33985-86ac-4dba-9cf7-e9d9be1914b9|rpc:10.1.0.20:37515|dataStream:10.1.0.20:41651|priority:0|startupRole:FOLLOWER, 14afdd48-1c23-4787-9ada-99348fccc9d2|rpc:10.1.0.20:38959|dataStream:10.1.0.20:42291|priority:1|startupRole:FOLLOWER]|listeners:[], old=null
2023-04-22 02:18:22,814 [ffe33985-86ac-4dba-9cf7-e9d9be1914b9@group-20B6682B8F2D-LeaderElection16] INFO  impl.LeaderElection (LeaderElection.java:logAndReturn(90)) - ffe33985-86ac-4dba-9cf7-e9d9be1914b9@group-20B6682B8F2D-LeaderElection16: PRE_VOTE REJECTED received 1 response(s) and 0 exception(s):
2023-04-22 02:18:22,814 [ffe33985-86ac-4dba-9cf7-e9d9be1914b9@group-20B6682B8F2D-LeaderElection16] INFO  impl.LeaderElection (LeaderElection.java:logAndReturn(94)) -   Response 0: ffe33985-86ac-4dba-9cf7-e9d9be1914b9<-14afdd48-1c23-4787-9ada-99348fccc9d2#0:FAIL-t0
2023-04-22 02:18:22,814 [ffe33985-86ac-4dba-9cf7-e9d9be1914b9@group-20B6682B8F2D-LeaderElection16] INFO  impl.LeaderElection (LeaderElection.java:askForVotes(314)) - ffe33985-86ac-4dba-9cf7-e9d9be1914b9@group-20B6682B8F2D-LeaderElection16 PRE_VOTE round 0: result REJECTED
2023-04-22 02:18:22,814 [ffe33985-86ac-4dba-9cf7-e9d9be1914b9@group-20B6682B8F2D-LeaderElection16] INFO  server.RaftServer$Division (RaftServerImpl.java:setRole(321)) - ffe33985-86ac-4dba-9cf7-e9d9be1914b9@group-20B6682B8F2D: changes role from CANDIDATE to FOLLOWER at term 0 for REJECTED
2023-04-22 02:18:22,814 [ffe33985-86ac-4dba-9cf7-e9d9be1914b9@group-20B6682B8F2D-LeaderElection16] INFO  impl.RoleInfo (RoleInfo.java:shutdownLeaderElection(130)) - ffe33985-86ac-4dba-9cf7-e9d9be1914b9: shutdown ffe33985-86ac-4dba-9cf7-e9d9be1914b9@group-20B6682B8F2D-LeaderElection16
2023-04-22 02:18:22,815 [ffe33985-86ac-4dba-9cf7-e9d9be1914b9@group-20B6682B8F2D-LeaderElection16] INFO  impl.RoleInfo (RoleInfo.java:updateAndGet(139)) - ffe33985-86ac-4dba-9cf7-e9d9be1914b9: start ffe33985-86ac-4dba-9cf7-e9d9be1914b9@group-20B6682B8F2D-FollowerState
2023-04-22 02:18:22,819 [grpc-default-executor-3] INFO  server.RaftServer$Division (RaftServerImpl.java:requestVote(1218)) - 2e77c710-dcb3-40c4-9ab8-375ebf5b60c5@group-20B6682B8F2D: receive requestVote(PRE_VOTE, ffe33985-86ac-4dba-9cf7-e9d9be1914b9, group-20B6682B8F2D, 0, (t:0, i:0))
2023-04-22 02:18:22,819 [grpc-default-executor-3] INFO  impl.VoteContext (VoteContext.java:log(49)) - 2e77c710-dcb3-40c4-9ab8-375ebf5b60c5@group-20B6682B8F2D-FOLLOWER: accept PRE_VOTE from ffe33985-86ac-4dba-9cf7-e9d9be1914b9: our priority 0 <= candidate's priority 0
2023-04-22 02:18:22,819 [grpc-default-executor-3] INFO  server.RaftServer$Division (RaftServerImpl.java:requestVote(1251)) - 2e77c710-dcb3-40c4-9ab8-375ebf5b60c5@group-20B6682B8F2D replies to PRE_VOTE vote request: ffe33985-86ac-4dba-9cf7-e9d9be1914b9<-2e77c710-dcb3-40c4-9ab8-375ebf5b60c5#0:OK-t0. Peer's state: 2e77c710-dcb3-40c4-9ab8-375ebf5b60c5@group-20B6682B8F2D:t0, leader=null, voted=, raftlog=Memoized:2e77c710-dcb3-40c4-9ab8-375ebf5b60c5@group-20B6682B8F2D-SegmentedRaftLog:OPENED:c-1, conf=-1: peers:[2e77c710-dcb3-40c4-9ab8-375ebf5b60c5|rpc:10.1.0.20:42687|dataStream:10.1.0.20:33365|priority:0|startupRole:FOLLOWER, ffe33985-86ac-4dba-9cf7-e9d9be1914b9|rpc:10.1.0.20:37515|dataStream:10.1.0.20:41651|priority:0|startupRole:FOLLOWER, 14afdd48-1c23-4787-9ada-99348fccc9d2|rpc:10.1.0.20:38959|dataStream:10.1.0.20:42291|priority:1|startupRole:FOLLOWER]|listeners:[], old=null
2023-04-22 02:18:22,826 [ffe33985-86ac-4dba-9cf7-e9d9be1914b9@group-20B6682B8F2D-FollowerState] INFO  server.RaftServerConfigKeys (ConfUtils.java:logFallback(53)) - raft.server.rpc.first-election.timeout.min = 5s (fallback to raft.server.rpc.timeout.min)
2023-04-22 02:18:22,826 [ffe33985-86ac-4dba-9cf7-e9d9be1914b9@group-20B6682B8F2D-FollowerState] INFO  server.RaftServerConfigKeys (ConfUtils.java:logFallback(53)) - raft.server.rpc.first-election.timeout.max = 5200ms (fallback to raft.server.rpc.timeout.max)
2023-04-22 02:18:22,882 [ffe33985-86ac-4dba-9cf7-e9d9be1914b9@group-C9DB5F5BB77F-FollowerState] INFO  impl.FollowerState (FollowerState.java:run(143)) - ffe33985-86ac-4dba-9cf7-e9d9be1914b9@group-C9DB5F5BB77F-FollowerState: change to CANDIDATE, lastRpcElapsedTime:5120685886ns, electionTimeout:5108ms
2023-04-22 02:18:22,882 [ffe33985-86ac-4dba-9cf7-e9d9be1914b9@group-C9DB5F5BB77F-FollowerState] INFO  impl.RoleInfo (RoleInfo.java:shutdownFollowerState(110)) - ffe33985-86ac-4dba-9cf7-e9d9be1914b9: shutdown ffe33985-86ac-4dba-9cf7-e9d9be1914b9@group-C9DB5F5BB77F-FollowerState
2023-04-22 02:18:22,882 [ffe33985-86ac-4dba-9cf7-e9d9be1914b9@group-C9DB5F5BB77F-FollowerState] INFO  server.RaftServer$Division (RaftServerImpl.java:setRole(321)) - ffe33985-86ac-4dba-9cf7-e9d9be1914b9@group-C9DB5F5BB77F: changes role from  FOLLOWER to CANDIDATE at term 0 for changeToCandidate
2023-04-22 02:18:22,882 [ffe33985-86ac-4dba-9cf7-e9d9be1914b9@group-C9DB5F5BB77F-FollowerState] INFO  server.RaftServerConfigKeys (ConfUtils.java:logGet(46)) - raft.server.leaderelection.pre-vote = true (default)
2023-04-22 02:18:22,882 [ffe33985-86ac-4dba-9cf7-e9d9be1914b9@group-C9DB5F5BB77F-FollowerState] INFO  impl.RoleInfo (RoleInfo.java:updateAndGet(139)) - ffe33985-86ac-4dba-9cf7-e9d9be1914b9: start ffe33985-86ac-4dba-9cf7-e9d9be1914b9@group-C9DB5F5BB77F-LeaderElection17
2023-04-22 02:18:22,884 [ffe33985-86ac-4dba-9cf7-e9d9be1914b9@group-C9DB5F5BB77F-LeaderElection17] INFO  impl.LeaderElection (LeaderElection.java:askForVotes(312)) - ffe33985-86ac-4dba-9cf7-e9d9be1914b9@group-C9DB5F5BB77F-LeaderElection17 PRE_VOTE round 0: submit vote requests at term 0 for -1: peers:[ffe33985-86ac-4dba-9cf7-e9d9be1914b9|rpc:10.1.0.20:37515|dataStream:10.1.0.20:41651|priority:1|startupRole:FOLLOWER]|listeners:[], old=null
2023-04-22 02:18:22,884 [ffe33985-86ac-4dba-9cf7-e9d9be1914b9@group-C9DB5F5BB77F-LeaderElection17] INFO  impl.LeaderElection (LeaderElection.java:askForVotes(314)) - ffe33985-86ac-4dba-9cf7-e9d9be1914b9@group-C9DB5F5BB77F-LeaderElection17 PRE_VOTE round 0: result PASSED (term=0)
2023-04-22 02:18:22,885 [ffe33985-86ac-4dba-9cf7-e9d9be1914b9@group-C9DB5F5BB77F-LeaderElection17] INFO  impl.LeaderElection (LeaderElection.java:askForVotes(312)) - ffe33985-86ac-4dba-9cf7-e9d9be1914b9@group-C9DB5F5BB77F-LeaderElection17 ELECTION round 0: submit vote requests at term 1 for -1: peers:[ffe33985-86ac-4dba-9cf7-e9d9be1914b9|rpc:10.1.0.20:37515|dataStream:10.1.0.20:41651|priority:1|startupRole:FOLLOWER]|listeners:[], old=null
2023-04-22 02:18:22,885 [ffe33985-86ac-4dba-9cf7-e9d9be1914b9@group-C9DB5F5BB77F-LeaderElection17] INFO  impl.LeaderElection (LeaderElection.java:askForVotes(314)) - ffe33985-86ac-4dba-9cf7-e9d9be1914b9@group-C9DB5F5BB77F-LeaderElection17 ELECTION round 0: result PASSED (term=1)
2023-04-22 02:18:22,885 [ffe33985-86ac-4dba-9cf7-e9d9be1914b9@group-C9DB5F5BB77F-LeaderElection17] INFO  impl.RoleInfo (RoleInfo.java:shutdownLeaderElection(130)) - ffe33985-86ac-4dba-9cf7-e9d9be1914b9: shutdown ffe33985-86ac-4dba-9cf7-e9d9be1914b9@group-C9DB5F5BB77F-LeaderElection17
2023-04-22 02:18:22,885 [ffe33985-86ac-4dba-9cf7-e9d9be1914b9@group-C9DB5F5BB77F-LeaderElection17] INFO  server.RaftServer$Division (RaftServerImpl.java:setRole(321)) - ffe33985-86ac-4dba-9cf7-e9d9be1914b9@group-C9DB5F5BB77F: changes role from CANDIDATE to LEADER at term 1 for changeToLeader
2023-04-22 02:18:22,885 [ffe33985-86ac-4dba-9cf7-e9d9be1914b9@group-C9DB5F5BB77F-LeaderElection17] INFO  ratis.XceiverServerRatis (XceiverServerRatis.java:handleLeaderChangedNotification(904)) - Leader change notification received for group: group-C9DB5F5BB77F with new leaderId: ffe33985-86ac-4dba-9cf7-e9d9be1914b9
2023-04-22 02:18:22,885 [ffe33985-86ac-4dba-9cf7-e9d9be1914b9@group-C9DB5F5BB77F-LeaderElection17] INFO  server.RaftServer$Division (ServerState.java:setLeader(313)) - ffe33985-86ac-4dba-9cf7-e9d9be1914b9@group-C9DB5F5BB77F: change Leader from null to ffe33985-86ac-4dba-9cf7-e9d9be1914b9 at term 1 for becomeLeader, leader elected after 5139ms
2023-04-22 02:18:22,885 [ffe33985-86ac-4dba-9cf7-e9d9be1914b9@group-C9DB5F5BB77F-LeaderElection17] INFO  server.RaftServerConfigKeys (ConfUtils.java:logGet(46)) - raft.server.staging.catchup.gap = 1000 (default)
2023-04-22 02:18:22,885 [ffe33985-86ac-4dba-9cf7-e9d9be1914b9@group-C9DB5F5BB77F-LeaderElection17] INFO  server.RaftServerConfigKeys (ConfUtils.java:logGet(46)) - raft.server.write.element-limit = 1024 (custom)
2023-04-22 02:18:22,885 [ffe33985-86ac-4dba-9cf7-e9d9be1914b9@group-C9DB5F5BB77F-LeaderElection17] INFO  server.RaftServerConfigKeys (ConfUtils.java:logGet(46)) - raft.server.write.byte-limit = 1024 M (=1073741824) (custom)
2023-04-22 02:18:22,886 [ffe33985-86ac-4dba-9cf7-e9d9be1914b9@group-C9DB5F5BB77F-LeaderElection17] INFO  server.RaftServerConfigKeys (ConfUtils.java:logGet(46)) - raft.server.watch.timeout = 10000ms (default)
2023-04-22 02:18:22,886 [ffe33985-86ac-4dba-9cf7-e9d9be1914b9@group-C9DB5F5BB77F-LeaderElection17] INFO  server.RaftServerConfigKeys (ConfUtils.java:logGet(46)) - raft.server.watch.timeout.denomination = 1s (default)
2023-04-22 02:18:22,886 [ffe33985-86ac-4dba-9cf7-e9d9be1914b9@group-C9DB5F5BB77F-LeaderElection17] INFO  server.RaftServerConfigKeys (ConfUtils.java:logGet(46)) - raft.server.watch.element-limit = 65536 (default)
2023-04-22 02:18:22,886 [ffe33985-86ac-4dba-9cf7-e9d9be1914b9@group-C9DB5F5BB77F-LeaderElection17] INFO  server.RaftServerConfigKeys (ConfUtils.java:logGet(46)) - raft.server.write.element-limit = 1024 (custom)
2023-04-22 02:18:22,886 [ffe33985-86ac-4dba-9cf7-e9d9be1914b9@group-C9DB5F5BB77F-LeaderElection17] INFO  server.RaftServerConfigKeys (ConfUtils.java:logGet(46)) - raft.server.write.follower.gap.ratio.max = -1.0 (default)
2023-04-22 02:18:22,887 [ffe33985-86ac-4dba-9cf7-e9d9be1914b9@group-C9DB5F5BB77F-LeaderElection17] INFO  impl.RoleInfo (RoleInfo.java:updateAndGet(139)) - ffe33985-86ac-4dba-9cf7-e9d9be1914b9: start ffe33985-86ac-4dba-9cf7-e9d9be1914b9@group-C9DB5F5BB77F-LeaderStateImpl
2023-04-22 02:18:22,887 [ffe33985-86ac-4dba-9cf7-e9d9be1914b9@group-C9DB5F5BB77F-LeaderElection17] INFO  segmented.SegmentedRaftLogWorker (SegmentedRaftLogWorker.java:startLogSegment(452)) - ffe33985-86ac-4dba-9cf7-e9d9be1914b9@group-C9DB5F5BB77F-SegmentedRaftLogWorker: Starting segment from index:0
2023-04-22 02:18:22,890 [ffe33985-86ac-4dba-9cf7-e9d9be1914b9@group-C9DB5F5BB77F-LeaderElection17] INFO  server.RaftServer$Division (ServerState.java:setRaftConf(430)) - ffe33985-86ac-4dba-9cf7-e9d9be1914b9@group-C9DB5F5BB77F: set configuration 0: peers:[ffe33985-86ac-4dba-9cf7-e9d9be1914b9|rpc:10.1.0.20:37515|dataStream:10.1.0.20:41651|priority:1|startupRole:FOLLOWER]|listeners:[], old=null
2023-04-22 02:18:22,891 [ffe33985-86ac-4dba-9cf7-e9d9be1914b9@group-C9DB5F5BB77F-SegmentedRaftLogWorker] INFO  segmented.SegmentedRaftLogWorker (SegmentedRaftLogWorker.java:execute(656)) - ffe33985-86ac-4dba-9cf7-e9d9be1914b9@group-C9DB5F5BB77F-SegmentedRaftLogWorker: created new log segment /home/runner/work/ozone/ozone/hadoop-ozone/integration-test/target/test-dir/MiniOzoneClusterImpl-b640deff-6994-498f-92ea-4ac5c972f0d8/datanode-6/data/ratis/c81e7b98-8a93-42e3-95e3-c9db5f5bb77f/current/log_inprogress_0
2023-04-22 02:18:22,892 [14afdd48-1c23-4787-9ada-99348fccc9d2@group-20B6682B8F2D-FollowerState] INFO  impl.FollowerState (FollowerState.java:run(143)) - 14afdd48-1c23-4787-9ada-99348fccc9d2@group-20B6682B8F2D-FollowerState: change to CANDIDATE, lastRpcElapsedTime:5058614870ns, electionTimeout:5055ms
2023-04-22 02:18:22,892 [14afdd48-1c23-4787-9ada-99348fccc9d2@group-20B6682B8F2D-FollowerState] INFO  impl.RoleInfo (RoleInfo.java:shutdownFollowerState(110)) - 14afdd48-1c23-4787-9ada-99348fccc9d2: shutdown 14afdd48-1c23-4787-9ada-99348fccc9d2@group-20B6682B8F2D-FollowerState
2023-04-22 02:18:22,892 [14afdd48-1c23-4787-9ada-99348fccc9d2@group-20B6682B8F2D-FollowerState] INFO  server.RaftServer$Division (RaftServerImpl.java:setRole(321)) - 14afdd48-1c23-4787-9ada-99348fccc9d2@group-20B6682B8F2D: changes role from  FOLLOWER to CANDIDATE at term 0 for changeToCandidate
2023-04-22 02:18:22,892 [14afdd48-1c23-4787-9ada-99348fccc9d2@group-20B6682B8F2D-FollowerState] INFO  server.RaftServerConfigKeys (ConfUtils.java:logGet(46)) - raft.server.leaderelection.pre-vote = true (default)
2023-04-22 02:18:22,892 [14afdd48-1c23-4787-9ada-99348fccc9d2@group-20B6682B8F2D-FollowerState] INFO  impl.RoleInfo (RoleInfo.java:updateAndGet(139)) - 14afdd48-1c23-4787-9ada-99348fccc9d2: start 14afdd48-1c23-4787-9ada-99348fccc9d2@group-20B6682B8F2D-LeaderElection18
2023-04-22 02:18:22,893 [ffe33985-86ac-4dba-9cf7-e9d9be1914b9@group-C9DB5F5BB77F-StateMachineUpdater] INFO  ratis.ContainerStateMachine (ContainerStateMachine.java:takeSnapshot(330)) - group-C9DB5F5BB77F: Taking a snapshot at:(t:1, i:0) file /home/runner/work/ozone/ozone/hadoop-ozone/integration-test/target/test-dir/MiniOzoneClusterImpl-b640deff-6994-498f-92ea-4ac5c972f0d8/datanode-6/data/ratis/c81e7b98-8a93-42e3-95e3-c9db5f5bb77f/sm/snapshot.1_0
2023-04-22 02:18:22,894 [ffe33985-86ac-4dba-9cf7-e9d9be1914b9@group-C9DB5F5BB77F-StateMachineUpdater] INFO  ratis.ContainerStateMachine (ContainerStateMachine.java:takeSnapshot(341)) - group-C9DB5F5BB77F: Finished taking a snapshot at:(t:1, i:0) file:/home/runner/work/ozone/ozone/hadoop-ozone/integration-test/target/test-dir/MiniOzoneClusterImpl-b640deff-6994-498f-92ea-4ac5c972f0d8/datanode-6/data/ratis/c81e7b98-8a93-42e3-95e3-c9db5f5bb77f/sm/snapshot.1_0 took: 1 ms
2023-04-22 02:18:22,894 [ffe33985-86ac-4dba-9cf7-e9d9be1914b9@group-C9DB5F5BB77F-StateMachineUpdater] INFO  impl.StateMachineUpdater (StateMachineUpdater.java:takeSnapshot(287)) - ffe33985-86ac-4dba-9cf7-e9d9be1914b9@group-C9DB5F5BB77F-StateMachineUpdater: Took a snapshot at index 0
2023-04-22 02:18:22,894 [ffe33985-86ac-4dba-9cf7-e9d9be1914b9@group-C9DB5F5BB77F-StateMachineUpdater] INFO  impl.StateMachineUpdater (StateMachineUpdater.java:lambda$new$0(92)) - ffe33985-86ac-4dba-9cf7-e9d9be1914b9@group-C9DB5F5BB77F-StateMachineUpdater: snapshotIndex: updateIncreasingly -1 -> 0
2023-04-22 02:18:22,895 [14afdd48-1c23-4787-9ada-99348fccc9d2@group-20B6682B8F2D-LeaderElection18] INFO  impl.LeaderElection (LeaderElection.java:askForVotes(312)) - 14afdd48-1c23-4787-9ada-99348fccc9d2@group-20B6682B8F2D-LeaderElection18 PRE_VOTE round 0: submit vote requests at term 0 for -1: peers:[2e77c710-dcb3-40c4-9ab8-375ebf5b60c5|rpc:10.1.0.20:42687|dataStream:10.1.0.20:33365|priority:0|startupRole:FOLLOWER, ffe33985-86ac-4dba-9cf7-e9d9be1914b9|rpc:10.1.0.20:37515|dataStream:10.1.0.20:41651|priority:0|startupRole:FOLLOWER, 14afdd48-1c23-4787-9ada-99348fccc9d2|rpc:10.1.0.20:38959|dataStream:10.1.0.20:42291|priority:1|startupRole:FOLLOWER]|listeners:[], old=null
2023-04-22 02:18:22,895 [14afdd48-1c23-4787-9ada-99348fccc9d2@group-20B6682B8F2D-LeaderElection18] INFO  server.RaftServerConfigKeys (ConfUtils.java:logFallback(53)) - raft.server.rpc.first-election.timeout.min = 5s (fallback to raft.server.rpc.timeout.min)
2023-04-22 02:18:22,895 [14afdd48-1c23-4787-9ada-99348fccc9d2@group-20B6682B8F2D-LeaderElection18-1] INFO  server.GrpcServerProtocolClient (GrpcServerProtocolClient.java:<init>(63)) - Build channel for 2e77c710-dcb3-40c4-9ab8-375ebf5b60c5
2023-04-22 02:18:22,895 [14afdd48-1c23-4787-9ada-99348fccc9d2@group-20B6682B8F2D-LeaderElection18] INFO  server.RaftServerConfigKeys (ConfUtils.java:logFallback(53)) - raft.server.rpc.first-election.timeout.max = 5200ms (fallback to raft.server.rpc.timeout.max)
2023-04-22 02:18:22,895 [14afdd48-1c23-4787-9ada-99348fccc9d2@group-20B6682B8F2D-LeaderElection18-2] INFO  server.GrpcServerProtocolClient (GrpcServerProtocolClient.java:<init>(63)) - Build channel for ffe33985-86ac-4dba-9cf7-e9d9be1914b9
2023-04-22 02:18:22,901 [grpc-default-executor-3] INFO  server.RaftServer$Division (RaftServerImpl.java:requestVote(1218)) - 2e77c710-dcb3-40c4-9ab8-375ebf5b60c5@group-20B6682B8F2D: receive requestVote(PRE_VOTE, 14afdd48-1c23-4787-9ada-99348fccc9d2, group-20B6682B8F2D, 0, (t:0, i:0))
2023-04-22 02:18:22,902 [grpc-default-executor-3] INFO  impl.VoteContext (VoteContext.java:log(49)) - 2e77c710-dcb3-40c4-9ab8-375ebf5b60c5@group-20B6682B8F2D-FOLLOWER: accept PRE_VOTE from 14afdd48-1c23-4787-9ada-99348fccc9d2: our priority 0 <= candidate's priority 1
2023-04-22 02:18:22,902 [grpc-default-executor-3] INFO  server.RaftServer$Division (RaftServerImpl.java:requestVote(1251)) - 2e77c710-dcb3-40c4-9ab8-375ebf5b60c5@group-20B6682B8F2D replies to PRE_VOTE vote request: 14afdd48-1c23-4787-9ada-99348fccc9d2<-2e77c710-dcb3-40c4-9ab8-375ebf5b60c5#0:OK-t0. Peer's state: 2e77c710-dcb3-40c4-9ab8-375ebf5b60c5@group-20B6682B8F2D:t0, leader=null, voted=, raftlog=Memoized:2e77c710-dcb3-40c4-9ab8-375ebf5b60c5@group-20B6682B8F2D-SegmentedRaftLog:OPENED:c-1, conf=-1: peers:[2e77c710-dcb3-40c4-9ab8-375ebf5b60c5|rpc:10.1.0.20:42687|dataStream:10.1.0.20:33365|priority:0|startupRole:FOLLOWER, ffe33985-86ac-4dba-9cf7-e9d9be1914b9|rpc:10.1.0.20:37515|dataStream:10.1.0.20:41651|priority:0|startupRole:FOLLOWER, 14afdd48-1c23-4787-9ada-99348fccc9d2|rpc:10.1.0.20:38959|dataStream:10.1.0.20:42291|priority:1|startupRole:FOLLOWER]|listeners:[], old=null
2023-04-22 02:18:22,907 [14afdd48-1c23-4787-9ada-99348fccc9d2@group-20B6682B8F2D-LeaderElection18] INFO  impl.LeaderElection (LeaderElection.java:logAndReturn(90)) - 14afdd48-1c23-4787-9ada-99348fccc9d2@group-20B6682B8F2D-LeaderElection18: PRE_VOTE PASSED received 1 response(s) and 0 exception(s):
2023-04-22 02:18:22,907 [14afdd48-1c23-4787-9ada-99348fccc9d2@group-20B6682B8F2D-LeaderElection18] INFO  impl.LeaderElection (LeaderElection.java:logAndReturn(94)) -   Response 0: 14afdd48-1c23-4787-9ada-99348fccc9d2<-2e77c710-dcb3-40c4-9ab8-375ebf5b60c5#0:OK-t0
2023-04-22 02:18:22,907 [14afdd48-1c23-4787-9ada-99348fccc9d2@group-20B6682B8F2D-LeaderElection18] INFO  impl.LeaderElection (LeaderElection.java:askForVotes(314)) - 14afdd48-1c23-4787-9ada-99348fccc9d2@group-20B6682B8F2D-LeaderElection18 PRE_VOTE round 0: result PASSED
2023-04-22 02:18:22,914 [grpc-default-executor-3] INFO  server.RaftServer$Division (RaftServerImpl.java:requestVote(1218)) - ffe33985-86ac-4dba-9cf7-e9d9be1914b9@group-20B6682B8F2D: receive requestVote(PRE_VOTE, 14afdd48-1c23-4787-9ada-99348fccc9d2, group-20B6682B8F2D, 0, (t:0, i:0))
2023-04-22 02:18:22,915 [grpc-default-executor-3] INFO  impl.VoteContext (VoteContext.java:log(49)) - ffe33985-86ac-4dba-9cf7-e9d9be1914b9@group-20B6682B8F2D-FOLLOWER: accept PRE_VOTE from 14afdd48-1c23-4787-9ada-99348fccc9d2: our priority 0 <= candidate's priority 1
2023-04-22 02:18:22,915 [grpc-default-executor-3] INFO  server.RaftServer$Division (RaftServerImpl.java:requestVote(1251)) - ffe33985-86ac-4dba-9cf7-e9d9be1914b9@group-20B6682B8F2D replies to PRE_VOTE vote request: 14afdd48-1c23-4787-9ada-99348fccc9d2<-ffe33985-86ac-4dba-9cf7-e9d9be1914b9#0:OK-t0. Peer's state: ffe33985-86ac-4dba-9cf7-e9d9be1914b9@group-20B6682B8F2D:t0, leader=null, voted=, raftlog=Memoized:ffe33985-86ac-4dba-9cf7-e9d9be1914b9@group-20B6682B8F2D-SegmentedRaftLog:OPENED:c-1, conf=-1: peers:[2e77c710-dcb3-40c4-9ab8-375ebf5b60c5|rpc:10.1.0.20:42687|dataStream:10.1.0.20:33365|priority:0|startupRole:FOLLOWER, ffe33985-86ac-4dba-9cf7-e9d9be1914b9|rpc:10.1.0.20:37515|dataStream:10.1.0.20:41651|priority:0|startupRole:FOLLOWER, 14afdd48-1c23-4787-9ada-99348fccc9d2|rpc:10.1.0.20:38959|dataStream:10.1.0.20:42291|priority:1|startupRole:FOLLOWER]|listeners:[], old=null
2023-04-22 02:18:22,917 [14afdd48-1c23-4787-9ada-99348fccc9d2@group-20B6682B8F2D-LeaderElection18] INFO  impl.LeaderElection (LeaderElection.java:askForVotes(312)) - 14afdd48-1c23-4787-9ada-99348fccc9d2@group-20B6682B8F2D-LeaderElection18 ELECTION round 0: submit vote requests at term 1 for -1: peers:[2e77c710-dcb3-40c4-9ab8-375ebf5b60c5|rpc:10.1.0.20:42687|dataStream:10.1.0.20:33365|priority:0|startupRole:FOLLOWER, ffe33985-86ac-4dba-9cf7-e9d9be1914b9|rpc:10.1.0.20:37515|dataStream:10.1.0.20:41651|priority:0|startupRole:FOLLOWER, 14afdd48-1c23-4787-9ada-99348fccc9d2|rpc:10.1.0.20:38959|dataStream:10.1.0.20:42291|priority:1|startupRole:FOLLOWER]|listeners:[], old=null
2023-04-22 02:18:22,919 [14afdd48-1c23-4787-9ada-99348fccc9d2@group-20B6682B8F2D-LeaderElection18] INFO  server.RaftServerConfigKeys (ConfUtils.java:logFallback(53)) - raft.server.rpc.first-election.timeout.min = 5s (fallback to raft.server.rpc.timeout.min)
2023-04-22 02:18:22,919 [14afdd48-1c23-4787-9ada-99348fccc9d2@group-20B6682B8F2D-LeaderElection18] INFO  server.RaftServerConfigKeys (ConfUtils.java:logFallback(53)) - raft.server.rpc.first-election.timeout.max = 5200ms (fallback to raft.server.rpc.timeout.max)
2023-04-22 02:18:22,922 [grpc-default-executor-3] INFO  server.RaftServer$Division (RaftServerImpl.java:requestVote(1218)) - 2e77c710-dcb3-40c4-9ab8-375ebf5b60c5@group-20B6682B8F2D: receive requestVote(ELECTION, 14afdd48-1c23-4787-9ada-99348fccc9d2, group-20B6682B8F2D, 1, (t:0, i:0))
2023-04-22 02:18:22,922 [grpc-default-executor-3] INFO  impl.VoteContext (VoteContext.java:log(49)) - 2e77c710-dcb3-40c4-9ab8-375ebf5b60c5@group-20B6682B8F2D-FOLLOWER: accept ELECTION from 14afdd48-1c23-4787-9ada-99348fccc9d2: our priority 0 <= candidate's priority 1
2023-04-22 02:18:22,922 [grpc-default-executor-3] INFO  server.RaftServer$Division (RaftServerImpl.java:setRole(321)) - 2e77c710-dcb3-40c4-9ab8-375ebf5b60c5@group-20B6682B8F2D: changes role from  FOLLOWER to FOLLOWER at term 1 for candidate:14afdd48-1c23-4787-9ada-99348fccc9d2
2023-04-22 02:18:22,922 [grpc-default-executor-3] INFO  impl.RoleInfo (RoleInfo.java:shutdownFollowerState(110)) - 2e77c710-dcb3-40c4-9ab8-375ebf5b60c5: shutdown 2e77c710-dcb3-40c4-9ab8-375ebf5b60c5@group-20B6682B8F2D-FollowerState
2023-04-22 02:18:22,922 [grpc-default-executor-3] INFO  impl.RoleInfo (RoleInfo.java:updateAndGet(139)) - 2e77c710-dcb3-40c4-9ab8-375ebf5b60c5: start 2e77c710-dcb3-40c4-9ab8-375ebf5b60c5@group-20B6682B8F2D-FollowerState
2023-04-22 02:18:22,922 [2e77c710-dcb3-40c4-9ab8-375ebf5b60c5@group-20B6682B8F2D-FollowerState] INFO  impl.FollowerState (FollowerState.java:run(152)) - 2e77c710-dcb3-40c4-9ab8-375ebf5b60c5@group-20B6682B8F2D-FollowerState was interrupted
2023-04-22 02:18:22,923 [2e77c710-dcb3-40c4-9ab8-375ebf5b60c5@group-20B6682B8F2D-FollowerState] INFO  server.RaftServerConfigKeys (ConfUtils.java:logFallback(53)) - raft.server.rpc.first-election.timeout.min = 5s (fallback to raft.server.rpc.timeout.min)
2023-04-22 02:18:22,923 [grpc-default-executor-3] INFO  server.RaftServer$Division (RaftServerImpl.java:requestVote(1251)) - 2e77c710-dcb3-40c4-9ab8-375ebf5b60c5@group-20B6682B8F2D replies to ELECTION vote request: 14afdd48-1c23-4787-9ada-99348fccc9d2<-2e77c710-dcb3-40c4-9ab8-375ebf5b60c5#0:OK-t1. Peer's state: 2e77c710-dcb3-40c4-9ab8-375ebf5b60c5@group-20B6682B8F2D:t1, leader=null, voted=14afdd48-1c23-4787-9ada-99348fccc9d2, raftlog=Memoized:2e77c710-dcb3-40c4-9ab8-375ebf5b60c5@group-20B6682B8F2D-SegmentedRaftLog:OPENED:c-1, conf=-1: peers:[2e77c710-dcb3-40c4-9ab8-375ebf5b60c5|rpc:10.1.0.20:42687|dataStream:10.1.0.20:33365|priority:0|startupRole:FOLLOWER, ffe33985-86ac-4dba-9cf7-e9d9be1914b9|rpc:10.1.0.20:37515|dataStream:10.1.0.20:41651|priority:0|startupRole:FOLLOWER, 14afdd48-1c23-4787-9ada-99348fccc9d2|rpc:10.1.0.20:38959|dataStream:10.1.0.20:42291|priority:1|startupRole:FOLLOWER]|listeners:[], old=null
2023-04-22 02:18:22,924 [2e77c710-dcb3-40c4-9ab8-375ebf5b60c5@group-20B6682B8F2D-FollowerState] INFO  server.RaftServerConfigKeys (ConfUtils.java:logFallback(53)) - raft.server.rpc.first-election.timeout.max = 5200ms (fallback to raft.server.rpc.timeout.max)
2023-04-22 02:18:22,924 [14afdd48-1c23-4787-9ada-99348fccc9d2@group-20B6682B8F2D-LeaderElection18] INFO  impl.LeaderElection (LeaderElection.java:logAndReturn(90)) - 14afdd48-1c23-4787-9ada-99348fccc9d2@group-20B6682B8F2D-LeaderElection18: ELECTION PASSED received 1 response(s) and 0 exception(s):
2023-04-22 02:18:22,924 [14afdd48-1c23-4787-9ada-99348fccc9d2@group-20B6682B8F2D-LeaderElection18] INFO  impl.LeaderElection (LeaderElection.java:logAndReturn(94)) -   Response 0: 14afdd48-1c23-4787-9ada-99348fccc9d2<-2e77c710-dcb3-40c4-9ab8-375ebf5b60c5#0:OK-t1
2023-04-22 02:18:22,925 [14afdd48-1c23-4787-9ada-99348fccc9d2@group-20B6682B8F2D-LeaderElection18] INFO  impl.LeaderElection (LeaderElection.java:askForVotes(314)) - 14afdd48-1c23-4787-9ada-99348fccc9d2@group-20B6682B8F2D-LeaderElection18 ELECTION round 0: result PASSED
2023-04-22 02:18:22,925 [14afdd48-1c23-4787-9ada-99348fccc9d2@group-20B6682B8F2D-LeaderElection18] INFO  impl.RoleInfo (RoleInfo.java:shutdownLeaderElection(130)) - 14afdd48-1c23-4787-9ada-99348fccc9d2: shutdown 14afdd48-1c23-4787-9ada-99348fccc9d2@group-20B6682B8F2D-LeaderElection18
2023-04-22 02:18:22,925 [14afdd48-1c23-4787-9ada-99348fccc9d2@group-20B6682B8F2D-LeaderElection18] INFO  server.RaftServer$Division (RaftServerImpl.java:setRole(321)) - 14afdd48-1c23-4787-9ada-99348fccc9d2@group-20B6682B8F2D: changes role from CANDIDATE to LEADER at term 1 for changeToLeader
2023-04-22 02:18:22,925 [14afdd48-1c23-4787-9ada-99348fccc9d2@group-20B6682B8F2D-LeaderElection18] INFO  ratis.XceiverServerRatis (XceiverServerRatis.java:handleLeaderChangedNotification(904)) - Leader change notification received for group: group-20B6682B8F2D with new leaderId: 14afdd48-1c23-4787-9ada-99348fccc9d2
2023-04-22 02:18:22,925 [14afdd48-1c23-4787-9ada-99348fccc9d2@group-20B6682B8F2D-LeaderElection18] INFO  server.RaftServer$Division (ServerState.java:setLeader(313)) - 14afdd48-1c23-4787-9ada-99348fccc9d2@group-20B6682B8F2D: change Leader from null to 14afdd48-1c23-4787-9ada-99348fccc9d2 at term 1 for becomeLeader, leader elected after 5108ms
2023-04-22 02:18:22,925 [14afdd48-1c23-4787-9ada-99348fccc9d2@group-20B6682B8F2D-LeaderElection18] INFO  server.RaftServerConfigKeys (ConfUtils.java:logGet(46)) - raft.server.staging.catchup.gap = 1000 (default)
2023-04-22 02:18:22,925 [14afdd48-1c23-4787-9ada-99348fccc9d2@group-20B6682B8F2D-LeaderElection18] INFO  server.RaftServerConfigKeys (ConfUtils.java:logGet(46)) - raft.server.write.element-limit = 1024 (custom)
2023-04-22 02:18:22,925 [14afdd48-1c23-4787-9ada-99348fccc9d2@group-20B6682B8F2D-LeaderElection18] INFO  server.RaftServerConfigKeys (ConfUtils.java:logGet(46)) - raft.server.write.byte-limit = 1024 M (=1073741824) (custom)
2023-04-22 02:18:22,925 [14afdd48-1c23-4787-9ada-99348fccc9d2@group-20B6682B8F2D-LeaderElection18] INFO  server.RaftServerConfigKeys (ConfUtils.java:logGet(46)) - raft.server.watch.timeout = 10000ms (default)
2023-04-22 02:18:22,925 [14afdd48-1c23-4787-9ada-99348fccc9d2@group-20B6682B8F2D-LeaderElection18] INFO  server.RaftServerConfigKeys (ConfUtils.java:logGet(46)) - raft.server.watch.timeout.denomination = 1s (default)
2023-04-22 02:18:22,925 [14afdd48-1c23-4787-9ada-99348fccc9d2@group-20B6682B8F2D-LeaderElection18] INFO  server.RaftServerConfigKeys (ConfUtils.java:logGet(46)) - raft.server.watch.element-limit = 65536 (default)
2023-04-22 02:18:22,925 [14afdd48-1c23-4787-9ada-99348fccc9d2@group-20B6682B8F2D-LeaderElection18] INFO  server.RaftServerConfigKeys (ConfUtils.java:logGet(46)) - raft.server.write.element-limit = 1024 (custom)
2023-04-22 02:18:22,925 [14afdd48-1c23-4787-9ada-99348fccc9d2@group-20B6682B8F2D-LeaderElection18] INFO  server.RaftServerConfigKeys (ConfUtils.java:logGet(46)) - raft.server.write.follower.gap.ratio.max = -1.0 (default)
2023-04-22 02:18:22,926 [14afdd48-1c23-4787-9ada-99348fccc9d2@group-20B6682B8F2D-LeaderElection18] INFO  server.RaftServerConfigKeys (ConfUtils.java:logGet(46)) - raft.server.log.appender.snapshot.chunk.size.max = 16MB (=16777216) (default)
2023-04-22 02:18:22,926 [14afdd48-1c23-4787-9ada-99348fccc9d2@group-20B6682B8F2D-LeaderElection18] INFO  server.RaftServerConfigKeys (ConfUtils.java:logGet(46)) - raft.server.log.appender.buffer.byte-limit = 33554432 (custom)
2023-04-22 02:18:22,926 [14afdd48-1c23-4787-9ada-99348fccc9d2@group-20B6682B8F2D-LeaderElection18] INFO  server.RaftServerConfigKeys (ConfUtils.java:logGet(46)) - raft.server.log.appender.buffer.element-limit = 1 (custom)
2023-04-22 02:18:22,926 [14afdd48-1c23-4787-9ada-99348fccc9d2@group-20B6682B8F2D-LeaderElection18] INFO  grpc.GrpcConfigKeys (ConfUtils.java:logGet(46)) - raft.grpc.server.leader.outstanding.appends.max = 128 (default)
2023-04-22 02:18:22,926 [14afdd48-1c23-4787-9ada-99348fccc9d2@group-20B6682B8F2D-LeaderElection18] INFO  server.RaftServerConfigKeys (ConfUtils.java:logGet(46)) - raft.server.rpc.request.timeout = 3000ms (default)
2023-04-22 02:18:22,926 [14afdd48-1c23-4787-9ada-99348fccc9d2@group-20B6682B8F2D-LeaderElection18] INFO  server.RaftServerConfigKeys (ConfUtils.java:logGet(46)) - raft.server.log.appender.install.snapshot.enabled = false (custom)
2023-04-22 02:18:22,926 [14afdd48-1c23-4787-9ada-99348fccc9d2@group-20B6682B8F2D-LeaderElection18] INFO  grpc.GrpcConfigKeys (ConfUtils.java:logGet(46)) - raft.grpc.server.heartbeat.channel = true (default)
2023-04-22 02:18:22,926 [14afdd48-1c23-4787-9ada-99348fccc9d2@group-20B6682B8F2D-LeaderElection18] INFO  server.RaftServerConfigKeys (ConfUtils.java:logGet(46)) - raft.server.log.appender.wait-time.min = 10ms (default)
2023-04-22 02:18:22,927 [EventQueue-PipelineReportForPipelineReportHandler] INFO  pipeline.PipelineManagerImpl (PipelineManagerImpl.java:openPipeline(367)) - Pipeline Pipeline[ Id: df798386-9609-4838-9036-20b6682b8f2d, Nodes: ffe33985-86ac-4dba-9cf7-e9d9be1914b9(fv-az443-428.ap2fcshprsnunfx25e1aelzb4b.cx.internal.cloudapp.net/10.1.0.20)14afdd48-1c23-4787-9ada-99348fccc9d2(fv-az443-428.ap2fcshprsnunfx25e1aelzb4b.cx.internal.cloudapp.net/10.1.0.20)2e77c710-dcb3-40c4-9ab8-375ebf5b60c5(fv-az443-428.ap2fcshprsnunfx25e1aelzb4b.cx.internal.cloudapp.net/10.1.0.20), ReplicationConfig: RATIS/THREE, State:ALLOCATED, leaderId:14afdd48-1c23-4787-9ada-99348fccc9d2, CreationTimestamp2023-04-22T02:18:15.528Z[Etc/UTC]] moved to OPEN state
2023-04-22 02:18:22,927 [14afdd48-1c23-4787-9ada-99348fccc9d2@group-20B6682B8F2D-LeaderElection18] INFO  server.RaftServerConfigKeys (ConfUtils.java:logGet(46)) - raft.server.log.appender.snapshot.chunk.size.max = 16MB (=16777216) (default)
2023-04-22 02:18:22,927 [14afdd48-1c23-4787-9ada-99348fccc9d2@group-20B6682B8F2D-LeaderElection18] INFO  server.RaftServerConfigKeys (ConfUtils.java:logGet(46)) - raft.server.log.appender.buffer.byte-limit = 33554432 (custom)
2023-04-22 02:18:22,927 [14afdd48-1c23-4787-9ada-99348fccc9d2@group-20B6682B8F2D-LeaderElection18] INFO  server.RaftServerConfigKeys (ConfUtils.java:logGet(46)) - raft.server.log.appender.buffer.element-limit = 1 (custom)
2023-04-22 02:18:22,927 [14afdd48-1c23-4787-9ada-99348fccc9d2@group-20B6682B8F2D-LeaderElection18] INFO  grpc.GrpcConfigKeys (ConfUtils.java:logGet(46)) - raft.grpc.server.leader.outstanding.appends.max = 128 (default)
2023-04-22 02:18:22,927 [14afdd48-1c23-4787-9ada-99348fccc9d2@group-20B6682B8F2D-LeaderElection18] INFO  server.RaftServerConfigKeys (ConfUtils.java:logGet(46)) - raft.server.rpc.request.timeout = 3000ms (default)
2023-04-22 02:18:22,927 [14afdd48-1c23-4787-9ada-99348fccc9d2@group-20B6682B8F2D-LeaderElection18] INFO  server.RaftServerConfigKeys (ConfUtils.java:logGet(46)) - raft.server.log.appender.install.snapshot.enabled = false (custom)
2023-04-22 02:18:22,927 [14afdd48-1c23-4787-9ada-99348fccc9d2@group-20B6682B8F2D-LeaderElection18] INFO  grpc.GrpcConfigKeys (ConfUtils.java:logGet(46)) - raft.grpc.server.heartbeat.channel = true (default)
2023-04-22 02:18:22,927 [14afdd48-1c23-4787-9ada-99348fccc9d2@group-20B6682B8F2D-LeaderElection18] INFO  server.RaftServerConfigKeys (ConfUtils.java:logGet(46)) - raft.server.log.appender.wait-time.min = 10ms (default)
2023-04-22 02:18:22,927 [14afdd48-1c23-4787-9ada-99348fccc9d2@group-20B6682B8F2D-LeaderElection18] INFO  impl.RoleInfo (RoleInfo.java:updateAndGet(139)) - 14afdd48-1c23-4787-9ada-99348fccc9d2: start 14afdd48-1c23-4787-9ada-99348fccc9d2@group-20B6682B8F2D-LeaderStateImpl
2023-04-22 02:18:22,928 [14afdd48-1c23-4787-9ada-99348fccc9d2@group-20B6682B8F2D-LeaderElection18] INFO  segmented.SegmentedRaftLogWorker (SegmentedRaftLogWorker.java:startLogSegment(452)) - 14afdd48-1c23-4787-9ada-99348fccc9d2@group-20B6682B8F2D-SegmentedRaftLogWorker: Starting segment from index:0
2023-04-22 02:18:22,929 [14afdd48-1c23-4787-9ada-99348fccc9d2@group-20B6682B8F2D-SegmentedRaftLogWorker] INFO  segmented.SegmentedRaftLogWorker (SegmentedRaftLogWorker.java:execute(656)) - 14afdd48-1c23-4787-9ada-99348fccc9d2@group-20B6682B8F2D-SegmentedRaftLogWorker: created new log segment /home/runner/work/ozone/ozone/hadoop-ozone/integration-test/target/test-dir/MiniOzoneClusterImpl-b640deff-6994-498f-92ea-4ac5c972f0d8/datanode-8/data/ratis/df798386-9609-4838-9036-20b6682b8f2d/current/log_inprogress_0
2023-04-22 02:18:22,930 [14afdd48-1c23-4787-9ada-99348fccc9d2@group-20B6682B8F2D-LeaderElection18] INFO  server.RaftServer$Division (ServerState.java:setRaftConf(430)) - 14afdd48-1c23-4787-9ada-99348fccc9d2@group-20B6682B8F2D: set configuration 0: peers:[2e77c710-dcb3-40c4-9ab8-375ebf5b60c5|rpc:10.1.0.20:42687|dataStream:10.1.0.20:33365|priority:0|startupRole:FOLLOWER, ffe33985-86ac-4dba-9cf7-e9d9be1914b9|rpc:10.1.0.20:37515|dataStream:10.1.0.20:41651|priority:0|startupRole:FOLLOWER, 14afdd48-1c23-4787-9ada-99348fccc9d2|rpc:10.1.0.20:38959|dataStream:10.1.0.20:42291|priority:1|startupRole:FOLLOWER]|listeners:[], old=null
2023-04-22 02:18:22,931 [14afdd48-1c23-4787-9ada-99348fccc9d2@group-20B6682B8F2D-StateMachineUpdater] INFO  ratis.ContainerStateMachine (ContainerStateMachine.java:takeSnapshot(330)) - group-20B6682B8F2D: Taking a snapshot at:(t:1, i:0) file /home/runner/work/ozone/ozone/hadoop-ozone/integration-test/target/test-dir/MiniOzoneClusterImpl-b640deff-6994-498f-92ea-4ac5c972f0d8/datanode-8/data/ratis/df798386-9609-4838-9036-20b6682b8f2d/sm/snapshot.1_0
2023-04-22 02:18:22,931 [14afdd48-1c23-4787-9ada-99348fccc9d2@group-20B6682B8F2D-StateMachineUpdater] INFO  ratis.ContainerStateMachine (ContainerStateMachine.java:takeSnapshot(341)) - group-20B6682B8F2D: Finished taking a snapshot at:(t:1, i:0) file:/home/runner/work/ozone/ozone/hadoop-ozone/integration-test/target/test-dir/MiniOzoneClusterImpl-b640deff-6994-498f-92ea-4ac5c972f0d8/datanode-8/data/ratis/df798386-9609-4838-9036-20b6682b8f2d/sm/snapshot.1_0 took: 1 ms
2023-04-22 02:18:22,931 [14afdd48-1c23-4787-9ada-99348fccc9d2@group-20B6682B8F2D-StateMachineUpdater] INFO  impl.StateMachineUpdater (StateMachineUpdater.java:takeSnapshot(287)) - 14afdd48-1c23-4787-9ada-99348fccc9d2@group-20B6682B8F2D-StateMachineUpdater: Took a snapshot at index 0
2023-04-22 02:18:22,931 [14afdd48-1c23-4787-9ada-99348fccc9d2@group-20B6682B8F2D-StateMachineUpdater] INFO  impl.StateMachineUpdater (StateMachineUpdater.java:lambda$new$0(92)) - 14afdd48-1c23-4787-9ada-99348fccc9d2@group-20B6682B8F2D-StateMachineUpdater: snapshotIndex: updateIncreasingly -1 -> 0
2023-04-22 02:18:22,939 [grpc-default-executor-4] INFO  server.RaftServer$Division (RaftServerImpl.java:requestVote(1218)) - ffe33985-86ac-4dba-9cf7-e9d9be1914b9@group-20B6682B8F2D: receive requestVote(ELECTION, 14afdd48-1c23-4787-9ada-99348fccc9d2, group-20B6682B8F2D, 1, (t:0, i:0))
2023-04-22 02:18:22,940 [grpc-default-executor-4] INFO  impl.VoteContext (VoteContext.java:log(49)) - ffe33985-86ac-4dba-9cf7-e9d9be1914b9@group-20B6682B8F2D-FOLLOWER: accept ELECTION from 14afdd48-1c23-4787-9ada-99348fccc9d2: our priority 0 <= candidate's priority 1
2023-04-22 02:18:22,940 [grpc-default-executor-4] INFO  server.RaftServer$Division (RaftServerImpl.java:setRole(321)) - ffe33985-86ac-4dba-9cf7-e9d9be1914b9@group-20B6682B8F2D: changes role from  FOLLOWER to FOLLOWER at term 1 for candidate:14afdd48-1c23-4787-9ada-99348fccc9d2
2023-04-22 02:18:22,940 [grpc-default-executor-4] INFO  impl.RoleInfo (RoleInfo.java:shutdownFollowerState(110)) - ffe33985-86ac-4dba-9cf7-e9d9be1914b9: shutdown ffe33985-86ac-4dba-9cf7-e9d9be1914b9@group-20B6682B8F2D-FollowerState
2023-04-22 02:18:22,940 [grpc-default-executor-4] INFO  impl.RoleInfo (RoleInfo.java:updateAndGet(139)) - ffe33985-86ac-4dba-9cf7-e9d9be1914b9: start ffe33985-86ac-4dba-9cf7-e9d9be1914b9@group-20B6682B8F2D-FollowerState
2023-04-22 02:18:22,940 [ffe33985-86ac-4dba-9cf7-e9d9be1914b9@group-20B6682B8F2D-FollowerState] INFO  impl.FollowerState (FollowerState.java:run(152)) - ffe33985-86ac-4dba-9cf7-e9d9be1914b9@group-20B6682B8F2D-FollowerState was interrupted
2023-04-22 02:18:22,947 [ffe33985-86ac-4dba-9cf7-e9d9be1914b9@group-20B6682B8F2D-FollowerState] INFO  server.RaftServerConfigKeys (ConfUtils.java:logFallback(53)) - raft.server.rpc.first-election.timeout.min = 5s (fallback to raft.server.rpc.timeout.min)
2023-04-22 02:18:22,948 [grpc-default-executor-4] INFO  server.RaftServer$Division (RaftServerImpl.java:requestVote(1251)) - ffe33985-86ac-4dba-9cf7-e9d9be1914b9@group-20B6682B8F2D replies to ELECTION vote request: 14afdd48-1c23-4787-9ada-99348fccc9d2<-ffe33985-86ac-4dba-9cf7-e9d9be1914b9#0:OK-t1. Peer's state: ffe33985-86ac-4dba-9cf7-e9d9be1914b9@group-20B6682B8F2D:t1, leader=null, voted=14afdd48-1c23-4787-9ada-99348fccc9d2, raftlog=Memoized:ffe33985-86ac-4dba-9cf7-e9d9be1914b9@group-20B6682B8F2D-SegmentedRaftLog:OPENED:c-1, conf=-1: peers:[2e77c710-dcb3-40c4-9ab8-375ebf5b60c5|rpc:10.1.0.20:42687|dataStream:10.1.0.20:33365|priority:0|startupRole:FOLLOWER, ffe33985-86ac-4dba-9cf7-e9d9be1914b9|rpc:10.1.0.20:37515|dataStream:10.1.0.20:41651|priority:0|startupRole:FOLLOWER, 14afdd48-1c23-4787-9ada-99348fccc9d2|rpc:10.1.0.20:38959|dataStream:10.1.0.20:42291|priority:1|startupRole:FOLLOWER]|listeners:[], old=null
2023-04-22 02:18:22,949 [ffe33985-86ac-4dba-9cf7-e9d9be1914b9@group-20B6682B8F2D-FollowerState] INFO  server.RaftServerConfigKeys (ConfUtils.java:logFallback(53)) - raft.server.rpc.first-election.timeout.max = 5200ms (fallback to raft.server.rpc.timeout.max)
2023-04-22 02:18:22,949 [ffe33985-86ac-4dba-9cf7-e9d9be1914b9-server-thread2] INFO  ratis.XceiverServerRatis (XceiverServerRatis.java:handleLeaderChangedNotification(904)) - Leader change notification received for group: group-20B6682B8F2D with new leaderId: 14afdd48-1c23-4787-9ada-99348fccc9d2
2023-04-22 02:18:22,949 [ffe33985-86ac-4dba-9cf7-e9d9be1914b9-server-thread2] INFO  server.RaftServer$Division (ServerState.java:setLeader(313)) - ffe33985-86ac-4dba-9cf7-e9d9be1914b9@group-20B6682B8F2D: change Leader from null to 14afdd48-1c23-4787-9ada-99348fccc9d2 at term 1 for appendEntries, leader elected after 5173ms
2023-04-22 02:18:22,949 [ffe33985-86ac-4dba-9cf7-e9d9be1914b9-server-thread2] INFO  server.RaftServer$Division (ServerState.java:setRaftConf(430)) - ffe33985-86ac-4dba-9cf7-e9d9be1914b9@group-20B6682B8F2D: set configuration 0: peers:[2e77c710-dcb3-40c4-9ab8-375ebf5b60c5|rpc:10.1.0.20:42687|dataStream:10.1.0.20:33365|priority:0|startupRole:FOLLOWER, ffe33985-86ac-4dba-9cf7-e9d9be1914b9|rpc:10.1.0.20:37515|dataStream:10.1.0.20:41651|priority:0|startupRole:FOLLOWER, 14afdd48-1c23-4787-9ada-99348fccc9d2|rpc:10.1.0.20:38959|dataStream:10.1.0.20:42291|priority:1|startupRole:FOLLOWER]|listeners:[], old=null
2023-04-22 02:18:22,949 [ffe33985-86ac-4dba-9cf7-e9d9be1914b9-server-thread2] INFO  segmented.SegmentedRaftLogWorker (SegmentedRaftLogWorker.java:startLogSegment(452)) - ffe33985-86ac-4dba-9cf7-e9d9be1914b9@group-20B6682B8F2D-SegmentedRaftLogWorker: Starting segment from index:0
2023-04-22 02:18:22,955 [ffe33985-86ac-4dba-9cf7-e9d9be1914b9@group-20B6682B8F2D-SegmentedRaftLogWorker] INFO  segmented.SegmentedRaftLogWorker (SegmentedRaftLogWorker.java:execute(656)) - ffe33985-86ac-4dba-9cf7-e9d9be1914b9@group-20B6682B8F2D-SegmentedRaftLogWorker: created new log segment /home/runner/work/ozone/ozone/hadoop-ozone/integration-test/target/test-dir/MiniOzoneClusterImpl-b640deff-6994-498f-92ea-4ac5c972f0d8/datanode-6/data/ratis/df798386-9609-4838-9036-20b6682b8f2d/current/log_inprogress_0
2023-04-22 02:18:22,957 [ffe33985-86ac-4dba-9cf7-e9d9be1914b9@group-20B6682B8F2D-StateMachineUpdater] INFO  ratis.ContainerStateMachine (ContainerStateMachine.java:takeSnapshot(330)) - group-20B6682B8F2D: Taking a snapshot at:(t:1, i:0) file /home/runner/work/ozone/ozone/hadoop-ozone/integration-test/target/test-dir/MiniOzoneClusterImpl-b640deff-6994-498f-92ea-4ac5c972f0d8/datanode-6/data/ratis/df798386-9609-4838-9036-20b6682b8f2d/sm/snapshot.1_0
2023-04-22 02:18:22,957 [ffe33985-86ac-4dba-9cf7-e9d9be1914b9@group-20B6682B8F2D-StateMachineUpdater] INFO  ratis.ContainerStateMachine (ContainerStateMachine.java:takeSnapshot(341)) - group-20B6682B8F2D: Finished taking a snapshot at:(t:1, i:0) file:/home/runner/work/ozone/ozone/hadoop-ozone/integration-test/target/test-dir/MiniOzoneClusterImpl-b640deff-6994-498f-92ea-4ac5c972f0d8/datanode-6/data/ratis/df798386-9609-4838-9036-20b6682b8f2d/sm/snapshot.1_0 took: 0 ms
2023-04-22 02:18:22,957 [ffe33985-86ac-4dba-9cf7-e9d9be1914b9@group-20B6682B8F2D-StateMachineUpdater] INFO  impl.StateMachineUpdater (StateMachineUpdater.java:takeSnapshot(287)) - ffe33985-86ac-4dba-9cf7-e9d9be1914b9@group-20B6682B8F2D-StateMachineUpdater: Took a snapshot at index 0
2023-04-22 02:18:22,957 [ffe33985-86ac-4dba-9cf7-e9d9be1914b9@group-20B6682B8F2D-StateMachineUpdater] INFO  impl.StateMachineUpdater (StateMachineUpdater.java:lambda$new$0(92)) - ffe33985-86ac-4dba-9cf7-e9d9be1914b9@group-20B6682B8F2D-StateMachineUpdater: snapshotIndex: updateIncreasingly -1 -> 0
2023-04-22 02:18:22,959 [2e77c710-dcb3-40c4-9ab8-375ebf5b60c5-server-thread1] INFO  ratis.XceiverServerRatis (XceiverServerRatis.java:handleLeaderChangedNotification(904)) - Leader change notification received for group: group-20B6682B8F2D with new leaderId: 14afdd48-1c23-4787-9ada-99348fccc9d2
2023-04-22 02:18:22,959 [2e77c710-dcb3-40c4-9ab8-375ebf5b60c5-server-thread1] INFO  server.RaftServer$Division (ServerState.java:setLeader(313)) - 2e77c710-dcb3-40c4-9ab8-375ebf5b60c5@group-20B6682B8F2D: change Leader from null to 14afdd48-1c23-4787-9ada-99348fccc9d2 at term 1 for appendEntries, leader elected after 5099ms
2023-04-22 02:18:22,959 [2e77c710-dcb3-40c4-9ab8-375ebf5b60c5-server-thread2] INFO  server.RaftServer$Division (ServerState.java:setRaftConf(430)) - 2e77c710-dcb3-40c4-9ab8-375ebf5b60c5@group-20B6682B8F2D: set configuration 0: peers:[2e77c710-dcb3-40c4-9ab8-375ebf5b60c5|rpc:10.1.0.20:42687|dataStream:10.1.0.20:33365|priority:0|startupRole:FOLLOWER, ffe33985-86ac-4dba-9cf7-e9d9be1914b9|rpc:10.1.0.20:37515|dataStream:10.1.0.20:41651|priority:0|startupRole:FOLLOWER, 14afdd48-1c23-4787-9ada-99348fccc9d2|rpc:10.1.0.20:38959|dataStream:10.1.0.20:42291|priority:1|startupRole:FOLLOWER]|listeners:[], old=null
2023-04-22 02:18:22,960 [2e77c710-dcb3-40c4-9ab8-375ebf5b60c5-server-thread2] INFO  segmented.SegmentedRaftLogWorker (SegmentedRaftLogWorker.java:startLogSegment(452)) - 2e77c710-dcb3-40c4-9ab8-375ebf5b60c5@group-20B6682B8F2D-SegmentedRaftLogWorker: Starting segment from index:0
2023-04-22 02:18:22,961 [2e77c710-dcb3-40c4-9ab8-375ebf5b60c5@group-20B6682B8F2D-SegmentedRaftLogWorker] INFO  segmented.SegmentedRaftLogWorker (SegmentedRaftLogWorker.java:execute(656)) - 2e77c710-dcb3-40c4-9ab8-375ebf5b60c5@group-20B6682B8F2D-SegmentedRaftLogWorker: created new log segment /home/runner/work/ozone/ozone/hadoop-ozone/integration-test/target/test-dir/MiniOzoneClusterImpl-b640deff-6994-498f-92ea-4ac5c972f0d8/datanode-7/data/ratis/df798386-9609-4838-9036-20b6682b8f2d/current/log_inprogress_0
2023-04-22 02:18:22,963 [2e77c710-dcb3-40c4-9ab8-375ebf5b60c5@group-20B6682B8F2D-StateMachineUpdater] INFO  ratis.ContainerStateMachine (ContainerStateMachine.java:takeSnapshot(330)) - group-20B6682B8F2D: Taking a snapshot at:(t:1, i:0) file /home/runner/work/ozone/ozone/hadoop-ozone/integration-test/target/test-dir/MiniOzoneClusterImpl-b640deff-6994-498f-92ea-4ac5c972f0d8/datanode-7/data/ratis/df798386-9609-4838-9036-20b6682b8f2d/sm/snapshot.1_0
2023-04-22 02:18:22,963 [2e77c710-dcb3-40c4-9ab8-375ebf5b60c5@group-20B6682B8F2D-StateMachineUpdater] INFO  ratis.ContainerStateMachine (ContainerStateMachine.java:takeSnapshot(341)) - group-20B6682B8F2D: Finished taking a snapshot at:(t:1, i:0) file:/home/runner/work/ozone/ozone/hadoop-ozone/integration-test/target/test-dir/MiniOzoneClusterImpl-b640deff-6994-498f-92ea-4ac5c972f0d8/datanode-7/data/ratis/df798386-9609-4838-9036-20b6682b8f2d/sm/snapshot.1_0 took: 1 ms
2023-04-22 02:18:22,963 [2e77c710-dcb3-40c4-9ab8-375ebf5b60c5@group-20B6682B8F2D-StateMachineUpdater] INFO  impl.StateMachineUpdater (StateMachineUpdater.java:takeSnapshot(287)) - 2e77c710-dcb3-40c4-9ab8-375ebf5b60c5@group-20B6682B8F2D-StateMachineUpdater: Took a snapshot at index 0
2023-04-22 02:18:22,963 [2e77c710-dcb3-40c4-9ab8-375ebf5b60c5@group-20B6682B8F2D-StateMachineUpdater] INFO  impl.StateMachineUpdater (StateMachineUpdater.java:lambda$new$0(92)) - 2e77c710-dcb3-40c4-9ab8-375ebf5b60c5@group-20B6682B8F2D-StateMachineUpdater: snapshotIndex: updateIncreasingly -1 -> 0
2023-04-22 02:18:23,055 [ffe33985-86ac-4dba-9cf7-e9d9be1914b9@group-2228D2590D3E-FollowerState] INFO  impl.FollowerState (FollowerState.java:run(143)) - ffe33985-86ac-4dba-9cf7-e9d9be1914b9@group-2228D2590D3E-FollowerState: change to CANDIDATE, lastRpcElapsedTime:5148114536ns, electionTimeout:5140ms
2023-04-22 02:18:23,055 [ffe33985-86ac-4dba-9cf7-e9d9be1914b9@group-2228D2590D3E-FollowerState] INFO  impl.RoleInfo (RoleInfo.java:shutdownFollowerState(110)) - ffe33985-86ac-4dba-9cf7-e9d9be1914b9: shutdown ffe33985-86ac-4dba-9cf7-e9d9be1914b9@group-2228D2590D3E-FollowerState
2023-04-22 02:18:23,055 [ffe33985-86ac-4dba-9cf7-e9d9be1914b9@group-2228D2590D3E-FollowerState] INFO  server.RaftServer$Division (RaftServerImpl.java:setRole(321)) - ffe33985-86ac-4dba-9cf7-e9d9be1914b9@group-2228D2590D3E: changes role from  FOLLOWER to CANDIDATE at term 0 for changeToCandidate
2023-04-22 02:18:23,055 [ffe33985-86ac-4dba-9cf7-e9d9be1914b9@group-2228D2590D3E-FollowerState] INFO  server.RaftServerConfigKeys (ConfUtils.java:logGet(46)) - raft.server.leaderelection.pre-vote = true (default)
2023-04-22 02:18:23,055 [ffe33985-86ac-4dba-9cf7-e9d9be1914b9@group-2228D2590D3E-FollowerState] INFO  impl.RoleInfo (RoleInfo.java:updateAndGet(139)) - ffe33985-86ac-4dba-9cf7-e9d9be1914b9: start ffe33985-86ac-4dba-9cf7-e9d9be1914b9@group-2228D2590D3E-LeaderElection19
2023-04-22 02:18:23,057 [ffe33985-86ac-4dba-9cf7-e9d9be1914b9@group-2228D2590D3E-LeaderElection19] INFO  impl.LeaderElection (LeaderElection.java:askForVotes(312)) - ffe33985-86ac-4dba-9cf7-e9d9be1914b9@group-2228D2590D3E-LeaderElection19 PRE_VOTE round 0: submit vote requests at term 0 for -1: peers:[2e77c710-dcb3-40c4-9ab8-375ebf5b60c5|rpc:10.1.0.20:42687|dataStream:10.1.0.20:33365|priority:1|startupRole:FOLLOWER, ffe33985-86ac-4dba-9cf7-e9d9be1914b9|rpc:10.1.0.20:37515|dataStream:10.1.0.20:41651|priority:0|startupRole:FOLLOWER, 14afdd48-1c23-4787-9ada-99348fccc9d2|rpc:10.1.0.20:38959|dataStream:10.1.0.20:42291|priority:0|startupRole:FOLLOWER]|listeners:[], old=null
2023-04-22 02:18:23,057 [ffe33985-86ac-4dba-9cf7-e9d9be1914b9@group-2228D2590D3E-LeaderElection19] INFO  server.RaftServerConfigKeys (ConfUtils.java:logFallback(53)) - raft.server.rpc.first-election.timeout.min = 5s (fallback to raft.server.rpc.timeout.min)
2023-04-22 02:18:23,057 [ffe33985-86ac-4dba-9cf7-e9d9be1914b9@group-2228D2590D3E-LeaderElection19] INFO  server.RaftServerConfigKeys (ConfUtils.java:logFallback(53)) - raft.server.rpc.first-election.timeout.max = 5200ms (fallback to raft.server.rpc.timeout.max)
2023-04-22 02:18:23,059 [grpc-default-executor-2] INFO  server.RaftServer$Division (RaftServerImpl.java:requestVote(1218)) - 2e77c710-dcb3-40c4-9ab8-375ebf5b60c5@group-2228D2590D3E: receive requestVote(PRE_VOTE, ffe33985-86ac-4dba-9cf7-e9d9be1914b9, group-2228D2590D3E, 0, (t:0, i:0))
2023-04-22 02:18:23,059 [grpc-default-executor-2] INFO  impl.VoteContext (VoteContext.java:log(49)) - 2e77c710-dcb3-40c4-9ab8-375ebf5b60c5@group-2228D2590D3E-FOLLOWER: reject PRE_VOTE from ffe33985-86ac-4dba-9cf7-e9d9be1914b9: our priority 1 > candidate's priority 0
2023-04-22 02:18:23,059 [grpc-default-executor-2] INFO  server.RaftServer$Division (RaftServerImpl.java:requestVote(1251)) - 2e77c710-dcb3-40c4-9ab8-375ebf5b60c5@group-2228D2590D3E replies to PRE_VOTE vote request: ffe33985-86ac-4dba-9cf7-e9d9be1914b9<-2e77c710-dcb3-40c4-9ab8-375ebf5b60c5#0:FAIL-t0. Peer's state: 2e77c710-dcb3-40c4-9ab8-375ebf5b60c5@group-2228D2590D3E:t0, leader=null, voted=, raftlog=Memoized:2e77c710-dcb3-40c4-9ab8-375ebf5b60c5@group-2228D2590D3E-SegmentedRaftLog:OPENED:c-1, conf=-1: peers:[2e77c710-dcb3-40c4-9ab8-375ebf5b60c5|rpc:10.1.0.20:42687|dataStream:10.1.0.20:33365|priority:1|startupRole:FOLLOWER, ffe33985-86ac-4dba-9cf7-e9d9be1914b9|rpc:10.1.0.20:37515|dataStream:10.1.0.20:41651|priority:0|startupRole:FOLLOWER, 14afdd48-1c23-4787-9ada-99348fccc9d2|rpc:10.1.0.20:38959|dataStream:10.1.0.20:42291|priority:0|startupRole:FOLLOWER]|listeners:[], old=null
2023-04-22 02:18:23,060 [grpc-default-executor-2] INFO  server.RaftServer$Division (RaftServerImpl.java:requestVote(1218)) - 14afdd48-1c23-4787-9ada-99348fccc9d2@group-2228D2590D3E: receive requestVote(PRE_VOTE, ffe33985-86ac-4dba-9cf7-e9d9be1914b9, group-2228D2590D3E, 0, (t:0, i:0))
2023-04-22 02:18:23,060 [grpc-default-executor-2] INFO  impl.VoteContext (VoteContext.java:log(49)) - 14afdd48-1c23-4787-9ada-99348fccc9d2@group-2228D2590D3E-FOLLOWER: accept PRE_VOTE from ffe33985-86ac-4dba-9cf7-e9d9be1914b9: our priority 0 <= candidate's priority 0
2023-04-22 02:18:23,061 [grpc-default-executor-2] INFO  server.RaftServer$Division (RaftServerImpl.java:requestVote(1251)) - 14afdd48-1c23-4787-9ada-99348fccc9d2@group-2228D2590D3E replies to PRE_VOTE vote request: ffe33985-86ac-4dba-9cf7-e9d9be1914b9<-14afdd48-1c23-4787-9ada-99348fccc9d2#0:OK-t0. Peer's state: 14afdd48-1c23-4787-9ada-99348fccc9d2@group-2228D2590D3E:t0, leader=null, voted=, raftlog=Memoized:14afdd48-1c23-4787-9ada-99348fccc9d2@group-2228D2590D3E-SegmentedRaftLog:OPENED:c-1, conf=-1: peers:[2e77c710-dcb3-40c4-9ab8-375ebf5b60c5|rpc:10.1.0.20:42687|dataStream:10.1.0.20:33365|priority:1|startupRole:FOLLOWER, ffe33985-86ac-4dba-9cf7-e9d9be1914b9|rpc:10.1.0.20:37515|dataStream:10.1.0.20:41651|priority:0|startupRole:FOLLOWER, 14afdd48-1c23-4787-9ada-99348fccc9d2|rpc:10.1.0.20:38959|dataStream:10.1.0.20:42291|priority:0|startupRole:FOLLOWER]|listeners:[], old=null
2023-04-22 02:18:23,061 [ffe33985-86ac-4dba-9cf7-e9d9be1914b9@group-2228D2590D3E-LeaderElection19] INFO  impl.LeaderElection (LeaderElection.java:logAndReturn(90)) - ffe33985-86ac-4dba-9cf7-e9d9be1914b9@group-2228D2590D3E-LeaderElection19: PRE_VOTE REJECTED received 1 response(s) and 0 exception(s):
2023-04-22 02:18:23,061 [ffe33985-86ac-4dba-9cf7-e9d9be1914b9@group-2228D2590D3E-LeaderElection19] INFO  impl.LeaderElection (LeaderElection.java:logAndReturn(94)) -   Response 0: ffe33985-86ac-4dba-9cf7-e9d9be1914b9<-2e77c710-dcb3-40c4-9ab8-375ebf5b60c5#0:FAIL-t0
2023-04-22 02:18:23,061 [ffe33985-86ac-4dba-9cf7-e9d9be1914b9@group-2228D2590D3E-LeaderElection19] INFO  impl.LeaderElection (LeaderElection.java:askForVotes(314)) - ffe33985-86ac-4dba-9cf7-e9d9be1914b9@group-2228D2590D3E-LeaderElection19 PRE_VOTE round 0: result REJECTED
2023-04-22 02:18:23,061 [ffe33985-86ac-4dba-9cf7-e9d9be1914b9@group-2228D2590D3E-LeaderElection19] INFO  server.RaftServer$Division (RaftServerImpl.java:setRole(321)) - ffe33985-86ac-4dba-9cf7-e9d9be1914b9@group-2228D2590D3E: changes role from CANDIDATE to FOLLOWER at term 0 for REJECTED
2023-04-22 02:18:23,061 [ffe33985-86ac-4dba-9cf7-e9d9be1914b9@group-2228D2590D3E-LeaderElection19] INFO  impl.RoleInfo (RoleInfo.java:shutdownLeaderElection(130)) - ffe33985-86ac-4dba-9cf7-e9d9be1914b9: shutdown ffe33985-86ac-4dba-9cf7-e9d9be1914b9@group-2228D2590D3E-LeaderElection19
2023-04-22 02:18:23,061 [ffe33985-86ac-4dba-9cf7-e9d9be1914b9@group-2228D2590D3E-LeaderElection19] INFO  impl.RoleInfo (RoleInfo.java:updateAndGet(139)) - ffe33985-86ac-4dba-9cf7-e9d9be1914b9: start ffe33985-86ac-4dba-9cf7-e9d9be1914b9@group-2228D2590D3E-FollowerState
2023-04-22 02:18:23,062 [ffe33985-86ac-4dba-9cf7-e9d9be1914b9@group-2228D2590D3E-FollowerState] INFO  server.RaftServerConfigKeys (ConfUtils.java:logFallback(53)) - raft.server.rpc.first-election.timeout.min = 5s (fallback to raft.server.rpc.timeout.min)
2023-04-22 02:18:23,062 [ffe33985-86ac-4dba-9cf7-e9d9be1914b9@group-2228D2590D3E-FollowerState] INFO  server.RaftServerConfigKeys (ConfUtils.java:logFallback(53)) - raft.server.rpc.first-election.timeout.max = 5200ms (fallback to raft.server.rpc.timeout.max)
2023-04-22 02:18:23,068 [2e77c710-dcb3-40c4-9ab8-375ebf5b60c5@group-2228D2590D3E-FollowerState] INFO  impl.FollowerState (FollowerState.java:run(143)) - 2e77c710-dcb3-40c4-9ab8-375ebf5b60c5@group-2228D2590D3E-FollowerState: change to CANDIDATE, lastRpcElapsedTime:5100503048ns, electionTimeout:5099ms
2023-04-22 02:18:23,069 [2e77c710-dcb3-40c4-9ab8-375ebf5b60c5@group-2228D2590D3E-FollowerState] INFO  impl.RoleInfo (RoleInfo.java:shutdownFollowerState(110)) - 2e77c710-dcb3-40c4-9ab8-375ebf5b60c5: shutdown 2e77c710-dcb3-40c4-9ab8-375ebf5b60c5@group-2228D2590D3E-FollowerState
2023-04-22 02:18:23,069 [2e77c710-dcb3-40c4-9ab8-375ebf5b60c5@group-2228D2590D3E-FollowerState] INFO  server.RaftServer$Division (RaftServerImpl.java:setRole(321)) - 2e77c710-dcb3-40c4-9ab8-375ebf5b60c5@group-2228D2590D3E: changes role from  FOLLOWER to CANDIDATE at term 0 for changeToCandidate
2023-04-22 02:18:23,069 [2e77c710-dcb3-40c4-9ab8-375ebf5b60c5@group-2228D2590D3E-FollowerState] INFO  server.RaftServerConfigKeys (ConfUtils.java:logGet(46)) - raft.server.leaderelection.pre-vote = true (default)
2023-04-22 02:18:23,069 [2e77c710-dcb3-40c4-9ab8-375ebf5b60c5@group-2228D2590D3E-FollowerState] INFO  impl.RoleInfo (RoleInfo.java:updateAndGet(139)) - 2e77c710-dcb3-40c4-9ab8-375ebf5b60c5: start 2e77c710-dcb3-40c4-9ab8-375ebf5b60c5@group-2228D2590D3E-LeaderElection20
2023-04-22 02:18:23,070 [2e77c710-dcb3-40c4-9ab8-375ebf5b60c5@group-2228D2590D3E-LeaderElection20] INFO  impl.LeaderElection (LeaderElection.java:askForVotes(312)) - 2e77c710-dcb3-40c4-9ab8-375ebf5b60c5@group-2228D2590D3E-LeaderElection20 PRE_VOTE round 0: submit vote requests at term 0 for -1: peers:[2e77c710-dcb3-40c4-9ab8-375ebf5b60c5|rpc:10.1.0.20:42687|dataStream:10.1.0.20:33365|priority:1|startupRole:FOLLOWER, ffe33985-86ac-4dba-9cf7-e9d9be1914b9|rpc:10.1.0.20:37515|dataStream:10.1.0.20:41651|priority:0|startupRole:FOLLOWER, 14afdd48-1c23-4787-9ada-99348fccc9d2|rpc:10.1.0.20:38959|dataStream:10.1.0.20:42291|priority:0|startupRole:FOLLOWER]|listeners:[], old=null
2023-04-22 02:18:23,070 [2e77c710-dcb3-40c4-9ab8-375ebf5b60c5@group-2228D2590D3E-LeaderElection20] INFO  server.RaftServerConfigKeys (ConfUtils.java:logFallback(53)) - raft.server.rpc.first-election.timeout.min = 5s (fallback to raft.server.rpc.timeout.min)
2023-04-22 02:18:23,070 [2e77c710-dcb3-40c4-9ab8-375ebf5b60c5@group-2228D2590D3E-LeaderElection20-1] INFO  server.GrpcServerProtocolClient (GrpcServerProtocolClient.java:<init>(63)) - Build channel for ffe33985-86ac-4dba-9cf7-e9d9be1914b9
2023-04-22 02:18:23,070 [2e77c710-dcb3-40c4-9ab8-375ebf5b60c5@group-2228D2590D3E-LeaderElection20] INFO  server.RaftServerConfigKeys (ConfUtils.java:logFallback(53)) - raft.server.rpc.first-election.timeout.max = 5200ms (fallback to raft.server.rpc.timeout.max)
2023-04-22 02:18:23,071 [2e77c710-dcb3-40c4-9ab8-375ebf5b60c5@group-2228D2590D3E-LeaderElection20-2] INFO  server.GrpcServerProtocolClient (GrpcServerProtocolClient.java:<init>(63)) - Build channel for 14afdd48-1c23-4787-9ada-99348fccc9d2
2023-04-22 02:18:23,077 [grpc-default-executor-2] INFO  server.RaftServer$Division (RaftServerImpl.java:requestVote(1218)) - 14afdd48-1c23-4787-9ada-99348fccc9d2@group-2228D2590D3E: receive requestVote(PRE_VOTE, 2e77c710-dcb3-40c4-9ab8-375ebf5b60c5, group-2228D2590D3E, 0, (t:0, i:0))
2023-04-22 02:18:23,077 [grpc-default-executor-2] INFO  impl.VoteContext (VoteContext.java:log(49)) - 14afdd48-1c23-4787-9ada-99348fccc9d2@group-2228D2590D3E-FOLLOWER: accept PRE_VOTE from 2e77c710-dcb3-40c4-9ab8-375ebf5b60c5: our priority 0 <= candidate's priority 1
2023-04-22 02:18:23,077 [grpc-default-executor-2] INFO  server.RaftServer$Division (RaftServerImpl.java:requestVote(1251)) - 14afdd48-1c23-4787-9ada-99348fccc9d2@group-2228D2590D3E replies to PRE_VOTE vote request: 2e77c710-dcb3-40c4-9ab8-375ebf5b60c5<-14afdd48-1c23-4787-9ada-99348fccc9d2#0:OK-t0. Peer's state: 14afdd48-1c23-4787-9ada-99348fccc9d2@group-2228D2590D3E:t0, leader=null, voted=, raftlog=Memoized:14afdd48-1c23-4787-9ada-99348fccc9d2@group-2228D2590D3E-SegmentedRaftLog:OPENED:c-1, conf=-1: peers:[2e77c710-dcb3-40c4-9ab8-375ebf5b60c5|rpc:10.1.0.20:42687|dataStream:10.1.0.20:33365|priority:1|startupRole:FOLLOWER, ffe33985-86ac-4dba-9cf7-e9d9be1914b9|rpc:10.1.0.20:37515|dataStream:10.1.0.20:41651|priority:0|startupRole:FOLLOWER, 14afdd48-1c23-4787-9ada-99348fccc9d2|rpc:10.1.0.20:38959|dataStream:10.1.0.20:42291|priority:0|startupRole:FOLLOWER]|listeners:[], old=null
2023-04-22 02:18:23,080 [grpc-default-executor-2] INFO  server.RaftServer$Division (RaftServerImpl.java:requestVote(1218)) - ffe33985-86ac-4dba-9cf7-e9d9be1914b9@group-2228D2590D3E: receive requestVote(PRE_VOTE, 2e77c710-dcb3-40c4-9ab8-375ebf5b60c5, group-2228D2590D3E, 0, (t:0, i:0))
2023-04-22 02:18:23,080 [grpc-default-executor-2] INFO  impl.VoteContext (VoteContext.java:log(49)) - ffe33985-86ac-4dba-9cf7-e9d9be1914b9@group-2228D2590D3E-FOLLOWER: accept PRE_VOTE from 2e77c710-dcb3-40c4-9ab8-375ebf5b60c5: our priority 0 <= candidate's priority 1
2023-04-22 02:18:23,080 [grpc-default-executor-2] INFO  server.RaftServer$Division (RaftServerImpl.java:requestVote(1251)) - ffe33985-86ac-4dba-9cf7-e9d9be1914b9@group-2228D2590D3E replies to PRE_VOTE vote request: 2e77c710-dcb3-40c4-9ab8-375ebf5b60c5<-ffe33985-86ac-4dba-9cf7-e9d9be1914b9#0:OK-t0. Peer's state: ffe33985-86ac-4dba-9cf7-e9d9be1914b9@group-2228D2590D3E:t0, leader=null, voted=, raftlog=Memoized:ffe33985-86ac-4dba-9cf7-e9d9be1914b9@group-2228D2590D3E-SegmentedRaftLog:OPENED:c-1, conf=-1: peers:[2e77c710-dcb3-40c4-9ab8-375ebf5b60c5|rpc:10.1.0.20:42687|dataStream:10.1.0.20:33365|priority:1|startupRole:FOLLOWER, ffe33985-86ac-4dba-9cf7-e9d9be1914b9|rpc:10.1.0.20:37515|dataStream:10.1.0.20:41651|priority:0|startupRole:FOLLOWER, 14afdd48-1c23-4787-9ada-99348fccc9d2|rpc:10.1.0.20:38959|dataStream:10.1.0.20:42291|priority:0|startupRole:FOLLOWER]|listeners:[], old=null
2023-04-22 02:18:23,082 [2e77c710-dcb3-40c4-9ab8-375ebf5b60c5@group-2228D2590D3E-LeaderElection20] INFO  impl.LeaderElection (LeaderElection.java:logAndReturn(90)) - 2e77c710-dcb3-40c4-9ab8-375ebf5b60c5@group-2228D2590D3E-LeaderElection20: PRE_VOTE PASSED received 1 response(s) and 0 exception(s):
2023-04-22 02:18:23,082 [2e77c710-dcb3-40c4-9ab8-375ebf5b60c5@group-2228D2590D3E-LeaderElection20] INFO  impl.LeaderElection (LeaderElection.java:logAndReturn(94)) -   Response 0: 2e77c710-dcb3-40c4-9ab8-375ebf5b60c5<-ffe33985-86ac-4dba-9cf7-e9d9be1914b9#0:OK-t0
2023-04-22 02:18:23,082 [2e77c710-dcb3-40c4-9ab8-375ebf5b60c5@group-2228D2590D3E-LeaderElection20] INFO  impl.LeaderElection (LeaderElection.java:askForVotes(314)) - 2e77c710-dcb3-40c4-9ab8-375ebf5b60c5@group-2228D2590D3E-LeaderElection20 PRE_VOTE round 0: result PASSED
2023-04-22 02:18:23,083 [2e77c710-dcb3-40c4-9ab8-375ebf5b60c5@group-2228D2590D3E-LeaderElection20] INFO  impl.LeaderElection (LeaderElection.java:askForVotes(312)) - 2e77c710-dcb3-40c4-9ab8-375ebf5b60c5@group-2228D2590D3E-LeaderElection20 ELECTION round 0: submit vote requests at term 1 for -1: peers:[2e77c710-dcb3-40c4-9ab8-375ebf5b60c5|rpc:10.1.0.20:42687|dataStream:10.1.0.20:33365|priority:1|startupRole:FOLLOWER, ffe33985-86ac-4dba-9cf7-e9d9be1914b9|rpc:10.1.0.20:37515|dataStream:10.1.0.20:41651|priority:0|startupRole:FOLLOWER, 14afdd48-1c23-4787-9ada-99348fccc9d2|rpc:10.1.0.20:38959|dataStream:10.1.0.20:42291|priority:0|startupRole:FOLLOWER]|listeners:[], old=null
2023-04-22 02:18:23,084 [grpc-default-executor-2] INFO  server.RaftServer$Division (RaftServerImpl.java:requestVote(1218)) - ffe33985-86ac-4dba-9cf7-e9d9be1914b9@group-2228D2590D3E: receive requestVote(ELECTION, 2e77c710-dcb3-40c4-9ab8-375ebf5b60c5, group-2228D2590D3E, 1, (t:0, i:0))
2023-04-22 02:18:23,084 [grpc-default-executor-2] INFO  impl.VoteContext (VoteContext.java:log(49)) - ffe33985-86ac-4dba-9cf7-e9d9be1914b9@group-2228D2590D3E-FOLLOWER: accept ELECTION from 2e77c710-dcb3-40c4-9ab8-375ebf5b60c5: our priority 0 <= candidate's priority 1
2023-04-22 02:18:23,084 [grpc-default-executor-2] INFO  server.RaftServer$Division (RaftServerImpl.java:setRole(321)) - ffe33985-86ac-4dba-9cf7-e9d9be1914b9@group-2228D2590D3E: changes role from  FOLLOWER to FOLLOWER at term 1 for candidate:2e77c710-dcb3-40c4-9ab8-375ebf5b60c5
2023-04-22 02:18:23,084 [grpc-default-executor-2] INFO  impl.RoleInfo (RoleInfo.java:shutdownFollowerState(110)) - ffe33985-86ac-4dba-9cf7-e9d9be1914b9: shutdown ffe33985-86ac-4dba-9cf7-e9d9be1914b9@group-2228D2590D3E-FollowerState
2023-04-22 02:18:23,084 [grpc-default-executor-2] INFO  impl.RoleInfo (RoleInfo.java:updateAndGet(139)) - ffe33985-86ac-4dba-9cf7-e9d9be1914b9: start ffe33985-86ac-4dba-9cf7-e9d9be1914b9@group-2228D2590D3E-FollowerState
2023-04-22 02:18:23,084 [2e77c710-dcb3-40c4-9ab8-375ebf5b60c5@group-2228D2590D3E-LeaderElection20] INFO  server.RaftServerConfigKeys (ConfUtils.java:logFallback(53)) - raft.server.rpc.first-election.timeout.min = 5s (fallback to raft.server.rpc.timeout.min)
2023-04-22 02:18:23,085 [ffe33985-86ac-4dba-9cf7-e9d9be1914b9@group-2228D2590D3E-FollowerState] INFO  impl.FollowerState (FollowerState.java:run(152)) - ffe33985-86ac-4dba-9cf7-e9d9be1914b9@group-2228D2590D3E-FollowerState was interrupted
2023-04-22 02:18:23,085 [2e77c710-dcb3-40c4-9ab8-375ebf5b60c5@group-2228D2590D3E-LeaderElection20] INFO  server.RaftServerConfigKeys (ConfUtils.java:logFallback(53)) - raft.server.rpc.first-election.timeout.max = 5200ms (fallback to raft.server.rpc.timeout.max)
2023-04-22 02:18:23,088 [grpc-default-executor-2] INFO  server.RaftServer$Division (RaftServerImpl.java:requestVote(1251)) - ffe33985-86ac-4dba-9cf7-e9d9be1914b9@group-2228D2590D3E replies to ELECTION vote request: 2e77c710-dcb3-40c4-9ab8-375ebf5b60c5<-ffe33985-86ac-4dba-9cf7-e9d9be1914b9#0:OK-t1. Peer's state: ffe33985-86ac-4dba-9cf7-e9d9be1914b9@group-2228D2590D3E:t1, leader=null, voted=2e77c710-dcb3-40c4-9ab8-375ebf5b60c5, raftlog=Memoized:ffe33985-86ac-4dba-9cf7-e9d9be1914b9@group-2228D2590D3E-SegmentedRaftLog:OPENED:c-1, conf=-1: peers:[2e77c710-dcb3-40c4-9ab8-375ebf5b60c5|rpc:10.1.0.20:42687|dataStream:10.1.0.20:33365|priority:1|startupRole:FOLLOWER, ffe33985-86ac-4dba-9cf7-e9d9be1914b9|rpc:10.1.0.20:37515|dataStream:10.1.0.20:41651|priority:0|startupRole:FOLLOWER, 14afdd48-1c23-4787-9ada-99348fccc9d2|rpc:10.1.0.20:38959|dataStream:10.1.0.20:42291|priority:0|startupRole:FOLLOWER]|listeners:[], old=null
2023-04-22 02:18:23,089 [ffe33985-86ac-4dba-9cf7-e9d9be1914b9@group-2228D2590D3E-FollowerState] INFO  server.RaftServerConfigKeys (ConfUtils.java:logFallback(53)) - raft.server.rpc.first-election.timeout.min = 5s (fallback to raft.server.rpc.timeout.min)
2023-04-22 02:18:23,089 [ffe33985-86ac-4dba-9cf7-e9d9be1914b9@group-2228D2590D3E-FollowerState] INFO  server.RaftServerConfigKeys (ConfUtils.java:logFallback(53)) - raft.server.rpc.first-election.timeout.max = 5200ms (fallback to raft.server.rpc.timeout.max)
2023-04-22 02:18:23,090 [grpc-default-executor-2] INFO  server.RaftServer$Division (RaftServerImpl.java:requestVote(1218)) - 14afdd48-1c23-4787-9ada-99348fccc9d2@group-2228D2590D3E: receive requestVote(ELECTION, 2e77c710-dcb3-40c4-9ab8-375ebf5b60c5, group-2228D2590D3E, 1, (t:0, i:0))
2023-04-22 02:18:23,090 [grpc-default-executor-2] INFO  impl.VoteContext (VoteContext.java:log(49)) - 14afdd48-1c23-4787-9ada-99348fccc9d2@group-2228D2590D3E-FOLLOWER: accept ELECTION from 2e77c710-dcb3-40c4-9ab8-375ebf5b60c5: our priority 0 <= candidate's priority 1
2023-04-22 02:18:23,090 [grpc-default-executor-2] INFO  server.RaftServer$Division (RaftServerImpl.java:setRole(321)) - 14afdd48-1c23-4787-9ada-99348fccc9d2@group-2228D2590D3E: changes role from  FOLLOWER to FOLLOWER at term 1 for candidate:2e77c710-dcb3-40c4-9ab8-375ebf5b60c5
2023-04-22 02:18:23,090 [2e77c710-dcb3-40c4-9ab8-375ebf5b60c5@group-2228D2590D3E-LeaderElection20] INFO  impl.LeaderElection (LeaderElection.java:logAndReturn(90)) - 2e77c710-dcb3-40c4-9ab8-375ebf5b60c5@group-2228D2590D3E-LeaderElection20: ELECTION PASSED received 1 response(s) and 0 exception(s):
2023-04-22 02:18:23,090 [2e77c710-dcb3-40c4-9ab8-375ebf5b60c5@group-2228D2590D3E-LeaderElection20] INFO  impl.LeaderElection (LeaderElection.java:logAndReturn(94)) -   Response 0: 2e77c710-dcb3-40c4-9ab8-375ebf5b60c5<-ffe33985-86ac-4dba-9cf7-e9d9be1914b9#0:OK-t1
2023-04-22 02:18:23,090 [2e77c710-dcb3-40c4-9ab8-375ebf5b60c5@group-2228D2590D3E-LeaderElection20] INFO  impl.LeaderElection (LeaderElection.java:askForVotes(314)) - 2e77c710-dcb3-40c4-9ab8-375ebf5b60c5@group-2228D2590D3E-LeaderElection20 ELECTION round 0: result PASSED
2023-04-22 02:18:23,090 [2e77c710-dcb3-40c4-9ab8-375ebf5b60c5@group-2228D2590D3E-LeaderElection20] INFO  impl.RoleInfo (RoleInfo.java:shutdownLeaderElection(130)) - 2e77c710-dcb3-40c4-9ab8-375ebf5b60c5: shutdown 2e77c710-dcb3-40c4-9ab8-375ebf5b60c5@group-2228D2590D3E-LeaderElection20
2023-04-22 02:18:23,090 [2e77c710-dcb3-40c4-9ab8-375ebf5b60c5@group-2228D2590D3E-LeaderElection20] INFO  server.RaftServer$Division (RaftServerImpl.java:setRole(321)) - 2e77c710-dcb3-40c4-9ab8-375ebf5b60c5@group-2228D2590D3E: changes role from CANDIDATE to LEADER at term 1 for changeToLeader
2023-04-22 02:18:23,090 [2e77c710-dcb3-40c4-9ab8-375ebf5b60c5@group-2228D2590D3E-LeaderElection20] INFO  ratis.XceiverServerRatis (XceiverServerRatis.java:handleLeaderChangedNotification(904)) - Leader change notification received for group: group-2228D2590D3E with new leaderId: 2e77c710-dcb3-40c4-9ab8-375ebf5b60c5
2023-04-22 02:18:23,090 [2e77c710-dcb3-40c4-9ab8-375ebf5b60c5@group-2228D2590D3E-LeaderElection20] INFO  server.RaftServer$Division (ServerState.java:setLeader(313)) - 2e77c710-dcb3-40c4-9ab8-375ebf5b60c5@group-2228D2590D3E: change Leader from null to 2e77c710-dcb3-40c4-9ab8-375ebf5b60c5 at term 1 for becomeLeader, leader elected after 5134ms
2023-04-22 02:18:23,090 [2e77c710-dcb3-40c4-9ab8-375ebf5b60c5@group-2228D2590D3E-LeaderElection20] INFO  server.RaftServerConfigKeys (ConfUtils.java:logGet(46)) - raft.server.staging.catchup.gap = 1000 (default)
2023-04-22 02:18:23,090 [grpc-default-executor-2] INFO  impl.RoleInfo (RoleInfo.java:shutdownFollowerState(110)) - 14afdd48-1c23-4787-9ada-99348fccc9d2: shutdown 14afdd48-1c23-4787-9ada-99348fccc9d2@group-2228D2590D3E-FollowerState
2023-04-22 02:18:23,090 [grpc-default-executor-2] INFO  impl.RoleInfo (RoleInfo.java:updateAndGet(139)) - 14afdd48-1c23-4787-9ada-99348fccc9d2: start 14afdd48-1c23-4787-9ada-99348fccc9d2@group-2228D2590D3E-FollowerState
2023-04-22 02:18:23,090 [2e77c710-dcb3-40c4-9ab8-375ebf5b60c5@group-2228D2590D3E-LeaderElection20] INFO  server.RaftServerConfigKeys (ConfUtils.java:logGet(46)) - raft.server.write.element-limit = 1024 (custom)
2023-04-22 02:18:23,090 [2e77c710-dcb3-40c4-9ab8-375ebf5b60c5@group-2228D2590D3E-LeaderElection20] INFO  server.RaftServerConfigKeys (ConfUtils.java:logGet(46)) - raft.server.write.byte-limit = 1024 M (=1073741824) (custom)
2023-04-22 02:18:23,091 [14afdd48-1c23-4787-9ada-99348fccc9d2@group-2228D2590D3E-FollowerState] INFO  server.RaftServerConfigKeys (ConfUtils.java:logFallback(53)) - raft.server.rpc.first-election.timeout.min = 5s (fallback to raft.server.rpc.timeout.min)
2023-04-22 02:18:23,092 [14afdd48-1c23-4787-9ada-99348fccc9d2@group-2228D2590D3E-FollowerState] INFO  server.RaftServerConfigKeys (ConfUtils.java:logFallback(53)) - raft.server.rpc.first-election.timeout.max = 5200ms (fallback to raft.server.rpc.timeout.max)
2023-04-22 02:18:23,092 [2e77c710-dcb3-40c4-9ab8-375ebf5b60c5@group-2228D2590D3E-LeaderElection20] INFO  server.RaftServerConfigKeys (ConfUtils.java:logGet(46)) - raft.server.watch.timeout = 10000ms (default)
2023-04-22 02:18:23,092 [2e77c710-dcb3-40c4-9ab8-375ebf5b60c5@group-2228D2590D3E-LeaderElection20] INFO  server.RaftServerConfigKeys (ConfUtils.java:logGet(46)) - raft.server.watch.timeout.denomination = 1s (default)
2023-04-22 02:18:23,092 [2e77c710-dcb3-40c4-9ab8-375ebf5b60c5@group-2228D2590D3E-LeaderElection20] INFO  server.RaftServerConfigKeys (ConfUtils.java:logGet(46)) - raft.server.watch.element-limit = 65536 (default)
2023-04-22 02:18:23,093 [2e77c710-dcb3-40c4-9ab8-375ebf5b60c5@group-2228D2590D3E-LeaderElection20] INFO  server.RaftServerConfigKeys (ConfUtils.java:logGet(46)) - raft.server.write.element-limit = 1024 (custom)
2023-04-22 02:18:23,093 [2e77c710-dcb3-40c4-9ab8-375ebf5b60c5@group-2228D2590D3E-LeaderElection20] INFO  server.RaftServerConfigKeys (ConfUtils.java:logGet(46)) - raft.server.write.follower.gap.ratio.max = -1.0 (default)
2023-04-22 02:18:23,093 [2e77c710-dcb3-40c4-9ab8-375ebf5b60c5@group-2228D2590D3E-LeaderElection20] INFO  server.RaftServerConfigKeys (ConfUtils.java:logGet(46)) - raft.server.log.appender.snapshot.chunk.size.max = 16MB (=16777216) (default)
2023-04-22 02:18:23,093 [2e77c710-dcb3-40c4-9ab8-375ebf5b60c5@group-2228D2590D3E-LeaderElection20] INFO  server.RaftServerConfigKeys (ConfUtils.java:logGet(46)) - raft.server.log.appender.buffer.byte-limit = 33554432 (custom)
2023-04-22 02:18:23,093 [2e77c710-dcb3-40c4-9ab8-375ebf5b60c5@group-2228D2590D3E-LeaderElection20] INFO  server.RaftServerConfigKeys (ConfUtils.java:logGet(46)) - raft.server.log.appender.buffer.element-limit = 1 (custom)
2023-04-22 02:18:23,093 [2e77c710-dcb3-40c4-9ab8-375ebf5b60c5@group-2228D2590D3E-LeaderElection20] INFO  grpc.GrpcConfigKeys (ConfUtils.java:logGet(46)) - raft.grpc.server.leader.outstanding.appends.max = 128 (default)
2023-04-22 02:18:23,093 [2e77c710-dcb3-40c4-9ab8-375ebf5b60c5@group-2228D2590D3E-LeaderElection20] INFO  server.RaftServerConfigKeys (ConfUtils.java:logGet(46)) - raft.server.rpc.request.timeout = 3000ms (default)
2023-04-22 02:18:23,093 [2e77c710-dcb3-40c4-9ab8-375ebf5b60c5@group-2228D2590D3E-LeaderElection20] INFO  server.RaftServerConfigKeys (ConfUtils.java:logGet(46)) - raft.server.log.appender.install.snapshot.enabled = false (custom)
2023-04-22 02:18:23,093 [2e77c710-dcb3-40c4-9ab8-375ebf5b60c5@group-2228D2590D3E-LeaderElection20] INFO  grpc.GrpcConfigKeys (ConfUtils.java:logGet(46)) - raft.grpc.server.heartbeat.channel = true (default)
2023-04-22 02:18:23,093 [2e77c710-dcb3-40c4-9ab8-375ebf5b60c5@group-2228D2590D3E-LeaderElection20] INFO  server.RaftServerConfigKeys (ConfUtils.java:logGet(46)) - raft.server.log.appender.wait-time.min = 10ms (default)
2023-04-22 02:18:23,094 [2e77c710-dcb3-40c4-9ab8-375ebf5b60c5@group-2228D2590D3E-LeaderElection20] INFO  server.RaftServerConfigKeys (ConfUtils.java:logGet(46)) - raft.server.log.appender.snapshot.chunk.size.max = 16MB (=16777216) (default)
2023-04-22 02:18:23,094 [2e77c710-dcb3-40c4-9ab8-375ebf5b60c5@group-2228D2590D3E-LeaderElection20] INFO  server.RaftServerConfigKeys (ConfUtils.java:logGet(46)) - raft.server.log.appender.buffer.byte-limit = 33554432 (custom)
2023-04-22 02:18:23,094 [2e77c710-dcb3-40c4-9ab8-375ebf5b60c5@group-2228D2590D3E-LeaderElection20] INFO  server.RaftServerConfigKeys (ConfUtils.java:logGet(46)) - raft.server.log.appender.buffer.element-limit = 1 (custom)
2023-04-22 02:18:23,092 [14afdd48-1c23-4787-9ada-99348fccc9d2@group-2228D2590D3E-FollowerState] INFO  impl.FollowerState (FollowerState.java:run(152)) - 14afdd48-1c23-4787-9ada-99348fccc9d2@group-2228D2590D3E-FollowerState was interrupted
2023-04-22 02:18:23,094 [2e77c710-dcb3-40c4-9ab8-375ebf5b60c5@group-2228D2590D3E-LeaderElection20] INFO  grpc.GrpcConfigKeys (ConfUtils.java:logGet(46)) - raft.grpc.server.leader.outstanding.appends.max = 128 (default)
2023-04-22 02:18:23,094 [2e77c710-dcb3-40c4-9ab8-375ebf5b60c5@group-2228D2590D3E-LeaderElection20] INFO  server.RaftServerConfigKeys (ConfUtils.java:logGet(46)) - raft.server.rpc.request.timeout = 3000ms (default)
2023-04-22 02:18:23,094 [2e77c710-dcb3-40c4-9ab8-375ebf5b60c5@group-2228D2590D3E-LeaderElection20] INFO  server.RaftServerConfigKeys (ConfUtils.java:logGet(46)) - raft.server.log.appender.install.snapshot.enabled = false (custom)
2023-04-22 02:18:23,094 [2e77c710-dcb3-40c4-9ab8-375ebf5b60c5@group-2228D2590D3E-LeaderElection20] INFO  grpc.GrpcConfigKeys (ConfUtils.java:logGet(46)) - raft.grpc.server.heartbeat.channel = true (default)
2023-04-22 02:18:23,095 [2e77c710-dcb3-40c4-9ab8-375ebf5b60c5@group-2228D2590D3E-LeaderElection20] INFO  server.RaftServerConfigKeys (ConfUtils.java:logGet(46)) - raft.server.log.appender.wait-time.min = 10ms (default)
2023-04-22 02:18:23,095 [2e77c710-dcb3-40c4-9ab8-375ebf5b60c5@group-2228D2590D3E-LeaderElection20] INFO  impl.RoleInfo (RoleInfo.java:updateAndGet(139)) - 2e77c710-dcb3-40c4-9ab8-375ebf5b60c5: start 2e77c710-dcb3-40c4-9ab8-375ebf5b60c5@group-2228D2590D3E-LeaderStateImpl
2023-04-22 02:18:23,095 [EventQueue-PipelineReportForPipelineReportHandler] INFO  pipeline.PipelineManagerImpl (PipelineManagerImpl.java:openPipeline(367)) - Pipeline Pipeline[ Id: c015da53-8971-4990-89ee-2228d2590d3e, Nodes: ffe33985-86ac-4dba-9cf7-e9d9be1914b9(fv-az443-428.ap2fcshprsnunfx25e1aelzb4b.cx.internal.cloudapp.net/10.1.0.20)14afdd48-1c23-4787-9ada-99348fccc9d2(fv-az443-428.ap2fcshprsnunfx25e1aelzb4b.cx.internal.cloudapp.net/10.1.0.20)2e77c710-dcb3-40c4-9ab8-375ebf5b60c5(fv-az443-428.ap2fcshprsnunfx25e1aelzb4b.cx.internal.cloudapp.net/10.1.0.20), ReplicationConfig: RATIS/THREE, State:ALLOCATED, leaderId:2e77c710-dcb3-40c4-9ab8-375ebf5b60c5, CreationTimestamp2023-04-22T02:18:15.530Z[Etc/UTC]] moved to OPEN state
2023-04-22 02:18:23,095 [2e77c710-dcb3-40c4-9ab8-375ebf5b60c5@group-2228D2590D3E-LeaderElection20] INFO  segmented.SegmentedRaftLogWorker (SegmentedRaftLogWorker.java:startLogSegment(452)) - 2e77c710-dcb3-40c4-9ab8-375ebf5b60c5@group-2228D2590D3E-SegmentedRaftLogWorker: Starting segment from index:0
2023-04-22 02:18:23,091 [grpc-default-executor-2] INFO  server.RaftServer$Division (RaftServerImpl.java:requestVote(1251)) - 14afdd48-1c23-4787-9ada-99348fccc9d2@group-2228D2590D3E replies to ELECTION vote request: 2e77c710-dcb3-40c4-9ab8-375ebf5b60c5<-14afdd48-1c23-4787-9ada-99348fccc9d2#0:OK-t1. Peer's state: 14afdd48-1c23-4787-9ada-99348fccc9d2@group-2228D2590D3E:t1, leader=null, voted=2e77c710-dcb3-40c4-9ab8-375ebf5b60c5, raftlog=Memoized:14afdd48-1c23-4787-9ada-99348fccc9d2@group-2228D2590D3E-SegmentedRaftLog:OPENED:c-1, conf=-1: peers:[2e77c710-dcb3-40c4-9ab8-375ebf5b60c5|rpc:10.1.0.20:42687|dataStream:10.1.0.20:33365|priority:1|startupRole:FOLLOWER, ffe33985-86ac-4dba-9cf7-e9d9be1914b9|rpc:10.1.0.20:37515|dataStream:10.1.0.20:41651|priority:0|startupRole:FOLLOWER, 14afdd48-1c23-4787-9ada-99348fccc9d2|rpc:10.1.0.20:38959|dataStream:10.1.0.20:42291|priority:0|startupRole:FOLLOWER]|listeners:[], old=null
2023-04-22 02:18:23,096 [2e77c710-dcb3-40c4-9ab8-375ebf5b60c5@group-2228D2590D3E-SegmentedRaftLogWorker] INFO  segmented.SegmentedRaftLogWorker (SegmentedRaftLogWorker.java:execute(656)) - 2e77c710-dcb3-40c4-9ab8-375ebf5b60c5@group-2228D2590D3E-SegmentedRaftLogWorker: created new log segment /home/runner/work/ozone/ozone/hadoop-ozone/integration-test/target/test-dir/MiniOzoneClusterImpl-b640deff-6994-498f-92ea-4ac5c972f0d8/datanode-7/data/ratis/c015da53-8971-4990-89ee-2228d2590d3e/current/log_inprogress_0
2023-04-22 02:18:23,101 [2e77c710-dcb3-40c4-9ab8-375ebf5b60c5@group-2228D2590D3E-LeaderElection20] INFO  server.RaftServer$Division (ServerState.java:setRaftConf(430)) - 2e77c710-dcb3-40c4-9ab8-375ebf5b60c5@group-2228D2590D3E: set configuration 0: peers:[2e77c710-dcb3-40c4-9ab8-375ebf5b60c5|rpc:10.1.0.20:42687|dataStream:10.1.0.20:33365|priority:1|startupRole:FOLLOWER, ffe33985-86ac-4dba-9cf7-e9d9be1914b9|rpc:10.1.0.20:37515|dataStream:10.1.0.20:41651|priority:0|startupRole:FOLLOWER, 14afdd48-1c23-4787-9ada-99348fccc9d2|rpc:10.1.0.20:38959|dataStream:10.1.0.20:42291|priority:0|startupRole:FOLLOWER]|listeners:[], old=null
2023-04-22 02:18:23,102 [2e77c710-dcb3-40c4-9ab8-375ebf5b60c5@group-2228D2590D3E-StateMachineUpdater] INFO  ratis.ContainerStateMachine (ContainerStateMachine.java:takeSnapshot(330)) - group-2228D2590D3E: Taking a snapshot at:(t:1, i:0) file /home/runner/work/ozone/ozone/hadoop-ozone/integration-test/target/test-dir/MiniOzoneClusterImpl-b640deff-6994-498f-92ea-4ac5c972f0d8/datanode-7/data/ratis/c015da53-8971-4990-89ee-2228d2590d3e/sm/snapshot.1_0
2023-04-22 02:18:23,103 [2e77c710-dcb3-40c4-9ab8-375ebf5b60c5@group-2228D2590D3E-StateMachineUpdater] INFO  ratis.ContainerStateMachine (ContainerStateMachine.java:takeSnapshot(341)) - group-2228D2590D3E: Finished taking a snapshot at:(t:1, i:0) file:/home/runner/work/ozone/ozone/hadoop-ozone/integration-test/target/test-dir/MiniOzoneClusterImpl-b640deff-6994-498f-92ea-4ac5c972f0d8/datanode-7/data/ratis/c015da53-8971-4990-89ee-2228d2590d3e/sm/snapshot.1_0 took: 1 ms
2023-04-22 02:18:23,104 [2e77c710-dcb3-40c4-9ab8-375ebf5b60c5@group-2228D2590D3E-StateMachineUpdater] INFO  impl.StateMachineUpdater (StateMachineUpdater.java:takeSnapshot(287)) - 2e77c710-dcb3-40c4-9ab8-375ebf5b60c5@group-2228D2590D3E-StateMachineUpdater: Took a snapshot at index 0
2023-04-22 02:18:23,104 [2e77c710-dcb3-40c4-9ab8-375ebf5b60c5@group-2228D2590D3E-StateMachineUpdater] INFO  impl.StateMachineUpdater (StateMachineUpdater.java:lambda$new$0(92)) - 2e77c710-dcb3-40c4-9ab8-375ebf5b60c5@group-2228D2590D3E-StateMachineUpdater: snapshotIndex: updateIncreasingly -1 -> 0
2023-04-22 02:18:23,114 [ffe33985-86ac-4dba-9cf7-e9d9be1914b9-server-thread1] INFO  ratis.XceiverServerRatis (XceiverServerRatis.java:handleLeaderChangedNotification(904)) - Leader change notification received for group: group-2228D2590D3E with new leaderId: 2e77c710-dcb3-40c4-9ab8-375ebf5b60c5
2023-04-22 02:18:23,114 [ffe33985-86ac-4dba-9cf7-e9d9be1914b9-server-thread1] INFO  server.RaftServer$Division (ServerState.java:setLeader(313)) - ffe33985-86ac-4dba-9cf7-e9d9be1914b9@group-2228D2590D3E: change Leader from null to 2e77c710-dcb3-40c4-9ab8-375ebf5b60c5 at term 1 for appendEntries, leader elected after 5228ms
2023-04-22 02:18:23,116 [Command processor thread] INFO  keyvalue.KeyValueContainer (KeyValueContainer.java:flushAndSyncDB(446)) - Container 1 is synced with bcsId 2.
2023-04-22 02:18:23,116 [14afdd48-1c23-4787-9ada-99348fccc9d2-server-thread1] INFO  ratis.XceiverServerRatis (XceiverServerRatis.java:handleLeaderChangedNotification(904)) - Leader change notification received for group: group-2228D2590D3E with new leaderId: 2e77c710-dcb3-40c4-9ab8-375ebf5b60c5
2023-04-22 02:18:23,117 [14afdd48-1c23-4787-9ada-99348fccc9d2-server-thread1] INFO  server.RaftServer$Division (ServerState.java:setLeader(313)) - 14afdd48-1c23-4787-9ada-99348fccc9d2@group-2228D2590D3E: change Leader from null to 2e77c710-dcb3-40c4-9ab8-375ebf5b60c5 at term 1 for appendEntries, leader elected after 5187ms
2023-04-22 02:18:23,116 [Command processor thread] INFO  keyvalue.KeyValueContainer (KeyValueContainer.java:flushAndSyncDB(446)) - Container 1 is synced with bcsId 2.
2023-04-22 02:18:23,120 [FixedThreadPoolWithAffinityExecutor-9-0] WARN  container.IncrementalContainerReportHandler (AbstractContainerReportHandler.java:updateContainerState(259)) - Container #1 is in OPEN state, but the datanode 6aaf5ca8-0737-4296-ba95-7f0e9402c55b(fv-az443-428.ap2fcshprsnunfx25e1aelzb4b.cx.internal.cloudapp.net/10.1.0.20) reports an CLOSING replica.
2023-04-22 02:18:23,123 [Command processor thread] INFO  commandhandler.CloseContainerCommandHandler (CloseContainerCommandHandler.java:handle(112)) - Marking Container 1 quasi closed
2023-04-22 02:18:23,125 [FixedThreadPoolWithAffinityExecutor-9-0] WARN  container.IncrementalContainerReportHandler (AbstractContainerReportHandler.java:updateContainerState(259)) - Container #1 is in OPEN state, but the datanode 6aaf5ca8-0737-4296-ba95-7f0e9402c55b(fv-az443-428.ap2fcshprsnunfx25e1aelzb4b.cx.internal.cloudapp.net/10.1.0.20) reports an QUASI_CLOSED replica.
2023-04-22 02:18:23,127 [14afdd48-1c23-4787-9ada-99348fccc9d2-server-thread2] INFO  server.RaftServer$Division (ServerState.java:setRaftConf(430)) - 14afdd48-1c23-4787-9ada-99348fccc9d2@group-2228D2590D3E: set configuration 0: peers:[2e77c710-dcb3-40c4-9ab8-375ebf5b60c5|rpc:10.1.0.20:42687|dataStream:10.1.0.20:33365|priority:1|startupRole:FOLLOWER, ffe33985-86ac-4dba-9cf7-e9d9be1914b9|rpc:10.1.0.20:37515|dataStream:10.1.0.20:41651|priority:0|startupRole:FOLLOWER, 14afdd48-1c23-4787-9ada-99348fccc9d2|rpc:10.1.0.20:38959|dataStream:10.1.0.20:42291|priority:0|startupRole:FOLLOWER]|listeners:[], old=null
2023-04-22 02:18:23,127 [14afdd48-1c23-4787-9ada-99348fccc9d2-server-thread2] INFO  segmented.SegmentedRaftLogWorker (SegmentedRaftLogWorker.java:startLogSegment(452)) - 14afdd48-1c23-4787-9ada-99348fccc9d2@group-2228D2590D3E-SegmentedRaftLogWorker: Starting segment from index:0
2023-04-22 02:18:23,128 [ffe33985-86ac-4dba-9cf7-e9d9be1914b9-server-thread2] INFO  server.RaftServer$Division (ServerState.java:setRaftConf(430)) - ffe33985-86ac-4dba-9cf7-e9d9be1914b9@group-2228D2590D3E: set configuration 0: peers:[2e77c710-dcb3-40c4-9ab8-375ebf5b60c5|rpc:10.1.0.20:42687|dataStream:10.1.0.20:33365|priority:1|startupRole:FOLLOWER, ffe33985-86ac-4dba-9cf7-e9d9be1914b9|rpc:10.1.0.20:37515|dataStream:10.1.0.20:41651|priority:0|startupRole:FOLLOWER, 14afdd48-1c23-4787-9ada-99348fccc9d2|rpc:10.1.0.20:38959|dataStream:10.1.0.20:42291|priority:0|startupRole:FOLLOWER]|listeners:[], old=null
2023-04-22 02:18:23,128 [14afdd48-1c23-4787-9ada-99348fccc9d2@group-2228D2590D3E-SegmentedRaftLogWorker] INFO  segmented.SegmentedRaftLogWorker (SegmentedRaftLogWorker.java:execute(656)) - 14afdd48-1c23-4787-9ada-99348fccc9d2@group-2228D2590D3E-SegmentedRaftLogWorker: created new log segment /home/runner/work/ozone/ozone/hadoop-ozone/integration-test/target/test-dir/MiniOzoneClusterImpl-b640deff-6994-498f-92ea-4ac5c972f0d8/datanode-8/data/ratis/c015da53-8971-4990-89ee-2228d2590d3e/current/log_inprogress_0
2023-04-22 02:18:23,129 [14afdd48-1c23-4787-9ada-99348fccc9d2@group-2228D2590D3E-StateMachineUpdater] INFO  ratis.ContainerStateMachine (ContainerStateMachine.java:takeSnapshot(330)) - group-2228D2590D3E: Taking a snapshot at:(t:1, i:0) file /home/runner/work/ozone/ozone/hadoop-ozone/integration-test/target/test-dir/MiniOzoneClusterImpl-b640deff-6994-498f-92ea-4ac5c972f0d8/datanode-8/data/ratis/c015da53-8971-4990-89ee-2228d2590d3e/sm/snapshot.1_0
2023-04-22 02:18:23,130 [14afdd48-1c23-4787-9ada-99348fccc9d2@group-2228D2590D3E-StateMachineUpdater] INFO  ratis.ContainerStateMachine (ContainerStateMachine.java:takeSnapshot(341)) - group-2228D2590D3E: Finished taking a snapshot at:(t:1, i:0) file:/home/runner/work/ozone/ozone/hadoop-ozone/integration-test/target/test-dir/MiniOzoneClusterImpl-b640deff-6994-498f-92ea-4ac5c972f0d8/datanode-8/data/ratis/c015da53-8971-4990-89ee-2228d2590d3e/sm/snapshot.1_0 took: 1 ms
2023-04-22 02:18:23,130 [14afdd48-1c23-4787-9ada-99348fccc9d2@group-2228D2590D3E-StateMachineUpdater] INFO  impl.StateMachineUpdater (StateMachineUpdater.java:takeSnapshot(287)) - 14afdd48-1c23-4787-9ada-99348fccc9d2@group-2228D2590D3E-StateMachineUpdater: Took a snapshot at index 0
2023-04-22 02:18:23,130 [14afdd48-1c23-4787-9ada-99348fccc9d2@group-2228D2590D3E-StateMachineUpdater] INFO  impl.StateMachineUpdater (StateMachineUpdater.java:lambda$new$0(92)) - 14afdd48-1c23-4787-9ada-99348fccc9d2@group-2228D2590D3E-StateMachineUpdater: snapshotIndex: updateIncreasingly -1 -> 0
2023-04-22 02:18:23,130 [ffe33985-86ac-4dba-9cf7-e9d9be1914b9-server-thread2] INFO  segmented.SegmentedRaftLogWorker (SegmentedRaftLogWorker.java:startLogSegment(452)) - ffe33985-86ac-4dba-9cf7-e9d9be1914b9@group-2228D2590D3E-SegmentedRaftLogWorker: Starting segment from index:0
2023-04-22 02:18:23,131 [ffe33985-86ac-4dba-9cf7-e9d9be1914b9@group-2228D2590D3E-SegmentedRaftLogWorker] INFO  segmented.SegmentedRaftLogWorker (SegmentedRaftLogWorker.java:execute(656)) - ffe33985-86ac-4dba-9cf7-e9d9be1914b9@group-2228D2590D3E-SegmentedRaftLogWorker: created new log segment /home/runner/work/ozone/ozone/hadoop-ozone/integration-test/target/test-dir/MiniOzoneClusterImpl-b640deff-6994-498f-92ea-4ac5c972f0d8/datanode-6/data/ratis/c015da53-8971-4990-89ee-2228d2590d3e/current/log_inprogress_0
2023-04-22 02:18:23,132 [ffe33985-86ac-4dba-9cf7-e9d9be1914b9@group-2228D2590D3E-StateMachineUpdater] INFO  ratis.ContainerStateMachine (ContainerStateMachine.java:takeSnapshot(330)) - group-2228D2590D3E: Taking a snapshot at:(t:1, i:0) file /home/runner/work/ozone/ozone/hadoop-ozone/integration-test/target/test-dir/MiniOzoneClusterImpl-b640deff-6994-498f-92ea-4ac5c972f0d8/datanode-6/data/ratis/c015da53-8971-4990-89ee-2228d2590d3e/sm/snapshot.1_0
2023-04-22 02:18:23,133 [ffe33985-86ac-4dba-9cf7-e9d9be1914b9@group-2228D2590D3E-StateMachineUpdater] INFO  ratis.ContainerStateMachine (ContainerStateMachine.java:takeSnapshot(341)) - group-2228D2590D3E: Finished taking a snapshot at:(t:1, i:0) file:/home/runner/work/ozone/ozone/hadoop-ozone/integration-test/target/test-dir/MiniOzoneClusterImpl-b640deff-6994-498f-92ea-4ac5c972f0d8/datanode-6/data/ratis/c015da53-8971-4990-89ee-2228d2590d3e/sm/snapshot.1_0 took: 1 ms
2023-04-22 02:18:23,133 [ffe33985-86ac-4dba-9cf7-e9d9be1914b9@group-2228D2590D3E-StateMachineUpdater] INFO  impl.StateMachineUpdater (StateMachineUpdater.java:takeSnapshot(287)) - ffe33985-86ac-4dba-9cf7-e9d9be1914b9@group-2228D2590D3E-StateMachineUpdater: Took a snapshot at index 0
2023-04-22 02:18:23,133 [ffe33985-86ac-4dba-9cf7-e9d9be1914b9@group-2228D2590D3E-StateMachineUpdater] INFO  impl.StateMachineUpdater (StateMachineUpdater.java:lambda$new$0(92)) - ffe33985-86ac-4dba-9cf7-e9d9be1914b9@group-2228D2590D3E-StateMachineUpdater: snapshotIndex: updateIncreasingly -1 -> 0
2023-04-22 02:18:23,324 [FixedThreadPoolWithAffinityExecutor-9-0] WARN  container.ContainerReportHandler (AbstractContainerReportHandler.java:updateContainerState(259)) - Container #1 is in OPEN state, but the datanode 6aaf5ca8-0737-4296-ba95-7f0e9402c55b(fv-az443-428.ap2fcshprsnunfx25e1aelzb4b.cx.internal.cloudapp.net/10.1.0.20) reports an QUASI_CLOSED replica.
2023-04-22 02:18:23,377 [FixedThreadPoolWithAffinityExecutor-0-0] WARN  container.IncrementalContainerReportHandler (AbstractContainerReportHandler.java:updateContainerState(259)) - Container #1 is in OPEN state, but the datanode 4fb9f1f7-4e3b-4bcf-a7e7-c7ddcac09d11(fv-az443-428.ap2fcshprsnunfx25e1aelzb4b.cx.internal.cloudapp.net/10.1.0.20) reports an CLOSING replica.
2023-04-22 02:18:23,377 [Command processor thread] INFO  keyvalue.KeyValueContainer (KeyValueContainer.java:flushAndSyncDB(446)) - Container 1 is synced with bcsId 2.
2023-04-22 02:18:23,379 [Command processor thread] INFO  keyvalue.KeyValueContainer (KeyValueContainer.java:flushAndSyncDB(446)) - Container 1 is synced with bcsId 2.
2023-04-22 02:18:23,382 [Command processor thread] INFO  commandhandler.CloseContainerCommandHandler (CloseContainerCommandHandler.java:handle(112)) - Marking Container 1 quasi closed
2023-04-22 02:18:23,384 [FixedThreadPoolWithAffinityExecutor-0-0] WARN  container.IncrementalContainerReportHandler (AbstractContainerReportHandler.java:updateContainerState(259)) - Container #1 is in OPEN state, but the datanode 4fb9f1f7-4e3b-4bcf-a7e7-c7ddcac09d11(fv-az443-428.ap2fcshprsnunfx25e1aelzb4b.cx.internal.cloudapp.net/10.1.0.20) reports an QUASI_CLOSED replica.
2023-04-22 02:18:23,389 [FixedThreadPoolWithAffinityExecutor-0-0] WARN  container.IncrementalContainerReportHandler (AbstractContainerReportHandler.java:updateContainerState(259)) - Container #1 is in OPEN state, but the datanode 44aa5787-a9ca-4d27-a88e-9069c8f4547b(fv-az443-428.ap2fcshprsnunfx25e1aelzb4b.cx.internal.cloudapp.net/10.1.0.20) reports an CLOSING replica.
2023-04-22 02:18:23,389 [Command processor thread] INFO  keyvalue.KeyValueContainer (KeyValueContainer.java:flushAndSyncDB(446)) - Container 1 is synced with bcsId 2.
2023-04-22 02:18:23,389 [Command processor thread] INFO  keyvalue.KeyValueContainer (KeyValueContainer.java:flushAndSyncDB(446)) - Container 1 is synced with bcsId 2.
2023-04-22 02:18:23,392 [Command processor thread] INFO  commandhandler.CloseContainerCommandHandler (CloseContainerCommandHandler.java:handle(112)) - Marking Container 1 quasi closed
2023-04-22 02:18:23,393 [FixedThreadPoolWithAffinityExecutor-0-0] WARN  container.IncrementalContainerReportHandler (AbstractContainerReportHandler.java:updateContainerState(259)) - Container #1 is in OPEN state, but the datanode 44aa5787-a9ca-4d27-a88e-9069c8f4547b(fv-az443-428.ap2fcshprsnunfx25e1aelzb4b.cx.internal.cloudapp.net/10.1.0.20) reports an QUASI_CLOSED replica.
2023-04-22 02:18:23,584 [FixedThreadPoolWithAffinityExecutor-0-0] WARN  container.ContainerReportHandler (AbstractContainerReportHandler.java:updateContainerState(259)) - Container #1 is in OPEN state, but the datanode 4fb9f1f7-4e3b-4bcf-a7e7-c7ddcac09d11(fv-az443-428.ap2fcshprsnunfx25e1aelzb4b.cx.internal.cloudapp.net/10.1.0.20) reports an QUASI_CLOSED replica.
2023-04-22 02:18:23,588 [2e77c710-dcb3-40c4-9ab8-375ebf5b60c5@group-7B4991A1B4A3-FollowerState] INFO  impl.FollowerState (FollowerState.java:run(143)) - 2e77c710-dcb3-40c4-9ab8-375ebf5b60c5@group-7B4991A1B4A3-FollowerState: change to CANDIDATE, lastRpcElapsedTime:5064372681ns, electionTimeout:5046ms
2023-04-22 02:18:23,588 [2e77c710-dcb3-40c4-9ab8-375ebf5b60c5@group-7B4991A1B4A3-FollowerState] INFO  impl.RoleInfo (RoleInfo.java:shutdownFollowerState(110)) - 2e77c710-dcb3-40c4-9ab8-375ebf5b60c5: shutdown 2e77c710-dcb3-40c4-9ab8-375ebf5b60c5@group-7B4991A1B4A3-FollowerState
2023-04-22 02:18:23,588 [2e77c710-dcb3-40c4-9ab8-375ebf5b60c5@group-7B4991A1B4A3-FollowerState] INFO  server.RaftServer$Division (RaftServerImpl.java:setRole(321)) - 2e77c710-dcb3-40c4-9ab8-375ebf5b60c5@group-7B4991A1B4A3: changes role from  FOLLOWER to CANDIDATE at term 0 for changeToCandidate
2023-04-22 02:18:23,588 [2e77c710-dcb3-40c4-9ab8-375ebf5b60c5@group-7B4991A1B4A3-FollowerState] INFO  server.RaftServerConfigKeys (ConfUtils.java:logGet(46)) - raft.server.leaderelection.pre-vote = true (default)
2023-04-22 02:18:23,588 [2e77c710-dcb3-40c4-9ab8-375ebf5b60c5@group-7B4991A1B4A3-FollowerState] INFO  impl.RoleInfo (RoleInfo.java:updateAndGet(139)) - 2e77c710-dcb3-40c4-9ab8-375ebf5b60c5: start 2e77c710-dcb3-40c4-9ab8-375ebf5b60c5@group-7B4991A1B4A3-LeaderElection21
2023-04-22 02:18:23,590 [2e77c710-dcb3-40c4-9ab8-375ebf5b60c5@group-7B4991A1B4A3-LeaderElection21] INFO  impl.LeaderElection (LeaderElection.java:askForVotes(312)) - 2e77c710-dcb3-40c4-9ab8-375ebf5b60c5@group-7B4991A1B4A3-LeaderElection21 PRE_VOTE round 0: submit vote requests at term 0 for -1: peers:[2e77c710-dcb3-40c4-9ab8-375ebf5b60c5|rpc:10.1.0.20:42687|dataStream:10.1.0.20:33365|priority:1|startupRole:FOLLOWER]|listeners:[], old=null
2023-04-22 02:18:23,590 [2e77c710-dcb3-40c4-9ab8-375ebf5b60c5@group-7B4991A1B4A3-LeaderElection21] INFO  impl.LeaderElection (LeaderElection.java:askForVotes(314)) - 2e77c710-dcb3-40c4-9ab8-375ebf5b60c5@group-7B4991A1B4A3-LeaderElection21 PRE_VOTE round 0: result PASSED (term=0)
2023-04-22 02:18:23,591 [2e77c710-dcb3-40c4-9ab8-375ebf5b60c5@group-7B4991A1B4A3-LeaderElection21] INFO  impl.LeaderElection (LeaderElection.java:askForVotes(312)) - 2e77c710-dcb3-40c4-9ab8-375ebf5b60c5@group-7B4991A1B4A3-LeaderElection21 ELECTION round 0: submit vote requests at term 1 for -1: peers:[2e77c710-dcb3-40c4-9ab8-375ebf5b60c5|rpc:10.1.0.20:42687|dataStream:10.1.0.20:33365|priority:1|startupRole:FOLLOWER]|listeners:[], old=null
2023-04-22 02:18:23,591 [2e77c710-dcb3-40c4-9ab8-375ebf5b60c5@group-7B4991A1B4A3-LeaderElection21] INFO  impl.LeaderElection (LeaderElection.java:askForVotes(314)) - 2e77c710-dcb3-40c4-9ab8-375ebf5b60c5@group-7B4991A1B4A3-LeaderElection21 ELECTION round 0: result PASSED (term=1)
2023-04-22 02:18:23,591 [2e77c710-dcb3-40c4-9ab8-375ebf5b60c5@group-7B4991A1B4A3-LeaderElection21] INFO  impl.RoleInfo (RoleInfo.java:shutdownLeaderElection(130)) - 2e77c710-dcb3-40c4-9ab8-375ebf5b60c5: shutdown 2e77c710-dcb3-40c4-9ab8-375ebf5b60c5@group-7B4991A1B4A3-LeaderElection21
2023-04-22 02:18:23,591 [2e77c710-dcb3-40c4-9ab8-375ebf5b60c5@group-7B4991A1B4A3-LeaderElection21] INFO  server.RaftServer$Division (RaftServerImpl.java:setRole(321)) - 2e77c710-dcb3-40c4-9ab8-375ebf5b60c5@group-7B4991A1B4A3: changes role from CANDIDATE to LEADER at term 1 for changeToLeader
2023-04-22 02:18:23,591 [2e77c710-dcb3-40c4-9ab8-375ebf5b60c5@group-7B4991A1B4A3-LeaderElection21] INFO  ratis.XceiverServerRatis (XceiverServerRatis.java:handleLeaderChangedNotification(904)) - Leader change notification received for group: group-7B4991A1B4A3 with new leaderId: 2e77c710-dcb3-40c4-9ab8-375ebf5b60c5
2023-04-22 02:18:23,591 [2e77c710-dcb3-40c4-9ab8-375ebf5b60c5@group-7B4991A1B4A3-LeaderElection21] INFO  server.RaftServer$Division (ServerState.java:setLeader(313)) - 2e77c710-dcb3-40c4-9ab8-375ebf5b60c5@group-7B4991A1B4A3: change Leader from null to 2e77c710-dcb3-40c4-9ab8-375ebf5b60c5 at term 1 for becomeLeader, leader elected after 5455ms
2023-04-22 02:18:23,592 [2e77c710-dcb3-40c4-9ab8-375ebf5b60c5@group-7B4991A1B4A3-LeaderElection21] INFO  server.RaftServerConfigKeys (ConfUtils.java:logGet(46)) - raft.server.staging.catchup.gap = 1000 (default)
2023-04-22 02:18:23,592 [2e77c710-dcb3-40c4-9ab8-375ebf5b60c5@group-7B4991A1B4A3-LeaderElection21] INFO  server.RaftServerConfigKeys (ConfUtils.java:logGet(46)) - raft.server.write.element-limit = 1024 (custom)
2023-04-22 02:18:23,592 [2e77c710-dcb3-40c4-9ab8-375ebf5b60c5@group-7B4991A1B4A3-LeaderElection21] INFO  server.RaftServerConfigKeys (ConfUtils.java:logGet(46)) - raft.server.write.byte-limit = 1024 M (=1073741824) (custom)
2023-04-22 02:18:23,592 [2e77c710-dcb3-40c4-9ab8-375ebf5b60c5@group-7B4991A1B4A3-LeaderElection21] INFO  server.RaftServerConfigKeys (ConfUtils.java:logGet(46)) - raft.server.watch.timeout = 10000ms (default)
2023-04-22 02:18:23,592 [2e77c710-dcb3-40c4-9ab8-375ebf5b60c5@group-7B4991A1B4A3-LeaderElection21] INFO  server.RaftServerConfigKeys (ConfUtils.java:logGet(46)) - raft.server.watch.timeout.denomination = 1s (default)
2023-04-22 02:18:23,593 [2e77c710-dcb3-40c4-9ab8-375ebf5b60c5@group-7B4991A1B4A3-LeaderElection21] INFO  server.RaftServerConfigKeys (ConfUtils.java:logGet(46)) - raft.server.watch.element-limit = 65536 (default)
2023-04-22 02:18:23,593 [2e77c710-dcb3-40c4-9ab8-375ebf5b60c5@group-7B4991A1B4A3-LeaderElection21] INFO  server.RaftServerConfigKeys (ConfUtils.java:logGet(46)) - raft.server.write.element-limit = 1024 (custom)
2023-04-22 02:18:23,593 [2e77c710-dcb3-40c4-9ab8-375ebf5b60c5@group-7B4991A1B4A3-LeaderElection21] INFO  server.RaftServerConfigKeys (ConfUtils.java:logGet(46)) - raft.server.write.follower.gap.ratio.max = -1.0 (default)
2023-04-22 02:18:23,593 [2e77c710-dcb3-40c4-9ab8-375ebf5b60c5@group-7B4991A1B4A3-LeaderElection21] INFO  impl.RoleInfo (RoleInfo.java:updateAndGet(139)) - 2e77c710-dcb3-40c4-9ab8-375ebf5b60c5: start 2e77c710-dcb3-40c4-9ab8-375ebf5b60c5@group-7B4991A1B4A3-LeaderStateImpl
2023-04-22 02:18:23,593 [FixedThreadPoolWithAffinityExecutor-0-0] WARN  container.ContainerReportHandler (AbstractContainerReportHandler.java:updateContainerState(259)) - Container #1 is in OPEN state, but the datanode 44aa5787-a9ca-4d27-a88e-9069c8f4547b(fv-az443-428.ap2fcshprsnunfx25e1aelzb4b.cx.internal.cloudapp.net/10.1.0.20) reports an QUASI_CLOSED replica.
2023-04-22 02:18:23,594 [2e77c710-dcb3-40c4-9ab8-375ebf5b60c5@group-7B4991A1B4A3-LeaderElection21] INFO  segmented.SegmentedRaftLogWorker (SegmentedRaftLogWorker.java:startLogSegment(452)) - 2e77c710-dcb3-40c4-9ab8-375ebf5b60c5@group-7B4991A1B4A3-SegmentedRaftLogWorker: Starting segment from index:0
2023-04-22 02:18:23,595 [2e77c710-dcb3-40c4-9ab8-375ebf5b60c5@group-7B4991A1B4A3-LeaderElection21] INFO  server.RaftServer$Division (ServerState.java:setRaftConf(430)) - 2e77c710-dcb3-40c4-9ab8-375ebf5b60c5@group-7B4991A1B4A3: set configuration 0: peers:[2e77c710-dcb3-40c4-9ab8-375ebf5b60c5|rpc:10.1.0.20:42687|dataStream:10.1.0.20:33365|priority:1|startupRole:FOLLOWER]|listeners:[], old=null
2023-04-22 02:18:23,595 [2e77c710-dcb3-40c4-9ab8-375ebf5b60c5@group-7B4991A1B4A3-SegmentedRaftLogWorker] INFO  segmented.SegmentedRaftLogWorker (SegmentedRaftLogWorker.java:execute(656)) - 2e77c710-dcb3-40c4-9ab8-375ebf5b60c5@group-7B4991A1B4A3-SegmentedRaftLogWorker: created new log segment /home/runner/work/ozone/ozone/hadoop-ozone/integration-test/target/test-dir/MiniOzoneClusterImpl-b640deff-6994-498f-92ea-4ac5c972f0d8/datanode-7/data/ratis/de549e3c-09d2-485c-b0d4-7b4991a1b4a3/current/log_inprogress_0
2023-04-22 02:18:23,596 [2e77c710-dcb3-40c4-9ab8-375ebf5b60c5@group-7B4991A1B4A3-StateMachineUpdater] INFO  ratis.ContainerStateMachine (ContainerStateMachine.java:takeSnapshot(330)) - group-7B4991A1B4A3: Taking a snapshot at:(t:1, i:0) file /home/runner/work/ozone/ozone/hadoop-ozone/integration-test/target/test-dir/MiniOzoneClusterImpl-b640deff-6994-498f-92ea-4ac5c972f0d8/datanode-7/data/ratis/de549e3c-09d2-485c-b0d4-7b4991a1b4a3/sm/snapshot.1_0
2023-04-22 02:18:23,597 [2e77c710-dcb3-40c4-9ab8-375ebf5b60c5@group-7B4991A1B4A3-StateMachineUpdater] INFO  ratis.ContainerStateMachine (ContainerStateMachine.java:takeSnapshot(341)) - group-7B4991A1B4A3: Finished taking a snapshot at:(t:1, i:0) file:/home/runner/work/ozone/ozone/hadoop-ozone/integration-test/target/test-dir/MiniOzoneClusterImpl-b640deff-6994-498f-92ea-4ac5c972f0d8/datanode-7/data/ratis/de549e3c-09d2-485c-b0d4-7b4991a1b4a3/sm/snapshot.1_0 took: 1 ms
2023-04-22 02:18:23,597 [2e77c710-dcb3-40c4-9ab8-375ebf5b60c5@group-7B4991A1B4A3-StateMachineUpdater] INFO  impl.StateMachineUpdater (StateMachineUpdater.java:takeSnapshot(287)) - 2e77c710-dcb3-40c4-9ab8-375ebf5b60c5@group-7B4991A1B4A3-StateMachineUpdater: Took a snapshot at index 0
2023-04-22 02:18:23,597 [2e77c710-dcb3-40c4-9ab8-375ebf5b60c5@group-7B4991A1B4A3-StateMachineUpdater] INFO  impl.StateMachineUpdater (StateMachineUpdater.java:lambda$new$0(92)) - 2e77c710-dcb3-40c4-9ab8-375ebf5b60c5@group-7B4991A1B4A3-StateMachineUpdater: snapshotIndex: updateIncreasingly -1 -> 0
2023-04-22 02:18:23,723 [FixedThreadPoolWithAffinityExecutor-9-0] WARN  container.ContainerReportHandler (AbstractContainerReportHandler.java:updateContainerState(259)) - Container #1 is in OPEN state, but the datanode 6aaf5ca8-0737-4296-ba95-7f0e9402c55b(fv-az443-428.ap2fcshprsnunfx25e1aelzb4b.cx.internal.cloudapp.net/10.1.0.20) reports an QUASI_CLOSED replica.
2023-04-22 02:18:23,729 [14afdd48-1c23-4787-9ada-99348fccc9d2@group-08C6C411513A-FollowerState] INFO  impl.FollowerState (FollowerState.java:run(143)) - 14afdd48-1c23-4787-9ada-99348fccc9d2@group-08C6C411513A-FollowerState: change to CANDIDATE, lastRpcElapsedTime:5167581572ns, electionTimeout:5165ms
2023-04-22 02:18:23,729 [14afdd48-1c23-4787-9ada-99348fccc9d2@group-08C6C411513A-FollowerState] INFO  impl.RoleInfo (RoleInfo.java:shutdownFollowerState(110)) - 14afdd48-1c23-4787-9ada-99348fccc9d2: shutdown 14afdd48-1c23-4787-9ada-99348fccc9d2@group-08C6C411513A-FollowerState
2023-04-22 02:18:23,729 [14afdd48-1c23-4787-9ada-99348fccc9d2@group-08C6C411513A-FollowerState] INFO  server.RaftServer$Division (RaftServerImpl.java:setRole(321)) - 14afdd48-1c23-4787-9ada-99348fccc9d2@group-08C6C411513A: changes role from  FOLLOWER to CANDIDATE at term 0 for changeToCandidate
2023-04-22 02:18:23,729 [14afdd48-1c23-4787-9ada-99348fccc9d2@group-08C6C411513A-FollowerState] INFO  server.RaftServerConfigKeys (ConfUtils.java:logGet(46)) - raft.server.leaderelection.pre-vote = true (default)
2023-04-22 02:18:23,729 [14afdd48-1c23-4787-9ada-99348fccc9d2@group-08C6C411513A-FollowerState] INFO  impl.RoleInfo (RoleInfo.java:updateAndGet(139)) - 14afdd48-1c23-4787-9ada-99348fccc9d2: start 14afdd48-1c23-4787-9ada-99348fccc9d2@group-08C6C411513A-LeaderElection22
2023-04-22 02:18:23,731 [14afdd48-1c23-4787-9ada-99348fccc9d2@group-08C6C411513A-LeaderElection22] INFO  impl.LeaderElection (LeaderElection.java:askForVotes(312)) - 14afdd48-1c23-4787-9ada-99348fccc9d2@group-08C6C411513A-LeaderElection22 PRE_VOTE round 0: submit vote requests at term 0 for -1: peers:[14afdd48-1c23-4787-9ada-99348fccc9d2|rpc:10.1.0.20:38959|dataStream:10.1.0.20:42291|priority:1|startupRole:FOLLOWER]|listeners:[], old=null
2023-04-22 02:18:23,731 [14afdd48-1c23-4787-9ada-99348fccc9d2@group-08C6C411513A-LeaderElection22] INFO  impl.LeaderElection (LeaderElection.java:askForVotes(314)) - 14afdd48-1c23-4787-9ada-99348fccc9d2@group-08C6C411513A-LeaderElection22 PRE_VOTE round 0: result PASSED (term=0)
2023-04-22 02:18:23,732 [14afdd48-1c23-4787-9ada-99348fccc9d2@group-08C6C411513A-LeaderElection22] INFO  impl.LeaderElection (LeaderElection.java:askForVotes(312)) - 14afdd48-1c23-4787-9ada-99348fccc9d2@group-08C6C411513A-LeaderElection22 ELECTION round 0: submit vote requests at term 1 for -1: peers:[14afdd48-1c23-4787-9ada-99348fccc9d2|rpc:10.1.0.20:38959|dataStream:10.1.0.20:42291|priority:1|startupRole:FOLLOWER]|listeners:[], old=null
2023-04-22 02:18:23,732 [14afdd48-1c23-4787-9ada-99348fccc9d2@group-08C6C411513A-LeaderElection22] INFO  impl.LeaderElection (LeaderElection.java:askForVotes(314)) - 14afdd48-1c23-4787-9ada-99348fccc9d2@group-08C6C411513A-LeaderElection22 ELECTION round 0: result PASSED (term=1)
2023-04-22 02:18:23,732 [14afdd48-1c23-4787-9ada-99348fccc9d2@group-08C6C411513A-LeaderElection22] INFO  impl.RoleInfo (RoleInfo.java:shutdownLeaderElection(130)) - 14afdd48-1c23-4787-9ada-99348fccc9d2: shutdown 14afdd48-1c23-4787-9ada-99348fccc9d2@group-08C6C411513A-LeaderElection22
2023-04-22 02:18:23,732 [14afdd48-1c23-4787-9ada-99348fccc9d2@group-08C6C411513A-LeaderElection22] INFO  server.RaftServer$Division (RaftServerImpl.java:setRole(321)) - 14afdd48-1c23-4787-9ada-99348fccc9d2@group-08C6C411513A: changes role from CANDIDATE to LEADER at term 1 for changeToLeader
2023-04-22 02:18:23,732 [14afdd48-1c23-4787-9ada-99348fccc9d2@group-08C6C411513A-LeaderElection22] INFO  ratis.XceiverServerRatis (XceiverServerRatis.java:handleLeaderChangedNotification(904)) - Leader change notification received for group: group-08C6C411513A with new leaderId: 14afdd48-1c23-4787-9ada-99348fccc9d2
2023-04-22 02:18:23,733 [14afdd48-1c23-4787-9ada-99348fccc9d2@group-08C6C411513A-LeaderElection22] INFO  server.RaftServer$Division (ServerState.java:setLeader(313)) - 14afdd48-1c23-4787-9ada-99348fccc9d2@group-08C6C411513A: change Leader from null to 14afdd48-1c23-4787-9ada-99348fccc9d2 at term 1 for becomeLeader, leader elected after 5208ms
2023-04-22 02:18:23,734 [14afdd48-1c23-4787-9ada-99348fccc9d2@group-08C6C411513A-LeaderElection22] INFO  server.RaftServerConfigKeys (ConfUtils.java:logGet(46)) - raft.server.staging.catchup.gap = 1000 (default)
2023-04-22 02:18:23,734 [14afdd48-1c23-4787-9ada-99348fccc9d2@group-08C6C411513A-LeaderElection22] INFO  server.RaftServerConfigKeys (ConfUtils.java:logGet(46)) - raft.server.write.element-limit = 1024 (custom)
2023-04-22 02:18:23,735 [14afdd48-1c23-4787-9ada-99348fccc9d2@group-08C6C411513A-LeaderElection22] INFO  server.RaftServerConfigKeys (ConfUtils.java:logGet(46)) - raft.server.write.byte-limit = 1024 M (=1073741824) (custom)
2023-04-22 02:18:23,735 [14afdd48-1c23-4787-9ada-99348fccc9d2@group-08C6C411513A-LeaderElection22] INFO  server.RaftServerConfigKeys (ConfUtils.java:logGet(46)) - raft.server.watch.timeout = 10000ms (default)
2023-04-22 02:18:23,735 [14afdd48-1c23-4787-9ada-99348fccc9d2@group-08C6C411513A-LeaderElection22] INFO  server.RaftServerConfigKeys (ConfUtils.java:logGet(46)) - raft.server.watch.timeout.denomination = 1s (default)
2023-04-22 02:18:23,735 [14afdd48-1c23-4787-9ada-99348fccc9d2@group-08C6C411513A-LeaderElection22] INFO  server.RaftServerConfigKeys (ConfUtils.java:logGet(46)) - raft.server.watch.element-limit = 65536 (default)
2023-04-22 02:18:23,735 [14afdd48-1c23-4787-9ada-99348fccc9d2@group-08C6C411513A-LeaderElection22] INFO  server.RaftServerConfigKeys (ConfUtils.java:logGet(46)) - raft.server.write.element-limit = 1024 (custom)
2023-04-22 02:18:23,735 [14afdd48-1c23-4787-9ada-99348fccc9d2@group-08C6C411513A-LeaderElection22] INFO  server.RaftServerConfigKeys (ConfUtils.java:logGet(46)) - raft.server.write.follower.gap.ratio.max = -1.0 (default)
2023-04-22 02:18:23,735 [14afdd48-1c23-4787-9ada-99348fccc9d2@group-08C6C411513A-LeaderElection22] INFO  impl.RoleInfo (RoleInfo.java:updateAndGet(139)) - 14afdd48-1c23-4787-9ada-99348fccc9d2: start 14afdd48-1c23-4787-9ada-99348fccc9d2@group-08C6C411513A-LeaderStateImpl
2023-04-22 02:18:23,735 [14afdd48-1c23-4787-9ada-99348fccc9d2@group-08C6C411513A-LeaderElection22] INFO  segmented.SegmentedRaftLogWorker (SegmentedRaftLogWorker.java:startLogSegment(452)) - 14afdd48-1c23-4787-9ada-99348fccc9d2@group-08C6C411513A-SegmentedRaftLogWorker: Starting segment from index:0
2023-04-22 02:18:23,736 [14afdd48-1c23-4787-9ada-99348fccc9d2@group-08C6C411513A-LeaderElection22] INFO  server.RaftServer$Division (ServerState.java:setRaftConf(430)) - 14afdd48-1c23-4787-9ada-99348fccc9d2@group-08C6C411513A: set configuration 0: peers:[14afdd48-1c23-4787-9ada-99348fccc9d2|rpc:10.1.0.20:38959|dataStream:10.1.0.20:42291|priority:1|startupRole:FOLLOWER]|listeners:[], old=null
2023-04-22 02:18:23,736 [14afdd48-1c23-4787-9ada-99348fccc9d2@group-08C6C411513A-SegmentedRaftLogWorker] INFO  segmented.SegmentedRaftLogWorker (SegmentedRaftLogWorker.java:execute(656)) - 14afdd48-1c23-4787-9ada-99348fccc9d2@group-08C6C411513A-SegmentedRaftLogWorker: created new log segment /home/runner/work/ozone/ozone/hadoop-ozone/integration-test/target/test-dir/MiniOzoneClusterImpl-b640deff-6994-498f-92ea-4ac5c972f0d8/datanode-8/data/ratis/82bf7c92-4c12-4d8d-a0f8-08c6c411513a/current/log_inprogress_0
2023-04-22 02:18:23,738 [14afdd48-1c23-4787-9ada-99348fccc9d2@group-08C6C411513A-StateMachineUpdater] INFO  ratis.ContainerStateMachine (ContainerStateMachine.java:takeSnapshot(330)) - group-08C6C411513A: Taking a snapshot at:(t:1, i:0) file /home/runner/work/ozone/ozone/hadoop-ozone/integration-test/target/test-dir/MiniOzoneClusterImpl-b640deff-6994-498f-92ea-4ac5c972f0d8/datanode-8/data/ratis/82bf7c92-4c12-4d8d-a0f8-08c6c411513a/sm/snapshot.1_0
2023-04-22 02:18:23,738 [14afdd48-1c23-4787-9ada-99348fccc9d2@group-08C6C411513A-StateMachineUpdater] INFO  ratis.ContainerStateMachine (ContainerStateMachine.java:takeSnapshot(341)) - group-08C6C411513A: Finished taking a snapshot at:(t:1, i:0) file:/home/runner/work/ozone/ozone/hadoop-ozone/integration-test/target/test-dir/MiniOzoneClusterImpl-b640deff-6994-498f-92ea-4ac5c972f0d8/datanode-8/data/ratis/82bf7c92-4c12-4d8d-a0f8-08c6c411513a/sm/snapshot.1_0 took: 0 ms
2023-04-22 02:18:23,738 [14afdd48-1c23-4787-9ada-99348fccc9d2@group-08C6C411513A-StateMachineUpdater] INFO  impl.StateMachineUpdater (StateMachineUpdater.java:takeSnapshot(287)) - 14afdd48-1c23-4787-9ada-99348fccc9d2@group-08C6C411513A-StateMachineUpdater: Took a snapshot at index 0
2023-04-22 02:18:23,738 [14afdd48-1c23-4787-9ada-99348fccc9d2@group-08C6C411513A-StateMachineUpdater] INFO  impl.StateMachineUpdater (StateMachineUpdater.java:lambda$new$0(92)) - 14afdd48-1c23-4787-9ada-99348fccc9d2@group-08C6C411513A-StateMachineUpdater: snapshotIndex: updateIncreasingly -1 -> 0
2023-04-22 02:18:23,784 [FixedThreadPoolWithAffinityExecutor-0-0] WARN  container.ContainerReportHandler (AbstractContainerReportHandler.java:updateContainerState(259)) - Container #1 is in OPEN state, but the datanode 4fb9f1f7-4e3b-4bcf-a7e7-c7ddcac09d11(fv-az443-428.ap2fcshprsnunfx25e1aelzb4b.cx.internal.cloudapp.net/10.1.0.20) reports an QUASI_CLOSED replica.
2023-04-22 02:18:23,794 [FixedThreadPoolWithAffinityExecutor-0-0] WARN  container.ContainerReportHandler (AbstractContainerReportHandler.java:updateContainerState(259)) - Container #1 is in OPEN state, but the datanode 44aa5787-a9ca-4d27-a88e-9069c8f4547b(fv-az443-428.ap2fcshprsnunfx25e1aelzb4b.cx.internal.cloudapp.net/10.1.0.20) reports an QUASI_CLOSED replica.
2023-04-22 02:18:23,994 [FixedThreadPoolWithAffinityExecutor-0-0] WARN  container.ContainerReportHandler (AbstractContainerReportHandler.java:updateContainerState(259)) - Container #1 is in OPEN state, but the datanode 44aa5787-a9ca-4d27-a88e-9069c8f4547b(fv-az443-428.ap2fcshprsnunfx25e1aelzb4b.cx.internal.cloudapp.net/10.1.0.20) reports an QUASI_CLOSED replica.
2023-04-22 02:18:24,071 [1a68e1b8-2164-4c23-a9a5-559390ce5485@group-335BBCAB5500-FollowerState] INFO  impl.FollowerState (FollowerState.java:run(143)) - 1a68e1b8-2164-4c23-a9a5-559390ce5485@group-335BBCAB5500-FollowerState: change to CANDIDATE, lastRpcElapsedTime:5154110348ns, electionTimeout:5153ms
2023-04-22 02:18:24,071 [1a68e1b8-2164-4c23-a9a5-559390ce5485@group-335BBCAB5500-FollowerState] INFO  impl.RoleInfo (RoleInfo.java:shutdownFollowerState(110)) - 1a68e1b8-2164-4c23-a9a5-559390ce5485: shutdown 1a68e1b8-2164-4c23-a9a5-559390ce5485@group-335BBCAB5500-FollowerState
2023-04-22 02:18:24,071 [1a68e1b8-2164-4c23-a9a5-559390ce5485@group-335BBCAB5500-FollowerState] INFO  server.RaftServer$Division (RaftServerImpl.java:setRole(321)) - 1a68e1b8-2164-4c23-a9a5-559390ce5485@group-335BBCAB5500: changes role from  FOLLOWER to CANDIDATE at term 0 for changeToCandidate
2023-04-22 02:18:24,071 [1a68e1b8-2164-4c23-a9a5-559390ce5485@group-335BBCAB5500-FollowerState] INFO  server.RaftServerConfigKeys (ConfUtils.java:logGet(46)) - raft.server.leaderelection.pre-vote = true (default)
2023-04-22 02:18:24,071 [1a68e1b8-2164-4c23-a9a5-559390ce5485@group-335BBCAB5500-FollowerState] INFO  impl.RoleInfo (RoleInfo.java:updateAndGet(139)) - 1a68e1b8-2164-4c23-a9a5-559390ce5485: start 1a68e1b8-2164-4c23-a9a5-559390ce5485@group-335BBCAB5500-LeaderElection23
2023-04-22 02:18:24,073 [1a68e1b8-2164-4c23-a9a5-559390ce5485@group-335BBCAB5500-LeaderElection23] INFO  impl.LeaderElection (LeaderElection.java:askForVotes(312)) - 1a68e1b8-2164-4c23-a9a5-559390ce5485@group-335BBCAB5500-LeaderElection23 PRE_VOTE round 0: submit vote requests at term 0 for -1: peers:[1a68e1b8-2164-4c23-a9a5-559390ce5485|rpc:10.1.0.20:40987|dataStream:10.1.0.20:46243|priority:1|startupRole:FOLLOWER]|listeners:[], old=null
2023-04-22 02:18:24,073 [1a68e1b8-2164-4c23-a9a5-559390ce5485@group-335BBCAB5500-LeaderElection23] INFO  impl.LeaderElection (LeaderElection.java:askForVotes(314)) - 1a68e1b8-2164-4c23-a9a5-559390ce5485@group-335BBCAB5500-LeaderElection23 PRE_VOTE round 0: result PASSED (term=0)
2023-04-22 02:18:24,074 [1a68e1b8-2164-4c23-a9a5-559390ce5485@group-335BBCAB5500-LeaderElection23] INFO  impl.LeaderElection (LeaderElection.java:askForVotes(312)) - 1a68e1b8-2164-4c23-a9a5-559390ce5485@group-335BBCAB5500-LeaderElection23 ELECTION round 0: submit vote requests at term 1 for -1: peers:[1a68e1b8-2164-4c23-a9a5-559390ce5485|rpc:10.1.0.20:40987|dataStream:10.1.0.20:46243|priority:1|startupRole:FOLLOWER]|listeners:[], old=null
2023-04-22 02:18:24,074 [1a68e1b8-2164-4c23-a9a5-559390ce5485@group-335BBCAB5500-LeaderElection23] INFO  impl.LeaderElection (LeaderElection.java:askForVotes(314)) - 1a68e1b8-2164-4c23-a9a5-559390ce5485@group-335BBCAB5500-LeaderElection23 ELECTION round 0: result PASSED (term=1)
2023-04-22 02:18:24,074 [1a68e1b8-2164-4c23-a9a5-559390ce5485@group-335BBCAB5500-LeaderElection23] INFO  impl.RoleInfo (RoleInfo.java:shutdownLeaderElection(130)) - 1a68e1b8-2164-4c23-a9a5-559390ce5485: shutdown 1a68e1b8-2164-4c23-a9a5-559390ce5485@group-335BBCAB5500-LeaderElection23
2023-04-22 02:18:24,074 [1a68e1b8-2164-4c23-a9a5-559390ce5485@group-335BBCAB5500-LeaderElection23] INFO  server.RaftServer$Division (RaftServerImpl.java:setRole(321)) - 1a68e1b8-2164-4c23-a9a5-559390ce5485@group-335BBCAB5500: changes role from CANDIDATE to LEADER at term 1 for changeToLeader
2023-04-22 02:18:24,074 [1a68e1b8-2164-4c23-a9a5-559390ce5485@group-335BBCAB5500-LeaderElection23] INFO  ratis.XceiverServerRatis (XceiverServerRatis.java:handleLeaderChangedNotification(904)) - Leader change notification received for group: group-335BBCAB5500 with new leaderId: 1a68e1b8-2164-4c23-a9a5-559390ce5485
2023-04-22 02:18:24,074 [1a68e1b8-2164-4c23-a9a5-559390ce5485@group-335BBCAB5500-LeaderElection23] INFO  server.RaftServer$Division (ServerState.java:setLeader(313)) - 1a68e1b8-2164-4c23-a9a5-559390ce5485@group-335BBCAB5500: change Leader from null to 1a68e1b8-2164-4c23-a9a5-559390ce5485 at term 1 for becomeLeader, leader elected after 5169ms
2023-04-22 02:18:24,074 [1a68e1b8-2164-4c23-a9a5-559390ce5485@group-335BBCAB5500-LeaderElection23] INFO  server.RaftServerConfigKeys (ConfUtils.java:logGet(46)) - raft.server.staging.catchup.gap = 1000 (default)
2023-04-22 02:18:24,074 [1a68e1b8-2164-4c23-a9a5-559390ce5485@group-335BBCAB5500-LeaderElection23] INFO  server.RaftServerConfigKeys (ConfUtils.java:logGet(46)) - raft.server.write.element-limit = 1024 (custom)
2023-04-22 02:18:24,074 [1a68e1b8-2164-4c23-a9a5-559390ce5485@group-335BBCAB5500-LeaderElection23] INFO  server.RaftServerConfigKeys (ConfUtils.java:logGet(46)) - raft.server.write.byte-limit = 1024 M (=1073741824) (custom)
2023-04-22 02:18:24,075 [1a68e1b8-2164-4c23-a9a5-559390ce5485@group-335BBCAB5500-LeaderElection23] INFO  server.RaftServerConfigKeys (ConfUtils.java:logGet(46)) - raft.server.watch.timeout = 10000ms (default)
2023-04-22 02:18:24,075 [1a68e1b8-2164-4c23-a9a5-559390ce5485@group-335BBCAB5500-LeaderElection23] INFO  server.RaftServerConfigKeys (ConfUtils.java:logGet(46)) - raft.server.watch.timeout.denomination = 1s (default)
2023-04-22 02:18:24,075 [1a68e1b8-2164-4c23-a9a5-559390ce5485@group-335BBCAB5500-LeaderElection23] INFO  server.RaftServerConfigKeys (ConfUtils.java:logGet(46)) - raft.server.watch.element-limit = 65536 (default)
2023-04-22 02:18:24,075 [1a68e1b8-2164-4c23-a9a5-559390ce5485@group-335BBCAB5500-LeaderElection23] INFO  server.RaftServerConfigKeys (ConfUtils.java:logGet(46)) - raft.server.write.element-limit = 1024 (custom)
2023-04-22 02:18:24,075 [1a68e1b8-2164-4c23-a9a5-559390ce5485@group-335BBCAB5500-LeaderElection23] INFO  server.RaftServerConfigKeys (ConfUtils.java:logGet(46)) - raft.server.write.follower.gap.ratio.max = -1.0 (default)
2023-04-22 02:18:24,075 [1a68e1b8-2164-4c23-a9a5-559390ce5485@group-335BBCAB5500-LeaderElection23] INFO  impl.RoleInfo (RoleInfo.java:updateAndGet(139)) - 1a68e1b8-2164-4c23-a9a5-559390ce5485: start 1a68e1b8-2164-4c23-a9a5-559390ce5485@group-335BBCAB5500-LeaderStateImpl
2023-04-22 02:18:24,075 [1a68e1b8-2164-4c23-a9a5-559390ce5485@group-335BBCAB5500-LeaderElection23] INFO  segmented.SegmentedRaftLogWorker (SegmentedRaftLogWorker.java:startLogSegment(452)) - 1a68e1b8-2164-4c23-a9a5-559390ce5485@group-335BBCAB5500-SegmentedRaftLogWorker: Starting segment from index:0
2023-04-22 02:18:24,076 [1a68e1b8-2164-4c23-a9a5-559390ce5485@group-335BBCAB5500-LeaderElection23] INFO  server.RaftServer$Division (ServerState.java:setRaftConf(430)) - 1a68e1b8-2164-4c23-a9a5-559390ce5485@group-335BBCAB5500: set configuration 0: peers:[1a68e1b8-2164-4c23-a9a5-559390ce5485|rpc:10.1.0.20:40987|dataStream:10.1.0.20:46243|priority:1|startupRole:FOLLOWER]|listeners:[], old=null
2023-04-22 02:18:24,076 [1a68e1b8-2164-4c23-a9a5-559390ce5485@group-335BBCAB5500-SegmentedRaftLogWorker] INFO  segmented.SegmentedRaftLogWorker (SegmentedRaftLogWorker.java:execute(656)) - 1a68e1b8-2164-4c23-a9a5-559390ce5485@group-335BBCAB5500-SegmentedRaftLogWorker: created new log segment /home/runner/work/ozone/ozone/hadoop-ozone/integration-test/target/test-dir/MiniOzoneClusterImpl-b640deff-6994-498f-92ea-4ac5c972f0d8/datanode-9/data/ratis/a638bfe6-c3c3-4f26-85c2-335bbcab5500/current/log_inprogress_0
2023-04-22 02:18:24,077 [1a68e1b8-2164-4c23-a9a5-559390ce5485@group-335BBCAB5500-StateMachineUpdater] INFO  ratis.ContainerStateMachine (ContainerStateMachine.java:takeSnapshot(330)) - group-335BBCAB5500: Taking a snapshot at:(t:1, i:0) file /home/runner/work/ozone/ozone/hadoop-ozone/integration-test/target/test-dir/MiniOzoneClusterImpl-b640deff-6994-498f-92ea-4ac5c972f0d8/datanode-9/data/ratis/a638bfe6-c3c3-4f26-85c2-335bbcab5500/sm/snapshot.1_0
2023-04-22 02:18:24,078 [1a68e1b8-2164-4c23-a9a5-559390ce5485@group-335BBCAB5500-StateMachineUpdater] INFO  ratis.ContainerStateMachine (ContainerStateMachine.java:takeSnapshot(341)) - group-335BBCAB5500: Finished taking a snapshot at:(t:1, i:0) file:/home/runner/work/ozone/ozone/hadoop-ozone/integration-test/target/test-dir/MiniOzoneClusterImpl-b640deff-6994-498f-92ea-4ac5c972f0d8/datanode-9/data/ratis/a638bfe6-c3c3-4f26-85c2-335bbcab5500/sm/snapshot.1_0 took: 1 ms
2023-04-22 02:18:24,078 [1a68e1b8-2164-4c23-a9a5-559390ce5485@group-335BBCAB5500-StateMachineUpdater] INFO  impl.StateMachineUpdater (StateMachineUpdater.java:takeSnapshot(287)) - 1a68e1b8-2164-4c23-a9a5-559390ce5485@group-335BBCAB5500-StateMachineUpdater: Took a snapshot at index 0
2023-04-22 02:18:24,078 [1a68e1b8-2164-4c23-a9a5-559390ce5485@group-335BBCAB5500-StateMachineUpdater] INFO  impl.StateMachineUpdater (StateMachineUpdater.java:lambda$new$0(92)) - 1a68e1b8-2164-4c23-a9a5-559390ce5485@group-335BBCAB5500-StateMachineUpdater: snapshotIndex: updateIncreasingly -1 -> 0
2023-04-22 02:18:24,179 [FixedThreadPoolWithAffinityExecutor-9-0] WARN  container.ContainerReportHandler (AbstractContainerReportHandler.java:updateContainerState(259)) - Container #1 is in OPEN state, but the datanode 6aaf5ca8-0737-4296-ba95-7f0e9402c55b(fv-az443-428.ap2fcshprsnunfx25e1aelzb4b.cx.internal.cloudapp.net/10.1.0.20) reports an QUASI_CLOSED replica.
2023-04-22 02:18:24,184 [FixedThreadPoolWithAffinityExecutor-0-0] WARN  container.ContainerReportHandler (AbstractContainerReportHandler.java:updateContainerState(259)) - Container #1 is in OPEN state, but the datanode 4fb9f1f7-4e3b-4bcf-a7e7-c7ddcac09d11(fv-az443-428.ap2fcshprsnunfx25e1aelzb4b.cx.internal.cloudapp.net/10.1.0.20) reports an QUASI_CLOSED replica.
2023-04-22 02:18:24,195 [FixedThreadPoolWithAffinityExecutor-0-0] WARN  container.ContainerReportHandler (AbstractContainerReportHandler.java:updateContainerState(259)) - Container #1 is in OPEN state, but the datanode 44aa5787-a9ca-4d27-a88e-9069c8f4547b(fv-az443-428.ap2fcshprsnunfx25e1aelzb4b.cx.internal.cloudapp.net/10.1.0.20) reports an QUASI_CLOSED replica.
02:18:24.270 [6aaf5ca8-0737-4296-ba95-7f0e9402c55b-client-thread1] ERROR DNAudit - user=null | ip=null | op=PUT_BLOCK {blockData=[blockId=conID: 1 locID: 111677748019200001 bcsId: 0, size=5]} | ret=FAILURE
org.apache.hadoop.hdds.scm.container.common.helpers.ContainerNotOpenException: Container 1 in QUASI_CLOSED state
	at org.apache.hadoop.ozone.container.common.impl.HddsDispatcher.validateContainerCommand(HddsDispatcher.java:513) ~[hdds-container-service-1.4.0-SNAPSHOT.jar:?]
	at org.apache.hadoop.ozone.container.common.transport.server.ratis.ContainerStateMachine.startTransaction(ContainerStateMachine.java:356) ~[hdds-container-service-1.4.0-SNAPSHOT.jar:?]
	at org.apache.ratis.server.impl.RaftServerImpl.submitClientRequestAsync(RaftServerImpl.java:871) ~[ratis-server-2.4.2-8b8bdda-SNAPSHOT.jar:2.4.2-8b8bdda-SNAPSHOT]
	at org.apache.ratis.server.impl.RaftServerImpl.lambda$null$12(RaftServerImpl.java:815) ~[ratis-server-2.4.2-8b8bdda-SNAPSHOT.jar:2.4.2-8b8bdda-SNAPSHOT]
	at org.apache.ratis.util.JavaUtils.callAsUnchecked(JavaUtils.java:117) ~[ratis-common-2.4.2-8b8bdda-SNAPSHOT.jar:2.4.2-8b8bdda-SNAPSHOT]
	at org.apache.ratis.server.impl.RaftServerImpl.lambda$executeSubmitClientRequestAsync$13(RaftServerImpl.java:815) ~[ratis-server-2.4.2-8b8bdda-SNAPSHOT.jar:2.4.2-8b8bdda-SNAPSHOT]
	at java.util.concurrent.CompletableFuture$AsyncSupply.run(CompletableFuture.java:1604) [?:1.8.0_362]
	at java.util.concurrent.ThreadPoolExecutor.runWorker(ThreadPoolExecutor.java:1149) [?:1.8.0_362]
	at java.util.concurrent.ThreadPoolExecutor$Worker.run(ThreadPoolExecutor.java:624) [?:1.8.0_362]
	at java.lang.Thread.run(Thread.java:750) [?:1.8.0_362]
2023-04-22 02:18:24,371 [grpc-default-executor-5] ERROR impl.OrderedAsync (OrderedAsync.java:lambda$send$4(175)) - Failed to send request, message=cmdType: PutBlock
traceID: ""
containerID: 1
datanodeUuid: "4fb9f1f7-4e3b-4bcf-a7e7-c7ddcac09d11"
putBlock {
  blockData {
    blockID {
      containerID: 1
      localID: 111677748019200001
      blockCommitSequenceId: 0
    }
    metadata {
      key: "TYPE"
      value: "KEY"
    }
    chunks {
      chunkName: "111677748019200001_chunk_1"
      offset: 0
      len: 5
      checksumData {
        type: CRC32
        bytesPerChecksum: 1048576
        checksums: "\350a\3440"
      }
    }
  }
  eof: true
}
, data.size=0
java.util.concurrent.CompletionException: org.apache.ratis.protocol.exceptions.StateMachineException: org.apache.hadoop.hdds.scm.container.common.helpers.ContainerNotOpenException from Server 6aaf5ca8-0737-4296-ba95-7f0e9402c55b@group-D4D495DF8B74: Container 1 in QUASI_CLOSED state
	at org.apache.ratis.client.impl.RaftClientImpl.handleRaftException(RaftClientImpl.java:322)
	at org.apache.ratis.client.impl.OrderedAsync.lambda$send$3(OrderedAsync.java:172)
	at java.util.concurrent.CompletableFuture.uniApply(CompletableFuture.java:616)
	at java.util.concurrent.CompletableFuture$UniApply.tryFire(CompletableFuture.java:591)
	at java.util.concurrent.CompletableFuture.postComplete(CompletableFuture.java:488)
	at java.util.concurrent.CompletableFuture.complete(CompletableFuture.java:1975)
	at org.apache.ratis.client.impl.OrderedAsync$PendingOrderedRequest.setReply(OrderedAsync.java:98)
	at org.apache.ratis.client.impl.OrderedAsync$PendingOrderedRequest.setReply(OrderedAsync.java:59)
	at org.apache.ratis.util.SlidingWindow$RequestMap.setReply(SlidingWindow.java:144)
	at org.apache.ratis.util.SlidingWindow$Client.receiveReply(SlidingWindow.java:348)
	at org.apache.ratis.client.impl.OrderedAsync.lambda$sendRequest$9(OrderedAsync.java:248)
	at java.util.concurrent.CompletableFuture.uniApply(CompletableFuture.java:616)
	at java.util.concurrent.CompletableFuture$UniApply.tryFire(CompletableFuture.java:591)
	at java.util.concurrent.CompletableFuture.postComplete(CompletableFuture.java:488)
	at java.util.concurrent.CompletableFuture.complete(CompletableFuture.java:1975)
	at org.apache.ratis.grpc.client.GrpcClientProtocolClient$AsyncStreamObservers$1.lambda$onNext$0(GrpcClientProtocolClient.java:322)
	at java.util.Optional.ifPresent(Optional.java:159)
	at org.apache.ratis.grpc.client.GrpcClientProtocolClient$AsyncStreamObservers.handleReplyFuture(GrpcClientProtocolClient.java:378)
	at org.apache.ratis.grpc.client.GrpcClientProtocolClient$AsyncStreamObservers.access$100(GrpcClientProtocolClient.java:300)
	at org.apache.ratis.grpc.client.GrpcClientProtocolClient$AsyncStreamObservers$1.onNext(GrpcClientProtocolClient.java:322)
	at org.apache.ratis.grpc.client.GrpcClientProtocolClient$AsyncStreamObservers$1.onNext(GrpcClientProtocolClient.java:305)
	at org.apache.ratis.thirdparty.io.grpc.stub.ClientCalls$StreamObserverToCallListenerAdapter.onMessage(ClientCalls.java:474)
	at org.apache.ratis.thirdparty.io.grpc.ForwardingClientCallListener.onMessage(ForwardingClientCallListener.java:33)
	at org.apache.ratis.thirdparty.io.grpc.internal.ClientCallImpl$ClientStreamListenerImpl$1MessagesAvailable.runInternal(ClientCallImpl.java:661)
	at org.apache.ratis.thirdparty.io.grpc.internal.ClientCallImpl$ClientStreamListenerImpl$1MessagesAvailable.runInContext(ClientCallImpl.java:646)
	at org.apache.ratis.thirdparty.io.grpc.internal.ContextRunnable.run(ContextRunnable.java:37)
	at org.apache.ratis.thirdparty.io.grpc.internal.SerializingExecutor.run(SerializingExecutor.java:133)
	at java.util.concurrent.ThreadPoolExecutor.runWorker(ThreadPoolExecutor.java:1149)
	at java.util.concurrent.ThreadPoolExecutor$Worker.run(ThreadPoolExecutor.java:624)
	at java.lang.Thread.run(Thread.java:750)
Caused by: org.apache.ratis.protocol.exceptions.StateMachineException: org.apache.hadoop.hdds.scm.container.common.helpers.ContainerNotOpenException from Server 6aaf5ca8-0737-4296-ba95-7f0e9402c55b@group-D4D495DF8B74: Container 1 in QUASI_CLOSED state
	at org.apache.hadoop.ozone.container.common.impl.HddsDispatcher.validateContainerCommand(HddsDispatcher.java:513)
	at org.apache.hadoop.ozone.container.common.transport.server.ratis.ContainerStateMachine.startTransaction(ContainerStateMachine.java:356)
	at org.apache.ratis.server.impl.RaftServerImpl.submitClientRequestAsync(RaftServerImpl.java:871)
	at org.apache.ratis.server.impl.RaftServerImpl.lambda$null$12(RaftServerImpl.java:815)
	at org.apache.ratis.util.JavaUtils.callAsUnchecked(JavaUtils.java:117)
	at org.apache.ratis.server.impl.RaftServerImpl.lambda$executeSubmitClientRequestAsync$13(RaftServerImpl.java:815)
	at java.util.concurrent.CompletableFuture$AsyncSupply.run(CompletableFuture.java:1604)
	... 3 more
Caused by: org.apache.hadoop.hdds.scm.container.common.helpers.ContainerNotOpenException: Container 1 in QUASI_CLOSED state
	at sun.reflect.NativeConstructorAccessorImpl.newInstance0(Native Method)
	at sun.reflect.NativeConstructorAccessorImpl.newInstance(NativeConstructorAccessorImpl.java:62)
	at sun.reflect.DelegatingConstructorAccessorImpl.newInstance(DelegatingConstructorAccessorImpl.java:45)
	at java.lang.reflect.Constructor.newInstance(Constructor.java:423)
	at org.apache.ratis.util.ReflectionUtils.instantiateException(ReflectionUtils.java:259)
	at org.apache.ratis.client.impl.ClientProtoUtils.toStateMachineException(ClientProtoUtils.java:426)
	at org.apache.ratis.client.impl.ClientProtoUtils.toStateMachineException(ClientProtoUtils.java:412)
	at org.apache.ratis.client.impl.ClientProtoUtils.toRaftClientReply(ClientProtoUtils.java:383)
	at org.apache.ratis.grpc.client.GrpcClientProtocolClient$AsyncStreamObservers$1.onNext(GrpcClientProtocolClient.java:310)
	at org.apache.ratis.grpc.client.GrpcClientProtocolClient$AsyncStreamObservers$1.onNext(GrpcClientProtocolClient.java:305)
	at org.apache.ratis.thirdparty.io.grpc.stub.ClientCalls$StreamObserverToCallListenerAdapter.onMessage(ClientCalls.java:474)
	at org.apache.ratis.thirdparty.io.grpc.ForwardingClientCallListener.onMessage(ForwardingClientCallListener.java:33)
	at org.apache.ratis.thirdparty.io.grpc.internal.ClientCallImpl$ClientStreamListenerImpl$1MessagesAvailable.runInternal(ClientCallImpl.java:661)
	at org.apache.ratis.thirdparty.io.grpc.internal.ClientCallImpl$ClientStreamListenerImpl$1MessagesAvailable.runInContext(ClientCallImpl.java:646)
	at org.apache.ratis.thirdparty.io.grpc.internal.ContextRunnable.run(ContextRunnable.java:37)
	at org.apache.ratis.thirdparty.io.grpc.internal.SerializingExecutor.run(SerializingExecutor.java:133)
	... 3 more
]]></system-out>
  </testcase>
  <testcase name="testContainerStateMachineSingleFailureRetry" classname="org.apache.hadoop.ozone.client.rpc.TestContainerStateMachineFailures" time="15.03">
    <system-out><![CDATA[2023-04-22 02:18:24,524 [FixedThreadPoolWithAffinityExecutor-9-0] WARN  container.ContainerReportHandler (AbstractContainerReportHandler.java:updateContainerState(259)) - Container #1 is in OPEN state, but the datanode 6aaf5ca8-0737-4296-ba95-7f0e9402c55b(fv-az443-428.ap2fcshprsnunfx25e1aelzb4b.cx.internal.cloudapp.net/10.1.0.20) reports an QUASI_CLOSED replica.
2023-04-22 02:18:24,528 [ChunkWriter-2-0] ERROR helpers.ContainerUtils (ContainerUtils.java:getChunkDir(269)) - Chunks dir /home/runner/work/ozone/ozone/hadoop-ozone/integration-test/target/test-dir/MiniOzoneClusterImpl-b640deff-6994-498f-92ea-4ac5c972f0d8/datanode-3/data-0/containers/hdds/b640deff-6994-498f-92ea-4ac5c972f0d8/current/containerDir0/2/chunks does not exist
2023-04-22 02:18:24,528 [ChunkWriter-2-0] INFO  keyvalue.KeyValueHandler (ContainerUtils.java:logAndReturnError(91)) - Operation: WriteChunk , Trace ID:  , Message: Chunks directory /home/runner/work/ozone/ozone/hadoop-ozone/integration-test/target/test-dir/MiniOzoneClusterImpl-b640deff-6994-498f-92ea-4ac5c972f0d8/datanode-3/data-0/containers/hdds/b640deff-6994-498f-92ea-4ac5c972f0d8/current/containerDir0/2/chunks does not exist. , Result: UNABLE_TO_FIND_DATA_DIR , StorageContainerException Occurred.
org.apache.hadoop.hdds.scm.container.common.helpers.StorageContainerException: Chunks directory /home/runner/work/ozone/ozone/hadoop-ozone/integration-test/target/test-dir/MiniOzoneClusterImpl-b640deff-6994-498f-92ea-4ac5c972f0d8/datanode-3/data-0/containers/hdds/b640deff-6994-498f-92ea-4ac5c972f0d8/current/containerDir0/2/chunks does not exist.
	at org.apache.hadoop.ozone.container.common.helpers.ContainerUtils.getChunkDir(ContainerUtils.java:271)
	at org.apache.hadoop.ozone.container.common.impl.ContainerLayoutVersion.getChunkFile(ContainerLayoutVersion.java:125)
	at org.apache.hadoop.ozone.container.keyvalue.impl.FilePerBlockStrategy.getChunkFile(FilePerBlockStrategy.java:257)
	at org.apache.hadoop.ozone.container.keyvalue.impl.FilePerBlockStrategy.writeChunk(FilePerBlockStrategy.java:139)
	at org.apache.hadoop.ozone.container.keyvalue.impl.ChunkManagerDispatcher.writeChunk(ChunkManagerDispatcher.java:75)
	at org.apache.hadoop.ozone.container.keyvalue.KeyValueHandler.handleWriteChunk(KeyValueHandler.java:832)
	at org.apache.hadoop.ozone.container.keyvalue.KeyValueHandler.dispatchRequest(KeyValueHandler.java:273)
	at org.apache.hadoop.ozone.container.keyvalue.KeyValueHandler.handle(KeyValueHandler.java:232)
	at org.apache.hadoop.ozone.container.common.impl.HddsDispatcher.dispatchRequest(HddsDispatcher.java:320)
	at org.apache.hadoop.ozone.container.common.impl.HddsDispatcher.lambda$dispatch$0(HddsDispatcher.java:171)
	at org.apache.hadoop.hdds.server.OzoneProtocolMessageDispatcher.processRequest(OzoneProtocolMessageDispatcher.java:87)
	at org.apache.hadoop.ozone.container.common.impl.HddsDispatcher.dispatch(HddsDispatcher.java:170)
	at org.apache.hadoop.ozone.container.common.transport.server.ratis.ContainerStateMachine.dispatchCommand(ContainerStateMachine.java:439)
	at org.apache.hadoop.ozone.container.common.transport.server.ratis.ContainerStateMachine.runCommand(ContainerStateMachine.java:449)
	at org.apache.hadoop.ozone.container.common.transport.server.ratis.ContainerStateMachine.lambda$handleWriteChunk$2(ContainerStateMachine.java:495)
	at java.util.concurrent.CompletableFuture$AsyncSupply.run(CompletableFuture.java:1604)
	at java.util.concurrent.ThreadPoolExecutor.runWorker(ThreadPoolExecutor.java:1149)
	at java.util.concurrent.ThreadPoolExecutor$Worker.run(ThreadPoolExecutor.java:624)
	at java.lang.Thread.run(Thread.java:750)
2023-04-22 02:18:24,532 [ChunkWriter-2-0] WARN  keyvalue.KeyValueContainer (KeyValueContainer.java:markContainerUnhealthy(348)) - Moving container /home/runner/work/ozone/ozone/hadoop-ozone/integration-test/target/test-dir/MiniOzoneClusterImpl-b640deff-6994-498f-92ea-4ac5c972f0d8/datanode-3/data-0/containers/hdds/b640deff-6994-498f-92ea-4ac5c972f0d8/current/containerDir0/2 to state UNHEALTHY from state:OPEN
2023-04-22 02:18:24,532 [ChunkWriter-2-0] INFO  impl.HddsDispatcher (HddsDispatcher.java:dispatchRequest(361)) - Marked Container UNHEALTHY, ContainerID: 2
2023-04-22 02:18:24,533 [ChunkWriter-2-0] ERROR helpers.ContainerUtils (ContainerUtils.java:getChunkDir(269)) - Chunks dir /home/runner/work/ozone/ozone/hadoop-ozone/integration-test/target/test-dir/MiniOzoneClusterImpl-b640deff-6994-498f-92ea-4ac5c972f0d8/datanode-5/data-0/containers/hdds/b640deff-6994-498f-92ea-4ac5c972f0d8/current/containerDir0/2/chunks does not exist
2023-04-22 02:18:24,535 [ChunkWriter-2-0] INFO  keyvalue.KeyValueHandler (ContainerUtils.java:logAndReturnError(91)) - Operation: WriteChunk , Trace ID:  , Message: Chunks directory /home/runner/work/ozone/ozone/hadoop-ozone/integration-test/target/test-dir/MiniOzoneClusterImpl-b640deff-6994-498f-92ea-4ac5c972f0d8/datanode-5/data-0/containers/hdds/b640deff-6994-498f-92ea-4ac5c972f0d8/current/containerDir0/2/chunks does not exist. , Result: UNABLE_TO_FIND_DATA_DIR , StorageContainerException Occurred.
org.apache.hadoop.hdds.scm.container.common.helpers.StorageContainerException: Chunks directory /home/runner/work/ozone/ozone/hadoop-ozone/integration-test/target/test-dir/MiniOzoneClusterImpl-b640deff-6994-498f-92ea-4ac5c972f0d8/datanode-5/data-0/containers/hdds/b640deff-6994-498f-92ea-4ac5c972f0d8/current/containerDir0/2/chunks does not exist.
	at org.apache.hadoop.ozone.container.common.helpers.ContainerUtils.getChunkDir(ContainerUtils.java:271)
	at org.apache.hadoop.ozone.container.common.impl.ContainerLayoutVersion.getChunkFile(ContainerLayoutVersion.java:125)
	at org.apache.hadoop.ozone.container.keyvalue.impl.FilePerBlockStrategy.getChunkFile(FilePerBlockStrategy.java:257)
	at org.apache.hadoop.ozone.container.keyvalue.impl.FilePerBlockStrategy.writeChunk(FilePerBlockStrategy.java:139)
	at org.apache.hadoop.ozone.container.keyvalue.impl.ChunkManagerDispatcher.writeChunk(ChunkManagerDispatcher.java:75)
	at org.apache.hadoop.ozone.container.keyvalue.KeyValueHandler.handleWriteChunk(KeyValueHandler.java:832)
	at org.apache.hadoop.ozone.container.keyvalue.KeyValueHandler.dispatchRequest(KeyValueHandler.java:273)
	at org.apache.hadoop.ozone.container.keyvalue.KeyValueHandler.handle(KeyValueHandler.java:232)
	at org.apache.hadoop.ozone.container.common.impl.HddsDispatcher.dispatchRequest(HddsDispatcher.java:320)
	at org.apache.hadoop.ozone.container.common.impl.HddsDispatcher.lambda$dispatch$0(HddsDispatcher.java:171)
	at org.apache.hadoop.hdds.server.OzoneProtocolMessageDispatcher.processRequest(OzoneProtocolMessageDispatcher.java:87)
	at org.apache.hadoop.ozone.container.common.impl.HddsDispatcher.dispatch(HddsDispatcher.java:170)
	at org.apache.hadoop.ozone.container.common.transport.server.ratis.ContainerStateMachine.dispatchCommand(ContainerStateMachine.java:439)
	at org.apache.hadoop.ozone.container.common.transport.server.ratis.ContainerStateMachine.runCommand(ContainerStateMachine.java:449)
	at org.apache.hadoop.ozone.container.common.transport.server.ratis.ContainerStateMachine.lambda$handleWriteChunk$2(ContainerStateMachine.java:495)
	at java.util.concurrent.CompletableFuture$AsyncSupply.run(CompletableFuture.java:1604)
	at java.util.concurrent.ThreadPoolExecutor.runWorker(ThreadPoolExecutor.java:1149)
	at java.util.concurrent.ThreadPoolExecutor$Worker.run(ThreadPoolExecutor.java:624)
	at java.lang.Thread.run(Thread.java:750)
2023-04-22 02:18:24,538 [FixedThreadPoolWithAffinityExecutor-0-0] WARN  container.IncrementalContainerReportHandler (AbstractContainerReportHandler.java:updateContainerState(259)) - Container #2 is in OPEN state, but the datanode 1fa0605c-c70f-40a8-a13c-0f797dcff94f(fv-az443-428.ap2fcshprsnunfx25e1aelzb4b.cx.internal.cloudapp.net/10.1.0.20) reports an UNHEALTHY replica.
2023-04-22 02:18:24,541 [ChunkWriter-2-0] WARN  keyvalue.KeyValueContainer (KeyValueContainer.java:markContainerUnhealthy(348)) - Moving container /home/runner/work/ozone/ozone/hadoop-ozone/integration-test/target/test-dir/MiniOzoneClusterImpl-b640deff-6994-498f-92ea-4ac5c972f0d8/datanode-5/data-0/containers/hdds/b640deff-6994-498f-92ea-4ac5c972f0d8/current/containerDir0/2 to state UNHEALTHY from state:OPEN
2023-04-22 02:18:24,541 [ChunkWriter-2-0] INFO  impl.HddsDispatcher (HddsDispatcher.java:dispatchRequest(361)) - Marked Container UNHEALTHY, ContainerID: 2
2023-04-22 02:18:24,544 [FixedThreadPoolWithAffinityExecutor-8-0] WARN  container.ContainerReportHandler (AbstractContainerReportHandler.java:updateContainerState(259)) - Container #2 is in OPEN state, but the datanode b7c32ab9-1d10-40a2-8298-2f54da75b521(fv-az443-428.ap2fcshprsnunfx25e1aelzb4b.cx.internal.cloudapp.net/10.1.0.20) reports an UNHEALTHY replica.
2023-04-22 02:18:24,544 [FixedThreadPoolWithAffinityExecutor-8-0] WARN  container.IncrementalContainerReportHandler (AbstractContainerReportHandler.java:updateContainerState(259)) - Container #2 is in OPEN state, but the datanode b7c32ab9-1d10-40a2-8298-2f54da75b521(fv-az443-428.ap2fcshprsnunfx25e1aelzb4b.cx.internal.cloudapp.net/10.1.0.20) reports an UNHEALTHY replica.
02:18:24.549 [ChunkWriter-2-0] ERROR DNAudit - user=null | ip=null | op=WRITE_CHUNK {blockData=conID: 2 locID: 111677748019200002 bcsId: 3} | ret=FAILURE
java.lang.Exception: Chunks directory /home/runner/work/ozone/ozone/hadoop-ozone/integration-test/target/test-dir/MiniOzoneClusterImpl-b640deff-6994-498f-92ea-4ac5c972f0d8/datanode-5/data-0/containers/hdds/b640deff-6994-498f-92ea-4ac5c972f0d8/current/containerDir0/2/chunks does not exist.
	at org.apache.hadoop.ozone.container.common.impl.HddsDispatcher.dispatchRequest(HddsDispatcher.java:389) ~[hdds-container-service-1.4.0-SNAPSHOT.jar:?]
	at org.apache.hadoop.ozone.container.common.impl.HddsDispatcher.lambda$dispatch$0(HddsDispatcher.java:171) ~[hdds-container-service-1.4.0-SNAPSHOT.jar:?]
	at org.apache.hadoop.hdds.server.OzoneProtocolMessageDispatcher.processRequest(OzoneProtocolMessageDispatcher.java:87) ~[hdds-server-framework-1.4.0-SNAPSHOT.jar:?]
	at org.apache.hadoop.ozone.container.common.impl.HddsDispatcher.dispatch(HddsDispatcher.java:170) ~[hdds-container-service-1.4.0-SNAPSHOT.jar:?]
	at org.apache.hadoop.ozone.container.common.transport.server.ratis.ContainerStateMachine.dispatchCommand(ContainerStateMachine.java:439) ~[hdds-container-service-1.4.0-SNAPSHOT.jar:?]
	at org.apache.hadoop.ozone.container.common.transport.server.ratis.ContainerStateMachine.runCommand(ContainerStateMachine.java:449) ~[hdds-container-service-1.4.0-SNAPSHOT.jar:?]
	at org.apache.hadoop.ozone.container.common.transport.server.ratis.ContainerStateMachine.lambda$handleWriteChunk$2(ContainerStateMachine.java:495) ~[hdds-container-service-1.4.0-SNAPSHOT.jar:?]
	at java.util.concurrent.CompletableFuture$AsyncSupply.run(CompletableFuture.java:1604) [?:1.8.0_362]
	at java.util.concurrent.ThreadPoolExecutor.runWorker(ThreadPoolExecutor.java:1149) [?:1.8.0_362]
	at java.util.concurrent.ThreadPoolExecutor$Worker.run(ThreadPoolExecutor.java:624) [?:1.8.0_362]
	at java.lang.Thread.run(Thread.java:750) [?:1.8.0_362]
2023-04-22 02:18:24,549 [ChunkWriter-2-0] ERROR ratis.ContainerStateMachine (ContainerStateMachine.java:lambda$handleWriteChunk$3(523)) - group-98770BDE7CB1: writeChunk writeStateMachineData failed: blockIdcontainerID: 2
localID: 111677748019200002
blockCommitSequenceId: 3
replicaIndex: 0
 logIndex 5 chunkName 111677748019200002_chunk_2 Error message: Chunks directory /home/runner/work/ozone/ozone/hadoop-ozone/integration-test/target/test-dir/MiniOzoneClusterImpl-b640deff-6994-498f-92ea-4ac5c972f0d8/datanode-5/data-0/containers/hdds/b640deff-6994-498f-92ea-4ac5c972f0d8/current/containerDir0/2/chunks does not exist. Container Result: UNABLE_TO_FIND_DATA_DIR
02:18:24.555 [ChunkWriter-2-0] ERROR DNAudit - user=null | ip=null | op=WRITE_CHUNK {blockData=conID: 2 locID: 111677748019200002 bcsId: 3} | ret=FAILURE
java.lang.Exception: Chunks directory /home/runner/work/ozone/ozone/hadoop-ozone/integration-test/target/test-dir/MiniOzoneClusterImpl-b640deff-6994-498f-92ea-4ac5c972f0d8/datanode-3/data-0/containers/hdds/b640deff-6994-498f-92ea-4ac5c972f0d8/current/containerDir0/2/chunks does not exist.
	at org.apache.hadoop.ozone.container.common.impl.HddsDispatcher.dispatchRequest(HddsDispatcher.java:389) ~[hdds-container-service-1.4.0-SNAPSHOT.jar:?]
	at org.apache.hadoop.ozone.container.common.impl.HddsDispatcher.lambda$dispatch$0(HddsDispatcher.java:171) ~[hdds-container-service-1.4.0-SNAPSHOT.jar:?]
	at org.apache.hadoop.hdds.server.OzoneProtocolMessageDispatcher.processRequest(OzoneProtocolMessageDispatcher.java:87) ~[hdds-server-framework-1.4.0-SNAPSHOT.jar:?]
	at org.apache.hadoop.ozone.container.common.impl.HddsDispatcher.dispatch(HddsDispatcher.java:170) ~[hdds-container-service-1.4.0-SNAPSHOT.jar:?]
	at org.apache.hadoop.ozone.container.common.transport.server.ratis.ContainerStateMachine.dispatchCommand(ContainerStateMachine.java:439) ~[hdds-container-service-1.4.0-SNAPSHOT.jar:?]
	at org.apache.hadoop.ozone.container.common.transport.server.ratis.ContainerStateMachine.runCommand(ContainerStateMachine.java:449) ~[hdds-container-service-1.4.0-SNAPSHOT.jar:?]
	at org.apache.hadoop.ozone.container.common.transport.server.ratis.ContainerStateMachine.lambda$handleWriteChunk$2(ContainerStateMachine.java:495) ~[hdds-container-service-1.4.0-SNAPSHOT.jar:?]
	at java.util.concurrent.CompletableFuture$AsyncSupply.run(CompletableFuture.java:1604) [?:1.8.0_362]
	at java.util.concurrent.ThreadPoolExecutor.runWorker(ThreadPoolExecutor.java:1149) [?:1.8.0_362]
	at java.util.concurrent.ThreadPoolExecutor$Worker.run(ThreadPoolExecutor.java:624) [?:1.8.0_362]
	at java.lang.Thread.run(Thread.java:750) [?:1.8.0_362]
2023-04-22 02:18:24,555 [ChunkWriter-2-0] ERROR ratis.ContainerStateMachine (ContainerStateMachine.java:lambda$handleWriteChunk$3(523)) - group-98770BDE7CB1: writeChunk writeStateMachineData failed: blockIdcontainerID: 2
localID: 111677748019200002
blockCommitSequenceId: 3
replicaIndex: 0
 logIndex 5 chunkName 111677748019200002_chunk_2 Error message: Chunks directory /home/runner/work/ozone/ozone/hadoop-ozone/integration-test/target/test-dir/MiniOzoneClusterImpl-b640deff-6994-498f-92ea-4ac5c972f0d8/datanode-3/data-0/containers/hdds/b640deff-6994-498f-92ea-4ac5c972f0d8/current/containerDir0/2/chunks does not exist. Container Result: UNABLE_TO_FIND_DATA_DIR
2023-04-22 02:18:24,563 [b7c32ab9-1d10-40a2-8298-2f54da75b521@group-98770BDE7CB1-SegmentedRaftLogWorker] ERROR ratis.XceiverServerRatis (XceiverServerRatis.java:triggerPipelineClose(719)) - pipeline Action CLOSE on pipeline PipelineID=3756dc69-1fb3-4329-b2d6-98770bde7cb1.Reason : Chunks directory /home/runner/work/ozone/ozone/hadoop-ozone/integration-test/target/test-dir/MiniOzoneClusterImpl-b640deff-6994-498f-92ea-4ac5c972f0d8/datanode-5/data-0/containers/hdds/b640deff-6994-498f-92ea-4ac5c972f0d8/current/containerDir0/2/chunks does not exist.
2023-04-22 02:18:24,563 [1fa0605c-c70f-40a8-a13c-0f797dcff94f@group-98770BDE7CB1-SegmentedRaftLogWorker] ERROR ratis.XceiverServerRatis (XceiverServerRatis.java:triggerPipelineClose(719)) - pipeline Action CLOSE on pipeline PipelineID=3756dc69-1fb3-4329-b2d6-98770bde7cb1.Reason : Chunks directory /home/runner/work/ozone/ozone/hadoop-ozone/integration-test/target/test-dir/MiniOzoneClusterImpl-b640deff-6994-498f-92ea-4ac5c972f0d8/datanode-3/data-0/containers/hdds/b640deff-6994-498f-92ea-4ac5c972f0d8/current/containerDir0/2/chunks does not exist.
2023-04-22 02:18:24,565 [b7c32ab9-1d10-40a2-8298-2f54da75b521-server-thread1] WARN  server.GrpcServerProtocolService (LogUtils.java:warn(124)) - b7c32ab9-1d10-40a2-8298-2f54da75b521: Failed APPEND_ENTRIES request 1d143142-2b08-4d43-93ad-ad0adf4c04aa->b7c32ab9-1d10-40a2-8298-2f54da75b521#18-t1,previous=(t:1, i:4),leaderCommit=4,initializing? true,entries: size=1, first=(t:1, i:5), STATEMACHINELOGENTRY, 23@client-C4C23344A23C
java.util.concurrent.CompletionException: org.apache.hadoop.hdds.scm.container.common.helpers.StorageContainerException: Chunks directory /home/runner/work/ozone/ozone/hadoop-ozone/integration-test/target/test-dir/MiniOzoneClusterImpl-b640deff-6994-498f-92ea-4ac5c972f0d8/datanode-5/data-0/containers/hdds/b640deff-6994-498f-92ea-4ac5c972f0d8/current/containerDir0/2/chunks does not exist.
	at java.util.concurrent.CompletableFuture.encodeThrowable(CompletableFuture.java:292)
	at java.util.concurrent.CompletableFuture.completeThrowable(CompletableFuture.java:308)
	at java.util.concurrent.CompletableFuture.biRelay(CompletableFuture.java:1298)
	at java.util.concurrent.CompletableFuture$BiRelay.tryFire(CompletableFuture.java:1284)
	at java.util.concurrent.CompletableFuture.postComplete(CompletableFuture.java:488)
	at java.util.concurrent.CompletableFuture.completeExceptionally(CompletableFuture.java:1990)
	at org.apache.ratis.server.raftlog.segmented.SegmentedRaftLog$Task.failed(SegmentedRaftLog.java:104)
	at org.apache.ratis.server.raftlog.segmented.SegmentedRaftLogWorker$WriteLog.failed(SegmentedRaftLogWorker.java:540)
	at org.apache.ratis.server.raftlog.segmented.SegmentedRaftLogWorker.run(SegmentedRaftLogWorker.java:330)
	at java.lang.Thread.run(Thread.java:750)
Caused by: org.apache.hadoop.hdds.scm.container.common.helpers.StorageContainerException: Chunks directory /home/runner/work/ozone/ozone/hadoop-ozone/integration-test/target/test-dir/MiniOzoneClusterImpl-b640deff-6994-498f-92ea-4ac5c972f0d8/datanode-5/data-0/containers/hdds/b640deff-6994-498f-92ea-4ac5c972f0d8/current/containerDir0/2/chunks does not exist.
	at org.apache.hadoop.ozone.container.common.transport.server.ratis.ContainerStateMachine.lambda$handleWriteChunk$3(ContainerStateMachine.java:522)
	at java.util.concurrent.CompletableFuture.uniApply(CompletableFuture.java:616)
	at java.util.concurrent.CompletableFuture$UniApply.tryFire(CompletableFuture.java:591)
	at java.util.concurrent.CompletableFuture.postComplete(CompletableFuture.java:488)
	at java.util.concurrent.CompletableFuture$AsyncSupply.run(CompletableFuture.java:1609)
	at java.util.concurrent.ThreadPoolExecutor.runWorker(ThreadPoolExecutor.java:1149)
	at java.util.concurrent.ThreadPoolExecutor$Worker.run(ThreadPoolExecutor.java:624)
	... 1 more
2023-04-22 02:18:24,577 [EventQueue-PipelineActionsForPipelineActionHandler] INFO  pipeline.PipelineActionHandler (PipelineActionHandler.java:processPipelineAction(83)) - Received pipeline action CLOSE for PipelineID=3756dc69-1fb3-4329-b2d6-98770bde7cb1 from datanode 1fa0605c-c70f-40a8-a13c-0f797dcff94f. Reason : Chunks directory /home/runner/work/ozone/ozone/hadoop-ozone/integration-test/target/test-dir/MiniOzoneClusterImpl-b640deff-6994-498f-92ea-4ac5c972f0d8/datanode-3/data-0/containers/hdds/b640deff-6994-498f-92ea-4ac5c972f0d8/current/containerDir0/2/chunks does not exist.
2023-04-22 02:18:24,570 [1fa0605c-c70f-40a8-a13c-0f797dcff94f@group-98770BDE7CB1-SegmentedRaftLogWorker] ERROR ratis.XceiverServerRatis (XceiverServerRatis.java:triggerPipelineClose(719)) - pipeline Action CLOSE on pipeline PipelineID=3756dc69-1fb3-4329-b2d6-98770bde7cb1.Reason : Log already failed at index 5 for task WriteLog:5: (t:1, i:5), STATEMACHINELOGENTRY, cmdType: WriteChunk traceID: "" containerID: 2 datanodeUuid: "b7c32ab9-1d10-40a2-8298-2f54da75b521" pipelineID: "3756dc69-1fb3-4329-b2d6-98770bde7cb1" writeChunk { blockID { containerID: 2 localID: 111677748019200002 blockCommitSequenceId: 3 replicaIndex: 0 } chunkData { chunkName: "111677748019200002_chunk_2" offset: 5 len: 10 checksumData { type: CRC32 bytesPerChecksum: 1048576 checksums: "\317\357R*" } } }, container path=/home/runner/work/ozone/ozone/hadoop-ozone/integration-test/target/test-dir/MiniOzoneClusterImpl-b640deff-6994-498f-92ea-4ac5c972f0d8/datanode-3/data-0/containers/hdds/b640deff-6994-498f-92ea-4ac5c972f0d8/current/containerDir0/2
2023-04-22 02:18:24,580 [1fa0605c-c70f-40a8-a13c-0f797dcff94f-server-thread1] WARN  server.GrpcServerProtocolService (LogUtils.java:warn(124)) - 1fa0605c-c70f-40a8-a13c-0f797dcff94f: Failed APPEND_ENTRIES request 1d143142-2b08-4d43-93ad-ad0adf4c04aa->1fa0605c-c70f-40a8-a13c-0f797dcff94f#14-t1,previous=(t:1, i:5),leaderCommit=4,initializing? true,entries: size=1, first=(t:1, i:6), STATEMACHINELOGENTRY, 24@client-C4C23344A23C
java.util.concurrent.CompletionException: org.apache.ratis.server.raftlog.RaftLogIOException: Log already failed at index 5 for task WriteLog:5: (t:1, i:5), STATEMACHINELOGENTRY, cmdType: WriteChunk traceID: "" containerID: 2 datanodeUuid: "b7c32ab9-1d10-40a2-8298-2f54da75b521" pipelineID: "3756dc69-1fb3-4329-b2d6-98770bde7cb1" writeChunk { blockID { containerID: 2 localID: 111677748019200002 blockCommitSequenceId: 3 replicaIndex: 0 } chunkData { chunkName: "111677748019200002_chunk_2" offset: 5 len: 10 checksumData { type: CRC32 bytesPerChecksum: 1048576 checksums: "\317\357R*" } } }, container path=/home/runner/work/ozone/ozone/hadoop-ozone/integration-test/target/test-dir/MiniOzoneClusterImpl-b640deff-6994-498f-92ea-4ac5c972f0d8/datanode-3/data-0/containers/hdds/b640deff-6994-498f-92ea-4ac5c972f0d8/current/containerDir0/2
	at java.util.concurrent.CompletableFuture.encodeThrowable(CompletableFuture.java:292)
	at java.util.concurrent.CompletableFuture.completeThrowable(CompletableFuture.java:308)
	at java.util.concurrent.CompletableFuture.biRelay(CompletableFuture.java:1298)
	at java.util.concurrent.CompletableFuture$BiRelay.tryFire(CompletableFuture.java:1284)
	at java.util.concurrent.CompletableFuture.postComplete(CompletableFuture.java:488)
	at java.util.concurrent.CompletableFuture.completeExceptionally(CompletableFuture.java:1990)
	at org.apache.ratis.server.raftlog.segmented.SegmentedRaftLog$Task.failed(SegmentedRaftLog.java:104)
	at org.apache.ratis.server.raftlog.segmented.SegmentedRaftLogWorker$WriteLog.failed(SegmentedRaftLogWorker.java:540)
	at org.apache.ratis.server.raftlog.segmented.SegmentedRaftLogWorker.run(SegmentedRaftLogWorker.java:330)
	at java.lang.Thread.run(Thread.java:750)
Caused by: org.apache.ratis.server.raftlog.RaftLogIOException: Log already failed at index 5 for task WriteLog:5: (t:1, i:5), STATEMACHINELOGENTRY, cmdType: WriteChunk traceID: "" containerID: 2 datanodeUuid: "b7c32ab9-1d10-40a2-8298-2f54da75b521" pipelineID: "3756dc69-1fb3-4329-b2d6-98770bde7cb1" writeChunk { blockID { containerID: 2 localID: 111677748019200002 blockCommitSequenceId: 3 replicaIndex: 0 } chunkData { chunkName: "111677748019200002_chunk_2" offset: 5 len: 10 checksumData { type: CRC32 bytesPerChecksum: 1048576 checksums: "\317\357R*" } } }, container path=/home/runner/work/ozone/ozone/hadoop-ozone/integration-test/target/test-dir/MiniOzoneClusterImpl-b640deff-6994-498f-92ea-4ac5c972f0d8/datanode-3/data-0/containers/hdds/b640deff-6994-498f-92ea-4ac5c972f0d8/current/containerDir0/2
	at org.apache.ratis.server.raftlog.segmented.SegmentedRaftLogWorker.run(SegmentedRaftLogWorker.java:333)
	... 1 more
Caused by: org.apache.hadoop.hdds.scm.container.common.helpers.StorageContainerException: Chunks directory /home/runner/work/ozone/ozone/hadoop-ozone/integration-test/target/test-dir/MiniOzoneClusterImpl-b640deff-6994-498f-92ea-4ac5c972f0d8/datanode-3/data-0/containers/hdds/b640deff-6994-498f-92ea-4ac5c972f0d8/current/containerDir0/2/chunks does not exist.
	at org.apache.hadoop.ozone.container.common.transport.server.ratis.ContainerStateMachine.lambda$handleWriteChunk$3(ContainerStateMachine.java:522)
	at java.util.concurrent.CompletableFuture.uniApply(CompletableFuture.java:616)
	at java.util.concurrent.CompletableFuture$UniApply.tryFire(CompletableFuture.java:591)
	at java.util.concurrent.CompletableFuture.postComplete(CompletableFuture.java:488)
	at java.util.concurrent.CompletableFuture$AsyncSupply.run(CompletableFuture.java:1609)
	at java.util.concurrent.ThreadPoolExecutor.runWorker(ThreadPoolExecutor.java:1149)
	at java.util.concurrent.ThreadPoolExecutor$Worker.run(ThreadPoolExecutor.java:624)
	... 1 more
2023-04-22 02:18:24,574 [b7c32ab9-1d10-40a2-8298-2f54da75b521@group-98770BDE7CB1-SegmentedRaftLogWorker] ERROR ratis.XceiverServerRatis (XceiverServerRatis.java:triggerPipelineClose(719)) - pipeline Action CLOSE on pipeline PipelineID=3756dc69-1fb3-4329-b2d6-98770bde7cb1.Reason : Log already failed at index 5 for task WriteLog:5: (t:1, i:5), STATEMACHINELOGENTRY, cmdType: WriteChunk traceID: "" containerID: 2 datanodeUuid: "b7c32ab9-1d10-40a2-8298-2f54da75b521" pipelineID: "3756dc69-1fb3-4329-b2d6-98770bde7cb1" writeChunk { blockID { containerID: 2 localID: 111677748019200002 blockCommitSequenceId: 3 replicaIndex: 0 } chunkData { chunkName: "111677748019200002_chunk_2" offset: 5 len: 10 checksumData { type: CRC32 bytesPerChecksum: 1048576 checksums: "\317\357R*" } } }, container path=/home/runner/work/ozone/ozone/hadoop-ozone/integration-test/target/test-dir/MiniOzoneClusterImpl-b640deff-6994-498f-92ea-4ac5c972f0d8/datanode-5/data-0/containers/hdds/b640deff-6994-498f-92ea-4ac5c972f0d8/current/containerDir0/2
2023-04-22 02:18:24,565 [1fa0605c-c70f-40a8-a13c-0f797dcff94f-server-thread4] WARN  server.GrpcServerProtocolService (LogUtils.java:warn(124)) - 1fa0605c-c70f-40a8-a13c-0f797dcff94f: Failed APPEND_ENTRIES request 1d143142-2b08-4d43-93ad-ad0adf4c04aa->1fa0605c-c70f-40a8-a13c-0f797dcff94f#13-t1,previous=(t:1, i:4),leaderCommit=4,initializing? true,entries: size=1, first=(t:1, i:5), STATEMACHINELOGENTRY, 23@client-C4C23344A23C
java.util.concurrent.CompletionException: org.apache.hadoop.hdds.scm.container.common.helpers.StorageContainerException: Chunks directory /home/runner/work/ozone/ozone/hadoop-ozone/integration-test/target/test-dir/MiniOzoneClusterImpl-b640deff-6994-498f-92ea-4ac5c972f0d8/datanode-3/data-0/containers/hdds/b640deff-6994-498f-92ea-4ac5c972f0d8/current/containerDir0/2/chunks does not exist.
	at java.util.concurrent.CompletableFuture.encodeThrowable(CompletableFuture.java:292)
	at java.util.concurrent.CompletableFuture.completeThrowable(CompletableFuture.java:308)
	at java.util.concurrent.CompletableFuture.biRelay(CompletableFuture.java:1298)
	at java.util.concurrent.CompletableFuture$BiRelay.tryFire(CompletableFuture.java:1284)
	at java.util.concurrent.CompletableFuture.postComplete(CompletableFuture.java:488)
	at java.util.concurrent.CompletableFuture.completeExceptionally(CompletableFuture.java:1990)
	at org.apache.ratis.server.raftlog.segmented.SegmentedRaftLog$Task.failed(SegmentedRaftLog.java:104)
	at org.apache.ratis.server.raftlog.segmented.SegmentedRaftLogWorker$WriteLog.failed(SegmentedRaftLogWorker.java:540)
	at org.apache.ratis.server.raftlog.segmented.SegmentedRaftLogWorker.run(SegmentedRaftLogWorker.java:330)
	at java.lang.Thread.run(Thread.java:750)
Caused by: org.apache.hadoop.hdds.scm.container.common.helpers.StorageContainerException: Chunks directory /home/runner/work/ozone/ozone/hadoop-ozone/integration-test/target/test-dir/MiniOzoneClusterImpl-b640deff-6994-498f-92ea-4ac5c972f0d8/datanode-3/data-0/containers/hdds/b640deff-6994-498f-92ea-4ac5c972f0d8/current/containerDir0/2/chunks does not exist.
	at org.apache.hadoop.ozone.container.common.transport.server.ratis.ContainerStateMachine.lambda$handleWriteChunk$3(ContainerStateMachine.java:522)
	at java.util.concurrent.CompletableFuture.uniApply(CompletableFuture.java:616)
	at java.util.concurrent.CompletableFuture$UniApply.tryFire(CompletableFuture.java:591)
	at java.util.concurrent.CompletableFuture.postComplete(CompletableFuture.java:488)
	at java.util.concurrent.CompletableFuture$AsyncSupply.run(CompletableFuture.java:1609)
	at java.util.concurrent.ThreadPoolExecutor.runWorker(ThreadPoolExecutor.java:1149)
	at java.util.concurrent.ThreadPoolExecutor$Worker.run(ThreadPoolExecutor.java:624)
	... 1 more
2023-04-22 02:18:24,602 [grpc-default-executor-5] WARN  server.GrpcLogAppender (LogUtils.java:warn(124)) - 1d143142-2b08-4d43-93ad-ad0adf4c04aa@group-98770BDE7CB1->1fa0605c-c70f-40a8-a13c-0f797dcff94f-AppendLogResponseHandler: Failed appendEntries
org.apache.ratis.server.raftlog.RaftLogIOException: Log already failed at index 5 for task WriteLog:5: (t:1, i:5), STATEMACHINELOGENTRY, cmdType: WriteChunk traceID: "" containerID: 2 datanodeUuid: "b7c32ab9-1d10-40a2-8298-2f54da75b521" pipelineID: "3756dc69-1fb3-4329-b2d6-98770bde7cb1" writeChunk { blockID { containerID: 2 localID: 111677748019200002 blockCommitSequenceId: 3 replicaIndex: 0 } chunkData { chunkName: "111677748019200002_chunk_2" offset: 5 len: 10 checksumData { type: CRC32 bytesPerChecksum: 1048576 checksums: "\317\357R*" } } }, container path=/home/runner/work/ozone/ozone/hadoop-ozone/integration-test/target/test-dir/MiniOzoneClusterImpl-b640deff-6994-498f-92ea-4ac5c972f0d8/datanode-3/data-0/containers/hdds/b640deff-6994-498f-92ea-4ac5c972f0d8/current/containerDir0/2
	at org.apache.ratis.server.raftlog.segmented.SegmentedRaftLogWorker.run(SegmentedRaftLogWorker.java:333)
	at java.lang.Thread.run(Thread.java:750)
Caused by: org.apache.hadoop.hdds.scm.container.common.helpers.StorageContainerException: Chunks directory /home/runner/work/ozone/ozone/hadoop-ozone/integration-test/target/test-dir/MiniOzoneClusterImpl-b640deff-6994-498f-92ea-4ac5c972f0d8/datanode-3/data-0/containers/hdds/b640deff-6994-498f-92ea-4ac5c972f0d8/current/containerDir0/2/chunks does not exist.
	at org.apache.hadoop.ozone.container.common.transport.server.ratis.ContainerStateMachine.lambda$handleWriteChunk$3(ContainerStateMachine.java:522)
	at java.util.concurrent.CompletableFuture.uniApply(CompletableFuture.java:616)
	at java.util.concurrent.CompletableFuture$UniApply.tryFire(CompletableFuture.java:591)
	at java.util.concurrent.CompletableFuture.postComplete(CompletableFuture.java:488)
	at java.util.concurrent.CompletableFuture$AsyncSupply.run(CompletableFuture.java:1609)
	at java.util.concurrent.ThreadPoolExecutor.runWorker(ThreadPoolExecutor.java:1149)
	at java.util.concurrent.ThreadPoolExecutor$Worker.run(ThreadPoolExecutor.java:624)
	... 1 more
2023-04-22 02:18:24,602 [b7c32ab9-1d10-40a2-8298-2f54da75b521-server-thread1] WARN  server.GrpcServerProtocolService (LogUtils.java:warn(124)) - b7c32ab9-1d10-40a2-8298-2f54da75b521: Failed APPEND_ENTRIES request 1d143142-2b08-4d43-93ad-ad0adf4c04aa->b7c32ab9-1d10-40a2-8298-2f54da75b521#19-t1,previous=(t:1, i:5),leaderCommit=4,initializing? true,entries: size=1, first=(t:1, i:6), STATEMACHINELOGENTRY, 24@client-C4C23344A23C
java.util.concurrent.CompletionException: org.apache.ratis.server.raftlog.RaftLogIOException: Log already failed at index 5 for task WriteLog:5: (t:1, i:5), STATEMACHINELOGENTRY, cmdType: WriteChunk traceID: "" containerID: 2 datanodeUuid: "b7c32ab9-1d10-40a2-8298-2f54da75b521" pipelineID: "3756dc69-1fb3-4329-b2d6-98770bde7cb1" writeChunk { blockID { containerID: 2 localID: 111677748019200002 blockCommitSequenceId: 3 replicaIndex: 0 } chunkData { chunkName: "111677748019200002_chunk_2" offset: 5 len: 10 checksumData { type: CRC32 bytesPerChecksum: 1048576 checksums: "\317\357R*" } } }, container path=/home/runner/work/ozone/ozone/hadoop-ozone/integration-test/target/test-dir/MiniOzoneClusterImpl-b640deff-6994-498f-92ea-4ac5c972f0d8/datanode-5/data-0/containers/hdds/b640deff-6994-498f-92ea-4ac5c972f0d8/current/containerDir0/2
	at java.util.concurrent.CompletableFuture.encodeThrowable(CompletableFuture.java:292)
	at java.util.concurrent.CompletableFuture.completeThrowable(CompletableFuture.java:308)
	at java.util.concurrent.CompletableFuture.biRelay(CompletableFuture.java:1298)
	at java.util.concurrent.CompletableFuture$BiRelay.tryFire(CompletableFuture.java:1284)
	at java.util.concurrent.CompletableFuture.postComplete(CompletableFuture.java:488)
	at java.util.concurrent.CompletableFuture.completeExceptionally(CompletableFuture.java:1990)
	at org.apache.ratis.server.raftlog.segmented.SegmentedRaftLog$Task.failed(SegmentedRaftLog.java:104)
	at org.apache.ratis.server.raftlog.segmented.SegmentedRaftLogWorker$WriteLog.failed(SegmentedRaftLogWorker.java:540)
	at org.apache.ratis.server.raftlog.segmented.SegmentedRaftLogWorker.run(SegmentedRaftLogWorker.java:330)
	at java.lang.Thread.run(Thread.java:750)
Caused by: org.apache.ratis.server.raftlog.RaftLogIOException: Log already failed at index 5 for task WriteLog:5: (t:1, i:5), STATEMACHINELOGENTRY, cmdType: WriteChunk traceID: "" containerID: 2 datanodeUuid: "b7c32ab9-1d10-40a2-8298-2f54da75b521" pipelineID: "3756dc69-1fb3-4329-b2d6-98770bde7cb1" writeChunk { blockID { containerID: 2 localID: 111677748019200002 blockCommitSequenceId: 3 replicaIndex: 0 } chunkData { chunkName: "111677748019200002_chunk_2" offset: 5 len: 10 checksumData { type: CRC32 bytesPerChecksum: 1048576 checksums: "\317\357R*" } } }, container path=/home/runner/work/ozone/ozone/hadoop-ozone/integration-test/target/test-dir/MiniOzoneClusterImpl-b640deff-6994-498f-92ea-4ac5c972f0d8/datanode-5/data-0/containers/hdds/b640deff-6994-498f-92ea-4ac5c972f0d8/current/containerDir0/2
	at org.apache.ratis.server.raftlog.segmented.SegmentedRaftLogWorker.run(SegmentedRaftLogWorker.java:333)
	... 1 more
Caused by: org.apache.hadoop.hdds.scm.container.common.helpers.StorageContainerException: Chunks directory /home/runner/work/ozone/ozone/hadoop-ozone/integration-test/target/test-dir/MiniOzoneClusterImpl-b640deff-6994-498f-92ea-4ac5c972f0d8/datanode-5/data-0/containers/hdds/b640deff-6994-498f-92ea-4ac5c972f0d8/current/containerDir0/2/chunks does not exist.
	at org.apache.hadoop.ozone.container.common.transport.server.ratis.ContainerStateMachine.lambda$handleWriteChunk$3(ContainerStateMachine.java:522)
	at java.util.concurrent.CompletableFuture.uniApply(CompletableFuture.java:616)
	at java.util.concurrent.CompletableFuture$UniApply.tryFire(CompletableFuture.java:591)
	at java.util.concurrent.CompletableFuture.postComplete(CompletableFuture.java:488)
	at java.util.concurrent.CompletableFuture$AsyncSupply.run(CompletableFuture.java:1609)
	at java.util.concurrent.ThreadPoolExecutor.runWorker(ThreadPoolExecutor.java:1149)
	at java.util.concurrent.ThreadPoolExecutor$Worker.run(ThreadPoolExecutor.java:624)
	... 1 more
2023-04-22 02:18:24,596 [grpc-default-executor-4] WARN  server.GrpcLogAppender (LogUtils.java:warn(124)) - 1d143142-2b08-4d43-93ad-ad0adf4c04aa@group-98770BDE7CB1->b7c32ab9-1d10-40a2-8298-2f54da75b521-AppendLogResponseHandler: Failed appendEntries
org.apache.hadoop.hdds.scm.container.common.helpers.StorageContainerException: Chunks directory /home/runner/work/ozone/ozone/hadoop-ozone/integration-test/target/test-dir/MiniOzoneClusterImpl-b640deff-6994-498f-92ea-4ac5c972f0d8/datanode-5/data-0/containers/hdds/b640deff-6994-498f-92ea-4ac5c972f0d8/current/containerDir0/2/chunks does not exist.
	at org.apache.hadoop.ozone.container.common.transport.server.ratis.ContainerStateMachine.lambda$handleWriteChunk$3(ContainerStateMachine.java:522)
	at java.util.concurrent.CompletableFuture.uniApply(CompletableFuture.java:616)
	at java.util.concurrent.CompletableFuture$UniApply.tryFire(CompletableFuture.java:591)
	at java.util.concurrent.CompletableFuture.postComplete(CompletableFuture.java:488)
	at java.util.concurrent.CompletableFuture$AsyncSupply.run(CompletableFuture.java:1609)
	at java.util.concurrent.ThreadPoolExecutor.runWorker(ThreadPoolExecutor.java:1149)
	at java.util.concurrent.ThreadPoolExecutor$Worker.run(ThreadPoolExecutor.java:624)
	at java.lang.Thread.run(Thread.java:750)
2023-04-22 02:18:24,591 [EventQueue-CloseContainerForCloseContainerEventHandler] INFO  container.CloseContainerEventHandler (CloseContainerEventHandler.java:onMessage(89)) - Close container Event triggered for container : #2, current state: CLOSING
2023-04-22 02:18:24,609 [grpc-default-executor-5] INFO  leader.FollowerInfo (FollowerInfoImpl.java:lambda$new$0(48)) - 1d143142-2b08-4d43-93ad-ad0adf4c04aa@group-98770BDE7CB1->1fa0605c-c70f-40a8-a13c-0f797dcff94f: nextIndex: updateUnconditionally 7 -> 6
2023-04-22 02:18:24,610 [EventQueue-CloseContainerForCloseContainerEventHandler] INFO  container.CloseContainerEventHandler (CloseContainerEventHandler.java:onMessage(89)) - Close container Event triggered for container : #2, current state: CLOSING
2023-04-22 02:18:24,584 [FixedThreadPoolWithAffinityExecutor-0-0] WARN  container.ContainerReportHandler (AbstractContainerReportHandler.java:updateContainerState(259)) - Container #1 is in OPEN state, but the datanode 4fb9f1f7-4e3b-4bcf-a7e7-c7ddcac09d11(fv-az443-428.ap2fcshprsnunfx25e1aelzb4b.cx.internal.cloudapp.net/10.1.0.20) reports an QUASI_CLOSED replica.
2023-04-22 02:18:24,611 [FixedThreadPoolWithAffinityExecutor-0-0] WARN  container.ContainerReportHandler (AbstractContainerReportHandler.java:updateContainerState(259)) - Container #1 is in OPEN state, but the datanode 44aa5787-a9ca-4d27-a88e-9069c8f4547b(fv-az443-428.ap2fcshprsnunfx25e1aelzb4b.cx.internal.cloudapp.net/10.1.0.20) reports an QUASI_CLOSED replica.
2023-04-22 02:18:24,582 [EventQueue-PipelineActionsForPipelineActionHandler] INFO  pipeline.PipelineManagerImpl (PipelineManagerImpl.java:closeContainersForPipeline(421)) - Container #2 closed for pipeline=PipelineID=3756dc69-1fb3-4329-b2d6-98770bde7cb1
2023-04-22 02:18:24,611 [EventQueue-PipelineActionsForPipelineActionHandler] INFO  pipeline.PipelineManagerImpl (PipelineManagerImpl.java:closePipeline(442)) - Pipeline Pipeline[ Id: 3756dc69-1fb3-4329-b2d6-98770bde7cb1, Nodes: b7c32ab9-1d10-40a2-8298-2f54da75b521(fv-az443-428.ap2fcshprsnunfx25e1aelzb4b.cx.internal.cloudapp.net/10.1.0.20)1fa0605c-c70f-40a8-a13c-0f797dcff94f(fv-az443-428.ap2fcshprsnunfx25e1aelzb4b.cx.internal.cloudapp.net/10.1.0.20)1d143142-2b08-4d43-93ad-ad0adf4c04aa(fv-az443-428.ap2fcshprsnunfx25e1aelzb4b.cx.internal.cloudapp.net/10.1.0.20), ReplicationConfig: RATIS/THREE, State:OPEN, leaderId:1d143142-2b08-4d43-93ad-ad0adf4c04aa, CreationTimestamp2023-04-22T02:18:14.348Z[Etc/UTC]] moved to CLOSED state
2023-04-22 02:18:24,612 [EventQueue-PipelineActionsForPipelineActionHandler] INFO  pipeline.RatisPipelineProvider (RatisPipelineProvider.java:lambda$close$4(272)) - Send pipeline:PipelineID=3756dc69-1fb3-4329-b2d6-98770bde7cb1 close command to datanode b7c32ab9-1d10-40a2-8298-2f54da75b521
2023-04-22 02:18:24,612 [EventQueue-PipelineActionsForPipelineActionHandler] INFO  pipeline.RatisPipelineProvider (RatisPipelineProvider.java:lambda$close$4(272)) - Send pipeline:PipelineID=3756dc69-1fb3-4329-b2d6-98770bde7cb1 close command to datanode 1fa0605c-c70f-40a8-a13c-0f797dcff94f
2023-04-22 02:18:24,612 [EventQueue-PipelineActionsForPipelineActionHandler] INFO  pipeline.RatisPipelineProvider (RatisPipelineProvider.java:lambda$close$4(272)) - Send pipeline:PipelineID=3756dc69-1fb3-4329-b2d6-98770bde7cb1 close command to datanode 1d143142-2b08-4d43-93ad-ad0adf4c04aa
2023-04-22 02:18:24,612 [EventQueue-PipelineActionsForPipelineActionHandler] INFO  pipeline.PipelineStateManagerImpl (PipelineStateManagerImpl.java:removePipeline(245)) - Pipeline Pipeline[ Id: 3756dc69-1fb3-4329-b2d6-98770bde7cb1, Nodes: b7c32ab9-1d10-40a2-8298-2f54da75b521(fv-az443-428.ap2fcshprsnunfx25e1aelzb4b.cx.internal.cloudapp.net/10.1.0.20)1fa0605c-c70f-40a8-a13c-0f797dcff94f(fv-az443-428.ap2fcshprsnunfx25e1aelzb4b.cx.internal.cloudapp.net/10.1.0.20)1d143142-2b08-4d43-93ad-ad0adf4c04aa(fv-az443-428.ap2fcshprsnunfx25e1aelzb4b.cx.internal.cloudapp.net/10.1.0.20), ReplicationConfig: RATIS/THREE, State:CLOSED, leaderId:1d143142-2b08-4d43-93ad-ad0adf4c04aa, CreationTimestamp2023-04-22T02:18:14.348Z[Etc/UTC]] removed.
2023-04-22 02:18:24,613 [EventQueue-PipelineActionsForPipelineActionHandler] INFO  pipeline.PipelineActionHandler (PipelineActionHandler.java:processPipelineAction(83)) - Received pipeline action CLOSE for PipelineID=3756dc69-1fb3-4329-b2d6-98770bde7cb1 from datanode b7c32ab9-1d10-40a2-8298-2f54da75b521. Reason : Chunks directory /home/runner/work/ozone/ozone/hadoop-ozone/integration-test/target/test-dir/MiniOzoneClusterImpl-b640deff-6994-498f-92ea-4ac5c972f0d8/datanode-5/data-0/containers/hdds/b640deff-6994-498f-92ea-4ac5c972f0d8/current/containerDir0/2/chunks does not exist.
2023-04-22 02:18:24,613 [grpc-default-executor-4] INFO  leader.FollowerInfo (FollowerInfoImpl.java:lambda$new$0(48)) - 1d143142-2b08-4d43-93ad-ad0adf4c04aa@group-98770BDE7CB1->b7c32ab9-1d10-40a2-8298-2f54da75b521: nextIndex: updateUnconditionally 7 -> 5
2023-04-22 02:18:24,614 [EventQueue-PipelineActionsForPipelineActionHandler] WARN  pipeline.PipelineActionHandler (PipelineActionHandler.java:processPipelineAction(94)) - Pipeline action CLOSE received for unknown pipeline PipelineID=3756dc69-1fb3-4329-b2d6-98770bde7cb1, firing close pipeline event.
2023-04-22 02:18:24,614 [EventQueue-PipelineActionsForPipelineActionHandler] INFO  pipeline.PipelineActionHandler (PipelineActionHandler.java:processPipelineAction(83)) - Received pipeline action CLOSE for PipelineID=3756dc69-1fb3-4329-b2d6-98770bde7cb1 from datanode b7c32ab9-1d10-40a2-8298-2f54da75b521. Reason : Log already failed at index 5 for task WriteLog:5: (t:1, i:5), STATEMACHINELOGENTRY, cmdType: WriteChunk traceID: "" containerID: 2 datanodeUuid: "b7c32ab9-1d10-40a2-8298-2f54da75b521" pipelineID: "3756dc69-1fb3-4329-b2d6-98770bde7cb1" writeChunk { blockID { containerID: 2 localID: 111677748019200002 blockCommitSequenceId: 3 replicaIndex: 0 } chunkData { chunkName: "111677748019200002_chunk_2" offset: 5 len: 10 checksumData { type: CRC32 bytesPerChecksum: 1048576 checksums: "\317\357R*" } } }, container path=/home/runner/work/ozone/ozone/hadoop-ozone/integration-test/target/test-dir/MiniOzoneClusterImpl-b640deff-6994-498f-92ea-4ac5c972f0d8/datanode-5/data-0/containers/hdds/b640deff-6994-498f-92ea-4ac5c972f0d8/current/containerDir0/2
2023-04-22 02:18:24,614 [EventQueue-PipelineActionsForPipelineActionHandler] WARN  pipeline.PipelineActionHandler (PipelineActionHandler.java:processPipelineAction(94)) - Pipeline action CLOSE received for unknown pipeline PipelineID=3756dc69-1fb3-4329-b2d6-98770bde7cb1, firing close pipeline event.
2023-04-22 02:18:24,614 [EventQueue-PipelineActionsForPipelineActionHandler] INFO  pipeline.PipelineActionHandler (PipelineActionHandler.java:processPipelineAction(83)) - Received pipeline action CLOSE for PipelineID=3756dc69-1fb3-4329-b2d6-98770bde7cb1 from datanode 1fa0605c-c70f-40a8-a13c-0f797dcff94f. Reason : Log already failed at index 5 for task WriteLog:5: (t:1, i:5), STATEMACHINELOGENTRY, cmdType: WriteChunk traceID: "" containerID: 2 datanodeUuid: "b7c32ab9-1d10-40a2-8298-2f54da75b521" pipelineID: "3756dc69-1fb3-4329-b2d6-98770bde7cb1" writeChunk { blockID { containerID: 2 localID: 111677748019200002 blockCommitSequenceId: 3 replicaIndex: 0 } chunkData { chunkName: "111677748019200002_chunk_2" offset: 5 len: 10 checksumData { type: CRC32 bytesPerChecksum: 1048576 checksums: "\317\357R*" } } }, container path=/home/runner/work/ozone/ozone/hadoop-ozone/integration-test/target/test-dir/MiniOzoneClusterImpl-b640deff-6994-498f-92ea-4ac5c972f0d8/datanode-3/data-0/containers/hdds/b640deff-6994-498f-92ea-4ac5c972f0d8/current/containerDir0/2
2023-04-22 02:18:24,615 [EventQueue-PipelineActionsForPipelineActionHandler] WARN  pipeline.PipelineActionHandler (PipelineActionHandler.java:processPipelineAction(94)) - Pipeline action CLOSE received for unknown pipeline PipelineID=3756dc69-1fb3-4329-b2d6-98770bde7cb1, firing close pipeline event.
2023-04-22 02:18:24,615 [EventQueue-CloseContainerForCloseContainerEventHandler] INFO  container.CloseContainerEventHandler (CloseContainerEventHandler.java:onMessage(89)) - Close container Event triggered for container : #2, current state: CLOSING
2023-04-22 02:18:24,617 [1fa0605c-c70f-40a8-a13c-0f797dcff94f@group-98770BDE7CB1-StateMachineUpdater] ERROR ratis.ContainerStateMachine (ContainerStateMachine.java:takeSnapshot(324)) - Failed to take snapshot  for group-98770BDE7CB1 as the stateMachine is unhealthy. The last applied index is at (t:1, i:4)
2023-04-22 02:18:24,618 [1fa0605c-c70f-40a8-a13c-0f797dcff94f@group-98770BDE7CB1-StateMachineUpdater] ERROR impl.StateMachineUpdater (StateMachineUpdater.java:takeSnapshot(282)) - 1fa0605c-c70f-40a8-a13c-0f797dcff94f@group-98770BDE7CB1-StateMachineUpdater: Failed to take snapshot
org.apache.ratis.protocol.exceptions.StateMachineException: Failed to take snapshot  for group-98770BDE7CB1 as the stateMachine is unhealthy. The last applied index is at (t:1, i:4)
	at org.apache.hadoop.ozone.container.common.transport.server.ratis.ContainerStateMachine.takeSnapshot(ContainerStateMachine.java:323)
	at org.apache.ratis.server.impl.StateMachineUpdater.takeSnapshot(StateMachineUpdater.java:270)
	at org.apache.ratis.server.impl.StateMachineUpdater.checkAndTakeSnapshot(StateMachineUpdater.java:262)
	at org.apache.ratis.server.impl.StateMachineUpdater.run(StateMachineUpdater.java:183)
	at java.lang.Thread.run(Thread.java:750)
2023-04-22 02:18:24,620 [b7c32ab9-1d10-40a2-8298-2f54da75b521@group-98770BDE7CB1-StateMachineUpdater] ERROR ratis.ContainerStateMachine (ContainerStateMachine.java:takeSnapshot(324)) - Failed to take snapshot  for group-98770BDE7CB1 as the stateMachine is unhealthy. The last applied index is at (t:1, i:4)
2023-04-22 02:18:24,620 [b7c32ab9-1d10-40a2-8298-2f54da75b521@group-98770BDE7CB1-StateMachineUpdater] ERROR impl.StateMachineUpdater (StateMachineUpdater.java:takeSnapshot(282)) - b7c32ab9-1d10-40a2-8298-2f54da75b521@group-98770BDE7CB1-StateMachineUpdater: Failed to take snapshot
org.apache.ratis.protocol.exceptions.StateMachineException: Failed to take snapshot  for group-98770BDE7CB1 as the stateMachine is unhealthy. The last applied index is at (t:1, i:4)
	at org.apache.hadoop.ozone.container.common.transport.server.ratis.ContainerStateMachine.takeSnapshot(ContainerStateMachine.java:323)
	at org.apache.ratis.server.impl.StateMachineUpdater.takeSnapshot(StateMachineUpdater.java:270)
	at org.apache.ratis.server.impl.StateMachineUpdater.checkAndTakeSnapshot(StateMachineUpdater.java:262)
	at org.apache.ratis.server.impl.StateMachineUpdater.run(StateMachineUpdater.java:183)
	at java.lang.Thread.run(Thread.java:750)
2023-04-22 02:18:24,625 [1fa0605c-c70f-40a8-a13c-0f797dcff94f@group-98770BDE7CB1-SegmentedRaftLogWorker] ERROR ratis.XceiverServerRatis (XceiverServerRatis.java:triggerPipelineClose(719)) - pipeline Action CLOSE on pipeline PipelineID=3756dc69-1fb3-4329-b2d6-98770bde7cb1.Reason : Log already failed at index 5 for task WriteLog:5: (t:1, i:5), STATEMACHINELOGENTRY, cmdType: WriteChunk traceID: "" containerID: 2 datanodeUuid: "b7c32ab9-1d10-40a2-8298-2f54da75b521" pipelineID: "3756dc69-1fb3-4329-b2d6-98770bde7cb1" writeChunk { blockID { containerID: 2 localID: 111677748019200002 blockCommitSequenceId: 3 replicaIndex: 0 } chunkData { chunkName: "111677748019200002_chunk_2" offset: 5 len: 10 checksumData { type: CRC32 bytesPerChecksum: 1048576 checksums: "\317\357R*" } } }, container path=/home/runner/work/ozone/ozone/hadoop-ozone/integration-test/target/test-dir/MiniOzoneClusterImpl-b640deff-6994-498f-92ea-4ac5c972f0d8/datanode-3/data-0/containers/hdds/b640deff-6994-498f-92ea-4ac5c972f0d8/current/containerDir0/2
2023-04-22 02:18:24,625 [1fa0605c-c70f-40a8-a13c-0f797dcff94f-server-thread1] WARN  server.GrpcServerProtocolService (LogUtils.java:warn(124)) - 1fa0605c-c70f-40a8-a13c-0f797dcff94f: Failed APPEND_ENTRIES request 1d143142-2b08-4d43-93ad-ad0adf4c04aa->1fa0605c-c70f-40a8-a13c-0f797dcff94f#22-t1,previous=(t:1, i:6),leaderCommit=6,initializing? true,entries: size=1, first=(t:1, i:7), METADATAENTRY(c:5)
java.util.concurrent.CompletionException: org.apache.ratis.server.raftlog.RaftLogIOException: Log already failed at index 5 for task WriteLog:5: (t:1, i:5), STATEMACHINELOGENTRY, cmdType: WriteChunk traceID: "" containerID: 2 datanodeUuid: "b7c32ab9-1d10-40a2-8298-2f54da75b521" pipelineID: "3756dc69-1fb3-4329-b2d6-98770bde7cb1" writeChunk { blockID { containerID: 2 localID: 111677748019200002 blockCommitSequenceId: 3 replicaIndex: 0 } chunkData { chunkName: "111677748019200002_chunk_2" offset: 5 len: 10 checksumData { type: CRC32 bytesPerChecksum: 1048576 checksums: "\317\357R*" } } }, container path=/home/runner/work/ozone/ozone/hadoop-ozone/integration-test/target/test-dir/MiniOzoneClusterImpl-b640deff-6994-498f-92ea-4ac5c972f0d8/datanode-3/data-0/containers/hdds/b640deff-6994-498f-92ea-4ac5c972f0d8/current/containerDir0/2
	at java.util.concurrent.CompletableFuture.encodeThrowable(CompletableFuture.java:292)
	at java.util.concurrent.CompletableFuture.completeThrowable(CompletableFuture.java:308)
	at java.util.concurrent.CompletableFuture.biRelay(CompletableFuture.java:1298)
	at java.util.concurrent.CompletableFuture$BiRelay.tryFire(CompletableFuture.java:1284)
	at java.util.concurrent.CompletableFuture.postComplete(CompletableFuture.java:488)
	at java.util.concurrent.CompletableFuture.completeExceptionally(CompletableFuture.java:1990)
	at org.apache.ratis.server.raftlog.segmented.SegmentedRaftLog$Task.failed(SegmentedRaftLog.java:104)
	at org.apache.ratis.server.raftlog.segmented.SegmentedRaftLogWorker$WriteLog.failed(SegmentedRaftLogWorker.java:540)
	at org.apache.ratis.server.raftlog.segmented.SegmentedRaftLogWorker.run(SegmentedRaftLogWorker.java:330)
	at java.lang.Thread.run(Thread.java:750)
Caused by: org.apache.ratis.server.raftlog.RaftLogIOException: Log already failed at index 5 for task WriteLog:5: (t:1, i:5), STATEMACHINELOGENTRY, cmdType: WriteChunk traceID: "" containerID: 2 datanodeUuid: "b7c32ab9-1d10-40a2-8298-2f54da75b521" pipelineID: "3756dc69-1fb3-4329-b2d6-98770bde7cb1" writeChunk { blockID { containerID: 2 localID: 111677748019200002 blockCommitSequenceId: 3 replicaIndex: 0 } chunkData { chunkName: "111677748019200002_chunk_2" offset: 5 len: 10 checksumData { type: CRC32 bytesPerChecksum: 1048576 checksums: "\317\357R*" } } }, container path=/home/runner/work/ozone/ozone/hadoop-ozone/integration-test/target/test-dir/MiniOzoneClusterImpl-b640deff-6994-498f-92ea-4ac5c972f0d8/datanode-3/data-0/containers/hdds/b640deff-6994-498f-92ea-4ac5c972f0d8/current/containerDir0/2
	at org.apache.ratis.server.raftlog.segmented.SegmentedRaftLogWorker.run(SegmentedRaftLogWorker.java:333)
	... 1 more
Caused by: org.apache.hadoop.hdds.scm.container.common.helpers.StorageContainerException: Chunks directory /home/runner/work/ozone/ozone/hadoop-ozone/integration-test/target/test-dir/MiniOzoneClusterImpl-b640deff-6994-498f-92ea-4ac5c972f0d8/datanode-3/data-0/containers/hdds/b640deff-6994-498f-92ea-4ac5c972f0d8/current/containerDir0/2/chunks does not exist.
	at org.apache.hadoop.ozone.container.common.transport.server.ratis.ContainerStateMachine.lambda$handleWriteChunk$3(ContainerStateMachine.java:522)
	at java.util.concurrent.CompletableFuture.uniApply(CompletableFuture.java:616)
	at java.util.concurrent.CompletableFuture$UniApply.tryFire(CompletableFuture.java:591)
	at java.util.concurrent.CompletableFuture.postComplete(CompletableFuture.java:488)
	at java.util.concurrent.CompletableFuture$AsyncSupply.run(CompletableFuture.java:1609)
	at java.util.concurrent.ThreadPoolExecutor.runWorker(ThreadPoolExecutor.java:1149)
	at java.util.concurrent.ThreadPoolExecutor$Worker.run(ThreadPoolExecutor.java:624)
	... 1 more
2023-04-22 02:18:24,627 [b7c32ab9-1d10-40a2-8298-2f54da75b521@group-98770BDE7CB1-SegmentedRaftLogWorker] ERROR ratis.XceiverServerRatis (XceiverServerRatis.java:triggerPipelineClose(719)) - pipeline Action CLOSE on pipeline PipelineID=3756dc69-1fb3-4329-b2d6-98770bde7cb1.Reason : Log already failed at index 5 for task WriteLog:5: (t:1, i:5), STATEMACHINELOGENTRY, cmdType: WriteChunk traceID: "" containerID: 2 datanodeUuid: "b7c32ab9-1d10-40a2-8298-2f54da75b521" pipelineID: "3756dc69-1fb3-4329-b2d6-98770bde7cb1" writeChunk { blockID { containerID: 2 localID: 111677748019200002 blockCommitSequenceId: 3 replicaIndex: 0 } chunkData { chunkName: "111677748019200002_chunk_2" offset: 5 len: 10 checksumData { type: CRC32 bytesPerChecksum: 1048576 checksums: "\317\357R*" } } }, container path=/home/runner/work/ozone/ozone/hadoop-ozone/integration-test/target/test-dir/MiniOzoneClusterImpl-b640deff-6994-498f-92ea-4ac5c972f0d8/datanode-5/data-0/containers/hdds/b640deff-6994-498f-92ea-4ac5c972f0d8/current/containerDir0/2
2023-04-22 02:18:24,629 [b7c32ab9-1d10-40a2-8298-2f54da75b521-server-thread1] WARN  server.GrpcServerProtocolService (LogUtils.java:warn(124)) - b7c32ab9-1d10-40a2-8298-2f54da75b521: Failed APPEND_ENTRIES request 1d143142-2b08-4d43-93ad-ad0adf4c04aa->b7c32ab9-1d10-40a2-8298-2f54da75b521#29-t1,previous=(t:1, i:6),leaderCommit=6,initializing? true,entries: size=1, first=(t:1, i:7), METADATAENTRY(c:5)
java.util.concurrent.CompletionException: org.apache.ratis.server.raftlog.RaftLogIOException: Log already failed at index 5 for task WriteLog:5: (t:1, i:5), STATEMACHINELOGENTRY, cmdType: WriteChunk traceID: "" containerID: 2 datanodeUuid: "b7c32ab9-1d10-40a2-8298-2f54da75b521" pipelineID: "3756dc69-1fb3-4329-b2d6-98770bde7cb1" writeChunk { blockID { containerID: 2 localID: 111677748019200002 blockCommitSequenceId: 3 replicaIndex: 0 } chunkData { chunkName: "111677748019200002_chunk_2" offset: 5 len: 10 checksumData { type: CRC32 bytesPerChecksum: 1048576 checksums: "\317\357R*" } } }, container path=/home/runner/work/ozone/ozone/hadoop-ozone/integration-test/target/test-dir/MiniOzoneClusterImpl-b640deff-6994-498f-92ea-4ac5c972f0d8/datanode-5/data-0/containers/hdds/b640deff-6994-498f-92ea-4ac5c972f0d8/current/containerDir0/2
	at java.util.concurrent.CompletableFuture.encodeThrowable(CompletableFuture.java:292)
	at java.util.concurrent.CompletableFuture.completeThrowable(CompletableFuture.java:308)
	at java.util.concurrent.CompletableFuture.biRelay(CompletableFuture.java:1298)
	at java.util.concurrent.CompletableFuture$BiRelay.tryFire(CompletableFuture.java:1284)
	at java.util.concurrent.CompletableFuture.postComplete(CompletableFuture.java:488)
	at java.util.concurrent.CompletableFuture.completeExceptionally(CompletableFuture.java:1990)
	at org.apache.ratis.server.raftlog.segmented.SegmentedRaftLog$Task.failed(SegmentedRaftLog.java:104)
	at org.apache.ratis.server.raftlog.segmented.SegmentedRaftLogWorker$WriteLog.failed(SegmentedRaftLogWorker.java:540)
	at org.apache.ratis.server.raftlog.segmented.SegmentedRaftLogWorker.run(SegmentedRaftLogWorker.java:330)
	at java.lang.Thread.run(Thread.java:750)
Caused by: org.apache.ratis.server.raftlog.RaftLogIOException: Log already failed at index 5 for task WriteLog:5: (t:1, i:5), STATEMACHINELOGENTRY, cmdType: WriteChunk traceID: "" containerID: 2 datanodeUuid: "b7c32ab9-1d10-40a2-8298-2f54da75b521" pipelineID: "3756dc69-1fb3-4329-b2d6-98770bde7cb1" writeChunk { blockID { containerID: 2 localID: 111677748019200002 blockCommitSequenceId: 3 replicaIndex: 0 } chunkData { chunkName: "111677748019200002_chunk_2" offset: 5 len: 10 checksumData { type: CRC32 bytesPerChecksum: 1048576 checksums: "\317\357R*" } } }, container path=/home/runner/work/ozone/ozone/hadoop-ozone/integration-test/target/test-dir/MiniOzoneClusterImpl-b640deff-6994-498f-92ea-4ac5c972f0d8/datanode-5/data-0/containers/hdds/b640deff-6994-498f-92ea-4ac5c972f0d8/current/containerDir0/2
	at org.apache.ratis.server.raftlog.segmented.SegmentedRaftLogWorker.run(SegmentedRaftLogWorker.java:333)
	... 1 more
Caused by: org.apache.hadoop.hdds.scm.container.common.helpers.StorageContainerException: Chunks directory /home/runner/work/ozone/ozone/hadoop-ozone/integration-test/target/test-dir/MiniOzoneClusterImpl-b640deff-6994-498f-92ea-4ac5c972f0d8/datanode-5/data-0/containers/hdds/b640deff-6994-498f-92ea-4ac5c972f0d8/current/containerDir0/2/chunks does not exist.
	at org.apache.hadoop.ozone.container.common.transport.server.ratis.ContainerStateMachine.lambda$handleWriteChunk$3(ContainerStateMachine.java:522)
	at java.util.concurrent.CompletableFuture.uniApply(CompletableFuture.java:616)
	at java.util.concurrent.CompletableFuture$UniApply.tryFire(CompletableFuture.java:591)
	at java.util.concurrent.CompletableFuture.postComplete(CompletableFuture.java:488)
	at java.util.concurrent.CompletableFuture$AsyncSupply.run(CompletableFuture.java:1609)
	at java.util.concurrent.ThreadPoolExecutor.runWorker(ThreadPoolExecutor.java:1149)
	at java.util.concurrent.ThreadPoolExecutor$Worker.run(ThreadPoolExecutor.java:624)
	... 1 more
2023-04-22 02:18:24,638 [b7c32ab9-1d10-40a2-8298-2f54da75b521@group-98770BDE7CB1-SegmentedRaftLogWorker] ERROR ratis.XceiverServerRatis (XceiverServerRatis.java:triggerPipelineClose(719)) - pipeline Action CLOSE on pipeline PipelineID=3756dc69-1fb3-4329-b2d6-98770bde7cb1.Reason : Log already failed at index 5 for task WriteLog:5: (t:1, i:5), STATEMACHINELOGENTRY, cmdType: WriteChunk traceID: "" containerID: 2 datanodeUuid: "b7c32ab9-1d10-40a2-8298-2f54da75b521" pipelineID: "3756dc69-1fb3-4329-b2d6-98770bde7cb1" writeChunk { blockID { containerID: 2 localID: 111677748019200002 blockCommitSequenceId: 3 replicaIndex: 0 } chunkData { chunkName: "111677748019200002_chunk_2" offset: 5 len: 10 checksumData { type: CRC32 bytesPerChecksum: 1048576 checksums: "\317\357R*" } } }, container path=/home/runner/work/ozone/ozone/hadoop-ozone/integration-test/target/test-dir/MiniOzoneClusterImpl-b640deff-6994-498f-92ea-4ac5c972f0d8/datanode-5/data-0/containers/hdds/b640deff-6994-498f-92ea-4ac5c972f0d8/current/containerDir0/2
2023-04-22 02:18:24,638 [4fb9f1f7-4e3b-4bcf-a7e7-c7ddcac09d11@group-D4D495DF8B74-StateMachineUpdater] INFO  ratis.ContainerStateMachine (ContainerStateMachine.java:takeSnapshot(330)) - group-D4D495DF8B74: Taking a snapshot at:(t:1, i:3) file /home/runner/work/ozone/ozone/hadoop-ozone/integration-test/target/test-dir/MiniOzoneClusterImpl-b640deff-6994-498f-92ea-4ac5c972f0d8/datanode-0/data/ratis/f27d81a8-358d-4e8b-922b-d4d495df8b74/sm/snapshot.1_3
2023-04-22 02:18:24,640 [b7c32ab9-1d10-40a2-8298-2f54da75b521-server-thread3] WARN  server.GrpcServerProtocolService (LogUtils.java:warn(124)) - b7c32ab9-1d10-40a2-8298-2f54da75b521: Failed APPEND_ENTRIES request 1d143142-2b08-4d43-93ad-ad0adf4c04aa->b7c32ab9-1d10-40a2-8298-2f54da75b521#30-t1,previous=(t:1, i:7),leaderCommit=6,initializing? true,entries: size=1, first=(t:1, i:8), METADATAENTRY(c:6)
java.util.concurrent.CompletionException: org.apache.ratis.server.raftlog.RaftLogIOException: Log already failed at index 5 for task WriteLog:5: (t:1, i:5), STATEMACHINELOGENTRY, cmdType: WriteChunk traceID: "" containerID: 2 datanodeUuid: "b7c32ab9-1d10-40a2-8298-2f54da75b521" pipelineID: "3756dc69-1fb3-4329-b2d6-98770bde7cb1" writeChunk { blockID { containerID: 2 localID: 111677748019200002 blockCommitSequenceId: 3 replicaIndex: 0 } chunkData { chunkName: "111677748019200002_chunk_2" offset: 5 len: 10 checksumData { type: CRC32 bytesPerChecksum: 1048576 checksums: "\317\357R*" } } }, container path=/home/runner/work/ozone/ozone/hadoop-ozone/integration-test/target/test-dir/MiniOzoneClusterImpl-b640deff-6994-498f-92ea-4ac5c972f0d8/datanode-5/data-0/containers/hdds/b640deff-6994-498f-92ea-4ac5c972f0d8/current/containerDir0/2
	at java.util.concurrent.CompletableFuture.encodeThrowable(CompletableFuture.java:292)
	at java.util.concurrent.CompletableFuture.completeThrowable(CompletableFuture.java:308)
	at java.util.concurrent.CompletableFuture.biRelay(CompletableFuture.java:1298)
	at java.util.concurrent.CompletableFuture$BiRelay.tryFire(CompletableFuture.java:1284)
	at java.util.concurrent.CompletableFuture.postComplete(CompletableFuture.java:488)
	at java.util.concurrent.CompletableFuture.completeExceptionally(CompletableFuture.java:1990)
	at org.apache.ratis.server.raftlog.segmented.SegmentedRaftLog$Task.failed(SegmentedRaftLog.java:104)
	at org.apache.ratis.server.raftlog.segmented.SegmentedRaftLogWorker$WriteLog.failed(SegmentedRaftLogWorker.java:540)
	at org.apache.ratis.server.raftlog.segmented.SegmentedRaftLogWorker.run(SegmentedRaftLogWorker.java:330)
	at java.lang.Thread.run(Thread.java:750)
Caused by: org.apache.ratis.server.raftlog.RaftLogIOException: Log already failed at index 5 for task WriteLog:5: (t:1, i:5), STATEMACHINELOGENTRY, cmdType: WriteChunk traceID: "" containerID: 2 datanodeUuid: "b7c32ab9-1d10-40a2-8298-2f54da75b521" pipelineID: "3756dc69-1fb3-4329-b2d6-98770bde7cb1" writeChunk { blockID { containerID: 2 localID: 111677748019200002 blockCommitSequenceId: 3 replicaIndex: 0 } chunkData { chunkName: "111677748019200002_chunk_2" offset: 5 len: 10 checksumData { type: CRC32 bytesPerChecksum: 1048576 checksums: "\317\357R*" } } }, container path=/home/runner/work/ozone/ozone/hadoop-ozone/integration-test/target/test-dir/MiniOzoneClusterImpl-b640deff-6994-498f-92ea-4ac5c972f0d8/datanode-5/data-0/containers/hdds/b640deff-6994-498f-92ea-4ac5c972f0d8/current/containerDir0/2
	at org.apache.ratis.server.raftlog.segmented.SegmentedRaftLogWorker.run(SegmentedRaftLogWorker.java:333)
	... 1 more
Caused by: org.apache.hadoop.hdds.scm.container.common.helpers.StorageContainerException: Chunks directory /home/runner/work/ozone/ozone/hadoop-ozone/integration-test/target/test-dir/MiniOzoneClusterImpl-b640deff-6994-498f-92ea-4ac5c972f0d8/datanode-5/data-0/containers/hdds/b640deff-6994-498f-92ea-4ac5c972f0d8/current/containerDir0/2/chunks does not exist.
	at org.apache.hadoop.ozone.container.common.transport.server.ratis.ContainerStateMachine.lambda$handleWriteChunk$3(ContainerStateMachine.java:522)
	at java.util.concurrent.CompletableFuture.uniApply(CompletableFuture.java:616)
	at java.util.concurrent.CompletableFuture$UniApply.tryFire(CompletableFuture.java:591)
	at java.util.concurrent.CompletableFuture.postComplete(CompletableFuture.java:488)
	at java.util.concurrent.CompletableFuture$AsyncSupply.run(CompletableFuture.java:1609)
	at java.util.concurrent.ThreadPoolExecutor.runWorker(ThreadPoolExecutor.java:1149)
	at java.util.concurrent.ThreadPoolExecutor$Worker.run(ThreadPoolExecutor.java:624)
	... 1 more
2023-04-22 02:18:24,634 [grpc-default-executor-5] WARN  server.GrpcLogAppender (LogUtils.java:warn(124)) - 1d143142-2b08-4d43-93ad-ad0adf4c04aa@group-98770BDE7CB1->1fa0605c-c70f-40a8-a13c-0f797dcff94f-AppendLogResponseHandler: Failed appendEntries
org.apache.ratis.server.raftlog.RaftLogIOException: Log already failed at index 5 for task WriteLog:5: (t:1, i:5), STATEMACHINELOGENTRY, cmdType: WriteChunk traceID: "" containerID: 2 datanodeUuid: "b7c32ab9-1d10-40a2-8298-2f54da75b521" pipelineID: "3756dc69-1fb3-4329-b2d6-98770bde7cb1" writeChunk { blockID { containerID: 2 localID: 111677748019200002 blockCommitSequenceId: 3 replicaIndex: 0 } chunkData { chunkName: "111677748019200002_chunk_2" offset: 5 len: 10 checksumData { type: CRC32 bytesPerChecksum: 1048576 checksums: "\317\357R*" } } }, container path=/home/runner/work/ozone/ozone/hadoop-ozone/integration-test/target/test-dir/MiniOzoneClusterImpl-b640deff-6994-498f-92ea-4ac5c972f0d8/datanode-3/data-0/containers/hdds/b640deff-6994-498f-92ea-4ac5c972f0d8/current/containerDir0/2
	at org.apache.ratis.server.raftlog.segmented.SegmentedRaftLogWorker.run(SegmentedRaftLogWorker.java:333)
	at java.lang.Thread.run(Thread.java:750)
Caused by: org.apache.hadoop.hdds.scm.container.common.helpers.StorageContainerException: Chunks directory /home/runner/work/ozone/ozone/hadoop-ozone/integration-test/target/test-dir/MiniOzoneClusterImpl-b640deff-6994-498f-92ea-4ac5c972f0d8/datanode-3/data-0/containers/hdds/b640deff-6994-498f-92ea-4ac5c972f0d8/current/containerDir0/2/chunks does not exist.
	at org.apache.hadoop.ozone.container.common.transport.server.ratis.ContainerStateMachine.lambda$handleWriteChunk$3(ContainerStateMachine.java:522)
	at java.util.concurrent.CompletableFuture.uniApply(CompletableFuture.java:616)
	at java.util.concurrent.CompletableFuture$UniApply.tryFire(CompletableFuture.java:591)
	at java.util.concurrent.CompletableFuture.postComplete(CompletableFuture.java:488)
	at java.util.concurrent.CompletableFuture$AsyncSupply.run(CompletableFuture.java:1609)
	at java.util.concurrent.ThreadPoolExecutor.runWorker(ThreadPoolExecutor.java:1149)
	at java.util.concurrent.ThreadPoolExecutor$Worker.run(ThreadPoolExecutor.java:624)
	... 1 more
2023-04-22 02:18:24,644 [grpc-default-executor-5] INFO  leader.FollowerInfo (FollowerInfoImpl.java:lambda$new$0(48)) - 1d143142-2b08-4d43-93ad-ad0adf4c04aa@group-98770BDE7CB1->1fa0605c-c70f-40a8-a13c-0f797dcff94f: nextIndex: updateUnconditionally 9 -> 7
2023-04-22 02:18:24,632 [EventQueue-PipelineActionsForPipelineActionHandler] INFO  pipeline.PipelineActionHandler (PipelineActionHandler.java:processPipelineAction(83)) - Received pipeline action CLOSE for PipelineID=3756dc69-1fb3-4329-b2d6-98770bde7cb1 from datanode 1fa0605c-c70f-40a8-a13c-0f797dcff94f. Reason : Log already failed at index 5 for task WriteLog:5: (t:1, i:5), STATEMACHINELOGENTRY, cmdType: WriteChunk traceID: "" containerID: 2 datanodeUuid: "b7c32ab9-1d10-40a2-8298-2f54da75b521" pipelineID: "3756dc69-1fb3-4329-b2d6-98770bde7cb1" writeChunk { blockID { containerID: 2 localID: 111677748019200002 blockCommitSequenceId: 3 replicaIndex: 0 } chunkData { chunkName: "111677748019200002_chunk_2" offset: 5 len: 10 checksumData { type: CRC32 bytesPerChecksum: 1048576 checksums: "\317\357R*" } } }, container path=/home/runner/work/ozone/ozone/hadoop-ozone/integration-test/target/test-dir/MiniOzoneClusterImpl-b640deff-6994-498f-92ea-4ac5c972f0d8/datanode-3/data-0/containers/hdds/b640deff-6994-498f-92ea-4ac5c972f0d8/current/containerDir0/2
2023-04-22 02:18:24,645 [EventQueue-PipelineActionsForPipelineActionHandler] WARN  pipeline.PipelineActionHandler (PipelineActionHandler.java:processPipelineAction(94)) - Pipeline action CLOSE received for unknown pipeline PipelineID=3756dc69-1fb3-4329-b2d6-98770bde7cb1, firing close pipeline event.
2023-04-22 02:18:24,645 [EventQueue-PipelineActionsForPipelineActionHandler] INFO  pipeline.PipelineActionHandler (PipelineActionHandler.java:processPipelineAction(83)) - Received pipeline action CLOSE for PipelineID=3756dc69-1fb3-4329-b2d6-98770bde7cb1 from datanode b7c32ab9-1d10-40a2-8298-2f54da75b521. Reason : Log already failed at index 5 for task WriteLog:5: (t:1, i:5), STATEMACHINELOGENTRY, cmdType: WriteChunk traceID: "" containerID: 2 datanodeUuid: "b7c32ab9-1d10-40a2-8298-2f54da75b521" pipelineID: "3756dc69-1fb3-4329-b2d6-98770bde7cb1" writeChunk { blockID { containerID: 2 localID: 111677748019200002 blockCommitSequenceId: 3 replicaIndex: 0 } chunkData { chunkName: "111677748019200002_chunk_2" offset: 5 len: 10 checksumData { type: CRC32 bytesPerChecksum: 1048576 checksums: "\317\357R*" } } }, container path=/home/runner/work/ozone/ozone/hadoop-ozone/integration-test/target/test-dir/MiniOzoneClusterImpl-b640deff-6994-498f-92ea-4ac5c972f0d8/datanode-5/data-0/containers/hdds/b640deff-6994-498f-92ea-4ac5c972f0d8/current/containerDir0/2
2023-04-22 02:18:24,645 [EventQueue-PipelineActionsForPipelineActionHandler] WARN  pipeline.PipelineActionHandler (PipelineActionHandler.java:processPipelineAction(94)) - Pipeline action CLOSE received for unknown pipeline PipelineID=3756dc69-1fb3-4329-b2d6-98770bde7cb1, firing close pipeline event.
2023-04-22 02:18:24,645 [EventQueue-PipelineActionsForPipelineActionHandler] INFO  pipeline.PipelineActionHandler (PipelineActionHandler.java:processPipelineAction(83)) - Received pipeline action CLOSE for PipelineID=3756dc69-1fb3-4329-b2d6-98770bde7cb1 from datanode b7c32ab9-1d10-40a2-8298-2f54da75b521. Reason : Log already failed at index 5 for task WriteLog:5: (t:1, i:5), STATEMACHINELOGENTRY, cmdType: WriteChunk traceID: "" containerID: 2 datanodeUuid: "b7c32ab9-1d10-40a2-8298-2f54da75b521" pipelineID: "3756dc69-1fb3-4329-b2d6-98770bde7cb1" writeChunk { blockID { containerID: 2 localID: 111677748019200002 blockCommitSequenceId: 3 replicaIndex: 0 } chunkData { chunkName: "111677748019200002_chunk_2" offset: 5 len: 10 checksumData { type: CRC32 bytesPerChecksum: 1048576 checksums: "\317\357R*" } } }, container path=/home/runner/work/ozone/ozone/hadoop-ozone/integration-test/target/test-dir/MiniOzoneClusterImpl-b640deff-6994-498f-92ea-4ac5c972f0d8/datanode-5/data-0/containers/hdds/b640deff-6994-498f-92ea-4ac5c972f0d8/current/containerDir0/2
2023-04-22 02:18:24,645 [EventQueue-PipelineActionsForPipelineActionHandler] WARN  pipeline.PipelineActionHandler (PipelineActionHandler.java:processPipelineAction(94)) - Pipeline action CLOSE received for unknown pipeline PipelineID=3756dc69-1fb3-4329-b2d6-98770bde7cb1, firing close pipeline event.
2023-04-22 02:18:24,631 [EventQueue-PipelineReportForPipelineReportHandler] INFO  pipeline.PipelineReportHandler (PipelineReportHandler.java:processPipelineReport(115)) - Reported pipeline PipelineID=3756dc69-1fb3-4329-b2d6-98770bde7cb1 is not found
2023-04-22 02:18:24,642 [grpc-default-executor-2] WARN  server.GrpcLogAppender (LogUtils.java:warn(124)) - 1d143142-2b08-4d43-93ad-ad0adf4c04aa@group-98770BDE7CB1->b7c32ab9-1d10-40a2-8298-2f54da75b521-AppendLogResponseHandler: Failed appendEntries
org.apache.ratis.server.raftlog.RaftLogIOException: Log already failed at index 5 for task WriteLog:5: (t:1, i:5), STATEMACHINELOGENTRY, cmdType: WriteChunk traceID: "" containerID: 2 datanodeUuid: "b7c32ab9-1d10-40a2-8298-2f54da75b521" pipelineID: "3756dc69-1fb3-4329-b2d6-98770bde7cb1" writeChunk { blockID { containerID: 2 localID: 111677748019200002 blockCommitSequenceId: 3 replicaIndex: 0 } chunkData { chunkName: "111677748019200002_chunk_2" offset: 5 len: 10 checksumData { type: CRC32 bytesPerChecksum: 1048576 checksums: "\317\357R*" } } }, container path=/home/runner/work/ozone/ozone/hadoop-ozone/integration-test/target/test-dir/MiniOzoneClusterImpl-b640deff-6994-498f-92ea-4ac5c972f0d8/datanode-5/data-0/containers/hdds/b640deff-6994-498f-92ea-4ac5c972f0d8/current/containerDir0/2
	at org.apache.ratis.server.raftlog.segmented.SegmentedRaftLogWorker.run(SegmentedRaftLogWorker.java:333)
	at java.lang.Thread.run(Thread.java:750)
Caused by: org.apache.hadoop.hdds.scm.container.common.helpers.StorageContainerException: Chunks directory /home/runner/work/ozone/ozone/hadoop-ozone/integration-test/target/test-dir/MiniOzoneClusterImpl-b640deff-6994-498f-92ea-4ac5c972f0d8/datanode-5/data-0/containers/hdds/b640deff-6994-498f-92ea-4ac5c972f0d8/current/containerDir0/2/chunks does not exist.
	at org.apache.hadoop.ozone.container.common.transport.server.ratis.ContainerStateMachine.lambda$handleWriteChunk$3(ContainerStateMachine.java:522)
	at java.util.concurrent.CompletableFuture.uniApply(CompletableFuture.java:616)
	at java.util.concurrent.CompletableFuture$UniApply.tryFire(CompletableFuture.java:591)
	at java.util.concurrent.CompletableFuture.postComplete(CompletableFuture.java:488)
	at java.util.concurrent.CompletableFuture$AsyncSupply.run(CompletableFuture.java:1609)
	at java.util.concurrent.ThreadPoolExecutor.runWorker(ThreadPoolExecutor.java:1149)
	at java.util.concurrent.ThreadPoolExecutor$Worker.run(ThreadPoolExecutor.java:624)
	... 1 more
2023-04-22 02:18:24,646 [grpc-default-executor-2] INFO  leader.FollowerInfo (FollowerInfoImpl.java:lambda$new$0(48)) - 1d143142-2b08-4d43-93ad-ad0adf4c04aa@group-98770BDE7CB1->b7c32ab9-1d10-40a2-8298-2f54da75b521: nextIndex: updateUnconditionally 9 -> 7
2023-04-22 02:18:24,647 [4fb9f1f7-4e3b-4bcf-a7e7-c7ddcac09d11@group-D4D495DF8B74-StateMachineUpdater] INFO  ratis.ContainerStateMachine (ContainerStateMachine.java:takeSnapshot(341)) - group-D4D495DF8B74: Finished taking a snapshot at:(t:1, i:3) file:/home/runner/work/ozone/ozone/hadoop-ozone/integration-test/target/test-dir/MiniOzoneClusterImpl-b640deff-6994-498f-92ea-4ac5c972f0d8/datanode-0/data/ratis/f27d81a8-358d-4e8b-922b-d4d495df8b74/sm/snapshot.1_3 took: 8 ms
2023-04-22 02:18:24,652 [1fa0605c-c70f-40a8-a13c-0f797dcff94f@group-98770BDE7CB1-SegmentedRaftLogWorker] ERROR ratis.XceiverServerRatis (XceiverServerRatis.java:triggerPipelineClose(719)) - pipeline Action CLOSE on pipeline PipelineID=3756dc69-1fb3-4329-b2d6-98770bde7cb1.Reason : Log already failed at index 5 for task WriteLog:5: (t:1, i:5), STATEMACHINELOGENTRY, cmdType: WriteChunk traceID: "" containerID: 2 datanodeUuid: "b7c32ab9-1d10-40a2-8298-2f54da75b521" pipelineID: "3756dc69-1fb3-4329-b2d6-98770bde7cb1" writeChunk { blockID { containerID: 2 localID: 111677748019200002 blockCommitSequenceId: 3 replicaIndex: 0 } chunkData { chunkName: "111677748019200002_chunk_2" offset: 5 len: 10 checksumData { type: CRC32 bytesPerChecksum: 1048576 checksums: "\317\357R*" } } }, container path=/home/runner/work/ozone/ozone/hadoop-ozone/integration-test/target/test-dir/MiniOzoneClusterImpl-b640deff-6994-498f-92ea-4ac5c972f0d8/datanode-3/data-0/containers/hdds/b640deff-6994-498f-92ea-4ac5c972f0d8/current/containerDir0/2
2023-04-22 02:18:24,652 [1fa0605c-c70f-40a8-a13c-0f797dcff94f-server-thread4] WARN  server.GrpcServerProtocolService (LogUtils.java:warn(124)) - 1fa0605c-c70f-40a8-a13c-0f797dcff94f: Failed APPEND_ENTRIES request 1d143142-2b08-4d43-93ad-ad0adf4c04aa->1fa0605c-c70f-40a8-a13c-0f797dcff94f#25-t1,previous=(t:1, i:7),leaderCommit=7,initializing? true,entries: size=1, first=(t:1, i:8), METADATAENTRY(c:6)
java.util.concurrent.CompletionException: org.apache.ratis.server.raftlog.RaftLogIOException: Log already failed at index 5 for task WriteLog:5: (t:1, i:5), STATEMACHINELOGENTRY, cmdType: WriteChunk traceID: "" containerID: 2 datanodeUuid: "b7c32ab9-1d10-40a2-8298-2f54da75b521" pipelineID: "3756dc69-1fb3-4329-b2d6-98770bde7cb1" writeChunk { blockID { containerID: 2 localID: 111677748019200002 blockCommitSequenceId: 3 replicaIndex: 0 } chunkData { chunkName: "111677748019200002_chunk_2" offset: 5 len: 10 checksumData { type: CRC32 bytesPerChecksum: 1048576 checksums: "\317\357R*" } } }, container path=/home/runner/work/ozone/ozone/hadoop-ozone/integration-test/target/test-dir/MiniOzoneClusterImpl-b640deff-6994-498f-92ea-4ac5c972f0d8/datanode-3/data-0/containers/hdds/b640deff-6994-498f-92ea-4ac5c972f0d8/current/containerDir0/2
	at java.util.concurrent.CompletableFuture.encodeThrowable(CompletableFuture.java:292)
	at java.util.concurrent.CompletableFuture.completeThrowable(CompletableFuture.java:308)
	at java.util.concurrent.CompletableFuture.biRelay(CompletableFuture.java:1298)
	at java.util.concurrent.CompletableFuture$BiRelay.tryFire(CompletableFuture.java:1284)
	at java.util.concurrent.CompletableFuture.postComplete(CompletableFuture.java:488)
	at java.util.concurrent.CompletableFuture.completeExceptionally(CompletableFuture.java:1990)
	at org.apache.ratis.server.raftlog.segmented.SegmentedRaftLog$Task.failed(SegmentedRaftLog.java:104)
	at org.apache.ratis.server.raftlog.segmented.SegmentedRaftLogWorker$WriteLog.failed(SegmentedRaftLogWorker.java:540)
	at org.apache.ratis.server.raftlog.segmented.SegmentedRaftLogWorker.run(SegmentedRaftLogWorker.java:330)
	at java.lang.Thread.run(Thread.java:750)
Caused by: org.apache.ratis.server.raftlog.RaftLogIOException: Log already failed at index 5 for task WriteLog:5: (t:1, i:5), STATEMACHINELOGENTRY, cmdType: WriteChunk traceID: "" containerID: 2 datanodeUuid: "b7c32ab9-1d10-40a2-8298-2f54da75b521" pipelineID: "3756dc69-1fb3-4329-b2d6-98770bde7cb1" writeChunk { blockID { containerID: 2 localID: 111677748019200002 blockCommitSequenceId: 3 replicaIndex: 0 } chunkData { chunkName: "111677748019200002_chunk_2" offset: 5 len: 10 checksumData { type: CRC32 bytesPerChecksum: 1048576 checksums: "\317\357R*" } } }, container path=/home/runner/work/ozone/ozone/hadoop-ozone/integration-test/target/test-dir/MiniOzoneClusterImpl-b640deff-6994-498f-92ea-4ac5c972f0d8/datanode-3/data-0/containers/hdds/b640deff-6994-498f-92ea-4ac5c972f0d8/current/containerDir0/2
	at org.apache.ratis.server.raftlog.segmented.SegmentedRaftLogWorker.run(SegmentedRaftLogWorker.java:333)
	... 1 more
Caused by: org.apache.hadoop.hdds.scm.container.common.helpers.StorageContainerException: Chunks directory /home/runner/work/ozone/ozone/hadoop-ozone/integration-test/target/test-dir/MiniOzoneClusterImpl-b640deff-6994-498f-92ea-4ac5c972f0d8/datanode-3/data-0/containers/hdds/b640deff-6994-498f-92ea-4ac5c972f0d8/current/containerDir0/2/chunks does not exist.
	at org.apache.hadoop.ozone.container.common.transport.server.ratis.ContainerStateMachine.lambda$handleWriteChunk$3(ContainerStateMachine.java:522)
	at java.util.concurrent.CompletableFuture.uniApply(CompletableFuture.java:616)
	at java.util.concurrent.CompletableFuture$UniApply.tryFire(CompletableFuture.java:591)
	at java.util.concurrent.CompletableFuture.postComplete(CompletableFuture.java:488)
	at java.util.concurrent.CompletableFuture$AsyncSupply.run(CompletableFuture.java:1609)
	at java.util.concurrent.ThreadPoolExecutor.runWorker(ThreadPoolExecutor.java:1149)
	at java.util.concurrent.ThreadPoolExecutor$Worker.run(ThreadPoolExecutor.java:624)
	... 1 more
2023-04-22 02:18:24,656 [1d143142-2b08-4d43-93ad-ad0adf4c04aa@group-98770BDE7CB1-StateMachineUpdater] INFO  ratis.ContainerStateMachine (ContainerStateMachine.java:takeSnapshot(330)) - group-98770BDE7CB1: Taking a snapshot at:(t:1, i:4) file /home/runner/work/ozone/ozone/hadoop-ozone/integration-test/target/test-dir/MiniOzoneClusterImpl-b640deff-6994-498f-92ea-4ac5c972f0d8/datanode-4/data/ratis/3756dc69-1fb3-4329-b2d6-98770bde7cb1/sm/snapshot.1_4
2023-04-22 02:18:24,653 [EventQueue-PipelineActionsForPipelineActionHandler] INFO  pipeline.PipelineActionHandler (PipelineActionHandler.java:processPipelineAction(83)) - Received pipeline action CLOSE for PipelineID=3756dc69-1fb3-4329-b2d6-98770bde7cb1 from datanode 1fa0605c-c70f-40a8-a13c-0f797dcff94f. Reason : Log already failed at index 5 for task WriteLog:5: (t:1, i:5), STATEMACHINELOGENTRY, cmdType: WriteChunk traceID: "" containerID: 2 datanodeUuid: "b7c32ab9-1d10-40a2-8298-2f54da75b521" pipelineID: "3756dc69-1fb3-4329-b2d6-98770bde7cb1" writeChunk { blockID { containerID: 2 localID: 111677748019200002 blockCommitSequenceId: 3 replicaIndex: 0 } chunkData { chunkName: "111677748019200002_chunk_2" offset: 5 len: 10 checksumData { type: CRC32 bytesPerChecksum: 1048576 checksums: "\317\357R*" } } }, container path=/home/runner/work/ozone/ozone/hadoop-ozone/integration-test/target/test-dir/MiniOzoneClusterImpl-b640deff-6994-498f-92ea-4ac5c972f0d8/datanode-3/data-0/containers/hdds/b640deff-6994-498f-92ea-4ac5c972f0d8/current/containerDir0/2
2023-04-22 02:18:24,658 [EventQueue-PipelineActionsForPipelineActionHandler] WARN  pipeline.PipelineActionHandler (PipelineActionHandler.java:processPipelineAction(94)) - Pipeline action CLOSE received for unknown pipeline PipelineID=3756dc69-1fb3-4329-b2d6-98770bde7cb1, firing close pipeline event.
2023-04-22 02:18:24,653 [4fb9f1f7-4e3b-4bcf-a7e7-c7ddcac09d11@group-D4D495DF8B74-StateMachineUpdater] INFO  impl.StateMachineUpdater (StateMachineUpdater.java:takeSnapshot(287)) - 4fb9f1f7-4e3b-4bcf-a7e7-c7ddcac09d11@group-D4D495DF8B74-StateMachineUpdater: Took a snapshot at index 3
2023-04-22 02:18:24,658 [4fb9f1f7-4e3b-4bcf-a7e7-c7ddcac09d11@group-D4D495DF8B74-StateMachineUpdater] INFO  impl.StateMachineUpdater (StateMachineUpdater.java:lambda$new$0(92)) - 4fb9f1f7-4e3b-4bcf-a7e7-c7ddcac09d11@group-D4D495DF8B74-StateMachineUpdater: snapshotIndex: updateIncreasingly 0 -> 3
2023-04-22 02:18:24,659 [1d143142-2b08-4d43-93ad-ad0adf4c04aa@group-98770BDE7CB1-StateMachineUpdater] INFO  ratis.ContainerStateMachine (ContainerStateMachine.java:takeSnapshot(341)) - group-98770BDE7CB1: Finished taking a snapshot at:(t:1, i:4) file:/home/runner/work/ozone/ozone/hadoop-ozone/integration-test/target/test-dir/MiniOzoneClusterImpl-b640deff-6994-498f-92ea-4ac5c972f0d8/datanode-4/data/ratis/3756dc69-1fb3-4329-b2d6-98770bde7cb1/sm/snapshot.1_4 took: 3 ms
2023-04-22 02:18:24,659 [1d143142-2b08-4d43-93ad-ad0adf4c04aa@group-98770BDE7CB1-StateMachineUpdater] INFO  impl.StateMachineUpdater (StateMachineUpdater.java:takeSnapshot(287)) - 1d143142-2b08-4d43-93ad-ad0adf4c04aa@group-98770BDE7CB1-StateMachineUpdater: Took a snapshot at index 4
2023-04-22 02:18:24,659 [1d143142-2b08-4d43-93ad-ad0adf4c04aa@group-98770BDE7CB1-StateMachineUpdater] INFO  impl.StateMachineUpdater (StateMachineUpdater.java:lambda$new$0(92)) - 1d143142-2b08-4d43-93ad-ad0adf4c04aa@group-98770BDE7CB1-StateMachineUpdater: snapshotIndex: updateIncreasingly 0 -> 4
2023-04-22 02:18:24,661 [grpc-default-executor-2] WARN  server.GrpcLogAppender (LogUtils.java:warn(124)) - 1d143142-2b08-4d43-93ad-ad0adf4c04aa@group-98770BDE7CB1->1fa0605c-c70f-40a8-a13c-0f797dcff94f-AppendLogResponseHandler: Failed appendEntries
org.apache.ratis.server.raftlog.RaftLogIOException: Log already failed at index 5 for task WriteLog:5: (t:1, i:5), STATEMACHINELOGENTRY, cmdType: WriteChunk traceID: "" containerID: 2 datanodeUuid: "b7c32ab9-1d10-40a2-8298-2f54da75b521" pipelineID: "3756dc69-1fb3-4329-b2d6-98770bde7cb1" writeChunk { blockID { containerID: 2 localID: 111677748019200002 blockCommitSequenceId: 3 replicaIndex: 0 } chunkData { chunkName: "111677748019200002_chunk_2" offset: 5 len: 10 checksumData { type: CRC32 bytesPerChecksum: 1048576 checksums: "\317\357R*" } } }, container path=/home/runner/work/ozone/ozone/hadoop-ozone/integration-test/target/test-dir/MiniOzoneClusterImpl-b640deff-6994-498f-92ea-4ac5c972f0d8/datanode-3/data-0/containers/hdds/b640deff-6994-498f-92ea-4ac5c972f0d8/current/containerDir0/2
	at org.apache.ratis.server.raftlog.segmented.SegmentedRaftLogWorker.run(SegmentedRaftLogWorker.java:333)
	at java.lang.Thread.run(Thread.java:750)
Caused by: org.apache.hadoop.hdds.scm.container.common.helpers.StorageContainerException: Chunks directory /home/runner/work/ozone/ozone/hadoop-ozone/integration-test/target/test-dir/MiniOzoneClusterImpl-b640deff-6994-498f-92ea-4ac5c972f0d8/datanode-3/data-0/containers/hdds/b640deff-6994-498f-92ea-4ac5c972f0d8/current/containerDir0/2/chunks does not exist.
	at org.apache.hadoop.ozone.container.common.transport.server.ratis.ContainerStateMachine.lambda$handleWriteChunk$3(ContainerStateMachine.java:522)
	at java.util.concurrent.CompletableFuture.uniApply(CompletableFuture.java:616)
	at java.util.concurrent.CompletableFuture$UniApply.tryFire(CompletableFuture.java:591)
	at java.util.concurrent.CompletableFuture.postComplete(CompletableFuture.java:488)
	at java.util.concurrent.CompletableFuture$AsyncSupply.run(CompletableFuture.java:1609)
	at java.util.concurrent.ThreadPoolExecutor.runWorker(ThreadPoolExecutor.java:1149)
	at java.util.concurrent.ThreadPoolExecutor$Worker.run(ThreadPoolExecutor.java:624)
	... 1 more
2023-04-22 02:18:24,661 [grpc-default-executor-2] INFO  leader.FollowerInfo (FollowerInfoImpl.java:lambda$new$0(48)) - 1d143142-2b08-4d43-93ad-ad0adf4c04aa@group-98770BDE7CB1->1fa0605c-c70f-40a8-a13c-0f797dcff94f: nextIndex: updateUnconditionally 9 -> 8
2023-04-22 02:18:24,672 [1d143142-2b08-4d43-93ad-ad0adf4c04aa@group-98770BDE7CB1-StateMachineUpdater] INFO  ratis.ContainerStateMachine (ContainerStateMachine.java:takeSnapshot(330)) - group-98770BDE7CB1: Taking a snapshot at:(t:1, i:5) file /home/runner/work/ozone/ozone/hadoop-ozone/integration-test/target/test-dir/MiniOzoneClusterImpl-b640deff-6994-498f-92ea-4ac5c972f0d8/datanode-4/data/ratis/3756dc69-1fb3-4329-b2d6-98770bde7cb1/sm/snapshot.1_5
2023-04-22 02:18:24,675 [1d143142-2b08-4d43-93ad-ad0adf4c04aa@group-98770BDE7CB1-StateMachineUpdater] INFO  ratis.ContainerStateMachine (ContainerStateMachine.java:takeSnapshot(341)) - group-98770BDE7CB1: Finished taking a snapshot at:(t:1, i:5) file:/home/runner/work/ozone/ozone/hadoop-ozone/integration-test/target/test-dir/MiniOzoneClusterImpl-b640deff-6994-498f-92ea-4ac5c972f0d8/datanode-4/data/ratis/3756dc69-1fb3-4329-b2d6-98770bde7cb1/sm/snapshot.1_5 took: 3 ms
2023-04-22 02:18:24,675 [1d143142-2b08-4d43-93ad-ad0adf4c04aa@group-98770BDE7CB1-StateMachineUpdater] INFO  impl.StateMachineUpdater (StateMachineUpdater.java:takeSnapshot(287)) - 1d143142-2b08-4d43-93ad-ad0adf4c04aa@group-98770BDE7CB1-StateMachineUpdater: Took a snapshot at index 5
2023-04-22 02:18:24,675 [1d143142-2b08-4d43-93ad-ad0adf4c04aa@group-98770BDE7CB1-StateMachineUpdater] INFO  impl.StateMachineUpdater (StateMachineUpdater.java:lambda$new$0(92)) - 1d143142-2b08-4d43-93ad-ad0adf4c04aa@group-98770BDE7CB1-StateMachineUpdater: snapshotIndex: updateIncreasingly 4 -> 5
2023-04-22 02:18:24,701 [44aa5787-a9ca-4d27-a88e-9069c8f4547b@group-D4D495DF8B74-StateMachineUpdater] INFO  ratis.ContainerStateMachine (ContainerStateMachine.java:takeSnapshot(330)) - group-D4D495DF8B74: Taking a snapshot at:(t:1, i:3) file /home/runner/work/ozone/ozone/hadoop-ozone/integration-test/target/test-dir/MiniOzoneClusterImpl-b640deff-6994-498f-92ea-4ac5c972f0d8/datanode-1/data/ratis/f27d81a8-358d-4e8b-922b-d4d495df8b74/sm/snapshot.1_3
2023-04-22 02:18:24,703 [44aa5787-a9ca-4d27-a88e-9069c8f4547b@group-D4D495DF8B74-StateMachineUpdater] INFO  ratis.ContainerStateMachine (ContainerStateMachine.java:takeSnapshot(341)) - group-D4D495DF8B74: Finished taking a snapshot at:(t:1, i:3) file:/home/runner/work/ozone/ozone/hadoop-ozone/integration-test/target/test-dir/MiniOzoneClusterImpl-b640deff-6994-498f-92ea-4ac5c972f0d8/datanode-1/data/ratis/f27d81a8-358d-4e8b-922b-d4d495df8b74/sm/snapshot.1_3 took: 2 ms
2023-04-22 02:18:24,703 [44aa5787-a9ca-4d27-a88e-9069c8f4547b@group-D4D495DF8B74-StateMachineUpdater] INFO  impl.StateMachineUpdater (StateMachineUpdater.java:takeSnapshot(287)) - 44aa5787-a9ca-4d27-a88e-9069c8f4547b@group-D4D495DF8B74-StateMachineUpdater: Took a snapshot at index 3
2023-04-22 02:18:24,703 [44aa5787-a9ca-4d27-a88e-9069c8f4547b@group-D4D495DF8B74-StateMachineUpdater] INFO  impl.StateMachineUpdater (StateMachineUpdater.java:lambda$new$0(92)) - 44aa5787-a9ca-4d27-a88e-9069c8f4547b@group-D4D495DF8B74-StateMachineUpdater: snapshotIndex: updateIncreasingly 0 -> 3
2023-04-22 02:18:24,724 [FixedThreadPoolWithAffinityExecutor-9-0] WARN  container.ContainerReportHandler (AbstractContainerReportHandler.java:updateContainerState(259)) - Container #1 is in OPEN state, but the datanode 6aaf5ca8-0737-4296-ba95-7f0e9402c55b(fv-az443-428.ap2fcshprsnunfx25e1aelzb4b.cx.internal.cloudapp.net/10.1.0.20) reports an QUASI_CLOSED replica.
2023-04-22 02:18:24,784 [FixedThreadPoolWithAffinityExecutor-0-0] WARN  container.ContainerReportHandler (AbstractContainerReportHandler.java:updateContainerState(259)) - Container #1 is in OPEN state, but the datanode 4fb9f1f7-4e3b-4bcf-a7e7-c7ddcac09d11(fv-az443-428.ap2fcshprsnunfx25e1aelzb4b.cx.internal.cloudapp.net/10.1.0.20) reports an QUASI_CLOSED replica.
2023-04-22 02:18:24,792 [Command processor thread] INFO  server.RaftServer (RaftServerProxy.java:remove(107)) - 1fa0605c-c70f-40a8-a13c-0f797dcff94f: remove  FOLLOWER 1fa0605c-c70f-40a8-a13c-0f797dcff94f@group-98770BDE7CB1:t1, leader=1d143142-2b08-4d43-93ad-ad0adf4c04aa, voted=1d143142-2b08-4d43-93ad-ad0adf4c04aa, raftlog=Memoized:1fa0605c-c70f-40a8-a13c-0f797dcff94f@group-98770BDE7CB1-SegmentedRaftLog:OPENED:c4, conf=0: peers:[1d143142-2b08-4d43-93ad-ad0adf4c04aa|rpc:10.1.0.20:35317|dataStream:10.1.0.20:37137|priority:1|startupRole:FOLLOWER, b7c32ab9-1d10-40a2-8298-2f54da75b521|rpc:10.1.0.20:39931|dataStream:10.1.0.20:33643|priority:0|startupRole:FOLLOWER, 1fa0605c-c70f-40a8-a13c-0f797dcff94f|rpc:10.1.0.20:37453|dataStream:10.1.0.20:37951|priority:0|startupRole:FOLLOWER]|listeners:[], old=null RUNNING
2023-04-22 02:18:24,793 [Command processor thread] INFO  server.RaftServer$Division (RaftServerImpl.java:lambda$close$4(458)) - 1fa0605c-c70f-40a8-a13c-0f797dcff94f@group-98770BDE7CB1: shutdown
2023-04-22 02:18:24,793 [Command processor thread] INFO  util.JmxRegister (JmxRegister.java:unregister(73)) - Successfully un-registered JMX Bean with object name Ratis:service=RaftServer,group=group-98770BDE7CB1,id=1fa0605c-c70f-40a8-a13c-0f797dcff94f
2023-04-22 02:18:24,793 [Command processor thread] INFO  impl.RoleInfo (RoleInfo.java:shutdownFollowerState(110)) - 1fa0605c-c70f-40a8-a13c-0f797dcff94f: shutdown 1fa0605c-c70f-40a8-a13c-0f797dcff94f@group-98770BDE7CB1-FollowerState
2023-04-22 02:18:24,793 [Command processor thread] INFO  impl.StateMachineUpdater (StateMachineUpdater.java:stopAndJoin(153)) - 1fa0605c-c70f-40a8-a13c-0f797dcff94f@group-98770BDE7CB1-StateMachineUpdater: set stopIndex = 4
2023-04-22 02:18:24,793 [1fa0605c-c70f-40a8-a13c-0f797dcff94f@group-98770BDE7CB1-FollowerState] INFO  impl.FollowerState (FollowerState.java:run(152)) - 1fa0605c-c70f-40a8-a13c-0f797dcff94f@group-98770BDE7CB1-FollowerState was interrupted
2023-04-22 02:18:24,793 [1fa0605c-c70f-40a8-a13c-0f797dcff94f@group-98770BDE7CB1-StateMachineUpdater] ERROR ratis.ContainerStateMachine (ContainerStateMachine.java:takeSnapshot(324)) - Failed to take snapshot  for group-98770BDE7CB1 as the stateMachine is unhealthy. The last applied index is at (t:1, i:4)
2023-04-22 02:18:24,793 [1fa0605c-c70f-40a8-a13c-0f797dcff94f@group-98770BDE7CB1-StateMachineUpdater] ERROR impl.StateMachineUpdater (StateMachineUpdater.java:takeSnapshot(282)) - 1fa0605c-c70f-40a8-a13c-0f797dcff94f@group-98770BDE7CB1-StateMachineUpdater: Failed to take snapshot
org.apache.ratis.protocol.exceptions.StateMachineException: Failed to take snapshot  for group-98770BDE7CB1 as the stateMachine is unhealthy. The last applied index is at (t:1, i:4)
	at org.apache.hadoop.ozone.container.common.transport.server.ratis.ContainerStateMachine.takeSnapshot(ContainerStateMachine.java:323)
	at org.apache.ratis.server.impl.StateMachineUpdater.takeSnapshot(StateMachineUpdater.java:270)
	at org.apache.ratis.server.impl.StateMachineUpdater.checkAndTakeSnapshot(StateMachineUpdater.java:262)
	at org.apache.ratis.server.impl.StateMachineUpdater.run(StateMachineUpdater.java:183)
	at java.lang.Thread.run(Thread.java:750)
2023-04-22 02:18:24,794 [1fa0605c-c70f-40a8-a13c-0f797dcff94f@group-98770BDE7CB1-StateMachineUpdater] ERROR ratis.ContainerStateMachine (ContainerStateMachine.java:takeSnapshot(324)) - Failed to take snapshot  for group-98770BDE7CB1 as the stateMachine is unhealthy. The last applied index is at (t:1, i:4)
2023-04-22 02:18:24,794 [1fa0605c-c70f-40a8-a13c-0f797dcff94f@group-98770BDE7CB1-StateMachineUpdater] ERROR impl.StateMachineUpdater (StateMachineUpdater.java:takeSnapshot(282)) - 1fa0605c-c70f-40a8-a13c-0f797dcff94f@group-98770BDE7CB1-StateMachineUpdater: Failed to take snapshot
org.apache.ratis.protocol.exceptions.StateMachineException: Failed to take snapshot  for group-98770BDE7CB1 as the stateMachine is unhealthy. The last applied index is at (t:1, i:4)
	at org.apache.hadoop.ozone.container.common.transport.server.ratis.ContainerStateMachine.takeSnapshot(ContainerStateMachine.java:323)
	at org.apache.ratis.server.impl.StateMachineUpdater.takeSnapshot(StateMachineUpdater.java:270)
	at org.apache.ratis.server.impl.StateMachineUpdater.checkAndTakeSnapshot(StateMachineUpdater.java:262)
	at org.apache.ratis.server.impl.StateMachineUpdater.run(StateMachineUpdater.java:186)
	at java.lang.Thread.run(Thread.java:750)
2023-04-22 02:18:24,794 [Command processor thread] INFO  server.RaftServer$Division (ServerState.java:close(466)) - 1fa0605c-c70f-40a8-a13c-0f797dcff94f@group-98770BDE7CB1: closes. applyIndex: 4
2023-04-22 02:18:24,795 [1fa0605c-c70f-40a8-a13c-0f797dcff94f@group-98770BDE7CB1-SegmentedRaftLogWorker] INFO  segmented.SegmentedRaftLogWorker (SegmentedRaftLogWorker.java:run(347)) - 1fa0605c-c70f-40a8-a13c-0f797dcff94f@group-98770BDE7CB1-SegmentedRaftLogWorker was interrupted, exiting. There are 0 tasks remaining in the queue.
2023-04-22 02:18:24,797 [Command processor thread] INFO  segmented.SegmentedRaftLogWorker (SegmentedRaftLogWorker.java:close(257)) - 1fa0605c-c70f-40a8-a13c-0f797dcff94f@group-98770BDE7CB1-SegmentedRaftLogWorker close()
2023-04-22 02:18:24,799 [FixedThreadPoolWithAffinityExecutor-0-0] WARN  container.ContainerReportHandler (AbstractContainerReportHandler.java:updateContainerState(259)) - Container #1 is in OPEN state, but the datanode 44aa5787-a9ca-4d27-a88e-9069c8f4547b(fv-az443-428.ap2fcshprsnunfx25e1aelzb4b.cx.internal.cloudapp.net/10.1.0.20) reports an QUASI_CLOSED replica.
2023-04-22 02:18:24,804 [Command processor thread] INFO  server.RaftServer$Division (RaftServerImpl.java:groupRemove(428)) - 1fa0605c-c70f-40a8-a13c-0f797dcff94f@group-98770BDE7CB1: Succeed to remove RaftStorageDirectory Storage Directory /home/runner/work/ozone/ozone/hadoop-ozone/integration-test/target/test-dir/MiniOzoneClusterImpl-b640deff-6994-498f-92ea-4ac5c972f0d8/datanode-3/data/ratis/3756dc69-1fb3-4329-b2d6-98770bde7cb1
2023-04-22 02:18:24,805 [Command processor thread] INFO  commandhandler.ClosePipelineCommandHandler (ClosePipelineCommandHandler.java:handle(78)) - Close Pipeline PipelineID=3756dc69-1fb3-4329-b2d6-98770bde7cb1 command on datanode 1fa0605c-c70f-40a8-a13c-0f797dcff94f.
2023-04-22 02:18:24,854 [EventQueue-PipelineReportForPipelineReportHandler] INFO  pipeline.PipelineReportHandler (PipelineReportHandler.java:processPipelineReport(115)) - Reported pipeline PipelineID=3756dc69-1fb3-4329-b2d6-98770bde7cb1 is not found
2023-04-22 02:18:24,868 [EventQueue-PipelineReportForPipelineReportHandler] INFO  pipeline.PipelineReportHandler (PipelineReportHandler.java:processPipelineReport(115)) - Reported pipeline PipelineID=3756dc69-1fb3-4329-b2d6-98770bde7cb1 is not found
2023-04-22 02:18:24,997 [FixedThreadPoolWithAffinityExecutor-0-0] WARN  container.ContainerReportHandler (AbstractContainerReportHandler.java:updateContainerState(259)) - Container #1 is in OPEN state, but the datanode 44aa5787-a9ca-4d27-a88e-9069c8f4547b(fv-az443-428.ap2fcshprsnunfx25e1aelzb4b.cx.internal.cloudapp.net/10.1.0.20) reports an QUASI_CLOSED replica.
2023-04-22 02:18:25,040 [EventQueue-PipelineReportForPipelineReportHandler] INFO  pipeline.PipelineReportHandler (PipelineReportHandler.java:processPipelineReport(115)) - Reported pipeline PipelineID=3756dc69-1fb3-4329-b2d6-98770bde7cb1 is not found
2023-04-22 02:18:25,068 [EventQueue-PipelineReportForPipelineReportHandler] INFO  pipeline.PipelineReportHandler (PipelineReportHandler.java:processPipelineReport(115)) - Reported pipeline PipelineID=3756dc69-1fb3-4329-b2d6-98770bde7cb1 is not found
2023-04-22 02:18:25,127 [FixedThreadPoolWithAffinityExecutor-9-0] WARN  container.ContainerReportHandler (AbstractContainerReportHandler.java:updateContainerState(259)) - Container #1 is in OPEN state, but the datanode 6aaf5ca8-0737-4296-ba95-7f0e9402c55b(fv-az443-428.ap2fcshprsnunfx25e1aelzb4b.cx.internal.cloudapp.net/10.1.0.20) reports an QUASI_CLOSED replica.
2023-04-22 02:18:25,184 [FixedThreadPoolWithAffinityExecutor-0-0] WARN  container.ContainerReportHandler (AbstractContainerReportHandler.java:updateContainerState(259)) - Container #1 is in OPEN state, but the datanode 4fb9f1f7-4e3b-4bcf-a7e7-c7ddcac09d11(fv-az443-428.ap2fcshprsnunfx25e1aelzb4b.cx.internal.cloudapp.net/10.1.0.20) reports an QUASI_CLOSED replica.
2023-04-22 02:18:25,197 [FixedThreadPoolWithAffinityExecutor-0-0] WARN  container.ContainerReportHandler (AbstractContainerReportHandler.java:updateContainerState(259)) - Container #1 is in OPEN state, but the datanode 44aa5787-a9ca-4d27-a88e-9069c8f4547b(fv-az443-428.ap2fcshprsnunfx25e1aelzb4b.cx.internal.cloudapp.net/10.1.0.20) reports an QUASI_CLOSED replica.
2023-04-22 02:18:25,304 [Command processor thread] INFO  server.RaftServer (RaftServerProxy.java:remove(107)) - 1d143142-2b08-4d43-93ad-ad0adf4c04aa: remove    LEADER 1d143142-2b08-4d43-93ad-ad0adf4c04aa@group-98770BDE7CB1:t1, leader=1d143142-2b08-4d43-93ad-ad0adf4c04aa, voted=1d143142-2b08-4d43-93ad-ad0adf4c04aa, raftlog=Memoized:1d143142-2b08-4d43-93ad-ad0adf4c04aa@group-98770BDE7CB1-SegmentedRaftLog:OPENED:c8, conf=0: peers:[1d143142-2b08-4d43-93ad-ad0adf4c04aa|rpc:10.1.0.20:35317|dataStream:10.1.0.20:37137|priority:1|startupRole:FOLLOWER, b7c32ab9-1d10-40a2-8298-2f54da75b521|rpc:10.1.0.20:39931|dataStream:10.1.0.20:33643|priority:0|startupRole:FOLLOWER, 1fa0605c-c70f-40a8-a13c-0f797dcff94f|rpc:10.1.0.20:37453|dataStream:10.1.0.20:37951|priority:0|startupRole:FOLLOWER]|listeners:[], old=null RUNNING
2023-04-22 02:18:25,304 [Command processor thread] INFO  server.RaftServer$Division (RaftServerImpl.java:lambda$close$4(458)) - 1d143142-2b08-4d43-93ad-ad0adf4c04aa@group-98770BDE7CB1: shutdown
2023-04-22 02:18:25,304 [Command processor thread] INFO  util.JmxRegister (JmxRegister.java:unregister(73)) - Successfully un-registered JMX Bean with object name Ratis:service=RaftServer,group=group-98770BDE7CB1,id=1d143142-2b08-4d43-93ad-ad0adf4c04aa
2023-04-22 02:18:25,304 [Command processor thread] INFO  impl.RoleInfo (RoleInfo.java:shutdownLeaderState(93)) - 1d143142-2b08-4d43-93ad-ad0adf4c04aa: shutdown 1d143142-2b08-4d43-93ad-ad0adf4c04aa@group-98770BDE7CB1-LeaderStateImpl
2023-04-22 02:18:25,305 [1d143142-2b08-4d43-93ad-ad0adf4c04aa@group-98770BDE7CB1->b7c32ab9-1d10-40a2-8298-2f54da75b521-GrpcLogAppender-LogAppenderDaemon] WARN  server.GrpcLogAppender (GrpcLogAppender.java:mayWait(200)) - 1d143142-2b08-4d43-93ad-ad0adf4c04aa@group-98770BDE7CB1->b7c32ab9-1d10-40a2-8298-2f54da75b521-GrpcLogAppender: Wait interrupted by java.lang.InterruptedException
2023-04-22 02:18:25,305 [Command processor thread] INFO  impl.PendingRequests (PendingRequests.java:sendNotLeaderResponses(282)) - 1d143142-2b08-4d43-93ad-ad0adf4c04aa@group-98770BDE7CB1-PendingRequests: sendNotLeaderResponses
2023-04-22 02:18:25,308 [grpc-default-executor-2] INFO  server.GrpcServerProtocolService (GrpcServerProtocolService.java:onCompleted(143)) - b7c32ab9-1d10-40a2-8298-2f54da75b521: Completed APPEND_ENTRIES, lastRequest: 1d143142-2b08-4d43-93ad-ad0adf4c04aa->b7c32ab9-1d10-40a2-8298-2f54da75b521#32-t1,previous=(t:1, i:7),leaderCommit=7,initializing? true,entries: size=1, first=(t:1, i:8), METADATAENTRY(c:6)
2023-04-22 02:18:25,308 [grpc-default-executor-1] INFO  server.GrpcServerProtocolService (GrpcServerProtocolService.java:onCompleted(143)) - b7c32ab9-1d10-40a2-8298-2f54da75b521: Completed APPEND_ENTRIES, lastRequest: null
2023-04-22 02:18:25,309 [1d143142-2b08-4d43-93ad-ad0adf4c04aa@group-98770BDE7CB1->1fa0605c-c70f-40a8-a13c-0f797dcff94f-GrpcLogAppender-LogAppenderDaemon] WARN  server.GrpcLogAppender (GrpcLogAppender.java:mayWait(200)) - 1d143142-2b08-4d43-93ad-ad0adf4c04aa@group-98770BDE7CB1->1fa0605c-c70f-40a8-a13c-0f797dcff94f-GrpcLogAppender: Wait interrupted by java.lang.InterruptedException
2023-04-22 02:18:25,310 [grpc-default-executor-1] INFO  server.GrpcServerProtocolService (GrpcServerProtocolService.java:onCompleted(143)) - 1fa0605c-c70f-40a8-a13c-0f797dcff94f: Completed APPEND_ENTRIES, lastRequest: null
2023-04-22 02:18:25,310 [grpc-default-executor-5] INFO  server.GrpcLogAppender (GrpcLogAppender.java:onCompleted(415)) - 1d143142-2b08-4d43-93ad-ad0adf4c04aa@group-98770BDE7CB1->b7c32ab9-1d10-40a2-8298-2f54da75b521-AppendLogResponseHandler: follower responses appendEntries COMPLETED
2023-04-22 02:18:25,310 [grpc-default-executor-5] INFO  leader.FollowerInfo (FollowerInfoImpl.java:lambda$new$0(48)) - 1d143142-2b08-4d43-93ad-ad0adf4c04aa@group-98770BDE7CB1->b7c32ab9-1d10-40a2-8298-2f54da75b521: nextIndex: updateUnconditionally 9 -> 8
2023-04-22 02:18:25,310 [grpc-default-executor-3] INFO  server.GrpcServerProtocolService (GrpcServerProtocolService.java:onCompleted(143)) - 1fa0605c-c70f-40a8-a13c-0f797dcff94f: Completed APPEND_ENTRIES, lastRequest: 1d143142-2b08-4d43-93ad-ad0adf4c04aa->1fa0605c-c70f-40a8-a13c-0f797dcff94f#27-t1,previous=(t:1, i:7),leaderCommit=8,initializing? true,entries: size=1, first=(t:1, i:8), METADATAENTRY(c:6)
2023-04-22 02:18:25,310 [grpc-default-executor-4] INFO  server.GrpcLogAppender (GrpcLogAppender.java:onCompleted(415)) - 1d143142-2b08-4d43-93ad-ad0adf4c04aa@group-98770BDE7CB1->b7c32ab9-1d10-40a2-8298-2f54da75b521-AppendLogResponseHandler: follower responses appendEntries COMPLETED
2023-04-22 02:18:25,310 [grpc-default-executor-4] INFO  leader.FollowerInfo (FollowerInfoImpl.java:lambda$new$0(48)) - 1d143142-2b08-4d43-93ad-ad0adf4c04aa@group-98770BDE7CB1->b7c32ab9-1d10-40a2-8298-2f54da75b521: nextIndex: updateUnconditionally 8 -> 7
2023-04-22 02:18:25,311 [grpc-default-executor-2] INFO  server.GrpcLogAppender (GrpcLogAppender.java:onCompleted(415)) - 1d143142-2b08-4d43-93ad-ad0adf4c04aa@group-98770BDE7CB1->1fa0605c-c70f-40a8-a13c-0f797dcff94f-AppendLogResponseHandler: follower responses appendEntries COMPLETED
2023-04-22 02:18:25,311 [grpc-default-executor-2] INFO  leader.FollowerInfo (FollowerInfoImpl.java:lambda$new$0(48)) - 1d143142-2b08-4d43-93ad-ad0adf4c04aa@group-98770BDE7CB1->1fa0605c-c70f-40a8-a13c-0f797dcff94f: nextIndex: updateUnconditionally 9 -> 8
2023-04-22 02:18:25,313 [grpc-default-executor-4] INFO  server.GrpcLogAppender (GrpcLogAppender.java:onCompleted(415)) - 1d143142-2b08-4d43-93ad-ad0adf4c04aa@group-98770BDE7CB1->1fa0605c-c70f-40a8-a13c-0f797dcff94f-AppendLogResponseHandler: follower responses appendEntries COMPLETED
2023-04-22 02:18:25,313 [grpc-default-executor-4] INFO  leader.FollowerInfo (FollowerInfoImpl.java:lambda$new$0(48)) - 1d143142-2b08-4d43-93ad-ad0adf4c04aa@group-98770BDE7CB1->1fa0605c-c70f-40a8-a13c-0f797dcff94f: nextIndex: updateUnconditionally 8 -> 7
2023-04-22 02:18:25,315 [1d143142-2b08-4d43-93ad-ad0adf4c04aa@group-98770BDE7CB1-StateMachineUpdater] INFO  ratis.ContainerStateMachine (ContainerStateMachine.java:takeSnapshot(330)) - group-98770BDE7CB1: Taking a snapshot at:(t:1, i:8) file /home/runner/work/ozone/ozone/hadoop-ozone/integration-test/target/test-dir/MiniOzoneClusterImpl-b640deff-6994-498f-92ea-4ac5c972f0d8/datanode-4/data/ratis/3756dc69-1fb3-4329-b2d6-98770bde7cb1/sm/snapshot.1_8
2023-04-22 02:18:25,315 [null-request--thread1] INFO  server.GrpcClientProtocolService (GrpcClientProtocolService.java:lambda$processClientRequest$0(284)) - Failed RaftClientRequest:client-C4C23344A23C->1d143142-2b08-4d43-93ad-ad0adf4c04aa@group-98770BDE7CB1, cid=25, seq=0, Watch-ALL_COMMITTED(6), Message:<EMPTY>, reply=RaftClientReply:client-C4C23344A23C->1d143142-2b08-4d43-93ad-ad0adf4c04aa@group-98770BDE7CB1, cid=25, FAILED org.apache.ratis.protocol.exceptions.NotLeaderException: Server 1d143142-2b08-4d43-93ad-ad0adf4c04aa@group-98770BDE7CB1 is not the leader, logIndex=0, commits[1d143142-2b08-4d43-93ad-ad0adf4c04aa:c8]
2023-04-22 02:18:25,315 [Command processor thread] INFO  impl.StateMachineUpdater (StateMachineUpdater.java:stopAndJoin(153)) - 1d143142-2b08-4d43-93ad-ad0adf4c04aa@group-98770BDE7CB1-StateMachineUpdater: set stopIndex = 8
2023-04-22 02:18:25,316 [1d143142-2b08-4d43-93ad-ad0adf4c04aa@group-98770BDE7CB1-StateMachineUpdater] INFO  ratis.ContainerStateMachine (ContainerStateMachine.java:takeSnapshot(341)) - group-98770BDE7CB1: Finished taking a snapshot at:(t:1, i:8) file:/home/runner/work/ozone/ozone/hadoop-ozone/integration-test/target/test-dir/MiniOzoneClusterImpl-b640deff-6994-498f-92ea-4ac5c972f0d8/datanode-4/data/ratis/3756dc69-1fb3-4329-b2d6-98770bde7cb1/sm/snapshot.1_8 took: 1 ms
2023-04-22 02:18:25,319 [1d143142-2b08-4d43-93ad-ad0adf4c04aa@group-98770BDE7CB1-StateMachineUpdater] INFO  impl.StateMachineUpdater (StateMachineUpdater.java:takeSnapshot(287)) - 1d143142-2b08-4d43-93ad-ad0adf4c04aa@group-98770BDE7CB1-StateMachineUpdater: Took a snapshot at index 8
2023-04-22 02:18:25,319 [1d143142-2b08-4d43-93ad-ad0adf4c04aa@group-98770BDE7CB1-StateMachineUpdater] INFO  impl.StateMachineUpdater (StateMachineUpdater.java:lambda$new$0(92)) - 1d143142-2b08-4d43-93ad-ad0adf4c04aa@group-98770BDE7CB1-StateMachineUpdater: snapshotIndex: updateIncreasingly 5 -> 8
2023-04-22 02:18:25,320 [Command processor thread] INFO  server.RaftServer$Division (ServerState.java:close(466)) - 1d143142-2b08-4d43-93ad-ad0adf4c04aa@group-98770BDE7CB1: closes. applyIndex: 8
2023-04-22 02:18:25,320 [1d143142-2b08-4d43-93ad-ad0adf4c04aa@group-98770BDE7CB1-SegmentedRaftLogWorker] INFO  segmented.SegmentedRaftLogWorker (SegmentedRaftLogWorker.java:run(347)) - 1d143142-2b08-4d43-93ad-ad0adf4c04aa@group-98770BDE7CB1-SegmentedRaftLogWorker was interrupted, exiting. There are 0 tasks remaining in the queue.
2023-04-22 02:18:25,325 [Command processor thread] INFO  segmented.SegmentedRaftLogWorker (SegmentedRaftLogWorker.java:close(257)) - 1d143142-2b08-4d43-93ad-ad0adf4c04aa@group-98770BDE7CB1-SegmentedRaftLogWorker close()
2023-04-22 02:18:25,336 [Command processor thread] INFO  keyvalue.KeyValueContainer (KeyValueContainer.java:flushAndSyncDB(446)) - Container 2 is synced with bcsId 6.
2023-04-22 02:18:25,339 [Command processor thread] INFO  keyvalue.KeyValueContainer (KeyValueContainer.java:flushAndSyncDB(446)) - Container 2 is synced with bcsId 6.
2023-04-22 02:18:25,347 [Command processor thread] INFO  server.RaftServer$Division (RaftServerImpl.java:groupRemove(428)) - 1d143142-2b08-4d43-93ad-ad0adf4c04aa@group-98770BDE7CB1: Succeed to remove RaftStorageDirectory Storage Directory /home/runner/work/ozone/ozone/hadoop-ozone/integration-test/target/test-dir/MiniOzoneClusterImpl-b640deff-6994-498f-92ea-4ac5c972f0d8/datanode-4/data/ratis/3756dc69-1fb3-4329-b2d6-98770bde7cb1
2023-04-22 02:18:25,347 [Command processor thread] INFO  commandhandler.ClosePipelineCommandHandler (ClosePipelineCommandHandler.java:handle(78)) - Close Pipeline PipelineID=3756dc69-1fb3-4329-b2d6-98770bde7cb1 command on datanode 1d143142-2b08-4d43-93ad-ad0adf4c04aa.
2023-04-22 02:18:25,351 [FixedThreadPoolWithAffinityExecutor-1-0] INFO  container.IncrementalContainerReportHandler (AbstractContainerReportHandler.java:updateContainerState(285)) - Moving container #2 to QUASI_CLOSED state, datanode 1d143142-2b08-4d43-93ad-ad0adf4c04aa(fv-az443-428.ap2fcshprsnunfx25e1aelzb4b.cx.internal.cloudapp.net/10.1.0.20) reported QUASI_CLOSED replica.
2023-04-22 02:18:25,373 [Command processor thread] INFO  server.RaftServer (RaftServerProxy.java:remove(107)) - b7c32ab9-1d10-40a2-8298-2f54da75b521: remove  FOLLOWER b7c32ab9-1d10-40a2-8298-2f54da75b521@group-98770BDE7CB1:t1, leader=1d143142-2b08-4d43-93ad-ad0adf4c04aa, voted=1d143142-2b08-4d43-93ad-ad0adf4c04aa, raftlog=Memoized:b7c32ab9-1d10-40a2-8298-2f54da75b521@group-98770BDE7CB1-SegmentedRaftLog:OPENED:c4, conf=0: peers:[1d143142-2b08-4d43-93ad-ad0adf4c04aa|rpc:10.1.0.20:35317|dataStream:10.1.0.20:37137|priority:1|startupRole:FOLLOWER, b7c32ab9-1d10-40a2-8298-2f54da75b521|rpc:10.1.0.20:39931|dataStream:10.1.0.20:33643|priority:0|startupRole:FOLLOWER, 1fa0605c-c70f-40a8-a13c-0f797dcff94f|rpc:10.1.0.20:37453|dataStream:10.1.0.20:37951|priority:0|startupRole:FOLLOWER]|listeners:[], old=null RUNNING
2023-04-22 02:18:25,373 [Command processor thread] INFO  server.RaftServer$Division (RaftServerImpl.java:lambda$close$4(458)) - b7c32ab9-1d10-40a2-8298-2f54da75b521@group-98770BDE7CB1: shutdown
2023-04-22 02:18:25,373 [Command processor thread] INFO  util.JmxRegister (JmxRegister.java:unregister(73)) - Successfully un-registered JMX Bean with object name Ratis:service=RaftServer,group=group-98770BDE7CB1,id=b7c32ab9-1d10-40a2-8298-2f54da75b521
2023-04-22 02:18:25,374 [Command processor thread] INFO  impl.RoleInfo (RoleInfo.java:shutdownFollowerState(110)) - b7c32ab9-1d10-40a2-8298-2f54da75b521: shutdown b7c32ab9-1d10-40a2-8298-2f54da75b521@group-98770BDE7CB1-FollowerState
2023-04-22 02:18:25,374 [Command processor thread] INFO  impl.StateMachineUpdater (StateMachineUpdater.java:stopAndJoin(153)) - b7c32ab9-1d10-40a2-8298-2f54da75b521@group-98770BDE7CB1-StateMachineUpdater: set stopIndex = 4
2023-04-22 02:18:25,374 [b7c32ab9-1d10-40a2-8298-2f54da75b521@group-98770BDE7CB1-FollowerState] INFO  impl.FollowerState (FollowerState.java:run(152)) - b7c32ab9-1d10-40a2-8298-2f54da75b521@group-98770BDE7CB1-FollowerState was interrupted
2023-04-22 02:18:25,374 [b7c32ab9-1d10-40a2-8298-2f54da75b521@group-98770BDE7CB1-StateMachineUpdater] ERROR ratis.ContainerStateMachine (ContainerStateMachine.java:takeSnapshot(324)) - Failed to take snapshot  for group-98770BDE7CB1 as the stateMachine is unhealthy. The last applied index is at (t:1, i:4)
2023-04-22 02:18:25,374 [b7c32ab9-1d10-40a2-8298-2f54da75b521@group-98770BDE7CB1-StateMachineUpdater] ERROR impl.StateMachineUpdater (StateMachineUpdater.java:takeSnapshot(282)) - b7c32ab9-1d10-40a2-8298-2f54da75b521@group-98770BDE7CB1-StateMachineUpdater: Failed to take snapshot
org.apache.ratis.protocol.exceptions.StateMachineException: Failed to take snapshot  for group-98770BDE7CB1 as the stateMachine is unhealthy. The last applied index is at (t:1, i:4)
	at org.apache.hadoop.ozone.container.common.transport.server.ratis.ContainerStateMachine.takeSnapshot(ContainerStateMachine.java:323)
	at org.apache.ratis.server.impl.StateMachineUpdater.takeSnapshot(StateMachineUpdater.java:270)
	at org.apache.ratis.server.impl.StateMachineUpdater.checkAndTakeSnapshot(StateMachineUpdater.java:262)
	at org.apache.ratis.server.impl.StateMachineUpdater.run(StateMachineUpdater.java:183)
	at java.lang.Thread.run(Thread.java:750)
2023-04-22 02:18:25,374 [b7c32ab9-1d10-40a2-8298-2f54da75b521@group-98770BDE7CB1-StateMachineUpdater] ERROR ratis.ContainerStateMachine (ContainerStateMachine.java:takeSnapshot(324)) - Failed to take snapshot  for group-98770BDE7CB1 as the stateMachine is unhealthy. The last applied index is at (t:1, i:4)
2023-04-22 02:18:25,374 [b7c32ab9-1d10-40a2-8298-2f54da75b521@group-98770BDE7CB1-StateMachineUpdater] ERROR impl.StateMachineUpdater (StateMachineUpdater.java:takeSnapshot(282)) - b7c32ab9-1d10-40a2-8298-2f54da75b521@group-98770BDE7CB1-StateMachineUpdater: Failed to take snapshot
org.apache.ratis.protocol.exceptions.StateMachineException: Failed to take snapshot  for group-98770BDE7CB1 as the stateMachine is unhealthy. The last applied index is at (t:1, i:4)
	at org.apache.hadoop.ozone.container.common.transport.server.ratis.ContainerStateMachine.takeSnapshot(ContainerStateMachine.java:323)
	at org.apache.ratis.server.impl.StateMachineUpdater.takeSnapshot(StateMachineUpdater.java:270)
	at org.apache.ratis.server.impl.StateMachineUpdater.checkAndTakeSnapshot(StateMachineUpdater.java:262)
	at org.apache.ratis.server.impl.StateMachineUpdater.run(StateMachineUpdater.java:186)
	at java.lang.Thread.run(Thread.java:750)
2023-04-22 02:18:25,375 [Command processor thread] INFO  server.RaftServer$Division (ServerState.java:close(466)) - b7c32ab9-1d10-40a2-8298-2f54da75b521@group-98770BDE7CB1: closes. applyIndex: 4
2023-04-22 02:18:25,375 [b7c32ab9-1d10-40a2-8298-2f54da75b521@group-98770BDE7CB1-SegmentedRaftLogWorker] INFO  segmented.SegmentedRaftLogWorker (SegmentedRaftLogWorker.java:run(347)) - b7c32ab9-1d10-40a2-8298-2f54da75b521@group-98770BDE7CB1-SegmentedRaftLogWorker was interrupted, exiting. There are 0 tasks remaining in the queue.
2023-04-22 02:18:25,377 [Command processor thread] INFO  segmented.SegmentedRaftLogWorker (SegmentedRaftLogWorker.java:close(257)) - b7c32ab9-1d10-40a2-8298-2f54da75b521@group-98770BDE7CB1-SegmentedRaftLogWorker close()
2023-04-22 02:18:25,379 [Command processor thread] INFO  server.RaftServer$Division (RaftServerImpl.java:groupRemove(428)) - b7c32ab9-1d10-40a2-8298-2f54da75b521@group-98770BDE7CB1: Succeed to remove RaftStorageDirectory Storage Directory /home/runner/work/ozone/ozone/hadoop-ozone/integration-test/target/test-dir/MiniOzoneClusterImpl-b640deff-6994-498f-92ea-4ac5c972f0d8/datanode-5/data/ratis/3756dc69-1fb3-4329-b2d6-98770bde7cb1
2023-04-22 02:18:25,379 [Command processor thread] INFO  commandhandler.ClosePipelineCommandHandler (ClosePipelineCommandHandler.java:handle(78)) - Close Pipeline PipelineID=3756dc69-1fb3-4329-b2d6-98770bde7cb1 command on datanode b7c32ab9-1d10-40a2-8298-2f54da75b521.
2023-04-22 02:18:25,397 [FixedThreadPoolWithAffinityExecutor-0-0] WARN  container.ContainerReportHandler (AbstractContainerReportHandler.java:updateContainerState(259)) - Container #1 is in OPEN state, but the datanode 44aa5787-a9ca-4d27-a88e-9069c8f4547b(fv-az443-428.ap2fcshprsnunfx25e1aelzb4b.cx.internal.cloudapp.net/10.1.0.20) reports an QUASI_CLOSED replica.
2023-04-22 02:18:25,439 [EventQueue-PipelineReportForPipelineReportHandler] INFO  pipeline.PipelineReportHandler (PipelineReportHandler.java:processPipelineReport(115)) - Reported pipeline PipelineID=3756dc69-1fb3-4329-b2d6-98770bde7cb1 is not found
2023-04-22 02:18:25,524 [FixedThreadPoolWithAffinityExecutor-9-0] WARN  container.ContainerReportHandler (AbstractContainerReportHandler.java:updateContainerState(259)) - Container #1 is in OPEN state, but the datanode 6aaf5ca8-0737-4296-ba95-7f0e9402c55b(fv-az443-428.ap2fcshprsnunfx25e1aelzb4b.cx.internal.cloudapp.net/10.1.0.20) reports an QUASI_CLOSED replica.
2023-04-22 02:18:25,584 [FixedThreadPoolWithAffinityExecutor-0-0] WARN  container.ContainerReportHandler (AbstractContainerReportHandler.java:updateContainerState(259)) - Container #1 is in OPEN state, but the datanode 4fb9f1f7-4e3b-4bcf-a7e7-c7ddcac09d11(fv-az443-428.ap2fcshprsnunfx25e1aelzb4b.cx.internal.cloudapp.net/10.1.0.20) reports an QUASI_CLOSED replica.
2023-04-22 02:18:25,784 [FixedThreadPoolWithAffinityExecutor-0-0] WARN  container.ContainerReportHandler (AbstractContainerReportHandler.java:updateContainerState(259)) - Container #1 is in OPEN state, but the datanode 4fb9f1f7-4e3b-4bcf-a7e7-c7ddcac09d11(fv-az443-428.ap2fcshprsnunfx25e1aelzb4b.cx.internal.cloudapp.net/10.1.0.20) reports an QUASI_CLOSED replica.
2023-04-22 02:18:25,798 [FixedThreadPoolWithAffinityExecutor-0-0] WARN  container.ContainerReportHandler (AbstractContainerReportHandler.java:updateContainerState(259)) - Container #1 is in OPEN state, but the datanode 44aa5787-a9ca-4d27-a88e-9069c8f4547b(fv-az443-428.ap2fcshprsnunfx25e1aelzb4b.cx.internal.cloudapp.net/10.1.0.20) reports an QUASI_CLOSED replica.
2023-04-22 02:18:25,924 [FixedThreadPoolWithAffinityExecutor-9-0] WARN  container.ContainerReportHandler (AbstractContainerReportHandler.java:updateContainerState(259)) - Container #1 is in OPEN state, but the datanode 6aaf5ca8-0737-4296-ba95-7f0e9402c55b(fv-az443-428.ap2fcshprsnunfx25e1aelzb4b.cx.internal.cloudapp.net/10.1.0.20) reports an QUASI_CLOSED replica.
2023-04-22 02:18:25,997 [FixedThreadPoolWithAffinityExecutor-0-0] WARN  container.ContainerReportHandler (AbstractContainerReportHandler.java:updateContainerState(259)) - Container #1 is in OPEN state, but the datanode 44aa5787-a9ca-4d27-a88e-9069c8f4547b(fv-az443-428.ap2fcshprsnunfx25e1aelzb4b.cx.internal.cloudapp.net/10.1.0.20) reports an QUASI_CLOSED replica.
2023-04-22 02:18:26,184 [FixedThreadPoolWithAffinityExecutor-0-0] WARN  container.ContainerReportHandler (AbstractContainerReportHandler.java:updateContainerState(259)) - Container #1 is in OPEN state, but the datanode 4fb9f1f7-4e3b-4bcf-a7e7-c7ddcac09d11(fv-az443-428.ap2fcshprsnunfx25e1aelzb4b.cx.internal.cloudapp.net/10.1.0.20) reports an QUASI_CLOSED replica.
2023-04-22 02:18:26,197 [FixedThreadPoolWithAffinityExecutor-0-0] WARN  container.ContainerReportHandler (AbstractContainerReportHandler.java:updateContainerState(259)) - Container #1 is in OPEN state, but the datanode 44aa5787-a9ca-4d27-a88e-9069c8f4547b(fv-az443-428.ap2fcshprsnunfx25e1aelzb4b.cx.internal.cloudapp.net/10.1.0.20) reports an QUASI_CLOSED replica.
2023-04-22 02:18:26,325 [FixedThreadPoolWithAffinityExecutor-9-0] WARN  container.ContainerReportHandler (AbstractContainerReportHandler.java:updateContainerState(259)) - Container #1 is in OPEN state, but the datanode 6aaf5ca8-0737-4296-ba95-7f0e9402c55b(fv-az443-428.ap2fcshprsnunfx25e1aelzb4b.cx.internal.cloudapp.net/10.1.0.20) reports an QUASI_CLOSED replica.
2023-04-22 02:18:26,397 [FixedThreadPoolWithAffinityExecutor-0-0] WARN  container.ContainerReportHandler (AbstractContainerReportHandler.java:updateContainerState(259)) - Container #1 is in OPEN state, but the datanode 44aa5787-a9ca-4d27-a88e-9069c8f4547b(fv-az443-428.ap2fcshprsnunfx25e1aelzb4b.cx.internal.cloudapp.net/10.1.0.20) reports an QUASI_CLOSED replica.
2023-04-22 02:18:26,585 [FixedThreadPoolWithAffinityExecutor-0-0] WARN  container.ContainerReportHandler (AbstractContainerReportHandler.java:updateContainerState(259)) - Container #1 is in OPEN state, but the datanode 4fb9f1f7-4e3b-4bcf-a7e7-c7ddcac09d11(fv-az443-428.ap2fcshprsnunfx25e1aelzb4b.cx.internal.cloudapp.net/10.1.0.20) reports an QUASI_CLOSED replica.
2023-04-22 02:18:26,724 [FixedThreadPoolWithAffinityExecutor-9-0] WARN  container.ContainerReportHandler (AbstractContainerReportHandler.java:updateContainerState(259)) - Container #1 is in OPEN state, but the datanode 6aaf5ca8-0737-4296-ba95-7f0e9402c55b(fv-az443-428.ap2fcshprsnunfx25e1aelzb4b.cx.internal.cloudapp.net/10.1.0.20) reports an QUASI_CLOSED replica.
2023-04-22 02:18:26,784 [FixedThreadPoolWithAffinityExecutor-0-0] WARN  container.ContainerReportHandler (AbstractContainerReportHandler.java:updateContainerState(259)) - Container #1 is in OPEN state, but the datanode 4fb9f1f7-4e3b-4bcf-a7e7-c7ddcac09d11(fv-az443-428.ap2fcshprsnunfx25e1aelzb4b.cx.internal.cloudapp.net/10.1.0.20) reports an QUASI_CLOSED replica.
2023-04-22 02:18:26,797 [FixedThreadPoolWithAffinityExecutor-0-0] WARN  container.ContainerReportHandler (AbstractContainerReportHandler.java:updateContainerState(259)) - Container #1 is in OPEN state, but the datanode 44aa5787-a9ca-4d27-a88e-9069c8f4547b(fv-az443-428.ap2fcshprsnunfx25e1aelzb4b.cx.internal.cloudapp.net/10.1.0.20) reports an QUASI_CLOSED replica.
2023-04-22 02:18:26,923 [FixedThreadPoolWithAffinityExecutor-9-0] WARN  container.ContainerReportHandler (AbstractContainerReportHandler.java:updateContainerState(259)) - Container #1 is in OPEN state, but the datanode 6aaf5ca8-0737-4296-ba95-7f0e9402c55b(fv-az443-428.ap2fcshprsnunfx25e1aelzb4b.cx.internal.cloudapp.net/10.1.0.20) reports an QUASI_CLOSED replica.
2023-04-22 02:18:26,997 [FixedThreadPoolWithAffinityExecutor-0-0] WARN  container.ContainerReportHandler (AbstractContainerReportHandler.java:updateContainerState(259)) - Container #1 is in OPEN state, but the datanode 44aa5787-a9ca-4d27-a88e-9069c8f4547b(fv-az443-428.ap2fcshprsnunfx25e1aelzb4b.cx.internal.cloudapp.net/10.1.0.20) reports an QUASI_CLOSED replica.
2023-04-22 02:18:27,185 [FixedThreadPoolWithAffinityExecutor-0-0] WARN  container.ContainerReportHandler (AbstractContainerReportHandler.java:updateContainerState(259)) - Container #1 is in OPEN state, but the datanode 4fb9f1f7-4e3b-4bcf-a7e7-c7ddcac09d11(fv-az443-428.ap2fcshprsnunfx25e1aelzb4b.cx.internal.cloudapp.net/10.1.0.20) reports an QUASI_CLOSED replica.
2023-04-22 02:18:27,197 [FixedThreadPoolWithAffinityExecutor-0-0] WARN  container.ContainerReportHandler (AbstractContainerReportHandler.java:updateContainerState(259)) - Container #1 is in OPEN state, but the datanode 44aa5787-a9ca-4d27-a88e-9069c8f4547b(fv-az443-428.ap2fcshprsnunfx25e1aelzb4b.cx.internal.cloudapp.net/10.1.0.20) reports an QUASI_CLOSED replica.
2023-04-22 02:18:27,324 [FixedThreadPoolWithAffinityExecutor-9-0] WARN  container.ContainerReportHandler (AbstractContainerReportHandler.java:updateContainerState(259)) - Container #1 is in OPEN state, but the datanode 6aaf5ca8-0737-4296-ba95-7f0e9402c55b(fv-az443-428.ap2fcshprsnunfx25e1aelzb4b.cx.internal.cloudapp.net/10.1.0.20) reports an QUASI_CLOSED replica.
2023-04-22 02:18:27,397 [FixedThreadPoolWithAffinityExecutor-0-0] WARN  container.ContainerReportHandler (AbstractContainerReportHandler.java:updateContainerState(259)) - Container #1 is in OPEN state, but the datanode 44aa5787-a9ca-4d27-a88e-9069c8f4547b(fv-az443-428.ap2fcshprsnunfx25e1aelzb4b.cx.internal.cloudapp.net/10.1.0.20) reports an QUASI_CLOSED replica.
2023-04-22 02:18:27,586 [FixedThreadPoolWithAffinityExecutor-0-0] WARN  container.ContainerReportHandler (AbstractContainerReportHandler.java:updateContainerState(259)) - Container #1 is in OPEN state, but the datanode 4fb9f1f7-4e3b-4bcf-a7e7-c7ddcac09d11(fv-az443-428.ap2fcshprsnunfx25e1aelzb4b.cx.internal.cloudapp.net/10.1.0.20) reports an QUASI_CLOSED replica.
2023-04-22 02:18:27,725 [FixedThreadPoolWithAffinityExecutor-9-0] WARN  container.ContainerReportHandler (AbstractContainerReportHandler.java:updateContainerState(259)) - Container #1 is in OPEN state, but the datanode 6aaf5ca8-0737-4296-ba95-7f0e9402c55b(fv-az443-428.ap2fcshprsnunfx25e1aelzb4b.cx.internal.cloudapp.net/10.1.0.20) reports an QUASI_CLOSED replica.
2023-04-22 02:18:27,786 [FixedThreadPoolWithAffinityExecutor-0-0] WARN  container.ContainerReportHandler (AbstractContainerReportHandler.java:updateContainerState(259)) - Container #1 is in OPEN state, but the datanode 4fb9f1f7-4e3b-4bcf-a7e7-c7ddcac09d11(fv-az443-428.ap2fcshprsnunfx25e1aelzb4b.cx.internal.cloudapp.net/10.1.0.20) reports an QUASI_CLOSED replica.
2023-04-22 02:18:27,797 [FixedThreadPoolWithAffinityExecutor-0-0] WARN  container.ContainerReportHandler (AbstractContainerReportHandler.java:updateContainerState(259)) - Container #1 is in OPEN state, but the datanode 44aa5787-a9ca-4d27-a88e-9069c8f4547b(fv-az443-428.ap2fcshprsnunfx25e1aelzb4b.cx.internal.cloudapp.net/10.1.0.20) reports an QUASI_CLOSED replica.
2023-04-22 02:18:27,997 [FixedThreadPoolWithAffinityExecutor-0-0] WARN  container.ContainerReportHandler (AbstractContainerReportHandler.java:updateContainerState(259)) - Container #1 is in OPEN state, but the datanode 44aa5787-a9ca-4d27-a88e-9069c8f4547b(fv-az443-428.ap2fcshprsnunfx25e1aelzb4b.cx.internal.cloudapp.net/10.1.0.20) reports an QUASI_CLOSED replica.
2023-04-22 02:18:28,125 [FixedThreadPoolWithAffinityExecutor-9-0] WARN  container.ContainerReportHandler (AbstractContainerReportHandler.java:updateContainerState(259)) - Container #1 is in OPEN state, but the datanode 6aaf5ca8-0737-4296-ba95-7f0e9402c55b(fv-az443-428.ap2fcshprsnunfx25e1aelzb4b.cx.internal.cloudapp.net/10.1.0.20) reports an QUASI_CLOSED replica.
2023-04-22 02:18:28,186 [FixedThreadPoolWithAffinityExecutor-0-0] WARN  container.ContainerReportHandler (AbstractContainerReportHandler.java:updateContainerState(259)) - Container #1 is in OPEN state, but the datanode 4fb9f1f7-4e3b-4bcf-a7e7-c7ddcac09d11(fv-az443-428.ap2fcshprsnunfx25e1aelzb4b.cx.internal.cloudapp.net/10.1.0.20) reports an QUASI_CLOSED replica.
2023-04-22 02:18:28,197 [FixedThreadPoolWithAffinityExecutor-0-0] WARN  container.ContainerReportHandler (AbstractContainerReportHandler.java:updateContainerState(259)) - Container #1 is in OPEN state, but the datanode 44aa5787-a9ca-4d27-a88e-9069c8f4547b(fv-az443-428.ap2fcshprsnunfx25e1aelzb4b.cx.internal.cloudapp.net/10.1.0.20) reports an QUASI_CLOSED replica.
2023-04-22 02:18:28,398 [FixedThreadPoolWithAffinityExecutor-0-0] WARN  container.ContainerReportHandler (AbstractContainerReportHandler.java:updateContainerState(259)) - Container #1 is in OPEN state, but the datanode 44aa5787-a9ca-4d27-a88e-9069c8f4547b(fv-az443-428.ap2fcshprsnunfx25e1aelzb4b.cx.internal.cloudapp.net/10.1.0.20) reports an QUASI_CLOSED replica.
2023-04-22 02:18:28,525 [FixedThreadPoolWithAffinityExecutor-9-0] WARN  container.ContainerReportHandler (AbstractContainerReportHandler.java:updateContainerState(259)) - Container #1 is in OPEN state, but the datanode 6aaf5ca8-0737-4296-ba95-7f0e9402c55b(fv-az443-428.ap2fcshprsnunfx25e1aelzb4b.cx.internal.cloudapp.net/10.1.0.20) reports an QUASI_CLOSED replica.
2023-04-22 02:18:28,586 [FixedThreadPoolWithAffinityExecutor-0-0] WARN  container.ContainerReportHandler (AbstractContainerReportHandler.java:updateContainerState(259)) - Container #1 is in OPEN state, but the datanode 4fb9f1f7-4e3b-4bcf-a7e7-c7ddcac09d11(fv-az443-428.ap2fcshprsnunfx25e1aelzb4b.cx.internal.cloudapp.net/10.1.0.20) reports an QUASI_CLOSED replica.
2023-04-22 02:18:28,725 [FixedThreadPoolWithAffinityExecutor-9-0] WARN  container.ContainerReportHandler (AbstractContainerReportHandler.java:updateContainerState(259)) - Container #1 is in OPEN state, but the datanode 6aaf5ca8-0737-4296-ba95-7f0e9402c55b(fv-az443-428.ap2fcshprsnunfx25e1aelzb4b.cx.internal.cloudapp.net/10.1.0.20) reports an QUASI_CLOSED replica.
2023-04-22 02:18:28,786 [FixedThreadPoolWithAffinityExecutor-0-0] WARN  container.ContainerReportHandler (AbstractContainerReportHandler.java:updateContainerState(259)) - Container #1 is in OPEN state, but the datanode 4fb9f1f7-4e3b-4bcf-a7e7-c7ddcac09d11(fv-az443-428.ap2fcshprsnunfx25e1aelzb4b.cx.internal.cloudapp.net/10.1.0.20) reports an QUASI_CLOSED replica.
2023-04-22 02:18:28,800 [FixedThreadPoolWithAffinityExecutor-0-0] WARN  container.ContainerReportHandler (AbstractContainerReportHandler.java:updateContainerState(259)) - Container #1 is in OPEN state, but the datanode 44aa5787-a9ca-4d27-a88e-9069c8f4547b(fv-az443-428.ap2fcshprsnunfx25e1aelzb4b.cx.internal.cloudapp.net/10.1.0.20) reports an QUASI_CLOSED replica.
2023-04-22 02:18:28,999 [FixedThreadPoolWithAffinityExecutor-0-0] WARN  container.ContainerReportHandler (AbstractContainerReportHandler.java:updateContainerState(259)) - Container #1 is in OPEN state, but the datanode 44aa5787-a9ca-4d27-a88e-9069c8f4547b(fv-az443-428.ap2fcshprsnunfx25e1aelzb4b.cx.internal.cloudapp.net/10.1.0.20) reports an QUASI_CLOSED replica.
2023-04-22 02:18:29,125 [FixedThreadPoolWithAffinityExecutor-9-0] WARN  container.ContainerReportHandler (AbstractContainerReportHandler.java:updateContainerState(259)) - Container #1 is in OPEN state, but the datanode 6aaf5ca8-0737-4296-ba95-7f0e9402c55b(fv-az443-428.ap2fcshprsnunfx25e1aelzb4b.cx.internal.cloudapp.net/10.1.0.20) reports an QUASI_CLOSED replica.
2023-04-22 02:18:29,186 [FixedThreadPoolWithAffinityExecutor-0-0] WARN  container.ContainerReportHandler (AbstractContainerReportHandler.java:updateContainerState(259)) - Container #1 is in OPEN state, but the datanode 4fb9f1f7-4e3b-4bcf-a7e7-c7ddcac09d11(fv-az443-428.ap2fcshprsnunfx25e1aelzb4b.cx.internal.cloudapp.net/10.1.0.20) reports an QUASI_CLOSED replica.
2023-04-22 02:18:29,200 [FixedThreadPoolWithAffinityExecutor-0-0] WARN  container.ContainerReportHandler (AbstractContainerReportHandler.java:updateContainerState(259)) - Container #1 is in OPEN state, but the datanode 44aa5787-a9ca-4d27-a88e-9069c8f4547b(fv-az443-428.ap2fcshprsnunfx25e1aelzb4b.cx.internal.cloudapp.net/10.1.0.20) reports an QUASI_CLOSED replica.
2023-04-22 02:18:29,400 [FixedThreadPoolWithAffinityExecutor-0-0] WARN  container.ContainerReportHandler (AbstractContainerReportHandler.java:updateContainerState(259)) - Container #1 is in OPEN state, but the datanode 44aa5787-a9ca-4d27-a88e-9069c8f4547b(fv-az443-428.ap2fcshprsnunfx25e1aelzb4b.cx.internal.cloudapp.net/10.1.0.20) reports an QUASI_CLOSED replica.
2023-04-22 02:18:29,525 [FixedThreadPoolWithAffinityExecutor-9-0] WARN  container.ContainerReportHandler (AbstractContainerReportHandler.java:updateContainerState(259)) - Container #1 is in OPEN state, but the datanode 6aaf5ca8-0737-4296-ba95-7f0e9402c55b(fv-az443-428.ap2fcshprsnunfx25e1aelzb4b.cx.internal.cloudapp.net/10.1.0.20) reports an QUASI_CLOSED replica.
2023-04-22 02:18:29,585 [FixedThreadPoolWithAffinityExecutor-0-0] WARN  container.ContainerReportHandler (AbstractContainerReportHandler.java:updateContainerState(259)) - Container #1 is in OPEN state, but the datanode 4fb9f1f7-4e3b-4bcf-a7e7-c7ddcac09d11(fv-az443-428.ap2fcshprsnunfx25e1aelzb4b.cx.internal.cloudapp.net/10.1.0.20) reports an QUASI_CLOSED replica.
2023-04-22 02:18:29,786 [FixedThreadPoolWithAffinityExecutor-0-0] WARN  container.ContainerReportHandler (AbstractContainerReportHandler.java:updateContainerState(259)) - Container #1 is in OPEN state, but the datanode 4fb9f1f7-4e3b-4bcf-a7e7-c7ddcac09d11(fv-az443-428.ap2fcshprsnunfx25e1aelzb4b.cx.internal.cloudapp.net/10.1.0.20) reports an QUASI_CLOSED replica.
2023-04-22 02:18:29,800 [FixedThreadPoolWithAffinityExecutor-0-0] WARN  container.ContainerReportHandler (AbstractContainerReportHandler.java:updateContainerState(259)) - Container #1 is in OPEN state, but the datanode 44aa5787-a9ca-4d27-a88e-9069c8f4547b(fv-az443-428.ap2fcshprsnunfx25e1aelzb4b.cx.internal.cloudapp.net/10.1.0.20) reports an QUASI_CLOSED replica.
2023-04-22 02:18:29,925 [FixedThreadPoolWithAffinityExecutor-9-0] WARN  container.ContainerReportHandler (AbstractContainerReportHandler.java:updateContainerState(259)) - Container #1 is in OPEN state, but the datanode 6aaf5ca8-0737-4296-ba95-7f0e9402c55b(fv-az443-428.ap2fcshprsnunfx25e1aelzb4b.cx.internal.cloudapp.net/10.1.0.20) reports an QUASI_CLOSED replica.
2023-04-22 02:18:30,000 [FixedThreadPoolWithAffinityExecutor-0-0] WARN  container.ContainerReportHandler (AbstractContainerReportHandler.java:updateContainerState(259)) - Container #1 is in OPEN state, but the datanode 44aa5787-a9ca-4d27-a88e-9069c8f4547b(fv-az443-428.ap2fcshprsnunfx25e1aelzb4b.cx.internal.cloudapp.net/10.1.0.20) reports an QUASI_CLOSED replica.
2023-04-22 02:18:30,186 [FixedThreadPoolWithAffinityExecutor-0-0] WARN  container.ContainerReportHandler (AbstractContainerReportHandler.java:updateContainerState(259)) - Container #1 is in OPEN state, but the datanode 4fb9f1f7-4e3b-4bcf-a7e7-c7ddcac09d11(fv-az443-428.ap2fcshprsnunfx25e1aelzb4b.cx.internal.cloudapp.net/10.1.0.20) reports an QUASI_CLOSED replica.
2023-04-22 02:18:30,200 [FixedThreadPoolWithAffinityExecutor-0-0] WARN  container.ContainerReportHandler (AbstractContainerReportHandler.java:updateContainerState(259)) - Container #1 is in OPEN state, but the datanode 44aa5787-a9ca-4d27-a88e-9069c8f4547b(fv-az443-428.ap2fcshprsnunfx25e1aelzb4b.cx.internal.cloudapp.net/10.1.0.20) reports an QUASI_CLOSED replica.
2023-04-22 02:18:30,324 [FixedThreadPoolWithAffinityExecutor-9-0] WARN  container.ContainerReportHandler (AbstractContainerReportHandler.java:updateContainerState(259)) - Container #1 is in OPEN state, but the datanode 6aaf5ca8-0737-4296-ba95-7f0e9402c55b(fv-az443-428.ap2fcshprsnunfx25e1aelzb4b.cx.internal.cloudapp.net/10.1.0.20) reports an QUASI_CLOSED replica.
2023-04-22 02:18:30,400 [FixedThreadPoolWithAffinityExecutor-0-0] WARN  container.ContainerReportHandler (AbstractContainerReportHandler.java:updateContainerState(259)) - Container #1 is in OPEN state, but the datanode 44aa5787-a9ca-4d27-a88e-9069c8f4547b(fv-az443-428.ap2fcshprsnunfx25e1aelzb4b.cx.internal.cloudapp.net/10.1.0.20) reports an QUASI_CLOSED replica.
2023-04-22 02:18:30,585 [FixedThreadPoolWithAffinityExecutor-0-0] WARN  container.ContainerReportHandler (AbstractContainerReportHandler.java:updateContainerState(259)) - Container #1 is in OPEN state, but the datanode 4fb9f1f7-4e3b-4bcf-a7e7-c7ddcac09d11(fv-az443-428.ap2fcshprsnunfx25e1aelzb4b.cx.internal.cloudapp.net/10.1.0.20) reports an QUASI_CLOSED replica.
2023-04-22 02:18:30,725 [FixedThreadPoolWithAffinityExecutor-9-0] WARN  container.ContainerReportHandler (AbstractContainerReportHandler.java:updateContainerState(259)) - Container #1 is in OPEN state, but the datanode 6aaf5ca8-0737-4296-ba95-7f0e9402c55b(fv-az443-428.ap2fcshprsnunfx25e1aelzb4b.cx.internal.cloudapp.net/10.1.0.20) reports an QUASI_CLOSED replica.
2023-04-22 02:18:30,786 [FixedThreadPoolWithAffinityExecutor-0-0] WARN  container.ContainerReportHandler (AbstractContainerReportHandler.java:updateContainerState(259)) - Container #1 is in OPEN state, but the datanode 4fb9f1f7-4e3b-4bcf-a7e7-c7ddcac09d11(fv-az443-428.ap2fcshprsnunfx25e1aelzb4b.cx.internal.cloudapp.net/10.1.0.20) reports an QUASI_CLOSED replica.
2023-04-22 02:18:30,800 [FixedThreadPoolWithAffinityExecutor-0-0] WARN  container.ContainerReportHandler (AbstractContainerReportHandler.java:updateContainerState(259)) - Container #1 is in OPEN state, but the datanode 44aa5787-a9ca-4d27-a88e-9069c8f4547b(fv-az443-428.ap2fcshprsnunfx25e1aelzb4b.cx.internal.cloudapp.net/10.1.0.20) reports an QUASI_CLOSED replica.
2023-04-22 02:18:30,925 [FixedThreadPoolWithAffinityExecutor-9-0] WARN  container.ContainerReportHandler (AbstractContainerReportHandler.java:updateContainerState(259)) - Container #1 is in OPEN state, but the datanode 6aaf5ca8-0737-4296-ba95-7f0e9402c55b(fv-az443-428.ap2fcshprsnunfx25e1aelzb4b.cx.internal.cloudapp.net/10.1.0.20) reports an QUASI_CLOSED replica.
2023-04-22 02:18:31,000 [FixedThreadPoolWithAffinityExecutor-0-0] WARN  container.ContainerReportHandler (AbstractContainerReportHandler.java:updateContainerState(259)) - Container #1 is in OPEN state, but the datanode 44aa5787-a9ca-4d27-a88e-9069c8f4547b(fv-az443-428.ap2fcshprsnunfx25e1aelzb4b.cx.internal.cloudapp.net/10.1.0.20) reports an QUASI_CLOSED replica.
2023-04-22 02:18:31,185 [FixedThreadPoolWithAffinityExecutor-0-0] WARN  container.ContainerReportHandler (AbstractContainerReportHandler.java:updateContainerState(259)) - Container #1 is in OPEN state, but the datanode 4fb9f1f7-4e3b-4bcf-a7e7-c7ddcac09d11(fv-az443-428.ap2fcshprsnunfx25e1aelzb4b.cx.internal.cloudapp.net/10.1.0.20) reports an QUASI_CLOSED replica.
2023-04-22 02:18:31,200 [FixedThreadPoolWithAffinityExecutor-0-0] WARN  container.ContainerReportHandler (AbstractContainerReportHandler.java:updateContainerState(259)) - Container #1 is in OPEN state, but the datanode 44aa5787-a9ca-4d27-a88e-9069c8f4547b(fv-az443-428.ap2fcshprsnunfx25e1aelzb4b.cx.internal.cloudapp.net/10.1.0.20) reports an QUASI_CLOSED replica.
2023-04-22 02:18:31,325 [FixedThreadPoolWithAffinityExecutor-9-0] WARN  container.ContainerReportHandler (AbstractContainerReportHandler.java:updateContainerState(259)) - Container #1 is in OPEN state, but the datanode 6aaf5ca8-0737-4296-ba95-7f0e9402c55b(fv-az443-428.ap2fcshprsnunfx25e1aelzb4b.cx.internal.cloudapp.net/10.1.0.20) reports an QUASI_CLOSED replica.
2023-04-22 02:18:31,399 [FixedThreadPoolWithAffinityExecutor-0-0] WARN  container.ContainerReportHandler (AbstractContainerReportHandler.java:updateContainerState(259)) - Container #1 is in OPEN state, but the datanode 44aa5787-a9ca-4d27-a88e-9069c8f4547b(fv-az443-428.ap2fcshprsnunfx25e1aelzb4b.cx.internal.cloudapp.net/10.1.0.20) reports an QUASI_CLOSED replica.
2023-04-22 02:18:31,586 [FixedThreadPoolWithAffinityExecutor-0-0] WARN  container.ContainerReportHandler (AbstractContainerReportHandler.java:updateContainerState(259)) - Container #1 is in OPEN state, but the datanode 4fb9f1f7-4e3b-4bcf-a7e7-c7ddcac09d11(fv-az443-428.ap2fcshprsnunfx25e1aelzb4b.cx.internal.cloudapp.net/10.1.0.20) reports an QUASI_CLOSED replica.
2023-04-22 02:18:31,600 [FixedThreadPoolWithAffinityExecutor-0-0] WARN  container.ContainerReportHandler (AbstractContainerReportHandler.java:updateContainerState(259)) - Container #1 is in OPEN state, but the datanode 44aa5787-a9ca-4d27-a88e-9069c8f4547b(fv-az443-428.ap2fcshprsnunfx25e1aelzb4b.cx.internal.cloudapp.net/10.1.0.20) reports an QUASI_CLOSED replica.
2023-04-22 02:18:31,724 [FixedThreadPoolWithAffinityExecutor-9-0] WARN  container.ContainerReportHandler (AbstractContainerReportHandler.java:updateContainerState(259)) - Container #1 is in OPEN state, but the datanode 6aaf5ca8-0737-4296-ba95-7f0e9402c55b(fv-az443-428.ap2fcshprsnunfx25e1aelzb4b.cx.internal.cloudapp.net/10.1.0.20) reports an QUASI_CLOSED replica.
2023-04-22 02:18:31,786 [FixedThreadPoolWithAffinityExecutor-0-0] WARN  container.ContainerReportHandler (AbstractContainerReportHandler.java:updateContainerState(259)) - Container #1 is in OPEN state, but the datanode 4fb9f1f7-4e3b-4bcf-a7e7-c7ddcac09d11(fv-az443-428.ap2fcshprsnunfx25e1aelzb4b.cx.internal.cloudapp.net/10.1.0.20) reports an QUASI_CLOSED replica.
2023-04-22 02:18:32,000 [FixedThreadPoolWithAffinityExecutor-0-0] WARN  container.ContainerReportHandler (AbstractContainerReportHandler.java:updateContainerState(259)) - Container #1 is in OPEN state, but the datanode 44aa5787-a9ca-4d27-a88e-9069c8f4547b(fv-az443-428.ap2fcshprsnunfx25e1aelzb4b.cx.internal.cloudapp.net/10.1.0.20) reports an QUASI_CLOSED replica.
2023-04-22 02:18:32,125 [FixedThreadPoolWithAffinityExecutor-9-0] WARN  container.ContainerReportHandler (AbstractContainerReportHandler.java:updateContainerState(259)) - Container #1 is in OPEN state, but the datanode 6aaf5ca8-0737-4296-ba95-7f0e9402c55b(fv-az443-428.ap2fcshprsnunfx25e1aelzb4b.cx.internal.cloudapp.net/10.1.0.20) reports an QUASI_CLOSED replica.
2023-04-22 02:18:32,185 [FixedThreadPoolWithAffinityExecutor-0-0] WARN  container.ContainerReportHandler (AbstractContainerReportHandler.java:updateContainerState(259)) - Container #1 is in OPEN state, but the datanode 4fb9f1f7-4e3b-4bcf-a7e7-c7ddcac09d11(fv-az443-428.ap2fcshprsnunfx25e1aelzb4b.cx.internal.cloudapp.net/10.1.0.20) reports an QUASI_CLOSED replica.
2023-04-22 02:18:32,200 [FixedThreadPoolWithAffinityExecutor-0-0] WARN  container.ContainerReportHandler (AbstractContainerReportHandler.java:updateContainerState(259)) - Container #1 is in OPEN state, but the datanode 44aa5787-a9ca-4d27-a88e-9069c8f4547b(fv-az443-428.ap2fcshprsnunfx25e1aelzb4b.cx.internal.cloudapp.net/10.1.0.20) reports an QUASI_CLOSED replica.
2023-04-22 02:18:32,228 [Listener at 127.0.0.1/41793] WARN  scm.XceiverClientRatis (XceiverClientRatis.java:watchForCommit(291)) - 3 way commit failed on pipeline Pipeline[ Id: 3756dc69-1fb3-4329-b2d6-98770bde7cb1, Nodes: b7c32ab9-1d10-40a2-8298-2f54da75b521(fv-az443-428.ap2fcshprsnunfx25e1aelzb4b.cx.internal.cloudapp.net/10.1.0.20)1fa0605c-c70f-40a8-a13c-0f797dcff94f(fv-az443-428.ap2fcshprsnunfx25e1aelzb4b.cx.internal.cloudapp.net/10.1.0.20)1d143142-2b08-4d43-93ad-ad0adf4c04aa(fv-az443-428.ap2fcshprsnunfx25e1aelzb4b.cx.internal.cloudapp.net/10.1.0.20), ReplicationConfig: RATIS/THREE, State:OPEN, leaderId:1d143142-2b08-4d43-93ad-ad0adf4c04aa, CreationTimestamp2023-04-22T02:18:14.348Z[Etc/UTC]]
java.util.concurrent.ExecutionException: org.apache.ratis.protocol.exceptions.RaftRetryFailureException: Failed RaftClientRequest:client-C4C23344A23C->1fa0605c-c70f-40a8-a13c-0f797dcff94f@group-98770BDE7CB1, cid=25, seq=0, Watch-ALL_COMMITTED(6), null for 2 attempts with RequestTypeDependentRetryPolicy{WRITE->ExceptionDependentRetry(maxAttempts=2147483647; defaultPolicy=MultipleLinearRandomRetry[5x5s, 5x10s, 5x15s, 5x20s, 5x25s, 10x60s]; map={org.apache.ratis.protocol.exceptions.GroupMismatchException->NoRetry, org.apache.ratis.protocol.exceptions.NotReplicatedException->NoRetry, org.apache.ratis.protocol.exceptions.ResourceUnavailableException->org.apache.ratis.retry.ExponentialBackoffRetry@2054caa1, org.apache.ratis.protocol.exceptions.StateMachineException->NoRetry, org.apache.ratis.protocol.exceptions.TimeoutIOException->org.apache.ratis.retry.ExponentialBackoffRetry@2054caa1}), WATCH->ExceptionDependentRetry(maxAttempts=2147483647; defaultPolicy=MultipleLinearRandomRetry[5x5s, 5x10s, 5x15s, 5x20s, 5x25s, 10x60s]; map={org.apache.ratis.protocol.exceptions.GroupMismatchException->NoRetry, org.apache.ratis.protocol.exceptions.NotReplicatedException->NoRetry, org.apache.ratis.protocol.exceptions.ResourceUnavailableException->org.apache.ratis.retry.ExponentialBackoffRetry@2054caa1, org.apache.ratis.protocol.exceptions.StateMachineException->NoRetry, org.apache.ratis.protocol.exceptions.TimeoutIOException->NoRetry})}
	at java.util.concurrent.CompletableFuture.reportGet(CompletableFuture.java:357)
	at java.util.concurrent.CompletableFuture.get(CompletableFuture.java:1908)
	at org.apache.hadoop.hdds.scm.XceiverClientRatis.watchForCommit(XceiverClientRatis.java:285)
	at org.apache.hadoop.hdds.scm.storage.CommitWatcher.watchForCommit(CommitWatcher.java:199)
	at org.apache.hadoop.hdds.scm.storage.CommitWatcher.watchOnLastIndex(CommitWatcher.java:166)
	at org.apache.hadoop.hdds.scm.storage.RatisBlockOutputStream.sendWatchForCommit(RatisBlockOutputStream.java:106)
	at org.apache.hadoop.hdds.scm.storage.BlockOutputStream.watchForCommit(BlockOutputStream.java:417)
	at org.apache.hadoop.hdds.scm.storage.BlockOutputStream.handleFlushInternal(BlockOutputStream.java:583)
	at org.apache.hadoop.hdds.scm.storage.BlockOutputStream.handleFlush(BlockOutputStream.java:545)
	at org.apache.hadoop.hdds.scm.storage.BlockOutputStream.flush(BlockOutputStream.java:522)
	at org.apache.hadoop.ozone.client.io.BlockOutputStreamEntry.flush(BlockOutputStreamEntry.java:139)
	at org.apache.hadoop.ozone.client.io.KeyOutputStream.handleStreamAction(KeyOutputStream.java:533)
	at org.apache.hadoop.ozone.client.io.KeyOutputStream.handleFlushOrClose(KeyOutputStream.java:499)
	at org.apache.hadoop.ozone.client.io.KeyOutputStream.flush(KeyOutputStream.java:449)
	at org.apache.hadoop.ozone.client.io.OzoneOutputStream.flush(OzoneOutputStream.java:62)
	at org.apache.hadoop.ozone.client.rpc.TestContainerStateMachineFailures.testContainerStateMachineSingleFailureRetry(TestContainerStateMachineFailures.java:708)
	at sun.reflect.NativeMethodAccessorImpl.invoke0(Native Method)
	at sun.reflect.NativeMethodAccessorImpl.invoke(NativeMethodAccessorImpl.java:62)
	at sun.reflect.DelegatingMethodAccessorImpl.invoke(DelegatingMethodAccessorImpl.java:43)
	at java.lang.reflect.Method.invoke(Method.java:498)
	at org.junit.platform.commons.util.ReflectionUtils.invokeMethod(ReflectionUtils.java:725)
	at org.junit.jupiter.engine.execution.MethodInvocation.proceed(MethodInvocation.java:60)
	at org.junit.jupiter.engine.execution.InvocationInterceptorChain$ValidatingInvocation.proceed(InvocationInterceptorChain.java:131)
	at org.junit.jupiter.engine.extension.TimeoutExtension.intercept(TimeoutExtension.java:149)
	at org.junit.jupiter.engine.extension.TimeoutExtension.interceptTestableMethod(TimeoutExtension.java:140)
	at org.junit.jupiter.engine.extension.TimeoutExtension.interceptTestMethod(TimeoutExtension.java:84)
	at org.junit.jupiter.engine.execution.ExecutableInvoker$ReflectiveInterceptorCall.lambda$ofVoidMethod$0(ExecutableInvoker.java:115)
	at org.junit.jupiter.engine.execution.ExecutableInvoker.lambda$invoke$0(ExecutableInvoker.java:105)
	at org.junit.jupiter.engine.execution.InvocationInterceptorChain$InterceptedInvocation.proceed(InvocationInterceptorChain.java:106)
	at org.junit.jupiter.engine.execution.InvocationInterceptorChain.proceed(InvocationInterceptorChain.java:64)
	at org.junit.jupiter.engine.execution.InvocationInterceptorChain.chainAndInvoke(InvocationInterceptorChain.java:45)
	at org.junit.jupiter.engine.execution.InvocationInterceptorChain.invoke(InvocationInterceptorChain.java:37)
	at org.junit.jupiter.engine.execution.ExecutableInvoker.invoke(ExecutableInvoker.java:104)
	at org.junit.jupiter.engine.execution.ExecutableInvoker.invoke(ExecutableInvoker.java:98)
	at org.junit.jupiter.engine.descriptor.TestMethodTestDescriptor.lambda$invokeTestMethod$7(TestMethodTestDescriptor.java:214)
	at org.junit.platform.engine.support.hierarchical.ThrowableCollector.execute(ThrowableCollector.java:73)
	at org.junit.jupiter.engine.descriptor.TestMethodTestDescriptor.invokeTestMethod(TestMethodTestDescriptor.java:210)
	at org.junit.jupiter.engine.descriptor.TestMethodTestDescriptor.execute(TestMethodTestDescriptor.java:135)
	at org.junit.jupiter.engine.descriptor.TestMethodTestDescriptor.execute(TestMethodTestDescriptor.java:66)
	at org.junit.platform.engine.support.hierarchical.NodeTestTask.lambda$executeRecursively$6(NodeTestTask.java:151)
	at org.junit.platform.engine.support.hierarchical.ThrowableCollector.execute(ThrowableCollector.java:73)
	at org.junit.platform.engine.support.hierarchical.NodeTestTask.lambda$executeRecursively$8(NodeTestTask.java:141)
	at org.junit.platform.engine.support.hierarchical.Node.around(Node.java:137)
	at org.junit.platform.engine.support.hierarchical.NodeTestTask.lambda$executeRecursively$9(NodeTestTask.java:139)
	at org.junit.platform.engine.support.hierarchical.ThrowableCollector.execute(ThrowableCollector.java:73)
	at org.junit.platform.engine.support.hierarchical.NodeTestTask.executeRecursively(NodeTestTask.java:138)
	at org.junit.platform.engine.support.hierarchical.NodeTestTask.execute(NodeTestTask.java:95)
	at java.util.ArrayList.forEach(ArrayList.java:1259)
	at org.junit.platform.engine.support.hierarchical.SameThreadHierarchicalTestExecutorService.invokeAll(SameThreadHierarchicalTestExecutorService.java:41)
	at org.junit.platform.engine.support.hierarchical.NodeTestTask.lambda$executeRecursively$6(NodeTestTask.java:155)
	at org.junit.platform.engine.support.hierarchical.ThrowableCollector.execute(ThrowableCollector.java:73)
	at org.junit.platform.engine.support.hierarchical.NodeTestTask.lambda$executeRecursively$8(NodeTestTask.java:141)
	at org.junit.platform.engine.support.hierarchical.Node.around(Node.java:137)
	at org.junit.platform.engine.support.hierarchical.NodeTestTask.lambda$executeRecursively$9(NodeTestTask.java:139)
	at org.junit.platform.engine.support.hierarchical.ThrowableCollector.execute(ThrowableCollector.java:73)
	at org.junit.platform.engine.support.hierarchical.NodeTestTask.executeRecursively(NodeTestTask.java:138)
	at org.junit.platform.engine.support.hierarchical.NodeTestTask.execute(NodeTestTask.java:95)
	at java.util.ArrayList.forEach(ArrayList.java:1259)
	at org.junit.platform.engine.support.hierarchical.SameThreadHierarchicalTestExecutorService.invokeAll(SameThreadHierarchicalTestExecutorService.java:41)
	at org.junit.platform.engine.support.hierarchical.NodeTestTask.lambda$executeRecursively$6(NodeTestTask.java:155)
	at org.junit.platform.engine.support.hierarchical.ThrowableCollector.execute(ThrowableCollector.java:73)
	at org.junit.platform.engine.support.hierarchical.NodeTestTask.lambda$executeRecursively$8(NodeTestTask.java:141)
	at org.junit.platform.engine.support.hierarchical.Node.around(Node.java:137)
	at org.junit.platform.engine.support.hierarchical.NodeTestTask.lambda$executeRecursively$9(NodeTestTask.java:139)
	at org.junit.platform.engine.support.hierarchical.ThrowableCollector.execute(ThrowableCollector.java:73)
	at org.junit.platform.engine.support.hierarchical.NodeTestTask.executeRecursively(NodeTestTask.java:138)
	at org.junit.platform.engine.support.hierarchical.NodeTestTask.execute(NodeTestTask.java:95)
	at org.junit.platform.engine.support.hierarchical.SameThreadHierarchicalTestExecutorService.submit(SameThreadHierarchicalTestExecutorService.java:35)
	at org.junit.platform.engine.support.hierarchical.HierarchicalTestExecutor.execute(HierarchicalTestExecutor.java:57)
	at org.junit.platform.engine.support.hierarchical.HierarchicalTestEngine.execute(HierarchicalTestEngine.java:54)
	at org.junit.platform.launcher.core.EngineExecutionOrchestrator.execute(EngineExecutionOrchestrator.java:107)
	at org.junit.platform.launcher.core.EngineExecutionOrchestrator.execute(EngineExecutionOrchestrator.java:88)
	at org.junit.platform.launcher.core.EngineExecutionOrchestrator.lambda$execute$0(EngineExecutionOrchestrator.java:54)
	at org.junit.platform.launcher.core.EngineExecutionOrchestrator.withInterceptedStreams(EngineExecutionOrchestrator.java:67)
	at org.junit.platform.launcher.core.EngineExecutionOrchestrator.execute(EngineExecutionOrchestrator.java:52)
	at org.junit.platform.launcher.core.DefaultLauncher.execute(DefaultLauncher.java:114)
	at org.junit.platform.launcher.core.DefaultLauncher.execute(DefaultLauncher.java:86)
	at org.junit.platform.launcher.core.DefaultLauncherSession$DelegatingLauncher.execute(DefaultLauncherSession.java:86)
	at org.junit.platform.launcher.core.SessionPerRequestLauncher.execute(SessionPerRequestLauncher.java:53)
	at org.apache.maven.surefire.junitplatform.JUnitPlatformProvider.execute(JUnitPlatformProvider.java:188)
	at org.apache.maven.surefire.junitplatform.JUnitPlatformProvider.invokeAllTests(JUnitPlatformProvider.java:154)
	at org.apache.maven.surefire.junitplatform.JUnitPlatformProvider.invoke(JUnitPlatformProvider.java:124)
	at org.apache.maven.surefire.booter.ForkedBooter.runSuitesInProcess(ForkedBooter.java:428)
	at org.apache.maven.surefire.booter.ForkedBooter.execute(ForkedBooter.java:162)
	at org.apache.maven.surefire.booter.ForkedBooter.run(ForkedBooter.java:562)
	at org.apache.maven.surefire.booter.ForkedBooter.main(ForkedBooter.java:548)
Caused by: org.apache.ratis.protocol.exceptions.RaftRetryFailureException: Failed RaftClientRequest:client-C4C23344A23C->1fa0605c-c70f-40a8-a13c-0f797dcff94f@group-98770BDE7CB1, cid=25, seq=0, Watch-ALL_COMMITTED(6), null for 2 attempts with RequestTypeDependentRetryPolicy{WRITE->ExceptionDependentRetry(maxAttempts=2147483647; defaultPolicy=MultipleLinearRandomRetry[5x5s, 5x10s, 5x15s, 5x20s, 5x25s, 10x60s]; map={org.apache.ratis.protocol.exceptions.GroupMismatchException->NoRetry, org.apache.ratis.protocol.exceptions.NotReplicatedException->NoRetry, org.apache.ratis.protocol.exceptions.ResourceUnavailableException->org.apache.ratis.retry.ExponentialBackoffRetry@2054caa1, org.apache.ratis.protocol.exceptions.StateMachineException->NoRetry, org.apache.ratis.protocol.exceptions.TimeoutIOException->org.apache.ratis.retry.ExponentialBackoffRetry@2054caa1}), WATCH->ExceptionDependentRetry(maxAttempts=2147483647; defaultPolicy=MultipleLinearRandomRetry[5x5s, 5x10s, 5x15s, 5x20s, 5x25s, 10x60s]; map={org.apache.ratis.protocol.exceptions.GroupMismatchException->NoRetry, org.apache.ratis.protocol.exceptions.NotReplicatedException->NoRetry, org.apache.ratis.protocol.exceptions.ResourceUnavailableException->org.apache.ratis.retry.ExponentialBackoffRetry@2054caa1, org.apache.ratis.protocol.exceptions.StateMachineException->NoRetry, org.apache.ratis.protocol.exceptions.TimeoutIOException->NoRetry})}
	at org.apache.ratis.client.impl.RaftClientImpl.noMoreRetries(RaftClientImpl.java:307)
	at org.apache.ratis.client.impl.UnorderedAsync.lambda$sendRequestWithRetry$4(UnorderedAsync.java:98)
	at java.util.concurrent.CompletableFuture.uniWhenComplete(CompletableFuture.java:774)
	at java.util.concurrent.CompletableFuture$UniWhenComplete.tryFire(CompletableFuture.java:750)
	at java.util.concurrent.CompletableFuture$Completion.run(CompletableFuture.java:456)
	at java.lang.Thread.run(Thread.java:750)
Caused by: org.apache.ratis.protocol.exceptions.GroupMismatchException: 1fa0605c-c70f-40a8-a13c-0f797dcff94f: group-98770BDE7CB1 not found.
	at org.apache.ratis.server.impl.RaftServerProxy$ImplMap.get(RaftServerProxy.java:150)
	at org.apache.ratis.server.impl.RaftServerProxy.getImplFuture(RaftServerProxy.java:351)
	at org.apache.ratis.server.impl.RaftServerProxy.submitClientRequestAsync(RaftServerProxy.java:435)
	at org.apache.ratis.grpc.server.GrpcClientProtocolService$RequestStreamObserver.processClientRequest(GrpcClientProtocolService.java:226)
	at org.apache.ratis.grpc.server.GrpcClientProtocolService$UnorderedRequestStreamObserver.processClientRequest(GrpcClientProtocolService.java:282)
	at org.apache.ratis.grpc.server.GrpcClientProtocolService$RequestStreamObserver.onNext(GrpcClientProtocolService.java:246)
	at org.apache.ratis.grpc.server.GrpcClientProtocolService$RequestStreamObserver.onNext(GrpcClientProtocolService.java:169)
	at org.apache.ratis.thirdparty.io.grpc.stub.ServerCalls$StreamingServerCallHandler$StreamingServerCallListener.onMessage(ServerCalls.java:262)
	at org.apache.ratis.thirdparty.io.grpc.ForwardingServerCallListener.onMessage(ForwardingServerCallListener.java:33)
	at org.apache.ratis.thirdparty.io.grpc.internal.ServerCallImpl$ServerStreamListenerImpl.messagesAvailableInternal(ServerCallImpl.java:332)
	at org.apache.ratis.thirdparty.io.grpc.internal.ServerCallImpl$ServerStreamListenerImpl.messagesAvailable(ServerCallImpl.java:315)
	at org.apache.ratis.thirdparty.io.grpc.internal.ServerImpl$JumpToApplicationThreadServerStreamListener$1MessagesAvailable.runInContext(ServerImpl.java:834)
	at org.apache.ratis.thirdparty.io.grpc.internal.ContextRunnable.run(ContextRunnable.java:37)
	at org.apache.ratis.thirdparty.io.grpc.internal.SerializingExecutor.run(SerializingExecutor.java:133)
	at java.util.concurrent.ThreadPoolExecutor.runWorker(ThreadPoolExecutor.java:1149)
	at java.util.concurrent.ThreadPoolExecutor$Worker.run(ThreadPoolExecutor.java:624)
	... 1 more
2023-04-22 02:18:32,400 [FixedThreadPoolWithAffinityExecutor-0-0] WARN  container.ContainerReportHandler (AbstractContainerReportHandler.java:updateContainerState(259)) - Container #1 is in OPEN state, but the datanode 44aa5787-a9ca-4d27-a88e-9069c8f4547b(fv-az443-428.ap2fcshprsnunfx25e1aelzb4b.cx.internal.cloudapp.net/10.1.0.20) reports an QUASI_CLOSED replica.
2023-04-22 02:18:32,525 [FixedThreadPoolWithAffinityExecutor-9-0] WARN  container.ContainerReportHandler (AbstractContainerReportHandler.java:updateContainerState(259)) - Container #1 is in OPEN state, but the datanode 6aaf5ca8-0737-4296-ba95-7f0e9402c55b(fv-az443-428.ap2fcshprsnunfx25e1aelzb4b.cx.internal.cloudapp.net/10.1.0.20) reports an QUASI_CLOSED replica.
2023-04-22 02:18:32,586 [FixedThreadPoolWithAffinityExecutor-0-0] WARN  container.ContainerReportHandler (AbstractContainerReportHandler.java:updateContainerState(259)) - Container #1 is in OPEN state, but the datanode 4fb9f1f7-4e3b-4bcf-a7e7-c7ddcac09d11(fv-az443-428.ap2fcshprsnunfx25e1aelzb4b.cx.internal.cloudapp.net/10.1.0.20) reports an QUASI_CLOSED replica.
2023-04-22 02:18:32,599 [FixedThreadPoolWithAffinityExecutor-0-0] WARN  container.ContainerReportHandler (AbstractContainerReportHandler.java:updateContainerState(259)) - Container #1 is in OPEN state, but the datanode 44aa5787-a9ca-4d27-a88e-9069c8f4547b(fv-az443-428.ap2fcshprsnunfx25e1aelzb4b.cx.internal.cloudapp.net/10.1.0.20) reports an QUASI_CLOSED replica.
2023-04-22 02:18:32,725 [FixedThreadPoolWithAffinityExecutor-9-0] WARN  container.ContainerReportHandler (AbstractContainerReportHandler.java:updateContainerState(259)) - Container #1 is in OPEN state, but the datanode 6aaf5ca8-0737-4296-ba95-7f0e9402c55b(fv-az443-428.ap2fcshprsnunfx25e1aelzb4b.cx.internal.cloudapp.net/10.1.0.20) reports an QUASI_CLOSED replica.
2023-04-22 02:18:32,786 [FixedThreadPoolWithAffinityExecutor-0-0] WARN  container.ContainerReportHandler (AbstractContainerReportHandler.java:updateContainerState(259)) - Container #1 is in OPEN state, but the datanode 4fb9f1f7-4e3b-4bcf-a7e7-c7ddcac09d11(fv-az443-428.ap2fcshprsnunfx25e1aelzb4b.cx.internal.cloudapp.net/10.1.0.20) reports an QUASI_CLOSED replica.
2023-04-22 02:18:33,000 [FixedThreadPoolWithAffinityExecutor-0-0] WARN  container.ContainerReportHandler (AbstractContainerReportHandler.java:updateContainerState(259)) - Container #1 is in OPEN state, but the datanode 44aa5787-a9ca-4d27-a88e-9069c8f4547b(fv-az443-428.ap2fcshprsnunfx25e1aelzb4b.cx.internal.cloudapp.net/10.1.0.20) reports an QUASI_CLOSED replica.
2023-04-22 02:18:33,125 [FixedThreadPoolWithAffinityExecutor-9-0] WARN  container.ContainerReportHandler (AbstractContainerReportHandler.java:updateContainerState(259)) - Container #1 is in OPEN state, but the datanode 6aaf5ca8-0737-4296-ba95-7f0e9402c55b(fv-az443-428.ap2fcshprsnunfx25e1aelzb4b.cx.internal.cloudapp.net/10.1.0.20) reports an QUASI_CLOSED replica.
2023-04-22 02:18:33,186 [FixedThreadPoolWithAffinityExecutor-0-0] WARN  container.ContainerReportHandler (AbstractContainerReportHandler.java:updateContainerState(259)) - Container #1 is in OPEN state, but the datanode 4fb9f1f7-4e3b-4bcf-a7e7-c7ddcac09d11(fv-az443-428.ap2fcshprsnunfx25e1aelzb4b.cx.internal.cloudapp.net/10.1.0.20) reports an QUASI_CLOSED replica.
2023-04-22 02:18:33,200 [FixedThreadPoolWithAffinityExecutor-0-0] WARN  container.ContainerReportHandler (AbstractContainerReportHandler.java:updateContainerState(259)) - Container #1 is in OPEN state, but the datanode 44aa5787-a9ca-4d27-a88e-9069c8f4547b(fv-az443-428.ap2fcshprsnunfx25e1aelzb4b.cx.internal.cloudapp.net/10.1.0.20) reports an QUASI_CLOSED replica.
2023-04-22 02:18:33,400 [FixedThreadPoolWithAffinityExecutor-0-0] WARN  container.ContainerReportHandler (AbstractContainerReportHandler.java:updateContainerState(259)) - Container #1 is in OPEN state, but the datanode 44aa5787-a9ca-4d27-a88e-9069c8f4547b(fv-az443-428.ap2fcshprsnunfx25e1aelzb4b.cx.internal.cloudapp.net/10.1.0.20) reports an QUASI_CLOSED replica.
2023-04-22 02:18:33,525 [FixedThreadPoolWithAffinityExecutor-9-0] WARN  container.ContainerReportHandler (AbstractContainerReportHandler.java:updateContainerState(259)) - Container #1 is in OPEN state, but the datanode 6aaf5ca8-0737-4296-ba95-7f0e9402c55b(fv-az443-428.ap2fcshprsnunfx25e1aelzb4b.cx.internal.cloudapp.net/10.1.0.20) reports an QUASI_CLOSED replica.
2023-04-22 02:18:33,586 [FixedThreadPoolWithAffinityExecutor-0-0] WARN  container.ContainerReportHandler (AbstractContainerReportHandler.java:updateContainerState(259)) - Container #1 is in OPEN state, but the datanode 4fb9f1f7-4e3b-4bcf-a7e7-c7ddcac09d11(fv-az443-428.ap2fcshprsnunfx25e1aelzb4b.cx.internal.cloudapp.net/10.1.0.20) reports an QUASI_CLOSED replica.
2023-04-22 02:18:33,600 [FixedThreadPoolWithAffinityExecutor-0-0] WARN  container.ContainerReportHandler (AbstractContainerReportHandler.java:updateContainerState(259)) - Container #1 is in OPEN state, but the datanode 44aa5787-a9ca-4d27-a88e-9069c8f4547b(fv-az443-428.ap2fcshprsnunfx25e1aelzb4b.cx.internal.cloudapp.net/10.1.0.20) reports an QUASI_CLOSED replica.
2023-04-22 02:18:33,786 [FixedThreadPoolWithAffinityExecutor-0-0] WARN  container.ContainerReportHandler (AbstractContainerReportHandler.java:updateContainerState(259)) - Container #1 is in OPEN state, but the datanode 4fb9f1f7-4e3b-4bcf-a7e7-c7ddcac09d11(fv-az443-428.ap2fcshprsnunfx25e1aelzb4b.cx.internal.cloudapp.net/10.1.0.20) reports an QUASI_CLOSED replica.
2023-04-22 02:18:33,925 [FixedThreadPoolWithAffinityExecutor-9-0] WARN  container.ContainerReportHandler (AbstractContainerReportHandler.java:updateContainerState(259)) - Container #1 is in OPEN state, but the datanode 6aaf5ca8-0737-4296-ba95-7f0e9402c55b(fv-az443-428.ap2fcshprsnunfx25e1aelzb4b.cx.internal.cloudapp.net/10.1.0.20) reports an QUASI_CLOSED replica.
2023-04-22 02:18:34,000 [FixedThreadPoolWithAffinityExecutor-0-0] WARN  container.ContainerReportHandler (AbstractContainerReportHandler.java:updateContainerState(259)) - Container #1 is in OPEN state, but the datanode 44aa5787-a9ca-4d27-a88e-9069c8f4547b(fv-az443-428.ap2fcshprsnunfx25e1aelzb4b.cx.internal.cloudapp.net/10.1.0.20) reports an QUASI_CLOSED replica.
2023-04-22 02:18:34,185 [FixedThreadPoolWithAffinityExecutor-0-0] WARN  container.ContainerReportHandler (AbstractContainerReportHandler.java:updateContainerState(259)) - Container #1 is in OPEN state, but the datanode 4fb9f1f7-4e3b-4bcf-a7e7-c7ddcac09d11(fv-az443-428.ap2fcshprsnunfx25e1aelzb4b.cx.internal.cloudapp.net/10.1.0.20) reports an QUASI_CLOSED replica.
2023-04-22 02:18:34,200 [FixedThreadPoolWithAffinityExecutor-0-0] WARN  container.ContainerReportHandler (AbstractContainerReportHandler.java:updateContainerState(259)) - Container #1 is in OPEN state, but the datanode 44aa5787-a9ca-4d27-a88e-9069c8f4547b(fv-az443-428.ap2fcshprsnunfx25e1aelzb4b.cx.internal.cloudapp.net/10.1.0.20) reports an QUASI_CLOSED replica.
2023-04-22 02:18:34,326 [FixedThreadPoolWithAffinityExecutor-9-0] WARN  container.ContainerReportHandler (AbstractContainerReportHandler.java:updateContainerState(259)) - Container #1 is in OPEN state, but the datanode 6aaf5ca8-0737-4296-ba95-7f0e9402c55b(fv-az443-428.ap2fcshprsnunfx25e1aelzb4b.cx.internal.cloudapp.net/10.1.0.20) reports an QUASI_CLOSED replica.
2023-04-22 02:18:34,386 [FixedThreadPoolWithAffinityExecutor-0-0] WARN  container.ContainerReportHandler (AbstractContainerReportHandler.java:updateContainerState(259)) - Container #1 is in OPEN state, but the datanode 4fb9f1f7-4e3b-4bcf-a7e7-c7ddcac09d11(fv-az443-428.ap2fcshprsnunfx25e1aelzb4b.cx.internal.cloudapp.net/10.1.0.20) reports an QUASI_CLOSED replica.
2023-04-22 02:18:34,399 [FixedThreadPoolWithAffinityExecutor-0-0] WARN  container.ContainerReportHandler (AbstractContainerReportHandler.java:updateContainerState(259)) - Container #1 is in OPEN state, but the datanode 44aa5787-a9ca-4d27-a88e-9069c8f4547b(fv-az443-428.ap2fcshprsnunfx25e1aelzb4b.cx.internal.cloudapp.net/10.1.0.20) reports an QUASI_CLOSED replica.
2023-04-22 02:18:34,599 [FixedThreadPoolWithAffinityExecutor-0-0] WARN  container.ContainerReportHandler (AbstractContainerReportHandler.java:updateContainerState(259)) - Container #1 is in OPEN state, but the datanode 44aa5787-a9ca-4d27-a88e-9069c8f4547b(fv-az443-428.ap2fcshprsnunfx25e1aelzb4b.cx.internal.cloudapp.net/10.1.0.20) reports an QUASI_CLOSED replica.
2023-04-22 02:18:34,726 [FixedThreadPoolWithAffinityExecutor-9-0] WARN  container.ContainerReportHandler (AbstractContainerReportHandler.java:updateContainerState(259)) - Container #1 is in OPEN state, but the datanode 6aaf5ca8-0737-4296-ba95-7f0e9402c55b(fv-az443-428.ap2fcshprsnunfx25e1aelzb4b.cx.internal.cloudapp.net/10.1.0.20) reports an QUASI_CLOSED replica.
2023-04-22 02:18:34,785 [FixedThreadPoolWithAffinityExecutor-0-0] WARN  container.ContainerReportHandler (AbstractContainerReportHandler.java:updateContainerState(259)) - Container #1 is in OPEN state, but the datanode 4fb9f1f7-4e3b-4bcf-a7e7-c7ddcac09d11(fv-az443-428.ap2fcshprsnunfx25e1aelzb4b.cx.internal.cloudapp.net/10.1.0.20) reports an QUASI_CLOSED replica.
2023-04-22 02:18:34,925 [FixedThreadPoolWithAffinityExecutor-9-0] WARN  container.ContainerReportHandler (AbstractContainerReportHandler.java:updateContainerState(259)) - Container #1 is in OPEN state, but the datanode 6aaf5ca8-0737-4296-ba95-7f0e9402c55b(fv-az443-428.ap2fcshprsnunfx25e1aelzb4b.cx.internal.cloudapp.net/10.1.0.20) reports an QUASI_CLOSED replica.
2023-04-22 02:18:35,000 [FixedThreadPoolWithAffinityExecutor-0-0] WARN  container.ContainerReportHandler (AbstractContainerReportHandler.java:updateContainerState(259)) - Container #1 is in OPEN state, but the datanode 44aa5787-a9ca-4d27-a88e-9069c8f4547b(fv-az443-428.ap2fcshprsnunfx25e1aelzb4b.cx.internal.cloudapp.net/10.1.0.20) reports an QUASI_CLOSED replica.
2023-04-22 02:18:35,185 [FixedThreadPoolWithAffinityExecutor-0-0] WARN  container.ContainerReportHandler (AbstractContainerReportHandler.java:updateContainerState(259)) - Container #1 is in OPEN state, but the datanode 4fb9f1f7-4e3b-4bcf-a7e7-c7ddcac09d11(fv-az443-428.ap2fcshprsnunfx25e1aelzb4b.cx.internal.cloudapp.net/10.1.0.20) reports an QUASI_CLOSED replica.
2023-04-22 02:18:35,199 [FixedThreadPoolWithAffinityExecutor-0-0] WARN  container.ContainerReportHandler (AbstractContainerReportHandler.java:updateContainerState(259)) - Container #1 is in OPEN state, but the datanode 44aa5787-a9ca-4d27-a88e-9069c8f4547b(fv-az443-428.ap2fcshprsnunfx25e1aelzb4b.cx.internal.cloudapp.net/10.1.0.20) reports an QUASI_CLOSED replica.
2023-04-22 02:18:35,326 [FixedThreadPoolWithAffinityExecutor-9-0] WARN  container.ContainerReportHandler (AbstractContainerReportHandler.java:updateContainerState(259)) - Container #1 is in OPEN state, but the datanode 6aaf5ca8-0737-4296-ba95-7f0e9402c55b(fv-az443-428.ap2fcshprsnunfx25e1aelzb4b.cx.internal.cloudapp.net/10.1.0.20) reports an QUASI_CLOSED replica.
2023-04-22 02:18:35,385 [FixedThreadPoolWithAffinityExecutor-0-0] WARN  container.ContainerReportHandler (AbstractContainerReportHandler.java:updateContainerState(259)) - Container #1 is in OPEN state, but the datanode 4fb9f1f7-4e3b-4bcf-a7e7-c7ddcac09d11(fv-az443-428.ap2fcshprsnunfx25e1aelzb4b.cx.internal.cloudapp.net/10.1.0.20) reports an QUASI_CLOSED replica.
2023-04-22 02:18:35,400 [FixedThreadPoolWithAffinityExecutor-0-0] WARN  container.ContainerReportHandler (AbstractContainerReportHandler.java:updateContainerState(259)) - Container #1 is in OPEN state, but the datanode 44aa5787-a9ca-4d27-a88e-9069c8f4547b(fv-az443-428.ap2fcshprsnunfx25e1aelzb4b.cx.internal.cloudapp.net/10.1.0.20) reports an QUASI_CLOSED replica.
2023-04-22 02:18:35,600 [FixedThreadPoolWithAffinityExecutor-0-0] WARN  container.ContainerReportHandler (AbstractContainerReportHandler.java:updateContainerState(259)) - Container #1 is in OPEN state, but the datanode 44aa5787-a9ca-4d27-a88e-9069c8f4547b(fv-az443-428.ap2fcshprsnunfx25e1aelzb4b.cx.internal.cloudapp.net/10.1.0.20) reports an QUASI_CLOSED replica.
2023-04-22 02:18:35,726 [FixedThreadPoolWithAffinityExecutor-9-0] WARN  container.ContainerReportHandler (AbstractContainerReportHandler.java:updateContainerState(259)) - Container #1 is in OPEN state, but the datanode 6aaf5ca8-0737-4296-ba95-7f0e9402c55b(fv-az443-428.ap2fcshprsnunfx25e1aelzb4b.cx.internal.cloudapp.net/10.1.0.20) reports an QUASI_CLOSED replica.
2023-04-22 02:18:35,786 [FixedThreadPoolWithAffinityExecutor-0-0] WARN  container.ContainerReportHandler (AbstractContainerReportHandler.java:updateContainerState(259)) - Container #1 is in OPEN state, but the datanode 4fb9f1f7-4e3b-4bcf-a7e7-c7ddcac09d11(fv-az443-428.ap2fcshprsnunfx25e1aelzb4b.cx.internal.cloudapp.net/10.1.0.20) reports an QUASI_CLOSED replica.
2023-04-22 02:18:36,000 [FixedThreadPoolWithAffinityExecutor-0-0] WARN  container.ContainerReportHandler (AbstractContainerReportHandler.java:updateContainerState(259)) - Container #1 is in OPEN state, but the datanode 44aa5787-a9ca-4d27-a88e-9069c8f4547b(fv-az443-428.ap2fcshprsnunfx25e1aelzb4b.cx.internal.cloudapp.net/10.1.0.20) reports an QUASI_CLOSED replica.
2023-04-22 02:18:36,126 [FixedThreadPoolWithAffinityExecutor-9-0] WARN  container.ContainerReportHandler (AbstractContainerReportHandler.java:updateContainerState(259)) - Container #1 is in OPEN state, but the datanode 6aaf5ca8-0737-4296-ba95-7f0e9402c55b(fv-az443-428.ap2fcshprsnunfx25e1aelzb4b.cx.internal.cloudapp.net/10.1.0.20) reports an QUASI_CLOSED replica.
2023-04-22 02:18:36,186 [FixedThreadPoolWithAffinityExecutor-0-0] WARN  container.ContainerReportHandler (AbstractContainerReportHandler.java:updateContainerState(259)) - Container #1 is in OPEN state, but the datanode 4fb9f1f7-4e3b-4bcf-a7e7-c7ddcac09d11(fv-az443-428.ap2fcshprsnunfx25e1aelzb4b.cx.internal.cloudapp.net/10.1.0.20) reports an QUASI_CLOSED replica.
2023-04-22 02:18:36,200 [FixedThreadPoolWithAffinityExecutor-0-0] WARN  container.ContainerReportHandler (AbstractContainerReportHandler.java:updateContainerState(259)) - Container #1 is in OPEN state, but the datanode 44aa5787-a9ca-4d27-a88e-9069c8f4547b(fv-az443-428.ap2fcshprsnunfx25e1aelzb4b.cx.internal.cloudapp.net/10.1.0.20) reports an QUASI_CLOSED replica.
2023-04-22 02:18:36,387 [FixedThreadPoolWithAffinityExecutor-0-0] WARN  container.ContainerReportHandler (AbstractContainerReportHandler.java:updateContainerState(259)) - Container #1 is in OPEN state, but the datanode 4fb9f1f7-4e3b-4bcf-a7e7-c7ddcac09d11(fv-az443-428.ap2fcshprsnunfx25e1aelzb4b.cx.internal.cloudapp.net/10.1.0.20) reports an QUASI_CLOSED replica.
2023-04-22 02:18:36,401 [FixedThreadPoolWithAffinityExecutor-0-0] WARN  container.ContainerReportHandler (AbstractContainerReportHandler.java:updateContainerState(259)) - Container #1 is in OPEN state, but the datanode 44aa5787-a9ca-4d27-a88e-9069c8f4547b(fv-az443-428.ap2fcshprsnunfx25e1aelzb4b.cx.internal.cloudapp.net/10.1.0.20) reports an QUASI_CLOSED replica.
2023-04-22 02:18:36,526 [FixedThreadPoolWithAffinityExecutor-9-0] WARN  container.ContainerReportHandler (AbstractContainerReportHandler.java:updateContainerState(259)) - Container #1 is in OPEN state, but the datanode 6aaf5ca8-0737-4296-ba95-7f0e9402c55b(fv-az443-428.ap2fcshprsnunfx25e1aelzb4b.cx.internal.cloudapp.net/10.1.0.20) reports an QUASI_CLOSED replica.
2023-04-22 02:18:36,601 [FixedThreadPoolWithAffinityExecutor-0-0] WARN  container.ContainerReportHandler (AbstractContainerReportHandler.java:updateContainerState(259)) - Container #1 is in OPEN state, but the datanode 44aa5787-a9ca-4d27-a88e-9069c8f4547b(fv-az443-428.ap2fcshprsnunfx25e1aelzb4b.cx.internal.cloudapp.net/10.1.0.20) reports an QUASI_CLOSED replica.
2023-04-22 02:18:36,727 [FixedThreadPoolWithAffinityExecutor-9-0] WARN  container.ContainerReportHandler (AbstractContainerReportHandler.java:updateContainerState(259)) - Container #1 is in OPEN state, but the datanode 6aaf5ca8-0737-4296-ba95-7f0e9402c55b(fv-az443-428.ap2fcshprsnunfx25e1aelzb4b.cx.internal.cloudapp.net/10.1.0.20) reports an QUASI_CLOSED replica.
2023-04-22 02:18:36,787 [FixedThreadPoolWithAffinityExecutor-0-0] WARN  container.ContainerReportHandler (AbstractContainerReportHandler.java:updateContainerState(259)) - Container #1 is in OPEN state, but the datanode 4fb9f1f7-4e3b-4bcf-a7e7-c7ddcac09d11(fv-az443-428.ap2fcshprsnunfx25e1aelzb4b.cx.internal.cloudapp.net/10.1.0.20) reports an QUASI_CLOSED replica.
2023-04-22 02:18:37,001 [FixedThreadPoolWithAffinityExecutor-0-0] WARN  container.ContainerReportHandler (AbstractContainerReportHandler.java:updateContainerState(259)) - Container #1 is in OPEN state, but the datanode 44aa5787-a9ca-4d27-a88e-9069c8f4547b(fv-az443-428.ap2fcshprsnunfx25e1aelzb4b.cx.internal.cloudapp.net/10.1.0.20) reports an QUASI_CLOSED replica.
2023-04-22 02:18:37,126 [FixedThreadPoolWithAffinityExecutor-9-0] WARN  container.ContainerReportHandler (AbstractContainerReportHandler.java:updateContainerState(259)) - Container #1 is in OPEN state, but the datanode 6aaf5ca8-0737-4296-ba95-7f0e9402c55b(fv-az443-428.ap2fcshprsnunfx25e1aelzb4b.cx.internal.cloudapp.net/10.1.0.20) reports an QUASI_CLOSED replica.
2023-04-22 02:18:37,186 [FixedThreadPoolWithAffinityExecutor-0-0] WARN  container.ContainerReportHandler (AbstractContainerReportHandler.java:updateContainerState(259)) - Container #1 is in OPEN state, but the datanode 4fb9f1f7-4e3b-4bcf-a7e7-c7ddcac09d11(fv-az443-428.ap2fcshprsnunfx25e1aelzb4b.cx.internal.cloudapp.net/10.1.0.20) reports an QUASI_CLOSED replica.
2023-04-22 02:18:37,201 [FixedThreadPoolWithAffinityExecutor-0-0] WARN  container.ContainerReportHandler (AbstractContainerReportHandler.java:updateContainerState(259)) - Container #1 is in OPEN state, but the datanode 44aa5787-a9ca-4d27-a88e-9069c8f4547b(fv-az443-428.ap2fcshprsnunfx25e1aelzb4b.cx.internal.cloudapp.net/10.1.0.20) reports an QUASI_CLOSED replica.
2023-04-22 02:18:37,386 [FixedThreadPoolWithAffinityExecutor-0-0] WARN  container.ContainerReportHandler (AbstractContainerReportHandler.java:updateContainerState(259)) - Container #1 is in OPEN state, but the datanode 4fb9f1f7-4e3b-4bcf-a7e7-c7ddcac09d11(fv-az443-428.ap2fcshprsnunfx25e1aelzb4b.cx.internal.cloudapp.net/10.1.0.20) reports an QUASI_CLOSED replica.
2023-04-22 02:18:37,400 [FixedThreadPoolWithAffinityExecutor-0-0] WARN  container.ContainerReportHandler (AbstractContainerReportHandler.java:updateContainerState(259)) - Container #1 is in OPEN state, but the datanode 44aa5787-a9ca-4d27-a88e-9069c8f4547b(fv-az443-428.ap2fcshprsnunfx25e1aelzb4b.cx.internal.cloudapp.net/10.1.0.20) reports an QUASI_CLOSED replica.
2023-04-22 02:18:37,527 [FixedThreadPoolWithAffinityExecutor-9-0] WARN  container.ContainerReportHandler (AbstractContainerReportHandler.java:updateContainerState(259)) - Container #1 is in OPEN state, but the datanode 6aaf5ca8-0737-4296-ba95-7f0e9402c55b(fv-az443-428.ap2fcshprsnunfx25e1aelzb4b.cx.internal.cloudapp.net/10.1.0.20) reports an QUASI_CLOSED replica.
2023-04-22 02:18:37,601 [FixedThreadPoolWithAffinityExecutor-0-0] WARN  container.ContainerReportHandler (AbstractContainerReportHandler.java:updateContainerState(259)) - Container #1 is in OPEN state, but the datanode 44aa5787-a9ca-4d27-a88e-9069c8f4547b(fv-az443-428.ap2fcshprsnunfx25e1aelzb4b.cx.internal.cloudapp.net/10.1.0.20) reports an QUASI_CLOSED replica.
2023-04-22 02:18:37,787 [FixedThreadPoolWithAffinityExecutor-0-0] WARN  container.ContainerReportHandler (AbstractContainerReportHandler.java:updateContainerState(259)) - Container #1 is in OPEN state, but the datanode 4fb9f1f7-4e3b-4bcf-a7e7-c7ddcac09d11(fv-az443-428.ap2fcshprsnunfx25e1aelzb4b.cx.internal.cloudapp.net/10.1.0.20) reports an QUASI_CLOSED replica.
2023-04-22 02:18:37,800 [FixedThreadPoolWithAffinityExecutor-0-0] WARN  container.ContainerReportHandler (AbstractContainerReportHandler.java:updateContainerState(259)) - Container #1 is in OPEN state, but the datanode 44aa5787-a9ca-4d27-a88e-9069c8f4547b(fv-az443-428.ap2fcshprsnunfx25e1aelzb4b.cx.internal.cloudapp.net/10.1.0.20) reports an QUASI_CLOSED replica.
2023-04-22 02:18:37,927 [FixedThreadPoolWithAffinityExecutor-9-0] WARN  container.ContainerReportHandler (AbstractContainerReportHandler.java:updateContainerState(259)) - Container #1 is in OPEN state, but the datanode 6aaf5ca8-0737-4296-ba95-7f0e9402c55b(fv-az443-428.ap2fcshprsnunfx25e1aelzb4b.cx.internal.cloudapp.net/10.1.0.20) reports an QUASI_CLOSED replica.
2023-04-22 02:18:38,186 [FixedThreadPoolWithAffinityExecutor-0-0] WARN  container.ContainerReportHandler (AbstractContainerReportHandler.java:updateContainerState(259)) - Container #1 is in OPEN state, but the datanode 4fb9f1f7-4e3b-4bcf-a7e7-c7ddcac09d11(fv-az443-428.ap2fcshprsnunfx25e1aelzb4b.cx.internal.cloudapp.net/10.1.0.20) reports an QUASI_CLOSED replica.
2023-04-22 02:18:38,200 [FixedThreadPoolWithAffinityExecutor-0-0] WARN  container.ContainerReportHandler (AbstractContainerReportHandler.java:updateContainerState(259)) - Container #1 is in OPEN state, but the datanode 44aa5787-a9ca-4d27-a88e-9069c8f4547b(fv-az443-428.ap2fcshprsnunfx25e1aelzb4b.cx.internal.cloudapp.net/10.1.0.20) reports an QUASI_CLOSED replica.
2023-04-22 02:18:38,327 [FixedThreadPoolWithAffinityExecutor-9-0] WARN  container.ContainerReportHandler (AbstractContainerReportHandler.java:updateContainerState(259)) - Container #1 is in OPEN state, but the datanode 6aaf5ca8-0737-4296-ba95-7f0e9402c55b(fv-az443-428.ap2fcshprsnunfx25e1aelzb4b.cx.internal.cloudapp.net/10.1.0.20) reports an QUASI_CLOSED replica.
2023-04-22 02:18:38,386 [FixedThreadPoolWithAffinityExecutor-0-0] WARN  container.ContainerReportHandler (AbstractContainerReportHandler.java:updateContainerState(259)) - Container #1 is in OPEN state, but the datanode 4fb9f1f7-4e3b-4bcf-a7e7-c7ddcac09d11(fv-az443-428.ap2fcshprsnunfx25e1aelzb4b.cx.internal.cloudapp.net/10.1.0.20) reports an QUASI_CLOSED replica.
2023-04-22 02:18:38,401 [FixedThreadPoolWithAffinityExecutor-0-0] WARN  container.ContainerReportHandler (AbstractContainerReportHandler.java:updateContainerState(259)) - Container #1 is in OPEN state, but the datanode 44aa5787-a9ca-4d27-a88e-9069c8f4547b(fv-az443-428.ap2fcshprsnunfx25e1aelzb4b.cx.internal.cloudapp.net/10.1.0.20) reports an QUASI_CLOSED replica.
2023-04-22 02:18:38,602 [FixedThreadPoolWithAffinityExecutor-0-0] WARN  container.ContainerReportHandler (AbstractContainerReportHandler.java:updateContainerState(259)) - Container #1 is in OPEN state, but the datanode 44aa5787-a9ca-4d27-a88e-9069c8f4547b(fv-az443-428.ap2fcshprsnunfx25e1aelzb4b.cx.internal.cloudapp.net/10.1.0.20) reports an QUASI_CLOSED replica.
2023-04-22 02:18:38,726 [FixedThreadPoolWithAffinityExecutor-9-0] WARN  container.ContainerReportHandler (AbstractContainerReportHandler.java:updateContainerState(259)) - Container #1 is in OPEN state, but the datanode 6aaf5ca8-0737-4296-ba95-7f0e9402c55b(fv-az443-428.ap2fcshprsnunfx25e1aelzb4b.cx.internal.cloudapp.net/10.1.0.20) reports an QUASI_CLOSED replica.
2023-04-22 02:18:38,787 [FixedThreadPoolWithAffinityExecutor-0-0] WARN  container.ContainerReportHandler (AbstractContainerReportHandler.java:updateContainerState(259)) - Container #1 is in OPEN state, but the datanode 4fb9f1f7-4e3b-4bcf-a7e7-c7ddcac09d11(fv-az443-428.ap2fcshprsnunfx25e1aelzb4b.cx.internal.cloudapp.net/10.1.0.20) reports an QUASI_CLOSED replica.
2023-04-22 02:18:38,801 [FixedThreadPoolWithAffinityExecutor-0-0] WARN  container.ContainerReportHandler (AbstractContainerReportHandler.java:updateContainerState(259)) - Container #1 is in OPEN state, but the datanode 44aa5787-a9ca-4d27-a88e-9069c8f4547b(fv-az443-428.ap2fcshprsnunfx25e1aelzb4b.cx.internal.cloudapp.net/10.1.0.20) reports an QUASI_CLOSED replica.
2023-04-22 02:18:38,927 [FixedThreadPoolWithAffinityExecutor-9-0] WARN  container.ContainerReportHandler (AbstractContainerReportHandler.java:updateContainerState(259)) - Container #1 is in OPEN state, but the datanode 6aaf5ca8-0737-4296-ba95-7f0e9402c55b(fv-az443-428.ap2fcshprsnunfx25e1aelzb4b.cx.internal.cloudapp.net/10.1.0.20) reports an QUASI_CLOSED replica.
2023-04-22 02:18:38,989 [Listener at 127.0.0.1/41793] WARN  storage.CommitWatcher (CommitWatcher.java:getIOExceptionForWatchForCommit(218)) - watchForCommit failed for index 6
java.util.concurrent.ExecutionException: org.apache.ratis.protocol.exceptions.RaftRetryFailureException: Failed RaftClientRequest:client-C4C23344A23C->b7c32ab9-1d10-40a2-8298-2f54da75b521@group-98770BDE7CB1, cid=26, seq=0, Watch-MAJORITY_COMMITTED(6), null for 2 attempts with RequestTypeDependentRetryPolicy{WRITE->ExceptionDependentRetry(maxAttempts=2147483647; defaultPolicy=MultipleLinearRandomRetry[5x5s, 5x10s, 5x15s, 5x20s, 5x25s, 10x60s]; map={org.apache.ratis.protocol.exceptions.GroupMismatchException->NoRetry, org.apache.ratis.protocol.exceptions.NotReplicatedException->NoRetry, org.apache.ratis.protocol.exceptions.ResourceUnavailableException->org.apache.ratis.retry.ExponentialBackoffRetry@2054caa1, org.apache.ratis.protocol.exceptions.StateMachineException->NoRetry, org.apache.ratis.protocol.exceptions.TimeoutIOException->org.apache.ratis.retry.ExponentialBackoffRetry@2054caa1}), WATCH->ExceptionDependentRetry(maxAttempts=2147483647; defaultPolicy=MultipleLinearRandomRetry[5x5s, 5x10s, 5x15s, 5x20s, 5x25s, 10x60s]; map={org.apache.ratis.protocol.exceptions.GroupMismatchException->NoRetry, org.apache.ratis.protocol.exceptions.NotReplicatedException->NoRetry, org.apache.ratis.protocol.exceptions.ResourceUnavailableException->org.apache.ratis.retry.ExponentialBackoffRetry@2054caa1, org.apache.ratis.protocol.exceptions.StateMachineException->NoRetry, org.apache.ratis.protocol.exceptions.TimeoutIOException->NoRetry})}
	at java.util.concurrent.CompletableFuture.reportGet(CompletableFuture.java:357)
	at java.util.concurrent.CompletableFuture.get(CompletableFuture.java:1908)
	at org.apache.hadoop.hdds.scm.XceiverClientRatis.watchForCommit(XceiverClientRatis.java:297)
	at org.apache.hadoop.hdds.scm.storage.CommitWatcher.watchForCommit(CommitWatcher.java:199)
	at org.apache.hadoop.hdds.scm.storage.CommitWatcher.watchOnLastIndex(CommitWatcher.java:166)
	at org.apache.hadoop.hdds.scm.storage.RatisBlockOutputStream.sendWatchForCommit(RatisBlockOutputStream.java:106)
	at org.apache.hadoop.hdds.scm.storage.BlockOutputStream.watchForCommit(BlockOutputStream.java:417)
	at org.apache.hadoop.hdds.scm.storage.BlockOutputStream.handleFlushInternal(BlockOutputStream.java:583)
	at org.apache.hadoop.hdds.scm.storage.BlockOutputStream.handleFlush(BlockOutputStream.java:545)
	at org.apache.hadoop.hdds.scm.storage.BlockOutputStream.flush(BlockOutputStream.java:522)
	at org.apache.hadoop.ozone.client.io.BlockOutputStreamEntry.flush(BlockOutputStreamEntry.java:139)
	at org.apache.hadoop.ozone.client.io.KeyOutputStream.handleStreamAction(KeyOutputStream.java:533)
	at org.apache.hadoop.ozone.client.io.KeyOutputStream.handleFlushOrClose(KeyOutputStream.java:499)
	at org.apache.hadoop.ozone.client.io.KeyOutputStream.flush(KeyOutputStream.java:449)
	at org.apache.hadoop.ozone.client.io.OzoneOutputStream.flush(OzoneOutputStream.java:62)
	at org.apache.hadoop.ozone.client.rpc.TestContainerStateMachineFailures.testContainerStateMachineSingleFailureRetry(TestContainerStateMachineFailures.java:708)
	at sun.reflect.NativeMethodAccessorImpl.invoke0(Native Method)
	at sun.reflect.NativeMethodAccessorImpl.invoke(NativeMethodAccessorImpl.java:62)
	at sun.reflect.DelegatingMethodAccessorImpl.invoke(DelegatingMethodAccessorImpl.java:43)
	at java.lang.reflect.Method.invoke(Method.java:498)
	at org.junit.platform.commons.util.ReflectionUtils.invokeMethod(ReflectionUtils.java:725)
	at org.junit.jupiter.engine.execution.MethodInvocation.proceed(MethodInvocation.java:60)
	at org.junit.jupiter.engine.execution.InvocationInterceptorChain$ValidatingInvocation.proceed(InvocationInterceptorChain.java:131)
	at org.junit.jupiter.engine.extension.TimeoutExtension.intercept(TimeoutExtension.java:149)
	at org.junit.jupiter.engine.extension.TimeoutExtension.interceptTestableMethod(TimeoutExtension.java:140)
	at org.junit.jupiter.engine.extension.TimeoutExtension.interceptTestMethod(TimeoutExtension.java:84)
	at org.junit.jupiter.engine.execution.ExecutableInvoker$ReflectiveInterceptorCall.lambda$ofVoidMethod$0(ExecutableInvoker.java:115)
	at org.junit.jupiter.engine.execution.ExecutableInvoker.lambda$invoke$0(ExecutableInvoker.java:105)
	at org.junit.jupiter.engine.execution.InvocationInterceptorChain$InterceptedInvocation.proceed(InvocationInterceptorChain.java:106)
	at org.junit.jupiter.engine.execution.InvocationInterceptorChain.proceed(InvocationInterceptorChain.java:64)
	at org.junit.jupiter.engine.execution.InvocationInterceptorChain.chainAndInvoke(InvocationInterceptorChain.java:45)
	at org.junit.jupiter.engine.execution.InvocationInterceptorChain.invoke(InvocationInterceptorChain.java:37)
	at org.junit.jupiter.engine.execution.ExecutableInvoker.invoke(ExecutableInvoker.java:104)
	at org.junit.jupiter.engine.execution.ExecutableInvoker.invoke(ExecutableInvoker.java:98)
	at org.junit.jupiter.engine.descriptor.TestMethodTestDescriptor.lambda$invokeTestMethod$7(TestMethodTestDescriptor.java:214)
	at org.junit.platform.engine.support.hierarchical.ThrowableCollector.execute(ThrowableCollector.java:73)
	at org.junit.jupiter.engine.descriptor.TestMethodTestDescriptor.invokeTestMethod(TestMethodTestDescriptor.java:210)
	at org.junit.jupiter.engine.descriptor.TestMethodTestDescriptor.execute(TestMethodTestDescriptor.java:135)
	at org.junit.jupiter.engine.descriptor.TestMethodTestDescriptor.execute(TestMethodTestDescriptor.java:66)
	at org.junit.platform.engine.support.hierarchical.NodeTestTask.lambda$executeRecursively$6(NodeTestTask.java:151)
	at org.junit.platform.engine.support.hierarchical.ThrowableCollector.execute(ThrowableCollector.java:73)
	at org.junit.platform.engine.support.hierarchical.NodeTestTask.lambda$executeRecursively$8(NodeTestTask.java:141)
	at org.junit.platform.engine.support.hierarchical.Node.around(Node.java:137)
	at org.junit.platform.engine.support.hierarchical.NodeTestTask.lambda$executeRecursively$9(NodeTestTask.java:139)
	at org.junit.platform.engine.support.hierarchical.ThrowableCollector.execute(ThrowableCollector.java:73)
	at org.junit.platform.engine.support.hierarchical.NodeTestTask.executeRecursively(NodeTestTask.java:138)
	at org.junit.platform.engine.support.hierarchical.NodeTestTask.execute(NodeTestTask.java:95)
	at java.util.ArrayList.forEach(ArrayList.java:1259)
	at org.junit.platform.engine.support.hierarchical.SameThreadHierarchicalTestExecutorService.invokeAll(SameThreadHierarchicalTestExecutorService.java:41)
	at org.junit.platform.engine.support.hierarchical.NodeTestTask.lambda$executeRecursively$6(NodeTestTask.java:155)
	at org.junit.platform.engine.support.hierarchical.ThrowableCollector.execute(ThrowableCollector.java:73)
	at org.junit.platform.engine.support.hierarchical.NodeTestTask.lambda$executeRecursively$8(NodeTestTask.java:141)
	at org.junit.platform.engine.support.hierarchical.Node.around(Node.java:137)
	at org.junit.platform.engine.support.hierarchical.NodeTestTask.lambda$executeRecursively$9(NodeTestTask.java:139)
	at org.junit.platform.engine.support.hierarchical.ThrowableCollector.execute(ThrowableCollector.java:73)
	at org.junit.platform.engine.support.hierarchical.NodeTestTask.executeRecursively(NodeTestTask.java:138)
	at org.junit.platform.engine.support.hierarchical.NodeTestTask.execute(NodeTestTask.java:95)
	at java.util.ArrayList.forEach(ArrayList.java:1259)
	at org.junit.platform.engine.support.hierarchical.SameThreadHierarchicalTestExecutorService.invokeAll(SameThreadHierarchicalTestExecutorService.java:41)
	at org.junit.platform.engine.support.hierarchical.NodeTestTask.lambda$executeRecursively$6(NodeTestTask.java:155)
	at org.junit.platform.engine.support.hierarchical.ThrowableCollector.execute(ThrowableCollector.java:73)
	at org.junit.platform.engine.support.hierarchical.NodeTestTask.lambda$executeRecursively$8(NodeTestTask.java:141)
	at org.junit.platform.engine.support.hierarchical.Node.around(Node.java:137)
	at org.junit.platform.engine.support.hierarchical.NodeTestTask.lambda$executeRecursively$9(NodeTestTask.java:139)
	at org.junit.platform.engine.support.hierarchical.ThrowableCollector.execute(ThrowableCollector.java:73)
	at org.junit.platform.engine.support.hierarchical.NodeTestTask.executeRecursively(NodeTestTask.java:138)
	at org.junit.platform.engine.support.hierarchical.NodeTestTask.execute(NodeTestTask.java:95)
	at org.junit.platform.engine.support.hierarchical.SameThreadHierarchicalTestExecutorService.submit(SameThreadHierarchicalTestExecutorService.java:35)
	at org.junit.platform.engine.support.hierarchical.HierarchicalTestExecutor.execute(HierarchicalTestExecutor.java:57)
	at org.junit.platform.engine.support.hierarchical.HierarchicalTestEngine.execute(HierarchicalTestEngine.java:54)
	at org.junit.platform.launcher.core.EngineExecutionOrchestrator.execute(EngineExecutionOrchestrator.java:107)
	at org.junit.platform.launcher.core.EngineExecutionOrchestrator.execute(EngineExecutionOrchestrator.java:88)
	at org.junit.platform.launcher.core.EngineExecutionOrchestrator.lambda$execute$0(EngineExecutionOrchestrator.java:54)
	at org.junit.platform.launcher.core.EngineExecutionOrchestrator.withInterceptedStreams(EngineExecutionOrchestrator.java:67)
	at org.junit.platform.launcher.core.EngineExecutionOrchestrator.execute(EngineExecutionOrchestrator.java:52)
	at org.junit.platform.launcher.core.DefaultLauncher.execute(DefaultLauncher.java:114)
	at org.junit.platform.launcher.core.DefaultLauncher.execute(DefaultLauncher.java:86)
	at org.junit.platform.launcher.core.DefaultLauncherSession$DelegatingLauncher.execute(DefaultLauncherSession.java:86)
	at org.junit.platform.launcher.core.SessionPerRequestLauncher.execute(SessionPerRequestLauncher.java:53)
	at org.apache.maven.surefire.junitplatform.JUnitPlatformProvider.execute(JUnitPlatformProvider.java:188)
	at org.apache.maven.surefire.junitplatform.JUnitPlatformProvider.invokeAllTests(JUnitPlatformProvider.java:154)
	at org.apache.maven.surefire.junitplatform.JUnitPlatformProvider.invoke(JUnitPlatformProvider.java:124)
	at org.apache.maven.surefire.booter.ForkedBooter.runSuitesInProcess(ForkedBooter.java:428)
	at org.apache.maven.surefire.booter.ForkedBooter.execute(ForkedBooter.java:162)
	at org.apache.maven.surefire.booter.ForkedBooter.run(ForkedBooter.java:562)
	at org.apache.maven.surefire.booter.ForkedBooter.main(ForkedBooter.java:548)
Caused by: org.apache.ratis.protocol.exceptions.RaftRetryFailureException: Failed RaftClientRequest:client-C4C23344A23C->b7c32ab9-1d10-40a2-8298-2f54da75b521@group-98770BDE7CB1, cid=26, seq=0, Watch-MAJORITY_COMMITTED(6), null for 2 attempts with RequestTypeDependentRetryPolicy{WRITE->ExceptionDependentRetry(maxAttempts=2147483647; defaultPolicy=MultipleLinearRandomRetry[5x5s, 5x10s, 5x15s, 5x20s, 5x25s, 10x60s]; map={org.apache.ratis.protocol.exceptions.GroupMismatchException->NoRetry, org.apache.ratis.protocol.exceptions.NotReplicatedException->NoRetry, org.apache.ratis.protocol.exceptions.ResourceUnavailableException->org.apache.ratis.retry.ExponentialBackoffRetry@2054caa1, org.apache.ratis.protocol.exceptions.StateMachineException->NoRetry, org.apache.ratis.protocol.exceptions.TimeoutIOException->org.apache.ratis.retry.ExponentialBackoffRetry@2054caa1}), WATCH->ExceptionDependentRetry(maxAttempts=2147483647; defaultPolicy=MultipleLinearRandomRetry[5x5s, 5x10s, 5x15s, 5x20s, 5x25s, 10x60s]; map={org.apache.ratis.protocol.exceptions.GroupMismatchException->NoRetry, org.apache.ratis.protocol.exceptions.NotReplicatedException->NoRetry, org.apache.ratis.protocol.exceptions.ResourceUnavailableException->org.apache.ratis.retry.ExponentialBackoffRetry@2054caa1, org.apache.ratis.protocol.exceptions.StateMachineException->NoRetry, org.apache.ratis.protocol.exceptions.TimeoutIOException->NoRetry})}
	at org.apache.ratis.client.impl.RaftClientImpl.noMoreRetries(RaftClientImpl.java:307)
	at org.apache.ratis.client.impl.UnorderedAsync.lambda$sendRequestWithRetry$4(UnorderedAsync.java:98)
	at java.util.concurrent.CompletableFuture.uniWhenComplete(CompletableFuture.java:774)
	at java.util.concurrent.CompletableFuture$UniWhenComplete.tryFire(CompletableFuture.java:750)
	at java.util.concurrent.CompletableFuture$Completion.run(CompletableFuture.java:456)
	at java.lang.Thread.run(Thread.java:750)
Caused by: org.apache.ratis.protocol.exceptions.GroupMismatchException: b7c32ab9-1d10-40a2-8298-2f54da75b521: group-98770BDE7CB1 not found.
	at org.apache.ratis.server.impl.RaftServerProxy$ImplMap.get(RaftServerProxy.java:150)
	at org.apache.ratis.server.impl.RaftServerProxy.getImplFuture(RaftServerProxy.java:351)
	at org.apache.ratis.server.impl.RaftServerProxy.submitClientRequestAsync(RaftServerProxy.java:435)
	at org.apache.ratis.grpc.server.GrpcClientProtocolService$RequestStreamObserver.processClientRequest(GrpcClientProtocolService.java:226)
	at org.apache.ratis.grpc.server.GrpcClientProtocolService$UnorderedRequestStreamObserver.processClientRequest(GrpcClientProtocolService.java:282)
	at org.apache.ratis.grpc.server.GrpcClientProtocolService$RequestStreamObserver.onNext(GrpcClientProtocolService.java:246)
	at org.apache.ratis.grpc.server.GrpcClientProtocolService$RequestStreamObserver.onNext(GrpcClientProtocolService.java:169)
	at org.apache.ratis.thirdparty.io.grpc.stub.ServerCalls$StreamingServerCallHandler$StreamingServerCallListener.onMessage(ServerCalls.java:262)
	at org.apache.ratis.thirdparty.io.grpc.ForwardingServerCallListener.onMessage(ForwardingServerCallListener.java:33)
	at org.apache.ratis.thirdparty.io.grpc.internal.ServerCallImpl$ServerStreamListenerImpl.messagesAvailableInternal(ServerCallImpl.java:332)
	at org.apache.ratis.thirdparty.io.grpc.internal.ServerCallImpl$ServerStreamListenerImpl.messagesAvailable(ServerCallImpl.java:315)
	at org.apache.ratis.thirdparty.io.grpc.internal.ServerImpl$JumpToApplicationThreadServerStreamListener$1MessagesAvailable.runInContext(ServerImpl.java:834)
	at org.apache.ratis.thirdparty.io.grpc.internal.ContextRunnable.run(ContextRunnable.java:37)
	at org.apache.ratis.thirdparty.io.grpc.internal.SerializingExecutor.run(SerializingExecutor.java:133)
	at java.util.concurrent.ThreadPoolExecutor.runWorker(ThreadPoolExecutor.java:1149)
	at java.util.concurrent.ThreadPoolExecutor$Worker.run(ThreadPoolExecutor.java:624)
	... 1 more
2023-04-22 02:18:38,993 [Listener at 127.0.0.1/41793] ERROR storage.BlockOutputStream (BlockOutputStream.java:handleFlush(553)) - Failed to flush. error: Unexpected Storage Container Exception: java.io.IOException: Unexpected Storage Container Exception: java.util.concurrent.ExecutionException: org.apache.ratis.protocol.exceptions.RaftRetryFailureException: Failed RaftClientRequest:client-C4C23344A23C->b7c32ab9-1d10-40a2-8298-2f54da75b521@group-98770BDE7CB1, cid=26, seq=0, Watch-MAJORITY_COMMITTED(6), null for 2 attempts with RequestTypeDependentRetryPolicy{WRITE->ExceptionDependentRetry(maxAttempts=2147483647; defaultPolicy=MultipleLinearRandomRetry[5x5s, 5x10s, 5x15s, 5x20s, 5x25s, 10x60s]; map={org.apache.ratis.protocol.exceptions.GroupMismatchException->NoRetry, org.apache.ratis.protocol.exceptions.NotReplicatedException->NoRetry, org.apache.ratis.protocol.exceptions.ResourceUnavailableException->org.apache.ratis.retry.ExponentialBackoffRetry@2054caa1, org.apache.ratis.protocol.exceptions.StateMachineException->NoRetry, org.apache.ratis.protocol.exceptions.TimeoutIOException->org.apache.ratis.retry.ExponentialBackoffRetry@2054caa1}), WATCH->ExceptionDependentRetry(maxAttempts=2147483647; defaultPolicy=MultipleLinearRandomRetry[5x5s, 5x10s, 5x15s, 5x20s, 5x25s, 10x60s]; map={org.apache.ratis.protocol.exceptions.GroupMismatchException->NoRetry, org.apache.ratis.protocol.exceptions.NotReplicatedException->NoRetry, org.apache.ratis.protocol.exceptions.ResourceUnavailableException->org.apache.ratis.retry.ExponentialBackoffRetry@2054caa1, org.apache.ratis.protocol.exceptions.StateMachineException->NoRetry, org.apache.ratis.protocol.exceptions.TimeoutIOException->NoRetry})}
java.io.IOException: Unexpected Storage Container Exception: java.io.IOException: Unexpected Storage Container Exception: java.util.concurrent.ExecutionException: org.apache.ratis.protocol.exceptions.RaftRetryFailureException: Failed RaftClientRequest:client-C4C23344A23C->b7c32ab9-1d10-40a2-8298-2f54da75b521@group-98770BDE7CB1, cid=26, seq=0, Watch-MAJORITY_COMMITTED(6), null for 2 attempts with RequestTypeDependentRetryPolicy{WRITE->ExceptionDependentRetry(maxAttempts=2147483647; defaultPolicy=MultipleLinearRandomRetry[5x5s, 5x10s, 5x15s, 5x20s, 5x25s, 10x60s]; map={org.apache.ratis.protocol.exceptions.GroupMismatchException->NoRetry, org.apache.ratis.protocol.exceptions.NotReplicatedException->NoRetry, org.apache.ratis.protocol.exceptions.ResourceUnavailableException->org.apache.ratis.retry.ExponentialBackoffRetry@2054caa1, org.apache.ratis.protocol.exceptions.StateMachineException->NoRetry, org.apache.ratis.protocol.exceptions.TimeoutIOException->org.apache.ratis.retry.ExponentialBackoffRetry@2054caa1}), WATCH->ExceptionDependentRetry(maxAttempts=2147483647; defaultPolicy=MultipleLinearRandomRetry[5x5s, 5x10s, 5x15s, 5x20s, 5x25s, 10x60s]; map={org.apache.ratis.protocol.exceptions.GroupMismatchException->NoRetry, org.apache.ratis.protocol.exceptions.NotReplicatedException->NoRetry, org.apache.ratis.protocol.exceptions.ResourceUnavailableException->org.apache.ratis.retry.ExponentialBackoffRetry@2054caa1, org.apache.ratis.protocol.exceptions.StateMachineException->NoRetry, org.apache.ratis.protocol.exceptions.TimeoutIOException->NoRetry})}
	at org.apache.hadoop.hdds.scm.storage.BlockOutputStream.setIoException(BlockOutputStream.java:632)
	at org.apache.hadoop.hdds.scm.storage.BlockOutputStream.watchForCommit(BlockOutputStream.java:429)
	at org.apache.hadoop.hdds.scm.storage.BlockOutputStream.handleFlushInternal(BlockOutputStream.java:583)
	at org.apache.hadoop.hdds.scm.storage.BlockOutputStream.handleFlush(BlockOutputStream.java:545)
	at org.apache.hadoop.hdds.scm.storage.BlockOutputStream.flush(BlockOutputStream.java:522)
	at org.apache.hadoop.ozone.client.io.BlockOutputStreamEntry.flush(BlockOutputStreamEntry.java:139)
	at org.apache.hadoop.ozone.client.io.KeyOutputStream.handleStreamAction(KeyOutputStream.java:533)
	at org.apache.hadoop.ozone.client.io.KeyOutputStream.handleFlushOrClose(KeyOutputStream.java:499)
	at org.apache.hadoop.ozone.client.io.KeyOutputStream.flush(KeyOutputStream.java:449)
	at org.apache.hadoop.ozone.client.io.OzoneOutputStream.flush(OzoneOutputStream.java:62)
	at org.apache.hadoop.ozone.client.rpc.TestContainerStateMachineFailures.testContainerStateMachineSingleFailureRetry(TestContainerStateMachineFailures.java:708)
	at sun.reflect.NativeMethodAccessorImpl.invoke0(Native Method)
	at sun.reflect.NativeMethodAccessorImpl.invoke(NativeMethodAccessorImpl.java:62)
	at sun.reflect.DelegatingMethodAccessorImpl.invoke(DelegatingMethodAccessorImpl.java:43)
	at java.lang.reflect.Method.invoke(Method.java:498)
	at org.junit.platform.commons.util.ReflectionUtils.invokeMethod(ReflectionUtils.java:725)
	at org.junit.jupiter.engine.execution.MethodInvocation.proceed(MethodInvocation.java:60)
	at org.junit.jupiter.engine.execution.InvocationInterceptorChain$ValidatingInvocation.proceed(InvocationInterceptorChain.java:131)
	at org.junit.jupiter.engine.extension.TimeoutExtension.intercept(TimeoutExtension.java:149)
	at org.junit.jupiter.engine.extension.TimeoutExtension.interceptTestableMethod(TimeoutExtension.java:140)
	at org.junit.jupiter.engine.extension.TimeoutExtension.interceptTestMethod(TimeoutExtension.java:84)
	at org.junit.jupiter.engine.execution.ExecutableInvoker$ReflectiveInterceptorCall.lambda$ofVoidMethod$0(ExecutableInvoker.java:115)
	at org.junit.jupiter.engine.execution.ExecutableInvoker.lambda$invoke$0(ExecutableInvoker.java:105)
	at org.junit.jupiter.engine.execution.InvocationInterceptorChain$InterceptedInvocation.proceed(InvocationInterceptorChain.java:106)
	at org.junit.jupiter.engine.execution.InvocationInterceptorChain.proceed(InvocationInterceptorChain.java:64)
	at org.junit.jupiter.engine.execution.InvocationInterceptorChain.chainAndInvoke(InvocationInterceptorChain.java:45)
	at org.junit.jupiter.engine.execution.InvocationInterceptorChain.invoke(InvocationInterceptorChain.java:37)
	at org.junit.jupiter.engine.execution.ExecutableInvoker.invoke(ExecutableInvoker.java:104)
	at org.junit.jupiter.engine.execution.ExecutableInvoker.invoke(ExecutableInvoker.java:98)
	at org.junit.jupiter.engine.descriptor.TestMethodTestDescriptor.lambda$invokeTestMethod$7(TestMethodTestDescriptor.java:214)
	at org.junit.platform.engine.support.hierarchical.ThrowableCollector.execute(ThrowableCollector.java:73)
	at org.junit.jupiter.engine.descriptor.TestMethodTestDescriptor.invokeTestMethod(TestMethodTestDescriptor.java:210)
	at org.junit.jupiter.engine.descriptor.TestMethodTestDescriptor.execute(TestMethodTestDescriptor.java:135)
	at org.junit.jupiter.engine.descriptor.TestMethodTestDescriptor.execute(TestMethodTestDescriptor.java:66)
	at org.junit.platform.engine.support.hierarchical.NodeTestTask.lambda$executeRecursively$6(NodeTestTask.java:151)
	at org.junit.platform.engine.support.hierarchical.ThrowableCollector.execute(ThrowableCollector.java:73)
	at org.junit.platform.engine.support.hierarchical.NodeTestTask.lambda$executeRecursively$8(NodeTestTask.java:141)
	at org.junit.platform.engine.support.hierarchical.Node.around(Node.java:137)
	at org.junit.platform.engine.support.hierarchical.NodeTestTask.lambda$executeRecursively$9(NodeTestTask.java:139)
	at org.junit.platform.engine.support.hierarchical.ThrowableCollector.execute(ThrowableCollector.java:73)
	at org.junit.platform.engine.support.hierarchical.NodeTestTask.executeRecursively(NodeTestTask.java:138)
	at org.junit.platform.engine.support.hierarchical.NodeTestTask.execute(NodeTestTask.java:95)
	at java.util.ArrayList.forEach(ArrayList.java:1259)
	at org.junit.platform.engine.support.hierarchical.SameThreadHierarchicalTestExecutorService.invokeAll(SameThreadHierarchicalTestExecutorService.java:41)
	at org.junit.platform.engine.support.hierarchical.NodeTestTask.lambda$executeRecursively$6(NodeTestTask.java:155)
	at org.junit.platform.engine.support.hierarchical.ThrowableCollector.execute(ThrowableCollector.java:73)
	at org.junit.platform.engine.support.hierarchical.NodeTestTask.lambda$executeRecursively$8(NodeTestTask.java:141)
	at org.junit.platform.engine.support.hierarchical.Node.around(Node.java:137)
	at org.junit.platform.engine.support.hierarchical.NodeTestTask.lambda$executeRecursively$9(NodeTestTask.java:139)
	at org.junit.platform.engine.support.hierarchical.ThrowableCollector.execute(ThrowableCollector.java:73)
	at org.junit.platform.engine.support.hierarchical.NodeTestTask.executeRecursively(NodeTestTask.java:138)
	at org.junit.platform.engine.support.hierarchical.NodeTestTask.execute(NodeTestTask.java:95)
	at java.util.ArrayList.forEach(ArrayList.java:1259)
	at org.junit.platform.engine.support.hierarchical.SameThreadHierarchicalTestExecutorService.invokeAll(SameThreadHierarchicalTestExecutorService.java:41)
	at org.junit.platform.engine.support.hierarchical.NodeTestTask.lambda$executeRecursively$6(NodeTestTask.java:155)
	at org.junit.platform.engine.support.hierarchical.ThrowableCollector.execute(ThrowableCollector.java:73)
	at org.junit.platform.engine.support.hierarchical.NodeTestTask.lambda$executeRecursively$8(NodeTestTask.java:141)
	at org.junit.platform.engine.support.hierarchical.Node.around(Node.java:137)
	at org.junit.platform.engine.support.hierarchical.NodeTestTask.lambda$executeRecursively$9(NodeTestTask.java:139)
	at org.junit.platform.engine.support.hierarchical.ThrowableCollector.execute(ThrowableCollector.java:73)
	at org.junit.platform.engine.support.hierarchical.NodeTestTask.executeRecursively(NodeTestTask.java:138)
	at org.junit.platform.engine.support.hierarchical.NodeTestTask.execute(NodeTestTask.java:95)
	at org.junit.platform.engine.support.hierarchical.SameThreadHierarchicalTestExecutorService.submit(SameThreadHierarchicalTestExecutorService.java:35)
	at org.junit.platform.engine.support.hierarchical.HierarchicalTestExecutor.execute(HierarchicalTestExecutor.java:57)
	at org.junit.platform.engine.support.hierarchical.HierarchicalTestEngine.execute(HierarchicalTestEngine.java:54)
	at org.junit.platform.launcher.core.EngineExecutionOrchestrator.execute(EngineExecutionOrchestrator.java:107)
	at org.junit.platform.launcher.core.EngineExecutionOrchestrator.execute(EngineExecutionOrchestrator.java:88)
	at org.junit.platform.launcher.core.EngineExecutionOrchestrator.lambda$execute$0(EngineExecutionOrchestrator.java:54)
	at org.junit.platform.launcher.core.EngineExecutionOrchestrator.withInterceptedStreams(EngineExecutionOrchestrator.java:67)
	at org.junit.platform.launcher.core.EngineExecutionOrchestrator.execute(EngineExecutionOrchestrator.java:52)
	at org.junit.platform.launcher.core.DefaultLauncher.execute(DefaultLauncher.java:114)
	at org.junit.platform.launcher.core.DefaultLauncher.execute(DefaultLauncher.java:86)
	at org.junit.platform.launcher.core.DefaultLauncherSession$DelegatingLauncher.execute(DefaultLauncherSession.java:86)
	at org.junit.platform.launcher.core.SessionPerRequestLauncher.execute(SessionPerRequestLauncher.java:53)
	at org.apache.maven.surefire.junitplatform.JUnitPlatformProvider.execute(JUnitPlatformProvider.java:188)
	at org.apache.maven.surefire.junitplatform.JUnitPlatformProvider.invokeAllTests(JUnitPlatformProvider.java:154)
	at org.apache.maven.surefire.junitplatform.JUnitPlatformProvider.invoke(JUnitPlatformProvider.java:124)
	at org.apache.maven.surefire.booter.ForkedBooter.runSuitesInProcess(ForkedBooter.java:428)
	at org.apache.maven.surefire.booter.ForkedBooter.execute(ForkedBooter.java:162)
	at org.apache.maven.surefire.booter.ForkedBooter.run(ForkedBooter.java:562)
	at org.apache.maven.surefire.booter.ForkedBooter.main(ForkedBooter.java:548)
Caused by: java.io.IOException: Unexpected Storage Container Exception: java.util.concurrent.ExecutionException: org.apache.ratis.protocol.exceptions.RaftRetryFailureException: Failed RaftClientRequest:client-C4C23344A23C->b7c32ab9-1d10-40a2-8298-2f54da75b521@group-98770BDE7CB1, cid=26, seq=0, Watch-MAJORITY_COMMITTED(6), null for 2 attempts with RequestTypeDependentRetryPolicy{WRITE->ExceptionDependentRetry(maxAttempts=2147483647; defaultPolicy=MultipleLinearRandomRetry[5x5s, 5x10s, 5x15s, 5x20s, 5x25s, 10x60s]; map={org.apache.ratis.protocol.exceptions.GroupMismatchException->NoRetry, org.apache.ratis.protocol.exceptions.NotReplicatedException->NoRetry, org.apache.ratis.protocol.exceptions.ResourceUnavailableException->org.apache.ratis.retry.ExponentialBackoffRetry@2054caa1, org.apache.ratis.protocol.exceptions.StateMachineException->NoRetry, org.apache.ratis.protocol.exceptions.TimeoutIOException->org.apache.ratis.retry.ExponentialBackoffRetry@2054caa1}), WATCH->ExceptionDependentRetry(maxAttempts=2147483647; defaultPolicy=MultipleLinearRandomRetry[5x5s, 5x10s, 5x15s, 5x20s, 5x25s, 10x60s]; map={org.apache.ratis.protocol.exceptions.GroupMismatchException->NoRetry, org.apache.ratis.protocol.exceptions.NotReplicatedException->NoRetry, org.apache.ratis.protocol.exceptions.ResourceUnavailableException->org.apache.ratis.retry.ExponentialBackoffRetry@2054caa1, org.apache.ratis.protocol.exceptions.StateMachineException->NoRetry, org.apache.ratis.protocol.exceptions.TimeoutIOException->NoRetry})}
	at org.apache.hadoop.hdds.scm.storage.CommitWatcher.getIOExceptionForWatchForCommit(CommitWatcher.java:220)
	at org.apache.hadoop.hdds.scm.storage.CommitWatcher.watchForCommit(CommitWatcher.java:212)
	at org.apache.hadoop.hdds.scm.storage.CommitWatcher.watchOnLastIndex(CommitWatcher.java:166)
	at org.apache.hadoop.hdds.scm.storage.RatisBlockOutputStream.sendWatchForCommit(RatisBlockOutputStream.java:106)
	at org.apache.hadoop.hdds.scm.storage.BlockOutputStream.watchForCommit(BlockOutputStream.java:417)
	... 79 more
Caused by: java.util.concurrent.ExecutionException: org.apache.ratis.protocol.exceptions.RaftRetryFailureException: Failed RaftClientRequest:client-C4C23344A23C->b7c32ab9-1d10-40a2-8298-2f54da75b521@group-98770BDE7CB1, cid=26, seq=0, Watch-MAJORITY_COMMITTED(6), null for 2 attempts with RequestTypeDependentRetryPolicy{WRITE->ExceptionDependentRetry(maxAttempts=2147483647; defaultPolicy=MultipleLinearRandomRetry[5x5s, 5x10s, 5x15s, 5x20s, 5x25s, 10x60s]; map={org.apache.ratis.protocol.exceptions.GroupMismatchException->NoRetry, org.apache.ratis.protocol.exceptions.NotReplicatedException->NoRetry, org.apache.ratis.protocol.exceptions.ResourceUnavailableException->org.apache.ratis.retry.ExponentialBackoffRetry@2054caa1, org.apache.ratis.protocol.exceptions.StateMachineException->NoRetry, org.apache.ratis.protocol.exceptions.TimeoutIOException->org.apache.ratis.retry.ExponentialBackoffRetry@2054caa1}), WATCH->ExceptionDependentRetry(maxAttempts=2147483647; defaultPolicy=MultipleLinearRandomRetry[5x5s, 5x10s, 5x15s, 5x20s, 5x25s, 10x60s]; map={org.apache.ratis.protocol.exceptions.GroupMismatchException->NoRetry, org.apache.ratis.protocol.exceptions.NotReplicatedException->NoRetry, org.apache.ratis.protocol.exceptions.ResourceUnavailableException->org.apache.ratis.retry.ExponentialBackoffRetry@2054caa1, org.apache.ratis.protocol.exceptions.StateMachineException->NoRetry, org.apache.ratis.protocol.exceptions.TimeoutIOException->NoRetry})}
	at java.util.concurrent.CompletableFuture.reportGet(CompletableFuture.java:357)
	at java.util.concurrent.CompletableFuture.get(CompletableFuture.java:1908)
	at org.apache.hadoop.hdds.scm.XceiverClientRatis.watchForCommit(XceiverClientRatis.java:297)
	at org.apache.hadoop.hdds.scm.storage.CommitWatcher.watchForCommit(CommitWatcher.java:199)
	... 82 more
Caused by: org.apache.ratis.protocol.exceptions.RaftRetryFailureException: Failed RaftClientRequest:client-C4C23344A23C->b7c32ab9-1d10-40a2-8298-2f54da75b521@group-98770BDE7CB1, cid=26, seq=0, Watch-MAJORITY_COMMITTED(6), null for 2 attempts with RequestTypeDependentRetryPolicy{WRITE->ExceptionDependentRetry(maxAttempts=2147483647; defaultPolicy=MultipleLinearRandomRetry[5x5s, 5x10s, 5x15s, 5x20s, 5x25s, 10x60s]; map={org.apache.ratis.protocol.exceptions.GroupMismatchException->NoRetry, org.apache.ratis.protocol.exceptions.NotReplicatedException->NoRetry, org.apache.ratis.protocol.exceptions.ResourceUnavailableException->org.apache.ratis.retry.ExponentialBackoffRetry@2054caa1, org.apache.ratis.protocol.exceptions.StateMachineException->NoRetry, org.apache.ratis.protocol.exceptions.TimeoutIOException->org.apache.ratis.retry.ExponentialBackoffRetry@2054caa1}), WATCH->ExceptionDependentRetry(maxAttempts=2147483647; defaultPolicy=MultipleLinearRandomRetry[5x5s, 5x10s, 5x15s, 5x20s, 5x25s, 10x60s]; map={org.apache.ratis.protocol.exceptions.GroupMismatchException->NoRetry, org.apache.ratis.protocol.exceptions.NotReplicatedException->NoRetry, org.apache.ratis.protocol.exceptions.ResourceUnavailableException->org.apache.ratis.retry.ExponentialBackoffRetry@2054caa1, org.apache.ratis.protocol.exceptions.StateMachineException->NoRetry, org.apache.ratis.protocol.exceptions.TimeoutIOException->NoRetry})}
	at org.apache.ratis.client.impl.RaftClientImpl.noMoreRetries(RaftClientImpl.java:307)
	at org.apache.ratis.client.impl.UnorderedAsync.lambda$sendRequestWithRetry$4(UnorderedAsync.java:98)
	at java.util.concurrent.CompletableFuture.uniWhenComplete(CompletableFuture.java:774)
	at java.util.concurrent.CompletableFuture$UniWhenComplete.tryFire(CompletableFuture.java:750)
	at java.util.concurrent.CompletableFuture$Completion.run(CompletableFuture.java:456)
	at java.lang.Thread.run(Thread.java:750)
Caused by: org.apache.ratis.protocol.exceptions.GroupMismatchException: b7c32ab9-1d10-40a2-8298-2f54da75b521: group-98770BDE7CB1 not found.
	at org.apache.ratis.server.impl.RaftServerProxy$ImplMap.get(RaftServerProxy.java:150)
	at org.apache.ratis.server.impl.RaftServerProxy.getImplFuture(RaftServerProxy.java:351)
	at org.apache.ratis.server.impl.RaftServerProxy.submitClientRequestAsync(RaftServerProxy.java:435)
	at org.apache.ratis.grpc.server.GrpcClientProtocolService$RequestStreamObserver.processClientRequest(GrpcClientProtocolService.java:226)
	at org.apache.ratis.grpc.server.GrpcClientProtocolService$UnorderedRequestStreamObserver.processClientRequest(GrpcClientProtocolService.java:282)
	at org.apache.ratis.grpc.server.GrpcClientProtocolService$RequestStreamObserver.onNext(GrpcClientProtocolService.java:246)
	at org.apache.ratis.grpc.server.GrpcClientProtocolService$RequestStreamObserver.onNext(GrpcClientProtocolService.java:169)
	at org.apache.ratis.thirdparty.io.grpc.stub.ServerCalls$StreamingServerCallHandler$StreamingServerCallListener.onMessage(ServerCalls.java:262)
	at org.apache.ratis.thirdparty.io.grpc.ForwardingServerCallListener.onMessage(ForwardingServerCallListener.java:33)
	at org.apache.ratis.thirdparty.io.grpc.internal.ServerCallImpl$ServerStreamListenerImpl.messagesAvailableInternal(ServerCallImpl.java:332)
	at org.apache.ratis.thirdparty.io.grpc.internal.ServerCallImpl$ServerStreamListenerImpl.messagesAvailable(ServerCallImpl.java:315)
	at org.apache.ratis.thirdparty.io.grpc.internal.ServerImpl$JumpToApplicationThreadServerStreamListener$1MessagesAvailable.runInContext(ServerImpl.java:834)
	at org.apache.ratis.thirdparty.io.grpc.internal.ContextRunnable.run(ContextRunnable.java:37)
	at org.apache.ratis.thirdparty.io.grpc.internal.SerializingExecutor.run(SerializingExecutor.java:133)
	at java.util.concurrent.ThreadPoolExecutor.runWorker(ThreadPoolExecutor.java:1149)
	at java.util.concurrent.ThreadPoolExecutor$Worker.run(ThreadPoolExecutor.java:624)
	... 1 more
2023-04-22 02:18:38,994 [Listener at 127.0.0.1/41793] WARN  io.KeyOutputStream (KeyOutputStream.java:handleException(317)) - Encountered exception java.io.IOException: Unexpected Storage Container Exception: java.io.IOException: Unexpected Storage Container Exception: java.util.concurrent.ExecutionException: org.apache.ratis.protocol.exceptions.RaftRetryFailureException: Failed RaftClientRequest:client-C4C23344A23C->b7c32ab9-1d10-40a2-8298-2f54da75b521@group-98770BDE7CB1, cid=26, seq=0, Watch-MAJORITY_COMMITTED(6), null for 2 attempts with RequestTypeDependentRetryPolicy{WRITE->ExceptionDependentRetry(maxAttempts=2147483647; defaultPolicy=MultipleLinearRandomRetry[5x5s, 5x10s, 5x15s, 5x20s, 5x25s, 10x60s]; map={org.apache.ratis.protocol.exceptions.GroupMismatchException->NoRetry, org.apache.ratis.protocol.exceptions.NotReplicatedException->NoRetry, org.apache.ratis.protocol.exceptions.ResourceUnavailableException->org.apache.ratis.retry.ExponentialBackoffRetry@2054caa1, org.apache.ratis.protocol.exceptions.StateMachineException->NoRetry, org.apache.ratis.protocol.exceptions.TimeoutIOException->org.apache.ratis.retry.ExponentialBackoffRetry@2054caa1}), WATCH->ExceptionDependentRetry(maxAttempts=2147483647; defaultPolicy=MultipleLinearRandomRetry[5x5s, 5x10s, 5x15s, 5x20s, 5x25s, 10x60s]; map={org.apache.ratis.protocol.exceptions.GroupMismatchException->NoRetry, org.apache.ratis.protocol.exceptions.NotReplicatedException->NoRetry, org.apache.ratis.protocol.exceptions.ResourceUnavailableException->org.apache.ratis.retry.ExponentialBackoffRetry@2054caa1, org.apache.ratis.protocol.exceptions.StateMachineException->NoRetry, org.apache.ratis.protocol.exceptions.TimeoutIOException->NoRetry})} on the pipeline Pipeline[ Id: 3756dc69-1fb3-4329-b2d6-98770bde7cb1, Nodes: b7c32ab9-1d10-40a2-8298-2f54da75b521(fv-az443-428.ap2fcshprsnunfx25e1aelzb4b.cx.internal.cloudapp.net/10.1.0.20)1fa0605c-c70f-40a8-a13c-0f797dcff94f(fv-az443-428.ap2fcshprsnunfx25e1aelzb4b.cx.internal.cloudapp.net/10.1.0.20)1d143142-2b08-4d43-93ad-ad0adf4c04aa(fv-az443-428.ap2fcshprsnunfx25e1aelzb4b.cx.internal.cloudapp.net/10.1.0.20), ReplicationConfig: RATIS/THREE, State:OPEN, leaderId:1d143142-2b08-4d43-93ad-ad0adf4c04aa, CreationTimestamp2023-04-22T02:18:14.348Z[Etc/UTC]]. The last committed block length is 5, uncommitted data length is 10 retry count 0
2023-04-22 02:18:39,109 [14afdd48-1c23-4787-9ada-99348fccc9d2@group-2228D2590D3E-StateMachineUpdater] INFO  ratis.ContainerStateMachine (ContainerStateMachine.java:takeSnapshot(330)) - group-2228D2590D3E: Taking a snapshot at:(t:1, i:4) file /home/runner/work/ozone/ozone/hadoop-ozone/integration-test/target/test-dir/MiniOzoneClusterImpl-b640deff-6994-498f-92ea-4ac5c972f0d8/datanode-8/data/ratis/c015da53-8971-4990-89ee-2228d2590d3e/sm/snapshot.1_4
2023-04-22 02:18:39,110 [14afdd48-1c23-4787-9ada-99348fccc9d2@group-2228D2590D3E-StateMachineUpdater] INFO  ratis.ContainerStateMachine (ContainerStateMachine.java:takeSnapshot(341)) - group-2228D2590D3E: Finished taking a snapshot at:(t:1, i:4) file:/home/runner/work/ozone/ozone/hadoop-ozone/integration-test/target/test-dir/MiniOzoneClusterImpl-b640deff-6994-498f-92ea-4ac5c972f0d8/datanode-8/data/ratis/c015da53-8971-4990-89ee-2228d2590d3e/sm/snapshot.1_4 took: 1 ms
2023-04-22 02:18:39,110 [14afdd48-1c23-4787-9ada-99348fccc9d2@group-2228D2590D3E-StateMachineUpdater] INFO  impl.StateMachineUpdater (StateMachineUpdater.java:takeSnapshot(287)) - 14afdd48-1c23-4787-9ada-99348fccc9d2@group-2228D2590D3E-StateMachineUpdater: Took a snapshot at index 4
2023-04-22 02:18:39,110 [14afdd48-1c23-4787-9ada-99348fccc9d2@group-2228D2590D3E-StateMachineUpdater] INFO  impl.StateMachineUpdater (StateMachineUpdater.java:lambda$new$0(92)) - 14afdd48-1c23-4787-9ada-99348fccc9d2@group-2228D2590D3E-StateMachineUpdater: snapshotIndex: updateIncreasingly 0 -> 4
2023-04-22 02:18:39,111 [ffe33985-86ac-4dba-9cf7-e9d9be1914b9@group-2228D2590D3E-StateMachineUpdater] INFO  ratis.ContainerStateMachine (ContainerStateMachine.java:takeSnapshot(330)) - group-2228D2590D3E: Taking a snapshot at:(t:1, i:4) file /home/runner/work/ozone/ozone/hadoop-ozone/integration-test/target/test-dir/MiniOzoneClusterImpl-b640deff-6994-498f-92ea-4ac5c972f0d8/datanode-6/data/ratis/c015da53-8971-4990-89ee-2228d2590d3e/sm/snapshot.1_4
2023-04-22 02:18:39,112 [ffe33985-86ac-4dba-9cf7-e9d9be1914b9@group-2228D2590D3E-StateMachineUpdater] INFO  ratis.ContainerStateMachine (ContainerStateMachine.java:takeSnapshot(341)) - group-2228D2590D3E: Finished taking a snapshot at:(t:1, i:4) file:/home/runner/work/ozone/ozone/hadoop-ozone/integration-test/target/test-dir/MiniOzoneClusterImpl-b640deff-6994-498f-92ea-4ac5c972f0d8/datanode-6/data/ratis/c015da53-8971-4990-89ee-2228d2590d3e/sm/snapshot.1_4 took: 1 ms
2023-04-22 02:18:39,112 [ffe33985-86ac-4dba-9cf7-e9d9be1914b9@group-2228D2590D3E-StateMachineUpdater] INFO  impl.StateMachineUpdater (StateMachineUpdater.java:takeSnapshot(287)) - ffe33985-86ac-4dba-9cf7-e9d9be1914b9@group-2228D2590D3E-StateMachineUpdater: Took a snapshot at index 4
2023-04-22 02:18:39,112 [ffe33985-86ac-4dba-9cf7-e9d9be1914b9@group-2228D2590D3E-StateMachineUpdater] INFO  impl.StateMachineUpdater (StateMachineUpdater.java:lambda$new$0(92)) - ffe33985-86ac-4dba-9cf7-e9d9be1914b9@group-2228D2590D3E-StateMachineUpdater: snapshotIndex: updateIncreasingly 0 -> 4
2023-04-22 02:18:39,131 [2e77c710-dcb3-40c4-9ab8-375ebf5b60c5@group-2228D2590D3E-StateMachineUpdater] INFO  ratis.ContainerStateMachine (ContainerStateMachine.java:takeSnapshot(330)) - group-2228D2590D3E: Taking a snapshot at:(t:1, i:5) file /home/runner/work/ozone/ozone/hadoop-ozone/integration-test/target/test-dir/MiniOzoneClusterImpl-b640deff-6994-498f-92ea-4ac5c972f0d8/datanode-7/data/ratis/c015da53-8971-4990-89ee-2228d2590d3e/sm/snapshot.1_5
2023-04-22 02:18:39,132 [2e77c710-dcb3-40c4-9ab8-375ebf5b60c5@group-2228D2590D3E-StateMachineUpdater] INFO  ratis.ContainerStateMachine (ContainerStateMachine.java:takeSnapshot(341)) - group-2228D2590D3E: Finished taking a snapshot at:(t:1, i:5) file:/home/runner/work/ozone/ozone/hadoop-ozone/integration-test/target/test-dir/MiniOzoneClusterImpl-b640deff-6994-498f-92ea-4ac5c972f0d8/datanode-7/data/ratis/c015da53-8971-4990-89ee-2228d2590d3e/sm/snapshot.1_5 took: 0 ms
2023-04-22 02:18:39,132 [2e77c710-dcb3-40c4-9ab8-375ebf5b60c5@group-2228D2590D3E-StateMachineUpdater] INFO  impl.StateMachineUpdater (StateMachineUpdater.java:takeSnapshot(287)) - 2e77c710-dcb3-40c4-9ab8-375ebf5b60c5@group-2228D2590D3E-StateMachineUpdater: Took a snapshot at index 5
2023-04-22 02:18:39,132 [2e77c710-dcb3-40c4-9ab8-375ebf5b60c5@group-2228D2590D3E-StateMachineUpdater] INFO  impl.StateMachineUpdater (StateMachineUpdater.java:lambda$new$0(92)) - 2e77c710-dcb3-40c4-9ab8-375ebf5b60c5@group-2228D2590D3E-StateMachineUpdater: snapshotIndex: updateIncreasingly 0 -> 5
2023-04-22 02:18:39,144 [14afdd48-1c23-4787-9ada-99348fccc9d2@group-2228D2590D3E-StateMachineUpdater] INFO  ratis.ContainerStateMachine (ContainerStateMachine.java:takeSnapshot(330)) - group-2228D2590D3E: Taking a snapshot at:(t:1, i:8) file /home/runner/work/ozone/ozone/hadoop-ozone/integration-test/target/test-dir/MiniOzoneClusterImpl-b640deff-6994-498f-92ea-4ac5c972f0d8/datanode-8/data/ratis/c015da53-8971-4990-89ee-2228d2590d3e/sm/snapshot.1_8
2023-04-22 02:18:39,145 [14afdd48-1c23-4787-9ada-99348fccc9d2@group-2228D2590D3E-StateMachineUpdater] INFO  ratis.ContainerStateMachine (ContainerStateMachine.java:takeSnapshot(341)) - group-2228D2590D3E: Finished taking a snapshot at:(t:1, i:8) file:/home/runner/work/ozone/ozone/hadoop-ozone/integration-test/target/test-dir/MiniOzoneClusterImpl-b640deff-6994-498f-92ea-4ac5c972f0d8/datanode-8/data/ratis/c015da53-8971-4990-89ee-2228d2590d3e/sm/snapshot.1_8 took: 1 ms
2023-04-22 02:18:39,145 [14afdd48-1c23-4787-9ada-99348fccc9d2@group-2228D2590D3E-StateMachineUpdater] INFO  impl.StateMachineUpdater (StateMachineUpdater.java:takeSnapshot(287)) - 14afdd48-1c23-4787-9ada-99348fccc9d2@group-2228D2590D3E-StateMachineUpdater: Took a snapshot at index 8
2023-04-22 02:18:39,145 [14afdd48-1c23-4787-9ada-99348fccc9d2@group-2228D2590D3E-StateMachineUpdater] INFO  impl.StateMachineUpdater (StateMachineUpdater.java:lambda$new$0(92)) - 14afdd48-1c23-4787-9ada-99348fccc9d2@group-2228D2590D3E-StateMachineUpdater: snapshotIndex: updateIncreasingly 4 -> 8
2023-04-22 02:18:39,145 [ffe33985-86ac-4dba-9cf7-e9d9be1914b9@group-2228D2590D3E-StateMachineUpdater] INFO  ratis.ContainerStateMachine (ContainerStateMachine.java:takeSnapshot(330)) - group-2228D2590D3E: Taking a snapshot at:(t:1, i:8) file /home/runner/work/ozone/ozone/hadoop-ozone/integration-test/target/test-dir/MiniOzoneClusterImpl-b640deff-6994-498f-92ea-4ac5c972f0d8/datanode-6/data/ratis/c015da53-8971-4990-89ee-2228d2590d3e/sm/snapshot.1_8
2023-04-22 02:18:39,146 [ffe33985-86ac-4dba-9cf7-e9d9be1914b9@group-2228D2590D3E-StateMachineUpdater] INFO  ratis.ContainerStateMachine (ContainerStateMachine.java:takeSnapshot(341)) - group-2228D2590D3E: Finished taking a snapshot at:(t:1, i:8) file:/home/runner/work/ozone/ozone/hadoop-ozone/integration-test/target/test-dir/MiniOzoneClusterImpl-b640deff-6994-498f-92ea-4ac5c972f0d8/datanode-6/data/ratis/c015da53-8971-4990-89ee-2228d2590d3e/sm/snapshot.1_8 took: 1 ms
2023-04-22 02:18:39,146 [ffe33985-86ac-4dba-9cf7-e9d9be1914b9@group-2228D2590D3E-StateMachineUpdater] INFO  impl.StateMachineUpdater (StateMachineUpdater.java:takeSnapshot(287)) - ffe33985-86ac-4dba-9cf7-e9d9be1914b9@group-2228D2590D3E-StateMachineUpdater: Took a snapshot at index 8
2023-04-22 02:18:39,146 [ffe33985-86ac-4dba-9cf7-e9d9be1914b9@group-2228D2590D3E-StateMachineUpdater] INFO  impl.StateMachineUpdater (StateMachineUpdater.java:lambda$new$0(92)) - ffe33985-86ac-4dba-9cf7-e9d9be1914b9@group-2228D2590D3E-StateMachineUpdater: snapshotIndex: updateIncreasingly 4 -> 8
2023-04-22 02:18:39,168 [2e77c710-dcb3-40c4-9ab8-375ebf5b60c5@group-2228D2590D3E-StateMachineUpdater] INFO  ratis.ContainerStateMachine (ContainerStateMachine.java:takeSnapshot(330)) - group-2228D2590D3E: Taking a snapshot at:(t:1, i:9) file /home/runner/work/ozone/ozone/hadoop-ozone/integration-test/target/test-dir/MiniOzoneClusterImpl-b640deff-6994-498f-92ea-4ac5c972f0d8/datanode-7/data/ratis/c015da53-8971-4990-89ee-2228d2590d3e/sm/snapshot.1_9
2023-04-22 02:18:39,169 [2e77c710-dcb3-40c4-9ab8-375ebf5b60c5@group-2228D2590D3E-StateMachineUpdater] INFO  ratis.ContainerStateMachine (ContainerStateMachine.java:takeSnapshot(341)) - group-2228D2590D3E: Finished taking a snapshot at:(t:1, i:9) file:/home/runner/work/ozone/ozone/hadoop-ozone/integration-test/target/test-dir/MiniOzoneClusterImpl-b640deff-6994-498f-92ea-4ac5c972f0d8/datanode-7/data/ratis/c015da53-8971-4990-89ee-2228d2590d3e/sm/snapshot.1_9 took: 1 ms
2023-04-22 02:18:39,169 [2e77c710-dcb3-40c4-9ab8-375ebf5b60c5@group-2228D2590D3E-StateMachineUpdater] INFO  impl.StateMachineUpdater (StateMachineUpdater.java:takeSnapshot(287)) - 2e77c710-dcb3-40c4-9ab8-375ebf5b60c5@group-2228D2590D3E-StateMachineUpdater: Took a snapshot at index 9
2023-04-22 02:18:39,169 [2e77c710-dcb3-40c4-9ab8-375ebf5b60c5@group-2228D2590D3E-StateMachineUpdater] INFO  impl.StateMachineUpdater (StateMachineUpdater.java:lambda$new$0(92)) - 2e77c710-dcb3-40c4-9ab8-375ebf5b60c5@group-2228D2590D3E-StateMachineUpdater: snapshotIndex: updateIncreasingly 5 -> 9
2023-04-22 02:18:39,169 [2e77c710-dcb3-40c4-9ab8-375ebf5b60c5@group-2228D2590D3E-StateMachineUpdater] INFO  ratis.ContainerStateMachine (ContainerStateMachine.java:takeSnapshot(330)) - group-2228D2590D3E: Taking a snapshot at:(t:1, i:10) file /home/runner/work/ozone/ozone/hadoop-ozone/integration-test/target/test-dir/MiniOzoneClusterImpl-b640deff-6994-498f-92ea-4ac5c972f0d8/datanode-7/data/ratis/c015da53-8971-4990-89ee-2228d2590d3e/sm/snapshot.1_10
2023-04-22 02:18:39,171 [2e77c710-dcb3-40c4-9ab8-375ebf5b60c5@group-2228D2590D3E-StateMachineUpdater] INFO  ratis.ContainerStateMachine (ContainerStateMachine.java:takeSnapshot(341)) - group-2228D2590D3E: Finished taking a snapshot at:(t:1, i:10) file:/home/runner/work/ozone/ozone/hadoop-ozone/integration-test/target/test-dir/MiniOzoneClusterImpl-b640deff-6994-498f-92ea-4ac5c972f0d8/datanode-7/data/ratis/c015da53-8971-4990-89ee-2228d2590d3e/sm/snapshot.1_10 took: 2 ms
2023-04-22 02:18:39,171 [2e77c710-dcb3-40c4-9ab8-375ebf5b60c5@group-2228D2590D3E-StateMachineUpdater] INFO  impl.StateMachineUpdater (StateMachineUpdater.java:takeSnapshot(287)) - 2e77c710-dcb3-40c4-9ab8-375ebf5b60c5@group-2228D2590D3E-StateMachineUpdater: Took a snapshot at index 10
2023-04-22 02:18:39,171 [2e77c710-dcb3-40c4-9ab8-375ebf5b60c5@group-2228D2590D3E-StateMachineUpdater] INFO  impl.StateMachineUpdater (StateMachineUpdater.java:lambda$new$0(92)) - 2e77c710-dcb3-40c4-9ab8-375ebf5b60c5@group-2228D2590D3E-StateMachineUpdater: snapshotIndex: updateIncreasingly 9 -> 10
2023-04-22 02:18:39,187 [FixedThreadPoolWithAffinityExecutor-0-0] WARN  container.ContainerReportHandler (AbstractContainerReportHandler.java:updateContainerState(259)) - Container #1 is in OPEN state, but the datanode 4fb9f1f7-4e3b-4bcf-a7e7-c7ddcac09d11(fv-az443-428.ap2fcshprsnunfx25e1aelzb4b.cx.internal.cloudapp.net/10.1.0.20) reports an QUASI_CLOSED replica.
2023-04-22 02:18:39,204 [FixedThreadPoolWithAffinityExecutor-0-0] WARN  container.ContainerReportHandler (AbstractContainerReportHandler.java:updateContainerState(259)) - Container #1 is in OPEN state, but the datanode 44aa5787-a9ca-4d27-a88e-9069c8f4547b(fv-az443-428.ap2fcshprsnunfx25e1aelzb4b.cx.internal.cloudapp.net/10.1.0.20) reports an QUASI_CLOSED replica.
2023-04-22 02:18:39,331 [FixedThreadPoolWithAffinityExecutor-9-0] WARN  container.ContainerReportHandler (AbstractContainerReportHandler.java:updateContainerState(259)) - Container #1 is in OPEN state, but the datanode 6aaf5ca8-0737-4296-ba95-7f0e9402c55b(fv-az443-428.ap2fcshprsnunfx25e1aelzb4b.cx.internal.cloudapp.net/10.1.0.20) reports an QUASI_CLOSED replica.
2023-04-22 02:18:39,349 [IPC Server handler 12 on default port 45983] WARN  node.SCMNodeManager (SCMNodeManager.java:getNodesByAddress(1357)) - Cannot find node for address 127.0.0.1
2023-04-22 02:18:39,352 [IPC Server handler 7 on default port 45983] WARN  node.SCMNodeManager (SCMNodeManager.java:getNodesByAddress(1357)) - Cannot find node for address 127.0.0.1
2023-04-22 02:18:39,382 [ChunkReader-0] WARN  keyvalue.KeyValueHandler (KeyValueHandler.java:checkContainerIsHealthy(763)) - GetBlock request conID: 2 locID: 111677748019200002 bcsId: 6 for UNHEALTHY container 2 replica
2023-04-22 02:18:39,382 [ChunkReader-0] INFO  keyvalue.KeyValueHandler (ContainerUtils.java:logAndReturnError(91)) - Operation: GetBlock , Trace ID:  , Message: Unable to find the block with bcsID 6 .Container 2 bcsId is 3. , Result: UNKNOWN_BCSID , StorageContainerException Occurred.
org.apache.hadoop.hdds.scm.container.common.helpers.StorageContainerException: Unable to find the block with bcsID 6 .Container 2 bcsId is 3.
	at org.apache.hadoop.ozone.container.keyvalue.impl.BlockManagerImpl.getBlock(BlockManagerImpl.java:248)
	at org.apache.hadoop.ozone.container.keyvalue.KeyValueHandler.handleGetBlock(KeyValueHandler.java:592)
	at org.apache.hadoop.ozone.container.keyvalue.KeyValueHandler.dispatchRequest(KeyValueHandler.java:263)
	at org.apache.hadoop.ozone.container.keyvalue.KeyValueHandler.handle(KeyValueHandler.java:232)
	at org.apache.hadoop.ozone.container.common.impl.HddsDispatcher.dispatchRequest(HddsDispatcher.java:320)
	at org.apache.hadoop.ozone.container.common.impl.HddsDispatcher.lambda$dispatch$0(HddsDispatcher.java:171)
	at org.apache.hadoop.hdds.server.OzoneProtocolMessageDispatcher.processRequest(OzoneProtocolMessageDispatcher.java:87)
	at org.apache.hadoop.ozone.container.common.impl.HddsDispatcher.dispatch(HddsDispatcher.java:170)
	at org.apache.hadoop.ozone.container.common.transport.server.GrpcXceiverService$1.onNext(GrpcXceiverService.java:57)
	at org.apache.hadoop.ozone.container.common.transport.server.GrpcXceiverService$1.onNext(GrpcXceiverService.java:50)
	at org.apache.ratis.thirdparty.io.grpc.stub.ServerCalls$StreamingServerCallHandler$StreamingServerCallListener.onMessage(ServerCalls.java:262)
	at org.apache.ratis.thirdparty.io.grpc.ForwardingServerCallListener.onMessage(ForwardingServerCallListener.java:33)
	at org.apache.hadoop.hdds.tracing.GrpcServerInterceptor$1.onMessage(GrpcServerInterceptor.java:49)
	at org.apache.ratis.thirdparty.io.grpc.internal.ServerCallImpl$ServerStreamListenerImpl.messagesAvailableInternal(ServerCallImpl.java:332)
	at org.apache.ratis.thirdparty.io.grpc.internal.ServerCallImpl$ServerStreamListenerImpl.messagesAvailable(ServerCallImpl.java:315)
	at org.apache.ratis.thirdparty.io.grpc.internal.ServerImpl$JumpToApplicationThreadServerStreamListener$1MessagesAvailable.runInContext(ServerImpl.java:834)
	at org.apache.ratis.thirdparty.io.grpc.internal.ContextRunnable.run(ContextRunnable.java:37)
	at org.apache.ratis.thirdparty.io.grpc.internal.SerializingExecutor.run(SerializingExecutor.java:133)
	at java.util.concurrent.ThreadPoolExecutor.runWorker(ThreadPoolExecutor.java:1149)
	at java.util.concurrent.ThreadPoolExecutor$Worker.run(ThreadPoolExecutor.java:624)
	at java.lang.Thread.run(Thread.java:750)
02:18:39.382 [ChunkReader-0] ERROR DNAudit - user=null | ip=null | op=GET_BLOCK {blockData=conID: 2 locID: 111677748019200002 bcsId: 6} | ret=FAILURE
java.lang.Exception: Unable to find the block with bcsID 6 .Container 2 bcsId is 3.
	at org.apache.hadoop.ozone.container.common.impl.HddsDispatcher.dispatchRequest(HddsDispatcher.java:389) ~[hdds-container-service-1.4.0-SNAPSHOT.jar:?]
	at org.apache.hadoop.ozone.container.common.impl.HddsDispatcher.lambda$dispatch$0(HddsDispatcher.java:171) ~[hdds-container-service-1.4.0-SNAPSHOT.jar:?]
	at org.apache.hadoop.hdds.server.OzoneProtocolMessageDispatcher.processRequest(OzoneProtocolMessageDispatcher.java:87) [hdds-server-framework-1.4.0-SNAPSHOT.jar:?]
	at org.apache.hadoop.ozone.container.common.impl.HddsDispatcher.dispatch(HddsDispatcher.java:170) [hdds-container-service-1.4.0-SNAPSHOT.jar:?]
	at org.apache.hadoop.ozone.container.common.transport.server.GrpcXceiverService$1.onNext(GrpcXceiverService.java:57) [hdds-container-service-1.4.0-SNAPSHOT.jar:?]
	at org.apache.hadoop.ozone.container.common.transport.server.GrpcXceiverService$1.onNext(GrpcXceiverService.java:50) [hdds-container-service-1.4.0-SNAPSHOT.jar:?]
	at org.apache.ratis.thirdparty.io.grpc.stub.ServerCalls$StreamingServerCallHandler$StreamingServerCallListener.onMessage(ServerCalls.java:262) [ratis-thirdparty-misc-1.0.3.jar:1.0.3]
	at org.apache.ratis.thirdparty.io.grpc.ForwardingServerCallListener.onMessage(ForwardingServerCallListener.java:33) [ratis-thirdparty-misc-1.0.3.jar:1.0.3]
	at org.apache.hadoop.hdds.tracing.GrpcServerInterceptor$1.onMessage(GrpcServerInterceptor.java:49) [hdds-common-1.4.0-SNAPSHOT.jar:?]
	at org.apache.ratis.thirdparty.io.grpc.internal.ServerCallImpl$ServerStreamListenerImpl.messagesAvailableInternal(ServerCallImpl.java:332) [ratis-thirdparty-misc-1.0.3.jar:1.0.3]
	at org.apache.ratis.thirdparty.io.grpc.internal.ServerCallImpl$ServerStreamListenerImpl.messagesAvailable(ServerCallImpl.java:315) [ratis-thirdparty-misc-1.0.3.jar:1.0.3]
	at org.apache.ratis.thirdparty.io.grpc.internal.ServerImpl$JumpToApplicationThreadServerStreamListener$1MessagesAvailable.runInContext(ServerImpl.java:834) [ratis-thirdparty-misc-1.0.3.jar:1.0.3]
	at org.apache.ratis.thirdparty.io.grpc.internal.ContextRunnable.run(ContextRunnable.java:37) [ratis-thirdparty-misc-1.0.3.jar:1.0.3]
	at org.apache.ratis.thirdparty.io.grpc.internal.SerializingExecutor.run(SerializingExecutor.java:133) [ratis-thirdparty-misc-1.0.3.jar:1.0.3]
	at java.util.concurrent.ThreadPoolExecutor.runWorker(ThreadPoolExecutor.java:1149) [?:1.8.0_362]
	at java.util.concurrent.ThreadPoolExecutor$Worker.run(ThreadPoolExecutor.java:624) [?:1.8.0_362]
	at java.lang.Thread.run(Thread.java:750) [?:1.8.0_362]
2023-04-22 02:18:39,389 [FixedThreadPoolWithAffinityExecutor-0-0] WARN  container.ContainerReportHandler (AbstractContainerReportHandler.java:updateContainerState(259)) - Container #1 is in OPEN state, but the datanode 4fb9f1f7-4e3b-4bcf-a7e7-c7ddcac09d11(fv-az443-428.ap2fcshprsnunfx25e1aelzb4b.cx.internal.cloudapp.net/10.1.0.20) reports an QUASI_CLOSED replica.
2023-04-22 02:18:39,406 [FixedThreadPoolWithAffinityExecutor-0-0] WARN  container.ContainerReportHandler (AbstractContainerReportHandler.java:updateContainerState(259)) - Container #1 is in OPEN state, but the datanode 44aa5787-a9ca-4d27-a88e-9069c8f4547b(fv-az443-428.ap2fcshprsnunfx25e1aelzb4b.cx.internal.cloudapp.net/10.1.0.20) reports an QUASI_CLOSED replica.
]]></system-out>
  </testcase>
  <testcase name="testWriteStateMachineDataIdempotencyWithClosedContainer" classname="org.apache.hadoop.ozone.client.rpc.TestContainerStateMachineFailures" time="0.388">
    <system-out><![CDATA[2023-04-22 02:18:39,516 [ffe33985-86ac-4dba-9cf7-e9d9be1914b9@group-C9DB5F5BB77F-StateMachineUpdater] INFO  ratis.ContainerStateMachine (ContainerStateMachine.java:takeSnapshot(330)) - group-C9DB5F5BB77F: Taking a snapshot at:(t:1, i:3) file /home/runner/work/ozone/ozone/hadoop-ozone/integration-test/target/test-dir/MiniOzoneClusterImpl-b640deff-6994-498f-92ea-4ac5c972f0d8/datanode-6/data/ratis/c81e7b98-8a93-42e3-95e3-c9db5f5bb77f/sm/snapshot.1_3
2023-04-22 02:18:39,517 [ffe33985-86ac-4dba-9cf7-e9d9be1914b9@group-C9DB5F5BB77F-StateMachineUpdater] INFO  ratis.ContainerStateMachine (ContainerStateMachine.java:takeSnapshot(341)) - group-C9DB5F5BB77F: Finished taking a snapshot at:(t:1, i:3) file:/home/runner/work/ozone/ozone/hadoop-ozone/integration-test/target/test-dir/MiniOzoneClusterImpl-b640deff-6994-498f-92ea-4ac5c972f0d8/datanode-6/data/ratis/c81e7b98-8a93-42e3-95e3-c9db5f5bb77f/sm/snapshot.1_3 took: 1 ms
2023-04-22 02:18:39,517 [ffe33985-86ac-4dba-9cf7-e9d9be1914b9@group-C9DB5F5BB77F-StateMachineUpdater] INFO  impl.StateMachineUpdater (StateMachineUpdater.java:takeSnapshot(287)) - ffe33985-86ac-4dba-9cf7-e9d9be1914b9@group-C9DB5F5BB77F-StateMachineUpdater: Took a snapshot at index 3
2023-04-22 02:18:39,517 [ffe33985-86ac-4dba-9cf7-e9d9be1914b9@group-C9DB5F5BB77F-StateMachineUpdater] INFO  impl.StateMachineUpdater (StateMachineUpdater.java:lambda$new$0(92)) - ffe33985-86ac-4dba-9cf7-e9d9be1914b9@group-C9DB5F5BB77F-StateMachineUpdater: snapshotIndex: updateIncreasingly 0 -> 3
2023-04-22 02:18:39,522 [ffe33985-86ac-4dba-9cf7-e9d9be1914b9@group-C9DB5F5BB77F-StateMachineUpdater] INFO  ratis.ContainerStateMachine (ContainerStateMachine.java:takeSnapshot(330)) - group-C9DB5F5BB77F: Taking a snapshot at:(t:1, i:5) file /home/runner/work/ozone/ozone/hadoop-ozone/integration-test/target/test-dir/MiniOzoneClusterImpl-b640deff-6994-498f-92ea-4ac5c972f0d8/datanode-6/data/ratis/c81e7b98-8a93-42e3-95e3-c9db5f5bb77f/sm/snapshot.1_5
2023-04-22 02:18:39,525 [ffe33985-86ac-4dba-9cf7-e9d9be1914b9@group-C9DB5F5BB77F-StateMachineUpdater] INFO  ratis.ContainerStateMachine (ContainerStateMachine.java:takeSnapshot(341)) - group-C9DB5F5BB77F: Finished taking a snapshot at:(t:1, i:5) file:/home/runner/work/ozone/ozone/hadoop-ozone/integration-test/target/test-dir/MiniOzoneClusterImpl-b640deff-6994-498f-92ea-4ac5c972f0d8/datanode-6/data/ratis/c81e7b98-8a93-42e3-95e3-c9db5f5bb77f/sm/snapshot.1_5 took: 3 ms
2023-04-22 02:18:39,525 [ffe33985-86ac-4dba-9cf7-e9d9be1914b9@group-C9DB5F5BB77F-StateMachineUpdater] INFO  impl.StateMachineUpdater (StateMachineUpdater.java:takeSnapshot(287)) - ffe33985-86ac-4dba-9cf7-e9d9be1914b9@group-C9DB5F5BB77F-StateMachineUpdater: Took a snapshot at index 5
2023-04-22 02:18:39,525 [ffe33985-86ac-4dba-9cf7-e9d9be1914b9@group-C9DB5F5BB77F-StateMachineUpdater] INFO  impl.StateMachineUpdater (StateMachineUpdater.java:lambda$new$0(92)) - ffe33985-86ac-4dba-9cf7-e9d9be1914b9@group-C9DB5F5BB77F-StateMachineUpdater: snapshotIndex: updateIncreasingly 3 -> 5
2023-04-22 02:18:39,530 [Listener at 127.0.0.1/41793] INFO  ratis.ContainerStateMachine (ContainerStateMachine.java:takeSnapshot(330)) - group-C9DB5F5BB77F: Taking a snapshot at:(t:1, i:7) file /home/runner/work/ozone/ozone/hadoop-ozone/integration-test/target/test-dir/MiniOzoneClusterImpl-b640deff-6994-498f-92ea-4ac5c972f0d8/datanode-6/data/ratis/c81e7b98-8a93-42e3-95e3-c9db5f5bb77f/sm/snapshot.1_7
2023-04-22 02:18:39,531 [Listener at 127.0.0.1/41793] INFO  ratis.ContainerStateMachine (ContainerStateMachine.java:takeSnapshot(341)) - group-C9DB5F5BB77F: Finished taking a snapshot at:(t:1, i:7) file:/home/runner/work/ozone/ozone/hadoop-ozone/integration-test/target/test-dir/MiniOzoneClusterImpl-b640deff-6994-498f-92ea-4ac5c972f0d8/datanode-6/data/ratis/c81e7b98-8a93-42e3-95e3-c9db5f5bb77f/sm/snapshot.1_7 took: 1 ms
2023-04-22 02:18:39,604 [ChunkWriter-0-0] WARN  helpers.ChunkUtils (ChunkUtils.java:validateChunkForOverwrite(250)) - Duplicate write chunk request. Chunk overwrite without explicit request. ChunkInfo{chunkName='111677748019200004.data.0, offset=0, len=5}
2023-04-22 02:18:39,607 [FixedThreadPoolWithAffinityExecutor-0-0] WARN  container.ContainerReportHandler (AbstractContainerReportHandler.java:updateContainerState(259)) - Container #1 is in OPEN state, but the datanode 44aa5787-a9ca-4d27-a88e-9069c8f4547b(fv-az443-428.ap2fcshprsnunfx25e1aelzb4b.cx.internal.cloudapp.net/10.1.0.20) reports an QUASI_CLOSED replica.
2023-04-22 02:18:39,607 [ChunkWriter-0-0] WARN  helpers.ChunkUtils (ChunkUtils.java:validateChunkForOverwrite(250)) - Duplicate write chunk request. Chunk overwrite without explicit request. ChunkInfo{chunkName='111677748019200004.data.0, offset=0, len=5}
2023-04-22 02:18:39,608 [ChunkWriter-0-0] WARN  helpers.ChunkUtils (ChunkUtils.java:validateChunkForOverwrite(250)) - Duplicate write chunk request. Chunk overwrite without explicit request. ChunkInfo{chunkName='111677748019200004.data.0, offset=0, len=5}
2023-04-22 02:18:39,610 [ChunkWriter-0-0] WARN  helpers.ChunkUtils (ChunkUtils.java:validateChunkForOverwrite(250)) - Duplicate write chunk request. Chunk overwrite without explicit request. ChunkInfo{chunkName='111677748019200004.data.0, offset=0, len=5}
2023-04-22 02:18:39,611 [ChunkWriter-0-0] WARN  helpers.ChunkUtils (ChunkUtils.java:validateChunkForOverwrite(250)) - Duplicate write chunk request. Chunk overwrite without explicit request. ChunkInfo{chunkName='111677748019200004.data.0, offset=0, len=5}
2023-04-22 02:18:39,612 [ChunkWriter-0-0] WARN  helpers.ChunkUtils (ChunkUtils.java:validateChunkForOverwrite(250)) - Duplicate write chunk request. Chunk overwrite without explicit request. ChunkInfo{chunkName='111677748019200004.data.0, offset=0, len=5}
2023-04-22 02:18:39,613 [ChunkWriter-0-0] WARN  helpers.ChunkUtils (ChunkUtils.java:validateChunkForOverwrite(250)) - Duplicate write chunk request. Chunk overwrite without explicit request. ChunkInfo{chunkName='111677748019200004.data.0, offset=0, len=5}
2023-04-22 02:18:39,614 [ChunkWriter-0-0] WARN  helpers.ChunkUtils (ChunkUtils.java:validateChunkForOverwrite(250)) - Duplicate write chunk request. Chunk overwrite without explicit request. ChunkInfo{chunkName='111677748019200004.data.0, offset=0, len=5}
2023-04-22 02:18:39,615 [ChunkWriter-0-0] WARN  helpers.ChunkUtils (ChunkUtils.java:validateChunkForOverwrite(250)) - Duplicate write chunk request. Chunk overwrite without explicit request. ChunkInfo{chunkName='111677748019200004.data.0, offset=0, len=5}
2023-04-22 02:18:39,616 [ChunkWriter-0-0] WARN  helpers.ChunkUtils (ChunkUtils.java:validateChunkForOverwrite(250)) - Duplicate write chunk request. Chunk overwrite without explicit request. ChunkInfo{chunkName='111677748019200004.data.0, offset=0, len=5}
2023-04-22 02:18:39,616 [ChunkWriter-0-0] WARN  helpers.ChunkUtils (ChunkUtils.java:validateChunkForOverwrite(250)) - Duplicate write chunk request. Chunk overwrite without explicit request. ChunkInfo{chunkName='111677748019200004.data.0, offset=0, len=5}
2023-04-22 02:18:39,618 [ChunkWriter-0-0] WARN  helpers.ChunkUtils (ChunkUtils.java:validateChunkForOverwrite(250)) - Duplicate write chunk request. Chunk overwrite without explicit request. ChunkInfo{chunkName='111677748019200004.data.0, offset=0, len=5}
2023-04-22 02:18:39,618 [ChunkWriter-0-0] WARN  helpers.ChunkUtils (ChunkUtils.java:validateChunkForOverwrite(250)) - Duplicate write chunk request. Chunk overwrite without explicit request. ChunkInfo{chunkName='111677748019200004.data.0, offset=0, len=5}
2023-04-22 02:18:39,620 [ChunkWriter-0-0] WARN  helpers.ChunkUtils (ChunkUtils.java:validateChunkForOverwrite(250)) - Duplicate write chunk request. Chunk overwrite without explicit request. ChunkInfo{chunkName='111677748019200004.data.0, offset=0, len=5}
2023-04-22 02:18:39,620 [ChunkWriter-0-0] WARN  helpers.ChunkUtils (ChunkUtils.java:validateChunkForOverwrite(250)) - Duplicate write chunk request. Chunk overwrite without explicit request. ChunkInfo{chunkName='111677748019200004.data.0, offset=0, len=5}
2023-04-22 02:18:39,622 [ChunkWriter-0-0] WARN  helpers.ChunkUtils (ChunkUtils.java:validateChunkForOverwrite(250)) - Duplicate write chunk request. Chunk overwrite without explicit request. ChunkInfo{chunkName='111677748019200004.data.0, offset=0, len=5}
2023-04-22 02:18:39,623 [ChunkWriter-0-0] WARN  helpers.ChunkUtils (ChunkUtils.java:validateChunkForOverwrite(250)) - Duplicate write chunk request. Chunk overwrite without explicit request. ChunkInfo{chunkName='111677748019200004.data.0, offset=0, len=5}
2023-04-22 02:18:39,623 [ChunkWriter-0-0] WARN  helpers.ChunkUtils (ChunkUtils.java:validateChunkForOverwrite(250)) - Duplicate write chunk request. Chunk overwrite without explicit request. ChunkInfo{chunkName='111677748019200004.data.0, offset=0, len=5}
2023-04-22 02:18:39,624 [ChunkWriter-0-0] WARN  helpers.ChunkUtils (ChunkUtils.java:validateChunkForOverwrite(250)) - Duplicate write chunk request. Chunk overwrite without explicit request. ChunkInfo{chunkName='111677748019200004.data.0, offset=0, len=5}
2023-04-22 02:18:39,625 [ChunkWriter-0-0] WARN  helpers.ChunkUtils (ChunkUtils.java:validateChunkForOverwrite(250)) - Duplicate write chunk request. Chunk overwrite without explicit request. ChunkInfo{chunkName='111677748019200004.data.0, offset=0, len=5}
2023-04-22 02:18:39,626 [ChunkWriter-0-0] WARN  helpers.ChunkUtils (ChunkUtils.java:validateChunkForOverwrite(250)) - Duplicate write chunk request. Chunk overwrite without explicit request. ChunkInfo{chunkName='111677748019200004.data.0, offset=0, len=5}
2023-04-22 02:18:39,627 [ChunkWriter-0-0] WARN  helpers.ChunkUtils (ChunkUtils.java:validateChunkForOverwrite(250)) - Duplicate write chunk request. Chunk overwrite without explicit request. ChunkInfo{chunkName='111677748019200004.data.0, offset=0, len=5}
2023-04-22 02:18:39,631 [ffe33985-86ac-4dba-9cf7-e9d9be1914b9@group-C9DB5F5BB77F-StateMachineUpdater] INFO  ratis.ContainerStateMachine (ContainerStateMachine.java:takeSnapshot(330)) - group-C9DB5F5BB77F: Taking a snapshot at:(t:1, i:9) file /home/runner/work/ozone/ozone/hadoop-ozone/integration-test/target/test-dir/MiniOzoneClusterImpl-b640deff-6994-498f-92ea-4ac5c972f0d8/datanode-6/data/ratis/c81e7b98-8a93-42e3-95e3-c9db5f5bb77f/sm/snapshot.1_9
2023-04-22 02:18:39,631 [ChunkWriter-0-0] WARN  helpers.ChunkUtils (ChunkUtils.java:validateChunkForOverwrite(250)) - Duplicate write chunk request. Chunk overwrite without explicit request. ChunkInfo{chunkName='111677748019200004.data.0, offset=0, len=5}
2023-04-22 02:18:39,631 [ffe33985-86ac-4dba-9cf7-e9d9be1914b9@group-C9DB5F5BB77F-StateMachineUpdater] INFO  ratis.ContainerStateMachine (ContainerStateMachine.java:takeSnapshot(341)) - group-C9DB5F5BB77F: Finished taking a snapshot at:(t:1, i:9) file:/home/runner/work/ozone/ozone/hadoop-ozone/integration-test/target/test-dir/MiniOzoneClusterImpl-b640deff-6994-498f-92ea-4ac5c972f0d8/datanode-6/data/ratis/c81e7b98-8a93-42e3-95e3-c9db5f5bb77f/sm/snapshot.1_9 took: 1 ms
2023-04-22 02:18:39,632 [ffe33985-86ac-4dba-9cf7-e9d9be1914b9@group-C9DB5F5BB77F-StateMachineUpdater] INFO  impl.StateMachineUpdater (StateMachineUpdater.java:takeSnapshot(287)) - ffe33985-86ac-4dba-9cf7-e9d9be1914b9@group-C9DB5F5BB77F-StateMachineUpdater: Took a snapshot at index 9
2023-04-22 02:18:39,632 [ffe33985-86ac-4dba-9cf7-e9d9be1914b9@group-C9DB5F5BB77F-StateMachineUpdater] INFO  impl.StateMachineUpdater (StateMachineUpdater.java:lambda$new$0(92)) - ffe33985-86ac-4dba-9cf7-e9d9be1914b9@group-C9DB5F5BB77F-StateMachineUpdater: snapshotIndex: updateIncreasingly 5 -> 9
2023-04-22 02:18:39,635 [ChunkWriter-0-0] WARN  helpers.ChunkUtils (ChunkUtils.java:validateChunkForOverwrite(250)) - Duplicate write chunk request. Chunk overwrite without explicit request. ChunkInfo{chunkName='111677748019200004.data.0, offset=0, len=5}
2023-04-22 02:18:39,635 [ChunkWriter-0-0] WARN  helpers.ChunkUtils (ChunkUtils.java:validateChunkForOverwrite(250)) - Duplicate write chunk request. Chunk overwrite without explicit request. ChunkInfo{chunkName='111677748019200004.data.0, offset=0, len=5}
2023-04-22 02:18:39,635 [ChunkWriter-0-0] WARN  helpers.ChunkUtils (ChunkUtils.java:validateChunkForOverwrite(250)) - Duplicate write chunk request. Chunk overwrite without explicit request. ChunkInfo{chunkName='111677748019200004.data.0, offset=0, len=5}
2023-04-22 02:18:39,641 [ffe33985-86ac-4dba-9cf7-e9d9be1914b9@group-C9DB5F5BB77F-StateMachineUpdater] INFO  ratis.ContainerStateMachine (ContainerStateMachine.java:takeSnapshot(330)) - group-C9DB5F5BB77F: Taking a snapshot at:(t:1, i:40) file /home/runner/work/ozone/ozone/hadoop-ozone/integration-test/target/test-dir/MiniOzoneClusterImpl-b640deff-6994-498f-92ea-4ac5c972f0d8/datanode-6/data/ratis/c81e7b98-8a93-42e3-95e3-c9db5f5bb77f/sm/snapshot.1_40
2023-04-22 02:18:39,642 [ffe33985-86ac-4dba-9cf7-e9d9be1914b9@group-C9DB5F5BB77F-StateMachineUpdater] INFO  ratis.ContainerStateMachine (ContainerStateMachine.java:takeSnapshot(341)) - group-C9DB5F5BB77F: Finished taking a snapshot at:(t:1, i:40) file:/home/runner/work/ozone/ozone/hadoop-ozone/integration-test/target/test-dir/MiniOzoneClusterImpl-b640deff-6994-498f-92ea-4ac5c972f0d8/datanode-6/data/ratis/c81e7b98-8a93-42e3-95e3-c9db5f5bb77f/sm/snapshot.1_40 took: 0 ms
2023-04-22 02:18:39,642 [ChunkWriter-0-0] WARN  helpers.ChunkUtils (ChunkUtils.java:validateChunkForOverwrite(250)) - Duplicate write chunk request. Chunk overwrite without explicit request. ChunkInfo{chunkName='111677748019200004.data.0, offset=0, len=5}
2023-04-22 02:18:39,642 [ChunkWriter-0-0] WARN  helpers.ChunkUtils (ChunkUtils.java:validateChunkForOverwrite(250)) - Duplicate write chunk request. Chunk overwrite without explicit request. ChunkInfo{chunkName='111677748019200004.data.0, offset=0, len=5}
2023-04-22 02:18:39,642 [ffe33985-86ac-4dba-9cf7-e9d9be1914b9@group-C9DB5F5BB77F-StateMachineUpdater] INFO  impl.SimpleStateMachineStorage (SimpleStateMachineStorage.java:cleanupOldSnapshots(102)) - Deleting old snapshot at /home/runner/work/ozone/ozone/hadoop-ozone/integration-test/target/test-dir/MiniOzoneClusterImpl-b640deff-6994-498f-92ea-4ac5c972f0d8/datanode-6/data/ratis/c81e7b98-8a93-42e3-95e3-c9db5f5bb77f/sm/snapshot.1_0
2023-04-22 02:18:39,643 [ffe33985-86ac-4dba-9cf7-e9d9be1914b9@group-C9DB5F5BB77F-StateMachineUpdater] INFO  impl.StateMachineUpdater (StateMachineUpdater.java:takeSnapshot(287)) - ffe33985-86ac-4dba-9cf7-e9d9be1914b9@group-C9DB5F5BB77F-StateMachineUpdater: Took a snapshot at index 40
2023-04-22 02:18:39,643 [ffe33985-86ac-4dba-9cf7-e9d9be1914b9@group-C9DB5F5BB77F-StateMachineUpdater] INFO  impl.StateMachineUpdater (StateMachineUpdater.java:lambda$new$0(92)) - ffe33985-86ac-4dba-9cf7-e9d9be1914b9@group-C9DB5F5BB77F-StateMachineUpdater: snapshotIndex: updateIncreasingly 9 -> 40
2023-04-22 02:18:39,646 [ChunkWriter-0-0] WARN  helpers.ChunkUtils (ChunkUtils.java:validateChunkForOverwrite(250)) - Duplicate write chunk request. Chunk overwrite without explicit request. ChunkInfo{chunkName='111677748019200004.data.0, offset=0, len=5}
2023-04-22 02:18:39,652 [ChunkWriter-0-0] WARN  helpers.ChunkUtils (ChunkUtils.java:validateChunkForOverwrite(250)) - Duplicate write chunk request. Chunk overwrite without explicit request. ChunkInfo{chunkName='111677748019200004.data.0, offset=0, len=5}
2023-04-22 02:18:39,654 [ffe33985-86ac-4dba-9cf7-e9d9be1914b9@group-C9DB5F5BB77F-StateMachineUpdater] INFO  ratis.ContainerStateMachine (ContainerStateMachine.java:takeSnapshot(330)) - group-C9DB5F5BB77F: Taking a snapshot at:(t:1, i:45) file /home/runner/work/ozone/ozone/hadoop-ozone/integration-test/target/test-dir/MiniOzoneClusterImpl-b640deff-6994-498f-92ea-4ac5c972f0d8/datanode-6/data/ratis/c81e7b98-8a93-42e3-95e3-c9db5f5bb77f/sm/snapshot.1_45
2023-04-22 02:18:39,654 [ffe33985-86ac-4dba-9cf7-e9d9be1914b9@group-C9DB5F5BB77F-StateMachineUpdater] INFO  ratis.ContainerStateMachine (ContainerStateMachine.java:takeSnapshot(341)) - group-C9DB5F5BB77F: Finished taking a snapshot at:(t:1, i:45) file:/home/runner/work/ozone/ozone/hadoop-ozone/integration-test/target/test-dir/MiniOzoneClusterImpl-b640deff-6994-498f-92ea-4ac5c972f0d8/datanode-6/data/ratis/c81e7b98-8a93-42e3-95e3-c9db5f5bb77f/sm/snapshot.1_45 took: 0 ms
2023-04-22 02:18:39,654 [ChunkWriter-0-0] WARN  helpers.ChunkUtils (ChunkUtils.java:validateChunkForOverwrite(250)) - Duplicate write chunk request. Chunk overwrite without explicit request. ChunkInfo{chunkName='111677748019200004.data.0, offset=0, len=5}
2023-04-22 02:18:39,655 [ffe33985-86ac-4dba-9cf7-e9d9be1914b9@group-C9DB5F5BB77F-StateMachineUpdater] INFO  impl.SimpleStateMachineStorage (SimpleStateMachineStorage.java:cleanupOldSnapshots(102)) - Deleting old snapshot at /home/runner/work/ozone/ozone/hadoop-ozone/integration-test/target/test-dir/MiniOzoneClusterImpl-b640deff-6994-498f-92ea-4ac5c972f0d8/datanode-6/data/ratis/c81e7b98-8a93-42e3-95e3-c9db5f5bb77f/sm/snapshot.1_3
2023-04-22 02:18:39,655 [ffe33985-86ac-4dba-9cf7-e9d9be1914b9@group-C9DB5F5BB77F-StateMachineUpdater] INFO  impl.StateMachineUpdater (StateMachineUpdater.java:takeSnapshot(287)) - ffe33985-86ac-4dba-9cf7-e9d9be1914b9@group-C9DB5F5BB77F-StateMachineUpdater: Took a snapshot at index 45
2023-04-22 02:18:39,655 [ffe33985-86ac-4dba-9cf7-e9d9be1914b9@group-C9DB5F5BB77F-StateMachineUpdater] INFO  impl.StateMachineUpdater (StateMachineUpdater.java:lambda$new$0(92)) - ffe33985-86ac-4dba-9cf7-e9d9be1914b9@group-C9DB5F5BB77F-StateMachineUpdater: snapshotIndex: updateIncreasingly 40 -> 45
2023-04-22 02:18:39,659 [ChunkWriter-0-0] WARN  helpers.ChunkUtils (ChunkUtils.java:validateChunkForOverwrite(250)) - Duplicate write chunk request. Chunk overwrite without explicit request. ChunkInfo{chunkName='111677748019200004.data.0, offset=0, len=5}
2023-04-22 02:18:39,666 [ChunkWriter-0-0] WARN  helpers.ChunkUtils (ChunkUtils.java:validateChunkForOverwrite(250)) - Duplicate write chunk request. Chunk overwrite without explicit request. ChunkInfo{chunkName='111677748019200004.data.0, offset=0, len=5}
2023-04-22 02:18:39,673 [ffe33985-86ac-4dba-9cf7-e9d9be1914b9@group-C9DB5F5BB77F-StateMachineUpdater] INFO  ratis.ContainerStateMachine (ContainerStateMachine.java:takeSnapshot(330)) - group-C9DB5F5BB77F: Taking a snapshot at:(t:1, i:51) file /home/runner/work/ozone/ozone/hadoop-ozone/integration-test/target/test-dir/MiniOzoneClusterImpl-b640deff-6994-498f-92ea-4ac5c972f0d8/datanode-6/data/ratis/c81e7b98-8a93-42e3-95e3-c9db5f5bb77f/sm/snapshot.1_51
2023-04-22 02:18:39,673 [ffe33985-86ac-4dba-9cf7-e9d9be1914b9@group-C9DB5F5BB77F-StateMachineUpdater] INFO  ratis.ContainerStateMachine (ContainerStateMachine.java:takeSnapshot(341)) - group-C9DB5F5BB77F: Finished taking a snapshot at:(t:1, i:51) file:/home/runner/work/ozone/ozone/hadoop-ozone/integration-test/target/test-dir/MiniOzoneClusterImpl-b640deff-6994-498f-92ea-4ac5c972f0d8/datanode-6/data/ratis/c81e7b98-8a93-42e3-95e3-c9db5f5bb77f/sm/snapshot.1_51 took: 0 ms
2023-04-22 02:18:39,674 [ffe33985-86ac-4dba-9cf7-e9d9be1914b9@group-C9DB5F5BB77F-StateMachineUpdater] INFO  impl.SimpleStateMachineStorage (SimpleStateMachineStorage.java:cleanupOldSnapshots(102)) - Deleting old snapshot at /home/runner/work/ozone/ozone/hadoop-ozone/integration-test/target/test-dir/MiniOzoneClusterImpl-b640deff-6994-498f-92ea-4ac5c972f0d8/datanode-6/data/ratis/c81e7b98-8a93-42e3-95e3-c9db5f5bb77f/sm/snapshot.1_5
2023-04-22 02:18:39,674 [ffe33985-86ac-4dba-9cf7-e9d9be1914b9@group-C9DB5F5BB77F-StateMachineUpdater] INFO  impl.StateMachineUpdater (StateMachineUpdater.java:takeSnapshot(287)) - ffe33985-86ac-4dba-9cf7-e9d9be1914b9@group-C9DB5F5BB77F-StateMachineUpdater: Took a snapshot at index 51
2023-04-22 02:18:39,674 [ffe33985-86ac-4dba-9cf7-e9d9be1914b9@group-C9DB5F5BB77F-StateMachineUpdater] INFO  impl.StateMachineUpdater (StateMachineUpdater.java:lambda$new$0(92)) - ffe33985-86ac-4dba-9cf7-e9d9be1914b9@group-C9DB5F5BB77F-StateMachineUpdater: snapshotIndex: updateIncreasingly 45 -> 51
2023-04-22 02:18:39,675 [ChunkWriter-0-0] WARN  helpers.ChunkUtils (ChunkUtils.java:validateChunkForOverwrite(250)) - Duplicate write chunk request. Chunk overwrite without explicit request. ChunkInfo{chunkName='111677748019200004.data.0, offset=0, len=5}
2023-04-22 02:18:39,676 [ffe33985-86ac-4dba-9cf7-e9d9be1914b9@group-C9DB5F5BB77F-StateMachineUpdater] INFO  ratis.ContainerStateMachine (ContainerStateMachine.java:takeSnapshot(330)) - group-C9DB5F5BB77F: Taking a snapshot at:(t:1, i:56) file /home/runner/work/ozone/ozone/hadoop-ozone/integration-test/target/test-dir/MiniOzoneClusterImpl-b640deff-6994-498f-92ea-4ac5c972f0d8/datanode-6/data/ratis/c81e7b98-8a93-42e3-95e3-c9db5f5bb77f/sm/snapshot.1_56
2023-04-22 02:18:39,677 [ffe33985-86ac-4dba-9cf7-e9d9be1914b9@group-C9DB5F5BB77F-StateMachineUpdater] INFO  ratis.ContainerStateMachine (ContainerStateMachine.java:takeSnapshot(341)) - group-C9DB5F5BB77F: Finished taking a snapshot at:(t:1, i:56) file:/home/runner/work/ozone/ozone/hadoop-ozone/integration-test/target/test-dir/MiniOzoneClusterImpl-b640deff-6994-498f-92ea-4ac5c972f0d8/datanode-6/data/ratis/c81e7b98-8a93-42e3-95e3-c9db5f5bb77f/sm/snapshot.1_56 took: 1 ms
2023-04-22 02:18:39,677 [ffe33985-86ac-4dba-9cf7-e9d9be1914b9@group-C9DB5F5BB77F-StateMachineUpdater] INFO  impl.SimpleStateMachineStorage (SimpleStateMachineStorage.java:cleanupOldSnapshots(102)) - Deleting old snapshot at /home/runner/work/ozone/ozone/hadoop-ozone/integration-test/target/test-dir/MiniOzoneClusterImpl-b640deff-6994-498f-92ea-4ac5c972f0d8/datanode-6/data/ratis/c81e7b98-8a93-42e3-95e3-c9db5f5bb77f/sm/snapshot.1_7
2023-04-22 02:18:39,677 [ffe33985-86ac-4dba-9cf7-e9d9be1914b9@group-C9DB5F5BB77F-StateMachineUpdater] INFO  impl.StateMachineUpdater (StateMachineUpdater.java:takeSnapshot(287)) - ffe33985-86ac-4dba-9cf7-e9d9be1914b9@group-C9DB5F5BB77F-StateMachineUpdater: Took a snapshot at index 56
2023-04-22 02:18:39,677 [ffe33985-86ac-4dba-9cf7-e9d9be1914b9@group-C9DB5F5BB77F-StateMachineUpdater] INFO  impl.StateMachineUpdater (StateMachineUpdater.java:lambda$new$0(92)) - ffe33985-86ac-4dba-9cf7-e9d9be1914b9@group-C9DB5F5BB77F-StateMachineUpdater: snapshotIndex: updateIncreasingly 51 -> 56
2023-04-22 02:18:39,685 [ChunkWriter-0-0] WARN  helpers.ChunkUtils (ChunkUtils.java:validateChunkForOverwrite(250)) - Duplicate write chunk request. Chunk overwrite without explicit request. ChunkInfo{chunkName='111677748019200004.data.0, offset=0, len=5}
2023-04-22 02:18:39,686 [ChunkWriter-0-0] WARN  helpers.ChunkUtils (ChunkUtils.java:validateChunkForOverwrite(250)) - Duplicate write chunk request. Chunk overwrite without explicit request. ChunkInfo{chunkName='111677748019200004.data.0, offset=0, len=5}
2023-04-22 02:18:39,687 [ChunkWriter-0-0] WARN  helpers.ChunkUtils (ChunkUtils.java:validateChunkForOverwrite(250)) - Duplicate write chunk request. Chunk overwrite without explicit request. ChunkInfo{chunkName='111677748019200004.data.0, offset=0, len=5}
2023-04-22 02:18:39,688 [ChunkWriter-0-0] WARN  helpers.ChunkUtils (ChunkUtils.java:validateChunkForOverwrite(250)) - Duplicate write chunk request. Chunk overwrite without explicit request. ChunkInfo{chunkName='111677748019200004.data.0, offset=0, len=5}
2023-04-22 02:18:39,689 [ChunkWriter-0-0] WARN  helpers.ChunkUtils (ChunkUtils.java:validateChunkForOverwrite(250)) - Duplicate write chunk request. Chunk overwrite without explicit request. ChunkInfo{chunkName='111677748019200004.data.0, offset=0, len=5}
2023-04-22 02:18:39,690 [ChunkWriter-0-0] WARN  helpers.ChunkUtils (ChunkUtils.java:validateChunkForOverwrite(250)) - Duplicate write chunk request. Chunk overwrite without explicit request. ChunkInfo{chunkName='111677748019200004.data.0, offset=0, len=5}
2023-04-22 02:18:39,690 [ChunkWriter-0-0] WARN  helpers.ChunkUtils (ChunkUtils.java:validateChunkForOverwrite(250)) - Duplicate write chunk request. Chunk overwrite without explicit request. ChunkInfo{chunkName='111677748019200004.data.0, offset=0, len=5}
2023-04-22 02:18:39,695 [ffe33985-86ac-4dba-9cf7-e9d9be1914b9@group-C9DB5F5BB77F-StateMachineUpdater] INFO  ratis.ContainerStateMachine (ContainerStateMachine.java:takeSnapshot(330)) - group-C9DB5F5BB77F: Taking a snapshot at:(t:1, i:65) file /home/runner/work/ozone/ozone/hadoop-ozone/integration-test/target/test-dir/MiniOzoneClusterImpl-b640deff-6994-498f-92ea-4ac5c972f0d8/datanode-6/data/ratis/c81e7b98-8a93-42e3-95e3-c9db5f5bb77f/sm/snapshot.1_65
2023-04-22 02:18:39,695 [ffe33985-86ac-4dba-9cf7-e9d9be1914b9@group-C9DB5F5BB77F-StateMachineUpdater] INFO  ratis.ContainerStateMachine (ContainerStateMachine.java:takeSnapshot(341)) - group-C9DB5F5BB77F: Finished taking a snapshot at:(t:1, i:65) file:/home/runner/work/ozone/ozone/hadoop-ozone/integration-test/target/test-dir/MiniOzoneClusterImpl-b640deff-6994-498f-92ea-4ac5c972f0d8/datanode-6/data/ratis/c81e7b98-8a93-42e3-95e3-c9db5f5bb77f/sm/snapshot.1_65 took: 0 ms
2023-04-22 02:18:39,696 [ffe33985-86ac-4dba-9cf7-e9d9be1914b9@group-C9DB5F5BB77F-StateMachineUpdater] INFO  impl.SimpleStateMachineStorage (SimpleStateMachineStorage.java:cleanupOldSnapshots(102)) - Deleting old snapshot at /home/runner/work/ozone/ozone/hadoop-ozone/integration-test/target/test-dir/MiniOzoneClusterImpl-b640deff-6994-498f-92ea-4ac5c972f0d8/datanode-6/data/ratis/c81e7b98-8a93-42e3-95e3-c9db5f5bb77f/sm/snapshot.1_9
2023-04-22 02:18:39,696 [ffe33985-86ac-4dba-9cf7-e9d9be1914b9@group-C9DB5F5BB77F-StateMachineUpdater] INFO  impl.StateMachineUpdater (StateMachineUpdater.java:takeSnapshot(287)) - ffe33985-86ac-4dba-9cf7-e9d9be1914b9@group-C9DB5F5BB77F-StateMachineUpdater: Took a snapshot at index 65
2023-04-22 02:18:39,696 [ffe33985-86ac-4dba-9cf7-e9d9be1914b9@group-C9DB5F5BB77F-StateMachineUpdater] INFO  impl.StateMachineUpdater (StateMachineUpdater.java:lambda$new$0(92)) - ffe33985-86ac-4dba-9cf7-e9d9be1914b9@group-C9DB5F5BB77F-StateMachineUpdater: snapshotIndex: updateIncreasingly 56 -> 65
2023-04-22 02:18:39,696 [ChunkWriter-0-0] WARN  helpers.ChunkUtils (ChunkUtils.java:validateChunkForOverwrite(250)) - Duplicate write chunk request. Chunk overwrite without explicit request. ChunkInfo{chunkName='111677748019200004.data.0, offset=0, len=5}
2023-04-22 02:18:39,697 [ChunkWriter-0-0] WARN  helpers.ChunkUtils (ChunkUtils.java:validateChunkForOverwrite(250)) - Duplicate write chunk request. Chunk overwrite without explicit request. ChunkInfo{chunkName='111677748019200004.data.0, offset=0, len=5}
2023-04-22 02:18:39,704 [ChunkWriter-0-0] WARN  helpers.ChunkUtils (ChunkUtils.java:validateChunkForOverwrite(250)) - Duplicate write chunk request. Chunk overwrite without explicit request. ChunkInfo{chunkName='111677748019200004.data.0, offset=0, len=5}
2023-04-22 02:18:39,706 [ffe33985-86ac-4dba-9cf7-e9d9be1914b9@group-C9DB5F5BB77F-StateMachineUpdater] INFO  ratis.ContainerStateMachine (ContainerStateMachine.java:takeSnapshot(330)) - group-C9DB5F5BB77F: Taking a snapshot at:(t:1, i:68) file /home/runner/work/ozone/ozone/hadoop-ozone/integration-test/target/test-dir/MiniOzoneClusterImpl-b640deff-6994-498f-92ea-4ac5c972f0d8/datanode-6/data/ratis/c81e7b98-8a93-42e3-95e3-c9db5f5bb77f/sm/snapshot.1_68
2023-04-22 02:18:39,708 [ChunkWriter-0-0] WARN  helpers.ChunkUtils (ChunkUtils.java:validateChunkForOverwrite(250)) - Duplicate write chunk request. Chunk overwrite without explicit request. ChunkInfo{chunkName='111677748019200004.data.0, offset=0, len=5}
2023-04-22 02:18:39,708 [ffe33985-86ac-4dba-9cf7-e9d9be1914b9@group-C9DB5F5BB77F-StateMachineUpdater] INFO  ratis.ContainerStateMachine (ContainerStateMachine.java:takeSnapshot(341)) - group-C9DB5F5BB77F: Finished taking a snapshot at:(t:1, i:68) file:/home/runner/work/ozone/ozone/hadoop-ozone/integration-test/target/test-dir/MiniOzoneClusterImpl-b640deff-6994-498f-92ea-4ac5c972f0d8/datanode-6/data/ratis/c81e7b98-8a93-42e3-95e3-c9db5f5bb77f/sm/snapshot.1_68 took: 2 ms
2023-04-22 02:18:39,710 [ffe33985-86ac-4dba-9cf7-e9d9be1914b9@group-C9DB5F5BB77F-StateMachineUpdater] INFO  impl.SimpleStateMachineStorage (SimpleStateMachineStorage.java:cleanupOldSnapshots(102)) - Deleting old snapshot at /home/runner/work/ozone/ozone/hadoop-ozone/integration-test/target/test-dir/MiniOzoneClusterImpl-b640deff-6994-498f-92ea-4ac5c972f0d8/datanode-6/data/ratis/c81e7b98-8a93-42e3-95e3-c9db5f5bb77f/sm/snapshot.1_40
2023-04-22 02:18:39,710 [ffe33985-86ac-4dba-9cf7-e9d9be1914b9@group-C9DB5F5BB77F-StateMachineUpdater] INFO  impl.StateMachineUpdater (StateMachineUpdater.java:takeSnapshot(287)) - ffe33985-86ac-4dba-9cf7-e9d9be1914b9@group-C9DB5F5BB77F-StateMachineUpdater: Took a snapshot at index 68
2023-04-22 02:18:39,710 [ffe33985-86ac-4dba-9cf7-e9d9be1914b9@group-C9DB5F5BB77F-StateMachineUpdater] INFO  impl.StateMachineUpdater (StateMachineUpdater.java:lambda$new$0(92)) - ffe33985-86ac-4dba-9cf7-e9d9be1914b9@group-C9DB5F5BB77F-StateMachineUpdater: snapshotIndex: updateIncreasingly 65 -> 68
2023-04-22 02:18:39,710 [ChunkWriter-0-0] WARN  helpers.ChunkUtils (ChunkUtils.java:validateChunkForOverwrite(250)) - Duplicate write chunk request. Chunk overwrite without explicit request. ChunkInfo{chunkName='111677748019200004.data.0, offset=0, len=5}
2023-04-22 02:18:39,715 [ffe33985-86ac-4dba-9cf7-e9d9be1914b9@group-C9DB5F5BB77F-StateMachineUpdater] INFO  ratis.ContainerStateMachine (ContainerStateMachine.java:takeSnapshot(330)) - group-C9DB5F5BB77F: Taking a snapshot at:(t:1, i:73) file /home/runner/work/ozone/ozone/hadoop-ozone/integration-test/target/test-dir/MiniOzoneClusterImpl-b640deff-6994-498f-92ea-4ac5c972f0d8/datanode-6/data/ratis/c81e7b98-8a93-42e3-95e3-c9db5f5bb77f/sm/snapshot.1_73
2023-04-22 02:18:39,716 [ChunkWriter-0-0] WARN  helpers.ChunkUtils (ChunkUtils.java:validateChunkForOverwrite(250)) - Duplicate write chunk request. Chunk overwrite without explicit request. ChunkInfo{chunkName='111677748019200004.data.0, offset=0, len=5}
2023-04-22 02:18:39,717 [ChunkWriter-0-0] WARN  helpers.ChunkUtils (ChunkUtils.java:validateChunkForOverwrite(250)) - Duplicate write chunk request. Chunk overwrite without explicit request. ChunkInfo{chunkName='111677748019200004.data.0, offset=0, len=5}
2023-04-22 02:18:39,717 [ffe33985-86ac-4dba-9cf7-e9d9be1914b9@group-C9DB5F5BB77F-StateMachineUpdater] INFO  ratis.ContainerStateMachine (ContainerStateMachine.java:takeSnapshot(341)) - group-C9DB5F5BB77F: Finished taking a snapshot at:(t:1, i:73) file:/home/runner/work/ozone/ozone/hadoop-ozone/integration-test/target/test-dir/MiniOzoneClusterImpl-b640deff-6994-498f-92ea-4ac5c972f0d8/datanode-6/data/ratis/c81e7b98-8a93-42e3-95e3-c9db5f5bb77f/sm/snapshot.1_73 took: 3 ms
2023-04-22 02:18:39,718 [ffe33985-86ac-4dba-9cf7-e9d9be1914b9@group-C9DB5F5BB77F-StateMachineUpdater] INFO  impl.SimpleStateMachineStorage (SimpleStateMachineStorage.java:cleanupOldSnapshots(102)) - Deleting old snapshot at /home/runner/work/ozone/ozone/hadoop-ozone/integration-test/target/test-dir/MiniOzoneClusterImpl-b640deff-6994-498f-92ea-4ac5c972f0d8/datanode-6/data/ratis/c81e7b98-8a93-42e3-95e3-c9db5f5bb77f/sm/snapshot.1_45
2023-04-22 02:18:39,718 [ffe33985-86ac-4dba-9cf7-e9d9be1914b9@group-C9DB5F5BB77F-StateMachineUpdater] INFO  impl.StateMachineUpdater (StateMachineUpdater.java:takeSnapshot(287)) - ffe33985-86ac-4dba-9cf7-e9d9be1914b9@group-C9DB5F5BB77F-StateMachineUpdater: Took a snapshot at index 73
2023-04-22 02:18:39,718 [ffe33985-86ac-4dba-9cf7-e9d9be1914b9@group-C9DB5F5BB77F-StateMachineUpdater] INFO  impl.StateMachineUpdater (StateMachineUpdater.java:lambda$new$0(92)) - ffe33985-86ac-4dba-9cf7-e9d9be1914b9@group-C9DB5F5BB77F-StateMachineUpdater: snapshotIndex: updateIncreasingly 68 -> 73
2023-04-22 02:18:39,718 [ChunkWriter-0-0] WARN  helpers.ChunkUtils (ChunkUtils.java:validateChunkForOverwrite(250)) - Duplicate write chunk request. Chunk overwrite without explicit request. ChunkInfo{chunkName='111677748019200004.data.0, offset=0, len=5}
2023-04-22 02:18:39,719 [ChunkWriter-0-0] WARN  helpers.ChunkUtils (ChunkUtils.java:validateChunkForOverwrite(250)) - Duplicate write chunk request. Chunk overwrite without explicit request. ChunkInfo{chunkName='111677748019200004.data.0, offset=0, len=5}
2023-04-22 02:18:39,720 [ChunkWriter-0-0] WARN  helpers.ChunkUtils (ChunkUtils.java:validateChunkForOverwrite(250)) - Duplicate write chunk request. Chunk overwrite without explicit request. ChunkInfo{chunkName='111677748019200004.data.0, offset=0, len=5}
2023-04-22 02:18:39,721 [ChunkWriter-0-0] WARN  helpers.ChunkUtils (ChunkUtils.java:validateChunkForOverwrite(250)) - Duplicate write chunk request. Chunk overwrite without explicit request. ChunkInfo{chunkName='111677748019200004.data.0, offset=0, len=5}
2023-04-22 02:18:39,722 [ChunkWriter-0-0] WARN  helpers.ChunkUtils (ChunkUtils.java:validateChunkForOverwrite(250)) - Duplicate write chunk request. Chunk overwrite without explicit request. ChunkInfo{chunkName='111677748019200004.data.0, offset=0, len=5}
2023-04-22 02:18:39,723 [ffe33985-86ac-4dba-9cf7-e9d9be1914b9@group-C9DB5F5BB77F-StateMachineUpdater] INFO  ratis.ContainerStateMachine (ContainerStateMachine.java:takeSnapshot(330)) - group-C9DB5F5BB77F: Taking a snapshot at:(t:1, i:75) file /home/runner/work/ozone/ozone/hadoop-ozone/integration-test/target/test-dir/MiniOzoneClusterImpl-b640deff-6994-498f-92ea-4ac5c972f0d8/datanode-6/data/ratis/c81e7b98-8a93-42e3-95e3-c9db5f5bb77f/sm/snapshot.1_75
2023-04-22 02:18:39,724 [ChunkWriter-0-0] WARN  helpers.ChunkUtils (ChunkUtils.java:validateChunkForOverwrite(250)) - Duplicate write chunk request. Chunk overwrite without explicit request. ChunkInfo{chunkName='111677748019200004.data.0, offset=0, len=5}
2023-04-22 02:18:39,726 [ChunkWriter-0-0] WARN  helpers.ChunkUtils (ChunkUtils.java:validateChunkForOverwrite(250)) - Duplicate write chunk request. Chunk overwrite without explicit request. ChunkInfo{chunkName='111677748019200004.data.0, offset=0, len=5}
2023-04-22 02:18:39,726 [ffe33985-86ac-4dba-9cf7-e9d9be1914b9@group-C9DB5F5BB77F-StateMachineUpdater] INFO  ratis.ContainerStateMachine (ContainerStateMachine.java:takeSnapshot(341)) - group-C9DB5F5BB77F: Finished taking a snapshot at:(t:1, i:75) file:/home/runner/work/ozone/ozone/hadoop-ozone/integration-test/target/test-dir/MiniOzoneClusterImpl-b640deff-6994-498f-92ea-4ac5c972f0d8/datanode-6/data/ratis/c81e7b98-8a93-42e3-95e3-c9db5f5bb77f/sm/snapshot.1_75 took: 3 ms
2023-04-22 02:18:39,726 [ffe33985-86ac-4dba-9cf7-e9d9be1914b9@group-C9DB5F5BB77F-StateMachineUpdater] INFO  impl.SimpleStateMachineStorage (SimpleStateMachineStorage.java:cleanupOldSnapshots(102)) - Deleting old snapshot at /home/runner/work/ozone/ozone/hadoop-ozone/integration-test/target/test-dir/MiniOzoneClusterImpl-b640deff-6994-498f-92ea-4ac5c972f0d8/datanode-6/data/ratis/c81e7b98-8a93-42e3-95e3-c9db5f5bb77f/sm/snapshot.1_51
2023-04-22 02:18:39,727 [ffe33985-86ac-4dba-9cf7-e9d9be1914b9@group-C9DB5F5BB77F-StateMachineUpdater] INFO  impl.StateMachineUpdater (StateMachineUpdater.java:takeSnapshot(287)) - ffe33985-86ac-4dba-9cf7-e9d9be1914b9@group-C9DB5F5BB77F-StateMachineUpdater: Took a snapshot at index 75
2023-04-22 02:18:39,727 [ffe33985-86ac-4dba-9cf7-e9d9be1914b9@group-C9DB5F5BB77F-StateMachineUpdater] INFO  impl.StateMachineUpdater (StateMachineUpdater.java:lambda$new$0(92)) - ffe33985-86ac-4dba-9cf7-e9d9be1914b9@group-C9DB5F5BB77F-StateMachineUpdater: snapshotIndex: updateIncreasingly 73 -> 75
2023-04-22 02:18:39,731 [FixedThreadPoolWithAffinityExecutor-9-0] WARN  container.ContainerReportHandler (AbstractContainerReportHandler.java:updateContainerState(259)) - Container #1 is in OPEN state, but the datanode 6aaf5ca8-0737-4296-ba95-7f0e9402c55b(fv-az443-428.ap2fcshprsnunfx25e1aelzb4b.cx.internal.cloudapp.net/10.1.0.20) reports an QUASI_CLOSED replica.
2023-04-22 02:18:39,731 [ChunkWriter-0-0] WARN  helpers.ChunkUtils (ChunkUtils.java:validateChunkForOverwrite(250)) - Duplicate write chunk request. Chunk overwrite without explicit request. ChunkInfo{chunkName='111677748019200004.data.0, offset=0, len=5}
2023-04-22 02:18:39,736 [ChunkWriter-0-0] WARN  helpers.ChunkUtils (ChunkUtils.java:validateChunkForOverwrite(250)) - Duplicate write chunk request. Chunk overwrite without explicit request. ChunkInfo{chunkName='111677748019200004.data.0, offset=0, len=5}
2023-04-22 02:18:39,742 [ChunkWriter-0-0] WARN  helpers.ChunkUtils (ChunkUtils.java:validateChunkForOverwrite(250)) - Duplicate write chunk request. Chunk overwrite without explicit request. ChunkInfo{chunkName='111677748019200004.data.0, offset=0, len=5}
2023-04-22 02:18:39,743 [ChunkWriter-0-0] WARN  helpers.ChunkUtils (ChunkUtils.java:validateChunkForOverwrite(250)) - Duplicate write chunk request. Chunk overwrite without explicit request. ChunkInfo{chunkName='111677748019200004.data.0, offset=0, len=5}
2023-04-22 02:18:39,746 [ChunkWriter-0-0] WARN  helpers.ChunkUtils (ChunkUtils.java:validateChunkForOverwrite(250)) - Duplicate write chunk request. Chunk overwrite without explicit request. ChunkInfo{chunkName='111677748019200004.data.0, offset=0, len=5}
2023-04-22 02:18:39,747 [ChunkWriter-0-0] WARN  helpers.ChunkUtils (ChunkUtils.java:validateChunkForOverwrite(250)) - Duplicate write chunk request. Chunk overwrite without explicit request. ChunkInfo{chunkName='111677748019200004.data.0, offset=0, len=5}
2023-04-22 02:18:39,748 [ChunkWriter-0-0] WARN  helpers.ChunkUtils (ChunkUtils.java:validateChunkForOverwrite(250)) - Duplicate write chunk request. Chunk overwrite without explicit request. ChunkInfo{chunkName='111677748019200004.data.0, offset=0, len=5}
2023-04-22 02:18:39,750 [ChunkWriter-0-0] WARN  helpers.ChunkUtils (ChunkUtils.java:validateChunkForOverwrite(250)) - Duplicate write chunk request. Chunk overwrite without explicit request. ChunkInfo{chunkName='111677748019200004.data.0, offset=0, len=5}
2023-04-22 02:18:39,750 [ChunkWriter-0-0] WARN  helpers.ChunkUtils (ChunkUtils.java:validateChunkForOverwrite(250)) - Duplicate write chunk request. Chunk overwrite without explicit request. ChunkInfo{chunkName='111677748019200004.data.0, offset=0, len=5}
2023-04-22 02:18:39,751 [ChunkWriter-0-0] WARN  helpers.ChunkUtils (ChunkUtils.java:validateChunkForOverwrite(250)) - Duplicate write chunk request. Chunk overwrite without explicit request. ChunkInfo{chunkName='111677748019200004.data.0, offset=0, len=5}
2023-04-22 02:18:39,758 [ChunkWriter-0-0] WARN  helpers.ChunkUtils (ChunkUtils.java:validateChunkForOverwrite(250)) - Duplicate write chunk request. Chunk overwrite without explicit request. ChunkInfo{chunkName='111677748019200004.data.0, offset=0, len=5}
2023-04-22 02:18:39,758 [ChunkWriter-0-0] WARN  helpers.ChunkUtils (ChunkUtils.java:validateChunkForOverwrite(250)) - Duplicate write chunk request. Chunk overwrite without explicit request. ChunkInfo{chunkName='111677748019200004.data.0, offset=0, len=5}
2023-04-22 02:18:39,760 [ChunkWriter-0-0] WARN  helpers.ChunkUtils (ChunkUtils.java:validateChunkForOverwrite(250)) - Duplicate write chunk request. Chunk overwrite without explicit request. ChunkInfo{chunkName='111677748019200004.data.0, offset=0, len=5}
2023-04-22 02:18:39,760 [ChunkWriter-0-0] WARN  helpers.ChunkUtils (ChunkUtils.java:validateChunkForOverwrite(250)) - Duplicate write chunk request. Chunk overwrite without explicit request. ChunkInfo{chunkName='111677748019200004.data.0, offset=0, len=5}
2023-04-22 02:18:39,760 [ChunkWriter-0-0] WARN  helpers.ChunkUtils (ChunkUtils.java:validateChunkForOverwrite(250)) - Duplicate write chunk request. Chunk overwrite without explicit request. ChunkInfo{chunkName='111677748019200004.data.0, offset=0, len=5}
2023-04-22 02:18:39,761 [ChunkWriter-0-0] WARN  helpers.ChunkUtils (ChunkUtils.java:validateChunkForOverwrite(250)) - Duplicate write chunk request. Chunk overwrite without explicit request. ChunkInfo{chunkName='111677748019200004.data.0, offset=0, len=5}
2023-04-22 02:18:39,761 [ChunkWriter-0-0] WARN  helpers.ChunkUtils (ChunkUtils.java:validateChunkForOverwrite(250)) - Duplicate write chunk request. Chunk overwrite without explicit request. ChunkInfo{chunkName='111677748019200004.data.0, offset=0, len=5}
2023-04-22 02:18:39,764 [ChunkWriter-0-0] WARN  helpers.ChunkUtils (ChunkUtils.java:validateChunkForOverwrite(250)) - Duplicate write chunk request. Chunk overwrite without explicit request. ChunkInfo{chunkName='111677748019200004.data.0, offset=0, len=5}
2023-04-22 02:18:39,765 [ChunkWriter-0-0] WARN  helpers.ChunkUtils (ChunkUtils.java:validateChunkForOverwrite(250)) - Duplicate write chunk request. Chunk overwrite without explicit request. ChunkInfo{chunkName='111677748019200004.data.0, offset=0, len=5}
2023-04-22 02:18:39,765 [ChunkWriter-0-0] WARN  helpers.ChunkUtils (ChunkUtils.java:validateChunkForOverwrite(250)) - Duplicate write chunk request. Chunk overwrite without explicit request. ChunkInfo{chunkName='111677748019200004.data.0, offset=0, len=5}
2023-04-22 02:18:39,765 [ChunkWriter-0-0] WARN  helpers.ChunkUtils (ChunkUtils.java:validateChunkForOverwrite(250)) - Duplicate write chunk request. Chunk overwrite without explicit request. ChunkInfo{chunkName='111677748019200004.data.0, offset=0, len=5}
2023-04-22 02:18:39,770 [ffe33985-86ac-4dba-9cf7-e9d9be1914b9@group-C9DB5F5BB77F-StateMachineUpdater] INFO  ratis.ContainerStateMachine (ContainerStateMachine.java:takeSnapshot(330)) - group-C9DB5F5BB77F: Taking a snapshot at:(t:1, i:88) file /home/runner/work/ozone/ozone/hadoop-ozone/integration-test/target/test-dir/MiniOzoneClusterImpl-b640deff-6994-498f-92ea-4ac5c972f0d8/datanode-6/data/ratis/c81e7b98-8a93-42e3-95e3-c9db5f5bb77f/sm/snapshot.1_88
2023-04-22 02:18:39,771 [ffe33985-86ac-4dba-9cf7-e9d9be1914b9@group-C9DB5F5BB77F-StateMachineUpdater] INFO  ratis.ContainerStateMachine (ContainerStateMachine.java:takeSnapshot(341)) - group-C9DB5F5BB77F: Finished taking a snapshot at:(t:1, i:88) file:/home/runner/work/ozone/ozone/hadoop-ozone/integration-test/target/test-dir/MiniOzoneClusterImpl-b640deff-6994-498f-92ea-4ac5c972f0d8/datanode-6/data/ratis/c81e7b98-8a93-42e3-95e3-c9db5f5bb77f/sm/snapshot.1_88 took: 1 ms
2023-04-22 02:18:39,771 [ffe33985-86ac-4dba-9cf7-e9d9be1914b9@group-C9DB5F5BB77F-StateMachineUpdater] INFO  impl.SimpleStateMachineStorage (SimpleStateMachineStorage.java:cleanupOldSnapshots(102)) - Deleting old snapshot at /home/runner/work/ozone/ozone/hadoop-ozone/integration-test/target/test-dir/MiniOzoneClusterImpl-b640deff-6994-498f-92ea-4ac5c972f0d8/datanode-6/data/ratis/c81e7b98-8a93-42e3-95e3-c9db5f5bb77f/sm/snapshot.1_56
2023-04-22 02:18:39,771 [ffe33985-86ac-4dba-9cf7-e9d9be1914b9@group-C9DB5F5BB77F-StateMachineUpdater] INFO  impl.StateMachineUpdater (StateMachineUpdater.java:takeSnapshot(287)) - ffe33985-86ac-4dba-9cf7-e9d9be1914b9@group-C9DB5F5BB77F-StateMachineUpdater: Took a snapshot at index 88
2023-04-22 02:18:39,771 [ffe33985-86ac-4dba-9cf7-e9d9be1914b9@group-C9DB5F5BB77F-StateMachineUpdater] INFO  impl.StateMachineUpdater (StateMachineUpdater.java:lambda$new$0(92)) - ffe33985-86ac-4dba-9cf7-e9d9be1914b9@group-C9DB5F5BB77F-StateMachineUpdater: snapshotIndex: updateIncreasingly 75 -> 88
2023-04-22 02:18:39,773 [ChunkWriter-0-0] WARN  helpers.ChunkUtils (ChunkUtils.java:validateChunkForOverwrite(250)) - Duplicate write chunk request. Chunk overwrite without explicit request. ChunkInfo{chunkName='111677748019200004.data.0, offset=0, len=5}
2023-04-22 02:18:39,774 [ChunkWriter-0-0] WARN  helpers.ChunkUtils (ChunkUtils.java:validateChunkForOverwrite(250)) - Duplicate write chunk request. Chunk overwrite without explicit request. ChunkInfo{chunkName='111677748019200004.data.0, offset=0, len=5}
2023-04-22 02:18:39,775 [ChunkWriter-0-0] WARN  helpers.ChunkUtils (ChunkUtils.java:validateChunkForOverwrite(250)) - Duplicate write chunk request. Chunk overwrite without explicit request. ChunkInfo{chunkName='111677748019200004.data.0, offset=0, len=5}
2023-04-22 02:18:39,785 [ChunkWriter-0-0] WARN  helpers.ChunkUtils (ChunkUtils.java:validateChunkForOverwrite(250)) - Duplicate write chunk request. Chunk overwrite without explicit request. ChunkInfo{chunkName='111677748019200004.data.0, offset=0, len=5}
2023-04-22 02:18:39,787 [ChunkWriter-0-0] WARN  helpers.ChunkUtils (ChunkUtils.java:validateChunkForOverwrite(250)) - Duplicate write chunk request. Chunk overwrite without explicit request. ChunkInfo{chunkName='111677748019200004.data.0, offset=0, len=5}
2023-04-22 02:18:39,789 [FixedThreadPoolWithAffinityExecutor-0-0] WARN  container.ContainerReportHandler (AbstractContainerReportHandler.java:updateContainerState(259)) - Container #1 is in OPEN state, but the datanode 4fb9f1f7-4e3b-4bcf-a7e7-c7ddcac09d11(fv-az443-428.ap2fcshprsnunfx25e1aelzb4b.cx.internal.cloudapp.net/10.1.0.20) reports an QUASI_CLOSED replica.
2023-04-22 02:18:39,789 [ChunkWriter-0-0] WARN  helpers.ChunkUtils (ChunkUtils.java:validateChunkForOverwrite(250)) - Duplicate write chunk request. Chunk overwrite without explicit request. ChunkInfo{chunkName='111677748019200004.data.0, offset=0, len=5}
2023-04-22 02:18:39,790 [ChunkWriter-0-0] WARN  helpers.ChunkUtils (ChunkUtils.java:validateChunkForOverwrite(250)) - Duplicate write chunk request. Chunk overwrite without explicit request. ChunkInfo{chunkName='111677748019200004.data.0, offset=0, len=5}
2023-04-22 02:18:39,790 [ffe33985-86ac-4dba-9cf7-e9d9be1914b9@group-C9DB5F5BB77F-StateMachineUpdater] INFO  ratis.ContainerStateMachine (ContainerStateMachine.java:takeSnapshot(330)) - group-C9DB5F5BB77F: Taking a snapshot at:(t:1, i:117) file /home/runner/work/ozone/ozone/hadoop-ozone/integration-test/target/test-dir/MiniOzoneClusterImpl-b640deff-6994-498f-92ea-4ac5c972f0d8/datanode-6/data/ratis/c81e7b98-8a93-42e3-95e3-c9db5f5bb77f/sm/snapshot.1_117
2023-04-22 02:18:39,791 [ffe33985-86ac-4dba-9cf7-e9d9be1914b9@group-C9DB5F5BB77F-StateMachineUpdater] INFO  ratis.ContainerStateMachine (ContainerStateMachine.java:takeSnapshot(341)) - group-C9DB5F5BB77F: Finished taking a snapshot at:(t:1, i:117) file:/home/runner/work/ozone/ozone/hadoop-ozone/integration-test/target/test-dir/MiniOzoneClusterImpl-b640deff-6994-498f-92ea-4ac5c972f0d8/datanode-6/data/ratis/c81e7b98-8a93-42e3-95e3-c9db5f5bb77f/sm/snapshot.1_117 took: 1 ms
2023-04-22 02:18:39,793 [ChunkWriter-0-0] WARN  helpers.ChunkUtils (ChunkUtils.java:validateChunkForOverwrite(250)) - Duplicate write chunk request. Chunk overwrite without explicit request. ChunkInfo{chunkName='111677748019200004.data.0, offset=0, len=5}
2023-04-22 02:18:39,794 [ffe33985-86ac-4dba-9cf7-e9d9be1914b9@group-C9DB5F5BB77F-StateMachineUpdater] INFO  impl.SimpleStateMachineStorage (SimpleStateMachineStorage.java:cleanupOldSnapshots(102)) - Deleting old snapshot at /home/runner/work/ozone/ozone/hadoop-ozone/integration-test/target/test-dir/MiniOzoneClusterImpl-b640deff-6994-498f-92ea-4ac5c972f0d8/datanode-6/data/ratis/c81e7b98-8a93-42e3-95e3-c9db5f5bb77f/sm/snapshot.1_65
2023-04-22 02:18:39,795 [ffe33985-86ac-4dba-9cf7-e9d9be1914b9@group-C9DB5F5BB77F-StateMachineUpdater] INFO  impl.StateMachineUpdater (StateMachineUpdater.java:takeSnapshot(287)) - ffe33985-86ac-4dba-9cf7-e9d9be1914b9@group-C9DB5F5BB77F-StateMachineUpdater: Took a snapshot at index 117
2023-04-22 02:18:39,795 [ffe33985-86ac-4dba-9cf7-e9d9be1914b9@group-C9DB5F5BB77F-StateMachineUpdater] INFO  impl.StateMachineUpdater (StateMachineUpdater.java:lambda$new$0(92)) - ffe33985-86ac-4dba-9cf7-e9d9be1914b9@group-C9DB5F5BB77F-StateMachineUpdater: snapshotIndex: updateIncreasingly 88 -> 117
2023-04-22 02:18:39,795 [ChunkWriter-0-0] WARN  helpers.ChunkUtils (ChunkUtils.java:validateChunkForOverwrite(250)) - Duplicate write chunk request. Chunk overwrite without explicit request. ChunkInfo{chunkName='111677748019200004.data.0, offset=0, len=5}
2023-04-22 02:18:39,797 [ChunkWriter-0-0] WARN  helpers.ChunkUtils (ChunkUtils.java:validateChunkForOverwrite(250)) - Duplicate write chunk request. Chunk overwrite without explicit request. ChunkInfo{chunkName='111677748019200004.data.0, offset=0, len=5}
2023-04-22 02:18:39,798 [ffe33985-86ac-4dba-9cf7-e9d9be1914b9@group-C9DB5F5BB77F-StateMachineUpdater] INFO  ratis.ContainerStateMachine (ContainerStateMachine.java:takeSnapshot(330)) - group-C9DB5F5BB77F: Taking a snapshot at:(t:1, i:120) file /home/runner/work/ozone/ozone/hadoop-ozone/integration-test/target/test-dir/MiniOzoneClusterImpl-b640deff-6994-498f-92ea-4ac5c972f0d8/datanode-6/data/ratis/c81e7b98-8a93-42e3-95e3-c9db5f5bb77f/sm/snapshot.1_120
2023-04-22 02:18:39,800 [ChunkWriter-0-0] WARN  helpers.ChunkUtils (ChunkUtils.java:validateChunkForOverwrite(250)) - Duplicate write chunk request. Chunk overwrite without explicit request. ChunkInfo{chunkName='111677748019200004.data.0, offset=0, len=5}
2023-04-22 02:18:39,801 [ffe33985-86ac-4dba-9cf7-e9d9be1914b9@group-C9DB5F5BB77F-StateMachineUpdater] INFO  ratis.ContainerStateMachine (ContainerStateMachine.java:takeSnapshot(341)) - group-C9DB5F5BB77F: Finished taking a snapshot at:(t:1, i:120) file:/home/runner/work/ozone/ozone/hadoop-ozone/integration-test/target/test-dir/MiniOzoneClusterImpl-b640deff-6994-498f-92ea-4ac5c972f0d8/datanode-6/data/ratis/c81e7b98-8a93-42e3-95e3-c9db5f5bb77f/sm/snapshot.1_120 took: 3 ms
2023-04-22 02:18:39,803 [ffe33985-86ac-4dba-9cf7-e9d9be1914b9@group-C9DB5F5BB77F-StateMachineUpdater] INFO  impl.SimpleStateMachineStorage (SimpleStateMachineStorage.java:cleanupOldSnapshots(102)) - Deleting old snapshot at /home/runner/work/ozone/ozone/hadoop-ozone/integration-test/target/test-dir/MiniOzoneClusterImpl-b640deff-6994-498f-92ea-4ac5c972f0d8/datanode-6/data/ratis/c81e7b98-8a93-42e3-95e3-c9db5f5bb77f/sm/snapshot.1_68
2023-04-22 02:18:39,803 [ffe33985-86ac-4dba-9cf7-e9d9be1914b9@group-C9DB5F5BB77F-StateMachineUpdater] INFO  impl.StateMachineUpdater (StateMachineUpdater.java:takeSnapshot(287)) - ffe33985-86ac-4dba-9cf7-e9d9be1914b9@group-C9DB5F5BB77F-StateMachineUpdater: Took a snapshot at index 120
2023-04-22 02:18:39,803 [ffe33985-86ac-4dba-9cf7-e9d9be1914b9@group-C9DB5F5BB77F-StateMachineUpdater] INFO  impl.StateMachineUpdater (StateMachineUpdater.java:lambda$new$0(92)) - ffe33985-86ac-4dba-9cf7-e9d9be1914b9@group-C9DB5F5BB77F-StateMachineUpdater: snapshotIndex: updateIncreasingly 117 -> 120
2023-04-22 02:18:39,803 [ChunkWriter-0-0] WARN  helpers.ChunkUtils (ChunkUtils.java:validateChunkForOverwrite(250)) - Duplicate write chunk request. Chunk overwrite without explicit request. ChunkInfo{chunkName='111677748019200004.data.0, offset=0, len=5}
2023-04-22 02:18:39,804 [ChunkWriter-0-0] WARN  helpers.ChunkUtils (ChunkUtils.java:validateChunkForOverwrite(250)) - Duplicate write chunk request. Chunk overwrite without explicit request. ChunkInfo{chunkName='111677748019200004.data.0, offset=0, len=5}
2023-04-22 02:18:39,805 [FixedThreadPoolWithAffinityExecutor-0-0] WARN  container.ContainerReportHandler (AbstractContainerReportHandler.java:updateContainerState(259)) - Container #1 is in OPEN state, but the datanode 44aa5787-a9ca-4d27-a88e-9069c8f4547b(fv-az443-428.ap2fcshprsnunfx25e1aelzb4b.cx.internal.cloudapp.net/10.1.0.20) reports an QUASI_CLOSED replica.
2023-04-22 02:18:39,805 [ChunkWriter-0-0] WARN  helpers.ChunkUtils (ChunkUtils.java:validateChunkForOverwrite(250)) - Duplicate write chunk request. Chunk overwrite without explicit request. ChunkInfo{chunkName='111677748019200004.data.0, offset=0, len=5}
2023-04-22 02:18:39,807 [ChunkWriter-0-0] WARN  helpers.ChunkUtils (ChunkUtils.java:validateChunkForOverwrite(250)) - Duplicate write chunk request. Chunk overwrite without explicit request. ChunkInfo{chunkName='111677748019200004.data.0, offset=0, len=5}
2023-04-22 02:18:39,809 [ChunkWriter-0-0] WARN  helpers.ChunkUtils (ChunkUtils.java:validateChunkForOverwrite(250)) - Duplicate write chunk request. Chunk overwrite without explicit request. ChunkInfo{chunkName='111677748019200004.data.0, offset=0, len=5}
2023-04-22 02:18:39,810 [ChunkWriter-0-0] WARN  helpers.ChunkUtils (ChunkUtils.java:validateChunkForOverwrite(250)) - Duplicate write chunk request. Chunk overwrite without explicit request. ChunkInfo{chunkName='111677748019200004.data.0, offset=0, len=5}
2023-04-22 02:18:39,810 [ChunkWriter-0-0] WARN  helpers.ChunkUtils (ChunkUtils.java:validateChunkForOverwrite(250)) - Duplicate write chunk request. Chunk overwrite without explicit request. ChunkInfo{chunkName='111677748019200004.data.0, offset=0, len=5}
2023-04-22 02:18:39,813 [ChunkWriter-0-0] WARN  helpers.ChunkUtils (ChunkUtils.java:validateChunkForOverwrite(250)) - Duplicate write chunk request. Chunk overwrite without explicit request. ChunkInfo{chunkName='111677748019200004.data.0, offset=0, len=5}
2023-04-22 02:18:39,813 [ChunkWriter-0-0] WARN  helpers.ChunkUtils (ChunkUtils.java:validateChunkForOverwrite(250)) - Duplicate write chunk request. Chunk overwrite without explicit request. ChunkInfo{chunkName='111677748019200004.data.0, offset=0, len=5}
2023-04-22 02:18:39,814 [ChunkWriter-0-0] WARN  helpers.ChunkUtils (ChunkUtils.java:validateChunkForOverwrite(250)) - Duplicate write chunk request. Chunk overwrite without explicit request. ChunkInfo{chunkName='111677748019200004.data.0, offset=0, len=5}
2023-04-22 02:18:39,815 [ChunkWriter-0-0] WARN  helpers.ChunkUtils (ChunkUtils.java:validateChunkForOverwrite(250)) - Duplicate write chunk request. Chunk overwrite without explicit request. ChunkInfo{chunkName='111677748019200004.data.0, offset=0, len=5}
2023-04-22 02:18:39,817 [ChunkWriter-0-0] WARN  helpers.ChunkUtils (ChunkUtils.java:validateChunkForOverwrite(250)) - Duplicate write chunk request. Chunk overwrite without explicit request. ChunkInfo{chunkName='111677748019200004.data.0, offset=0, len=5}
2023-04-22 02:18:39,817 [ChunkWriter-0-0] WARN  helpers.ChunkUtils (ChunkUtils.java:validateChunkForOverwrite(250)) - Duplicate write chunk request. Chunk overwrite without explicit request. ChunkInfo{chunkName='111677748019200004.data.0, offset=0, len=5}
2023-04-22 02:18:39,823 [FixedThreadPoolWithAffinityExecutor-9-0] WARN  container.IncrementalContainerReportHandler (AbstractContainerReportHandler.java:updateContainerState(259)) - Container #4 is in OPEN state, but the datanode ffe33985-86ac-4dba-9cf7-e9d9be1914b9(fv-az443-428.ap2fcshprsnunfx25e1aelzb4b.cx.internal.cloudapp.net/10.1.0.20) reports an CLOSING replica.
2023-04-22 02:18:39,823 [ContainerOp-c81e7b98-8a93-42e3-95e3-c9db5f5bb77f-9] INFO  keyvalue.KeyValueContainer (KeyValueContainer.java:flushAndSyncDB(446)) - Container 4 is synced with bcsId 6.
2023-04-22 02:18:39,824 [ContainerOp-c81e7b98-8a93-42e3-95e3-c9db5f5bb77f-9] INFO  keyvalue.KeyValueContainer (KeyValueContainer.java:flushAndSyncDB(446)) - Container 4 is synced with bcsId 6.
2023-04-22 02:18:39,825 [ContainerOp-c81e7b98-8a93-42e3-95e3-c9db5f5bb77f-9] INFO  keyvalue.KeyValueContainer (KeyValueContainer.java:close(361)) - Container 4 is closed with bcsId 6.
2023-04-22 02:18:39,826 [FixedThreadPoolWithAffinityExecutor-9-0] WARN  container.IncrementalContainerReportHandler (AbstractContainerReportHandler.java:updateContainerState(259)) - Container #4 is in OPEN state, but the datanode ffe33985-86ac-4dba-9cf7-e9d9be1914b9(fv-az443-428.ap2fcshprsnunfx25e1aelzb4b.cx.internal.cloudapp.net/10.1.0.20) reports an CLOSED replica.
2023-04-22 02:18:39,827 [ffe33985-86ac-4dba-9cf7-e9d9be1914b9@group-C9DB5F5BB77F-StateMachineUpdater] INFO  ratis.ContainerStateMachine (ContainerStateMachine.java:takeSnapshot(330)) - group-C9DB5F5BB77F: Taking a snapshot at:(t:1, i:141) file /home/runner/work/ozone/ozone/hadoop-ozone/integration-test/target/test-dir/MiniOzoneClusterImpl-b640deff-6994-498f-92ea-4ac5c972f0d8/datanode-6/data/ratis/c81e7b98-8a93-42e3-95e3-c9db5f5bb77f/sm/snapshot.1_141
2023-04-22 02:18:39,828 [ffe33985-86ac-4dba-9cf7-e9d9be1914b9@group-C9DB5F5BB77F-StateMachineUpdater] INFO  ratis.ContainerStateMachine (ContainerStateMachine.java:takeSnapshot(341)) - group-C9DB5F5BB77F: Finished taking a snapshot at:(t:1, i:141) file:/home/runner/work/ozone/ozone/hadoop-ozone/integration-test/target/test-dir/MiniOzoneClusterImpl-b640deff-6994-498f-92ea-4ac5c972f0d8/datanode-6/data/ratis/c81e7b98-8a93-42e3-95e3-c9db5f5bb77f/sm/snapshot.1_141 took: 1 ms
2023-04-22 02:18:39,828 [ffe33985-86ac-4dba-9cf7-e9d9be1914b9@group-C9DB5F5BB77F-StateMachineUpdater] INFO  impl.SimpleStateMachineStorage (SimpleStateMachineStorage.java:cleanupOldSnapshots(102)) - Deleting old snapshot at /home/runner/work/ozone/ozone/hadoop-ozone/integration-test/target/test-dir/MiniOzoneClusterImpl-b640deff-6994-498f-92ea-4ac5c972f0d8/datanode-6/data/ratis/c81e7b98-8a93-42e3-95e3-c9db5f5bb77f/sm/snapshot.1_73
2023-04-22 02:18:39,828 [ffe33985-86ac-4dba-9cf7-e9d9be1914b9@group-C9DB5F5BB77F-StateMachineUpdater] INFO  impl.StateMachineUpdater (StateMachineUpdater.java:takeSnapshot(287)) - ffe33985-86ac-4dba-9cf7-e9d9be1914b9@group-C9DB5F5BB77F-StateMachineUpdater: Took a snapshot at index 141
2023-04-22 02:18:39,828 [ffe33985-86ac-4dba-9cf7-e9d9be1914b9@group-C9DB5F5BB77F-StateMachineUpdater] INFO  impl.StateMachineUpdater (StateMachineUpdater.java:lambda$new$0(92)) - ffe33985-86ac-4dba-9cf7-e9d9be1914b9@group-C9DB5F5BB77F-StateMachineUpdater: snapshotIndex: updateIncreasingly 120 -> 141
2023-04-22 02:18:39,828 [ffe33985-86ac-4dba-9cf7-e9d9be1914b9@group-C9DB5F5BB77F-StateMachineUpdater] INFO  ratis.ContainerStateMachine (ContainerStateMachine.java:takeSnapshot(330)) - group-C9DB5F5BB77F: Taking a snapshot at:(t:1, i:142) file /home/runner/work/ozone/ozone/hadoop-ozone/integration-test/target/test-dir/MiniOzoneClusterImpl-b640deff-6994-498f-92ea-4ac5c972f0d8/datanode-6/data/ratis/c81e7b98-8a93-42e3-95e3-c9db5f5bb77f/sm/snapshot.1_142
2023-04-22 02:18:39,829 [ffe33985-86ac-4dba-9cf7-e9d9be1914b9@group-C9DB5F5BB77F-StateMachineUpdater] INFO  ratis.ContainerStateMachine (ContainerStateMachine.java:takeSnapshot(341)) - group-C9DB5F5BB77F: Finished taking a snapshot at:(t:1, i:142) file:/home/runner/work/ozone/ozone/hadoop-ozone/integration-test/target/test-dir/MiniOzoneClusterImpl-b640deff-6994-498f-92ea-4ac5c972f0d8/datanode-6/data/ratis/c81e7b98-8a93-42e3-95e3-c9db5f5bb77f/sm/snapshot.1_142 took: 1 ms
2023-04-22 02:18:39,830 [ffe33985-86ac-4dba-9cf7-e9d9be1914b9@group-C9DB5F5BB77F-StateMachineUpdater] INFO  impl.SimpleStateMachineStorage (SimpleStateMachineStorage.java:cleanupOldSnapshots(102)) - Deleting old snapshot at /home/runner/work/ozone/ozone/hadoop-ozone/integration-test/target/test-dir/MiniOzoneClusterImpl-b640deff-6994-498f-92ea-4ac5c972f0d8/datanode-6/data/ratis/c81e7b98-8a93-42e3-95e3-c9db5f5bb77f/sm/snapshot.1_75
2023-04-22 02:18:39,830 [ffe33985-86ac-4dba-9cf7-e9d9be1914b9@group-C9DB5F5BB77F-StateMachineUpdater] INFO  impl.StateMachineUpdater (StateMachineUpdater.java:takeSnapshot(287)) - ffe33985-86ac-4dba-9cf7-e9d9be1914b9@group-C9DB5F5BB77F-StateMachineUpdater: Took a snapshot at index 142
2023-04-22 02:18:39,830 [ffe33985-86ac-4dba-9cf7-e9d9be1914b9@group-C9DB5F5BB77F-StateMachineUpdater] INFO  impl.StateMachineUpdater (StateMachineUpdater.java:lambda$new$0(92)) - ffe33985-86ac-4dba-9cf7-e9d9be1914b9@group-C9DB5F5BB77F-StateMachineUpdater: snapshotIndex: updateIncreasingly 141 -> 142
2023-04-22 02:18:39,833 [Listener at 127.0.0.1/41793] INFO  ratis.ContainerStateMachine (ContainerStateMachine.java:takeSnapshot(330)) - group-C9DB5F5BB77F: Taking a snapshot at:(t:1, i:142) file /home/runner/work/ozone/ozone/hadoop-ozone/integration-test/target/test-dir/MiniOzoneClusterImpl-b640deff-6994-498f-92ea-4ac5c972f0d8/datanode-6/data/ratis/c81e7b98-8a93-42e3-95e3-c9db5f5bb77f/sm/snapshot.1_142
2023-04-22 02:18:39,834 [Listener at 127.0.0.1/41793] INFO  ratis.ContainerStateMachine (ContainerStateMachine.java:takeSnapshot(341)) - group-C9DB5F5BB77F: Finished taking a snapshot at:(t:1, i:142) file:/home/runner/work/ozone/ozone/hadoop-ozone/integration-test/target/test-dir/MiniOzoneClusterImpl-b640deff-6994-498f-92ea-4ac5c972f0d8/datanode-6/data/ratis/c81e7b98-8a93-42e3-95e3-c9db5f5bb77f/sm/snapshot.1_142 took: 1 ms
02:18:39.835 [ffe33985-86ac-4dba-9cf7-e9d9be1914b9-client-thread1] ERROR DNAudit - user=null | ip=null | op=WRITE_CHUNK {blockData=conID: 4 locID: 111677748019200004 bcsId: 0} | ret=FAILURE
org.apache.hadoop.hdds.scm.container.common.helpers.ContainerNotOpenException: Container 4 in CLOSED state
	at org.apache.hadoop.ozone.container.common.impl.HddsDispatcher.validateContainerCommand(HddsDispatcher.java:513) ~[hdds-container-service-1.4.0-SNAPSHOT.jar:?]
	at org.apache.hadoop.ozone.container.common.transport.server.ratis.ContainerStateMachine.startTransaction(ContainerStateMachine.java:356) ~[hdds-container-service-1.4.0-SNAPSHOT.jar:?]
	at org.apache.ratis.server.impl.RaftServerImpl.submitClientRequestAsync(RaftServerImpl.java:871) ~[ratis-server-2.4.2-8b8bdda-SNAPSHOT.jar:2.4.2-8b8bdda-SNAPSHOT]
	at org.apache.ratis.server.impl.RaftServerImpl.lambda$null$12(RaftServerImpl.java:815) ~[ratis-server-2.4.2-8b8bdda-SNAPSHOT.jar:2.4.2-8b8bdda-SNAPSHOT]
	at org.apache.ratis.util.JavaUtils.callAsUnchecked(JavaUtils.java:117) ~[ratis-common-2.4.2-8b8bdda-SNAPSHOT.jar:2.4.2-8b8bdda-SNAPSHOT]
	at org.apache.ratis.server.impl.RaftServerImpl.lambda$executeSubmitClientRequestAsync$13(RaftServerImpl.java:815) ~[ratis-server-2.4.2-8b8bdda-SNAPSHOT.jar:2.4.2-8b8bdda-SNAPSHOT]
	at java.util.concurrent.CompletableFuture$AsyncSupply.run(CompletableFuture.java:1604) [?:1.8.0_362]
	at java.util.concurrent.ThreadPoolExecutor.runWorker(ThreadPoolExecutor.java:1149) [?:1.8.0_362]
	at java.util.concurrent.ThreadPoolExecutor$Worker.run(ThreadPoolExecutor.java:624) [?:1.8.0_362]
	at java.lang.Thread.run(Thread.java:750) [?:1.8.0_362]
2023-04-22 02:18:39,839 [grpc-default-executor-4] ERROR impl.OrderedAsync (OrderedAsync.java:lambda$send$4(175)) - Failed to send request, message=cmdType: WriteChunk
traceID: ""
containerID: 4
datanodeUuid: "ffe33985-86ac-4dba-9cf7-e9d9be1914b9"
writeChunk {
  blockID {
    containerID: 4
    localID: 111677748019200004
    blockCommitSequenceId: 0
  }
  chunkData {
    chunkName: "111677748019200004.data.0"
    offset: 0
    len: 5
    checksumData {
      type: CRC32
      bytesPerChecksum: 1048576
      checksums: "\035\t\257\026"
    }
  }
}
, data.size=5
java.util.concurrent.CompletionException: org.apache.ratis.protocol.exceptions.StateMachineException: org.apache.hadoop.hdds.scm.container.common.helpers.ContainerNotOpenException from Server ffe33985-86ac-4dba-9cf7-e9d9be1914b9@group-C9DB5F5BB77F: Container 4 in CLOSED state
	at org.apache.ratis.client.impl.RaftClientImpl.handleRaftException(RaftClientImpl.java:322)
	at org.apache.ratis.client.impl.OrderedAsync.lambda$send$3(OrderedAsync.java:172)
	at java.util.concurrent.CompletableFuture.uniApply(CompletableFuture.java:616)
	at java.util.concurrent.CompletableFuture$UniApply.tryFire(CompletableFuture.java:591)
	at java.util.concurrent.CompletableFuture.postComplete(CompletableFuture.java:488)
	at java.util.concurrent.CompletableFuture.complete(CompletableFuture.java:1975)
	at org.apache.ratis.client.impl.OrderedAsync$PendingOrderedRequest.setReply(OrderedAsync.java:98)
	at org.apache.ratis.client.impl.OrderedAsync$PendingOrderedRequest.setReply(OrderedAsync.java:59)
	at org.apache.ratis.util.SlidingWindow$RequestMap.setReply(SlidingWindow.java:144)
	at org.apache.ratis.util.SlidingWindow$Client.receiveReply(SlidingWindow.java:348)
	at org.apache.ratis.client.impl.OrderedAsync.lambda$sendRequest$9(OrderedAsync.java:248)
	at java.util.concurrent.CompletableFuture.uniApply(CompletableFuture.java:616)
	at java.util.concurrent.CompletableFuture$UniApply.tryFire(CompletableFuture.java:591)
	at java.util.concurrent.CompletableFuture.postComplete(CompletableFuture.java:488)
	at java.util.concurrent.CompletableFuture.complete(CompletableFuture.java:1975)
	at org.apache.ratis.grpc.client.GrpcClientProtocolClient$AsyncStreamObservers$1.lambda$onNext$0(GrpcClientProtocolClient.java:322)
	at java.util.Optional.ifPresent(Optional.java:159)
	at org.apache.ratis.grpc.client.GrpcClientProtocolClient$AsyncStreamObservers.handleReplyFuture(GrpcClientProtocolClient.java:378)
	at org.apache.ratis.grpc.client.GrpcClientProtocolClient$AsyncStreamObservers.access$100(GrpcClientProtocolClient.java:300)
	at org.apache.ratis.grpc.client.GrpcClientProtocolClient$AsyncStreamObservers$1.onNext(GrpcClientProtocolClient.java:322)
	at org.apache.ratis.grpc.client.GrpcClientProtocolClient$AsyncStreamObservers$1.onNext(GrpcClientProtocolClient.java:305)
	at org.apache.ratis.thirdparty.io.grpc.stub.ClientCalls$StreamObserverToCallListenerAdapter.onMessage(ClientCalls.java:474)
	at org.apache.ratis.thirdparty.io.grpc.ForwardingClientCallListener.onMessage(ForwardingClientCallListener.java:33)
	at org.apache.ratis.thirdparty.io.grpc.internal.DelayedClientCall$DelayedListener.onMessage(DelayedClientCall.java:452)
	at org.apache.ratis.thirdparty.io.grpc.internal.ClientCallImpl$ClientStreamListenerImpl$1MessagesAvailable.runInternal(ClientCallImpl.java:661)
	at org.apache.ratis.thirdparty.io.grpc.internal.ClientCallImpl$ClientStreamListenerImpl$1MessagesAvailable.runInContext(ClientCallImpl.java:646)
	at org.apache.ratis.thirdparty.io.grpc.internal.ContextRunnable.run(ContextRunnable.java:37)
	at org.apache.ratis.thirdparty.io.grpc.internal.SerializingExecutor.run(SerializingExecutor.java:133)
	at java.util.concurrent.ThreadPoolExecutor.runWorker(ThreadPoolExecutor.java:1149)
	at java.util.concurrent.ThreadPoolExecutor$Worker.run(ThreadPoolExecutor.java:624)
	at java.lang.Thread.run(Thread.java:750)
Caused by: org.apache.ratis.protocol.exceptions.StateMachineException: org.apache.hadoop.hdds.scm.container.common.helpers.ContainerNotOpenException from Server ffe33985-86ac-4dba-9cf7-e9d9be1914b9@group-C9DB5F5BB77F: Container 4 in CLOSED state
	at org.apache.hadoop.ozone.container.common.impl.HddsDispatcher.validateContainerCommand(HddsDispatcher.java:513)
	at org.apache.hadoop.ozone.container.common.transport.server.ratis.ContainerStateMachine.startTransaction(ContainerStateMachine.java:356)
	at org.apache.ratis.server.impl.RaftServerImpl.submitClientRequestAsync(RaftServerImpl.java:871)
	at org.apache.ratis.server.impl.RaftServerImpl.lambda$null$12(RaftServerImpl.java:815)
	at org.apache.ratis.util.JavaUtils.callAsUnchecked(JavaUtils.java:117)
	at org.apache.ratis.server.impl.RaftServerImpl.lambda$executeSubmitClientRequestAsync$13(RaftServerImpl.java:815)
	at java.util.concurrent.CompletableFuture$AsyncSupply.run(CompletableFuture.java:1604)
	... 3 more
Caused by: org.apache.hadoop.hdds.scm.container.common.helpers.ContainerNotOpenException: Container 4 in CLOSED state
	at sun.reflect.NativeConstructorAccessorImpl.newInstance0(Native Method)
	at sun.reflect.NativeConstructorAccessorImpl.newInstance(NativeConstructorAccessorImpl.java:62)
	at sun.reflect.DelegatingConstructorAccessorImpl.newInstance(DelegatingConstructorAccessorImpl.java:45)
	at java.lang.reflect.Constructor.newInstance(Constructor.java:423)
	at org.apache.ratis.util.ReflectionUtils.instantiateException(ReflectionUtils.java:259)
	at org.apache.ratis.client.impl.ClientProtoUtils.toStateMachineException(ClientProtoUtils.java:426)
	at org.apache.ratis.client.impl.ClientProtoUtils.toStateMachineException(ClientProtoUtils.java:412)
	at org.apache.ratis.client.impl.ClientProtoUtils.toRaftClientReply(ClientProtoUtils.java:383)
	at org.apache.ratis.grpc.client.GrpcClientProtocolClient$AsyncStreamObservers$1.onNext(GrpcClientProtocolClient.java:310)
	at org.apache.ratis.grpc.client.GrpcClientProtocolClient$AsyncStreamObservers$1.onNext(GrpcClientProtocolClient.java:305)
	at org.apache.ratis.thirdparty.io.grpc.stub.ClientCalls$StreamObserverToCallListenerAdapter.onMessage(ClientCalls.java:474)
	at org.apache.ratis.thirdparty.io.grpc.ForwardingClientCallListener.onMessage(ForwardingClientCallListener.java:33)
	at org.apache.ratis.thirdparty.io.grpc.internal.DelayedClientCall$DelayedListener.onMessage(DelayedClientCall.java:452)
	at org.apache.ratis.thirdparty.io.grpc.internal.ClientCallImpl$ClientStreamListenerImpl$1MessagesAvailable.runInternal(ClientCallImpl.java:661)
	at org.apache.ratis.thirdparty.io.grpc.internal.ClientCallImpl$ClientStreamListenerImpl$1MessagesAvailable.runInContext(ClientCallImpl.java:646)
	at org.apache.ratis.thirdparty.io.grpc.internal.ContextRunnable.run(ContextRunnable.java:37)
	at org.apache.ratis.thirdparty.io.grpc.internal.SerializingExecutor.run(SerializingExecutor.java:133)
	... 3 more
]]></system-out>
  </testcase>
  <testcase name="testContainerStateMachineFailures" classname="org.apache.hadoop.ozone.client.rpc.TestContainerStateMachineFailures" time="13.017">
    <system-out><![CDATA[2023-04-22 02:18:39,884 [ChunkWriter-1-0] ERROR helpers.ContainerUtils (ContainerUtils.java:getChunkDir(269)) - Chunks dir /home/runner/work/ozone/ozone/hadoop-ozone/integration-test/target/test-dir/MiniOzoneClusterImpl-b640deff-6994-498f-92ea-4ac5c972f0d8/datanode-3/data-0/containers/hdds/b640deff-6994-498f-92ea-4ac5c972f0d8/current/containerDir0/5/chunks does not exist
2023-04-22 02:18:39,885 [ChunkWriter-1-0] INFO  keyvalue.KeyValueHandler (ContainerUtils.java:logAndReturnError(91)) - Operation: WriteChunk , Trace ID:  , Message: Chunks directory /home/runner/work/ozone/ozone/hadoop-ozone/integration-test/target/test-dir/MiniOzoneClusterImpl-b640deff-6994-498f-92ea-4ac5c972f0d8/datanode-3/data-0/containers/hdds/b640deff-6994-498f-92ea-4ac5c972f0d8/current/containerDir0/5/chunks does not exist. , Result: UNABLE_TO_FIND_DATA_DIR , StorageContainerException Occurred.
org.apache.hadoop.hdds.scm.container.common.helpers.StorageContainerException: Chunks directory /home/runner/work/ozone/ozone/hadoop-ozone/integration-test/target/test-dir/MiniOzoneClusterImpl-b640deff-6994-498f-92ea-4ac5c972f0d8/datanode-3/data-0/containers/hdds/b640deff-6994-498f-92ea-4ac5c972f0d8/current/containerDir0/5/chunks does not exist.
	at org.apache.hadoop.ozone.container.common.helpers.ContainerUtils.getChunkDir(ContainerUtils.java:271)
	at org.apache.hadoop.ozone.container.common.impl.ContainerLayoutVersion.getChunkFile(ContainerLayoutVersion.java:125)
	at org.apache.hadoop.ozone.container.keyvalue.impl.FilePerBlockStrategy.getChunkFile(FilePerBlockStrategy.java:257)
	at org.apache.hadoop.ozone.container.keyvalue.impl.FilePerBlockStrategy.writeChunk(FilePerBlockStrategy.java:139)
	at org.apache.hadoop.ozone.container.keyvalue.impl.ChunkManagerDispatcher.writeChunk(ChunkManagerDispatcher.java:75)
	at org.apache.hadoop.ozone.container.keyvalue.KeyValueHandler.handleWriteChunk(KeyValueHandler.java:832)
	at org.apache.hadoop.ozone.container.keyvalue.KeyValueHandler.dispatchRequest(KeyValueHandler.java:273)
	at org.apache.hadoop.ozone.container.keyvalue.KeyValueHandler.handle(KeyValueHandler.java:232)
	at org.apache.hadoop.ozone.container.common.impl.HddsDispatcher.dispatchRequest(HddsDispatcher.java:320)
	at org.apache.hadoop.ozone.container.common.impl.HddsDispatcher.lambda$dispatch$0(HddsDispatcher.java:171)
	at org.apache.hadoop.hdds.server.OzoneProtocolMessageDispatcher.processRequest(OzoneProtocolMessageDispatcher.java:87)
	at org.apache.hadoop.ozone.container.common.impl.HddsDispatcher.dispatch(HddsDispatcher.java:170)
	at org.apache.hadoop.ozone.container.common.transport.server.ratis.ContainerStateMachine.dispatchCommand(ContainerStateMachine.java:439)
	at org.apache.hadoop.ozone.container.common.transport.server.ratis.ContainerStateMachine.runCommand(ContainerStateMachine.java:449)
	at org.apache.hadoop.ozone.container.common.transport.server.ratis.ContainerStateMachine.lambda$handleWriteChunk$2(ContainerStateMachine.java:495)
	at java.util.concurrent.CompletableFuture$AsyncSupply.run(CompletableFuture.java:1604)
	at java.util.concurrent.ThreadPoolExecutor.runWorker(ThreadPoolExecutor.java:1149)
	at java.util.concurrent.ThreadPoolExecutor$Worker.run(ThreadPoolExecutor.java:624)
	at java.lang.Thread.run(Thread.java:750)
2023-04-22 02:18:39,885 [ChunkWriter-1-0] WARN  keyvalue.KeyValueHandler (KeyValueHandler.java:markContainerUnhealthy(1091)) - Unexpected error while marking container 5 as unhealthy
org.apache.hadoop.hdds.scm.container.common.helpers.StorageContainerException: Error while creating/updating container file. ContainerID: 5, container path: /home/runner/work/ozone/ozone/hadoop-ozone/integration-test/target/test-dir/MiniOzoneClusterImpl-b640deff-6994-498f-92ea-4ac5c972f0d8/datanode-3/data-0/containers/hdds/b640deff-6994-498f-92ea-4ac5c972f0d8/current/containerDir0/5/metadata/5.container Temporary file could not be created.
	at org.apache.hadoop.ozone.container.keyvalue.KeyValueContainer.writeToContainerFile(KeyValueContainer.java:270)
	at org.apache.hadoop.ozone.container.keyvalue.KeyValueContainer.updateContainerFile(KeyValueContainer.java:289)
	at org.apache.hadoop.ozone.container.keyvalue.KeyValueContainer.updateContainerData(KeyValueContainer.java:415)
	at org.apache.hadoop.ozone.container.keyvalue.KeyValueContainer.markContainerUnhealthy(KeyValueContainer.java:342)
	at org.apache.hadoop.ozone.container.keyvalue.KeyValueHandler.markContainerUnhealthy(KeyValueHandler.java:1086)
	at org.apache.hadoop.ozone.container.common.impl.HddsDispatcher.dispatchRequest(HddsDispatcher.java:360)
	at org.apache.hadoop.ozone.container.common.impl.HddsDispatcher.lambda$dispatch$0(HddsDispatcher.java:171)
	at org.apache.hadoop.hdds.server.OzoneProtocolMessageDispatcher.processRequest(OzoneProtocolMessageDispatcher.java:87)
	at org.apache.hadoop.ozone.container.common.impl.HddsDispatcher.dispatch(HddsDispatcher.java:170)
	at org.apache.hadoop.ozone.container.common.transport.server.ratis.ContainerStateMachine.dispatchCommand(ContainerStateMachine.java:439)
	at org.apache.hadoop.ozone.container.common.transport.server.ratis.ContainerStateMachine.runCommand(ContainerStateMachine.java:449)
	at org.apache.hadoop.ozone.container.common.transport.server.ratis.ContainerStateMachine.lambda$handleWriteChunk$2(ContainerStateMachine.java:495)
	at java.util.concurrent.CompletableFuture$AsyncSupply.run(CompletableFuture.java:1604)
	at java.util.concurrent.ThreadPoolExecutor.runWorker(ThreadPoolExecutor.java:1149)
	at java.util.concurrent.ThreadPoolExecutor$Worker.run(ThreadPoolExecutor.java:624)
	at java.lang.Thread.run(Thread.java:750)
Caused by: java.io.IOException: No such file or directory
	at java.io.UnixFileSystem.createFileExclusively(Native Method)
	at java.io.File.createTempFile(File.java:2063)
	at org.apache.hadoop.ozone.container.keyvalue.KeyValueContainer.createTempFile(KeyValueContainer.java:894)
	at org.apache.hadoop.ozone.container.keyvalue.KeyValueContainer.writeToContainerFile(KeyValueContainer.java:248)
	... 15 more
2023-04-22 02:18:39,886 [ChunkWriter-1-0] INFO  impl.HddsDispatcher (HddsDispatcher.java:dispatchRequest(361)) - Marked Container UNHEALTHY, ContainerID: 5
02:18:39.886 [ChunkWriter-1-0] ERROR DNAudit - user=null | ip=null | op=WRITE_CHUNK {blockData=conID: 5 locID: 111677748019200005 bcsId: 2} | ret=FAILURE
java.lang.Exception: Chunks directory /home/runner/work/ozone/ozone/hadoop-ozone/integration-test/target/test-dir/MiniOzoneClusterImpl-b640deff-6994-498f-92ea-4ac5c972f0d8/datanode-3/data-0/containers/hdds/b640deff-6994-498f-92ea-4ac5c972f0d8/current/containerDir0/5/chunks does not exist.
	at org.apache.hadoop.ozone.container.common.impl.HddsDispatcher.dispatchRequest(HddsDispatcher.java:389) ~[hdds-container-service-1.4.0-SNAPSHOT.jar:?]
	at org.apache.hadoop.ozone.container.common.impl.HddsDispatcher.lambda$dispatch$0(HddsDispatcher.java:171) ~[hdds-container-service-1.4.0-SNAPSHOT.jar:?]
	at org.apache.hadoop.hdds.server.OzoneProtocolMessageDispatcher.processRequest(OzoneProtocolMessageDispatcher.java:87) ~[hdds-server-framework-1.4.0-SNAPSHOT.jar:?]
	at org.apache.hadoop.ozone.container.common.impl.HddsDispatcher.dispatch(HddsDispatcher.java:170) ~[hdds-container-service-1.4.0-SNAPSHOT.jar:?]
	at org.apache.hadoop.ozone.container.common.transport.server.ratis.ContainerStateMachine.dispatchCommand(ContainerStateMachine.java:439) ~[hdds-container-service-1.4.0-SNAPSHOT.jar:?]
	at org.apache.hadoop.ozone.container.common.transport.server.ratis.ContainerStateMachine.runCommand(ContainerStateMachine.java:449) ~[hdds-container-service-1.4.0-SNAPSHOT.jar:?]
	at org.apache.hadoop.ozone.container.common.transport.server.ratis.ContainerStateMachine.lambda$handleWriteChunk$2(ContainerStateMachine.java:495) ~[hdds-container-service-1.4.0-SNAPSHOT.jar:?]
	at java.util.concurrent.CompletableFuture$AsyncSupply.run(CompletableFuture.java:1604) [?:1.8.0_362]
	at java.util.concurrent.ThreadPoolExecutor.runWorker(ThreadPoolExecutor.java:1149) [?:1.8.0_362]
	at java.util.concurrent.ThreadPoolExecutor$Worker.run(ThreadPoolExecutor.java:624) [?:1.8.0_362]
	at java.lang.Thread.run(Thread.java:750) [?:1.8.0_362]
2023-04-22 02:18:39,886 [ChunkWriter-1-0] ERROR ratis.ContainerStateMachine (ContainerStateMachine.java:lambda$handleWriteChunk$3(523)) - group-B7F574D72D8F: writeChunk writeStateMachineData failed: blockIdcontainerID: 5
localID: 111677748019200005
blockCommitSequenceId: 2
replicaIndex: 0
 logIndex 4 chunkName 111677748019200005_chunk_2 Error message: Chunks directory /home/runner/work/ozone/ozone/hadoop-ozone/integration-test/target/test-dir/MiniOzoneClusterImpl-b640deff-6994-498f-92ea-4ac5c972f0d8/datanode-3/data-0/containers/hdds/b640deff-6994-498f-92ea-4ac5c972f0d8/current/containerDir0/5/chunks does not exist. Container Result: UNABLE_TO_FIND_DATA_DIR
2023-04-22 02:18:39,886 [1fa0605c-c70f-40a8-a13c-0f797dcff94f@group-B7F574D72D8F-SegmentedRaftLogWorker] ERROR ratis.XceiverServerRatis (XceiverServerRatis.java:triggerPipelineClose(719)) - pipeline Action CLOSE on pipeline PipelineID=d12363c7-b3ec-4ef1-baed-b7f574d72d8f.Reason : Chunks directory /home/runner/work/ozone/ozone/hadoop-ozone/integration-test/target/test-dir/MiniOzoneClusterImpl-b640deff-6994-498f-92ea-4ac5c972f0d8/datanode-3/data-0/containers/hdds/b640deff-6994-498f-92ea-4ac5c972f0d8/current/containerDir0/5/chunks does not exist.
2023-04-22 02:18:39,887 [FixedThreadPoolWithAffinityExecutor-0-0] WARN  container.IncrementalContainerReportHandler (AbstractContainerReportHandler.java:updateContainerState(259)) - Container #5 is in OPEN state, but the datanode 1fa0605c-c70f-40a8-a13c-0f797dcff94f(fv-az443-428.ap2fcshprsnunfx25e1aelzb4b.cx.internal.cloudapp.net/10.1.0.20) reports an UNHEALTHY replica.
2023-04-22 02:18:39,887 [EventQueue-PipelineActionsForPipelineActionHandler] INFO  pipeline.PipelineActionHandler (PipelineActionHandler.java:processPipelineAction(83)) - Received pipeline action CLOSE for PipelineID=d12363c7-b3ec-4ef1-baed-b7f574d72d8f from datanode 1fa0605c-c70f-40a8-a13c-0f797dcff94f. Reason : Chunks directory /home/runner/work/ozone/ozone/hadoop-ozone/integration-test/target/test-dir/MiniOzoneClusterImpl-b640deff-6994-498f-92ea-4ac5c972f0d8/datanode-3/data-0/containers/hdds/b640deff-6994-498f-92ea-4ac5c972f0d8/current/containerDir0/5/chunks does not exist.
2023-04-22 02:18:39,887 [EventQueue-CloseContainerForCloseContainerEventHandler] INFO  container.CloseContainerEventHandler (CloseContainerEventHandler.java:onMessage(89)) - Close container Event triggered for container : #5, current state: OPEN
2023-04-22 02:18:39,888 [EventQueue-PipelineActionsForPipelineActionHandler] INFO  pipeline.PipelineManagerImpl (PipelineManagerImpl.java:closeContainersForPipeline(421)) - Container #5 closed for pipeline=PipelineID=d12363c7-b3ec-4ef1-baed-b7f574d72d8f
02:18:39.888 [1fa0605c-c70f-40a8-a13c-0f797dcff94f-client-thread2] ERROR DNAudit - user=null | ip=null | op=PUT_BLOCK {blockData=[blockId=conID: 5 locID: 111677748019200005 bcsId: 0, size=10]} | ret=FAILURE
org.apache.hadoop.hdds.scm.container.common.helpers.ContainerNotOpenException: Container 5 in UNHEALTHY state
	at org.apache.hadoop.ozone.container.common.impl.HddsDispatcher.validateContainerCommand(HddsDispatcher.java:513) ~[hdds-container-service-1.4.0-SNAPSHOT.jar:?]
	at org.apache.hadoop.ozone.container.common.transport.server.ratis.ContainerStateMachine.startTransaction(ContainerStateMachine.java:356) ~[hdds-container-service-1.4.0-SNAPSHOT.jar:?]
	at org.apache.ratis.server.impl.RaftServerImpl.submitClientRequestAsync(RaftServerImpl.java:871) ~[ratis-server-2.4.2-8b8bdda-SNAPSHOT.jar:2.4.2-8b8bdda-SNAPSHOT]
	at org.apache.ratis.server.impl.RaftServerImpl.lambda$null$12(RaftServerImpl.java:815) ~[ratis-server-2.4.2-8b8bdda-SNAPSHOT.jar:2.4.2-8b8bdda-SNAPSHOT]
	at org.apache.ratis.util.JavaUtils.callAsUnchecked(JavaUtils.java:117) ~[ratis-common-2.4.2-8b8bdda-SNAPSHOT.jar:2.4.2-8b8bdda-SNAPSHOT]
	at org.apache.ratis.server.impl.RaftServerImpl.lambda$executeSubmitClientRequestAsync$13(RaftServerImpl.java:815) ~[ratis-server-2.4.2-8b8bdda-SNAPSHOT.jar:2.4.2-8b8bdda-SNAPSHOT]
	at java.util.concurrent.CompletableFuture$AsyncSupply.run(CompletableFuture.java:1604) [?:1.8.0_362]
	at java.util.concurrent.ThreadPoolExecutor.runWorker(ThreadPoolExecutor.java:1149) [?:1.8.0_362]
	at java.util.concurrent.ThreadPoolExecutor$Worker.run(ThreadPoolExecutor.java:624) [?:1.8.0_362]
	at java.lang.Thread.run(Thread.java:750) [?:1.8.0_362]
2023-04-22 02:18:39,888 [EventQueue-PipelineActionsForPipelineActionHandler] INFO  pipeline.PipelineManagerImpl (PipelineManagerImpl.java:closePipeline(442)) - Pipeline Pipeline[ Id: d12363c7-b3ec-4ef1-baed-b7f574d72d8f, Nodes: 1fa0605c-c70f-40a8-a13c-0f797dcff94f(fv-az443-428.ap2fcshprsnunfx25e1aelzb4b.cx.internal.cloudapp.net/10.1.0.20), ReplicationConfig: RATIS/ONE, State:OPEN, leaderId:1fa0605c-c70f-40a8-a13c-0f797dcff94f, CreationTimestamp2023-04-22T02:18:13.549Z[Etc/UTC]] moved to CLOSED state
2023-04-22 02:18:39,888 [EventQueue-PipelineActionsForPipelineActionHandler] INFO  pipeline.RatisPipelineProvider (RatisPipelineProvider.java:lambda$close$4(272)) - Send pipeline:PipelineID=d12363c7-b3ec-4ef1-baed-b7f574d72d8f close command to datanode 1fa0605c-c70f-40a8-a13c-0f797dcff94f
2023-04-22 02:18:39,888 [EventQueue-PipelineActionsForPipelineActionHandler] INFO  pipeline.PipelineStateManagerImpl (PipelineStateManagerImpl.java:removePipeline(245)) - Pipeline Pipeline[ Id: d12363c7-b3ec-4ef1-baed-b7f574d72d8f, Nodes: 1fa0605c-c70f-40a8-a13c-0f797dcff94f(fv-az443-428.ap2fcshprsnunfx25e1aelzb4b.cx.internal.cloudapp.net/10.1.0.20), ReplicationConfig: RATIS/ONE, State:CLOSED, leaderId:1fa0605c-c70f-40a8-a13c-0f797dcff94f, CreationTimestamp2023-04-22T02:18:13.549Z[Etc/UTC]] removed.
2023-04-22 02:18:39,888 [EventQueue-CloseContainerForCloseContainerEventHandler] INFO  container.CloseContainerEventHandler (CloseContainerEventHandler.java:onMessage(89)) - Close container Event triggered for container : #5, current state: CLOSING
2023-04-22 02:18:40,026 [FixedThreadPoolWithAffinityExecutor-9-0] WARN  container.ContainerReportHandler (AbstractContainerReportHandler.java:updateContainerState(259)) - Container #4 is in OPEN state, but the datanode ffe33985-86ac-4dba-9cf7-e9d9be1914b9(fv-az443-428.ap2fcshprsnunfx25e1aelzb4b.cx.internal.cloudapp.net/10.1.0.20) reports an CLOSED replica.
2023-04-22 02:18:40,088 [EventQueue-PipelineReportForPipelineReportHandler] INFO  pipeline.PipelineReportHandler (PipelineReportHandler.java:processPipelineReport(115)) - Reported pipeline PipelineID=d12363c7-b3ec-4ef1-baed-b7f574d72d8f is not found
2023-04-22 02:18:40,130 [FixedThreadPoolWithAffinityExecutor-9-0] WARN  container.ContainerReportHandler (AbstractContainerReportHandler.java:updateContainerState(259)) - Container #1 is in OPEN state, but the datanode 6aaf5ca8-0737-4296-ba95-7f0e9402c55b(fv-az443-428.ap2fcshprsnunfx25e1aelzb4b.cx.internal.cloudapp.net/10.1.0.20) reports an QUASI_CLOSED replica.
2023-04-22 02:18:40,189 [FixedThreadPoolWithAffinityExecutor-0-0] WARN  container.ContainerReportHandler (AbstractContainerReportHandler.java:updateContainerState(259)) - Container #1 is in OPEN state, but the datanode 4fb9f1f7-4e3b-4bcf-a7e7-c7ddcac09d11(fv-az443-428.ap2fcshprsnunfx25e1aelzb4b.cx.internal.cloudapp.net/10.1.0.20) reports an QUASI_CLOSED replica.
2023-04-22 02:18:40,204 [FixedThreadPoolWithAffinityExecutor-0-0] WARN  container.ContainerReportHandler (AbstractContainerReportHandler.java:updateContainerState(259)) - Container #1 is in OPEN state, but the datanode 44aa5787-a9ca-4d27-a88e-9069c8f4547b(fv-az443-428.ap2fcshprsnunfx25e1aelzb4b.cx.internal.cloudapp.net/10.1.0.20) reports an QUASI_CLOSED replica.
2023-04-22 02:18:40,288 [EventQueue-PipelineReportForPipelineReportHandler] INFO  pipeline.PipelineReportHandler (PipelineReportHandler.java:processPipelineReport(115)) - Reported pipeline PipelineID=d12363c7-b3ec-4ef1-baed-b7f574d72d8f is not found
2023-04-22 02:18:40,389 [FixedThreadPoolWithAffinityExecutor-0-0] WARN  container.ContainerReportHandler (AbstractContainerReportHandler.java:updateContainerState(259)) - Container #1 is in OPEN state, but the datanode 4fb9f1f7-4e3b-4bcf-a7e7-c7ddcac09d11(fv-az443-428.ap2fcshprsnunfx25e1aelzb4b.cx.internal.cloudapp.net/10.1.0.20) reports an QUASI_CLOSED replica.
2023-04-22 02:18:40,405 [FixedThreadPoolWithAffinityExecutor-0-0] WARN  container.ContainerReportHandler (AbstractContainerReportHandler.java:updateContainerState(259)) - Container #1 is in OPEN state, but the datanode 44aa5787-a9ca-4d27-a88e-9069c8f4547b(fv-az443-428.ap2fcshprsnunfx25e1aelzb4b.cx.internal.cloudapp.net/10.1.0.20) reports an QUASI_CLOSED replica.
2023-04-22 02:18:40,426 [FixedThreadPoolWithAffinityExecutor-9-0] WARN  container.ContainerReportHandler (AbstractContainerReportHandler.java:updateContainerState(259)) - Container #4 is in OPEN state, but the datanode ffe33985-86ac-4dba-9cf7-e9d9be1914b9(fv-az443-428.ap2fcshprsnunfx25e1aelzb4b.cx.internal.cloudapp.net/10.1.0.20) reports an CLOSED replica.
2023-04-22 02:18:40,488 [EventQueue-PipelineReportForPipelineReportHandler] INFO  pipeline.PipelineReportHandler (PipelineReportHandler.java:processPipelineReport(115)) - Reported pipeline PipelineID=d12363c7-b3ec-4ef1-baed-b7f574d72d8f is not found
2023-04-22 02:18:40,531 [FixedThreadPoolWithAffinityExecutor-9-0] WARN  container.ContainerReportHandler (AbstractContainerReportHandler.java:updateContainerState(259)) - Container #1 is in OPEN state, but the datanode 6aaf5ca8-0737-4296-ba95-7f0e9402c55b(fv-az443-428.ap2fcshprsnunfx25e1aelzb4b.cx.internal.cloudapp.net/10.1.0.20) reports an QUASI_CLOSED replica.
2023-04-22 02:18:40,604 [FixedThreadPoolWithAffinityExecutor-0-0] WARN  container.ContainerReportHandler (AbstractContainerReportHandler.java:updateContainerState(259)) - Container #1 is in OPEN state, but the datanode 44aa5787-a9ca-4d27-a88e-9069c8f4547b(fv-az443-428.ap2fcshprsnunfx25e1aelzb4b.cx.internal.cloudapp.net/10.1.0.20) reports an QUASI_CLOSED replica.
2023-04-22 02:18:40,661 [Command processor thread] INFO  server.RaftServer (RaftServerProxy.java:remove(107)) - 1fa0605c-c70f-40a8-a13c-0f797dcff94f: remove    LEADER 1fa0605c-c70f-40a8-a13c-0f797dcff94f@group-B7F574D72D8F:t1, leader=1fa0605c-c70f-40a8-a13c-0f797dcff94f, voted=1fa0605c-c70f-40a8-a13c-0f797dcff94f, raftlog=Memoized:1fa0605c-c70f-40a8-a13c-0f797dcff94f@group-B7F574D72D8F-SegmentedRaftLog:OPENED:c3, conf=0: peers:[1fa0605c-c70f-40a8-a13c-0f797dcff94f|rpc:10.1.0.20:37453|dataStream:10.1.0.20:37951|priority:1|startupRole:FOLLOWER]|listeners:[], old=null RUNNING
2023-04-22 02:18:40,661 [Command processor thread] INFO  server.RaftServer$Division (RaftServerImpl.java:lambda$close$4(458)) - 1fa0605c-c70f-40a8-a13c-0f797dcff94f@group-B7F574D72D8F: shutdown
2023-04-22 02:18:40,661 [Command processor thread] INFO  util.JmxRegister (JmxRegister.java:unregister(73)) - Successfully un-registered JMX Bean with object name Ratis:service=RaftServer,group=group-B7F574D72D8F,id=1fa0605c-c70f-40a8-a13c-0f797dcff94f
2023-04-22 02:18:40,661 [Command processor thread] INFO  impl.RoleInfo (RoleInfo.java:shutdownLeaderState(93)) - 1fa0605c-c70f-40a8-a13c-0f797dcff94f: shutdown 1fa0605c-c70f-40a8-a13c-0f797dcff94f@group-B7F574D72D8F-LeaderStateImpl
2023-04-22 02:18:40,661 [Command processor thread] INFO  impl.PendingRequests (PendingRequests.java:sendNotLeaderResponses(282)) - 1fa0605c-c70f-40a8-a13c-0f797dcff94f@group-B7F574D72D8F-PendingRequests: sendNotLeaderResponses
2023-04-22 02:18:40,667 [Command processor thread] INFO  impl.StateMachineUpdater (StateMachineUpdater.java:stopAndJoin(153)) - 1fa0605c-c70f-40a8-a13c-0f797dcff94f@group-B7F574D72D8F-StateMachineUpdater: set stopIndex = 3
2023-04-22 02:18:40,667 [1fa0605c-c70f-40a8-a13c-0f797dcff94f@group-B7F574D72D8F-StateMachineUpdater] ERROR ratis.ContainerStateMachine (ContainerStateMachine.java:takeSnapshot(324)) - Failed to take snapshot  for group-B7F574D72D8F as the stateMachine is unhealthy. The last applied index is at (t:1, i:3)
2023-04-22 02:18:40,667 [1fa0605c-c70f-40a8-a13c-0f797dcff94f@group-B7F574D72D8F-StateMachineUpdater] ERROR impl.StateMachineUpdater (StateMachineUpdater.java:takeSnapshot(282)) - 1fa0605c-c70f-40a8-a13c-0f797dcff94f@group-B7F574D72D8F-StateMachineUpdater: Failed to take snapshot
org.apache.ratis.protocol.exceptions.StateMachineException: Failed to take snapshot  for group-B7F574D72D8F as the stateMachine is unhealthy. The last applied index is at (t:1, i:3)
	at org.apache.hadoop.ozone.container.common.transport.server.ratis.ContainerStateMachine.takeSnapshot(ContainerStateMachine.java:323)
	at org.apache.ratis.server.impl.StateMachineUpdater.takeSnapshot(StateMachineUpdater.java:270)
	at org.apache.ratis.server.impl.StateMachineUpdater.checkAndTakeSnapshot(StateMachineUpdater.java:262)
	at org.apache.ratis.server.impl.StateMachineUpdater.run(StateMachineUpdater.java:183)
	at java.lang.Thread.run(Thread.java:750)
2023-04-22 02:18:40,667 [1fa0605c-c70f-40a8-a13c-0f797dcff94f@group-B7F574D72D8F-StateMachineUpdater] ERROR ratis.ContainerStateMachine (ContainerStateMachine.java:takeSnapshot(324)) - Failed to take snapshot  for group-B7F574D72D8F as the stateMachine is unhealthy. The last applied index is at (t:1, i:3)
2023-04-22 02:18:40,667 [1fa0605c-c70f-40a8-a13c-0f797dcff94f@group-B7F574D72D8F-StateMachineUpdater] ERROR impl.StateMachineUpdater (StateMachineUpdater.java:takeSnapshot(282)) - 1fa0605c-c70f-40a8-a13c-0f797dcff94f@group-B7F574D72D8F-StateMachineUpdater: Failed to take snapshot
org.apache.ratis.protocol.exceptions.StateMachineException: Failed to take snapshot  for group-B7F574D72D8F as the stateMachine is unhealthy. The last applied index is at (t:1, i:3)
	at org.apache.hadoop.ozone.container.common.transport.server.ratis.ContainerStateMachine.takeSnapshot(ContainerStateMachine.java:323)
	at org.apache.ratis.server.impl.StateMachineUpdater.takeSnapshot(StateMachineUpdater.java:270)
	at org.apache.ratis.server.impl.StateMachineUpdater.checkAndTakeSnapshot(StateMachineUpdater.java:262)
	at org.apache.ratis.server.impl.StateMachineUpdater.run(StateMachineUpdater.java:186)
	at java.lang.Thread.run(Thread.java:750)
2023-04-22 02:18:40,668 [Command processor thread] INFO  server.RaftServer$Division (ServerState.java:close(466)) - 1fa0605c-c70f-40a8-a13c-0f797dcff94f@group-B7F574D72D8F: closes. applyIndex: 3
2023-04-22 02:18:40,668 [1fa0605c-c70f-40a8-a13c-0f797dcff94f@group-B7F574D72D8F-SegmentedRaftLogWorker] INFO  segmented.SegmentedRaftLogWorker (SegmentedRaftLogWorker.java:run(347)) - 1fa0605c-c70f-40a8-a13c-0f797dcff94f@group-B7F574D72D8F-SegmentedRaftLogWorker was interrupted, exiting. There are 0 tasks remaining in the queue.
2023-04-22 02:18:40,670 [Command processor thread] INFO  segmented.SegmentedRaftLogWorker (SegmentedRaftLogWorker.java:close(257)) - 1fa0605c-c70f-40a8-a13c-0f797dcff94f@group-B7F574D72D8F-SegmentedRaftLogWorker close()
2023-04-22 02:18:40,673 [Command processor thread] INFO  server.RaftServer$Division (RaftServerImpl.java:groupRemove(428)) - 1fa0605c-c70f-40a8-a13c-0f797dcff94f@group-B7F574D72D8F: Succeed to remove RaftStorageDirectory Storage Directory /home/runner/work/ozone/ozone/hadoop-ozone/integration-test/target/test-dir/MiniOzoneClusterImpl-b640deff-6994-498f-92ea-4ac5c972f0d8/datanode-3/data/ratis/d12363c7-b3ec-4ef1-baed-b7f574d72d8f
2023-04-22 02:18:40,673 [Command processor thread] INFO  commandhandler.ClosePipelineCommandHandler (ClosePipelineCommandHandler.java:handle(78)) - Close Pipeline PipelineID=d12363c7-b3ec-4ef1-baed-b7f574d72d8f command on datanode 1fa0605c-c70f-40a8-a13c-0f797dcff94f.
2023-04-22 02:18:40,688 [EventQueue-PipelineReportForPipelineReportHandler] INFO  pipeline.PipelineReportHandler (PipelineReportHandler.java:processPipelineReport(115)) - Reported pipeline PipelineID=d12363c7-b3ec-4ef1-baed-b7f574d72d8f is not found
2023-04-22 02:18:40,731 [FixedThreadPoolWithAffinityExecutor-9-0] WARN  container.ContainerReportHandler (AbstractContainerReportHandler.java:updateContainerState(259)) - Container #1 is in OPEN state, but the datanode 6aaf5ca8-0737-4296-ba95-7f0e9402c55b(fv-az443-428.ap2fcshprsnunfx25e1aelzb4b.cx.internal.cloudapp.net/10.1.0.20) reports an QUASI_CLOSED replica.
2023-04-22 02:18:40,788 [FixedThreadPoolWithAffinityExecutor-0-0] WARN  container.ContainerReportHandler (AbstractContainerReportHandler.java:updateContainerState(259)) - Container #1 is in OPEN state, but the datanode 4fb9f1f7-4e3b-4bcf-a7e7-c7ddcac09d11(fv-az443-428.ap2fcshprsnunfx25e1aelzb4b.cx.internal.cloudapp.net/10.1.0.20) reports an QUASI_CLOSED replica.
2023-04-22 02:18:40,805 [FixedThreadPoolWithAffinityExecutor-0-0] WARN  container.ContainerReportHandler (AbstractContainerReportHandler.java:updateContainerState(259)) - Container #1 is in OPEN state, but the datanode 44aa5787-a9ca-4d27-a88e-9069c8f4547b(fv-az443-428.ap2fcshprsnunfx25e1aelzb4b.cx.internal.cloudapp.net/10.1.0.20) reports an QUASI_CLOSED replica.
2023-04-22 02:18:40,826 [FixedThreadPoolWithAffinityExecutor-9-0] WARN  container.ContainerReportHandler (AbstractContainerReportHandler.java:updateContainerState(259)) - Container #4 is in OPEN state, but the datanode ffe33985-86ac-4dba-9cf7-e9d9be1914b9(fv-az443-428.ap2fcshprsnunfx25e1aelzb4b.cx.internal.cloudapp.net/10.1.0.20) reports an CLOSED replica.
2023-04-22 02:18:41,026 [FixedThreadPoolWithAffinityExecutor-9-0] WARN  container.ContainerReportHandler (AbstractContainerReportHandler.java:updateContainerState(259)) - Container #4 is in OPEN state, but the datanode ffe33985-86ac-4dba-9cf7-e9d9be1914b9(fv-az443-428.ap2fcshprsnunfx25e1aelzb4b.cx.internal.cloudapp.net/10.1.0.20) reports an CLOSED replica.
2023-04-22 02:18:41,131 [FixedThreadPoolWithAffinityExecutor-9-0] WARN  container.ContainerReportHandler (AbstractContainerReportHandler.java:updateContainerState(259)) - Container #1 is in OPEN state, but the datanode 6aaf5ca8-0737-4296-ba95-7f0e9402c55b(fv-az443-428.ap2fcshprsnunfx25e1aelzb4b.cx.internal.cloudapp.net/10.1.0.20) reports an QUASI_CLOSED replica.
2023-04-22 02:18:41,190 [FixedThreadPoolWithAffinityExecutor-0-0] WARN  container.ContainerReportHandler (AbstractContainerReportHandler.java:updateContainerState(259)) - Container #1 is in OPEN state, but the datanode 4fb9f1f7-4e3b-4bcf-a7e7-c7ddcac09d11(fv-az443-428.ap2fcshprsnunfx25e1aelzb4b.cx.internal.cloudapp.net/10.1.0.20) reports an QUASI_CLOSED replica.
2023-04-22 02:18:41,205 [FixedThreadPoolWithAffinityExecutor-0-0] WARN  container.ContainerReportHandler (AbstractContainerReportHandler.java:updateContainerState(259)) - Container #1 is in OPEN state, but the datanode 44aa5787-a9ca-4d27-a88e-9069c8f4547b(fv-az443-428.ap2fcshprsnunfx25e1aelzb4b.cx.internal.cloudapp.net/10.1.0.20) reports an QUASI_CLOSED replica.
2023-04-22 02:18:41,390 [FixedThreadPoolWithAffinityExecutor-0-0] WARN  container.ContainerReportHandler (AbstractContainerReportHandler.java:updateContainerState(259)) - Container #1 is in OPEN state, but the datanode 4fb9f1f7-4e3b-4bcf-a7e7-c7ddcac09d11(fv-az443-428.ap2fcshprsnunfx25e1aelzb4b.cx.internal.cloudapp.net/10.1.0.20) reports an QUASI_CLOSED replica.
2023-04-22 02:18:41,404 [FixedThreadPoolWithAffinityExecutor-0-0] WARN  container.ContainerReportHandler (AbstractContainerReportHandler.java:updateContainerState(259)) - Container #1 is in OPEN state, but the datanode 44aa5787-a9ca-4d27-a88e-9069c8f4547b(fv-az443-428.ap2fcshprsnunfx25e1aelzb4b.cx.internal.cloudapp.net/10.1.0.20) reports an QUASI_CLOSED replica.
2023-04-22 02:18:41,426 [FixedThreadPoolWithAffinityExecutor-9-0] WARN  container.ContainerReportHandler (AbstractContainerReportHandler.java:updateContainerState(259)) - Container #4 is in OPEN state, but the datanode ffe33985-86ac-4dba-9cf7-e9d9be1914b9(fv-az443-428.ap2fcshprsnunfx25e1aelzb4b.cx.internal.cloudapp.net/10.1.0.20) reports an CLOSED replica.
2023-04-22 02:18:41,532 [FixedThreadPoolWithAffinityExecutor-9-0] WARN  container.ContainerReportHandler (AbstractContainerReportHandler.java:updateContainerState(259)) - Container #1 is in OPEN state, but the datanode 6aaf5ca8-0737-4296-ba95-7f0e9402c55b(fv-az443-428.ap2fcshprsnunfx25e1aelzb4b.cx.internal.cloudapp.net/10.1.0.20) reports an QUASI_CLOSED replica.
2023-04-22 02:18:41,605 [FixedThreadPoolWithAffinityExecutor-0-0] WARN  container.ContainerReportHandler (AbstractContainerReportHandler.java:updateContainerState(259)) - Container #1 is in OPEN state, but the datanode 44aa5787-a9ca-4d27-a88e-9069c8f4547b(fv-az443-428.ap2fcshprsnunfx25e1aelzb4b.cx.internal.cloudapp.net/10.1.0.20) reports an QUASI_CLOSED replica.
2023-04-22 02:18:41,651 [ffe33985-86ac-4dba-9cf7-e9d9be1914b9@group-2228D2590D3E-StateMachineUpdater] INFO  ratis.ContainerStateMachine (ContainerStateMachine.java:takeSnapshot(330)) - group-2228D2590D3E: Taking a snapshot at:(t:1, i:10) file /home/runner/work/ozone/ozone/hadoop-ozone/integration-test/target/test-dir/MiniOzoneClusterImpl-b640deff-6994-498f-92ea-4ac5c972f0d8/datanode-6/data/ratis/c015da53-8971-4990-89ee-2228d2590d3e/sm/snapshot.1_10
2023-04-22 02:18:41,651 [14afdd48-1c23-4787-9ada-99348fccc9d2@group-2228D2590D3E-StateMachineUpdater] INFO  ratis.ContainerStateMachine (ContainerStateMachine.java:takeSnapshot(330)) - group-2228D2590D3E: Taking a snapshot at:(t:1, i:10) file /home/runner/work/ozone/ozone/hadoop-ozone/integration-test/target/test-dir/MiniOzoneClusterImpl-b640deff-6994-498f-92ea-4ac5c972f0d8/datanode-8/data/ratis/c015da53-8971-4990-89ee-2228d2590d3e/sm/snapshot.1_10
2023-04-22 02:18:41,789 [FixedThreadPoolWithAffinityExecutor-0-0] WARN  container.ContainerReportHandler (AbstractContainerReportHandler.java:updateContainerState(259)) - Container #1 is in OPEN state, but the datanode 4fb9f1f7-4e3b-4bcf-a7e7-c7ddcac09d11(fv-az443-428.ap2fcshprsnunfx25e1aelzb4b.cx.internal.cloudapp.net/10.1.0.20) reports an QUASI_CLOSED replica.
2023-04-22 02:18:41,805 [FixedThreadPoolWithAffinityExecutor-0-0] WARN  container.ContainerReportHandler (AbstractContainerReportHandler.java:updateContainerState(259)) - Container #1 is in OPEN state, but the datanode 44aa5787-a9ca-4d27-a88e-9069c8f4547b(fv-az443-428.ap2fcshprsnunfx25e1aelzb4b.cx.internal.cloudapp.net/10.1.0.20) reports an QUASI_CLOSED replica.
2023-04-22 02:18:41,827 [FixedThreadPoolWithAffinityExecutor-9-0] WARN  container.ContainerReportHandler (AbstractContainerReportHandler.java:updateContainerState(259)) - Container #4 is in OPEN state, but the datanode ffe33985-86ac-4dba-9cf7-e9d9be1914b9(fv-az443-428.ap2fcshprsnunfx25e1aelzb4b.cx.internal.cloudapp.net/10.1.0.20) reports an CLOSED replica.
2023-04-22 02:18:41,875 [ffe33985-86ac-4dba-9cf7-e9d9be1914b9@group-2228D2590D3E-StateMachineUpdater] INFO  ratis.ContainerStateMachine (ContainerStateMachine.java:takeSnapshot(341)) - group-2228D2590D3E: Finished taking a snapshot at:(t:1, i:10) file:/home/runner/work/ozone/ozone/hadoop-ozone/integration-test/target/test-dir/MiniOzoneClusterImpl-b640deff-6994-498f-92ea-4ac5c972f0d8/datanode-6/data/ratis/c015da53-8971-4990-89ee-2228d2590d3e/sm/snapshot.1_10 took: 224 ms
2023-04-22 02:18:41,876 [ffe33985-86ac-4dba-9cf7-e9d9be1914b9@group-2228D2590D3E-StateMachineUpdater] INFO  impl.StateMachineUpdater (StateMachineUpdater.java:takeSnapshot(287)) - ffe33985-86ac-4dba-9cf7-e9d9be1914b9@group-2228D2590D3E-StateMachineUpdater: Took a snapshot at index 10
2023-04-22 02:18:41,876 [ffe33985-86ac-4dba-9cf7-e9d9be1914b9@group-2228D2590D3E-StateMachineUpdater] INFO  impl.StateMachineUpdater (StateMachineUpdater.java:lambda$new$0(92)) - ffe33985-86ac-4dba-9cf7-e9d9be1914b9@group-2228D2590D3E-StateMachineUpdater: snapshotIndex: updateIncreasingly 8 -> 10
2023-04-22 02:18:41,876 [14afdd48-1c23-4787-9ada-99348fccc9d2@group-2228D2590D3E-StateMachineUpdater] INFO  ratis.ContainerStateMachine (ContainerStateMachine.java:takeSnapshot(341)) - group-2228D2590D3E: Finished taking a snapshot at:(t:1, i:10) file:/home/runner/work/ozone/ozone/hadoop-ozone/integration-test/target/test-dir/MiniOzoneClusterImpl-b640deff-6994-498f-92ea-4ac5c972f0d8/datanode-8/data/ratis/c015da53-8971-4990-89ee-2228d2590d3e/sm/snapshot.1_10 took: 225 ms
2023-04-22 02:18:41,876 [14afdd48-1c23-4787-9ada-99348fccc9d2@group-2228D2590D3E-StateMachineUpdater] INFO  impl.StateMachineUpdater (StateMachineUpdater.java:takeSnapshot(287)) - 14afdd48-1c23-4787-9ada-99348fccc9d2@group-2228D2590D3E-StateMachineUpdater: Took a snapshot at index 10
2023-04-22 02:18:41,876 [14afdd48-1c23-4787-9ada-99348fccc9d2@group-2228D2590D3E-StateMachineUpdater] INFO  impl.StateMachineUpdater (StateMachineUpdater.java:lambda$new$0(92)) - 14afdd48-1c23-4787-9ada-99348fccc9d2@group-2228D2590D3E-StateMachineUpdater: snapshotIndex: updateIncreasingly 8 -> 10
2023-04-22 02:18:41,932 [FixedThreadPoolWithAffinityExecutor-9-0] WARN  container.ContainerReportHandler (AbstractContainerReportHandler.java:updateContainerState(259)) - Container #1 is in OPEN state, but the datanode 6aaf5ca8-0737-4296-ba95-7f0e9402c55b(fv-az443-428.ap2fcshprsnunfx25e1aelzb4b.cx.internal.cloudapp.net/10.1.0.20) reports an QUASI_CLOSED replica.
2023-04-22 02:18:42,026 [FixedThreadPoolWithAffinityExecutor-9-0] WARN  container.ContainerReportHandler (AbstractContainerReportHandler.java:updateContainerState(259)) - Container #4 is in OPEN state, but the datanode ffe33985-86ac-4dba-9cf7-e9d9be1914b9(fv-az443-428.ap2fcshprsnunfx25e1aelzb4b.cx.internal.cloudapp.net/10.1.0.20) reports an CLOSED replica.
2023-04-22 02:18:42,190 [FixedThreadPoolWithAffinityExecutor-0-0] WARN  container.ContainerReportHandler (AbstractContainerReportHandler.java:updateContainerState(259)) - Container #1 is in OPEN state, but the datanode 4fb9f1f7-4e3b-4bcf-a7e7-c7ddcac09d11(fv-az443-428.ap2fcshprsnunfx25e1aelzb4b.cx.internal.cloudapp.net/10.1.0.20) reports an QUASI_CLOSED replica.
2023-04-22 02:18:42,205 [FixedThreadPoolWithAffinityExecutor-0-0] WARN  container.ContainerReportHandler (AbstractContainerReportHandler.java:updateContainerState(259)) - Container #1 is in OPEN state, but the datanode 44aa5787-a9ca-4d27-a88e-9069c8f4547b(fv-az443-428.ap2fcshprsnunfx25e1aelzb4b.cx.internal.cloudapp.net/10.1.0.20) reports an QUASI_CLOSED replica.
2023-04-22 02:18:42,333 [FixedThreadPoolWithAffinityExecutor-9-0] WARN  container.ContainerReportHandler (AbstractContainerReportHandler.java:updateContainerState(259)) - Container #1 is in OPEN state, but the datanode 6aaf5ca8-0737-4296-ba95-7f0e9402c55b(fv-az443-428.ap2fcshprsnunfx25e1aelzb4b.cx.internal.cloudapp.net/10.1.0.20) reports an QUASI_CLOSED replica.
2023-04-22 02:18:42,390 [FixedThreadPoolWithAffinityExecutor-0-0] WARN  container.ContainerReportHandler (AbstractContainerReportHandler.java:updateContainerState(259)) - Container #1 is in OPEN state, but the datanode 4fb9f1f7-4e3b-4bcf-a7e7-c7ddcac09d11(fv-az443-428.ap2fcshprsnunfx25e1aelzb4b.cx.internal.cloudapp.net/10.1.0.20) reports an QUASI_CLOSED replica.
2023-04-22 02:18:42,404 [FixedThreadPoolWithAffinityExecutor-0-0] WARN  container.ContainerReportHandler (AbstractContainerReportHandler.java:updateContainerState(259)) - Container #1 is in OPEN state, but the datanode 44aa5787-a9ca-4d27-a88e-9069c8f4547b(fv-az443-428.ap2fcshprsnunfx25e1aelzb4b.cx.internal.cloudapp.net/10.1.0.20) reports an QUASI_CLOSED replica.
2023-04-22 02:18:42,426 [FixedThreadPoolWithAffinityExecutor-9-0] WARN  container.ContainerReportHandler (AbstractContainerReportHandler.java:updateContainerState(259)) - Container #4 is in OPEN state, but the datanode ffe33985-86ac-4dba-9cf7-e9d9be1914b9(fv-az443-428.ap2fcshprsnunfx25e1aelzb4b.cx.internal.cloudapp.net/10.1.0.20) reports an CLOSED replica.
2023-04-22 02:18:42,605 [FixedThreadPoolWithAffinityExecutor-0-0] WARN  container.ContainerReportHandler (AbstractContainerReportHandler.java:updateContainerState(259)) - Container #1 is in OPEN state, but the datanode 44aa5787-a9ca-4d27-a88e-9069c8f4547b(fv-az443-428.ap2fcshprsnunfx25e1aelzb4b.cx.internal.cloudapp.net/10.1.0.20) reports an QUASI_CLOSED replica.
2023-04-22 02:18:42,733 [FixedThreadPoolWithAffinityExecutor-9-0] WARN  container.ContainerReportHandler (AbstractContainerReportHandler.java:updateContainerState(259)) - Container #1 is in OPEN state, but the datanode 6aaf5ca8-0737-4296-ba95-7f0e9402c55b(fv-az443-428.ap2fcshprsnunfx25e1aelzb4b.cx.internal.cloudapp.net/10.1.0.20) reports an QUASI_CLOSED replica.
2023-04-22 02:18:42,790 [FixedThreadPoolWithAffinityExecutor-0-0] WARN  container.ContainerReportHandler (AbstractContainerReportHandler.java:updateContainerState(259)) - Container #1 is in OPEN state, but the datanode 4fb9f1f7-4e3b-4bcf-a7e7-c7ddcac09d11(fv-az443-428.ap2fcshprsnunfx25e1aelzb4b.cx.internal.cloudapp.net/10.1.0.20) reports an QUASI_CLOSED replica.
2023-04-22 02:18:42,805 [FixedThreadPoolWithAffinityExecutor-0-0] WARN  container.ContainerReportHandler (AbstractContainerReportHandler.java:updateContainerState(259)) - Container #1 is in OPEN state, but the datanode 44aa5787-a9ca-4d27-a88e-9069c8f4547b(fv-az443-428.ap2fcshprsnunfx25e1aelzb4b.cx.internal.cloudapp.net/10.1.0.20) reports an QUASI_CLOSED replica.
2023-04-22 02:18:42,826 [FixedThreadPoolWithAffinityExecutor-9-0] WARN  container.ContainerReportHandler (AbstractContainerReportHandler.java:updateContainerState(259)) - Container #4 is in OPEN state, but the datanode ffe33985-86ac-4dba-9cf7-e9d9be1914b9(fv-az443-428.ap2fcshprsnunfx25e1aelzb4b.cx.internal.cloudapp.net/10.1.0.20) reports an CLOSED replica.
2023-04-22 02:18:42,932 [FixedThreadPoolWithAffinityExecutor-9-0] WARN  container.ContainerReportHandler (AbstractContainerReportHandler.java:updateContainerState(259)) - Container #1 is in OPEN state, but the datanode 6aaf5ca8-0737-4296-ba95-7f0e9402c55b(fv-az443-428.ap2fcshprsnunfx25e1aelzb4b.cx.internal.cloudapp.net/10.1.0.20) reports an QUASI_CLOSED replica.
2023-04-22 02:18:43,004 [FixedThreadPoolWithAffinityExecutor-0-0] WARN  container.ContainerReportHandler (AbstractContainerReportHandler.java:updateContainerState(259)) - Container #1 is in OPEN state, but the datanode 44aa5787-a9ca-4d27-a88e-9069c8f4547b(fv-az443-428.ap2fcshprsnunfx25e1aelzb4b.cx.internal.cloudapp.net/10.1.0.20) reports an QUASI_CLOSED replica.
2023-04-22 02:18:43,026 [FixedThreadPoolWithAffinityExecutor-9-0] WARN  container.ContainerReportHandler (AbstractContainerReportHandler.java:updateContainerState(259)) - Container #4 is in OPEN state, but the datanode ffe33985-86ac-4dba-9cf7-e9d9be1914b9(fv-az443-428.ap2fcshprsnunfx25e1aelzb4b.cx.internal.cloudapp.net/10.1.0.20) reports an CLOSED replica.
2023-04-22 02:18:43,189 [FixedThreadPoolWithAffinityExecutor-0-0] WARN  container.ContainerReportHandler (AbstractContainerReportHandler.java:updateContainerState(259)) - Container #1 is in OPEN state, but the datanode 4fb9f1f7-4e3b-4bcf-a7e7-c7ddcac09d11(fv-az443-428.ap2fcshprsnunfx25e1aelzb4b.cx.internal.cloudapp.net/10.1.0.20) reports an QUASI_CLOSED replica.
2023-04-22 02:18:43,333 [FixedThreadPoolWithAffinityExecutor-9-0] WARN  container.ContainerReportHandler (AbstractContainerReportHandler.java:updateContainerState(259)) - Container #1 is in OPEN state, but the datanode 6aaf5ca8-0737-4296-ba95-7f0e9402c55b(fv-az443-428.ap2fcshprsnunfx25e1aelzb4b.cx.internal.cloudapp.net/10.1.0.20) reports an QUASI_CLOSED replica.
2023-04-22 02:18:43,390 [FixedThreadPoolWithAffinityExecutor-0-0] WARN  container.ContainerReportHandler (AbstractContainerReportHandler.java:updateContainerState(259)) - Container #1 is in OPEN state, but the datanode 4fb9f1f7-4e3b-4bcf-a7e7-c7ddcac09d11(fv-az443-428.ap2fcshprsnunfx25e1aelzb4b.cx.internal.cloudapp.net/10.1.0.20) reports an QUASI_CLOSED replica.
2023-04-22 02:18:43,404 [FixedThreadPoolWithAffinityExecutor-0-0] WARN  container.ContainerReportHandler (AbstractContainerReportHandler.java:updateContainerState(259)) - Container #1 is in OPEN state, but the datanode 44aa5787-a9ca-4d27-a88e-9069c8f4547b(fv-az443-428.ap2fcshprsnunfx25e1aelzb4b.cx.internal.cloudapp.net/10.1.0.20) reports an QUASI_CLOSED replica.
2023-04-22 02:18:43,426 [FixedThreadPoolWithAffinityExecutor-9-0] WARN  container.ContainerReportHandler (AbstractContainerReportHandler.java:updateContainerState(259)) - Container #4 is in OPEN state, but the datanode ffe33985-86ac-4dba-9cf7-e9d9be1914b9(fv-az443-428.ap2fcshprsnunfx25e1aelzb4b.cx.internal.cloudapp.net/10.1.0.20) reports an CLOSED replica.
2023-04-22 02:18:43,604 [FixedThreadPoolWithAffinityExecutor-0-0] WARN  container.ContainerReportHandler (AbstractContainerReportHandler.java:updateContainerState(259)) - Container #1 is in OPEN state, but the datanode 44aa5787-a9ca-4d27-a88e-9069c8f4547b(fv-az443-428.ap2fcshprsnunfx25e1aelzb4b.cx.internal.cloudapp.net/10.1.0.20) reports an QUASI_CLOSED replica.
2023-04-22 02:18:43,626 [FixedThreadPoolWithAffinityExecutor-9-0] WARN  container.ContainerReportHandler (AbstractContainerReportHandler.java:updateContainerState(259)) - Container #4 is in OPEN state, but the datanode ffe33985-86ac-4dba-9cf7-e9d9be1914b9(fv-az443-428.ap2fcshprsnunfx25e1aelzb4b.cx.internal.cloudapp.net/10.1.0.20) reports an CLOSED replica.
2023-04-22 02:18:43,733 [FixedThreadPoolWithAffinityExecutor-9-0] WARN  container.ContainerReportHandler (AbstractContainerReportHandler.java:updateContainerState(259)) - Container #1 is in OPEN state, but the datanode 6aaf5ca8-0737-4296-ba95-7f0e9402c55b(fv-az443-428.ap2fcshprsnunfx25e1aelzb4b.cx.internal.cloudapp.net/10.1.0.20) reports an QUASI_CLOSED replica.
2023-04-22 02:18:43,789 [FixedThreadPoolWithAffinityExecutor-0-0] WARN  container.ContainerReportHandler (AbstractContainerReportHandler.java:updateContainerState(259)) - Container #1 is in OPEN state, but the datanode 4fb9f1f7-4e3b-4bcf-a7e7-c7ddcac09d11(fv-az443-428.ap2fcshprsnunfx25e1aelzb4b.cx.internal.cloudapp.net/10.1.0.20) reports an QUASI_CLOSED replica.
2023-04-22 02:18:43,805 [FixedThreadPoolWithAffinityExecutor-0-0] WARN  container.ContainerReportHandler (AbstractContainerReportHandler.java:updateContainerState(259)) - Container #1 is in OPEN state, but the datanode 44aa5787-a9ca-4d27-a88e-9069c8f4547b(fv-az443-428.ap2fcshprsnunfx25e1aelzb4b.cx.internal.cloudapp.net/10.1.0.20) reports an QUASI_CLOSED replica.
2023-04-22 02:18:44,004 [FixedThreadPoolWithAffinityExecutor-0-0] WARN  container.ContainerReportHandler (AbstractContainerReportHandler.java:updateContainerState(259)) - Container #1 is in OPEN state, but the datanode 44aa5787-a9ca-4d27-a88e-9069c8f4547b(fv-az443-428.ap2fcshprsnunfx25e1aelzb4b.cx.internal.cloudapp.net/10.1.0.20) reports an QUASI_CLOSED replica.
2023-04-22 02:18:44,026 [FixedThreadPoolWithAffinityExecutor-9-0] WARN  container.ContainerReportHandler (AbstractContainerReportHandler.java:updateContainerState(259)) - Container #4 is in OPEN state, but the datanode ffe33985-86ac-4dba-9cf7-e9d9be1914b9(fv-az443-428.ap2fcshprsnunfx25e1aelzb4b.cx.internal.cloudapp.net/10.1.0.20) reports an CLOSED replica.
2023-04-22 02:18:44,133 [FixedThreadPoolWithAffinityExecutor-9-0] WARN  container.ContainerReportHandler (AbstractContainerReportHandler.java:updateContainerState(259)) - Container #1 is in OPEN state, but the datanode 6aaf5ca8-0737-4296-ba95-7f0e9402c55b(fv-az443-428.ap2fcshprsnunfx25e1aelzb4b.cx.internal.cloudapp.net/10.1.0.20) reports an QUASI_CLOSED replica.
2023-04-22 02:18:44,190 [FixedThreadPoolWithAffinityExecutor-0-0] WARN  container.ContainerReportHandler (AbstractContainerReportHandler.java:updateContainerState(259)) - Container #1 is in OPEN state, but the datanode 4fb9f1f7-4e3b-4bcf-a7e7-c7ddcac09d11(fv-az443-428.ap2fcshprsnunfx25e1aelzb4b.cx.internal.cloudapp.net/10.1.0.20) reports an QUASI_CLOSED replica.
2023-04-22 02:18:44,390 [FixedThreadPoolWithAffinityExecutor-0-0] WARN  container.ContainerReportHandler (AbstractContainerReportHandler.java:updateContainerState(259)) - Container #1 is in OPEN state, but the datanode 4fb9f1f7-4e3b-4bcf-a7e7-c7ddcac09d11(fv-az443-428.ap2fcshprsnunfx25e1aelzb4b.cx.internal.cloudapp.net/10.1.0.20) reports an QUASI_CLOSED replica.
2023-04-22 02:18:44,407 [FixedThreadPoolWithAffinityExecutor-0-0] WARN  container.ContainerReportHandler (AbstractContainerReportHandler.java:updateContainerState(259)) - Container #1 is in OPEN state, but the datanode 44aa5787-a9ca-4d27-a88e-9069c8f4547b(fv-az443-428.ap2fcshprsnunfx25e1aelzb4b.cx.internal.cloudapp.net/10.1.0.20) reports an QUASI_CLOSED replica.
2023-04-22 02:18:44,427 [FixedThreadPoolWithAffinityExecutor-9-0] WARN  container.ContainerReportHandler (AbstractContainerReportHandler.java:updateContainerState(259)) - Container #4 is in OPEN state, but the datanode ffe33985-86ac-4dba-9cf7-e9d9be1914b9(fv-az443-428.ap2fcshprsnunfx25e1aelzb4b.cx.internal.cloudapp.net/10.1.0.20) reports an CLOSED replica.
2023-04-22 02:18:44,534 [FixedThreadPoolWithAffinityExecutor-9-0] WARN  container.ContainerReportHandler (AbstractContainerReportHandler.java:updateContainerState(259)) - Container #1 is in OPEN state, but the datanode 6aaf5ca8-0737-4296-ba95-7f0e9402c55b(fv-az443-428.ap2fcshprsnunfx25e1aelzb4b.cx.internal.cloudapp.net/10.1.0.20) reports an QUASI_CLOSED replica.
2023-04-22 02:18:44,607 [FixedThreadPoolWithAffinityExecutor-0-0] WARN  container.ContainerReportHandler (AbstractContainerReportHandler.java:updateContainerState(259)) - Container #1 is in OPEN state, but the datanode 44aa5787-a9ca-4d27-a88e-9069c8f4547b(fv-az443-428.ap2fcshprsnunfx25e1aelzb4b.cx.internal.cloudapp.net/10.1.0.20) reports an QUASI_CLOSED replica.
2023-04-22 02:18:44,627 [FixedThreadPoolWithAffinityExecutor-9-0] WARN  container.ContainerReportHandler (AbstractContainerReportHandler.java:updateContainerState(259)) - Container #4 is in OPEN state, but the datanode ffe33985-86ac-4dba-9cf7-e9d9be1914b9(fv-az443-428.ap2fcshprsnunfx25e1aelzb4b.cx.internal.cloudapp.net/10.1.0.20) reports an CLOSED replica.
2023-04-22 02:18:44,734 [FixedThreadPoolWithAffinityExecutor-9-0] WARN  container.ContainerReportHandler (AbstractContainerReportHandler.java:updateContainerState(259)) - Container #1 is in OPEN state, but the datanode 6aaf5ca8-0737-4296-ba95-7f0e9402c55b(fv-az443-428.ap2fcshprsnunfx25e1aelzb4b.cx.internal.cloudapp.net/10.1.0.20) reports an QUASI_CLOSED replica.
2023-04-22 02:18:44,790 [FixedThreadPoolWithAffinityExecutor-0-0] WARN  container.ContainerReportHandler (AbstractContainerReportHandler.java:updateContainerState(259)) - Container #1 is in OPEN state, but the datanode 4fb9f1f7-4e3b-4bcf-a7e7-c7ddcac09d11(fv-az443-428.ap2fcshprsnunfx25e1aelzb4b.cx.internal.cloudapp.net/10.1.0.20) reports an QUASI_CLOSED replica.
2023-04-22 02:18:44,807 [FixedThreadPoolWithAffinityExecutor-0-0] WARN  container.ContainerReportHandler (AbstractContainerReportHandler.java:updateContainerState(259)) - Container #1 is in OPEN state, but the datanode 44aa5787-a9ca-4d27-a88e-9069c8f4547b(fv-az443-428.ap2fcshprsnunfx25e1aelzb4b.cx.internal.cloudapp.net/10.1.0.20) reports an QUASI_CLOSED replica.
2023-04-22 02:18:45,007 [FixedThreadPoolWithAffinityExecutor-0-0] WARN  container.ContainerReportHandler (AbstractContainerReportHandler.java:updateContainerState(259)) - Container #1 is in OPEN state, but the datanode 44aa5787-a9ca-4d27-a88e-9069c8f4547b(fv-az443-428.ap2fcshprsnunfx25e1aelzb4b.cx.internal.cloudapp.net/10.1.0.20) reports an QUASI_CLOSED replica.
2023-04-22 02:18:45,026 [FixedThreadPoolWithAffinityExecutor-9-0] WARN  container.ContainerReportHandler (AbstractContainerReportHandler.java:updateContainerState(259)) - Container #4 is in OPEN state, but the datanode ffe33985-86ac-4dba-9cf7-e9d9be1914b9(fv-az443-428.ap2fcshprsnunfx25e1aelzb4b.cx.internal.cloudapp.net/10.1.0.20) reports an CLOSED replica.
2023-04-22 02:18:45,133 [FixedThreadPoolWithAffinityExecutor-9-0] WARN  container.ContainerReportHandler (AbstractContainerReportHandler.java:updateContainerState(259)) - Container #1 is in OPEN state, but the datanode 6aaf5ca8-0737-4296-ba95-7f0e9402c55b(fv-az443-428.ap2fcshprsnunfx25e1aelzb4b.cx.internal.cloudapp.net/10.1.0.20) reports an QUASI_CLOSED replica.
2023-04-22 02:18:45,190 [FixedThreadPoolWithAffinityExecutor-0-0] WARN  container.ContainerReportHandler (AbstractContainerReportHandler.java:updateContainerState(259)) - Container #1 is in OPEN state, but the datanode 4fb9f1f7-4e3b-4bcf-a7e7-c7ddcac09d11(fv-az443-428.ap2fcshprsnunfx25e1aelzb4b.cx.internal.cloudapp.net/10.1.0.20) reports an QUASI_CLOSED replica.
2023-04-22 02:18:45,389 [FixedThreadPoolWithAffinityExecutor-0-0] WARN  container.ContainerReportHandler (AbstractContainerReportHandler.java:updateContainerState(259)) - Container #1 is in OPEN state, but the datanode 4fb9f1f7-4e3b-4bcf-a7e7-c7ddcac09d11(fv-az443-428.ap2fcshprsnunfx25e1aelzb4b.cx.internal.cloudapp.net/10.1.0.20) reports an QUASI_CLOSED replica.
2023-04-22 02:18:45,407 [FixedThreadPoolWithAffinityExecutor-0-0] WARN  container.ContainerReportHandler (AbstractContainerReportHandler.java:updateContainerState(259)) - Container #1 is in OPEN state, but the datanode 44aa5787-a9ca-4d27-a88e-9069c8f4547b(fv-az443-428.ap2fcshprsnunfx25e1aelzb4b.cx.internal.cloudapp.net/10.1.0.20) reports an QUASI_CLOSED replica.
2023-04-22 02:18:45,426 [FixedThreadPoolWithAffinityExecutor-9-0] WARN  container.ContainerReportHandler (AbstractContainerReportHandler.java:updateContainerState(259)) - Container #4 is in OPEN state, but the datanode ffe33985-86ac-4dba-9cf7-e9d9be1914b9(fv-az443-428.ap2fcshprsnunfx25e1aelzb4b.cx.internal.cloudapp.net/10.1.0.20) reports an CLOSED replica.
2023-04-22 02:18:45,533 [FixedThreadPoolWithAffinityExecutor-9-0] WARN  container.ContainerReportHandler (AbstractContainerReportHandler.java:updateContainerState(259)) - Container #1 is in OPEN state, but the datanode 6aaf5ca8-0737-4296-ba95-7f0e9402c55b(fv-az443-428.ap2fcshprsnunfx25e1aelzb4b.cx.internal.cloudapp.net/10.1.0.20) reports an QUASI_CLOSED replica.
2023-04-22 02:18:45,606 [FixedThreadPoolWithAffinityExecutor-0-0] WARN  container.ContainerReportHandler (AbstractContainerReportHandler.java:updateContainerState(259)) - Container #1 is in OPEN state, but the datanode 44aa5787-a9ca-4d27-a88e-9069c8f4547b(fv-az443-428.ap2fcshprsnunfx25e1aelzb4b.cx.internal.cloudapp.net/10.1.0.20) reports an QUASI_CLOSED replica.
2023-04-22 02:18:45,627 [FixedThreadPoolWithAffinityExecutor-9-0] WARN  container.ContainerReportHandler (AbstractContainerReportHandler.java:updateContainerState(259)) - Container #4 is in OPEN state, but the datanode ffe33985-86ac-4dba-9cf7-e9d9be1914b9(fv-az443-428.ap2fcshprsnunfx25e1aelzb4b.cx.internal.cloudapp.net/10.1.0.20) reports an CLOSED replica.
2023-04-22 02:18:45,790 [FixedThreadPoolWithAffinityExecutor-0-0] WARN  container.ContainerReportHandler (AbstractContainerReportHandler.java:updateContainerState(259)) - Container #1 is in OPEN state, but the datanode 4fb9f1f7-4e3b-4bcf-a7e7-c7ddcac09d11(fv-az443-428.ap2fcshprsnunfx25e1aelzb4b.cx.internal.cloudapp.net/10.1.0.20) reports an QUASI_CLOSED replica.
2023-04-22 02:18:45,807 [FixedThreadPoolWithAffinityExecutor-0-0] WARN  container.ContainerReportHandler (AbstractContainerReportHandler.java:updateContainerState(259)) - Container #1 is in OPEN state, but the datanode 44aa5787-a9ca-4d27-a88e-9069c8f4547b(fv-az443-428.ap2fcshprsnunfx25e1aelzb4b.cx.internal.cloudapp.net/10.1.0.20) reports an QUASI_CLOSED replica.
2023-04-22 02:18:45,934 [FixedThreadPoolWithAffinityExecutor-9-0] WARN  container.ContainerReportHandler (AbstractContainerReportHandler.java:updateContainerState(259)) - Container #1 is in OPEN state, but the datanode 6aaf5ca8-0737-4296-ba95-7f0e9402c55b(fv-az443-428.ap2fcshprsnunfx25e1aelzb4b.cx.internal.cloudapp.net/10.1.0.20) reports an QUASI_CLOSED replica.
2023-04-22 02:18:46,008 [FixedThreadPoolWithAffinityExecutor-0-0] WARN  container.ContainerReportHandler (AbstractContainerReportHandler.java:updateContainerState(259)) - Container #1 is in OPEN state, but the datanode 44aa5787-a9ca-4d27-a88e-9069c8f4547b(fv-az443-428.ap2fcshprsnunfx25e1aelzb4b.cx.internal.cloudapp.net/10.1.0.20) reports an QUASI_CLOSED replica.
2023-04-22 02:18:46,027 [FixedThreadPoolWithAffinityExecutor-9-0] WARN  container.ContainerReportHandler (AbstractContainerReportHandler.java:updateContainerState(259)) - Container #4 is in OPEN state, but the datanode ffe33985-86ac-4dba-9cf7-e9d9be1914b9(fv-az443-428.ap2fcshprsnunfx25e1aelzb4b.cx.internal.cloudapp.net/10.1.0.20) reports an CLOSED replica.
2023-04-22 02:18:46,190 [FixedThreadPoolWithAffinityExecutor-0-0] WARN  container.ContainerReportHandler (AbstractContainerReportHandler.java:updateContainerState(259)) - Container #1 is in OPEN state, but the datanode 4fb9f1f7-4e3b-4bcf-a7e7-c7ddcac09d11(fv-az443-428.ap2fcshprsnunfx25e1aelzb4b.cx.internal.cloudapp.net/10.1.0.20) reports an QUASI_CLOSED replica.
2023-04-22 02:18:46,227 [FixedThreadPoolWithAffinityExecutor-9-0] WARN  container.ContainerReportHandler (AbstractContainerReportHandler.java:updateContainerState(259)) - Container #4 is in OPEN state, but the datanode ffe33985-86ac-4dba-9cf7-e9d9be1914b9(fv-az443-428.ap2fcshprsnunfx25e1aelzb4b.cx.internal.cloudapp.net/10.1.0.20) reports an CLOSED replica.
2023-04-22 02:18:46,334 [FixedThreadPoolWithAffinityExecutor-9-0] WARN  container.ContainerReportHandler (AbstractContainerReportHandler.java:updateContainerState(259)) - Container #1 is in OPEN state, but the datanode 6aaf5ca8-0737-4296-ba95-7f0e9402c55b(fv-az443-428.ap2fcshprsnunfx25e1aelzb4b.cx.internal.cloudapp.net/10.1.0.20) reports an QUASI_CLOSED replica.
2023-04-22 02:18:46,390 [FixedThreadPoolWithAffinityExecutor-0-0] WARN  container.ContainerReportHandler (AbstractContainerReportHandler.java:updateContainerState(259)) - Container #1 is in OPEN state, but the datanode 4fb9f1f7-4e3b-4bcf-a7e7-c7ddcac09d11(fv-az443-428.ap2fcshprsnunfx25e1aelzb4b.cx.internal.cloudapp.net/10.1.0.20) reports an QUASI_CLOSED replica.
2023-04-22 02:18:46,408 [FixedThreadPoolWithAffinityExecutor-0-0] WARN  container.ContainerReportHandler (AbstractContainerReportHandler.java:updateContainerState(259)) - Container #1 is in OPEN state, but the datanode 44aa5787-a9ca-4d27-a88e-9069c8f4547b(fv-az443-428.ap2fcshprsnunfx25e1aelzb4b.cx.internal.cloudapp.net/10.1.0.20) reports an QUASI_CLOSED replica.
2023-04-22 02:18:46,609 [FixedThreadPoolWithAffinityExecutor-0-0] WARN  container.ContainerReportHandler (AbstractContainerReportHandler.java:updateContainerState(259)) - Container #1 is in OPEN state, but the datanode 44aa5787-a9ca-4d27-a88e-9069c8f4547b(fv-az443-428.ap2fcshprsnunfx25e1aelzb4b.cx.internal.cloudapp.net/10.1.0.20) reports an QUASI_CLOSED replica.
2023-04-22 02:18:46,626 [FixedThreadPoolWithAffinityExecutor-9-0] WARN  container.ContainerReportHandler (AbstractContainerReportHandler.java:updateContainerState(259)) - Container #4 is in OPEN state, but the datanode ffe33985-86ac-4dba-9cf7-e9d9be1914b9(fv-az443-428.ap2fcshprsnunfx25e1aelzb4b.cx.internal.cloudapp.net/10.1.0.20) reports an CLOSED replica.
2023-04-22 02:18:46,734 [FixedThreadPoolWithAffinityExecutor-9-0] WARN  container.ContainerReportHandler (AbstractContainerReportHandler.java:updateContainerState(259)) - Container #1 is in OPEN state, but the datanode 6aaf5ca8-0737-4296-ba95-7f0e9402c55b(fv-az443-428.ap2fcshprsnunfx25e1aelzb4b.cx.internal.cloudapp.net/10.1.0.20) reports an QUASI_CLOSED replica.
2023-04-22 02:18:46,789 [FixedThreadPoolWithAffinityExecutor-0-0] WARN  container.ContainerReportHandler (AbstractContainerReportHandler.java:updateContainerState(259)) - Container #1 is in OPEN state, but the datanode 4fb9f1f7-4e3b-4bcf-a7e7-c7ddcac09d11(fv-az443-428.ap2fcshprsnunfx25e1aelzb4b.cx.internal.cloudapp.net/10.1.0.20) reports an QUASI_CLOSED replica.
2023-04-22 02:18:46,809 [FixedThreadPoolWithAffinityExecutor-0-0] WARN  container.ContainerReportHandler (AbstractContainerReportHandler.java:updateContainerState(259)) - Container #1 is in OPEN state, but the datanode 44aa5787-a9ca-4d27-a88e-9069c8f4547b(fv-az443-428.ap2fcshprsnunfx25e1aelzb4b.cx.internal.cloudapp.net/10.1.0.20) reports an QUASI_CLOSED replica.
2023-04-22 02:18:46,934 [FixedThreadPoolWithAffinityExecutor-9-0] WARN  container.ContainerReportHandler (AbstractContainerReportHandler.java:updateContainerState(259)) - Container #1 is in OPEN state, but the datanode 6aaf5ca8-0737-4296-ba95-7f0e9402c55b(fv-az443-428.ap2fcshprsnunfx25e1aelzb4b.cx.internal.cloudapp.net/10.1.0.20) reports an QUASI_CLOSED replica.
2023-04-22 02:18:47,008 [FixedThreadPoolWithAffinityExecutor-0-0] WARN  container.ContainerReportHandler (AbstractContainerReportHandler.java:updateContainerState(259)) - Container #1 is in OPEN state, but the datanode 44aa5787-a9ca-4d27-a88e-9069c8f4547b(fv-az443-428.ap2fcshprsnunfx25e1aelzb4b.cx.internal.cloudapp.net/10.1.0.20) reports an QUASI_CLOSED replica.
2023-04-22 02:18:47,027 [FixedThreadPoolWithAffinityExecutor-9-0] WARN  container.ContainerReportHandler (AbstractContainerReportHandler.java:updateContainerState(259)) - Container #4 is in OPEN state, but the datanode ffe33985-86ac-4dba-9cf7-e9d9be1914b9(fv-az443-428.ap2fcshprsnunfx25e1aelzb4b.cx.internal.cloudapp.net/10.1.0.20) reports an CLOSED replica.
2023-04-22 02:18:47,190 [FixedThreadPoolWithAffinityExecutor-0-0] WARN  container.ContainerReportHandler (AbstractContainerReportHandler.java:updateContainerState(259)) - Container #1 is in OPEN state, but the datanode 4fb9f1f7-4e3b-4bcf-a7e7-c7ddcac09d11(fv-az443-428.ap2fcshprsnunfx25e1aelzb4b.cx.internal.cloudapp.net/10.1.0.20) reports an QUASI_CLOSED replica.
2023-04-22 02:18:47,227 [FixedThreadPoolWithAffinityExecutor-9-0] WARN  container.ContainerReportHandler (AbstractContainerReportHandler.java:updateContainerState(259)) - Container #4 is in OPEN state, but the datanode ffe33985-86ac-4dba-9cf7-e9d9be1914b9(fv-az443-428.ap2fcshprsnunfx25e1aelzb4b.cx.internal.cloudapp.net/10.1.0.20) reports an CLOSED replica.
2023-04-22 02:18:47,334 [FixedThreadPoolWithAffinityExecutor-9-0] WARN  container.ContainerReportHandler (AbstractContainerReportHandler.java:updateContainerState(259)) - Container #1 is in OPEN state, but the datanode 6aaf5ca8-0737-4296-ba95-7f0e9402c55b(fv-az443-428.ap2fcshprsnunfx25e1aelzb4b.cx.internal.cloudapp.net/10.1.0.20) reports an QUASI_CLOSED replica.
2023-04-22 02:18:47,391 [FixedThreadPoolWithAffinityExecutor-0-0] WARN  container.ContainerReportHandler (AbstractContainerReportHandler.java:updateContainerState(259)) - Container #1 is in OPEN state, but the datanode 4fb9f1f7-4e3b-4bcf-a7e7-c7ddcac09d11(fv-az443-428.ap2fcshprsnunfx25e1aelzb4b.cx.internal.cloudapp.net/10.1.0.20) reports an QUASI_CLOSED replica.
2023-04-22 02:18:47,409 [FixedThreadPoolWithAffinityExecutor-0-0] WARN  container.ContainerReportHandler (AbstractContainerReportHandler.java:updateContainerState(259)) - Container #1 is in OPEN state, but the datanode 44aa5787-a9ca-4d27-a88e-9069c8f4547b(fv-az443-428.ap2fcshprsnunfx25e1aelzb4b.cx.internal.cloudapp.net/10.1.0.20) reports an QUASI_CLOSED replica.
2023-04-22 02:18:47,609 [FixedThreadPoolWithAffinityExecutor-0-0] WARN  container.ContainerReportHandler (AbstractContainerReportHandler.java:updateContainerState(259)) - Container #1 is in OPEN state, but the datanode 44aa5787-a9ca-4d27-a88e-9069c8f4547b(fv-az443-428.ap2fcshprsnunfx25e1aelzb4b.cx.internal.cloudapp.net/10.1.0.20) reports an QUASI_CLOSED replica.
2023-04-22 02:18:47,628 [FixedThreadPoolWithAffinityExecutor-9-0] WARN  container.ContainerReportHandler (AbstractContainerReportHandler.java:updateContainerState(259)) - Container #4 is in OPEN state, but the datanode ffe33985-86ac-4dba-9cf7-e9d9be1914b9(fv-az443-428.ap2fcshprsnunfx25e1aelzb4b.cx.internal.cloudapp.net/10.1.0.20) reports an CLOSED replica.
2023-04-22 02:18:47,734 [FixedThreadPoolWithAffinityExecutor-9-0] WARN  container.ContainerReportHandler (AbstractContainerReportHandler.java:updateContainerState(259)) - Container #1 is in OPEN state, but the datanode 6aaf5ca8-0737-4296-ba95-7f0e9402c55b(fv-az443-428.ap2fcshprsnunfx25e1aelzb4b.cx.internal.cloudapp.net/10.1.0.20) reports an QUASI_CLOSED replica.
2023-04-22 02:18:47,790 [FixedThreadPoolWithAffinityExecutor-0-0] WARN  container.ContainerReportHandler (AbstractContainerReportHandler.java:updateContainerState(259)) - Container #1 is in OPEN state, but the datanode 4fb9f1f7-4e3b-4bcf-a7e7-c7ddcac09d11(fv-az443-428.ap2fcshprsnunfx25e1aelzb4b.cx.internal.cloudapp.net/10.1.0.20) reports an QUASI_CLOSED replica.
2023-04-22 02:18:47,808 [FixedThreadPoolWithAffinityExecutor-0-0] WARN  container.ContainerReportHandler (AbstractContainerReportHandler.java:updateContainerState(259)) - Container #1 is in OPEN state, but the datanode 44aa5787-a9ca-4d27-a88e-9069c8f4547b(fv-az443-428.ap2fcshprsnunfx25e1aelzb4b.cx.internal.cloudapp.net/10.1.0.20) reports an QUASI_CLOSED replica.
2023-04-22 02:18:48,009 [FixedThreadPoolWithAffinityExecutor-0-0] WARN  container.ContainerReportHandler (AbstractContainerReportHandler.java:updateContainerState(259)) - Container #1 is in OPEN state, but the datanode 44aa5787-a9ca-4d27-a88e-9069c8f4547b(fv-az443-428.ap2fcshprsnunfx25e1aelzb4b.cx.internal.cloudapp.net/10.1.0.20) reports an QUASI_CLOSED replica.
2023-04-22 02:18:48,028 [FixedThreadPoolWithAffinityExecutor-9-0] WARN  container.ContainerReportHandler (AbstractContainerReportHandler.java:updateContainerState(259)) - Container #4 is in OPEN state, but the datanode ffe33985-86ac-4dba-9cf7-e9d9be1914b9(fv-az443-428.ap2fcshprsnunfx25e1aelzb4b.cx.internal.cloudapp.net/10.1.0.20) reports an CLOSED replica.
2023-04-22 02:18:48,134 [FixedThreadPoolWithAffinityExecutor-9-0] WARN  container.ContainerReportHandler (AbstractContainerReportHandler.java:updateContainerState(259)) - Container #1 is in OPEN state, but the datanode 6aaf5ca8-0737-4296-ba95-7f0e9402c55b(fv-az443-428.ap2fcshprsnunfx25e1aelzb4b.cx.internal.cloudapp.net/10.1.0.20) reports an QUASI_CLOSED replica.
2023-04-22 02:18:48,191 [FixedThreadPoolWithAffinityExecutor-0-0] WARN  container.ContainerReportHandler (AbstractContainerReportHandler.java:updateContainerState(259)) - Container #1 is in OPEN state, but the datanode 4fb9f1f7-4e3b-4bcf-a7e7-c7ddcac09d11(fv-az443-428.ap2fcshprsnunfx25e1aelzb4b.cx.internal.cloudapp.net/10.1.0.20) reports an QUASI_CLOSED replica.
2023-04-22 02:18:48,228 [FixedThreadPoolWithAffinityExecutor-9-0] WARN  container.ContainerReportHandler (AbstractContainerReportHandler.java:updateContainerState(259)) - Container #4 is in OPEN state, but the datanode ffe33985-86ac-4dba-9cf7-e9d9be1914b9(fv-az443-428.ap2fcshprsnunfx25e1aelzb4b.cx.internal.cloudapp.net/10.1.0.20) reports an CLOSED replica.
2023-04-22 02:18:48,390 [FixedThreadPoolWithAffinityExecutor-0-0] WARN  container.ContainerReportHandler (AbstractContainerReportHandler.java:updateContainerState(259)) - Container #1 is in OPEN state, but the datanode 4fb9f1f7-4e3b-4bcf-a7e7-c7ddcac09d11(fv-az443-428.ap2fcshprsnunfx25e1aelzb4b.cx.internal.cloudapp.net/10.1.0.20) reports an QUASI_CLOSED replica.
2023-04-22 02:18:48,408 [FixedThreadPoolWithAffinityExecutor-0-0] WARN  container.ContainerReportHandler (AbstractContainerReportHandler.java:updateContainerState(259)) - Container #1 is in OPEN state, but the datanode 44aa5787-a9ca-4d27-a88e-9069c8f4547b(fv-az443-428.ap2fcshprsnunfx25e1aelzb4b.cx.internal.cloudapp.net/10.1.0.20) reports an QUASI_CLOSED replica.
2023-04-22 02:18:48,534 [FixedThreadPoolWithAffinityExecutor-9-0] WARN  container.ContainerReportHandler (AbstractContainerReportHandler.java:updateContainerState(259)) - Container #1 is in OPEN state, but the datanode 6aaf5ca8-0737-4296-ba95-7f0e9402c55b(fv-az443-428.ap2fcshprsnunfx25e1aelzb4b.cx.internal.cloudapp.net/10.1.0.20) reports an QUASI_CLOSED replica.
2023-04-22 02:18:48,609 [FixedThreadPoolWithAffinityExecutor-0-0] WARN  container.ContainerReportHandler (AbstractContainerReportHandler.java:updateContainerState(259)) - Container #1 is in OPEN state, but the datanode 44aa5787-a9ca-4d27-a88e-9069c8f4547b(fv-az443-428.ap2fcshprsnunfx25e1aelzb4b.cx.internal.cloudapp.net/10.1.0.20) reports an QUASI_CLOSED replica.
2023-04-22 02:18:48,628 [FixedThreadPoolWithAffinityExecutor-9-0] WARN  container.ContainerReportHandler (AbstractContainerReportHandler.java:updateContainerState(259)) - Container #4 is in OPEN state, but the datanode ffe33985-86ac-4dba-9cf7-e9d9be1914b9(fv-az443-428.ap2fcshprsnunfx25e1aelzb4b.cx.internal.cloudapp.net/10.1.0.20) reports an CLOSED replica.
2023-04-22 02:18:48,735 [FixedThreadPoolWithAffinityExecutor-9-0] WARN  container.ContainerReportHandler (AbstractContainerReportHandler.java:updateContainerState(259)) - Container #1 is in OPEN state, but the datanode 6aaf5ca8-0737-4296-ba95-7f0e9402c55b(fv-az443-428.ap2fcshprsnunfx25e1aelzb4b.cx.internal.cloudapp.net/10.1.0.20) reports an QUASI_CLOSED replica.
2023-04-22 02:18:48,791 [FixedThreadPoolWithAffinityExecutor-0-0] WARN  container.ContainerReportHandler (AbstractContainerReportHandler.java:updateContainerState(259)) - Container #1 is in OPEN state, but the datanode 4fb9f1f7-4e3b-4bcf-a7e7-c7ddcac09d11(fv-az443-428.ap2fcshprsnunfx25e1aelzb4b.cx.internal.cloudapp.net/10.1.0.20) reports an QUASI_CLOSED replica.
2023-04-22 02:18:48,810 [FixedThreadPoolWithAffinityExecutor-0-0] WARN  container.ContainerReportHandler (AbstractContainerReportHandler.java:updateContainerState(259)) - Container #1 is in OPEN state, but the datanode 44aa5787-a9ca-4d27-a88e-9069c8f4547b(fv-az443-428.ap2fcshprsnunfx25e1aelzb4b.cx.internal.cloudapp.net/10.1.0.20) reports an QUASI_CLOSED replica.
2023-04-22 02:18:48,830 [FixedThreadPoolWithAffinityExecutor-9-0] WARN  container.ContainerReportHandler (AbstractContainerReportHandler.java:updateContainerState(259)) - Container #4 is in OPEN state, but the datanode ffe33985-86ac-4dba-9cf7-e9d9be1914b9(fv-az443-428.ap2fcshprsnunfx25e1aelzb4b.cx.internal.cloudapp.net/10.1.0.20) reports an CLOSED replica.
2023-04-22 02:18:49,010 [FixedThreadPoolWithAffinityExecutor-0-0] WARN  container.ContainerReportHandler (AbstractContainerReportHandler.java:updateContainerState(259)) - Container #1 is in OPEN state, but the datanode 44aa5787-a9ca-4d27-a88e-9069c8f4547b(fv-az443-428.ap2fcshprsnunfx25e1aelzb4b.cx.internal.cloudapp.net/10.1.0.20) reports an QUASI_CLOSED replica.
2023-04-22 02:18:49,135 [FixedThreadPoolWithAffinityExecutor-9-0] WARN  container.ContainerReportHandler (AbstractContainerReportHandler.java:updateContainerState(259)) - Container #1 is in OPEN state, but the datanode 6aaf5ca8-0737-4296-ba95-7f0e9402c55b(fv-az443-428.ap2fcshprsnunfx25e1aelzb4b.cx.internal.cloudapp.net/10.1.0.20) reports an QUASI_CLOSED replica.
2023-04-22 02:18:49,190 [FixedThreadPoolWithAffinityExecutor-0-0] WARN  container.ContainerReportHandler (AbstractContainerReportHandler.java:updateContainerState(259)) - Container #1 is in OPEN state, but the datanode 4fb9f1f7-4e3b-4bcf-a7e7-c7ddcac09d11(fv-az443-428.ap2fcshprsnunfx25e1aelzb4b.cx.internal.cloudapp.net/10.1.0.20) reports an QUASI_CLOSED replica.
2023-04-22 02:18:49,209 [FixedThreadPoolWithAffinityExecutor-0-0] WARN  container.ContainerReportHandler (AbstractContainerReportHandler.java:updateContainerState(259)) - Container #1 is in OPEN state, but the datanode 44aa5787-a9ca-4d27-a88e-9069c8f4547b(fv-az443-428.ap2fcshprsnunfx25e1aelzb4b.cx.internal.cloudapp.net/10.1.0.20) reports an QUASI_CLOSED replica.
2023-04-22 02:18:49,228 [FixedThreadPoolWithAffinityExecutor-9-0] WARN  container.ContainerReportHandler (AbstractContainerReportHandler.java:updateContainerState(259)) - Container #4 is in OPEN state, but the datanode ffe33985-86ac-4dba-9cf7-e9d9be1914b9(fv-az443-428.ap2fcshprsnunfx25e1aelzb4b.cx.internal.cloudapp.net/10.1.0.20) reports an CLOSED replica.
2023-04-22 02:18:49,391 [FixedThreadPoolWithAffinityExecutor-0-0] WARN  container.ContainerReportHandler (AbstractContainerReportHandler.java:updateContainerState(259)) - Container #1 is in OPEN state, but the datanode 4fb9f1f7-4e3b-4bcf-a7e7-c7ddcac09d11(fv-az443-428.ap2fcshprsnunfx25e1aelzb4b.cx.internal.cloudapp.net/10.1.0.20) reports an QUASI_CLOSED replica.
2023-04-22 02:18:49,535 [FixedThreadPoolWithAffinityExecutor-9-0] WARN  container.ContainerReportHandler (AbstractContainerReportHandler.java:updateContainerState(259)) - Container #1 is in OPEN state, but the datanode 6aaf5ca8-0737-4296-ba95-7f0e9402c55b(fv-az443-428.ap2fcshprsnunfx25e1aelzb4b.cx.internal.cloudapp.net/10.1.0.20) reports an QUASI_CLOSED replica.
2023-04-22 02:18:49,610 [FixedThreadPoolWithAffinityExecutor-0-0] WARN  container.ContainerReportHandler (AbstractContainerReportHandler.java:updateContainerState(259)) - Container #1 is in OPEN state, but the datanode 44aa5787-a9ca-4d27-a88e-9069c8f4547b(fv-az443-428.ap2fcshprsnunfx25e1aelzb4b.cx.internal.cloudapp.net/10.1.0.20) reports an QUASI_CLOSED replica.
2023-04-22 02:18:49,628 [FixedThreadPoolWithAffinityExecutor-9-0] WARN  container.ContainerReportHandler (AbstractContainerReportHandler.java:updateContainerState(259)) - Container #4 is in OPEN state, but the datanode ffe33985-86ac-4dba-9cf7-e9d9be1914b9(fv-az443-428.ap2fcshprsnunfx25e1aelzb4b.cx.internal.cloudapp.net/10.1.0.20) reports an CLOSED replica.
2023-04-22 02:18:49,792 [FixedThreadPoolWithAffinityExecutor-0-0] WARN  container.ContainerReportHandler (AbstractContainerReportHandler.java:updateContainerState(259)) - Container #1 is in OPEN state, but the datanode 4fb9f1f7-4e3b-4bcf-a7e7-c7ddcac09d11(fv-az443-428.ap2fcshprsnunfx25e1aelzb4b.cx.internal.cloudapp.net/10.1.0.20) reports an QUASI_CLOSED replica.
2023-04-22 02:18:49,810 [FixedThreadPoolWithAffinityExecutor-0-0] WARN  container.ContainerReportHandler (AbstractContainerReportHandler.java:updateContainerState(259)) - Container #1 is in OPEN state, but the datanode 44aa5787-a9ca-4d27-a88e-9069c8f4547b(fv-az443-428.ap2fcshprsnunfx25e1aelzb4b.cx.internal.cloudapp.net/10.1.0.20) reports an QUASI_CLOSED replica.
2023-04-22 02:18:49,829 [FixedThreadPoolWithAffinityExecutor-9-0] WARN  container.ContainerReportHandler (AbstractContainerReportHandler.java:updateContainerState(259)) - Container #4 is in OPEN state, but the datanode ffe33985-86ac-4dba-9cf7-e9d9be1914b9(fv-az443-428.ap2fcshprsnunfx25e1aelzb4b.cx.internal.cloudapp.net/10.1.0.20) reports an CLOSED replica.
2023-04-22 02:18:49,935 [FixedThreadPoolWithAffinityExecutor-9-0] WARN  container.ContainerReportHandler (AbstractContainerReportHandler.java:updateContainerState(259)) - Container #1 is in OPEN state, but the datanode 6aaf5ca8-0737-4296-ba95-7f0e9402c55b(fv-az443-428.ap2fcshprsnunfx25e1aelzb4b.cx.internal.cloudapp.net/10.1.0.20) reports an QUASI_CLOSED replica.
2023-04-22 02:18:49,938 [grpc-default-executor-4] ERROR impl.OrderedAsync (OrderedAsync.java:lambda$send$4(175)) - Failed to send request, message=cmdType: WriteChunk
traceID: ""
containerID: 5
datanodeUuid: "1fa0605c-c70f-40a8-a13c-0f797dcff94f"
writeChunk {
  blockID {
    containerID: 5
    localID: 111677748019200005
    blockCommitSequenceId: 2
    replicaIndex: 0
  }
  chunkData {
    chunkName: "111677748019200005_chunk_2"
    offset: 5
    len: 5
    checksumData {
      type: CRC32
      bytesPerChecksum: 1048576
      checksums: "\350a\3440"
    }
  }
}
, data.size=5
java.util.concurrent.CompletionException: org.apache.ratis.protocol.exceptions.GroupMismatchException: 1fa0605c-c70f-40a8-a13c-0f797dcff94f: group-B7F574D72D8F not found.
	at java.util.concurrent.CompletableFuture.encodeThrowable(CompletableFuture.java:292)
	at java.util.concurrent.CompletableFuture.completeThrowable(CompletableFuture.java:308)
	at java.util.concurrent.CompletableFuture.uniApply(CompletableFuture.java:607)
	at java.util.concurrent.CompletableFuture$UniApply.tryFire(CompletableFuture.java:591)
	at java.util.concurrent.CompletableFuture.postComplete(CompletableFuture.java:488)
	at java.util.concurrent.CompletableFuture.completeExceptionally(CompletableFuture.java:1990)
	at org.apache.ratis.client.impl.OrderedAsync$PendingOrderedRequest.fail(OrderedAsync.java:104)
	at org.apache.ratis.util.SlidingWindow$Client.fail(SlidingWindow.java:392)
	at org.apache.ratis.client.impl.OrderedAsync.failAllAsyncRequests(OrderedAsync.java:148)
	at org.apache.ratis.client.impl.OrderedAsync.lambda$sendRequest$10(OrderedAsync.java:273)
	at java.util.concurrent.CompletableFuture.uniExceptionally(CompletableFuture.java:884)
	at java.util.concurrent.CompletableFuture$UniExceptionally.tryFire(CompletableFuture.java:866)
	at java.util.concurrent.CompletableFuture.postComplete(CompletableFuture.java:488)
	at java.util.concurrent.CompletableFuture.completeExceptionally(CompletableFuture.java:1990)
	at org.apache.ratis.grpc.client.GrpcClientProtocolClient$AsyncStreamObservers.completeReplyExceptionally(GrpcClientProtocolClient.java:394)
	at org.apache.ratis.grpc.client.GrpcClientProtocolClient$AsyncStreamObservers.access$000(GrpcClientProtocolClient.java:300)
	at org.apache.ratis.grpc.client.GrpcClientProtocolClient$AsyncStreamObservers$1.onError(GrpcClientProtocolClient.java:331)
	at org.apache.ratis.thirdparty.io.grpc.stub.ClientCalls$StreamObserverToCallListenerAdapter.onClose(ClientCalls.java:487)
	at org.apache.ratis.thirdparty.io.grpc.PartialForwardingClientCallListener.onClose(PartialForwardingClientCallListener.java:39)
	at org.apache.ratis.thirdparty.io.grpc.ForwardingClientCallListener.onClose(ForwardingClientCallListener.java:23)
	at org.apache.ratis.grpc.metrics.intercept.client.MetricClientCallListener.onClose(MetricClientCallListener.java:47)
	at org.apache.ratis.thirdparty.io.grpc.internal.DelayedClientCall$DelayedListener$3.run(DelayedClientCall.java:468)
	at org.apache.ratis.thirdparty.io.grpc.internal.DelayedClientCall$DelayedListener.delayOrExecute(DelayedClientCall.java:432)
	at org.apache.ratis.thirdparty.io.grpc.internal.DelayedClientCall$DelayedListener.onClose(DelayedClientCall.java:465)
	at org.apache.ratis.thirdparty.io.grpc.internal.ClientCallImpl.closeObserver(ClientCallImpl.java:562)
	at org.apache.ratis.thirdparty.io.grpc.internal.ClientCallImpl.access$300(ClientCallImpl.java:70)
	at org.apache.ratis.thirdparty.io.grpc.internal.ClientCallImpl$ClientStreamListenerImpl$1StreamClosed.runInternal(ClientCallImpl.java:743)
	at org.apache.ratis.thirdparty.io.grpc.internal.ClientCallImpl$ClientStreamListenerImpl$1StreamClosed.runInContext(ClientCallImpl.java:722)
	at org.apache.ratis.thirdparty.io.grpc.internal.ContextRunnable.run(ContextRunnable.java:37)
	at org.apache.ratis.thirdparty.io.grpc.internal.SerializingExecutor.run(SerializingExecutor.java:133)
	at java.util.concurrent.ThreadPoolExecutor.runWorker(ThreadPoolExecutor.java:1149)
	at java.util.concurrent.ThreadPoolExecutor$Worker.run(ThreadPoolExecutor.java:624)
	at java.lang.Thread.run(Thread.java:750)
Caused by: org.apache.ratis.protocol.exceptions.GroupMismatchException: 1fa0605c-c70f-40a8-a13c-0f797dcff94f: group-B7F574D72D8F not found.
	at org.apache.ratis.server.impl.RaftServerProxy$ImplMap.get(RaftServerProxy.java:150)
	at org.apache.ratis.server.impl.RaftServerProxy.getImplFuture(RaftServerProxy.java:351)
	at org.apache.ratis.server.impl.RaftServerProxy.submitClientRequestAsync(RaftServerProxy.java:435)
	at org.apache.ratis.grpc.server.GrpcClientProtocolService$RequestStreamObserver.processClientRequest(GrpcClientProtocolService.java:226)
	at org.apache.ratis.grpc.server.GrpcClientProtocolService$OrderedRequestStreamObserver.processClientRequest(GrpcClientProtocolService.java:332)
	at org.apache.ratis.util.SlidingWindow$Server.processRequestsFromHead(SlidingWindow.java:459)
	at org.apache.ratis.util.SlidingWindow$Server.receivedRequest(SlidingWindow.java:451)
	at org.apache.ratis.grpc.server.GrpcClientProtocolService$OrderedRequestStreamObserver.processClientRequest(GrpcClientProtocolService.java:356)
	at org.apache.ratis.grpc.server.GrpcClientProtocolService$RequestStreamObserver.onNext(GrpcClientProtocolService.java:246)
	at org.apache.ratis.grpc.server.GrpcClientProtocolService$RequestStreamObserver.onNext(GrpcClientProtocolService.java:169)
	at org.apache.ratis.thirdparty.io.grpc.stub.ServerCalls$StreamingServerCallHandler$StreamingServerCallListener.onMessage(ServerCalls.java:262)
	at org.apache.ratis.thirdparty.io.grpc.ForwardingServerCallListener.onMessage(ForwardingServerCallListener.java:33)
	at org.apache.ratis.thirdparty.io.grpc.internal.ServerCallImpl$ServerStreamListenerImpl.messagesAvailableInternal(ServerCallImpl.java:332)
	at org.apache.ratis.thirdparty.io.grpc.internal.ServerCallImpl$ServerStreamListenerImpl.messagesAvailable(ServerCallImpl.java:315)
	at org.apache.ratis.thirdparty.io.grpc.internal.ServerImpl$JumpToApplicationThreadServerStreamListener$1MessagesAvailable.runInContext(ServerImpl.java:834)
	... 5 more
2023-04-22 02:18:49,942 [grpc-default-executor-4] ERROR impl.OrderedAsync (OrderedAsync.java:lambda$send$4(175)) - Failed to send request, message=cmdType: PutBlock
traceID: ""
containerID: 5
datanodeUuid: "1fa0605c-c70f-40a8-a13c-0f797dcff94f"
putBlock {
  blockData {
    blockID {
      containerID: 5
      localID: 111677748019200005
      blockCommitSequenceId: 0
    }
    metadata {
      key: "TYPE"
      value: "KEY"
    }
    chunks {
      chunkName: "111677748019200005_chunk_1"
      offset: 0
      len: 5
      checksumData {
        type: CRC32
        bytesPerChecksum: 1048576
        checksums: "\350a\3440"
      }
    }
    chunks {
      chunkName: "111677748019200005_chunk_2"
      offset: 5
      len: 5
      checksumData {
        type: CRC32
        bytesPerChecksum: 1048576
        checksums: "\350a\3440"
      }
    }
  }
  eof: true
}
, data.size=0
java.util.concurrent.CompletionException: org.apache.ratis.protocol.exceptions.AlreadyClosedException: SlidingWindow$Client:client-43D43B577F73->RAFT is closed.
	at java.util.concurrent.CompletableFuture.encodeThrowable(CompletableFuture.java:292)
	at java.util.concurrent.CompletableFuture.completeThrowable(CompletableFuture.java:308)
	at java.util.concurrent.CompletableFuture.uniApply(CompletableFuture.java:607)
	at java.util.concurrent.CompletableFuture$UniApply.tryFire(CompletableFuture.java:591)
	at java.util.concurrent.CompletableFuture.postComplete(CompletableFuture.java:488)
	at java.util.concurrent.CompletableFuture.completeExceptionally(CompletableFuture.java:1990)
	at org.apache.ratis.client.impl.OrderedAsync$PendingOrderedRequest.fail(OrderedAsync.java:104)
	at org.apache.ratis.util.SlidingWindow$Client.alreadyClosed(SlidingWindow.java:406)
	at org.apache.ratis.util.SlidingWindow$Client.fail(SlidingWindow.java:394)
	at org.apache.ratis.client.impl.OrderedAsync.failAllAsyncRequests(OrderedAsync.java:148)
	at org.apache.ratis.client.impl.OrderedAsync.lambda$sendRequest$10(OrderedAsync.java:273)
	at java.util.concurrent.CompletableFuture.uniExceptionally(CompletableFuture.java:884)
	at java.util.concurrent.CompletableFuture$UniExceptionally.tryFire(CompletableFuture.java:866)
	at java.util.concurrent.CompletableFuture.postComplete(CompletableFuture.java:488)
	at java.util.concurrent.CompletableFuture.completeExceptionally(CompletableFuture.java:1990)
	at org.apache.ratis.grpc.client.GrpcClientProtocolClient$AsyncStreamObservers.completeReplyExceptionally(GrpcClientProtocolClient.java:394)
	at org.apache.ratis.grpc.client.GrpcClientProtocolClient$AsyncStreamObservers.access$000(GrpcClientProtocolClient.java:300)
	at org.apache.ratis.grpc.client.GrpcClientProtocolClient$AsyncStreamObservers$1.onError(GrpcClientProtocolClient.java:331)
	at org.apache.ratis.thirdparty.io.grpc.stub.ClientCalls$StreamObserverToCallListenerAdapter.onClose(ClientCalls.java:487)
	at org.apache.ratis.thirdparty.io.grpc.PartialForwardingClientCallListener.onClose(PartialForwardingClientCallListener.java:39)
	at org.apache.ratis.thirdparty.io.grpc.ForwardingClientCallListener.onClose(ForwardingClientCallListener.java:23)
	at org.apache.ratis.grpc.metrics.intercept.client.MetricClientCallListener.onClose(MetricClientCallListener.java:47)
	at org.apache.ratis.thirdparty.io.grpc.internal.DelayedClientCall$DelayedListener$3.run(DelayedClientCall.java:468)
	at org.apache.ratis.thirdparty.io.grpc.internal.DelayedClientCall$DelayedListener.delayOrExecute(DelayedClientCall.java:432)
	at org.apache.ratis.thirdparty.io.grpc.internal.DelayedClientCall$DelayedListener.onClose(DelayedClientCall.java:465)
	at org.apache.ratis.thirdparty.io.grpc.internal.ClientCallImpl.closeObserver(ClientCallImpl.java:562)
	at org.apache.ratis.thirdparty.io.grpc.internal.ClientCallImpl.access$300(ClientCallImpl.java:70)
	at org.apache.ratis.thirdparty.io.grpc.internal.ClientCallImpl$ClientStreamListenerImpl$1StreamClosed.runInternal(ClientCallImpl.java:743)
	at org.apache.ratis.thirdparty.io.grpc.internal.ClientCallImpl$ClientStreamListenerImpl$1StreamClosed.runInContext(ClientCallImpl.java:722)
	at org.apache.ratis.thirdparty.io.grpc.internal.ContextRunnable.run(ContextRunnable.java:37)
	at org.apache.ratis.thirdparty.io.grpc.internal.SerializingExecutor.run(SerializingExecutor.java:133)
	at java.util.concurrent.ThreadPoolExecutor.runWorker(ThreadPoolExecutor.java:1149)
	at java.util.concurrent.ThreadPoolExecutor$Worker.run(ThreadPoolExecutor.java:624)
	at java.lang.Thread.run(Thread.java:750)
Caused by: org.apache.ratis.protocol.exceptions.AlreadyClosedException: SlidingWindow$Client:client-43D43B577F73->RAFT is closed.
	... 27 more
Caused by: org.apache.ratis.protocol.exceptions.GroupMismatchException: 1fa0605c-c70f-40a8-a13c-0f797dcff94f: group-B7F574D72D8F not found.
	at org.apache.ratis.server.impl.RaftServerProxy$ImplMap.get(RaftServerProxy.java:150)
	at org.apache.ratis.server.impl.RaftServerProxy.getImplFuture(RaftServerProxy.java:351)
	at org.apache.ratis.server.impl.RaftServerProxy.submitClientRequestAsync(RaftServerProxy.java:435)
	at org.apache.ratis.grpc.server.GrpcClientProtocolService$RequestStreamObserver.processClientRequest(GrpcClientProtocolService.java:226)
	at org.apache.ratis.grpc.server.GrpcClientProtocolService$OrderedRequestStreamObserver.processClientRequest(GrpcClientProtocolService.java:332)
	at org.apache.ratis.util.SlidingWindow$Server.processRequestsFromHead(SlidingWindow.java:459)
	at org.apache.ratis.util.SlidingWindow$Server.receivedRequest(SlidingWindow.java:451)
	at org.apache.ratis.grpc.server.GrpcClientProtocolService$OrderedRequestStreamObserver.processClientRequest(GrpcClientProtocolService.java:356)
	at org.apache.ratis.grpc.server.GrpcClientProtocolService$RequestStreamObserver.onNext(GrpcClientProtocolService.java:246)
	at org.apache.ratis.grpc.server.GrpcClientProtocolService$RequestStreamObserver.onNext(GrpcClientProtocolService.java:169)
	at org.apache.ratis.thirdparty.io.grpc.stub.ServerCalls$StreamingServerCallHandler$StreamingServerCallListener.onMessage(ServerCalls.java:262)
	at org.apache.ratis.thirdparty.io.grpc.ForwardingServerCallListener.onMessage(ForwardingServerCallListener.java:33)
	at org.apache.ratis.thirdparty.io.grpc.internal.ServerCallImpl$ServerStreamListenerImpl.messagesAvailableInternal(ServerCallImpl.java:332)
	at org.apache.ratis.thirdparty.io.grpc.internal.ServerCallImpl$ServerStreamListenerImpl.messagesAvailable(ServerCallImpl.java:315)
	at org.apache.ratis.thirdparty.io.grpc.internal.ServerImpl$JumpToApplicationThreadServerStreamListener$1MessagesAvailable.runInContext(ServerImpl.java:834)
	... 5 more
2023-04-22 02:18:49,946 [Listener at 127.0.0.1/41793] WARN  io.KeyOutputStream (KeyOutputStream.java:handleException(317)) - Encountered exception java.io.IOException: Unexpected Storage Container Exception: java.util.concurrent.CompletionException: Failed to write chunk 111677748019200005_chunk_2 into block conID: 5 locID: 111677748019200005 bcsId: 2 on the pipeline Pipeline[ Id: d12363c7-b3ec-4ef1-baed-b7f574d72d8f, Nodes: 1fa0605c-c70f-40a8-a13c-0f797dcff94f(fv-az443-428.ap2fcshprsnunfx25e1aelzb4b.cx.internal.cloudapp.net/10.1.0.20), ReplicationConfig: RATIS/ONE, State:OPEN, leaderId:1fa0605c-c70f-40a8-a13c-0f797dcff94f, CreationTimestamp2023-04-22T02:18:13.549Z[Etc/UTC]]. The last committed block length is 5, uncommitted data length is 5 retry count 0
2023-04-22 02:18:49,992 [FixedThreadPoolWithAffinityExecutor-0-0] WARN  container.ContainerReportHandler (AbstractContainerReportHandler.java:updateContainerState(259)) - Container #1 is in OPEN state, but the datanode 4fb9f1f7-4e3b-4bcf-a7e7-c7ddcac09d11(fv-az443-428.ap2fcshprsnunfx25e1aelzb4b.cx.internal.cloudapp.net/10.1.0.20) reports an QUASI_CLOSED replica.
2023-04-22 02:18:50,013 [FixedThreadPoolWithAffinityExecutor-0-0] WARN  container.ContainerReportHandler (AbstractContainerReportHandler.java:updateContainerState(259)) - Container #1 is in OPEN state, but the datanode 44aa5787-a9ca-4d27-a88e-9069c8f4547b(fv-az443-428.ap2fcshprsnunfx25e1aelzb4b.cx.internal.cloudapp.net/10.1.0.20) reports an QUASI_CLOSED replica.
2023-04-22 02:18:50,027 [Listener at 127.0.0.1/41793] INFO  ozoneimpl.OzoneContainer (OzoneContainer.java:stop(419)) - Attempting to stop container services.
2023-04-22 02:18:50,033 [Listener at 127.0.0.1/41793] INFO  server.RaftServer (RaftServerProxy.java:lambda$close$6(409)) - 1fa0605c-c70f-40a8-a13c-0f797dcff94f: close
2023-04-22 02:18:50,034 [1fa0605c-c70f-40a8-a13c-0f797dcff94f-impl-thread1] INFO  server.RaftServer$Division (RaftServerImpl.java:lambda$close$4(458)) - 1fa0605c-c70f-40a8-a13c-0f797dcff94f@group-E7D3625E2A84: shutdown
2023-04-22 02:18:50,034 [1fa0605c-c70f-40a8-a13c-0f797dcff94f-impl-thread1] INFO  util.JmxRegister (JmxRegister.java:unregister(73)) - Successfully un-registered JMX Bean with object name Ratis:service=RaftServer,group=group-E7D3625E2A84,id=1fa0605c-c70f-40a8-a13c-0f797dcff94f
2023-04-22 02:18:50,034 [1fa0605c-c70f-40a8-a13c-0f797dcff94f-impl-thread1] INFO  impl.RoleInfo (RoleInfo.java:shutdownFollowerState(110)) - 1fa0605c-c70f-40a8-a13c-0f797dcff94f: shutdown 1fa0605c-c70f-40a8-a13c-0f797dcff94f@group-E7D3625E2A84-FollowerState
2023-04-22 02:18:50,034 [1fa0605c-c70f-40a8-a13c-0f797dcff94f-impl-thread1] INFO  impl.StateMachineUpdater (StateMachineUpdater.java:stopAndJoin(153)) - 1fa0605c-c70f-40a8-a13c-0f797dcff94f@group-E7D3625E2A84-StateMachineUpdater: set stopIndex = 0
2023-04-22 02:18:50,034 [1fa0605c-c70f-40a8-a13c-0f797dcff94f@group-E7D3625E2A84-FollowerState] INFO  impl.FollowerState (FollowerState.java:run(152)) - 1fa0605c-c70f-40a8-a13c-0f797dcff94f@group-E7D3625E2A84-FollowerState was interrupted
2023-04-22 02:18:50,034 [1fa0605c-c70f-40a8-a13c-0f797dcff94f-impl-thread1] INFO  server.RaftServer$Division (ServerState.java:close(466)) - 1fa0605c-c70f-40a8-a13c-0f797dcff94f@group-E7D3625E2A84: closes. applyIndex: 0
2023-04-22 02:18:50,035 [Listener at 127.0.0.1/41793] INFO  server.GrpcService (GrpcService.java:closeImpl(271)) - 1fa0605c-c70f-40a8-a13c-0f797dcff94f: shutdown server GrpcServerProtocolService now
2023-04-22 02:18:50,036 [1fa0605c-c70f-40a8-a13c-0f797dcff94f@group-E7D3625E2A84-SegmentedRaftLogWorker] INFO  segmented.SegmentedRaftLogWorker (SegmentedRaftLogWorker.java:run(347)) - 1fa0605c-c70f-40a8-a13c-0f797dcff94f@group-E7D3625E2A84-SegmentedRaftLogWorker was interrupted, exiting. There are 0 tasks remaining in the queue.
2023-04-22 02:18:50,038 [1fa0605c-c70f-40a8-a13c-0f797dcff94f-impl-thread1] INFO  segmented.SegmentedRaftLogWorker (SegmentedRaftLogWorker.java:close(257)) - 1fa0605c-c70f-40a8-a13c-0f797dcff94f@group-E7D3625E2A84-SegmentedRaftLogWorker close()
2023-04-22 02:18:50,044 [grpc-default-executor-4] WARN  server.GrpcServerProtocolService (LogUtils.java:warn(122)) - 1fa0605c-c70f-40a8-a13c-0f797dcff94f: installSnapshot onError, lastRequest: null: org.apache.ratis.thirdparty.io.grpc.StatusRuntimeException: CANCELLED: client cancelled
2023-04-22 02:18:50,045 [Listener at 127.0.0.1/41793] INFO  server.GrpcServerProtocolClient (GrpcServerProtocolClient.java:close(101)) - 1d143142-2b08-4d43-93ad-ad0adf4c04aa Close channels
2023-04-22 02:18:50,048 [grpc-default-executor-2] WARN  server.GrpcLogAppender (LogUtils.java:warn(122)) - b7c32ab9-1d10-40a2-8298-2f54da75b521@group-E7D3625E2A84->1fa0605c-c70f-40a8-a13c-0f797dcff94f-AppendLogResponseHandler: Failed appendEntries: org.apache.ratis.thirdparty.io.grpc.StatusRuntimeException: CANCELLED: RST_STREAM closed stream. HTTP/2 error code: CANCEL
2023-04-22 02:18:50,048 [grpc-default-executor-5] WARN  server.GrpcServerProtocolService (LogUtils.java:warn(122)) - 1fa0605c-c70f-40a8-a13c-0f797dcff94f: installSnapshot onError, lastRequest: null: org.apache.ratis.thirdparty.io.grpc.StatusRuntimeException: CANCELLED: client cancelled
2023-04-22 02:18:50,048 [grpc-default-executor-2] WARN  server.GrpcLogAppender (GrpcLogAppender.java:resetClient(131)) - b7c32ab9-1d10-40a2-8298-2f54da75b521@group-E7D3625E2A84->1fa0605c-c70f-40a8-a13c-0f797dcff94f-GrpcLogAppender: Leader has not got in touch with Follower b7c32ab9-1d10-40a2-8298-2f54da75b521@group-E7D3625E2A84->1fa0605c-c70f-40a8-a13c-0f797dcff94f(c0,m0,n1, attendVote=true, lastRpcSendTime=258, lastRpcResponseTime=256) yet, just keep nextIndex unchanged and retry.
2023-04-22 02:18:50,048 [grpc-default-executor-2] WARN  server.GrpcServerProtocolService (LogUtils.java:warn(122)) - 1fa0605c-c70f-40a8-a13c-0f797dcff94f: installSnapshot onError, lastRequest: null: org.apache.ratis.thirdparty.io.grpc.StatusRuntimeException: CANCELLED: client cancelled
2023-04-22 02:18:50,048 [grpc-default-executor-5] WARN  server.GrpcServerProtocolService (LogUtils.java:warn(122)) - 1fa0605c-c70f-40a8-a13c-0f797dcff94f: installSnapshot onError, lastRequest: null: org.apache.ratis.thirdparty.io.grpc.StatusRuntimeException: CANCELLED: client cancelled
2023-04-22 02:18:50,048 [grpc-default-executor-5] WARN  server.GrpcLogAppender (LogUtils.java:warn(122)) - b7c32ab9-1d10-40a2-8298-2f54da75b521@group-E7D3625E2A84->1fa0605c-c70f-40a8-a13c-0f797dcff94f-AppendLogResponseHandler: Failed appendEntries: org.apache.ratis.thirdparty.io.grpc.StatusRuntimeException: CANCELLED: RST_STREAM closed stream. HTTP/2 error code: CANCEL
2023-04-22 02:18:50,048 [grpc-default-executor-5] WARN  server.GrpcLogAppender (GrpcLogAppender.java:resetClient(131)) - b7c32ab9-1d10-40a2-8298-2f54da75b521@group-E7D3625E2A84->1fa0605c-c70f-40a8-a13c-0f797dcff94f-GrpcLogAppender: Leader has not got in touch with Follower b7c32ab9-1d10-40a2-8298-2f54da75b521@group-E7D3625E2A84->1fa0605c-c70f-40a8-a13c-0f797dcff94f(c0,m0,n1, attendVote=true, lastRpcSendTime=259, lastRpcResponseTime=257) yet, just keep nextIndex unchanged and retry.
2023-04-22 02:18:50,050 [grpc-default-executor-4] WARN  server.GrpcServerProtocolService (LogUtils.java:warn(122)) - 1fa0605c-c70f-40a8-a13c-0f797dcff94f: installSnapshot onError, lastRequest: b7c32ab9-1d10-40a2-8298-2f54da75b521->1fa0605c-c70f-40a8-a13c-0f797dcff94f#1-t1,previous=(t:0, i:0),leaderCommit=0,initializing? true,entries: size=1, first=(t:1, i:0), CONFIGURATIONENTRY(current:id: "1d143142-2b08-4d43-93ad-ad0adf4c04aa"
address: "10.1.0.20:35317"
dataStreamAddress: "10.1.0.20:37137"
clientAddress: "10.1.0.20:35317"
adminAddress: "10.1.0.20:35317"
startupRole: FOLLOWER
,id: "1fa0605c-c70f-40a8-a13c-0f797dcff94f"
address: "10.1.0.20:37453"
dataStreamAddress: "10.1.0.20:37951"
clientAddress: "10.1.0.20:37453"
adminAddress: "10.1.0.20:37453"
startupRole: FOLLOWER
,id: "b7c32ab9-1d10-40a2-8298-2f54da75b521"
address: "10.1.0.20:39931"
priority: 1
dataStreamAddress: "10.1.0.20:33643"
clientAddress: "10.1.0.20:39931"
adminAddress: "10.1.0.20:39931"
startupRole: FOLLOWER
, old:): org.apache.ratis.thirdparty.io.grpc.StatusRuntimeException: CANCELLED: client cancelled
2023-04-22 02:18:50,051 [grpc-default-executor-5] INFO  server.GrpcLogAppender (GrpcLogAppender.java:onError(404)) - 1d143142-2b08-4d43-93ad-ad0adf4c04aa@group-98770BDE7CB1->1fa0605c-c70f-40a8-a13c-0f797dcff94f-GrpcLogAppender is already stopped
2023-04-22 02:18:50,051 [grpc-default-executor-5] INFO  server.GrpcLogAppender (GrpcLogAppender.java:onError(404)) - 1d143142-2b08-4d43-93ad-ad0adf4c04aa@group-98770BDE7CB1->1fa0605c-c70f-40a8-a13c-0f797dcff94f-GrpcLogAppender is already stopped
2023-04-22 02:18:50,053 [grpc-default-executor-4] INFO  server.GrpcLogAppender (GrpcLogAppender.java:onError(404)) - 1d143142-2b08-4d43-93ad-ad0adf4c04aa@group-98770BDE7CB1->1fa0605c-c70f-40a8-a13c-0f797dcff94f-GrpcLogAppender is already stopped
2023-04-22 02:18:50,053 [Listener at 127.0.0.1/41793] INFO  server.GrpcServerProtocolClient (GrpcServerProtocolClient.java:close(101)) - b7c32ab9-1d10-40a2-8298-2f54da75b521 Close channels
2023-04-22 02:18:50,059 [Listener at 127.0.0.1/41793] INFO  server.GrpcService (GrpcService.java:closeImpl(280)) - 1fa0605c-c70f-40a8-a13c-0f797dcff94f: shutdown server GrpcServerProtocolService successfully
2023-04-22 02:18:50,059 [1fa0605c-c70f-40a8-a13c-0f797dcff94f-NettyServerStreamRpc-bossGroup--thread1] INFO  logging.LoggingHandler (AbstractInternalLogger.java:log(148)) - [id: 0x1a17205b, L:/0:0:0:0:0:0:0:0:37951] CLOSE
2023-04-22 02:18:50,060 [1fa0605c-c70f-40a8-a13c-0f797dcff94f-NettyServerStreamRpc-bossGroup--thread1] INFO  logging.LoggingHandler (AbstractInternalLogger.java:log(148)) - [id: 0x1a17205b, L:/0:0:0:0:0:0:0:0:37951] INACTIVE
2023-04-22 02:18:50,060 [1fa0605c-c70f-40a8-a13c-0f797dcff94f-NettyServerStreamRpc-bossGroup--thread1] INFO  logging.LoggingHandler (AbstractInternalLogger.java:log(148)) - [id: 0x1a17205b, L:/0:0:0:0:0:0:0:0:37951] UNREGISTERED
2023-04-22 02:18:50,088 [JvmPauseMonitor4] INFO  util.JvmPauseMonitor (JvmPauseMonitor.java:run(111)) - JvmPauseMonitor-1fa0605c-c70f-40a8-a13c-0f797dcff94f: Stopped
2023-04-22 02:18:50,213 [FixedThreadPoolWithAffinityExecutor-0-0] WARN  container.ContainerReportHandler (AbstractContainerReportHandler.java:updateContainerState(259)) - Container #1 is in OPEN state, but the datanode 44aa5787-a9ca-4d27-a88e-9069c8f4547b(fv-az443-428.ap2fcshprsnunfx25e1aelzb4b.cx.internal.cloudapp.net/10.1.0.20) reports an QUASI_CLOSED replica.
2023-04-22 02:18:50,228 [FixedThreadPoolWithAffinityExecutor-9-0] WARN  container.ContainerReportHandler (AbstractContainerReportHandler.java:updateContainerState(259)) - Container #4 is in OPEN state, but the datanode ffe33985-86ac-4dba-9cf7-e9d9be1914b9(fv-az443-428.ap2fcshprsnunfx25e1aelzb4b.cx.internal.cloudapp.net/10.1.0.20) reports an CLOSED replica.
2023-04-22 02:18:50,337 [FixedThreadPoolWithAffinityExecutor-9-0] WARN  container.ContainerReportHandler (AbstractContainerReportHandler.java:updateContainerState(259)) - Container #1 is in OPEN state, but the datanode 6aaf5ca8-0737-4296-ba95-7f0e9402c55b(fv-az443-428.ap2fcshprsnunfx25e1aelzb4b.cx.internal.cloudapp.net/10.1.0.20) reports an QUASI_CLOSED replica.
2023-04-22 02:18:50,392 [FixedThreadPoolWithAffinityExecutor-0-0] WARN  container.ContainerReportHandler (AbstractContainerReportHandler.java:updateContainerState(259)) - Container #1 is in OPEN state, but the datanode 4fb9f1f7-4e3b-4bcf-a7e7-c7ddcac09d11(fv-az443-428.ap2fcshprsnunfx25e1aelzb4b.cx.internal.cloudapp.net/10.1.0.20) reports an QUASI_CLOSED replica.
2023-04-22 02:18:50,612 [FixedThreadPoolWithAffinityExecutor-0-0] WARN  container.ContainerReportHandler (AbstractContainerReportHandler.java:updateContainerState(259)) - Container #1 is in OPEN state, but the datanode 44aa5787-a9ca-4d27-a88e-9069c8f4547b(fv-az443-428.ap2fcshprsnunfx25e1aelzb4b.cx.internal.cloudapp.net/10.1.0.20) reports an QUASI_CLOSED replica.
2023-04-22 02:18:50,631 [FixedThreadPoolWithAffinityExecutor-9-0] WARN  container.ContainerReportHandler (AbstractContainerReportHandler.java:updateContainerState(259)) - Container #4 is in OPEN state, but the datanode ffe33985-86ac-4dba-9cf7-e9d9be1914b9(fv-az443-428.ap2fcshprsnunfx25e1aelzb4b.cx.internal.cloudapp.net/10.1.0.20) reports an CLOSED replica.
2023-04-22 02:18:50,738 [FixedThreadPoolWithAffinityExecutor-9-0] WARN  container.ContainerReportHandler (AbstractContainerReportHandler.java:updateContainerState(259)) - Container #1 is in OPEN state, but the datanode 6aaf5ca8-0737-4296-ba95-7f0e9402c55b(fv-az443-428.ap2fcshprsnunfx25e1aelzb4b.cx.internal.cloudapp.net/10.1.0.20) reports an QUASI_CLOSED replica.
2023-04-22 02:18:50,792 [FixedThreadPoolWithAffinityExecutor-0-0] WARN  container.ContainerReportHandler (AbstractContainerReportHandler.java:updateContainerState(259)) - Container #1 is in OPEN state, but the datanode 4fb9f1f7-4e3b-4bcf-a7e7-c7ddcac09d11(fv-az443-428.ap2fcshprsnunfx25e1aelzb4b.cx.internal.cloudapp.net/10.1.0.20) reports an QUASI_CLOSED replica.
2023-04-22 02:18:50,813 [FixedThreadPoolWithAffinityExecutor-0-0] WARN  container.ContainerReportHandler (AbstractContainerReportHandler.java:updateContainerState(259)) - Container #1 is in OPEN state, but the datanode 44aa5787-a9ca-4d27-a88e-9069c8f4547b(fv-az443-428.ap2fcshprsnunfx25e1aelzb4b.cx.internal.cloudapp.net/10.1.0.20) reports an QUASI_CLOSED replica.
2023-04-22 02:18:50,831 [FixedThreadPoolWithAffinityExecutor-9-0] WARN  container.ContainerReportHandler (AbstractContainerReportHandler.java:updateContainerState(259)) - Container #4 is in OPEN state, but the datanode ffe33985-86ac-4dba-9cf7-e9d9be1914b9(fv-az443-428.ap2fcshprsnunfx25e1aelzb4b.cx.internal.cloudapp.net/10.1.0.20) reports an CLOSED replica.
2023-04-22 02:18:50,939 [FixedThreadPoolWithAffinityExecutor-9-0] WARN  container.ContainerReportHandler (AbstractContainerReportHandler.java:updateContainerState(259)) - Container #1 is in OPEN state, but the datanode 6aaf5ca8-0737-4296-ba95-7f0e9402c55b(fv-az443-428.ap2fcshprsnunfx25e1aelzb4b.cx.internal.cloudapp.net/10.1.0.20) reports an QUASI_CLOSED replica.
2023-04-22 02:18:50,992 [FixedThreadPoolWithAffinityExecutor-0-0] WARN  container.ContainerReportHandler (AbstractContainerReportHandler.java:updateContainerState(259)) - Container #1 is in OPEN state, but the datanode 4fb9f1f7-4e3b-4bcf-a7e7-c7ddcac09d11(fv-az443-428.ap2fcshprsnunfx25e1aelzb4b.cx.internal.cloudapp.net/10.1.0.20) reports an QUASI_CLOSED replica.
2023-04-22 02:18:51,012 [FixedThreadPoolWithAffinityExecutor-0-0] WARN  container.ContainerReportHandler (AbstractContainerReportHandler.java:updateContainerState(259)) - Container #1 is in OPEN state, but the datanode 44aa5787-a9ca-4d27-a88e-9069c8f4547b(fv-az443-428.ap2fcshprsnunfx25e1aelzb4b.cx.internal.cloudapp.net/10.1.0.20) reports an QUASI_CLOSED replica.
2023-04-22 02:18:51,213 [FixedThreadPoolWithAffinityExecutor-0-0] WARN  container.ContainerReportHandler (AbstractContainerReportHandler.java:updateContainerState(259)) - Container #1 is in OPEN state, but the datanode 44aa5787-a9ca-4d27-a88e-9069c8f4547b(fv-az443-428.ap2fcshprsnunfx25e1aelzb4b.cx.internal.cloudapp.net/10.1.0.20) reports an QUASI_CLOSED replica.
2023-04-22 02:18:51,231 [FixedThreadPoolWithAffinityExecutor-9-0] WARN  container.ContainerReportHandler (AbstractContainerReportHandler.java:updateContainerState(259)) - Container #4 is in OPEN state, but the datanode ffe33985-86ac-4dba-9cf7-e9d9be1914b9(fv-az443-428.ap2fcshprsnunfx25e1aelzb4b.cx.internal.cloudapp.net/10.1.0.20) reports an CLOSED replica.
2023-04-22 02:18:51,338 [FixedThreadPoolWithAffinityExecutor-9-0] WARN  container.ContainerReportHandler (AbstractContainerReportHandler.java:updateContainerState(259)) - Container #1 is in OPEN state, but the datanode 6aaf5ca8-0737-4296-ba95-7f0e9402c55b(fv-az443-428.ap2fcshprsnunfx25e1aelzb4b.cx.internal.cloudapp.net/10.1.0.20) reports an QUASI_CLOSED replica.
2023-04-22 02:18:51,392 [FixedThreadPoolWithAffinityExecutor-0-0] WARN  container.ContainerReportHandler (AbstractContainerReportHandler.java:updateContainerState(259)) - Container #1 is in OPEN state, but the datanode 4fb9f1f7-4e3b-4bcf-a7e7-c7ddcac09d11(fv-az443-428.ap2fcshprsnunfx25e1aelzb4b.cx.internal.cloudapp.net/10.1.0.20) reports an QUASI_CLOSED replica.
2023-04-22 02:18:51,430 [FixedThreadPoolWithAffinityExecutor-9-0] WARN  container.ContainerReportHandler (AbstractContainerReportHandler.java:updateContainerState(259)) - Container #4 is in OPEN state, but the datanode ffe33985-86ac-4dba-9cf7-e9d9be1914b9(fv-az443-428.ap2fcshprsnunfx25e1aelzb4b.cx.internal.cloudapp.net/10.1.0.20) reports an CLOSED replica.
2023-04-22 02:18:51,614 [FixedThreadPoolWithAffinityExecutor-0-0] WARN  container.ContainerReportHandler (AbstractContainerReportHandler.java:updateContainerState(259)) - Container #1 is in OPEN state, but the datanode 44aa5787-a9ca-4d27-a88e-9069c8f4547b(fv-az443-428.ap2fcshprsnunfx25e1aelzb4b.cx.internal.cloudapp.net/10.1.0.20) reports an QUASI_CLOSED replica.
2023-04-22 02:18:51,737 [FixedThreadPoolWithAffinityExecutor-9-0] WARN  container.ContainerReportHandler (AbstractContainerReportHandler.java:updateContainerState(259)) - Container #1 is in OPEN state, but the datanode 6aaf5ca8-0737-4296-ba95-7f0e9402c55b(fv-az443-428.ap2fcshprsnunfx25e1aelzb4b.cx.internal.cloudapp.net/10.1.0.20) reports an QUASI_CLOSED replica.
2023-04-22 02:18:51,792 [FixedThreadPoolWithAffinityExecutor-0-0] WARN  container.ContainerReportHandler (AbstractContainerReportHandler.java:updateContainerState(259)) - Container #1 is in OPEN state, but the datanode 4fb9f1f7-4e3b-4bcf-a7e7-c7ddcac09d11(fv-az443-428.ap2fcshprsnunfx25e1aelzb4b.cx.internal.cloudapp.net/10.1.0.20) reports an QUASI_CLOSED replica.
2023-04-22 02:18:51,814 [FixedThreadPoolWithAffinityExecutor-0-0] WARN  container.ContainerReportHandler (AbstractContainerReportHandler.java:updateContainerState(259)) - Container #1 is in OPEN state, but the datanode 44aa5787-a9ca-4d27-a88e-9069c8f4547b(fv-az443-428.ap2fcshprsnunfx25e1aelzb4b.cx.internal.cloudapp.net/10.1.0.20) reports an QUASI_CLOSED replica.
2023-04-22 02:18:51,831 [FixedThreadPoolWithAffinityExecutor-9-0] WARN  container.ContainerReportHandler (AbstractContainerReportHandler.java:updateContainerState(259)) - Container #4 is in OPEN state, but the datanode ffe33985-86ac-4dba-9cf7-e9d9be1914b9(fv-az443-428.ap2fcshprsnunfx25e1aelzb4b.cx.internal.cloudapp.net/10.1.0.20) reports an CLOSED replica.
2023-04-22 02:18:51,992 [FixedThreadPoolWithAffinityExecutor-0-0] WARN  container.ContainerReportHandler (AbstractContainerReportHandler.java:updateContainerState(259)) - Container #1 is in OPEN state, but the datanode 4fb9f1f7-4e3b-4bcf-a7e7-c7ddcac09d11(fv-az443-428.ap2fcshprsnunfx25e1aelzb4b.cx.internal.cloudapp.net/10.1.0.20) reports an QUASI_CLOSED replica.
2023-04-22 02:18:52,014 [FixedThreadPoolWithAffinityExecutor-0-0] WARN  container.ContainerReportHandler (AbstractContainerReportHandler.java:updateContainerState(259)) - Container #1 is in OPEN state, but the datanode 44aa5787-a9ca-4d27-a88e-9069c8f4547b(fv-az443-428.ap2fcshprsnunfx25e1aelzb4b.cx.internal.cloudapp.net/10.1.0.20) reports an QUASI_CLOSED replica.
2023-04-22 02:18:52,140 [FixedThreadPoolWithAffinityExecutor-9-0] WARN  container.ContainerReportHandler (AbstractContainerReportHandler.java:updateContainerState(259)) - Container #1 is in OPEN state, but the datanode 6aaf5ca8-0737-4296-ba95-7f0e9402c55b(fv-az443-428.ap2fcshprsnunfx25e1aelzb4b.cx.internal.cloudapp.net/10.1.0.20) reports an QUASI_CLOSED replica.
2023-04-22 02:18:52,181 [Listener at 127.0.0.1/41793] INFO  volume.HddsVolume (HddsVolume.java:closeDbStore(437)) - SchemaV3 db is stopped at /home/runner/work/ozone/ozone/hadoop-ozone/integration-test/target/test-dir/MiniOzoneClusterImpl-b640deff-6994-498f-92ea-4ac5c972f0d8/datanode-3/data-0/containers/hdds/b640deff-6994-498f-92ea-4ac5c972f0d8/DS-ae58970a-131e-454a-9844-74d7a5f8ba6e/container.db for volume DS-ae58970a-131e-454a-9844-74d7a5f8ba6e
2023-04-22 02:18:52,181 [Listener at 127.0.0.1/41793] INFO  utils.BackgroundService (BackgroundService.java:shutdown(141)) - Shutting down service BlockDeletingService
2023-04-22 02:18:52,183 [Listener at 127.0.0.1/41793] INFO  utils.BackgroundService (BackgroundService.java:shutdown(141)) - Shutting down service StaleRecoveringContainerScrubbingService
2023-04-22 02:18:52,186 [Listener at 127.0.0.1/41793] INFO  statemachine.DatanodeStateMachine (DatanodeStateMachine.java:stopDaemon(601)) - Ozone container server stopped.
2023-04-22 02:18:52,200 [Listener at 127.0.0.1/41793] INFO  handler.ContextHandler (ContextHandler.java:doStop(1159)) - Stopped o.e.j.w.WebAppContext@320075ea{hddsDatanode,/,null,STOPPED}{jar:file:/home/runner/.m2/repository/org/apache/ozone/hdds-container-service/1.4.0-SNAPSHOT/hdds-container-service-1.4.0-SNAPSHOT.jar!/webapps/hddsDatanode}
2023-04-22 02:18:52,243 [Listener at 127.0.0.1/41793] INFO  server.AbstractConnector (AbstractConnector.java:doStop(383)) - Stopped ServerConnector@17c2d06{HTTP/1.1, (http/1.1)}{0.0.0.0:0}
2023-04-22 02:18:52,243 [Listener at 127.0.0.1/41793] INFO  server.session (HouseKeeper.java:stopScavenging(149)) - node0 Stopped scavenging
2023-04-22 02:18:52,243 [Listener at 127.0.0.1/41793] INFO  handler.ContextHandler (ContextHandler.java:doStop(1159)) - Stopped o.e.j.s.ServletContextHandler@1b4cc473{static,/static,jar:file:/home/runner/.m2/repository/org/apache/ozone/hdds-container-service/1.4.0-SNAPSHOT/hdds-container-service-1.4.0-SNAPSHOT.jar!/webapps/static,STOPPED}
2023-04-22 02:18:52,244 [Listener at 127.0.0.1/41793] INFO  handler.ContextHandler (ContextHandler.java:doStop(1159)) - Stopped o.e.j.s.ServletContextHandler@64252544{logs,/logs,file:///home/runner/work/ozone/ozone/hadoop-ozone/integration-test/target/log,STOPPED}
2023-04-22 02:18:52,244 [FixedThreadPoolWithAffinityExecutor-9-0] WARN  container.ContainerReportHandler (AbstractContainerReportHandler.java:updateContainerState(259)) - Container #4 is in OPEN state, but the datanode ffe33985-86ac-4dba-9cf7-e9d9be1914b9(fv-az443-428.ap2fcshprsnunfx25e1aelzb4b.cx.internal.cloudapp.net/10.1.0.20) reports an CLOSED replica.
2023-04-22 02:18:52,244 [FixedThreadPoolWithAffinityExecutor-0-0] WARN  container.ContainerReportHandler (AbstractContainerReportHandler.java:updateContainerState(259)) - Container #1 is in OPEN state, but the datanode 44aa5787-a9ca-4d27-a88e-9069c8f4547b(fv-az443-428.ap2fcshprsnunfx25e1aelzb4b.cx.internal.cloudapp.net/10.1.0.20) reports an QUASI_CLOSED replica.
2023-04-22 02:18:52,251 [Listener at 127.0.0.1/41793] INFO  impl.MetricsSystemImpl (MetricsSystemImpl.java:init(158)) - HddsDatanode metrics system started (again)
2023-04-22 02:18:52,301 [Listener at 127.0.0.1/41793] INFO  ozone.HddsDatanodeService (HddsDatanodeService.java:start(252)) - HddsDatanodeService host:fv-az443-428.ap2fcshprsnunfx25e1aelzb4b.cx.internal.cloudapp.net ip:10.1.0.20
2023-04-22 02:18:52,302 [grpc-default-executor-5] WARN  server.GrpcLogAppender (LogUtils.java:warn(122)) - b7c32ab9-1d10-40a2-8298-2f54da75b521@group-E7D3625E2A84->1fa0605c-c70f-40a8-a13c-0f797dcff94f-AppendLogResponseHandler: Failed appendEntries: org.apache.ratis.thirdparty.io.grpc.StatusRuntimeException: UNAVAILABLE: io exception
2023-04-22 02:18:52,308 [grpc-default-executor-4] WARN  server.GrpcLogAppender (LogUtils.java:warn(122)) - b7c32ab9-1d10-40a2-8298-2f54da75b521@group-E7D3625E2A84->1fa0605c-c70f-40a8-a13c-0f797dcff94f-AppendLogResponseHandler: Failed appendEntries: org.apache.ratis.thirdparty.io.grpc.StatusRuntimeException: UNAVAILABLE: io exception
2023-04-22 02:18:52,308 [grpc-default-executor-5] WARN  server.GrpcLogAppender (GrpcLogAppender.java:resetClient(131)) - b7c32ab9-1d10-40a2-8298-2f54da75b521@group-E7D3625E2A84->1fa0605c-c70f-40a8-a13c-0f797dcff94f-GrpcLogAppender: Leader has not got in touch with Follower b7c32ab9-1d10-40a2-8298-2f54da75b521@group-E7D3625E2A84->1fa0605c-c70f-40a8-a13c-0f797dcff94f(c0,m0,n1, attendVote=true, lastRpcSendTime=2519, lastRpcResponseTime=2517) yet, just keep nextIndex unchanged and retry.
2023-04-22 02:18:52,310 [grpc-default-executor-4] WARN  server.GrpcLogAppender (GrpcLogAppender.java:resetClient(131)) - b7c32ab9-1d10-40a2-8298-2f54da75b521@group-E7D3625E2A84->1fa0605c-c70f-40a8-a13c-0f797dcff94f-GrpcLogAppender: Leader has not got in touch with Follower b7c32ab9-1d10-40a2-8298-2f54da75b521@group-E7D3625E2A84->1fa0605c-c70f-40a8-a13c-0f797dcff94f(c0,m0,n1, attendVote=true, lastRpcSendTime=2520, lastRpcResponseTime=2518) yet, just keep nextIndex unchanged and retry.
2023-04-22 02:18:52,311 [grpc-default-executor-4] WARN  server.GrpcLogAppender (LogUtils.java:warn(122)) - b7c32ab9-1d10-40a2-8298-2f54da75b521@group-E7D3625E2A84->1fa0605c-c70f-40a8-a13c-0f797dcff94f-AppendLogResponseHandler: Failed appendEntries: org.apache.ratis.thirdparty.io.grpc.StatusRuntimeException: UNAVAILABLE: io exception
2023-04-22 02:18:52,311 [grpc-default-executor-4] WARN  server.GrpcLogAppender (GrpcLogAppender.java:resetClient(131)) - b7c32ab9-1d10-40a2-8298-2f54da75b521@group-E7D3625E2A84->1fa0605c-c70f-40a8-a13c-0f797dcff94f-GrpcLogAppender: Leader has not got in touch with Follower b7c32ab9-1d10-40a2-8298-2f54da75b521@group-E7D3625E2A84->1fa0605c-c70f-40a8-a13c-0f797dcff94f(c0,m0,n1, attendVote=true, lastRpcSendTime=2521, lastRpcResponseTime=2520) yet, just keep nextIndex unchanged and retry.
2023-04-22 02:18:52,312 [grpc-default-executor-5] WARN  server.GrpcLogAppender (LogUtils.java:warn(122)) - b7c32ab9-1d10-40a2-8298-2f54da75b521@group-E7D3625E2A84->1fa0605c-c70f-40a8-a13c-0f797dcff94f-AppendLogResponseHandler: Failed appendEntries: org.apache.ratis.thirdparty.io.grpc.StatusRuntimeException: UNAVAILABLE: io exception
2023-04-22 02:18:52,312 [grpc-default-executor-5] WARN  server.GrpcLogAppender (GrpcLogAppender.java:resetClient(131)) - b7c32ab9-1d10-40a2-8298-2f54da75b521@group-E7D3625E2A84->1fa0605c-c70f-40a8-a13c-0f797dcff94f-GrpcLogAppender: Leader has not got in touch with Follower b7c32ab9-1d10-40a2-8298-2f54da75b521@group-E7D3625E2A84->1fa0605c-c70f-40a8-a13c-0f797dcff94f(c0,m0,n1, attendVote=true, lastRpcSendTime=2522, lastRpcResponseTime=2521) yet, just keep nextIndex unchanged and retry.
2023-04-22 02:18:52,335 [Listener at 127.0.0.1/41793] INFO  upgrade.AbstractLayoutVersionManager (AbstractLayoutVersionManager.java:init(83)) - Initializing Layout version manager with metadata layout = WEBUI_PORTS_IN_DATANODEDETAILS (version = 6), software layout = WEBUI_PORTS_IN_DATANODEDETAILS (version = 6)
2023-04-22 02:18:52,391 [FixedThreadPoolWithAffinityExecutor-0-0] WARN  container.ContainerReportHandler (AbstractContainerReportHandler.java:updateContainerState(259)) - Container #1 is in OPEN state, but the datanode 4fb9f1f7-4e3b-4bcf-a7e7-c7ddcac09d11(fv-az443-428.ap2fcshprsnunfx25e1aelzb4b.cx.internal.cloudapp.net/10.1.0.20) reports an QUASI_CLOSED replica.
2023-04-22 02:18:52,410 [Listener at 127.0.0.1/41793] INFO  reflections.Reflections (Reflections.java:scan(232)) - Reflections took 74 ms to scan 7 urls, producing 156 keys and 369 values 
2023-04-22 02:18:52,412 [Listener at 127.0.0.1/41793] INFO  statemachine.DatanodeStateMachine (DatanodeStateMachine.java:getEndPointTaskThreadPoolSize(260)) - Datanode State Machine Task Thread Pool size 2
2023-04-22 02:18:52,414 [Listener at 127.0.0.1/41793] INFO  volume.HddsVolume (HddsVolume.java:<init>(130)) - Creating HddsVolume: /home/runner/work/ozone/ozone/hadoop-ozone/integration-test/target/test-dir/MiniOzoneClusterImpl-b640deff-6994-498f-92ea-4ac5c972f0d8/datanode-3/data-0/containers/hdds of storage type : DISK capacity : 9223372036854775807
2023-04-22 02:18:52,414 [Listener at 127.0.0.1/41793] INFO  volume.MutableVolumeSet (MutableVolumeSet.java:initializeVolumeSet(175)) - Added Volume : /home/runner/work/ozone/ozone/hadoop-ozone/integration-test/target/test-dir/MiniOzoneClusterImpl-b640deff-6994-498f-92ea-4ac5c972f0d8/datanode-3/data-0/containers/hdds to VolumeSet
2023-04-22 02:18:52,414 [Listener at 127.0.0.1/41793] INFO  volume.ThrottledAsyncChecker (ThrottledAsyncChecker.java:schedule(141)) - Scheduling a check for /home/runner/work/ozone/ozone/hadoop-ozone/integration-test/target/test-dir/MiniOzoneClusterImpl-b640deff-6994-498f-92ea-4ac5c972f0d8/datanode-3/data-0/containers/hdds
2023-04-22 02:18:52,419 [Listener at 127.0.0.1/41793] INFO  volume.StorageVolumeChecker (StorageVolumeChecker.java:checkAllVolumes(202)) - Scheduled health check for volume /home/runner/work/ozone/ozone/hadoop-ozone/integration-test/target/test-dir/MiniOzoneClusterImpl-b640deff-6994-498f-92ea-4ac5c972f0d8/datanode-3/data-0/containers/hdds
2023-04-22 02:18:52,434 [Listener at 127.0.0.1/41793] INFO  volume.MutableVolumeSet (MutableVolumeSet.java:initializeVolumeSet(175)) - Added Volume : /home/runner/work/ozone/ozone/hadoop-ozone/integration-test/target/test-dir/MiniOzoneClusterImpl-b640deff-6994-498f-92ea-4ac5c972f0d8/datanode-3/data/ratisd0f7f263-73c9-467a-89e6-891dd6222a5f to VolumeSet
2023-04-22 02:18:52,435 [Listener at 127.0.0.1/41793] INFO  volume.ThrottledAsyncChecker (ThrottledAsyncChecker.java:schedule(141)) - Scheduling a check for /home/runner/work/ozone/ozone/hadoop-ozone/integration-test/target/test-dir/MiniOzoneClusterImpl-b640deff-6994-498f-92ea-4ac5c972f0d8/datanode-3/data/ratisd0f7f263-73c9-467a-89e6-891dd6222a5f
2023-04-22 02:18:52,435 [Listener at 127.0.0.1/41793] INFO  volume.StorageVolumeChecker (StorageVolumeChecker.java:checkAllVolumes(202)) - Scheduled health check for volume /home/runner/work/ozone/ozone/hadoop-ozone/integration-test/target/test-dir/MiniOzoneClusterImpl-b640deff-6994-498f-92ea-4ac5c972f0d8/datanode-3/data/ratisd0f7f263-73c9-467a-89e6-891dd6222a5f
2023-04-22 02:18:52,435 [FixedThreadPoolWithAffinityExecutor-9-0] WARN  container.ContainerReportHandler (AbstractContainerReportHandler.java:updateContainerState(259)) - Container #4 is in OPEN state, but the datanode ffe33985-86ac-4dba-9cf7-e9d9be1914b9(fv-az443-428.ap2fcshprsnunfx25e1aelzb4b.cx.internal.cloudapp.net/10.1.0.20) reports an CLOSED replica.
2023-04-22 02:18:52,436 [FixedThreadPoolWithAffinityExecutor-0-0] WARN  container.ContainerReportHandler (AbstractContainerReportHandler.java:updateContainerState(259)) - Container #1 is in OPEN state, but the datanode 44aa5787-a9ca-4d27-a88e-9069c8f4547b(fv-az443-428.ap2fcshprsnunfx25e1aelzb4b.cx.internal.cloudapp.net/10.1.0.20) reports an QUASI_CLOSED replica.
2023-04-22 02:18:52,484 [Listener at 127.0.0.1/41793] INFO  utils.DatanodeStoreCache (DatanodeStoreCache.java:addDB(58)) - Added db /home/runner/work/ozone/ozone/hadoop-ozone/integration-test/target/test-dir/MiniOzoneClusterImpl-b640deff-6994-498f-92ea-4ac5c972f0d8/datanode-3/data-0/containers/hdds/b640deff-6994-498f-92ea-4ac5c972f0d8/DS-ae58970a-131e-454a-9844-74d7a5f8ba6e/container.db to cache
2023-04-22 02:18:52,484 [Listener at 127.0.0.1/41793] INFO  volume.HddsVolume (HddsVolume.java:loadDbStore(303)) - SchemaV3 db is loaded at /home/runner/work/ozone/ozone/hadoop-ozone/integration-test/target/test-dir/MiniOzoneClusterImpl-b640deff-6994-498f-92ea-4ac5c972f0d8/datanode-3/data-0/containers/hdds/b640deff-6994-498f-92ea-4ac5c972f0d8/DS-ae58970a-131e-454a-9844-74d7a5f8ba6e/container.db for volume DS-ae58970a-131e-454a-9844-74d7a5f8ba6e
2023-04-22 02:18:52,489 [Thread-696] INFO  ozoneimpl.ContainerReader (ContainerReader.java:readVolume(145)) - Start to verify containers on volume /home/runner/work/ozone/ozone/hadoop-ozone/integration-test/target/test-dir/MiniOzoneClusterImpl-b640deff-6994-498f-92ea-4ac5c972f0d8/datanode-3/data-0/containers/hdds
2023-04-22 02:18:52,505 [Thread-696] INFO  ozoneimpl.ContainerReader (ContainerReader.java:readVolume(175)) - Finish verifying containers on volume /home/runner/work/ozone/ozone/hadoop-ozone/integration-test/target/test-dir/MiniOzoneClusterImpl-b640deff-6994-498f-92ea-4ac5c972f0d8/datanode-3/data-0/containers/hdds
2023-04-22 02:18:52,506 [Listener at 127.0.0.1/41793] INFO  ozoneimpl.OzoneContainer (OzoneContainer.java:buildContainerSet(303)) - Build ContainerSet costs 0s
2023-04-22 02:18:52,507 [Listener at 127.0.0.1/41793] INFO  server.RaftServer (ConfUtils.java:logGet(46)) - raft.rpc.type = GRPC (default)
2023-04-22 02:18:52,508 [Listener at 127.0.0.1/41793] INFO  grpc.GrpcConfigKeys (ConfUtils.java:logFallback(53)) - raft.grpc.admin.host = null (fallback to raft.grpc.server.host)
2023-04-22 02:18:52,508 [Listener at 127.0.0.1/41793] INFO  grpc.GrpcConfigKeys (ConfUtils.java:logGet(46)) - raft.grpc.admin.port = 37453 (custom)
2023-04-22 02:18:52,508 [Listener at 127.0.0.1/41793] INFO  grpc.GrpcConfigKeys (ConfUtils.java:logFallback(53)) - raft.grpc.client.host = null (fallback to raft.grpc.server.host)
2023-04-22 02:18:52,508 [Listener at 127.0.0.1/41793] INFO  grpc.GrpcConfigKeys (ConfUtils.java:logGet(46)) - raft.grpc.client.port = 37453 (custom)
2023-04-22 02:18:52,508 [Listener at 127.0.0.1/41793] INFO  grpc.GrpcConfigKeys (ConfUtils.java:logGet(46)) - raft.grpc.server.host = null (default)
2023-04-22 02:18:52,508 [Listener at 127.0.0.1/41793] INFO  grpc.GrpcConfigKeys (ConfUtils.java:logGet(46)) - raft.grpc.server.port = 37453 (custom)
2023-04-22 02:18:52,508 [Listener at 127.0.0.1/41793] INFO  server.GrpcService (ConfUtils.java:logGet(46)) - raft.grpc.message.size.max = 32MB (=33554432) (custom)
2023-04-22 02:18:52,509 [Listener at 127.0.0.1/41793] INFO  server.RaftServerConfigKeys (ConfUtils.java:logGet(46)) - raft.server.log.appender.buffer.byte-limit = 33554432 (custom)
2023-04-22 02:18:52,509 [Listener at 127.0.0.1/41793] INFO  server.GrpcService (ConfUtils.java:logGet(46)) - raft.grpc.flow.control.window = 5MB (=5242880) (custom)
2023-04-22 02:18:52,509 [Listener at 127.0.0.1/41793] INFO  server.RaftServerConfigKeys (ConfUtils.java:logGet(46)) - raft.server.rpc.request.timeout = 3000ms (default)
2023-04-22 02:18:52,509 [Listener at 127.0.0.1/41793] INFO  grpc.GrpcConfigKeys (ConfUtils.java:logGet(46)) - raft.grpc.server.heartbeat.channel = true (default)
2023-04-22 02:18:52,509 [Listener at 127.0.0.1/41793] INFO  grpc.GrpcConfigKeys (ConfUtils.java:logGet(46)) - raft.grpc.server.async.request.thread.pool.cached = true (default)
2023-04-22 02:18:52,509 [Listener at 127.0.0.1/41793] INFO  grpc.GrpcConfigKeys (ConfUtils.java:logGet(46)) - raft.grpc.server.async.request.thread.pool.size = 32 (default)
2023-04-22 02:18:52,510 [Listener at 127.0.0.1/41793] INFO  impl.DataStreamServerImpl (ConfUtils.java:logGet(46)) - raft.datastream.type = NETTY (custom)
2023-04-22 02:18:52,510 [Listener at 127.0.0.1/41793] INFO  server.RaftServerConfigKeys (ConfUtils.java:logGet(46)) - raft.server.data-stream.async.request.thread.pool.cached = false (default)
2023-04-22 02:18:52,511 [Listener at 127.0.0.1/41793] INFO  server.RaftServerConfigKeys (ConfUtils.java:logGet(46)) - raft.server.data-stream.async.request.thread.pool.size = 20 (custom)
2023-04-22 02:18:52,511 [Listener at 127.0.0.1/41793] INFO  server.RaftServerConfigKeys (ConfUtils.java:logGet(46)) - raft.server.data-stream.async.write.thread.pool.size = 16 (default)
2023-04-22 02:18:52,511 [Listener at 127.0.0.1/41793] INFO  server.RaftServerConfigKeys (ConfUtils.java:logGet(46)) - raft.server.data-stream.client.pool.size = 10 (default)
2023-04-22 02:18:52,511 [Listener at 127.0.0.1/41793] INFO  netty.NettyConfigKeys$DataStream (ConfUtils.java:logGet(46)) - raft.netty.dataStream.server.use-epoll = false (default)
2023-04-22 02:18:52,511 [Listener at 127.0.0.1/41793] INFO  netty.NettyConfigKeys$DataStream (ConfUtils.java:logGet(46)) - raft.netty.dataStream.server.boss-group.size = 0 (default)
2023-04-22 02:18:52,511 [Listener at 127.0.0.1/41793] INFO  netty.NettyConfigKeys$DataStream (ConfUtils.java:logGet(46)) - raft.netty.dataStream.server.worker-group.size = 0 (default)
2023-04-22 02:18:52,512 [Listener at 127.0.0.1/41793] INFO  netty.NettyConfigKeys$DataStream (ConfUtils.java:logGet(46)) - raft.netty.dataStream.server.tls.conf = null (default)
2023-04-22 02:18:52,512 [Listener at 127.0.0.1/41793] INFO  netty.NettyConfigKeys$DataStream (ConfUtils.java:logGet(46)) - raft.netty.dataStream.host = null (default)
2023-04-22 02:18:52,512 [Listener at 127.0.0.1/41793] INFO  netty.NettyConfigKeys$DataStream (ConfUtils.java:logGet(46)) - raft.netty.dataStream.port = 0 (default)
2023-04-22 02:18:52,519 [Listener at 127.0.0.1/41793] INFO  server.RaftServerConfigKeys (ConfUtils.java:logGet(46)) - raft.server.threadpool.proxy.cached = true (default)
2023-04-22 02:18:52,519 [Listener at 127.0.0.1/41793] INFO  server.RaftServerConfigKeys (ConfUtils.java:logGet(46)) - raft.server.threadpool.proxy.size = 0 (default)
2023-04-22 02:18:52,519 [Listener at 127.0.0.1/41793] INFO  server.RaftServerConfigKeys (ConfUtils.java:logGet(46)) - raft.server.rpc.slowness.timeout = 300000ms (custom)
2023-04-22 02:18:52,519 [Listener at 127.0.0.1/41793] INFO  server.RaftServerConfigKeys (ConfUtils.java:logGet(46)) - raft.server.leaderelection.leader.step-down.wait-time = 10s (default)
2023-04-22 02:18:52,519 [Listener at 127.0.0.1/41793] INFO  server.RaftServerConfigKeys (ConfUtils.java:logGet(46)) - raft.server.storage.dir = [/home/runner/work/ozone/ozone/hadoop-ozone/integration-test/target/test-dir/MiniOzoneClusterImpl-b640deff-6994-498f-92ea-4ac5c972f0d8/datanode-3/data/ratisd0f7f263-73c9-467a-89e6-891dd6222a5f] (custom)
2023-04-22 02:18:52,520 [1fa0605c-c70f-40a8-a13c-0f797dcff94f-NettyServerStreamRpc-bossGroup--thread1] INFO  logging.LoggingHandler (AbstractInternalLogger.java:log(148)) - [id: 0xa94e6a06] REGISTERED
2023-04-22 02:18:52,520 [1fa0605c-c70f-40a8-a13c-0f797dcff94f-NettyServerStreamRpc-bossGroup--thread1] INFO  logging.LoggingHandler (AbstractInternalLogger.java:log(148)) - [id: 0xa94e6a06] BIND: 0.0.0.0/0.0.0.0:0
2023-04-22 02:18:52,520 [1fa0605c-c70f-40a8-a13c-0f797dcff94f-NettyServerStreamRpc-bossGroup--thread1] INFO  logging.LoggingHandler (AbstractInternalLogger.java:log(148)) - [id: 0xa94e6a06, L:/0:0:0:0:0:0:0:0:37187] ACTIVE
2023-04-22 02:18:52,532 [Listener at 127.0.0.1/41793] INFO  server.XceiverServerGrpc (XceiverServerGrpc.java:<init>(132)) - GrpcServer channel type EpollServerSocketChannel
2023-04-22 02:18:52,541 [Listener at 127.0.0.1/41793] INFO  http.BaseHttpServer (BaseHttpServer.java:newHttpServer2BuilderForOzone(224)) - Starting Web-server for hddsDatanode at: http://0.0.0.0:45769
2023-04-22 02:18:52,541 [Listener at 127.0.0.1/41793] INFO  http.BaseHttpServer (BaseHttpServer.java:<init>(111)) - Hadoop Security Enabled: false Ozone Security Enabled: false Ozone HTTP Security Enabled: false 
2023-04-22 02:18:52,542 [Listener at 127.0.0.1/41793] WARN  server.AuthenticationFilter (AuthenticationFilter.java:constructSecretProvider(240)) - Unable to initialize FileSignerSecretProvider, falling back to use random secrets. Reason: Could not read signature secret file: /home/runner/hadoop-http-auth-signature-secret
2023-04-22 02:18:52,543 [FixedThreadPoolWithAffinityExecutor-9-0] WARN  container.ContainerReportHandler (AbstractContainerReportHandler.java:updateContainerState(259)) - Container #1 is in OPEN state, but the datanode 6aaf5ca8-0737-4296-ba95-7f0e9402c55b(fv-az443-428.ap2fcshprsnunfx25e1aelzb4b.cx.internal.cloudapp.net/10.1.0.20) reports an QUASI_CLOSED replica.
2023-04-22 02:18:52,545 [Listener at 127.0.0.1/41793] INFO  http.HttpRequestLog (HttpRequestLog.java:getRequestLog(86)) - Http request log for http.requests.hddsDatanode is not defined
2023-04-22 02:18:52,546 [Listener at 127.0.0.1/41793] INFO  http.HttpServer2 (HttpServer2.java:addGlobalFilter(1031)) - Added global filter 'safety' (class=org.apache.hadoop.hdds.server.http.HttpServer2$QuotingInputFilter)
2023-04-22 02:18:52,547 [Listener at 127.0.0.1/41793] INFO  http.HttpServer2 (HttpServer2.java:addFilter(1007)) - Added filter static_user_filter (class=org.apache.hadoop.http.lib.StaticUserWebFilter$StaticUserFilter) to context hddsDatanode
2023-04-22 02:18:52,547 [Listener at 127.0.0.1/41793] INFO  http.HttpServer2 (HttpServer2.java:addFilter(1015)) - Added filter static_user_filter (class=org.apache.hadoop.http.lib.StaticUserWebFilter$StaticUserFilter) to context logs
2023-04-22 02:18:52,547 [Listener at 127.0.0.1/41793] INFO  http.HttpServer2 (HttpServer2.java:addFilter(1015)) - Added filter static_user_filter (class=org.apache.hadoop.http.lib.StaticUserWebFilter$StaticUserFilter) to context static
2023-04-22 02:18:52,548 [Listener at 127.0.0.1/41793] INFO  http.BaseHttpServer (BaseHttpServer.java:<init>(190)) - HTTP server of hddsDatanode uses base directory /home/runner/work/ozone/ozone/hadoop-ozone/integration-test/target/test-dir/MiniOzoneClusterImpl-b640deff-6994-498f-92ea-4ac5c972f0d8/datanode-3/meta/webserver
2023-04-22 02:18:52,548 [Listener at 127.0.0.1/41793] INFO  http.HttpServer2 (HttpServer2.java:bindListener(1250)) - Jetty bound to port 45769
2023-04-22 02:18:52,548 [Listener at 127.0.0.1/41793] INFO  server.Server (Server.java:doStart(375)) - jetty-9.4.51.v20230217; built: 2023-02-17T08:19:37.309Z; git: b45c405e4544384de066f814ed42ae3dceacdd49; jvm 1.8.0_362-b09
2023-04-22 02:18:52,558 [Listener at 127.0.0.1/41793] INFO  server.session (DefaultSessionIdManager.java:doStart(334)) - DefaultSessionIdManager workerName=node0
2023-04-22 02:18:52,558 [Listener at 127.0.0.1/41793] INFO  server.session (DefaultSessionIdManager.java:doStart(339)) - No SessionScavenger set, using defaults
2023-04-22 02:18:52,559 [Listener at 127.0.0.1/41793] INFO  server.session (HouseKeeper.java:startScavenging(132)) - node0 Scavenging every 600000ms
2023-04-22 02:18:52,559 [Listener at 127.0.0.1/41793] INFO  handler.ContextHandler (ContextHandler.java:doStart(921)) - Started o.e.j.s.ServletContextHandler@1269c5fb{logs,/logs,file:///home/runner/work/ozone/ozone/hadoop-ozone/integration-test/target/log,AVAILABLE}
2023-04-22 02:18:52,560 [Listener at 127.0.0.1/41793] INFO  handler.ContextHandler (ContextHandler.java:doStart(921)) - Started o.e.j.s.ServletContextHandler@290a3836{static,/static,jar:file:/home/runner/.m2/repository/org/apache/ozone/hdds-container-service/1.4.0-SNAPSHOT/hdds-container-service-1.4.0-SNAPSHOT.jar!/webapps/static,AVAILABLE}
2023-04-22 02:18:52,741 [FixedThreadPoolWithAffinityExecutor-9-0] WARN  container.ContainerReportHandler (AbstractContainerReportHandler.java:updateContainerState(259)) - Container #1 is in OPEN state, but the datanode 6aaf5ca8-0737-4296-ba95-7f0e9402c55b(fv-az443-428.ap2fcshprsnunfx25e1aelzb4b.cx.internal.cloudapp.net/10.1.0.20) reports an QUASI_CLOSED replica.
2023-04-22 02:18:52,791 [FixedThreadPoolWithAffinityExecutor-0-0] WARN  container.ContainerReportHandler (AbstractContainerReportHandler.java:updateContainerState(259)) - Container #1 is in OPEN state, but the datanode 4fb9f1f7-4e3b-4bcf-a7e7-c7ddcac09d11(fv-az443-428.ap2fcshprsnunfx25e1aelzb4b.cx.internal.cloudapp.net/10.1.0.20) reports an QUASI_CLOSED replica.
2023-04-22 02:18:52,836 [FixedThreadPoolWithAffinityExecutor-0-0] WARN  container.ContainerReportHandler (AbstractContainerReportHandler.java:updateContainerState(259)) - Container #1 is in OPEN state, but the datanode 44aa5787-a9ca-4d27-a88e-9069c8f4547b(fv-az443-428.ap2fcshprsnunfx25e1aelzb4b.cx.internal.cloudapp.net/10.1.0.20) reports an QUASI_CLOSED replica.
2023-04-22 02:18:52,839 [FixedThreadPoolWithAffinityExecutor-9-0] WARN  container.ContainerReportHandler (AbstractContainerReportHandler.java:updateContainerState(259)) - Container #4 is in OPEN state, but the datanode ffe33985-86ac-4dba-9cf7-e9d9be1914b9(fv-az443-428.ap2fcshprsnunfx25e1aelzb4b.cx.internal.cloudapp.net/10.1.0.20) reports an CLOSED replica.
2023-04-22 02:18:52,851 [Listener at 127.0.0.1/41793] INFO  handler.ContextHandler (ContextHandler.java:doStart(921)) - Started o.e.j.w.WebAppContext@6b14ac40{hddsDatanode,/,file:///home/runner/work/ozone/ozone/hadoop-ozone/integration-test/target/test-dir/MiniOzoneClusterImpl-b640deff-6994-498f-92ea-4ac5c972f0d8/datanode-3/meta/webserver/jetty-0_0_0_0-45769-hdds-container-service-1_4_0-SNAPSHOT_jar-_-any-4608165124474170309/webapp/,AVAILABLE}{jar:file:/home/runner/.m2/repository/org/apache/ozone/hdds-container-service/1.4.0-SNAPSHOT/hdds-container-service-1.4.0-SNAPSHOT.jar!/webapps/hddsDatanode}
2023-04-22 02:18:52,856 [Listener at 127.0.0.1/41793] INFO  server.AbstractConnector (AbstractConnector.java:doStart(333)) - Started ServerConnector@1beb4f56{HTTP/1.1, (http/1.1)}{0.0.0.0:45769}
2023-04-22 02:18:52,856 [Listener at 127.0.0.1/41793] INFO  server.Server (Server.java:doStart(415)) - Started @52506ms
2023-04-22 02:18:52,856 [Listener at 127.0.0.1/41793] WARN  impl.MetricsSystemImpl (MetricsSystemImpl.java:register(279)) - Sink prometheus already exists!
2023-04-22 02:18:52,857 [Listener at 127.0.0.1/41793] INFO  http.BaseHttpServer (BaseHttpServer.java:updateConnectorAddress(344)) - HTTP server of hddsDatanode listening at http://0.0.0.0:45769
]]></system-out>
  </testcase>
  <testcase name="testUnhealthyContainer" classname="org.apache.hadoop.ozone.client.rpc.TestContainerStateMachineFailures" time="9.403">
    <system-out><![CDATA[2023-04-22 02:18:52,866 [Datanode State Machine Daemon Thread] INFO  statemachine.DatanodeStateMachine (DatanodeStateMachine.java:lambda$startDaemon$0(517)) - Ozone container server started.
2023-04-22 02:18:52,892 [org.apache.hadoop.util.JvmPauseMonitor$Monitor@75bdfb3c] INFO  util.JvmPauseMonitor (JvmPauseMonitor.java:run(188)) - Starting JVM pause monitor
2023-04-22 02:18:52,916 [Datanode State Machine Task Thread - 0] INFO  datanode.InitDatanodeState (InitDatanodeState.java:persistContainerDatanodeDetails(138)) - DatanodeDetails is persisted to /home/runner/work/ozone/ozone/hadoop-ozone/integration-test/target/test-dir/MiniOzoneClusterImpl-b640deff-6994-498f-92ea-4ac5c972f0d8/datanode-3/meta/datanode.id
2023-04-22 02:18:52,972 [ChunkWriter-3-0] ERROR helpers.ContainerUtils (ContainerUtils.java:getChunkDir(269)) - Chunks dir /home/runner/work/ozone/ozone/hadoop-ozone/integration-test/target/test-dir/MiniOzoneClusterImpl-b640deff-6994-498f-92ea-4ac5c972f0d8/datanode-0/data-0/containers/hdds/b640deff-6994-498f-92ea-4ac5c972f0d8/current/containerDir0/7/chunks does not exist
2023-04-22 02:18:52,973 [ChunkWriter-3-0] INFO  keyvalue.KeyValueHandler (ContainerUtils.java:logAndReturnError(91)) - Operation: WriteChunk , Trace ID:  , Message: Chunks directory /home/runner/work/ozone/ozone/hadoop-ozone/integration-test/target/test-dir/MiniOzoneClusterImpl-b640deff-6994-498f-92ea-4ac5c972f0d8/datanode-0/data-0/containers/hdds/b640deff-6994-498f-92ea-4ac5c972f0d8/current/containerDir0/7/chunks does not exist. , Result: UNABLE_TO_FIND_DATA_DIR , StorageContainerException Occurred.
org.apache.hadoop.hdds.scm.container.common.helpers.StorageContainerException: Chunks directory /home/runner/work/ozone/ozone/hadoop-ozone/integration-test/target/test-dir/MiniOzoneClusterImpl-b640deff-6994-498f-92ea-4ac5c972f0d8/datanode-0/data-0/containers/hdds/b640deff-6994-498f-92ea-4ac5c972f0d8/current/containerDir0/7/chunks does not exist.
	at org.apache.hadoop.ozone.container.common.helpers.ContainerUtils.getChunkDir(ContainerUtils.java:271)
	at org.apache.hadoop.ozone.container.common.impl.ContainerLayoutVersion.getChunkFile(ContainerLayoutVersion.java:125)
	at org.apache.hadoop.ozone.container.keyvalue.impl.FilePerBlockStrategy.getChunkFile(FilePerBlockStrategy.java:257)
	at org.apache.hadoop.ozone.container.keyvalue.impl.FilePerBlockStrategy.writeChunk(FilePerBlockStrategy.java:139)
	at org.apache.hadoop.ozone.container.keyvalue.impl.ChunkManagerDispatcher.writeChunk(ChunkManagerDispatcher.java:75)
	at org.apache.hadoop.ozone.container.keyvalue.KeyValueHandler.handleWriteChunk(KeyValueHandler.java:832)
	at org.apache.hadoop.ozone.container.keyvalue.KeyValueHandler.dispatchRequest(KeyValueHandler.java:273)
	at org.apache.hadoop.ozone.container.keyvalue.KeyValueHandler.handle(KeyValueHandler.java:232)
	at org.apache.hadoop.ozone.container.common.impl.HddsDispatcher.dispatchRequest(HddsDispatcher.java:320)
	at org.apache.hadoop.ozone.container.common.impl.HddsDispatcher.lambda$dispatch$0(HddsDispatcher.java:171)
	at org.apache.hadoop.hdds.server.OzoneProtocolMessageDispatcher.processRequest(OzoneProtocolMessageDispatcher.java:87)
	at org.apache.hadoop.ozone.container.common.impl.HddsDispatcher.dispatch(HddsDispatcher.java:170)
	at org.apache.hadoop.ozone.container.common.transport.server.ratis.ContainerStateMachine.dispatchCommand(ContainerStateMachine.java:439)
	at org.apache.hadoop.ozone.container.common.transport.server.ratis.ContainerStateMachine.runCommand(ContainerStateMachine.java:449)
	at org.apache.hadoop.ozone.container.common.transport.server.ratis.ContainerStateMachine.lambda$handleWriteChunk$2(ContainerStateMachine.java:495)
	at java.util.concurrent.CompletableFuture$AsyncSupply.run(CompletableFuture.java:1604)
	at java.util.concurrent.ThreadPoolExecutor.runWorker(ThreadPoolExecutor.java:1149)
	at java.util.concurrent.ThreadPoolExecutor$Worker.run(ThreadPoolExecutor.java:624)
	at java.lang.Thread.run(Thread.java:750)
2023-04-22 02:18:52,975 [ChunkWriter-3-0] WARN  keyvalue.KeyValueContainer (KeyValueContainer.java:markContainerUnhealthy(348)) - Moving container /home/runner/work/ozone/ozone/hadoop-ozone/integration-test/target/test-dir/MiniOzoneClusterImpl-b640deff-6994-498f-92ea-4ac5c972f0d8/datanode-0/data-0/containers/hdds/b640deff-6994-498f-92ea-4ac5c972f0d8/current/containerDir0/7 to state UNHEALTHY from state:OPEN
02:18:52.978 [4fb9f1f7-4e3b-4bcf-a7e7-c7ddcac09d11-client-thread1] ERROR DNAudit - user=null | ip=null | op=PUT_BLOCK {blockData=[blockId=conID: 7 locID: 111677748019200007 bcsId: 0, size=10]} | ret=FAILURE
org.apache.hadoop.hdds.scm.container.common.helpers.ContainerNotOpenException: Container 7 in UNHEALTHY state
	at org.apache.hadoop.ozone.container.common.impl.HddsDispatcher.validateContainerCommand(HddsDispatcher.java:513) ~[hdds-container-service-1.4.0-SNAPSHOT.jar:?]
	at org.apache.hadoop.ozone.container.common.transport.server.ratis.ContainerStateMachine.startTransaction(ContainerStateMachine.java:356) ~[hdds-container-service-1.4.0-SNAPSHOT.jar:?]
	at org.apache.ratis.server.impl.RaftServerImpl.submitClientRequestAsync(RaftServerImpl.java:871) ~[ratis-server-2.4.2-8b8bdda-SNAPSHOT.jar:2.4.2-8b8bdda-SNAPSHOT]
	at org.apache.ratis.server.impl.RaftServerImpl.lambda$null$12(RaftServerImpl.java:815) ~[ratis-server-2.4.2-8b8bdda-SNAPSHOT.jar:2.4.2-8b8bdda-SNAPSHOT]
	at org.apache.ratis.util.JavaUtils.callAsUnchecked(JavaUtils.java:117) ~[ratis-common-2.4.2-8b8bdda-SNAPSHOT.jar:2.4.2-8b8bdda-SNAPSHOT]
	at org.apache.ratis.server.impl.RaftServerImpl.lambda$executeSubmitClientRequestAsync$13(RaftServerImpl.java:815) ~[ratis-server-2.4.2-8b8bdda-SNAPSHOT.jar:2.4.2-8b8bdda-SNAPSHOT]
	at java.util.concurrent.CompletableFuture$AsyncSupply.run(CompletableFuture.java:1604) [?:1.8.0_362]
	at java.util.concurrent.ThreadPoolExecutor.runWorker(ThreadPoolExecutor.java:1149) [?:1.8.0_362]
	at java.util.concurrent.ThreadPoolExecutor$Worker.run(ThreadPoolExecutor.java:624) [?:1.8.0_362]
	at java.lang.Thread.run(Thread.java:750) [?:1.8.0_362]
2023-04-22 02:18:52,979 [ChunkWriter-3-0] INFO  impl.HddsDispatcher (HddsDispatcher.java:dispatchRequest(361)) - Marked Container UNHEALTHY, ContainerID: 7
02:18:52.984 [ChunkWriter-3-0] ERROR DNAudit - user=null | ip=null | op=WRITE_CHUNK {blockData=conID: 7 locID: 111677748019200007 bcsId: 2} | ret=FAILURE
java.lang.Exception: Chunks directory /home/runner/work/ozone/ozone/hadoop-ozone/integration-test/target/test-dir/MiniOzoneClusterImpl-b640deff-6994-498f-92ea-4ac5c972f0d8/datanode-0/data-0/containers/hdds/b640deff-6994-498f-92ea-4ac5c972f0d8/current/containerDir0/7/chunks does not exist.
	at org.apache.hadoop.ozone.container.common.impl.HddsDispatcher.dispatchRequest(HddsDispatcher.java:389) ~[hdds-container-service-1.4.0-SNAPSHOT.jar:?]
	at org.apache.hadoop.ozone.container.common.impl.HddsDispatcher.lambda$dispatch$0(HddsDispatcher.java:171) ~[hdds-container-service-1.4.0-SNAPSHOT.jar:?]
	at org.apache.hadoop.hdds.server.OzoneProtocolMessageDispatcher.processRequest(OzoneProtocolMessageDispatcher.java:87) ~[hdds-server-framework-1.4.0-SNAPSHOT.jar:?]
	at org.apache.hadoop.ozone.container.common.impl.HddsDispatcher.dispatch(HddsDispatcher.java:170) ~[hdds-container-service-1.4.0-SNAPSHOT.jar:?]
	at org.apache.hadoop.ozone.container.common.transport.server.ratis.ContainerStateMachine.dispatchCommand(ContainerStateMachine.java:439) ~[hdds-container-service-1.4.0-SNAPSHOT.jar:?]
	at org.apache.hadoop.ozone.container.common.transport.server.ratis.ContainerStateMachine.runCommand(ContainerStateMachine.java:449) ~[hdds-container-service-1.4.0-SNAPSHOT.jar:?]
	at org.apache.hadoop.ozone.container.common.transport.server.ratis.ContainerStateMachine.lambda$handleWriteChunk$2(ContainerStateMachine.java:495) ~[hdds-container-service-1.4.0-SNAPSHOT.jar:?]
	at java.util.concurrent.CompletableFuture$AsyncSupply.run(CompletableFuture.java:1604) [?:1.8.0_362]
	at java.util.concurrent.ThreadPoolExecutor.runWorker(ThreadPoolExecutor.java:1149) [?:1.8.0_362]
	at java.util.concurrent.ThreadPoolExecutor$Worker.run(ThreadPoolExecutor.java:624) [?:1.8.0_362]
	at java.lang.Thread.run(Thread.java:750) [?:1.8.0_362]
2023-04-22 02:18:52,984 [ChunkWriter-3-0] ERROR ratis.ContainerStateMachine (ContainerStateMachine.java:lambda$handleWriteChunk$3(523)) - group-6426E8D710A2: writeChunk writeStateMachineData failed: blockIdcontainerID: 7
localID: 111677748019200007
blockCommitSequenceId: 2
replicaIndex: 0
 logIndex 4 chunkName 111677748019200007_chunk_2 Error message: Chunks directory /home/runner/work/ozone/ozone/hadoop-ozone/integration-test/target/test-dir/MiniOzoneClusterImpl-b640deff-6994-498f-92ea-4ac5c972f0d8/datanode-0/data-0/containers/hdds/b640deff-6994-498f-92ea-4ac5c972f0d8/current/containerDir0/7/chunks does not exist. Container Result: UNABLE_TO_FIND_DATA_DIR
2023-04-22 02:18:52,985 [4fb9f1f7-4e3b-4bcf-a7e7-c7ddcac09d11@group-6426E8D710A2-SegmentedRaftLogWorker] ERROR ratis.XceiverServerRatis (XceiverServerRatis.java:triggerPipelineClose(719)) - pipeline Action CLOSE on pipeline PipelineID=7a774bb4-4d34-4289-ba9c-6426e8d710a2.Reason : Chunks directory /home/runner/work/ozone/ozone/hadoop-ozone/integration-test/target/test-dir/MiniOzoneClusterImpl-b640deff-6994-498f-92ea-4ac5c972f0d8/datanode-0/data-0/containers/hdds/b640deff-6994-498f-92ea-4ac5c972f0d8/current/containerDir0/7/chunks does not exist.
2023-04-22 02:18:52,989 [EventQueue-PipelineActionsForPipelineActionHandler] INFO  pipeline.PipelineActionHandler (PipelineActionHandler.java:processPipelineAction(83)) - Received pipeline action CLOSE for PipelineID=7a774bb4-4d34-4289-ba9c-6426e8d710a2 from datanode 4fb9f1f7-4e3b-4bcf-a7e7-c7ddcac09d11. Reason : Chunks directory /home/runner/work/ozone/ozone/hadoop-ozone/integration-test/target/test-dir/MiniOzoneClusterImpl-b640deff-6994-498f-92ea-4ac5c972f0d8/datanode-0/data-0/containers/hdds/b640deff-6994-498f-92ea-4ac5c972f0d8/current/containerDir0/7/chunks does not exist.
2023-04-22 02:18:52,989 [EventQueue-CloseContainerForCloseContainerEventHandler] INFO  container.CloseContainerEventHandler (CloseContainerEventHandler.java:onMessage(89)) - Close container Event triggered for container : #7, current state: OPEN
2023-04-22 02:18:52,990 [FixedThreadPoolWithAffinityExecutor-0-0] WARN  container.ContainerReportHandler (AbstractContainerReportHandler.java:updateContainerState(259)) - Container #1 is in OPEN state, but the datanode 4fb9f1f7-4e3b-4bcf-a7e7-c7ddcac09d11(fv-az443-428.ap2fcshprsnunfx25e1aelzb4b.cx.internal.cloudapp.net/10.1.0.20) reports an QUASI_CLOSED replica.
2023-04-22 02:18:52,991 [EventQueue-PipelineActionsForPipelineActionHandler] INFO  pipeline.PipelineManagerImpl (PipelineManagerImpl.java:closeContainersForPipeline(421)) - Container #7 closed for pipeline=PipelineID=7a774bb4-4d34-4289-ba9c-6426e8d710a2
2023-04-22 02:18:52,991 [EventQueue-CloseContainerForCloseContainerEventHandler] INFO  container.CloseContainerEventHandler (CloseContainerEventHandler.java:onMessage(89)) - Close container Event triggered for container : #7, current state: CLOSING
2023-04-22 02:18:52,991 [EventQueue-PipelineActionsForPipelineActionHandler] INFO  pipeline.PipelineManagerImpl (PipelineManagerImpl.java:closePipeline(442)) - Pipeline Pipeline[ Id: 7a774bb4-4d34-4289-ba9c-6426e8d710a2, Nodes: 4fb9f1f7-4e3b-4bcf-a7e7-c7ddcac09d11(fv-az443-428.ap2fcshprsnunfx25e1aelzb4b.cx.internal.cloudapp.net/10.1.0.20), ReplicationConfig: RATIS/ONE, State:OPEN, leaderId:4fb9f1f7-4e3b-4bcf-a7e7-c7ddcac09d11, CreationTimestamp2023-04-22T02:18:12.136Z[Etc/UTC]] moved to CLOSED state
2023-04-22 02:18:52,991 [EventQueue-PipelineActionsForPipelineActionHandler] INFO  pipeline.RatisPipelineProvider (RatisPipelineProvider.java:lambda$close$4(272)) - Send pipeline:PipelineID=7a774bb4-4d34-4289-ba9c-6426e8d710a2 close command to datanode 4fb9f1f7-4e3b-4bcf-a7e7-c7ddcac09d11
2023-04-22 02:18:52,991 [EventQueue-PipelineActionsForPipelineActionHandler] INFO  pipeline.PipelineStateManagerImpl (PipelineStateManagerImpl.java:removePipeline(245)) - Pipeline Pipeline[ Id: 7a774bb4-4d34-4289-ba9c-6426e8d710a2, Nodes: 4fb9f1f7-4e3b-4bcf-a7e7-c7ddcac09d11(fv-az443-428.ap2fcshprsnunfx25e1aelzb4b.cx.internal.cloudapp.net/10.1.0.20), ReplicationConfig: RATIS/ONE, State:CLOSED, leaderId:4fb9f1f7-4e3b-4bcf-a7e7-c7ddcac09d11, CreationTimestamp2023-04-22T02:18:12.136Z[Etc/UTC]] removed.
2023-04-22 02:18:53,087 [FixedThreadPoolWithAffinityExecutor-0-0] WARN  container.ContainerReportHandler (AbstractContainerReportHandler.java:updateContainerState(259)) - Container #1 is in OPEN state, but the datanode 44aa5787-a9ca-4d27-a88e-9069c8f4547b(fv-az443-428.ap2fcshprsnunfx25e1aelzb4b.cx.internal.cloudapp.net/10.1.0.20) reports an QUASI_CLOSED replica.
2023-04-22 02:18:53,087 [FixedThreadPoolWithAffinityExecutor-9-0] WARN  container.ContainerReportHandler (AbstractContainerReportHandler.java:updateContainerState(259)) - Container #4 is in OPEN state, but the datanode ffe33985-86ac-4dba-9cf7-e9d9be1914b9(fv-az443-428.ap2fcshprsnunfx25e1aelzb4b.cx.internal.cloudapp.net/10.1.0.20) reports an CLOSED replica.
2023-04-22 02:18:53,140 [FixedThreadPoolWithAffinityExecutor-9-0] WARN  container.ContainerReportHandler (AbstractContainerReportHandler.java:updateContainerState(259)) - Container #1 is in OPEN state, but the datanode 6aaf5ca8-0737-4296-ba95-7f0e9402c55b(fv-az443-428.ap2fcshprsnunfx25e1aelzb4b.cx.internal.cloudapp.net/10.1.0.20) reports an QUASI_CLOSED replica.
2023-04-22 02:18:53,187 [EventQueue-PipelineReportForPipelineReportHandler] INFO  pipeline.PipelineReportHandler (PipelineReportHandler.java:processPipelineReport(115)) - Reported pipeline PipelineID=7a774bb4-4d34-4289-ba9c-6426e8d710a2 is not found
2023-04-22 02:18:53,192 [Command processor thread] INFO  server.RaftServer (RaftServerProxy.java:remove(107)) - 4fb9f1f7-4e3b-4bcf-a7e7-c7ddcac09d11: remove    LEADER 4fb9f1f7-4e3b-4bcf-a7e7-c7ddcac09d11@group-6426E8D710A2:t1, leader=4fb9f1f7-4e3b-4bcf-a7e7-c7ddcac09d11, voted=4fb9f1f7-4e3b-4bcf-a7e7-c7ddcac09d11, raftlog=Memoized:4fb9f1f7-4e3b-4bcf-a7e7-c7ddcac09d11@group-6426E8D710A2-SegmentedRaftLog:OPENED:c3, conf=0: peers:[4fb9f1f7-4e3b-4bcf-a7e7-c7ddcac09d11|rpc:10.1.0.20:44181|dataStream:10.1.0.20:37741|priority:1|startupRole:FOLLOWER]|listeners:[], old=null RUNNING
2023-04-22 02:18:53,192 [Command processor thread] INFO  server.RaftServer$Division (RaftServerImpl.java:lambda$close$4(458)) - 4fb9f1f7-4e3b-4bcf-a7e7-c7ddcac09d11@group-6426E8D710A2: shutdown
2023-04-22 02:18:53,192 [Command processor thread] INFO  util.JmxRegister (JmxRegister.java:unregister(73)) - Successfully un-registered JMX Bean with object name Ratis:service=RaftServer,group=group-6426E8D710A2,id=4fb9f1f7-4e3b-4bcf-a7e7-c7ddcac09d11
2023-04-22 02:18:53,192 [Command processor thread] INFO  impl.RoleInfo (RoleInfo.java:shutdownLeaderState(93)) - 4fb9f1f7-4e3b-4bcf-a7e7-c7ddcac09d11: shutdown 4fb9f1f7-4e3b-4bcf-a7e7-c7ddcac09d11@group-6426E8D710A2-LeaderStateImpl
2023-04-22 02:18:53,192 [Command processor thread] INFO  impl.PendingRequests (PendingRequests.java:sendNotLeaderResponses(282)) - 4fb9f1f7-4e3b-4bcf-a7e7-c7ddcac09d11@group-6426E8D710A2-PendingRequests: sendNotLeaderResponses
2023-04-22 02:18:53,203 [Command processor thread] INFO  impl.StateMachineUpdater (StateMachineUpdater.java:stopAndJoin(153)) - 4fb9f1f7-4e3b-4bcf-a7e7-c7ddcac09d11@group-6426E8D710A2-StateMachineUpdater: set stopIndex = 3
2023-04-22 02:18:53,203 [4fb9f1f7-4e3b-4bcf-a7e7-c7ddcac09d11@group-6426E8D710A2-StateMachineUpdater] ERROR ratis.ContainerStateMachine (ContainerStateMachine.java:takeSnapshot(324)) - Failed to take snapshot  for group-6426E8D710A2 as the stateMachine is unhealthy. The last applied index is at (t:1, i:1)
2023-04-22 02:18:53,203 [4fb9f1f7-4e3b-4bcf-a7e7-c7ddcac09d11@group-6426E8D710A2-StateMachineUpdater] ERROR impl.StateMachineUpdater (StateMachineUpdater.java:takeSnapshot(282)) - 4fb9f1f7-4e3b-4bcf-a7e7-c7ddcac09d11@group-6426E8D710A2-StateMachineUpdater: Failed to take snapshot
org.apache.ratis.protocol.exceptions.StateMachineException: Failed to take snapshot  for group-6426E8D710A2 as the stateMachine is unhealthy. The last applied index is at (t:1, i:1)
	at org.apache.hadoop.ozone.container.common.transport.server.ratis.ContainerStateMachine.takeSnapshot(ContainerStateMachine.java:323)
	at org.apache.ratis.server.impl.StateMachineUpdater.takeSnapshot(StateMachineUpdater.java:270)
	at org.apache.ratis.server.impl.StateMachineUpdater.checkAndTakeSnapshot(StateMachineUpdater.java:262)
	at org.apache.ratis.server.impl.StateMachineUpdater.run(StateMachineUpdater.java:183)
	at java.lang.Thread.run(Thread.java:750)
2023-04-22 02:18:53,203 [4fb9f1f7-4e3b-4bcf-a7e7-c7ddcac09d11@group-6426E8D710A2-StateMachineUpdater] ERROR ratis.ContainerStateMachine (ContainerStateMachine.java:takeSnapshot(324)) - Failed to take snapshot  for group-6426E8D710A2 as the stateMachine is unhealthy. The last applied index is at (t:1, i:1)
2023-04-22 02:18:53,203 [4fb9f1f7-4e3b-4bcf-a7e7-c7ddcac09d11@group-6426E8D710A2-StateMachineUpdater] ERROR impl.StateMachineUpdater (StateMachineUpdater.java:takeSnapshot(282)) - 4fb9f1f7-4e3b-4bcf-a7e7-c7ddcac09d11@group-6426E8D710A2-StateMachineUpdater: Failed to take snapshot
org.apache.ratis.protocol.exceptions.StateMachineException: Failed to take snapshot  for group-6426E8D710A2 as the stateMachine is unhealthy. The last applied index is at (t:1, i:1)
	at org.apache.hadoop.ozone.container.common.transport.server.ratis.ContainerStateMachine.takeSnapshot(ContainerStateMachine.java:323)
	at org.apache.ratis.server.impl.StateMachineUpdater.takeSnapshot(StateMachineUpdater.java:270)
	at org.apache.ratis.server.impl.StateMachineUpdater.checkAndTakeSnapshot(StateMachineUpdater.java:262)
	at org.apache.ratis.server.impl.StateMachineUpdater.run(StateMachineUpdater.java:186)
	at java.lang.Thread.run(Thread.java:750)
2023-04-22 02:18:53,204 [Command processor thread] INFO  server.RaftServer$Division (ServerState.java:close(466)) - 4fb9f1f7-4e3b-4bcf-a7e7-c7ddcac09d11@group-6426E8D710A2: closes. applyIndex: 1
2023-04-22 02:18:53,204 [4fb9f1f7-4e3b-4bcf-a7e7-c7ddcac09d11@group-6426E8D710A2-SegmentedRaftLogWorker] INFO  segmented.SegmentedRaftLogWorker (SegmentedRaftLogWorker.java:run(347)) - 4fb9f1f7-4e3b-4bcf-a7e7-c7ddcac09d11@group-6426E8D710A2-SegmentedRaftLogWorker was interrupted, exiting. There are 0 tasks remaining in the queue.
2023-04-22 02:18:53,211 [Command processor thread] INFO  segmented.SegmentedRaftLogWorker (SegmentedRaftLogWorker.java:close(257)) - 4fb9f1f7-4e3b-4bcf-a7e7-c7ddcac09d11@group-6426E8D710A2-SegmentedRaftLogWorker close()
2023-04-22 02:18:53,216 [Command processor thread] INFO  server.RaftServer$Division (RaftServerImpl.java:groupRemove(428)) - 4fb9f1f7-4e3b-4bcf-a7e7-c7ddcac09d11@group-6426E8D710A2: Succeed to remove RaftStorageDirectory Storage Directory /home/runner/work/ozone/ozone/hadoop-ozone/integration-test/target/test-dir/MiniOzoneClusterImpl-b640deff-6994-498f-92ea-4ac5c972f0d8/datanode-0/data/ratis/7a774bb4-4d34-4289-ba9c-6426e8d710a2
2023-04-22 02:18:53,216 [Command processor thread] INFO  commandhandler.ClosePipelineCommandHandler (ClosePipelineCommandHandler.java:handle(78)) - Close Pipeline PipelineID=7a774bb4-4d34-4289-ba9c-6426e8d710a2 command on datanode 4fb9f1f7-4e3b-4bcf-a7e7-c7ddcac09d11.
2023-04-22 02:18:53,286 [FixedThreadPoolWithAffinityExecutor-0-0] WARN  container.ContainerReportHandler (AbstractContainerReportHandler.java:updateContainerState(259)) - Container #1 is in OPEN state, but the datanode 44aa5787-a9ca-4d27-a88e-9069c8f4547b(fv-az443-428.ap2fcshprsnunfx25e1aelzb4b.cx.internal.cloudapp.net/10.1.0.20) reports an QUASI_CLOSED replica.
2023-04-22 02:18:53,388 [FixedThreadPoolWithAffinityExecutor-0-0] WARN  container.ContainerReportHandler (AbstractContainerReportHandler.java:updateContainerState(259)) - Container #1 is in OPEN state, but the datanode 4fb9f1f7-4e3b-4bcf-a7e7-c7ddcac09d11(fv-az443-428.ap2fcshprsnunfx25e1aelzb4b.cx.internal.cloudapp.net/10.1.0.20) reports an QUASI_CLOSED replica.
2023-04-22 02:18:53,487 [FixedThreadPoolWithAffinityExecutor-0-0] WARN  container.ContainerReportHandler (AbstractContainerReportHandler.java:updateContainerState(259)) - Container #1 is in OPEN state, but the datanode 44aa5787-a9ca-4d27-a88e-9069c8f4547b(fv-az443-428.ap2fcshprsnunfx25e1aelzb4b.cx.internal.cloudapp.net/10.1.0.20) reports an QUASI_CLOSED replica.
2023-04-22 02:18:53,491 [FixedThreadPoolWithAffinityExecutor-9-0] WARN  container.ContainerReportHandler (AbstractContainerReportHandler.java:updateContainerState(259)) - Container #4 is in OPEN state, but the datanode ffe33985-86ac-4dba-9cf7-e9d9be1914b9(fv-az443-428.ap2fcshprsnunfx25e1aelzb4b.cx.internal.cloudapp.net/10.1.0.20) reports an CLOSED replica.
2023-04-22 02:18:53,540 [FixedThreadPoolWithAffinityExecutor-9-0] WARN  container.ContainerReportHandler (AbstractContainerReportHandler.java:updateContainerState(259)) - Container #1 is in OPEN state, but the datanode 6aaf5ca8-0737-4296-ba95-7f0e9402c55b(fv-az443-428.ap2fcshprsnunfx25e1aelzb4b.cx.internal.cloudapp.net/10.1.0.20) reports an QUASI_CLOSED replica.
2023-04-22 02:18:53,565 [grpc-default-executor-3] WARN  server.GrpcLogAppender (LogUtils.java:warn(122)) - b7c32ab9-1d10-40a2-8298-2f54da75b521@group-E7D3625E2A84->1fa0605c-c70f-40a8-a13c-0f797dcff94f-AppendLogResponseHandler: Failed appendEntries: org.apache.ratis.thirdparty.io.grpc.StatusRuntimeException: UNAVAILABLE: io exception
2023-04-22 02:18:53,566 [grpc-default-executor-3] WARN  server.GrpcLogAppender (GrpcLogAppender.java:resetClient(131)) - b7c32ab9-1d10-40a2-8298-2f54da75b521@group-E7D3625E2A84->1fa0605c-c70f-40a8-a13c-0f797dcff94f-GrpcLogAppender: Leader has not got in touch with Follower b7c32ab9-1d10-40a2-8298-2f54da75b521@group-E7D3625E2A84->1fa0605c-c70f-40a8-a13c-0f797dcff94f(c0,m0,n1, attendVote=true, lastRpcSendTime=1251, lastRpcResponseTime=3774) yet, just keep nextIndex unchanged and retry.
2023-04-22 02:18:53,567 [grpc-default-executor-5] WARN  server.GrpcLogAppender (LogUtils.java:warn(122)) - b7c32ab9-1d10-40a2-8298-2f54da75b521@group-E7D3625E2A84->1fa0605c-c70f-40a8-a13c-0f797dcff94f-AppendLogResponseHandler: Failed appendEntries: org.apache.ratis.thirdparty.io.grpc.StatusRuntimeException: UNAVAILABLE: io exception
2023-04-22 02:18:53,567 [grpc-default-executor-5] WARN  server.GrpcLogAppender (GrpcLogAppender.java:resetClient(131)) - b7c32ab9-1d10-40a2-8298-2f54da75b521@group-E7D3625E2A84->1fa0605c-c70f-40a8-a13c-0f797dcff94f-GrpcLogAppender: Leader has not got in touch with Follower b7c32ab9-1d10-40a2-8298-2f54da75b521@group-E7D3625E2A84->1fa0605c-c70f-40a8-a13c-0f797dcff94f(c0,m0,n1, attendVote=true, lastRpcSendTime=0, lastRpcResponseTime=3775) yet, just keep nextIndex unchanged and retry.
2023-04-22 02:18:53,567 [grpc-default-executor-3] WARN  server.GrpcLogAppender (LogUtils.java:warn(122)) - b7c32ab9-1d10-40a2-8298-2f54da75b521@group-E7D3625E2A84->1fa0605c-c70f-40a8-a13c-0f797dcff94f-AppendLogResponseHandler: Failed appendEntries: org.apache.ratis.thirdparty.io.grpc.StatusRuntimeException: UNAVAILABLE: io exception
2023-04-22 02:18:53,567 [grpc-default-executor-3] WARN  server.GrpcLogAppender (GrpcLogAppender.java:resetClient(131)) - b7c32ab9-1d10-40a2-8298-2f54da75b521@group-E7D3625E2A84->1fa0605c-c70f-40a8-a13c-0f797dcff94f-GrpcLogAppender: Leader has not got in touch with Follower b7c32ab9-1d10-40a2-8298-2f54da75b521@group-E7D3625E2A84->1fa0605c-c70f-40a8-a13c-0f797dcff94f(c0,m0,n1, attendVote=true, lastRpcSendTime=1, lastRpcResponseTime=3776) yet, just keep nextIndex unchanged and retry.
2023-04-22 02:18:53,568 [grpc-default-executor-5] WARN  server.GrpcLogAppender (LogUtils.java:warn(122)) - b7c32ab9-1d10-40a2-8298-2f54da75b521@group-E7D3625E2A84->1fa0605c-c70f-40a8-a13c-0f797dcff94f-AppendLogResponseHandler: Failed appendEntries: org.apache.ratis.thirdparty.io.grpc.StatusRuntimeException: UNAVAILABLE: io exception
2023-04-22 02:18:53,568 [grpc-default-executor-5] WARN  server.GrpcLogAppender (GrpcLogAppender.java:resetClient(131)) - b7c32ab9-1d10-40a2-8298-2f54da75b521@group-E7D3625E2A84->1fa0605c-c70f-40a8-a13c-0f797dcff94f-GrpcLogAppender: Leader has not got in touch with Follower b7c32ab9-1d10-40a2-8298-2f54da75b521@group-E7D3625E2A84->1fa0605c-c70f-40a8-a13c-0f797dcff94f(c0,m0,n1, attendVote=true, lastRpcSendTime=1, lastRpcResponseTime=3776) yet, just keep nextIndex unchanged and retry.
2023-04-22 02:18:53,687 [FixedThreadPoolWithAffinityExecutor-0-0] WARN  container.ContainerReportHandler (AbstractContainerReportHandler.java:updateContainerState(259)) - Container #1 is in OPEN state, but the datanode 44aa5787-a9ca-4d27-a88e-9069c8f4547b(fv-az443-428.ap2fcshprsnunfx25e1aelzb4b.cx.internal.cloudapp.net/10.1.0.20) reports an QUASI_CLOSED replica.
2023-04-22 02:18:53,788 [FixedThreadPoolWithAffinityExecutor-0-0] WARN  container.ContainerReportHandler (AbstractContainerReportHandler.java:updateContainerState(259)) - Container #1 is in OPEN state, but the datanode 4fb9f1f7-4e3b-4bcf-a7e7-c7ddcac09d11(fv-az443-428.ap2fcshprsnunfx25e1aelzb4b.cx.internal.cloudapp.net/10.1.0.20) reports an QUASI_CLOSED replica.
2023-04-22 02:18:53,887 [FixedThreadPoolWithAffinityExecutor-9-0] WARN  container.ContainerReportHandler (AbstractContainerReportHandler.java:updateContainerState(259)) - Container #4 is in OPEN state, but the datanode ffe33985-86ac-4dba-9cf7-e9d9be1914b9(fv-az443-428.ap2fcshprsnunfx25e1aelzb4b.cx.internal.cloudapp.net/10.1.0.20) reports an CLOSED replica.
2023-04-22 02:18:53,941 [FixedThreadPoolWithAffinityExecutor-9-0] WARN  container.ContainerReportHandler (AbstractContainerReportHandler.java:updateContainerState(259)) - Container #1 is in OPEN state, but the datanode 6aaf5ca8-0737-4296-ba95-7f0e9402c55b(fv-az443-428.ap2fcshprsnunfx25e1aelzb4b.cx.internal.cloudapp.net/10.1.0.20) reports an QUASI_CLOSED replica.
2023-04-22 02:18:53,988 [FixedThreadPoolWithAffinityExecutor-0-0] WARN  container.ContainerReportHandler (AbstractContainerReportHandler.java:updateContainerState(259)) - Container #1 is in OPEN state, but the datanode 4fb9f1f7-4e3b-4bcf-a7e7-c7ddcac09d11(fv-az443-428.ap2fcshprsnunfx25e1aelzb4b.cx.internal.cloudapp.net/10.1.0.20) reports an QUASI_CLOSED replica.
2023-04-22 02:18:54,086 [FixedThreadPoolWithAffinityExecutor-0-0] WARN  container.ContainerReportHandler (AbstractContainerReportHandler.java:updateContainerState(259)) - Container #1 is in OPEN state, but the datanode 44aa5787-a9ca-4d27-a88e-9069c8f4547b(fv-az443-428.ap2fcshprsnunfx25e1aelzb4b.cx.internal.cloudapp.net/10.1.0.20) reports an QUASI_CLOSED replica.
2023-04-22 02:18:54,087 [FixedThreadPoolWithAffinityExecutor-9-0] WARN  container.ContainerReportHandler (AbstractContainerReportHandler.java:updateContainerState(259)) - Container #4 is in OPEN state, but the datanode ffe33985-86ac-4dba-9cf7-e9d9be1914b9(fv-az443-428.ap2fcshprsnunfx25e1aelzb4b.cx.internal.cloudapp.net/10.1.0.20) reports an CLOSED replica.
2023-04-22 02:18:54,287 [FixedThreadPoolWithAffinityExecutor-0-0] WARN  container.ContainerReportHandler (AbstractContainerReportHandler.java:updateContainerState(259)) - Container #1 is in OPEN state, but the datanode 44aa5787-a9ca-4d27-a88e-9069c8f4547b(fv-az443-428.ap2fcshprsnunfx25e1aelzb4b.cx.internal.cloudapp.net/10.1.0.20) reports an QUASI_CLOSED replica.
2023-04-22 02:18:54,340 [FixedThreadPoolWithAffinityExecutor-9-0] WARN  container.ContainerReportHandler (AbstractContainerReportHandler.java:updateContainerState(259)) - Container #1 is in OPEN state, but the datanode 6aaf5ca8-0737-4296-ba95-7f0e9402c55b(fv-az443-428.ap2fcshprsnunfx25e1aelzb4b.cx.internal.cloudapp.net/10.1.0.20) reports an QUASI_CLOSED replica.
2023-04-22 02:18:54,388 [FixedThreadPoolWithAffinityExecutor-0-0] WARN  container.ContainerReportHandler (AbstractContainerReportHandler.java:updateContainerState(259)) - Container #1 is in OPEN state, but the datanode 4fb9f1f7-4e3b-4bcf-a7e7-c7ddcac09d11(fv-az443-428.ap2fcshprsnunfx25e1aelzb4b.cx.internal.cloudapp.net/10.1.0.20) reports an QUASI_CLOSED replica.
2023-04-22 02:18:54,487 [FixedThreadPoolWithAffinityExecutor-0-0] WARN  container.ContainerReportHandler (AbstractContainerReportHandler.java:updateContainerState(259)) - Container #1 is in OPEN state, but the datanode 44aa5787-a9ca-4d27-a88e-9069c8f4547b(fv-az443-428.ap2fcshprsnunfx25e1aelzb4b.cx.internal.cloudapp.net/10.1.0.20) reports an QUASI_CLOSED replica.
2023-04-22 02:18:54,488 [FixedThreadPoolWithAffinityExecutor-9-0] WARN  container.ContainerReportHandler (AbstractContainerReportHandler.java:updateContainerState(259)) - Container #4 is in OPEN state, but the datanode ffe33985-86ac-4dba-9cf7-e9d9be1914b9(fv-az443-428.ap2fcshprsnunfx25e1aelzb4b.cx.internal.cloudapp.net/10.1.0.20) reports an CLOSED replica.
2023-04-22 02:18:54,687 [FixedThreadPoolWithAffinityExecutor-0-0] WARN  container.ContainerReportHandler (AbstractContainerReportHandler.java:updateContainerState(259)) - Container #1 is in OPEN state, but the datanode 44aa5787-a9ca-4d27-a88e-9069c8f4547b(fv-az443-428.ap2fcshprsnunfx25e1aelzb4b.cx.internal.cloudapp.net/10.1.0.20) reports an QUASI_CLOSED replica.
2023-04-22 02:18:54,740 [FixedThreadPoolWithAffinityExecutor-9-0] WARN  container.ContainerReportHandler (AbstractContainerReportHandler.java:updateContainerState(259)) - Container #1 is in OPEN state, but the datanode 6aaf5ca8-0737-4296-ba95-7f0e9402c55b(fv-az443-428.ap2fcshprsnunfx25e1aelzb4b.cx.internal.cloudapp.net/10.1.0.20) reports an QUASI_CLOSED replica.
2023-04-22 02:18:54,802 [FixedThreadPoolWithAffinityExecutor-0-0] WARN  container.ContainerReportHandler (AbstractContainerReportHandler.java:updateContainerState(259)) - Container #1 is in OPEN state, but the datanode 4fb9f1f7-4e3b-4bcf-a7e7-c7ddcac09d11(fv-az443-428.ap2fcshprsnunfx25e1aelzb4b.cx.internal.cloudapp.net/10.1.0.20) reports an QUASI_CLOSED replica.
2023-04-22 02:18:54,817 [grpc-default-executor-3] WARN  server.GrpcLogAppender (LogUtils.java:warn(122)) - b7c32ab9-1d10-40a2-8298-2f54da75b521@group-E7D3625E2A84->1fa0605c-c70f-40a8-a13c-0f797dcff94f-AppendLogResponseHandler: Failed appendEntries: org.apache.ratis.thirdparty.io.grpc.StatusRuntimeException: UNAVAILABLE: io exception
2023-04-22 02:18:54,817 [grpc-default-executor-3] WARN  server.GrpcLogAppender (GrpcLogAppender.java:resetClient(131)) - b7c32ab9-1d10-40a2-8298-2f54da75b521@group-E7D3625E2A84->1fa0605c-c70f-40a8-a13c-0f797dcff94f-GrpcLogAppender: Leader has not got in touch with Follower b7c32ab9-1d10-40a2-8298-2f54da75b521@group-E7D3625E2A84->1fa0605c-c70f-40a8-a13c-0f797dcff94f(c0,m0,n1, attendVote=true, lastRpcSendTime=0, lastRpcResponseTime=5026) yet, just keep nextIndex unchanged and retry.
2023-04-22 02:18:54,818 [grpc-default-executor-5] WARN  server.GrpcLogAppender (LogUtils.java:warn(122)) - b7c32ab9-1d10-40a2-8298-2f54da75b521@group-E7D3625E2A84->1fa0605c-c70f-40a8-a13c-0f797dcff94f-AppendLogResponseHandler: Failed appendEntries: org.apache.ratis.thirdparty.io.grpc.StatusRuntimeException: UNAVAILABLE: io exception
2023-04-22 02:18:54,818 [grpc-default-executor-5] WARN  server.GrpcLogAppender (GrpcLogAppender.java:resetClient(131)) - b7c32ab9-1d10-40a2-8298-2f54da75b521@group-E7D3625E2A84->1fa0605c-c70f-40a8-a13c-0f797dcff94f-GrpcLogAppender: Leader has not got in touch with Follower b7c32ab9-1d10-40a2-8298-2f54da75b521@group-E7D3625E2A84->1fa0605c-c70f-40a8-a13c-0f797dcff94f(c0,m0,n1, attendVote=true, lastRpcSendTime=1, lastRpcResponseTime=5026) yet, just keep nextIndex unchanged and retry.
2023-04-22 02:18:54,887 [FixedThreadPoolWithAffinityExecutor-9-0] WARN  container.ContainerReportHandler (AbstractContainerReportHandler.java:updateContainerState(259)) - Container #4 is in OPEN state, but the datanode ffe33985-86ac-4dba-9cf7-e9d9be1914b9(fv-az443-428.ap2fcshprsnunfx25e1aelzb4b.cx.internal.cloudapp.net/10.1.0.20) reports an CLOSED replica.
2023-04-22 02:18:54,896 [EndpointStateMachine task thread for /0.0.0.0:44143 - 0 ] INFO  ozoneimpl.OzoneContainer (OzoneContainer.java:start(397)) - Attempting to start container services.
2023-04-22 02:18:54,897 [EndpointStateMachine task thread for /0.0.0.0:44143 - 0 ] INFO  ozoneimpl.OzoneContainer (OzoneContainer.java:startContainerScrub(314)) - Scheduled background container scanners and the on-demand container scanner have been disabled.
2023-04-22 02:18:54,900 [EndpointStateMachine task thread for /0.0.0.0:44143 - 0 ] INFO  replication.ReplicationServer (ReplicationServer.java:start(109)) - ReplicationServer is started using port 38447
2023-04-22 02:18:54,900 [EndpointStateMachine task thread for /0.0.0.0:44143 - 0 ] INFO  ratis.XceiverServerRatis (XceiverServerRatis.java:start(517)) - Starting XceiverServerRatis 1fa0605c-c70f-40a8-a13c-0f797dcff94f
2023-04-22 02:18:54,915 [EndpointStateMachine task thread for /0.0.0.0:44143 - 0 ] INFO  server.RaftServer (RaftServerProxy.java:startImpl(393)) - 1fa0605c-c70f-40a8-a13c-0f797dcff94f: start RPC server
2023-04-22 02:18:54,920 [EndpointStateMachine task thread for /0.0.0.0:44143 - 0 ] INFO  server.GrpcService (GrpcService.java:startImpl(262)) - 1fa0605c-c70f-40a8-a13c-0f797dcff94f: GrpcService started, listening on 37453
2023-04-22 02:18:54,920 [EndpointStateMachine task thread for /0.0.0.0:44143 - 0 ] INFO  ratis.XceiverServerRatis (XceiverServerRatis.java:getRealPort(543)) - XceiverServerRatis 1fa0605c-c70f-40a8-a13c-0f797dcff94f is started using port 37453 for RATIS
2023-04-22 02:18:54,920 [EndpointStateMachine task thread for /0.0.0.0:44143 - 0 ] INFO  ratis.XceiverServerRatis (XceiverServerRatis.java:getRealPort(543)) - XceiverServerRatis 1fa0605c-c70f-40a8-a13c-0f797dcff94f is started using port 37453 for RATIS_ADMIN
2023-04-22 02:18:54,920 [EndpointStateMachine task thread for /0.0.0.0:44143 - 0 ] INFO  ratis.XceiverServerRatis (XceiverServerRatis.java:getRealPort(543)) - XceiverServerRatis 1fa0605c-c70f-40a8-a13c-0f797dcff94f is started using port 37453 for RATIS_SERVER
2023-04-22 02:18:54,920 [EndpointStateMachine task thread for /0.0.0.0:44143 - 0 ] INFO  ratis.XceiverServerRatis (XceiverServerRatis.java:getRealPort(543)) - XceiverServerRatis 1fa0605c-c70f-40a8-a13c-0f797dcff94f is started using port 37187 for RATIS_DATASTREAM
2023-04-22 02:18:54,920 [JvmPauseMonitor11] INFO  util.JvmPauseMonitor (JvmPauseMonitor.java:run(105)) - JvmPauseMonitor-1fa0605c-c70f-40a8-a13c-0f797dcff94f: Started
2023-04-22 02:18:54,924 [BlockDeletingService#0] INFO  interfaces.ContainerDeletionChoosingPolicyTemplate (ContainerDeletionChoosingPolicyTemplate.java:chooseContainerForBlockDeletion(83)) - Chosen 0/5000 blocks from 0 candidate containers.
2023-04-22 02:18:54,940 [FixedThreadPoolWithAffinityExecutor-9-0] WARN  container.ContainerReportHandler (AbstractContainerReportHandler.java:updateContainerState(259)) - Container #1 is in OPEN state, but the datanode 6aaf5ca8-0737-4296-ba95-7f0e9402c55b(fv-az443-428.ap2fcshprsnunfx25e1aelzb4b.cx.internal.cloudapp.net/10.1.0.20) reports an QUASI_CLOSED replica.
2023-04-22 02:18:55,002 [FixedThreadPoolWithAffinityExecutor-0-0] WARN  container.ContainerReportHandler (AbstractContainerReportHandler.java:updateContainerState(259)) - Container #1 is in OPEN state, but the datanode 4fb9f1f7-4e3b-4bcf-a7e7-c7ddcac09d11(fv-az443-428.ap2fcshprsnunfx25e1aelzb4b.cx.internal.cloudapp.net/10.1.0.20) reports an QUASI_CLOSED replica.
2023-04-22 02:18:55,087 [FixedThreadPoolWithAffinityExecutor-0-0] WARN  container.ContainerReportHandler (AbstractContainerReportHandler.java:updateContainerState(259)) - Container #1 is in OPEN state, but the datanode 44aa5787-a9ca-4d27-a88e-9069c8f4547b(fv-az443-428.ap2fcshprsnunfx25e1aelzb4b.cx.internal.cloudapp.net/10.1.0.20) reports an QUASI_CLOSED replica.
2023-04-22 02:18:55,088 [FixedThreadPoolWithAffinityExecutor-9-0] WARN  container.ContainerReportHandler (AbstractContainerReportHandler.java:updateContainerState(259)) - Container #4 is in OPEN state, but the datanode ffe33985-86ac-4dba-9cf7-e9d9be1914b9(fv-az443-428.ap2fcshprsnunfx25e1aelzb4b.cx.internal.cloudapp.net/10.1.0.20) reports an CLOSED replica.
2023-04-22 02:18:55,287 [FixedThreadPoolWithAffinityExecutor-0-0] WARN  container.ContainerReportHandler (AbstractContainerReportHandler.java:updateContainerState(259)) - Container #1 is in OPEN state, but the datanode 44aa5787-a9ca-4d27-a88e-9069c8f4547b(fv-az443-428.ap2fcshprsnunfx25e1aelzb4b.cx.internal.cloudapp.net/10.1.0.20) reports an QUASI_CLOSED replica.
2023-04-22 02:18:55,340 [FixedThreadPoolWithAffinityExecutor-9-0] WARN  container.ContainerReportHandler (AbstractContainerReportHandler.java:updateContainerState(259)) - Container #1 is in OPEN state, but the datanode 6aaf5ca8-0737-4296-ba95-7f0e9402c55b(fv-az443-428.ap2fcshprsnunfx25e1aelzb4b.cx.internal.cloudapp.net/10.1.0.20) reports an QUASI_CLOSED replica.
2023-04-22 02:18:55,402 [FixedThreadPoolWithAffinityExecutor-0-0] WARN  container.ContainerReportHandler (AbstractContainerReportHandler.java:updateContainerState(259)) - Container #1 is in OPEN state, but the datanode 4fb9f1f7-4e3b-4bcf-a7e7-c7ddcac09d11(fv-az443-428.ap2fcshprsnunfx25e1aelzb4b.cx.internal.cloudapp.net/10.1.0.20) reports an QUASI_CLOSED replica.
2023-04-22 02:18:55,487 [FixedThreadPoolWithAffinityExecutor-0-0] WARN  container.ContainerReportHandler (AbstractContainerReportHandler.java:updateContainerState(259)) - Container #1 is in OPEN state, but the datanode 44aa5787-a9ca-4d27-a88e-9069c8f4547b(fv-az443-428.ap2fcshprsnunfx25e1aelzb4b.cx.internal.cloudapp.net/10.1.0.20) reports an QUASI_CLOSED replica.
2023-04-22 02:18:55,488 [FixedThreadPoolWithAffinityExecutor-9-0] WARN  container.ContainerReportHandler (AbstractContainerReportHandler.java:updateContainerState(259)) - Container #4 is in OPEN state, but the datanode ffe33985-86ac-4dba-9cf7-e9d9be1914b9(fv-az443-428.ap2fcshprsnunfx25e1aelzb4b.cx.internal.cloudapp.net/10.1.0.20) reports an CLOSED replica.
2023-04-22 02:18:55,687 [FixedThreadPoolWithAffinityExecutor-0-0] WARN  container.ContainerReportHandler (AbstractContainerReportHandler.java:updateContainerState(259)) - Container #1 is in OPEN state, but the datanode 44aa5787-a9ca-4d27-a88e-9069c8f4547b(fv-az443-428.ap2fcshprsnunfx25e1aelzb4b.cx.internal.cloudapp.net/10.1.0.20) reports an QUASI_CLOSED replica.
2023-04-22 02:18:55,687 [FixedThreadPoolWithAffinityExecutor-9-0] WARN  container.ContainerReportHandler (AbstractContainerReportHandler.java:updateContainerState(259)) - Container #4 is in OPEN state, but the datanode ffe33985-86ac-4dba-9cf7-e9d9be1914b9(fv-az443-428.ap2fcshprsnunfx25e1aelzb4b.cx.internal.cloudapp.net/10.1.0.20) reports an CLOSED replica.
2023-04-22 02:18:55,741 [FixedThreadPoolWithAffinityExecutor-9-0] WARN  container.ContainerReportHandler (AbstractContainerReportHandler.java:updateContainerState(259)) - Container #1 is in OPEN state, but the datanode 6aaf5ca8-0737-4296-ba95-7f0e9402c55b(fv-az443-428.ap2fcshprsnunfx25e1aelzb4b.cx.internal.cloudapp.net/10.1.0.20) reports an QUASI_CLOSED replica.
2023-04-22 02:18:55,802 [FixedThreadPoolWithAffinityExecutor-0-0] WARN  container.ContainerReportHandler (AbstractContainerReportHandler.java:updateContainerState(259)) - Container #1 is in OPEN state, but the datanode 4fb9f1f7-4e3b-4bcf-a7e7-c7ddcac09d11(fv-az443-428.ap2fcshprsnunfx25e1aelzb4b.cx.internal.cloudapp.net/10.1.0.20) reports an QUASI_CLOSED replica.
2023-04-22 02:18:56,002 [FixedThreadPoolWithAffinityExecutor-0-0] WARN  container.ContainerReportHandler (AbstractContainerReportHandler.java:updateContainerState(259)) - Container #1 is in OPEN state, but the datanode 4fb9f1f7-4e3b-4bcf-a7e7-c7ddcac09d11(fv-az443-428.ap2fcshprsnunfx25e1aelzb4b.cx.internal.cloudapp.net/10.1.0.20) reports an QUASI_CLOSED replica.
2023-04-22 02:18:56,087 [FixedThreadPoolWithAffinityExecutor-0-0] WARN  container.ContainerReportHandler (AbstractContainerReportHandler.java:updateContainerState(259)) - Container #1 is in OPEN state, but the datanode 44aa5787-a9ca-4d27-a88e-9069c8f4547b(fv-az443-428.ap2fcshprsnunfx25e1aelzb4b.cx.internal.cloudapp.net/10.1.0.20) reports an QUASI_CLOSED replica.
2023-04-22 02:18:56,087 [FixedThreadPoolWithAffinityExecutor-9-0] WARN  container.ContainerReportHandler (AbstractContainerReportHandler.java:updateContainerState(259)) - Container #4 is in OPEN state, but the datanode ffe33985-86ac-4dba-9cf7-e9d9be1914b9(fv-az443-428.ap2fcshprsnunfx25e1aelzb4b.cx.internal.cloudapp.net/10.1.0.20) reports an CLOSED replica.
2023-04-22 02:18:56,141 [FixedThreadPoolWithAffinityExecutor-9-0] WARN  container.ContainerReportHandler (AbstractContainerReportHandler.java:updateContainerState(259)) - Container #1 is in OPEN state, but the datanode 6aaf5ca8-0737-4296-ba95-7f0e9402c55b(fv-az443-428.ap2fcshprsnunfx25e1aelzb4b.cx.internal.cloudapp.net/10.1.0.20) reports an QUASI_CLOSED replica.
2023-04-22 02:18:56,289 [FixedThreadPoolWithAffinityExecutor-0-0] WARN  container.ContainerReportHandler (AbstractContainerReportHandler.java:updateContainerState(259)) - Container #1 is in OPEN state, but the datanode 44aa5787-a9ca-4d27-a88e-9069c8f4547b(fv-az443-428.ap2fcshprsnunfx25e1aelzb4b.cx.internal.cloudapp.net/10.1.0.20) reports an QUASI_CLOSED replica.
2023-04-22 02:18:56,403 [FixedThreadPoolWithAffinityExecutor-0-0] WARN  container.ContainerReportHandler (AbstractContainerReportHandler.java:updateContainerState(259)) - Container #1 is in OPEN state, but the datanode 4fb9f1f7-4e3b-4bcf-a7e7-c7ddcac09d11(fv-az443-428.ap2fcshprsnunfx25e1aelzb4b.cx.internal.cloudapp.net/10.1.0.20) reports an QUASI_CLOSED replica.
2023-04-22 02:18:56,487 [FixedThreadPoolWithAffinityExecutor-0-0] WARN  container.ContainerReportHandler (AbstractContainerReportHandler.java:updateContainerState(259)) - Container #1 is in OPEN state, but the datanode 44aa5787-a9ca-4d27-a88e-9069c8f4547b(fv-az443-428.ap2fcshprsnunfx25e1aelzb4b.cx.internal.cloudapp.net/10.1.0.20) reports an QUASI_CLOSED replica.
2023-04-22 02:18:56,488 [FixedThreadPoolWithAffinityExecutor-9-0] WARN  container.ContainerReportHandler (AbstractContainerReportHandler.java:updateContainerState(259)) - Container #4 is in OPEN state, but the datanode ffe33985-86ac-4dba-9cf7-e9d9be1914b9(fv-az443-428.ap2fcshprsnunfx25e1aelzb4b.cx.internal.cloudapp.net/10.1.0.20) reports an CLOSED replica.
2023-04-22 02:18:56,541 [FixedThreadPoolWithAffinityExecutor-9-0] WARN  container.ContainerReportHandler (AbstractContainerReportHandler.java:updateContainerState(259)) - Container #1 is in OPEN state, but the datanode 6aaf5ca8-0737-4296-ba95-7f0e9402c55b(fv-az443-428.ap2fcshprsnunfx25e1aelzb4b.cx.internal.cloudapp.net/10.1.0.20) reports an QUASI_CLOSED replica.
2023-04-22 02:18:56,688 [FixedThreadPoolWithAffinityExecutor-9-0] WARN  container.ContainerReportHandler (AbstractContainerReportHandler.java:updateContainerState(259)) - Container #4 is in OPEN state, but the datanode ffe33985-86ac-4dba-9cf7-e9d9be1914b9(fv-az443-428.ap2fcshprsnunfx25e1aelzb4b.cx.internal.cloudapp.net/10.1.0.20) reports an CLOSED replica.
2023-04-22 02:18:56,688 [FixedThreadPoolWithAffinityExecutor-0-0] WARN  container.ContainerReportHandler (AbstractContainerReportHandler.java:updateContainerState(259)) - Container #1 is in OPEN state, but the datanode 44aa5787-a9ca-4d27-a88e-9069c8f4547b(fv-az443-428.ap2fcshprsnunfx25e1aelzb4b.cx.internal.cloudapp.net/10.1.0.20) reports an QUASI_CLOSED replica.
2023-04-22 02:18:56,742 [FixedThreadPoolWithAffinityExecutor-9-0] WARN  container.ContainerReportHandler (AbstractContainerReportHandler.java:updateContainerState(259)) - Container #1 is in OPEN state, but the datanode 6aaf5ca8-0737-4296-ba95-7f0e9402c55b(fv-az443-428.ap2fcshprsnunfx25e1aelzb4b.cx.internal.cloudapp.net/10.1.0.20) reports an QUASI_CLOSED replica.
2023-04-22 02:18:56,802 [FixedThreadPoolWithAffinityExecutor-0-0] WARN  container.ContainerReportHandler (AbstractContainerReportHandler.java:updateContainerState(259)) - Container #1 is in OPEN state, but the datanode 4fb9f1f7-4e3b-4bcf-a7e7-c7ddcac09d11(fv-az443-428.ap2fcshprsnunfx25e1aelzb4b.cx.internal.cloudapp.net/10.1.0.20) reports an QUASI_CLOSED replica.
2023-04-22 02:18:57,002 [FixedThreadPoolWithAffinityExecutor-0-0] WARN  container.ContainerReportHandler (AbstractContainerReportHandler.java:updateContainerState(259)) - Container #1 is in OPEN state, but the datanode 4fb9f1f7-4e3b-4bcf-a7e7-c7ddcac09d11(fv-az443-428.ap2fcshprsnunfx25e1aelzb4b.cx.internal.cloudapp.net/10.1.0.20) reports an QUASI_CLOSED replica.
2023-04-22 02:18:57,088 [FixedThreadPoolWithAffinityExecutor-9-0] WARN  container.ContainerReportHandler (AbstractContainerReportHandler.java:updateContainerState(259)) - Container #4 is in OPEN state, but the datanode ffe33985-86ac-4dba-9cf7-e9d9be1914b9(fv-az443-428.ap2fcshprsnunfx25e1aelzb4b.cx.internal.cloudapp.net/10.1.0.20) reports an CLOSED replica.
2023-04-22 02:18:57,088 [FixedThreadPoolWithAffinityExecutor-0-0] WARN  container.ContainerReportHandler (AbstractContainerReportHandler.java:updateContainerState(259)) - Container #1 is in OPEN state, but the datanode 44aa5787-a9ca-4d27-a88e-9069c8f4547b(fv-az443-428.ap2fcshprsnunfx25e1aelzb4b.cx.internal.cloudapp.net/10.1.0.20) reports an QUASI_CLOSED replica.
2023-04-22 02:18:57,142 [FixedThreadPoolWithAffinityExecutor-9-0] WARN  container.ContainerReportHandler (AbstractContainerReportHandler.java:updateContainerState(259)) - Container #1 is in OPEN state, but the datanode 6aaf5ca8-0737-4296-ba95-7f0e9402c55b(fv-az443-428.ap2fcshprsnunfx25e1aelzb4b.cx.internal.cloudapp.net/10.1.0.20) reports an QUASI_CLOSED replica.
2023-04-22 02:18:57,288 [FixedThreadPoolWithAffinityExecutor-0-0] WARN  container.ContainerReportHandler (AbstractContainerReportHandler.java:updateContainerState(259)) - Container #1 is in OPEN state, but the datanode 44aa5787-a9ca-4d27-a88e-9069c8f4547b(fv-az443-428.ap2fcshprsnunfx25e1aelzb4b.cx.internal.cloudapp.net/10.1.0.20) reports an QUASI_CLOSED replica.
2023-04-22 02:18:57,401 [FixedThreadPoolWithAffinityExecutor-0-0] WARN  container.ContainerReportHandler (AbstractContainerReportHandler.java:updateContainerState(259)) - Container #1 is in OPEN state, but the datanode 4fb9f1f7-4e3b-4bcf-a7e7-c7ddcac09d11(fv-az443-428.ap2fcshprsnunfx25e1aelzb4b.cx.internal.cloudapp.net/10.1.0.20) reports an QUASI_CLOSED replica.
2023-04-22 02:18:57,488 [FixedThreadPoolWithAffinityExecutor-9-0] WARN  container.ContainerReportHandler (AbstractContainerReportHandler.java:updateContainerState(259)) - Container #4 is in OPEN state, but the datanode ffe33985-86ac-4dba-9cf7-e9d9be1914b9(fv-az443-428.ap2fcshprsnunfx25e1aelzb4b.cx.internal.cloudapp.net/10.1.0.20) reports an CLOSED replica.
2023-04-22 02:18:57,488 [FixedThreadPoolWithAffinityExecutor-0-0] WARN  container.ContainerReportHandler (AbstractContainerReportHandler.java:updateContainerState(259)) - Container #1 is in OPEN state, but the datanode 44aa5787-a9ca-4d27-a88e-9069c8f4547b(fv-az443-428.ap2fcshprsnunfx25e1aelzb4b.cx.internal.cloudapp.net/10.1.0.20) reports an QUASI_CLOSED replica.
2023-04-22 02:18:57,545 [FixedThreadPoolWithAffinityExecutor-9-0] WARN  container.ContainerReportHandler (AbstractContainerReportHandler.java:updateContainerState(259)) - Container #1 is in OPEN state, but the datanode 6aaf5ca8-0737-4296-ba95-7f0e9402c55b(fv-az443-428.ap2fcshprsnunfx25e1aelzb4b.cx.internal.cloudapp.net/10.1.0.20) reports an QUASI_CLOSED replica.
2023-04-22 02:18:57,689 [FixedThreadPoolWithAffinityExecutor-9-0] WARN  container.ContainerReportHandler (AbstractContainerReportHandler.java:updateContainerState(259)) - Container #4 is in OPEN state, but the datanode ffe33985-86ac-4dba-9cf7-e9d9be1914b9(fv-az443-428.ap2fcshprsnunfx25e1aelzb4b.cx.internal.cloudapp.net/10.1.0.20) reports an CLOSED replica.
2023-04-22 02:18:57,689 [FixedThreadPoolWithAffinityExecutor-0-0] WARN  container.ContainerReportHandler (AbstractContainerReportHandler.java:updateContainerState(259)) - Container #1 is in OPEN state, but the datanode 44aa5787-a9ca-4d27-a88e-9069c8f4547b(fv-az443-428.ap2fcshprsnunfx25e1aelzb4b.cx.internal.cloudapp.net/10.1.0.20) reports an QUASI_CLOSED replica.
2023-04-22 02:18:57,803 [FixedThreadPoolWithAffinityExecutor-0-0] WARN  container.ContainerReportHandler (AbstractContainerReportHandler.java:updateContainerState(259)) - Container #1 is in OPEN state, but the datanode 4fb9f1f7-4e3b-4bcf-a7e7-c7ddcac09d11(fv-az443-428.ap2fcshprsnunfx25e1aelzb4b.cx.internal.cloudapp.net/10.1.0.20) reports an QUASI_CLOSED replica.
2023-04-22 02:18:57,888 [FixedThreadPoolWithAffinityExecutor-0-0] WARN  container.ContainerReportHandler (AbstractContainerReportHandler.java:updateContainerState(259)) - Container #1 is in OPEN state, but the datanode 44aa5787-a9ca-4d27-a88e-9069c8f4547b(fv-az443-428.ap2fcshprsnunfx25e1aelzb4b.cx.internal.cloudapp.net/10.1.0.20) reports an QUASI_CLOSED replica.
2023-04-22 02:18:57,943 [FixedThreadPoolWithAffinityExecutor-9-0] WARN  container.ContainerReportHandler (AbstractContainerReportHandler.java:updateContainerState(259)) - Container #1 is in OPEN state, but the datanode 6aaf5ca8-0737-4296-ba95-7f0e9402c55b(fv-az443-428.ap2fcshprsnunfx25e1aelzb4b.cx.internal.cloudapp.net/10.1.0.20) reports an QUASI_CLOSED replica.
2023-04-22 02:18:58,002 [FixedThreadPoolWithAffinityExecutor-0-0] WARN  container.ContainerReportHandler (AbstractContainerReportHandler.java:updateContainerState(259)) - Container #1 is in OPEN state, but the datanode 4fb9f1f7-4e3b-4bcf-a7e7-c7ddcac09d11(fv-az443-428.ap2fcshprsnunfx25e1aelzb4b.cx.internal.cloudapp.net/10.1.0.20) reports an QUASI_CLOSED replica.
2023-04-22 02:18:58,088 [FixedThreadPoolWithAffinityExecutor-9-0] WARN  container.ContainerReportHandler (AbstractContainerReportHandler.java:updateContainerState(259)) - Container #4 is in OPEN state, but the datanode ffe33985-86ac-4dba-9cf7-e9d9be1914b9(fv-az443-428.ap2fcshprsnunfx25e1aelzb4b.cx.internal.cloudapp.net/10.1.0.20) reports an CLOSED replica.
2023-04-22 02:18:58,288 [FixedThreadPoolWithAffinityExecutor-9-0] WARN  container.ContainerReportHandler (AbstractContainerReportHandler.java:updateContainerState(259)) - Container #4 is in OPEN state, but the datanode ffe33985-86ac-4dba-9cf7-e9d9be1914b9(fv-az443-428.ap2fcshprsnunfx25e1aelzb4b.cx.internal.cloudapp.net/10.1.0.20) reports an CLOSED replica.
2023-04-22 02:18:58,290 [FixedThreadPoolWithAffinityExecutor-0-0] WARN  container.ContainerReportHandler (AbstractContainerReportHandler.java:updateContainerState(259)) - Container #1 is in OPEN state, but the datanode 44aa5787-a9ca-4d27-a88e-9069c8f4547b(fv-az443-428.ap2fcshprsnunfx25e1aelzb4b.cx.internal.cloudapp.net/10.1.0.20) reports an QUASI_CLOSED replica.
2023-04-22 02:18:58,343 [FixedThreadPoolWithAffinityExecutor-9-0] WARN  container.ContainerReportHandler (AbstractContainerReportHandler.java:updateContainerState(259)) - Container #1 is in OPEN state, but the datanode 6aaf5ca8-0737-4296-ba95-7f0e9402c55b(fv-az443-428.ap2fcshprsnunfx25e1aelzb4b.cx.internal.cloudapp.net/10.1.0.20) reports an QUASI_CLOSED replica.
2023-04-22 02:18:58,401 [FixedThreadPoolWithAffinityExecutor-0-0] WARN  container.ContainerReportHandler (AbstractContainerReportHandler.java:updateContainerState(259)) - Container #1 is in OPEN state, but the datanode 4fb9f1f7-4e3b-4bcf-a7e7-c7ddcac09d11(fv-az443-428.ap2fcshprsnunfx25e1aelzb4b.cx.internal.cloudapp.net/10.1.0.20) reports an QUASI_CLOSED replica.
2023-04-22 02:18:58,488 [FixedThreadPoolWithAffinityExecutor-0-0] WARN  container.ContainerReportHandler (AbstractContainerReportHandler.java:updateContainerState(259)) - Container #1 is in OPEN state, but the datanode 44aa5787-a9ca-4d27-a88e-9069c8f4547b(fv-az443-428.ap2fcshprsnunfx25e1aelzb4b.cx.internal.cloudapp.net/10.1.0.20) reports an QUASI_CLOSED replica.
2023-04-22 02:18:58,688 [FixedThreadPoolWithAffinityExecutor-9-0] WARN  container.ContainerReportHandler (AbstractContainerReportHandler.java:updateContainerState(259)) - Container #4 is in OPEN state, but the datanode ffe33985-86ac-4dba-9cf7-e9d9be1914b9(fv-az443-428.ap2fcshprsnunfx25e1aelzb4b.cx.internal.cloudapp.net/10.1.0.20) reports an CLOSED replica.
2023-04-22 02:18:58,688 [FixedThreadPoolWithAffinityExecutor-0-0] WARN  container.ContainerReportHandler (AbstractContainerReportHandler.java:updateContainerState(259)) - Container #1 is in OPEN state, but the datanode 44aa5787-a9ca-4d27-a88e-9069c8f4547b(fv-az443-428.ap2fcshprsnunfx25e1aelzb4b.cx.internal.cloudapp.net/10.1.0.20) reports an QUASI_CLOSED replica.
2023-04-22 02:18:58,742 [FixedThreadPoolWithAffinityExecutor-9-0] WARN  container.ContainerReportHandler (AbstractContainerReportHandler.java:updateContainerState(259)) - Container #1 is in OPEN state, but the datanode 6aaf5ca8-0737-4296-ba95-7f0e9402c55b(fv-az443-428.ap2fcshprsnunfx25e1aelzb4b.cx.internal.cloudapp.net/10.1.0.20) reports an QUASI_CLOSED replica.
2023-04-22 02:18:58,801 [FixedThreadPoolWithAffinityExecutor-0-0] WARN  container.ContainerReportHandler (AbstractContainerReportHandler.java:updateContainerState(259)) - Container #1 is in OPEN state, but the datanode 4fb9f1f7-4e3b-4bcf-a7e7-c7ddcac09d11(fv-az443-428.ap2fcshprsnunfx25e1aelzb4b.cx.internal.cloudapp.net/10.1.0.20) reports an QUASI_CLOSED replica.
2023-04-22 02:18:58,891 [FixedThreadPoolWithAffinityExecutor-0-0] WARN  container.ContainerReportHandler (AbstractContainerReportHandler.java:updateContainerState(259)) - Container #1 is in OPEN state, but the datanode 44aa5787-a9ca-4d27-a88e-9069c8f4547b(fv-az443-428.ap2fcshprsnunfx25e1aelzb4b.cx.internal.cloudapp.net/10.1.0.20) reports an QUASI_CLOSED replica.
2023-04-22 02:18:58,943 [FixedThreadPoolWithAffinityExecutor-9-0] WARN  container.ContainerReportHandler (AbstractContainerReportHandler.java:updateContainerState(259)) - Container #1 is in OPEN state, but the datanode 6aaf5ca8-0737-4296-ba95-7f0e9402c55b(fv-az443-428.ap2fcshprsnunfx25e1aelzb4b.cx.internal.cloudapp.net/10.1.0.20) reports an QUASI_CLOSED replica.
2023-04-22 02:18:59,001 [FixedThreadPoolWithAffinityExecutor-0-0] WARN  container.ContainerReportHandler (AbstractContainerReportHandler.java:updateContainerState(259)) - Container #1 is in OPEN state, but the datanode 4fb9f1f7-4e3b-4bcf-a7e7-c7ddcac09d11(fv-az443-428.ap2fcshprsnunfx25e1aelzb4b.cx.internal.cloudapp.net/10.1.0.20) reports an QUASI_CLOSED replica.
2023-04-22 02:18:59,068 [timer7] WARN  server.GrpcLogAppender (GrpcLogAppender.java:timeoutAppendRequest(314)) - b7c32ab9-1d10-40a2-8298-2f54da75b521@group-E7D3625E2A84->1fa0605c-c70f-40a8-a13c-0f797dcff94f-GrpcLogAppender: HEARTBEAT appendEntries Timeout, request=AppendEntriesRequest:cid=8078843,entriesCount=0,lastEntry=null
2023-04-22 02:18:59,088 [FixedThreadPoolWithAffinityExecutor-9-0] WARN  container.ContainerReportHandler (AbstractContainerReportHandler.java:updateContainerState(259)) - Container #4 is in OPEN state, but the datanode ffe33985-86ac-4dba-9cf7-e9d9be1914b9(fv-az443-428.ap2fcshprsnunfx25e1aelzb4b.cx.internal.cloudapp.net/10.1.0.20) reports an CLOSED replica.
2023-04-22 02:18:59,288 [FixedThreadPoolWithAffinityExecutor-9-0] WARN  container.ContainerReportHandler (AbstractContainerReportHandler.java:updateContainerState(259)) - Container #4 is in OPEN state, but the datanode ffe33985-86ac-4dba-9cf7-e9d9be1914b9(fv-az443-428.ap2fcshprsnunfx25e1aelzb4b.cx.internal.cloudapp.net/10.1.0.20) reports an CLOSED replica.
2023-04-22 02:18:59,289 [FixedThreadPoolWithAffinityExecutor-0-0] WARN  container.ContainerReportHandler (AbstractContainerReportHandler.java:updateContainerState(259)) - Container #1 is in OPEN state, but the datanode 44aa5787-a9ca-4d27-a88e-9069c8f4547b(fv-az443-428.ap2fcshprsnunfx25e1aelzb4b.cx.internal.cloudapp.net/10.1.0.20) reports an QUASI_CLOSED replica.
2023-04-22 02:18:59,343 [FixedThreadPoolWithAffinityExecutor-9-0] WARN  container.ContainerReportHandler (AbstractContainerReportHandler.java:updateContainerState(259)) - Container #1 is in OPEN state, but the datanode 6aaf5ca8-0737-4296-ba95-7f0e9402c55b(fv-az443-428.ap2fcshprsnunfx25e1aelzb4b.cx.internal.cloudapp.net/10.1.0.20) reports an QUASI_CLOSED replica.
2023-04-22 02:18:59,402 [FixedThreadPoolWithAffinityExecutor-0-0] WARN  container.ContainerReportHandler (AbstractContainerReportHandler.java:updateContainerState(259)) - Container #1 is in OPEN state, but the datanode 4fb9f1f7-4e3b-4bcf-a7e7-c7ddcac09d11(fv-az443-428.ap2fcshprsnunfx25e1aelzb4b.cx.internal.cloudapp.net/10.1.0.20) reports an QUASI_CLOSED replica.
2023-04-22 02:18:59,490 [FixedThreadPoolWithAffinityExecutor-0-0] WARN  container.ContainerReportHandler (AbstractContainerReportHandler.java:updateContainerState(259)) - Container #1 is in OPEN state, but the datanode 44aa5787-a9ca-4d27-a88e-9069c8f4547b(fv-az443-428.ap2fcshprsnunfx25e1aelzb4b.cx.internal.cloudapp.net/10.1.0.20) reports an QUASI_CLOSED replica.
2023-04-22 02:18:59,688 [FixedThreadPoolWithAffinityExecutor-9-0] WARN  container.ContainerReportHandler (AbstractContainerReportHandler.java:updateContainerState(259)) - Container #4 is in OPEN state, but the datanode ffe33985-86ac-4dba-9cf7-e9d9be1914b9(fv-az443-428.ap2fcshprsnunfx25e1aelzb4b.cx.internal.cloudapp.net/10.1.0.20) reports an CLOSED replica.
2023-04-22 02:18:59,689 [FixedThreadPoolWithAffinityExecutor-0-0] WARN  container.ContainerReportHandler (AbstractContainerReportHandler.java:updateContainerState(259)) - Container #1 is in OPEN state, but the datanode 44aa5787-a9ca-4d27-a88e-9069c8f4547b(fv-az443-428.ap2fcshprsnunfx25e1aelzb4b.cx.internal.cloudapp.net/10.1.0.20) reports an QUASI_CLOSED replica.
2023-04-22 02:18:59,705 [grpc-default-executor-5] ERROR impl.OrderedAsync (OrderedAsync.java:lambda$send$4(175)) - Failed to send request, message=cmdType: WriteChunk
traceID: ""
containerID: 7
datanodeUuid: "4fb9f1f7-4e3b-4bcf-a7e7-c7ddcac09d11"
writeChunk {
  blockID {
    containerID: 7
    localID: 111677748019200007
    blockCommitSequenceId: 2
    replicaIndex: 0
  }
  chunkData {
    chunkName: "111677748019200007_chunk_2"
    offset: 5
    len: 5
    checksumData {
      type: CRC32
      bytesPerChecksum: 1048576
      checksums: "\350a\3440"
    }
  }
}
, data.size=5
java.util.concurrent.CompletionException: org.apache.ratis.protocol.exceptions.GroupMismatchException: 4fb9f1f7-4e3b-4bcf-a7e7-c7ddcac09d11: group-6426E8D710A2 not found.
	at java.util.concurrent.CompletableFuture.encodeThrowable(CompletableFuture.java:292)
	at java.util.concurrent.CompletableFuture.completeThrowable(CompletableFuture.java:308)
	at java.util.concurrent.CompletableFuture.uniApply(CompletableFuture.java:607)
	at java.util.concurrent.CompletableFuture$UniApply.tryFire(CompletableFuture.java:591)
	at java.util.concurrent.CompletableFuture.postComplete(CompletableFuture.java:488)
	at java.util.concurrent.CompletableFuture.completeExceptionally(CompletableFuture.java:1990)
	at org.apache.ratis.client.impl.OrderedAsync$PendingOrderedRequest.fail(OrderedAsync.java:104)
	at org.apache.ratis.util.SlidingWindow$Client.fail(SlidingWindow.java:392)
	at org.apache.ratis.client.impl.OrderedAsync.failAllAsyncRequests(OrderedAsync.java:148)
	at org.apache.ratis.client.impl.OrderedAsync.lambda$sendRequest$10(OrderedAsync.java:273)
	at java.util.concurrent.CompletableFuture.uniExceptionally(CompletableFuture.java:884)
	at java.util.concurrent.CompletableFuture$UniExceptionally.tryFire(CompletableFuture.java:866)
	at java.util.concurrent.CompletableFuture.postComplete(CompletableFuture.java:488)
	at java.util.concurrent.CompletableFuture.completeExceptionally(CompletableFuture.java:1990)
	at org.apache.ratis.grpc.client.GrpcClientProtocolClient$AsyncStreamObservers.completeReplyExceptionally(GrpcClientProtocolClient.java:394)
	at org.apache.ratis.grpc.client.GrpcClientProtocolClient$AsyncStreamObservers.access$000(GrpcClientProtocolClient.java:300)
	at org.apache.ratis.grpc.client.GrpcClientProtocolClient$AsyncStreamObservers$1.onError(GrpcClientProtocolClient.java:331)
	at org.apache.ratis.thirdparty.io.grpc.stub.ClientCalls$StreamObserverToCallListenerAdapter.onClose(ClientCalls.java:487)
	at org.apache.ratis.thirdparty.io.grpc.PartialForwardingClientCallListener.onClose(PartialForwardingClientCallListener.java:39)
	at org.apache.ratis.thirdparty.io.grpc.ForwardingClientCallListener.onClose(ForwardingClientCallListener.java:23)
	at org.apache.ratis.grpc.metrics.intercept.client.MetricClientCallListener.onClose(MetricClientCallListener.java:47)
	at org.apache.ratis.thirdparty.io.grpc.internal.DelayedClientCall$DelayedListener$3.run(DelayedClientCall.java:468)
	at org.apache.ratis.thirdparty.io.grpc.internal.DelayedClientCall$DelayedListener.delayOrExecute(DelayedClientCall.java:432)
	at org.apache.ratis.thirdparty.io.grpc.internal.DelayedClientCall$DelayedListener.onClose(DelayedClientCall.java:465)
	at org.apache.ratis.thirdparty.io.grpc.internal.ClientCallImpl.closeObserver(ClientCallImpl.java:562)
	at org.apache.ratis.thirdparty.io.grpc.internal.ClientCallImpl.access$300(ClientCallImpl.java:70)
	at org.apache.ratis.thirdparty.io.grpc.internal.ClientCallImpl$ClientStreamListenerImpl$1StreamClosed.runInternal(ClientCallImpl.java:743)
	at org.apache.ratis.thirdparty.io.grpc.internal.ClientCallImpl$ClientStreamListenerImpl$1StreamClosed.runInContext(ClientCallImpl.java:722)
	at org.apache.ratis.thirdparty.io.grpc.internal.ContextRunnable.run(ContextRunnable.java:37)
	at org.apache.ratis.thirdparty.io.grpc.internal.SerializingExecutor.run(SerializingExecutor.java:133)
	at java.util.concurrent.ThreadPoolExecutor.runWorker(ThreadPoolExecutor.java:1149)
	at java.util.concurrent.ThreadPoolExecutor$Worker.run(ThreadPoolExecutor.java:624)
	at java.lang.Thread.run(Thread.java:750)
Caused by: org.apache.ratis.protocol.exceptions.GroupMismatchException: 4fb9f1f7-4e3b-4bcf-a7e7-c7ddcac09d11: group-6426E8D710A2 not found.
	at org.apache.ratis.server.impl.RaftServerProxy$ImplMap.get(RaftServerProxy.java:150)
	at org.apache.ratis.server.impl.RaftServerProxy.getImplFuture(RaftServerProxy.java:351)
	at org.apache.ratis.server.impl.RaftServerProxy.submitClientRequestAsync(RaftServerProxy.java:435)
	at org.apache.ratis.grpc.server.GrpcClientProtocolService$RequestStreamObserver.processClientRequest(GrpcClientProtocolService.java:226)
	at org.apache.ratis.grpc.server.GrpcClientProtocolService$OrderedRequestStreamObserver.processClientRequest(GrpcClientProtocolService.java:332)
	at org.apache.ratis.util.SlidingWindow$Server.processRequestsFromHead(SlidingWindow.java:459)
	at org.apache.ratis.util.SlidingWindow$Server.receivedRequest(SlidingWindow.java:451)
	at org.apache.ratis.grpc.server.GrpcClientProtocolService$OrderedRequestStreamObserver.processClientRequest(GrpcClientProtocolService.java:356)
	at org.apache.ratis.grpc.server.GrpcClientProtocolService$RequestStreamObserver.onNext(GrpcClientProtocolService.java:246)
	at org.apache.ratis.grpc.server.GrpcClientProtocolService$RequestStreamObserver.onNext(GrpcClientProtocolService.java:169)
	at org.apache.ratis.thirdparty.io.grpc.stub.ServerCalls$StreamingServerCallHandler$StreamingServerCallListener.onMessage(ServerCalls.java:262)
	at org.apache.ratis.thirdparty.io.grpc.ForwardingServerCallListener.onMessage(ForwardingServerCallListener.java:33)
	at org.apache.ratis.thirdparty.io.grpc.internal.ServerCallImpl$ServerStreamListenerImpl.messagesAvailableInternal(ServerCallImpl.java:332)
	at org.apache.ratis.thirdparty.io.grpc.internal.ServerCallImpl$ServerStreamListenerImpl.messagesAvailable(ServerCallImpl.java:315)
	at org.apache.ratis.thirdparty.io.grpc.internal.ServerImpl$JumpToApplicationThreadServerStreamListener$1MessagesAvailable.runInContext(ServerImpl.java:834)
	... 5 more
2023-04-22 02:18:59,705 [grpc-default-executor-5] ERROR impl.OrderedAsync (OrderedAsync.java:lambda$send$4(175)) - Failed to send request, message=cmdType: PutBlock
traceID: ""
containerID: 7
datanodeUuid: "4fb9f1f7-4e3b-4bcf-a7e7-c7ddcac09d11"
putBlock {
  blockData {
    blockID {
      containerID: 7
      localID: 111677748019200007
      blockCommitSequenceId: 0
    }
    metadata {
      key: "TYPE"
      value: "KEY"
    }
    chunks {
      chunkName: "111677748019200007_chunk_1"
      offset: 0
      len: 5
      checksumData {
        type: CRC32
        bytesPerChecksum: 1048576
        checksums: "\350a\3440"
      }
    }
    chunks {
      chunkName: "111677748019200007_chunk_2"
      offset: 5
      len: 5
      checksumData {
        type: CRC32
        bytesPerChecksum: 1048576
        checksums: "\350a\3440"
      }
    }
  }
  eof: true
}
, data.size=0
java.util.concurrent.CompletionException: org.apache.ratis.protocol.exceptions.AlreadyClosedException: SlidingWindow$Client:client-8130CA4243B0->RAFT is closed.
	at java.util.concurrent.CompletableFuture.encodeThrowable(CompletableFuture.java:292)
	at java.util.concurrent.CompletableFuture.completeThrowable(CompletableFuture.java:308)
	at java.util.concurrent.CompletableFuture.uniApply(CompletableFuture.java:607)
	at java.util.concurrent.CompletableFuture$UniApply.tryFire(CompletableFuture.java:591)
	at java.util.concurrent.CompletableFuture.postComplete(CompletableFuture.java:488)
	at java.util.concurrent.CompletableFuture.completeExceptionally(CompletableFuture.java:1990)
	at org.apache.ratis.client.impl.OrderedAsync$PendingOrderedRequest.fail(OrderedAsync.java:104)
	at org.apache.ratis.util.SlidingWindow$Client.alreadyClosed(SlidingWindow.java:406)
	at org.apache.ratis.util.SlidingWindow$Client.fail(SlidingWindow.java:394)
	at org.apache.ratis.client.impl.OrderedAsync.failAllAsyncRequests(OrderedAsync.java:148)
	at org.apache.ratis.client.impl.OrderedAsync.lambda$sendRequest$10(OrderedAsync.java:273)
	at java.util.concurrent.CompletableFuture.uniExceptionally(CompletableFuture.java:884)
	at java.util.concurrent.CompletableFuture$UniExceptionally.tryFire(CompletableFuture.java:866)
	at java.util.concurrent.CompletableFuture.postComplete(CompletableFuture.java:488)
	at java.util.concurrent.CompletableFuture.completeExceptionally(CompletableFuture.java:1990)
	at org.apache.ratis.grpc.client.GrpcClientProtocolClient$AsyncStreamObservers.completeReplyExceptionally(GrpcClientProtocolClient.java:394)
	at org.apache.ratis.grpc.client.GrpcClientProtocolClient$AsyncStreamObservers.access$000(GrpcClientProtocolClient.java:300)
	at org.apache.ratis.grpc.client.GrpcClientProtocolClient$AsyncStreamObservers$1.onError(GrpcClientProtocolClient.java:331)
	at org.apache.ratis.thirdparty.io.grpc.stub.ClientCalls$StreamObserverToCallListenerAdapter.onClose(ClientCalls.java:487)
	at org.apache.ratis.thirdparty.io.grpc.PartialForwardingClientCallListener.onClose(PartialForwardingClientCallListener.java:39)
	at org.apache.ratis.thirdparty.io.grpc.ForwardingClientCallListener.onClose(ForwardingClientCallListener.java:23)
	at org.apache.ratis.grpc.metrics.intercept.client.MetricClientCallListener.onClose(MetricClientCallListener.java:47)
	at org.apache.ratis.thirdparty.io.grpc.internal.DelayedClientCall$DelayedListener$3.run(DelayedClientCall.java:468)
	at org.apache.ratis.thirdparty.io.grpc.internal.DelayedClientCall$DelayedListener.delayOrExecute(DelayedClientCall.java:432)
	at org.apache.ratis.thirdparty.io.grpc.internal.DelayedClientCall$DelayedListener.onClose(DelayedClientCall.java:465)
	at org.apache.ratis.thirdparty.io.grpc.internal.ClientCallImpl.closeObserver(ClientCallImpl.java:562)
	at org.apache.ratis.thirdparty.io.grpc.internal.ClientCallImpl.access$300(ClientCallImpl.java:70)
	at org.apache.ratis.thirdparty.io.grpc.internal.ClientCallImpl$ClientStreamListenerImpl$1StreamClosed.runInternal(ClientCallImpl.java:743)
	at org.apache.ratis.thirdparty.io.grpc.internal.ClientCallImpl$ClientStreamListenerImpl$1StreamClosed.runInContext(ClientCallImpl.java:722)
	at org.apache.ratis.thirdparty.io.grpc.internal.ContextRunnable.run(ContextRunnable.java:37)
	at org.apache.ratis.thirdparty.io.grpc.internal.SerializingExecutor.run(SerializingExecutor.java:133)
	at java.util.concurrent.ThreadPoolExecutor.runWorker(ThreadPoolExecutor.java:1149)
	at java.util.concurrent.ThreadPoolExecutor$Worker.run(ThreadPoolExecutor.java:624)
	at java.lang.Thread.run(Thread.java:750)
Caused by: org.apache.ratis.protocol.exceptions.AlreadyClosedException: SlidingWindow$Client:client-8130CA4243B0->RAFT is closed.
	... 27 more
Caused by: org.apache.ratis.protocol.exceptions.GroupMismatchException: 4fb9f1f7-4e3b-4bcf-a7e7-c7ddcac09d11: group-6426E8D710A2 not found.
	at org.apache.ratis.server.impl.RaftServerProxy$ImplMap.get(RaftServerProxy.java:150)
	at org.apache.ratis.server.impl.RaftServerProxy.getImplFuture(RaftServerProxy.java:351)
	at org.apache.ratis.server.impl.RaftServerProxy.submitClientRequestAsync(RaftServerProxy.java:435)
	at org.apache.ratis.grpc.server.GrpcClientProtocolService$RequestStreamObserver.processClientRequest(GrpcClientProtocolService.java:226)
	at org.apache.ratis.grpc.server.GrpcClientProtocolService$OrderedRequestStreamObserver.processClientRequest(GrpcClientProtocolService.java:332)
	at org.apache.ratis.util.SlidingWindow$Server.processRequestsFromHead(SlidingWindow.java:459)
	at org.apache.ratis.util.SlidingWindow$Server.receivedRequest(SlidingWindow.java:451)
	at org.apache.ratis.grpc.server.GrpcClientProtocolService$OrderedRequestStreamObserver.processClientRequest(GrpcClientProtocolService.java:356)
	at org.apache.ratis.grpc.server.GrpcClientProtocolService$RequestStreamObserver.onNext(GrpcClientProtocolService.java:246)
	at org.apache.ratis.grpc.server.GrpcClientProtocolService$RequestStreamObserver.onNext(GrpcClientProtocolService.java:169)
	at org.apache.ratis.thirdparty.io.grpc.stub.ServerCalls$StreamingServerCallHandler$StreamingServerCallListener.onMessage(ServerCalls.java:262)
	at org.apache.ratis.thirdparty.io.grpc.ForwardingServerCallListener.onMessage(ForwardingServerCallListener.java:33)
	at org.apache.ratis.thirdparty.io.grpc.internal.ServerCallImpl$ServerStreamListenerImpl.messagesAvailableInternal(ServerCallImpl.java:332)
	at org.apache.ratis.thirdparty.io.grpc.internal.ServerCallImpl$ServerStreamListenerImpl.messagesAvailable(ServerCallImpl.java:315)
	at org.apache.ratis.thirdparty.io.grpc.internal.ServerImpl$JumpToApplicationThreadServerStreamListener$1MessagesAvailable.runInContext(ServerImpl.java:834)
	... 5 more
2023-04-22 02:18:59,708 [Listener at 127.0.0.1/41793] WARN  io.KeyOutputStream (KeyOutputStream.java:handleException(317)) - Encountered exception java.io.IOException: Unexpected Storage Container Exception: java.util.concurrent.CompletionException: Failed to write chunk 111677748019200007_chunk_2 into block conID: 7 locID: 111677748019200007 bcsId: 2 on the pipeline Pipeline[ Id: 7a774bb4-4d34-4289-ba9c-6426e8d710a2, Nodes: 4fb9f1f7-4e3b-4bcf-a7e7-c7ddcac09d11(fv-az443-428.ap2fcshprsnunfx25e1aelzb4b.cx.internal.cloudapp.net/10.1.0.20), ReplicationConfig: RATIS/ONE, State:OPEN, leaderId:4fb9f1f7-4e3b-4bcf-a7e7-c7ddcac09d11, CreationTimestamp2023-04-22T02:18:12.136Z[Etc/UTC]]. The last committed block length is 5, uncommitted data length is 5 retry count 0
2023-04-22 02:18:59,745 [FixedThreadPoolWithAffinityExecutor-9-0] WARN  container.ContainerReportHandler (AbstractContainerReportHandler.java:updateContainerState(259)) - Container #1 is in OPEN state, but the datanode 6aaf5ca8-0737-4296-ba95-7f0e9402c55b(fv-az443-428.ap2fcshprsnunfx25e1aelzb4b.cx.internal.cloudapp.net/10.1.0.20) reports an QUASI_CLOSED replica.
2023-04-22 02:18:59,784 [Listener at 127.0.0.1/41793] INFO  ozoneimpl.OzoneContainer (OzoneContainer.java:stop(419)) - Attempting to stop container services.
2023-04-22 02:18:59,786 [Listener at 127.0.0.1/41793] INFO  server.RaftServer (RaftServerProxy.java:lambda$close$6(409)) - 4fb9f1f7-4e3b-4bcf-a7e7-c7ddcac09d11: close
2023-04-22 02:18:59,787 [4fb9f1f7-4e3b-4bcf-a7e7-c7ddcac09d11-impl-thread1] INFO  server.RaftServer$Division (RaftServerImpl.java:lambda$close$4(458)) - 4fb9f1f7-4e3b-4bcf-a7e7-c7ddcac09d11@group-D97743807C2E: shutdown
2023-04-22 02:18:59,787 [4fb9f1f7-4e3b-4bcf-a7e7-c7ddcac09d11-impl-thread1] INFO  util.JmxRegister (JmxRegister.java:unregister(73)) - Successfully un-registered JMX Bean with object name Ratis:service=RaftServer,group=group-D97743807C2E,id=4fb9f1f7-4e3b-4bcf-a7e7-c7ddcac09d11
2023-04-22 02:18:59,787 [4fb9f1f7-4e3b-4bcf-a7e7-c7ddcac09d11-impl-thread1] INFO  impl.RoleInfo (RoleInfo.java:shutdownLeaderState(93)) - 4fb9f1f7-4e3b-4bcf-a7e7-c7ddcac09d11: shutdown 4fb9f1f7-4e3b-4bcf-a7e7-c7ddcac09d11@group-D97743807C2E-LeaderStateImpl
2023-04-22 02:18:59,787 [4fb9f1f7-4e3b-4bcf-a7e7-c7ddcac09d11-impl-thread1] INFO  impl.PendingRequests (PendingRequests.java:sendNotLeaderResponses(282)) - 4fb9f1f7-4e3b-4bcf-a7e7-c7ddcac09d11@group-D97743807C2E-PendingRequests: sendNotLeaderResponses
2023-04-22 02:18:59,787 [Listener at 127.0.0.1/41793] INFO  server.GrpcService (GrpcService.java:closeImpl(271)) - 4fb9f1f7-4e3b-4bcf-a7e7-c7ddcac09d11: shutdown server GrpcServerProtocolService now
2023-04-22 02:18:59,788 [4fb9f1f7-4e3b-4bcf-a7e7-c7ddcac09d11-impl-thread1] INFO  impl.StateMachineUpdater (StateMachineUpdater.java:stopAndJoin(153)) - 4fb9f1f7-4e3b-4bcf-a7e7-c7ddcac09d11@group-D97743807C2E-StateMachineUpdater: set stopIndex = 0
2023-04-22 02:18:59,788 [4fb9f1f7-4e3b-4bcf-a7e7-c7ddcac09d11-impl-thread2] INFO  server.RaftServer$Division (RaftServerImpl.java:lambda$close$4(458)) - 4fb9f1f7-4e3b-4bcf-a7e7-c7ddcac09d11@group-D4D495DF8B74: shutdown
2023-04-22 02:18:59,788 [4fb9f1f7-4e3b-4bcf-a7e7-c7ddcac09d11@group-D97743807C2E->44aa5787-a9ca-4d27-a88e-9069c8f4547b-GrpcLogAppender-LogAppenderDaemon] WARN  server.GrpcLogAppender (GrpcLogAppender.java:mayWait(200)) - 4fb9f1f7-4e3b-4bcf-a7e7-c7ddcac09d11@group-D97743807C2E->44aa5787-a9ca-4d27-a88e-9069c8f4547b-GrpcLogAppender: Wait interrupted by java.lang.InterruptedException
2023-04-22 02:18:59,788 [4fb9f1f7-4e3b-4bcf-a7e7-c7ddcac09d11-impl-thread2] INFO  util.JmxRegister (JmxRegister.java:unregister(73)) - Successfully un-registered JMX Bean with object name Ratis:service=RaftServer,group=group-D4D495DF8B74,id=4fb9f1f7-4e3b-4bcf-a7e7-c7ddcac09d11
2023-04-22 02:18:59,788 [4fb9f1f7-4e3b-4bcf-a7e7-c7ddcac09d11-impl-thread2] INFO  impl.RoleInfo (RoleInfo.java:shutdownFollowerState(110)) - 4fb9f1f7-4e3b-4bcf-a7e7-c7ddcac09d11: shutdown 4fb9f1f7-4e3b-4bcf-a7e7-c7ddcac09d11@group-D4D495DF8B74-FollowerState
2023-04-22 02:18:59,789 [4fb9f1f7-4e3b-4bcf-a7e7-c7ddcac09d11@group-D4D495DF8B74-FollowerState] INFO  impl.FollowerState (FollowerState.java:run(152)) - 4fb9f1f7-4e3b-4bcf-a7e7-c7ddcac09d11@group-D4D495DF8B74-FollowerState was interrupted
2023-04-22 02:18:59,789 [grpc-default-executor-5] INFO  server.GrpcServerProtocolService (GrpcServerProtocolService.java:onCompleted(143)) - 44aa5787-a9ca-4d27-a88e-9069c8f4547b: Completed APPEND_ENTRIES, lastRequest: 4fb9f1f7-4e3b-4bcf-a7e7-c7ddcac09d11->44aa5787-a9ca-4d27-a88e-9069c8f4547b#1-t1,previous=(t:0, i:0),leaderCommit=0,initializing? true,entries: size=1, first=(t:1, i:0), CONFIGURATIONENTRY(current:id: "6aaf5ca8-0737-4296-ba95-7f0e9402c55b"
address: "10.1.0.20:37225"
dataStreamAddress: "10.1.0.20:33711"
clientAddress: "10.1.0.20:37225"
adminAddress: "10.1.0.20:37225"
startupRole: FOLLOWER
,id: "4fb9f1f7-4e3b-4bcf-a7e7-c7ddcac09d11"
address: "10.1.0.20:44181"
priority: 1
dataStreamAddress: "10.1.0.20:37741"
clientAddress: "10.1.0.20:44181"
adminAddress: "10.1.0.20:44181"
startupRole: FOLLOWER
,id: "44aa5787-a9ca-4d27-a88e-9069c8f4547b"
address: "10.1.0.20:46431"
dataStreamAddress: "10.1.0.20:44789"
clientAddress: "10.1.0.20:46431"
adminAddress: "10.1.0.20:46431"
startupRole: FOLLOWER
, old:)
2023-04-22 02:18:59,788 [4fb9f1f7-4e3b-4bcf-a7e7-c7ddcac09d11@group-D97743807C2E->6aaf5ca8-0737-4296-ba95-7f0e9402c55b-GrpcLogAppender-LogAppenderDaemon] WARN  server.GrpcLogAppender (GrpcLogAppender.java:mayWait(200)) - 4fb9f1f7-4e3b-4bcf-a7e7-c7ddcac09d11@group-D97743807C2E->6aaf5ca8-0737-4296-ba95-7f0e9402c55b-GrpcLogAppender: Wait interrupted by java.lang.InterruptedException
2023-04-22 02:18:59,790 [grpc-default-executor-3] INFO  server.GrpcServerProtocolService (GrpcServerProtocolService.java:onCompleted(143)) - 6aaf5ca8-0737-4296-ba95-7f0e9402c55b: Completed APPEND_ENTRIES, lastRequest: null
2023-04-22 02:18:59,790 [grpc-default-executor-2] INFO  server.GrpcLogAppender (GrpcLogAppender.java:onCompleted(415)) - 4fb9f1f7-4e3b-4bcf-a7e7-c7ddcac09d11@group-D97743807C2E->44aa5787-a9ca-4d27-a88e-9069c8f4547b-AppendLogResponseHandler: follower responses appendEntries COMPLETED
2023-04-22 02:18:59,790 [grpc-default-executor-2] INFO  leader.FollowerInfo (FollowerInfoImpl.java:lambda$new$0(48)) - 4fb9f1f7-4e3b-4bcf-a7e7-c7ddcac09d11@group-D97743807C2E->44aa5787-a9ca-4d27-a88e-9069c8f4547b: nextIndex: updateUnconditionally 1 -> 0
2023-04-22 02:18:59,790 [4fb9f1f7-4e3b-4bcf-a7e7-c7ddcac09d11-impl-thread1] INFO  server.RaftServer$Division (ServerState.java:close(466)) - 4fb9f1f7-4e3b-4bcf-a7e7-c7ddcac09d11@group-D97743807C2E: closes. applyIndex: 0
2023-04-22 02:18:59,791 [grpc-default-executor-2] INFO  server.GrpcLogAppender (GrpcLogAppender.java:onCompleted(415)) - 4fb9f1f7-4e3b-4bcf-a7e7-c7ddcac09d11@group-D97743807C2E->6aaf5ca8-0737-4296-ba95-7f0e9402c55b-AppendLogResponseHandler: follower responses appendEntries COMPLETED
2023-04-22 02:18:59,791 [grpc-default-executor-2] INFO  leader.FollowerInfo (FollowerInfoImpl.java:lambda$new$0(48)) - 4fb9f1f7-4e3b-4bcf-a7e7-c7ddcac09d11@group-D97743807C2E->6aaf5ca8-0737-4296-ba95-7f0e9402c55b: nextIndex: updateUnconditionally 1 -> 0
2023-04-22 02:18:59,791 [grpc-default-executor-5] INFO  server.GrpcServerProtocolService (GrpcServerProtocolService.java:onCompleted(143)) - 44aa5787-a9ca-4d27-a88e-9069c8f4547b: Completed APPEND_ENTRIES, lastRequest: null
2023-04-22 02:18:59,791 [grpc-default-executor-2] INFO  server.GrpcLogAppender (GrpcLogAppender.java:onCompleted(415)) - 4fb9f1f7-4e3b-4bcf-a7e7-c7ddcac09d11@group-D97743807C2E->44aa5787-a9ca-4d27-a88e-9069c8f4547b-AppendLogResponseHandler: follower responses appendEntries COMPLETED
2023-04-22 02:18:59,791 [grpc-default-executor-2] INFO  leader.FollowerInfo (FollowerInfoImpl.java:lambda$new$0(48)) - 4fb9f1f7-4e3b-4bcf-a7e7-c7ddcac09d11@group-D97743807C2E->44aa5787-a9ca-4d27-a88e-9069c8f4547b: nextIndex: updateUnconditionally 0 -> 0
2023-04-22 02:18:59,792 [grpc-default-executor-4] INFO  server.GrpcServerProtocolService (GrpcServerProtocolService.java:onCompleted(143)) - 6aaf5ca8-0737-4296-ba95-7f0e9402c55b: Completed APPEND_ENTRIES, lastRequest: 4fb9f1f7-4e3b-4bcf-a7e7-c7ddcac09d11->6aaf5ca8-0737-4296-ba95-7f0e9402c55b#1-t1,previous=(t:0, i:0),leaderCommit=0,initializing? true,entries: size=1, first=(t:1, i:0), CONFIGURATIONENTRY(current:id: "6aaf5ca8-0737-4296-ba95-7f0e9402c55b"
address: "10.1.0.20:37225"
dataStreamAddress: "10.1.0.20:33711"
clientAddress: "10.1.0.20:37225"
adminAddress: "10.1.0.20:37225"
startupRole: FOLLOWER
,id: "4fb9f1f7-4e3b-4bcf-a7e7-c7ddcac09d11"
address: "10.1.0.20:44181"
priority: 1
dataStreamAddress: "10.1.0.20:37741"
clientAddress: "10.1.0.20:44181"
adminAddress: "10.1.0.20:44181"
startupRole: FOLLOWER
,id: "44aa5787-a9ca-4d27-a88e-9069c8f4547b"
address: "10.1.0.20:46431"
dataStreamAddress: "10.1.0.20:44789"
clientAddress: "10.1.0.20:46431"
adminAddress: "10.1.0.20:46431"
startupRole: FOLLOWER
, old:)
2023-04-22 02:18:59,792 [grpc-default-executor-5] INFO  server.GrpcLogAppender (GrpcLogAppender.java:onCompleted(415)) - 4fb9f1f7-4e3b-4bcf-a7e7-c7ddcac09d11@group-D97743807C2E->6aaf5ca8-0737-4296-ba95-7f0e9402c55b-AppendLogResponseHandler: follower responses appendEntries COMPLETED
2023-04-22 02:18:59,792 [grpc-default-executor-5] INFO  leader.FollowerInfo (FollowerInfoImpl.java:lambda$new$0(48)) - 4fb9f1f7-4e3b-4bcf-a7e7-c7ddcac09d11@group-D97743807C2E->6aaf5ca8-0737-4296-ba95-7f0e9402c55b: nextIndex: updateUnconditionally 0 -> 0
2023-04-22 02:18:59,795 [4fb9f1f7-4e3b-4bcf-a7e7-c7ddcac09d11@group-D97743807C2E-SegmentedRaftLogWorker] INFO  segmented.SegmentedRaftLogWorker (SegmentedRaftLogWorker.java:run(347)) - 4fb9f1f7-4e3b-4bcf-a7e7-c7ddcac09d11@group-D97743807C2E-SegmentedRaftLogWorker was interrupted, exiting. There are 0 tasks remaining in the queue.
2023-04-22 02:18:59,797 [grpc-default-executor-3] WARN  server.GrpcLogAppender (LogUtils.java:warn(122)) - 6aaf5ca8-0737-4296-ba95-7f0e9402c55b@group-D4D495DF8B74->4fb9f1f7-4e3b-4bcf-a7e7-c7ddcac09d11-AppendLogResponseHandler: Failed appendEntries: org.apache.ratis.thirdparty.io.grpc.StatusRuntimeException: CANCELLED: RST_STREAM closed stream. HTTP/2 error code: CANCEL
2023-04-22 02:18:59,797 [grpc-default-executor-3] INFO  leader.FollowerInfo (FollowerInfoImpl.java:lambda$new$0(48)) - 6aaf5ca8-0737-4296-ba95-7f0e9402c55b@group-D4D495DF8B74->4fb9f1f7-4e3b-4bcf-a7e7-c7ddcac09d11: nextIndex: updateUnconditionally 4 -> 3
2023-04-22 02:18:59,797 [grpc-default-executor-2] WARN  server.GrpcServerProtocolService (LogUtils.java:warn(122)) - 4fb9f1f7-4e3b-4bcf-a7e7-c7ddcac09d11: installSnapshot onError, lastRequest: 6aaf5ca8-0737-4296-ba95-7f0e9402c55b->4fb9f1f7-4e3b-4bcf-a7e7-c7ddcac09d11#5-t1,previous=(t:1, i:2),leaderCommit=2,initializing? true,entries: size=1, first=(t:1, i:3), METADATAENTRY(c:2): org.apache.ratis.thirdparty.io.grpc.StatusRuntimeException: CANCELLED: client cancelled
2023-04-22 02:18:59,798 [grpc-default-executor-3] WARN  server.GrpcLogAppender (LogUtils.java:warn(122)) - 6aaf5ca8-0737-4296-ba95-7f0e9402c55b@group-D4D495DF8B74->4fb9f1f7-4e3b-4bcf-a7e7-c7ddcac09d11-AppendLogResponseHandler: Failed appendEntries: org.apache.ratis.thirdparty.io.grpc.StatusRuntimeException: CANCELLED: RST_STREAM closed stream. HTTP/2 error code: CANCEL
2023-04-22 02:18:59,798 [grpc-default-executor-3] INFO  leader.FollowerInfo (FollowerInfoImpl.java:lambda$new$0(48)) - 6aaf5ca8-0737-4296-ba95-7f0e9402c55b@group-D4D495DF8B74->4fb9f1f7-4e3b-4bcf-a7e7-c7ddcac09d11: nextIndex: updateUnconditionally 3 -> 2
2023-04-22 02:18:59,798 [grpc-default-executor-5] WARN  server.GrpcServerProtocolService (LogUtils.java:warn(122)) - 4fb9f1f7-4e3b-4bcf-a7e7-c7ddcac09d11: installSnapshot onError, lastRequest: null: org.apache.ratis.thirdparty.io.grpc.StatusRuntimeException: CANCELLED: client cancelled
2023-04-22 02:18:59,799 [ForkJoinPool.commonPool-worker-1] INFO  server.GrpcServerProtocolClient (GrpcServerProtocolClient.java:close(101)) - 44aa5787-a9ca-4d27-a88e-9069c8f4547b Close channels
2023-04-22 02:18:59,799 [4fb9f1f7-4e3b-4bcf-a7e7-c7ddcac09d11-impl-thread2] INFO  impl.StateMachineUpdater (StateMachineUpdater.java:stopAndJoin(153)) - 4fb9f1f7-4e3b-4bcf-a7e7-c7ddcac09d11@group-D4D495DF8B74-StateMachineUpdater: set stopIndex = 3
2023-04-22 02:18:59,799 [Listener at 127.0.0.1/41793] INFO  server.GrpcServerProtocolClient (GrpcServerProtocolClient.java:close(101)) - 6aaf5ca8-0737-4296-ba95-7f0e9402c55b Close channels
2023-04-22 02:18:59,806 [4fb9f1f7-4e3b-4bcf-a7e7-c7ddcac09d11-impl-thread2] INFO  server.RaftServer$Division (ServerState.java:close(466)) - 4fb9f1f7-4e3b-4bcf-a7e7-c7ddcac09d11@group-D4D495DF8B74: closes. applyIndex: 3
2023-04-22 02:18:59,806 [4fb9f1f7-4e3b-4bcf-a7e7-c7ddcac09d11@group-D4D495DF8B74-SegmentedRaftLogWorker] INFO  segmented.SegmentedRaftLogWorker (SegmentedRaftLogWorker.java:run(347)) - 4fb9f1f7-4e3b-4bcf-a7e7-c7ddcac09d11@group-D4D495DF8B74-SegmentedRaftLogWorker was interrupted, exiting. There are 0 tasks remaining in the queue.
2023-04-22 02:18:59,808 [Listener at 127.0.0.1/41793] INFO  server.GrpcService (GrpcService.java:closeImpl(280)) - 4fb9f1f7-4e3b-4bcf-a7e7-c7ddcac09d11: shutdown server GrpcServerProtocolService successfully
2023-04-22 02:18:59,809 [4fb9f1f7-4e3b-4bcf-a7e7-c7ddcac09d11-NettyServerStreamRpc-bossGroup--thread1] INFO  logging.LoggingHandler (AbstractInternalLogger.java:log(148)) - [id: 0x7d0d8e71, L:/0:0:0:0:0:0:0:0:37741] CLOSE
2023-04-22 02:18:59,809 [4fb9f1f7-4e3b-4bcf-a7e7-c7ddcac09d11-NettyServerStreamRpc-bossGroup--thread1] INFO  logging.LoggingHandler (AbstractInternalLogger.java:log(148)) - [id: 0x7d0d8e71, L:/0:0:0:0:0:0:0:0:37741] INACTIVE
2023-04-22 02:18:59,809 [4fb9f1f7-4e3b-4bcf-a7e7-c7ddcac09d11-NettyServerStreamRpc-bossGroup--thread1] INFO  logging.LoggingHandler (AbstractInternalLogger.java:log(148)) - [id: 0x7d0d8e71, L:/0:0:0:0:0:0:0:0:37741] UNREGISTERED
2023-04-22 02:18:59,822 [4fb9f1f7-4e3b-4bcf-a7e7-c7ddcac09d11-impl-thread1] INFO  segmented.SegmentedRaftLogWorker (SegmentedRaftLogWorker.java:close(257)) - 4fb9f1f7-4e3b-4bcf-a7e7-c7ddcac09d11@group-D97743807C2E-SegmentedRaftLogWorker close()
2023-04-22 02:18:59,822 [grpc-default-executor-1] WARN  server.GrpcLogAppender (LogUtils.java:warn(122)) - 6aaf5ca8-0737-4296-ba95-7f0e9402c55b@group-D4D495DF8B74->4fb9f1f7-4e3b-4bcf-a7e7-c7ddcac09d11-AppendLogResponseHandler: Failed appendEntries: org.apache.ratis.thirdparty.io.grpc.StatusRuntimeException: UNAVAILABLE: io exception
2023-04-22 02:18:59,823 [grpc-default-executor-5] WARN  server.GrpcLogAppender (LogUtils.java:warn(122)) - 6aaf5ca8-0737-4296-ba95-7f0e9402c55b@group-D4D495DF8B74->4fb9f1f7-4e3b-4bcf-a7e7-c7ddcac09d11-AppendLogResponseHandler: Failed appendEntries: org.apache.ratis.thirdparty.io.grpc.StatusRuntimeException: UNAVAILABLE: io exception
2023-04-22 02:18:59,823 [grpc-default-executor-1] INFO  leader.FollowerInfo (FollowerInfoImpl.java:lambda$new$0(48)) - 6aaf5ca8-0737-4296-ba95-7f0e9402c55b@group-D4D495DF8B74->4fb9f1f7-4e3b-4bcf-a7e7-c7ddcac09d11: nextIndex: updateUnconditionally 3 -> 2
2023-04-22 02:18:59,823 [grpc-default-executor-5] INFO  leader.FollowerInfo (FollowerInfoImpl.java:lambda$new$0(48)) - 6aaf5ca8-0737-4296-ba95-7f0e9402c55b@group-D4D495DF8B74->4fb9f1f7-4e3b-4bcf-a7e7-c7ddcac09d11: nextIndex: updateUnconditionally 2 -> 1
2023-04-22 02:18:59,826 [4fb9f1f7-4e3b-4bcf-a7e7-c7ddcac09d11-impl-thread2] INFO  segmented.SegmentedRaftLogWorker (SegmentedRaftLogWorker.java:close(257)) - 4fb9f1f7-4e3b-4bcf-a7e7-c7ddcac09d11@group-D4D495DF8B74-SegmentedRaftLogWorker close()
2023-04-22 02:18:59,829 [JvmPauseMonitor1] INFO  util.JvmPauseMonitor (JvmPauseMonitor.java:run(111)) - JvmPauseMonitor-4fb9f1f7-4e3b-4bcf-a7e7-c7ddcac09d11: Stopped
2023-04-22 02:18:59,890 [FixedThreadPoolWithAffinityExecutor-0-0] WARN  container.ContainerReportHandler (AbstractContainerReportHandler.java:updateContainerState(259)) - Container #1 is in OPEN state, but the datanode 44aa5787-a9ca-4d27-a88e-9069c8f4547b(fv-az443-428.ap2fcshprsnunfx25e1aelzb4b.cx.internal.cloudapp.net/10.1.0.20) reports an QUASI_CLOSED replica.
2023-04-22 02:19:00,088 [FixedThreadPoolWithAffinityExecutor-9-0] WARN  container.ContainerReportHandler (AbstractContainerReportHandler.java:updateContainerState(259)) - Container #4 is in OPEN state, but the datanode ffe33985-86ac-4dba-9cf7-e9d9be1914b9(fv-az443-428.ap2fcshprsnunfx25e1aelzb4b.cx.internal.cloudapp.net/10.1.0.20) reports an CLOSED replica.
2023-04-22 02:19:00,145 [FixedThreadPoolWithAffinityExecutor-9-0] WARN  container.ContainerReportHandler (AbstractContainerReportHandler.java:updateContainerState(259)) - Container #1 is in OPEN state, but the datanode 6aaf5ca8-0737-4296-ba95-7f0e9402c55b(fv-az443-428.ap2fcshprsnunfx25e1aelzb4b.cx.internal.cloudapp.net/10.1.0.20) reports an QUASI_CLOSED replica.
2023-04-22 02:19:00,288 [FixedThreadPoolWithAffinityExecutor-9-0] WARN  container.ContainerReportHandler (AbstractContainerReportHandler.java:updateContainerState(259)) - Container #4 is in OPEN state, but the datanode ffe33985-86ac-4dba-9cf7-e9d9be1914b9(fv-az443-428.ap2fcshprsnunfx25e1aelzb4b.cx.internal.cloudapp.net/10.1.0.20) reports an CLOSED replica.
2023-04-22 02:19:00,290 [FixedThreadPoolWithAffinityExecutor-0-0] WARN  container.ContainerReportHandler (AbstractContainerReportHandler.java:updateContainerState(259)) - Container #1 is in OPEN state, but the datanode 44aa5787-a9ca-4d27-a88e-9069c8f4547b(fv-az443-428.ap2fcshprsnunfx25e1aelzb4b.cx.internal.cloudapp.net/10.1.0.20) reports an QUASI_CLOSED replica.
2023-04-22 02:19:00,318 [timer7] WARN  server.GrpcLogAppender (GrpcLogAppender.java:timeoutAppendRequest(314)) - b7c32ab9-1d10-40a2-8298-2f54da75b521@group-E7D3625E2A84->1fa0605c-c70f-40a8-a13c-0f797dcff94f-GrpcLogAppender: HEARTBEAT appendEntries Timeout, request=AppendEntriesRequest:cid=8078844,entriesCount=0,lastEntry=null
2023-04-22 02:19:00,489 [FixedThreadPoolWithAffinityExecutor-0-0] WARN  container.ContainerReportHandler (AbstractContainerReportHandler.java:updateContainerState(259)) - Container #1 is in OPEN state, but the datanode 44aa5787-a9ca-4d27-a88e-9069c8f4547b(fv-az443-428.ap2fcshprsnunfx25e1aelzb4b.cx.internal.cloudapp.net/10.1.0.20) reports an QUASI_CLOSED replica.
2023-04-22 02:19:00,544 [FixedThreadPoolWithAffinityExecutor-9-0] WARN  container.ContainerReportHandler (AbstractContainerReportHandler.java:updateContainerState(259)) - Container #1 is in OPEN state, but the datanode 6aaf5ca8-0737-4296-ba95-7f0e9402c55b(fv-az443-428.ap2fcshprsnunfx25e1aelzb4b.cx.internal.cloudapp.net/10.1.0.20) reports an QUASI_CLOSED replica.
2023-04-22 02:19:00,688 [FixedThreadPoolWithAffinityExecutor-9-0] WARN  container.ContainerReportHandler (AbstractContainerReportHandler.java:updateContainerState(259)) - Container #4 is in OPEN state, but the datanode ffe33985-86ac-4dba-9cf7-e9d9be1914b9(fv-az443-428.ap2fcshprsnunfx25e1aelzb4b.cx.internal.cloudapp.net/10.1.0.20) reports an CLOSED replica.
2023-04-22 02:19:00,690 [FixedThreadPoolWithAffinityExecutor-0-0] WARN  container.ContainerReportHandler (AbstractContainerReportHandler.java:updateContainerState(259)) - Container #1 is in OPEN state, but the datanode 44aa5787-a9ca-4d27-a88e-9069c8f4547b(fv-az443-428.ap2fcshprsnunfx25e1aelzb4b.cx.internal.cloudapp.net/10.1.0.20) reports an QUASI_CLOSED replica.
2023-04-22 02:19:00,745 [FixedThreadPoolWithAffinityExecutor-9-0] WARN  container.ContainerReportHandler (AbstractContainerReportHandler.java:updateContainerState(259)) - Container #1 is in OPEN state, but the datanode 6aaf5ca8-0737-4296-ba95-7f0e9402c55b(fv-az443-428.ap2fcshprsnunfx25e1aelzb4b.cx.internal.cloudapp.net/10.1.0.20) reports an QUASI_CLOSED replica.
2023-04-22 02:19:00,888 [FixedThreadPoolWithAffinityExecutor-9-0] WARN  container.ContainerReportHandler (AbstractContainerReportHandler.java:updateContainerState(259)) - Container #4 is in OPEN state, but the datanode ffe33985-86ac-4dba-9cf7-e9d9be1914b9(fv-az443-428.ap2fcshprsnunfx25e1aelzb4b.cx.internal.cloudapp.net/10.1.0.20) reports an CLOSED replica.
2023-04-22 02:19:00,890 [FixedThreadPoolWithAffinityExecutor-0-0] WARN  container.ContainerReportHandler (AbstractContainerReportHandler.java:updateContainerState(259)) - Container #1 is in OPEN state, but the datanode 44aa5787-a9ca-4d27-a88e-9069c8f4547b(fv-az443-428.ap2fcshprsnunfx25e1aelzb4b.cx.internal.cloudapp.net/10.1.0.20) reports an QUASI_CLOSED replica.
2023-04-22 02:19:01,145 [FixedThreadPoolWithAffinityExecutor-9-0] WARN  container.ContainerReportHandler (AbstractContainerReportHandler.java:updateContainerState(259)) - Container #1 is in OPEN state, but the datanode 6aaf5ca8-0737-4296-ba95-7f0e9402c55b(fv-az443-428.ap2fcshprsnunfx25e1aelzb4b.cx.internal.cloudapp.net/10.1.0.20) reports an QUASI_CLOSED replica.
2023-04-22 02:19:01,288 [FixedThreadPoolWithAffinityExecutor-9-0] WARN  container.ContainerReportHandler (AbstractContainerReportHandler.java:updateContainerState(259)) - Container #4 is in OPEN state, but the datanode ffe33985-86ac-4dba-9cf7-e9d9be1914b9(fv-az443-428.ap2fcshprsnunfx25e1aelzb4b.cx.internal.cloudapp.net/10.1.0.20) reports an CLOSED replica.
2023-04-22 02:19:01,290 [FixedThreadPoolWithAffinityExecutor-0-0] WARN  container.ContainerReportHandler (AbstractContainerReportHandler.java:updateContainerState(259)) - Container #1 is in OPEN state, but the datanode 44aa5787-a9ca-4d27-a88e-9069c8f4547b(fv-az443-428.ap2fcshprsnunfx25e1aelzb4b.cx.internal.cloudapp.net/10.1.0.20) reports an QUASI_CLOSED replica.
2023-04-22 02:19:01,489 [FixedThreadPoolWithAffinityExecutor-0-0] WARN  container.ContainerReportHandler (AbstractContainerReportHandler.java:updateContainerState(259)) - Container #1 is in OPEN state, but the datanode 44aa5787-a9ca-4d27-a88e-9069c8f4547b(fv-az443-428.ap2fcshprsnunfx25e1aelzb4b.cx.internal.cloudapp.net/10.1.0.20) reports an QUASI_CLOSED replica.
2023-04-22 02:19:01,545 [FixedThreadPoolWithAffinityExecutor-9-0] WARN  container.ContainerReportHandler (AbstractContainerReportHandler.java:updateContainerState(259)) - Container #1 is in OPEN state, but the datanode 6aaf5ca8-0737-4296-ba95-7f0e9402c55b(fv-az443-428.ap2fcshprsnunfx25e1aelzb4b.cx.internal.cloudapp.net/10.1.0.20) reports an QUASI_CLOSED replica.
2023-04-22 02:19:01,568 [timer6] WARN  server.GrpcLogAppender (GrpcLogAppender.java:timeoutAppendRequest(314)) - b7c32ab9-1d10-40a2-8298-2f54da75b521@group-E7D3625E2A84->1fa0605c-c70f-40a8-a13c-0f797dcff94f-GrpcLogAppender: HEARTBEAT appendEntries Timeout, request=AppendEntriesRequest:cid=8078845,entriesCount=0,lastEntry=null
2023-04-22 02:19:01,688 [FixedThreadPoolWithAffinityExecutor-9-0] WARN  container.ContainerReportHandler (AbstractContainerReportHandler.java:updateContainerState(259)) - Container #4 is in OPEN state, but the datanode ffe33985-86ac-4dba-9cf7-e9d9be1914b9(fv-az443-428.ap2fcshprsnunfx25e1aelzb4b.cx.internal.cloudapp.net/10.1.0.20) reports an CLOSED replica.
2023-04-22 02:19:01,690 [FixedThreadPoolWithAffinityExecutor-0-0] WARN  container.ContainerReportHandler (AbstractContainerReportHandler.java:updateContainerState(259)) - Container #1 is in OPEN state, but the datanode 44aa5787-a9ca-4d27-a88e-9069c8f4547b(fv-az443-428.ap2fcshprsnunfx25e1aelzb4b.cx.internal.cloudapp.net/10.1.0.20) reports an QUASI_CLOSED replica.
2023-04-22 02:19:01,843 [Listener at 127.0.0.1/41793] INFO  volume.HddsVolume (HddsVolume.java:closeDbStore(437)) - SchemaV3 db is stopped at /home/runner/work/ozone/ozone/hadoop-ozone/integration-test/target/test-dir/MiniOzoneClusterImpl-b640deff-6994-498f-92ea-4ac5c972f0d8/datanode-0/data-0/containers/hdds/b640deff-6994-498f-92ea-4ac5c972f0d8/DS-83bb6b7f-f507-41d7-9f53-f3973ed9a34d/container.db for volume DS-83bb6b7f-f507-41d7-9f53-f3973ed9a34d
2023-04-22 02:19:01,843 [Listener at 127.0.0.1/41793] INFO  utils.BackgroundService (BackgroundService.java:shutdown(141)) - Shutting down service BlockDeletingService
2023-04-22 02:19:01,844 [Listener at 127.0.0.1/41793] INFO  utils.BackgroundService (BackgroundService.java:shutdown(141)) - Shutting down service StaleRecoveringContainerScrubbingService
2023-04-22 02:19:01,848 [Listener at 127.0.0.1/41793] INFO  statemachine.DatanodeStateMachine (DatanodeStateMachine.java:stopDaemon(601)) - Ozone container server stopped.
2023-04-22 02:19:01,857 [Listener at 127.0.0.1/41793] INFO  handler.ContextHandler (ContextHandler.java:doStop(1159)) - Stopped o.e.j.w.WebAppContext@2df807ab{hddsDatanode,/,null,STOPPED}{jar:file:/home/runner/.m2/repository/org/apache/ozone/hdds-container-service/1.4.0-SNAPSHOT/hdds-container-service-1.4.0-SNAPSHOT.jar!/webapps/hddsDatanode}
2023-04-22 02:19:01,857 [Listener at 127.0.0.1/41793] INFO  server.AbstractConnector (AbstractConnector.java:doStop(383)) - Stopped ServerConnector@4cacd9b8{HTTP/1.1, (http/1.1)}{0.0.0.0:0}
2023-04-22 02:19:01,858 [Listener at 127.0.0.1/41793] INFO  server.session (HouseKeeper.java:stopScavenging(149)) - node0 Stopped scavenging
2023-04-22 02:19:01,858 [Listener at 127.0.0.1/41793] INFO  handler.ContextHandler (ContextHandler.java:doStop(1159)) - Stopped o.e.j.s.ServletContextHandler@7b1d1c75{static,/static,jar:file:/home/runner/.m2/repository/org/apache/ozone/hdds-container-service/1.4.0-SNAPSHOT/hdds-container-service-1.4.0-SNAPSHOT.jar!/webapps/static,STOPPED}
2023-04-22 02:19:01,859 [Listener at 127.0.0.1/41793] INFO  handler.ContextHandler (ContextHandler.java:doStop(1159)) - Stopped o.e.j.s.ServletContextHandler@6d3c1f07{logs,/logs,file:///home/runner/work/ozone/ozone/hadoop-ozone/integration-test/target/log,STOPPED}
2023-04-22 02:19:01,866 [Listener at 127.0.0.1/41793] INFO  impl.MetricsSystemImpl (MetricsSystemImpl.java:init(158)) - HddsDatanode metrics system started (again)
2023-04-22 02:19:01,878 [Listener at 127.0.0.1/41793] INFO  ozone.HddsDatanodeService (HddsDatanodeService.java:start(252)) - HddsDatanodeService host:fv-az443-428.ap2fcshprsnunfx25e1aelzb4b.cx.internal.cloudapp.net ip:10.1.0.20
2023-04-22 02:19:01,888 [FixedThreadPoolWithAffinityExecutor-9-0] WARN  container.ContainerReportHandler (AbstractContainerReportHandler.java:updateContainerState(259)) - Container #4 is in OPEN state, but the datanode ffe33985-86ac-4dba-9cf7-e9d9be1914b9(fv-az443-428.ap2fcshprsnunfx25e1aelzb4b.cx.internal.cloudapp.net/10.1.0.20) reports an CLOSED replica.
2023-04-22 02:19:01,890 [FixedThreadPoolWithAffinityExecutor-0-0] WARN  container.ContainerReportHandler (AbstractContainerReportHandler.java:updateContainerState(259)) - Container #1 is in OPEN state, but the datanode 44aa5787-a9ca-4d27-a88e-9069c8f4547b(fv-az443-428.ap2fcshprsnunfx25e1aelzb4b.cx.internal.cloudapp.net/10.1.0.20) reports an QUASI_CLOSED replica.
2023-04-22 02:19:01,898 [Listener at 127.0.0.1/41793] INFO  upgrade.AbstractLayoutVersionManager (AbstractLayoutVersionManager.java:init(83)) - Initializing Layout version manager with metadata layout = WEBUI_PORTS_IN_DATANODEDETAILS (version = 6), software layout = WEBUI_PORTS_IN_DATANODEDETAILS (version = 6)
2023-04-22 02:19:01,946 [Listener at 127.0.0.1/41793] INFO  reflections.Reflections (Reflections.java:scan(232)) - Reflections took 47 ms to scan 7 urls, producing 156 keys and 369 values 
2023-04-22 02:19:01,946 [FixedThreadPoolWithAffinityExecutor-9-0] WARN  container.ContainerReportHandler (AbstractContainerReportHandler.java:updateContainerState(259)) - Container #1 is in OPEN state, but the datanode 6aaf5ca8-0737-4296-ba95-7f0e9402c55b(fv-az443-428.ap2fcshprsnunfx25e1aelzb4b.cx.internal.cloudapp.net/10.1.0.20) reports an QUASI_CLOSED replica.
2023-04-22 02:19:01,947 [Listener at 127.0.0.1/41793] INFO  statemachine.DatanodeStateMachine (DatanodeStateMachine.java:getEndPointTaskThreadPoolSize(260)) - Datanode State Machine Task Thread Pool size 2
2023-04-22 02:19:01,951 [Listener at 127.0.0.1/41793] INFO  volume.HddsVolume (HddsVolume.java:<init>(130)) - Creating HddsVolume: /home/runner/work/ozone/ozone/hadoop-ozone/integration-test/target/test-dir/MiniOzoneClusterImpl-b640deff-6994-498f-92ea-4ac5c972f0d8/datanode-0/data-0/containers/hdds of storage type : DISK capacity : 9223372036854775807
2023-04-22 02:19:01,952 [Listener at 127.0.0.1/41793] INFO  volume.MutableVolumeSet (MutableVolumeSet.java:initializeVolumeSet(175)) - Added Volume : /home/runner/work/ozone/ozone/hadoop-ozone/integration-test/target/test-dir/MiniOzoneClusterImpl-b640deff-6994-498f-92ea-4ac5c972f0d8/datanode-0/data-0/containers/hdds to VolumeSet
2023-04-22 02:19:01,952 [Listener at 127.0.0.1/41793] INFO  volume.ThrottledAsyncChecker (ThrottledAsyncChecker.java:schedule(141)) - Scheduling a check for /home/runner/work/ozone/ozone/hadoop-ozone/integration-test/target/test-dir/MiniOzoneClusterImpl-b640deff-6994-498f-92ea-4ac5c972f0d8/datanode-0/data-0/containers/hdds
2023-04-22 02:19:01,957 [Listener at 127.0.0.1/41793] INFO  volume.StorageVolumeChecker (StorageVolumeChecker.java:checkAllVolumes(202)) - Scheduled health check for volume /home/runner/work/ozone/ozone/hadoop-ozone/integration-test/target/test-dir/MiniOzoneClusterImpl-b640deff-6994-498f-92ea-4ac5c972f0d8/datanode-0/data-0/containers/hdds
2023-04-22 02:19:01,969 [Listener at 127.0.0.1/41793] INFO  volume.MutableVolumeSet (MutableVolumeSet.java:initializeVolumeSet(175)) - Added Volume : /home/runner/work/ozone/ozone/hadoop-ozone/integration-test/target/test-dir/MiniOzoneClusterImpl-b640deff-6994-498f-92ea-4ac5c972f0d8/datanode-0/data/ratisefa49eea-f658-4401-8712-21b08121cb2c to VolumeSet
2023-04-22 02:19:01,969 [Listener at 127.0.0.1/41793] INFO  volume.ThrottledAsyncChecker (ThrottledAsyncChecker.java:schedule(141)) - Scheduling a check for /home/runner/work/ozone/ozone/hadoop-ozone/integration-test/target/test-dir/MiniOzoneClusterImpl-b640deff-6994-498f-92ea-4ac5c972f0d8/datanode-0/data/ratisefa49eea-f658-4401-8712-21b08121cb2c
2023-04-22 02:19:01,969 [Listener at 127.0.0.1/41793] INFO  volume.StorageVolumeChecker (StorageVolumeChecker.java:checkAllVolumes(202)) - Scheduled health check for volume /home/runner/work/ozone/ozone/hadoop-ozone/integration-test/target/test-dir/MiniOzoneClusterImpl-b640deff-6994-498f-92ea-4ac5c972f0d8/datanode-0/data/ratisefa49eea-f658-4401-8712-21b08121cb2c
2023-04-22 02:19:01,996 [Listener at 127.0.0.1/41793] INFO  utils.DatanodeStoreCache (DatanodeStoreCache.java:addDB(58)) - Added db /home/runner/work/ozone/ozone/hadoop-ozone/integration-test/target/test-dir/MiniOzoneClusterImpl-b640deff-6994-498f-92ea-4ac5c972f0d8/datanode-0/data-0/containers/hdds/b640deff-6994-498f-92ea-4ac5c972f0d8/DS-83bb6b7f-f507-41d7-9f53-f3973ed9a34d/container.db to cache
2023-04-22 02:19:01,996 [Listener at 127.0.0.1/41793] INFO  volume.HddsVolume (HddsVolume.java:loadDbStore(303)) - SchemaV3 db is loaded at /home/runner/work/ozone/ozone/hadoop-ozone/integration-test/target/test-dir/MiniOzoneClusterImpl-b640deff-6994-498f-92ea-4ac5c972f0d8/datanode-0/data-0/containers/hdds/b640deff-6994-498f-92ea-4ac5c972f0d8/DS-83bb6b7f-f507-41d7-9f53-f3973ed9a34d/container.db for volume DS-83bb6b7f-f507-41d7-9f53-f3973ed9a34d
2023-04-22 02:19:01,997 [Thread-727] INFO  ozoneimpl.ContainerReader (ContainerReader.java:readVolume(145)) - Start to verify containers on volume /home/runner/work/ozone/ozone/hadoop-ozone/integration-test/target/test-dir/MiniOzoneClusterImpl-b640deff-6994-498f-92ea-4ac5c972f0d8/datanode-0/data-0/containers/hdds
2023-04-22 02:19:02,001 [Thread-727] INFO  ozoneimpl.ContainerReader (ContainerReader.java:readVolume(175)) - Finish verifying containers on volume /home/runner/work/ozone/ozone/hadoop-ozone/integration-test/target/test-dir/MiniOzoneClusterImpl-b640deff-6994-498f-92ea-4ac5c972f0d8/datanode-0/data-0/containers/hdds
2023-04-22 02:19:02,001 [Listener at 127.0.0.1/41793] INFO  ozoneimpl.OzoneContainer (OzoneContainer.java:buildContainerSet(303)) - Build ContainerSet costs 0s
2023-04-22 02:19:02,003 [Listener at 127.0.0.1/41793] INFO  server.RaftServer (ConfUtils.java:logGet(46)) - raft.rpc.type = GRPC (default)
2023-04-22 02:19:02,003 [Listener at 127.0.0.1/41793] INFO  grpc.GrpcConfigKeys (ConfUtils.java:logFallback(53)) - raft.grpc.admin.host = null (fallback to raft.grpc.server.host)
2023-04-22 02:19:02,003 [Listener at 127.0.0.1/41793] INFO  grpc.GrpcConfigKeys (ConfUtils.java:logGet(46)) - raft.grpc.admin.port = 44181 (custom)
2023-04-22 02:19:02,004 [Listener at 127.0.0.1/41793] INFO  grpc.GrpcConfigKeys (ConfUtils.java:logFallback(53)) - raft.grpc.client.host = null (fallback to raft.grpc.server.host)
2023-04-22 02:19:02,004 [Listener at 127.0.0.1/41793] INFO  grpc.GrpcConfigKeys (ConfUtils.java:logGet(46)) - raft.grpc.client.port = 44181 (custom)
2023-04-22 02:19:02,004 [Listener at 127.0.0.1/41793] INFO  grpc.GrpcConfigKeys (ConfUtils.java:logGet(46)) - raft.grpc.server.host = null (default)
2023-04-22 02:19:02,004 [Listener at 127.0.0.1/41793] INFO  grpc.GrpcConfigKeys (ConfUtils.java:logGet(46)) - raft.grpc.server.port = 44181 (custom)
2023-04-22 02:19:02,004 [Listener at 127.0.0.1/41793] INFO  server.GrpcService (ConfUtils.java:logGet(46)) - raft.grpc.message.size.max = 32MB (=33554432) (custom)
2023-04-22 02:19:02,004 [Listener at 127.0.0.1/41793] INFO  server.RaftServerConfigKeys (ConfUtils.java:logGet(46)) - raft.server.log.appender.buffer.byte-limit = 33554432 (custom)
2023-04-22 02:19:02,004 [Listener at 127.0.0.1/41793] INFO  server.GrpcService (ConfUtils.java:logGet(46)) - raft.grpc.flow.control.window = 5MB (=5242880) (custom)
2023-04-22 02:19:02,004 [Listener at 127.0.0.1/41793] INFO  server.RaftServerConfigKeys (ConfUtils.java:logGet(46)) - raft.server.rpc.request.timeout = 3000ms (default)
2023-04-22 02:19:02,004 [Listener at 127.0.0.1/41793] INFO  grpc.GrpcConfigKeys (ConfUtils.java:logGet(46)) - raft.grpc.server.heartbeat.channel = true (default)
2023-04-22 02:19:02,005 [Listener at 127.0.0.1/41793] INFO  grpc.GrpcConfigKeys (ConfUtils.java:logGet(46)) - raft.grpc.server.async.request.thread.pool.cached = true (default)
2023-04-22 02:19:02,005 [Listener at 127.0.0.1/41793] INFO  grpc.GrpcConfigKeys (ConfUtils.java:logGet(46)) - raft.grpc.server.async.request.thread.pool.size = 32 (default)
2023-04-22 02:19:02,006 [Listener at 127.0.0.1/41793] INFO  impl.DataStreamServerImpl (ConfUtils.java:logGet(46)) - raft.datastream.type = NETTY (custom)
2023-04-22 02:19:02,006 [Listener at 127.0.0.1/41793] INFO  server.RaftServerConfigKeys (ConfUtils.java:logGet(46)) - raft.server.data-stream.async.request.thread.pool.cached = false (default)
2023-04-22 02:19:02,006 [Listener at 127.0.0.1/41793] INFO  server.RaftServerConfigKeys (ConfUtils.java:logGet(46)) - raft.server.data-stream.async.request.thread.pool.size = 20 (custom)
2023-04-22 02:19:02,006 [Listener at 127.0.0.1/41793] INFO  server.RaftServerConfigKeys (ConfUtils.java:logGet(46)) - raft.server.data-stream.async.write.thread.pool.size = 16 (default)
2023-04-22 02:19:02,006 [Listener at 127.0.0.1/41793] INFO  server.RaftServerConfigKeys (ConfUtils.java:logGet(46)) - raft.server.data-stream.client.pool.size = 10 (default)
2023-04-22 02:19:02,007 [Listener at 127.0.0.1/41793] INFO  netty.NettyConfigKeys$DataStream (ConfUtils.java:logGet(46)) - raft.netty.dataStream.server.use-epoll = false (default)
2023-04-22 02:19:02,007 [Listener at 127.0.0.1/41793] INFO  netty.NettyConfigKeys$DataStream (ConfUtils.java:logGet(46)) - raft.netty.dataStream.server.boss-group.size = 0 (default)
2023-04-22 02:19:02,007 [Listener at 127.0.0.1/41793] INFO  netty.NettyConfigKeys$DataStream (ConfUtils.java:logGet(46)) - raft.netty.dataStream.server.worker-group.size = 0 (default)
2023-04-22 02:19:02,008 [Listener at 127.0.0.1/41793] INFO  netty.NettyConfigKeys$DataStream (ConfUtils.java:logGet(46)) - raft.netty.dataStream.server.tls.conf = null (default)
2023-04-22 02:19:02,008 [Listener at 127.0.0.1/41793] INFO  netty.NettyConfigKeys$DataStream (ConfUtils.java:logGet(46)) - raft.netty.dataStream.host = null (default)
2023-04-22 02:19:02,008 [Listener at 127.0.0.1/41793] INFO  netty.NettyConfigKeys$DataStream (ConfUtils.java:logGet(46)) - raft.netty.dataStream.port = 0 (default)
2023-04-22 02:19:02,008 [Listener at 127.0.0.1/41793] INFO  server.RaftServerConfigKeys (ConfUtils.java:logGet(46)) - raft.server.threadpool.proxy.cached = true (default)
2023-04-22 02:19:02,008 [Listener at 127.0.0.1/41793] INFO  server.RaftServerConfigKeys (ConfUtils.java:logGet(46)) - raft.server.threadpool.proxy.size = 0 (default)
2023-04-22 02:19:02,009 [Listener at 127.0.0.1/41793] INFO  server.RaftServerConfigKeys (ConfUtils.java:logGet(46)) - raft.server.rpc.slowness.timeout = 300000ms (custom)
2023-04-22 02:19:02,009 [Listener at 127.0.0.1/41793] INFO  server.RaftServerConfigKeys (ConfUtils.java:logGet(46)) - raft.server.leaderelection.leader.step-down.wait-time = 10s (default)
2023-04-22 02:19:02,009 [Listener at 127.0.0.1/41793] INFO  server.RaftServerConfigKeys (ConfUtils.java:logGet(46)) - raft.server.storage.dir = [/home/runner/work/ozone/ozone/hadoop-ozone/integration-test/target/test-dir/MiniOzoneClusterImpl-b640deff-6994-498f-92ea-4ac5c972f0d8/datanode-0/data/ratisefa49eea-f658-4401-8712-21b08121cb2c] (custom)
2023-04-22 02:19:02,009 [4fb9f1f7-4e3b-4bcf-a7e7-c7ddcac09d11-NettyServerStreamRpc-bossGroup--thread1] INFO  logging.LoggingHandler (AbstractInternalLogger.java:log(148)) - [id: 0x332c4975] REGISTERED
2023-04-22 02:19:02,009 [4fb9f1f7-4e3b-4bcf-a7e7-c7ddcac09d11-NettyServerStreamRpc-bossGroup--thread1] INFO  logging.LoggingHandler (AbstractInternalLogger.java:log(148)) - [id: 0x332c4975] BIND: 0.0.0.0/0.0.0.0:0
2023-04-22 02:19:02,009 [4fb9f1f7-4e3b-4bcf-a7e7-c7ddcac09d11-NettyServerStreamRpc-bossGroup--thread1] INFO  logging.LoggingHandler (AbstractInternalLogger.java:log(148)) - [id: 0x332c4975, L:/0:0:0:0:0:0:0:0:37797] ACTIVE
2023-04-22 02:19:02,016 [Listener at 127.0.0.1/41793] INFO  server.XceiverServerGrpc (XceiverServerGrpc.java:<init>(132)) - GrpcServer channel type EpollServerSocketChannel
2023-04-22 02:19:02,022 [Listener at 127.0.0.1/41793] INFO  http.BaseHttpServer (BaseHttpServer.java:newHttpServer2BuilderForOzone(224)) - Starting Web-server for hddsDatanode at: http://0.0.0.0:46441
2023-04-22 02:19:02,022 [Listener at 127.0.0.1/41793] INFO  http.BaseHttpServer (BaseHttpServer.java:<init>(111)) - Hadoop Security Enabled: false Ozone Security Enabled: false Ozone HTTP Security Enabled: false 
2023-04-22 02:19:02,024 [Listener at 127.0.0.1/41793] WARN  server.AuthenticationFilter (AuthenticationFilter.java:constructSecretProvider(240)) - Unable to initialize FileSignerSecretProvider, falling back to use random secrets. Reason: Could not read signature secret file: /home/runner/hadoop-http-auth-signature-secret
2023-04-22 02:19:02,027 [Listener at 127.0.0.1/41793] INFO  http.HttpRequestLog (HttpRequestLog.java:getRequestLog(86)) - Http request log for http.requests.hddsDatanode is not defined
2023-04-22 02:19:02,029 [Listener at 127.0.0.1/41793] INFO  http.HttpServer2 (HttpServer2.java:addGlobalFilter(1031)) - Added global filter 'safety' (class=org.apache.hadoop.hdds.server.http.HttpServer2$QuotingInputFilter)
2023-04-22 02:19:02,030 [Listener at 127.0.0.1/41793] INFO  http.HttpServer2 (HttpServer2.java:addFilter(1007)) - Added filter static_user_filter (class=org.apache.hadoop.http.lib.StaticUserWebFilter$StaticUserFilter) to context hddsDatanode
2023-04-22 02:19:02,030 [Listener at 127.0.0.1/41793] INFO  http.HttpServer2 (HttpServer2.java:addFilter(1015)) - Added filter static_user_filter (class=org.apache.hadoop.http.lib.StaticUserWebFilter$StaticUserFilter) to context logs
2023-04-22 02:19:02,030 [Listener at 127.0.0.1/41793] INFO  http.HttpServer2 (HttpServer2.java:addFilter(1015)) - Added filter static_user_filter (class=org.apache.hadoop.http.lib.StaticUserWebFilter$StaticUserFilter) to context static
2023-04-22 02:19:02,030 [Listener at 127.0.0.1/41793] INFO  http.BaseHttpServer (BaseHttpServer.java:<init>(190)) - HTTP server of hddsDatanode uses base directory /home/runner/work/ozone/ozone/hadoop-ozone/integration-test/target/test-dir/MiniOzoneClusterImpl-b640deff-6994-498f-92ea-4ac5c972f0d8/datanode-0/meta/webserver
2023-04-22 02:19:02,031 [Listener at 127.0.0.1/41793] INFO  http.HttpServer2 (HttpServer2.java:bindListener(1250)) - Jetty bound to port 46441
2023-04-22 02:19:02,031 [Listener at 127.0.0.1/41793] INFO  server.Server (Server.java:doStart(375)) - jetty-9.4.51.v20230217; built: 2023-02-17T08:19:37.309Z; git: b45c405e4544384de066f814ed42ae3dceacdd49; jvm 1.8.0_362-b09
2023-04-22 02:19:02,035 [Listener at 127.0.0.1/41793] INFO  server.session (DefaultSessionIdManager.java:doStart(334)) - DefaultSessionIdManager workerName=node0
2023-04-22 02:19:02,036 [Listener at 127.0.0.1/41793] INFO  server.session (DefaultSessionIdManager.java:doStart(339)) - No SessionScavenger set, using defaults
2023-04-22 02:19:02,036 [Listener at 127.0.0.1/41793] INFO  server.session (HouseKeeper.java:startScavenging(132)) - node0 Scavenging every 660000ms
2023-04-22 02:19:02,037 [Listener at 127.0.0.1/41793] INFO  handler.ContextHandler (ContextHandler.java:doStart(921)) - Started o.e.j.s.ServletContextHandler@33f80d9d{logs,/logs,file:///home/runner/work/ozone/ozone/hadoop-ozone/integration-test/target/log,AVAILABLE}
2023-04-22 02:19:02,037 [Listener at 127.0.0.1/41793] INFO  handler.ContextHandler (ContextHandler.java:doStart(921)) - Started o.e.j.s.ServletContextHandler@1d7b348c{static,/static,jar:file:/home/runner/.m2/repository/org/apache/ozone/hdds-container-service/1.4.0-SNAPSHOT/hdds-container-service-1.4.0-SNAPSHOT.jar!/webapps/static,AVAILABLE}
2023-04-22 02:19:02,181 [grpc-default-executor-5] WARN  server.GrpcLogAppender (LogUtils.java:warn(122)) - 6aaf5ca8-0737-4296-ba95-7f0e9402c55b@group-D4D495DF8B74->4fb9f1f7-4e3b-4bcf-a7e7-c7ddcac09d11-AppendLogResponseHandler: Failed appendEntries: org.apache.ratis.thirdparty.io.grpc.StatusRuntimeException: UNAVAILABLE: io exception
2023-04-22 02:19:02,182 [grpc-default-executor-5] INFO  leader.FollowerInfo (FollowerInfoImpl.java:lambda$new$0(48)) - 6aaf5ca8-0737-4296-ba95-7f0e9402c55b@group-D4D495DF8B74->4fb9f1f7-4e3b-4bcf-a7e7-c7ddcac09d11: nextIndex: updateUnconditionally 1 -> 0
2023-04-22 02:19:02,182 [grpc-default-executor-1] WARN  server.GrpcLogAppender (LogUtils.java:warn(122)) - 6aaf5ca8-0737-4296-ba95-7f0e9402c55b@group-D4D495DF8B74->4fb9f1f7-4e3b-4bcf-a7e7-c7ddcac09d11-AppendLogResponseHandler: Failed appendEntries: org.apache.ratis.thirdparty.io.grpc.StatusRuntimeException: UNAVAILABLE: io exception
2023-04-22 02:19:02,182 [grpc-default-executor-1] INFO  leader.FollowerInfo (FollowerInfoImpl.java:lambda$new$0(48)) - 6aaf5ca8-0737-4296-ba95-7f0e9402c55b@group-D4D495DF8B74->4fb9f1f7-4e3b-4bcf-a7e7-c7ddcac09d11: nextIndex: updateUnconditionally 0 -> 0
2023-04-22 02:19:02,193 [grpc-default-executor-1] WARN  server.GrpcLogAppender (LogUtils.java:warn(122)) - 6aaf5ca8-0737-4296-ba95-7f0e9402c55b@group-D4D495DF8B74->4fb9f1f7-4e3b-4bcf-a7e7-c7ddcac09d11-AppendLogResponseHandler: Failed appendEntries: org.apache.ratis.thirdparty.io.grpc.StatusRuntimeException: UNAVAILABLE: io exception
2023-04-22 02:19:02,193 [grpc-default-executor-1] INFO  leader.FollowerInfo (FollowerInfoImpl.java:lambda$new$0(48)) - 6aaf5ca8-0737-4296-ba95-7f0e9402c55b@group-D4D495DF8B74->4fb9f1f7-4e3b-4bcf-a7e7-c7ddcac09d11: nextIndex: updateUnconditionally 1 -> 0
2023-04-22 02:19:02,193 [grpc-default-executor-5] WARN  server.GrpcLogAppender (LogUtils.java:warn(122)) - 6aaf5ca8-0737-4296-ba95-7f0e9402c55b@group-D4D495DF8B74->4fb9f1f7-4e3b-4bcf-a7e7-c7ddcac09d11-AppendLogResponseHandler: Failed appendEntries: org.apache.ratis.thirdparty.io.grpc.StatusRuntimeException: UNAVAILABLE: io exception
2023-04-22 02:19:02,194 [grpc-default-executor-5] INFO  leader.FollowerInfo (FollowerInfoImpl.java:lambda$new$0(48)) - 6aaf5ca8-0737-4296-ba95-7f0e9402c55b@group-D4D495DF8B74->4fb9f1f7-4e3b-4bcf-a7e7-c7ddcac09d11: nextIndex: updateUnconditionally 0 -> 0
2023-04-22 02:19:02,253 [Listener at 127.0.0.1/41793] INFO  handler.ContextHandler (ContextHandler.java:doStart(921)) - Started o.e.j.w.WebAppContext@5bcab84f{hddsDatanode,/,file:///home/runner/work/ozone/ozone/hadoop-ozone/integration-test/target/test-dir/MiniOzoneClusterImpl-b640deff-6994-498f-92ea-4ac5c972f0d8/datanode-0/meta/webserver/jetty-0_0_0_0-46441-hdds-container-service-1_4_0-SNAPSHOT_jar-_-any-5467837330695887184/webapp/,AVAILABLE}{jar:file:/home/runner/.m2/repository/org/apache/ozone/hdds-container-service/1.4.0-SNAPSHOT/hdds-container-service-1.4.0-SNAPSHOT.jar!/webapps/hddsDatanode}
2023-04-22 02:19:02,255 [Listener at 127.0.0.1/41793] INFO  server.AbstractConnector (AbstractConnector.java:doStart(333)) - Started ServerConnector@1acd302f{HTTP/1.1, (http/1.1)}{0.0.0.0:46441}
2023-04-22 02:19:02,255 [Listener at 127.0.0.1/41793] INFO  server.Server (Server.java:doStart(415)) - Started @61905ms
2023-04-22 02:19:02,255 [Listener at 127.0.0.1/41793] WARN  impl.MetricsSystemImpl (MetricsSystemImpl.java:register(279)) - Sink prometheus already exists!
2023-04-22 02:19:02,256 [Listener at 127.0.0.1/41793] INFO  http.BaseHttpServer (BaseHttpServer.java:updateConnectorAddress(344)) - HTTP server of hddsDatanode listening at http://0.0.0.0:46441
2023-04-22 02:19:02,256 [Datanode State Machine Daemon Thread] INFO  statemachine.DatanodeStateMachine (DatanodeStateMachine.java:lambda$startDaemon$0(517)) - Ozone container server started.
2023-04-22 02:19:02,258 [Listener at 127.0.0.1/41793] INFO  keyvalue.KeyValueHandler (ContainerUtils.java:logAndReturnError(91)) - Operation: CloseContainer , Trace ID:  , Message: Cannot close container #7 while in UNHEALTHY state. , Result: CONTAINER_UNHEALTHY , StorageContainerException Occurred.
org.apache.hadoop.hdds.scm.container.common.helpers.StorageContainerException: Cannot close container #7 while in UNHEALTHY state.
	at org.apache.hadoop.ozone.container.keyvalue.KeyValueHandler.closeContainer(KeyValueHandler.java:1141)
	at org.apache.hadoop.ozone.container.keyvalue.KeyValueHandler.handleCloseContainer(KeyValueHandler.java:508)
	at org.apache.hadoop.ozone.container.keyvalue.KeyValueHandler.dispatchRequest(KeyValueHandler.java:259)
	at org.apache.hadoop.ozone.container.keyvalue.KeyValueHandler.handle(KeyValueHandler.java:232)
	at org.apache.hadoop.ozone.container.common.impl.HddsDispatcher.dispatchRequest(HddsDispatcher.java:320)
	at org.apache.hadoop.ozone.container.common.impl.HddsDispatcher.lambda$dispatch$0(HddsDispatcher.java:171)
	at org.apache.hadoop.hdds.server.OzoneProtocolMessageDispatcher.processRequest(OzoneProtocolMessageDispatcher.java:87)
	at org.apache.hadoop.ozone.container.common.impl.HddsDispatcher.dispatch(HddsDispatcher.java:170)
	at org.apache.hadoop.ozone.client.rpc.TestContainerStateMachineFailures.testUnhealthyContainer(TestContainerStateMachineFailures.java:389)
	at sun.reflect.NativeMethodAccessorImpl.invoke0(Native Method)
	at sun.reflect.NativeMethodAccessorImpl.invoke(NativeMethodAccessorImpl.java:62)
	at sun.reflect.DelegatingMethodAccessorImpl.invoke(DelegatingMethodAccessorImpl.java:43)
	at java.lang.reflect.Method.invoke(Method.java:498)
	at org.junit.platform.commons.util.ReflectionUtils.invokeMethod(ReflectionUtils.java:725)
	at org.junit.jupiter.engine.execution.MethodInvocation.proceed(MethodInvocation.java:60)
	at org.junit.jupiter.engine.execution.InvocationInterceptorChain$ValidatingInvocation.proceed(InvocationInterceptorChain.java:131)
	at org.junit.jupiter.engine.extension.TimeoutExtension.intercept(TimeoutExtension.java:149)
	at org.junit.jupiter.engine.extension.TimeoutExtension.interceptTestableMethod(TimeoutExtension.java:140)
	at org.junit.jupiter.engine.extension.TimeoutExtension.interceptTestMethod(TimeoutExtension.java:84)
	at org.junit.jupiter.engine.execution.ExecutableInvoker$ReflectiveInterceptorCall.lambda$ofVoidMethod$0(ExecutableInvoker.java:115)
	at org.junit.jupiter.engine.execution.ExecutableInvoker.lambda$invoke$0(ExecutableInvoker.java:105)
	at org.junit.jupiter.engine.execution.InvocationInterceptorChain$InterceptedInvocation.proceed(InvocationInterceptorChain.java:106)
	at org.junit.jupiter.engine.execution.InvocationInterceptorChain.proceed(InvocationInterceptorChain.java:64)
	at org.junit.jupiter.engine.execution.InvocationInterceptorChain.chainAndInvoke(InvocationInterceptorChain.java:45)
	at org.junit.jupiter.engine.execution.InvocationInterceptorChain.invoke(InvocationInterceptorChain.java:37)
	at org.junit.jupiter.engine.execution.ExecutableInvoker.invoke(ExecutableInvoker.java:104)
	at org.junit.jupiter.engine.execution.ExecutableInvoker.invoke(ExecutableInvoker.java:98)
	at org.junit.jupiter.engine.descriptor.TestMethodTestDescriptor.lambda$invokeTestMethod$7(TestMethodTestDescriptor.java:214)
	at org.junit.platform.engine.support.hierarchical.ThrowableCollector.execute(ThrowableCollector.java:73)
	at org.junit.jupiter.engine.descriptor.TestMethodTestDescriptor.invokeTestMethod(TestMethodTestDescriptor.java:210)
	at org.junit.jupiter.engine.descriptor.TestMethodTestDescriptor.execute(TestMethodTestDescriptor.java:135)
	at org.junit.jupiter.engine.descriptor.TestMethodTestDescriptor.execute(TestMethodTestDescriptor.java:66)
	at org.junit.platform.engine.support.hierarchical.NodeTestTask.lambda$executeRecursively$6(NodeTestTask.java:151)
	at org.junit.platform.engine.support.hierarchical.ThrowableCollector.execute(ThrowableCollector.java:73)
	at org.junit.platform.engine.support.hierarchical.NodeTestTask.lambda$executeRecursively$8(NodeTestTask.java:141)
	at org.junit.platform.engine.support.hierarchical.Node.around(Node.java:137)
	at org.junit.platform.engine.support.hierarchical.NodeTestTask.lambda$executeRecursively$9(NodeTestTask.java:139)
	at org.junit.platform.engine.support.hierarchical.ThrowableCollector.execute(ThrowableCollector.java:73)
	at org.junit.platform.engine.support.hierarchical.NodeTestTask.executeRecursively(NodeTestTask.java:138)
	at org.junit.platform.engine.support.hierarchical.NodeTestTask.execute(NodeTestTask.java:95)
	at java.util.ArrayList.forEach(ArrayList.java:1259)
	at org.junit.platform.engine.support.hierarchical.SameThreadHierarchicalTestExecutorService.invokeAll(SameThreadHierarchicalTestExecutorService.java:41)
	at org.junit.platform.engine.support.hierarchical.NodeTestTask.lambda$executeRecursively$6(NodeTestTask.java:155)
	at org.junit.platform.engine.support.hierarchical.ThrowableCollector.execute(ThrowableCollector.java:73)
	at org.junit.platform.engine.support.hierarchical.NodeTestTask.lambda$executeRecursively$8(NodeTestTask.java:141)
	at org.junit.platform.engine.support.hierarchical.Node.around(Node.java:137)
	at org.junit.platform.engine.support.hierarchical.NodeTestTask.lambda$executeRecursively$9(NodeTestTask.java:139)
	at org.junit.platform.engine.support.hierarchical.ThrowableCollector.execute(ThrowableCollector.java:73)
	at org.junit.platform.engine.support.hierarchical.NodeTestTask.executeRecursively(NodeTestTask.java:138)
	at org.junit.platform.engine.support.hierarchical.NodeTestTask.execute(NodeTestTask.java:95)
	at java.util.ArrayList.forEach(ArrayList.java:1259)
	at org.junit.platform.engine.support.hierarchical.SameThreadHierarchicalTestExecutorService.invokeAll(SameThreadHierarchicalTestExecutorService.java:41)
	at org.junit.platform.engine.support.hierarchical.NodeTestTask.lambda$executeRecursively$6(NodeTestTask.java:155)
	at org.junit.platform.engine.support.hierarchical.ThrowableCollector.execute(ThrowableCollector.java:73)
	at org.junit.platform.engine.support.hierarchical.NodeTestTask.lambda$executeRecursively$8(NodeTestTask.java:141)
	at org.junit.platform.engine.support.hierarchical.Node.around(Node.java:137)
	at org.junit.platform.engine.support.hierarchical.NodeTestTask.lambda$executeRecursively$9(NodeTestTask.java:139)
	at org.junit.platform.engine.support.hierarchical.ThrowableCollector.execute(ThrowableCollector.java:73)
	at org.junit.platform.engine.support.hierarchical.NodeTestTask.executeRecursively(NodeTestTask.java:138)
	at org.junit.platform.engine.support.hierarchical.NodeTestTask.execute(NodeTestTask.java:95)
	at org.junit.platform.engine.support.hierarchical.SameThreadHierarchicalTestExecutorService.submit(SameThreadHierarchicalTestExecutorService.java:35)
	at org.junit.platform.engine.support.hierarchical.HierarchicalTestExecutor.execute(HierarchicalTestExecutor.java:57)
	at org.junit.platform.engine.support.hierarchical.HierarchicalTestEngine.execute(HierarchicalTestEngine.java:54)
	at org.junit.platform.launcher.core.EngineExecutionOrchestrator.execute(EngineExecutionOrchestrator.java:107)
	at org.junit.platform.launcher.core.EngineExecutionOrchestrator.execute(EngineExecutionOrchestrator.java:88)
	at org.junit.platform.launcher.core.EngineExecutionOrchestrator.lambda$execute$0(EngineExecutionOrchestrator.java:54)
	at org.junit.platform.launcher.core.EngineExecutionOrchestrator.withInterceptedStreams(EngineExecutionOrchestrator.java:67)
	at org.junit.platform.launcher.core.EngineExecutionOrchestrator.execute(EngineExecutionOrchestrator.java:52)
	at org.junit.platform.launcher.core.DefaultLauncher.execute(DefaultLauncher.java:114)
	at org.junit.platform.launcher.core.DefaultLauncher.execute(DefaultLauncher.java:86)
	at org.junit.platform.launcher.core.DefaultLauncherSession$DelegatingLauncher.execute(DefaultLauncherSession.java:86)
	at org.junit.platform.launcher.core.SessionPerRequestLauncher.execute(SessionPerRequestLauncher.java:53)
	at org.apache.maven.surefire.junitplatform.JUnitPlatformProvider.execute(JUnitPlatformProvider.java:188)
	at org.apache.maven.surefire.junitplatform.JUnitPlatformProvider.invokeAllTests(JUnitPlatformProvider.java:154)
	at org.apache.maven.surefire.junitplatform.JUnitPlatformProvider.invoke(JUnitPlatformProvider.java:124)
	at org.apache.maven.surefire.booter.ForkedBooter.runSuitesInProcess(ForkedBooter.java:428)
	at org.apache.maven.surefire.booter.ForkedBooter.execute(ForkedBooter.java:162)
	at org.apache.maven.surefire.booter.ForkedBooter.run(ForkedBooter.java:562)
	at org.apache.maven.surefire.booter.ForkedBooter.main(ForkedBooter.java:548)
02:19:02.258 [Listener at 127.0.0.1/41793] ERROR DNAudit - user=null | ip=null | op=CLOSE_CONTAINER {containerID=7} | ret=FAILURE
java.lang.Exception: Cannot close container #7 while in UNHEALTHY state.
	at org.apache.hadoop.ozone.container.common.impl.HddsDispatcher.dispatchRequest(HddsDispatcher.java:389) ~[hdds-container-service-1.4.0-SNAPSHOT.jar:?]
	at org.apache.hadoop.ozone.container.common.impl.HddsDispatcher.lambda$dispatch$0(HddsDispatcher.java:171) ~[hdds-container-service-1.4.0-SNAPSHOT.jar:?]
	at org.apache.hadoop.hdds.server.OzoneProtocolMessageDispatcher.processRequest(OzoneProtocolMessageDispatcher.java:87) ~[hdds-server-framework-1.4.0-SNAPSHOT.jar:?]
	at org.apache.hadoop.ozone.container.common.impl.HddsDispatcher.dispatch(HddsDispatcher.java:170) ~[hdds-container-service-1.4.0-SNAPSHOT.jar:?]
	at org.apache.hadoop.ozone.client.rpc.TestContainerStateMachineFailures.testUnhealthyContainer(TestContainerStateMachineFailures.java:389) ~[test-classes/:?]
	at sun.reflect.NativeMethodAccessorImpl.invoke0(Native Method) ~[?:1.8.0_362]
	at sun.reflect.NativeMethodAccessorImpl.invoke(NativeMethodAccessorImpl.java:62) ~[?:1.8.0_362]
	at sun.reflect.DelegatingMethodAccessorImpl.invoke(DelegatingMethodAccessorImpl.java:43) ~[?:1.8.0_362]
	at java.lang.reflect.Method.invoke(Method.java:498) ~[?:1.8.0_362]
	at org.junit.platform.commons.util.ReflectionUtils.invokeMethod(ReflectionUtils.java:725) ~[junit-platform-commons-1.8.2.jar:1.8.2]
	at org.junit.jupiter.engine.execution.MethodInvocation.proceed(MethodInvocation.java:60) ~[junit-jupiter-engine-5.8.2.jar:5.8.2]
	at org.junit.jupiter.engine.execution.InvocationInterceptorChain$ValidatingInvocation.proceed(InvocationInterceptorChain.java:131) ~[junit-jupiter-engine-5.8.2.jar:5.8.2]
	at org.junit.jupiter.engine.extension.TimeoutExtension.intercept(TimeoutExtension.java:149) ~[junit-jupiter-engine-5.8.2.jar:5.8.2]
	at org.junit.jupiter.engine.extension.TimeoutExtension.interceptTestableMethod(TimeoutExtension.java:140) ~[junit-jupiter-engine-5.8.2.jar:5.8.2]
	at org.junit.jupiter.engine.extension.TimeoutExtension.interceptTestMethod(TimeoutExtension.java:84) ~[junit-jupiter-engine-5.8.2.jar:5.8.2]
	at org.junit.jupiter.engine.execution.ExecutableInvoker$ReflectiveInterceptorCall.lambda$ofVoidMethod$0(ExecutableInvoker.java:115) ~[junit-jupiter-engine-5.8.2.jar:5.8.2]
	at org.junit.jupiter.engine.execution.ExecutableInvoker.lambda$invoke$0(ExecutableInvoker.java:105) ~[junit-jupiter-engine-5.8.2.jar:5.8.2]
	at org.junit.jupiter.engine.execution.InvocationInterceptorChain$InterceptedInvocation.proceed(InvocationInterceptorChain.java:106) ~[junit-jupiter-engine-5.8.2.jar:5.8.2]
	at org.junit.jupiter.engine.execution.InvocationInterceptorChain.proceed(InvocationInterceptorChain.java:64) ~[junit-jupiter-engine-5.8.2.jar:5.8.2]
	at org.junit.jupiter.engine.execution.InvocationInterceptorChain.chainAndInvoke(InvocationInterceptorChain.java:45) ~[junit-jupiter-engine-5.8.2.jar:5.8.2]
	at org.junit.jupiter.engine.execution.InvocationInterceptorChain.invoke(InvocationInterceptorChain.java:37) ~[junit-jupiter-engine-5.8.2.jar:5.8.2]
	at org.junit.jupiter.engine.execution.ExecutableInvoker.invoke(ExecutableInvoker.java:104) ~[junit-jupiter-engine-5.8.2.jar:5.8.2]
	at org.junit.jupiter.engine.execution.ExecutableInvoker.invoke(ExecutableInvoker.java:98) ~[junit-jupiter-engine-5.8.2.jar:5.8.2]
	at org.junit.jupiter.engine.descriptor.TestMethodTestDescriptor.lambda$invokeTestMethod$7(TestMethodTestDescriptor.java:214) ~[junit-jupiter-engine-5.8.2.jar:5.8.2]
	at org.junit.platform.engine.support.hierarchical.ThrowableCollector.execute(ThrowableCollector.java:73) ~[junit-platform-engine-1.8.2.jar:1.8.2]
	at org.junit.jupiter.engine.descriptor.TestMethodTestDescriptor.invokeTestMethod(TestMethodTestDescriptor.java:210) ~[junit-jupiter-engine-5.8.2.jar:5.8.2]
	at org.junit.jupiter.engine.descriptor.TestMethodTestDescriptor.execute(TestMethodTestDescriptor.java:135) ~[junit-jupiter-engine-5.8.2.jar:5.8.2]
	at org.junit.jupiter.engine.descriptor.TestMethodTestDescriptor.execute(TestMethodTestDescriptor.java:66) ~[junit-jupiter-engine-5.8.2.jar:5.8.2]
	at org.junit.platform.engine.support.hierarchical.NodeTestTask.lambda$executeRecursively$6(NodeTestTask.java:151) ~[junit-platform-engine-1.8.2.jar:1.8.2]
	at org.junit.platform.engine.support.hierarchical.ThrowableCollector.execute(ThrowableCollector.java:73) ~[junit-platform-engine-1.8.2.jar:1.8.2]
	at org.junit.platform.engine.support.hierarchical.NodeTestTask.lambda$executeRecursively$8(NodeTestTask.java:141) ~[junit-platform-engine-1.8.2.jar:1.8.2]
	at org.junit.platform.engine.support.hierarchical.Node.around(Node.java:137) ~[junit-platform-engine-1.8.2.jar:1.8.2]
	at org.junit.platform.engine.support.hierarchical.NodeTestTask.lambda$executeRecursively$9(NodeTestTask.java:139) ~[junit-platform-engine-1.8.2.jar:1.8.2]
	at org.junit.platform.engine.support.hierarchical.ThrowableCollector.execute(ThrowableCollector.java:73) ~[junit-platform-engine-1.8.2.jar:1.8.2]
	at org.junit.platform.engine.support.hierarchical.NodeTestTask.executeRecursively(NodeTestTask.java:138) ~[junit-platform-engine-1.8.2.jar:1.8.2]
	at org.junit.platform.engine.support.hierarchical.NodeTestTask.execute(NodeTestTask.java:95) ~[junit-platform-engine-1.8.2.jar:1.8.2]
	at java.util.ArrayList.forEach(ArrayList.java:1259) ~[?:1.8.0_362]
	at org.junit.platform.engine.support.hierarchical.SameThreadHierarchicalTestExecutorService.invokeAll(SameThreadHierarchicalTestExecutorService.java:41) ~[junit-platform-engine-1.8.2.jar:1.8.2]
	at org.junit.platform.engine.support.hierarchical.NodeTestTask.lambda$executeRecursively$6(NodeTestTask.java:155) ~[junit-platform-engine-1.8.2.jar:1.8.2]
	at org.junit.platform.engine.support.hierarchical.ThrowableCollector.execute(ThrowableCollector.java:73) ~[junit-platform-engine-1.8.2.jar:1.8.2]
	at org.junit.platform.engine.support.hierarchical.NodeTestTask.lambda$executeRecursively$8(NodeTestTask.java:141) ~[junit-platform-engine-1.8.2.jar:1.8.2]
	at org.junit.platform.engine.support.hierarchical.Node.around(Node.java:137) ~[junit-platform-engine-1.8.2.jar:1.8.2]
	at org.junit.platform.engine.support.hierarchical.NodeTestTask.lambda$executeRecursively$9(NodeTestTask.java:139) ~[junit-platform-engine-1.8.2.jar:1.8.2]
	at org.junit.platform.engine.support.hierarchical.ThrowableCollector.execute(ThrowableCollector.java:73) ~[junit-platform-engine-1.8.2.jar:1.8.2]
	at org.junit.platform.engine.support.hierarchical.NodeTestTask.executeRecursively(NodeTestTask.java:138) ~[junit-platform-engine-1.8.2.jar:1.8.2]
	at org.junit.platform.engine.support.hierarchical.NodeTestTask.execute(NodeTestTask.java:95) ~[junit-platform-engine-1.8.2.jar:1.8.2]
	at java.util.ArrayList.forEach(ArrayList.java:1259) ~[?:1.8.0_362]
	at org.junit.platform.engine.support.hierarchical.SameThreadHierarchicalTestExecutorService.invokeAll(SameThreadHierarchicalTestExecutorService.java:41) ~[junit-platform-engine-1.8.2.jar:1.8.2]
	at org.junit.platform.engine.support.hierarchical.NodeTestTask.lambda$executeRecursively$6(NodeTestTask.java:155) ~[junit-platform-engine-1.8.2.jar:1.8.2]
	at org.junit.platform.engine.support.hierarchical.ThrowableCollector.execute(ThrowableCollector.java:73) ~[junit-platform-engine-1.8.2.jar:1.8.2]
	at org.junit.platform.engine.support.hierarchical.NodeTestTask.lambda$executeRecursively$8(NodeTestTask.java:141) ~[junit-platform-engine-1.8.2.jar:1.8.2]
	at org.junit.platform.engine.support.hierarchical.Node.around(Node.java:137) ~[junit-platform-engine-1.8.2.jar:1.8.2]
	at org.junit.platform.engine.support.hierarchical.NodeTestTask.lambda$executeRecursively$9(NodeTestTask.java:139) ~[junit-platform-engine-1.8.2.jar:1.8.2]
	at org.junit.platform.engine.support.hierarchical.ThrowableCollector.execute(ThrowableCollector.java:73) ~[junit-platform-engine-1.8.2.jar:1.8.2]
	at org.junit.platform.engine.support.hierarchical.NodeTestTask.executeRecursively(NodeTestTask.java:138) ~[junit-platform-engine-1.8.2.jar:1.8.2]
	at org.junit.platform.engine.support.hierarchical.NodeTestTask.execute(NodeTestTask.java:95) ~[junit-platform-engine-1.8.2.jar:1.8.2]
	at org.junit.platform.engine.support.hierarchical.SameThreadHierarchicalTestExecutorService.submit(SameThreadHierarchicalTestExecutorService.java:35) ~[junit-platform-engine-1.8.2.jar:1.8.2]
	at org.junit.platform.engine.support.hierarchical.HierarchicalTestExecutor.execute(HierarchicalTestExecutor.java:57) ~[junit-platform-engine-1.8.2.jar:1.8.2]
	at org.junit.platform.engine.support.hierarchical.HierarchicalTestEngine.execute(HierarchicalTestEngine.java:54) ~[junit-platform-engine-1.8.2.jar:1.8.2]
	at org.junit.platform.launcher.core.EngineExecutionOrchestrator.execute(EngineExecutionOrchestrator.java:107) ~[junit-platform-launcher-1.8.2.jar:1.8.2]
	at org.junit.platform.launcher.core.EngineExecutionOrchestrator.execute(EngineExecutionOrchestrator.java:88) ~[junit-platform-launcher-1.8.2.jar:1.8.2]
	at org.junit.platform.launcher.core.EngineExecutionOrchestrator.lambda$execute$0(EngineExecutionOrchestrator.java:54) ~[junit-platform-launcher-1.8.2.jar:1.8.2]
	at org.junit.platform.launcher.core.EngineExecutionOrchestrator.withInterceptedStreams(EngineExecutionOrchestrator.java:67) [junit-platform-launcher-1.8.2.jar:1.8.2]
	at org.junit.platform.launcher.core.EngineExecutionOrchestrator.execute(EngineExecutionOrchestrator.java:52) [junit-platform-launcher-1.8.2.jar:1.8.2]
	at org.junit.platform.launcher.core.DefaultLauncher.execute(DefaultLauncher.java:114) [junit-platform-launcher-1.8.2.jar:1.8.2]
	at org.junit.platform.launcher.core.DefaultLauncher.execute(DefaultLauncher.java:86) [junit-platform-launcher-1.8.2.jar:1.8.2]
	at org.junit.platform.launcher.core.DefaultLauncherSession$DelegatingLauncher.execute(DefaultLauncherSession.java:86) [junit-platform-launcher-1.8.2.jar:1.8.2]
	at org.junit.platform.launcher.core.SessionPerRequestLauncher.execute(SessionPerRequestLauncher.java:53) [junit-platform-launcher-1.8.2.jar:1.8.2]
	at org.apache.maven.surefire.junitplatform.JUnitPlatformProvider.execute(JUnitPlatformProvider.java:188) [surefire-junit-platform-3.0.0-M5.jar:3.0.0-M5]
	at org.apache.maven.surefire.junitplatform.JUnitPlatformProvider.invokeAllTests(JUnitPlatformProvider.java:154) [surefire-junit-platform-3.0.0-M5.jar:3.0.0-M5]
	at org.apache.maven.surefire.junitplatform.JUnitPlatformProvider.invoke(JUnitPlatformProvider.java:124) [surefire-junit-platform-3.0.0-M5.jar:3.0.0-M5]
	at org.apache.maven.surefire.booter.ForkedBooter.runSuitesInProcess(ForkedBooter.java:428) [surefire-booter-3.0.0-M5.jar:3.0.0-M5]
	at org.apache.maven.surefire.booter.ForkedBooter.execute(ForkedBooter.java:162) [surefire-booter-3.0.0-M5.jar:3.0.0-M5]
	at org.apache.maven.surefire.booter.ForkedBooter.run(ForkedBooter.java:562) [surefire-booter-3.0.0-M5.jar:3.0.0-M5]
	at org.apache.maven.surefire.booter.ForkedBooter.main(ForkedBooter.java:548) [surefire-booter-3.0.0-M5.jar:3.0.0-M5]
]]></system-out>
  </testcase>
  <testcase name="testContainerStateMachineDualFailureRetry" classname="org.apache.hadoop.ozone.client.rpc.TestContainerStateMachineFailures" time="23.127">
    <system-out><![CDATA[2023-04-22 02:19:02,270 [org.apache.hadoop.util.JvmPauseMonitor$Monitor@186bc46e] INFO  util.JvmPauseMonitor (JvmPauseMonitor.java:run(188)) - Starting JVM pause monitor
2023-04-22 02:19:02,284 [Datanode State Machine Task Thread - 0] INFO  datanode.InitDatanodeState (InitDatanodeState.java:persistContainerDatanodeDetails(138)) - DatanodeDetails is persisted to /home/runner/work/ozone/ozone/hadoop-ozone/integration-test/target/test-dir/MiniOzoneClusterImpl-b640deff-6994-498f-92ea-4ac5c972f0d8/datanode-0/meta/datanode.id
2023-04-22 02:19:02,291 [FixedThreadPoolWithAffinityExecutor-0-0] WARN  container.ContainerReportHandler (AbstractContainerReportHandler.java:updateContainerState(259)) - Container #1 is in OPEN state, but the datanode 44aa5787-a9ca-4d27-a88e-9069c8f4547b(fv-az443-428.ap2fcshprsnunfx25e1aelzb4b.cx.internal.cloudapp.net/10.1.0.20) reports an QUASI_CLOSED replica.
2023-04-22 02:19:02,292 [FixedThreadPoolWithAffinityExecutor-9-0] WARN  container.ContainerReportHandler (AbstractContainerReportHandler.java:updateContainerState(259)) - Container #4 is in OPEN state, but the datanode ffe33985-86ac-4dba-9cf7-e9d9be1914b9(fv-az443-428.ap2fcshprsnunfx25e1aelzb4b.cx.internal.cloudapp.net/10.1.0.20) reports an CLOSED replica.
2023-04-22 02:19:02,347 [FixedThreadPoolWithAffinityExecutor-9-0] WARN  container.ContainerReportHandler (AbstractContainerReportHandler.java:updateContainerState(259)) - Container #1 is in OPEN state, but the datanode 6aaf5ca8-0737-4296-ba95-7f0e9402c55b(fv-az443-428.ap2fcshprsnunfx25e1aelzb4b.cx.internal.cloudapp.net/10.1.0.20) reports an QUASI_CLOSED replica.
2023-04-22 02:19:02,491 [FixedThreadPoolWithAffinityExecutor-0-0] WARN  container.ContainerReportHandler (AbstractContainerReportHandler.java:updateContainerState(259)) - Container #1 is in OPEN state, but the datanode 44aa5787-a9ca-4d27-a88e-9069c8f4547b(fv-az443-428.ap2fcshprsnunfx25e1aelzb4b.cx.internal.cloudapp.net/10.1.0.20) reports an QUASI_CLOSED replica.
2023-04-22 02:19:02,688 [FixedThreadPoolWithAffinityExecutor-9-0] WARN  container.ContainerReportHandler (AbstractContainerReportHandler.java:updateContainerState(259)) - Container #4 is in OPEN state, but the datanode ffe33985-86ac-4dba-9cf7-e9d9be1914b9(fv-az443-428.ap2fcshprsnunfx25e1aelzb4b.cx.internal.cloudapp.net/10.1.0.20) reports an CLOSED replica.
2023-04-22 02:19:02,691 [FixedThreadPoolWithAffinityExecutor-0-0] WARN  container.ContainerReportHandler (AbstractContainerReportHandler.java:updateContainerState(259)) - Container #1 is in OPEN state, but the datanode 44aa5787-a9ca-4d27-a88e-9069c8f4547b(fv-az443-428.ap2fcshprsnunfx25e1aelzb4b.cx.internal.cloudapp.net/10.1.0.20) reports an QUASI_CLOSED replica.
2023-04-22 02:19:02,746 [FixedThreadPoolWithAffinityExecutor-9-0] WARN  container.ContainerReportHandler (AbstractContainerReportHandler.java:updateContainerState(259)) - Container #1 is in OPEN state, but the datanode 6aaf5ca8-0737-4296-ba95-7f0e9402c55b(fv-az443-428.ap2fcshprsnunfx25e1aelzb4b.cx.internal.cloudapp.net/10.1.0.20) reports an QUASI_CLOSED replica.
2023-04-22 02:19:02,821 [timer7] WARN  server.GrpcLogAppender (GrpcLogAppender.java:timeoutAppendRequest(314)) - b7c32ab9-1d10-40a2-8298-2f54da75b521@group-E7D3625E2A84->1fa0605c-c70f-40a8-a13c-0f797dcff94f-GrpcLogAppender: HEARTBEAT appendEntries Timeout, request=AppendEntriesRequest:cid=8078846,entriesCount=0,lastEntry=null
2023-04-22 02:19:02,888 [FixedThreadPoolWithAffinityExecutor-9-0] WARN  container.ContainerReportHandler (AbstractContainerReportHandler.java:updateContainerState(259)) - Container #4 is in OPEN state, but the datanode ffe33985-86ac-4dba-9cf7-e9d9be1914b9(fv-az443-428.ap2fcshprsnunfx25e1aelzb4b.cx.internal.cloudapp.net/10.1.0.20) reports an CLOSED replica.
2023-04-22 02:19:02,891 [FixedThreadPoolWithAffinityExecutor-0-0] WARN  container.ContainerReportHandler (AbstractContainerReportHandler.java:updateContainerState(259)) - Container #1 is in OPEN state, but the datanode 44aa5787-a9ca-4d27-a88e-9069c8f4547b(fv-az443-428.ap2fcshprsnunfx25e1aelzb4b.cx.internal.cloudapp.net/10.1.0.20) reports an QUASI_CLOSED replica.
2023-04-22 02:19:02,947 [FixedThreadPoolWithAffinityExecutor-9-0] WARN  container.ContainerReportHandler (AbstractContainerReportHandler.java:updateContainerState(259)) - Container #1 is in OPEN state, but the datanode 6aaf5ca8-0737-4296-ba95-7f0e9402c55b(fv-az443-428.ap2fcshprsnunfx25e1aelzb4b.cx.internal.cloudapp.net/10.1.0.20) reports an QUASI_CLOSED replica.
2023-04-22 02:19:03,090 [FixedThreadPoolWithAffinityExecutor-0-0] WARN  container.ContainerReportHandler (AbstractContainerReportHandler.java:updateContainerState(259)) - Container #1 is in OPEN state, but the datanode 44aa5787-a9ca-4d27-a88e-9069c8f4547b(fv-az443-428.ap2fcshprsnunfx25e1aelzb4b.cx.internal.cloudapp.net/10.1.0.20) reports an QUASI_CLOSED replica.
2023-04-22 02:19:03,287 [FixedThreadPoolWithAffinityExecutor-9-0] WARN  container.ContainerReportHandler (AbstractContainerReportHandler.java:updateContainerState(259)) - Container #4 is in OPEN state, but the datanode ffe33985-86ac-4dba-9cf7-e9d9be1914b9(fv-az443-428.ap2fcshprsnunfx25e1aelzb4b.cx.internal.cloudapp.net/10.1.0.20) reports an CLOSED replica.
2023-04-22 02:19:03,348 [FixedThreadPoolWithAffinityExecutor-9-0] WARN  container.ContainerReportHandler (AbstractContainerReportHandler.java:updateContainerState(259)) - Container #1 is in OPEN state, but the datanode 6aaf5ca8-0737-4296-ba95-7f0e9402c55b(fv-az443-428.ap2fcshprsnunfx25e1aelzb4b.cx.internal.cloudapp.net/10.1.0.20) reports an QUASI_CLOSED replica.
2023-04-22 02:19:03,431 [grpc-default-executor-5] WARN  server.GrpcLogAppender (LogUtils.java:warn(122)) - 6aaf5ca8-0737-4296-ba95-7f0e9402c55b@group-D4D495DF8B74->4fb9f1f7-4e3b-4bcf-a7e7-c7ddcac09d11-AppendLogResponseHandler: Failed appendEntries: org.apache.ratis.thirdparty.io.grpc.StatusRuntimeException: UNAVAILABLE: io exception
2023-04-22 02:19:03,431 [grpc-default-executor-1] WARN  server.GrpcLogAppender (LogUtils.java:warn(122)) - 6aaf5ca8-0737-4296-ba95-7f0e9402c55b@group-D4D495DF8B74->4fb9f1f7-4e3b-4bcf-a7e7-c7ddcac09d11-AppendLogResponseHandler: Failed appendEntries: org.apache.ratis.thirdparty.io.grpc.StatusRuntimeException: UNAVAILABLE: io exception
2023-04-22 02:19:03,432 [grpc-default-executor-5] INFO  leader.FollowerInfo (FollowerInfoImpl.java:lambda$new$0(48)) - 6aaf5ca8-0737-4296-ba95-7f0e9402c55b@group-D4D495DF8B74->4fb9f1f7-4e3b-4bcf-a7e7-c7ddcac09d11: nextIndex: updateUnconditionally 0 -> 0
2023-04-22 02:19:03,433 [grpc-default-executor-1] INFO  leader.FollowerInfo (FollowerInfoImpl.java:lambda$new$0(48)) - 6aaf5ca8-0737-4296-ba95-7f0e9402c55b@group-D4D495DF8B74->4fb9f1f7-4e3b-4bcf-a7e7-c7ddcac09d11: nextIndex: updateUnconditionally 0 -> 0
2023-04-22 02:19:03,442 [grpc-default-executor-1] WARN  server.GrpcLogAppender (LogUtils.java:warn(122)) - 6aaf5ca8-0737-4296-ba95-7f0e9402c55b@group-D4D495DF8B74->4fb9f1f7-4e3b-4bcf-a7e7-c7ddcac09d11-AppendLogResponseHandler: Failed appendEntries: org.apache.ratis.thirdparty.io.grpc.StatusRuntimeException: UNAVAILABLE: io exception
2023-04-22 02:19:03,443 [grpc-default-executor-5] WARN  server.GrpcLogAppender (LogUtils.java:warn(122)) - 6aaf5ca8-0737-4296-ba95-7f0e9402c55b@group-D4D495DF8B74->4fb9f1f7-4e3b-4bcf-a7e7-c7ddcac09d11-AppendLogResponseHandler: Failed appendEntries: org.apache.ratis.thirdparty.io.grpc.StatusRuntimeException: UNAVAILABLE: io exception
2023-04-22 02:19:03,446 [grpc-default-executor-1] INFO  leader.FollowerInfo (FollowerInfoImpl.java:lambda$new$0(48)) - 6aaf5ca8-0737-4296-ba95-7f0e9402c55b@group-D4D495DF8B74->4fb9f1f7-4e3b-4bcf-a7e7-c7ddcac09d11: nextIndex: updateUnconditionally 1 -> 0
2023-04-22 02:19:03,446 [grpc-default-executor-5] INFO  leader.FollowerInfo (FollowerInfoImpl.java:lambda$new$0(48)) - 6aaf5ca8-0737-4296-ba95-7f0e9402c55b@group-D4D495DF8B74->4fb9f1f7-4e3b-4bcf-a7e7-c7ddcac09d11: nextIndex: updateUnconditionally 0 -> 0
2023-04-22 02:19:03,490 [FixedThreadPoolWithAffinityExecutor-0-0] WARN  container.ContainerReportHandler (AbstractContainerReportHandler.java:updateContainerState(259)) - Container #1 is in OPEN state, but the datanode 44aa5787-a9ca-4d27-a88e-9069c8f4547b(fv-az443-428.ap2fcshprsnunfx25e1aelzb4b.cx.internal.cloudapp.net/10.1.0.20) reports an QUASI_CLOSED replica.
2023-04-22 02:19:03,688 [FixedThreadPoolWithAffinityExecutor-9-0] WARN  container.ContainerReportHandler (AbstractContainerReportHandler.java:updateContainerState(259)) - Container #4 is in OPEN state, but the datanode ffe33985-86ac-4dba-9cf7-e9d9be1914b9(fv-az443-428.ap2fcshprsnunfx25e1aelzb4b.cx.internal.cloudapp.net/10.1.0.20) reports an CLOSED replica.
2023-04-22 02:19:03,691 [FixedThreadPoolWithAffinityExecutor-0-0] WARN  container.ContainerReportHandler (AbstractContainerReportHandler.java:updateContainerState(259)) - Container #1 is in OPEN state, but the datanode 44aa5787-a9ca-4d27-a88e-9069c8f4547b(fv-az443-428.ap2fcshprsnunfx25e1aelzb4b.cx.internal.cloudapp.net/10.1.0.20) reports an QUASI_CLOSED replica.
2023-04-22 02:19:03,748 [FixedThreadPoolWithAffinityExecutor-9-0] WARN  container.ContainerReportHandler (AbstractContainerReportHandler.java:updateContainerState(259)) - Container #1 is in OPEN state, but the datanode 6aaf5ca8-0737-4296-ba95-7f0e9402c55b(fv-az443-428.ap2fcshprsnunfx25e1aelzb4b.cx.internal.cloudapp.net/10.1.0.20) reports an QUASI_CLOSED replica.
2023-04-22 02:19:03,888 [FixedThreadPoolWithAffinityExecutor-9-0] WARN  container.ContainerReportHandler (AbstractContainerReportHandler.java:updateContainerState(259)) - Container #4 is in OPEN state, but the datanode ffe33985-86ac-4dba-9cf7-e9d9be1914b9(fv-az443-428.ap2fcshprsnunfx25e1aelzb4b.cx.internal.cloudapp.net/10.1.0.20) reports an CLOSED replica.
2023-04-22 02:19:03,890 [FixedThreadPoolWithAffinityExecutor-0-0] WARN  container.ContainerReportHandler (AbstractContainerReportHandler.java:updateContainerState(259)) - Container #1 is in OPEN state, but the datanode 44aa5787-a9ca-4d27-a88e-9069c8f4547b(fv-az443-428.ap2fcshprsnunfx25e1aelzb4b.cx.internal.cloudapp.net/10.1.0.20) reports an QUASI_CLOSED replica.
2023-04-22 02:19:04,072 [timer3] WARN  server.GrpcLogAppender (GrpcLogAppender.java:timeoutAppendRequest(314)) - b7c32ab9-1d10-40a2-8298-2f54da75b521@group-E7D3625E2A84->1fa0605c-c70f-40a8-a13c-0f797dcff94f-GrpcLogAppender: HEARTBEAT appendEntries Timeout, request=AppendEntriesRequest:cid=8078847,entriesCount=0,lastEntry=null
2023-04-22 02:19:04,092 [FixedThreadPoolWithAffinityExecutor-0-0] WARN  container.ContainerReportHandler (AbstractContainerReportHandler.java:updateContainerState(259)) - Container #1 is in OPEN state, but the datanode 44aa5787-a9ca-4d27-a88e-9069c8f4547b(fv-az443-428.ap2fcshprsnunfx25e1aelzb4b.cx.internal.cloudapp.net/10.1.0.20) reports an QUASI_CLOSED replica.
2023-04-22 02:19:04,171 [FixedThreadPoolWithAffinityExecutor-9-0] WARN  container.ContainerReportHandler (AbstractContainerReportHandler.java:updateContainerState(259)) - Container #1 is in OPEN state, but the datanode 6aaf5ca8-0737-4296-ba95-7f0e9402c55b(fv-az443-428.ap2fcshprsnunfx25e1aelzb4b.cx.internal.cloudapp.net/10.1.0.20) reports an QUASI_CLOSED replica.
2023-04-22 02:19:04,274 [EndpointStateMachine task thread for /0.0.0.0:44143 - 0 ] INFO  ozoneimpl.OzoneContainer (OzoneContainer.java:start(397)) - Attempting to start container services.
2023-04-22 02:19:04,274 [EndpointStateMachine task thread for /0.0.0.0:44143 - 0 ] INFO  ozoneimpl.OzoneContainer (OzoneContainer.java:startContainerScrub(314)) - Scheduled background container scanners and the on-demand container scanner have been disabled.
2023-04-22 02:19:04,275 [EndpointStateMachine task thread for /0.0.0.0:44143 - 0 ] INFO  replication.ReplicationServer (ReplicationServer.java:start(109)) - ReplicationServer is started using port 43395
2023-04-22 02:19:04,275 [EndpointStateMachine task thread for /0.0.0.0:44143 - 0 ] INFO  ratis.XceiverServerRatis (XceiverServerRatis.java:start(517)) - Starting XceiverServerRatis 4fb9f1f7-4e3b-4bcf-a7e7-c7ddcac09d11
2023-04-22 02:19:04,276 [EndpointStateMachine task thread for /0.0.0.0:44143 - 0 ] INFO  server.RaftServer (RaftServerProxy.java:startImpl(393)) - 4fb9f1f7-4e3b-4bcf-a7e7-c7ddcac09d11: start RPC server
2023-04-22 02:19:04,280 [EndpointStateMachine task thread for /0.0.0.0:44143 - 0 ] INFO  server.GrpcService (GrpcService.java:startImpl(262)) - 4fb9f1f7-4e3b-4bcf-a7e7-c7ddcac09d11: GrpcService started, listening on 44181
2023-04-22 02:19:04,281 [EndpointStateMachine task thread for /0.0.0.0:44143 - 0 ] INFO  ratis.XceiverServerRatis (XceiverServerRatis.java:getRealPort(543)) - XceiverServerRatis 4fb9f1f7-4e3b-4bcf-a7e7-c7ddcac09d11 is started using port 44181 for RATIS
2023-04-22 02:19:04,281 [EndpointStateMachine task thread for /0.0.0.0:44143 - 0 ] INFO  ratis.XceiverServerRatis (XceiverServerRatis.java:getRealPort(543)) - XceiverServerRatis 4fb9f1f7-4e3b-4bcf-a7e7-c7ddcac09d11 is started using port 44181 for RATIS_ADMIN
2023-04-22 02:19:04,281 [JvmPauseMonitor12] INFO  util.JvmPauseMonitor (JvmPauseMonitor.java:run(105)) - JvmPauseMonitor-4fb9f1f7-4e3b-4bcf-a7e7-c7ddcac09d11: Started
2023-04-22 02:19:04,281 [EndpointStateMachine task thread for /0.0.0.0:44143 - 0 ] INFO  ratis.XceiverServerRatis (XceiverServerRatis.java:getRealPort(543)) - XceiverServerRatis 4fb9f1f7-4e3b-4bcf-a7e7-c7ddcac09d11 is started using port 44181 for RATIS_SERVER
2023-04-22 02:19:04,281 [EndpointStateMachine task thread for /0.0.0.0:44143 - 0 ] INFO  ratis.XceiverServerRatis (XceiverServerRatis.java:getRealPort(543)) - XceiverServerRatis 4fb9f1f7-4e3b-4bcf-a7e7-c7ddcac09d11 is started using port 37797 for RATIS_DATASTREAM
2023-04-22 02:19:04,283 [BlockDeletingService#0] INFO  interfaces.ContainerDeletionChoosingPolicyTemplate (ContainerDeletionChoosingPolicyTemplate.java:chooseContainerForBlockDeletion(83)) - Chosen 0/5000 blocks from 0 candidate containers.
2023-04-22 02:19:04,288 [FixedThreadPoolWithAffinityExecutor-9-0] WARN  container.ContainerReportHandler (AbstractContainerReportHandler.java:updateContainerState(259)) - Container #4 is in OPEN state, but the datanode ffe33985-86ac-4dba-9cf7-e9d9be1914b9(fv-az443-428.ap2fcshprsnunfx25e1aelzb4b.cx.internal.cloudapp.net/10.1.0.20) reports an CLOSED replica.
2023-04-22 02:19:04,487 [FixedThreadPoolWithAffinityExecutor-9-0] WARN  container.ContainerReportHandler (AbstractContainerReportHandler.java:updateContainerState(259)) - Container #4 is in OPEN state, but the datanode ffe33985-86ac-4dba-9cf7-e9d9be1914b9(fv-az443-428.ap2fcshprsnunfx25e1aelzb4b.cx.internal.cloudapp.net/10.1.0.20) reports an CLOSED replica.
2023-04-22 02:19:04,491 [FixedThreadPoolWithAffinityExecutor-0-0] WARN  container.ContainerReportHandler (AbstractContainerReportHandler.java:updateContainerState(259)) - Container #1 is in OPEN state, but the datanode 44aa5787-a9ca-4d27-a88e-9069c8f4547b(fv-az443-428.ap2fcshprsnunfx25e1aelzb4b.cx.internal.cloudapp.net/10.1.0.20) reports an QUASI_CLOSED replica.
2023-04-22 02:19:04,571 [FixedThreadPoolWithAffinityExecutor-9-0] WARN  container.ContainerReportHandler (AbstractContainerReportHandler.java:updateContainerState(259)) - Container #1 is in OPEN state, but the datanode 6aaf5ca8-0737-4296-ba95-7f0e9402c55b(fv-az443-428.ap2fcshprsnunfx25e1aelzb4b.cx.internal.cloudapp.net/10.1.0.20) reports an QUASI_CLOSED replica.
2023-04-22 02:19:04,691 [FixedThreadPoolWithAffinityExecutor-0-0] WARN  container.ContainerReportHandler (AbstractContainerReportHandler.java:updateContainerState(259)) - Container #1 is in OPEN state, but the datanode 44aa5787-a9ca-4d27-a88e-9069c8f4547b(fv-az443-428.ap2fcshprsnunfx25e1aelzb4b.cx.internal.cloudapp.net/10.1.0.20) reports an QUASI_CLOSED replica.
2023-04-22 02:19:04,694 [grpc-default-executor-5] WARN  server.GrpcServerProtocolService (LogUtils.java:warn(124)) - 4fb9f1f7-4e3b-4bcf-a7e7-c7ddcac09d11: Failed APPEND_ENTRIES request 6aaf5ca8-0737-4296-ba95-7f0e9402c55b->4fb9f1f7-4e3b-4bcf-a7e7-c7ddcac09d11#263-t1,previous=(t:0, i:0),leaderCommit=1,initializing? true,entries: size=1, first=(t:1, i:0), CONFIGURATIONENTRY(current:id: "6aaf5ca8-0737-4296-ba95-7f0e9402c55b"
address: "10.1.0.20:37225"
priority: 1
dataStreamAddress: "10.1.0.20:33711"
clientAddress: "10.1.0.20:37225"
adminAddress: "10.1.0.20:37225"
startupRole: FOLLOWER
,id: "4fb9f1f7-4e3b-4bcf-a7e7-c7ddcac09d11"
address: "10.1.0.20:44181"
dataStreamAddress: "10.1.0.20:37741"
clientAddress: "10.1.0.20:44181"
adminAddress: "10.1.0.20:44181"
startupRole: FOLLOWER
,id: "44aa5787-a9ca-4d27-a88e-9069c8f4547b"
address: "10.1.0.20:46431"
dataStreamAddress: "10.1.0.20:44789"
clientAddress: "10.1.0.20:46431"
adminAddress: "10.1.0.20:46431"
startupRole: FOLLOWER
, old:)
java.util.concurrent.CompletionException: org.apache.ratis.protocol.exceptions.GroupMismatchException: 4fb9f1f7-4e3b-4bcf-a7e7-c7ddcac09d11: group-D4D495DF8B74 not found.
	at java.util.concurrent.CompletableFuture.encodeThrowable(CompletableFuture.java:292)
	at java.util.concurrent.CompletableFuture.uniComposeStage(CompletableFuture.java:989)
	at java.util.concurrent.CompletableFuture.thenCompose(CompletableFuture.java:2137)
	at org.apache.ratis.server.impl.RaftServerProxy.appendEntriesAsync(RaftServerProxy.java:630)
	at org.apache.ratis.grpc.server.GrpcServerProtocolService$1.process(GrpcServerProtocolService.java:205)
	at org.apache.ratis.grpc.server.GrpcServerProtocolService$1.process(GrpcServerProtocolService.java:202)
	at org.apache.ratis.grpc.server.GrpcServerProtocolService$ServerRequestStreamObserver.onNext(GrpcServerProtocolService.java:124)
	at org.apache.ratis.thirdparty.io.grpc.stub.ServerCalls$StreamingServerCallHandler$StreamingServerCallListener.onMessage(ServerCalls.java:262)
	at org.apache.ratis.thirdparty.io.grpc.ForwardingServerCallListener.onMessage(ForwardingServerCallListener.java:33)
	at org.apache.ratis.thirdparty.io.grpc.internal.ServerCallImpl$ServerStreamListenerImpl.messagesAvailableInternal(ServerCallImpl.java:332)
	at org.apache.ratis.thirdparty.io.grpc.internal.ServerCallImpl$ServerStreamListenerImpl.messagesAvailable(ServerCallImpl.java:315)
	at org.apache.ratis.thirdparty.io.grpc.internal.ServerImpl$JumpToApplicationThreadServerStreamListener$1MessagesAvailable.runInContext(ServerImpl.java:834)
	at org.apache.ratis.thirdparty.io.grpc.internal.ContextRunnable.run(ContextRunnable.java:37)
	at org.apache.ratis.thirdparty.io.grpc.internal.SerializingExecutor.run(SerializingExecutor.java:133)
	at java.util.concurrent.ThreadPoolExecutor.runWorker(ThreadPoolExecutor.java:1149)
	at java.util.concurrent.ThreadPoolExecutor$Worker.run(ThreadPoolExecutor.java:624)
	at java.lang.Thread.run(Thread.java:750)
Caused by: org.apache.ratis.protocol.exceptions.GroupMismatchException: 4fb9f1f7-4e3b-4bcf-a7e7-c7ddcac09d11: group-D4D495DF8B74 not found.
	at org.apache.ratis.server.impl.RaftServerProxy$ImplMap.get(RaftServerProxy.java:150)
	at org.apache.ratis.server.impl.RaftServerProxy.getImplFuture(RaftServerProxy.java:351)
	at org.apache.ratis.server.impl.RaftServerProxy.appendEntriesAsync(RaftServerProxy.java:629)
	... 13 more
2023-04-22 02:19:04,697 [grpc-default-executor-1] WARN  server.GrpcLogAppender (LogUtils.java:warn(124)) - 6aaf5ca8-0737-4296-ba95-7f0e9402c55b@group-D4D495DF8B74->4fb9f1f7-4e3b-4bcf-a7e7-c7ddcac09d11-AppendLogResponseHandler: Failed appendEntries
org.apache.ratis.protocol.exceptions.GroupMismatchException: 4fb9f1f7-4e3b-4bcf-a7e7-c7ddcac09d11: group-D4D495DF8B74 not found.
	at org.apache.ratis.server.impl.RaftServerProxy$ImplMap.get(RaftServerProxy.java:150)
	at org.apache.ratis.server.impl.RaftServerProxy.getImplFuture(RaftServerProxy.java:351)
	at org.apache.ratis.server.impl.RaftServerProxy.appendEntriesAsync(RaftServerProxy.java:629)
	at org.apache.ratis.grpc.server.GrpcServerProtocolService$1.process(GrpcServerProtocolService.java:205)
	at org.apache.ratis.grpc.server.GrpcServerProtocolService$1.process(GrpcServerProtocolService.java:202)
	at org.apache.ratis.grpc.server.GrpcServerProtocolService$ServerRequestStreamObserver.onNext(GrpcServerProtocolService.java:124)
	at org.apache.ratis.thirdparty.io.grpc.stub.ServerCalls$StreamingServerCallHandler$StreamingServerCallListener.onMessage(ServerCalls.java:262)
	at org.apache.ratis.thirdparty.io.grpc.ForwardingServerCallListener.onMessage(ForwardingServerCallListener.java:33)
	at org.apache.ratis.thirdparty.io.grpc.internal.ServerCallImpl$ServerStreamListenerImpl.messagesAvailableInternal(ServerCallImpl.java:332)
	at org.apache.ratis.thirdparty.io.grpc.internal.ServerCallImpl$ServerStreamListenerImpl.messagesAvailable(ServerCallImpl.java:315)
	at org.apache.ratis.thirdparty.io.grpc.internal.ServerImpl$JumpToApplicationThreadServerStreamListener$1MessagesAvailable.runInContext(ServerImpl.java:834)
	at org.apache.ratis.thirdparty.io.grpc.internal.ContextRunnable.run(ContextRunnable.java:37)
	at org.apache.ratis.thirdparty.io.grpc.internal.SerializingExecutor.run(SerializingExecutor.java:133)
	at java.util.concurrent.ThreadPoolExecutor.runWorker(ThreadPoolExecutor.java:1149)
	at java.util.concurrent.ThreadPoolExecutor$Worker.run(ThreadPoolExecutor.java:624)
	at java.lang.Thread.run(Thread.java:750)
2023-04-22 02:19:04,697 [grpc-default-executor-1] INFO  leader.FollowerInfo (FollowerInfoImpl.java:lambda$new$0(48)) - 6aaf5ca8-0737-4296-ba95-7f0e9402c55b@group-D4D495DF8B74->4fb9f1f7-4e3b-4bcf-a7e7-c7ddcac09d11: nextIndex: updateUnconditionally 1 -> 0
2023-04-22 02:19:04,772 [FixedThreadPoolWithAffinityExecutor-9-0] WARN  container.ContainerReportHandler (AbstractContainerReportHandler.java:updateContainerState(259)) - Container #1 is in OPEN state, but the datanode 6aaf5ca8-0737-4296-ba95-7f0e9402c55b(fv-az443-428.ap2fcshprsnunfx25e1aelzb4b.cx.internal.cloudapp.net/10.1.0.20) reports an QUASI_CLOSED replica.
2023-04-22 02:19:04,888 [FixedThreadPoolWithAffinityExecutor-9-0] WARN  container.ContainerReportHandler (AbstractContainerReportHandler.java:updateContainerState(259)) - Container #4 is in OPEN state, but the datanode ffe33985-86ac-4dba-9cf7-e9d9be1914b9(fv-az443-428.ap2fcshprsnunfx25e1aelzb4b.cx.internal.cloudapp.net/10.1.0.20) reports an CLOSED replica.
2023-04-22 02:19:04,891 [FixedThreadPoolWithAffinityExecutor-0-0] WARN  container.ContainerReportHandler (AbstractContainerReportHandler.java:updateContainerState(259)) - Container #1 is in OPEN state, but the datanode 44aa5787-a9ca-4d27-a88e-9069c8f4547b(fv-az443-428.ap2fcshprsnunfx25e1aelzb4b.cx.internal.cloudapp.net/10.1.0.20) reports an QUASI_CLOSED replica.
2023-04-22 02:19:05,091 [FixedThreadPoolWithAffinityExecutor-0-0] WARN  container.ContainerReportHandler (AbstractContainerReportHandler.java:updateContainerState(259)) - Container #1 is in OPEN state, but the datanode 44aa5787-a9ca-4d27-a88e-9069c8f4547b(fv-az443-428.ap2fcshprsnunfx25e1aelzb4b.cx.internal.cloudapp.net/10.1.0.20) reports an QUASI_CLOSED replica.
2023-04-22 02:19:05,172 [FixedThreadPoolWithAffinityExecutor-9-0] WARN  container.ContainerReportHandler (AbstractContainerReportHandler.java:updateContainerState(259)) - Container #1 is in OPEN state, but the datanode 6aaf5ca8-0737-4296-ba95-7f0e9402c55b(fv-az443-428.ap2fcshprsnunfx25e1aelzb4b.cx.internal.cloudapp.net/10.1.0.20) reports an QUASI_CLOSED replica.
2023-04-22 02:19:05,288 [FixedThreadPoolWithAffinityExecutor-9-0] WARN  container.ContainerReportHandler (AbstractContainerReportHandler.java:updateContainerState(259)) - Container #4 is in OPEN state, but the datanode ffe33985-86ac-4dba-9cf7-e9d9be1914b9(fv-az443-428.ap2fcshprsnunfx25e1aelzb4b.cx.internal.cloudapp.net/10.1.0.20) reports an CLOSED replica.
2023-04-22 02:19:05,323 [timer6] WARN  server.GrpcLogAppender (GrpcLogAppender.java:timeoutAppendRequest(314)) - b7c32ab9-1d10-40a2-8298-2f54da75b521@group-E7D3625E2A84->1fa0605c-c70f-40a8-a13c-0f797dcff94f-GrpcLogAppender: HEARTBEAT appendEntries Timeout, request=AppendEntriesRequest:cid=8078848,entriesCount=0,lastEntry=null
2023-04-22 02:19:05,488 [FixedThreadPoolWithAffinityExecutor-9-0] WARN  container.ContainerReportHandler (AbstractContainerReportHandler.java:updateContainerState(259)) - Container #4 is in OPEN state, but the datanode ffe33985-86ac-4dba-9cf7-e9d9be1914b9(fv-az443-428.ap2fcshprsnunfx25e1aelzb4b.cx.internal.cloudapp.net/10.1.0.20) reports an CLOSED replica.
2023-04-22 02:19:05,491 [FixedThreadPoolWithAffinityExecutor-0-0] WARN  container.ContainerReportHandler (AbstractContainerReportHandler.java:updateContainerState(259)) - Container #1 is in OPEN state, but the datanode 44aa5787-a9ca-4d27-a88e-9069c8f4547b(fv-az443-428.ap2fcshprsnunfx25e1aelzb4b.cx.internal.cloudapp.net/10.1.0.20) reports an QUASI_CLOSED replica.
2023-04-22 02:19:05,572 [FixedThreadPoolWithAffinityExecutor-9-0] WARN  container.ContainerReportHandler (AbstractContainerReportHandler.java:updateContainerState(259)) - Container #1 is in OPEN state, but the datanode 6aaf5ca8-0737-4296-ba95-7f0e9402c55b(fv-az443-428.ap2fcshprsnunfx25e1aelzb4b.cx.internal.cloudapp.net/10.1.0.20) reports an QUASI_CLOSED replica.
2023-04-22 02:19:05,691 [FixedThreadPoolWithAffinityExecutor-0-0] WARN  container.ContainerReportHandler (AbstractContainerReportHandler.java:updateContainerState(259)) - Container #1 is in OPEN state, but the datanode 44aa5787-a9ca-4d27-a88e-9069c8f4547b(fv-az443-428.ap2fcshprsnunfx25e1aelzb4b.cx.internal.cloudapp.net/10.1.0.20) reports an QUASI_CLOSED replica.
2023-04-22 02:19:05,888 [FixedThreadPoolWithAffinityExecutor-9-0] WARN  container.ContainerReportHandler (AbstractContainerReportHandler.java:updateContainerState(259)) - Container #4 is in OPEN state, but the datanode ffe33985-86ac-4dba-9cf7-e9d9be1914b9(fv-az443-428.ap2fcshprsnunfx25e1aelzb4b.cx.internal.cloudapp.net/10.1.0.20) reports an CLOSED replica.
2023-04-22 02:19:05,891 [FixedThreadPoolWithAffinityExecutor-0-0] WARN  container.ContainerReportHandler (AbstractContainerReportHandler.java:updateContainerState(259)) - Container #1 is in OPEN state, but the datanode 44aa5787-a9ca-4d27-a88e-9069c8f4547b(fv-az443-428.ap2fcshprsnunfx25e1aelzb4b.cx.internal.cloudapp.net/10.1.0.20) reports an QUASI_CLOSED replica.
2023-04-22 02:19:05,945 [grpc-default-executor-4] WARN  server.GrpcServerProtocolService (LogUtils.java:warn(124)) - 4fb9f1f7-4e3b-4bcf-a7e7-c7ddcac09d11: Failed APPEND_ENTRIES request 6aaf5ca8-0737-4296-ba95-7f0e9402c55b->4fb9f1f7-4e3b-4bcf-a7e7-c7ddcac09d11#265-t1,previous=(t:0, i:0),leaderCommit=1,initializing? true,entries: size=1, first=(t:1, i:0), CONFIGURATIONENTRY(current:id: "6aaf5ca8-0737-4296-ba95-7f0e9402c55b"
address: "10.1.0.20:37225"
priority: 1
dataStreamAddress: "10.1.0.20:33711"
clientAddress: "10.1.0.20:37225"
adminAddress: "10.1.0.20:37225"
startupRole: FOLLOWER
,id: "4fb9f1f7-4e3b-4bcf-a7e7-c7ddcac09d11"
address: "10.1.0.20:44181"
dataStreamAddress: "10.1.0.20:37741"
clientAddress: "10.1.0.20:44181"
adminAddress: "10.1.0.20:44181"
startupRole: FOLLOWER
,id: "44aa5787-a9ca-4d27-a88e-9069c8f4547b"
address: "10.1.0.20:46431"
dataStreamAddress: "10.1.0.20:44789"
clientAddress: "10.1.0.20:46431"
adminAddress: "10.1.0.20:46431"
startupRole: FOLLOWER
, old:)
java.util.concurrent.CompletionException: org.apache.ratis.protocol.exceptions.GroupMismatchException: 4fb9f1f7-4e3b-4bcf-a7e7-c7ddcac09d11: group-D4D495DF8B74 not found.
	at java.util.concurrent.CompletableFuture.encodeThrowable(CompletableFuture.java:292)
	at java.util.concurrent.CompletableFuture.uniComposeStage(CompletableFuture.java:989)
	at java.util.concurrent.CompletableFuture.thenCompose(CompletableFuture.java:2137)
	at org.apache.ratis.server.impl.RaftServerProxy.appendEntriesAsync(RaftServerProxy.java:630)
	at org.apache.ratis.grpc.server.GrpcServerProtocolService$1.process(GrpcServerProtocolService.java:205)
	at org.apache.ratis.grpc.server.GrpcServerProtocolService$1.process(GrpcServerProtocolService.java:202)
	at org.apache.ratis.grpc.server.GrpcServerProtocolService$ServerRequestStreamObserver.onNext(GrpcServerProtocolService.java:124)
	at org.apache.ratis.thirdparty.io.grpc.stub.ServerCalls$StreamingServerCallHandler$StreamingServerCallListener.onMessage(ServerCalls.java:262)
	at org.apache.ratis.thirdparty.io.grpc.ForwardingServerCallListener.onMessage(ForwardingServerCallListener.java:33)
	at org.apache.ratis.thirdparty.io.grpc.internal.ServerCallImpl$ServerStreamListenerImpl.messagesAvailableInternal(ServerCallImpl.java:332)
	at org.apache.ratis.thirdparty.io.grpc.internal.ServerCallImpl$ServerStreamListenerImpl.messagesAvailable(ServerCallImpl.java:315)
	at org.apache.ratis.thirdparty.io.grpc.internal.ServerImpl$JumpToApplicationThreadServerStreamListener$1MessagesAvailable.runInContext(ServerImpl.java:834)
	at org.apache.ratis.thirdparty.io.grpc.internal.ContextRunnable.run(ContextRunnable.java:37)
	at org.apache.ratis.thirdparty.io.grpc.internal.SerializingExecutor.run(SerializingExecutor.java:133)
	at java.util.concurrent.ThreadPoolExecutor.runWorker(ThreadPoolExecutor.java:1149)
	at java.util.concurrent.ThreadPoolExecutor$Worker.run(ThreadPoolExecutor.java:624)
	at java.lang.Thread.run(Thread.java:750)
Caused by: org.apache.ratis.protocol.exceptions.GroupMismatchException: 4fb9f1f7-4e3b-4bcf-a7e7-c7ddcac09d11: group-D4D495DF8B74 not found.
	at org.apache.ratis.server.impl.RaftServerProxy$ImplMap.get(RaftServerProxy.java:150)
	at org.apache.ratis.server.impl.RaftServerProxy.getImplFuture(RaftServerProxy.java:351)
	at org.apache.ratis.server.impl.RaftServerProxy.appendEntriesAsync(RaftServerProxy.java:629)
	... 13 more
2023-04-22 02:19:05,951 [grpc-default-executor-4] WARN  server.GrpcLogAppender (LogUtils.java:warn(124)) - 6aaf5ca8-0737-4296-ba95-7f0e9402c55b@group-D4D495DF8B74->4fb9f1f7-4e3b-4bcf-a7e7-c7ddcac09d11-AppendLogResponseHandler: Failed appendEntries
org.apache.ratis.protocol.exceptions.GroupMismatchException: 4fb9f1f7-4e3b-4bcf-a7e7-c7ddcac09d11: group-D4D495DF8B74 not found.
	at org.apache.ratis.server.impl.RaftServerProxy$ImplMap.get(RaftServerProxy.java:150)
	at org.apache.ratis.server.impl.RaftServerProxy.getImplFuture(RaftServerProxy.java:351)
	at org.apache.ratis.server.impl.RaftServerProxy.appendEntriesAsync(RaftServerProxy.java:629)
	at org.apache.ratis.grpc.server.GrpcServerProtocolService$1.process(GrpcServerProtocolService.java:205)
	at org.apache.ratis.grpc.server.GrpcServerProtocolService$1.process(GrpcServerProtocolService.java:202)
	at org.apache.ratis.grpc.server.GrpcServerProtocolService$ServerRequestStreamObserver.onNext(GrpcServerProtocolService.java:124)
	at org.apache.ratis.thirdparty.io.grpc.stub.ServerCalls$StreamingServerCallHandler$StreamingServerCallListener.onMessage(ServerCalls.java:262)
	at org.apache.ratis.thirdparty.io.grpc.ForwardingServerCallListener.onMessage(ForwardingServerCallListener.java:33)
	at org.apache.ratis.thirdparty.io.grpc.internal.ServerCallImpl$ServerStreamListenerImpl.messagesAvailableInternal(ServerCallImpl.java:332)
	at org.apache.ratis.thirdparty.io.grpc.internal.ServerCallImpl$ServerStreamListenerImpl.messagesAvailable(ServerCallImpl.java:315)
	at org.apache.ratis.thirdparty.io.grpc.internal.ServerImpl$JumpToApplicationThreadServerStreamListener$1MessagesAvailable.runInContext(ServerImpl.java:834)
	at org.apache.ratis.thirdparty.io.grpc.internal.ContextRunnable.run(ContextRunnable.java:37)
	at org.apache.ratis.thirdparty.io.grpc.internal.SerializingExecutor.run(SerializingExecutor.java:133)
	at java.util.concurrent.ThreadPoolExecutor.runWorker(ThreadPoolExecutor.java:1149)
	at java.util.concurrent.ThreadPoolExecutor$Worker.run(ThreadPoolExecutor.java:624)
	at java.lang.Thread.run(Thread.java:750)
2023-04-22 02:19:05,951 [grpc-default-executor-4] INFO  leader.FollowerInfo (FollowerInfoImpl.java:lambda$new$0(48)) - 6aaf5ca8-0737-4296-ba95-7f0e9402c55b@group-D4D495DF8B74->4fb9f1f7-4e3b-4bcf-a7e7-c7ddcac09d11: nextIndex: updateUnconditionally 1 -> 0
2023-04-22 02:19:05,972 [FixedThreadPoolWithAffinityExecutor-9-0] WARN  container.ContainerReportHandler (AbstractContainerReportHandler.java:updateContainerState(259)) - Container #1 is in OPEN state, but the datanode 6aaf5ca8-0737-4296-ba95-7f0e9402c55b(fv-az443-428.ap2fcshprsnunfx25e1aelzb4b.cx.internal.cloudapp.net/10.1.0.20) reports an QUASI_CLOSED replica.
2023-04-22 02:19:06,091 [FixedThreadPoolWithAffinityExecutor-0-0] WARN  container.ContainerReportHandler (AbstractContainerReportHandler.java:updateContainerState(259)) - Container #1 is in OPEN state, but the datanode 44aa5787-a9ca-4d27-a88e-9069c8f4547b(fv-az443-428.ap2fcshprsnunfx25e1aelzb4b.cx.internal.cloudapp.net/10.1.0.20) reports an QUASI_CLOSED replica.
2023-04-22 02:19:06,273 [FixedThreadPoolWithAffinityExecutor-0-0] WARN  container.ContainerReportHandler (AbstractContainerReportHandler.java:updateContainerState(259)) - Container #1 is in OPEN state, but the datanode 4fb9f1f7-4e3b-4bcf-a7e7-c7ddcac09d11(fv-az443-428.ap2fcshprsnunfx25e1aelzb4b.cx.internal.cloudapp.net/10.1.0.20) reports an QUASI_CLOSED replica.
2023-04-22 02:19:06,288 [FixedThreadPoolWithAffinityExecutor-9-0] WARN  container.ContainerReportHandler (AbstractContainerReportHandler.java:updateContainerState(259)) - Container #4 is in OPEN state, but the datanode ffe33985-86ac-4dba-9cf7-e9d9be1914b9(fv-az443-428.ap2fcshprsnunfx25e1aelzb4b.cx.internal.cloudapp.net/10.1.0.20) reports an CLOSED replica.
2023-04-22 02:19:06,373 [FixedThreadPoolWithAffinityExecutor-9-0] WARN  container.ContainerReportHandler (AbstractContainerReportHandler.java:updateContainerState(259)) - Container #1 is in OPEN state, but the datanode 6aaf5ca8-0737-4296-ba95-7f0e9402c55b(fv-az443-428.ap2fcshprsnunfx25e1aelzb4b.cx.internal.cloudapp.net/10.1.0.20) reports an QUASI_CLOSED replica.
2023-04-22 02:19:06,488 [FixedThreadPoolWithAffinityExecutor-9-0] WARN  container.ContainerReportHandler (AbstractContainerReportHandler.java:updateContainerState(259)) - Container #4 is in OPEN state, but the datanode ffe33985-86ac-4dba-9cf7-e9d9be1914b9(fv-az443-428.ap2fcshprsnunfx25e1aelzb4b.cx.internal.cloudapp.net/10.1.0.20) reports an CLOSED replica.
2023-04-22 02:19:06,494 [FixedThreadPoolWithAffinityExecutor-0-0] WARN  container.ContainerReportHandler (AbstractContainerReportHandler.java:updateContainerState(259)) - Container #1 is in OPEN state, but the datanode 44aa5787-a9ca-4d27-a88e-9069c8f4547b(fv-az443-428.ap2fcshprsnunfx25e1aelzb4b.cx.internal.cloudapp.net/10.1.0.20) reports an QUASI_CLOSED replica.
2023-04-22 02:19:06,572 [FixedThreadPoolWithAffinityExecutor-9-0] WARN  container.ContainerReportHandler (AbstractContainerReportHandler.java:updateContainerState(259)) - Container #1 is in OPEN state, but the datanode 6aaf5ca8-0737-4296-ba95-7f0e9402c55b(fv-az443-428.ap2fcshprsnunfx25e1aelzb4b.cx.internal.cloudapp.net/10.1.0.20) reports an QUASI_CLOSED replica.
2023-04-22 02:19:06,574 [timer2] WARN  server.GrpcLogAppender (GrpcLogAppender.java:timeoutAppendRequest(314)) - b7c32ab9-1d10-40a2-8298-2f54da75b521@group-E7D3625E2A84->1fa0605c-c70f-40a8-a13c-0f797dcff94f-GrpcLogAppender: HEARTBEAT appendEntries Timeout, request=AppendEntriesRequest:cid=8078849,entriesCount=0,lastEntry=null
2023-04-22 02:19:06,641 [6aaf5ca8-0737-4296-ba95-7f0e9402c55b@group-D97743807C2E-FollowerState] INFO  impl.FollowerState (FollowerState.java:run(143)) - 6aaf5ca8-0737-4296-ba95-7f0e9402c55b@group-D97743807C2E-FollowerState: change to CANDIDATE, lastRpcElapsedTime:8486987776ns, electionTimeout:5087ms
2023-04-22 02:19:06,641 [6aaf5ca8-0737-4296-ba95-7f0e9402c55b@group-D97743807C2E-FollowerState] INFO  impl.RoleInfo (RoleInfo.java:shutdownFollowerState(110)) - 6aaf5ca8-0737-4296-ba95-7f0e9402c55b: shutdown 6aaf5ca8-0737-4296-ba95-7f0e9402c55b@group-D97743807C2E-FollowerState
2023-04-22 02:19:06,641 [6aaf5ca8-0737-4296-ba95-7f0e9402c55b@group-D97743807C2E-FollowerState] INFO  server.RaftServer$Division (RaftServerImpl.java:setRole(321)) - 6aaf5ca8-0737-4296-ba95-7f0e9402c55b@group-D97743807C2E: changes role from  FOLLOWER to CANDIDATE at term 1 for changeToCandidate
2023-04-22 02:19:06,641 [6aaf5ca8-0737-4296-ba95-7f0e9402c55b@group-D97743807C2E-FollowerState] INFO  server.RaftServerConfigKeys (ConfUtils.java:logGet(46)) - raft.server.leaderelection.pre-vote = true (default)
2023-04-22 02:19:06,641 [6aaf5ca8-0737-4296-ba95-7f0e9402c55b@group-D97743807C2E-FollowerState] INFO  impl.RoleInfo (RoleInfo.java:updateAndGet(139)) - 6aaf5ca8-0737-4296-ba95-7f0e9402c55b: start 6aaf5ca8-0737-4296-ba95-7f0e9402c55b@group-D97743807C2E-LeaderElection24
2023-04-22 02:19:06,641 [6aaf5ca8-0737-4296-ba95-7f0e9402c55b@group-D97743807C2E-LeaderElection24] INFO  server.RaftServer$Division (ServerState.java:setLeader(313)) - 6aaf5ca8-0737-4296-ba95-7f0e9402c55b@group-D97743807C2E: change Leader from 4fb9f1f7-4e3b-4bcf-a7e7-c7ddcac09d11 to null at term 1 for PRE_VOTE
2023-04-22 02:19:06,642 [6aaf5ca8-0737-4296-ba95-7f0e9402c55b@group-D97743807C2E-LeaderElection24] INFO  impl.LeaderElection (LeaderElection.java:askForVotes(312)) - 6aaf5ca8-0737-4296-ba95-7f0e9402c55b@group-D97743807C2E-LeaderElection24 PRE_VOTE round 0: submit vote requests at term 1 for 0: peers:[6aaf5ca8-0737-4296-ba95-7f0e9402c55b|rpc:10.1.0.20:37225|dataStream:10.1.0.20:33711|priority:0|startupRole:FOLLOWER, 4fb9f1f7-4e3b-4bcf-a7e7-c7ddcac09d11|rpc:10.1.0.20:44181|dataStream:10.1.0.20:37741|priority:1|startupRole:FOLLOWER, 44aa5787-a9ca-4d27-a88e-9069c8f4547b|rpc:10.1.0.20:46431|dataStream:10.1.0.20:44789|priority:0|startupRole:FOLLOWER]|listeners:[], old=null
2023-04-22 02:19:06,643 [grpc-default-executor-4] WARN  server.GrpcServerProtocolService (LogUtils.java:warn(124)) - 4fb9f1f7-4e3b-4bcf-a7e7-c7ddcac09d11: Failed requestVote 6aaf5ca8-0737-4296-ba95-7f0e9402c55b->4fb9f1f7-4e3b-4bcf-a7e7-c7ddcac09d11#0
org.apache.ratis.protocol.exceptions.GroupMismatchException: 4fb9f1f7-4e3b-4bcf-a7e7-c7ddcac09d11: group-D97743807C2E not found.
	at org.apache.ratis.server.impl.RaftServerProxy$ImplMap.get(RaftServerProxy.java:150)
	at org.apache.ratis.server.impl.RaftServerProxy.getImplFuture(RaftServerProxy.java:351)
	at org.apache.ratis.server.impl.RaftServerProxy.getImpl(RaftServerProxy.java:360)
	at org.apache.ratis.server.impl.RaftServerProxy.getImpl(RaftServerProxy.java:355)
	at org.apache.ratis.server.impl.RaftServerProxy.requestVote(RaftServerProxy.java:618)
	at org.apache.ratis.grpc.server.GrpcServerProtocolService.requestVote(GrpcServerProtocolService.java:175)
	at org.apache.ratis.proto.grpc.RaftServerProtocolServiceGrpc$MethodHandlers.invoke(RaftServerProtocolServiceGrpc.java:382)
	at org.apache.ratis.thirdparty.io.grpc.stub.ServerCalls$UnaryServerCallHandler$UnaryServerCallListener.onHalfClose(ServerCalls.java:182)
	at org.apache.ratis.thirdparty.io.grpc.PartialForwardingServerCallListener.onHalfClose(PartialForwardingServerCallListener.java:35)
	at org.apache.ratis.thirdparty.io.grpc.ForwardingServerCallListener.onHalfClose(ForwardingServerCallListener.java:23)
	at org.apache.ratis.thirdparty.io.grpc.internal.ServerCallImpl$ServerStreamListenerImpl.halfClosed(ServerCallImpl.java:354)
	at org.apache.ratis.thirdparty.io.grpc.internal.ServerImpl$JumpToApplicationThreadServerStreamListener$1HalfClosed.runInContext(ServerImpl.java:866)
	at org.apache.ratis.thirdparty.io.grpc.internal.ContextRunnable.run(ContextRunnable.java:37)
	at org.apache.ratis.thirdparty.io.grpc.internal.SerializingExecutor.run(SerializingExecutor.java:133)
	at java.util.concurrent.ThreadPoolExecutor.runWorker(ThreadPoolExecutor.java:1149)
	at java.util.concurrent.ThreadPoolExecutor$Worker.run(ThreadPoolExecutor.java:624)
	at java.lang.Thread.run(Thread.java:750)
2023-04-22 02:19:06,646 [grpc-default-executor-4] INFO  server.RaftServer$Division (RaftServerImpl.java:requestVote(1218)) - 44aa5787-a9ca-4d27-a88e-9069c8f4547b@group-D97743807C2E: receive requestVote(PRE_VOTE, 6aaf5ca8-0737-4296-ba95-7f0e9402c55b, group-D97743807C2E, 1, (t:1, i:0))
2023-04-22 02:19:06,647 [grpc-default-executor-4] INFO  impl.VoteContext (VoteContext.java:log(49)) - 44aa5787-a9ca-4d27-a88e-9069c8f4547b@group-D97743807C2E-FOLLOWER: accept PRE_VOTE from 6aaf5ca8-0737-4296-ba95-7f0e9402c55b: our priority 0 <= candidate's priority 0
2023-04-22 02:19:06,647 [grpc-default-executor-4] INFO  server.RaftServer$Division (RaftServerImpl.java:requestVote(1251)) - 44aa5787-a9ca-4d27-a88e-9069c8f4547b@group-D97743807C2E replies to PRE_VOTE vote request: 6aaf5ca8-0737-4296-ba95-7f0e9402c55b<-44aa5787-a9ca-4d27-a88e-9069c8f4547b#0:OK-t1. Peer's state: 44aa5787-a9ca-4d27-a88e-9069c8f4547b@group-D97743807C2E:t1, leader=4fb9f1f7-4e3b-4bcf-a7e7-c7ddcac09d11, voted=4fb9f1f7-4e3b-4bcf-a7e7-c7ddcac09d11, raftlog=Memoized:44aa5787-a9ca-4d27-a88e-9069c8f4547b@group-D97743807C2E-SegmentedRaftLog:OPENED:c0, conf=0: peers:[6aaf5ca8-0737-4296-ba95-7f0e9402c55b|rpc:10.1.0.20:37225|dataStream:10.1.0.20:33711|priority:0|startupRole:FOLLOWER, 4fb9f1f7-4e3b-4bcf-a7e7-c7ddcac09d11|rpc:10.1.0.20:44181|dataStream:10.1.0.20:37741|priority:1|startupRole:FOLLOWER, 44aa5787-a9ca-4d27-a88e-9069c8f4547b|rpc:10.1.0.20:46431|dataStream:10.1.0.20:44789|priority:0|startupRole:FOLLOWER]|listeners:[], old=null
2023-04-22 02:19:06,648 [6aaf5ca8-0737-4296-ba95-7f0e9402c55b@group-D97743807C2E-LeaderElection24] INFO  impl.LeaderElection (LogUtils.java:infoOrTrace(137)) - 6aaf5ca8-0737-4296-ba95-7f0e9402c55b@group-D97743807C2E-LeaderElection24 got exception when requesting votes: java.util.concurrent.ExecutionException: org.apache.ratis.thirdparty.io.grpc.StatusRuntimeException: INTERNAL: 4fb9f1f7-4e3b-4bcf-a7e7-c7ddcac09d11: group-D97743807C2E not found.
2023-04-22 02:19:06,649 [6aaf5ca8-0737-4296-ba95-7f0e9402c55b@group-D97743807C2E-LeaderElection24] INFO  impl.LeaderElection (LeaderElection.java:logAndReturn(90)) - 6aaf5ca8-0737-4296-ba95-7f0e9402c55b@group-D97743807C2E-LeaderElection24: PRE_VOTE PASSED received 1 response(s) and 1 exception(s):
2023-04-22 02:19:06,649 [6aaf5ca8-0737-4296-ba95-7f0e9402c55b@group-D97743807C2E-LeaderElection24] INFO  impl.LeaderElection (LeaderElection.java:logAndReturn(94)) -   Response 0: 6aaf5ca8-0737-4296-ba95-7f0e9402c55b<-44aa5787-a9ca-4d27-a88e-9069c8f4547b#0:OK-t1
2023-04-22 02:19:06,649 [6aaf5ca8-0737-4296-ba95-7f0e9402c55b@group-D97743807C2E-LeaderElection24] INFO  impl.LeaderElection (LogUtils.java:infoOrTrace(137)) -   Exception 1: java.util.concurrent.ExecutionException: org.apache.ratis.thirdparty.io.grpc.StatusRuntimeException: INTERNAL: 4fb9f1f7-4e3b-4bcf-a7e7-c7ddcac09d11: group-D97743807C2E not found.
2023-04-22 02:19:06,649 [6aaf5ca8-0737-4296-ba95-7f0e9402c55b@group-D97743807C2E-LeaderElection24] INFO  impl.LeaderElection (LeaderElection.java:askForVotes(314)) - 6aaf5ca8-0737-4296-ba95-7f0e9402c55b@group-D97743807C2E-LeaderElection24 PRE_VOTE round 0: result PASSED
2023-04-22 02:19:06,650 [6aaf5ca8-0737-4296-ba95-7f0e9402c55b@group-D97743807C2E-LeaderElection24] INFO  impl.LeaderElection (LeaderElection.java:askForVotes(312)) - 6aaf5ca8-0737-4296-ba95-7f0e9402c55b@group-D97743807C2E-LeaderElection24 ELECTION round 0: submit vote requests at term 2 for 0: peers:[6aaf5ca8-0737-4296-ba95-7f0e9402c55b|rpc:10.1.0.20:37225|dataStream:10.1.0.20:33711|priority:0|startupRole:FOLLOWER, 4fb9f1f7-4e3b-4bcf-a7e7-c7ddcac09d11|rpc:10.1.0.20:44181|dataStream:10.1.0.20:37741|priority:1|startupRole:FOLLOWER, 44aa5787-a9ca-4d27-a88e-9069c8f4547b|rpc:10.1.0.20:46431|dataStream:10.1.0.20:44789|priority:0|startupRole:FOLLOWER]|listeners:[], old=null
2023-04-22 02:19:06,651 [grpc-default-executor-4] WARN  server.GrpcServerProtocolService (LogUtils.java:warn(124)) - 4fb9f1f7-4e3b-4bcf-a7e7-c7ddcac09d11: Failed requestVote 6aaf5ca8-0737-4296-ba95-7f0e9402c55b->4fb9f1f7-4e3b-4bcf-a7e7-c7ddcac09d11#0
org.apache.ratis.protocol.exceptions.GroupMismatchException: 4fb9f1f7-4e3b-4bcf-a7e7-c7ddcac09d11: group-D97743807C2E not found.
	at org.apache.ratis.server.impl.RaftServerProxy$ImplMap.get(RaftServerProxy.java:150)
	at org.apache.ratis.server.impl.RaftServerProxy.getImplFuture(RaftServerProxy.java:351)
	at org.apache.ratis.server.impl.RaftServerProxy.getImpl(RaftServerProxy.java:360)
	at org.apache.ratis.server.impl.RaftServerProxy.getImpl(RaftServerProxy.java:355)
	at org.apache.ratis.server.impl.RaftServerProxy.requestVote(RaftServerProxy.java:618)
	at org.apache.ratis.grpc.server.GrpcServerProtocolService.requestVote(GrpcServerProtocolService.java:175)
	at org.apache.ratis.proto.grpc.RaftServerProtocolServiceGrpc$MethodHandlers.invoke(RaftServerProtocolServiceGrpc.java:382)
	at org.apache.ratis.thirdparty.io.grpc.stub.ServerCalls$UnaryServerCallHandler$UnaryServerCallListener.onHalfClose(ServerCalls.java:182)
	at org.apache.ratis.thirdparty.io.grpc.PartialForwardingServerCallListener.onHalfClose(PartialForwardingServerCallListener.java:35)
	at org.apache.ratis.thirdparty.io.grpc.ForwardingServerCallListener.onHalfClose(ForwardingServerCallListener.java:23)
	at org.apache.ratis.thirdparty.io.grpc.internal.ServerCallImpl$ServerStreamListenerImpl.halfClosed(ServerCallImpl.java:354)
	at org.apache.ratis.thirdparty.io.grpc.internal.ServerImpl$JumpToApplicationThreadServerStreamListener$1HalfClosed.runInContext(ServerImpl.java:866)
	at org.apache.ratis.thirdparty.io.grpc.internal.ContextRunnable.run(ContextRunnable.java:37)
	at org.apache.ratis.thirdparty.io.grpc.internal.SerializingExecutor.run(SerializingExecutor.java:133)
	at java.util.concurrent.ThreadPoolExecutor.runWorker(ThreadPoolExecutor.java:1149)
	at java.util.concurrent.ThreadPoolExecutor$Worker.run(ThreadPoolExecutor.java:624)
	at java.lang.Thread.run(Thread.java:750)
2023-04-22 02:19:06,655 [6aaf5ca8-0737-4296-ba95-7f0e9402c55b@group-D97743807C2E-LeaderElection24] INFO  impl.LeaderElection (LogUtils.java:infoOrTrace(137)) - 6aaf5ca8-0737-4296-ba95-7f0e9402c55b@group-D97743807C2E-LeaderElection24 got exception when requesting votes: java.util.concurrent.ExecutionException: org.apache.ratis.thirdparty.io.grpc.StatusRuntimeException: INTERNAL: 4fb9f1f7-4e3b-4bcf-a7e7-c7ddcac09d11: group-D97743807C2E not found.
2023-04-22 02:19:06,655 [grpc-default-executor-4] INFO  server.RaftServer$Division (RaftServerImpl.java:requestVote(1218)) - 44aa5787-a9ca-4d27-a88e-9069c8f4547b@group-D97743807C2E: receive requestVote(ELECTION, 6aaf5ca8-0737-4296-ba95-7f0e9402c55b, group-D97743807C2E, 2, (t:1, i:0))
2023-04-22 02:19:06,655 [grpc-default-executor-4] INFO  impl.VoteContext (VoteContext.java:log(49)) - 44aa5787-a9ca-4d27-a88e-9069c8f4547b@group-D97743807C2E-FOLLOWER: accept ELECTION from 6aaf5ca8-0737-4296-ba95-7f0e9402c55b: our priority 0 <= candidate's priority 0
2023-04-22 02:19:06,655 [grpc-default-executor-4] INFO  server.RaftServer$Division (ServerState.java:setLeader(313)) - 44aa5787-a9ca-4d27-a88e-9069c8f4547b@group-D97743807C2E: change Leader from 4fb9f1f7-4e3b-4bcf-a7e7-c7ddcac09d11 to null at term 2 for updateCurrentTerm
2023-04-22 02:19:06,655 [grpc-default-executor-4] INFO  server.RaftServer$Division (RaftServerImpl.java:setRole(321)) - 44aa5787-a9ca-4d27-a88e-9069c8f4547b@group-D97743807C2E: changes role from  FOLLOWER to FOLLOWER at term 2 for candidate:6aaf5ca8-0737-4296-ba95-7f0e9402c55b
2023-04-22 02:19:06,655 [grpc-default-executor-4] INFO  impl.RoleInfo (RoleInfo.java:shutdownFollowerState(110)) - 44aa5787-a9ca-4d27-a88e-9069c8f4547b: shutdown 44aa5787-a9ca-4d27-a88e-9069c8f4547b@group-D97743807C2E-FollowerState
2023-04-22 02:19:06,655 [grpc-default-executor-4] INFO  impl.RoleInfo (RoleInfo.java:updateAndGet(139)) - 44aa5787-a9ca-4d27-a88e-9069c8f4547b: start 44aa5787-a9ca-4d27-a88e-9069c8f4547b@group-D97743807C2E-FollowerState
2023-04-22 02:19:06,655 [44aa5787-a9ca-4d27-a88e-9069c8f4547b@group-D97743807C2E-FollowerState] INFO  impl.FollowerState (FollowerState.java:run(152)) - 44aa5787-a9ca-4d27-a88e-9069c8f4547b@group-D97743807C2E-FollowerState was interrupted
2023-04-22 02:19:06,656 [grpc-default-executor-4] INFO  server.RaftServer$Division (RaftServerImpl.java:requestVote(1251)) - 44aa5787-a9ca-4d27-a88e-9069c8f4547b@group-D97743807C2E replies to ELECTION vote request: 6aaf5ca8-0737-4296-ba95-7f0e9402c55b<-44aa5787-a9ca-4d27-a88e-9069c8f4547b#0:OK-t2. Peer's state: 44aa5787-a9ca-4d27-a88e-9069c8f4547b@group-D97743807C2E:t2, leader=null, voted=6aaf5ca8-0737-4296-ba95-7f0e9402c55b, raftlog=Memoized:44aa5787-a9ca-4d27-a88e-9069c8f4547b@group-D97743807C2E-SegmentedRaftLog:OPENED:c0, conf=0: peers:[6aaf5ca8-0737-4296-ba95-7f0e9402c55b|rpc:10.1.0.20:37225|dataStream:10.1.0.20:33711|priority:0|startupRole:FOLLOWER, 4fb9f1f7-4e3b-4bcf-a7e7-c7ddcac09d11|rpc:10.1.0.20:44181|dataStream:10.1.0.20:37741|priority:1|startupRole:FOLLOWER, 44aa5787-a9ca-4d27-a88e-9069c8f4547b|rpc:10.1.0.20:46431|dataStream:10.1.0.20:44789|priority:0|startupRole:FOLLOWER]|listeners:[], old=null
2023-04-22 02:19:06,657 [6aaf5ca8-0737-4296-ba95-7f0e9402c55b@group-D97743807C2E-LeaderElection24] INFO  impl.LeaderElection (LeaderElection.java:logAndReturn(90)) - 6aaf5ca8-0737-4296-ba95-7f0e9402c55b@group-D97743807C2E-LeaderElection24: ELECTION PASSED received 1 response(s) and 1 exception(s):
2023-04-22 02:19:06,657 [6aaf5ca8-0737-4296-ba95-7f0e9402c55b@group-D97743807C2E-LeaderElection24] INFO  impl.LeaderElection (LeaderElection.java:logAndReturn(94)) -   Response 0: 6aaf5ca8-0737-4296-ba95-7f0e9402c55b<-44aa5787-a9ca-4d27-a88e-9069c8f4547b#0:OK-t2
2023-04-22 02:19:06,657 [6aaf5ca8-0737-4296-ba95-7f0e9402c55b@group-D97743807C2E-LeaderElection24] INFO  impl.LeaderElection (LogUtils.java:infoOrTrace(137)) -   Exception 1: java.util.concurrent.ExecutionException: org.apache.ratis.thirdparty.io.grpc.StatusRuntimeException: INTERNAL: 4fb9f1f7-4e3b-4bcf-a7e7-c7ddcac09d11: group-D97743807C2E not found.
2023-04-22 02:19:06,657 [6aaf5ca8-0737-4296-ba95-7f0e9402c55b@group-D97743807C2E-LeaderElection24] INFO  impl.LeaderElection (LeaderElection.java:askForVotes(314)) - 6aaf5ca8-0737-4296-ba95-7f0e9402c55b@group-D97743807C2E-LeaderElection24 ELECTION round 0: result PASSED
2023-04-22 02:19:06,657 [6aaf5ca8-0737-4296-ba95-7f0e9402c55b@group-D97743807C2E-LeaderElection24] INFO  impl.RoleInfo (RoleInfo.java:shutdownLeaderElection(130)) - 6aaf5ca8-0737-4296-ba95-7f0e9402c55b: shutdown 6aaf5ca8-0737-4296-ba95-7f0e9402c55b@group-D97743807C2E-LeaderElection24
2023-04-22 02:19:06,657 [6aaf5ca8-0737-4296-ba95-7f0e9402c55b@group-D97743807C2E-LeaderElection24] INFO  server.RaftServer$Division (RaftServerImpl.java:setRole(321)) - 6aaf5ca8-0737-4296-ba95-7f0e9402c55b@group-D97743807C2E: changes role from CANDIDATE to LEADER at term 2 for changeToLeader
2023-04-22 02:19:06,657 [6aaf5ca8-0737-4296-ba95-7f0e9402c55b@group-D97743807C2E-LeaderElection24] INFO  ratis.XceiverServerRatis (XceiverServerRatis.java:handleLeaderChangedNotification(904)) - Leader change notification received for group: group-D97743807C2E with new leaderId: 6aaf5ca8-0737-4296-ba95-7f0e9402c55b
2023-04-22 02:19:06,657 [6aaf5ca8-0737-4296-ba95-7f0e9402c55b@group-D97743807C2E-LeaderElection24] INFO  server.RaftServer$Division (ServerState.java:setLeader(313)) - 6aaf5ca8-0737-4296-ba95-7f0e9402c55b@group-D97743807C2E: change Leader from null to 6aaf5ca8-0737-4296-ba95-7f0e9402c55b at term 2 for becomeLeader, leader elected after 15ms
2023-04-22 02:19:06,657 [6aaf5ca8-0737-4296-ba95-7f0e9402c55b@group-D97743807C2E-LeaderElection24] INFO  server.RaftServerConfigKeys (ConfUtils.java:logGet(46)) - raft.server.staging.catchup.gap = 1000 (default)
2023-04-22 02:19:06,657 [6aaf5ca8-0737-4296-ba95-7f0e9402c55b@group-D97743807C2E-LeaderElection24] INFO  server.RaftServerConfigKeys (ConfUtils.java:logGet(46)) - raft.server.write.element-limit = 1024 (custom)
2023-04-22 02:19:06,657 [6aaf5ca8-0737-4296-ba95-7f0e9402c55b@group-D97743807C2E-LeaderElection24] INFO  server.RaftServerConfigKeys (ConfUtils.java:logGet(46)) - raft.server.write.byte-limit = 1024 M (=1073741824) (custom)
2023-04-22 02:19:06,658 [6aaf5ca8-0737-4296-ba95-7f0e9402c55b@group-D97743807C2E-LeaderElection24] INFO  server.RaftServerConfigKeys (ConfUtils.java:logGet(46)) - raft.server.watch.timeout = 10000ms (default)
2023-04-22 02:19:06,658 [6aaf5ca8-0737-4296-ba95-7f0e9402c55b@group-D97743807C2E-LeaderElection24] INFO  server.RaftServerConfigKeys (ConfUtils.java:logGet(46)) - raft.server.watch.timeout.denomination = 1s (default)
2023-04-22 02:19:06,658 [6aaf5ca8-0737-4296-ba95-7f0e9402c55b@group-D97743807C2E-LeaderElection24] INFO  server.RaftServerConfigKeys (ConfUtils.java:logGet(46)) - raft.server.watch.element-limit = 65536 (default)
2023-04-22 02:19:06,658 [6aaf5ca8-0737-4296-ba95-7f0e9402c55b@group-D97743807C2E-LeaderElection24] INFO  server.RaftServerConfigKeys (ConfUtils.java:logGet(46)) - raft.server.write.element-limit = 1024 (custom)
2023-04-22 02:19:06,658 [6aaf5ca8-0737-4296-ba95-7f0e9402c55b@group-D97743807C2E-LeaderElection24] INFO  server.RaftServerConfigKeys (ConfUtils.java:logGet(46)) - raft.server.write.follower.gap.ratio.max = -1.0 (default)
2023-04-22 02:19:06,658 [6aaf5ca8-0737-4296-ba95-7f0e9402c55b@group-D97743807C2E-LeaderElection24] INFO  server.RaftServerConfigKeys (ConfUtils.java:logGet(46)) - raft.server.log.appender.snapshot.chunk.size.max = 16MB (=16777216) (default)
2023-04-22 02:19:06,658 [6aaf5ca8-0737-4296-ba95-7f0e9402c55b@group-D97743807C2E-LeaderElection24] INFO  server.RaftServerConfigKeys (ConfUtils.java:logGet(46)) - raft.server.log.appender.buffer.byte-limit = 33554432 (custom)
2023-04-22 02:19:06,658 [6aaf5ca8-0737-4296-ba95-7f0e9402c55b@group-D97743807C2E-LeaderElection24] INFO  server.RaftServerConfigKeys (ConfUtils.java:logGet(46)) - raft.server.log.appender.buffer.element-limit = 1 (custom)
2023-04-22 02:19:06,658 [6aaf5ca8-0737-4296-ba95-7f0e9402c55b@group-D97743807C2E-LeaderElection24] INFO  grpc.GrpcConfigKeys (ConfUtils.java:logGet(46)) - raft.grpc.server.leader.outstanding.appends.max = 128 (default)
2023-04-22 02:19:06,658 [6aaf5ca8-0737-4296-ba95-7f0e9402c55b@group-D97743807C2E-LeaderElection24] INFO  server.RaftServerConfigKeys (ConfUtils.java:logGet(46)) - raft.server.rpc.request.timeout = 3000ms (default)
2023-04-22 02:19:06,658 [6aaf5ca8-0737-4296-ba95-7f0e9402c55b@group-D97743807C2E-LeaderElection24] INFO  server.RaftServerConfigKeys (ConfUtils.java:logGet(46)) - raft.server.log.appender.install.snapshot.enabled = false (custom)
2023-04-22 02:19:06,658 [6aaf5ca8-0737-4296-ba95-7f0e9402c55b@group-D97743807C2E-LeaderElection24] INFO  grpc.GrpcConfigKeys (ConfUtils.java:logGet(46)) - raft.grpc.server.heartbeat.channel = true (default)
2023-04-22 02:19:06,658 [6aaf5ca8-0737-4296-ba95-7f0e9402c55b@group-D97743807C2E-LeaderElection24] INFO  server.RaftServerConfigKeys (ConfUtils.java:logGet(46)) - raft.server.log.appender.wait-time.min = 10ms (default)
2023-04-22 02:19:06,659 [6aaf5ca8-0737-4296-ba95-7f0e9402c55b@group-D97743807C2E-LeaderElection24] INFO  server.RaftServerConfigKeys (ConfUtils.java:logGet(46)) - raft.server.log.appender.snapshot.chunk.size.max = 16MB (=16777216) (default)
2023-04-22 02:19:06,659 [6aaf5ca8-0737-4296-ba95-7f0e9402c55b@group-D97743807C2E-LeaderElection24] INFO  server.RaftServerConfigKeys (ConfUtils.java:logGet(46)) - raft.server.log.appender.buffer.byte-limit = 33554432 (custom)
2023-04-22 02:19:06,660 [6aaf5ca8-0737-4296-ba95-7f0e9402c55b@group-D97743807C2E-LeaderElection24] INFO  server.RaftServerConfigKeys (ConfUtils.java:logGet(46)) - raft.server.log.appender.buffer.element-limit = 1 (custom)
2023-04-22 02:19:06,660 [6aaf5ca8-0737-4296-ba95-7f0e9402c55b@group-D97743807C2E-LeaderElection24] INFO  grpc.GrpcConfigKeys (ConfUtils.java:logGet(46)) - raft.grpc.server.leader.outstanding.appends.max = 128 (default)
2023-04-22 02:19:06,660 [6aaf5ca8-0737-4296-ba95-7f0e9402c55b@group-D97743807C2E-LeaderElection24] INFO  server.RaftServerConfigKeys (ConfUtils.java:logGet(46)) - raft.server.rpc.request.timeout = 3000ms (default)
2023-04-22 02:19:06,660 [6aaf5ca8-0737-4296-ba95-7f0e9402c55b@group-D97743807C2E-LeaderElection24] INFO  server.RaftServerConfigKeys (ConfUtils.java:logGet(46)) - raft.server.log.appender.install.snapshot.enabled = false (custom)
2023-04-22 02:19:06,660 [6aaf5ca8-0737-4296-ba95-7f0e9402c55b@group-D97743807C2E-LeaderElection24] INFO  grpc.GrpcConfigKeys (ConfUtils.java:logGet(46)) - raft.grpc.server.heartbeat.channel = true (default)
2023-04-22 02:19:06,660 [6aaf5ca8-0737-4296-ba95-7f0e9402c55b@group-D97743807C2E-LeaderElection24] INFO  server.RaftServerConfigKeys (ConfUtils.java:logGet(46)) - raft.server.log.appender.wait-time.min = 10ms (default)
2023-04-22 02:19:06,660 [6aaf5ca8-0737-4296-ba95-7f0e9402c55b@group-D97743807C2E-LeaderElection24] INFO  impl.RoleInfo (RoleInfo.java:updateAndGet(139)) - 6aaf5ca8-0737-4296-ba95-7f0e9402c55b: start 6aaf5ca8-0737-4296-ba95-7f0e9402c55b@group-D97743807C2E-LeaderStateImpl
2023-04-22 02:19:06,660 [6aaf5ca8-0737-4296-ba95-7f0e9402c55b@group-D97743807C2E-LeaderElection24] INFO  segmented.SegmentedRaftLogWorker (SegmentedRaftLogWorker.java:rollLogSegment(457)) - 6aaf5ca8-0737-4296-ba95-7f0e9402c55b@group-D97743807C2E-SegmentedRaftLogWorker: Rolling segment log-0_0 to index:0
2023-04-22 02:19:06,662 [6aaf5ca8-0737-4296-ba95-7f0e9402c55b@group-D97743807C2E-SegmentedRaftLogWorker] INFO  segmented.SegmentedRaftLogWorker (SegmentedRaftLogWorker.java:execute(613)) - 6aaf5ca8-0737-4296-ba95-7f0e9402c55b@group-D97743807C2E-SegmentedRaftLogWorker: Rolled log segment from /home/runner/work/ozone/ozone/hadoop-ozone/integration-test/target/test-dir/MiniOzoneClusterImpl-b640deff-6994-498f-92ea-4ac5c972f0d8/datanode-2/data/ratis/49d433d1-3766-4605-956b-d97743807c2e/current/log_inprogress_0 to /home/runner/work/ozone/ozone/hadoop-ozone/integration-test/target/test-dir/MiniOzoneClusterImpl-b640deff-6994-498f-92ea-4ac5c972f0d8/datanode-2/data/ratis/49d433d1-3766-4605-956b-d97743807c2e/current/log_0-0
2023-04-22 02:19:06,662 [6aaf5ca8-0737-4296-ba95-7f0e9402c55b@group-D97743807C2E-LeaderElection24] INFO  server.RaftServer$Division (ServerState.java:setRaftConf(430)) - 6aaf5ca8-0737-4296-ba95-7f0e9402c55b@group-D97743807C2E: set configuration 1: peers:[6aaf5ca8-0737-4296-ba95-7f0e9402c55b|rpc:10.1.0.20:37225|dataStream:10.1.0.20:33711|priority:0|startupRole:FOLLOWER, 4fb9f1f7-4e3b-4bcf-a7e7-c7ddcac09d11|rpc:10.1.0.20:44181|dataStream:10.1.0.20:37741|priority:1|startupRole:FOLLOWER, 44aa5787-a9ca-4d27-a88e-9069c8f4547b|rpc:10.1.0.20:46431|dataStream:10.1.0.20:44789|priority:0|startupRole:FOLLOWER]|listeners:[], old=null
2023-04-22 02:19:06,662 [6aaf5ca8-0737-4296-ba95-7f0e9402c55b@group-D97743807C2E-SegmentedRaftLogWorker] INFO  segmented.SegmentedRaftLogWorker (SegmentedRaftLogWorker.java:execute(656)) - 6aaf5ca8-0737-4296-ba95-7f0e9402c55b@group-D97743807C2E-SegmentedRaftLogWorker: created new log segment /home/runner/work/ozone/ozone/hadoop-ozone/integration-test/target/test-dir/MiniOzoneClusterImpl-b640deff-6994-498f-92ea-4ac5c972f0d8/datanode-2/data/ratis/49d433d1-3766-4605-956b-d97743807c2e/current/log_inprogress_1
2023-04-22 02:19:06,666 [44aa5787-a9ca-4d27-a88e-9069c8f4547b-server-thread1] INFO  ratis.XceiverServerRatis (XceiverServerRatis.java:handleLeaderChangedNotification(904)) - Leader change notification received for group: group-D97743807C2E with new leaderId: 6aaf5ca8-0737-4296-ba95-7f0e9402c55b
2023-04-22 02:19:06,666 [44aa5787-a9ca-4d27-a88e-9069c8f4547b-server-thread1] INFO  server.RaftServer$Division (ServerState.java:setLeader(313)) - 44aa5787-a9ca-4d27-a88e-9069c8f4547b@group-D97743807C2E: change Leader from null to 6aaf5ca8-0737-4296-ba95-7f0e9402c55b at term 2 for appendEntries, leader elected after 11ms
2023-04-22 02:19:06,668 [44aa5787-a9ca-4d27-a88e-9069c8f4547b-server-thread3] INFO  server.RaftServer$Division (ServerState.java:setRaftConf(430)) - 44aa5787-a9ca-4d27-a88e-9069c8f4547b@group-D97743807C2E: set configuration 1: peers:[6aaf5ca8-0737-4296-ba95-7f0e9402c55b|rpc:10.1.0.20:37225|dataStream:10.1.0.20:33711|priority:0|startupRole:FOLLOWER, 4fb9f1f7-4e3b-4bcf-a7e7-c7ddcac09d11|rpc:10.1.0.20:44181|dataStream:10.1.0.20:37741|priority:1|startupRole:FOLLOWER, 44aa5787-a9ca-4d27-a88e-9069c8f4547b|rpc:10.1.0.20:46431|dataStream:10.1.0.20:44789|priority:0|startupRole:FOLLOWER]|listeners:[], old=null
2023-04-22 02:19:06,668 [44aa5787-a9ca-4d27-a88e-9069c8f4547b-server-thread3] INFO  segmented.SegmentedRaftLogWorker (SegmentedRaftLogWorker.java:rollLogSegment(457)) - 44aa5787-a9ca-4d27-a88e-9069c8f4547b@group-D97743807C2E-SegmentedRaftLogWorker: Rolling segment log-0_0 to index:0
2023-04-22 02:19:06,668 [grpc-default-executor-1] WARN  server.GrpcServerProtocolService (LogUtils.java:warn(124)) - 4fb9f1f7-4e3b-4bcf-a7e7-c7ddcac09d11: Failed APPEND_ENTRIES request 6aaf5ca8-0737-4296-ba95-7f0e9402c55b->4fb9f1f7-4e3b-4bcf-a7e7-c7ddcac09d11#1-t2,previous=(t:1, i:0),leaderCommit=0,initializing? true,entries: size=1, first=(t:2, i:1), CONFIGURATIONENTRY(current:id: "6aaf5ca8-0737-4296-ba95-7f0e9402c55b"
address: "10.1.0.20:37225"
dataStreamAddress: "10.1.0.20:33711"
clientAddress: "10.1.0.20:37225"
adminAddress: "10.1.0.20:37225"
startupRole: FOLLOWER
,id: "4fb9f1f7-4e3b-4bcf-a7e7-c7ddcac09d11"
address: "10.1.0.20:44181"
priority: 1
dataStreamAddress: "10.1.0.20:37741"
clientAddress: "10.1.0.20:44181"
adminAddress: "10.1.0.20:44181"
startupRole: FOLLOWER
,id: "44aa5787-a9ca-4d27-a88e-9069c8f4547b"
address: "10.1.0.20:46431"
dataStreamAddress: "10.1.0.20:44789"
clientAddress: "10.1.0.20:46431"
adminAddress: "10.1.0.20:46431"
startupRole: FOLLOWER
, old:)
java.util.concurrent.CompletionException: org.apache.ratis.protocol.exceptions.GroupMismatchException: 4fb9f1f7-4e3b-4bcf-a7e7-c7ddcac09d11: group-D97743807C2E not found.
	at java.util.concurrent.CompletableFuture.encodeThrowable(CompletableFuture.java:292)
	at java.util.concurrent.CompletableFuture.uniComposeStage(CompletableFuture.java:989)
	at java.util.concurrent.CompletableFuture.thenCompose(CompletableFuture.java:2137)
	at org.apache.ratis.server.impl.RaftServerProxy.appendEntriesAsync(RaftServerProxy.java:630)
	at org.apache.ratis.grpc.server.GrpcServerProtocolService$1.process(GrpcServerProtocolService.java:205)
	at org.apache.ratis.grpc.server.GrpcServerProtocolService$1.process(GrpcServerProtocolService.java:202)
	at org.apache.ratis.grpc.server.GrpcServerProtocolService$ServerRequestStreamObserver.onNext(GrpcServerProtocolService.java:124)
	at org.apache.ratis.thirdparty.io.grpc.stub.ServerCalls$StreamingServerCallHandler$StreamingServerCallListener.onMessage(ServerCalls.java:262)
	at org.apache.ratis.thirdparty.io.grpc.ForwardingServerCallListener.onMessage(ForwardingServerCallListener.java:33)
	at org.apache.ratis.thirdparty.io.grpc.internal.ServerCallImpl$ServerStreamListenerImpl.messagesAvailableInternal(ServerCallImpl.java:332)
	at org.apache.ratis.thirdparty.io.grpc.internal.ServerCallImpl$ServerStreamListenerImpl.messagesAvailable(ServerCallImpl.java:315)
	at org.apache.ratis.thirdparty.io.grpc.internal.ServerImpl$JumpToApplicationThreadServerStreamListener$1MessagesAvailable.runInContext(ServerImpl.java:834)
	at org.apache.ratis.thirdparty.io.grpc.internal.ContextRunnable.run(ContextRunnable.java:37)
	at org.apache.ratis.thirdparty.io.grpc.internal.SerializingExecutor.run(SerializingExecutor.java:133)
	at java.util.concurrent.ThreadPoolExecutor.runWorker(ThreadPoolExecutor.java:1149)
	at java.util.concurrent.ThreadPoolExecutor$Worker.run(ThreadPoolExecutor.java:624)
	at java.lang.Thread.run(Thread.java:750)
Caused by: org.apache.ratis.protocol.exceptions.GroupMismatchException: 4fb9f1f7-4e3b-4bcf-a7e7-c7ddcac09d11: group-D97743807C2E not found.
	at org.apache.ratis.server.impl.RaftServerProxy$ImplMap.get(RaftServerProxy.java:150)
	at org.apache.ratis.server.impl.RaftServerProxy.getImplFuture(RaftServerProxy.java:351)
	at org.apache.ratis.server.impl.RaftServerProxy.appendEntriesAsync(RaftServerProxy.java:629)
	... 13 more
2023-04-22 02:19:06,669 [44aa5787-a9ca-4d27-a88e-9069c8f4547b@group-D97743807C2E-SegmentedRaftLogWorker] INFO  segmented.SegmentedRaftLogWorker (SegmentedRaftLogWorker.java:execute(613)) - 44aa5787-a9ca-4d27-a88e-9069c8f4547b@group-D97743807C2E-SegmentedRaftLogWorker: Rolled log segment from /home/runner/work/ozone/ozone/hadoop-ozone/integration-test/target/test-dir/MiniOzoneClusterImpl-b640deff-6994-498f-92ea-4ac5c972f0d8/datanode-1/data/ratis/49d433d1-3766-4605-956b-d97743807c2e/current/log_inprogress_0 to /home/runner/work/ozone/ozone/hadoop-ozone/integration-test/target/test-dir/MiniOzoneClusterImpl-b640deff-6994-498f-92ea-4ac5c972f0d8/datanode-1/data/ratis/49d433d1-3766-4605-956b-d97743807c2e/current/log_0-0
2023-04-22 02:19:06,671 [grpc-default-executor-2] WARN  server.GrpcLogAppender (LogUtils.java:warn(124)) - 6aaf5ca8-0737-4296-ba95-7f0e9402c55b@group-D97743807C2E->4fb9f1f7-4e3b-4bcf-a7e7-c7ddcac09d11-AppendLogResponseHandler: Failed appendEntries
org.apache.ratis.protocol.exceptions.GroupMismatchException: 4fb9f1f7-4e3b-4bcf-a7e7-c7ddcac09d11: group-D97743807C2E not found.
	at org.apache.ratis.server.impl.RaftServerProxy$ImplMap.get(RaftServerProxy.java:150)
	at org.apache.ratis.server.impl.RaftServerProxy.getImplFuture(RaftServerProxy.java:351)
	at org.apache.ratis.server.impl.RaftServerProxy.appendEntriesAsync(RaftServerProxy.java:629)
	at org.apache.ratis.grpc.server.GrpcServerProtocolService$1.process(GrpcServerProtocolService.java:205)
	at org.apache.ratis.grpc.server.GrpcServerProtocolService$1.process(GrpcServerProtocolService.java:202)
	at org.apache.ratis.grpc.server.GrpcServerProtocolService$ServerRequestStreamObserver.onNext(GrpcServerProtocolService.java:124)
	at org.apache.ratis.thirdparty.io.grpc.stub.ServerCalls$StreamingServerCallHandler$StreamingServerCallListener.onMessage(ServerCalls.java:262)
	at org.apache.ratis.thirdparty.io.grpc.ForwardingServerCallListener.onMessage(ForwardingServerCallListener.java:33)
	at org.apache.ratis.thirdparty.io.grpc.internal.ServerCallImpl$ServerStreamListenerImpl.messagesAvailableInternal(ServerCallImpl.java:332)
	at org.apache.ratis.thirdparty.io.grpc.internal.ServerCallImpl$ServerStreamListenerImpl.messagesAvailable(ServerCallImpl.java:315)
	at org.apache.ratis.thirdparty.io.grpc.internal.ServerImpl$JumpToApplicationThreadServerStreamListener$1MessagesAvailable.runInContext(ServerImpl.java:834)
	at org.apache.ratis.thirdparty.io.grpc.internal.ContextRunnable.run(ContextRunnable.java:37)
	at org.apache.ratis.thirdparty.io.grpc.internal.SerializingExecutor.run(SerializingExecutor.java:133)
	at java.util.concurrent.ThreadPoolExecutor.runWorker(ThreadPoolExecutor.java:1149)
	at java.util.concurrent.ThreadPoolExecutor$Worker.run(ThreadPoolExecutor.java:624)
	at java.lang.Thread.run(Thread.java:750)
2023-04-22 02:19:06,671 [grpc-default-executor-2] INFO  leader.FollowerInfo (FollowerInfoImpl.java:lambda$new$0(48)) - 6aaf5ca8-0737-4296-ba95-7f0e9402c55b@group-D97743807C2E->4fb9f1f7-4e3b-4bcf-a7e7-c7ddcac09d11: nextIndex: updateUnconditionally 2 -> 1
2023-04-22 02:19:06,671 [44aa5787-a9ca-4d27-a88e-9069c8f4547b@group-D97743807C2E-SegmentedRaftLogWorker] INFO  segmented.SegmentedRaftLogWorker (SegmentedRaftLogWorker.java:execute(656)) - 44aa5787-a9ca-4d27-a88e-9069c8f4547b@group-D97743807C2E-SegmentedRaftLogWorker: created new log segment /home/runner/work/ozone/ozone/hadoop-ozone/integration-test/target/test-dir/MiniOzoneClusterImpl-b640deff-6994-498f-92ea-4ac5c972f0d8/datanode-1/data/ratis/49d433d1-3766-4605-956b-d97743807c2e/current/log_inprogress_1
2023-04-22 02:19:06,676 [6aaf5ca8-0737-4296-ba95-7f0e9402c55b@group-D97743807C2E-StateMachineUpdater] INFO  ratis.ContainerStateMachine (ContainerStateMachine.java:takeSnapshot(330)) - group-D97743807C2E: Taking a snapshot at:(t:2, i:1) file /home/runner/work/ozone/ozone/hadoop-ozone/integration-test/target/test-dir/MiniOzoneClusterImpl-b640deff-6994-498f-92ea-4ac5c972f0d8/datanode-2/data/ratis/49d433d1-3766-4605-956b-d97743807c2e/sm/snapshot.2_1
2023-04-22 02:19:06,676 [6aaf5ca8-0737-4296-ba95-7f0e9402c55b@group-D97743807C2E-StateMachineUpdater] INFO  ratis.ContainerStateMachine (ContainerStateMachine.java:takeSnapshot(341)) - group-D97743807C2E: Finished taking a snapshot at:(t:2, i:1) file:/home/runner/work/ozone/ozone/hadoop-ozone/integration-test/target/test-dir/MiniOzoneClusterImpl-b640deff-6994-498f-92ea-4ac5c972f0d8/datanode-2/data/ratis/49d433d1-3766-4605-956b-d97743807c2e/sm/snapshot.2_1 took: 0 ms
2023-04-22 02:19:06,677 [6aaf5ca8-0737-4296-ba95-7f0e9402c55b@group-D97743807C2E-StateMachineUpdater] INFO  impl.StateMachineUpdater (StateMachineUpdater.java:takeSnapshot(287)) - 6aaf5ca8-0737-4296-ba95-7f0e9402c55b@group-D97743807C2E-StateMachineUpdater: Took a snapshot at index 1
2023-04-22 02:19:06,677 [6aaf5ca8-0737-4296-ba95-7f0e9402c55b@group-D97743807C2E-StateMachineUpdater] INFO  impl.StateMachineUpdater (StateMachineUpdater.java:lambda$new$0(92)) - 6aaf5ca8-0737-4296-ba95-7f0e9402c55b@group-D97743807C2E-StateMachineUpdater: snapshotIndex: updateIncreasingly 0 -> 1
2023-04-22 02:19:06,679 [44aa5787-a9ca-4d27-a88e-9069c8f4547b@group-D97743807C2E-StateMachineUpdater] INFO  ratis.ContainerStateMachine (ContainerStateMachine.java:takeSnapshot(330)) - group-D97743807C2E: Taking a snapshot at:(t:2, i:1) file /home/runner/work/ozone/ozone/hadoop-ozone/integration-test/target/test-dir/MiniOzoneClusterImpl-b640deff-6994-498f-92ea-4ac5c972f0d8/datanode-1/data/ratis/49d433d1-3766-4605-956b-d97743807c2e/sm/snapshot.2_1
2023-04-22 02:19:06,679 [44aa5787-a9ca-4d27-a88e-9069c8f4547b@group-D97743807C2E-StateMachineUpdater] INFO  ratis.ContainerStateMachine (ContainerStateMachine.java:takeSnapshot(341)) - group-D97743807C2E: Finished taking a snapshot at:(t:2, i:1) file:/home/runner/work/ozone/ozone/hadoop-ozone/integration-test/target/test-dir/MiniOzoneClusterImpl-b640deff-6994-498f-92ea-4ac5c972f0d8/datanode-1/data/ratis/49d433d1-3766-4605-956b-d97743807c2e/sm/snapshot.2_1 took: 0 ms
2023-04-22 02:19:06,679 [44aa5787-a9ca-4d27-a88e-9069c8f4547b@group-D97743807C2E-StateMachineUpdater] INFO  impl.StateMachineUpdater (StateMachineUpdater.java:takeSnapshot(287)) - 44aa5787-a9ca-4d27-a88e-9069c8f4547b@group-D97743807C2E-StateMachineUpdater: Took a snapshot at index 1
2023-04-22 02:19:06,679 [44aa5787-a9ca-4d27-a88e-9069c8f4547b@group-D97743807C2E-StateMachineUpdater] INFO  impl.StateMachineUpdater (StateMachineUpdater.java:lambda$new$0(92)) - 44aa5787-a9ca-4d27-a88e-9069c8f4547b@group-D97743807C2E-StateMachineUpdater: snapshotIndex: updateIncreasingly 0 -> 1
2023-04-22 02:19:06,680 [6aaf5ca8-0737-4296-ba95-7f0e9402c55b@group-D97743807C2E-StateMachineUpdater] INFO  ratis.ContainerStateMachine (ContainerStateMachine.java:takeSnapshot(330)) - group-D97743807C2E: Taking a snapshot at:(t:2, i:2) file /home/runner/work/ozone/ozone/hadoop-ozone/integration-test/target/test-dir/MiniOzoneClusterImpl-b640deff-6994-498f-92ea-4ac5c972f0d8/datanode-2/data/ratis/49d433d1-3766-4605-956b-d97743807c2e/sm/snapshot.2_2
2023-04-22 02:19:06,681 [6aaf5ca8-0737-4296-ba95-7f0e9402c55b@group-D97743807C2E-StateMachineUpdater] INFO  ratis.ContainerStateMachine (ContainerStateMachine.java:takeSnapshot(341)) - group-D97743807C2E: Finished taking a snapshot at:(t:2, i:2) file:/home/runner/work/ozone/ozone/hadoop-ozone/integration-test/target/test-dir/MiniOzoneClusterImpl-b640deff-6994-498f-92ea-4ac5c972f0d8/datanode-2/data/ratis/49d433d1-3766-4605-956b-d97743807c2e/sm/snapshot.2_2 took: 1 ms
2023-04-22 02:19:06,681 [6aaf5ca8-0737-4296-ba95-7f0e9402c55b@group-D97743807C2E-StateMachineUpdater] INFO  impl.StateMachineUpdater (StateMachineUpdater.java:takeSnapshot(287)) - 6aaf5ca8-0737-4296-ba95-7f0e9402c55b@group-D97743807C2E-StateMachineUpdater: Took a snapshot at index 2
2023-04-22 02:19:06,681 [6aaf5ca8-0737-4296-ba95-7f0e9402c55b@group-D97743807C2E-StateMachineUpdater] INFO  impl.StateMachineUpdater (StateMachineUpdater.java:lambda$new$0(92)) - 6aaf5ca8-0737-4296-ba95-7f0e9402c55b@group-D97743807C2E-StateMachineUpdater: snapshotIndex: updateIncreasingly 1 -> 2
2023-04-22 02:19:06,684 [grpc-default-executor-1] WARN  server.GrpcServerProtocolService (LogUtils.java:warn(124)) - 4fb9f1f7-4e3b-4bcf-a7e7-c7ddcac09d11: Failed APPEND_ENTRIES request 6aaf5ca8-0737-4296-ba95-7f0e9402c55b->4fb9f1f7-4e3b-4bcf-a7e7-c7ddcac09d11#2-t2,previous=(t:1, i:0),leaderCommit=1,initializing? true,entries: size=1, first=(t:2, i:1), CONFIGURATIONENTRY(current:id: "6aaf5ca8-0737-4296-ba95-7f0e9402c55b"
address: "10.1.0.20:37225"
dataStreamAddress: "10.1.0.20:33711"
clientAddress: "10.1.0.20:37225"
adminAddress: "10.1.0.20:37225"
startupRole: FOLLOWER
,id: "4fb9f1f7-4e3b-4bcf-a7e7-c7ddcac09d11"
address: "10.1.0.20:44181"
priority: 1
dataStreamAddress: "10.1.0.20:37741"
clientAddress: "10.1.0.20:44181"
adminAddress: "10.1.0.20:44181"
startupRole: FOLLOWER
,id: "44aa5787-a9ca-4d27-a88e-9069c8f4547b"
address: "10.1.0.20:46431"
dataStreamAddress: "10.1.0.20:44789"
clientAddress: "10.1.0.20:46431"
adminAddress: "10.1.0.20:46431"
startupRole: FOLLOWER
, old:)
java.util.concurrent.CompletionException: org.apache.ratis.protocol.exceptions.GroupMismatchException: 4fb9f1f7-4e3b-4bcf-a7e7-c7ddcac09d11: group-D97743807C2E not found.
	at java.util.concurrent.CompletableFuture.encodeThrowable(CompletableFuture.java:292)
	at java.util.concurrent.CompletableFuture.uniComposeStage(CompletableFuture.java:989)
	at java.util.concurrent.CompletableFuture.thenCompose(CompletableFuture.java:2137)
	at org.apache.ratis.server.impl.RaftServerProxy.appendEntriesAsync(RaftServerProxy.java:630)
	at org.apache.ratis.grpc.server.GrpcServerProtocolService$1.process(GrpcServerProtocolService.java:205)
	at org.apache.ratis.grpc.server.GrpcServerProtocolService$1.process(GrpcServerProtocolService.java:202)
	at org.apache.ratis.grpc.server.GrpcServerProtocolService$ServerRequestStreamObserver.onNext(GrpcServerProtocolService.java:124)
	at org.apache.ratis.thirdparty.io.grpc.stub.ServerCalls$StreamingServerCallHandler$StreamingServerCallListener.onMessage(ServerCalls.java:262)
	at org.apache.ratis.thirdparty.io.grpc.ForwardingServerCallListener.onMessage(ForwardingServerCallListener.java:33)
	at org.apache.ratis.thirdparty.io.grpc.internal.ServerCallImpl$ServerStreamListenerImpl.messagesAvailableInternal(ServerCallImpl.java:332)
	at org.apache.ratis.thirdparty.io.grpc.internal.ServerCallImpl$ServerStreamListenerImpl.messagesAvailable(ServerCallImpl.java:315)
	at org.apache.ratis.thirdparty.io.grpc.internal.ServerImpl$JumpToApplicationThreadServerStreamListener$1MessagesAvailable.runInContext(ServerImpl.java:834)
	at org.apache.ratis.thirdparty.io.grpc.internal.ContextRunnable.run(ContextRunnable.java:37)
	at org.apache.ratis.thirdparty.io.grpc.internal.SerializingExecutor.run(SerializingExecutor.java:133)
	at java.util.concurrent.ThreadPoolExecutor.runWorker(ThreadPoolExecutor.java:1149)
	at java.util.concurrent.ThreadPoolExecutor$Worker.run(ThreadPoolExecutor.java:624)
	at java.lang.Thread.run(Thread.java:750)
Caused by: org.apache.ratis.protocol.exceptions.GroupMismatchException: 4fb9f1f7-4e3b-4bcf-a7e7-c7ddcac09d11: group-D97743807C2E not found.
	at org.apache.ratis.server.impl.RaftServerProxy$ImplMap.get(RaftServerProxy.java:150)
	at org.apache.ratis.server.impl.RaftServerProxy.getImplFuture(RaftServerProxy.java:351)
	at org.apache.ratis.server.impl.RaftServerProxy.appendEntriesAsync(RaftServerProxy.java:629)
	... 13 more
2023-04-22 02:19:06,686 [grpc-default-executor-1] WARN  server.GrpcLogAppender (LogUtils.java:warn(124)) - 6aaf5ca8-0737-4296-ba95-7f0e9402c55b@group-D97743807C2E->4fb9f1f7-4e3b-4bcf-a7e7-c7ddcac09d11-AppendLogResponseHandler: Failed appendEntries
org.apache.ratis.protocol.exceptions.GroupMismatchException: 4fb9f1f7-4e3b-4bcf-a7e7-c7ddcac09d11: group-D97743807C2E not found.
	at org.apache.ratis.server.impl.RaftServerProxy$ImplMap.get(RaftServerProxy.java:150)
	at org.apache.ratis.server.impl.RaftServerProxy.getImplFuture(RaftServerProxy.java:351)
	at org.apache.ratis.server.impl.RaftServerProxy.appendEntriesAsync(RaftServerProxy.java:629)
	at org.apache.ratis.grpc.server.GrpcServerProtocolService$1.process(GrpcServerProtocolService.java:205)
	at org.apache.ratis.grpc.server.GrpcServerProtocolService$1.process(GrpcServerProtocolService.java:202)
	at org.apache.ratis.grpc.server.GrpcServerProtocolService$ServerRequestStreamObserver.onNext(GrpcServerProtocolService.java:124)
	at org.apache.ratis.thirdparty.io.grpc.stub.ServerCalls$StreamingServerCallHandler$StreamingServerCallListener.onMessage(ServerCalls.java:262)
	at org.apache.ratis.thirdparty.io.grpc.ForwardingServerCallListener.onMessage(ForwardingServerCallListener.java:33)
	at org.apache.ratis.thirdparty.io.grpc.internal.ServerCallImpl$ServerStreamListenerImpl.messagesAvailableInternal(ServerCallImpl.java:332)
	at org.apache.ratis.thirdparty.io.grpc.internal.ServerCallImpl$ServerStreamListenerImpl.messagesAvailable(ServerCallImpl.java:315)
	at org.apache.ratis.thirdparty.io.grpc.internal.ServerImpl$JumpToApplicationThreadServerStreamListener$1MessagesAvailable.runInContext(ServerImpl.java:834)
	at org.apache.ratis.thirdparty.io.grpc.internal.ContextRunnable.run(ContextRunnable.java:37)
	at org.apache.ratis.thirdparty.io.grpc.internal.SerializingExecutor.run(SerializingExecutor.java:133)
	at java.util.concurrent.ThreadPoolExecutor.runWorker(ThreadPoolExecutor.java:1149)
	at java.util.concurrent.ThreadPoolExecutor$Worker.run(ThreadPoolExecutor.java:624)
	at java.lang.Thread.run(Thread.java:750)
2023-04-22 02:19:06,686 [grpc-default-executor-1] INFO  leader.FollowerInfo (FollowerInfoImpl.java:lambda$new$0(48)) - 6aaf5ca8-0737-4296-ba95-7f0e9402c55b@group-D97743807C2E->4fb9f1f7-4e3b-4bcf-a7e7-c7ddcac09d11: nextIndex: updateUnconditionally 2 -> 1
2023-04-22 02:19:06,694 [FixedThreadPoolWithAffinityExecutor-0-0] WARN  container.ContainerReportHandler (AbstractContainerReportHandler.java:updateContainerState(259)) - Container #1 is in OPEN state, but the datanode 44aa5787-a9ca-4d27-a88e-9069c8f4547b(fv-az443-428.ap2fcshprsnunfx25e1aelzb4b.cx.internal.cloudapp.net/10.1.0.20) reports an QUASI_CLOSED replica.
2023-04-22 02:19:06,776 [grpc-default-executor-1] WARN  server.GrpcServerProtocolService (LogUtils.java:warn(124)) - 4fb9f1f7-4e3b-4bcf-a7e7-c7ddcac09d11: Failed APPEND_ENTRIES request 6aaf5ca8-0737-4296-ba95-7f0e9402c55b->4fb9f1f7-4e3b-4bcf-a7e7-c7ddcac09d11#3-t2,previous=(t:1, i:0),leaderCommit=1,initializing? true,entries: size=1, first=(t:2, i:1), CONFIGURATIONENTRY(current:id: "6aaf5ca8-0737-4296-ba95-7f0e9402c55b"
address: "10.1.0.20:37225"
dataStreamAddress: "10.1.0.20:33711"
clientAddress: "10.1.0.20:37225"
adminAddress: "10.1.0.20:37225"
startupRole: FOLLOWER
,id: "4fb9f1f7-4e3b-4bcf-a7e7-c7ddcac09d11"
address: "10.1.0.20:44181"
priority: 1
dataStreamAddress: "10.1.0.20:37741"
clientAddress: "10.1.0.20:44181"
adminAddress: "10.1.0.20:44181"
startupRole: FOLLOWER
,id: "44aa5787-a9ca-4d27-a88e-9069c8f4547b"
address: "10.1.0.20:46431"
dataStreamAddress: "10.1.0.20:44789"
clientAddress: "10.1.0.20:46431"
adminAddress: "10.1.0.20:46431"
startupRole: FOLLOWER
, old:)
java.util.concurrent.CompletionException: org.apache.ratis.protocol.exceptions.GroupMismatchException: 4fb9f1f7-4e3b-4bcf-a7e7-c7ddcac09d11: group-D97743807C2E not found.
	at java.util.concurrent.CompletableFuture.encodeThrowable(CompletableFuture.java:292)
	at java.util.concurrent.CompletableFuture.uniComposeStage(CompletableFuture.java:989)
	at java.util.concurrent.CompletableFuture.thenCompose(CompletableFuture.java:2137)
	at org.apache.ratis.server.impl.RaftServerProxy.appendEntriesAsync(RaftServerProxy.java:630)
	at org.apache.ratis.grpc.server.GrpcServerProtocolService$1.process(GrpcServerProtocolService.java:205)
	at org.apache.ratis.grpc.server.GrpcServerProtocolService$1.process(GrpcServerProtocolService.java:202)
	at org.apache.ratis.grpc.server.GrpcServerProtocolService$ServerRequestStreamObserver.onNext(GrpcServerProtocolService.java:124)
	at org.apache.ratis.thirdparty.io.grpc.stub.ServerCalls$StreamingServerCallHandler$StreamingServerCallListener.onMessage(ServerCalls.java:262)
	at org.apache.ratis.thirdparty.io.grpc.ForwardingServerCallListener.onMessage(ForwardingServerCallListener.java:33)
	at org.apache.ratis.thirdparty.io.grpc.internal.ServerCallImpl$ServerStreamListenerImpl.messagesAvailableInternal(ServerCallImpl.java:332)
	at org.apache.ratis.thirdparty.io.grpc.internal.ServerCallImpl$ServerStreamListenerImpl.messagesAvailable(ServerCallImpl.java:315)
	at org.apache.ratis.thirdparty.io.grpc.internal.ServerImpl$JumpToApplicationThreadServerStreamListener$1MessagesAvailable.runInContext(ServerImpl.java:834)
	at org.apache.ratis.thirdparty.io.grpc.internal.ContextRunnable.run(ContextRunnable.java:37)
	at org.apache.ratis.thirdparty.io.grpc.internal.SerializingExecutor.run(SerializingExecutor.java:133)
	at java.util.concurrent.ThreadPoolExecutor.runWorker(ThreadPoolExecutor.java:1149)
	at java.util.concurrent.ThreadPoolExecutor$Worker.run(ThreadPoolExecutor.java:624)
	at java.lang.Thread.run(Thread.java:750)
Caused by: org.apache.ratis.protocol.exceptions.GroupMismatchException: 4fb9f1f7-4e3b-4bcf-a7e7-c7ddcac09d11: group-D97743807C2E not found.
	at org.apache.ratis.server.impl.RaftServerProxy$ImplMap.get(RaftServerProxy.java:150)
	at org.apache.ratis.server.impl.RaftServerProxy.getImplFuture(RaftServerProxy.java:351)
	at org.apache.ratis.server.impl.RaftServerProxy.appendEntriesAsync(RaftServerProxy.java:629)
	... 13 more
2023-04-22 02:19:06,778 [grpc-default-executor-4] WARN  server.GrpcLogAppender (LogUtils.java:warn(124)) - 6aaf5ca8-0737-4296-ba95-7f0e9402c55b@group-D97743807C2E->4fb9f1f7-4e3b-4bcf-a7e7-c7ddcac09d11-AppendLogResponseHandler: Failed appendEntries
org.apache.ratis.protocol.exceptions.GroupMismatchException: 4fb9f1f7-4e3b-4bcf-a7e7-c7ddcac09d11: group-D97743807C2E not found.
	at org.apache.ratis.server.impl.RaftServerProxy$ImplMap.get(RaftServerProxy.java:150)
	at org.apache.ratis.server.impl.RaftServerProxy.getImplFuture(RaftServerProxy.java:351)
	at org.apache.ratis.server.impl.RaftServerProxy.appendEntriesAsync(RaftServerProxy.java:629)
	at org.apache.ratis.grpc.server.GrpcServerProtocolService$1.process(GrpcServerProtocolService.java:205)
	at org.apache.ratis.grpc.server.GrpcServerProtocolService$1.process(GrpcServerProtocolService.java:202)
	at org.apache.ratis.grpc.server.GrpcServerProtocolService$ServerRequestStreamObserver.onNext(GrpcServerProtocolService.java:124)
	at org.apache.ratis.thirdparty.io.grpc.stub.ServerCalls$StreamingServerCallHandler$StreamingServerCallListener.onMessage(ServerCalls.java:262)
	at org.apache.ratis.thirdparty.io.grpc.ForwardingServerCallListener.onMessage(ForwardingServerCallListener.java:33)
	at org.apache.ratis.thirdparty.io.grpc.internal.ServerCallImpl$ServerStreamListenerImpl.messagesAvailableInternal(ServerCallImpl.java:332)
	at org.apache.ratis.thirdparty.io.grpc.internal.ServerCallImpl$ServerStreamListenerImpl.messagesAvailable(ServerCallImpl.java:315)
	at org.apache.ratis.thirdparty.io.grpc.internal.ServerImpl$JumpToApplicationThreadServerStreamListener$1MessagesAvailable.runInContext(ServerImpl.java:834)
	at org.apache.ratis.thirdparty.io.grpc.internal.ContextRunnable.run(ContextRunnable.java:37)
	at org.apache.ratis.thirdparty.io.grpc.internal.SerializingExecutor.run(SerializingExecutor.java:133)
	at java.util.concurrent.ThreadPoolExecutor.runWorker(ThreadPoolExecutor.java:1149)
	at java.util.concurrent.ThreadPoolExecutor$Worker.run(ThreadPoolExecutor.java:624)
	at java.lang.Thread.run(Thread.java:750)
2023-04-22 02:19:06,778 [grpc-default-executor-4] INFO  leader.FollowerInfo (FollowerInfoImpl.java:lambda$new$0(48)) - 6aaf5ca8-0737-4296-ba95-7f0e9402c55b@group-D97743807C2E->4fb9f1f7-4e3b-4bcf-a7e7-c7ddcac09d11: nextIndex: updateUnconditionally 2 -> 1
2023-04-22 02:19:06,786 [44aa5787-a9ca-4d27-a88e-9069c8f4547b@group-D97743807C2E-StateMachineUpdater] INFO  ratis.ContainerStateMachine (ContainerStateMachine.java:takeSnapshot(330)) - group-D97743807C2E: Taking a snapshot at:(t:2, i:2) file /home/runner/work/ozone/ozone/hadoop-ozone/integration-test/target/test-dir/MiniOzoneClusterImpl-b640deff-6994-498f-92ea-4ac5c972f0d8/datanode-1/data/ratis/49d433d1-3766-4605-956b-d97743807c2e/sm/snapshot.2_2
2023-04-22 02:19:06,787 [44aa5787-a9ca-4d27-a88e-9069c8f4547b@group-D97743807C2E-StateMachineUpdater] INFO  ratis.ContainerStateMachine (ContainerStateMachine.java:takeSnapshot(341)) - group-D97743807C2E: Finished taking a snapshot at:(t:2, i:2) file:/home/runner/work/ozone/ozone/hadoop-ozone/integration-test/target/test-dir/MiniOzoneClusterImpl-b640deff-6994-498f-92ea-4ac5c972f0d8/datanode-1/data/ratis/49d433d1-3766-4605-956b-d97743807c2e/sm/snapshot.2_2 took: 1 ms
2023-04-22 02:19:06,787 [44aa5787-a9ca-4d27-a88e-9069c8f4547b@group-D97743807C2E-StateMachineUpdater] INFO  impl.StateMachineUpdater (StateMachineUpdater.java:takeSnapshot(287)) - 44aa5787-a9ca-4d27-a88e-9069c8f4547b@group-D97743807C2E-StateMachineUpdater: Took a snapshot at index 2
2023-04-22 02:19:06,787 [44aa5787-a9ca-4d27-a88e-9069c8f4547b@group-D97743807C2E-StateMachineUpdater] INFO  impl.StateMachineUpdater (StateMachineUpdater.java:lambda$new$0(92)) - 44aa5787-a9ca-4d27-a88e-9069c8f4547b@group-D97743807C2E-StateMachineUpdater: snapshotIndex: updateIncreasingly 1 -> 2
2023-04-22 02:19:06,791 [grpc-default-executor-5] WARN  server.GrpcServerProtocolService (LogUtils.java:warn(124)) - 4fb9f1f7-4e3b-4bcf-a7e7-c7ddcac09d11: Failed APPEND_ENTRIES request 6aaf5ca8-0737-4296-ba95-7f0e9402c55b->4fb9f1f7-4e3b-4bcf-a7e7-c7ddcac09d11#4-t2,previous=(t:1, i:0),leaderCommit=1,initializing? true,entries: size=1, first=(t:2, i:1), CONFIGURATIONENTRY(current:id: "6aaf5ca8-0737-4296-ba95-7f0e9402c55b"
address: "10.1.0.20:37225"
dataStreamAddress: "10.1.0.20:33711"
clientAddress: "10.1.0.20:37225"
adminAddress: "10.1.0.20:37225"
startupRole: FOLLOWER
,id: "4fb9f1f7-4e3b-4bcf-a7e7-c7ddcac09d11"
address: "10.1.0.20:44181"
priority: 1
dataStreamAddress: "10.1.0.20:37741"
clientAddress: "10.1.0.20:44181"
adminAddress: "10.1.0.20:44181"
startupRole: FOLLOWER
,id: "44aa5787-a9ca-4d27-a88e-9069c8f4547b"
address: "10.1.0.20:46431"
dataStreamAddress: "10.1.0.20:44789"
clientAddress: "10.1.0.20:46431"
adminAddress: "10.1.0.20:46431"
startupRole: FOLLOWER
, old:)
java.util.concurrent.CompletionException: org.apache.ratis.protocol.exceptions.GroupMismatchException: 4fb9f1f7-4e3b-4bcf-a7e7-c7ddcac09d11: group-D97743807C2E not found.
	at java.util.concurrent.CompletableFuture.encodeThrowable(CompletableFuture.java:292)
	at java.util.concurrent.CompletableFuture.uniComposeStage(CompletableFuture.java:989)
	at java.util.concurrent.CompletableFuture.thenCompose(CompletableFuture.java:2137)
	at org.apache.ratis.server.impl.RaftServerProxy.appendEntriesAsync(RaftServerProxy.java:630)
	at org.apache.ratis.grpc.server.GrpcServerProtocolService$1.process(GrpcServerProtocolService.java:205)
	at org.apache.ratis.grpc.server.GrpcServerProtocolService$1.process(GrpcServerProtocolService.java:202)
	at org.apache.ratis.grpc.server.GrpcServerProtocolService$ServerRequestStreamObserver.onNext(GrpcServerProtocolService.java:124)
	at org.apache.ratis.thirdparty.io.grpc.stub.ServerCalls$StreamingServerCallHandler$StreamingServerCallListener.onMessage(ServerCalls.java:262)
	at org.apache.ratis.thirdparty.io.grpc.ForwardingServerCallListener.onMessage(ForwardingServerCallListener.java:33)
	at org.apache.ratis.thirdparty.io.grpc.internal.ServerCallImpl$ServerStreamListenerImpl.messagesAvailableInternal(ServerCallImpl.java:332)
	at org.apache.ratis.thirdparty.io.grpc.internal.ServerCallImpl$ServerStreamListenerImpl.messagesAvailable(ServerCallImpl.java:315)
	at org.apache.ratis.thirdparty.io.grpc.internal.ServerImpl$JumpToApplicationThreadServerStreamListener$1MessagesAvailable.runInContext(ServerImpl.java:834)
	at org.apache.ratis.thirdparty.io.grpc.internal.ContextRunnable.run(ContextRunnable.java:37)
	at org.apache.ratis.thirdparty.io.grpc.internal.SerializingExecutor.run(SerializingExecutor.java:133)
	at java.util.concurrent.ThreadPoolExecutor.runWorker(ThreadPoolExecutor.java:1149)
	at java.util.concurrent.ThreadPoolExecutor$Worker.run(ThreadPoolExecutor.java:624)
	at java.lang.Thread.run(Thread.java:750)
Caused by: org.apache.ratis.protocol.exceptions.GroupMismatchException: 4fb9f1f7-4e3b-4bcf-a7e7-c7ddcac09d11: group-D97743807C2E not found.
	at org.apache.ratis.server.impl.RaftServerProxy$ImplMap.get(RaftServerProxy.java:150)
	at org.apache.ratis.server.impl.RaftServerProxy.getImplFuture(RaftServerProxy.java:351)
	at org.apache.ratis.server.impl.RaftServerProxy.appendEntriesAsync(RaftServerProxy.java:629)
	... 13 more
2023-04-22 02:19:06,795 [grpc-default-executor-1] WARN  server.GrpcLogAppender (LogUtils.java:warn(124)) - 6aaf5ca8-0737-4296-ba95-7f0e9402c55b@group-D97743807C2E->4fb9f1f7-4e3b-4bcf-a7e7-c7ddcac09d11-AppendLogResponseHandler: Failed appendEntries
org.apache.ratis.protocol.exceptions.GroupMismatchException: 4fb9f1f7-4e3b-4bcf-a7e7-c7ddcac09d11: group-D97743807C2E not found.
	at org.apache.ratis.server.impl.RaftServerProxy$ImplMap.get(RaftServerProxy.java:150)
	at org.apache.ratis.server.impl.RaftServerProxy.getImplFuture(RaftServerProxy.java:351)
	at org.apache.ratis.server.impl.RaftServerProxy.appendEntriesAsync(RaftServerProxy.java:629)
	at org.apache.ratis.grpc.server.GrpcServerProtocolService$1.process(GrpcServerProtocolService.java:205)
	at org.apache.ratis.grpc.server.GrpcServerProtocolService$1.process(GrpcServerProtocolService.java:202)
	at org.apache.ratis.grpc.server.GrpcServerProtocolService$ServerRequestStreamObserver.onNext(GrpcServerProtocolService.java:124)
	at org.apache.ratis.thirdparty.io.grpc.stub.ServerCalls$StreamingServerCallHandler$StreamingServerCallListener.onMessage(ServerCalls.java:262)
	at org.apache.ratis.thirdparty.io.grpc.ForwardingServerCallListener.onMessage(ForwardingServerCallListener.java:33)
	at org.apache.ratis.thirdparty.io.grpc.internal.ServerCallImpl$ServerStreamListenerImpl.messagesAvailableInternal(ServerCallImpl.java:332)
	at org.apache.ratis.thirdparty.io.grpc.internal.ServerCallImpl$ServerStreamListenerImpl.messagesAvailable(ServerCallImpl.java:315)
	at org.apache.ratis.thirdparty.io.grpc.internal.ServerImpl$JumpToApplicationThreadServerStreamListener$1MessagesAvailable.runInContext(ServerImpl.java:834)
	at org.apache.ratis.thirdparty.io.grpc.internal.ContextRunnable.run(ContextRunnable.java:37)
	at org.apache.ratis.thirdparty.io.grpc.internal.SerializingExecutor.run(SerializingExecutor.java:133)
	at java.util.concurrent.ThreadPoolExecutor.runWorker(ThreadPoolExecutor.java:1149)
	at java.util.concurrent.ThreadPoolExecutor$Worker.run(ThreadPoolExecutor.java:624)
	at java.lang.Thread.run(Thread.java:750)
2023-04-22 02:19:06,795 [grpc-default-executor-1] INFO  leader.FollowerInfo (FollowerInfoImpl.java:lambda$new$0(48)) - 6aaf5ca8-0737-4296-ba95-7f0e9402c55b@group-D97743807C2E->4fb9f1f7-4e3b-4bcf-a7e7-c7ddcac09d11: nextIndex: updateUnconditionally 2 -> 1
2023-04-22 02:19:06,801 [grpc-default-executor-2] WARN  server.GrpcServerProtocolService (LogUtils.java:warn(124)) - 4fb9f1f7-4e3b-4bcf-a7e7-c7ddcac09d11: Failed APPEND_ENTRIES request 6aaf5ca8-0737-4296-ba95-7f0e9402c55b->4fb9f1f7-4e3b-4bcf-a7e7-c7ddcac09d11#8-t2,previous=(t:1, i:0),leaderCommit=1,initializing? true,entries: size=1, first=(t:2, i:1), CONFIGURATIONENTRY(current:id: "6aaf5ca8-0737-4296-ba95-7f0e9402c55b"
address: "10.1.0.20:37225"
dataStreamAddress: "10.1.0.20:33711"
clientAddress: "10.1.0.20:37225"
adminAddress: "10.1.0.20:37225"
startupRole: FOLLOWER
,id: "4fb9f1f7-4e3b-4bcf-a7e7-c7ddcac09d11"
address: "10.1.0.20:44181"
priority: 1
dataStreamAddress: "10.1.0.20:37741"
clientAddress: "10.1.0.20:44181"
adminAddress: "10.1.0.20:44181"
startupRole: FOLLOWER
,id: "44aa5787-a9ca-4d27-a88e-9069c8f4547b"
address: "10.1.0.20:46431"
dataStreamAddress: "10.1.0.20:44789"
clientAddress: "10.1.0.20:46431"
adminAddress: "10.1.0.20:46431"
startupRole: FOLLOWER
, old:)
java.util.concurrent.CompletionException: org.apache.ratis.protocol.exceptions.GroupMismatchException: 4fb9f1f7-4e3b-4bcf-a7e7-c7ddcac09d11: group-D97743807C2E not found.
	at java.util.concurrent.CompletableFuture.encodeThrowable(CompletableFuture.java:292)
	at java.util.concurrent.CompletableFuture.uniComposeStage(CompletableFuture.java:989)
	at java.util.concurrent.CompletableFuture.thenCompose(CompletableFuture.java:2137)
	at org.apache.ratis.server.impl.RaftServerProxy.appendEntriesAsync(RaftServerProxy.java:630)
	at org.apache.ratis.grpc.server.GrpcServerProtocolService$1.process(GrpcServerProtocolService.java:205)
	at org.apache.ratis.grpc.server.GrpcServerProtocolService$1.process(GrpcServerProtocolService.java:202)
	at org.apache.ratis.grpc.server.GrpcServerProtocolService$ServerRequestStreamObserver.onNext(GrpcServerProtocolService.java:124)
	at org.apache.ratis.thirdparty.io.grpc.stub.ServerCalls$StreamingServerCallHandler$StreamingServerCallListener.onMessage(ServerCalls.java:262)
	at org.apache.ratis.thirdparty.io.grpc.ForwardingServerCallListener.onMessage(ForwardingServerCallListener.java:33)
	at org.apache.ratis.thirdparty.io.grpc.internal.ServerCallImpl$ServerStreamListenerImpl.messagesAvailableInternal(ServerCallImpl.java:332)
	at org.apache.ratis.thirdparty.io.grpc.internal.ServerCallImpl$ServerStreamListenerImpl.messagesAvailable(ServerCallImpl.java:315)
	at org.apache.ratis.thirdparty.io.grpc.internal.ServerImpl$JumpToApplicationThreadServerStreamListener$1MessagesAvailable.runInContext(ServerImpl.java:834)
	at org.apache.ratis.thirdparty.io.grpc.internal.ContextRunnable.run(ContextRunnable.java:37)
	at org.apache.ratis.thirdparty.io.grpc.internal.SerializingExecutor.run(SerializingExecutor.java:133)
	at java.util.concurrent.ThreadPoolExecutor.runWorker(ThreadPoolExecutor.java:1149)
	at java.util.concurrent.ThreadPoolExecutor$Worker.run(ThreadPoolExecutor.java:624)
	at java.lang.Thread.run(Thread.java:750)
Caused by: org.apache.ratis.protocol.exceptions.GroupMismatchException: 4fb9f1f7-4e3b-4bcf-a7e7-c7ddcac09d11: group-D97743807C2E not found.
	at org.apache.ratis.server.impl.RaftServerProxy$ImplMap.get(RaftServerProxy.java:150)
	at org.apache.ratis.server.impl.RaftServerProxy.getImplFuture(RaftServerProxy.java:351)
	at org.apache.ratis.server.impl.RaftServerProxy.appendEntriesAsync(RaftServerProxy.java:629)
	... 13 more
2023-04-22 02:19:06,808 [grpc-default-executor-1] WARN  server.GrpcLogAppender (LogUtils.java:warn(124)) - 6aaf5ca8-0737-4296-ba95-7f0e9402c55b@group-D97743807C2E->4fb9f1f7-4e3b-4bcf-a7e7-c7ddcac09d11-AppendLogResponseHandler: Failed appendEntries
org.apache.ratis.protocol.exceptions.GroupMismatchException: 4fb9f1f7-4e3b-4bcf-a7e7-c7ddcac09d11: group-D97743807C2E not found.
	at org.apache.ratis.server.impl.RaftServerProxy$ImplMap.get(RaftServerProxy.java:150)
	at org.apache.ratis.server.impl.RaftServerProxy.getImplFuture(RaftServerProxy.java:351)
	at org.apache.ratis.server.impl.RaftServerProxy.appendEntriesAsync(RaftServerProxy.java:629)
	at org.apache.ratis.grpc.server.GrpcServerProtocolService$1.process(GrpcServerProtocolService.java:205)
	at org.apache.ratis.grpc.server.GrpcServerProtocolService$1.process(GrpcServerProtocolService.java:202)
	at org.apache.ratis.grpc.server.GrpcServerProtocolService$ServerRequestStreamObserver.onNext(GrpcServerProtocolService.java:124)
	at org.apache.ratis.thirdparty.io.grpc.stub.ServerCalls$StreamingServerCallHandler$StreamingServerCallListener.onMessage(ServerCalls.java:262)
	at org.apache.ratis.thirdparty.io.grpc.ForwardingServerCallListener.onMessage(ForwardingServerCallListener.java:33)
	at org.apache.ratis.thirdparty.io.grpc.internal.ServerCallImpl$ServerStreamListenerImpl.messagesAvailableInternal(ServerCallImpl.java:332)
	at org.apache.ratis.thirdparty.io.grpc.internal.ServerCallImpl$ServerStreamListenerImpl.messagesAvailable(ServerCallImpl.java:315)
	at org.apache.ratis.thirdparty.io.grpc.internal.ServerImpl$JumpToApplicationThreadServerStreamListener$1MessagesAvailable.runInContext(ServerImpl.java:834)
	at org.apache.ratis.thirdparty.io.grpc.internal.ContextRunnable.run(ContextRunnable.java:37)
	at org.apache.ratis.thirdparty.io.grpc.internal.SerializingExecutor.run(SerializingExecutor.java:133)
	at java.util.concurrent.ThreadPoolExecutor.runWorker(ThreadPoolExecutor.java:1149)
	at java.util.concurrent.ThreadPoolExecutor$Worker.run(ThreadPoolExecutor.java:624)
	at java.lang.Thread.run(Thread.java:750)
2023-04-22 02:19:06,808 [grpc-default-executor-1] INFO  leader.FollowerInfo (FollowerInfoImpl.java:lambda$new$0(48)) - 6aaf5ca8-0737-4296-ba95-7f0e9402c55b@group-D97743807C2E->4fb9f1f7-4e3b-4bcf-a7e7-c7ddcac09d11: nextIndex: updateUnconditionally 2 -> 1
2023-04-22 02:19:06,818 [grpc-default-executor-5] WARN  server.GrpcServerProtocolService (LogUtils.java:warn(124)) - 4fb9f1f7-4e3b-4bcf-a7e7-c7ddcac09d11: Failed APPEND_ENTRIES request 6aaf5ca8-0737-4296-ba95-7f0e9402c55b->4fb9f1f7-4e3b-4bcf-a7e7-c7ddcac09d11#10-t2,previous=(t:1, i:0),leaderCommit=1,initializing? true,entries: size=1, first=(t:2, i:1), CONFIGURATIONENTRY(current:id: "6aaf5ca8-0737-4296-ba95-7f0e9402c55b"
address: "10.1.0.20:37225"
dataStreamAddress: "10.1.0.20:33711"
clientAddress: "10.1.0.20:37225"
adminAddress: "10.1.0.20:37225"
startupRole: FOLLOWER
,id: "4fb9f1f7-4e3b-4bcf-a7e7-c7ddcac09d11"
address: "10.1.0.20:44181"
priority: 1
dataStreamAddress: "10.1.0.20:37741"
clientAddress: "10.1.0.20:44181"
adminAddress: "10.1.0.20:44181"
startupRole: FOLLOWER
,id: "44aa5787-a9ca-4d27-a88e-9069c8f4547b"
address: "10.1.0.20:46431"
dataStreamAddress: "10.1.0.20:44789"
clientAddress: "10.1.0.20:46431"
adminAddress: "10.1.0.20:46431"
startupRole: FOLLOWER
, old:)
java.util.concurrent.CompletionException: org.apache.ratis.protocol.exceptions.GroupMismatchException: 4fb9f1f7-4e3b-4bcf-a7e7-c7ddcac09d11: group-D97743807C2E not found.
	at java.util.concurrent.CompletableFuture.encodeThrowable(CompletableFuture.java:292)
	at java.util.concurrent.CompletableFuture.uniComposeStage(CompletableFuture.java:989)
	at java.util.concurrent.CompletableFuture.thenCompose(CompletableFuture.java:2137)
	at org.apache.ratis.server.impl.RaftServerProxy.appendEntriesAsync(RaftServerProxy.java:630)
	at org.apache.ratis.grpc.server.GrpcServerProtocolService$1.process(GrpcServerProtocolService.java:205)
	at org.apache.ratis.grpc.server.GrpcServerProtocolService$1.process(GrpcServerProtocolService.java:202)
	at org.apache.ratis.grpc.server.GrpcServerProtocolService$ServerRequestStreamObserver.onNext(GrpcServerProtocolService.java:124)
	at org.apache.ratis.thirdparty.io.grpc.stub.ServerCalls$StreamingServerCallHandler$StreamingServerCallListener.onMessage(ServerCalls.java:262)
	at org.apache.ratis.thirdparty.io.grpc.ForwardingServerCallListener.onMessage(ForwardingServerCallListener.java:33)
	at org.apache.ratis.thirdparty.io.grpc.internal.ServerCallImpl$ServerStreamListenerImpl.messagesAvailableInternal(ServerCallImpl.java:332)
	at org.apache.ratis.thirdparty.io.grpc.internal.ServerCallImpl$ServerStreamListenerImpl.messagesAvailable(ServerCallImpl.java:315)
	at org.apache.ratis.thirdparty.io.grpc.internal.ServerImpl$JumpToApplicationThreadServerStreamListener$1MessagesAvailable.runInContext(ServerImpl.java:834)
	at org.apache.ratis.thirdparty.io.grpc.internal.ContextRunnable.run(ContextRunnable.java:37)
	at org.apache.ratis.thirdparty.io.grpc.internal.SerializingExecutor.run(SerializingExecutor.java:133)
	at java.util.concurrent.ThreadPoolExecutor.runWorker(ThreadPoolExecutor.java:1149)
	at java.util.concurrent.ThreadPoolExecutor$Worker.run(ThreadPoolExecutor.java:624)
	at java.lang.Thread.run(Thread.java:750)
Caused by: org.apache.ratis.protocol.exceptions.GroupMismatchException: 4fb9f1f7-4e3b-4bcf-a7e7-c7ddcac09d11: group-D97743807C2E not found.
	at org.apache.ratis.server.impl.RaftServerProxy$ImplMap.get(RaftServerProxy.java:150)
	at org.apache.ratis.server.impl.RaftServerProxy.getImplFuture(RaftServerProxy.java:351)
	at org.apache.ratis.server.impl.RaftServerProxy.appendEntriesAsync(RaftServerProxy.java:629)
	... 13 more
2023-04-22 02:19:06,821 [grpc-default-executor-1] WARN  server.GrpcLogAppender (LogUtils.java:warn(124)) - 6aaf5ca8-0737-4296-ba95-7f0e9402c55b@group-D97743807C2E->4fb9f1f7-4e3b-4bcf-a7e7-c7ddcac09d11-AppendLogResponseHandler: Failed appendEntries
org.apache.ratis.protocol.exceptions.GroupMismatchException: 4fb9f1f7-4e3b-4bcf-a7e7-c7ddcac09d11: group-D97743807C2E not found.
	at org.apache.ratis.server.impl.RaftServerProxy$ImplMap.get(RaftServerProxy.java:150)
	at org.apache.ratis.server.impl.RaftServerProxy.getImplFuture(RaftServerProxy.java:351)
	at org.apache.ratis.server.impl.RaftServerProxy.appendEntriesAsync(RaftServerProxy.java:629)
	at org.apache.ratis.grpc.server.GrpcServerProtocolService$1.process(GrpcServerProtocolService.java:205)
	at org.apache.ratis.grpc.server.GrpcServerProtocolService$1.process(GrpcServerProtocolService.java:202)
	at org.apache.ratis.grpc.server.GrpcServerProtocolService$ServerRequestStreamObserver.onNext(GrpcServerProtocolService.java:124)
	at org.apache.ratis.thirdparty.io.grpc.stub.ServerCalls$StreamingServerCallHandler$StreamingServerCallListener.onMessage(ServerCalls.java:262)
	at org.apache.ratis.thirdparty.io.grpc.ForwardingServerCallListener.onMessage(ForwardingServerCallListener.java:33)
	at org.apache.ratis.thirdparty.io.grpc.internal.ServerCallImpl$ServerStreamListenerImpl.messagesAvailableInternal(ServerCallImpl.java:332)
	at org.apache.ratis.thirdparty.io.grpc.internal.ServerCallImpl$ServerStreamListenerImpl.messagesAvailable(ServerCallImpl.java:315)
	at org.apache.ratis.thirdparty.io.grpc.internal.ServerImpl$JumpToApplicationThreadServerStreamListener$1MessagesAvailable.runInContext(ServerImpl.java:834)
	at org.apache.ratis.thirdparty.io.grpc.internal.ContextRunnable.run(ContextRunnable.java:37)
	at org.apache.ratis.thirdparty.io.grpc.internal.SerializingExecutor.run(SerializingExecutor.java:133)
	at java.util.concurrent.ThreadPoolExecutor.runWorker(ThreadPoolExecutor.java:1149)
	at java.util.concurrent.ThreadPoolExecutor$Worker.run(ThreadPoolExecutor.java:624)
	at java.lang.Thread.run(Thread.java:750)
2023-04-22 02:19:06,821 [grpc-default-executor-1] INFO  leader.FollowerInfo (FollowerInfoImpl.java:lambda$new$0(48)) - 6aaf5ca8-0737-4296-ba95-7f0e9402c55b@group-D97743807C2E->4fb9f1f7-4e3b-4bcf-a7e7-c7ddcac09d11: nextIndex: updateUnconditionally 2 -> 1
2023-04-22 02:19:06,834 [6aaf5ca8-0737-4296-ba95-7f0e9402c55b@group-D97743807C2E-StateMachineUpdater] INFO  ratis.ContainerStateMachine (ContainerStateMachine.java:takeSnapshot(330)) - group-D97743807C2E: Taking a snapshot at:(t:2, i:4) file /home/runner/work/ozone/ozone/hadoop-ozone/integration-test/target/test-dir/MiniOzoneClusterImpl-b640deff-6994-498f-92ea-4ac5c972f0d8/datanode-2/data/ratis/49d433d1-3766-4605-956b-d97743807c2e/sm/snapshot.2_4
2023-04-22 02:19:06,836 [6aaf5ca8-0737-4296-ba95-7f0e9402c55b@group-D97743807C2E-StateMachineUpdater] INFO  ratis.ContainerStateMachine (ContainerStateMachine.java:takeSnapshot(341)) - group-D97743807C2E: Finished taking a snapshot at:(t:2, i:4) file:/home/runner/work/ozone/ozone/hadoop-ozone/integration-test/target/test-dir/MiniOzoneClusterImpl-b640deff-6994-498f-92ea-4ac5c972f0d8/datanode-2/data/ratis/49d433d1-3766-4605-956b-d97743807c2e/sm/snapshot.2_4 took: 2 ms
2023-04-22 02:19:06,836 [6aaf5ca8-0737-4296-ba95-7f0e9402c55b@group-D97743807C2E-StateMachineUpdater] INFO  impl.StateMachineUpdater (StateMachineUpdater.java:takeSnapshot(287)) - 6aaf5ca8-0737-4296-ba95-7f0e9402c55b@group-D97743807C2E-StateMachineUpdater: Took a snapshot at index 4
2023-04-22 02:19:06,836 [6aaf5ca8-0737-4296-ba95-7f0e9402c55b@group-D97743807C2E-StateMachineUpdater] INFO  impl.StateMachineUpdater (StateMachineUpdater.java:lambda$new$0(92)) - 6aaf5ca8-0737-4296-ba95-7f0e9402c55b@group-D97743807C2E-StateMachineUpdater: snapshotIndex: updateIncreasingly 2 -> 4
2023-04-22 02:19:06,836 [6aaf5ca8-0737-4296-ba95-7f0e9402c55b@group-D97743807C2E-StateMachineUpdater] INFO  ratis.ContainerStateMachine (ContainerStateMachine.java:takeSnapshot(330)) - group-D97743807C2E: Taking a snapshot at:(t:2, i:6) file /home/runner/work/ozone/ozone/hadoop-ozone/integration-test/target/test-dir/MiniOzoneClusterImpl-b640deff-6994-498f-92ea-4ac5c972f0d8/datanode-2/data/ratis/49d433d1-3766-4605-956b-d97743807c2e/sm/snapshot.2_6
2023-04-22 02:19:06,837 [6aaf5ca8-0737-4296-ba95-7f0e9402c55b@group-D97743807C2E-StateMachineUpdater] INFO  ratis.ContainerStateMachine (ContainerStateMachine.java:takeSnapshot(341)) - group-D97743807C2E: Finished taking a snapshot at:(t:2, i:6) file:/home/runner/work/ozone/ozone/hadoop-ozone/integration-test/target/test-dir/MiniOzoneClusterImpl-b640deff-6994-498f-92ea-4ac5c972f0d8/datanode-2/data/ratis/49d433d1-3766-4605-956b-d97743807c2e/sm/snapshot.2_6 took: 1 ms
2023-04-22 02:19:06,838 [6aaf5ca8-0737-4296-ba95-7f0e9402c55b@group-D97743807C2E-StateMachineUpdater] INFO  impl.StateMachineUpdater (StateMachineUpdater.java:takeSnapshot(287)) - 6aaf5ca8-0737-4296-ba95-7f0e9402c55b@group-D97743807C2E-StateMachineUpdater: Took a snapshot at index 6
2023-04-22 02:19:06,838 [6aaf5ca8-0737-4296-ba95-7f0e9402c55b@group-D97743807C2E-StateMachineUpdater] INFO  impl.StateMachineUpdater (StateMachineUpdater.java:lambda$new$0(92)) - 6aaf5ca8-0737-4296-ba95-7f0e9402c55b@group-D97743807C2E-StateMachineUpdater: snapshotIndex: updateIncreasingly 4 -> 6
2023-04-22 02:19:06,888 [FixedThreadPoolWithAffinityExecutor-9-0] WARN  container.ContainerReportHandler (AbstractContainerReportHandler.java:updateContainerState(259)) - Container #4 is in OPEN state, but the datanode ffe33985-86ac-4dba-9cf7-e9d9be1914b9(fv-az443-428.ap2fcshprsnunfx25e1aelzb4b.cx.internal.cloudapp.net/10.1.0.20) reports an CLOSED replica.
2023-04-22 02:19:06,983 [FixedThreadPoolWithAffinityExecutor-0-0] WARN  container.ContainerReportHandler (AbstractContainerReportHandler.java:updateContainerState(259)) - Container #1 is in OPEN state, but the datanode 44aa5787-a9ca-4d27-a88e-9069c8f4547b(fv-az443-428.ap2fcshprsnunfx25e1aelzb4b.cx.internal.cloudapp.net/10.1.0.20) reports an QUASI_CLOSED replica.
2023-04-22 02:19:06,983 [FixedThreadPoolWithAffinityExecutor-9-0] WARN  container.ContainerReportHandler (AbstractContainerReportHandler.java:updateContainerState(259)) - Container #1 is in OPEN state, but the datanode 6aaf5ca8-0737-4296-ba95-7f0e9402c55b(fv-az443-428.ap2fcshprsnunfx25e1aelzb4b.cx.internal.cloudapp.net/10.1.0.20) reports an QUASI_CLOSED replica.
2023-04-22 02:19:07,088 [FixedThreadPoolWithAffinityExecutor-9-0] WARN  container.ContainerReportHandler (AbstractContainerReportHandler.java:updateContainerState(259)) - Container #4 is in OPEN state, but the datanode ffe33985-86ac-4dba-9cf7-e9d9be1914b9(fv-az443-428.ap2fcshprsnunfx25e1aelzb4b.cx.internal.cloudapp.net/10.1.0.20) reports an CLOSED replica.
2023-04-22 02:19:07,184 [FixedThreadPoolWithAffinityExecutor-0-0] WARN  container.ContainerReportHandler (AbstractContainerReportHandler.java:updateContainerState(259)) - Container #1 is in OPEN state, but the datanode 44aa5787-a9ca-4d27-a88e-9069c8f4547b(fv-az443-428.ap2fcshprsnunfx25e1aelzb4b.cx.internal.cloudapp.net/10.1.0.20) reports an QUASI_CLOSED replica.
2023-04-22 02:19:07,195 [grpc-default-executor-4] WARN  server.GrpcServerProtocolService (LogUtils.java:warn(124)) - 4fb9f1f7-4e3b-4bcf-a7e7-c7ddcac09d11: Failed APPEND_ENTRIES request 6aaf5ca8-0737-4296-ba95-7f0e9402c55b->4fb9f1f7-4e3b-4bcf-a7e7-c7ddcac09d11#267-t1,previous=(t:0, i:0),leaderCommit=1,initializing? true,entries: size=1, first=(t:1, i:0), CONFIGURATIONENTRY(current:id: "6aaf5ca8-0737-4296-ba95-7f0e9402c55b"
address: "10.1.0.20:37225"
priority: 1
dataStreamAddress: "10.1.0.20:33711"
clientAddress: "10.1.0.20:37225"
adminAddress: "10.1.0.20:37225"
startupRole: FOLLOWER
,id: "4fb9f1f7-4e3b-4bcf-a7e7-c7ddcac09d11"
address: "10.1.0.20:44181"
dataStreamAddress: "10.1.0.20:37741"
clientAddress: "10.1.0.20:44181"
adminAddress: "10.1.0.20:44181"
startupRole: FOLLOWER
,id: "44aa5787-a9ca-4d27-a88e-9069c8f4547b"
address: "10.1.0.20:46431"
dataStreamAddress: "10.1.0.20:44789"
clientAddress: "10.1.0.20:46431"
adminAddress: "10.1.0.20:46431"
startupRole: FOLLOWER
, old:)
java.util.concurrent.CompletionException: org.apache.ratis.protocol.exceptions.GroupMismatchException: 4fb9f1f7-4e3b-4bcf-a7e7-c7ddcac09d11: group-D4D495DF8B74 not found.
	at java.util.concurrent.CompletableFuture.encodeThrowable(CompletableFuture.java:292)
	at java.util.concurrent.CompletableFuture.uniComposeStage(CompletableFuture.java:989)
	at java.util.concurrent.CompletableFuture.thenCompose(CompletableFuture.java:2137)
	at org.apache.ratis.server.impl.RaftServerProxy.appendEntriesAsync(RaftServerProxy.java:630)
	at org.apache.ratis.grpc.server.GrpcServerProtocolService$1.process(GrpcServerProtocolService.java:205)
	at org.apache.ratis.grpc.server.GrpcServerProtocolService$1.process(GrpcServerProtocolService.java:202)
	at org.apache.ratis.grpc.server.GrpcServerProtocolService$ServerRequestStreamObserver.onNext(GrpcServerProtocolService.java:124)
	at org.apache.ratis.thirdparty.io.grpc.stub.ServerCalls$StreamingServerCallHandler$StreamingServerCallListener.onMessage(ServerCalls.java:262)
	at org.apache.ratis.thirdparty.io.grpc.ForwardingServerCallListener.onMessage(ForwardingServerCallListener.java:33)
	at org.apache.ratis.thirdparty.io.grpc.internal.ServerCallImpl$ServerStreamListenerImpl.messagesAvailableInternal(ServerCallImpl.java:332)
	at org.apache.ratis.thirdparty.io.grpc.internal.ServerCallImpl$ServerStreamListenerImpl.messagesAvailable(ServerCallImpl.java:315)
	at org.apache.ratis.thirdparty.io.grpc.internal.ServerImpl$JumpToApplicationThreadServerStreamListener$1MessagesAvailable.runInContext(ServerImpl.java:834)
	at org.apache.ratis.thirdparty.io.grpc.internal.ContextRunnable.run(ContextRunnable.java:37)
	at org.apache.ratis.thirdparty.io.grpc.internal.SerializingExecutor.run(SerializingExecutor.java:133)
	at java.util.concurrent.ThreadPoolExecutor.runWorker(ThreadPoolExecutor.java:1149)
	at java.util.concurrent.ThreadPoolExecutor$Worker.run(ThreadPoolExecutor.java:624)
	at java.lang.Thread.run(Thread.java:750)
Caused by: org.apache.ratis.protocol.exceptions.GroupMismatchException: 4fb9f1f7-4e3b-4bcf-a7e7-c7ddcac09d11: group-D4D495DF8B74 not found.
	at org.apache.ratis.server.impl.RaftServerProxy$ImplMap.get(RaftServerProxy.java:150)
	at org.apache.ratis.server.impl.RaftServerProxy.getImplFuture(RaftServerProxy.java:351)
	at org.apache.ratis.server.impl.RaftServerProxy.appendEntriesAsync(RaftServerProxy.java:629)
	... 13 more
2023-04-22 02:19:07,200 [grpc-default-executor-4] WARN  server.GrpcLogAppender (LogUtils.java:warn(124)) - 6aaf5ca8-0737-4296-ba95-7f0e9402c55b@group-D4D495DF8B74->4fb9f1f7-4e3b-4bcf-a7e7-c7ddcac09d11-AppendLogResponseHandler: Failed appendEntries
org.apache.ratis.protocol.exceptions.GroupMismatchException: 4fb9f1f7-4e3b-4bcf-a7e7-c7ddcac09d11: group-D4D495DF8B74 not found.
	at org.apache.ratis.server.impl.RaftServerProxy$ImplMap.get(RaftServerProxy.java:150)
	at org.apache.ratis.server.impl.RaftServerProxy.getImplFuture(RaftServerProxy.java:351)
	at org.apache.ratis.server.impl.RaftServerProxy.appendEntriesAsync(RaftServerProxy.java:629)
	at org.apache.ratis.grpc.server.GrpcServerProtocolService$1.process(GrpcServerProtocolService.java:205)
	at org.apache.ratis.grpc.server.GrpcServerProtocolService$1.process(GrpcServerProtocolService.java:202)
	at org.apache.ratis.grpc.server.GrpcServerProtocolService$ServerRequestStreamObserver.onNext(GrpcServerProtocolService.java:124)
	at org.apache.ratis.thirdparty.io.grpc.stub.ServerCalls$StreamingServerCallHandler$StreamingServerCallListener.onMessage(ServerCalls.java:262)
	at org.apache.ratis.thirdparty.io.grpc.ForwardingServerCallListener.onMessage(ForwardingServerCallListener.java:33)
	at org.apache.ratis.thirdparty.io.grpc.internal.ServerCallImpl$ServerStreamListenerImpl.messagesAvailableInternal(ServerCallImpl.java:332)
	at org.apache.ratis.thirdparty.io.grpc.internal.ServerCallImpl$ServerStreamListenerImpl.messagesAvailable(ServerCallImpl.java:315)
	at org.apache.ratis.thirdparty.io.grpc.internal.ServerImpl$JumpToApplicationThreadServerStreamListener$1MessagesAvailable.runInContext(ServerImpl.java:834)
	at org.apache.ratis.thirdparty.io.grpc.internal.ContextRunnable.run(ContextRunnable.java:37)
	at org.apache.ratis.thirdparty.io.grpc.internal.SerializingExecutor.run(SerializingExecutor.java:133)
	at java.util.concurrent.ThreadPoolExecutor.runWorker(ThreadPoolExecutor.java:1149)
	at java.util.concurrent.ThreadPoolExecutor$Worker.run(ThreadPoolExecutor.java:624)
	at java.lang.Thread.run(Thread.java:750)
2023-04-22 02:19:07,200 [grpc-default-executor-4] INFO  leader.FollowerInfo (FollowerInfoImpl.java:lambda$new$0(48)) - 6aaf5ca8-0737-4296-ba95-7f0e9402c55b@group-D4D495DF8B74->4fb9f1f7-4e3b-4bcf-a7e7-c7ddcac09d11: nextIndex: updateUnconditionally 1 -> 0
2023-04-22 02:19:07,218 [IPC Server handler 7 on default port 45983] INFO  ha.SequenceIdGenerator (SequenceIdGenerator.java:getNextId(128)) - Allocate a batch for delTxnId, change lastId from 0 to 1000.
2023-04-22 02:19:07,384 [FixedThreadPoolWithAffinityExecutor-0-0] WARN  container.ContainerReportHandler (AbstractContainerReportHandler.java:updateContainerState(259)) - Container #1 is in OPEN state, but the datanode 44aa5787-a9ca-4d27-a88e-9069c8f4547b(fv-az443-428.ap2fcshprsnunfx25e1aelzb4b.cx.internal.cloudapp.net/10.1.0.20) reports an QUASI_CLOSED replica.
2023-04-22 02:19:07,384 [FixedThreadPoolWithAffinityExecutor-9-0] WARN  container.ContainerReportHandler (AbstractContainerReportHandler.java:updateContainerState(259)) - Container #1 is in OPEN state, but the datanode 6aaf5ca8-0737-4296-ba95-7f0e9402c55b(fv-az443-428.ap2fcshprsnunfx25e1aelzb4b.cx.internal.cloudapp.net/10.1.0.20) reports an QUASI_CLOSED replica.
2023-04-22 02:19:07,488 [FixedThreadPoolWithAffinityExecutor-9-0] WARN  container.ContainerReportHandler (AbstractContainerReportHandler.java:updateContainerState(259)) - Container #4 is in OPEN state, but the datanode ffe33985-86ac-4dba-9cf7-e9d9be1914b9(fv-az443-428.ap2fcshprsnunfx25e1aelzb4b.cx.internal.cloudapp.net/10.1.0.20) reports an CLOSED replica.
2023-04-22 02:19:07,584 [FixedThreadPoolWithAffinityExecutor-0-0] WARN  container.ContainerReportHandler (AbstractContainerReportHandler.java:updateContainerState(259)) - Container #1 is in OPEN state, but the datanode 44aa5787-a9ca-4d27-a88e-9069c8f4547b(fv-az443-428.ap2fcshprsnunfx25e1aelzb4b.cx.internal.cloudapp.net/10.1.0.20) reports an QUASI_CLOSED replica.
2023-04-22 02:19:07,784 [FixedThreadPoolWithAffinityExecutor-9-0] WARN  container.ContainerReportHandler (AbstractContainerReportHandler.java:updateContainerState(259)) - Container #1 is in OPEN state, but the datanode 6aaf5ca8-0737-4296-ba95-7f0e9402c55b(fv-az443-428.ap2fcshprsnunfx25e1aelzb4b.cx.internal.cloudapp.net/10.1.0.20) reports an QUASI_CLOSED replica.
2023-04-22 02:19:07,826 [timer5] WARN  server.GrpcLogAppender (GrpcLogAppender.java:timeoutAppendRequest(314)) - b7c32ab9-1d10-40a2-8298-2f54da75b521@group-E7D3625E2A84->1fa0605c-c70f-40a8-a13c-0f797dcff94f-GrpcLogAppender: HEARTBEAT appendEntries Timeout, request=AppendEntriesRequest:cid=8078850,entriesCount=0,lastEntry=null
2023-04-22 02:19:07,888 [FixedThreadPoolWithAffinityExecutor-9-0] WARN  container.ContainerReportHandler (AbstractContainerReportHandler.java:updateContainerState(259)) - Container #4 is in OPEN state, but the datanode ffe33985-86ac-4dba-9cf7-e9d9be1914b9(fv-az443-428.ap2fcshprsnunfx25e1aelzb4b.cx.internal.cloudapp.net/10.1.0.20) reports an CLOSED replica.
2023-04-22 02:19:07,983 [FixedThreadPoolWithAffinityExecutor-0-0] WARN  container.ContainerReportHandler (AbstractContainerReportHandler.java:updateContainerState(259)) - Container #1 is in OPEN state, but the datanode 44aa5787-a9ca-4d27-a88e-9069c8f4547b(fv-az443-428.ap2fcshprsnunfx25e1aelzb4b.cx.internal.cloudapp.net/10.1.0.20) reports an QUASI_CLOSED replica.
2023-04-22 02:19:08,078 [grpc-default-executor-5] WARN  server.GrpcServerProtocolService (LogUtils.java:warn(124)) - 4fb9f1f7-4e3b-4bcf-a7e7-c7ddcac09d11: Failed APPEND_ENTRIES request 6aaf5ca8-0737-4296-ba95-7f0e9402c55b->4fb9f1f7-4e3b-4bcf-a7e7-c7ddcac09d11#13-t2,previous=(t:1, i:0),leaderCommit=1,initializing? true,entries: size=1, first=(t:2, i:1), CONFIGURATIONENTRY(current:id: "6aaf5ca8-0737-4296-ba95-7f0e9402c55b"
address: "10.1.0.20:37225"
dataStreamAddress: "10.1.0.20:33711"
clientAddress: "10.1.0.20:37225"
adminAddress: "10.1.0.20:37225"
startupRole: FOLLOWER
,id: "4fb9f1f7-4e3b-4bcf-a7e7-c7ddcac09d11"
address: "10.1.0.20:44181"
priority: 1
dataStreamAddress: "10.1.0.20:37741"
clientAddress: "10.1.0.20:44181"
adminAddress: "10.1.0.20:44181"
startupRole: FOLLOWER
,id: "44aa5787-a9ca-4d27-a88e-9069c8f4547b"
address: "10.1.0.20:46431"
dataStreamAddress: "10.1.0.20:44789"
clientAddress: "10.1.0.20:46431"
adminAddress: "10.1.0.20:46431"
startupRole: FOLLOWER
, old:)
java.util.concurrent.CompletionException: org.apache.ratis.protocol.exceptions.GroupMismatchException: 4fb9f1f7-4e3b-4bcf-a7e7-c7ddcac09d11: group-D97743807C2E not found.
	at java.util.concurrent.CompletableFuture.encodeThrowable(CompletableFuture.java:292)
	at java.util.concurrent.CompletableFuture.uniComposeStage(CompletableFuture.java:989)
	at java.util.concurrent.CompletableFuture.thenCompose(CompletableFuture.java:2137)
	at org.apache.ratis.server.impl.RaftServerProxy.appendEntriesAsync(RaftServerProxy.java:630)
	at org.apache.ratis.grpc.server.GrpcServerProtocolService$1.process(GrpcServerProtocolService.java:205)
	at org.apache.ratis.grpc.server.GrpcServerProtocolService$1.process(GrpcServerProtocolService.java:202)
	at org.apache.ratis.grpc.server.GrpcServerProtocolService$ServerRequestStreamObserver.onNext(GrpcServerProtocolService.java:124)
	at org.apache.ratis.thirdparty.io.grpc.stub.ServerCalls$StreamingServerCallHandler$StreamingServerCallListener.onMessage(ServerCalls.java:262)
	at org.apache.ratis.thirdparty.io.grpc.ForwardingServerCallListener.onMessage(ForwardingServerCallListener.java:33)
	at org.apache.ratis.thirdparty.io.grpc.internal.ServerCallImpl$ServerStreamListenerImpl.messagesAvailableInternal(ServerCallImpl.java:332)
	at org.apache.ratis.thirdparty.io.grpc.internal.ServerCallImpl$ServerStreamListenerImpl.messagesAvailable(ServerCallImpl.java:315)
	at org.apache.ratis.thirdparty.io.grpc.internal.ServerImpl$JumpToApplicationThreadServerStreamListener$1MessagesAvailable.runInContext(ServerImpl.java:834)
	at org.apache.ratis.thirdparty.io.grpc.internal.ContextRunnable.run(ContextRunnable.java:37)
	at org.apache.ratis.thirdparty.io.grpc.internal.SerializingExecutor.run(SerializingExecutor.java:133)
	at java.util.concurrent.ThreadPoolExecutor.runWorker(ThreadPoolExecutor.java:1149)
	at java.util.concurrent.ThreadPoolExecutor$Worker.run(ThreadPoolExecutor.java:624)
	at java.lang.Thread.run(Thread.java:750)
Caused by: org.apache.ratis.protocol.exceptions.GroupMismatchException: 4fb9f1f7-4e3b-4bcf-a7e7-c7ddcac09d11: group-D97743807C2E not found.
	at org.apache.ratis.server.impl.RaftServerProxy$ImplMap.get(RaftServerProxy.java:150)
	at org.apache.ratis.server.impl.RaftServerProxy.getImplFuture(RaftServerProxy.java:351)
	at org.apache.ratis.server.impl.RaftServerProxy.appendEntriesAsync(RaftServerProxy.java:629)
	... 13 more
2023-04-22 02:19:08,080 [grpc-default-executor-5] WARN  server.GrpcLogAppender (LogUtils.java:warn(124)) - 6aaf5ca8-0737-4296-ba95-7f0e9402c55b@group-D97743807C2E->4fb9f1f7-4e3b-4bcf-a7e7-c7ddcac09d11-AppendLogResponseHandler: Failed appendEntries
org.apache.ratis.protocol.exceptions.GroupMismatchException: 4fb9f1f7-4e3b-4bcf-a7e7-c7ddcac09d11: group-D97743807C2E not found.
	at org.apache.ratis.server.impl.RaftServerProxy$ImplMap.get(RaftServerProxy.java:150)
	at org.apache.ratis.server.impl.RaftServerProxy.getImplFuture(RaftServerProxy.java:351)
	at org.apache.ratis.server.impl.RaftServerProxy.appendEntriesAsync(RaftServerProxy.java:629)
	at org.apache.ratis.grpc.server.GrpcServerProtocolService$1.process(GrpcServerProtocolService.java:205)
	at org.apache.ratis.grpc.server.GrpcServerProtocolService$1.process(GrpcServerProtocolService.java:202)
	at org.apache.ratis.grpc.server.GrpcServerProtocolService$ServerRequestStreamObserver.onNext(GrpcServerProtocolService.java:124)
	at org.apache.ratis.thirdparty.io.grpc.stub.ServerCalls$StreamingServerCallHandler$StreamingServerCallListener.onMessage(ServerCalls.java:262)
	at org.apache.ratis.thirdparty.io.grpc.ForwardingServerCallListener.onMessage(ForwardingServerCallListener.java:33)
	at org.apache.ratis.thirdparty.io.grpc.internal.ServerCallImpl$ServerStreamListenerImpl.messagesAvailableInternal(ServerCallImpl.java:332)
	at org.apache.ratis.thirdparty.io.grpc.internal.ServerCallImpl$ServerStreamListenerImpl.messagesAvailable(ServerCallImpl.java:315)
	at org.apache.ratis.thirdparty.io.grpc.internal.ServerImpl$JumpToApplicationThreadServerStreamListener$1MessagesAvailable.runInContext(ServerImpl.java:834)
	at org.apache.ratis.thirdparty.io.grpc.internal.ContextRunnable.run(ContextRunnable.java:37)
	at org.apache.ratis.thirdparty.io.grpc.internal.SerializingExecutor.run(SerializingExecutor.java:133)
	at java.util.concurrent.ThreadPoolExecutor.runWorker(ThreadPoolExecutor.java:1149)
	at java.util.concurrent.ThreadPoolExecutor$Worker.run(ThreadPoolExecutor.java:624)
	at java.lang.Thread.run(Thread.java:750)
2023-04-22 02:19:08,080 [grpc-default-executor-5] INFO  leader.FollowerInfo (FollowerInfoImpl.java:lambda$new$0(48)) - 6aaf5ca8-0737-4296-ba95-7f0e9402c55b@group-D97743807C2E->4fb9f1f7-4e3b-4bcf-a7e7-c7ddcac09d11: nextIndex: updateUnconditionally 2 -> 1
2023-04-22 02:19:08,088 [FixedThreadPoolWithAffinityExecutor-9-0] WARN  container.ContainerReportHandler (AbstractContainerReportHandler.java:updateContainerState(259)) - Container #4 is in OPEN state, but the datanode ffe33985-86ac-4dba-9cf7-e9d9be1914b9(fv-az443-428.ap2fcshprsnunfx25e1aelzb4b.cx.internal.cloudapp.net/10.1.0.20) reports an CLOSED replica.
2023-04-22 02:19:08,184 [FixedThreadPoolWithAffinityExecutor-0-0] WARN  container.ContainerReportHandler (AbstractContainerReportHandler.java:updateContainerState(259)) - Container #1 is in OPEN state, but the datanode 44aa5787-a9ca-4d27-a88e-9069c8f4547b(fv-az443-428.ap2fcshprsnunfx25e1aelzb4b.cx.internal.cloudapp.net/10.1.0.20) reports an QUASI_CLOSED replica.
2023-04-22 02:19:08,184 [FixedThreadPoolWithAffinityExecutor-9-0] WARN  container.ContainerReportHandler (AbstractContainerReportHandler.java:updateContainerState(259)) - Container #1 is in OPEN state, but the datanode 6aaf5ca8-0737-4296-ba95-7f0e9402c55b(fv-az443-428.ap2fcshprsnunfx25e1aelzb4b.cx.internal.cloudapp.net/10.1.0.20) reports an QUASI_CLOSED replica.
2023-04-22 02:19:08,274 [FixedThreadPoolWithAffinityExecutor-0-0] WARN  container.ContainerReportHandler (AbstractContainerReportHandler.java:updateContainerState(259)) - Container #1 is in OPEN state, but the datanode 4fb9f1f7-4e3b-4bcf-a7e7-c7ddcac09d11(fv-az443-428.ap2fcshprsnunfx25e1aelzb4b.cx.internal.cloudapp.net/10.1.0.20) reports an QUASI_CLOSED replica.
2023-04-22 02:19:08,384 [FixedThreadPoolWithAffinityExecutor-0-0] WARN  container.ContainerReportHandler (AbstractContainerReportHandler.java:updateContainerState(259)) - Container #1 is in OPEN state, but the datanode 44aa5787-a9ca-4d27-a88e-9069c8f4547b(fv-az443-428.ap2fcshprsnunfx25e1aelzb4b.cx.internal.cloudapp.net/10.1.0.20) reports an QUASI_CLOSED replica.
2023-04-22 02:19:08,446 [grpc-default-executor-5] WARN  server.GrpcServerProtocolService (LogUtils.java:warn(124)) - 4fb9f1f7-4e3b-4bcf-a7e7-c7ddcac09d11: Failed APPEND_ENTRIES request 6aaf5ca8-0737-4296-ba95-7f0e9402c55b->4fb9f1f7-4e3b-4bcf-a7e7-c7ddcac09d11#269-t1,previous=(t:0, i:0),leaderCommit=1,initializing? true,entries: size=1, first=(t:1, i:0), CONFIGURATIONENTRY(current:id: "6aaf5ca8-0737-4296-ba95-7f0e9402c55b"
address: "10.1.0.20:37225"
priority: 1
dataStreamAddress: "10.1.0.20:33711"
clientAddress: "10.1.0.20:37225"
adminAddress: "10.1.0.20:37225"
startupRole: FOLLOWER
,id: "4fb9f1f7-4e3b-4bcf-a7e7-c7ddcac09d11"
address: "10.1.0.20:44181"
dataStreamAddress: "10.1.0.20:37741"
clientAddress: "10.1.0.20:44181"
adminAddress: "10.1.0.20:44181"
startupRole: FOLLOWER
,id: "44aa5787-a9ca-4d27-a88e-9069c8f4547b"
address: "10.1.0.20:46431"
dataStreamAddress: "10.1.0.20:44789"
clientAddress: "10.1.0.20:46431"
adminAddress: "10.1.0.20:46431"
startupRole: FOLLOWER
, old:)
java.util.concurrent.CompletionException: org.apache.ratis.protocol.exceptions.GroupMismatchException: 4fb9f1f7-4e3b-4bcf-a7e7-c7ddcac09d11: group-D4D495DF8B74 not found.
	at java.util.concurrent.CompletableFuture.encodeThrowable(CompletableFuture.java:292)
	at java.util.concurrent.CompletableFuture.uniComposeStage(CompletableFuture.java:989)
	at java.util.concurrent.CompletableFuture.thenCompose(CompletableFuture.java:2137)
	at org.apache.ratis.server.impl.RaftServerProxy.appendEntriesAsync(RaftServerProxy.java:630)
	at org.apache.ratis.grpc.server.GrpcServerProtocolService$1.process(GrpcServerProtocolService.java:205)
	at org.apache.ratis.grpc.server.GrpcServerProtocolService$1.process(GrpcServerProtocolService.java:202)
	at org.apache.ratis.grpc.server.GrpcServerProtocolService$ServerRequestStreamObserver.onNext(GrpcServerProtocolService.java:124)
	at org.apache.ratis.thirdparty.io.grpc.stub.ServerCalls$StreamingServerCallHandler$StreamingServerCallListener.onMessage(ServerCalls.java:262)
	at org.apache.ratis.thirdparty.io.grpc.ForwardingServerCallListener.onMessage(ForwardingServerCallListener.java:33)
	at org.apache.ratis.thirdparty.io.grpc.internal.ServerCallImpl$ServerStreamListenerImpl.messagesAvailableInternal(ServerCallImpl.java:332)
	at org.apache.ratis.thirdparty.io.grpc.internal.ServerCallImpl$ServerStreamListenerImpl.messagesAvailable(ServerCallImpl.java:315)
	at org.apache.ratis.thirdparty.io.grpc.internal.ServerImpl$JumpToApplicationThreadServerStreamListener$1MessagesAvailable.runInContext(ServerImpl.java:834)
	at org.apache.ratis.thirdparty.io.grpc.internal.ContextRunnable.run(ContextRunnable.java:37)
	at org.apache.ratis.thirdparty.io.grpc.internal.SerializingExecutor.run(SerializingExecutor.java:133)
	at java.util.concurrent.ThreadPoolExecutor.runWorker(ThreadPoolExecutor.java:1149)
	at java.util.concurrent.ThreadPoolExecutor$Worker.run(ThreadPoolExecutor.java:624)
	at java.lang.Thread.run(Thread.java:750)
Caused by: org.apache.ratis.protocol.exceptions.GroupMismatchException: 4fb9f1f7-4e3b-4bcf-a7e7-c7ddcac09d11: group-D4D495DF8B74 not found.
	at org.apache.ratis.server.impl.RaftServerProxy$ImplMap.get(RaftServerProxy.java:150)
	at org.apache.ratis.server.impl.RaftServerProxy.getImplFuture(RaftServerProxy.java:351)
	at org.apache.ratis.server.impl.RaftServerProxy.appendEntriesAsync(RaftServerProxy.java:629)
	... 13 more
2023-04-22 02:19:08,449 [grpc-default-executor-1] WARN  server.GrpcLogAppender (LogUtils.java:warn(124)) - 6aaf5ca8-0737-4296-ba95-7f0e9402c55b@group-D4D495DF8B74->4fb9f1f7-4e3b-4bcf-a7e7-c7ddcac09d11-AppendLogResponseHandler: Failed appendEntries
org.apache.ratis.protocol.exceptions.GroupMismatchException: 4fb9f1f7-4e3b-4bcf-a7e7-c7ddcac09d11: group-D4D495DF8B74 not found.
	at org.apache.ratis.server.impl.RaftServerProxy$ImplMap.get(RaftServerProxy.java:150)
	at org.apache.ratis.server.impl.RaftServerProxy.getImplFuture(RaftServerProxy.java:351)
	at org.apache.ratis.server.impl.RaftServerProxy.appendEntriesAsync(RaftServerProxy.java:629)
	at org.apache.ratis.grpc.server.GrpcServerProtocolService$1.process(GrpcServerProtocolService.java:205)
	at org.apache.ratis.grpc.server.GrpcServerProtocolService$1.process(GrpcServerProtocolService.java:202)
	at org.apache.ratis.grpc.server.GrpcServerProtocolService$ServerRequestStreamObserver.onNext(GrpcServerProtocolService.java:124)
	at org.apache.ratis.thirdparty.io.grpc.stub.ServerCalls$StreamingServerCallHandler$StreamingServerCallListener.onMessage(ServerCalls.java:262)
	at org.apache.ratis.thirdparty.io.grpc.ForwardingServerCallListener.onMessage(ForwardingServerCallListener.java:33)
	at org.apache.ratis.thirdparty.io.grpc.internal.ServerCallImpl$ServerStreamListenerImpl.messagesAvailableInternal(ServerCallImpl.java:332)
	at org.apache.ratis.thirdparty.io.grpc.internal.ServerCallImpl$ServerStreamListenerImpl.messagesAvailable(ServerCallImpl.java:315)
	at org.apache.ratis.thirdparty.io.grpc.internal.ServerImpl$JumpToApplicationThreadServerStreamListener$1MessagesAvailable.runInContext(ServerImpl.java:834)
	at org.apache.ratis.thirdparty.io.grpc.internal.ContextRunnable.run(ContextRunnable.java:37)
	at org.apache.ratis.thirdparty.io.grpc.internal.SerializingExecutor.run(SerializingExecutor.java:133)
	at java.util.concurrent.ThreadPoolExecutor.runWorker(ThreadPoolExecutor.java:1149)
	at java.util.concurrent.ThreadPoolExecutor$Worker.run(ThreadPoolExecutor.java:624)
	at java.lang.Thread.run(Thread.java:750)
2023-04-22 02:19:08,449 [grpc-default-executor-1] INFO  leader.FollowerInfo (FollowerInfoImpl.java:lambda$new$0(48)) - 6aaf5ca8-0737-4296-ba95-7f0e9402c55b@group-D4D495DF8B74->4fb9f1f7-4e3b-4bcf-a7e7-c7ddcac09d11: nextIndex: updateUnconditionally 1 -> 0
2023-04-22 02:19:08,473 [FixedThreadPoolWithAffinityExecutor-0-0] WARN  container.ContainerReportHandler (AbstractContainerReportHandler.java:updateContainerState(259)) - Container #1 is in OPEN state, but the datanode 4fb9f1f7-4e3b-4bcf-a7e7-c7ddcac09d11(fv-az443-428.ap2fcshprsnunfx25e1aelzb4b.cx.internal.cloudapp.net/10.1.0.20) reports an QUASI_CLOSED replica.
2023-04-22 02:19:08,487 [FixedThreadPoolWithAffinityExecutor-9-0] WARN  container.ContainerReportHandler (AbstractContainerReportHandler.java:updateContainerState(259)) - Container #4 is in OPEN state, but the datanode ffe33985-86ac-4dba-9cf7-e9d9be1914b9(fv-az443-428.ap2fcshprsnunfx25e1aelzb4b.cx.internal.cloudapp.net/10.1.0.20) reports an CLOSED replica.
2023-04-22 02:19:08,584 [FixedThreadPoolWithAffinityExecutor-9-0] WARN  container.ContainerReportHandler (AbstractContainerReportHandler.java:updateContainerState(259)) - Container #1 is in OPEN state, but the datanode 6aaf5ca8-0737-4296-ba95-7f0e9402c55b(fv-az443-428.ap2fcshprsnunfx25e1aelzb4b.cx.internal.cloudapp.net/10.1.0.20) reports an QUASI_CLOSED replica.
2023-04-22 02:19:08,584 [FixedThreadPoolWithAffinityExecutor-0-0] WARN  container.ContainerReportHandler (AbstractContainerReportHandler.java:updateContainerState(259)) - Container #1 is in OPEN state, but the datanode 44aa5787-a9ca-4d27-a88e-9069c8f4547b(fv-az443-428.ap2fcshprsnunfx25e1aelzb4b.cx.internal.cloudapp.net/10.1.0.20) reports an QUASI_CLOSED replica.
2023-04-22 02:19:08,673 [FixedThreadPoolWithAffinityExecutor-0-0] WARN  container.ContainerReportHandler (AbstractContainerReportHandler.java:updateContainerState(259)) - Container #1 is in OPEN state, but the datanode 4fb9f1f7-4e3b-4bcf-a7e7-c7ddcac09d11(fv-az443-428.ap2fcshprsnunfx25e1aelzb4b.cx.internal.cloudapp.net/10.1.0.20) reports an QUASI_CLOSED replica.
2023-04-22 02:19:08,787 [FixedThreadPoolWithAffinityExecutor-9-0] WARN  container.ContainerReportHandler (AbstractContainerReportHandler.java:updateContainerState(259)) - Container #1 is in OPEN state, but the datanode 6aaf5ca8-0737-4296-ba95-7f0e9402c55b(fv-az443-428.ap2fcshprsnunfx25e1aelzb4b.cx.internal.cloudapp.net/10.1.0.20) reports an QUASI_CLOSED replica.
2023-04-22 02:19:08,873 [FixedThreadPoolWithAffinityExecutor-0-0] WARN  container.ContainerReportHandler (AbstractContainerReportHandler.java:updateContainerState(259)) - Container #1 is in OPEN state, but the datanode 4fb9f1f7-4e3b-4bcf-a7e7-c7ddcac09d11(fv-az443-428.ap2fcshprsnunfx25e1aelzb4b.cx.internal.cloudapp.net/10.1.0.20) reports an QUASI_CLOSED replica.
2023-04-22 02:19:08,887 [FixedThreadPoolWithAffinityExecutor-9-0] WARN  container.ContainerReportHandler (AbstractContainerReportHandler.java:updateContainerState(259)) - Container #4 is in OPEN state, but the datanode ffe33985-86ac-4dba-9cf7-e9d9be1914b9(fv-az443-428.ap2fcshprsnunfx25e1aelzb4b.cx.internal.cloudapp.net/10.1.0.20) reports an CLOSED replica.
2023-04-22 02:19:08,987 [FixedThreadPoolWithAffinityExecutor-0-0] WARN  container.ContainerReportHandler (AbstractContainerReportHandler.java:updateContainerState(259)) - Container #1 is in OPEN state, but the datanode 44aa5787-a9ca-4d27-a88e-9069c8f4547b(fv-az443-428.ap2fcshprsnunfx25e1aelzb4b.cx.internal.cloudapp.net/10.1.0.20) reports an QUASI_CLOSED replica.
2023-04-22 02:19:09,072 [FixedThreadPoolWithAffinityExecutor-0-0] WARN  container.ContainerReportHandler (AbstractContainerReportHandler.java:updateContainerState(259)) - Container #1 is in OPEN state, but the datanode 4fb9f1f7-4e3b-4bcf-a7e7-c7ddcac09d11(fv-az443-428.ap2fcshprsnunfx25e1aelzb4b.cx.internal.cloudapp.net/10.1.0.20) reports an QUASI_CLOSED replica.
2023-04-22 02:19:09,076 [timer4] WARN  server.GrpcLogAppender (GrpcLogAppender.java:timeoutAppendRequest(314)) - b7c32ab9-1d10-40a2-8298-2f54da75b521@group-E7D3625E2A84->1fa0605c-c70f-40a8-a13c-0f797dcff94f-GrpcLogAppender: HEARTBEAT appendEntries Timeout, request=AppendEntriesRequest:cid=8078851,entriesCount=0,lastEntry=null
2023-04-22 02:19:09,088 [FixedThreadPoolWithAffinityExecutor-9-0] WARN  container.ContainerReportHandler (AbstractContainerReportHandler.java:updateContainerState(259)) - Container #4 is in OPEN state, but the datanode ffe33985-86ac-4dba-9cf7-e9d9be1914b9(fv-az443-428.ap2fcshprsnunfx25e1aelzb4b.cx.internal.cloudapp.net/10.1.0.20) reports an CLOSED replica.
2023-04-22 02:19:09,186 [FixedThreadPoolWithAffinityExecutor-9-0] WARN  container.ContainerReportHandler (AbstractContainerReportHandler.java:updateContainerState(259)) - Container #1 is in OPEN state, but the datanode 6aaf5ca8-0737-4296-ba95-7f0e9402c55b(fv-az443-428.ap2fcshprsnunfx25e1aelzb4b.cx.internal.cloudapp.net/10.1.0.20) reports an QUASI_CLOSED replica.
2023-04-22 02:19:09,187 [FixedThreadPoolWithAffinityExecutor-0-0] WARN  container.ContainerReportHandler (AbstractContainerReportHandler.java:updateContainerState(259)) - Container #1 is in OPEN state, but the datanode 44aa5787-a9ca-4d27-a88e-9069c8f4547b(fv-az443-428.ap2fcshprsnunfx25e1aelzb4b.cx.internal.cloudapp.net/10.1.0.20) reports an QUASI_CLOSED replica.
2023-04-22 02:19:09,274 [FixedThreadPoolWithAffinityExecutor-0-0] WARN  container.ContainerReportHandler (AbstractContainerReportHandler.java:updateContainerState(259)) - Container #1 is in OPEN state, but the datanode 4fb9f1f7-4e3b-4bcf-a7e7-c7ddcac09d11(fv-az443-428.ap2fcshprsnunfx25e1aelzb4b.cx.internal.cloudapp.net/10.1.0.20) reports an QUASI_CLOSED replica.
2023-04-22 02:19:09,314 [44aa5787-a9ca-4d27-a88e-9069c8f4547b@group-D97743807C2E-StateMachineUpdater] INFO  ratis.ContainerStateMachine (ContainerStateMachine.java:takeSnapshot(330)) - group-D97743807C2E: Taking a snapshot at:(t:2, i:6) file /home/runner/work/ozone/ozone/hadoop-ozone/integration-test/target/test-dir/MiniOzoneClusterImpl-b640deff-6994-498f-92ea-4ac5c972f0d8/datanode-1/data/ratis/49d433d1-3766-4605-956b-d97743807c2e/sm/snapshot.2_6
2023-04-22 02:19:09,317 [44aa5787-a9ca-4d27-a88e-9069c8f4547b@group-D97743807C2E-StateMachineUpdater] INFO  ratis.ContainerStateMachine (ContainerStateMachine.java:takeSnapshot(341)) - group-D97743807C2E: Finished taking a snapshot at:(t:2, i:6) file:/home/runner/work/ozone/ozone/hadoop-ozone/integration-test/target/test-dir/MiniOzoneClusterImpl-b640deff-6994-498f-92ea-4ac5c972f0d8/datanode-1/data/ratis/49d433d1-3766-4605-956b-d97743807c2e/sm/snapshot.2_6 took: 3 ms
2023-04-22 02:19:09,319 [44aa5787-a9ca-4d27-a88e-9069c8f4547b@group-D97743807C2E-StateMachineUpdater] INFO  impl.StateMachineUpdater (StateMachineUpdater.java:takeSnapshot(287)) - 44aa5787-a9ca-4d27-a88e-9069c8f4547b@group-D97743807C2E-StateMachineUpdater: Took a snapshot at index 6
2023-04-22 02:19:09,319 [44aa5787-a9ca-4d27-a88e-9069c8f4547b@group-D97743807C2E-StateMachineUpdater] INFO  impl.StateMachineUpdater (StateMachineUpdater.java:lambda$new$0(92)) - 44aa5787-a9ca-4d27-a88e-9069c8f4547b@group-D97743807C2E-StateMachineUpdater: snapshotIndex: updateIncreasingly 2 -> 6
2023-04-22 02:19:09,319 [grpc-default-executor-1] WARN  server.GrpcServerProtocolService (LogUtils.java:warn(124)) - 4fb9f1f7-4e3b-4bcf-a7e7-c7ddcac09d11: Failed APPEND_ENTRIES request 6aaf5ca8-0737-4296-ba95-7f0e9402c55b->4fb9f1f7-4e3b-4bcf-a7e7-c7ddcac09d11#14-t2,previous=(t:1, i:0),leaderCommit=1,initializing? true,entries: size=1, first=(t:2, i:1), CONFIGURATIONENTRY(current:id: "6aaf5ca8-0737-4296-ba95-7f0e9402c55b"
address: "10.1.0.20:37225"
dataStreamAddress: "10.1.0.20:33711"
clientAddress: "10.1.0.20:37225"
adminAddress: "10.1.0.20:37225"
startupRole: FOLLOWER
,id: "4fb9f1f7-4e3b-4bcf-a7e7-c7ddcac09d11"
address: "10.1.0.20:44181"
priority: 1
dataStreamAddress: "10.1.0.20:37741"
clientAddress: "10.1.0.20:44181"
adminAddress: "10.1.0.20:44181"
startupRole: FOLLOWER
,id: "44aa5787-a9ca-4d27-a88e-9069c8f4547b"
address: "10.1.0.20:46431"
dataStreamAddress: "10.1.0.20:44789"
clientAddress: "10.1.0.20:46431"
adminAddress: "10.1.0.20:46431"
startupRole: FOLLOWER
, old:)
java.util.concurrent.CompletionException: org.apache.ratis.protocol.exceptions.GroupMismatchException: 4fb9f1f7-4e3b-4bcf-a7e7-c7ddcac09d11: group-D97743807C2E not found.
	at java.util.concurrent.CompletableFuture.encodeThrowable(CompletableFuture.java:292)
	at java.util.concurrent.CompletableFuture.uniComposeStage(CompletableFuture.java:989)
	at java.util.concurrent.CompletableFuture.thenCompose(CompletableFuture.java:2137)
	at org.apache.ratis.server.impl.RaftServerProxy.appendEntriesAsync(RaftServerProxy.java:630)
	at org.apache.ratis.grpc.server.GrpcServerProtocolService$1.process(GrpcServerProtocolService.java:205)
	at org.apache.ratis.grpc.server.GrpcServerProtocolService$1.process(GrpcServerProtocolService.java:202)
	at org.apache.ratis.grpc.server.GrpcServerProtocolService$ServerRequestStreamObserver.onNext(GrpcServerProtocolService.java:124)
	at org.apache.ratis.thirdparty.io.grpc.stub.ServerCalls$StreamingServerCallHandler$StreamingServerCallListener.onMessage(ServerCalls.java:262)
	at org.apache.ratis.thirdparty.io.grpc.ForwardingServerCallListener.onMessage(ForwardingServerCallListener.java:33)
	at org.apache.ratis.thirdparty.io.grpc.internal.ServerCallImpl$ServerStreamListenerImpl.messagesAvailableInternal(ServerCallImpl.java:332)
	at org.apache.ratis.thirdparty.io.grpc.internal.ServerCallImpl$ServerStreamListenerImpl.messagesAvailable(ServerCallImpl.java:315)
	at org.apache.ratis.thirdparty.io.grpc.internal.ServerImpl$JumpToApplicationThreadServerStreamListener$1MessagesAvailable.runInContext(ServerImpl.java:834)
	at org.apache.ratis.thirdparty.io.grpc.internal.ContextRunnable.run(ContextRunnable.java:37)
	at org.apache.ratis.thirdparty.io.grpc.internal.SerializingExecutor.run(SerializingExecutor.java:133)
	at java.util.concurrent.ThreadPoolExecutor.runWorker(ThreadPoolExecutor.java:1149)
	at java.util.concurrent.ThreadPoolExecutor$Worker.run(ThreadPoolExecutor.java:624)
	at java.lang.Thread.run(Thread.java:750)
Caused by: org.apache.ratis.protocol.exceptions.GroupMismatchException: 4fb9f1f7-4e3b-4bcf-a7e7-c7ddcac09d11: group-D97743807C2E not found.
	at org.apache.ratis.server.impl.RaftServerProxy$ImplMap.get(RaftServerProxy.java:150)
	at org.apache.ratis.server.impl.RaftServerProxy.getImplFuture(RaftServerProxy.java:351)
	at org.apache.ratis.server.impl.RaftServerProxy.appendEntriesAsync(RaftServerProxy.java:629)
	... 13 more
2023-04-22 02:19:09,322 [grpc-default-executor-5] WARN  server.GrpcLogAppender (LogUtils.java:warn(124)) - 6aaf5ca8-0737-4296-ba95-7f0e9402c55b@group-D97743807C2E->4fb9f1f7-4e3b-4bcf-a7e7-c7ddcac09d11-AppendLogResponseHandler: Failed appendEntries
org.apache.ratis.protocol.exceptions.GroupMismatchException: 4fb9f1f7-4e3b-4bcf-a7e7-c7ddcac09d11: group-D97743807C2E not found.
	at org.apache.ratis.server.impl.RaftServerProxy$ImplMap.get(RaftServerProxy.java:150)
	at org.apache.ratis.server.impl.RaftServerProxy.getImplFuture(RaftServerProxy.java:351)
	at org.apache.ratis.server.impl.RaftServerProxy.appendEntriesAsync(RaftServerProxy.java:629)
	at org.apache.ratis.grpc.server.GrpcServerProtocolService$1.process(GrpcServerProtocolService.java:205)
	at org.apache.ratis.grpc.server.GrpcServerProtocolService$1.process(GrpcServerProtocolService.java:202)
	at org.apache.ratis.grpc.server.GrpcServerProtocolService$ServerRequestStreamObserver.onNext(GrpcServerProtocolService.java:124)
	at org.apache.ratis.thirdparty.io.grpc.stub.ServerCalls$StreamingServerCallHandler$StreamingServerCallListener.onMessage(ServerCalls.java:262)
	at org.apache.ratis.thirdparty.io.grpc.ForwardingServerCallListener.onMessage(ForwardingServerCallListener.java:33)
	at org.apache.ratis.thirdparty.io.grpc.internal.ServerCallImpl$ServerStreamListenerImpl.messagesAvailableInternal(ServerCallImpl.java:332)
	at org.apache.ratis.thirdparty.io.grpc.internal.ServerCallImpl$ServerStreamListenerImpl.messagesAvailable(ServerCallImpl.java:315)
	at org.apache.ratis.thirdparty.io.grpc.internal.ServerImpl$JumpToApplicationThreadServerStreamListener$1MessagesAvailable.runInContext(ServerImpl.java:834)
	at org.apache.ratis.thirdparty.io.grpc.internal.ContextRunnable.run(ContextRunnable.java:37)
	at org.apache.ratis.thirdparty.io.grpc.internal.SerializingExecutor.run(SerializingExecutor.java:133)
	at java.util.concurrent.ThreadPoolExecutor.runWorker(ThreadPoolExecutor.java:1149)
	at java.util.concurrent.ThreadPoolExecutor$Worker.run(ThreadPoolExecutor.java:624)
	at java.lang.Thread.run(Thread.java:750)
2023-04-22 02:19:09,322 [grpc-default-executor-5] INFO  leader.FollowerInfo (FollowerInfoImpl.java:lambda$new$0(48)) - 6aaf5ca8-0737-4296-ba95-7f0e9402c55b@group-D97743807C2E->4fb9f1f7-4e3b-4bcf-a7e7-c7ddcac09d11: nextIndex: updateUnconditionally 2 -> 1
2023-04-22 02:19:09,387 [FixedThreadPoolWithAffinityExecutor-0-0] WARN  container.ContainerReportHandler (AbstractContainerReportHandler.java:updateContainerState(259)) - Container #1 is in OPEN state, but the datanode 44aa5787-a9ca-4d27-a88e-9069c8f4547b(fv-az443-428.ap2fcshprsnunfx25e1aelzb4b.cx.internal.cloudapp.net/10.1.0.20) reports an QUASI_CLOSED replica.
2023-04-22 02:19:09,473 [FixedThreadPoolWithAffinityExecutor-0-0] WARN  container.ContainerReportHandler (AbstractContainerReportHandler.java:updateContainerState(259)) - Container #1 is in OPEN state, but the datanode 4fb9f1f7-4e3b-4bcf-a7e7-c7ddcac09d11(fv-az443-428.ap2fcshprsnunfx25e1aelzb4b.cx.internal.cloudapp.net/10.1.0.20) reports an QUASI_CLOSED replica.
2023-04-22 02:19:09,490 [FixedThreadPoolWithAffinityExecutor-9-0] WARN  container.ContainerReportHandler (AbstractContainerReportHandler.java:updateContainerState(259)) - Container #4 is in OPEN state, but the datanode ffe33985-86ac-4dba-9cf7-e9d9be1914b9(fv-az443-428.ap2fcshprsnunfx25e1aelzb4b.cx.internal.cloudapp.net/10.1.0.20) reports an CLOSED replica.
2023-04-22 02:19:09,583 [FixedThreadPoolWithAffinityExecutor-9-0] WARN  container.ContainerReportHandler (AbstractContainerReportHandler.java:updateContainerState(259)) - Container #1 is in OPEN state, but the datanode 6aaf5ca8-0737-4296-ba95-7f0e9402c55b(fv-az443-428.ap2fcshprsnunfx25e1aelzb4b.cx.internal.cloudapp.net/10.1.0.20) reports an QUASI_CLOSED replica.
2023-04-22 02:19:09,586 [FixedThreadPoolWithAffinityExecutor-0-0] WARN  container.ContainerReportHandler (AbstractContainerReportHandler.java:updateContainerState(259)) - Container #1 is in OPEN state, but the datanode 44aa5787-a9ca-4d27-a88e-9069c8f4547b(fv-az443-428.ap2fcshprsnunfx25e1aelzb4b.cx.internal.cloudapp.net/10.1.0.20) reports an QUASI_CLOSED replica.
2023-04-22 02:19:09,674 [FixedThreadPoolWithAffinityExecutor-0-0] WARN  container.ContainerReportHandler (AbstractContainerReportHandler.java:updateContainerState(259)) - Container #1 is in OPEN state, but the datanode 4fb9f1f7-4e3b-4bcf-a7e7-c7ddcac09d11(fv-az443-428.ap2fcshprsnunfx25e1aelzb4b.cx.internal.cloudapp.net/10.1.0.20) reports an QUASI_CLOSED replica.
2023-04-22 02:19:09,689 [FixedThreadPoolWithAffinityExecutor-9-0] WARN  container.ContainerReportHandler (AbstractContainerReportHandler.java:updateContainerState(259)) - Container #4 is in OPEN state, but the datanode ffe33985-86ac-4dba-9cf7-e9d9be1914b9(fv-az443-428.ap2fcshprsnunfx25e1aelzb4b.cx.internal.cloudapp.net/10.1.0.20) reports an CLOSED replica.
2023-04-22 02:19:09,697 [grpc-default-executor-2] WARN  server.GrpcServerProtocolService (LogUtils.java:warn(124)) - 4fb9f1f7-4e3b-4bcf-a7e7-c7ddcac09d11: Failed APPEND_ENTRIES request 6aaf5ca8-0737-4296-ba95-7f0e9402c55b->4fb9f1f7-4e3b-4bcf-a7e7-c7ddcac09d11#271-t1,previous=(t:0, i:0),leaderCommit=1,initializing? true,entries: size=1, first=(t:1, i:0), CONFIGURATIONENTRY(current:id: "6aaf5ca8-0737-4296-ba95-7f0e9402c55b"
address: "10.1.0.20:37225"
priority: 1
dataStreamAddress: "10.1.0.20:33711"
clientAddress: "10.1.0.20:37225"
adminAddress: "10.1.0.20:37225"
startupRole: FOLLOWER
,id: "4fb9f1f7-4e3b-4bcf-a7e7-c7ddcac09d11"
address: "10.1.0.20:44181"
dataStreamAddress: "10.1.0.20:37741"
clientAddress: "10.1.0.20:44181"
adminAddress: "10.1.0.20:44181"
startupRole: FOLLOWER
,id: "44aa5787-a9ca-4d27-a88e-9069c8f4547b"
address: "10.1.0.20:46431"
dataStreamAddress: "10.1.0.20:44789"
clientAddress: "10.1.0.20:46431"
adminAddress: "10.1.0.20:46431"
startupRole: FOLLOWER
, old:)
java.util.concurrent.CompletionException: org.apache.ratis.protocol.exceptions.GroupMismatchException: 4fb9f1f7-4e3b-4bcf-a7e7-c7ddcac09d11: group-D4D495DF8B74 not found.
	at java.util.concurrent.CompletableFuture.encodeThrowable(CompletableFuture.java:292)
	at java.util.concurrent.CompletableFuture.uniComposeStage(CompletableFuture.java:989)
	at java.util.concurrent.CompletableFuture.thenCompose(CompletableFuture.java:2137)
	at org.apache.ratis.server.impl.RaftServerProxy.appendEntriesAsync(RaftServerProxy.java:630)
	at org.apache.ratis.grpc.server.GrpcServerProtocolService$1.process(GrpcServerProtocolService.java:205)
	at org.apache.ratis.grpc.server.GrpcServerProtocolService$1.process(GrpcServerProtocolService.java:202)
	at org.apache.ratis.grpc.server.GrpcServerProtocolService$ServerRequestStreamObserver.onNext(GrpcServerProtocolService.java:124)
	at org.apache.ratis.thirdparty.io.grpc.stub.ServerCalls$StreamingServerCallHandler$StreamingServerCallListener.onMessage(ServerCalls.java:262)
	at org.apache.ratis.thirdparty.io.grpc.ForwardingServerCallListener.onMessage(ForwardingServerCallListener.java:33)
	at org.apache.ratis.thirdparty.io.grpc.internal.ServerCallImpl$ServerStreamListenerImpl.messagesAvailableInternal(ServerCallImpl.java:332)
	at org.apache.ratis.thirdparty.io.grpc.internal.ServerCallImpl$ServerStreamListenerImpl.messagesAvailable(ServerCallImpl.java:315)
	at org.apache.ratis.thirdparty.io.grpc.internal.ServerImpl$JumpToApplicationThreadServerStreamListener$1MessagesAvailable.runInContext(ServerImpl.java:834)
	at org.apache.ratis.thirdparty.io.grpc.internal.ContextRunnable.run(ContextRunnable.java:37)
	at org.apache.ratis.thirdparty.io.grpc.internal.SerializingExecutor.run(SerializingExecutor.java:133)
	at java.util.concurrent.ThreadPoolExecutor.runWorker(ThreadPoolExecutor.java:1149)
	at java.util.concurrent.ThreadPoolExecutor$Worker.run(ThreadPoolExecutor.java:624)
	at java.lang.Thread.run(Thread.java:750)
Caused by: org.apache.ratis.protocol.exceptions.GroupMismatchException: 4fb9f1f7-4e3b-4bcf-a7e7-c7ddcac09d11: group-D4D495DF8B74 not found.
	at org.apache.ratis.server.impl.RaftServerProxy$ImplMap.get(RaftServerProxy.java:150)
	at org.apache.ratis.server.impl.RaftServerProxy.getImplFuture(RaftServerProxy.java:351)
	at org.apache.ratis.server.impl.RaftServerProxy.appendEntriesAsync(RaftServerProxy.java:629)
	... 13 more
2023-04-22 02:19:09,703 [grpc-default-executor-4] WARN  server.GrpcLogAppender (LogUtils.java:warn(124)) - 6aaf5ca8-0737-4296-ba95-7f0e9402c55b@group-D4D495DF8B74->4fb9f1f7-4e3b-4bcf-a7e7-c7ddcac09d11-AppendLogResponseHandler: Failed appendEntries
org.apache.ratis.protocol.exceptions.GroupMismatchException: 4fb9f1f7-4e3b-4bcf-a7e7-c7ddcac09d11: group-D4D495DF8B74 not found.
	at org.apache.ratis.server.impl.RaftServerProxy$ImplMap.get(RaftServerProxy.java:150)
	at org.apache.ratis.server.impl.RaftServerProxy.getImplFuture(RaftServerProxy.java:351)
	at org.apache.ratis.server.impl.RaftServerProxy.appendEntriesAsync(RaftServerProxy.java:629)
	at org.apache.ratis.grpc.server.GrpcServerProtocolService$1.process(GrpcServerProtocolService.java:205)
	at org.apache.ratis.grpc.server.GrpcServerProtocolService$1.process(GrpcServerProtocolService.java:202)
	at org.apache.ratis.grpc.server.GrpcServerProtocolService$ServerRequestStreamObserver.onNext(GrpcServerProtocolService.java:124)
	at org.apache.ratis.thirdparty.io.grpc.stub.ServerCalls$StreamingServerCallHandler$StreamingServerCallListener.onMessage(ServerCalls.java:262)
	at org.apache.ratis.thirdparty.io.grpc.ForwardingServerCallListener.onMessage(ForwardingServerCallListener.java:33)
	at org.apache.ratis.thirdparty.io.grpc.internal.ServerCallImpl$ServerStreamListenerImpl.messagesAvailableInternal(ServerCallImpl.java:332)
	at org.apache.ratis.thirdparty.io.grpc.internal.ServerCallImpl$ServerStreamListenerImpl.messagesAvailable(ServerCallImpl.java:315)
	at org.apache.ratis.thirdparty.io.grpc.internal.ServerImpl$JumpToApplicationThreadServerStreamListener$1MessagesAvailable.runInContext(ServerImpl.java:834)
	at org.apache.ratis.thirdparty.io.grpc.internal.ContextRunnable.run(ContextRunnable.java:37)
	at org.apache.ratis.thirdparty.io.grpc.internal.SerializingExecutor.run(SerializingExecutor.java:133)
	at java.util.concurrent.ThreadPoolExecutor.runWorker(ThreadPoolExecutor.java:1149)
	at java.util.concurrent.ThreadPoolExecutor$Worker.run(ThreadPoolExecutor.java:624)
	at java.lang.Thread.run(Thread.java:750)
2023-04-22 02:19:09,703 [grpc-default-executor-4] INFO  leader.FollowerInfo (FollowerInfoImpl.java:lambda$new$0(48)) - 6aaf5ca8-0737-4296-ba95-7f0e9402c55b@group-D4D495DF8B74->4fb9f1f7-4e3b-4bcf-a7e7-c7ddcac09d11: nextIndex: updateUnconditionally 1 -> 0
2023-04-22 02:19:09,787 [FixedThreadPoolWithAffinityExecutor-0-0] WARN  container.ContainerReportHandler (AbstractContainerReportHandler.java:updateContainerState(259)) - Container #1 is in OPEN state, but the datanode 44aa5787-a9ca-4d27-a88e-9069c8f4547b(fv-az443-428.ap2fcshprsnunfx25e1aelzb4b.cx.internal.cloudapp.net/10.1.0.20) reports an QUASI_CLOSED replica.
2023-04-22 02:19:09,873 [FixedThreadPoolWithAffinityExecutor-0-0] WARN  container.ContainerReportHandler (AbstractContainerReportHandler.java:updateContainerState(259)) - Container #1 is in OPEN state, but the datanode 4fb9f1f7-4e3b-4bcf-a7e7-c7ddcac09d11(fv-az443-428.ap2fcshprsnunfx25e1aelzb4b.cx.internal.cloudapp.net/10.1.0.20) reports an QUASI_CLOSED replica.
2023-04-22 02:19:09,983 [FixedThreadPoolWithAffinityExecutor-9-0] WARN  container.ContainerReportHandler (AbstractContainerReportHandler.java:updateContainerState(259)) - Container #1 is in OPEN state, but the datanode 6aaf5ca8-0737-4296-ba95-7f0e9402c55b(fv-az443-428.ap2fcshprsnunfx25e1aelzb4b.cx.internal.cloudapp.net/10.1.0.20) reports an QUASI_CLOSED replica.
2023-04-22 02:19:10,073 [FixedThreadPoolWithAffinityExecutor-0-0] WARN  container.ContainerReportHandler (AbstractContainerReportHandler.java:updateContainerState(259)) - Container #1 is in OPEN state, but the datanode 4fb9f1f7-4e3b-4bcf-a7e7-c7ddcac09d11(fv-az443-428.ap2fcshprsnunfx25e1aelzb4b.cx.internal.cloudapp.net/10.1.0.20) reports an QUASI_CLOSED replica.
2023-04-22 02:19:10,090 [FixedThreadPoolWithAffinityExecutor-9-0] WARN  container.ContainerReportHandler (AbstractContainerReportHandler.java:updateContainerState(259)) - Container #4 is in OPEN state, but the datanode ffe33985-86ac-4dba-9cf7-e9d9be1914b9(fv-az443-428.ap2fcshprsnunfx25e1aelzb4b.cx.internal.cloudapp.net/10.1.0.20) reports an CLOSED replica.
2023-04-22 02:19:10,187 [FixedThreadPoolWithAffinityExecutor-0-0] WARN  container.ContainerReportHandler (AbstractContainerReportHandler.java:updateContainerState(259)) - Container #1 is in OPEN state, but the datanode 44aa5787-a9ca-4d27-a88e-9069c8f4547b(fv-az443-428.ap2fcshprsnunfx25e1aelzb4b.cx.internal.cloudapp.net/10.1.0.20) reports an QUASI_CLOSED replica.
2023-04-22 02:19:10,274 [FixedThreadPoolWithAffinityExecutor-0-0] WARN  container.ContainerReportHandler (AbstractContainerReportHandler.java:updateContainerState(259)) - Container #1 is in OPEN state, but the datanode 4fb9f1f7-4e3b-4bcf-a7e7-c7ddcac09d11(fv-az443-428.ap2fcshprsnunfx25e1aelzb4b.cx.internal.cloudapp.net/10.1.0.20) reports an QUASI_CLOSED replica.
2023-04-22 02:19:10,326 [timer5] WARN  server.GrpcLogAppender (GrpcLogAppender.java:timeoutAppendRequest(314)) - b7c32ab9-1d10-40a2-8298-2f54da75b521@group-E7D3625E2A84->1fa0605c-c70f-40a8-a13c-0f797dcff94f-GrpcLogAppender: HEARTBEAT appendEntries Timeout, request=AppendEntriesRequest:cid=8078852,entriesCount=0,lastEntry=null
2023-04-22 02:19:10,383 [FixedThreadPoolWithAffinityExecutor-9-0] WARN  container.ContainerReportHandler (AbstractContainerReportHandler.java:updateContainerState(259)) - Container #1 is in OPEN state, but the datanode 6aaf5ca8-0737-4296-ba95-7f0e9402c55b(fv-az443-428.ap2fcshprsnunfx25e1aelzb4b.cx.internal.cloudapp.net/10.1.0.20) reports an QUASI_CLOSED replica.
2023-04-22 02:19:10,388 [FixedThreadPoolWithAffinityExecutor-0-0] WARN  container.ContainerReportHandler (AbstractContainerReportHandler.java:updateContainerState(259)) - Container #1 is in OPEN state, but the datanode 44aa5787-a9ca-4d27-a88e-9069c8f4547b(fv-az443-428.ap2fcshprsnunfx25e1aelzb4b.cx.internal.cloudapp.net/10.1.0.20) reports an QUASI_CLOSED replica.
2023-04-22 02:19:10,474 [FixedThreadPoolWithAffinityExecutor-0-0] WARN  container.ContainerReportHandler (AbstractContainerReportHandler.java:updateContainerState(259)) - Container #1 is in OPEN state, but the datanode 4fb9f1f7-4e3b-4bcf-a7e7-c7ddcac09d11(fv-az443-428.ap2fcshprsnunfx25e1aelzb4b.cx.internal.cloudapp.net/10.1.0.20) reports an QUASI_CLOSED replica.
2023-04-22 02:19:10,490 [FixedThreadPoolWithAffinityExecutor-9-0] WARN  container.ContainerReportHandler (AbstractContainerReportHandler.java:updateContainerState(259)) - Container #4 is in OPEN state, but the datanode ffe33985-86ac-4dba-9cf7-e9d9be1914b9(fv-az443-428.ap2fcshprsnunfx25e1aelzb4b.cx.internal.cloudapp.net/10.1.0.20) reports an CLOSED replica.
2023-04-22 02:19:10,580 [grpc-default-executor-2] WARN  server.GrpcServerProtocolService (LogUtils.java:warn(124)) - 4fb9f1f7-4e3b-4bcf-a7e7-c7ddcac09d11: Failed APPEND_ENTRIES request 6aaf5ca8-0737-4296-ba95-7f0e9402c55b->4fb9f1f7-4e3b-4bcf-a7e7-c7ddcac09d11#17-t2,previous=(t:1, i:0),leaderCommit=1,initializing? true,entries: size=1, first=(t:2, i:1), CONFIGURATIONENTRY(current:id: "6aaf5ca8-0737-4296-ba95-7f0e9402c55b"
address: "10.1.0.20:37225"
dataStreamAddress: "10.1.0.20:33711"
clientAddress: "10.1.0.20:37225"
adminAddress: "10.1.0.20:37225"
startupRole: FOLLOWER
,id: "4fb9f1f7-4e3b-4bcf-a7e7-c7ddcac09d11"
address: "10.1.0.20:44181"
priority: 1
dataStreamAddress: "10.1.0.20:37741"
clientAddress: "10.1.0.20:44181"
adminAddress: "10.1.0.20:44181"
startupRole: FOLLOWER
,id: "44aa5787-a9ca-4d27-a88e-9069c8f4547b"
address: "10.1.0.20:46431"
dataStreamAddress: "10.1.0.20:44789"
clientAddress: "10.1.0.20:46431"
adminAddress: "10.1.0.20:46431"
startupRole: FOLLOWER
, old:)
java.util.concurrent.CompletionException: org.apache.ratis.protocol.exceptions.GroupMismatchException: 4fb9f1f7-4e3b-4bcf-a7e7-c7ddcac09d11: group-D97743807C2E not found.
	at java.util.concurrent.CompletableFuture.encodeThrowable(CompletableFuture.java:292)
	at java.util.concurrent.CompletableFuture.uniComposeStage(CompletableFuture.java:989)
	at java.util.concurrent.CompletableFuture.thenCompose(CompletableFuture.java:2137)
	at org.apache.ratis.server.impl.RaftServerProxy.appendEntriesAsync(RaftServerProxy.java:630)
	at org.apache.ratis.grpc.server.GrpcServerProtocolService$1.process(GrpcServerProtocolService.java:205)
	at org.apache.ratis.grpc.server.GrpcServerProtocolService$1.process(GrpcServerProtocolService.java:202)
	at org.apache.ratis.grpc.server.GrpcServerProtocolService$ServerRequestStreamObserver.onNext(GrpcServerProtocolService.java:124)
	at org.apache.ratis.thirdparty.io.grpc.stub.ServerCalls$StreamingServerCallHandler$StreamingServerCallListener.onMessage(ServerCalls.java:262)
	at org.apache.ratis.thirdparty.io.grpc.ForwardingServerCallListener.onMessage(ForwardingServerCallListener.java:33)
	at org.apache.ratis.thirdparty.io.grpc.internal.ServerCallImpl$ServerStreamListenerImpl.messagesAvailableInternal(ServerCallImpl.java:332)
	at org.apache.ratis.thirdparty.io.grpc.internal.ServerCallImpl$ServerStreamListenerImpl.messagesAvailable(ServerCallImpl.java:315)
	at org.apache.ratis.thirdparty.io.grpc.internal.ServerImpl$JumpToApplicationThreadServerStreamListener$1MessagesAvailable.runInContext(ServerImpl.java:834)
	at org.apache.ratis.thirdparty.io.grpc.internal.ContextRunnable.run(ContextRunnable.java:37)
	at org.apache.ratis.thirdparty.io.grpc.internal.SerializingExecutor.run(SerializingExecutor.java:133)
	at java.util.concurrent.ThreadPoolExecutor.runWorker(ThreadPoolExecutor.java:1149)
	at java.util.concurrent.ThreadPoolExecutor$Worker.run(ThreadPoolExecutor.java:624)
	at java.lang.Thread.run(Thread.java:750)
Caused by: org.apache.ratis.protocol.exceptions.GroupMismatchException: 4fb9f1f7-4e3b-4bcf-a7e7-c7ddcac09d11: group-D97743807C2E not found.
	at org.apache.ratis.server.impl.RaftServerProxy$ImplMap.get(RaftServerProxy.java:150)
	at org.apache.ratis.server.impl.RaftServerProxy.getImplFuture(RaftServerProxy.java:351)
	at org.apache.ratis.server.impl.RaftServerProxy.appendEntriesAsync(RaftServerProxy.java:629)
	... 13 more
2023-04-22 02:19:10,585 [grpc-default-executor-4] WARN  server.GrpcLogAppender (LogUtils.java:warn(124)) - 6aaf5ca8-0737-4296-ba95-7f0e9402c55b@group-D97743807C2E->4fb9f1f7-4e3b-4bcf-a7e7-c7ddcac09d11-AppendLogResponseHandler: Failed appendEntries
org.apache.ratis.protocol.exceptions.GroupMismatchException: 4fb9f1f7-4e3b-4bcf-a7e7-c7ddcac09d11: group-D97743807C2E not found.
	at org.apache.ratis.server.impl.RaftServerProxy$ImplMap.get(RaftServerProxy.java:150)
	at org.apache.ratis.server.impl.RaftServerProxy.getImplFuture(RaftServerProxy.java:351)
	at org.apache.ratis.server.impl.RaftServerProxy.appendEntriesAsync(RaftServerProxy.java:629)
	at org.apache.ratis.grpc.server.GrpcServerProtocolService$1.process(GrpcServerProtocolService.java:205)
	at org.apache.ratis.grpc.server.GrpcServerProtocolService$1.process(GrpcServerProtocolService.java:202)
	at org.apache.ratis.grpc.server.GrpcServerProtocolService$ServerRequestStreamObserver.onNext(GrpcServerProtocolService.java:124)
	at org.apache.ratis.thirdparty.io.grpc.stub.ServerCalls$StreamingServerCallHandler$StreamingServerCallListener.onMessage(ServerCalls.java:262)
	at org.apache.ratis.thirdparty.io.grpc.ForwardingServerCallListener.onMessage(ForwardingServerCallListener.java:33)
	at org.apache.ratis.thirdparty.io.grpc.internal.ServerCallImpl$ServerStreamListenerImpl.messagesAvailableInternal(ServerCallImpl.java:332)
	at org.apache.ratis.thirdparty.io.grpc.internal.ServerCallImpl$ServerStreamListenerImpl.messagesAvailable(ServerCallImpl.java:315)
	at org.apache.ratis.thirdparty.io.grpc.internal.ServerImpl$JumpToApplicationThreadServerStreamListener$1MessagesAvailable.runInContext(ServerImpl.java:834)
	at org.apache.ratis.thirdparty.io.grpc.internal.ContextRunnable.run(ContextRunnable.java:37)
	at org.apache.ratis.thirdparty.io.grpc.internal.SerializingExecutor.run(SerializingExecutor.java:133)
	at java.util.concurrent.ThreadPoolExecutor.runWorker(ThreadPoolExecutor.java:1149)
	at java.util.concurrent.ThreadPoolExecutor$Worker.run(ThreadPoolExecutor.java:624)
	at java.lang.Thread.run(Thread.java:750)
2023-04-22 02:19:10,586 [grpc-default-executor-4] INFO  leader.FollowerInfo (FollowerInfoImpl.java:lambda$new$0(48)) - 6aaf5ca8-0737-4296-ba95-7f0e9402c55b@group-D97743807C2E->4fb9f1f7-4e3b-4bcf-a7e7-c7ddcac09d11: nextIndex: updateUnconditionally 2 -> 1
2023-04-22 02:19:10,586 [FixedThreadPoolWithAffinityExecutor-9-0] WARN  container.ContainerReportHandler (AbstractContainerReportHandler.java:updateContainerState(259)) - Container #1 is in OPEN state, but the datanode 6aaf5ca8-0737-4296-ba95-7f0e9402c55b(fv-az443-428.ap2fcshprsnunfx25e1aelzb4b.cx.internal.cloudapp.net/10.1.0.20) reports an QUASI_CLOSED replica.
2023-04-22 02:19:10,587 [FixedThreadPoolWithAffinityExecutor-0-0] WARN  container.ContainerReportHandler (AbstractContainerReportHandler.java:updateContainerState(259)) - Container #1 is in OPEN state, but the datanode 44aa5787-a9ca-4d27-a88e-9069c8f4547b(fv-az443-428.ap2fcshprsnunfx25e1aelzb4b.cx.internal.cloudapp.net/10.1.0.20) reports an QUASI_CLOSED replica.
2023-04-22 02:19:10,690 [FixedThreadPoolWithAffinityExecutor-9-0] WARN  container.ContainerReportHandler (AbstractContainerReportHandler.java:updateContainerState(259)) - Container #4 is in OPEN state, but the datanode ffe33985-86ac-4dba-9cf7-e9d9be1914b9(fv-az443-428.ap2fcshprsnunfx25e1aelzb4b.cx.internal.cloudapp.net/10.1.0.20) reports an CLOSED replica.
2023-04-22 02:19:10,787 [FixedThreadPoolWithAffinityExecutor-0-0] WARN  container.ContainerReportHandler (AbstractContainerReportHandler.java:updateContainerState(259)) - Container #1 is in OPEN state, but the datanode 44aa5787-a9ca-4d27-a88e-9069c8f4547b(fv-az443-428.ap2fcshprsnunfx25e1aelzb4b.cx.internal.cloudapp.net/10.1.0.20) reports an QUASI_CLOSED replica.
2023-04-22 02:19:10,874 [FixedThreadPoolWithAffinityExecutor-0-0] WARN  container.ContainerReportHandler (AbstractContainerReportHandler.java:updateContainerState(259)) - Container #1 is in OPEN state, but the datanode 4fb9f1f7-4e3b-4bcf-a7e7-c7ddcac09d11(fv-az443-428.ap2fcshprsnunfx25e1aelzb4b.cx.internal.cloudapp.net/10.1.0.20) reports an QUASI_CLOSED replica.
2023-04-22 02:19:10,876 [BlockDeletingService#0] INFO  interfaces.ContainerDeletionChoosingPolicyTemplate (ContainerDeletionChoosingPolicyTemplate.java:chooseContainerForBlockDeletion(83)) - Chosen 0/5000 blocks from 0 candidate containers.
2023-04-22 02:19:10,949 [grpc-default-executor-5] WARN  server.GrpcServerProtocolService (LogUtils.java:warn(124)) - 4fb9f1f7-4e3b-4bcf-a7e7-c7ddcac09d11: Failed APPEND_ENTRIES request 6aaf5ca8-0737-4296-ba95-7f0e9402c55b->4fb9f1f7-4e3b-4bcf-a7e7-c7ddcac09d11#273-t1,previous=(t:0, i:0),leaderCommit=1,initializing? true,entries: size=1, first=(t:1, i:0), CONFIGURATIONENTRY(current:id: "6aaf5ca8-0737-4296-ba95-7f0e9402c55b"
address: "10.1.0.20:37225"
priority: 1
dataStreamAddress: "10.1.0.20:33711"
clientAddress: "10.1.0.20:37225"
adminAddress: "10.1.0.20:37225"
startupRole: FOLLOWER
,id: "4fb9f1f7-4e3b-4bcf-a7e7-c7ddcac09d11"
address: "10.1.0.20:44181"
dataStreamAddress: "10.1.0.20:37741"
clientAddress: "10.1.0.20:44181"
adminAddress: "10.1.0.20:44181"
startupRole: FOLLOWER
,id: "44aa5787-a9ca-4d27-a88e-9069c8f4547b"
address: "10.1.0.20:46431"
dataStreamAddress: "10.1.0.20:44789"
clientAddress: "10.1.0.20:46431"
adminAddress: "10.1.0.20:46431"
startupRole: FOLLOWER
, old:)
java.util.concurrent.CompletionException: org.apache.ratis.protocol.exceptions.GroupMismatchException: 4fb9f1f7-4e3b-4bcf-a7e7-c7ddcac09d11: group-D4D495DF8B74 not found.
	at java.util.concurrent.CompletableFuture.encodeThrowable(CompletableFuture.java:292)
	at java.util.concurrent.CompletableFuture.uniComposeStage(CompletableFuture.java:989)
	at java.util.concurrent.CompletableFuture.thenCompose(CompletableFuture.java:2137)
	at org.apache.ratis.server.impl.RaftServerProxy.appendEntriesAsync(RaftServerProxy.java:630)
	at org.apache.ratis.grpc.server.GrpcServerProtocolService$1.process(GrpcServerProtocolService.java:205)
	at org.apache.ratis.grpc.server.GrpcServerProtocolService$1.process(GrpcServerProtocolService.java:202)
	at org.apache.ratis.grpc.server.GrpcServerProtocolService$ServerRequestStreamObserver.onNext(GrpcServerProtocolService.java:124)
	at org.apache.ratis.thirdparty.io.grpc.stub.ServerCalls$StreamingServerCallHandler$StreamingServerCallListener.onMessage(ServerCalls.java:262)
	at org.apache.ratis.thirdparty.io.grpc.ForwardingServerCallListener.onMessage(ForwardingServerCallListener.java:33)
	at org.apache.ratis.thirdparty.io.grpc.internal.ServerCallImpl$ServerStreamListenerImpl.messagesAvailableInternal(ServerCallImpl.java:332)
	at org.apache.ratis.thirdparty.io.grpc.internal.ServerCallImpl$ServerStreamListenerImpl.messagesAvailable(ServerCallImpl.java:315)
	at org.apache.ratis.thirdparty.io.grpc.internal.ServerImpl$JumpToApplicationThreadServerStreamListener$1MessagesAvailable.runInContext(ServerImpl.java:834)
	at org.apache.ratis.thirdparty.io.grpc.internal.ContextRunnable.run(ContextRunnable.java:37)
	at org.apache.ratis.thirdparty.io.grpc.internal.SerializingExecutor.run(SerializingExecutor.java:133)
	at java.util.concurrent.ThreadPoolExecutor.runWorker(ThreadPoolExecutor.java:1149)
	at java.util.concurrent.ThreadPoolExecutor$Worker.run(ThreadPoolExecutor.java:624)
	at java.lang.Thread.run(Thread.java:750)
Caused by: org.apache.ratis.protocol.exceptions.GroupMismatchException: 4fb9f1f7-4e3b-4bcf-a7e7-c7ddcac09d11: group-D4D495DF8B74 not found.
	at org.apache.ratis.server.impl.RaftServerProxy$ImplMap.get(RaftServerProxy.java:150)
	at org.apache.ratis.server.impl.RaftServerProxy.getImplFuture(RaftServerProxy.java:351)
	at org.apache.ratis.server.impl.RaftServerProxy.appendEntriesAsync(RaftServerProxy.java:629)
	... 13 more
2023-04-22 02:19:10,951 [grpc-default-executor-4] WARN  server.GrpcLogAppender (LogUtils.java:warn(124)) - 6aaf5ca8-0737-4296-ba95-7f0e9402c55b@group-D4D495DF8B74->4fb9f1f7-4e3b-4bcf-a7e7-c7ddcac09d11-AppendLogResponseHandler: Failed appendEntries
org.apache.ratis.protocol.exceptions.GroupMismatchException: 4fb9f1f7-4e3b-4bcf-a7e7-c7ddcac09d11: group-D4D495DF8B74 not found.
	at org.apache.ratis.server.impl.RaftServerProxy$ImplMap.get(RaftServerProxy.java:150)
	at org.apache.ratis.server.impl.RaftServerProxy.getImplFuture(RaftServerProxy.java:351)
	at org.apache.ratis.server.impl.RaftServerProxy.appendEntriesAsync(RaftServerProxy.java:629)
	at org.apache.ratis.grpc.server.GrpcServerProtocolService$1.process(GrpcServerProtocolService.java:205)
	at org.apache.ratis.grpc.server.GrpcServerProtocolService$1.process(GrpcServerProtocolService.java:202)
	at org.apache.ratis.grpc.server.GrpcServerProtocolService$ServerRequestStreamObserver.onNext(GrpcServerProtocolService.java:124)
	at org.apache.ratis.thirdparty.io.grpc.stub.ServerCalls$StreamingServerCallHandler$StreamingServerCallListener.onMessage(ServerCalls.java:262)
	at org.apache.ratis.thirdparty.io.grpc.ForwardingServerCallListener.onMessage(ForwardingServerCallListener.java:33)
	at org.apache.ratis.thirdparty.io.grpc.internal.ServerCallImpl$ServerStreamListenerImpl.messagesAvailableInternal(ServerCallImpl.java:332)
	at org.apache.ratis.thirdparty.io.grpc.internal.ServerCallImpl$ServerStreamListenerImpl.messagesAvailable(ServerCallImpl.java:315)
	at org.apache.ratis.thirdparty.io.grpc.internal.ServerImpl$JumpToApplicationThreadServerStreamListener$1MessagesAvailable.runInContext(ServerImpl.java:834)
	at org.apache.ratis.thirdparty.io.grpc.internal.ContextRunnable.run(ContextRunnable.java:37)
	at org.apache.ratis.thirdparty.io.grpc.internal.SerializingExecutor.run(SerializingExecutor.java:133)
	at java.util.concurrent.ThreadPoolExecutor.runWorker(ThreadPoolExecutor.java:1149)
	at java.util.concurrent.ThreadPoolExecutor$Worker.run(ThreadPoolExecutor.java:624)
	at java.lang.Thread.run(Thread.java:750)
2023-04-22 02:19:10,951 [grpc-default-executor-4] INFO  leader.FollowerInfo (FollowerInfoImpl.java:lambda$new$0(48)) - 6aaf5ca8-0737-4296-ba95-7f0e9402c55b@group-D4D495DF8B74->4fb9f1f7-4e3b-4bcf-a7e7-c7ddcac09d11: nextIndex: updateUnconditionally 1 -> 0
2023-04-22 02:19:10,985 [FixedThreadPoolWithAffinityExecutor-9-0] WARN  container.ContainerReportHandler (AbstractContainerReportHandler.java:updateContainerState(259)) - Container #1 is in OPEN state, but the datanode 6aaf5ca8-0737-4296-ba95-7f0e9402c55b(fv-az443-428.ap2fcshprsnunfx25e1aelzb4b.cx.internal.cloudapp.net/10.1.0.20) reports an QUASI_CLOSED replica.
2023-04-22 02:19:11,074 [FixedThreadPoolWithAffinityExecutor-0-0] WARN  container.ContainerReportHandler (AbstractContainerReportHandler.java:updateContainerState(259)) - Container #1 is in OPEN state, but the datanode 4fb9f1f7-4e3b-4bcf-a7e7-c7ddcac09d11(fv-az443-428.ap2fcshprsnunfx25e1aelzb4b.cx.internal.cloudapp.net/10.1.0.20) reports an QUASI_CLOSED replica.
2023-04-22 02:19:11,090 [FixedThreadPoolWithAffinityExecutor-9-0] WARN  container.ContainerReportHandler (AbstractContainerReportHandler.java:updateContainerState(259)) - Container #4 is in OPEN state, but the datanode ffe33985-86ac-4dba-9cf7-e9d9be1914b9(fv-az443-428.ap2fcshprsnunfx25e1aelzb4b.cx.internal.cloudapp.net/10.1.0.20) reports an CLOSED replica.
2023-04-22 02:19:11,187 [FixedThreadPoolWithAffinityExecutor-0-0] WARN  container.ContainerReportHandler (AbstractContainerReportHandler.java:updateContainerState(259)) - Container #1 is in OPEN state, but the datanode 44aa5787-a9ca-4d27-a88e-9069c8f4547b(fv-az443-428.ap2fcshprsnunfx25e1aelzb4b.cx.internal.cloudapp.net/10.1.0.20) reports an QUASI_CLOSED replica.
2023-04-22 02:19:11,264 [BlockDeletingService#0] INFO  interfaces.ContainerDeletionChoosingPolicyTemplate (ContainerDeletionChoosingPolicyTemplate.java:chooseContainerForBlockDeletion(83)) - Chosen 0/5000 blocks from 0 candidate containers.
2023-04-22 02:19:11,273 [FixedThreadPoolWithAffinityExecutor-0-0] WARN  container.ContainerReportHandler (AbstractContainerReportHandler.java:updateContainerState(259)) - Container #1 is in OPEN state, but the datanode 4fb9f1f7-4e3b-4bcf-a7e7-c7ddcac09d11(fv-az443-428.ap2fcshprsnunfx25e1aelzb4b.cx.internal.cloudapp.net/10.1.0.20) reports an QUASI_CLOSED replica.
2023-04-22 02:19:11,384 [FixedThreadPoolWithAffinityExecutor-9-0] WARN  container.ContainerReportHandler (AbstractContainerReportHandler.java:updateContainerState(259)) - Container #1 is in OPEN state, but the datanode 6aaf5ca8-0737-4296-ba95-7f0e9402c55b(fv-az443-428.ap2fcshprsnunfx25e1aelzb4b.cx.internal.cloudapp.net/10.1.0.20) reports an QUASI_CLOSED replica.
2023-04-22 02:19:11,388 [FixedThreadPoolWithAffinityExecutor-0-0] WARN  container.ContainerReportHandler (AbstractContainerReportHandler.java:updateContainerState(259)) - Container #1 is in OPEN state, but the datanode 44aa5787-a9ca-4d27-a88e-9069c8f4547b(fv-az443-428.ap2fcshprsnunfx25e1aelzb4b.cx.internal.cloudapp.net/10.1.0.20) reports an QUASI_CLOSED replica.
2023-04-22 02:19:11,473 [FixedThreadPoolWithAffinityExecutor-0-0] WARN  container.ContainerReportHandler (AbstractContainerReportHandler.java:updateContainerState(259)) - Container #1 is in OPEN state, but the datanode 4fb9f1f7-4e3b-4bcf-a7e7-c7ddcac09d11(fv-az443-428.ap2fcshprsnunfx25e1aelzb4b.cx.internal.cloudapp.net/10.1.0.20) reports an QUASI_CLOSED replica.
2023-04-22 02:19:11,489 [FixedThreadPoolWithAffinityExecutor-9-0] WARN  container.ContainerReportHandler (AbstractContainerReportHandler.java:updateContainerState(259)) - Container #4 is in OPEN state, but the datanode ffe33985-86ac-4dba-9cf7-e9d9be1914b9(fv-az443-428.ap2fcshprsnunfx25e1aelzb4b.cx.internal.cloudapp.net/10.1.0.20) reports an CLOSED replica.
2023-04-22 02:19:11,577 [timer6] WARN  server.GrpcLogAppender (GrpcLogAppender.java:timeoutAppendRequest(314)) - b7c32ab9-1d10-40a2-8298-2f54da75b521@group-E7D3625E2A84->1fa0605c-c70f-40a8-a13c-0f797dcff94f-GrpcLogAppender: HEARTBEAT appendEntries Timeout, request=AppendEntriesRequest:cid=8078853,entriesCount=0,lastEntry=null
2023-04-22 02:19:11,587 [FixedThreadPoolWithAffinityExecutor-0-0] WARN  container.ContainerReportHandler (AbstractContainerReportHandler.java:updateContainerState(259)) - Container #1 is in OPEN state, but the datanode 44aa5787-a9ca-4d27-a88e-9069c8f4547b(fv-az443-428.ap2fcshprsnunfx25e1aelzb4b.cx.internal.cloudapp.net/10.1.0.20) reports an QUASI_CLOSED replica.
2023-04-22 02:19:11,677 [FixedThreadPoolWithAffinityExecutor-0-0] WARN  container.ContainerReportHandler (AbstractContainerReportHandler.java:updateContainerState(259)) - Container #1 is in OPEN state, but the datanode 4fb9f1f7-4e3b-4bcf-a7e7-c7ddcac09d11(fv-az443-428.ap2fcshprsnunfx25e1aelzb4b.cx.internal.cloudapp.net/10.1.0.20) reports an QUASI_CLOSED replica.
2023-04-22 02:19:11,690 [FixedThreadPoolWithAffinityExecutor-9-0] WARN  container.ContainerReportHandler (AbstractContainerReportHandler.java:updateContainerState(259)) - Container #4 is in OPEN state, but the datanode ffe33985-86ac-4dba-9cf7-e9d9be1914b9(fv-az443-428.ap2fcshprsnunfx25e1aelzb4b.cx.internal.cloudapp.net/10.1.0.20) reports an CLOSED replica.
2023-04-22 02:19:11,784 [FixedThreadPoolWithAffinityExecutor-9-0] WARN  container.ContainerReportHandler (AbstractContainerReportHandler.java:updateContainerState(259)) - Container #1 is in OPEN state, but the datanode 6aaf5ca8-0737-4296-ba95-7f0e9402c55b(fv-az443-428.ap2fcshprsnunfx25e1aelzb4b.cx.internal.cloudapp.net/10.1.0.20) reports an QUASI_CLOSED replica.
2023-04-22 02:19:11,788 [FixedThreadPoolWithAffinityExecutor-0-0] WARN  container.ContainerReportHandler (AbstractContainerReportHandler.java:updateContainerState(259)) - Container #1 is in OPEN state, but the datanode 44aa5787-a9ca-4d27-a88e-9069c8f4547b(fv-az443-428.ap2fcshprsnunfx25e1aelzb4b.cx.internal.cloudapp.net/10.1.0.20) reports an QUASI_CLOSED replica.
2023-04-22 02:19:11,830 [grpc-default-executor-4] WARN  server.GrpcServerProtocolService (LogUtils.java:warn(124)) - 4fb9f1f7-4e3b-4bcf-a7e7-c7ddcac09d11: Failed APPEND_ENTRIES request 6aaf5ca8-0737-4296-ba95-7f0e9402c55b->4fb9f1f7-4e3b-4bcf-a7e7-c7ddcac09d11#19-t2,previous=(t:1, i:0),leaderCommit=1,initializing? true,entries: size=1, first=(t:2, i:1), CONFIGURATIONENTRY(current:id: "6aaf5ca8-0737-4296-ba95-7f0e9402c55b"
address: "10.1.0.20:37225"
dataStreamAddress: "10.1.0.20:33711"
clientAddress: "10.1.0.20:37225"
adminAddress: "10.1.0.20:37225"
startupRole: FOLLOWER
,id: "4fb9f1f7-4e3b-4bcf-a7e7-c7ddcac09d11"
address: "10.1.0.20:44181"
priority: 1
dataStreamAddress: "10.1.0.20:37741"
clientAddress: "10.1.0.20:44181"
adminAddress: "10.1.0.20:44181"
startupRole: FOLLOWER
,id: "44aa5787-a9ca-4d27-a88e-9069c8f4547b"
address: "10.1.0.20:46431"
dataStreamAddress: "10.1.0.20:44789"
clientAddress: "10.1.0.20:46431"
adminAddress: "10.1.0.20:46431"
startupRole: FOLLOWER
, old:)
java.util.concurrent.CompletionException: org.apache.ratis.protocol.exceptions.GroupMismatchException: 4fb9f1f7-4e3b-4bcf-a7e7-c7ddcac09d11: group-D97743807C2E not found.
	at java.util.concurrent.CompletableFuture.encodeThrowable(CompletableFuture.java:292)
	at java.util.concurrent.CompletableFuture.uniComposeStage(CompletableFuture.java:989)
	at java.util.concurrent.CompletableFuture.thenCompose(CompletableFuture.java:2137)
	at org.apache.ratis.server.impl.RaftServerProxy.appendEntriesAsync(RaftServerProxy.java:630)
	at org.apache.ratis.grpc.server.GrpcServerProtocolService$1.process(GrpcServerProtocolService.java:205)
	at org.apache.ratis.grpc.server.GrpcServerProtocolService$1.process(GrpcServerProtocolService.java:202)
	at org.apache.ratis.grpc.server.GrpcServerProtocolService$ServerRequestStreamObserver.onNext(GrpcServerProtocolService.java:124)
	at org.apache.ratis.thirdparty.io.grpc.stub.ServerCalls$StreamingServerCallHandler$StreamingServerCallListener.onMessage(ServerCalls.java:262)
	at org.apache.ratis.thirdparty.io.grpc.ForwardingServerCallListener.onMessage(ForwardingServerCallListener.java:33)
	at org.apache.ratis.thirdparty.io.grpc.internal.ServerCallImpl$ServerStreamListenerImpl.messagesAvailableInternal(ServerCallImpl.java:332)
	at org.apache.ratis.thirdparty.io.grpc.internal.ServerCallImpl$ServerStreamListenerImpl.messagesAvailable(ServerCallImpl.java:315)
	at org.apache.ratis.thirdparty.io.grpc.internal.ServerImpl$JumpToApplicationThreadServerStreamListener$1MessagesAvailable.runInContext(ServerImpl.java:834)
	at org.apache.ratis.thirdparty.io.grpc.internal.ContextRunnable.run(ContextRunnable.java:37)
	at org.apache.ratis.thirdparty.io.grpc.internal.SerializingExecutor.run(SerializingExecutor.java:133)
	at java.util.concurrent.ThreadPoolExecutor.runWorker(ThreadPoolExecutor.java:1149)
	at java.util.concurrent.ThreadPoolExecutor$Worker.run(ThreadPoolExecutor.java:624)
	at java.lang.Thread.run(Thread.java:750)
Caused by: org.apache.ratis.protocol.exceptions.GroupMismatchException: 4fb9f1f7-4e3b-4bcf-a7e7-c7ddcac09d11: group-D97743807C2E not found.
	at org.apache.ratis.server.impl.RaftServerProxy$ImplMap.get(RaftServerProxy.java:150)
	at org.apache.ratis.server.impl.RaftServerProxy.getImplFuture(RaftServerProxy.java:351)
	at org.apache.ratis.server.impl.RaftServerProxy.appendEntriesAsync(RaftServerProxy.java:629)
	... 13 more
2023-04-22 02:19:11,833 [grpc-default-executor-5] WARN  server.GrpcLogAppender (LogUtils.java:warn(124)) - 6aaf5ca8-0737-4296-ba95-7f0e9402c55b@group-D97743807C2E->4fb9f1f7-4e3b-4bcf-a7e7-c7ddcac09d11-AppendLogResponseHandler: Failed appendEntries
org.apache.ratis.protocol.exceptions.GroupMismatchException: 4fb9f1f7-4e3b-4bcf-a7e7-c7ddcac09d11: group-D97743807C2E not found.
	at org.apache.ratis.server.impl.RaftServerProxy$ImplMap.get(RaftServerProxy.java:150)
	at org.apache.ratis.server.impl.RaftServerProxy.getImplFuture(RaftServerProxy.java:351)
	at org.apache.ratis.server.impl.RaftServerProxy.appendEntriesAsync(RaftServerProxy.java:629)
	at org.apache.ratis.grpc.server.GrpcServerProtocolService$1.process(GrpcServerProtocolService.java:205)
	at org.apache.ratis.grpc.server.GrpcServerProtocolService$1.process(GrpcServerProtocolService.java:202)
	at org.apache.ratis.grpc.server.GrpcServerProtocolService$ServerRequestStreamObserver.onNext(GrpcServerProtocolService.java:124)
	at org.apache.ratis.thirdparty.io.grpc.stub.ServerCalls$StreamingServerCallHandler$StreamingServerCallListener.onMessage(ServerCalls.java:262)
	at org.apache.ratis.thirdparty.io.grpc.ForwardingServerCallListener.onMessage(ForwardingServerCallListener.java:33)
	at org.apache.ratis.thirdparty.io.grpc.internal.ServerCallImpl$ServerStreamListenerImpl.messagesAvailableInternal(ServerCallImpl.java:332)
	at org.apache.ratis.thirdparty.io.grpc.internal.ServerCallImpl$ServerStreamListenerImpl.messagesAvailable(ServerCallImpl.java:315)
	at org.apache.ratis.thirdparty.io.grpc.internal.ServerImpl$JumpToApplicationThreadServerStreamListener$1MessagesAvailable.runInContext(ServerImpl.java:834)
	at org.apache.ratis.thirdparty.io.grpc.internal.ContextRunnable.run(ContextRunnable.java:37)
	at org.apache.ratis.thirdparty.io.grpc.internal.SerializingExecutor.run(SerializingExecutor.java:133)
	at java.util.concurrent.ThreadPoolExecutor.runWorker(ThreadPoolExecutor.java:1149)
	at java.util.concurrent.ThreadPoolExecutor$Worker.run(ThreadPoolExecutor.java:624)
	at java.lang.Thread.run(Thread.java:750)
2023-04-22 02:19:11,833 [grpc-default-executor-5] INFO  leader.FollowerInfo (FollowerInfoImpl.java:lambda$new$0(48)) - 6aaf5ca8-0737-4296-ba95-7f0e9402c55b@group-D97743807C2E->4fb9f1f7-4e3b-4bcf-a7e7-c7ddcac09d11: nextIndex: updateUnconditionally 2 -> 1
2023-04-22 02:19:11,877 [FixedThreadPoolWithAffinityExecutor-0-0] WARN  container.ContainerReportHandler (AbstractContainerReportHandler.java:updateContainerState(259)) - Container #1 is in OPEN state, but the datanode 4fb9f1f7-4e3b-4bcf-a7e7-c7ddcac09d11(fv-az443-428.ap2fcshprsnunfx25e1aelzb4b.cx.internal.cloudapp.net/10.1.0.20) reports an QUASI_CLOSED replica.
2023-04-22 02:19:11,973 [BlockDeletingService#0] INFO  interfaces.ContainerDeletionChoosingPolicyTemplate (ContainerDeletionChoosingPolicyTemplate.java:chooseContainerForBlockDeletion(83)) - Chosen 0/5000 blocks from 0 candidate containers.
2023-04-22 02:19:12,077 [FixedThreadPoolWithAffinityExecutor-0-0] WARN  container.ContainerReportHandler (AbstractContainerReportHandler.java:updateContainerState(259)) - Container #1 is in OPEN state, but the datanode 4fb9f1f7-4e3b-4bcf-a7e7-c7ddcac09d11(fv-az443-428.ap2fcshprsnunfx25e1aelzb4b.cx.internal.cloudapp.net/10.1.0.20) reports an QUASI_CLOSED replica.
2023-04-22 02:19:12,089 [FixedThreadPoolWithAffinityExecutor-9-0] WARN  container.ContainerReportHandler (AbstractContainerReportHandler.java:updateContainerState(259)) - Container #4 is in OPEN state, but the datanode ffe33985-86ac-4dba-9cf7-e9d9be1914b9(fv-az443-428.ap2fcshprsnunfx25e1aelzb4b.cx.internal.cloudapp.net/10.1.0.20) reports an CLOSED replica.
2023-04-22 02:19:12,185 [FixedThreadPoolWithAffinityExecutor-9-0] WARN  container.ContainerReportHandler (AbstractContainerReportHandler.java:updateContainerState(259)) - Container #1 is in OPEN state, but the datanode 6aaf5ca8-0737-4296-ba95-7f0e9402c55b(fv-az443-428.ap2fcshprsnunfx25e1aelzb4b.cx.internal.cloudapp.net/10.1.0.20) reports an QUASI_CLOSED replica.
2023-04-22 02:19:12,189 [FixedThreadPoolWithAffinityExecutor-0-0] WARN  container.ContainerReportHandler (AbstractContainerReportHandler.java:updateContainerState(259)) - Container #1 is in OPEN state, but the datanode 44aa5787-a9ca-4d27-a88e-9069c8f4547b(fv-az443-428.ap2fcshprsnunfx25e1aelzb4b.cx.internal.cloudapp.net/10.1.0.20) reports an QUASI_CLOSED replica.
2023-04-22 02:19:12,199 [grpc-default-executor-1] WARN  server.GrpcServerProtocolService (LogUtils.java:warn(124)) - 4fb9f1f7-4e3b-4bcf-a7e7-c7ddcac09d11: Failed APPEND_ENTRIES request 6aaf5ca8-0737-4296-ba95-7f0e9402c55b->4fb9f1f7-4e3b-4bcf-a7e7-c7ddcac09d11#275-t1,previous=(t:0, i:0),leaderCommit=1,initializing? true,entries: size=1, first=(t:1, i:0), CONFIGURATIONENTRY(current:id: "6aaf5ca8-0737-4296-ba95-7f0e9402c55b"
address: "10.1.0.20:37225"
priority: 1
dataStreamAddress: "10.1.0.20:33711"
clientAddress: "10.1.0.20:37225"
adminAddress: "10.1.0.20:37225"
startupRole: FOLLOWER
,id: "4fb9f1f7-4e3b-4bcf-a7e7-c7ddcac09d11"
address: "10.1.0.20:44181"
dataStreamAddress: "10.1.0.20:37741"
clientAddress: "10.1.0.20:44181"
adminAddress: "10.1.0.20:44181"
startupRole: FOLLOWER
,id: "44aa5787-a9ca-4d27-a88e-9069c8f4547b"
address: "10.1.0.20:46431"
dataStreamAddress: "10.1.0.20:44789"
clientAddress: "10.1.0.20:46431"
adminAddress: "10.1.0.20:46431"
startupRole: FOLLOWER
, old:)
java.util.concurrent.CompletionException: org.apache.ratis.protocol.exceptions.GroupMismatchException: 4fb9f1f7-4e3b-4bcf-a7e7-c7ddcac09d11: group-D4D495DF8B74 not found.
	at java.util.concurrent.CompletableFuture.encodeThrowable(CompletableFuture.java:292)
	at java.util.concurrent.CompletableFuture.uniComposeStage(CompletableFuture.java:989)
	at java.util.concurrent.CompletableFuture.thenCompose(CompletableFuture.java:2137)
	at org.apache.ratis.server.impl.RaftServerProxy.appendEntriesAsync(RaftServerProxy.java:630)
	at org.apache.ratis.grpc.server.GrpcServerProtocolService$1.process(GrpcServerProtocolService.java:205)
	at org.apache.ratis.grpc.server.GrpcServerProtocolService$1.process(GrpcServerProtocolService.java:202)
	at org.apache.ratis.grpc.server.GrpcServerProtocolService$ServerRequestStreamObserver.onNext(GrpcServerProtocolService.java:124)
	at org.apache.ratis.thirdparty.io.grpc.stub.ServerCalls$StreamingServerCallHandler$StreamingServerCallListener.onMessage(ServerCalls.java:262)
	at org.apache.ratis.thirdparty.io.grpc.ForwardingServerCallListener.onMessage(ForwardingServerCallListener.java:33)
	at org.apache.ratis.thirdparty.io.grpc.internal.ServerCallImpl$ServerStreamListenerImpl.messagesAvailableInternal(ServerCallImpl.java:332)
	at org.apache.ratis.thirdparty.io.grpc.internal.ServerCallImpl$ServerStreamListenerImpl.messagesAvailable(ServerCallImpl.java:315)
	at org.apache.ratis.thirdparty.io.grpc.internal.ServerImpl$JumpToApplicationThreadServerStreamListener$1MessagesAvailable.runInContext(ServerImpl.java:834)
	at org.apache.ratis.thirdparty.io.grpc.internal.ContextRunnable.run(ContextRunnable.java:37)
	at org.apache.ratis.thirdparty.io.grpc.internal.SerializingExecutor.run(SerializingExecutor.java:133)
	at java.util.concurrent.ThreadPoolExecutor.runWorker(ThreadPoolExecutor.java:1149)
	at java.util.concurrent.ThreadPoolExecutor$Worker.run(ThreadPoolExecutor.java:624)
	at java.lang.Thread.run(Thread.java:750)
Caused by: org.apache.ratis.protocol.exceptions.GroupMismatchException: 4fb9f1f7-4e3b-4bcf-a7e7-c7ddcac09d11: group-D4D495DF8B74 not found.
	at org.apache.ratis.server.impl.RaftServerProxy$ImplMap.get(RaftServerProxy.java:150)
	at org.apache.ratis.server.impl.RaftServerProxy.getImplFuture(RaftServerProxy.java:351)
	at org.apache.ratis.server.impl.RaftServerProxy.appendEntriesAsync(RaftServerProxy.java:629)
	... 13 more
2023-04-22 02:19:12,204 [grpc-default-executor-2] WARN  server.GrpcLogAppender (LogUtils.java:warn(124)) - 6aaf5ca8-0737-4296-ba95-7f0e9402c55b@group-D4D495DF8B74->4fb9f1f7-4e3b-4bcf-a7e7-c7ddcac09d11-AppendLogResponseHandler: Failed appendEntries
org.apache.ratis.protocol.exceptions.GroupMismatchException: 4fb9f1f7-4e3b-4bcf-a7e7-c7ddcac09d11: group-D4D495DF8B74 not found.
	at org.apache.ratis.server.impl.RaftServerProxy$ImplMap.get(RaftServerProxy.java:150)
	at org.apache.ratis.server.impl.RaftServerProxy.getImplFuture(RaftServerProxy.java:351)
	at org.apache.ratis.server.impl.RaftServerProxy.appendEntriesAsync(RaftServerProxy.java:629)
	at org.apache.ratis.grpc.server.GrpcServerProtocolService$1.process(GrpcServerProtocolService.java:205)
	at org.apache.ratis.grpc.server.GrpcServerProtocolService$1.process(GrpcServerProtocolService.java:202)
	at org.apache.ratis.grpc.server.GrpcServerProtocolService$ServerRequestStreamObserver.onNext(GrpcServerProtocolService.java:124)
	at org.apache.ratis.thirdparty.io.grpc.stub.ServerCalls$StreamingServerCallHandler$StreamingServerCallListener.onMessage(ServerCalls.java:262)
	at org.apache.ratis.thirdparty.io.grpc.ForwardingServerCallListener.onMessage(ForwardingServerCallListener.java:33)
	at org.apache.ratis.thirdparty.io.grpc.internal.ServerCallImpl$ServerStreamListenerImpl.messagesAvailableInternal(ServerCallImpl.java:332)
	at org.apache.ratis.thirdparty.io.grpc.internal.ServerCallImpl$ServerStreamListenerImpl.messagesAvailable(ServerCallImpl.java:315)
	at org.apache.ratis.thirdparty.io.grpc.internal.ServerImpl$JumpToApplicationThreadServerStreamListener$1MessagesAvailable.runInContext(ServerImpl.java:834)
	at org.apache.ratis.thirdparty.io.grpc.internal.ContextRunnable.run(ContextRunnable.java:37)
	at org.apache.ratis.thirdparty.io.grpc.internal.SerializingExecutor.run(SerializingExecutor.java:133)
	at java.util.concurrent.ThreadPoolExecutor.runWorker(ThreadPoolExecutor.java:1149)
	at java.util.concurrent.ThreadPoolExecutor$Worker.run(ThreadPoolExecutor.java:624)
	at java.lang.Thread.run(Thread.java:750)
2023-04-22 02:19:12,204 [grpc-default-executor-2] INFO  leader.FollowerInfo (FollowerInfoImpl.java:lambda$new$0(48)) - 6aaf5ca8-0737-4296-ba95-7f0e9402c55b@group-D4D495DF8B74->4fb9f1f7-4e3b-4bcf-a7e7-c7ddcac09d11: nextIndex: updateUnconditionally 1 -> 0
2023-04-22 02:19:12,277 [FixedThreadPoolWithAffinityExecutor-0-0] WARN  container.ContainerReportHandler (AbstractContainerReportHandler.java:updateContainerState(259)) - Container #1 is in OPEN state, but the datanode 4fb9f1f7-4e3b-4bcf-a7e7-c7ddcac09d11(fv-az443-428.ap2fcshprsnunfx25e1aelzb4b.cx.internal.cloudapp.net/10.1.0.20) reports an QUASI_CLOSED replica.
2023-04-22 02:19:12,388 [FixedThreadPoolWithAffinityExecutor-0-0] WARN  container.ContainerReportHandler (AbstractContainerReportHandler.java:updateContainerState(259)) - Container #1 is in OPEN state, but the datanode 44aa5787-a9ca-4d27-a88e-9069c8f4547b(fv-az443-428.ap2fcshprsnunfx25e1aelzb4b.cx.internal.cloudapp.net/10.1.0.20) reports an QUASI_CLOSED replica.
2023-04-22 02:19:12,402 [BlockDeletingService#0] INFO  interfaces.ContainerDeletionChoosingPolicyTemplate (ContainerDeletionChoosingPolicyTemplate.java:chooseContainerForBlockDeletion(83)) - Chosen 0/5000 blocks from 0 candidate containers.
2023-04-22 02:19:12,477 [FixedThreadPoolWithAffinityExecutor-0-0] WARN  container.ContainerReportHandler (AbstractContainerReportHandler.java:updateContainerState(259)) - Container #1 is in OPEN state, but the datanode 4fb9f1f7-4e3b-4bcf-a7e7-c7ddcac09d11(fv-az443-428.ap2fcshprsnunfx25e1aelzb4b.cx.internal.cloudapp.net/10.1.0.20) reports an QUASI_CLOSED replica.
2023-04-22 02:19:12,490 [FixedThreadPoolWithAffinityExecutor-9-0] WARN  container.ContainerReportHandler (AbstractContainerReportHandler.java:updateContainerState(259)) - Container #4 is in OPEN state, but the datanode ffe33985-86ac-4dba-9cf7-e9d9be1914b9(fv-az443-428.ap2fcshprsnunfx25e1aelzb4b.cx.internal.cloudapp.net/10.1.0.20) reports an CLOSED replica.
2023-04-22 02:19:12,586 [FixedThreadPoolWithAffinityExecutor-9-0] WARN  container.ContainerReportHandler (AbstractContainerReportHandler.java:updateContainerState(259)) - Container #1 is in OPEN state, but the datanode 6aaf5ca8-0737-4296-ba95-7f0e9402c55b(fv-az443-428.ap2fcshprsnunfx25e1aelzb4b.cx.internal.cloudapp.net/10.1.0.20) reports an QUASI_CLOSED replica.
2023-04-22 02:19:12,587 [FixedThreadPoolWithAffinityExecutor-0-0] WARN  container.ContainerReportHandler (AbstractContainerReportHandler.java:updateContainerState(259)) - Container #1 is in OPEN state, but the datanode 44aa5787-a9ca-4d27-a88e-9069c8f4547b(fv-az443-428.ap2fcshprsnunfx25e1aelzb4b.cx.internal.cloudapp.net/10.1.0.20) reports an QUASI_CLOSED replica.
2023-04-22 02:19:12,677 [FixedThreadPoolWithAffinityExecutor-0-0] WARN  container.ContainerReportHandler (AbstractContainerReportHandler.java:updateContainerState(259)) - Container #1 is in OPEN state, but the datanode 4fb9f1f7-4e3b-4bcf-a7e7-c7ddcac09d11(fv-az443-428.ap2fcshprsnunfx25e1aelzb4b.cx.internal.cloudapp.net/10.1.0.20) reports an QUASI_CLOSED replica.
2023-04-22 02:19:12,690 [FixedThreadPoolWithAffinityExecutor-9-0] WARN  container.ContainerReportHandler (AbstractContainerReportHandler.java:updateContainerState(259)) - Container #4 is in OPEN state, but the datanode ffe33985-86ac-4dba-9cf7-e9d9be1914b9(fv-az443-428.ap2fcshprsnunfx25e1aelzb4b.cx.internal.cloudapp.net/10.1.0.20) reports an CLOSED replica.
2023-04-22 02:19:12,785 [FixedThreadPoolWithAffinityExecutor-9-0] WARN  container.ContainerReportHandler (AbstractContainerReportHandler.java:updateContainerState(259)) - Container #1 is in OPEN state, but the datanode 6aaf5ca8-0737-4296-ba95-7f0e9402c55b(fv-az443-428.ap2fcshprsnunfx25e1aelzb4b.cx.internal.cloudapp.net/10.1.0.20) reports an QUASI_CLOSED replica.
2023-04-22 02:19:12,787 [FixedThreadPoolWithAffinityExecutor-0-0] WARN  container.ContainerReportHandler (AbstractContainerReportHandler.java:updateContainerState(259)) - Container #1 is in OPEN state, but the datanode 44aa5787-a9ca-4d27-a88e-9069c8f4547b(fv-az443-428.ap2fcshprsnunfx25e1aelzb4b.cx.internal.cloudapp.net/10.1.0.20) reports an QUASI_CLOSED replica.
2023-04-22 02:19:12,794 [BlockDeletingService#0] INFO  interfaces.ContainerDeletionChoosingPolicyTemplate (ContainerDeletionChoosingPolicyTemplate.java:chooseContainerForBlockDeletion(83)) - Chosen 0/5000 blocks from 0 candidate containers.
2023-04-22 02:19:12,828 [timer5] WARN  server.GrpcLogAppender (GrpcLogAppender.java:timeoutAppendRequest(314)) - b7c32ab9-1d10-40a2-8298-2f54da75b521@group-E7D3625E2A84->1fa0605c-c70f-40a8-a13c-0f797dcff94f-GrpcLogAppender: HEARTBEAT appendEntries Timeout, request=AppendEntriesRequest:cid=8078854,entriesCount=0,lastEntry=null
2023-04-22 02:19:12,878 [FixedThreadPoolWithAffinityExecutor-0-0] WARN  container.ContainerReportHandler (AbstractContainerReportHandler.java:updateContainerState(259)) - Container #1 is in OPEN state, but the datanode 4fb9f1f7-4e3b-4bcf-a7e7-c7ddcac09d11(fv-az443-428.ap2fcshprsnunfx25e1aelzb4b.cx.internal.cloudapp.net/10.1.0.20) reports an QUASI_CLOSED replica.
2023-04-22 02:19:13,078 [FixedThreadPoolWithAffinityExecutor-0-0] WARN  container.ContainerReportHandler (AbstractContainerReportHandler.java:updateContainerState(259)) - Container #1 is in OPEN state, but the datanode 4fb9f1f7-4e3b-4bcf-a7e7-c7ddcac09d11(fv-az443-428.ap2fcshprsnunfx25e1aelzb4b.cx.internal.cloudapp.net/10.1.0.20) reports an QUASI_CLOSED replica.
2023-04-22 02:19:13,081 [grpc-default-executor-1] WARN  server.GrpcServerProtocolService (LogUtils.java:warn(124)) - 4fb9f1f7-4e3b-4bcf-a7e7-c7ddcac09d11: Failed APPEND_ENTRIES request 6aaf5ca8-0737-4296-ba95-7f0e9402c55b->4fb9f1f7-4e3b-4bcf-a7e7-c7ddcac09d11#21-t2,previous=(t:1, i:0),leaderCommit=1,initializing? true,entries: size=1, first=(t:2, i:1), CONFIGURATIONENTRY(current:id: "6aaf5ca8-0737-4296-ba95-7f0e9402c55b"
address: "10.1.0.20:37225"
dataStreamAddress: "10.1.0.20:33711"
clientAddress: "10.1.0.20:37225"
adminAddress: "10.1.0.20:37225"
startupRole: FOLLOWER
,id: "4fb9f1f7-4e3b-4bcf-a7e7-c7ddcac09d11"
address: "10.1.0.20:44181"
priority: 1
dataStreamAddress: "10.1.0.20:37741"
clientAddress: "10.1.0.20:44181"
adminAddress: "10.1.0.20:44181"
startupRole: FOLLOWER
,id: "44aa5787-a9ca-4d27-a88e-9069c8f4547b"
address: "10.1.0.20:46431"
dataStreamAddress: "10.1.0.20:44789"
clientAddress: "10.1.0.20:46431"
adminAddress: "10.1.0.20:46431"
startupRole: FOLLOWER
, old:)
java.util.concurrent.CompletionException: org.apache.ratis.protocol.exceptions.GroupMismatchException: 4fb9f1f7-4e3b-4bcf-a7e7-c7ddcac09d11: group-D97743807C2E not found.
	at java.util.concurrent.CompletableFuture.encodeThrowable(CompletableFuture.java:292)
	at java.util.concurrent.CompletableFuture.uniComposeStage(CompletableFuture.java:989)
	at java.util.concurrent.CompletableFuture.thenCompose(CompletableFuture.java:2137)
	at org.apache.ratis.server.impl.RaftServerProxy.appendEntriesAsync(RaftServerProxy.java:630)
	at org.apache.ratis.grpc.server.GrpcServerProtocolService$1.process(GrpcServerProtocolService.java:205)
	at org.apache.ratis.grpc.server.GrpcServerProtocolService$1.process(GrpcServerProtocolService.java:202)
	at org.apache.ratis.grpc.server.GrpcServerProtocolService$ServerRequestStreamObserver.onNext(GrpcServerProtocolService.java:124)
	at org.apache.ratis.thirdparty.io.grpc.stub.ServerCalls$StreamingServerCallHandler$StreamingServerCallListener.onMessage(ServerCalls.java:262)
	at org.apache.ratis.thirdparty.io.grpc.ForwardingServerCallListener.onMessage(ForwardingServerCallListener.java:33)
	at org.apache.ratis.thirdparty.io.grpc.internal.ServerCallImpl$ServerStreamListenerImpl.messagesAvailableInternal(ServerCallImpl.java:332)
	at org.apache.ratis.thirdparty.io.grpc.internal.ServerCallImpl$ServerStreamListenerImpl.messagesAvailable(ServerCallImpl.java:315)
	at org.apache.ratis.thirdparty.io.grpc.internal.ServerImpl$JumpToApplicationThreadServerStreamListener$1MessagesAvailable.runInContext(ServerImpl.java:834)
	at org.apache.ratis.thirdparty.io.grpc.internal.ContextRunnable.run(ContextRunnable.java:37)
	at org.apache.ratis.thirdparty.io.grpc.internal.SerializingExecutor.run(SerializingExecutor.java:133)
	at java.util.concurrent.ThreadPoolExecutor.runWorker(ThreadPoolExecutor.java:1149)
	at java.util.concurrent.ThreadPoolExecutor$Worker.run(ThreadPoolExecutor.java:624)
	at java.lang.Thread.run(Thread.java:750)
Caused by: org.apache.ratis.protocol.exceptions.GroupMismatchException: 4fb9f1f7-4e3b-4bcf-a7e7-c7ddcac09d11: group-D97743807C2E not found.
	at org.apache.ratis.server.impl.RaftServerProxy$ImplMap.get(RaftServerProxy.java:150)
	at org.apache.ratis.server.impl.RaftServerProxy.getImplFuture(RaftServerProxy.java:351)
	at org.apache.ratis.server.impl.RaftServerProxy.appendEntriesAsync(RaftServerProxy.java:629)
	... 13 more
2023-04-22 02:19:13,084 [grpc-default-executor-2] WARN  server.GrpcLogAppender (LogUtils.java:warn(124)) - 6aaf5ca8-0737-4296-ba95-7f0e9402c55b@group-D97743807C2E->4fb9f1f7-4e3b-4bcf-a7e7-c7ddcac09d11-AppendLogResponseHandler: Failed appendEntries
org.apache.ratis.protocol.exceptions.GroupMismatchException: 4fb9f1f7-4e3b-4bcf-a7e7-c7ddcac09d11: group-D97743807C2E not found.
	at org.apache.ratis.server.impl.RaftServerProxy$ImplMap.get(RaftServerProxy.java:150)
	at org.apache.ratis.server.impl.RaftServerProxy.getImplFuture(RaftServerProxy.java:351)
	at org.apache.ratis.server.impl.RaftServerProxy.appendEntriesAsync(RaftServerProxy.java:629)
	at org.apache.ratis.grpc.server.GrpcServerProtocolService$1.process(GrpcServerProtocolService.java:205)
	at org.apache.ratis.grpc.server.GrpcServerProtocolService$1.process(GrpcServerProtocolService.java:202)
	at org.apache.ratis.grpc.server.GrpcServerProtocolService$ServerRequestStreamObserver.onNext(GrpcServerProtocolService.java:124)
	at org.apache.ratis.thirdparty.io.grpc.stub.ServerCalls$StreamingServerCallHandler$StreamingServerCallListener.onMessage(ServerCalls.java:262)
	at org.apache.ratis.thirdparty.io.grpc.ForwardingServerCallListener.onMessage(ForwardingServerCallListener.java:33)
	at org.apache.ratis.thirdparty.io.grpc.internal.ServerCallImpl$ServerStreamListenerImpl.messagesAvailableInternal(ServerCallImpl.java:332)
	at org.apache.ratis.thirdparty.io.grpc.internal.ServerCallImpl$ServerStreamListenerImpl.messagesAvailable(ServerCallImpl.java:315)
	at org.apache.ratis.thirdparty.io.grpc.internal.ServerImpl$JumpToApplicationThreadServerStreamListener$1MessagesAvailable.runInContext(ServerImpl.java:834)
	at org.apache.ratis.thirdparty.io.grpc.internal.ContextRunnable.run(ContextRunnable.java:37)
	at org.apache.ratis.thirdparty.io.grpc.internal.SerializingExecutor.run(SerializingExecutor.java:133)
	at java.util.concurrent.ThreadPoolExecutor.runWorker(ThreadPoolExecutor.java:1149)
	at java.util.concurrent.ThreadPoolExecutor$Worker.run(ThreadPoolExecutor.java:624)
	at java.lang.Thread.run(Thread.java:750)
2023-04-22 02:19:13,084 [grpc-default-executor-2] INFO  leader.FollowerInfo (FollowerInfoImpl.java:lambda$new$0(48)) - 6aaf5ca8-0737-4296-ba95-7f0e9402c55b@group-D97743807C2E->4fb9f1f7-4e3b-4bcf-a7e7-c7ddcac09d11: nextIndex: updateUnconditionally 2 -> 1
2023-04-22 02:19:13,091 [FixedThreadPoolWithAffinityExecutor-9-0] WARN  container.ContainerReportHandler (AbstractContainerReportHandler.java:updateContainerState(259)) - Container #4 is in OPEN state, but the datanode ffe33985-86ac-4dba-9cf7-e9d9be1914b9(fv-az443-428.ap2fcshprsnunfx25e1aelzb4b.cx.internal.cloudapp.net/10.1.0.20) reports an CLOSED replica.
2023-04-22 02:19:13,179 [BlockDeletingService#0] INFO  interfaces.ContainerDeletionChoosingPolicyTemplate (ContainerDeletionChoosingPolicyTemplate.java:chooseContainerForBlockDeletion(83)) - Chosen 0/5000 blocks from 0 candidate containers.
2023-04-22 02:19:13,186 [FixedThreadPoolWithAffinityExecutor-9-0] WARN  container.ContainerReportHandler (AbstractContainerReportHandler.java:updateContainerState(259)) - Container #1 is in OPEN state, but the datanode 6aaf5ca8-0737-4296-ba95-7f0e9402c55b(fv-az443-428.ap2fcshprsnunfx25e1aelzb4b.cx.internal.cloudapp.net/10.1.0.20) reports an QUASI_CLOSED replica.
2023-04-22 02:19:13,191 [FixedThreadPoolWithAffinityExecutor-0-0] WARN  container.ContainerReportHandler (AbstractContainerReportHandler.java:updateContainerState(259)) - Container #1 is in OPEN state, but the datanode 44aa5787-a9ca-4d27-a88e-9069c8f4547b(fv-az443-428.ap2fcshprsnunfx25e1aelzb4b.cx.internal.cloudapp.net/10.1.0.20) reports an QUASI_CLOSED replica.
2023-04-22 02:19:13,277 [FixedThreadPoolWithAffinityExecutor-0-0] WARN  container.ContainerReportHandler (AbstractContainerReportHandler.java:updateContainerState(259)) - Container #1 is in OPEN state, but the datanode 4fb9f1f7-4e3b-4bcf-a7e7-c7ddcac09d11(fv-az443-428.ap2fcshprsnunfx25e1aelzb4b.cx.internal.cloudapp.net/10.1.0.20) reports an QUASI_CLOSED replica.
2023-04-22 02:19:13,290 [FixedThreadPoolWithAffinityExecutor-9-0] WARN  container.ContainerReportHandler (AbstractContainerReportHandler.java:updateContainerState(259)) - Container #4 is in OPEN state, but the datanode ffe33985-86ac-4dba-9cf7-e9d9be1914b9(fv-az443-428.ap2fcshprsnunfx25e1aelzb4b.cx.internal.cloudapp.net/10.1.0.20) reports an CLOSED replica.
2023-04-22 02:19:13,387 [FixedThreadPoolWithAffinityExecutor-0-0] WARN  container.ContainerReportHandler (AbstractContainerReportHandler.java:updateContainerState(259)) - Container #1 is in OPEN state, but the datanode 44aa5787-a9ca-4d27-a88e-9069c8f4547b(fv-az443-428.ap2fcshprsnunfx25e1aelzb4b.cx.internal.cloudapp.net/10.1.0.20) reports an QUASI_CLOSED replica.
2023-04-22 02:19:13,450 [grpc-default-executor-5] WARN  server.GrpcServerProtocolService (LogUtils.java:warn(124)) - 4fb9f1f7-4e3b-4bcf-a7e7-c7ddcac09d11: Failed APPEND_ENTRIES request 6aaf5ca8-0737-4296-ba95-7f0e9402c55b->4fb9f1f7-4e3b-4bcf-a7e7-c7ddcac09d11#277-t1,previous=(t:0, i:0),leaderCommit=1,initializing? true,entries: size=1, first=(t:1, i:0), CONFIGURATIONENTRY(current:id: "6aaf5ca8-0737-4296-ba95-7f0e9402c55b"
address: "10.1.0.20:37225"
priority: 1
dataStreamAddress: "10.1.0.20:33711"
clientAddress: "10.1.0.20:37225"
adminAddress: "10.1.0.20:37225"
startupRole: FOLLOWER
,id: "4fb9f1f7-4e3b-4bcf-a7e7-c7ddcac09d11"
address: "10.1.0.20:44181"
dataStreamAddress: "10.1.0.20:37741"
clientAddress: "10.1.0.20:44181"
adminAddress: "10.1.0.20:44181"
startupRole: FOLLOWER
,id: "44aa5787-a9ca-4d27-a88e-9069c8f4547b"
address: "10.1.0.20:46431"
dataStreamAddress: "10.1.0.20:44789"
clientAddress: "10.1.0.20:46431"
adminAddress: "10.1.0.20:46431"
startupRole: FOLLOWER
, old:)
java.util.concurrent.CompletionException: org.apache.ratis.protocol.exceptions.GroupMismatchException: 4fb9f1f7-4e3b-4bcf-a7e7-c7ddcac09d11: group-D4D495DF8B74 not found.
	at java.util.concurrent.CompletableFuture.encodeThrowable(CompletableFuture.java:292)
	at java.util.concurrent.CompletableFuture.uniComposeStage(CompletableFuture.java:989)
	at java.util.concurrent.CompletableFuture.thenCompose(CompletableFuture.java:2137)
	at org.apache.ratis.server.impl.RaftServerProxy.appendEntriesAsync(RaftServerProxy.java:630)
	at org.apache.ratis.grpc.server.GrpcServerProtocolService$1.process(GrpcServerProtocolService.java:205)
	at org.apache.ratis.grpc.server.GrpcServerProtocolService$1.process(GrpcServerProtocolService.java:202)
	at org.apache.ratis.grpc.server.GrpcServerProtocolService$ServerRequestStreamObserver.onNext(GrpcServerProtocolService.java:124)
	at org.apache.ratis.thirdparty.io.grpc.stub.ServerCalls$StreamingServerCallHandler$StreamingServerCallListener.onMessage(ServerCalls.java:262)
	at org.apache.ratis.thirdparty.io.grpc.ForwardingServerCallListener.onMessage(ForwardingServerCallListener.java:33)
	at org.apache.ratis.thirdparty.io.grpc.internal.ServerCallImpl$ServerStreamListenerImpl.messagesAvailableInternal(ServerCallImpl.java:332)
	at org.apache.ratis.thirdparty.io.grpc.internal.ServerCallImpl$ServerStreamListenerImpl.messagesAvailable(ServerCallImpl.java:315)
	at org.apache.ratis.thirdparty.io.grpc.internal.ServerImpl$JumpToApplicationThreadServerStreamListener$1MessagesAvailable.runInContext(ServerImpl.java:834)
	at org.apache.ratis.thirdparty.io.grpc.internal.ContextRunnable.run(ContextRunnable.java:37)
	at org.apache.ratis.thirdparty.io.grpc.internal.SerializingExecutor.run(SerializingExecutor.java:133)
	at java.util.concurrent.ThreadPoolExecutor.runWorker(ThreadPoolExecutor.java:1149)
	at java.util.concurrent.ThreadPoolExecutor$Worker.run(ThreadPoolExecutor.java:624)
	at java.lang.Thread.run(Thread.java:750)
Caused by: org.apache.ratis.protocol.exceptions.GroupMismatchException: 4fb9f1f7-4e3b-4bcf-a7e7-c7ddcac09d11: group-D4D495DF8B74 not found.
	at org.apache.ratis.server.impl.RaftServerProxy$ImplMap.get(RaftServerProxy.java:150)
	at org.apache.ratis.server.impl.RaftServerProxy.getImplFuture(RaftServerProxy.java:351)
	at org.apache.ratis.server.impl.RaftServerProxy.appendEntriesAsync(RaftServerProxy.java:629)
	... 13 more
2023-04-22 02:19:13,452 [grpc-default-executor-5] WARN  server.GrpcLogAppender (LogUtils.java:warn(124)) - 6aaf5ca8-0737-4296-ba95-7f0e9402c55b@group-D4D495DF8B74->4fb9f1f7-4e3b-4bcf-a7e7-c7ddcac09d11-AppendLogResponseHandler: Failed appendEntries
org.apache.ratis.protocol.exceptions.GroupMismatchException: 4fb9f1f7-4e3b-4bcf-a7e7-c7ddcac09d11: group-D4D495DF8B74 not found.
	at org.apache.ratis.server.impl.RaftServerProxy$ImplMap.get(RaftServerProxy.java:150)
	at org.apache.ratis.server.impl.RaftServerProxy.getImplFuture(RaftServerProxy.java:351)
	at org.apache.ratis.server.impl.RaftServerProxy.appendEntriesAsync(RaftServerProxy.java:629)
	at org.apache.ratis.grpc.server.GrpcServerProtocolService$1.process(GrpcServerProtocolService.java:205)
	at org.apache.ratis.grpc.server.GrpcServerProtocolService$1.process(GrpcServerProtocolService.java:202)
	at org.apache.ratis.grpc.server.GrpcServerProtocolService$ServerRequestStreamObserver.onNext(GrpcServerProtocolService.java:124)
	at org.apache.ratis.thirdparty.io.grpc.stub.ServerCalls$StreamingServerCallHandler$StreamingServerCallListener.onMessage(ServerCalls.java:262)
	at org.apache.ratis.thirdparty.io.grpc.ForwardingServerCallListener.onMessage(ForwardingServerCallListener.java:33)
	at org.apache.ratis.thirdparty.io.grpc.internal.ServerCallImpl$ServerStreamListenerImpl.messagesAvailableInternal(ServerCallImpl.java:332)
	at org.apache.ratis.thirdparty.io.grpc.internal.ServerCallImpl$ServerStreamListenerImpl.messagesAvailable(ServerCallImpl.java:315)
	at org.apache.ratis.thirdparty.io.grpc.internal.ServerImpl$JumpToApplicationThreadServerStreamListener$1MessagesAvailable.runInContext(ServerImpl.java:834)
	at org.apache.ratis.thirdparty.io.grpc.internal.ContextRunnable.run(ContextRunnable.java:37)
	at org.apache.ratis.thirdparty.io.grpc.internal.SerializingExecutor.run(SerializingExecutor.java:133)
	at java.util.concurrent.ThreadPoolExecutor.runWorker(ThreadPoolExecutor.java:1149)
	at java.util.concurrent.ThreadPoolExecutor$Worker.run(ThreadPoolExecutor.java:624)
	at java.lang.Thread.run(Thread.java:750)
2023-04-22 02:19:13,452 [grpc-default-executor-5] INFO  leader.FollowerInfo (FollowerInfoImpl.java:lambda$new$0(48)) - 6aaf5ca8-0737-4296-ba95-7f0e9402c55b@group-D4D495DF8B74->4fb9f1f7-4e3b-4bcf-a7e7-c7ddcac09d11: nextIndex: updateUnconditionally 1 -> 0
2023-04-22 02:19:13,477 [FixedThreadPoolWithAffinityExecutor-0-0] WARN  container.ContainerReportHandler (AbstractContainerReportHandler.java:updateContainerState(259)) - Container #1 is in OPEN state, but the datanode 4fb9f1f7-4e3b-4bcf-a7e7-c7ddcac09d11(fv-az443-428.ap2fcshprsnunfx25e1aelzb4b.cx.internal.cloudapp.net/10.1.0.20) reports an QUASI_CLOSED replica.
2023-04-22 02:19:13,561 [BlockDeletingService#0] INFO  interfaces.ContainerDeletionChoosingPolicyTemplate (ContainerDeletionChoosingPolicyTemplate.java:chooseContainerForBlockDeletion(83)) - Chosen 0/5000 blocks from 0 candidate containers.
2023-04-22 02:19:13,585 [FixedThreadPoolWithAffinityExecutor-9-0] WARN  container.ContainerReportHandler (AbstractContainerReportHandler.java:updateContainerState(259)) - Container #1 is in OPEN state, but the datanode 6aaf5ca8-0737-4296-ba95-7f0e9402c55b(fv-az443-428.ap2fcshprsnunfx25e1aelzb4b.cx.internal.cloudapp.net/10.1.0.20) reports an QUASI_CLOSED replica.
2023-04-22 02:19:13,588 [FixedThreadPoolWithAffinityExecutor-0-0] WARN  container.ContainerReportHandler (AbstractContainerReportHandler.java:updateContainerState(259)) - Container #1 is in OPEN state, but the datanode 44aa5787-a9ca-4d27-a88e-9069c8f4547b(fv-az443-428.ap2fcshprsnunfx25e1aelzb4b.cx.internal.cloudapp.net/10.1.0.20) reports an QUASI_CLOSED replica.
2023-04-22 02:19:13,691 [FixedThreadPoolWithAffinityExecutor-9-0] WARN  container.ContainerReportHandler (AbstractContainerReportHandler.java:updateContainerState(259)) - Container #4 is in OPEN state, but the datanode ffe33985-86ac-4dba-9cf7-e9d9be1914b9(fv-az443-428.ap2fcshprsnunfx25e1aelzb4b.cx.internal.cloudapp.net/10.1.0.20) reports an CLOSED replica.
2023-04-22 02:19:13,787 [FixedThreadPoolWithAffinityExecutor-0-0] WARN  container.ContainerReportHandler (AbstractContainerReportHandler.java:updateContainerState(259)) - Container #1 is in OPEN state, but the datanode 44aa5787-a9ca-4d27-a88e-9069c8f4547b(fv-az443-428.ap2fcshprsnunfx25e1aelzb4b.cx.internal.cloudapp.net/10.1.0.20) reports an QUASI_CLOSED replica.
2023-04-22 02:19:13,878 [FixedThreadPoolWithAffinityExecutor-0-0] WARN  container.ContainerReportHandler (AbstractContainerReportHandler.java:updateContainerState(259)) - Container #1 is in OPEN state, but the datanode 4fb9f1f7-4e3b-4bcf-a7e7-c7ddcac09d11(fv-az443-428.ap2fcshprsnunfx25e1aelzb4b.cx.internal.cloudapp.net/10.1.0.20) reports an QUASI_CLOSED replica.
2023-04-22 02:19:13,947 [BlockDeletingService#0] INFO  interfaces.ContainerDeletionChoosingPolicyTemplate (ContainerDeletionChoosingPolicyTemplate.java:chooseContainerForBlockDeletion(83)) - Chosen 0/5000 blocks from 0 candidate containers.
2023-04-22 02:19:13,985 [FixedThreadPoolWithAffinityExecutor-9-0] WARN  container.ContainerReportHandler (AbstractContainerReportHandler.java:updateContainerState(259)) - Container #1 is in OPEN state, but the datanode 6aaf5ca8-0737-4296-ba95-7f0e9402c55b(fv-az443-428.ap2fcshprsnunfx25e1aelzb4b.cx.internal.cloudapp.net/10.1.0.20) reports an QUASI_CLOSED replica.
2023-04-22 02:19:14,078 [FixedThreadPoolWithAffinityExecutor-0-0] WARN  container.ContainerReportHandler (AbstractContainerReportHandler.java:updateContainerState(259)) - Container #1 is in OPEN state, but the datanode 4fb9f1f7-4e3b-4bcf-a7e7-c7ddcac09d11(fv-az443-428.ap2fcshprsnunfx25e1aelzb4b.cx.internal.cloudapp.net/10.1.0.20) reports an QUASI_CLOSED replica.
2023-04-22 02:19:14,079 [timer3] WARN  server.GrpcLogAppender (GrpcLogAppender.java:timeoutAppendRequest(314)) - b7c32ab9-1d10-40a2-8298-2f54da75b521@group-E7D3625E2A84->1fa0605c-c70f-40a8-a13c-0f797dcff94f-GrpcLogAppender: HEARTBEAT appendEntries Timeout, request=AppendEntriesRequest:cid=8078855,entriesCount=0,lastEntry=null
2023-04-22 02:19:14,094 [FixedThreadPoolWithAffinityExecutor-9-0] WARN  container.ContainerReportHandler (AbstractContainerReportHandler.java:updateContainerState(259)) - Container #4 is in OPEN state, but the datanode ffe33985-86ac-4dba-9cf7-e9d9be1914b9(fv-az443-428.ap2fcshprsnunfx25e1aelzb4b.cx.internal.cloudapp.net/10.1.0.20) reports an CLOSED replica.
2023-04-22 02:19:14,187 [FixedThreadPoolWithAffinityExecutor-0-0] WARN  container.ContainerReportHandler (AbstractContainerReportHandler.java:updateContainerState(259)) - Container #1 is in OPEN state, but the datanode 44aa5787-a9ca-4d27-a88e-9069c8f4547b(fv-az443-428.ap2fcshprsnunfx25e1aelzb4b.cx.internal.cloudapp.net/10.1.0.20) reports an QUASI_CLOSED replica.
2023-04-22 02:19:14,278 [FixedThreadPoolWithAffinityExecutor-0-0] WARN  container.ContainerReportHandler (AbstractContainerReportHandler.java:updateContainerState(259)) - Container #1 is in OPEN state, but the datanode 4fb9f1f7-4e3b-4bcf-a7e7-c7ddcac09d11(fv-az443-428.ap2fcshprsnunfx25e1aelzb4b.cx.internal.cloudapp.net/10.1.0.20) reports an QUASI_CLOSED replica.
2023-04-22 02:19:14,295 [FixedThreadPoolWithAffinityExecutor-9-0] WARN  container.ContainerReportHandler (AbstractContainerReportHandler.java:updateContainerState(259)) - Container #4 is in OPEN state, but the datanode ffe33985-86ac-4dba-9cf7-e9d9be1914b9(fv-az443-428.ap2fcshprsnunfx25e1aelzb4b.cx.internal.cloudapp.net/10.1.0.20) reports an CLOSED replica.
2023-04-22 02:19:14,331 [grpc-default-executor-5] WARN  server.GrpcServerProtocolService (LogUtils.java:warn(124)) - 4fb9f1f7-4e3b-4bcf-a7e7-c7ddcac09d11: Failed APPEND_ENTRIES request 6aaf5ca8-0737-4296-ba95-7f0e9402c55b->4fb9f1f7-4e3b-4bcf-a7e7-c7ddcac09d11#23-t2,previous=(t:1, i:0),leaderCommit=1,initializing? true,entries: size=1, first=(t:2, i:1), CONFIGURATIONENTRY(current:id: "6aaf5ca8-0737-4296-ba95-7f0e9402c55b"
address: "10.1.0.20:37225"
dataStreamAddress: "10.1.0.20:33711"
clientAddress: "10.1.0.20:37225"
adminAddress: "10.1.0.20:37225"
startupRole: FOLLOWER
,id: "4fb9f1f7-4e3b-4bcf-a7e7-c7ddcac09d11"
address: "10.1.0.20:44181"
priority: 1
dataStreamAddress: "10.1.0.20:37741"
clientAddress: "10.1.0.20:44181"
adminAddress: "10.1.0.20:44181"
startupRole: FOLLOWER
,id: "44aa5787-a9ca-4d27-a88e-9069c8f4547b"
address: "10.1.0.20:46431"
dataStreamAddress: "10.1.0.20:44789"
clientAddress: "10.1.0.20:46431"
adminAddress: "10.1.0.20:46431"
startupRole: FOLLOWER
, old:)
java.util.concurrent.CompletionException: org.apache.ratis.protocol.exceptions.GroupMismatchException: 4fb9f1f7-4e3b-4bcf-a7e7-c7ddcac09d11: group-D97743807C2E not found.
	at java.util.concurrent.CompletableFuture.encodeThrowable(CompletableFuture.java:292)
	at java.util.concurrent.CompletableFuture.uniComposeStage(CompletableFuture.java:989)
	at java.util.concurrent.CompletableFuture.thenCompose(CompletableFuture.java:2137)
	at org.apache.ratis.server.impl.RaftServerProxy.appendEntriesAsync(RaftServerProxy.java:630)
	at org.apache.ratis.grpc.server.GrpcServerProtocolService$1.process(GrpcServerProtocolService.java:205)
	at org.apache.ratis.grpc.server.GrpcServerProtocolService$1.process(GrpcServerProtocolService.java:202)
	at org.apache.ratis.grpc.server.GrpcServerProtocolService$ServerRequestStreamObserver.onNext(GrpcServerProtocolService.java:124)
	at org.apache.ratis.thirdparty.io.grpc.stub.ServerCalls$StreamingServerCallHandler$StreamingServerCallListener.onMessage(ServerCalls.java:262)
	at org.apache.ratis.thirdparty.io.grpc.ForwardingServerCallListener.onMessage(ForwardingServerCallListener.java:33)
	at org.apache.ratis.thirdparty.io.grpc.internal.ServerCallImpl$ServerStreamListenerImpl.messagesAvailableInternal(ServerCallImpl.java:332)
	at org.apache.ratis.thirdparty.io.grpc.internal.ServerCallImpl$ServerStreamListenerImpl.messagesAvailable(ServerCallImpl.java:315)
	at org.apache.ratis.thirdparty.io.grpc.internal.ServerImpl$JumpToApplicationThreadServerStreamListener$1MessagesAvailable.runInContext(ServerImpl.java:834)
	at org.apache.ratis.thirdparty.io.grpc.internal.ContextRunnable.run(ContextRunnable.java:37)
	at org.apache.ratis.thirdparty.io.grpc.internal.SerializingExecutor.run(SerializingExecutor.java:133)
	at java.util.concurrent.ThreadPoolExecutor.runWorker(ThreadPoolExecutor.java:1149)
	at java.util.concurrent.ThreadPoolExecutor$Worker.run(ThreadPoolExecutor.java:624)
	at java.lang.Thread.run(Thread.java:750)
Caused by: org.apache.ratis.protocol.exceptions.GroupMismatchException: 4fb9f1f7-4e3b-4bcf-a7e7-c7ddcac09d11: group-D97743807C2E not found.
	at org.apache.ratis.server.impl.RaftServerProxy$ImplMap.get(RaftServerProxy.java:150)
	at org.apache.ratis.server.impl.RaftServerProxy.getImplFuture(RaftServerProxy.java:351)
	at org.apache.ratis.server.impl.RaftServerProxy.appendEntriesAsync(RaftServerProxy.java:629)
	... 13 more
2023-04-22 02:19:14,333 [grpc-default-executor-1] WARN  server.GrpcLogAppender (LogUtils.java:warn(124)) - 6aaf5ca8-0737-4296-ba95-7f0e9402c55b@group-D97743807C2E->4fb9f1f7-4e3b-4bcf-a7e7-c7ddcac09d11-AppendLogResponseHandler: Failed appendEntries
org.apache.ratis.protocol.exceptions.GroupMismatchException: 4fb9f1f7-4e3b-4bcf-a7e7-c7ddcac09d11: group-D97743807C2E not found.
	at org.apache.ratis.server.impl.RaftServerProxy$ImplMap.get(RaftServerProxy.java:150)
	at org.apache.ratis.server.impl.RaftServerProxy.getImplFuture(RaftServerProxy.java:351)
	at org.apache.ratis.server.impl.RaftServerProxy.appendEntriesAsync(RaftServerProxy.java:629)
	at org.apache.ratis.grpc.server.GrpcServerProtocolService$1.process(GrpcServerProtocolService.java:205)
	at org.apache.ratis.grpc.server.GrpcServerProtocolService$1.process(GrpcServerProtocolService.java:202)
	at org.apache.ratis.grpc.server.GrpcServerProtocolService$ServerRequestStreamObserver.onNext(GrpcServerProtocolService.java:124)
	at org.apache.ratis.thirdparty.io.grpc.stub.ServerCalls$StreamingServerCallHandler$StreamingServerCallListener.onMessage(ServerCalls.java:262)
	at org.apache.ratis.thirdparty.io.grpc.ForwardingServerCallListener.onMessage(ForwardingServerCallListener.java:33)
	at org.apache.ratis.thirdparty.io.grpc.internal.ServerCallImpl$ServerStreamListenerImpl.messagesAvailableInternal(ServerCallImpl.java:332)
	at org.apache.ratis.thirdparty.io.grpc.internal.ServerCallImpl$ServerStreamListenerImpl.messagesAvailable(ServerCallImpl.java:315)
	at org.apache.ratis.thirdparty.io.grpc.internal.ServerImpl$JumpToApplicationThreadServerStreamListener$1MessagesAvailable.runInContext(ServerImpl.java:834)
	at org.apache.ratis.thirdparty.io.grpc.internal.ContextRunnable.run(ContextRunnable.java:37)
	at org.apache.ratis.thirdparty.io.grpc.internal.SerializingExecutor.run(SerializingExecutor.java:133)
	at java.util.concurrent.ThreadPoolExecutor.runWorker(ThreadPoolExecutor.java:1149)
	at java.util.concurrent.ThreadPoolExecutor$Worker.run(ThreadPoolExecutor.java:624)
	at java.lang.Thread.run(Thread.java:750)
2023-04-22 02:19:14,334 [grpc-default-executor-1] INFO  leader.FollowerInfo (FollowerInfoImpl.java:lambda$new$0(48)) - 6aaf5ca8-0737-4296-ba95-7f0e9402c55b@group-D97743807C2E->4fb9f1f7-4e3b-4bcf-a7e7-c7ddcac09d11: nextIndex: updateUnconditionally 2 -> 1
2023-04-22 02:19:14,385 [FixedThreadPoolWithAffinityExecutor-9-0] WARN  container.ContainerReportHandler (AbstractContainerReportHandler.java:updateContainerState(259)) - Container #1 is in OPEN state, but the datanode 6aaf5ca8-0737-4296-ba95-7f0e9402c55b(fv-az443-428.ap2fcshprsnunfx25e1aelzb4b.cx.internal.cloudapp.net/10.1.0.20) reports an QUASI_CLOSED replica.
2023-04-22 02:19:14,387 [FixedThreadPoolWithAffinityExecutor-0-0] WARN  container.ContainerReportHandler (AbstractContainerReportHandler.java:updateContainerState(259)) - Container #1 is in OPEN state, but the datanode 44aa5787-a9ca-4d27-a88e-9069c8f4547b(fv-az443-428.ap2fcshprsnunfx25e1aelzb4b.cx.internal.cloudapp.net/10.1.0.20) reports an QUASI_CLOSED replica.
2023-04-22 02:19:14,477 [FixedThreadPoolWithAffinityExecutor-0-0] WARN  container.ContainerReportHandler (AbstractContainerReportHandler.java:updateContainerState(259)) - Container #1 is in OPEN state, but the datanode 4fb9f1f7-4e3b-4bcf-a7e7-c7ddcac09d11(fv-az443-428.ap2fcshprsnunfx25e1aelzb4b.cx.internal.cloudapp.net/10.1.0.20) reports an QUASI_CLOSED replica.
2023-04-22 02:19:14,586 [FixedThreadPoolWithAffinityExecutor-9-0] WARN  container.ContainerReportHandler (AbstractContainerReportHandler.java:updateContainerState(259)) - Container #1 is in OPEN state, but the datanode 6aaf5ca8-0737-4296-ba95-7f0e9402c55b(fv-az443-428.ap2fcshprsnunfx25e1aelzb4b.cx.internal.cloudapp.net/10.1.0.20) reports an QUASI_CLOSED replica.
2023-04-22 02:19:14,588 [FixedThreadPoolWithAffinityExecutor-0-0] WARN  container.ContainerReportHandler (AbstractContainerReportHandler.java:updateContainerState(259)) - Container #1 is in OPEN state, but the datanode 44aa5787-a9ca-4d27-a88e-9069c8f4547b(fv-az443-428.ap2fcshprsnunfx25e1aelzb4b.cx.internal.cloudapp.net/10.1.0.20) reports an QUASI_CLOSED replica.
2023-04-22 02:19:14,678 [FixedThreadPoolWithAffinityExecutor-0-0] WARN  container.ContainerReportHandler (AbstractContainerReportHandler.java:updateContainerState(259)) - Container #1 is in OPEN state, but the datanode 4fb9f1f7-4e3b-4bcf-a7e7-c7ddcac09d11(fv-az443-428.ap2fcshprsnunfx25e1aelzb4b.cx.internal.cloudapp.net/10.1.0.20) reports an QUASI_CLOSED replica.
2023-04-22 02:19:14,694 [FixedThreadPoolWithAffinityExecutor-9-0] WARN  container.ContainerReportHandler (AbstractContainerReportHandler.java:updateContainerState(259)) - Container #4 is in OPEN state, but the datanode ffe33985-86ac-4dba-9cf7-e9d9be1914b9(fv-az443-428.ap2fcshprsnunfx25e1aelzb4b.cx.internal.cloudapp.net/10.1.0.20) reports an CLOSED replica.
2023-04-22 02:19:14,701 [grpc-default-executor-5] WARN  server.GrpcServerProtocolService (LogUtils.java:warn(124)) - 4fb9f1f7-4e3b-4bcf-a7e7-c7ddcac09d11: Failed APPEND_ENTRIES request 6aaf5ca8-0737-4296-ba95-7f0e9402c55b->4fb9f1f7-4e3b-4bcf-a7e7-c7ddcac09d11#279-t1,previous=(t:0, i:0),leaderCommit=1,initializing? true,entries: size=1, first=(t:1, i:0), CONFIGURATIONENTRY(current:id: "6aaf5ca8-0737-4296-ba95-7f0e9402c55b"
address: "10.1.0.20:37225"
priority: 1
dataStreamAddress: "10.1.0.20:33711"
clientAddress: "10.1.0.20:37225"
adminAddress: "10.1.0.20:37225"
startupRole: FOLLOWER
,id: "4fb9f1f7-4e3b-4bcf-a7e7-c7ddcac09d11"
address: "10.1.0.20:44181"
dataStreamAddress: "10.1.0.20:37741"
clientAddress: "10.1.0.20:44181"
adminAddress: "10.1.0.20:44181"
startupRole: FOLLOWER
,id: "44aa5787-a9ca-4d27-a88e-9069c8f4547b"
address: "10.1.0.20:46431"
dataStreamAddress: "10.1.0.20:44789"
clientAddress: "10.1.0.20:46431"
adminAddress: "10.1.0.20:46431"
startupRole: FOLLOWER
, old:)
java.util.concurrent.CompletionException: org.apache.ratis.protocol.exceptions.GroupMismatchException: 4fb9f1f7-4e3b-4bcf-a7e7-c7ddcac09d11: group-D4D495DF8B74 not found.
	at java.util.concurrent.CompletableFuture.encodeThrowable(CompletableFuture.java:292)
	at java.util.concurrent.CompletableFuture.uniComposeStage(CompletableFuture.java:989)
	at java.util.concurrent.CompletableFuture.thenCompose(CompletableFuture.java:2137)
	at org.apache.ratis.server.impl.RaftServerProxy.appendEntriesAsync(RaftServerProxy.java:630)
	at org.apache.ratis.grpc.server.GrpcServerProtocolService$1.process(GrpcServerProtocolService.java:205)
	at org.apache.ratis.grpc.server.GrpcServerProtocolService$1.process(GrpcServerProtocolService.java:202)
	at org.apache.ratis.grpc.server.GrpcServerProtocolService$ServerRequestStreamObserver.onNext(GrpcServerProtocolService.java:124)
	at org.apache.ratis.thirdparty.io.grpc.stub.ServerCalls$StreamingServerCallHandler$StreamingServerCallListener.onMessage(ServerCalls.java:262)
	at org.apache.ratis.thirdparty.io.grpc.ForwardingServerCallListener.onMessage(ForwardingServerCallListener.java:33)
	at org.apache.ratis.thirdparty.io.grpc.internal.ServerCallImpl$ServerStreamListenerImpl.messagesAvailableInternal(ServerCallImpl.java:332)
	at org.apache.ratis.thirdparty.io.grpc.internal.ServerCallImpl$ServerStreamListenerImpl.messagesAvailable(ServerCallImpl.java:315)
	at org.apache.ratis.thirdparty.io.grpc.internal.ServerImpl$JumpToApplicationThreadServerStreamListener$1MessagesAvailable.runInContext(ServerImpl.java:834)
	at org.apache.ratis.thirdparty.io.grpc.internal.ContextRunnable.run(ContextRunnable.java:37)
	at org.apache.ratis.thirdparty.io.grpc.internal.SerializingExecutor.run(SerializingExecutor.java:133)
	at java.util.concurrent.ThreadPoolExecutor.runWorker(ThreadPoolExecutor.java:1149)
	at java.util.concurrent.ThreadPoolExecutor$Worker.run(ThreadPoolExecutor.java:624)
	at java.lang.Thread.run(Thread.java:750)
Caused by: org.apache.ratis.protocol.exceptions.GroupMismatchException: 4fb9f1f7-4e3b-4bcf-a7e7-c7ddcac09d11: group-D4D495DF8B74 not found.
	at org.apache.ratis.server.impl.RaftServerProxy$ImplMap.get(RaftServerProxy.java:150)
	at org.apache.ratis.server.impl.RaftServerProxy.getImplFuture(RaftServerProxy.java:351)
	at org.apache.ratis.server.impl.RaftServerProxy.appendEntriesAsync(RaftServerProxy.java:629)
	... 13 more
2023-04-22 02:19:14,703 [grpc-default-executor-1] WARN  server.GrpcLogAppender (LogUtils.java:warn(124)) - 6aaf5ca8-0737-4296-ba95-7f0e9402c55b@group-D4D495DF8B74->4fb9f1f7-4e3b-4bcf-a7e7-c7ddcac09d11-AppendLogResponseHandler: Failed appendEntries
org.apache.ratis.protocol.exceptions.GroupMismatchException: 4fb9f1f7-4e3b-4bcf-a7e7-c7ddcac09d11: group-D4D495DF8B74 not found.
	at org.apache.ratis.server.impl.RaftServerProxy$ImplMap.get(RaftServerProxy.java:150)
	at org.apache.ratis.server.impl.RaftServerProxy.getImplFuture(RaftServerProxy.java:351)
	at org.apache.ratis.server.impl.RaftServerProxy.appendEntriesAsync(RaftServerProxy.java:629)
	at org.apache.ratis.grpc.server.GrpcServerProtocolService$1.process(GrpcServerProtocolService.java:205)
	at org.apache.ratis.grpc.server.GrpcServerProtocolService$1.process(GrpcServerProtocolService.java:202)
	at org.apache.ratis.grpc.server.GrpcServerProtocolService$ServerRequestStreamObserver.onNext(GrpcServerProtocolService.java:124)
	at org.apache.ratis.thirdparty.io.grpc.stub.ServerCalls$StreamingServerCallHandler$StreamingServerCallListener.onMessage(ServerCalls.java:262)
	at org.apache.ratis.thirdparty.io.grpc.ForwardingServerCallListener.onMessage(ForwardingServerCallListener.java:33)
	at org.apache.ratis.thirdparty.io.grpc.internal.ServerCallImpl$ServerStreamListenerImpl.messagesAvailableInternal(ServerCallImpl.java:332)
	at org.apache.ratis.thirdparty.io.grpc.internal.ServerCallImpl$ServerStreamListenerImpl.messagesAvailable(ServerCallImpl.java:315)
	at org.apache.ratis.thirdparty.io.grpc.internal.ServerImpl$JumpToApplicationThreadServerStreamListener$1MessagesAvailable.runInContext(ServerImpl.java:834)
	at org.apache.ratis.thirdparty.io.grpc.internal.ContextRunnable.run(ContextRunnable.java:37)
	at org.apache.ratis.thirdparty.io.grpc.internal.SerializingExecutor.run(SerializingExecutor.java:133)
	at java.util.concurrent.ThreadPoolExecutor.runWorker(ThreadPoolExecutor.java:1149)
	at java.util.concurrent.ThreadPoolExecutor$Worker.run(ThreadPoolExecutor.java:624)
	at java.lang.Thread.run(Thread.java:750)
2023-04-22 02:19:14,703 [grpc-default-executor-1] INFO  leader.FollowerInfo (FollowerInfoImpl.java:lambda$new$0(48)) - 6aaf5ca8-0737-4296-ba95-7f0e9402c55b@group-D4D495DF8B74->4fb9f1f7-4e3b-4bcf-a7e7-c7ddcac09d11: nextIndex: updateUnconditionally 1 -> 0
2023-04-22 02:19:14,787 [FixedThreadPoolWithAffinityExecutor-0-0] WARN  container.ContainerReportHandler (AbstractContainerReportHandler.java:updateContainerState(259)) - Container #1 is in OPEN state, but the datanode 44aa5787-a9ca-4d27-a88e-9069c8f4547b(fv-az443-428.ap2fcshprsnunfx25e1aelzb4b.cx.internal.cloudapp.net/10.1.0.20) reports an QUASI_CLOSED replica.
2023-04-22 02:19:14,878 [FixedThreadPoolWithAffinityExecutor-0-0] WARN  container.ContainerReportHandler (AbstractContainerReportHandler.java:updateContainerState(259)) - Container #1 is in OPEN state, but the datanode 4fb9f1f7-4e3b-4bcf-a7e7-c7ddcac09d11(fv-az443-428.ap2fcshprsnunfx25e1aelzb4b.cx.internal.cloudapp.net/10.1.0.20) reports an QUASI_CLOSED replica.
2023-04-22 02:19:14,986 [FixedThreadPoolWithAffinityExecutor-9-0] WARN  container.ContainerReportHandler (AbstractContainerReportHandler.java:updateContainerState(259)) - Container #1 is in OPEN state, but the datanode 6aaf5ca8-0737-4296-ba95-7f0e9402c55b(fv-az443-428.ap2fcshprsnunfx25e1aelzb4b.cx.internal.cloudapp.net/10.1.0.20) reports an QUASI_CLOSED replica.
2023-04-22 02:19:15,078 [FixedThreadPoolWithAffinityExecutor-0-0] WARN  container.ContainerReportHandler (AbstractContainerReportHandler.java:updateContainerState(259)) - Container #1 is in OPEN state, but the datanode 4fb9f1f7-4e3b-4bcf-a7e7-c7ddcac09d11(fv-az443-428.ap2fcshprsnunfx25e1aelzb4b.cx.internal.cloudapp.net/10.1.0.20) reports an QUASI_CLOSED replica.
2023-04-22 02:19:15,095 [FixedThreadPoolWithAffinityExecutor-9-0] WARN  container.ContainerReportHandler (AbstractContainerReportHandler.java:updateContainerState(259)) - Container #4 is in OPEN state, but the datanode ffe33985-86ac-4dba-9cf7-e9d9be1914b9(fv-az443-428.ap2fcshprsnunfx25e1aelzb4b.cx.internal.cloudapp.net/10.1.0.20) reports an CLOSED replica.
2023-04-22 02:19:15,187 [FixedThreadPoolWithAffinityExecutor-0-0] WARN  container.ContainerReportHandler (AbstractContainerReportHandler.java:updateContainerState(259)) - Container #1 is in OPEN state, but the datanode 44aa5787-a9ca-4d27-a88e-9069c8f4547b(fv-az443-428.ap2fcshprsnunfx25e1aelzb4b.cx.internal.cloudapp.net/10.1.0.20) reports an QUASI_CLOSED replica.
2023-04-22 02:19:15,277 [FixedThreadPoolWithAffinityExecutor-0-0] WARN  container.ContainerReportHandler (AbstractContainerReportHandler.java:updateContainerState(259)) - Container #1 is in OPEN state, but the datanode 4fb9f1f7-4e3b-4bcf-a7e7-c7ddcac09d11(fv-az443-428.ap2fcshprsnunfx25e1aelzb4b.cx.internal.cloudapp.net/10.1.0.20) reports an QUASI_CLOSED replica.
2023-04-22 02:19:15,294 [FixedThreadPoolWithAffinityExecutor-9-0] WARN  container.ContainerReportHandler (AbstractContainerReportHandler.java:updateContainerState(259)) - Container #4 is in OPEN state, but the datanode ffe33985-86ac-4dba-9cf7-e9d9be1914b9(fv-az443-428.ap2fcshprsnunfx25e1aelzb4b.cx.internal.cloudapp.net/10.1.0.20) reports an CLOSED replica.
2023-04-22 02:19:15,330 [timer4] WARN  server.GrpcLogAppender (GrpcLogAppender.java:timeoutAppendRequest(314)) - b7c32ab9-1d10-40a2-8298-2f54da75b521@group-E7D3625E2A84->1fa0605c-c70f-40a8-a13c-0f797dcff94f-GrpcLogAppender: HEARTBEAT appendEntries Timeout, request=AppendEntriesRequest:cid=8078856,entriesCount=0,lastEntry=null
2023-04-22 02:19:15,386 [FixedThreadPoolWithAffinityExecutor-9-0] WARN  container.ContainerReportHandler (AbstractContainerReportHandler.java:updateContainerState(259)) - Container #1 is in OPEN state, but the datanode 6aaf5ca8-0737-4296-ba95-7f0e9402c55b(fv-az443-428.ap2fcshprsnunfx25e1aelzb4b.cx.internal.cloudapp.net/10.1.0.20) reports an QUASI_CLOSED replica.
2023-04-22 02:19:15,388 [FixedThreadPoolWithAffinityExecutor-0-0] WARN  container.ContainerReportHandler (AbstractContainerReportHandler.java:updateContainerState(259)) - Container #1 is in OPEN state, but the datanode 44aa5787-a9ca-4d27-a88e-9069c8f4547b(fv-az443-428.ap2fcshprsnunfx25e1aelzb4b.cx.internal.cloudapp.net/10.1.0.20) reports an QUASI_CLOSED replica.
2023-04-22 02:19:15,478 [FixedThreadPoolWithAffinityExecutor-0-0] WARN  container.ContainerReportHandler (AbstractContainerReportHandler.java:updateContainerState(259)) - Container #1 is in OPEN state, but the datanode 4fb9f1f7-4e3b-4bcf-a7e7-c7ddcac09d11(fv-az443-428.ap2fcshprsnunfx25e1aelzb4b.cx.internal.cloudapp.net/10.1.0.20) reports an QUASI_CLOSED replica.
2023-04-22 02:19:15,582 [grpc-default-executor-1] WARN  server.GrpcServerProtocolService (LogUtils.java:warn(124)) - 4fb9f1f7-4e3b-4bcf-a7e7-c7ddcac09d11: Failed APPEND_ENTRIES request 6aaf5ca8-0737-4296-ba95-7f0e9402c55b->4fb9f1f7-4e3b-4bcf-a7e7-c7ddcac09d11#25-t2,previous=(t:1, i:0),leaderCommit=1,initializing? true,entries: size=1, first=(t:2, i:1), CONFIGURATIONENTRY(current:id: "6aaf5ca8-0737-4296-ba95-7f0e9402c55b"
address: "10.1.0.20:37225"
dataStreamAddress: "10.1.0.20:33711"
clientAddress: "10.1.0.20:37225"
adminAddress: "10.1.0.20:37225"
startupRole: FOLLOWER
,id: "4fb9f1f7-4e3b-4bcf-a7e7-c7ddcac09d11"
address: "10.1.0.20:44181"
priority: 1
dataStreamAddress: "10.1.0.20:37741"
clientAddress: "10.1.0.20:44181"
adminAddress: "10.1.0.20:44181"
startupRole: FOLLOWER
,id: "44aa5787-a9ca-4d27-a88e-9069c8f4547b"
address: "10.1.0.20:46431"
dataStreamAddress: "10.1.0.20:44789"
clientAddress: "10.1.0.20:46431"
adminAddress: "10.1.0.20:46431"
startupRole: FOLLOWER
, old:)
java.util.concurrent.CompletionException: org.apache.ratis.protocol.exceptions.GroupMismatchException: 4fb9f1f7-4e3b-4bcf-a7e7-c7ddcac09d11: group-D97743807C2E not found.
	at java.util.concurrent.CompletableFuture.encodeThrowable(CompletableFuture.java:292)
	at java.util.concurrent.CompletableFuture.uniComposeStage(CompletableFuture.java:989)
	at java.util.concurrent.CompletableFuture.thenCompose(CompletableFuture.java:2137)
	at org.apache.ratis.server.impl.RaftServerProxy.appendEntriesAsync(RaftServerProxy.java:630)
	at org.apache.ratis.grpc.server.GrpcServerProtocolService$1.process(GrpcServerProtocolService.java:205)
	at org.apache.ratis.grpc.server.GrpcServerProtocolService$1.process(GrpcServerProtocolService.java:202)
	at org.apache.ratis.grpc.server.GrpcServerProtocolService$ServerRequestStreamObserver.onNext(GrpcServerProtocolService.java:124)
	at org.apache.ratis.thirdparty.io.grpc.stub.ServerCalls$StreamingServerCallHandler$StreamingServerCallListener.onMessage(ServerCalls.java:262)
	at org.apache.ratis.thirdparty.io.grpc.ForwardingServerCallListener.onMessage(ForwardingServerCallListener.java:33)
	at org.apache.ratis.thirdparty.io.grpc.internal.ServerCallImpl$ServerStreamListenerImpl.messagesAvailableInternal(ServerCallImpl.java:332)
	at org.apache.ratis.thirdparty.io.grpc.internal.ServerCallImpl$ServerStreamListenerImpl.messagesAvailable(ServerCallImpl.java:315)
	at org.apache.ratis.thirdparty.io.grpc.internal.ServerImpl$JumpToApplicationThreadServerStreamListener$1MessagesAvailable.runInContext(ServerImpl.java:834)
	at org.apache.ratis.thirdparty.io.grpc.internal.ContextRunnable.run(ContextRunnable.java:37)
	at org.apache.ratis.thirdparty.io.grpc.internal.SerializingExecutor.run(SerializingExecutor.java:133)
	at java.util.concurrent.ThreadPoolExecutor.runWorker(ThreadPoolExecutor.java:1149)
	at java.util.concurrent.ThreadPoolExecutor$Worker.run(ThreadPoolExecutor.java:624)
	at java.lang.Thread.run(Thread.java:750)
Caused by: org.apache.ratis.protocol.exceptions.GroupMismatchException: 4fb9f1f7-4e3b-4bcf-a7e7-c7ddcac09d11: group-D97743807C2E not found.
	at org.apache.ratis.server.impl.RaftServerProxy$ImplMap.get(RaftServerProxy.java:150)
	at org.apache.ratis.server.impl.RaftServerProxy.getImplFuture(RaftServerProxy.java:351)
	at org.apache.ratis.server.impl.RaftServerProxy.appendEntriesAsync(RaftServerProxy.java:629)
	... 13 more
2023-04-22 02:19:15,584 [grpc-default-executor-1] WARN  server.GrpcLogAppender (LogUtils.java:warn(124)) - 6aaf5ca8-0737-4296-ba95-7f0e9402c55b@group-D97743807C2E->4fb9f1f7-4e3b-4bcf-a7e7-c7ddcac09d11-AppendLogResponseHandler: Failed appendEntries
org.apache.ratis.protocol.exceptions.GroupMismatchException: 4fb9f1f7-4e3b-4bcf-a7e7-c7ddcac09d11: group-D97743807C2E not found.
	at org.apache.ratis.server.impl.RaftServerProxy$ImplMap.get(RaftServerProxy.java:150)
	at org.apache.ratis.server.impl.RaftServerProxy.getImplFuture(RaftServerProxy.java:351)
	at org.apache.ratis.server.impl.RaftServerProxy.appendEntriesAsync(RaftServerProxy.java:629)
	at org.apache.ratis.grpc.server.GrpcServerProtocolService$1.process(GrpcServerProtocolService.java:205)
	at org.apache.ratis.grpc.server.GrpcServerProtocolService$1.process(GrpcServerProtocolService.java:202)
	at org.apache.ratis.grpc.server.GrpcServerProtocolService$ServerRequestStreamObserver.onNext(GrpcServerProtocolService.java:124)
	at org.apache.ratis.thirdparty.io.grpc.stub.ServerCalls$StreamingServerCallHandler$StreamingServerCallListener.onMessage(ServerCalls.java:262)
	at org.apache.ratis.thirdparty.io.grpc.ForwardingServerCallListener.onMessage(ForwardingServerCallListener.java:33)
	at org.apache.ratis.thirdparty.io.grpc.internal.ServerCallImpl$ServerStreamListenerImpl.messagesAvailableInternal(ServerCallImpl.java:332)
	at org.apache.ratis.thirdparty.io.grpc.internal.ServerCallImpl$ServerStreamListenerImpl.messagesAvailable(ServerCallImpl.java:315)
	at org.apache.ratis.thirdparty.io.grpc.internal.ServerImpl$JumpToApplicationThreadServerStreamListener$1MessagesAvailable.runInContext(ServerImpl.java:834)
	at org.apache.ratis.thirdparty.io.grpc.internal.ContextRunnable.run(ContextRunnable.java:37)
	at org.apache.ratis.thirdparty.io.grpc.internal.SerializingExecutor.run(SerializingExecutor.java:133)
	at java.util.concurrent.ThreadPoolExecutor.runWorker(ThreadPoolExecutor.java:1149)
	at java.util.concurrent.ThreadPoolExecutor$Worker.run(ThreadPoolExecutor.java:624)
	at java.lang.Thread.run(Thread.java:750)
2023-04-22 02:19:15,585 [grpc-default-executor-1] INFO  leader.FollowerInfo (FollowerInfoImpl.java:lambda$new$0(48)) - 6aaf5ca8-0737-4296-ba95-7f0e9402c55b@group-D97743807C2E->4fb9f1f7-4e3b-4bcf-a7e7-c7ddcac09d11: nextIndex: updateUnconditionally 2 -> 1
2023-04-22 02:19:15,587 [FixedThreadPoolWithAffinityExecutor-0-0] WARN  container.ContainerReportHandler (AbstractContainerReportHandler.java:updateContainerState(259)) - Container #1 is in OPEN state, but the datanode 44aa5787-a9ca-4d27-a88e-9069c8f4547b(fv-az443-428.ap2fcshprsnunfx25e1aelzb4b.cx.internal.cloudapp.net/10.1.0.20) reports an QUASI_CLOSED replica.
2023-04-22 02:19:15,678 [FixedThreadPoolWithAffinityExecutor-0-0] WARN  container.ContainerReportHandler (AbstractContainerReportHandler.java:updateContainerState(259)) - Container #1 is in OPEN state, but the datanode 4fb9f1f7-4e3b-4bcf-a7e7-c7ddcac09d11(fv-az443-428.ap2fcshprsnunfx25e1aelzb4b.cx.internal.cloudapp.net/10.1.0.20) reports an QUASI_CLOSED replica.
2023-04-22 02:19:15,695 [FixedThreadPoolWithAffinityExecutor-9-0] WARN  container.ContainerReportHandler (AbstractContainerReportHandler.java:updateContainerState(259)) - Container #4 is in OPEN state, but the datanode ffe33985-86ac-4dba-9cf7-e9d9be1914b9(fv-az443-428.ap2fcshprsnunfx25e1aelzb4b.cx.internal.cloudapp.net/10.1.0.20) reports an CLOSED replica.
2023-04-22 02:19:15,786 [FixedThreadPoolWithAffinityExecutor-9-0] WARN  container.ContainerReportHandler (AbstractContainerReportHandler.java:updateContainerState(259)) - Container #1 is in OPEN state, but the datanode 6aaf5ca8-0737-4296-ba95-7f0e9402c55b(fv-az443-428.ap2fcshprsnunfx25e1aelzb4b.cx.internal.cloudapp.net/10.1.0.20) reports an QUASI_CLOSED replica.
2023-04-22 02:19:15,788 [FixedThreadPoolWithAffinityExecutor-0-0] WARN  container.ContainerReportHandler (AbstractContainerReportHandler.java:updateContainerState(259)) - Container #1 is in OPEN state, but the datanode 44aa5787-a9ca-4d27-a88e-9069c8f4547b(fv-az443-428.ap2fcshprsnunfx25e1aelzb4b.cx.internal.cloudapp.net/10.1.0.20) reports an QUASI_CLOSED replica.
2023-04-22 02:19:15,878 [FixedThreadPoolWithAffinityExecutor-0-0] WARN  container.ContainerReportHandler (AbstractContainerReportHandler.java:updateContainerState(259)) - Container #1 is in OPEN state, but the datanode 4fb9f1f7-4e3b-4bcf-a7e7-c7ddcac09d11(fv-az443-428.ap2fcshprsnunfx25e1aelzb4b.cx.internal.cloudapp.net/10.1.0.20) reports an QUASI_CLOSED replica.
2023-04-22 02:19:15,895 [FixedThreadPoolWithAffinityExecutor-9-0] WARN  container.ContainerReportHandler (AbstractContainerReportHandler.java:updateContainerState(259)) - Container #4 is in OPEN state, but the datanode ffe33985-86ac-4dba-9cf7-e9d9be1914b9(fv-az443-428.ap2fcshprsnunfx25e1aelzb4b.cx.internal.cloudapp.net/10.1.0.20) reports an CLOSED replica.
2023-04-22 02:19:15,952 [grpc-default-executor-1] WARN  server.GrpcServerProtocolService (LogUtils.java:warn(124)) - 4fb9f1f7-4e3b-4bcf-a7e7-c7ddcac09d11: Failed APPEND_ENTRIES request 6aaf5ca8-0737-4296-ba95-7f0e9402c55b->4fb9f1f7-4e3b-4bcf-a7e7-c7ddcac09d11#281-t1,previous=(t:0, i:0),leaderCommit=1,initializing? true,entries: size=1, first=(t:1, i:0), CONFIGURATIONENTRY(current:id: "6aaf5ca8-0737-4296-ba95-7f0e9402c55b"
address: "10.1.0.20:37225"
priority: 1
dataStreamAddress: "10.1.0.20:33711"
clientAddress: "10.1.0.20:37225"
adminAddress: "10.1.0.20:37225"
startupRole: FOLLOWER
,id: "4fb9f1f7-4e3b-4bcf-a7e7-c7ddcac09d11"
address: "10.1.0.20:44181"
dataStreamAddress: "10.1.0.20:37741"
clientAddress: "10.1.0.20:44181"
adminAddress: "10.1.0.20:44181"
startupRole: FOLLOWER
,id: "44aa5787-a9ca-4d27-a88e-9069c8f4547b"
address: "10.1.0.20:46431"
dataStreamAddress: "10.1.0.20:44789"
clientAddress: "10.1.0.20:46431"
adminAddress: "10.1.0.20:46431"
startupRole: FOLLOWER
, old:)
java.util.concurrent.CompletionException: org.apache.ratis.protocol.exceptions.GroupMismatchException: 4fb9f1f7-4e3b-4bcf-a7e7-c7ddcac09d11: group-D4D495DF8B74 not found.
	at java.util.concurrent.CompletableFuture.encodeThrowable(CompletableFuture.java:292)
	at java.util.concurrent.CompletableFuture.uniComposeStage(CompletableFuture.java:989)
	at java.util.concurrent.CompletableFuture.thenCompose(CompletableFuture.java:2137)
	at org.apache.ratis.server.impl.RaftServerProxy.appendEntriesAsync(RaftServerProxy.java:630)
	at org.apache.ratis.grpc.server.GrpcServerProtocolService$1.process(GrpcServerProtocolService.java:205)
	at org.apache.ratis.grpc.server.GrpcServerProtocolService$1.process(GrpcServerProtocolService.java:202)
	at org.apache.ratis.grpc.server.GrpcServerProtocolService$ServerRequestStreamObserver.onNext(GrpcServerProtocolService.java:124)
	at org.apache.ratis.thirdparty.io.grpc.stub.ServerCalls$StreamingServerCallHandler$StreamingServerCallListener.onMessage(ServerCalls.java:262)
	at org.apache.ratis.thirdparty.io.grpc.ForwardingServerCallListener.onMessage(ForwardingServerCallListener.java:33)
	at org.apache.ratis.thirdparty.io.grpc.internal.ServerCallImpl$ServerStreamListenerImpl.messagesAvailableInternal(ServerCallImpl.java:332)
	at org.apache.ratis.thirdparty.io.grpc.internal.ServerCallImpl$ServerStreamListenerImpl.messagesAvailable(ServerCallImpl.java:315)
	at org.apache.ratis.thirdparty.io.grpc.internal.ServerImpl$JumpToApplicationThreadServerStreamListener$1MessagesAvailable.runInContext(ServerImpl.java:834)
	at org.apache.ratis.thirdparty.io.grpc.internal.ContextRunnable.run(ContextRunnable.java:37)
	at org.apache.ratis.thirdparty.io.grpc.internal.SerializingExecutor.run(SerializingExecutor.java:133)
	at java.util.concurrent.ThreadPoolExecutor.runWorker(ThreadPoolExecutor.java:1149)
	at java.util.concurrent.ThreadPoolExecutor$Worker.run(ThreadPoolExecutor.java:624)
	at java.lang.Thread.run(Thread.java:750)
Caused by: org.apache.ratis.protocol.exceptions.GroupMismatchException: 4fb9f1f7-4e3b-4bcf-a7e7-c7ddcac09d11: group-D4D495DF8B74 not found.
	at org.apache.ratis.server.impl.RaftServerProxy$ImplMap.get(RaftServerProxy.java:150)
	at org.apache.ratis.server.impl.RaftServerProxy.getImplFuture(RaftServerProxy.java:351)
	at org.apache.ratis.server.impl.RaftServerProxy.appendEntriesAsync(RaftServerProxy.java:629)
	... 13 more
2023-04-22 02:19:15,954 [grpc-default-executor-5] WARN  server.GrpcLogAppender (LogUtils.java:warn(124)) - 6aaf5ca8-0737-4296-ba95-7f0e9402c55b@group-D4D495DF8B74->4fb9f1f7-4e3b-4bcf-a7e7-c7ddcac09d11-AppendLogResponseHandler: Failed appendEntries
org.apache.ratis.protocol.exceptions.GroupMismatchException: 4fb9f1f7-4e3b-4bcf-a7e7-c7ddcac09d11: group-D4D495DF8B74 not found.
	at org.apache.ratis.server.impl.RaftServerProxy$ImplMap.get(RaftServerProxy.java:150)
	at org.apache.ratis.server.impl.RaftServerProxy.getImplFuture(RaftServerProxy.java:351)
	at org.apache.ratis.server.impl.RaftServerProxy.appendEntriesAsync(RaftServerProxy.java:629)
	at org.apache.ratis.grpc.server.GrpcServerProtocolService$1.process(GrpcServerProtocolService.java:205)
	at org.apache.ratis.grpc.server.GrpcServerProtocolService$1.process(GrpcServerProtocolService.java:202)
	at org.apache.ratis.grpc.server.GrpcServerProtocolService$ServerRequestStreamObserver.onNext(GrpcServerProtocolService.java:124)
	at org.apache.ratis.thirdparty.io.grpc.stub.ServerCalls$StreamingServerCallHandler$StreamingServerCallListener.onMessage(ServerCalls.java:262)
	at org.apache.ratis.thirdparty.io.grpc.ForwardingServerCallListener.onMessage(ForwardingServerCallListener.java:33)
	at org.apache.ratis.thirdparty.io.grpc.internal.ServerCallImpl$ServerStreamListenerImpl.messagesAvailableInternal(ServerCallImpl.java:332)
	at org.apache.ratis.thirdparty.io.grpc.internal.ServerCallImpl$ServerStreamListenerImpl.messagesAvailable(ServerCallImpl.java:315)
	at org.apache.ratis.thirdparty.io.grpc.internal.ServerImpl$JumpToApplicationThreadServerStreamListener$1MessagesAvailable.runInContext(ServerImpl.java:834)
	at org.apache.ratis.thirdparty.io.grpc.internal.ContextRunnable.run(ContextRunnable.java:37)
	at org.apache.ratis.thirdparty.io.grpc.internal.SerializingExecutor.run(SerializingExecutor.java:133)
	at java.util.concurrent.ThreadPoolExecutor.runWorker(ThreadPoolExecutor.java:1149)
	at java.util.concurrent.ThreadPoolExecutor$Worker.run(ThreadPoolExecutor.java:624)
	at java.lang.Thread.run(Thread.java:750)
2023-04-22 02:19:15,954 [grpc-default-executor-5] INFO  leader.FollowerInfo (FollowerInfoImpl.java:lambda$new$0(48)) - 6aaf5ca8-0737-4296-ba95-7f0e9402c55b@group-D4D495DF8B74->4fb9f1f7-4e3b-4bcf-a7e7-c7ddcac09d11: nextIndex: updateUnconditionally 1 -> 0
2023-04-22 02:19:15,987 [FixedThreadPoolWithAffinityExecutor-0-0] WARN  container.ContainerReportHandler (AbstractContainerReportHandler.java:updateContainerState(259)) - Container #1 is in OPEN state, but the datanode 44aa5787-a9ca-4d27-a88e-9069c8f4547b(fv-az443-428.ap2fcshprsnunfx25e1aelzb4b.cx.internal.cloudapp.net/10.1.0.20) reports an QUASI_CLOSED replica.
2023-04-22 02:19:16,078 [FixedThreadPoolWithAffinityExecutor-0-0] WARN  container.ContainerReportHandler (AbstractContainerReportHandler.java:updateContainerState(259)) - Container #1 is in OPEN state, but the datanode 4fb9f1f7-4e3b-4bcf-a7e7-c7ddcac09d11(fv-az443-428.ap2fcshprsnunfx25e1aelzb4b.cx.internal.cloudapp.net/10.1.0.20) reports an QUASI_CLOSED replica.
2023-04-22 02:19:16,185 [FixedThreadPoolWithAffinityExecutor-9-0] WARN  container.ContainerReportHandler (AbstractContainerReportHandler.java:updateContainerState(259)) - Container #1 is in OPEN state, but the datanode 6aaf5ca8-0737-4296-ba95-7f0e9402c55b(fv-az443-428.ap2fcshprsnunfx25e1aelzb4b.cx.internal.cloudapp.net/10.1.0.20) reports an QUASI_CLOSED replica.
2023-04-22 02:19:16,278 [FixedThreadPoolWithAffinityExecutor-0-0] WARN  container.ContainerReportHandler (AbstractContainerReportHandler.java:updateContainerState(259)) - Container #1 is in OPEN state, but the datanode 4fb9f1f7-4e3b-4bcf-a7e7-c7ddcac09d11(fv-az443-428.ap2fcshprsnunfx25e1aelzb4b.cx.internal.cloudapp.net/10.1.0.20) reports an QUASI_CLOSED replica.
2023-04-22 02:19:16,295 [FixedThreadPoolWithAffinityExecutor-9-0] WARN  container.ContainerReportHandler (AbstractContainerReportHandler.java:updateContainerState(259)) - Container #4 is in OPEN state, but the datanode ffe33985-86ac-4dba-9cf7-e9d9be1914b9(fv-az443-428.ap2fcshprsnunfx25e1aelzb4b.cx.internal.cloudapp.net/10.1.0.20) reports an CLOSED replica.
2023-04-22 02:19:16,387 [FixedThreadPoolWithAffinityExecutor-0-0] WARN  container.ContainerReportHandler (AbstractContainerReportHandler.java:updateContainerState(259)) - Container #1 is in OPEN state, but the datanode 44aa5787-a9ca-4d27-a88e-9069c8f4547b(fv-az443-428.ap2fcshprsnunfx25e1aelzb4b.cx.internal.cloudapp.net/10.1.0.20) reports an QUASI_CLOSED replica.
2023-04-22 02:19:16,477 [FixedThreadPoolWithAffinityExecutor-0-0] WARN  container.ContainerReportHandler (AbstractContainerReportHandler.java:updateContainerState(259)) - Container #1 is in OPEN state, but the datanode 4fb9f1f7-4e3b-4bcf-a7e7-c7ddcac09d11(fv-az443-428.ap2fcshprsnunfx25e1aelzb4b.cx.internal.cloudapp.net/10.1.0.20) reports an QUASI_CLOSED replica.
2023-04-22 02:19:16,580 [timer2] WARN  server.GrpcLogAppender (GrpcLogAppender.java:timeoutAppendRequest(314)) - b7c32ab9-1d10-40a2-8298-2f54da75b521@group-E7D3625E2A84->1fa0605c-c70f-40a8-a13c-0f797dcff94f-GrpcLogAppender: HEARTBEAT appendEntries Timeout, request=AppendEntriesRequest:cid=8078857,entriesCount=0,lastEntry=null
2023-04-22 02:19:16,585 [FixedThreadPoolWithAffinityExecutor-9-0] WARN  container.ContainerReportHandler (AbstractContainerReportHandler.java:updateContainerState(259)) - Container #1 is in OPEN state, but the datanode 6aaf5ca8-0737-4296-ba95-7f0e9402c55b(fv-az443-428.ap2fcshprsnunfx25e1aelzb4b.cx.internal.cloudapp.net/10.1.0.20) reports an QUASI_CLOSED replica.
2023-04-22 02:19:16,588 [FixedThreadPoolWithAffinityExecutor-0-0] WARN  container.ContainerReportHandler (AbstractContainerReportHandler.java:updateContainerState(259)) - Container #1 is in OPEN state, but the datanode 44aa5787-a9ca-4d27-a88e-9069c8f4547b(fv-az443-428.ap2fcshprsnunfx25e1aelzb4b.cx.internal.cloudapp.net/10.1.0.20) reports an QUASI_CLOSED replica.
2023-04-22 02:19:16,678 [FixedThreadPoolWithAffinityExecutor-0-0] WARN  container.ContainerReportHandler (AbstractContainerReportHandler.java:updateContainerState(259)) - Container #1 is in OPEN state, but the datanode 4fb9f1f7-4e3b-4bcf-a7e7-c7ddcac09d11(fv-az443-428.ap2fcshprsnunfx25e1aelzb4b.cx.internal.cloudapp.net/10.1.0.20) reports an QUASI_CLOSED replica.
2023-04-22 02:19:16,694 [FixedThreadPoolWithAffinityExecutor-9-0] WARN  container.ContainerReportHandler (AbstractContainerReportHandler.java:updateContainerState(259)) - Container #4 is in OPEN state, but the datanode ffe33985-86ac-4dba-9cf7-e9d9be1914b9(fv-az443-428.ap2fcshprsnunfx25e1aelzb4b.cx.internal.cloudapp.net/10.1.0.20) reports an CLOSED replica.
2023-04-22 02:19:16,786 [FixedThreadPoolWithAffinityExecutor-9-0] WARN  container.ContainerReportHandler (AbstractContainerReportHandler.java:updateContainerState(259)) - Container #1 is in OPEN state, but the datanode 6aaf5ca8-0737-4296-ba95-7f0e9402c55b(fv-az443-428.ap2fcshprsnunfx25e1aelzb4b.cx.internal.cloudapp.net/10.1.0.20) reports an QUASI_CLOSED replica.
2023-04-22 02:19:16,787 [FixedThreadPoolWithAffinityExecutor-0-0] WARN  container.ContainerReportHandler (AbstractContainerReportHandler.java:updateContainerState(259)) - Container #1 is in OPEN state, but the datanode 44aa5787-a9ca-4d27-a88e-9069c8f4547b(fv-az443-428.ap2fcshprsnunfx25e1aelzb4b.cx.internal.cloudapp.net/10.1.0.20) reports an QUASI_CLOSED replica.
2023-04-22 02:19:16,833 [grpc-default-executor-1] WARN  server.GrpcServerProtocolService (LogUtils.java:warn(124)) - 4fb9f1f7-4e3b-4bcf-a7e7-c7ddcac09d11: Failed APPEND_ENTRIES request 6aaf5ca8-0737-4296-ba95-7f0e9402c55b->4fb9f1f7-4e3b-4bcf-a7e7-c7ddcac09d11#27-t2,previous=(t:1, i:0),leaderCommit=1,initializing? true,entries: size=1, first=(t:2, i:1), CONFIGURATIONENTRY(current:id: "6aaf5ca8-0737-4296-ba95-7f0e9402c55b"
address: "10.1.0.20:37225"
dataStreamAddress: "10.1.0.20:33711"
clientAddress: "10.1.0.20:37225"
adminAddress: "10.1.0.20:37225"
startupRole: FOLLOWER
,id: "4fb9f1f7-4e3b-4bcf-a7e7-c7ddcac09d11"
address: "10.1.0.20:44181"
priority: 1
dataStreamAddress: "10.1.0.20:37741"
clientAddress: "10.1.0.20:44181"
adminAddress: "10.1.0.20:44181"
startupRole: FOLLOWER
,id: "44aa5787-a9ca-4d27-a88e-9069c8f4547b"
address: "10.1.0.20:46431"
dataStreamAddress: "10.1.0.20:44789"
clientAddress: "10.1.0.20:46431"
adminAddress: "10.1.0.20:46431"
startupRole: FOLLOWER
, old:)
java.util.concurrent.CompletionException: org.apache.ratis.protocol.exceptions.GroupMismatchException: 4fb9f1f7-4e3b-4bcf-a7e7-c7ddcac09d11: group-D97743807C2E not found.
	at java.util.concurrent.CompletableFuture.encodeThrowable(CompletableFuture.java:292)
	at java.util.concurrent.CompletableFuture.uniComposeStage(CompletableFuture.java:989)
	at java.util.concurrent.CompletableFuture.thenCompose(CompletableFuture.java:2137)
	at org.apache.ratis.server.impl.RaftServerProxy.appendEntriesAsync(RaftServerProxy.java:630)
	at org.apache.ratis.grpc.server.GrpcServerProtocolService$1.process(GrpcServerProtocolService.java:205)
	at org.apache.ratis.grpc.server.GrpcServerProtocolService$1.process(GrpcServerProtocolService.java:202)
	at org.apache.ratis.grpc.server.GrpcServerProtocolService$ServerRequestStreamObserver.onNext(GrpcServerProtocolService.java:124)
	at org.apache.ratis.thirdparty.io.grpc.stub.ServerCalls$StreamingServerCallHandler$StreamingServerCallListener.onMessage(ServerCalls.java:262)
	at org.apache.ratis.thirdparty.io.grpc.ForwardingServerCallListener.onMessage(ForwardingServerCallListener.java:33)
	at org.apache.ratis.thirdparty.io.grpc.internal.ServerCallImpl$ServerStreamListenerImpl.messagesAvailableInternal(ServerCallImpl.java:332)
	at org.apache.ratis.thirdparty.io.grpc.internal.ServerCallImpl$ServerStreamListenerImpl.messagesAvailable(ServerCallImpl.java:315)
	at org.apache.ratis.thirdparty.io.grpc.internal.ServerImpl$JumpToApplicationThreadServerStreamListener$1MessagesAvailable.runInContext(ServerImpl.java:834)
	at org.apache.ratis.thirdparty.io.grpc.internal.ContextRunnable.run(ContextRunnable.java:37)
	at org.apache.ratis.thirdparty.io.grpc.internal.SerializingExecutor.run(SerializingExecutor.java:133)
	at java.util.concurrent.ThreadPoolExecutor.runWorker(ThreadPoolExecutor.java:1149)
	at java.util.concurrent.ThreadPoolExecutor$Worker.run(ThreadPoolExecutor.java:624)
	at java.lang.Thread.run(Thread.java:750)
Caused by: org.apache.ratis.protocol.exceptions.GroupMismatchException: 4fb9f1f7-4e3b-4bcf-a7e7-c7ddcac09d11: group-D97743807C2E not found.
	at org.apache.ratis.server.impl.RaftServerProxy$ImplMap.get(RaftServerProxy.java:150)
	at org.apache.ratis.server.impl.RaftServerProxy.getImplFuture(RaftServerProxy.java:351)
	at org.apache.ratis.server.impl.RaftServerProxy.appendEntriesAsync(RaftServerProxy.java:629)
	... 13 more
2023-04-22 02:19:16,835 [grpc-default-executor-5] WARN  server.GrpcLogAppender (LogUtils.java:warn(124)) - 6aaf5ca8-0737-4296-ba95-7f0e9402c55b@group-D97743807C2E->4fb9f1f7-4e3b-4bcf-a7e7-c7ddcac09d11-AppendLogResponseHandler: Failed appendEntries
org.apache.ratis.protocol.exceptions.GroupMismatchException: 4fb9f1f7-4e3b-4bcf-a7e7-c7ddcac09d11: group-D97743807C2E not found.
	at org.apache.ratis.server.impl.RaftServerProxy$ImplMap.get(RaftServerProxy.java:150)
	at org.apache.ratis.server.impl.RaftServerProxy.getImplFuture(RaftServerProxy.java:351)
	at org.apache.ratis.server.impl.RaftServerProxy.appendEntriesAsync(RaftServerProxy.java:629)
	at org.apache.ratis.grpc.server.GrpcServerProtocolService$1.process(GrpcServerProtocolService.java:205)
	at org.apache.ratis.grpc.server.GrpcServerProtocolService$1.process(GrpcServerProtocolService.java:202)
	at org.apache.ratis.grpc.server.GrpcServerProtocolService$ServerRequestStreamObserver.onNext(GrpcServerProtocolService.java:124)
	at org.apache.ratis.thirdparty.io.grpc.stub.ServerCalls$StreamingServerCallHandler$StreamingServerCallListener.onMessage(ServerCalls.java:262)
	at org.apache.ratis.thirdparty.io.grpc.ForwardingServerCallListener.onMessage(ForwardingServerCallListener.java:33)
	at org.apache.ratis.thirdparty.io.grpc.internal.ServerCallImpl$ServerStreamListenerImpl.messagesAvailableInternal(ServerCallImpl.java:332)
	at org.apache.ratis.thirdparty.io.grpc.internal.ServerCallImpl$ServerStreamListenerImpl.messagesAvailable(ServerCallImpl.java:315)
	at org.apache.ratis.thirdparty.io.grpc.internal.ServerImpl$JumpToApplicationThreadServerStreamListener$1MessagesAvailable.runInContext(ServerImpl.java:834)
	at org.apache.ratis.thirdparty.io.grpc.internal.ContextRunnable.run(ContextRunnable.java:37)
	at org.apache.ratis.thirdparty.io.grpc.internal.SerializingExecutor.run(SerializingExecutor.java:133)
	at java.util.concurrent.ThreadPoolExecutor.runWorker(ThreadPoolExecutor.java:1149)
	at java.util.concurrent.ThreadPoolExecutor$Worker.run(ThreadPoolExecutor.java:624)
	at java.lang.Thread.run(Thread.java:750)
2023-04-22 02:19:16,835 [grpc-default-executor-5] INFO  leader.FollowerInfo (FollowerInfoImpl.java:lambda$new$0(48)) - 6aaf5ca8-0737-4296-ba95-7f0e9402c55b@group-D97743807C2E->4fb9f1f7-4e3b-4bcf-a7e7-c7ddcac09d11: nextIndex: updateUnconditionally 2 -> 1
2023-04-22 02:19:16,895 [FixedThreadPoolWithAffinityExecutor-9-0] WARN  container.ContainerReportHandler (AbstractContainerReportHandler.java:updateContainerState(259)) - Container #4 is in OPEN state, but the datanode ffe33985-86ac-4dba-9cf7-e9d9be1914b9(fv-az443-428.ap2fcshprsnunfx25e1aelzb4b.cx.internal.cloudapp.net/10.1.0.20) reports an CLOSED replica.
2023-04-22 02:19:16,988 [FixedThreadPoolWithAffinityExecutor-0-0] WARN  container.ContainerReportHandler (AbstractContainerReportHandler.java:updateContainerState(259)) - Container #1 is in OPEN state, but the datanode 44aa5787-a9ca-4d27-a88e-9069c8f4547b(fv-az443-428.ap2fcshprsnunfx25e1aelzb4b.cx.internal.cloudapp.net/10.1.0.20) reports an QUASI_CLOSED replica.
2023-04-22 02:19:17,079 [FixedThreadPoolWithAffinityExecutor-0-0] WARN  container.ContainerReportHandler (AbstractContainerReportHandler.java:updateContainerState(259)) - Container #1 is in OPEN state, but the datanode 4fb9f1f7-4e3b-4bcf-a7e7-c7ddcac09d11(fv-az443-428.ap2fcshprsnunfx25e1aelzb4b.cx.internal.cloudapp.net/10.1.0.20) reports an QUASI_CLOSED replica.
2023-04-22 02:19:17,186 [FixedThreadPoolWithAffinityExecutor-9-0] WARN  container.ContainerReportHandler (AbstractContainerReportHandler.java:updateContainerState(259)) - Container #1 is in OPEN state, but the datanode 6aaf5ca8-0737-4296-ba95-7f0e9402c55b(fv-az443-428.ap2fcshprsnunfx25e1aelzb4b.cx.internal.cloudapp.net/10.1.0.20) reports an QUASI_CLOSED replica.
2023-04-22 02:19:17,203 [grpc-default-executor-5] WARN  server.GrpcServerProtocolService (LogUtils.java:warn(124)) - 4fb9f1f7-4e3b-4bcf-a7e7-c7ddcac09d11: Failed APPEND_ENTRIES request 6aaf5ca8-0737-4296-ba95-7f0e9402c55b->4fb9f1f7-4e3b-4bcf-a7e7-c7ddcac09d11#283-t1,previous=(t:0, i:0),leaderCommit=1,initializing? true,entries: size=1, first=(t:1, i:0), CONFIGURATIONENTRY(current:id: "6aaf5ca8-0737-4296-ba95-7f0e9402c55b"
address: "10.1.0.20:37225"
priority: 1
dataStreamAddress: "10.1.0.20:33711"
clientAddress: "10.1.0.20:37225"
adminAddress: "10.1.0.20:37225"
startupRole: FOLLOWER
,id: "4fb9f1f7-4e3b-4bcf-a7e7-c7ddcac09d11"
address: "10.1.0.20:44181"
dataStreamAddress: "10.1.0.20:37741"
clientAddress: "10.1.0.20:44181"
adminAddress: "10.1.0.20:44181"
startupRole: FOLLOWER
,id: "44aa5787-a9ca-4d27-a88e-9069c8f4547b"
address: "10.1.0.20:46431"
dataStreamAddress: "10.1.0.20:44789"
clientAddress: "10.1.0.20:46431"
adminAddress: "10.1.0.20:46431"
startupRole: FOLLOWER
, old:)
java.util.concurrent.CompletionException: org.apache.ratis.protocol.exceptions.GroupMismatchException: 4fb9f1f7-4e3b-4bcf-a7e7-c7ddcac09d11: group-D4D495DF8B74 not found.
	at java.util.concurrent.CompletableFuture.encodeThrowable(CompletableFuture.java:292)
	at java.util.concurrent.CompletableFuture.uniComposeStage(CompletableFuture.java:989)
	at java.util.concurrent.CompletableFuture.thenCompose(CompletableFuture.java:2137)
	at org.apache.ratis.server.impl.RaftServerProxy.appendEntriesAsync(RaftServerProxy.java:630)
	at org.apache.ratis.grpc.server.GrpcServerProtocolService$1.process(GrpcServerProtocolService.java:205)
	at org.apache.ratis.grpc.server.GrpcServerProtocolService$1.process(GrpcServerProtocolService.java:202)
	at org.apache.ratis.grpc.server.GrpcServerProtocolService$ServerRequestStreamObserver.onNext(GrpcServerProtocolService.java:124)
	at org.apache.ratis.thirdparty.io.grpc.stub.ServerCalls$StreamingServerCallHandler$StreamingServerCallListener.onMessage(ServerCalls.java:262)
	at org.apache.ratis.thirdparty.io.grpc.ForwardingServerCallListener.onMessage(ForwardingServerCallListener.java:33)
	at org.apache.ratis.thirdparty.io.grpc.internal.ServerCallImpl$ServerStreamListenerImpl.messagesAvailableInternal(ServerCallImpl.java:332)
	at org.apache.ratis.thirdparty.io.grpc.internal.ServerCallImpl$ServerStreamListenerImpl.messagesAvailable(ServerCallImpl.java:315)
	at org.apache.ratis.thirdparty.io.grpc.internal.ServerImpl$JumpToApplicationThreadServerStreamListener$1MessagesAvailable.runInContext(ServerImpl.java:834)
	at org.apache.ratis.thirdparty.io.grpc.internal.ContextRunnable.run(ContextRunnable.java:37)
	at org.apache.ratis.thirdparty.io.grpc.internal.SerializingExecutor.run(SerializingExecutor.java:133)
	at java.util.concurrent.ThreadPoolExecutor.runWorker(ThreadPoolExecutor.java:1149)
	at java.util.concurrent.ThreadPoolExecutor$Worker.run(ThreadPoolExecutor.java:624)
	at java.lang.Thread.run(Thread.java:750)
Caused by: org.apache.ratis.protocol.exceptions.GroupMismatchException: 4fb9f1f7-4e3b-4bcf-a7e7-c7ddcac09d11: group-D4D495DF8B74 not found.
	at org.apache.ratis.server.impl.RaftServerProxy$ImplMap.get(RaftServerProxy.java:150)
	at org.apache.ratis.server.impl.RaftServerProxy.getImplFuture(RaftServerProxy.java:351)
	at org.apache.ratis.server.impl.RaftServerProxy.appendEntriesAsync(RaftServerProxy.java:629)
	... 13 more
2023-04-22 02:19:17,205 [null-request--thread1] INFO  server.GrpcClientProtocolService (GrpcClientProtocolService.java:lambda$processClientRequest$0(284)) - Failed RaftClientRequest:client-50E3B55DA33D->6aaf5ca8-0737-4296-ba95-7f0e9402c55b@group-D97743807C2E, cid=160, seq=0, Watch-ALL_COMMITTED(4), Message:<EMPTY>, reply=RaftClientReply:client-50E3B55DA33D->6aaf5ca8-0737-4296-ba95-7f0e9402c55b@group-D97743807C2E, cid=160, FAILED org.apache.ratis.protocol.exceptions.NotReplicatedException: Request with call Id 160 and log index 4 is not yet replicated to ALL_COMMITTED, logIndex=4, commits[6aaf5ca8-0737-4296-ba95-7f0e9402c55b:c6, 4fb9f1f7-4e3b-4bcf-a7e7-c7ddcac09d11:c0, 44aa5787-a9ca-4d27-a88e-9069c8f4547b:c6]
2023-04-22 02:19:17,206 [grpc-default-executor-5] WARN  server.GrpcLogAppender (LogUtils.java:warn(124)) - 6aaf5ca8-0737-4296-ba95-7f0e9402c55b@group-D4D495DF8B74->4fb9f1f7-4e3b-4bcf-a7e7-c7ddcac09d11-AppendLogResponseHandler: Failed appendEntries
org.apache.ratis.protocol.exceptions.GroupMismatchException: 4fb9f1f7-4e3b-4bcf-a7e7-c7ddcac09d11: group-D4D495DF8B74 not found.
	at org.apache.ratis.server.impl.RaftServerProxy$ImplMap.get(RaftServerProxy.java:150)
	at org.apache.ratis.server.impl.RaftServerProxy.getImplFuture(RaftServerProxy.java:351)
	at org.apache.ratis.server.impl.RaftServerProxy.appendEntriesAsync(RaftServerProxy.java:629)
	at org.apache.ratis.grpc.server.GrpcServerProtocolService$1.process(GrpcServerProtocolService.java:205)
	at org.apache.ratis.grpc.server.GrpcServerProtocolService$1.process(GrpcServerProtocolService.java:202)
	at org.apache.ratis.grpc.server.GrpcServerProtocolService$ServerRequestStreamObserver.onNext(GrpcServerProtocolService.java:124)
	at org.apache.ratis.thirdparty.io.grpc.stub.ServerCalls$StreamingServerCallHandler$StreamingServerCallListener.onMessage(ServerCalls.java:262)
	at org.apache.ratis.thirdparty.io.grpc.ForwardingServerCallListener.onMessage(ForwardingServerCallListener.java:33)
	at org.apache.ratis.thirdparty.io.grpc.internal.ServerCallImpl$ServerStreamListenerImpl.messagesAvailableInternal(ServerCallImpl.java:332)
	at org.apache.ratis.thirdparty.io.grpc.internal.ServerCallImpl$ServerStreamListenerImpl.messagesAvailable(ServerCallImpl.java:315)
	at org.apache.ratis.thirdparty.io.grpc.internal.ServerImpl$JumpToApplicationThreadServerStreamListener$1MessagesAvailable.runInContext(ServerImpl.java:834)
	at org.apache.ratis.thirdparty.io.grpc.internal.ContextRunnable.run(ContextRunnable.java:37)
	at org.apache.ratis.thirdparty.io.grpc.internal.SerializingExecutor.run(SerializingExecutor.java:133)
	at java.util.concurrent.ThreadPoolExecutor.runWorker(ThreadPoolExecutor.java:1149)
	at java.util.concurrent.ThreadPoolExecutor$Worker.run(ThreadPoolExecutor.java:624)
	at java.lang.Thread.run(Thread.java:750)
2023-04-22 02:19:17,207 [grpc-default-executor-5] INFO  leader.FollowerInfo (FollowerInfoImpl.java:lambda$new$0(48)) - 6aaf5ca8-0737-4296-ba95-7f0e9402c55b@group-D4D495DF8B74->4fb9f1f7-4e3b-4bcf-a7e7-c7ddcac09d11: nextIndex: updateUnconditionally 1 -> 0
2023-04-22 02:19:17,210 [Listener at 127.0.0.1/41793] WARN  scm.XceiverClientRatis (XceiverClientRatis.java:watchForCommit(291)) - 3 way commit failed on pipeline Pipeline[ Id: 49d433d1-3766-4605-956b-d97743807c2e, Nodes: 4fb9f1f7-4e3b-4bcf-a7e7-c7ddcac09d11(fv-az443-428.ap2fcshprsnunfx25e1aelzb4b.cx.internal.cloudapp.net/10.1.0.20)44aa5787-a9ca-4d27-a88e-9069c8f4547b(fv-az443-428.ap2fcshprsnunfx25e1aelzb4b.cx.internal.cloudapp.net/10.1.0.20)6aaf5ca8-0737-4296-ba95-7f0e9402c55b(fv-az443-428.ap2fcshprsnunfx25e1aelzb4b.cx.internal.cloudapp.net/10.1.0.20), ReplicationConfig: RATIS/THREE, State:OPEN, leaderId:4fb9f1f7-4e3b-4bcf-a7e7-c7ddcac09d11, CreationTimestamp2023-04-22T02:18:13.193Z[Etc/UTC]]
java.util.concurrent.ExecutionException: org.apache.ratis.protocol.exceptions.NotReplicatedException: Request with call Id 160 and log index 4 is not yet replicated to ALL_COMMITTED
	at java.util.concurrent.CompletableFuture.reportGet(CompletableFuture.java:357)
	at java.util.concurrent.CompletableFuture.get(CompletableFuture.java:1908)
	at org.apache.hadoop.hdds.scm.XceiverClientRatis.watchForCommit(XceiverClientRatis.java:285)
	at org.apache.hadoop.hdds.scm.storage.CommitWatcher.watchForCommit(CommitWatcher.java:199)
	at org.apache.hadoop.hdds.scm.storage.CommitWatcher.watchOnLastIndex(CommitWatcher.java:166)
	at org.apache.hadoop.hdds.scm.storage.RatisBlockOutputStream.sendWatchForCommit(RatisBlockOutputStream.java:106)
	at org.apache.hadoop.hdds.scm.storage.BlockOutputStream.watchForCommit(BlockOutputStream.java:417)
	at org.apache.hadoop.hdds.scm.storage.BlockOutputStream.handleFlushInternal(BlockOutputStream.java:583)
	at org.apache.hadoop.hdds.scm.storage.BlockOutputStream.handleFlush(BlockOutputStream.java:545)
	at org.apache.hadoop.hdds.scm.storage.BlockOutputStream.flush(BlockOutputStream.java:522)
	at org.apache.hadoop.ozone.client.io.BlockOutputStreamEntry.flush(BlockOutputStreamEntry.java:139)
	at org.apache.hadoop.ozone.client.io.KeyOutputStream.handleStreamAction(KeyOutputStream.java:533)
	at org.apache.hadoop.ozone.client.io.KeyOutputStream.handleFlushOrClose(KeyOutputStream.java:499)
	at org.apache.hadoop.ozone.client.io.KeyOutputStream.flush(KeyOutputStream.java:449)
	at org.apache.hadoop.ozone.client.io.OzoneOutputStream.flush(OzoneOutputStream.java:62)
	at org.apache.hadoop.ozone.client.rpc.TestContainerStateMachineFailures.testContainerStateMachineDualFailureRetry(TestContainerStateMachineFailures.java:728)
	at sun.reflect.NativeMethodAccessorImpl.invoke0(Native Method)
	at sun.reflect.NativeMethodAccessorImpl.invoke(NativeMethodAccessorImpl.java:62)
	at sun.reflect.DelegatingMethodAccessorImpl.invoke(DelegatingMethodAccessorImpl.java:43)
	at java.lang.reflect.Method.invoke(Method.java:498)
	at org.junit.platform.commons.util.ReflectionUtils.invokeMethod(ReflectionUtils.java:725)
	at org.junit.jupiter.engine.execution.MethodInvocation.proceed(MethodInvocation.java:60)
	at org.junit.jupiter.engine.execution.InvocationInterceptorChain$ValidatingInvocation.proceed(InvocationInterceptorChain.java:131)
	at org.junit.jupiter.engine.extension.TimeoutExtension.intercept(TimeoutExtension.java:149)
	at org.junit.jupiter.engine.extension.TimeoutExtension.interceptTestableMethod(TimeoutExtension.java:140)
	at org.junit.jupiter.engine.extension.TimeoutExtension.interceptTestMethod(TimeoutExtension.java:84)
	at org.junit.jupiter.engine.execution.ExecutableInvoker$ReflectiveInterceptorCall.lambda$ofVoidMethod$0(ExecutableInvoker.java:115)
	at org.junit.jupiter.engine.execution.ExecutableInvoker.lambda$invoke$0(ExecutableInvoker.java:105)
	at org.junit.jupiter.engine.execution.InvocationInterceptorChain$InterceptedInvocation.proceed(InvocationInterceptorChain.java:106)
	at org.junit.jupiter.engine.execution.InvocationInterceptorChain.proceed(InvocationInterceptorChain.java:64)
	at org.junit.jupiter.engine.execution.InvocationInterceptorChain.chainAndInvoke(InvocationInterceptorChain.java:45)
	at org.junit.jupiter.engine.execution.InvocationInterceptorChain.invoke(InvocationInterceptorChain.java:37)
	at org.junit.jupiter.engine.execution.ExecutableInvoker.invoke(ExecutableInvoker.java:104)
	at org.junit.jupiter.engine.execution.ExecutableInvoker.invoke(ExecutableInvoker.java:98)
	at org.junit.jupiter.engine.descriptor.TestMethodTestDescriptor.lambda$invokeTestMethod$7(TestMethodTestDescriptor.java:214)
	at org.junit.platform.engine.support.hierarchical.ThrowableCollector.execute(ThrowableCollector.java:73)
	at org.junit.jupiter.engine.descriptor.TestMethodTestDescriptor.invokeTestMethod(TestMethodTestDescriptor.java:210)
	at org.junit.jupiter.engine.descriptor.TestMethodTestDescriptor.execute(TestMethodTestDescriptor.java:135)
	at org.junit.jupiter.engine.descriptor.TestMethodTestDescriptor.execute(TestMethodTestDescriptor.java:66)
	at org.junit.platform.engine.support.hierarchical.NodeTestTask.lambda$executeRecursively$6(NodeTestTask.java:151)
	at org.junit.platform.engine.support.hierarchical.ThrowableCollector.execute(ThrowableCollector.java:73)
	at org.junit.platform.engine.support.hierarchical.NodeTestTask.lambda$executeRecursively$8(NodeTestTask.java:141)
	at org.junit.platform.engine.support.hierarchical.Node.around(Node.java:137)
	at org.junit.platform.engine.support.hierarchical.NodeTestTask.lambda$executeRecursively$9(NodeTestTask.java:139)
	at org.junit.platform.engine.support.hierarchical.ThrowableCollector.execute(ThrowableCollector.java:73)
	at org.junit.platform.engine.support.hierarchical.NodeTestTask.executeRecursively(NodeTestTask.java:138)
	at org.junit.platform.engine.support.hierarchical.NodeTestTask.execute(NodeTestTask.java:95)
	at java.util.ArrayList.forEach(ArrayList.java:1259)
	at org.junit.platform.engine.support.hierarchical.SameThreadHierarchicalTestExecutorService.invokeAll(SameThreadHierarchicalTestExecutorService.java:41)
	at org.junit.platform.engine.support.hierarchical.NodeTestTask.lambda$executeRecursively$6(NodeTestTask.java:155)
	at org.junit.platform.engine.support.hierarchical.ThrowableCollector.execute(ThrowableCollector.java:73)
	at org.junit.platform.engine.support.hierarchical.NodeTestTask.lambda$executeRecursively$8(NodeTestTask.java:141)
	at org.junit.platform.engine.support.hierarchical.Node.around(Node.java:137)
	at org.junit.platform.engine.support.hierarchical.NodeTestTask.lambda$executeRecursively$9(NodeTestTask.java:139)
	at org.junit.platform.engine.support.hierarchical.ThrowableCollector.execute(ThrowableCollector.java:73)
	at org.junit.platform.engine.support.hierarchical.NodeTestTask.executeRecursively(NodeTestTask.java:138)
	at org.junit.platform.engine.support.hierarchical.NodeTestTask.execute(NodeTestTask.java:95)
	at java.util.ArrayList.forEach(ArrayList.java:1259)
	at org.junit.platform.engine.support.hierarchical.SameThreadHierarchicalTestExecutorService.invokeAll(SameThreadHierarchicalTestExecutorService.java:41)
	at org.junit.platform.engine.support.hierarchical.NodeTestTask.lambda$executeRecursively$6(NodeTestTask.java:155)
	at org.junit.platform.engine.support.hierarchical.ThrowableCollector.execute(ThrowableCollector.java:73)
	at org.junit.platform.engine.support.hierarchical.NodeTestTask.lambda$executeRecursively$8(NodeTestTask.java:141)
	at org.junit.platform.engine.support.hierarchical.Node.around(Node.java:137)
	at org.junit.platform.engine.support.hierarchical.NodeTestTask.lambda$executeRecursively$9(NodeTestTask.java:139)
	at org.junit.platform.engine.support.hierarchical.ThrowableCollector.execute(ThrowableCollector.java:73)
	at org.junit.platform.engine.support.hierarchical.NodeTestTask.executeRecursively(NodeTestTask.java:138)
	at org.junit.platform.engine.support.hierarchical.NodeTestTask.execute(NodeTestTask.java:95)
	at org.junit.platform.engine.support.hierarchical.SameThreadHierarchicalTestExecutorService.submit(SameThreadHierarchicalTestExecutorService.java:35)
	at org.junit.platform.engine.support.hierarchical.HierarchicalTestExecutor.execute(HierarchicalTestExecutor.java:57)
	at org.junit.platform.engine.support.hierarchical.HierarchicalTestEngine.execute(HierarchicalTestEngine.java:54)
	at org.junit.platform.launcher.core.EngineExecutionOrchestrator.execute(EngineExecutionOrchestrator.java:107)
	at org.junit.platform.launcher.core.EngineExecutionOrchestrator.execute(EngineExecutionOrchestrator.java:88)
	at org.junit.platform.launcher.core.EngineExecutionOrchestrator.lambda$execute$0(EngineExecutionOrchestrator.java:54)
	at org.junit.platform.launcher.core.EngineExecutionOrchestrator.withInterceptedStreams(EngineExecutionOrchestrator.java:67)
	at org.junit.platform.launcher.core.EngineExecutionOrchestrator.execute(EngineExecutionOrchestrator.java:52)
	at org.junit.platform.launcher.core.DefaultLauncher.execute(DefaultLauncher.java:114)
	at org.junit.platform.launcher.core.DefaultLauncher.execute(DefaultLauncher.java:86)
	at org.junit.platform.launcher.core.DefaultLauncherSession$DelegatingLauncher.execute(DefaultLauncherSession.java:86)
	at org.junit.platform.launcher.core.SessionPerRequestLauncher.execute(SessionPerRequestLauncher.java:53)
	at org.apache.maven.surefire.junitplatform.JUnitPlatformProvider.execute(JUnitPlatformProvider.java:188)
	at org.apache.maven.surefire.junitplatform.JUnitPlatformProvider.invokeAllTests(JUnitPlatformProvider.java:154)
	at org.apache.maven.surefire.junitplatform.JUnitPlatformProvider.invoke(JUnitPlatformProvider.java:124)
	at org.apache.maven.surefire.booter.ForkedBooter.runSuitesInProcess(ForkedBooter.java:428)
	at org.apache.maven.surefire.booter.ForkedBooter.execute(ForkedBooter.java:162)
	at org.apache.maven.surefire.booter.ForkedBooter.run(ForkedBooter.java:562)
	at org.apache.maven.surefire.booter.ForkedBooter.main(ForkedBooter.java:548)
Caused by: org.apache.ratis.protocol.exceptions.NotReplicatedException: Request with call Id 160 and log index 4 is not yet replicated to ALL_COMMITTED
	at org.apache.ratis.client.impl.ClientProtoUtils.toRaftClientReply(ClientProtoUtils.java:381)
	at org.apache.ratis.grpc.client.GrpcClientProtocolClient$AsyncStreamObservers$1.onNext(GrpcClientProtocolClient.java:310)
	at org.apache.ratis.grpc.client.GrpcClientProtocolClient$AsyncStreamObservers$1.onNext(GrpcClientProtocolClient.java:305)
	at org.apache.ratis.thirdparty.io.grpc.stub.ClientCalls$StreamObserverToCallListenerAdapter.onMessage(ClientCalls.java:474)
	at org.apache.ratis.thirdparty.io.grpc.ForwardingClientCallListener.onMessage(ForwardingClientCallListener.java:33)
	at org.apache.ratis.thirdparty.io.grpc.internal.ClientCallImpl$ClientStreamListenerImpl$1MessagesAvailable.runInternal(ClientCallImpl.java:661)
	at org.apache.ratis.thirdparty.io.grpc.internal.ClientCallImpl$ClientStreamListenerImpl$1MessagesAvailable.runInContext(ClientCallImpl.java:646)
	at org.apache.ratis.thirdparty.io.grpc.internal.ContextRunnable.run(ContextRunnable.java:37)
	at org.apache.ratis.thirdparty.io.grpc.internal.SerializingExecutor.run(SerializingExecutor.java:133)
	at java.util.concurrent.ThreadPoolExecutor.runWorker(ThreadPoolExecutor.java:1149)
	at java.util.concurrent.ThreadPoolExecutor$Worker.run(ThreadPoolExecutor.java:624)
	at java.lang.Thread.run(Thread.java:750)
2023-04-22 02:19:17,214 [Listener at 127.0.0.1/41793] INFO  scm.XceiverClientRatis (XceiverClientRatis.java:lambda$watchForCommit$4(309)) - Could not commit index 4 on pipeline Pipeline[ Id: 49d433d1-3766-4605-956b-d97743807c2e, Nodes: 4fb9f1f7-4e3b-4bcf-a7e7-c7ddcac09d11(fv-az443-428.ap2fcshprsnunfx25e1aelzb4b.cx.internal.cloudapp.net/10.1.0.20)44aa5787-a9ca-4d27-a88e-9069c8f4547b(fv-az443-428.ap2fcshprsnunfx25e1aelzb4b.cx.internal.cloudapp.net/10.1.0.20)6aaf5ca8-0737-4296-ba95-7f0e9402c55b(fv-az443-428.ap2fcshprsnunfx25e1aelzb4b.cx.internal.cloudapp.net/10.1.0.20), ReplicationConfig: RATIS/THREE, State:OPEN, leaderId:4fb9f1f7-4e3b-4bcf-a7e7-c7ddcac09d11, CreationTimestamp2023-04-22T02:18:13.193Z[Etc/UTC]] to all the nodes. Server 4fb9f1f7-4e3b-4bcf-a7e7-c7ddcac09d11 has failed. Committed by majority.
2023-04-22 02:19:17,214 [Listener at 127.0.0.1/41793] WARN  storage.BlockOutputStream (BlockOutputStream.java:watchForCommit(423)) - Failed to commit BlockId conID: 9 locID: 111677748019200009 bcsId: 4 on Pipeline[ Id: 49d433d1-3766-4605-956b-d97743807c2e, Nodes: 4fb9f1f7-4e3b-4bcf-a7e7-c7ddcac09d11(fv-az443-428.ap2fcshprsnunfx25e1aelzb4b.cx.internal.cloudapp.net/10.1.0.20)44aa5787-a9ca-4d27-a88e-9069c8f4547b(fv-az443-428.ap2fcshprsnunfx25e1aelzb4b.cx.internal.cloudapp.net/10.1.0.20)6aaf5ca8-0737-4296-ba95-7f0e9402c55b(fv-az443-428.ap2fcshprsnunfx25e1aelzb4b.cx.internal.cloudapp.net/10.1.0.20), ReplicationConfig: RATIS/THREE, State:OPEN, leaderId:4fb9f1f7-4e3b-4bcf-a7e7-c7ddcac09d11, CreationTimestamp2023-04-22T02:18:13.193Z[Etc/UTC]]. Failed nodes: [4fb9f1f7-4e3b-4bcf-a7e7-c7ddcac09d11(null/null)]
2023-04-22 02:19:17,217 [ChunkWriter-1-0] ERROR helpers.ContainerUtils (ContainerUtils.java:getChunkDir(269)) - Chunks dir /home/runner/work/ozone/ozone/hadoop-ozone/integration-test/target/test-dir/MiniOzoneClusterImpl-b640deff-6994-498f-92ea-4ac5c972f0d8/datanode-2/data-0/containers/hdds/b640deff-6994-498f-92ea-4ac5c972f0d8/current/containerDir0/9/chunks does not exist
2023-04-22 02:19:17,217 [ChunkWriter-1-0] INFO  keyvalue.KeyValueHandler (ContainerUtils.java:logAndReturnError(91)) - Operation: WriteChunk , Trace ID:  , Message: Chunks directory /home/runner/work/ozone/ozone/hadoop-ozone/integration-test/target/test-dir/MiniOzoneClusterImpl-b640deff-6994-498f-92ea-4ac5c972f0d8/datanode-2/data-0/containers/hdds/b640deff-6994-498f-92ea-4ac5c972f0d8/current/containerDir0/9/chunks does not exist. , Result: UNABLE_TO_FIND_DATA_DIR , StorageContainerException Occurred.
org.apache.hadoop.hdds.scm.container.common.helpers.StorageContainerException: Chunks directory /home/runner/work/ozone/ozone/hadoop-ozone/integration-test/target/test-dir/MiniOzoneClusterImpl-b640deff-6994-498f-92ea-4ac5c972f0d8/datanode-2/data-0/containers/hdds/b640deff-6994-498f-92ea-4ac5c972f0d8/current/containerDir0/9/chunks does not exist.
	at org.apache.hadoop.ozone.container.common.helpers.ContainerUtils.getChunkDir(ContainerUtils.java:271)
	at org.apache.hadoop.ozone.container.common.impl.ContainerLayoutVersion.getChunkFile(ContainerLayoutVersion.java:125)
	at org.apache.hadoop.ozone.container.keyvalue.impl.FilePerBlockStrategy.getChunkFile(FilePerBlockStrategy.java:257)
	at org.apache.hadoop.ozone.container.keyvalue.impl.FilePerBlockStrategy.writeChunk(FilePerBlockStrategy.java:139)
	at org.apache.hadoop.ozone.container.keyvalue.impl.ChunkManagerDispatcher.writeChunk(ChunkManagerDispatcher.java:75)
	at org.apache.hadoop.ozone.container.keyvalue.KeyValueHandler.handleWriteChunk(KeyValueHandler.java:832)
	at org.apache.hadoop.ozone.container.keyvalue.KeyValueHandler.dispatchRequest(KeyValueHandler.java:273)
	at org.apache.hadoop.ozone.container.keyvalue.KeyValueHandler.handle(KeyValueHandler.java:232)
	at org.apache.hadoop.ozone.container.common.impl.HddsDispatcher.dispatchRequest(HddsDispatcher.java:320)
	at org.apache.hadoop.ozone.container.common.impl.HddsDispatcher.lambda$dispatch$0(HddsDispatcher.java:171)
	at org.apache.hadoop.hdds.server.OzoneProtocolMessageDispatcher.processRequest(OzoneProtocolMessageDispatcher.java:87)
	at org.apache.hadoop.ozone.container.common.impl.HddsDispatcher.dispatch(HddsDispatcher.java:170)
	at org.apache.hadoop.ozone.container.common.transport.server.ratis.ContainerStateMachine.dispatchCommand(ContainerStateMachine.java:439)
	at org.apache.hadoop.ozone.container.common.transport.server.ratis.ContainerStateMachine.runCommand(ContainerStateMachine.java:449)
	at org.apache.hadoop.ozone.container.common.transport.server.ratis.ContainerStateMachine.lambda$handleWriteChunk$2(ContainerStateMachine.java:495)
	at java.util.concurrent.CompletableFuture$AsyncSupply.run(CompletableFuture.java:1604)
	at java.util.concurrent.ThreadPoolExecutor.runWorker(ThreadPoolExecutor.java:1149)
	at java.util.concurrent.ThreadPoolExecutor$Worker.run(ThreadPoolExecutor.java:624)
	at java.lang.Thread.run(Thread.java:750)
2023-04-22 02:19:17,221 [grpc-default-executor-4] WARN  server.GrpcServerProtocolService (LogUtils.java:warn(124)) - 4fb9f1f7-4e3b-4bcf-a7e7-c7ddcac09d11: Failed APPEND_ENTRIES request 6aaf5ca8-0737-4296-ba95-7f0e9402c55b->4fb9f1f7-4e3b-4bcf-a7e7-c7ddcac09d11#28-t2,previous=(t:1, i:0),leaderCommit=1,initializing? true,entries: size=1, first=(t:2, i:1), CONFIGURATIONENTRY(current:id: "6aaf5ca8-0737-4296-ba95-7f0e9402c55b"
address: "10.1.0.20:37225"
dataStreamAddress: "10.1.0.20:33711"
clientAddress: "10.1.0.20:37225"
adminAddress: "10.1.0.20:37225"
startupRole: FOLLOWER
,id: "4fb9f1f7-4e3b-4bcf-a7e7-c7ddcac09d11"
address: "10.1.0.20:44181"
priority: 1
dataStreamAddress: "10.1.0.20:37741"
clientAddress: "10.1.0.20:44181"
adminAddress: "10.1.0.20:44181"
startupRole: FOLLOWER
,id: "44aa5787-a9ca-4d27-a88e-9069c8f4547b"
address: "10.1.0.20:46431"
dataStreamAddress: "10.1.0.20:44789"
clientAddress: "10.1.0.20:46431"
adminAddress: "10.1.0.20:46431"
startupRole: FOLLOWER
, old:)
java.util.concurrent.CompletionException: org.apache.ratis.protocol.exceptions.GroupMismatchException: 4fb9f1f7-4e3b-4bcf-a7e7-c7ddcac09d11: group-D97743807C2E not found.
	at java.util.concurrent.CompletableFuture.encodeThrowable(CompletableFuture.java:292)
	at java.util.concurrent.CompletableFuture.uniComposeStage(CompletableFuture.java:989)
	at java.util.concurrent.CompletableFuture.thenCompose(CompletableFuture.java:2137)
	at org.apache.ratis.server.impl.RaftServerProxy.appendEntriesAsync(RaftServerProxy.java:630)
	at org.apache.ratis.grpc.server.GrpcServerProtocolService$1.process(GrpcServerProtocolService.java:205)
	at org.apache.ratis.grpc.server.GrpcServerProtocolService$1.process(GrpcServerProtocolService.java:202)
	at org.apache.ratis.grpc.server.GrpcServerProtocolService$ServerRequestStreamObserver.onNext(GrpcServerProtocolService.java:124)
	at org.apache.ratis.thirdparty.io.grpc.stub.ServerCalls$StreamingServerCallHandler$StreamingServerCallListener.onMessage(ServerCalls.java:262)
	at org.apache.ratis.thirdparty.io.grpc.ForwardingServerCallListener.onMessage(ForwardingServerCallListener.java:33)
	at org.apache.ratis.thirdparty.io.grpc.internal.ServerCallImpl$ServerStreamListenerImpl.messagesAvailableInternal(ServerCallImpl.java:332)
	at org.apache.ratis.thirdparty.io.grpc.internal.ServerCallImpl$ServerStreamListenerImpl.messagesAvailable(ServerCallImpl.java:315)
	at org.apache.ratis.thirdparty.io.grpc.internal.ServerImpl$JumpToApplicationThreadServerStreamListener$1MessagesAvailable.runInContext(ServerImpl.java:834)
	at org.apache.ratis.thirdparty.io.grpc.internal.ContextRunnable.run(ContextRunnable.java:37)
	at org.apache.ratis.thirdparty.io.grpc.internal.SerializingExecutor.run(SerializingExecutor.java:133)
	at java.util.concurrent.ThreadPoolExecutor.runWorker(ThreadPoolExecutor.java:1149)
	at java.util.concurrent.ThreadPoolExecutor$Worker.run(ThreadPoolExecutor.java:624)
	at java.lang.Thread.run(Thread.java:750)
Caused by: org.apache.ratis.protocol.exceptions.GroupMismatchException: 4fb9f1f7-4e3b-4bcf-a7e7-c7ddcac09d11: group-D97743807C2E not found.
	at org.apache.ratis.server.impl.RaftServerProxy$ImplMap.get(RaftServerProxy.java:150)
	at org.apache.ratis.server.impl.RaftServerProxy.getImplFuture(RaftServerProxy.java:351)
	at org.apache.ratis.server.impl.RaftServerProxy.appendEntriesAsync(RaftServerProxy.java:629)
	... 13 more
02:19:17.222 [6aaf5ca8-0737-4296-ba95-7f0e9402c55b-client-thread2] ERROR DNAudit - user=null | ip=null | op=PUT_BLOCK {blockData=[blockId=conID: 9 locID: 111677748019200009 bcsId: 0, size=15]} | ret=FAILURE
org.apache.hadoop.hdds.scm.container.common.helpers.ContainerNotOpenException: Container 9 in UNHEALTHY state
	at org.apache.hadoop.ozone.container.common.impl.HddsDispatcher.validateContainerCommand(HddsDispatcher.java:513) ~[hdds-container-service-1.4.0-SNAPSHOT.jar:?]
	at org.apache.hadoop.ozone.container.common.transport.server.ratis.ContainerStateMachine.startTransaction(ContainerStateMachine.java:356) ~[hdds-container-service-1.4.0-SNAPSHOT.jar:?]
	at org.apache.ratis.server.impl.RaftServerImpl.submitClientRequestAsync(RaftServerImpl.java:871) ~[ratis-server-2.4.2-8b8bdda-SNAPSHOT.jar:2.4.2-8b8bdda-SNAPSHOT]
	at org.apache.ratis.server.impl.RaftServerImpl.lambda$null$12(RaftServerImpl.java:815) ~[ratis-server-2.4.2-8b8bdda-SNAPSHOT.jar:2.4.2-8b8bdda-SNAPSHOT]
	at org.apache.ratis.util.JavaUtils.callAsUnchecked(JavaUtils.java:117) ~[ratis-common-2.4.2-8b8bdda-SNAPSHOT.jar:2.4.2-8b8bdda-SNAPSHOT]
	at org.apache.ratis.server.impl.RaftServerImpl.lambda$executeSubmitClientRequestAsync$13(RaftServerImpl.java:815) ~[ratis-server-2.4.2-8b8bdda-SNAPSHOT.jar:2.4.2-8b8bdda-SNAPSHOT]
	at java.util.concurrent.CompletableFuture$AsyncSupply.run(CompletableFuture.java:1604) [?:1.8.0_362]
	at java.util.concurrent.ThreadPoolExecutor.runWorker(ThreadPoolExecutor.java:1149) [?:1.8.0_362]
	at java.util.concurrent.ThreadPoolExecutor$Worker.run(ThreadPoolExecutor.java:624) [?:1.8.0_362]
	at java.lang.Thread.run(Thread.java:750) [?:1.8.0_362]
2023-04-22 02:19:17,224 [ChunkWriter-1-0] WARN  keyvalue.KeyValueContainer (KeyValueContainer.java:markContainerUnhealthy(348)) - Moving container /home/runner/work/ozone/ozone/hadoop-ozone/integration-test/target/test-dir/MiniOzoneClusterImpl-b640deff-6994-498f-92ea-4ac5c972f0d8/datanode-2/data-0/containers/hdds/b640deff-6994-498f-92ea-4ac5c972f0d8/current/containerDir0/9 to state UNHEALTHY from state:OPEN
2023-04-22 02:19:17,224 [ChunkWriter-1-0] INFO  impl.HddsDispatcher (HddsDispatcher.java:dispatchRequest(361)) - Marked Container UNHEALTHY, ContainerID: 9
2023-04-22 02:19:17,229 [grpc-default-executor-4] WARN  server.GrpcLogAppender (LogUtils.java:warn(124)) - 6aaf5ca8-0737-4296-ba95-7f0e9402c55b@group-D97743807C2E->4fb9f1f7-4e3b-4bcf-a7e7-c7ddcac09d11-AppendLogResponseHandler: Failed appendEntries
org.apache.ratis.protocol.exceptions.GroupMismatchException: 4fb9f1f7-4e3b-4bcf-a7e7-c7ddcac09d11: group-D97743807C2E not found.
	at org.apache.ratis.server.impl.RaftServerProxy$ImplMap.get(RaftServerProxy.java:150)
	at org.apache.ratis.server.impl.RaftServerProxy.getImplFuture(RaftServerProxy.java:351)
	at org.apache.ratis.server.impl.RaftServerProxy.appendEntriesAsync(RaftServerProxy.java:629)
	at org.apache.ratis.grpc.server.GrpcServerProtocolService$1.process(GrpcServerProtocolService.java:205)
	at org.apache.ratis.grpc.server.GrpcServerProtocolService$1.process(GrpcServerProtocolService.java:202)
	at org.apache.ratis.grpc.server.GrpcServerProtocolService$ServerRequestStreamObserver.onNext(GrpcServerProtocolService.java:124)
	at org.apache.ratis.thirdparty.io.grpc.stub.ServerCalls$StreamingServerCallHandler$StreamingServerCallListener.onMessage(ServerCalls.java:262)
	at org.apache.ratis.thirdparty.io.grpc.ForwardingServerCallListener.onMessage(ForwardingServerCallListener.java:33)
	at org.apache.ratis.thirdparty.io.grpc.internal.ServerCallImpl$ServerStreamListenerImpl.messagesAvailableInternal(ServerCallImpl.java:332)
	at org.apache.ratis.thirdparty.io.grpc.internal.ServerCallImpl$ServerStreamListenerImpl.messagesAvailable(ServerCallImpl.java:315)
	at org.apache.ratis.thirdparty.io.grpc.internal.ServerImpl$JumpToApplicationThreadServerStreamListener$1MessagesAvailable.runInContext(ServerImpl.java:834)
	at org.apache.ratis.thirdparty.io.grpc.internal.ContextRunnable.run(ContextRunnable.java:37)
	at org.apache.ratis.thirdparty.io.grpc.internal.SerializingExecutor.run(SerializingExecutor.java:133)
	at java.util.concurrent.ThreadPoolExecutor.runWorker(ThreadPoolExecutor.java:1149)
	at java.util.concurrent.ThreadPoolExecutor$Worker.run(ThreadPoolExecutor.java:624)
	at java.lang.Thread.run(Thread.java:750)
2023-04-22 02:19:17,229 [grpc-default-executor-4] INFO  leader.FollowerInfo (FollowerInfoImpl.java:lambda$new$0(48)) - 6aaf5ca8-0737-4296-ba95-7f0e9402c55b@group-D97743807C2E->4fb9f1f7-4e3b-4bcf-a7e7-c7ddcac09d11: nextIndex: updateUnconditionally 2 -> 1
02:19:17.227 [ChunkWriter-1-0] ERROR DNAudit - user=null | ip=null | op=WRITE_CHUNK {blockData=conID: 9 locID: 111677748019200009 bcsId: 4} | ret=FAILURE
java.lang.Exception: Chunks directory /home/runner/work/ozone/ozone/hadoop-ozone/integration-test/target/test-dir/MiniOzoneClusterImpl-b640deff-6994-498f-92ea-4ac5c972f0d8/datanode-2/data-0/containers/hdds/b640deff-6994-498f-92ea-4ac5c972f0d8/current/containerDir0/9/chunks does not exist.
	at org.apache.hadoop.ozone.container.common.impl.HddsDispatcher.dispatchRequest(HddsDispatcher.java:389) ~[hdds-container-service-1.4.0-SNAPSHOT.jar:?]
	at org.apache.hadoop.ozone.container.common.impl.HddsDispatcher.lambda$dispatch$0(HddsDispatcher.java:171) ~[hdds-container-service-1.4.0-SNAPSHOT.jar:?]
	at org.apache.hadoop.hdds.server.OzoneProtocolMessageDispatcher.processRequest(OzoneProtocolMessageDispatcher.java:87) ~[hdds-server-framework-1.4.0-SNAPSHOT.jar:?]
	at org.apache.hadoop.ozone.container.common.impl.HddsDispatcher.dispatch(HddsDispatcher.java:170) ~[hdds-container-service-1.4.0-SNAPSHOT.jar:?]
	at org.apache.hadoop.ozone.container.common.transport.server.ratis.ContainerStateMachine.dispatchCommand(ContainerStateMachine.java:439) ~[hdds-container-service-1.4.0-SNAPSHOT.jar:?]
	at org.apache.hadoop.ozone.container.common.transport.server.ratis.ContainerStateMachine.runCommand(ContainerStateMachine.java:449) ~[hdds-container-service-1.4.0-SNAPSHOT.jar:?]
	at org.apache.hadoop.ozone.container.common.transport.server.ratis.ContainerStateMachine.lambda$handleWriteChunk$2(ContainerStateMachine.java:495) ~[hdds-container-service-1.4.0-SNAPSHOT.jar:?]
	at java.util.concurrent.CompletableFuture$AsyncSupply.run(CompletableFuture.java:1604) [?:1.8.0_362]
	at java.util.concurrent.ThreadPoolExecutor.runWorker(ThreadPoolExecutor.java:1149) [?:1.8.0_362]
	at java.util.concurrent.ThreadPoolExecutor$Worker.run(ThreadPoolExecutor.java:624) [?:1.8.0_362]
	at java.lang.Thread.run(Thread.java:750) [?:1.8.0_362]
2023-04-22 02:19:17,231 [EventQueue-CloseContainerForCloseContainerEventHandler] INFO  container.CloseContainerEventHandler (CloseContainerEventHandler.java:onMessage(89)) - Close container Event triggered for container : #9, current state: OPEN
2023-04-22 02:19:17,232 [ChunkWriter-1-0] ERROR ratis.ContainerStateMachine (ContainerStateMachine.java:lambda$handleWriteChunk$3(523)) - group-D97743807C2E: writeChunk writeStateMachineData failed: blockIdcontainerID: 9
localID: 111677748019200009
blockCommitSequenceId: 4
replicaIndex: 0
 logIndex 7 chunkName 111677748019200009_chunk_2 Error message: Chunks directory /home/runner/work/ozone/ozone/hadoop-ozone/integration-test/target/test-dir/MiniOzoneClusterImpl-b640deff-6994-498f-92ea-4ac5c972f0d8/datanode-2/data-0/containers/hdds/b640deff-6994-498f-92ea-4ac5c972f0d8/current/containerDir0/9/chunks does not exist. Container Result: UNABLE_TO_FIND_DATA_DIR
2023-04-22 02:19:17,233 [6aaf5ca8-0737-4296-ba95-7f0e9402c55b@group-D97743807C2E-SegmentedRaftLogWorker] ERROR ratis.XceiverServerRatis (XceiverServerRatis.java:triggerPipelineClose(719)) - pipeline Action CLOSE on pipeline PipelineID=49d433d1-3766-4605-956b-d97743807c2e.Reason : Chunks directory /home/runner/work/ozone/ozone/hadoop-ozone/integration-test/target/test-dir/MiniOzoneClusterImpl-b640deff-6994-498f-92ea-4ac5c972f0d8/datanode-2/data-0/containers/hdds/b640deff-6994-498f-92ea-4ac5c972f0d8/current/containerDir0/9/chunks does not exist.
2023-04-22 02:19:17,234 [EventQueue-PipelineActionsForPipelineActionHandler] INFO  pipeline.PipelineActionHandler (PipelineActionHandler.java:processPipelineAction(83)) - Received pipeline action CLOSE for PipelineID=49d433d1-3766-4605-956b-d97743807c2e from datanode 6aaf5ca8-0737-4296-ba95-7f0e9402c55b. Reason : Chunks directory /home/runner/work/ozone/ozone/hadoop-ozone/integration-test/target/test-dir/MiniOzoneClusterImpl-b640deff-6994-498f-92ea-4ac5c972f0d8/datanode-2/data-0/containers/hdds/b640deff-6994-498f-92ea-4ac5c972f0d8/current/containerDir0/9/chunks does not exist.
2023-04-22 02:19:17,235 [EventQueue-PipelineActionsForPipelineActionHandler] INFO  pipeline.PipelineManagerImpl (PipelineManagerImpl.java:closePipeline(442)) - Pipeline Pipeline[ Id: 49d433d1-3766-4605-956b-d97743807c2e, Nodes: 4fb9f1f7-4e3b-4bcf-a7e7-c7ddcac09d11(fv-az443-428.ap2fcshprsnunfx25e1aelzb4b.cx.internal.cloudapp.net/10.1.0.20)44aa5787-a9ca-4d27-a88e-9069c8f4547b(fv-az443-428.ap2fcshprsnunfx25e1aelzb4b.cx.internal.cloudapp.net/10.1.0.20)6aaf5ca8-0737-4296-ba95-7f0e9402c55b(fv-az443-428.ap2fcshprsnunfx25e1aelzb4b.cx.internal.cloudapp.net/10.1.0.20), ReplicationConfig: RATIS/THREE, State:OPEN, leaderId:6aaf5ca8-0737-4296-ba95-7f0e9402c55b, CreationTimestamp2023-04-22T02:18:13.193Z[Etc/UTC]] moved to CLOSED state
2023-04-22 02:19:17,235 [EventQueue-PipelineActionsForPipelineActionHandler] INFO  pipeline.RatisPipelineProvider (RatisPipelineProvider.java:lambda$close$4(272)) - Send pipeline:PipelineID=49d433d1-3766-4605-956b-d97743807c2e close command to datanode 4fb9f1f7-4e3b-4bcf-a7e7-c7ddcac09d11
2023-04-22 02:19:17,235 [EventQueue-PipelineActionsForPipelineActionHandler] INFO  pipeline.RatisPipelineProvider (RatisPipelineProvider.java:lambda$close$4(272)) - Send pipeline:PipelineID=49d433d1-3766-4605-956b-d97743807c2e close command to datanode 44aa5787-a9ca-4d27-a88e-9069c8f4547b
2023-04-22 02:19:17,235 [EventQueue-PipelineActionsForPipelineActionHandler] INFO  pipeline.RatisPipelineProvider (RatisPipelineProvider.java:lambda$close$4(272)) - Send pipeline:PipelineID=49d433d1-3766-4605-956b-d97743807c2e close command to datanode 6aaf5ca8-0737-4296-ba95-7f0e9402c55b
2023-04-22 02:19:17,235 [EventQueue-PipelineActionsForPipelineActionHandler] INFO  pipeline.PipelineStateManagerImpl (PipelineStateManagerImpl.java:removePipeline(245)) - Pipeline Pipeline[ Id: 49d433d1-3766-4605-956b-d97743807c2e, Nodes: 4fb9f1f7-4e3b-4bcf-a7e7-c7ddcac09d11(fv-az443-428.ap2fcshprsnunfx25e1aelzb4b.cx.internal.cloudapp.net/10.1.0.20)44aa5787-a9ca-4d27-a88e-9069c8f4547b(fv-az443-428.ap2fcshprsnunfx25e1aelzb4b.cx.internal.cloudapp.net/10.1.0.20)6aaf5ca8-0737-4296-ba95-7f0e9402c55b(fv-az443-428.ap2fcshprsnunfx25e1aelzb4b.cx.internal.cloudapp.net/10.1.0.20), ReplicationConfig: RATIS/THREE, State:CLOSED, leaderId:6aaf5ca8-0737-4296-ba95-7f0e9402c55b, CreationTimestamp2023-04-22T02:18:13.193Z[Etc/UTC]] removed.
2023-04-22 02:19:17,279 [FixedThreadPoolWithAffinityExecutor-0-0] WARN  container.ContainerReportHandler (AbstractContainerReportHandler.java:updateContainerState(259)) - Container #1 is in OPEN state, but the datanode 4fb9f1f7-4e3b-4bcf-a7e7-c7ddcac09d11(fv-az443-428.ap2fcshprsnunfx25e1aelzb4b.cx.internal.cloudapp.net/10.1.0.20) reports an QUASI_CLOSED replica.
2023-04-22 02:19:17,294 [FixedThreadPoolWithAffinityExecutor-9-0] WARN  container.ContainerReportHandler (AbstractContainerReportHandler.java:updateContainerState(259)) - Container #4 is in OPEN state, but the datanode ffe33985-86ac-4dba-9cf7-e9d9be1914b9(fv-az443-428.ap2fcshprsnunfx25e1aelzb4b.cx.internal.cloudapp.net/10.1.0.20) reports an CLOSED replica.
2023-04-22 02:19:17,388 [FixedThreadPoolWithAffinityExecutor-0-0] WARN  container.ContainerReportHandler (AbstractContainerReportHandler.java:updateContainerState(259)) - Container #1 is in OPEN state, but the datanode 44aa5787-a9ca-4d27-a88e-9069c8f4547b(fv-az443-428.ap2fcshprsnunfx25e1aelzb4b.cx.internal.cloudapp.net/10.1.0.20) reports an QUASI_CLOSED replica.
2023-04-22 02:19:17,388 [EventQueue-PipelineReportForPipelineReportHandler] INFO  pipeline.PipelineReportHandler (PipelineReportHandler.java:processPipelineReport(115)) - Reported pipeline PipelineID=49d433d1-3766-4605-956b-d97743807c2e is not found
2023-04-22 02:19:17,479 [FixedThreadPoolWithAffinityExecutor-0-0] WARN  container.ContainerReportHandler (AbstractContainerReportHandler.java:updateContainerState(259)) - Container #1 is in OPEN state, but the datanode 4fb9f1f7-4e3b-4bcf-a7e7-c7ddcac09d11(fv-az443-428.ap2fcshprsnunfx25e1aelzb4b.cx.internal.cloudapp.net/10.1.0.20) reports an QUASI_CLOSED replica.
2023-04-22 02:19:17,588 [FixedThreadPoolWithAffinityExecutor-0-0] WARN  container.ContainerReportHandler (AbstractContainerReportHandler.java:updateContainerState(259)) - Container #1 is in OPEN state, but the datanode 44aa5787-a9ca-4d27-a88e-9069c8f4547b(fv-az443-428.ap2fcshprsnunfx25e1aelzb4b.cx.internal.cloudapp.net/10.1.0.20) reports an QUASI_CLOSED replica.
2023-04-22 02:19:17,634 [EventQueue-PipelineReportForPipelineReportHandler] INFO  pipeline.PipelineReportHandler (PipelineReportHandler.java:processPipelineReport(115)) - Reported pipeline PipelineID=49d433d1-3766-4605-956b-d97743807c2e is not found
2023-04-22 02:19:17,634 [FixedThreadPoolWithAffinityExecutor-9-0] WARN  container.ContainerReportHandler (AbstractContainerReportHandler.java:updateContainerState(259)) - Container #1 is in OPEN state, but the datanode 6aaf5ca8-0737-4296-ba95-7f0e9402c55b(fv-az443-428.ap2fcshprsnunfx25e1aelzb4b.cx.internal.cloudapp.net/10.1.0.20) reports an QUASI_CLOSED replica.
2023-04-22 02:19:17,679 [FixedThreadPoolWithAffinityExecutor-0-0] WARN  container.ContainerReportHandler (AbstractContainerReportHandler.java:updateContainerState(259)) - Container #1 is in OPEN state, but the datanode 4fb9f1f7-4e3b-4bcf-a7e7-c7ddcac09d11(fv-az443-428.ap2fcshprsnunfx25e1aelzb4b.cx.internal.cloudapp.net/10.1.0.20) reports an QUASI_CLOSED replica.
2023-04-22 02:19:17,696 [FixedThreadPoolWithAffinityExecutor-9-0] WARN  container.ContainerReportHandler (AbstractContainerReportHandler.java:updateContainerState(259)) - Container #4 is in OPEN state, but the datanode ffe33985-86ac-4dba-9cf7-e9d9be1914b9(fv-az443-428.ap2fcshprsnunfx25e1aelzb4b.cx.internal.cloudapp.net/10.1.0.20) reports an CLOSED replica.
2023-04-22 02:19:17,788 [EventQueue-PipelineReportForPipelineReportHandler] INFO  pipeline.PipelineReportHandler (PipelineReportHandler.java:processPipelineReport(115)) - Reported pipeline PipelineID=49d433d1-3766-4605-956b-d97743807c2e is not found
2023-04-22 02:19:17,788 [FixedThreadPoolWithAffinityExecutor-0-0] WARN  container.ContainerReportHandler (AbstractContainerReportHandler.java:updateContainerState(259)) - Container #1 is in OPEN state, but the datanode 44aa5787-a9ca-4d27-a88e-9069c8f4547b(fv-az443-428.ap2fcshprsnunfx25e1aelzb4b.cx.internal.cloudapp.net/10.1.0.20) reports an QUASI_CLOSED replica.
2023-04-22 02:19:17,831 [timer3] WARN  server.GrpcLogAppender (GrpcLogAppender.java:timeoutAppendRequest(314)) - b7c32ab9-1d10-40a2-8298-2f54da75b521@group-E7D3625E2A84->1fa0605c-c70f-40a8-a13c-0f797dcff94f-GrpcLogAppender: HEARTBEAT appendEntries Timeout, request=AppendEntriesRequest:cid=8078858,entriesCount=0,lastEntry=null
2023-04-22 02:19:17,834 [EventQueue-PipelineReportForPipelineReportHandler] INFO  pipeline.PipelineReportHandler (PipelineReportHandler.java:processPipelineReport(115)) - Reported pipeline PipelineID=49d433d1-3766-4605-956b-d97743807c2e is not found
2023-04-22 02:19:17,878 [FixedThreadPoolWithAffinityExecutor-0-0] WARN  container.ContainerReportHandler (AbstractContainerReportHandler.java:updateContainerState(259)) - Container #1 is in OPEN state, but the datanode 4fb9f1f7-4e3b-4bcf-a7e7-c7ddcac09d11(fv-az443-428.ap2fcshprsnunfx25e1aelzb4b.cx.internal.cloudapp.net/10.1.0.20) reports an QUASI_CLOSED replica.
2023-04-22 02:19:17,896 [FixedThreadPoolWithAffinityExecutor-9-0] WARN  container.ContainerReportHandler (AbstractContainerReportHandler.java:updateContainerState(259)) - Container #4 is in OPEN state, but the datanode ffe33985-86ac-4dba-9cf7-e9d9be1914b9(fv-az443-428.ap2fcshprsnunfx25e1aelzb4b.cx.internal.cloudapp.net/10.1.0.20) reports an CLOSED replica.
2023-04-22 02:19:17,987 [EventQueue-PipelineReportForPipelineReportHandler] INFO  pipeline.PipelineReportHandler (PipelineReportHandler.java:processPipelineReport(115)) - Reported pipeline PipelineID=49d433d1-3766-4605-956b-d97743807c2e is not found
2023-04-22 02:19:17,988 [FixedThreadPoolWithAffinityExecutor-0-0] WARN  container.ContainerReportHandler (AbstractContainerReportHandler.java:updateContainerState(259)) - Container #1 is in OPEN state, but the datanode 44aa5787-a9ca-4d27-a88e-9069c8f4547b(fv-az443-428.ap2fcshprsnunfx25e1aelzb4b.cx.internal.cloudapp.net/10.1.0.20) reports an QUASI_CLOSED replica.
2023-04-22 02:19:18,033 [FixedThreadPoolWithAffinityExecutor-9-0] WARN  container.ContainerReportHandler (AbstractContainerReportHandler.java:updateContainerState(259)) - Container #1 is in OPEN state, but the datanode 6aaf5ca8-0737-4296-ba95-7f0e9402c55b(fv-az443-428.ap2fcshprsnunfx25e1aelzb4b.cx.internal.cloudapp.net/10.1.0.20) reports an QUASI_CLOSED replica.
2023-04-22 02:19:18,079 [FixedThreadPoolWithAffinityExecutor-0-0] WARN  container.ContainerReportHandler (AbstractContainerReportHandler.java:updateContainerState(259)) - Container #1 is in OPEN state, but the datanode 4fb9f1f7-4e3b-4bcf-a7e7-c7ddcac09d11(fv-az443-428.ap2fcshprsnunfx25e1aelzb4b.cx.internal.cloudapp.net/10.1.0.20) reports an QUASI_CLOSED replica.
2023-04-22 02:19:18,083 [grpc-default-executor-5] WARN  server.GrpcServerProtocolService (LogUtils.java:warn(124)) - 4fb9f1f7-4e3b-4bcf-a7e7-c7ddcac09d11: Failed APPEND_ENTRIES request 6aaf5ca8-0737-4296-ba95-7f0e9402c55b->4fb9f1f7-4e3b-4bcf-a7e7-c7ddcac09d11#30-t2,previous=(t:1, i:0),leaderCommit=1,initializing? true,entries: size=1, first=(t:2, i:1), CONFIGURATIONENTRY(current:id: "6aaf5ca8-0737-4296-ba95-7f0e9402c55b"
address: "10.1.0.20:37225"
dataStreamAddress: "10.1.0.20:33711"
clientAddress: "10.1.0.20:37225"
adminAddress: "10.1.0.20:37225"
startupRole: FOLLOWER
,id: "4fb9f1f7-4e3b-4bcf-a7e7-c7ddcac09d11"
address: "10.1.0.20:44181"
priority: 1
dataStreamAddress: "10.1.0.20:37741"
clientAddress: "10.1.0.20:44181"
adminAddress: "10.1.0.20:44181"
startupRole: FOLLOWER
,id: "44aa5787-a9ca-4d27-a88e-9069c8f4547b"
address: "10.1.0.20:46431"
dataStreamAddress: "10.1.0.20:44789"
clientAddress: "10.1.0.20:46431"
adminAddress: "10.1.0.20:46431"
startupRole: FOLLOWER
, old:)
java.util.concurrent.CompletionException: org.apache.ratis.protocol.exceptions.GroupMismatchException: 4fb9f1f7-4e3b-4bcf-a7e7-c7ddcac09d11: group-D97743807C2E not found.
	at java.util.concurrent.CompletableFuture.encodeThrowable(CompletableFuture.java:292)
	at java.util.concurrent.CompletableFuture.uniComposeStage(CompletableFuture.java:989)
	at java.util.concurrent.CompletableFuture.thenCompose(CompletableFuture.java:2137)
	at org.apache.ratis.server.impl.RaftServerProxy.appendEntriesAsync(RaftServerProxy.java:630)
	at org.apache.ratis.grpc.server.GrpcServerProtocolService$1.process(GrpcServerProtocolService.java:205)
	at org.apache.ratis.grpc.server.GrpcServerProtocolService$1.process(GrpcServerProtocolService.java:202)
	at org.apache.ratis.grpc.server.GrpcServerProtocolService$ServerRequestStreamObserver.onNext(GrpcServerProtocolService.java:124)
	at org.apache.ratis.thirdparty.io.grpc.stub.ServerCalls$StreamingServerCallHandler$StreamingServerCallListener.onMessage(ServerCalls.java:262)
	at org.apache.ratis.thirdparty.io.grpc.ForwardingServerCallListener.onMessage(ForwardingServerCallListener.java:33)
	at org.apache.ratis.thirdparty.io.grpc.internal.ServerCallImpl$ServerStreamListenerImpl.messagesAvailableInternal(ServerCallImpl.java:332)
	at org.apache.ratis.thirdparty.io.grpc.internal.ServerCallImpl$ServerStreamListenerImpl.messagesAvailable(ServerCallImpl.java:315)
	at org.apache.ratis.thirdparty.io.grpc.internal.ServerImpl$JumpToApplicationThreadServerStreamListener$1MessagesAvailable.runInContext(ServerImpl.java:834)
	at org.apache.ratis.thirdparty.io.grpc.internal.ContextRunnable.run(ContextRunnable.java:37)
	at org.apache.ratis.thirdparty.io.grpc.internal.SerializingExecutor.run(SerializingExecutor.java:133)
	at java.util.concurrent.ThreadPoolExecutor.runWorker(ThreadPoolExecutor.java:1149)
	at java.util.concurrent.ThreadPoolExecutor$Worker.run(ThreadPoolExecutor.java:624)
	at java.lang.Thread.run(Thread.java:750)
Caused by: org.apache.ratis.protocol.exceptions.GroupMismatchException: 4fb9f1f7-4e3b-4bcf-a7e7-c7ddcac09d11: group-D97743807C2E not found.
	at org.apache.ratis.server.impl.RaftServerProxy$ImplMap.get(RaftServerProxy.java:150)
	at org.apache.ratis.server.impl.RaftServerProxy.getImplFuture(RaftServerProxy.java:351)
	at org.apache.ratis.server.impl.RaftServerProxy.appendEntriesAsync(RaftServerProxy.java:629)
	... 13 more
2023-04-22 02:19:18,085 [grpc-default-executor-5] WARN  server.GrpcLogAppender (LogUtils.java:warn(124)) - 6aaf5ca8-0737-4296-ba95-7f0e9402c55b@group-D97743807C2E->4fb9f1f7-4e3b-4bcf-a7e7-c7ddcac09d11-AppendLogResponseHandler: Failed appendEntries
org.apache.ratis.protocol.exceptions.GroupMismatchException: 4fb9f1f7-4e3b-4bcf-a7e7-c7ddcac09d11: group-D97743807C2E not found.
	at org.apache.ratis.server.impl.RaftServerProxy$ImplMap.get(RaftServerProxy.java:150)
	at org.apache.ratis.server.impl.RaftServerProxy.getImplFuture(RaftServerProxy.java:351)
	at org.apache.ratis.server.impl.RaftServerProxy.appendEntriesAsync(RaftServerProxy.java:629)
	at org.apache.ratis.grpc.server.GrpcServerProtocolService$1.process(GrpcServerProtocolService.java:205)
	at org.apache.ratis.grpc.server.GrpcServerProtocolService$1.process(GrpcServerProtocolService.java:202)
	at org.apache.ratis.grpc.server.GrpcServerProtocolService$ServerRequestStreamObserver.onNext(GrpcServerProtocolService.java:124)
	at org.apache.ratis.thirdparty.io.grpc.stub.ServerCalls$StreamingServerCallHandler$StreamingServerCallListener.onMessage(ServerCalls.java:262)
	at org.apache.ratis.thirdparty.io.grpc.ForwardingServerCallListener.onMessage(ForwardingServerCallListener.java:33)
	at org.apache.ratis.thirdparty.io.grpc.internal.ServerCallImpl$ServerStreamListenerImpl.messagesAvailableInternal(ServerCallImpl.java:332)
	at org.apache.ratis.thirdparty.io.grpc.internal.ServerCallImpl$ServerStreamListenerImpl.messagesAvailable(ServerCallImpl.java:315)
	at org.apache.ratis.thirdparty.io.grpc.internal.ServerImpl$JumpToApplicationThreadServerStreamListener$1MessagesAvailable.runInContext(ServerImpl.java:834)
	at org.apache.ratis.thirdparty.io.grpc.internal.ContextRunnable.run(ContextRunnable.java:37)
	at org.apache.ratis.thirdparty.io.grpc.internal.SerializingExecutor.run(SerializingExecutor.java:133)
	at java.util.concurrent.ThreadPoolExecutor.runWorker(ThreadPoolExecutor.java:1149)
	at java.util.concurrent.ThreadPoolExecutor$Worker.run(ThreadPoolExecutor.java:624)
	at java.lang.Thread.run(Thread.java:750)
2023-04-22 02:19:18,086 [grpc-default-executor-5] INFO  leader.FollowerInfo (FollowerInfoImpl.java:lambda$new$0(48)) - 6aaf5ca8-0737-4296-ba95-7f0e9402c55b@group-D97743807C2E->4fb9f1f7-4e3b-4bcf-a7e7-c7ddcac09d11: nextIndex: updateUnconditionally 2 -> 1
2023-04-22 02:19:18,186 [Command processor thread] INFO  server.RaftServer (RaftServerProxy.java:remove(107)) - 6aaf5ca8-0737-4296-ba95-7f0e9402c55b: remove    LEADER 6aaf5ca8-0737-4296-ba95-7f0e9402c55b@group-D97743807C2E:t2, leader=6aaf5ca8-0737-4296-ba95-7f0e9402c55b, voted=6aaf5ca8-0737-4296-ba95-7f0e9402c55b, raftlog=Memoized:6aaf5ca8-0737-4296-ba95-7f0e9402c55b@group-D97743807C2E-SegmentedRaftLog:OPENED:c6, conf=1: peers:[6aaf5ca8-0737-4296-ba95-7f0e9402c55b|rpc:10.1.0.20:37225|dataStream:10.1.0.20:33711|priority:0|startupRole:FOLLOWER, 4fb9f1f7-4e3b-4bcf-a7e7-c7ddcac09d11|rpc:10.1.0.20:44181|dataStream:10.1.0.20:37741|priority:1|startupRole:FOLLOWER, 44aa5787-a9ca-4d27-a88e-9069c8f4547b|rpc:10.1.0.20:46431|dataStream:10.1.0.20:44789|priority:0|startupRole:FOLLOWER]|listeners:[], old=null RUNNING
2023-04-22 02:19:18,186 [Command processor thread] INFO  server.RaftServer$Division (RaftServerImpl.java:lambda$close$4(458)) - 6aaf5ca8-0737-4296-ba95-7f0e9402c55b@group-D97743807C2E: shutdown
2023-04-22 02:19:18,186 [Command processor thread] INFO  util.JmxRegister (JmxRegister.java:unregister(73)) - Successfully un-registered JMX Bean with object name Ratis:service=RaftServer,group=group-D97743807C2E,id=6aaf5ca8-0737-4296-ba95-7f0e9402c55b
2023-04-22 02:19:18,186 [Command processor thread] INFO  impl.RoleInfo (RoleInfo.java:shutdownLeaderState(93)) - 6aaf5ca8-0737-4296-ba95-7f0e9402c55b: shutdown 6aaf5ca8-0737-4296-ba95-7f0e9402c55b@group-D97743807C2E-LeaderStateImpl
2023-04-22 02:19:18,186 [Command processor thread] INFO  impl.PendingRequests (PendingRequests.java:sendNotLeaderResponses(282)) - 6aaf5ca8-0737-4296-ba95-7f0e9402c55b@group-D97743807C2E-PendingRequests: sendNotLeaderResponses
2023-04-22 02:19:18,186 [6aaf5ca8-0737-4296-ba95-7f0e9402c55b@group-D97743807C2E->4fb9f1f7-4e3b-4bcf-a7e7-c7ddcac09d11-GrpcLogAppender-LogAppenderDaemon] WARN  server.GrpcLogAppender (GrpcLogAppender.java:mayWait(200)) - 6aaf5ca8-0737-4296-ba95-7f0e9402c55b@group-D97743807C2E->4fb9f1f7-4e3b-4bcf-a7e7-c7ddcac09d11-GrpcLogAppender: Wait interrupted by java.lang.InterruptedException
2023-04-22 02:19:18,186 [6aaf5ca8-0737-4296-ba95-7f0e9402c55b@group-D97743807C2E->44aa5787-a9ca-4d27-a88e-9069c8f4547b-GrpcLogAppender-LogAppenderDaemon] WARN  server.GrpcLogAppender (GrpcLogAppender.java:mayWait(200)) - 6aaf5ca8-0737-4296-ba95-7f0e9402c55b@group-D97743807C2E->44aa5787-a9ca-4d27-a88e-9069c8f4547b-GrpcLogAppender: Wait interrupted by java.lang.InterruptedException
2023-04-22 02:19:18,187 [grpc-default-executor-5] INFO  server.GrpcServerProtocolService (GrpcServerProtocolService.java:onCompleted(143)) - 44aa5787-a9ca-4d27-a88e-9069c8f4547b: Completed APPEND_ENTRIES, lastRequest: null
2023-04-22 02:19:18,187 [grpc-default-executor-4] INFO  server.GrpcServerProtocolService (GrpcServerProtocolService.java:onCompleted(143)) - 44aa5787-a9ca-4d27-a88e-9069c8f4547b: Completed APPEND_ENTRIES, lastRequest: 6aaf5ca8-0737-4296-ba95-7f0e9402c55b->44aa5787-a9ca-4d27-a88e-9069c8f4547b#275-t2,previous=(t:2, i:6),leaderCommit=6,initializing? true,entries: size=1, first=(t:2, i:7), STATEMACHINELOGENTRY, 162@client-50E3B55DA33D
2023-04-22 02:19:18,189 [Command processor thread] INFO  server.RaftServer (RaftServerProxy.java:remove(107)) - 44aa5787-a9ca-4d27-a88e-9069c8f4547b: remove  FOLLOWER 44aa5787-a9ca-4d27-a88e-9069c8f4547b@group-D97743807C2E:t2, leader=6aaf5ca8-0737-4296-ba95-7f0e9402c55b, voted=6aaf5ca8-0737-4296-ba95-7f0e9402c55b, raftlog=Memoized:44aa5787-a9ca-4d27-a88e-9069c8f4547b@group-D97743807C2E-SegmentedRaftLog:OPENED:c6, conf=1: peers:[6aaf5ca8-0737-4296-ba95-7f0e9402c55b|rpc:10.1.0.20:37225|dataStream:10.1.0.20:33711|priority:0|startupRole:FOLLOWER, 4fb9f1f7-4e3b-4bcf-a7e7-c7ddcac09d11|rpc:10.1.0.20:44181|dataStream:10.1.0.20:37741|priority:1|startupRole:FOLLOWER, 44aa5787-a9ca-4d27-a88e-9069c8f4547b|rpc:10.1.0.20:46431|dataStream:10.1.0.20:44789|priority:0|startupRole:FOLLOWER]|listeners:[], old=null RUNNING
2023-04-22 02:19:18,189 [Command processor thread] INFO  server.RaftServer$Division (RaftServerImpl.java:lambda$close$4(458)) - 44aa5787-a9ca-4d27-a88e-9069c8f4547b@group-D97743807C2E: shutdown
2023-04-22 02:19:18,190 [Command processor thread] INFO  util.JmxRegister (JmxRegister.java:unregister(73)) - Successfully un-registered JMX Bean with object name Ratis:service=RaftServer,group=group-D97743807C2E,id=44aa5787-a9ca-4d27-a88e-9069c8f4547b
2023-04-22 02:19:18,190 [Command processor thread] INFO  impl.RoleInfo (RoleInfo.java:shutdownFollowerState(110)) - 44aa5787-a9ca-4d27-a88e-9069c8f4547b: shutdown 44aa5787-a9ca-4d27-a88e-9069c8f4547b@group-D97743807C2E-FollowerState
2023-04-22 02:19:18,190 [Command processor thread] INFO  impl.StateMachineUpdater (StateMachineUpdater.java:stopAndJoin(153)) - 44aa5787-a9ca-4d27-a88e-9069c8f4547b@group-D97743807C2E-StateMachineUpdater: set stopIndex = 6
2023-04-22 02:19:18,190 [44aa5787-a9ca-4d27-a88e-9069c8f4547b@group-D97743807C2E-FollowerState] INFO  impl.FollowerState (FollowerState.java:run(152)) - 44aa5787-a9ca-4d27-a88e-9069c8f4547b@group-D97743807C2E-FollowerState was interrupted
2023-04-22 02:19:18,192 [Command processor thread] INFO  server.RaftServer$Division (ServerState.java:close(466)) - 44aa5787-a9ca-4d27-a88e-9069c8f4547b@group-D97743807C2E: closes. applyIndex: 6
2023-04-22 02:19:18,192 [44aa5787-a9ca-4d27-a88e-9069c8f4547b@group-D97743807C2E-SegmentedRaftLogWorker] INFO  segmented.SegmentedRaftLogWorker (SegmentedRaftLogWorker.java:run(347)) - 44aa5787-a9ca-4d27-a88e-9069c8f4547b@group-D97743807C2E-SegmentedRaftLogWorker was interrupted, exiting. There are 0 tasks remaining in the queue.
2023-04-22 02:19:18,192 [grpc-default-executor-5] INFO  server.GrpcLogAppender (GrpcLogAppender.java:onCompleted(415)) - 6aaf5ca8-0737-4296-ba95-7f0e9402c55b@group-D97743807C2E->44aa5787-a9ca-4d27-a88e-9069c8f4547b-AppendLogResponseHandler: follower responses appendEntries COMPLETED
2023-04-22 02:19:18,192 [grpc-default-executor-5] INFO  leader.FollowerInfo (FollowerInfoImpl.java:lambda$new$0(48)) - 6aaf5ca8-0737-4296-ba95-7f0e9402c55b@group-D97743807C2E->44aa5787-a9ca-4d27-a88e-9069c8f4547b: nextIndex: updateUnconditionally 8 -> 7
2023-04-22 02:19:18,192 [Command processor thread] INFO  impl.StateMachineUpdater (StateMachineUpdater.java:stopAndJoin(153)) - 6aaf5ca8-0737-4296-ba95-7f0e9402c55b@group-D97743807C2E-StateMachineUpdater: set stopIndex = 6
2023-04-22 02:19:18,193 [Command processor thread] INFO  server.RaftServer$Division (ServerState.java:close(466)) - 6aaf5ca8-0737-4296-ba95-7f0e9402c55b@group-D97743807C2E: closes. applyIndex: 6
2023-04-22 02:19:18,193 [6aaf5ca8-0737-4296-ba95-7f0e9402c55b@group-D97743807C2E-SegmentedRaftLogWorker] INFO  segmented.SegmentedRaftLogWorker (SegmentedRaftLogWorker.java:run(347)) - 6aaf5ca8-0737-4296-ba95-7f0e9402c55b@group-D97743807C2E-SegmentedRaftLogWorker was interrupted, exiting. There are 0 tasks remaining in the queue.
2023-04-22 02:19:18,193 [grpc-default-executor-5] INFO  server.GrpcLogAppender (GrpcLogAppender.java:onCompleted(415)) - 6aaf5ca8-0737-4296-ba95-7f0e9402c55b@group-D97743807C2E->44aa5787-a9ca-4d27-a88e-9069c8f4547b-AppendLogResponseHandler: follower responses appendEntries COMPLETED
2023-04-22 02:19:18,193 [grpc-default-executor-5] INFO  leader.FollowerInfo (FollowerInfoImpl.java:lambda$new$0(48)) - 6aaf5ca8-0737-4296-ba95-7f0e9402c55b@group-D97743807C2E->44aa5787-a9ca-4d27-a88e-9069c8f4547b: nextIndex: updateUnconditionally 7 -> 6
2023-04-22 02:19:18,198 [Command processor thread] INFO  segmented.SegmentedRaftLogWorker (SegmentedRaftLogWorker.java:close(257)) - 6aaf5ca8-0737-4296-ba95-7f0e9402c55b@group-D97743807C2E-SegmentedRaftLogWorker close()
2023-04-22 02:19:18,198 [Command processor thread] INFO  segmented.SegmentedRaftLogWorker (SegmentedRaftLogWorker.java:close(257)) - 44aa5787-a9ca-4d27-a88e-9069c8f4547b@group-D97743807C2E-SegmentedRaftLogWorker close()
2023-04-22 02:19:18,202 [Command processor thread] INFO  server.RaftServer$Division (RaftServerImpl.java:groupRemove(428)) - 6aaf5ca8-0737-4296-ba95-7f0e9402c55b@group-D97743807C2E: Succeed to remove RaftStorageDirectory Storage Directory /home/runner/work/ozone/ozone/hadoop-ozone/integration-test/target/test-dir/MiniOzoneClusterImpl-b640deff-6994-498f-92ea-4ac5c972f0d8/datanode-2/data/ratis/49d433d1-3766-4605-956b-d97743807c2e
2023-04-22 02:19:18,202 [Command processor thread] INFO  commandhandler.ClosePipelineCommandHandler (ClosePipelineCommandHandler.java:handle(78)) - Close Pipeline PipelineID=49d433d1-3766-4605-956b-d97743807c2e command on datanode 6aaf5ca8-0737-4296-ba95-7f0e9402c55b.
2023-04-22 02:19:18,204 [Command processor thread] INFO  keyvalue.KeyValueContainer (KeyValueContainer.java:flushAndSyncDB(446)) - Container 9 is synced with bcsId 4.
2023-04-22 02:19:18,204 [Command processor thread] INFO  keyvalue.KeyValueContainer (KeyValueContainer.java:flushAndSyncDB(446)) - Container 9 is synced with bcsId 4.
2023-04-22 02:19:18,207 [FixedThreadPoolWithAffinityExecutor-0-0] INFO  container.IncrementalContainerReportHandler (AbstractContainerReportHandler.java:updateContainerState(285)) - Moving container #9 to QUASI_CLOSED state, datanode 44aa5787-a9ca-4d27-a88e-9069c8f4547b(fv-az443-428.ap2fcshprsnunfx25e1aelzb4b.cx.internal.cloudapp.net/10.1.0.20) reported QUASI_CLOSED replica.
2023-04-22 02:19:18,208 [Command processor thread] INFO  server.RaftServer$Division (RaftServerImpl.java:groupRemove(428)) - 44aa5787-a9ca-4d27-a88e-9069c8f4547b@group-D97743807C2E: Succeed to remove RaftStorageDirectory Storage Directory /home/runner/work/ozone/ozone/hadoop-ozone/integration-test/target/test-dir/MiniOzoneClusterImpl-b640deff-6994-498f-92ea-4ac5c972f0d8/datanode-1/data/ratis/49d433d1-3766-4605-956b-d97743807c2e
2023-04-22 02:19:18,208 [Command processor thread] INFO  commandhandler.ClosePipelineCommandHandler (ClosePipelineCommandHandler.java:handle(78)) - Close Pipeline PipelineID=49d433d1-3766-4605-956b-d97743807c2e command on datanode 44aa5787-a9ca-4d27-a88e-9069c8f4547b.
2023-04-22 02:19:18,233 [EventQueue-PipelineReportForPipelineReportHandler] INFO  pipeline.PipelineReportHandler (PipelineReportHandler.java:processPipelineReport(115)) - Reported pipeline PipelineID=49d433d1-3766-4605-956b-d97743807c2e is not found
2023-04-22 02:19:18,233 [FixedThreadPoolWithAffinityExecutor-9-0] WARN  container.ContainerReportHandler (AbstractContainerReportHandler.java:updateContainerState(259)) - Container #1 is in OPEN state, but the datanode 6aaf5ca8-0737-4296-ba95-7f0e9402c55b(fv-az443-428.ap2fcshprsnunfx25e1aelzb4b.cx.internal.cloudapp.net/10.1.0.20) reports an QUASI_CLOSED replica.
2023-04-22 02:19:18,279 [FixedThreadPoolWithAffinityExecutor-0-0] WARN  container.ContainerReportHandler (AbstractContainerReportHandler.java:updateContainerState(259)) - Container #1 is in OPEN state, but the datanode 4fb9f1f7-4e3b-4bcf-a7e7-c7ddcac09d11(fv-az443-428.ap2fcshprsnunfx25e1aelzb4b.cx.internal.cloudapp.net/10.1.0.20) reports an QUASI_CLOSED replica.
2023-04-22 02:19:18,295 [FixedThreadPoolWithAffinityExecutor-9-0] WARN  container.ContainerReportHandler (AbstractContainerReportHandler.java:updateContainerState(259)) - Container #4 is in OPEN state, but the datanode ffe33985-86ac-4dba-9cf7-e9d9be1914b9(fv-az443-428.ap2fcshprsnunfx25e1aelzb4b.cx.internal.cloudapp.net/10.1.0.20) reports an CLOSED replica.
2023-04-22 02:19:18,407 [FixedThreadPoolWithAffinityExecutor-0-0] WARN  container.ContainerReportHandler (AbstractContainerReportHandler.java:updateContainerState(259)) - Container #1 is in OPEN state, but the datanode 44aa5787-a9ca-4d27-a88e-9069c8f4547b(fv-az443-428.ap2fcshprsnunfx25e1aelzb4b.cx.internal.cloudapp.net/10.1.0.20) reports an QUASI_CLOSED replica.
2023-04-22 02:19:18,453 [grpc-default-executor-4] WARN  server.GrpcServerProtocolService (LogUtils.java:warn(124)) - 4fb9f1f7-4e3b-4bcf-a7e7-c7ddcac09d11: Failed APPEND_ENTRIES request 6aaf5ca8-0737-4296-ba95-7f0e9402c55b->4fb9f1f7-4e3b-4bcf-a7e7-c7ddcac09d11#285-t1,previous=(t:0, i:0),leaderCommit=1,initializing? true,entries: size=1, first=(t:1, i:0), CONFIGURATIONENTRY(current:id: "6aaf5ca8-0737-4296-ba95-7f0e9402c55b"
address: "10.1.0.20:37225"
priority: 1
dataStreamAddress: "10.1.0.20:33711"
clientAddress: "10.1.0.20:37225"
adminAddress: "10.1.0.20:37225"
startupRole: FOLLOWER
,id: "4fb9f1f7-4e3b-4bcf-a7e7-c7ddcac09d11"
address: "10.1.0.20:44181"
dataStreamAddress: "10.1.0.20:37741"
clientAddress: "10.1.0.20:44181"
adminAddress: "10.1.0.20:44181"
startupRole: FOLLOWER
,id: "44aa5787-a9ca-4d27-a88e-9069c8f4547b"
address: "10.1.0.20:46431"
dataStreamAddress: "10.1.0.20:44789"
clientAddress: "10.1.0.20:46431"
adminAddress: "10.1.0.20:46431"
startupRole: FOLLOWER
, old:)
java.util.concurrent.CompletionException: org.apache.ratis.protocol.exceptions.GroupMismatchException: 4fb9f1f7-4e3b-4bcf-a7e7-c7ddcac09d11: group-D4D495DF8B74 not found.
	at java.util.concurrent.CompletableFuture.encodeThrowable(CompletableFuture.java:292)
	at java.util.concurrent.CompletableFuture.uniComposeStage(CompletableFuture.java:989)
	at java.util.concurrent.CompletableFuture.thenCompose(CompletableFuture.java:2137)
	at org.apache.ratis.server.impl.RaftServerProxy.appendEntriesAsync(RaftServerProxy.java:630)
	at org.apache.ratis.grpc.server.GrpcServerProtocolService$1.process(GrpcServerProtocolService.java:205)
	at org.apache.ratis.grpc.server.GrpcServerProtocolService$1.process(GrpcServerProtocolService.java:202)
	at org.apache.ratis.grpc.server.GrpcServerProtocolService$ServerRequestStreamObserver.onNext(GrpcServerProtocolService.java:124)
	at org.apache.ratis.thirdparty.io.grpc.stub.ServerCalls$StreamingServerCallHandler$StreamingServerCallListener.onMessage(ServerCalls.java:262)
	at org.apache.ratis.thirdparty.io.grpc.ForwardingServerCallListener.onMessage(ForwardingServerCallListener.java:33)
	at org.apache.ratis.thirdparty.io.grpc.internal.ServerCallImpl$ServerStreamListenerImpl.messagesAvailableInternal(ServerCallImpl.java:332)
	at org.apache.ratis.thirdparty.io.grpc.internal.ServerCallImpl$ServerStreamListenerImpl.messagesAvailable(ServerCallImpl.java:315)
	at org.apache.ratis.thirdparty.io.grpc.internal.ServerImpl$JumpToApplicationThreadServerStreamListener$1MessagesAvailable.runInContext(ServerImpl.java:834)
	at org.apache.ratis.thirdparty.io.grpc.internal.ContextRunnable.run(ContextRunnable.java:37)
	at org.apache.ratis.thirdparty.io.grpc.internal.SerializingExecutor.run(SerializingExecutor.java:133)
	at java.util.concurrent.ThreadPoolExecutor.runWorker(ThreadPoolExecutor.java:1149)
	at java.util.concurrent.ThreadPoolExecutor$Worker.run(ThreadPoolExecutor.java:624)
	at java.lang.Thread.run(Thread.java:750)
Caused by: org.apache.ratis.protocol.exceptions.GroupMismatchException: 4fb9f1f7-4e3b-4bcf-a7e7-c7ddcac09d11: group-D4D495DF8B74 not found.
	at org.apache.ratis.server.impl.RaftServerProxy$ImplMap.get(RaftServerProxy.java:150)
	at org.apache.ratis.server.impl.RaftServerProxy.getImplFuture(RaftServerProxy.java:351)
	at org.apache.ratis.server.impl.RaftServerProxy.appendEntriesAsync(RaftServerProxy.java:629)
	... 13 more
2023-04-22 02:19:18,457 [grpc-default-executor-5] WARN  server.GrpcLogAppender (LogUtils.java:warn(124)) - 6aaf5ca8-0737-4296-ba95-7f0e9402c55b@group-D4D495DF8B74->4fb9f1f7-4e3b-4bcf-a7e7-c7ddcac09d11-AppendLogResponseHandler: Failed appendEntries
org.apache.ratis.protocol.exceptions.GroupMismatchException: 4fb9f1f7-4e3b-4bcf-a7e7-c7ddcac09d11: group-D4D495DF8B74 not found.
	at org.apache.ratis.server.impl.RaftServerProxy$ImplMap.get(RaftServerProxy.java:150)
	at org.apache.ratis.server.impl.RaftServerProxy.getImplFuture(RaftServerProxy.java:351)
	at org.apache.ratis.server.impl.RaftServerProxy.appendEntriesAsync(RaftServerProxy.java:629)
	at org.apache.ratis.grpc.server.GrpcServerProtocolService$1.process(GrpcServerProtocolService.java:205)
	at org.apache.ratis.grpc.server.GrpcServerProtocolService$1.process(GrpcServerProtocolService.java:202)
	at org.apache.ratis.grpc.server.GrpcServerProtocolService$ServerRequestStreamObserver.onNext(GrpcServerProtocolService.java:124)
	at org.apache.ratis.thirdparty.io.grpc.stub.ServerCalls$StreamingServerCallHandler$StreamingServerCallListener.onMessage(ServerCalls.java:262)
	at org.apache.ratis.thirdparty.io.grpc.ForwardingServerCallListener.onMessage(ForwardingServerCallListener.java:33)
	at org.apache.ratis.thirdparty.io.grpc.internal.ServerCallImpl$ServerStreamListenerImpl.messagesAvailableInternal(ServerCallImpl.java:332)
	at org.apache.ratis.thirdparty.io.grpc.internal.ServerCallImpl$ServerStreamListenerImpl.messagesAvailable(ServerCallImpl.java:315)
	at org.apache.ratis.thirdparty.io.grpc.internal.ServerImpl$JumpToApplicationThreadServerStreamListener$1MessagesAvailable.runInContext(ServerImpl.java:834)
	at org.apache.ratis.thirdparty.io.grpc.internal.ContextRunnable.run(ContextRunnable.java:37)
	at org.apache.ratis.thirdparty.io.grpc.internal.SerializingExecutor.run(SerializingExecutor.java:133)
	at java.util.concurrent.ThreadPoolExecutor.runWorker(ThreadPoolExecutor.java:1149)
	at java.util.concurrent.ThreadPoolExecutor$Worker.run(ThreadPoolExecutor.java:624)
	at java.lang.Thread.run(Thread.java:750)
2023-04-22 02:19:18,457 [grpc-default-executor-5] INFO  leader.FollowerInfo (FollowerInfoImpl.java:lambda$new$0(48)) - 6aaf5ca8-0737-4296-ba95-7f0e9402c55b@group-D4D495DF8B74->4fb9f1f7-4e3b-4bcf-a7e7-c7ddcac09d11: nextIndex: updateUnconditionally 1 -> 0
2023-04-22 02:19:18,479 [FixedThreadPoolWithAffinityExecutor-0-0] WARN  container.ContainerReportHandler (AbstractContainerReportHandler.java:updateContainerState(259)) - Container #1 is in OPEN state, but the datanode 4fb9f1f7-4e3b-4bcf-a7e7-c7ddcac09d11(fv-az443-428.ap2fcshprsnunfx25e1aelzb4b.cx.internal.cloudapp.net/10.1.0.20) reports an QUASI_CLOSED replica.
2023-04-22 02:19:18,496 [FixedThreadPoolWithAffinityExecutor-9-0] WARN  container.ContainerReportHandler (AbstractContainerReportHandler.java:updateContainerState(259)) - Container #4 is in OPEN state, but the datanode ffe33985-86ac-4dba-9cf7-e9d9be1914b9(fv-az443-428.ap2fcshprsnunfx25e1aelzb4b.cx.internal.cloudapp.net/10.1.0.20) reports an CLOSED replica.
2023-04-22 02:19:18,607 [FixedThreadPoolWithAffinityExecutor-0-0] WARN  container.ContainerReportHandler (AbstractContainerReportHandler.java:updateContainerState(259)) - Container #1 is in OPEN state, but the datanode 44aa5787-a9ca-4d27-a88e-9069c8f4547b(fv-az443-428.ap2fcshprsnunfx25e1aelzb4b.cx.internal.cloudapp.net/10.1.0.20) reports an QUASI_CLOSED replica.
2023-04-22 02:19:18,633 [FixedThreadPoolWithAffinityExecutor-9-0] WARN  container.ContainerReportHandler (AbstractContainerReportHandler.java:updateContainerState(259)) - Container #1 is in OPEN state, but the datanode 6aaf5ca8-0737-4296-ba95-7f0e9402c55b(fv-az443-428.ap2fcshprsnunfx25e1aelzb4b.cx.internal.cloudapp.net/10.1.0.20) reports an QUASI_CLOSED replica.
2023-04-22 02:19:18,679 [FixedThreadPoolWithAffinityExecutor-0-0] WARN  container.ContainerReportHandler (AbstractContainerReportHandler.java:updateContainerState(259)) - Container #1 is in OPEN state, but the datanode 4fb9f1f7-4e3b-4bcf-a7e7-c7ddcac09d11(fv-az443-428.ap2fcshprsnunfx25e1aelzb4b.cx.internal.cloudapp.net/10.1.0.20) reports an QUASI_CLOSED replica.
2023-04-22 02:19:18,808 [FixedThreadPoolWithAffinityExecutor-0-0] WARN  container.ContainerReportHandler (AbstractContainerReportHandler.java:updateContainerState(259)) - Container #1 is in OPEN state, but the datanode 44aa5787-a9ca-4d27-a88e-9069c8f4547b(fv-az443-428.ap2fcshprsnunfx25e1aelzb4b.cx.internal.cloudapp.net/10.1.0.20) reports an QUASI_CLOSED replica.
2023-04-22 02:19:18,878 [FixedThreadPoolWithAffinityExecutor-0-0] WARN  container.ContainerReportHandler (AbstractContainerReportHandler.java:updateContainerState(259)) - Container #1 is in OPEN state, but the datanode 4fb9f1f7-4e3b-4bcf-a7e7-c7ddcac09d11(fv-az443-428.ap2fcshprsnunfx25e1aelzb4b.cx.internal.cloudapp.net/10.1.0.20) reports an QUASI_CLOSED replica.
2023-04-22 02:19:18,899 [FixedThreadPoolWithAffinityExecutor-9-0] WARN  container.ContainerReportHandler (AbstractContainerReportHandler.java:updateContainerState(259)) - Container #4 is in OPEN state, but the datanode ffe33985-86ac-4dba-9cf7-e9d9be1914b9(fv-az443-428.ap2fcshprsnunfx25e1aelzb4b.cx.internal.cloudapp.net/10.1.0.20) reports an CLOSED replica.
2023-04-22 02:19:19,008 [FixedThreadPoolWithAffinityExecutor-0-0] WARN  container.ContainerReportHandler (AbstractContainerReportHandler.java:updateContainerState(259)) - Container #1 is in OPEN state, but the datanode 44aa5787-a9ca-4d27-a88e-9069c8f4547b(fv-az443-428.ap2fcshprsnunfx25e1aelzb4b.cx.internal.cloudapp.net/10.1.0.20) reports an QUASI_CLOSED replica.
2023-04-22 02:19:19,033 [FixedThreadPoolWithAffinityExecutor-9-0] WARN  container.ContainerReportHandler (AbstractContainerReportHandler.java:updateContainerState(259)) - Container #1 is in OPEN state, but the datanode 6aaf5ca8-0737-4296-ba95-7f0e9402c55b(fv-az443-428.ap2fcshprsnunfx25e1aelzb4b.cx.internal.cloudapp.net/10.1.0.20) reports an QUASI_CLOSED replica.
2023-04-22 02:19:19,079 [FixedThreadPoolWithAffinityExecutor-0-0] WARN  container.ContainerReportHandler (AbstractContainerReportHandler.java:updateContainerState(259)) - Container #1 is in OPEN state, but the datanode 4fb9f1f7-4e3b-4bcf-a7e7-c7ddcac09d11(fv-az443-428.ap2fcshprsnunfx25e1aelzb4b.cx.internal.cloudapp.net/10.1.0.20) reports an QUASI_CLOSED replica.
2023-04-22 02:19:19,082 [timer2] WARN  server.GrpcLogAppender (GrpcLogAppender.java:timeoutAppendRequest(314)) - b7c32ab9-1d10-40a2-8298-2f54da75b521@group-E7D3625E2A84->1fa0605c-c70f-40a8-a13c-0f797dcff94f-GrpcLogAppender: HEARTBEAT appendEntries Timeout, request=AppendEntriesRequest:cid=8078859,entriesCount=0,lastEntry=null
2023-04-22 02:19:19,279 [FixedThreadPoolWithAffinityExecutor-0-0] WARN  container.ContainerReportHandler (AbstractContainerReportHandler.java:updateContainerState(259)) - Container #1 is in OPEN state, but the datanode 4fb9f1f7-4e3b-4bcf-a7e7-c7ddcac09d11(fv-az443-428.ap2fcshprsnunfx25e1aelzb4b.cx.internal.cloudapp.net/10.1.0.20) reports an QUASI_CLOSED replica.
2023-04-22 02:19:19,299 [FixedThreadPoolWithAffinityExecutor-9-0] WARN  container.ContainerReportHandler (AbstractContainerReportHandler.java:updateContainerState(259)) - Container #4 is in OPEN state, but the datanode ffe33985-86ac-4dba-9cf7-e9d9be1914b9(fv-az443-428.ap2fcshprsnunfx25e1aelzb4b.cx.internal.cloudapp.net/10.1.0.20) reports an CLOSED replica.
2023-04-22 02:19:19,409 [FixedThreadPoolWithAffinityExecutor-0-0] WARN  container.ContainerReportHandler (AbstractContainerReportHandler.java:updateContainerState(259)) - Container #1 is in OPEN state, but the datanode 44aa5787-a9ca-4d27-a88e-9069c8f4547b(fv-az443-428.ap2fcshprsnunfx25e1aelzb4b.cx.internal.cloudapp.net/10.1.0.20) reports an QUASI_CLOSED replica.
2023-04-22 02:19:19,434 [FixedThreadPoolWithAffinityExecutor-9-0] WARN  container.ContainerReportHandler (AbstractContainerReportHandler.java:updateContainerState(259)) - Container #1 is in OPEN state, but the datanode 6aaf5ca8-0737-4296-ba95-7f0e9402c55b(fv-az443-428.ap2fcshprsnunfx25e1aelzb4b.cx.internal.cloudapp.net/10.1.0.20) reports an QUASI_CLOSED replica.
2023-04-22 02:19:19,479 [FixedThreadPoolWithAffinityExecutor-0-0] WARN  container.ContainerReportHandler (AbstractContainerReportHandler.java:updateContainerState(259)) - Container #1 is in OPEN state, but the datanode 4fb9f1f7-4e3b-4bcf-a7e7-c7ddcac09d11(fv-az443-428.ap2fcshprsnunfx25e1aelzb4b.cx.internal.cloudapp.net/10.1.0.20) reports an QUASI_CLOSED replica.
2023-04-22 02:19:19,499 [FixedThreadPoolWithAffinityExecutor-9-0] WARN  container.ContainerReportHandler (AbstractContainerReportHandler.java:updateContainerState(259)) - Container #4 is in OPEN state, but the datanode ffe33985-86ac-4dba-9cf7-e9d9be1914b9(fv-az443-428.ap2fcshprsnunfx25e1aelzb4b.cx.internal.cloudapp.net/10.1.0.20) reports an CLOSED replica.
2023-04-22 02:19:19,608 [FixedThreadPoolWithAffinityExecutor-0-0] WARN  container.ContainerReportHandler (AbstractContainerReportHandler.java:updateContainerState(259)) - Container #1 is in OPEN state, but the datanode 44aa5787-a9ca-4d27-a88e-9069c8f4547b(fv-az443-428.ap2fcshprsnunfx25e1aelzb4b.cx.internal.cloudapp.net/10.1.0.20) reports an QUASI_CLOSED replica.
2023-04-22 02:19:19,678 [FixedThreadPoolWithAffinityExecutor-0-0] WARN  container.ContainerReportHandler (AbstractContainerReportHandler.java:updateContainerState(259)) - Container #1 is in OPEN state, but the datanode 4fb9f1f7-4e3b-4bcf-a7e7-c7ddcac09d11(fv-az443-428.ap2fcshprsnunfx25e1aelzb4b.cx.internal.cloudapp.net/10.1.0.20) reports an QUASI_CLOSED replica.
2023-04-22 02:19:19,704 [grpc-default-executor-0] WARN  server.GrpcServerProtocolService (LogUtils.java:warn(124)) - 4fb9f1f7-4e3b-4bcf-a7e7-c7ddcac09d11: Failed APPEND_ENTRIES request 6aaf5ca8-0737-4296-ba95-7f0e9402c55b->4fb9f1f7-4e3b-4bcf-a7e7-c7ddcac09d11#287-t1,previous=(t:0, i:0),leaderCommit=1,initializing? true,entries: size=1, first=(t:1, i:0), CONFIGURATIONENTRY(current:id: "6aaf5ca8-0737-4296-ba95-7f0e9402c55b"
address: "10.1.0.20:37225"
priority: 1
dataStreamAddress: "10.1.0.20:33711"
clientAddress: "10.1.0.20:37225"
adminAddress: "10.1.0.20:37225"
startupRole: FOLLOWER
,id: "4fb9f1f7-4e3b-4bcf-a7e7-c7ddcac09d11"
address: "10.1.0.20:44181"
dataStreamAddress: "10.1.0.20:37741"
clientAddress: "10.1.0.20:44181"
adminAddress: "10.1.0.20:44181"
startupRole: FOLLOWER
,id: "44aa5787-a9ca-4d27-a88e-9069c8f4547b"
address: "10.1.0.20:46431"
dataStreamAddress: "10.1.0.20:44789"
clientAddress: "10.1.0.20:46431"
adminAddress: "10.1.0.20:46431"
startupRole: FOLLOWER
, old:)
java.util.concurrent.CompletionException: org.apache.ratis.protocol.exceptions.GroupMismatchException: 4fb9f1f7-4e3b-4bcf-a7e7-c7ddcac09d11: group-D4D495DF8B74 not found.
	at java.util.concurrent.CompletableFuture.encodeThrowable(CompletableFuture.java:292)
	at java.util.concurrent.CompletableFuture.uniComposeStage(CompletableFuture.java:989)
	at java.util.concurrent.CompletableFuture.thenCompose(CompletableFuture.java:2137)
	at org.apache.ratis.server.impl.RaftServerProxy.appendEntriesAsync(RaftServerProxy.java:630)
	at org.apache.ratis.grpc.server.GrpcServerProtocolService$1.process(GrpcServerProtocolService.java:205)
	at org.apache.ratis.grpc.server.GrpcServerProtocolService$1.process(GrpcServerProtocolService.java:202)
	at org.apache.ratis.grpc.server.GrpcServerProtocolService$ServerRequestStreamObserver.onNext(GrpcServerProtocolService.java:124)
	at org.apache.ratis.thirdparty.io.grpc.stub.ServerCalls$StreamingServerCallHandler$StreamingServerCallListener.onMessage(ServerCalls.java:262)
	at org.apache.ratis.thirdparty.io.grpc.ForwardingServerCallListener.onMessage(ForwardingServerCallListener.java:33)
	at org.apache.ratis.thirdparty.io.grpc.internal.ServerCallImpl$ServerStreamListenerImpl.messagesAvailableInternal(ServerCallImpl.java:332)
	at org.apache.ratis.thirdparty.io.grpc.internal.ServerCallImpl$ServerStreamListenerImpl.messagesAvailable(ServerCallImpl.java:315)
	at org.apache.ratis.thirdparty.io.grpc.internal.ServerImpl$JumpToApplicationThreadServerStreamListener$1MessagesAvailable.runInContext(ServerImpl.java:834)
	at org.apache.ratis.thirdparty.io.grpc.internal.ContextRunnable.run(ContextRunnable.java:37)
	at org.apache.ratis.thirdparty.io.grpc.internal.SerializingExecutor.run(SerializingExecutor.java:133)
	at java.util.concurrent.ThreadPoolExecutor.runWorker(ThreadPoolExecutor.java:1149)
	at java.util.concurrent.ThreadPoolExecutor$Worker.run(ThreadPoolExecutor.java:624)
	at java.lang.Thread.run(Thread.java:750)
Caused by: org.apache.ratis.protocol.exceptions.GroupMismatchException: 4fb9f1f7-4e3b-4bcf-a7e7-c7ddcac09d11: group-D4D495DF8B74 not found.
	at org.apache.ratis.server.impl.RaftServerProxy$ImplMap.get(RaftServerProxy.java:150)
	at org.apache.ratis.server.impl.RaftServerProxy.getImplFuture(RaftServerProxy.java:351)
	at org.apache.ratis.server.impl.RaftServerProxy.appendEntriesAsync(RaftServerProxy.java:629)
	... 13 more
2023-04-22 02:19:19,706 [grpc-default-executor-5] WARN  server.GrpcLogAppender (LogUtils.java:warn(124)) - 6aaf5ca8-0737-4296-ba95-7f0e9402c55b@group-D4D495DF8B74->4fb9f1f7-4e3b-4bcf-a7e7-c7ddcac09d11-AppendLogResponseHandler: Failed appendEntries
org.apache.ratis.protocol.exceptions.GroupMismatchException: 4fb9f1f7-4e3b-4bcf-a7e7-c7ddcac09d11: group-D4D495DF8B74 not found.
	at org.apache.ratis.server.impl.RaftServerProxy$ImplMap.get(RaftServerProxy.java:150)
	at org.apache.ratis.server.impl.RaftServerProxy.getImplFuture(RaftServerProxy.java:351)
	at org.apache.ratis.server.impl.RaftServerProxy.appendEntriesAsync(RaftServerProxy.java:629)
	at org.apache.ratis.grpc.server.GrpcServerProtocolService$1.process(GrpcServerProtocolService.java:205)
	at org.apache.ratis.grpc.server.GrpcServerProtocolService$1.process(GrpcServerProtocolService.java:202)
	at org.apache.ratis.grpc.server.GrpcServerProtocolService$ServerRequestStreamObserver.onNext(GrpcServerProtocolService.java:124)
	at org.apache.ratis.thirdparty.io.grpc.stub.ServerCalls$StreamingServerCallHandler$StreamingServerCallListener.onMessage(ServerCalls.java:262)
	at org.apache.ratis.thirdparty.io.grpc.ForwardingServerCallListener.onMessage(ForwardingServerCallListener.java:33)
	at org.apache.ratis.thirdparty.io.grpc.internal.ServerCallImpl$ServerStreamListenerImpl.messagesAvailableInternal(ServerCallImpl.java:332)
	at org.apache.ratis.thirdparty.io.grpc.internal.ServerCallImpl$ServerStreamListenerImpl.messagesAvailable(ServerCallImpl.java:315)
	at org.apache.ratis.thirdparty.io.grpc.internal.ServerImpl$JumpToApplicationThreadServerStreamListener$1MessagesAvailable.runInContext(ServerImpl.java:834)
	at org.apache.ratis.thirdparty.io.grpc.internal.ContextRunnable.run(ContextRunnable.java:37)
	at org.apache.ratis.thirdparty.io.grpc.internal.SerializingExecutor.run(SerializingExecutor.java:133)
	at java.util.concurrent.ThreadPoolExecutor.runWorker(ThreadPoolExecutor.java:1149)
	at java.util.concurrent.ThreadPoolExecutor$Worker.run(ThreadPoolExecutor.java:624)
	at java.lang.Thread.run(Thread.java:750)
2023-04-22 02:19:19,706 [grpc-default-executor-5] INFO  leader.FollowerInfo (FollowerInfoImpl.java:lambda$new$0(48)) - 6aaf5ca8-0737-4296-ba95-7f0e9402c55b@group-D4D495DF8B74->4fb9f1f7-4e3b-4bcf-a7e7-c7ddcac09d11: nextIndex: updateUnconditionally 1 -> 0
2023-04-22 02:19:19,807 [FixedThreadPoolWithAffinityExecutor-0-0] WARN  container.ContainerReportHandler (AbstractContainerReportHandler.java:updateContainerState(259)) - Container #1 is in OPEN state, but the datanode 44aa5787-a9ca-4d27-a88e-9069c8f4547b(fv-az443-428.ap2fcshprsnunfx25e1aelzb4b.cx.internal.cloudapp.net/10.1.0.20) reports an QUASI_CLOSED replica.
2023-04-22 02:19:19,835 [FixedThreadPoolWithAffinityExecutor-9-0] WARN  container.ContainerReportHandler (AbstractContainerReportHandler.java:updateContainerState(259)) - Container #1 is in OPEN state, but the datanode 6aaf5ca8-0737-4296-ba95-7f0e9402c55b(fv-az443-428.ap2fcshprsnunfx25e1aelzb4b.cx.internal.cloudapp.net/10.1.0.20) reports an QUASI_CLOSED replica.
2023-04-22 02:19:19,899 [FixedThreadPoolWithAffinityExecutor-9-0] WARN  container.ContainerReportHandler (AbstractContainerReportHandler.java:updateContainerState(259)) - Container #4 is in OPEN state, but the datanode ffe33985-86ac-4dba-9cf7-e9d9be1914b9(fv-az443-428.ap2fcshprsnunfx25e1aelzb4b.cx.internal.cloudapp.net/10.1.0.20) reports an CLOSED replica.
2023-04-22 02:19:20,008 [FixedThreadPoolWithAffinityExecutor-0-0] WARN  container.ContainerReportHandler (AbstractContainerReportHandler.java:updateContainerState(259)) - Container #1 is in OPEN state, but the datanode 44aa5787-a9ca-4d27-a88e-9069c8f4547b(fv-az443-428.ap2fcshprsnunfx25e1aelzb4b.cx.internal.cloudapp.net/10.1.0.20) reports an QUASI_CLOSED replica.
2023-04-22 02:19:20,079 [FixedThreadPoolWithAffinityExecutor-0-0] WARN  container.ContainerReportHandler (AbstractContainerReportHandler.java:updateContainerState(259)) - Container #1 is in OPEN state, but the datanode 4fb9f1f7-4e3b-4bcf-a7e7-c7ddcac09d11(fv-az443-428.ap2fcshprsnunfx25e1aelzb4b.cx.internal.cloudapp.net/10.1.0.20) reports an QUASI_CLOSED replica.
2023-04-22 02:19:20,208 [FixedThreadPoolWithAffinityExecutor-0-0] WARN  container.ContainerReportHandler (AbstractContainerReportHandler.java:updateContainerState(259)) - Container #1 is in OPEN state, but the datanode 44aa5787-a9ca-4d27-a88e-9069c8f4547b(fv-az443-428.ap2fcshprsnunfx25e1aelzb4b.cx.internal.cloudapp.net/10.1.0.20) reports an QUASI_CLOSED replica.
2023-04-22 02:19:20,235 [FixedThreadPoolWithAffinityExecutor-9-0] WARN  container.ContainerReportHandler (AbstractContainerReportHandler.java:updateContainerState(259)) - Container #1 is in OPEN state, but the datanode 6aaf5ca8-0737-4296-ba95-7f0e9402c55b(fv-az443-428.ap2fcshprsnunfx25e1aelzb4b.cx.internal.cloudapp.net/10.1.0.20) reports an QUASI_CLOSED replica.
2023-04-22 02:19:20,278 [FixedThreadPoolWithAffinityExecutor-0-0] WARN  container.ContainerReportHandler (AbstractContainerReportHandler.java:updateContainerState(259)) - Container #1 is in OPEN state, but the datanode 4fb9f1f7-4e3b-4bcf-a7e7-c7ddcac09d11(fv-az443-428.ap2fcshprsnunfx25e1aelzb4b.cx.internal.cloudapp.net/10.1.0.20) reports an QUASI_CLOSED replica.
2023-04-22 02:19:20,299 [FixedThreadPoolWithAffinityExecutor-9-0] WARN  container.ContainerReportHandler (AbstractContainerReportHandler.java:updateContainerState(259)) - Container #4 is in OPEN state, but the datanode ffe33985-86ac-4dba-9cf7-e9d9be1914b9(fv-az443-428.ap2fcshprsnunfx25e1aelzb4b.cx.internal.cloudapp.net/10.1.0.20) reports an CLOSED replica.
2023-04-22 02:19:20,332 [timer7] WARN  server.GrpcLogAppender (GrpcLogAppender.java:timeoutAppendRequest(314)) - b7c32ab9-1d10-40a2-8298-2f54da75b521@group-E7D3625E2A84->1fa0605c-c70f-40a8-a13c-0f797dcff94f-GrpcLogAppender: HEARTBEAT appendEntries Timeout, request=AppendEntriesRequest:cid=8078860,entriesCount=0,lastEntry=null
2023-04-22 02:19:20,435 [FixedThreadPoolWithAffinityExecutor-9-0] WARN  container.ContainerReportHandler (AbstractContainerReportHandler.java:updateContainerState(259)) - Container #1 is in OPEN state, but the datanode 6aaf5ca8-0737-4296-ba95-7f0e9402c55b(fv-az443-428.ap2fcshprsnunfx25e1aelzb4b.cx.internal.cloudapp.net/10.1.0.20) reports an QUASI_CLOSED replica.
2023-04-22 02:19:20,479 [FixedThreadPoolWithAffinityExecutor-0-0] WARN  container.ContainerReportHandler (AbstractContainerReportHandler.java:updateContainerState(259)) - Container #1 is in OPEN state, but the datanode 4fb9f1f7-4e3b-4bcf-a7e7-c7ddcac09d11(fv-az443-428.ap2fcshprsnunfx25e1aelzb4b.cx.internal.cloudapp.net/10.1.0.20) reports an QUASI_CLOSED replica.
2023-04-22 02:19:20,498 [FixedThreadPoolWithAffinityExecutor-9-0] WARN  container.ContainerReportHandler (AbstractContainerReportHandler.java:updateContainerState(259)) - Container #4 is in OPEN state, but the datanode ffe33985-86ac-4dba-9cf7-e9d9be1914b9(fv-az443-428.ap2fcshprsnunfx25e1aelzb4b.cx.internal.cloudapp.net/10.1.0.20) reports an CLOSED replica.
2023-04-22 02:19:20,608 [FixedThreadPoolWithAffinityExecutor-0-0] WARN  container.ContainerReportHandler (AbstractContainerReportHandler.java:updateContainerState(259)) - Container #1 is in OPEN state, but the datanode 44aa5787-a9ca-4d27-a88e-9069c8f4547b(fv-az443-428.ap2fcshprsnunfx25e1aelzb4b.cx.internal.cloudapp.net/10.1.0.20) reports an QUASI_CLOSED replica.
2023-04-22 02:19:20,679 [FixedThreadPoolWithAffinityExecutor-0-0] WARN  container.ContainerReportHandler (AbstractContainerReportHandler.java:updateContainerState(259)) - Container #1 is in OPEN state, but the datanode 4fb9f1f7-4e3b-4bcf-a7e7-c7ddcac09d11(fv-az443-428.ap2fcshprsnunfx25e1aelzb4b.cx.internal.cloudapp.net/10.1.0.20) reports an QUASI_CLOSED replica.
2023-04-22 02:19:20,807 [FixedThreadPoolWithAffinityExecutor-0-0] WARN  container.ContainerReportHandler (AbstractContainerReportHandler.java:updateContainerState(259)) - Container #1 is in OPEN state, but the datanode 44aa5787-a9ca-4d27-a88e-9069c8f4547b(fv-az443-428.ap2fcshprsnunfx25e1aelzb4b.cx.internal.cloudapp.net/10.1.0.20) reports an QUASI_CLOSED replica.
2023-04-22 02:19:20,835 [FixedThreadPoolWithAffinityExecutor-9-0] WARN  container.ContainerReportHandler (AbstractContainerReportHandler.java:updateContainerState(259)) - Container #1 is in OPEN state, but the datanode 6aaf5ca8-0737-4296-ba95-7f0e9402c55b(fv-az443-428.ap2fcshprsnunfx25e1aelzb4b.cx.internal.cloudapp.net/10.1.0.20) reports an QUASI_CLOSED replica.
2023-04-22 02:19:20,878 [FixedThreadPoolWithAffinityExecutor-0-0] WARN  container.ContainerReportHandler (AbstractContainerReportHandler.java:updateContainerState(259)) - Container #1 is in OPEN state, but the datanode 4fb9f1f7-4e3b-4bcf-a7e7-c7ddcac09d11(fv-az443-428.ap2fcshprsnunfx25e1aelzb4b.cx.internal.cloudapp.net/10.1.0.20) reports an QUASI_CLOSED replica.
2023-04-22 02:19:20,898 [FixedThreadPoolWithAffinityExecutor-9-0] WARN  container.ContainerReportHandler (AbstractContainerReportHandler.java:updateContainerState(259)) - Container #4 is in OPEN state, but the datanode ffe33985-86ac-4dba-9cf7-e9d9be1914b9(fv-az443-428.ap2fcshprsnunfx25e1aelzb4b.cx.internal.cloudapp.net/10.1.0.20) reports an CLOSED replica.
2023-04-22 02:19:20,955 [grpc-default-executor-5] WARN  server.GrpcServerProtocolService (LogUtils.java:warn(124)) - 4fb9f1f7-4e3b-4bcf-a7e7-c7ddcac09d11: Failed APPEND_ENTRIES request 6aaf5ca8-0737-4296-ba95-7f0e9402c55b->4fb9f1f7-4e3b-4bcf-a7e7-c7ddcac09d11#289-t1,previous=(t:0, i:0),leaderCommit=1,initializing? true,entries: size=1, first=(t:1, i:0), CONFIGURATIONENTRY(current:id: "6aaf5ca8-0737-4296-ba95-7f0e9402c55b"
address: "10.1.0.20:37225"
priority: 1
dataStreamAddress: "10.1.0.20:33711"
clientAddress: "10.1.0.20:37225"
adminAddress: "10.1.0.20:37225"
startupRole: FOLLOWER
,id: "4fb9f1f7-4e3b-4bcf-a7e7-c7ddcac09d11"
address: "10.1.0.20:44181"
dataStreamAddress: "10.1.0.20:37741"
clientAddress: "10.1.0.20:44181"
adminAddress: "10.1.0.20:44181"
startupRole: FOLLOWER
,id: "44aa5787-a9ca-4d27-a88e-9069c8f4547b"
address: "10.1.0.20:46431"
dataStreamAddress: "10.1.0.20:44789"
clientAddress: "10.1.0.20:46431"
adminAddress: "10.1.0.20:46431"
startupRole: FOLLOWER
, old:)
java.util.concurrent.CompletionException: org.apache.ratis.protocol.exceptions.GroupMismatchException: 4fb9f1f7-4e3b-4bcf-a7e7-c7ddcac09d11: group-D4D495DF8B74 not found.
	at java.util.concurrent.CompletableFuture.encodeThrowable(CompletableFuture.java:292)
	at java.util.concurrent.CompletableFuture.uniComposeStage(CompletableFuture.java:989)
	at java.util.concurrent.CompletableFuture.thenCompose(CompletableFuture.java:2137)
	at org.apache.ratis.server.impl.RaftServerProxy.appendEntriesAsync(RaftServerProxy.java:630)
	at org.apache.ratis.grpc.server.GrpcServerProtocolService$1.process(GrpcServerProtocolService.java:205)
	at org.apache.ratis.grpc.server.GrpcServerProtocolService$1.process(GrpcServerProtocolService.java:202)
	at org.apache.ratis.grpc.server.GrpcServerProtocolService$ServerRequestStreamObserver.onNext(GrpcServerProtocolService.java:124)
	at org.apache.ratis.thirdparty.io.grpc.stub.ServerCalls$StreamingServerCallHandler$StreamingServerCallListener.onMessage(ServerCalls.java:262)
	at org.apache.ratis.thirdparty.io.grpc.ForwardingServerCallListener.onMessage(ForwardingServerCallListener.java:33)
	at org.apache.ratis.thirdparty.io.grpc.internal.ServerCallImpl$ServerStreamListenerImpl.messagesAvailableInternal(ServerCallImpl.java:332)
	at org.apache.ratis.thirdparty.io.grpc.internal.ServerCallImpl$ServerStreamListenerImpl.messagesAvailable(ServerCallImpl.java:315)
	at org.apache.ratis.thirdparty.io.grpc.internal.ServerImpl$JumpToApplicationThreadServerStreamListener$1MessagesAvailable.runInContext(ServerImpl.java:834)
	at org.apache.ratis.thirdparty.io.grpc.internal.ContextRunnable.run(ContextRunnable.java:37)
	at org.apache.ratis.thirdparty.io.grpc.internal.SerializingExecutor.run(SerializingExecutor.java:133)
	at java.util.concurrent.ThreadPoolExecutor.runWorker(ThreadPoolExecutor.java:1149)
	at java.util.concurrent.ThreadPoolExecutor$Worker.run(ThreadPoolExecutor.java:624)
	at java.lang.Thread.run(Thread.java:750)
Caused by: org.apache.ratis.protocol.exceptions.GroupMismatchException: 4fb9f1f7-4e3b-4bcf-a7e7-c7ddcac09d11: group-D4D495DF8B74 not found.
	at org.apache.ratis.server.impl.RaftServerProxy$ImplMap.get(RaftServerProxy.java:150)
	at org.apache.ratis.server.impl.RaftServerProxy.getImplFuture(RaftServerProxy.java:351)
	at org.apache.ratis.server.impl.RaftServerProxy.appendEntriesAsync(RaftServerProxy.java:629)
	... 13 more
2023-04-22 02:19:20,957 [grpc-default-executor-5] WARN  server.GrpcLogAppender (LogUtils.java:warn(124)) - 6aaf5ca8-0737-4296-ba95-7f0e9402c55b@group-D4D495DF8B74->4fb9f1f7-4e3b-4bcf-a7e7-c7ddcac09d11-AppendLogResponseHandler: Failed appendEntries
org.apache.ratis.protocol.exceptions.GroupMismatchException: 4fb9f1f7-4e3b-4bcf-a7e7-c7ddcac09d11: group-D4D495DF8B74 not found.
	at org.apache.ratis.server.impl.RaftServerProxy$ImplMap.get(RaftServerProxy.java:150)
	at org.apache.ratis.server.impl.RaftServerProxy.getImplFuture(RaftServerProxy.java:351)
	at org.apache.ratis.server.impl.RaftServerProxy.appendEntriesAsync(RaftServerProxy.java:629)
	at org.apache.ratis.grpc.server.GrpcServerProtocolService$1.process(GrpcServerProtocolService.java:205)
	at org.apache.ratis.grpc.server.GrpcServerProtocolService$1.process(GrpcServerProtocolService.java:202)
	at org.apache.ratis.grpc.server.GrpcServerProtocolService$ServerRequestStreamObserver.onNext(GrpcServerProtocolService.java:124)
	at org.apache.ratis.thirdparty.io.grpc.stub.ServerCalls$StreamingServerCallHandler$StreamingServerCallListener.onMessage(ServerCalls.java:262)
	at org.apache.ratis.thirdparty.io.grpc.ForwardingServerCallListener.onMessage(ForwardingServerCallListener.java:33)
	at org.apache.ratis.thirdparty.io.grpc.internal.ServerCallImpl$ServerStreamListenerImpl.messagesAvailableInternal(ServerCallImpl.java:332)
	at org.apache.ratis.thirdparty.io.grpc.internal.ServerCallImpl$ServerStreamListenerImpl.messagesAvailable(ServerCallImpl.java:315)
	at org.apache.ratis.thirdparty.io.grpc.internal.ServerImpl$JumpToApplicationThreadServerStreamListener$1MessagesAvailable.runInContext(ServerImpl.java:834)
	at org.apache.ratis.thirdparty.io.grpc.internal.ContextRunnable.run(ContextRunnable.java:37)
	at org.apache.ratis.thirdparty.io.grpc.internal.SerializingExecutor.run(SerializingExecutor.java:133)
	at java.util.concurrent.ThreadPoolExecutor.runWorker(ThreadPoolExecutor.java:1149)
	at java.util.concurrent.ThreadPoolExecutor$Worker.run(ThreadPoolExecutor.java:624)
	at java.lang.Thread.run(Thread.java:750)
2023-04-22 02:19:20,957 [grpc-default-executor-5] INFO  leader.FollowerInfo (FollowerInfoImpl.java:lambda$new$0(48)) - 6aaf5ca8-0737-4296-ba95-7f0e9402c55b@group-D4D495DF8B74->4fb9f1f7-4e3b-4bcf-a7e7-c7ddcac09d11: nextIndex: updateUnconditionally 1 -> 0
2023-04-22 02:19:21,007 [FixedThreadPoolWithAffinityExecutor-0-0] WARN  container.ContainerReportHandler (AbstractContainerReportHandler.java:updateContainerState(259)) - Container #1 is in OPEN state, but the datanode 44aa5787-a9ca-4d27-a88e-9069c8f4547b(fv-az443-428.ap2fcshprsnunfx25e1aelzb4b.cx.internal.cloudapp.net/10.1.0.20) reports an QUASI_CLOSED replica.
2023-04-22 02:19:21,079 [FixedThreadPoolWithAffinityExecutor-0-0] WARN  container.ContainerReportHandler (AbstractContainerReportHandler.java:updateContainerState(259)) - Container #1 is in OPEN state, but the datanode 4fb9f1f7-4e3b-4bcf-a7e7-c7ddcac09d11(fv-az443-428.ap2fcshprsnunfx25e1aelzb4b.cx.internal.cloudapp.net/10.1.0.20) reports an QUASI_CLOSED replica.
2023-04-22 02:19:21,098 [FixedThreadPoolWithAffinityExecutor-9-0] WARN  container.ContainerReportHandler (AbstractContainerReportHandler.java:updateContainerState(259)) - Container #4 is in OPEN state, but the datanode ffe33985-86ac-4dba-9cf7-e9d9be1914b9(fv-az443-428.ap2fcshprsnunfx25e1aelzb4b.cx.internal.cloudapp.net/10.1.0.20) reports an CLOSED replica.
2023-04-22 02:19:21,208 [FixedThreadPoolWithAffinityExecutor-0-0] WARN  container.ContainerReportHandler (AbstractContainerReportHandler.java:updateContainerState(259)) - Container #1 is in OPEN state, but the datanode 44aa5787-a9ca-4d27-a88e-9069c8f4547b(fv-az443-428.ap2fcshprsnunfx25e1aelzb4b.cx.internal.cloudapp.net/10.1.0.20) reports an QUASI_CLOSED replica.
2023-04-22 02:19:21,235 [FixedThreadPoolWithAffinityExecutor-9-0] WARN  container.ContainerReportHandler (AbstractContainerReportHandler.java:updateContainerState(259)) - Container #1 is in OPEN state, but the datanode 6aaf5ca8-0737-4296-ba95-7f0e9402c55b(fv-az443-428.ap2fcshprsnunfx25e1aelzb4b.cx.internal.cloudapp.net/10.1.0.20) reports an QUASI_CLOSED replica.
2023-04-22 02:19:21,280 [FixedThreadPoolWithAffinityExecutor-0-0] WARN  container.ContainerReportHandler (AbstractContainerReportHandler.java:updateContainerState(259)) - Container #1 is in OPEN state, but the datanode 4fb9f1f7-4e3b-4bcf-a7e7-c7ddcac09d11(fv-az443-428.ap2fcshprsnunfx25e1aelzb4b.cx.internal.cloudapp.net/10.1.0.20) reports an QUASI_CLOSED replica.
2023-04-22 02:19:21,479 [FixedThreadPoolWithAffinityExecutor-0-0] WARN  container.ContainerReportHandler (AbstractContainerReportHandler.java:updateContainerState(259)) - Container #1 is in OPEN state, but the datanode 4fb9f1f7-4e3b-4bcf-a7e7-c7ddcac09d11(fv-az443-428.ap2fcshprsnunfx25e1aelzb4b.cx.internal.cloudapp.net/10.1.0.20) reports an QUASI_CLOSED replica.
2023-04-22 02:19:21,498 [FixedThreadPoolWithAffinityExecutor-9-0] WARN  container.ContainerReportHandler (AbstractContainerReportHandler.java:updateContainerState(259)) - Container #4 is in OPEN state, but the datanode ffe33985-86ac-4dba-9cf7-e9d9be1914b9(fv-az443-428.ap2fcshprsnunfx25e1aelzb4b.cx.internal.cloudapp.net/10.1.0.20) reports an CLOSED replica.
2023-04-22 02:19:21,583 [timer0] WARN  server.GrpcLogAppender (GrpcLogAppender.java:timeoutAppendRequest(314)) - b7c32ab9-1d10-40a2-8298-2f54da75b521@group-E7D3625E2A84->1fa0605c-c70f-40a8-a13c-0f797dcff94f-GrpcLogAppender: HEARTBEAT appendEntries Timeout, request=AppendEntriesRequest:cid=8078861,entriesCount=0,lastEntry=null
2023-04-22 02:19:21,608 [FixedThreadPoolWithAffinityExecutor-0-0] WARN  container.ContainerReportHandler (AbstractContainerReportHandler.java:updateContainerState(259)) - Container #1 is in OPEN state, but the datanode 44aa5787-a9ca-4d27-a88e-9069c8f4547b(fv-az443-428.ap2fcshprsnunfx25e1aelzb4b.cx.internal.cloudapp.net/10.1.0.20) reports an QUASI_CLOSED replica.
2023-04-22 02:19:21,635 [FixedThreadPoolWithAffinityExecutor-9-0] WARN  container.ContainerReportHandler (AbstractContainerReportHandler.java:updateContainerState(259)) - Container #1 is in OPEN state, but the datanode 6aaf5ca8-0737-4296-ba95-7f0e9402c55b(fv-az443-428.ap2fcshprsnunfx25e1aelzb4b.cx.internal.cloudapp.net/10.1.0.20) reports an QUASI_CLOSED replica.
2023-04-22 02:19:21,679 [FixedThreadPoolWithAffinityExecutor-0-0] WARN  container.ContainerReportHandler (AbstractContainerReportHandler.java:updateContainerState(259)) - Container #1 is in OPEN state, but the datanode 4fb9f1f7-4e3b-4bcf-a7e7-c7ddcac09d11(fv-az443-428.ap2fcshprsnunfx25e1aelzb4b.cx.internal.cloudapp.net/10.1.0.20) reports an QUASI_CLOSED replica.
2023-04-22 02:19:21,808 [FixedThreadPoolWithAffinityExecutor-0-0] WARN  container.ContainerReportHandler (AbstractContainerReportHandler.java:updateContainerState(259)) - Container #1 is in OPEN state, but the datanode 44aa5787-a9ca-4d27-a88e-9069c8f4547b(fv-az443-428.ap2fcshprsnunfx25e1aelzb4b.cx.internal.cloudapp.net/10.1.0.20) reports an QUASI_CLOSED replica.
2023-04-22 02:19:21,880 [FixedThreadPoolWithAffinityExecutor-0-0] WARN  container.ContainerReportHandler (AbstractContainerReportHandler.java:updateContainerState(259)) - Container #1 is in OPEN state, but the datanode 4fb9f1f7-4e3b-4bcf-a7e7-c7ddcac09d11(fv-az443-428.ap2fcshprsnunfx25e1aelzb4b.cx.internal.cloudapp.net/10.1.0.20) reports an QUASI_CLOSED replica.
2023-04-22 02:19:21,900 [FixedThreadPoolWithAffinityExecutor-9-0] WARN  container.ContainerReportHandler (AbstractContainerReportHandler.java:updateContainerState(259)) - Container #4 is in OPEN state, but the datanode ffe33985-86ac-4dba-9cf7-e9d9be1914b9(fv-az443-428.ap2fcshprsnunfx25e1aelzb4b.cx.internal.cloudapp.net/10.1.0.20) reports an CLOSED replica.
2023-04-22 02:19:22,007 [FixedThreadPoolWithAffinityExecutor-0-0] WARN  container.ContainerReportHandler (AbstractContainerReportHandler.java:updateContainerState(259)) - Container #1 is in OPEN state, but the datanode 44aa5787-a9ca-4d27-a88e-9069c8f4547b(fv-az443-428.ap2fcshprsnunfx25e1aelzb4b.cx.internal.cloudapp.net/10.1.0.20) reports an QUASI_CLOSED replica.
2023-04-22 02:19:22,034 [FixedThreadPoolWithAffinityExecutor-9-0] WARN  container.ContainerReportHandler (AbstractContainerReportHandler.java:updateContainerState(259)) - Container #1 is in OPEN state, but the datanode 6aaf5ca8-0737-4296-ba95-7f0e9402c55b(fv-az443-428.ap2fcshprsnunfx25e1aelzb4b.cx.internal.cloudapp.net/10.1.0.20) reports an QUASI_CLOSED replica.
2023-04-22 02:19:22,080 [FixedThreadPoolWithAffinityExecutor-0-0] WARN  container.ContainerReportHandler (AbstractContainerReportHandler.java:updateContainerState(259)) - Container #1 is in OPEN state, but the datanode 4fb9f1f7-4e3b-4bcf-a7e7-c7ddcac09d11(fv-az443-428.ap2fcshprsnunfx25e1aelzb4b.cx.internal.cloudapp.net/10.1.0.20) reports an QUASI_CLOSED replica.
2023-04-22 02:19:22,099 [FixedThreadPoolWithAffinityExecutor-9-0] WARN  container.ContainerReportHandler (AbstractContainerReportHandler.java:updateContainerState(259)) - Container #4 is in OPEN state, but the datanode ffe33985-86ac-4dba-9cf7-e9d9be1914b9(fv-az443-428.ap2fcshprsnunfx25e1aelzb4b.cx.internal.cloudapp.net/10.1.0.20) reports an CLOSED replica.
2023-04-22 02:19:22,206 [grpc-default-executor-4] WARN  server.GrpcServerProtocolService (LogUtils.java:warn(124)) - 4fb9f1f7-4e3b-4bcf-a7e7-c7ddcac09d11: Failed APPEND_ENTRIES request 6aaf5ca8-0737-4296-ba95-7f0e9402c55b->4fb9f1f7-4e3b-4bcf-a7e7-c7ddcac09d11#291-t1,previous=(t:0, i:0),leaderCommit=1,initializing? true,entries: size=1, first=(t:1, i:0), CONFIGURATIONENTRY(current:id: "6aaf5ca8-0737-4296-ba95-7f0e9402c55b"
address: "10.1.0.20:37225"
priority: 1
dataStreamAddress: "10.1.0.20:33711"
clientAddress: "10.1.0.20:37225"
adminAddress: "10.1.0.20:37225"
startupRole: FOLLOWER
,id: "4fb9f1f7-4e3b-4bcf-a7e7-c7ddcac09d11"
address: "10.1.0.20:44181"
dataStreamAddress: "10.1.0.20:37741"
clientAddress: "10.1.0.20:44181"
adminAddress: "10.1.0.20:44181"
startupRole: FOLLOWER
,id: "44aa5787-a9ca-4d27-a88e-9069c8f4547b"
address: "10.1.0.20:46431"
dataStreamAddress: "10.1.0.20:44789"
clientAddress: "10.1.0.20:46431"
adminAddress: "10.1.0.20:46431"
startupRole: FOLLOWER
, old:)
java.util.concurrent.CompletionException: org.apache.ratis.protocol.exceptions.GroupMismatchException: 4fb9f1f7-4e3b-4bcf-a7e7-c7ddcac09d11: group-D4D495DF8B74 not found.
	at java.util.concurrent.CompletableFuture.encodeThrowable(CompletableFuture.java:292)
	at java.util.concurrent.CompletableFuture.uniComposeStage(CompletableFuture.java:989)
	at java.util.concurrent.CompletableFuture.thenCompose(CompletableFuture.java:2137)
	at org.apache.ratis.server.impl.RaftServerProxy.appendEntriesAsync(RaftServerProxy.java:630)
	at org.apache.ratis.grpc.server.GrpcServerProtocolService$1.process(GrpcServerProtocolService.java:205)
	at org.apache.ratis.grpc.server.GrpcServerProtocolService$1.process(GrpcServerProtocolService.java:202)
	at org.apache.ratis.grpc.server.GrpcServerProtocolService$ServerRequestStreamObserver.onNext(GrpcServerProtocolService.java:124)
	at org.apache.ratis.thirdparty.io.grpc.stub.ServerCalls$StreamingServerCallHandler$StreamingServerCallListener.onMessage(ServerCalls.java:262)
	at org.apache.ratis.thirdparty.io.grpc.ForwardingServerCallListener.onMessage(ForwardingServerCallListener.java:33)
	at org.apache.ratis.thirdparty.io.grpc.internal.ServerCallImpl$ServerStreamListenerImpl.messagesAvailableInternal(ServerCallImpl.java:332)
	at org.apache.ratis.thirdparty.io.grpc.internal.ServerCallImpl$ServerStreamListenerImpl.messagesAvailable(ServerCallImpl.java:315)
	at org.apache.ratis.thirdparty.io.grpc.internal.ServerImpl$JumpToApplicationThreadServerStreamListener$1MessagesAvailable.runInContext(ServerImpl.java:834)
	at org.apache.ratis.thirdparty.io.grpc.internal.ContextRunnable.run(ContextRunnable.java:37)
	at org.apache.ratis.thirdparty.io.grpc.internal.SerializingExecutor.run(SerializingExecutor.java:133)
	at java.util.concurrent.ThreadPoolExecutor.runWorker(ThreadPoolExecutor.java:1149)
	at java.util.concurrent.ThreadPoolExecutor$Worker.run(ThreadPoolExecutor.java:624)
	at java.lang.Thread.run(Thread.java:750)
Caused by: org.apache.ratis.protocol.exceptions.GroupMismatchException: 4fb9f1f7-4e3b-4bcf-a7e7-c7ddcac09d11: group-D4D495DF8B74 not found.
	at org.apache.ratis.server.impl.RaftServerProxy$ImplMap.get(RaftServerProxy.java:150)
	at org.apache.ratis.server.impl.RaftServerProxy.getImplFuture(RaftServerProxy.java:351)
	at org.apache.ratis.server.impl.RaftServerProxy.appendEntriesAsync(RaftServerProxy.java:629)
	... 13 more
2023-04-22 02:19:22,209 [grpc-default-executor-4] WARN  server.GrpcLogAppender (LogUtils.java:warn(124)) - 6aaf5ca8-0737-4296-ba95-7f0e9402c55b@group-D4D495DF8B74->4fb9f1f7-4e3b-4bcf-a7e7-c7ddcac09d11-AppendLogResponseHandler: Failed appendEntries
org.apache.ratis.protocol.exceptions.GroupMismatchException: 4fb9f1f7-4e3b-4bcf-a7e7-c7ddcac09d11: group-D4D495DF8B74 not found.
	at org.apache.ratis.server.impl.RaftServerProxy$ImplMap.get(RaftServerProxy.java:150)
	at org.apache.ratis.server.impl.RaftServerProxy.getImplFuture(RaftServerProxy.java:351)
	at org.apache.ratis.server.impl.RaftServerProxy.appendEntriesAsync(RaftServerProxy.java:629)
	at org.apache.ratis.grpc.server.GrpcServerProtocolService$1.process(GrpcServerProtocolService.java:205)
	at org.apache.ratis.grpc.server.GrpcServerProtocolService$1.process(GrpcServerProtocolService.java:202)
	at org.apache.ratis.grpc.server.GrpcServerProtocolService$ServerRequestStreamObserver.onNext(GrpcServerProtocolService.java:124)
	at org.apache.ratis.thirdparty.io.grpc.stub.ServerCalls$StreamingServerCallHandler$StreamingServerCallListener.onMessage(ServerCalls.java:262)
	at org.apache.ratis.thirdparty.io.grpc.ForwardingServerCallListener.onMessage(ForwardingServerCallListener.java:33)
	at org.apache.ratis.thirdparty.io.grpc.internal.ServerCallImpl$ServerStreamListenerImpl.messagesAvailableInternal(ServerCallImpl.java:332)
	at org.apache.ratis.thirdparty.io.grpc.internal.ServerCallImpl$ServerStreamListenerImpl.messagesAvailable(ServerCallImpl.java:315)
	at org.apache.ratis.thirdparty.io.grpc.internal.ServerImpl$JumpToApplicationThreadServerStreamListener$1MessagesAvailable.runInContext(ServerImpl.java:834)
	at org.apache.ratis.thirdparty.io.grpc.internal.ContextRunnable.run(ContextRunnable.java:37)
	at org.apache.ratis.thirdparty.io.grpc.internal.SerializingExecutor.run(SerializingExecutor.java:133)
	at java.util.concurrent.ThreadPoolExecutor.runWorker(ThreadPoolExecutor.java:1149)
	at java.util.concurrent.ThreadPoolExecutor$Worker.run(ThreadPoolExecutor.java:624)
	at java.lang.Thread.run(Thread.java:750)
2023-04-22 02:19:22,209 [grpc-default-executor-4] INFO  leader.FollowerInfo (FollowerInfoImpl.java:lambda$new$0(48)) - 6aaf5ca8-0737-4296-ba95-7f0e9402c55b@group-D4D495DF8B74->4fb9f1f7-4e3b-4bcf-a7e7-c7ddcac09d11: nextIndex: updateUnconditionally 1 -> 0
2023-04-22 02:19:22,209 [FixedThreadPoolWithAffinityExecutor-0-0] WARN  container.ContainerReportHandler (AbstractContainerReportHandler.java:updateContainerState(259)) - Container #1 is in OPEN state, but the datanode 44aa5787-a9ca-4d27-a88e-9069c8f4547b(fv-az443-428.ap2fcshprsnunfx25e1aelzb4b.cx.internal.cloudapp.net/10.1.0.20) reports an QUASI_CLOSED replica.
2023-04-22 02:19:22,235 [FixedThreadPoolWithAffinityExecutor-9-0] WARN  container.ContainerReportHandler (AbstractContainerReportHandler.java:updateContainerState(259)) - Container #1 is in OPEN state, but the datanode 6aaf5ca8-0737-4296-ba95-7f0e9402c55b(fv-az443-428.ap2fcshprsnunfx25e1aelzb4b.cx.internal.cloudapp.net/10.1.0.20) reports an QUASI_CLOSED replica.
2023-04-22 02:19:22,279 [FixedThreadPoolWithAffinityExecutor-0-0] WARN  container.ContainerReportHandler (AbstractContainerReportHandler.java:updateContainerState(259)) - Container #1 is in OPEN state, but the datanode 4fb9f1f7-4e3b-4bcf-a7e7-c7ddcac09d11(fv-az443-428.ap2fcshprsnunfx25e1aelzb4b.cx.internal.cloudapp.net/10.1.0.20) reports an QUASI_CLOSED replica.
2023-04-22 02:19:22,480 [FixedThreadPoolWithAffinityExecutor-0-0] WARN  container.ContainerReportHandler (AbstractContainerReportHandler.java:updateContainerState(259)) - Container #1 is in OPEN state, but the datanode 4fb9f1f7-4e3b-4bcf-a7e7-c7ddcac09d11(fv-az443-428.ap2fcshprsnunfx25e1aelzb4b.cx.internal.cloudapp.net/10.1.0.20) reports an QUASI_CLOSED replica.
2023-04-22 02:19:22,499 [FixedThreadPoolWithAffinityExecutor-9-0] WARN  container.ContainerReportHandler (AbstractContainerReportHandler.java:updateContainerState(259)) - Container #4 is in OPEN state, but the datanode ffe33985-86ac-4dba-9cf7-e9d9be1914b9(fv-az443-428.ap2fcshprsnunfx25e1aelzb4b.cx.internal.cloudapp.net/10.1.0.20) reports an CLOSED replica.
2023-04-22 02:19:22,607 [FixedThreadPoolWithAffinityExecutor-0-0] WARN  container.ContainerReportHandler (AbstractContainerReportHandler.java:updateContainerState(259)) - Container #1 is in OPEN state, but the datanode 44aa5787-a9ca-4d27-a88e-9069c8f4547b(fv-az443-428.ap2fcshprsnunfx25e1aelzb4b.cx.internal.cloudapp.net/10.1.0.20) reports an QUASI_CLOSED replica.
2023-04-22 02:19:22,635 [FixedThreadPoolWithAffinityExecutor-9-0] WARN  container.ContainerReportHandler (AbstractContainerReportHandler.java:updateContainerState(259)) - Container #1 is in OPEN state, but the datanode 6aaf5ca8-0737-4296-ba95-7f0e9402c55b(fv-az443-428.ap2fcshprsnunfx25e1aelzb4b.cx.internal.cloudapp.net/10.1.0.20) reports an QUASI_CLOSED replica.
2023-04-22 02:19:22,680 [FixedThreadPoolWithAffinityExecutor-0-0] WARN  container.ContainerReportHandler (AbstractContainerReportHandler.java:updateContainerState(259)) - Container #1 is in OPEN state, but the datanode 4fb9f1f7-4e3b-4bcf-a7e7-c7ddcac09d11(fv-az443-428.ap2fcshprsnunfx25e1aelzb4b.cx.internal.cloudapp.net/10.1.0.20) reports an QUASI_CLOSED replica.
2023-04-22 02:19:22,808 [FixedThreadPoolWithAffinityExecutor-0-0] WARN  container.ContainerReportHandler (AbstractContainerReportHandler.java:updateContainerState(259)) - Container #1 is in OPEN state, but the datanode 44aa5787-a9ca-4d27-a88e-9069c8f4547b(fv-az443-428.ap2fcshprsnunfx25e1aelzb4b.cx.internal.cloudapp.net/10.1.0.20) reports an QUASI_CLOSED replica.
2023-04-22 02:19:22,834 [timer5] WARN  server.GrpcLogAppender (GrpcLogAppender.java:timeoutAppendRequest(314)) - b7c32ab9-1d10-40a2-8298-2f54da75b521@group-E7D3625E2A84->1fa0605c-c70f-40a8-a13c-0f797dcff94f-GrpcLogAppender: HEARTBEAT appendEntries Timeout, request=AppendEntriesRequest:cid=8078862,entriesCount=0,lastEntry=null
2023-04-22 02:19:22,899 [FixedThreadPoolWithAffinityExecutor-9-0] WARN  container.ContainerReportHandler (AbstractContainerReportHandler.java:updateContainerState(259)) - Container #4 is in OPEN state, but the datanode ffe33985-86ac-4dba-9cf7-e9d9be1914b9(fv-az443-428.ap2fcshprsnunfx25e1aelzb4b.cx.internal.cloudapp.net/10.1.0.20) reports an CLOSED replica.
2023-04-22 02:19:23,008 [FixedThreadPoolWithAffinityExecutor-0-0] WARN  container.ContainerReportHandler (AbstractContainerReportHandler.java:updateContainerState(259)) - Container #1 is in OPEN state, but the datanode 44aa5787-a9ca-4d27-a88e-9069c8f4547b(fv-az443-428.ap2fcshprsnunfx25e1aelzb4b.cx.internal.cloudapp.net/10.1.0.20) reports an QUASI_CLOSED replica.
2023-04-22 02:19:23,035 [FixedThreadPoolWithAffinityExecutor-9-0] WARN  container.ContainerReportHandler (AbstractContainerReportHandler.java:updateContainerState(259)) - Container #1 is in OPEN state, but the datanode 6aaf5ca8-0737-4296-ba95-7f0e9402c55b(fv-az443-428.ap2fcshprsnunfx25e1aelzb4b.cx.internal.cloudapp.net/10.1.0.20) reports an QUASI_CLOSED replica.
2023-04-22 02:19:23,080 [FixedThreadPoolWithAffinityExecutor-0-0] WARN  container.ContainerReportHandler (AbstractContainerReportHandler.java:updateContainerState(259)) - Container #1 is in OPEN state, but the datanode 4fb9f1f7-4e3b-4bcf-a7e7-c7ddcac09d11(fv-az443-428.ap2fcshprsnunfx25e1aelzb4b.cx.internal.cloudapp.net/10.1.0.20) reports an QUASI_CLOSED replica.
2023-04-22 02:19:23,100 [FixedThreadPoolWithAffinityExecutor-9-0] WARN  container.ContainerReportHandler (AbstractContainerReportHandler.java:updateContainerState(259)) - Container #4 is in OPEN state, but the datanode ffe33985-86ac-4dba-9cf7-e9d9be1914b9(fv-az443-428.ap2fcshprsnunfx25e1aelzb4b.cx.internal.cloudapp.net/10.1.0.20) reports an CLOSED replica.
2023-04-22 02:19:23,207 [FixedThreadPoolWithAffinityExecutor-0-0] WARN  container.ContainerReportHandler (AbstractContainerReportHandler.java:updateContainerState(259)) - Container #1 is in OPEN state, but the datanode 44aa5787-a9ca-4d27-a88e-9069c8f4547b(fv-az443-428.ap2fcshprsnunfx25e1aelzb4b.cx.internal.cloudapp.net/10.1.0.20) reports an QUASI_CLOSED replica.
2023-04-22 02:19:23,280 [FixedThreadPoolWithAffinityExecutor-0-0] WARN  container.ContainerReportHandler (AbstractContainerReportHandler.java:updateContainerState(259)) - Container #1 is in OPEN state, but the datanode 4fb9f1f7-4e3b-4bcf-a7e7-c7ddcac09d11(fv-az443-428.ap2fcshprsnunfx25e1aelzb4b.cx.internal.cloudapp.net/10.1.0.20) reports an QUASI_CLOSED replica.
2023-04-22 02:19:23,436 [FixedThreadPoolWithAffinityExecutor-9-0] WARN  container.ContainerReportHandler (AbstractContainerReportHandler.java:updateContainerState(259)) - Container #1 is in OPEN state, but the datanode 6aaf5ca8-0737-4296-ba95-7f0e9402c55b(fv-az443-428.ap2fcshprsnunfx25e1aelzb4b.cx.internal.cloudapp.net/10.1.0.20) reports an QUASI_CLOSED replica.
2023-04-22 02:19:23,457 [grpc-default-executor-5] WARN  server.GrpcServerProtocolService (LogUtils.java:warn(124)) - 4fb9f1f7-4e3b-4bcf-a7e7-c7ddcac09d11: Failed APPEND_ENTRIES request 6aaf5ca8-0737-4296-ba95-7f0e9402c55b->4fb9f1f7-4e3b-4bcf-a7e7-c7ddcac09d11#293-t1,previous=(t:0, i:0),leaderCommit=1,initializing? true,entries: size=1, first=(t:1, i:0), CONFIGURATIONENTRY(current:id: "6aaf5ca8-0737-4296-ba95-7f0e9402c55b"
address: "10.1.0.20:37225"
priority: 1
dataStreamAddress: "10.1.0.20:33711"
clientAddress: "10.1.0.20:37225"
adminAddress: "10.1.0.20:37225"
startupRole: FOLLOWER
,id: "4fb9f1f7-4e3b-4bcf-a7e7-c7ddcac09d11"
address: "10.1.0.20:44181"
dataStreamAddress: "10.1.0.20:37741"
clientAddress: "10.1.0.20:44181"
adminAddress: "10.1.0.20:44181"
startupRole: FOLLOWER
,id: "44aa5787-a9ca-4d27-a88e-9069c8f4547b"
address: "10.1.0.20:46431"
dataStreamAddress: "10.1.0.20:44789"
clientAddress: "10.1.0.20:46431"
adminAddress: "10.1.0.20:46431"
startupRole: FOLLOWER
, old:)
java.util.concurrent.CompletionException: org.apache.ratis.protocol.exceptions.GroupMismatchException: 4fb9f1f7-4e3b-4bcf-a7e7-c7ddcac09d11: group-D4D495DF8B74 not found.
	at java.util.concurrent.CompletableFuture.encodeThrowable(CompletableFuture.java:292)
	at java.util.concurrent.CompletableFuture.uniComposeStage(CompletableFuture.java:989)
	at java.util.concurrent.CompletableFuture.thenCompose(CompletableFuture.java:2137)
	at org.apache.ratis.server.impl.RaftServerProxy.appendEntriesAsync(RaftServerProxy.java:630)
	at org.apache.ratis.grpc.server.GrpcServerProtocolService$1.process(GrpcServerProtocolService.java:205)
	at org.apache.ratis.grpc.server.GrpcServerProtocolService$1.process(GrpcServerProtocolService.java:202)
	at org.apache.ratis.grpc.server.GrpcServerProtocolService$ServerRequestStreamObserver.onNext(GrpcServerProtocolService.java:124)
	at org.apache.ratis.thirdparty.io.grpc.stub.ServerCalls$StreamingServerCallHandler$StreamingServerCallListener.onMessage(ServerCalls.java:262)
	at org.apache.ratis.thirdparty.io.grpc.ForwardingServerCallListener.onMessage(ForwardingServerCallListener.java:33)
	at org.apache.ratis.thirdparty.io.grpc.internal.ServerCallImpl$ServerStreamListenerImpl.messagesAvailableInternal(ServerCallImpl.java:332)
	at org.apache.ratis.thirdparty.io.grpc.internal.ServerCallImpl$ServerStreamListenerImpl.messagesAvailable(ServerCallImpl.java:315)
	at org.apache.ratis.thirdparty.io.grpc.internal.ServerImpl$JumpToApplicationThreadServerStreamListener$1MessagesAvailable.runInContext(ServerImpl.java:834)
	at org.apache.ratis.thirdparty.io.grpc.internal.ContextRunnable.run(ContextRunnable.java:37)
	at org.apache.ratis.thirdparty.io.grpc.internal.SerializingExecutor.run(SerializingExecutor.java:133)
	at java.util.concurrent.ThreadPoolExecutor.runWorker(ThreadPoolExecutor.java:1149)
	at java.util.concurrent.ThreadPoolExecutor$Worker.run(ThreadPoolExecutor.java:624)
	at java.lang.Thread.run(Thread.java:750)
Caused by: org.apache.ratis.protocol.exceptions.GroupMismatchException: 4fb9f1f7-4e3b-4bcf-a7e7-c7ddcac09d11: group-D4D495DF8B74 not found.
	at org.apache.ratis.server.impl.RaftServerProxy$ImplMap.get(RaftServerProxy.java:150)
	at org.apache.ratis.server.impl.RaftServerProxy.getImplFuture(RaftServerProxy.java:351)
	at org.apache.ratis.server.impl.RaftServerProxy.appendEntriesAsync(RaftServerProxy.java:629)
	... 13 more
2023-04-22 02:19:23,459 [grpc-default-executor-4] WARN  server.GrpcLogAppender (LogUtils.java:warn(124)) - 6aaf5ca8-0737-4296-ba95-7f0e9402c55b@group-D4D495DF8B74->4fb9f1f7-4e3b-4bcf-a7e7-c7ddcac09d11-AppendLogResponseHandler: Failed appendEntries
org.apache.ratis.protocol.exceptions.GroupMismatchException: 4fb9f1f7-4e3b-4bcf-a7e7-c7ddcac09d11: group-D4D495DF8B74 not found.
	at org.apache.ratis.server.impl.RaftServerProxy$ImplMap.get(RaftServerProxy.java:150)
	at org.apache.ratis.server.impl.RaftServerProxy.getImplFuture(RaftServerProxy.java:351)
	at org.apache.ratis.server.impl.RaftServerProxy.appendEntriesAsync(RaftServerProxy.java:629)
	at org.apache.ratis.grpc.server.GrpcServerProtocolService$1.process(GrpcServerProtocolService.java:205)
	at org.apache.ratis.grpc.server.GrpcServerProtocolService$1.process(GrpcServerProtocolService.java:202)
	at org.apache.ratis.grpc.server.GrpcServerProtocolService$ServerRequestStreamObserver.onNext(GrpcServerProtocolService.java:124)
	at org.apache.ratis.thirdparty.io.grpc.stub.ServerCalls$StreamingServerCallHandler$StreamingServerCallListener.onMessage(ServerCalls.java:262)
	at org.apache.ratis.thirdparty.io.grpc.ForwardingServerCallListener.onMessage(ForwardingServerCallListener.java:33)
	at org.apache.ratis.thirdparty.io.grpc.internal.ServerCallImpl$ServerStreamListenerImpl.messagesAvailableInternal(ServerCallImpl.java:332)
	at org.apache.ratis.thirdparty.io.grpc.internal.ServerCallImpl$ServerStreamListenerImpl.messagesAvailable(ServerCallImpl.java:315)
	at org.apache.ratis.thirdparty.io.grpc.internal.ServerImpl$JumpToApplicationThreadServerStreamListener$1MessagesAvailable.runInContext(ServerImpl.java:834)
	at org.apache.ratis.thirdparty.io.grpc.internal.ContextRunnable.run(ContextRunnable.java:37)
	at org.apache.ratis.thirdparty.io.grpc.internal.SerializingExecutor.run(SerializingExecutor.java:133)
	at java.util.concurrent.ThreadPoolExecutor.runWorker(ThreadPoolExecutor.java:1149)
	at java.util.concurrent.ThreadPoolExecutor$Worker.run(ThreadPoolExecutor.java:624)
	at java.lang.Thread.run(Thread.java:750)
2023-04-22 02:19:23,459 [grpc-default-executor-4] INFO  leader.FollowerInfo (FollowerInfoImpl.java:lambda$new$0(48)) - 6aaf5ca8-0737-4296-ba95-7f0e9402c55b@group-D4D495DF8B74->4fb9f1f7-4e3b-4bcf-a7e7-c7ddcac09d11: nextIndex: updateUnconditionally 1 -> 0
2023-04-22 02:19:23,479 [FixedThreadPoolWithAffinityExecutor-0-0] WARN  container.ContainerReportHandler (AbstractContainerReportHandler.java:updateContainerState(259)) - Container #1 is in OPEN state, but the datanode 4fb9f1f7-4e3b-4bcf-a7e7-c7ddcac09d11(fv-az443-428.ap2fcshprsnunfx25e1aelzb4b.cx.internal.cloudapp.net/10.1.0.20) reports an QUASI_CLOSED replica.
2023-04-22 02:19:23,500 [FixedThreadPoolWithAffinityExecutor-9-0] WARN  container.ContainerReportHandler (AbstractContainerReportHandler.java:updateContainerState(259)) - Container #4 is in OPEN state, but the datanode ffe33985-86ac-4dba-9cf7-e9d9be1914b9(fv-az443-428.ap2fcshprsnunfx25e1aelzb4b.cx.internal.cloudapp.net/10.1.0.20) reports an CLOSED replica.
2023-04-22 02:19:23,607 [FixedThreadPoolWithAffinityExecutor-0-0] WARN  container.ContainerReportHandler (AbstractContainerReportHandler.java:updateContainerState(259)) - Container #1 is in OPEN state, but the datanode 44aa5787-a9ca-4d27-a88e-9069c8f4547b(fv-az443-428.ap2fcshprsnunfx25e1aelzb4b.cx.internal.cloudapp.net/10.1.0.20) reports an QUASI_CLOSED replica.
2023-04-22 02:19:23,680 [FixedThreadPoolWithAffinityExecutor-0-0] WARN  container.ContainerReportHandler (AbstractContainerReportHandler.java:updateContainerState(259)) - Container #1 is in OPEN state, but the datanode 4fb9f1f7-4e3b-4bcf-a7e7-c7ddcac09d11(fv-az443-428.ap2fcshprsnunfx25e1aelzb4b.cx.internal.cloudapp.net/10.1.0.20) reports an QUASI_CLOSED replica.
2023-04-22 02:19:23,808 [FixedThreadPoolWithAffinityExecutor-0-0] WARN  container.ContainerReportHandler (AbstractContainerReportHandler.java:updateContainerState(259)) - Container #1 is in OPEN state, but the datanode 44aa5787-a9ca-4d27-a88e-9069c8f4547b(fv-az443-428.ap2fcshprsnunfx25e1aelzb4b.cx.internal.cloudapp.net/10.1.0.20) reports an QUASI_CLOSED replica.
2023-04-22 02:19:23,837 [FixedThreadPoolWithAffinityExecutor-9-0] WARN  container.ContainerReportHandler (AbstractContainerReportHandler.java:updateContainerState(259)) - Container #1 is in OPEN state, but the datanode 6aaf5ca8-0737-4296-ba95-7f0e9402c55b(fv-az443-428.ap2fcshprsnunfx25e1aelzb4b.cx.internal.cloudapp.net/10.1.0.20) reports an QUASI_CLOSED replica.
2023-04-22 02:19:23,880 [FixedThreadPoolWithAffinityExecutor-0-0] WARN  container.ContainerReportHandler (AbstractContainerReportHandler.java:updateContainerState(259)) - Container #1 is in OPEN state, but the datanode 4fb9f1f7-4e3b-4bcf-a7e7-c7ddcac09d11(fv-az443-428.ap2fcshprsnunfx25e1aelzb4b.cx.internal.cloudapp.net/10.1.0.20) reports an QUASI_CLOSED replica.
2023-04-22 02:19:23,900 [FixedThreadPoolWithAffinityExecutor-9-0] WARN  container.ContainerReportHandler (AbstractContainerReportHandler.java:updateContainerState(259)) - Container #4 is in OPEN state, but the datanode ffe33985-86ac-4dba-9cf7-e9d9be1914b9(fv-az443-428.ap2fcshprsnunfx25e1aelzb4b.cx.internal.cloudapp.net/10.1.0.20) reports an CLOSED replica.
2023-04-22 02:19:24,009 [FixedThreadPoolWithAffinityExecutor-0-0] WARN  container.ContainerReportHandler (AbstractContainerReportHandler.java:updateContainerState(259)) - Container #1 is in OPEN state, but the datanode 44aa5787-a9ca-4d27-a88e-9069c8f4547b(fv-az443-428.ap2fcshprsnunfx25e1aelzb4b.cx.internal.cloudapp.net/10.1.0.20) reports an QUASI_CLOSED replica.
2023-04-22 02:19:24,079 [FixedThreadPoolWithAffinityExecutor-0-0] WARN  container.ContainerReportHandler (AbstractContainerReportHandler.java:updateContainerState(259)) - Container #1 is in OPEN state, but the datanode 4fb9f1f7-4e3b-4bcf-a7e7-c7ddcac09d11(fv-az443-428.ap2fcshprsnunfx25e1aelzb4b.cx.internal.cloudapp.net/10.1.0.20) reports an QUASI_CLOSED replica.
2023-04-22 02:19:24,085 [timer6] WARN  server.GrpcLogAppender (GrpcLogAppender.java:timeoutAppendRequest(314)) - b7c32ab9-1d10-40a2-8298-2f54da75b521@group-E7D3625E2A84->1fa0605c-c70f-40a8-a13c-0f797dcff94f-GrpcLogAppender: HEARTBEAT appendEntries Timeout, request=AppendEntriesRequest:cid=8078863,entriesCount=0,lastEntry=null
2023-04-22 02:19:24,101 [FixedThreadPoolWithAffinityExecutor-9-0] WARN  container.ContainerReportHandler (AbstractContainerReportHandler.java:updateContainerState(259)) - Container #4 is in OPEN state, but the datanode ffe33985-86ac-4dba-9cf7-e9d9be1914b9(fv-az443-428.ap2fcshprsnunfx25e1aelzb4b.cx.internal.cloudapp.net/10.1.0.20) reports an CLOSED replica.
2023-04-22 02:19:24,209 [FixedThreadPoolWithAffinityExecutor-0-0] WARN  container.ContainerReportHandler (AbstractContainerReportHandler.java:updateContainerState(259)) - Container #1 is in OPEN state, but the datanode 44aa5787-a9ca-4d27-a88e-9069c8f4547b(fv-az443-428.ap2fcshprsnunfx25e1aelzb4b.cx.internal.cloudapp.net/10.1.0.20) reports an QUASI_CLOSED replica.
2023-04-22 02:19:24,237 [FixedThreadPoolWithAffinityExecutor-9-0] WARN  container.ContainerReportHandler (AbstractContainerReportHandler.java:updateContainerState(259)) - Container #1 is in OPEN state, but the datanode 6aaf5ca8-0737-4296-ba95-7f0e9402c55b(fv-az443-428.ap2fcshprsnunfx25e1aelzb4b.cx.internal.cloudapp.net/10.1.0.20) reports an QUASI_CLOSED replica.
2023-04-22 02:19:24,280 [FixedThreadPoolWithAffinityExecutor-0-0] WARN  container.ContainerReportHandler (AbstractContainerReportHandler.java:updateContainerState(259)) - Container #1 is in OPEN state, but the datanode 4fb9f1f7-4e3b-4bcf-a7e7-c7ddcac09d11(fv-az443-428.ap2fcshprsnunfx25e1aelzb4b.cx.internal.cloudapp.net/10.1.0.20) reports an QUASI_CLOSED replica.
2023-04-22 02:19:24,438 [FixedThreadPoolWithAffinityExecutor-9-0] WARN  container.ContainerReportHandler (AbstractContainerReportHandler.java:updateContainerState(259)) - Container #1 is in OPEN state, but the datanode 6aaf5ca8-0737-4296-ba95-7f0e9402c55b(fv-az443-428.ap2fcshprsnunfx25e1aelzb4b.cx.internal.cloudapp.net/10.1.0.20) reports an QUASI_CLOSED replica.
2023-04-22 02:19:24,480 [FixedThreadPoolWithAffinityExecutor-0-0] WARN  container.ContainerReportHandler (AbstractContainerReportHandler.java:updateContainerState(259)) - Container #1 is in OPEN state, but the datanode 4fb9f1f7-4e3b-4bcf-a7e7-c7ddcac09d11(fv-az443-428.ap2fcshprsnunfx25e1aelzb4b.cx.internal.cloudapp.net/10.1.0.20) reports an QUASI_CLOSED replica.
2023-04-22 02:19:24,500 [FixedThreadPoolWithAffinityExecutor-9-0] WARN  container.ContainerReportHandler (AbstractContainerReportHandler.java:updateContainerState(259)) - Container #4 is in OPEN state, but the datanode ffe33985-86ac-4dba-9cf7-e9d9be1914b9(fv-az443-428.ap2fcshprsnunfx25e1aelzb4b.cx.internal.cloudapp.net/10.1.0.20) reports an CLOSED replica.
2023-04-22 02:19:24,609 [FixedThreadPoolWithAffinityExecutor-0-0] WARN  container.ContainerReportHandler (AbstractContainerReportHandler.java:updateContainerState(259)) - Container #1 is in OPEN state, but the datanode 44aa5787-a9ca-4d27-a88e-9069c8f4547b(fv-az443-428.ap2fcshprsnunfx25e1aelzb4b.cx.internal.cloudapp.net/10.1.0.20) reports an QUASI_CLOSED replica.
2023-04-22 02:19:24,680 [FixedThreadPoolWithAffinityExecutor-0-0] WARN  container.ContainerReportHandler (AbstractContainerReportHandler.java:updateContainerState(259)) - Container #1 is in OPEN state, but the datanode 4fb9f1f7-4e3b-4bcf-a7e7-c7ddcac09d11(fv-az443-428.ap2fcshprsnunfx25e1aelzb4b.cx.internal.cloudapp.net/10.1.0.20) reports an QUASI_CLOSED replica.
2023-04-22 02:19:24,701 [FixedThreadPoolWithAffinityExecutor-9-0] WARN  container.ContainerReportHandler (AbstractContainerReportHandler.java:updateContainerState(259)) - Container #4 is in OPEN state, but the datanode ffe33985-86ac-4dba-9cf7-e9d9be1914b9(fv-az443-428.ap2fcshprsnunfx25e1aelzb4b.cx.internal.cloudapp.net/10.1.0.20) reports an CLOSED replica.
2023-04-22 02:19:24,708 [grpc-default-executor-5] WARN  server.GrpcServerProtocolService (LogUtils.java:warn(124)) - 4fb9f1f7-4e3b-4bcf-a7e7-c7ddcac09d11: Failed APPEND_ENTRIES request 6aaf5ca8-0737-4296-ba95-7f0e9402c55b->4fb9f1f7-4e3b-4bcf-a7e7-c7ddcac09d11#295-t1,previous=(t:0, i:0),leaderCommit=1,initializing? true,entries: size=1, first=(t:1, i:0), CONFIGURATIONENTRY(current:id: "6aaf5ca8-0737-4296-ba95-7f0e9402c55b"
address: "10.1.0.20:37225"
priority: 1
dataStreamAddress: "10.1.0.20:33711"
clientAddress: "10.1.0.20:37225"
adminAddress: "10.1.0.20:37225"
startupRole: FOLLOWER
,id: "4fb9f1f7-4e3b-4bcf-a7e7-c7ddcac09d11"
address: "10.1.0.20:44181"
dataStreamAddress: "10.1.0.20:37741"
clientAddress: "10.1.0.20:44181"
adminAddress: "10.1.0.20:44181"
startupRole: FOLLOWER
,id: "44aa5787-a9ca-4d27-a88e-9069c8f4547b"
address: "10.1.0.20:46431"
dataStreamAddress: "10.1.0.20:44789"
clientAddress: "10.1.0.20:46431"
adminAddress: "10.1.0.20:46431"
startupRole: FOLLOWER
, old:)
java.util.concurrent.CompletionException: org.apache.ratis.protocol.exceptions.GroupMismatchException: 4fb9f1f7-4e3b-4bcf-a7e7-c7ddcac09d11: group-D4D495DF8B74 not found.
	at java.util.concurrent.CompletableFuture.encodeThrowable(CompletableFuture.java:292)
	at java.util.concurrent.CompletableFuture.uniComposeStage(CompletableFuture.java:989)
	at java.util.concurrent.CompletableFuture.thenCompose(CompletableFuture.java:2137)
	at org.apache.ratis.server.impl.RaftServerProxy.appendEntriesAsync(RaftServerProxy.java:630)
	at org.apache.ratis.grpc.server.GrpcServerProtocolService$1.process(GrpcServerProtocolService.java:205)
	at org.apache.ratis.grpc.server.GrpcServerProtocolService$1.process(GrpcServerProtocolService.java:202)
	at org.apache.ratis.grpc.server.GrpcServerProtocolService$ServerRequestStreamObserver.onNext(GrpcServerProtocolService.java:124)
	at org.apache.ratis.thirdparty.io.grpc.stub.ServerCalls$StreamingServerCallHandler$StreamingServerCallListener.onMessage(ServerCalls.java:262)
	at org.apache.ratis.thirdparty.io.grpc.ForwardingServerCallListener.onMessage(ForwardingServerCallListener.java:33)
	at org.apache.ratis.thirdparty.io.grpc.internal.ServerCallImpl$ServerStreamListenerImpl.messagesAvailableInternal(ServerCallImpl.java:332)
	at org.apache.ratis.thirdparty.io.grpc.internal.ServerCallImpl$ServerStreamListenerImpl.messagesAvailable(ServerCallImpl.java:315)
	at org.apache.ratis.thirdparty.io.grpc.internal.ServerImpl$JumpToApplicationThreadServerStreamListener$1MessagesAvailable.runInContext(ServerImpl.java:834)
	at org.apache.ratis.thirdparty.io.grpc.internal.ContextRunnable.run(ContextRunnable.java:37)
	at org.apache.ratis.thirdparty.io.grpc.internal.SerializingExecutor.run(SerializingExecutor.java:133)
	at java.util.concurrent.ThreadPoolExecutor.runWorker(ThreadPoolExecutor.java:1149)
	at java.util.concurrent.ThreadPoolExecutor$Worker.run(ThreadPoolExecutor.java:624)
	at java.lang.Thread.run(Thread.java:750)
Caused by: org.apache.ratis.protocol.exceptions.GroupMismatchException: 4fb9f1f7-4e3b-4bcf-a7e7-c7ddcac09d11: group-D4D495DF8B74 not found.
	at org.apache.ratis.server.impl.RaftServerProxy$ImplMap.get(RaftServerProxy.java:150)
	at org.apache.ratis.server.impl.RaftServerProxy.getImplFuture(RaftServerProxy.java:351)
	at org.apache.ratis.server.impl.RaftServerProxy.appendEntriesAsync(RaftServerProxy.java:629)
	... 13 more
2023-04-22 02:19:24,709 [grpc-default-executor-3] WARN  server.GrpcLogAppender (LogUtils.java:warn(124)) - 6aaf5ca8-0737-4296-ba95-7f0e9402c55b@group-D4D495DF8B74->4fb9f1f7-4e3b-4bcf-a7e7-c7ddcac09d11-AppendLogResponseHandler: Failed appendEntries
org.apache.ratis.protocol.exceptions.GroupMismatchException: 4fb9f1f7-4e3b-4bcf-a7e7-c7ddcac09d11: group-D4D495DF8B74 not found.
	at org.apache.ratis.server.impl.RaftServerProxy$ImplMap.get(RaftServerProxy.java:150)
	at org.apache.ratis.server.impl.RaftServerProxy.getImplFuture(RaftServerProxy.java:351)
	at org.apache.ratis.server.impl.RaftServerProxy.appendEntriesAsync(RaftServerProxy.java:629)
	at org.apache.ratis.grpc.server.GrpcServerProtocolService$1.process(GrpcServerProtocolService.java:205)
	at org.apache.ratis.grpc.server.GrpcServerProtocolService$1.process(GrpcServerProtocolService.java:202)
	at org.apache.ratis.grpc.server.GrpcServerProtocolService$ServerRequestStreamObserver.onNext(GrpcServerProtocolService.java:124)
	at org.apache.ratis.thirdparty.io.grpc.stub.ServerCalls$StreamingServerCallHandler$StreamingServerCallListener.onMessage(ServerCalls.java:262)
	at org.apache.ratis.thirdparty.io.grpc.ForwardingServerCallListener.onMessage(ForwardingServerCallListener.java:33)
	at org.apache.ratis.thirdparty.io.grpc.internal.ServerCallImpl$ServerStreamListenerImpl.messagesAvailableInternal(ServerCallImpl.java:332)
	at org.apache.ratis.thirdparty.io.grpc.internal.ServerCallImpl$ServerStreamListenerImpl.messagesAvailable(ServerCallImpl.java:315)
	at org.apache.ratis.thirdparty.io.grpc.internal.ServerImpl$JumpToApplicationThreadServerStreamListener$1MessagesAvailable.runInContext(ServerImpl.java:834)
	at org.apache.ratis.thirdparty.io.grpc.internal.ContextRunnable.run(ContextRunnable.java:37)
	at org.apache.ratis.thirdparty.io.grpc.internal.SerializingExecutor.run(SerializingExecutor.java:133)
	at java.util.concurrent.ThreadPoolExecutor.runWorker(ThreadPoolExecutor.java:1149)
	at java.util.concurrent.ThreadPoolExecutor$Worker.run(ThreadPoolExecutor.java:624)
	at java.lang.Thread.run(Thread.java:750)
2023-04-22 02:19:24,710 [grpc-default-executor-3] INFO  leader.FollowerInfo (FollowerInfoImpl.java:lambda$new$0(48)) - 6aaf5ca8-0737-4296-ba95-7f0e9402c55b@group-D4D495DF8B74->4fb9f1f7-4e3b-4bcf-a7e7-c7ddcac09d11: nextIndex: updateUnconditionally 1 -> 0
2023-04-22 02:19:24,809 [FixedThreadPoolWithAffinityExecutor-0-0] WARN  container.ContainerReportHandler (AbstractContainerReportHandler.java:updateContainerState(259)) - Container #1 is in OPEN state, but the datanode 44aa5787-a9ca-4d27-a88e-9069c8f4547b(fv-az443-428.ap2fcshprsnunfx25e1aelzb4b.cx.internal.cloudapp.net/10.1.0.20) reports an QUASI_CLOSED replica.
2023-04-22 02:19:24,838 [FixedThreadPoolWithAffinityExecutor-9-0] WARN  container.ContainerReportHandler (AbstractContainerReportHandler.java:updateContainerState(259)) - Container #1 is in OPEN state, but the datanode 6aaf5ca8-0737-4296-ba95-7f0e9402c55b(fv-az443-428.ap2fcshprsnunfx25e1aelzb4b.cx.internal.cloudapp.net/10.1.0.20) reports an QUASI_CLOSED replica.
2023-04-22 02:19:24,879 [FixedThreadPoolWithAffinityExecutor-0-0] WARN  container.ContainerReportHandler (AbstractContainerReportHandler.java:updateContainerState(259)) - Container #1 is in OPEN state, but the datanode 4fb9f1f7-4e3b-4bcf-a7e7-c7ddcac09d11(fv-az443-428.ap2fcshprsnunfx25e1aelzb4b.cx.internal.cloudapp.net/10.1.0.20) reports an QUASI_CLOSED replica.
2023-04-22 02:19:25,011 [FixedThreadPoolWithAffinityExecutor-0-0] WARN  container.ContainerReportHandler (AbstractContainerReportHandler.java:updateContainerState(259)) - Container #1 is in OPEN state, but the datanode 44aa5787-a9ca-4d27-a88e-9069c8f4547b(fv-az443-428.ap2fcshprsnunfx25e1aelzb4b.cx.internal.cloudapp.net/10.1.0.20) reports an QUASI_CLOSED replica.
2023-04-22 02:19:25,072 [grpc-default-executor-3] ERROR impl.OrderedAsync (OrderedAsync.java:lambda$send$4(175)) - Failed to send request, message=cmdType: WriteChunk
traceID: ""
containerID: 9
datanodeUuid: "4fb9f1f7-4e3b-4bcf-a7e7-c7ddcac09d11"
writeChunk {
  blockID {
    containerID: 9
    localID: 111677748019200009
    blockCommitSequenceId: 4
    replicaIndex: 0
  }
  chunkData {
    chunkName: "111677748019200009_chunk_2"
    offset: 5
    len: 10
    checksumData {
      type: CRC32
      bytesPerChecksum: 1048576
      checksums: "\317\357R*"
    }
  }
}
, data.size=10
java.util.concurrent.CompletionException: org.apache.ratis.protocol.exceptions.GroupMismatchException: 4fb9f1f7-4e3b-4bcf-a7e7-c7ddcac09d11: group-D97743807C2E not found.
	at java.util.concurrent.CompletableFuture.encodeThrowable(CompletableFuture.java:292)
	at java.util.concurrent.CompletableFuture.completeThrowable(CompletableFuture.java:308)
	at java.util.concurrent.CompletableFuture.uniApply(CompletableFuture.java:607)
	at java.util.concurrent.CompletableFuture$UniApply.tryFire(CompletableFuture.java:591)
	at java.util.concurrent.CompletableFuture.postComplete(CompletableFuture.java:488)
	at java.util.concurrent.CompletableFuture.completeExceptionally(CompletableFuture.java:1990)
	at org.apache.ratis.client.impl.OrderedAsync$PendingOrderedRequest.fail(OrderedAsync.java:104)
	at org.apache.ratis.util.SlidingWindow$Client.fail(SlidingWindow.java:392)
	at org.apache.ratis.client.impl.OrderedAsync.failAllAsyncRequests(OrderedAsync.java:148)
	at org.apache.ratis.client.impl.OrderedAsync.lambda$sendRequest$10(OrderedAsync.java:273)
	at java.util.concurrent.CompletableFuture.uniExceptionally(CompletableFuture.java:884)
	at java.util.concurrent.CompletableFuture$UniExceptionally.tryFire(CompletableFuture.java:866)
	at java.util.concurrent.CompletableFuture.postComplete(CompletableFuture.java:488)
	at java.util.concurrent.CompletableFuture.completeExceptionally(CompletableFuture.java:1990)
	at org.apache.ratis.grpc.client.GrpcClientProtocolClient$AsyncStreamObservers.completeReplyExceptionally(GrpcClientProtocolClient.java:394)
	at org.apache.ratis.grpc.client.GrpcClientProtocolClient$AsyncStreamObservers.access$000(GrpcClientProtocolClient.java:300)
	at org.apache.ratis.grpc.client.GrpcClientProtocolClient$AsyncStreamObservers$1.onError(GrpcClientProtocolClient.java:331)
	at org.apache.ratis.thirdparty.io.grpc.stub.ClientCalls$StreamObserverToCallListenerAdapter.onClose(ClientCalls.java:487)
	at org.apache.ratis.thirdparty.io.grpc.PartialForwardingClientCallListener.onClose(PartialForwardingClientCallListener.java:39)
	at org.apache.ratis.thirdparty.io.grpc.ForwardingClientCallListener.onClose(ForwardingClientCallListener.java:23)
	at org.apache.ratis.grpc.metrics.intercept.client.MetricClientCallListener.onClose(MetricClientCallListener.java:47)
	at org.apache.ratis.thirdparty.io.grpc.internal.DelayedClientCall$DelayedListener$3.run(DelayedClientCall.java:468)
	at org.apache.ratis.thirdparty.io.grpc.internal.DelayedClientCall$DelayedListener.delayOrExecute(DelayedClientCall.java:432)
	at org.apache.ratis.thirdparty.io.grpc.internal.DelayedClientCall$DelayedListener.onClose(DelayedClientCall.java:465)
	at org.apache.ratis.thirdparty.io.grpc.internal.ClientCallImpl.closeObserver(ClientCallImpl.java:562)
	at org.apache.ratis.thirdparty.io.grpc.internal.ClientCallImpl.access$300(ClientCallImpl.java:70)
	at org.apache.ratis.thirdparty.io.grpc.internal.ClientCallImpl$ClientStreamListenerImpl$1StreamClosed.runInternal(ClientCallImpl.java:743)
	at org.apache.ratis.thirdparty.io.grpc.internal.ClientCallImpl$ClientStreamListenerImpl$1StreamClosed.runInContext(ClientCallImpl.java:722)
	at org.apache.ratis.thirdparty.io.grpc.internal.ContextRunnable.run(ContextRunnable.java:37)
	at org.apache.ratis.thirdparty.io.grpc.internal.SerializingExecutor.run(SerializingExecutor.java:133)
	at java.util.concurrent.ThreadPoolExecutor.runWorker(ThreadPoolExecutor.java:1149)
	at java.util.concurrent.ThreadPoolExecutor$Worker.run(ThreadPoolExecutor.java:624)
	at java.lang.Thread.run(Thread.java:750)
Caused by: org.apache.ratis.protocol.exceptions.GroupMismatchException: 4fb9f1f7-4e3b-4bcf-a7e7-c7ddcac09d11: group-D97743807C2E not found.
	at org.apache.ratis.server.impl.RaftServerProxy$ImplMap.get(RaftServerProxy.java:150)
	at org.apache.ratis.server.impl.RaftServerProxy.getImplFuture(RaftServerProxy.java:351)
	at org.apache.ratis.server.impl.RaftServerProxy.submitClientRequestAsync(RaftServerProxy.java:435)
	at org.apache.ratis.grpc.server.GrpcClientProtocolService$RequestStreamObserver.processClientRequest(GrpcClientProtocolService.java:226)
	at org.apache.ratis.grpc.server.GrpcClientProtocolService$OrderedRequestStreamObserver.processClientRequest(GrpcClientProtocolService.java:332)
	at org.apache.ratis.util.SlidingWindow$Server.processRequestsFromHead(SlidingWindow.java:459)
	at org.apache.ratis.util.SlidingWindow$Server.receivedRequest(SlidingWindow.java:451)
	at org.apache.ratis.grpc.server.GrpcClientProtocolService$OrderedRequestStreamObserver.processClientRequest(GrpcClientProtocolService.java:356)
	at org.apache.ratis.grpc.server.GrpcClientProtocolService$RequestStreamObserver.onNext(GrpcClientProtocolService.java:246)
	at org.apache.ratis.grpc.server.GrpcClientProtocolService$RequestStreamObserver.onNext(GrpcClientProtocolService.java:169)
	at org.apache.ratis.thirdparty.io.grpc.stub.ServerCalls$StreamingServerCallHandler$StreamingServerCallListener.onMessage(ServerCalls.java:262)
	at org.apache.ratis.thirdparty.io.grpc.ForwardingServerCallListener.onMessage(ForwardingServerCallListener.java:33)
	at org.apache.ratis.thirdparty.io.grpc.internal.ServerCallImpl$ServerStreamListenerImpl.messagesAvailableInternal(ServerCallImpl.java:332)
	at org.apache.ratis.thirdparty.io.grpc.internal.ServerCallImpl$ServerStreamListenerImpl.messagesAvailable(ServerCallImpl.java:315)
	at org.apache.ratis.thirdparty.io.grpc.internal.ServerImpl$JumpToApplicationThreadServerStreamListener$1MessagesAvailable.runInContext(ServerImpl.java:834)
	... 5 more
2023-04-22 02:19:25,076 [grpc-default-executor-3] ERROR impl.OrderedAsync (OrderedAsync.java:lambda$send$4(175)) - Failed to send request, message=cmdType: PutBlock
traceID: ""
containerID: 9
datanodeUuid: "4fb9f1f7-4e3b-4bcf-a7e7-c7ddcac09d11"
putBlock {
  blockData {
    blockID {
      containerID: 9
      localID: 111677748019200009
      blockCommitSequenceId: 0
    }
    metadata {
      key: "TYPE"
      value: "KEY"
    }
    chunks {
      chunkName: "111677748019200009_chunk_1"
      offset: 0
      len: 5
      checksumData {
        type: CRC32
        bytesPerChecksum: 1048576
        checksums: "\350a\3440"
      }
    }
    chunks {
      chunkName: "111677748019200009_chunk_2"
      offset: 5
      len: 10
      checksumData {
        type: CRC32
        bytesPerChecksum: 1048576
        checksums: "\317\357R*"
      }
    }
  }
  eof: false
}
, data.size=0
java.util.concurrent.CompletionException: org.apache.ratis.protocol.exceptions.AlreadyClosedException: SlidingWindow$Client:client-50E3B55DA33D->RAFT is closed.
	at java.util.concurrent.CompletableFuture.encodeThrowable(CompletableFuture.java:292)
	at java.util.concurrent.CompletableFuture.completeThrowable(CompletableFuture.java:308)
	at java.util.concurrent.CompletableFuture.uniApply(CompletableFuture.java:607)
	at java.util.concurrent.CompletableFuture$UniApply.tryFire(CompletableFuture.java:591)
	at java.util.concurrent.CompletableFuture.postComplete(CompletableFuture.java:488)
	at java.util.concurrent.CompletableFuture.completeExceptionally(CompletableFuture.java:1990)
	at org.apache.ratis.client.impl.OrderedAsync$PendingOrderedRequest.fail(OrderedAsync.java:104)
	at org.apache.ratis.util.SlidingWindow$Client.alreadyClosed(SlidingWindow.java:406)
	at org.apache.ratis.util.SlidingWindow$Client.fail(SlidingWindow.java:394)
	at org.apache.ratis.client.impl.OrderedAsync.failAllAsyncRequests(OrderedAsync.java:148)
	at org.apache.ratis.client.impl.OrderedAsync.lambda$sendRequest$10(OrderedAsync.java:273)
	at java.util.concurrent.CompletableFuture.uniExceptionally(CompletableFuture.java:884)
	at java.util.concurrent.CompletableFuture$UniExceptionally.tryFire(CompletableFuture.java:866)
	at java.util.concurrent.CompletableFuture.postComplete(CompletableFuture.java:488)
	at java.util.concurrent.CompletableFuture.completeExceptionally(CompletableFuture.java:1990)
	at org.apache.ratis.grpc.client.GrpcClientProtocolClient$AsyncStreamObservers.completeReplyExceptionally(GrpcClientProtocolClient.java:394)
	at org.apache.ratis.grpc.client.GrpcClientProtocolClient$AsyncStreamObservers.access$000(GrpcClientProtocolClient.java:300)
	at org.apache.ratis.grpc.client.GrpcClientProtocolClient$AsyncStreamObservers$1.onError(GrpcClientProtocolClient.java:331)
	at org.apache.ratis.thirdparty.io.grpc.stub.ClientCalls$StreamObserverToCallListenerAdapter.onClose(ClientCalls.java:487)
	at org.apache.ratis.thirdparty.io.grpc.PartialForwardingClientCallListener.onClose(PartialForwardingClientCallListener.java:39)
	at org.apache.ratis.thirdparty.io.grpc.ForwardingClientCallListener.onClose(ForwardingClientCallListener.java:23)
	at org.apache.ratis.grpc.metrics.intercept.client.MetricClientCallListener.onClose(MetricClientCallListener.java:47)
	at org.apache.ratis.thirdparty.io.grpc.internal.DelayedClientCall$DelayedListener$3.run(DelayedClientCall.java:468)
	at org.apache.ratis.thirdparty.io.grpc.internal.DelayedClientCall$DelayedListener.delayOrExecute(DelayedClientCall.java:432)
	at org.apache.ratis.thirdparty.io.grpc.internal.DelayedClientCall$DelayedListener.onClose(DelayedClientCall.java:465)
	at org.apache.ratis.thirdparty.io.grpc.internal.ClientCallImpl.closeObserver(ClientCallImpl.java:562)
	at org.apache.ratis.thirdparty.io.grpc.internal.ClientCallImpl.access$300(ClientCallImpl.java:70)
	at org.apache.ratis.thirdparty.io.grpc.internal.ClientCallImpl$ClientStreamListenerImpl$1StreamClosed.runInternal(ClientCallImpl.java:743)
	at org.apache.ratis.thirdparty.io.grpc.internal.ClientCallImpl$ClientStreamListenerImpl$1StreamClosed.runInContext(ClientCallImpl.java:722)
	at org.apache.ratis.thirdparty.io.grpc.internal.ContextRunnable.run(ContextRunnable.java:37)
	at org.apache.ratis.thirdparty.io.grpc.internal.SerializingExecutor.run(SerializingExecutor.java:133)
	at java.util.concurrent.ThreadPoolExecutor.runWorker(ThreadPoolExecutor.java:1149)
	at java.util.concurrent.ThreadPoolExecutor$Worker.run(ThreadPoolExecutor.java:624)
	at java.lang.Thread.run(Thread.java:750)
Caused by: org.apache.ratis.protocol.exceptions.AlreadyClosedException: SlidingWindow$Client:client-50E3B55DA33D->RAFT is closed.
	... 27 more
Caused by: org.apache.ratis.protocol.exceptions.GroupMismatchException: 4fb9f1f7-4e3b-4bcf-a7e7-c7ddcac09d11: group-D97743807C2E not found.
	at org.apache.ratis.server.impl.RaftServerProxy$ImplMap.get(RaftServerProxy.java:150)
	at org.apache.ratis.server.impl.RaftServerProxy.getImplFuture(RaftServerProxy.java:351)
	at org.apache.ratis.server.impl.RaftServerProxy.submitClientRequestAsync(RaftServerProxy.java:435)
	at org.apache.ratis.grpc.server.GrpcClientProtocolService$RequestStreamObserver.processClientRequest(GrpcClientProtocolService.java:226)
	at org.apache.ratis.grpc.server.GrpcClientProtocolService$OrderedRequestStreamObserver.processClientRequest(GrpcClientProtocolService.java:332)
	at org.apache.ratis.util.SlidingWindow$Server.processRequestsFromHead(SlidingWindow.java:459)
	at org.apache.ratis.util.SlidingWindow$Server.receivedRequest(SlidingWindow.java:451)
	at org.apache.ratis.grpc.server.GrpcClientProtocolService$OrderedRequestStreamObserver.processClientRequest(GrpcClientProtocolService.java:356)
	at org.apache.ratis.grpc.server.GrpcClientProtocolService$RequestStreamObserver.onNext(GrpcClientProtocolService.java:246)
	at org.apache.ratis.grpc.server.GrpcClientProtocolService$RequestStreamObserver.onNext(GrpcClientProtocolService.java:169)
	at org.apache.ratis.thirdparty.io.grpc.stub.ServerCalls$StreamingServerCallHandler$StreamingServerCallListener.onMessage(ServerCalls.java:262)
	at org.apache.ratis.thirdparty.io.grpc.ForwardingServerCallListener.onMessage(ForwardingServerCallListener.java:33)
	at org.apache.ratis.thirdparty.io.grpc.internal.ServerCallImpl$ServerStreamListenerImpl.messagesAvailableInternal(ServerCallImpl.java:332)
	at org.apache.ratis.thirdparty.io.grpc.internal.ServerCallImpl$ServerStreamListenerImpl.messagesAvailable(ServerCallImpl.java:315)
	at org.apache.ratis.thirdparty.io.grpc.internal.ServerImpl$JumpToApplicationThreadServerStreamListener$1MessagesAvailable.runInContext(ServerImpl.java:834)
	... 5 more
2023-04-22 02:19:25,079 [Listener at 127.0.0.1/41793] WARN  io.KeyOutputStream (KeyOutputStream.java:handleException(317)) - Encountered exception java.io.IOException: Unexpected Storage Container Exception: java.util.concurrent.CompletionException: Failed to write chunk 111677748019200009_chunk_2 into block conID: 9 locID: 111677748019200009 bcsId: 4 on the pipeline Pipeline[ Id: 49d433d1-3766-4605-956b-d97743807c2e, Nodes: 4fb9f1f7-4e3b-4bcf-a7e7-c7ddcac09d11(fv-az443-428.ap2fcshprsnunfx25e1aelzb4b.cx.internal.cloudapp.net/10.1.0.20)44aa5787-a9ca-4d27-a88e-9069c8f4547b(fv-az443-428.ap2fcshprsnunfx25e1aelzb4b.cx.internal.cloudapp.net/10.1.0.20)6aaf5ca8-0737-4296-ba95-7f0e9402c55b(fv-az443-428.ap2fcshprsnunfx25e1aelzb4b.cx.internal.cloudapp.net/10.1.0.20), ReplicationConfig: RATIS/THREE, State:OPEN, leaderId:4fb9f1f7-4e3b-4bcf-a7e7-c7ddcac09d11, CreationTimestamp2023-04-22T02:18:13.193Z[Etc/UTC]]. The last committed block length is 5, uncommitted data length is 10 retry count 0
2023-04-22 02:19:25,082 [FixedThreadPoolWithAffinityExecutor-0-0] WARN  container.ContainerReportHandler (AbstractContainerReportHandler.java:updateContainerState(259)) - Container #1 is in OPEN state, but the datanode 4fb9f1f7-4e3b-4bcf-a7e7-c7ddcac09d11(fv-az443-428.ap2fcshprsnunfx25e1aelzb4b.cx.internal.cloudapp.net/10.1.0.20) reports an QUASI_CLOSED replica.
2023-04-22 02:19:25,105 [FixedThreadPoolWithAffinityExecutor-9-0] WARN  container.ContainerReportHandler (AbstractContainerReportHandler.java:updateContainerState(259)) - Container #4 is in OPEN state, but the datanode ffe33985-86ac-4dba-9cf7-e9d9be1914b9(fv-az443-428.ap2fcshprsnunfx25e1aelzb4b.cx.internal.cloudapp.net/10.1.0.20) reports an CLOSED replica.
2023-04-22 02:19:25,211 [FixedThreadPoolWithAffinityExecutor-0-0] WARN  container.ContainerReportHandler (AbstractContainerReportHandler.java:updateContainerState(259)) - Container #1 is in OPEN state, but the datanode 44aa5787-a9ca-4d27-a88e-9069c8f4547b(fv-az443-428.ap2fcshprsnunfx25e1aelzb4b.cx.internal.cloudapp.net/10.1.0.20) reports an QUASI_CLOSED replica.
2023-04-22 02:19:25,236 [14afdd48-1c23-4787-9ada-99348fccc9d2@group-2228D2590D3E-StateMachineUpdater] INFO  ratis.ContainerStateMachine (ContainerStateMachine.java:takeSnapshot(330)) - group-2228D2590D3E: Taking a snapshot at:(t:1, i:13) file /home/runner/work/ozone/ozone/hadoop-ozone/integration-test/target/test-dir/MiniOzoneClusterImpl-b640deff-6994-498f-92ea-4ac5c972f0d8/datanode-8/data/ratis/c015da53-8971-4990-89ee-2228d2590d3e/sm/snapshot.1_13
2023-04-22 02:19:25,236 [ffe33985-86ac-4dba-9cf7-e9d9be1914b9@group-2228D2590D3E-StateMachineUpdater] INFO  ratis.ContainerStateMachine (ContainerStateMachine.java:takeSnapshot(330)) - group-2228D2590D3E: Taking a snapshot at:(t:1, i:13) file /home/runner/work/ozone/ozone/hadoop-ozone/integration-test/target/test-dir/MiniOzoneClusterImpl-b640deff-6994-498f-92ea-4ac5c972f0d8/datanode-6/data/ratis/c015da53-8971-4990-89ee-2228d2590d3e/sm/snapshot.1_13
2023-04-22 02:19:25,238 [ffe33985-86ac-4dba-9cf7-e9d9be1914b9@group-2228D2590D3E-StateMachineUpdater] INFO  ratis.ContainerStateMachine (ContainerStateMachine.java:takeSnapshot(341)) - group-2228D2590D3E: Finished taking a snapshot at:(t:1, i:13) file:/home/runner/work/ozone/ozone/hadoop-ozone/integration-test/target/test-dir/MiniOzoneClusterImpl-b640deff-6994-498f-92ea-4ac5c972f0d8/datanode-6/data/ratis/c015da53-8971-4990-89ee-2228d2590d3e/sm/snapshot.1_13 took: 2 ms
2023-04-22 02:19:25,238 [ffe33985-86ac-4dba-9cf7-e9d9be1914b9@group-2228D2590D3E-StateMachineUpdater] INFO  impl.StateMachineUpdater (StateMachineUpdater.java:takeSnapshot(287)) - ffe33985-86ac-4dba-9cf7-e9d9be1914b9@group-2228D2590D3E-StateMachineUpdater: Took a snapshot at index 13
2023-04-22 02:19:25,238 [ffe33985-86ac-4dba-9cf7-e9d9be1914b9@group-2228D2590D3E-StateMachineUpdater] INFO  impl.StateMachineUpdater (StateMachineUpdater.java:lambda$new$0(92)) - ffe33985-86ac-4dba-9cf7-e9d9be1914b9@group-2228D2590D3E-StateMachineUpdater: snapshotIndex: updateIncreasingly 10 -> 13
2023-04-22 02:19:25,238 [FixedThreadPoolWithAffinityExecutor-9-0] WARN  container.ContainerReportHandler (AbstractContainerReportHandler.java:updateContainerState(259)) - Container #1 is in OPEN state, but the datanode 6aaf5ca8-0737-4296-ba95-7f0e9402c55b(fv-az443-428.ap2fcshprsnunfx25e1aelzb4b.cx.internal.cloudapp.net/10.1.0.20) reports an QUASI_CLOSED replica.
2023-04-22 02:19:25,239 [14afdd48-1c23-4787-9ada-99348fccc9d2@group-2228D2590D3E-StateMachineUpdater] INFO  ratis.ContainerStateMachine (ContainerStateMachine.java:takeSnapshot(341)) - group-2228D2590D3E: Finished taking a snapshot at:(t:1, i:13) file:/home/runner/work/ozone/ozone/hadoop-ozone/integration-test/target/test-dir/MiniOzoneClusterImpl-b640deff-6994-498f-92ea-4ac5c972f0d8/datanode-8/data/ratis/c015da53-8971-4990-89ee-2228d2590d3e/sm/snapshot.1_13 took: 3 ms
2023-04-22 02:19:25,239 [14afdd48-1c23-4787-9ada-99348fccc9d2@group-2228D2590D3E-StateMachineUpdater] INFO  impl.StateMachineUpdater (StateMachineUpdater.java:takeSnapshot(287)) - 14afdd48-1c23-4787-9ada-99348fccc9d2@group-2228D2590D3E-StateMachineUpdater: Took a snapshot at index 13
2023-04-22 02:19:25,239 [14afdd48-1c23-4787-9ada-99348fccc9d2@group-2228D2590D3E-StateMachineUpdater] INFO  impl.StateMachineUpdater (StateMachineUpdater.java:lambda$new$0(92)) - 14afdd48-1c23-4787-9ada-99348fccc9d2@group-2228D2590D3E-StateMachineUpdater: snapshotIndex: updateIncreasingly 10 -> 13
2023-04-22 02:19:25,244 [2e77c710-dcb3-40c4-9ab8-375ebf5b60c5@group-2228D2590D3E-StateMachineUpdater] INFO  ratis.ContainerStateMachine (ContainerStateMachine.java:takeSnapshot(330)) - group-2228D2590D3E: Taking a snapshot at:(t:1, i:14) file /home/runner/work/ozone/ozone/hadoop-ozone/integration-test/target/test-dir/MiniOzoneClusterImpl-b640deff-6994-498f-92ea-4ac5c972f0d8/datanode-7/data/ratis/c015da53-8971-4990-89ee-2228d2590d3e/sm/snapshot.1_14
2023-04-22 02:19:25,248 [2e77c710-dcb3-40c4-9ab8-375ebf5b60c5@group-2228D2590D3E-StateMachineUpdater] INFO  ratis.ContainerStateMachine (ContainerStateMachine.java:takeSnapshot(341)) - group-2228D2590D3E: Finished taking a snapshot at:(t:1, i:14) file:/home/runner/work/ozone/ozone/hadoop-ozone/integration-test/target/test-dir/MiniOzoneClusterImpl-b640deff-6994-498f-92ea-4ac5c972f0d8/datanode-7/data/ratis/c015da53-8971-4990-89ee-2228d2590d3e/sm/snapshot.1_14 took: 4 ms
2023-04-22 02:19:25,248 [2e77c710-dcb3-40c4-9ab8-375ebf5b60c5@group-2228D2590D3E-StateMachineUpdater] INFO  impl.StateMachineUpdater (StateMachineUpdater.java:takeSnapshot(287)) - 2e77c710-dcb3-40c4-9ab8-375ebf5b60c5@group-2228D2590D3E-StateMachineUpdater: Took a snapshot at index 14
2023-04-22 02:19:25,248 [2e77c710-dcb3-40c4-9ab8-375ebf5b60c5@group-2228D2590D3E-StateMachineUpdater] INFO  impl.StateMachineUpdater (StateMachineUpdater.java:lambda$new$0(92)) - 2e77c710-dcb3-40c4-9ab8-375ebf5b60c5@group-2228D2590D3E-StateMachineUpdater: snapshotIndex: updateIncreasingly 10 -> 14
2023-04-22 02:19:25,269 [2e77c710-dcb3-40c4-9ab8-375ebf5b60c5@group-2228D2590D3E-StateMachineUpdater] INFO  ratis.ContainerStateMachine (ContainerStateMachine.java:takeSnapshot(330)) - group-2228D2590D3E: Taking a snapshot at:(t:1, i:17) file /home/runner/work/ozone/ozone/hadoop-ozone/integration-test/target/test-dir/MiniOzoneClusterImpl-b640deff-6994-498f-92ea-4ac5c972f0d8/datanode-7/data/ratis/c015da53-8971-4990-89ee-2228d2590d3e/sm/snapshot.1_17
2023-04-22 02:19:25,270 [2e77c710-dcb3-40c4-9ab8-375ebf5b60c5@group-2228D2590D3E-StateMachineUpdater] INFO  ratis.ContainerStateMachine (ContainerStateMachine.java:takeSnapshot(341)) - group-2228D2590D3E: Finished taking a snapshot at:(t:1, i:17) file:/home/runner/work/ozone/ozone/hadoop-ozone/integration-test/target/test-dir/MiniOzoneClusterImpl-b640deff-6994-498f-92ea-4ac5c972f0d8/datanode-7/data/ratis/c015da53-8971-4990-89ee-2228d2590d3e/sm/snapshot.1_17 took: 1 ms
2023-04-22 02:19:25,270 [2e77c710-dcb3-40c4-9ab8-375ebf5b60c5@group-2228D2590D3E-StateMachineUpdater] INFO  impl.SimpleStateMachineStorage (SimpleStateMachineStorage.java:cleanupOldSnapshots(102)) - Deleting old snapshot at /home/runner/work/ozone/ozone/hadoop-ozone/integration-test/target/test-dir/MiniOzoneClusterImpl-b640deff-6994-498f-92ea-4ac5c972f0d8/datanode-7/data/ratis/c015da53-8971-4990-89ee-2228d2590d3e/sm/snapshot.1_0
2023-04-22 02:19:25,270 [2e77c710-dcb3-40c4-9ab8-375ebf5b60c5@group-2228D2590D3E-StateMachineUpdater] INFO  impl.StateMachineUpdater (StateMachineUpdater.java:takeSnapshot(287)) - 2e77c710-dcb3-40c4-9ab8-375ebf5b60c5@group-2228D2590D3E-StateMachineUpdater: Took a snapshot at index 17
2023-04-22 02:19:25,270 [2e77c710-dcb3-40c4-9ab8-375ebf5b60c5@group-2228D2590D3E-StateMachineUpdater] INFO  impl.StateMachineUpdater (StateMachineUpdater.java:lambda$new$0(92)) - 2e77c710-dcb3-40c4-9ab8-375ebf5b60c5@group-2228D2590D3E-StateMachineUpdater: snapshotIndex: updateIncreasingly 14 -> 17
2023-04-22 02:19:25,270 [2e77c710-dcb3-40c4-9ab8-375ebf5b60c5@group-2228D2590D3E-StateMachineUpdater] INFO  ratis.ContainerStateMachine (ContainerStateMachine.java:takeSnapshot(330)) - group-2228D2590D3E: Taking a snapshot at:(t:1, i:19) file /home/runner/work/ozone/ozone/hadoop-ozone/integration-test/target/test-dir/MiniOzoneClusterImpl-b640deff-6994-498f-92ea-4ac5c972f0d8/datanode-7/data/ratis/c015da53-8971-4990-89ee-2228d2590d3e/sm/snapshot.1_19
2023-04-22 02:19:25,272 [2e77c710-dcb3-40c4-9ab8-375ebf5b60c5@group-2228D2590D3E-StateMachineUpdater] INFO  ratis.ContainerStateMachine (ContainerStateMachine.java:takeSnapshot(341)) - group-2228D2590D3E: Finished taking a snapshot at:(t:1, i:19) file:/home/runner/work/ozone/ozone/hadoop-ozone/integration-test/target/test-dir/MiniOzoneClusterImpl-b640deff-6994-498f-92ea-4ac5c972f0d8/datanode-7/data/ratis/c015da53-8971-4990-89ee-2228d2590d3e/sm/snapshot.1_19 took: 2 ms
2023-04-22 02:19:25,272 [2e77c710-dcb3-40c4-9ab8-375ebf5b60c5@group-2228D2590D3E-StateMachineUpdater] INFO  impl.SimpleStateMachineStorage (SimpleStateMachineStorage.java:cleanupOldSnapshots(102)) - Deleting old snapshot at /home/runner/work/ozone/ozone/hadoop-ozone/integration-test/target/test-dir/MiniOzoneClusterImpl-b640deff-6994-498f-92ea-4ac5c972f0d8/datanode-7/data/ratis/c015da53-8971-4990-89ee-2228d2590d3e/sm/snapshot.1_5
2023-04-22 02:19:25,273 [2e77c710-dcb3-40c4-9ab8-375ebf5b60c5@group-2228D2590D3E-StateMachineUpdater] INFO  impl.StateMachineUpdater (StateMachineUpdater.java:takeSnapshot(287)) - 2e77c710-dcb3-40c4-9ab8-375ebf5b60c5@group-2228D2590D3E-StateMachineUpdater: Took a snapshot at index 19
2023-04-22 02:19:25,273 [2e77c710-dcb3-40c4-9ab8-375ebf5b60c5@group-2228D2590D3E-StateMachineUpdater] INFO  impl.StateMachineUpdater (StateMachineUpdater.java:lambda$new$0(92)) - 2e77c710-dcb3-40c4-9ab8-375ebf5b60c5@group-2228D2590D3E-StateMachineUpdater: snapshotIndex: updateIncreasingly 17 -> 19
2023-04-22 02:19:25,282 [FixedThreadPoolWithAffinityExecutor-0-0] WARN  container.ContainerReportHandler (AbstractContainerReportHandler.java:updateContainerState(259)) - Container #1 is in OPEN state, but the datanode 4fb9f1f7-4e3b-4bcf-a7e7-c7ddcac09d11(fv-az443-428.ap2fcshprsnunfx25e1aelzb4b.cx.internal.cloudapp.net/10.1.0.20) reports an QUASI_CLOSED replica.
2023-04-22 02:19:25,295 [ffe33985-86ac-4dba-9cf7-e9d9be1914b9@group-2228D2590D3E-StateMachineUpdater] INFO  ratis.ContainerStateMachine (ContainerStateMachine.java:takeSnapshot(330)) - group-2228D2590D3E: Taking a snapshot at:(t:1, i:18) file /home/runner/work/ozone/ozone/hadoop-ozone/integration-test/target/test-dir/MiniOzoneClusterImpl-b640deff-6994-498f-92ea-4ac5c972f0d8/datanode-6/data/ratis/c015da53-8971-4990-89ee-2228d2590d3e/sm/snapshot.1_18
2023-04-22 02:19:25,299 [IPC Server handler 10 on default port 45983] WARN  node.SCMNodeManager (SCMNodeManager.java:getNodesByAddress(1357)) - Cannot find node for address 127.0.0.1
2023-04-22 02:19:25,299 [ffe33985-86ac-4dba-9cf7-e9d9be1914b9@group-2228D2590D3E-StateMachineUpdater] INFO  ratis.ContainerStateMachine (ContainerStateMachine.java:takeSnapshot(341)) - group-2228D2590D3E: Finished taking a snapshot at:(t:1, i:18) file:/home/runner/work/ozone/ozone/hadoop-ozone/integration-test/target/test-dir/MiniOzoneClusterImpl-b640deff-6994-498f-92ea-4ac5c972f0d8/datanode-6/data/ratis/c015da53-8971-4990-89ee-2228d2590d3e/sm/snapshot.1_18 took: 4 ms
2023-04-22 02:19:25,299 [ffe33985-86ac-4dba-9cf7-e9d9be1914b9@group-2228D2590D3E-StateMachineUpdater] INFO  impl.SimpleStateMachineStorage (SimpleStateMachineStorage.java:cleanupOldSnapshots(102)) - Deleting old snapshot at /home/runner/work/ozone/ozone/hadoop-ozone/integration-test/target/test-dir/MiniOzoneClusterImpl-b640deff-6994-498f-92ea-4ac5c972f0d8/datanode-6/data/ratis/c015da53-8971-4990-89ee-2228d2590d3e/sm/snapshot.1_0
2023-04-22 02:19:25,299 [ffe33985-86ac-4dba-9cf7-e9d9be1914b9@group-2228D2590D3E-StateMachineUpdater] INFO  impl.StateMachineUpdater (StateMachineUpdater.java:takeSnapshot(287)) - ffe33985-86ac-4dba-9cf7-e9d9be1914b9@group-2228D2590D3E-StateMachineUpdater: Took a snapshot at index 18
2023-04-22 02:19:25,299 [ffe33985-86ac-4dba-9cf7-e9d9be1914b9@group-2228D2590D3E-StateMachineUpdater] INFO  impl.StateMachineUpdater (StateMachineUpdater.java:lambda$new$0(92)) - ffe33985-86ac-4dba-9cf7-e9d9be1914b9@group-2228D2590D3E-StateMachineUpdater: snapshotIndex: updateIncreasingly 13 -> 18
2023-04-22 02:19:25,302 [IPC Server handler 16 on default port 45983] WARN  node.SCMNodeManager (SCMNodeManager.java:getNodesByAddress(1357)) - Cannot find node for address 127.0.0.1
2023-04-22 02:19:25,310 [ChunkReader-0] WARN  keyvalue.KeyValueHandler (KeyValueHandler.java:checkContainerIsHealthy(763)) - GetBlock request conID: 2 locID: 111677748019200002 bcsId: 6 for UNHEALTHY container 2 replica
2023-04-22 02:19:25,310 [ChunkReader-0] INFO  keyvalue.KeyValueHandler (ContainerUtils.java:logAndReturnError(91)) - Operation: GetBlock , Trace ID:  , Message: Unable to find the block with bcsID 6 .Container 2 bcsId is 3. , Result: UNKNOWN_BCSID , StorageContainerException Occurred.
org.apache.hadoop.hdds.scm.container.common.helpers.StorageContainerException: Unable to find the block with bcsID 6 .Container 2 bcsId is 3.
	at org.apache.hadoop.ozone.container.keyvalue.impl.BlockManagerImpl.getBlock(BlockManagerImpl.java:248)
	at org.apache.hadoop.ozone.container.keyvalue.KeyValueHandler.handleGetBlock(KeyValueHandler.java:592)
	at org.apache.hadoop.ozone.container.keyvalue.KeyValueHandler.dispatchRequest(KeyValueHandler.java:263)
	at org.apache.hadoop.ozone.container.keyvalue.KeyValueHandler.handle(KeyValueHandler.java:232)
	at org.apache.hadoop.ozone.container.common.impl.HddsDispatcher.dispatchRequest(HddsDispatcher.java:320)
	at org.apache.hadoop.ozone.container.common.impl.HddsDispatcher.lambda$dispatch$0(HddsDispatcher.java:171)
	at org.apache.hadoop.hdds.server.OzoneProtocolMessageDispatcher.processRequest(OzoneProtocolMessageDispatcher.java:87)
	at org.apache.hadoop.ozone.container.common.impl.HddsDispatcher.dispatch(HddsDispatcher.java:170)
	at org.apache.hadoop.ozone.container.common.transport.server.GrpcXceiverService$1.onNext(GrpcXceiverService.java:57)
	at org.apache.hadoop.ozone.container.common.transport.server.GrpcXceiverService$1.onNext(GrpcXceiverService.java:50)
	at org.apache.ratis.thirdparty.io.grpc.stub.ServerCalls$StreamingServerCallHandler$StreamingServerCallListener.onMessage(ServerCalls.java:262)
	at org.apache.ratis.thirdparty.io.grpc.ForwardingServerCallListener.onMessage(ForwardingServerCallListener.java:33)
	at org.apache.hadoop.hdds.tracing.GrpcServerInterceptor$1.onMessage(GrpcServerInterceptor.java:49)
	at org.apache.ratis.thirdparty.io.grpc.internal.ServerCallImpl$ServerStreamListenerImpl.messagesAvailableInternal(ServerCallImpl.java:332)
	at org.apache.ratis.thirdparty.io.grpc.internal.ServerCallImpl$ServerStreamListenerImpl.messagesAvailable(ServerCallImpl.java:315)
	at org.apache.ratis.thirdparty.io.grpc.internal.ServerImpl$JumpToApplicationThreadServerStreamListener$1MessagesAvailable.runInContext(ServerImpl.java:834)
	at org.apache.ratis.thirdparty.io.grpc.internal.ContextRunnable.run(ContextRunnable.java:37)
	at org.apache.ratis.thirdparty.io.grpc.internal.SerializingExecutor.run(SerializingExecutor.java:133)
	at java.util.concurrent.ThreadPoolExecutor.runWorker(ThreadPoolExecutor.java:1149)
	at java.util.concurrent.ThreadPoolExecutor$Worker.run(ThreadPoolExecutor.java:624)
	at java.lang.Thread.run(Thread.java:750)
02:19:25.310 [ChunkReader-0] ERROR DNAudit - user=null | ip=null | op=GET_BLOCK {blockData=conID: 2 locID: 111677748019200002 bcsId: 6} | ret=FAILURE
java.lang.Exception: Unable to find the block with bcsID 6 .Container 2 bcsId is 3.
	at org.apache.hadoop.ozone.container.common.impl.HddsDispatcher.dispatchRequest(HddsDispatcher.java:389) ~[hdds-container-service-1.4.0-SNAPSHOT.jar:?]
	at org.apache.hadoop.ozone.container.common.impl.HddsDispatcher.lambda$dispatch$0(HddsDispatcher.java:171) ~[hdds-container-service-1.4.0-SNAPSHOT.jar:?]
	at org.apache.hadoop.hdds.server.OzoneProtocolMessageDispatcher.processRequest(OzoneProtocolMessageDispatcher.java:87) [hdds-server-framework-1.4.0-SNAPSHOT.jar:?]
	at org.apache.hadoop.ozone.container.common.impl.HddsDispatcher.dispatch(HddsDispatcher.java:170) [hdds-container-service-1.4.0-SNAPSHOT.jar:?]
	at org.apache.hadoop.ozone.container.common.transport.server.GrpcXceiverService$1.onNext(GrpcXceiverService.java:57) [hdds-container-service-1.4.0-SNAPSHOT.jar:?]
	at org.apache.hadoop.ozone.container.common.transport.server.GrpcXceiverService$1.onNext(GrpcXceiverService.java:50) [hdds-container-service-1.4.0-SNAPSHOT.jar:?]
	at org.apache.ratis.thirdparty.io.grpc.stub.ServerCalls$StreamingServerCallHandler$StreamingServerCallListener.onMessage(ServerCalls.java:262) [ratis-thirdparty-misc-1.0.3.jar:1.0.3]
	at org.apache.ratis.thirdparty.io.grpc.ForwardingServerCallListener.onMessage(ForwardingServerCallListener.java:33) [ratis-thirdparty-misc-1.0.3.jar:1.0.3]
	at org.apache.hadoop.hdds.tracing.GrpcServerInterceptor$1.onMessage(GrpcServerInterceptor.java:49) [hdds-common-1.4.0-SNAPSHOT.jar:?]
	at org.apache.ratis.thirdparty.io.grpc.internal.ServerCallImpl$ServerStreamListenerImpl.messagesAvailableInternal(ServerCallImpl.java:332) [ratis-thirdparty-misc-1.0.3.jar:1.0.3]
	at org.apache.ratis.thirdparty.io.grpc.internal.ServerCallImpl$ServerStreamListenerImpl.messagesAvailable(ServerCallImpl.java:315) [ratis-thirdparty-misc-1.0.3.jar:1.0.3]
	at org.apache.ratis.thirdparty.io.grpc.internal.ServerImpl$JumpToApplicationThreadServerStreamListener$1MessagesAvailable.runInContext(ServerImpl.java:834) [ratis-thirdparty-misc-1.0.3.jar:1.0.3]
	at org.apache.ratis.thirdparty.io.grpc.internal.ContextRunnable.run(ContextRunnable.java:37) [ratis-thirdparty-misc-1.0.3.jar:1.0.3]
	at org.apache.ratis.thirdparty.io.grpc.internal.SerializingExecutor.run(SerializingExecutor.java:133) [ratis-thirdparty-misc-1.0.3.jar:1.0.3]
	at java.util.concurrent.ThreadPoolExecutor.runWorker(ThreadPoolExecutor.java:1149) [?:1.8.0_362]
	at java.util.concurrent.ThreadPoolExecutor$Worker.run(ThreadPoolExecutor.java:624) [?:1.8.0_362]
	at java.lang.Thread.run(Thread.java:750) [?:1.8.0_362]
2023-04-22 02:19:25,336 [timer7] WARN  server.GrpcLogAppender (GrpcLogAppender.java:timeoutAppendRequest(314)) - b7c32ab9-1d10-40a2-8298-2f54da75b521@group-E7D3625E2A84->1fa0605c-c70f-40a8-a13c-0f797dcff94f-GrpcLogAppender: HEARTBEAT appendEntries Timeout, request=AppendEntriesRequest:cid=8078864,entriesCount=0,lastEntry=null
]]></system-out>
  </testcase>
</testsuite>