<?xml version="1.0" encoding="UTF-8"?>
<testsuite xmlns:xsi="http://www.w3.org/2001/XMLSchema-instance" xsi:noNamespaceSchemaLocation="https://maven.apache.org/surefire/maven-surefire-plugin/xsd/surefire-test-report-3.0.xsd" version="3.0" name="org.apache.hadoop.ozone.scm.node.TestDecommissionAndMaintenance" time="343.208" tests="8" errors="1" skipped="0" failures="0">
  <properties>
    <property name="awt.toolkit" value="sun.awt.X11.XToolkit"/>
    <property name="file.encoding.pkg" value="sun.io"/>
    <property name="java.specification.version" value="1.8"/>
    <property name="sun.cpu.isalist" value=""/>
    <property name="sun.jnu.encoding" value="UTF-8"/>
    <property name="java.class.path" value="/home/runner/work/ozone/ozone/hadoop-ozone/integration-test/target/test-classes:/home/runner/work/ozone/ozone/hadoop-ozone/integration-test/target/classes:/home/runner/.m2/repository/org/apache/ozone/ozone-common/1.3.0-SNAPSHOT/ozone-common-1.3.0-SNAPSHOT.jar:/home/runner/.m2/repository/io/grpc/grpc-netty/1.44.0/grpc-netty-1.44.0.jar:/home/runner/.m2/repository/io/grpc/grpc-core/1.44.0/grpc-core-1.44.0.jar:/home/runner/.m2/repository/com/google/android/annotations/4.1.1.4/annotations-4.1.1.4.jar:/home/runner/.m2/repository/org/codehaus/mojo/animal-sniffer-annotations/1.19/animal-sniffer-annotations-1.19.jar:/home/runner/.m2/repository/com/google/errorprone/error_prone_annotations/2.2.0/error_prone_annotations-2.2.0.jar:/home/runner/.m2/repository/io/perfmark/perfmark-api/0.23.0/perfmark-api-0.23.0.jar:/home/runner/.m2/repository/io/netty/netty-codec-http2/4.1.74.Final/netty-codec-http2-4.1.74.Final.jar:/home/runner/.m2/repository/io/netty/netty-common/4.1.74.Final/netty-common-4.1.74.Final.jar:/home/runner/.m2/repository/io/netty/netty-buffer/4.1.74.Final/netty-buffer-4.1.74.Final.jar:/home/runner/.m2/repository/io/netty/netty-codec-http/4.1.74.Final/netty-codec-http-4.1.74.Final.jar:/home/runner/.m2/repository/io/netty/netty-handler-proxy/4.1.74.Final/netty-handler-proxy-4.1.74.Final.jar:/home/runner/.m2/repository/io/netty/netty-codec-socks/4.1.74.Final/netty-codec-socks-4.1.74.Final.jar:/home/runner/.m2/repository/io/netty/netty-tcnative-boringssl-static/2.0.48.Final/netty-tcnative-boringssl-static-2.0.48.Final.jar:/home/runner/.m2/repository/io/netty/netty-tcnative-classes/2.0.48.Final/netty-tcnative-classes-2.0.48.Final.jar:/home/runner/.m2/repository/io/netty/netty-tcnative/2.0.48.Final/netty-tcnative-2.0.48.Final.jar:/home/runner/.m2/repository/org/apache/commons/commons-compress/1.21/commons-compress-1.21.jar:/home/runner/.m2/repository/org/apache/ozone/hdds-common/1.3.0-SNAPSHOT/hdds-common-1.3.0-SNAPSHOT.jar:/home/runner/.m2/repository/org/apache/ozone/hdds-client/1.3.0-SNAPSHOT/hdds-client-1.3.0-SNAPSHOT.jar:/home/runner/.m2/repository/org/apache/ozone/ozone-interface-client/1.3.0-SNAPSHOT/ozone-interface-client-1.3.0-SNAPSHOT.jar:/home/runner/.m2/repository/org/apache/ozone/hdds-test-utils/1.3.0-SNAPSHOT/hdds-test-utils-1.3.0-SNAPSHOT.jar:/home/runner/.m2/repository/com/google/guava/guava/31.1-jre/guava-31.1-jre.jar:/home/runner/.m2/repository/com/google/guava/failureaccess/1.0.1/failureaccess-1.0.1.jar:/home/runner/.m2/repository/com/google/guava/listenablefuture/9999.0-empty-to-avoid-conflict-with-guava/listenablefuture-9999.0-empty-to-avoid-conflict-with-guava.jar:/home/runner/.m2/repository/com/google/code/findbugs/jsr305/3.0.0/jsr305-3.0.0.jar:/home/runner/.m2/repository/org/checkerframework/checker-qual/3.12.0/checker-qual-3.12.0.jar:/home/runner/.m2/repository/com/google/j2objc/j2objc-annotations/1.3/j2objc-annotations-1.3.jar:/home/runner/.m2/repository/commons-io/commons-io/2.11.0/commons-io-2.11.0.jar:/home/runner/.m2/repository/commons-logging/commons-logging/1.2/commons-logging-1.2.jar:/home/runner/.m2/repository/log4j/log4j/1.2.17/log4j-1.2.17.jar:/home/runner/.m2/repository/org/slf4j/slf4j-api/1.7.30/slf4j-api-1.7.30.jar:/home/runner/.m2/repository/org/apache/ozone/hdds-server-scm/1.3.0-SNAPSHOT/hdds-server-scm-1.3.0-SNAPSHOT.jar:/home/runner/.m2/repository/org/apache/ozone/hdds-container-service/1.3.0-SNAPSHOT/hdds-container-service-1.3.0-SNAPSHOT.jar:/home/runner/.m2/repository/org/apache/ozone/hdds-hadoop-dependency-server/1.3.0-SNAPSHOT/hdds-hadoop-dependency-server-1.3.0-SNAPSHOT.jar:/home/runner/.m2/repository/org/apache/hadoop/hadoop-hdfs/3.3.1/hadoop-hdfs-3.3.1.jar:/home/runner/.m2/repository/org/apache/ozone/hdds-server-framework/1.3.0-SNAPSHOT/hdds-server-framework-1.3.0-SNAPSHOT.jar:/home/runner/.m2/repository/org/apache/ozone/hdds-interface-server/1.3.0-SNAPSHOT/hdds-interface-server-1.3.0-SNAPSHOT.jar:/home/runner/.m2/repository/org/apache/logging/log4j/log4j-core/2.17.1/log4j-core-2.17.1.jar:/home/runner/.m2/repository/com/lmax/disruptor/3.4.2/disruptor-3.4.2.jar:/home/runner/.m2/repository/org/eclipse/jetty/jetty-servlet/9.4.43.v20210629/jetty-servlet-9.4.43.v20210629.jar:/home/runner/.m2/repository/org/eclipse/jetty/jetty-security/9.4.43.v20210629/jetty-security-9.4.43.v20210629.jar:/home/runner/.m2/repository/org/rocksdb/rocksdbjni/6.29.5/rocksdbjni-6.29.5.jar:/home/runner/.m2/repository/io/prometheus/simpleclient_dropwizard/0.7.0/simpleclient_dropwizard-0.7.0.jar:/home/runner/.m2/repository/io/prometheus/simpleclient/0.7.0/simpleclient-0.7.0.jar:/home/runner/.m2/repository/io/prometheus/simpleclient_common/0.7.0/simpleclient_common-0.7.0.jar:/home/runner/.m2/repository/io/dropwizard/metrics/metrics-core/3.2.4/metrics-core-3.2.4.jar:/home/runner/.m2/repository/org/apache/hadoop/hadoop-hdfs-client/3.3.1/hadoop-hdfs-client-3.3.1.jar:/home/runner/.m2/repository/org/bouncycastle/bcprov-jdk15on/1.67/bcprov-jdk15on-1.67.jar:/home/runner/.m2/repository/com/google/protobuf/protobuf-java/2.5.0/protobuf-java-2.5.0.jar:/home/runner/.m2/repository/org/apache/ozone/ozone-manager/1.3.0-SNAPSHOT/ozone-manager-1.3.0-SNAPSHOT.jar:/home/runner/.m2/repository/org/aspectj/aspectjrt/1.9.7/aspectjrt-1.9.7.jar:/home/runner/.m2/repository/org/aspectj/aspectjweaver/1.9.7/aspectjweaver-1.9.7.jar:/home/runner/.m2/repository/org/apache/ozone/hdds-interface-client/1.3.0-SNAPSHOT/hdds-interface-client-1.3.0-SNAPSHOT.jar:/home/runner/.m2/repository/org/apache/hadoop/thirdparty/hadoop-shaded-protobuf_3_7/1.1.1/hadoop-shaded-protobuf_3_7-1.1.1.jar:/home/runner/.m2/repository/org/apache/ozone/ozone-interface-storage/1.3.0-SNAPSHOT/ozone-interface-storage-1.3.0-SNAPSHOT.jar:/home/runner/.m2/repository/org/reflections/reflections/0.9.11/reflections-0.9.11.jar:/home/runner/.m2/repository/com/sun/jersey/jersey-client/1.19/jersey-client-1.19.jar:/home/runner/.m2/repository/org/apache/ranger/ranger-intg/3.0.0-SNAPSHOT/ranger-intg-3.0.0-SNAPSHOT.jar:/home/runner/.m2/repository/org/apache/ranger/ranger-plugins-common/3.0.0-SNAPSHOT/ranger-plugins-common-3.0.0-SNAPSHOT.jar:/home/runner/.m2/repository/commons-lang/commons-lang/2.6/commons-lang-2.6.jar:/home/runner/.m2/repository/org/codehaus/jackson/jackson-jaxrs/1.9.13/jackson-jaxrs-1.9.13.jar:/home/runner/.m2/repository/org/apache/ranger/ranger-plugins-cred/3.0.0-SNAPSHOT/ranger-plugins-cred-3.0.0-SNAPSHOT.jar:/home/runner/.m2/repository/org/apache/ranger/ranger-plugins-audit/3.0.0-SNAPSHOT/ranger-plugins-audit-3.0.0-SNAPSHOT.jar:/home/runner/.m2/repository/org/apache/kafka/kafka-clients/2.8.1/kafka-clients-2.8.1.jar:/home/runner/.m2/repository/com/github/luben/zstd-jni/1.4.9-1/zstd-jni-1.4.9-1.jar:/home/runner/.m2/repository/org/apache/solr/solr-solrj/8.6.3/solr-solrj-8.6.3.jar:/home/runner/.m2/repository/org/eclipse/jetty/jetty-client/9.4.44.v20210927/jetty-client-9.4.44.v20210927.jar:/home/runner/.m2/repository/org/apache/httpcomponents/httpmime/4.5.13/httpmime-4.5.13.jar:/home/runner/.m2/repository/org/apache/httpcomponents/httpcore-nio/4.4.14/httpcore-nio-4.4.14.jar:/home/runner/.m2/repository/org/apache/httpcomponents/httpasyncclient/4.1.4/httpasyncclient-4.1.4.jar:/home/runner/.m2/repository/com/carrotsearch/hppc/0.8.0/hppc-0.8.0.jar:/home/runner/.m2/repository/org/apache/hive/hive-storage-api/2.7.2/hive-storage-api-2.7.2.jar:/home/runner/.m2/repository/org/apache/orc/orc-core/1.5.8/orc-core-1.5.8.jar:/home/runner/.m2/repository/com/amazonaws/aws-java-sdk-bundle/1.12.125/aws-java-sdk-bundle-1.12.125.jar:/home/runner/.m2/repository/net/java/dev/jna/jna/5.2.0/jna-5.2.0.jar:/home/runner/.m2/repository/net/java/dev/jna/jna-platform/5.2.0/jna-platform-5.2.0.jar:/home/runner/.m2/repository/com/kstruct/gethostname4j/0.0.2/gethostname4j-0.0.2.jar:/home/runner/.m2/repository/org/apache/ranger/ranger-plugin-classloader/3.0.0-SNAPSHOT/ranger-plugin-classloader-3.0.0-SNAPSHOT.jar:/home/runner/.m2/repository/org/apache/hadoop/hadoop-minikdc/3.3.1/hadoop-minikdc-3.3.1.jar:/home/runner/.m2/repository/org/apache/kerby/kerb-simplekdc/1.0.1/kerb-simplekdc-1.0.1.jar:/home/runner/.m2/repository/org/apache/kerby/kerb-client/1.0.1/kerb-client-1.0.1.jar:/home/runner/.m2/repository/org/apache/kerby/kerby-config/1.0.1/kerby-config-1.0.1.jar:/home/runner/.m2/repository/org/apache/kerby/kerb-common/1.0.1/kerb-common-1.0.1.jar:/home/runner/.m2/repository/org/apache/kerby/kerb-crypto/1.0.1/kerb-crypto-1.0.1.jar:/home/runner/.m2/repository/org/apache/kerby/kerb-util/1.0.1/kerb-util-1.0.1.jar:/home/runner/.m2/repository/org/apache/kerby/token-provider/1.0.1/token-provider-1.0.1.jar:/home/runner/.m2/repository/org/apache/kerby/kerb-admin/1.0.1/kerb-admin-1.0.1.jar:/home/runner/.m2/repository/org/apache/kerby/kerb-server/1.0.1/kerb-server-1.0.1.jar:/home/runner/.m2/repository/org/apache/kerby/kerb-identity/1.0.1/kerb-identity-1.0.1.jar:/home/runner/.m2/repository/org/apache/kerby/kerby-xdr/1.0.1/kerby-xdr-1.0.1.jar:/home/runner/.m2/repository/org/slf4j/slf4j-log4j12/1.7.30/slf4j-log4j12-1.7.30.jar:/home/runner/.m2/repository/org/apache/ozone/ozone-s3gateway/1.3.0-SNAPSHOT/ozone-s3gateway-1.3.0-SNAPSHOT.jar:/home/runner/.m2/repository/org/javassist/javassist/3.21.0-GA/javassist-3.21.0-GA.jar:/home/runner/.m2/repository/org/jboss/weld/servlet/weld-servlet/2.4.7.Final/weld-servlet-2.4.7.Final.jar:/home/runner/.m2/repository/org/glassfish/jersey/containers/jersey-container-servlet-core/2.33/jersey-container-servlet-core-2.33.jar:/home/runner/.m2/repository/org/glassfish/hk2/external/jakarta.inject/2.6.1/jakarta.inject-2.6.1.jar:/home/runner/.m2/repository/org/glassfish/jersey/core/jersey-common/2.33/jersey-common-2.33.jar:/home/runner/.m2/repository/jakarta/ws/rs/jakarta.ws.rs-api/2.1.6/jakarta.ws.rs-api-2.1.6.jar:/home/runner/.m2/repository/org/glassfish/jersey/ext/cdi/jersey-cdi1x/2.33/jersey-cdi1x-2.33.jar:/home/runner/.m2/repository/org/glassfish/jersey/inject/jersey-hk2/2.33/jersey-hk2-2.33.jar:/home/runner/.m2/repository/org/glassfish/hk2/hk2-locator/2.6.1/hk2-locator-2.6.1.jar:/home/runner/.m2/repository/org/glassfish/jersey/media/jersey-media-jaxb/2.33/jersey-media-jaxb-2.33.jar:/home/runner/.m2/repository/org/glassfish/hk2/osgi-resource-locator/1.0.3/osgi-resource-locator-1.0.3.jar:/home/runner/.m2/repository/org/glassfish/hk2/hk2-api/2.5.0/hk2-api-2.5.0.jar:/home/runner/.m2/repository/org/glassfish/hk2/hk2-utils/2.5.0/hk2-utils-2.5.0.jar:/home/runner/.m2/repository/org/glassfish/hk2/external/aopalliance-repackaged/2.5.0/aopalliance-repackaged-2.5.0.jar:/home/runner/.m2/repository/com/fasterxml/jackson/dataformat/jackson-dataformat-xml/2.13.2/jackson-dataformat-xml-2.13.2.jar:/home/runner/.m2/repository/com/fasterxml/jackson/core/jackson-core/2.13.2/jackson-core-2.13.2.jar:/home/runner/.m2/repository/org/codehaus/woodstox/stax2-api/3.1.4/stax2-api-3.1.4.jar:/home/runner/.m2/repository/com/fasterxml/woodstox/woodstox-core/5.0.3/woodstox-core-5.0.3.jar:/home/runner/.m2/repository/com/fasterxml/jackson/module/jackson-module-jaxb-annotations/2.13.2/jackson-module-jaxb-annotations-2.13.2.jar:/home/runner/.m2/repository/jakarta/xml/bind/jakarta.xml.bind-api/2.3.3/jakarta.xml.bind-api-2.3.3.jar:/home/runner/.m2/repository/jakarta/activation/jakarta.activation-api/1.2.1/jakarta.activation-api-1.2.1.jar:/home/runner/.m2/repository/javax/enterprise/cdi-api/1.2/cdi-api-1.2.jar:/home/runner/.m2/repository/javax/el/javax.el-api/3.0.0/javax.el-api-3.0.0.jar:/home/runner/.m2/repository/javax/interceptor/javax.interceptor-api/1.2/javax.interceptor-api-1.2.jar:/home/runner/.m2/repository/javax/inject/javax.inject/1/javax.inject-1.jar:/home/runner/.m2/repository/javax/xml/bind/jaxb-api/2.3.0/jaxb-api-2.3.0.jar:/home/runner/.m2/repository/org/glassfish/jaxb/jaxb-runtime/2.3.0.1/jaxb-runtime-2.3.0.1.jar:/home/runner/.m2/repository/org/glassfish/jaxb/jaxb-core/2.3.0.1/jaxb-core-2.3.0.1.jar:/home/runner/.m2/repository/org/glassfish/jaxb/txw2/2.3.0.1/txw2-2.3.0.1.jar:/home/runner/.m2/repository/com/sun/istack/istack-commons-runtime/3.0.5/istack-commons-runtime-3.0.5.jar:/home/runner/.m2/repository/org/jvnet/staxex/stax-ex/1.7.8/stax-ex-1.7.8.jar:/home/runner/.m2/repository/com/sun/xml/fastinfoset/FastInfoset/1.2.13/FastInfoset-1.2.13.jar:/home/runner/.m2/repository/javax/activation/activation/1.1.1/activation-1.1.1.jar:/home/runner/.m2/repository/io/grpc/grpc-protobuf/1.44.0/grpc-protobuf-1.44.0.jar:/home/runner/.m2/repository/io/grpc/grpc-api/1.44.0/grpc-api-1.44.0.jar:/home/runner/.m2/repository/io/grpc/grpc-context/1.44.0/grpc-context-1.44.0.jar:/home/runner/.m2/repository/com/google/api/grpc/proto-google-common-protos/2.0.1/proto-google-common-protos-2.0.1.jar:/home/runner/.m2/repository/io/grpc/grpc-protobuf-lite/1.44.0/grpc-protobuf-lite-1.44.0.jar:/home/runner/.m2/repository/io/grpc/grpc-stub/1.44.0/grpc-stub-1.44.0.jar:/home/runner/.m2/repository/io/netty/netty-transport/4.1.74.Final/netty-transport-4.1.74.Final.jar:/home/runner/.m2/repository/io/netty/netty-resolver/4.1.74.Final/netty-resolver-4.1.74.Final.jar:/home/runner/.m2/repository/org/apache/ozone/ozone-csi/1.3.0-SNAPSHOT/ozone-csi-1.3.0-SNAPSHOT.jar:/home/runner/.m2/repository/com/google/protobuf/protobuf-java-util/3.19.2/protobuf-java-util-3.19.2.jar:/home/runner/.m2/repository/com/google/code/gson/gson/2.8.9/gson-2.8.9.jar:/home/runner/.m2/repository/org/apache/ozone/hdds-config/1.3.0-SNAPSHOT/hdds-config-1.3.0-SNAPSHOT.jar:/home/runner/.m2/repository/io/netty/netty-transport-native-epoll/4.1.74.Final/netty-transport-native-epoll-4.1.74.Final-linux-x86_64.jar:/home/runner/.m2/repository/io/netty/netty-transport-classes-epoll/4.1.74.Final/netty-transport-classes-epoll-4.1.74.Final.jar:/home/runner/.m2/repository/io/netty/netty-transport-native-unix-common/4.1.74.Final/netty-transport-native-unix-common-4.1.74.Final.jar:/home/runner/.m2/repository/org/apache/ozone/ozone-recon/1.3.0-SNAPSHOT/ozone-recon-1.3.0-SNAPSHOT.jar:/home/runner/.m2/repository/org/apache/ozone/ozone-reconcodegen/1.3.0-SNAPSHOT/ozone-reconcodegen-1.3.0-SNAPSHOT.jar:/home/runner/.m2/repository/com/google/inject/extensions/guice-multibindings/4.0/guice-multibindings-4.0.jar:/home/runner/.m2/repository/com/google/inject/guice/4.0/guice-4.0.jar:/home/runner/.m2/repository/aopalliance/aopalliance/1.0/aopalliance-1.0.jar:/home/runner/.m2/repository/com/google/inject/extensions/guice-assistedinject/4.0/guice-assistedinject-4.0.jar:/home/runner/.m2/repository/com/google/inject/extensions/guice-servlet/4.0/guice-servlet-4.0.jar:/home/runner/.m2/repository/org/glassfish/jersey/containers/jersey-container-servlet/2.33/jersey-container-servlet-2.33.jar:/home/runner/.m2/repository/org/glassfish/hk2/guice-bridge/2.5.0/guice-bridge-2.5.0.jar:/home/runner/.m2/repository/org/glassfish/jersey/core/jersey-server/2.33/jersey-server-2.33.jar:/home/runner/.m2/repository/org/glassfish/jersey/core/jersey-client/2.33/jersey-client-2.33.jar:/home/runner/.m2/repository/jakarta/annotation/jakarta.annotation-api/1.3.5/jakarta.annotation-api-1.3.5.jar:/home/runner/.m2/repository/jakarta/validation/jakarta.validation-api/2.0.2/jakarta.validation-api-2.0.2.jar:/home/runner/.m2/repository/org/glassfish/jersey/media/jersey-media-json-jackson/2.33/jersey-media-json-jackson-2.33.jar:/home/runner/.m2/repository/org/glassfish/jersey/ext/jersey-entity-filtering/2.33/jersey-entity-filtering-2.33.jar:/home/runner/.m2/repository/org/jooq/jooq/3.11.10/jooq-3.11.10.jar:/home/runner/.m2/repository/org/jooq/jooq-meta/3.11.10/jooq-meta-3.11.10.jar:/home/runner/.m2/repository/org/jooq/jooq-codegen/3.11.10/jooq-codegen-3.11.10.jar:/home/runner/.m2/repository/com/jolbox/bonecp/0.8.0.RELEASE/bonecp-0.8.0.RELEASE.jar:/home/runner/.m2/repository/org/apache/derby/derby/10.14.2.0/derby-10.14.2.0.jar:/home/runner/.m2/repository/org/xerial/sqlite-jdbc/3.25.2/sqlite-jdbc-3.25.2.jar:/home/runner/.m2/repository/org/springframework/spring-jdbc/5.2.20.RELEASE/spring-jdbc-5.2.20.RELEASE.jar:/home/runner/.m2/repository/org/springframework/spring-beans/5.2.20.RELEASE/spring-beans-5.2.20.RELEASE.jar:/home/runner/.m2/repository/org/springframework/spring-core/5.2.20.RELEASE/spring-core-5.2.20.RELEASE.jar:/home/runner/.m2/repository/org/springframework/spring-jcl/5.2.20.RELEASE/spring-jcl-5.2.20.RELEASE.jar:/home/runner/.m2/repository/org/springframework/spring-tx/5.2.20.RELEASE/spring-tx-5.2.20.RELEASE.jar:/home/runner/.m2/repository/org/apache/ozone/ozone-client/1.3.0-SNAPSHOT/ozone-client-1.3.0-SNAPSHOT.jar:/home/runner/.m2/repository/org/apache/ozone/hdds-erasurecode/1.3.0-SNAPSHOT/hdds-erasurecode-1.3.0-SNAPSHOT.jar:/home/runner/.m2/repository/com/github/spotbugs/spotbugs-annotations/3.1.12/spotbugs-annotations-3.1.12.jar:/home/runner/.m2/repository/org/apache/ozone/ozone-filesystem/1.3.0-SNAPSHOT/ozone-filesystem-1.3.0-SNAPSHOT.jar:/home/runner/.m2/repository/org/apache/ozone/ozone-filesystem-common/1.3.0-SNAPSHOT/ozone-filesystem-common-1.3.0-SNAPSHOT.jar:/home/runner/.m2/repository/org/apache/ozone/ozone-tools/1.3.0-SNAPSHOT/ozone-tools-1.3.0-SNAPSHOT.jar:/home/runner/.m2/repository/org/apache/ratis/ratis-tools/2.3.0/ratis-tools-2.3.0.jar:/home/runner/.m2/repository/com/amazonaws/aws-java-sdk-core/1.12.124/aws-java-sdk-core-1.12.124.jar:/home/runner/.m2/repository/org/apache/httpcomponents/httpclient/4.5.13/httpclient-4.5.13.jar:/home/runner/.m2/repository/org/apache/httpcomponents/httpcore/4.4.13/httpcore-4.4.13.jar:/home/runner/.m2/repository/software/amazon/ion/ion-java/1.0.2/ion-java-1.0.2.jar:/home/runner/.m2/repository/com/fasterxml/jackson/dataformat/jackson-dataformat-cbor/2.13.2/jackson-dataformat-cbor-2.13.2.jar:/home/runner/.m2/repository/joda-time/joda-time/2.8.1/joda-time-2.8.1.jar:/home/runner/.m2/repository/com/amazonaws/aws-java-sdk-s3/1.12.124/aws-java-sdk-s3-1.12.124.jar:/home/runner/.m2/repository/com/amazonaws/aws-java-sdk-kms/1.12.124/aws-java-sdk-kms-1.12.124.jar:/home/runner/.m2/repository/com/amazonaws/jmespath-java/1.12.124/jmespath-java-1.12.124.jar:/home/runner/.m2/repository/org/kohsuke/metainf-services/metainf-services/1.8/metainf-services-1.8.jar:/home/runner/.m2/repository/org/apache/ozone/hdds-tools/1.3.0-SNAPSHOT/hdds-tools-1.3.0-SNAPSHOT.jar:/home/runner/.m2/repository/commons-cli/commons-cli/1.2/commons-cli-1.2.jar:/home/runner/.m2/repository/org/apache/commons/commons-lang3/3.7/commons-lang3-3.7.jar:/home/runner/.m2/repository/org/apache/ozone/ozone-manager/1.3.0-SNAPSHOT/ozone-manager-1.3.0-SNAPSHOT-tests.jar:/home/runner/.m2/repository/org/apache/ozone/hdds-common/1.3.0-SNAPSHOT/hdds-common-1.3.0-SNAPSHOT-tests.jar:/home/runner/.m2/repository/org/apache/ozone/hdds-hadoop-dependency-client/1.3.0-SNAPSHOT/hdds-hadoop-dependency-client-1.3.0-SNAPSHOT.jar:/home/runner/.m2/repository/info/picocli/picocli/4.6.1/picocli-4.6.1.jar:/home/runner/.m2/repository/com/fasterxml/jackson/core/jackson-annotations/2.13.2/jackson-annotations-2.13.2.jar:/home/runner/.m2/repository/com/fasterxml/jackson/datatype/jackson-datatype-jsr310/2.13.2/jackson-datatype-jsr310-2.13.2.jar:/home/runner/.m2/repository/javax/annotation/javax.annotation-api/1.2/javax.annotation-api-1.2.jar:/home/runner/.m2/repository/org/apache/ratis/ratis-server/2.3.0/ratis-server-2.3.0.jar:/home/runner/.m2/repository/org/apache/ratis/ratis-client/2.3.0/ratis-client-2.3.0.jar:/home/runner/.m2/repository/org/apache/ratis/ratis-server-api/2.3.0/ratis-server-api-2.3.0.jar:/home/runner/.m2/repository/org/apache/ratis/ratis-metrics/2.3.0/ratis-metrics-2.3.0.jar:/home/runner/.m2/repository/org/apache/ratis/ratis-netty/2.3.0/ratis-netty-2.3.0.jar:/home/runner/.m2/repository/org/apache/ratis/ratis-grpc/2.3.0/ratis-grpc-2.3.0.jar:/home/runner/.m2/repository/org/apache/logging/log4j/log4j-api/2.17.1/log4j-api-2.17.1.jar:/home/runner/.m2/repository/org/apache/commons/commons-pool2/2.6.0/commons-pool2-2.6.0.jar:/home/runner/.m2/repository/org/bouncycastle/bcpkix-jdk15on/1.67/bcpkix-jdk15on-1.67.jar:/home/runner/.m2/repository/commons-validator/commons-validator/1.6/commons-validator-1.6.jar:/home/runner/.m2/repository/commons-beanutils/commons-beanutils/1.9.4/commons-beanutils-1.9.4.jar:/home/runner/.m2/repository/commons-digester/commons-digester/1.8.1/commons-digester-1.8.1.jar:/home/runner/.m2/repository/commons-collections/commons-collections/3.2.2/commons-collections-3.2.2.jar:/home/runner/.m2/repository/io/jaegertracing/jaeger-client/1.6.0/jaeger-client-1.6.0.jar:/home/runner/.m2/repository/io/jaegertracing/jaeger-thrift/1.6.0/jaeger-thrift-1.6.0.jar:/home/runner/.m2/repository/org/apache/thrift/libthrift/0.14.1/libthrift-0.14.1.jar:/home/runner/.m2/repository/com/squareup/okhttp3/okhttp/4.9.0/okhttp-4.9.0.jar:/home/runner/.m2/repository/com/squareup/okio/okio/2.8.0/okio-2.8.0.jar:/home/runner/.m2/repository/io/jaegertracing/jaeger-core/1.6.0/jaeger-core-1.6.0.jar:/home/runner/.m2/repository/io/jaegertracing/jaeger-tracerresolver/1.6.0/jaeger-tracerresolver-1.6.0.jar:/home/runner/.m2/repository/io/opentracing/contrib/opentracing-tracerresolver/0.1.8/opentracing-tracerresolver-0.1.8.jar:/home/runner/.m2/repository/org/jetbrains/kotlin/kotlin-stdlib/1.6.21/kotlin-stdlib-1.6.21.jar:/home/runner/.m2/repository/org/jetbrains/kotlin/kotlin-stdlib-common/1.6.21/kotlin-stdlib-common-1.6.21.jar:/home/runner/.m2/repository/org/jetbrains/annotations/13.0/annotations-13.0.jar:/home/runner/.m2/repository/io/opentracing/opentracing-util/0.33.0/opentracing-util-0.33.0.jar:/home/runner/.m2/repository/io/opentracing/opentracing-api/0.33.0/opentracing-api-0.33.0.jar:/home/runner/.m2/repository/io/opentracing/opentracing-noop/0.33.0/opentracing-noop-0.33.0.jar:/home/runner/.m2/repository/org/yaml/snakeyaml/1.26/snakeyaml-1.26.jar:/home/runner/.m2/repository/org/apache/ozone/hdds-interface-admin/1.3.0-SNAPSHOT/hdds-interface-admin-1.3.0-SNAPSHOT.jar:/home/runner/.m2/repository/junit/junit/4.13.1/junit-4.13.1.jar:/home/runner/.m2/repository/org/hamcrest/hamcrest-core/1.3/hamcrest-core-1.3.jar:/home/runner/.m2/repository/org/junit/jupiter/junit-jupiter-api/5.8.2/junit-jupiter-api-5.8.2.jar:/home/runner/.m2/repository/org/opentest4j/opentest4j/1.2.0/opentest4j-1.2.0.jar:/home/runner/.m2/repository/org/junit/platform/junit-platform-commons/1.8.2/junit-platform-commons-1.8.2.jar:/home/runner/.m2/repository/org/apiguardian/apiguardian-api/1.1.2/apiguardian-api-1.1.2.jar:/home/runner/.m2/repository/org/junit/jupiter/junit-jupiter-params/5.8.2/junit-jupiter-params-5.8.2.jar:/home/runner/.m2/repository/org/junit/jupiter/junit-jupiter-migrationsupport/5.8.2/junit-jupiter-migrationsupport-5.8.2.jar:/home/runner/.m2/repository/org/junit/jupiter/junit-jupiter-engine/5.8.2/junit-jupiter-engine-5.8.2.jar:/home/runner/.m2/repository/org/junit/platform/junit-platform-engine/1.8.2/junit-platform-engine-1.8.2.jar:/home/runner/.m2/repository/org/junit/vintage/junit-vintage-engine/5.8.2/junit-vintage-engine-5.8.2.jar:/home/runner/.m2/repository/org/junit/platform/junit-platform-launcher/1.8.2/junit-platform-launcher-1.8.2.jar:/home/runner/.m2/repository/org/mockito/mockito-core/2.28.2/mockito-core-2.28.2.jar:/home/runner/.m2/repository/net/bytebuddy/byte-buddy/1.9.10/byte-buddy-1.9.10.jar:/home/runner/.m2/repository/net/bytebuddy/byte-buddy-agent/1.9.10/byte-buddy-agent-1.9.10.jar:/home/runner/.m2/repository/org/objenesis/objenesis/1.0/objenesis-1.0.jar:/home/runner/.m2/repository/org/apache/hadoop/hadoop-kms/3.3.1/hadoop-kms-3.3.1.jar:/home/runner/.m2/repository/org/apache/hadoop/hadoop-auth/3.3.1/hadoop-auth-3.3.1.jar:/home/runner/.m2/repository/com/nimbusds/nimbus-jose-jwt/7.9/nimbus-jose-jwt-7.9.jar:/home/runner/.m2/repository/com/github/stephenc/jcip/jcip-annotations/1.0-1/jcip-annotations-1.0-1.jar:/home/runner/.m2/repository/net/minidev/json-smart/2.4.7/json-smart-2.4.7.jar:/home/runner/.m2/repository/net/minidev/accessors-smart/2.4.7/accessors-smart-2.4.7.jar:/home/runner/.m2/repository/org/ow2/asm/asm/5.0.4/asm-5.0.4.jar:/home/runner/.m2/repository/org/apache/zookeeper/zookeeper/3.5.6/zookeeper-3.5.6.jar:/home/runner/.m2/repository/org/apache/zookeeper/zookeeper-jute/3.5.6/zookeeper-jute-3.5.6.jar:/home/runner/.m2/repository/org/apache/yetus/audience-annotations/0.5.0/audience-annotations-0.5.0.jar:/home/runner/.m2/repository/org/apache/curator/curator-framework/4.2.0/curator-framework-4.2.0.jar:/home/runner/.m2/repository/org/apache/hadoop/thirdparty/hadoop-shaded-guava/1.1.1/hadoop-shaded-guava-1.1.1.jar:/home/runner/.m2/repository/com/sun/jersey/jersey-core/1.19/jersey-core-1.19.jar:/home/runner/.m2/repository/javax/ws/rs/jsr311-api/1.1.1/jsr311-api-1.1.1.jar:/home/runner/.m2/repository/com/sun/jersey/jersey-server/1.19/jersey-server-1.19.jar:/home/runner/.m2/repository/javax/servlet/javax.servlet-api/3.1.0/javax.servlet-api-3.1.0.jar:/home/runner/.m2/repository/org/eclipse/jetty/jetty-server/9.4.43.v20210629/jetty-server-9.4.43.v20210629.jar:/home/runner/.m2/repository/org/eclipse/jetty/jetty-http/9.4.43.v20210629/jetty-http-9.4.43.v20210629.jar:/home/runner/.m2/repository/org/eclipse/jetty/jetty-io/9.4.43.v20210629/jetty-io-9.4.43.v20210629.jar:/home/runner/.m2/repository/org/eclipse/jetty/jetty-webapp/9.4.43.v20210629/jetty-webapp-9.4.43.v20210629.jar:/home/runner/.m2/repository/org/eclipse/jetty/jetty-xml/9.4.43.v20210629/jetty-xml-9.4.43.v20210629.jar:/home/runner/.m2/repository/org/apache/hadoop/hadoop-common/3.3.1/hadoop-common-3.3.1.jar:/home/runner/.m2/repository/org/apache/commons/commons-math3/3.1.1/commons-math3-3.1.1.jar:/home/runner/.m2/repository/commons-net/commons-net/3.6/commons-net-3.6.jar:/home/runner/.m2/repository/com/sun/jersey/jersey-servlet/1.19/jersey-servlet-1.19.jar:/home/runner/.m2/repository/com/sun/jersey/jersey-json/1.19/jersey-json-1.19.jar:/home/runner/.m2/repository/org/codehaus/jettison/jettison/1.1/jettison-1.1.jar:/home/runner/.m2/repository/com/sun/xml/bind/jaxb-impl/2.2.3-1/jaxb-impl-2.2.3-1.jar:/home/runner/.m2/repository/org/codehaus/jackson/jackson-xc/1.9.2/jackson-xc-1.9.2.jar:/home/runner/.m2/repository/org/apache/commons/commons-configuration2/2.1.1/commons-configuration2-2.1.1.jar:/home/runner/.m2/repository/org/apache/commons/commons-text/1.4/commons-text-1.4.jar:/home/runner/.m2/repository/com/google/re2j/re2j/1.1/re2j-1.1.jar:/home/runner/.m2/repository/com/jcraft/jsch/0.1.54/jsch-0.1.54.jar:/home/runner/.m2/repository/org/apache/curator/curator-client/4.2.0/curator-client-4.2.0.jar:/home/runner/.m2/repository/org/apache/curator/curator-recipes/4.2.0/curator-recipes-4.2.0.jar:/home/runner/.m2/repository/org/apache/kerby/kerb-core/1.0.1/kerb-core-1.0.1.jar:/home/runner/.m2/repository/org/apache/kerby/kerby-pkix/1.0.1/kerby-pkix-1.0.1.jar:/home/runner/.m2/repository/org/apache/kerby/kerby-asn1/1.0.1/kerby-asn1-1.0.1.jar:/home/runner/.m2/repository/org/apache/kerby/kerby-util/1.0.1/kerby-util-1.0.1.jar:/home/runner/.m2/repository/dnsjava/dnsjava/2.1.7/dnsjava-2.1.7.jar:/home/runner/.m2/repository/org/xerial/snappy/snappy-java/1.1.8.2/snappy-java-1.1.8.2.jar:/home/runner/.m2/repository/org/slf4j/jul-to-slf4j/1.7.30/jul-to-slf4j-1.7.30.jar:/home/runner/.m2/repository/org/eclipse/jetty/jetty-util/9.4.43.v20210629/jetty-util-9.4.43.v20210629.jar:/home/runner/.m2/repository/com/fasterxml/jackson/core/jackson-databind/2.13.2.2/jackson-databind-2.13.2.2.jar:/home/runner/.m2/repository/org/apache/hadoop/hadoop-kms/3.3.1/hadoop-kms-3.3.1-tests.jar:/home/runner/.m2/repository/org/apache/ozone/hdds-server-scm/1.3.0-SNAPSHOT/hdds-server-scm-1.3.0-SNAPSHOT-tests.jar:/home/runner/.m2/repository/org/apache/ozone/hdds-container-service/1.3.0-SNAPSHOT/hdds-container-service-1.3.0-SNAPSHOT-tests.jar:/home/runner/.m2/repository/commons-codec/commons-codec/1.11/commons-codec-1.11.jar:/home/runner/.m2/repository/io/netty/netty-codec/4.1.74.Final/netty-codec-4.1.74.Final.jar:/home/runner/.m2/repository/io/netty/netty-handler/4.1.74.Final/netty-handler-4.1.74.Final.jar:/home/runner/.m2/repository/org/apache/ozone/hdds-hadoop-dependency-test/1.3.0-SNAPSHOT/hdds-hadoop-dependency-test-1.3.0-SNAPSHOT.jar:/home/runner/.m2/repository/org/apache/hadoop/hadoop-common/3.3.1/hadoop-common-3.3.1-tests.jar:/home/runner/.m2/repository/org/assertj/assertj-core/3.12.2/assertj-core-3.12.2.jar:/home/runner/.m2/repository/org/apache/hadoop/hadoop-hdfs/3.3.1/hadoop-hdfs-3.3.1-tests.jar:/home/runner/.m2/repository/org/eclipse/jetty/jetty-util-ajax/9.4.43.v20210629/jetty-util-ajax-9.4.43.v20210629.jar:/home/runner/.m2/repository/commons-daemon/commons-daemon/1.0.13/commons-daemon-1.0.13.jar:/home/runner/.m2/repository/io/netty/netty/3.10.6.Final/netty-3.10.6.Final.jar:/home/runner/.m2/repository/io/netty/netty-all/4.1.74.Final/netty-all-4.1.74.Final.jar:/home/runner/.m2/repository/io/netty/netty-codec-dns/4.1.74.Final/netty-codec-dns-4.1.74.Final.jar:/home/runner/.m2/repository/io/netty/netty-codec-haproxy/4.1.74.Final/netty-codec-haproxy-4.1.74.Final.jar:/home/runner/.m2/repository/io/netty/netty-codec-memcache/4.1.74.Final/netty-codec-memcache-4.1.74.Final.jar:/home/runner/.m2/repository/io/netty/netty-codec-mqtt/4.1.74.Final/netty-codec-mqtt-4.1.74.Final.jar:/home/runner/.m2/repository/io/netty/netty-codec-redis/4.1.74.Final/netty-codec-redis-4.1.74.Final.jar:/home/runner/.m2/repository/io/netty/netty-codec-smtp/4.1.74.Final/netty-codec-smtp-4.1.74.Final.jar:/home/runner/.m2/repository/io/netty/netty-codec-stomp/4.1.74.Final/netty-codec-stomp-4.1.74.Final.jar:/home/runner/.m2/repository/io/netty/netty-codec-xml/4.1.74.Final/netty-codec-xml-4.1.74.Final.jar:/home/runner/.m2/repository/io/netty/netty-resolver-dns/4.1.74.Final/netty-resolver-dns-4.1.74.Final.jar:/home/runner/.m2/repository/io/netty/netty-transport-rxtx/4.1.74.Final/netty-transport-rxtx-4.1.74.Final.jar:/home/runner/.m2/repository/io/netty/netty-transport-sctp/4.1.74.Final/netty-transport-sctp-4.1.74.Final.jar:/home/runner/.m2/repository/io/netty/netty-transport-udt/4.1.74.Final/netty-transport-udt-4.1.74.Final.jar:/home/runner/.m2/repository/io/netty/netty-transport-classes-kqueue/4.1.74.Final/netty-transport-classes-kqueue-4.1.74.Final.jar:/home/runner/.m2/repository/io/netty/netty-resolver-dns-classes-macos/4.1.74.Final/netty-resolver-dns-classes-macos-4.1.74.Final.jar:/home/runner/.m2/repository/io/netty/netty-transport-native-epoll/4.1.74.Final/netty-transport-native-epoll-4.1.74.Final-linux-aarch_64.jar:/home/runner/.m2/repository/io/netty/netty-transport-native-kqueue/4.1.74.Final/netty-transport-native-kqueue-4.1.74.Final-osx-x86_64.jar:/home/runner/.m2/repository/io/netty/netty-transport-native-kqueue/4.1.74.Final/netty-transport-native-kqueue-4.1.74.Final-osx-aarch_64.jar:/home/runner/.m2/repository/io/netty/netty-resolver-dns-native-macos/4.1.74.Final/netty-resolver-dns-native-macos-4.1.74.Final-osx-x86_64.jar:/home/runner/.m2/repository/io/netty/netty-resolver-dns-native-macos/4.1.74.Final/netty-resolver-dns-native-macos-4.1.74.Final-osx-aarch_64.jar:/home/runner/.m2/repository/org/apache/htrace/htrace-core4/4.1.0-incubating/htrace-core4-4.1.0-incubating.jar:/home/runner/.m2/repository/org/fusesource/leveldbjni/leveldbjni-all/1.8/leveldbjni-all-1.8.jar:/home/runner/.m2/repository/org/apache/hadoop/hadoop-distcp/3.3.1/hadoop-distcp-3.3.1.jar:/home/runner/.m2/repository/org/apache/hadoop/hadoop-mapreduce-client-jobclient/3.3.1/hadoop-mapreduce-client-jobclient-3.3.1.jar:/home/runner/.m2/repository/org/apache/hadoop/hadoop-mapreduce-client-common/3.3.1/hadoop-mapreduce-client-common-3.3.1.jar:/home/runner/.m2/repository/org/apache/hadoop/hadoop-yarn-common/3.3.1/hadoop-yarn-common-3.3.1.jar:/home/runner/.m2/repository/org/apache/hadoop/hadoop-yarn-api/3.3.1/hadoop-yarn-api-3.3.1.jar:/home/runner/.m2/repository/com/sun/jersey/contribs/jersey-guice/1.19/jersey-guice-1.19.jar:/home/runner/.m2/repository/com/fasterxml/jackson/jaxrs/jackson-jaxrs-json-provider/2.13.2/jackson-jaxrs-json-provider-2.13.2.jar:/home/runner/.m2/repository/com/fasterxml/jackson/jaxrs/jackson-jaxrs-base/2.13.2/jackson-jaxrs-base-2.13.2.jar:/home/runner/.m2/repository/org/apache/hadoop/hadoop-yarn-client/3.3.1/hadoop-yarn-client-3.3.1.jar:/home/runner/.m2/repository/org/eclipse/jetty/websocket/websocket-client/9.4.40.v20210413/websocket-client-9.4.40.v20210413.jar:/home/runner/.m2/repository/org/eclipse/jetty/websocket/websocket-common/9.4.40.v20210413/websocket-common-9.4.40.v20210413.jar:/home/runner/.m2/repository/org/eclipse/jetty/websocket/websocket-api/9.4.40.v20210413/websocket-api-9.4.40.v20210413.jar:/home/runner/.m2/repository/org/jline/jline/3.9.0/jline-3.9.0.jar:/home/runner/.m2/repository/org/apache/hadoop/hadoop-mapreduce-client-core/3.3.1/hadoop-mapreduce-client-core-3.3.1.jar:/home/runner/.m2/repository/org/apache/avro/avro/1.7.7/avro-1.7.7.jar:/home/runner/.m2/repository/org/codehaus/jackson/jackson-core-asl/1.9.13/jackson-core-asl-1.9.13.jar:/home/runner/.m2/repository/org/codehaus/jackson/jackson-mapper-asl/1.9.13/jackson-mapper-asl-1.9.13.jar:/home/runner/.m2/repository/com/thoughtworks/paranamer/paranamer/2.3/paranamer-2.3.jar:/home/runner/.m2/repository/org/apache/hadoop/hadoop-annotations/3.3.1/hadoop-annotations-3.3.1.jar:/usr/lib/jvm/temurin-8-jdk-amd64/jre/../lib/tools.jar:/home/runner/.m2/repository/org/apache/hadoop/hadoop-distcp/3.3.1/hadoop-distcp-3.3.1-tests.jar:/home/runner/.m2/repository/org/apache/ratis/ratis-common/2.3.0/ratis-common-2.3.0.jar:/home/runner/.m2/repository/org/apache/ratis/ratis-thirdparty-misc/1.0.0/ratis-thirdparty-misc-1.0.0.jar:/home/runner/.m2/repository/org/apache/ratis/ratis-proto/2.3.0/ratis-proto-2.3.0.jar:/home/runner/.m2/repository/org/apache/ozone/ozone-annotation-processing/1.3.0-SNAPSHOT/ozone-annotation-processing-1.3.0-SNAPSHOT.jar:"/>
    <property name="java.vm.vendor" value="Temurin"/>
    <property name="sun.arch.data.model" value="64"/>
    <property name="test.build.dir" value="/home/runner/work/ozone/ozone/hadoop-ozone/integration-test/target/test-dir"/>
    <property name="test.cache.data" value=""/>
    <property name="java.vendor.url" value="https://adoptium.net/"/>
    <property name="user.timezone" value="Etc/UTC"/>
    <property name="java.vm.specification.version" value="1.8"/>
    <property name="os.name" value="Linux"/>
    <property name="test.build.data" value="/home/runner/work/ozone/ozone/hadoop-ozone/integration-test/target/test-dir"/>
    <property name="sun.java.launcher" value="SUN_STANDARD"/>
    <property name="sun.boot.library.path" value="/usr/lib/jvm/temurin-8-jdk-amd64/jre/lib/amd64"/>
    <property name="sun.java.command" value="/home/runner/work/ozone/ozone/hadoop-ozone/integration-test/target/surefire/surefirebooter1620536722428369606.jar /home/runner/work/ozone/ozone/hadoop-ozone/integration-test/target/surefire 2022-06-25T00-57-32_150-jvmRun1 surefire6478816870479318146tmp surefire_45733092343226573787tmp"/>
    <property name="surefire.test.class.path" value="/home/runner/work/ozone/ozone/hadoop-ozone/integration-test/target/test-classes:/home/runner/work/ozone/ozone/hadoop-ozone/integration-test/target/classes:/home/runner/.m2/repository/org/apache/ozone/ozone-common/1.3.0-SNAPSHOT/ozone-common-1.3.0-SNAPSHOT.jar:/home/runner/.m2/repository/io/grpc/grpc-netty/1.44.0/grpc-netty-1.44.0.jar:/home/runner/.m2/repository/io/grpc/grpc-core/1.44.0/grpc-core-1.44.0.jar:/home/runner/.m2/repository/com/google/android/annotations/4.1.1.4/annotations-4.1.1.4.jar:/home/runner/.m2/repository/org/codehaus/mojo/animal-sniffer-annotations/1.19/animal-sniffer-annotations-1.19.jar:/home/runner/.m2/repository/com/google/errorprone/error_prone_annotations/2.2.0/error_prone_annotations-2.2.0.jar:/home/runner/.m2/repository/io/perfmark/perfmark-api/0.23.0/perfmark-api-0.23.0.jar:/home/runner/.m2/repository/io/netty/netty-codec-http2/4.1.74.Final/netty-codec-http2-4.1.74.Final.jar:/home/runner/.m2/repository/io/netty/netty-common/4.1.74.Final/netty-common-4.1.74.Final.jar:/home/runner/.m2/repository/io/netty/netty-buffer/4.1.74.Final/netty-buffer-4.1.74.Final.jar:/home/runner/.m2/repository/io/netty/netty-codec-http/4.1.74.Final/netty-codec-http-4.1.74.Final.jar:/home/runner/.m2/repository/io/netty/netty-handler-proxy/4.1.74.Final/netty-handler-proxy-4.1.74.Final.jar:/home/runner/.m2/repository/io/netty/netty-codec-socks/4.1.74.Final/netty-codec-socks-4.1.74.Final.jar:/home/runner/.m2/repository/io/netty/netty-tcnative-boringssl-static/2.0.48.Final/netty-tcnative-boringssl-static-2.0.48.Final.jar:/home/runner/.m2/repository/io/netty/netty-tcnative-classes/2.0.48.Final/netty-tcnative-classes-2.0.48.Final.jar:/home/runner/.m2/repository/io/netty/netty-tcnative/2.0.48.Final/netty-tcnative-2.0.48.Final.jar:/home/runner/.m2/repository/org/apache/commons/commons-compress/1.21/commons-compress-1.21.jar:/home/runner/.m2/repository/org/apache/ozone/hdds-common/1.3.0-SNAPSHOT/hdds-common-1.3.0-SNAPSHOT.jar:/home/runner/.m2/repository/org/apache/ozone/hdds-client/1.3.0-SNAPSHOT/hdds-client-1.3.0-SNAPSHOT.jar:/home/runner/.m2/repository/org/apache/ozone/ozone-interface-client/1.3.0-SNAPSHOT/ozone-interface-client-1.3.0-SNAPSHOT.jar:/home/runner/.m2/repository/org/apache/ozone/hdds-test-utils/1.3.0-SNAPSHOT/hdds-test-utils-1.3.0-SNAPSHOT.jar:/home/runner/.m2/repository/com/google/guava/guava/31.1-jre/guava-31.1-jre.jar:/home/runner/.m2/repository/com/google/guava/failureaccess/1.0.1/failureaccess-1.0.1.jar:/home/runner/.m2/repository/com/google/guava/listenablefuture/9999.0-empty-to-avoid-conflict-with-guava/listenablefuture-9999.0-empty-to-avoid-conflict-with-guava.jar:/home/runner/.m2/repository/com/google/code/findbugs/jsr305/3.0.0/jsr305-3.0.0.jar:/home/runner/.m2/repository/org/checkerframework/checker-qual/3.12.0/checker-qual-3.12.0.jar:/home/runner/.m2/repository/com/google/j2objc/j2objc-annotations/1.3/j2objc-annotations-1.3.jar:/home/runner/.m2/repository/commons-io/commons-io/2.11.0/commons-io-2.11.0.jar:/home/runner/.m2/repository/commons-logging/commons-logging/1.2/commons-logging-1.2.jar:/home/runner/.m2/repository/log4j/log4j/1.2.17/log4j-1.2.17.jar:/home/runner/.m2/repository/org/slf4j/slf4j-api/1.7.30/slf4j-api-1.7.30.jar:/home/runner/.m2/repository/org/apache/ozone/hdds-server-scm/1.3.0-SNAPSHOT/hdds-server-scm-1.3.0-SNAPSHOT.jar:/home/runner/.m2/repository/org/apache/ozone/hdds-container-service/1.3.0-SNAPSHOT/hdds-container-service-1.3.0-SNAPSHOT.jar:/home/runner/.m2/repository/org/apache/ozone/hdds-hadoop-dependency-server/1.3.0-SNAPSHOT/hdds-hadoop-dependency-server-1.3.0-SNAPSHOT.jar:/home/runner/.m2/repository/org/apache/hadoop/hadoop-hdfs/3.3.1/hadoop-hdfs-3.3.1.jar:/home/runner/.m2/repository/org/apache/ozone/hdds-server-framework/1.3.0-SNAPSHOT/hdds-server-framework-1.3.0-SNAPSHOT.jar:/home/runner/.m2/repository/org/apache/ozone/hdds-interface-server/1.3.0-SNAPSHOT/hdds-interface-server-1.3.0-SNAPSHOT.jar:/home/runner/.m2/repository/org/apache/logging/log4j/log4j-core/2.17.1/log4j-core-2.17.1.jar:/home/runner/.m2/repository/com/lmax/disruptor/3.4.2/disruptor-3.4.2.jar:/home/runner/.m2/repository/org/eclipse/jetty/jetty-servlet/9.4.43.v20210629/jetty-servlet-9.4.43.v20210629.jar:/home/runner/.m2/repository/org/eclipse/jetty/jetty-security/9.4.43.v20210629/jetty-security-9.4.43.v20210629.jar:/home/runner/.m2/repository/org/rocksdb/rocksdbjni/6.29.5/rocksdbjni-6.29.5.jar:/home/runner/.m2/repository/io/prometheus/simpleclient_dropwizard/0.7.0/simpleclient_dropwizard-0.7.0.jar:/home/runner/.m2/repository/io/prometheus/simpleclient/0.7.0/simpleclient-0.7.0.jar:/home/runner/.m2/repository/io/prometheus/simpleclient_common/0.7.0/simpleclient_common-0.7.0.jar:/home/runner/.m2/repository/io/dropwizard/metrics/metrics-core/3.2.4/metrics-core-3.2.4.jar:/home/runner/.m2/repository/org/apache/hadoop/hadoop-hdfs-client/3.3.1/hadoop-hdfs-client-3.3.1.jar:/home/runner/.m2/repository/org/bouncycastle/bcprov-jdk15on/1.67/bcprov-jdk15on-1.67.jar:/home/runner/.m2/repository/com/google/protobuf/protobuf-java/2.5.0/protobuf-java-2.5.0.jar:/home/runner/.m2/repository/org/apache/ozone/ozone-manager/1.3.0-SNAPSHOT/ozone-manager-1.3.0-SNAPSHOT.jar:/home/runner/.m2/repository/org/aspectj/aspectjrt/1.9.7/aspectjrt-1.9.7.jar:/home/runner/.m2/repository/org/aspectj/aspectjweaver/1.9.7/aspectjweaver-1.9.7.jar:/home/runner/.m2/repository/org/apache/ozone/hdds-interface-client/1.3.0-SNAPSHOT/hdds-interface-client-1.3.0-SNAPSHOT.jar:/home/runner/.m2/repository/org/apache/hadoop/thirdparty/hadoop-shaded-protobuf_3_7/1.1.1/hadoop-shaded-protobuf_3_7-1.1.1.jar:/home/runner/.m2/repository/org/apache/ozone/ozone-interface-storage/1.3.0-SNAPSHOT/ozone-interface-storage-1.3.0-SNAPSHOT.jar:/home/runner/.m2/repository/org/reflections/reflections/0.9.11/reflections-0.9.11.jar:/home/runner/.m2/repository/com/sun/jersey/jersey-client/1.19/jersey-client-1.19.jar:/home/runner/.m2/repository/org/apache/ranger/ranger-intg/3.0.0-SNAPSHOT/ranger-intg-3.0.0-SNAPSHOT.jar:/home/runner/.m2/repository/org/apache/ranger/ranger-plugins-common/3.0.0-SNAPSHOT/ranger-plugins-common-3.0.0-SNAPSHOT.jar:/home/runner/.m2/repository/commons-lang/commons-lang/2.6/commons-lang-2.6.jar:/home/runner/.m2/repository/org/codehaus/jackson/jackson-jaxrs/1.9.13/jackson-jaxrs-1.9.13.jar:/home/runner/.m2/repository/org/apache/ranger/ranger-plugins-cred/3.0.0-SNAPSHOT/ranger-plugins-cred-3.0.0-SNAPSHOT.jar:/home/runner/.m2/repository/org/apache/ranger/ranger-plugins-audit/3.0.0-SNAPSHOT/ranger-plugins-audit-3.0.0-SNAPSHOT.jar:/home/runner/.m2/repository/org/apache/kafka/kafka-clients/2.8.1/kafka-clients-2.8.1.jar:/home/runner/.m2/repository/com/github/luben/zstd-jni/1.4.9-1/zstd-jni-1.4.9-1.jar:/home/runner/.m2/repository/org/apache/solr/solr-solrj/8.6.3/solr-solrj-8.6.3.jar:/home/runner/.m2/repository/org/eclipse/jetty/jetty-client/9.4.44.v20210927/jetty-client-9.4.44.v20210927.jar:/home/runner/.m2/repository/org/apache/httpcomponents/httpmime/4.5.13/httpmime-4.5.13.jar:/home/runner/.m2/repository/org/apache/httpcomponents/httpcore-nio/4.4.14/httpcore-nio-4.4.14.jar:/home/runner/.m2/repository/org/apache/httpcomponents/httpasyncclient/4.1.4/httpasyncclient-4.1.4.jar:/home/runner/.m2/repository/com/carrotsearch/hppc/0.8.0/hppc-0.8.0.jar:/home/runner/.m2/repository/org/apache/hive/hive-storage-api/2.7.2/hive-storage-api-2.7.2.jar:/home/runner/.m2/repository/org/apache/orc/orc-core/1.5.8/orc-core-1.5.8.jar:/home/runner/.m2/repository/com/amazonaws/aws-java-sdk-bundle/1.12.125/aws-java-sdk-bundle-1.12.125.jar:/home/runner/.m2/repository/net/java/dev/jna/jna/5.2.0/jna-5.2.0.jar:/home/runner/.m2/repository/net/java/dev/jna/jna-platform/5.2.0/jna-platform-5.2.0.jar:/home/runner/.m2/repository/com/kstruct/gethostname4j/0.0.2/gethostname4j-0.0.2.jar:/home/runner/.m2/repository/org/apache/ranger/ranger-plugin-classloader/3.0.0-SNAPSHOT/ranger-plugin-classloader-3.0.0-SNAPSHOT.jar:/home/runner/.m2/repository/org/apache/hadoop/hadoop-minikdc/3.3.1/hadoop-minikdc-3.3.1.jar:/home/runner/.m2/repository/org/apache/kerby/kerb-simplekdc/1.0.1/kerb-simplekdc-1.0.1.jar:/home/runner/.m2/repository/org/apache/kerby/kerb-client/1.0.1/kerb-client-1.0.1.jar:/home/runner/.m2/repository/org/apache/kerby/kerby-config/1.0.1/kerby-config-1.0.1.jar:/home/runner/.m2/repository/org/apache/kerby/kerb-common/1.0.1/kerb-common-1.0.1.jar:/home/runner/.m2/repository/org/apache/kerby/kerb-crypto/1.0.1/kerb-crypto-1.0.1.jar:/home/runner/.m2/repository/org/apache/kerby/kerb-util/1.0.1/kerb-util-1.0.1.jar:/home/runner/.m2/repository/org/apache/kerby/token-provider/1.0.1/token-provider-1.0.1.jar:/home/runner/.m2/repository/org/apache/kerby/kerb-admin/1.0.1/kerb-admin-1.0.1.jar:/home/runner/.m2/repository/org/apache/kerby/kerb-server/1.0.1/kerb-server-1.0.1.jar:/home/runner/.m2/repository/org/apache/kerby/kerb-identity/1.0.1/kerb-identity-1.0.1.jar:/home/runner/.m2/repository/org/apache/kerby/kerby-xdr/1.0.1/kerby-xdr-1.0.1.jar:/home/runner/.m2/repository/org/slf4j/slf4j-log4j12/1.7.30/slf4j-log4j12-1.7.30.jar:/home/runner/.m2/repository/org/apache/ozone/ozone-s3gateway/1.3.0-SNAPSHOT/ozone-s3gateway-1.3.0-SNAPSHOT.jar:/home/runner/.m2/repository/org/javassist/javassist/3.21.0-GA/javassist-3.21.0-GA.jar:/home/runner/.m2/repository/org/jboss/weld/servlet/weld-servlet/2.4.7.Final/weld-servlet-2.4.7.Final.jar:/home/runner/.m2/repository/org/glassfish/jersey/containers/jersey-container-servlet-core/2.33/jersey-container-servlet-core-2.33.jar:/home/runner/.m2/repository/org/glassfish/hk2/external/jakarta.inject/2.6.1/jakarta.inject-2.6.1.jar:/home/runner/.m2/repository/org/glassfish/jersey/core/jersey-common/2.33/jersey-common-2.33.jar:/home/runner/.m2/repository/jakarta/ws/rs/jakarta.ws.rs-api/2.1.6/jakarta.ws.rs-api-2.1.6.jar:/home/runner/.m2/repository/org/glassfish/jersey/ext/cdi/jersey-cdi1x/2.33/jersey-cdi1x-2.33.jar:/home/runner/.m2/repository/org/glassfish/jersey/inject/jersey-hk2/2.33/jersey-hk2-2.33.jar:/home/runner/.m2/repository/org/glassfish/hk2/hk2-locator/2.6.1/hk2-locator-2.6.1.jar:/home/runner/.m2/repository/org/glassfish/jersey/media/jersey-media-jaxb/2.33/jersey-media-jaxb-2.33.jar:/home/runner/.m2/repository/org/glassfish/hk2/osgi-resource-locator/1.0.3/osgi-resource-locator-1.0.3.jar:/home/runner/.m2/repository/org/glassfish/hk2/hk2-api/2.5.0/hk2-api-2.5.0.jar:/home/runner/.m2/repository/org/glassfish/hk2/hk2-utils/2.5.0/hk2-utils-2.5.0.jar:/home/runner/.m2/repository/org/glassfish/hk2/external/aopalliance-repackaged/2.5.0/aopalliance-repackaged-2.5.0.jar:/home/runner/.m2/repository/com/fasterxml/jackson/dataformat/jackson-dataformat-xml/2.13.2/jackson-dataformat-xml-2.13.2.jar:/home/runner/.m2/repository/com/fasterxml/jackson/core/jackson-core/2.13.2/jackson-core-2.13.2.jar:/home/runner/.m2/repository/org/codehaus/woodstox/stax2-api/3.1.4/stax2-api-3.1.4.jar:/home/runner/.m2/repository/com/fasterxml/woodstox/woodstox-core/5.0.3/woodstox-core-5.0.3.jar:/home/runner/.m2/repository/com/fasterxml/jackson/module/jackson-module-jaxb-annotations/2.13.2/jackson-module-jaxb-annotations-2.13.2.jar:/home/runner/.m2/repository/jakarta/xml/bind/jakarta.xml.bind-api/2.3.3/jakarta.xml.bind-api-2.3.3.jar:/home/runner/.m2/repository/jakarta/activation/jakarta.activation-api/1.2.1/jakarta.activation-api-1.2.1.jar:/home/runner/.m2/repository/javax/enterprise/cdi-api/1.2/cdi-api-1.2.jar:/home/runner/.m2/repository/javax/el/javax.el-api/3.0.0/javax.el-api-3.0.0.jar:/home/runner/.m2/repository/javax/interceptor/javax.interceptor-api/1.2/javax.interceptor-api-1.2.jar:/home/runner/.m2/repository/javax/inject/javax.inject/1/javax.inject-1.jar:/home/runner/.m2/repository/javax/xml/bind/jaxb-api/2.3.0/jaxb-api-2.3.0.jar:/home/runner/.m2/repository/org/glassfish/jaxb/jaxb-runtime/2.3.0.1/jaxb-runtime-2.3.0.1.jar:/home/runner/.m2/repository/org/glassfish/jaxb/jaxb-core/2.3.0.1/jaxb-core-2.3.0.1.jar:/home/runner/.m2/repository/org/glassfish/jaxb/txw2/2.3.0.1/txw2-2.3.0.1.jar:/home/runner/.m2/repository/com/sun/istack/istack-commons-runtime/3.0.5/istack-commons-runtime-3.0.5.jar:/home/runner/.m2/repository/org/jvnet/staxex/stax-ex/1.7.8/stax-ex-1.7.8.jar:/home/runner/.m2/repository/com/sun/xml/fastinfoset/FastInfoset/1.2.13/FastInfoset-1.2.13.jar:/home/runner/.m2/repository/javax/activation/activation/1.1.1/activation-1.1.1.jar:/home/runner/.m2/repository/io/grpc/grpc-protobuf/1.44.0/grpc-protobuf-1.44.0.jar:/home/runner/.m2/repository/io/grpc/grpc-api/1.44.0/grpc-api-1.44.0.jar:/home/runner/.m2/repository/io/grpc/grpc-context/1.44.0/grpc-context-1.44.0.jar:/home/runner/.m2/repository/com/google/api/grpc/proto-google-common-protos/2.0.1/proto-google-common-protos-2.0.1.jar:/home/runner/.m2/repository/io/grpc/grpc-protobuf-lite/1.44.0/grpc-protobuf-lite-1.44.0.jar:/home/runner/.m2/repository/io/grpc/grpc-stub/1.44.0/grpc-stub-1.44.0.jar:/home/runner/.m2/repository/io/netty/netty-transport/4.1.74.Final/netty-transport-4.1.74.Final.jar:/home/runner/.m2/repository/io/netty/netty-resolver/4.1.74.Final/netty-resolver-4.1.74.Final.jar:/home/runner/.m2/repository/org/apache/ozone/ozone-csi/1.3.0-SNAPSHOT/ozone-csi-1.3.0-SNAPSHOT.jar:/home/runner/.m2/repository/com/google/protobuf/protobuf-java-util/3.19.2/protobuf-java-util-3.19.2.jar:/home/runner/.m2/repository/com/google/code/gson/gson/2.8.9/gson-2.8.9.jar:/home/runner/.m2/repository/org/apache/ozone/hdds-config/1.3.0-SNAPSHOT/hdds-config-1.3.0-SNAPSHOT.jar:/home/runner/.m2/repository/io/netty/netty-transport-native-epoll/4.1.74.Final/netty-transport-native-epoll-4.1.74.Final-linux-x86_64.jar:/home/runner/.m2/repository/io/netty/netty-transport-classes-epoll/4.1.74.Final/netty-transport-classes-epoll-4.1.74.Final.jar:/home/runner/.m2/repository/io/netty/netty-transport-native-unix-common/4.1.74.Final/netty-transport-native-unix-common-4.1.74.Final.jar:/home/runner/.m2/repository/org/apache/ozone/ozone-recon/1.3.0-SNAPSHOT/ozone-recon-1.3.0-SNAPSHOT.jar:/home/runner/.m2/repository/org/apache/ozone/ozone-reconcodegen/1.3.0-SNAPSHOT/ozone-reconcodegen-1.3.0-SNAPSHOT.jar:/home/runner/.m2/repository/com/google/inject/extensions/guice-multibindings/4.0/guice-multibindings-4.0.jar:/home/runner/.m2/repository/com/google/inject/guice/4.0/guice-4.0.jar:/home/runner/.m2/repository/aopalliance/aopalliance/1.0/aopalliance-1.0.jar:/home/runner/.m2/repository/com/google/inject/extensions/guice-assistedinject/4.0/guice-assistedinject-4.0.jar:/home/runner/.m2/repository/com/google/inject/extensions/guice-servlet/4.0/guice-servlet-4.0.jar:/home/runner/.m2/repository/org/glassfish/jersey/containers/jersey-container-servlet/2.33/jersey-container-servlet-2.33.jar:/home/runner/.m2/repository/org/glassfish/hk2/guice-bridge/2.5.0/guice-bridge-2.5.0.jar:/home/runner/.m2/repository/org/glassfish/jersey/core/jersey-server/2.33/jersey-server-2.33.jar:/home/runner/.m2/repository/org/glassfish/jersey/core/jersey-client/2.33/jersey-client-2.33.jar:/home/runner/.m2/repository/jakarta/annotation/jakarta.annotation-api/1.3.5/jakarta.annotation-api-1.3.5.jar:/home/runner/.m2/repository/jakarta/validation/jakarta.validation-api/2.0.2/jakarta.validation-api-2.0.2.jar:/home/runner/.m2/repository/org/glassfish/jersey/media/jersey-media-json-jackson/2.33/jersey-media-json-jackson-2.33.jar:/home/runner/.m2/repository/org/glassfish/jersey/ext/jersey-entity-filtering/2.33/jersey-entity-filtering-2.33.jar:/home/runner/.m2/repository/org/jooq/jooq/3.11.10/jooq-3.11.10.jar:/home/runner/.m2/repository/org/jooq/jooq-meta/3.11.10/jooq-meta-3.11.10.jar:/home/runner/.m2/repository/org/jooq/jooq-codegen/3.11.10/jooq-codegen-3.11.10.jar:/home/runner/.m2/repository/com/jolbox/bonecp/0.8.0.RELEASE/bonecp-0.8.0.RELEASE.jar:/home/runner/.m2/repository/org/apache/derby/derby/10.14.2.0/derby-10.14.2.0.jar:/home/runner/.m2/repository/org/xerial/sqlite-jdbc/3.25.2/sqlite-jdbc-3.25.2.jar:/home/runner/.m2/repository/org/springframework/spring-jdbc/5.2.20.RELEASE/spring-jdbc-5.2.20.RELEASE.jar:/home/runner/.m2/repository/org/springframework/spring-beans/5.2.20.RELEASE/spring-beans-5.2.20.RELEASE.jar:/home/runner/.m2/repository/org/springframework/spring-core/5.2.20.RELEASE/spring-core-5.2.20.RELEASE.jar:/home/runner/.m2/repository/org/springframework/spring-jcl/5.2.20.RELEASE/spring-jcl-5.2.20.RELEASE.jar:/home/runner/.m2/repository/org/springframework/spring-tx/5.2.20.RELEASE/spring-tx-5.2.20.RELEASE.jar:/home/runner/.m2/repository/org/apache/ozone/ozone-client/1.3.0-SNAPSHOT/ozone-client-1.3.0-SNAPSHOT.jar:/home/runner/.m2/repository/org/apache/ozone/hdds-erasurecode/1.3.0-SNAPSHOT/hdds-erasurecode-1.3.0-SNAPSHOT.jar:/home/runner/.m2/repository/com/github/spotbugs/spotbugs-annotations/3.1.12/spotbugs-annotations-3.1.12.jar:/home/runner/.m2/repository/org/apache/ozone/ozone-filesystem/1.3.0-SNAPSHOT/ozone-filesystem-1.3.0-SNAPSHOT.jar:/home/runner/.m2/repository/org/apache/ozone/ozone-filesystem-common/1.3.0-SNAPSHOT/ozone-filesystem-common-1.3.0-SNAPSHOT.jar:/home/runner/.m2/repository/org/apache/ozone/ozone-tools/1.3.0-SNAPSHOT/ozone-tools-1.3.0-SNAPSHOT.jar:/home/runner/.m2/repository/org/apache/ratis/ratis-tools/2.3.0/ratis-tools-2.3.0.jar:/home/runner/.m2/repository/com/amazonaws/aws-java-sdk-core/1.12.124/aws-java-sdk-core-1.12.124.jar:/home/runner/.m2/repository/org/apache/httpcomponents/httpclient/4.5.13/httpclient-4.5.13.jar:/home/runner/.m2/repository/org/apache/httpcomponents/httpcore/4.4.13/httpcore-4.4.13.jar:/home/runner/.m2/repository/software/amazon/ion/ion-java/1.0.2/ion-java-1.0.2.jar:/home/runner/.m2/repository/com/fasterxml/jackson/dataformat/jackson-dataformat-cbor/2.13.2/jackson-dataformat-cbor-2.13.2.jar:/home/runner/.m2/repository/joda-time/joda-time/2.8.1/joda-time-2.8.1.jar:/home/runner/.m2/repository/com/amazonaws/aws-java-sdk-s3/1.12.124/aws-java-sdk-s3-1.12.124.jar:/home/runner/.m2/repository/com/amazonaws/aws-java-sdk-kms/1.12.124/aws-java-sdk-kms-1.12.124.jar:/home/runner/.m2/repository/com/amazonaws/jmespath-java/1.12.124/jmespath-java-1.12.124.jar:/home/runner/.m2/repository/org/kohsuke/metainf-services/metainf-services/1.8/metainf-services-1.8.jar:/home/runner/.m2/repository/org/apache/ozone/hdds-tools/1.3.0-SNAPSHOT/hdds-tools-1.3.0-SNAPSHOT.jar:/home/runner/.m2/repository/commons-cli/commons-cli/1.2/commons-cli-1.2.jar:/home/runner/.m2/repository/org/apache/commons/commons-lang3/3.7/commons-lang3-3.7.jar:/home/runner/.m2/repository/org/apache/ozone/ozone-manager/1.3.0-SNAPSHOT/ozone-manager-1.3.0-SNAPSHOT-tests.jar:/home/runner/.m2/repository/org/apache/ozone/hdds-common/1.3.0-SNAPSHOT/hdds-common-1.3.0-SNAPSHOT-tests.jar:/home/runner/.m2/repository/org/apache/ozone/hdds-hadoop-dependency-client/1.3.0-SNAPSHOT/hdds-hadoop-dependency-client-1.3.0-SNAPSHOT.jar:/home/runner/.m2/repository/info/picocli/picocli/4.6.1/picocli-4.6.1.jar:/home/runner/.m2/repository/com/fasterxml/jackson/core/jackson-annotations/2.13.2/jackson-annotations-2.13.2.jar:/home/runner/.m2/repository/com/fasterxml/jackson/datatype/jackson-datatype-jsr310/2.13.2/jackson-datatype-jsr310-2.13.2.jar:/home/runner/.m2/repository/javax/annotation/javax.annotation-api/1.2/javax.annotation-api-1.2.jar:/home/runner/.m2/repository/org/apache/ratis/ratis-server/2.3.0/ratis-server-2.3.0.jar:/home/runner/.m2/repository/org/apache/ratis/ratis-client/2.3.0/ratis-client-2.3.0.jar:/home/runner/.m2/repository/org/apache/ratis/ratis-server-api/2.3.0/ratis-server-api-2.3.0.jar:/home/runner/.m2/repository/org/apache/ratis/ratis-metrics/2.3.0/ratis-metrics-2.3.0.jar:/home/runner/.m2/repository/org/apache/ratis/ratis-netty/2.3.0/ratis-netty-2.3.0.jar:/home/runner/.m2/repository/org/apache/ratis/ratis-grpc/2.3.0/ratis-grpc-2.3.0.jar:/home/runner/.m2/repository/org/apache/logging/log4j/log4j-api/2.17.1/log4j-api-2.17.1.jar:/home/runner/.m2/repository/org/apache/commons/commons-pool2/2.6.0/commons-pool2-2.6.0.jar:/home/runner/.m2/repository/org/bouncycastle/bcpkix-jdk15on/1.67/bcpkix-jdk15on-1.67.jar:/home/runner/.m2/repository/commons-validator/commons-validator/1.6/commons-validator-1.6.jar:/home/runner/.m2/repository/commons-beanutils/commons-beanutils/1.9.4/commons-beanutils-1.9.4.jar:/home/runner/.m2/repository/commons-digester/commons-digester/1.8.1/commons-digester-1.8.1.jar:/home/runner/.m2/repository/commons-collections/commons-collections/3.2.2/commons-collections-3.2.2.jar:/home/runner/.m2/repository/io/jaegertracing/jaeger-client/1.6.0/jaeger-client-1.6.0.jar:/home/runner/.m2/repository/io/jaegertracing/jaeger-thrift/1.6.0/jaeger-thrift-1.6.0.jar:/home/runner/.m2/repository/org/apache/thrift/libthrift/0.14.1/libthrift-0.14.1.jar:/home/runner/.m2/repository/com/squareup/okhttp3/okhttp/4.9.0/okhttp-4.9.0.jar:/home/runner/.m2/repository/com/squareup/okio/okio/2.8.0/okio-2.8.0.jar:/home/runner/.m2/repository/io/jaegertracing/jaeger-core/1.6.0/jaeger-core-1.6.0.jar:/home/runner/.m2/repository/io/jaegertracing/jaeger-tracerresolver/1.6.0/jaeger-tracerresolver-1.6.0.jar:/home/runner/.m2/repository/io/opentracing/contrib/opentracing-tracerresolver/0.1.8/opentracing-tracerresolver-0.1.8.jar:/home/runner/.m2/repository/org/jetbrains/kotlin/kotlin-stdlib/1.6.21/kotlin-stdlib-1.6.21.jar:/home/runner/.m2/repository/org/jetbrains/kotlin/kotlin-stdlib-common/1.6.21/kotlin-stdlib-common-1.6.21.jar:/home/runner/.m2/repository/org/jetbrains/annotations/13.0/annotations-13.0.jar:/home/runner/.m2/repository/io/opentracing/opentracing-util/0.33.0/opentracing-util-0.33.0.jar:/home/runner/.m2/repository/io/opentracing/opentracing-api/0.33.0/opentracing-api-0.33.0.jar:/home/runner/.m2/repository/io/opentracing/opentracing-noop/0.33.0/opentracing-noop-0.33.0.jar:/home/runner/.m2/repository/org/yaml/snakeyaml/1.26/snakeyaml-1.26.jar:/home/runner/.m2/repository/org/apache/ozone/hdds-interface-admin/1.3.0-SNAPSHOT/hdds-interface-admin-1.3.0-SNAPSHOT.jar:/home/runner/.m2/repository/junit/junit/4.13.1/junit-4.13.1.jar:/home/runner/.m2/repository/org/hamcrest/hamcrest-core/1.3/hamcrest-core-1.3.jar:/home/runner/.m2/repository/org/junit/jupiter/junit-jupiter-api/5.8.2/junit-jupiter-api-5.8.2.jar:/home/runner/.m2/repository/org/opentest4j/opentest4j/1.2.0/opentest4j-1.2.0.jar:/home/runner/.m2/repository/org/junit/platform/junit-platform-commons/1.8.2/junit-platform-commons-1.8.2.jar:/home/runner/.m2/repository/org/apiguardian/apiguardian-api/1.1.2/apiguardian-api-1.1.2.jar:/home/runner/.m2/repository/org/junit/jupiter/junit-jupiter-params/5.8.2/junit-jupiter-params-5.8.2.jar:/home/runner/.m2/repository/org/junit/jupiter/junit-jupiter-migrationsupport/5.8.2/junit-jupiter-migrationsupport-5.8.2.jar:/home/runner/.m2/repository/org/junit/jupiter/junit-jupiter-engine/5.8.2/junit-jupiter-engine-5.8.2.jar:/home/runner/.m2/repository/org/junit/platform/junit-platform-engine/1.8.2/junit-platform-engine-1.8.2.jar:/home/runner/.m2/repository/org/junit/vintage/junit-vintage-engine/5.8.2/junit-vintage-engine-5.8.2.jar:/home/runner/.m2/repository/org/junit/platform/junit-platform-launcher/1.8.2/junit-platform-launcher-1.8.2.jar:/home/runner/.m2/repository/org/mockito/mockito-core/2.28.2/mockito-core-2.28.2.jar:/home/runner/.m2/repository/net/bytebuddy/byte-buddy/1.9.10/byte-buddy-1.9.10.jar:/home/runner/.m2/repository/net/bytebuddy/byte-buddy-agent/1.9.10/byte-buddy-agent-1.9.10.jar:/home/runner/.m2/repository/org/objenesis/objenesis/1.0/objenesis-1.0.jar:/home/runner/.m2/repository/org/apache/hadoop/hadoop-kms/3.3.1/hadoop-kms-3.3.1.jar:/home/runner/.m2/repository/org/apache/hadoop/hadoop-auth/3.3.1/hadoop-auth-3.3.1.jar:/home/runner/.m2/repository/com/nimbusds/nimbus-jose-jwt/7.9/nimbus-jose-jwt-7.9.jar:/home/runner/.m2/repository/com/github/stephenc/jcip/jcip-annotations/1.0-1/jcip-annotations-1.0-1.jar:/home/runner/.m2/repository/net/minidev/json-smart/2.4.7/json-smart-2.4.7.jar:/home/runner/.m2/repository/net/minidev/accessors-smart/2.4.7/accessors-smart-2.4.7.jar:/home/runner/.m2/repository/org/ow2/asm/asm/5.0.4/asm-5.0.4.jar:/home/runner/.m2/repository/org/apache/zookeeper/zookeeper/3.5.6/zookeeper-3.5.6.jar:/home/runner/.m2/repository/org/apache/zookeeper/zookeeper-jute/3.5.6/zookeeper-jute-3.5.6.jar:/home/runner/.m2/repository/org/apache/yetus/audience-annotations/0.5.0/audience-annotations-0.5.0.jar:/home/runner/.m2/repository/org/apache/curator/curator-framework/4.2.0/curator-framework-4.2.0.jar:/home/runner/.m2/repository/org/apache/hadoop/thirdparty/hadoop-shaded-guava/1.1.1/hadoop-shaded-guava-1.1.1.jar:/home/runner/.m2/repository/com/sun/jersey/jersey-core/1.19/jersey-core-1.19.jar:/home/runner/.m2/repository/javax/ws/rs/jsr311-api/1.1.1/jsr311-api-1.1.1.jar:/home/runner/.m2/repository/com/sun/jersey/jersey-server/1.19/jersey-server-1.19.jar:/home/runner/.m2/repository/javax/servlet/javax.servlet-api/3.1.0/javax.servlet-api-3.1.0.jar:/home/runner/.m2/repository/org/eclipse/jetty/jetty-server/9.4.43.v20210629/jetty-server-9.4.43.v20210629.jar:/home/runner/.m2/repository/org/eclipse/jetty/jetty-http/9.4.43.v20210629/jetty-http-9.4.43.v20210629.jar:/home/runner/.m2/repository/org/eclipse/jetty/jetty-io/9.4.43.v20210629/jetty-io-9.4.43.v20210629.jar:/home/runner/.m2/repository/org/eclipse/jetty/jetty-webapp/9.4.43.v20210629/jetty-webapp-9.4.43.v20210629.jar:/home/runner/.m2/repository/org/eclipse/jetty/jetty-xml/9.4.43.v20210629/jetty-xml-9.4.43.v20210629.jar:/home/runner/.m2/repository/org/apache/hadoop/hadoop-common/3.3.1/hadoop-common-3.3.1.jar:/home/runner/.m2/repository/org/apache/commons/commons-math3/3.1.1/commons-math3-3.1.1.jar:/home/runner/.m2/repository/commons-net/commons-net/3.6/commons-net-3.6.jar:/home/runner/.m2/repository/com/sun/jersey/jersey-servlet/1.19/jersey-servlet-1.19.jar:/home/runner/.m2/repository/com/sun/jersey/jersey-json/1.19/jersey-json-1.19.jar:/home/runner/.m2/repository/org/codehaus/jettison/jettison/1.1/jettison-1.1.jar:/home/runner/.m2/repository/com/sun/xml/bind/jaxb-impl/2.2.3-1/jaxb-impl-2.2.3-1.jar:/home/runner/.m2/repository/org/codehaus/jackson/jackson-xc/1.9.2/jackson-xc-1.9.2.jar:/home/runner/.m2/repository/org/apache/commons/commons-configuration2/2.1.1/commons-configuration2-2.1.1.jar:/home/runner/.m2/repository/org/apache/commons/commons-text/1.4/commons-text-1.4.jar:/home/runner/.m2/repository/com/google/re2j/re2j/1.1/re2j-1.1.jar:/home/runner/.m2/repository/com/jcraft/jsch/0.1.54/jsch-0.1.54.jar:/home/runner/.m2/repository/org/apache/curator/curator-client/4.2.0/curator-client-4.2.0.jar:/home/runner/.m2/repository/org/apache/curator/curator-recipes/4.2.0/curator-recipes-4.2.0.jar:/home/runner/.m2/repository/org/apache/kerby/kerb-core/1.0.1/kerb-core-1.0.1.jar:/home/runner/.m2/repository/org/apache/kerby/kerby-pkix/1.0.1/kerby-pkix-1.0.1.jar:/home/runner/.m2/repository/org/apache/kerby/kerby-asn1/1.0.1/kerby-asn1-1.0.1.jar:/home/runner/.m2/repository/org/apache/kerby/kerby-util/1.0.1/kerby-util-1.0.1.jar:/home/runner/.m2/repository/dnsjava/dnsjava/2.1.7/dnsjava-2.1.7.jar:/home/runner/.m2/repository/org/xerial/snappy/snappy-java/1.1.8.2/snappy-java-1.1.8.2.jar:/home/runner/.m2/repository/org/slf4j/jul-to-slf4j/1.7.30/jul-to-slf4j-1.7.30.jar:/home/runner/.m2/repository/org/eclipse/jetty/jetty-util/9.4.43.v20210629/jetty-util-9.4.43.v20210629.jar:/home/runner/.m2/repository/com/fasterxml/jackson/core/jackson-databind/2.13.2.2/jackson-databind-2.13.2.2.jar:/home/runner/.m2/repository/org/apache/hadoop/hadoop-kms/3.3.1/hadoop-kms-3.3.1-tests.jar:/home/runner/.m2/repository/org/apache/ozone/hdds-server-scm/1.3.0-SNAPSHOT/hdds-server-scm-1.3.0-SNAPSHOT-tests.jar:/home/runner/.m2/repository/org/apache/ozone/hdds-container-service/1.3.0-SNAPSHOT/hdds-container-service-1.3.0-SNAPSHOT-tests.jar:/home/runner/.m2/repository/commons-codec/commons-codec/1.11/commons-codec-1.11.jar:/home/runner/.m2/repository/io/netty/netty-codec/4.1.74.Final/netty-codec-4.1.74.Final.jar:/home/runner/.m2/repository/io/netty/netty-handler/4.1.74.Final/netty-handler-4.1.74.Final.jar:/home/runner/.m2/repository/org/apache/ozone/hdds-hadoop-dependency-test/1.3.0-SNAPSHOT/hdds-hadoop-dependency-test-1.3.0-SNAPSHOT.jar:/home/runner/.m2/repository/org/apache/hadoop/hadoop-common/3.3.1/hadoop-common-3.3.1-tests.jar:/home/runner/.m2/repository/org/assertj/assertj-core/3.12.2/assertj-core-3.12.2.jar:/home/runner/.m2/repository/org/apache/hadoop/hadoop-hdfs/3.3.1/hadoop-hdfs-3.3.1-tests.jar:/home/runner/.m2/repository/org/eclipse/jetty/jetty-util-ajax/9.4.43.v20210629/jetty-util-ajax-9.4.43.v20210629.jar:/home/runner/.m2/repository/commons-daemon/commons-daemon/1.0.13/commons-daemon-1.0.13.jar:/home/runner/.m2/repository/io/netty/netty/3.10.6.Final/netty-3.10.6.Final.jar:/home/runner/.m2/repository/io/netty/netty-all/4.1.74.Final/netty-all-4.1.74.Final.jar:/home/runner/.m2/repository/io/netty/netty-codec-dns/4.1.74.Final/netty-codec-dns-4.1.74.Final.jar:/home/runner/.m2/repository/io/netty/netty-codec-haproxy/4.1.74.Final/netty-codec-haproxy-4.1.74.Final.jar:/home/runner/.m2/repository/io/netty/netty-codec-memcache/4.1.74.Final/netty-codec-memcache-4.1.74.Final.jar:/home/runner/.m2/repository/io/netty/netty-codec-mqtt/4.1.74.Final/netty-codec-mqtt-4.1.74.Final.jar:/home/runner/.m2/repository/io/netty/netty-codec-redis/4.1.74.Final/netty-codec-redis-4.1.74.Final.jar:/home/runner/.m2/repository/io/netty/netty-codec-smtp/4.1.74.Final/netty-codec-smtp-4.1.74.Final.jar:/home/runner/.m2/repository/io/netty/netty-codec-stomp/4.1.74.Final/netty-codec-stomp-4.1.74.Final.jar:/home/runner/.m2/repository/io/netty/netty-codec-xml/4.1.74.Final/netty-codec-xml-4.1.74.Final.jar:/home/runner/.m2/repository/io/netty/netty-resolver-dns/4.1.74.Final/netty-resolver-dns-4.1.74.Final.jar:/home/runner/.m2/repository/io/netty/netty-transport-rxtx/4.1.74.Final/netty-transport-rxtx-4.1.74.Final.jar:/home/runner/.m2/repository/io/netty/netty-transport-sctp/4.1.74.Final/netty-transport-sctp-4.1.74.Final.jar:/home/runner/.m2/repository/io/netty/netty-transport-udt/4.1.74.Final/netty-transport-udt-4.1.74.Final.jar:/home/runner/.m2/repository/io/netty/netty-transport-classes-kqueue/4.1.74.Final/netty-transport-classes-kqueue-4.1.74.Final.jar:/home/runner/.m2/repository/io/netty/netty-resolver-dns-classes-macos/4.1.74.Final/netty-resolver-dns-classes-macos-4.1.74.Final.jar:/home/runner/.m2/repository/io/netty/netty-transport-native-epoll/4.1.74.Final/netty-transport-native-epoll-4.1.74.Final-linux-aarch_64.jar:/home/runner/.m2/repository/io/netty/netty-transport-native-kqueue/4.1.74.Final/netty-transport-native-kqueue-4.1.74.Final-osx-x86_64.jar:/home/runner/.m2/repository/io/netty/netty-transport-native-kqueue/4.1.74.Final/netty-transport-native-kqueue-4.1.74.Final-osx-aarch_64.jar:/home/runner/.m2/repository/io/netty/netty-resolver-dns-native-macos/4.1.74.Final/netty-resolver-dns-native-macos-4.1.74.Final-osx-x86_64.jar:/home/runner/.m2/repository/io/netty/netty-resolver-dns-native-macos/4.1.74.Final/netty-resolver-dns-native-macos-4.1.74.Final-osx-aarch_64.jar:/home/runner/.m2/repository/org/apache/htrace/htrace-core4/4.1.0-incubating/htrace-core4-4.1.0-incubating.jar:/home/runner/.m2/repository/org/fusesource/leveldbjni/leveldbjni-all/1.8/leveldbjni-all-1.8.jar:/home/runner/.m2/repository/org/apache/hadoop/hadoop-distcp/3.3.1/hadoop-distcp-3.3.1.jar:/home/runner/.m2/repository/org/apache/hadoop/hadoop-mapreduce-client-jobclient/3.3.1/hadoop-mapreduce-client-jobclient-3.3.1.jar:/home/runner/.m2/repository/org/apache/hadoop/hadoop-mapreduce-client-common/3.3.1/hadoop-mapreduce-client-common-3.3.1.jar:/home/runner/.m2/repository/org/apache/hadoop/hadoop-yarn-common/3.3.1/hadoop-yarn-common-3.3.1.jar:/home/runner/.m2/repository/org/apache/hadoop/hadoop-yarn-api/3.3.1/hadoop-yarn-api-3.3.1.jar:/home/runner/.m2/repository/com/sun/jersey/contribs/jersey-guice/1.19/jersey-guice-1.19.jar:/home/runner/.m2/repository/com/fasterxml/jackson/jaxrs/jackson-jaxrs-json-provider/2.13.2/jackson-jaxrs-json-provider-2.13.2.jar:/home/runner/.m2/repository/com/fasterxml/jackson/jaxrs/jackson-jaxrs-base/2.13.2/jackson-jaxrs-base-2.13.2.jar:/home/runner/.m2/repository/org/apache/hadoop/hadoop-yarn-client/3.3.1/hadoop-yarn-client-3.3.1.jar:/home/runner/.m2/repository/org/eclipse/jetty/websocket/websocket-client/9.4.40.v20210413/websocket-client-9.4.40.v20210413.jar:/home/runner/.m2/repository/org/eclipse/jetty/websocket/websocket-common/9.4.40.v20210413/websocket-common-9.4.40.v20210413.jar:/home/runner/.m2/repository/org/eclipse/jetty/websocket/websocket-api/9.4.40.v20210413/websocket-api-9.4.40.v20210413.jar:/home/runner/.m2/repository/org/jline/jline/3.9.0/jline-3.9.0.jar:/home/runner/.m2/repository/org/apache/hadoop/hadoop-mapreduce-client-core/3.3.1/hadoop-mapreduce-client-core-3.3.1.jar:/home/runner/.m2/repository/org/apache/avro/avro/1.7.7/avro-1.7.7.jar:/home/runner/.m2/repository/org/codehaus/jackson/jackson-core-asl/1.9.13/jackson-core-asl-1.9.13.jar:/home/runner/.m2/repository/org/codehaus/jackson/jackson-mapper-asl/1.9.13/jackson-mapper-asl-1.9.13.jar:/home/runner/.m2/repository/com/thoughtworks/paranamer/paranamer/2.3/paranamer-2.3.jar:/home/runner/.m2/repository/org/apache/hadoop/hadoop-annotations/3.3.1/hadoop-annotations-3.3.1.jar:/usr/lib/jvm/temurin-8-jdk-amd64/jre/../lib/tools.jar:/home/runner/.m2/repository/org/apache/hadoop/hadoop-distcp/3.3.1/hadoop-distcp-3.3.1-tests.jar:/home/runner/.m2/repository/org/apache/ratis/ratis-common/2.3.0/ratis-common-2.3.0.jar:/home/runner/.m2/repository/org/apache/ratis/ratis-thirdparty-misc/1.0.0/ratis-thirdparty-misc-1.0.0.jar:/home/runner/.m2/repository/org/apache/ratis/ratis-proto/2.3.0/ratis-proto-2.3.0.jar:/home/runner/.m2/repository/org/apache/ozone/ozone-annotation-processing/1.3.0-SNAPSHOT/ozone-annotation-processing-1.3.0-SNAPSHOT.jar:"/>
    <property name="sun.cpu.endian" value="little"/>
    <property name="user.home" value="/home/runner"/>
    <property name="user.language" value="en"/>
    <property name="java.specification.vendor" value="Oracle Corporation"/>
    <property name="java.home" value="/usr/lib/jvm/temurin-8-jdk-amd64/jre"/>
    <property name="java.security.krb5.conf" value="/home/runner/work/ozone/ozone/hadoop-ozone/integration-test/target/test-classes/krb5.conf"/>
    <property name="basedir" value="/home/runner/work/ozone/ozone/hadoop-ozone/integration-test"/>
    <property name="file.separator" value="/"/>
    <property name="line.separator" value="&#10;"/>
    <property name="java.vm.specification.vendor" value="Oracle Corporation"/>
    <property name="java.specification.name" value="Java Platform API Specification"/>
    <property name="java.awt.graphicsenv" value="sun.awt.X11GraphicsEnvironment"/>
    <property name="skip.installnpx" value="true"/>
    <property name="surefire.fork.timeout" value="3600"/>
    <property name="surefire.real.class.path" value="/home/runner/work/ozone/ozone/hadoop-ozone/integration-test/target/surefire/surefirebooter1620536722428369606.jar:/home/runner/.m2/repository/org/jacoco/org.jacoco.agent/0.8.5/org.jacoco.agent-0.8.5-runtime.jar"/>
    <property name="hadoop.log.dir" value="/home/runner/work/ozone/ozone/hadoop-ozone/integration-test/target/log"/>
    <property name="sun.boot.class.path" value="/usr/lib/jvm/temurin-8-jdk-amd64/jre/lib/resources.jar:/usr/lib/jvm/temurin-8-jdk-amd64/jre/lib/rt.jar:/usr/lib/jvm/temurin-8-jdk-amd64/jre/lib/sunrsasign.jar:/usr/lib/jvm/temurin-8-jdk-amd64/jre/lib/jsse.jar:/usr/lib/jvm/temurin-8-jdk-amd64/jre/lib/jce.jar:/usr/lib/jvm/temurin-8-jdk-amd64/jre/lib/charsets.jar:/usr/lib/jvm/temurin-8-jdk-amd64/jre/lib/jfr.jar:/usr/lib/jvm/temurin-8-jdk-amd64/jre/classes"/>
    <property name="sun.management.compiler" value="HotSpot 64-Bit Tiered Compilers"/>
    <property name="skip.npx" value="true"/>
    <property name="java.runtime.version" value="1.8.0_332-b09"/>
    <property name="java.net.preferIPv4Stack" value="true"/>
    <property name="user.name" value="runner"/>
    <property name="path.separator" value=":"/>
    <property name="java.security.egd" value="file:///dev/urandom"/>
    <property name="os.version" value="5.4.0-1085-azure"/>
    <property name="java.endorsed.dirs" value="/usr/lib/jvm/temurin-8-jdk-amd64/jre/lib/endorsed"/>
    <property name="java.runtime.name" value="OpenJDK Runtime Environment"/>
    <property name="file.encoding" value="UTF-8"/>
    <property name="java.vm.name" value="OpenJDK 64-Bit Server VM"/>
    <property name="test.build.webapps" value=""/>
    <property name="localRepository" value="/home/runner/.m2/repository"/>
    <property name="jetty.git.hash" value="526006ecfa3af7f1a27ef3a288e2bef7ea9dd7e8"/>
    <property name="java.vendor.url.bug" value="https://github.com/adoptium/adoptium-support/issues"/>
    <property name="java.io.tmpdir" value="/tmp"/>
    <property name="require.test.libhadoop" value=""/>
    <property name="surefire.rerunFailingTestsCount" value="5"/>
    <property name="java.version" value="1.8.0_332"/>
    <property name="user.dir" value="/home/runner/work/ozone/ozone/hadoop-ozone/integration-test"/>
    <property name="os.arch" value="amd64"/>
    <property name="java.vm.specification.name" value="Java Virtual Machine Specification"/>
    <property name="test.build.classes" value="/home/runner/work/ozone/ozone/hadoop-ozone/integration-test/target/test-classes"/>
    <property name="java.awt.printerjob" value="sun.print.PSPrinterJob"/>
    <property name="sun.os.patch.level" value="unknown"/>
    <property name="hadoop.tmp.dir" value="/home/runner/work/ozone/ozone/hadoop-ozone/integration-test/target/tmp"/>
    <property name="java.library.path" value="/usr/java/packages/lib/amd64:/usr/lib64:/lib64:/lib:/usr/lib"/>
    <property name="java.vm.info" value="mixed mode"/>
    <property name="java.vendor" value="Temurin"/>
    <property name="java.vm.version" value="25.332-b09"/>
    <property name="java.ext.dirs" value="/usr/lib/jvm/temurin-8-jdk-amd64/jre/lib/ext:/usr/java/packages/lib/ext"/>
    <property name="sun.io.unicode.encoding" value="UnicodeLittle"/>
    <property name="java.class.version" value="52.0"/>
  </properties>
  <testcase name="testNodeWithOpenPipelineCanBeDecommissionedAndRecommissioned" classname="org.apache.hadoop.ozone.scm.node.TestDecommissionAndMaintenance" time="48.639">
    <error type="java.lang.IllegalStateException"><![CDATA[java.lang.IllegalStateException: zip file closed
	at java.util.zip.ZipFile.ensureOpen(ZipFile.java:690)
	at java.util.zip.ZipFile.access$200(ZipFile.java:61)
	at java.util.zip.ZipFile$ZipEntryIterator.hasNext(ZipFile.java:512)
	at java.util.zip.ZipFile$ZipEntryIterator.hasMoreElements(ZipFile.java:507)
	at java.util.jar.JarFile$JarEntryIterator.hasNext(JarFile.java:264)
	at java.util.jar.JarFile$JarEntryIterator.hasMoreElements(JarFile.java:273)
	at org.reflections.vfs.ZipDir$1$1.computeNext(ZipDir.java:30)
	at org.reflections.vfs.ZipDir$1$1.computeNext(ZipDir.java:26)
	at com.google.common.collect.AbstractIterator.tryToComputeNext(AbstractIterator.java:146)
	at com.google.common.collect.AbstractIterator.hasNext(AbstractIterator.java:141)
	at org.reflections.Reflections.scan(Reflections.java:243)
	at org.reflections.Reflections.scan(Reflections.java:202)
	at org.reflections.Reflections.<init>(Reflections.java:123)
	at org.reflections.Reflections.<init>(Reflections.java:168)
	at org.apache.hadoop.hdds.upgrade.HDDSLayoutVersionManager.registerUpgradeActions(HDDSLayoutVersionManager.java:64)
	at org.apache.hadoop.hdds.upgrade.HDDSLayoutVersionManager.<init>(HDDSLayoutVersionManager.java:51)
	at org.apache.hadoop.ozone.container.common.statemachine.DatanodeStateMachine.<init>(DatanodeStateMachine.java:144)
	at org.apache.hadoop.ozone.HddsDatanodeService.start(HddsDatanodeService.java:279)
	at org.apache.hadoop.ozone.HddsDatanodeService.start(HddsDatanodeService.java:209)
	at org.apache.hadoop.ozone.MiniOzoneClusterImpl.restartHddsDatanode(MiniOzoneClusterImpl.java:430)
	at org.apache.hadoop.ozone.scm.node.TestDecommissionAndMaintenance.testNodeWithOpenPipelineCanBeDecommissionedAndRecommissioned(TestDecommissionAndMaintenance.java:198)
	at sun.reflect.NativeMethodAccessorImpl.invoke0(Native Method)
	at sun.reflect.NativeMethodAccessorImpl.invoke(NativeMethodAccessorImpl.java:62)
	at sun.reflect.DelegatingMethodAccessorImpl.invoke(DelegatingMethodAccessorImpl.java:43)
	at java.lang.reflect.Method.invoke(Method.java:498)
	at org.junit.platform.commons.util.ReflectionUtils.invokeMethod(ReflectionUtils.java:725)
	at org.junit.jupiter.engine.execution.MethodInvocation.proceed(MethodInvocation.java:60)
	at org.junit.jupiter.engine.execution.InvocationInterceptorChain$ValidatingInvocation.proceed(InvocationInterceptorChain.java:131)
	at org.junit.jupiter.engine.extension.TimeoutExtension.intercept(TimeoutExtension.java:149)
	at org.junit.jupiter.engine.extension.TimeoutExtension.interceptTestableMethod(TimeoutExtension.java:140)
	at org.junit.jupiter.engine.extension.TimeoutExtension.interceptTestMethod(TimeoutExtension.java:84)
	at org.junit.jupiter.engine.execution.ExecutableInvoker$ReflectiveInterceptorCall.lambda$ofVoidMethod$0(ExecutableInvoker.java:115)
	at org.junit.jupiter.engine.execution.ExecutableInvoker.lambda$invoke$0(ExecutableInvoker.java:105)
	at org.junit.jupiter.engine.execution.InvocationInterceptorChain$InterceptedInvocation.proceed(InvocationInterceptorChain.java:106)
	at org.junit.jupiter.engine.execution.InvocationInterceptorChain.proceed(InvocationInterceptorChain.java:64)
	at org.junit.jupiter.engine.execution.InvocationInterceptorChain.chainAndInvoke(InvocationInterceptorChain.java:45)
	at org.junit.jupiter.engine.execution.InvocationInterceptorChain.invoke(InvocationInterceptorChain.java:37)
	at org.junit.jupiter.engine.execution.ExecutableInvoker.invoke(ExecutableInvoker.java:104)
	at org.junit.jupiter.engine.execution.ExecutableInvoker.invoke(ExecutableInvoker.java:98)
	at org.junit.jupiter.engine.descriptor.TestMethodTestDescriptor.lambda$invokeTestMethod$7(TestMethodTestDescriptor.java:214)
	at org.junit.platform.engine.support.hierarchical.ThrowableCollector.execute(ThrowableCollector.java:73)
	at org.junit.jupiter.engine.descriptor.TestMethodTestDescriptor.invokeTestMethod(TestMethodTestDescriptor.java:210)
	at org.junit.jupiter.engine.descriptor.TestMethodTestDescriptor.execute(TestMethodTestDescriptor.java:135)
	at org.junit.jupiter.engine.descriptor.TestMethodTestDescriptor.execute(TestMethodTestDescriptor.java:66)
	at org.junit.platform.engine.support.hierarchical.NodeTestTask.lambda$executeRecursively$6(NodeTestTask.java:151)
	at org.junit.platform.engine.support.hierarchical.ThrowableCollector.execute(ThrowableCollector.java:73)
	at org.junit.platform.engine.support.hierarchical.NodeTestTask.lambda$executeRecursively$8(NodeTestTask.java:141)
	at org.junit.platform.engine.support.hierarchical.Node.around(Node.java:137)
	at org.junit.platform.engine.support.hierarchical.NodeTestTask.lambda$executeRecursively$9(NodeTestTask.java:139)
	at org.junit.platform.engine.support.hierarchical.ThrowableCollector.execute(ThrowableCollector.java:73)
	at org.junit.platform.engine.support.hierarchical.NodeTestTask.executeRecursively(NodeTestTask.java:138)
	at org.junit.platform.engine.support.hierarchical.NodeTestTask.execute(NodeTestTask.java:95)
	at java.util.ArrayList.forEach(ArrayList.java:1259)
	at org.junit.platform.engine.support.hierarchical.SameThreadHierarchicalTestExecutorService.invokeAll(SameThreadHierarchicalTestExecutorService.java:41)
	at org.junit.platform.engine.support.hierarchical.NodeTestTask.lambda$executeRecursively$6(NodeTestTask.java:155)
	at org.junit.platform.engine.support.hierarchical.ThrowableCollector.execute(ThrowableCollector.java:73)
	at org.junit.platform.engine.support.hierarchical.NodeTestTask.lambda$executeRecursively$8(NodeTestTask.java:141)
	at org.junit.platform.engine.support.hierarchical.Node.around(Node.java:137)
	at org.junit.platform.engine.support.hierarchical.NodeTestTask.lambda$executeRecursively$9(NodeTestTask.java:139)
	at org.junit.platform.engine.support.hierarchical.ThrowableCollector.execute(ThrowableCollector.java:73)
	at org.junit.platform.engine.support.hierarchical.NodeTestTask.executeRecursively(NodeTestTask.java:138)
	at org.junit.platform.engine.support.hierarchical.NodeTestTask.execute(NodeTestTask.java:95)
	at java.util.ArrayList.forEach(ArrayList.java:1259)
	at org.junit.platform.engine.support.hierarchical.SameThreadHierarchicalTestExecutorService.invokeAll(SameThreadHierarchicalTestExecutorService.java:41)
	at org.junit.platform.engine.support.hierarchical.NodeTestTask.lambda$executeRecursively$6(NodeTestTask.java:155)
	at org.junit.platform.engine.support.hierarchical.ThrowableCollector.execute(ThrowableCollector.java:73)
	at org.junit.platform.engine.support.hierarchical.NodeTestTask.lambda$executeRecursively$8(NodeTestTask.java:141)
	at org.junit.platform.engine.support.hierarchical.Node.around(Node.java:137)
	at org.junit.platform.engine.support.hierarchical.NodeTestTask.lambda$executeRecursively$9(NodeTestTask.java:139)
	at org.junit.platform.engine.support.hierarchical.ThrowableCollector.execute(ThrowableCollector.java:73)
	at org.junit.platform.engine.support.hierarchical.NodeTestTask.executeRecursively(NodeTestTask.java:138)
	at org.junit.platform.engine.support.hierarchical.NodeTestTask.execute(NodeTestTask.java:95)
	at org.junit.platform.engine.support.hierarchical.SameThreadHierarchicalTestExecutorService.submit(SameThreadHierarchicalTestExecutorService.java:35)
	at org.junit.platform.engine.support.hierarchical.HierarchicalTestExecutor.execute(HierarchicalTestExecutor.java:57)
	at org.junit.platform.engine.support.hierarchical.HierarchicalTestEngine.execute(HierarchicalTestEngine.java:54)
	at org.junit.platform.launcher.core.EngineExecutionOrchestrator.execute(EngineExecutionOrchestrator.java:107)
	at org.junit.platform.launcher.core.EngineExecutionOrchestrator.execute(EngineExecutionOrchestrator.java:88)
	at org.junit.platform.launcher.core.EngineExecutionOrchestrator.lambda$execute$0(EngineExecutionOrchestrator.java:54)
	at org.junit.platform.launcher.core.EngineExecutionOrchestrator.withInterceptedStreams(EngineExecutionOrchestrator.java:67)
	at org.junit.platform.launcher.core.EngineExecutionOrchestrator.execute(EngineExecutionOrchestrator.java:52)
	at org.junit.platform.launcher.core.DefaultLauncher.execute(DefaultLauncher.java:114)
	at org.junit.platform.launcher.core.DefaultLauncher.execute(DefaultLauncher.java:86)
	at org.junit.platform.launcher.core.DefaultLauncherSession$DelegatingLauncher.execute(DefaultLauncherSession.java:86)
	at org.junit.platform.launcher.core.SessionPerRequestLauncher.execute(SessionPerRequestLauncher.java:53)
	at org.apache.maven.surefire.junitplatform.JUnitPlatformProvider.execute(JUnitPlatformProvider.java:188)
	at org.apache.maven.surefire.junitplatform.JUnitPlatformProvider.invokeAllTests(JUnitPlatformProvider.java:154)
	at org.apache.maven.surefire.junitplatform.JUnitPlatformProvider.invoke(JUnitPlatformProvider.java:124)
	at org.apache.maven.surefire.booter.ForkedBooter.runSuitesInProcess(ForkedBooter.java:428)
	at org.apache.maven.surefire.booter.ForkedBooter.execute(ForkedBooter.java:162)
	at org.apache.maven.surefire.booter.ForkedBooter.run(ForkedBooter.java:562)
	at org.apache.maven.surefire.booter.ForkedBooter.main(ForkedBooter.java:548)
]]></error>
    <system-out><![CDATA[2022-06-25 01:02:48,026 [Mini-Cluster-Provider-Create] WARN  server.ServerUtils (ServerUtils.java:getScmDbDir(148)) - ozone.scm.db.dirs is not configured. We recommend adding this setting. Falling back to ozone.metadata.dirs instead.
2022-06-25 01:02:48,140 [Mini-Cluster-Provider-Create] WARN  server.ServerUtils (ServerUtils.java:getScmDbDir(148)) - ozone.scm.db.dirs is not configured. We recommend adding this setting. Falling back to ozone.metadata.dirs instead.
2022-06-25 01:02:48,147 [Mini-Cluster-Provider-Create] INFO  ha.SCMHANodeDetails (SCMHANodeDetails.java:loadSCMHAConfig(209)) - ServiceID for StorageContainerManager is null
2022-06-25 01:02:48,162 [Mini-Cluster-Provider-Create] WARN  ha.SCMHANodeDetails (SCMHANodeDetails.java:validateSCMHAConfig(182)) - Invalid config ozone.scm.ratis.enable. The config was not specified, but the default value true conflicts with the expected config value false. Falling back to the expected value. Current State of SCM: SCM is running in Non-HA without Ratis Ratis SCM -> Non Ratis SCM or Non HA SCM -> HA SCM is not supported
2022-06-25 01:02:48,162 [Mini-Cluster-Provider-Create] INFO  ha.SCMHANodeDetails (SCMHANodeDetails.java:loadSCMHAConfig(214)) - ozone.scm.default.service.id is not defined, falling back to ozone.scm.service.ids to find serviceID for StorageContainerManager if it is HA enabled cluster
2022-06-25 01:02:48,759 [Mini-Cluster-Provider-Create] WARN  utils.HAUtils (HAUtils.java:getMetaDir(342)) - ozone.scm.db.dirs is not configured. We recommend adding this setting. Falling back to ozone.metadata.dirs instead.
2022-06-25 01:02:49,013 [Mini-Cluster-Provider-Create] WARN  db.DBStoreBuilder (DBStoreBuilder.java:applyDBDefinition(145)) - ozone.scm.db.dirs is not configured. We recommend adding this setting. Falling back to ozone.metadata.dirs instead.
2022-06-25 01:02:49,282 [Mini-Cluster-Provider-Create] INFO  net.NodeSchemaLoader (NodeSchemaLoader.java:loadSchemaFromFile(129)) - Loading schema from [jar:file:/home/runner/.m2/repository/org/apache/ozone/hdds-common/1.3.0-SNAPSHOT/hdds-common-1.3.0-SNAPSHOT.jar!/network-topology-default.xml]
2022-06-25 01:02:49,285 [Mini-Cluster-Provider-Create] INFO  net.NodeSchemaLoader (NodeSchemaLoader.java:loadSchema(176)) - Loading network topology layer schema file
2022-06-25 01:02:49,335 [Mini-Cluster-Provider-Create] INFO  metrics.MetricRegistries (MetricRegistriesLoader.java:load(64)) - Loaded MetricRegistries class org.apache.ratis.metrics.impl.MetricRegistriesImpl
2022-06-25 01:02:49,344 [Mini-Cluster-Provider-Create] INFO  upgrade.AbstractLayoutVersionManager (AbstractLayoutVersionManager.java:init(82)) - Initializing Layout version manager with metadata layout = DATANODE_SCHEMA_V3 (version = 4), software layout = DATANODE_SCHEMA_V3 (version = 4)
2022-06-25 01:02:49,659 [Mini-Cluster-Provider-Create] INFO  reflections.Reflections (Reflections.java:scan(232)) - Reflections took 193 ms to scan 7 urls, producing 131 keys and 316 values 
2022-06-25 01:02:49,793 [Mini-Cluster-Provider-Create] INFO  ha.SequenceIdGenerator (SequenceIdGenerator.java:upgradeToSequenceId(347)) - upgrade localId to 109611004723200000
2022-06-25 01:02:49,793 [Mini-Cluster-Provider-Create] INFO  ha.SequenceIdGenerator (SequenceIdGenerator.java:upgradeToSequenceId(357)) - upgrade delTxnId to 0
2022-06-25 01:02:49,798 [Mini-Cluster-Provider-Create] INFO  ha.SequenceIdGenerator (SequenceIdGenerator.java:upgradeToSequenceId(374)) - upgrade containerId to 0
2022-06-25 01:02:49,800 [Mini-Cluster-Provider-Create] INFO  ha.SequenceIdGenerator (SequenceIdGenerator.java:<init>(218)) - Init the HA SequenceIdGenerator.
2022-06-25 01:02:49,855 [Mini-Cluster-Provider-Create] INFO  node.SCMNodeManager (SCMNodeManager.java:<init>(149)) - Entering startup safe mode.
2022-06-25 01:02:49,949 [Mini-Cluster-Provider-Create] INFO  algorithms.ContainerPlacementPolicyFactory (ContainerPlacementPolicyFactory.java:getPolicyInternal(86)) - Create container placement policy of type org.apache.hadoop.hdds.scm.container.placement.algorithms.SCMContainerPlacementRandom
2022-06-25 01:02:49,966 [Mini-Cluster-Provider-Create] INFO  pipeline.PipelineStateManagerImpl (PipelineStateManagerImpl.java:initialize(78)) - No pipeline exists in current db
2022-06-25 01:02:50,018 [Mini-Cluster-Provider-Create] INFO  algorithms.LeaderChoosePolicyFactory (LeaderChoosePolicyFactory.java:getPolicy(57)) - Create leader choose policy of type org.apache.hadoop.hdds.scm.pipeline.leader.choose.algorithms.MinLeaderCountChoosePolicy
2022-06-25 01:02:50,019 [Mini-Cluster-Provider-Create] INFO  algorithms.ContainerPlacementPolicyFactory (ContainerPlacementPolicyFactory.java:getPolicyInternal(86)) - Create container placement policy of type org.apache.hadoop.hdds.scm.container.placement.algorithms.SCMContainerPlacementRackScatter
2022-06-25 01:02:50,031 [Mini-Cluster-Provider-Create] INFO  pipeline.BackgroundPipelineCreator (BackgroundPipelineCreator.java:start(127)) - Starting RatisPipelineUtilsThread.
2022-06-25 01:02:50,037 [Mini-Cluster-Provider-Create] INFO  BackgroundPipelineScrubber (BackgroundSCMService.java:start(68)) - Starting BackgroundPipelineScrubber Service.
2022-06-25 01:02:50,039 [Mini-Cluster-Provider-Create] INFO  ha.SCMServiceManager (SCMServiceManager.java:register(42)) - Registering service BackgroundPipelineCreator.
2022-06-25 01:02:50,040 [Mini-Cluster-Provider-Create] INFO  ha.SCMServiceManager (SCMServiceManager.java:register(42)) - Registering service BackgroundPipelineScrubber.
2022-06-25 01:02:50,047 [Mini-Cluster-Provider-Create] INFO  ExpiredContainerReplicaOpScrubber (BackgroundSCMService.java:start(68)) - Starting ExpiredContainerReplicaOpScrubber Service.
2022-06-25 01:02:50,050 [Mini-Cluster-Provider-Create] INFO  ha.SCMServiceManager (SCMServiceManager.java:register(42)) - Registering service ExpiredContainerReplicaOpScrubber.
2022-06-25 01:02:50,091 [Mini-Cluster-Provider-Create] INFO  algorithms.PipelineChoosePolicyFactory (PipelineChoosePolicyFactory.java:createPipelineChoosePolicyFromClass(73)) - Create pipeline choose policy of type org.apache.hadoop.hdds.scm.pipeline.choose.algorithms.RandomPipelineChoosePolicy
2022-06-25 01:02:50,115 [Mini-Cluster-Provider-Create] INFO  ha.SCMServiceManager (SCMServiceManager.java:register(42)) - Registering service SCMBlockDeletingService.
2022-06-25 01:02:50,146 [Mini-Cluster-Provider-Create] INFO  ha.SCMServiceManager (SCMServiceManager.java:register(42)) - Registering service ReplicationManager.
2022-06-25 01:02:50,147 [Mini-Cluster-Provider-Create] INFO  replication.ReplicationManager (ReplicationManager.java:start(179)) - Starting Replication Monitor Thread.
2022-06-25 01:02:50,168 [Mini-Cluster-Provider-Create] INFO  safemode.ContainerSafeModeRule (ContainerSafeModeRule.java:<init>(89)) - containers with one replica threshold count 0
2022-06-25 01:02:50,170 [ReplicationMonitor] INFO  replication.ReplicationManager (ReplicationManager.java:processAll(228)) - Replication Manager is not ready to run until 3000ms after safemode exit
2022-06-25 01:02:50,177 [Mini-Cluster-Provider-Create] INFO  safemode.HealthyPipelineSafeModeRule (HealthyPipelineSafeModeRule.java:initializeRule(156)) - Total pipeline count is 0, healthy pipeline threshold count is 1
2022-06-25 01:02:50,179 [Mini-Cluster-Provider-Create] INFO  safemode.OneReplicaPipelineSafeModeRule (OneReplicaPipelineSafeModeRule.java:initializeRule(180)) - Total pipeline count is 0, pipeline's with at least one datanode reported threshold count is 0
2022-06-25 01:02:50,563 [Mini-Cluster-Provider-Create] INFO  audit.AuditLogger (AuditLogger.java:refreshDebugCmdSet(120)) - Refresh DebugCmdSet for SCMAudit to [].
2022-06-25 01:02:50,600 [Mini-Cluster-Provider-Create] INFO  ipc.CallQueueManager (CallQueueManager.java:<init>(90)) - Using callQueue: class java.util.concurrent.LinkedBlockingQueue, queueCapacity: 2000, scheduler: class org.apache.hadoop.ipc.DefaultRpcScheduler, ipcBackoff: false.
2022-06-25 01:02:50,650 [Socket Reader #1 for port 0] INFO  ipc.Server (Server.java:run(1265)) - Starting Socket Reader #1 for port 0
2022-06-25 01:02:50,723 [Listener at 0.0.0.0/32783] INFO  audit.AuditLogger (AuditLogger.java:refreshDebugCmdSet(120)) - Refresh DebugCmdSet for SCMAudit to [].
2022-06-25 01:02:50,730 [Listener at 0.0.0.0/32783] INFO  ipc.CallQueueManager (CallQueueManager.java:<init>(90)) - Using callQueue: class java.util.concurrent.LinkedBlockingQueue, queueCapacity: 2000, scheduler: class org.apache.hadoop.ipc.DefaultRpcScheduler, ipcBackoff: false.
2022-06-25 01:02:50,735 [Socket Reader #1 for port 0] INFO  ipc.Server (Server.java:run(1265)) - Starting Socket Reader #1 for port 0
2022-06-25 01:02:50,768 [Listener at 0.0.0.0/41055] INFO  audit.AuditLogger (AuditLogger.java:refreshDebugCmdSet(120)) - Refresh DebugCmdSet for SCMAudit to [].
2022-06-25 01:02:50,780 [Listener at 0.0.0.0/41055] INFO  ipc.CallQueueManager (CallQueueManager.java:<init>(90)) - Using callQueue: class java.util.concurrent.LinkedBlockingQueue, queueCapacity: 2000, scheduler: class org.apache.hadoop.ipc.DefaultRpcScheduler, ipcBackoff: false.
2022-06-25 01:02:50,781 [Socket Reader #1 for port 0] INFO  ipc.Server (Server.java:run(1265)) - Starting Socket Reader #1 for port 0
2022-06-25 01:02:50,846 [Listener at 0.0.0.0/36797] INFO  ha.SCMServiceManager (SCMServiceManager.java:register(42)) - Registering service ContainerBalancer.
2022-06-25 01:02:50,847 [Listener at 0.0.0.0/36797] INFO  server.StorageContainerManager (StorageContainerManager.java:<init>(400)) - 
Container Balancer status:
Key                            Value
Running                        false
Container Balancer Configuration values:
Key                                                Value
Threshold                                          10
Max Datanodes to Involve per Iteration(percent)    20
Max Size to Move per Iteration                     500GB
Max Size Entering Target per Iteration             26GB
Max Size Leaving Source per Iteration              26GB

2022-06-25 01:02:50,850 [Listener at 0.0.0.0/36797] WARN  events.EventQueue (EventQueue.java:fireEvent(216)) - No event handler registered for event TypedEvent{payloadType=SafeModeStatus, name='Safe mode status'}
2022-06-25 01:02:50,850 [Listener at 0.0.0.0/36797] INFO  ha.SCMContext (SCMContext.java:updateSafeModeStatus(228)) - Update SafeModeStatus from SafeModeStatus{safeModeStatus=true, preCheckPassed=false} to SafeModeStatus{safeModeStatus=true, preCheckPassed=false}.
2022-06-25 01:02:50,854 [Listener at 0.0.0.0/36797] INFO  server.StorageContainerManager (StorageContainerManager.java:start(1418)) - StorageContainerLocationProtocol RPC server is listening at /0.0.0.0:36797
2022-06-25 01:02:50,953 [Listener at 0.0.0.0/36797] WARN  impl.MetricsConfig (MetricsConfig.java:loadFirst(136)) - Cannot locate configuration: tried hadoop-metrics2-storagecontainermanager.properties,hadoop-metrics2.properties
2022-06-25 01:02:50,968 [Listener at 0.0.0.0/36797] INFO  impl.MetricsSystemImpl (MetricsSystemImpl.java:startTimer(378)) - Scheduled Metric snapshot period at 10 second(s).
2022-06-25 01:02:50,968 [Listener at 0.0.0.0/36797] INFO  impl.MetricsSystemImpl (MetricsSystemImpl.java:start(191)) - StorageContainerManager metrics system started
2022-06-25 01:02:51,171 [ReplicationMonitor] INFO  replication.ReplicationManager (ReplicationManager.java:processAll(228)) - Replication Manager is not ready to run until 3000ms after safemode exit
2022-06-25 01:02:51,320 [Listener at 0.0.0.0/36797] INFO  server.SCMClientProtocolServer (SCMClientProtocolServer.java:start(169)) - RPC server for Client  is listening at /0.0.0.0:36797
2022-06-25 01:02:51,322 [IPC Server Responder] INFO  ipc.Server (Server.java:run(1507)) - IPC Server Responder: starting
2022-06-25 01:02:51,336 [Listener at 0.0.0.0/36797] INFO  server.StorageContainerManager (StorageContainerManager.java:start(1433)) - ScmBlockLocationProtocol RPC server is listening at /0.0.0.0:41055
2022-06-25 01:02:51,337 [Listener at 0.0.0.0/36797] INFO  server.SCMBlockProtocolServer (SCMBlockProtocolServer.java:start(151)) - RPC server for Block Protocol is listening at /0.0.0.0:41055
2022-06-25 01:02:51,338 [IPC Server Responder] INFO  ipc.Server (Server.java:run(1507)) - IPC Server Responder: starting
2022-06-25 01:02:51,338 [IPC Server listener on 0] INFO  ipc.Server (Server.java:run(1344)) - IPC Server listener on 0: starting
2022-06-25 01:02:51,344 [Listener at 0.0.0.0/36797] INFO  server.SCMDatanodeProtocolServer (SCMDatanodeProtocolServer.java:start(185)) - ScmDatanodeProtocol RPC server for DataNodes is listening at /0.0.0.0:32783
2022-06-25 01:02:51,345 [IPC Server Responder] INFO  ipc.Server (Server.java:run(1507)) - IPC Server Responder: starting
2022-06-25 01:02:51,345 [IPC Server listener on 0] INFO  ipc.Server (Server.java:run(1344)) - IPC Server listener on 0: starting
2022-06-25 01:02:51,360 [IPC Server listener on 0] INFO  ipc.Server (Server.java:run(1344)) - IPC Server listener on 0: starting
2022-06-25 01:02:51,369 [org.apache.hadoop.util.JvmPauseMonitor$Monitor@c680576] INFO  util.JvmPauseMonitor (JvmPauseMonitor.java:run(188)) - Starting JVM pause monitor
2022-06-25 01:02:51,385 [Listener at 0.0.0.0/36797] INFO  http.BaseHttpServer (BaseHttpServer.java:newHttpServer2BuilderForOzone(209)) - Starting Web-server for scm at: http://0.0.0.0:0
2022-06-25 01:02:51,386 [Listener at 0.0.0.0/36797] INFO  http.BaseHttpServer (BaseHttpServer.java:<init>(107)) - Hadoop Security Enabled: false Ozone Security Enabled: false Ozone HTTP Security Enabled: false 
2022-06-25 01:02:51,414 [Listener at 0.0.0.0/36797] INFO  util.log (Log.java:initialized(170)) - Logging initialized @5311ms to org.eclipse.jetty.util.log.Slf4jLog
2022-06-25 01:02:51,536 [Listener at 0.0.0.0/36797] INFO  server.AuthenticationFilter (AuthenticationFilter.java:constructSecretProvider(240)) - Unable to initialize FileSignerSecretProvider, falling back to use random secrets.
2022-06-25 01:02:51,543 [Listener at 0.0.0.0/36797] WARN  http.HttpRequestLog (HttpRequestLog.java:getRequestLog(103)) - Jetty request log can only be enabled using Log4j
2022-06-25 01:02:51,552 [Listener at 0.0.0.0/36797] INFO  http.HttpServer2 (HttpServer2.java:addGlobalFilter(1029)) - Added global filter 'safety' (class=org.apache.hadoop.hdds.server.http.HttpServer2$QuotingInputFilter)
2022-06-25 01:02:51,554 [Listener at 0.0.0.0/36797] INFO  http.HttpServer2 (HttpServer2.java:addFilter(1005)) - Added filter static_user_filter (class=org.apache.hadoop.http.lib.StaticUserWebFilter$StaticUserFilter) to context scm
2022-06-25 01:02:51,555 [Listener at 0.0.0.0/36797] INFO  http.HttpServer2 (HttpServer2.java:addFilter(1013)) - Added filter static_user_filter (class=org.apache.hadoop.http.lib.StaticUserWebFilter$StaticUserFilter) to context static
2022-06-25 01:02:51,555 [Listener at 0.0.0.0/36797] INFO  http.HttpServer2 (HttpServer2.java:addFilter(1013)) - Added filter static_user_filter (class=org.apache.hadoop.http.lib.StaticUserWebFilter$StaticUserFilter) to context logs
2022-06-25 01:02:51,598 [Listener at 0.0.0.0/36797] INFO  http.HttpServer2 (HttpServer2.java:bindListener(1248)) - Jetty bound to port 46021
2022-06-25 01:02:51,600 [Listener at 0.0.0.0/36797] INFO  server.Server (Server.java:doStart(375)) - jetty-9.4.43.v20210629; built: 2021-06-30T11:07:22.254Z; git: 526006ecfa3af7f1a27ef3a288e2bef7ea9dd7e8; jvm 1.8.0_332-b09
2022-06-25 01:02:51,631 [Listener at 0.0.0.0/36797] INFO  server.session (DefaultSessionIdManager.java:doStart(334)) - DefaultSessionIdManager workerName=node0
2022-06-25 01:02:51,631 [Listener at 0.0.0.0/36797] INFO  server.session (DefaultSessionIdManager.java:doStart(339)) - No SessionScavenger set, using defaults
2022-06-25 01:02:51,633 [Listener at 0.0.0.0/36797] INFO  server.session (HouseKeeper.java:startScavenging(132)) - node0 Scavenging every 660000ms
2022-06-25 01:02:51,646 [Listener at 0.0.0.0/36797] INFO  handler.ContextHandler (ContextHandler.java:doStart(915)) - Started o.e.j.s.ServletContextHandler@6e8b97a0{logs,/logs,file:///home/runner/work/ozone/ozone/hadoop-ozone/integration-test/target/log,AVAILABLE}
2022-06-25 01:02:51,647 [Listener at 0.0.0.0/36797] INFO  handler.ContextHandler (ContextHandler.java:doStart(915)) - Started o.e.j.s.ServletContextHandler@3dd914df{static,/static,file:///home/runner/work/ozone/ozone/hadoop-ozone/integration-test/target/test-classes/webapps/static,AVAILABLE}
2022-06-25 01:02:51,698 [Listener at 0.0.0.0/36797] INFO  handler.ContextHandler (ContextHandler.java:doStart(915)) - Started o.e.j.w.WebAppContext@1ea29fab{scm,/,file:///home/runner/work/ozone/ozone/hadoop-ozone/integration-test/target/test-classes/webapps/scm/,AVAILABLE}{file:/home/runner/work/ozone/ozone/hadoop-ozone/integration-test/target/test-classes/webapps/scm}
2022-06-25 01:02:51,710 [Listener at 0.0.0.0/36797] INFO  server.AbstractConnector (AbstractConnector.java:doStart(331)) - Started ServerConnector@6bbc90c{HTTP/1.1, (http/1.1)}{0.0.0.0:46021}
2022-06-25 01:02:51,710 [Listener at 0.0.0.0/36797] INFO  server.Server (Server.java:doStart(415)) - Started @5607ms
2022-06-25 01:02:51,713 [Listener at 0.0.0.0/36797] INFO  impl.MetricsSinkAdapter (MetricsSinkAdapter.java:start(204)) - Sink prometheus started
2022-06-25 01:02:51,713 [Listener at 0.0.0.0/36797] INFO  impl.MetricsSystemImpl (MetricsSystemImpl.java:registerSink(305)) - Registered sink prometheus
2022-06-25 01:02:51,714 [Listener at 0.0.0.0/36797] INFO  http.BaseHttpServer (BaseHttpServer.java:updateConnectorAddress(329)) - HTTP server of scm listening at http://0.0.0.0:46021
2022-06-25 01:02:51,716 [Listener at 0.0.0.0/36797] WARN  server.ServerUtils (ServerUtils.java:getDBPath(225)) - ozone.om.db.dirs is not configured. We recommend adding this setting. Falling back to ozone.metadata.dirs instead.
2022-06-25 01:02:51,801 [Listener at 0.0.0.0/36797] INFO  audit.AuditLogger (AuditLogger.java:refreshDebugCmdSet(120)) - Refresh DebugCmdSet for OMAudit to [].
2022-06-25 01:02:51,893 [Listener at 0.0.0.0/36797] INFO  ha.OMHANodeDetails (OMHANodeDetails.java:loadOMHAConfig(115)) - ozone.om.internal.service.id is not defined, falling back to ozone.om.service.ids to find serviceID for OzoneManager if it is HA enabled cluster
2022-06-25 01:02:51,897 [Listener at 0.0.0.0/36797] INFO  ha.OMHANodeDetails (OMHANodeDetails.java:loadOMHAConfig(226)) - Configuration does not have ozone.om.address set. Falling back to the default OM address /127.0.0.1:0
2022-06-25 01:02:51,898 [Listener at 0.0.0.0/36797] INFO  ha.OMHANodeDetails (OMHANodeDetails.java:getOMNodeDetailsForNonHA(254)) - OM Service ID is not set. Setting it to the default ID: omServiceIdDefault
2022-06-25 01:02:51,898 [Listener at 0.0.0.0/36797] INFO  ha.OMHANodeDetails (OMHANodeDetails.java:getOMNodeDetailsForNonHA(261)) - OM Node ID is not set. Setting it to the default ID: om1
2022-06-25 01:02:51,902 [Listener at 0.0.0.0/36797] WARN  server.ServerUtils (ServerUtils.java:getDBPath(225)) - ozone.om.db.dirs is not configured. We recommend adding this setting. Falling back to ozone.metadata.dirs instead.
2022-06-25 01:02:51,904 [Listener at 0.0.0.0/36797] INFO  upgrade.AbstractLayoutVersionManager (AbstractLayoutVersionManager.java:init(82)) - Initializing Layout version manager with metadata layout = MULTITENANCY_SCHEMA (version = 3), software layout = MULTITENANCY_SCHEMA (version = 3)
2022-06-25 01:02:52,002 [Listener at 0.0.0.0/36797] INFO  reflections.Reflections (Reflections.java:scan(232)) - Reflections took 92 ms to scan 2 urls, producing 152 keys and 429 values [using 2 cores]
2022-06-25 01:02:52,008 [Listener at 0.0.0.0/36797] INFO  upgrade.OMLayoutVersionManager (OMLayoutVersionManager.java:lambda$0(115)) - Skipping Upgrade Action MockOmUpgradeAction since it has been finalized.
2022-06-25 01:02:52,009 [Listener at 0.0.0.0/36797] WARN  server.ServerUtils (ServerUtils.java:getDBPath(225)) - ozone.om.db.dirs is not configured. We recommend adding this setting. Falling back to ozone.metadata.dirs instead.
2022-06-25 01:02:52,172 [ReplicationMonitor] INFO  replication.ReplicationManager (ReplicationManager.java:processAll(228)) - Replication Manager is not ready to run until 3000ms after safemode exit
2022-06-25 01:02:52,204 [Listener at 0.0.0.0/36797] INFO  proxy.SCMBlockLocationFailoverProxyProvider (SCMBlockLocationFailoverProxyProvider.java:<init>(114)) - Created block location fail-over proxy with 1 nodes: [nodeId=scmNodeId,nodeAddress=/0.0.0.0:41055]
2022-06-25 01:02:52,244 [Listener at 0.0.0.0/36797] INFO  proxy.SCMBlockLocationFailoverProxyProvider (SCMBlockLocationFailoverProxyProvider.java:<init>(114)) - Created block location fail-over proxy with 1 nodes: [nodeId=scmNodeId,nodeAddress=/0.0.0.0:41055]
2022-06-25 01:02:52,505 [Listener at 0.0.0.0/36797] WARN  server.ServerUtils (ServerUtils.java:getDBPath(225)) - ozone.om.db.dirs is not configured. We recommend adding this setting. Falling back to ozone.metadata.dirs instead.
2022-06-25 01:02:52,514 [Listener at 0.0.0.0/36797] INFO  codec.OmKeyInfoCodec (OmKeyInfoCodec.java:<init>(49)) - OmKeyInfoCodec ignorePipeline = true
2022-06-25 01:02:52,515 [Listener at 0.0.0.0/36797] INFO  codec.RepeatedOmKeyInfoCodec (RepeatedOmKeyInfoCodec.java:<init>(41)) - RepeatedOmKeyInfoCodec ignorePipeline = true
2022-06-25 01:02:52,751 [Listener at 0.0.0.0/36797] INFO  om.OzoneManager (OzoneManager.java:instantiateServices(692)) - S3 Multi-Tenancy is disabled
2022-06-25 01:02:52,862 [Listener at 0.0.0.0/36797] INFO  om.OzoneManager (OzoneManager.java:addS3GVolumeToDB(4259)) - Created Volume s3v With Owner runner required for S3Gateway operations.
2022-06-25 01:02:52,921 [Listener at 0.0.0.0/36797] WARN  server.ServerUtils (ServerUtils.java:getDefaultRatisDirectory(237)) - Storage directory for Ratis is not configured. It is a good idea to map this to an SSD disk. Falling back to ozone.metadata.dirs
2022-06-25 01:02:52,922 [Listener at 0.0.0.0/36797] WARN  utils.OzoneManagerRatisUtils (OzoneManagerRatisUtils.java:getOMRatisSnapshotDirectory(431)) - ozone.om.ratis.snapshot.dir is not configured. Falling back to ozone.metadata.dirs config
2022-06-25 01:02:52,943 [Listener at 0.0.0.0/36797] WARN  server.ServerUtils (ServerUtils.java:getDefaultRatisDirectory(237)) - Storage directory for Ratis is not configured. It is a good idea to map this to an SSD disk. Falling back to ozone.metadata.dirs
2022-06-25 01:02:52,978 [Listener at 0.0.0.0/36797] INFO  ratis.OzoneManagerRatisServer (OzoneManagerRatisServer.java:<init>(159)) - Instantiating OM Ratis server with groupID: omServiceIdDefault and peers: localhost:41597
2022-06-25 01:02:52,987 [Listener at 0.0.0.0/36797] INFO  ratis.OzoneManagerStateMachine (OzoneManagerStateMachine.java:loadSnapshotInfoFromDB(632)) - LastAppliedIndex is set from TransactionInfo from OM DB as (t:0, i:~)
2022-06-25 01:02:53,066 [Listener at 0.0.0.0/36797] INFO  server.RaftServer (ConfUtils.java:logGet(46)) - raft.rpc.type = GRPC (default)
2022-06-25 01:02:53,166 [Listener at 0.0.0.0/36797] INFO  grpc.GrpcFactory (GrpcFactory.java:checkPooledByteBufAllocatorUseCacheForAllThreads(48)) - PERFORMANCE WARNING: useCacheForAllThreads is true that may cause Netty to create a lot garbage objects and, as a result, trigger GC.
	It is recommended to disable useCacheForAllThreads by setting -Dorg.apache.ratis.thirdparty.io.netty.allocator.useCacheForAllThreads=false in command line.
2022-06-25 01:02:53,170 [Listener at 0.0.0.0/36797] INFO  grpc.GrpcConfigKeys (ConfUtils.java:logGet(46)) - raft.grpc.admin.port = -1 (default)
2022-06-25 01:02:53,171 [Listener at 0.0.0.0/36797] INFO  grpc.GrpcConfigKeys (ConfUtils.java:logGet(46)) - raft.grpc.server.port = 41597 (custom)
2022-06-25 01:02:53,172 [ReplicationMonitor] INFO  replication.ReplicationManager (ReplicationManager.java:processAll(228)) - Replication Manager is not ready to run until 3000ms after safemode exit
2022-06-25 01:02:53,173 [Listener at 0.0.0.0/36797] INFO  grpc.GrpcConfigKeys (ConfUtils.java:logGet(46)) - raft.grpc.client.port = -1 (default)
2022-06-25 01:02:53,173 [Listener at 0.0.0.0/36797] INFO  grpc.GrpcConfigKeys (ConfUtils.java:logGet(46)) - raft.grpc.server.port = 41597 (custom)
2022-06-25 01:02:53,176 [Listener at 0.0.0.0/36797] INFO  grpc.GrpcConfigKeys (ConfUtils.java:logGet(46)) - raft.grpc.server.port = 41597 (custom)
2022-06-25 01:02:53,177 [Listener at 0.0.0.0/36797] INFO  server.GrpcService (ConfUtils.java:logGet(46)) - raft.grpc.message.size.max = 33554432 (custom)
2022-06-25 01:02:53,182 [Listener at 0.0.0.0/36797] INFO  server.RaftServerConfigKeys (ConfUtils.java:logGet(46)) - raft.server.log.appender.buffer.byte-limit = 33554432 (custom)
2022-06-25 01:02:53,183 [Listener at 0.0.0.0/36797] INFO  server.GrpcService (ConfUtils.java:logGet(46)) - raft.grpc.flow.control.window = 1MB (=1048576) (default)
2022-06-25 01:02:53,184 [Listener at 0.0.0.0/36797] INFO  server.RaftServerConfigKeys (ConfUtils.java:logGet(46)) - raft.server.rpc.request.timeout = 3000ms (default)
2022-06-25 01:02:53,205 [Listener at 0.0.0.0/36797] INFO  grpc.GrpcConfigKeys (ConfUtils.java:logGet(46)) - raft.grpc.server.async.request.thread.pool.cached = true (default)
2022-06-25 01:02:53,206 [Listener at 0.0.0.0/36797] INFO  grpc.GrpcConfigKeys (ConfUtils.java:logGet(46)) - raft.grpc.server.async.request.thread.pool.size = 32 (default)
2022-06-25 01:02:53,577 [Listener at 0.0.0.0/36797] INFO  impl.DataStreamServerImpl (ConfUtils.java:logGet(46)) - raft.datastream.type = DISABLED (default)
2022-06-25 01:02:53,581 [Listener at 0.0.0.0/36797] INFO  server.RaftServerConfigKeys (ConfUtils.java:logGet(46)) - raft.server.threadpool.proxy.cached = true (default)
2022-06-25 01:02:53,582 [Listener at 0.0.0.0/36797] INFO  server.RaftServerConfigKeys (ConfUtils.java:logGet(46)) - raft.server.threadpool.proxy.size = 0 (default)
2022-06-25 01:02:53,582 [Listener at 0.0.0.0/36797] INFO  server.RaftServerConfigKeys (ConfUtils.java:logGet(46)) - raft.server.rpc.slowness.timeout = 120s (custom)
2022-06-25 01:02:53,583 [Listener at 0.0.0.0/36797] INFO  server.RaftServerConfigKeys (ConfUtils.java:logGet(46)) - raft.server.leaderelection.leader.step-down.wait-time = 10s (default)
2022-06-25 01:02:53,588 [Listener at 0.0.0.0/36797] INFO  server.RaftServerConfigKeys (ConfUtils.java:logGet(46)) - raft.server.storage.dir = [/home/runner/work/ozone/ozone/hadoop-ozone/integration-test/target/test-dir/MiniOzoneClusterImpl-c4196b3a-7304-418b-bc70-42ac552e857c/ozone-meta/ratis] (custom)
2022-06-25 01:02:53,597 [Listener at 0.0.0.0/36797] INFO  server.RaftServer (RaftServerProxy.java:addNew(96)) - om1: addNew group-C5BA1605619E:[om1|rpc:localhost:41597|priority:0] returns group-C5BA1605619E:java.util.concurrent.CompletableFuture@721670ed[Not completed]
2022-06-25 01:02:53,597 [Listener at 0.0.0.0/36797] INFO  om.OzoneManager (OzoneManager.java:initializeRatisServer(1961)) - OzoneManager Ratis server initialized at port 41597
2022-06-25 01:02:53,623 [Listener at 0.0.0.0/36797] INFO  om.OzoneManager (OzoneManager.java:getRpcServer(1081)) - Creating RPC Server
2022-06-25 01:02:53,650 [pool-55-thread-1] INFO  server.RaftServer$Division (RaftServerImpl.java:<init>(190)) - om1: new RaftServerImpl for group-C5BA1605619E:[om1|rpc:localhost:41597|priority:0] with OzoneManagerStateMachine:uninitialized
2022-06-25 01:02:53,656 [pool-55-thread-1] INFO  server.RaftServerConfigKeys (ConfUtils.java:logGet(46)) - raft.server.rpc.timeout.min = 1s (custom)
2022-06-25 01:02:53,657 [pool-55-thread-1] INFO  server.RaftServerConfigKeys (ConfUtils.java:logGet(46)) - raft.server.rpc.timeout.max = 1200ms (custom)
2022-06-25 01:02:53,657 [pool-55-thread-1] INFO  server.RaftServerConfigKeys (ConfUtils.java:logGet(46)) - raft.server.rpc.sleep.time = 25ms (default)
2022-06-25 01:02:53,657 [pool-55-thread-1] INFO  server.RaftServerConfigKeys (ConfUtils.java:logGet(46)) - raft.server.rpc.slowness.timeout = 120s (custom)
2022-06-25 01:02:53,657 [pool-55-thread-1] INFO  server.RaftServerConfigKeys (ConfUtils.java:logGet(46)) - raft.server.leaderelection.leader.step-down.wait-time = 10s (default)
2022-06-25 01:02:53,658 [pool-55-thread-1] INFO  server.RaftServerConfigKeys (ConfUtils.java:logGet(46)) - raft.server.sleep.deviation.threshold = 300ms (default)
2022-06-25 01:02:53,680 [pool-55-thread-1] INFO  server.RaftServer$Division (ServerState.java:<init>(107)) - om1@group-C5BA1605619E: ConfigurationManager, init=-1: [om1|rpc:localhost:41597|priority:0], old=null, confs=<EMPTY_MAP>
2022-06-25 01:02:53,680 [pool-55-thread-1] INFO  server.RaftServerConfigKeys (ConfUtils.java:logGet(46)) - raft.server.storage.dir = [/home/runner/work/ozone/ozone/hadoop-ozone/integration-test/target/test-dir/MiniOzoneClusterImpl-c4196b3a-7304-418b-bc70-42ac552e857c/ozone-meta/ratis] (custom)
2022-06-25 01:02:53,686 [pool-55-thread-1] INFO  server.RaftServerConfigKeys (ConfUtils.java:logGet(46)) - raft.server.log.corruption.policy = EXCEPTION (default)
2022-06-25 01:02:53,694 [pool-55-thread-1] INFO  server.RaftServerConfigKeys (ConfUtils.java:logGet(46)) - raft.server.storage.free-space.min = 0MB (=0) (default)
2022-06-25 01:02:53,701 [pool-55-thread-1] INFO  storage.RaftStorageDirectory (RaftStorageDirectoryImpl.java:analyzeStorage(135)) - The storage directory /home/runner/work/ozone/ozone/hadoop-ozone/integration-test/target/test-dir/MiniOzoneClusterImpl-c4196b3a-7304-418b-bc70-42ac552e857c/ozone-meta/ratis/bf265839-605b-3f16-9796-c5ba1605619e does not exist. Creating ...
2022-06-25 01:02:53,718 [pool-55-thread-1] INFO  storage.RaftStorageDirectory (RaftStorageDirectoryImpl.java:tryLock(230)) - Lock on /home/runner/work/ozone/ozone/hadoop-ozone/integration-test/target/test-dir/MiniOzoneClusterImpl-c4196b3a-7304-418b-bc70-42ac552e857c/ozone-meta/ratis/bf265839-605b-3f16-9796-c5ba1605619e/in_use.lock acquired by nodename 7033@fv-az66-546
2022-06-25 01:02:53,741 [pool-55-thread-1] INFO  storage.RaftStorage (RaftStorageImpl.java:format(89)) - Storage directory /home/runner/work/ozone/ozone/hadoop-ozone/integration-test/target/test-dir/MiniOzoneClusterImpl-c4196b3a-7304-418b-bc70-42ac552e857c/ozone-meta/ratis/bf265839-605b-3f16-9796-c5ba1605619e has been successfully formatted.
2022-06-25 01:02:53,751 [pool-55-thread-1] INFO  server.RaftServerConfigKeys (ConfUtils.java:logGet(46)) - raft.server.notification.no-leader.timeout = 120s (custom)
2022-06-25 01:02:53,755 [pool-55-thread-1] INFO  server.RaftServerConfigKeys (ConfUtils.java:logGet(46)) - raft.server.log.use.memory = false (default)
2022-06-25 01:02:53,795 [pool-55-thread-1] INFO  server.RaftServerConfigKeys (ConfUtils.java:logGet(46)) - raft.server.log.purge.gap = 1000000 (custom)
2022-06-25 01:02:53,796 [pool-55-thread-1] INFO  server.RaftServerConfigKeys (ConfUtils.java:logGet(46)) - raft.server.log.appender.buffer.byte-limit = 33554432 (custom)
2022-06-25 01:02:53,800 [pool-55-thread-1] INFO  server.RaftServerConfigKeys (ConfUtils.java:logGet(46)) - raft.server.log.statemachine.data.read.timeout = 1000ms (default)
2022-06-25 01:02:53,857 [pool-55-thread-1] INFO  server.RaftServerConfigKeys (ConfUtils.java:logGet(46)) - raft.server.log.segment.size.max = 4194304 (custom)
2022-06-25 01:02:53,875 [pool-55-thread-1] INFO  server.RaftServerConfigKeys (ConfUtils.java:logGet(46)) - raft.server.log.segment.cache.num.max = 2 (custom)
2022-06-25 01:02:53,876 [pool-55-thread-1] INFO  server.RaftServerConfigKeys (ConfUtils.java:logGet(46)) - raft.server.log.segment.cache.size.max = 200MB (=209715200) (default)
2022-06-25 01:02:53,888 [pool-55-thread-1] INFO  segmented.SegmentedRaftLogWorker (SegmentedRaftLogWorker.java:<init>(187)) - new om1@group-C5BA1605619E-SegmentedRaftLogWorker for RaftStorageImpl:Storage Directory /home/runner/work/ozone/ozone/hadoop-ozone/integration-test/target/test-dir/MiniOzoneClusterImpl-c4196b3a-7304-418b-bc70-42ac552e857c/ozone-meta/ratis/bf265839-605b-3f16-9796-c5ba1605619e
2022-06-25 01:02:53,889 [pool-55-thread-1] INFO  server.RaftServerConfigKeys (ConfUtils.java:logGet(46)) - raft.server.log.queue.byte-limit = 64MB (=67108864) (default)
2022-06-25 01:02:53,889 [pool-55-thread-1] INFO  server.RaftServerConfigKeys (ConfUtils.java:logGet(46)) - raft.server.log.queue.element-limit = 4096 (default)
2022-06-25 01:02:53,901 [pool-55-thread-1] INFO  server.RaftServerConfigKeys (ConfUtils.java:logGet(46)) - raft.server.log.segment.size.max = 4194304 (custom)
2022-06-25 01:02:53,901 [pool-55-thread-1] INFO  server.RaftServerConfigKeys (ConfUtils.java:logGet(46)) - raft.server.log.preallocated.size = 4194304 (custom)
2022-06-25 01:02:53,902 [pool-55-thread-1] INFO  server.RaftServerConfigKeys (ConfUtils.java:logGet(46)) - raft.server.log.force.sync.num = 128 (default)
2022-06-25 01:02:53,903 [pool-55-thread-1] INFO  server.RaftServerConfigKeys (ConfUtils.java:logGet(46)) - raft.server.log.statemachine.data.sync = true (default)
2022-06-25 01:02:53,903 [pool-55-thread-1] INFO  server.RaftServerConfigKeys (ConfUtils.java:logGet(46)) - raft.server.log.statemachine.data.sync.timeout = 10s (default)
2022-06-25 01:02:53,904 [pool-55-thread-1] INFO  server.RaftServerConfigKeys (ConfUtils.java:logGet(46)) - raft.server.log.statemachine.data.sync.timeout.retry = -1 (default)
2022-06-25 01:02:53,930 [pool-55-thread-1] INFO  server.RaftServerConfigKeys (ConfUtils.java:logGet(46)) - raft.server.log.write.buffer.size = 64KB (=65536) (default)
2022-06-25 01:02:53,931 [pool-55-thread-1] INFO  server.RaftServerConfigKeys (ConfUtils.java:logGet(46)) - raft.server.log.unsafe-flush.enabled = false (default)
2022-06-25 01:02:53,932 [pool-55-thread-1] INFO  server.RaftServerConfigKeys (ConfUtils.java:logGet(46)) - raft.server.log.statemachine.data.caching.enabled = false (default)
2022-06-25 01:02:53,951 [pool-55-thread-1] INFO  segmented.SegmentedRaftLogWorker (SegmentedRaftLogWorker.java:lambda$new$0(135)) - om1@group-C5BA1605619E-SegmentedRaftLogWorker: flushIndex: setUnconditionally 0 -> -1
2022-06-25 01:02:53,951 [pool-55-thread-1] INFO  segmented.SegmentedRaftLogWorker (SegmentedRaftLogWorker.java:lambda$new$0(135)) - om1@group-C5BA1605619E-SegmentedRaftLogWorker: safeCacheEvictIndex: setUnconditionally 0 -> -1
2022-06-25 01:02:53,967 [pool-55-thread-1] INFO  server.RaftServerConfigKeys (ConfUtils.java:logGet(46)) - raft.server.snapshot.auto.trigger.enabled = true (custom)
2022-06-25 01:02:53,968 [pool-55-thread-1] INFO  server.RaftServerConfigKeys (ConfUtils.java:logGet(46)) - raft.server.snapshot.auto.trigger.threshold = 400000 (default)
2022-06-25 01:02:53,968 [pool-55-thread-1] INFO  server.RaftServerConfigKeys (ConfUtils.java:logGet(46)) - raft.server.snapshot.retention.file.num = -1 (default)
2022-06-25 01:02:53,969 [pool-55-thread-1] INFO  server.RaftServerConfigKeys (ConfUtils.java:logGet(46)) - raft.server.log.purge.upto.snapshot.index = true (custom)
2022-06-25 01:02:53,980 [pool-55-thread-1] INFO  server.RaftServerConfigKeys (ConfUtils.java:logGet(46)) - raft.server.retrycache.expirytime = 300s (custom)
2022-06-25 01:02:53,980 [pool-55-thread-1] INFO  server.RaftServerConfigKeys (ConfUtils.java:logGet(46)) - raft.server.retrycache.statistics.expirytime = 100μs (default)
2022-06-25 01:02:54,105 [pool-55-thread-1] INFO  server.RaftServerConfigKeys (ConfUtils.java:logGet(46)) - raft.server.log.appender.install.snapshot.enabled = false (custom)
2022-06-25 01:02:54,105 [pool-55-thread-1] INFO  server.RaftServerConfigKeys (ConfUtils.java:logGet(46)) - raft.server.threadpool.server.cached = true (default)
2022-06-25 01:02:54,115 [pool-55-thread-1] INFO  server.RaftServerConfigKeys (ConfUtils.java:logGet(46)) - raft.server.threadpool.server.size = 0 (default)
2022-06-25 01:02:54,115 [pool-55-thread-1] INFO  server.RaftServerConfigKeys (ConfUtils.java:logGet(46)) - raft.server.threadpool.client.cached = true (default)
2022-06-25 01:02:54,116 [pool-55-thread-1] INFO  server.RaftServerConfigKeys (ConfUtils.java:logGet(46)) - raft.server.threadpool.client.size = 0 (default)
2022-06-25 01:02:54,173 [ReplicationMonitor] INFO  replication.ReplicationManager (ReplicationManager.java:processAll(228)) - Replication Manager is not ready to run until 3000ms after safemode exit
2022-06-25 01:02:54,518 [Listener at 0.0.0.0/36797] INFO  reflections.Reflections (Reflections.java:scan(232)) - Reflections took 833 ms to scan 19 urls, producing 66 keys and 4066 values [using 2 cores]
2022-06-25 01:02:54,679 [Listener at 0.0.0.0/36797] INFO  ipc.CallQueueManager (CallQueueManager.java:<init>(90)) - Using callQueue: class java.util.concurrent.LinkedBlockingQueue, queueCapacity: 2000, scheduler: class org.apache.hadoop.ipc.DefaultRpcScheduler, ipcBackoff: false.
2022-06-25 01:02:54,679 [Socket Reader #1 for port 0] INFO  ipc.Server (Server.java:run(1265)) - Starting Socket Reader #1 for port 0
2022-06-25 01:02:54,850 [Listener at 127.0.0.1/39125] INFO  impl.MetricsSystemImpl (MetricsSystemImpl.java:init(158)) - OzoneManager metrics system started (again)
2022-06-25 01:02:54,862 [Listener at 127.0.0.1/39125] INFO  om.OzoneManager (OzoneManager.java:start(1465)) - OzoneManager RPC server is listening at localhost/127.0.0.1:39125
2022-06-25 01:02:54,862 [Listener at 127.0.0.1/39125] INFO  ratis.OzoneManagerRatisServer (OzoneManagerRatisServer.java:start(554)) - Starting OzoneManagerRatisServer om1 at port 41597
2022-06-25 01:02:54,864 [om1-impl-thread1] INFO  server.RaftServer$Division (RaftServerImpl.java:start(310)) - om1@group-C5BA1605619E: start as a follower, conf=-1: [om1|rpc:localhost:41597|priority:0], old=null
2022-06-25 01:02:54,864 [om1-impl-thread1] INFO  server.RaftServer$Division (RaftServerImpl.java:setRole(299)) - om1@group-C5BA1605619E: changes role from      null to FOLLOWER at term 0 for startAsFollower
2022-06-25 01:02:54,866 [om1-impl-thread1] INFO  impl.RoleInfo (RoleInfo.java:updateAndGet(139)) - om1: start om1@group-C5BA1605619E-FollowerState
2022-06-25 01:02:54,867 [om1-impl-thread1] INFO  util.JmxRegister (JmxRegister.java:tryRegister(44)) - Successfully registered JMX Bean with object name Ratis:service=RaftServer,group=group-C5BA1605619E,id=om1
2022-06-25 01:02:54,874 [Listener at 127.0.0.1/39125] INFO  server.RaftServer (RaftServerProxy.java:lambda$start$6(382)) - om1: start RPC server
2022-06-25 01:02:54,947 [Listener at 127.0.0.1/39125] INFO  server.GrpcService (GrpcService.java:startImpl(260)) - om1: GrpcService started, listening on 41597
2022-06-25 01:02:54,954 [Listener at 127.0.0.1/39125] INFO  om.OzoneManager (OzoneManager.java:start(1481)) - Version File has different layout version (3) than OM DB (null). That is expected if this OM has never been finalized to a newer layout version.
2022-06-25 01:02:54,962 [org.apache.ratis.util.JvmPauseMonitor$$Lambda$706/1141522042@672bf941] INFO  util.JvmPauseMonitor (JvmPauseMonitor.java:run(103)) - JvmPauseMonitor-om1: Started
2022-06-25 01:02:54,974 [Listener at 127.0.0.1/39125] INFO  http.BaseHttpServer (BaseHttpServer.java:newHttpServer2BuilderForOzone(209)) - Starting Web-server for ozoneManager at: http://0.0.0.0:0
2022-06-25 01:02:54,974 [Listener at 127.0.0.1/39125] INFO  http.BaseHttpServer (BaseHttpServer.java:<init>(107)) - Hadoop Security Enabled: false Ozone Security Enabled: false Ozone HTTP Security Enabled: false 
2022-06-25 01:02:54,976 [Listener at 127.0.0.1/39125] INFO  server.AuthenticationFilter (AuthenticationFilter.java:constructSecretProvider(240)) - Unable to initialize FileSignerSecretProvider, falling back to use random secrets.
2022-06-25 01:02:54,978 [Listener at 127.0.0.1/39125] WARN  http.HttpRequestLog (HttpRequestLog.java:getRequestLog(103)) - Jetty request log can only be enabled using Log4j
2022-06-25 01:02:54,979 [Listener at 127.0.0.1/39125] INFO  http.HttpServer2 (HttpServer2.java:addGlobalFilter(1029)) - Added global filter 'safety' (class=org.apache.hadoop.hdds.server.http.HttpServer2$QuotingInputFilter)
2022-06-25 01:02:54,980 [Listener at 127.0.0.1/39125] INFO  http.HttpServer2 (HttpServer2.java:addFilter(1005)) - Added filter static_user_filter (class=org.apache.hadoop.http.lib.StaticUserWebFilter$StaticUserFilter) to context ozoneManager
2022-06-25 01:02:54,980 [Listener at 127.0.0.1/39125] INFO  http.HttpServer2 (HttpServer2.java:addFilter(1013)) - Added filter static_user_filter (class=org.apache.hadoop.http.lib.StaticUserWebFilter$StaticUserFilter) to context logs
2022-06-25 01:02:54,981 [Listener at 127.0.0.1/39125] INFO  http.HttpServer2 (HttpServer2.java:addFilter(1013)) - Added filter static_user_filter (class=org.apache.hadoop.http.lib.StaticUserWebFilter$StaticUserFilter) to context static
2022-06-25 01:02:54,986 [Listener at 127.0.0.1/39125] INFO  http.HttpServer2 (HttpServer2.java:bindListener(1248)) - Jetty bound to port 45689
2022-06-25 01:02:54,986 [Listener at 127.0.0.1/39125] INFO  server.Server (Server.java:doStart(375)) - jetty-9.4.43.v20210629; built: 2021-06-30T11:07:22.254Z; git: 526006ecfa3af7f1a27ef3a288e2bef7ea9dd7e8; jvm 1.8.0_332-b09
2022-06-25 01:02:54,992 [Listener at 127.0.0.1/39125] INFO  server.session (DefaultSessionIdManager.java:doStart(334)) - DefaultSessionIdManager workerName=node0
2022-06-25 01:02:54,992 [Listener at 127.0.0.1/39125] INFO  server.session (DefaultSessionIdManager.java:doStart(339)) - No SessionScavenger set, using defaults
2022-06-25 01:02:54,992 [Listener at 127.0.0.1/39125] INFO  server.session (HouseKeeper.java:startScavenging(132)) - node0 Scavenging every 660000ms
2022-06-25 01:02:54,993 [Listener at 127.0.0.1/39125] INFO  handler.ContextHandler (ContextHandler.java:doStart(915)) - Started o.e.j.s.ServletContextHandler@8f19cb0{logs,/logs,file:///home/runner/work/ozone/ozone/hadoop-ozone/integration-test/target/log,AVAILABLE}
2022-06-25 01:02:54,994 [Listener at 127.0.0.1/39125] INFO  handler.ContextHandler (ContextHandler.java:doStart(915)) - Started o.e.j.s.ServletContextHandler@68f7cc0b{static,/static,file:///home/runner/work/ozone/ozone/hadoop-ozone/integration-test/target/test-classes/webapps/static,AVAILABLE}
2022-06-25 01:02:54,998 [Listener at 127.0.0.1/39125] INFO  handler.ContextHandler (ContextHandler.java:doStart(915)) - Started o.e.j.w.WebAppContext@1203921{ozoneManager,/,file:///home/runner/work/ozone/ozone/hadoop-ozone/integration-test/target/test-classes/webapps/ozoneManager/,AVAILABLE}{file:/home/runner/work/ozone/ozone/hadoop-ozone/integration-test/target/test-classes/webapps/ozoneManager}
2022-06-25 01:02:54,999 [Listener at 127.0.0.1/39125] INFO  server.AbstractConnector (AbstractConnector.java:doStart(331)) - Started ServerConnector@75d73b5b{HTTP/1.1, (http/1.1)}{0.0.0.0:45689}
2022-06-25 01:02:54,999 [Listener at 127.0.0.1/39125] INFO  server.Server (Server.java:doStart(415)) - Started @8896ms
2022-06-25 01:02:54,999 [Listener at 127.0.0.1/39125] WARN  impl.MetricsSystemImpl (MetricsSystemImpl.java:register(279)) - Sink prometheus already exists!
2022-06-25 01:02:55,000 [Listener at 127.0.0.1/39125] INFO  http.BaseHttpServer (BaseHttpServer.java:updateConnectorAddress(329)) - HTTP server of ozoneManager listening at http://0.0.0.0:45689
2022-06-25 01:02:55,000 [IPC Server Responder] INFO  ipc.Server (Server.java:run(1507)) - IPC Server Responder: starting
2022-06-25 01:02:55,001 [IPC Server listener on 0] INFO  ipc.Server (Server.java:run(1344)) - IPC Server listener on 0: starting
2022-06-25 01:02:55,004 [Listener at 127.0.0.1/39125] INFO  om.OzoneManager (OzoneManager.java:startTrashEmptier(1905)) - Trash Interval set to 0. Files deleted won't move to trash
2022-06-25 01:02:55,011 [org.apache.hadoop.util.JvmPauseMonitor$Monitor@2c7fa026] INFO  util.JvmPauseMonitor (JvmPauseMonitor.java:run(188)) - Starting JVM pause monitor
2022-06-25 01:02:55,173 [ReplicationMonitor] INFO  replication.ReplicationManager (ReplicationManager.java:processAll(228)) - Replication Manager is not ready to run until 3000ms after safemode exit
2022-06-25 01:02:55,212 [Listener at 127.0.0.1/39125] WARN  impl.MetricRegistriesImpl (MetricRegistriesImpl.java:addReporterRegistration(111)) - New reporters are added after registries were created. Some metrics will be missing from the reporter. Please add reporter before adding any new registry.
2022-06-25 01:02:55,213 [Listener at 127.0.0.1/39125] WARN  impl.MetricRegistriesImpl (MetricRegistriesImpl.java:addReporterRegistration(111)) - New reporters are added after registries were created. Some metrics will be missing from the reporter. Please add reporter before adding any new registry.
2022-06-25 01:02:55,213 [Listener at 127.0.0.1/39125] INFO  impl.MetricsSystemImpl (MetricsSystemImpl.java:init(158)) - HddsDatanode metrics system started (again)
2022-06-25 01:02:55,230 [Listener at 127.0.0.1/39125] INFO  ozone.HddsDatanodeService (HddsDatanodeService.java:start(236)) - HddsDatanodeService host:fv-az66-546.vwcdieab4koerntclszyavmfxa.dx.internal.cloudapp.net ip:10.1.0.8
2022-06-25 01:02:55,271 [Listener at 127.0.0.1/39125] INFO  upgrade.AbstractLayoutVersionManager (AbstractLayoutVersionManager.java:init(82)) - Initializing Layout version manager with metadata layout = DATANODE_SCHEMA_V3 (version = 4), software layout = DATANODE_SCHEMA_V3 (version = 4)
2022-06-25 01:02:55,330 [Listener at 127.0.0.1/39125] INFO  reflections.Reflections (Reflections.java:scan(232)) - Reflections took 57 ms to scan 7 urls, producing 131 keys and 316 values 
2022-06-25 01:02:55,334 [Listener at 127.0.0.1/39125] INFO  statemachine.DatanodeStateMachine (DatanodeStateMachine.java:getEndPointTaskThreadPoolSize(237)) - Datanode State Machine Task Thread Pool size 2
2022-06-25 01:02:55,404 [Listener at 127.0.0.1/39125] INFO  volume.HddsVolume (HddsVolume.java:<init>(116)) - Creating HddsVolume: /home/runner/work/ozone/ozone/hadoop-ozone/integration-test/target/test-dir/MiniOzoneClusterImpl-c4196b3a-7304-418b-bc70-42ac552e857c/datanode-0/data-0/containers/hdds of storage type : DISK capacity : 9223372036854775807
2022-06-25 01:02:55,407 [Listener at 127.0.0.1/39125] INFO  volume.MutableVolumeSet (MutableVolumeSet.java:initializeVolumeSet(174)) - Added Volume : /home/runner/work/ozone/ozone/hadoop-ozone/integration-test/target/test-dir/MiniOzoneClusterImpl-c4196b3a-7304-418b-bc70-42ac552e857c/datanode-0/data-0/containers/hdds to VolumeSet
2022-06-25 01:02:55,408 [Listener at 127.0.0.1/39125] INFO  volume.ThrottledAsyncChecker (ThrottledAsyncChecker.java:schedule(141)) - Scheduling a check for /home/runner/work/ozone/ozone/hadoop-ozone/integration-test/target/test-dir/MiniOzoneClusterImpl-c4196b3a-7304-418b-bc70-42ac552e857c/datanode-0/data-0/containers/hdds
2022-06-25 01:02:55,435 [Listener at 127.0.0.1/39125] INFO  volume.StorageVolumeChecker (StorageVolumeChecker.java:checkAllVolumes(202)) - Scheduled health check for volume /home/runner/work/ozone/ozone/hadoop-ozone/integration-test/target/test-dir/MiniOzoneClusterImpl-c4196b3a-7304-418b-bc70-42ac552e857c/datanode-0/data-0/containers/hdds
2022-06-25 01:02:55,456 [Listener at 127.0.0.1/39125] INFO  volume.MutableVolumeSet (MutableVolumeSet.java:initializeVolumeSet(174)) - Added Volume : /home/runner/work/ozone/ozone/hadoop-ozone/integration-test/target/test-dir/MiniOzoneClusterImpl-c4196b3a-7304-418b-bc70-42ac552e857c/datanode-0/data/ratis to VolumeSet
2022-06-25 01:02:55,456 [Listener at 127.0.0.1/39125] INFO  volume.ThrottledAsyncChecker (ThrottledAsyncChecker.java:schedule(141)) - Scheduling a check for /home/runner/work/ozone/ozone/hadoop-ozone/integration-test/target/test-dir/MiniOzoneClusterImpl-c4196b3a-7304-418b-bc70-42ac552e857c/datanode-0/data/ratis
2022-06-25 01:02:55,456 [Listener at 127.0.0.1/39125] INFO  volume.StorageVolumeChecker (StorageVolumeChecker.java:checkAllVolumes(202)) - Scheduled health check for volume /home/runner/work/ozone/ozone/hadoop-ozone/integration-test/target/test-dir/MiniOzoneClusterImpl-c4196b3a-7304-418b-bc70-42ac552e857c/datanode-0/data/ratis
2022-06-25 01:02:55,481 [Thread-136] INFO  ozoneimpl.ContainerReader (ContainerReader.java:readVolume(172)) - Finish verifying containers on volume /home/runner/work/ozone/ozone/hadoop-ozone/integration-test/target/test-dir/MiniOzoneClusterImpl-c4196b3a-7304-418b-bc70-42ac552e857c/datanode-0/data-0/containers/hdds
2022-06-25 01:02:55,481 [Listener at 127.0.0.1/39125] INFO  ozoneimpl.OzoneContainer (OzoneContainer.java:buildContainerSet(266)) - Build ContainerSet costs 0s
2022-06-25 01:02:55,529 [Listener at 127.0.0.1/39125] INFO  audit.AuditLogger (AuditLogger.java:refreshDebugCmdSet(120)) - Refresh DebugCmdSet for DNAudit to [].
2022-06-25 01:02:55,560 [Listener at 127.0.0.1/39125] INFO  server.RaftServer (ConfUtils.java:logGet(46)) - raft.rpc.type = GRPC (default)
2022-06-25 01:02:55,560 [Listener at 127.0.0.1/39125] INFO  grpc.GrpcFactory (GrpcFactory.java:checkPooledByteBufAllocatorUseCacheForAllThreads(48)) - PERFORMANCE WARNING: useCacheForAllThreads is true that may cause Netty to create a lot garbage objects and, as a result, trigger GC.
	It is recommended to disable useCacheForAllThreads by setting -Dorg.apache.ratis.thirdparty.io.netty.allocator.useCacheForAllThreads=false in command line.
2022-06-25 01:02:55,560 [Listener at 127.0.0.1/39125] INFO  grpc.GrpcConfigKeys (ConfUtils.java:logGet(46)) - raft.grpc.admin.port = 0 (custom)
2022-06-25 01:02:55,561 [Listener at 127.0.0.1/39125] INFO  grpc.GrpcConfigKeys (ConfUtils.java:logGet(46)) - raft.grpc.client.port = 0 (custom)
2022-06-25 01:02:55,561 [Listener at 127.0.0.1/39125] INFO  grpc.GrpcConfigKeys (ConfUtils.java:logGet(46)) - raft.grpc.server.port = 0 (default)
2022-06-25 01:02:55,561 [Listener at 127.0.0.1/39125] INFO  server.GrpcService (ConfUtils.java:logGet(46)) - raft.grpc.message.size.max = 32MB (=33554432) (custom)
2022-06-25 01:02:55,561 [Listener at 127.0.0.1/39125] INFO  server.RaftServerConfigKeys (ConfUtils.java:logGet(46)) - raft.server.log.appender.buffer.byte-limit = 33554432 (custom)
2022-06-25 01:02:55,561 [Listener at 127.0.0.1/39125] INFO  server.GrpcService (ConfUtils.java:logGet(46)) - raft.grpc.flow.control.window = 5MB (=5242880) (custom)
2022-06-25 01:02:55,562 [Listener at 127.0.0.1/39125] INFO  server.RaftServerConfigKeys (ConfUtils.java:logGet(46)) - raft.server.rpc.request.timeout = 60s (custom)
2022-06-25 01:02:55,562 [Listener at 127.0.0.1/39125] INFO  grpc.GrpcConfigKeys (ConfUtils.java:logGet(46)) - raft.grpc.server.async.request.thread.pool.cached = true (default)
2022-06-25 01:02:55,562 [Listener at 127.0.0.1/39125] INFO  grpc.GrpcConfigKeys (ConfUtils.java:logGet(46)) - raft.grpc.server.async.request.thread.pool.size = 32 (default)
2022-06-25 01:02:55,563 [Listener at 127.0.0.1/39125] INFO  impl.DataStreamServerImpl (ConfUtils.java:logGet(46)) - raft.datastream.type = DISABLED (default)
2022-06-25 01:02:55,563 [Listener at 127.0.0.1/39125] INFO  server.RaftServerConfigKeys (ConfUtils.java:logGet(46)) - raft.server.threadpool.proxy.cached = true (default)
2022-06-25 01:02:55,564 [Listener at 127.0.0.1/39125] INFO  server.RaftServerConfigKeys (ConfUtils.java:logGet(46)) - raft.server.threadpool.proxy.size = 0 (default)
2022-06-25 01:02:55,564 [Listener at 127.0.0.1/39125] INFO  server.RaftServerConfigKeys (ConfUtils.java:logGet(46)) - raft.server.rpc.slowness.timeout = 300s (custom)
2022-06-25 01:02:55,564 [Listener at 127.0.0.1/39125] INFO  server.RaftServerConfigKeys (ConfUtils.java:logGet(46)) - raft.server.leaderelection.leader.step-down.wait-time = 10s (default)
2022-06-25 01:02:55,564 [Listener at 127.0.0.1/39125] INFO  server.RaftServerConfigKeys (ConfUtils.java:logGet(46)) - raft.server.storage.dir = [/home/runner/work/ozone/ozone/hadoop-ozone/integration-test/target/test-dir/MiniOzoneClusterImpl-c4196b3a-7304-418b-bc70-42ac552e857c/datanode-0/data/ratis] (custom)
2022-06-25 01:02:55,586 [Listener at 127.0.0.1/39125] INFO  server.XceiverServerGrpc (XceiverServerGrpc.java:<init>(132)) - GrpcServer channel type EpollServerSocketChannel
2022-06-25 01:02:55,657 [Listener at 127.0.0.1/39125] INFO  http.BaseHttpServer (BaseHttpServer.java:newHttpServer2BuilderForOzone(209)) - Starting Web-server for hddsDatanode at: http://0.0.0.0:0
2022-06-25 01:02:55,657 [Listener at 127.0.0.1/39125] INFO  http.BaseHttpServer (BaseHttpServer.java:<init>(107)) - Hadoop Security Enabled: false Ozone Security Enabled: false Ozone HTTP Security Enabled: false 
2022-06-25 01:02:55,659 [Listener at 127.0.0.1/39125] INFO  server.AuthenticationFilter (AuthenticationFilter.java:constructSecretProvider(240)) - Unable to initialize FileSignerSecretProvider, falling back to use random secrets.
2022-06-25 01:02:55,661 [Listener at 127.0.0.1/39125] WARN  http.HttpRequestLog (HttpRequestLog.java:getRequestLog(103)) - Jetty request log can only be enabled using Log4j
2022-06-25 01:02:55,664 [Listener at 127.0.0.1/39125] INFO  http.HttpServer2 (HttpServer2.java:addGlobalFilter(1029)) - Added global filter 'safety' (class=org.apache.hadoop.hdds.server.http.HttpServer2$QuotingInputFilter)
2022-06-25 01:02:55,665 [Listener at 127.0.0.1/39125] INFO  http.HttpServer2 (HttpServer2.java:addFilter(1005)) - Added filter static_user_filter (class=org.apache.hadoop.http.lib.StaticUserWebFilter$StaticUserFilter) to context hddsDatanode
2022-06-25 01:02:55,665 [Listener at 127.0.0.1/39125] INFO  http.HttpServer2 (HttpServer2.java:addFilter(1013)) - Added filter static_user_filter (class=org.apache.hadoop.http.lib.StaticUserWebFilter$StaticUserFilter) to context logs
2022-06-25 01:02:55,665 [Listener at 127.0.0.1/39125] INFO  http.HttpServer2 (HttpServer2.java:addFilter(1013)) - Added filter static_user_filter (class=org.apache.hadoop.http.lib.StaticUserWebFilter$StaticUserFilter) to context static
2022-06-25 01:02:55,669 [Listener at 127.0.0.1/39125] INFO  http.HttpServer2 (HttpServer2.java:bindListener(1248)) - Jetty bound to port 35961
2022-06-25 01:02:55,669 [Listener at 127.0.0.1/39125] INFO  server.Server (Server.java:doStart(375)) - jetty-9.4.43.v20210629; built: 2021-06-30T11:07:22.254Z; git: 526006ecfa3af7f1a27ef3a288e2bef7ea9dd7e8; jvm 1.8.0_332-b09
2022-06-25 01:02:55,679 [Listener at 127.0.0.1/39125] INFO  server.session (DefaultSessionIdManager.java:doStart(334)) - DefaultSessionIdManager workerName=node0
2022-06-25 01:02:55,679 [Listener at 127.0.0.1/39125] INFO  server.session (DefaultSessionIdManager.java:doStart(339)) - No SessionScavenger set, using defaults
2022-06-25 01:02:55,679 [Listener at 127.0.0.1/39125] INFO  server.session (HouseKeeper.java:startScavenging(132)) - node0 Scavenging every 600000ms
2022-06-25 01:02:55,680 [Listener at 127.0.0.1/39125] INFO  handler.ContextHandler (ContextHandler.java:doStart(915)) - Started o.e.j.s.ServletContextHandler@1125f01f{logs,/logs,file:///home/runner/work/ozone/ozone/hadoop-ozone/integration-test/target/log,AVAILABLE}
2022-06-25 01:02:55,680 [Listener at 127.0.0.1/39125] INFO  handler.ContextHandler (ContextHandler.java:doStart(915)) - Started o.e.j.s.ServletContextHandler@5305102f{static,/static,jar:file:/home/runner/.m2/repository/org/apache/ozone/hdds-container-service/1.3.0-SNAPSHOT/hdds-container-service-1.3.0-SNAPSHOT.jar!/webapps/static,AVAILABLE}
2022-06-25 01:02:55,909 [Listener at 127.0.0.1/39125] INFO  handler.ContextHandler (ContextHandler.java:doStart(915)) - Started o.e.j.w.WebAppContext@48e41d99{hddsDatanode,/,file:///tmp/jetty-0_0_0_0-35961-hdds-container-service-1_3_0-SNAPSHOT_jar-_-any-6918283397639686024/webapp/,AVAILABLE}{jar:file:/home/runner/.m2/repository/org/apache/ozone/hdds-container-service/1.3.0-SNAPSHOT/hdds-container-service-1.3.0-SNAPSHOT.jar!/webapps/hddsDatanode}
2022-06-25 01:02:55,910 [Listener at 127.0.0.1/39125] INFO  server.AbstractConnector (AbstractConnector.java:doStart(331)) - Started ServerConnector@3908b9e5{HTTP/1.1, (http/1.1)}{0.0.0.0:35961}
2022-06-25 01:02:55,911 [Listener at 127.0.0.1/39125] INFO  server.Server (Server.java:doStart(415)) - Started @9808ms
2022-06-25 01:02:55,911 [Listener at 127.0.0.1/39125] WARN  impl.MetricsSystemImpl (MetricsSystemImpl.java:register(279)) - Sink prometheus already exists!
2022-06-25 01:02:55,913 [Listener at 127.0.0.1/39125] INFO  http.BaseHttpServer (BaseHttpServer.java:updateConnectorAddress(329)) - HTTP server of hddsDatanode listening at http://0.0.0.0:35961
2022-06-25 01:02:55,915 [Listener at 127.0.0.1/39125] WARN  impl.MetricRegistriesImpl (MetricRegistriesImpl.java:addReporterRegistration(111)) - New reporters are added after registries were created. Some metrics will be missing from the reporter. Please add reporter before adding any new registry.
2022-06-25 01:02:55,915 [Listener at 127.0.0.1/39125] WARN  impl.MetricRegistriesImpl (MetricRegistriesImpl.java:addReporterRegistration(111)) - New reporters are added after registries were created. Some metrics will be missing from the reporter. Please add reporter before adding any new registry.
2022-06-25 01:02:55,915 [Listener at 127.0.0.1/39125] INFO  impl.MetricsSystemImpl (MetricsSystemImpl.java:init(158)) - HddsDatanode metrics system started (again)
2022-06-25 01:02:55,918 [Datanode State Machine Daemon Thread] INFO  statemachine.DatanodeStateMachine (DatanodeStateMachine.java:lambda$startDaemon$0(492)) - Ozone container server started.
2022-06-25 01:02:55,933 [Listener at 127.0.0.1/39125] INFO  ozone.HddsDatanodeService (HddsDatanodeService.java:start(236)) - HddsDatanodeService host:fv-az66-546.vwcdieab4koerntclszyavmfxa.dx.internal.cloudapp.net ip:10.1.0.8
2022-06-25 01:02:55,944 [org.apache.hadoop.util.JvmPauseMonitor$Monitor@11b6e3d7] INFO  util.JvmPauseMonitor (JvmPauseMonitor.java:run(188)) - Starting JVM pause monitor
2022-06-25 01:02:55,972 [Listener at 127.0.0.1/39125] INFO  upgrade.AbstractLayoutVersionManager (AbstractLayoutVersionManager.java:init(82)) - Initializing Layout version manager with metadata layout = DATANODE_SCHEMA_V3 (version = 4), software layout = DATANODE_SCHEMA_V3 (version = 4)
2022-06-25 01:02:55,988 [om1@group-C5BA1605619E-FollowerState] INFO  impl.FollowerState (FollowerState.java:run(143)) - om1@group-C5BA1605619E-FollowerState: change to CANDIDATE, lastRpcElapsedTime:1123049557ns, electionTimeout:1105ms
2022-06-25 01:02:55,989 [om1@group-C5BA1605619E-FollowerState] INFO  impl.RoleInfo (RoleInfo.java:shutdownFollowerState(110)) - om1: shutdown om1@group-C5BA1605619E-FollowerState
2022-06-25 01:02:55,994 [om1@group-C5BA1605619E-FollowerState] INFO  server.RaftServer$Division (RaftServerImpl.java:setRole(299)) - om1@group-C5BA1605619E: changes role from  FOLLOWER to CANDIDATE at term 0 for changeToCandidate
2022-06-25 01:02:55,997 [om1@group-C5BA1605619E-FollowerState] INFO  server.RaftServerConfigKeys (ConfUtils.java:logGet(46)) - raft.server.leaderelection.pre-vote = false (custom)
2022-06-25 01:02:55,997 [om1@group-C5BA1605619E-FollowerState] INFO  impl.RoleInfo (RoleInfo.java:updateAndGet(139)) - om1: start om1@group-C5BA1605619E-LeaderElection1
2022-06-25 01:02:56,011 [om1@group-C5BA1605619E-LeaderElection1] INFO  impl.LeaderElection (LeaderElection.java:askForVotes(310)) - om1@group-C5BA1605619E-LeaderElection1 ELECTION round 0: submit vote requests at term 1 for -1: [om1|rpc:localhost:41597|priority:0], old=null
2022-06-25 01:02:56,012 [om1@group-C5BA1605619E-LeaderElection1] INFO  impl.LeaderElection (LeaderElection.java:askForVotes(312)) - om1@group-C5BA1605619E-LeaderElection1 ELECTION round 0: result PASSED (term=1)
2022-06-25 01:02:56,013 [om1@group-C5BA1605619E-LeaderElection1] INFO  impl.RoleInfo (RoleInfo.java:shutdownLeaderElection(130)) - om1: shutdown om1@group-C5BA1605619E-LeaderElection1
2022-06-25 01:02:56,013 [om1@group-C5BA1605619E-LeaderElection1] INFO  server.RaftServer$Division (RaftServerImpl.java:setRole(299)) - om1@group-C5BA1605619E: changes role from CANDIDATE to LEADER at term 1 for changeToLeader
2022-06-25 01:02:56,013 [om1@group-C5BA1605619E-LeaderElection1] INFO  server.RaftServer$Division (ServerState.java:setLeader(287)) - om1@group-C5BA1605619E: change Leader from null to om1 at term 1 for becomeLeader, leader elected after 2262ms
2022-06-25 01:02:56,026 [om1@group-C5BA1605619E-LeaderElection1] INFO  server.RaftServerConfigKeys (ConfUtils.java:logGet(46)) - raft.server.staging.catchup.gap = 1000 (default)
2022-06-25 01:02:56,041 [om1@group-C5BA1605619E-LeaderElection1] INFO  server.RaftServerConfigKeys (ConfUtils.java:logGet(46)) - raft.server.write.element-limit = 4096 (default)
2022-06-25 01:02:56,043 [om1@group-C5BA1605619E-LeaderElection1] INFO  server.RaftServerConfigKeys (ConfUtils.java:logGet(46)) - raft.server.write.byte-limit = 64MB (=67108864) (default)
2022-06-25 01:02:56,058 [om1@group-C5BA1605619E-LeaderElection1] INFO  server.RaftServerConfigKeys (ConfUtils.java:logGet(46)) - raft.server.watch.timeout = 10s (default)
2022-06-25 01:02:56,058 [om1@group-C5BA1605619E-LeaderElection1] INFO  server.RaftServerConfigKeys (ConfUtils.java:logGet(46)) - raft.server.watch.timeout.denomination = 1s (default)
2022-06-25 01:02:56,059 [om1@group-C5BA1605619E-LeaderElection1] INFO  server.RaftServerConfigKeys (ConfUtils.java:logGet(46)) - raft.server.watch.element-limit = 65536 (default)
2022-06-25 01:02:56,067 [om1@group-C5BA1605619E-LeaderElection1] INFO  server.RaftServerConfigKeys (ConfUtils.java:logGet(46)) - raft.server.write.element-limit = 4096 (default)
2022-06-25 01:02:56,072 [Listener at 127.0.0.1/39125] INFO  reflections.Reflections (Reflections.java:scan(232)) - Reflections took 98 ms to scan 7 urls, producing 131 keys and 316 values 
2022-06-25 01:02:56,073 [Listener at 127.0.0.1/39125] INFO  statemachine.DatanodeStateMachine (DatanodeStateMachine.java:getEndPointTaskThreadPoolSize(237)) - Datanode State Machine Task Thread Pool size 2
2022-06-25 01:02:56,092 [Listener at 127.0.0.1/39125] INFO  volume.HddsVolume (HddsVolume.java:<init>(116)) - Creating HddsVolume: /home/runner/work/ozone/ozone/hadoop-ozone/integration-test/target/test-dir/MiniOzoneClusterImpl-c4196b3a-7304-418b-bc70-42ac552e857c/datanode-1/data-0/containers/hdds of storage type : DISK capacity : 9223372036854775807
2022-06-25 01:02:56,092 [Listener at 127.0.0.1/39125] INFO  volume.MutableVolumeSet (MutableVolumeSet.java:initializeVolumeSet(174)) - Added Volume : /home/runner/work/ozone/ozone/hadoop-ozone/integration-test/target/test-dir/MiniOzoneClusterImpl-c4196b3a-7304-418b-bc70-42ac552e857c/datanode-1/data-0/containers/hdds to VolumeSet
2022-06-25 01:02:56,092 [Listener at 127.0.0.1/39125] INFO  volume.ThrottledAsyncChecker (ThrottledAsyncChecker.java:schedule(141)) - Scheduling a check for /home/runner/work/ozone/ozone/hadoop-ozone/integration-test/target/test-dir/MiniOzoneClusterImpl-c4196b3a-7304-418b-bc70-42ac552e857c/datanode-1/data-0/containers/hdds
2022-06-25 01:02:56,094 [om1@group-C5BA1605619E-LeaderElection1] INFO  server.RaftServerConfigKeys (ConfUtils.java:logGet(46)) - raft.server.write.follower.gap.ratio.max = -1.0 (default)
2022-06-25 01:02:56,096 [om1@group-C5BA1605619E-LeaderElection1] INFO  impl.RoleInfo (RoleInfo.java:updateAndGet(139)) - om1: start om1@group-C5BA1605619E-LeaderStateImpl
2022-06-25 01:02:56,106 [Listener at 127.0.0.1/39125] INFO  volume.StorageVolumeChecker (StorageVolumeChecker.java:checkAllVolumes(202)) - Scheduled health check for volume /home/runner/work/ozone/ozone/hadoop-ozone/integration-test/target/test-dir/MiniOzoneClusterImpl-c4196b3a-7304-418b-bc70-42ac552e857c/datanode-1/data-0/containers/hdds
2022-06-25 01:02:56,122 [Listener at 127.0.0.1/39125] INFO  volume.MutableVolumeSet (MutableVolumeSet.java:initializeVolumeSet(174)) - Added Volume : /home/runner/work/ozone/ozone/hadoop-ozone/integration-test/target/test-dir/MiniOzoneClusterImpl-c4196b3a-7304-418b-bc70-42ac552e857c/datanode-1/data/ratis to VolumeSet
2022-06-25 01:02:56,123 [Listener at 127.0.0.1/39125] INFO  volume.ThrottledAsyncChecker (ThrottledAsyncChecker.java:schedule(141)) - Scheduling a check for /home/runner/work/ozone/ozone/hadoop-ozone/integration-test/target/test-dir/MiniOzoneClusterImpl-c4196b3a-7304-418b-bc70-42ac552e857c/datanode-1/data/ratis
2022-06-25 01:02:56,123 [Listener at 127.0.0.1/39125] INFO  volume.StorageVolumeChecker (StorageVolumeChecker.java:checkAllVolumes(202)) - Scheduled health check for volume /home/runner/work/ozone/ozone/hadoop-ozone/integration-test/target/test-dir/MiniOzoneClusterImpl-c4196b3a-7304-418b-bc70-42ac552e857c/datanode-1/data/ratis
2022-06-25 01:02:56,150 [Thread-151] INFO  ozoneimpl.ContainerReader (ContainerReader.java:readVolume(172)) - Finish verifying containers on volume /home/runner/work/ozone/ozone/hadoop-ozone/integration-test/target/test-dir/MiniOzoneClusterImpl-c4196b3a-7304-418b-bc70-42ac552e857c/datanode-1/data-0/containers/hdds
2022-06-25 01:02:56,158 [Listener at 127.0.0.1/39125] INFO  ozoneimpl.OzoneContainer (OzoneContainer.java:buildContainerSet(266)) - Build ContainerSet costs 0s
2022-06-25 01:02:56,166 [Listener at 127.0.0.1/39125] INFO  server.RaftServer (ConfUtils.java:logGet(46)) - raft.rpc.type = GRPC (default)
2022-06-25 01:02:56,167 [Listener at 127.0.0.1/39125] INFO  grpc.GrpcFactory (GrpcFactory.java:checkPooledByteBufAllocatorUseCacheForAllThreads(48)) - PERFORMANCE WARNING: useCacheForAllThreads is true that may cause Netty to create a lot garbage objects and, as a result, trigger GC.
	It is recommended to disable useCacheForAllThreads by setting -Dorg.apache.ratis.thirdparty.io.netty.allocator.useCacheForAllThreads=false in command line.
2022-06-25 01:02:56,167 [Listener at 127.0.0.1/39125] INFO  grpc.GrpcConfigKeys (ConfUtils.java:logGet(46)) - raft.grpc.admin.port = 0 (custom)
2022-06-25 01:02:56,167 [Listener at 127.0.0.1/39125] INFO  grpc.GrpcConfigKeys (ConfUtils.java:logGet(46)) - raft.grpc.client.port = 0 (custom)
2022-06-25 01:02:56,167 [Listener at 127.0.0.1/39125] INFO  grpc.GrpcConfigKeys (ConfUtils.java:logGet(46)) - raft.grpc.server.port = 0 (default)
2022-06-25 01:02:56,167 [Listener at 127.0.0.1/39125] INFO  server.GrpcService (ConfUtils.java:logGet(46)) - raft.grpc.message.size.max = 32MB (=33554432) (custom)
2022-06-25 01:02:56,167 [Listener at 127.0.0.1/39125] INFO  server.RaftServerConfigKeys (ConfUtils.java:logGet(46)) - raft.server.log.appender.buffer.byte-limit = 33554432 (custom)
2022-06-25 01:02:56,168 [Listener at 127.0.0.1/39125] INFO  server.GrpcService (ConfUtils.java:logGet(46)) - raft.grpc.flow.control.window = 5MB (=5242880) (custom)
2022-06-25 01:02:56,168 [Listener at 127.0.0.1/39125] INFO  server.RaftServerConfigKeys (ConfUtils.java:logGet(46)) - raft.server.rpc.request.timeout = 60s (custom)
2022-06-25 01:02:56,168 [Listener at 127.0.0.1/39125] INFO  grpc.GrpcConfigKeys (ConfUtils.java:logGet(46)) - raft.grpc.server.async.request.thread.pool.cached = true (default)
2022-06-25 01:02:56,168 [Listener at 127.0.0.1/39125] INFO  grpc.GrpcConfigKeys (ConfUtils.java:logGet(46)) - raft.grpc.server.async.request.thread.pool.size = 32 (default)
2022-06-25 01:02:56,169 [Listener at 127.0.0.1/39125] INFO  impl.DataStreamServerImpl (ConfUtils.java:logGet(46)) - raft.datastream.type = DISABLED (default)
2022-06-25 01:02:56,169 [Listener at 127.0.0.1/39125] INFO  server.RaftServerConfigKeys (ConfUtils.java:logGet(46)) - raft.server.threadpool.proxy.cached = true (default)
2022-06-25 01:02:56,169 [Listener at 127.0.0.1/39125] INFO  server.RaftServerConfigKeys (ConfUtils.java:logGet(46)) - raft.server.threadpool.proxy.size = 0 (default)
2022-06-25 01:02:56,170 [Listener at 127.0.0.1/39125] INFO  server.RaftServerConfigKeys (ConfUtils.java:logGet(46)) - raft.server.rpc.slowness.timeout = 300s (custom)
2022-06-25 01:02:56,170 [Listener at 127.0.0.1/39125] INFO  server.RaftServerConfigKeys (ConfUtils.java:logGet(46)) - raft.server.leaderelection.leader.step-down.wait-time = 10s (default)
2022-06-25 01:02:56,170 [Listener at 127.0.0.1/39125] INFO  server.RaftServerConfigKeys (ConfUtils.java:logGet(46)) - raft.server.storage.dir = [/home/runner/work/ozone/ozone/hadoop-ozone/integration-test/target/test-dir/MiniOzoneClusterImpl-c4196b3a-7304-418b-bc70-42ac552e857c/datanode-1/data/ratis] (custom)
2022-06-25 01:02:56,174 [ReplicationMonitor] INFO  replication.ReplicationManager (ReplicationManager.java:processAll(228)) - Replication Manager is not ready to run until 3000ms after safemode exit
2022-06-25 01:02:56,176 [Listener at 127.0.0.1/39125] INFO  server.XceiverServerGrpc (XceiverServerGrpc.java:<init>(132)) - GrpcServer channel type EpollServerSocketChannel
2022-06-25 01:02:56,177 [Datanode State Machine Task Thread - 0] INFO  datanode.InitDatanodeState (InitDatanodeState.java:persistContainerDatanodeDetails(138)) - DatanodeDetails is persisted to /home/runner/work/ozone/ozone/hadoop-ozone/integration-test/target/test-dir/MiniOzoneClusterImpl-c4196b3a-7304-418b-bc70-42ac552e857c/datanode-0/meta/datanode.id
2022-06-25 01:02:56,184 [om1@group-C5BA1605619E-LeaderElection1] INFO  segmented.SegmentedRaftLogWorker (SegmentedRaftLogWorker.java:startLogSegment(425)) - om1@group-C5BA1605619E-SegmentedRaftLogWorker: Starting segment from index:0
2022-06-25 01:02:56,195 [Listener at 127.0.0.1/39125] INFO  http.BaseHttpServer (BaseHttpServer.java:newHttpServer2BuilderForOzone(209)) - Starting Web-server for hddsDatanode at: http://0.0.0.0:0
2022-06-25 01:02:56,195 [Listener at 127.0.0.1/39125] INFO  http.BaseHttpServer (BaseHttpServer.java:<init>(107)) - Hadoop Security Enabled: false Ozone Security Enabled: false Ozone HTTP Security Enabled: false 
2022-06-25 01:02:56,197 [Listener at 127.0.0.1/39125] INFO  server.AuthenticationFilter (AuthenticationFilter.java:constructSecretProvider(240)) - Unable to initialize FileSignerSecretProvider, falling back to use random secrets.
2022-06-25 01:02:56,209 [Listener at 127.0.0.1/39125] WARN  http.HttpRequestLog (HttpRequestLog.java:getRequestLog(103)) - Jetty request log can only be enabled using Log4j
2022-06-25 01:02:56,210 [Listener at 127.0.0.1/39125] INFO  http.HttpServer2 (HttpServer2.java:addGlobalFilter(1029)) - Added global filter 'safety' (class=org.apache.hadoop.hdds.server.http.HttpServer2$QuotingInputFilter)
2022-06-25 01:02:56,214 [Listener at 127.0.0.1/39125] INFO  http.HttpServer2 (HttpServer2.java:addFilter(1005)) - Added filter static_user_filter (class=org.apache.hadoop.http.lib.StaticUserWebFilter$StaticUserFilter) to context hddsDatanode
2022-06-25 01:02:56,214 [Listener at 127.0.0.1/39125] INFO  http.HttpServer2 (HttpServer2.java:addFilter(1013)) - Added filter static_user_filter (class=org.apache.hadoop.http.lib.StaticUserWebFilter$StaticUserFilter) to context logs
2022-06-25 01:02:56,214 [Listener at 127.0.0.1/39125] INFO  http.HttpServer2 (HttpServer2.java:addFilter(1013)) - Added filter static_user_filter (class=org.apache.hadoop.http.lib.StaticUserWebFilter$StaticUserFilter) to context static
2022-06-25 01:02:56,215 [Listener at 127.0.0.1/39125] INFO  http.HttpServer2 (HttpServer2.java:bindListener(1248)) - Jetty bound to port 38411
2022-06-25 01:02:56,215 [Listener at 127.0.0.1/39125] INFO  server.Server (Server.java:doStart(375)) - jetty-9.4.43.v20210629; built: 2021-06-30T11:07:22.254Z; git: 526006ecfa3af7f1a27ef3a288e2bef7ea9dd7e8; jvm 1.8.0_332-b09
2022-06-25 01:02:56,248 [om1@group-C5BA1605619E-LeaderElection1] INFO  server.RaftServer$Division (ServerState.java:setRaftConf(393)) - om1@group-C5BA1605619E: set configuration 0: [om1|rpc:localhost:41597|admin:|client:|dataStream:|priority:0], old=null
2022-06-25 01:02:56,254 [Listener at 127.0.0.1/39125] INFO  server.session (DefaultSessionIdManager.java:doStart(334)) - DefaultSessionIdManager workerName=node0
2022-06-25 01:02:56,254 [Listener at 127.0.0.1/39125] INFO  server.session (DefaultSessionIdManager.java:doStart(339)) - No SessionScavenger set, using defaults
2022-06-25 01:02:56,255 [Listener at 127.0.0.1/39125] INFO  server.session (HouseKeeper.java:startScavenging(132)) - node0 Scavenging every 600000ms
2022-06-25 01:02:56,263 [Listener at 127.0.0.1/39125] INFO  handler.ContextHandler (ContextHandler.java:doStart(915)) - Started o.e.j.s.ServletContextHandler@55808428{logs,/logs,file:///home/runner/work/ozone/ozone/hadoop-ozone/integration-test/target/log,AVAILABLE}
2022-06-25 01:02:56,263 [Listener at 127.0.0.1/39125] INFO  handler.ContextHandler (ContextHandler.java:doStart(915)) - Started o.e.j.s.ServletContextHandler@1f2de2c6{static,/static,jar:file:/home/runner/.m2/repository/org/apache/ozone/hdds-container-service/1.3.0-SNAPSHOT/hdds-container-service-1.3.0-SNAPSHOT.jar!/webapps/static,AVAILABLE}
2022-06-25 01:02:56,360 [om1@group-C5BA1605619E-SegmentedRaftLogWorker] INFO  segmented.SegmentedRaftLogWorker (SegmentedRaftLogWorker.java:execute(629)) - om1@group-C5BA1605619E-SegmentedRaftLogWorker: created new log segment /home/runner/work/ozone/ozone/hadoop-ozone/integration-test/target/test-dir/MiniOzoneClusterImpl-c4196b3a-7304-418b-bc70-42ac552e857c/ozone-meta/ratis/bf265839-605b-3f16-9796-c5ba1605619e/current/log_inprogress_0
2022-06-25 01:02:56,493 [Listener at 127.0.0.1/39125] INFO  handler.ContextHandler (ContextHandler.java:doStart(915)) - Started o.e.j.w.WebAppContext@548686fd{hddsDatanode,/,file:///tmp/jetty-0_0_0_0-38411-hdds-container-service-1_3_0-SNAPSHOT_jar-_-any-5812405646507567452/webapp/,AVAILABLE}{jar:file:/home/runner/.m2/repository/org/apache/ozone/hdds-container-service/1.3.0-SNAPSHOT/hdds-container-service-1.3.0-SNAPSHOT.jar!/webapps/hddsDatanode}
2022-06-25 01:02:56,499 [Listener at 127.0.0.1/39125] INFO  server.AbstractConnector (AbstractConnector.java:doStart(331)) - Started ServerConnector@103497c2{HTTP/1.1, (http/1.1)}{0.0.0.0:38411}
2022-06-25 01:02:56,499 [Listener at 127.0.0.1/39125] INFO  server.Server (Server.java:doStart(415)) - Started @10396ms
2022-06-25 01:02:56,499 [Listener at 127.0.0.1/39125] WARN  impl.MetricsSystemImpl (MetricsSystemImpl.java:register(279)) - Sink prometheus already exists!
2022-06-25 01:02:56,500 [Listener at 127.0.0.1/39125] INFO  http.BaseHttpServer (BaseHttpServer.java:updateConnectorAddress(329)) - HTTP server of hddsDatanode listening at http://0.0.0.0:38411
2022-06-25 01:02:56,506 [Listener at 127.0.0.1/39125] WARN  impl.MetricRegistriesImpl (MetricRegistriesImpl.java:addReporterRegistration(111)) - New reporters are added after registries were created. Some metrics will be missing from the reporter. Please add reporter before adding any new registry.
2022-06-25 01:02:56,507 [Listener at 127.0.0.1/39125] WARN  impl.MetricRegistriesImpl (MetricRegistriesImpl.java:addReporterRegistration(111)) - New reporters are added after registries were created. Some metrics will be missing from the reporter. Please add reporter before adding any new registry.
2022-06-25 01:02:56,508 [Listener at 127.0.0.1/39125] INFO  impl.MetricsSystemImpl (MetricsSystemImpl.java:init(158)) - HddsDatanode metrics system started (again)
2022-06-25 01:02:56,509 [Datanode State Machine Daemon Thread] INFO  statemachine.DatanodeStateMachine (DatanodeStateMachine.java:lambda$startDaemon$0(492)) - Ozone container server started.
2022-06-25 01:02:56,522 [Listener at 127.0.0.1/39125] INFO  ozone.HddsDatanodeService (HddsDatanodeService.java:start(236)) - HddsDatanodeService host:fv-az66-546.vwcdieab4koerntclszyavmfxa.dx.internal.cloudapp.net ip:10.1.0.8
2022-06-25 01:02:56,525 [org.apache.hadoop.util.JvmPauseMonitor$Monitor@58c876b4] INFO  util.JvmPauseMonitor (JvmPauseMonitor.java:run(188)) - Starting JVM pause monitor
2022-06-25 01:02:56,532 [om1@group-C5BA1605619E-StateMachineUpdater] INFO  ratis.OzoneManagerStateMachine (OzoneManagerStateMachine.java:notifyConfigurationChanged(192)) - Received Configuration change notification from Ratis. New Peer list:
[id: "om1"
address: "localhost:41597"
]
2022-06-25 01:02:56,554 [Listener at 127.0.0.1/39125] INFO  upgrade.AbstractLayoutVersionManager (AbstractLayoutVersionManager.java:init(82)) - Initializing Layout version manager with metadata layout = DATANODE_SCHEMA_V3 (version = 4), software layout = DATANODE_SCHEMA_V3 (version = 4)
2022-06-25 01:02:56,553 [Datanode State Machine Task Thread - 0] INFO  datanode.InitDatanodeState (InitDatanodeState.java:persistContainerDatanodeDetails(138)) - DatanodeDetails is persisted to /home/runner/work/ozone/ozone/hadoop-ozone/integration-test/target/test-dir/MiniOzoneClusterImpl-c4196b3a-7304-418b-bc70-42ac552e857c/datanode-1/meta/datanode.id
2022-06-25 01:02:56,616 [Listener at 127.0.0.1/39125] INFO  reflections.Reflections (Reflections.java:scan(232)) - Reflections took 56 ms to scan 7 urls, producing 131 keys and 316 values 
2022-06-25 01:02:56,617 [Listener at 127.0.0.1/39125] INFO  statemachine.DatanodeStateMachine (DatanodeStateMachine.java:getEndPointTaskThreadPoolSize(237)) - Datanode State Machine Task Thread Pool size 2
2022-06-25 01:02:56,620 [Listener at 127.0.0.1/39125] INFO  volume.HddsVolume (HddsVolume.java:<init>(116)) - Creating HddsVolume: /home/runner/work/ozone/ozone/hadoop-ozone/integration-test/target/test-dir/MiniOzoneClusterImpl-c4196b3a-7304-418b-bc70-42ac552e857c/datanode-2/data-0/containers/hdds of storage type : DISK capacity : 9223372036854775807
2022-06-25 01:02:56,620 [Listener at 127.0.0.1/39125] INFO  volume.MutableVolumeSet (MutableVolumeSet.java:initializeVolumeSet(174)) - Added Volume : /home/runner/work/ozone/ozone/hadoop-ozone/integration-test/target/test-dir/MiniOzoneClusterImpl-c4196b3a-7304-418b-bc70-42ac552e857c/datanode-2/data-0/containers/hdds to VolumeSet
2022-06-25 01:02:56,620 [Listener at 127.0.0.1/39125] INFO  volume.ThrottledAsyncChecker (ThrottledAsyncChecker.java:schedule(141)) - Scheduling a check for /home/runner/work/ozone/ozone/hadoop-ozone/integration-test/target/test-dir/MiniOzoneClusterImpl-c4196b3a-7304-418b-bc70-42ac552e857c/datanode-2/data-0/containers/hdds
2022-06-25 01:02:56,621 [Listener at 127.0.0.1/39125] INFO  volume.StorageVolumeChecker (StorageVolumeChecker.java:checkAllVolumes(202)) - Scheduled health check for volume /home/runner/work/ozone/ozone/hadoop-ozone/integration-test/target/test-dir/MiniOzoneClusterImpl-c4196b3a-7304-418b-bc70-42ac552e857c/datanode-2/data-0/containers/hdds
2022-06-25 01:02:56,633 [Listener at 127.0.0.1/39125] INFO  volume.MutableVolumeSet (MutableVolumeSet.java:initializeVolumeSet(174)) - Added Volume : /home/runner/work/ozone/ozone/hadoop-ozone/integration-test/target/test-dir/MiniOzoneClusterImpl-c4196b3a-7304-418b-bc70-42ac552e857c/datanode-2/data/ratis to VolumeSet
2022-06-25 01:02:56,634 [Listener at 127.0.0.1/39125] INFO  volume.ThrottledAsyncChecker (ThrottledAsyncChecker.java:schedule(141)) - Scheduling a check for /home/runner/work/ozone/ozone/hadoop-ozone/integration-test/target/test-dir/MiniOzoneClusterImpl-c4196b3a-7304-418b-bc70-42ac552e857c/datanode-2/data/ratis
2022-06-25 01:02:56,634 [Listener at 127.0.0.1/39125] INFO  volume.StorageVolumeChecker (StorageVolumeChecker.java:checkAllVolumes(202)) - Scheduled health check for volume /home/runner/work/ozone/ozone/hadoop-ozone/integration-test/target/test-dir/MiniOzoneClusterImpl-c4196b3a-7304-418b-bc70-42ac552e857c/datanode-2/data/ratis
2022-06-25 01:02:56,646 [Thread-164] INFO  ozoneimpl.ContainerReader (ContainerReader.java:readVolume(172)) - Finish verifying containers on volume /home/runner/work/ozone/ozone/hadoop-ozone/integration-test/target/test-dir/MiniOzoneClusterImpl-c4196b3a-7304-418b-bc70-42ac552e857c/datanode-2/data-0/containers/hdds
2022-06-25 01:02:56,646 [Listener at 127.0.0.1/39125] INFO  ozoneimpl.OzoneContainer (OzoneContainer.java:buildContainerSet(266)) - Build ContainerSet costs 0s
2022-06-25 01:02:56,650 [Listener at 127.0.0.1/39125] INFO  server.RaftServer (ConfUtils.java:logGet(46)) - raft.rpc.type = GRPC (default)
2022-06-25 01:02:56,650 [Listener at 127.0.0.1/39125] INFO  grpc.GrpcFactory (GrpcFactory.java:checkPooledByteBufAllocatorUseCacheForAllThreads(48)) - PERFORMANCE WARNING: useCacheForAllThreads is true that may cause Netty to create a lot garbage objects and, as a result, trigger GC.
	It is recommended to disable useCacheForAllThreads by setting -Dorg.apache.ratis.thirdparty.io.netty.allocator.useCacheForAllThreads=false in command line.
2022-06-25 01:02:56,650 [Listener at 127.0.0.1/39125] INFO  grpc.GrpcConfigKeys (ConfUtils.java:logGet(46)) - raft.grpc.admin.port = 0 (custom)
2022-06-25 01:02:56,650 [Listener at 127.0.0.1/39125] INFO  grpc.GrpcConfigKeys (ConfUtils.java:logGet(46)) - raft.grpc.client.port = 0 (custom)
2022-06-25 01:02:56,650 [Listener at 127.0.0.1/39125] INFO  grpc.GrpcConfigKeys (ConfUtils.java:logGet(46)) - raft.grpc.server.port = 0 (default)
2022-06-25 01:02:56,651 [Listener at 127.0.0.1/39125] INFO  server.GrpcService (ConfUtils.java:logGet(46)) - raft.grpc.message.size.max = 32MB (=33554432) (custom)
2022-06-25 01:02:56,651 [Listener at 127.0.0.1/39125] INFO  server.RaftServerConfigKeys (ConfUtils.java:logGet(46)) - raft.server.log.appender.buffer.byte-limit = 33554432 (custom)
2022-06-25 01:02:56,651 [Listener at 127.0.0.1/39125] INFO  server.GrpcService (ConfUtils.java:logGet(46)) - raft.grpc.flow.control.window = 5MB (=5242880) (custom)
2022-06-25 01:02:56,651 [Listener at 127.0.0.1/39125] INFO  server.RaftServerConfigKeys (ConfUtils.java:logGet(46)) - raft.server.rpc.request.timeout = 60s (custom)
2022-06-25 01:02:56,651 [Listener at 127.0.0.1/39125] INFO  grpc.GrpcConfigKeys (ConfUtils.java:logGet(46)) - raft.grpc.server.async.request.thread.pool.cached = true (default)
2022-06-25 01:02:56,651 [Listener at 127.0.0.1/39125] INFO  grpc.GrpcConfigKeys (ConfUtils.java:logGet(46)) - raft.grpc.server.async.request.thread.pool.size = 32 (default)
2022-06-25 01:02:56,653 [Listener at 127.0.0.1/39125] INFO  impl.DataStreamServerImpl (ConfUtils.java:logGet(46)) - raft.datastream.type = DISABLED (default)
2022-06-25 01:02:56,655 [Listener at 127.0.0.1/39125] INFO  server.RaftServerConfigKeys (ConfUtils.java:logGet(46)) - raft.server.threadpool.proxy.cached = true (default)
2022-06-25 01:02:56,655 [Listener at 127.0.0.1/39125] INFO  server.RaftServerConfigKeys (ConfUtils.java:logGet(46)) - raft.server.threadpool.proxy.size = 0 (default)
2022-06-25 01:02:56,655 [Listener at 127.0.0.1/39125] INFO  server.RaftServerConfigKeys (ConfUtils.java:logGet(46)) - raft.server.rpc.slowness.timeout = 300s (custom)
2022-06-25 01:02:56,656 [Listener at 127.0.0.1/39125] INFO  server.RaftServerConfigKeys (ConfUtils.java:logGet(46)) - raft.server.leaderelection.leader.step-down.wait-time = 10s (default)
2022-06-25 01:02:56,656 [Listener at 127.0.0.1/39125] INFO  server.RaftServerConfigKeys (ConfUtils.java:logGet(46)) - raft.server.storage.dir = [/home/runner/work/ozone/ozone/hadoop-ozone/integration-test/target/test-dir/MiniOzoneClusterImpl-c4196b3a-7304-418b-bc70-42ac552e857c/datanode-2/data/ratis] (custom)
2022-06-25 01:02:56,660 [Listener at 127.0.0.1/39125] INFO  server.XceiverServerGrpc (XceiverServerGrpc.java:<init>(132)) - GrpcServer channel type EpollServerSocketChannel
2022-06-25 01:02:56,667 [Listener at 127.0.0.1/39125] INFO  http.BaseHttpServer (BaseHttpServer.java:newHttpServer2BuilderForOzone(209)) - Starting Web-server for hddsDatanode at: http://0.0.0.0:0
2022-06-25 01:02:56,667 [Listener at 127.0.0.1/39125] INFO  http.BaseHttpServer (BaseHttpServer.java:<init>(107)) - Hadoop Security Enabled: false Ozone Security Enabled: false Ozone HTTP Security Enabled: false 
2022-06-25 01:02:56,669 [Listener at 127.0.0.1/39125] INFO  server.AuthenticationFilter (AuthenticationFilter.java:constructSecretProvider(240)) - Unable to initialize FileSignerSecretProvider, falling back to use random secrets.
2022-06-25 01:02:56,669 [Listener at 127.0.0.1/39125] WARN  http.HttpRequestLog (HttpRequestLog.java:getRequestLog(103)) - Jetty request log can only be enabled using Log4j
2022-06-25 01:02:56,671 [Listener at 127.0.0.1/39125] INFO  http.HttpServer2 (HttpServer2.java:addGlobalFilter(1029)) - Added global filter 'safety' (class=org.apache.hadoop.hdds.server.http.HttpServer2$QuotingInputFilter)
2022-06-25 01:02:56,671 [Listener at 127.0.0.1/39125] INFO  http.HttpServer2 (HttpServer2.java:addFilter(1005)) - Added filter static_user_filter (class=org.apache.hadoop.http.lib.StaticUserWebFilter$StaticUserFilter) to context hddsDatanode
2022-06-25 01:02:56,672 [Listener at 127.0.0.1/39125] INFO  http.HttpServer2 (HttpServer2.java:addFilter(1013)) - Added filter static_user_filter (class=org.apache.hadoop.http.lib.StaticUserWebFilter$StaticUserFilter) to context logs
2022-06-25 01:02:56,672 [Listener at 127.0.0.1/39125] INFO  http.HttpServer2 (HttpServer2.java:addFilter(1013)) - Added filter static_user_filter (class=org.apache.hadoop.http.lib.StaticUserWebFilter$StaticUserFilter) to context static
2022-06-25 01:02:56,672 [Listener at 127.0.0.1/39125] INFO  http.HttpServer2 (HttpServer2.java:bindListener(1248)) - Jetty bound to port 33795
2022-06-25 01:02:56,672 [Listener at 127.0.0.1/39125] INFO  server.Server (Server.java:doStart(375)) - jetty-9.4.43.v20210629; built: 2021-06-30T11:07:22.254Z; git: 526006ecfa3af7f1a27ef3a288e2bef7ea9dd7e8; jvm 1.8.0_332-b09
2022-06-25 01:02:56,675 [Listener at 127.0.0.1/39125] INFO  server.session (DefaultSessionIdManager.java:doStart(334)) - DefaultSessionIdManager workerName=node0
2022-06-25 01:02:56,675 [Listener at 127.0.0.1/39125] INFO  server.session (DefaultSessionIdManager.java:doStart(339)) - No SessionScavenger set, using defaults
2022-06-25 01:02:56,675 [Listener at 127.0.0.1/39125] INFO  server.session (HouseKeeper.java:startScavenging(132)) - node0 Scavenging every 600000ms
2022-06-25 01:02:56,676 [Listener at 127.0.0.1/39125] INFO  handler.ContextHandler (ContextHandler.java:doStart(915)) - Started o.e.j.s.ServletContextHandler@44a2d652{logs,/logs,file:///home/runner/work/ozone/ozone/hadoop-ozone/integration-test/target/log,AVAILABLE}
2022-06-25 01:02:56,677 [Listener at 127.0.0.1/39125] INFO  handler.ContextHandler (ContextHandler.java:doStart(915)) - Started o.e.j.s.ServletContextHandler@2dc8700c{static,/static,jar:file:/home/runner/.m2/repository/org/apache/ozone/hdds-container-service/1.3.0-SNAPSHOT/hdds-container-service-1.3.0-SNAPSHOT.jar!/webapps/static,AVAILABLE}
2022-06-25 01:02:56,879 [Listener at 127.0.0.1/39125] INFO  handler.ContextHandler (ContextHandler.java:doStart(915)) - Started o.e.j.w.WebAppContext@2de5b961{hddsDatanode,/,file:///tmp/jetty-0_0_0_0-33795-hdds-container-service-1_3_0-SNAPSHOT_jar-_-any-249472069852830791/webapp/,AVAILABLE}{jar:file:/home/runner/.m2/repository/org/apache/ozone/hdds-container-service/1.3.0-SNAPSHOT/hdds-container-service-1.3.0-SNAPSHOT.jar!/webapps/hddsDatanode}
2022-06-25 01:02:56,881 [Listener at 127.0.0.1/39125] INFO  server.AbstractConnector (AbstractConnector.java:doStart(331)) - Started ServerConnector@345c22ab{HTTP/1.1, (http/1.1)}{0.0.0.0:33795}
2022-06-25 01:02:56,881 [Listener at 127.0.0.1/39125] INFO  server.Server (Server.java:doStart(415)) - Started @10778ms
2022-06-25 01:02:56,881 [Listener at 127.0.0.1/39125] WARN  impl.MetricsSystemImpl (MetricsSystemImpl.java:register(279)) - Sink prometheus already exists!
2022-06-25 01:02:56,882 [Listener at 127.0.0.1/39125] INFO  http.BaseHttpServer (BaseHttpServer.java:updateConnectorAddress(329)) - HTTP server of hddsDatanode listening at http://0.0.0.0:33795
2022-06-25 01:02:56,883 [Listener at 127.0.0.1/39125] WARN  impl.MetricRegistriesImpl (MetricRegistriesImpl.java:addReporterRegistration(111)) - New reporters are added after registries were created. Some metrics will be missing from the reporter. Please add reporter before adding any new registry.
2022-06-25 01:02:56,883 [Listener at 127.0.0.1/39125] WARN  impl.MetricRegistriesImpl (MetricRegistriesImpl.java:addReporterRegistration(111)) - New reporters are added after registries were created. Some metrics will be missing from the reporter. Please add reporter before adding any new registry.
2022-06-25 01:02:56,883 [Listener at 127.0.0.1/39125] INFO  impl.MetricsSystemImpl (MetricsSystemImpl.java:init(158)) - HddsDatanode metrics system started (again)
2022-06-25 01:02:56,883 [Datanode State Machine Daemon Thread] INFO  statemachine.DatanodeStateMachine (DatanodeStateMachine.java:lambda$startDaemon$0(492)) - Ozone container server started.
2022-06-25 01:02:56,897 [Listener at 127.0.0.1/39125] INFO  ozone.HddsDatanodeService (HddsDatanodeService.java:start(236)) - HddsDatanodeService host:fv-az66-546.vwcdieab4koerntclszyavmfxa.dx.internal.cloudapp.net ip:10.1.0.8
2022-06-25 01:02:56,898 [org.apache.hadoop.util.JvmPauseMonitor$Monitor@7ff6faf9] INFO  util.JvmPauseMonitor (JvmPauseMonitor.java:run(188)) - Starting JVM pause monitor
2022-06-25 01:02:56,907 [Datanode State Machine Task Thread - 0] INFO  datanode.InitDatanodeState (InitDatanodeState.java:persistContainerDatanodeDetails(138)) - DatanodeDetails is persisted to /home/runner/work/ozone/ozone/hadoop-ozone/integration-test/target/test-dir/MiniOzoneClusterImpl-c4196b3a-7304-418b-bc70-42ac552e857c/datanode-2/meta/datanode.id
2022-06-25 01:02:56,936 [Listener at 127.0.0.1/39125] INFO  upgrade.AbstractLayoutVersionManager (AbstractLayoutVersionManager.java:init(82)) - Initializing Layout version manager with metadata layout = DATANODE_SCHEMA_V3 (version = 4), software layout = DATANODE_SCHEMA_V3 (version = 4)
2022-06-25 01:02:56,987 [Listener at 127.0.0.1/39125] INFO  reflections.Reflections (Reflections.java:scan(232)) - Reflections took 47 ms to scan 7 urls, producing 131 keys and 316 values 
2022-06-25 01:02:56,988 [Listener at 127.0.0.1/39125] INFO  statemachine.DatanodeStateMachine (DatanodeStateMachine.java:getEndPointTaskThreadPoolSize(237)) - Datanode State Machine Task Thread Pool size 2
2022-06-25 01:02:56,992 [Listener at 127.0.0.1/39125] INFO  volume.HddsVolume (HddsVolume.java:<init>(116)) - Creating HddsVolume: /home/runner/work/ozone/ozone/hadoop-ozone/integration-test/target/test-dir/MiniOzoneClusterImpl-c4196b3a-7304-418b-bc70-42ac552e857c/datanode-3/data-0/containers/hdds of storage type : DISK capacity : 9223372036854775807
2022-06-25 01:02:56,992 [Listener at 127.0.0.1/39125] INFO  volume.MutableVolumeSet (MutableVolumeSet.java:initializeVolumeSet(174)) - Added Volume : /home/runner/work/ozone/ozone/hadoop-ozone/integration-test/target/test-dir/MiniOzoneClusterImpl-c4196b3a-7304-418b-bc70-42ac552e857c/datanode-3/data-0/containers/hdds to VolumeSet
2022-06-25 01:02:56,992 [Listener at 127.0.0.1/39125] INFO  volume.ThrottledAsyncChecker (ThrottledAsyncChecker.java:schedule(141)) - Scheduling a check for /home/runner/work/ozone/ozone/hadoop-ozone/integration-test/target/test-dir/MiniOzoneClusterImpl-c4196b3a-7304-418b-bc70-42ac552e857c/datanode-3/data-0/containers/hdds
2022-06-25 01:02:56,994 [Listener at 127.0.0.1/39125] INFO  volume.StorageVolumeChecker (StorageVolumeChecker.java:checkAllVolumes(202)) - Scheduled health check for volume /home/runner/work/ozone/ozone/hadoop-ozone/integration-test/target/test-dir/MiniOzoneClusterImpl-c4196b3a-7304-418b-bc70-42ac552e857c/datanode-3/data-0/containers/hdds
2022-06-25 01:02:57,006 [Listener at 127.0.0.1/39125] INFO  volume.MutableVolumeSet (MutableVolumeSet.java:initializeVolumeSet(174)) - Added Volume : /home/runner/work/ozone/ozone/hadoop-ozone/integration-test/target/test-dir/MiniOzoneClusterImpl-c4196b3a-7304-418b-bc70-42ac552e857c/datanode-3/data/ratis to VolumeSet
2022-06-25 01:02:57,006 [Listener at 127.0.0.1/39125] INFO  volume.ThrottledAsyncChecker (ThrottledAsyncChecker.java:schedule(141)) - Scheduling a check for /home/runner/work/ozone/ozone/hadoop-ozone/integration-test/target/test-dir/MiniOzoneClusterImpl-c4196b3a-7304-418b-bc70-42ac552e857c/datanode-3/data/ratis
2022-06-25 01:02:57,007 [Listener at 127.0.0.1/39125] INFO  volume.StorageVolumeChecker (StorageVolumeChecker.java:checkAllVolumes(202)) - Scheduled health check for volume /home/runner/work/ozone/ozone/hadoop-ozone/integration-test/target/test-dir/MiniOzoneClusterImpl-c4196b3a-7304-418b-bc70-42ac552e857c/datanode-3/data/ratis
2022-06-25 01:02:57,023 [Thread-177] INFO  ozoneimpl.ContainerReader (ContainerReader.java:readVolume(172)) - Finish verifying containers on volume /home/runner/work/ozone/ozone/hadoop-ozone/integration-test/target/test-dir/MiniOzoneClusterImpl-c4196b3a-7304-418b-bc70-42ac552e857c/datanode-3/data-0/containers/hdds
2022-06-25 01:02:57,023 [Listener at 127.0.0.1/39125] INFO  ozoneimpl.OzoneContainer (OzoneContainer.java:buildContainerSet(266)) - Build ContainerSet costs 0s
2022-06-25 01:02:57,027 [Listener at 127.0.0.1/39125] INFO  server.RaftServer (ConfUtils.java:logGet(46)) - raft.rpc.type = GRPC (default)
2022-06-25 01:02:57,027 [Listener at 127.0.0.1/39125] INFO  grpc.GrpcFactory (GrpcFactory.java:checkPooledByteBufAllocatorUseCacheForAllThreads(48)) - PERFORMANCE WARNING: useCacheForAllThreads is true that may cause Netty to create a lot garbage objects and, as a result, trigger GC.
	It is recommended to disable useCacheForAllThreads by setting -Dorg.apache.ratis.thirdparty.io.netty.allocator.useCacheForAllThreads=false in command line.
2022-06-25 01:02:57,027 [Listener at 127.0.0.1/39125] INFO  grpc.GrpcConfigKeys (ConfUtils.java:logGet(46)) - raft.grpc.admin.port = 0 (custom)
2022-06-25 01:02:57,027 [Listener at 127.0.0.1/39125] INFO  grpc.GrpcConfigKeys (ConfUtils.java:logGet(46)) - raft.grpc.client.port = 0 (custom)
2022-06-25 01:02:57,027 [Listener at 127.0.0.1/39125] INFO  grpc.GrpcConfigKeys (ConfUtils.java:logGet(46)) - raft.grpc.server.port = 0 (default)
2022-06-25 01:02:57,028 [Listener at 127.0.0.1/39125] INFO  server.GrpcService (ConfUtils.java:logGet(46)) - raft.grpc.message.size.max = 32MB (=33554432) (custom)
2022-06-25 01:02:57,028 [Listener at 127.0.0.1/39125] INFO  server.RaftServerConfigKeys (ConfUtils.java:logGet(46)) - raft.server.log.appender.buffer.byte-limit = 33554432 (custom)
2022-06-25 01:02:57,028 [Listener at 127.0.0.1/39125] INFO  server.GrpcService (ConfUtils.java:logGet(46)) - raft.grpc.flow.control.window = 5MB (=5242880) (custom)
2022-06-25 01:02:57,028 [Listener at 127.0.0.1/39125] INFO  server.RaftServerConfigKeys (ConfUtils.java:logGet(46)) - raft.server.rpc.request.timeout = 60s (custom)
2022-06-25 01:02:57,028 [Listener at 127.0.0.1/39125] INFO  grpc.GrpcConfigKeys (ConfUtils.java:logGet(46)) - raft.grpc.server.async.request.thread.pool.cached = true (default)
2022-06-25 01:02:57,028 [Listener at 127.0.0.1/39125] INFO  grpc.GrpcConfigKeys (ConfUtils.java:logGet(46)) - raft.grpc.server.async.request.thread.pool.size = 32 (default)
2022-06-25 01:02:57,030 [Listener at 127.0.0.1/39125] INFO  impl.DataStreamServerImpl (ConfUtils.java:logGet(46)) - raft.datastream.type = DISABLED (default)
2022-06-25 01:02:57,030 [Listener at 127.0.0.1/39125] INFO  server.RaftServerConfigKeys (ConfUtils.java:logGet(46)) - raft.server.threadpool.proxy.cached = true (default)
2022-06-25 01:02:57,030 [Listener at 127.0.0.1/39125] INFO  server.RaftServerConfigKeys (ConfUtils.java:logGet(46)) - raft.server.threadpool.proxy.size = 0 (default)
2022-06-25 01:02:57,030 [Listener at 127.0.0.1/39125] INFO  server.RaftServerConfigKeys (ConfUtils.java:logGet(46)) - raft.server.rpc.slowness.timeout = 300s (custom)
2022-06-25 01:02:57,030 [Listener at 127.0.0.1/39125] INFO  server.RaftServerConfigKeys (ConfUtils.java:logGet(46)) - raft.server.leaderelection.leader.step-down.wait-time = 10s (default)
2022-06-25 01:02:57,031 [Listener at 127.0.0.1/39125] INFO  server.RaftServerConfigKeys (ConfUtils.java:logGet(46)) - raft.server.storage.dir = [/home/runner/work/ozone/ozone/hadoop-ozone/integration-test/target/test-dir/MiniOzoneClusterImpl-c4196b3a-7304-418b-bc70-42ac552e857c/datanode-3/data/ratis] (custom)
2022-06-25 01:02:57,033 [Listener at 127.0.0.1/39125] INFO  server.XceiverServerGrpc (XceiverServerGrpc.java:<init>(132)) - GrpcServer channel type EpollServerSocketChannel
2022-06-25 01:02:57,037 [Listener at 127.0.0.1/39125] INFO  http.BaseHttpServer (BaseHttpServer.java:newHttpServer2BuilderForOzone(209)) - Starting Web-server for hddsDatanode at: http://0.0.0.0:0
2022-06-25 01:02:57,038 [Listener at 127.0.0.1/39125] INFO  http.BaseHttpServer (BaseHttpServer.java:<init>(107)) - Hadoop Security Enabled: false Ozone Security Enabled: false Ozone HTTP Security Enabled: false 
2022-06-25 01:02:57,041 [Listener at 127.0.0.1/39125] INFO  server.AuthenticationFilter (AuthenticationFilter.java:constructSecretProvider(240)) - Unable to initialize FileSignerSecretProvider, falling back to use random secrets.
2022-06-25 01:02:57,041 [Listener at 127.0.0.1/39125] WARN  http.HttpRequestLog (HttpRequestLog.java:getRequestLog(103)) - Jetty request log can only be enabled using Log4j
2022-06-25 01:02:57,043 [Listener at 127.0.0.1/39125] INFO  http.HttpServer2 (HttpServer2.java:addGlobalFilter(1029)) - Added global filter 'safety' (class=org.apache.hadoop.hdds.server.http.HttpServer2$QuotingInputFilter)
2022-06-25 01:02:57,044 [Listener at 127.0.0.1/39125] INFO  http.HttpServer2 (HttpServer2.java:addFilter(1005)) - Added filter static_user_filter (class=org.apache.hadoop.http.lib.StaticUserWebFilter$StaticUserFilter) to context hddsDatanode
2022-06-25 01:02:57,045 [Listener at 127.0.0.1/39125] INFO  http.HttpServer2 (HttpServer2.java:addFilter(1013)) - Added filter static_user_filter (class=org.apache.hadoop.http.lib.StaticUserWebFilter$StaticUserFilter) to context logs
2022-06-25 01:02:57,045 [Listener at 127.0.0.1/39125] INFO  http.HttpServer2 (HttpServer2.java:addFilter(1013)) - Added filter static_user_filter (class=org.apache.hadoop.http.lib.StaticUserWebFilter$StaticUserFilter) to context static
2022-06-25 01:02:57,047 [Listener at 127.0.0.1/39125] INFO  http.HttpServer2 (HttpServer2.java:bindListener(1248)) - Jetty bound to port 39155
2022-06-25 01:02:57,047 [Listener at 127.0.0.1/39125] INFO  server.Server (Server.java:doStart(375)) - jetty-9.4.43.v20210629; built: 2021-06-30T11:07:22.254Z; git: 526006ecfa3af7f1a27ef3a288e2bef7ea9dd7e8; jvm 1.8.0_332-b09
2022-06-25 01:02:57,051 [Listener at 127.0.0.1/39125] INFO  server.session (DefaultSessionIdManager.java:doStart(334)) - DefaultSessionIdManager workerName=node0
2022-06-25 01:02:57,051 [Listener at 127.0.0.1/39125] INFO  server.session (DefaultSessionIdManager.java:doStart(339)) - No SessionScavenger set, using defaults
2022-06-25 01:02:57,051 [Listener at 127.0.0.1/39125] INFO  server.session (HouseKeeper.java:startScavenging(132)) - node0 Scavenging every 600000ms
2022-06-25 01:02:57,052 [Listener at 127.0.0.1/39125] INFO  handler.ContextHandler (ContextHandler.java:doStart(915)) - Started o.e.j.s.ServletContextHandler@69e1ca06{logs,/logs,file:///home/runner/work/ozone/ozone/hadoop-ozone/integration-test/target/log,AVAILABLE}
2022-06-25 01:02:57,053 [Listener at 127.0.0.1/39125] INFO  handler.ContextHandler (ContextHandler.java:doStart(915)) - Started o.e.j.s.ServletContextHandler@7de0c467{static,/static,jar:file:/home/runner/.m2/repository/org/apache/ozone/hdds-container-service/1.3.0-SNAPSHOT/hdds-container-service-1.3.0-SNAPSHOT.jar!/webapps/static,AVAILABLE}
2022-06-25 01:02:57,174 [ReplicationMonitor] INFO  replication.ReplicationManager (ReplicationManager.java:processAll(228)) - Replication Manager is not ready to run until 3000ms after safemode exit
2022-06-25 01:02:57,244 [Listener at 127.0.0.1/39125] INFO  handler.ContextHandler (ContextHandler.java:doStart(915)) - Started o.e.j.w.WebAppContext@24bc57f4{hddsDatanode,/,file:///tmp/jetty-0_0_0_0-39155-hdds-container-service-1_3_0-SNAPSHOT_jar-_-any-544607916709623119/webapp/,AVAILABLE}{jar:file:/home/runner/.m2/repository/org/apache/ozone/hdds-container-service/1.3.0-SNAPSHOT/hdds-container-service-1.3.0-SNAPSHOT.jar!/webapps/hddsDatanode}
2022-06-25 01:02:57,245 [Listener at 127.0.0.1/39125] INFO  server.AbstractConnector (AbstractConnector.java:doStart(331)) - Started ServerConnector@75c89bfd{HTTP/1.1, (http/1.1)}{0.0.0.0:39155}
2022-06-25 01:02:57,246 [Listener at 127.0.0.1/39125] INFO  server.Server (Server.java:doStart(415)) - Started @11142ms
2022-06-25 01:02:57,246 [Listener at 127.0.0.1/39125] WARN  impl.MetricsSystemImpl (MetricsSystemImpl.java:register(279)) - Sink prometheus already exists!
2022-06-25 01:02:57,246 [Listener at 127.0.0.1/39125] INFO  http.BaseHttpServer (BaseHttpServer.java:updateConnectorAddress(329)) - HTTP server of hddsDatanode listening at http://0.0.0.0:39155
2022-06-25 01:02:57,254 [Datanode State Machine Daemon Thread] INFO  statemachine.DatanodeStateMachine (DatanodeStateMachine.java:lambda$startDaemon$0(492)) - Ozone container server started.
2022-06-25 01:02:57,254 [Listener at 127.0.0.1/39125] WARN  impl.MetricRegistriesImpl (MetricRegistriesImpl.java:addReporterRegistration(111)) - New reporters are added after registries were created. Some metrics will be missing from the reporter. Please add reporter before adding any new registry.
2022-06-25 01:02:57,258 [Listener at 127.0.0.1/39125] WARN  impl.MetricRegistriesImpl (MetricRegistriesImpl.java:addReporterRegistration(111)) - New reporters are added after registries were created. Some metrics will be missing from the reporter. Please add reporter before adding any new registry.
2022-06-25 01:02:57,258 [Listener at 127.0.0.1/39125] INFO  impl.MetricsSystemImpl (MetricsSystemImpl.java:init(158)) - HddsDatanode metrics system started (again)
2022-06-25 01:02:57,260 [org.apache.hadoop.util.JvmPauseMonitor$Monitor@2f2b1d0b] INFO  util.JvmPauseMonitor (JvmPauseMonitor.java:run(188)) - Starting JVM pause monitor
2022-06-25 01:02:57,262 [Datanode State Machine Task Thread - 0] INFO  datanode.InitDatanodeState (InitDatanodeState.java:persistContainerDatanodeDetails(138)) - DatanodeDetails is persisted to /home/runner/work/ozone/ozone/hadoop-ozone/integration-test/target/test-dir/MiniOzoneClusterImpl-c4196b3a-7304-418b-bc70-42ac552e857c/datanode-3/meta/datanode.id
2022-06-25 01:02:57,274 [Listener at 127.0.0.1/39125] INFO  ozone.HddsDatanodeService (HddsDatanodeService.java:start(236)) - HddsDatanodeService host:fv-az66-546.vwcdieab4koerntclszyavmfxa.dx.internal.cloudapp.net ip:10.1.0.8
2022-06-25 01:02:57,301 [Listener at 127.0.0.1/39125] INFO  upgrade.AbstractLayoutVersionManager (AbstractLayoutVersionManager.java:init(82)) - Initializing Layout version manager with metadata layout = DATANODE_SCHEMA_V3 (version = 4), software layout = DATANODE_SCHEMA_V3 (version = 4)
2022-06-25 01:02:57,350 [Listener at 127.0.0.1/39125] INFO  reflections.Reflections (Reflections.java:scan(232)) - Reflections took 47 ms to scan 7 urls, producing 131 keys and 316 values 
2022-06-25 01:02:57,351 [Listener at 127.0.0.1/39125] INFO  statemachine.DatanodeStateMachine (DatanodeStateMachine.java:getEndPointTaskThreadPoolSize(237)) - Datanode State Machine Task Thread Pool size 2
2022-06-25 01:02:57,355 [Listener at 127.0.0.1/39125] INFO  volume.HddsVolume (HddsVolume.java:<init>(116)) - Creating HddsVolume: /home/runner/work/ozone/ozone/hadoop-ozone/integration-test/target/test-dir/MiniOzoneClusterImpl-c4196b3a-7304-418b-bc70-42ac552e857c/datanode-4/data-0/containers/hdds of storage type : DISK capacity : 9223372036854775807
2022-06-25 01:02:57,356 [Listener at 127.0.0.1/39125] INFO  volume.MutableVolumeSet (MutableVolumeSet.java:initializeVolumeSet(174)) - Added Volume : /home/runner/work/ozone/ozone/hadoop-ozone/integration-test/target/test-dir/MiniOzoneClusterImpl-c4196b3a-7304-418b-bc70-42ac552e857c/datanode-4/data-0/containers/hdds to VolumeSet
2022-06-25 01:02:57,356 [Listener at 127.0.0.1/39125] INFO  volume.ThrottledAsyncChecker (ThrottledAsyncChecker.java:schedule(141)) - Scheduling a check for /home/runner/work/ozone/ozone/hadoop-ozone/integration-test/target/test-dir/MiniOzoneClusterImpl-c4196b3a-7304-418b-bc70-42ac552e857c/datanode-4/data-0/containers/hdds
2022-06-25 01:02:57,362 [Listener at 127.0.0.1/39125] INFO  volume.StorageVolumeChecker (StorageVolumeChecker.java:checkAllVolumes(202)) - Scheduled health check for volume /home/runner/work/ozone/ozone/hadoop-ozone/integration-test/target/test-dir/MiniOzoneClusterImpl-c4196b3a-7304-418b-bc70-42ac552e857c/datanode-4/data-0/containers/hdds
2022-06-25 01:02:57,374 [Listener at 127.0.0.1/39125] INFO  volume.MutableVolumeSet (MutableVolumeSet.java:initializeVolumeSet(174)) - Added Volume : /home/runner/work/ozone/ozone/hadoop-ozone/integration-test/target/test-dir/MiniOzoneClusterImpl-c4196b3a-7304-418b-bc70-42ac552e857c/datanode-4/data/ratis to VolumeSet
2022-06-25 01:02:57,374 [Listener at 127.0.0.1/39125] INFO  volume.ThrottledAsyncChecker (ThrottledAsyncChecker.java:schedule(141)) - Scheduling a check for /home/runner/work/ozone/ozone/hadoop-ozone/integration-test/target/test-dir/MiniOzoneClusterImpl-c4196b3a-7304-418b-bc70-42ac552e857c/datanode-4/data/ratis
2022-06-25 01:02:57,374 [Listener at 127.0.0.1/39125] INFO  volume.StorageVolumeChecker (StorageVolumeChecker.java:checkAllVolumes(202)) - Scheduled health check for volume /home/runner/work/ozone/ozone/hadoop-ozone/integration-test/target/test-dir/MiniOzoneClusterImpl-c4196b3a-7304-418b-bc70-42ac552e857c/datanode-4/data/ratis
2022-06-25 01:02:57,387 [Thread-190] INFO  ozoneimpl.ContainerReader (ContainerReader.java:readVolume(172)) - Finish verifying containers on volume /home/runner/work/ozone/ozone/hadoop-ozone/integration-test/target/test-dir/MiniOzoneClusterImpl-c4196b3a-7304-418b-bc70-42ac552e857c/datanode-4/data-0/containers/hdds
2022-06-25 01:02:57,387 [Listener at 127.0.0.1/39125] INFO  ozoneimpl.OzoneContainer (OzoneContainer.java:buildContainerSet(266)) - Build ContainerSet costs 0s
2022-06-25 01:02:57,391 [Listener at 127.0.0.1/39125] INFO  server.RaftServer (ConfUtils.java:logGet(46)) - raft.rpc.type = GRPC (default)
2022-06-25 01:02:57,391 [Listener at 127.0.0.1/39125] INFO  grpc.GrpcFactory (GrpcFactory.java:checkPooledByteBufAllocatorUseCacheForAllThreads(48)) - PERFORMANCE WARNING: useCacheForAllThreads is true that may cause Netty to create a lot garbage objects and, as a result, trigger GC.
	It is recommended to disable useCacheForAllThreads by setting -Dorg.apache.ratis.thirdparty.io.netty.allocator.useCacheForAllThreads=false in command line.
2022-06-25 01:02:57,391 [Listener at 127.0.0.1/39125] INFO  grpc.GrpcConfigKeys (ConfUtils.java:logGet(46)) - raft.grpc.admin.port = 0 (custom)
2022-06-25 01:02:57,391 [Listener at 127.0.0.1/39125] INFO  grpc.GrpcConfigKeys (ConfUtils.java:logGet(46)) - raft.grpc.client.port = 0 (custom)
2022-06-25 01:02:57,392 [Listener at 127.0.0.1/39125] INFO  grpc.GrpcConfigKeys (ConfUtils.java:logGet(46)) - raft.grpc.server.port = 0 (default)
2022-06-25 01:02:57,392 [Listener at 127.0.0.1/39125] INFO  server.GrpcService (ConfUtils.java:logGet(46)) - raft.grpc.message.size.max = 32MB (=33554432) (custom)
2022-06-25 01:02:57,392 [Listener at 127.0.0.1/39125] INFO  server.RaftServerConfigKeys (ConfUtils.java:logGet(46)) - raft.server.log.appender.buffer.byte-limit = 33554432 (custom)
2022-06-25 01:02:57,392 [Listener at 127.0.0.1/39125] INFO  server.GrpcService (ConfUtils.java:logGet(46)) - raft.grpc.flow.control.window = 5MB (=5242880) (custom)
2022-06-25 01:02:57,392 [Listener at 127.0.0.1/39125] INFO  server.RaftServerConfigKeys (ConfUtils.java:logGet(46)) - raft.server.rpc.request.timeout = 60s (custom)
2022-06-25 01:02:57,392 [Listener at 127.0.0.1/39125] INFO  grpc.GrpcConfigKeys (ConfUtils.java:logGet(46)) - raft.grpc.server.async.request.thread.pool.cached = true (default)
2022-06-25 01:02:57,392 [Listener at 127.0.0.1/39125] INFO  grpc.GrpcConfigKeys (ConfUtils.java:logGet(46)) - raft.grpc.server.async.request.thread.pool.size = 32 (default)
2022-06-25 01:02:57,394 [Listener at 127.0.0.1/39125] INFO  impl.DataStreamServerImpl (ConfUtils.java:logGet(46)) - raft.datastream.type = DISABLED (default)
2022-06-25 01:02:57,394 [Listener at 127.0.0.1/39125] INFO  server.RaftServerConfigKeys (ConfUtils.java:logGet(46)) - raft.server.threadpool.proxy.cached = true (default)
2022-06-25 01:02:57,394 [Listener at 127.0.0.1/39125] INFO  server.RaftServerConfigKeys (ConfUtils.java:logGet(46)) - raft.server.threadpool.proxy.size = 0 (default)
2022-06-25 01:02:57,394 [Listener at 127.0.0.1/39125] INFO  server.RaftServerConfigKeys (ConfUtils.java:logGet(46)) - raft.server.rpc.slowness.timeout = 300s (custom)
2022-06-25 01:02:57,395 [Listener at 127.0.0.1/39125] INFO  server.RaftServerConfigKeys (ConfUtils.java:logGet(46)) - raft.server.leaderelection.leader.step-down.wait-time = 10s (default)
2022-06-25 01:02:57,395 [Listener at 127.0.0.1/39125] INFO  server.RaftServerConfigKeys (ConfUtils.java:logGet(46)) - raft.server.storage.dir = [/home/runner/work/ozone/ozone/hadoop-ozone/integration-test/target/test-dir/MiniOzoneClusterImpl-c4196b3a-7304-418b-bc70-42ac552e857c/datanode-4/data/ratis] (custom)
2022-06-25 01:02:57,397 [Listener at 127.0.0.1/39125] INFO  server.XceiverServerGrpc (XceiverServerGrpc.java:<init>(132)) - GrpcServer channel type EpollServerSocketChannel
2022-06-25 01:02:57,400 [Listener at 127.0.0.1/39125] INFO  http.BaseHttpServer (BaseHttpServer.java:newHttpServer2BuilderForOzone(209)) - Starting Web-server for hddsDatanode at: http://0.0.0.0:0
2022-06-25 01:02:57,400 [Listener at 127.0.0.1/39125] INFO  http.BaseHttpServer (BaseHttpServer.java:<init>(107)) - Hadoop Security Enabled: false Ozone Security Enabled: false Ozone HTTP Security Enabled: false 
2022-06-25 01:02:57,402 [Listener at 127.0.0.1/39125] INFO  server.AuthenticationFilter (AuthenticationFilter.java:constructSecretProvider(240)) - Unable to initialize FileSignerSecretProvider, falling back to use random secrets.
2022-06-25 01:02:57,403 [Listener at 127.0.0.1/39125] WARN  http.HttpRequestLog (HttpRequestLog.java:getRequestLog(103)) - Jetty request log can only be enabled using Log4j
2022-06-25 01:02:57,405 [Listener at 127.0.0.1/39125] INFO  http.HttpServer2 (HttpServer2.java:addGlobalFilter(1029)) - Added global filter 'safety' (class=org.apache.hadoop.hdds.server.http.HttpServer2$QuotingInputFilter)
2022-06-25 01:02:57,406 [Listener at 127.0.0.1/39125] INFO  http.HttpServer2 (HttpServer2.java:addFilter(1005)) - Added filter static_user_filter (class=org.apache.hadoop.http.lib.StaticUserWebFilter$StaticUserFilter) to context hddsDatanode
2022-06-25 01:02:57,406 [Listener at 127.0.0.1/39125] INFO  http.HttpServer2 (HttpServer2.java:addFilter(1013)) - Added filter static_user_filter (class=org.apache.hadoop.http.lib.StaticUserWebFilter$StaticUserFilter) to context static
2022-06-25 01:02:57,406 [Listener at 127.0.0.1/39125] INFO  http.HttpServer2 (HttpServer2.java:addFilter(1013)) - Added filter static_user_filter (class=org.apache.hadoop.http.lib.StaticUserWebFilter$StaticUserFilter) to context logs
2022-06-25 01:02:57,407 [Listener at 127.0.0.1/39125] INFO  http.HttpServer2 (HttpServer2.java:bindListener(1248)) - Jetty bound to port 43233
2022-06-25 01:02:57,407 [Listener at 127.0.0.1/39125] INFO  server.Server (Server.java:doStart(375)) - jetty-9.4.43.v20210629; built: 2021-06-30T11:07:22.254Z; git: 526006ecfa3af7f1a27ef3a288e2bef7ea9dd7e8; jvm 1.8.0_332-b09
2022-06-25 01:02:57,420 [Listener at 127.0.0.1/39125] INFO  server.session (DefaultSessionIdManager.java:doStart(334)) - DefaultSessionIdManager workerName=node0
2022-06-25 01:02:57,420 [Listener at 127.0.0.1/39125] INFO  server.session (DefaultSessionIdManager.java:doStart(339)) - No SessionScavenger set, using defaults
2022-06-25 01:02:57,421 [Listener at 127.0.0.1/39125] INFO  server.session (HouseKeeper.java:startScavenging(132)) - node0 Scavenging every 660000ms
2022-06-25 01:02:57,421 [Listener at 127.0.0.1/39125] INFO  handler.ContextHandler (ContextHandler.java:doStart(915)) - Started o.e.j.s.ServletContextHandler@74e0482d{logs,/logs,file:///home/runner/work/ozone/ozone/hadoop-ozone/integration-test/target/log,AVAILABLE}
2022-06-25 01:02:57,422 [Listener at 127.0.0.1/39125] INFO  handler.ContextHandler (ContextHandler.java:doStart(915)) - Started o.e.j.s.ServletContextHandler@14936630{static,/static,jar:file:/home/runner/.m2/repository/org/apache/ozone/hdds-container-service/1.3.0-SNAPSHOT/hdds-container-service-1.3.0-SNAPSHOT.jar!/webapps/static,AVAILABLE}
2022-06-25 01:02:57,625 [Listener at 127.0.0.1/39125] INFO  handler.ContextHandler (ContextHandler.java:doStart(915)) - Started o.e.j.w.WebAppContext@14266c0{hddsDatanode,/,file:///tmp/jetty-0_0_0_0-43233-hdds-container-service-1_3_0-SNAPSHOT_jar-_-any-2132105475803064140/webapp/,AVAILABLE}{jar:file:/home/runner/.m2/repository/org/apache/ozone/hdds-container-service/1.3.0-SNAPSHOT/hdds-container-service-1.3.0-SNAPSHOT.jar!/webapps/hddsDatanode}
2022-06-25 01:02:57,626 [Listener at 127.0.0.1/39125] INFO  server.AbstractConnector (AbstractConnector.java:doStart(331)) - Started ServerConnector@5d993b8d{HTTP/1.1, (http/1.1)}{0.0.0.0:43233}
2022-06-25 01:02:57,626 [Listener at 127.0.0.1/39125] INFO  server.Server (Server.java:doStart(415)) - Started @11523ms
2022-06-25 01:02:57,627 [Listener at 127.0.0.1/39125] WARN  impl.MetricsSystemImpl (MetricsSystemImpl.java:register(279)) - Sink prometheus already exists!
2022-06-25 01:02:57,627 [Listener at 127.0.0.1/39125] INFO  http.BaseHttpServer (BaseHttpServer.java:updateConnectorAddress(329)) - HTTP server of hddsDatanode listening at http://0.0.0.0:43233
2022-06-25 01:02:57,628 [Datanode State Machine Daemon Thread] INFO  statemachine.DatanodeStateMachine (DatanodeStateMachine.java:lambda$startDaemon$0(492)) - Ozone container server started.
2022-06-25 01:02:57,629 [Listener at 127.0.0.1/39125] WARN  impl.MetricRegistriesImpl (MetricRegistriesImpl.java:addReporterRegistration(111)) - New reporters are added after registries were created. Some metrics will be missing from the reporter. Please add reporter before adding any new registry.
2022-06-25 01:02:57,630 [Listener at 127.0.0.1/39125] WARN  impl.MetricRegistriesImpl (MetricRegistriesImpl.java:addReporterRegistration(111)) - New reporters are added after registries were created. Some metrics will be missing from the reporter. Please add reporter before adding any new registry.
2022-06-25 01:02:57,630 [Listener at 127.0.0.1/39125] INFO  impl.MetricsSystemImpl (MetricsSystemImpl.java:init(158)) - HddsDatanode metrics system started (again)
2022-06-25 01:02:57,632 [org.apache.hadoop.util.JvmPauseMonitor$Monitor@6646843c] INFO  util.JvmPauseMonitor (JvmPauseMonitor.java:run(188)) - Starting JVM pause monitor
2022-06-25 01:02:57,636 [Datanode State Machine Task Thread - 0] INFO  datanode.InitDatanodeState (InitDatanodeState.java:persistContainerDatanodeDetails(138)) - DatanodeDetails is persisted to /home/runner/work/ozone/ozone/hadoop-ozone/integration-test/target/test-dir/MiniOzoneClusterImpl-c4196b3a-7304-418b-bc70-42ac552e857c/datanode-4/meta/datanode.id
2022-06-25 01:02:57,649 [Listener at 127.0.0.1/39125] INFO  ozone.HddsDatanodeService (HddsDatanodeService.java:start(236)) - HddsDatanodeService host:fv-az66-546.vwcdieab4koerntclszyavmfxa.dx.internal.cloudapp.net ip:10.1.0.8
2022-06-25 01:02:57,689 [Listener at 127.0.0.1/39125] INFO  upgrade.AbstractLayoutVersionManager (AbstractLayoutVersionManager.java:init(82)) - Initializing Layout version manager with metadata layout = DATANODE_SCHEMA_V3 (version = 4), software layout = DATANODE_SCHEMA_V3 (version = 4)
2022-06-25 01:02:57,739 [Listener at 127.0.0.1/39125] INFO  reflections.Reflections (Reflections.java:scan(232)) - Reflections took 48 ms to scan 7 urls, producing 131 keys and 316 values 
2022-06-25 01:02:57,740 [Listener at 127.0.0.1/39125] INFO  statemachine.DatanodeStateMachine (DatanodeStateMachine.java:getEndPointTaskThreadPoolSize(237)) - Datanode State Machine Task Thread Pool size 2
2022-06-25 01:02:57,743 [Listener at 127.0.0.1/39125] INFO  volume.HddsVolume (HddsVolume.java:<init>(116)) - Creating HddsVolume: /home/runner/work/ozone/ozone/hadoop-ozone/integration-test/target/test-dir/MiniOzoneClusterImpl-c4196b3a-7304-418b-bc70-42ac552e857c/datanode-5/data-0/containers/hdds of storage type : DISK capacity : 9223372036854775807
2022-06-25 01:02:57,743 [Listener at 127.0.0.1/39125] INFO  volume.MutableVolumeSet (MutableVolumeSet.java:initializeVolumeSet(174)) - Added Volume : /home/runner/work/ozone/ozone/hadoop-ozone/integration-test/target/test-dir/MiniOzoneClusterImpl-c4196b3a-7304-418b-bc70-42ac552e857c/datanode-5/data-0/containers/hdds to VolumeSet
2022-06-25 01:02:57,743 [Listener at 127.0.0.1/39125] INFO  volume.ThrottledAsyncChecker (ThrottledAsyncChecker.java:schedule(141)) - Scheduling a check for /home/runner/work/ozone/ozone/hadoop-ozone/integration-test/target/test-dir/MiniOzoneClusterImpl-c4196b3a-7304-418b-bc70-42ac552e857c/datanode-5/data-0/containers/hdds
2022-06-25 01:02:57,744 [Listener at 127.0.0.1/39125] INFO  volume.StorageVolumeChecker (StorageVolumeChecker.java:checkAllVolumes(202)) - Scheduled health check for volume /home/runner/work/ozone/ozone/hadoop-ozone/integration-test/target/test-dir/MiniOzoneClusterImpl-c4196b3a-7304-418b-bc70-42ac552e857c/datanode-5/data-0/containers/hdds
2022-06-25 01:02:57,755 [Listener at 127.0.0.1/39125] INFO  volume.MutableVolumeSet (MutableVolumeSet.java:initializeVolumeSet(174)) - Added Volume : /home/runner/work/ozone/ozone/hadoop-ozone/integration-test/target/test-dir/MiniOzoneClusterImpl-c4196b3a-7304-418b-bc70-42ac552e857c/datanode-5/data/ratis to VolumeSet
2022-06-25 01:02:57,755 [Listener at 127.0.0.1/39125] INFO  volume.ThrottledAsyncChecker (ThrottledAsyncChecker.java:schedule(141)) - Scheduling a check for /home/runner/work/ozone/ozone/hadoop-ozone/integration-test/target/test-dir/MiniOzoneClusterImpl-c4196b3a-7304-418b-bc70-42ac552e857c/datanode-5/data/ratis
2022-06-25 01:02:57,756 [Listener at 127.0.0.1/39125] INFO  volume.StorageVolumeChecker (StorageVolumeChecker.java:checkAllVolumes(202)) - Scheduled health check for volume /home/runner/work/ozone/ozone/hadoop-ozone/integration-test/target/test-dir/MiniOzoneClusterImpl-c4196b3a-7304-418b-bc70-42ac552e857c/datanode-5/data/ratis
2022-06-25 01:02:57,767 [Thread-203] INFO  ozoneimpl.ContainerReader (ContainerReader.java:readVolume(172)) - Finish verifying containers on volume /home/runner/work/ozone/ozone/hadoop-ozone/integration-test/target/test-dir/MiniOzoneClusterImpl-c4196b3a-7304-418b-bc70-42ac552e857c/datanode-5/data-0/containers/hdds
2022-06-25 01:02:57,767 [Listener at 127.0.0.1/39125] INFO  ozoneimpl.OzoneContainer (OzoneContainer.java:buildContainerSet(266)) - Build ContainerSet costs 0s
2022-06-25 01:02:57,770 [Listener at 127.0.0.1/39125] INFO  server.RaftServer (ConfUtils.java:logGet(46)) - raft.rpc.type = GRPC (default)
2022-06-25 01:02:57,771 [Listener at 127.0.0.1/39125] INFO  grpc.GrpcFactory (GrpcFactory.java:checkPooledByteBufAllocatorUseCacheForAllThreads(48)) - PERFORMANCE WARNING: useCacheForAllThreads is true that may cause Netty to create a lot garbage objects and, as a result, trigger GC.
	It is recommended to disable useCacheForAllThreads by setting -Dorg.apache.ratis.thirdparty.io.netty.allocator.useCacheForAllThreads=false in command line.
2022-06-25 01:02:57,771 [Listener at 127.0.0.1/39125] INFO  grpc.GrpcConfigKeys (ConfUtils.java:logGet(46)) - raft.grpc.admin.port = 0 (custom)
2022-06-25 01:02:57,771 [Listener at 127.0.0.1/39125] INFO  grpc.GrpcConfigKeys (ConfUtils.java:logGet(46)) - raft.grpc.client.port = 0 (custom)
2022-06-25 01:02:57,771 [Listener at 127.0.0.1/39125] INFO  grpc.GrpcConfigKeys (ConfUtils.java:logGet(46)) - raft.grpc.server.port = 0 (default)
2022-06-25 01:02:57,771 [Listener at 127.0.0.1/39125] INFO  server.GrpcService (ConfUtils.java:logGet(46)) - raft.grpc.message.size.max = 32MB (=33554432) (custom)
2022-06-25 01:02:57,771 [Listener at 127.0.0.1/39125] INFO  server.RaftServerConfigKeys (ConfUtils.java:logGet(46)) - raft.server.log.appender.buffer.byte-limit = 33554432 (custom)
2022-06-25 01:02:57,771 [Listener at 127.0.0.1/39125] INFO  server.GrpcService (ConfUtils.java:logGet(46)) - raft.grpc.flow.control.window = 5MB (=5242880) (custom)
2022-06-25 01:02:57,771 [Listener at 127.0.0.1/39125] INFO  server.RaftServerConfigKeys (ConfUtils.java:logGet(46)) - raft.server.rpc.request.timeout = 60s (custom)
2022-06-25 01:02:57,772 [Listener at 127.0.0.1/39125] INFO  grpc.GrpcConfigKeys (ConfUtils.java:logGet(46)) - raft.grpc.server.async.request.thread.pool.cached = true (default)
2022-06-25 01:02:57,772 [Listener at 127.0.0.1/39125] INFO  grpc.GrpcConfigKeys (ConfUtils.java:logGet(46)) - raft.grpc.server.async.request.thread.pool.size = 32 (default)
2022-06-25 01:02:57,773 [Listener at 127.0.0.1/39125] INFO  impl.DataStreamServerImpl (ConfUtils.java:logGet(46)) - raft.datastream.type = DISABLED (default)
2022-06-25 01:02:57,773 [Listener at 127.0.0.1/39125] INFO  server.RaftServerConfigKeys (ConfUtils.java:logGet(46)) - raft.server.threadpool.proxy.cached = true (default)
2022-06-25 01:02:57,773 [Listener at 127.0.0.1/39125] INFO  server.RaftServerConfigKeys (ConfUtils.java:logGet(46)) - raft.server.threadpool.proxy.size = 0 (default)
2022-06-25 01:02:57,773 [Listener at 127.0.0.1/39125] INFO  server.RaftServerConfigKeys (ConfUtils.java:logGet(46)) - raft.server.rpc.slowness.timeout = 300s (custom)
2022-06-25 01:02:57,774 [Listener at 127.0.0.1/39125] INFO  server.RaftServerConfigKeys (ConfUtils.java:logGet(46)) - raft.server.leaderelection.leader.step-down.wait-time = 10s (default)
2022-06-25 01:02:57,774 [Listener at 127.0.0.1/39125] INFO  server.RaftServerConfigKeys (ConfUtils.java:logGet(46)) - raft.server.storage.dir = [/home/runner/work/ozone/ozone/hadoop-ozone/integration-test/target/test-dir/MiniOzoneClusterImpl-c4196b3a-7304-418b-bc70-42ac552e857c/datanode-5/data/ratis] (custom)
2022-06-25 01:02:57,775 [Listener at 127.0.0.1/39125] INFO  server.XceiverServerGrpc (XceiverServerGrpc.java:<init>(132)) - GrpcServer channel type EpollServerSocketChannel
2022-06-25 01:02:57,779 [Listener at 127.0.0.1/39125] INFO  http.BaseHttpServer (BaseHttpServer.java:newHttpServer2BuilderForOzone(209)) - Starting Web-server for hddsDatanode at: http://0.0.0.0:0
2022-06-25 01:02:57,779 [Listener at 127.0.0.1/39125] INFO  http.BaseHttpServer (BaseHttpServer.java:<init>(107)) - Hadoop Security Enabled: false Ozone Security Enabled: false Ozone HTTP Security Enabled: false 
2022-06-25 01:02:57,781 [Listener at 127.0.0.1/39125] INFO  server.AuthenticationFilter (AuthenticationFilter.java:constructSecretProvider(240)) - Unable to initialize FileSignerSecretProvider, falling back to use random secrets.
2022-06-25 01:02:57,781 [Listener at 127.0.0.1/39125] WARN  http.HttpRequestLog (HttpRequestLog.java:getRequestLog(103)) - Jetty request log can only be enabled using Log4j
2022-06-25 01:02:57,782 [Listener at 127.0.0.1/39125] INFO  http.HttpServer2 (HttpServer2.java:addGlobalFilter(1029)) - Added global filter 'safety' (class=org.apache.hadoop.hdds.server.http.HttpServer2$QuotingInputFilter)
2022-06-25 01:02:57,783 [Listener at 127.0.0.1/39125] INFO  http.HttpServer2 (HttpServer2.java:addFilter(1005)) - Added filter static_user_filter (class=org.apache.hadoop.http.lib.StaticUserWebFilter$StaticUserFilter) to context hddsDatanode
2022-06-25 01:02:57,783 [Listener at 127.0.0.1/39125] INFO  http.HttpServer2 (HttpServer2.java:addFilter(1013)) - Added filter static_user_filter (class=org.apache.hadoop.http.lib.StaticUserWebFilter$StaticUserFilter) to context static
2022-06-25 01:02:57,783 [Listener at 127.0.0.1/39125] INFO  http.HttpServer2 (HttpServer2.java:addFilter(1013)) - Added filter static_user_filter (class=org.apache.hadoop.http.lib.StaticUserWebFilter$StaticUserFilter) to context logs
2022-06-25 01:02:57,784 [Listener at 127.0.0.1/39125] INFO  http.HttpServer2 (HttpServer2.java:bindListener(1248)) - Jetty bound to port 37235
2022-06-25 01:02:57,784 [Listener at 127.0.0.1/39125] INFO  server.Server (Server.java:doStart(375)) - jetty-9.4.43.v20210629; built: 2021-06-30T11:07:22.254Z; git: 526006ecfa3af7f1a27ef3a288e2bef7ea9dd7e8; jvm 1.8.0_332-b09
2022-06-25 01:02:57,786 [Listener at 127.0.0.1/39125] INFO  server.session (DefaultSessionIdManager.java:doStart(334)) - DefaultSessionIdManager workerName=node0
2022-06-25 01:02:57,786 [Listener at 127.0.0.1/39125] INFO  server.session (DefaultSessionIdManager.java:doStart(339)) - No SessionScavenger set, using defaults
2022-06-25 01:02:57,787 [Listener at 127.0.0.1/39125] INFO  server.session (HouseKeeper.java:startScavenging(132)) - node0 Scavenging every 600000ms
2022-06-25 01:02:57,789 [Listener at 127.0.0.1/39125] INFO  handler.ContextHandler (ContextHandler.java:doStart(915)) - Started o.e.j.s.ServletContextHandler@3ab8e9a5{logs,/logs,file:///home/runner/work/ozone/ozone/hadoop-ozone/integration-test/target/log,AVAILABLE}
2022-06-25 01:02:57,789 [Listener at 127.0.0.1/39125] INFO  handler.ContextHandler (ContextHandler.java:doStart(915)) - Started o.e.j.s.ServletContextHandler@2a2422e0{static,/static,jar:file:/home/runner/.m2/repository/org/apache/ozone/hdds-container-service/1.3.0-SNAPSHOT/hdds-container-service-1.3.0-SNAPSHOT.jar!/webapps/static,AVAILABLE}
2022-06-25 01:02:57,986 [Listener at 127.0.0.1/39125] INFO  handler.ContextHandler (ContextHandler.java:doStart(915)) - Started o.e.j.w.WebAppContext@648c1047{hddsDatanode,/,file:///tmp/jetty-0_0_0_0-37235-hdds-container-service-1_3_0-SNAPSHOT_jar-_-any-609398650052807679/webapp/,AVAILABLE}{jar:file:/home/runner/.m2/repository/org/apache/ozone/hdds-container-service/1.3.0-SNAPSHOT/hdds-container-service-1.3.0-SNAPSHOT.jar!/webapps/hddsDatanode}
2022-06-25 01:02:57,989 [Listener at 127.0.0.1/39125] INFO  server.AbstractConnector (AbstractConnector.java:doStart(331)) - Started ServerConnector@645f550e{HTTP/1.1, (http/1.1)}{0.0.0.0:37235}
2022-06-25 01:02:57,989 [Listener at 127.0.0.1/39125] INFO  server.Server (Server.java:doStart(415)) - Started @11886ms
2022-06-25 01:02:57,989 [Listener at 127.0.0.1/39125] WARN  impl.MetricsSystemImpl (MetricsSystemImpl.java:register(279)) - Sink prometheus already exists!
2022-06-25 01:02:57,990 [Listener at 127.0.0.1/39125] INFO  http.BaseHttpServer (BaseHttpServer.java:updateConnectorAddress(329)) - HTTP server of hddsDatanode listening at http://0.0.0.0:37235
2022-06-25 01:02:57,992 [Listener at 127.0.0.1/39125] INFO  ozone.MiniOzoneClusterImpl (MiniOzoneClusterImpl.java:lambda$waitForClusterToBeReady$0(223)) - Waiting for nodes to be ready. Got 0 of 6 DN Heartbeats.
2022-06-25 01:02:57,992 [Listener at 127.0.0.1/39125] INFO  ozone.MiniOzoneClusterImpl (MiniOzoneClusterImpl.java:lambda$waitForClusterToBeReady$0(226)) - Waiting for cluster to exit safe mode
2022-06-25 01:02:57,992 [Listener at 127.0.0.1/39125] INFO  ozone.MiniOzoneClusterImpl (MiniOzoneClusterImpl.java:lambda$waitForClusterToBeReady$0(228)) - SCM became leader
2022-06-25 01:02:57,999 [Datanode State Machine Daemon Thread] INFO  statemachine.DatanodeStateMachine (DatanodeStateMachine.java:lambda$startDaemon$0(492)) - Ozone container server started.
2022-06-25 01:02:58,058 [org.apache.hadoop.util.JvmPauseMonitor$Monitor@1c75bc3f] INFO  util.JvmPauseMonitor (JvmPauseMonitor.java:run(188)) - Starting JVM pause monitor
2022-06-25 01:02:58,066 [Datanode State Machine Task Thread - 0] INFO  datanode.InitDatanodeState (InitDatanodeState.java:persistContainerDatanodeDetails(138)) - DatanodeDetails is persisted to /home/runner/work/ozone/ozone/hadoop-ozone/integration-test/target/test-dir/MiniOzoneClusterImpl-c4196b3a-7304-418b-bc70-42ac552e857c/datanode-5/meta/datanode.id
2022-06-25 01:02:58,116 [EndpointStateMachine task thread for /0.0.0.0:32783 - 0 ] INFO  volume.HddsVolume (HddsVolume.java:createDbStore(309)) - SchemaV3 db is created and loaded at /home/runner/work/ozone/ozone/hadoop-ozone/integration-test/target/test-dir/MiniOzoneClusterImpl-c4196b3a-7304-418b-bc70-42ac552e857c/datanode-0/data-0/containers/hdds/c4196b3a-7304-418b-bc70-42ac552e857c/DS-98cbf919-1b8d-4bcd-b68a-7ae1123a9a16/container.db for volume DS-98cbf919-1b8d-4bcd-b68a-7ae1123a9a16
2022-06-25 01:02:58,122 [EndpointStateMachine task thread for /0.0.0.0:32783 - 0 ] INFO  volume.HddsVolume (HddsVolume.java:closeDbStore(340)) - SchemaV3 db is stopped at /home/runner/work/ozone/ozone/hadoop-ozone/integration-test/target/test-dir/MiniOzoneClusterImpl-c4196b3a-7304-418b-bc70-42ac552e857c/datanode-0/data-0/containers/hdds/c4196b3a-7304-418b-bc70-42ac552e857c/DS-98cbf919-1b8d-4bcd-b68a-7ae1123a9a16/container.db for volume DS-98cbf919-1b8d-4bcd-b68a-7ae1123a9a16
2022-06-25 01:02:58,123 [EndpointStateMachine task thread for /0.0.0.0:32783 - 0 ] INFO  ozoneimpl.OzoneContainer (OzoneContainer.java:start(344)) - Attempting to start container services.
2022-06-25 01:02:58,125 [EndpointStateMachine task thread for /0.0.0.0:32783 - 0 ] INFO  ozoneimpl.OzoneContainer (OzoneContainer.java:startContainerScrub(279)) - Background container scanner has been disabled.
2022-06-25 01:02:58,131 [EndpointStateMachine task thread for /0.0.0.0:32783 - 0 ] INFO  replication.ReplicationServer (ReplicationServer.java:start(111)) - ReplicationServer is started using port 34103
2022-06-25 01:02:58,135 [EndpointStateMachine task thread for /0.0.0.0:32783 - 0 ] INFO  ratis.XceiverServerRatis (XceiverServerRatis.java:start(481)) - Starting XceiverServerRatis c48feabb-8c37-49df-8552-4f20ff63b661
2022-06-25 01:02:58,151 [EndpointStateMachine task thread for /0.0.0.0:32783 - 0 ] INFO  server.RaftServer (RaftServerProxy.java:lambda$start$6(382)) - c48feabb-8c37-49df-8552-4f20ff63b661: start RPC server
2022-06-25 01:02:58,153 [EndpointStateMachine task thread for /0.0.0.0:32783 - 0 ] INFO  server.GrpcService (GrpcService.java:startImpl(260)) - c48feabb-8c37-49df-8552-4f20ff63b661: GrpcService started, listening on 40341
2022-06-25 01:02:58,154 [EndpointStateMachine task thread for /0.0.0.0:32783 - 0 ] INFO  ratis.XceiverServerRatis (XceiverServerRatis.java:getRealPort(502)) - XceiverServerRatis c48feabb-8c37-49df-8552-4f20ff63b661 is started using port 40341 for RATIS
2022-06-25 01:02:58,154 [EndpointStateMachine task thread for /0.0.0.0:32783 - 0 ] INFO  ratis.XceiverServerRatis (XceiverServerRatis.java:getRealPort(502)) - XceiverServerRatis c48feabb-8c37-49df-8552-4f20ff63b661 is started using port 40341 for RATIS_ADMIN
2022-06-25 01:02:58,154 [EndpointStateMachine task thread for /0.0.0.0:32783 - 0 ] INFO  ratis.XceiverServerRatis (XceiverServerRatis.java:getRealPort(502)) - XceiverServerRatis c48feabb-8c37-49df-8552-4f20ff63b661 is started using port 40341 for RATIS_SERVER
2022-06-25 01:02:58,155 [org.apache.ratis.util.JvmPauseMonitor$$Lambda$706/1141522042@5a0e3ce8] INFO  util.JvmPauseMonitor (JvmPauseMonitor.java:run(103)) - JvmPauseMonitor-c48feabb-8c37-49df-8552-4f20ff63b661: Started
2022-06-25 01:02:58,165 [EndpointStateMachine task thread for /0.0.0.0:32783 - 0 ] INFO  server.XceiverServerGrpc (XceiverServerGrpc.java:start(180)) - XceiverServerGrpc c48feabb-8c37-49df-8552-4f20ff63b661 is started using port 45743
2022-06-25 01:02:58,175 [ReplicationMonitor] INFO  replication.ReplicationManager (ReplicationManager.java:processAll(228)) - Replication Manager is not ready to run until 3000ms after safemode exit
2022-06-25 01:02:58,571 [EndpointStateMachine task thread for /0.0.0.0:32783 - 0 ] INFO  volume.HddsVolume (HddsVolume.java:createDbStore(309)) - SchemaV3 db is created and loaded at /home/runner/work/ozone/ozone/hadoop-ozone/integration-test/target/test-dir/MiniOzoneClusterImpl-c4196b3a-7304-418b-bc70-42ac552e857c/datanode-1/data-0/containers/hdds/c4196b3a-7304-418b-bc70-42ac552e857c/DS-90cafa71-9a89-4572-93e4-919185aefe80/container.db for volume DS-90cafa71-9a89-4572-93e4-919185aefe80
2022-06-25 01:02:58,572 [EndpointStateMachine task thread for /0.0.0.0:32783 - 0 ] INFO  volume.HddsVolume (HddsVolume.java:closeDbStore(340)) - SchemaV3 db is stopped at /home/runner/work/ozone/ozone/hadoop-ozone/integration-test/target/test-dir/MiniOzoneClusterImpl-c4196b3a-7304-418b-bc70-42ac552e857c/datanode-1/data-0/containers/hdds/c4196b3a-7304-418b-bc70-42ac552e857c/DS-90cafa71-9a89-4572-93e4-919185aefe80/container.db for volume DS-90cafa71-9a89-4572-93e4-919185aefe80
2022-06-25 01:02:58,572 [EndpointStateMachine task thread for /0.0.0.0:32783 - 0 ] INFO  ozoneimpl.OzoneContainer (OzoneContainer.java:start(344)) - Attempting to start container services.
2022-06-25 01:02:58,572 [EndpointStateMachine task thread for /0.0.0.0:32783 - 0 ] INFO  ozoneimpl.OzoneContainer (OzoneContainer.java:startContainerScrub(279)) - Background container scanner has been disabled.
2022-06-25 01:02:58,574 [EndpointStateMachine task thread for /0.0.0.0:32783 - 0 ] INFO  replication.ReplicationServer (ReplicationServer.java:start(111)) - ReplicationServer is started using port 45565
2022-06-25 01:02:58,575 [EndpointStateMachine task thread for /0.0.0.0:32783 - 0 ] INFO  ratis.XceiverServerRatis (XceiverServerRatis.java:start(481)) - Starting XceiverServerRatis 9603e1cc-a61d-4021-a0fc-b8ccd0a3aeb5
2022-06-25 01:02:58,584 [EndpointStateMachine task thread for /0.0.0.0:32783 - 0 ] INFO  server.RaftServer (RaftServerProxy.java:lambda$start$6(382)) - 9603e1cc-a61d-4021-a0fc-b8ccd0a3aeb5: start RPC server
2022-06-25 01:02:58,586 [EndpointStateMachine task thread for /0.0.0.0:32783 - 0 ] INFO  server.GrpcService (GrpcService.java:startImpl(260)) - 9603e1cc-a61d-4021-a0fc-b8ccd0a3aeb5: GrpcService started, listening on 46353
2022-06-25 01:02:58,586 [EndpointStateMachine task thread for /0.0.0.0:32783 - 0 ] INFO  ratis.XceiverServerRatis (XceiverServerRatis.java:getRealPort(502)) - XceiverServerRatis 9603e1cc-a61d-4021-a0fc-b8ccd0a3aeb5 is started using port 46353 for RATIS
2022-06-25 01:02:58,586 [EndpointStateMachine task thread for /0.0.0.0:32783 - 0 ] INFO  ratis.XceiverServerRatis (XceiverServerRatis.java:getRealPort(502)) - XceiverServerRatis 9603e1cc-a61d-4021-a0fc-b8ccd0a3aeb5 is started using port 46353 for RATIS_ADMIN
2022-06-25 01:02:58,586 [EndpointStateMachine task thread for /0.0.0.0:32783 - 0 ] INFO  ratis.XceiverServerRatis (XceiverServerRatis.java:getRealPort(502)) - XceiverServerRatis 9603e1cc-a61d-4021-a0fc-b8ccd0a3aeb5 is started using port 46353 for RATIS_SERVER
2022-06-25 01:02:58,587 [org.apache.ratis.util.JvmPauseMonitor$$Lambda$706/1141522042@897dc31] INFO  util.JvmPauseMonitor (JvmPauseMonitor.java:run(103)) - JvmPauseMonitor-9603e1cc-a61d-4021-a0fc-b8ccd0a3aeb5: Started
2022-06-25 01:02:58,589 [EndpointStateMachine task thread for /0.0.0.0:32783 - 0 ] INFO  server.XceiverServerGrpc (XceiverServerGrpc.java:start(180)) - XceiverServerGrpc 9603e1cc-a61d-4021-a0fc-b8ccd0a3aeb5 is started using port 33245
2022-06-25 01:02:58,949 [EndpointStateMachine task thread for /0.0.0.0:32783 - 0 ] INFO  volume.HddsVolume (HddsVolume.java:createDbStore(309)) - SchemaV3 db is created and loaded at /home/runner/work/ozone/ozone/hadoop-ozone/integration-test/target/test-dir/MiniOzoneClusterImpl-c4196b3a-7304-418b-bc70-42ac552e857c/datanode-2/data-0/containers/hdds/c4196b3a-7304-418b-bc70-42ac552e857c/DS-a4eaeb69-0086-456d-afc8-36971add46cd/container.db for volume DS-a4eaeb69-0086-456d-afc8-36971add46cd
2022-06-25 01:02:58,951 [EndpointStateMachine task thread for /0.0.0.0:32783 - 0 ] INFO  volume.HddsVolume (HddsVolume.java:closeDbStore(340)) - SchemaV3 db is stopped at /home/runner/work/ozone/ozone/hadoop-ozone/integration-test/target/test-dir/MiniOzoneClusterImpl-c4196b3a-7304-418b-bc70-42ac552e857c/datanode-2/data-0/containers/hdds/c4196b3a-7304-418b-bc70-42ac552e857c/DS-a4eaeb69-0086-456d-afc8-36971add46cd/container.db for volume DS-a4eaeb69-0086-456d-afc8-36971add46cd
2022-06-25 01:02:58,951 [EndpointStateMachine task thread for /0.0.0.0:32783 - 0 ] INFO  ozoneimpl.OzoneContainer (OzoneContainer.java:start(344)) - Attempting to start container services.
2022-06-25 01:02:58,951 [EndpointStateMachine task thread for /0.0.0.0:32783 - 0 ] INFO  ozoneimpl.OzoneContainer (OzoneContainer.java:startContainerScrub(279)) - Background container scanner has been disabled.
2022-06-25 01:02:58,954 [EndpointStateMachine task thread for /0.0.0.0:32783 - 0 ] INFO  replication.ReplicationServer (ReplicationServer.java:start(111)) - ReplicationServer is started using port 46197
2022-06-25 01:02:58,954 [EndpointStateMachine task thread for /0.0.0.0:32783 - 0 ] INFO  ratis.XceiverServerRatis (XceiverServerRatis.java:start(481)) - Starting XceiverServerRatis c19fc8e0-326e-4773-b88f-3f9b256b9096
2022-06-25 01:02:58,955 [EndpointStateMachine task thread for /0.0.0.0:32783 - 0 ] INFO  server.RaftServer (RaftServerProxy.java:lambda$start$6(382)) - c19fc8e0-326e-4773-b88f-3f9b256b9096: start RPC server
2022-06-25 01:02:58,957 [EndpointStateMachine task thread for /0.0.0.0:32783 - 0 ] INFO  server.GrpcService (GrpcService.java:startImpl(260)) - c19fc8e0-326e-4773-b88f-3f9b256b9096: GrpcService started, listening on 33079
2022-06-25 01:02:58,957 [EndpointStateMachine task thread for /0.0.0.0:32783 - 0 ] INFO  ratis.XceiverServerRatis (XceiverServerRatis.java:getRealPort(502)) - XceiverServerRatis c19fc8e0-326e-4773-b88f-3f9b256b9096 is started using port 33079 for RATIS
2022-06-25 01:02:58,957 [EndpointStateMachine task thread for /0.0.0.0:32783 - 0 ] INFO  ratis.XceiverServerRatis (XceiverServerRatis.java:getRealPort(502)) - XceiverServerRatis c19fc8e0-326e-4773-b88f-3f9b256b9096 is started using port 33079 for RATIS_ADMIN
2022-06-25 01:02:58,957 [EndpointStateMachine task thread for /0.0.0.0:32783 - 0 ] INFO  ratis.XceiverServerRatis (XceiverServerRatis.java:getRealPort(502)) - XceiverServerRatis c19fc8e0-326e-4773-b88f-3f9b256b9096 is started using port 33079 for RATIS_SERVER
2022-06-25 01:02:58,958 [org.apache.ratis.util.JvmPauseMonitor$$Lambda$706/1141522042@3031a4f5] INFO  util.JvmPauseMonitor (JvmPauseMonitor.java:run(103)) - JvmPauseMonitor-c19fc8e0-326e-4773-b88f-3f9b256b9096: Started
2022-06-25 01:02:58,962 [EndpointStateMachine task thread for /0.0.0.0:32783 - 0 ] INFO  server.XceiverServerGrpc (XceiverServerGrpc.java:start(180)) - XceiverServerGrpc c19fc8e0-326e-4773-b88f-3f9b256b9096 is started using port 44395
2022-06-25 01:02:58,992 [Listener at 127.0.0.1/39125] INFO  ozone.MiniOzoneClusterImpl (MiniOzoneClusterImpl.java:lambda$waitForClusterToBeReady$0(223)) - Waiting for nodes to be ready. Got 0 of 6 DN Heartbeats.
2022-06-25 01:02:58,993 [Listener at 127.0.0.1/39125] INFO  ozone.MiniOzoneClusterImpl (MiniOzoneClusterImpl.java:lambda$waitForClusterToBeReady$0(226)) - Waiting for cluster to exit safe mode
2022-06-25 01:02:58,993 [Listener at 127.0.0.1/39125] INFO  ozone.MiniOzoneClusterImpl (MiniOzoneClusterImpl.java:lambda$waitForClusterToBeReady$0(228)) - SCM became leader
2022-06-25 01:02:59,175 [ReplicationMonitor] INFO  replication.ReplicationManager (ReplicationManager.java:processAll(228)) - Replication Manager is not ready to run until 3000ms after safemode exit
2022-06-25 01:02:59,306 [EndpointStateMachine task thread for /0.0.0.0:32783 - 0 ] INFO  volume.HddsVolume (HddsVolume.java:createDbStore(309)) - SchemaV3 db is created and loaded at /home/runner/work/ozone/ozone/hadoop-ozone/integration-test/target/test-dir/MiniOzoneClusterImpl-c4196b3a-7304-418b-bc70-42ac552e857c/datanode-3/data-0/containers/hdds/c4196b3a-7304-418b-bc70-42ac552e857c/DS-97e3128f-1d3b-4f1f-8a9e-4df4985939a2/container.db for volume DS-97e3128f-1d3b-4f1f-8a9e-4df4985939a2
2022-06-25 01:02:59,309 [EndpointStateMachine task thread for /0.0.0.0:32783 - 0 ] INFO  volume.HddsVolume (HddsVolume.java:closeDbStore(340)) - SchemaV3 db is stopped at /home/runner/work/ozone/ozone/hadoop-ozone/integration-test/target/test-dir/MiniOzoneClusterImpl-c4196b3a-7304-418b-bc70-42ac552e857c/datanode-3/data-0/containers/hdds/c4196b3a-7304-418b-bc70-42ac552e857c/DS-97e3128f-1d3b-4f1f-8a9e-4df4985939a2/container.db for volume DS-97e3128f-1d3b-4f1f-8a9e-4df4985939a2
2022-06-25 01:02:59,309 [EndpointStateMachine task thread for /0.0.0.0:32783 - 0 ] INFO  ozoneimpl.OzoneContainer (OzoneContainer.java:start(344)) - Attempting to start container services.
2022-06-25 01:02:59,309 [EndpointStateMachine task thread for /0.0.0.0:32783 - 0 ] INFO  ozoneimpl.OzoneContainer (OzoneContainer.java:startContainerScrub(279)) - Background container scanner has been disabled.
2022-06-25 01:02:59,313 [EndpointStateMachine task thread for /0.0.0.0:32783 - 0 ] INFO  replication.ReplicationServer (ReplicationServer.java:start(111)) - ReplicationServer is started using port 43537
2022-06-25 01:02:59,315 [EndpointStateMachine task thread for /0.0.0.0:32783 - 0 ] INFO  ratis.XceiverServerRatis (XceiverServerRatis.java:start(481)) - Starting XceiverServerRatis 98ebfad8-d5dc-46a2-9e40-7ac48868c3c4
2022-06-25 01:02:59,319 [EndpointStateMachine task thread for /0.0.0.0:32783 - 0 ] INFO  server.RaftServer (RaftServerProxy.java:lambda$start$6(382)) - 98ebfad8-d5dc-46a2-9e40-7ac48868c3c4: start RPC server
2022-06-25 01:02:59,321 [EndpointStateMachine task thread for /0.0.0.0:32783 - 0 ] INFO  server.GrpcService (GrpcService.java:startImpl(260)) - 98ebfad8-d5dc-46a2-9e40-7ac48868c3c4: GrpcService started, listening on 34569
2022-06-25 01:02:59,321 [EndpointStateMachine task thread for /0.0.0.0:32783 - 0 ] INFO  ratis.XceiverServerRatis (XceiverServerRatis.java:getRealPort(502)) - XceiverServerRatis 98ebfad8-d5dc-46a2-9e40-7ac48868c3c4 is started using port 34569 for RATIS
2022-06-25 01:02:59,321 [org.apache.ratis.util.JvmPauseMonitor$$Lambda$706/1141522042@76022cdb] INFO  util.JvmPauseMonitor (JvmPauseMonitor.java:run(103)) - JvmPauseMonitor-98ebfad8-d5dc-46a2-9e40-7ac48868c3c4: Started
2022-06-25 01:02:59,321 [EndpointStateMachine task thread for /0.0.0.0:32783 - 0 ] INFO  ratis.XceiverServerRatis (XceiverServerRatis.java:getRealPort(502)) - XceiverServerRatis 98ebfad8-d5dc-46a2-9e40-7ac48868c3c4 is started using port 34569 for RATIS_ADMIN
2022-06-25 01:02:59,322 [EndpointStateMachine task thread for /0.0.0.0:32783 - 0 ] INFO  ratis.XceiverServerRatis (XceiverServerRatis.java:getRealPort(502)) - XceiverServerRatis 98ebfad8-d5dc-46a2-9e40-7ac48868c3c4 is started using port 34569 for RATIS_SERVER
2022-06-25 01:02:59,325 [EndpointStateMachine task thread for /0.0.0.0:32783 - 0 ] INFO  server.XceiverServerGrpc (XceiverServerGrpc.java:start(180)) - XceiverServerGrpc 98ebfad8-d5dc-46a2-9e40-7ac48868c3c4 is started using port 39783
2022-06-25 01:02:59,683 [EndpointStateMachine task thread for /0.0.0.0:32783 - 0 ] INFO  volume.HddsVolume (HddsVolume.java:createDbStore(309)) - SchemaV3 db is created and loaded at /home/runner/work/ozone/ozone/hadoop-ozone/integration-test/target/test-dir/MiniOzoneClusterImpl-c4196b3a-7304-418b-bc70-42ac552e857c/datanode-4/data-0/containers/hdds/c4196b3a-7304-418b-bc70-42ac552e857c/DS-041602b3-ab07-4829-aa7b-2a09665e4d57/container.db for volume DS-041602b3-ab07-4829-aa7b-2a09665e4d57
2022-06-25 01:02:59,683 [EndpointStateMachine task thread for /0.0.0.0:32783 - 0 ] INFO  volume.HddsVolume (HddsVolume.java:closeDbStore(340)) - SchemaV3 db is stopped at /home/runner/work/ozone/ozone/hadoop-ozone/integration-test/target/test-dir/MiniOzoneClusterImpl-c4196b3a-7304-418b-bc70-42ac552e857c/datanode-4/data-0/containers/hdds/c4196b3a-7304-418b-bc70-42ac552e857c/DS-041602b3-ab07-4829-aa7b-2a09665e4d57/container.db for volume DS-041602b3-ab07-4829-aa7b-2a09665e4d57
2022-06-25 01:02:59,683 [EndpointStateMachine task thread for /0.0.0.0:32783 - 0 ] INFO  ozoneimpl.OzoneContainer (OzoneContainer.java:start(344)) - Attempting to start container services.
2022-06-25 01:02:59,684 [EndpointStateMachine task thread for /0.0.0.0:32783 - 0 ] INFO  ozoneimpl.OzoneContainer (OzoneContainer.java:startContainerScrub(279)) - Background container scanner has been disabled.
2022-06-25 01:02:59,686 [EndpointStateMachine task thread for /0.0.0.0:32783 - 0 ] INFO  replication.ReplicationServer (ReplicationServer.java:start(111)) - ReplicationServer is started using port 45511
2022-06-25 01:02:59,686 [EndpointStateMachine task thread for /0.0.0.0:32783 - 0 ] INFO  ratis.XceiverServerRatis (XceiverServerRatis.java:start(481)) - Starting XceiverServerRatis ad74f3b2-c092-43ca-befa-d99c208edbaf
2022-06-25 01:02:59,688 [EndpointStateMachine task thread for /0.0.0.0:32783 - 0 ] INFO  server.RaftServer (RaftServerProxy.java:lambda$start$6(382)) - ad74f3b2-c092-43ca-befa-d99c208edbaf: start RPC server
2022-06-25 01:02:59,689 [EndpointStateMachine task thread for /0.0.0.0:32783 - 0 ] INFO  server.GrpcService (GrpcService.java:startImpl(260)) - ad74f3b2-c092-43ca-befa-d99c208edbaf: GrpcService started, listening on 46867
2022-06-25 01:02:59,690 [EndpointStateMachine task thread for /0.0.0.0:32783 - 0 ] INFO  ratis.XceiverServerRatis (XceiverServerRatis.java:getRealPort(502)) - XceiverServerRatis ad74f3b2-c092-43ca-befa-d99c208edbaf is started using port 46867 for RATIS
2022-06-25 01:02:59,690 [org.apache.ratis.util.JvmPauseMonitor$$Lambda$706/1141522042@5d2a43a7] INFO  util.JvmPauseMonitor (JvmPauseMonitor.java:run(103)) - JvmPauseMonitor-ad74f3b2-c092-43ca-befa-d99c208edbaf: Started
2022-06-25 01:02:59,690 [EndpointStateMachine task thread for /0.0.0.0:32783 - 0 ] INFO  ratis.XceiverServerRatis (XceiverServerRatis.java:getRealPort(502)) - XceiverServerRatis ad74f3b2-c092-43ca-befa-d99c208edbaf is started using port 46867 for RATIS_ADMIN
2022-06-25 01:02:59,690 [EndpointStateMachine task thread for /0.0.0.0:32783 - 0 ] INFO  ratis.XceiverServerRatis (XceiverServerRatis.java:getRealPort(502)) - XceiverServerRatis ad74f3b2-c092-43ca-befa-d99c208edbaf is started using port 46867 for RATIS_SERVER
2022-06-25 01:02:59,697 [EndpointStateMachine task thread for /0.0.0.0:32783 - 0 ] INFO  server.XceiverServerGrpc (XceiverServerGrpc.java:start(180)) - XceiverServerGrpc ad74f3b2-c092-43ca-befa-d99c208edbaf is started using port 34703
2022-06-25 01:02:59,957 [IPC Server handler 2 on default port 32783] INFO  net.NetworkTopologyImpl (NetworkTopologyImpl.java:add(112)) - Added a new node: /default-rack/c48feabb-8c37-49df-8552-4f20ff63b661
2022-06-25 01:02:59,959 [IPC Server handler 2 on default port 32783] INFO  node.SCMNodeManager (SCMNodeManager.java:register(397)) - Registered Data node : c48feabb-8c37-49df-8552-4f20ff63b661{ip: 10.1.0.8, host: fv-az66-546.vwcdieab4koerntclszyavmfxa.dx.internal.cloudapp.net, ports: [REPLICATION=34103, RATIS=40341, RATIS_ADMIN=40341, RATIS_SERVER=40341, STANDALONE=45743], networkLocation: /default-rack, certSerialId: null, persistedOpState: null, persistedOpStateExpiryEpochSec: 0}
2022-06-25 01:02:59,964 [EventQueue-NewNodeForNewNodeHandler] INFO  pipeline.BackgroundPipelineCreator (BackgroundPipelineCreator.java:notifyEventTriggered(275)) - trigger a one-shot run on RatisPipelineUtilsThread.
2022-06-25 01:02:59,966 [EventQueue-NodeRegistrationContainerReportForDataNodeSafeModeRule] INFO  safemode.SCMSafeModeManager (DataNodeSafeModeRule.java:process(71)) - SCM in safe mode. 1 DataNodes registered, 3 required.
2022-06-25 01:02:59,967 [EventQueue-NodeRegistrationContainerReportForContainerSafeModeRule] INFO  safemode.SCMSafeModeManager (SCMSafeModeManager.java:validateSafeModeExitRules(204)) - ContainerSafeModeRule rule is successfully validated
2022-06-25 01:02:59,976 [RatisPipelineUtilsThread - 0] INFO  pipeline.RatisPipelineProvider (RatisPipelineProvider.java:lambda$create$0(195)) - Sending CreatePipelineCommand for pipeline:PipelineID=984b5e53-71f1-444b-b60e-30476abc684a to datanode:c48feabb-8c37-49df-8552-4f20ff63b661
2022-06-25 01:02:59,983 [EventQueue-PipelineReportForOneReplicaPipelineSafeModeRule] INFO  safemode.SCMSafeModeManager (SCMSafeModeManager.java:validateSafeModeExitRules(204)) - AtleastOneDatanodeReportedRule rule is successfully validated
2022-06-25 01:02:59,987 [RatisPipelineUtilsThread - 0] INFO  pipeline.PipelineStateManagerImpl (PipelineStateManagerImpl.java:addPipeline(101)) - Created pipeline Pipeline[ Id: 984b5e53-71f1-444b-b60e-30476abc684a, Nodes: c48feabb-8c37-49df-8552-4f20ff63b661{ip: 10.1.0.8, host: fv-az66-546.vwcdieab4koerntclszyavmfxa.dx.internal.cloudapp.net, ports: [REPLICATION=34103, RATIS=40341, RATIS_ADMIN=40341, RATIS_SERVER=40341, STANDALONE=45743], networkLocation: /default-rack, certSerialId: null, persistedOpState: IN_SERVICE, persistedOpStateExpiryEpochSec: 0}, ReplicationConfig: RATIS/ONE, State:ALLOCATED, leaderId:, CreationTimestamp2022-06-25T01:02:59.972Z[Etc/UTC]].
2022-06-25 01:02:59,993 [Listener at 127.0.0.1/39125] INFO  ozone.MiniOzoneClusterImpl (MiniOzoneClusterImpl.java:lambda$waitForClusterToBeReady$0(223)) - Waiting for nodes to be ready. Got 1 of 6 DN Heartbeats.
2022-06-25 01:02:59,993 [Listener at 127.0.0.1/39125] INFO  ozone.MiniOzoneClusterImpl (MiniOzoneClusterImpl.java:lambda$waitForClusterToBeReady$0(226)) - Waiting for cluster to exit safe mode
2022-06-25 01:02:59,993 [Listener at 127.0.0.1/39125] INFO  ozone.MiniOzoneClusterImpl (MiniOzoneClusterImpl.java:lambda$waitForClusterToBeReady$0(228)) - SCM became leader
2022-06-25 01:03:00,107 [EndpointStateMachine task thread for /0.0.0.0:32783 - 0 ] INFO  volume.HddsVolume (HddsVolume.java:createDbStore(309)) - SchemaV3 db is created and loaded at /home/runner/work/ozone/ozone/hadoop-ozone/integration-test/target/test-dir/MiniOzoneClusterImpl-c4196b3a-7304-418b-bc70-42ac552e857c/datanode-5/data-0/containers/hdds/c4196b3a-7304-418b-bc70-42ac552e857c/DS-977a9f56-a4c3-4d2b-bce8-16865ad93d2e/container.db for volume DS-977a9f56-a4c3-4d2b-bce8-16865ad93d2e
2022-06-25 01:03:00,108 [EndpointStateMachine task thread for /0.0.0.0:32783 - 0 ] INFO  volume.HddsVolume (HddsVolume.java:closeDbStore(340)) - SchemaV3 db is stopped at /home/runner/work/ozone/ozone/hadoop-ozone/integration-test/target/test-dir/MiniOzoneClusterImpl-c4196b3a-7304-418b-bc70-42ac552e857c/datanode-5/data-0/containers/hdds/c4196b3a-7304-418b-bc70-42ac552e857c/DS-977a9f56-a4c3-4d2b-bce8-16865ad93d2e/container.db for volume DS-977a9f56-a4c3-4d2b-bce8-16865ad93d2e
2022-06-25 01:03:00,108 [EndpointStateMachine task thread for /0.0.0.0:32783 - 0 ] INFO  ozoneimpl.OzoneContainer (OzoneContainer.java:start(344)) - Attempting to start container services.
2022-06-25 01:03:00,109 [EndpointStateMachine task thread for /0.0.0.0:32783 - 0 ] INFO  ozoneimpl.OzoneContainer (OzoneContainer.java:startContainerScrub(279)) - Background container scanner has been disabled.
2022-06-25 01:03:00,110 [EndpointStateMachine task thread for /0.0.0.0:32783 - 0 ] INFO  replication.ReplicationServer (ReplicationServer.java:start(111)) - ReplicationServer is started using port 42497
2022-06-25 01:03:00,111 [EndpointStateMachine task thread for /0.0.0.0:32783 - 0 ] INFO  ratis.XceiverServerRatis (XceiverServerRatis.java:start(481)) - Starting XceiverServerRatis 1a57f128-5fc1-45db-894e-2ffd043cedb3
2022-06-25 01:03:00,112 [EndpointStateMachine task thread for /0.0.0.0:32783 - 0 ] INFO  server.RaftServer (RaftServerProxy.java:lambda$start$6(382)) - 1a57f128-5fc1-45db-894e-2ffd043cedb3: start RPC server
2022-06-25 01:03:00,114 [EndpointStateMachine task thread for /0.0.0.0:32783 - 0 ] INFO  server.GrpcService (GrpcService.java:startImpl(260)) - 1a57f128-5fc1-45db-894e-2ffd043cedb3: GrpcService started, listening on 41991
2022-06-25 01:03:00,114 [EndpointStateMachine task thread for /0.0.0.0:32783 - 0 ] INFO  ratis.XceiverServerRatis (XceiverServerRatis.java:getRealPort(502)) - XceiverServerRatis 1a57f128-5fc1-45db-894e-2ffd043cedb3 is started using port 41991 for RATIS
2022-06-25 01:03:00,114 [EndpointStateMachine task thread for /0.0.0.0:32783 - 0 ] INFO  ratis.XceiverServerRatis (XceiverServerRatis.java:getRealPort(502)) - XceiverServerRatis 1a57f128-5fc1-45db-894e-2ffd043cedb3 is started using port 41991 for RATIS_ADMIN
2022-06-25 01:03:00,114 [EndpointStateMachine task thread for /0.0.0.0:32783 - 0 ] INFO  ratis.XceiverServerRatis (XceiverServerRatis.java:getRealPort(502)) - XceiverServerRatis 1a57f128-5fc1-45db-894e-2ffd043cedb3 is started using port 41991 for RATIS_SERVER
2022-06-25 01:03:00,114 [org.apache.ratis.util.JvmPauseMonitor$$Lambda$706/1141522042@4fcd9] INFO  util.JvmPauseMonitor (JvmPauseMonitor.java:run(103)) - JvmPauseMonitor-1a57f128-5fc1-45db-894e-2ffd043cedb3: Started
2022-06-25 01:03:00,117 [EndpointStateMachine task thread for /0.0.0.0:32783 - 0 ] INFO  server.XceiverServerGrpc (XceiverServerGrpc.java:start(180)) - XceiverServerGrpc 1a57f128-5fc1-45db-894e-2ffd043cedb3 is started using port 45247
2022-06-25 01:03:00,175 [ReplicationMonitor] INFO  replication.ReplicationManager (ReplicationManager.java:processAll(228)) - Replication Manager is not ready to run until 3000ms after safemode exit
2022-06-25 01:03:00,528 [IPC Server handler 3 on default port 32783] INFO  net.NetworkTopologyImpl (NetworkTopologyImpl.java:add(112)) - Added a new node: /default-rack/9603e1cc-a61d-4021-a0fc-b8ccd0a3aeb5
2022-06-25 01:03:00,529 [IPC Server handler 3 on default port 32783] INFO  node.SCMNodeManager (SCMNodeManager.java:register(397)) - Registered Data node : 9603e1cc-a61d-4021-a0fc-b8ccd0a3aeb5{ip: 10.1.0.8, host: fv-az66-546.vwcdieab4koerntclszyavmfxa.dx.internal.cloudapp.net, ports: [REPLICATION=45565, RATIS=46353, RATIS_ADMIN=46353, RATIS_SERVER=46353, STANDALONE=33245], networkLocation: /default-rack, certSerialId: null, persistedOpState: null, persistedOpStateExpiryEpochSec: 0}
2022-06-25 01:03:00,530 [EventQueue-NodeRegistrationContainerReportForDataNodeSafeModeRule] INFO  safemode.SCMSafeModeManager (DataNodeSafeModeRule.java:process(71)) - SCM in safe mode. 2 DataNodes registered, 3 required.
2022-06-25 01:03:00,531 [EventQueue-NewNodeForNewNodeHandler] INFO  pipeline.BackgroundPipelineCreator (BackgroundPipelineCreator.java:notifyEventTriggered(275)) - trigger a one-shot run on RatisPipelineUtilsThread.
2022-06-25 01:03:00,535 [RatisPipelineUtilsThread - 0] INFO  pipeline.RatisPipelineProvider (RatisPipelineProvider.java:lambda$create$0(195)) - Sending CreatePipelineCommand for pipeline:PipelineID=14fbd14a-b8c2-4702-b8e4-ebc77ba5eca6 to datanode:9603e1cc-a61d-4021-a0fc-b8ccd0a3aeb5
2022-06-25 01:03:00,537 [RatisPipelineUtilsThread - 0] INFO  pipeline.PipelineStateManagerImpl (PipelineStateManagerImpl.java:addPipeline(101)) - Created pipeline Pipeline[ Id: 14fbd14a-b8c2-4702-b8e4-ebc77ba5eca6, Nodes: 9603e1cc-a61d-4021-a0fc-b8ccd0a3aeb5{ip: 10.1.0.8, host: fv-az66-546.vwcdieab4koerntclszyavmfxa.dx.internal.cloudapp.net, ports: [REPLICATION=45565, RATIS=46353, RATIS_ADMIN=46353, RATIS_SERVER=46353, STANDALONE=33245], networkLocation: /default-rack, certSerialId: null, persistedOpState: IN_SERVICE, persistedOpStateExpiryEpochSec: 0}, ReplicationConfig: RATIS/ONE, State:ALLOCATED, leaderId:, CreationTimestamp2022-06-25T01:03:00.535Z[Etc/UTC]].
2022-06-25 01:03:00,901 [IPC Server handler 2 on default port 32783] INFO  net.NetworkTopologyImpl (NetworkTopologyImpl.java:add(112)) - Added a new node: /default-rack/c19fc8e0-326e-4773-b88f-3f9b256b9096
2022-06-25 01:03:00,902 [IPC Server handler 2 on default port 32783] INFO  node.SCMNodeManager (SCMNodeManager.java:register(397)) - Registered Data node : c19fc8e0-326e-4773-b88f-3f9b256b9096{ip: 10.1.0.8, host: fv-az66-546.vwcdieab4koerntclszyavmfxa.dx.internal.cloudapp.net, ports: [REPLICATION=46197, RATIS=33079, RATIS_ADMIN=33079, RATIS_SERVER=33079, STANDALONE=44395], networkLocation: /default-rack, certSerialId: null, persistedOpState: null, persistedOpStateExpiryEpochSec: 0}
2022-06-25 01:03:00,902 [EventQueue-NewNodeForNewNodeHandler] INFO  pipeline.BackgroundPipelineCreator (BackgroundPipelineCreator.java:notifyEventTriggered(275)) - trigger a one-shot run on RatisPipelineUtilsThread.
2022-06-25 01:03:00,902 [EventQueue-NodeRegistrationContainerReportForDataNodeSafeModeRule] INFO  safemode.SCMSafeModeManager (DataNodeSafeModeRule.java:process(71)) - SCM in safe mode. 3 DataNodes registered, 3 required.
2022-06-25 01:03:00,904 [EventQueue-NodeRegistrationContainerReportForDataNodeSafeModeRule] INFO  safemode.SCMSafeModeManager (SCMSafeModeManager.java:validateSafeModeExitRules(204)) - DataNodeSafeModeRule rule is successfully validated
2022-06-25 01:03:00,904 [EventQueue-NodeRegistrationContainerReportForDataNodeSafeModeRule] INFO  safemode.SCMSafeModeManager (SCMSafeModeManager.java:completePreCheck(233)) - All SCM safe mode pre check rules have passed
2022-06-25 01:03:00,904 [EventQueue-NodeRegistrationContainerReportForDataNodeSafeModeRule] WARN  events.EventQueue (EventQueue.java:fireEvent(216)) - No event handler registered for event TypedEvent{payloadType=SafeModeStatus, name='Safe mode status'}
2022-06-25 01:03:00,904 [EventQueue-NodeRegistrationContainerReportForDataNodeSafeModeRule] INFO  ha.SCMContext (SCMContext.java:updateSafeModeStatus(228)) - Update SafeModeStatus from SafeModeStatus{safeModeStatus=true, preCheckPassed=false} to SafeModeStatus{safeModeStatus=true, preCheckPassed=true}.
2022-06-25 01:03:00,904 [EventQueue-NodeRegistrationContainerReportForDataNodeSafeModeRule] INFO  pipeline.BackgroundPipelineCreator (BackgroundPipelineCreator.java:notifyEventTriggered(275)) - trigger a one-shot run on RatisPipelineUtilsThread.
2022-06-25 01:03:00,904 [RatisPipelineUtilsThread - 0] INFO  pipeline.RatisPipelineProvider (RatisPipelineProvider.java:lambda$create$0(195)) - Sending CreatePipelineCommand for pipeline:PipelineID=034545b7-d7eb-4cfb-a35f-5e753cc62f0a to datanode:c19fc8e0-326e-4773-b88f-3f9b256b9096
2022-06-25 01:03:00,906 [RatisPipelineUtilsThread - 0] INFO  pipeline.PipelineStateManagerImpl (PipelineStateManagerImpl.java:addPipeline(101)) - Created pipeline Pipeline[ Id: 034545b7-d7eb-4cfb-a35f-5e753cc62f0a, Nodes: c19fc8e0-326e-4773-b88f-3f9b256b9096{ip: 10.1.0.8, host: fv-az66-546.vwcdieab4koerntclszyavmfxa.dx.internal.cloudapp.net, ports: [REPLICATION=46197, RATIS=33079, RATIS_ADMIN=33079, RATIS_SERVER=33079, STANDALONE=44395], networkLocation: /default-rack, certSerialId: null, persistedOpState: IN_SERVICE, persistedOpStateExpiryEpochSec: 0}, ReplicationConfig: RATIS/ONE, State:ALLOCATED, leaderId:, CreationTimestamp2022-06-25T01:03:00.904Z[Etc/UTC]].
2022-06-25 01:03:00,911 [RatisPipelineUtilsThread - 0] INFO  pipeline.RatisPipelineProvider (RatisPipelineProvider.java:lambda$create$0(195)) - Sending CreatePipelineCommand for pipeline:PipelineID=14ee4080-8118-4ac0-97fa-15f02b6bcb68 to datanode:c48feabb-8c37-49df-8552-4f20ff63b661
2022-06-25 01:03:00,911 [RatisPipelineUtilsThread - 0] INFO  pipeline.RatisPipelineProvider (RatisPipelineProvider.java:lambda$create$0(195)) - Sending CreatePipelineCommand for pipeline:PipelineID=14ee4080-8118-4ac0-97fa-15f02b6bcb68 to datanode:9603e1cc-a61d-4021-a0fc-b8ccd0a3aeb5
2022-06-25 01:03:00,911 [RatisPipelineUtilsThread - 0] INFO  pipeline.RatisPipelineProvider (RatisPipelineProvider.java:lambda$create$0(195)) - Sending CreatePipelineCommand for pipeline:PipelineID=14ee4080-8118-4ac0-97fa-15f02b6bcb68 to datanode:c19fc8e0-326e-4773-b88f-3f9b256b9096
2022-06-25 01:03:00,912 [RatisPipelineUtilsThread - 0] INFO  pipeline.PipelineStateManagerImpl (PipelineStateManagerImpl.java:addPipeline(101)) - Created pipeline Pipeline[ Id: 14ee4080-8118-4ac0-97fa-15f02b6bcb68, Nodes: c48feabb-8c37-49df-8552-4f20ff63b661{ip: 10.1.0.8, host: fv-az66-546.vwcdieab4koerntclszyavmfxa.dx.internal.cloudapp.net, ports: [REPLICATION=34103, RATIS=40341, RATIS_ADMIN=40341, RATIS_SERVER=40341, STANDALONE=45743], networkLocation: /default-rack, certSerialId: null, persistedOpState: IN_SERVICE, persistedOpStateExpiryEpochSec: 0}9603e1cc-a61d-4021-a0fc-b8ccd0a3aeb5{ip: 10.1.0.8, host: fv-az66-546.vwcdieab4koerntclszyavmfxa.dx.internal.cloudapp.net, ports: [REPLICATION=45565, RATIS=46353, RATIS_ADMIN=46353, RATIS_SERVER=46353, STANDALONE=33245], networkLocation: /default-rack, certSerialId: null, persistedOpState: IN_SERVICE, persistedOpStateExpiryEpochSec: 0}c19fc8e0-326e-4773-b88f-3f9b256b9096{ip: 10.1.0.8, host: fv-az66-546.vwcdieab4koerntclszyavmfxa.dx.internal.cloudapp.net, ports: [REPLICATION=46197, RATIS=33079, RATIS_ADMIN=33079, RATIS_SERVER=33079, STANDALONE=44395], networkLocation: /default-rack, certSerialId: null, persistedOpState: IN_SERVICE, persistedOpStateExpiryEpochSec: 0}, ReplicationConfig: RATIS/THREE, State:ALLOCATED, leaderId:, CreationTimestamp2022-06-25T01:03:00.911Z[Etc/UTC]].
2022-06-25 01:03:00,993 [Listener at 127.0.0.1/39125] INFO  ozone.MiniOzoneClusterImpl (MiniOzoneClusterImpl.java:lambda$waitForClusterToBeReady$0(223)) - Waiting for nodes to be ready. Got 3 of 6 DN Heartbeats.
2022-06-25 01:03:00,996 [Listener at 127.0.0.1/39125] INFO  ozone.MiniOzoneClusterImpl (MiniOzoneClusterImpl.java:lambda$waitForClusterToBeReady$0(226)) - Waiting for cluster to exit safe mode
2022-06-25 01:03:00,996 [Listener at 127.0.0.1/39125] INFO  ozone.MiniOzoneClusterImpl (MiniOzoneClusterImpl.java:lambda$waitForClusterToBeReady$0(228)) - SCM became leader
2022-06-25 01:03:01,176 [ReplicationMonitor] INFO  replication.ReplicationManager (ReplicationManager.java:processAll(228)) - Replication Manager is not ready to run until 3000ms after safemode exit
2022-06-25 01:03:01,263 [IPC Server handler 1 on default port 32783] INFO  net.NetworkTopologyImpl (NetworkTopologyImpl.java:add(112)) - Added a new node: /default-rack/98ebfad8-d5dc-46a2-9e40-7ac48868c3c4
2022-06-25 01:03:01,263 [IPC Server handler 1 on default port 32783] INFO  node.SCMNodeManager (SCMNodeManager.java:register(397)) - Registered Data node : 98ebfad8-d5dc-46a2-9e40-7ac48868c3c4{ip: 10.1.0.8, host: fv-az66-546.vwcdieab4koerntclszyavmfxa.dx.internal.cloudapp.net, ports: [REPLICATION=43537, RATIS=34569, RATIS_ADMIN=34569, RATIS_SERVER=34569, STANDALONE=39783], networkLocation: /default-rack, certSerialId: null, persistedOpState: null, persistedOpStateExpiryEpochSec: 0}
2022-06-25 01:03:01,264 [EventQueue-NewNodeForNewNodeHandler] INFO  pipeline.BackgroundPipelineCreator (BackgroundPipelineCreator.java:notifyEventTriggered(275)) - trigger a one-shot run on RatisPipelineUtilsThread.
2022-06-25 01:03:01,265 [RatisPipelineUtilsThread - 0] INFO  pipeline.RatisPipelineProvider (RatisPipelineProvider.java:lambda$create$0(195)) - Sending CreatePipelineCommand for pipeline:PipelineID=c6cc03a8-4158-4c8e-bbf0-8cc70995d78f to datanode:98ebfad8-d5dc-46a2-9e40-7ac48868c3c4
2022-06-25 01:03:01,265 [RatisPipelineUtilsThread - 0] INFO  pipeline.PipelineStateManagerImpl (PipelineStateManagerImpl.java:addPipeline(101)) - Created pipeline Pipeline[ Id: c6cc03a8-4158-4c8e-bbf0-8cc70995d78f, Nodes: 98ebfad8-d5dc-46a2-9e40-7ac48868c3c4{ip: 10.1.0.8, host: fv-az66-546.vwcdieab4koerntclszyavmfxa.dx.internal.cloudapp.net, ports: [REPLICATION=43537, RATIS=34569, RATIS_ADMIN=34569, RATIS_SERVER=34569, STANDALONE=39783], networkLocation: /default-rack, certSerialId: null, persistedOpState: IN_SERVICE, persistedOpStateExpiryEpochSec: 0}, ReplicationConfig: RATIS/ONE, State:ALLOCATED, leaderId:, CreationTimestamp2022-06-25T01:03:01.265Z[Etc/UTC]].
2022-06-25 01:03:01,635 [IPC Server handler 6 on default port 32783] INFO  net.NetworkTopologyImpl (NetworkTopologyImpl.java:add(112)) - Added a new node: /default-rack/ad74f3b2-c092-43ca-befa-d99c208edbaf
2022-06-25 01:03:01,635 [IPC Server handler 6 on default port 32783] INFO  node.SCMNodeManager (SCMNodeManager.java:register(397)) - Registered Data node : ad74f3b2-c092-43ca-befa-d99c208edbaf{ip: 10.1.0.8, host: fv-az66-546.vwcdieab4koerntclszyavmfxa.dx.internal.cloudapp.net, ports: [REPLICATION=45511, RATIS=46867, RATIS_ADMIN=46867, RATIS_SERVER=46867, STANDALONE=34703], networkLocation: /default-rack, certSerialId: null, persistedOpState: null, persistedOpStateExpiryEpochSec: 0}
2022-06-25 01:03:01,636 [EventQueue-NewNodeForNewNodeHandler] INFO  pipeline.BackgroundPipelineCreator (BackgroundPipelineCreator.java:notifyEventTriggered(275)) - trigger a one-shot run on RatisPipelineUtilsThread.
2022-06-25 01:03:01,637 [RatisPipelineUtilsThread - 0] INFO  pipeline.RatisPipelineProvider (RatisPipelineProvider.java:lambda$create$0(195)) - Sending CreatePipelineCommand for pipeline:PipelineID=0f075fbb-840e-4b65-ba61-909fdbcecd31 to datanode:ad74f3b2-c092-43ca-befa-d99c208edbaf
2022-06-25 01:03:01,638 [RatisPipelineUtilsThread - 0] INFO  pipeline.PipelineStateManagerImpl (PipelineStateManagerImpl.java:addPipeline(101)) - Created pipeline Pipeline[ Id: 0f075fbb-840e-4b65-ba61-909fdbcecd31, Nodes: ad74f3b2-c092-43ca-befa-d99c208edbaf{ip: 10.1.0.8, host: fv-az66-546.vwcdieab4koerntclszyavmfxa.dx.internal.cloudapp.net, ports: [REPLICATION=45511, RATIS=46867, RATIS_ADMIN=46867, RATIS_SERVER=46867, STANDALONE=34703], networkLocation: /default-rack, certSerialId: null, persistedOpState: IN_SERVICE, persistedOpStateExpiryEpochSec: 0}, ReplicationConfig: RATIS/ONE, State:ALLOCATED, leaderId:, CreationTimestamp2022-06-25T01:03:01.637Z[Etc/UTC]].
2022-06-25 01:03:01,997 [Listener at 127.0.0.1/39125] INFO  ozone.MiniOzoneClusterImpl (MiniOzoneClusterImpl.java:lambda$waitForClusterToBeReady$0(223)) - Waiting for nodes to be ready. Got 5 of 6 DN Heartbeats.
2022-06-25 01:03:01,997 [Listener at 127.0.0.1/39125] INFO  ozone.MiniOzoneClusterImpl (MiniOzoneClusterImpl.java:lambda$waitForClusterToBeReady$0(226)) - Waiting for cluster to exit safe mode
2022-06-25 01:03:01,997 [Listener at 127.0.0.1/39125] INFO  ozone.MiniOzoneClusterImpl (MiniOzoneClusterImpl.java:lambda$waitForClusterToBeReady$0(228)) - SCM became leader
2022-06-25 01:03:02,061 [IPC Server handler 1 on default port 32783] INFO  net.NetworkTopologyImpl (NetworkTopologyImpl.java:add(112)) - Added a new node: /default-rack/1a57f128-5fc1-45db-894e-2ffd043cedb3
2022-06-25 01:03:02,062 [IPC Server handler 1 on default port 32783] INFO  node.SCMNodeManager (SCMNodeManager.java:register(397)) - Registered Data node : 1a57f128-5fc1-45db-894e-2ffd043cedb3{ip: 10.1.0.8, host: fv-az66-546.vwcdieab4koerntclszyavmfxa.dx.internal.cloudapp.net, ports: [REPLICATION=42497, RATIS=41991, RATIS_ADMIN=41991, RATIS_SERVER=41991, STANDALONE=45247], networkLocation: /default-rack, certSerialId: null, persistedOpState: null, persistedOpStateExpiryEpochSec: 0}
2022-06-25 01:03:02,064 [EventQueue-NewNodeForNewNodeHandler] INFO  pipeline.BackgroundPipelineCreator (BackgroundPipelineCreator.java:notifyEventTriggered(275)) - trigger a one-shot run on RatisPipelineUtilsThread.
2022-06-25 01:03:02,065 [RatisPipelineUtilsThread - 0] INFO  pipeline.RatisPipelineProvider (RatisPipelineProvider.java:lambda$create$0(195)) - Sending CreatePipelineCommand for pipeline:PipelineID=855924ea-a9c5-49de-83e7-ab98848367b8 to datanode:1a57f128-5fc1-45db-894e-2ffd043cedb3
2022-06-25 01:03:02,066 [RatisPipelineUtilsThread - 0] INFO  pipeline.PipelineStateManagerImpl (PipelineStateManagerImpl.java:addPipeline(101)) - Created pipeline Pipeline[ Id: 855924ea-a9c5-49de-83e7-ab98848367b8, Nodes: 1a57f128-5fc1-45db-894e-2ffd043cedb3{ip: 10.1.0.8, host: fv-az66-546.vwcdieab4koerntclszyavmfxa.dx.internal.cloudapp.net, ports: [REPLICATION=42497, RATIS=41991, RATIS_ADMIN=41991, RATIS_SERVER=41991, STANDALONE=45247], networkLocation: /default-rack, certSerialId: null, persistedOpState: IN_SERVICE, persistedOpStateExpiryEpochSec: 0}, ReplicationConfig: RATIS/ONE, State:ALLOCATED, leaderId:, CreationTimestamp2022-06-25T01:03:02.065Z[Etc/UTC]].
2022-06-25 01:03:02,067 [RatisPipelineUtilsThread - 0] INFO  pipeline.RatisPipelineProvider (RatisPipelineProvider.java:lambda$create$0(195)) - Sending CreatePipelineCommand for pipeline:PipelineID=2b1466c7-667c-479e-a9d9-d50926bf33aa to datanode:1a57f128-5fc1-45db-894e-2ffd043cedb3
2022-06-25 01:03:02,067 [RatisPipelineUtilsThread - 0] INFO  pipeline.RatisPipelineProvider (RatisPipelineProvider.java:lambda$create$0(195)) - Sending CreatePipelineCommand for pipeline:PipelineID=2b1466c7-667c-479e-a9d9-d50926bf33aa to datanode:ad74f3b2-c092-43ca-befa-d99c208edbaf
2022-06-25 01:03:02,067 [RatisPipelineUtilsThread - 0] INFO  pipeline.RatisPipelineProvider (RatisPipelineProvider.java:lambda$create$0(195)) - Sending CreatePipelineCommand for pipeline:PipelineID=2b1466c7-667c-479e-a9d9-d50926bf33aa to datanode:98ebfad8-d5dc-46a2-9e40-7ac48868c3c4
2022-06-25 01:03:02,068 [RatisPipelineUtilsThread - 0] INFO  pipeline.PipelineStateManagerImpl (PipelineStateManagerImpl.java:addPipeline(101)) - Created pipeline Pipeline[ Id: 2b1466c7-667c-479e-a9d9-d50926bf33aa, Nodes: 1a57f128-5fc1-45db-894e-2ffd043cedb3{ip: 10.1.0.8, host: fv-az66-546.vwcdieab4koerntclszyavmfxa.dx.internal.cloudapp.net, ports: [REPLICATION=42497, RATIS=41991, RATIS_ADMIN=41991, RATIS_SERVER=41991, STANDALONE=45247], networkLocation: /default-rack, certSerialId: null, persistedOpState: IN_SERVICE, persistedOpStateExpiryEpochSec: 0}ad74f3b2-c092-43ca-befa-d99c208edbaf{ip: 10.1.0.8, host: fv-az66-546.vwcdieab4koerntclszyavmfxa.dx.internal.cloudapp.net, ports: [REPLICATION=45511, RATIS=46867, RATIS_ADMIN=46867, RATIS_SERVER=46867, STANDALONE=34703], networkLocation: /default-rack, certSerialId: null, persistedOpState: IN_SERVICE, persistedOpStateExpiryEpochSec: 0}98ebfad8-d5dc-46a2-9e40-7ac48868c3c4{ip: 10.1.0.8, host: fv-az66-546.vwcdieab4koerntclszyavmfxa.dx.internal.cloudapp.net, ports: [REPLICATION=43537, RATIS=34569, RATIS_ADMIN=34569, RATIS_SERVER=34569, STANDALONE=39783], networkLocation: /default-rack, certSerialId: null, persistedOpState: IN_SERVICE, persistedOpStateExpiryEpochSec: 0}, ReplicationConfig: RATIS/THREE, State:ALLOCATED, leaderId:, CreationTimestamp2022-06-25T01:03:02.067Z[Etc/UTC]].
2022-06-25 01:03:02,177 [ReplicationMonitor] INFO  replication.ReplicationManager (ReplicationManager.java:processAll(228)) - Replication Manager is not ready to run until 3000ms after safemode exit
2022-06-25 01:03:02,981 [Command processor thread] INFO  server.RaftServer (RaftServerProxy.java:addNew(96)) - c48feabb-8c37-49df-8552-4f20ff63b661: addNew group-30476ABC684A:[c48feabb-8c37-49df-8552-4f20ff63b661|rpc:10.1.0.8:40341|priority:1] returns group-30476ABC684A:java.util.concurrent.CompletableFuture@305ab2f9[Not completed]
2022-06-25 01:03:02,997 [pool-72-thread-1] INFO  server.RaftServer$Division (RaftServerImpl.java:<init>(190)) - c48feabb-8c37-49df-8552-4f20ff63b661: new RaftServerImpl for group-30476ABC684A:[c48feabb-8c37-49df-8552-4f20ff63b661|rpc:10.1.0.8:40341|priority:1] with ContainerStateMachine:uninitialized
2022-06-25 01:03:02,997 [pool-72-thread-1] INFO  server.RaftServerConfigKeys (ConfUtils.java:logGet(46)) - raft.server.rpc.timeout.min = 5s (custom)
2022-06-25 01:03:02,997 [Listener at 127.0.0.1/39125] INFO  ozone.MiniOzoneClusterImpl (MiniOzoneClusterImpl.java:lambda$waitForClusterToBeReady$0(223)) - Nodes are ready. Got 6 of 6 DN Heartbeats.
2022-06-25 01:03:02,997 [Listener at 127.0.0.1/39125] INFO  ozone.MiniOzoneClusterImpl (MiniOzoneClusterImpl.java:lambda$waitForClusterToBeReady$0(226)) - Waiting for cluster to exit safe mode
2022-06-25 01:03:02,997 [Listener at 127.0.0.1/39125] INFO  ozone.MiniOzoneClusterImpl (MiniOzoneClusterImpl.java:lambda$waitForClusterToBeReady$0(228)) - SCM became leader
2022-06-25 01:03:02,997 [pool-72-thread-1] INFO  server.RaftServerConfigKeys (ConfUtils.java:logGet(46)) - raft.server.rpc.timeout.max = 5200ms (custom)
2022-06-25 01:03:02,997 [pool-72-thread-1] INFO  server.RaftServerConfigKeys (ConfUtils.java:logGet(46)) - raft.server.rpc.sleep.time = 25ms (default)
2022-06-25 01:03:02,997 [pool-72-thread-1] INFO  server.RaftServerConfigKeys (ConfUtils.java:logGet(46)) - raft.server.rpc.slowness.timeout = 300s (custom)
2022-06-25 01:03:02,998 [pool-72-thread-1] INFO  server.RaftServerConfigKeys (ConfUtils.java:logGet(46)) - raft.server.leaderelection.leader.step-down.wait-time = 10s (default)
2022-06-25 01:03:02,998 [pool-72-thread-1] INFO  server.RaftServerConfigKeys (ConfUtils.java:logGet(46)) - raft.server.sleep.deviation.threshold = 300ms (default)
2022-06-25 01:03:02,998 [pool-72-thread-1] INFO  server.RaftServer$Division (ServerState.java:<init>(107)) - c48feabb-8c37-49df-8552-4f20ff63b661@group-30476ABC684A: ConfigurationManager, init=-1: [c48feabb-8c37-49df-8552-4f20ff63b661|rpc:10.1.0.8:40341|priority:1], old=null, confs=<EMPTY_MAP>
2022-06-25 01:03:02,998 [pool-72-thread-1] INFO  server.RaftServerConfigKeys (ConfUtils.java:logGet(46)) - raft.server.storage.dir = [/home/runner/work/ozone/ozone/hadoop-ozone/integration-test/target/test-dir/MiniOzoneClusterImpl-c4196b3a-7304-418b-bc70-42ac552e857c/datanode-0/data/ratis] (custom)
2022-06-25 01:03:02,998 [pool-72-thread-1] INFO  server.RaftServerConfigKeys (ConfUtils.java:logGet(46)) - raft.server.log.corruption.policy = EXCEPTION (default)
2022-06-25 01:03:02,998 [pool-72-thread-1] INFO  server.RaftServerConfigKeys (ConfUtils.java:logGet(46)) - raft.server.storage.free-space.min = 0MB (=0) (default)
2022-06-25 01:03:02,998 [pool-72-thread-1] INFO  storage.RaftStorageDirectory (RaftStorageDirectoryImpl.java:analyzeStorage(135)) - The storage directory /home/runner/work/ozone/ozone/hadoop-ozone/integration-test/target/test-dir/MiniOzoneClusterImpl-c4196b3a-7304-418b-bc70-42ac552e857c/datanode-0/data/ratis/984b5e53-71f1-444b-b60e-30476abc684a does not exist. Creating ...
2022-06-25 01:03:03,000 [pool-72-thread-1] INFO  storage.RaftStorageDirectory (RaftStorageDirectoryImpl.java:tryLock(230)) - Lock on /home/runner/work/ozone/ozone/hadoop-ozone/integration-test/target/test-dir/MiniOzoneClusterImpl-c4196b3a-7304-418b-bc70-42ac552e857c/datanode-0/data/ratis/984b5e53-71f1-444b-b60e-30476abc684a/in_use.lock acquired by nodename 7033@fv-az66-546
2022-06-25 01:03:03,002 [pool-72-thread-1] INFO  storage.RaftStorage (RaftStorageImpl.java:format(89)) - Storage directory /home/runner/work/ozone/ozone/hadoop-ozone/integration-test/target/test-dir/MiniOzoneClusterImpl-c4196b3a-7304-418b-bc70-42ac552e857c/datanode-0/data/ratis/984b5e53-71f1-444b-b60e-30476abc684a has been successfully formatted.
2022-06-25 01:03:03,004 [pool-72-thread-1] INFO  ratis.ContainerStateMachine (ContainerStateMachine.java:loadSnapshot(236)) - group-30476ABC684A: The snapshot info is null. Setting the last applied indexto:(t:0, i:~)
2022-06-25 01:03:03,005 [pool-72-thread-1] INFO  server.RaftServerConfigKeys (ConfUtils.java:logGet(46)) - raft.server.notification.no-leader.timeout = 300s (custom)
2022-06-25 01:03:03,005 [pool-72-thread-1] INFO  server.RaftServerConfigKeys (ConfUtils.java:logGet(46)) - raft.server.log.use.memory = false (default)
2022-06-25 01:03:03,005 [pool-72-thread-1] INFO  server.RaftServerConfigKeys (ConfUtils.java:logGet(46)) - raft.server.log.purge.gap = 1000000 (custom)
2022-06-25 01:03:03,007 [pool-72-thread-1] INFO  server.RaftServerConfigKeys (ConfUtils.java:logGet(46)) - raft.server.log.appender.buffer.byte-limit = 33554432 (custom)
2022-06-25 01:03:03,007 [pool-72-thread-1] INFO  server.RaftServerConfigKeys (ConfUtils.java:logGet(46)) - raft.server.log.statemachine.data.read.timeout = 1000ms (default)
2022-06-25 01:03:03,008 [pool-72-thread-1] INFO  server.RaftServerConfigKeys (ConfUtils.java:logGet(46)) - raft.server.log.segment.size.max = 1048576 (custom)
2022-06-25 01:03:03,008 [EventQueue-PipelineReportForPipelineReportHandler] INFO  pipeline.PipelineManagerImpl (PipelineManagerImpl.java:openPipeline(358)) - Pipeline Pipeline[ Id: 984b5e53-71f1-444b-b60e-30476abc684a, Nodes: c48feabb-8c37-49df-8552-4f20ff63b661{ip: 10.1.0.8, host: fv-az66-546.vwcdieab4koerntclszyavmfxa.dx.internal.cloudapp.net, ports: [REPLICATION=34103, RATIS=40341, RATIS_ADMIN=40341, RATIS_SERVER=40341, STANDALONE=45743], networkLocation: /default-rack, certSerialId: null, persistedOpState: IN_SERVICE, persistedOpStateExpiryEpochSec: 0}, ReplicationConfig: RATIS/ONE, State:ALLOCATED, leaderId:c48feabb-8c37-49df-8552-4f20ff63b661, CreationTimestamp2022-06-25T01:02:59.972Z[Etc/UTC]] moved to OPEN state
2022-06-25 01:03:03,009 [pool-72-thread-1] INFO  server.RaftServerConfigKeys (ConfUtils.java:logGet(46)) - raft.server.log.segment.cache.num.max = 2 (custom)
2022-06-25 01:03:03,009 [pool-72-thread-1] INFO  server.RaftServerConfigKeys (ConfUtils.java:logGet(46)) - raft.server.log.segment.cache.size.max = 200MB (=209715200) (default)
2022-06-25 01:03:03,009 [pool-72-thread-1] INFO  segmented.SegmentedRaftLogWorker (SegmentedRaftLogWorker.java:<init>(187)) - new c48feabb-8c37-49df-8552-4f20ff63b661@group-30476ABC684A-SegmentedRaftLogWorker for RaftStorageImpl:Storage Directory /home/runner/work/ozone/ozone/hadoop-ozone/integration-test/target/test-dir/MiniOzoneClusterImpl-c4196b3a-7304-418b-bc70-42ac552e857c/datanode-0/data/ratis/984b5e53-71f1-444b-b60e-30476abc684a
2022-06-25 01:03:03,009 [pool-72-thread-1] INFO  server.RaftServerConfigKeys (ConfUtils.java:logGet(46)) - raft.server.log.queue.byte-limit = 4294967296 (custom)
2022-06-25 01:03:03,010 [pool-72-thread-1] INFO  server.RaftServerConfigKeys (ConfUtils.java:logGet(46)) - raft.server.log.queue.element-limit = 1024 (custom)
2022-06-25 01:03:03,010 [pool-72-thread-1] INFO  server.RaftServerConfigKeys (ConfUtils.java:logGet(46)) - raft.server.log.segment.size.max = 1048576 (custom)
2022-06-25 01:03:03,010 [pool-72-thread-1] INFO  server.RaftServerConfigKeys (ConfUtils.java:logGet(46)) - raft.server.log.preallocated.size = 16384 (custom)
2022-06-25 01:03:03,010 [pool-72-thread-1] INFO  server.RaftServerConfigKeys (ConfUtils.java:logGet(46)) - raft.server.log.force.sync.num = 128 (default)
2022-06-25 01:03:03,010 [pool-72-thread-1] INFO  server.RaftServerConfigKeys (ConfUtils.java:logGet(46)) - raft.server.log.statemachine.data.sync = true (default)
2022-06-25 01:03:03,011 [pool-72-thread-1] INFO  server.RaftServerConfigKeys (ConfUtils.java:logGet(46)) - raft.server.log.statemachine.data.sync.timeout = 10s (default)
2022-06-25 01:03:03,011 [pool-72-thread-1] INFO  server.RaftServerConfigKeys (ConfUtils.java:logGet(46)) - raft.server.log.statemachine.data.sync.timeout.retry = -1 (default)
2022-06-25 01:03:03,012 [EventQueue-OpenPipelineForHealthyPipelineSafeModeRule] INFO  safemode.SCMSafeModeManager (HealthyPipelineSafeModeRule.java:process(124)) - SCM in safe mode. Healthy pipelines reported count is 0, required healthy pipeline reported count is 1
2022-06-25 01:03:03,021 [pool-72-thread-1] INFO  server.RaftServerConfigKeys (ConfUtils.java:logGet(46)) - raft.server.log.write.buffer.size = 1048576 (custom)
2022-06-25 01:03:03,021 [pool-72-thread-1] INFO  server.RaftServerConfigKeys (ConfUtils.java:logGet(46)) - raft.server.log.unsafe-flush.enabled = false (default)
2022-06-25 01:03:03,021 [pool-72-thread-1] INFO  server.RaftServerConfigKeys (ConfUtils.java:logGet(46)) - raft.server.log.statemachine.data.caching.enabled = true (custom)
2022-06-25 01:03:03,021 [pool-72-thread-1] INFO  segmented.SegmentedRaftLogWorker (SegmentedRaftLogWorker.java:lambda$new$0(135)) - c48feabb-8c37-49df-8552-4f20ff63b661@group-30476ABC684A-SegmentedRaftLogWorker: flushIndex: setUnconditionally 0 -> -1
2022-06-25 01:03:03,022 [pool-72-thread-1] INFO  segmented.SegmentedRaftLogWorker (SegmentedRaftLogWorker.java:lambda$new$0(135)) - c48feabb-8c37-49df-8552-4f20ff63b661@group-30476ABC684A-SegmentedRaftLogWorker: safeCacheEvictIndex: setUnconditionally 0 -> -1
2022-06-25 01:03:03,022 [pool-72-thread-1] INFO  server.RaftServerConfigKeys (ConfUtils.java:logGet(46)) - raft.server.snapshot.auto.trigger.enabled = true (custom)
2022-06-25 01:03:03,022 [pool-72-thread-1] INFO  server.RaftServerConfigKeys (ConfUtils.java:logGet(46)) - raft.server.snapshot.auto.trigger.threshold = 10000 (custom)
2022-06-25 01:03:03,022 [pool-72-thread-1] INFO  server.RaftServerConfigKeys (ConfUtils.java:logGet(46)) - raft.server.snapshot.retention.file.num = 5 (custom)
2022-06-25 01:03:03,022 [pool-72-thread-1] INFO  server.RaftServerConfigKeys (ConfUtils.java:logGet(46)) - raft.server.log.purge.upto.snapshot.index = false (default)
2022-06-25 01:03:03,022 [pool-72-thread-1] INFO  server.RaftServerConfigKeys (ConfUtils.java:logGet(46)) - raft.server.retrycache.expirytime = 600000ms (custom)
2022-06-25 01:03:03,022 [pool-72-thread-1] INFO  server.RaftServerConfigKeys (ConfUtils.java:logGet(46)) - raft.server.retrycache.statistics.expirytime = 100μs (default)
2022-06-25 01:03:03,025 [pool-72-thread-1] INFO  server.RaftServerConfigKeys (ConfUtils.java:logGet(46)) - raft.server.log.appender.install.snapshot.enabled = false (custom)
2022-06-25 01:03:03,025 [pool-72-thread-1] INFO  server.RaftServerConfigKeys (ConfUtils.java:logGet(46)) - raft.server.threadpool.server.cached = true (default)
2022-06-25 01:03:03,025 [pool-72-thread-1] INFO  server.RaftServerConfigKeys (ConfUtils.java:logGet(46)) - raft.server.threadpool.server.size = 0 (default)
2022-06-25 01:03:03,025 [pool-72-thread-1] INFO  server.RaftServerConfigKeys (ConfUtils.java:logGet(46)) - raft.server.threadpool.client.cached = true (default)
2022-06-25 01:03:03,025 [pool-72-thread-1] INFO  server.RaftServerConfigKeys (ConfUtils.java:logGet(46)) - raft.server.threadpool.client.size = 0 (default)
2022-06-25 01:03:03,026 [pool-72-thread-1] INFO  server.RaftServer$Division (RaftServerImpl.java:start(310)) - c48feabb-8c37-49df-8552-4f20ff63b661@group-30476ABC684A: start as a follower, conf=-1: [c48feabb-8c37-49df-8552-4f20ff63b661|rpc:10.1.0.8:40341|priority:1], old=null
2022-06-25 01:03:03,026 [pool-72-thread-1] INFO  server.RaftServer$Division (RaftServerImpl.java:setRole(299)) - c48feabb-8c37-49df-8552-4f20ff63b661@group-30476ABC684A: changes role from      null to FOLLOWER at term 0 for startAsFollower
2022-06-25 01:03:03,026 [pool-72-thread-1] INFO  impl.RoleInfo (RoleInfo.java:updateAndGet(139)) - c48feabb-8c37-49df-8552-4f20ff63b661: start c48feabb-8c37-49df-8552-4f20ff63b661@group-30476ABC684A-FollowerState
2022-06-25 01:03:03,026 [pool-72-thread-1] INFO  util.JmxRegister (JmxRegister.java:tryRegister(44)) - Successfully registered JMX Bean with object name Ratis:service=RaftServer,group=group-30476ABC684A,id=c48feabb-8c37-49df-8552-4f20ff63b661
2022-06-25 01:03:03,040 [Command processor thread] INFO  ratis.XceiverServerRatis (XceiverServerRatis.java:addGroup(765)) - Created group PipelineID=984b5e53-71f1-444b-b60e-30476abc684a
2022-06-25 01:03:03,040 [Command processor thread] INFO  commandhandler.CreatePipelineCommandHandler (CreatePipelineCommandHandler.java:handle(113)) - Created Pipeline RATIS ONE PipelineID=984b5e53-71f1-444b-b60e-30476abc684a.
2022-06-25 01:03:03,041 [Command processor thread] INFO  server.RaftServer (RaftServerProxy.java:addNew(96)) - c48feabb-8c37-49df-8552-4f20ff63b661: addNew group-15F02B6BCB68:[9603e1cc-a61d-4021-a0fc-b8ccd0a3aeb5|rpc:10.1.0.8:46353|priority:1, c19fc8e0-326e-4773-b88f-3f9b256b9096|rpc:10.1.0.8:33079|priority:0, c48feabb-8c37-49df-8552-4f20ff63b661|rpc:10.1.0.8:40341|priority:0] returns group-15F02B6BCB68:java.util.concurrent.CompletableFuture@7a2e4efb[Not completed]
2022-06-25 01:03:03,042 [pool-72-thread-1] INFO  server.RaftServer$Division (RaftServerImpl.java:<init>(190)) - c48feabb-8c37-49df-8552-4f20ff63b661: new RaftServerImpl for group-15F02B6BCB68:[9603e1cc-a61d-4021-a0fc-b8ccd0a3aeb5|rpc:10.1.0.8:46353|priority:1, c19fc8e0-326e-4773-b88f-3f9b256b9096|rpc:10.1.0.8:33079|priority:0, c48feabb-8c37-49df-8552-4f20ff63b661|rpc:10.1.0.8:40341|priority:0] with ContainerStateMachine:uninitialized
2022-06-25 01:03:03,042 [pool-72-thread-1] INFO  server.RaftServerConfigKeys (ConfUtils.java:logGet(46)) - raft.server.rpc.timeout.min = 5s (custom)
2022-06-25 01:03:03,042 [pool-72-thread-1] INFO  server.RaftServerConfigKeys (ConfUtils.java:logGet(46)) - raft.server.rpc.timeout.max = 5200ms (custom)
2022-06-25 01:03:03,042 [pool-72-thread-1] INFO  server.RaftServerConfigKeys (ConfUtils.java:logGet(46)) - raft.server.rpc.sleep.time = 25ms (default)
2022-06-25 01:03:03,042 [pool-72-thread-1] INFO  server.RaftServerConfigKeys (ConfUtils.java:logGet(46)) - raft.server.rpc.slowness.timeout = 300s (custom)
2022-06-25 01:03:03,042 [pool-72-thread-1] INFO  server.RaftServerConfigKeys (ConfUtils.java:logGet(46)) - raft.server.leaderelection.leader.step-down.wait-time = 10s (default)
2022-06-25 01:03:03,043 [pool-72-thread-1] INFO  server.RaftServerConfigKeys (ConfUtils.java:logGet(46)) - raft.server.sleep.deviation.threshold = 300ms (default)
2022-06-25 01:03:03,043 [pool-72-thread-1] INFO  server.RaftServer$Division (ServerState.java:<init>(107)) - c48feabb-8c37-49df-8552-4f20ff63b661@group-15F02B6BCB68: ConfigurationManager, init=-1: [9603e1cc-a61d-4021-a0fc-b8ccd0a3aeb5|rpc:10.1.0.8:46353|priority:1, c19fc8e0-326e-4773-b88f-3f9b256b9096|rpc:10.1.0.8:33079|priority:0, c48feabb-8c37-49df-8552-4f20ff63b661|rpc:10.1.0.8:40341|priority:0], old=null, confs=<EMPTY_MAP>
2022-06-25 01:03:03,043 [pool-72-thread-1] INFO  server.RaftServerConfigKeys (ConfUtils.java:logGet(46)) - raft.server.storage.dir = [/home/runner/work/ozone/ozone/hadoop-ozone/integration-test/target/test-dir/MiniOzoneClusterImpl-c4196b3a-7304-418b-bc70-42ac552e857c/datanode-0/data/ratis] (custom)
2022-06-25 01:03:03,043 [pool-72-thread-1] INFO  server.RaftServerConfigKeys (ConfUtils.java:logGet(46)) - raft.server.log.corruption.policy = EXCEPTION (default)
2022-06-25 01:03:03,043 [pool-72-thread-1] INFO  server.RaftServerConfigKeys (ConfUtils.java:logGet(46)) - raft.server.storage.free-space.min = 0MB (=0) (default)
2022-06-25 01:03:03,043 [pool-72-thread-1] INFO  storage.RaftStorageDirectory (RaftStorageDirectoryImpl.java:analyzeStorage(135)) - The storage directory /home/runner/work/ozone/ozone/hadoop-ozone/integration-test/target/test-dir/MiniOzoneClusterImpl-c4196b3a-7304-418b-bc70-42ac552e857c/datanode-0/data/ratis/14ee4080-8118-4ac0-97fa-15f02b6bcb68 does not exist. Creating ...
2022-06-25 01:03:03,045 [pool-72-thread-1] INFO  storage.RaftStorageDirectory (RaftStorageDirectoryImpl.java:tryLock(230)) - Lock on /home/runner/work/ozone/ozone/hadoop-ozone/integration-test/target/test-dir/MiniOzoneClusterImpl-c4196b3a-7304-418b-bc70-42ac552e857c/datanode-0/data/ratis/14ee4080-8118-4ac0-97fa-15f02b6bcb68/in_use.lock acquired by nodename 7033@fv-az66-546
2022-06-25 01:03:03,047 [pool-72-thread-1] INFO  storage.RaftStorage (RaftStorageImpl.java:format(89)) - Storage directory /home/runner/work/ozone/ozone/hadoop-ozone/integration-test/target/test-dir/MiniOzoneClusterImpl-c4196b3a-7304-418b-bc70-42ac552e857c/datanode-0/data/ratis/14ee4080-8118-4ac0-97fa-15f02b6bcb68 has been successfully formatted.
2022-06-25 01:03:03,048 [pool-72-thread-1] INFO  ratis.ContainerStateMachine (ContainerStateMachine.java:loadSnapshot(236)) - group-15F02B6BCB68: The snapshot info is null. Setting the last applied indexto:(t:0, i:~)
2022-06-25 01:03:03,048 [pool-72-thread-1] INFO  server.RaftServerConfigKeys (ConfUtils.java:logGet(46)) - raft.server.notification.no-leader.timeout = 300s (custom)
2022-06-25 01:03:03,048 [pool-72-thread-1] INFO  server.RaftServerConfigKeys (ConfUtils.java:logGet(46)) - raft.server.log.use.memory = false (default)
2022-06-25 01:03:03,048 [pool-72-thread-1] INFO  server.RaftServerConfigKeys (ConfUtils.java:logGet(46)) - raft.server.log.purge.gap = 1000000 (custom)
2022-06-25 01:03:03,048 [pool-72-thread-1] INFO  server.RaftServerConfigKeys (ConfUtils.java:logGet(46)) - raft.server.log.appender.buffer.byte-limit = 33554432 (custom)
2022-06-25 01:03:03,048 [pool-72-thread-1] INFO  server.RaftServerConfigKeys (ConfUtils.java:logGet(46)) - raft.server.log.statemachine.data.read.timeout = 1000ms (default)
2022-06-25 01:03:03,049 [pool-72-thread-1] INFO  server.RaftServerConfigKeys (ConfUtils.java:logGet(46)) - raft.server.log.segment.size.max = 1048576 (custom)
2022-06-25 01:03:03,051 [pool-72-thread-1] INFO  server.RaftServerConfigKeys (ConfUtils.java:logGet(46)) - raft.server.log.segment.cache.num.max = 2 (custom)
2022-06-25 01:03:03,051 [pool-72-thread-1] INFO  server.RaftServerConfigKeys (ConfUtils.java:logGet(46)) - raft.server.log.segment.cache.size.max = 200MB (=209715200) (default)
2022-06-25 01:03:03,052 [pool-72-thread-1] INFO  segmented.SegmentedRaftLogWorker (SegmentedRaftLogWorker.java:<init>(187)) - new c48feabb-8c37-49df-8552-4f20ff63b661@group-15F02B6BCB68-SegmentedRaftLogWorker for RaftStorageImpl:Storage Directory /home/runner/work/ozone/ozone/hadoop-ozone/integration-test/target/test-dir/MiniOzoneClusterImpl-c4196b3a-7304-418b-bc70-42ac552e857c/datanode-0/data/ratis/14ee4080-8118-4ac0-97fa-15f02b6bcb68
2022-06-25 01:03:03,052 [pool-72-thread-1] INFO  server.RaftServerConfigKeys (ConfUtils.java:logGet(46)) - raft.server.log.queue.byte-limit = 4294967296 (custom)
2022-06-25 01:03:03,052 [pool-72-thread-1] INFO  server.RaftServerConfigKeys (ConfUtils.java:logGet(46)) - raft.server.log.queue.element-limit = 1024 (custom)
2022-06-25 01:03:03,052 [pool-72-thread-1] INFO  server.RaftServerConfigKeys (ConfUtils.java:logGet(46)) - raft.server.log.segment.size.max = 1048576 (custom)
2022-06-25 01:03:03,052 [pool-72-thread-1] INFO  server.RaftServerConfigKeys (ConfUtils.java:logGet(46)) - raft.server.log.preallocated.size = 16384 (custom)
2022-06-25 01:03:03,052 [pool-72-thread-1] INFO  server.RaftServerConfigKeys (ConfUtils.java:logGet(46)) - raft.server.log.force.sync.num = 128 (default)
2022-06-25 01:03:03,052 [pool-72-thread-1] INFO  server.RaftServerConfigKeys (ConfUtils.java:logGet(46)) - raft.server.log.statemachine.data.sync = true (default)
2022-06-25 01:03:03,052 [pool-72-thread-1] INFO  server.RaftServerConfigKeys (ConfUtils.java:logGet(46)) - raft.server.log.statemachine.data.sync.timeout = 10s (default)
2022-06-25 01:03:03,052 [pool-72-thread-1] INFO  server.RaftServerConfigKeys (ConfUtils.java:logGet(46)) - raft.server.log.statemachine.data.sync.timeout.retry = -1 (default)
2022-06-25 01:03:03,054 [pool-72-thread-1] INFO  server.RaftServerConfigKeys (ConfUtils.java:logGet(46)) - raft.server.log.write.buffer.size = 1048576 (custom)
2022-06-25 01:03:03,054 [pool-72-thread-1] INFO  server.RaftServerConfigKeys (ConfUtils.java:logGet(46)) - raft.server.log.unsafe-flush.enabled = false (default)
2022-06-25 01:03:03,054 [pool-72-thread-1] INFO  server.RaftServerConfigKeys (ConfUtils.java:logGet(46)) - raft.server.log.statemachine.data.caching.enabled = true (custom)
2022-06-25 01:03:03,055 [pool-72-thread-1] INFO  segmented.SegmentedRaftLogWorker (SegmentedRaftLogWorker.java:lambda$new$0(135)) - c48feabb-8c37-49df-8552-4f20ff63b661@group-15F02B6BCB68-SegmentedRaftLogWorker: flushIndex: setUnconditionally 0 -> -1
2022-06-25 01:03:03,055 [pool-72-thread-1] INFO  segmented.SegmentedRaftLogWorker (SegmentedRaftLogWorker.java:lambda$new$0(135)) - c48feabb-8c37-49df-8552-4f20ff63b661@group-15F02B6BCB68-SegmentedRaftLogWorker: safeCacheEvictIndex: setUnconditionally 0 -> -1
2022-06-25 01:03:03,055 [pool-72-thread-1] INFO  server.RaftServerConfigKeys (ConfUtils.java:logGet(46)) - raft.server.snapshot.auto.trigger.enabled = true (custom)
2022-06-25 01:03:03,055 [pool-72-thread-1] INFO  server.RaftServerConfigKeys (ConfUtils.java:logGet(46)) - raft.server.snapshot.auto.trigger.threshold = 10000 (custom)
2022-06-25 01:03:03,055 [pool-72-thread-1] INFO  server.RaftServerConfigKeys (ConfUtils.java:logGet(46)) - raft.server.snapshot.retention.file.num = 5 (custom)
2022-06-25 01:03:03,055 [pool-72-thread-1] INFO  server.RaftServerConfigKeys (ConfUtils.java:logGet(46)) - raft.server.log.purge.upto.snapshot.index = false (default)
2022-06-25 01:03:03,055 [pool-72-thread-1] INFO  server.RaftServerConfigKeys (ConfUtils.java:logGet(46)) - raft.server.retrycache.expirytime = 600000ms (custom)
2022-06-25 01:03:03,055 [pool-72-thread-1] INFO  server.RaftServerConfigKeys (ConfUtils.java:logGet(46)) - raft.server.retrycache.statistics.expirytime = 100μs (default)
2022-06-25 01:03:03,058 [EventQueue-OpenPipelineForHealthyPipelineSafeModeRule] INFO  safemode.SCMSafeModeManager (HealthyPipelineSafeModeRule.java:process(124)) - SCM in safe mode. Healthy pipelines reported count is 0, required healthy pipeline reported count is 1
2022-06-25 01:03:03,060 [pool-72-thread-1] INFO  server.RaftServerConfigKeys (ConfUtils.java:logGet(46)) - raft.server.log.appender.install.snapshot.enabled = false (custom)
2022-06-25 01:03:03,060 [pool-72-thread-1] INFO  server.RaftServerConfigKeys (ConfUtils.java:logGet(46)) - raft.server.threadpool.server.cached = true (default)
2022-06-25 01:03:03,060 [pool-72-thread-1] INFO  server.RaftServerConfigKeys (ConfUtils.java:logGet(46)) - raft.server.threadpool.server.size = 0 (default)
2022-06-25 01:03:03,060 [pool-72-thread-1] INFO  server.RaftServerConfigKeys (ConfUtils.java:logGet(46)) - raft.server.threadpool.client.cached = true (default)
2022-06-25 01:03:03,060 [pool-72-thread-1] INFO  server.RaftServerConfigKeys (ConfUtils.java:logGet(46)) - raft.server.threadpool.client.size = 0 (default)
2022-06-25 01:03:03,060 [pool-72-thread-1] INFO  server.RaftServer$Division (RaftServerImpl.java:start(310)) - c48feabb-8c37-49df-8552-4f20ff63b661@group-15F02B6BCB68: start as a follower, conf=-1: [9603e1cc-a61d-4021-a0fc-b8ccd0a3aeb5|rpc:10.1.0.8:46353|priority:1, c19fc8e0-326e-4773-b88f-3f9b256b9096|rpc:10.1.0.8:33079|priority:0, c48feabb-8c37-49df-8552-4f20ff63b661|rpc:10.1.0.8:40341|priority:0], old=null
2022-06-25 01:03:03,060 [pool-72-thread-1] INFO  server.RaftServer$Division (RaftServerImpl.java:setRole(299)) - c48feabb-8c37-49df-8552-4f20ff63b661@group-15F02B6BCB68: changes role from      null to FOLLOWER at term 0 for startAsFollower
2022-06-25 01:03:03,060 [pool-72-thread-1] INFO  impl.RoleInfo (RoleInfo.java:updateAndGet(139)) - c48feabb-8c37-49df-8552-4f20ff63b661: start c48feabb-8c37-49df-8552-4f20ff63b661@group-15F02B6BCB68-FollowerState
2022-06-25 01:03:03,070 [pool-72-thread-1] INFO  util.JmxRegister (JmxRegister.java:tryRegister(44)) - Successfully registered JMX Bean with object name Ratis:service=RaftServer,group=group-15F02B6BCB68,id=c48feabb-8c37-49df-8552-4f20ff63b661
2022-06-25 01:03:03,077 [Command processor thread] INFO  ratis.XceiverServerRatis (XceiverServerRatis.java:addGroup(765)) - Created group PipelineID=14ee4080-8118-4ac0-97fa-15f02b6bcb68
2022-06-25 01:03:03,178 [ReplicationMonitor] INFO  replication.ReplicationManager (ReplicationManager.java:processAll(228)) - Replication Manager is not ready to run until 3000ms after safemode exit
2022-06-25 01:03:03,530 [Command processor thread] INFO  server.RaftServer (RaftServerProxy.java:addNew(96)) - 9603e1cc-a61d-4021-a0fc-b8ccd0a3aeb5: addNew group-EBC77BA5ECA6:[9603e1cc-a61d-4021-a0fc-b8ccd0a3aeb5|rpc:10.1.0.8:46353|priority:1] returns group-EBC77BA5ECA6:java.util.concurrent.CompletableFuture@2cdf3f1[Not completed]
2022-06-25 01:03:03,538 [pool-95-thread-1] INFO  server.RaftServer$Division (RaftServerImpl.java:<init>(190)) - 9603e1cc-a61d-4021-a0fc-b8ccd0a3aeb5: new RaftServerImpl for group-EBC77BA5ECA6:[9603e1cc-a61d-4021-a0fc-b8ccd0a3aeb5|rpc:10.1.0.8:46353|priority:1] with ContainerStateMachine:uninitialized
2022-06-25 01:03:03,538 [pool-95-thread-1] INFO  server.RaftServerConfigKeys (ConfUtils.java:logGet(46)) - raft.server.rpc.timeout.min = 5s (custom)
2022-06-25 01:03:03,538 [pool-95-thread-1] INFO  server.RaftServerConfigKeys (ConfUtils.java:logGet(46)) - raft.server.rpc.timeout.max = 5200ms (custom)
2022-06-25 01:03:03,538 [pool-95-thread-1] INFO  server.RaftServerConfigKeys (ConfUtils.java:logGet(46)) - raft.server.rpc.sleep.time = 25ms (default)
2022-06-25 01:03:03,538 [pool-95-thread-1] INFO  server.RaftServerConfigKeys (ConfUtils.java:logGet(46)) - raft.server.rpc.slowness.timeout = 300s (custom)
2022-06-25 01:03:03,538 [pool-95-thread-1] INFO  server.RaftServerConfigKeys (ConfUtils.java:logGet(46)) - raft.server.leaderelection.leader.step-down.wait-time = 10s (default)
2022-06-25 01:03:03,538 [pool-95-thread-1] INFO  server.RaftServerConfigKeys (ConfUtils.java:logGet(46)) - raft.server.sleep.deviation.threshold = 300ms (default)
2022-06-25 01:03:03,539 [pool-95-thread-1] INFO  server.RaftServer$Division (ServerState.java:<init>(107)) - 9603e1cc-a61d-4021-a0fc-b8ccd0a3aeb5@group-EBC77BA5ECA6: ConfigurationManager, init=-1: [9603e1cc-a61d-4021-a0fc-b8ccd0a3aeb5|rpc:10.1.0.8:46353|priority:1], old=null, confs=<EMPTY_MAP>
2022-06-25 01:03:03,539 [pool-95-thread-1] INFO  server.RaftServerConfigKeys (ConfUtils.java:logGet(46)) - raft.server.storage.dir = [/home/runner/work/ozone/ozone/hadoop-ozone/integration-test/target/test-dir/MiniOzoneClusterImpl-c4196b3a-7304-418b-bc70-42ac552e857c/datanode-1/data/ratis] (custom)
2022-06-25 01:03:03,539 [pool-95-thread-1] INFO  server.RaftServerConfigKeys (ConfUtils.java:logGet(46)) - raft.server.log.corruption.policy = EXCEPTION (default)
2022-06-25 01:03:03,539 [pool-95-thread-1] INFO  server.RaftServerConfigKeys (ConfUtils.java:logGet(46)) - raft.server.storage.free-space.min = 0MB (=0) (default)
2022-06-25 01:03:03,539 [pool-95-thread-1] INFO  storage.RaftStorageDirectory (RaftStorageDirectoryImpl.java:analyzeStorage(135)) - The storage directory /home/runner/work/ozone/ozone/hadoop-ozone/integration-test/target/test-dir/MiniOzoneClusterImpl-c4196b3a-7304-418b-bc70-42ac552e857c/datanode-1/data/ratis/14fbd14a-b8c2-4702-b8e4-ebc77ba5eca6 does not exist. Creating ...
2022-06-25 01:03:03,541 [pool-95-thread-1] INFO  storage.RaftStorageDirectory (RaftStorageDirectoryImpl.java:tryLock(230)) - Lock on /home/runner/work/ozone/ozone/hadoop-ozone/integration-test/target/test-dir/MiniOzoneClusterImpl-c4196b3a-7304-418b-bc70-42ac552e857c/datanode-1/data/ratis/14fbd14a-b8c2-4702-b8e4-ebc77ba5eca6/in_use.lock acquired by nodename 7033@fv-az66-546
2022-06-25 01:03:03,542 [pool-95-thread-1] INFO  storage.RaftStorage (RaftStorageImpl.java:format(89)) - Storage directory /home/runner/work/ozone/ozone/hadoop-ozone/integration-test/target/test-dir/MiniOzoneClusterImpl-c4196b3a-7304-418b-bc70-42ac552e857c/datanode-1/data/ratis/14fbd14a-b8c2-4702-b8e4-ebc77ba5eca6 has been successfully formatted.
2022-06-25 01:03:03,542 [pool-95-thread-1] INFO  ratis.ContainerStateMachine (ContainerStateMachine.java:loadSnapshot(236)) - group-EBC77BA5ECA6: The snapshot info is null. Setting the last applied indexto:(t:0, i:~)
2022-06-25 01:03:03,545 [EventQueue-PipelineReportForPipelineReportHandler] INFO  pipeline.PipelineManagerImpl (PipelineManagerImpl.java:openPipeline(358)) - Pipeline Pipeline[ Id: 14fbd14a-b8c2-4702-b8e4-ebc77ba5eca6, Nodes: 9603e1cc-a61d-4021-a0fc-b8ccd0a3aeb5{ip: 10.1.0.8, host: fv-az66-546.vwcdieab4koerntclszyavmfxa.dx.internal.cloudapp.net, ports: [REPLICATION=45565, RATIS=46353, RATIS_ADMIN=46353, RATIS_SERVER=46353, STANDALONE=33245], networkLocation: /default-rack, certSerialId: null, persistedOpState: IN_SERVICE, persistedOpStateExpiryEpochSec: 0}, ReplicationConfig: RATIS/ONE, State:ALLOCATED, leaderId:9603e1cc-a61d-4021-a0fc-b8ccd0a3aeb5, CreationTimestamp2022-06-25T01:03:00.535Z[Etc/UTC]] moved to OPEN state
2022-06-25 01:03:03,546 [EventQueue-OpenPipelineForHealthyPipelineSafeModeRule] INFO  safemode.SCMSafeModeManager (HealthyPipelineSafeModeRule.java:process(124)) - SCM in safe mode. Healthy pipelines reported count is 0, required healthy pipeline reported count is 1
2022-06-25 01:03:03,550 [pool-95-thread-1] INFO  server.RaftServerConfigKeys (ConfUtils.java:logGet(46)) - raft.server.notification.no-leader.timeout = 300s (custom)
2022-06-25 01:03:03,551 [pool-95-thread-1] INFO  server.RaftServerConfigKeys (ConfUtils.java:logGet(46)) - raft.server.log.use.memory = false (default)
2022-06-25 01:03:03,551 [pool-95-thread-1] INFO  server.RaftServerConfigKeys (ConfUtils.java:logGet(46)) - raft.server.log.purge.gap = 1000000 (custom)
2022-06-25 01:03:03,551 [pool-95-thread-1] INFO  server.RaftServerConfigKeys (ConfUtils.java:logGet(46)) - raft.server.log.appender.buffer.byte-limit = 33554432 (custom)
2022-06-25 01:03:03,552 [pool-95-thread-1] INFO  server.RaftServerConfigKeys (ConfUtils.java:logGet(46)) - raft.server.log.statemachine.data.read.timeout = 1000ms (default)
2022-06-25 01:03:03,552 [pool-95-thread-1] INFO  server.RaftServerConfigKeys (ConfUtils.java:logGet(46)) - raft.server.log.segment.size.max = 1048576 (custom)
2022-06-25 01:03:03,554 [pool-95-thread-1] INFO  server.RaftServerConfigKeys (ConfUtils.java:logGet(46)) - raft.server.log.segment.cache.num.max = 2 (custom)
2022-06-25 01:03:03,554 [pool-95-thread-1] INFO  server.RaftServerConfigKeys (ConfUtils.java:logGet(46)) - raft.server.log.segment.cache.size.max = 200MB (=209715200) (default)
2022-06-25 01:03:03,554 [pool-95-thread-1] INFO  segmented.SegmentedRaftLogWorker (SegmentedRaftLogWorker.java:<init>(187)) - new 9603e1cc-a61d-4021-a0fc-b8ccd0a3aeb5@group-EBC77BA5ECA6-SegmentedRaftLogWorker for RaftStorageImpl:Storage Directory /home/runner/work/ozone/ozone/hadoop-ozone/integration-test/target/test-dir/MiniOzoneClusterImpl-c4196b3a-7304-418b-bc70-42ac552e857c/datanode-1/data/ratis/14fbd14a-b8c2-4702-b8e4-ebc77ba5eca6
2022-06-25 01:03:03,554 [pool-95-thread-1] INFO  server.RaftServerConfigKeys (ConfUtils.java:logGet(46)) - raft.server.log.queue.byte-limit = 4294967296 (custom)
2022-06-25 01:03:03,554 [pool-95-thread-1] INFO  server.RaftServerConfigKeys (ConfUtils.java:logGet(46)) - raft.server.log.queue.element-limit = 1024 (custom)
2022-06-25 01:03:03,554 [pool-95-thread-1] INFO  server.RaftServerConfigKeys (ConfUtils.java:logGet(46)) - raft.server.log.segment.size.max = 1048576 (custom)
2022-06-25 01:03:03,554 [pool-95-thread-1] INFO  server.RaftServerConfigKeys (ConfUtils.java:logGet(46)) - raft.server.log.preallocated.size = 16384 (custom)
2022-06-25 01:03:03,554 [pool-95-thread-1] INFO  server.RaftServerConfigKeys (ConfUtils.java:logGet(46)) - raft.server.log.force.sync.num = 128 (default)
2022-06-25 01:03:03,554 [pool-95-thread-1] INFO  server.RaftServerConfigKeys (ConfUtils.java:logGet(46)) - raft.server.log.statemachine.data.sync = true (default)
2022-06-25 01:03:03,555 [pool-95-thread-1] INFO  server.RaftServerConfigKeys (ConfUtils.java:logGet(46)) - raft.server.log.statemachine.data.sync.timeout = 10s (default)
2022-06-25 01:03:03,555 [pool-95-thread-1] INFO  server.RaftServerConfigKeys (ConfUtils.java:logGet(46)) - raft.server.log.statemachine.data.sync.timeout.retry = -1 (default)
2022-06-25 01:03:03,564 [pool-95-thread-1] INFO  server.RaftServerConfigKeys (ConfUtils.java:logGet(46)) - raft.server.log.write.buffer.size = 1048576 (custom)
2022-06-25 01:03:03,565 [pool-95-thread-1] INFO  server.RaftServerConfigKeys (ConfUtils.java:logGet(46)) - raft.server.log.unsafe-flush.enabled = false (default)
2022-06-25 01:03:03,565 [pool-95-thread-1] INFO  server.RaftServerConfigKeys (ConfUtils.java:logGet(46)) - raft.server.log.statemachine.data.caching.enabled = true (custom)
2022-06-25 01:03:03,566 [pool-95-thread-1] INFO  segmented.SegmentedRaftLogWorker (SegmentedRaftLogWorker.java:lambda$new$0(135)) - 9603e1cc-a61d-4021-a0fc-b8ccd0a3aeb5@group-EBC77BA5ECA6-SegmentedRaftLogWorker: flushIndex: setUnconditionally 0 -> -1
2022-06-25 01:03:03,566 [pool-95-thread-1] INFO  segmented.SegmentedRaftLogWorker (SegmentedRaftLogWorker.java:lambda$new$0(135)) - 9603e1cc-a61d-4021-a0fc-b8ccd0a3aeb5@group-EBC77BA5ECA6-SegmentedRaftLogWorker: safeCacheEvictIndex: setUnconditionally 0 -> -1
2022-06-25 01:03:03,566 [pool-95-thread-1] INFO  server.RaftServerConfigKeys (ConfUtils.java:logGet(46)) - raft.server.snapshot.auto.trigger.enabled = true (custom)
2022-06-25 01:03:03,566 [pool-95-thread-1] INFO  server.RaftServerConfigKeys (ConfUtils.java:logGet(46)) - raft.server.snapshot.auto.trigger.threshold = 10000 (custom)
2022-06-25 01:03:03,566 [pool-95-thread-1] INFO  server.RaftServerConfigKeys (ConfUtils.java:logGet(46)) - raft.server.snapshot.retention.file.num = 5 (custom)
2022-06-25 01:03:03,566 [pool-95-thread-1] INFO  server.RaftServerConfigKeys (ConfUtils.java:logGet(46)) - raft.server.log.purge.upto.snapshot.index = false (default)
2022-06-25 01:03:03,567 [pool-95-thread-1] INFO  server.RaftServerConfigKeys (ConfUtils.java:logGet(46)) - raft.server.retrycache.expirytime = 600000ms (custom)
2022-06-25 01:03:03,567 [pool-95-thread-1] INFO  server.RaftServerConfigKeys (ConfUtils.java:logGet(46)) - raft.server.retrycache.statistics.expirytime = 100μs (default)
2022-06-25 01:03:03,575 [pool-95-thread-1] INFO  server.RaftServerConfigKeys (ConfUtils.java:logGet(46)) - raft.server.log.appender.install.snapshot.enabled = false (custom)
2022-06-25 01:03:03,575 [pool-95-thread-1] INFO  server.RaftServerConfigKeys (ConfUtils.java:logGet(46)) - raft.server.threadpool.server.cached = true (default)
2022-06-25 01:03:03,576 [pool-95-thread-1] INFO  server.RaftServerConfigKeys (ConfUtils.java:logGet(46)) - raft.server.threadpool.server.size = 0 (default)
2022-06-25 01:03:03,576 [pool-95-thread-1] INFO  server.RaftServerConfigKeys (ConfUtils.java:logGet(46)) - raft.server.threadpool.client.cached = true (default)
2022-06-25 01:03:03,576 [pool-95-thread-1] INFO  server.RaftServerConfigKeys (ConfUtils.java:logGet(46)) - raft.server.threadpool.client.size = 0 (default)
2022-06-25 01:03:03,576 [pool-95-thread-1] INFO  server.RaftServer$Division (RaftServerImpl.java:start(310)) - 9603e1cc-a61d-4021-a0fc-b8ccd0a3aeb5@group-EBC77BA5ECA6: start as a follower, conf=-1: [9603e1cc-a61d-4021-a0fc-b8ccd0a3aeb5|rpc:10.1.0.8:46353|priority:1], old=null
2022-06-25 01:03:03,576 [pool-95-thread-1] INFO  server.RaftServer$Division (RaftServerImpl.java:setRole(299)) - 9603e1cc-a61d-4021-a0fc-b8ccd0a3aeb5@group-EBC77BA5ECA6: changes role from      null to FOLLOWER at term 0 for startAsFollower
2022-06-25 01:03:03,576 [pool-95-thread-1] INFO  impl.RoleInfo (RoleInfo.java:updateAndGet(139)) - 9603e1cc-a61d-4021-a0fc-b8ccd0a3aeb5: start 9603e1cc-a61d-4021-a0fc-b8ccd0a3aeb5@group-EBC77BA5ECA6-FollowerState
2022-06-25 01:03:03,590 [pool-95-thread-1] INFO  util.JmxRegister (JmxRegister.java:tryRegister(44)) - Successfully registered JMX Bean with object name Ratis:service=RaftServer,group=group-EBC77BA5ECA6,id=9603e1cc-a61d-4021-a0fc-b8ccd0a3aeb5
2022-06-25 01:03:03,608 [Command processor thread] INFO  ratis.XceiverServerRatis (XceiverServerRatis.java:addGroup(765)) - Created group PipelineID=14fbd14a-b8c2-4702-b8e4-ebc77ba5eca6
2022-06-25 01:03:03,608 [Command processor thread] INFO  commandhandler.CreatePipelineCommandHandler (CreatePipelineCommandHandler.java:handle(113)) - Created Pipeline RATIS ONE PipelineID=14fbd14a-b8c2-4702-b8e4-ebc77ba5eca6.
2022-06-25 01:03:03,609 [Command processor thread] INFO  server.RaftServer (RaftServerProxy.java:addNew(96)) - 9603e1cc-a61d-4021-a0fc-b8ccd0a3aeb5: addNew group-15F02B6BCB68:[9603e1cc-a61d-4021-a0fc-b8ccd0a3aeb5|rpc:10.1.0.8:46353|priority:1, c19fc8e0-326e-4773-b88f-3f9b256b9096|rpc:10.1.0.8:33079|priority:0, c48feabb-8c37-49df-8552-4f20ff63b661|rpc:10.1.0.8:40341|priority:0] returns group-15F02B6BCB68:java.util.concurrent.CompletableFuture@6f26770[Not completed]
2022-06-25 01:03:03,610 [pool-95-thread-1] INFO  server.RaftServer$Division (RaftServerImpl.java:<init>(190)) - 9603e1cc-a61d-4021-a0fc-b8ccd0a3aeb5: new RaftServerImpl for group-15F02B6BCB68:[9603e1cc-a61d-4021-a0fc-b8ccd0a3aeb5|rpc:10.1.0.8:46353|priority:1, c19fc8e0-326e-4773-b88f-3f9b256b9096|rpc:10.1.0.8:33079|priority:0, c48feabb-8c37-49df-8552-4f20ff63b661|rpc:10.1.0.8:40341|priority:0] with ContainerStateMachine:uninitialized
2022-06-25 01:03:03,611 [pool-95-thread-1] INFO  server.RaftServerConfigKeys (ConfUtils.java:logGet(46)) - raft.server.rpc.timeout.min = 5s (custom)
2022-06-25 01:03:03,611 [pool-95-thread-1] INFO  server.RaftServerConfigKeys (ConfUtils.java:logGet(46)) - raft.server.rpc.timeout.max = 5200ms (custom)
2022-06-25 01:03:03,611 [pool-95-thread-1] INFO  server.RaftServerConfigKeys (ConfUtils.java:logGet(46)) - raft.server.rpc.sleep.time = 25ms (default)
2022-06-25 01:03:03,611 [pool-95-thread-1] INFO  server.RaftServerConfigKeys (ConfUtils.java:logGet(46)) - raft.server.rpc.slowness.timeout = 300s (custom)
2022-06-25 01:03:03,611 [pool-95-thread-1] INFO  server.RaftServerConfigKeys (ConfUtils.java:logGet(46)) - raft.server.leaderelection.leader.step-down.wait-time = 10s (default)
2022-06-25 01:03:03,611 [pool-95-thread-1] INFO  server.RaftServerConfigKeys (ConfUtils.java:logGet(46)) - raft.server.sleep.deviation.threshold = 300ms (default)
2022-06-25 01:03:03,611 [pool-95-thread-1] INFO  server.RaftServer$Division (ServerState.java:<init>(107)) - 9603e1cc-a61d-4021-a0fc-b8ccd0a3aeb5@group-15F02B6BCB68: ConfigurationManager, init=-1: [9603e1cc-a61d-4021-a0fc-b8ccd0a3aeb5|rpc:10.1.0.8:46353|priority:1, c19fc8e0-326e-4773-b88f-3f9b256b9096|rpc:10.1.0.8:33079|priority:0, c48feabb-8c37-49df-8552-4f20ff63b661|rpc:10.1.0.8:40341|priority:0], old=null, confs=<EMPTY_MAP>
2022-06-25 01:03:03,611 [pool-95-thread-1] INFO  server.RaftServerConfigKeys (ConfUtils.java:logGet(46)) - raft.server.storage.dir = [/home/runner/work/ozone/ozone/hadoop-ozone/integration-test/target/test-dir/MiniOzoneClusterImpl-c4196b3a-7304-418b-bc70-42ac552e857c/datanode-1/data/ratis] (custom)
2022-06-25 01:03:03,612 [pool-95-thread-1] INFO  server.RaftServerConfigKeys (ConfUtils.java:logGet(46)) - raft.server.log.corruption.policy = EXCEPTION (default)
2022-06-25 01:03:03,612 [pool-95-thread-1] INFO  server.RaftServerConfigKeys (ConfUtils.java:logGet(46)) - raft.server.storage.free-space.min = 0MB (=0) (default)
2022-06-25 01:03:03,612 [pool-95-thread-1] INFO  storage.RaftStorageDirectory (RaftStorageDirectoryImpl.java:analyzeStorage(135)) - The storage directory /home/runner/work/ozone/ozone/hadoop-ozone/integration-test/target/test-dir/MiniOzoneClusterImpl-c4196b3a-7304-418b-bc70-42ac552e857c/datanode-1/data/ratis/14ee4080-8118-4ac0-97fa-15f02b6bcb68 does not exist. Creating ...
2022-06-25 01:03:03,615 [pool-95-thread-1] INFO  storage.RaftStorageDirectory (RaftStorageDirectoryImpl.java:tryLock(230)) - Lock on /home/runner/work/ozone/ozone/hadoop-ozone/integration-test/target/test-dir/MiniOzoneClusterImpl-c4196b3a-7304-418b-bc70-42ac552e857c/datanode-1/data/ratis/14ee4080-8118-4ac0-97fa-15f02b6bcb68/in_use.lock acquired by nodename 7033@fv-az66-546
2022-06-25 01:03:03,617 [pool-95-thread-1] INFO  storage.RaftStorage (RaftStorageImpl.java:format(89)) - Storage directory /home/runner/work/ozone/ozone/hadoop-ozone/integration-test/target/test-dir/MiniOzoneClusterImpl-c4196b3a-7304-418b-bc70-42ac552e857c/datanode-1/data/ratis/14ee4080-8118-4ac0-97fa-15f02b6bcb68 has been successfully formatted.
2022-06-25 01:03:03,617 [pool-95-thread-1] INFO  ratis.ContainerStateMachine (ContainerStateMachine.java:loadSnapshot(236)) - group-15F02B6BCB68: The snapshot info is null. Setting the last applied indexto:(t:0, i:~)
2022-06-25 01:03:03,618 [pool-95-thread-1] INFO  server.RaftServerConfigKeys (ConfUtils.java:logGet(46)) - raft.server.notification.no-leader.timeout = 300s (custom)
2022-06-25 01:03:03,618 [pool-95-thread-1] INFO  server.RaftServerConfigKeys (ConfUtils.java:logGet(46)) - raft.server.log.use.memory = false (default)
2022-06-25 01:03:03,618 [pool-95-thread-1] INFO  server.RaftServerConfigKeys (ConfUtils.java:logGet(46)) - raft.server.log.purge.gap = 1000000 (custom)
2022-06-25 01:03:03,618 [pool-95-thread-1] INFO  server.RaftServerConfigKeys (ConfUtils.java:logGet(46)) - raft.server.log.appender.buffer.byte-limit = 33554432 (custom)
2022-06-25 01:03:03,618 [pool-95-thread-1] INFO  server.RaftServerConfigKeys (ConfUtils.java:logGet(46)) - raft.server.log.statemachine.data.read.timeout = 1000ms (default)
2022-06-25 01:03:03,618 [pool-95-thread-1] INFO  server.RaftServerConfigKeys (ConfUtils.java:logGet(46)) - raft.server.log.segment.size.max = 1048576 (custom)
2022-06-25 01:03:03,619 [pool-95-thread-1] INFO  server.RaftServerConfigKeys (ConfUtils.java:logGet(46)) - raft.server.log.segment.cache.num.max = 2 (custom)
2022-06-25 01:03:03,619 [pool-95-thread-1] INFO  server.RaftServerConfigKeys (ConfUtils.java:logGet(46)) - raft.server.log.segment.cache.size.max = 200MB (=209715200) (default)
2022-06-25 01:03:03,619 [pool-95-thread-1] INFO  segmented.SegmentedRaftLogWorker (SegmentedRaftLogWorker.java:<init>(187)) - new 9603e1cc-a61d-4021-a0fc-b8ccd0a3aeb5@group-15F02B6BCB68-SegmentedRaftLogWorker for RaftStorageImpl:Storage Directory /home/runner/work/ozone/ozone/hadoop-ozone/integration-test/target/test-dir/MiniOzoneClusterImpl-c4196b3a-7304-418b-bc70-42ac552e857c/datanode-1/data/ratis/14ee4080-8118-4ac0-97fa-15f02b6bcb68
2022-06-25 01:03:03,619 [pool-95-thread-1] INFO  server.RaftServerConfigKeys (ConfUtils.java:logGet(46)) - raft.server.log.queue.byte-limit = 4294967296 (custom)
2022-06-25 01:03:03,619 [pool-95-thread-1] INFO  server.RaftServerConfigKeys (ConfUtils.java:logGet(46)) - raft.server.log.queue.element-limit = 1024 (custom)
2022-06-25 01:03:03,619 [pool-95-thread-1] INFO  server.RaftServerConfigKeys (ConfUtils.java:logGet(46)) - raft.server.log.segment.size.max = 1048576 (custom)
2022-06-25 01:03:03,619 [pool-95-thread-1] INFO  server.RaftServerConfigKeys (ConfUtils.java:logGet(46)) - raft.server.log.preallocated.size = 16384 (custom)
2022-06-25 01:03:03,619 [pool-95-thread-1] INFO  server.RaftServerConfigKeys (ConfUtils.java:logGet(46)) - raft.server.log.force.sync.num = 128 (default)
2022-06-25 01:03:03,620 [pool-95-thread-1] INFO  server.RaftServerConfigKeys (ConfUtils.java:logGet(46)) - raft.server.log.statemachine.data.sync = true (default)
2022-06-25 01:03:03,620 [pool-95-thread-1] INFO  server.RaftServerConfigKeys (ConfUtils.java:logGet(46)) - raft.server.log.statemachine.data.sync.timeout = 10s (default)
2022-06-25 01:03:03,620 [pool-95-thread-1] INFO  server.RaftServerConfigKeys (ConfUtils.java:logGet(46)) - raft.server.log.statemachine.data.sync.timeout.retry = -1 (default)
2022-06-25 01:03:03,633 [EventQueue-OpenPipelineForHealthyPipelineSafeModeRule] INFO  safemode.SCMSafeModeManager (HealthyPipelineSafeModeRule.java:process(124)) - SCM in safe mode. Healthy pipelines reported count is 0, required healthy pipeline reported count is 1
2022-06-25 01:03:03,642 [pool-95-thread-1] INFO  server.RaftServerConfigKeys (ConfUtils.java:logGet(46)) - raft.server.log.write.buffer.size = 1048576 (custom)
2022-06-25 01:03:03,643 [pool-95-thread-1] INFO  server.RaftServerConfigKeys (ConfUtils.java:logGet(46)) - raft.server.log.unsafe-flush.enabled = false (default)
2022-06-25 01:03:03,643 [pool-95-thread-1] INFO  server.RaftServerConfigKeys (ConfUtils.java:logGet(46)) - raft.server.log.statemachine.data.caching.enabled = true (custom)
2022-06-25 01:03:03,643 [pool-95-thread-1] INFO  segmented.SegmentedRaftLogWorker (SegmentedRaftLogWorker.java:lambda$new$0(135)) - 9603e1cc-a61d-4021-a0fc-b8ccd0a3aeb5@group-15F02B6BCB68-SegmentedRaftLogWorker: flushIndex: setUnconditionally 0 -> -1
2022-06-25 01:03:03,643 [pool-95-thread-1] INFO  segmented.SegmentedRaftLogWorker (SegmentedRaftLogWorker.java:lambda$new$0(135)) - 9603e1cc-a61d-4021-a0fc-b8ccd0a3aeb5@group-15F02B6BCB68-SegmentedRaftLogWorker: safeCacheEvictIndex: setUnconditionally 0 -> -1
2022-06-25 01:03:03,648 [pool-95-thread-1] INFO  server.RaftServerConfigKeys (ConfUtils.java:logGet(46)) - raft.server.snapshot.auto.trigger.enabled = true (custom)
2022-06-25 01:03:03,648 [pool-95-thread-1] INFO  server.RaftServerConfigKeys (ConfUtils.java:logGet(46)) - raft.server.snapshot.auto.trigger.threshold = 10000 (custom)
2022-06-25 01:03:03,648 [pool-95-thread-1] INFO  server.RaftServerConfigKeys (ConfUtils.java:logGet(46)) - raft.server.snapshot.retention.file.num = 5 (custom)
2022-06-25 01:03:03,648 [pool-95-thread-1] INFO  server.RaftServerConfigKeys (ConfUtils.java:logGet(46)) - raft.server.log.purge.upto.snapshot.index = false (default)
2022-06-25 01:03:03,648 [pool-95-thread-1] INFO  server.RaftServerConfigKeys (ConfUtils.java:logGet(46)) - raft.server.retrycache.expirytime = 600000ms (custom)
2022-06-25 01:03:03,648 [pool-95-thread-1] INFO  server.RaftServerConfigKeys (ConfUtils.java:logGet(46)) - raft.server.retrycache.statistics.expirytime = 100μs (default)
2022-06-25 01:03:03,650 [pool-95-thread-1] INFO  server.RaftServerConfigKeys (ConfUtils.java:logGet(46)) - raft.server.log.appender.install.snapshot.enabled = false (custom)
2022-06-25 01:03:03,650 [pool-95-thread-1] INFO  server.RaftServerConfigKeys (ConfUtils.java:logGet(46)) - raft.server.threadpool.server.cached = true (default)
2022-06-25 01:03:03,650 [pool-95-thread-1] INFO  server.RaftServerConfigKeys (ConfUtils.java:logGet(46)) - raft.server.threadpool.server.size = 0 (default)
2022-06-25 01:03:03,650 [pool-95-thread-1] INFO  server.RaftServerConfigKeys (ConfUtils.java:logGet(46)) - raft.server.threadpool.client.cached = true (default)
2022-06-25 01:03:03,650 [pool-95-thread-1] INFO  server.RaftServerConfigKeys (ConfUtils.java:logGet(46)) - raft.server.threadpool.client.size = 0 (default)
2022-06-25 01:03:03,650 [pool-95-thread-1] INFO  server.RaftServer$Division (RaftServerImpl.java:start(310)) - 9603e1cc-a61d-4021-a0fc-b8ccd0a3aeb5@group-15F02B6BCB68: start as a follower, conf=-1: [9603e1cc-a61d-4021-a0fc-b8ccd0a3aeb5|rpc:10.1.0.8:46353|priority:1, c19fc8e0-326e-4773-b88f-3f9b256b9096|rpc:10.1.0.8:33079|priority:0, c48feabb-8c37-49df-8552-4f20ff63b661|rpc:10.1.0.8:40341|priority:0], old=null
2022-06-25 01:03:03,650 [pool-95-thread-1] INFO  server.RaftServer$Division (RaftServerImpl.java:setRole(299)) - 9603e1cc-a61d-4021-a0fc-b8ccd0a3aeb5@group-15F02B6BCB68: changes role from      null to FOLLOWER at term 0 for startAsFollower
2022-06-25 01:03:03,650 [pool-95-thread-1] INFO  impl.RoleInfo (RoleInfo.java:updateAndGet(139)) - 9603e1cc-a61d-4021-a0fc-b8ccd0a3aeb5: start 9603e1cc-a61d-4021-a0fc-b8ccd0a3aeb5@group-15F02B6BCB68-FollowerState
2022-06-25 01:03:03,652 [pool-95-thread-1] INFO  util.JmxRegister (JmxRegister.java:tryRegister(44)) - Successfully registered JMX Bean with object name Ratis:service=RaftServer,group=group-15F02B6BCB68,id=9603e1cc-a61d-4021-a0fc-b8ccd0a3aeb5
2022-06-25 01:03:03,658 [Command processor thread] INFO  ratis.XceiverServerRatis (XceiverServerRatis.java:addGroup(765)) - Created group PipelineID=14ee4080-8118-4ac0-97fa-15f02b6bcb68
2022-06-25 01:03:03,863 [grpc-default-executor-0] INFO  server.RaftServer (RaftServerProxy.java:addNew(96)) - c19fc8e0-326e-4773-b88f-3f9b256b9096: addNew group-15F02B6BCB68:[9603e1cc-a61d-4021-a0fc-b8ccd0a3aeb5|rpc:10.1.0.8:46353|dataStream:|priority:1, c19fc8e0-326e-4773-b88f-3f9b256b9096|rpc:10.1.0.8:33079|dataStream:|priority:0, c48feabb-8c37-49df-8552-4f20ff63b661|rpc:10.1.0.8:40341|dataStream:|priority:0] returns group-15F02B6BCB68:java.util.concurrent.CompletableFuture@2b3692e3[Not completed]
2022-06-25 01:03:03,864 [pool-118-thread-1] INFO  server.RaftServer$Division (RaftServerImpl.java:<init>(190)) - c19fc8e0-326e-4773-b88f-3f9b256b9096: new RaftServerImpl for group-15F02B6BCB68:[9603e1cc-a61d-4021-a0fc-b8ccd0a3aeb5|rpc:10.1.0.8:46353|dataStream:|priority:1, c19fc8e0-326e-4773-b88f-3f9b256b9096|rpc:10.1.0.8:33079|dataStream:|priority:0, c48feabb-8c37-49df-8552-4f20ff63b661|rpc:10.1.0.8:40341|dataStream:|priority:0] with ContainerStateMachine:uninitialized
2022-06-25 01:03:03,865 [pool-118-thread-1] INFO  server.RaftServerConfigKeys (ConfUtils.java:logGet(46)) - raft.server.rpc.timeout.min = 5s (custom)
2022-06-25 01:03:03,865 [pool-118-thread-1] INFO  server.RaftServerConfigKeys (ConfUtils.java:logGet(46)) - raft.server.rpc.timeout.max = 5200ms (custom)
2022-06-25 01:03:03,865 [pool-118-thread-1] INFO  server.RaftServerConfigKeys (ConfUtils.java:logGet(46)) - raft.server.rpc.sleep.time = 25ms (default)
2022-06-25 01:03:03,865 [pool-118-thread-1] INFO  server.RaftServerConfigKeys (ConfUtils.java:logGet(46)) - raft.server.rpc.slowness.timeout = 300s (custom)
2022-06-25 01:03:03,865 [pool-118-thread-1] INFO  server.RaftServerConfigKeys (ConfUtils.java:logGet(46)) - raft.server.leaderelection.leader.step-down.wait-time = 10s (default)
2022-06-25 01:03:03,865 [pool-118-thread-1] INFO  server.RaftServerConfigKeys (ConfUtils.java:logGet(46)) - raft.server.sleep.deviation.threshold = 300ms (default)
2022-06-25 01:03:03,866 [pool-118-thread-1] INFO  server.RaftServer$Division (ServerState.java:<init>(107)) - c19fc8e0-326e-4773-b88f-3f9b256b9096@group-15F02B6BCB68: ConfigurationManager, init=-1: [9603e1cc-a61d-4021-a0fc-b8ccd0a3aeb5|rpc:10.1.0.8:46353|dataStream:|priority:1, c19fc8e0-326e-4773-b88f-3f9b256b9096|rpc:10.1.0.8:33079|dataStream:|priority:0, c48feabb-8c37-49df-8552-4f20ff63b661|rpc:10.1.0.8:40341|dataStream:|priority:0], old=null, confs=<EMPTY_MAP>
2022-06-25 01:03:03,866 [pool-118-thread-1] INFO  server.RaftServerConfigKeys (ConfUtils.java:logGet(46)) - raft.server.storage.dir = [/home/runner/work/ozone/ozone/hadoop-ozone/integration-test/target/test-dir/MiniOzoneClusterImpl-c4196b3a-7304-418b-bc70-42ac552e857c/datanode-2/data/ratis] (custom)
2022-06-25 01:03:03,866 [pool-118-thread-1] INFO  server.RaftServerConfigKeys (ConfUtils.java:logGet(46)) - raft.server.log.corruption.policy = EXCEPTION (default)
2022-06-25 01:03:03,867 [pool-118-thread-1] INFO  server.RaftServerConfigKeys (ConfUtils.java:logGet(46)) - raft.server.storage.free-space.min = 0MB (=0) (default)
2022-06-25 01:03:03,867 [pool-118-thread-1] INFO  storage.RaftStorageDirectory (RaftStorageDirectoryImpl.java:analyzeStorage(135)) - The storage directory /home/runner/work/ozone/ozone/hadoop-ozone/integration-test/target/test-dir/MiniOzoneClusterImpl-c4196b3a-7304-418b-bc70-42ac552e857c/datanode-2/data/ratis/14ee4080-8118-4ac0-97fa-15f02b6bcb68 does not exist. Creating ...
2022-06-25 01:03:03,874 [pool-118-thread-1] INFO  storage.RaftStorageDirectory (RaftStorageDirectoryImpl.java:tryLock(230)) - Lock on /home/runner/work/ozone/ozone/hadoop-ozone/integration-test/target/test-dir/MiniOzoneClusterImpl-c4196b3a-7304-418b-bc70-42ac552e857c/datanode-2/data/ratis/14ee4080-8118-4ac0-97fa-15f02b6bcb68/in_use.lock acquired by nodename 7033@fv-az66-546
2022-06-25 01:03:03,881 [pool-118-thread-1] INFO  storage.RaftStorage (RaftStorageImpl.java:format(89)) - Storage directory /home/runner/work/ozone/ozone/hadoop-ozone/integration-test/target/test-dir/MiniOzoneClusterImpl-c4196b3a-7304-418b-bc70-42ac552e857c/datanode-2/data/ratis/14ee4080-8118-4ac0-97fa-15f02b6bcb68 has been successfully formatted.
2022-06-25 01:03:03,882 [pool-118-thread-1] INFO  ratis.ContainerStateMachine (ContainerStateMachine.java:loadSnapshot(236)) - group-15F02B6BCB68: The snapshot info is null. Setting the last applied indexto:(t:0, i:~)
2022-06-25 01:03:03,882 [pool-118-thread-1] INFO  server.RaftServerConfigKeys (ConfUtils.java:logGet(46)) - raft.server.notification.no-leader.timeout = 300s (custom)
2022-06-25 01:03:03,882 [pool-118-thread-1] INFO  server.RaftServerConfigKeys (ConfUtils.java:logGet(46)) - raft.server.log.use.memory = false (default)
2022-06-25 01:03:03,882 [pool-118-thread-1] INFO  server.RaftServerConfigKeys (ConfUtils.java:logGet(46)) - raft.server.log.purge.gap = 1000000 (custom)
2022-06-25 01:03:03,882 [pool-118-thread-1] INFO  server.RaftServerConfigKeys (ConfUtils.java:logGet(46)) - raft.server.log.appender.buffer.byte-limit = 33554432 (custom)
2022-06-25 01:03:03,882 [pool-118-thread-1] INFO  server.RaftServerConfigKeys (ConfUtils.java:logGet(46)) - raft.server.log.statemachine.data.read.timeout = 1000ms (default)
2022-06-25 01:03:03,883 [pool-118-thread-1] INFO  server.RaftServerConfigKeys (ConfUtils.java:logGet(46)) - raft.server.log.segment.size.max = 1048576 (custom)
2022-06-25 01:03:03,883 [pool-118-thread-1] INFO  server.RaftServerConfigKeys (ConfUtils.java:logGet(46)) - raft.server.log.segment.cache.num.max = 2 (custom)
2022-06-25 01:03:03,883 [pool-118-thread-1] INFO  server.RaftServerConfigKeys (ConfUtils.java:logGet(46)) - raft.server.log.segment.cache.size.max = 200MB (=209715200) (default)
2022-06-25 01:03:03,883 [pool-118-thread-1] INFO  segmented.SegmentedRaftLogWorker (SegmentedRaftLogWorker.java:<init>(187)) - new c19fc8e0-326e-4773-b88f-3f9b256b9096@group-15F02B6BCB68-SegmentedRaftLogWorker for RaftStorageImpl:Storage Directory /home/runner/work/ozone/ozone/hadoop-ozone/integration-test/target/test-dir/MiniOzoneClusterImpl-c4196b3a-7304-418b-bc70-42ac552e857c/datanode-2/data/ratis/14ee4080-8118-4ac0-97fa-15f02b6bcb68
2022-06-25 01:03:03,883 [pool-118-thread-1] INFO  server.RaftServerConfigKeys (ConfUtils.java:logGet(46)) - raft.server.log.queue.byte-limit = 4294967296 (custom)
2022-06-25 01:03:03,883 [pool-118-thread-1] INFO  server.RaftServerConfigKeys (ConfUtils.java:logGet(46)) - raft.server.log.queue.element-limit = 1024 (custom)
2022-06-25 01:03:03,883 [pool-118-thread-1] INFO  server.RaftServerConfigKeys (ConfUtils.java:logGet(46)) - raft.server.log.segment.size.max = 1048576 (custom)
2022-06-25 01:03:03,883 [pool-118-thread-1] INFO  server.RaftServerConfigKeys (ConfUtils.java:logGet(46)) - raft.server.log.preallocated.size = 16384 (custom)
2022-06-25 01:03:03,884 [pool-118-thread-1] INFO  server.RaftServerConfigKeys (ConfUtils.java:logGet(46)) - raft.server.log.force.sync.num = 128 (default)
2022-06-25 01:03:03,884 [pool-118-thread-1] INFO  server.RaftServerConfigKeys (ConfUtils.java:logGet(46)) - raft.server.log.statemachine.data.sync = true (default)
2022-06-25 01:03:03,884 [pool-118-thread-1] INFO  server.RaftServerConfigKeys (ConfUtils.java:logGet(46)) - raft.server.log.statemachine.data.sync.timeout = 10s (default)
2022-06-25 01:03:03,884 [pool-118-thread-1] INFO  server.RaftServerConfigKeys (ConfUtils.java:logGet(46)) - raft.server.log.statemachine.data.sync.timeout.retry = -1 (default)
2022-06-25 01:03:03,885 [pool-118-thread-1] INFO  server.RaftServerConfigKeys (ConfUtils.java:logGet(46)) - raft.server.log.write.buffer.size = 1048576 (custom)
2022-06-25 01:03:03,885 [pool-118-thread-1] INFO  server.RaftServerConfigKeys (ConfUtils.java:logGet(46)) - raft.server.log.unsafe-flush.enabled = false (default)
2022-06-25 01:03:03,886 [pool-118-thread-1] INFO  server.RaftServerConfigKeys (ConfUtils.java:logGet(46)) - raft.server.log.statemachine.data.caching.enabled = true (custom)
2022-06-25 01:03:03,886 [pool-118-thread-1] INFO  segmented.SegmentedRaftLogWorker (SegmentedRaftLogWorker.java:lambda$new$0(135)) - c19fc8e0-326e-4773-b88f-3f9b256b9096@group-15F02B6BCB68-SegmentedRaftLogWorker: flushIndex: setUnconditionally 0 -> -1
2022-06-25 01:03:03,886 [pool-118-thread-1] INFO  segmented.SegmentedRaftLogWorker (SegmentedRaftLogWorker.java:lambda$new$0(135)) - c19fc8e0-326e-4773-b88f-3f9b256b9096@group-15F02B6BCB68-SegmentedRaftLogWorker: safeCacheEvictIndex: setUnconditionally 0 -> -1
2022-06-25 01:03:03,891 [Command processor thread] INFO  commandhandler.CreatePipelineCommandHandler (CreatePipelineCommandHandler.java:handle(113)) - Created Pipeline RATIS THREE PipelineID=14ee4080-8118-4ac0-97fa-15f02b6bcb68.
2022-06-25 01:03:03,891 [pool-118-thread-1] INFO  server.RaftServerConfigKeys (ConfUtils.java:logGet(46)) - raft.server.snapshot.auto.trigger.enabled = true (custom)
2022-06-25 01:03:03,892 [pool-118-thread-1] INFO  server.RaftServerConfigKeys (ConfUtils.java:logGet(46)) - raft.server.snapshot.auto.trigger.threshold = 10000 (custom)
2022-06-25 01:03:03,892 [pool-118-thread-1] INFO  server.RaftServerConfigKeys (ConfUtils.java:logGet(46)) - raft.server.snapshot.retention.file.num = 5 (custom)
2022-06-25 01:03:03,892 [pool-118-thread-1] INFO  server.RaftServerConfigKeys (ConfUtils.java:logGet(46)) - raft.server.log.purge.upto.snapshot.index = false (default)
2022-06-25 01:03:03,892 [pool-118-thread-1] INFO  server.RaftServerConfigKeys (ConfUtils.java:logGet(46)) - raft.server.retrycache.expirytime = 600000ms (custom)
2022-06-25 01:03:03,892 [pool-118-thread-1] INFO  server.RaftServerConfigKeys (ConfUtils.java:logGet(46)) - raft.server.retrycache.statistics.expirytime = 100μs (default)
2022-06-25 01:03:03,893 [pool-118-thread-1] INFO  server.RaftServerConfigKeys (ConfUtils.java:logGet(46)) - raft.server.log.appender.install.snapshot.enabled = false (custom)
2022-06-25 01:03:03,893 [pool-118-thread-1] INFO  server.RaftServerConfigKeys (ConfUtils.java:logGet(46)) - raft.server.threadpool.server.cached = true (default)
2022-06-25 01:03:03,894 [pool-118-thread-1] INFO  server.RaftServerConfigKeys (ConfUtils.java:logGet(46)) - raft.server.threadpool.server.size = 0 (default)
2022-06-25 01:03:03,894 [pool-118-thread-1] INFO  server.RaftServerConfigKeys (ConfUtils.java:logGet(46)) - raft.server.threadpool.client.cached = true (default)
2022-06-25 01:03:03,894 [pool-118-thread-1] INFO  server.RaftServerConfigKeys (ConfUtils.java:logGet(46)) - raft.server.threadpool.client.size = 0 (default)
2022-06-25 01:03:03,894 [pool-118-thread-1] INFO  server.RaftServer$Division (RaftServerImpl.java:start(310)) - c19fc8e0-326e-4773-b88f-3f9b256b9096@group-15F02B6BCB68: start as a follower, conf=-1: [9603e1cc-a61d-4021-a0fc-b8ccd0a3aeb5|rpc:10.1.0.8:46353|dataStream:|priority:1, c19fc8e0-326e-4773-b88f-3f9b256b9096|rpc:10.1.0.8:33079|dataStream:|priority:0, c48feabb-8c37-49df-8552-4f20ff63b661|rpc:10.1.0.8:40341|dataStream:|priority:0], old=null
2022-06-25 01:03:03,894 [pool-118-thread-1] INFO  server.RaftServer$Division (RaftServerImpl.java:setRole(299)) - c19fc8e0-326e-4773-b88f-3f9b256b9096@group-15F02B6BCB68: changes role from      null to FOLLOWER at term 0 for startAsFollower
2022-06-25 01:03:03,894 [pool-118-thread-1] INFO  impl.RoleInfo (RoleInfo.java:updateAndGet(139)) - c19fc8e0-326e-4773-b88f-3f9b256b9096: start c19fc8e0-326e-4773-b88f-3f9b256b9096@group-15F02B6BCB68-FollowerState
2022-06-25 01:03:03,894 [pool-118-thread-1] INFO  util.JmxRegister (JmxRegister.java:tryRegister(44)) - Successfully registered JMX Bean with object name Ratis:service=RaftServer,group=group-15F02B6BCB68,id=c19fc8e0-326e-4773-b88f-3f9b256b9096
2022-06-25 01:03:03,899 [Command processor thread] INFO  server.RaftServer (RaftServerProxy.java:addNew(96)) - c19fc8e0-326e-4773-b88f-3f9b256b9096: addNew group-5E753CC62F0A:[c19fc8e0-326e-4773-b88f-3f9b256b9096|rpc:10.1.0.8:33079|priority:1] returns group-5E753CC62F0A:java.util.concurrent.CompletableFuture@7d1cea35[Not completed]
2022-06-25 01:03:03,900 [pool-118-thread-1] INFO  server.RaftServer$Division (RaftServerImpl.java:<init>(190)) - c19fc8e0-326e-4773-b88f-3f9b256b9096: new RaftServerImpl for group-5E753CC62F0A:[c19fc8e0-326e-4773-b88f-3f9b256b9096|rpc:10.1.0.8:33079|priority:1] with ContainerStateMachine:uninitialized
2022-06-25 01:03:03,900 [pool-118-thread-1] INFO  server.RaftServerConfigKeys (ConfUtils.java:logGet(46)) - raft.server.rpc.timeout.min = 5s (custom)
2022-06-25 01:03:03,900 [pool-118-thread-1] INFO  server.RaftServerConfigKeys (ConfUtils.java:logGet(46)) - raft.server.rpc.timeout.max = 5200ms (custom)
2022-06-25 01:03:03,900 [pool-118-thread-1] INFO  server.RaftServerConfigKeys (ConfUtils.java:logGet(46)) - raft.server.rpc.sleep.time = 25ms (default)
2022-06-25 01:03:03,901 [pool-118-thread-1] INFO  server.RaftServerConfigKeys (ConfUtils.java:logGet(46)) - raft.server.rpc.slowness.timeout = 300s (custom)
2022-06-25 01:03:03,901 [pool-118-thread-1] INFO  server.RaftServerConfigKeys (ConfUtils.java:logGet(46)) - raft.server.leaderelection.leader.step-down.wait-time = 10s (default)
2022-06-25 01:03:03,901 [pool-118-thread-1] INFO  server.RaftServerConfigKeys (ConfUtils.java:logGet(46)) - raft.server.sleep.deviation.threshold = 300ms (default)
2022-06-25 01:03:03,901 [pool-118-thread-1] INFO  server.RaftServer$Division (ServerState.java:<init>(107)) - c19fc8e0-326e-4773-b88f-3f9b256b9096@group-5E753CC62F0A: ConfigurationManager, init=-1: [c19fc8e0-326e-4773-b88f-3f9b256b9096|rpc:10.1.0.8:33079|priority:1], old=null, confs=<EMPTY_MAP>
2022-06-25 01:03:03,901 [pool-118-thread-1] INFO  server.RaftServerConfigKeys (ConfUtils.java:logGet(46)) - raft.server.storage.dir = [/home/runner/work/ozone/ozone/hadoop-ozone/integration-test/target/test-dir/MiniOzoneClusterImpl-c4196b3a-7304-418b-bc70-42ac552e857c/datanode-2/data/ratis] (custom)
2022-06-25 01:03:03,901 [pool-118-thread-1] INFO  server.RaftServerConfigKeys (ConfUtils.java:logGet(46)) - raft.server.log.corruption.policy = EXCEPTION (default)
2022-06-25 01:03:03,901 [pool-118-thread-1] INFO  server.RaftServerConfigKeys (ConfUtils.java:logGet(46)) - raft.server.storage.free-space.min = 0MB (=0) (default)
2022-06-25 01:03:03,901 [pool-118-thread-1] INFO  storage.RaftStorageDirectory (RaftStorageDirectoryImpl.java:analyzeStorage(135)) - The storage directory /home/runner/work/ozone/ozone/hadoop-ozone/integration-test/target/test-dir/MiniOzoneClusterImpl-c4196b3a-7304-418b-bc70-42ac552e857c/datanode-2/data/ratis/034545b7-d7eb-4cfb-a35f-5e753cc62f0a does not exist. Creating ...
2022-06-25 01:03:03,903 [pool-118-thread-1] INFO  storage.RaftStorageDirectory (RaftStorageDirectoryImpl.java:tryLock(230)) - Lock on /home/runner/work/ozone/ozone/hadoop-ozone/integration-test/target/test-dir/MiniOzoneClusterImpl-c4196b3a-7304-418b-bc70-42ac552e857c/datanode-2/data/ratis/034545b7-d7eb-4cfb-a35f-5e753cc62f0a/in_use.lock acquired by nodename 7033@fv-az66-546
2022-06-25 01:03:03,906 [pool-118-thread-1] INFO  storage.RaftStorage (RaftStorageImpl.java:format(89)) - Storage directory /home/runner/work/ozone/ozone/hadoop-ozone/integration-test/target/test-dir/MiniOzoneClusterImpl-c4196b3a-7304-418b-bc70-42ac552e857c/datanode-2/data/ratis/034545b7-d7eb-4cfb-a35f-5e753cc62f0a has been successfully formatted.
2022-06-25 01:03:03,906 [pool-118-thread-1] INFO  ratis.ContainerStateMachine (ContainerStateMachine.java:loadSnapshot(236)) - group-5E753CC62F0A: The snapshot info is null. Setting the last applied indexto:(t:0, i:~)
2022-06-25 01:03:03,906 [pool-118-thread-1] INFO  server.RaftServerConfigKeys (ConfUtils.java:logGet(46)) - raft.server.notification.no-leader.timeout = 300s (custom)
2022-06-25 01:03:03,906 [pool-118-thread-1] INFO  server.RaftServerConfigKeys (ConfUtils.java:logGet(46)) - raft.server.log.use.memory = false (default)
2022-06-25 01:03:03,906 [pool-118-thread-1] INFO  server.RaftServerConfigKeys (ConfUtils.java:logGet(46)) - raft.server.log.purge.gap = 1000000 (custom)
2022-06-25 01:03:03,906 [pool-118-thread-1] INFO  server.RaftServerConfigKeys (ConfUtils.java:logGet(46)) - raft.server.log.appender.buffer.byte-limit = 33554432 (custom)
2022-06-25 01:03:03,906 [pool-118-thread-1] INFO  server.RaftServerConfigKeys (ConfUtils.java:logGet(46)) - raft.server.log.statemachine.data.read.timeout = 1000ms (default)
2022-06-25 01:03:03,909 [EventQueue-PipelineReportForPipelineReportHandler] INFO  pipeline.PipelineManagerImpl (PipelineManagerImpl.java:openPipeline(358)) - Pipeline Pipeline[ Id: 034545b7-d7eb-4cfb-a35f-5e753cc62f0a, Nodes: c19fc8e0-326e-4773-b88f-3f9b256b9096{ip: 10.1.0.8, host: fv-az66-546.vwcdieab4koerntclszyavmfxa.dx.internal.cloudapp.net, ports: [REPLICATION=46197, RATIS=33079, RATIS_ADMIN=33079, RATIS_SERVER=33079, STANDALONE=44395], networkLocation: /default-rack, certSerialId: null, persistedOpState: IN_SERVICE, persistedOpStateExpiryEpochSec: 0}, ReplicationConfig: RATIS/ONE, State:ALLOCATED, leaderId:c19fc8e0-326e-4773-b88f-3f9b256b9096, CreationTimestamp2022-06-25T01:03:00.904Z[Etc/UTC]] moved to OPEN state
2022-06-25 01:03:03,910 [EventQueue-OpenPipelineForHealthyPipelineSafeModeRule] INFO  safemode.SCMSafeModeManager (HealthyPipelineSafeModeRule.java:process(124)) - SCM in safe mode. Healthy pipelines reported count is 0, required healthy pipeline reported count is 1
2022-06-25 01:03:03,913 [pool-118-thread-1] INFO  server.RaftServerConfigKeys (ConfUtils.java:logGet(46)) - raft.server.log.segment.size.max = 1048576 (custom)
2022-06-25 01:03:03,915 [pool-118-thread-1] INFO  server.RaftServerConfigKeys (ConfUtils.java:logGet(46)) - raft.server.log.segment.cache.num.max = 2 (custom)
2022-06-25 01:03:03,915 [pool-118-thread-1] INFO  server.RaftServerConfigKeys (ConfUtils.java:logGet(46)) - raft.server.log.segment.cache.size.max = 200MB (=209715200) (default)
2022-06-25 01:03:03,915 [pool-118-thread-1] INFO  segmented.SegmentedRaftLogWorker (SegmentedRaftLogWorker.java:<init>(187)) - new c19fc8e0-326e-4773-b88f-3f9b256b9096@group-5E753CC62F0A-SegmentedRaftLogWorker for RaftStorageImpl:Storage Directory /home/runner/work/ozone/ozone/hadoop-ozone/integration-test/target/test-dir/MiniOzoneClusterImpl-c4196b3a-7304-418b-bc70-42ac552e857c/datanode-2/data/ratis/034545b7-d7eb-4cfb-a35f-5e753cc62f0a
2022-06-25 01:03:03,915 [pool-118-thread-1] INFO  server.RaftServerConfigKeys (ConfUtils.java:logGet(46)) - raft.server.log.queue.byte-limit = 4294967296 (custom)
2022-06-25 01:03:03,915 [pool-118-thread-1] INFO  server.RaftServerConfigKeys (ConfUtils.java:logGet(46)) - raft.server.log.queue.element-limit = 1024 (custom)
2022-06-25 01:03:03,915 [pool-118-thread-1] INFO  server.RaftServerConfigKeys (ConfUtils.java:logGet(46)) - raft.server.log.segment.size.max = 1048576 (custom)
2022-06-25 01:03:03,915 [pool-118-thread-1] INFO  server.RaftServerConfigKeys (ConfUtils.java:logGet(46)) - raft.server.log.preallocated.size = 16384 (custom)
2022-06-25 01:03:03,916 [pool-118-thread-1] INFO  server.RaftServerConfigKeys (ConfUtils.java:logGet(46)) - raft.server.log.force.sync.num = 128 (default)
2022-06-25 01:03:03,916 [pool-118-thread-1] INFO  server.RaftServerConfigKeys (ConfUtils.java:logGet(46)) - raft.server.log.statemachine.data.sync = true (default)
2022-06-25 01:03:03,916 [pool-118-thread-1] INFO  server.RaftServerConfigKeys (ConfUtils.java:logGet(46)) - raft.server.log.statemachine.data.sync.timeout = 10s (default)
2022-06-25 01:03:03,916 [pool-118-thread-1] INFO  server.RaftServerConfigKeys (ConfUtils.java:logGet(46)) - raft.server.log.statemachine.data.sync.timeout.retry = -1 (default)
2022-06-25 01:03:03,917 [pool-118-thread-1] INFO  server.RaftServerConfigKeys (ConfUtils.java:logGet(46)) - raft.server.log.write.buffer.size = 1048576 (custom)
2022-06-25 01:03:03,917 [pool-118-thread-1] INFO  server.RaftServerConfigKeys (ConfUtils.java:logGet(46)) - raft.server.log.unsafe-flush.enabled = false (default)
2022-06-25 01:03:03,918 [pool-118-thread-1] INFO  server.RaftServerConfigKeys (ConfUtils.java:logGet(46)) - raft.server.log.statemachine.data.caching.enabled = true (custom)
2022-06-25 01:03:03,918 [pool-118-thread-1] INFO  segmented.SegmentedRaftLogWorker (SegmentedRaftLogWorker.java:lambda$new$0(135)) - c19fc8e0-326e-4773-b88f-3f9b256b9096@group-5E753CC62F0A-SegmentedRaftLogWorker: flushIndex: setUnconditionally 0 -> -1
2022-06-25 01:03:03,918 [pool-118-thread-1] INFO  segmented.SegmentedRaftLogWorker (SegmentedRaftLogWorker.java:lambda$new$0(135)) - c19fc8e0-326e-4773-b88f-3f9b256b9096@group-5E753CC62F0A-SegmentedRaftLogWorker: safeCacheEvictIndex: setUnconditionally 0 -> -1
2022-06-25 01:03:03,918 [pool-118-thread-1] INFO  server.RaftServerConfigKeys (ConfUtils.java:logGet(46)) - raft.server.snapshot.auto.trigger.enabled = true (custom)
2022-06-25 01:03:03,918 [pool-118-thread-1] INFO  server.RaftServerConfigKeys (ConfUtils.java:logGet(46)) - raft.server.snapshot.auto.trigger.threshold = 10000 (custom)
2022-06-25 01:03:03,918 [pool-118-thread-1] INFO  server.RaftServerConfigKeys (ConfUtils.java:logGet(46)) - raft.server.snapshot.retention.file.num = 5 (custom)
2022-06-25 01:03:03,918 [pool-118-thread-1] INFO  server.RaftServerConfigKeys (ConfUtils.java:logGet(46)) - raft.server.log.purge.upto.snapshot.index = false (default)
2022-06-25 01:03:03,919 [pool-118-thread-1] INFO  server.RaftServerConfigKeys (ConfUtils.java:logGet(46)) - raft.server.retrycache.expirytime = 600000ms (custom)
2022-06-25 01:03:03,919 [pool-118-thread-1] INFO  server.RaftServerConfigKeys (ConfUtils.java:logGet(46)) - raft.server.retrycache.statistics.expirytime = 100μs (default)
2022-06-25 01:03:03,920 [pool-118-thread-1] INFO  server.RaftServerConfigKeys (ConfUtils.java:logGet(46)) - raft.server.log.appender.install.snapshot.enabled = false (custom)
2022-06-25 01:03:03,920 [pool-118-thread-1] INFO  server.RaftServerConfigKeys (ConfUtils.java:logGet(46)) - raft.server.threadpool.server.cached = true (default)
2022-06-25 01:03:03,920 [pool-118-thread-1] INFO  server.RaftServerConfigKeys (ConfUtils.java:logGet(46)) - raft.server.threadpool.server.size = 0 (default)
2022-06-25 01:03:03,920 [pool-118-thread-1] INFO  server.RaftServerConfigKeys (ConfUtils.java:logGet(46)) - raft.server.threadpool.client.cached = true (default)
2022-06-25 01:03:03,920 [pool-118-thread-1] INFO  server.RaftServerConfigKeys (ConfUtils.java:logGet(46)) - raft.server.threadpool.client.size = 0 (default)
2022-06-25 01:03:03,920 [pool-118-thread-1] INFO  server.RaftServer$Division (RaftServerImpl.java:start(310)) - c19fc8e0-326e-4773-b88f-3f9b256b9096@group-5E753CC62F0A: start as a follower, conf=-1: [c19fc8e0-326e-4773-b88f-3f9b256b9096|rpc:10.1.0.8:33079|priority:1], old=null
2022-06-25 01:03:03,920 [pool-118-thread-1] INFO  server.RaftServer$Division (RaftServerImpl.java:setRole(299)) - c19fc8e0-326e-4773-b88f-3f9b256b9096@group-5E753CC62F0A: changes role from      null to FOLLOWER at term 0 for startAsFollower
2022-06-25 01:03:03,921 [pool-118-thread-1] INFO  impl.RoleInfo (RoleInfo.java:updateAndGet(139)) - c19fc8e0-326e-4773-b88f-3f9b256b9096: start c19fc8e0-326e-4773-b88f-3f9b256b9096@group-5E753CC62F0A-FollowerState
2022-06-25 01:03:03,921 [pool-118-thread-1] INFO  util.JmxRegister (JmxRegister.java:tryRegister(44)) - Successfully registered JMX Bean with object name Ratis:service=RaftServer,group=group-5E753CC62F0A,id=c19fc8e0-326e-4773-b88f-3f9b256b9096
2022-06-25 01:03:03,926 [Command processor thread] INFO  ratis.XceiverServerRatis (XceiverServerRatis.java:addGroup(765)) - Created group PipelineID=034545b7-d7eb-4cfb-a35f-5e753cc62f0a
2022-06-25 01:03:03,926 [Command processor thread] INFO  commandhandler.CreatePipelineCommandHandler (CreatePipelineCommandHandler.java:handle(113)) - Created Pipeline RATIS ONE PipelineID=034545b7-d7eb-4cfb-a35f-5e753cc62f0a.
2022-06-25 01:03:03,948 [Command processor thread] INFO  commandhandler.CreatePipelineCommandHandler (CreatePipelineCommandHandler.java:handle(113)) - Created Pipeline RATIS THREE PipelineID=14ee4080-8118-4ac0-97fa-15f02b6bcb68.
2022-06-25 01:03:03,998 [Listener at 127.0.0.1/39125] INFO  ozone.MiniOzoneClusterImpl (MiniOzoneClusterImpl.java:lambda$waitForClusterToBeReady$0(223)) - Nodes are ready. Got 6 of 6 DN Heartbeats.
2022-06-25 01:03:03,998 [Listener at 127.0.0.1/39125] INFO  ozone.MiniOzoneClusterImpl (MiniOzoneClusterImpl.java:lambda$waitForClusterToBeReady$0(226)) - Waiting for cluster to exit safe mode
2022-06-25 01:03:03,998 [Listener at 127.0.0.1/39125] INFO  ozone.MiniOzoneClusterImpl (MiniOzoneClusterImpl.java:lambda$waitForClusterToBeReady$0(228)) - SCM became leader
2022-06-25 01:03:04,051 [EventQueue-OpenPipelineForHealthyPipelineSafeModeRule] INFO  safemode.SCMSafeModeManager (HealthyPipelineSafeModeRule.java:process(124)) - SCM in safe mode. Healthy pipelines reported count is 0, required healthy pipeline reported count is 1
2022-06-25 01:03:04,178 [ReplicationMonitor] INFO  replication.ReplicationManager (ReplicationManager.java:processAll(228)) - Replication Manager is not ready to run until 3000ms after safemode exit
2022-06-25 01:03:04,263 [Command processor thread] INFO  server.RaftServer (RaftServerProxy.java:addNew(96)) - 98ebfad8-d5dc-46a2-9e40-7ac48868c3c4: addNew group-8CC70995D78F:[98ebfad8-d5dc-46a2-9e40-7ac48868c3c4|rpc:10.1.0.8:34569|priority:1] returns group-8CC70995D78F:java.util.concurrent.CompletableFuture@3bf931c7[Not completed]
2022-06-25 01:03:04,266 [pool-141-thread-1] INFO  server.RaftServer$Division (RaftServerImpl.java:<init>(190)) - 98ebfad8-d5dc-46a2-9e40-7ac48868c3c4: new RaftServerImpl for group-8CC70995D78F:[98ebfad8-d5dc-46a2-9e40-7ac48868c3c4|rpc:10.1.0.8:34569|priority:1] with ContainerStateMachine:uninitialized
2022-06-25 01:03:04,267 [pool-141-thread-1] INFO  server.RaftServerConfigKeys (ConfUtils.java:logGet(46)) - raft.server.rpc.timeout.min = 5s (custom)
2022-06-25 01:03:04,267 [pool-141-thread-1] INFO  server.RaftServerConfigKeys (ConfUtils.java:logGet(46)) - raft.server.rpc.timeout.max = 5200ms (custom)
2022-06-25 01:03:04,267 [pool-141-thread-1] INFO  server.RaftServerConfigKeys (ConfUtils.java:logGet(46)) - raft.server.rpc.sleep.time = 25ms (default)
2022-06-25 01:03:04,267 [pool-141-thread-1] INFO  server.RaftServerConfigKeys (ConfUtils.java:logGet(46)) - raft.server.rpc.slowness.timeout = 300s (custom)
2022-06-25 01:03:04,267 [pool-141-thread-1] INFO  server.RaftServerConfigKeys (ConfUtils.java:logGet(46)) - raft.server.leaderelection.leader.step-down.wait-time = 10s (default)
2022-06-25 01:03:04,267 [pool-141-thread-1] INFO  server.RaftServerConfigKeys (ConfUtils.java:logGet(46)) - raft.server.sleep.deviation.threshold = 300ms (default)
2022-06-25 01:03:04,267 [pool-141-thread-1] INFO  server.RaftServer$Division (ServerState.java:<init>(107)) - 98ebfad8-d5dc-46a2-9e40-7ac48868c3c4@group-8CC70995D78F: ConfigurationManager, init=-1: [98ebfad8-d5dc-46a2-9e40-7ac48868c3c4|rpc:10.1.0.8:34569|priority:1], old=null, confs=<EMPTY_MAP>
2022-06-25 01:03:04,267 [pool-141-thread-1] INFO  server.RaftServerConfigKeys (ConfUtils.java:logGet(46)) - raft.server.storage.dir = [/home/runner/work/ozone/ozone/hadoop-ozone/integration-test/target/test-dir/MiniOzoneClusterImpl-c4196b3a-7304-418b-bc70-42ac552e857c/datanode-3/data/ratis] (custom)
2022-06-25 01:03:04,267 [pool-141-thread-1] INFO  server.RaftServerConfigKeys (ConfUtils.java:logGet(46)) - raft.server.log.corruption.policy = EXCEPTION (default)
2022-06-25 01:03:04,268 [pool-141-thread-1] INFO  server.RaftServerConfigKeys (ConfUtils.java:logGet(46)) - raft.server.storage.free-space.min = 0MB (=0) (default)
2022-06-25 01:03:04,268 [pool-141-thread-1] INFO  storage.RaftStorageDirectory (RaftStorageDirectoryImpl.java:analyzeStorage(135)) - The storage directory /home/runner/work/ozone/ozone/hadoop-ozone/integration-test/target/test-dir/MiniOzoneClusterImpl-c4196b3a-7304-418b-bc70-42ac552e857c/datanode-3/data/ratis/c6cc03a8-4158-4c8e-bbf0-8cc70995d78f does not exist. Creating ...
2022-06-25 01:03:04,269 [pool-141-thread-1] INFO  storage.RaftStorageDirectory (RaftStorageDirectoryImpl.java:tryLock(230)) - Lock on /home/runner/work/ozone/ozone/hadoop-ozone/integration-test/target/test-dir/MiniOzoneClusterImpl-c4196b3a-7304-418b-bc70-42ac552e857c/datanode-3/data/ratis/c6cc03a8-4158-4c8e-bbf0-8cc70995d78f/in_use.lock acquired by nodename 7033@fv-az66-546
2022-06-25 01:03:04,271 [pool-141-thread-1] INFO  storage.RaftStorage (RaftStorageImpl.java:format(89)) - Storage directory /home/runner/work/ozone/ozone/hadoop-ozone/integration-test/target/test-dir/MiniOzoneClusterImpl-c4196b3a-7304-418b-bc70-42ac552e857c/datanode-3/data/ratis/c6cc03a8-4158-4c8e-bbf0-8cc70995d78f has been successfully formatted.
2022-06-25 01:03:04,271 [pool-141-thread-1] INFO  ratis.ContainerStateMachine (ContainerStateMachine.java:loadSnapshot(236)) - group-8CC70995D78F: The snapshot info is null. Setting the last applied indexto:(t:0, i:~)
2022-06-25 01:03:04,272 [pool-141-thread-1] INFO  server.RaftServerConfigKeys (ConfUtils.java:logGet(46)) - raft.server.notification.no-leader.timeout = 300s (custom)
2022-06-25 01:03:04,272 [pool-141-thread-1] INFO  server.RaftServerConfigKeys (ConfUtils.java:logGet(46)) - raft.server.log.use.memory = false (default)
2022-06-25 01:03:04,272 [pool-141-thread-1] INFO  server.RaftServerConfigKeys (ConfUtils.java:logGet(46)) - raft.server.log.purge.gap = 1000000 (custom)
2022-06-25 01:03:04,272 [pool-141-thread-1] INFO  server.RaftServerConfigKeys (ConfUtils.java:logGet(46)) - raft.server.log.appender.buffer.byte-limit = 33554432 (custom)
2022-06-25 01:03:04,272 [pool-141-thread-1] INFO  server.RaftServerConfigKeys (ConfUtils.java:logGet(46)) - raft.server.log.statemachine.data.read.timeout = 1000ms (default)
2022-06-25 01:03:04,273 [pool-141-thread-1] INFO  server.RaftServerConfigKeys (ConfUtils.java:logGet(46)) - raft.server.log.segment.size.max = 1048576 (custom)
2022-06-25 01:03:04,274 [pool-141-thread-1] INFO  server.RaftServerConfigKeys (ConfUtils.java:logGet(46)) - raft.server.log.segment.cache.num.max = 2 (custom)
2022-06-25 01:03:04,274 [pool-141-thread-1] INFO  server.RaftServerConfigKeys (ConfUtils.java:logGet(46)) - raft.server.log.segment.cache.size.max = 200MB (=209715200) (default)
2022-06-25 01:03:04,274 [pool-141-thread-1] INFO  segmented.SegmentedRaftLogWorker (SegmentedRaftLogWorker.java:<init>(187)) - new 98ebfad8-d5dc-46a2-9e40-7ac48868c3c4@group-8CC70995D78F-SegmentedRaftLogWorker for RaftStorageImpl:Storage Directory /home/runner/work/ozone/ozone/hadoop-ozone/integration-test/target/test-dir/MiniOzoneClusterImpl-c4196b3a-7304-418b-bc70-42ac552e857c/datanode-3/data/ratis/c6cc03a8-4158-4c8e-bbf0-8cc70995d78f
2022-06-25 01:03:04,274 [pool-141-thread-1] INFO  server.RaftServerConfigKeys (ConfUtils.java:logGet(46)) - raft.server.log.queue.byte-limit = 4294967296 (custom)
2022-06-25 01:03:04,274 [pool-141-thread-1] INFO  server.RaftServerConfigKeys (ConfUtils.java:logGet(46)) - raft.server.log.queue.element-limit = 1024 (custom)
2022-06-25 01:03:04,274 [pool-141-thread-1] INFO  server.RaftServerConfigKeys (ConfUtils.java:logGet(46)) - raft.server.log.segment.size.max = 1048576 (custom)
2022-06-25 01:03:04,274 [pool-141-thread-1] INFO  server.RaftServerConfigKeys (ConfUtils.java:logGet(46)) - raft.server.log.preallocated.size = 16384 (custom)
2022-06-25 01:03:04,274 [pool-141-thread-1] INFO  server.RaftServerConfigKeys (ConfUtils.java:logGet(46)) - raft.server.log.force.sync.num = 128 (default)
2022-06-25 01:03:04,275 [pool-141-thread-1] INFO  server.RaftServerConfigKeys (ConfUtils.java:logGet(46)) - raft.server.log.statemachine.data.sync = true (default)
2022-06-25 01:03:04,275 [pool-141-thread-1] INFO  server.RaftServerConfigKeys (ConfUtils.java:logGet(46)) - raft.server.log.statemachine.data.sync.timeout = 10s (default)
2022-06-25 01:03:04,275 [pool-141-thread-1] INFO  server.RaftServerConfigKeys (ConfUtils.java:logGet(46)) - raft.server.log.statemachine.data.sync.timeout.retry = -1 (default)
2022-06-25 01:03:04,276 [pool-141-thread-1] INFO  server.RaftServerConfigKeys (ConfUtils.java:logGet(46)) - raft.server.log.write.buffer.size = 1048576 (custom)
2022-06-25 01:03:04,276 [pool-141-thread-1] INFO  server.RaftServerConfigKeys (ConfUtils.java:logGet(46)) - raft.server.log.unsafe-flush.enabled = false (default)
2022-06-25 01:03:04,276 [pool-141-thread-1] INFO  server.RaftServerConfigKeys (ConfUtils.java:logGet(46)) - raft.server.log.statemachine.data.caching.enabled = true (custom)
2022-06-25 01:03:04,276 [pool-141-thread-1] INFO  segmented.SegmentedRaftLogWorker (SegmentedRaftLogWorker.java:lambda$new$0(135)) - 98ebfad8-d5dc-46a2-9e40-7ac48868c3c4@group-8CC70995D78F-SegmentedRaftLogWorker: flushIndex: setUnconditionally 0 -> -1
2022-06-25 01:03:04,277 [pool-141-thread-1] INFO  segmented.SegmentedRaftLogWorker (SegmentedRaftLogWorker.java:lambda$new$0(135)) - 98ebfad8-d5dc-46a2-9e40-7ac48868c3c4@group-8CC70995D78F-SegmentedRaftLogWorker: safeCacheEvictIndex: setUnconditionally 0 -> -1
2022-06-25 01:03:04,277 [EventQueue-PipelineReportForPipelineReportHandler] INFO  pipeline.PipelineManagerImpl (PipelineManagerImpl.java:openPipeline(358)) - Pipeline Pipeline[ Id: c6cc03a8-4158-4c8e-bbf0-8cc70995d78f, Nodes: 98ebfad8-d5dc-46a2-9e40-7ac48868c3c4{ip: 10.1.0.8, host: fv-az66-546.vwcdieab4koerntclszyavmfxa.dx.internal.cloudapp.net, ports: [REPLICATION=43537, RATIS=34569, RATIS_ADMIN=34569, RATIS_SERVER=34569, STANDALONE=39783], networkLocation: /default-rack, certSerialId: null, persistedOpState: IN_SERVICE, persistedOpStateExpiryEpochSec: 0}, ReplicationConfig: RATIS/ONE, State:ALLOCATED, leaderId:98ebfad8-d5dc-46a2-9e40-7ac48868c3c4, CreationTimestamp2022-06-25T01:03:01.265Z[Etc/UTC]] moved to OPEN state
2022-06-25 01:03:04,277 [EventQueue-OpenPipelineForHealthyPipelineSafeModeRule] INFO  safemode.SCMSafeModeManager (HealthyPipelineSafeModeRule.java:process(124)) - SCM in safe mode. Healthy pipelines reported count is 0, required healthy pipeline reported count is 1
2022-06-25 01:03:04,279 [pool-141-thread-1] INFO  server.RaftServerConfigKeys (ConfUtils.java:logGet(46)) - raft.server.snapshot.auto.trigger.enabled = true (custom)
2022-06-25 01:03:04,279 [pool-141-thread-1] INFO  server.RaftServerConfigKeys (ConfUtils.java:logGet(46)) - raft.server.snapshot.auto.trigger.threshold = 10000 (custom)
2022-06-25 01:03:04,280 [pool-141-thread-1] INFO  server.RaftServerConfigKeys (ConfUtils.java:logGet(46)) - raft.server.snapshot.retention.file.num = 5 (custom)
2022-06-25 01:03:04,280 [pool-141-thread-1] INFO  server.RaftServerConfigKeys (ConfUtils.java:logGet(46)) - raft.server.log.purge.upto.snapshot.index = false (default)
2022-06-25 01:03:04,280 [pool-141-thread-1] INFO  server.RaftServerConfigKeys (ConfUtils.java:logGet(46)) - raft.server.retrycache.expirytime = 600000ms (custom)
2022-06-25 01:03:04,280 [pool-141-thread-1] INFO  server.RaftServerConfigKeys (ConfUtils.java:logGet(46)) - raft.server.retrycache.statistics.expirytime = 100μs (default)
2022-06-25 01:03:04,286 [pool-141-thread-1] INFO  server.RaftServerConfigKeys (ConfUtils.java:logGet(46)) - raft.server.log.appender.install.snapshot.enabled = false (custom)
2022-06-25 01:03:04,286 [pool-141-thread-1] INFO  server.RaftServerConfigKeys (ConfUtils.java:logGet(46)) - raft.server.threadpool.server.cached = true (default)
2022-06-25 01:03:04,286 [pool-141-thread-1] INFO  server.RaftServerConfigKeys (ConfUtils.java:logGet(46)) - raft.server.threadpool.server.size = 0 (default)
2022-06-25 01:03:04,286 [pool-141-thread-1] INFO  server.RaftServerConfigKeys (ConfUtils.java:logGet(46)) - raft.server.threadpool.client.cached = true (default)
2022-06-25 01:03:04,286 [pool-141-thread-1] INFO  server.RaftServerConfigKeys (ConfUtils.java:logGet(46)) - raft.server.threadpool.client.size = 0 (default)
2022-06-25 01:03:04,287 [pool-141-thread-1] INFO  server.RaftServer$Division (RaftServerImpl.java:start(310)) - 98ebfad8-d5dc-46a2-9e40-7ac48868c3c4@group-8CC70995D78F: start as a follower, conf=-1: [98ebfad8-d5dc-46a2-9e40-7ac48868c3c4|rpc:10.1.0.8:34569|priority:1], old=null
2022-06-25 01:03:04,287 [pool-141-thread-1] INFO  server.RaftServer$Division (RaftServerImpl.java:setRole(299)) - 98ebfad8-d5dc-46a2-9e40-7ac48868c3c4@group-8CC70995D78F: changes role from      null to FOLLOWER at term 0 for startAsFollower
2022-06-25 01:03:04,287 [pool-141-thread-1] INFO  impl.RoleInfo (RoleInfo.java:updateAndGet(139)) - 98ebfad8-d5dc-46a2-9e40-7ac48868c3c4: start 98ebfad8-d5dc-46a2-9e40-7ac48868c3c4@group-8CC70995D78F-FollowerState
2022-06-25 01:03:04,287 [pool-141-thread-1] INFO  util.JmxRegister (JmxRegister.java:tryRegister(44)) - Successfully registered JMX Bean with object name Ratis:service=RaftServer,group=group-8CC70995D78F,id=98ebfad8-d5dc-46a2-9e40-7ac48868c3c4
2022-06-25 01:03:04,288 [Command processor thread] INFO  ratis.XceiverServerRatis (XceiverServerRatis.java:addGroup(765)) - Created group PipelineID=c6cc03a8-4158-4c8e-bbf0-8cc70995d78f
2022-06-25 01:03:04,288 [Command processor thread] INFO  commandhandler.CreatePipelineCommandHandler (CreatePipelineCommandHandler.java:handle(113)) - Created Pipeline RATIS ONE PipelineID=c6cc03a8-4158-4c8e-bbf0-8cc70995d78f.
2022-06-25 01:03:04,288 [Command processor thread] INFO  server.RaftServer (RaftServerProxy.java:addNew(96)) - 98ebfad8-d5dc-46a2-9e40-7ac48868c3c4: addNew group-D50926BF33AA:[ad74f3b2-c092-43ca-befa-d99c208edbaf|rpc:10.1.0.8:46867|priority:0, 1a57f128-5fc1-45db-894e-2ffd043cedb3|rpc:10.1.0.8:41991|priority:0, 98ebfad8-d5dc-46a2-9e40-7ac48868c3c4|rpc:10.1.0.8:34569|priority:1] returns group-D50926BF33AA:java.util.concurrent.CompletableFuture@3fc6a260[Not completed]
2022-06-25 01:03:04,290 [pool-141-thread-1] INFO  server.RaftServer$Division (RaftServerImpl.java:<init>(190)) - 98ebfad8-d5dc-46a2-9e40-7ac48868c3c4: new RaftServerImpl for group-D50926BF33AA:[ad74f3b2-c092-43ca-befa-d99c208edbaf|rpc:10.1.0.8:46867|priority:0, 1a57f128-5fc1-45db-894e-2ffd043cedb3|rpc:10.1.0.8:41991|priority:0, 98ebfad8-d5dc-46a2-9e40-7ac48868c3c4|rpc:10.1.0.8:34569|priority:1] with ContainerStateMachine:uninitialized
2022-06-25 01:03:04,290 [pool-141-thread-1] INFO  server.RaftServerConfigKeys (ConfUtils.java:logGet(46)) - raft.server.rpc.timeout.min = 5s (custom)
2022-06-25 01:03:04,291 [pool-141-thread-1] INFO  server.RaftServerConfigKeys (ConfUtils.java:logGet(46)) - raft.server.rpc.timeout.max = 5200ms (custom)
2022-06-25 01:03:04,291 [pool-141-thread-1] INFO  server.RaftServerConfigKeys (ConfUtils.java:logGet(46)) - raft.server.rpc.sleep.time = 25ms (default)
2022-06-25 01:03:04,291 [pool-141-thread-1] INFO  server.RaftServerConfigKeys (ConfUtils.java:logGet(46)) - raft.server.rpc.slowness.timeout = 300s (custom)
2022-06-25 01:03:04,291 [pool-141-thread-1] INFO  server.RaftServerConfigKeys (ConfUtils.java:logGet(46)) - raft.server.leaderelection.leader.step-down.wait-time = 10s (default)
2022-06-25 01:03:04,291 [pool-141-thread-1] INFO  server.RaftServerConfigKeys (ConfUtils.java:logGet(46)) - raft.server.sleep.deviation.threshold = 300ms (default)
2022-06-25 01:03:04,291 [pool-141-thread-1] INFO  server.RaftServer$Division (ServerState.java:<init>(107)) - 98ebfad8-d5dc-46a2-9e40-7ac48868c3c4@group-D50926BF33AA: ConfigurationManager, init=-1: [ad74f3b2-c092-43ca-befa-d99c208edbaf|rpc:10.1.0.8:46867|priority:0, 1a57f128-5fc1-45db-894e-2ffd043cedb3|rpc:10.1.0.8:41991|priority:0, 98ebfad8-d5dc-46a2-9e40-7ac48868c3c4|rpc:10.1.0.8:34569|priority:1], old=null, confs=<EMPTY_MAP>
2022-06-25 01:03:04,291 [pool-141-thread-1] INFO  server.RaftServerConfigKeys (ConfUtils.java:logGet(46)) - raft.server.storage.dir = [/home/runner/work/ozone/ozone/hadoop-ozone/integration-test/target/test-dir/MiniOzoneClusterImpl-c4196b3a-7304-418b-bc70-42ac552e857c/datanode-3/data/ratis] (custom)
2022-06-25 01:03:04,291 [pool-141-thread-1] INFO  server.RaftServerConfigKeys (ConfUtils.java:logGet(46)) - raft.server.log.corruption.policy = EXCEPTION (default)
2022-06-25 01:03:04,291 [pool-141-thread-1] INFO  server.RaftServerConfigKeys (ConfUtils.java:logGet(46)) - raft.server.storage.free-space.min = 0MB (=0) (default)
2022-06-25 01:03:04,292 [pool-141-thread-1] INFO  storage.RaftStorageDirectory (RaftStorageDirectoryImpl.java:analyzeStorage(135)) - The storage directory /home/runner/work/ozone/ozone/hadoop-ozone/integration-test/target/test-dir/MiniOzoneClusterImpl-c4196b3a-7304-418b-bc70-42ac552e857c/datanode-3/data/ratis/2b1466c7-667c-479e-a9d9-d50926bf33aa does not exist. Creating ...
2022-06-25 01:03:04,293 [pool-141-thread-1] INFO  storage.RaftStorageDirectory (RaftStorageDirectoryImpl.java:tryLock(230)) - Lock on /home/runner/work/ozone/ozone/hadoop-ozone/integration-test/target/test-dir/MiniOzoneClusterImpl-c4196b3a-7304-418b-bc70-42ac552e857c/datanode-3/data/ratis/2b1466c7-667c-479e-a9d9-d50926bf33aa/in_use.lock acquired by nodename 7033@fv-az66-546
2022-06-25 01:03:04,298 [pool-141-thread-1] INFO  storage.RaftStorage (RaftStorageImpl.java:format(89)) - Storage directory /home/runner/work/ozone/ozone/hadoop-ozone/integration-test/target/test-dir/MiniOzoneClusterImpl-c4196b3a-7304-418b-bc70-42ac552e857c/datanode-3/data/ratis/2b1466c7-667c-479e-a9d9-d50926bf33aa has been successfully formatted.
2022-06-25 01:03:04,301 [EventQueue-OpenPipelineForHealthyPipelineSafeModeRule] INFO  safemode.SCMSafeModeManager (HealthyPipelineSafeModeRule.java:process(124)) - SCM in safe mode. Healthy pipelines reported count is 0, required healthy pipeline reported count is 1
2022-06-25 01:03:04,302 [pool-141-thread-1] INFO  ratis.ContainerStateMachine (ContainerStateMachine.java:loadSnapshot(236)) - group-D50926BF33AA: The snapshot info is null. Setting the last applied indexto:(t:0, i:~)
2022-06-25 01:03:04,302 [pool-141-thread-1] INFO  server.RaftServerConfigKeys (ConfUtils.java:logGet(46)) - raft.server.notification.no-leader.timeout = 300s (custom)
2022-06-25 01:03:04,302 [pool-141-thread-1] INFO  server.RaftServerConfigKeys (ConfUtils.java:logGet(46)) - raft.server.log.use.memory = false (default)
2022-06-25 01:03:04,302 [pool-141-thread-1] INFO  server.RaftServerConfigKeys (ConfUtils.java:logGet(46)) - raft.server.log.purge.gap = 1000000 (custom)
2022-06-25 01:03:04,302 [pool-141-thread-1] INFO  server.RaftServerConfigKeys (ConfUtils.java:logGet(46)) - raft.server.log.appender.buffer.byte-limit = 33554432 (custom)
2022-06-25 01:03:04,303 [pool-141-thread-1] INFO  server.RaftServerConfigKeys (ConfUtils.java:logGet(46)) - raft.server.log.statemachine.data.read.timeout = 1000ms (default)
2022-06-25 01:03:04,303 [pool-141-thread-1] INFO  server.RaftServerConfigKeys (ConfUtils.java:logGet(46)) - raft.server.log.segment.size.max = 1048576 (custom)
2022-06-25 01:03:04,303 [pool-141-thread-1] INFO  server.RaftServerConfigKeys (ConfUtils.java:logGet(46)) - raft.server.log.segment.cache.num.max = 2 (custom)
2022-06-25 01:03:04,303 [pool-141-thread-1] INFO  server.RaftServerConfigKeys (ConfUtils.java:logGet(46)) - raft.server.log.segment.cache.size.max = 200MB (=209715200) (default)
2022-06-25 01:03:04,303 [pool-141-thread-1] INFO  segmented.SegmentedRaftLogWorker (SegmentedRaftLogWorker.java:<init>(187)) - new 98ebfad8-d5dc-46a2-9e40-7ac48868c3c4@group-D50926BF33AA-SegmentedRaftLogWorker for RaftStorageImpl:Storage Directory /home/runner/work/ozone/ozone/hadoop-ozone/integration-test/target/test-dir/MiniOzoneClusterImpl-c4196b3a-7304-418b-bc70-42ac552e857c/datanode-3/data/ratis/2b1466c7-667c-479e-a9d9-d50926bf33aa
2022-06-25 01:03:04,303 [pool-141-thread-1] INFO  server.RaftServerConfigKeys (ConfUtils.java:logGet(46)) - raft.server.log.queue.byte-limit = 4294967296 (custom)
2022-06-25 01:03:04,304 [pool-141-thread-1] INFO  server.RaftServerConfigKeys (ConfUtils.java:logGet(46)) - raft.server.log.queue.element-limit = 1024 (custom)
2022-06-25 01:03:04,304 [pool-141-thread-1] INFO  server.RaftServerConfigKeys (ConfUtils.java:logGet(46)) - raft.server.log.segment.size.max = 1048576 (custom)
2022-06-25 01:03:04,304 [pool-141-thread-1] INFO  server.RaftServerConfigKeys (ConfUtils.java:logGet(46)) - raft.server.log.preallocated.size = 16384 (custom)
2022-06-25 01:03:04,304 [pool-141-thread-1] INFO  server.RaftServerConfigKeys (ConfUtils.java:logGet(46)) - raft.server.log.force.sync.num = 128 (default)
2022-06-25 01:03:04,304 [pool-141-thread-1] INFO  server.RaftServerConfigKeys (ConfUtils.java:logGet(46)) - raft.server.log.statemachine.data.sync = true (default)
2022-06-25 01:03:04,304 [pool-141-thread-1] INFO  server.RaftServerConfigKeys (ConfUtils.java:logGet(46)) - raft.server.log.statemachine.data.sync.timeout = 10s (default)
2022-06-25 01:03:04,304 [pool-141-thread-1] INFO  server.RaftServerConfigKeys (ConfUtils.java:logGet(46)) - raft.server.log.statemachine.data.sync.timeout.retry = -1 (default)
2022-06-25 01:03:04,305 [pool-141-thread-1] INFO  server.RaftServerConfigKeys (ConfUtils.java:logGet(46)) - raft.server.log.write.buffer.size = 1048576 (custom)
2022-06-25 01:03:04,306 [pool-141-thread-1] INFO  server.RaftServerConfigKeys (ConfUtils.java:logGet(46)) - raft.server.log.unsafe-flush.enabled = false (default)
2022-06-25 01:03:04,306 [pool-141-thread-1] INFO  server.RaftServerConfigKeys (ConfUtils.java:logGet(46)) - raft.server.log.statemachine.data.caching.enabled = true (custom)
2022-06-25 01:03:04,306 [pool-141-thread-1] INFO  segmented.SegmentedRaftLogWorker (SegmentedRaftLogWorker.java:lambda$new$0(135)) - 98ebfad8-d5dc-46a2-9e40-7ac48868c3c4@group-D50926BF33AA-SegmentedRaftLogWorker: flushIndex: setUnconditionally 0 -> -1
2022-06-25 01:03:04,306 [pool-141-thread-1] INFO  segmented.SegmentedRaftLogWorker (SegmentedRaftLogWorker.java:lambda$new$0(135)) - 98ebfad8-d5dc-46a2-9e40-7ac48868c3c4@group-D50926BF33AA-SegmentedRaftLogWorker: safeCacheEvictIndex: setUnconditionally 0 -> -1
2022-06-25 01:03:04,306 [pool-141-thread-1] INFO  server.RaftServerConfigKeys (ConfUtils.java:logGet(46)) - raft.server.snapshot.auto.trigger.enabled = true (custom)
2022-06-25 01:03:04,306 [pool-141-thread-1] INFO  server.RaftServerConfigKeys (ConfUtils.java:logGet(46)) - raft.server.snapshot.auto.trigger.threshold = 10000 (custom)
2022-06-25 01:03:04,307 [pool-141-thread-1] INFO  server.RaftServerConfigKeys (ConfUtils.java:logGet(46)) - raft.server.snapshot.retention.file.num = 5 (custom)
2022-06-25 01:03:04,307 [pool-141-thread-1] INFO  server.RaftServerConfigKeys (ConfUtils.java:logGet(46)) - raft.server.log.purge.upto.snapshot.index = false (default)
2022-06-25 01:03:04,307 [pool-141-thread-1] INFO  server.RaftServerConfigKeys (ConfUtils.java:logGet(46)) - raft.server.retrycache.expirytime = 600000ms (custom)
2022-06-25 01:03:04,307 [pool-141-thread-1] INFO  server.RaftServerConfigKeys (ConfUtils.java:logGet(46)) - raft.server.retrycache.statistics.expirytime = 100μs (default)
2022-06-25 01:03:04,308 [pool-141-thread-1] INFO  server.RaftServerConfigKeys (ConfUtils.java:logGet(46)) - raft.server.log.appender.install.snapshot.enabled = false (custom)
2022-06-25 01:03:04,308 [pool-141-thread-1] INFO  server.RaftServerConfigKeys (ConfUtils.java:logGet(46)) - raft.server.threadpool.server.cached = true (default)
2022-06-25 01:03:04,308 [pool-141-thread-1] INFO  server.RaftServerConfigKeys (ConfUtils.java:logGet(46)) - raft.server.threadpool.server.size = 0 (default)
2022-06-25 01:03:04,308 [pool-141-thread-1] INFO  server.RaftServerConfigKeys (ConfUtils.java:logGet(46)) - raft.server.threadpool.client.cached = true (default)
2022-06-25 01:03:04,308 [pool-141-thread-1] INFO  server.RaftServerConfigKeys (ConfUtils.java:logGet(46)) - raft.server.threadpool.client.size = 0 (default)
2022-06-25 01:03:04,308 [pool-141-thread-1] INFO  server.RaftServer$Division (RaftServerImpl.java:start(310)) - 98ebfad8-d5dc-46a2-9e40-7ac48868c3c4@group-D50926BF33AA: start as a follower, conf=-1: [ad74f3b2-c092-43ca-befa-d99c208edbaf|rpc:10.1.0.8:46867|priority:0, 1a57f128-5fc1-45db-894e-2ffd043cedb3|rpc:10.1.0.8:41991|priority:0, 98ebfad8-d5dc-46a2-9e40-7ac48868c3c4|rpc:10.1.0.8:34569|priority:1], old=null
2022-06-25 01:03:04,309 [pool-141-thread-1] INFO  server.RaftServer$Division (RaftServerImpl.java:setRole(299)) - 98ebfad8-d5dc-46a2-9e40-7ac48868c3c4@group-D50926BF33AA: changes role from      null to FOLLOWER at term 0 for startAsFollower
2022-06-25 01:03:04,309 [pool-141-thread-1] INFO  impl.RoleInfo (RoleInfo.java:updateAndGet(139)) - 98ebfad8-d5dc-46a2-9e40-7ac48868c3c4: start 98ebfad8-d5dc-46a2-9e40-7ac48868c3c4@group-D50926BF33AA-FollowerState
2022-06-25 01:03:04,309 [pool-141-thread-1] INFO  util.JmxRegister (JmxRegister.java:tryRegister(44)) - Successfully registered JMX Bean with object name Ratis:service=RaftServer,group=group-D50926BF33AA,id=98ebfad8-d5dc-46a2-9e40-7ac48868c3c4
2022-06-25 01:03:04,310 [Command processor thread] INFO  ratis.XceiverServerRatis (XceiverServerRatis.java:addGroup(765)) - Created group PipelineID=2b1466c7-667c-479e-a9d9-d50926bf33aa
2022-06-25 01:03:04,326 [grpc-default-executor-1] INFO  server.RaftServer (RaftServerProxy.java:addNew(96)) - 1a57f128-5fc1-45db-894e-2ffd043cedb3: addNew group-D50926BF33AA:[ad74f3b2-c092-43ca-befa-d99c208edbaf|rpc:10.1.0.8:46867|dataStream:|priority:0, 1a57f128-5fc1-45db-894e-2ffd043cedb3|rpc:10.1.0.8:41991|dataStream:|priority:0, 98ebfad8-d5dc-46a2-9e40-7ac48868c3c4|rpc:10.1.0.8:34569|dataStream:|priority:1] returns group-D50926BF33AA:java.util.concurrent.CompletableFuture@35889152[Not completed]
2022-06-25 01:03:04,328 [pool-187-thread-1] INFO  server.RaftServer$Division (RaftServerImpl.java:<init>(190)) - 1a57f128-5fc1-45db-894e-2ffd043cedb3: new RaftServerImpl for group-D50926BF33AA:[ad74f3b2-c092-43ca-befa-d99c208edbaf|rpc:10.1.0.8:46867|dataStream:|priority:0, 1a57f128-5fc1-45db-894e-2ffd043cedb3|rpc:10.1.0.8:41991|dataStream:|priority:0, 98ebfad8-d5dc-46a2-9e40-7ac48868c3c4|rpc:10.1.0.8:34569|dataStream:|priority:1] with ContainerStateMachine:uninitialized
2022-06-25 01:03:04,329 [pool-187-thread-1] INFO  server.RaftServerConfigKeys (ConfUtils.java:logGet(46)) - raft.server.rpc.timeout.min = 5s (custom)
2022-06-25 01:03:04,329 [pool-187-thread-1] INFO  server.RaftServerConfigKeys (ConfUtils.java:logGet(46)) - raft.server.rpc.timeout.max = 5200ms (custom)
2022-06-25 01:03:04,329 [pool-187-thread-1] INFO  server.RaftServerConfigKeys (ConfUtils.java:logGet(46)) - raft.server.rpc.sleep.time = 25ms (default)
2022-06-25 01:03:04,329 [pool-187-thread-1] INFO  server.RaftServerConfigKeys (ConfUtils.java:logGet(46)) - raft.server.rpc.slowness.timeout = 300s (custom)
2022-06-25 01:03:04,329 [pool-187-thread-1] INFO  server.RaftServerConfigKeys (ConfUtils.java:logGet(46)) - raft.server.leaderelection.leader.step-down.wait-time = 10s (default)
2022-06-25 01:03:04,329 [pool-187-thread-1] INFO  server.RaftServerConfigKeys (ConfUtils.java:logGet(46)) - raft.server.sleep.deviation.threshold = 300ms (default)
2022-06-25 01:03:04,329 [pool-187-thread-1] INFO  server.RaftServer$Division (ServerState.java:<init>(107)) - 1a57f128-5fc1-45db-894e-2ffd043cedb3@group-D50926BF33AA: ConfigurationManager, init=-1: [ad74f3b2-c092-43ca-befa-d99c208edbaf|rpc:10.1.0.8:46867|dataStream:|priority:0, 1a57f128-5fc1-45db-894e-2ffd043cedb3|rpc:10.1.0.8:41991|dataStream:|priority:0, 98ebfad8-d5dc-46a2-9e40-7ac48868c3c4|rpc:10.1.0.8:34569|dataStream:|priority:1], old=null, confs=<EMPTY_MAP>
2022-06-25 01:03:04,330 [pool-187-thread-1] INFO  server.RaftServerConfigKeys (ConfUtils.java:logGet(46)) - raft.server.storage.dir = [/home/runner/work/ozone/ozone/hadoop-ozone/integration-test/target/test-dir/MiniOzoneClusterImpl-c4196b3a-7304-418b-bc70-42ac552e857c/datanode-5/data/ratis] (custom)
2022-06-25 01:03:04,330 [pool-187-thread-1] INFO  server.RaftServerConfigKeys (ConfUtils.java:logGet(46)) - raft.server.log.corruption.policy = EXCEPTION (default)
2022-06-25 01:03:04,330 [pool-187-thread-1] INFO  server.RaftServerConfigKeys (ConfUtils.java:logGet(46)) - raft.server.storage.free-space.min = 0MB (=0) (default)
2022-06-25 01:03:04,330 [pool-187-thread-1] INFO  storage.RaftStorageDirectory (RaftStorageDirectoryImpl.java:analyzeStorage(135)) - The storage directory /home/runner/work/ozone/ozone/hadoop-ozone/integration-test/target/test-dir/MiniOzoneClusterImpl-c4196b3a-7304-418b-bc70-42ac552e857c/datanode-5/data/ratis/2b1466c7-667c-479e-a9d9-d50926bf33aa does not exist. Creating ...
2022-06-25 01:03:04,332 [pool-187-thread-1] INFO  storage.RaftStorageDirectory (RaftStorageDirectoryImpl.java:tryLock(230)) - Lock on /home/runner/work/ozone/ozone/hadoop-ozone/integration-test/target/test-dir/MiniOzoneClusterImpl-c4196b3a-7304-418b-bc70-42ac552e857c/datanode-5/data/ratis/2b1466c7-667c-479e-a9d9-d50926bf33aa/in_use.lock acquired by nodename 7033@fv-az66-546
2022-06-25 01:03:04,334 [pool-187-thread-1] INFO  storage.RaftStorage (RaftStorageImpl.java:format(89)) - Storage directory /home/runner/work/ozone/ozone/hadoop-ozone/integration-test/target/test-dir/MiniOzoneClusterImpl-c4196b3a-7304-418b-bc70-42ac552e857c/datanode-5/data/ratis/2b1466c7-667c-479e-a9d9-d50926bf33aa has been successfully formatted.
2022-06-25 01:03:04,335 [pool-187-thread-1] INFO  ratis.ContainerStateMachine (ContainerStateMachine.java:loadSnapshot(236)) - group-D50926BF33AA: The snapshot info is null. Setting the last applied indexto:(t:0, i:~)
2022-06-25 01:03:04,342 [pool-187-thread-1] INFO  server.RaftServerConfigKeys (ConfUtils.java:logGet(46)) - raft.server.notification.no-leader.timeout = 300s (custom)
2022-06-25 01:03:04,342 [pool-187-thread-1] INFO  server.RaftServerConfigKeys (ConfUtils.java:logGet(46)) - raft.server.log.use.memory = false (default)
2022-06-25 01:03:04,349 [pool-187-thread-1] INFO  server.RaftServerConfigKeys (ConfUtils.java:logGet(46)) - raft.server.log.purge.gap = 1000000 (custom)
2022-06-25 01:03:04,349 [pool-187-thread-1] INFO  server.RaftServerConfigKeys (ConfUtils.java:logGet(46)) - raft.server.log.appender.buffer.byte-limit = 33554432 (custom)
2022-06-25 01:03:04,349 [pool-187-thread-1] INFO  server.RaftServerConfigKeys (ConfUtils.java:logGet(46)) - raft.server.log.statemachine.data.read.timeout = 1000ms (default)
2022-06-25 01:03:04,349 [pool-187-thread-1] INFO  server.RaftServerConfigKeys (ConfUtils.java:logGet(46)) - raft.server.log.segment.size.max = 1048576 (custom)
2022-06-25 01:03:04,350 [pool-187-thread-1] INFO  server.RaftServerConfigKeys (ConfUtils.java:logGet(46)) - raft.server.log.segment.cache.num.max = 2 (custom)
2022-06-25 01:03:04,350 [pool-187-thread-1] INFO  server.RaftServerConfigKeys (ConfUtils.java:logGet(46)) - raft.server.log.segment.cache.size.max = 200MB (=209715200) (default)
2022-06-25 01:03:04,350 [pool-187-thread-1] INFO  segmented.SegmentedRaftLogWorker (SegmentedRaftLogWorker.java:<init>(187)) - new 1a57f128-5fc1-45db-894e-2ffd043cedb3@group-D50926BF33AA-SegmentedRaftLogWorker for RaftStorageImpl:Storage Directory /home/runner/work/ozone/ozone/hadoop-ozone/integration-test/target/test-dir/MiniOzoneClusterImpl-c4196b3a-7304-418b-bc70-42ac552e857c/datanode-5/data/ratis/2b1466c7-667c-479e-a9d9-d50926bf33aa
2022-06-25 01:03:04,350 [pool-187-thread-1] INFO  server.RaftServerConfigKeys (ConfUtils.java:logGet(46)) - raft.server.log.queue.byte-limit = 4294967296 (custom)
2022-06-25 01:03:04,350 [pool-187-thread-1] INFO  server.RaftServerConfigKeys (ConfUtils.java:logGet(46)) - raft.server.log.queue.element-limit = 1024 (custom)
2022-06-25 01:03:04,350 [pool-187-thread-1] INFO  server.RaftServerConfigKeys (ConfUtils.java:logGet(46)) - raft.server.log.segment.size.max = 1048576 (custom)
2022-06-25 01:03:04,350 [pool-187-thread-1] INFO  server.RaftServerConfigKeys (ConfUtils.java:logGet(46)) - raft.server.log.preallocated.size = 16384 (custom)
2022-06-25 01:03:04,350 [pool-187-thread-1] INFO  server.RaftServerConfigKeys (ConfUtils.java:logGet(46)) - raft.server.log.force.sync.num = 128 (default)
2022-06-25 01:03:04,350 [pool-187-thread-1] INFO  server.RaftServerConfigKeys (ConfUtils.java:logGet(46)) - raft.server.log.statemachine.data.sync = true (default)
2022-06-25 01:03:04,351 [pool-187-thread-1] INFO  server.RaftServerConfigKeys (ConfUtils.java:logGet(46)) - raft.server.log.statemachine.data.sync.timeout = 10s (default)
2022-06-25 01:03:04,351 [pool-187-thread-1] INFO  server.RaftServerConfigKeys (ConfUtils.java:logGet(46)) - raft.server.log.statemachine.data.sync.timeout.retry = -1 (default)
2022-06-25 01:03:04,352 [pool-187-thread-1] INFO  server.RaftServerConfigKeys (ConfUtils.java:logGet(46)) - raft.server.log.write.buffer.size = 1048576 (custom)
2022-06-25 01:03:04,352 [pool-187-thread-1] INFO  server.RaftServerConfigKeys (ConfUtils.java:logGet(46)) - raft.server.log.unsafe-flush.enabled = false (default)
2022-06-25 01:03:04,352 [pool-187-thread-1] INFO  server.RaftServerConfigKeys (ConfUtils.java:logGet(46)) - raft.server.log.statemachine.data.caching.enabled = true (custom)
2022-06-25 01:03:04,353 [pool-187-thread-1] INFO  segmented.SegmentedRaftLogWorker (SegmentedRaftLogWorker.java:lambda$new$0(135)) - 1a57f128-5fc1-45db-894e-2ffd043cedb3@group-D50926BF33AA-SegmentedRaftLogWorker: flushIndex: setUnconditionally 0 -> -1
2022-06-25 01:03:04,353 [pool-187-thread-1] INFO  segmented.SegmentedRaftLogWorker (SegmentedRaftLogWorker.java:lambda$new$0(135)) - 1a57f128-5fc1-45db-894e-2ffd043cedb3@group-D50926BF33AA-SegmentedRaftLogWorker: safeCacheEvictIndex: setUnconditionally 0 -> -1
2022-06-25 01:03:04,353 [pool-187-thread-1] INFO  server.RaftServerConfigKeys (ConfUtils.java:logGet(46)) - raft.server.snapshot.auto.trigger.enabled = true (custom)
2022-06-25 01:03:04,353 [pool-187-thread-1] INFO  server.RaftServerConfigKeys (ConfUtils.java:logGet(46)) - raft.server.snapshot.auto.trigger.threshold = 10000 (custom)
2022-06-25 01:03:04,353 [pool-187-thread-1] INFO  server.RaftServerConfigKeys (ConfUtils.java:logGet(46)) - raft.server.snapshot.retention.file.num = 5 (custom)
2022-06-25 01:03:04,353 [pool-187-thread-1] INFO  server.RaftServerConfigKeys (ConfUtils.java:logGet(46)) - raft.server.log.purge.upto.snapshot.index = false (default)
2022-06-25 01:03:04,353 [pool-187-thread-1] INFO  server.RaftServerConfigKeys (ConfUtils.java:logGet(46)) - raft.server.retrycache.expirytime = 600000ms (custom)
2022-06-25 01:03:04,354 [pool-187-thread-1] INFO  server.RaftServerConfigKeys (ConfUtils.java:logGet(46)) - raft.server.retrycache.statistics.expirytime = 100μs (default)
2022-06-25 01:03:04,355 [pool-187-thread-1] INFO  server.RaftServerConfigKeys (ConfUtils.java:logGet(46)) - raft.server.log.appender.install.snapshot.enabled = false (custom)
2022-06-25 01:03:04,355 [pool-187-thread-1] INFO  server.RaftServerConfigKeys (ConfUtils.java:logGet(46)) - raft.server.threadpool.server.cached = true (default)
2022-06-25 01:03:04,355 [pool-187-thread-1] INFO  server.RaftServerConfigKeys (ConfUtils.java:logGet(46)) - raft.server.threadpool.server.size = 0 (default)
2022-06-25 01:03:04,355 [pool-187-thread-1] INFO  server.RaftServerConfigKeys (ConfUtils.java:logGet(46)) - raft.server.threadpool.client.cached = true (default)
2022-06-25 01:03:04,355 [pool-187-thread-1] INFO  server.RaftServerConfigKeys (ConfUtils.java:logGet(46)) - raft.server.threadpool.client.size = 0 (default)
2022-06-25 01:03:04,355 [pool-187-thread-1] INFO  server.RaftServer$Division (RaftServerImpl.java:start(310)) - 1a57f128-5fc1-45db-894e-2ffd043cedb3@group-D50926BF33AA: start as a follower, conf=-1: [ad74f3b2-c092-43ca-befa-d99c208edbaf|rpc:10.1.0.8:46867|dataStream:|priority:0, 1a57f128-5fc1-45db-894e-2ffd043cedb3|rpc:10.1.0.8:41991|dataStream:|priority:0, 98ebfad8-d5dc-46a2-9e40-7ac48868c3c4|rpc:10.1.0.8:34569|dataStream:|priority:1], old=null
2022-06-25 01:03:04,355 [pool-187-thread-1] INFO  server.RaftServer$Division (RaftServerImpl.java:setRole(299)) - 1a57f128-5fc1-45db-894e-2ffd043cedb3@group-D50926BF33AA: changes role from      null to FOLLOWER at term 0 for startAsFollower
2022-06-25 01:03:04,356 [pool-187-thread-1] INFO  impl.RoleInfo (RoleInfo.java:updateAndGet(139)) - 1a57f128-5fc1-45db-894e-2ffd043cedb3: start 1a57f128-5fc1-45db-894e-2ffd043cedb3@group-D50926BF33AA-FollowerState
2022-06-25 01:03:04,356 [pool-187-thread-1] INFO  util.JmxRegister (JmxRegister.java:tryRegister(44)) - Successfully registered JMX Bean with object name Ratis:service=RaftServer,group=group-D50926BF33AA,id=1a57f128-5fc1-45db-894e-2ffd043cedb3
2022-06-25 01:03:04,378 [grpc-default-executor-1] INFO  server.RaftServer (RaftServerProxy.java:addNew(96)) - ad74f3b2-c092-43ca-befa-d99c208edbaf: addNew group-D50926BF33AA:[ad74f3b2-c092-43ca-befa-d99c208edbaf|rpc:10.1.0.8:46867|dataStream:|priority:0, 1a57f128-5fc1-45db-894e-2ffd043cedb3|rpc:10.1.0.8:41991|dataStream:|priority:0, 98ebfad8-d5dc-46a2-9e40-7ac48868c3c4|rpc:10.1.0.8:34569|dataStream:|priority:1] returns group-D50926BF33AA:java.util.concurrent.CompletableFuture@4c7807c[Not completed]
2022-06-25 01:03:04,380 [pool-164-thread-1] INFO  server.RaftServer$Division (RaftServerImpl.java:<init>(190)) - ad74f3b2-c092-43ca-befa-d99c208edbaf: new RaftServerImpl for group-D50926BF33AA:[ad74f3b2-c092-43ca-befa-d99c208edbaf|rpc:10.1.0.8:46867|dataStream:|priority:0, 1a57f128-5fc1-45db-894e-2ffd043cedb3|rpc:10.1.0.8:41991|dataStream:|priority:0, 98ebfad8-d5dc-46a2-9e40-7ac48868c3c4|rpc:10.1.0.8:34569|dataStream:|priority:1] with ContainerStateMachine:uninitialized
2022-06-25 01:03:04,380 [pool-164-thread-1] INFO  server.RaftServerConfigKeys (ConfUtils.java:logGet(46)) - raft.server.rpc.timeout.min = 5s (custom)
2022-06-25 01:03:04,380 [pool-164-thread-1] INFO  server.RaftServerConfigKeys (ConfUtils.java:logGet(46)) - raft.server.rpc.timeout.max = 5200ms (custom)
2022-06-25 01:03:04,380 [pool-164-thread-1] INFO  server.RaftServerConfigKeys (ConfUtils.java:logGet(46)) - raft.server.rpc.sleep.time = 25ms (default)
2022-06-25 01:03:04,380 [pool-164-thread-1] INFO  server.RaftServerConfigKeys (ConfUtils.java:logGet(46)) - raft.server.rpc.slowness.timeout = 300s (custom)
2022-06-25 01:03:04,380 [pool-164-thread-1] INFO  server.RaftServerConfigKeys (ConfUtils.java:logGet(46)) - raft.server.leaderelection.leader.step-down.wait-time = 10s (default)
2022-06-25 01:03:04,380 [pool-164-thread-1] INFO  server.RaftServerConfigKeys (ConfUtils.java:logGet(46)) - raft.server.sleep.deviation.threshold = 300ms (default)
2022-06-25 01:03:04,380 [pool-164-thread-1] INFO  server.RaftServer$Division (ServerState.java:<init>(107)) - ad74f3b2-c092-43ca-befa-d99c208edbaf@group-D50926BF33AA: ConfigurationManager, init=-1: [ad74f3b2-c092-43ca-befa-d99c208edbaf|rpc:10.1.0.8:46867|dataStream:|priority:0, 1a57f128-5fc1-45db-894e-2ffd043cedb3|rpc:10.1.0.8:41991|dataStream:|priority:0, 98ebfad8-d5dc-46a2-9e40-7ac48868c3c4|rpc:10.1.0.8:34569|dataStream:|priority:1], old=null, confs=<EMPTY_MAP>
2022-06-25 01:03:04,380 [pool-164-thread-1] INFO  server.RaftServerConfigKeys (ConfUtils.java:logGet(46)) - raft.server.storage.dir = [/home/runner/work/ozone/ozone/hadoop-ozone/integration-test/target/test-dir/MiniOzoneClusterImpl-c4196b3a-7304-418b-bc70-42ac552e857c/datanode-4/data/ratis] (custom)
2022-06-25 01:03:04,381 [pool-164-thread-1] INFO  server.RaftServerConfigKeys (ConfUtils.java:logGet(46)) - raft.server.log.corruption.policy = EXCEPTION (default)
2022-06-25 01:03:04,381 [pool-164-thread-1] INFO  server.RaftServerConfigKeys (ConfUtils.java:logGet(46)) - raft.server.storage.free-space.min = 0MB (=0) (default)
2022-06-25 01:03:04,381 [pool-164-thread-1] INFO  storage.RaftStorageDirectory (RaftStorageDirectoryImpl.java:analyzeStorage(135)) - The storage directory /home/runner/work/ozone/ozone/hadoop-ozone/integration-test/target/test-dir/MiniOzoneClusterImpl-c4196b3a-7304-418b-bc70-42ac552e857c/datanode-4/data/ratis/2b1466c7-667c-479e-a9d9-d50926bf33aa does not exist. Creating ...
2022-06-25 01:03:04,384 [pool-164-thread-1] INFO  storage.RaftStorageDirectory (RaftStorageDirectoryImpl.java:tryLock(230)) - Lock on /home/runner/work/ozone/ozone/hadoop-ozone/integration-test/target/test-dir/MiniOzoneClusterImpl-c4196b3a-7304-418b-bc70-42ac552e857c/datanode-4/data/ratis/2b1466c7-667c-479e-a9d9-d50926bf33aa/in_use.lock acquired by nodename 7033@fv-az66-546
2022-06-25 01:03:04,385 [pool-164-thread-1] INFO  storage.RaftStorage (RaftStorageImpl.java:format(89)) - Storage directory /home/runner/work/ozone/ozone/hadoop-ozone/integration-test/target/test-dir/MiniOzoneClusterImpl-c4196b3a-7304-418b-bc70-42ac552e857c/datanode-4/data/ratis/2b1466c7-667c-479e-a9d9-d50926bf33aa has been successfully formatted.
2022-06-25 01:03:04,385 [pool-164-thread-1] INFO  ratis.ContainerStateMachine (ContainerStateMachine.java:loadSnapshot(236)) - group-D50926BF33AA: The snapshot info is null. Setting the last applied indexto:(t:0, i:~)
2022-06-25 01:03:04,386 [pool-164-thread-1] INFO  server.RaftServerConfigKeys (ConfUtils.java:logGet(46)) - raft.server.notification.no-leader.timeout = 300s (custom)
2022-06-25 01:03:04,387 [pool-164-thread-1] INFO  server.RaftServerConfigKeys (ConfUtils.java:logGet(46)) - raft.server.log.use.memory = false (default)
2022-06-25 01:03:04,387 [pool-164-thread-1] INFO  server.RaftServerConfigKeys (ConfUtils.java:logGet(46)) - raft.server.log.purge.gap = 1000000 (custom)
2022-06-25 01:03:04,387 [pool-164-thread-1] INFO  server.RaftServerConfigKeys (ConfUtils.java:logGet(46)) - raft.server.log.appender.buffer.byte-limit = 33554432 (custom)
2022-06-25 01:03:04,388 [pool-164-thread-1] INFO  server.RaftServerConfigKeys (ConfUtils.java:logGet(46)) - raft.server.log.statemachine.data.read.timeout = 1000ms (default)
2022-06-25 01:03:04,388 [pool-164-thread-1] INFO  server.RaftServerConfigKeys (ConfUtils.java:logGet(46)) - raft.server.log.segment.size.max = 1048576 (custom)
2022-06-25 01:03:04,388 [pool-164-thread-1] INFO  server.RaftServerConfigKeys (ConfUtils.java:logGet(46)) - raft.server.log.segment.cache.num.max = 2 (custom)
2022-06-25 01:03:04,388 [pool-164-thread-1] INFO  server.RaftServerConfigKeys (ConfUtils.java:logGet(46)) - raft.server.log.segment.cache.size.max = 200MB (=209715200) (default)
2022-06-25 01:03:04,388 [pool-164-thread-1] INFO  segmented.SegmentedRaftLogWorker (SegmentedRaftLogWorker.java:<init>(187)) - new ad74f3b2-c092-43ca-befa-d99c208edbaf@group-D50926BF33AA-SegmentedRaftLogWorker for RaftStorageImpl:Storage Directory /home/runner/work/ozone/ozone/hadoop-ozone/integration-test/target/test-dir/MiniOzoneClusterImpl-c4196b3a-7304-418b-bc70-42ac552e857c/datanode-4/data/ratis/2b1466c7-667c-479e-a9d9-d50926bf33aa
2022-06-25 01:03:04,389 [pool-164-thread-1] INFO  server.RaftServerConfigKeys (ConfUtils.java:logGet(46)) - raft.server.log.queue.byte-limit = 4294967296 (custom)
2022-06-25 01:03:04,389 [pool-164-thread-1] INFO  server.RaftServerConfigKeys (ConfUtils.java:logGet(46)) - raft.server.log.queue.element-limit = 1024 (custom)
2022-06-25 01:03:04,389 [pool-164-thread-1] INFO  server.RaftServerConfigKeys (ConfUtils.java:logGet(46)) - raft.server.log.segment.size.max = 1048576 (custom)
2022-06-25 01:03:04,389 [pool-164-thread-1] INFO  server.RaftServerConfigKeys (ConfUtils.java:logGet(46)) - raft.server.log.preallocated.size = 16384 (custom)
2022-06-25 01:03:04,389 [pool-164-thread-1] INFO  server.RaftServerConfigKeys (ConfUtils.java:logGet(46)) - raft.server.log.force.sync.num = 128 (default)
2022-06-25 01:03:04,389 [pool-164-thread-1] INFO  server.RaftServerConfigKeys (ConfUtils.java:logGet(46)) - raft.server.log.statemachine.data.sync = true (default)
2022-06-25 01:03:04,389 [pool-164-thread-1] INFO  server.RaftServerConfigKeys (ConfUtils.java:logGet(46)) - raft.server.log.statemachine.data.sync.timeout = 10s (default)
2022-06-25 01:03:04,389 [pool-164-thread-1] INFO  server.RaftServerConfigKeys (ConfUtils.java:logGet(46)) - raft.server.log.statemachine.data.sync.timeout.retry = -1 (default)
2022-06-25 01:03:04,390 [pool-164-thread-1] INFO  server.RaftServerConfigKeys (ConfUtils.java:logGet(46)) - raft.server.log.write.buffer.size = 1048576 (custom)
2022-06-25 01:03:04,391 [pool-164-thread-1] INFO  server.RaftServerConfigKeys (ConfUtils.java:logGet(46)) - raft.server.log.unsafe-flush.enabled = false (default)
2022-06-25 01:03:04,392 [pool-164-thread-1] INFO  server.RaftServerConfigKeys (ConfUtils.java:logGet(46)) - raft.server.log.statemachine.data.caching.enabled = true (custom)
2022-06-25 01:03:04,392 [pool-164-thread-1] INFO  segmented.SegmentedRaftLogWorker (SegmentedRaftLogWorker.java:lambda$new$0(135)) - ad74f3b2-c092-43ca-befa-d99c208edbaf@group-D50926BF33AA-SegmentedRaftLogWorker: flushIndex: setUnconditionally 0 -> -1
2022-06-25 01:03:04,392 [pool-164-thread-1] INFO  segmented.SegmentedRaftLogWorker (SegmentedRaftLogWorker.java:lambda$new$0(135)) - ad74f3b2-c092-43ca-befa-d99c208edbaf@group-D50926BF33AA-SegmentedRaftLogWorker: safeCacheEvictIndex: setUnconditionally 0 -> -1
2022-06-25 01:03:04,392 [pool-164-thread-1] INFO  server.RaftServerConfigKeys (ConfUtils.java:logGet(46)) - raft.server.snapshot.auto.trigger.enabled = true (custom)
2022-06-25 01:03:04,392 [pool-164-thread-1] INFO  server.RaftServerConfigKeys (ConfUtils.java:logGet(46)) - raft.server.snapshot.auto.trigger.threshold = 10000 (custom)
2022-06-25 01:03:04,392 [pool-164-thread-1] INFO  server.RaftServerConfigKeys (ConfUtils.java:logGet(46)) - raft.server.snapshot.retention.file.num = 5 (custom)
2022-06-25 01:03:04,392 [pool-164-thread-1] INFO  server.RaftServerConfigKeys (ConfUtils.java:logGet(46)) - raft.server.log.purge.upto.snapshot.index = false (default)
2022-06-25 01:03:04,392 [pool-164-thread-1] INFO  server.RaftServerConfigKeys (ConfUtils.java:logGet(46)) - raft.server.retrycache.expirytime = 600000ms (custom)
2022-06-25 01:03:04,392 [pool-164-thread-1] INFO  server.RaftServerConfigKeys (ConfUtils.java:logGet(46)) - raft.server.retrycache.statistics.expirytime = 100μs (default)
2022-06-25 01:03:04,394 [pool-164-thread-1] INFO  server.RaftServerConfigKeys (ConfUtils.java:logGet(46)) - raft.server.log.appender.install.snapshot.enabled = false (custom)
2022-06-25 01:03:04,394 [pool-164-thread-1] INFO  server.RaftServerConfigKeys (ConfUtils.java:logGet(46)) - raft.server.threadpool.server.cached = true (default)
2022-06-25 01:03:04,394 [pool-164-thread-1] INFO  server.RaftServerConfigKeys (ConfUtils.java:logGet(46)) - raft.server.threadpool.server.size = 0 (default)
2022-06-25 01:03:04,394 [pool-164-thread-1] INFO  server.RaftServerConfigKeys (ConfUtils.java:logGet(46)) - raft.server.threadpool.client.cached = true (default)
2022-06-25 01:03:04,394 [pool-164-thread-1] INFO  server.RaftServerConfigKeys (ConfUtils.java:logGet(46)) - raft.server.threadpool.client.size = 0 (default)
2022-06-25 01:03:04,394 [pool-164-thread-1] INFO  server.RaftServer$Division (RaftServerImpl.java:start(310)) - ad74f3b2-c092-43ca-befa-d99c208edbaf@group-D50926BF33AA: start as a follower, conf=-1: [ad74f3b2-c092-43ca-befa-d99c208edbaf|rpc:10.1.0.8:46867|dataStream:|priority:0, 1a57f128-5fc1-45db-894e-2ffd043cedb3|rpc:10.1.0.8:41991|dataStream:|priority:0, 98ebfad8-d5dc-46a2-9e40-7ac48868c3c4|rpc:10.1.0.8:34569|dataStream:|priority:1], old=null
2022-06-25 01:03:04,397 [pool-164-thread-1] INFO  server.RaftServer$Division (RaftServerImpl.java:setRole(299)) - ad74f3b2-c092-43ca-befa-d99c208edbaf@group-D50926BF33AA: changes role from      null to FOLLOWER at term 0 for startAsFollower
2022-06-25 01:03:04,398 [pool-164-thread-1] INFO  impl.RoleInfo (RoleInfo.java:updateAndGet(139)) - ad74f3b2-c092-43ca-befa-d99c208edbaf: start ad74f3b2-c092-43ca-befa-d99c208edbaf@group-D50926BF33AA-FollowerState
2022-06-25 01:03:04,398 [pool-164-thread-1] INFO  util.JmxRegister (JmxRegister.java:tryRegister(44)) - Successfully registered JMX Bean with object name Ratis:service=RaftServer,group=group-D50926BF33AA,id=ad74f3b2-c092-43ca-befa-d99c208edbaf
2022-06-25 01:03:04,409 [Command processor thread] INFO  commandhandler.CreatePipelineCommandHandler (CreatePipelineCommandHandler.java:handle(113)) - Created Pipeline RATIS THREE PipelineID=2b1466c7-667c-479e-a9d9-d50926bf33aa.
2022-06-25 01:03:04,620 [EventQueue-OpenPipelineForHealthyPipelineSafeModeRule] INFO  safemode.SCMSafeModeManager (HealthyPipelineSafeModeRule.java:process(124)) - SCM in safe mode. Healthy pipelines reported count is 0, required healthy pipeline reported count is 1
2022-06-25 01:03:04,632 [Command processor thread] INFO  server.RaftServer (RaftServerProxy.java:addNew(96)) - ad74f3b2-c092-43ca-befa-d99c208edbaf: addNew group-909FDBCECD31:[ad74f3b2-c092-43ca-befa-d99c208edbaf|rpc:10.1.0.8:46867|priority:1] returns group-909FDBCECD31:java.util.concurrent.CompletableFuture@211d942f[Not completed]
2022-06-25 01:03:04,634 [pool-164-thread-1] INFO  server.RaftServer$Division (RaftServerImpl.java:<init>(190)) - ad74f3b2-c092-43ca-befa-d99c208edbaf: new RaftServerImpl for group-909FDBCECD31:[ad74f3b2-c092-43ca-befa-d99c208edbaf|rpc:10.1.0.8:46867|priority:1] with ContainerStateMachine:uninitialized
2022-06-25 01:03:04,634 [pool-164-thread-1] INFO  server.RaftServerConfigKeys (ConfUtils.java:logGet(46)) - raft.server.rpc.timeout.min = 5s (custom)
2022-06-25 01:03:04,634 [pool-164-thread-1] INFO  server.RaftServerConfigKeys (ConfUtils.java:logGet(46)) - raft.server.rpc.timeout.max = 5200ms (custom)
2022-06-25 01:03:04,634 [pool-164-thread-1] INFO  server.RaftServerConfigKeys (ConfUtils.java:logGet(46)) - raft.server.rpc.sleep.time = 25ms (default)
2022-06-25 01:03:04,634 [pool-164-thread-1] INFO  server.RaftServerConfigKeys (ConfUtils.java:logGet(46)) - raft.server.rpc.slowness.timeout = 300s (custom)
2022-06-25 01:03:04,634 [pool-164-thread-1] INFO  server.RaftServerConfigKeys (ConfUtils.java:logGet(46)) - raft.server.leaderelection.leader.step-down.wait-time = 10s (default)
2022-06-25 01:03:04,634 [pool-164-thread-1] INFO  server.RaftServerConfigKeys (ConfUtils.java:logGet(46)) - raft.server.sleep.deviation.threshold = 300ms (default)
2022-06-25 01:03:04,634 [pool-164-thread-1] INFO  server.RaftServer$Division (ServerState.java:<init>(107)) - ad74f3b2-c092-43ca-befa-d99c208edbaf@group-909FDBCECD31: ConfigurationManager, init=-1: [ad74f3b2-c092-43ca-befa-d99c208edbaf|rpc:10.1.0.8:46867|priority:1], old=null, confs=<EMPTY_MAP>
2022-06-25 01:03:04,634 [pool-164-thread-1] INFO  server.RaftServerConfigKeys (ConfUtils.java:logGet(46)) - raft.server.storage.dir = [/home/runner/work/ozone/ozone/hadoop-ozone/integration-test/target/test-dir/MiniOzoneClusterImpl-c4196b3a-7304-418b-bc70-42ac552e857c/datanode-4/data/ratis] (custom)
2022-06-25 01:03:04,635 [pool-164-thread-1] INFO  server.RaftServerConfigKeys (ConfUtils.java:logGet(46)) - raft.server.log.corruption.policy = EXCEPTION (default)
2022-06-25 01:03:04,635 [pool-164-thread-1] INFO  server.RaftServerConfigKeys (ConfUtils.java:logGet(46)) - raft.server.storage.free-space.min = 0MB (=0) (default)
2022-06-25 01:03:04,635 [pool-164-thread-1] INFO  storage.RaftStorageDirectory (RaftStorageDirectoryImpl.java:analyzeStorage(135)) - The storage directory /home/runner/work/ozone/ozone/hadoop-ozone/integration-test/target/test-dir/MiniOzoneClusterImpl-c4196b3a-7304-418b-bc70-42ac552e857c/datanode-4/data/ratis/0f075fbb-840e-4b65-ba61-909fdbcecd31 does not exist. Creating ...
2022-06-25 01:03:04,636 [pool-164-thread-1] INFO  storage.RaftStorageDirectory (RaftStorageDirectoryImpl.java:tryLock(230)) - Lock on /home/runner/work/ozone/ozone/hadoop-ozone/integration-test/target/test-dir/MiniOzoneClusterImpl-c4196b3a-7304-418b-bc70-42ac552e857c/datanode-4/data/ratis/0f075fbb-840e-4b65-ba61-909fdbcecd31/in_use.lock acquired by nodename 7033@fv-az66-546
2022-06-25 01:03:04,638 [pool-164-thread-1] INFO  storage.RaftStorage (RaftStorageImpl.java:format(89)) - Storage directory /home/runner/work/ozone/ozone/hadoop-ozone/integration-test/target/test-dir/MiniOzoneClusterImpl-c4196b3a-7304-418b-bc70-42ac552e857c/datanode-4/data/ratis/0f075fbb-840e-4b65-ba61-909fdbcecd31 has been successfully formatted.
2022-06-25 01:03:04,638 [pool-164-thread-1] INFO  ratis.ContainerStateMachine (ContainerStateMachine.java:loadSnapshot(236)) - group-909FDBCECD31: The snapshot info is null. Setting the last applied indexto:(t:0, i:~)
2022-06-25 01:03:04,639 [pool-164-thread-1] INFO  server.RaftServerConfigKeys (ConfUtils.java:logGet(46)) - raft.server.notification.no-leader.timeout = 300s (custom)
2022-06-25 01:03:04,639 [pool-164-thread-1] INFO  server.RaftServerConfigKeys (ConfUtils.java:logGet(46)) - raft.server.log.use.memory = false (default)
2022-06-25 01:03:04,639 [pool-164-thread-1] INFO  server.RaftServerConfigKeys (ConfUtils.java:logGet(46)) - raft.server.log.purge.gap = 1000000 (custom)
2022-06-25 01:03:04,639 [pool-164-thread-1] INFO  server.RaftServerConfigKeys (ConfUtils.java:logGet(46)) - raft.server.log.appender.buffer.byte-limit = 33554432 (custom)
2022-06-25 01:03:04,639 [pool-164-thread-1] INFO  server.RaftServerConfigKeys (ConfUtils.java:logGet(46)) - raft.server.log.statemachine.data.read.timeout = 1000ms (default)
2022-06-25 01:03:04,640 [pool-164-thread-1] INFO  server.RaftServerConfigKeys (ConfUtils.java:logGet(46)) - raft.server.log.segment.size.max = 1048576 (custom)
2022-06-25 01:03:04,640 [pool-164-thread-1] INFO  server.RaftServerConfigKeys (ConfUtils.java:logGet(46)) - raft.server.log.segment.cache.num.max = 2 (custom)
2022-06-25 01:03:04,640 [pool-164-thread-1] INFO  server.RaftServerConfigKeys (ConfUtils.java:logGet(46)) - raft.server.log.segment.cache.size.max = 200MB (=209715200) (default)
2022-06-25 01:03:04,640 [pool-164-thread-1] INFO  segmented.SegmentedRaftLogWorker (SegmentedRaftLogWorker.java:<init>(187)) - new ad74f3b2-c092-43ca-befa-d99c208edbaf@group-909FDBCECD31-SegmentedRaftLogWorker for RaftStorageImpl:Storage Directory /home/runner/work/ozone/ozone/hadoop-ozone/integration-test/target/test-dir/MiniOzoneClusterImpl-c4196b3a-7304-418b-bc70-42ac552e857c/datanode-4/data/ratis/0f075fbb-840e-4b65-ba61-909fdbcecd31
2022-06-25 01:03:04,640 [pool-164-thread-1] INFO  server.RaftServerConfigKeys (ConfUtils.java:logGet(46)) - raft.server.log.queue.byte-limit = 4294967296 (custom)
2022-06-25 01:03:04,640 [pool-164-thread-1] INFO  server.RaftServerConfigKeys (ConfUtils.java:logGet(46)) - raft.server.log.queue.element-limit = 1024 (custom)
2022-06-25 01:03:04,641 [pool-164-thread-1] INFO  server.RaftServerConfigKeys (ConfUtils.java:logGet(46)) - raft.server.log.segment.size.max = 1048576 (custom)
2022-06-25 01:03:04,641 [pool-164-thread-1] INFO  server.RaftServerConfigKeys (ConfUtils.java:logGet(46)) - raft.server.log.preallocated.size = 16384 (custom)
2022-06-25 01:03:04,641 [pool-164-thread-1] INFO  server.RaftServerConfigKeys (ConfUtils.java:logGet(46)) - raft.server.log.force.sync.num = 128 (default)
2022-06-25 01:03:04,641 [pool-164-thread-1] INFO  server.RaftServerConfigKeys (ConfUtils.java:logGet(46)) - raft.server.log.statemachine.data.sync = true (default)
2022-06-25 01:03:04,641 [pool-164-thread-1] INFO  server.RaftServerConfigKeys (ConfUtils.java:logGet(46)) - raft.server.log.statemachine.data.sync.timeout = 10s (default)
2022-06-25 01:03:04,641 [pool-164-thread-1] INFO  server.RaftServerConfigKeys (ConfUtils.java:logGet(46)) - raft.server.log.statemachine.data.sync.timeout.retry = -1 (default)
2022-06-25 01:03:04,642 [pool-164-thread-1] INFO  server.RaftServerConfigKeys (ConfUtils.java:logGet(46)) - raft.server.log.write.buffer.size = 1048576 (custom)
2022-06-25 01:03:04,643 [pool-164-thread-1] INFO  server.RaftServerConfigKeys (ConfUtils.java:logGet(46)) - raft.server.log.unsafe-flush.enabled = false (default)
2022-06-25 01:03:04,643 [pool-164-thread-1] INFO  server.RaftServerConfigKeys (ConfUtils.java:logGet(46)) - raft.server.log.statemachine.data.caching.enabled = true (custom)
2022-06-25 01:03:04,643 [pool-164-thread-1] INFO  segmented.SegmentedRaftLogWorker (SegmentedRaftLogWorker.java:lambda$new$0(135)) - ad74f3b2-c092-43ca-befa-d99c208edbaf@group-909FDBCECD31-SegmentedRaftLogWorker: flushIndex: setUnconditionally 0 -> -1
2022-06-25 01:03:04,643 [pool-164-thread-1] INFO  segmented.SegmentedRaftLogWorker (SegmentedRaftLogWorker.java:lambda$new$0(135)) - ad74f3b2-c092-43ca-befa-d99c208edbaf@group-909FDBCECD31-SegmentedRaftLogWorker: safeCacheEvictIndex: setUnconditionally 0 -> -1
2022-06-25 01:03:04,643 [pool-164-thread-1] INFO  server.RaftServerConfigKeys (ConfUtils.java:logGet(46)) - raft.server.snapshot.auto.trigger.enabled = true (custom)
2022-06-25 01:03:04,643 [pool-164-thread-1] INFO  server.RaftServerConfigKeys (ConfUtils.java:logGet(46)) - raft.server.snapshot.auto.trigger.threshold = 10000 (custom)
2022-06-25 01:03:04,644 [pool-164-thread-1] INFO  server.RaftServerConfigKeys (ConfUtils.java:logGet(46)) - raft.server.snapshot.retention.file.num = 5 (custom)
2022-06-25 01:03:04,644 [pool-164-thread-1] INFO  server.RaftServerConfigKeys (ConfUtils.java:logGet(46)) - raft.server.log.purge.upto.snapshot.index = false (default)
2022-06-25 01:03:04,644 [pool-164-thread-1] INFO  server.RaftServerConfigKeys (ConfUtils.java:logGet(46)) - raft.server.retrycache.expirytime = 600000ms (custom)
2022-06-25 01:03:04,644 [pool-164-thread-1] INFO  server.RaftServerConfigKeys (ConfUtils.java:logGet(46)) - raft.server.retrycache.statistics.expirytime = 100μs (default)
2022-06-25 01:03:04,645 [pool-164-thread-1] INFO  server.RaftServerConfigKeys (ConfUtils.java:logGet(46)) - raft.server.log.appender.install.snapshot.enabled = false (custom)
2022-06-25 01:03:04,645 [pool-164-thread-1] INFO  server.RaftServerConfigKeys (ConfUtils.java:logGet(46)) - raft.server.threadpool.server.cached = true (default)
2022-06-25 01:03:04,645 [pool-164-thread-1] INFO  server.RaftServerConfigKeys (ConfUtils.java:logGet(46)) - raft.server.threadpool.server.size = 0 (default)
2022-06-25 01:03:04,645 [pool-164-thread-1] INFO  server.RaftServerConfigKeys (ConfUtils.java:logGet(46)) - raft.server.threadpool.client.cached = true (default)
2022-06-25 01:03:04,645 [pool-164-thread-1] INFO  server.RaftServerConfigKeys (ConfUtils.java:logGet(46)) - raft.server.threadpool.client.size = 0 (default)
2022-06-25 01:03:04,645 [pool-164-thread-1] INFO  server.RaftServer$Division (RaftServerImpl.java:start(310)) - ad74f3b2-c092-43ca-befa-d99c208edbaf@group-909FDBCECD31: start as a follower, conf=-1: [ad74f3b2-c092-43ca-befa-d99c208edbaf|rpc:10.1.0.8:46867|priority:1], old=null
2022-06-25 01:03:04,646 [pool-164-thread-1] INFO  server.RaftServer$Division (RaftServerImpl.java:setRole(299)) - ad74f3b2-c092-43ca-befa-d99c208edbaf@group-909FDBCECD31: changes role from      null to FOLLOWER at term 0 for startAsFollower
2022-06-25 01:03:04,646 [pool-164-thread-1] INFO  impl.RoleInfo (RoleInfo.java:updateAndGet(139)) - ad74f3b2-c092-43ca-befa-d99c208edbaf: start ad74f3b2-c092-43ca-befa-d99c208edbaf@group-909FDBCECD31-FollowerState
2022-06-25 01:03:04,648 [pool-164-thread-1] INFO  util.JmxRegister (JmxRegister.java:tryRegister(44)) - Successfully registered JMX Bean with object name Ratis:service=RaftServer,group=group-909FDBCECD31,id=ad74f3b2-c092-43ca-befa-d99c208edbaf
2022-06-25 01:03:04,649 [EventQueue-PipelineReportForPipelineReportHandler] INFO  pipeline.PipelineManagerImpl (PipelineManagerImpl.java:openPipeline(358)) - Pipeline Pipeline[ Id: 0f075fbb-840e-4b65-ba61-909fdbcecd31, Nodes: ad74f3b2-c092-43ca-befa-d99c208edbaf{ip: 10.1.0.8, host: fv-az66-546.vwcdieab4koerntclszyavmfxa.dx.internal.cloudapp.net, ports: [REPLICATION=45511, RATIS=46867, RATIS_ADMIN=46867, RATIS_SERVER=46867, STANDALONE=34703], networkLocation: /default-rack, certSerialId: null, persistedOpState: IN_SERVICE, persistedOpStateExpiryEpochSec: 0}, ReplicationConfig: RATIS/ONE, State:ALLOCATED, leaderId:ad74f3b2-c092-43ca-befa-d99c208edbaf, CreationTimestamp2022-06-25T01:03:01.637Z[Etc/UTC]] moved to OPEN state
2022-06-25 01:03:04,649 [EventQueue-OpenPipelineForHealthyPipelineSafeModeRule] INFO  safemode.SCMSafeModeManager (HealthyPipelineSafeModeRule.java:process(124)) - SCM in safe mode. Healthy pipelines reported count is 0, required healthy pipeline reported count is 1
2022-06-25 01:03:04,650 [Command processor thread] INFO  ratis.XceiverServerRatis (XceiverServerRatis.java:addGroup(765)) - Created group PipelineID=0f075fbb-840e-4b65-ba61-909fdbcecd31
2022-06-25 01:03:04,650 [Command processor thread] INFO  commandhandler.CreatePipelineCommandHandler (CreatePipelineCommandHandler.java:handle(113)) - Created Pipeline RATIS ONE PipelineID=0f075fbb-840e-4b65-ba61-909fdbcecd31.
2022-06-25 01:03:04,909 [EventQueue-OpenPipelineForHealthyPipelineSafeModeRule] INFO  safemode.SCMSafeModeManager (HealthyPipelineSafeModeRule.java:process(124)) - SCM in safe mode. Healthy pipelines reported count is 0, required healthy pipeline reported count is 1
2022-06-25 01:03:04,998 [Listener at 127.0.0.1/39125] INFO  ozone.MiniOzoneClusterImpl (MiniOzoneClusterImpl.java:lambda$waitForClusterToBeReady$0(223)) - Nodes are ready. Got 6 of 6 DN Heartbeats.
2022-06-25 01:03:04,998 [Listener at 127.0.0.1/39125] INFO  ozone.MiniOzoneClusterImpl (MiniOzoneClusterImpl.java:lambda$waitForClusterToBeReady$0(226)) - Waiting for cluster to exit safe mode
2022-06-25 01:03:04,998 [Listener at 127.0.0.1/39125] INFO  ozone.MiniOzoneClusterImpl (MiniOzoneClusterImpl.java:lambda$waitForClusterToBeReady$0(228)) - SCM became leader
2022-06-25 01:03:05,058 [Command processor thread] INFO  server.RaftServer (RaftServerProxy.java:addNew(96)) - 1a57f128-5fc1-45db-894e-2ffd043cedb3: addNew group-AB98848367B8:[1a57f128-5fc1-45db-894e-2ffd043cedb3|rpc:10.1.0.8:41991|priority:1] returns group-AB98848367B8:java.util.concurrent.CompletableFuture@54e8fd14[Not completed]
2022-06-25 01:03:05,060 [pool-187-thread-1] INFO  server.RaftServer$Division (RaftServerImpl.java:<init>(190)) - 1a57f128-5fc1-45db-894e-2ffd043cedb3: new RaftServerImpl for group-AB98848367B8:[1a57f128-5fc1-45db-894e-2ffd043cedb3|rpc:10.1.0.8:41991|priority:1] with ContainerStateMachine:uninitialized
2022-06-25 01:03:05,060 [pool-187-thread-1] INFO  server.RaftServerConfigKeys (ConfUtils.java:logGet(46)) - raft.server.rpc.timeout.min = 5s (custom)
2022-06-25 01:03:05,060 [pool-187-thread-1] INFO  server.RaftServerConfigKeys (ConfUtils.java:logGet(46)) - raft.server.rpc.timeout.max = 5200ms (custom)
2022-06-25 01:03:05,061 [pool-187-thread-1] INFO  server.RaftServerConfigKeys (ConfUtils.java:logGet(46)) - raft.server.rpc.sleep.time = 25ms (default)
2022-06-25 01:03:05,061 [pool-187-thread-1] INFO  server.RaftServerConfigKeys (ConfUtils.java:logGet(46)) - raft.server.rpc.slowness.timeout = 300s (custom)
2022-06-25 01:03:05,061 [pool-187-thread-1] INFO  server.RaftServerConfigKeys (ConfUtils.java:logGet(46)) - raft.server.leaderelection.leader.step-down.wait-time = 10s (default)
2022-06-25 01:03:05,061 [pool-187-thread-1] INFO  server.RaftServerConfigKeys (ConfUtils.java:logGet(46)) - raft.server.sleep.deviation.threshold = 300ms (default)
2022-06-25 01:03:05,061 [pool-187-thread-1] INFO  server.RaftServer$Division (ServerState.java:<init>(107)) - 1a57f128-5fc1-45db-894e-2ffd043cedb3@group-AB98848367B8: ConfigurationManager, init=-1: [1a57f128-5fc1-45db-894e-2ffd043cedb3|rpc:10.1.0.8:41991|priority:1], old=null, confs=<EMPTY_MAP>
2022-06-25 01:03:05,061 [pool-187-thread-1] INFO  server.RaftServerConfigKeys (ConfUtils.java:logGet(46)) - raft.server.storage.dir = [/home/runner/work/ozone/ozone/hadoop-ozone/integration-test/target/test-dir/MiniOzoneClusterImpl-c4196b3a-7304-418b-bc70-42ac552e857c/datanode-5/data/ratis] (custom)
2022-06-25 01:03:05,061 [pool-187-thread-1] INFO  server.RaftServerConfigKeys (ConfUtils.java:logGet(46)) - raft.server.log.corruption.policy = EXCEPTION (default)
2022-06-25 01:03:05,062 [pool-187-thread-1] INFO  server.RaftServerConfigKeys (ConfUtils.java:logGet(46)) - raft.server.storage.free-space.min = 0MB (=0) (default)
2022-06-25 01:03:05,062 [pool-187-thread-1] INFO  storage.RaftStorageDirectory (RaftStorageDirectoryImpl.java:analyzeStorage(135)) - The storage directory /home/runner/work/ozone/ozone/hadoop-ozone/integration-test/target/test-dir/MiniOzoneClusterImpl-c4196b3a-7304-418b-bc70-42ac552e857c/datanode-5/data/ratis/855924ea-a9c5-49de-83e7-ab98848367b8 does not exist. Creating ...
2022-06-25 01:03:05,063 [pool-187-thread-1] INFO  storage.RaftStorageDirectory (RaftStorageDirectoryImpl.java:tryLock(230)) - Lock on /home/runner/work/ozone/ozone/hadoop-ozone/integration-test/target/test-dir/MiniOzoneClusterImpl-c4196b3a-7304-418b-bc70-42ac552e857c/datanode-5/data/ratis/855924ea-a9c5-49de-83e7-ab98848367b8/in_use.lock acquired by nodename 7033@fv-az66-546
2022-06-25 01:03:05,065 [pool-187-thread-1] INFO  storage.RaftStorage (RaftStorageImpl.java:format(89)) - Storage directory /home/runner/work/ozone/ozone/hadoop-ozone/integration-test/target/test-dir/MiniOzoneClusterImpl-c4196b3a-7304-418b-bc70-42ac552e857c/datanode-5/data/ratis/855924ea-a9c5-49de-83e7-ab98848367b8 has been successfully formatted.
2022-06-25 01:03:05,065 [pool-187-thread-1] INFO  ratis.ContainerStateMachine (ContainerStateMachine.java:loadSnapshot(236)) - group-AB98848367B8: The snapshot info is null. Setting the last applied indexto:(t:0, i:~)
2022-06-25 01:03:05,065 [pool-187-thread-1] INFO  server.RaftServerConfigKeys (ConfUtils.java:logGet(46)) - raft.server.notification.no-leader.timeout = 300s (custom)
2022-06-25 01:03:05,065 [pool-187-thread-1] INFO  server.RaftServerConfigKeys (ConfUtils.java:logGet(46)) - raft.server.log.use.memory = false (default)
2022-06-25 01:03:05,065 [pool-187-thread-1] INFO  server.RaftServerConfigKeys (ConfUtils.java:logGet(46)) - raft.server.log.purge.gap = 1000000 (custom)
2022-06-25 01:03:05,068 [EventQueue-PipelineReportForPipelineReportHandler] INFO  pipeline.PipelineManagerImpl (PipelineManagerImpl.java:openPipeline(358)) - Pipeline Pipeline[ Id: 855924ea-a9c5-49de-83e7-ab98848367b8, Nodes: 1a57f128-5fc1-45db-894e-2ffd043cedb3{ip: 10.1.0.8, host: fv-az66-546.vwcdieab4koerntclszyavmfxa.dx.internal.cloudapp.net, ports: [REPLICATION=42497, RATIS=41991, RATIS_ADMIN=41991, RATIS_SERVER=41991, STANDALONE=45247], networkLocation: /default-rack, certSerialId: null, persistedOpState: IN_SERVICE, persistedOpStateExpiryEpochSec: 0}, ReplicationConfig: RATIS/ONE, State:ALLOCATED, leaderId:1a57f128-5fc1-45db-894e-2ffd043cedb3, CreationTimestamp2022-06-25T01:03:02.065Z[Etc/UTC]] moved to OPEN state
2022-06-25 01:03:05,069 [EventQueue-OpenPipelineForHealthyPipelineSafeModeRule] INFO  safemode.SCMSafeModeManager (HealthyPipelineSafeModeRule.java:process(124)) - SCM in safe mode. Healthy pipelines reported count is 0, required healthy pipeline reported count is 1
2022-06-25 01:03:05,069 [pool-187-thread-1] INFO  server.RaftServerConfigKeys (ConfUtils.java:logGet(46)) - raft.server.log.appender.buffer.byte-limit = 33554432 (custom)
2022-06-25 01:03:05,070 [pool-187-thread-1] INFO  server.RaftServerConfigKeys (ConfUtils.java:logGet(46)) - raft.server.log.statemachine.data.read.timeout = 1000ms (default)
2022-06-25 01:03:05,070 [pool-187-thread-1] INFO  server.RaftServerConfigKeys (ConfUtils.java:logGet(46)) - raft.server.log.segment.size.max = 1048576 (custom)
2022-06-25 01:03:05,070 [pool-187-thread-1] INFO  server.RaftServerConfigKeys (ConfUtils.java:logGet(46)) - raft.server.log.segment.cache.num.max = 2 (custom)
2022-06-25 01:03:05,071 [pool-187-thread-1] INFO  server.RaftServerConfigKeys (ConfUtils.java:logGet(46)) - raft.server.log.segment.cache.size.max = 200MB (=209715200) (default)
2022-06-25 01:03:05,071 [pool-187-thread-1] INFO  segmented.SegmentedRaftLogWorker (SegmentedRaftLogWorker.java:<init>(187)) - new 1a57f128-5fc1-45db-894e-2ffd043cedb3@group-AB98848367B8-SegmentedRaftLogWorker for RaftStorageImpl:Storage Directory /home/runner/work/ozone/ozone/hadoop-ozone/integration-test/target/test-dir/MiniOzoneClusterImpl-c4196b3a-7304-418b-bc70-42ac552e857c/datanode-5/data/ratis/855924ea-a9c5-49de-83e7-ab98848367b8
2022-06-25 01:03:05,071 [pool-187-thread-1] INFO  server.RaftServerConfigKeys (ConfUtils.java:logGet(46)) - raft.server.log.queue.byte-limit = 4294967296 (custom)
2022-06-25 01:03:05,071 [pool-187-thread-1] INFO  server.RaftServerConfigKeys (ConfUtils.java:logGet(46)) - raft.server.log.queue.element-limit = 1024 (custom)
2022-06-25 01:03:05,071 [pool-187-thread-1] INFO  server.RaftServerConfigKeys (ConfUtils.java:logGet(46)) - raft.server.log.segment.size.max = 1048576 (custom)
2022-06-25 01:03:05,071 [pool-187-thread-1] INFO  server.RaftServerConfigKeys (ConfUtils.java:logGet(46)) - raft.server.log.preallocated.size = 16384 (custom)
2022-06-25 01:03:05,071 [pool-187-thread-1] INFO  server.RaftServerConfigKeys (ConfUtils.java:logGet(46)) - raft.server.log.force.sync.num = 128 (default)
2022-06-25 01:03:05,071 [pool-187-thread-1] INFO  server.RaftServerConfigKeys (ConfUtils.java:logGet(46)) - raft.server.log.statemachine.data.sync = true (default)
2022-06-25 01:03:05,071 [pool-187-thread-1] INFO  server.RaftServerConfigKeys (ConfUtils.java:logGet(46)) - raft.server.log.statemachine.data.sync.timeout = 10s (default)
2022-06-25 01:03:05,071 [pool-187-thread-1] INFO  server.RaftServerConfigKeys (ConfUtils.java:logGet(46)) - raft.server.log.statemachine.data.sync.timeout.retry = -1 (default)
2022-06-25 01:03:05,072 [pool-187-thread-1] INFO  server.RaftServerConfigKeys (ConfUtils.java:logGet(46)) - raft.server.log.write.buffer.size = 1048576 (custom)
2022-06-25 01:03:05,073 [pool-187-thread-1] INFO  server.RaftServerConfigKeys (ConfUtils.java:logGet(46)) - raft.server.log.unsafe-flush.enabled = false (default)
2022-06-25 01:03:05,073 [pool-187-thread-1] INFO  server.RaftServerConfigKeys (ConfUtils.java:logGet(46)) - raft.server.log.statemachine.data.caching.enabled = true (custom)
2022-06-25 01:03:05,073 [pool-187-thread-1] INFO  segmented.SegmentedRaftLogWorker (SegmentedRaftLogWorker.java:lambda$new$0(135)) - 1a57f128-5fc1-45db-894e-2ffd043cedb3@group-AB98848367B8-SegmentedRaftLogWorker: flushIndex: setUnconditionally 0 -> -1
2022-06-25 01:03:05,073 [pool-187-thread-1] INFO  segmented.SegmentedRaftLogWorker (SegmentedRaftLogWorker.java:lambda$new$0(135)) - 1a57f128-5fc1-45db-894e-2ffd043cedb3@group-AB98848367B8-SegmentedRaftLogWorker: safeCacheEvictIndex: setUnconditionally 0 -> -1
2022-06-25 01:03:05,074 [pool-187-thread-1] INFO  server.RaftServerConfigKeys (ConfUtils.java:logGet(46)) - raft.server.snapshot.auto.trigger.enabled = true (custom)
2022-06-25 01:03:05,074 [pool-187-thread-1] INFO  server.RaftServerConfigKeys (ConfUtils.java:logGet(46)) - raft.server.snapshot.auto.trigger.threshold = 10000 (custom)
2022-06-25 01:03:05,074 [pool-187-thread-1] INFO  server.RaftServerConfigKeys (ConfUtils.java:logGet(46)) - raft.server.snapshot.retention.file.num = 5 (custom)
2022-06-25 01:03:05,074 [pool-187-thread-1] INFO  server.RaftServerConfigKeys (ConfUtils.java:logGet(46)) - raft.server.log.purge.upto.snapshot.index = false (default)
2022-06-25 01:03:05,074 [pool-187-thread-1] INFO  server.RaftServerConfigKeys (ConfUtils.java:logGet(46)) - raft.server.retrycache.expirytime = 600000ms (custom)
2022-06-25 01:03:05,074 [pool-187-thread-1] INFO  server.RaftServerConfigKeys (ConfUtils.java:logGet(46)) - raft.server.retrycache.statistics.expirytime = 100μs (default)
2022-06-25 01:03:05,075 [pool-187-thread-1] INFO  server.RaftServerConfigKeys (ConfUtils.java:logGet(46)) - raft.server.log.appender.install.snapshot.enabled = false (custom)
2022-06-25 01:03:05,075 [pool-187-thread-1] INFO  server.RaftServerConfigKeys (ConfUtils.java:logGet(46)) - raft.server.threadpool.server.cached = true (default)
2022-06-25 01:03:05,076 [pool-187-thread-1] INFO  server.RaftServerConfigKeys (ConfUtils.java:logGet(46)) - raft.server.threadpool.server.size = 0 (default)
2022-06-25 01:03:05,080 [pool-187-thread-1] INFO  server.RaftServerConfigKeys (ConfUtils.java:logGet(46)) - raft.server.threadpool.client.cached = true (default)
2022-06-25 01:03:05,080 [pool-187-thread-1] INFO  server.RaftServerConfigKeys (ConfUtils.java:logGet(46)) - raft.server.threadpool.client.size = 0 (default)
2022-06-25 01:03:05,080 [pool-187-thread-1] INFO  server.RaftServer$Division (RaftServerImpl.java:start(310)) - 1a57f128-5fc1-45db-894e-2ffd043cedb3@group-AB98848367B8: start as a follower, conf=-1: [1a57f128-5fc1-45db-894e-2ffd043cedb3|rpc:10.1.0.8:41991|priority:1], old=null
2022-06-25 01:03:05,080 [pool-187-thread-1] INFO  server.RaftServer$Division (RaftServerImpl.java:setRole(299)) - 1a57f128-5fc1-45db-894e-2ffd043cedb3@group-AB98848367B8: changes role from      null to FOLLOWER at term 0 for startAsFollower
2022-06-25 01:03:05,080 [pool-187-thread-1] INFO  impl.RoleInfo (RoleInfo.java:updateAndGet(139)) - 1a57f128-5fc1-45db-894e-2ffd043cedb3: start 1a57f128-5fc1-45db-894e-2ffd043cedb3@group-AB98848367B8-FollowerState
2022-06-25 01:03:05,080 [pool-187-thread-1] INFO  util.JmxRegister (JmxRegister.java:tryRegister(44)) - Successfully registered JMX Bean with object name Ratis:service=RaftServer,group=group-AB98848367B8,id=1a57f128-5fc1-45db-894e-2ffd043cedb3
2022-06-25 01:03:05,081 [Command processor thread] INFO  ratis.XceiverServerRatis (XceiverServerRatis.java:addGroup(765)) - Created group PipelineID=855924ea-a9c5-49de-83e7-ab98848367b8
2022-06-25 01:03:05,081 [Command processor thread] INFO  commandhandler.CreatePipelineCommandHandler (CreatePipelineCommandHandler.java:handle(113)) - Created Pipeline RATIS ONE PipelineID=855924ea-a9c5-49de-83e7-ab98848367b8.
2022-06-25 01:03:05,179 [ReplicationMonitor] INFO  replication.ReplicationManager (ReplicationManager.java:processAll(228)) - Replication Manager is not ready to run until 3000ms after safemode exit
2022-06-25 01:03:05,303 [EventQueue-OpenPipelineForHealthyPipelineSafeModeRule] INFO  safemode.SCMSafeModeManager (HealthyPipelineSafeModeRule.java:process(124)) - SCM in safe mode. Healthy pipelines reported count is 0, required healthy pipeline reported count is 1
2022-06-25 01:03:05,622 [EventQueue-OpenPipelineForHealthyPipelineSafeModeRule] INFO  safemode.SCMSafeModeManager (HealthyPipelineSafeModeRule.java:process(124)) - SCM in safe mode. Healthy pipelines reported count is 0, required healthy pipeline reported count is 1
2022-06-25 01:03:05,640 [EventQueue-OpenPipelineForHealthyPipelineSafeModeRule] INFO  safemode.SCMSafeModeManager (HealthyPipelineSafeModeRule.java:process(124)) - SCM in safe mode. Healthy pipelines reported count is 0, required healthy pipeline reported count is 1
2022-06-25 01:03:05,999 [Listener at 127.0.0.1/39125] INFO  ozone.MiniOzoneClusterImpl (MiniOzoneClusterImpl.java:lambda$waitForClusterToBeReady$0(223)) - Nodes are ready. Got 6 of 6 DN Heartbeats.
2022-06-25 01:03:05,999 [Listener at 127.0.0.1/39125] INFO  ozone.MiniOzoneClusterImpl (MiniOzoneClusterImpl.java:lambda$waitForClusterToBeReady$0(226)) - Waiting for cluster to exit safe mode
2022-06-25 01:03:05,999 [Listener at 127.0.0.1/39125] INFO  ozone.MiniOzoneClusterImpl (MiniOzoneClusterImpl.java:lambda$waitForClusterToBeReady$0(228)) - SCM became leader
2022-06-25 01:03:06,050 [EventQueue-OpenPipelineForHealthyPipelineSafeModeRule] INFO  safemode.SCMSafeModeManager (HealthyPipelineSafeModeRule.java:process(124)) - SCM in safe mode. Healthy pipelines reported count is 0, required healthy pipeline reported count is 1
2022-06-25 01:03:06,179 [ReplicationMonitor] INFO  replication.ReplicationManager (ReplicationManager.java:processAll(228)) - Replication Manager is not ready to run until 3000ms after safemode exit
2022-06-25 01:03:06,620 [EventQueue-OpenPipelineForHealthyPipelineSafeModeRule] INFO  safemode.SCMSafeModeManager (HealthyPipelineSafeModeRule.java:process(124)) - SCM in safe mode. Healthy pipelines reported count is 0, required healthy pipeline reported count is 1
2022-06-25 01:03:06,908 [EventQueue-OpenPipelineForHealthyPipelineSafeModeRule] INFO  safemode.SCMSafeModeManager (HealthyPipelineSafeModeRule.java:process(124)) - SCM in safe mode. Healthy pipelines reported count is 0, required healthy pipeline reported count is 1
2022-06-25 01:03:06,999 [Listener at 127.0.0.1/39125] INFO  ozone.MiniOzoneClusterImpl (MiniOzoneClusterImpl.java:lambda$waitForClusterToBeReady$0(223)) - Nodes are ready. Got 6 of 6 DN Heartbeats.
2022-06-25 01:03:06,999 [Listener at 127.0.0.1/39125] INFO  ozone.MiniOzoneClusterImpl (MiniOzoneClusterImpl.java:lambda$waitForClusterToBeReady$0(226)) - Waiting for cluster to exit safe mode
2022-06-25 01:03:06,999 [Listener at 127.0.0.1/39125] INFO  ozone.MiniOzoneClusterImpl (MiniOzoneClusterImpl.java:lambda$waitForClusterToBeReady$0(228)) - SCM became leader
2022-06-25 01:03:07,050 [EventQueue-OpenPipelineForHealthyPipelineSafeModeRule] INFO  safemode.SCMSafeModeManager (HealthyPipelineSafeModeRule.java:process(124)) - SCM in safe mode. Healthy pipelines reported count is 0, required healthy pipeline reported count is 1
2022-06-25 01:03:07,067 [EventQueue-OpenPipelineForHealthyPipelineSafeModeRule] INFO  safemode.SCMSafeModeManager (HealthyPipelineSafeModeRule.java:process(124)) - SCM in safe mode. Healthy pipelines reported count is 0, required healthy pipeline reported count is 1
2022-06-25 01:03:07,179 [ReplicationMonitor] INFO  replication.ReplicationManager (ReplicationManager.java:processAll(228)) - Replication Manager is not ready to run until 3000ms after safemode exit
2022-06-25 01:03:07,300 [EventQueue-OpenPipelineForHealthyPipelineSafeModeRule] INFO  safemode.SCMSafeModeManager (HealthyPipelineSafeModeRule.java:process(124)) - SCM in safe mode. Healthy pipelines reported count is 0, required healthy pipeline reported count is 1
2022-06-25 01:03:07,620 [EventQueue-OpenPipelineForHealthyPipelineSafeModeRule] INFO  safemode.SCMSafeModeManager (HealthyPipelineSafeModeRule.java:process(124)) - SCM in safe mode. Healthy pipelines reported count is 0, required healthy pipeline reported count is 1
2022-06-25 01:03:07,640 [EventQueue-OpenPipelineForHealthyPipelineSafeModeRule] INFO  safemode.SCMSafeModeManager (HealthyPipelineSafeModeRule.java:process(124)) - SCM in safe mode. Healthy pipelines reported count is 0, required healthy pipeline reported count is 1
2022-06-25 01:03:08,000 [Listener at 127.0.0.1/39125] INFO  ozone.MiniOzoneClusterImpl (MiniOzoneClusterImpl.java:lambda$waitForClusterToBeReady$0(223)) - Nodes are ready. Got 6 of 6 DN Heartbeats.
2022-06-25 01:03:08,000 [Listener at 127.0.0.1/39125] INFO  ozone.MiniOzoneClusterImpl (MiniOzoneClusterImpl.java:lambda$waitForClusterToBeReady$0(226)) - Waiting for cluster to exit safe mode
2022-06-25 01:03:08,000 [Listener at 127.0.0.1/39125] INFO  ozone.MiniOzoneClusterImpl (MiniOzoneClusterImpl.java:lambda$waitForClusterToBeReady$0(228)) - SCM became leader
2022-06-25 01:03:08,067 [EventQueue-OpenPipelineForHealthyPipelineSafeModeRule] INFO  safemode.SCMSafeModeManager (HealthyPipelineSafeModeRule.java:process(124)) - SCM in safe mode. Healthy pipelines reported count is 0, required healthy pipeline reported count is 1
2022-06-25 01:03:08,180 [ReplicationMonitor] INFO  replication.ReplicationManager (ReplicationManager.java:processAll(228)) - Replication Manager is not ready to run until 3000ms after safemode exit
2022-06-25 01:03:08,182 [c48feabb-8c37-49df-8552-4f20ff63b661@group-30476ABC684A-FollowerState] INFO  impl.FollowerState (FollowerState.java:run(143)) - c48feabb-8c37-49df-8552-4f20ff63b661@group-30476ABC684A-FollowerState: change to CANDIDATE, lastRpcElapsedTime:5155789190ns, electionTimeout:5144ms
2022-06-25 01:03:08,182 [c48feabb-8c37-49df-8552-4f20ff63b661@group-30476ABC684A-FollowerState] INFO  impl.RoleInfo (RoleInfo.java:shutdownFollowerState(110)) - c48feabb-8c37-49df-8552-4f20ff63b661: shutdown c48feabb-8c37-49df-8552-4f20ff63b661@group-30476ABC684A-FollowerState
2022-06-25 01:03:08,182 [c48feabb-8c37-49df-8552-4f20ff63b661@group-30476ABC684A-FollowerState] INFO  server.RaftServer$Division (RaftServerImpl.java:setRole(299)) - c48feabb-8c37-49df-8552-4f20ff63b661@group-30476ABC684A: changes role from  FOLLOWER to CANDIDATE at term 0 for changeToCandidate
2022-06-25 01:03:08,182 [c48feabb-8c37-49df-8552-4f20ff63b661@group-30476ABC684A-FollowerState] INFO  server.RaftServerConfigKeys (ConfUtils.java:logGet(46)) - raft.server.leaderelection.pre-vote = false (custom)
2022-06-25 01:03:08,182 [c48feabb-8c37-49df-8552-4f20ff63b661@group-30476ABC684A-FollowerState] INFO  impl.RoleInfo (RoleInfo.java:updateAndGet(139)) - c48feabb-8c37-49df-8552-4f20ff63b661: start c48feabb-8c37-49df-8552-4f20ff63b661@group-30476ABC684A-LeaderElection2
2022-06-25 01:03:08,186 [c48feabb-8c37-49df-8552-4f20ff63b661@group-30476ABC684A-LeaderElection2] INFO  impl.LeaderElection (LeaderElection.java:askForVotes(310)) - c48feabb-8c37-49df-8552-4f20ff63b661@group-30476ABC684A-LeaderElection2 ELECTION round 0: submit vote requests at term 1 for -1: [c48feabb-8c37-49df-8552-4f20ff63b661|rpc:10.1.0.8:40341|priority:1], old=null
2022-06-25 01:03:08,186 [c48feabb-8c37-49df-8552-4f20ff63b661@group-30476ABC684A-LeaderElection2] INFO  impl.LeaderElection (LeaderElection.java:askForVotes(312)) - c48feabb-8c37-49df-8552-4f20ff63b661@group-30476ABC684A-LeaderElection2 ELECTION round 0: result PASSED (term=1)
2022-06-25 01:03:08,186 [c48feabb-8c37-49df-8552-4f20ff63b661@group-30476ABC684A-LeaderElection2] INFO  impl.RoleInfo (RoleInfo.java:shutdownLeaderElection(130)) - c48feabb-8c37-49df-8552-4f20ff63b661: shutdown c48feabb-8c37-49df-8552-4f20ff63b661@group-30476ABC684A-LeaderElection2
2022-06-25 01:03:08,187 [c48feabb-8c37-49df-8552-4f20ff63b661@group-30476ABC684A-LeaderElection2] INFO  server.RaftServer$Division (RaftServerImpl.java:setRole(299)) - c48feabb-8c37-49df-8552-4f20ff63b661@group-30476ABC684A: changes role from CANDIDATE to LEADER at term 1 for changeToLeader
2022-06-25 01:03:08,187 [c48feabb-8c37-49df-8552-4f20ff63b661@group-30476ABC684A-LeaderElection2] INFO  ratis.XceiverServerRatis (XceiverServerRatis.java:handleLeaderChangedNotification(863)) - Leader change notification received for group: group-30476ABC684A with new leaderId: c48feabb-8c37-49df-8552-4f20ff63b661
2022-06-25 01:03:08,187 [c48feabb-8c37-49df-8552-4f20ff63b661@group-30476ABC684A-LeaderElection2] INFO  server.RaftServer$Division (ServerState.java:setLeader(287)) - c48feabb-8c37-49df-8552-4f20ff63b661@group-30476ABC684A: change Leader from null to c48feabb-8c37-49df-8552-4f20ff63b661 at term 1 for becomeLeader, leader elected after 5182ms
2022-06-25 01:03:08,187 [c48feabb-8c37-49df-8552-4f20ff63b661@group-30476ABC684A-LeaderElection2] INFO  server.RaftServerConfigKeys (ConfUtils.java:logGet(46)) - raft.server.staging.catchup.gap = 1000 (default)
2022-06-25 01:03:08,188 [c48feabb-8c37-49df-8552-4f20ff63b661@group-30476ABC684A-LeaderElection2] INFO  server.RaftServerConfigKeys (ConfUtils.java:logGet(46)) - raft.server.write.element-limit = 1024 (custom)
2022-06-25 01:03:08,189 [EventQueue-OpenPipelineForHealthyPipelineSafeModeRule] INFO  safemode.SCMSafeModeManager (HealthyPipelineSafeModeRule.java:process(124)) - SCM in safe mode. Healthy pipelines reported count is 0, required healthy pipeline reported count is 1
2022-06-25 01:03:08,189 [c48feabb-8c37-49df-8552-4f20ff63b661@group-30476ABC684A-LeaderElection2] INFO  server.RaftServerConfigKeys (ConfUtils.java:logGet(46)) - raft.server.write.byte-limit = 1024 M (=1073741824) (custom)
2022-06-25 01:03:08,189 [c48feabb-8c37-49df-8552-4f20ff63b661@group-30476ABC684A-LeaderElection2] INFO  server.RaftServerConfigKeys (ConfUtils.java:logGet(46)) - raft.server.watch.timeout = 180s (custom)
2022-06-25 01:03:08,189 [c48feabb-8c37-49df-8552-4f20ff63b661@group-30476ABC684A-LeaderElection2] INFO  server.RaftServerConfigKeys (ConfUtils.java:logGet(46)) - raft.server.watch.timeout.denomination = 1s (default)
2022-06-25 01:03:08,190 [c48feabb-8c37-49df-8552-4f20ff63b661@group-30476ABC684A-LeaderElection2] INFO  server.RaftServerConfigKeys (ConfUtils.java:logGet(46)) - raft.server.watch.element-limit = 65536 (default)
2022-06-25 01:03:08,190 [c48feabb-8c37-49df-8552-4f20ff63b661@group-30476ABC684A-LeaderElection2] INFO  server.RaftServerConfigKeys (ConfUtils.java:logGet(46)) - raft.server.write.element-limit = 1024 (custom)
2022-06-25 01:03:08,190 [c48feabb-8c37-49df-8552-4f20ff63b661@group-30476ABC684A-LeaderElection2] INFO  server.RaftServerConfigKeys (ConfUtils.java:logGet(46)) - raft.server.write.follower.gap.ratio.max = -1.0 (default)
2022-06-25 01:03:08,190 [c48feabb-8c37-49df-8552-4f20ff63b661@group-30476ABC684A-LeaderElection2] INFO  impl.RoleInfo (RoleInfo.java:updateAndGet(139)) - c48feabb-8c37-49df-8552-4f20ff63b661: start c48feabb-8c37-49df-8552-4f20ff63b661@group-30476ABC684A-LeaderStateImpl
2022-06-25 01:03:08,190 [c48feabb-8c37-49df-8552-4f20ff63b661@group-30476ABC684A-LeaderElection2] INFO  segmented.SegmentedRaftLogWorker (SegmentedRaftLogWorker.java:startLogSegment(425)) - c48feabb-8c37-49df-8552-4f20ff63b661@group-30476ABC684A-SegmentedRaftLogWorker: Starting segment from index:0
2022-06-25 01:03:08,192 [c48feabb-8c37-49df-8552-4f20ff63b661@group-30476ABC684A-SegmentedRaftLogWorker] INFO  segmented.SegmentedRaftLogWorker (SegmentedRaftLogWorker.java:execute(629)) - c48feabb-8c37-49df-8552-4f20ff63b661@group-30476ABC684A-SegmentedRaftLogWorker: created new log segment /home/runner/work/ozone/ozone/hadoop-ozone/integration-test/target/test-dir/MiniOzoneClusterImpl-c4196b3a-7304-418b-bc70-42ac552e857c/datanode-0/data/ratis/984b5e53-71f1-444b-b60e-30476abc684a/current/log_inprogress_0
2022-06-25 01:03:08,203 [c48feabb-8c37-49df-8552-4f20ff63b661@group-30476ABC684A-LeaderElection2] INFO  server.RaftServer$Division (ServerState.java:setRaftConf(393)) - c48feabb-8c37-49df-8552-4f20ff63b661@group-30476ABC684A: set configuration 0: [c48feabb-8c37-49df-8552-4f20ff63b661|rpc:10.1.0.8:40341|dataStream:|priority:1], old=null
2022-06-25 01:03:08,203 [c48feabb-8c37-49df-8552-4f20ff63b661@group-15F02B6BCB68-FollowerState] INFO  impl.FollowerState (FollowerState.java:run(143)) - c48feabb-8c37-49df-8552-4f20ff63b661@group-15F02B6BCB68-FollowerState: change to CANDIDATE, lastRpcElapsedTime:5142152045ns, electionTimeout:5121ms
2022-06-25 01:03:08,205 [c48feabb-8c37-49df-8552-4f20ff63b661@group-15F02B6BCB68-FollowerState] INFO  impl.RoleInfo (RoleInfo.java:shutdownFollowerState(110)) - c48feabb-8c37-49df-8552-4f20ff63b661: shutdown c48feabb-8c37-49df-8552-4f20ff63b661@group-15F02B6BCB68-FollowerState
2022-06-25 01:03:08,205 [c48feabb-8c37-49df-8552-4f20ff63b661@group-15F02B6BCB68-FollowerState] INFO  server.RaftServer$Division (RaftServerImpl.java:setRole(299)) - c48feabb-8c37-49df-8552-4f20ff63b661@group-15F02B6BCB68: changes role from  FOLLOWER to CANDIDATE at term 0 for changeToCandidate
2022-06-25 01:03:08,205 [c48feabb-8c37-49df-8552-4f20ff63b661@group-15F02B6BCB68-FollowerState] INFO  server.RaftServerConfigKeys (ConfUtils.java:logGet(46)) - raft.server.leaderelection.pre-vote = false (custom)
2022-06-25 01:03:08,205 [c48feabb-8c37-49df-8552-4f20ff63b661@group-15F02B6BCB68-FollowerState] INFO  impl.RoleInfo (RoleInfo.java:updateAndGet(139)) - c48feabb-8c37-49df-8552-4f20ff63b661: start c48feabb-8c37-49df-8552-4f20ff63b661@group-15F02B6BCB68-LeaderElection3
2022-06-25 01:03:08,211 [c48feabb-8c37-49df-8552-4f20ff63b661@group-15F02B6BCB68-LeaderElection3] INFO  impl.LeaderElection (LeaderElection.java:askForVotes(310)) - c48feabb-8c37-49df-8552-4f20ff63b661@group-15F02B6BCB68-LeaderElection3 ELECTION round 0: submit vote requests at term 1 for -1: [9603e1cc-a61d-4021-a0fc-b8ccd0a3aeb5|rpc:10.1.0.8:46353|priority:1, c19fc8e0-326e-4773-b88f-3f9b256b9096|rpc:10.1.0.8:33079|priority:0, c48feabb-8c37-49df-8552-4f20ff63b661|rpc:10.1.0.8:40341|priority:0], old=null
2022-06-25 01:03:08,243 [grpc-default-executor-0] INFO  server.RaftServer$Division (RaftServerImpl.java:requestVote(1152)) - c19fc8e0-326e-4773-b88f-3f9b256b9096@group-15F02B6BCB68: receive requestVote(ELECTION, c48feabb-8c37-49df-8552-4f20ff63b661, group-15F02B6BCB68, 1, (t:0, i:0))
2022-06-25 01:03:08,244 [grpc-default-executor-1] INFO  server.RaftServer$Division (RaftServerImpl.java:requestVote(1152)) - 9603e1cc-a61d-4021-a0fc-b8ccd0a3aeb5@group-15F02B6BCB68: receive requestVote(ELECTION, c48feabb-8c37-49df-8552-4f20ff63b661, group-15F02B6BCB68, 1, (t:0, i:0))
2022-06-25 01:03:08,245 [grpc-default-executor-1] INFO  impl.VoteContext (VoteContext.java:log(48)) - 9603e1cc-a61d-4021-a0fc-b8ccd0a3aeb5@group-15F02B6BCB68-FOLLOWER: reject ELECTION from c48feabb-8c37-49df-8552-4f20ff63b661: our priority 1 > candidate's priority 0
2022-06-25 01:03:08,246 [grpc-default-executor-1] INFO  server.RaftServer$Division (RaftServerImpl.java:setRole(299)) - 9603e1cc-a61d-4021-a0fc-b8ccd0a3aeb5@group-15F02B6BCB68: changes role from  FOLLOWER to FOLLOWER at term 1 for candidate:c48feabb-8c37-49df-8552-4f20ff63b661
2022-06-25 01:03:08,246 [grpc-default-executor-1] INFO  impl.RoleInfo (RoleInfo.java:shutdownFollowerState(110)) - 9603e1cc-a61d-4021-a0fc-b8ccd0a3aeb5: shutdown 9603e1cc-a61d-4021-a0fc-b8ccd0a3aeb5@group-15F02B6BCB68-FollowerState
2022-06-25 01:03:08,246 [grpc-default-executor-1] INFO  impl.RoleInfo (RoleInfo.java:updateAndGet(139)) - 9603e1cc-a61d-4021-a0fc-b8ccd0a3aeb5: start 9603e1cc-a61d-4021-a0fc-b8ccd0a3aeb5@group-15F02B6BCB68-FollowerState
2022-06-25 01:03:08,246 [9603e1cc-a61d-4021-a0fc-b8ccd0a3aeb5@group-15F02B6BCB68-FollowerState] INFO  impl.FollowerState (FollowerState.java:run(152)) - 9603e1cc-a61d-4021-a0fc-b8ccd0a3aeb5@group-15F02B6BCB68-FollowerState was interrupted
2022-06-25 01:03:08,246 [grpc-default-executor-0] INFO  impl.VoteContext (VoteContext.java:log(48)) - c19fc8e0-326e-4773-b88f-3f9b256b9096@group-15F02B6BCB68-FOLLOWER: accept ELECTION from c48feabb-8c37-49df-8552-4f20ff63b661: our priority 0 <= candidate's priority 0
2022-06-25 01:03:08,251 [grpc-default-executor-0] INFO  server.RaftServer$Division (RaftServerImpl.java:setRole(299)) - c19fc8e0-326e-4773-b88f-3f9b256b9096@group-15F02B6BCB68: changes role from  FOLLOWER to FOLLOWER at term 1 for candidate:c48feabb-8c37-49df-8552-4f20ff63b661
2022-06-25 01:03:08,251 [grpc-default-executor-0] INFO  impl.RoleInfo (RoleInfo.java:shutdownFollowerState(110)) - c19fc8e0-326e-4773-b88f-3f9b256b9096: shutdown c19fc8e0-326e-4773-b88f-3f9b256b9096@group-15F02B6BCB68-FollowerState
2022-06-25 01:03:08,251 [c19fc8e0-326e-4773-b88f-3f9b256b9096@group-15F02B6BCB68-FollowerState] INFO  impl.FollowerState (FollowerState.java:run(152)) - c19fc8e0-326e-4773-b88f-3f9b256b9096@group-15F02B6BCB68-FollowerState was interrupted
2022-06-25 01:03:08,251 [grpc-default-executor-0] INFO  impl.RoleInfo (RoleInfo.java:updateAndGet(139)) - c19fc8e0-326e-4773-b88f-3f9b256b9096: start c19fc8e0-326e-4773-b88f-3f9b256b9096@group-15F02B6BCB68-FollowerState
2022-06-25 01:03:08,259 [grpc-default-executor-1] INFO  server.RaftServer$Division (RaftServerImpl.java:requestVote(1184)) - 9603e1cc-a61d-4021-a0fc-b8ccd0a3aeb5@group-15F02B6BCB68 replies to ELECTION vote request: c48feabb-8c37-49df-8552-4f20ff63b661<-9603e1cc-a61d-4021-a0fc-b8ccd0a3aeb5#0:FAIL-t1. Peer's state: 9603e1cc-a61d-4021-a0fc-b8ccd0a3aeb5@group-15F02B6BCB68:t1, leader=null, voted=null, raftlog=9603e1cc-a61d-4021-a0fc-b8ccd0a3aeb5@group-15F02B6BCB68-SegmentedRaftLog:OPENED:c-1, conf=-1: [9603e1cc-a61d-4021-a0fc-b8ccd0a3aeb5|rpc:10.1.0.8:46353|priority:1, c19fc8e0-326e-4773-b88f-3f9b256b9096|rpc:10.1.0.8:33079|priority:0, c48feabb-8c37-49df-8552-4f20ff63b661|rpc:10.1.0.8:40341|priority:0], old=null
2022-06-25 01:03:08,259 [grpc-default-executor-0] INFO  server.RaftServer$Division (RaftServerImpl.java:requestVote(1184)) - c19fc8e0-326e-4773-b88f-3f9b256b9096@group-15F02B6BCB68 replies to ELECTION vote request: c48feabb-8c37-49df-8552-4f20ff63b661<-c19fc8e0-326e-4773-b88f-3f9b256b9096#0:OK-t1. Peer's state: c19fc8e0-326e-4773-b88f-3f9b256b9096@group-15F02B6BCB68:t1, leader=null, voted=c48feabb-8c37-49df-8552-4f20ff63b661, raftlog=c19fc8e0-326e-4773-b88f-3f9b256b9096@group-15F02B6BCB68-SegmentedRaftLog:OPENED:c-1, conf=-1: [9603e1cc-a61d-4021-a0fc-b8ccd0a3aeb5|rpc:10.1.0.8:46353|dataStream:|priority:1, c19fc8e0-326e-4773-b88f-3f9b256b9096|rpc:10.1.0.8:33079|dataStream:|priority:0, c48feabb-8c37-49df-8552-4f20ff63b661|rpc:10.1.0.8:40341|dataStream:|priority:0], old=null
2022-06-25 01:03:08,267 [c48feabb-8c37-49df-8552-4f20ff63b661@group-15F02B6BCB68-LeaderElection3] INFO  impl.LeaderElection (LeaderElection.java:logAndReturn(90)) - c48feabb-8c37-49df-8552-4f20ff63b661@group-15F02B6BCB68-LeaderElection3: ELECTION REJECTED received 2 response(s) and 0 exception(s):
2022-06-25 01:03:08,268 [c48feabb-8c37-49df-8552-4f20ff63b661@group-15F02B6BCB68-LeaderElection3] INFO  impl.LeaderElection (LeaderElection.java:logAndReturn(94)) -   Response 0: c48feabb-8c37-49df-8552-4f20ff63b661<-9603e1cc-a61d-4021-a0fc-b8ccd0a3aeb5#0:FAIL-t1
2022-06-25 01:03:08,268 [c48feabb-8c37-49df-8552-4f20ff63b661@group-15F02B6BCB68-LeaderElection3] INFO  impl.LeaderElection (LeaderElection.java:logAndReturn(94)) -   Response 1: c48feabb-8c37-49df-8552-4f20ff63b661<-c19fc8e0-326e-4773-b88f-3f9b256b9096#0:OK-t1
2022-06-25 01:03:08,268 [c48feabb-8c37-49df-8552-4f20ff63b661@group-15F02B6BCB68-LeaderElection3] INFO  impl.LeaderElection (LeaderElection.java:askForVotes(312)) - c48feabb-8c37-49df-8552-4f20ff63b661@group-15F02B6BCB68-LeaderElection3 ELECTION round 0: result REJECTED
2022-06-25 01:03:08,268 [c48feabb-8c37-49df-8552-4f20ff63b661@group-15F02B6BCB68-LeaderElection3] INFO  server.RaftServer$Division (RaftServerImpl.java:setRole(299)) - c48feabb-8c37-49df-8552-4f20ff63b661@group-15F02B6BCB68: changes role from CANDIDATE to FOLLOWER at term 1 for REJECTED
2022-06-25 01:03:08,268 [c48feabb-8c37-49df-8552-4f20ff63b661@group-15F02B6BCB68-LeaderElection3] INFO  impl.RoleInfo (RoleInfo.java:shutdownLeaderElection(130)) - c48feabb-8c37-49df-8552-4f20ff63b661: shutdown c48feabb-8c37-49df-8552-4f20ff63b661@group-15F02B6BCB68-LeaderElection3
2022-06-25 01:03:08,268 [c48feabb-8c37-49df-8552-4f20ff63b661@group-15F02B6BCB68-LeaderElection3] INFO  impl.RoleInfo (RoleInfo.java:updateAndGet(139)) - c48feabb-8c37-49df-8552-4f20ff63b661: start c48feabb-8c37-49df-8552-4f20ff63b661@group-15F02B6BCB68-FollowerState
2022-06-25 01:03:08,300 [EventQueue-OpenPipelineForHealthyPipelineSafeModeRule] INFO  safemode.SCMSafeModeManager (HealthyPipelineSafeModeRule.java:process(124)) - SCM in safe mode. Healthy pipelines reported count is 0, required healthy pipeline reported count is 1
2022-06-25 01:03:08,709 [9603e1cc-a61d-4021-a0fc-b8ccd0a3aeb5@group-EBC77BA5ECA6-FollowerState] INFO  impl.FollowerState (FollowerState.java:run(143)) - 9603e1cc-a61d-4021-a0fc-b8ccd0a3aeb5@group-EBC77BA5ECA6-FollowerState: change to CANDIDATE, lastRpcElapsedTime:5133340230ns, electionTimeout:5119ms
2022-06-25 01:03:08,710 [9603e1cc-a61d-4021-a0fc-b8ccd0a3aeb5@group-EBC77BA5ECA6-FollowerState] INFO  impl.RoleInfo (RoleInfo.java:shutdownFollowerState(110)) - 9603e1cc-a61d-4021-a0fc-b8ccd0a3aeb5: shutdown 9603e1cc-a61d-4021-a0fc-b8ccd0a3aeb5@group-EBC77BA5ECA6-FollowerState
2022-06-25 01:03:08,710 [9603e1cc-a61d-4021-a0fc-b8ccd0a3aeb5@group-EBC77BA5ECA6-FollowerState] INFO  server.RaftServer$Division (RaftServerImpl.java:setRole(299)) - 9603e1cc-a61d-4021-a0fc-b8ccd0a3aeb5@group-EBC77BA5ECA6: changes role from  FOLLOWER to CANDIDATE at term 0 for changeToCandidate
2022-06-25 01:03:08,710 [9603e1cc-a61d-4021-a0fc-b8ccd0a3aeb5@group-EBC77BA5ECA6-FollowerState] INFO  server.RaftServerConfigKeys (ConfUtils.java:logGet(46)) - raft.server.leaderelection.pre-vote = false (custom)
2022-06-25 01:03:08,710 [9603e1cc-a61d-4021-a0fc-b8ccd0a3aeb5@group-EBC77BA5ECA6-FollowerState] INFO  impl.RoleInfo (RoleInfo.java:updateAndGet(139)) - 9603e1cc-a61d-4021-a0fc-b8ccd0a3aeb5: start 9603e1cc-a61d-4021-a0fc-b8ccd0a3aeb5@group-EBC77BA5ECA6-LeaderElection4
2022-06-25 01:03:08,715 [9603e1cc-a61d-4021-a0fc-b8ccd0a3aeb5@group-EBC77BA5ECA6-LeaderElection4] INFO  impl.LeaderElection (LeaderElection.java:askForVotes(310)) - 9603e1cc-a61d-4021-a0fc-b8ccd0a3aeb5@group-EBC77BA5ECA6-LeaderElection4 ELECTION round 0: submit vote requests at term 1 for -1: [9603e1cc-a61d-4021-a0fc-b8ccd0a3aeb5|rpc:10.1.0.8:46353|priority:1], old=null
2022-06-25 01:03:08,715 [9603e1cc-a61d-4021-a0fc-b8ccd0a3aeb5@group-EBC77BA5ECA6-LeaderElection4] INFO  impl.LeaderElection (LeaderElection.java:askForVotes(312)) - 9603e1cc-a61d-4021-a0fc-b8ccd0a3aeb5@group-EBC77BA5ECA6-LeaderElection4 ELECTION round 0: result PASSED (term=1)
2022-06-25 01:03:08,715 [9603e1cc-a61d-4021-a0fc-b8ccd0a3aeb5@group-EBC77BA5ECA6-LeaderElection4] INFO  impl.RoleInfo (RoleInfo.java:shutdownLeaderElection(130)) - 9603e1cc-a61d-4021-a0fc-b8ccd0a3aeb5: shutdown 9603e1cc-a61d-4021-a0fc-b8ccd0a3aeb5@group-EBC77BA5ECA6-LeaderElection4
2022-06-25 01:03:08,715 [9603e1cc-a61d-4021-a0fc-b8ccd0a3aeb5@group-EBC77BA5ECA6-LeaderElection4] INFO  server.RaftServer$Division (RaftServerImpl.java:setRole(299)) - 9603e1cc-a61d-4021-a0fc-b8ccd0a3aeb5@group-EBC77BA5ECA6: changes role from CANDIDATE to LEADER at term 1 for changeToLeader
2022-06-25 01:03:08,716 [9603e1cc-a61d-4021-a0fc-b8ccd0a3aeb5@group-EBC77BA5ECA6-LeaderElection4] INFO  ratis.XceiverServerRatis (XceiverServerRatis.java:handleLeaderChangedNotification(863)) - Leader change notification received for group: group-EBC77BA5ECA6 with new leaderId: 9603e1cc-a61d-4021-a0fc-b8ccd0a3aeb5
2022-06-25 01:03:08,716 [9603e1cc-a61d-4021-a0fc-b8ccd0a3aeb5@group-EBC77BA5ECA6-LeaderElection4] INFO  server.RaftServer$Division (ServerState.java:setLeader(287)) - 9603e1cc-a61d-4021-a0fc-b8ccd0a3aeb5@group-EBC77BA5ECA6: change Leader from null to 9603e1cc-a61d-4021-a0fc-b8ccd0a3aeb5 at term 1 for becomeLeader, leader elected after 5172ms
2022-06-25 01:03:08,716 [9603e1cc-a61d-4021-a0fc-b8ccd0a3aeb5@group-EBC77BA5ECA6-LeaderElection4] INFO  server.RaftServerConfigKeys (ConfUtils.java:logGet(46)) - raft.server.staging.catchup.gap = 1000 (default)
2022-06-25 01:03:08,717 [9603e1cc-a61d-4021-a0fc-b8ccd0a3aeb5@group-EBC77BA5ECA6-LeaderElection4] INFO  server.RaftServerConfigKeys (ConfUtils.java:logGet(46)) - raft.server.write.element-limit = 1024 (custom)
2022-06-25 01:03:08,717 [9603e1cc-a61d-4021-a0fc-b8ccd0a3aeb5@group-EBC77BA5ECA6-LeaderElection4] INFO  server.RaftServerConfigKeys (ConfUtils.java:logGet(46)) - raft.server.write.byte-limit = 1024 M (=1073741824) (custom)
2022-06-25 01:03:08,717 [9603e1cc-a61d-4021-a0fc-b8ccd0a3aeb5@group-EBC77BA5ECA6-LeaderElection4] INFO  server.RaftServerConfigKeys (ConfUtils.java:logGet(46)) - raft.server.watch.timeout = 180s (custom)
2022-06-25 01:03:08,717 [9603e1cc-a61d-4021-a0fc-b8ccd0a3aeb5@group-EBC77BA5ECA6-LeaderElection4] INFO  server.RaftServerConfigKeys (ConfUtils.java:logGet(46)) - raft.server.watch.timeout.denomination = 1s (default)
2022-06-25 01:03:08,717 [9603e1cc-a61d-4021-a0fc-b8ccd0a3aeb5@group-EBC77BA5ECA6-LeaderElection4] INFO  server.RaftServerConfigKeys (ConfUtils.java:logGet(46)) - raft.server.watch.element-limit = 65536 (default)
2022-06-25 01:03:08,718 [9603e1cc-a61d-4021-a0fc-b8ccd0a3aeb5@group-EBC77BA5ECA6-LeaderElection4] INFO  server.RaftServerConfigKeys (ConfUtils.java:logGet(46)) - raft.server.write.element-limit = 1024 (custom)
2022-06-25 01:03:08,718 [9603e1cc-a61d-4021-a0fc-b8ccd0a3aeb5@group-EBC77BA5ECA6-LeaderElection4] INFO  server.RaftServerConfigKeys (ConfUtils.java:logGet(46)) - raft.server.write.follower.gap.ratio.max = -1.0 (default)
2022-06-25 01:03:08,718 [EventQueue-OpenPipelineForHealthyPipelineSafeModeRule] INFO  safemode.SCMSafeModeManager (HealthyPipelineSafeModeRule.java:process(124)) - SCM in safe mode. Healthy pipelines reported count is 0, required healthy pipeline reported count is 1
2022-06-25 01:03:08,718 [9603e1cc-a61d-4021-a0fc-b8ccd0a3aeb5@group-EBC77BA5ECA6-LeaderElection4] INFO  impl.RoleInfo (RoleInfo.java:updateAndGet(139)) - 9603e1cc-a61d-4021-a0fc-b8ccd0a3aeb5: start 9603e1cc-a61d-4021-a0fc-b8ccd0a3aeb5@group-EBC77BA5ECA6-LeaderStateImpl
2022-06-25 01:03:08,718 [9603e1cc-a61d-4021-a0fc-b8ccd0a3aeb5@group-EBC77BA5ECA6-LeaderElection4] INFO  segmented.SegmentedRaftLogWorker (SegmentedRaftLogWorker.java:startLogSegment(425)) - 9603e1cc-a61d-4021-a0fc-b8ccd0a3aeb5@group-EBC77BA5ECA6-SegmentedRaftLogWorker: Starting segment from index:0
2022-06-25 01:03:08,722 [9603e1cc-a61d-4021-a0fc-b8ccd0a3aeb5@group-EBC77BA5ECA6-LeaderElection4] INFO  server.RaftServer$Division (ServerState.java:setRaftConf(393)) - 9603e1cc-a61d-4021-a0fc-b8ccd0a3aeb5@group-EBC77BA5ECA6: set configuration 0: [9603e1cc-a61d-4021-a0fc-b8ccd0a3aeb5|rpc:10.1.0.8:46353|dataStream:|priority:1], old=null
2022-06-25 01:03:08,724 [9603e1cc-a61d-4021-a0fc-b8ccd0a3aeb5@group-EBC77BA5ECA6-SegmentedRaftLogWorker] INFO  segmented.SegmentedRaftLogWorker (SegmentedRaftLogWorker.java:execute(629)) - 9603e1cc-a61d-4021-a0fc-b8ccd0a3aeb5@group-EBC77BA5ECA6-SegmentedRaftLogWorker: created new log segment /home/runner/work/ozone/ozone/hadoop-ozone/integration-test/target/test-dir/MiniOzoneClusterImpl-c4196b3a-7304-418b-bc70-42ac552e857c/datanode-1/data/ratis/14fbd14a-b8c2-4702-b8e4-ebc77ba5eca6/current/log_inprogress_0
2022-06-25 01:03:08,909 [EventQueue-OpenPipelineForHealthyPipelineSafeModeRule] INFO  safemode.SCMSafeModeManager (HealthyPipelineSafeModeRule.java:process(124)) - SCM in safe mode. Healthy pipelines reported count is 0, required healthy pipeline reported count is 1
2022-06-25 01:03:09,000 [Listener at 127.0.0.1/39125] INFO  ozone.MiniOzoneClusterImpl (MiniOzoneClusterImpl.java:lambda$waitForClusterToBeReady$0(223)) - Nodes are ready. Got 6 of 6 DN Heartbeats.
2022-06-25 01:03:09,000 [Listener at 127.0.0.1/39125] INFO  ozone.MiniOzoneClusterImpl (MiniOzoneClusterImpl.java:lambda$waitForClusterToBeReady$0(226)) - Waiting for cluster to exit safe mode
2022-06-25 01:03:09,000 [Listener at 127.0.0.1/39125] INFO  ozone.MiniOzoneClusterImpl (MiniOzoneClusterImpl.java:lambda$waitForClusterToBeReady$0(228)) - SCM became leader
2022-06-25 01:03:09,100 [c19fc8e0-326e-4773-b88f-3f9b256b9096@group-5E753CC62F0A-FollowerState] INFO  impl.FollowerState (FollowerState.java:run(143)) - c19fc8e0-326e-4773-b88f-3f9b256b9096@group-5E753CC62F0A-FollowerState: change to CANDIDATE, lastRpcElapsedTime:5179348493ns, electionTimeout:5178ms
2022-06-25 01:03:09,100 [c19fc8e0-326e-4773-b88f-3f9b256b9096@group-5E753CC62F0A-FollowerState] INFO  impl.RoleInfo (RoleInfo.java:shutdownFollowerState(110)) - c19fc8e0-326e-4773-b88f-3f9b256b9096: shutdown c19fc8e0-326e-4773-b88f-3f9b256b9096@group-5E753CC62F0A-FollowerState
2022-06-25 01:03:09,100 [c19fc8e0-326e-4773-b88f-3f9b256b9096@group-5E753CC62F0A-FollowerState] INFO  server.RaftServer$Division (RaftServerImpl.java:setRole(299)) - c19fc8e0-326e-4773-b88f-3f9b256b9096@group-5E753CC62F0A: changes role from  FOLLOWER to CANDIDATE at term 0 for changeToCandidate
2022-06-25 01:03:09,101 [c19fc8e0-326e-4773-b88f-3f9b256b9096@group-5E753CC62F0A-FollowerState] INFO  server.RaftServerConfigKeys (ConfUtils.java:logGet(46)) - raft.server.leaderelection.pre-vote = false (custom)
2022-06-25 01:03:09,101 [c19fc8e0-326e-4773-b88f-3f9b256b9096@group-5E753CC62F0A-FollowerState] INFO  impl.RoleInfo (RoleInfo.java:updateAndGet(139)) - c19fc8e0-326e-4773-b88f-3f9b256b9096: start c19fc8e0-326e-4773-b88f-3f9b256b9096@group-5E753CC62F0A-LeaderElection5
2022-06-25 01:03:09,105 [c19fc8e0-326e-4773-b88f-3f9b256b9096@group-5E753CC62F0A-LeaderElection5] INFO  impl.LeaderElection (LeaderElection.java:askForVotes(310)) - c19fc8e0-326e-4773-b88f-3f9b256b9096@group-5E753CC62F0A-LeaderElection5 ELECTION round 0: submit vote requests at term 1 for -1: [c19fc8e0-326e-4773-b88f-3f9b256b9096|rpc:10.1.0.8:33079|priority:1], old=null
2022-06-25 01:03:09,105 [c19fc8e0-326e-4773-b88f-3f9b256b9096@group-5E753CC62F0A-LeaderElection5] INFO  impl.LeaderElection (LeaderElection.java:askForVotes(312)) - c19fc8e0-326e-4773-b88f-3f9b256b9096@group-5E753CC62F0A-LeaderElection5 ELECTION round 0: result PASSED (term=1)
2022-06-25 01:03:09,105 [c19fc8e0-326e-4773-b88f-3f9b256b9096@group-5E753CC62F0A-LeaderElection5] INFO  impl.RoleInfo (RoleInfo.java:shutdownLeaderElection(130)) - c19fc8e0-326e-4773-b88f-3f9b256b9096: shutdown c19fc8e0-326e-4773-b88f-3f9b256b9096@group-5E753CC62F0A-LeaderElection5
2022-06-25 01:03:09,105 [c19fc8e0-326e-4773-b88f-3f9b256b9096@group-5E753CC62F0A-LeaderElection5] INFO  server.RaftServer$Division (RaftServerImpl.java:setRole(299)) - c19fc8e0-326e-4773-b88f-3f9b256b9096@group-5E753CC62F0A: changes role from CANDIDATE to LEADER at term 1 for changeToLeader
2022-06-25 01:03:09,105 [c19fc8e0-326e-4773-b88f-3f9b256b9096@group-5E753CC62F0A-LeaderElection5] INFO  ratis.XceiverServerRatis (XceiverServerRatis.java:handleLeaderChangedNotification(863)) - Leader change notification received for group: group-5E753CC62F0A with new leaderId: c19fc8e0-326e-4773-b88f-3f9b256b9096
2022-06-25 01:03:09,105 [c19fc8e0-326e-4773-b88f-3f9b256b9096@group-5E753CC62F0A-LeaderElection5] INFO  server.RaftServer$Division (ServerState.java:setLeader(287)) - c19fc8e0-326e-4773-b88f-3f9b256b9096@group-5E753CC62F0A: change Leader from null to c19fc8e0-326e-4773-b88f-3f9b256b9096 at term 1 for becomeLeader, leader elected after 5199ms
2022-06-25 01:03:09,105 [c19fc8e0-326e-4773-b88f-3f9b256b9096@group-5E753CC62F0A-LeaderElection5] INFO  server.RaftServerConfigKeys (ConfUtils.java:logGet(46)) - raft.server.staging.catchup.gap = 1000 (default)
2022-06-25 01:03:09,106 [c19fc8e0-326e-4773-b88f-3f9b256b9096@group-5E753CC62F0A-LeaderElection5] INFO  server.RaftServerConfigKeys (ConfUtils.java:logGet(46)) - raft.server.write.element-limit = 1024 (custom)
2022-06-25 01:03:09,106 [c19fc8e0-326e-4773-b88f-3f9b256b9096@group-5E753CC62F0A-LeaderElection5] INFO  server.RaftServerConfigKeys (ConfUtils.java:logGet(46)) - raft.server.write.byte-limit = 1024 M (=1073741824) (custom)
2022-06-25 01:03:09,106 [c19fc8e0-326e-4773-b88f-3f9b256b9096@group-5E753CC62F0A-LeaderElection5] INFO  server.RaftServerConfigKeys (ConfUtils.java:logGet(46)) - raft.server.watch.timeout = 180s (custom)
2022-06-25 01:03:09,106 [c19fc8e0-326e-4773-b88f-3f9b256b9096@group-5E753CC62F0A-LeaderElection5] INFO  server.RaftServerConfigKeys (ConfUtils.java:logGet(46)) - raft.server.watch.timeout.denomination = 1s (default)
2022-06-25 01:03:09,106 [c19fc8e0-326e-4773-b88f-3f9b256b9096@group-5E753CC62F0A-LeaderElection5] INFO  server.RaftServerConfigKeys (ConfUtils.java:logGet(46)) - raft.server.watch.element-limit = 65536 (default)
2022-06-25 01:03:09,107 [c19fc8e0-326e-4773-b88f-3f9b256b9096@group-5E753CC62F0A-LeaderElection5] INFO  server.RaftServerConfigKeys (ConfUtils.java:logGet(46)) - raft.server.write.element-limit = 1024 (custom)
2022-06-25 01:03:09,107 [c19fc8e0-326e-4773-b88f-3f9b256b9096@group-5E753CC62F0A-LeaderElection5] INFO  server.RaftServerConfigKeys (ConfUtils.java:logGet(46)) - raft.server.write.follower.gap.ratio.max = -1.0 (default)
2022-06-25 01:03:09,107 [c19fc8e0-326e-4773-b88f-3f9b256b9096@group-5E753CC62F0A-LeaderElection5] INFO  impl.RoleInfo (RoleInfo.java:updateAndGet(139)) - c19fc8e0-326e-4773-b88f-3f9b256b9096: start c19fc8e0-326e-4773-b88f-3f9b256b9096@group-5E753CC62F0A-LeaderStateImpl
2022-06-25 01:03:09,107 [c19fc8e0-326e-4773-b88f-3f9b256b9096@group-5E753CC62F0A-LeaderElection5] INFO  segmented.SegmentedRaftLogWorker (SegmentedRaftLogWorker.java:startLogSegment(425)) - c19fc8e0-326e-4773-b88f-3f9b256b9096@group-5E753CC62F0A-SegmentedRaftLogWorker: Starting segment from index:0
2022-06-25 01:03:09,110 [EventQueue-OpenPipelineForHealthyPipelineSafeModeRule] INFO  safemode.SCMSafeModeManager (HealthyPipelineSafeModeRule.java:process(124)) - SCM in safe mode. Healthy pipelines reported count is 0, required healthy pipeline reported count is 1
2022-06-25 01:03:09,110 [c19fc8e0-326e-4773-b88f-3f9b256b9096@group-5E753CC62F0A-SegmentedRaftLogWorker] INFO  segmented.SegmentedRaftLogWorker (SegmentedRaftLogWorker.java:execute(629)) - c19fc8e0-326e-4773-b88f-3f9b256b9096@group-5E753CC62F0A-SegmentedRaftLogWorker: created new log segment /home/runner/work/ozone/ozone/hadoop-ozone/integration-test/target/test-dir/MiniOzoneClusterImpl-c4196b3a-7304-418b-bc70-42ac552e857c/datanode-2/data/ratis/034545b7-d7eb-4cfb-a35f-5e753cc62f0a/current/log_inprogress_0
2022-06-25 01:03:09,113 [c19fc8e0-326e-4773-b88f-3f9b256b9096@group-5E753CC62F0A-LeaderElection5] INFO  server.RaftServer$Division (ServerState.java:setRaftConf(393)) - c19fc8e0-326e-4773-b88f-3f9b256b9096@group-5E753CC62F0A: set configuration 0: [c19fc8e0-326e-4773-b88f-3f9b256b9096|rpc:10.1.0.8:33079|dataStream:|priority:1], old=null
2022-06-25 01:03:09,180 [ReplicationMonitor] INFO  replication.ReplicationManager (ReplicationManager.java:processAll(228)) - Replication Manager is not ready to run until 3000ms after safemode exit
2022-06-25 01:03:09,189 [EventQueue-OpenPipelineForHealthyPipelineSafeModeRule] INFO  safemode.SCMSafeModeManager (HealthyPipelineSafeModeRule.java:process(124)) - SCM in safe mode. Healthy pipelines reported count is 0, required healthy pipeline reported count is 1
2022-06-25 01:03:09,305 [98ebfad8-d5dc-46a2-9e40-7ac48868c3c4@group-8CC70995D78F-FollowerState] INFO  impl.FollowerState (FollowerState.java:run(143)) - 98ebfad8-d5dc-46a2-9e40-7ac48868c3c4@group-8CC70995D78F-FollowerState: change to CANDIDATE, lastRpcElapsedTime:5018534267ns, electionTimeout:5018ms
2022-06-25 01:03:09,306 [98ebfad8-d5dc-46a2-9e40-7ac48868c3c4@group-8CC70995D78F-FollowerState] INFO  impl.RoleInfo (RoleInfo.java:shutdownFollowerState(110)) - 98ebfad8-d5dc-46a2-9e40-7ac48868c3c4: shutdown 98ebfad8-d5dc-46a2-9e40-7ac48868c3c4@group-8CC70995D78F-FollowerState
2022-06-25 01:03:09,306 [98ebfad8-d5dc-46a2-9e40-7ac48868c3c4@group-8CC70995D78F-FollowerState] INFO  server.RaftServer$Division (RaftServerImpl.java:setRole(299)) - 98ebfad8-d5dc-46a2-9e40-7ac48868c3c4@group-8CC70995D78F: changes role from  FOLLOWER to CANDIDATE at term 0 for changeToCandidate
2022-06-25 01:03:09,306 [98ebfad8-d5dc-46a2-9e40-7ac48868c3c4@group-8CC70995D78F-FollowerState] INFO  server.RaftServerConfigKeys (ConfUtils.java:logGet(46)) - raft.server.leaderelection.pre-vote = false (custom)
2022-06-25 01:03:09,306 [98ebfad8-d5dc-46a2-9e40-7ac48868c3c4@group-8CC70995D78F-FollowerState] INFO  impl.RoleInfo (RoleInfo.java:updateAndGet(139)) - 98ebfad8-d5dc-46a2-9e40-7ac48868c3c4: start 98ebfad8-d5dc-46a2-9e40-7ac48868c3c4@group-8CC70995D78F-LeaderElection6
2022-06-25 01:03:09,310 [98ebfad8-d5dc-46a2-9e40-7ac48868c3c4@group-8CC70995D78F-LeaderElection6] INFO  impl.LeaderElection (LeaderElection.java:askForVotes(310)) - 98ebfad8-d5dc-46a2-9e40-7ac48868c3c4@group-8CC70995D78F-LeaderElection6 ELECTION round 0: submit vote requests at term 1 for -1: [98ebfad8-d5dc-46a2-9e40-7ac48868c3c4|rpc:10.1.0.8:34569|priority:1], old=null
2022-06-25 01:03:09,310 [98ebfad8-d5dc-46a2-9e40-7ac48868c3c4@group-8CC70995D78F-LeaderElection6] INFO  impl.LeaderElection (LeaderElection.java:askForVotes(312)) - 98ebfad8-d5dc-46a2-9e40-7ac48868c3c4@group-8CC70995D78F-LeaderElection6 ELECTION round 0: result PASSED (term=1)
2022-06-25 01:03:09,310 [98ebfad8-d5dc-46a2-9e40-7ac48868c3c4@group-8CC70995D78F-LeaderElection6] INFO  impl.RoleInfo (RoleInfo.java:shutdownLeaderElection(130)) - 98ebfad8-d5dc-46a2-9e40-7ac48868c3c4: shutdown 98ebfad8-d5dc-46a2-9e40-7ac48868c3c4@group-8CC70995D78F-LeaderElection6
2022-06-25 01:03:09,310 [98ebfad8-d5dc-46a2-9e40-7ac48868c3c4@group-8CC70995D78F-LeaderElection6] INFO  server.RaftServer$Division (RaftServerImpl.java:setRole(299)) - 98ebfad8-d5dc-46a2-9e40-7ac48868c3c4@group-8CC70995D78F: changes role from CANDIDATE to LEADER at term 1 for changeToLeader
2022-06-25 01:03:09,310 [98ebfad8-d5dc-46a2-9e40-7ac48868c3c4@group-8CC70995D78F-LeaderElection6] INFO  ratis.XceiverServerRatis (XceiverServerRatis.java:handleLeaderChangedNotification(863)) - Leader change notification received for group: group-8CC70995D78F with new leaderId: 98ebfad8-d5dc-46a2-9e40-7ac48868c3c4
2022-06-25 01:03:09,311 [98ebfad8-d5dc-46a2-9e40-7ac48868c3c4@group-8CC70995D78F-LeaderElection6] INFO  server.RaftServer$Division (ServerState.java:setLeader(287)) - 98ebfad8-d5dc-46a2-9e40-7ac48868c3c4@group-8CC70995D78F: change Leader from null to 98ebfad8-d5dc-46a2-9e40-7ac48868c3c4 at term 1 for becomeLeader, leader elected after 5038ms
2022-06-25 01:03:09,311 [98ebfad8-d5dc-46a2-9e40-7ac48868c3c4@group-8CC70995D78F-LeaderElection6] INFO  server.RaftServerConfigKeys (ConfUtils.java:logGet(46)) - raft.server.staging.catchup.gap = 1000 (default)
2022-06-25 01:03:09,313 [EventQueue-OpenPipelineForHealthyPipelineSafeModeRule] INFO  safemode.SCMSafeModeManager (HealthyPipelineSafeModeRule.java:process(124)) - SCM in safe mode. Healthy pipelines reported count is 0, required healthy pipeline reported count is 1
2022-06-25 01:03:09,314 [98ebfad8-d5dc-46a2-9e40-7ac48868c3c4@group-8CC70995D78F-LeaderElection6] INFO  server.RaftServerConfigKeys (ConfUtils.java:logGet(46)) - raft.server.write.element-limit = 1024 (custom)
2022-06-25 01:03:09,314 [98ebfad8-d5dc-46a2-9e40-7ac48868c3c4@group-8CC70995D78F-LeaderElection6] INFO  server.RaftServerConfigKeys (ConfUtils.java:logGet(46)) - raft.server.write.byte-limit = 1024 M (=1073741824) (custom)
2022-06-25 01:03:09,315 [98ebfad8-d5dc-46a2-9e40-7ac48868c3c4@group-8CC70995D78F-LeaderElection6] INFO  server.RaftServerConfigKeys (ConfUtils.java:logGet(46)) - raft.server.watch.timeout = 180s (custom)
2022-06-25 01:03:09,315 [98ebfad8-d5dc-46a2-9e40-7ac48868c3c4@group-8CC70995D78F-LeaderElection6] INFO  server.RaftServerConfigKeys (ConfUtils.java:logGet(46)) - raft.server.watch.timeout.denomination = 1s (default)
2022-06-25 01:03:09,315 [98ebfad8-d5dc-46a2-9e40-7ac48868c3c4@group-8CC70995D78F-LeaderElection6] INFO  server.RaftServerConfigKeys (ConfUtils.java:logGet(46)) - raft.server.watch.element-limit = 65536 (default)
2022-06-25 01:03:09,315 [98ebfad8-d5dc-46a2-9e40-7ac48868c3c4@group-8CC70995D78F-LeaderElection6] INFO  server.RaftServerConfigKeys (ConfUtils.java:logGet(46)) - raft.server.write.element-limit = 1024 (custom)
2022-06-25 01:03:09,315 [98ebfad8-d5dc-46a2-9e40-7ac48868c3c4@group-8CC70995D78F-LeaderElection6] INFO  server.RaftServerConfigKeys (ConfUtils.java:logGet(46)) - raft.server.write.follower.gap.ratio.max = -1.0 (default)
2022-06-25 01:03:09,315 [98ebfad8-d5dc-46a2-9e40-7ac48868c3c4@group-8CC70995D78F-LeaderElection6] INFO  impl.RoleInfo (RoleInfo.java:updateAndGet(139)) - 98ebfad8-d5dc-46a2-9e40-7ac48868c3c4: start 98ebfad8-d5dc-46a2-9e40-7ac48868c3c4@group-8CC70995D78F-LeaderStateImpl
2022-06-25 01:03:09,316 [98ebfad8-d5dc-46a2-9e40-7ac48868c3c4@group-8CC70995D78F-LeaderElection6] INFO  segmented.SegmentedRaftLogWorker (SegmentedRaftLogWorker.java:startLogSegment(425)) - 98ebfad8-d5dc-46a2-9e40-7ac48868c3c4@group-8CC70995D78F-SegmentedRaftLogWorker: Starting segment from index:0
2022-06-25 01:03:09,318 [98ebfad8-d5dc-46a2-9e40-7ac48868c3c4@group-8CC70995D78F-LeaderElection6] INFO  server.RaftServer$Division (ServerState.java:setRaftConf(393)) - 98ebfad8-d5dc-46a2-9e40-7ac48868c3c4@group-8CC70995D78F: set configuration 0: [98ebfad8-d5dc-46a2-9e40-7ac48868c3c4|rpc:10.1.0.8:34569|dataStream:|priority:1], old=null
2022-06-25 01:03:09,319 [98ebfad8-d5dc-46a2-9e40-7ac48868c3c4@group-8CC70995D78F-SegmentedRaftLogWorker] INFO  segmented.SegmentedRaftLogWorker (SegmentedRaftLogWorker.java:execute(629)) - 98ebfad8-d5dc-46a2-9e40-7ac48868c3c4@group-8CC70995D78F-SegmentedRaftLogWorker: created new log segment /home/runner/work/ozone/ozone/hadoop-ozone/integration-test/target/test-dir/MiniOzoneClusterImpl-c4196b3a-7304-418b-bc70-42ac552e857c/datanode-3/data/ratis/c6cc03a8-4158-4c8e-bbf0-8cc70995d78f/current/log_inprogress_0
2022-06-25 01:03:09,404 [ad74f3b2-c092-43ca-befa-d99c208edbaf@group-D50926BF33AA-FollowerState] INFO  impl.FollowerState (FollowerState.java:run(143)) - ad74f3b2-c092-43ca-befa-d99c208edbaf@group-D50926BF33AA-FollowerState: change to CANDIDATE, lastRpcElapsedTime:5006457331ns, electionTimeout:5005ms
2022-06-25 01:03:09,404 [ad74f3b2-c092-43ca-befa-d99c208edbaf@group-D50926BF33AA-FollowerState] INFO  impl.RoleInfo (RoleInfo.java:shutdownFollowerState(110)) - ad74f3b2-c092-43ca-befa-d99c208edbaf: shutdown ad74f3b2-c092-43ca-befa-d99c208edbaf@group-D50926BF33AA-FollowerState
2022-06-25 01:03:09,405 [ad74f3b2-c092-43ca-befa-d99c208edbaf@group-D50926BF33AA-FollowerState] INFO  server.RaftServer$Division (RaftServerImpl.java:setRole(299)) - ad74f3b2-c092-43ca-befa-d99c208edbaf@group-D50926BF33AA: changes role from  FOLLOWER to CANDIDATE at term 0 for changeToCandidate
2022-06-25 01:03:09,405 [ad74f3b2-c092-43ca-befa-d99c208edbaf@group-D50926BF33AA-FollowerState] INFO  server.RaftServerConfigKeys (ConfUtils.java:logGet(46)) - raft.server.leaderelection.pre-vote = false (custom)
2022-06-25 01:03:09,405 [ad74f3b2-c092-43ca-befa-d99c208edbaf@group-D50926BF33AA-FollowerState] INFO  impl.RoleInfo (RoleInfo.java:updateAndGet(139)) - ad74f3b2-c092-43ca-befa-d99c208edbaf: start ad74f3b2-c092-43ca-befa-d99c208edbaf@group-D50926BF33AA-LeaderElection7
2022-06-25 01:03:09,409 [ad74f3b2-c092-43ca-befa-d99c208edbaf@group-D50926BF33AA-LeaderElection7] INFO  impl.LeaderElection (LeaderElection.java:askForVotes(310)) - ad74f3b2-c092-43ca-befa-d99c208edbaf@group-D50926BF33AA-LeaderElection7 ELECTION round 0: submit vote requests at term 1 for -1: [ad74f3b2-c092-43ca-befa-d99c208edbaf|rpc:10.1.0.8:46867|dataStream:|priority:0, 1a57f128-5fc1-45db-894e-2ffd043cedb3|rpc:10.1.0.8:41991|dataStream:|priority:0, 98ebfad8-d5dc-46a2-9e40-7ac48868c3c4|rpc:10.1.0.8:34569|dataStream:|priority:1], old=null
2022-06-25 01:03:09,439 [grpc-default-executor-1] INFO  server.RaftServer$Division (RaftServerImpl.java:requestVote(1152)) - 1a57f128-5fc1-45db-894e-2ffd043cedb3@group-D50926BF33AA: receive requestVote(ELECTION, ad74f3b2-c092-43ca-befa-d99c208edbaf, group-D50926BF33AA, 1, (t:0, i:0))
2022-06-25 01:03:09,440 [grpc-default-executor-1] INFO  impl.VoteContext (VoteContext.java:log(48)) - 1a57f128-5fc1-45db-894e-2ffd043cedb3@group-D50926BF33AA-FOLLOWER: accept ELECTION from ad74f3b2-c092-43ca-befa-d99c208edbaf: our priority 0 <= candidate's priority 0
2022-06-25 01:03:09,440 [grpc-default-executor-1] INFO  server.RaftServer$Division (RaftServerImpl.java:setRole(299)) - 1a57f128-5fc1-45db-894e-2ffd043cedb3@group-D50926BF33AA: changes role from  FOLLOWER to FOLLOWER at term 1 for candidate:ad74f3b2-c092-43ca-befa-d99c208edbaf
2022-06-25 01:03:09,440 [grpc-default-executor-1] INFO  impl.RoleInfo (RoleInfo.java:shutdownFollowerState(110)) - 1a57f128-5fc1-45db-894e-2ffd043cedb3: shutdown 1a57f128-5fc1-45db-894e-2ffd043cedb3@group-D50926BF33AA-FollowerState
2022-06-25 01:03:09,440 [grpc-default-executor-1] INFO  impl.RoleInfo (RoleInfo.java:updateAndGet(139)) - 1a57f128-5fc1-45db-894e-2ffd043cedb3: start 1a57f128-5fc1-45db-894e-2ffd043cedb3@group-D50926BF33AA-FollowerState
2022-06-25 01:03:09,440 [1a57f128-5fc1-45db-894e-2ffd043cedb3@group-D50926BF33AA-FollowerState] INFO  impl.FollowerState (FollowerState.java:run(152)) - 1a57f128-5fc1-45db-894e-2ffd043cedb3@group-D50926BF33AA-FollowerState was interrupted
2022-06-25 01:03:09,443 [grpc-default-executor-1] INFO  server.RaftServer$Division (RaftServerImpl.java:requestVote(1184)) - 1a57f128-5fc1-45db-894e-2ffd043cedb3@group-D50926BF33AA replies to ELECTION vote request: ad74f3b2-c092-43ca-befa-d99c208edbaf<-1a57f128-5fc1-45db-894e-2ffd043cedb3#0:OK-t1. Peer's state: 1a57f128-5fc1-45db-894e-2ffd043cedb3@group-D50926BF33AA:t1, leader=null, voted=ad74f3b2-c092-43ca-befa-d99c208edbaf, raftlog=1a57f128-5fc1-45db-894e-2ffd043cedb3@group-D50926BF33AA-SegmentedRaftLog:OPENED:c-1, conf=-1: [ad74f3b2-c092-43ca-befa-d99c208edbaf|rpc:10.1.0.8:46867|dataStream:|priority:0, 1a57f128-5fc1-45db-894e-2ffd043cedb3|rpc:10.1.0.8:41991|dataStream:|priority:0, 98ebfad8-d5dc-46a2-9e40-7ac48868c3c4|rpc:10.1.0.8:34569|dataStream:|priority:1], old=null
2022-06-25 01:03:09,451 [grpc-default-executor-0] INFO  server.RaftServer$Division (RaftServerImpl.java:requestVote(1152)) - 98ebfad8-d5dc-46a2-9e40-7ac48868c3c4@group-D50926BF33AA: receive requestVote(ELECTION, ad74f3b2-c092-43ca-befa-d99c208edbaf, group-D50926BF33AA, 1, (t:0, i:0))
2022-06-25 01:03:09,452 [grpc-default-executor-0] INFO  impl.VoteContext (VoteContext.java:log(48)) - 98ebfad8-d5dc-46a2-9e40-7ac48868c3c4@group-D50926BF33AA-FOLLOWER: reject ELECTION from ad74f3b2-c092-43ca-befa-d99c208edbaf: our priority 1 > candidate's priority 0
2022-06-25 01:03:09,452 [grpc-default-executor-0] INFO  server.RaftServer$Division (RaftServerImpl.java:setRole(299)) - 98ebfad8-d5dc-46a2-9e40-7ac48868c3c4@group-D50926BF33AA: changes role from  FOLLOWER to FOLLOWER at term 1 for candidate:ad74f3b2-c092-43ca-befa-d99c208edbaf
2022-06-25 01:03:09,452 [grpc-default-executor-0] INFO  impl.RoleInfo (RoleInfo.java:shutdownFollowerState(110)) - 98ebfad8-d5dc-46a2-9e40-7ac48868c3c4: shutdown 98ebfad8-d5dc-46a2-9e40-7ac48868c3c4@group-D50926BF33AA-FollowerState
2022-06-25 01:03:09,452 [grpc-default-executor-0] INFO  impl.RoleInfo (RoleInfo.java:updateAndGet(139)) - 98ebfad8-d5dc-46a2-9e40-7ac48868c3c4: start 98ebfad8-d5dc-46a2-9e40-7ac48868c3c4@group-D50926BF33AA-FollowerState
2022-06-25 01:03:09,452 [98ebfad8-d5dc-46a2-9e40-7ac48868c3c4@group-D50926BF33AA-FollowerState] INFO  impl.FollowerState (FollowerState.java:run(152)) - 98ebfad8-d5dc-46a2-9e40-7ac48868c3c4@group-D50926BF33AA-FollowerState was interrupted
2022-06-25 01:03:09,454 [grpc-default-executor-0] INFO  server.RaftServer$Division (RaftServerImpl.java:requestVote(1184)) - 98ebfad8-d5dc-46a2-9e40-7ac48868c3c4@group-D50926BF33AA replies to ELECTION vote request: ad74f3b2-c092-43ca-befa-d99c208edbaf<-98ebfad8-d5dc-46a2-9e40-7ac48868c3c4#0:FAIL-t1. Peer's state: 98ebfad8-d5dc-46a2-9e40-7ac48868c3c4@group-D50926BF33AA:t1, leader=null, voted=null, raftlog=98ebfad8-d5dc-46a2-9e40-7ac48868c3c4@group-D50926BF33AA-SegmentedRaftLog:OPENED:c-1, conf=-1: [ad74f3b2-c092-43ca-befa-d99c208edbaf|rpc:10.1.0.8:46867|priority:0, 1a57f128-5fc1-45db-894e-2ffd043cedb3|rpc:10.1.0.8:41991|priority:0, 98ebfad8-d5dc-46a2-9e40-7ac48868c3c4|rpc:10.1.0.8:34569|priority:1], old=null
2022-06-25 01:03:09,457 [ad74f3b2-c092-43ca-befa-d99c208edbaf@group-D50926BF33AA-LeaderElection7] INFO  impl.LeaderElection (LeaderElection.java:logAndReturn(90)) - ad74f3b2-c092-43ca-befa-d99c208edbaf@group-D50926BF33AA-LeaderElection7: ELECTION REJECTED received 2 response(s) and 0 exception(s):
2022-06-25 01:03:09,457 [ad74f3b2-c092-43ca-befa-d99c208edbaf@group-D50926BF33AA-LeaderElection7] INFO  impl.LeaderElection (LeaderElection.java:logAndReturn(94)) -   Response 0: ad74f3b2-c092-43ca-befa-d99c208edbaf<-1a57f128-5fc1-45db-894e-2ffd043cedb3#0:OK-t1
2022-06-25 01:03:09,458 [ad74f3b2-c092-43ca-befa-d99c208edbaf@group-D50926BF33AA-LeaderElection7] INFO  impl.LeaderElection (LeaderElection.java:logAndReturn(94)) -   Response 1: ad74f3b2-c092-43ca-befa-d99c208edbaf<-98ebfad8-d5dc-46a2-9e40-7ac48868c3c4#0:FAIL-t1
2022-06-25 01:03:09,458 [ad74f3b2-c092-43ca-befa-d99c208edbaf@group-D50926BF33AA-LeaderElection7] INFO  impl.LeaderElection (LeaderElection.java:askForVotes(312)) - ad74f3b2-c092-43ca-befa-d99c208edbaf@group-D50926BF33AA-LeaderElection7 ELECTION round 0: result REJECTED
2022-06-25 01:03:09,458 [ad74f3b2-c092-43ca-befa-d99c208edbaf@group-D50926BF33AA-LeaderElection7] INFO  server.RaftServer$Division (RaftServerImpl.java:setRole(299)) - ad74f3b2-c092-43ca-befa-d99c208edbaf@group-D50926BF33AA: changes role from CANDIDATE to FOLLOWER at term 1 for REJECTED
2022-06-25 01:03:09,458 [ad74f3b2-c092-43ca-befa-d99c208edbaf@group-D50926BF33AA-LeaderElection7] INFO  impl.RoleInfo (RoleInfo.java:shutdownLeaderElection(130)) - ad74f3b2-c092-43ca-befa-d99c208edbaf: shutdown ad74f3b2-c092-43ca-befa-d99c208edbaf@group-D50926BF33AA-LeaderElection7
2022-06-25 01:03:09,458 [ad74f3b2-c092-43ca-befa-d99c208edbaf@group-D50926BF33AA-LeaderElection7] INFO  impl.RoleInfo (RoleInfo.java:updateAndGet(139)) - ad74f3b2-c092-43ca-befa-d99c208edbaf: start ad74f3b2-c092-43ca-befa-d99c208edbaf@group-D50926BF33AA-FollowerState
2022-06-25 01:03:09,641 [EventQueue-OpenPipelineForHealthyPipelineSafeModeRule] INFO  safemode.SCMSafeModeManager (HealthyPipelineSafeModeRule.java:process(124)) - SCM in safe mode. Healthy pipelines reported count is 0, required healthy pipeline reported count is 1
2022-06-25 01:03:09,676 [ad74f3b2-c092-43ca-befa-d99c208edbaf@group-909FDBCECD31-FollowerState] INFO  impl.FollowerState (FollowerState.java:run(143)) - ad74f3b2-c092-43ca-befa-d99c208edbaf@group-909FDBCECD31-FollowerState: change to CANDIDATE, lastRpcElapsedTime:5030163416ns, electionTimeout:5025ms
2022-06-25 01:03:09,677 [ad74f3b2-c092-43ca-befa-d99c208edbaf@group-909FDBCECD31-FollowerState] INFO  impl.RoleInfo (RoleInfo.java:shutdownFollowerState(110)) - ad74f3b2-c092-43ca-befa-d99c208edbaf: shutdown ad74f3b2-c092-43ca-befa-d99c208edbaf@group-909FDBCECD31-FollowerState
2022-06-25 01:03:09,677 [ad74f3b2-c092-43ca-befa-d99c208edbaf@group-909FDBCECD31-FollowerState] INFO  server.RaftServer$Division (RaftServerImpl.java:setRole(299)) - ad74f3b2-c092-43ca-befa-d99c208edbaf@group-909FDBCECD31: changes role from  FOLLOWER to CANDIDATE at term 0 for changeToCandidate
2022-06-25 01:03:09,677 [ad74f3b2-c092-43ca-befa-d99c208edbaf@group-909FDBCECD31-FollowerState] INFO  server.RaftServerConfigKeys (ConfUtils.java:logGet(46)) - raft.server.leaderelection.pre-vote = false (custom)
2022-06-25 01:03:09,678 [ad74f3b2-c092-43ca-befa-d99c208edbaf@group-909FDBCECD31-FollowerState] INFO  impl.RoleInfo (RoleInfo.java:updateAndGet(139)) - ad74f3b2-c092-43ca-befa-d99c208edbaf: start ad74f3b2-c092-43ca-befa-d99c208edbaf@group-909FDBCECD31-LeaderElection8
2022-06-25 01:03:09,681 [ad74f3b2-c092-43ca-befa-d99c208edbaf@group-909FDBCECD31-LeaderElection8] INFO  impl.LeaderElection (LeaderElection.java:askForVotes(310)) - ad74f3b2-c092-43ca-befa-d99c208edbaf@group-909FDBCECD31-LeaderElection8 ELECTION round 0: submit vote requests at term 1 for -1: [ad74f3b2-c092-43ca-befa-d99c208edbaf|rpc:10.1.0.8:46867|priority:1], old=null
2022-06-25 01:03:09,681 [ad74f3b2-c092-43ca-befa-d99c208edbaf@group-909FDBCECD31-LeaderElection8] INFO  impl.LeaderElection (LeaderElection.java:askForVotes(312)) - ad74f3b2-c092-43ca-befa-d99c208edbaf@group-909FDBCECD31-LeaderElection8 ELECTION round 0: result PASSED (term=1)
2022-06-25 01:03:09,681 [ad74f3b2-c092-43ca-befa-d99c208edbaf@group-909FDBCECD31-LeaderElection8] INFO  impl.RoleInfo (RoleInfo.java:shutdownLeaderElection(130)) - ad74f3b2-c092-43ca-befa-d99c208edbaf: shutdown ad74f3b2-c092-43ca-befa-d99c208edbaf@group-909FDBCECD31-LeaderElection8
2022-06-25 01:03:09,681 [ad74f3b2-c092-43ca-befa-d99c208edbaf@group-909FDBCECD31-LeaderElection8] INFO  server.RaftServer$Division (RaftServerImpl.java:setRole(299)) - ad74f3b2-c092-43ca-befa-d99c208edbaf@group-909FDBCECD31: changes role from CANDIDATE to LEADER at term 1 for changeToLeader
2022-06-25 01:03:09,681 [ad74f3b2-c092-43ca-befa-d99c208edbaf@group-909FDBCECD31-LeaderElection8] INFO  ratis.XceiverServerRatis (XceiverServerRatis.java:handleLeaderChangedNotification(863)) - Leader change notification received for group: group-909FDBCECD31 with new leaderId: ad74f3b2-c092-43ca-befa-d99c208edbaf
2022-06-25 01:03:09,681 [ad74f3b2-c092-43ca-befa-d99c208edbaf@group-909FDBCECD31-LeaderElection8] INFO  server.RaftServer$Division (ServerState.java:setLeader(287)) - ad74f3b2-c092-43ca-befa-d99c208edbaf@group-909FDBCECD31: change Leader from null to ad74f3b2-c092-43ca-befa-d99c208edbaf at term 1 for becomeLeader, leader elected after 5041ms
2022-06-25 01:03:09,681 [ad74f3b2-c092-43ca-befa-d99c208edbaf@group-909FDBCECD31-LeaderElection8] INFO  server.RaftServerConfigKeys (ConfUtils.java:logGet(46)) - raft.server.staging.catchup.gap = 1000 (default)
2022-06-25 01:03:09,682 [ad74f3b2-c092-43ca-befa-d99c208edbaf@group-909FDBCECD31-LeaderElection8] INFO  server.RaftServerConfigKeys (ConfUtils.java:logGet(46)) - raft.server.write.element-limit = 1024 (custom)
2022-06-25 01:03:09,682 [ad74f3b2-c092-43ca-befa-d99c208edbaf@group-909FDBCECD31-LeaderElection8] INFO  server.RaftServerConfigKeys (ConfUtils.java:logGet(46)) - raft.server.write.byte-limit = 1024 M (=1073741824) (custom)
2022-06-25 01:03:09,682 [ad74f3b2-c092-43ca-befa-d99c208edbaf@group-909FDBCECD31-LeaderElection8] INFO  server.RaftServerConfigKeys (ConfUtils.java:logGet(46)) - raft.server.watch.timeout = 180s (custom)
2022-06-25 01:03:09,682 [ad74f3b2-c092-43ca-befa-d99c208edbaf@group-909FDBCECD31-LeaderElection8] INFO  server.RaftServerConfigKeys (ConfUtils.java:logGet(46)) - raft.server.watch.timeout.denomination = 1s (default)
2022-06-25 01:03:09,682 [ad74f3b2-c092-43ca-befa-d99c208edbaf@group-909FDBCECD31-LeaderElection8] INFO  server.RaftServerConfigKeys (ConfUtils.java:logGet(46)) - raft.server.watch.element-limit = 65536 (default)
2022-06-25 01:03:09,682 [ad74f3b2-c092-43ca-befa-d99c208edbaf@group-909FDBCECD31-LeaderElection8] INFO  server.RaftServerConfigKeys (ConfUtils.java:logGet(46)) - raft.server.write.element-limit = 1024 (custom)
2022-06-25 01:03:09,682 [ad74f3b2-c092-43ca-befa-d99c208edbaf@group-909FDBCECD31-LeaderElection8] INFO  server.RaftServerConfigKeys (ConfUtils.java:logGet(46)) - raft.server.write.follower.gap.ratio.max = -1.0 (default)
2022-06-25 01:03:09,683 [ad74f3b2-c092-43ca-befa-d99c208edbaf@group-909FDBCECD31-LeaderElection8] INFO  impl.RoleInfo (RoleInfo.java:updateAndGet(139)) - ad74f3b2-c092-43ca-befa-d99c208edbaf: start ad74f3b2-c092-43ca-befa-d99c208edbaf@group-909FDBCECD31-LeaderStateImpl
2022-06-25 01:03:09,683 [ad74f3b2-c092-43ca-befa-d99c208edbaf@group-909FDBCECD31-LeaderElection8] INFO  segmented.SegmentedRaftLogWorker (SegmentedRaftLogWorker.java:startLogSegment(425)) - ad74f3b2-c092-43ca-befa-d99c208edbaf@group-909FDBCECD31-SegmentedRaftLogWorker: Starting segment from index:0
2022-06-25 01:03:09,685 [EventQueue-OpenPipelineForHealthyPipelineSafeModeRule] INFO  safemode.SCMSafeModeManager (HealthyPipelineSafeModeRule.java:process(124)) - SCM in safe mode. Healthy pipelines reported count is 0, required healthy pipeline reported count is 1
2022-06-25 01:03:09,687 [ad74f3b2-c092-43ca-befa-d99c208edbaf@group-909FDBCECD31-SegmentedRaftLogWorker] INFO  segmented.SegmentedRaftLogWorker (SegmentedRaftLogWorker.java:execute(629)) - ad74f3b2-c092-43ca-befa-d99c208edbaf@group-909FDBCECD31-SegmentedRaftLogWorker: created new log segment /home/runner/work/ozone/ozone/hadoop-ozone/integration-test/target/test-dir/MiniOzoneClusterImpl-c4196b3a-7304-418b-bc70-42ac552e857c/datanode-4/data/ratis/0f075fbb-840e-4b65-ba61-909fdbcecd31/current/log_inprogress_0
2022-06-25 01:03:09,687 [ad74f3b2-c092-43ca-befa-d99c208edbaf@group-909FDBCECD31-LeaderElection8] INFO  server.RaftServer$Division (ServerState.java:setRaftConf(393)) - ad74f3b2-c092-43ca-befa-d99c208edbaf@group-909FDBCECD31: set configuration 0: [ad74f3b2-c092-43ca-befa-d99c208edbaf|rpc:10.1.0.8:46867|dataStream:|priority:1], old=null
2022-06-25 01:03:09,718 [EventQueue-OpenPipelineForHealthyPipelineSafeModeRule] INFO  safemode.SCMSafeModeManager (HealthyPipelineSafeModeRule.java:process(124)) - SCM in safe mode. Healthy pipelines reported count is 0, required healthy pipeline reported count is 1
2022-06-25 01:03:10,001 [Listener at 127.0.0.1/39125] INFO  ozone.MiniOzoneClusterImpl (MiniOzoneClusterImpl.java:lambda$waitForClusterToBeReady$0(223)) - Nodes are ready. Got 6 of 6 DN Heartbeats.
2022-06-25 01:03:10,001 [Listener at 127.0.0.1/39125] INFO  ozone.MiniOzoneClusterImpl (MiniOzoneClusterImpl.java:lambda$waitForClusterToBeReady$0(226)) - Waiting for cluster to exit safe mode
2022-06-25 01:03:10,001 [Listener at 127.0.0.1/39125] INFO  ozone.MiniOzoneClusterImpl (MiniOzoneClusterImpl.java:lambda$waitForClusterToBeReady$0(228)) - SCM became leader
2022-06-25 01:03:10,067 [EventQueue-OpenPipelineForHealthyPipelineSafeModeRule] INFO  safemode.SCMSafeModeManager (HealthyPipelineSafeModeRule.java:process(124)) - SCM in safe mode. Healthy pipelines reported count is 0, required healthy pipeline reported count is 1
2022-06-25 01:03:10,097 [1a57f128-5fc1-45db-894e-2ffd043cedb3@group-AB98848367B8-FollowerState] INFO  impl.FollowerState (FollowerState.java:run(143)) - 1a57f128-5fc1-45db-894e-2ffd043cedb3@group-AB98848367B8-FollowerState: change to CANDIDATE, lastRpcElapsedTime:5017072184ns, electionTimeout:5016ms
2022-06-25 01:03:10,097 [1a57f128-5fc1-45db-894e-2ffd043cedb3@group-AB98848367B8-FollowerState] INFO  impl.RoleInfo (RoleInfo.java:shutdownFollowerState(110)) - 1a57f128-5fc1-45db-894e-2ffd043cedb3: shutdown 1a57f128-5fc1-45db-894e-2ffd043cedb3@group-AB98848367B8-FollowerState
2022-06-25 01:03:10,097 [1a57f128-5fc1-45db-894e-2ffd043cedb3@group-AB98848367B8-FollowerState] INFO  server.RaftServer$Division (RaftServerImpl.java:setRole(299)) - 1a57f128-5fc1-45db-894e-2ffd043cedb3@group-AB98848367B8: changes role from  FOLLOWER to CANDIDATE at term 0 for changeToCandidate
2022-06-25 01:03:10,098 [1a57f128-5fc1-45db-894e-2ffd043cedb3@group-AB98848367B8-FollowerState] INFO  server.RaftServerConfigKeys (ConfUtils.java:logGet(46)) - raft.server.leaderelection.pre-vote = false (custom)
2022-06-25 01:03:10,098 [1a57f128-5fc1-45db-894e-2ffd043cedb3@group-AB98848367B8-FollowerState] INFO  impl.RoleInfo (RoleInfo.java:updateAndGet(139)) - 1a57f128-5fc1-45db-894e-2ffd043cedb3: start 1a57f128-5fc1-45db-894e-2ffd043cedb3@group-AB98848367B8-LeaderElection9
2022-06-25 01:03:10,101 [1a57f128-5fc1-45db-894e-2ffd043cedb3@group-AB98848367B8-LeaderElection9] INFO  impl.LeaderElection (LeaderElection.java:askForVotes(310)) - 1a57f128-5fc1-45db-894e-2ffd043cedb3@group-AB98848367B8-LeaderElection9 ELECTION round 0: submit vote requests at term 1 for -1: [1a57f128-5fc1-45db-894e-2ffd043cedb3|rpc:10.1.0.8:41991|priority:1], old=null
2022-06-25 01:03:10,101 [1a57f128-5fc1-45db-894e-2ffd043cedb3@group-AB98848367B8-LeaderElection9] INFO  impl.LeaderElection (LeaderElection.java:askForVotes(312)) - 1a57f128-5fc1-45db-894e-2ffd043cedb3@group-AB98848367B8-LeaderElection9 ELECTION round 0: result PASSED (term=1)
2022-06-25 01:03:10,101 [1a57f128-5fc1-45db-894e-2ffd043cedb3@group-AB98848367B8-LeaderElection9] INFO  impl.RoleInfo (RoleInfo.java:shutdownLeaderElection(130)) - 1a57f128-5fc1-45db-894e-2ffd043cedb3: shutdown 1a57f128-5fc1-45db-894e-2ffd043cedb3@group-AB98848367B8-LeaderElection9
2022-06-25 01:03:10,102 [1a57f128-5fc1-45db-894e-2ffd043cedb3@group-AB98848367B8-LeaderElection9] INFO  server.RaftServer$Division (RaftServerImpl.java:setRole(299)) - 1a57f128-5fc1-45db-894e-2ffd043cedb3@group-AB98848367B8: changes role from CANDIDATE to LEADER at term 1 for changeToLeader
2022-06-25 01:03:10,102 [1a57f128-5fc1-45db-894e-2ffd043cedb3@group-AB98848367B8-LeaderElection9] INFO  ratis.XceiverServerRatis (XceiverServerRatis.java:handleLeaderChangedNotification(863)) - Leader change notification received for group: group-AB98848367B8 with new leaderId: 1a57f128-5fc1-45db-894e-2ffd043cedb3
2022-06-25 01:03:10,102 [1a57f128-5fc1-45db-894e-2ffd043cedb3@group-AB98848367B8-LeaderElection9] INFO  server.RaftServer$Division (ServerState.java:setLeader(287)) - 1a57f128-5fc1-45db-894e-2ffd043cedb3@group-AB98848367B8: change Leader from null to 1a57f128-5fc1-45db-894e-2ffd043cedb3 at term 1 for becomeLeader, leader elected after 5036ms
2022-06-25 01:03:10,102 [1a57f128-5fc1-45db-894e-2ffd043cedb3@group-AB98848367B8-LeaderElection9] INFO  server.RaftServerConfigKeys (ConfUtils.java:logGet(46)) - raft.server.staging.catchup.gap = 1000 (default)
2022-06-25 01:03:10,102 [1a57f128-5fc1-45db-894e-2ffd043cedb3@group-AB98848367B8-LeaderElection9] INFO  server.RaftServerConfigKeys (ConfUtils.java:logGet(46)) - raft.server.write.element-limit = 1024 (custom)
2022-06-25 01:03:10,102 [1a57f128-5fc1-45db-894e-2ffd043cedb3@group-AB98848367B8-LeaderElection9] INFO  server.RaftServerConfigKeys (ConfUtils.java:logGet(46)) - raft.server.write.byte-limit = 1024 M (=1073741824) (custom)
2022-06-25 01:03:10,103 [1a57f128-5fc1-45db-894e-2ffd043cedb3@group-AB98848367B8-LeaderElection9] INFO  server.RaftServerConfigKeys (ConfUtils.java:logGet(46)) - raft.server.watch.timeout = 180s (custom)
2022-06-25 01:03:10,103 [1a57f128-5fc1-45db-894e-2ffd043cedb3@group-AB98848367B8-LeaderElection9] INFO  server.RaftServerConfigKeys (ConfUtils.java:logGet(46)) - raft.server.watch.timeout.denomination = 1s (default)
2022-06-25 01:03:10,103 [1a57f128-5fc1-45db-894e-2ffd043cedb3@group-AB98848367B8-LeaderElection9] INFO  server.RaftServerConfigKeys (ConfUtils.java:logGet(46)) - raft.server.watch.element-limit = 65536 (default)
2022-06-25 01:03:10,103 [1a57f128-5fc1-45db-894e-2ffd043cedb3@group-AB98848367B8-LeaderElection9] INFO  server.RaftServerConfigKeys (ConfUtils.java:logGet(46)) - raft.server.write.element-limit = 1024 (custom)
2022-06-25 01:03:10,103 [1a57f128-5fc1-45db-894e-2ffd043cedb3@group-AB98848367B8-LeaderElection9] INFO  server.RaftServerConfigKeys (ConfUtils.java:logGet(46)) - raft.server.write.follower.gap.ratio.max = -1.0 (default)
2022-06-25 01:03:10,103 [1a57f128-5fc1-45db-894e-2ffd043cedb3@group-AB98848367B8-LeaderElection9] INFO  impl.RoleInfo (RoleInfo.java:updateAndGet(139)) - 1a57f128-5fc1-45db-894e-2ffd043cedb3: start 1a57f128-5fc1-45db-894e-2ffd043cedb3@group-AB98848367B8-LeaderStateImpl
2022-06-25 01:03:10,104 [EventQueue-OpenPipelineForHealthyPipelineSafeModeRule] INFO  safemode.SCMSafeModeManager (HealthyPipelineSafeModeRule.java:process(124)) - SCM in safe mode. Healthy pipelines reported count is 0, required healthy pipeline reported count is 1
2022-06-25 01:03:10,104 [1a57f128-5fc1-45db-894e-2ffd043cedb3@group-AB98848367B8-LeaderElection9] INFO  segmented.SegmentedRaftLogWorker (SegmentedRaftLogWorker.java:startLogSegment(425)) - 1a57f128-5fc1-45db-894e-2ffd043cedb3@group-AB98848367B8-SegmentedRaftLogWorker: Starting segment from index:0
2022-06-25 01:03:10,106 [1a57f128-5fc1-45db-894e-2ffd043cedb3@group-AB98848367B8-SegmentedRaftLogWorker] INFO  segmented.SegmentedRaftLogWorker (SegmentedRaftLogWorker.java:execute(629)) - 1a57f128-5fc1-45db-894e-2ffd043cedb3@group-AB98848367B8-SegmentedRaftLogWorker: created new log segment /home/runner/work/ozone/ozone/hadoop-ozone/integration-test/target/test-dir/MiniOzoneClusterImpl-c4196b3a-7304-418b-bc70-42ac552e857c/datanode-5/data/ratis/855924ea-a9c5-49de-83e7-ab98848367b8/current/log_inprogress_0
2022-06-25 01:03:10,106 [1a57f128-5fc1-45db-894e-2ffd043cedb3@group-AB98848367B8-LeaderElection9] INFO  server.RaftServer$Division (ServerState.java:setRaftConf(393)) - 1a57f128-5fc1-45db-894e-2ffd043cedb3@group-AB98848367B8: set configuration 0: [1a57f128-5fc1-45db-894e-2ffd043cedb3|rpc:10.1.0.8:41991|dataStream:|priority:1], old=null
2022-06-25 01:03:10,180 [ReplicationMonitor] INFO  replication.ReplicationManager (ReplicationManager.java:processAll(228)) - Replication Manager is not ready to run until 3000ms after safemode exit
2022-06-25 01:03:10,188 [EventQueue-OpenPipelineForHealthyPipelineSafeModeRule] INFO  safemode.SCMSafeModeManager (HealthyPipelineSafeModeRule.java:process(124)) - SCM in safe mode. Healthy pipelines reported count is 0, required healthy pipeline reported count is 1
2022-06-25 01:03:10,313 [EventQueue-OpenPipelineForHealthyPipelineSafeModeRule] INFO  safemode.SCMSafeModeManager (HealthyPipelineSafeModeRule.java:process(124)) - SCM in safe mode. Healthy pipelines reported count is 0, required healthy pipeline reported count is 1
2022-06-25 01:03:10,684 [EventQueue-OpenPipelineForHealthyPipelineSafeModeRule] INFO  safemode.SCMSafeModeManager (HealthyPipelineSafeModeRule.java:process(124)) - SCM in safe mode. Healthy pipelines reported count is 0, required healthy pipeline reported count is 1
2022-06-25 01:03:10,717 [EventQueue-OpenPipelineForHealthyPipelineSafeModeRule] INFO  safemode.SCMSafeModeManager (HealthyPipelineSafeModeRule.java:process(124)) - SCM in safe mode. Healthy pipelines reported count is 0, required healthy pipeline reported count is 1
2022-06-25 01:03:11,001 [Listener at 127.0.0.1/39125] INFO  ozone.MiniOzoneClusterImpl (MiniOzoneClusterImpl.java:lambda$waitForClusterToBeReady$0(223)) - Nodes are ready. Got 6 of 6 DN Heartbeats.
2022-06-25 01:03:11,001 [Listener at 127.0.0.1/39125] INFO  ozone.MiniOzoneClusterImpl (MiniOzoneClusterImpl.java:lambda$waitForClusterToBeReady$0(226)) - Waiting for cluster to exit safe mode
2022-06-25 01:03:11,002 [Listener at 127.0.0.1/39125] INFO  ozone.MiniOzoneClusterImpl (MiniOzoneClusterImpl.java:lambda$waitForClusterToBeReady$0(228)) - SCM became leader
2022-06-25 01:03:11,105 [EventQueue-OpenPipelineForHealthyPipelineSafeModeRule] INFO  safemode.SCMSafeModeManager (HealthyPipelineSafeModeRule.java:process(124)) - SCM in safe mode. Healthy pipelines reported count is 0, required healthy pipeline reported count is 1
2022-06-25 01:03:11,106 [EventQueue-OpenPipelineForHealthyPipelineSafeModeRule] INFO  safemode.SCMSafeModeManager (HealthyPipelineSafeModeRule.java:process(124)) - SCM in safe mode. Healthy pipelines reported count is 0, required healthy pipeline reported count is 1
2022-06-25 01:03:11,180 [ReplicationMonitor] INFO  replication.ReplicationManager (ReplicationManager.java:processAll(228)) - Replication Manager is not ready to run until 3000ms after safemode exit
2022-06-25 01:03:11,189 [EventQueue-OpenPipelineForHealthyPipelineSafeModeRule] INFO  safemode.SCMSafeModeManager (HealthyPipelineSafeModeRule.java:process(124)) - SCM in safe mode. Healthy pipelines reported count is 0, required healthy pipeline reported count is 1
2022-06-25 01:03:11,314 [EventQueue-OpenPipelineForHealthyPipelineSafeModeRule] INFO  safemode.SCMSafeModeManager (HealthyPipelineSafeModeRule.java:process(124)) - SCM in safe mode. Healthy pipelines reported count is 0, required healthy pipeline reported count is 1
2022-06-25 01:03:11,684 [EventQueue-OpenPipelineForHealthyPipelineSafeModeRule] INFO  safemode.SCMSafeModeManager (HealthyPipelineSafeModeRule.java:process(124)) - SCM in safe mode. Healthy pipelines reported count is 0, required healthy pipeline reported count is 1
2022-06-25 01:03:12,002 [Listener at 127.0.0.1/39125] INFO  ozone.MiniOzoneClusterImpl (MiniOzoneClusterImpl.java:lambda$waitForClusterToBeReady$0(223)) - Nodes are ready. Got 6 of 6 DN Heartbeats.
2022-06-25 01:03:12,002 [Listener at 127.0.0.1/39125] INFO  ozone.MiniOzoneClusterImpl (MiniOzoneClusterImpl.java:lambda$waitForClusterToBeReady$0(226)) - Waiting for cluster to exit safe mode
2022-06-25 01:03:12,003 [Listener at 127.0.0.1/39125] INFO  ozone.MiniOzoneClusterImpl (MiniOzoneClusterImpl.java:lambda$waitForClusterToBeReady$0(228)) - SCM became leader
2022-06-25 01:03:12,105 [EventQueue-OpenPipelineForHealthyPipelineSafeModeRule] INFO  safemode.SCMSafeModeManager (HealthyPipelineSafeModeRule.java:process(124)) - SCM in safe mode. Healthy pipelines reported count is 0, required healthy pipeline reported count is 1
2022-06-25 01:03:12,106 [EventQueue-OpenPipelineForHealthyPipelineSafeModeRule] INFO  safemode.SCMSafeModeManager (HealthyPipelineSafeModeRule.java:process(124)) - SCM in safe mode. Healthy pipelines reported count is 0, required healthy pipeline reported count is 1
2022-06-25 01:03:12,181 [ReplicationMonitor] INFO  replication.ReplicationManager (ReplicationManager.java:processAll(228)) - Replication Manager is not ready to run until 3000ms after safemode exit
2022-06-25 01:03:12,192 [EventQueue-OpenPipelineForHealthyPipelineSafeModeRule] INFO  safemode.SCMSafeModeManager (HealthyPipelineSafeModeRule.java:process(124)) - SCM in safe mode. Healthy pipelines reported count is 0, required healthy pipeline reported count is 1
2022-06-25 01:03:12,314 [EventQueue-OpenPipelineForHealthyPipelineSafeModeRule] INFO  safemode.SCMSafeModeManager (HealthyPipelineSafeModeRule.java:process(124)) - SCM in safe mode. Healthy pipelines reported count is 0, required healthy pipeline reported count is 1
2022-06-25 01:03:12,718 [EventQueue-OpenPipelineForHealthyPipelineSafeModeRule] INFO  safemode.SCMSafeModeManager (HealthyPipelineSafeModeRule.java:process(124)) - SCM in safe mode. Healthy pipelines reported count is 0, required healthy pipeline reported count is 1
2022-06-25 01:03:13,003 [Listener at 127.0.0.1/39125] INFO  ozone.MiniOzoneClusterImpl (MiniOzoneClusterImpl.java:lambda$waitForClusterToBeReady$0(223)) - Nodes are ready. Got 6 of 6 DN Heartbeats.
2022-06-25 01:03:13,003 [Listener at 127.0.0.1/39125] INFO  ozone.MiniOzoneClusterImpl (MiniOzoneClusterImpl.java:lambda$waitForClusterToBeReady$0(226)) - Waiting for cluster to exit safe mode
2022-06-25 01:03:13,003 [Listener at 127.0.0.1/39125] INFO  ozone.MiniOzoneClusterImpl (MiniOzoneClusterImpl.java:lambda$waitForClusterToBeReady$0(228)) - SCM became leader
2022-06-25 01:03:13,106 [EventQueue-OpenPipelineForHealthyPipelineSafeModeRule] INFO  safemode.SCMSafeModeManager (HealthyPipelineSafeModeRule.java:process(124)) - SCM in safe mode. Healthy pipelines reported count is 0, required healthy pipeline reported count is 1
2022-06-25 01:03:13,181 [ReplicationMonitor] INFO  replication.ReplicationManager (ReplicationManager.java:processAll(228)) - Replication Manager is not ready to run until 3000ms after safemode exit
2022-06-25 01:03:13,192 [EventQueue-OpenPipelineForHealthyPipelineSafeModeRule] INFO  safemode.SCMSafeModeManager (HealthyPipelineSafeModeRule.java:process(124)) - SCM in safe mode. Healthy pipelines reported count is 0, required healthy pipeline reported count is 1
2022-06-25 01:03:13,275 [9603e1cc-a61d-4021-a0fc-b8ccd0a3aeb5@group-15F02B6BCB68-FollowerState] INFO  impl.FollowerState (FollowerState.java:run(143)) - 9603e1cc-a61d-4021-a0fc-b8ccd0a3aeb5@group-15F02B6BCB68-FollowerState: change to CANDIDATE, lastRpcElapsedTime:5029315309ns, electionTimeout:5023ms
2022-06-25 01:03:13,276 [9603e1cc-a61d-4021-a0fc-b8ccd0a3aeb5@group-15F02B6BCB68-FollowerState] INFO  impl.RoleInfo (RoleInfo.java:shutdownFollowerState(110)) - 9603e1cc-a61d-4021-a0fc-b8ccd0a3aeb5: shutdown 9603e1cc-a61d-4021-a0fc-b8ccd0a3aeb5@group-15F02B6BCB68-FollowerState
2022-06-25 01:03:13,276 [9603e1cc-a61d-4021-a0fc-b8ccd0a3aeb5@group-15F02B6BCB68-FollowerState] INFO  server.RaftServer$Division (RaftServerImpl.java:setRole(299)) - 9603e1cc-a61d-4021-a0fc-b8ccd0a3aeb5@group-15F02B6BCB68: changes role from  FOLLOWER to CANDIDATE at term 1 for changeToCandidate
2022-06-25 01:03:13,276 [9603e1cc-a61d-4021-a0fc-b8ccd0a3aeb5@group-15F02B6BCB68-FollowerState] INFO  server.RaftServerConfigKeys (ConfUtils.java:logGet(46)) - raft.server.leaderelection.pre-vote = false (custom)
2022-06-25 01:03:13,276 [9603e1cc-a61d-4021-a0fc-b8ccd0a3aeb5@group-15F02B6BCB68-FollowerState] INFO  impl.RoleInfo (RoleInfo.java:updateAndGet(139)) - 9603e1cc-a61d-4021-a0fc-b8ccd0a3aeb5: start 9603e1cc-a61d-4021-a0fc-b8ccd0a3aeb5@group-15F02B6BCB68-LeaderElection10
2022-06-25 01:03:13,279 [9603e1cc-a61d-4021-a0fc-b8ccd0a3aeb5@group-15F02B6BCB68-LeaderElection10] INFO  impl.LeaderElection (LeaderElection.java:askForVotes(310)) - 9603e1cc-a61d-4021-a0fc-b8ccd0a3aeb5@group-15F02B6BCB68-LeaderElection10 ELECTION round 0: submit vote requests at term 2 for -1: [9603e1cc-a61d-4021-a0fc-b8ccd0a3aeb5|rpc:10.1.0.8:46353|priority:1, c19fc8e0-326e-4773-b88f-3f9b256b9096|rpc:10.1.0.8:33079|priority:0, c48feabb-8c37-49df-8552-4f20ff63b661|rpc:10.1.0.8:40341|priority:0], old=null
2022-06-25 01:03:13,302 [grpc-default-executor-0] INFO  server.RaftServer$Division (RaftServerImpl.java:requestVote(1152)) - c19fc8e0-326e-4773-b88f-3f9b256b9096@group-15F02B6BCB68: receive requestVote(ELECTION, 9603e1cc-a61d-4021-a0fc-b8ccd0a3aeb5, group-15F02B6BCB68, 2, (t:0, i:0))
2022-06-25 01:03:13,302 [grpc-default-executor-0] INFO  impl.VoteContext (VoteContext.java:log(48)) - c19fc8e0-326e-4773-b88f-3f9b256b9096@group-15F02B6BCB68-FOLLOWER: accept ELECTION from 9603e1cc-a61d-4021-a0fc-b8ccd0a3aeb5: our priority 0 <= candidate's priority 1
2022-06-25 01:03:13,302 [grpc-default-executor-0] INFO  server.RaftServer$Division (RaftServerImpl.java:setRole(299)) - c19fc8e0-326e-4773-b88f-3f9b256b9096@group-15F02B6BCB68: changes role from  FOLLOWER to FOLLOWER at term 2 for candidate:9603e1cc-a61d-4021-a0fc-b8ccd0a3aeb5
2022-06-25 01:03:13,302 [grpc-default-executor-0] INFO  impl.RoleInfo (RoleInfo.java:shutdownFollowerState(110)) - c19fc8e0-326e-4773-b88f-3f9b256b9096: shutdown c19fc8e0-326e-4773-b88f-3f9b256b9096@group-15F02B6BCB68-FollowerState
2022-06-25 01:03:13,302 [grpc-default-executor-0] INFO  impl.RoleInfo (RoleInfo.java:updateAndGet(139)) - c19fc8e0-326e-4773-b88f-3f9b256b9096: start c19fc8e0-326e-4773-b88f-3f9b256b9096@group-15F02B6BCB68-FollowerState
2022-06-25 01:03:13,302 [c19fc8e0-326e-4773-b88f-3f9b256b9096@group-15F02B6BCB68-FollowerState] INFO  impl.FollowerState (FollowerState.java:run(152)) - c19fc8e0-326e-4773-b88f-3f9b256b9096@group-15F02B6BCB68-FollowerState was interrupted
2022-06-25 01:03:13,303 [grpc-default-executor-1] INFO  server.RaftServer$Division (RaftServerImpl.java:requestVote(1152)) - c48feabb-8c37-49df-8552-4f20ff63b661@group-15F02B6BCB68: receive requestVote(ELECTION, 9603e1cc-a61d-4021-a0fc-b8ccd0a3aeb5, group-15F02B6BCB68, 2, (t:0, i:0))
2022-06-25 01:03:13,303 [grpc-default-executor-1] INFO  impl.VoteContext (VoteContext.java:log(48)) - c48feabb-8c37-49df-8552-4f20ff63b661@group-15F02B6BCB68-FOLLOWER: accept ELECTION from 9603e1cc-a61d-4021-a0fc-b8ccd0a3aeb5: our priority 0 <= candidate's priority 1
2022-06-25 01:03:13,303 [grpc-default-executor-1] INFO  server.RaftServer$Division (RaftServerImpl.java:setRole(299)) - c48feabb-8c37-49df-8552-4f20ff63b661@group-15F02B6BCB68: changes role from  FOLLOWER to FOLLOWER at term 2 for candidate:9603e1cc-a61d-4021-a0fc-b8ccd0a3aeb5
2022-06-25 01:03:13,303 [grpc-default-executor-1] INFO  impl.RoleInfo (RoleInfo.java:shutdownFollowerState(110)) - c48feabb-8c37-49df-8552-4f20ff63b661: shutdown c48feabb-8c37-49df-8552-4f20ff63b661@group-15F02B6BCB68-FollowerState
2022-06-25 01:03:13,303 [grpc-default-executor-1] INFO  impl.RoleInfo (RoleInfo.java:updateAndGet(139)) - c48feabb-8c37-49df-8552-4f20ff63b661: start c48feabb-8c37-49df-8552-4f20ff63b661@group-15F02B6BCB68-FollowerState
2022-06-25 01:03:13,303 [c48feabb-8c37-49df-8552-4f20ff63b661@group-15F02B6BCB68-FollowerState] INFO  impl.FollowerState (FollowerState.java:run(152)) - c48feabb-8c37-49df-8552-4f20ff63b661@group-15F02B6BCB68-FollowerState was interrupted
2022-06-25 01:03:13,306 [grpc-default-executor-0] INFO  server.RaftServer$Division (RaftServerImpl.java:requestVote(1184)) - c19fc8e0-326e-4773-b88f-3f9b256b9096@group-15F02B6BCB68 replies to ELECTION vote request: 9603e1cc-a61d-4021-a0fc-b8ccd0a3aeb5<-c19fc8e0-326e-4773-b88f-3f9b256b9096#0:OK-t2. Peer's state: c19fc8e0-326e-4773-b88f-3f9b256b9096@group-15F02B6BCB68:t2, leader=null, voted=9603e1cc-a61d-4021-a0fc-b8ccd0a3aeb5, raftlog=c19fc8e0-326e-4773-b88f-3f9b256b9096@group-15F02B6BCB68-SegmentedRaftLog:OPENED:c-1, conf=-1: [9603e1cc-a61d-4021-a0fc-b8ccd0a3aeb5|rpc:10.1.0.8:46353|dataStream:|priority:1, c19fc8e0-326e-4773-b88f-3f9b256b9096|rpc:10.1.0.8:33079|dataStream:|priority:0, c48feabb-8c37-49df-8552-4f20ff63b661|rpc:10.1.0.8:40341|dataStream:|priority:0], old=null
2022-06-25 01:03:13,314 [grpc-default-executor-1] INFO  server.RaftServer$Division (RaftServerImpl.java:requestVote(1184)) - c48feabb-8c37-49df-8552-4f20ff63b661@group-15F02B6BCB68 replies to ELECTION vote request: 9603e1cc-a61d-4021-a0fc-b8ccd0a3aeb5<-c48feabb-8c37-49df-8552-4f20ff63b661#0:OK-t2. Peer's state: c48feabb-8c37-49df-8552-4f20ff63b661@group-15F02B6BCB68:t2, leader=null, voted=9603e1cc-a61d-4021-a0fc-b8ccd0a3aeb5, raftlog=c48feabb-8c37-49df-8552-4f20ff63b661@group-15F02B6BCB68-SegmentedRaftLog:OPENED:c-1, conf=-1: [9603e1cc-a61d-4021-a0fc-b8ccd0a3aeb5|rpc:10.1.0.8:46353|priority:1, c19fc8e0-326e-4773-b88f-3f9b256b9096|rpc:10.1.0.8:33079|priority:0, c48feabb-8c37-49df-8552-4f20ff63b661|rpc:10.1.0.8:40341|priority:0], old=null
2022-06-25 01:03:13,317 [9603e1cc-a61d-4021-a0fc-b8ccd0a3aeb5@group-15F02B6BCB68-LeaderElection10] INFO  impl.LeaderElection (LeaderElection.java:logAndReturn(90)) - 9603e1cc-a61d-4021-a0fc-b8ccd0a3aeb5@group-15F02B6BCB68-LeaderElection10: ELECTION PASSED received 1 response(s) and 0 exception(s):
2022-06-25 01:03:13,318 [9603e1cc-a61d-4021-a0fc-b8ccd0a3aeb5@group-15F02B6BCB68-LeaderElection10] INFO  impl.LeaderElection (LeaderElection.java:logAndReturn(94)) -   Response 0: 9603e1cc-a61d-4021-a0fc-b8ccd0a3aeb5<-c19fc8e0-326e-4773-b88f-3f9b256b9096#0:OK-t2
2022-06-25 01:03:13,318 [9603e1cc-a61d-4021-a0fc-b8ccd0a3aeb5@group-15F02B6BCB68-LeaderElection10] INFO  impl.LeaderElection (LeaderElection.java:askForVotes(312)) - 9603e1cc-a61d-4021-a0fc-b8ccd0a3aeb5@group-15F02B6BCB68-LeaderElection10 ELECTION round 0: result PASSED
2022-06-25 01:03:13,318 [9603e1cc-a61d-4021-a0fc-b8ccd0a3aeb5@group-15F02B6BCB68-LeaderElection10] INFO  impl.RoleInfo (RoleInfo.java:shutdownLeaderElection(130)) - 9603e1cc-a61d-4021-a0fc-b8ccd0a3aeb5: shutdown 9603e1cc-a61d-4021-a0fc-b8ccd0a3aeb5@group-15F02B6BCB68-LeaderElection10
2022-06-25 01:03:13,318 [9603e1cc-a61d-4021-a0fc-b8ccd0a3aeb5@group-15F02B6BCB68-LeaderElection10] INFO  server.RaftServer$Division (RaftServerImpl.java:setRole(299)) - 9603e1cc-a61d-4021-a0fc-b8ccd0a3aeb5@group-15F02B6BCB68: changes role from CANDIDATE to LEADER at term 2 for changeToLeader
2022-06-25 01:03:13,318 [9603e1cc-a61d-4021-a0fc-b8ccd0a3aeb5@group-15F02B6BCB68-LeaderElection10] INFO  ratis.XceiverServerRatis (XceiverServerRatis.java:handleLeaderChangedNotification(863)) - Leader change notification received for group: group-15F02B6BCB68 with new leaderId: 9603e1cc-a61d-4021-a0fc-b8ccd0a3aeb5
2022-06-25 01:03:13,318 [9603e1cc-a61d-4021-a0fc-b8ccd0a3aeb5@group-15F02B6BCB68-LeaderElection10] INFO  server.RaftServer$Division (ServerState.java:setLeader(287)) - 9603e1cc-a61d-4021-a0fc-b8ccd0a3aeb5@group-15F02B6BCB68: change Leader from null to 9603e1cc-a61d-4021-a0fc-b8ccd0a3aeb5 at term 2 for becomeLeader, leader elected after 9700ms
2022-06-25 01:03:13,319 [9603e1cc-a61d-4021-a0fc-b8ccd0a3aeb5@group-15F02B6BCB68-LeaderElection10] INFO  server.RaftServerConfigKeys (ConfUtils.java:logGet(46)) - raft.server.staging.catchup.gap = 1000 (default)
2022-06-25 01:03:13,319 [9603e1cc-a61d-4021-a0fc-b8ccd0a3aeb5@group-15F02B6BCB68-LeaderElection10] INFO  server.RaftServerConfigKeys (ConfUtils.java:logGet(46)) - raft.server.write.element-limit = 1024 (custom)
2022-06-25 01:03:13,319 [9603e1cc-a61d-4021-a0fc-b8ccd0a3aeb5@group-15F02B6BCB68-LeaderElection10] INFO  server.RaftServerConfigKeys (ConfUtils.java:logGet(46)) - raft.server.write.byte-limit = 1024 M (=1073741824) (custom)
2022-06-25 01:03:13,319 [9603e1cc-a61d-4021-a0fc-b8ccd0a3aeb5@group-15F02B6BCB68-LeaderElection10] INFO  server.RaftServerConfigKeys (ConfUtils.java:logGet(46)) - raft.server.watch.timeout = 180s (custom)
2022-06-25 01:03:13,319 [9603e1cc-a61d-4021-a0fc-b8ccd0a3aeb5@group-15F02B6BCB68-LeaderElection10] INFO  server.RaftServerConfigKeys (ConfUtils.java:logGet(46)) - raft.server.watch.timeout.denomination = 1s (default)
2022-06-25 01:03:13,319 [9603e1cc-a61d-4021-a0fc-b8ccd0a3aeb5@group-15F02B6BCB68-LeaderElection10] INFO  server.RaftServerConfigKeys (ConfUtils.java:logGet(46)) - raft.server.watch.element-limit = 65536 (default)
2022-06-25 01:03:13,320 [9603e1cc-a61d-4021-a0fc-b8ccd0a3aeb5@group-15F02B6BCB68-LeaderElection10] INFO  server.RaftServerConfigKeys (ConfUtils.java:logGet(46)) - raft.server.write.element-limit = 1024 (custom)
2022-06-25 01:03:13,320 [9603e1cc-a61d-4021-a0fc-b8ccd0a3aeb5@group-15F02B6BCB68-LeaderElection10] INFO  server.RaftServerConfigKeys (ConfUtils.java:logGet(46)) - raft.server.write.follower.gap.ratio.max = -1.0 (default)
2022-06-25 01:03:13,322 [EventQueue-OpenPipelineForHealthyPipelineSafeModeRule] INFO  safemode.SCMSafeModeManager (HealthyPipelineSafeModeRule.java:process(124)) - SCM in safe mode. Healthy pipelines reported count is 0, required healthy pipeline reported count is 1
2022-06-25 01:03:13,322 [EventQueue-PipelineReportForPipelineReportHandler] INFO  pipeline.PipelineManagerImpl (PipelineManagerImpl.java:openPipeline(358)) - Pipeline Pipeline[ Id: 14ee4080-8118-4ac0-97fa-15f02b6bcb68, Nodes: c48feabb-8c37-49df-8552-4f20ff63b661{ip: 10.1.0.8, host: fv-az66-546.vwcdieab4koerntclszyavmfxa.dx.internal.cloudapp.net, ports: [REPLICATION=34103, RATIS=40341, RATIS_ADMIN=40341, RATIS_SERVER=40341, STANDALONE=45743], networkLocation: /default-rack, certSerialId: null, persistedOpState: IN_SERVICE, persistedOpStateExpiryEpochSec: 0}9603e1cc-a61d-4021-a0fc-b8ccd0a3aeb5{ip: 10.1.0.8, host: fv-az66-546.vwcdieab4koerntclszyavmfxa.dx.internal.cloudapp.net, ports: [REPLICATION=45565, RATIS=46353, RATIS_ADMIN=46353, RATIS_SERVER=46353, STANDALONE=33245], networkLocation: /default-rack, certSerialId: null, persistedOpState: IN_SERVICE, persistedOpStateExpiryEpochSec: 0}c19fc8e0-326e-4773-b88f-3f9b256b9096{ip: 10.1.0.8, host: fv-az66-546.vwcdieab4koerntclszyavmfxa.dx.internal.cloudapp.net, ports: [REPLICATION=46197, RATIS=33079, RATIS_ADMIN=33079, RATIS_SERVER=33079, STANDALONE=44395], networkLocation: /default-rack, certSerialId: null, persistedOpState: IN_SERVICE, persistedOpStateExpiryEpochSec: 0}, ReplicationConfig: RATIS/THREE, State:ALLOCATED, leaderId:9603e1cc-a61d-4021-a0fc-b8ccd0a3aeb5, CreationTimestamp2022-06-25T01:03:00.911Z[Etc/UTC]] moved to OPEN state
2022-06-25 01:03:13,328 [EventQueue-OpenPipelineForHealthyPipelineSafeModeRule] INFO  safemode.SCMSafeModeManager (HealthyPipelineSafeModeRule.java:process(124)) - SCM in safe mode. Healthy pipelines reported count is 1, required healthy pipeline reported count is 1
2022-06-25 01:03:13,328 [EventQueue-OpenPipelineForHealthyPipelineSafeModeRule] INFO  safemode.SCMSafeModeManager (SCMSafeModeManager.java:validateSafeModeExitRules(204)) - HealthyPipelineSafeModeRule rule is successfully validated
2022-06-25 01:03:13,328 [EventQueue-OpenPipelineForHealthyPipelineSafeModeRule] INFO  safemode.SCMSafeModeManager (SCMSafeModeManager.java:validateSafeModeExitRules(219)) - ScmSafeModeManager, all rules are successfully validated
2022-06-25 01:03:13,328 [EventQueue-OpenPipelineForHealthyPipelineSafeModeRule] INFO  safemode.SCMSafeModeManager (SCMSafeModeManager.java:exitSafeMode(248)) - SCM exiting safe mode.
2022-06-25 01:03:13,328 [EventQueue-OpenPipelineForHealthyPipelineSafeModeRule] WARN  events.EventQueue (EventQueue.java:fireEvent(216)) - No event handler registered for event TypedEvent{payloadType=SafeModeStatus, name='Safe mode status'}
2022-06-25 01:03:13,328 [EventQueue-OpenPipelineForHealthyPipelineSafeModeRule] INFO  ha.SCMContext (SCMContext.java:updateSafeModeStatus(228)) - Update SafeModeStatus from SafeModeStatus{safeModeStatus=true, preCheckPassed=true} to SafeModeStatus{safeModeStatus=false, preCheckPassed=true}.
2022-06-25 01:03:13,328 [EventQueue-OpenPipelineForHealthyPipelineSafeModeRule] INFO  pipeline.BackgroundPipelineCreator (BackgroundPipelineCreator.java:notifyStatusChanged(253)) - Service BackgroundPipelineCreator transitions to RUNNING.
2022-06-25 01:03:13,328 [EventQueue-OpenPipelineForHealthyPipelineSafeModeRule] INFO  BackgroundPipelineScrubber (BackgroundSCMService.java:notifyStatusChanged(82)) - Service BackgroundPipelineScrubber transitions to RUNNING.
2022-06-25 01:03:13,328 [EventQueue-OpenPipelineForHealthyPipelineSafeModeRule] INFO  ExpiredContainerReplicaOpScrubber (BackgroundSCMService.java:notifyStatusChanged(82)) - Service ExpiredContainerReplicaOpScrubber transitions to RUNNING.
2022-06-25 01:03:13,328 [EventQueue-OpenPipelineForHealthyPipelineSafeModeRule] INFO  replication.ReplicationManager (ReplicationManager.java:notifyStatusChanged(372)) - Service ReplicationManager transitions to RUNNING.
2022-06-25 01:03:13,329 [EventQueue-OpenPipelineForHealthyPipelineSafeModeRule] WARN  balancer.ContainerBalancer (ContainerBalancer.java:shouldRun(875)) - Could not find persisted configuration for ContainerBalancer when checking if ContainerBalancer should run. ContainerBalancer should not run now.
2022-06-25 01:03:13,333 [9603e1cc-a61d-4021-a0fc-b8ccd0a3aeb5@group-15F02B6BCB68-LeaderElection10] INFO  server.RaftServerConfigKeys (ConfUtils.java:logGet(46)) - raft.server.log.appender.snapshot.chunk.size.max = 16MB (=16777216) (default)
2022-06-25 01:03:13,334 [9603e1cc-a61d-4021-a0fc-b8ccd0a3aeb5@group-15F02B6BCB68-LeaderElection10] INFO  server.RaftServerConfigKeys (ConfUtils.java:logGet(46)) - raft.server.log.appender.buffer.byte-limit = 33554432 (custom)
2022-06-25 01:03:13,334 [9603e1cc-a61d-4021-a0fc-b8ccd0a3aeb5@group-15F02B6BCB68-LeaderElection10] INFO  server.RaftServerConfigKeys (ConfUtils.java:logGet(46)) - raft.server.log.appender.buffer.element-limit = 1 (custom)
2022-06-25 01:03:13,337 [9603e1cc-a61d-4021-a0fc-b8ccd0a3aeb5@group-15F02B6BCB68-LeaderElection10] INFO  grpc.GrpcConfigKeys (ConfUtils.java:logGet(46)) - raft.grpc.server.leader.outstanding.appends.max = 128 (default)
2022-06-25 01:03:13,338 [9603e1cc-a61d-4021-a0fc-b8ccd0a3aeb5@group-15F02B6BCB68-LeaderElection10] INFO  server.RaftServerConfigKeys (ConfUtils.java:logGet(46)) - raft.server.rpc.request.timeout = 60s (custom)
2022-06-25 01:03:13,338 [9603e1cc-a61d-4021-a0fc-b8ccd0a3aeb5@group-15F02B6BCB68-LeaderElection10] INFO  server.RaftServerConfigKeys (ConfUtils.java:logGet(46)) - raft.server.log.appender.install.snapshot.enabled = false (custom)
2022-06-25 01:03:13,340 [9603e1cc-a61d-4021-a0fc-b8ccd0a3aeb5@group-15F02B6BCB68-LeaderElection10] INFO  server.RaftServerConfigKeys (ConfUtils.java:logGet(46)) - raft.server.log.appender.snapshot.chunk.size.max = 16MB (=16777216) (default)
2022-06-25 01:03:13,340 [9603e1cc-a61d-4021-a0fc-b8ccd0a3aeb5@group-15F02B6BCB68-LeaderElection10] INFO  server.RaftServerConfigKeys (ConfUtils.java:logGet(46)) - raft.server.log.appender.buffer.byte-limit = 33554432 (custom)
2022-06-25 01:03:13,340 [9603e1cc-a61d-4021-a0fc-b8ccd0a3aeb5@group-15F02B6BCB68-LeaderElection10] INFO  server.RaftServerConfigKeys (ConfUtils.java:logGet(46)) - raft.server.log.appender.buffer.element-limit = 1 (custom)
2022-06-25 01:03:13,341 [9603e1cc-a61d-4021-a0fc-b8ccd0a3aeb5@group-15F02B6BCB68-LeaderElection10] INFO  grpc.GrpcConfigKeys (ConfUtils.java:logGet(46)) - raft.grpc.server.leader.outstanding.appends.max = 128 (default)
2022-06-25 01:03:13,341 [9603e1cc-a61d-4021-a0fc-b8ccd0a3aeb5@group-15F02B6BCB68-LeaderElection10] INFO  server.RaftServerConfigKeys (ConfUtils.java:logGet(46)) - raft.server.rpc.request.timeout = 60s (custom)
2022-06-25 01:03:13,341 [9603e1cc-a61d-4021-a0fc-b8ccd0a3aeb5@group-15F02B6BCB68-LeaderElection10] INFO  server.RaftServerConfigKeys (ConfUtils.java:logGet(46)) - raft.server.log.appender.install.snapshot.enabled = false (custom)
2022-06-25 01:03:13,342 [9603e1cc-a61d-4021-a0fc-b8ccd0a3aeb5@group-15F02B6BCB68-LeaderElection10] INFO  impl.RoleInfo (RoleInfo.java:updateAndGet(139)) - 9603e1cc-a61d-4021-a0fc-b8ccd0a3aeb5: start 9603e1cc-a61d-4021-a0fc-b8ccd0a3aeb5@group-15F02B6BCB68-LeaderStateImpl
2022-06-25 01:03:13,342 [9603e1cc-a61d-4021-a0fc-b8ccd0a3aeb5@group-15F02B6BCB68-LeaderElection10] INFO  segmented.SegmentedRaftLogWorker (SegmentedRaftLogWorker.java:startLogSegment(425)) - 9603e1cc-a61d-4021-a0fc-b8ccd0a3aeb5@group-15F02B6BCB68-SegmentedRaftLogWorker: Starting segment from index:0
2022-06-25 01:03:13,344 [9603e1cc-a61d-4021-a0fc-b8ccd0a3aeb5@group-15F02B6BCB68-SegmentedRaftLogWorker] INFO  segmented.SegmentedRaftLogWorker (SegmentedRaftLogWorker.java:execute(629)) - 9603e1cc-a61d-4021-a0fc-b8ccd0a3aeb5@group-15F02B6BCB68-SegmentedRaftLogWorker: created new log segment /home/runner/work/ozone/ozone/hadoop-ozone/integration-test/target/test-dir/MiniOzoneClusterImpl-c4196b3a-7304-418b-bc70-42ac552e857c/datanode-1/data/ratis/14ee4080-8118-4ac0-97fa-15f02b6bcb68/current/log_inprogress_0
2022-06-25 01:03:13,350 [9603e1cc-a61d-4021-a0fc-b8ccd0a3aeb5@group-15F02B6BCB68-LeaderElection10] INFO  server.RaftServer$Division (ServerState.java:setRaftConf(393)) - 9603e1cc-a61d-4021-a0fc-b8ccd0a3aeb5@group-15F02B6BCB68: set configuration 0: [9603e1cc-a61d-4021-a0fc-b8ccd0a3aeb5|rpc:10.1.0.8:46353|dataStream:|priority:1, c19fc8e0-326e-4773-b88f-3f9b256b9096|rpc:10.1.0.8:33079|dataStream:|priority:0, c48feabb-8c37-49df-8552-4f20ff63b661|rpc:10.1.0.8:40341|dataStream:|priority:0], old=null
2022-06-25 01:03:13,388 [c48feabb-8c37-49df-8552-4f20ff63b661-server-thread1] INFO  ratis.XceiverServerRatis (XceiverServerRatis.java:handleLeaderChangedNotification(863)) - Leader change notification received for group: group-15F02B6BCB68 with new leaderId: 9603e1cc-a61d-4021-a0fc-b8ccd0a3aeb5
2022-06-25 01:03:13,388 [c48feabb-8c37-49df-8552-4f20ff63b661-server-thread1] INFO  server.RaftServer$Division (ServerState.java:setLeader(287)) - c48feabb-8c37-49df-8552-4f20ff63b661@group-15F02B6BCB68: change Leader from null to 9603e1cc-a61d-4021-a0fc-b8ccd0a3aeb5 at term 2 for appendEntries, leader elected after 10339ms
2022-06-25 01:03:13,396 [c19fc8e0-326e-4773-b88f-3f9b256b9096-server-thread1] INFO  ratis.XceiverServerRatis (XceiverServerRatis.java:handleLeaderChangedNotification(863)) - Leader change notification received for group: group-15F02B6BCB68 with new leaderId: 9603e1cc-a61d-4021-a0fc-b8ccd0a3aeb5
2022-06-25 01:03:13,397 [c19fc8e0-326e-4773-b88f-3f9b256b9096-server-thread1] INFO  server.RaftServer$Division (ServerState.java:setLeader(287)) - c19fc8e0-326e-4773-b88f-3f9b256b9096@group-15F02B6BCB68: change Leader from null to 9603e1cc-a61d-4021-a0fc-b8ccd0a3aeb5 at term 2 for appendEntries, leader elected after 9514ms
2022-06-25 01:03:13,408 [c19fc8e0-326e-4773-b88f-3f9b256b9096-server-thread1] INFO  server.RaftServer$Division (ServerState.java:setRaftConf(393)) - c19fc8e0-326e-4773-b88f-3f9b256b9096@group-15F02B6BCB68: set configuration 0: [9603e1cc-a61d-4021-a0fc-b8ccd0a3aeb5|rpc:10.1.0.8:46353|dataStream:|priority:1, c19fc8e0-326e-4773-b88f-3f9b256b9096|rpc:10.1.0.8:33079|dataStream:|priority:0, c48feabb-8c37-49df-8552-4f20ff63b661|rpc:10.1.0.8:40341|dataStream:|priority:0], old=null
2022-06-25 01:03:13,408 [c19fc8e0-326e-4773-b88f-3f9b256b9096-server-thread1] INFO  segmented.SegmentedRaftLogWorker (SegmentedRaftLogWorker.java:startLogSegment(425)) - c19fc8e0-326e-4773-b88f-3f9b256b9096@group-15F02B6BCB68-SegmentedRaftLogWorker: Starting segment from index:0
2022-06-25 01:03:13,413 [c19fc8e0-326e-4773-b88f-3f9b256b9096@group-15F02B6BCB68-SegmentedRaftLogWorker] INFO  segmented.SegmentedRaftLogWorker (SegmentedRaftLogWorker.java:execute(629)) - c19fc8e0-326e-4773-b88f-3f9b256b9096@group-15F02B6BCB68-SegmentedRaftLogWorker: created new log segment /home/runner/work/ozone/ozone/hadoop-ozone/integration-test/target/test-dir/MiniOzoneClusterImpl-c4196b3a-7304-418b-bc70-42ac552e857c/datanode-2/data/ratis/14ee4080-8118-4ac0-97fa-15f02b6bcb68/current/log_inprogress_0
2022-06-25 01:03:13,418 [c48feabb-8c37-49df-8552-4f20ff63b661-server-thread1] INFO  server.RaftServer$Division (ServerState.java:setRaftConf(393)) - c48feabb-8c37-49df-8552-4f20ff63b661@group-15F02B6BCB68: set configuration 0: [9603e1cc-a61d-4021-a0fc-b8ccd0a3aeb5|rpc:10.1.0.8:46353|dataStream:|priority:1, c19fc8e0-326e-4773-b88f-3f9b256b9096|rpc:10.1.0.8:33079|dataStream:|priority:0, c48feabb-8c37-49df-8552-4f20ff63b661|rpc:10.1.0.8:40341|dataStream:|priority:0], old=null
2022-06-25 01:03:13,420 [c48feabb-8c37-49df-8552-4f20ff63b661-server-thread1] INFO  segmented.SegmentedRaftLogWorker (SegmentedRaftLogWorker.java:startLogSegment(425)) - c48feabb-8c37-49df-8552-4f20ff63b661@group-15F02B6BCB68-SegmentedRaftLogWorker: Starting segment from index:0
2022-06-25 01:03:13,422 [c48feabb-8c37-49df-8552-4f20ff63b661@group-15F02B6BCB68-SegmentedRaftLogWorker] INFO  segmented.SegmentedRaftLogWorker (SegmentedRaftLogWorker.java:execute(629)) - c48feabb-8c37-49df-8552-4f20ff63b661@group-15F02B6BCB68-SegmentedRaftLogWorker: created new log segment /home/runner/work/ozone/ozone/hadoop-ozone/integration-test/target/test-dir/MiniOzoneClusterImpl-c4196b3a-7304-418b-bc70-42ac552e857c/datanode-0/data/ratis/14ee4080-8118-4ac0-97fa-15f02b6bcb68/current/log_inprogress_0
2022-06-25 01:03:14,004 [Listener at 127.0.0.1/39125] INFO  ozone.MiniOzoneClusterImpl (MiniOzoneClusterImpl.java:lambda$waitForClusterToBeReady$0(223)) - Nodes are ready. Got 6 of 6 DN Heartbeats.
2022-06-25 01:03:14,004 [Listener at 127.0.0.1/39125] INFO  ozone.MiniOzoneClusterImpl (MiniOzoneClusterImpl.java:lambda$waitForClusterToBeReady$0(226)) - Cluster exits safe mode
2022-06-25 01:03:14,004 [Listener at 127.0.0.1/39125] INFO  ozone.MiniOzoneClusterImpl (MiniOzoneClusterImpl.java:lambda$waitForClusterToBeReady$0(228)) - SCM became leader
2022-06-25 01:03:14,029 [Listener at 127.0.0.1/39125] WARN  server.ServerUtils (ServerUtils.java:getScmDbDir(148)) - ozone.scm.db.dirs is not configured. We recommend adding this setting. Falling back to ozone.metadata.dirs instead.
2022-06-25 01:03:14,032 [Listener at 127.0.0.1/39125] WARN  server.ServerUtils (ServerUtils.java:getScmDbDir(148)) - ozone.scm.db.dirs is not configured. We recommend adding this setting. Falling back to ozone.metadata.dirs instead.
2022-06-25 01:03:14,033 [Listener at 127.0.0.1/39125] INFO  ha.SCMHANodeDetails (SCMHANodeDetails.java:loadSCMHAConfig(209)) - ServiceID for StorageContainerManager is null
2022-06-25 01:03:14,033 [Listener at 127.0.0.1/39125] INFO  ha.SCMHANodeDetails (SCMHANodeDetails.java:loadSCMHAConfig(214)) - ozone.scm.default.service.id is not defined, falling back to ozone.scm.service.ids to find serviceID for StorageContainerManager if it is HA enabled cluster
2022-06-25 01:03:14,037 [Listener at 127.0.0.1/39125] WARN  utils.HAUtils (HAUtils.java:getMetaDir(342)) - ozone.scm.db.dirs is not configured. We recommend adding this setting. Falling back to ozone.metadata.dirs instead.
2022-06-25 01:03:14,038 [Listener at 127.0.0.1/39125] WARN  db.DBStoreBuilder (DBStoreBuilder.java:applyDBDefinition(145)) - ozone.scm.db.dirs is not configured. We recommend adding this setting. Falling back to ozone.metadata.dirs instead.
2022-06-25 01:03:14,181 [ReplicationMonitor] INFO  replication.ReplicationManager (ReplicationManager.java:processAll(228)) - Replication Manager is not ready to run until 3000ms after safemode exit
2022-06-25 01:03:14,231 [Listener at 127.0.0.1/39125] INFO  net.NodeSchemaLoader (NodeSchemaLoader.java:loadSchemaFromFile(129)) - Loading schema from [jar:file:/home/runner/.m2/repository/org/apache/ozone/hdds-common/1.3.0-SNAPSHOT/hdds-common-1.3.0-SNAPSHOT.jar!/network-topology-default.xml]
2022-06-25 01:03:14,231 [Listener at 127.0.0.1/39125] INFO  net.NodeSchemaLoader (NodeSchemaLoader.java:loadSchema(176)) - Loading network topology layer schema file
2022-06-25 01:03:14,244 [Listener at 127.0.0.1/39125] WARN  impl.MetricRegistriesImpl (MetricRegistriesImpl.java:addReporterRegistration(111)) - New reporters are added after registries were created. Some metrics will be missing from the reporter. Please add reporter before adding any new registry.
2022-06-25 01:03:14,244 [Listener at 127.0.0.1/39125] WARN  impl.MetricRegistriesImpl (MetricRegistriesImpl.java:addReporterRegistration(111)) - New reporters are added after registries were created. Some metrics will be missing from the reporter. Please add reporter before adding any new registry.
2022-06-25 01:03:14,244 [Listener at 127.0.0.1/39125] INFO  upgrade.AbstractLayoutVersionManager (AbstractLayoutVersionManager.java:init(82)) - Initializing Layout version manager with metadata layout = DATANODE_SCHEMA_V3 (version = 4), software layout = DATANODE_SCHEMA_V3 (version = 4)
2022-06-25 01:03:14,316 [Listener at 127.0.0.1/39125] INFO  reflections.Reflections (Reflections.java:scan(232)) - Reflections took 71 ms to scan 7 urls, producing 131 keys and 316 values 
2022-06-25 01:03:14,326 [Listener at 127.0.0.1/39125] INFO  ha.SequenceIdGenerator (SequenceIdGenerator.java:upgradeToSequenceId(347)) - upgrade localId to 109611004723200000
2022-06-25 01:03:14,326 [Listener at 127.0.0.1/39125] INFO  ha.SequenceIdGenerator (SequenceIdGenerator.java:upgradeToSequenceId(357)) - upgrade delTxnId to 0
2022-06-25 01:03:14,327 [Listener at 127.0.0.1/39125] INFO  ha.SequenceIdGenerator (SequenceIdGenerator.java:upgradeToSequenceId(374)) - upgrade containerId to 0
2022-06-25 01:03:14,327 [Listener at 127.0.0.1/39125] INFO  ha.SequenceIdGenerator (SequenceIdGenerator.java:<init>(218)) - Init the HA SequenceIdGenerator.
2022-06-25 01:03:14,333 [Listener at 127.0.0.1/39125] INFO  node.SCMNodeManager (SCMNodeManager.java:<init>(149)) - Entering startup safe mode.
2022-06-25 01:03:14,334 [Listener at 127.0.0.1/39125] INFO  algorithms.ContainerPlacementPolicyFactory (ContainerPlacementPolicyFactory.java:getPolicyInternal(86)) - Create container placement policy of type org.apache.hadoop.hdds.scm.container.placement.algorithms.SCMContainerPlacementRandom
2022-06-25 01:03:14,334 [Listener at 127.0.0.1/39125] INFO  pipeline.PipelineStateManagerImpl (PipelineStateManagerImpl.java:initialize(78)) - No pipeline exists in current db
2022-06-25 01:03:14,335 [Listener at 127.0.0.1/39125] INFO  algorithms.LeaderChoosePolicyFactory (LeaderChoosePolicyFactory.java:getPolicy(57)) - Create leader choose policy of type org.apache.hadoop.hdds.scm.pipeline.leader.choose.algorithms.MinLeaderCountChoosePolicy
2022-06-25 01:03:14,335 [Listener at 127.0.0.1/39125] INFO  algorithms.ContainerPlacementPolicyFactory (ContainerPlacementPolicyFactory.java:getPolicyInternal(86)) - Create container placement policy of type org.apache.hadoop.hdds.scm.container.placement.algorithms.SCMContainerPlacementRackScatter
2022-06-25 01:03:14,335 [Listener at 127.0.0.1/39125] INFO  pipeline.BackgroundPipelineCreator (BackgroundPipelineCreator.java:start(127)) - Starting RatisPipelineUtilsThread.
2022-06-25 01:03:14,343 [Listener at 127.0.0.1/39125] INFO  BackgroundPipelineScrubber (BackgroundSCMService.java:start(68)) - Starting BackgroundPipelineScrubber Service.
2022-06-25 01:03:14,345 [Listener at 127.0.0.1/39125] INFO  ha.SCMServiceManager (SCMServiceManager.java:register(42)) - Registering service BackgroundPipelineCreator.
2022-06-25 01:03:14,345 [Listener at 127.0.0.1/39125] INFO  ha.SCMServiceManager (SCMServiceManager.java:register(42)) - Registering service BackgroundPipelineScrubber.
2022-06-25 01:03:14,345 [Listener at 127.0.0.1/39125] INFO  ExpiredContainerReplicaOpScrubber (BackgroundSCMService.java:start(68)) - Starting ExpiredContainerReplicaOpScrubber Service.
2022-06-25 01:03:14,352 [Listener at 127.0.0.1/39125] INFO  ha.SCMServiceManager (SCMServiceManager.java:register(42)) - Registering service ExpiredContainerReplicaOpScrubber.
2022-06-25 01:03:14,353 [Listener at 127.0.0.1/39125] INFO  algorithms.PipelineChoosePolicyFactory (PipelineChoosePolicyFactory.java:createPipelineChoosePolicyFromClass(73)) - Create pipeline choose policy of type org.apache.hadoop.hdds.scm.pipeline.choose.algorithms.RandomPipelineChoosePolicy
2022-06-25 01:03:14,353 [Listener at 127.0.0.1/39125] INFO  ha.SCMServiceManager (SCMServiceManager.java:register(42)) - Registering service SCMBlockDeletingService.
2022-06-25 01:03:14,353 [Listener at 127.0.0.1/39125] INFO  ha.SCMServiceManager (SCMServiceManager.java:register(42)) - Registering service ReplicationManager.
2022-06-25 01:03:14,353 [Listener at 127.0.0.1/39125] INFO  replication.ReplicationManager (ReplicationManager.java:start(179)) - Starting Replication Monitor Thread.
2022-06-25 01:03:14,363 [Listener at 127.0.0.1/39125] INFO  safemode.ContainerSafeModeRule (ContainerSafeModeRule.java:<init>(89)) - containers with one replica threshold count 0
2022-06-25 01:03:14,363 [Listener at 127.0.0.1/39125] INFO  safemode.HealthyPipelineSafeModeRule (HealthyPipelineSafeModeRule.java:initializeRule(156)) - Total pipeline count is 0, healthy pipeline threshold count is 1
2022-06-25 01:03:14,364 [Listener at 127.0.0.1/39125] INFO  safemode.OneReplicaPipelineSafeModeRule (OneReplicaPipelineSafeModeRule.java:initializeRule(180)) - Total pipeline count is 0, pipeline's with at least one datanode reported threshold count is 0
2022-06-25 01:03:14,370 [Listener at 127.0.0.1/39125] INFO  ipc.CallQueueManager (CallQueueManager.java:<init>(90)) - Using callQueue: class java.util.concurrent.LinkedBlockingQueue, queueCapacity: 2000, scheduler: class org.apache.hadoop.ipc.DefaultRpcScheduler, ipcBackoff: false.
2022-06-25 01:03:14,372 [Socket Reader #1 for port 0] INFO  ipc.Server (Server.java:run(1265)) - Starting Socket Reader #1 for port 0
2022-06-25 01:03:14,374 [Listener at 0.0.0.0/39825] INFO  ipc.CallQueueManager (CallQueueManager.java:<init>(90)) - Using callQueue: class java.util.concurrent.LinkedBlockingQueue, queueCapacity: 2000, scheduler: class org.apache.hadoop.ipc.DefaultRpcScheduler, ipcBackoff: false.
2022-06-25 01:03:14,378 [Socket Reader #1 for port 0] INFO  ipc.Server (Server.java:run(1265)) - Starting Socket Reader #1 for port 0
2022-06-25 01:03:14,383 [ReplicationMonitor] INFO  replication.ReplicationManager (ReplicationManager.java:processAll(228)) - Replication Manager is not ready to run until 3000ms after safemode exit
2022-06-25 01:03:14,384 [Listener at 0.0.0.0/40189] INFO  ipc.CallQueueManager (CallQueueManager.java:<init>(90)) - Using callQueue: class java.util.concurrent.LinkedBlockingQueue, queueCapacity: 2000, scheduler: class org.apache.hadoop.ipc.DefaultRpcScheduler, ipcBackoff: false.
2022-06-25 01:03:14,406 [Socket Reader #1 for port 0] INFO  ipc.Server (Server.java:run(1265)) - Starting Socket Reader #1 for port 0
2022-06-25 01:03:14,458 [Listener at 0.0.0.0/43861] INFO  ha.SCMServiceManager (SCMServiceManager.java:register(42)) - Registering service ContainerBalancer.
2022-06-25 01:03:14,459 [Listener at 0.0.0.0/43861] INFO  server.StorageContainerManager (StorageContainerManager.java:<init>(400)) - 
Container Balancer status:
Key                            Value
Running                        false
Container Balancer Configuration values:
Key                                                Value
Threshold                                          10
Max Datanodes to Involve per Iteration(percent)    20
Max Size to Move per Iteration                     500GB
Max Size Entering Target per Iteration             26GB
Max Size Leaving Source per Iteration              26GB

2022-06-25 01:03:14,459 [Listener at 0.0.0.0/43861] WARN  events.EventQueue (EventQueue.java:fireEvent(216)) - No event handler registered for event TypedEvent{payloadType=SafeModeStatus, name='Safe mode status'}
2022-06-25 01:03:14,459 [Listener at 0.0.0.0/43861] INFO  ha.SCMContext (SCMContext.java:updateSafeModeStatus(228)) - Update SafeModeStatus from SafeModeStatus{safeModeStatus=true, preCheckPassed=false} to SafeModeStatus{safeModeStatus=true, preCheckPassed=false}.
2022-06-25 01:03:14,459 [Listener at 0.0.0.0/43861] INFO  server.StorageContainerManager (StorageContainerManager.java:start(1418)) - StorageContainerLocationProtocol RPC server is listening at /0.0.0.0:43861
2022-06-25 01:03:14,459 [Listener at 0.0.0.0/43861] INFO  impl.MetricsSystemImpl (MetricsSystemImpl.java:init(158)) - StorageContainerManager metrics system started (again)
2022-06-25 01:03:14,488 [Listener at 0.0.0.0/43861] INFO  server.SCMClientProtocolServer (SCMClientProtocolServer.java:start(169)) - RPC server for Client  is listening at /0.0.0.0:43861
2022-06-25 01:03:14,493 [IPC Server Responder] INFO  ipc.Server (Server.java:run(1507)) - IPC Server Responder: starting
2022-06-25 01:03:14,519 [Listener at 0.0.0.0/43861] INFO  server.StorageContainerManager (StorageContainerManager.java:start(1433)) - ScmBlockLocationProtocol RPC server is listening at /0.0.0.0:40189
2022-06-25 01:03:14,556 [Listener at 0.0.0.0/43861] INFO  server.SCMBlockProtocolServer (SCMBlockProtocolServer.java:start(151)) - RPC server for Block Protocol is listening at /0.0.0.0:40189
2022-06-25 01:03:14,502 [IPC Server listener on 0] INFO  ipc.Server (Server.java:run(1344)) - IPC Server listener on 0: starting
2022-06-25 01:03:14,561 [98ebfad8-d5dc-46a2-9e40-7ac48868c3c4@group-D50926BF33AA-FollowerState] INFO  impl.FollowerState (FollowerState.java:run(143)) - 98ebfad8-d5dc-46a2-9e40-7ac48868c3c4@group-D50926BF33AA-FollowerState: change to CANDIDATE, lastRpcElapsedTime:5108585308ns, electionTimeout:5081ms
2022-06-25 01:03:14,561 [IPC Server Responder] INFO  ipc.Server (Server.java:run(1507)) - IPC Server Responder: starting
2022-06-25 01:03:14,561 [98ebfad8-d5dc-46a2-9e40-7ac48868c3c4@group-D50926BF33AA-FollowerState] INFO  impl.RoleInfo (RoleInfo.java:shutdownFollowerState(110)) - 98ebfad8-d5dc-46a2-9e40-7ac48868c3c4: shutdown 98ebfad8-d5dc-46a2-9e40-7ac48868c3c4@group-D50926BF33AA-FollowerState
2022-06-25 01:03:14,561 [98ebfad8-d5dc-46a2-9e40-7ac48868c3c4@group-D50926BF33AA-FollowerState] INFO  server.RaftServer$Division (RaftServerImpl.java:setRole(299)) - 98ebfad8-d5dc-46a2-9e40-7ac48868c3c4@group-D50926BF33AA: changes role from  FOLLOWER to CANDIDATE at term 1 for changeToCandidate
2022-06-25 01:03:14,561 [IPC Server listener on 0] INFO  ipc.Server (Server.java:run(1344)) - IPC Server listener on 0: starting
2022-06-25 01:03:14,568 [Listener at 0.0.0.0/43861] INFO  server.SCMDatanodeProtocolServer (SCMDatanodeProtocolServer.java:start(185)) - ScmDatanodeProtocol RPC server for DataNodes is listening at /0.0.0.0:39825
2022-06-25 01:03:14,572 [IPC Server Responder] INFO  ipc.Server (Server.java:run(1507)) - IPC Server Responder: starting
2022-06-25 01:03:14,572 [IPC Server listener on 0] INFO  ipc.Server (Server.java:run(1344)) - IPC Server listener on 0: starting
2022-06-25 01:03:14,574 [ad74f3b2-c092-43ca-befa-d99c208edbaf@group-D50926BF33AA-FollowerState] INFO  impl.FollowerState (FollowerState.java:run(143)) - ad74f3b2-c092-43ca-befa-d99c208edbaf@group-D50926BF33AA-FollowerState: change to CANDIDATE, lastRpcElapsedTime:5115326131ns, electionTimeout:5110ms
2022-06-25 01:03:14,574 [ad74f3b2-c092-43ca-befa-d99c208edbaf@group-D50926BF33AA-FollowerState] INFO  impl.RoleInfo (RoleInfo.java:shutdownFollowerState(110)) - ad74f3b2-c092-43ca-befa-d99c208edbaf: shutdown ad74f3b2-c092-43ca-befa-d99c208edbaf@group-D50926BF33AA-FollowerState
2022-06-25 01:03:14,574 [ad74f3b2-c092-43ca-befa-d99c208edbaf@group-D50926BF33AA-FollowerState] INFO  server.RaftServer$Division (RaftServerImpl.java:setRole(299)) - ad74f3b2-c092-43ca-befa-d99c208edbaf@group-D50926BF33AA: changes role from  FOLLOWER to CANDIDATE at term 1 for changeToCandidate
2022-06-25 01:03:14,583 [org.apache.hadoop.util.JvmPauseMonitor$Monitor@77ec354b] INFO  util.JvmPauseMonitor (JvmPauseMonitor.java:run(188)) - Starting JVM pause monitor
2022-06-25 01:03:14,583 [ad74f3b2-c092-43ca-befa-d99c208edbaf@group-D50926BF33AA-FollowerState] INFO  server.RaftServerConfigKeys (ConfUtils.java:logGet(46)) - raft.server.leaderelection.pre-vote = false (custom)
2022-06-25 01:03:14,584 [ad74f3b2-c092-43ca-befa-d99c208edbaf@group-D50926BF33AA-FollowerState] INFO  impl.RoleInfo (RoleInfo.java:updateAndGet(139)) - ad74f3b2-c092-43ca-befa-d99c208edbaf: start ad74f3b2-c092-43ca-befa-d99c208edbaf@group-D50926BF33AA-LeaderElection12
2022-06-25 01:03:14,583 [Listener at 0.0.0.0/43861] INFO  http.BaseHttpServer (BaseHttpServer.java:newHttpServer2BuilderForOzone(209)) - Starting Web-server for scm at: http://0.0.0.0:0
2022-06-25 01:03:14,584 [Listener at 0.0.0.0/43861] INFO  http.BaseHttpServer (BaseHttpServer.java:<init>(107)) - Hadoop Security Enabled: false Ozone Security Enabled: false Ozone HTTP Security Enabled: false 
2022-06-25 01:03:14,585 [Listener at 0.0.0.0/43861] INFO  server.AuthenticationFilter (AuthenticationFilter.java:constructSecretProvider(240)) - Unable to initialize FileSignerSecretProvider, falling back to use random secrets.
2022-06-25 01:03:14,584 [98ebfad8-d5dc-46a2-9e40-7ac48868c3c4@group-D50926BF33AA-FollowerState] INFO  server.RaftServerConfigKeys (ConfUtils.java:logGet(46)) - raft.server.leaderelection.pre-vote = false (custom)
2022-06-25 01:03:14,586 [98ebfad8-d5dc-46a2-9e40-7ac48868c3c4@group-D50926BF33AA-FollowerState] INFO  impl.RoleInfo (RoleInfo.java:updateAndGet(139)) - 98ebfad8-d5dc-46a2-9e40-7ac48868c3c4: start 98ebfad8-d5dc-46a2-9e40-7ac48868c3c4@group-D50926BF33AA-LeaderElection11
2022-06-25 01:03:14,593 [Listener at 0.0.0.0/43861] WARN  http.HttpRequestLog (HttpRequestLog.java:getRequestLog(103)) - Jetty request log can only be enabled using Log4j
2022-06-25 01:03:14,595 [ad74f3b2-c092-43ca-befa-d99c208edbaf@group-D50926BF33AA-LeaderElection12] INFO  impl.LeaderElection (LeaderElection.java:askForVotes(310)) - ad74f3b2-c092-43ca-befa-d99c208edbaf@group-D50926BF33AA-LeaderElection12 ELECTION round 0: submit vote requests at term 2 for -1: [ad74f3b2-c092-43ca-befa-d99c208edbaf|rpc:10.1.0.8:46867|dataStream:|priority:0, 1a57f128-5fc1-45db-894e-2ffd043cedb3|rpc:10.1.0.8:41991|dataStream:|priority:0, 98ebfad8-d5dc-46a2-9e40-7ac48868c3c4|rpc:10.1.0.8:34569|dataStream:|priority:1], old=null
2022-06-25 01:03:14,597 [98ebfad8-d5dc-46a2-9e40-7ac48868c3c4@group-D50926BF33AA-LeaderElection11] INFO  impl.LeaderElection (LeaderElection.java:askForVotes(310)) - 98ebfad8-d5dc-46a2-9e40-7ac48868c3c4@group-D50926BF33AA-LeaderElection11 ELECTION round 0: submit vote requests at term 2 for -1: [ad74f3b2-c092-43ca-befa-d99c208edbaf|rpc:10.1.0.8:46867|priority:0, 1a57f128-5fc1-45db-894e-2ffd043cedb3|rpc:10.1.0.8:41991|priority:0, 98ebfad8-d5dc-46a2-9e40-7ac48868c3c4|rpc:10.1.0.8:34569|priority:1], old=null
2022-06-25 01:03:14,602 [Listener at 0.0.0.0/43861] INFO  http.HttpServer2 (HttpServer2.java:addGlobalFilter(1029)) - Added global filter 'safety' (class=org.apache.hadoop.hdds.server.http.HttpServer2$QuotingInputFilter)
2022-06-25 01:03:14,610 [Listener at 0.0.0.0/43861] INFO  http.HttpServer2 (HttpServer2.java:addFilter(1005)) - Added filter static_user_filter (class=org.apache.hadoop.http.lib.StaticUserWebFilter$StaticUserFilter) to context scm
2022-06-25 01:03:14,610 [Listener at 0.0.0.0/43861] INFO  http.HttpServer2 (HttpServer2.java:addFilter(1013)) - Added filter static_user_filter (class=org.apache.hadoop.http.lib.StaticUserWebFilter$StaticUserFilter) to context static
2022-06-25 01:03:14,611 [Listener at 0.0.0.0/43861] INFO  http.HttpServer2 (HttpServer2.java:addFilter(1013)) - Added filter static_user_filter (class=org.apache.hadoop.http.lib.StaticUserWebFilter$StaticUserFilter) to context logs
2022-06-25 01:03:14,609 [grpc-default-executor-0] INFO  server.RaftServer$Division (RaftServerImpl.java:requestVote(1152)) - 98ebfad8-d5dc-46a2-9e40-7ac48868c3c4@group-D50926BF33AA: receive requestVote(ELECTION, ad74f3b2-c092-43ca-befa-d99c208edbaf, group-D50926BF33AA, 2, (t:0, i:0))
2022-06-25 01:03:14,611 [grpc-default-executor-0] INFO  impl.VoteContext (VoteContext.java:log(48)) - 98ebfad8-d5dc-46a2-9e40-7ac48868c3c4@group-D50926BF33AA-CANDIDATE: reject ELECTION from ad74f3b2-c092-43ca-befa-d99c208edbaf: already has voted for 98ebfad8-d5dc-46a2-9e40-7ac48868c3c4 at current term 2
2022-06-25 01:03:14,611 [Listener at 0.0.0.0/43861] INFO  http.HttpServer2 (HttpServer2.java:bindListener(1248)) - Jetty bound to port 42315
2022-06-25 01:03:14,613 [Listener at 0.0.0.0/43861] INFO  server.Server (Server.java:doStart(375)) - jetty-9.4.43.v20210629; built: 2021-06-30T11:07:22.254Z; git: 526006ecfa3af7f1a27ef3a288e2bef7ea9dd7e8; jvm 1.8.0_332-b09
2022-06-25 01:03:14,611 [grpc-default-executor-0] INFO  server.RaftServer$Division (RaftServerImpl.java:requestVote(1184)) - 98ebfad8-d5dc-46a2-9e40-7ac48868c3c4@group-D50926BF33AA replies to ELECTION vote request: ad74f3b2-c092-43ca-befa-d99c208edbaf<-98ebfad8-d5dc-46a2-9e40-7ac48868c3c4#0:FAIL-t2. Peer's state: 98ebfad8-d5dc-46a2-9e40-7ac48868c3c4@group-D50926BF33AA:t2, leader=null, voted=98ebfad8-d5dc-46a2-9e40-7ac48868c3c4, raftlog=98ebfad8-d5dc-46a2-9e40-7ac48868c3c4@group-D50926BF33AA-SegmentedRaftLog:OPENED:c-1, conf=-1: [ad74f3b2-c092-43ca-befa-d99c208edbaf|rpc:10.1.0.8:46867|priority:0, 1a57f128-5fc1-45db-894e-2ffd043cedb3|rpc:10.1.0.8:41991|priority:0, 98ebfad8-d5dc-46a2-9e40-7ac48868c3c4|rpc:10.1.0.8:34569|priority:1], old=null
2022-06-25 01:03:14,627 [1a57f128-5fc1-45db-894e-2ffd043cedb3@group-D50926BF33AA-FollowerState] INFO  impl.FollowerState (FollowerState.java:run(143)) - 1a57f128-5fc1-45db-894e-2ffd043cedb3@group-D50926BF33AA-FollowerState: change to CANDIDATE, lastRpcElapsedTime:5183391260ns, electionTimeout:5176ms
2022-06-25 01:03:14,627 [1a57f128-5fc1-45db-894e-2ffd043cedb3@group-D50926BF33AA-FollowerState] INFO  impl.RoleInfo (RoleInfo.java:shutdownFollowerState(110)) - 1a57f128-5fc1-45db-894e-2ffd043cedb3: shutdown 1a57f128-5fc1-45db-894e-2ffd043cedb3@group-D50926BF33AA-FollowerState
2022-06-25 01:03:14,627 [1a57f128-5fc1-45db-894e-2ffd043cedb3@group-D50926BF33AA-FollowerState] INFO  server.RaftServer$Division (RaftServerImpl.java:setRole(299)) - 1a57f128-5fc1-45db-894e-2ffd043cedb3@group-D50926BF33AA: changes role from  FOLLOWER to CANDIDATE at term 1 for changeToCandidate
2022-06-25 01:03:14,631 [Listener at 0.0.0.0/43861] INFO  server.session (DefaultSessionIdManager.java:doStart(334)) - DefaultSessionIdManager workerName=node0
2022-06-25 01:03:14,638 [grpc-default-executor-0] INFO  server.RaftServer$Division (RaftServerImpl.java:requestVote(1152)) - 1a57f128-5fc1-45db-894e-2ffd043cedb3@group-D50926BF33AA: receive requestVote(ELECTION, ad74f3b2-c092-43ca-befa-d99c208edbaf, group-D50926BF33AA, 2, (t:0, i:0))
2022-06-25 01:03:14,643 [grpc-default-executor-1] INFO  server.RaftServer$Division (RaftServerImpl.java:requestVote(1152)) - 1a57f128-5fc1-45db-894e-2ffd043cedb3@group-D50926BF33AA: receive requestVote(ELECTION, 98ebfad8-d5dc-46a2-9e40-7ac48868c3c4, group-D50926BF33AA, 2, (t:0, i:0))
2022-06-25 01:03:14,641 [ad74f3b2-c092-43ca-befa-d99c208edbaf@group-D50926BF33AA-LeaderElection12] INFO  impl.LeaderElection (LeaderElection.java:logAndReturn(90)) - ad74f3b2-c092-43ca-befa-d99c208edbaf@group-D50926BF33AA-LeaderElection12: ELECTION REJECTED received 1 response(s) and 0 exception(s):
2022-06-25 01:03:14,644 [ad74f3b2-c092-43ca-befa-d99c208edbaf@group-D50926BF33AA-LeaderElection12] INFO  impl.LeaderElection (LeaderElection.java:logAndReturn(94)) -   Response 0: ad74f3b2-c092-43ca-befa-d99c208edbaf<-98ebfad8-d5dc-46a2-9e40-7ac48868c3c4#0:FAIL-t2
2022-06-25 01:03:14,644 [ad74f3b2-c092-43ca-befa-d99c208edbaf@group-D50926BF33AA-LeaderElection12] INFO  impl.LeaderElection (LeaderElection.java:askForVotes(312)) - ad74f3b2-c092-43ca-befa-d99c208edbaf@group-D50926BF33AA-LeaderElection12 ELECTION round 0: result REJECTED
2022-06-25 01:03:14,644 [ad74f3b2-c092-43ca-befa-d99c208edbaf@group-D50926BF33AA-LeaderElection12] INFO  server.RaftServer$Division (RaftServerImpl.java:setRole(299)) - ad74f3b2-c092-43ca-befa-d99c208edbaf@group-D50926BF33AA: changes role from CANDIDATE to FOLLOWER at term 2 for REJECTED
2022-06-25 01:03:14,644 [ad74f3b2-c092-43ca-befa-d99c208edbaf@group-D50926BF33AA-LeaderElection12] INFO  impl.RoleInfo (RoleInfo.java:shutdownLeaderElection(130)) - ad74f3b2-c092-43ca-befa-d99c208edbaf: shutdown ad74f3b2-c092-43ca-befa-d99c208edbaf@group-D50926BF33AA-LeaderElection12
2022-06-25 01:03:14,644 [ad74f3b2-c092-43ca-befa-d99c208edbaf@group-D50926BF33AA-LeaderElection12] INFO  impl.RoleInfo (RoleInfo.java:updateAndGet(139)) - ad74f3b2-c092-43ca-befa-d99c208edbaf: start ad74f3b2-c092-43ca-befa-d99c208edbaf@group-D50926BF33AA-FollowerState
2022-06-25 01:03:14,638 [Listener at 0.0.0.0/43861] INFO  server.session (DefaultSessionIdManager.java:doStart(339)) - No SessionScavenger set, using defaults
2022-06-25 01:03:14,631 [1a57f128-5fc1-45db-894e-2ffd043cedb3@group-D50926BF33AA-FollowerState] INFO  server.RaftServerConfigKeys (ConfUtils.java:logGet(46)) - raft.server.leaderelection.pre-vote = false (custom)
2022-06-25 01:03:14,645 [1a57f128-5fc1-45db-894e-2ffd043cedb3@group-D50926BF33AA-FollowerState] INFO  impl.RoleInfo (RoleInfo.java:updateAndGet(139)) - 1a57f128-5fc1-45db-894e-2ffd043cedb3: start 1a57f128-5fc1-45db-894e-2ffd043cedb3@group-D50926BF33AA-LeaderElection13
2022-06-25 01:03:14,645 [Listener at 0.0.0.0/43861] INFO  server.session (HouseKeeper.java:startScavenging(132)) - node0 Scavenging every 600000ms
2022-06-25 01:03:14,654 [grpc-default-executor-2] INFO  server.RaftServer$Division (RaftServerImpl.java:requestVote(1152)) - ad74f3b2-c092-43ca-befa-d99c208edbaf@group-D50926BF33AA: receive requestVote(ELECTION, 98ebfad8-d5dc-46a2-9e40-7ac48868c3c4, group-D50926BF33AA, 2, (t:0, i:0))
2022-06-25 01:03:14,654 [grpc-default-executor-2] INFO  impl.VoteContext (VoteContext.java:log(48)) - ad74f3b2-c092-43ca-befa-d99c208edbaf@group-D50926BF33AA-FOLLOWER: reject ELECTION from 98ebfad8-d5dc-46a2-9e40-7ac48868c3c4: already has voted for ad74f3b2-c092-43ca-befa-d99c208edbaf at current term 2
2022-06-25 01:03:14,654 [grpc-default-executor-2] INFO  server.RaftServer$Division (RaftServerImpl.java:requestVote(1184)) - ad74f3b2-c092-43ca-befa-d99c208edbaf@group-D50926BF33AA replies to ELECTION vote request: 98ebfad8-d5dc-46a2-9e40-7ac48868c3c4<-ad74f3b2-c092-43ca-befa-d99c208edbaf#0:FAIL-t2. Peer's state: ad74f3b2-c092-43ca-befa-d99c208edbaf@group-D50926BF33AA:t2, leader=null, voted=ad74f3b2-c092-43ca-befa-d99c208edbaf, raftlog=ad74f3b2-c092-43ca-befa-d99c208edbaf@group-D50926BF33AA-SegmentedRaftLog:OPENED:c-1, conf=-1: [ad74f3b2-c092-43ca-befa-d99c208edbaf|rpc:10.1.0.8:46867|dataStream:|priority:0, 1a57f128-5fc1-45db-894e-2ffd043cedb3|rpc:10.1.0.8:41991|dataStream:|priority:0, 98ebfad8-d5dc-46a2-9e40-7ac48868c3c4|rpc:10.1.0.8:34569|dataStream:|priority:1], old=null
2022-06-25 01:03:14,655 [grpc-default-executor-1] INFO  impl.VoteContext (VoteContext.java:log(48)) - 1a57f128-5fc1-45db-894e-2ffd043cedb3@group-D50926BF33AA-CANDIDATE: accept ELECTION from 98ebfad8-d5dc-46a2-9e40-7ac48868c3c4: our priority 0 <= candidate's priority 1
2022-06-25 01:03:14,655 [grpc-default-executor-1] INFO  server.RaftServer$Division (RaftServerImpl.java:setRole(299)) - 1a57f128-5fc1-45db-894e-2ffd043cedb3@group-D50926BF33AA: changes role from CANDIDATE to FOLLOWER at term 2 for candidate:98ebfad8-d5dc-46a2-9e40-7ac48868c3c4
2022-06-25 01:03:14,655 [grpc-default-executor-1] INFO  impl.RoleInfo (RoleInfo.java:shutdownLeaderElection(130)) - 1a57f128-5fc1-45db-894e-2ffd043cedb3: shutdown 1a57f128-5fc1-45db-894e-2ffd043cedb3@group-D50926BF33AA-LeaderElection13
2022-06-25 01:03:14,655 [grpc-default-executor-1] INFO  impl.RoleInfo (RoleInfo.java:updateAndGet(139)) - 1a57f128-5fc1-45db-894e-2ffd043cedb3: start 1a57f128-5fc1-45db-894e-2ffd043cedb3@group-D50926BF33AA-FollowerState
2022-06-25 01:03:14,656 [1a57f128-5fc1-45db-894e-2ffd043cedb3@group-D50926BF33AA-LeaderElection13] INFO  impl.LeaderElection (LeaderElection.java:run(231)) - 1a57f128-5fc1-45db-894e-2ffd043cedb3@group-D50926BF33AA-LeaderElection13: skip running since this is already CLOSING
2022-06-25 01:03:14,657 [Listener at 0.0.0.0/43861] INFO  handler.ContextHandler (ContextHandler.java:doStart(915)) - Started o.e.j.s.ServletContextHandler@3c8d0a97{logs,/logs,file:///home/runner/work/ozone/ozone/hadoop-ozone/integration-test/target/log,AVAILABLE}
2022-06-25 01:03:14,666 [grpc-default-executor-1] INFO  server.RaftServer$Division (RaftServerImpl.java:requestVote(1184)) - 1a57f128-5fc1-45db-894e-2ffd043cedb3@group-D50926BF33AA replies to ELECTION vote request: 98ebfad8-d5dc-46a2-9e40-7ac48868c3c4<-1a57f128-5fc1-45db-894e-2ffd043cedb3#0:OK-t2. Peer's state: 1a57f128-5fc1-45db-894e-2ffd043cedb3@group-D50926BF33AA:t2, leader=null, voted=98ebfad8-d5dc-46a2-9e40-7ac48868c3c4, raftlog=1a57f128-5fc1-45db-894e-2ffd043cedb3@group-D50926BF33AA-SegmentedRaftLog:OPENED:c-1, conf=-1: [ad74f3b2-c092-43ca-befa-d99c208edbaf|rpc:10.1.0.8:46867|dataStream:|priority:0, 1a57f128-5fc1-45db-894e-2ffd043cedb3|rpc:10.1.0.8:41991|dataStream:|priority:0, 98ebfad8-d5dc-46a2-9e40-7ac48868c3c4|rpc:10.1.0.8:34569|dataStream:|priority:1], old=null
2022-06-25 01:03:14,666 [grpc-default-executor-0] INFO  impl.VoteContext (VoteContext.java:log(48)) - 1a57f128-5fc1-45db-894e-2ffd043cedb3@group-D50926BF33AA-FOLLOWER: reject ELECTION from ad74f3b2-c092-43ca-befa-d99c208edbaf: already has voted for 98ebfad8-d5dc-46a2-9e40-7ac48868c3c4 at current term 2
2022-06-25 01:03:14,667 [grpc-default-executor-0] INFO  server.RaftServer$Division (RaftServerImpl.java:requestVote(1184)) - 1a57f128-5fc1-45db-894e-2ffd043cedb3@group-D50926BF33AA replies to ELECTION vote request: ad74f3b2-c092-43ca-befa-d99c208edbaf<-1a57f128-5fc1-45db-894e-2ffd043cedb3#0:FAIL-t2. Peer's state: 1a57f128-5fc1-45db-894e-2ffd043cedb3@group-D50926BF33AA:t2, leader=null, voted=98ebfad8-d5dc-46a2-9e40-7ac48868c3c4, raftlog=1a57f128-5fc1-45db-894e-2ffd043cedb3@group-D50926BF33AA-SegmentedRaftLog:OPENED:c-1, conf=-1: [ad74f3b2-c092-43ca-befa-d99c208edbaf|rpc:10.1.0.8:46867|dataStream:|priority:0, 1a57f128-5fc1-45db-894e-2ffd043cedb3|rpc:10.1.0.8:41991|dataStream:|priority:0, 98ebfad8-d5dc-46a2-9e40-7ac48868c3c4|rpc:10.1.0.8:34569|dataStream:|priority:1], old=null
2022-06-25 01:03:14,668 [Listener at 0.0.0.0/43861] INFO  handler.ContextHandler (ContextHandler.java:doStart(915)) - Started o.e.j.s.ServletContextHandler@10a927dd{static,/static,file:///home/runner/work/ozone/ozone/hadoop-ozone/integration-test/target/test-classes/webapps/static,AVAILABLE}
2022-06-25 01:03:14,669 [98ebfad8-d5dc-46a2-9e40-7ac48868c3c4@group-D50926BF33AA-LeaderElection11] INFO  impl.LeaderElection (LeaderElection.java:logAndReturn(90)) - 98ebfad8-d5dc-46a2-9e40-7ac48868c3c4@group-D50926BF33AA-LeaderElection11: ELECTION PASSED received 2 response(s) and 0 exception(s):
2022-06-25 01:03:14,676 [98ebfad8-d5dc-46a2-9e40-7ac48868c3c4@group-D50926BF33AA-LeaderElection11] INFO  impl.LeaderElection (LeaderElection.java:logAndReturn(94)) -   Response 0: 98ebfad8-d5dc-46a2-9e40-7ac48868c3c4<-ad74f3b2-c092-43ca-befa-d99c208edbaf#0:FAIL-t2
2022-06-25 01:03:14,672 [Listener at 0.0.0.0/43861] INFO  handler.ContextHandler (ContextHandler.java:doStart(915)) - Started o.e.j.w.WebAppContext@2c1199ad{scm,/,file:///home/runner/work/ozone/ozone/hadoop-ozone/integration-test/target/test-classes/webapps/scm/,AVAILABLE}{file:/home/runner/work/ozone/ozone/hadoop-ozone/integration-test/target/test-classes/webapps/scm}
2022-06-25 01:03:14,676 [98ebfad8-d5dc-46a2-9e40-7ac48868c3c4@group-D50926BF33AA-LeaderElection11] INFO  impl.LeaderElection (LeaderElection.java:logAndReturn(94)) -   Response 1: 98ebfad8-d5dc-46a2-9e40-7ac48868c3c4<-1a57f128-5fc1-45db-894e-2ffd043cedb3#0:OK-t2
2022-06-25 01:03:14,676 [98ebfad8-d5dc-46a2-9e40-7ac48868c3c4@group-D50926BF33AA-LeaderElection11] INFO  impl.LeaderElection (LeaderElection.java:askForVotes(312)) - 98ebfad8-d5dc-46a2-9e40-7ac48868c3c4@group-D50926BF33AA-LeaderElection11 ELECTION round 0: result PASSED
2022-06-25 01:03:14,676 [98ebfad8-d5dc-46a2-9e40-7ac48868c3c4@group-D50926BF33AA-LeaderElection11] INFO  impl.RoleInfo (RoleInfo.java:shutdownLeaderElection(130)) - 98ebfad8-d5dc-46a2-9e40-7ac48868c3c4: shutdown 98ebfad8-d5dc-46a2-9e40-7ac48868c3c4@group-D50926BF33AA-LeaderElection11
2022-06-25 01:03:14,676 [98ebfad8-d5dc-46a2-9e40-7ac48868c3c4@group-D50926BF33AA-LeaderElection11] INFO  server.RaftServer$Division (RaftServerImpl.java:setRole(299)) - 98ebfad8-d5dc-46a2-9e40-7ac48868c3c4@group-D50926BF33AA: changes role from CANDIDATE to LEADER at term 2 for changeToLeader
2022-06-25 01:03:14,676 [98ebfad8-d5dc-46a2-9e40-7ac48868c3c4@group-D50926BF33AA-LeaderElection11] INFO  ratis.XceiverServerRatis (XceiverServerRatis.java:handleLeaderChangedNotification(863)) - Leader change notification received for group: group-D50926BF33AA with new leaderId: 98ebfad8-d5dc-46a2-9e40-7ac48868c3c4
2022-06-25 01:03:14,677 [98ebfad8-d5dc-46a2-9e40-7ac48868c3c4@group-D50926BF33AA-LeaderElection11] INFO  server.RaftServer$Division (ServerState.java:setLeader(287)) - 98ebfad8-d5dc-46a2-9e40-7ac48868c3c4@group-D50926BF33AA: change Leader from null to 98ebfad8-d5dc-46a2-9e40-7ac48868c3c4 at term 2 for becomeLeader, leader elected after 10374ms
2022-06-25 01:03:14,677 [98ebfad8-d5dc-46a2-9e40-7ac48868c3c4@group-D50926BF33AA-LeaderElection11] INFO  server.RaftServerConfigKeys (ConfUtils.java:logGet(46)) - raft.server.staging.catchup.gap = 1000 (default)
2022-06-25 01:03:14,677 [98ebfad8-d5dc-46a2-9e40-7ac48868c3c4@group-D50926BF33AA-LeaderElection11] INFO  server.RaftServerConfigKeys (ConfUtils.java:logGet(46)) - raft.server.write.element-limit = 1024 (custom)
2022-06-25 01:03:14,677 [98ebfad8-d5dc-46a2-9e40-7ac48868c3c4@group-D50926BF33AA-LeaderElection11] INFO  server.RaftServerConfigKeys (ConfUtils.java:logGet(46)) - raft.server.write.byte-limit = 1024 M (=1073741824) (custom)
2022-06-25 01:03:14,677 [98ebfad8-d5dc-46a2-9e40-7ac48868c3c4@group-D50926BF33AA-LeaderElection11] INFO  server.RaftServerConfigKeys (ConfUtils.java:logGet(46)) - raft.server.watch.timeout = 180s (custom)
2022-06-25 01:03:14,677 [98ebfad8-d5dc-46a2-9e40-7ac48868c3c4@group-D50926BF33AA-LeaderElection11] INFO  server.RaftServerConfigKeys (ConfUtils.java:logGet(46)) - raft.server.watch.timeout.denomination = 1s (default)
2022-06-25 01:03:14,677 [98ebfad8-d5dc-46a2-9e40-7ac48868c3c4@group-D50926BF33AA-LeaderElection11] INFO  server.RaftServerConfigKeys (ConfUtils.java:logGet(46)) - raft.server.watch.element-limit = 65536 (default)
2022-06-25 01:03:14,678 [98ebfad8-d5dc-46a2-9e40-7ac48868c3c4@group-D50926BF33AA-LeaderElection11] INFO  server.RaftServerConfigKeys (ConfUtils.java:logGet(46)) - raft.server.write.element-limit = 1024 (custom)
2022-06-25 01:03:14,678 [98ebfad8-d5dc-46a2-9e40-7ac48868c3c4@group-D50926BF33AA-LeaderElection11] INFO  server.RaftServerConfigKeys (ConfUtils.java:logGet(46)) - raft.server.write.follower.gap.ratio.max = -1.0 (default)
2022-06-25 01:03:14,680 [EventQueue-PipelineReportForPipelineReportHandler] INFO  pipeline.PipelineManagerImpl (PipelineManagerImpl.java:openPipeline(358)) - Pipeline Pipeline[ Id: 2b1466c7-667c-479e-a9d9-d50926bf33aa, Nodes: 1a57f128-5fc1-45db-894e-2ffd043cedb3{ip: 10.1.0.8, host: fv-az66-546.vwcdieab4koerntclszyavmfxa.dx.internal.cloudapp.net, ports: [REPLICATION=42497, RATIS=41991, RATIS_ADMIN=41991, RATIS_SERVER=41991, STANDALONE=45247], networkLocation: /default-rack, certSerialId: null, persistedOpState: IN_SERVICE, persistedOpStateExpiryEpochSec: 0}ad74f3b2-c092-43ca-befa-d99c208edbaf{ip: 10.1.0.8, host: fv-az66-546.vwcdieab4koerntclszyavmfxa.dx.internal.cloudapp.net, ports: [REPLICATION=45511, RATIS=46867, RATIS_ADMIN=46867, RATIS_SERVER=46867, STANDALONE=34703], networkLocation: /default-rack, certSerialId: null, persistedOpState: IN_SERVICE, persistedOpStateExpiryEpochSec: 0}98ebfad8-d5dc-46a2-9e40-7ac48868c3c4{ip: 10.1.0.8, host: fv-az66-546.vwcdieab4koerntclszyavmfxa.dx.internal.cloudapp.net, ports: [REPLICATION=43537, RATIS=34569, RATIS_ADMIN=34569, RATIS_SERVER=34569, STANDALONE=39783], networkLocation: /default-rack, certSerialId: null, persistedOpState: IN_SERVICE, persistedOpStateExpiryEpochSec: 0}, ReplicationConfig: RATIS/THREE, State:ALLOCATED, leaderId:98ebfad8-d5dc-46a2-9e40-7ac48868c3c4, CreationTimestamp2022-06-25T01:03:02.067Z[Etc/UTC]] moved to OPEN state
2022-06-25 01:03:14,680 [98ebfad8-d5dc-46a2-9e40-7ac48868c3c4@group-D50926BF33AA-LeaderElection11] INFO  server.RaftServerConfigKeys (ConfUtils.java:logGet(46)) - raft.server.log.appender.snapshot.chunk.size.max = 16MB (=16777216) (default)
2022-06-25 01:03:14,680 [98ebfad8-d5dc-46a2-9e40-7ac48868c3c4@group-D50926BF33AA-LeaderElection11] INFO  server.RaftServerConfigKeys (ConfUtils.java:logGet(46)) - raft.server.log.appender.buffer.byte-limit = 33554432 (custom)
2022-06-25 01:03:14,681 [98ebfad8-d5dc-46a2-9e40-7ac48868c3c4@group-D50926BF33AA-LeaderElection11] INFO  server.RaftServerConfigKeys (ConfUtils.java:logGet(46)) - raft.server.log.appender.buffer.element-limit = 1 (custom)
2022-06-25 01:03:14,681 [98ebfad8-d5dc-46a2-9e40-7ac48868c3c4@group-D50926BF33AA-LeaderElection11] INFO  grpc.GrpcConfigKeys (ConfUtils.java:logGet(46)) - raft.grpc.server.leader.outstanding.appends.max = 128 (default)
2022-06-25 01:03:14,681 [Listener at 0.0.0.0/43861] INFO  server.AbstractConnector (AbstractConnector.java:doStart(331)) - Started ServerConnector@78633d43{HTTP/1.1, (http/1.1)}{0.0.0.0:42315}
2022-06-25 01:03:14,682 [98ebfad8-d5dc-46a2-9e40-7ac48868c3c4@group-D50926BF33AA-LeaderElection11] INFO  server.RaftServerConfigKeys (ConfUtils.java:logGet(46)) - raft.server.rpc.request.timeout = 60s (custom)
2022-06-25 01:03:14,682 [Listener at 0.0.0.0/43861] INFO  server.Server (Server.java:doStart(415)) - Started @28579ms
2022-06-25 01:03:14,683 [98ebfad8-d5dc-46a2-9e40-7ac48868c3c4@group-D50926BF33AA-LeaderElection11] INFO  server.RaftServerConfigKeys (ConfUtils.java:logGet(46)) - raft.server.log.appender.install.snapshot.enabled = false (custom)
2022-06-25 01:03:14,683 [Listener at 0.0.0.0/43861] WARN  impl.MetricsSystemImpl (MetricsSystemImpl.java:register(279)) - Sink prometheus already exists!
2022-06-25 01:03:14,683 [Listener at 0.0.0.0/43861] INFO  http.BaseHttpServer (BaseHttpServer.java:updateConnectorAddress(329)) - HTTP server of scm listening at http://0.0.0.0:42315
2022-06-25 01:03:14,684 [Listener at 0.0.0.0/43861] WARN  server.ServerUtils (ServerUtils.java:getDBPath(225)) - ozone.om.db.dirs is not configured. We recommend adding this setting. Falling back to ozone.metadata.dirs instead.
2022-06-25 01:03:14,684 [98ebfad8-d5dc-46a2-9e40-7ac48868c3c4@group-D50926BF33AA-LeaderElection11] INFO  server.RaftServerConfigKeys (ConfUtils.java:logGet(46)) - raft.server.log.appender.snapshot.chunk.size.max = 16MB (=16777216) (default)
2022-06-25 01:03:14,684 [98ebfad8-d5dc-46a2-9e40-7ac48868c3c4@group-D50926BF33AA-LeaderElection11] INFO  server.RaftServerConfigKeys (ConfUtils.java:logGet(46)) - raft.server.log.appender.buffer.byte-limit = 33554432 (custom)
2022-06-25 01:03:14,684 [98ebfad8-d5dc-46a2-9e40-7ac48868c3c4@group-D50926BF33AA-LeaderElection11] INFO  server.RaftServerConfigKeys (ConfUtils.java:logGet(46)) - raft.server.log.appender.buffer.element-limit = 1 (custom)
2022-06-25 01:03:14,684 [98ebfad8-d5dc-46a2-9e40-7ac48868c3c4@group-D50926BF33AA-LeaderElection11] INFO  grpc.GrpcConfigKeys (ConfUtils.java:logGet(46)) - raft.grpc.server.leader.outstanding.appends.max = 128 (default)
2022-06-25 01:03:14,684 [98ebfad8-d5dc-46a2-9e40-7ac48868c3c4@group-D50926BF33AA-LeaderElection11] INFO  server.RaftServerConfigKeys (ConfUtils.java:logGet(46)) - raft.server.rpc.request.timeout = 60s (custom)
2022-06-25 01:03:14,684 [98ebfad8-d5dc-46a2-9e40-7ac48868c3c4@group-D50926BF33AA-LeaderElection11] INFO  server.RaftServerConfigKeys (ConfUtils.java:logGet(46)) - raft.server.log.appender.install.snapshot.enabled = false (custom)
2022-06-25 01:03:14,685 [98ebfad8-d5dc-46a2-9e40-7ac48868c3c4@group-D50926BF33AA-LeaderElection11] INFO  impl.RoleInfo (RoleInfo.java:updateAndGet(139)) - 98ebfad8-d5dc-46a2-9e40-7ac48868c3c4: start 98ebfad8-d5dc-46a2-9e40-7ac48868c3c4@group-D50926BF33AA-LeaderStateImpl
2022-06-25 01:03:14,685 [98ebfad8-d5dc-46a2-9e40-7ac48868c3c4@group-D50926BF33AA-LeaderElection11] INFO  segmented.SegmentedRaftLogWorker (SegmentedRaftLogWorker.java:startLogSegment(425)) - 98ebfad8-d5dc-46a2-9e40-7ac48868c3c4@group-D50926BF33AA-SegmentedRaftLogWorker: Starting segment from index:0
2022-06-25 01:03:14,686 [Listener at 0.0.0.0/43861] INFO  ha.OMHANodeDetails (OMHANodeDetails.java:loadOMHAConfig(115)) - ozone.om.internal.service.id is not defined, falling back to ozone.om.service.ids to find serviceID for OzoneManager if it is HA enabled cluster
2022-06-25 01:03:14,686 [Listener at 0.0.0.0/43861] INFO  ha.OMHANodeDetails (OMHANodeDetails.java:loadOMHAConfig(226)) - Configuration does not have ozone.om.address set. Falling back to the default OM address /127.0.0.1:0
2022-06-25 01:03:14,686 [Listener at 0.0.0.0/43861] INFO  ha.OMHANodeDetails (OMHANodeDetails.java:getOMNodeDetailsForNonHA(254)) - OM Service ID is not set. Setting it to the default ID: omServiceIdDefault
2022-06-25 01:03:14,686 [Listener at 0.0.0.0/43861] INFO  ha.OMHANodeDetails (OMHANodeDetails.java:getOMNodeDetailsForNonHA(261)) - OM Node ID is not set. Setting it to the default ID: om1
2022-06-25 01:03:14,686 [Listener at 0.0.0.0/43861] WARN  server.ServerUtils (ServerUtils.java:getDBPath(225)) - ozone.om.db.dirs is not configured. We recommend adding this setting. Falling back to ozone.metadata.dirs instead.
2022-06-25 01:03:14,687 [Listener at 0.0.0.0/43861] INFO  upgrade.AbstractLayoutVersionManager (AbstractLayoutVersionManager.java:init(82)) - Initializing Layout version manager with metadata layout = MULTITENANCY_SCHEMA (version = 3), software layout = MULTITENANCY_SCHEMA (version = 3)
2022-06-25 01:03:14,690 [98ebfad8-d5dc-46a2-9e40-7ac48868c3c4@group-D50926BF33AA-SegmentedRaftLogWorker] INFO  segmented.SegmentedRaftLogWorker (SegmentedRaftLogWorker.java:execute(629)) - 98ebfad8-d5dc-46a2-9e40-7ac48868c3c4@group-D50926BF33AA-SegmentedRaftLogWorker: created new log segment /home/runner/work/ozone/ozone/hadoop-ozone/integration-test/target/test-dir/MiniOzoneClusterImpl-c4196b3a-7304-418b-bc70-42ac552e857c/datanode-3/data/ratis/2b1466c7-667c-479e-a9d9-d50926bf33aa/current/log_inprogress_0
2022-06-25 01:03:14,727 [98ebfad8-d5dc-46a2-9e40-7ac48868c3c4@group-D50926BF33AA-LeaderElection11] INFO  server.RaftServer$Division (ServerState.java:setRaftConf(393)) - 98ebfad8-d5dc-46a2-9e40-7ac48868c3c4@group-D50926BF33AA: set configuration 0: [ad74f3b2-c092-43ca-befa-d99c208edbaf|rpc:10.1.0.8:46867|dataStream:|priority:0, 1a57f128-5fc1-45db-894e-2ffd043cedb3|rpc:10.1.0.8:41991|dataStream:|priority:0, 98ebfad8-d5dc-46a2-9e40-7ac48868c3c4|rpc:10.1.0.8:34569|dataStream:|priority:1], old=null
2022-06-25 01:03:14,752 [ad74f3b2-c092-43ca-befa-d99c208edbaf-server-thread1] INFO  ratis.XceiverServerRatis (XceiverServerRatis.java:handleLeaderChangedNotification(863)) - Leader change notification received for group: group-D50926BF33AA with new leaderId: 98ebfad8-d5dc-46a2-9e40-7ac48868c3c4
2022-06-25 01:03:14,752 [ad74f3b2-c092-43ca-befa-d99c208edbaf-server-thread1] INFO  server.RaftServer$Division (ServerState.java:setLeader(287)) - ad74f3b2-c092-43ca-befa-d99c208edbaf@group-D50926BF33AA: change Leader from null to 98ebfad8-d5dc-46a2-9e40-7ac48868c3c4 at term 2 for appendEntries, leader elected after 10366ms
2022-06-25 01:03:14,762 [1a57f128-5fc1-45db-894e-2ffd043cedb3-server-thread1] INFO  ratis.XceiverServerRatis (XceiverServerRatis.java:handleLeaderChangedNotification(863)) - Leader change notification received for group: group-D50926BF33AA with new leaderId: 98ebfad8-d5dc-46a2-9e40-7ac48868c3c4
2022-06-25 01:03:14,762 [1a57f128-5fc1-45db-894e-2ffd043cedb3-server-thread1] INFO  server.RaftServer$Division (ServerState.java:setLeader(287)) - 1a57f128-5fc1-45db-894e-2ffd043cedb3@group-D50926BF33AA: change Leader from null to 98ebfad8-d5dc-46a2-9e40-7ac48868c3c4 at term 2 for appendEntries, leader elected after 10427ms
2022-06-25 01:03:14,786 [ad74f3b2-c092-43ca-befa-d99c208edbaf-server-thread1] INFO  server.RaftServer$Division (ServerState.java:setRaftConf(393)) - ad74f3b2-c092-43ca-befa-d99c208edbaf@group-D50926BF33AA: set configuration 0: [ad74f3b2-c092-43ca-befa-d99c208edbaf|rpc:10.1.0.8:46867|dataStream:|priority:0, 1a57f128-5fc1-45db-894e-2ffd043cedb3|rpc:10.1.0.8:41991|dataStream:|priority:0, 98ebfad8-d5dc-46a2-9e40-7ac48868c3c4|rpc:10.1.0.8:34569|dataStream:|priority:1], old=null
2022-06-25 01:03:14,787 [ad74f3b2-c092-43ca-befa-d99c208edbaf-server-thread1] INFO  segmented.SegmentedRaftLogWorker (SegmentedRaftLogWorker.java:startLogSegment(425)) - ad74f3b2-c092-43ca-befa-d99c208edbaf@group-D50926BF33AA-SegmentedRaftLogWorker: Starting segment from index:0
2022-06-25 01:03:14,790 [ad74f3b2-c092-43ca-befa-d99c208edbaf@group-D50926BF33AA-SegmentedRaftLogWorker] INFO  segmented.SegmentedRaftLogWorker (SegmentedRaftLogWorker.java:execute(629)) - ad74f3b2-c092-43ca-befa-d99c208edbaf@group-D50926BF33AA-SegmentedRaftLogWorker: created new log segment /home/runner/work/ozone/ozone/hadoop-ozone/integration-test/target/test-dir/MiniOzoneClusterImpl-c4196b3a-7304-418b-bc70-42ac552e857c/datanode-4/data/ratis/2b1466c7-667c-479e-a9d9-d50926bf33aa/current/log_inprogress_0
2022-06-25 01:03:14,790 [1a57f128-5fc1-45db-894e-2ffd043cedb3-server-thread1] INFO  server.RaftServer$Division (ServerState.java:setRaftConf(393)) - 1a57f128-5fc1-45db-894e-2ffd043cedb3@group-D50926BF33AA: set configuration 0: [ad74f3b2-c092-43ca-befa-d99c208edbaf|rpc:10.1.0.8:46867|dataStream:|priority:0, 1a57f128-5fc1-45db-894e-2ffd043cedb3|rpc:10.1.0.8:41991|dataStream:|priority:0, 98ebfad8-d5dc-46a2-9e40-7ac48868c3c4|rpc:10.1.0.8:34569|dataStream:|priority:1], old=null
2022-06-25 01:03:14,794 [1a57f128-5fc1-45db-894e-2ffd043cedb3-server-thread1] INFO  segmented.SegmentedRaftLogWorker (SegmentedRaftLogWorker.java:startLogSegment(425)) - 1a57f128-5fc1-45db-894e-2ffd043cedb3@group-D50926BF33AA-SegmentedRaftLogWorker: Starting segment from index:0
2022-06-25 01:03:14,795 [1a57f128-5fc1-45db-894e-2ffd043cedb3@group-D50926BF33AA-SegmentedRaftLogWorker] INFO  segmented.SegmentedRaftLogWorker (SegmentedRaftLogWorker.java:execute(629)) - 1a57f128-5fc1-45db-894e-2ffd043cedb3@group-D50926BF33AA-SegmentedRaftLogWorker: created new log segment /home/runner/work/ozone/ozone/hadoop-ozone/integration-test/target/test-dir/MiniOzoneClusterImpl-c4196b3a-7304-418b-bc70-42ac552e857c/datanode-5/data/ratis/2b1466c7-667c-479e-a9d9-d50926bf33aa/current/log_inprogress_0
2022-06-25 01:03:14,830 [Listener at 0.0.0.0/43861] INFO  reflections.Reflections (Reflections.java:scan(232)) - Reflections took 142 ms to scan 2 urls, producing 152 keys and 429 values [using 2 cores]
2022-06-25 01:03:14,830 [Listener at 0.0.0.0/43861] INFO  upgrade.OMLayoutVersionManager (OMLayoutVersionManager.java:lambda$0(115)) - Skipping Upgrade Action MockOmUpgradeAction since it has been finalized.
2022-06-25 01:03:14,830 [Listener at 0.0.0.0/43861] WARN  server.ServerUtils (ServerUtils.java:getDBPath(225)) - ozone.om.db.dirs is not configured. We recommend adding this setting. Falling back to ozone.metadata.dirs instead.
2022-06-25 01:03:14,831 [Listener at 0.0.0.0/43861] INFO  proxy.SCMBlockLocationFailoverProxyProvider (SCMBlockLocationFailoverProxyProvider.java:<init>(114)) - Created block location fail-over proxy with 1 nodes: [nodeId=scmNodeId,nodeAddress=/0.0.0.0:40189]
2022-06-25 01:03:14,832 [Listener at 0.0.0.0/43861] INFO  proxy.SCMBlockLocationFailoverProxyProvider (SCMBlockLocationFailoverProxyProvider.java:<init>(114)) - Created block location fail-over proxy with 1 nodes: [nodeId=scmNodeId,nodeAddress=/0.0.0.0:40189]
2022-06-25 01:03:14,851 [Listener at 0.0.0.0/43861] WARN  server.ServerUtils (ServerUtils.java:getDBPath(225)) - ozone.om.db.dirs is not configured. We recommend adding this setting. Falling back to ozone.metadata.dirs instead.
2022-06-25 01:03:14,852 [Listener at 0.0.0.0/43861] INFO  codec.OmKeyInfoCodec (OmKeyInfoCodec.java:<init>(49)) - OmKeyInfoCodec ignorePipeline = true
2022-06-25 01:03:14,852 [Listener at 0.0.0.0/43861] INFO  codec.RepeatedOmKeyInfoCodec (RepeatedOmKeyInfoCodec.java:<init>(41)) - RepeatedOmKeyInfoCodec ignorePipeline = true
2022-06-25 01:03:14,887 [main] INFO  rpc.RpcClient (RpcClient.java:createVolume(466)) - Creating Volume: vol1, with user49222 as owner and space quota set to -1 bytes, counts quota set to -1
2022-06-25 01:03:14,963 [OM StateMachine ApplyTransaction Thread - 0] INFO  volume.OMVolumeCreateRequest (OMVolumeCreateRequest.java:validateAndUpdateCache(195)) - created volume:vol1 for user:user49222
2022-06-25 01:03:14,985 [main] INFO  rpc.RpcClient (RpcClient.java:createBucket(666)) - Creating Bucket: vol1/bucket1, with the Bucket Layout LEGACY, runner as owner, Versioning false, Storage Type set to DISK and Encryption set to false 
2022-06-25 01:03:15,002 [OM StateMachine ApplyTransaction Thread - 0] INFO  bucket.OMBucketCreateRequest (OMBucketCreateRequest.java:validateAndUpdateCache(260)) - created bucket: bucket1 of layout LEGACY in volume: vol1
2022-06-25 01:03:15,078 [IPC Server handler 11 on default port 41055] INFO  ha.SequenceIdGenerator (SequenceIdGenerator.java:getNextId(127)) - Allocate a batch for containerId, change lastId from 0 to 1000.
2022-06-25 01:03:15,089 [IPC Server handler 11 on default port 41055] WARN  ha.SequenceIdGenerator (SequenceIdGenerator.java:allocateBatch(235)) - Failed to allocate a batch for localId, expected lastId is 0, actual lastId is 109611004723200000.
2022-06-25 01:03:15,089 [IPC Server handler 11 on default port 41055] INFO  ha.SequenceIdGenerator (SequenceIdGenerator.java:getNextId(127)) - Allocate a batch for localId, change lastId from 109611004723200000 to 109611004723201000.
2022-06-25 01:03:15,136 [Listener at 0.0.0.0/43861] INFO  om.OzoneManager (OzoneManager.java:instantiateServices(692)) - S3 Multi-Tenancy is disabled
2022-06-25 01:03:15,137 [Listener at 0.0.0.0/43861] INFO  om.OzoneManager (OzoneManager.java:addS3GVolumeToDB(4259)) - Created Volume s3v With Owner runner required for S3Gateway operations.
2022-06-25 01:03:15,137 [Listener at 0.0.0.0/43861] WARN  server.ServerUtils (ServerUtils.java:getDefaultRatisDirectory(237)) - Storage directory for Ratis is not configured. It is a good idea to map this to an SSD disk. Falling back to ozone.metadata.dirs
2022-06-25 01:03:15,138 [Listener at 0.0.0.0/43861] WARN  utils.OzoneManagerRatisUtils (OzoneManagerRatisUtils.java:getOMRatisSnapshotDirectory(431)) - ozone.om.ratis.snapshot.dir is not configured. Falling back to ozone.metadata.dirs config
2022-06-25 01:03:15,138 [Listener at 0.0.0.0/43861] WARN  impl.MetricRegistriesImpl (MetricRegistriesImpl.java:addReporterRegistration(111)) - New reporters are added after registries were created. Some metrics will be missing from the reporter. Please add reporter before adding any new registry.
2022-06-25 01:03:15,138 [Listener at 0.0.0.0/43861] WARN  impl.MetricRegistriesImpl (MetricRegistriesImpl.java:addReporterRegistration(111)) - New reporters are added after registries were created. Some metrics will be missing from the reporter. Please add reporter before adding any new registry.
2022-06-25 01:03:15,138 [Listener at 0.0.0.0/43861] WARN  server.ServerUtils (ServerUtils.java:getDefaultRatisDirectory(237)) - Storage directory for Ratis is not configured. It is a good idea to map this to an SSD disk. Falling back to ozone.metadata.dirs
2022-06-25 01:03:15,141 [Listener at 0.0.0.0/43861] INFO  ratis.OzoneManagerRatisServer (OzoneManagerRatisServer.java:<init>(159)) - Instantiating OM Ratis server with groupID: omServiceIdDefault and peers: localhost:37717
2022-06-25 01:03:15,141 [Listener at 0.0.0.0/43861] INFO  ratis.OzoneManagerStateMachine (OzoneManagerStateMachine.java:loadSnapshotInfoFromDB(632)) - LastAppliedIndex is set from TransactionInfo from OM DB as (t:0, i:~)
2022-06-25 01:03:15,143 [Listener at 0.0.0.0/43861] INFO  server.RaftServer (ConfUtils.java:logGet(46)) - raft.rpc.type = GRPC (default)
2022-06-25 01:03:15,143 [Listener at 0.0.0.0/43861] INFO  grpc.GrpcFactory (GrpcFactory.java:checkPooledByteBufAllocatorUseCacheForAllThreads(48)) - PERFORMANCE WARNING: useCacheForAllThreads is true that may cause Netty to create a lot garbage objects and, as a result, trigger GC.
	It is recommended to disable useCacheForAllThreads by setting -Dorg.apache.ratis.thirdparty.io.netty.allocator.useCacheForAllThreads=false in command line.
2022-06-25 01:03:15,143 [Listener at 0.0.0.0/43861] INFO  grpc.GrpcConfigKeys (ConfUtils.java:logGet(46)) - raft.grpc.admin.port = -1 (default)
2022-06-25 01:03:15,143 [Listener at 0.0.0.0/43861] INFO  grpc.GrpcConfigKeys (ConfUtils.java:logGet(46)) - raft.grpc.server.port = 37717 (custom)
2022-06-25 01:03:15,143 [Listener at 0.0.0.0/43861] INFO  grpc.GrpcConfigKeys (ConfUtils.java:logGet(46)) - raft.grpc.client.port = -1 (default)
2022-06-25 01:03:15,143 [Listener at 0.0.0.0/43861] INFO  grpc.GrpcConfigKeys (ConfUtils.java:logGet(46)) - raft.grpc.server.port = 37717 (custom)
2022-06-25 01:03:15,143 [Listener at 0.0.0.0/43861] INFO  grpc.GrpcConfigKeys (ConfUtils.java:logGet(46)) - raft.grpc.server.port = 37717 (custom)
2022-06-25 01:03:15,143 [Listener at 0.0.0.0/43861] INFO  server.GrpcService (ConfUtils.java:logGet(46)) - raft.grpc.message.size.max = 33554432 (custom)
2022-06-25 01:03:15,143 [Listener at 0.0.0.0/43861] INFO  server.RaftServerConfigKeys (ConfUtils.java:logGet(46)) - raft.server.log.appender.buffer.byte-limit = 33554432 (custom)
2022-06-25 01:03:15,144 [Listener at 0.0.0.0/43861] INFO  server.GrpcService (ConfUtils.java:logGet(46)) - raft.grpc.flow.control.window = 1MB (=1048576) (default)
2022-06-25 01:03:15,144 [Listener at 0.0.0.0/43861] INFO  server.RaftServerConfigKeys (ConfUtils.java:logGet(46)) - raft.server.rpc.request.timeout = 3000ms (default)
2022-06-25 01:03:15,144 [Listener at 0.0.0.0/43861] INFO  grpc.GrpcConfigKeys (ConfUtils.java:logGet(46)) - raft.grpc.server.async.request.thread.pool.cached = true (default)
2022-06-25 01:03:15,144 [Listener at 0.0.0.0/43861] INFO  grpc.GrpcConfigKeys (ConfUtils.java:logGet(46)) - raft.grpc.server.async.request.thread.pool.size = 32 (default)
2022-06-25 01:03:15,148 [Listener at 0.0.0.0/43861] INFO  impl.DataStreamServerImpl (ConfUtils.java:logGet(46)) - raft.datastream.type = DISABLED (default)
2022-06-25 01:03:15,149 [Listener at 0.0.0.0/43861] INFO  server.RaftServerConfigKeys (ConfUtils.java:logGet(46)) - raft.server.threadpool.proxy.cached = true (default)
2022-06-25 01:03:15,149 [Listener at 0.0.0.0/43861] INFO  server.RaftServerConfigKeys (ConfUtils.java:logGet(46)) - raft.server.threadpool.proxy.size = 0 (default)
2022-06-25 01:03:15,149 [Listener at 0.0.0.0/43861] INFO  server.RaftServerConfigKeys (ConfUtils.java:logGet(46)) - raft.server.rpc.slowness.timeout = 120s (custom)
2022-06-25 01:03:15,149 [Listener at 0.0.0.0/43861] INFO  server.RaftServerConfigKeys (ConfUtils.java:logGet(46)) - raft.server.leaderelection.leader.step-down.wait-time = 10s (default)
2022-06-25 01:03:15,149 [Listener at 0.0.0.0/43861] INFO  server.RaftServerConfigKeys (ConfUtils.java:logGet(46)) - raft.server.storage.dir = [/home/runner/work/ozone/ozone/hadoop-ozone/integration-test/target/test-dir/MiniOzoneClusterImpl-7d041fb5-2049-42d4-ae67-c17d724e960a/ozone-meta/ratis] (custom)
2022-06-25 01:03:15,150 [Listener at 0.0.0.0/43861] INFO  server.RaftServer (RaftServerProxy.java:addNew(96)) - om1: addNew group-C5BA1605619E:[om1|rpc:localhost:37717|priority:0] returns group-C5BA1605619E:java.util.concurrent.CompletableFuture@255ea7b6[Not completed]
2022-06-25 01:03:15,150 [Listener at 0.0.0.0/43861] INFO  om.OzoneManager (OzoneManager.java:initializeRatisServer(1961)) - OzoneManager Ratis server initialized at port 37717
2022-06-25 01:03:15,151 [Listener at 0.0.0.0/43861] INFO  om.OzoneManager (OzoneManager.java:getRpcServer(1081)) - Creating RPC Server
2022-06-25 01:03:15,155 [pool-286-thread-1] INFO  server.RaftServer$Division (RaftServerImpl.java:<init>(190)) - om1: new RaftServerImpl for group-C5BA1605619E:[om1|rpc:localhost:37717|priority:0] with OzoneManagerStateMachine:uninitialized
2022-06-25 01:03:15,155 [pool-286-thread-1] INFO  server.RaftServerConfigKeys (ConfUtils.java:logGet(46)) - raft.server.rpc.timeout.min = 1s (custom)
2022-06-25 01:03:15,155 [pool-286-thread-1] INFO  server.RaftServerConfigKeys (ConfUtils.java:logGet(46)) - raft.server.rpc.timeout.max = 1200ms (custom)
2022-06-25 01:03:15,155 [pool-286-thread-1] INFO  server.RaftServerConfigKeys (ConfUtils.java:logGet(46)) - raft.server.rpc.sleep.time = 25ms (default)
2022-06-25 01:03:15,155 [pool-286-thread-1] INFO  server.RaftServerConfigKeys (ConfUtils.java:logGet(46)) - raft.server.rpc.slowness.timeout = 120s (custom)
2022-06-25 01:03:15,155 [pool-286-thread-1] INFO  server.RaftServerConfigKeys (ConfUtils.java:logGet(46)) - raft.server.leaderelection.leader.step-down.wait-time = 10s (default)
2022-06-25 01:03:15,155 [pool-286-thread-1] INFO  server.RaftServerConfigKeys (ConfUtils.java:logGet(46)) - raft.server.sleep.deviation.threshold = 300ms (default)
2022-06-25 01:03:15,155 [pool-286-thread-1] INFO  server.RaftServer$Division (ServerState.java:<init>(107)) - om1@group-C5BA1605619E: ConfigurationManager, init=-1: [om1|rpc:localhost:37717|priority:0], old=null, confs=<EMPTY_MAP>
2022-06-25 01:03:15,155 [pool-286-thread-1] INFO  server.RaftServerConfigKeys (ConfUtils.java:logGet(46)) - raft.server.storage.dir = [/home/runner/work/ozone/ozone/hadoop-ozone/integration-test/target/test-dir/MiniOzoneClusterImpl-7d041fb5-2049-42d4-ae67-c17d724e960a/ozone-meta/ratis] (custom)
2022-06-25 01:03:15,156 [pool-286-thread-1] INFO  server.RaftServerConfigKeys (ConfUtils.java:logGet(46)) - raft.server.log.corruption.policy = EXCEPTION (default)
2022-06-25 01:03:15,156 [pool-286-thread-1] INFO  server.RaftServerConfigKeys (ConfUtils.java:logGet(46)) - raft.server.storage.free-space.min = 0MB (=0) (default)
2022-06-25 01:03:15,156 [pool-286-thread-1] INFO  storage.RaftStorageDirectory (RaftStorageDirectoryImpl.java:analyzeStorage(135)) - The storage directory /home/runner/work/ozone/ozone/hadoop-ozone/integration-test/target/test-dir/MiniOzoneClusterImpl-7d041fb5-2049-42d4-ae67-c17d724e960a/ozone-meta/ratis/bf265839-605b-3f16-9796-c5ba1605619e does not exist. Creating ...
2022-06-25 01:03:15,159 [pool-286-thread-1] INFO  storage.RaftStorageDirectory (RaftStorageDirectoryImpl.java:tryLock(230)) - Lock on /home/runner/work/ozone/ozone/hadoop-ozone/integration-test/target/test-dir/MiniOzoneClusterImpl-7d041fb5-2049-42d4-ae67-c17d724e960a/ozone-meta/ratis/bf265839-605b-3f16-9796-c5ba1605619e/in_use.lock acquired by nodename 7033@fv-az66-546
2022-06-25 01:03:15,163 [pool-286-thread-1] INFO  storage.RaftStorage (RaftStorageImpl.java:format(89)) - Storage directory /home/runner/work/ozone/ozone/hadoop-ozone/integration-test/target/test-dir/MiniOzoneClusterImpl-7d041fb5-2049-42d4-ae67-c17d724e960a/ozone-meta/ratis/bf265839-605b-3f16-9796-c5ba1605619e has been successfully formatted.
2022-06-25 01:03:15,163 [pool-286-thread-1] INFO  server.RaftServerConfigKeys (ConfUtils.java:logGet(46)) - raft.server.notification.no-leader.timeout = 120s (custom)
2022-06-25 01:03:15,163 [pool-286-thread-1] INFO  server.RaftServerConfigKeys (ConfUtils.java:logGet(46)) - raft.server.log.use.memory = false (default)
2022-06-25 01:03:15,163 [pool-286-thread-1] INFO  server.RaftServerConfigKeys (ConfUtils.java:logGet(46)) - raft.server.log.purge.gap = 1000000 (custom)
2022-06-25 01:03:15,164 [pool-286-thread-1] INFO  server.RaftServerConfigKeys (ConfUtils.java:logGet(46)) - raft.server.log.appender.buffer.byte-limit = 33554432 (custom)
2022-06-25 01:03:15,165 [pool-286-thread-1] INFO  server.RaftServerConfigKeys (ConfUtils.java:logGet(46)) - raft.server.log.statemachine.data.read.timeout = 1000ms (default)
2022-06-25 01:03:15,165 [pool-286-thread-1] INFO  server.RaftServerConfigKeys (ConfUtils.java:logGet(46)) - raft.server.log.segment.size.max = 4194304 (custom)
2022-06-25 01:03:15,165 [pool-286-thread-1] INFO  server.RaftServerConfigKeys (ConfUtils.java:logGet(46)) - raft.server.log.segment.cache.num.max = 2 (custom)
2022-06-25 01:03:15,165 [pool-286-thread-1] INFO  server.RaftServerConfigKeys (ConfUtils.java:logGet(46)) - raft.server.log.segment.cache.size.max = 200MB (=209715200) (default)
2022-06-25 01:03:15,165 [pool-286-thread-1] INFO  segmented.SegmentedRaftLogWorker (SegmentedRaftLogWorker.java:<init>(187)) - new om1@group-C5BA1605619E-SegmentedRaftLogWorker for RaftStorageImpl:Storage Directory /home/runner/work/ozone/ozone/hadoop-ozone/integration-test/target/test-dir/MiniOzoneClusterImpl-7d041fb5-2049-42d4-ae67-c17d724e960a/ozone-meta/ratis/bf265839-605b-3f16-9796-c5ba1605619e
2022-06-25 01:03:15,165 [pool-286-thread-1] INFO  server.RaftServerConfigKeys (ConfUtils.java:logGet(46)) - raft.server.log.queue.byte-limit = 64MB (=67108864) (default)
2022-06-25 01:03:15,165 [pool-286-thread-1] INFO  server.RaftServerConfigKeys (ConfUtils.java:logGet(46)) - raft.server.log.queue.element-limit = 4096 (default)
2022-06-25 01:03:15,165 [pool-286-thread-1] INFO  server.RaftServerConfigKeys (ConfUtils.java:logGet(46)) - raft.server.log.segment.size.max = 4194304 (custom)
2022-06-25 01:03:15,165 [pool-286-thread-1] INFO  server.RaftServerConfigKeys (ConfUtils.java:logGet(46)) - raft.server.log.preallocated.size = 4194304 (custom)
2022-06-25 01:03:15,165 [pool-286-thread-1] INFO  server.RaftServerConfigKeys (ConfUtils.java:logGet(46)) - raft.server.log.force.sync.num = 128 (default)
2022-06-25 01:03:15,165 [pool-286-thread-1] INFO  server.RaftServerConfigKeys (ConfUtils.java:logGet(46)) - raft.server.log.statemachine.data.sync = true (default)
2022-06-25 01:03:15,165 [pool-286-thread-1] INFO  server.RaftServerConfigKeys (ConfUtils.java:logGet(46)) - raft.server.log.statemachine.data.sync.timeout = 10s (default)
2022-06-25 01:03:15,165 [pool-286-thread-1] INFO  server.RaftServerConfigKeys (ConfUtils.java:logGet(46)) - raft.server.log.statemachine.data.sync.timeout.retry = -1 (default)
2022-06-25 01:03:15,166 [pool-286-thread-1] INFO  server.RaftServerConfigKeys (ConfUtils.java:logGet(46)) - raft.server.log.write.buffer.size = 64KB (=65536) (default)
2022-06-25 01:03:15,166 [pool-286-thread-1] INFO  server.RaftServerConfigKeys (ConfUtils.java:logGet(46)) - raft.server.log.unsafe-flush.enabled = false (default)
2022-06-25 01:03:15,167 [pool-286-thread-1] INFO  server.RaftServerConfigKeys (ConfUtils.java:logGet(46)) - raft.server.log.statemachine.data.caching.enabled = false (default)
2022-06-25 01:03:15,167 [pool-286-thread-1] INFO  segmented.SegmentedRaftLogWorker (SegmentedRaftLogWorker.java:lambda$new$0(135)) - om1@group-C5BA1605619E-SegmentedRaftLogWorker: flushIndex: setUnconditionally 0 -> -1
2022-06-25 01:03:15,167 [pool-286-thread-1] INFO  segmented.SegmentedRaftLogWorker (SegmentedRaftLogWorker.java:lambda$new$0(135)) - om1@group-C5BA1605619E-SegmentedRaftLogWorker: safeCacheEvictIndex: setUnconditionally 0 -> -1
2022-06-25 01:03:15,168 [pool-286-thread-1] INFO  server.RaftServerConfigKeys (ConfUtils.java:logGet(46)) - raft.server.snapshot.auto.trigger.enabled = true (custom)
2022-06-25 01:03:15,168 [pool-286-thread-1] INFO  server.RaftServerConfigKeys (ConfUtils.java:logGet(46)) - raft.server.snapshot.auto.trigger.threshold = 400000 (default)
2022-06-25 01:03:15,168 [pool-286-thread-1] INFO  server.RaftServerConfigKeys (ConfUtils.java:logGet(46)) - raft.server.snapshot.retention.file.num = -1 (default)
2022-06-25 01:03:15,168 [pool-286-thread-1] INFO  server.RaftServerConfigKeys (ConfUtils.java:logGet(46)) - raft.server.log.purge.upto.snapshot.index = true (custom)
2022-06-25 01:03:15,168 [pool-286-thread-1] INFO  server.RaftServerConfigKeys (ConfUtils.java:logGet(46)) - raft.server.retrycache.expirytime = 300s (custom)
2022-06-25 01:03:15,168 [pool-286-thread-1] INFO  server.RaftServerConfigKeys (ConfUtils.java:logGet(46)) - raft.server.retrycache.statistics.expirytime = 100μs (default)
2022-06-25 01:03:15,168 [pool-286-thread-1] INFO  server.RaftServerConfigKeys (ConfUtils.java:logGet(46)) - raft.server.log.appender.install.snapshot.enabled = false (custom)
2022-06-25 01:03:15,168 [pool-286-thread-1] INFO  server.RaftServerConfigKeys (ConfUtils.java:logGet(46)) - raft.server.threadpool.server.cached = true (default)
2022-06-25 01:03:15,168 [pool-286-thread-1] INFO  server.RaftServerConfigKeys (ConfUtils.java:logGet(46)) - raft.server.threadpool.server.size = 0 (default)
2022-06-25 01:03:15,168 [pool-286-thread-1] INFO  server.RaftServerConfigKeys (ConfUtils.java:logGet(46)) - raft.server.threadpool.client.cached = true (default)
2022-06-25 01:03:15,168 [pool-286-thread-1] INFO  server.RaftServerConfigKeys (ConfUtils.java:logGet(46)) - raft.server.threadpool.client.size = 0 (default)
2022-06-25 01:03:15,181 [ReplicationMonitor] INFO  replication.ReplicationManager (ReplicationManager.java:processAll(228)) - Replication Manager is not ready to run until 3000ms after safemode exit
2022-06-25 01:03:15,263 [main] INFO  impl.MetricsSystemImpl (MetricsSystemImpl.java:init(158)) - XceiverClientMetrics metrics system started (again)
2022-06-25 01:03:15,385 [ReplicationMonitor] INFO  replication.ReplicationManager (ReplicationManager.java:processAll(228)) - Replication Manager is not ready to run until 3000ms after safemode exit
2022-06-25 01:03:15,963 [org.apache.ratis.util.JvmPauseMonitor$$Lambda$706/1141522042@76022cdb] WARN  util.JvmPauseMonitor (JvmPauseMonitor.java:detectPause(124)) - JvmPauseMonitor-98ebfad8-d5dc-46a2-9e40-7ac48868c3c4: Detected pause in JVM or host machine (eg GC): pause of approximately 125533406ns.
GC pool 'PS MarkSweep' had collection(s): count=1 time=169ms
GC pool 'PS Scavenge' had collection(s): count=1 time=51ms
2022-06-25 01:03:16,109 [Listener at 0.0.0.0/43861] INFO  reflections.Reflections (Reflections.java:scan(232)) - Reflections took 923 ms to scan 19 urls, producing 66 keys and 4066 values [using 2 cores]
2022-06-25 01:03:16,111 [Listener at 0.0.0.0/43861] INFO  ipc.CallQueueManager (CallQueueManager.java:<init>(90)) - Using callQueue: class java.util.concurrent.LinkedBlockingQueue, queueCapacity: 2000, scheduler: class org.apache.hadoop.ipc.DefaultRpcScheduler, ipcBackoff: false.
2022-06-25 01:03:16,143 [Socket Reader #1 for port 0] INFO  ipc.Server (Server.java:run(1265)) - Starting Socket Reader #1 for port 0
2022-06-25 01:03:16,182 [ReplicationMonitor] INFO  replication.ReplicationManager (ReplicationManager.java:processAll(228)) - Replication Manager is not ready to run until 3000ms after safemode exit
2022-06-25 01:03:16,204 [Listener at 127.0.0.1/35937] INFO  impl.MetricsSystemImpl (MetricsSystemImpl.java:init(158)) - OzoneManager metrics system started (again)
2022-06-25 01:03:16,231 [Listener at 127.0.0.1/35937] INFO  om.OzoneManager (OzoneManager.java:start(1465)) - OzoneManager RPC server is listening at localhost/127.0.0.1:35937
2022-06-25 01:03:16,231 [Listener at 127.0.0.1/35937] INFO  ratis.OzoneManagerRatisServer (OzoneManagerRatisServer.java:start(554)) - Starting OzoneManagerRatisServer om1 at port 37717
2022-06-25 01:03:16,238 [om1-impl-thread1] INFO  server.RaftServer$Division (RaftServerImpl.java:start(310)) - om1@group-C5BA1605619E: start as a follower, conf=-1: [om1|rpc:localhost:37717|priority:0], old=null
2022-06-25 01:03:16,238 [om1-impl-thread1] INFO  server.RaftServer$Division (RaftServerImpl.java:setRole(299)) - om1@group-C5BA1605619E: changes role from      null to FOLLOWER at term 0 for startAsFollower
2022-06-25 01:03:16,238 [om1-impl-thread1] INFO  impl.RoleInfo (RoleInfo.java:updateAndGet(139)) - om1: start om1@group-C5BA1605619E-FollowerState
2022-06-25 01:03:16,241 [om1-impl-thread1] ERROR util.JmxRegister (JmxRegister.java:tryRegister(40)) - Failed to register JMX Bean with name Ratis:service=RaftServer,group=group-C5BA1605619E,id=om1
javax.management.InstanceAlreadyExistsException: Ratis:service=RaftServer,group=group-C5BA1605619E,id=om1
	at com.sun.jmx.mbeanserver.Repository.addMBean(Repository.java:437)
	at com.sun.jmx.interceptor.DefaultMBeanServerInterceptor.registerWithRepository(DefaultMBeanServerInterceptor.java:1898)
	at com.sun.jmx.interceptor.DefaultMBeanServerInterceptor.registerDynamicMBean(DefaultMBeanServerInterceptor.java:966)
	at com.sun.jmx.interceptor.DefaultMBeanServerInterceptor.registerObject(DefaultMBeanServerInterceptor.java:900)
	at com.sun.jmx.interceptor.DefaultMBeanServerInterceptor.registerMBean(DefaultMBeanServerInterceptor.java:324)
	at com.sun.jmx.mbeanserver.JmxMBeanServer.registerMBean(JmxMBeanServer.java:522)
	at org.apache.ratis.util.JmxRegister.tryRegister(JmxRegister.java:38)
	at org.apache.ratis.util.JmxRegister.register(JmxRegister.java:56)
	at org.apache.ratis.server.impl.RaftServerImpl.registerMBean(RaftServerImpl.java:329)
	at org.apache.ratis.server.impl.RaftServerImpl.start(RaftServerImpl.java:320)
	at org.apache.ratis.util.ConcurrentUtils.lambda$null$3(ConcurrentUtils.java:162)
	at java.util.concurrent.ThreadPoolExecutor.runWorker(ThreadPoolExecutor.java:1149)
	at java.util.concurrent.ThreadPoolExecutor$Worker.run(ThreadPoolExecutor.java:624)
	at java.lang.Thread.run(Thread.java:750)
2022-06-25 01:03:16,244 [om1-impl-thread1] INFO  util.JmxRegister (JmxRegister.java:tryRegister(44)) - Successfully registered JMX Bean with object name Ratis:service=RaftServer,group=group-C5BA1605619E,id="om1"
2022-06-25 01:03:16,247 [Listener at 127.0.0.1/35937] INFO  server.RaftServer (RaftServerProxy.java:lambda$start$6(382)) - om1: start RPC server
2022-06-25 01:03:16,261 [Listener at 127.0.0.1/35937] INFO  server.GrpcService (GrpcService.java:startImpl(260)) - om1: GrpcService started, listening on 37717
2022-06-25 01:03:16,262 [Listener at 127.0.0.1/35937] INFO  om.OzoneManager (OzoneManager.java:start(1481)) - Version File has different layout version (3) than OM DB (null). That is expected if this OM has never been finalized to a newer layout version.
2022-06-25 01:03:16,262 [org.apache.ratis.util.JvmPauseMonitor$$Lambda$706/1141522042@4e18fe17] INFO  util.JvmPauseMonitor (JvmPauseMonitor.java:run(103)) - JvmPauseMonitor-om1: Started
2022-06-25 01:03:16,267 [Listener at 127.0.0.1/35937] INFO  http.BaseHttpServer (BaseHttpServer.java:newHttpServer2BuilderForOzone(209)) - Starting Web-server for ozoneManager at: http://0.0.0.0:0
2022-06-25 01:03:16,267 [Listener at 127.0.0.1/35937] INFO  http.BaseHttpServer (BaseHttpServer.java:<init>(107)) - Hadoop Security Enabled: false Ozone Security Enabled: false Ozone HTTP Security Enabled: false 
2022-06-25 01:03:16,271 [Listener at 127.0.0.1/35937] INFO  server.AuthenticationFilter (AuthenticationFilter.java:constructSecretProvider(240)) - Unable to initialize FileSignerSecretProvider, falling back to use random secrets.
2022-06-25 01:03:16,283 [Listener at 127.0.0.1/35937] WARN  http.HttpRequestLog (HttpRequestLog.java:getRequestLog(103)) - Jetty request log can only be enabled using Log4j
2022-06-25 01:03:16,296 [Listener at 127.0.0.1/35937] INFO  http.HttpServer2 (HttpServer2.java:addGlobalFilter(1029)) - Added global filter 'safety' (class=org.apache.hadoop.hdds.server.http.HttpServer2$QuotingInputFilter)
2022-06-25 01:03:16,297 [Listener at 127.0.0.1/35937] INFO  http.HttpServer2 (HttpServer2.java:addFilter(1005)) - Added filter static_user_filter (class=org.apache.hadoop.http.lib.StaticUserWebFilter$StaticUserFilter) to context ozoneManager
2022-06-25 01:03:16,297 [Listener at 127.0.0.1/35937] INFO  http.HttpServer2 (HttpServer2.java:addFilter(1013)) - Added filter static_user_filter (class=org.apache.hadoop.http.lib.StaticUserWebFilter$StaticUserFilter) to context logs
2022-06-25 01:03:16,297 [Listener at 127.0.0.1/35937] INFO  http.HttpServer2 (HttpServer2.java:addFilter(1013)) - Added filter static_user_filter (class=org.apache.hadoop.http.lib.StaticUserWebFilter$StaticUserFilter) to context static
2022-06-25 01:03:16,299 [Listener at 127.0.0.1/35937] INFO  http.HttpServer2 (HttpServer2.java:bindListener(1248)) - Jetty bound to port 38245
2022-06-25 01:03:16,299 [Listener at 127.0.0.1/35937] INFO  server.Server (Server.java:doStart(375)) - jetty-9.4.43.v20210629; built: 2021-06-30T11:07:22.254Z; git: 526006ecfa3af7f1a27ef3a288e2bef7ea9dd7e8; jvm 1.8.0_332-b09
2022-06-25 01:03:16,316 [Listener at 127.0.0.1/35937] INFO  server.session (DefaultSessionIdManager.java:doStart(334)) - DefaultSessionIdManager workerName=node0
2022-06-25 01:03:16,316 [Listener at 127.0.0.1/35937] INFO  server.session (DefaultSessionIdManager.java:doStart(339)) - No SessionScavenger set, using defaults
2022-06-25 01:03:16,316 [Listener at 127.0.0.1/35937] INFO  server.session (HouseKeeper.java:startScavenging(132)) - node0 Scavenging every 660000ms
2022-06-25 01:03:16,317 [Listener at 127.0.0.1/35937] INFO  handler.ContextHandler (ContextHandler.java:doStart(915)) - Started o.e.j.s.ServletContextHandler@420fb34a{logs,/logs,file:///home/runner/work/ozone/ozone/hadoop-ozone/integration-test/target/log,AVAILABLE}
2022-06-25 01:03:16,318 [Listener at 127.0.0.1/35937] INFO  handler.ContextHandler (ContextHandler.java:doStart(915)) - Started o.e.j.s.ServletContextHandler@11a863c1{static,/static,file:///home/runner/work/ozone/ozone/hadoop-ozone/integration-test/target/test-classes/webapps/static,AVAILABLE}
2022-06-25 01:03:16,331 [Listener at 127.0.0.1/35937] INFO  handler.ContextHandler (ContextHandler.java:doStart(915)) - Started o.e.j.w.WebAppContext@3c2e730c{ozoneManager,/,file:///home/runner/work/ozone/ozone/hadoop-ozone/integration-test/target/test-classes/webapps/ozoneManager/,AVAILABLE}{file:/home/runner/work/ozone/ozone/hadoop-ozone/integration-test/target/test-classes/webapps/ozoneManager}
2022-06-25 01:03:16,334 [Listener at 127.0.0.1/35937] INFO  server.AbstractConnector (AbstractConnector.java:doStart(331)) - Started ServerConnector@38a99981{HTTP/1.1, (http/1.1)}{0.0.0.0:38245}
2022-06-25 01:03:16,334 [Listener at 127.0.0.1/35937] INFO  server.Server (Server.java:doStart(415)) - Started @30230ms
2022-06-25 01:03:16,334 [Listener at 127.0.0.1/35937] WARN  impl.MetricsSystemImpl (MetricsSystemImpl.java:register(279)) - Sink prometheus already exists!
2022-06-25 01:03:16,335 [Listener at 127.0.0.1/35937] INFO  http.BaseHttpServer (BaseHttpServer.java:updateConnectorAddress(329)) - HTTP server of ozoneManager listening at http://0.0.0.0:38245
2022-06-25 01:03:16,335 [IPC Server listener on 0] INFO  ipc.Server (Server.java:run(1344)) - IPC Server listener on 0: starting
2022-06-25 01:03:16,335 [IPC Server Responder] INFO  ipc.Server (Server.java:run(1507)) - IPC Server Responder: starting
2022-06-25 01:03:16,354 [Listener at 127.0.0.1/35937] INFO  om.OzoneManager (OzoneManager.java:startTrashEmptier(1905)) - Trash Interval set to 0. Files deleted won't move to trash
2022-06-25 01:03:16,355 [org.apache.hadoop.util.JvmPauseMonitor$Monitor@3ec3dd7] INFO  util.JvmPauseMonitor (JvmPauseMonitor.java:run(188)) - Starting JVM pause monitor
2022-06-25 01:03:16,385 [ReplicationMonitor] INFO  replication.ReplicationManager (ReplicationManager.java:processAll(228)) - Replication Manager is not ready to run until 3000ms after safemode exit
2022-06-25 01:03:16,412 [Listener at 127.0.0.1/35937] WARN  impl.MetricRegistriesImpl (MetricRegistriesImpl.java:addReporterRegistration(111)) - New reporters are added after registries were created. Some metrics will be missing from the reporter. Please add reporter before adding any new registry.
2022-06-25 01:03:16,412 [Listener at 127.0.0.1/35937] WARN  impl.MetricRegistriesImpl (MetricRegistriesImpl.java:addReporterRegistration(111)) - New reporters are added after registries were created. Some metrics will be missing from the reporter. Please add reporter before adding any new registry.
2022-06-25 01:03:16,412 [Listener at 127.0.0.1/35937] INFO  impl.MetricsSystemImpl (MetricsSystemImpl.java:init(158)) - HddsDatanode metrics system started (again)
2022-06-25 01:03:16,444 [Listener at 127.0.0.1/35937] INFO  ozone.HddsDatanodeService (HddsDatanodeService.java:start(236)) - HddsDatanodeService host:fv-az66-546.vwcdieab4koerntclszyavmfxa.dx.internal.cloudapp.net ip:10.1.0.8
2022-06-25 01:03:16,510 [Listener at 127.0.0.1/35937] INFO  upgrade.AbstractLayoutVersionManager (AbstractLayoutVersionManager.java:init(82)) - Initializing Layout version manager with metadata layout = DATANODE_SCHEMA_V3 (version = 4), software layout = DATANODE_SCHEMA_V3 (version = 4)
2022-06-25 01:03:16,580 [Listener at 127.0.0.1/35937] INFO  reflections.Reflections (Reflections.java:scan(232)) - Reflections took 69 ms to scan 7 urls, producing 131 keys and 316 values 
2022-06-25 01:03:16,585 [Listener at 127.0.0.1/35937] INFO  statemachine.DatanodeStateMachine (DatanodeStateMachine.java:getEndPointTaskThreadPoolSize(237)) - Datanode State Machine Task Thread Pool size 2
2022-06-25 01:03:16,587 [Listener at 127.0.0.1/35937] INFO  volume.HddsVolume (HddsVolume.java:<init>(116)) - Creating HddsVolume: /home/runner/work/ozone/ozone/hadoop-ozone/integration-test/target/test-dir/MiniOzoneClusterImpl-7d041fb5-2049-42d4-ae67-c17d724e960a/datanode-0/data-0/containers/hdds of storage type : DISK capacity : 9223372036854775807
2022-06-25 01:03:16,587 [Listener at 127.0.0.1/35937] INFO  volume.MutableVolumeSet (MutableVolumeSet.java:initializeVolumeSet(174)) - Added Volume : /home/runner/work/ozone/ozone/hadoop-ozone/integration-test/target/test-dir/MiniOzoneClusterImpl-7d041fb5-2049-42d4-ae67-c17d724e960a/datanode-0/data-0/containers/hdds to VolumeSet
2022-06-25 01:03:16,588 [Listener at 127.0.0.1/35937] INFO  volume.ThrottledAsyncChecker (ThrottledAsyncChecker.java:schedule(141)) - Scheduling a check for /home/runner/work/ozone/ozone/hadoop-ozone/integration-test/target/test-dir/MiniOzoneClusterImpl-7d041fb5-2049-42d4-ae67-c17d724e960a/datanode-0/data-0/containers/hdds
2022-06-25 01:03:16,598 [Listener at 127.0.0.1/35937] INFO  volume.StorageVolumeChecker (StorageVolumeChecker.java:checkAllVolumes(202)) - Scheduled health check for volume /home/runner/work/ozone/ozone/hadoop-ozone/integration-test/target/test-dir/MiniOzoneClusterImpl-7d041fb5-2049-42d4-ae67-c17d724e960a/datanode-0/data-0/containers/hdds
2022-06-25 01:03:16,613 [Listener at 127.0.0.1/35937] INFO  volume.MutableVolumeSet (MutableVolumeSet.java:initializeVolumeSet(174)) - Added Volume : /home/runner/work/ozone/ozone/hadoop-ozone/integration-test/target/test-dir/MiniOzoneClusterImpl-7d041fb5-2049-42d4-ae67-c17d724e960a/datanode-0/data/ratis to VolumeSet
2022-06-25 01:03:16,613 [Listener at 127.0.0.1/35937] INFO  volume.ThrottledAsyncChecker (ThrottledAsyncChecker.java:schedule(141)) - Scheduling a check for /home/runner/work/ozone/ozone/hadoop-ozone/integration-test/target/test-dir/MiniOzoneClusterImpl-7d041fb5-2049-42d4-ae67-c17d724e960a/datanode-0/data/ratis
2022-06-25 01:03:16,613 [Listener at 127.0.0.1/35937] INFO  volume.StorageVolumeChecker (StorageVolumeChecker.java:checkAllVolumes(202)) - Scheduled health check for volume /home/runner/work/ozone/ozone/hadoop-ozone/integration-test/target/test-dir/MiniOzoneClusterImpl-7d041fb5-2049-42d4-ae67-c17d724e960a/datanode-0/data/ratis
2022-06-25 01:03:16,658 [Thread-489] INFO  ozoneimpl.ContainerReader (ContainerReader.java:readVolume(172)) - Finish verifying containers on volume /home/runner/work/ozone/ozone/hadoop-ozone/integration-test/target/test-dir/MiniOzoneClusterImpl-7d041fb5-2049-42d4-ae67-c17d724e960a/datanode-0/data-0/containers/hdds
2022-06-25 01:03:16,658 [Listener at 127.0.0.1/35937] INFO  ozoneimpl.OzoneContainer (OzoneContainer.java:buildContainerSet(266)) - Build ContainerSet costs 0s
2022-06-25 01:03:16,661 [Listener at 127.0.0.1/35937] INFO  server.RaftServer (ConfUtils.java:logGet(46)) - raft.rpc.type = GRPC (default)
2022-06-25 01:03:16,661 [Listener at 127.0.0.1/35937] INFO  grpc.GrpcFactory (GrpcFactory.java:checkPooledByteBufAllocatorUseCacheForAllThreads(48)) - PERFORMANCE WARNING: useCacheForAllThreads is true that may cause Netty to create a lot garbage objects and, as a result, trigger GC.
	It is recommended to disable useCacheForAllThreads by setting -Dorg.apache.ratis.thirdparty.io.netty.allocator.useCacheForAllThreads=false in command line.
2022-06-25 01:03:16,661 [Listener at 127.0.0.1/35937] INFO  grpc.GrpcConfigKeys (ConfUtils.java:logGet(46)) - raft.grpc.admin.port = 0 (custom)
2022-06-25 01:03:16,661 [Listener at 127.0.0.1/35937] INFO  grpc.GrpcConfigKeys (ConfUtils.java:logGet(46)) - raft.grpc.client.port = 0 (custom)
2022-06-25 01:03:16,661 [Listener at 127.0.0.1/35937] INFO  grpc.GrpcConfigKeys (ConfUtils.java:logGet(46)) - raft.grpc.server.port = 0 (default)
2022-06-25 01:03:16,661 [Listener at 127.0.0.1/35937] INFO  server.GrpcService (ConfUtils.java:logGet(46)) - raft.grpc.message.size.max = 32MB (=33554432) (custom)
2022-06-25 01:03:16,662 [Listener at 127.0.0.1/35937] INFO  server.RaftServerConfigKeys (ConfUtils.java:logGet(46)) - raft.server.log.appender.buffer.byte-limit = 33554432 (custom)
2022-06-25 01:03:16,662 [Listener at 127.0.0.1/35937] INFO  server.GrpcService (ConfUtils.java:logGet(46)) - raft.grpc.flow.control.window = 5MB (=5242880) (custom)
2022-06-25 01:03:16,662 [Listener at 127.0.0.1/35937] INFO  server.RaftServerConfigKeys (ConfUtils.java:logGet(46)) - raft.server.rpc.request.timeout = 60s (custom)
2022-06-25 01:03:16,662 [Listener at 127.0.0.1/35937] INFO  grpc.GrpcConfigKeys (ConfUtils.java:logGet(46)) - raft.grpc.server.async.request.thread.pool.cached = true (default)
2022-06-25 01:03:16,662 [Listener at 127.0.0.1/35937] INFO  grpc.GrpcConfigKeys (ConfUtils.java:logGet(46)) - raft.grpc.server.async.request.thread.pool.size = 32 (default)
2022-06-25 01:03:16,663 [Listener at 127.0.0.1/35937] INFO  impl.DataStreamServerImpl (ConfUtils.java:logGet(46)) - raft.datastream.type = DISABLED (default)
2022-06-25 01:03:16,664 [Listener at 127.0.0.1/35937] INFO  server.RaftServerConfigKeys (ConfUtils.java:logGet(46)) - raft.server.threadpool.proxy.cached = true (default)
2022-06-25 01:03:16,664 [Listener at 127.0.0.1/35937] INFO  server.RaftServerConfigKeys (ConfUtils.java:logGet(46)) - raft.server.threadpool.proxy.size = 0 (default)
2022-06-25 01:03:16,664 [Listener at 127.0.0.1/35937] INFO  server.RaftServerConfigKeys (ConfUtils.java:logGet(46)) - raft.server.rpc.slowness.timeout = 300s (custom)
2022-06-25 01:03:16,664 [Listener at 127.0.0.1/35937] INFO  server.RaftServerConfigKeys (ConfUtils.java:logGet(46)) - raft.server.leaderelection.leader.step-down.wait-time = 10s (default)
2022-06-25 01:03:16,664 [Listener at 127.0.0.1/35937] INFO  server.RaftServerConfigKeys (ConfUtils.java:logGet(46)) - raft.server.storage.dir = [/home/runner/work/ozone/ozone/hadoop-ozone/integration-test/target/test-dir/MiniOzoneClusterImpl-7d041fb5-2049-42d4-ae67-c17d724e960a/datanode-0/data/ratis] (custom)
2022-06-25 01:03:16,674 [Listener at 127.0.0.1/35937] INFO  server.XceiverServerGrpc (XceiverServerGrpc.java:<init>(132)) - GrpcServer channel type EpollServerSocketChannel
2022-06-25 01:03:16,678 [Listener at 127.0.0.1/35937] INFO  http.BaseHttpServer (BaseHttpServer.java:newHttpServer2BuilderForOzone(209)) - Starting Web-server for hddsDatanode at: http://0.0.0.0:0
2022-06-25 01:03:16,678 [Listener at 127.0.0.1/35937] INFO  http.BaseHttpServer (BaseHttpServer.java:<init>(107)) - Hadoop Security Enabled: false Ozone Security Enabled: false Ozone HTTP Security Enabled: false 
2022-06-25 01:03:16,679 [Listener at 127.0.0.1/35937] INFO  server.AuthenticationFilter (AuthenticationFilter.java:constructSecretProvider(240)) - Unable to initialize FileSignerSecretProvider, falling back to use random secrets.
2022-06-25 01:03:16,698 [Listener at 127.0.0.1/35937] WARN  http.HttpRequestLog (HttpRequestLog.java:getRequestLog(103)) - Jetty request log can only be enabled using Log4j
2022-06-25 01:03:16,701 [Listener at 127.0.0.1/35937] INFO  http.HttpServer2 (HttpServer2.java:addGlobalFilter(1029)) - Added global filter 'safety' (class=org.apache.hadoop.hdds.server.http.HttpServer2$QuotingInputFilter)
2022-06-25 01:03:16,702 [Listener at 127.0.0.1/35937] INFO  http.HttpServer2 (HttpServer2.java:addFilter(1005)) - Added filter static_user_filter (class=org.apache.hadoop.http.lib.StaticUserWebFilter$StaticUserFilter) to context hddsDatanode
2022-06-25 01:03:16,702 [Listener at 127.0.0.1/35937] INFO  http.HttpServer2 (HttpServer2.java:addFilter(1013)) - Added filter static_user_filter (class=org.apache.hadoop.http.lib.StaticUserWebFilter$StaticUserFilter) to context logs
2022-06-25 01:03:16,702 [Listener at 127.0.0.1/35937] INFO  http.HttpServer2 (HttpServer2.java:addFilter(1013)) - Added filter static_user_filter (class=org.apache.hadoop.http.lib.StaticUserWebFilter$StaticUserFilter) to context static
2022-06-25 01:03:16,703 [Listener at 127.0.0.1/35937] INFO  http.HttpServer2 (HttpServer2.java:bindListener(1248)) - Jetty bound to port 37943
2022-06-25 01:03:16,703 [Listener at 127.0.0.1/35937] INFO  server.Server (Server.java:doStart(375)) - jetty-9.4.43.v20210629; built: 2021-06-30T11:07:22.254Z; git: 526006ecfa3af7f1a27ef3a288e2bef7ea9dd7e8; jvm 1.8.0_332-b09
2022-06-25 01:03:16,708 [Listener at 127.0.0.1/35937] INFO  server.session (DefaultSessionIdManager.java:doStart(334)) - DefaultSessionIdManager workerName=node0
2022-06-25 01:03:16,708 [Listener at 127.0.0.1/35937] INFO  server.session (DefaultSessionIdManager.java:doStart(339)) - No SessionScavenger set, using defaults
2022-06-25 01:03:16,708 [Listener at 127.0.0.1/35937] INFO  server.session (HouseKeeper.java:startScavenging(132)) - node0 Scavenging every 660000ms
2022-06-25 01:03:16,709 [Listener at 127.0.0.1/35937] INFO  handler.ContextHandler (ContextHandler.java:doStart(915)) - Started o.e.j.s.ServletContextHandler@3cfd920d{logs,/logs,file:///home/runner/work/ozone/ozone/hadoop-ozone/integration-test/target/log,AVAILABLE}
2022-06-25 01:03:16,710 [Listener at 127.0.0.1/35937] INFO  handler.ContextHandler (ContextHandler.java:doStart(915)) - Started o.e.j.s.ServletContextHandler@647fb665{static,/static,jar:file:/home/runner/.m2/repository/org/apache/ozone/hdds-container-service/1.3.0-SNAPSHOT/hdds-container-service-1.3.0-SNAPSHOT.jar!/webapps/static,AVAILABLE}
2022-06-25 01:03:17,143 [Listener at 127.0.0.1/35937] INFO  handler.ContextHandler (ContextHandler.java:doStart(915)) - Started o.e.j.w.WebAppContext@5532419e{hddsDatanode,/,file:///tmp/jetty-0_0_0_0-37943-hdds-container-service-1_3_0-SNAPSHOT_jar-_-any-111805004911186926/webapp/,AVAILABLE}{jar:file:/home/runner/.m2/repository/org/apache/ozone/hdds-container-service/1.3.0-SNAPSHOT/hdds-container-service-1.3.0-SNAPSHOT.jar!/webapps/hddsDatanode}
2022-06-25 01:03:17,148 [Listener at 127.0.0.1/35937] INFO  server.AbstractConnector (AbstractConnector.java:doStart(331)) - Started ServerConnector@48bc594e{HTTP/1.1, (http/1.1)}{0.0.0.0:37943}
2022-06-25 01:03:17,148 [Listener at 127.0.0.1/35937] INFO  server.Server (Server.java:doStart(415)) - Started @31045ms
2022-06-25 01:03:17,148 [Listener at 127.0.0.1/35937] WARN  impl.MetricsSystemImpl (MetricsSystemImpl.java:register(279)) - Sink prometheus already exists!
2022-06-25 01:03:17,150 [Listener at 127.0.0.1/35937] INFO  http.BaseHttpServer (BaseHttpServer.java:updateConnectorAddress(329)) - HTTP server of hddsDatanode listening at http://0.0.0.0:37943
2022-06-25 01:03:17,150 [Listener at 127.0.0.1/35937] WARN  impl.MetricRegistriesImpl (MetricRegistriesImpl.java:addReporterRegistration(111)) - New reporters are added after registries were created. Some metrics will be missing from the reporter. Please add reporter before adding any new registry.
2022-06-25 01:03:17,150 [Listener at 127.0.0.1/35937] WARN  impl.MetricRegistriesImpl (MetricRegistriesImpl.java:addReporterRegistration(111)) - New reporters are added after registries were created. Some metrics will be missing from the reporter. Please add reporter before adding any new registry.
2022-06-25 01:03:17,150 [Listener at 127.0.0.1/35937] INFO  impl.MetricsSystemImpl (MetricsSystemImpl.java:init(158)) - HddsDatanode metrics system started (again)
2022-06-25 01:03:17,158 [Datanode State Machine Daemon Thread] INFO  statemachine.DatanodeStateMachine (DatanodeStateMachine.java:lambda$startDaemon$0(492)) - Ozone container server started.
2022-06-25 01:03:17,173 [org.apache.hadoop.util.JvmPauseMonitor$Monitor@6583c7e6] INFO  util.JvmPauseMonitor (JvmPauseMonitor.java:run(188)) - Starting JVM pause monitor
2022-06-25 01:03:17,184 [ReplicationMonitor] INFO  replication.ReplicationManager (ReplicationManager.java:processAll(249)) - Replication Monitor Thread took 3 milliseconds for processing 6 containers.
2022-06-25 01:03:17,186 [Listener at 127.0.0.1/35937] INFO  ozone.HddsDatanodeService (HddsDatanodeService.java:start(236)) - HddsDatanodeService host:fv-az66-546.vwcdieab4koerntclszyavmfxa.dx.internal.cloudapp.net ip:10.1.0.8
2022-06-25 01:03:17,192 [Datanode State Machine Task Thread - 0] INFO  datanode.InitDatanodeState (InitDatanodeState.java:persistContainerDatanodeDetails(138)) - DatanodeDetails is persisted to /home/runner/work/ozone/ozone/hadoop-ozone/integration-test/target/test-dir/MiniOzoneClusterImpl-7d041fb5-2049-42d4-ae67-c17d724e960a/datanode-0/meta/datanode.id
2022-06-25 01:03:17,230 [Listener at 127.0.0.1/35937] INFO  upgrade.AbstractLayoutVersionManager (AbstractLayoutVersionManager.java:init(82)) - Initializing Layout version manager with metadata layout = DATANODE_SCHEMA_V3 (version = 4), software layout = DATANODE_SCHEMA_V3 (version = 4)
2022-06-25 01:03:17,347 [Listener at 127.0.0.1/35937] INFO  reflections.Reflections (Reflections.java:scan(232)) - Reflections took 114 ms to scan 7 urls, producing 131 keys and 316 values 
2022-06-25 01:03:17,350 [Listener at 127.0.0.1/35937] INFO  statemachine.DatanodeStateMachine (DatanodeStateMachine.java:getEndPointTaskThreadPoolSize(237)) - Datanode State Machine Task Thread Pool size 2
2022-06-25 01:03:17,363 [Listener at 127.0.0.1/35937] INFO  volume.HddsVolume (HddsVolume.java:<init>(116)) - Creating HddsVolume: /home/runner/work/ozone/ozone/hadoop-ozone/integration-test/target/test-dir/MiniOzoneClusterImpl-7d041fb5-2049-42d4-ae67-c17d724e960a/datanode-1/data-0/containers/hdds of storage type : DISK capacity : 9223372036854775807
2022-06-25 01:03:17,363 [Listener at 127.0.0.1/35937] INFO  volume.MutableVolumeSet (MutableVolumeSet.java:initializeVolumeSet(174)) - Added Volume : /home/runner/work/ozone/ozone/hadoop-ozone/integration-test/target/test-dir/MiniOzoneClusterImpl-7d041fb5-2049-42d4-ae67-c17d724e960a/datanode-1/data-0/containers/hdds to VolumeSet
2022-06-25 01:03:17,363 [Listener at 127.0.0.1/35937] INFO  volume.ThrottledAsyncChecker (ThrottledAsyncChecker.java:schedule(141)) - Scheduling a check for /home/runner/work/ozone/ozone/hadoop-ozone/integration-test/target/test-dir/MiniOzoneClusterImpl-7d041fb5-2049-42d4-ae67-c17d724e960a/datanode-1/data-0/containers/hdds
2022-06-25 01:03:17,366 [Listener at 127.0.0.1/35937] INFO  volume.StorageVolumeChecker (StorageVolumeChecker.java:checkAllVolumes(202)) - Scheduled health check for volume /home/runner/work/ozone/ozone/hadoop-ozone/integration-test/target/test-dir/MiniOzoneClusterImpl-7d041fb5-2049-42d4-ae67-c17d724e960a/datanode-1/data-0/containers/hdds
2022-06-25 01:03:17,389 [ReplicationMonitor] INFO  replication.ReplicationManager (ReplicationManager.java:processAll(228)) - Replication Manager is not ready to run until 3000ms after safemode exit
2022-06-25 01:03:17,410 [om1@group-C5BA1605619E-FollowerState] INFO  impl.FollowerState (FollowerState.java:run(143)) - om1@group-C5BA1605619E-FollowerState: change to CANDIDATE, lastRpcElapsedTime:1172115554ns, electionTimeout:1169ms
2022-06-25 01:03:17,410 [om1@group-C5BA1605619E-FollowerState] INFO  impl.RoleInfo (RoleInfo.java:shutdownFollowerState(110)) - om1: shutdown om1@group-C5BA1605619E-FollowerState
2022-06-25 01:03:17,410 [om1@group-C5BA1605619E-FollowerState] INFO  server.RaftServer$Division (RaftServerImpl.java:setRole(299)) - om1@group-C5BA1605619E: changes role from  FOLLOWER to CANDIDATE at term 0 for changeToCandidate
2022-06-25 01:03:17,410 [Listener at 127.0.0.1/35937] INFO  volume.MutableVolumeSet (MutableVolumeSet.java:initializeVolumeSet(174)) - Added Volume : /home/runner/work/ozone/ozone/hadoop-ozone/integration-test/target/test-dir/MiniOzoneClusterImpl-7d041fb5-2049-42d4-ae67-c17d724e960a/datanode-1/data/ratis to VolumeSet
2022-06-25 01:03:17,410 [om1@group-C5BA1605619E-FollowerState] INFO  server.RaftServerConfigKeys (ConfUtils.java:logGet(46)) - raft.server.leaderelection.pre-vote = false (custom)
2022-06-25 01:03:17,412 [om1@group-C5BA1605619E-FollowerState] INFO  impl.RoleInfo (RoleInfo.java:updateAndGet(139)) - om1: start om1@group-C5BA1605619E-LeaderElection14
2022-06-25 01:03:17,412 [Listener at 127.0.0.1/35937] INFO  volume.ThrottledAsyncChecker (ThrottledAsyncChecker.java:schedule(141)) - Scheduling a check for /home/runner/work/ozone/ozone/hadoop-ozone/integration-test/target/test-dir/MiniOzoneClusterImpl-7d041fb5-2049-42d4-ae67-c17d724e960a/datanode-1/data/ratis
2022-06-25 01:03:17,422 [Listener at 127.0.0.1/35937] INFO  volume.StorageVolumeChecker (StorageVolumeChecker.java:checkAllVolumes(202)) - Scheduled health check for volume /home/runner/work/ozone/ozone/hadoop-ozone/integration-test/target/test-dir/MiniOzoneClusterImpl-7d041fb5-2049-42d4-ae67-c17d724e960a/datanode-1/data/ratis
2022-06-25 01:03:17,442 [om1@group-C5BA1605619E-LeaderElection14] INFO  impl.LeaderElection (LeaderElection.java:askForVotes(310)) - om1@group-C5BA1605619E-LeaderElection14 ELECTION round 0: submit vote requests at term 1 for -1: [om1|rpc:localhost:37717|priority:0], old=null
2022-06-25 01:03:17,442 [om1@group-C5BA1605619E-LeaderElection14] INFO  impl.LeaderElection (LeaderElection.java:askForVotes(312)) - om1@group-C5BA1605619E-LeaderElection14 ELECTION round 0: result PASSED (term=1)
2022-06-25 01:03:17,442 [om1@group-C5BA1605619E-LeaderElection14] INFO  impl.RoleInfo (RoleInfo.java:shutdownLeaderElection(130)) - om1: shutdown om1@group-C5BA1605619E-LeaderElection14
2022-06-25 01:03:17,442 [om1@group-C5BA1605619E-LeaderElection14] INFO  server.RaftServer$Division (RaftServerImpl.java:setRole(299)) - om1@group-C5BA1605619E: changes role from CANDIDATE to LEADER at term 1 for changeToLeader
2022-06-25 01:03:17,442 [om1@group-C5BA1605619E-LeaderElection14] INFO  server.RaftServer$Division (ServerState.java:setLeader(287)) - om1@group-C5BA1605619E: change Leader from null to om1 at term 1 for becomeLeader, leader elected after 2279ms
2022-06-25 01:03:17,442 [om1@group-C5BA1605619E-LeaderElection14] INFO  server.RaftServerConfigKeys (ConfUtils.java:logGet(46)) - raft.server.staging.catchup.gap = 1000 (default)
2022-06-25 01:03:17,448 [om1@group-C5BA1605619E-LeaderElection14] INFO  server.RaftServerConfigKeys (ConfUtils.java:logGet(46)) - raft.server.write.element-limit = 4096 (default)
2022-06-25 01:03:17,448 [om1@group-C5BA1605619E-LeaderElection14] INFO  server.RaftServerConfigKeys (ConfUtils.java:logGet(46)) - raft.server.write.byte-limit = 64MB (=67108864) (default)
2022-06-25 01:03:17,448 [om1@group-C5BA1605619E-LeaderElection14] INFO  server.RaftServerConfigKeys (ConfUtils.java:logGet(46)) - raft.server.watch.timeout = 10s (default)
2022-06-25 01:03:17,448 [om1@group-C5BA1605619E-LeaderElection14] INFO  server.RaftServerConfigKeys (ConfUtils.java:logGet(46)) - raft.server.watch.timeout.denomination = 1s (default)
2022-06-25 01:03:17,448 [om1@group-C5BA1605619E-LeaderElection14] INFO  server.RaftServerConfigKeys (ConfUtils.java:logGet(46)) - raft.server.watch.element-limit = 65536 (default)
2022-06-25 01:03:17,449 [om1@group-C5BA1605619E-LeaderElection14] INFO  server.RaftServerConfigKeys (ConfUtils.java:logGet(46)) - raft.server.write.element-limit = 4096 (default)
2022-06-25 01:03:17,449 [om1@group-C5BA1605619E-LeaderElection14] INFO  server.RaftServerConfigKeys (ConfUtils.java:logGet(46)) - raft.server.write.follower.gap.ratio.max = -1.0 (default)
2022-06-25 01:03:17,449 [om1@group-C5BA1605619E-LeaderElection14] INFO  impl.RoleInfo (RoleInfo.java:updateAndGet(139)) - om1: start om1@group-C5BA1605619E-LeaderStateImpl
2022-06-25 01:03:17,449 [om1@group-C5BA1605619E-LeaderElection14] INFO  segmented.SegmentedRaftLogWorker (SegmentedRaftLogWorker.java:startLogSegment(425)) - om1@group-C5BA1605619E-SegmentedRaftLogWorker: Starting segment from index:0
2022-06-25 01:03:17,461 [om1@group-C5BA1605619E-LeaderElection14] INFO  server.RaftServer$Division (ServerState.java:setRaftConf(393)) - om1@group-C5BA1605619E: set configuration 0: [om1|rpc:localhost:37717|admin:|client:|dataStream:|priority:0], old=null
2022-06-25 01:03:17,461 [Thread-544] INFO  ozoneimpl.ContainerReader (ContainerReader.java:readVolume(172)) - Finish verifying containers on volume /home/runner/work/ozone/ozone/hadoop-ozone/integration-test/target/test-dir/MiniOzoneClusterImpl-7d041fb5-2049-42d4-ae67-c17d724e960a/datanode-1/data-0/containers/hdds
2022-06-25 01:03:17,461 [Listener at 127.0.0.1/35937] INFO  ozoneimpl.OzoneContainer (OzoneContainer.java:buildContainerSet(266)) - Build ContainerSet costs 0s
2022-06-25 01:03:17,461 [om1@group-C5BA1605619E-SegmentedRaftLogWorker] INFO  segmented.SegmentedRaftLogWorker (SegmentedRaftLogWorker.java:execute(629)) - om1@group-C5BA1605619E-SegmentedRaftLogWorker: created new log segment /home/runner/work/ozone/ozone/hadoop-ozone/integration-test/target/test-dir/MiniOzoneClusterImpl-7d041fb5-2049-42d4-ae67-c17d724e960a/ozone-meta/ratis/bf265839-605b-3f16-9796-c5ba1605619e/current/log_inprogress_0
2022-06-25 01:03:17,466 [om1@group-C5BA1605619E-StateMachineUpdater] INFO  ratis.OzoneManagerStateMachine (OzoneManagerStateMachine.java:notifyConfigurationChanged(192)) - Received Configuration change notification from Ratis. New Peer list:
[id: "om1"
address: "localhost:37717"
]
2022-06-25 01:03:17,468 [Listener at 127.0.0.1/35937] INFO  server.RaftServer (ConfUtils.java:logGet(46)) - raft.rpc.type = GRPC (default)
2022-06-25 01:03:17,469 [Listener at 127.0.0.1/35937] INFO  grpc.GrpcFactory (GrpcFactory.java:checkPooledByteBufAllocatorUseCacheForAllThreads(48)) - PERFORMANCE WARNING: useCacheForAllThreads is true that may cause Netty to create a lot garbage objects and, as a result, trigger GC.
	It is recommended to disable useCacheForAllThreads by setting -Dorg.apache.ratis.thirdparty.io.netty.allocator.useCacheForAllThreads=false in command line.
2022-06-25 01:03:17,469 [Listener at 127.0.0.1/35937] INFO  grpc.GrpcConfigKeys (ConfUtils.java:logGet(46)) - raft.grpc.admin.port = 0 (custom)
2022-06-25 01:03:17,469 [Listener at 127.0.0.1/35937] INFO  grpc.GrpcConfigKeys (ConfUtils.java:logGet(46)) - raft.grpc.client.port = 0 (custom)
2022-06-25 01:03:17,470 [Listener at 127.0.0.1/35937] INFO  grpc.GrpcConfigKeys (ConfUtils.java:logGet(46)) - raft.grpc.server.port = 0 (default)
2022-06-25 01:03:17,471 [Listener at 127.0.0.1/35937] INFO  server.GrpcService (ConfUtils.java:logGet(46)) - raft.grpc.message.size.max = 32MB (=33554432) (custom)
2022-06-25 01:03:17,471 [Listener at 127.0.0.1/35937] INFO  server.RaftServerConfigKeys (ConfUtils.java:logGet(46)) - raft.server.log.appender.buffer.byte-limit = 33554432 (custom)
2022-06-25 01:03:17,471 [Listener at 127.0.0.1/35937] INFO  server.GrpcService (ConfUtils.java:logGet(46)) - raft.grpc.flow.control.window = 5MB (=5242880) (custom)
2022-06-25 01:03:17,471 [Listener at 127.0.0.1/35937] INFO  server.RaftServerConfigKeys (ConfUtils.java:logGet(46)) - raft.server.rpc.request.timeout = 60s (custom)
2022-06-25 01:03:17,477 [Listener at 127.0.0.1/35937] INFO  grpc.GrpcConfigKeys (ConfUtils.java:logGet(46)) - raft.grpc.server.async.request.thread.pool.cached = true (default)
2022-06-25 01:03:17,477 [Listener at 127.0.0.1/35937] INFO  grpc.GrpcConfigKeys (ConfUtils.java:logGet(46)) - raft.grpc.server.async.request.thread.pool.size = 32 (default)
2022-06-25 01:03:17,480 [Listener at 127.0.0.1/35937] INFO  impl.DataStreamServerImpl (ConfUtils.java:logGet(46)) - raft.datastream.type = DISABLED (default)
2022-06-25 01:03:17,480 [Listener at 127.0.0.1/35937] INFO  server.RaftServerConfigKeys (ConfUtils.java:logGet(46)) - raft.server.threadpool.proxy.cached = true (default)
2022-06-25 01:03:17,480 [Listener at 127.0.0.1/35937] INFO  server.RaftServerConfigKeys (ConfUtils.java:logGet(46)) - raft.server.threadpool.proxy.size = 0 (default)
2022-06-25 01:03:17,480 [Listener at 127.0.0.1/35937] INFO  server.RaftServerConfigKeys (ConfUtils.java:logGet(46)) - raft.server.rpc.slowness.timeout = 300s (custom)
2022-06-25 01:03:17,480 [Listener at 127.0.0.1/35937] INFO  server.RaftServerConfigKeys (ConfUtils.java:logGet(46)) - raft.server.leaderelection.leader.step-down.wait-time = 10s (default)
2022-06-25 01:03:17,481 [Listener at 127.0.0.1/35937] INFO  server.RaftServerConfigKeys (ConfUtils.java:logGet(46)) - raft.server.storage.dir = [/home/runner/work/ozone/ozone/hadoop-ozone/integration-test/target/test-dir/MiniOzoneClusterImpl-7d041fb5-2049-42d4-ae67-c17d724e960a/datanode-1/data/ratis] (custom)
2022-06-25 01:03:17,488 [Listener at 127.0.0.1/35937] INFO  server.XceiverServerGrpc (XceiverServerGrpc.java:<init>(132)) - GrpcServer channel type EpollServerSocketChannel
2022-06-25 01:03:17,512 [Listener at 127.0.0.1/35937] INFO  http.BaseHttpServer (BaseHttpServer.java:newHttpServer2BuilderForOzone(209)) - Starting Web-server for hddsDatanode at: http://0.0.0.0:0
2022-06-25 01:03:17,512 [Listener at 127.0.0.1/35937] INFO  http.BaseHttpServer (BaseHttpServer.java:<init>(107)) - Hadoop Security Enabled: false Ozone Security Enabled: false Ozone HTTP Security Enabled: false 
2022-06-25 01:03:17,513 [Listener at 127.0.0.1/35937] INFO  server.AuthenticationFilter (AuthenticationFilter.java:constructSecretProvider(240)) - Unable to initialize FileSignerSecretProvider, falling back to use random secrets.
2022-06-25 01:03:17,524 [Listener at 127.0.0.1/35937] WARN  http.HttpRequestLog (HttpRequestLog.java:getRequestLog(103)) - Jetty request log can only be enabled using Log4j
2022-06-25 01:03:17,525 [Listener at 127.0.0.1/35937] INFO  http.HttpServer2 (HttpServer2.java:addGlobalFilter(1029)) - Added global filter 'safety' (class=org.apache.hadoop.hdds.server.http.HttpServer2$QuotingInputFilter)
2022-06-25 01:03:17,526 [Listener at 127.0.0.1/35937] INFO  http.HttpServer2 (HttpServer2.java:addFilter(1005)) - Added filter static_user_filter (class=org.apache.hadoop.http.lib.StaticUserWebFilter$StaticUserFilter) to context hddsDatanode
2022-06-25 01:03:17,526 [Listener at 127.0.0.1/35937] INFO  http.HttpServer2 (HttpServer2.java:addFilter(1013)) - Added filter static_user_filter (class=org.apache.hadoop.http.lib.StaticUserWebFilter$StaticUserFilter) to context logs
2022-06-25 01:03:17,526 [Listener at 127.0.0.1/35937] INFO  http.HttpServer2 (HttpServer2.java:addFilter(1013)) - Added filter static_user_filter (class=org.apache.hadoop.http.lib.StaticUserWebFilter$StaticUserFilter) to context static
2022-06-25 01:03:17,530 [Listener at 127.0.0.1/35937] INFO  http.HttpServer2 (HttpServer2.java:bindListener(1248)) - Jetty bound to port 37555
2022-06-25 01:03:17,530 [Listener at 127.0.0.1/35937] INFO  server.Server (Server.java:doStart(375)) - jetty-9.4.43.v20210629; built: 2021-06-30T11:07:22.254Z; git: 526006ecfa3af7f1a27ef3a288e2bef7ea9dd7e8; jvm 1.8.0_332-b09
2022-06-25 01:03:17,561 [Listener at 127.0.0.1/35937] INFO  server.session (DefaultSessionIdManager.java:doStart(334)) - DefaultSessionIdManager workerName=node0
2022-06-25 01:03:17,561 [Listener at 127.0.0.1/35937] INFO  server.session (DefaultSessionIdManager.java:doStart(339)) - No SessionScavenger set, using defaults
2022-06-25 01:03:17,561 [Listener at 127.0.0.1/35937] INFO  server.session (HouseKeeper.java:startScavenging(132)) - node0 Scavenging every 600000ms
2022-06-25 01:03:17,564 [Listener at 127.0.0.1/35937] INFO  handler.ContextHandler (ContextHandler.java:doStart(915)) - Started o.e.j.s.ServletContextHandler@4e72c6d1{logs,/logs,file:///home/runner/work/ozone/ozone/hadoop-ozone/integration-test/target/log,AVAILABLE}
2022-06-25 01:03:17,565 [Listener at 127.0.0.1/35937] INFO  handler.ContextHandler (ContextHandler.java:doStart(915)) - Started o.e.j.s.ServletContextHandler@73c3ce4a{static,/static,jar:file:/home/runner/.m2/repository/org/apache/ozone/hdds-container-service/1.3.0-SNAPSHOT/hdds-container-service-1.3.0-SNAPSHOT.jar!/webapps/static,AVAILABLE}
2022-06-25 01:03:18,036 [Listener at 127.0.0.1/35937] INFO  handler.ContextHandler (ContextHandler.java:doStart(915)) - Started o.e.j.w.WebAppContext@28519c2e{hddsDatanode,/,file:///tmp/jetty-0_0_0_0-37555-hdds-container-service-1_3_0-SNAPSHOT_jar-_-any-709297996495778325/webapp/,AVAILABLE}{jar:file:/home/runner/.m2/repository/org/apache/ozone/hdds-container-service/1.3.0-SNAPSHOT/hdds-container-service-1.3.0-SNAPSHOT.jar!/webapps/hddsDatanode}
2022-06-25 01:03:18,052 [Listener at 127.0.0.1/35937] INFO  server.AbstractConnector (AbstractConnector.java:doStart(331)) - Started ServerConnector@3cddb342{HTTP/1.1, (http/1.1)}{0.0.0.0:37555}
2022-06-25 01:03:18,052 [Listener at 127.0.0.1/35937] INFO  server.Server (Server.java:doStart(415)) - Started @31949ms
2022-06-25 01:03:18,052 [Listener at 127.0.0.1/35937] WARN  impl.MetricsSystemImpl (MetricsSystemImpl.java:register(279)) - Sink prometheus already exists!
2022-06-25 01:03:18,056 [Listener at 127.0.0.1/35937] INFO  http.BaseHttpServer (BaseHttpServer.java:updateConnectorAddress(329)) - HTTP server of hddsDatanode listening at http://0.0.0.0:37555
2022-06-25 01:03:18,057 [Listener at 127.0.0.1/35937] WARN  impl.MetricRegistriesImpl (MetricRegistriesImpl.java:addReporterRegistration(111)) - New reporters are added after registries were created. Some metrics will be missing from the reporter. Please add reporter before adding any new registry.
2022-06-25 01:03:18,057 [Listener at 127.0.0.1/35937] WARN  impl.MetricRegistriesImpl (MetricRegistriesImpl.java:addReporterRegistration(111)) - New reporters are added after registries were created. Some metrics will be missing from the reporter. Please add reporter before adding any new registry.
2022-06-25 01:03:18,057 [Listener at 127.0.0.1/35937] INFO  impl.MetricsSystemImpl (MetricsSystemImpl.java:init(158)) - HddsDatanode metrics system started (again)
2022-06-25 01:03:18,067 [Datanode State Machine Daemon Thread] INFO  statemachine.DatanodeStateMachine (DatanodeStateMachine.java:lambda$startDaemon$0(492)) - Ozone container server started.
2022-06-25 01:03:18,089 [Listener at 127.0.0.1/35937] INFO  ozone.HddsDatanodeService (HddsDatanodeService.java:start(236)) - HddsDatanodeService host:fv-az66-546.vwcdieab4koerntclszyavmfxa.dx.internal.cloudapp.net ip:10.1.0.8
2022-06-25 01:03:18,104 [org.apache.hadoop.util.JvmPauseMonitor$Monitor@3038f0e4] INFO  util.JvmPauseMonitor (JvmPauseMonitor.java:run(188)) - Starting JVM pause monitor
2022-06-25 01:03:18,109 [Datanode State Machine Task Thread - 0] INFO  datanode.InitDatanodeState (InitDatanodeState.java:persistContainerDatanodeDetails(138)) - DatanodeDetails is persisted to /home/runner/work/ozone/ozone/hadoop-ozone/integration-test/target/test-dir/MiniOzoneClusterImpl-7d041fb5-2049-42d4-ae67-c17d724e960a/datanode-1/meta/datanode.id
2022-06-25 01:03:18,146 [Listener at 127.0.0.1/35937] INFO  upgrade.AbstractLayoutVersionManager (AbstractLayoutVersionManager.java:init(82)) - Initializing Layout version manager with metadata layout = DATANODE_SCHEMA_V3 (version = 4), software layout = DATANODE_SCHEMA_V3 (version = 4)
2022-06-25 01:03:18,185 [ReplicationMonitor] INFO  replication.ReplicationManager (ReplicationManager.java:processAll(249)) - Replication Monitor Thread took 0 milliseconds for processing 6 containers.
2022-06-25 01:03:18,226 [Listener at 127.0.0.1/35937] INFO  reflections.Reflections (Reflections.java:scan(232)) - Reflections took 78 ms to scan 7 urls, producing 131 keys and 316 values 
2022-06-25 01:03:18,228 [Listener at 127.0.0.1/35937] INFO  statemachine.DatanodeStateMachine (DatanodeStateMachine.java:getEndPointTaskThreadPoolSize(237)) - Datanode State Machine Task Thread Pool size 2
2022-06-25 01:03:18,229 [Listener at 127.0.0.1/35937] INFO  volume.HddsVolume (HddsVolume.java:<init>(116)) - Creating HddsVolume: /home/runner/work/ozone/ozone/hadoop-ozone/integration-test/target/test-dir/MiniOzoneClusterImpl-7d041fb5-2049-42d4-ae67-c17d724e960a/datanode-2/data-0/containers/hdds of storage type : DISK capacity : 9223372036854775807
2022-06-25 01:03:18,230 [Listener at 127.0.0.1/35937] INFO  volume.MutableVolumeSet (MutableVolumeSet.java:initializeVolumeSet(174)) - Added Volume : /home/runner/work/ozone/ozone/hadoop-ozone/integration-test/target/test-dir/MiniOzoneClusterImpl-7d041fb5-2049-42d4-ae67-c17d724e960a/datanode-2/data-0/containers/hdds to VolumeSet
2022-06-25 01:03:18,230 [Listener at 127.0.0.1/35937] INFO  volume.ThrottledAsyncChecker (ThrottledAsyncChecker.java:schedule(141)) - Scheduling a check for /home/runner/work/ozone/ozone/hadoop-ozone/integration-test/target/test-dir/MiniOzoneClusterImpl-7d041fb5-2049-42d4-ae67-c17d724e960a/datanode-2/data-0/containers/hdds
2022-06-25 01:03:18,231 [Listener at 127.0.0.1/35937] INFO  volume.StorageVolumeChecker (StorageVolumeChecker.java:checkAllVolumes(202)) - Scheduled health check for volume /home/runner/work/ozone/ozone/hadoop-ozone/integration-test/target/test-dir/MiniOzoneClusterImpl-7d041fb5-2049-42d4-ae67-c17d724e960a/datanode-2/data-0/containers/hdds
2022-06-25 01:03:18,248 [Listener at 127.0.0.1/35937] INFO  volume.MutableVolumeSet (MutableVolumeSet.java:initializeVolumeSet(174)) - Added Volume : /home/runner/work/ozone/ozone/hadoop-ozone/integration-test/target/test-dir/MiniOzoneClusterImpl-7d041fb5-2049-42d4-ae67-c17d724e960a/datanode-2/data/ratis to VolumeSet
2022-06-25 01:03:18,248 [Listener at 127.0.0.1/35937] INFO  volume.ThrottledAsyncChecker (ThrottledAsyncChecker.java:schedule(141)) - Scheduling a check for /home/runner/work/ozone/ozone/hadoop-ozone/integration-test/target/test-dir/MiniOzoneClusterImpl-7d041fb5-2049-42d4-ae67-c17d724e960a/datanode-2/data/ratis
2022-06-25 01:03:18,248 [Listener at 127.0.0.1/35937] INFO  volume.StorageVolumeChecker (StorageVolumeChecker.java:checkAllVolumes(202)) - Scheduled health check for volume /home/runner/work/ozone/ozone/hadoop-ozone/integration-test/target/test-dir/MiniOzoneClusterImpl-7d041fb5-2049-42d4-ae67-c17d724e960a/datanode-2/data/ratis
2022-06-25 01:03:18,272 [Thread-636] INFO  ozoneimpl.ContainerReader (ContainerReader.java:readVolume(172)) - Finish verifying containers on volume /home/runner/work/ozone/ozone/hadoop-ozone/integration-test/target/test-dir/MiniOzoneClusterImpl-7d041fb5-2049-42d4-ae67-c17d724e960a/datanode-2/data-0/containers/hdds
2022-06-25 01:03:18,272 [Listener at 127.0.0.1/35937] INFO  ozoneimpl.OzoneContainer (OzoneContainer.java:buildContainerSet(266)) - Build ContainerSet costs 0s
2022-06-25 01:03:18,274 [Listener at 127.0.0.1/35937] INFO  server.RaftServer (ConfUtils.java:logGet(46)) - raft.rpc.type = GRPC (default)
2022-06-25 01:03:18,275 [Listener at 127.0.0.1/35937] INFO  grpc.GrpcFactory (GrpcFactory.java:checkPooledByteBufAllocatorUseCacheForAllThreads(48)) - PERFORMANCE WARNING: useCacheForAllThreads is true that may cause Netty to create a lot garbage objects and, as a result, trigger GC.
	It is recommended to disable useCacheForAllThreads by setting -Dorg.apache.ratis.thirdparty.io.netty.allocator.useCacheForAllThreads=false in command line.
2022-06-25 01:03:18,275 [Listener at 127.0.0.1/35937] INFO  grpc.GrpcConfigKeys (ConfUtils.java:logGet(46)) - raft.grpc.admin.port = 0 (custom)
2022-06-25 01:03:18,275 [Listener at 127.0.0.1/35937] INFO  grpc.GrpcConfigKeys (ConfUtils.java:logGet(46)) - raft.grpc.client.port = 0 (custom)
2022-06-25 01:03:18,275 [Listener at 127.0.0.1/35937] INFO  grpc.GrpcConfigKeys (ConfUtils.java:logGet(46)) - raft.grpc.server.port = 0 (default)
2022-06-25 01:03:18,275 [Listener at 127.0.0.1/35937] INFO  server.GrpcService (ConfUtils.java:logGet(46)) - raft.grpc.message.size.max = 32MB (=33554432) (custom)
2022-06-25 01:03:18,275 [Listener at 127.0.0.1/35937] INFO  server.RaftServerConfigKeys (ConfUtils.java:logGet(46)) - raft.server.log.appender.buffer.byte-limit = 33554432 (custom)
2022-06-25 01:03:18,283 [Listener at 127.0.0.1/35937] INFO  server.GrpcService (ConfUtils.java:logGet(46)) - raft.grpc.flow.control.window = 5MB (=5242880) (custom)
2022-06-25 01:03:18,283 [Listener at 127.0.0.1/35937] INFO  server.RaftServerConfigKeys (ConfUtils.java:logGet(46)) - raft.server.rpc.request.timeout = 60s (custom)
2022-06-25 01:03:18,284 [Listener at 127.0.0.1/35937] INFO  grpc.GrpcConfigKeys (ConfUtils.java:logGet(46)) - raft.grpc.server.async.request.thread.pool.cached = true (default)
2022-06-25 01:03:18,284 [Listener at 127.0.0.1/35937] INFO  grpc.GrpcConfigKeys (ConfUtils.java:logGet(46)) - raft.grpc.server.async.request.thread.pool.size = 32 (default)
2022-06-25 01:03:18,285 [Listener at 127.0.0.1/35937] INFO  impl.DataStreamServerImpl (ConfUtils.java:logGet(46)) - raft.datastream.type = DISABLED (default)
2022-06-25 01:03:18,285 [Listener at 127.0.0.1/35937] INFO  server.RaftServerConfigKeys (ConfUtils.java:logGet(46)) - raft.server.threadpool.proxy.cached = true (default)
2022-06-25 01:03:18,285 [Listener at 127.0.0.1/35937] INFO  server.RaftServerConfigKeys (ConfUtils.java:logGet(46)) - raft.server.threadpool.proxy.size = 0 (default)
2022-06-25 01:03:18,286 [Listener at 127.0.0.1/35937] INFO  server.RaftServerConfigKeys (ConfUtils.java:logGet(46)) - raft.server.rpc.slowness.timeout = 300s (custom)
2022-06-25 01:03:18,286 [Listener at 127.0.0.1/35937] INFO  server.RaftServerConfigKeys (ConfUtils.java:logGet(46)) - raft.server.leaderelection.leader.step-down.wait-time = 10s (default)
2022-06-25 01:03:18,286 [Listener at 127.0.0.1/35937] INFO  server.RaftServerConfigKeys (ConfUtils.java:logGet(46)) - raft.server.storage.dir = [/home/runner/work/ozone/ozone/hadoop-ozone/integration-test/target/test-dir/MiniOzoneClusterImpl-7d041fb5-2049-42d4-ae67-c17d724e960a/datanode-2/data/ratis] (custom)
2022-06-25 01:03:18,293 [Listener at 127.0.0.1/35937] INFO  server.XceiverServerGrpc (XceiverServerGrpc.java:<init>(132)) - GrpcServer channel type EpollServerSocketChannel
2022-06-25 01:03:18,299 [Listener at 127.0.0.1/35937] INFO  http.BaseHttpServer (BaseHttpServer.java:newHttpServer2BuilderForOzone(209)) - Starting Web-server for hddsDatanode at: http://0.0.0.0:0
2022-06-25 01:03:18,299 [Listener at 127.0.0.1/35937] INFO  http.BaseHttpServer (BaseHttpServer.java:<init>(107)) - Hadoop Security Enabled: false Ozone Security Enabled: false Ozone HTTP Security Enabled: false 
2022-06-25 01:03:18,300 [Listener at 127.0.0.1/35937] INFO  server.AuthenticationFilter (AuthenticationFilter.java:constructSecretProvider(240)) - Unable to initialize FileSignerSecretProvider, falling back to use random secrets.
2022-06-25 01:03:18,304 [Listener at 127.0.0.1/35937] WARN  http.HttpRequestLog (HttpRequestLog.java:getRequestLog(103)) - Jetty request log can only be enabled using Log4j
2022-06-25 01:03:18,305 [Listener at 127.0.0.1/35937] INFO  http.HttpServer2 (HttpServer2.java:addGlobalFilter(1029)) - Added global filter 'safety' (class=org.apache.hadoop.hdds.server.http.HttpServer2$QuotingInputFilter)
2022-06-25 01:03:18,306 [Listener at 127.0.0.1/35937] INFO  http.HttpServer2 (HttpServer2.java:addFilter(1005)) - Added filter static_user_filter (class=org.apache.hadoop.http.lib.StaticUserWebFilter$StaticUserFilter) to context hddsDatanode
2022-06-25 01:03:18,306 [Listener at 127.0.0.1/35937] INFO  http.HttpServer2 (HttpServer2.java:addFilter(1013)) - Added filter static_user_filter (class=org.apache.hadoop.http.lib.StaticUserWebFilter$StaticUserFilter) to context logs
2022-06-25 01:03:18,306 [Listener at 127.0.0.1/35937] INFO  http.HttpServer2 (HttpServer2.java:addFilter(1013)) - Added filter static_user_filter (class=org.apache.hadoop.http.lib.StaticUserWebFilter$StaticUserFilter) to context static
2022-06-25 01:03:18,306 [Listener at 127.0.0.1/35937] INFO  http.HttpServer2 (HttpServer2.java:bindListener(1248)) - Jetty bound to port 33633
2022-06-25 01:03:18,307 [Listener at 127.0.0.1/35937] INFO  server.Server (Server.java:doStart(375)) - jetty-9.4.43.v20210629; built: 2021-06-30T11:07:22.254Z; git: 526006ecfa3af7f1a27ef3a288e2bef7ea9dd7e8; jvm 1.8.0_332-b09
2022-06-25 01:03:18,323 [Listener at 127.0.0.1/35937] INFO  server.session (DefaultSessionIdManager.java:doStart(334)) - DefaultSessionIdManager workerName=node0
2022-06-25 01:03:18,324 [Listener at 127.0.0.1/35937] INFO  server.session (DefaultSessionIdManager.java:doStart(339)) - No SessionScavenger set, using defaults
2022-06-25 01:03:18,324 [Listener at 127.0.0.1/35937] INFO  server.session (HouseKeeper.java:startScavenging(132)) - node0 Scavenging every 660000ms
2022-06-25 01:03:18,324 [Listener at 127.0.0.1/35937] INFO  handler.ContextHandler (ContextHandler.java:doStart(915)) - Started o.e.j.s.ServletContextHandler@3e79c928{logs,/logs,file:///home/runner/work/ozone/ozone/hadoop-ozone/integration-test/target/log,AVAILABLE}
2022-06-25 01:03:18,325 [Listener at 127.0.0.1/35937] INFO  handler.ContextHandler (ContextHandler.java:doStart(915)) - Started o.e.j.s.ServletContextHandler@1befea0c{static,/static,jar:file:/home/runner/.m2/repository/org/apache/ozone/hdds-container-service/1.3.0-SNAPSHOT/hdds-container-service-1.3.0-SNAPSHOT.jar!/webapps/static,AVAILABLE}
2022-06-25 01:03:18,389 [ReplicationMonitor] INFO  replication.ReplicationManager (ReplicationManager.java:processAll(228)) - Replication Manager is not ready to run until 3000ms after safemode exit
2022-06-25 01:03:18,648 [Listener at 127.0.0.1/35937] INFO  handler.ContextHandler (ContextHandler.java:doStart(915)) - Started o.e.j.w.WebAppContext@18bd687e{hddsDatanode,/,file:///tmp/jetty-0_0_0_0-33633-hdds-container-service-1_3_0-SNAPSHOT_jar-_-any-5507527112725566654/webapp/,AVAILABLE}{jar:file:/home/runner/.m2/repository/org/apache/ozone/hdds-container-service/1.3.0-SNAPSHOT/hdds-container-service-1.3.0-SNAPSHOT.jar!/webapps/hddsDatanode}
2022-06-25 01:03:18,650 [Listener at 127.0.0.1/35937] INFO  server.AbstractConnector (AbstractConnector.java:doStart(331)) - Started ServerConnector@75081bd4{HTTP/1.1, (http/1.1)}{0.0.0.0:33633}
2022-06-25 01:03:18,651 [Listener at 127.0.0.1/35937] INFO  server.Server (Server.java:doStart(415)) - Started @32547ms
2022-06-25 01:03:18,651 [Listener at 127.0.0.1/35937] WARN  impl.MetricsSystemImpl (MetricsSystemImpl.java:register(279)) - Sink prometheus already exists!
2022-06-25 01:03:18,651 [Listener at 127.0.0.1/35937] INFO  http.BaseHttpServer (BaseHttpServer.java:updateConnectorAddress(329)) - HTTP server of hddsDatanode listening at http://0.0.0.0:33633
2022-06-25 01:03:18,652 [Listener at 127.0.0.1/35937] WARN  impl.MetricRegistriesImpl (MetricRegistriesImpl.java:addReporterRegistration(111)) - New reporters are added after registries were created. Some metrics will be missing from the reporter. Please add reporter before adding any new registry.
2022-06-25 01:03:18,652 [Listener at 127.0.0.1/35937] WARN  impl.MetricRegistriesImpl (MetricRegistriesImpl.java:addReporterRegistration(111)) - New reporters are added after registries were created. Some metrics will be missing from the reporter. Please add reporter before adding any new registry.
2022-06-25 01:03:18,652 [Listener at 127.0.0.1/35937] INFO  impl.MetricsSystemImpl (MetricsSystemImpl.java:init(158)) - HddsDatanode metrics system started (again)
2022-06-25 01:03:18,659 [Datanode State Machine Daemon Thread] INFO  statemachine.DatanodeStateMachine (DatanodeStateMachine.java:lambda$startDaemon$0(492)) - Ozone container server started.
2022-06-25 01:03:18,671 [org.apache.hadoop.util.JvmPauseMonitor$Monitor@5334960] INFO  util.JvmPauseMonitor (JvmPauseMonitor.java:run(188)) - Starting JVM pause monitor
2022-06-25 01:03:18,674 [Datanode State Machine Task Thread - 0] INFO  datanode.InitDatanodeState (InitDatanodeState.java:persistContainerDatanodeDetails(138)) - DatanodeDetails is persisted to /home/runner/work/ozone/ozone/hadoop-ozone/integration-test/target/test-dir/MiniOzoneClusterImpl-7d041fb5-2049-42d4-ae67-c17d724e960a/datanode-2/meta/datanode.id
2022-06-25 01:03:18,676 [Listener at 127.0.0.1/35937] INFO  ozone.HddsDatanodeService (HddsDatanodeService.java:start(236)) - HddsDatanodeService host:fv-az66-546.vwcdieab4koerntclszyavmfxa.dx.internal.cloudapp.net ip:10.1.0.8
2022-06-25 01:03:18,713 [Listener at 127.0.0.1/35937] INFO  upgrade.AbstractLayoutVersionManager (AbstractLayoutVersionManager.java:init(82)) - Initializing Layout version manager with metadata layout = DATANODE_SCHEMA_V3 (version = 4), software layout = DATANODE_SCHEMA_V3 (version = 4)
2022-06-25 01:03:18,718 [IPC Server handler 2 on default port 36797] INFO  node.NodeDecommissionManager (NodeDecommissionManager.java:startDecommission(272)) - Starting Decommission for node ad74f3b2-c092-43ca-befa-d99c208edbaf{ip: 10.1.0.8, host: fv-az66-546.vwcdieab4koerntclszyavmfxa.dx.internal.cloudapp.net, ports: [REPLICATION=45511, RATIS=46867, RATIS_ADMIN=46867, RATIS_SERVER=46867, STANDALONE=34703], networkLocation: /default-rack, certSerialId: null, persistedOpState: IN_SERVICE, persistedOpStateExpiryEpochSec: 0}
2022-06-25 01:03:18,728 [EventQueue-HealthyReadonlyToHealthyNodeForReadOnlyHealthyToHealthyNodeHandler] INFO  node.ReadOnlyHealthyToHealthyNodeHandler (ReadOnlyHealthyToHealthyNodeHandler.java:onMessage(51)) - Datanode ad74f3b2-c092-43ca-befa-d99c208edbaf{ip: 10.1.0.8, host: fv-az66-546.vwcdieab4koerntclszyavmfxa.dx.internal.cloudapp.net, ports: [REPLICATION=45511, RATIS=46867, RATIS_ADMIN=46867, RATIS_SERVER=46867, STANDALONE=34703], networkLocation: /default-rack, certSerialId: null, persistedOpState: IN_SERVICE, persistedOpStateExpiryEpochSec: 0} moved to HEALTHY state.
2022-06-25 01:03:18,729 [EventQueue-HealthyReadonlyToHealthyNodeForReadOnlyHealthyToHealthyNodeHandler] INFO  pipeline.BackgroundPipelineCreator (BackgroundPipelineCreator.java:notifyEventTriggered(275)) - trigger a one-shot run on RatisPipelineUtilsThread.
2022-06-25 01:03:18,761 [Listener at 127.0.0.1/35937] INFO  reflections.Reflections (Reflections.java:scan(232)) - Reflections took 47 ms to scan 7 urls, producing 131 keys and 316 values 
2022-06-25 01:03:18,764 [Listener at 127.0.0.1/35937] INFO  statemachine.DatanodeStateMachine (DatanodeStateMachine.java:getEndPointTaskThreadPoolSize(237)) - Datanode State Machine Task Thread Pool size 2
2022-06-25 01:03:18,766 [Listener at 127.0.0.1/35937] INFO  volume.HddsVolume (HddsVolume.java:<init>(116)) - Creating HddsVolume: /home/runner/work/ozone/ozone/hadoop-ozone/integration-test/target/test-dir/MiniOzoneClusterImpl-7d041fb5-2049-42d4-ae67-c17d724e960a/datanode-3/data-0/containers/hdds of storage type : DISK capacity : 9223372036854775807
2022-06-25 01:03:18,766 [Listener at 127.0.0.1/35937] INFO  volume.MutableVolumeSet (MutableVolumeSet.java:initializeVolumeSet(174)) - Added Volume : /home/runner/work/ozone/ozone/hadoop-ozone/integration-test/target/test-dir/MiniOzoneClusterImpl-7d041fb5-2049-42d4-ae67-c17d724e960a/datanode-3/data-0/containers/hdds to VolumeSet
2022-06-25 01:03:18,766 [Listener at 127.0.0.1/35937] INFO  volume.ThrottledAsyncChecker (ThrottledAsyncChecker.java:schedule(141)) - Scheduling a check for /home/runner/work/ozone/ozone/hadoop-ozone/integration-test/target/test-dir/MiniOzoneClusterImpl-7d041fb5-2049-42d4-ae67-c17d724e960a/datanode-3/data-0/containers/hdds
2022-06-25 01:03:18,766 [Listener at 127.0.0.1/35937] INFO  volume.StorageVolumeChecker (StorageVolumeChecker.java:checkAllVolumes(202)) - Scheduled health check for volume /home/runner/work/ozone/ozone/hadoop-ozone/integration-test/target/test-dir/MiniOzoneClusterImpl-7d041fb5-2049-42d4-ae67-c17d724e960a/datanode-3/data-0/containers/hdds
2022-06-25 01:03:18,778 [Listener at 127.0.0.1/35937] INFO  volume.MutableVolumeSet (MutableVolumeSet.java:initializeVolumeSet(174)) - Added Volume : /home/runner/work/ozone/ozone/hadoop-ozone/integration-test/target/test-dir/MiniOzoneClusterImpl-7d041fb5-2049-42d4-ae67-c17d724e960a/datanode-3/data/ratis to VolumeSet
2022-06-25 01:03:18,778 [Listener at 127.0.0.1/35937] INFO  volume.ThrottledAsyncChecker (ThrottledAsyncChecker.java:schedule(141)) - Scheduling a check for /home/runner/work/ozone/ozone/hadoop-ozone/integration-test/target/test-dir/MiniOzoneClusterImpl-7d041fb5-2049-42d4-ae67-c17d724e960a/datanode-3/data/ratis
2022-06-25 01:03:18,778 [Listener at 127.0.0.1/35937] INFO  volume.StorageVolumeChecker (StorageVolumeChecker.java:checkAllVolumes(202)) - Scheduled health check for volume /home/runner/work/ozone/ozone/hadoop-ozone/integration-test/target/test-dir/MiniOzoneClusterImpl-7d041fb5-2049-42d4-ae67-c17d724e960a/datanode-3/data/ratis
2022-06-25 01:03:18,790 [Thread-683] INFO  ozoneimpl.ContainerReader (ContainerReader.java:readVolume(172)) - Finish verifying containers on volume /home/runner/work/ozone/ozone/hadoop-ozone/integration-test/target/test-dir/MiniOzoneClusterImpl-7d041fb5-2049-42d4-ae67-c17d724e960a/datanode-3/data-0/containers/hdds
2022-06-25 01:03:18,790 [Listener at 127.0.0.1/35937] INFO  ozoneimpl.OzoneContainer (OzoneContainer.java:buildContainerSet(266)) - Build ContainerSet costs 0s
2022-06-25 01:03:18,792 [Listener at 127.0.0.1/35937] INFO  server.RaftServer (ConfUtils.java:logGet(46)) - raft.rpc.type = GRPC (default)
2022-06-25 01:03:18,792 [Listener at 127.0.0.1/35937] INFO  grpc.GrpcFactory (GrpcFactory.java:checkPooledByteBufAllocatorUseCacheForAllThreads(48)) - PERFORMANCE WARNING: useCacheForAllThreads is true that may cause Netty to create a lot garbage objects and, as a result, trigger GC.
	It is recommended to disable useCacheForAllThreads by setting -Dorg.apache.ratis.thirdparty.io.netty.allocator.useCacheForAllThreads=false in command line.
2022-06-25 01:03:18,792 [Listener at 127.0.0.1/35937] INFO  grpc.GrpcConfigKeys (ConfUtils.java:logGet(46)) - raft.grpc.admin.port = 0 (custom)
2022-06-25 01:03:18,792 [Listener at 127.0.0.1/35937] INFO  grpc.GrpcConfigKeys (ConfUtils.java:logGet(46)) - raft.grpc.client.port = 0 (custom)
2022-06-25 01:03:18,793 [Listener at 127.0.0.1/35937] INFO  grpc.GrpcConfigKeys (ConfUtils.java:logGet(46)) - raft.grpc.server.port = 0 (default)
2022-06-25 01:03:18,793 [Listener at 127.0.0.1/35937] INFO  server.GrpcService (ConfUtils.java:logGet(46)) - raft.grpc.message.size.max = 32MB (=33554432) (custom)
2022-06-25 01:03:18,793 [Listener at 127.0.0.1/35937] INFO  server.RaftServerConfigKeys (ConfUtils.java:logGet(46)) - raft.server.log.appender.buffer.byte-limit = 33554432 (custom)
2022-06-25 01:03:18,793 [Listener at 127.0.0.1/35937] INFO  server.GrpcService (ConfUtils.java:logGet(46)) - raft.grpc.flow.control.window = 5MB (=5242880) (custom)
2022-06-25 01:03:18,793 [Listener at 127.0.0.1/35937] INFO  server.RaftServerConfigKeys (ConfUtils.java:logGet(46)) - raft.server.rpc.request.timeout = 60s (custom)
2022-06-25 01:03:18,793 [Listener at 127.0.0.1/35937] INFO  grpc.GrpcConfigKeys (ConfUtils.java:logGet(46)) - raft.grpc.server.async.request.thread.pool.cached = true (default)
2022-06-25 01:03:18,793 [Listener at 127.0.0.1/35937] INFO  grpc.GrpcConfigKeys (ConfUtils.java:logGet(46)) - raft.grpc.server.async.request.thread.pool.size = 32 (default)
2022-06-25 01:03:18,794 [Listener at 127.0.0.1/35937] INFO  impl.DataStreamServerImpl (ConfUtils.java:logGet(46)) - raft.datastream.type = DISABLED (default)
2022-06-25 01:03:18,795 [Listener at 127.0.0.1/35937] INFO  server.RaftServerConfigKeys (ConfUtils.java:logGet(46)) - raft.server.threadpool.proxy.cached = true (default)
2022-06-25 01:03:18,795 [Listener at 127.0.0.1/35937] INFO  server.RaftServerConfigKeys (ConfUtils.java:logGet(46)) - raft.server.threadpool.proxy.size = 0 (default)
2022-06-25 01:03:18,795 [Listener at 127.0.0.1/35937] INFO  server.RaftServerConfigKeys (ConfUtils.java:logGet(46)) - raft.server.rpc.slowness.timeout = 300s (custom)
2022-06-25 01:03:18,795 [Listener at 127.0.0.1/35937] INFO  server.RaftServerConfigKeys (ConfUtils.java:logGet(46)) - raft.server.leaderelection.leader.step-down.wait-time = 10s (default)
2022-06-25 01:03:18,795 [Listener at 127.0.0.1/35937] INFO  server.RaftServerConfigKeys (ConfUtils.java:logGet(46)) - raft.server.storage.dir = [/home/runner/work/ozone/ozone/hadoop-ozone/integration-test/target/test-dir/MiniOzoneClusterImpl-7d041fb5-2049-42d4-ae67-c17d724e960a/datanode-3/data/ratis] (custom)
2022-06-25 01:03:18,796 [Listener at 127.0.0.1/35937] INFO  server.XceiverServerGrpc (XceiverServerGrpc.java:<init>(132)) - GrpcServer channel type EpollServerSocketChannel
2022-06-25 01:03:18,801 [Listener at 127.0.0.1/35937] INFO  http.BaseHttpServer (BaseHttpServer.java:newHttpServer2BuilderForOzone(209)) - Starting Web-server for hddsDatanode at: http://0.0.0.0:0
2022-06-25 01:03:18,801 [Listener at 127.0.0.1/35937] INFO  http.BaseHttpServer (BaseHttpServer.java:<init>(107)) - Hadoop Security Enabled: false Ozone Security Enabled: false Ozone HTTP Security Enabled: false 
2022-06-25 01:03:18,802 [Listener at 127.0.0.1/35937] INFO  server.AuthenticationFilter (AuthenticationFilter.java:constructSecretProvider(240)) - Unable to initialize FileSignerSecretProvider, falling back to use random secrets.
2022-06-25 01:03:18,803 [Listener at 127.0.0.1/35937] WARN  http.HttpRequestLog (HttpRequestLog.java:getRequestLog(103)) - Jetty request log can only be enabled using Log4j
2022-06-25 01:03:18,804 [Listener at 127.0.0.1/35937] INFO  http.HttpServer2 (HttpServer2.java:addGlobalFilter(1029)) - Added global filter 'safety' (class=org.apache.hadoop.hdds.server.http.HttpServer2$QuotingInputFilter)
2022-06-25 01:03:18,804 [Listener at 127.0.0.1/35937] INFO  http.HttpServer2 (HttpServer2.java:addFilter(1005)) - Added filter static_user_filter (class=org.apache.hadoop.http.lib.StaticUserWebFilter$StaticUserFilter) to context hddsDatanode
2022-06-25 01:03:18,805 [Listener at 127.0.0.1/35937] INFO  http.HttpServer2 (HttpServer2.java:addFilter(1013)) - Added filter static_user_filter (class=org.apache.hadoop.http.lib.StaticUserWebFilter$StaticUserFilter) to context static
2022-06-25 01:03:18,805 [Listener at 127.0.0.1/35937] INFO  http.HttpServer2 (HttpServer2.java:addFilter(1013)) - Added filter static_user_filter (class=org.apache.hadoop.http.lib.StaticUserWebFilter$StaticUserFilter) to context logs
2022-06-25 01:03:18,805 [Listener at 127.0.0.1/35937] INFO  http.HttpServer2 (HttpServer2.java:bindListener(1248)) - Jetty bound to port 33919
2022-06-25 01:03:18,805 [Listener at 127.0.0.1/35937] INFO  server.Server (Server.java:doStart(375)) - jetty-9.4.43.v20210629; built: 2021-06-30T11:07:22.254Z; git: 526006ecfa3af7f1a27ef3a288e2bef7ea9dd7e8; jvm 1.8.0_332-b09
2022-06-25 01:03:18,807 [Listener at 127.0.0.1/35937] INFO  server.session (DefaultSessionIdManager.java:doStart(334)) - DefaultSessionIdManager workerName=node0
2022-06-25 01:03:18,807 [Listener at 127.0.0.1/35937] INFO  server.session (DefaultSessionIdManager.java:doStart(339)) - No SessionScavenger set, using defaults
2022-06-25 01:03:18,807 [Listener at 127.0.0.1/35937] INFO  server.session (HouseKeeper.java:startScavenging(132)) - node0 Scavenging every 600000ms
2022-06-25 01:03:18,808 [Listener at 127.0.0.1/35937] INFO  handler.ContextHandler (ContextHandler.java:doStart(915)) - Started o.e.j.s.ServletContextHandler@7001a7fb{logs,/logs,file:///home/runner/work/ozone/ozone/hadoop-ozone/integration-test/target/log,AVAILABLE}
2022-06-25 01:03:18,808 [Listener at 127.0.0.1/35937] INFO  handler.ContextHandler (ContextHandler.java:doStart(915)) - Started o.e.j.s.ServletContextHandler@52339654{static,/static,jar:file:/home/runner/.m2/repository/org/apache/ozone/hdds-container-service/1.3.0-SNAPSHOT/hdds-container-service-1.3.0-SNAPSHOT.jar!/webapps/static,AVAILABLE}
2022-06-25 01:03:18,996 [Listener at 127.0.0.1/35937] INFO  handler.ContextHandler (ContextHandler.java:doStart(915)) - Started o.e.j.w.WebAppContext@5e0c1dad{hddsDatanode,/,file:///tmp/jetty-0_0_0_0-33919-hdds-container-service-1_3_0-SNAPSHOT_jar-_-any-3315670313134035224/webapp/,AVAILABLE}{jar:file:/home/runner/.m2/repository/org/apache/ozone/hdds-container-service/1.3.0-SNAPSHOT/hdds-container-service-1.3.0-SNAPSHOT.jar!/webapps/hddsDatanode}
2022-06-25 01:03:19,000 [Listener at 127.0.0.1/35937] INFO  server.AbstractConnector (AbstractConnector.java:doStart(331)) - Started ServerConnector@562723aa{HTTP/1.1, (http/1.1)}{0.0.0.0:33919}
2022-06-25 01:03:19,000 [Listener at 127.0.0.1/35937] INFO  server.Server (Server.java:doStart(415)) - Started @32897ms
2022-06-25 01:03:19,000 [Listener at 127.0.0.1/35937] WARN  impl.MetricsSystemImpl (MetricsSystemImpl.java:register(279)) - Sink prometheus already exists!
2022-06-25 01:03:19,001 [Listener at 127.0.0.1/35937] INFO  http.BaseHttpServer (BaseHttpServer.java:updateConnectorAddress(329)) - HTTP server of hddsDatanode listening at http://0.0.0.0:33919
2022-06-25 01:03:19,001 [Datanode State Machine Daemon Thread] INFO  statemachine.DatanodeStateMachine (DatanodeStateMachine.java:lambda$startDaemon$0(492)) - Ozone container server started.
2022-06-25 01:03:19,004 [Listener at 127.0.0.1/35937] WARN  impl.MetricRegistriesImpl (MetricRegistriesImpl.java:addReporterRegistration(111)) - New reporters are added after registries were created. Some metrics will be missing from the reporter. Please add reporter before adding any new registry.
2022-06-25 01:03:19,004 [Listener at 127.0.0.1/35937] WARN  impl.MetricRegistriesImpl (MetricRegistriesImpl.java:addReporterRegistration(111)) - New reporters are added after registries were created. Some metrics will be missing from the reporter. Please add reporter before adding any new registry.
2022-06-25 01:03:19,004 [Listener at 127.0.0.1/35937] INFO  impl.MetricsSystemImpl (MetricsSystemImpl.java:init(158)) - HddsDatanode metrics system started (again)
2022-06-25 01:03:19,010 [org.apache.hadoop.util.JvmPauseMonitor$Monitor@34050e10] INFO  util.JvmPauseMonitor (JvmPauseMonitor.java:run(188)) - Starting JVM pause monitor
2022-06-25 01:03:19,016 [Listener at 127.0.0.1/35937] INFO  ozone.HddsDatanodeService (HddsDatanodeService.java:start(236)) - HddsDatanodeService host:fv-az66-546.vwcdieab4koerntclszyavmfxa.dx.internal.cloudapp.net ip:10.1.0.8
2022-06-25 01:03:19,018 [Datanode State Machine Task Thread - 0] INFO  datanode.InitDatanodeState (InitDatanodeState.java:persistContainerDatanodeDetails(138)) - DatanodeDetails is persisted to /home/runner/work/ozone/ozone/hadoop-ozone/integration-test/target/test-dir/MiniOzoneClusterImpl-7d041fb5-2049-42d4-ae67-c17d724e960a/datanode-3/meta/datanode.id
2022-06-25 01:03:19,054 [Listener at 127.0.0.1/35937] INFO  upgrade.AbstractLayoutVersionManager (AbstractLayoutVersionManager.java:init(82)) - Initializing Layout version manager with metadata layout = DATANODE_SCHEMA_V3 (version = 4), software layout = DATANODE_SCHEMA_V3 (version = 4)
2022-06-25 01:03:19,103 [Listener at 127.0.0.1/35937] INFO  reflections.Reflections (Reflections.java:scan(232)) - Reflections took 47 ms to scan 7 urls, producing 131 keys and 316 values 
2022-06-25 01:03:19,104 [Listener at 127.0.0.1/35937] INFO  statemachine.DatanodeStateMachine (DatanodeStateMachine.java:getEndPointTaskThreadPoolSize(237)) - Datanode State Machine Task Thread Pool size 2
2022-06-25 01:03:19,106 [Listener at 127.0.0.1/35937] INFO  volume.HddsVolume (HddsVolume.java:<init>(116)) - Creating HddsVolume: /home/runner/work/ozone/ozone/hadoop-ozone/integration-test/target/test-dir/MiniOzoneClusterImpl-7d041fb5-2049-42d4-ae67-c17d724e960a/datanode-4/data-0/containers/hdds of storage type : DISK capacity : 9223372036854775807
2022-06-25 01:03:19,106 [Listener at 127.0.0.1/35937] INFO  volume.MutableVolumeSet (MutableVolumeSet.java:initializeVolumeSet(174)) - Added Volume : /home/runner/work/ozone/ozone/hadoop-ozone/integration-test/target/test-dir/MiniOzoneClusterImpl-7d041fb5-2049-42d4-ae67-c17d724e960a/datanode-4/data-0/containers/hdds to VolumeSet
2022-06-25 01:03:19,107 [Listener at 127.0.0.1/35937] INFO  volume.ThrottledAsyncChecker (ThrottledAsyncChecker.java:schedule(141)) - Scheduling a check for /home/runner/work/ozone/ozone/hadoop-ozone/integration-test/target/test-dir/MiniOzoneClusterImpl-7d041fb5-2049-42d4-ae67-c17d724e960a/datanode-4/data-0/containers/hdds
2022-06-25 01:03:19,107 [Listener at 127.0.0.1/35937] INFO  volume.StorageVolumeChecker (StorageVolumeChecker.java:checkAllVolumes(202)) - Scheduled health check for volume /home/runner/work/ozone/ozone/hadoop-ozone/integration-test/target/test-dir/MiniOzoneClusterImpl-7d041fb5-2049-42d4-ae67-c17d724e960a/datanode-4/data-0/containers/hdds
2022-06-25 01:03:19,120 [Listener at 127.0.0.1/35937] INFO  volume.MutableVolumeSet (MutableVolumeSet.java:initializeVolumeSet(174)) - Added Volume : /home/runner/work/ozone/ozone/hadoop-ozone/integration-test/target/test-dir/MiniOzoneClusterImpl-7d041fb5-2049-42d4-ae67-c17d724e960a/datanode-4/data/ratis to VolumeSet
2022-06-25 01:03:19,120 [Listener at 127.0.0.1/35937] INFO  volume.ThrottledAsyncChecker (ThrottledAsyncChecker.java:schedule(141)) - Scheduling a check for /home/runner/work/ozone/ozone/hadoop-ozone/integration-test/target/test-dir/MiniOzoneClusterImpl-7d041fb5-2049-42d4-ae67-c17d724e960a/datanode-4/data/ratis
2022-06-25 01:03:19,120 [Listener at 127.0.0.1/35937] INFO  volume.StorageVolumeChecker (StorageVolumeChecker.java:checkAllVolumes(202)) - Scheduled health check for volume /home/runner/work/ozone/ozone/hadoop-ozone/integration-test/target/test-dir/MiniOzoneClusterImpl-7d041fb5-2049-42d4-ae67-c17d724e960a/datanode-4/data/ratis
2022-06-25 01:03:19,134 [Thread-696] INFO  ozoneimpl.ContainerReader (ContainerReader.java:readVolume(172)) - Finish verifying containers on volume /home/runner/work/ozone/ozone/hadoop-ozone/integration-test/target/test-dir/MiniOzoneClusterImpl-7d041fb5-2049-42d4-ae67-c17d724e960a/datanode-4/data-0/containers/hdds
2022-06-25 01:03:19,135 [Listener at 127.0.0.1/35937] INFO  ozoneimpl.OzoneContainer (OzoneContainer.java:buildContainerSet(266)) - Build ContainerSet costs 0s
2022-06-25 01:03:19,137 [Listener at 127.0.0.1/35937] INFO  server.RaftServer (ConfUtils.java:logGet(46)) - raft.rpc.type = GRPC (default)
2022-06-25 01:03:19,137 [Listener at 127.0.0.1/35937] INFO  grpc.GrpcFactory (GrpcFactory.java:checkPooledByteBufAllocatorUseCacheForAllThreads(48)) - PERFORMANCE WARNING: useCacheForAllThreads is true that may cause Netty to create a lot garbage objects and, as a result, trigger GC.
	It is recommended to disable useCacheForAllThreads by setting -Dorg.apache.ratis.thirdparty.io.netty.allocator.useCacheForAllThreads=false in command line.
2022-06-25 01:03:19,138 [Listener at 127.0.0.1/35937] INFO  grpc.GrpcConfigKeys (ConfUtils.java:logGet(46)) - raft.grpc.admin.port = 0 (custom)
2022-06-25 01:03:19,138 [Listener at 127.0.0.1/35937] INFO  grpc.GrpcConfigKeys (ConfUtils.java:logGet(46)) - raft.grpc.client.port = 0 (custom)
2022-06-25 01:03:19,138 [Listener at 127.0.0.1/35937] INFO  grpc.GrpcConfigKeys (ConfUtils.java:logGet(46)) - raft.grpc.server.port = 0 (default)
2022-06-25 01:03:19,138 [Listener at 127.0.0.1/35937] INFO  server.GrpcService (ConfUtils.java:logGet(46)) - raft.grpc.message.size.max = 32MB (=33554432) (custom)
2022-06-25 01:03:19,139 [Listener at 127.0.0.1/35937] INFO  server.RaftServerConfigKeys (ConfUtils.java:logGet(46)) - raft.server.log.appender.buffer.byte-limit = 33554432 (custom)
2022-06-25 01:03:19,139 [Listener at 127.0.0.1/35937] INFO  server.GrpcService (ConfUtils.java:logGet(46)) - raft.grpc.flow.control.window = 5MB (=5242880) (custom)
2022-06-25 01:03:19,139 [Listener at 127.0.0.1/35937] INFO  server.RaftServerConfigKeys (ConfUtils.java:logGet(46)) - raft.server.rpc.request.timeout = 60s (custom)
2022-06-25 01:03:19,139 [Listener at 127.0.0.1/35937] INFO  grpc.GrpcConfigKeys (ConfUtils.java:logGet(46)) - raft.grpc.server.async.request.thread.pool.cached = true (default)
2022-06-25 01:03:19,140 [Listener at 127.0.0.1/35937] INFO  grpc.GrpcConfigKeys (ConfUtils.java:logGet(46)) - raft.grpc.server.async.request.thread.pool.size = 32 (default)
2022-06-25 01:03:19,141 [Listener at 127.0.0.1/35937] INFO  impl.DataStreamServerImpl (ConfUtils.java:logGet(46)) - raft.datastream.type = DISABLED (default)
2022-06-25 01:03:19,141 [Listener at 127.0.0.1/35937] INFO  server.RaftServerConfigKeys (ConfUtils.java:logGet(46)) - raft.server.threadpool.proxy.cached = true (default)
2022-06-25 01:03:19,141 [Listener at 127.0.0.1/35937] INFO  server.RaftServerConfigKeys (ConfUtils.java:logGet(46)) - raft.server.threadpool.proxy.size = 0 (default)
2022-06-25 01:03:19,142 [Listener at 127.0.0.1/35937] INFO  server.RaftServerConfigKeys (ConfUtils.java:logGet(46)) - raft.server.rpc.slowness.timeout = 300s (custom)
2022-06-25 01:03:19,142 [Listener at 127.0.0.1/35937] INFO  server.RaftServerConfigKeys (ConfUtils.java:logGet(46)) - raft.server.leaderelection.leader.step-down.wait-time = 10s (default)
2022-06-25 01:03:19,142 [Listener at 127.0.0.1/35937] INFO  server.RaftServerConfigKeys (ConfUtils.java:logGet(46)) - raft.server.storage.dir = [/home/runner/work/ozone/ozone/hadoop-ozone/integration-test/target/test-dir/MiniOzoneClusterImpl-7d041fb5-2049-42d4-ae67-c17d724e960a/datanode-4/data/ratis] (custom)
2022-06-25 01:03:19,143 [Listener at 127.0.0.1/35937] INFO  server.XceiverServerGrpc (XceiverServerGrpc.java:<init>(132)) - GrpcServer channel type EpollServerSocketChannel
2022-06-25 01:03:19,147 [Listener at 127.0.0.1/35937] INFO  http.BaseHttpServer (BaseHttpServer.java:newHttpServer2BuilderForOzone(209)) - Starting Web-server for hddsDatanode at: http://0.0.0.0:0
2022-06-25 01:03:19,147 [Listener at 127.0.0.1/35937] INFO  http.BaseHttpServer (BaseHttpServer.java:<init>(107)) - Hadoop Security Enabled: false Ozone Security Enabled: false Ozone HTTP Security Enabled: false 
2022-06-25 01:03:19,148 [Listener at 127.0.0.1/35937] INFO  server.AuthenticationFilter (AuthenticationFilter.java:constructSecretProvider(240)) - Unable to initialize FileSignerSecretProvider, falling back to use random secrets.
2022-06-25 01:03:19,148 [Listener at 127.0.0.1/35937] WARN  http.HttpRequestLog (HttpRequestLog.java:getRequestLog(103)) - Jetty request log can only be enabled using Log4j
2022-06-25 01:03:19,150 [Listener at 127.0.0.1/35937] INFO  http.HttpServer2 (HttpServer2.java:addGlobalFilter(1029)) - Added global filter 'safety' (class=org.apache.hadoop.hdds.server.http.HttpServer2$QuotingInputFilter)
2022-06-25 01:03:19,150 [Listener at 127.0.0.1/35937] INFO  http.HttpServer2 (HttpServer2.java:addFilter(1005)) - Added filter static_user_filter (class=org.apache.hadoop.http.lib.StaticUserWebFilter$StaticUserFilter) to context hddsDatanode
2022-06-25 01:03:19,150 [Listener at 127.0.0.1/35937] INFO  http.HttpServer2 (HttpServer2.java:addFilter(1013)) - Added filter static_user_filter (class=org.apache.hadoop.http.lib.StaticUserWebFilter$StaticUserFilter) to context logs
2022-06-25 01:03:19,150 [Listener at 127.0.0.1/35937] INFO  http.HttpServer2 (HttpServer2.java:addFilter(1013)) - Added filter static_user_filter (class=org.apache.hadoop.http.lib.StaticUserWebFilter$StaticUserFilter) to context static
2022-06-25 01:03:19,151 [Listener at 127.0.0.1/35937] INFO  http.HttpServer2 (HttpServer2.java:bindListener(1248)) - Jetty bound to port 42007
2022-06-25 01:03:19,151 [Listener at 127.0.0.1/35937] INFO  server.Server (Server.java:doStart(375)) - jetty-9.4.43.v20210629; built: 2021-06-30T11:07:22.254Z; git: 526006ecfa3af7f1a27ef3a288e2bef7ea9dd7e8; jvm 1.8.0_332-b09
2022-06-25 01:03:19,153 [Listener at 127.0.0.1/35937] INFO  server.session (DefaultSessionIdManager.java:doStart(334)) - DefaultSessionIdManager workerName=node0
2022-06-25 01:03:19,153 [Listener at 127.0.0.1/35937] INFO  server.session (DefaultSessionIdManager.java:doStart(339)) - No SessionScavenger set, using defaults
2022-06-25 01:03:19,153 [Listener at 127.0.0.1/35937] INFO  server.session (HouseKeeper.java:startScavenging(132)) - node0 Scavenging every 600000ms
2022-06-25 01:03:19,155 [Listener at 127.0.0.1/35937] INFO  handler.ContextHandler (ContextHandler.java:doStart(915)) - Started o.e.j.s.ServletContextHandler@140cbd1e{logs,/logs,file:///home/runner/work/ozone/ozone/hadoop-ozone/integration-test/target/log,AVAILABLE}
2022-06-25 01:03:19,155 [Listener at 127.0.0.1/35937] INFO  handler.ContextHandler (ContextHandler.java:doStart(915)) - Started o.e.j.s.ServletContextHandler@4500d815{static,/static,jar:file:/home/runner/.m2/repository/org/apache/ozone/hdds-container-service/1.3.0-SNAPSHOT/hdds-container-service-1.3.0-SNAPSHOT.jar!/webapps/static,AVAILABLE}
2022-06-25 01:03:19,186 [ReplicationMonitor] INFO  replication.ReplicationManager (ReplicationManager.java:processAll(249)) - Replication Monitor Thread took 0 milliseconds for processing 6 containers.
2022-06-25 01:03:19,198 [DatanodeAdminManager-0] INFO  node.DatanodeAdminMonitorImpl (DatanodeAdminMonitorImpl.java:checkPipelinesClosedOnNode(279)) - Waiting for pipelines to close for ad74f3b2-c092-43ca-befa-d99c208edbaf{ip: 10.1.0.8, host: fv-az66-546.vwcdieab4koerntclszyavmfxa.dx.internal.cloudapp.net, ports: [REPLICATION=45511, RATIS=46867, RATIS_ADMIN=46867, RATIS_SERVER=46867, STANDALONE=34703], networkLocation: /default-rack, certSerialId: null, persistedOpState: IN_SERVICE, persistedOpStateExpiryEpochSec: 0}. There are 2 pipelines
2022-06-25 01:03:19,198 [DatanodeAdminManager-0] INFO  node.DatanodeAdminMonitorImpl (DatanodeAdminMonitorImpl.java:run(148)) - There are 1 nodes tracked for decommission and maintenance. 0 pending nodes.
2022-06-25 01:03:19,199 [EventQueue-StartAdminOnNodeForStartDatanodeAdminHandler] INFO  node.StartDatanodeAdminHandler (StartDatanodeAdminHandler.java:onMessage(56)) - Admin start on datanode ad74f3b2-c092-43ca-befa-d99c208edbaf{ip: 10.1.0.8, host: fv-az66-546.vwcdieab4koerntclszyavmfxa.dx.internal.cloudapp.net, ports: [REPLICATION=45511, RATIS=46867, RATIS_ADMIN=46867, RATIS_SERVER=46867, STANDALONE=34703], networkLocation: /default-rack, certSerialId: null, persistedOpState: IN_SERVICE, persistedOpStateExpiryEpochSec: 0}. Finalizing its pipelines [PipelineID=2b1466c7-667c-479e-a9d9-d50926bf33aa, PipelineID=0f075fbb-840e-4b65-ba61-909fdbcecd31]
2022-06-25 01:03:19,208 [EventQueue-StartAdminOnNodeForStartDatanodeAdminHandler] INFO  pipeline.PipelineManagerImpl (PipelineManagerImpl.java:closeContainersForPipeline(411)) - Container #1 closed for pipeline=PipelineID=2b1466c7-667c-479e-a9d9-d50926bf33aa
2022-06-25 01:03:19,209 [EventQueue-StartAdminOnNodeForStartDatanodeAdminHandler] INFO  pipeline.PipelineManagerImpl (PipelineManagerImpl.java:closeContainersForPipeline(411)) - Container #4 closed for pipeline=PipelineID=2b1466c7-667c-479e-a9d9-d50926bf33aa
2022-06-25 01:03:19,211 [EventQueue-StartAdminOnNodeForStartDatanodeAdminHandler] INFO  pipeline.PipelineManagerImpl (PipelineManagerImpl.java:closeContainersForPipeline(411)) - Container #6 closed for pipeline=PipelineID=2b1466c7-667c-479e-a9d9-d50926bf33aa
2022-06-25 01:03:19,212 [EventQueue-StartAdminOnNodeForStartDatanodeAdminHandler] INFO  pipeline.PipelineManagerImpl (PipelineManagerImpl.java:closePipeline(432)) - Pipeline Pipeline[ Id: 2b1466c7-667c-479e-a9d9-d50926bf33aa, Nodes: 1a57f128-5fc1-45db-894e-2ffd043cedb3{ip: 10.1.0.8, host: fv-az66-546.vwcdieab4koerntclszyavmfxa.dx.internal.cloudapp.net, ports: [REPLICATION=42497, RATIS=41991, RATIS_ADMIN=41991, RATIS_SERVER=41991, STANDALONE=45247], networkLocation: /default-rack, certSerialId: null, persistedOpState: IN_SERVICE, persistedOpStateExpiryEpochSec: 0}ad74f3b2-c092-43ca-befa-d99c208edbaf{ip: 10.1.0.8, host: fv-az66-546.vwcdieab4koerntclszyavmfxa.dx.internal.cloudapp.net, ports: [REPLICATION=45511, RATIS=46867, RATIS_ADMIN=46867, RATIS_SERVER=46867, STANDALONE=34703], networkLocation: /default-rack, certSerialId: null, persistedOpState: IN_SERVICE, persistedOpStateExpiryEpochSec: 0}98ebfad8-d5dc-46a2-9e40-7ac48868c3c4{ip: 10.1.0.8, host: fv-az66-546.vwcdieab4koerntclszyavmfxa.dx.internal.cloudapp.net, ports: [REPLICATION=43537, RATIS=34569, RATIS_ADMIN=34569, RATIS_SERVER=34569, STANDALONE=39783], networkLocation: /default-rack, certSerialId: null, persistedOpState: IN_SERVICE, persistedOpStateExpiryEpochSec: 0}, ReplicationConfig: RATIS/THREE, State:OPEN, leaderId:98ebfad8-d5dc-46a2-9e40-7ac48868c3c4, CreationTimestamp2022-06-25T01:03:02.067Z[Etc/UTC]] moved to CLOSED state
2022-06-25 01:03:19,212 [EventQueue-StartAdminOnNodeForStartDatanodeAdminHandler] INFO  pipeline.RatisPipelineProvider (RatisPipelineProvider.java:lambda$close$1(244)) - Send pipeline:PipelineID=2b1466c7-667c-479e-a9d9-d50926bf33aa close command to datanode 1a57f128-5fc1-45db-894e-2ffd043cedb3
2022-06-25 01:03:19,213 [EventQueue-StartAdminOnNodeForStartDatanodeAdminHandler] INFO  pipeline.RatisPipelineProvider (RatisPipelineProvider.java:lambda$close$1(244)) - Send pipeline:PipelineID=2b1466c7-667c-479e-a9d9-d50926bf33aa close command to datanode ad74f3b2-c092-43ca-befa-d99c208edbaf
2022-06-25 01:03:19,213 [EventQueue-StartAdminOnNodeForStartDatanodeAdminHandler] INFO  pipeline.RatisPipelineProvider (RatisPipelineProvider.java:lambda$close$1(244)) - Send pipeline:PipelineID=2b1466c7-667c-479e-a9d9-d50926bf33aa close command to datanode 98ebfad8-d5dc-46a2-9e40-7ac48868c3c4
2022-06-25 01:03:19,215 [EventQueue-StartAdminOnNodeForStartDatanodeAdminHandler] INFO  pipeline.PipelineStateManagerImpl (PipelineStateManagerImpl.java:removePipeline(243)) - Pipeline Pipeline[ Id: 2b1466c7-667c-479e-a9d9-d50926bf33aa, Nodes: 1a57f128-5fc1-45db-894e-2ffd043cedb3{ip: 10.1.0.8, host: fv-az66-546.vwcdieab4koerntclszyavmfxa.dx.internal.cloudapp.net, ports: [REPLICATION=42497, RATIS=41991, RATIS_ADMIN=41991, RATIS_SERVER=41991, STANDALONE=45247], networkLocation: /default-rack, certSerialId: null, persistedOpState: IN_SERVICE, persistedOpStateExpiryEpochSec: 0}ad74f3b2-c092-43ca-befa-d99c208edbaf{ip: 10.1.0.8, host: fv-az66-546.vwcdieab4koerntclszyavmfxa.dx.internal.cloudapp.net, ports: [REPLICATION=45511, RATIS=46867, RATIS_ADMIN=46867, RATIS_SERVER=46867, STANDALONE=34703], networkLocation: /default-rack, certSerialId: null, persistedOpState: IN_SERVICE, persistedOpStateExpiryEpochSec: 0}98ebfad8-d5dc-46a2-9e40-7ac48868c3c4{ip: 10.1.0.8, host: fv-az66-546.vwcdieab4koerntclszyavmfxa.dx.internal.cloudapp.net, ports: [REPLICATION=43537, RATIS=34569, RATIS_ADMIN=34569, RATIS_SERVER=34569, STANDALONE=39783], networkLocation: /default-rack, certSerialId: null, persistedOpState: IN_SERVICE, persistedOpStateExpiryEpochSec: 0}, ReplicationConfig: RATIS/THREE, State:CLOSED, leaderId:98ebfad8-d5dc-46a2-9e40-7ac48868c3c4, CreationTimestamp2022-06-25T01:03:02.067Z[Etc/UTC]] removed.
2022-06-25 01:03:19,215 [EventQueue-StartAdminOnNodeForStartDatanodeAdminHandler] INFO  pipeline.PipelineManagerImpl (PipelineManagerImpl.java:closePipeline(432)) - Pipeline Pipeline[ Id: 0f075fbb-840e-4b65-ba61-909fdbcecd31, Nodes: ad74f3b2-c092-43ca-befa-d99c208edbaf{ip: 10.1.0.8, host: fv-az66-546.vwcdieab4koerntclszyavmfxa.dx.internal.cloudapp.net, ports: [REPLICATION=45511, RATIS=46867, RATIS_ADMIN=46867, RATIS_SERVER=46867, STANDALONE=34703], networkLocation: /default-rack, certSerialId: null, persistedOpState: IN_SERVICE, persistedOpStateExpiryEpochSec: 0}, ReplicationConfig: RATIS/ONE, State:OPEN, leaderId:ad74f3b2-c092-43ca-befa-d99c208edbaf, CreationTimestamp2022-06-25T01:03:01.637Z[Etc/UTC]] moved to CLOSED state
2022-06-25 01:03:19,216 [EventQueue-StartAdminOnNodeForStartDatanodeAdminHandler] INFO  pipeline.RatisPipelineProvider (RatisPipelineProvider.java:lambda$close$1(244)) - Send pipeline:PipelineID=0f075fbb-840e-4b65-ba61-909fdbcecd31 close command to datanode ad74f3b2-c092-43ca-befa-d99c208edbaf
2022-06-25 01:03:19,217 [EventQueue-StartAdminOnNodeForStartDatanodeAdminHandler] INFO  pipeline.PipelineStateManagerImpl (PipelineStateManagerImpl.java:removePipeline(243)) - Pipeline Pipeline[ Id: 0f075fbb-840e-4b65-ba61-909fdbcecd31, Nodes: ad74f3b2-c092-43ca-befa-d99c208edbaf{ip: 10.1.0.8, host: fv-az66-546.vwcdieab4koerntclszyavmfxa.dx.internal.cloudapp.net, ports: [REPLICATION=45511, RATIS=46867, RATIS_ADMIN=46867, RATIS_SERVER=46867, STANDALONE=34703], networkLocation: /default-rack, certSerialId: null, persistedOpState: IN_SERVICE, persistedOpStateExpiryEpochSec: 0}, ReplicationConfig: RATIS/ONE, State:CLOSED, leaderId:ad74f3b2-c092-43ca-befa-d99c208edbaf, CreationTimestamp2022-06-25T01:03:01.637Z[Etc/UTC]] removed.
2022-06-25 01:03:19,218 [EventQueue-PipelineReportForPipelineReportHandler] INFO  pipeline.PipelineReportHandler (PipelineReportHandler.java:processPipelineReport(113)) - Reported pipeline PipelineID=2b1466c7-667c-479e-a9d9-d50926bf33aa is not found
2022-06-25 01:03:19,226 [EventQueue-PipelineReportForPipelineReportHandler] INFO  pipeline.PipelineReportHandler (PipelineReportHandler.java:processPipelineReport(113)) - Reported pipeline PipelineID=2b1466c7-667c-479e-a9d9-d50926bf33aa is not found
2022-06-25 01:03:19,233 [EventQueue-CloseContainerForCloseContainerEventHandler] INFO  container.CloseContainerEventHandler (CloseContainerEventHandler.java:onMessage(70)) - Close container Event triggered for container : #1
2022-06-25 01:03:19,240 [EventQueue-CloseContainerForCloseContainerEventHandler] INFO  container.CloseContainerEventHandler (CloseContainerEventHandler.java:onMessage(70)) - Close container Event triggered for container : #4
2022-06-25 01:03:19,240 [EventQueue-CloseContainerForCloseContainerEventHandler] INFO  container.CloseContainerEventHandler (CloseContainerEventHandler.java:onMessage(70)) - Close container Event triggered for container : #6
2022-06-25 01:03:19,249 [IPC Server handler 16 on default port 32783] INFO  node.SCMNodeManager (SCMNodeManager.java:updateDatanodeOpState(545)) - Scheduling a command to update the operationalState persisted on ad74f3b2-c092-43ca-befa-d99c208edbaf{ip: 10.1.0.8, host: fv-az66-546.vwcdieab4koerntclszyavmfxa.dx.internal.cloudapp.net, ports: [REPLICATION=45511, RATIS=46867, RATIS_ADMIN=46867, RATIS_SERVER=46867, STANDALONE=34703], networkLocation: /default-rack, certSerialId: null, persistedOpState: null, persistedOpStateExpiryEpochSec: 0} as the reported value does not match the value stored in SCM (DECOMMISSIONING, 0)
2022-06-25 01:03:19,270 [EndpointStateMachine task thread for /0.0.0.0:39825 - 0 ] INFO  volume.HddsVolume (HddsVolume.java:createDbStore(309)) - SchemaV3 db is created and loaded at /home/runner/work/ozone/ozone/hadoop-ozone/integration-test/target/test-dir/MiniOzoneClusterImpl-7d041fb5-2049-42d4-ae67-c17d724e960a/datanode-0/data-0/containers/hdds/7d041fb5-2049-42d4-ae67-c17d724e960a/DS-2c7e5ffe-0bea-47bb-9539-a156c55e7c61/container.db for volume DS-2c7e5ffe-0bea-47bb-9539-a156c55e7c61
2022-06-25 01:03:19,275 [EndpointStateMachine task thread for /0.0.0.0:39825 - 0 ] INFO  volume.HddsVolume (HddsVolume.java:closeDbStore(340)) - SchemaV3 db is stopped at /home/runner/work/ozone/ozone/hadoop-ozone/integration-test/target/test-dir/MiniOzoneClusterImpl-7d041fb5-2049-42d4-ae67-c17d724e960a/datanode-0/data-0/containers/hdds/7d041fb5-2049-42d4-ae67-c17d724e960a/DS-2c7e5ffe-0bea-47bb-9539-a156c55e7c61/container.db for volume DS-2c7e5ffe-0bea-47bb-9539-a156c55e7c61
2022-06-25 01:03:19,275 [EndpointStateMachine task thread for /0.0.0.0:39825 - 0 ] INFO  ozoneimpl.OzoneContainer (OzoneContainer.java:start(344)) - Attempting to start container services.
2022-06-25 01:03:19,276 [EndpointStateMachine task thread for /0.0.0.0:39825 - 0 ] INFO  ozoneimpl.OzoneContainer (OzoneContainer.java:startContainerScrub(279)) - Background container scanner has been disabled.
2022-06-25 01:03:19,280 [EndpointStateMachine task thread for /0.0.0.0:39825 - 0 ] INFO  replication.ReplicationServer (ReplicationServer.java:start(111)) - ReplicationServer is started using port 46405
2022-06-25 01:03:19,282 [EndpointStateMachine task thread for /0.0.0.0:39825 - 0 ] INFO  ratis.XceiverServerRatis (XceiverServerRatis.java:start(481)) - Starting XceiverServerRatis 01c45249-58aa-4080-948c-058f514c67c8
2022-06-25 01:03:19,286 [EndpointStateMachine task thread for /0.0.0.0:39825 - 0 ] INFO  server.RaftServer (RaftServerProxy.java:lambda$start$6(382)) - 01c45249-58aa-4080-948c-058f514c67c8: start RPC server
2022-06-25 01:03:19,299 [EndpointStateMachine task thread for /0.0.0.0:39825 - 0 ] INFO  server.GrpcService (GrpcService.java:startImpl(260)) - 01c45249-58aa-4080-948c-058f514c67c8: GrpcService started, listening on 37869
2022-06-25 01:03:19,302 [EndpointStateMachine task thread for /0.0.0.0:39825 - 0 ] INFO  ratis.XceiverServerRatis (XceiverServerRatis.java:getRealPort(502)) - XceiverServerRatis 01c45249-58aa-4080-948c-058f514c67c8 is started using port 37869 for RATIS
2022-06-25 01:03:19,302 [EndpointStateMachine task thread for /0.0.0.0:39825 - 0 ] INFO  ratis.XceiverServerRatis (XceiverServerRatis.java:getRealPort(502)) - XceiverServerRatis 01c45249-58aa-4080-948c-058f514c67c8 is started using port 37869 for RATIS_ADMIN
2022-06-25 01:03:19,302 [EndpointStateMachine task thread for /0.0.0.0:39825 - 0 ] INFO  ratis.XceiverServerRatis (XceiverServerRatis.java:getRealPort(502)) - XceiverServerRatis 01c45249-58aa-4080-948c-058f514c67c8 is started using port 37869 for RATIS_SERVER
2022-06-25 01:03:19,303 [org.apache.ratis.util.JvmPauseMonitor$$Lambda$706/1141522042@25913b9a] INFO  util.JvmPauseMonitor (JvmPauseMonitor.java:run(103)) - JvmPauseMonitor-01c45249-58aa-4080-948c-058f514c67c8: Started
2022-06-25 01:03:19,316 [EndpointStateMachine task thread for /0.0.0.0:39825 - 0 ] INFO  server.XceiverServerGrpc (XceiverServerGrpc.java:start(180)) - XceiverServerGrpc 01c45249-58aa-4080-948c-058f514c67c8 is started using port 42275
2022-06-25 01:03:19,389 [ReplicationMonitor] INFO  replication.ReplicationManager (ReplicationManager.java:processAll(228)) - Replication Manager is not ready to run until 3000ms after safemode exit
2022-06-25 01:03:19,411 [Listener at 127.0.0.1/35937] INFO  handler.ContextHandler (ContextHandler.java:doStart(915)) - Started o.e.j.w.WebAppContext@62d13a54{hddsDatanode,/,file:///tmp/jetty-0_0_0_0-42007-hdds-container-service-1_3_0-SNAPSHOT_jar-_-any-3310902182270721008/webapp/,AVAILABLE}{jar:file:/home/runner/.m2/repository/org/apache/ozone/hdds-container-service/1.3.0-SNAPSHOT/hdds-container-service-1.3.0-SNAPSHOT.jar!/webapps/hddsDatanode}
2022-06-25 01:03:19,414 [Listener at 127.0.0.1/35937] INFO  server.AbstractConnector (AbstractConnector.java:doStart(331)) - Started ServerConnector@693ae704{HTTP/1.1, (http/1.1)}{0.0.0.0:42007}
2022-06-25 01:03:19,414 [Listener at 127.0.0.1/35937] INFO  server.Server (Server.java:doStart(415)) - Started @33311ms
2022-06-25 01:03:19,415 [Listener at 127.0.0.1/35937] WARN  impl.MetricsSystemImpl (MetricsSystemImpl.java:register(279)) - Sink prometheus already exists!
2022-06-25 01:03:19,415 [Listener at 127.0.0.1/35937] INFO  http.BaseHttpServer (BaseHttpServer.java:updateConnectorAddress(329)) - HTTP server of hddsDatanode listening at http://0.0.0.0:42007
2022-06-25 01:03:19,416 [Datanode State Machine Daemon Thread] INFO  statemachine.DatanodeStateMachine (DatanodeStateMachine.java:lambda$startDaemon$0(492)) - Ozone container server started.
2022-06-25 01:03:19,416 [Listener at 127.0.0.1/35937] WARN  impl.MetricRegistriesImpl (MetricRegistriesImpl.java:addReporterRegistration(111)) - New reporters are added after registries were created. Some metrics will be missing from the reporter. Please add reporter before adding any new registry.
2022-06-25 01:03:19,417 [Listener at 127.0.0.1/35937] WARN  impl.MetricRegistriesImpl (MetricRegistriesImpl.java:addReporterRegistration(111)) - New reporters are added after registries were created. Some metrics will be missing from the reporter. Please add reporter before adding any new registry.
2022-06-25 01:03:19,417 [Listener at 127.0.0.1/35937] INFO  impl.MetricsSystemImpl (MetricsSystemImpl.java:init(158)) - HddsDatanode metrics system started (again)
2022-06-25 01:03:19,479 [org.apache.hadoop.util.JvmPauseMonitor$Monitor@7a7f40ad] INFO  util.JvmPauseMonitor (JvmPauseMonitor.java:run(188)) - Starting JVM pause monitor
2022-06-25 01:03:19,483 [Datanode State Machine Task Thread - 0] INFO  datanode.InitDatanodeState (InitDatanodeState.java:persistContainerDatanodeDetails(138)) - DatanodeDetails is persisted to /home/runner/work/ozone/ozone/hadoop-ozone/integration-test/target/test-dir/MiniOzoneClusterImpl-7d041fb5-2049-42d4-ae67-c17d724e960a/datanode-4/meta/datanode.id
2022-06-25 01:03:19,489 [Listener at 127.0.0.1/35937] INFO  ozone.HddsDatanodeService (HddsDatanodeService.java:start(236)) - HddsDatanodeService host:fv-az66-546.vwcdieab4koerntclszyavmfxa.dx.internal.cloudapp.net ip:10.1.0.8
2022-06-25 01:03:19,542 [Listener at 127.0.0.1/35937] INFO  upgrade.AbstractLayoutVersionManager (AbstractLayoutVersionManager.java:init(82)) - Initializing Layout version manager with metadata layout = DATANODE_SCHEMA_V3 (version = 4), software layout = DATANODE_SCHEMA_V3 (version = 4)
2022-06-25 01:03:19,590 [Listener at 127.0.0.1/35937] INFO  reflections.Reflections (Reflections.java:scan(232)) - Reflections took 47 ms to scan 7 urls, producing 131 keys and 316 values 
2022-06-25 01:03:19,591 [Listener at 127.0.0.1/35937] INFO  statemachine.DatanodeStateMachine (DatanodeStateMachine.java:getEndPointTaskThreadPoolSize(237)) - Datanode State Machine Task Thread Pool size 2
2022-06-25 01:03:19,594 [Listener at 127.0.0.1/35937] INFO  volume.HddsVolume (HddsVolume.java:<init>(116)) - Creating HddsVolume: /home/runner/work/ozone/ozone/hadoop-ozone/integration-test/target/test-dir/MiniOzoneClusterImpl-7d041fb5-2049-42d4-ae67-c17d724e960a/datanode-5/data-0/containers/hdds of storage type : DISK capacity : 9223372036854775807
2022-06-25 01:03:19,594 [Listener at 127.0.0.1/35937] INFO  volume.MutableVolumeSet (MutableVolumeSet.java:initializeVolumeSet(174)) - Added Volume : /home/runner/work/ozone/ozone/hadoop-ozone/integration-test/target/test-dir/MiniOzoneClusterImpl-7d041fb5-2049-42d4-ae67-c17d724e960a/datanode-5/data-0/containers/hdds to VolumeSet
2022-06-25 01:03:19,594 [Listener at 127.0.0.1/35937] INFO  volume.ThrottledAsyncChecker (ThrottledAsyncChecker.java:schedule(141)) - Scheduling a check for /home/runner/work/ozone/ozone/hadoop-ozone/integration-test/target/test-dir/MiniOzoneClusterImpl-7d041fb5-2049-42d4-ae67-c17d724e960a/datanode-5/data-0/containers/hdds
2022-06-25 01:03:19,595 [Listener at 127.0.0.1/35937] INFO  volume.StorageVolumeChecker (StorageVolumeChecker.java:checkAllVolumes(202)) - Scheduled health check for volume /home/runner/work/ozone/ozone/hadoop-ozone/integration-test/target/test-dir/MiniOzoneClusterImpl-7d041fb5-2049-42d4-ae67-c17d724e960a/datanode-5/data-0/containers/hdds
2022-06-25 01:03:19,607 [Listener at 127.0.0.1/35937] INFO  volume.MutableVolumeSet (MutableVolumeSet.java:initializeVolumeSet(174)) - Added Volume : /home/runner/work/ozone/ozone/hadoop-ozone/integration-test/target/test-dir/MiniOzoneClusterImpl-7d041fb5-2049-42d4-ae67-c17d724e960a/datanode-5/data/ratis to VolumeSet
2022-06-25 01:03:19,607 [Listener at 127.0.0.1/35937] INFO  volume.ThrottledAsyncChecker (ThrottledAsyncChecker.java:schedule(141)) - Scheduling a check for /home/runner/work/ozone/ozone/hadoop-ozone/integration-test/target/test-dir/MiniOzoneClusterImpl-7d041fb5-2049-42d4-ae67-c17d724e960a/datanode-5/data/ratis
2022-06-25 01:03:19,607 [Listener at 127.0.0.1/35937] INFO  volume.StorageVolumeChecker (StorageVolumeChecker.java:checkAllVolumes(202)) - Scheduled health check for volume /home/runner/work/ozone/ozone/hadoop-ozone/integration-test/target/test-dir/MiniOzoneClusterImpl-7d041fb5-2049-42d4-ae67-c17d724e960a/datanode-5/data/ratis
2022-06-25 01:03:19,618 [Thread-715] INFO  ozoneimpl.ContainerReader (ContainerReader.java:readVolume(172)) - Finish verifying containers on volume /home/runner/work/ozone/ozone/hadoop-ozone/integration-test/target/test-dir/MiniOzoneClusterImpl-7d041fb5-2049-42d4-ae67-c17d724e960a/datanode-5/data-0/containers/hdds
2022-06-25 01:03:19,618 [Listener at 127.0.0.1/35937] INFO  ozoneimpl.OzoneContainer (OzoneContainer.java:buildContainerSet(266)) - Build ContainerSet costs 0s
2022-06-25 01:03:19,620 [Listener at 127.0.0.1/35937] INFO  server.RaftServer (ConfUtils.java:logGet(46)) - raft.rpc.type = GRPC (default)
2022-06-25 01:03:19,620 [Listener at 127.0.0.1/35937] INFO  grpc.GrpcFactory (GrpcFactory.java:checkPooledByteBufAllocatorUseCacheForAllThreads(48)) - PERFORMANCE WARNING: useCacheForAllThreads is true that may cause Netty to create a lot garbage objects and, as a result, trigger GC.
	It is recommended to disable useCacheForAllThreads by setting -Dorg.apache.ratis.thirdparty.io.netty.allocator.useCacheForAllThreads=false in command line.
2022-06-25 01:03:19,620 [Listener at 127.0.0.1/35937] INFO  grpc.GrpcConfigKeys (ConfUtils.java:logGet(46)) - raft.grpc.admin.port = 0 (custom)
2022-06-25 01:03:19,621 [Listener at 127.0.0.1/35937] INFO  grpc.GrpcConfigKeys (ConfUtils.java:logGet(46)) - raft.grpc.client.port = 0 (custom)
2022-06-25 01:03:19,621 [Listener at 127.0.0.1/35937] INFO  grpc.GrpcConfigKeys (ConfUtils.java:logGet(46)) - raft.grpc.server.port = 0 (default)
2022-06-25 01:03:19,621 [Listener at 127.0.0.1/35937] INFO  server.GrpcService (ConfUtils.java:logGet(46)) - raft.grpc.message.size.max = 32MB (=33554432) (custom)
2022-06-25 01:03:19,621 [Listener at 127.0.0.1/35937] INFO  server.RaftServerConfigKeys (ConfUtils.java:logGet(46)) - raft.server.log.appender.buffer.byte-limit = 33554432 (custom)
2022-06-25 01:03:19,621 [Listener at 127.0.0.1/35937] INFO  server.GrpcService (ConfUtils.java:logGet(46)) - raft.grpc.flow.control.window = 5MB (=5242880) (custom)
2022-06-25 01:03:19,621 [Listener at 127.0.0.1/35937] INFO  server.RaftServerConfigKeys (ConfUtils.java:logGet(46)) - raft.server.rpc.request.timeout = 60s (custom)
2022-06-25 01:03:19,621 [Listener at 127.0.0.1/35937] INFO  grpc.GrpcConfigKeys (ConfUtils.java:logGet(46)) - raft.grpc.server.async.request.thread.pool.cached = true (default)
2022-06-25 01:03:19,621 [Listener at 127.0.0.1/35937] INFO  grpc.GrpcConfigKeys (ConfUtils.java:logGet(46)) - raft.grpc.server.async.request.thread.pool.size = 32 (default)
2022-06-25 01:03:19,623 [Listener at 127.0.0.1/35937] INFO  impl.DataStreamServerImpl (ConfUtils.java:logGet(46)) - raft.datastream.type = DISABLED (default)
2022-06-25 01:03:19,623 [Listener at 127.0.0.1/35937] INFO  server.RaftServerConfigKeys (ConfUtils.java:logGet(46)) - raft.server.threadpool.proxy.cached = true (default)
2022-06-25 01:03:19,623 [Listener at 127.0.0.1/35937] INFO  server.RaftServerConfigKeys (ConfUtils.java:logGet(46)) - raft.server.threadpool.proxy.size = 0 (default)
2022-06-25 01:03:19,623 [Listener at 127.0.0.1/35937] INFO  server.RaftServerConfigKeys (ConfUtils.java:logGet(46)) - raft.server.rpc.slowness.timeout = 300s (custom)
2022-06-25 01:03:19,623 [Listener at 127.0.0.1/35937] INFO  server.RaftServerConfigKeys (ConfUtils.java:logGet(46)) - raft.server.leaderelection.leader.step-down.wait-time = 10s (default)
2022-06-25 01:03:19,623 [Listener at 127.0.0.1/35937] INFO  server.RaftServerConfigKeys (ConfUtils.java:logGet(46)) - raft.server.storage.dir = [/home/runner/work/ozone/ozone/hadoop-ozone/integration-test/target/test-dir/MiniOzoneClusterImpl-7d041fb5-2049-42d4-ae67-c17d724e960a/datanode-5/data/ratis] (custom)
2022-06-25 01:03:19,625 [Listener at 127.0.0.1/35937] INFO  server.XceiverServerGrpc (XceiverServerGrpc.java:<init>(132)) - GrpcServer channel type EpollServerSocketChannel
2022-06-25 01:03:19,630 [Listener at 127.0.0.1/35937] INFO  http.BaseHttpServer (BaseHttpServer.java:newHttpServer2BuilderForOzone(209)) - Starting Web-server for hddsDatanode at: http://0.0.0.0:0
2022-06-25 01:03:19,630 [Listener at 127.0.0.1/35937] INFO  http.BaseHttpServer (BaseHttpServer.java:<init>(107)) - Hadoop Security Enabled: false Ozone Security Enabled: false Ozone HTTP Security Enabled: false 
2022-06-25 01:03:19,632 [Listener at 127.0.0.1/35937] INFO  server.AuthenticationFilter (AuthenticationFilter.java:constructSecretProvider(240)) - Unable to initialize FileSignerSecretProvider, falling back to use random secrets.
2022-06-25 01:03:19,632 [Listener at 127.0.0.1/35937] WARN  http.HttpRequestLog (HttpRequestLog.java:getRequestLog(103)) - Jetty request log can only be enabled using Log4j
2022-06-25 01:03:19,633 [Listener at 127.0.0.1/35937] INFO  http.HttpServer2 (HttpServer2.java:addGlobalFilter(1029)) - Added global filter 'safety' (class=org.apache.hadoop.hdds.server.http.HttpServer2$QuotingInputFilter)
2022-06-25 01:03:19,634 [Listener at 127.0.0.1/35937] INFO  http.HttpServer2 (HttpServer2.java:addFilter(1005)) - Added filter static_user_filter (class=org.apache.hadoop.http.lib.StaticUserWebFilter$StaticUserFilter) to context hddsDatanode
2022-06-25 01:03:19,634 [Listener at 127.0.0.1/35937] INFO  http.HttpServer2 (HttpServer2.java:addFilter(1013)) - Added filter static_user_filter (class=org.apache.hadoop.http.lib.StaticUserWebFilter$StaticUserFilter) to context static
2022-06-25 01:03:19,634 [Listener at 127.0.0.1/35937] INFO  http.HttpServer2 (HttpServer2.java:addFilter(1013)) - Added filter static_user_filter (class=org.apache.hadoop.http.lib.StaticUserWebFilter$StaticUserFilter) to context logs
2022-06-25 01:03:19,635 [Listener at 127.0.0.1/35937] INFO  http.HttpServer2 (HttpServer2.java:bindListener(1248)) - Jetty bound to port 35361
2022-06-25 01:03:19,635 [Listener at 127.0.0.1/35937] INFO  server.Server (Server.java:doStart(375)) - jetty-9.4.43.v20210629; built: 2021-06-30T11:07:22.254Z; git: 526006ecfa3af7f1a27ef3a288e2bef7ea9dd7e8; jvm 1.8.0_332-b09
2022-06-25 01:03:19,637 [Listener at 127.0.0.1/35937] INFO  server.session (DefaultSessionIdManager.java:doStart(334)) - DefaultSessionIdManager workerName=node0
2022-06-25 01:03:19,637 [Listener at 127.0.0.1/35937] INFO  server.session (DefaultSessionIdManager.java:doStart(339)) - No SessionScavenger set, using defaults
2022-06-25 01:03:19,637 [Listener at 127.0.0.1/35937] INFO  server.session (HouseKeeper.java:startScavenging(132)) - node0 Scavenging every 600000ms
2022-06-25 01:03:19,638 [Listener at 127.0.0.1/35937] INFO  handler.ContextHandler (ContextHandler.java:doStart(915)) - Started o.e.j.s.ServletContextHandler@4053668c{logs,/logs,file:///home/runner/work/ozone/ozone/hadoop-ozone/integration-test/target/log,AVAILABLE}
2022-06-25 01:03:19,639 [Listener at 127.0.0.1/35937] INFO  handler.ContextHandler (ContextHandler.java:doStart(915)) - Started o.e.j.s.ServletContextHandler@2d25b6bc{static,/static,jar:file:/home/runner/.m2/repository/org/apache/ozone/hdds-container-service/1.3.0-SNAPSHOT/hdds-container-service-1.3.0-SNAPSHOT.jar!/webapps/static,AVAILABLE}
2022-06-25 01:03:19,828 [Listener at 127.0.0.1/35937] INFO  handler.ContextHandler (ContextHandler.java:doStart(915)) - Started o.e.j.w.WebAppContext@597f3b1e{hddsDatanode,/,file:///tmp/jetty-0_0_0_0-35361-hdds-container-service-1_3_0-SNAPSHOT_jar-_-any-7036216062880295350/webapp/,AVAILABLE}{jar:file:/home/runner/.m2/repository/org/apache/ozone/hdds-container-service/1.3.0-SNAPSHOT/hdds-container-service-1.3.0-SNAPSHOT.jar!/webapps/hddsDatanode}
2022-06-25 01:03:19,830 [Listener at 127.0.0.1/35937] INFO  server.AbstractConnector (AbstractConnector.java:doStart(331)) - Started ServerConnector@302b09c3{HTTP/1.1, (http/1.1)}{0.0.0.0:35361}
2022-06-25 01:03:19,830 [Listener at 127.0.0.1/35937] INFO  server.Server (Server.java:doStart(415)) - Started @33727ms
2022-06-25 01:03:19,830 [Listener at 127.0.0.1/35937] WARN  impl.MetricsSystemImpl (MetricsSystemImpl.java:register(279)) - Sink prometheus already exists!
2022-06-25 01:03:19,831 [Listener at 127.0.0.1/35937] INFO  http.BaseHttpServer (BaseHttpServer.java:updateConnectorAddress(329)) - HTTP server of hddsDatanode listening at http://0.0.0.0:35361
2022-06-25 01:03:19,832 [Listener at 127.0.0.1/35937] INFO  ozone.MiniOzoneClusterImpl (MiniOzoneClusterImpl.java:lambda$waitForClusterToBeReady$0(223)) - Waiting for nodes to be ready. Got 0 of 6 DN Heartbeats.
2022-06-25 01:03:19,832 [Listener at 127.0.0.1/35937] INFO  ozone.MiniOzoneClusterImpl (MiniOzoneClusterImpl.java:lambda$waitForClusterToBeReady$0(226)) - Waiting for cluster to exit safe mode
2022-06-25 01:03:19,832 [Listener at 127.0.0.1/35937] INFO  ozone.MiniOzoneClusterImpl (MiniOzoneClusterImpl.java:lambda$waitForClusterToBeReady$0(228)) - SCM became leader
2022-06-25 01:03:19,834 [Datanode State Machine Daemon Thread] INFO  statemachine.DatanodeStateMachine (DatanodeStateMachine.java:lambda$startDaemon$0(492)) - Ozone container server started.
2022-06-25 01:03:19,851 [org.apache.hadoop.util.JvmPauseMonitor$Monitor@4a0c1080] INFO  util.JvmPauseMonitor (JvmPauseMonitor.java:run(188)) - Starting JVM pause monitor
2022-06-25 01:03:19,852 [Datanode State Machine Task Thread - 0] INFO  datanode.InitDatanodeState (InitDatanodeState.java:persistContainerDatanodeDetails(138)) - DatanodeDetails is persisted to /home/runner/work/ozone/ozone/hadoop-ozone/integration-test/target/test-dir/MiniOzoneClusterImpl-7d041fb5-2049-42d4-ae67-c17d724e960a/datanode-5/meta/datanode.id
2022-06-25 01:03:20,150 [EndpointStateMachine task thread for /0.0.0.0:39825 - 0 ] INFO  volume.HddsVolume (HddsVolume.java:createDbStore(309)) - SchemaV3 db is created and loaded at /home/runner/work/ozone/ozone/hadoop-ozone/integration-test/target/test-dir/MiniOzoneClusterImpl-7d041fb5-2049-42d4-ae67-c17d724e960a/datanode-1/data-0/containers/hdds/7d041fb5-2049-42d4-ae67-c17d724e960a/DS-343c44bb-19d5-493a-8f0b-a3ae60a46e62/container.db for volume DS-343c44bb-19d5-493a-8f0b-a3ae60a46e62
2022-06-25 01:03:20,154 [EndpointStateMachine task thread for /0.0.0.0:39825 - 0 ] INFO  volume.HddsVolume (HddsVolume.java:closeDbStore(340)) - SchemaV3 db is stopped at /home/runner/work/ozone/ozone/hadoop-ozone/integration-test/target/test-dir/MiniOzoneClusterImpl-7d041fb5-2049-42d4-ae67-c17d724e960a/datanode-1/data-0/containers/hdds/7d041fb5-2049-42d4-ae67-c17d724e960a/DS-343c44bb-19d5-493a-8f0b-a3ae60a46e62/container.db for volume DS-343c44bb-19d5-493a-8f0b-a3ae60a46e62
2022-06-25 01:03:20,154 [EndpointStateMachine task thread for /0.0.0.0:39825 - 0 ] INFO  ozoneimpl.OzoneContainer (OzoneContainer.java:start(344)) - Attempting to start container services.
2022-06-25 01:03:20,154 [EndpointStateMachine task thread for /0.0.0.0:39825 - 0 ] INFO  ozoneimpl.OzoneContainer (OzoneContainer.java:startContainerScrub(279)) - Background container scanner has been disabled.
2022-06-25 01:03:20,156 [EndpointStateMachine task thread for /0.0.0.0:39825 - 0 ] INFO  replication.ReplicationServer (ReplicationServer.java:start(111)) - ReplicationServer is started using port 44149
2022-06-25 01:03:20,158 [EndpointStateMachine task thread for /0.0.0.0:39825 - 0 ] INFO  ratis.XceiverServerRatis (XceiverServerRatis.java:start(481)) - Starting XceiverServerRatis d8c5d3b0-2e04-4734-8dc0-dbe4861d4401
2022-06-25 01:03:20,159 [EndpointStateMachine task thread for /0.0.0.0:39825 - 0 ] INFO  server.RaftServer (RaftServerProxy.java:lambda$start$6(382)) - d8c5d3b0-2e04-4734-8dc0-dbe4861d4401: start RPC server
2022-06-25 01:03:20,161 [EndpointStateMachine task thread for /0.0.0.0:39825 - 0 ] INFO  server.GrpcService (GrpcService.java:startImpl(260)) - d8c5d3b0-2e04-4734-8dc0-dbe4861d4401: GrpcService started, listening on 41245
2022-06-25 01:03:20,161 [EndpointStateMachine task thread for /0.0.0.0:39825 - 0 ] INFO  ratis.XceiverServerRatis (XceiverServerRatis.java:getRealPort(502)) - XceiverServerRatis d8c5d3b0-2e04-4734-8dc0-dbe4861d4401 is started using port 41245 for RATIS
2022-06-25 01:03:20,161 [org.apache.ratis.util.JvmPauseMonitor$$Lambda$706/1141522042@17f16669] INFO  util.JvmPauseMonitor (JvmPauseMonitor.java:run(103)) - JvmPauseMonitor-d8c5d3b0-2e04-4734-8dc0-dbe4861d4401: Started
2022-06-25 01:03:20,161 [EndpointStateMachine task thread for /0.0.0.0:39825 - 0 ] INFO  ratis.XceiverServerRatis (XceiverServerRatis.java:getRealPort(502)) - XceiverServerRatis d8c5d3b0-2e04-4734-8dc0-dbe4861d4401 is started using port 41245 for RATIS_ADMIN
2022-06-25 01:03:20,161 [EndpointStateMachine task thread for /0.0.0.0:39825 - 0 ] INFO  ratis.XceiverServerRatis (XceiverServerRatis.java:getRealPort(502)) - XceiverServerRatis d8c5d3b0-2e04-4734-8dc0-dbe4861d4401 is started using port 41245 for RATIS_SERVER
2022-06-25 01:03:20,163 [EndpointStateMachine task thread for /0.0.0.0:39825 - 0 ] INFO  server.XceiverServerGrpc (XceiverServerGrpc.java:start(180)) - XceiverServerGrpc d8c5d3b0-2e04-4734-8dc0-dbe4861d4401 is started using port 43719
2022-06-25 01:03:20,186 [ReplicationMonitor] INFO  replication.LegacyReplicationManager (LegacyReplicationManager.java:sendCloseCommand(1508)) - Sending close container command for container #1 to datanode ad74f3b2-c092-43ca-befa-d99c208edbaf{ip: 10.1.0.8, host: fv-az66-546.vwcdieab4koerntclszyavmfxa.dx.internal.cloudapp.net, ports: [REPLICATION=45511, RATIS=46867, RATIS_ADMIN=46867, RATIS_SERVER=46867, STANDALONE=34703], networkLocation: /default-rack, certSerialId: null, persistedOpState: IN_SERVICE, persistedOpStateExpiryEpochSec: 0}.
2022-06-25 01:03:20,187 [ReplicationMonitor] INFO  replication.LegacyReplicationManager (LegacyReplicationManager.java:sendCloseCommand(1508)) - Sending close container command for container #1 to datanode 1a57f128-5fc1-45db-894e-2ffd043cedb3{ip: 10.1.0.8, host: fv-az66-546.vwcdieab4koerntclszyavmfxa.dx.internal.cloudapp.net, ports: [REPLICATION=42497, RATIS=41991, RATIS_ADMIN=41991, RATIS_SERVER=41991, STANDALONE=45247], networkLocation: /default-rack, certSerialId: null, persistedOpState: IN_SERVICE, persistedOpStateExpiryEpochSec: 0}.
2022-06-25 01:03:20,187 [ReplicationMonitor] INFO  replication.LegacyReplicationManager (LegacyReplicationManager.java:sendCloseCommand(1508)) - Sending close container command for container #1 to datanode 98ebfad8-d5dc-46a2-9e40-7ac48868c3c4{ip: 10.1.0.8, host: fv-az66-546.vwcdieab4koerntclszyavmfxa.dx.internal.cloudapp.net, ports: [REPLICATION=43537, RATIS=34569, RATIS_ADMIN=34569, RATIS_SERVER=34569, STANDALONE=39783], networkLocation: /default-rack, certSerialId: null, persistedOpState: IN_SERVICE, persistedOpStateExpiryEpochSec: 0}.
2022-06-25 01:03:20,187 [ReplicationMonitor] INFO  replication.LegacyReplicationManager (LegacyReplicationManager.java:sendCloseCommand(1508)) - Sending close container command for container #4 to datanode 98ebfad8-d5dc-46a2-9e40-7ac48868c3c4{ip: 10.1.0.8, host: fv-az66-546.vwcdieab4koerntclszyavmfxa.dx.internal.cloudapp.net, ports: [REPLICATION=43537, RATIS=34569, RATIS_ADMIN=34569, RATIS_SERVER=34569, STANDALONE=39783], networkLocation: /default-rack, certSerialId: null, persistedOpState: IN_SERVICE, persistedOpStateExpiryEpochSec: 0}.
2022-06-25 01:03:20,187 [ReplicationMonitor] INFO  replication.LegacyReplicationManager (LegacyReplicationManager.java:sendCloseCommand(1508)) - Sending close container command for container #4 to datanode ad74f3b2-c092-43ca-befa-d99c208edbaf{ip: 10.1.0.8, host: fv-az66-546.vwcdieab4koerntclszyavmfxa.dx.internal.cloudapp.net, ports: [REPLICATION=45511, RATIS=46867, RATIS_ADMIN=46867, RATIS_SERVER=46867, STANDALONE=34703], networkLocation: /default-rack, certSerialId: null, persistedOpState: IN_SERVICE, persistedOpStateExpiryEpochSec: 0}.
2022-06-25 01:03:20,187 [ReplicationMonitor] INFO  replication.LegacyReplicationManager (LegacyReplicationManager.java:sendCloseCommand(1508)) - Sending close container command for container #4 to datanode 1a57f128-5fc1-45db-894e-2ffd043cedb3{ip: 10.1.0.8, host: fv-az66-546.vwcdieab4koerntclszyavmfxa.dx.internal.cloudapp.net, ports: [REPLICATION=42497, RATIS=41991, RATIS_ADMIN=41991, RATIS_SERVER=41991, STANDALONE=45247], networkLocation: /default-rack, certSerialId: null, persistedOpState: IN_SERVICE, persistedOpStateExpiryEpochSec: 0}.
2022-06-25 01:03:20,187 [ReplicationMonitor] INFO  replication.LegacyReplicationManager (LegacyReplicationManager.java:sendCloseCommand(1508)) - Sending close container command for container #6 to datanode ad74f3b2-c092-43ca-befa-d99c208edbaf{ip: 10.1.0.8, host: fv-az66-546.vwcdieab4koerntclszyavmfxa.dx.internal.cloudapp.net, ports: [REPLICATION=45511, RATIS=46867, RATIS_ADMIN=46867, RATIS_SERVER=46867, STANDALONE=34703], networkLocation: /default-rack, certSerialId: null, persistedOpState: IN_SERVICE, persistedOpStateExpiryEpochSec: 0}.
2022-06-25 01:03:20,187 [ReplicationMonitor] INFO  replication.LegacyReplicationManager (LegacyReplicationManager.java:sendCloseCommand(1508)) - Sending close container command for container #6 to datanode 98ebfad8-d5dc-46a2-9e40-7ac48868c3c4{ip: 10.1.0.8, host: fv-az66-546.vwcdieab4koerntclszyavmfxa.dx.internal.cloudapp.net, ports: [REPLICATION=43537, RATIS=34569, RATIS_ADMIN=34569, RATIS_SERVER=34569, STANDALONE=39783], networkLocation: /default-rack, certSerialId: null, persistedOpState: IN_SERVICE, persistedOpStateExpiryEpochSec: 0}.
2022-06-25 01:03:20,187 [ReplicationMonitor] INFO  replication.LegacyReplicationManager (LegacyReplicationManager.java:sendCloseCommand(1508)) - Sending close container command for container #6 to datanode 1a57f128-5fc1-45db-894e-2ffd043cedb3{ip: 10.1.0.8, host: fv-az66-546.vwcdieab4koerntclszyavmfxa.dx.internal.cloudapp.net, ports: [REPLICATION=42497, RATIS=41991, RATIS_ADMIN=41991, RATIS_SERVER=41991, STANDALONE=45247], networkLocation: /default-rack, certSerialId: null, persistedOpState: IN_SERVICE, persistedOpStateExpiryEpochSec: 0}.
2022-06-25 01:03:20,187 [ReplicationMonitor] INFO  replication.ReplicationManager (ReplicationManager.java:processAll(249)) - Replication Monitor Thread took 1 milliseconds for processing 6 containers.
2022-06-25 01:03:20,193 [DatanodeAdminManager-0] INFO  node.DatanodeAdminMonitorImpl (DatanodeAdminMonitorImpl.java:run(148)) - There are 1 nodes tracked for decommission and maintenance. 0 pending nodes.
2022-06-25 01:03:20,211 [Command processor thread] INFO  server.RaftServer (RaftServerProxy.java:remove(107)) - 1a57f128-5fc1-45db-894e-2ffd043cedb3: remove  FOLLOWER 1a57f128-5fc1-45db-894e-2ffd043cedb3@group-D50926BF33AA:t2, leader=98ebfad8-d5dc-46a2-9e40-7ac48868c3c4, voted=98ebfad8-d5dc-46a2-9e40-7ac48868c3c4, raftlog=1a57f128-5fc1-45db-894e-2ffd043cedb3@group-D50926BF33AA-SegmentedRaftLog:OPENED:c34, conf=0: [ad74f3b2-c092-43ca-befa-d99c208edbaf|rpc:10.1.0.8:46867|dataStream:|priority:0, 1a57f128-5fc1-45db-894e-2ffd043cedb3|rpc:10.1.0.8:41991|dataStream:|priority:0, 98ebfad8-d5dc-46a2-9e40-7ac48868c3c4|rpc:10.1.0.8:34569|dataStream:|priority:1], old=null RUNNING
2022-06-25 01:03:20,213 [Command processor thread] INFO  server.RaftServer$Division (RaftServerImpl.java:lambda$close$4(434)) - 1a57f128-5fc1-45db-894e-2ffd043cedb3@group-D50926BF33AA: shutdown
2022-06-25 01:03:20,213 [Command processor thread] INFO  util.JmxRegister (JmxRegister.java:unregister(73)) - Successfully un-registered JMX Bean with object name Ratis:service=RaftServer,group=group-D50926BF33AA,id=1a57f128-5fc1-45db-894e-2ffd043cedb3
2022-06-25 01:03:20,213 [Command processor thread] INFO  impl.RoleInfo (RoleInfo.java:shutdownFollowerState(110)) - 1a57f128-5fc1-45db-894e-2ffd043cedb3: shutdown 1a57f128-5fc1-45db-894e-2ffd043cedb3@group-D50926BF33AA-FollowerState
2022-06-25 01:03:20,214 [1a57f128-5fc1-45db-894e-2ffd043cedb3@group-D50926BF33AA-StateMachineUpdater] INFO  ratis.ContainerStateMachine (ContainerStateMachine.java:takeSnapshot(304)) - group-D50926BF33AA: Taking a snapshot at:(t:2, i:34) file /home/runner/work/ozone/ozone/hadoop-ozone/integration-test/target/test-dir/MiniOzoneClusterImpl-c4196b3a-7304-418b-bc70-42ac552e857c/datanode-5/data/ratis/2b1466c7-667c-479e-a9d9-d50926bf33aa/sm/snapshot.2_34
2022-06-25 01:03:20,216 [1a57f128-5fc1-45db-894e-2ffd043cedb3@group-D50926BF33AA-FollowerState] INFO  impl.FollowerState (FollowerState.java:run(152)) - 1a57f128-5fc1-45db-894e-2ffd043cedb3@group-D50926BF33AA-FollowerState was interrupted
2022-06-25 01:03:20,214 [Command processor thread] INFO  impl.StateMachineUpdater (StateMachineUpdater.java:stopAndJoin(153)) - 1a57f128-5fc1-45db-894e-2ffd043cedb3@group-D50926BF33AA-StateMachineUpdater: set stopIndex = 34
2022-06-25 01:03:20,242 [Command processor thread] INFO  server.RaftServer (RaftServerProxy.java:remove(107)) - ad74f3b2-c092-43ca-befa-d99c208edbaf: remove  FOLLOWER ad74f3b2-c092-43ca-befa-d99c208edbaf@group-D50926BF33AA:t2, leader=98ebfad8-d5dc-46a2-9e40-7ac48868c3c4, voted=ad74f3b2-c092-43ca-befa-d99c208edbaf, raftlog=ad74f3b2-c092-43ca-befa-d99c208edbaf@group-D50926BF33AA-SegmentedRaftLog:OPENED:c34, conf=0: [ad74f3b2-c092-43ca-befa-d99c208edbaf|rpc:10.1.0.8:46867|dataStream:|priority:0, 1a57f128-5fc1-45db-894e-2ffd043cedb3|rpc:10.1.0.8:41991|dataStream:|priority:0, 98ebfad8-d5dc-46a2-9e40-7ac48868c3c4|rpc:10.1.0.8:34569|dataStream:|priority:1], old=null RUNNING
2022-06-25 01:03:20,242 [Command processor thread] INFO  server.RaftServer$Division (RaftServerImpl.java:lambda$close$4(434)) - ad74f3b2-c092-43ca-befa-d99c208edbaf@group-D50926BF33AA: shutdown
2022-06-25 01:03:20,242 [Command processor thread] INFO  util.JmxRegister (JmxRegister.java:unregister(73)) - Successfully un-registered JMX Bean with object name Ratis:service=RaftServer,group=group-D50926BF33AA,id=ad74f3b2-c092-43ca-befa-d99c208edbaf
2022-06-25 01:03:20,242 [Command processor thread] INFO  impl.RoleInfo (RoleInfo.java:shutdownFollowerState(110)) - ad74f3b2-c092-43ca-befa-d99c208edbaf: shutdown ad74f3b2-c092-43ca-befa-d99c208edbaf@group-D50926BF33AA-FollowerState
2022-06-25 01:03:20,242 [ad74f3b2-c092-43ca-befa-d99c208edbaf@group-D50926BF33AA-FollowerState] INFO  impl.FollowerState (FollowerState.java:run(152)) - ad74f3b2-c092-43ca-befa-d99c208edbaf@group-D50926BF33AA-FollowerState was interrupted
2022-06-25 01:03:20,242 [Command processor thread] INFO  impl.StateMachineUpdater (StateMachineUpdater.java:stopAndJoin(153)) - ad74f3b2-c092-43ca-befa-d99c208edbaf@group-D50926BF33AA-StateMachineUpdater: set stopIndex = 34
2022-06-25 01:03:20,243 [ad74f3b2-c092-43ca-befa-d99c208edbaf@group-D50926BF33AA-StateMachineUpdater] INFO  ratis.ContainerStateMachine (ContainerStateMachine.java:takeSnapshot(304)) - group-D50926BF33AA: Taking a snapshot at:(t:2, i:34) file /home/runner/work/ozone/ozone/hadoop-ozone/integration-test/target/test-dir/MiniOzoneClusterImpl-c4196b3a-7304-418b-bc70-42ac552e857c/datanode-4/data/ratis/2b1466c7-667c-479e-a9d9-d50926bf33aa/sm/snapshot.2_34
2022-06-25 01:03:20,249 [IPC Server handler 16 on default port 32783] INFO  node.SCMNodeManager (SCMNodeManager.java:updateDatanodeOpState(545)) - Scheduling a command to update the operationalState persisted on ad74f3b2-c092-43ca-befa-d99c208edbaf{ip: 10.1.0.8, host: fv-az66-546.vwcdieab4koerntclszyavmfxa.dx.internal.cloudapp.net, ports: [REPLICATION=45511, RATIS=46867, RATIS_ADMIN=46867, RATIS_SERVER=46867, STANDALONE=34703], networkLocation: /default-rack, certSerialId: null, persistedOpState: null, persistedOpStateExpiryEpochSec: 0} as the reported value does not match the value stored in SCM (DECOMMISSIONING, 0)
2022-06-25 01:03:20,250 [EventQueue-PipelineReportForPipelineReportHandler] INFO  pipeline.PipelineReportHandler (PipelineReportHandler.java:processPipelineReport(113)) - Reported pipeline PipelineID=2b1466c7-667c-479e-a9d9-d50926bf33aa is not found
2022-06-25 01:03:20,250 [EventQueue-PipelineReportForPipelineReportHandler] INFO  pipeline.PipelineReportHandler (PipelineReportHandler.java:processPipelineReport(113)) - Reported pipeline PipelineID=0f075fbb-840e-4b65-ba61-909fdbcecd31 is not found
2022-06-25 01:03:20,258 [1a57f128-5fc1-45db-894e-2ffd043cedb3@group-D50926BF33AA-StateMachineUpdater] INFO  ratis.ContainerStateMachine (ContainerStateMachine.java:takeSnapshot(315)) - group-D50926BF33AA: Finished taking a snapshot at:(t:2, i:34) file:/home/runner/work/ozone/ozone/hadoop-ozone/integration-test/target/test-dir/MiniOzoneClusterImpl-c4196b3a-7304-418b-bc70-42ac552e857c/datanode-5/data/ratis/2b1466c7-667c-479e-a9d9-d50926bf33aa/sm/snapshot.2_34 took: 44 ms
2022-06-25 01:03:20,258 [ad74f3b2-c092-43ca-befa-d99c208edbaf@group-D50926BF33AA-StateMachineUpdater] INFO  ratis.ContainerStateMachine (ContainerStateMachine.java:takeSnapshot(315)) - group-D50926BF33AA: Finished taking a snapshot at:(t:2, i:34) file:/home/runner/work/ozone/ozone/hadoop-ozone/integration-test/target/test-dir/MiniOzoneClusterImpl-c4196b3a-7304-418b-bc70-42ac552e857c/datanode-4/data/ratis/2b1466c7-667c-479e-a9d9-d50926bf33aa/sm/snapshot.2_34 took: 15 ms
2022-06-25 01:03:20,260 [1a57f128-5fc1-45db-894e-2ffd043cedb3@group-D50926BF33AA-StateMachineUpdater] INFO  impl.StateMachineUpdater (StateMachineUpdater.java:takeSnapshot(287)) - 1a57f128-5fc1-45db-894e-2ffd043cedb3@group-D50926BF33AA-StateMachineUpdater: Took a snapshot at index 34
2022-06-25 01:03:20,260 [1a57f128-5fc1-45db-894e-2ffd043cedb3@group-D50926BF33AA-StateMachineUpdater] INFO  impl.StateMachineUpdater (StateMachineUpdater.java:lambda$new$0(92)) - 1a57f128-5fc1-45db-894e-2ffd043cedb3@group-D50926BF33AA-StateMachineUpdater: snapshotIndex: updateIncreasingly -1 -> 34
2022-06-25 01:03:20,260 [ad74f3b2-c092-43ca-befa-d99c208edbaf@group-D50926BF33AA-StateMachineUpdater] INFO  impl.StateMachineUpdater (StateMachineUpdater.java:takeSnapshot(287)) - ad74f3b2-c092-43ca-befa-d99c208edbaf@group-D50926BF33AA-StateMachineUpdater: Took a snapshot at index 34
2022-06-25 01:03:20,260 [ad74f3b2-c092-43ca-befa-d99c208edbaf@group-D50926BF33AA-StateMachineUpdater] INFO  impl.StateMachineUpdater (StateMachineUpdater.java:lambda$new$0(92)) - ad74f3b2-c092-43ca-befa-d99c208edbaf@group-D50926BF33AA-StateMachineUpdater: snapshotIndex: updateIncreasingly -1 -> 34
2022-06-25 01:03:20,266 [Command processor thread] INFO  server.RaftServer$Division (ServerState.java:close(429)) - 1a57f128-5fc1-45db-894e-2ffd043cedb3@group-D50926BF33AA: closes. applyIndex: 34
2022-06-25 01:03:20,268 [1a57f128-5fc1-45db-894e-2ffd043cedb3@group-D50926BF33AA-SegmentedRaftLogWorker] INFO  segmented.SegmentedRaftLogWorker (SegmentedRaftLogWorker.java:run(336)) - 1a57f128-5fc1-45db-894e-2ffd043cedb3@group-D50926BF33AA-SegmentedRaftLogWorker was interrupted, exiting. There are 0 tasks remaining in the queue.
2022-06-25 01:03:20,268 [Command processor thread] INFO  segmented.SegmentedRaftLogWorker (SegmentedRaftLogWorker.java:close(246)) - 1a57f128-5fc1-45db-894e-2ffd043cedb3@group-D50926BF33AA-SegmentedRaftLogWorker close()
2022-06-25 01:03:20,270 [Command processor thread] INFO  server.RaftServer$Division (ServerState.java:close(429)) - ad74f3b2-c092-43ca-befa-d99c208edbaf@group-D50926BF33AA: closes. applyIndex: 34
2022-06-25 01:03:20,271 [ad74f3b2-c092-43ca-befa-d99c208edbaf@group-D50926BF33AA-SegmentedRaftLogWorker] INFO  segmented.SegmentedRaftLogWorker (SegmentedRaftLogWorker.java:run(336)) - ad74f3b2-c092-43ca-befa-d99c208edbaf@group-D50926BF33AA-SegmentedRaftLogWorker was interrupted, exiting. There are 0 tasks remaining in the queue.
2022-06-25 01:03:20,272 [Command processor thread] INFO  segmented.SegmentedRaftLogWorker (SegmentedRaftLogWorker.java:close(246)) - ad74f3b2-c092-43ca-befa-d99c208edbaf@group-D50926BF33AA-SegmentedRaftLogWorker close()
2022-06-25 01:03:20,279 [IPC Server handler 6 on default port 32783] INFO  node.SCMNodeManager (SCMNodeManager.java:updateDatanodeOpState(545)) - Scheduling a command to update the operationalState persisted on ad74f3b2-c092-43ca-befa-d99c208edbaf{ip: 10.1.0.8, host: fv-az66-546.vwcdieab4koerntclszyavmfxa.dx.internal.cloudapp.net, ports: [REPLICATION=45511, RATIS=46867, RATIS_ADMIN=46867, RATIS_SERVER=46867, STANDALONE=34703], networkLocation: /default-rack, certSerialId: null, persistedOpState: null, persistedOpStateExpiryEpochSec: 0} as the reported value does not match the value stored in SCM (DECOMMISSIONING, 0)
2022-06-25 01:03:20,283 [Command processor thread] INFO  keyvalue.KeyValueContainer (KeyValueContainer.java:flushAndSyncDB(431)) - Container 1 is synced with bcsId 26.
2022-06-25 01:03:20,283 [Command processor thread] INFO  keyvalue.KeyValueContainer (KeyValueContainer.java:flushAndSyncDB(431)) - Container 1 is synced with bcsId 26.
2022-06-25 01:03:20,285 [Command processor thread] INFO  keyvalue.KeyValueContainer (KeyValueContainer.java:flushAndSyncDB(431)) - Container 1 is synced with bcsId 26.
2022-06-25 01:03:20,286 [Command processor thread] INFO  keyvalue.KeyValueContainer (KeyValueContainer.java:flushAndSyncDB(431)) - Container 1 is synced with bcsId 26.
2022-06-25 01:03:20,287 [IPC Server handler 3 on default port 32783] INFO  node.SCMNodeManager (SCMNodeManager.java:updateDatanodeOpState(545)) - Scheduling a command to update the operationalState persisted on ad74f3b2-c092-43ca-befa-d99c208edbaf{ip: 10.1.0.8, host: fv-az66-546.vwcdieab4koerntclszyavmfxa.dx.internal.cloudapp.net, ports: [REPLICATION=45511, RATIS=46867, RATIS_ADMIN=46867, RATIS_SERVER=46867, STANDALONE=34703], networkLocation: /default-rack, certSerialId: null, persistedOpState: null, persistedOpStateExpiryEpochSec: 0} as the reported value does not match the value stored in SCM (DECOMMISSIONING, 0)
2022-06-25 01:03:20,287 [FixedThreadPoolWithAffinityExecutor-9-0] INFO  container.IncrementalContainerReportHandler (AbstractContainerReportHandler.java:updateContainerState(281)) - Moving container #1 to QUASI_CLOSED state, datanode ad74f3b2-c092-43ca-befa-d99c208edbaf{ip: 10.1.0.8, host: fv-az66-546.vwcdieab4koerntclszyavmfxa.dx.internal.cloudapp.net, ports: [REPLICATION=45511, RATIS=46867, RATIS_ADMIN=46867, RATIS_SERVER=46867, STANDALONE=34703], networkLocation: /default-rack, certSerialId: null, persistedOpState: IN_SERVICE, persistedOpStateExpiryEpochSec: 0} reported QUASI_CLOSED replica.
2022-06-25 01:03:20,295 [IPC Server handler 0 on default port 32783] INFO  node.SCMNodeManager (SCMNodeManager.java:updateDatanodeOpState(545)) - Scheduling a command to update the operationalState persisted on ad74f3b2-c092-43ca-befa-d99c208edbaf{ip: 10.1.0.8, host: fv-az66-546.vwcdieab4koerntclszyavmfxa.dx.internal.cloudapp.net, ports: [REPLICATION=45511, RATIS=46867, RATIS_ADMIN=46867, RATIS_SERVER=46867, STANDALONE=34703], networkLocation: /default-rack, certSerialId: null, persistedOpState: null, persistedOpStateExpiryEpochSec: 0} as the reported value does not match the value stored in SCM (DECOMMISSIONING, 0)
2022-06-25 01:03:20,298 [Command processor thread] INFO  keyvalue.KeyValueContainer (KeyValueContainer.java:flushAndSyncDB(431)) - Container 4 is synced with bcsId 30.
2022-06-25 01:03:20,298 [Command processor thread] INFO  keyvalue.KeyValueContainer (KeyValueContainer.java:flushAndSyncDB(431)) - Container 4 is synced with bcsId 30.
2022-06-25 01:03:20,301 [IPC Server handler 12 on default port 32783] INFO  node.SCMNodeManager (SCMNodeManager.java:updateDatanodeOpState(545)) - Scheduling a command to update the operationalState persisted on ad74f3b2-c092-43ca-befa-d99c208edbaf{ip: 10.1.0.8, host: fv-az66-546.vwcdieab4koerntclszyavmfxa.dx.internal.cloudapp.net, ports: [REPLICATION=45511, RATIS=46867, RATIS_ADMIN=46867, RATIS_SERVER=46867, STANDALONE=34703], networkLocation: /default-rack, certSerialId: null, persistedOpState: null, persistedOpStateExpiryEpochSec: 0} as the reported value does not match the value stored in SCM (DECOMMISSIONING, 0)
2022-06-25 01:03:20,301 [FixedThreadPoolWithAffinityExecutor-0-0] INFO  container.IncrementalContainerReportHandler (AbstractContainerReportHandler.java:updateContainerState(281)) - Moving container #4 to QUASI_CLOSED state, datanode ad74f3b2-c092-43ca-befa-d99c208edbaf{ip: 10.1.0.8, host: fv-az66-546.vwcdieab4koerntclszyavmfxa.dx.internal.cloudapp.net, ports: [REPLICATION=45511, RATIS=46867, RATIS_ADMIN=46867, RATIS_SERVER=46867, STANDALONE=34703], networkLocation: /default-rack, certSerialId: null, persistedOpState: IN_SERVICE, persistedOpStateExpiryEpochSec: 0} reported QUASI_CLOSED replica.
2022-06-25 01:03:20,305 [Command processor thread] INFO  keyvalue.KeyValueContainer (KeyValueContainer.java:flushAndSyncDB(431)) - Container 4 is synced with bcsId 30.
2022-06-25 01:03:20,305 [Command processor thread] INFO  keyvalue.KeyValueContainer (KeyValueContainer.java:flushAndSyncDB(431)) - Container 4 is synced with bcsId 30.
2022-06-25 01:03:20,308 [IPC Server handler 10 on default port 32783] INFO  node.SCMNodeManager (SCMNodeManager.java:updateDatanodeOpState(545)) - Scheduling a command to update the operationalState persisted on ad74f3b2-c092-43ca-befa-d99c208edbaf{ip: 10.1.0.8, host: fv-az66-546.vwcdieab4koerntclszyavmfxa.dx.internal.cloudapp.net, ports: [REPLICATION=45511, RATIS=46867, RATIS_ADMIN=46867, RATIS_SERVER=46867, STANDALONE=34703], networkLocation: /default-rack, certSerialId: null, persistedOpState: null, persistedOpStateExpiryEpochSec: 0} as the reported value does not match the value stored in SCM (DECOMMISSIONING, 0)
2022-06-25 01:03:20,313 [Command processor thread] INFO  keyvalue.KeyValueContainer (KeyValueContainer.java:flushAndSyncDB(431)) - Container 6 is synced with bcsId 34.
2022-06-25 01:03:20,313 [Command processor thread] INFO  keyvalue.KeyValueContainer (KeyValueContainer.java:flushAndSyncDB(431)) - Container 6 is synced with bcsId 34.
2022-06-25 01:03:20,317 [IPC Server handler 8 on default port 32783] INFO  node.SCMNodeManager (SCMNodeManager.java:updateDatanodeOpState(545)) - Scheduling a command to update the operationalState persisted on ad74f3b2-c092-43ca-befa-d99c208edbaf{ip: 10.1.0.8, host: fv-az66-546.vwcdieab4koerntclszyavmfxa.dx.internal.cloudapp.net, ports: [REPLICATION=45511, RATIS=46867, RATIS_ADMIN=46867, RATIS_SERVER=46867, STANDALONE=34703], networkLocation: /default-rack, certSerialId: null, persistedOpState: null, persistedOpStateExpiryEpochSec: 0} as the reported value does not match the value stored in SCM (DECOMMISSIONING, 0)
2022-06-25 01:03:20,317 [FixedThreadPoolWithAffinityExecutor-9-0] INFO  container.IncrementalContainerReportHandler (AbstractContainerReportHandler.java:updateContainerState(281)) - Moving container #6 to QUASI_CLOSED state, datanode ad74f3b2-c092-43ca-befa-d99c208edbaf{ip: 10.1.0.8, host: fv-az66-546.vwcdieab4koerntclszyavmfxa.dx.internal.cloudapp.net, ports: [REPLICATION=45511, RATIS=46867, RATIS_ADMIN=46867, RATIS_SERVER=46867, STANDALONE=34703], networkLocation: /default-rack, certSerialId: null, persistedOpState: IN_SERVICE, persistedOpStateExpiryEpochSec: 0} reported QUASI_CLOSED replica.
2022-06-25 01:03:20,319 [Command processor thread] INFO  keyvalue.KeyValueContainer (KeyValueContainer.java:flushAndSyncDB(431)) - Container 6 is synced with bcsId 34.
2022-06-25 01:03:20,319 [Command processor thread] INFO  keyvalue.KeyValueContainer (KeyValueContainer.java:flushAndSyncDB(431)) - Container 6 is synced with bcsId 34.
2022-06-25 01:03:20,325 [Command processor thread] INFO  server.RaftServer$Division (RaftServerImpl.java:groupRemove(404)) - ad74f3b2-c092-43ca-befa-d99c208edbaf@group-D50926BF33AA: Succeed to remove RaftStorageDirectory Storage Directory /home/runner/work/ozone/ozone/hadoop-ozone/integration-test/target/test-dir/MiniOzoneClusterImpl-c4196b3a-7304-418b-bc70-42ac552e857c/datanode-4/data/ratis/2b1466c7-667c-479e-a9d9-d50926bf33aa
2022-06-25 01:03:20,325 [Command processor thread] INFO  commandhandler.ClosePipelineCommandHandler (ClosePipelineCommandHandler.java:handle(78)) - Close Pipeline PipelineID=2b1466c7-667c-479e-a9d9-d50926bf33aa command on datanode ad74f3b2-c092-43ca-befa-d99c208edbaf.
2022-06-25 01:03:20,326 [Command processor thread] INFO  server.RaftServer (RaftServerProxy.java:remove(107)) - ad74f3b2-c092-43ca-befa-d99c208edbaf: remove    LEADER ad74f3b2-c092-43ca-befa-d99c208edbaf@group-909FDBCECD31:t1, leader=ad74f3b2-c092-43ca-befa-d99c208edbaf, voted=ad74f3b2-c092-43ca-befa-d99c208edbaf, raftlog=ad74f3b2-c092-43ca-befa-d99c208edbaf@group-909FDBCECD31-SegmentedRaftLog:OPENED:c0, conf=0: [ad74f3b2-c092-43ca-befa-d99c208edbaf|rpc:10.1.0.8:46867|dataStream:|priority:1], old=null RUNNING
2022-06-25 01:03:20,326 [Command processor thread] INFO  server.RaftServer$Division (RaftServerImpl.java:lambda$close$4(434)) - ad74f3b2-c092-43ca-befa-d99c208edbaf@group-909FDBCECD31: shutdown
2022-06-25 01:03:20,326 [Command processor thread] INFO  util.JmxRegister (JmxRegister.java:unregister(73)) - Successfully un-registered JMX Bean with object name Ratis:service=RaftServer,group=group-909FDBCECD31,id=ad74f3b2-c092-43ca-befa-d99c208edbaf
2022-06-25 01:03:20,326 [Command processor thread] INFO  impl.RoleInfo (RoleInfo.java:shutdownLeaderState(93)) - ad74f3b2-c092-43ca-befa-d99c208edbaf: shutdown ad74f3b2-c092-43ca-befa-d99c208edbaf@group-909FDBCECD31-LeaderStateImpl
2022-06-25 01:03:20,327 [Command processor thread] INFO  impl.PendingRequests (PendingRequests.java:sendNotLeaderResponses(282)) - ad74f3b2-c092-43ca-befa-d99c208edbaf@group-909FDBCECD31-PendingRequests: sendNotLeaderResponses
2022-06-25 01:03:20,328 [Command processor thread] INFO  server.RaftServer$Division (RaftServerImpl.java:groupRemove(404)) - 1a57f128-5fc1-45db-894e-2ffd043cedb3@group-D50926BF33AA: Succeed to remove RaftStorageDirectory Storage Directory /home/runner/work/ozone/ozone/hadoop-ozone/integration-test/target/test-dir/MiniOzoneClusterImpl-c4196b3a-7304-418b-bc70-42ac552e857c/datanode-5/data/ratis/2b1466c7-667c-479e-a9d9-d50926bf33aa
2022-06-25 01:03:20,328 [Command processor thread] INFO  commandhandler.ClosePipelineCommandHandler (ClosePipelineCommandHandler.java:handle(78)) - Close Pipeline PipelineID=2b1466c7-667c-479e-a9d9-d50926bf33aa command on datanode 1a57f128-5fc1-45db-894e-2ffd043cedb3.
2022-06-25 01:03:20,332 [Command processor thread] INFO  impl.StateMachineUpdater (StateMachineUpdater.java:stopAndJoin(153)) - ad74f3b2-c092-43ca-befa-d99c208edbaf@group-909FDBCECD31-StateMachineUpdater: set stopIndex = 0
2022-06-25 01:03:20,332 [ad74f3b2-c092-43ca-befa-d99c208edbaf@group-909FDBCECD31-StateMachineUpdater] INFO  ratis.ContainerStateMachine (ContainerStateMachine.java:takeSnapshot(304)) - group-909FDBCECD31: Taking a snapshot at:(t:1, i:0) file /home/runner/work/ozone/ozone/hadoop-ozone/integration-test/target/test-dir/MiniOzoneClusterImpl-c4196b3a-7304-418b-bc70-42ac552e857c/datanode-4/data/ratis/0f075fbb-840e-4b65-ba61-909fdbcecd31/sm/snapshot.1_0
2022-06-25 01:03:20,334 [ad74f3b2-c092-43ca-befa-d99c208edbaf@group-909FDBCECD31-StateMachineUpdater] INFO  ratis.ContainerStateMachine (ContainerStateMachine.java:takeSnapshot(315)) - group-909FDBCECD31: Finished taking a snapshot at:(t:1, i:0) file:/home/runner/work/ozone/ozone/hadoop-ozone/integration-test/target/test-dir/MiniOzoneClusterImpl-c4196b3a-7304-418b-bc70-42ac552e857c/datanode-4/data/ratis/0f075fbb-840e-4b65-ba61-909fdbcecd31/sm/snapshot.1_0 took: 1 ms
2022-06-25 01:03:20,334 [ad74f3b2-c092-43ca-befa-d99c208edbaf@group-909FDBCECD31-StateMachineUpdater] INFO  impl.StateMachineUpdater (StateMachineUpdater.java:takeSnapshot(287)) - ad74f3b2-c092-43ca-befa-d99c208edbaf@group-909FDBCECD31-StateMachineUpdater: Took a snapshot at index 0
2022-06-25 01:03:20,334 [ad74f3b2-c092-43ca-befa-d99c208edbaf@group-909FDBCECD31-StateMachineUpdater] INFO  impl.StateMachineUpdater (StateMachineUpdater.java:lambda$new$0(92)) - ad74f3b2-c092-43ca-befa-d99c208edbaf@group-909FDBCECD31-StateMachineUpdater: snapshotIndex: updateIncreasingly -1 -> 0
2022-06-25 01:03:20,334 [Command processor thread] INFO  server.RaftServer$Division (ServerState.java:close(429)) - ad74f3b2-c092-43ca-befa-d99c208edbaf@group-909FDBCECD31: closes. applyIndex: 0
2022-06-25 01:03:20,334 [ad74f3b2-c092-43ca-befa-d99c208edbaf@group-909FDBCECD31-SegmentedRaftLogWorker] INFO  segmented.SegmentedRaftLogWorker (SegmentedRaftLogWorker.java:run(336)) - ad74f3b2-c092-43ca-befa-d99c208edbaf@group-909FDBCECD31-SegmentedRaftLogWorker was interrupted, exiting. There are 0 tasks remaining in the queue.
2022-06-25 01:03:20,335 [Command processor thread] INFO  segmented.SegmentedRaftLogWorker (SegmentedRaftLogWorker.java:close(246)) - ad74f3b2-c092-43ca-befa-d99c208edbaf@group-909FDBCECD31-SegmentedRaftLogWorker close()
2022-06-25 01:03:20,337 [Command processor thread] INFO  server.RaftServer$Division (RaftServerImpl.java:groupRemove(404)) - ad74f3b2-c092-43ca-befa-d99c208edbaf@group-909FDBCECD31: Succeed to remove RaftStorageDirectory Storage Directory /home/runner/work/ozone/ozone/hadoop-ozone/integration-test/target/test-dir/MiniOzoneClusterImpl-c4196b3a-7304-418b-bc70-42ac552e857c/datanode-4/data/ratis/0f075fbb-840e-4b65-ba61-909fdbcecd31
2022-06-25 01:03:20,337 [Command processor thread] INFO  commandhandler.ClosePipelineCommandHandler (ClosePipelineCommandHandler.java:handle(78)) - Close Pipeline PipelineID=0f075fbb-840e-4b65-ba61-909fdbcecd31 command on datanode ad74f3b2-c092-43ca-befa-d99c208edbaf.
2022-06-25 01:03:20,390 [ReplicationMonitor] INFO  replication.ReplicationManager (ReplicationManager.java:processAll(228)) - Replication Manager is not ready to run until 3000ms after safemode exit
2022-06-25 01:03:20,714 [EndpointStateMachine task thread for /0.0.0.0:39825 - 0 ] INFO  volume.HddsVolume (HddsVolume.java:createDbStore(309)) - SchemaV3 db is created and loaded at /home/runner/work/ozone/ozone/hadoop-ozone/integration-test/target/test-dir/MiniOzoneClusterImpl-7d041fb5-2049-42d4-ae67-c17d724e960a/datanode-2/data-0/containers/hdds/7d041fb5-2049-42d4-ae67-c17d724e960a/DS-75723422-f23a-4de1-a453-982ffdd68011/container.db for volume DS-75723422-f23a-4de1-a453-982ffdd68011
2022-06-25 01:03:20,714 [EndpointStateMachine task thread for /0.0.0.0:39825 - 0 ] INFO  volume.HddsVolume (HddsVolume.java:closeDbStore(340)) - SchemaV3 db is stopped at /home/runner/work/ozone/ozone/hadoop-ozone/integration-test/target/test-dir/MiniOzoneClusterImpl-7d041fb5-2049-42d4-ae67-c17d724e960a/datanode-2/data-0/containers/hdds/7d041fb5-2049-42d4-ae67-c17d724e960a/DS-75723422-f23a-4de1-a453-982ffdd68011/container.db for volume DS-75723422-f23a-4de1-a453-982ffdd68011
2022-06-25 01:03:20,714 [EndpointStateMachine task thread for /0.0.0.0:39825 - 0 ] INFO  ozoneimpl.OzoneContainer (OzoneContainer.java:start(344)) - Attempting to start container services.
2022-06-25 01:03:20,714 [EndpointStateMachine task thread for /0.0.0.0:39825 - 0 ] INFO  ozoneimpl.OzoneContainer (OzoneContainer.java:startContainerScrub(279)) - Background container scanner has been disabled.
2022-06-25 01:03:20,717 [EndpointStateMachine task thread for /0.0.0.0:39825 - 0 ] INFO  replication.ReplicationServer (ReplicationServer.java:start(111)) - ReplicationServer is started using port 46209
2022-06-25 01:03:20,718 [EndpointStateMachine task thread for /0.0.0.0:39825 - 0 ] INFO  ratis.XceiverServerRatis (XceiverServerRatis.java:start(481)) - Starting XceiverServerRatis 6ea96d82-acb4-4d53-969d-852ff983a9a8
2022-06-25 01:03:20,727 [EndpointStateMachine task thread for /0.0.0.0:39825 - 0 ] INFO  server.RaftServer (RaftServerProxy.java:lambda$start$6(382)) - 6ea96d82-acb4-4d53-969d-852ff983a9a8: start RPC server
2022-06-25 01:03:20,729 [EndpointStateMachine task thread for /0.0.0.0:39825 - 0 ] INFO  server.GrpcService (GrpcService.java:startImpl(260)) - 6ea96d82-acb4-4d53-969d-852ff983a9a8: GrpcService started, listening on 38885
2022-06-25 01:03:20,729 [EndpointStateMachine task thread for /0.0.0.0:39825 - 0 ] INFO  ratis.XceiverServerRatis (XceiverServerRatis.java:getRealPort(502)) - XceiverServerRatis 6ea96d82-acb4-4d53-969d-852ff983a9a8 is started using port 38885 for RATIS
2022-06-25 01:03:20,730 [EndpointStateMachine task thread for /0.0.0.0:39825 - 0 ] INFO  ratis.XceiverServerRatis (XceiverServerRatis.java:getRealPort(502)) - XceiverServerRatis 6ea96d82-acb4-4d53-969d-852ff983a9a8 is started using port 38885 for RATIS_ADMIN
2022-06-25 01:03:20,730 [EndpointStateMachine task thread for /0.0.0.0:39825 - 0 ] INFO  ratis.XceiverServerRatis (XceiverServerRatis.java:getRealPort(502)) - XceiverServerRatis 6ea96d82-acb4-4d53-969d-852ff983a9a8 is started using port 38885 for RATIS_SERVER
2022-06-25 01:03:20,730 [org.apache.ratis.util.JvmPauseMonitor$$Lambda$706/1141522042@2aaf8fa7] INFO  util.JvmPauseMonitor (JvmPauseMonitor.java:run(103)) - JvmPauseMonitor-6ea96d82-acb4-4d53-969d-852ff983a9a8: Started
2022-06-25 01:03:20,737 [EndpointStateMachine task thread for /0.0.0.0:39825 - 0 ] INFO  server.XceiverServerGrpc (XceiverServerGrpc.java:start(180)) - XceiverServerGrpc 6ea96d82-acb4-4d53-969d-852ff983a9a8 is started using port 35219
2022-06-25 01:03:20,833 [Listener at 127.0.0.1/35937] INFO  ozone.MiniOzoneClusterImpl (MiniOzoneClusterImpl.java:lambda$waitForClusterToBeReady$0(223)) - Waiting for nodes to be ready. Got 0 of 6 DN Heartbeats.
2022-06-25 01:03:20,833 [Listener at 127.0.0.1/35937] INFO  ozone.MiniOzoneClusterImpl (MiniOzoneClusterImpl.java:lambda$waitForClusterToBeReady$0(226)) - Waiting for cluster to exit safe mode
2022-06-25 01:03:20,833 [Listener at 127.0.0.1/35937] INFO  ozone.MiniOzoneClusterImpl (MiniOzoneClusterImpl.java:lambda$waitForClusterToBeReady$0(228)) - SCM became leader
2022-06-25 01:03:21,108 [EndpointStateMachine task thread for /0.0.0.0:39825 - 0 ] INFO  volume.HddsVolume (HddsVolume.java:createDbStore(309)) - SchemaV3 db is created and loaded at /home/runner/work/ozone/ozone/hadoop-ozone/integration-test/target/test-dir/MiniOzoneClusterImpl-7d041fb5-2049-42d4-ae67-c17d724e960a/datanode-3/data-0/containers/hdds/7d041fb5-2049-42d4-ae67-c17d724e960a/DS-03bc05f3-021e-48fa-bc82-7b419e1101e4/container.db for volume DS-03bc05f3-021e-48fa-bc82-7b419e1101e4
2022-06-25 01:03:21,108 [EndpointStateMachine task thread for /0.0.0.0:39825 - 0 ] INFO  volume.HddsVolume (HddsVolume.java:closeDbStore(340)) - SchemaV3 db is stopped at /home/runner/work/ozone/ozone/hadoop-ozone/integration-test/target/test-dir/MiniOzoneClusterImpl-7d041fb5-2049-42d4-ae67-c17d724e960a/datanode-3/data-0/containers/hdds/7d041fb5-2049-42d4-ae67-c17d724e960a/DS-03bc05f3-021e-48fa-bc82-7b419e1101e4/container.db for volume DS-03bc05f3-021e-48fa-bc82-7b419e1101e4
2022-06-25 01:03:21,108 [EndpointStateMachine task thread for /0.0.0.0:39825 - 0 ] INFO  ozoneimpl.OzoneContainer (OzoneContainer.java:start(344)) - Attempting to start container services.
2022-06-25 01:03:21,109 [EndpointStateMachine task thread for /0.0.0.0:39825 - 0 ] INFO  ozoneimpl.OzoneContainer (OzoneContainer.java:startContainerScrub(279)) - Background container scanner has been disabled.
2022-06-25 01:03:21,111 [EndpointStateMachine task thread for /0.0.0.0:39825 - 0 ] INFO  replication.ReplicationServer (ReplicationServer.java:start(111)) - ReplicationServer is started using port 45237
2022-06-25 01:03:21,112 [EndpointStateMachine task thread for /0.0.0.0:39825 - 0 ] INFO  ratis.XceiverServerRatis (XceiverServerRatis.java:start(481)) - Starting XceiverServerRatis df1d8881-24e2-4ee3-b76e-d18ef9412a67
2022-06-25 01:03:21,119 [EndpointStateMachine task thread for /0.0.0.0:39825 - 0 ] INFO  server.RaftServer (RaftServerProxy.java:lambda$start$6(382)) - df1d8881-24e2-4ee3-b76e-d18ef9412a67: start RPC server
2022-06-25 01:03:21,120 [EndpointStateMachine task thread for /0.0.0.0:39825 - 0 ] INFO  server.GrpcService (GrpcService.java:startImpl(260)) - df1d8881-24e2-4ee3-b76e-d18ef9412a67: GrpcService started, listening on 33439
2022-06-25 01:03:21,122 [EndpointStateMachine task thread for /0.0.0.0:39825 - 0 ] INFO  ratis.XceiverServerRatis (XceiverServerRatis.java:getRealPort(502)) - XceiverServerRatis df1d8881-24e2-4ee3-b76e-d18ef9412a67 is started using port 33439 for RATIS
2022-06-25 01:03:21,122 [EndpointStateMachine task thread for /0.0.0.0:39825 - 0 ] INFO  ratis.XceiverServerRatis (XceiverServerRatis.java:getRealPort(502)) - XceiverServerRatis df1d8881-24e2-4ee3-b76e-d18ef9412a67 is started using port 33439 for RATIS_ADMIN
2022-06-25 01:03:21,122 [EndpointStateMachine task thread for /0.0.0.0:39825 - 0 ] INFO  ratis.XceiverServerRatis (XceiverServerRatis.java:getRealPort(502)) - XceiverServerRatis df1d8881-24e2-4ee3-b76e-d18ef9412a67 is started using port 33439 for RATIS_SERVER
2022-06-25 01:03:21,122 [org.apache.ratis.util.JvmPauseMonitor$$Lambda$706/1141522042@6e097bb3] INFO  util.JvmPauseMonitor (JvmPauseMonitor.java:run(103)) - JvmPauseMonitor-df1d8881-24e2-4ee3-b76e-d18ef9412a67: Started
2022-06-25 01:03:21,135 [EndpointStateMachine task thread for /0.0.0.0:39825 - 0 ] INFO  server.XceiverServerGrpc (XceiverServerGrpc.java:start(180)) - XceiverServerGrpc df1d8881-24e2-4ee3-b76e-d18ef9412a67 is started using port 36217
2022-06-25 01:03:21,176 [IPC Server handler 2 on default port 39825] INFO  net.NetworkTopologyImpl (NetworkTopologyImpl.java:add(112)) - Added a new node: /default-rack/01c45249-58aa-4080-948c-058f514c67c8
2022-06-25 01:03:21,176 [IPC Server handler 2 on default port 39825] INFO  node.SCMNodeManager (SCMNodeManager.java:register(397)) - Registered Data node : 01c45249-58aa-4080-948c-058f514c67c8{ip: 10.1.0.8, host: fv-az66-546.vwcdieab4koerntclszyavmfxa.dx.internal.cloudapp.net, ports: [REPLICATION=46405, RATIS=37869, RATIS_ADMIN=37869, RATIS_SERVER=37869, STANDALONE=42275], networkLocation: /default-rack, certSerialId: null, persistedOpState: null, persistedOpStateExpiryEpochSec: 0}
2022-06-25 01:03:21,179 [EventQueue-NewNodeForNewNodeHandler] INFO  pipeline.BackgroundPipelineCreator (BackgroundPipelineCreator.java:notifyEventTriggered(275)) - trigger a one-shot run on RatisPipelineUtilsThread.
2022-06-25 01:03:21,180 [RatisPipelineUtilsThread - 0] INFO  pipeline.RatisPipelineProvider (RatisPipelineProvider.java:lambda$create$0(195)) - Sending CreatePipelineCommand for pipeline:PipelineID=73f56109-7a71-446e-bc5e-f0c2666c8bf0 to datanode:01c45249-58aa-4080-948c-058f514c67c8
2022-06-25 01:03:21,180 [EventQueue-NodeRegistrationContainerReportForContainerSafeModeRule] INFO  safemode.SCMSafeModeManager (SCMSafeModeManager.java:validateSafeModeExitRules(204)) - ContainerSafeModeRule rule is successfully validated
2022-06-25 01:03:21,180 [EventQueue-NodeRegistrationContainerReportForDataNodeSafeModeRule] INFO  safemode.SCMSafeModeManager (DataNodeSafeModeRule.java:process(71)) - SCM in safe mode. 1 DataNodes registered, 3 required.
2022-06-25 01:03:21,180 [RatisPipelineUtilsThread - 0] INFO  pipeline.PipelineStateManagerImpl (PipelineStateManagerImpl.java:addPipeline(101)) - Created pipeline Pipeline[ Id: 73f56109-7a71-446e-bc5e-f0c2666c8bf0, Nodes: 01c45249-58aa-4080-948c-058f514c67c8{ip: 10.1.0.8, host: fv-az66-546.vwcdieab4koerntclszyavmfxa.dx.internal.cloudapp.net, ports: [REPLICATION=46405, RATIS=37869, RATIS_ADMIN=37869, RATIS_SERVER=37869, STANDALONE=42275], networkLocation: /default-rack, certSerialId: null, persistedOpState: IN_SERVICE, persistedOpStateExpiryEpochSec: 0}, ReplicationConfig: RATIS/ONE, State:ALLOCATED, leaderId:, CreationTimestamp2022-06-25T01:03:21.179Z[Etc/UTC]].
2022-06-25 01:03:21,182 [EventQueue-PipelineReportForOneReplicaPipelineSafeModeRule] INFO  safemode.SCMSafeModeManager (SCMSafeModeManager.java:validateSafeModeExitRules(204)) - AtleastOneDatanodeReportedRule rule is successfully validated
2022-06-25 01:03:21,191 [ReplicationMonitor] INFO  replication.LegacyReplicationManager (LegacyReplicationManager.java:forceCloseContainer(1105)) - Force closing container #1 with BCSID 26, which is in QUASI_CLOSED state.
2022-06-25 01:03:21,192 [ReplicationMonitor] INFO  replication.LegacyReplicationManager (LegacyReplicationManager.java:sendCloseCommand(1508)) - Sending close container command for container #1 to datanode ad74f3b2-c092-43ca-befa-d99c208edbaf{ip: 10.1.0.8, host: fv-az66-546.vwcdieab4koerntclszyavmfxa.dx.internal.cloudapp.net, ports: [REPLICATION=45511, RATIS=46867, RATIS_ADMIN=46867, RATIS_SERVER=46867, STANDALONE=34703], networkLocation: /default-rack, certSerialId: null, persistedOpState: IN_SERVICE, persistedOpStateExpiryEpochSec: 0}.
2022-06-25 01:03:21,192 [DatanodeAdminManager-0] INFO  node.DatanodeAdminMonitorImpl (DatanodeAdminMonitorImpl.java:run(148)) - There are 1 nodes tracked for decommission and maintenance. 0 pending nodes.
2022-06-25 01:03:21,193 [ReplicationMonitor] INFO  replication.LegacyReplicationManager (LegacyReplicationManager.java:sendCloseCommand(1508)) - Sending close container command for container #1 to datanode 1a57f128-5fc1-45db-894e-2ffd043cedb3{ip: 10.1.0.8, host: fv-az66-546.vwcdieab4koerntclszyavmfxa.dx.internal.cloudapp.net, ports: [REPLICATION=42497, RATIS=41991, RATIS_ADMIN=41991, RATIS_SERVER=41991, STANDALONE=45247], networkLocation: /default-rack, certSerialId: null, persistedOpState: IN_SERVICE, persistedOpStateExpiryEpochSec: 0}.
2022-06-25 01:03:21,194 [ReplicationMonitor] INFO  replication.LegacyReplicationManager (LegacyReplicationManager.java:forceCloseContainer(1105)) - Force closing container #4 with BCSID 30, which is in QUASI_CLOSED state.
2022-06-25 01:03:21,194 [ReplicationMonitor] INFO  replication.LegacyReplicationManager (LegacyReplicationManager.java:sendCloseCommand(1508)) - Sending close container command for container #4 to datanode ad74f3b2-c092-43ca-befa-d99c208edbaf{ip: 10.1.0.8, host: fv-az66-546.vwcdieab4koerntclszyavmfxa.dx.internal.cloudapp.net, ports: [REPLICATION=45511, RATIS=46867, RATIS_ADMIN=46867, RATIS_SERVER=46867, STANDALONE=34703], networkLocation: /default-rack, certSerialId: null, persistedOpState: IN_SERVICE, persistedOpStateExpiryEpochSec: 0}.
2022-06-25 01:03:21,194 [ReplicationMonitor] INFO  replication.LegacyReplicationManager (LegacyReplicationManager.java:sendCloseCommand(1508)) - Sending close container command for container #4 to datanode 1a57f128-5fc1-45db-894e-2ffd043cedb3{ip: 10.1.0.8, host: fv-az66-546.vwcdieab4koerntclszyavmfxa.dx.internal.cloudapp.net, ports: [REPLICATION=42497, RATIS=41991, RATIS_ADMIN=41991, RATIS_SERVER=41991, STANDALONE=45247], networkLocation: /default-rack, certSerialId: null, persistedOpState: IN_SERVICE, persistedOpStateExpiryEpochSec: 0}.
2022-06-25 01:03:21,194 [ReplicationMonitor] INFO  replication.LegacyReplicationManager (LegacyReplicationManager.java:forceCloseContainer(1105)) - Force closing container #6 with BCSID 34, which is in QUASI_CLOSED state.
2022-06-25 01:03:21,194 [ReplicationMonitor] INFO  replication.LegacyReplicationManager (LegacyReplicationManager.java:sendCloseCommand(1508)) - Sending close container command for container #6 to datanode ad74f3b2-c092-43ca-befa-d99c208edbaf{ip: 10.1.0.8, host: fv-az66-546.vwcdieab4koerntclszyavmfxa.dx.internal.cloudapp.net, ports: [REPLICATION=45511, RATIS=46867, RATIS_ADMIN=46867, RATIS_SERVER=46867, STANDALONE=34703], networkLocation: /default-rack, certSerialId: null, persistedOpState: IN_SERVICE, persistedOpStateExpiryEpochSec: 0}.
2022-06-25 01:03:21,194 [ReplicationMonitor] INFO  replication.LegacyReplicationManager (LegacyReplicationManager.java:sendCloseCommand(1508)) - Sending close container command for container #6 to datanode 1a57f128-5fc1-45db-894e-2ffd043cedb3{ip: 10.1.0.8, host: fv-az66-546.vwcdieab4koerntclszyavmfxa.dx.internal.cloudapp.net, ports: [REPLICATION=42497, RATIS=41991, RATIS_ADMIN=41991, RATIS_SERVER=41991, STANDALONE=45247], networkLocation: /default-rack, certSerialId: null, persistedOpState: IN_SERVICE, persistedOpStateExpiryEpochSec: 0}.
2022-06-25 01:03:21,194 [ReplicationMonitor] INFO  replication.ReplicationManager (ReplicationManager.java:processAll(249)) - Replication Monitor Thread took 6 milliseconds for processing 6 containers.
2022-06-25 01:03:21,217 [Command processor thread] INFO  server.RaftServer (RaftServerProxy.java:remove(107)) - 98ebfad8-d5dc-46a2-9e40-7ac48868c3c4: remove    LEADER 98ebfad8-d5dc-46a2-9e40-7ac48868c3c4@group-D50926BF33AA:t2, leader=98ebfad8-d5dc-46a2-9e40-7ac48868c3c4, voted=98ebfad8-d5dc-46a2-9e40-7ac48868c3c4, raftlog=98ebfad8-d5dc-46a2-9e40-7ac48868c3c4@group-D50926BF33AA-SegmentedRaftLog:OPENED:c36, conf=0: [ad74f3b2-c092-43ca-befa-d99c208edbaf|rpc:10.1.0.8:46867|dataStream:|priority:0, 1a57f128-5fc1-45db-894e-2ffd043cedb3|rpc:10.1.0.8:41991|dataStream:|priority:0, 98ebfad8-d5dc-46a2-9e40-7ac48868c3c4|rpc:10.1.0.8:34569|dataStream:|priority:1], old=null RUNNING
2022-06-25 01:03:21,217 [Command processor thread] INFO  server.RaftServer$Division (RaftServerImpl.java:lambda$close$4(434)) - 98ebfad8-d5dc-46a2-9e40-7ac48868c3c4@group-D50926BF33AA: shutdown
2022-06-25 01:03:21,217 [Command processor thread] INFO  util.JmxRegister (JmxRegister.java:unregister(73)) - Successfully un-registered JMX Bean with object name Ratis:service=RaftServer,group=group-D50926BF33AA,id=98ebfad8-d5dc-46a2-9e40-7ac48868c3c4
2022-06-25 01:03:21,217 [Command processor thread] INFO  impl.RoleInfo (RoleInfo.java:shutdownLeaderState(93)) - 98ebfad8-d5dc-46a2-9e40-7ac48868c3c4: shutdown 98ebfad8-d5dc-46a2-9e40-7ac48868c3c4@group-D50926BF33AA-LeaderStateImpl
2022-06-25 01:03:21,217 [Command processor thread] INFO  impl.PendingRequests (PendingRequests.java:sendNotLeaderResponses(282)) - 98ebfad8-d5dc-46a2-9e40-7ac48868c3c4@group-D50926BF33AA-PendingRequests: sendNotLeaderResponses
2022-06-25 01:03:21,220 [98ebfad8-d5dc-46a2-9e40-7ac48868c3c4@group-D50926BF33AA->1a57f128-5fc1-45db-894e-2ffd043cedb3-GrpcLogAppender-LogAppenderDaemon] WARN  server.GrpcLogAppender (GrpcLogAppender.java:mayWait(171)) - 98ebfad8-d5dc-46a2-9e40-7ac48868c3c4@group-D50926BF33AA->1a57f128-5fc1-45db-894e-2ffd043cedb3-GrpcLogAppender: Wait interrupted by java.lang.InterruptedException
2022-06-25 01:03:21,222 [EventQueue-PipelineReportForPipelineReportHandler] INFO  pipeline.PipelineReportHandler (PipelineReportHandler.java:processPipelineReport(113)) - Reported pipeline PipelineID=2b1466c7-667c-479e-a9d9-d50926bf33aa is not found
2022-06-25 01:03:21,223 [grpc-default-executor-0] INFO  server.GrpcServerProtocolService (GrpcServerProtocolService.java:onCompleted(140)) - 1a57f128-5fc1-45db-894e-2ffd043cedb3: Completed APPEND_ENTRIES, lastRequest: 98ebfad8-d5dc-46a2-9e40-7ac48868c3c4->1a57f128-5fc1-45db-894e-2ffd043cedb3#282-t2,previous=(t:2, i:35),leaderCommit=34,initializing? true,entries: size=1, first=(t:2, i:36), METADATAENTRY(c:34)
2022-06-25 01:03:21,220 [98ebfad8-d5dc-46a2-9e40-7ac48868c3c4@group-D50926BF33AA->ad74f3b2-c092-43ca-befa-d99c208edbaf-GrpcLogAppender-LogAppenderDaemon] WARN  server.GrpcLogAppender (GrpcLogAppender.java:mayWait(171)) - 98ebfad8-d5dc-46a2-9e40-7ac48868c3c4@group-D50926BF33AA->ad74f3b2-c092-43ca-befa-d99c208edbaf-GrpcLogAppender: Wait interrupted by java.lang.InterruptedException
2022-06-25 01:03:21,228 [grpc-default-executor-2] INFO  server.GrpcLogAppender (GrpcLogAppender.java:onCompleted(339)) - 98ebfad8-d5dc-46a2-9e40-7ac48868c3c4@group-D50926BF33AA->1a57f128-5fc1-45db-894e-2ffd043cedb3-AppendLogResponseHandler: follower responses appendEntries COMPLETED
2022-06-25 01:03:21,227 [grpc-default-executor-1] INFO  server.GrpcServerProtocolService (GrpcServerProtocolService.java:onCompleted(140)) - ad74f3b2-c092-43ca-befa-d99c208edbaf: Completed APPEND_ENTRIES, lastRequest: 98ebfad8-d5dc-46a2-9e40-7ac48868c3c4->ad74f3b2-c092-43ca-befa-d99c208edbaf#295-t2,previous=(t:2, i:35),leaderCommit=34,initializing? true,entries: size=1, first=(t:2, i:36), METADATAENTRY(c:34)
2022-06-25 01:03:21,231 [grpc-default-executor-1] INFO  server.GrpcLogAppender (GrpcLogAppender.java:onCompleted(339)) - 98ebfad8-d5dc-46a2-9e40-7ac48868c3c4@group-D50926BF33AA->ad74f3b2-c092-43ca-befa-d99c208edbaf-AppendLogResponseHandler: follower responses appendEntries COMPLETED
2022-06-25 01:03:21,231 [grpc-default-executor-2] INFO  leader.FollowerInfo (FollowerInfoImpl.java:lambda$new$0(48)) - 98ebfad8-d5dc-46a2-9e40-7ac48868c3c4@group-D50926BF33AA->1a57f128-5fc1-45db-894e-2ffd043cedb3: nextIndex: updateUnconditionally 37 -> 36
2022-06-25 01:03:21,234 [98ebfad8-d5dc-46a2-9e40-7ac48868c3c4@group-D50926BF33AA-StateMachineUpdater] INFO  ratis.ContainerStateMachine (ContainerStateMachine.java:takeSnapshot(304)) - group-D50926BF33AA: Taking a snapshot at:(t:2, i:36) file /home/runner/work/ozone/ozone/hadoop-ozone/integration-test/target/test-dir/MiniOzoneClusterImpl-c4196b3a-7304-418b-bc70-42ac552e857c/datanode-3/data/ratis/2b1466c7-667c-479e-a9d9-d50926bf33aa/sm/snapshot.2_36
2022-06-25 01:03:21,234 [Command processor thread] INFO  impl.StateMachineUpdater (StateMachineUpdater.java:stopAndJoin(153)) - 98ebfad8-d5dc-46a2-9e40-7ac48868c3c4@group-D50926BF33AA-StateMachineUpdater: set stopIndex = 36
2022-06-25 01:03:21,236 [98ebfad8-d5dc-46a2-9e40-7ac48868c3c4@group-D50926BF33AA-StateMachineUpdater] INFO  ratis.ContainerStateMachine (ContainerStateMachine.java:takeSnapshot(315)) - group-D50926BF33AA: Finished taking a snapshot at:(t:2, i:36) file:/home/runner/work/ozone/ozone/hadoop-ozone/integration-test/target/test-dir/MiniOzoneClusterImpl-c4196b3a-7304-418b-bc70-42ac552e857c/datanode-3/data/ratis/2b1466c7-667c-479e-a9d9-d50926bf33aa/sm/snapshot.2_36 took: 2 ms
2022-06-25 01:03:21,236 [98ebfad8-d5dc-46a2-9e40-7ac48868c3c4@group-D50926BF33AA-StateMachineUpdater] INFO  impl.StateMachineUpdater (StateMachineUpdater.java:takeSnapshot(287)) - 98ebfad8-d5dc-46a2-9e40-7ac48868c3c4@group-D50926BF33AA-StateMachineUpdater: Took a snapshot at index 36
2022-06-25 01:03:21,231 [grpc-default-executor-1] INFO  leader.FollowerInfo (FollowerInfoImpl.java:lambda$new$0(48)) - 98ebfad8-d5dc-46a2-9e40-7ac48868c3c4@group-D50926BF33AA->ad74f3b2-c092-43ca-befa-d99c208edbaf: nextIndex: updateUnconditionally 37 -> 36
2022-06-25 01:03:21,237 [98ebfad8-d5dc-46a2-9e40-7ac48868c3c4@group-D50926BF33AA-StateMachineUpdater] INFO  impl.StateMachineUpdater (StateMachineUpdater.java:lambda$new$0(92)) - 98ebfad8-d5dc-46a2-9e40-7ac48868c3c4@group-D50926BF33AA-StateMachineUpdater: snapshotIndex: updateIncreasingly -1 -> 36
2022-06-25 01:03:21,239 [Command processor thread] INFO  server.RaftServer$Division (ServerState.java:close(429)) - 98ebfad8-d5dc-46a2-9e40-7ac48868c3c4@group-D50926BF33AA: closes. applyIndex: 36
2022-06-25 01:03:21,240 [98ebfad8-d5dc-46a2-9e40-7ac48868c3c4@group-D50926BF33AA-SegmentedRaftLogWorker] INFO  segmented.SegmentedRaftLogWorker (SegmentedRaftLogWorker.java:run(336)) - 98ebfad8-d5dc-46a2-9e40-7ac48868c3c4@group-D50926BF33AA-SegmentedRaftLogWorker was interrupted, exiting. There are 0 tasks remaining in the queue.
2022-06-25 01:03:21,240 [Command processor thread] INFO  segmented.SegmentedRaftLogWorker (SegmentedRaftLogWorker.java:close(246)) - 98ebfad8-d5dc-46a2-9e40-7ac48868c3c4@group-D50926BF33AA-SegmentedRaftLogWorker close()
2022-06-25 01:03:21,249 [Command processor thread] INFO  keyvalue.KeyValueContainer (KeyValueContainer.java:flushAndSyncDB(431)) - Container 1 is synced with bcsId 26.
2022-06-25 01:03:21,249 [Command processor thread] INFO  keyvalue.KeyValueContainer (KeyValueContainer.java:flushAndSyncDB(431)) - Container 1 is synced with bcsId 26.
2022-06-25 01:03:21,258 [Command processor thread] INFO  keyvalue.KeyValueContainer (KeyValueContainer.java:flushAndSyncDB(431)) - Container 4 is synced with bcsId 30.
2022-06-25 01:03:21,259 [Command processor thread] INFO  keyvalue.KeyValueContainer (KeyValueContainer.java:flushAndSyncDB(431)) - Container 4 is synced with bcsId 30.
2022-06-25 01:03:21,268 [Command processor thread] INFO  keyvalue.KeyValueContainer (KeyValueContainer.java:flushAndSyncDB(431)) - Container 6 is synced with bcsId 34.
2022-06-25 01:03:21,269 [Command processor thread] INFO  keyvalue.KeyValueContainer (KeyValueContainer.java:flushAndSyncDB(431)) - Container 6 is synced with bcsId 34.
2022-06-25 01:03:21,276 [Command processor thread] INFO  server.RaftServer$Division (RaftServerImpl.java:groupRemove(404)) - 98ebfad8-d5dc-46a2-9e40-7ac48868c3c4@group-D50926BF33AA: Succeed to remove RaftStorageDirectory Storage Directory /home/runner/work/ozone/ozone/hadoop-ozone/integration-test/target/test-dir/MiniOzoneClusterImpl-c4196b3a-7304-418b-bc70-42ac552e857c/datanode-3/data/ratis/2b1466c7-667c-479e-a9d9-d50926bf33aa
2022-06-25 01:03:21,277 [Command processor thread] INFO  commandhandler.ClosePipelineCommandHandler (ClosePipelineCommandHandler.java:handle(78)) - Close Pipeline PipelineID=2b1466c7-667c-479e-a9d9-d50926bf33aa command on datanode 98ebfad8-d5dc-46a2-9e40-7ac48868c3c4.
2022-06-25 01:03:21,390 [ReplicationMonitor] INFO  replication.ReplicationManager (ReplicationManager.java:processAll(228)) - Replication Manager is not ready to run until 3000ms after safemode exit
2022-06-25 01:03:21,469 [EndpointStateMachine task thread for /0.0.0.0:39825 - 0 ] INFO  volume.HddsVolume (HddsVolume.java:createDbStore(309)) - SchemaV3 db is created and loaded at /home/runner/work/ozone/ozone/hadoop-ozone/integration-test/target/test-dir/MiniOzoneClusterImpl-7d041fb5-2049-42d4-ae67-c17d724e960a/datanode-4/data-0/containers/hdds/7d041fb5-2049-42d4-ae67-c17d724e960a/DS-a54dcbab-198f-48ac-a344-e87dc0b28305/container.db for volume DS-a54dcbab-198f-48ac-a344-e87dc0b28305
2022-06-25 01:03:21,469 [EndpointStateMachine task thread for /0.0.0.0:39825 - 0 ] INFO  volume.HddsVolume (HddsVolume.java:closeDbStore(340)) - SchemaV3 db is stopped at /home/runner/work/ozone/ozone/hadoop-ozone/integration-test/target/test-dir/MiniOzoneClusterImpl-7d041fb5-2049-42d4-ae67-c17d724e960a/datanode-4/data-0/containers/hdds/7d041fb5-2049-42d4-ae67-c17d724e960a/DS-a54dcbab-198f-48ac-a344-e87dc0b28305/container.db for volume DS-a54dcbab-198f-48ac-a344-e87dc0b28305
2022-06-25 01:03:21,469 [EndpointStateMachine task thread for /0.0.0.0:39825 - 0 ] INFO  ozoneimpl.OzoneContainer (OzoneContainer.java:start(344)) - Attempting to start container services.
2022-06-25 01:03:21,469 [EndpointStateMachine task thread for /0.0.0.0:39825 - 0 ] INFO  ozoneimpl.OzoneContainer (OzoneContainer.java:startContainerScrub(279)) - Background container scanner has been disabled.
2022-06-25 01:03:21,472 [EndpointStateMachine task thread for /0.0.0.0:39825 - 0 ] INFO  replication.ReplicationServer (ReplicationServer.java:start(111)) - ReplicationServer is started using port 45851
2022-06-25 01:03:21,473 [EndpointStateMachine task thread for /0.0.0.0:39825 - 0 ] INFO  ratis.XceiverServerRatis (XceiverServerRatis.java:start(481)) - Starting XceiverServerRatis 7249bc38-cb50-4b50-8149-55795ead00f8
2022-06-25 01:03:21,475 [EndpointStateMachine task thread for /0.0.0.0:39825 - 0 ] INFO  server.RaftServer (RaftServerProxy.java:lambda$start$6(382)) - 7249bc38-cb50-4b50-8149-55795ead00f8: start RPC server
2022-06-25 01:03:21,476 [EndpointStateMachine task thread for /0.0.0.0:39825 - 0 ] INFO  server.GrpcService (GrpcService.java:startImpl(260)) - 7249bc38-cb50-4b50-8149-55795ead00f8: GrpcService started, listening on 41595
2022-06-25 01:03:21,477 [EndpointStateMachine task thread for /0.0.0.0:39825 - 0 ] INFO  ratis.XceiverServerRatis (XceiverServerRatis.java:getRealPort(502)) - XceiverServerRatis 7249bc38-cb50-4b50-8149-55795ead00f8 is started using port 41595 for RATIS
2022-06-25 01:03:21,477 [org.apache.ratis.util.JvmPauseMonitor$$Lambda$706/1141522042@66f17a0e] INFO  util.JvmPauseMonitor (JvmPauseMonitor.java:run(103)) - JvmPauseMonitor-7249bc38-cb50-4b50-8149-55795ead00f8: Started
2022-06-25 01:03:21,477 [EndpointStateMachine task thread for /0.0.0.0:39825 - 0 ] INFO  ratis.XceiverServerRatis (XceiverServerRatis.java:getRealPort(502)) - XceiverServerRatis 7249bc38-cb50-4b50-8149-55795ead00f8 is started using port 41595 for RATIS_ADMIN
2022-06-25 01:03:21,477 [EndpointStateMachine task thread for /0.0.0.0:39825 - 0 ] INFO  ratis.XceiverServerRatis (XceiverServerRatis.java:getRealPort(502)) - XceiverServerRatis 7249bc38-cb50-4b50-8149-55795ead00f8 is started using port 41595 for RATIS_SERVER
2022-06-25 01:03:21,479 [EndpointStateMachine task thread for /0.0.0.0:39825 - 0 ] INFO  server.XceiverServerGrpc (XceiverServerGrpc.java:start(180)) - XceiverServerGrpc 7249bc38-cb50-4b50-8149-55795ead00f8 is started using port 36789
2022-06-25 01:03:21,833 [Listener at 127.0.0.1/35937] INFO  ozone.MiniOzoneClusterImpl (MiniOzoneClusterImpl.java:lambda$waitForClusterToBeReady$0(223)) - Waiting for nodes to be ready. Got 1 of 6 DN Heartbeats.
2022-06-25 01:03:21,833 [Listener at 127.0.0.1/35937] INFO  ozone.MiniOzoneClusterImpl (MiniOzoneClusterImpl.java:lambda$waitForClusterToBeReady$0(226)) - Waiting for cluster to exit safe mode
2022-06-25 01:03:21,833 [Listener at 127.0.0.1/35937] INFO  ozone.MiniOzoneClusterImpl (MiniOzoneClusterImpl.java:lambda$waitForClusterToBeReady$0(228)) - SCM became leader
2022-06-25 01:03:21,895 [EndpointStateMachine task thread for /0.0.0.0:39825 - 0 ] INFO  volume.HddsVolume (HddsVolume.java:createDbStore(309)) - SchemaV3 db is created and loaded at /home/runner/work/ozone/ozone/hadoop-ozone/integration-test/target/test-dir/MiniOzoneClusterImpl-7d041fb5-2049-42d4-ae67-c17d724e960a/datanode-5/data-0/containers/hdds/7d041fb5-2049-42d4-ae67-c17d724e960a/DS-b6f52c21-c05d-4658-977f-8f201c29c9d2/container.db for volume DS-b6f52c21-c05d-4658-977f-8f201c29c9d2
2022-06-25 01:03:21,895 [EndpointStateMachine task thread for /0.0.0.0:39825 - 0 ] INFO  volume.HddsVolume (HddsVolume.java:closeDbStore(340)) - SchemaV3 db is stopped at /home/runner/work/ozone/ozone/hadoop-ozone/integration-test/target/test-dir/MiniOzoneClusterImpl-7d041fb5-2049-42d4-ae67-c17d724e960a/datanode-5/data-0/containers/hdds/7d041fb5-2049-42d4-ae67-c17d724e960a/DS-b6f52c21-c05d-4658-977f-8f201c29c9d2/container.db for volume DS-b6f52c21-c05d-4658-977f-8f201c29c9d2
2022-06-25 01:03:21,895 [EndpointStateMachine task thread for /0.0.0.0:39825 - 0 ] INFO  ozoneimpl.OzoneContainer (OzoneContainer.java:start(344)) - Attempting to start container services.
2022-06-25 01:03:21,895 [EndpointStateMachine task thread for /0.0.0.0:39825 - 0 ] INFO  ozoneimpl.OzoneContainer (OzoneContainer.java:startContainerScrub(279)) - Background container scanner has been disabled.
2022-06-25 01:03:21,898 [EndpointStateMachine task thread for /0.0.0.0:39825 - 0 ] INFO  replication.ReplicationServer (ReplicationServer.java:start(111)) - ReplicationServer is started using port 46857
2022-06-25 01:03:21,898 [EndpointStateMachine task thread for /0.0.0.0:39825 - 0 ] INFO  ratis.XceiverServerRatis (XceiverServerRatis.java:start(481)) - Starting XceiverServerRatis f13c4bc8-70da-4cb5-bf8c-82536bc78435
2022-06-25 01:03:21,900 [EndpointStateMachine task thread for /0.0.0.0:39825 - 0 ] INFO  server.RaftServer (RaftServerProxy.java:lambda$start$6(382)) - f13c4bc8-70da-4cb5-bf8c-82536bc78435: start RPC server
2022-06-25 01:03:21,906 [EndpointStateMachine task thread for /0.0.0.0:39825 - 0 ] INFO  server.GrpcService (GrpcService.java:startImpl(260)) - f13c4bc8-70da-4cb5-bf8c-82536bc78435: GrpcService started, listening on 42013
2022-06-25 01:03:21,906 [EndpointStateMachine task thread for /0.0.0.0:39825 - 0 ] INFO  ratis.XceiverServerRatis (XceiverServerRatis.java:getRealPort(502)) - XceiverServerRatis f13c4bc8-70da-4cb5-bf8c-82536bc78435 is started using port 42013 for RATIS
2022-06-25 01:03:21,906 [org.apache.ratis.util.JvmPauseMonitor$$Lambda$706/1141522042@4c6786e5] INFO  util.JvmPauseMonitor (JvmPauseMonitor.java:run(103)) - JvmPauseMonitor-f13c4bc8-70da-4cb5-bf8c-82536bc78435: Started
2022-06-25 01:03:21,906 [EndpointStateMachine task thread for /0.0.0.0:39825 - 0 ] INFO  ratis.XceiverServerRatis (XceiverServerRatis.java:getRealPort(502)) - XceiverServerRatis f13c4bc8-70da-4cb5-bf8c-82536bc78435 is started using port 42013 for RATIS_ADMIN
2022-06-25 01:03:21,906 [EndpointStateMachine task thread for /0.0.0.0:39825 - 0 ] INFO  ratis.XceiverServerRatis (XceiverServerRatis.java:getRealPort(502)) - XceiverServerRatis f13c4bc8-70da-4cb5-bf8c-82536bc78435 is started using port 42013 for RATIS_SERVER
2022-06-25 01:03:21,915 [EndpointStateMachine task thread for /0.0.0.0:39825 - 0 ] INFO  server.XceiverServerGrpc (XceiverServerGrpc.java:start(180)) - XceiverServerGrpc f13c4bc8-70da-4cb5-bf8c-82536bc78435 is started using port 34767
2022-06-25 01:03:22,105 [IPC Server handler 2 on default port 39825] INFO  net.NetworkTopologyImpl (NetworkTopologyImpl.java:add(112)) - Added a new node: /default-rack/d8c5d3b0-2e04-4734-8dc0-dbe4861d4401
2022-06-25 01:03:22,106 [IPC Server handler 2 on default port 39825] INFO  node.SCMNodeManager (SCMNodeManager.java:register(397)) - Registered Data node : d8c5d3b0-2e04-4734-8dc0-dbe4861d4401{ip: 10.1.0.8, host: fv-az66-546.vwcdieab4koerntclszyavmfxa.dx.internal.cloudapp.net, ports: [REPLICATION=44149, RATIS=41245, RATIS_ADMIN=41245, RATIS_SERVER=41245, STANDALONE=43719], networkLocation: /default-rack, certSerialId: null, persistedOpState: null, persistedOpStateExpiryEpochSec: 0}
2022-06-25 01:03:22,106 [EventQueue-NewNodeForNewNodeHandler] INFO  pipeline.BackgroundPipelineCreator (BackgroundPipelineCreator.java:notifyEventTriggered(275)) - trigger a one-shot run on RatisPipelineUtilsThread.
2022-06-25 01:03:22,107 [EventQueue-NodeRegistrationContainerReportForDataNodeSafeModeRule] INFO  safemode.SCMSafeModeManager (DataNodeSafeModeRule.java:process(71)) - SCM in safe mode. 2 DataNodes registered, 3 required.
2022-06-25 01:03:22,107 [RatisPipelineUtilsThread - 0] INFO  pipeline.RatisPipelineProvider (RatisPipelineProvider.java:lambda$create$0(195)) - Sending CreatePipelineCommand for pipeline:PipelineID=b248bb69-f772-4ced-ad85-14a953cf142e to datanode:d8c5d3b0-2e04-4734-8dc0-dbe4861d4401
2022-06-25 01:03:22,108 [RatisPipelineUtilsThread - 0] INFO  pipeline.PipelineStateManagerImpl (PipelineStateManagerImpl.java:addPipeline(101)) - Created pipeline Pipeline[ Id: b248bb69-f772-4ced-ad85-14a953cf142e, Nodes: d8c5d3b0-2e04-4734-8dc0-dbe4861d4401{ip: 10.1.0.8, host: fv-az66-546.vwcdieab4koerntclszyavmfxa.dx.internal.cloudapp.net, ports: [REPLICATION=44149, RATIS=41245, RATIS_ADMIN=41245, RATIS_SERVER=41245, STANDALONE=43719], networkLocation: /default-rack, certSerialId: null, persistedOpState: IN_SERVICE, persistedOpStateExpiryEpochSec: 0}, ReplicationConfig: RATIS/ONE, State:ALLOCATED, leaderId:, CreationTimestamp2022-06-25T01:03:22.107Z[Etc/UTC]].
2022-06-25 01:03:22,195 [ReplicationMonitor] INFO  replication.LegacyReplicationManager (LegacyReplicationManager.java:forceCloseContainer(1105)) - Force closing container #1 with BCSID 26, which is in QUASI_CLOSED state.
2022-06-25 01:03:22,195 [ReplicationMonitor] INFO  replication.LegacyReplicationManager (LegacyReplicationManager.java:sendCloseCommand(1508)) - Sending close container command for container #1 to datanode ad74f3b2-c092-43ca-befa-d99c208edbaf{ip: 10.1.0.8, host: fv-az66-546.vwcdieab4koerntclszyavmfxa.dx.internal.cloudapp.net, ports: [REPLICATION=45511, RATIS=46867, RATIS_ADMIN=46867, RATIS_SERVER=46867, STANDALONE=34703], networkLocation: /default-rack, certSerialId: null, persistedOpState: DECOMMISSIONING, persistedOpStateExpiryEpochSec: 0}.
2022-06-25 01:03:22,195 [ReplicationMonitor] INFO  replication.LegacyReplicationManager (LegacyReplicationManager.java:sendCloseCommand(1508)) - Sending close container command for container #1 to datanode 98ebfad8-d5dc-46a2-9e40-7ac48868c3c4{ip: 10.1.0.8, host: fv-az66-546.vwcdieab4koerntclszyavmfxa.dx.internal.cloudapp.net, ports: [REPLICATION=43537, RATIS=34569, RATIS_ADMIN=34569, RATIS_SERVER=34569, STANDALONE=39783], networkLocation: /default-rack, certSerialId: null, persistedOpState: IN_SERVICE, persistedOpStateExpiryEpochSec: 0}.
2022-06-25 01:03:22,195 [ReplicationMonitor] INFO  replication.LegacyReplicationManager (LegacyReplicationManager.java:sendCloseCommand(1508)) - Sending close container command for container #1 to datanode 1a57f128-5fc1-45db-894e-2ffd043cedb3{ip: 10.1.0.8, host: fv-az66-546.vwcdieab4koerntclszyavmfxa.dx.internal.cloudapp.net, ports: [REPLICATION=42497, RATIS=41991, RATIS_ADMIN=41991, RATIS_SERVER=41991, STANDALONE=45247], networkLocation: /default-rack, certSerialId: null, persistedOpState: IN_SERVICE, persistedOpStateExpiryEpochSec: 0}.
2022-06-25 01:03:22,195 [ReplicationMonitor] INFO  replication.LegacyReplicationManager (LegacyReplicationManager.java:forceCloseContainer(1105)) - Force closing container #4 with BCSID 30, which is in QUASI_CLOSED state.
2022-06-25 01:03:22,195 [DatanodeAdminManager-0] INFO  node.DatanodeAdminMonitorImpl (DatanodeAdminMonitorImpl.java:checkContainersReplicatedOnNode(306)) - Under Replicated Container #6 Container State: QUASI_CLOSED Replica Count: 3 Healthy Count: 2 Decommission Count: 1 Maintenance Count: 0 inFlightAdd Count: 0 inFightDel Count: 0 ReplicationFactor: 3 minMaintenance Count: 2; Replicas{ContainerReplica{containerID=#6, state=QUASI_CLOSED, datanodeDetails=ad74f3b2-c092-43ca-befa-d99c208edbaf{ip: 10.1.0.8, host: fv-az66-546.vwcdieab4koerntclszyavmfxa.dx.internal.cloudapp.net, ports: [REPLICATION=45511, RATIS=46867, RATIS_ADMIN=46867, RATIS_SERVER=46867, STANDALONE=34703], networkLocation: /default-rack, certSerialId: null, persistedOpState: DECOMMISSIONING, persistedOpStateExpiryEpochSec: 0}, placeOfBirth=ad74f3b2-c092-43ca-befa-d99c208edbaf, sequenceId=34, keyCount=3, bytesUsed=57},ContainerReplica{containerID=#6, state=QUASI_CLOSED, datanodeDetails=98ebfad8-d5dc-46a2-9e40-7ac48868c3c4{ip: 10.1.0.8, host: fv-az66-546.vwcdieab4koerntclszyavmfxa.dx.internal.cloudapp.net, ports: [REPLICATION=43537, RATIS=34569, RATIS_ADMIN=34569, RATIS_SERVER=34569, STANDALONE=39783], networkLocation: /default-rack, certSerialId: null, persistedOpState: IN_SERVICE, persistedOpStateExpiryEpochSec: 0}, placeOfBirth=98ebfad8-d5dc-46a2-9e40-7ac48868c3c4, sequenceId=34, keyCount=3, bytesUsed=57},ContainerReplica{containerID=#6, state=QUASI_CLOSED, datanodeDetails=1a57f128-5fc1-45db-894e-2ffd043cedb3{ip: 10.1.0.8, host: fv-az66-546.vwcdieab4koerntclszyavmfxa.dx.internal.cloudapp.net, ports: [REPLICATION=42497, RATIS=41991, RATIS_ADMIN=41991, RATIS_SERVER=41991, STANDALONE=45247], networkLocation: /default-rack, certSerialId: null, persistedOpState: IN_SERVICE, persistedOpStateExpiryEpochSec: 0}, placeOfBirth=1a57f128-5fc1-45db-894e-2ffd043cedb3, sequenceId=34, keyCount=3, bytesUsed=57}}
2022-06-25 01:03:22,195 [ReplicationMonitor] INFO  replication.LegacyReplicationManager (LegacyReplicationManager.java:sendCloseCommand(1508)) - Sending close container command for container #4 to datanode 98ebfad8-d5dc-46a2-9e40-7ac48868c3c4{ip: 10.1.0.8, host: fv-az66-546.vwcdieab4koerntclszyavmfxa.dx.internal.cloudapp.net, ports: [REPLICATION=43537, RATIS=34569, RATIS_ADMIN=34569, RATIS_SERVER=34569, STANDALONE=39783], networkLocation: /default-rack, certSerialId: null, persistedOpState: IN_SERVICE, persistedOpStateExpiryEpochSec: 0}.
2022-06-25 01:03:22,196 [ReplicationMonitor] INFO  replication.LegacyReplicationManager (LegacyReplicationManager.java:sendCloseCommand(1508)) - Sending close container command for container #4 to datanode ad74f3b2-c092-43ca-befa-d99c208edbaf{ip: 10.1.0.8, host: fv-az66-546.vwcdieab4koerntclszyavmfxa.dx.internal.cloudapp.net, ports: [REPLICATION=45511, RATIS=46867, RATIS_ADMIN=46867, RATIS_SERVER=46867, STANDALONE=34703], networkLocation: /default-rack, certSerialId: null, persistedOpState: DECOMMISSIONING, persistedOpStateExpiryEpochSec: 0}.
2022-06-25 01:03:22,196 [ReplicationMonitor] INFO  replication.LegacyReplicationManager (LegacyReplicationManager.java:sendCloseCommand(1508)) - Sending close container command for container #4 to datanode 1a57f128-5fc1-45db-894e-2ffd043cedb3{ip: 10.1.0.8, host: fv-az66-546.vwcdieab4koerntclszyavmfxa.dx.internal.cloudapp.net, ports: [REPLICATION=42497, RATIS=41991, RATIS_ADMIN=41991, RATIS_SERVER=41991, STANDALONE=45247], networkLocation: /default-rack, certSerialId: null, persistedOpState: IN_SERVICE, persistedOpStateExpiryEpochSec: 0}.
2022-06-25 01:03:22,196 [ReplicationMonitor] INFO  replication.LegacyReplicationManager (LegacyReplicationManager.java:forceCloseContainer(1105)) - Force closing container #6 with BCSID 34, which is in QUASI_CLOSED state.
2022-06-25 01:03:22,196 [ReplicationMonitor] INFO  replication.LegacyReplicationManager (LegacyReplicationManager.java:sendCloseCommand(1508)) - Sending close container command for container #6 to datanode ad74f3b2-c092-43ca-befa-d99c208edbaf{ip: 10.1.0.8, host: fv-az66-546.vwcdieab4koerntclszyavmfxa.dx.internal.cloudapp.net, ports: [REPLICATION=45511, RATIS=46867, RATIS_ADMIN=46867, RATIS_SERVER=46867, STANDALONE=34703], networkLocation: /default-rack, certSerialId: null, persistedOpState: DECOMMISSIONING, persistedOpStateExpiryEpochSec: 0}.
2022-06-25 01:03:22,196 [ReplicationMonitor] INFO  replication.LegacyReplicationManager (LegacyReplicationManager.java:sendCloseCommand(1508)) - Sending close container command for container #6 to datanode 98ebfad8-d5dc-46a2-9e40-7ac48868c3c4{ip: 10.1.0.8, host: fv-az66-546.vwcdieab4koerntclszyavmfxa.dx.internal.cloudapp.net, ports: [REPLICATION=43537, RATIS=34569, RATIS_ADMIN=34569, RATIS_SERVER=34569, STANDALONE=39783], networkLocation: /default-rack, certSerialId: null, persistedOpState: IN_SERVICE, persistedOpStateExpiryEpochSec: 0}.
2022-06-25 01:03:22,196 [ReplicationMonitor] INFO  replication.LegacyReplicationManager (LegacyReplicationManager.java:sendCloseCommand(1508)) - Sending close container command for container #6 to datanode 1a57f128-5fc1-45db-894e-2ffd043cedb3{ip: 10.1.0.8, host: fv-az66-546.vwcdieab4koerntclszyavmfxa.dx.internal.cloudapp.net, ports: [REPLICATION=42497, RATIS=41991, RATIS_ADMIN=41991, RATIS_SERVER=41991, STANDALONE=45247], networkLocation: /default-rack, certSerialId: null, persistedOpState: IN_SERVICE, persistedOpStateExpiryEpochSec: 0}.
2022-06-25 01:03:22,196 [DatanodeAdminManager-0] INFO  node.DatanodeAdminMonitorImpl (DatanodeAdminMonitorImpl.java:checkContainersReplicatedOnNode(306)) - Under Replicated Container #1 Container State: QUASI_CLOSED Replica Count: 3 Healthy Count: 2 Decommission Count: 1 Maintenance Count: 0 inFlightAdd Count: 0 inFightDel Count: 0 ReplicationFactor: 3 minMaintenance Count: 2; Replicas{ContainerReplica{containerID=#1, state=QUASI_CLOSED, datanodeDetails=ad74f3b2-c092-43ca-befa-d99c208edbaf{ip: 10.1.0.8, host: fv-az66-546.vwcdieab4koerntclszyavmfxa.dx.internal.cloudapp.net, ports: [REPLICATION=45511, RATIS=46867, RATIS_ADMIN=46867, RATIS_SERVER=46867, STANDALONE=34703], networkLocation: /default-rack, certSerialId: null, persistedOpState: DECOMMISSIONING, persistedOpStateExpiryEpochSec: 0}, placeOfBirth=ad74f3b2-c092-43ca-befa-d99c208edbaf, sequenceId=26, keyCount=3, bytesUsed=57},ContainerReplica{containerID=#1, state=QUASI_CLOSED, datanodeDetails=98ebfad8-d5dc-46a2-9e40-7ac48868c3c4{ip: 10.1.0.8, host: fv-az66-546.vwcdieab4koerntclszyavmfxa.dx.internal.cloudapp.net, ports: [REPLICATION=43537, RATIS=34569, RATIS_ADMIN=34569, RATIS_SERVER=34569, STANDALONE=39783], networkLocation: /default-rack, certSerialId: null, persistedOpState: IN_SERVICE, persistedOpStateExpiryEpochSec: 0}, placeOfBirth=98ebfad8-d5dc-46a2-9e40-7ac48868c3c4, sequenceId=26, keyCount=3, bytesUsed=57},ContainerReplica{containerID=#1, state=QUASI_CLOSED, datanodeDetails=1a57f128-5fc1-45db-894e-2ffd043cedb3{ip: 10.1.0.8, host: fv-az66-546.vwcdieab4koerntclszyavmfxa.dx.internal.cloudapp.net, ports: [REPLICATION=42497, RATIS=41991, RATIS_ADMIN=41991, RATIS_SERVER=41991, STANDALONE=45247], networkLocation: /default-rack, certSerialId: null, persistedOpState: IN_SERVICE, persistedOpStateExpiryEpochSec: 0}, placeOfBirth=1a57f128-5fc1-45db-894e-2ffd043cedb3, sequenceId=26, keyCount=3, bytesUsed=57}}
2022-06-25 01:03:22,196 [ReplicationMonitor] INFO  replication.ReplicationManager (ReplicationManager.java:processAll(249)) - Replication Monitor Thread took 1 milliseconds for processing 6 containers.
2022-06-25 01:03:22,197 [DatanodeAdminManager-0] INFO  node.DatanodeAdminMonitorImpl (DatanodeAdminMonitorImpl.java:checkContainersReplicatedOnNode(306)) - Under Replicated Container #4 Container State: QUASI_CLOSED Replica Count: 3 Healthy Count: 2 Decommission Count: 1 Maintenance Count: 0 inFlightAdd Count: 0 inFightDel Count: 0 ReplicationFactor: 3 minMaintenance Count: 2; Replicas{ContainerReplica{containerID=#4, state=QUASI_CLOSED, datanodeDetails=98ebfad8-d5dc-46a2-9e40-7ac48868c3c4{ip: 10.1.0.8, host: fv-az66-546.vwcdieab4koerntclszyavmfxa.dx.internal.cloudapp.net, ports: [REPLICATION=43537, RATIS=34569, RATIS_ADMIN=34569, RATIS_SERVER=34569, STANDALONE=39783], networkLocation: /default-rack, certSerialId: null, persistedOpState: IN_SERVICE, persistedOpStateExpiryEpochSec: 0}, placeOfBirth=98ebfad8-d5dc-46a2-9e40-7ac48868c3c4, sequenceId=30, keyCount=3, bytesUsed=57},ContainerReplica{containerID=#4, state=QUASI_CLOSED, datanodeDetails=ad74f3b2-c092-43ca-befa-d99c208edbaf{ip: 10.1.0.8, host: fv-az66-546.vwcdieab4koerntclszyavmfxa.dx.internal.cloudapp.net, ports: [REPLICATION=45511, RATIS=46867, RATIS_ADMIN=46867, RATIS_SERVER=46867, STANDALONE=34703], networkLocation: /default-rack, certSerialId: null, persistedOpState: DECOMMISSIONING, persistedOpStateExpiryEpochSec: 0}, placeOfBirth=ad74f3b2-c092-43ca-befa-d99c208edbaf, sequenceId=30, keyCount=3, bytesUsed=57},ContainerReplica{containerID=#4, state=QUASI_CLOSED, datanodeDetails=1a57f128-5fc1-45db-894e-2ffd043cedb3{ip: 10.1.0.8, host: fv-az66-546.vwcdieab4koerntclszyavmfxa.dx.internal.cloudapp.net, ports: [REPLICATION=42497, RATIS=41991, RATIS_ADMIN=41991, RATIS_SERVER=41991, STANDALONE=45247], networkLocation: /default-rack, certSerialId: null, persistedOpState: IN_SERVICE, persistedOpStateExpiryEpochSec: 0}, placeOfBirth=1a57f128-5fc1-45db-894e-2ffd043cedb3, sequenceId=30, keyCount=3, bytesUsed=57}}
2022-06-25 01:03:22,197 [DatanodeAdminManager-0] INFO  node.DatanodeAdminMonitorImpl (DatanodeAdminMonitorImpl.java:checkContainersReplicatedOnNode(327)) - ad74f3b2-c092-43ca-befa-d99c208edbaf{ip: 10.1.0.8, host: fv-az66-546.vwcdieab4koerntclszyavmfxa.dx.internal.cloudapp.net, ports: [REPLICATION=45511, RATIS=46867, RATIS_ADMIN=46867, RATIS_SERVER=46867, STANDALONE=34703], networkLocation: /default-rack, certSerialId: null, persistedOpState: DECOMMISSIONING, persistedOpStateExpiryEpochSec: 0} has 0 sufficientlyReplicated, 3 underReplicated and 0 unhealthy containers
2022-06-25 01:03:22,197 [DatanodeAdminManager-0] INFO  node.DatanodeAdminMonitorImpl (DatanodeAdminMonitorImpl.java:run(148)) - There are 1 nodes tracked for decommission and maintenance. 0 pending nodes.
2022-06-25 01:03:22,318 [Command processor thread] INFO  keyvalue.KeyValueContainer (KeyValueContainer.java:flushAndSyncDB(431)) - Container 1 is synced with bcsId 26.
2022-06-25 01:03:22,318 [Command processor thread] INFO  keyvalue.KeyValueContainer (KeyValueContainer.java:flushAndSyncDB(431)) - Container 1 is synced with bcsId 26.
2022-06-25 01:03:22,322 [Command processor thread] INFO  keyvalue.KeyValueContainer (KeyValueContainer.java:close(346)) - Container 1 is closed with bcsId 26.
2022-06-25 01:03:22,322 [Command processor thread] INFO  keyvalue.KeyValueContainer (KeyValueContainer.java:flushAndSyncDB(431)) - Container 4 is synced with bcsId 30.
2022-06-25 01:03:22,322 [Command processor thread] INFO  keyvalue.KeyValueContainer (KeyValueContainer.java:flushAndSyncDB(431)) - Container 4 is synced with bcsId 30.
2022-06-25 01:03:22,323 [Command processor thread] INFO  keyvalue.KeyValueContainer (KeyValueContainer.java:flushAndSyncDB(431)) - Container 1 is synced with bcsId 26.
2022-06-25 01:03:22,323 [Command processor thread] INFO  keyvalue.KeyValueContainer (KeyValueContainer.java:flushAndSyncDB(431)) - Container 1 is synced with bcsId 26.
2022-06-25 01:03:22,323 [FixedThreadPoolWithAffinityExecutor-8-0] INFO  container.IncrementalContainerReportHandler (AbstractContainerReportHandler.java:updateContainerState(314)) - Moving container #1 to CLOSED state, datanode ad74f3b2-c092-43ca-befa-d99c208edbaf{ip: 10.1.0.8, host: fv-az66-546.vwcdieab4koerntclszyavmfxa.dx.internal.cloudapp.net, ports: [REPLICATION=45511, RATIS=46867, RATIS_ADMIN=46867, RATIS_SERVER=46867, STANDALONE=34703], networkLocation: /default-rack, certSerialId: null, persistedOpState: DECOMMISSIONING, persistedOpStateExpiryEpochSec: 0} reported CLOSED replica.
2022-06-25 01:03:22,326 [Command processor thread] INFO  keyvalue.KeyValueContainer (KeyValueContainer.java:close(346)) - Container 1 is closed with bcsId 26.
2022-06-25 01:03:22,326 [Command processor thread] INFO  keyvalue.KeyValueContainer (KeyValueContainer.java:flushAndSyncDB(431)) - Container 4 is synced with bcsId 30.
2022-06-25 01:03:22,326 [Command processor thread] INFO  keyvalue.KeyValueContainer (KeyValueContainer.java:flushAndSyncDB(431)) - Container 4 is synced with bcsId 30.
2022-06-25 01:03:22,329 [Command processor thread] INFO  keyvalue.KeyValueContainer (KeyValueContainer.java:close(346)) - Container 4 is closed with bcsId 30.
2022-06-25 01:03:22,329 [Command processor thread] INFO  keyvalue.KeyValueContainer (KeyValueContainer.java:flushAndSyncDB(431)) - Container 6 is synced with bcsId 34.
2022-06-25 01:03:22,329 [Command processor thread] INFO  keyvalue.KeyValueContainer (KeyValueContainer.java:flushAndSyncDB(431)) - Container 6 is synced with bcsId 34.
2022-06-25 01:03:22,331 [Command processor thread] INFO  keyvalue.KeyValueContainer (KeyValueContainer.java:close(346)) - Container 4 is closed with bcsId 30.
2022-06-25 01:03:22,331 [FixedThreadPoolWithAffinityExecutor-0-0] INFO  container.IncrementalContainerReportHandler (AbstractContainerReportHandler.java:updateContainerState(314)) - Moving container #4 to CLOSED state, datanode 1a57f128-5fc1-45db-894e-2ffd043cedb3{ip: 10.1.0.8, host: fv-az66-546.vwcdieab4koerntclszyavmfxa.dx.internal.cloudapp.net, ports: [REPLICATION=42497, RATIS=41991, RATIS_ADMIN=41991, RATIS_SERVER=41991, STANDALONE=45247], networkLocation: /default-rack, certSerialId: null, persistedOpState: IN_SERVICE, persistedOpStateExpiryEpochSec: 0} reported CLOSED replica.
2022-06-25 01:03:22,331 [Command processor thread] INFO  keyvalue.KeyValueContainer (KeyValueContainer.java:flushAndSyncDB(431)) - Container 6 is synced with bcsId 34.
2022-06-25 01:03:22,331 [Command processor thread] INFO  keyvalue.KeyValueContainer (KeyValueContainer.java:flushAndSyncDB(431)) - Container 6 is synced with bcsId 34.
2022-06-25 01:03:22,333 [Command processor thread] INFO  keyvalue.KeyValueContainer (KeyValueContainer.java:close(346)) - Container 6 is closed with bcsId 34.
2022-06-25 01:03:22,334 [FixedThreadPoolWithAffinityExecutor-8-0] INFO  container.IncrementalContainerReportHandler (AbstractContainerReportHandler.java:updateContainerState(314)) - Moving container #6 to CLOSED state, datanode 1a57f128-5fc1-45db-894e-2ffd043cedb3{ip: 10.1.0.8, host: fv-az66-546.vwcdieab4koerntclszyavmfxa.dx.internal.cloudapp.net, ports: [REPLICATION=42497, RATIS=41991, RATIS_ADMIN=41991, RATIS_SERVER=41991, STANDALONE=45247], networkLocation: /default-rack, certSerialId: null, persistedOpState: IN_SERVICE, persistedOpStateExpiryEpochSec: 0} reported CLOSED replica.
2022-06-25 01:03:22,335 [Command processor thread] INFO  keyvalue.KeyValueContainer (KeyValueContainer.java:close(346)) - Container 6 is closed with bcsId 34.
2022-06-25 01:03:22,390 [ReplicationMonitor] INFO  replication.ReplicationManager (ReplicationManager.java:processAll(228)) - Replication Manager is not ready to run until 3000ms after safemode exit
2022-06-25 01:03:22,672 [IPC Server handler 0 on default port 39825] INFO  net.NetworkTopologyImpl (NetworkTopologyImpl.java:add(112)) - Added a new node: /default-rack/6ea96d82-acb4-4d53-969d-852ff983a9a8
2022-06-25 01:03:22,672 [IPC Server handler 0 on default port 39825] INFO  node.SCMNodeManager (SCMNodeManager.java:register(397)) - Registered Data node : 6ea96d82-acb4-4d53-969d-852ff983a9a8{ip: 10.1.0.8, host: fv-az66-546.vwcdieab4koerntclszyavmfxa.dx.internal.cloudapp.net, ports: [REPLICATION=46209, RATIS=38885, RATIS_ADMIN=38885, RATIS_SERVER=38885, STANDALONE=35219], networkLocation: /default-rack, certSerialId: null, persistedOpState: null, persistedOpStateExpiryEpochSec: 0}
2022-06-25 01:03:22,673 [EventQueue-NewNodeForNewNodeHandler] INFO  pipeline.BackgroundPipelineCreator (BackgroundPipelineCreator.java:notifyEventTriggered(275)) - trigger a one-shot run on RatisPipelineUtilsThread.
2022-06-25 01:03:22,674 [RatisPipelineUtilsThread - 0] INFO  pipeline.RatisPipelineProvider (RatisPipelineProvider.java:lambda$create$0(195)) - Sending CreatePipelineCommand for pipeline:PipelineID=09ea5a2b-0cfa-405b-b27f-99483cab09dc to datanode:6ea96d82-acb4-4d53-969d-852ff983a9a8
2022-06-25 01:03:22,674 [RatisPipelineUtilsThread - 0] INFO  pipeline.PipelineStateManagerImpl (PipelineStateManagerImpl.java:addPipeline(101)) - Created pipeline Pipeline[ Id: 09ea5a2b-0cfa-405b-b27f-99483cab09dc, Nodes: 6ea96d82-acb4-4d53-969d-852ff983a9a8{ip: 10.1.0.8, host: fv-az66-546.vwcdieab4koerntclszyavmfxa.dx.internal.cloudapp.net, ports: [REPLICATION=46209, RATIS=38885, RATIS_ADMIN=38885, RATIS_SERVER=38885, STANDALONE=35219], networkLocation: /default-rack, certSerialId: null, persistedOpState: IN_SERVICE, persistedOpStateExpiryEpochSec: 0}, ReplicationConfig: RATIS/ONE, State:ALLOCATED, leaderId:, CreationTimestamp2022-06-25T01:03:22.673Z[Etc/UTC]].
2022-06-25 01:03:22,674 [EventQueue-NodeRegistrationContainerReportForDataNodeSafeModeRule] INFO  safemode.SCMSafeModeManager (DataNodeSafeModeRule.java:process(71)) - SCM in safe mode. 3 DataNodes registered, 3 required.
2022-06-25 01:03:22,675 [EventQueue-NodeRegistrationContainerReportForDataNodeSafeModeRule] INFO  safemode.SCMSafeModeManager (SCMSafeModeManager.java:validateSafeModeExitRules(204)) - DataNodeSafeModeRule rule is successfully validated
2022-06-25 01:03:22,675 [EventQueue-NodeRegistrationContainerReportForDataNodeSafeModeRule] INFO  safemode.SCMSafeModeManager (SCMSafeModeManager.java:completePreCheck(233)) - All SCM safe mode pre check rules have passed
2022-06-25 01:03:22,675 [EventQueue-NodeRegistrationContainerReportForDataNodeSafeModeRule] WARN  events.EventQueue (EventQueue.java:fireEvent(216)) - No event handler registered for event TypedEvent{payloadType=SafeModeStatus, name='Safe mode status'}
2022-06-25 01:03:22,675 [EventQueue-NodeRegistrationContainerReportForDataNodeSafeModeRule] INFO  ha.SCMContext (SCMContext.java:updateSafeModeStatus(228)) - Update SafeModeStatus from SafeModeStatus{safeModeStatus=true, preCheckPassed=false} to SafeModeStatus{safeModeStatus=true, preCheckPassed=true}.
2022-06-25 01:03:22,675 [EventQueue-NodeRegistrationContainerReportForDataNodeSafeModeRule] INFO  pipeline.BackgroundPipelineCreator (BackgroundPipelineCreator.java:notifyEventTriggered(275)) - trigger a one-shot run on RatisPipelineUtilsThread.
2022-06-25 01:03:22,678 [RatisPipelineUtilsThread - 0] INFO  pipeline.RatisPipelineProvider (RatisPipelineProvider.java:lambda$create$0(195)) - Sending CreatePipelineCommand for pipeline:PipelineID=6b5a0871-f703-4c53-946a-b0a5cb9ffdbd to datanode:01c45249-58aa-4080-948c-058f514c67c8
2022-06-25 01:03:22,678 [RatisPipelineUtilsThread - 0] INFO  pipeline.RatisPipelineProvider (RatisPipelineProvider.java:lambda$create$0(195)) - Sending CreatePipelineCommand for pipeline:PipelineID=6b5a0871-f703-4c53-946a-b0a5cb9ffdbd to datanode:d8c5d3b0-2e04-4734-8dc0-dbe4861d4401
2022-06-25 01:03:22,678 [RatisPipelineUtilsThread - 0] INFO  pipeline.RatisPipelineProvider (RatisPipelineProvider.java:lambda$create$0(195)) - Sending CreatePipelineCommand for pipeline:PipelineID=6b5a0871-f703-4c53-946a-b0a5cb9ffdbd to datanode:6ea96d82-acb4-4d53-969d-852ff983a9a8
2022-06-25 01:03:22,679 [RatisPipelineUtilsThread - 0] INFO  pipeline.PipelineStateManagerImpl (PipelineStateManagerImpl.java:addPipeline(101)) - Created pipeline Pipeline[ Id: 6b5a0871-f703-4c53-946a-b0a5cb9ffdbd, Nodes: 01c45249-58aa-4080-948c-058f514c67c8{ip: 10.1.0.8, host: fv-az66-546.vwcdieab4koerntclszyavmfxa.dx.internal.cloudapp.net, ports: [REPLICATION=46405, RATIS=37869, RATIS_ADMIN=37869, RATIS_SERVER=37869, STANDALONE=42275], networkLocation: /default-rack, certSerialId: null, persistedOpState: IN_SERVICE, persistedOpStateExpiryEpochSec: 0}d8c5d3b0-2e04-4734-8dc0-dbe4861d4401{ip: 10.1.0.8, host: fv-az66-546.vwcdieab4koerntclszyavmfxa.dx.internal.cloudapp.net, ports: [REPLICATION=44149, RATIS=41245, RATIS_ADMIN=41245, RATIS_SERVER=41245, STANDALONE=43719], networkLocation: /default-rack, certSerialId: null, persistedOpState: IN_SERVICE, persistedOpStateExpiryEpochSec: 0}6ea96d82-acb4-4d53-969d-852ff983a9a8{ip: 10.1.0.8, host: fv-az66-546.vwcdieab4koerntclszyavmfxa.dx.internal.cloudapp.net, ports: [REPLICATION=46209, RATIS=38885, RATIS_ADMIN=38885, RATIS_SERVER=38885, STANDALONE=35219], networkLocation: /default-rack, certSerialId: null, persistedOpState: IN_SERVICE, persistedOpStateExpiryEpochSec: 0}, ReplicationConfig: RATIS/THREE, State:ALLOCATED, leaderId:, CreationTimestamp2022-06-25T01:03:22.678Z[Etc/UTC]].
2022-06-25 01:03:22,834 [Listener at 127.0.0.1/35937] INFO  ozone.MiniOzoneClusterImpl (MiniOzoneClusterImpl.java:lambda$waitForClusterToBeReady$0(223)) - Waiting for nodes to be ready. Got 3 of 6 DN Heartbeats.
2022-06-25 01:03:22,834 [Listener at 127.0.0.1/35937] INFO  ozone.MiniOzoneClusterImpl (MiniOzoneClusterImpl.java:lambda$waitForClusterToBeReady$0(226)) - Waiting for cluster to exit safe mode
2022-06-25 01:03:22,834 [Listener at 127.0.0.1/35937] INFO  ozone.MiniOzoneClusterImpl (MiniOzoneClusterImpl.java:lambda$waitForClusterToBeReady$0(228)) - SCM became leader
2022-06-25 01:03:23,012 [IPC Server handler 2 on default port 39825] INFO  net.NetworkTopologyImpl (NetworkTopologyImpl.java:add(112)) - Added a new node: /default-rack/df1d8881-24e2-4ee3-b76e-d18ef9412a67
2022-06-25 01:03:23,012 [IPC Server handler 2 on default port 39825] INFO  node.SCMNodeManager (SCMNodeManager.java:register(397)) - Registered Data node : df1d8881-24e2-4ee3-b76e-d18ef9412a67{ip: 10.1.0.8, host: fv-az66-546.vwcdieab4koerntclszyavmfxa.dx.internal.cloudapp.net, ports: [REPLICATION=45237, RATIS=33439, RATIS_ADMIN=33439, RATIS_SERVER=33439, STANDALONE=36217], networkLocation: /default-rack, certSerialId: null, persistedOpState: null, persistedOpStateExpiryEpochSec: 0}
2022-06-25 01:03:23,013 [EventQueue-NewNodeForNewNodeHandler] INFO  pipeline.BackgroundPipelineCreator (BackgroundPipelineCreator.java:notifyEventTriggered(275)) - trigger a one-shot run on RatisPipelineUtilsThread.
2022-06-25 01:03:23,013 [RatisPipelineUtilsThread - 0] INFO  pipeline.RatisPipelineProvider (RatisPipelineProvider.java:lambda$create$0(195)) - Sending CreatePipelineCommand for pipeline:PipelineID=d356e671-08e7-4d83-b733-cf776bb7fbc5 to datanode:df1d8881-24e2-4ee3-b76e-d18ef9412a67
2022-06-25 01:03:23,014 [RatisPipelineUtilsThread - 0] INFO  pipeline.PipelineStateManagerImpl (PipelineStateManagerImpl.java:addPipeline(101)) - Created pipeline Pipeline[ Id: d356e671-08e7-4d83-b733-cf776bb7fbc5, Nodes: df1d8881-24e2-4ee3-b76e-d18ef9412a67{ip: 10.1.0.8, host: fv-az66-546.vwcdieab4koerntclszyavmfxa.dx.internal.cloudapp.net, ports: [REPLICATION=45237, RATIS=33439, RATIS_ADMIN=33439, RATIS_SERVER=33439, STANDALONE=36217], networkLocation: /default-rack, certSerialId: null, persistedOpState: IN_SERVICE, persistedOpStateExpiryEpochSec: 0}, ReplicationConfig: RATIS/ONE, State:ALLOCATED, leaderId:, CreationTimestamp2022-06-25T01:03:23.013Z[Etc/UTC]].
2022-06-25 01:03:23,193 [DatanodeAdminManager-0] INFO  node.DatanodeAdminMonitorImpl (DatanodeAdminMonitorImpl.java:checkContainersReplicatedOnNode(306)) - Under Replicated Container #6 Container State: CLOSED Replica Count: 3 Healthy Count: 2 Decommission Count: 1 Maintenance Count: 0 inFlightAdd Count: 0 inFightDel Count: 0 ReplicationFactor: 3 minMaintenance Count: 2; Replicas{ContainerReplica{containerID=#6, state=CLOSED, datanodeDetails=ad74f3b2-c092-43ca-befa-d99c208edbaf{ip: 10.1.0.8, host: fv-az66-546.vwcdieab4koerntclszyavmfxa.dx.internal.cloudapp.net, ports: [REPLICATION=45511, RATIS=46867, RATIS_ADMIN=46867, RATIS_SERVER=46867, STANDALONE=34703], networkLocation: /default-rack, certSerialId: null, persistedOpState: DECOMMISSIONING, persistedOpStateExpiryEpochSec: 0}, placeOfBirth=ad74f3b2-c092-43ca-befa-d99c208edbaf, sequenceId=34, keyCount=3, bytesUsed=57},ContainerReplica{containerID=#6, state=QUASI_CLOSED, datanodeDetails=98ebfad8-d5dc-46a2-9e40-7ac48868c3c4{ip: 10.1.0.8, host: fv-az66-546.vwcdieab4koerntclszyavmfxa.dx.internal.cloudapp.net, ports: [REPLICATION=43537, RATIS=34569, RATIS_ADMIN=34569, RATIS_SERVER=34569, STANDALONE=39783], networkLocation: /default-rack, certSerialId: null, persistedOpState: IN_SERVICE, persistedOpStateExpiryEpochSec: 0}, placeOfBirth=98ebfad8-d5dc-46a2-9e40-7ac48868c3c4, sequenceId=34, keyCount=3, bytesUsed=57},ContainerReplica{containerID=#6, state=CLOSED, datanodeDetails=1a57f128-5fc1-45db-894e-2ffd043cedb3{ip: 10.1.0.8, host: fv-az66-546.vwcdieab4koerntclszyavmfxa.dx.internal.cloudapp.net, ports: [REPLICATION=42497, RATIS=41991, RATIS_ADMIN=41991, RATIS_SERVER=41991, STANDALONE=45247], networkLocation: /default-rack, certSerialId: null, persistedOpState: IN_SERVICE, persistedOpStateExpiryEpochSec: 0}, placeOfBirth=1a57f128-5fc1-45db-894e-2ffd043cedb3, sequenceId=34, keyCount=3, bytesUsed=57}}
2022-06-25 01:03:23,193 [DatanodeAdminManager-0] INFO  node.DatanodeAdminMonitorImpl (DatanodeAdminMonitorImpl.java:checkContainersReplicatedOnNode(317)) - Unhealthy Container #6 Container State: CLOSED Replica Count: 3 Healthy Count: 2 Decommission Count: 1 Maintenance Count: 0 inFlightAdd Count: 0 inFightDel Count: 0 ReplicationFactor: 3 minMaintenance Count: 2; Replicas{ContainerReplica{containerID=#6, state=CLOSED, datanodeDetails=ad74f3b2-c092-43ca-befa-d99c208edbaf{ip: 10.1.0.8, host: fv-az66-546.vwcdieab4koerntclszyavmfxa.dx.internal.cloudapp.net, ports: [REPLICATION=45511, RATIS=46867, RATIS_ADMIN=46867, RATIS_SERVER=46867, STANDALONE=34703], networkLocation: /default-rack, certSerialId: null, persistedOpState: DECOMMISSIONING, persistedOpStateExpiryEpochSec: 0}, placeOfBirth=ad74f3b2-c092-43ca-befa-d99c208edbaf, sequenceId=34, keyCount=3, bytesUsed=57},ContainerReplica{containerID=#6, state=QUASI_CLOSED, datanodeDetails=98ebfad8-d5dc-46a2-9e40-7ac48868c3c4{ip: 10.1.0.8, host: fv-az66-546.vwcdieab4koerntclszyavmfxa.dx.internal.cloudapp.net, ports: [REPLICATION=43537, RATIS=34569, RATIS_ADMIN=34569, RATIS_SERVER=34569, STANDALONE=39783], networkLocation: /default-rack, certSerialId: null, persistedOpState: IN_SERVICE, persistedOpStateExpiryEpochSec: 0}, placeOfBirth=98ebfad8-d5dc-46a2-9e40-7ac48868c3c4, sequenceId=34, keyCount=3, bytesUsed=57},ContainerReplica{containerID=#6, state=CLOSED, datanodeDetails=1a57f128-5fc1-45db-894e-2ffd043cedb3{ip: 10.1.0.8, host: fv-az66-546.vwcdieab4koerntclszyavmfxa.dx.internal.cloudapp.net, ports: [REPLICATION=42497, RATIS=41991, RATIS_ADMIN=41991, RATIS_SERVER=41991, STANDALONE=45247], networkLocation: /default-rack, certSerialId: null, persistedOpState: IN_SERVICE, persistedOpStateExpiryEpochSec: 0}, placeOfBirth=1a57f128-5fc1-45db-894e-2ffd043cedb3, sequenceId=34, keyCount=3, bytesUsed=57}}
2022-06-25 01:03:23,193 [DatanodeAdminManager-0] INFO  node.DatanodeAdminMonitorImpl (DatanodeAdminMonitorImpl.java:checkContainersReplicatedOnNode(306)) - Under Replicated Container #1 Container State: CLOSED Replica Count: 3 Healthy Count: 2 Decommission Count: 1 Maintenance Count: 0 inFlightAdd Count: 0 inFightDel Count: 0 ReplicationFactor: 3 minMaintenance Count: 2; Replicas{ContainerReplica{containerID=#1, state=CLOSED, datanodeDetails=ad74f3b2-c092-43ca-befa-d99c208edbaf{ip: 10.1.0.8, host: fv-az66-546.vwcdieab4koerntclszyavmfxa.dx.internal.cloudapp.net, ports: [REPLICATION=45511, RATIS=46867, RATIS_ADMIN=46867, RATIS_SERVER=46867, STANDALONE=34703], networkLocation: /default-rack, certSerialId: null, persistedOpState: DECOMMISSIONING, persistedOpStateExpiryEpochSec: 0}, placeOfBirth=ad74f3b2-c092-43ca-befa-d99c208edbaf, sequenceId=26, keyCount=3, bytesUsed=57},ContainerReplica{containerID=#1, state=QUASI_CLOSED, datanodeDetails=98ebfad8-d5dc-46a2-9e40-7ac48868c3c4{ip: 10.1.0.8, host: fv-az66-546.vwcdieab4koerntclszyavmfxa.dx.internal.cloudapp.net, ports: [REPLICATION=43537, RATIS=34569, RATIS_ADMIN=34569, RATIS_SERVER=34569, STANDALONE=39783], networkLocation: /default-rack, certSerialId: null, persistedOpState: IN_SERVICE, persistedOpStateExpiryEpochSec: 0}, placeOfBirth=98ebfad8-d5dc-46a2-9e40-7ac48868c3c4, sequenceId=26, keyCount=3, bytesUsed=57},ContainerReplica{containerID=#1, state=CLOSED, datanodeDetails=1a57f128-5fc1-45db-894e-2ffd043cedb3{ip: 10.1.0.8, host: fv-az66-546.vwcdieab4koerntclszyavmfxa.dx.internal.cloudapp.net, ports: [REPLICATION=42497, RATIS=41991, RATIS_ADMIN=41991, RATIS_SERVER=41991, STANDALONE=45247], networkLocation: /default-rack, certSerialId: null, persistedOpState: IN_SERVICE, persistedOpStateExpiryEpochSec: 0}, placeOfBirth=1a57f128-5fc1-45db-894e-2ffd043cedb3, sequenceId=26, keyCount=3, bytesUsed=57}}
2022-06-25 01:03:23,193 [DatanodeAdminManager-0] INFO  node.DatanodeAdminMonitorImpl (DatanodeAdminMonitorImpl.java:checkContainersReplicatedOnNode(317)) - Unhealthy Container #1 Container State: CLOSED Replica Count: 3 Healthy Count: 2 Decommission Count: 1 Maintenance Count: 0 inFlightAdd Count: 0 inFightDel Count: 0 ReplicationFactor: 3 minMaintenance Count: 2; Replicas{ContainerReplica{containerID=#1, state=CLOSED, datanodeDetails=ad74f3b2-c092-43ca-befa-d99c208edbaf{ip: 10.1.0.8, host: fv-az66-546.vwcdieab4koerntclszyavmfxa.dx.internal.cloudapp.net, ports: [REPLICATION=45511, RATIS=46867, RATIS_ADMIN=46867, RATIS_SERVER=46867, STANDALONE=34703], networkLocation: /default-rack, certSerialId: null, persistedOpState: DECOMMISSIONING, persistedOpStateExpiryEpochSec: 0}, placeOfBirth=ad74f3b2-c092-43ca-befa-d99c208edbaf, sequenceId=26, keyCount=3, bytesUsed=57},ContainerReplica{containerID=#1, state=QUASI_CLOSED, datanodeDetails=98ebfad8-d5dc-46a2-9e40-7ac48868c3c4{ip: 10.1.0.8, host: fv-az66-546.vwcdieab4koerntclszyavmfxa.dx.internal.cloudapp.net, ports: [REPLICATION=43537, RATIS=34569, RATIS_ADMIN=34569, RATIS_SERVER=34569, STANDALONE=39783], networkLocation: /default-rack, certSerialId: null, persistedOpState: IN_SERVICE, persistedOpStateExpiryEpochSec: 0}, placeOfBirth=98ebfad8-d5dc-46a2-9e40-7ac48868c3c4, sequenceId=26, keyCount=3, bytesUsed=57},ContainerReplica{containerID=#1, state=CLOSED, datanodeDetails=1a57f128-5fc1-45db-894e-2ffd043cedb3{ip: 10.1.0.8, host: fv-az66-546.vwcdieab4koerntclszyavmfxa.dx.internal.cloudapp.net, ports: [REPLICATION=42497, RATIS=41991, RATIS_ADMIN=41991, RATIS_SERVER=41991, STANDALONE=45247], networkLocation: /default-rack, certSerialId: null, persistedOpState: IN_SERVICE, persistedOpStateExpiryEpochSec: 0}, placeOfBirth=1a57f128-5fc1-45db-894e-2ffd043cedb3, sequenceId=26, keyCount=3, bytesUsed=57}}
2022-06-25 01:03:23,194 [DatanodeAdminManager-0] INFO  node.DatanodeAdminMonitorImpl (DatanodeAdminMonitorImpl.java:checkContainersReplicatedOnNode(306)) - Under Replicated Container #4 Container State: CLOSED Replica Count: 3 Healthy Count: 2 Decommission Count: 1 Maintenance Count: 0 inFlightAdd Count: 0 inFightDel Count: 0 ReplicationFactor: 3 minMaintenance Count: 2; Replicas{ContainerReplica{containerID=#4, state=QUASI_CLOSED, datanodeDetails=98ebfad8-d5dc-46a2-9e40-7ac48868c3c4{ip: 10.1.0.8, host: fv-az66-546.vwcdieab4koerntclszyavmfxa.dx.internal.cloudapp.net, ports: [REPLICATION=43537, RATIS=34569, RATIS_ADMIN=34569, RATIS_SERVER=34569, STANDALONE=39783], networkLocation: /default-rack, certSerialId: null, persistedOpState: IN_SERVICE, persistedOpStateExpiryEpochSec: 0}, placeOfBirth=98ebfad8-d5dc-46a2-9e40-7ac48868c3c4, sequenceId=30, keyCount=3, bytesUsed=57},ContainerReplica{containerID=#4, state=CLOSED, datanodeDetails=ad74f3b2-c092-43ca-befa-d99c208edbaf{ip: 10.1.0.8, host: fv-az66-546.vwcdieab4koerntclszyavmfxa.dx.internal.cloudapp.net, ports: [REPLICATION=45511, RATIS=46867, RATIS_ADMIN=46867, RATIS_SERVER=46867, STANDALONE=34703], networkLocation: /default-rack, certSerialId: null, persistedOpState: DECOMMISSIONING, persistedOpStateExpiryEpochSec: 0}, placeOfBirth=ad74f3b2-c092-43ca-befa-d99c208edbaf, sequenceId=30, keyCount=3, bytesUsed=57},ContainerReplica{containerID=#4, state=CLOSED, datanodeDetails=1a57f128-5fc1-45db-894e-2ffd043cedb3{ip: 10.1.0.8, host: fv-az66-546.vwcdieab4koerntclszyavmfxa.dx.internal.cloudapp.net, ports: [REPLICATION=42497, RATIS=41991, RATIS_ADMIN=41991, RATIS_SERVER=41991, STANDALONE=45247], networkLocation: /default-rack, certSerialId: null, persistedOpState: IN_SERVICE, persistedOpStateExpiryEpochSec: 0}, placeOfBirth=1a57f128-5fc1-45db-894e-2ffd043cedb3, sequenceId=30, keyCount=3, bytesUsed=57}}
2022-06-25 01:03:23,194 [DatanodeAdminManager-0] INFO  node.DatanodeAdminMonitorImpl (DatanodeAdminMonitorImpl.java:checkContainersReplicatedOnNode(317)) - Unhealthy Container #4 Container State: CLOSED Replica Count: 3 Healthy Count: 2 Decommission Count: 1 Maintenance Count: 0 inFlightAdd Count: 0 inFightDel Count: 0 ReplicationFactor: 3 minMaintenance Count: 2; Replicas{ContainerReplica{containerID=#4, state=QUASI_CLOSED, datanodeDetails=98ebfad8-d5dc-46a2-9e40-7ac48868c3c4{ip: 10.1.0.8, host: fv-az66-546.vwcdieab4koerntclszyavmfxa.dx.internal.cloudapp.net, ports: [REPLICATION=43537, RATIS=34569, RATIS_ADMIN=34569, RATIS_SERVER=34569, STANDALONE=39783], networkLocation: /default-rack, certSerialId: null, persistedOpState: IN_SERVICE, persistedOpStateExpiryEpochSec: 0}, placeOfBirth=98ebfad8-d5dc-46a2-9e40-7ac48868c3c4, sequenceId=30, keyCount=3, bytesUsed=57},ContainerReplica{containerID=#4, state=CLOSED, datanodeDetails=ad74f3b2-c092-43ca-befa-d99c208edbaf{ip: 10.1.0.8, host: fv-az66-546.vwcdieab4koerntclszyavmfxa.dx.internal.cloudapp.net, ports: [REPLICATION=45511, RATIS=46867, RATIS_ADMIN=46867, RATIS_SERVER=46867, STANDALONE=34703], networkLocation: /default-rack, certSerialId: null, persistedOpState: DECOMMISSIONING, persistedOpStateExpiryEpochSec: 0}, placeOfBirth=ad74f3b2-c092-43ca-befa-d99c208edbaf, sequenceId=30, keyCount=3, bytesUsed=57},ContainerReplica{containerID=#4, state=CLOSED, datanodeDetails=1a57f128-5fc1-45db-894e-2ffd043cedb3{ip: 10.1.0.8, host: fv-az66-546.vwcdieab4koerntclszyavmfxa.dx.internal.cloudapp.net, ports: [REPLICATION=42497, RATIS=41991, RATIS_ADMIN=41991, RATIS_SERVER=41991, STANDALONE=45247], networkLocation: /default-rack, certSerialId: null, persistedOpState: IN_SERVICE, persistedOpStateExpiryEpochSec: 0}, placeOfBirth=1a57f128-5fc1-45db-894e-2ffd043cedb3, sequenceId=30, keyCount=3, bytesUsed=57}}
2022-06-25 01:03:23,194 [DatanodeAdminManager-0] INFO  node.DatanodeAdminMonitorImpl (DatanodeAdminMonitorImpl.java:checkContainersReplicatedOnNode(327)) - ad74f3b2-c092-43ca-befa-d99c208edbaf{ip: 10.1.0.8, host: fv-az66-546.vwcdieab4koerntclszyavmfxa.dx.internal.cloudapp.net, ports: [REPLICATION=45511, RATIS=46867, RATIS_ADMIN=46867, RATIS_SERVER=46867, STANDALONE=34703], networkLocation: /default-rack, certSerialId: null, persistedOpState: DECOMMISSIONING, persistedOpStateExpiryEpochSec: 0} has 0 sufficientlyReplicated, 3 underReplicated and 3 unhealthy containers
2022-06-25 01:03:23,194 [DatanodeAdminManager-0] INFO  node.DatanodeAdminMonitorImpl (DatanodeAdminMonitorImpl.java:run(148)) - There are 1 nodes tracked for decommission and maintenance. 0 pending nodes.
2022-06-25 01:03:23,204 [ReplicationMonitor] INFO  replication.LegacyReplicationManager (LegacyReplicationManager.java:handleUnderReplicatedContainer(1192)) - Container #1 is under replicated. Expected replica count is 3, but found 2.
2022-06-25 01:03:23,205 [ReplicationMonitor] INFO  replication.LegacyReplicationManager (LegacyReplicationManager.java:sendReplicateCommand(1555)) - Sending replicate container command for container #1 to datanode c48feabb-8c37-49df-8552-4f20ff63b661{ip: 10.1.0.8, host: fv-az66-546.vwcdieab4koerntclszyavmfxa.dx.internal.cloudapp.net, ports: [REPLICATION=34103, RATIS=40341, RATIS_ADMIN=40341, RATIS_SERVER=40341, STANDALONE=45743], networkLocation: /default-rack, certSerialId: null, persistedOpState: IN_SERVICE, persistedOpStateExpiryEpochSec: 0} from datanodes [ad74f3b2-c092-43ca-befa-d99c208edbaf{ip: 10.1.0.8, host: fv-az66-546.vwcdieab4koerntclszyavmfxa.dx.internal.cloudapp.net, ports: [REPLICATION=45511, RATIS=46867, RATIS_ADMIN=46867, RATIS_SERVER=46867, STANDALONE=34703], networkLocation: /default-rack, certSerialId: null, persistedOpState: DECOMMISSIONING, persistedOpStateExpiryEpochSec: 0}, 98ebfad8-d5dc-46a2-9e40-7ac48868c3c4{ip: 10.1.0.8, host: fv-az66-546.vwcdieab4koerntclszyavmfxa.dx.internal.cloudapp.net, ports: [REPLICATION=43537, RATIS=34569, RATIS_ADMIN=34569, RATIS_SERVER=34569, STANDALONE=39783], networkLocation: /default-rack, certSerialId: null, persistedOpState: IN_SERVICE, persistedOpStateExpiryEpochSec: 0}, 1a57f128-5fc1-45db-894e-2ffd043cedb3{ip: 10.1.0.8, host: fv-az66-546.vwcdieab4koerntclszyavmfxa.dx.internal.cloudapp.net, ports: [REPLICATION=42497, RATIS=41991, RATIS_ADMIN=41991, RATIS_SERVER=41991, STANDALONE=45247], networkLocation: /default-rack, certSerialId: null, persistedOpState: IN_SERVICE, persistedOpStateExpiryEpochSec: 0}]
2022-06-25 01:03:23,206 [ReplicationMonitor] INFO  replication.LegacyReplicationManager (LegacyReplicationManager.java:handleUnderReplicatedContainer(1192)) - Container #4 is under replicated. Expected replica count is 3, but found 2.
2022-06-25 01:03:23,206 [ReplicationMonitor] INFO  replication.LegacyReplicationManager (LegacyReplicationManager.java:sendReplicateCommand(1555)) - Sending replicate container command for container #4 to datanode c19fc8e0-326e-4773-b88f-3f9b256b9096{ip: 10.1.0.8, host: fv-az66-546.vwcdieab4koerntclszyavmfxa.dx.internal.cloudapp.net, ports: [REPLICATION=46197, RATIS=33079, RATIS_ADMIN=33079, RATIS_SERVER=33079, STANDALONE=44395], networkLocation: /default-rack, certSerialId: null, persistedOpState: IN_SERVICE, persistedOpStateExpiryEpochSec: 0} from datanodes [98ebfad8-d5dc-46a2-9e40-7ac48868c3c4{ip: 10.1.0.8, host: fv-az66-546.vwcdieab4koerntclszyavmfxa.dx.internal.cloudapp.net, ports: [REPLICATION=43537, RATIS=34569, RATIS_ADMIN=34569, RATIS_SERVER=34569, STANDALONE=39783], networkLocation: /default-rack, certSerialId: null, persistedOpState: IN_SERVICE, persistedOpStateExpiryEpochSec: 0}, ad74f3b2-c092-43ca-befa-d99c208edbaf{ip: 10.1.0.8, host: fv-az66-546.vwcdieab4koerntclszyavmfxa.dx.internal.cloudapp.net, ports: [REPLICATION=45511, RATIS=46867, RATIS_ADMIN=46867, RATIS_SERVER=46867, STANDALONE=34703], networkLocation: /default-rack, certSerialId: null, persistedOpState: DECOMMISSIONING, persistedOpStateExpiryEpochSec: 0}, 1a57f128-5fc1-45db-894e-2ffd043cedb3{ip: 10.1.0.8, host: fv-az66-546.vwcdieab4koerntclszyavmfxa.dx.internal.cloudapp.net, ports: [REPLICATION=42497, RATIS=41991, RATIS_ADMIN=41991, RATIS_SERVER=41991, STANDALONE=45247], networkLocation: /default-rack, certSerialId: null, persistedOpState: IN_SERVICE, persistedOpStateExpiryEpochSec: 0}]
2022-06-25 01:03:23,207 [ReplicationMonitor] INFO  replication.LegacyReplicationManager (LegacyReplicationManager.java:handleUnderReplicatedContainer(1192)) - Container #6 is under replicated. Expected replica count is 3, but found 2.
2022-06-25 01:03:23,207 [ReplicationMonitor] INFO  replication.LegacyReplicationManager (LegacyReplicationManager.java:sendReplicateCommand(1555)) - Sending replicate container command for container #6 to datanode c48feabb-8c37-49df-8552-4f20ff63b661{ip: 10.1.0.8, host: fv-az66-546.vwcdieab4koerntclszyavmfxa.dx.internal.cloudapp.net, ports: [REPLICATION=34103, RATIS=40341, RATIS_ADMIN=40341, RATIS_SERVER=40341, STANDALONE=45743], networkLocation: /default-rack, certSerialId: null, persistedOpState: IN_SERVICE, persistedOpStateExpiryEpochSec: 0} from datanodes [ad74f3b2-c092-43ca-befa-d99c208edbaf{ip: 10.1.0.8, host: fv-az66-546.vwcdieab4koerntclszyavmfxa.dx.internal.cloudapp.net, ports: [REPLICATION=45511, RATIS=46867, RATIS_ADMIN=46867, RATIS_SERVER=46867, STANDALONE=34703], networkLocation: /default-rack, certSerialId: null, persistedOpState: DECOMMISSIONING, persistedOpStateExpiryEpochSec: 0}, 98ebfad8-d5dc-46a2-9e40-7ac48868c3c4{ip: 10.1.0.8, host: fv-az66-546.vwcdieab4koerntclszyavmfxa.dx.internal.cloudapp.net, ports: [REPLICATION=43537, RATIS=34569, RATIS_ADMIN=34569, RATIS_SERVER=34569, STANDALONE=39783], networkLocation: /default-rack, certSerialId: null, persistedOpState: IN_SERVICE, persistedOpStateExpiryEpochSec: 0}, 1a57f128-5fc1-45db-894e-2ffd043cedb3{ip: 10.1.0.8, host: fv-az66-546.vwcdieab4koerntclszyavmfxa.dx.internal.cloudapp.net, ports: [REPLICATION=42497, RATIS=41991, RATIS_ADMIN=41991, RATIS_SERVER=41991, STANDALONE=45247], networkLocation: /default-rack, certSerialId: null, persistedOpState: IN_SERVICE, persistedOpStateExpiryEpochSec: 0}]
2022-06-25 01:03:23,207 [ReplicationMonitor] INFO  replication.ReplicationManager (ReplicationManager.java:processAll(249)) - Replication Monitor Thread took 10 milliseconds for processing 6 containers.
2022-06-25 01:03:23,275 [Command processor thread] INFO  keyvalue.KeyValueContainer (KeyValueContainer.java:flushAndSyncDB(431)) - Container 1 is synced with bcsId 26.
2022-06-25 01:03:23,275 [Command processor thread] INFO  keyvalue.KeyValueContainer (KeyValueContainer.java:flushAndSyncDB(431)) - Container 1 is synced with bcsId 26.
2022-06-25 01:03:23,278 [Command processor thread] INFO  keyvalue.KeyValueContainer (KeyValueContainer.java:close(346)) - Container 1 is closed with bcsId 26.
2022-06-25 01:03:23,278 [Command processor thread] INFO  keyvalue.KeyValueContainer (KeyValueContainer.java:flushAndSyncDB(431)) - Container 4 is synced with bcsId 30.
2022-06-25 01:03:23,278 [Command processor thread] INFO  keyvalue.KeyValueContainer (KeyValueContainer.java:flushAndSyncDB(431)) - Container 4 is synced with bcsId 30.
2022-06-25 01:03:23,281 [Command processor thread] INFO  keyvalue.KeyValueContainer (KeyValueContainer.java:close(346)) - Container 4 is closed with bcsId 30.
2022-06-25 01:03:23,281 [Command processor thread] INFO  keyvalue.KeyValueContainer (KeyValueContainer.java:flushAndSyncDB(431)) - Container 6 is synced with bcsId 34.
2022-06-25 01:03:23,282 [Command processor thread] INFO  keyvalue.KeyValueContainer (KeyValueContainer.java:flushAndSyncDB(431)) - Container 6 is synced with bcsId 34.
2022-06-25 01:03:23,286 [Command processor thread] INFO  keyvalue.KeyValueContainer (KeyValueContainer.java:close(346)) - Container 6 is closed with bcsId 34.
2022-06-25 01:03:23,390 [ReplicationMonitor] INFO  replication.ReplicationManager (ReplicationManager.java:processAll(228)) - Replication Manager is not ready to run until 3000ms after safemode exit
2022-06-25 01:03:23,427 [IPC Server handler 4 on default port 39825] INFO  net.NetworkTopologyImpl (NetworkTopologyImpl.java:add(112)) - Added a new node: /default-rack/7249bc38-cb50-4b50-8149-55795ead00f8
2022-06-25 01:03:23,427 [IPC Server handler 4 on default port 39825] INFO  node.SCMNodeManager (SCMNodeManager.java:register(397)) - Registered Data node : 7249bc38-cb50-4b50-8149-55795ead00f8{ip: 10.1.0.8, host: fv-az66-546.vwcdieab4koerntclszyavmfxa.dx.internal.cloudapp.net, ports: [REPLICATION=45851, RATIS=41595, RATIS_ADMIN=41595, RATIS_SERVER=41595, STANDALONE=36789], networkLocation: /default-rack, certSerialId: null, persistedOpState: null, persistedOpStateExpiryEpochSec: 0}
2022-06-25 01:03:23,427 [EventQueue-NewNodeForNewNodeHandler] INFO  pipeline.BackgroundPipelineCreator (BackgroundPipelineCreator.java:notifyEventTriggered(275)) - trigger a one-shot run on RatisPipelineUtilsThread.
2022-06-25 01:03:23,428 [RatisPipelineUtilsThread - 0] INFO  pipeline.RatisPipelineProvider (RatisPipelineProvider.java:lambda$create$0(195)) - Sending CreatePipelineCommand for pipeline:PipelineID=bafc2473-aa48-4510-9bd8-96990f47e214 to datanode:7249bc38-cb50-4b50-8149-55795ead00f8
2022-06-25 01:03:23,429 [RatisPipelineUtilsThread - 0] INFO  pipeline.PipelineStateManagerImpl (PipelineStateManagerImpl.java:addPipeline(101)) - Created pipeline Pipeline[ Id: bafc2473-aa48-4510-9bd8-96990f47e214, Nodes: 7249bc38-cb50-4b50-8149-55795ead00f8{ip: 10.1.0.8, host: fv-az66-546.vwcdieab4koerntclszyavmfxa.dx.internal.cloudapp.net, ports: [REPLICATION=45851, RATIS=41595, RATIS_ADMIN=41595, RATIS_SERVER=41595, STANDALONE=36789], networkLocation: /default-rack, certSerialId: null, persistedOpState: IN_SERVICE, persistedOpStateExpiryEpochSec: 0}, ReplicationConfig: RATIS/ONE, State:ALLOCATED, leaderId:, CreationTimestamp2022-06-25T01:03:23.428Z[Etc/UTC]].
2022-06-25 01:03:23,834 [Listener at 127.0.0.1/35937] INFO  ozone.MiniOzoneClusterImpl (MiniOzoneClusterImpl.java:lambda$waitForClusterToBeReady$0(223)) - Waiting for nodes to be ready. Got 5 of 6 DN Heartbeats.
2022-06-25 01:03:23,834 [Listener at 127.0.0.1/35937] INFO  ozone.MiniOzoneClusterImpl (MiniOzoneClusterImpl.java:lambda$waitForClusterToBeReady$0(226)) - Waiting for cluster to exit safe mode
2022-06-25 01:03:23,834 [Listener at 127.0.0.1/35937] INFO  ozone.MiniOzoneClusterImpl (MiniOzoneClusterImpl.java:lambda$waitForClusterToBeReady$0(228)) - SCM became leader
2022-06-25 01:03:23,851 [IPC Server handler 1 on default port 39825] INFO  net.NetworkTopologyImpl (NetworkTopologyImpl.java:add(112)) - Added a new node: /default-rack/f13c4bc8-70da-4cb5-bf8c-82536bc78435
2022-06-25 01:03:23,852 [IPC Server handler 1 on default port 39825] INFO  node.SCMNodeManager (SCMNodeManager.java:register(397)) - Registered Data node : f13c4bc8-70da-4cb5-bf8c-82536bc78435{ip: 10.1.0.8, host: fv-az66-546.vwcdieab4koerntclszyavmfxa.dx.internal.cloudapp.net, ports: [REPLICATION=46857, RATIS=42013, RATIS_ADMIN=42013, RATIS_SERVER=42013, STANDALONE=34767], networkLocation: /default-rack, certSerialId: null, persistedOpState: null, persistedOpStateExpiryEpochSec: 0}
2022-06-25 01:03:23,852 [EventQueue-NewNodeForNewNodeHandler] INFO  pipeline.BackgroundPipelineCreator (BackgroundPipelineCreator.java:notifyEventTriggered(275)) - trigger a one-shot run on RatisPipelineUtilsThread.
2022-06-25 01:03:23,855 [RatisPipelineUtilsThread - 0] INFO  pipeline.RatisPipelineProvider (RatisPipelineProvider.java:lambda$create$0(195)) - Sending CreatePipelineCommand for pipeline:PipelineID=11723f2b-17fa-4f84-8543-43c009ccf7c6 to datanode:f13c4bc8-70da-4cb5-bf8c-82536bc78435
2022-06-25 01:03:23,855 [RatisPipelineUtilsThread - 0] INFO  pipeline.PipelineStateManagerImpl (PipelineStateManagerImpl.java:addPipeline(101)) - Created pipeline Pipeline[ Id: 11723f2b-17fa-4f84-8543-43c009ccf7c6, Nodes: f13c4bc8-70da-4cb5-bf8c-82536bc78435{ip: 10.1.0.8, host: fv-az66-546.vwcdieab4koerntclszyavmfxa.dx.internal.cloudapp.net, ports: [REPLICATION=46857, RATIS=42013, RATIS_ADMIN=42013, RATIS_SERVER=42013, STANDALONE=34767], networkLocation: /default-rack, certSerialId: null, persistedOpState: IN_SERVICE, persistedOpStateExpiryEpochSec: 0}, ReplicationConfig: RATIS/ONE, State:ALLOCATED, leaderId:, CreationTimestamp2022-06-25T01:03:23.854Z[Etc/UTC]].
2022-06-25 01:03:23,856 [RatisPipelineUtilsThread - 0] INFO  pipeline.RatisPipelineProvider (RatisPipelineProvider.java:lambda$create$0(195)) - Sending CreatePipelineCommand for pipeline:PipelineID=366a4b35-46f0-4364-addc-209269214918 to datanode:f13c4bc8-70da-4cb5-bf8c-82536bc78435
2022-06-25 01:03:23,856 [RatisPipelineUtilsThread - 0] INFO  pipeline.RatisPipelineProvider (RatisPipelineProvider.java:lambda$create$0(195)) - Sending CreatePipelineCommand for pipeline:PipelineID=366a4b35-46f0-4364-addc-209269214918 to datanode:df1d8881-24e2-4ee3-b76e-d18ef9412a67
2022-06-25 01:03:23,856 [RatisPipelineUtilsThread - 0] INFO  pipeline.RatisPipelineProvider (RatisPipelineProvider.java:lambda$create$0(195)) - Sending CreatePipelineCommand for pipeline:PipelineID=366a4b35-46f0-4364-addc-209269214918 to datanode:7249bc38-cb50-4b50-8149-55795ead00f8
2022-06-25 01:03:23,858 [RatisPipelineUtilsThread - 0] INFO  pipeline.PipelineStateManagerImpl (PipelineStateManagerImpl.java:addPipeline(101)) - Created pipeline Pipeline[ Id: 366a4b35-46f0-4364-addc-209269214918, Nodes: f13c4bc8-70da-4cb5-bf8c-82536bc78435{ip: 10.1.0.8, host: fv-az66-546.vwcdieab4koerntclszyavmfxa.dx.internal.cloudapp.net, ports: [REPLICATION=46857, RATIS=42013, RATIS_ADMIN=42013, RATIS_SERVER=42013, STANDALONE=34767], networkLocation: /default-rack, certSerialId: null, persistedOpState: IN_SERVICE, persistedOpStateExpiryEpochSec: 0}df1d8881-24e2-4ee3-b76e-d18ef9412a67{ip: 10.1.0.8, host: fv-az66-546.vwcdieab4koerntclszyavmfxa.dx.internal.cloudapp.net, ports: [REPLICATION=45237, RATIS=33439, RATIS_ADMIN=33439, RATIS_SERVER=33439, STANDALONE=36217], networkLocation: /default-rack, certSerialId: null, persistedOpState: IN_SERVICE, persistedOpStateExpiryEpochSec: 0}7249bc38-cb50-4b50-8149-55795ead00f8{ip: 10.1.0.8, host: fv-az66-546.vwcdieab4koerntclszyavmfxa.dx.internal.cloudapp.net, ports: [REPLICATION=45851, RATIS=41595, RATIS_ADMIN=41595, RATIS_SERVER=41595, STANDALONE=36789], networkLocation: /default-rack, certSerialId: null, persistedOpState: IN_SERVICE, persistedOpStateExpiryEpochSec: 0}, ReplicationConfig: RATIS/THREE, State:ALLOCATED, leaderId:, CreationTimestamp2022-06-25T01:03:23.856Z[Etc/UTC]].
2022-06-25 01:03:24,173 [Command processor thread] INFO  server.RaftServer (RaftServerProxy.java:addNew(96)) - 01c45249-58aa-4080-948c-058f514c67c8: addNew group-F0C2666C8BF0:[01c45249-58aa-4080-948c-058f514c67c8|rpc:10.1.0.8:37869|priority:1] returns group-F0C2666C8BF0:java.util.concurrent.CompletableFuture@261454bb[Not completed]
2022-06-25 01:03:24,175 [pool-339-thread-1] INFO  server.RaftServer$Division (RaftServerImpl.java:<init>(190)) - 01c45249-58aa-4080-948c-058f514c67c8: new RaftServerImpl for group-F0C2666C8BF0:[01c45249-58aa-4080-948c-058f514c67c8|rpc:10.1.0.8:37869|priority:1] with ContainerStateMachine:uninitialized
2022-06-25 01:03:24,175 [pool-339-thread-1] INFO  server.RaftServerConfigKeys (ConfUtils.java:logGet(46)) - raft.server.rpc.timeout.min = 5s (custom)
2022-06-25 01:03:24,175 [pool-339-thread-1] INFO  server.RaftServerConfigKeys (ConfUtils.java:logGet(46)) - raft.server.rpc.timeout.max = 5200ms (custom)
2022-06-25 01:03:24,175 [pool-339-thread-1] INFO  server.RaftServerConfigKeys (ConfUtils.java:logGet(46)) - raft.server.rpc.sleep.time = 25ms (default)
2022-06-25 01:03:24,175 [pool-339-thread-1] INFO  server.RaftServerConfigKeys (ConfUtils.java:logGet(46)) - raft.server.rpc.slowness.timeout = 300s (custom)
2022-06-25 01:03:24,175 [pool-339-thread-1] INFO  server.RaftServerConfigKeys (ConfUtils.java:logGet(46)) - raft.server.leaderelection.leader.step-down.wait-time = 10s (default)
2022-06-25 01:03:24,175 [pool-339-thread-1] INFO  server.RaftServerConfigKeys (ConfUtils.java:logGet(46)) - raft.server.sleep.deviation.threshold = 300ms (default)
2022-06-25 01:03:24,176 [pool-339-thread-1] INFO  server.RaftServer$Division (ServerState.java:<init>(107)) - 01c45249-58aa-4080-948c-058f514c67c8@group-F0C2666C8BF0: ConfigurationManager, init=-1: [01c45249-58aa-4080-948c-058f514c67c8|rpc:10.1.0.8:37869|priority:1], old=null, confs=<EMPTY_MAP>
2022-06-25 01:03:24,176 [pool-339-thread-1] INFO  server.RaftServerConfigKeys (ConfUtils.java:logGet(46)) - raft.server.storage.dir = [/home/runner/work/ozone/ozone/hadoop-ozone/integration-test/target/test-dir/MiniOzoneClusterImpl-7d041fb5-2049-42d4-ae67-c17d724e960a/datanode-0/data/ratis] (custom)
2022-06-25 01:03:24,176 [pool-339-thread-1] INFO  server.RaftServerConfigKeys (ConfUtils.java:logGet(46)) - raft.server.log.corruption.policy = EXCEPTION (default)
2022-06-25 01:03:24,176 [pool-339-thread-1] INFO  server.RaftServerConfigKeys (ConfUtils.java:logGet(46)) - raft.server.storage.free-space.min = 0MB (=0) (default)
2022-06-25 01:03:24,176 [pool-339-thread-1] INFO  storage.RaftStorageDirectory (RaftStorageDirectoryImpl.java:analyzeStorage(135)) - The storage directory /home/runner/work/ozone/ozone/hadoop-ozone/integration-test/target/test-dir/MiniOzoneClusterImpl-7d041fb5-2049-42d4-ae67-c17d724e960a/datanode-0/data/ratis/73f56109-7a71-446e-bc5e-f0c2666c8bf0 does not exist. Creating ...
2022-06-25 01:03:24,178 [pool-339-thread-1] INFO  storage.RaftStorageDirectory (RaftStorageDirectoryImpl.java:tryLock(230)) - Lock on /home/runner/work/ozone/ozone/hadoop-ozone/integration-test/target/test-dir/MiniOzoneClusterImpl-7d041fb5-2049-42d4-ae67-c17d724e960a/datanode-0/data/ratis/73f56109-7a71-446e-bc5e-f0c2666c8bf0/in_use.lock acquired by nodename 7033@fv-az66-546
2022-06-25 01:03:24,180 [pool-339-thread-1] INFO  storage.RaftStorage (RaftStorageImpl.java:format(89)) - Storage directory /home/runner/work/ozone/ozone/hadoop-ozone/integration-test/target/test-dir/MiniOzoneClusterImpl-7d041fb5-2049-42d4-ae67-c17d724e960a/datanode-0/data/ratis/73f56109-7a71-446e-bc5e-f0c2666c8bf0 has been successfully formatted.
2022-06-25 01:03:24,180 [pool-339-thread-1] INFO  ratis.ContainerStateMachine (ContainerStateMachine.java:loadSnapshot(236)) - group-F0C2666C8BF0: The snapshot info is null. Setting the last applied indexto:(t:0, i:~)
2022-06-25 01:03:24,181 [pool-339-thread-1] INFO  server.RaftServerConfigKeys (ConfUtils.java:logGet(46)) - raft.server.notification.no-leader.timeout = 300s (custom)
2022-06-25 01:03:24,181 [pool-339-thread-1] INFO  server.RaftServerConfigKeys (ConfUtils.java:logGet(46)) - raft.server.log.use.memory = false (default)
2022-06-25 01:03:24,181 [pool-339-thread-1] INFO  server.RaftServerConfigKeys (ConfUtils.java:logGet(46)) - raft.server.log.purge.gap = 1000000 (custom)
2022-06-25 01:03:24,182 [pool-339-thread-1] INFO  server.RaftServerConfigKeys (ConfUtils.java:logGet(46)) - raft.server.log.appender.buffer.byte-limit = 33554432 (custom)
2022-06-25 01:03:24,182 [EventQueue-PipelineReportForPipelineReportHandler] INFO  pipeline.PipelineManagerImpl (PipelineManagerImpl.java:openPipeline(358)) - Pipeline Pipeline[ Id: 73f56109-7a71-446e-bc5e-f0c2666c8bf0, Nodes: 01c45249-58aa-4080-948c-058f514c67c8{ip: 10.1.0.8, host: fv-az66-546.vwcdieab4koerntclszyavmfxa.dx.internal.cloudapp.net, ports: [REPLICATION=46405, RATIS=37869, RATIS_ADMIN=37869, RATIS_SERVER=37869, STANDALONE=42275], networkLocation: /default-rack, certSerialId: null, persistedOpState: IN_SERVICE, persistedOpStateExpiryEpochSec: 0}, ReplicationConfig: RATIS/ONE, State:ALLOCATED, leaderId:01c45249-58aa-4080-948c-058f514c67c8, CreationTimestamp2022-06-25T01:03:21.179Z[Etc/UTC]] moved to OPEN state
2022-06-25 01:03:24,182 [pool-339-thread-1] INFO  server.RaftServerConfigKeys (ConfUtils.java:logGet(46)) - raft.server.log.statemachine.data.read.timeout = 1000ms (default)
2022-06-25 01:03:24,188 [pool-339-thread-1] INFO  server.RaftServerConfigKeys (ConfUtils.java:logGet(46)) - raft.server.log.segment.size.max = 1048576 (custom)
2022-06-25 01:03:24,189 [pool-339-thread-1] INFO  server.RaftServerConfigKeys (ConfUtils.java:logGet(46)) - raft.server.log.segment.cache.num.max = 2 (custom)
2022-06-25 01:03:24,189 [pool-339-thread-1] INFO  server.RaftServerConfigKeys (ConfUtils.java:logGet(46)) - raft.server.log.segment.cache.size.max = 200MB (=209715200) (default)
2022-06-25 01:03:24,189 [pool-339-thread-1] INFO  segmented.SegmentedRaftLogWorker (SegmentedRaftLogWorker.java:<init>(187)) - new 01c45249-58aa-4080-948c-058f514c67c8@group-F0C2666C8BF0-SegmentedRaftLogWorker for RaftStorageImpl:Storage Directory /home/runner/work/ozone/ozone/hadoop-ozone/integration-test/target/test-dir/MiniOzoneClusterImpl-7d041fb5-2049-42d4-ae67-c17d724e960a/datanode-0/data/ratis/73f56109-7a71-446e-bc5e-f0c2666c8bf0
2022-06-25 01:03:24,189 [pool-339-thread-1] INFO  server.RaftServerConfigKeys (ConfUtils.java:logGet(46)) - raft.server.log.queue.byte-limit = 4294967296 (custom)
2022-06-25 01:03:24,189 [pool-339-thread-1] INFO  server.RaftServerConfigKeys (ConfUtils.java:logGet(46)) - raft.server.log.queue.element-limit = 1024 (custom)
2022-06-25 01:03:24,189 [pool-339-thread-1] INFO  server.RaftServerConfigKeys (ConfUtils.java:logGet(46)) - raft.server.log.segment.size.max = 1048576 (custom)
2022-06-25 01:03:24,189 [pool-339-thread-1] INFO  server.RaftServerConfigKeys (ConfUtils.java:logGet(46)) - raft.server.log.preallocated.size = 16384 (custom)
2022-06-25 01:03:24,189 [pool-339-thread-1] INFO  server.RaftServerConfigKeys (ConfUtils.java:logGet(46)) - raft.server.log.force.sync.num = 128 (default)
2022-06-25 01:03:24,189 [pool-339-thread-1] INFO  server.RaftServerConfigKeys (ConfUtils.java:logGet(46)) - raft.server.log.statemachine.data.sync = true (default)
2022-06-25 01:03:24,189 [pool-339-thread-1] INFO  server.RaftServerConfigKeys (ConfUtils.java:logGet(46)) - raft.server.log.statemachine.data.sync.timeout = 10s (default)
2022-06-25 01:03:24,189 [pool-339-thread-1] INFO  server.RaftServerConfigKeys (ConfUtils.java:logGet(46)) - raft.server.log.statemachine.data.sync.timeout.retry = -1 (default)
2022-06-25 01:03:24,194 [EventQueue-OpenPipelineForHealthyPipelineSafeModeRule] INFO  safemode.SCMSafeModeManager (HealthyPipelineSafeModeRule.java:process(124)) - SCM in safe mode. Healthy pipelines reported count is 0, required healthy pipeline reported count is 1
2022-06-25 01:03:24,194 [pool-339-thread-1] INFO  server.RaftServerConfigKeys (ConfUtils.java:logGet(46)) - raft.server.log.write.buffer.size = 1048576 (custom)
2022-06-25 01:03:24,194 [DatanodeAdminManager-0] INFO  node.DatanodeAdminMonitorImpl (DatanodeAdminMonitorImpl.java:checkContainersReplicatedOnNode(306)) - Under Replicated Container #6 Container State: CLOSED Replica Count: 3 Healthy Count: 2 Decommission Count: 1 Maintenance Count: 0 inFlightAdd Count: 1 inFightDel Count: 0 ReplicationFactor: 3 minMaintenance Count: 2; Replicas{ContainerReplica{containerID=#6, state=CLOSED, datanodeDetails=ad74f3b2-c092-43ca-befa-d99c208edbaf{ip: 10.1.0.8, host: fv-az66-546.vwcdieab4koerntclszyavmfxa.dx.internal.cloudapp.net, ports: [REPLICATION=45511, RATIS=46867, RATIS_ADMIN=46867, RATIS_SERVER=46867, STANDALONE=34703], networkLocation: /default-rack, certSerialId: null, persistedOpState: DECOMMISSIONING, persistedOpStateExpiryEpochSec: 0}, placeOfBirth=ad74f3b2-c092-43ca-befa-d99c208edbaf, sequenceId=34, keyCount=3, bytesUsed=57},ContainerReplica{containerID=#6, state=CLOSED, datanodeDetails=98ebfad8-d5dc-46a2-9e40-7ac48868c3c4{ip: 10.1.0.8, host: fv-az66-546.vwcdieab4koerntclszyavmfxa.dx.internal.cloudapp.net, ports: [REPLICATION=43537, RATIS=34569, RATIS_ADMIN=34569, RATIS_SERVER=34569, STANDALONE=39783], networkLocation: /default-rack, certSerialId: null, persistedOpState: IN_SERVICE, persistedOpStateExpiryEpochSec: 0}, placeOfBirth=98ebfad8-d5dc-46a2-9e40-7ac48868c3c4, sequenceId=34, keyCount=3, bytesUsed=57},ContainerReplica{containerID=#6, state=CLOSED, datanodeDetails=1a57f128-5fc1-45db-894e-2ffd043cedb3{ip: 10.1.0.8, host: fv-az66-546.vwcdieab4koerntclszyavmfxa.dx.internal.cloudapp.net, ports: [REPLICATION=42497, RATIS=41991, RATIS_ADMIN=41991, RATIS_SERVER=41991, STANDALONE=45247], networkLocation: /default-rack, certSerialId: null, persistedOpState: IN_SERVICE, persistedOpStateExpiryEpochSec: 0}, placeOfBirth=1a57f128-5fc1-45db-894e-2ffd043cedb3, sequenceId=34, keyCount=3, bytesUsed=57}}
2022-06-25 01:03:24,195 [DatanodeAdminManager-0] INFO  node.DatanodeAdminMonitorImpl (DatanodeAdminMonitorImpl.java:checkContainersReplicatedOnNode(306)) - Under Replicated Container #1 Container State: CLOSED Replica Count: 3 Healthy Count: 2 Decommission Count: 1 Maintenance Count: 0 inFlightAdd Count: 1 inFightDel Count: 0 ReplicationFactor: 3 minMaintenance Count: 2; Replicas{ContainerReplica{containerID=#1, state=CLOSED, datanodeDetails=ad74f3b2-c092-43ca-befa-d99c208edbaf{ip: 10.1.0.8, host: fv-az66-546.vwcdieab4koerntclszyavmfxa.dx.internal.cloudapp.net, ports: [REPLICATION=45511, RATIS=46867, RATIS_ADMIN=46867, RATIS_SERVER=46867, STANDALONE=34703], networkLocation: /default-rack, certSerialId: null, persistedOpState: DECOMMISSIONING, persistedOpStateExpiryEpochSec: 0}, placeOfBirth=ad74f3b2-c092-43ca-befa-d99c208edbaf, sequenceId=26, keyCount=3, bytesUsed=57},ContainerReplica{containerID=#1, state=CLOSED, datanodeDetails=98ebfad8-d5dc-46a2-9e40-7ac48868c3c4{ip: 10.1.0.8, host: fv-az66-546.vwcdieab4koerntclszyavmfxa.dx.internal.cloudapp.net, ports: [REPLICATION=43537, RATIS=34569, RATIS_ADMIN=34569, RATIS_SERVER=34569, STANDALONE=39783], networkLocation: /default-rack, certSerialId: null, persistedOpState: IN_SERVICE, persistedOpStateExpiryEpochSec: 0}, placeOfBirth=98ebfad8-d5dc-46a2-9e40-7ac48868c3c4, sequenceId=26, keyCount=3, bytesUsed=57},ContainerReplica{containerID=#1, state=CLOSED, datanodeDetails=1a57f128-5fc1-45db-894e-2ffd043cedb3{ip: 10.1.0.8, host: fv-az66-546.vwcdieab4koerntclszyavmfxa.dx.internal.cloudapp.net, ports: [REPLICATION=42497, RATIS=41991, RATIS_ADMIN=41991, RATIS_SERVER=41991, STANDALONE=45247], networkLocation: /default-rack, certSerialId: null, persistedOpState: IN_SERVICE, persistedOpStateExpiryEpochSec: 0}, placeOfBirth=1a57f128-5fc1-45db-894e-2ffd043cedb3, sequenceId=26, keyCount=3, bytesUsed=57}}
2022-06-25 01:03:24,195 [DatanodeAdminManager-0] INFO  node.DatanodeAdminMonitorImpl (DatanodeAdminMonitorImpl.java:checkContainersReplicatedOnNode(306)) - Under Replicated Container #4 Container State: CLOSED Replica Count: 3 Healthy Count: 2 Decommission Count: 1 Maintenance Count: 0 inFlightAdd Count: 1 inFightDel Count: 0 ReplicationFactor: 3 minMaintenance Count: 2; Replicas{ContainerReplica{containerID=#4, state=CLOSED, datanodeDetails=98ebfad8-d5dc-46a2-9e40-7ac48868c3c4{ip: 10.1.0.8, host: fv-az66-546.vwcdieab4koerntclszyavmfxa.dx.internal.cloudapp.net, ports: [REPLICATION=43537, RATIS=34569, RATIS_ADMIN=34569, RATIS_SERVER=34569, STANDALONE=39783], networkLocation: /default-rack, certSerialId: null, persistedOpState: IN_SERVICE, persistedOpStateExpiryEpochSec: 0}, placeOfBirth=98ebfad8-d5dc-46a2-9e40-7ac48868c3c4, sequenceId=30, keyCount=3, bytesUsed=57},ContainerReplica{containerID=#4, state=CLOSED, datanodeDetails=ad74f3b2-c092-43ca-befa-d99c208edbaf{ip: 10.1.0.8, host: fv-az66-546.vwcdieab4koerntclszyavmfxa.dx.internal.cloudapp.net, ports: [REPLICATION=45511, RATIS=46867, RATIS_ADMIN=46867, RATIS_SERVER=46867, STANDALONE=34703], networkLocation: /default-rack, certSerialId: null, persistedOpState: DECOMMISSIONING, persistedOpStateExpiryEpochSec: 0}, placeOfBirth=ad74f3b2-c092-43ca-befa-d99c208edbaf, sequenceId=30, keyCount=3, bytesUsed=57},ContainerReplica{containerID=#4, state=CLOSED, datanodeDetails=1a57f128-5fc1-45db-894e-2ffd043cedb3{ip: 10.1.0.8, host: fv-az66-546.vwcdieab4koerntclszyavmfxa.dx.internal.cloudapp.net, ports: [REPLICATION=42497, RATIS=41991, RATIS_ADMIN=41991, RATIS_SERVER=41991, STANDALONE=45247], networkLocation: /default-rack, certSerialId: null, persistedOpState: IN_SERVICE, persistedOpStateExpiryEpochSec: 0}, placeOfBirth=1a57f128-5fc1-45db-894e-2ffd043cedb3, sequenceId=30, keyCount=3, bytesUsed=57}}
2022-06-25 01:03:24,195 [DatanodeAdminManager-0] INFO  node.DatanodeAdminMonitorImpl (DatanodeAdminMonitorImpl.java:checkContainersReplicatedOnNode(327)) - ad74f3b2-c092-43ca-befa-d99c208edbaf{ip: 10.1.0.8, host: fv-az66-546.vwcdieab4koerntclszyavmfxa.dx.internal.cloudapp.net, ports: [REPLICATION=45511, RATIS=46867, RATIS_ADMIN=46867, RATIS_SERVER=46867, STANDALONE=34703], networkLocation: /default-rack, certSerialId: null, persistedOpState: DECOMMISSIONING, persistedOpStateExpiryEpochSec: 0} has 0 sufficientlyReplicated, 3 underReplicated and 0 unhealthy containers
2022-06-25 01:03:24,195 [pool-339-thread-1] INFO  server.RaftServerConfigKeys (ConfUtils.java:logGet(46)) - raft.server.log.unsafe-flush.enabled = false (default)
2022-06-25 01:03:24,196 [pool-339-thread-1] INFO  server.RaftServerConfigKeys (ConfUtils.java:logGet(46)) - raft.server.log.statemachine.data.caching.enabled = true (custom)
2022-06-25 01:03:24,196 [pool-339-thread-1] INFO  segmented.SegmentedRaftLogWorker (SegmentedRaftLogWorker.java:lambda$new$0(135)) - 01c45249-58aa-4080-948c-058f514c67c8@group-F0C2666C8BF0-SegmentedRaftLogWorker: flushIndex: setUnconditionally 0 -> -1
2022-06-25 01:03:24,197 [pool-339-thread-1] INFO  segmented.SegmentedRaftLogWorker (SegmentedRaftLogWorker.java:lambda$new$0(135)) - 01c45249-58aa-4080-948c-058f514c67c8@group-F0C2666C8BF0-SegmentedRaftLogWorker: safeCacheEvictIndex: setUnconditionally 0 -> -1
2022-06-25 01:03:24,197 [pool-339-thread-1] INFO  server.RaftServerConfigKeys (ConfUtils.java:logGet(46)) - raft.server.snapshot.auto.trigger.enabled = true (custom)
2022-06-25 01:03:24,197 [pool-339-thread-1] INFO  server.RaftServerConfigKeys (ConfUtils.java:logGet(46)) - raft.server.snapshot.auto.trigger.threshold = 10000 (custom)
2022-06-25 01:03:24,197 [pool-339-thread-1] INFO  server.RaftServerConfigKeys (ConfUtils.java:logGet(46)) - raft.server.snapshot.retention.file.num = 5 (custom)
2022-06-25 01:03:24,197 [pool-339-thread-1] INFO  server.RaftServerConfigKeys (ConfUtils.java:logGet(46)) - raft.server.log.purge.upto.snapshot.index = false (default)
2022-06-25 01:03:24,197 [pool-339-thread-1] INFO  server.RaftServerConfigKeys (ConfUtils.java:logGet(46)) - raft.server.retrycache.expirytime = 600000ms (custom)
2022-06-25 01:03:24,198 [pool-339-thread-1] INFO  server.RaftServerConfigKeys (ConfUtils.java:logGet(46)) - raft.server.retrycache.statistics.expirytime = 100μs (default)
2022-06-25 01:03:24,195 [DatanodeAdminManager-0] INFO  node.DatanodeAdminMonitorImpl (DatanodeAdminMonitorImpl.java:run(148)) - There are 1 nodes tracked for decommission and maintenance. 0 pending nodes.
2022-06-25 01:03:24,199 [pool-339-thread-1] INFO  server.RaftServerConfigKeys (ConfUtils.java:logGet(46)) - raft.server.log.appender.install.snapshot.enabled = false (custom)
2022-06-25 01:03:24,199 [pool-339-thread-1] INFO  server.RaftServerConfigKeys (ConfUtils.java:logGet(46)) - raft.server.threadpool.server.cached = true (default)
2022-06-25 01:03:24,199 [pool-339-thread-1] INFO  server.RaftServerConfigKeys (ConfUtils.java:logGet(46)) - raft.server.threadpool.server.size = 0 (default)
2022-06-25 01:03:24,200 [pool-339-thread-1] INFO  server.RaftServerConfigKeys (ConfUtils.java:logGet(46)) - raft.server.threadpool.client.cached = true (default)
2022-06-25 01:03:24,200 [pool-339-thread-1] INFO  server.RaftServerConfigKeys (ConfUtils.java:logGet(46)) - raft.server.threadpool.client.size = 0 (default)
2022-06-25 01:03:24,200 [pool-339-thread-1] INFO  server.RaftServer$Division (RaftServerImpl.java:start(310)) - 01c45249-58aa-4080-948c-058f514c67c8@group-F0C2666C8BF0: start as a follower, conf=-1: [01c45249-58aa-4080-948c-058f514c67c8|rpc:10.1.0.8:37869|priority:1], old=null
2022-06-25 01:03:24,200 [pool-339-thread-1] INFO  server.RaftServer$Division (RaftServerImpl.java:setRole(299)) - 01c45249-58aa-4080-948c-058f514c67c8@group-F0C2666C8BF0: changes role from      null to FOLLOWER at term 0 for startAsFollower
2022-06-25 01:03:24,200 [pool-339-thread-1] INFO  impl.RoleInfo (RoleInfo.java:updateAndGet(139)) - 01c45249-58aa-4080-948c-058f514c67c8: start 01c45249-58aa-4080-948c-058f514c67c8@group-F0C2666C8BF0-FollowerState
2022-06-25 01:03:24,200 [pool-339-thread-1] INFO  util.JmxRegister (JmxRegister.java:tryRegister(44)) - Successfully registered JMX Bean with object name Ratis:service=RaftServer,group=group-F0C2666C8BF0,id=01c45249-58aa-4080-948c-058f514c67c8
2022-06-25 01:03:24,201 [Command processor thread] INFO  ratis.XceiverServerRatis (XceiverServerRatis.java:addGroup(765)) - Created group PipelineID=73f56109-7a71-446e-bc5e-f0c2666c8bf0
2022-06-25 01:03:24,201 [Command processor thread] INFO  commandhandler.CreatePipelineCommandHandler (CreatePipelineCommandHandler.java:handle(113)) - Created Pipeline RATIS ONE PipelineID=73f56109-7a71-446e-bc5e-f0c2666c8bf0.
2022-06-25 01:03:24,202 [Command processor thread] INFO  server.RaftServer (RaftServerProxy.java:addNew(96)) - 01c45249-58aa-4080-948c-058f514c67c8: addNew group-B0A5CB9FFDBD:[01c45249-58aa-4080-948c-058f514c67c8|rpc:10.1.0.8:37869|priority:1, d8c5d3b0-2e04-4734-8dc0-dbe4861d4401|rpc:10.1.0.8:41245|priority:0, 6ea96d82-acb4-4d53-969d-852ff983a9a8|rpc:10.1.0.8:38885|priority:0] returns group-B0A5CB9FFDBD:java.util.concurrent.CompletableFuture@222bc4a1[Not completed]
2022-06-25 01:03:24,203 [pool-339-thread-1] INFO  server.RaftServer$Division (RaftServerImpl.java:<init>(190)) - 01c45249-58aa-4080-948c-058f514c67c8: new RaftServerImpl for group-B0A5CB9FFDBD:[01c45249-58aa-4080-948c-058f514c67c8|rpc:10.1.0.8:37869|priority:1, d8c5d3b0-2e04-4734-8dc0-dbe4861d4401|rpc:10.1.0.8:41245|priority:0, 6ea96d82-acb4-4d53-969d-852ff983a9a8|rpc:10.1.0.8:38885|priority:0] with ContainerStateMachine:uninitialized
2022-06-25 01:03:24,203 [pool-339-thread-1] INFO  server.RaftServerConfigKeys (ConfUtils.java:logGet(46)) - raft.server.rpc.timeout.min = 5s (custom)
2022-06-25 01:03:24,203 [pool-339-thread-1] INFO  server.RaftServerConfigKeys (ConfUtils.java:logGet(46)) - raft.server.rpc.timeout.max = 5200ms (custom)
2022-06-25 01:03:24,203 [pool-339-thread-1] INFO  server.RaftServerConfigKeys (ConfUtils.java:logGet(46)) - raft.server.rpc.sleep.time = 25ms (default)
2022-06-25 01:03:24,203 [pool-339-thread-1] INFO  server.RaftServerConfigKeys (ConfUtils.java:logGet(46)) - raft.server.rpc.slowness.timeout = 300s (custom)
2022-06-25 01:03:24,203 [pool-339-thread-1] INFO  server.RaftServerConfigKeys (ConfUtils.java:logGet(46)) - raft.server.leaderelection.leader.step-down.wait-time = 10s (default)
2022-06-25 01:03:24,203 [pool-339-thread-1] INFO  server.RaftServerConfigKeys (ConfUtils.java:logGet(46)) - raft.server.sleep.deviation.threshold = 300ms (default)
2022-06-25 01:03:24,203 [pool-339-thread-1] INFO  server.RaftServer$Division (ServerState.java:<init>(107)) - 01c45249-58aa-4080-948c-058f514c67c8@group-B0A5CB9FFDBD: ConfigurationManager, init=-1: [01c45249-58aa-4080-948c-058f514c67c8|rpc:10.1.0.8:37869|priority:1, d8c5d3b0-2e04-4734-8dc0-dbe4861d4401|rpc:10.1.0.8:41245|priority:0, 6ea96d82-acb4-4d53-969d-852ff983a9a8|rpc:10.1.0.8:38885|priority:0], old=null, confs=<EMPTY_MAP>
2022-06-25 01:03:24,203 [pool-339-thread-1] INFO  server.RaftServerConfigKeys (ConfUtils.java:logGet(46)) - raft.server.storage.dir = [/home/runner/work/ozone/ozone/hadoop-ozone/integration-test/target/test-dir/MiniOzoneClusterImpl-7d041fb5-2049-42d4-ae67-c17d724e960a/datanode-0/data/ratis] (custom)
2022-06-25 01:03:24,203 [pool-339-thread-1] INFO  server.RaftServerConfigKeys (ConfUtils.java:logGet(46)) - raft.server.log.corruption.policy = EXCEPTION (default)
2022-06-25 01:03:24,204 [pool-339-thread-1] INFO  server.RaftServerConfigKeys (ConfUtils.java:logGet(46)) - raft.server.storage.free-space.min = 0MB (=0) (default)
2022-06-25 01:03:24,204 [pool-339-thread-1] INFO  storage.RaftStorageDirectory (RaftStorageDirectoryImpl.java:analyzeStorage(135)) - The storage directory /home/runner/work/ozone/ozone/hadoop-ozone/integration-test/target/test-dir/MiniOzoneClusterImpl-7d041fb5-2049-42d4-ae67-c17d724e960a/datanode-0/data/ratis/6b5a0871-f703-4c53-946a-b0a5cb9ffdbd does not exist. Creating ...
2022-06-25 01:03:24,205 [pool-339-thread-1] INFO  storage.RaftStorageDirectory (RaftStorageDirectoryImpl.java:tryLock(230)) - Lock on /home/runner/work/ozone/ozone/hadoop-ozone/integration-test/target/test-dir/MiniOzoneClusterImpl-7d041fb5-2049-42d4-ae67-c17d724e960a/datanode-0/data/ratis/6b5a0871-f703-4c53-946a-b0a5cb9ffdbd/in_use.lock acquired by nodename 7033@fv-az66-546
2022-06-25 01:03:24,206 [pool-339-thread-1] INFO  storage.RaftStorage (RaftStorageImpl.java:format(89)) - Storage directory /home/runner/work/ozone/ozone/hadoop-ozone/integration-test/target/test-dir/MiniOzoneClusterImpl-7d041fb5-2049-42d4-ae67-c17d724e960a/datanode-0/data/ratis/6b5a0871-f703-4c53-946a-b0a5cb9ffdbd has been successfully formatted.
2022-06-25 01:03:24,208 [pool-339-thread-1] INFO  ratis.ContainerStateMachine (ContainerStateMachine.java:loadSnapshot(236)) - group-B0A5CB9FFDBD: The snapshot info is null. Setting the last applied indexto:(t:0, i:~)
2022-06-25 01:03:24,209 [pool-339-thread-1] INFO  server.RaftServerConfigKeys (ConfUtils.java:logGet(46)) - raft.server.notification.no-leader.timeout = 300s (custom)
2022-06-25 01:03:24,209 [pool-339-thread-1] INFO  server.RaftServerConfigKeys (ConfUtils.java:logGet(46)) - raft.server.log.use.memory = false (default)
2022-06-25 01:03:24,209 [pool-339-thread-1] INFO  server.RaftServerConfigKeys (ConfUtils.java:logGet(46)) - raft.server.log.purge.gap = 1000000 (custom)
2022-06-25 01:03:24,209 [pool-339-thread-1] INFO  server.RaftServerConfigKeys (ConfUtils.java:logGet(46)) - raft.server.log.appender.buffer.byte-limit = 33554432 (custom)
2022-06-25 01:03:24,209 [pool-339-thread-1] INFO  server.RaftServerConfigKeys (ConfUtils.java:logGet(46)) - raft.server.log.statemachine.data.read.timeout = 1000ms (default)
2022-06-25 01:03:24,209 [ReplicationMonitor] INFO  replication.ReplicationManager (ReplicationManager.java:processAll(249)) - Replication Monitor Thread took 2 milliseconds for processing 6 containers.
2022-06-25 01:03:24,209 [EventQueue-OpenPipelineForHealthyPipelineSafeModeRule] INFO  safemode.SCMSafeModeManager (HealthyPipelineSafeModeRule.java:process(124)) - SCM in safe mode. Healthy pipelines reported count is 0, required healthy pipeline reported count is 1
2022-06-25 01:03:24,209 [pool-339-thread-1] INFO  server.RaftServerConfigKeys (ConfUtils.java:logGet(46)) - raft.server.log.segment.size.max = 1048576 (custom)
2022-06-25 01:03:24,210 [pool-339-thread-1] INFO  server.RaftServerConfigKeys (ConfUtils.java:logGet(46)) - raft.server.log.segment.cache.num.max = 2 (custom)
2022-06-25 01:03:24,210 [pool-339-thread-1] INFO  server.RaftServerConfigKeys (ConfUtils.java:logGet(46)) - raft.server.log.segment.cache.size.max = 200MB (=209715200) (default)
2022-06-25 01:03:24,210 [pool-339-thread-1] INFO  segmented.SegmentedRaftLogWorker (SegmentedRaftLogWorker.java:<init>(187)) - new 01c45249-58aa-4080-948c-058f514c67c8@group-B0A5CB9FFDBD-SegmentedRaftLogWorker for RaftStorageImpl:Storage Directory /home/runner/work/ozone/ozone/hadoop-ozone/integration-test/target/test-dir/MiniOzoneClusterImpl-7d041fb5-2049-42d4-ae67-c17d724e960a/datanode-0/data/ratis/6b5a0871-f703-4c53-946a-b0a5cb9ffdbd
2022-06-25 01:03:24,210 [pool-339-thread-1] INFO  server.RaftServerConfigKeys (ConfUtils.java:logGet(46)) - raft.server.log.queue.byte-limit = 4294967296 (custom)
2022-06-25 01:03:24,210 [pool-339-thread-1] INFO  server.RaftServerConfigKeys (ConfUtils.java:logGet(46)) - raft.server.log.queue.element-limit = 1024 (custom)
2022-06-25 01:03:24,210 [pool-339-thread-1] INFO  server.RaftServerConfigKeys (ConfUtils.java:logGet(46)) - raft.server.log.segment.size.max = 1048576 (custom)
2022-06-25 01:03:24,210 [pool-339-thread-1] INFO  server.RaftServerConfigKeys (ConfUtils.java:logGet(46)) - raft.server.log.preallocated.size = 16384 (custom)
2022-06-25 01:03:24,211 [pool-339-thread-1] INFO  server.RaftServerConfigKeys (ConfUtils.java:logGet(46)) - raft.server.log.force.sync.num = 128 (default)
2022-06-25 01:03:24,211 [pool-339-thread-1] INFO  server.RaftServerConfigKeys (ConfUtils.java:logGet(46)) - raft.server.log.statemachine.data.sync = true (default)
2022-06-25 01:03:24,211 [pool-339-thread-1] INFO  server.RaftServerConfigKeys (ConfUtils.java:logGet(46)) - raft.server.log.statemachine.data.sync.timeout = 10s (default)
2022-06-25 01:03:24,211 [pool-339-thread-1] INFO  server.RaftServerConfigKeys (ConfUtils.java:logGet(46)) - raft.server.log.statemachine.data.sync.timeout.retry = -1 (default)
2022-06-25 01:03:24,212 [pool-339-thread-1] INFO  server.RaftServerConfigKeys (ConfUtils.java:logGet(46)) - raft.server.log.write.buffer.size = 1048576 (custom)
2022-06-25 01:03:24,219 [pool-339-thread-1] INFO  server.RaftServerConfigKeys (ConfUtils.java:logGet(46)) - raft.server.log.unsafe-flush.enabled = false (default)
2022-06-25 01:03:24,219 [pool-339-thread-1] INFO  server.RaftServerConfigKeys (ConfUtils.java:logGet(46)) - raft.server.log.statemachine.data.caching.enabled = true (custom)
2022-06-25 01:03:24,219 [pool-339-thread-1] INFO  segmented.SegmentedRaftLogWorker (SegmentedRaftLogWorker.java:lambda$new$0(135)) - 01c45249-58aa-4080-948c-058f514c67c8@group-B0A5CB9FFDBD-SegmentedRaftLogWorker: flushIndex: setUnconditionally 0 -> -1
2022-06-25 01:03:24,219 [pool-339-thread-1] INFO  segmented.SegmentedRaftLogWorker (SegmentedRaftLogWorker.java:lambda$new$0(135)) - 01c45249-58aa-4080-948c-058f514c67c8@group-B0A5CB9FFDBD-SegmentedRaftLogWorker: safeCacheEvictIndex: setUnconditionally 0 -> -1
2022-06-25 01:03:24,219 [pool-339-thread-1] INFO  server.RaftServerConfigKeys (ConfUtils.java:logGet(46)) - raft.server.snapshot.auto.trigger.enabled = true (custom)
2022-06-25 01:03:24,219 [pool-339-thread-1] INFO  server.RaftServerConfigKeys (ConfUtils.java:logGet(46)) - raft.server.snapshot.auto.trigger.threshold = 10000 (custom)
2022-06-25 01:03:24,219 [pool-339-thread-1] INFO  server.RaftServerConfigKeys (ConfUtils.java:logGet(46)) - raft.server.snapshot.retention.file.num = 5 (custom)
2022-06-25 01:03:24,219 [pool-339-thread-1] INFO  server.RaftServerConfigKeys (ConfUtils.java:logGet(46)) - raft.server.log.purge.upto.snapshot.index = false (default)
2022-06-25 01:03:24,220 [pool-339-thread-1] INFO  server.RaftServerConfigKeys (ConfUtils.java:logGet(46)) - raft.server.retrycache.expirytime = 600000ms (custom)
2022-06-25 01:03:24,220 [pool-339-thread-1] INFO  server.RaftServerConfigKeys (ConfUtils.java:logGet(46)) - raft.server.retrycache.statistics.expirytime = 100μs (default)
2022-06-25 01:03:24,221 [pool-339-thread-1] INFO  server.RaftServerConfigKeys (ConfUtils.java:logGet(46)) - raft.server.log.appender.install.snapshot.enabled = false (custom)
2022-06-25 01:03:24,221 [pool-339-thread-1] INFO  server.RaftServerConfigKeys (ConfUtils.java:logGet(46)) - raft.server.threadpool.server.cached = true (default)
2022-06-25 01:03:24,222 [pool-339-thread-1] INFO  server.RaftServerConfigKeys (ConfUtils.java:logGet(46)) - raft.server.threadpool.server.size = 0 (default)
2022-06-25 01:03:24,222 [pool-339-thread-1] INFO  server.RaftServerConfigKeys (ConfUtils.java:logGet(46)) - raft.server.threadpool.client.cached = true (default)
2022-06-25 01:03:24,222 [pool-339-thread-1] INFO  server.RaftServerConfigKeys (ConfUtils.java:logGet(46)) - raft.server.threadpool.client.size = 0 (default)
2022-06-25 01:03:24,222 [pool-339-thread-1] INFO  server.RaftServer$Division (RaftServerImpl.java:start(310)) - 01c45249-58aa-4080-948c-058f514c67c8@group-B0A5CB9FFDBD: start as a follower, conf=-1: [01c45249-58aa-4080-948c-058f514c67c8|rpc:10.1.0.8:37869|priority:1, d8c5d3b0-2e04-4734-8dc0-dbe4861d4401|rpc:10.1.0.8:41245|priority:0, 6ea96d82-acb4-4d53-969d-852ff983a9a8|rpc:10.1.0.8:38885|priority:0], old=null
2022-06-25 01:03:24,222 [pool-339-thread-1] INFO  server.RaftServer$Division (RaftServerImpl.java:setRole(299)) - 01c45249-58aa-4080-948c-058f514c67c8@group-B0A5CB9FFDBD: changes role from      null to FOLLOWER at term 0 for startAsFollower
2022-06-25 01:03:24,222 [pool-339-thread-1] INFO  impl.RoleInfo (RoleInfo.java:updateAndGet(139)) - 01c45249-58aa-4080-948c-058f514c67c8: start 01c45249-58aa-4080-948c-058f514c67c8@group-B0A5CB9FFDBD-FollowerState
2022-06-25 01:03:24,222 [pool-339-thread-1] INFO  util.JmxRegister (JmxRegister.java:tryRegister(44)) - Successfully registered JMX Bean with object name Ratis:service=RaftServer,group=group-B0A5CB9FFDBD,id=01c45249-58aa-4080-948c-058f514c67c8
2022-06-25 01:03:24,223 [Command processor thread] INFO  ratis.XceiverServerRatis (XceiverServerRatis.java:addGroup(765)) - Created group PipelineID=6b5a0871-f703-4c53-946a-b0a5cb9ffdbd
2022-06-25 01:03:24,248 [grpc-default-executor-3] INFO  server.RaftServer (RaftServerProxy.java:addNew(96)) - d8c5d3b0-2e04-4734-8dc0-dbe4861d4401: addNew group-B0A5CB9FFDBD:[01c45249-58aa-4080-948c-058f514c67c8|rpc:10.1.0.8:37869|dataStream:|priority:1, d8c5d3b0-2e04-4734-8dc0-dbe4861d4401|rpc:10.1.0.8:41245|dataStream:|priority:0, 6ea96d82-acb4-4d53-969d-852ff983a9a8|rpc:10.1.0.8:38885|dataStream:|priority:0] returns group-B0A5CB9FFDBD:java.util.concurrent.CompletableFuture@3a9ab14b[Not completed]
2022-06-25 01:03:24,249 [pool-403-thread-1] INFO  server.RaftServer$Division (RaftServerImpl.java:<init>(190)) - d8c5d3b0-2e04-4734-8dc0-dbe4861d4401: new RaftServerImpl for group-B0A5CB9FFDBD:[01c45249-58aa-4080-948c-058f514c67c8|rpc:10.1.0.8:37869|dataStream:|priority:1, d8c5d3b0-2e04-4734-8dc0-dbe4861d4401|rpc:10.1.0.8:41245|dataStream:|priority:0, 6ea96d82-acb4-4d53-969d-852ff983a9a8|rpc:10.1.0.8:38885|dataStream:|priority:0] with ContainerStateMachine:uninitialized
2022-06-25 01:03:24,249 [pool-403-thread-1] INFO  server.RaftServerConfigKeys (ConfUtils.java:logGet(46)) - raft.server.rpc.timeout.min = 5s (custom)
2022-06-25 01:03:24,249 [pool-403-thread-1] INFO  server.RaftServerConfigKeys (ConfUtils.java:logGet(46)) - raft.server.rpc.timeout.max = 5200ms (custom)
2022-06-25 01:03:24,249 [pool-403-thread-1] INFO  server.RaftServerConfigKeys (ConfUtils.java:logGet(46)) - raft.server.rpc.sleep.time = 25ms (default)
2022-06-25 01:03:24,249 [pool-403-thread-1] INFO  server.RaftServerConfigKeys (ConfUtils.java:logGet(46)) - raft.server.rpc.slowness.timeout = 300s (custom)
2022-06-25 01:03:24,249 [pool-403-thread-1] INFO  server.RaftServerConfigKeys (ConfUtils.java:logGet(46)) - raft.server.leaderelection.leader.step-down.wait-time = 10s (default)
2022-06-25 01:03:24,249 [pool-403-thread-1] INFO  server.RaftServerConfigKeys (ConfUtils.java:logGet(46)) - raft.server.sleep.deviation.threshold = 300ms (default)
2022-06-25 01:03:24,249 [pool-403-thread-1] INFO  server.RaftServer$Division (ServerState.java:<init>(107)) - d8c5d3b0-2e04-4734-8dc0-dbe4861d4401@group-B0A5CB9FFDBD: ConfigurationManager, init=-1: [01c45249-58aa-4080-948c-058f514c67c8|rpc:10.1.0.8:37869|dataStream:|priority:1, d8c5d3b0-2e04-4734-8dc0-dbe4861d4401|rpc:10.1.0.8:41245|dataStream:|priority:0, 6ea96d82-acb4-4d53-969d-852ff983a9a8|rpc:10.1.0.8:38885|dataStream:|priority:0], old=null, confs=<EMPTY_MAP>
2022-06-25 01:03:24,249 [pool-403-thread-1] INFO  server.RaftServerConfigKeys (ConfUtils.java:logGet(46)) - raft.server.storage.dir = [/home/runner/work/ozone/ozone/hadoop-ozone/integration-test/target/test-dir/MiniOzoneClusterImpl-7d041fb5-2049-42d4-ae67-c17d724e960a/datanode-1/data/ratis] (custom)
2022-06-25 01:03:24,250 [pool-403-thread-1] INFO  server.RaftServerConfigKeys (ConfUtils.java:logGet(46)) - raft.server.log.corruption.policy = EXCEPTION (default)
2022-06-25 01:03:24,250 [pool-403-thread-1] INFO  server.RaftServerConfigKeys (ConfUtils.java:logGet(46)) - raft.server.storage.free-space.min = 0MB (=0) (default)
2022-06-25 01:03:24,250 [pool-403-thread-1] INFO  storage.RaftStorageDirectory (RaftStorageDirectoryImpl.java:analyzeStorage(135)) - The storage directory /home/runner/work/ozone/ozone/hadoop-ozone/integration-test/target/test-dir/MiniOzoneClusterImpl-7d041fb5-2049-42d4-ae67-c17d724e960a/datanode-1/data/ratis/6b5a0871-f703-4c53-946a-b0a5cb9ffdbd does not exist. Creating ...
2022-06-25 01:03:24,252 [pool-403-thread-1] INFO  storage.RaftStorageDirectory (RaftStorageDirectoryImpl.java:tryLock(230)) - Lock on /home/runner/work/ozone/ozone/hadoop-ozone/integration-test/target/test-dir/MiniOzoneClusterImpl-7d041fb5-2049-42d4-ae67-c17d724e960a/datanode-1/data/ratis/6b5a0871-f703-4c53-946a-b0a5cb9ffdbd/in_use.lock acquired by nodename 7033@fv-az66-546
2022-06-25 01:03:24,254 [pool-403-thread-1] INFO  storage.RaftStorage (RaftStorageImpl.java:format(89)) - Storage directory /home/runner/work/ozone/ozone/hadoop-ozone/integration-test/target/test-dir/MiniOzoneClusterImpl-7d041fb5-2049-42d4-ae67-c17d724e960a/datanode-1/data/ratis/6b5a0871-f703-4c53-946a-b0a5cb9ffdbd has been successfully formatted.
2022-06-25 01:03:24,254 [pool-403-thread-1] INFO  ratis.ContainerStateMachine (ContainerStateMachine.java:loadSnapshot(236)) - group-B0A5CB9FFDBD: The snapshot info is null. Setting the last applied indexto:(t:0, i:~)
2022-06-25 01:03:24,254 [pool-403-thread-1] INFO  server.RaftServerConfigKeys (ConfUtils.java:logGet(46)) - raft.server.notification.no-leader.timeout = 300s (custom)
2022-06-25 01:03:24,254 [pool-403-thread-1] INFO  server.RaftServerConfigKeys (ConfUtils.java:logGet(46)) - raft.server.log.use.memory = false (default)
2022-06-25 01:03:24,254 [pool-403-thread-1] INFO  server.RaftServerConfigKeys (ConfUtils.java:logGet(46)) - raft.server.log.purge.gap = 1000000 (custom)
2022-06-25 01:03:24,254 [pool-403-thread-1] INFO  server.RaftServerConfigKeys (ConfUtils.java:logGet(46)) - raft.server.log.appender.buffer.byte-limit = 33554432 (custom)
2022-06-25 01:03:24,255 [pool-403-thread-1] INFO  server.RaftServerConfigKeys (ConfUtils.java:logGet(46)) - raft.server.log.statemachine.data.read.timeout = 1000ms (default)
2022-06-25 01:03:24,256 [pool-403-thread-1] INFO  server.RaftServerConfigKeys (ConfUtils.java:logGet(46)) - raft.server.log.segment.size.max = 1048576 (custom)
2022-06-25 01:03:24,257 [pool-403-thread-1] INFO  server.RaftServerConfigKeys (ConfUtils.java:logGet(46)) - raft.server.log.segment.cache.num.max = 2 (custom)
2022-06-25 01:03:24,257 [pool-403-thread-1] INFO  server.RaftServerConfigKeys (ConfUtils.java:logGet(46)) - raft.server.log.segment.cache.size.max = 200MB (=209715200) (default)
2022-06-25 01:03:24,257 [pool-403-thread-1] INFO  segmented.SegmentedRaftLogWorker (SegmentedRaftLogWorker.java:<init>(187)) - new d8c5d3b0-2e04-4734-8dc0-dbe4861d4401@group-B0A5CB9FFDBD-SegmentedRaftLogWorker for RaftStorageImpl:Storage Directory /home/runner/work/ozone/ozone/hadoop-ozone/integration-test/target/test-dir/MiniOzoneClusterImpl-7d041fb5-2049-42d4-ae67-c17d724e960a/datanode-1/data/ratis/6b5a0871-f703-4c53-946a-b0a5cb9ffdbd
2022-06-25 01:03:24,257 [pool-403-thread-1] INFO  server.RaftServerConfigKeys (ConfUtils.java:logGet(46)) - raft.server.log.queue.byte-limit = 4294967296 (custom)
2022-06-25 01:03:24,257 [pool-403-thread-1] INFO  server.RaftServerConfigKeys (ConfUtils.java:logGet(46)) - raft.server.log.queue.element-limit = 1024 (custom)
2022-06-25 01:03:24,257 [pool-403-thread-1] INFO  server.RaftServerConfigKeys (ConfUtils.java:logGet(46)) - raft.server.log.segment.size.max = 1048576 (custom)
2022-06-25 01:03:24,257 [pool-403-thread-1] INFO  server.RaftServerConfigKeys (ConfUtils.java:logGet(46)) - raft.server.log.preallocated.size = 16384 (custom)
2022-06-25 01:03:24,257 [pool-403-thread-1] INFO  server.RaftServerConfigKeys (ConfUtils.java:logGet(46)) - raft.server.log.force.sync.num = 128 (default)
2022-06-25 01:03:24,257 [pool-403-thread-1] INFO  server.RaftServerConfigKeys (ConfUtils.java:logGet(46)) - raft.server.log.statemachine.data.sync = true (default)
2022-06-25 01:03:24,257 [pool-403-thread-1] INFO  server.RaftServerConfigKeys (ConfUtils.java:logGet(46)) - raft.server.log.statemachine.data.sync.timeout = 10s (default)
2022-06-25 01:03:24,257 [pool-403-thread-1] INFO  server.RaftServerConfigKeys (ConfUtils.java:logGet(46)) - raft.server.log.statemachine.data.sync.timeout.retry = -1 (default)
2022-06-25 01:03:24,263 [pool-403-thread-1] INFO  server.RaftServerConfigKeys (ConfUtils.java:logGet(46)) - raft.server.log.write.buffer.size = 1048576 (custom)
2022-06-25 01:03:24,264 [pool-403-thread-1] INFO  server.RaftServerConfigKeys (ConfUtils.java:logGet(46)) - raft.server.log.unsafe-flush.enabled = false (default)
2022-06-25 01:03:24,264 [pool-403-thread-1] INFO  server.RaftServerConfigKeys (ConfUtils.java:logGet(46)) - raft.server.log.statemachine.data.caching.enabled = true (custom)
2022-06-25 01:03:24,264 [pool-403-thread-1] INFO  segmented.SegmentedRaftLogWorker (SegmentedRaftLogWorker.java:lambda$new$0(135)) - d8c5d3b0-2e04-4734-8dc0-dbe4861d4401@group-B0A5CB9FFDBD-SegmentedRaftLogWorker: flushIndex: setUnconditionally 0 -> -1
2022-06-25 01:03:24,264 [pool-403-thread-1] INFO  segmented.SegmentedRaftLogWorker (SegmentedRaftLogWorker.java:lambda$new$0(135)) - d8c5d3b0-2e04-4734-8dc0-dbe4861d4401@group-B0A5CB9FFDBD-SegmentedRaftLogWorker: safeCacheEvictIndex: setUnconditionally 0 -> -1
2022-06-25 01:03:24,266 [pool-403-thread-1] INFO  server.RaftServerConfigKeys (ConfUtils.java:logGet(46)) - raft.server.snapshot.auto.trigger.enabled = true (custom)
2022-06-25 01:03:24,266 [pool-403-thread-1] INFO  server.RaftServerConfigKeys (ConfUtils.java:logGet(46)) - raft.server.snapshot.auto.trigger.threshold = 10000 (custom)
2022-06-25 01:03:24,266 [pool-403-thread-1] INFO  server.RaftServerConfigKeys (ConfUtils.java:logGet(46)) - raft.server.snapshot.retention.file.num = 5 (custom)
2022-06-25 01:03:24,266 [pool-403-thread-1] INFO  server.RaftServerConfigKeys (ConfUtils.java:logGet(46)) - raft.server.log.purge.upto.snapshot.index = false (default)
2022-06-25 01:03:24,266 [pool-403-thread-1] INFO  server.RaftServerConfigKeys (ConfUtils.java:logGet(46)) - raft.server.retrycache.expirytime = 600000ms (custom)
2022-06-25 01:03:24,267 [pool-403-thread-1] INFO  server.RaftServerConfigKeys (ConfUtils.java:logGet(46)) - raft.server.retrycache.statistics.expirytime = 100μs (default)
2022-06-25 01:03:24,269 [pool-403-thread-1] INFO  server.RaftServerConfigKeys (ConfUtils.java:logGet(46)) - raft.server.log.appender.install.snapshot.enabled = false (custom)
2022-06-25 01:03:24,269 [pool-403-thread-1] INFO  server.RaftServerConfigKeys (ConfUtils.java:logGet(46)) - raft.server.threadpool.server.cached = true (default)
2022-06-25 01:03:24,269 [pool-403-thread-1] INFO  server.RaftServerConfigKeys (ConfUtils.java:logGet(46)) - raft.server.threadpool.server.size = 0 (default)
2022-06-25 01:03:24,269 [pool-403-thread-1] INFO  server.RaftServerConfigKeys (ConfUtils.java:logGet(46)) - raft.server.threadpool.client.cached = true (default)
2022-06-25 01:03:24,269 [pool-403-thread-1] INFO  server.RaftServerConfigKeys (ConfUtils.java:logGet(46)) - raft.server.threadpool.client.size = 0 (default)
2022-06-25 01:03:24,269 [pool-403-thread-1] INFO  server.RaftServer$Division (RaftServerImpl.java:start(310)) - d8c5d3b0-2e04-4734-8dc0-dbe4861d4401@group-B0A5CB9FFDBD: start as a follower, conf=-1: [01c45249-58aa-4080-948c-058f514c67c8|rpc:10.1.0.8:37869|dataStream:|priority:1, d8c5d3b0-2e04-4734-8dc0-dbe4861d4401|rpc:10.1.0.8:41245|dataStream:|priority:0, 6ea96d82-acb4-4d53-969d-852ff983a9a8|rpc:10.1.0.8:38885|dataStream:|priority:0], old=null
2022-06-25 01:03:24,270 [pool-403-thread-1] INFO  server.RaftServer$Division (RaftServerImpl.java:setRole(299)) - d8c5d3b0-2e04-4734-8dc0-dbe4861d4401@group-B0A5CB9FFDBD: changes role from      null to FOLLOWER at term 0 for startAsFollower
2022-06-25 01:03:24,270 [pool-403-thread-1] INFO  impl.RoleInfo (RoleInfo.java:updateAndGet(139)) - d8c5d3b0-2e04-4734-8dc0-dbe4861d4401: start d8c5d3b0-2e04-4734-8dc0-dbe4861d4401@group-B0A5CB9FFDBD-FollowerState
2022-06-25 01:03:24,270 [pool-403-thread-1] INFO  util.JmxRegister (JmxRegister.java:tryRegister(44)) - Successfully registered JMX Bean with object name Ratis:service=RaftServer,group=group-B0A5CB9FFDBD,id=d8c5d3b0-2e04-4734-8dc0-dbe4861d4401
2022-06-25 01:03:24,290 [grpc-default-executor-3] INFO  server.RaftServer (RaftServerProxy.java:addNew(96)) - 6ea96d82-acb4-4d53-969d-852ff983a9a8: addNew group-B0A5CB9FFDBD:[01c45249-58aa-4080-948c-058f514c67c8|rpc:10.1.0.8:37869|dataStream:|priority:1, d8c5d3b0-2e04-4734-8dc0-dbe4861d4401|rpc:10.1.0.8:41245|dataStream:|priority:0, 6ea96d82-acb4-4d53-969d-852ff983a9a8|rpc:10.1.0.8:38885|dataStream:|priority:0] returns group-B0A5CB9FFDBD:java.util.concurrent.CompletableFuture@5e1ca030[Not completed]
2022-06-25 01:03:24,296 [pool-435-thread-1] INFO  server.RaftServer$Division (RaftServerImpl.java:<init>(190)) - 6ea96d82-acb4-4d53-969d-852ff983a9a8: new RaftServerImpl for group-B0A5CB9FFDBD:[01c45249-58aa-4080-948c-058f514c67c8|rpc:10.1.0.8:37869|dataStream:|priority:1, d8c5d3b0-2e04-4734-8dc0-dbe4861d4401|rpc:10.1.0.8:41245|dataStream:|priority:0, 6ea96d82-acb4-4d53-969d-852ff983a9a8|rpc:10.1.0.8:38885|dataStream:|priority:0] with ContainerStateMachine:uninitialized
2022-06-25 01:03:24,296 [pool-435-thread-1] INFO  server.RaftServerConfigKeys (ConfUtils.java:logGet(46)) - raft.server.rpc.timeout.min = 5s (custom)
2022-06-25 01:03:24,296 [pool-435-thread-1] INFO  server.RaftServerConfigKeys (ConfUtils.java:logGet(46)) - raft.server.rpc.timeout.max = 5200ms (custom)
2022-06-25 01:03:24,296 [pool-435-thread-1] INFO  server.RaftServerConfigKeys (ConfUtils.java:logGet(46)) - raft.server.rpc.sleep.time = 25ms (default)
2022-06-25 01:03:24,296 [pool-435-thread-1] INFO  server.RaftServerConfigKeys (ConfUtils.java:logGet(46)) - raft.server.rpc.slowness.timeout = 300s (custom)
2022-06-25 01:03:24,297 [pool-435-thread-1] INFO  server.RaftServerConfigKeys (ConfUtils.java:logGet(46)) - raft.server.leaderelection.leader.step-down.wait-time = 10s (default)
2022-06-25 01:03:24,297 [pool-435-thread-1] INFO  server.RaftServerConfigKeys (ConfUtils.java:logGet(46)) - raft.server.sleep.deviation.threshold = 300ms (default)
2022-06-25 01:03:24,297 [pool-435-thread-1] INFO  server.RaftServer$Division (ServerState.java:<init>(107)) - 6ea96d82-acb4-4d53-969d-852ff983a9a8@group-B0A5CB9FFDBD: ConfigurationManager, init=-1: [01c45249-58aa-4080-948c-058f514c67c8|rpc:10.1.0.8:37869|dataStream:|priority:1, d8c5d3b0-2e04-4734-8dc0-dbe4861d4401|rpc:10.1.0.8:41245|dataStream:|priority:0, 6ea96d82-acb4-4d53-969d-852ff983a9a8|rpc:10.1.0.8:38885|dataStream:|priority:0], old=null, confs=<EMPTY_MAP>
2022-06-25 01:03:24,297 [pool-435-thread-1] INFO  server.RaftServerConfigKeys (ConfUtils.java:logGet(46)) - raft.server.storage.dir = [/home/runner/work/ozone/ozone/hadoop-ozone/integration-test/target/test-dir/MiniOzoneClusterImpl-7d041fb5-2049-42d4-ae67-c17d724e960a/datanode-2/data/ratis] (custom)
2022-06-25 01:03:24,297 [pool-435-thread-1] INFO  server.RaftServerConfigKeys (ConfUtils.java:logGet(46)) - raft.server.log.corruption.policy = EXCEPTION (default)
2022-06-25 01:03:24,297 [pool-435-thread-1] INFO  server.RaftServerConfigKeys (ConfUtils.java:logGet(46)) - raft.server.storage.free-space.min = 0MB (=0) (default)
2022-06-25 01:03:24,297 [pool-435-thread-1] INFO  storage.RaftStorageDirectory (RaftStorageDirectoryImpl.java:analyzeStorage(135)) - The storage directory /home/runner/work/ozone/ozone/hadoop-ozone/integration-test/target/test-dir/MiniOzoneClusterImpl-7d041fb5-2049-42d4-ae67-c17d724e960a/datanode-2/data/ratis/6b5a0871-f703-4c53-946a-b0a5cb9ffdbd does not exist. Creating ...
2022-06-25 01:03:24,301 [pool-435-thread-1] INFO  storage.RaftStorageDirectory (RaftStorageDirectoryImpl.java:tryLock(230)) - Lock on /home/runner/work/ozone/ozone/hadoop-ozone/integration-test/target/test-dir/MiniOzoneClusterImpl-7d041fb5-2049-42d4-ae67-c17d724e960a/datanode-2/data/ratis/6b5a0871-f703-4c53-946a-b0a5cb9ffdbd/in_use.lock acquired by nodename 7033@fv-az66-546
2022-06-25 01:03:24,303 [pool-435-thread-1] INFO  storage.RaftStorage (RaftStorageImpl.java:format(89)) - Storage directory /home/runner/work/ozone/ozone/hadoop-ozone/integration-test/target/test-dir/MiniOzoneClusterImpl-7d041fb5-2049-42d4-ae67-c17d724e960a/datanode-2/data/ratis/6b5a0871-f703-4c53-946a-b0a5cb9ffdbd has been successfully formatted.
2022-06-25 01:03:24,303 [pool-435-thread-1] INFO  ratis.ContainerStateMachine (ContainerStateMachine.java:loadSnapshot(236)) - group-B0A5CB9FFDBD: The snapshot info is null. Setting the last applied indexto:(t:0, i:~)
2022-06-25 01:03:24,304 [pool-435-thread-1] INFO  server.RaftServerConfigKeys (ConfUtils.java:logGet(46)) - raft.server.notification.no-leader.timeout = 300s (custom)
2022-06-25 01:03:24,309 [pool-435-thread-1] INFO  server.RaftServerConfigKeys (ConfUtils.java:logGet(46)) - raft.server.log.use.memory = false (default)
2022-06-25 01:03:24,309 [pool-435-thread-1] INFO  server.RaftServerConfigKeys (ConfUtils.java:logGet(46)) - raft.server.log.purge.gap = 1000000 (custom)
2022-06-25 01:03:24,309 [pool-435-thread-1] INFO  server.RaftServerConfigKeys (ConfUtils.java:logGet(46)) - raft.server.log.appender.buffer.byte-limit = 33554432 (custom)
2022-06-25 01:03:24,309 [pool-435-thread-1] INFO  server.RaftServerConfigKeys (ConfUtils.java:logGet(46)) - raft.server.log.statemachine.data.read.timeout = 1000ms (default)
2022-06-25 01:03:24,309 [pool-435-thread-1] INFO  server.RaftServerConfigKeys (ConfUtils.java:logGet(46)) - raft.server.log.segment.size.max = 1048576 (custom)
2022-06-25 01:03:24,310 [pool-435-thread-1] INFO  server.RaftServerConfigKeys (ConfUtils.java:logGet(46)) - raft.server.log.segment.cache.num.max = 2 (custom)
2022-06-25 01:03:24,310 [pool-435-thread-1] INFO  server.RaftServerConfigKeys (ConfUtils.java:logGet(46)) - raft.server.log.segment.cache.size.max = 200MB (=209715200) (default)
2022-06-25 01:03:24,310 [pool-435-thread-1] INFO  segmented.SegmentedRaftLogWorker (SegmentedRaftLogWorker.java:<init>(187)) - new 6ea96d82-acb4-4d53-969d-852ff983a9a8@group-B0A5CB9FFDBD-SegmentedRaftLogWorker for RaftStorageImpl:Storage Directory /home/runner/work/ozone/ozone/hadoop-ozone/integration-test/target/test-dir/MiniOzoneClusterImpl-7d041fb5-2049-42d4-ae67-c17d724e960a/datanode-2/data/ratis/6b5a0871-f703-4c53-946a-b0a5cb9ffdbd
2022-06-25 01:03:24,310 [pool-435-thread-1] INFO  server.RaftServerConfigKeys (ConfUtils.java:logGet(46)) - raft.server.log.queue.byte-limit = 4294967296 (custom)
2022-06-25 01:03:24,310 [pool-435-thread-1] INFO  server.RaftServerConfigKeys (ConfUtils.java:logGet(46)) - raft.server.log.queue.element-limit = 1024 (custom)
2022-06-25 01:03:24,310 [pool-435-thread-1] INFO  server.RaftServerConfigKeys (ConfUtils.java:logGet(46)) - raft.server.log.segment.size.max = 1048576 (custom)
2022-06-25 01:03:24,311 [pool-435-thread-1] INFO  server.RaftServerConfigKeys (ConfUtils.java:logGet(46)) - raft.server.log.preallocated.size = 16384 (custom)
2022-06-25 01:03:24,312 [pool-435-thread-1] INFO  server.RaftServerConfigKeys (ConfUtils.java:logGet(46)) - raft.server.log.force.sync.num = 128 (default)
2022-06-25 01:03:24,312 [pool-435-thread-1] INFO  server.RaftServerConfigKeys (ConfUtils.java:logGet(46)) - raft.server.log.statemachine.data.sync = true (default)
2022-06-25 01:03:24,312 [pool-435-thread-1] INFO  server.RaftServerConfigKeys (ConfUtils.java:logGet(46)) - raft.server.log.statemachine.data.sync.timeout = 10s (default)
2022-06-25 01:03:24,312 [pool-435-thread-1] INFO  server.RaftServerConfigKeys (ConfUtils.java:logGet(46)) - raft.server.log.statemachine.data.sync.timeout.retry = -1 (default)
2022-06-25 01:03:24,313 [pool-435-thread-1] INFO  server.RaftServerConfigKeys (ConfUtils.java:logGet(46)) - raft.server.log.write.buffer.size = 1048576 (custom)
2022-06-25 01:03:24,314 [pool-435-thread-1] INFO  server.RaftServerConfigKeys (ConfUtils.java:logGet(46)) - raft.server.log.unsafe-flush.enabled = false (default)
2022-06-25 01:03:24,314 [pool-435-thread-1] INFO  server.RaftServerConfigKeys (ConfUtils.java:logGet(46)) - raft.server.log.statemachine.data.caching.enabled = true (custom)
2022-06-25 01:03:24,314 [pool-435-thread-1] INFO  segmented.SegmentedRaftLogWorker (SegmentedRaftLogWorker.java:lambda$new$0(135)) - 6ea96d82-acb4-4d53-969d-852ff983a9a8@group-B0A5CB9FFDBD-SegmentedRaftLogWorker: flushIndex: setUnconditionally 0 -> -1
2022-06-25 01:03:24,314 [pool-435-thread-1] INFO  segmented.SegmentedRaftLogWorker (SegmentedRaftLogWorker.java:lambda$new$0(135)) - 6ea96d82-acb4-4d53-969d-852ff983a9a8@group-B0A5CB9FFDBD-SegmentedRaftLogWorker: safeCacheEvictIndex: setUnconditionally 0 -> -1
2022-06-25 01:03:24,314 [pool-435-thread-1] INFO  server.RaftServerConfigKeys (ConfUtils.java:logGet(46)) - raft.server.snapshot.auto.trigger.enabled = true (custom)
2022-06-25 01:03:24,314 [pool-435-thread-1] INFO  server.RaftServerConfigKeys (ConfUtils.java:logGet(46)) - raft.server.snapshot.auto.trigger.threshold = 10000 (custom)
2022-06-25 01:03:24,314 [pool-435-thread-1] INFO  server.RaftServerConfigKeys (ConfUtils.java:logGet(46)) - raft.server.snapshot.retention.file.num = 5 (custom)
2022-06-25 01:03:24,315 [pool-435-thread-1] INFO  server.RaftServerConfigKeys (ConfUtils.java:logGet(46)) - raft.server.log.purge.upto.snapshot.index = false (default)
2022-06-25 01:03:24,315 [pool-435-thread-1] INFO  server.RaftServerConfigKeys (ConfUtils.java:logGet(46)) - raft.server.retrycache.expirytime = 600000ms (custom)
2022-06-25 01:03:24,315 [pool-435-thread-1] INFO  server.RaftServerConfigKeys (ConfUtils.java:logGet(46)) - raft.server.retrycache.statistics.expirytime = 100μs (default)
2022-06-25 01:03:24,316 [pool-435-thread-1] INFO  server.RaftServerConfigKeys (ConfUtils.java:logGet(46)) - raft.server.log.appender.install.snapshot.enabled = false (custom)
2022-06-25 01:03:24,316 [pool-435-thread-1] INFO  server.RaftServerConfigKeys (ConfUtils.java:logGet(46)) - raft.server.threadpool.server.cached = true (default)
2022-06-25 01:03:24,316 [pool-435-thread-1] INFO  server.RaftServerConfigKeys (ConfUtils.java:logGet(46)) - raft.server.threadpool.server.size = 0 (default)
2022-06-25 01:03:24,316 [pool-435-thread-1] INFO  server.RaftServerConfigKeys (ConfUtils.java:logGet(46)) - raft.server.threadpool.client.cached = true (default)
2022-06-25 01:03:24,317 [pool-435-thread-1] INFO  server.RaftServerConfigKeys (ConfUtils.java:logGet(46)) - raft.server.threadpool.client.size = 0 (default)
2022-06-25 01:03:24,317 [pool-435-thread-1] INFO  server.RaftServer$Division (RaftServerImpl.java:start(310)) - 6ea96d82-acb4-4d53-969d-852ff983a9a8@group-B0A5CB9FFDBD: start as a follower, conf=-1: [01c45249-58aa-4080-948c-058f514c67c8|rpc:10.1.0.8:37869|dataStream:|priority:1, d8c5d3b0-2e04-4734-8dc0-dbe4861d4401|rpc:10.1.0.8:41245|dataStream:|priority:0, 6ea96d82-acb4-4d53-969d-852ff983a9a8|rpc:10.1.0.8:38885|dataStream:|priority:0], old=null
2022-06-25 01:03:24,317 [pool-435-thread-1] INFO  server.RaftServer$Division (RaftServerImpl.java:setRole(299)) - 6ea96d82-acb4-4d53-969d-852ff983a9a8@group-B0A5CB9FFDBD: changes role from      null to FOLLOWER at term 0 for startAsFollower
2022-06-25 01:03:24,317 [pool-435-thread-1] INFO  impl.RoleInfo (RoleInfo.java:updateAndGet(139)) - 6ea96d82-acb4-4d53-969d-852ff983a9a8: start 6ea96d82-acb4-4d53-969d-852ff983a9a8@group-B0A5CB9FFDBD-FollowerState
2022-06-25 01:03:24,317 [pool-435-thread-1] INFO  util.JmxRegister (JmxRegister.java:tryRegister(44)) - Successfully registered JMX Bean with object name Ratis:service=RaftServer,group=group-B0A5CB9FFDBD,id=6ea96d82-acb4-4d53-969d-852ff983a9a8
2022-06-25 01:03:24,324 [Command processor thread] INFO  commandhandler.CreatePipelineCommandHandler (CreatePipelineCommandHandler.java:handle(113)) - Created Pipeline RATIS THREE PipelineID=6b5a0871-f703-4c53-946a-b0a5cb9ffdbd.
2022-06-25 01:03:24,391 [ReplicationMonitor] INFO  replication.ReplicationManager (ReplicationManager.java:processAll(228)) - Replication Manager is not ready to run until 3000ms after safemode exit
2022-06-25 01:03:24,835 [Listener at 127.0.0.1/35937] INFO  ozone.MiniOzoneClusterImpl (MiniOzoneClusterImpl.java:lambda$waitForClusterToBeReady$0(223)) - Nodes are ready. Got 6 of 6 DN Heartbeats.
2022-06-25 01:03:24,835 [Listener at 127.0.0.1/35937] INFO  ozone.MiniOzoneClusterImpl (MiniOzoneClusterImpl.java:lambda$waitForClusterToBeReady$0(226)) - Waiting for cluster to exit safe mode
2022-06-25 01:03:24,835 [Listener at 127.0.0.1/35937] INFO  ozone.MiniOzoneClusterImpl (MiniOzoneClusterImpl.java:lambda$waitForClusterToBeReady$0(228)) - SCM became leader
2022-06-25 01:03:25,042 [ContainerReplicationThread-0] INFO  replication.DownloadAndImportReplicator (DownloadAndImportReplicator.java:replicate(105)) - Starting replication of container 1 from [ad74f3b2-c092-43ca-befa-d99c208edbaf{ip: 10.1.0.8, host: fv-az66-546.vwcdieab4koerntclszyavmfxa.dx.internal.cloudapp.net, ports: [REPLICATION=45511, RATIS=46867, RATIS_ADMIN=46867, RATIS_SERVER=46867, STANDALONE=34703], networkLocation: /default-rack, certSerialId: null, persistedOpState: DECOMMISSIONING, persistedOpStateExpiryEpochSec: 0}, 98ebfad8-d5dc-46a2-9e40-7ac48868c3c4{ip: 10.1.0.8, host: fv-az66-546.vwcdieab4koerntclszyavmfxa.dx.internal.cloudapp.net, ports: [REPLICATION=43537, RATIS=34569, RATIS_ADMIN=34569, RATIS_SERVER=34569, STANDALONE=39783], networkLocation: /default-rack, certSerialId: null, persistedOpState: IN_SERVICE, persistedOpStateExpiryEpochSec: 0}, 1a57f128-5fc1-45db-894e-2ffd043cedb3{ip: 10.1.0.8, host: fv-az66-546.vwcdieab4koerntclszyavmfxa.dx.internal.cloudapp.net, ports: [REPLICATION=42497, RATIS=41991, RATIS_ADMIN=41991, RATIS_SERVER=41991, STANDALONE=45247], networkLocation: /default-rack, certSerialId: null, persistedOpState: IN_SERVICE, persistedOpStateExpiryEpochSec: 0}]
2022-06-25 01:03:25,045 [ContainerReplicationThread-1] INFO  replication.DownloadAndImportReplicator (DownloadAndImportReplicator.java:replicate(105)) - Starting replication of container 6 from [ad74f3b2-c092-43ca-befa-d99c208edbaf{ip: 10.1.0.8, host: fv-az66-546.vwcdieab4koerntclszyavmfxa.dx.internal.cloudapp.net, ports: [REPLICATION=45511, RATIS=46867, RATIS_ADMIN=46867, RATIS_SERVER=46867, STANDALONE=34703], networkLocation: /default-rack, certSerialId: null, persistedOpState: DECOMMISSIONING, persistedOpStateExpiryEpochSec: 0}, 98ebfad8-d5dc-46a2-9e40-7ac48868c3c4{ip: 10.1.0.8, host: fv-az66-546.vwcdieab4koerntclszyavmfxa.dx.internal.cloudapp.net, ports: [REPLICATION=43537, RATIS=34569, RATIS_ADMIN=34569, RATIS_SERVER=34569, STANDALONE=39783], networkLocation: /default-rack, certSerialId: null, persistedOpState: IN_SERVICE, persistedOpStateExpiryEpochSec: 0}, 1a57f128-5fc1-45db-894e-2ffd043cedb3{ip: 10.1.0.8, host: fv-az66-546.vwcdieab4koerntclszyavmfxa.dx.internal.cloudapp.net, ports: [REPLICATION=42497, RATIS=41991, RATIS_ADMIN=41991, RATIS_SERVER=41991, STANDALONE=45247], networkLocation: /default-rack, certSerialId: null, persistedOpState: IN_SERVICE, persistedOpStateExpiryEpochSec: 0}]
2022-06-25 01:03:25,071 [grpc-default-executor-0] INFO  replication.GrpcReplicationService (GrpcReplicationService.java:download(52)) - Streaming container data (1) to other datanode
2022-06-25 01:03:25,071 [grpc-default-executor-3] INFO  replication.GrpcReplicationService (GrpcReplicationService.java:download(52)) - Streaming container data (6) to other datanode
2022-06-25 01:03:25,085 [ContainerReplicationThread-0] INFO  replication.DownloadAndImportReplicator (DownloadAndImportReplicator.java:replicate(105)) - Starting replication of container 4 from [98ebfad8-d5dc-46a2-9e40-7ac48868c3c4{ip: 10.1.0.8, host: fv-az66-546.vwcdieab4koerntclszyavmfxa.dx.internal.cloudapp.net, ports: [REPLICATION=43537, RATIS=34569, RATIS_ADMIN=34569, RATIS_SERVER=34569, STANDALONE=39783], networkLocation: /default-rack, certSerialId: null, persistedOpState: IN_SERVICE, persistedOpStateExpiryEpochSec: 0}, ad74f3b2-c092-43ca-befa-d99c208edbaf{ip: 10.1.0.8, host: fv-az66-546.vwcdieab4koerntclszyavmfxa.dx.internal.cloudapp.net, ports: [REPLICATION=45511, RATIS=46867, RATIS_ADMIN=46867, RATIS_SERVER=46867, STANDALONE=34703], networkLocation: /default-rack, certSerialId: null, persistedOpState: DECOMMISSIONING, persistedOpStateExpiryEpochSec: 0}, 1a57f128-5fc1-45db-894e-2ffd043cedb3{ip: 10.1.0.8, host: fv-az66-546.vwcdieab4koerntclszyavmfxa.dx.internal.cloudapp.net, ports: [REPLICATION=42497, RATIS=41991, RATIS_ADMIN=41991, RATIS_SERVER=41991, STANDALONE=45247], networkLocation: /default-rack, certSerialId: null, persistedOpState: IN_SERVICE, persistedOpStateExpiryEpochSec: 0}]
2022-06-25 01:03:25,093 [grpc-default-executor-1] INFO  replication.GrpcReplicationService (GrpcReplicationService.java:download(52)) - Streaming container data (4) to other datanode
2022-06-25 01:03:25,104 [Command processor thread] INFO  server.RaftServer (RaftServerProxy.java:addNew(96)) - d8c5d3b0-2e04-4734-8dc0-dbe4861d4401: addNew group-14A953CF142E:[d8c5d3b0-2e04-4734-8dc0-dbe4861d4401|rpc:10.1.0.8:41245|priority:1] returns group-14A953CF142E:java.util.concurrent.CompletableFuture@7160bc87[Not completed]
2022-06-25 01:03:25,105 [pool-403-thread-1] INFO  server.RaftServer$Division (RaftServerImpl.java:<init>(190)) - d8c5d3b0-2e04-4734-8dc0-dbe4861d4401: new RaftServerImpl for group-14A953CF142E:[d8c5d3b0-2e04-4734-8dc0-dbe4861d4401|rpc:10.1.0.8:41245|priority:1] with ContainerStateMachine:uninitialized
2022-06-25 01:03:25,106 [pool-403-thread-1] INFO  server.RaftServerConfigKeys (ConfUtils.java:logGet(46)) - raft.server.rpc.timeout.min = 5s (custom)
2022-06-25 01:03:25,106 [pool-403-thread-1] INFO  server.RaftServerConfigKeys (ConfUtils.java:logGet(46)) - raft.server.rpc.timeout.max = 5200ms (custom)
2022-06-25 01:03:25,106 [pool-403-thread-1] INFO  server.RaftServerConfigKeys (ConfUtils.java:logGet(46)) - raft.server.rpc.sleep.time = 25ms (default)
2022-06-25 01:03:25,106 [pool-403-thread-1] INFO  server.RaftServerConfigKeys (ConfUtils.java:logGet(46)) - raft.server.rpc.slowness.timeout = 300s (custom)
2022-06-25 01:03:25,106 [pool-403-thread-1] INFO  server.RaftServerConfigKeys (ConfUtils.java:logGet(46)) - raft.server.leaderelection.leader.step-down.wait-time = 10s (default)
2022-06-25 01:03:25,106 [pool-403-thread-1] INFO  server.RaftServerConfigKeys (ConfUtils.java:logGet(46)) - raft.server.sleep.deviation.threshold = 300ms (default)
2022-06-25 01:03:25,106 [pool-403-thread-1] INFO  server.RaftServer$Division (ServerState.java:<init>(107)) - d8c5d3b0-2e04-4734-8dc0-dbe4861d4401@group-14A953CF142E: ConfigurationManager, init=-1: [d8c5d3b0-2e04-4734-8dc0-dbe4861d4401|rpc:10.1.0.8:41245|priority:1], old=null, confs=<EMPTY_MAP>
2022-06-25 01:03:25,106 [pool-403-thread-1] INFO  server.RaftServerConfigKeys (ConfUtils.java:logGet(46)) - raft.server.storage.dir = [/home/runner/work/ozone/ozone/hadoop-ozone/integration-test/target/test-dir/MiniOzoneClusterImpl-7d041fb5-2049-42d4-ae67-c17d724e960a/datanode-1/data/ratis] (custom)
2022-06-25 01:03:25,107 [pool-403-thread-1] INFO  server.RaftServerConfigKeys (ConfUtils.java:logGet(46)) - raft.server.log.corruption.policy = EXCEPTION (default)
2022-06-25 01:03:25,107 [pool-403-thread-1] INFO  server.RaftServerConfigKeys (ConfUtils.java:logGet(46)) - raft.server.storage.free-space.min = 0MB (=0) (default)
2022-06-25 01:03:25,107 [pool-403-thread-1] INFO  storage.RaftStorageDirectory (RaftStorageDirectoryImpl.java:analyzeStorage(135)) - The storage directory /home/runner/work/ozone/ozone/hadoop-ozone/integration-test/target/test-dir/MiniOzoneClusterImpl-7d041fb5-2049-42d4-ae67-c17d724e960a/datanode-1/data/ratis/b248bb69-f772-4ced-ad85-14a953cf142e does not exist. Creating ...
2022-06-25 01:03:25,109 [pool-403-thread-1] INFO  storage.RaftStorageDirectory (RaftStorageDirectoryImpl.java:tryLock(230)) - Lock on /home/runner/work/ozone/ozone/hadoop-ozone/integration-test/target/test-dir/MiniOzoneClusterImpl-7d041fb5-2049-42d4-ae67-c17d724e960a/datanode-1/data/ratis/b248bb69-f772-4ced-ad85-14a953cf142e/in_use.lock acquired by nodename 7033@fv-az66-546
2022-06-25 01:03:25,110 [pool-403-thread-1] INFO  storage.RaftStorage (RaftStorageImpl.java:format(89)) - Storage directory /home/runner/work/ozone/ozone/hadoop-ozone/integration-test/target/test-dir/MiniOzoneClusterImpl-7d041fb5-2049-42d4-ae67-c17d724e960a/datanode-1/data/ratis/b248bb69-f772-4ced-ad85-14a953cf142e has been successfully formatted.
2022-06-25 01:03:25,113 [EventQueue-PipelineReportForPipelineReportHandler] INFO  pipeline.PipelineManagerImpl (PipelineManagerImpl.java:openPipeline(358)) - Pipeline Pipeline[ Id: b248bb69-f772-4ced-ad85-14a953cf142e, Nodes: d8c5d3b0-2e04-4734-8dc0-dbe4861d4401{ip: 10.1.0.8, host: fv-az66-546.vwcdieab4koerntclszyavmfxa.dx.internal.cloudapp.net, ports: [REPLICATION=44149, RATIS=41245, RATIS_ADMIN=41245, RATIS_SERVER=41245, STANDALONE=43719], networkLocation: /default-rack, certSerialId: null, persistedOpState: IN_SERVICE, persistedOpStateExpiryEpochSec: 0}, ReplicationConfig: RATIS/ONE, State:ALLOCATED, leaderId:d8c5d3b0-2e04-4734-8dc0-dbe4861d4401, CreationTimestamp2022-06-25T01:03:22.107Z[Etc/UTC]] moved to OPEN state
2022-06-25 01:03:25,113 [EventQueue-OpenPipelineForHealthyPipelineSafeModeRule] INFO  safemode.SCMSafeModeManager (HealthyPipelineSafeModeRule.java:process(124)) - SCM in safe mode. Healthy pipelines reported count is 0, required healthy pipeline reported count is 1
2022-06-25 01:03:25,114 [pool-403-thread-1] INFO  ratis.ContainerStateMachine (ContainerStateMachine.java:loadSnapshot(236)) - group-14A953CF142E: The snapshot info is null. Setting the last applied indexto:(t:0, i:~)
2022-06-25 01:03:25,114 [pool-403-thread-1] INFO  server.RaftServerConfigKeys (ConfUtils.java:logGet(46)) - raft.server.notification.no-leader.timeout = 300s (custom)
2022-06-25 01:03:25,114 [pool-403-thread-1] INFO  server.RaftServerConfigKeys (ConfUtils.java:logGet(46)) - raft.server.log.use.memory = false (default)
2022-06-25 01:03:25,114 [pool-403-thread-1] INFO  server.RaftServerConfigKeys (ConfUtils.java:logGet(46)) - raft.server.log.purge.gap = 1000000 (custom)
2022-06-25 01:03:25,114 [pool-403-thread-1] INFO  server.RaftServerConfigKeys (ConfUtils.java:logGet(46)) - raft.server.log.appender.buffer.byte-limit = 33554432 (custom)
2022-06-25 01:03:25,114 [pool-403-thread-1] INFO  server.RaftServerConfigKeys (ConfUtils.java:logGet(46)) - raft.server.log.statemachine.data.read.timeout = 1000ms (default)
2022-06-25 01:03:25,114 [pool-403-thread-1] INFO  server.RaftServerConfigKeys (ConfUtils.java:logGet(46)) - raft.server.log.segment.size.max = 1048576 (custom)
2022-06-25 01:03:25,115 [pool-403-thread-1] INFO  server.RaftServerConfigKeys (ConfUtils.java:logGet(46)) - raft.server.log.segment.cache.num.max = 2 (custom)
2022-06-25 01:03:25,115 [pool-403-thread-1] INFO  server.RaftServerConfigKeys (ConfUtils.java:logGet(46)) - raft.server.log.segment.cache.size.max = 200MB (=209715200) (default)
2022-06-25 01:03:25,115 [pool-403-thread-1] INFO  segmented.SegmentedRaftLogWorker (SegmentedRaftLogWorker.java:<init>(187)) - new d8c5d3b0-2e04-4734-8dc0-dbe4861d4401@group-14A953CF142E-SegmentedRaftLogWorker for RaftStorageImpl:Storage Directory /home/runner/work/ozone/ozone/hadoop-ozone/integration-test/target/test-dir/MiniOzoneClusterImpl-7d041fb5-2049-42d4-ae67-c17d724e960a/datanode-1/data/ratis/b248bb69-f772-4ced-ad85-14a953cf142e
2022-06-25 01:03:25,115 [pool-403-thread-1] INFO  server.RaftServerConfigKeys (ConfUtils.java:logGet(46)) - raft.server.log.queue.byte-limit = 4294967296 (custom)
2022-06-25 01:03:25,115 [pool-403-thread-1] INFO  server.RaftServerConfigKeys (ConfUtils.java:logGet(46)) - raft.server.log.queue.element-limit = 1024 (custom)
2022-06-25 01:03:25,115 [pool-403-thread-1] INFO  server.RaftServerConfigKeys (ConfUtils.java:logGet(46)) - raft.server.log.segment.size.max = 1048576 (custom)
2022-06-25 01:03:25,116 [pool-403-thread-1] INFO  server.RaftServerConfigKeys (ConfUtils.java:logGet(46)) - raft.server.log.preallocated.size = 16384 (custom)
2022-06-25 01:03:25,116 [pool-403-thread-1] INFO  server.RaftServerConfigKeys (ConfUtils.java:logGet(46)) - raft.server.log.force.sync.num = 128 (default)
2022-06-25 01:03:25,116 [pool-403-thread-1] INFO  server.RaftServerConfigKeys (ConfUtils.java:logGet(46)) - raft.server.log.statemachine.data.sync = true (default)
2022-06-25 01:03:25,116 [pool-403-thread-1] INFO  server.RaftServerConfigKeys (ConfUtils.java:logGet(46)) - raft.server.log.statemachine.data.sync.timeout = 10s (default)
2022-06-25 01:03:25,116 [pool-403-thread-1] INFO  server.RaftServerConfigKeys (ConfUtils.java:logGet(46)) - raft.server.log.statemachine.data.sync.timeout.retry = -1 (default)
2022-06-25 01:03:25,137 [pool-403-thread-1] INFO  server.RaftServerConfigKeys (ConfUtils.java:logGet(46)) - raft.server.log.write.buffer.size = 1048576 (custom)
2022-06-25 01:03:25,138 [pool-403-thread-1] INFO  server.RaftServerConfigKeys (ConfUtils.java:logGet(46)) - raft.server.log.unsafe-flush.enabled = false (default)
2022-06-25 01:03:25,138 [pool-403-thread-1] INFO  server.RaftServerConfigKeys (ConfUtils.java:logGet(46)) - raft.server.log.statemachine.data.caching.enabled = true (custom)
2022-06-25 01:03:25,146 [pool-403-thread-1] INFO  segmented.SegmentedRaftLogWorker (SegmentedRaftLogWorker.java:lambda$new$0(135)) - d8c5d3b0-2e04-4734-8dc0-dbe4861d4401@group-14A953CF142E-SegmentedRaftLogWorker: flushIndex: setUnconditionally 0 -> -1
2022-06-25 01:03:25,146 [pool-403-thread-1] INFO  segmented.SegmentedRaftLogWorker (SegmentedRaftLogWorker.java:lambda$new$0(135)) - d8c5d3b0-2e04-4734-8dc0-dbe4861d4401@group-14A953CF142E-SegmentedRaftLogWorker: safeCacheEvictIndex: setUnconditionally 0 -> -1
2022-06-25 01:03:25,151 [grpc-default-executor-1] INFO  replication.GrpcOutputStream (GrpcOutputStream.java:close(104)) - Sent 10454 bytes for container 4
2022-06-25 01:03:25,153 [grpc-default-executor-2] INFO  replication.GrpcReplicationClient (GrpcReplicationClient.java:onCompleted(197)) - Container 4 is downloaded to /home/runner/work/ozone/ozone/hadoop-ozone/integration-test/target/test-dir/MiniOzoneClusterImpl-c4196b3a-7304-418b-bc70-42ac552e857c/datanode-2/data/replication/work/container-4.tar.gz
2022-06-25 01:03:25,151 [grpc-default-executor-3] INFO  replication.GrpcOutputStream (GrpcOutputStream.java:close(104)) - Sent 10554 bytes for container 6
2022-06-25 01:03:25,162 [pool-403-thread-1] INFO  server.RaftServerConfigKeys (ConfUtils.java:logGet(46)) - raft.server.snapshot.auto.trigger.enabled = true (custom)
2022-06-25 01:03:25,162 [pool-403-thread-1] INFO  server.RaftServerConfigKeys (ConfUtils.java:logGet(46)) - raft.server.snapshot.auto.trigger.threshold = 10000 (custom)
2022-06-25 01:03:25,162 [pool-403-thread-1] INFO  server.RaftServerConfigKeys (ConfUtils.java:logGet(46)) - raft.server.snapshot.retention.file.num = 5 (custom)
2022-06-25 01:03:25,162 [pool-403-thread-1] INFO  server.RaftServerConfigKeys (ConfUtils.java:logGet(46)) - raft.server.log.purge.upto.snapshot.index = false (default)
2022-06-25 01:03:25,167 [pool-403-thread-1] INFO  server.RaftServerConfigKeys (ConfUtils.java:logGet(46)) - raft.server.retrycache.expirytime = 600000ms (custom)
2022-06-25 01:03:25,167 [pool-403-thread-1] INFO  server.RaftServerConfigKeys (ConfUtils.java:logGet(46)) - raft.server.retrycache.statistics.expirytime = 100μs (default)
2022-06-25 01:03:25,168 [pool-403-thread-1] INFO  server.RaftServerConfigKeys (ConfUtils.java:logGet(46)) - raft.server.log.appender.install.snapshot.enabled = false (custom)
2022-06-25 01:03:25,168 [pool-403-thread-1] INFO  server.RaftServerConfigKeys (ConfUtils.java:logGet(46)) - raft.server.threadpool.server.cached = true (default)
2022-06-25 01:03:25,168 [pool-403-thread-1] INFO  server.RaftServerConfigKeys (ConfUtils.java:logGet(46)) - raft.server.threadpool.server.size = 0 (default)
2022-06-25 01:03:25,168 [pool-403-thread-1] INFO  server.RaftServerConfigKeys (ConfUtils.java:logGet(46)) - raft.server.threadpool.client.cached = true (default)
2022-06-25 01:03:25,169 [pool-403-thread-1] INFO  server.RaftServerConfigKeys (ConfUtils.java:logGet(46)) - raft.server.threadpool.client.size = 0 (default)
2022-06-25 01:03:25,169 [pool-403-thread-1] INFO  server.RaftServer$Division (RaftServerImpl.java:start(310)) - d8c5d3b0-2e04-4734-8dc0-dbe4861d4401@group-14A953CF142E: start as a follower, conf=-1: [d8c5d3b0-2e04-4734-8dc0-dbe4861d4401|rpc:10.1.0.8:41245|priority:1], old=null
2022-06-25 01:03:25,169 [pool-403-thread-1] INFO  server.RaftServer$Division (RaftServerImpl.java:setRole(299)) - d8c5d3b0-2e04-4734-8dc0-dbe4861d4401@group-14A953CF142E: changes role from      null to FOLLOWER at term 0 for startAsFollower
2022-06-25 01:03:25,169 [pool-403-thread-1] INFO  impl.RoleInfo (RoleInfo.java:updateAndGet(139)) - d8c5d3b0-2e04-4734-8dc0-dbe4861d4401: start d8c5d3b0-2e04-4734-8dc0-dbe4861d4401@group-14A953CF142E-FollowerState
2022-06-25 01:03:25,169 [pool-403-thread-1] INFO  util.JmxRegister (JmxRegister.java:tryRegister(44)) - Successfully registered JMX Bean with object name Ratis:service=RaftServer,group=group-14A953CF142E,id=d8c5d3b0-2e04-4734-8dc0-dbe4861d4401
2022-06-25 01:03:25,153 [grpc-default-executor-0] INFO  replication.GrpcOutputStream (GrpcOutputStream.java:close(104)) - Sent 10501 bytes for container 1
2022-06-25 01:03:25,170 [Command processor thread] INFO  ratis.XceiverServerRatis (XceiverServerRatis.java:addGroup(765)) - Created group PipelineID=b248bb69-f772-4ced-ad85-14a953cf142e
2022-06-25 01:03:25,171 [Command processor thread] INFO  commandhandler.CreatePipelineCommandHandler (CreatePipelineCommandHandler.java:handle(113)) - Created Pipeline RATIS ONE PipelineID=b248bb69-f772-4ced-ad85-14a953cf142e.
2022-06-25 01:03:25,180 [ContainerReplicationThread-0] INFO  replication.DownloadAndImportReplicator (DownloadAndImportReplicator.java:replicate(117)) - Container 4 is downloaded with size 10454, starting to import.
2022-06-25 01:03:25,180 [grpc-default-executor-3] INFO  replication.GrpcReplicationClient (GrpcReplicationClient.java:onCompleted(197)) - Container 6 is downloaded to /home/runner/work/ozone/ozone/hadoop-ozone/integration-test/target/test-dir/MiniOzoneClusterImpl-c4196b3a-7304-418b-bc70-42ac552e857c/datanode-0/data/replication/work/container-6.tar.gz
2022-06-25 01:03:25,183 [grpc-default-executor-0] INFO  replication.GrpcReplicationClient (GrpcReplicationClient.java:onCompleted(197)) - Container 1 is downloaded to /home/runner/work/ozone/ozone/hadoop-ozone/integration-test/target/test-dir/MiniOzoneClusterImpl-c4196b3a-7304-418b-bc70-42ac552e857c/datanode-0/data/replication/work/container-1.tar.gz
2022-06-25 01:03:25,193 [DatanodeAdminManager-0] INFO  node.DatanodeAdminMonitorImpl (DatanodeAdminMonitorImpl.java:checkContainersReplicatedOnNode(306)) - Under Replicated Container #6 Container State: CLOSED Replica Count: 3 Healthy Count: 2 Decommission Count: 1 Maintenance Count: 0 inFlightAdd Count: 1 inFightDel Count: 0 ReplicationFactor: 3 minMaintenance Count: 2; Replicas{ContainerReplica{containerID=#6, state=CLOSED, datanodeDetails=ad74f3b2-c092-43ca-befa-d99c208edbaf{ip: 10.1.0.8, host: fv-az66-546.vwcdieab4koerntclszyavmfxa.dx.internal.cloudapp.net, ports: [REPLICATION=45511, RATIS=46867, RATIS_ADMIN=46867, RATIS_SERVER=46867, STANDALONE=34703], networkLocation: /default-rack, certSerialId: null, persistedOpState: DECOMMISSIONING, persistedOpStateExpiryEpochSec: 0}, placeOfBirth=ad74f3b2-c092-43ca-befa-d99c208edbaf, sequenceId=34, keyCount=3, bytesUsed=57},ContainerReplica{containerID=#6, state=CLOSED, datanodeDetails=98ebfad8-d5dc-46a2-9e40-7ac48868c3c4{ip: 10.1.0.8, host: fv-az66-546.vwcdieab4koerntclszyavmfxa.dx.internal.cloudapp.net, ports: [REPLICATION=43537, RATIS=34569, RATIS_ADMIN=34569, RATIS_SERVER=34569, STANDALONE=39783], networkLocation: /default-rack, certSerialId: null, persistedOpState: IN_SERVICE, persistedOpStateExpiryEpochSec: 0}, placeOfBirth=98ebfad8-d5dc-46a2-9e40-7ac48868c3c4, sequenceId=34, keyCount=3, bytesUsed=57},ContainerReplica{containerID=#6, state=CLOSED, datanodeDetails=1a57f128-5fc1-45db-894e-2ffd043cedb3{ip: 10.1.0.8, host: fv-az66-546.vwcdieab4koerntclszyavmfxa.dx.internal.cloudapp.net, ports: [REPLICATION=42497, RATIS=41991, RATIS_ADMIN=41991, RATIS_SERVER=41991, STANDALONE=45247], networkLocation: /default-rack, certSerialId: null, persistedOpState: IN_SERVICE, persistedOpStateExpiryEpochSec: 0}, placeOfBirth=1a57f128-5fc1-45db-894e-2ffd043cedb3, sequenceId=34, keyCount=3, bytesUsed=57}}
2022-06-25 01:03:25,194 [DatanodeAdminManager-0] INFO  node.DatanodeAdminMonitorImpl (DatanodeAdminMonitorImpl.java:checkContainersReplicatedOnNode(306)) - Under Replicated Container #1 Container State: CLOSED Replica Count: 3 Healthy Count: 2 Decommission Count: 1 Maintenance Count: 0 inFlightAdd Count: 1 inFightDel Count: 0 ReplicationFactor: 3 minMaintenance Count: 2; Replicas{ContainerReplica{containerID=#1, state=CLOSED, datanodeDetails=ad74f3b2-c092-43ca-befa-d99c208edbaf{ip: 10.1.0.8, host: fv-az66-546.vwcdieab4koerntclszyavmfxa.dx.internal.cloudapp.net, ports: [REPLICATION=45511, RATIS=46867, RATIS_ADMIN=46867, RATIS_SERVER=46867, STANDALONE=34703], networkLocation: /default-rack, certSerialId: null, persistedOpState: DECOMMISSIONING, persistedOpStateExpiryEpochSec: 0}, placeOfBirth=ad74f3b2-c092-43ca-befa-d99c208edbaf, sequenceId=26, keyCount=3, bytesUsed=57},ContainerReplica{containerID=#1, state=CLOSED, datanodeDetails=1a57f128-5fc1-45db-894e-2ffd043cedb3{ip: 10.1.0.8, host: fv-az66-546.vwcdieab4koerntclszyavmfxa.dx.internal.cloudapp.net, ports: [REPLICATION=42497, RATIS=41991, RATIS_ADMIN=41991, RATIS_SERVER=41991, STANDALONE=45247], networkLocation: /default-rack, certSerialId: null, persistedOpState: IN_SERVICE, persistedOpStateExpiryEpochSec: 0}, placeOfBirth=1a57f128-5fc1-45db-894e-2ffd043cedb3, sequenceId=26, keyCount=3, bytesUsed=57},ContainerReplica{containerID=#1, state=CLOSED, datanodeDetails=98ebfad8-d5dc-46a2-9e40-7ac48868c3c4{ip: 10.1.0.8, host: fv-az66-546.vwcdieab4koerntclszyavmfxa.dx.internal.cloudapp.net, ports: [REPLICATION=43537, RATIS=34569, RATIS_ADMIN=34569, RATIS_SERVER=34569, STANDALONE=39783], networkLocation: /default-rack, certSerialId: null, persistedOpState: IN_SERVICE, persistedOpStateExpiryEpochSec: 0}, placeOfBirth=98ebfad8-d5dc-46a2-9e40-7ac48868c3c4, sequenceId=26, keyCount=3, bytesUsed=57}}
2022-06-25 01:03:25,194 [DatanodeAdminManager-0] INFO  node.DatanodeAdminMonitorImpl (DatanodeAdminMonitorImpl.java:checkContainersReplicatedOnNode(306)) - Under Replicated Container #4 Container State: CLOSED Replica Count: 3 Healthy Count: 2 Decommission Count: 1 Maintenance Count: 0 inFlightAdd Count: 1 inFightDel Count: 0 ReplicationFactor: 3 minMaintenance Count: 2; Replicas{ContainerReplica{containerID=#4, state=CLOSED, datanodeDetails=98ebfad8-d5dc-46a2-9e40-7ac48868c3c4{ip: 10.1.0.8, host: fv-az66-546.vwcdieab4koerntclszyavmfxa.dx.internal.cloudapp.net, ports: [REPLICATION=43537, RATIS=34569, RATIS_ADMIN=34569, RATIS_SERVER=34569, STANDALONE=39783], networkLocation: /default-rack, certSerialId: null, persistedOpState: IN_SERVICE, persistedOpStateExpiryEpochSec: 0}, placeOfBirth=98ebfad8-d5dc-46a2-9e40-7ac48868c3c4, sequenceId=30, keyCount=3, bytesUsed=57},ContainerReplica{containerID=#4, state=CLOSED, datanodeDetails=ad74f3b2-c092-43ca-befa-d99c208edbaf{ip: 10.1.0.8, host: fv-az66-546.vwcdieab4koerntclszyavmfxa.dx.internal.cloudapp.net, ports: [REPLICATION=45511, RATIS=46867, RATIS_ADMIN=46867, RATIS_SERVER=46867, STANDALONE=34703], networkLocation: /default-rack, certSerialId: null, persistedOpState: DECOMMISSIONING, persistedOpStateExpiryEpochSec: 0}, placeOfBirth=ad74f3b2-c092-43ca-befa-d99c208edbaf, sequenceId=30, keyCount=3, bytesUsed=57},ContainerReplica{containerID=#4, state=CLOSED, datanodeDetails=1a57f128-5fc1-45db-894e-2ffd043cedb3{ip: 10.1.0.8, host: fv-az66-546.vwcdieab4koerntclszyavmfxa.dx.internal.cloudapp.net, ports: [REPLICATION=42497, RATIS=41991, RATIS_ADMIN=41991, RATIS_SERVER=41991, STANDALONE=45247], networkLocation: /default-rack, certSerialId: null, persistedOpState: IN_SERVICE, persistedOpStateExpiryEpochSec: 0}, placeOfBirth=1a57f128-5fc1-45db-894e-2ffd043cedb3, sequenceId=30, keyCount=3, bytesUsed=57}}
2022-06-25 01:03:25,194 [DatanodeAdminManager-0] INFO  node.DatanodeAdminMonitorImpl (DatanodeAdminMonitorImpl.java:checkContainersReplicatedOnNode(327)) - ad74f3b2-c092-43ca-befa-d99c208edbaf{ip: 10.1.0.8, host: fv-az66-546.vwcdieab4koerntclszyavmfxa.dx.internal.cloudapp.net, ports: [REPLICATION=45511, RATIS=46867, RATIS_ADMIN=46867, RATIS_SERVER=46867, STANDALONE=34703], networkLocation: /default-rack, certSerialId: null, persistedOpState: DECOMMISSIONING, persistedOpStateExpiryEpochSec: 0} has 0 sufficientlyReplicated, 3 underReplicated and 0 unhealthy containers
2022-06-25 01:03:25,194 [DatanodeAdminManager-0] INFO  node.DatanodeAdminMonitorImpl (DatanodeAdminMonitorImpl.java:run(148)) - There are 1 nodes tracked for decommission and maintenance. 0 pending nodes.
2022-06-25 01:03:25,198 [ContainerReplicationThread-1] INFO  replication.DownloadAndImportReplicator (DownloadAndImportReplicator.java:replicate(117)) - Container 6 is downloaded with size 10554, starting to import.
2022-06-25 01:03:25,207 [ContainerReplicationThread-0] INFO  replication.DownloadAndImportReplicator (DownloadAndImportReplicator.java:replicate(117)) - Container 1 is downloaded with size 10501, starting to import.
2022-06-25 01:03:25,210 [ReplicationMonitor] INFO  replication.ReplicationManager (ReplicationManager.java:processAll(249)) - Replication Monitor Thread took 1 milliseconds for processing 6 containers.
2022-06-25 01:03:25,212 [EventQueue-OpenPipelineForHealthyPipelineSafeModeRule] INFO  safemode.SCMSafeModeManager (HealthyPipelineSafeModeRule.java:process(124)) - SCM in safe mode. Healthy pipelines reported count is 0, required healthy pipeline reported count is 1
2022-06-25 01:03:25,293 [ContainerReplicationThread-0] INFO  replication.DownloadAndImportReplicator (DownloadAndImportReplicator.java:replicate(122)) - Container 1 is replicated successfully
2022-06-25 01:03:25,293 [ContainerReplicationThread-0] INFO  replication.ReplicationSupervisor (ReplicationSupervisor.java:run(176)) - Container 1 is replicated.
2022-06-25 01:03:25,297 [ContainerReplicationThread-0] INFO  replication.DownloadAndImportReplicator (DownloadAndImportReplicator.java:replicate(122)) - Container 4 is replicated successfully
2022-06-25 01:03:25,297 [ContainerReplicationThread-0] INFO  replication.ReplicationSupervisor (ReplicationSupervisor.java:run(176)) - Container 4 is replicated.
2022-06-25 01:03:25,301 [ContainerReplicationThread-1] INFO  replication.DownloadAndImportReplicator (DownloadAndImportReplicator.java:replicate(122)) - Container 6 is replicated successfully
2022-06-25 01:03:25,301 [ContainerReplicationThread-1] INFO  replication.ReplicationSupervisor (ReplicationSupervisor.java:run(176)) - Container 6 is replicated.
2022-06-25 01:03:25,391 [ReplicationMonitor] INFO  replication.ReplicationManager (ReplicationManager.java:processAll(228)) - Replication Manager is not ready to run until 3000ms after safemode exit
2022-06-25 01:03:25,671 [Command processor thread] INFO  server.RaftServer (RaftServerProxy.java:addNew(96)) - 6ea96d82-acb4-4d53-969d-852ff983a9a8: addNew group-99483CAB09DC:[6ea96d82-acb4-4d53-969d-852ff983a9a8|rpc:10.1.0.8:38885|priority:1] returns group-99483CAB09DC:java.util.concurrent.CompletableFuture@328446e2[Not completed]
2022-06-25 01:03:25,672 [pool-435-thread-1] INFO  server.RaftServer$Division (RaftServerImpl.java:<init>(190)) - 6ea96d82-acb4-4d53-969d-852ff983a9a8: new RaftServerImpl for group-99483CAB09DC:[6ea96d82-acb4-4d53-969d-852ff983a9a8|rpc:10.1.0.8:38885|priority:1] with ContainerStateMachine:uninitialized
2022-06-25 01:03:25,672 [pool-435-thread-1] INFO  server.RaftServerConfigKeys (ConfUtils.java:logGet(46)) - raft.server.rpc.timeout.min = 5s (custom)
2022-06-25 01:03:25,672 [pool-435-thread-1] INFO  server.RaftServerConfigKeys (ConfUtils.java:logGet(46)) - raft.server.rpc.timeout.max = 5200ms (custom)
2022-06-25 01:03:25,672 [pool-435-thread-1] INFO  server.RaftServerConfigKeys (ConfUtils.java:logGet(46)) - raft.server.rpc.sleep.time = 25ms (default)
2022-06-25 01:03:25,672 [pool-435-thread-1] INFO  server.RaftServerConfigKeys (ConfUtils.java:logGet(46)) - raft.server.rpc.slowness.timeout = 300s (custom)
2022-06-25 01:03:25,673 [pool-435-thread-1] INFO  server.RaftServerConfigKeys (ConfUtils.java:logGet(46)) - raft.server.leaderelection.leader.step-down.wait-time = 10s (default)
2022-06-25 01:03:25,673 [pool-435-thread-1] INFO  server.RaftServerConfigKeys (ConfUtils.java:logGet(46)) - raft.server.sleep.deviation.threshold = 300ms (default)
2022-06-25 01:03:25,673 [pool-435-thread-1] INFO  server.RaftServer$Division (ServerState.java:<init>(107)) - 6ea96d82-acb4-4d53-969d-852ff983a9a8@group-99483CAB09DC: ConfigurationManager, init=-1: [6ea96d82-acb4-4d53-969d-852ff983a9a8|rpc:10.1.0.8:38885|priority:1], old=null, confs=<EMPTY_MAP>
2022-06-25 01:03:25,673 [pool-435-thread-1] INFO  server.RaftServerConfigKeys (ConfUtils.java:logGet(46)) - raft.server.storage.dir = [/home/runner/work/ozone/ozone/hadoop-ozone/integration-test/target/test-dir/MiniOzoneClusterImpl-7d041fb5-2049-42d4-ae67-c17d724e960a/datanode-2/data/ratis] (custom)
2022-06-25 01:03:25,673 [pool-435-thread-1] INFO  server.RaftServerConfigKeys (ConfUtils.java:logGet(46)) - raft.server.log.corruption.policy = EXCEPTION (default)
2022-06-25 01:03:25,673 [pool-435-thread-1] INFO  server.RaftServerConfigKeys (ConfUtils.java:logGet(46)) - raft.server.storage.free-space.min = 0MB (=0) (default)
2022-06-25 01:03:25,673 [pool-435-thread-1] INFO  storage.RaftStorageDirectory (RaftStorageDirectoryImpl.java:analyzeStorage(135)) - The storage directory /home/runner/work/ozone/ozone/hadoop-ozone/integration-test/target/test-dir/MiniOzoneClusterImpl-7d041fb5-2049-42d4-ae67-c17d724e960a/datanode-2/data/ratis/09ea5a2b-0cfa-405b-b27f-99483cab09dc does not exist. Creating ...
2022-06-25 01:03:25,675 [pool-435-thread-1] INFO  storage.RaftStorageDirectory (RaftStorageDirectoryImpl.java:tryLock(230)) - Lock on /home/runner/work/ozone/ozone/hadoop-ozone/integration-test/target/test-dir/MiniOzoneClusterImpl-7d041fb5-2049-42d4-ae67-c17d724e960a/datanode-2/data/ratis/09ea5a2b-0cfa-405b-b27f-99483cab09dc/in_use.lock acquired by nodename 7033@fv-az66-546
2022-06-25 01:03:25,677 [pool-435-thread-1] INFO  storage.RaftStorage (RaftStorageImpl.java:format(89)) - Storage directory /home/runner/work/ozone/ozone/hadoop-ozone/integration-test/target/test-dir/MiniOzoneClusterImpl-7d041fb5-2049-42d4-ae67-c17d724e960a/datanode-2/data/ratis/09ea5a2b-0cfa-405b-b27f-99483cab09dc has been successfully formatted.
2022-06-25 01:03:25,677 [pool-435-thread-1] INFO  ratis.ContainerStateMachine (ContainerStateMachine.java:loadSnapshot(236)) - group-99483CAB09DC: The snapshot info is null. Setting the last applied indexto:(t:0, i:~)
2022-06-25 01:03:25,677 [pool-435-thread-1] INFO  server.RaftServerConfigKeys (ConfUtils.java:logGet(46)) - raft.server.notification.no-leader.timeout = 300s (custom)
2022-06-25 01:03:25,677 [pool-435-thread-1] INFO  server.RaftServerConfigKeys (ConfUtils.java:logGet(46)) - raft.server.log.use.memory = false (default)
2022-06-25 01:03:25,677 [pool-435-thread-1] INFO  server.RaftServerConfigKeys (ConfUtils.java:logGet(46)) - raft.server.log.purge.gap = 1000000 (custom)
2022-06-25 01:03:25,677 [pool-435-thread-1] INFO  server.RaftServerConfigKeys (ConfUtils.java:logGet(46)) - raft.server.log.appender.buffer.byte-limit = 33554432 (custom)
2022-06-25 01:03:25,678 [pool-435-thread-1] INFO  server.RaftServerConfigKeys (ConfUtils.java:logGet(46)) - raft.server.log.statemachine.data.read.timeout = 1000ms (default)
2022-06-25 01:03:25,678 [pool-435-thread-1] INFO  server.RaftServerConfigKeys (ConfUtils.java:logGet(46)) - raft.server.log.segment.size.max = 1048576 (custom)
2022-06-25 01:03:25,678 [pool-435-thread-1] INFO  server.RaftServerConfigKeys (ConfUtils.java:logGet(46)) - raft.server.log.segment.cache.num.max = 2 (custom)
2022-06-25 01:03:25,678 [pool-435-thread-1] INFO  server.RaftServerConfigKeys (ConfUtils.java:logGet(46)) - raft.server.log.segment.cache.size.max = 200MB (=209715200) (default)
2022-06-25 01:03:25,678 [pool-435-thread-1] INFO  segmented.SegmentedRaftLogWorker (SegmentedRaftLogWorker.java:<init>(187)) - new 6ea96d82-acb4-4d53-969d-852ff983a9a8@group-99483CAB09DC-SegmentedRaftLogWorker for RaftStorageImpl:Storage Directory /home/runner/work/ozone/ozone/hadoop-ozone/integration-test/target/test-dir/MiniOzoneClusterImpl-7d041fb5-2049-42d4-ae67-c17d724e960a/datanode-2/data/ratis/09ea5a2b-0cfa-405b-b27f-99483cab09dc
2022-06-25 01:03:25,679 [pool-435-thread-1] INFO  server.RaftServerConfigKeys (ConfUtils.java:logGet(46)) - raft.server.log.queue.byte-limit = 4294967296 (custom)
2022-06-25 01:03:25,679 [pool-435-thread-1] INFO  server.RaftServerConfigKeys (ConfUtils.java:logGet(46)) - raft.server.log.queue.element-limit = 1024 (custom)
2022-06-25 01:03:25,679 [pool-435-thread-1] INFO  server.RaftServerConfigKeys (ConfUtils.java:logGet(46)) - raft.server.log.segment.size.max = 1048576 (custom)
2022-06-25 01:03:25,679 [pool-435-thread-1] INFO  server.RaftServerConfigKeys (ConfUtils.java:logGet(46)) - raft.server.log.preallocated.size = 16384 (custom)
2022-06-25 01:03:25,679 [pool-435-thread-1] INFO  server.RaftServerConfigKeys (ConfUtils.java:logGet(46)) - raft.server.log.force.sync.num = 128 (default)
2022-06-25 01:03:25,679 [pool-435-thread-1] INFO  server.RaftServerConfigKeys (ConfUtils.java:logGet(46)) - raft.server.log.statemachine.data.sync = true (default)
2022-06-25 01:03:25,679 [pool-435-thread-1] INFO  server.RaftServerConfigKeys (ConfUtils.java:logGet(46)) - raft.server.log.statemachine.data.sync.timeout = 10s (default)
2022-06-25 01:03:25,679 [pool-435-thread-1] INFO  server.RaftServerConfigKeys (ConfUtils.java:logGet(46)) - raft.server.log.statemachine.data.sync.timeout.retry = -1 (default)
2022-06-25 01:03:25,679 [EventQueue-PipelineReportForPipelineReportHandler] INFO  pipeline.PipelineManagerImpl (PipelineManagerImpl.java:openPipeline(358)) - Pipeline Pipeline[ Id: 09ea5a2b-0cfa-405b-b27f-99483cab09dc, Nodes: 6ea96d82-acb4-4d53-969d-852ff983a9a8{ip: 10.1.0.8, host: fv-az66-546.vwcdieab4koerntclszyavmfxa.dx.internal.cloudapp.net, ports: [REPLICATION=46209, RATIS=38885, RATIS_ADMIN=38885, RATIS_SERVER=38885, STANDALONE=35219], networkLocation: /default-rack, certSerialId: null, persistedOpState: IN_SERVICE, persistedOpStateExpiryEpochSec: 0}, ReplicationConfig: RATIS/ONE, State:ALLOCATED, leaderId:6ea96d82-acb4-4d53-969d-852ff983a9a8, CreationTimestamp2022-06-25T01:03:22.673Z[Etc/UTC]] moved to OPEN state
2022-06-25 01:03:25,680 [EventQueue-OpenPipelineForHealthyPipelineSafeModeRule] INFO  safemode.SCMSafeModeManager (HealthyPipelineSafeModeRule.java:process(124)) - SCM in safe mode. Healthy pipelines reported count is 0, required healthy pipeline reported count is 1
2022-06-25 01:03:25,680 [pool-435-thread-1] INFO  server.RaftServerConfigKeys (ConfUtils.java:logGet(46)) - raft.server.log.write.buffer.size = 1048576 (custom)
2022-06-25 01:03:25,681 [pool-435-thread-1] INFO  server.RaftServerConfigKeys (ConfUtils.java:logGet(46)) - raft.server.log.unsafe-flush.enabled = false (default)
2022-06-25 01:03:25,681 [pool-435-thread-1] INFO  server.RaftServerConfigKeys (ConfUtils.java:logGet(46)) - raft.server.log.statemachine.data.caching.enabled = true (custom)
2022-06-25 01:03:25,681 [pool-435-thread-1] INFO  segmented.SegmentedRaftLogWorker (SegmentedRaftLogWorker.java:lambda$new$0(135)) - 6ea96d82-acb4-4d53-969d-852ff983a9a8@group-99483CAB09DC-SegmentedRaftLogWorker: flushIndex: setUnconditionally 0 -> -1
2022-06-25 01:03:25,681 [pool-435-thread-1] INFO  segmented.SegmentedRaftLogWorker (SegmentedRaftLogWorker.java:lambda$new$0(135)) - 6ea96d82-acb4-4d53-969d-852ff983a9a8@group-99483CAB09DC-SegmentedRaftLogWorker: safeCacheEvictIndex: setUnconditionally 0 -> -1
2022-06-25 01:03:25,685 [pool-435-thread-1] INFO  server.RaftServerConfigKeys (ConfUtils.java:logGet(46)) - raft.server.snapshot.auto.trigger.enabled = true (custom)
2022-06-25 01:03:25,686 [pool-435-thread-1] INFO  server.RaftServerConfigKeys (ConfUtils.java:logGet(46)) - raft.server.snapshot.auto.trigger.threshold = 10000 (custom)
2022-06-25 01:03:25,686 [pool-435-thread-1] INFO  server.RaftServerConfigKeys (ConfUtils.java:logGet(46)) - raft.server.snapshot.retention.file.num = 5 (custom)
2022-06-25 01:03:25,686 [pool-435-thread-1] INFO  server.RaftServerConfigKeys (ConfUtils.java:logGet(46)) - raft.server.log.purge.upto.snapshot.index = false (default)
2022-06-25 01:03:25,686 [pool-435-thread-1] INFO  server.RaftServerConfigKeys (ConfUtils.java:logGet(46)) - raft.server.retrycache.expirytime = 600000ms (custom)
2022-06-25 01:03:25,686 [pool-435-thread-1] INFO  server.RaftServerConfigKeys (ConfUtils.java:logGet(46)) - raft.server.retrycache.statistics.expirytime = 100μs (default)
2022-06-25 01:03:25,688 [pool-435-thread-1] INFO  server.RaftServerConfigKeys (ConfUtils.java:logGet(46)) - raft.server.log.appender.install.snapshot.enabled = false (custom)
2022-06-25 01:03:25,688 [pool-435-thread-1] INFO  server.RaftServerConfigKeys (ConfUtils.java:logGet(46)) - raft.server.threadpool.server.cached = true (default)
2022-06-25 01:03:25,688 [pool-435-thread-1] INFO  server.RaftServerConfigKeys (ConfUtils.java:logGet(46)) - raft.server.threadpool.server.size = 0 (default)
2022-06-25 01:03:25,688 [pool-435-thread-1] INFO  server.RaftServerConfigKeys (ConfUtils.java:logGet(46)) - raft.server.threadpool.client.cached = true (default)
2022-06-25 01:03:25,688 [pool-435-thread-1] INFO  server.RaftServerConfigKeys (ConfUtils.java:logGet(46)) - raft.server.threadpool.client.size = 0 (default)
2022-06-25 01:03:25,688 [pool-435-thread-1] INFO  server.RaftServer$Division (RaftServerImpl.java:start(310)) - 6ea96d82-acb4-4d53-969d-852ff983a9a8@group-99483CAB09DC: start as a follower, conf=-1: [6ea96d82-acb4-4d53-969d-852ff983a9a8|rpc:10.1.0.8:38885|priority:1], old=null
2022-06-25 01:03:25,688 [pool-435-thread-1] INFO  server.RaftServer$Division (RaftServerImpl.java:setRole(299)) - 6ea96d82-acb4-4d53-969d-852ff983a9a8@group-99483CAB09DC: changes role from      null to FOLLOWER at term 0 for startAsFollower
2022-06-25 01:03:25,688 [pool-435-thread-1] INFO  impl.RoleInfo (RoleInfo.java:updateAndGet(139)) - 6ea96d82-acb4-4d53-969d-852ff983a9a8: start 6ea96d82-acb4-4d53-969d-852ff983a9a8@group-99483CAB09DC-FollowerState
2022-06-25 01:03:25,694 [pool-435-thread-1] INFO  util.JmxRegister (JmxRegister.java:tryRegister(44)) - Successfully registered JMX Bean with object name Ratis:service=RaftServer,group=group-99483CAB09DC,id=6ea96d82-acb4-4d53-969d-852ff983a9a8
2022-06-25 01:03:25,695 [Command processor thread] INFO  ratis.XceiverServerRatis (XceiverServerRatis.java:addGroup(765)) - Created group PipelineID=09ea5a2b-0cfa-405b-b27f-99483cab09dc
2022-06-25 01:03:25,695 [Command processor thread] INFO  commandhandler.CreatePipelineCommandHandler (CreatePipelineCommandHandler.java:handle(113)) - Created Pipeline RATIS ONE PipelineID=09ea5a2b-0cfa-405b-b27f-99483cab09dc.
2022-06-25 01:03:25,835 [Listener at 127.0.0.1/35937] INFO  ozone.MiniOzoneClusterImpl (MiniOzoneClusterImpl.java:lambda$waitForClusterToBeReady$0(223)) - Nodes are ready. Got 6 of 6 DN Heartbeats.
2022-06-25 01:03:25,835 [Listener at 127.0.0.1/35937] INFO  ozone.MiniOzoneClusterImpl (MiniOzoneClusterImpl.java:lambda$waitForClusterToBeReady$0(226)) - Waiting for cluster to exit safe mode
2022-06-25 01:03:25,835 [Listener at 127.0.0.1/35937] INFO  ozone.MiniOzoneClusterImpl (MiniOzoneClusterImpl.java:lambda$waitForClusterToBeReady$0(228)) - SCM became leader
2022-06-25 01:03:26,012 [Command processor thread] INFO  server.RaftServer (RaftServerProxy.java:addNew(96)) - df1d8881-24e2-4ee3-b76e-d18ef9412a67: addNew group-CF776BB7FBC5:[df1d8881-24e2-4ee3-b76e-d18ef9412a67|rpc:10.1.0.8:33439|priority:1] returns group-CF776BB7FBC5:java.util.concurrent.CompletableFuture@4d5fc647[Not completed]
2022-06-25 01:03:26,014 [pool-461-thread-1] INFO  server.RaftServer$Division (RaftServerImpl.java:<init>(190)) - df1d8881-24e2-4ee3-b76e-d18ef9412a67: new RaftServerImpl for group-CF776BB7FBC5:[df1d8881-24e2-4ee3-b76e-d18ef9412a67|rpc:10.1.0.8:33439|priority:1] with ContainerStateMachine:uninitialized
2022-06-25 01:03:26,014 [pool-461-thread-1] INFO  server.RaftServerConfigKeys (ConfUtils.java:logGet(46)) - raft.server.rpc.timeout.min = 5s (custom)
2022-06-25 01:03:26,014 [pool-461-thread-1] INFO  server.RaftServerConfigKeys (ConfUtils.java:logGet(46)) - raft.server.rpc.timeout.max = 5200ms (custom)
2022-06-25 01:03:26,014 [pool-461-thread-1] INFO  server.RaftServerConfigKeys (ConfUtils.java:logGet(46)) - raft.server.rpc.sleep.time = 25ms (default)
2022-06-25 01:03:26,014 [pool-461-thread-1] INFO  server.RaftServerConfigKeys (ConfUtils.java:logGet(46)) - raft.server.rpc.slowness.timeout = 300s (custom)
2022-06-25 01:03:26,014 [pool-461-thread-1] INFO  server.RaftServerConfigKeys (ConfUtils.java:logGet(46)) - raft.server.leaderelection.leader.step-down.wait-time = 10s (default)
2022-06-25 01:03:26,014 [pool-461-thread-1] INFO  server.RaftServerConfigKeys (ConfUtils.java:logGet(46)) - raft.server.sleep.deviation.threshold = 300ms (default)
2022-06-25 01:03:26,014 [pool-461-thread-1] INFO  server.RaftServer$Division (ServerState.java:<init>(107)) - df1d8881-24e2-4ee3-b76e-d18ef9412a67@group-CF776BB7FBC5: ConfigurationManager, init=-1: [df1d8881-24e2-4ee3-b76e-d18ef9412a67|rpc:10.1.0.8:33439|priority:1], old=null, confs=<EMPTY_MAP>
2022-06-25 01:03:26,014 [pool-461-thread-1] INFO  server.RaftServerConfigKeys (ConfUtils.java:logGet(46)) - raft.server.storage.dir = [/home/runner/work/ozone/ozone/hadoop-ozone/integration-test/target/test-dir/MiniOzoneClusterImpl-7d041fb5-2049-42d4-ae67-c17d724e960a/datanode-3/data/ratis] (custom)
2022-06-25 01:03:26,015 [pool-461-thread-1] INFO  server.RaftServerConfigKeys (ConfUtils.java:logGet(46)) - raft.server.log.corruption.policy = EXCEPTION (default)
2022-06-25 01:03:26,015 [pool-461-thread-1] INFO  server.RaftServerConfigKeys (ConfUtils.java:logGet(46)) - raft.server.storage.free-space.min = 0MB (=0) (default)
2022-06-25 01:03:26,015 [pool-461-thread-1] INFO  storage.RaftStorageDirectory (RaftStorageDirectoryImpl.java:analyzeStorage(135)) - The storage directory /home/runner/work/ozone/ozone/hadoop-ozone/integration-test/target/test-dir/MiniOzoneClusterImpl-7d041fb5-2049-42d4-ae67-c17d724e960a/datanode-3/data/ratis/d356e671-08e7-4d83-b733-cf776bb7fbc5 does not exist. Creating ...
2022-06-25 01:03:26,016 [pool-461-thread-1] INFO  storage.RaftStorageDirectory (RaftStorageDirectoryImpl.java:tryLock(230)) - Lock on /home/runner/work/ozone/ozone/hadoop-ozone/integration-test/target/test-dir/MiniOzoneClusterImpl-7d041fb5-2049-42d4-ae67-c17d724e960a/datanode-3/data/ratis/d356e671-08e7-4d83-b733-cf776bb7fbc5/in_use.lock acquired by nodename 7033@fv-az66-546
2022-06-25 01:03:26,018 [pool-461-thread-1] INFO  storage.RaftStorage (RaftStorageImpl.java:format(89)) - Storage directory /home/runner/work/ozone/ozone/hadoop-ozone/integration-test/target/test-dir/MiniOzoneClusterImpl-7d041fb5-2049-42d4-ae67-c17d724e960a/datanode-3/data/ratis/d356e671-08e7-4d83-b733-cf776bb7fbc5 has been successfully formatted.
2022-06-25 01:03:26,018 [pool-461-thread-1] INFO  ratis.ContainerStateMachine (ContainerStateMachine.java:loadSnapshot(236)) - group-CF776BB7FBC5: The snapshot info is null. Setting the last applied indexto:(t:0, i:~)
2022-06-25 01:03:26,018 [pool-461-thread-1] INFO  server.RaftServerConfigKeys (ConfUtils.java:logGet(46)) - raft.server.notification.no-leader.timeout = 300s (custom)
2022-06-25 01:03:26,018 [pool-461-thread-1] INFO  server.RaftServerConfigKeys (ConfUtils.java:logGet(46)) - raft.server.log.use.memory = false (default)
2022-06-25 01:03:26,019 [pool-461-thread-1] INFO  server.RaftServerConfigKeys (ConfUtils.java:logGet(46)) - raft.server.log.purge.gap = 1000000 (custom)
2022-06-25 01:03:26,019 [pool-461-thread-1] INFO  server.RaftServerConfigKeys (ConfUtils.java:logGet(46)) - raft.server.log.appender.buffer.byte-limit = 33554432 (custom)
2022-06-25 01:03:26,019 [pool-461-thread-1] INFO  server.RaftServerConfigKeys (ConfUtils.java:logGet(46)) - raft.server.log.statemachine.data.read.timeout = 1000ms (default)
2022-06-25 01:03:26,019 [pool-461-thread-1] INFO  server.RaftServerConfigKeys (ConfUtils.java:logGet(46)) - raft.server.log.segment.size.max = 1048576 (custom)
2022-06-25 01:03:26,019 [pool-461-thread-1] INFO  server.RaftServerConfigKeys (ConfUtils.java:logGet(46)) - raft.server.log.segment.cache.num.max = 2 (custom)
2022-06-25 01:03:26,020 [pool-461-thread-1] INFO  server.RaftServerConfigKeys (ConfUtils.java:logGet(46)) - raft.server.log.segment.cache.size.max = 200MB (=209715200) (default)
2022-06-25 01:03:26,020 [pool-461-thread-1] INFO  segmented.SegmentedRaftLogWorker (SegmentedRaftLogWorker.java:<init>(187)) - new df1d8881-24e2-4ee3-b76e-d18ef9412a67@group-CF776BB7FBC5-SegmentedRaftLogWorker for RaftStorageImpl:Storage Directory /home/runner/work/ozone/ozone/hadoop-ozone/integration-test/target/test-dir/MiniOzoneClusterImpl-7d041fb5-2049-42d4-ae67-c17d724e960a/datanode-3/data/ratis/d356e671-08e7-4d83-b733-cf776bb7fbc5
2022-06-25 01:03:26,020 [pool-461-thread-1] INFO  server.RaftServerConfigKeys (ConfUtils.java:logGet(46)) - raft.server.log.queue.byte-limit = 4294967296 (custom)
2022-06-25 01:03:26,020 [pool-461-thread-1] INFO  server.RaftServerConfigKeys (ConfUtils.java:logGet(46)) - raft.server.log.queue.element-limit = 1024 (custom)
2022-06-25 01:03:26,020 [pool-461-thread-1] INFO  server.RaftServerConfigKeys (ConfUtils.java:logGet(46)) - raft.server.log.segment.size.max = 1048576 (custom)
2022-06-25 01:03:26,020 [pool-461-thread-1] INFO  server.RaftServerConfigKeys (ConfUtils.java:logGet(46)) - raft.server.log.preallocated.size = 16384 (custom)
2022-06-25 01:03:26,020 [pool-461-thread-1] INFO  server.RaftServerConfigKeys (ConfUtils.java:logGet(46)) - raft.server.log.force.sync.num = 128 (default)
2022-06-25 01:03:26,020 [pool-461-thread-1] INFO  server.RaftServerConfigKeys (ConfUtils.java:logGet(46)) - raft.server.log.statemachine.data.sync = true (default)
2022-06-25 01:03:26,020 [pool-461-thread-1] INFO  server.RaftServerConfigKeys (ConfUtils.java:logGet(46)) - raft.server.log.statemachine.data.sync.timeout = 10s (default)
2022-06-25 01:03:26,020 [pool-461-thread-1] INFO  server.RaftServerConfigKeys (ConfUtils.java:logGet(46)) - raft.server.log.statemachine.data.sync.timeout.retry = -1 (default)
2022-06-25 01:03:26,022 [pool-461-thread-1] INFO  server.RaftServerConfigKeys (ConfUtils.java:logGet(46)) - raft.server.log.write.buffer.size = 1048576 (custom)
2022-06-25 01:03:26,022 [EventQueue-PipelineReportForPipelineReportHandler] INFO  pipeline.PipelineManagerImpl (PipelineManagerImpl.java:openPipeline(358)) - Pipeline Pipeline[ Id: d356e671-08e7-4d83-b733-cf776bb7fbc5, Nodes: df1d8881-24e2-4ee3-b76e-d18ef9412a67{ip: 10.1.0.8, host: fv-az66-546.vwcdieab4koerntclszyavmfxa.dx.internal.cloudapp.net, ports: [REPLICATION=45237, RATIS=33439, RATIS_ADMIN=33439, RATIS_SERVER=33439, STANDALONE=36217], networkLocation: /default-rack, certSerialId: null, persistedOpState: IN_SERVICE, persistedOpStateExpiryEpochSec: 0}, ReplicationConfig: RATIS/ONE, State:ALLOCATED, leaderId:df1d8881-24e2-4ee3-b76e-d18ef9412a67, CreationTimestamp2022-06-25T01:03:23.013Z[Etc/UTC]] moved to OPEN state
2022-06-25 01:03:26,023 [EventQueue-OpenPipelineForHealthyPipelineSafeModeRule] INFO  safemode.SCMSafeModeManager (HealthyPipelineSafeModeRule.java:process(124)) - SCM in safe mode. Healthy pipelines reported count is 0, required healthy pipeline reported count is 1
2022-06-25 01:03:26,022 [pool-461-thread-1] INFO  server.RaftServerConfigKeys (ConfUtils.java:logGet(46)) - raft.server.log.unsafe-flush.enabled = false (default)
2022-06-25 01:03:26,027 [pool-461-thread-1] INFO  server.RaftServerConfigKeys (ConfUtils.java:logGet(46)) - raft.server.log.statemachine.data.caching.enabled = true (custom)
2022-06-25 01:03:26,027 [pool-461-thread-1] INFO  segmented.SegmentedRaftLogWorker (SegmentedRaftLogWorker.java:lambda$new$0(135)) - df1d8881-24e2-4ee3-b76e-d18ef9412a67@group-CF776BB7FBC5-SegmentedRaftLogWorker: flushIndex: setUnconditionally 0 -> -1
2022-06-25 01:03:26,027 [pool-461-thread-1] INFO  segmented.SegmentedRaftLogWorker (SegmentedRaftLogWorker.java:lambda$new$0(135)) - df1d8881-24e2-4ee3-b76e-d18ef9412a67@group-CF776BB7FBC5-SegmentedRaftLogWorker: safeCacheEvictIndex: setUnconditionally 0 -> -1
2022-06-25 01:03:26,027 [pool-461-thread-1] INFO  server.RaftServerConfigKeys (ConfUtils.java:logGet(46)) - raft.server.snapshot.auto.trigger.enabled = true (custom)
2022-06-25 01:03:26,028 [pool-461-thread-1] INFO  server.RaftServerConfigKeys (ConfUtils.java:logGet(46)) - raft.server.snapshot.auto.trigger.threshold = 10000 (custom)
2022-06-25 01:03:26,028 [pool-461-thread-1] INFO  server.RaftServerConfigKeys (ConfUtils.java:logGet(46)) - raft.server.snapshot.retention.file.num = 5 (custom)
2022-06-25 01:03:26,028 [pool-461-thread-1] INFO  server.RaftServerConfigKeys (ConfUtils.java:logGet(46)) - raft.server.log.purge.upto.snapshot.index = false (default)
2022-06-25 01:03:26,028 [pool-461-thread-1] INFO  server.RaftServerConfigKeys (ConfUtils.java:logGet(46)) - raft.server.retrycache.expirytime = 600000ms (custom)
2022-06-25 01:03:26,028 [pool-461-thread-1] INFO  server.RaftServerConfigKeys (ConfUtils.java:logGet(46)) - raft.server.retrycache.statistics.expirytime = 100μs (default)
2022-06-25 01:03:26,029 [pool-461-thread-1] INFO  server.RaftServerConfigKeys (ConfUtils.java:logGet(46)) - raft.server.log.appender.install.snapshot.enabled = false (custom)
2022-06-25 01:03:26,029 [pool-461-thread-1] INFO  server.RaftServerConfigKeys (ConfUtils.java:logGet(46)) - raft.server.threadpool.server.cached = true (default)
2022-06-25 01:03:26,030 [pool-461-thread-1] INFO  server.RaftServerConfigKeys (ConfUtils.java:logGet(46)) - raft.server.threadpool.server.size = 0 (default)
2022-06-25 01:03:26,030 [pool-461-thread-1] INFO  server.RaftServerConfigKeys (ConfUtils.java:logGet(46)) - raft.server.threadpool.client.cached = true (default)
2022-06-25 01:03:26,030 [pool-461-thread-1] INFO  server.RaftServerConfigKeys (ConfUtils.java:logGet(46)) - raft.server.threadpool.client.size = 0 (default)
2022-06-25 01:03:26,030 [pool-461-thread-1] INFO  server.RaftServer$Division (RaftServerImpl.java:start(310)) - df1d8881-24e2-4ee3-b76e-d18ef9412a67@group-CF776BB7FBC5: start as a follower, conf=-1: [df1d8881-24e2-4ee3-b76e-d18ef9412a67|rpc:10.1.0.8:33439|priority:1], old=null
2022-06-25 01:03:26,030 [pool-461-thread-1] INFO  server.RaftServer$Division (RaftServerImpl.java:setRole(299)) - df1d8881-24e2-4ee3-b76e-d18ef9412a67@group-CF776BB7FBC5: changes role from      null to FOLLOWER at term 0 for startAsFollower
2022-06-25 01:03:26,030 [pool-461-thread-1] INFO  impl.RoleInfo (RoleInfo.java:updateAndGet(139)) - df1d8881-24e2-4ee3-b76e-d18ef9412a67: start df1d8881-24e2-4ee3-b76e-d18ef9412a67@group-CF776BB7FBC5-FollowerState
2022-06-25 01:03:26,030 [pool-461-thread-1] INFO  util.JmxRegister (JmxRegister.java:tryRegister(44)) - Successfully registered JMX Bean with object name Ratis:service=RaftServer,group=group-CF776BB7FBC5,id=df1d8881-24e2-4ee3-b76e-d18ef9412a67
2022-06-25 01:03:26,031 [Command processor thread] INFO  ratis.XceiverServerRatis (XceiverServerRatis.java:addGroup(765)) - Created group PipelineID=d356e671-08e7-4d83-b733-cf776bb7fbc5
2022-06-25 01:03:26,031 [Command processor thread] INFO  commandhandler.CreatePipelineCommandHandler (CreatePipelineCommandHandler.java:handle(113)) - Created Pipeline RATIS ONE PipelineID=d356e671-08e7-4d83-b733-cf776bb7fbc5.
2022-06-25 01:03:26,032 [Command processor thread] INFO  server.RaftServer (RaftServerProxy.java:addNew(96)) - df1d8881-24e2-4ee3-b76e-d18ef9412a67: addNew group-209269214918:[f13c4bc8-70da-4cb5-bf8c-82536bc78435|rpc:10.1.0.8:42013|priority:0, df1d8881-24e2-4ee3-b76e-d18ef9412a67|rpc:10.1.0.8:33439|priority:0, 7249bc38-cb50-4b50-8149-55795ead00f8|rpc:10.1.0.8:41595|priority:1] returns group-209269214918:java.util.concurrent.CompletableFuture@49604b34[Not completed]
2022-06-25 01:03:26,032 [pool-461-thread-1] INFO  server.RaftServer$Division (RaftServerImpl.java:<init>(190)) - df1d8881-24e2-4ee3-b76e-d18ef9412a67: new RaftServerImpl for group-209269214918:[f13c4bc8-70da-4cb5-bf8c-82536bc78435|rpc:10.1.0.8:42013|priority:0, df1d8881-24e2-4ee3-b76e-d18ef9412a67|rpc:10.1.0.8:33439|priority:0, 7249bc38-cb50-4b50-8149-55795ead00f8|rpc:10.1.0.8:41595|priority:1] with ContainerStateMachine:uninitialized
2022-06-25 01:03:26,033 [pool-461-thread-1] INFO  server.RaftServerConfigKeys (ConfUtils.java:logGet(46)) - raft.server.rpc.timeout.min = 5s (custom)
2022-06-25 01:03:26,033 [pool-461-thread-1] INFO  server.RaftServerConfigKeys (ConfUtils.java:logGet(46)) - raft.server.rpc.timeout.max = 5200ms (custom)
2022-06-25 01:03:26,033 [pool-461-thread-1] INFO  server.RaftServerConfigKeys (ConfUtils.java:logGet(46)) - raft.server.rpc.sleep.time = 25ms (default)
2022-06-25 01:03:26,033 [pool-461-thread-1] INFO  server.RaftServerConfigKeys (ConfUtils.java:logGet(46)) - raft.server.rpc.slowness.timeout = 300s (custom)
2022-06-25 01:03:26,033 [pool-461-thread-1] INFO  server.RaftServerConfigKeys (ConfUtils.java:logGet(46)) - raft.server.leaderelection.leader.step-down.wait-time = 10s (default)
2022-06-25 01:03:26,033 [pool-461-thread-1] INFO  server.RaftServerConfigKeys (ConfUtils.java:logGet(46)) - raft.server.sleep.deviation.threshold = 300ms (default)
2022-06-25 01:03:26,033 [pool-461-thread-1] INFO  server.RaftServer$Division (ServerState.java:<init>(107)) - df1d8881-24e2-4ee3-b76e-d18ef9412a67@group-209269214918: ConfigurationManager, init=-1: [f13c4bc8-70da-4cb5-bf8c-82536bc78435|rpc:10.1.0.8:42013|priority:0, df1d8881-24e2-4ee3-b76e-d18ef9412a67|rpc:10.1.0.8:33439|priority:0, 7249bc38-cb50-4b50-8149-55795ead00f8|rpc:10.1.0.8:41595|priority:1], old=null, confs=<EMPTY_MAP>
2022-06-25 01:03:26,033 [pool-461-thread-1] INFO  server.RaftServerConfigKeys (ConfUtils.java:logGet(46)) - raft.server.storage.dir = [/home/runner/work/ozone/ozone/hadoop-ozone/integration-test/target/test-dir/MiniOzoneClusterImpl-7d041fb5-2049-42d4-ae67-c17d724e960a/datanode-3/data/ratis] (custom)
2022-06-25 01:03:26,033 [pool-461-thread-1] INFO  server.RaftServerConfigKeys (ConfUtils.java:logGet(46)) - raft.server.log.corruption.policy = EXCEPTION (default)
2022-06-25 01:03:26,033 [pool-461-thread-1] INFO  server.RaftServerConfigKeys (ConfUtils.java:logGet(46)) - raft.server.storage.free-space.min = 0MB (=0) (default)
2022-06-25 01:03:26,034 [pool-461-thread-1] INFO  storage.RaftStorageDirectory (RaftStorageDirectoryImpl.java:analyzeStorage(135)) - The storage directory /home/runner/work/ozone/ozone/hadoop-ozone/integration-test/target/test-dir/MiniOzoneClusterImpl-7d041fb5-2049-42d4-ae67-c17d724e960a/datanode-3/data/ratis/366a4b35-46f0-4364-addc-209269214918 does not exist. Creating ...
2022-06-25 01:03:26,035 [pool-461-thread-1] INFO  storage.RaftStorageDirectory (RaftStorageDirectoryImpl.java:tryLock(230)) - Lock on /home/runner/work/ozone/ozone/hadoop-ozone/integration-test/target/test-dir/MiniOzoneClusterImpl-7d041fb5-2049-42d4-ae67-c17d724e960a/datanode-3/data/ratis/366a4b35-46f0-4364-addc-209269214918/in_use.lock acquired by nodename 7033@fv-az66-546
2022-06-25 01:03:26,041 [pool-461-thread-1] INFO  storage.RaftStorage (RaftStorageImpl.java:format(89)) - Storage directory /home/runner/work/ozone/ozone/hadoop-ozone/integration-test/target/test-dir/MiniOzoneClusterImpl-7d041fb5-2049-42d4-ae67-c17d724e960a/datanode-3/data/ratis/366a4b35-46f0-4364-addc-209269214918 has been successfully formatted.
2022-06-25 01:03:26,041 [pool-461-thread-1] INFO  ratis.ContainerStateMachine (ContainerStateMachine.java:loadSnapshot(236)) - group-209269214918: The snapshot info is null. Setting the last applied indexto:(t:0, i:~)
2022-06-25 01:03:26,041 [pool-461-thread-1] INFO  server.RaftServerConfigKeys (ConfUtils.java:logGet(46)) - raft.server.notification.no-leader.timeout = 300s (custom)
2022-06-25 01:03:26,041 [pool-461-thread-1] INFO  server.RaftServerConfigKeys (ConfUtils.java:logGet(46)) - raft.server.log.use.memory = false (default)
2022-06-25 01:03:26,042 [pool-461-thread-1] INFO  server.RaftServerConfigKeys (ConfUtils.java:logGet(46)) - raft.server.log.purge.gap = 1000000 (custom)
2022-06-25 01:03:26,042 [pool-461-thread-1] INFO  server.RaftServerConfigKeys (ConfUtils.java:logGet(46)) - raft.server.log.appender.buffer.byte-limit = 33554432 (custom)
2022-06-25 01:03:26,042 [pool-461-thread-1] INFO  server.RaftServerConfigKeys (ConfUtils.java:logGet(46)) - raft.server.log.statemachine.data.read.timeout = 1000ms (default)
2022-06-25 01:03:26,042 [pool-461-thread-1] INFO  server.RaftServerConfigKeys (ConfUtils.java:logGet(46)) - raft.server.log.segment.size.max = 1048576 (custom)
2022-06-25 01:03:26,043 [pool-461-thread-1] INFO  server.RaftServerConfigKeys (ConfUtils.java:logGet(46)) - raft.server.log.segment.cache.num.max = 2 (custom)
2022-06-25 01:03:26,043 [pool-461-thread-1] INFO  server.RaftServerConfigKeys (ConfUtils.java:logGet(46)) - raft.server.log.segment.cache.size.max = 200MB (=209715200) (default)
2022-06-25 01:03:26,043 [pool-461-thread-1] INFO  segmented.SegmentedRaftLogWorker (SegmentedRaftLogWorker.java:<init>(187)) - new df1d8881-24e2-4ee3-b76e-d18ef9412a67@group-209269214918-SegmentedRaftLogWorker for RaftStorageImpl:Storage Directory /home/runner/work/ozone/ozone/hadoop-ozone/integration-test/target/test-dir/MiniOzoneClusterImpl-7d041fb5-2049-42d4-ae67-c17d724e960a/datanode-3/data/ratis/366a4b35-46f0-4364-addc-209269214918
2022-06-25 01:03:26,043 [pool-461-thread-1] INFO  server.RaftServerConfigKeys (ConfUtils.java:logGet(46)) - raft.server.log.queue.byte-limit = 4294967296 (custom)
2022-06-25 01:03:26,043 [pool-461-thread-1] INFO  server.RaftServerConfigKeys (ConfUtils.java:logGet(46)) - raft.server.log.queue.element-limit = 1024 (custom)
2022-06-25 01:03:26,043 [pool-461-thread-1] INFO  server.RaftServerConfigKeys (ConfUtils.java:logGet(46)) - raft.server.log.segment.size.max = 1048576 (custom)
2022-06-25 01:03:26,043 [pool-461-thread-1] INFO  server.RaftServerConfigKeys (ConfUtils.java:logGet(46)) - raft.server.log.preallocated.size = 16384 (custom)
2022-06-25 01:03:26,044 [pool-461-thread-1] INFO  server.RaftServerConfigKeys (ConfUtils.java:logGet(46)) - raft.server.log.force.sync.num = 128 (default)
2022-06-25 01:03:26,044 [pool-461-thread-1] INFO  server.RaftServerConfigKeys (ConfUtils.java:logGet(46)) - raft.server.log.statemachine.data.sync = true (default)
2022-06-25 01:03:26,044 [pool-461-thread-1] INFO  server.RaftServerConfigKeys (ConfUtils.java:logGet(46)) - raft.server.log.statemachine.data.sync.timeout = 10s (default)
2022-06-25 01:03:26,044 [pool-461-thread-1] INFO  server.RaftServerConfigKeys (ConfUtils.java:logGet(46)) - raft.server.log.statemachine.data.sync.timeout.retry = -1 (default)
2022-06-25 01:03:26,044 [EventQueue-OpenPipelineForHealthyPipelineSafeModeRule] INFO  safemode.SCMSafeModeManager (HealthyPipelineSafeModeRule.java:process(124)) - SCM in safe mode. Healthy pipelines reported count is 0, required healthy pipeline reported count is 1
2022-06-25 01:03:26,045 [pool-461-thread-1] INFO  server.RaftServerConfigKeys (ConfUtils.java:logGet(46)) - raft.server.log.write.buffer.size = 1048576 (custom)
2022-06-25 01:03:26,045 [pool-461-thread-1] INFO  server.RaftServerConfigKeys (ConfUtils.java:logGet(46)) - raft.server.log.unsafe-flush.enabled = false (default)
2022-06-25 01:03:26,045 [pool-461-thread-1] INFO  server.RaftServerConfigKeys (ConfUtils.java:logGet(46)) - raft.server.log.statemachine.data.caching.enabled = true (custom)
2022-06-25 01:03:26,046 [pool-461-thread-1] INFO  segmented.SegmentedRaftLogWorker (SegmentedRaftLogWorker.java:lambda$new$0(135)) - df1d8881-24e2-4ee3-b76e-d18ef9412a67@group-209269214918-SegmentedRaftLogWorker: flushIndex: setUnconditionally 0 -> -1
2022-06-25 01:03:26,046 [pool-461-thread-1] INFO  segmented.SegmentedRaftLogWorker (SegmentedRaftLogWorker.java:lambda$new$0(135)) - df1d8881-24e2-4ee3-b76e-d18ef9412a67@group-209269214918-SegmentedRaftLogWorker: safeCacheEvictIndex: setUnconditionally 0 -> -1
2022-06-25 01:03:26,046 [pool-461-thread-1] INFO  server.RaftServerConfigKeys (ConfUtils.java:logGet(46)) - raft.server.snapshot.auto.trigger.enabled = true (custom)
2022-06-25 01:03:26,046 [pool-461-thread-1] INFO  server.RaftServerConfigKeys (ConfUtils.java:logGet(46)) - raft.server.snapshot.auto.trigger.threshold = 10000 (custom)
2022-06-25 01:03:26,046 [pool-461-thread-1] INFO  server.RaftServerConfigKeys (ConfUtils.java:logGet(46)) - raft.server.snapshot.retention.file.num = 5 (custom)
2022-06-25 01:03:26,046 [pool-461-thread-1] INFO  server.RaftServerConfigKeys (ConfUtils.java:logGet(46)) - raft.server.log.purge.upto.snapshot.index = false (default)
2022-06-25 01:03:26,046 [pool-461-thread-1] INFO  server.RaftServerConfigKeys (ConfUtils.java:logGet(46)) - raft.server.retrycache.expirytime = 600000ms (custom)
2022-06-25 01:03:26,046 [pool-461-thread-1] INFO  server.RaftServerConfigKeys (ConfUtils.java:logGet(46)) - raft.server.retrycache.statistics.expirytime = 100μs (default)
2022-06-25 01:03:26,050 [pool-461-thread-1] INFO  server.RaftServerConfigKeys (ConfUtils.java:logGet(46)) - raft.server.log.appender.install.snapshot.enabled = false (custom)
2022-06-25 01:03:26,050 [pool-461-thread-1] INFO  server.RaftServerConfigKeys (ConfUtils.java:logGet(46)) - raft.server.threadpool.server.cached = true (default)
2022-06-25 01:03:26,051 [pool-461-thread-1] INFO  server.RaftServerConfigKeys (ConfUtils.java:logGet(46)) - raft.server.threadpool.server.size = 0 (default)
2022-06-25 01:03:26,051 [pool-461-thread-1] INFO  server.RaftServerConfigKeys (ConfUtils.java:logGet(46)) - raft.server.threadpool.client.cached = true (default)
2022-06-25 01:03:26,051 [pool-461-thread-1] INFO  server.RaftServerConfigKeys (ConfUtils.java:logGet(46)) - raft.server.threadpool.client.size = 0 (default)
2022-06-25 01:03:26,051 [pool-461-thread-1] INFO  server.RaftServer$Division (RaftServerImpl.java:start(310)) - df1d8881-24e2-4ee3-b76e-d18ef9412a67@group-209269214918: start as a follower, conf=-1: [f13c4bc8-70da-4cb5-bf8c-82536bc78435|rpc:10.1.0.8:42013|priority:0, df1d8881-24e2-4ee3-b76e-d18ef9412a67|rpc:10.1.0.8:33439|priority:0, 7249bc38-cb50-4b50-8149-55795ead00f8|rpc:10.1.0.8:41595|priority:1], old=null
2022-06-25 01:03:26,051 [pool-461-thread-1] INFO  server.RaftServer$Division (RaftServerImpl.java:setRole(299)) - df1d8881-24e2-4ee3-b76e-d18ef9412a67@group-209269214918: changes role from      null to FOLLOWER at term 0 for startAsFollower
2022-06-25 01:03:26,051 [pool-461-thread-1] INFO  impl.RoleInfo (RoleInfo.java:updateAndGet(139)) - df1d8881-24e2-4ee3-b76e-d18ef9412a67: start df1d8881-24e2-4ee3-b76e-d18ef9412a67@group-209269214918-FollowerState
2022-06-25 01:03:26,051 [pool-461-thread-1] INFO  util.JmxRegister (JmxRegister.java:tryRegister(44)) - Successfully registered JMX Bean with object name Ratis:service=RaftServer,group=group-209269214918,id=df1d8881-24e2-4ee3-b76e-d18ef9412a67
2022-06-25 01:03:26,055 [Command processor thread] INFO  ratis.XceiverServerRatis (XceiverServerRatis.java:addGroup(765)) - Created group PipelineID=366a4b35-46f0-4364-addc-209269214918
2022-06-25 01:03:26,067 [grpc-default-executor-0] INFO  server.RaftServer (RaftServerProxy.java:addNew(96)) - f13c4bc8-70da-4cb5-bf8c-82536bc78435: addNew group-209269214918:[f13c4bc8-70da-4cb5-bf8c-82536bc78435|rpc:10.1.0.8:42013|dataStream:|priority:0, df1d8881-24e2-4ee3-b76e-d18ef9412a67|rpc:10.1.0.8:33439|dataStream:|priority:0, 7249bc38-cb50-4b50-8149-55795ead00f8|rpc:10.1.0.8:41595|dataStream:|priority:1] returns group-209269214918:java.util.concurrent.CompletableFuture@5e42b99c[Not completed]
2022-06-25 01:03:26,068 [pool-511-thread-1] INFO  server.RaftServer$Division (RaftServerImpl.java:<init>(190)) - f13c4bc8-70da-4cb5-bf8c-82536bc78435: new RaftServerImpl for group-209269214918:[f13c4bc8-70da-4cb5-bf8c-82536bc78435|rpc:10.1.0.8:42013|dataStream:|priority:0, df1d8881-24e2-4ee3-b76e-d18ef9412a67|rpc:10.1.0.8:33439|dataStream:|priority:0, 7249bc38-cb50-4b50-8149-55795ead00f8|rpc:10.1.0.8:41595|dataStream:|priority:1] with ContainerStateMachine:uninitialized
2022-06-25 01:03:26,068 [pool-511-thread-1] INFO  server.RaftServerConfigKeys (ConfUtils.java:logGet(46)) - raft.server.rpc.timeout.min = 5s (custom)
2022-06-25 01:03:26,068 [pool-511-thread-1] INFO  server.RaftServerConfigKeys (ConfUtils.java:logGet(46)) - raft.server.rpc.timeout.max = 5200ms (custom)
2022-06-25 01:03:26,069 [pool-511-thread-1] INFO  server.RaftServerConfigKeys (ConfUtils.java:logGet(46)) - raft.server.rpc.sleep.time = 25ms (default)
2022-06-25 01:03:26,069 [pool-511-thread-1] INFO  server.RaftServerConfigKeys (ConfUtils.java:logGet(46)) - raft.server.rpc.slowness.timeout = 300s (custom)
2022-06-25 01:03:26,069 [pool-511-thread-1] INFO  server.RaftServerConfigKeys (ConfUtils.java:logGet(46)) - raft.server.leaderelection.leader.step-down.wait-time = 10s (default)
2022-06-25 01:03:26,069 [pool-511-thread-1] INFO  server.RaftServerConfigKeys (ConfUtils.java:logGet(46)) - raft.server.sleep.deviation.threshold = 300ms (default)
2022-06-25 01:03:26,069 [pool-511-thread-1] INFO  server.RaftServer$Division (ServerState.java:<init>(107)) - f13c4bc8-70da-4cb5-bf8c-82536bc78435@group-209269214918: ConfigurationManager, init=-1: [f13c4bc8-70da-4cb5-bf8c-82536bc78435|rpc:10.1.0.8:42013|dataStream:|priority:0, df1d8881-24e2-4ee3-b76e-d18ef9412a67|rpc:10.1.0.8:33439|dataStream:|priority:0, 7249bc38-cb50-4b50-8149-55795ead00f8|rpc:10.1.0.8:41595|dataStream:|priority:1], old=null, confs=<EMPTY_MAP>
2022-06-25 01:03:26,069 [pool-511-thread-1] INFO  server.RaftServerConfigKeys (ConfUtils.java:logGet(46)) - raft.server.storage.dir = [/home/runner/work/ozone/ozone/hadoop-ozone/integration-test/target/test-dir/MiniOzoneClusterImpl-7d041fb5-2049-42d4-ae67-c17d724e960a/datanode-5/data/ratis] (custom)
2022-06-25 01:03:26,069 [pool-511-thread-1] INFO  server.RaftServerConfigKeys (ConfUtils.java:logGet(46)) - raft.server.log.corruption.policy = EXCEPTION (default)
2022-06-25 01:03:26,069 [pool-511-thread-1] INFO  server.RaftServerConfigKeys (ConfUtils.java:logGet(46)) - raft.server.storage.free-space.min = 0MB (=0) (default)
2022-06-25 01:03:26,069 [pool-511-thread-1] INFO  storage.RaftStorageDirectory (RaftStorageDirectoryImpl.java:analyzeStorage(135)) - The storage directory /home/runner/work/ozone/ozone/hadoop-ozone/integration-test/target/test-dir/MiniOzoneClusterImpl-7d041fb5-2049-42d4-ae67-c17d724e960a/datanode-5/data/ratis/366a4b35-46f0-4364-addc-209269214918 does not exist. Creating ...
2022-06-25 01:03:26,071 [pool-511-thread-1] INFO  storage.RaftStorageDirectory (RaftStorageDirectoryImpl.java:tryLock(230)) - Lock on /home/runner/work/ozone/ozone/hadoop-ozone/integration-test/target/test-dir/MiniOzoneClusterImpl-7d041fb5-2049-42d4-ae67-c17d724e960a/datanode-5/data/ratis/366a4b35-46f0-4364-addc-209269214918/in_use.lock acquired by nodename 7033@fv-az66-546
2022-06-25 01:03:26,073 [pool-511-thread-1] INFO  storage.RaftStorage (RaftStorageImpl.java:format(89)) - Storage directory /home/runner/work/ozone/ozone/hadoop-ozone/integration-test/target/test-dir/MiniOzoneClusterImpl-7d041fb5-2049-42d4-ae67-c17d724e960a/datanode-5/data/ratis/366a4b35-46f0-4364-addc-209269214918 has been successfully formatted.
2022-06-25 01:03:26,073 [pool-511-thread-1] INFO  ratis.ContainerStateMachine (ContainerStateMachine.java:loadSnapshot(236)) - group-209269214918: The snapshot info is null. Setting the last applied indexto:(t:0, i:~)
2022-06-25 01:03:26,073 [pool-511-thread-1] INFO  server.RaftServerConfigKeys (ConfUtils.java:logGet(46)) - raft.server.notification.no-leader.timeout = 300s (custom)
2022-06-25 01:03:26,073 [pool-511-thread-1] INFO  server.RaftServerConfigKeys (ConfUtils.java:logGet(46)) - raft.server.log.use.memory = false (default)
2022-06-25 01:03:26,073 [pool-511-thread-1] INFO  server.RaftServerConfigKeys (ConfUtils.java:logGet(46)) - raft.server.log.purge.gap = 1000000 (custom)
2022-06-25 01:03:26,073 [pool-511-thread-1] INFO  server.RaftServerConfigKeys (ConfUtils.java:logGet(46)) - raft.server.log.appender.buffer.byte-limit = 33554432 (custom)
2022-06-25 01:03:26,074 [pool-511-thread-1] INFO  server.RaftServerConfigKeys (ConfUtils.java:logGet(46)) - raft.server.log.statemachine.data.read.timeout = 1000ms (default)
2022-06-25 01:03:26,074 [pool-511-thread-1] INFO  server.RaftServerConfigKeys (ConfUtils.java:logGet(46)) - raft.server.log.segment.size.max = 1048576 (custom)
2022-06-25 01:03:26,075 [pool-511-thread-1] INFO  server.RaftServerConfigKeys (ConfUtils.java:logGet(46)) - raft.server.log.segment.cache.num.max = 2 (custom)
2022-06-25 01:03:26,075 [pool-511-thread-1] INFO  server.RaftServerConfigKeys (ConfUtils.java:logGet(46)) - raft.server.log.segment.cache.size.max = 200MB (=209715200) (default)
2022-06-25 01:03:26,075 [pool-511-thread-1] INFO  segmented.SegmentedRaftLogWorker (SegmentedRaftLogWorker.java:<init>(187)) - new f13c4bc8-70da-4cb5-bf8c-82536bc78435@group-209269214918-SegmentedRaftLogWorker for RaftStorageImpl:Storage Directory /home/runner/work/ozone/ozone/hadoop-ozone/integration-test/target/test-dir/MiniOzoneClusterImpl-7d041fb5-2049-42d4-ae67-c17d724e960a/datanode-5/data/ratis/366a4b35-46f0-4364-addc-209269214918
2022-06-25 01:03:26,075 [pool-511-thread-1] INFO  server.RaftServerConfigKeys (ConfUtils.java:logGet(46)) - raft.server.log.queue.byte-limit = 4294967296 (custom)
2022-06-25 01:03:26,075 [pool-511-thread-1] INFO  server.RaftServerConfigKeys (ConfUtils.java:logGet(46)) - raft.server.log.queue.element-limit = 1024 (custom)
2022-06-25 01:03:26,075 [pool-511-thread-1] INFO  server.RaftServerConfigKeys (ConfUtils.java:logGet(46)) - raft.server.log.segment.size.max = 1048576 (custom)
2022-06-25 01:03:26,075 [pool-511-thread-1] INFO  server.RaftServerConfigKeys (ConfUtils.java:logGet(46)) - raft.server.log.preallocated.size = 16384 (custom)
2022-06-25 01:03:26,075 [pool-511-thread-1] INFO  server.RaftServerConfigKeys (ConfUtils.java:logGet(46)) - raft.server.log.force.sync.num = 128 (default)
2022-06-25 01:03:26,076 [pool-511-thread-1] INFO  server.RaftServerConfigKeys (ConfUtils.java:logGet(46)) - raft.server.log.statemachine.data.sync = true (default)
2022-06-25 01:03:26,076 [pool-511-thread-1] INFO  server.RaftServerConfigKeys (ConfUtils.java:logGet(46)) - raft.server.log.statemachine.data.sync.timeout = 10s (default)
2022-06-25 01:03:26,076 [pool-511-thread-1] INFO  server.RaftServerConfigKeys (ConfUtils.java:logGet(46)) - raft.server.log.statemachine.data.sync.timeout.retry = -1 (default)
2022-06-25 01:03:26,077 [pool-511-thread-1] INFO  server.RaftServerConfigKeys (ConfUtils.java:logGet(46)) - raft.server.log.write.buffer.size = 1048576 (custom)
2022-06-25 01:03:26,078 [pool-511-thread-1] INFO  server.RaftServerConfigKeys (ConfUtils.java:logGet(46)) - raft.server.log.unsafe-flush.enabled = false (default)
2022-06-25 01:03:26,078 [pool-511-thread-1] INFO  server.RaftServerConfigKeys (ConfUtils.java:logGet(46)) - raft.server.log.statemachine.data.caching.enabled = true (custom)
2022-06-25 01:03:26,078 [pool-511-thread-1] INFO  segmented.SegmentedRaftLogWorker (SegmentedRaftLogWorker.java:lambda$new$0(135)) - f13c4bc8-70da-4cb5-bf8c-82536bc78435@group-209269214918-SegmentedRaftLogWorker: flushIndex: setUnconditionally 0 -> -1
2022-06-25 01:03:26,078 [pool-511-thread-1] INFO  segmented.SegmentedRaftLogWorker (SegmentedRaftLogWorker.java:lambda$new$0(135)) - f13c4bc8-70da-4cb5-bf8c-82536bc78435@group-209269214918-SegmentedRaftLogWorker: safeCacheEvictIndex: setUnconditionally 0 -> -1
2022-06-25 01:03:26,080 [pool-511-thread-1] INFO  server.RaftServerConfigKeys (ConfUtils.java:logGet(46)) - raft.server.snapshot.auto.trigger.enabled = true (custom)
2022-06-25 01:03:26,080 [pool-511-thread-1] INFO  server.RaftServerConfigKeys (ConfUtils.java:logGet(46)) - raft.server.snapshot.auto.trigger.threshold = 10000 (custom)
2022-06-25 01:03:26,080 [pool-511-thread-1] INFO  server.RaftServerConfigKeys (ConfUtils.java:logGet(46)) - raft.server.snapshot.retention.file.num = 5 (custom)
2022-06-25 01:03:26,080 [pool-511-thread-1] INFO  server.RaftServerConfigKeys (ConfUtils.java:logGet(46)) - raft.server.log.purge.upto.snapshot.index = false (default)
2022-06-25 01:03:26,080 [pool-511-thread-1] INFO  server.RaftServerConfigKeys (ConfUtils.java:logGet(46)) - raft.server.retrycache.expirytime = 600000ms (custom)
2022-06-25 01:03:26,081 [pool-511-thread-1] INFO  server.RaftServerConfigKeys (ConfUtils.java:logGet(46)) - raft.server.retrycache.statistics.expirytime = 100μs (default)
2022-06-25 01:03:26,085 [pool-511-thread-1] INFO  server.RaftServerConfigKeys (ConfUtils.java:logGet(46)) - raft.server.log.appender.install.snapshot.enabled = false (custom)
2022-06-25 01:03:26,085 [pool-511-thread-1] INFO  server.RaftServerConfigKeys (ConfUtils.java:logGet(46)) - raft.server.threadpool.server.cached = true (default)
2022-06-25 01:03:26,085 [pool-511-thread-1] INFO  server.RaftServerConfigKeys (ConfUtils.java:logGet(46)) - raft.server.threadpool.server.size = 0 (default)
2022-06-25 01:03:26,086 [pool-511-thread-1] INFO  server.RaftServerConfigKeys (ConfUtils.java:logGet(46)) - raft.server.threadpool.client.cached = true (default)
2022-06-25 01:03:26,086 [pool-511-thread-1] INFO  server.RaftServerConfigKeys (ConfUtils.java:logGet(46)) - raft.server.threadpool.client.size = 0 (default)
2022-06-25 01:03:26,087 [pool-511-thread-1] INFO  server.RaftServer$Division (RaftServerImpl.java:start(310)) - f13c4bc8-70da-4cb5-bf8c-82536bc78435@group-209269214918: start as a follower, conf=-1: [f13c4bc8-70da-4cb5-bf8c-82536bc78435|rpc:10.1.0.8:42013|dataStream:|priority:0, df1d8881-24e2-4ee3-b76e-d18ef9412a67|rpc:10.1.0.8:33439|dataStream:|priority:0, 7249bc38-cb50-4b50-8149-55795ead00f8|rpc:10.1.0.8:41595|dataStream:|priority:1], old=null
2022-06-25 01:03:26,087 [pool-511-thread-1] INFO  server.RaftServer$Division (RaftServerImpl.java:setRole(299)) - f13c4bc8-70da-4cb5-bf8c-82536bc78435@group-209269214918: changes role from      null to FOLLOWER at term 0 for startAsFollower
2022-06-25 01:03:26,087 [pool-511-thread-1] INFO  impl.RoleInfo (RoleInfo.java:updateAndGet(139)) - f13c4bc8-70da-4cb5-bf8c-82536bc78435: start f13c4bc8-70da-4cb5-bf8c-82536bc78435@group-209269214918-FollowerState
2022-06-25 01:03:26,090 [pool-511-thread-1] INFO  util.JmxRegister (JmxRegister.java:tryRegister(44)) - Successfully registered JMX Bean with object name Ratis:service=RaftServer,group=group-209269214918,id=f13c4bc8-70da-4cb5-bf8c-82536bc78435
2022-06-25 01:03:26,117 [grpc-default-executor-0] INFO  server.RaftServer (RaftServerProxy.java:addNew(96)) - 7249bc38-cb50-4b50-8149-55795ead00f8: addNew group-209269214918:[f13c4bc8-70da-4cb5-bf8c-82536bc78435|rpc:10.1.0.8:42013|dataStream:|priority:0, df1d8881-24e2-4ee3-b76e-d18ef9412a67|rpc:10.1.0.8:33439|dataStream:|priority:0, 7249bc38-cb50-4b50-8149-55795ead00f8|rpc:10.1.0.8:41595|dataStream:|priority:1] returns group-209269214918:java.util.concurrent.CompletableFuture@2c5a19e9[Not completed]
2022-06-25 01:03:26,118 [pool-484-thread-1] INFO  server.RaftServer$Division (RaftServerImpl.java:<init>(190)) - 7249bc38-cb50-4b50-8149-55795ead00f8: new RaftServerImpl for group-209269214918:[f13c4bc8-70da-4cb5-bf8c-82536bc78435|rpc:10.1.0.8:42013|dataStream:|priority:0, df1d8881-24e2-4ee3-b76e-d18ef9412a67|rpc:10.1.0.8:33439|dataStream:|priority:0, 7249bc38-cb50-4b50-8149-55795ead00f8|rpc:10.1.0.8:41595|dataStream:|priority:1] with ContainerStateMachine:uninitialized
2022-06-25 01:03:26,119 [pool-484-thread-1] INFO  server.RaftServerConfigKeys (ConfUtils.java:logGet(46)) - raft.server.rpc.timeout.min = 5s (custom)
2022-06-25 01:03:26,119 [pool-484-thread-1] INFO  server.RaftServerConfigKeys (ConfUtils.java:logGet(46)) - raft.server.rpc.timeout.max = 5200ms (custom)
2022-06-25 01:03:26,119 [pool-484-thread-1] INFO  server.RaftServerConfigKeys (ConfUtils.java:logGet(46)) - raft.server.rpc.sleep.time = 25ms (default)
2022-06-25 01:03:26,119 [pool-484-thread-1] INFO  server.RaftServerConfigKeys (ConfUtils.java:logGet(46)) - raft.server.rpc.slowness.timeout = 300s (custom)
2022-06-25 01:03:26,119 [pool-484-thread-1] INFO  server.RaftServerConfigKeys (ConfUtils.java:logGet(46)) - raft.server.leaderelection.leader.step-down.wait-time = 10s (default)
2022-06-25 01:03:26,119 [pool-484-thread-1] INFO  server.RaftServerConfigKeys (ConfUtils.java:logGet(46)) - raft.server.sleep.deviation.threshold = 300ms (default)
2022-06-25 01:03:26,119 [pool-484-thread-1] INFO  server.RaftServer$Division (ServerState.java:<init>(107)) - 7249bc38-cb50-4b50-8149-55795ead00f8@group-209269214918: ConfigurationManager, init=-1: [f13c4bc8-70da-4cb5-bf8c-82536bc78435|rpc:10.1.0.8:42013|dataStream:|priority:0, df1d8881-24e2-4ee3-b76e-d18ef9412a67|rpc:10.1.0.8:33439|dataStream:|priority:0, 7249bc38-cb50-4b50-8149-55795ead00f8|rpc:10.1.0.8:41595|dataStream:|priority:1], old=null, confs=<EMPTY_MAP>
2022-06-25 01:03:26,119 [pool-484-thread-1] INFO  server.RaftServerConfigKeys (ConfUtils.java:logGet(46)) - raft.server.storage.dir = [/home/runner/work/ozone/ozone/hadoop-ozone/integration-test/target/test-dir/MiniOzoneClusterImpl-7d041fb5-2049-42d4-ae67-c17d724e960a/datanode-4/data/ratis] (custom)
2022-06-25 01:03:26,120 [pool-484-thread-1] INFO  server.RaftServerConfigKeys (ConfUtils.java:logGet(46)) - raft.server.log.corruption.policy = EXCEPTION (default)
2022-06-25 01:03:26,120 [pool-484-thread-1] INFO  server.RaftServerConfigKeys (ConfUtils.java:logGet(46)) - raft.server.storage.free-space.min = 0MB (=0) (default)
2022-06-25 01:03:26,120 [pool-484-thread-1] INFO  storage.RaftStorageDirectory (RaftStorageDirectoryImpl.java:analyzeStorage(135)) - The storage directory /home/runner/work/ozone/ozone/hadoop-ozone/integration-test/target/test-dir/MiniOzoneClusterImpl-7d041fb5-2049-42d4-ae67-c17d724e960a/datanode-4/data/ratis/366a4b35-46f0-4364-addc-209269214918 does not exist. Creating ...
2022-06-25 01:03:26,121 [pool-484-thread-1] INFO  storage.RaftStorageDirectory (RaftStorageDirectoryImpl.java:tryLock(230)) - Lock on /home/runner/work/ozone/ozone/hadoop-ozone/integration-test/target/test-dir/MiniOzoneClusterImpl-7d041fb5-2049-42d4-ae67-c17d724e960a/datanode-4/data/ratis/366a4b35-46f0-4364-addc-209269214918/in_use.lock acquired by nodename 7033@fv-az66-546
2022-06-25 01:03:26,123 [pool-484-thread-1] INFO  storage.RaftStorage (RaftStorageImpl.java:format(89)) - Storage directory /home/runner/work/ozone/ozone/hadoop-ozone/integration-test/target/test-dir/MiniOzoneClusterImpl-7d041fb5-2049-42d4-ae67-c17d724e960a/datanode-4/data/ratis/366a4b35-46f0-4364-addc-209269214918 has been successfully formatted.
2022-06-25 01:03:26,124 [pool-484-thread-1] INFO  ratis.ContainerStateMachine (ContainerStateMachine.java:loadSnapshot(236)) - group-209269214918: The snapshot info is null. Setting the last applied indexto:(t:0, i:~)
2022-06-25 01:03:26,125 [pool-484-thread-1] INFO  server.RaftServerConfigKeys (ConfUtils.java:logGet(46)) - raft.server.notification.no-leader.timeout = 300s (custom)
2022-06-25 01:03:26,125 [pool-484-thread-1] INFO  server.RaftServerConfigKeys (ConfUtils.java:logGet(46)) - raft.server.log.use.memory = false (default)
2022-06-25 01:03:26,125 [pool-484-thread-1] INFO  server.RaftServerConfigKeys (ConfUtils.java:logGet(46)) - raft.server.log.purge.gap = 1000000 (custom)
2022-06-25 01:03:26,125 [pool-484-thread-1] INFO  server.RaftServerConfigKeys (ConfUtils.java:logGet(46)) - raft.server.log.appender.buffer.byte-limit = 33554432 (custom)
2022-06-25 01:03:26,125 [pool-484-thread-1] INFO  server.RaftServerConfigKeys (ConfUtils.java:logGet(46)) - raft.server.log.statemachine.data.read.timeout = 1000ms (default)
2022-06-25 01:03:26,125 [pool-484-thread-1] INFO  server.RaftServerConfigKeys (ConfUtils.java:logGet(46)) - raft.server.log.segment.size.max = 1048576 (custom)
2022-06-25 01:03:26,126 [pool-484-thread-1] INFO  server.RaftServerConfigKeys (ConfUtils.java:logGet(46)) - raft.server.log.segment.cache.num.max = 2 (custom)
2022-06-25 01:03:26,126 [pool-484-thread-1] INFO  server.RaftServerConfigKeys (ConfUtils.java:logGet(46)) - raft.server.log.segment.cache.size.max = 200MB (=209715200) (default)
2022-06-25 01:03:26,126 [pool-484-thread-1] INFO  segmented.SegmentedRaftLogWorker (SegmentedRaftLogWorker.java:<init>(187)) - new 7249bc38-cb50-4b50-8149-55795ead00f8@group-209269214918-SegmentedRaftLogWorker for RaftStorageImpl:Storage Directory /home/runner/work/ozone/ozone/hadoop-ozone/integration-test/target/test-dir/MiniOzoneClusterImpl-7d041fb5-2049-42d4-ae67-c17d724e960a/datanode-4/data/ratis/366a4b35-46f0-4364-addc-209269214918
2022-06-25 01:03:26,126 [pool-484-thread-1] INFO  server.RaftServerConfigKeys (ConfUtils.java:logGet(46)) - raft.server.log.queue.byte-limit = 4294967296 (custom)
2022-06-25 01:03:26,126 [pool-484-thread-1] INFO  server.RaftServerConfigKeys (ConfUtils.java:logGet(46)) - raft.server.log.queue.element-limit = 1024 (custom)
2022-06-25 01:03:26,126 [pool-484-thread-1] INFO  server.RaftServerConfigKeys (ConfUtils.java:logGet(46)) - raft.server.log.segment.size.max = 1048576 (custom)
2022-06-25 01:03:26,126 [pool-484-thread-1] INFO  server.RaftServerConfigKeys (ConfUtils.java:logGet(46)) - raft.server.log.preallocated.size = 16384 (custom)
2022-06-25 01:03:26,126 [pool-484-thread-1] INFO  server.RaftServerConfigKeys (ConfUtils.java:logGet(46)) - raft.server.log.force.sync.num = 128 (default)
2022-06-25 01:03:26,127 [pool-484-thread-1] INFO  server.RaftServerConfigKeys (ConfUtils.java:logGet(46)) - raft.server.log.statemachine.data.sync = true (default)
2022-06-25 01:03:26,127 [pool-484-thread-1] INFO  server.RaftServerConfigKeys (ConfUtils.java:logGet(46)) - raft.server.log.statemachine.data.sync.timeout = 10s (default)
2022-06-25 01:03:26,127 [pool-484-thread-1] INFO  server.RaftServerConfigKeys (ConfUtils.java:logGet(46)) - raft.server.log.statemachine.data.sync.timeout.retry = -1 (default)
2022-06-25 01:03:26,128 [pool-484-thread-1] INFO  server.RaftServerConfigKeys (ConfUtils.java:logGet(46)) - raft.server.log.write.buffer.size = 1048576 (custom)
2022-06-25 01:03:26,128 [pool-484-thread-1] INFO  server.RaftServerConfigKeys (ConfUtils.java:logGet(46)) - raft.server.log.unsafe-flush.enabled = false (default)
2022-06-25 01:03:26,128 [pool-484-thread-1] INFO  server.RaftServerConfigKeys (ConfUtils.java:logGet(46)) - raft.server.log.statemachine.data.caching.enabled = true (custom)
2022-06-25 01:03:26,129 [pool-484-thread-1] INFO  segmented.SegmentedRaftLogWorker (SegmentedRaftLogWorker.java:lambda$new$0(135)) - 7249bc38-cb50-4b50-8149-55795ead00f8@group-209269214918-SegmentedRaftLogWorker: flushIndex: setUnconditionally 0 -> -1
2022-06-25 01:03:26,129 [pool-484-thread-1] INFO  segmented.SegmentedRaftLogWorker (SegmentedRaftLogWorker.java:lambda$new$0(135)) - 7249bc38-cb50-4b50-8149-55795ead00f8@group-209269214918-SegmentedRaftLogWorker: safeCacheEvictIndex: setUnconditionally 0 -> -1
2022-06-25 01:03:26,129 [pool-484-thread-1] INFO  server.RaftServerConfigKeys (ConfUtils.java:logGet(46)) - raft.server.snapshot.auto.trigger.enabled = true (custom)
2022-06-25 01:03:26,129 [pool-484-thread-1] INFO  server.RaftServerConfigKeys (ConfUtils.java:logGet(46)) - raft.server.snapshot.auto.trigger.threshold = 10000 (custom)
2022-06-25 01:03:26,129 [pool-484-thread-1] INFO  server.RaftServerConfigKeys (ConfUtils.java:logGet(46)) - raft.server.snapshot.retention.file.num = 5 (custom)
2022-06-25 01:03:26,129 [pool-484-thread-1] INFO  server.RaftServerConfigKeys (ConfUtils.java:logGet(46)) - raft.server.log.purge.upto.snapshot.index = false (default)
2022-06-25 01:03:26,129 [pool-484-thread-1] INFO  server.RaftServerConfigKeys (ConfUtils.java:logGet(46)) - raft.server.retrycache.expirytime = 600000ms (custom)
2022-06-25 01:03:26,129 [pool-484-thread-1] INFO  server.RaftServerConfigKeys (ConfUtils.java:logGet(46)) - raft.server.retrycache.statistics.expirytime = 100μs (default)
2022-06-25 01:03:26,131 [pool-484-thread-1] INFO  server.RaftServerConfigKeys (ConfUtils.java:logGet(46)) - raft.server.log.appender.install.snapshot.enabled = false (custom)
2022-06-25 01:03:26,131 [pool-484-thread-1] INFO  server.RaftServerConfigKeys (ConfUtils.java:logGet(46)) - raft.server.threadpool.server.cached = true (default)
2022-06-25 01:03:26,133 [pool-484-thread-1] INFO  server.RaftServerConfigKeys (ConfUtils.java:logGet(46)) - raft.server.threadpool.server.size = 0 (default)
2022-06-25 01:03:26,133 [pool-484-thread-1] INFO  server.RaftServerConfigKeys (ConfUtils.java:logGet(46)) - raft.server.threadpool.client.cached = true (default)
2022-06-25 01:03:26,133 [pool-484-thread-1] INFO  server.RaftServerConfigKeys (ConfUtils.java:logGet(46)) - raft.server.threadpool.client.size = 0 (default)
2022-06-25 01:03:26,133 [pool-484-thread-1] INFO  server.RaftServer$Division (RaftServerImpl.java:start(310)) - 7249bc38-cb50-4b50-8149-55795ead00f8@group-209269214918: start as a follower, conf=-1: [f13c4bc8-70da-4cb5-bf8c-82536bc78435|rpc:10.1.0.8:42013|dataStream:|priority:0, df1d8881-24e2-4ee3-b76e-d18ef9412a67|rpc:10.1.0.8:33439|dataStream:|priority:0, 7249bc38-cb50-4b50-8149-55795ead00f8|rpc:10.1.0.8:41595|dataStream:|priority:1], old=null
2022-06-25 01:03:26,133 [pool-484-thread-1] INFO  server.RaftServer$Division (RaftServerImpl.java:setRole(299)) - 7249bc38-cb50-4b50-8149-55795ead00f8@group-209269214918: changes role from      null to FOLLOWER at term 0 for startAsFollower
2022-06-25 01:03:26,133 [pool-484-thread-1] INFO  impl.RoleInfo (RoleInfo.java:updateAndGet(139)) - 7249bc38-cb50-4b50-8149-55795ead00f8: start 7249bc38-cb50-4b50-8149-55795ead00f8@group-209269214918-FollowerState
2022-06-25 01:03:26,133 [pool-484-thread-1] INFO  util.JmxRegister (JmxRegister.java:tryRegister(44)) - Successfully registered JMX Bean with object name Ratis:service=RaftServer,group=group-209269214918,id=7249bc38-cb50-4b50-8149-55795ead00f8
2022-06-25 01:03:26,142 [Command processor thread] INFO  commandhandler.CreatePipelineCommandHandler (CreatePipelineCommandHandler.java:handle(113)) - Created Pipeline RATIS THREE PipelineID=366a4b35-46f0-4364-addc-209269214918.
2022-06-25 01:03:26,193 [DatanodeAdminManager-0] INFO  node.DatanodeAdminMonitorImpl (DatanodeAdminMonitorImpl.java:checkContainersReplicatedOnNode(327)) - ad74f3b2-c092-43ca-befa-d99c208edbaf{ip: 10.1.0.8, host: fv-az66-546.vwcdieab4koerntclszyavmfxa.dx.internal.cloudapp.net, ports: [REPLICATION=45511, RATIS=46867, RATIS_ADMIN=46867, RATIS_SERVER=46867, STANDALONE=34703], networkLocation: /default-rack, certSerialId: null, persistedOpState: DECOMMISSIONING, persistedOpStateExpiryEpochSec: 0} has 3 sufficientlyReplicated, 0 underReplicated and 0 unhealthy containers
2022-06-25 01:03:26,193 [DatanodeAdminManager-0] INFO  node.DatanodeAdminMonitorImpl (DatanodeAdminMonitorImpl.java:completeDecommission(355)) - Datanode ad74f3b2-c092-43ca-befa-d99c208edbaf{ip: 10.1.0.8, host: fv-az66-546.vwcdieab4koerntclszyavmfxa.dx.internal.cloudapp.net, ports: [REPLICATION=45511, RATIS=46867, RATIS_ADMIN=46867, RATIS_SERVER=46867, STANDALONE=34703], networkLocation: /default-rack, certSerialId: null, persistedOpState: DECOMMISSIONING, persistedOpStateExpiryEpochSec: 0} has completed the admin workflow. The operational state has been set to DECOMMISSIONED
2022-06-25 01:03:26,193 [EventQueue-HealthyReadonlyToHealthyNodeForReadOnlyHealthyToHealthyNodeHandler] INFO  node.ReadOnlyHealthyToHealthyNodeHandler (ReadOnlyHealthyToHealthyNodeHandler.java:onMessage(51)) - Datanode ad74f3b2-c092-43ca-befa-d99c208edbaf{ip: 10.1.0.8, host: fv-az66-546.vwcdieab4koerntclszyavmfxa.dx.internal.cloudapp.net, ports: [REPLICATION=45511, RATIS=46867, RATIS_ADMIN=46867, RATIS_SERVER=46867, STANDALONE=34703], networkLocation: /default-rack, certSerialId: null, persistedOpState: DECOMMISSIONING, persistedOpStateExpiryEpochSec: 0} moved to HEALTHY state.
2022-06-25 01:03:26,193 [EventQueue-HealthyReadonlyToHealthyNodeForReadOnlyHealthyToHealthyNodeHandler] INFO  pipeline.BackgroundPipelineCreator (BackgroundPipelineCreator.java:notifyEventTriggered(275)) - trigger a one-shot run on RatisPipelineUtilsThread.
2022-06-25 01:03:26,211 [ReplicationMonitor] INFO  replication.ReplicationManager (ReplicationManager.java:processAll(249)) - Replication Monitor Thread took 1 milliseconds for processing 6 containers.
2022-06-25 01:03:26,213 [EventQueue-OpenPipelineForHealthyPipelineSafeModeRule] INFO  safemode.SCMSafeModeManager (HealthyPipelineSafeModeRule.java:process(124)) - SCM in safe mode. Healthy pipelines reported count is 0, required healthy pipeline reported count is 1
2022-06-25 01:03:26,338 [IPC Server handler 6 on default port 32783] INFO  node.SCMNodeManager (SCMNodeManager.java:updateDatanodeOpState(545)) - Scheduling a command to update the operationalState persisted on ad74f3b2-c092-43ca-befa-d99c208edbaf{ip: 10.1.0.8, host: fv-az66-546.vwcdieab4koerntclszyavmfxa.dx.internal.cloudapp.net, ports: [REPLICATION=45511, RATIS=46867, RATIS_ADMIN=46867, RATIS_SERVER=46867, STANDALONE=34703], networkLocation: /default-rack, certSerialId: null, persistedOpState: DECOMMISSIONING, persistedOpStateExpiryEpochSec: 0} as the reported value does not match the value stored in SCM (DECOMMISSIONED, 0)
2022-06-25 01:03:26,391 [ReplicationMonitor] INFO  replication.ReplicationManager (ReplicationManager.java:processAll(228)) - Replication Manager is not ready to run until 3000ms after safemode exit
2022-06-25 01:03:26,424 [Command processor thread] INFO  server.RaftServer (RaftServerProxy.java:addNew(96)) - 7249bc38-cb50-4b50-8149-55795ead00f8: addNew group-96990F47E214:[7249bc38-cb50-4b50-8149-55795ead00f8|rpc:10.1.0.8:41595|priority:1] returns group-96990F47E214:java.util.concurrent.CompletableFuture@17e1d76f[Not completed]
2022-06-25 01:03:26,425 [pool-484-thread-1] INFO  server.RaftServer$Division (RaftServerImpl.java:<init>(190)) - 7249bc38-cb50-4b50-8149-55795ead00f8: new RaftServerImpl for group-96990F47E214:[7249bc38-cb50-4b50-8149-55795ead00f8|rpc:10.1.0.8:41595|priority:1] with ContainerStateMachine:uninitialized
2022-06-25 01:03:26,425 [pool-484-thread-1] INFO  server.RaftServerConfigKeys (ConfUtils.java:logGet(46)) - raft.server.rpc.timeout.min = 5s (custom)
2022-06-25 01:03:26,426 [pool-484-thread-1] INFO  server.RaftServerConfigKeys (ConfUtils.java:logGet(46)) - raft.server.rpc.timeout.max = 5200ms (custom)
2022-06-25 01:03:26,426 [pool-484-thread-1] INFO  server.RaftServerConfigKeys (ConfUtils.java:logGet(46)) - raft.server.rpc.sleep.time = 25ms (default)
2022-06-25 01:03:26,426 [pool-484-thread-1] INFO  server.RaftServerConfigKeys (ConfUtils.java:logGet(46)) - raft.server.rpc.slowness.timeout = 300s (custom)
2022-06-25 01:03:26,426 [pool-484-thread-1] INFO  server.RaftServerConfigKeys (ConfUtils.java:logGet(46)) - raft.server.leaderelection.leader.step-down.wait-time = 10s (default)
2022-06-25 01:03:26,426 [pool-484-thread-1] INFO  server.RaftServerConfigKeys (ConfUtils.java:logGet(46)) - raft.server.sleep.deviation.threshold = 300ms (default)
2022-06-25 01:03:26,426 [pool-484-thread-1] INFO  server.RaftServer$Division (ServerState.java:<init>(107)) - 7249bc38-cb50-4b50-8149-55795ead00f8@group-96990F47E214: ConfigurationManager, init=-1: [7249bc38-cb50-4b50-8149-55795ead00f8|rpc:10.1.0.8:41595|priority:1], old=null, confs=<EMPTY_MAP>
2022-06-25 01:03:26,426 [pool-484-thread-1] INFO  server.RaftServerConfigKeys (ConfUtils.java:logGet(46)) - raft.server.storage.dir = [/home/runner/work/ozone/ozone/hadoop-ozone/integration-test/target/test-dir/MiniOzoneClusterImpl-7d041fb5-2049-42d4-ae67-c17d724e960a/datanode-4/data/ratis] (custom)
2022-06-25 01:03:26,426 [pool-484-thread-1] INFO  server.RaftServerConfigKeys (ConfUtils.java:logGet(46)) - raft.server.log.corruption.policy = EXCEPTION (default)
2022-06-25 01:03:26,426 [pool-484-thread-1] INFO  server.RaftServerConfigKeys (ConfUtils.java:logGet(46)) - raft.server.storage.free-space.min = 0MB (=0) (default)
2022-06-25 01:03:26,426 [pool-484-thread-1] INFO  storage.RaftStorageDirectory (RaftStorageDirectoryImpl.java:analyzeStorage(135)) - The storage directory /home/runner/work/ozone/ozone/hadoop-ozone/integration-test/target/test-dir/MiniOzoneClusterImpl-7d041fb5-2049-42d4-ae67-c17d724e960a/datanode-4/data/ratis/bafc2473-aa48-4510-9bd8-96990f47e214 does not exist. Creating ...
2022-06-25 01:03:26,428 [pool-484-thread-1] INFO  storage.RaftStorageDirectory (RaftStorageDirectoryImpl.java:tryLock(230)) - Lock on /home/runner/work/ozone/ozone/hadoop-ozone/integration-test/target/test-dir/MiniOzoneClusterImpl-7d041fb5-2049-42d4-ae67-c17d724e960a/datanode-4/data/ratis/bafc2473-aa48-4510-9bd8-96990f47e214/in_use.lock acquired by nodename 7033@fv-az66-546
2022-06-25 01:03:26,429 [pool-484-thread-1] INFO  storage.RaftStorage (RaftStorageImpl.java:format(89)) - Storage directory /home/runner/work/ozone/ozone/hadoop-ozone/integration-test/target/test-dir/MiniOzoneClusterImpl-7d041fb5-2049-42d4-ae67-c17d724e960a/datanode-4/data/ratis/bafc2473-aa48-4510-9bd8-96990f47e214 has been successfully formatted.
2022-06-25 01:03:26,430 [pool-484-thread-1] INFO  ratis.ContainerStateMachine (ContainerStateMachine.java:loadSnapshot(236)) - group-96990F47E214: The snapshot info is null. Setting the last applied indexto:(t:0, i:~)
2022-06-25 01:03:26,430 [pool-484-thread-1] INFO  server.RaftServerConfigKeys (ConfUtils.java:logGet(46)) - raft.server.notification.no-leader.timeout = 300s (custom)
2022-06-25 01:03:26,430 [pool-484-thread-1] INFO  server.RaftServerConfigKeys (ConfUtils.java:logGet(46)) - raft.server.log.use.memory = false (default)
2022-06-25 01:03:26,430 [pool-484-thread-1] INFO  server.RaftServerConfigKeys (ConfUtils.java:logGet(46)) - raft.server.log.purge.gap = 1000000 (custom)
2022-06-25 01:03:26,430 [pool-484-thread-1] INFO  server.RaftServerConfigKeys (ConfUtils.java:logGet(46)) - raft.server.log.appender.buffer.byte-limit = 33554432 (custom)
2022-06-25 01:03:26,430 [pool-484-thread-1] INFO  server.RaftServerConfigKeys (ConfUtils.java:logGet(46)) - raft.server.log.statemachine.data.read.timeout = 1000ms (default)
2022-06-25 01:03:26,430 [pool-484-thread-1] INFO  server.RaftServerConfigKeys (ConfUtils.java:logGet(46)) - raft.server.log.segment.size.max = 1048576 (custom)
2022-06-25 01:03:26,431 [pool-484-thread-1] INFO  server.RaftServerConfigKeys (ConfUtils.java:logGet(46)) - raft.server.log.segment.cache.num.max = 2 (custom)
2022-06-25 01:03:26,431 [pool-484-thread-1] INFO  server.RaftServerConfigKeys (ConfUtils.java:logGet(46)) - raft.server.log.segment.cache.size.max = 200MB (=209715200) (default)
2022-06-25 01:03:26,431 [pool-484-thread-1] INFO  segmented.SegmentedRaftLogWorker (SegmentedRaftLogWorker.java:<init>(187)) - new 7249bc38-cb50-4b50-8149-55795ead00f8@group-96990F47E214-SegmentedRaftLogWorker for RaftStorageImpl:Storage Directory /home/runner/work/ozone/ozone/hadoop-ozone/integration-test/target/test-dir/MiniOzoneClusterImpl-7d041fb5-2049-42d4-ae67-c17d724e960a/datanode-4/data/ratis/bafc2473-aa48-4510-9bd8-96990f47e214
2022-06-25 01:03:26,431 [pool-484-thread-1] INFO  server.RaftServerConfigKeys (ConfUtils.java:logGet(46)) - raft.server.log.queue.byte-limit = 4294967296 (custom)
2022-06-25 01:03:26,431 [pool-484-thread-1] INFO  server.RaftServerConfigKeys (ConfUtils.java:logGet(46)) - raft.server.log.queue.element-limit = 1024 (custom)
2022-06-25 01:03:26,431 [EventQueue-PipelineReportForPipelineReportHandler] INFO  pipeline.PipelineManagerImpl (PipelineManagerImpl.java:openPipeline(358)) - Pipeline Pipeline[ Id: bafc2473-aa48-4510-9bd8-96990f47e214, Nodes: 7249bc38-cb50-4b50-8149-55795ead00f8{ip: 10.1.0.8, host: fv-az66-546.vwcdieab4koerntclszyavmfxa.dx.internal.cloudapp.net, ports: [REPLICATION=45851, RATIS=41595, RATIS_ADMIN=41595, RATIS_SERVER=41595, STANDALONE=36789], networkLocation: /default-rack, certSerialId: null, persistedOpState: IN_SERVICE, persistedOpStateExpiryEpochSec: 0}, ReplicationConfig: RATIS/ONE, State:ALLOCATED, leaderId:7249bc38-cb50-4b50-8149-55795ead00f8, CreationTimestamp2022-06-25T01:03:23.428Z[Etc/UTC]] moved to OPEN state
2022-06-25 01:03:26,432 [pool-484-thread-1] INFO  server.RaftServerConfigKeys (ConfUtils.java:logGet(46)) - raft.server.log.segment.size.max = 1048576 (custom)
2022-06-25 01:03:26,432 [pool-484-thread-1] INFO  server.RaftServerConfigKeys (ConfUtils.java:logGet(46)) - raft.server.log.preallocated.size = 16384 (custom)
2022-06-25 01:03:26,432 [pool-484-thread-1] INFO  server.RaftServerConfigKeys (ConfUtils.java:logGet(46)) - raft.server.log.force.sync.num = 128 (default)
2022-06-25 01:03:26,432 [pool-484-thread-1] INFO  server.RaftServerConfigKeys (ConfUtils.java:logGet(46)) - raft.server.log.statemachine.data.sync = true (default)
2022-06-25 01:03:26,432 [pool-484-thread-1] INFO  server.RaftServerConfigKeys (ConfUtils.java:logGet(46)) - raft.server.log.statemachine.data.sync.timeout = 10s (default)
2022-06-25 01:03:26,432 [pool-484-thread-1] INFO  server.RaftServerConfigKeys (ConfUtils.java:logGet(46)) - raft.server.log.statemachine.data.sync.timeout.retry = -1 (default)
2022-06-25 01:03:26,432 [EventQueue-OpenPipelineForHealthyPipelineSafeModeRule] INFO  safemode.SCMSafeModeManager (HealthyPipelineSafeModeRule.java:process(124)) - SCM in safe mode. Healthy pipelines reported count is 0, required healthy pipeline reported count is 1
2022-06-25 01:03:26,433 [pool-484-thread-1] INFO  server.RaftServerConfigKeys (ConfUtils.java:logGet(46)) - raft.server.log.write.buffer.size = 1048576 (custom)
2022-06-25 01:03:26,433 [pool-484-thread-1] INFO  server.RaftServerConfigKeys (ConfUtils.java:logGet(46)) - raft.server.log.unsafe-flush.enabled = false (default)
2022-06-25 01:03:26,433 [pool-484-thread-1] INFO  server.RaftServerConfigKeys (ConfUtils.java:logGet(46)) - raft.server.log.statemachine.data.caching.enabled = true (custom)
2022-06-25 01:03:26,433 [pool-484-thread-1] INFO  segmented.SegmentedRaftLogWorker (SegmentedRaftLogWorker.java:lambda$new$0(135)) - 7249bc38-cb50-4b50-8149-55795ead00f8@group-96990F47E214-SegmentedRaftLogWorker: flushIndex: setUnconditionally 0 -> -1
2022-06-25 01:03:26,433 [pool-484-thread-1] INFO  segmented.SegmentedRaftLogWorker (SegmentedRaftLogWorker.java:lambda$new$0(135)) - 7249bc38-cb50-4b50-8149-55795ead00f8@group-96990F47E214-SegmentedRaftLogWorker: safeCacheEvictIndex: setUnconditionally 0 -> -1
2022-06-25 01:03:26,434 [pool-484-thread-1] INFO  server.RaftServerConfigKeys (ConfUtils.java:logGet(46)) - raft.server.snapshot.auto.trigger.enabled = true (custom)
2022-06-25 01:03:26,434 [pool-484-thread-1] INFO  server.RaftServerConfigKeys (ConfUtils.java:logGet(46)) - raft.server.snapshot.auto.trigger.threshold = 10000 (custom)
2022-06-25 01:03:26,434 [pool-484-thread-1] INFO  server.RaftServerConfigKeys (ConfUtils.java:logGet(46)) - raft.server.snapshot.retention.file.num = 5 (custom)
2022-06-25 01:03:26,434 [pool-484-thread-1] INFO  server.RaftServerConfigKeys (ConfUtils.java:logGet(46)) - raft.server.log.purge.upto.snapshot.index = false (default)
2022-06-25 01:03:26,434 [pool-484-thread-1] INFO  server.RaftServerConfigKeys (ConfUtils.java:logGet(46)) - raft.server.retrycache.expirytime = 600000ms (custom)
2022-06-25 01:03:26,434 [pool-484-thread-1] INFO  server.RaftServerConfigKeys (ConfUtils.java:logGet(46)) - raft.server.retrycache.statistics.expirytime = 100μs (default)
2022-06-25 01:03:26,437 [pool-484-thread-1] INFO  server.RaftServerConfigKeys (ConfUtils.java:logGet(46)) - raft.server.log.appender.install.snapshot.enabled = false (custom)
2022-06-25 01:03:26,437 [pool-484-thread-1] INFO  server.RaftServerConfigKeys (ConfUtils.java:logGet(46)) - raft.server.threadpool.server.cached = true (default)
2022-06-25 01:03:26,437 [pool-484-thread-1] INFO  server.RaftServerConfigKeys (ConfUtils.java:logGet(46)) - raft.server.threadpool.server.size = 0 (default)
2022-06-25 01:03:26,437 [pool-484-thread-1] INFO  server.RaftServerConfigKeys (ConfUtils.java:logGet(46)) - raft.server.threadpool.client.cached = true (default)
2022-06-25 01:03:26,437 [pool-484-thread-1] INFO  server.RaftServerConfigKeys (ConfUtils.java:logGet(46)) - raft.server.threadpool.client.size = 0 (default)
2022-06-25 01:03:26,438 [pool-484-thread-1] INFO  server.RaftServer$Division (RaftServerImpl.java:start(310)) - 7249bc38-cb50-4b50-8149-55795ead00f8@group-96990F47E214: start as a follower, conf=-1: [7249bc38-cb50-4b50-8149-55795ead00f8|rpc:10.1.0.8:41595|priority:1], old=null
2022-06-25 01:03:26,438 [pool-484-thread-1] INFO  server.RaftServer$Division (RaftServerImpl.java:setRole(299)) - 7249bc38-cb50-4b50-8149-55795ead00f8@group-96990F47E214: changes role from      null to FOLLOWER at term 0 for startAsFollower
2022-06-25 01:03:26,438 [pool-484-thread-1] INFO  impl.RoleInfo (RoleInfo.java:updateAndGet(139)) - 7249bc38-cb50-4b50-8149-55795ead00f8: start 7249bc38-cb50-4b50-8149-55795ead00f8@group-96990F47E214-FollowerState
2022-06-25 01:03:26,441 [pool-484-thread-1] INFO  util.JmxRegister (JmxRegister.java:tryRegister(44)) - Successfully registered JMX Bean with object name Ratis:service=RaftServer,group=group-96990F47E214,id=7249bc38-cb50-4b50-8149-55795ead00f8
2022-06-25 01:03:26,442 [Command processor thread] INFO  ratis.XceiverServerRatis (XceiverServerRatis.java:addGroup(765)) - Created group PipelineID=bafc2473-aa48-4510-9bd8-96990f47e214
2022-06-25 01:03:26,443 [Command processor thread] INFO  commandhandler.CreatePipelineCommandHandler (CreatePipelineCommandHandler.java:handle(113)) - Created Pipeline RATIS ONE PipelineID=bafc2473-aa48-4510-9bd8-96990f47e214.
2022-06-25 01:03:26,836 [Listener at 127.0.0.1/35937] INFO  ozone.MiniOzoneClusterImpl (MiniOzoneClusterImpl.java:lambda$waitForClusterToBeReady$0(223)) - Nodes are ready. Got 6 of 6 DN Heartbeats.
2022-06-25 01:03:26,836 [Listener at 127.0.0.1/35937] INFO  ozone.MiniOzoneClusterImpl (MiniOzoneClusterImpl.java:lambda$waitForClusterToBeReady$0(226)) - Waiting for cluster to exit safe mode
2022-06-25 01:03:26,836 [Listener at 127.0.0.1/35937] INFO  ozone.MiniOzoneClusterImpl (MiniOzoneClusterImpl.java:lambda$waitForClusterToBeReady$0(228)) - SCM became leader
2022-06-25 01:03:26,851 [Command processor thread] INFO  server.RaftServer (RaftServerProxy.java:addNew(96)) - f13c4bc8-70da-4cb5-bf8c-82536bc78435: addNew group-43C009CCF7C6:[f13c4bc8-70da-4cb5-bf8c-82536bc78435|rpc:10.1.0.8:42013|priority:1] returns group-43C009CCF7C6:java.util.concurrent.CompletableFuture@5d187382[Not completed]
2022-06-25 01:03:26,852 [pool-511-thread-1] INFO  server.RaftServer$Division (RaftServerImpl.java:<init>(190)) - f13c4bc8-70da-4cb5-bf8c-82536bc78435: new RaftServerImpl for group-43C009CCF7C6:[f13c4bc8-70da-4cb5-bf8c-82536bc78435|rpc:10.1.0.8:42013|priority:1] with ContainerStateMachine:uninitialized
2022-06-25 01:03:26,852 [pool-511-thread-1] INFO  server.RaftServerConfigKeys (ConfUtils.java:logGet(46)) - raft.server.rpc.timeout.min = 5s (custom)
2022-06-25 01:03:26,852 [pool-511-thread-1] INFO  server.RaftServerConfigKeys (ConfUtils.java:logGet(46)) - raft.server.rpc.timeout.max = 5200ms (custom)
2022-06-25 01:03:26,852 [pool-511-thread-1] INFO  server.RaftServerConfigKeys (ConfUtils.java:logGet(46)) - raft.server.rpc.sleep.time = 25ms (default)
2022-06-25 01:03:26,852 [pool-511-thread-1] INFO  server.RaftServerConfigKeys (ConfUtils.java:logGet(46)) - raft.server.rpc.slowness.timeout = 300s (custom)
2022-06-25 01:03:26,852 [pool-511-thread-1] INFO  server.RaftServerConfigKeys (ConfUtils.java:logGet(46)) - raft.server.leaderelection.leader.step-down.wait-time = 10s (default)
2022-06-25 01:03:26,852 [pool-511-thread-1] INFO  server.RaftServerConfigKeys (ConfUtils.java:logGet(46)) - raft.server.sleep.deviation.threshold = 300ms (default)
2022-06-25 01:03:26,852 [pool-511-thread-1] INFO  server.RaftServer$Division (ServerState.java:<init>(107)) - f13c4bc8-70da-4cb5-bf8c-82536bc78435@group-43C009CCF7C6: ConfigurationManager, init=-1: [f13c4bc8-70da-4cb5-bf8c-82536bc78435|rpc:10.1.0.8:42013|priority:1], old=null, confs=<EMPTY_MAP>
2022-06-25 01:03:26,852 [pool-511-thread-1] INFO  server.RaftServerConfigKeys (ConfUtils.java:logGet(46)) - raft.server.storage.dir = [/home/runner/work/ozone/ozone/hadoop-ozone/integration-test/target/test-dir/MiniOzoneClusterImpl-7d041fb5-2049-42d4-ae67-c17d724e960a/datanode-5/data/ratis] (custom)
2022-06-25 01:03:26,852 [pool-511-thread-1] INFO  server.RaftServerConfigKeys (ConfUtils.java:logGet(46)) - raft.server.log.corruption.policy = EXCEPTION (default)
2022-06-25 01:03:26,853 [pool-511-thread-1] INFO  server.RaftServerConfigKeys (ConfUtils.java:logGet(46)) - raft.server.storage.free-space.min = 0MB (=0) (default)
2022-06-25 01:03:26,853 [pool-511-thread-1] INFO  storage.RaftStorageDirectory (RaftStorageDirectoryImpl.java:analyzeStorage(135)) - The storage directory /home/runner/work/ozone/ozone/hadoop-ozone/integration-test/target/test-dir/MiniOzoneClusterImpl-7d041fb5-2049-42d4-ae67-c17d724e960a/datanode-5/data/ratis/11723f2b-17fa-4f84-8543-43c009ccf7c6 does not exist. Creating ...
2022-06-25 01:03:26,854 [pool-511-thread-1] INFO  storage.RaftStorageDirectory (RaftStorageDirectoryImpl.java:tryLock(230)) - Lock on /home/runner/work/ozone/ozone/hadoop-ozone/integration-test/target/test-dir/MiniOzoneClusterImpl-7d041fb5-2049-42d4-ae67-c17d724e960a/datanode-5/data/ratis/11723f2b-17fa-4f84-8543-43c009ccf7c6/in_use.lock acquired by nodename 7033@fv-az66-546
2022-06-25 01:03:26,856 [pool-511-thread-1] INFO  storage.RaftStorage (RaftStorageImpl.java:format(89)) - Storage directory /home/runner/work/ozone/ozone/hadoop-ozone/integration-test/target/test-dir/MiniOzoneClusterImpl-7d041fb5-2049-42d4-ae67-c17d724e960a/datanode-5/data/ratis/11723f2b-17fa-4f84-8543-43c009ccf7c6 has been successfully formatted.
2022-06-25 01:03:26,856 [pool-511-thread-1] INFO  ratis.ContainerStateMachine (ContainerStateMachine.java:loadSnapshot(236)) - group-43C009CCF7C6: The snapshot info is null. Setting the last applied indexto:(t:0, i:~)
2022-06-25 01:03:26,856 [pool-511-thread-1] INFO  server.RaftServerConfigKeys (ConfUtils.java:logGet(46)) - raft.server.notification.no-leader.timeout = 300s (custom)
2022-06-25 01:03:26,856 [pool-511-thread-1] INFO  server.RaftServerConfigKeys (ConfUtils.java:logGet(46)) - raft.server.log.use.memory = false (default)
2022-06-25 01:03:26,856 [pool-511-thread-1] INFO  server.RaftServerConfigKeys (ConfUtils.java:logGet(46)) - raft.server.log.purge.gap = 1000000 (custom)
2022-06-25 01:03:26,856 [pool-511-thread-1] INFO  server.RaftServerConfigKeys (ConfUtils.java:logGet(46)) - raft.server.log.appender.buffer.byte-limit = 33554432 (custom)
2022-06-25 01:03:26,857 [pool-511-thread-1] INFO  server.RaftServerConfigKeys (ConfUtils.java:logGet(46)) - raft.server.log.statemachine.data.read.timeout = 1000ms (default)
2022-06-25 01:03:26,857 [pool-511-thread-1] INFO  server.RaftServerConfigKeys (ConfUtils.java:logGet(46)) - raft.server.log.segment.size.max = 1048576 (custom)
2022-06-25 01:03:26,858 [EventQueue-PipelineReportForPipelineReportHandler] INFO  pipeline.PipelineManagerImpl (PipelineManagerImpl.java:openPipeline(358)) - Pipeline Pipeline[ Id: 11723f2b-17fa-4f84-8543-43c009ccf7c6, Nodes: f13c4bc8-70da-4cb5-bf8c-82536bc78435{ip: 10.1.0.8, host: fv-az66-546.vwcdieab4koerntclszyavmfxa.dx.internal.cloudapp.net, ports: [REPLICATION=46857, RATIS=42013, RATIS_ADMIN=42013, RATIS_SERVER=42013, STANDALONE=34767], networkLocation: /default-rack, certSerialId: null, persistedOpState: IN_SERVICE, persistedOpStateExpiryEpochSec: 0}, ReplicationConfig: RATIS/ONE, State:ALLOCATED, leaderId:f13c4bc8-70da-4cb5-bf8c-82536bc78435, CreationTimestamp2022-06-25T01:03:23.854Z[Etc/UTC]] moved to OPEN state
2022-06-25 01:03:26,858 [pool-511-thread-1] INFO  server.RaftServerConfigKeys (ConfUtils.java:logGet(46)) - raft.server.log.segment.cache.num.max = 2 (custom)
2022-06-25 01:03:26,858 [pool-511-thread-1] INFO  server.RaftServerConfigKeys (ConfUtils.java:logGet(46)) - raft.server.log.segment.cache.size.max = 200MB (=209715200) (default)
2022-06-25 01:03:26,858 [pool-511-thread-1] INFO  segmented.SegmentedRaftLogWorker (SegmentedRaftLogWorker.java:<init>(187)) - new f13c4bc8-70da-4cb5-bf8c-82536bc78435@group-43C009CCF7C6-SegmentedRaftLogWorker for RaftStorageImpl:Storage Directory /home/runner/work/ozone/ozone/hadoop-ozone/integration-test/target/test-dir/MiniOzoneClusterImpl-7d041fb5-2049-42d4-ae67-c17d724e960a/datanode-5/data/ratis/11723f2b-17fa-4f84-8543-43c009ccf7c6
2022-06-25 01:03:26,858 [pool-511-thread-1] INFO  server.RaftServerConfigKeys (ConfUtils.java:logGet(46)) - raft.server.log.queue.byte-limit = 4294967296 (custom)
2022-06-25 01:03:26,858 [pool-511-thread-1] INFO  server.RaftServerConfigKeys (ConfUtils.java:logGet(46)) - raft.server.log.queue.element-limit = 1024 (custom)
2022-06-25 01:03:26,858 [pool-511-thread-1] INFO  server.RaftServerConfigKeys (ConfUtils.java:logGet(46)) - raft.server.log.segment.size.max = 1048576 (custom)
2022-06-25 01:03:26,858 [pool-511-thread-1] INFO  server.RaftServerConfigKeys (ConfUtils.java:logGet(46)) - raft.server.log.preallocated.size = 16384 (custom)
2022-06-25 01:03:26,859 [pool-511-thread-1] INFO  server.RaftServerConfigKeys (ConfUtils.java:logGet(46)) - raft.server.log.force.sync.num = 128 (default)
2022-06-25 01:03:26,859 [pool-511-thread-1] INFO  server.RaftServerConfigKeys (ConfUtils.java:logGet(46)) - raft.server.log.statemachine.data.sync = true (default)
2022-06-25 01:03:26,859 [pool-511-thread-1] INFO  server.RaftServerConfigKeys (ConfUtils.java:logGet(46)) - raft.server.log.statemachine.data.sync.timeout = 10s (default)
2022-06-25 01:03:26,859 [pool-511-thread-1] INFO  server.RaftServerConfigKeys (ConfUtils.java:logGet(46)) - raft.server.log.statemachine.data.sync.timeout.retry = -1 (default)
2022-06-25 01:03:26,859 [EventQueue-OpenPipelineForHealthyPipelineSafeModeRule] INFO  safemode.SCMSafeModeManager (HealthyPipelineSafeModeRule.java:process(124)) - SCM in safe mode. Healthy pipelines reported count is 0, required healthy pipeline reported count is 1
2022-06-25 01:03:26,860 [pool-511-thread-1] INFO  server.RaftServerConfigKeys (ConfUtils.java:logGet(46)) - raft.server.log.write.buffer.size = 1048576 (custom)
2022-06-25 01:03:26,860 [pool-511-thread-1] INFO  server.RaftServerConfigKeys (ConfUtils.java:logGet(46)) - raft.server.log.unsafe-flush.enabled = false (default)
2022-06-25 01:03:26,860 [pool-511-thread-1] INFO  server.RaftServerConfigKeys (ConfUtils.java:logGet(46)) - raft.server.log.statemachine.data.caching.enabled = true (custom)
2022-06-25 01:03:26,861 [pool-511-thread-1] INFO  segmented.SegmentedRaftLogWorker (SegmentedRaftLogWorker.java:lambda$new$0(135)) - f13c4bc8-70da-4cb5-bf8c-82536bc78435@group-43C009CCF7C6-SegmentedRaftLogWorker: flushIndex: setUnconditionally 0 -> -1
2022-06-25 01:03:26,861 [pool-511-thread-1] INFO  segmented.SegmentedRaftLogWorker (SegmentedRaftLogWorker.java:lambda$new$0(135)) - f13c4bc8-70da-4cb5-bf8c-82536bc78435@group-43C009CCF7C6-SegmentedRaftLogWorker: safeCacheEvictIndex: setUnconditionally 0 -> -1
2022-06-25 01:03:26,862 [pool-511-thread-1] INFO  server.RaftServerConfigKeys (ConfUtils.java:logGet(46)) - raft.server.snapshot.auto.trigger.enabled = true (custom)
2022-06-25 01:03:26,862 [pool-511-thread-1] INFO  server.RaftServerConfigKeys (ConfUtils.java:logGet(46)) - raft.server.snapshot.auto.trigger.threshold = 10000 (custom)
2022-06-25 01:03:26,862 [pool-511-thread-1] INFO  server.RaftServerConfigKeys (ConfUtils.java:logGet(46)) - raft.server.snapshot.retention.file.num = 5 (custom)
2022-06-25 01:03:26,862 [pool-511-thread-1] INFO  server.RaftServerConfigKeys (ConfUtils.java:logGet(46)) - raft.server.log.purge.upto.snapshot.index = false (default)
2022-06-25 01:03:26,863 [pool-511-thread-1] INFO  server.RaftServerConfigKeys (ConfUtils.java:logGet(46)) - raft.server.retrycache.expirytime = 600000ms (custom)
2022-06-25 01:03:26,863 [pool-511-thread-1] INFO  server.RaftServerConfigKeys (ConfUtils.java:logGet(46)) - raft.server.retrycache.statistics.expirytime = 100μs (default)
2022-06-25 01:03:26,864 [pool-511-thread-1] INFO  server.RaftServerConfigKeys (ConfUtils.java:logGet(46)) - raft.server.log.appender.install.snapshot.enabled = false (custom)
2022-06-25 01:03:26,864 [pool-511-thread-1] INFO  server.RaftServerConfigKeys (ConfUtils.java:logGet(46)) - raft.server.threadpool.server.cached = true (default)
2022-06-25 01:03:26,864 [pool-511-thread-1] INFO  server.RaftServerConfigKeys (ConfUtils.java:logGet(46)) - raft.server.threadpool.server.size = 0 (default)
2022-06-25 01:03:26,864 [pool-511-thread-1] INFO  server.RaftServerConfigKeys (ConfUtils.java:logGet(46)) - raft.server.threadpool.client.cached = true (default)
2022-06-25 01:03:26,864 [pool-511-thread-1] INFO  server.RaftServerConfigKeys (ConfUtils.java:logGet(46)) - raft.server.threadpool.client.size = 0 (default)
2022-06-25 01:03:26,865 [pool-511-thread-1] INFO  server.RaftServer$Division (RaftServerImpl.java:start(310)) - f13c4bc8-70da-4cb5-bf8c-82536bc78435@group-43C009CCF7C6: start as a follower, conf=-1: [f13c4bc8-70da-4cb5-bf8c-82536bc78435|rpc:10.1.0.8:42013|priority:1], old=null
2022-06-25 01:03:26,865 [pool-511-thread-1] INFO  server.RaftServer$Division (RaftServerImpl.java:setRole(299)) - f13c4bc8-70da-4cb5-bf8c-82536bc78435@group-43C009CCF7C6: changes role from      null to FOLLOWER at term 0 for startAsFollower
2022-06-25 01:03:26,865 [pool-511-thread-1] INFO  impl.RoleInfo (RoleInfo.java:updateAndGet(139)) - f13c4bc8-70da-4cb5-bf8c-82536bc78435: start f13c4bc8-70da-4cb5-bf8c-82536bc78435@group-43C009CCF7C6-FollowerState
2022-06-25 01:03:26,865 [pool-511-thread-1] INFO  util.JmxRegister (JmxRegister.java:tryRegister(44)) - Successfully registered JMX Bean with object name Ratis:service=RaftServer,group=group-43C009CCF7C6,id=f13c4bc8-70da-4cb5-bf8c-82536bc78435
2022-06-25 01:03:26,866 [Command processor thread] INFO  ratis.XceiverServerRatis (XceiverServerRatis.java:addGroup(765)) - Created group PipelineID=11723f2b-17fa-4f84-8543-43c009ccf7c6
2022-06-25 01:03:26,866 [Command processor thread] INFO  commandhandler.CreatePipelineCommandHandler (CreatePipelineCommandHandler.java:handle(113)) - Created Pipeline RATIS ONE PipelineID=11723f2b-17fa-4f84-8543-43c009ccf7c6.
2022-06-25 01:03:27,112 [EventQueue-OpenPipelineForHealthyPipelineSafeModeRule] INFO  safemode.SCMSafeModeManager (HealthyPipelineSafeModeRule.java:process(124)) - SCM in safe mode. Healthy pipelines reported count is 0, required healthy pipeline reported count is 1
2022-06-25 01:03:27,212 [ReplicationMonitor] INFO  replication.ReplicationManager (ReplicationManager.java:processAll(249)) - Replication Monitor Thread took 1 milliseconds for processing 6 containers.
2022-06-25 01:03:27,392 [ReplicationMonitor] INFO  replication.ReplicationManager (ReplicationManager.java:processAll(228)) - Replication Manager is not ready to run until 3000ms after safemode exit
2022-06-25 01:03:27,679 [EventQueue-OpenPipelineForHealthyPipelineSafeModeRule] INFO  safemode.SCMSafeModeManager (HealthyPipelineSafeModeRule.java:process(124)) - SCM in safe mode. Healthy pipelines reported count is 0, required healthy pipeline reported count is 1
2022-06-25 01:03:27,836 [Listener at 127.0.0.1/35937] INFO  ozone.MiniOzoneClusterImpl (MiniOzoneClusterImpl.java:lambda$waitForClusterToBeReady$0(223)) - Nodes are ready. Got 6 of 6 DN Heartbeats.
2022-06-25 01:03:27,836 [Listener at 127.0.0.1/35937] INFO  ozone.MiniOzoneClusterImpl (MiniOzoneClusterImpl.java:lambda$waitForClusterToBeReady$0(226)) - Waiting for cluster to exit safe mode
2022-06-25 01:03:27,836 [Listener at 127.0.0.1/35937] INFO  ozone.MiniOzoneClusterImpl (MiniOzoneClusterImpl.java:lambda$waitForClusterToBeReady$0(228)) - SCM became leader
2022-06-25 01:03:27,859 [EventQueue-OpenPipelineForHealthyPipelineSafeModeRule] INFO  safemode.SCMSafeModeManager (HealthyPipelineSafeModeRule.java:process(124)) - SCM in safe mode. Healthy pipelines reported count is 0, required healthy pipeline reported count is 1
2022-06-25 01:03:28,043 [EventQueue-OpenPipelineForHealthyPipelineSafeModeRule] INFO  safemode.SCMSafeModeManager (HealthyPipelineSafeModeRule.java:process(124)) - SCM in safe mode. Healthy pipelines reported count is 0, required healthy pipeline reported count is 1
2022-06-25 01:03:28,113 [EventQueue-OpenPipelineForHealthyPipelineSafeModeRule] INFO  safemode.SCMSafeModeManager (HealthyPipelineSafeModeRule.java:process(124)) - SCM in safe mode. Healthy pipelines reported count is 0, required healthy pipeline reported count is 1
2022-06-25 01:03:28,212 [ReplicationMonitor] INFO  replication.ReplicationManager (ReplicationManager.java:processAll(249)) - Replication Monitor Thread took 0 milliseconds for processing 6 containers.
2022-06-25 01:03:28,213 [EventQueue-OpenPipelineForHealthyPipelineSafeModeRule] INFO  safemode.SCMSafeModeManager (HealthyPipelineSafeModeRule.java:process(124)) - SCM in safe mode. Healthy pipelines reported count is 0, required healthy pipeline reported count is 1
2022-06-25 01:03:28,392 [ReplicationMonitor] INFO  replication.ReplicationManager (ReplicationManager.java:processAll(228)) - Replication Manager is not ready to run until 3000ms after safemode exit
2022-06-25 01:03:28,434 [EventQueue-OpenPipelineForHealthyPipelineSafeModeRule] INFO  safemode.SCMSafeModeManager (HealthyPipelineSafeModeRule.java:process(124)) - SCM in safe mode. Healthy pipelines reported count is 0, required healthy pipeline reported count is 1
2022-06-25 01:03:28,679 [EventQueue-OpenPipelineForHealthyPipelineSafeModeRule] INFO  safemode.SCMSafeModeManager (HealthyPipelineSafeModeRule.java:process(124)) - SCM in safe mode. Healthy pipelines reported count is 0, required healthy pipeline reported count is 1
2022-06-25 01:03:28,837 [Listener at 127.0.0.1/35937] INFO  ozone.MiniOzoneClusterImpl (MiniOzoneClusterImpl.java:lambda$waitForClusterToBeReady$0(223)) - Nodes are ready. Got 6 of 6 DN Heartbeats.
2022-06-25 01:03:28,837 [Listener at 127.0.0.1/35937] INFO  ozone.MiniOzoneClusterImpl (MiniOzoneClusterImpl.java:lambda$waitForClusterToBeReady$0(226)) - Waiting for cluster to exit safe mode
2022-06-25 01:03:28,837 [Listener at 127.0.0.1/35937] INFO  ozone.MiniOzoneClusterImpl (MiniOzoneClusterImpl.java:lambda$waitForClusterToBeReady$0(228)) - SCM became leader
2022-06-25 01:03:28,857 [EventQueue-OpenPipelineForHealthyPipelineSafeModeRule] INFO  safemode.SCMSafeModeManager (HealthyPipelineSafeModeRule.java:process(124)) - SCM in safe mode. Healthy pipelines reported count is 0, required healthy pipeline reported count is 1
2022-06-25 01:03:29,042 [EventQueue-OpenPipelineForHealthyPipelineSafeModeRule] INFO  safemode.SCMSafeModeManager (HealthyPipelineSafeModeRule.java:process(124)) - SCM in safe mode. Healthy pipelines reported count is 0, required healthy pipeline reported count is 1
2022-06-25 01:03:29,213 [EventQueue-OpenPipelineForHealthyPipelineSafeModeRule] INFO  safemode.SCMSafeModeManager (HealthyPipelineSafeModeRule.java:process(124)) - SCM in safe mode. Healthy pipelines reported count is 0, required healthy pipeline reported count is 1
2022-06-25 01:03:29,213 [ReplicationMonitor] INFO  replication.ReplicationManager (ReplicationManager.java:processAll(249)) - Replication Monitor Thread took 0 milliseconds for processing 6 containers.
2022-06-25 01:03:29,336 [01c45249-58aa-4080-948c-058f514c67c8@group-F0C2666C8BF0-FollowerState] INFO  impl.FollowerState (FollowerState.java:run(143)) - 01c45249-58aa-4080-948c-058f514c67c8@group-F0C2666C8BF0-FollowerState: change to CANDIDATE, lastRpcElapsedTime:5136242774ns, electionTimeout:5135ms
2022-06-25 01:03:29,337 [01c45249-58aa-4080-948c-058f514c67c8@group-F0C2666C8BF0-FollowerState] INFO  impl.RoleInfo (RoleInfo.java:shutdownFollowerState(110)) - 01c45249-58aa-4080-948c-058f514c67c8: shutdown 01c45249-58aa-4080-948c-058f514c67c8@group-F0C2666C8BF0-FollowerState
2022-06-25 01:03:29,337 [01c45249-58aa-4080-948c-058f514c67c8@group-F0C2666C8BF0-FollowerState] INFO  server.RaftServer$Division (RaftServerImpl.java:setRole(299)) - 01c45249-58aa-4080-948c-058f514c67c8@group-F0C2666C8BF0: changes role from  FOLLOWER to CANDIDATE at term 0 for changeToCandidate
2022-06-25 01:03:29,337 [01c45249-58aa-4080-948c-058f514c67c8@group-F0C2666C8BF0-FollowerState] INFO  server.RaftServerConfigKeys (ConfUtils.java:logGet(46)) - raft.server.leaderelection.pre-vote = false (custom)
2022-06-25 01:03:29,337 [01c45249-58aa-4080-948c-058f514c67c8@group-F0C2666C8BF0-FollowerState] INFO  impl.RoleInfo (RoleInfo.java:updateAndGet(139)) - 01c45249-58aa-4080-948c-058f514c67c8: start 01c45249-58aa-4080-948c-058f514c67c8@group-F0C2666C8BF0-LeaderElection15
2022-06-25 01:03:29,342 [01c45249-58aa-4080-948c-058f514c67c8@group-F0C2666C8BF0-LeaderElection15] INFO  impl.LeaderElection (LeaderElection.java:askForVotes(310)) - 01c45249-58aa-4080-948c-058f514c67c8@group-F0C2666C8BF0-LeaderElection15 ELECTION round 0: submit vote requests at term 1 for -1: [01c45249-58aa-4080-948c-058f514c67c8|rpc:10.1.0.8:37869|priority:1], old=null
2022-06-25 01:03:29,342 [01c45249-58aa-4080-948c-058f514c67c8@group-F0C2666C8BF0-LeaderElection15] INFO  impl.LeaderElection (LeaderElection.java:askForVotes(312)) - 01c45249-58aa-4080-948c-058f514c67c8@group-F0C2666C8BF0-LeaderElection15 ELECTION round 0: result PASSED (term=1)
2022-06-25 01:03:29,342 [01c45249-58aa-4080-948c-058f514c67c8@group-F0C2666C8BF0-LeaderElection15] INFO  impl.RoleInfo (RoleInfo.java:shutdownLeaderElection(130)) - 01c45249-58aa-4080-948c-058f514c67c8: shutdown 01c45249-58aa-4080-948c-058f514c67c8@group-F0C2666C8BF0-LeaderElection15
2022-06-25 01:03:29,342 [01c45249-58aa-4080-948c-058f514c67c8@group-F0C2666C8BF0-LeaderElection15] INFO  server.RaftServer$Division (RaftServerImpl.java:setRole(299)) - 01c45249-58aa-4080-948c-058f514c67c8@group-F0C2666C8BF0: changes role from CANDIDATE to LEADER at term 1 for changeToLeader
2022-06-25 01:03:29,342 [01c45249-58aa-4080-948c-058f514c67c8@group-F0C2666C8BF0-LeaderElection15] INFO  ratis.XceiverServerRatis (XceiverServerRatis.java:handleLeaderChangedNotification(863)) - Leader change notification received for group: group-F0C2666C8BF0 with new leaderId: 01c45249-58aa-4080-948c-058f514c67c8
2022-06-25 01:03:29,343 [01c45249-58aa-4080-948c-058f514c67c8@group-F0C2666C8BF0-LeaderElection15] INFO  server.RaftServer$Division (ServerState.java:setLeader(287)) - 01c45249-58aa-4080-948c-058f514c67c8@group-F0C2666C8BF0: change Leader from null to 01c45249-58aa-4080-948c-058f514c67c8 at term 1 for becomeLeader, leader elected after 5161ms
2022-06-25 01:03:29,343 [01c45249-58aa-4080-948c-058f514c67c8@group-F0C2666C8BF0-LeaderElection15] INFO  server.RaftServerConfigKeys (ConfUtils.java:logGet(46)) - raft.server.staging.catchup.gap = 1000 (default)
2022-06-25 01:03:29,344 [EventQueue-OpenPipelineForHealthyPipelineSafeModeRule] INFO  safemode.SCMSafeModeManager (HealthyPipelineSafeModeRule.java:process(124)) - SCM in safe mode. Healthy pipelines reported count is 0, required healthy pipeline reported count is 1
2022-06-25 01:03:29,344 [01c45249-58aa-4080-948c-058f514c67c8@group-F0C2666C8BF0-LeaderElection15] INFO  server.RaftServerConfigKeys (ConfUtils.java:logGet(46)) - raft.server.write.element-limit = 1024 (custom)
2022-06-25 01:03:29,344 [01c45249-58aa-4080-948c-058f514c67c8@group-F0C2666C8BF0-LeaderElection15] INFO  server.RaftServerConfigKeys (ConfUtils.java:logGet(46)) - raft.server.write.byte-limit = 1024 M (=1073741824) (custom)
2022-06-25 01:03:29,345 [01c45249-58aa-4080-948c-058f514c67c8@group-F0C2666C8BF0-LeaderElection15] INFO  server.RaftServerConfigKeys (ConfUtils.java:logGet(46)) - raft.server.watch.timeout = 180s (custom)
2022-06-25 01:03:29,345 [01c45249-58aa-4080-948c-058f514c67c8@group-F0C2666C8BF0-LeaderElection15] INFO  server.RaftServerConfigKeys (ConfUtils.java:logGet(46)) - raft.server.watch.timeout.denomination = 1s (default)
2022-06-25 01:03:29,345 [01c45249-58aa-4080-948c-058f514c67c8@group-F0C2666C8BF0-LeaderElection15] INFO  server.RaftServerConfigKeys (ConfUtils.java:logGet(46)) - raft.server.watch.element-limit = 65536 (default)
2022-06-25 01:03:29,345 [01c45249-58aa-4080-948c-058f514c67c8@group-F0C2666C8BF0-LeaderElection15] INFO  server.RaftServerConfigKeys (ConfUtils.java:logGet(46)) - raft.server.write.element-limit = 1024 (custom)
2022-06-25 01:03:29,345 [01c45249-58aa-4080-948c-058f514c67c8@group-F0C2666C8BF0-LeaderElection15] INFO  server.RaftServerConfigKeys (ConfUtils.java:logGet(46)) - raft.server.write.follower.gap.ratio.max = -1.0 (default)
2022-06-25 01:03:29,345 [01c45249-58aa-4080-948c-058f514c67c8@group-F0C2666C8BF0-LeaderElection15] INFO  impl.RoleInfo (RoleInfo.java:updateAndGet(139)) - 01c45249-58aa-4080-948c-058f514c67c8: start 01c45249-58aa-4080-948c-058f514c67c8@group-F0C2666C8BF0-LeaderStateImpl
2022-06-25 01:03:29,346 [01c45249-58aa-4080-948c-058f514c67c8@group-F0C2666C8BF0-LeaderElection15] INFO  segmented.SegmentedRaftLogWorker (SegmentedRaftLogWorker.java:startLogSegment(425)) - 01c45249-58aa-4080-948c-058f514c67c8@group-F0C2666C8BF0-SegmentedRaftLogWorker: Starting segment from index:0
2022-06-25 01:03:29,348 [01c45249-58aa-4080-948c-058f514c67c8@group-F0C2666C8BF0-SegmentedRaftLogWorker] INFO  segmented.SegmentedRaftLogWorker (SegmentedRaftLogWorker.java:execute(629)) - 01c45249-58aa-4080-948c-058f514c67c8@group-F0C2666C8BF0-SegmentedRaftLogWorker: created new log segment /home/runner/work/ozone/ozone/hadoop-ozone/integration-test/target/test-dir/MiniOzoneClusterImpl-7d041fb5-2049-42d4-ae67-c17d724e960a/datanode-0/data/ratis/73f56109-7a71-446e-bc5e-f0c2666c8bf0/current/log_inprogress_0
2022-06-25 01:03:29,361 [d8c5d3b0-2e04-4734-8dc0-dbe4861d4401@group-B0A5CB9FFDBD-FollowerState] INFO  impl.FollowerState (FollowerState.java:run(143)) - d8c5d3b0-2e04-4734-8dc0-dbe4861d4401@group-B0A5CB9FFDBD-FollowerState: change to CANDIDATE, lastRpcElapsedTime:5091211220ns, electionTimeout:5090ms
2022-06-25 01:03:29,361 [d8c5d3b0-2e04-4734-8dc0-dbe4861d4401@group-B0A5CB9FFDBD-FollowerState] INFO  impl.RoleInfo (RoleInfo.java:shutdownFollowerState(110)) - d8c5d3b0-2e04-4734-8dc0-dbe4861d4401: shutdown d8c5d3b0-2e04-4734-8dc0-dbe4861d4401@group-B0A5CB9FFDBD-FollowerState
2022-06-25 01:03:29,361 [d8c5d3b0-2e04-4734-8dc0-dbe4861d4401@group-B0A5CB9FFDBD-FollowerState] INFO  server.RaftServer$Division (RaftServerImpl.java:setRole(299)) - d8c5d3b0-2e04-4734-8dc0-dbe4861d4401@group-B0A5CB9FFDBD: changes role from  FOLLOWER to CANDIDATE at term 0 for changeToCandidate
2022-06-25 01:03:29,361 [d8c5d3b0-2e04-4734-8dc0-dbe4861d4401@group-B0A5CB9FFDBD-FollowerState] INFO  server.RaftServerConfigKeys (ConfUtils.java:logGet(46)) - raft.server.leaderelection.pre-vote = false (custom)
2022-06-25 01:03:29,361 [d8c5d3b0-2e04-4734-8dc0-dbe4861d4401@group-B0A5CB9FFDBD-FollowerState] INFO  impl.RoleInfo (RoleInfo.java:updateAndGet(139)) - d8c5d3b0-2e04-4734-8dc0-dbe4861d4401: start d8c5d3b0-2e04-4734-8dc0-dbe4861d4401@group-B0A5CB9FFDBD-LeaderElection16
2022-06-25 01:03:29,372 [01c45249-58aa-4080-948c-058f514c67c8@group-F0C2666C8BF0-LeaderElection15] INFO  server.RaftServer$Division (ServerState.java:setRaftConf(393)) - 01c45249-58aa-4080-948c-058f514c67c8@group-F0C2666C8BF0: set configuration 0: [01c45249-58aa-4080-948c-058f514c67c8|rpc:10.1.0.8:37869|dataStream:|priority:1], old=null
2022-06-25 01:03:29,376 [d8c5d3b0-2e04-4734-8dc0-dbe4861d4401@group-B0A5CB9FFDBD-LeaderElection16] INFO  impl.LeaderElection (LeaderElection.java:askForVotes(310)) - d8c5d3b0-2e04-4734-8dc0-dbe4861d4401@group-B0A5CB9FFDBD-LeaderElection16 ELECTION round 0: submit vote requests at term 1 for -1: [01c45249-58aa-4080-948c-058f514c67c8|rpc:10.1.0.8:37869|dataStream:|priority:1, d8c5d3b0-2e04-4734-8dc0-dbe4861d4401|rpc:10.1.0.8:41245|dataStream:|priority:0, 6ea96d82-acb4-4d53-969d-852ff983a9a8|rpc:10.1.0.8:38885|dataStream:|priority:0], old=null
2022-06-25 01:03:29,391 [6ea96d82-acb4-4d53-969d-852ff983a9a8@group-B0A5CB9FFDBD-FollowerState] INFO  impl.FollowerState (FollowerState.java:run(143)) - 6ea96d82-acb4-4d53-969d-852ff983a9a8@group-B0A5CB9FFDBD-FollowerState: change to CANDIDATE, lastRpcElapsedTime:5074243863ns, electionTimeout:5073ms
2022-06-25 01:03:29,391 [6ea96d82-acb4-4d53-969d-852ff983a9a8@group-B0A5CB9FFDBD-FollowerState] INFO  impl.RoleInfo (RoleInfo.java:shutdownFollowerState(110)) - 6ea96d82-acb4-4d53-969d-852ff983a9a8: shutdown 6ea96d82-acb4-4d53-969d-852ff983a9a8@group-B0A5CB9FFDBD-FollowerState
2022-06-25 01:03:29,391 [6ea96d82-acb4-4d53-969d-852ff983a9a8@group-B0A5CB9FFDBD-FollowerState] INFO  server.RaftServer$Division (RaftServerImpl.java:setRole(299)) - 6ea96d82-acb4-4d53-969d-852ff983a9a8@group-B0A5CB9FFDBD: changes role from  FOLLOWER to CANDIDATE at term 0 for changeToCandidate
2022-06-25 01:03:29,391 [6ea96d82-acb4-4d53-969d-852ff983a9a8@group-B0A5CB9FFDBD-FollowerState] INFO  server.RaftServerConfigKeys (ConfUtils.java:logGet(46)) - raft.server.leaderelection.pre-vote = false (custom)
2022-06-25 01:03:29,391 [6ea96d82-acb4-4d53-969d-852ff983a9a8@group-B0A5CB9FFDBD-FollowerState] INFO  impl.RoleInfo (RoleInfo.java:updateAndGet(139)) - 6ea96d82-acb4-4d53-969d-852ff983a9a8: start 6ea96d82-acb4-4d53-969d-852ff983a9a8@group-B0A5CB9FFDBD-LeaderElection17
2022-06-25 01:03:29,393 [ReplicationMonitor] INFO  replication.ReplicationManager (ReplicationManager.java:processAll(228)) - Replication Manager is not ready to run until 3000ms after safemode exit
2022-06-25 01:03:29,395 [grpc-default-executor-0] INFO  server.RaftServer$Division (RaftServerImpl.java:requestVote(1152)) - 01c45249-58aa-4080-948c-058f514c67c8@group-B0A5CB9FFDBD: receive requestVote(ELECTION, d8c5d3b0-2e04-4734-8dc0-dbe4861d4401, group-B0A5CB9FFDBD, 1, (t:0, i:0))
2022-06-25 01:03:29,395 [grpc-default-executor-0] INFO  impl.VoteContext (VoteContext.java:log(48)) - 01c45249-58aa-4080-948c-058f514c67c8@group-B0A5CB9FFDBD-FOLLOWER: reject ELECTION from d8c5d3b0-2e04-4734-8dc0-dbe4861d4401: our priority 1 > candidate's priority 0
2022-06-25 01:03:29,395 [grpc-default-executor-0] INFO  server.RaftServer$Division (RaftServerImpl.java:setRole(299)) - 01c45249-58aa-4080-948c-058f514c67c8@group-B0A5CB9FFDBD: changes role from  FOLLOWER to FOLLOWER at term 1 for candidate:d8c5d3b0-2e04-4734-8dc0-dbe4861d4401
2022-06-25 01:03:29,396 [grpc-default-executor-0] INFO  impl.RoleInfo (RoleInfo.java:shutdownFollowerState(110)) - 01c45249-58aa-4080-948c-058f514c67c8: shutdown 01c45249-58aa-4080-948c-058f514c67c8@group-B0A5CB9FFDBD-FollowerState
2022-06-25 01:03:29,396 [grpc-default-executor-0] INFO  impl.RoleInfo (RoleInfo.java:updateAndGet(139)) - 01c45249-58aa-4080-948c-058f514c67c8: start 01c45249-58aa-4080-948c-058f514c67c8@group-B0A5CB9FFDBD-FollowerState
2022-06-25 01:03:29,396 [01c45249-58aa-4080-948c-058f514c67c8@group-B0A5CB9FFDBD-FollowerState] INFO  impl.FollowerState (FollowerState.java:run(152)) - 01c45249-58aa-4080-948c-058f514c67c8@group-B0A5CB9FFDBD-FollowerState was interrupted
2022-06-25 01:03:29,397 [6ea96d82-acb4-4d53-969d-852ff983a9a8@group-B0A5CB9FFDBD-LeaderElection17] INFO  impl.LeaderElection (LeaderElection.java:askForVotes(310)) - 6ea96d82-acb4-4d53-969d-852ff983a9a8@group-B0A5CB9FFDBD-LeaderElection17 ELECTION round 0: submit vote requests at term 1 for -1: [01c45249-58aa-4080-948c-058f514c67c8|rpc:10.1.0.8:37869|dataStream:|priority:1, d8c5d3b0-2e04-4734-8dc0-dbe4861d4401|rpc:10.1.0.8:41245|dataStream:|priority:0, 6ea96d82-acb4-4d53-969d-852ff983a9a8|rpc:10.1.0.8:38885|dataStream:|priority:0], old=null
2022-06-25 01:03:29,399 [grpc-default-executor-0] INFO  server.RaftServer$Division (RaftServerImpl.java:requestVote(1184)) - 01c45249-58aa-4080-948c-058f514c67c8@group-B0A5CB9FFDBD replies to ELECTION vote request: d8c5d3b0-2e04-4734-8dc0-dbe4861d4401<-01c45249-58aa-4080-948c-058f514c67c8#0:FAIL-t1. Peer's state: 01c45249-58aa-4080-948c-058f514c67c8@group-B0A5CB9FFDBD:t1, leader=null, voted=null, raftlog=01c45249-58aa-4080-948c-058f514c67c8@group-B0A5CB9FFDBD-SegmentedRaftLog:OPENED:c-1, conf=-1: [01c45249-58aa-4080-948c-058f514c67c8|rpc:10.1.0.8:37869|priority:1, d8c5d3b0-2e04-4734-8dc0-dbe4861d4401|rpc:10.1.0.8:41245|priority:0, 6ea96d82-acb4-4d53-969d-852ff983a9a8|rpc:10.1.0.8:38885|priority:0], old=null
2022-06-25 01:03:29,404 [d8c5d3b0-2e04-4734-8dc0-dbe4861d4401@group-B0A5CB9FFDBD-LeaderElection16] INFO  impl.LeaderElection (LeaderElection.java:logAndReturn(90)) - d8c5d3b0-2e04-4734-8dc0-dbe4861d4401@group-B0A5CB9FFDBD-LeaderElection16: ELECTION REJECTED received 1 response(s) and 0 exception(s):
2022-06-25 01:03:29,404 [d8c5d3b0-2e04-4734-8dc0-dbe4861d4401@group-B0A5CB9FFDBD-LeaderElection16] INFO  impl.LeaderElection (LeaderElection.java:logAndReturn(94)) -   Response 0: d8c5d3b0-2e04-4734-8dc0-dbe4861d4401<-01c45249-58aa-4080-948c-058f514c67c8#0:FAIL-t1
2022-06-25 01:03:29,404 [d8c5d3b0-2e04-4734-8dc0-dbe4861d4401@group-B0A5CB9FFDBD-LeaderElection16] INFO  impl.LeaderElection (LeaderElection.java:askForVotes(312)) - d8c5d3b0-2e04-4734-8dc0-dbe4861d4401@group-B0A5CB9FFDBD-LeaderElection16 ELECTION round 0: result REJECTED
2022-06-25 01:03:29,404 [d8c5d3b0-2e04-4734-8dc0-dbe4861d4401@group-B0A5CB9FFDBD-LeaderElection16] INFO  server.RaftServer$Division (RaftServerImpl.java:setRole(299)) - d8c5d3b0-2e04-4734-8dc0-dbe4861d4401@group-B0A5CB9FFDBD: changes role from CANDIDATE to FOLLOWER at term 1 for REJECTED
2022-06-25 01:03:29,404 [d8c5d3b0-2e04-4734-8dc0-dbe4861d4401@group-B0A5CB9FFDBD-LeaderElection16] INFO  impl.RoleInfo (RoleInfo.java:shutdownLeaderElection(130)) - d8c5d3b0-2e04-4734-8dc0-dbe4861d4401: shutdown d8c5d3b0-2e04-4734-8dc0-dbe4861d4401@group-B0A5CB9FFDBD-LeaderElection16
2022-06-25 01:03:29,404 [d8c5d3b0-2e04-4734-8dc0-dbe4861d4401@group-B0A5CB9FFDBD-LeaderElection16] INFO  impl.RoleInfo (RoleInfo.java:updateAndGet(139)) - d8c5d3b0-2e04-4734-8dc0-dbe4861d4401: start d8c5d3b0-2e04-4734-8dc0-dbe4861d4401@group-B0A5CB9FFDBD-FollowerState
2022-06-25 01:03:29,405 [grpc-default-executor-0] INFO  server.RaftServer$Division (RaftServerImpl.java:requestVote(1152)) - 6ea96d82-acb4-4d53-969d-852ff983a9a8@group-B0A5CB9FFDBD: receive requestVote(ELECTION, d8c5d3b0-2e04-4734-8dc0-dbe4861d4401, group-B0A5CB9FFDBD, 1, (t:0, i:0))
2022-06-25 01:03:29,405 [grpc-default-executor-0] INFO  impl.VoteContext (VoteContext.java:log(48)) - 6ea96d82-acb4-4d53-969d-852ff983a9a8@group-B0A5CB9FFDBD-CANDIDATE: reject ELECTION from d8c5d3b0-2e04-4734-8dc0-dbe4861d4401: already has voted for 6ea96d82-acb4-4d53-969d-852ff983a9a8 at current term 1
2022-06-25 01:03:29,405 [grpc-default-executor-0] INFO  server.RaftServer$Division (RaftServerImpl.java:requestVote(1184)) - 6ea96d82-acb4-4d53-969d-852ff983a9a8@group-B0A5CB9FFDBD replies to ELECTION vote request: d8c5d3b0-2e04-4734-8dc0-dbe4861d4401<-6ea96d82-acb4-4d53-969d-852ff983a9a8#0:FAIL-t1. Peer's state: 6ea96d82-acb4-4d53-969d-852ff983a9a8@group-B0A5CB9FFDBD:t1, leader=null, voted=6ea96d82-acb4-4d53-969d-852ff983a9a8, raftlog=6ea96d82-acb4-4d53-969d-852ff983a9a8@group-B0A5CB9FFDBD-SegmentedRaftLog:OPENED:c-1, conf=-1: [01c45249-58aa-4080-948c-058f514c67c8|rpc:10.1.0.8:37869|dataStream:|priority:1, d8c5d3b0-2e04-4734-8dc0-dbe4861d4401|rpc:10.1.0.8:41245|dataStream:|priority:0, 6ea96d82-acb4-4d53-969d-852ff983a9a8|rpc:10.1.0.8:38885|dataStream:|priority:0], old=null
2022-06-25 01:03:29,425 [grpc-default-executor-0] INFO  server.RaftServer$Division (RaftServerImpl.java:requestVote(1152)) - 01c45249-58aa-4080-948c-058f514c67c8@group-B0A5CB9FFDBD: receive requestVote(ELECTION, 6ea96d82-acb4-4d53-969d-852ff983a9a8, group-B0A5CB9FFDBD, 1, (t:0, i:0))
2022-06-25 01:03:29,425 [grpc-default-executor-0] INFO  impl.VoteContext (VoteContext.java:log(48)) - 01c45249-58aa-4080-948c-058f514c67c8@group-B0A5CB9FFDBD-FOLLOWER: reject ELECTION from 6ea96d82-acb4-4d53-969d-852ff983a9a8: our priority 1 > candidate's priority 0
2022-06-25 01:03:29,426 [grpc-default-executor-0] INFO  server.RaftServer$Division (RaftServerImpl.java:setRole(299)) - 01c45249-58aa-4080-948c-058f514c67c8@group-B0A5CB9FFDBD: changes role from  FOLLOWER to FOLLOWER at term 1 for candidate:6ea96d82-acb4-4d53-969d-852ff983a9a8
2022-06-25 01:03:29,426 [grpc-default-executor-0] INFO  impl.RoleInfo (RoleInfo.java:shutdownFollowerState(110)) - 01c45249-58aa-4080-948c-058f514c67c8: shutdown 01c45249-58aa-4080-948c-058f514c67c8@group-B0A5CB9FFDBD-FollowerState
2022-06-25 01:03:29,426 [grpc-default-executor-0] INFO  impl.RoleInfo (RoleInfo.java:updateAndGet(139)) - 01c45249-58aa-4080-948c-058f514c67c8: start 01c45249-58aa-4080-948c-058f514c67c8@group-B0A5CB9FFDBD-FollowerState
2022-06-25 01:03:29,426 [01c45249-58aa-4080-948c-058f514c67c8@group-B0A5CB9FFDBD-FollowerState] INFO  impl.FollowerState (FollowerState.java:run(152)) - 01c45249-58aa-4080-948c-058f514c67c8@group-B0A5CB9FFDBD-FollowerState was interrupted
2022-06-25 01:03:29,427 [grpc-default-executor-0] INFO  server.RaftServer$Division (RaftServerImpl.java:requestVote(1184)) - 01c45249-58aa-4080-948c-058f514c67c8@group-B0A5CB9FFDBD replies to ELECTION vote request: 6ea96d82-acb4-4d53-969d-852ff983a9a8<-01c45249-58aa-4080-948c-058f514c67c8#0:FAIL-t1. Peer's state: 01c45249-58aa-4080-948c-058f514c67c8@group-B0A5CB9FFDBD:t1, leader=null, voted=null, raftlog=01c45249-58aa-4080-948c-058f514c67c8@group-B0A5CB9FFDBD-SegmentedRaftLog:OPENED:c-1, conf=-1: [01c45249-58aa-4080-948c-058f514c67c8|rpc:10.1.0.8:37869|priority:1, d8c5d3b0-2e04-4734-8dc0-dbe4861d4401|rpc:10.1.0.8:41245|priority:0, 6ea96d82-acb4-4d53-969d-852ff983a9a8|rpc:10.1.0.8:38885|priority:0], old=null
2022-06-25 01:03:29,429 [grpc-default-executor-0] INFO  server.RaftServer$Division (RaftServerImpl.java:requestVote(1152)) - d8c5d3b0-2e04-4734-8dc0-dbe4861d4401@group-B0A5CB9FFDBD: receive requestVote(ELECTION, 6ea96d82-acb4-4d53-969d-852ff983a9a8, group-B0A5CB9FFDBD, 1, (t:0, i:0))
2022-06-25 01:03:29,430 [grpc-default-executor-0] INFO  impl.VoteContext (VoteContext.java:log(48)) - d8c5d3b0-2e04-4734-8dc0-dbe4861d4401@group-B0A5CB9FFDBD-FOLLOWER: reject ELECTION from 6ea96d82-acb4-4d53-969d-852ff983a9a8: already has voted for d8c5d3b0-2e04-4734-8dc0-dbe4861d4401 at current term 1
2022-06-25 01:03:29,430 [grpc-default-executor-0] INFO  server.RaftServer$Division (RaftServerImpl.java:requestVote(1184)) - d8c5d3b0-2e04-4734-8dc0-dbe4861d4401@group-B0A5CB9FFDBD replies to ELECTION vote request: 6ea96d82-acb4-4d53-969d-852ff983a9a8<-d8c5d3b0-2e04-4734-8dc0-dbe4861d4401#0:FAIL-t1. Peer's state: d8c5d3b0-2e04-4734-8dc0-dbe4861d4401@group-B0A5CB9FFDBD:t1, leader=null, voted=d8c5d3b0-2e04-4734-8dc0-dbe4861d4401, raftlog=d8c5d3b0-2e04-4734-8dc0-dbe4861d4401@group-B0A5CB9FFDBD-SegmentedRaftLog:OPENED:c-1, conf=-1: [01c45249-58aa-4080-948c-058f514c67c8|rpc:10.1.0.8:37869|dataStream:|priority:1, d8c5d3b0-2e04-4734-8dc0-dbe4861d4401|rpc:10.1.0.8:41245|dataStream:|priority:0, 6ea96d82-acb4-4d53-969d-852ff983a9a8|rpc:10.1.0.8:38885|dataStream:|priority:0], old=null
2022-06-25 01:03:29,435 [6ea96d82-acb4-4d53-969d-852ff983a9a8@group-B0A5CB9FFDBD-LeaderElection17] INFO  impl.LeaderElection (LeaderElection.java:logAndReturn(90)) - 6ea96d82-acb4-4d53-969d-852ff983a9a8@group-B0A5CB9FFDBD-LeaderElection17: ELECTION REJECTED received 1 response(s) and 0 exception(s):
2022-06-25 01:03:29,435 [6ea96d82-acb4-4d53-969d-852ff983a9a8@group-B0A5CB9FFDBD-LeaderElection17] INFO  impl.LeaderElection (LeaderElection.java:logAndReturn(94)) -   Response 0: 6ea96d82-acb4-4d53-969d-852ff983a9a8<-01c45249-58aa-4080-948c-058f514c67c8#0:FAIL-t1
2022-06-25 01:03:29,435 [6ea96d82-acb4-4d53-969d-852ff983a9a8@group-B0A5CB9FFDBD-LeaderElection17] INFO  impl.LeaderElection (LeaderElection.java:askForVotes(312)) - 6ea96d82-acb4-4d53-969d-852ff983a9a8@group-B0A5CB9FFDBD-LeaderElection17 ELECTION round 0: result REJECTED
2022-06-25 01:03:29,437 [6ea96d82-acb4-4d53-969d-852ff983a9a8@group-B0A5CB9FFDBD-LeaderElection17] INFO  server.RaftServer$Division (RaftServerImpl.java:setRole(299)) - 6ea96d82-acb4-4d53-969d-852ff983a9a8@group-B0A5CB9FFDBD: changes role from CANDIDATE to FOLLOWER at term 1 for REJECTED
2022-06-25 01:03:29,437 [6ea96d82-acb4-4d53-969d-852ff983a9a8@group-B0A5CB9FFDBD-LeaderElection17] INFO  impl.RoleInfo (RoleInfo.java:shutdownLeaderElection(130)) - 6ea96d82-acb4-4d53-969d-852ff983a9a8: shutdown 6ea96d82-acb4-4d53-969d-852ff983a9a8@group-B0A5CB9FFDBD-LeaderElection17
2022-06-25 01:03:29,437 [6ea96d82-acb4-4d53-969d-852ff983a9a8@group-B0A5CB9FFDBD-LeaderElection17] INFO  impl.RoleInfo (RoleInfo.java:updateAndGet(139)) - 6ea96d82-acb4-4d53-969d-852ff983a9a8: start 6ea96d82-acb4-4d53-969d-852ff983a9a8@group-B0A5CB9FFDBD-FollowerState
2022-06-25 01:03:29,442 [EventQueue-StaleNodeForStaleNodeHandler] INFO  node.StaleNodeHandler (StaleNodeHandler.java:onMessage(58)) - Datanode ad74f3b2-c092-43ca-befa-d99c208edbaf{ip: 10.1.0.8, host: fv-az66-546.vwcdieab4koerntclszyavmfxa.dx.internal.cloudapp.net, ports: [REPLICATION=45511, RATIS=46867, RATIS_ADMIN=46867, RATIS_SERVER=46867, STANDALONE=34703], networkLocation: /default-rack, certSerialId: null, persistedOpState: DECOMMISSIONING, persistedOpStateExpiryEpochSec: 0} moved to stale state. Finalizing its pipelines []
2022-06-25 01:03:29,445 [EventQueue-OpenPipelineForHealthyPipelineSafeModeRule] INFO  safemode.SCMSafeModeManager (HealthyPipelineSafeModeRule.java:process(124)) - SCM in safe mode. Healthy pipelines reported count is 0, required healthy pipeline reported count is 1
2022-06-25 01:03:29,837 [Listener at 127.0.0.1/35937] INFO  ozone.MiniOzoneClusterImpl (MiniOzoneClusterImpl.java:lambda$waitForClusterToBeReady$0(223)) - Nodes are ready. Got 6 of 6 DN Heartbeats.
2022-06-25 01:03:29,837 [Listener at 127.0.0.1/35937] INFO  ozone.MiniOzoneClusterImpl (MiniOzoneClusterImpl.java:lambda$waitForClusterToBeReady$0(226)) - Waiting for cluster to exit safe mode
2022-06-25 01:03:29,837 [Listener at 127.0.0.1/35937] INFO  ozone.MiniOzoneClusterImpl (MiniOzoneClusterImpl.java:lambda$waitForClusterToBeReady$0(228)) - SCM became leader
2022-06-25 01:03:30,113 [EventQueue-OpenPipelineForHealthyPipelineSafeModeRule] INFO  safemode.SCMSafeModeManager (HealthyPipelineSafeModeRule.java:process(124)) - SCM in safe mode. Healthy pipelines reported count is 0, required healthy pipeline reported count is 1
2022-06-25 01:03:30,214 [ReplicationMonitor] INFO  replication.ReplicationManager (ReplicationManager.java:processAll(249)) - Replication Monitor Thread took 0 milliseconds for processing 6 containers.
2022-06-25 01:03:30,246 [d8c5d3b0-2e04-4734-8dc0-dbe4861d4401@group-14A953CF142E-FollowerState] INFO  impl.FollowerState (FollowerState.java:run(143)) - d8c5d3b0-2e04-4734-8dc0-dbe4861d4401@group-14A953CF142E-FollowerState: change to CANDIDATE, lastRpcElapsedTime:5077285094ns, electionTimeout:5076ms
2022-06-25 01:03:30,246 [d8c5d3b0-2e04-4734-8dc0-dbe4861d4401@group-14A953CF142E-FollowerState] INFO  impl.RoleInfo (RoleInfo.java:shutdownFollowerState(110)) - d8c5d3b0-2e04-4734-8dc0-dbe4861d4401: shutdown d8c5d3b0-2e04-4734-8dc0-dbe4861d4401@group-14A953CF142E-FollowerState
2022-06-25 01:03:30,246 [d8c5d3b0-2e04-4734-8dc0-dbe4861d4401@group-14A953CF142E-FollowerState] INFO  server.RaftServer$Division (RaftServerImpl.java:setRole(299)) - d8c5d3b0-2e04-4734-8dc0-dbe4861d4401@group-14A953CF142E: changes role from  FOLLOWER to CANDIDATE at term 0 for changeToCandidate
2022-06-25 01:03:30,247 [d8c5d3b0-2e04-4734-8dc0-dbe4861d4401@group-14A953CF142E-FollowerState] INFO  server.RaftServerConfigKeys (ConfUtils.java:logGet(46)) - raft.server.leaderelection.pre-vote = false (custom)
2022-06-25 01:03:30,247 [d8c5d3b0-2e04-4734-8dc0-dbe4861d4401@group-14A953CF142E-FollowerState] INFO  impl.RoleInfo (RoleInfo.java:updateAndGet(139)) - d8c5d3b0-2e04-4734-8dc0-dbe4861d4401: start d8c5d3b0-2e04-4734-8dc0-dbe4861d4401@group-14A953CF142E-LeaderElection18
2022-06-25 01:03:30,267 [d8c5d3b0-2e04-4734-8dc0-dbe4861d4401@group-14A953CF142E-LeaderElection18] INFO  impl.LeaderElection (LeaderElection.java:askForVotes(310)) - d8c5d3b0-2e04-4734-8dc0-dbe4861d4401@group-14A953CF142E-LeaderElection18 ELECTION round 0: submit vote requests at term 1 for -1: [d8c5d3b0-2e04-4734-8dc0-dbe4861d4401|rpc:10.1.0.8:41245|priority:1], old=null
2022-06-25 01:03:30,268 [d8c5d3b0-2e04-4734-8dc0-dbe4861d4401@group-14A953CF142E-LeaderElection18] INFO  impl.LeaderElection (LeaderElection.java:askForVotes(312)) - d8c5d3b0-2e04-4734-8dc0-dbe4861d4401@group-14A953CF142E-LeaderElection18 ELECTION round 0: result PASSED (term=1)
2022-06-25 01:03:30,268 [d8c5d3b0-2e04-4734-8dc0-dbe4861d4401@group-14A953CF142E-LeaderElection18] INFO  impl.RoleInfo (RoleInfo.java:shutdownLeaderElection(130)) - d8c5d3b0-2e04-4734-8dc0-dbe4861d4401: shutdown d8c5d3b0-2e04-4734-8dc0-dbe4861d4401@group-14A953CF142E-LeaderElection18
2022-06-25 01:03:30,268 [d8c5d3b0-2e04-4734-8dc0-dbe4861d4401@group-14A953CF142E-LeaderElection18] INFO  server.RaftServer$Division (RaftServerImpl.java:setRole(299)) - d8c5d3b0-2e04-4734-8dc0-dbe4861d4401@group-14A953CF142E: changes role from CANDIDATE to LEADER at term 1 for changeToLeader
2022-06-25 01:03:30,268 [d8c5d3b0-2e04-4734-8dc0-dbe4861d4401@group-14A953CF142E-LeaderElection18] INFO  ratis.XceiverServerRatis (XceiverServerRatis.java:handleLeaderChangedNotification(863)) - Leader change notification received for group: group-14A953CF142E with new leaderId: d8c5d3b0-2e04-4734-8dc0-dbe4861d4401
2022-06-25 01:03:30,268 [d8c5d3b0-2e04-4734-8dc0-dbe4861d4401@group-14A953CF142E-LeaderElection18] INFO  server.RaftServer$Division (ServerState.java:setLeader(287)) - d8c5d3b0-2e04-4734-8dc0-dbe4861d4401@group-14A953CF142E: change Leader from null to d8c5d3b0-2e04-4734-8dc0-dbe4861d4401 at term 1 for becomeLeader, leader elected after 5154ms
2022-06-25 01:03:30,268 [d8c5d3b0-2e04-4734-8dc0-dbe4861d4401@group-14A953CF142E-LeaderElection18] INFO  server.RaftServerConfigKeys (ConfUtils.java:logGet(46)) - raft.server.staging.catchup.gap = 1000 (default)
2022-06-25 01:03:30,268 [d8c5d3b0-2e04-4734-8dc0-dbe4861d4401@group-14A953CF142E-LeaderElection18] INFO  server.RaftServerConfigKeys (ConfUtils.java:logGet(46)) - raft.server.write.element-limit = 1024 (custom)
2022-06-25 01:03:30,269 [d8c5d3b0-2e04-4734-8dc0-dbe4861d4401@group-14A953CF142E-LeaderElection18] INFO  server.RaftServerConfigKeys (ConfUtils.java:logGet(46)) - raft.server.write.byte-limit = 1024 M (=1073741824) (custom)
2022-06-25 01:03:30,269 [d8c5d3b0-2e04-4734-8dc0-dbe4861d4401@group-14A953CF142E-LeaderElection18] INFO  server.RaftServerConfigKeys (ConfUtils.java:logGet(46)) - raft.server.watch.timeout = 180s (custom)
2022-06-25 01:03:30,269 [d8c5d3b0-2e04-4734-8dc0-dbe4861d4401@group-14A953CF142E-LeaderElection18] INFO  server.RaftServerConfigKeys (ConfUtils.java:logGet(46)) - raft.server.watch.timeout.denomination = 1s (default)
2022-06-25 01:03:30,269 [EventQueue-OpenPipelineForHealthyPipelineSafeModeRule] INFO  safemode.SCMSafeModeManager (HealthyPipelineSafeModeRule.java:process(124)) - SCM in safe mode. Healthy pipelines reported count is 0, required healthy pipeline reported count is 1
2022-06-25 01:03:30,270 [d8c5d3b0-2e04-4734-8dc0-dbe4861d4401@group-14A953CF142E-LeaderElection18] INFO  server.RaftServerConfigKeys (ConfUtils.java:logGet(46)) - raft.server.watch.element-limit = 65536 (default)
2022-06-25 01:03:30,270 [d8c5d3b0-2e04-4734-8dc0-dbe4861d4401@group-14A953CF142E-LeaderElection18] INFO  server.RaftServerConfigKeys (ConfUtils.java:logGet(46)) - raft.server.write.element-limit = 1024 (custom)
2022-06-25 01:03:30,270 [d8c5d3b0-2e04-4734-8dc0-dbe4861d4401@group-14A953CF142E-LeaderElection18] INFO  server.RaftServerConfigKeys (ConfUtils.java:logGet(46)) - raft.server.write.follower.gap.ratio.max = -1.0 (default)
2022-06-25 01:03:30,270 [d8c5d3b0-2e04-4734-8dc0-dbe4861d4401@group-14A953CF142E-LeaderElection18] INFO  impl.RoleInfo (RoleInfo.java:updateAndGet(139)) - d8c5d3b0-2e04-4734-8dc0-dbe4861d4401: start d8c5d3b0-2e04-4734-8dc0-dbe4861d4401@group-14A953CF142E-LeaderStateImpl
2022-06-25 01:03:30,271 [d8c5d3b0-2e04-4734-8dc0-dbe4861d4401@group-14A953CF142E-LeaderElection18] INFO  segmented.SegmentedRaftLogWorker (SegmentedRaftLogWorker.java:startLogSegment(425)) - d8c5d3b0-2e04-4734-8dc0-dbe4861d4401@group-14A953CF142E-SegmentedRaftLogWorker: Starting segment from index:0
2022-06-25 01:03:30,274 [d8c5d3b0-2e04-4734-8dc0-dbe4861d4401@group-14A953CF142E-SegmentedRaftLogWorker] INFO  segmented.SegmentedRaftLogWorker (SegmentedRaftLogWorker.java:execute(629)) - d8c5d3b0-2e04-4734-8dc0-dbe4861d4401@group-14A953CF142E-SegmentedRaftLogWorker: created new log segment /home/runner/work/ozone/ozone/hadoop-ozone/integration-test/target/test-dir/MiniOzoneClusterImpl-7d041fb5-2049-42d4-ae67-c17d724e960a/datanode-1/data/ratis/b248bb69-f772-4ced-ad85-14a953cf142e/current/log_inprogress_0
2022-06-25 01:03:30,274 [d8c5d3b0-2e04-4734-8dc0-dbe4861d4401@group-14A953CF142E-LeaderElection18] INFO  server.RaftServer$Division (ServerState.java:setRaftConf(393)) - d8c5d3b0-2e04-4734-8dc0-dbe4861d4401@group-14A953CF142E: set configuration 0: [d8c5d3b0-2e04-4734-8dc0-dbe4861d4401|rpc:10.1.0.8:41245|dataStream:|priority:1], old=null
2022-06-25 01:03:30,393 [ReplicationMonitor] INFO  replication.ReplicationManager (ReplicationManager.java:processAll(228)) - Replication Manager is not ready to run until 3000ms after safemode exit
2022-06-25 01:03:30,678 [EventQueue-OpenPipelineForHealthyPipelineSafeModeRule] INFO  safemode.SCMSafeModeManager (HealthyPipelineSafeModeRule.java:process(124)) - SCM in safe mode. Healthy pipelines reported count is 0, required healthy pipeline reported count is 1
2022-06-25 01:03:30,717 [6ea96d82-acb4-4d53-969d-852ff983a9a8@group-99483CAB09DC-FollowerState] INFO  impl.FollowerState (FollowerState.java:run(143)) - 6ea96d82-acb4-4d53-969d-852ff983a9a8@group-99483CAB09DC-FollowerState: change to CANDIDATE, lastRpcElapsedTime:5028578639ns, electionTimeout:5022ms
2022-06-25 01:03:30,717 [6ea96d82-acb4-4d53-969d-852ff983a9a8@group-99483CAB09DC-FollowerState] INFO  impl.RoleInfo (RoleInfo.java:shutdownFollowerState(110)) - 6ea96d82-acb4-4d53-969d-852ff983a9a8: shutdown 6ea96d82-acb4-4d53-969d-852ff983a9a8@group-99483CAB09DC-FollowerState
2022-06-25 01:03:30,717 [6ea96d82-acb4-4d53-969d-852ff983a9a8@group-99483CAB09DC-FollowerState] INFO  server.RaftServer$Division (RaftServerImpl.java:setRole(299)) - 6ea96d82-acb4-4d53-969d-852ff983a9a8@group-99483CAB09DC: changes role from  FOLLOWER to CANDIDATE at term 0 for changeToCandidate
2022-06-25 01:03:30,718 [6ea96d82-acb4-4d53-969d-852ff983a9a8@group-99483CAB09DC-FollowerState] INFO  server.RaftServerConfigKeys (ConfUtils.java:logGet(46)) - raft.server.leaderelection.pre-vote = false (custom)
2022-06-25 01:03:30,718 [6ea96d82-acb4-4d53-969d-852ff983a9a8@group-99483CAB09DC-FollowerState] INFO  impl.RoleInfo (RoleInfo.java:updateAndGet(139)) - 6ea96d82-acb4-4d53-969d-852ff983a9a8: start 6ea96d82-acb4-4d53-969d-852ff983a9a8@group-99483CAB09DC-LeaderElection19
2022-06-25 01:03:30,723 [6ea96d82-acb4-4d53-969d-852ff983a9a8@group-99483CAB09DC-LeaderElection19] INFO  impl.LeaderElection (LeaderElection.java:askForVotes(310)) - 6ea96d82-acb4-4d53-969d-852ff983a9a8@group-99483CAB09DC-LeaderElection19 ELECTION round 0: submit vote requests at term 1 for -1: [6ea96d82-acb4-4d53-969d-852ff983a9a8|rpc:10.1.0.8:38885|priority:1], old=null
2022-06-25 01:03:30,723 [6ea96d82-acb4-4d53-969d-852ff983a9a8@group-99483CAB09DC-LeaderElection19] INFO  impl.LeaderElection (LeaderElection.java:askForVotes(312)) - 6ea96d82-acb4-4d53-969d-852ff983a9a8@group-99483CAB09DC-LeaderElection19 ELECTION round 0: result PASSED (term=1)
2022-06-25 01:03:30,723 [6ea96d82-acb4-4d53-969d-852ff983a9a8@group-99483CAB09DC-LeaderElection19] INFO  impl.RoleInfo (RoleInfo.java:shutdownLeaderElection(130)) - 6ea96d82-acb4-4d53-969d-852ff983a9a8: shutdown 6ea96d82-acb4-4d53-969d-852ff983a9a8@group-99483CAB09DC-LeaderElection19
2022-06-25 01:03:30,723 [6ea96d82-acb4-4d53-969d-852ff983a9a8@group-99483CAB09DC-LeaderElection19] INFO  server.RaftServer$Division (RaftServerImpl.java:setRole(299)) - 6ea96d82-acb4-4d53-969d-852ff983a9a8@group-99483CAB09DC: changes role from CANDIDATE to LEADER at term 1 for changeToLeader
2022-06-25 01:03:30,723 [6ea96d82-acb4-4d53-969d-852ff983a9a8@group-99483CAB09DC-LeaderElection19] INFO  ratis.XceiverServerRatis (XceiverServerRatis.java:handleLeaderChangedNotification(863)) - Leader change notification received for group: group-99483CAB09DC with new leaderId: 6ea96d82-acb4-4d53-969d-852ff983a9a8
2022-06-25 01:03:30,723 [6ea96d82-acb4-4d53-969d-852ff983a9a8@group-99483CAB09DC-LeaderElection19] INFO  server.RaftServer$Division (ServerState.java:setLeader(287)) - 6ea96d82-acb4-4d53-969d-852ff983a9a8@group-99483CAB09DC: change Leader from null to 6ea96d82-acb4-4d53-969d-852ff983a9a8 at term 1 for becomeLeader, leader elected after 5045ms
2022-06-25 01:03:30,723 [6ea96d82-acb4-4d53-969d-852ff983a9a8@group-99483CAB09DC-LeaderElection19] INFO  server.RaftServerConfigKeys (ConfUtils.java:logGet(46)) - raft.server.staging.catchup.gap = 1000 (default)
2022-06-25 01:03:30,723 [6ea96d82-acb4-4d53-969d-852ff983a9a8@group-99483CAB09DC-LeaderElection19] INFO  server.RaftServerConfigKeys (ConfUtils.java:logGet(46)) - raft.server.write.element-limit = 1024 (custom)
2022-06-25 01:03:30,724 [6ea96d82-acb4-4d53-969d-852ff983a9a8@group-99483CAB09DC-LeaderElection19] INFO  server.RaftServerConfigKeys (ConfUtils.java:logGet(46)) - raft.server.write.byte-limit = 1024 M (=1073741824) (custom)
2022-06-25 01:03:30,725 [6ea96d82-acb4-4d53-969d-852ff983a9a8@group-99483CAB09DC-LeaderElection19] INFO  server.RaftServerConfigKeys (ConfUtils.java:logGet(46)) - raft.server.watch.timeout = 180s (custom)
2022-06-25 01:03:30,725 [6ea96d82-acb4-4d53-969d-852ff983a9a8@group-99483CAB09DC-LeaderElection19] INFO  server.RaftServerConfigKeys (ConfUtils.java:logGet(46)) - raft.server.watch.timeout.denomination = 1s (default)
2022-06-25 01:03:30,725 [6ea96d82-acb4-4d53-969d-852ff983a9a8@group-99483CAB09DC-LeaderElection19] INFO  server.RaftServerConfigKeys (ConfUtils.java:logGet(46)) - raft.server.watch.element-limit = 65536 (default)
2022-06-25 01:03:30,725 [6ea96d82-acb4-4d53-969d-852ff983a9a8@group-99483CAB09DC-LeaderElection19] INFO  server.RaftServerConfigKeys (ConfUtils.java:logGet(46)) - raft.server.write.element-limit = 1024 (custom)
2022-06-25 01:03:30,725 [6ea96d82-acb4-4d53-969d-852ff983a9a8@group-99483CAB09DC-LeaderElection19] INFO  server.RaftServerConfigKeys (ConfUtils.java:logGet(46)) - raft.server.write.follower.gap.ratio.max = -1.0 (default)
2022-06-25 01:03:30,725 [6ea96d82-acb4-4d53-969d-852ff983a9a8@group-99483CAB09DC-LeaderElection19] INFO  impl.RoleInfo (RoleInfo.java:updateAndGet(139)) - 6ea96d82-acb4-4d53-969d-852ff983a9a8: start 6ea96d82-acb4-4d53-969d-852ff983a9a8@group-99483CAB09DC-LeaderStateImpl
2022-06-25 01:03:30,726 [6ea96d82-acb4-4d53-969d-852ff983a9a8@group-99483CAB09DC-LeaderElection19] INFO  segmented.SegmentedRaftLogWorker (SegmentedRaftLogWorker.java:startLogSegment(425)) - 6ea96d82-acb4-4d53-969d-852ff983a9a8@group-99483CAB09DC-SegmentedRaftLogWorker: Starting segment from index:0
2022-06-25 01:03:30,726 [EventQueue-OpenPipelineForHealthyPipelineSafeModeRule] INFO  safemode.SCMSafeModeManager (HealthyPipelineSafeModeRule.java:process(124)) - SCM in safe mode. Healthy pipelines reported count is 0, required healthy pipeline reported count is 1
2022-06-25 01:03:30,728 [6ea96d82-acb4-4d53-969d-852ff983a9a8@group-99483CAB09DC-SegmentedRaftLogWorker] INFO  segmented.SegmentedRaftLogWorker (SegmentedRaftLogWorker.java:execute(629)) - 6ea96d82-acb4-4d53-969d-852ff983a9a8@group-99483CAB09DC-SegmentedRaftLogWorker: created new log segment /home/runner/work/ozone/ozone/hadoop-ozone/integration-test/target/test-dir/MiniOzoneClusterImpl-7d041fb5-2049-42d4-ae67-c17d724e960a/datanode-2/data/ratis/09ea5a2b-0cfa-405b-b27f-99483cab09dc/current/log_inprogress_0
2022-06-25 01:03:30,728 [6ea96d82-acb4-4d53-969d-852ff983a9a8@group-99483CAB09DC-LeaderElection19] INFO  server.RaftServer$Division (ServerState.java:setRaftConf(393)) - 6ea96d82-acb4-4d53-969d-852ff983a9a8@group-99483CAB09DC: set configuration 0: [6ea96d82-acb4-4d53-969d-852ff983a9a8|rpc:10.1.0.8:38885|dataStream:|priority:1], old=null
2022-06-25 01:03:30,837 [Listener at 127.0.0.1/35937] INFO  ozone.MiniOzoneClusterImpl (MiniOzoneClusterImpl.java:lambda$waitForClusterToBeReady$0(223)) - Nodes are ready. Got 6 of 6 DN Heartbeats.
2022-06-25 01:03:30,838 [Listener at 127.0.0.1/35937] INFO  ozone.MiniOzoneClusterImpl (MiniOzoneClusterImpl.java:lambda$waitForClusterToBeReady$0(226)) - Waiting for cluster to exit safe mode
2022-06-25 01:03:30,838 [Listener at 127.0.0.1/35937] INFO  ozone.MiniOzoneClusterImpl (MiniOzoneClusterImpl.java:lambda$waitForClusterToBeReady$0(228)) - SCM became leader
2022-06-25 01:03:30,857 [EventQueue-OpenPipelineForHealthyPipelineSafeModeRule] INFO  safemode.SCMSafeModeManager (HealthyPipelineSafeModeRule.java:process(124)) - SCM in safe mode. Healthy pipelines reported count is 0, required healthy pipeline reported count is 1
2022-06-25 01:03:31,045 [EventQueue-OpenPipelineForHealthyPipelineSafeModeRule] INFO  safemode.SCMSafeModeManager (HealthyPipelineSafeModeRule.java:process(124)) - SCM in safe mode. Healthy pipelines reported count is 0, required healthy pipeline reported count is 1
2022-06-25 01:03:31,104 [df1d8881-24e2-4ee3-b76e-d18ef9412a67@group-209269214918-FollowerState] INFO  impl.FollowerState (FollowerState.java:run(143)) - df1d8881-24e2-4ee3-b76e-d18ef9412a67@group-209269214918-FollowerState: change to CANDIDATE, lastRpcElapsedTime:5052603730ns, electionTimeout:5049ms
2022-06-25 01:03:31,104 [df1d8881-24e2-4ee3-b76e-d18ef9412a67@group-209269214918-FollowerState] INFO  impl.RoleInfo (RoleInfo.java:shutdownFollowerState(110)) - df1d8881-24e2-4ee3-b76e-d18ef9412a67: shutdown df1d8881-24e2-4ee3-b76e-d18ef9412a67@group-209269214918-FollowerState
2022-06-25 01:03:31,104 [df1d8881-24e2-4ee3-b76e-d18ef9412a67@group-209269214918-FollowerState] INFO  server.RaftServer$Division (RaftServerImpl.java:setRole(299)) - df1d8881-24e2-4ee3-b76e-d18ef9412a67@group-209269214918: changes role from  FOLLOWER to CANDIDATE at term 0 for changeToCandidate
2022-06-25 01:03:31,104 [df1d8881-24e2-4ee3-b76e-d18ef9412a67@group-209269214918-FollowerState] INFO  server.RaftServerConfigKeys (ConfUtils.java:logGet(46)) - raft.server.leaderelection.pre-vote = false (custom)
2022-06-25 01:03:31,104 [df1d8881-24e2-4ee3-b76e-d18ef9412a67@group-209269214918-FollowerState] INFO  impl.RoleInfo (RoleInfo.java:updateAndGet(139)) - df1d8881-24e2-4ee3-b76e-d18ef9412a67: start df1d8881-24e2-4ee3-b76e-d18ef9412a67@group-209269214918-LeaderElection20
2022-06-25 01:03:31,107 [df1d8881-24e2-4ee3-b76e-d18ef9412a67@group-CF776BB7FBC5-FollowerState] INFO  impl.FollowerState (FollowerState.java:run(143)) - df1d8881-24e2-4ee3-b76e-d18ef9412a67@group-CF776BB7FBC5-FollowerState: change to CANDIDATE, lastRpcElapsedTime:5077233914ns, electionTimeout:5076ms
2022-06-25 01:03:31,107 [df1d8881-24e2-4ee3-b76e-d18ef9412a67@group-CF776BB7FBC5-FollowerState] INFO  impl.RoleInfo (RoleInfo.java:shutdownFollowerState(110)) - df1d8881-24e2-4ee3-b76e-d18ef9412a67: shutdown df1d8881-24e2-4ee3-b76e-d18ef9412a67@group-CF776BB7FBC5-FollowerState
2022-06-25 01:03:31,107 [df1d8881-24e2-4ee3-b76e-d18ef9412a67@group-CF776BB7FBC5-FollowerState] INFO  server.RaftServer$Division (RaftServerImpl.java:setRole(299)) - df1d8881-24e2-4ee3-b76e-d18ef9412a67@group-CF776BB7FBC5: changes role from  FOLLOWER to CANDIDATE at term 0 for changeToCandidate
2022-06-25 01:03:31,108 [df1d8881-24e2-4ee3-b76e-d18ef9412a67@group-CF776BB7FBC5-FollowerState] INFO  server.RaftServerConfigKeys (ConfUtils.java:logGet(46)) - raft.server.leaderelection.pre-vote = false (custom)
2022-06-25 01:03:31,108 [df1d8881-24e2-4ee3-b76e-d18ef9412a67@group-CF776BB7FBC5-FollowerState] INFO  impl.RoleInfo (RoleInfo.java:updateAndGet(139)) - df1d8881-24e2-4ee3-b76e-d18ef9412a67: start df1d8881-24e2-4ee3-b76e-d18ef9412a67@group-CF776BB7FBC5-LeaderElection21
2022-06-25 01:03:31,115 [df1d8881-24e2-4ee3-b76e-d18ef9412a67@group-209269214918-LeaderElection20] INFO  impl.LeaderElection (LeaderElection.java:askForVotes(310)) - df1d8881-24e2-4ee3-b76e-d18ef9412a67@group-209269214918-LeaderElection20 ELECTION round 0: submit vote requests at term 1 for -1: [f13c4bc8-70da-4cb5-bf8c-82536bc78435|rpc:10.1.0.8:42013|priority:0, df1d8881-24e2-4ee3-b76e-d18ef9412a67|rpc:10.1.0.8:33439|priority:0, 7249bc38-cb50-4b50-8149-55795ead00f8|rpc:10.1.0.8:41595|priority:1], old=null
2022-06-25 01:03:31,117 [df1d8881-24e2-4ee3-b76e-d18ef9412a67@group-CF776BB7FBC5-LeaderElection21] INFO  impl.LeaderElection (LeaderElection.java:askForVotes(310)) - df1d8881-24e2-4ee3-b76e-d18ef9412a67@group-CF776BB7FBC5-LeaderElection21 ELECTION round 0: submit vote requests at term 1 for -1: [df1d8881-24e2-4ee3-b76e-d18ef9412a67|rpc:10.1.0.8:33439|priority:1], old=null
2022-06-25 01:03:31,117 [df1d8881-24e2-4ee3-b76e-d18ef9412a67@group-CF776BB7FBC5-LeaderElection21] INFO  impl.LeaderElection (LeaderElection.java:askForVotes(312)) - df1d8881-24e2-4ee3-b76e-d18ef9412a67@group-CF776BB7FBC5-LeaderElection21 ELECTION round 0: result PASSED (term=1)
2022-06-25 01:03:31,117 [df1d8881-24e2-4ee3-b76e-d18ef9412a67@group-CF776BB7FBC5-LeaderElection21] INFO  impl.RoleInfo (RoleInfo.java:shutdownLeaderElection(130)) - df1d8881-24e2-4ee3-b76e-d18ef9412a67: shutdown df1d8881-24e2-4ee3-b76e-d18ef9412a67@group-CF776BB7FBC5-LeaderElection21
2022-06-25 01:03:31,117 [df1d8881-24e2-4ee3-b76e-d18ef9412a67@group-CF776BB7FBC5-LeaderElection21] INFO  server.RaftServer$Division (RaftServerImpl.java:setRole(299)) - df1d8881-24e2-4ee3-b76e-d18ef9412a67@group-CF776BB7FBC5: changes role from CANDIDATE to LEADER at term 1 for changeToLeader
2022-06-25 01:03:31,117 [df1d8881-24e2-4ee3-b76e-d18ef9412a67@group-CF776BB7FBC5-LeaderElection21] INFO  ratis.XceiverServerRatis (XceiverServerRatis.java:handleLeaderChangedNotification(863)) - Leader change notification received for group: group-CF776BB7FBC5 with new leaderId: df1d8881-24e2-4ee3-b76e-d18ef9412a67
2022-06-25 01:03:31,126 [df1d8881-24e2-4ee3-b76e-d18ef9412a67@group-CF776BB7FBC5-LeaderElection21] INFO  server.RaftServer$Division (ServerState.java:setLeader(287)) - df1d8881-24e2-4ee3-b76e-d18ef9412a67@group-CF776BB7FBC5: change Leader from null to df1d8881-24e2-4ee3-b76e-d18ef9412a67 at term 1 for becomeLeader, leader elected after 5098ms
2022-06-25 01:03:31,126 [df1d8881-24e2-4ee3-b76e-d18ef9412a67@group-CF776BB7FBC5-LeaderElection21] INFO  server.RaftServerConfigKeys (ConfUtils.java:logGet(46)) - raft.server.staging.catchup.gap = 1000 (default)
2022-06-25 01:03:31,128 [df1d8881-24e2-4ee3-b76e-d18ef9412a67@group-CF776BB7FBC5-LeaderElection21] INFO  server.RaftServerConfigKeys (ConfUtils.java:logGet(46)) - raft.server.write.element-limit = 1024 (custom)
2022-06-25 01:03:31,128 [df1d8881-24e2-4ee3-b76e-d18ef9412a67@group-CF776BB7FBC5-LeaderElection21] INFO  server.RaftServerConfigKeys (ConfUtils.java:logGet(46)) - raft.server.write.byte-limit = 1024 M (=1073741824) (custom)
2022-06-25 01:03:31,129 [df1d8881-24e2-4ee3-b76e-d18ef9412a67@group-CF776BB7FBC5-LeaderElection21] INFO  server.RaftServerConfigKeys (ConfUtils.java:logGet(46)) - raft.server.watch.timeout = 180s (custom)
2022-06-25 01:03:31,129 [df1d8881-24e2-4ee3-b76e-d18ef9412a67@group-CF776BB7FBC5-LeaderElection21] INFO  server.RaftServerConfigKeys (ConfUtils.java:logGet(46)) - raft.server.watch.timeout.denomination = 1s (default)
2022-06-25 01:03:31,129 [df1d8881-24e2-4ee3-b76e-d18ef9412a67@group-CF776BB7FBC5-LeaderElection21] INFO  server.RaftServerConfigKeys (ConfUtils.java:logGet(46)) - raft.server.watch.element-limit = 65536 (default)
2022-06-25 01:03:31,128 [grpc-default-executor-0] INFO  server.RaftServer$Division (RaftServerImpl.java:requestVote(1152)) - f13c4bc8-70da-4cb5-bf8c-82536bc78435@group-209269214918: receive requestVote(ELECTION, df1d8881-24e2-4ee3-b76e-d18ef9412a67, group-209269214918, 1, (t:0, i:0))
2022-06-25 01:03:31,129 [grpc-default-executor-0] INFO  impl.VoteContext (VoteContext.java:log(48)) - f13c4bc8-70da-4cb5-bf8c-82536bc78435@group-209269214918-FOLLOWER: accept ELECTION from df1d8881-24e2-4ee3-b76e-d18ef9412a67: our priority 0 <= candidate's priority 0
2022-06-25 01:03:31,129 [grpc-default-executor-0] INFO  server.RaftServer$Division (RaftServerImpl.java:setRole(299)) - f13c4bc8-70da-4cb5-bf8c-82536bc78435@group-209269214918: changes role from  FOLLOWER to FOLLOWER at term 1 for candidate:df1d8881-24e2-4ee3-b76e-d18ef9412a67
2022-06-25 01:03:31,129 [df1d8881-24e2-4ee3-b76e-d18ef9412a67@group-CF776BB7FBC5-LeaderElection21] INFO  server.RaftServerConfigKeys (ConfUtils.java:logGet(46)) - raft.server.write.element-limit = 1024 (custom)
2022-06-25 01:03:31,129 [df1d8881-24e2-4ee3-b76e-d18ef9412a67@group-CF776BB7FBC5-LeaderElection21] INFO  server.RaftServerConfigKeys (ConfUtils.java:logGet(46)) - raft.server.write.follower.gap.ratio.max = -1.0 (default)
2022-06-25 01:03:31,129 [df1d8881-24e2-4ee3-b76e-d18ef9412a67@group-CF776BB7FBC5-LeaderElection21] INFO  impl.RoleInfo (RoleInfo.java:updateAndGet(139)) - df1d8881-24e2-4ee3-b76e-d18ef9412a67: start df1d8881-24e2-4ee3-b76e-d18ef9412a67@group-CF776BB7FBC5-LeaderStateImpl
2022-06-25 01:03:31,130 [df1d8881-24e2-4ee3-b76e-d18ef9412a67@group-CF776BB7FBC5-LeaderElection21] INFO  segmented.SegmentedRaftLogWorker (SegmentedRaftLogWorker.java:startLogSegment(425)) - df1d8881-24e2-4ee3-b76e-d18ef9412a67@group-CF776BB7FBC5-SegmentedRaftLogWorker: Starting segment from index:0
2022-06-25 01:03:31,130 [EventQueue-OpenPipelineForHealthyPipelineSafeModeRule] INFO  safemode.SCMSafeModeManager (HealthyPipelineSafeModeRule.java:process(124)) - SCM in safe mode. Healthy pipelines reported count is 0, required healthy pipeline reported count is 1
2022-06-25 01:03:31,129 [grpc-default-executor-0] INFO  impl.RoleInfo (RoleInfo.java:shutdownFollowerState(110)) - f13c4bc8-70da-4cb5-bf8c-82536bc78435: shutdown f13c4bc8-70da-4cb5-bf8c-82536bc78435@group-209269214918-FollowerState
2022-06-25 01:03:31,132 [df1d8881-24e2-4ee3-b76e-d18ef9412a67@group-CF776BB7FBC5-SegmentedRaftLogWorker] INFO  segmented.SegmentedRaftLogWorker (SegmentedRaftLogWorker.java:execute(629)) - df1d8881-24e2-4ee3-b76e-d18ef9412a67@group-CF776BB7FBC5-SegmentedRaftLogWorker: created new log segment /home/runner/work/ozone/ozone/hadoop-ozone/integration-test/target/test-dir/MiniOzoneClusterImpl-7d041fb5-2049-42d4-ae67-c17d724e960a/datanode-3/data/ratis/d356e671-08e7-4d83-b733-cf776bb7fbc5/current/log_inprogress_0
2022-06-25 01:03:31,137 [grpc-default-executor-0] INFO  impl.RoleInfo (RoleInfo.java:updateAndGet(139)) - f13c4bc8-70da-4cb5-bf8c-82536bc78435: start f13c4bc8-70da-4cb5-bf8c-82536bc78435@group-209269214918-FollowerState
2022-06-25 01:03:31,137 [f13c4bc8-70da-4cb5-bf8c-82536bc78435@group-209269214918-FollowerState] INFO  impl.FollowerState (FollowerState.java:run(152)) - f13c4bc8-70da-4cb5-bf8c-82536bc78435@group-209269214918-FollowerState was interrupted
2022-06-25 01:03:31,140 [df1d8881-24e2-4ee3-b76e-d18ef9412a67@group-CF776BB7FBC5-LeaderElection21] INFO  server.RaftServer$Division (ServerState.java:setRaftConf(393)) - df1d8881-24e2-4ee3-b76e-d18ef9412a67@group-CF776BB7FBC5: set configuration 0: [df1d8881-24e2-4ee3-b76e-d18ef9412a67|rpc:10.1.0.8:33439|dataStream:|priority:1], old=null
2022-06-25 01:03:31,142 [grpc-default-executor-0] INFO  server.RaftServer$Division (RaftServerImpl.java:requestVote(1184)) - f13c4bc8-70da-4cb5-bf8c-82536bc78435@group-209269214918 replies to ELECTION vote request: df1d8881-24e2-4ee3-b76e-d18ef9412a67<-f13c4bc8-70da-4cb5-bf8c-82536bc78435#0:OK-t1. Peer's state: f13c4bc8-70da-4cb5-bf8c-82536bc78435@group-209269214918:t1, leader=null, voted=df1d8881-24e2-4ee3-b76e-d18ef9412a67, raftlog=f13c4bc8-70da-4cb5-bf8c-82536bc78435@group-209269214918-SegmentedRaftLog:OPENED:c-1, conf=-1: [f13c4bc8-70da-4cb5-bf8c-82536bc78435|rpc:10.1.0.8:42013|dataStream:|priority:0, df1d8881-24e2-4ee3-b76e-d18ef9412a67|rpc:10.1.0.8:33439|dataStream:|priority:0, 7249bc38-cb50-4b50-8149-55795ead00f8|rpc:10.1.0.8:41595|dataStream:|priority:1], old=null
2022-06-25 01:03:31,143 [7249bc38-cb50-4b50-8149-55795ead00f8@group-209269214918-FollowerState] INFO  impl.FollowerState (FollowerState.java:run(143)) - 7249bc38-cb50-4b50-8149-55795ead00f8@group-209269214918-FollowerState: change to CANDIDATE, lastRpcElapsedTime:5009736184ns, electionTimeout:5004ms
2022-06-25 01:03:31,143 [7249bc38-cb50-4b50-8149-55795ead00f8@group-209269214918-FollowerState] INFO  impl.RoleInfo (RoleInfo.java:shutdownFollowerState(110)) - 7249bc38-cb50-4b50-8149-55795ead00f8: shutdown 7249bc38-cb50-4b50-8149-55795ead00f8@group-209269214918-FollowerState
2022-06-25 01:03:31,143 [7249bc38-cb50-4b50-8149-55795ead00f8@group-209269214918-FollowerState] INFO  server.RaftServer$Division (RaftServerImpl.java:setRole(299)) - 7249bc38-cb50-4b50-8149-55795ead00f8@group-209269214918: changes role from  FOLLOWER to CANDIDATE at term 0 for changeToCandidate
2022-06-25 01:03:31,143 [7249bc38-cb50-4b50-8149-55795ead00f8@group-209269214918-FollowerState] INFO  server.RaftServerConfigKeys (ConfUtils.java:logGet(46)) - raft.server.leaderelection.pre-vote = false (custom)
2022-06-25 01:03:31,143 [7249bc38-cb50-4b50-8149-55795ead00f8@group-209269214918-FollowerState] INFO  impl.RoleInfo (RoleInfo.java:updateAndGet(139)) - 7249bc38-cb50-4b50-8149-55795ead00f8: start 7249bc38-cb50-4b50-8149-55795ead00f8@group-209269214918-LeaderElection22
2022-06-25 01:03:31,153 [grpc-default-executor-0] INFO  server.RaftServer$Division (RaftServerImpl.java:requestVote(1152)) - 7249bc38-cb50-4b50-8149-55795ead00f8@group-209269214918: receive requestVote(ELECTION, df1d8881-24e2-4ee3-b76e-d18ef9412a67, group-209269214918, 1, (t:0, i:0))
2022-06-25 01:03:31,157 [grpc-default-executor-0] INFO  impl.VoteContext (VoteContext.java:log(48)) - 7249bc38-cb50-4b50-8149-55795ead00f8@group-209269214918-CANDIDATE: reject ELECTION from df1d8881-24e2-4ee3-b76e-d18ef9412a67: already has voted for 7249bc38-cb50-4b50-8149-55795ead00f8 at current term 1
2022-06-25 01:03:31,157 [grpc-default-executor-0] INFO  server.RaftServer$Division (RaftServerImpl.java:requestVote(1184)) - 7249bc38-cb50-4b50-8149-55795ead00f8@group-209269214918 replies to ELECTION vote request: df1d8881-24e2-4ee3-b76e-d18ef9412a67<-7249bc38-cb50-4b50-8149-55795ead00f8#0:FAIL-t1. Peer's state: 7249bc38-cb50-4b50-8149-55795ead00f8@group-209269214918:t1, leader=null, voted=7249bc38-cb50-4b50-8149-55795ead00f8, raftlog=7249bc38-cb50-4b50-8149-55795ead00f8@group-209269214918-SegmentedRaftLog:OPENED:c-1, conf=-1: [f13c4bc8-70da-4cb5-bf8c-82536bc78435|rpc:10.1.0.8:42013|dataStream:|priority:0, df1d8881-24e2-4ee3-b76e-d18ef9412a67|rpc:10.1.0.8:33439|dataStream:|priority:0, 7249bc38-cb50-4b50-8149-55795ead00f8|rpc:10.1.0.8:41595|dataStream:|priority:1], old=null
2022-06-25 01:03:31,160 [7249bc38-cb50-4b50-8149-55795ead00f8@group-209269214918-LeaderElection22] INFO  impl.LeaderElection (LeaderElection.java:askForVotes(310)) - 7249bc38-cb50-4b50-8149-55795ead00f8@group-209269214918-LeaderElection22 ELECTION round 0: submit vote requests at term 1 for -1: [f13c4bc8-70da-4cb5-bf8c-82536bc78435|rpc:10.1.0.8:42013|dataStream:|priority:0, df1d8881-24e2-4ee3-b76e-d18ef9412a67|rpc:10.1.0.8:33439|dataStream:|priority:0, 7249bc38-cb50-4b50-8149-55795ead00f8|rpc:10.1.0.8:41595|dataStream:|priority:1], old=null
2022-06-25 01:03:31,160 [df1d8881-24e2-4ee3-b76e-d18ef9412a67@group-209269214918-LeaderElection20] INFO  impl.LeaderElection (LeaderElection.java:logAndReturn(90)) - df1d8881-24e2-4ee3-b76e-d18ef9412a67@group-209269214918-LeaderElection20: ELECTION REJECTED received 2 response(s) and 0 exception(s):
2022-06-25 01:03:31,160 [df1d8881-24e2-4ee3-b76e-d18ef9412a67@group-209269214918-LeaderElection20] INFO  impl.LeaderElection (LeaderElection.java:logAndReturn(94)) -   Response 0: df1d8881-24e2-4ee3-b76e-d18ef9412a67<-f13c4bc8-70da-4cb5-bf8c-82536bc78435#0:OK-t1
2022-06-25 01:03:31,160 [df1d8881-24e2-4ee3-b76e-d18ef9412a67@group-209269214918-LeaderElection20] INFO  impl.LeaderElection (LeaderElection.java:logAndReturn(94)) -   Response 1: df1d8881-24e2-4ee3-b76e-d18ef9412a67<-7249bc38-cb50-4b50-8149-55795ead00f8#0:FAIL-t1
2022-06-25 01:03:31,161 [df1d8881-24e2-4ee3-b76e-d18ef9412a67@group-209269214918-LeaderElection20] INFO  impl.LeaderElection (LeaderElection.java:askForVotes(312)) - df1d8881-24e2-4ee3-b76e-d18ef9412a67@group-209269214918-LeaderElection20 ELECTION round 0: result REJECTED
2022-06-25 01:03:31,166 [df1d8881-24e2-4ee3-b76e-d18ef9412a67@group-209269214918-LeaderElection20] INFO  server.RaftServer$Division (RaftServerImpl.java:setRole(299)) - df1d8881-24e2-4ee3-b76e-d18ef9412a67@group-209269214918: changes role from CANDIDATE to FOLLOWER at term 1 for REJECTED
2022-06-25 01:03:31,174 [df1d8881-24e2-4ee3-b76e-d18ef9412a67@group-209269214918-LeaderElection20] INFO  impl.RoleInfo (RoleInfo.java:shutdownLeaderElection(130)) - df1d8881-24e2-4ee3-b76e-d18ef9412a67: shutdown df1d8881-24e2-4ee3-b76e-d18ef9412a67@group-209269214918-LeaderElection20
2022-06-25 01:03:31,174 [df1d8881-24e2-4ee3-b76e-d18ef9412a67@group-209269214918-LeaderElection20] INFO  impl.RoleInfo (RoleInfo.java:updateAndGet(139)) - df1d8881-24e2-4ee3-b76e-d18ef9412a67: start df1d8881-24e2-4ee3-b76e-d18ef9412a67@group-209269214918-FollowerState
2022-06-25 01:03:31,198 [grpc-default-executor-0] INFO  server.RaftServer$Division (RaftServerImpl.java:requestVote(1152)) - df1d8881-24e2-4ee3-b76e-d18ef9412a67@group-209269214918: receive requestVote(ELECTION, 7249bc38-cb50-4b50-8149-55795ead00f8, group-209269214918, 1, (t:0, i:0))
2022-06-25 01:03:31,203 [grpc-default-executor-0] INFO  impl.VoteContext (VoteContext.java:log(48)) - df1d8881-24e2-4ee3-b76e-d18ef9412a67@group-209269214918-FOLLOWER: reject ELECTION from 7249bc38-cb50-4b50-8149-55795ead00f8: already has voted for df1d8881-24e2-4ee3-b76e-d18ef9412a67 at current term 1
2022-06-25 01:03:31,205 [grpc-default-executor-0] INFO  server.RaftServer$Division (RaftServerImpl.java:requestVote(1184)) - df1d8881-24e2-4ee3-b76e-d18ef9412a67@group-209269214918 replies to ELECTION vote request: 7249bc38-cb50-4b50-8149-55795ead00f8<-df1d8881-24e2-4ee3-b76e-d18ef9412a67#0:FAIL-t1. Peer's state: df1d8881-24e2-4ee3-b76e-d18ef9412a67@group-209269214918:t1, leader=null, voted=df1d8881-24e2-4ee3-b76e-d18ef9412a67, raftlog=df1d8881-24e2-4ee3-b76e-d18ef9412a67@group-209269214918-SegmentedRaftLog:OPENED:c-1, conf=-1: [f13c4bc8-70da-4cb5-bf8c-82536bc78435|rpc:10.1.0.8:42013|priority:0, df1d8881-24e2-4ee3-b76e-d18ef9412a67|rpc:10.1.0.8:33439|priority:0, 7249bc38-cb50-4b50-8149-55795ead00f8|rpc:10.1.0.8:41595|priority:1], old=null
2022-06-25 01:03:31,205 [grpc-default-executor-3] INFO  server.RaftServer$Division (RaftServerImpl.java:requestVote(1152)) - f13c4bc8-70da-4cb5-bf8c-82536bc78435@group-209269214918: receive requestVote(ELECTION, 7249bc38-cb50-4b50-8149-55795ead00f8, group-209269214918, 1, (t:0, i:0))
2022-06-25 01:03:31,210 [grpc-default-executor-3] INFO  impl.VoteContext (VoteContext.java:log(48)) - f13c4bc8-70da-4cb5-bf8c-82536bc78435@group-209269214918-FOLLOWER: reject ELECTION from 7249bc38-cb50-4b50-8149-55795ead00f8: already has voted for df1d8881-24e2-4ee3-b76e-d18ef9412a67 at current term 1
2022-06-25 01:03:31,210 [grpc-default-executor-3] INFO  server.RaftServer$Division (RaftServerImpl.java:requestVote(1184)) - f13c4bc8-70da-4cb5-bf8c-82536bc78435@group-209269214918 replies to ELECTION vote request: 7249bc38-cb50-4b50-8149-55795ead00f8<-f13c4bc8-70da-4cb5-bf8c-82536bc78435#0:FAIL-t1. Peer's state: f13c4bc8-70da-4cb5-bf8c-82536bc78435@group-209269214918:t1, leader=null, voted=df1d8881-24e2-4ee3-b76e-d18ef9412a67, raftlog=f13c4bc8-70da-4cb5-bf8c-82536bc78435@group-209269214918-SegmentedRaftLog:OPENED:c-1, conf=-1: [f13c4bc8-70da-4cb5-bf8c-82536bc78435|rpc:10.1.0.8:42013|dataStream:|priority:0, df1d8881-24e2-4ee3-b76e-d18ef9412a67|rpc:10.1.0.8:33439|dataStream:|priority:0, 7249bc38-cb50-4b50-8149-55795ead00f8|rpc:10.1.0.8:41595|dataStream:|priority:1], old=null
2022-06-25 01:03:31,213 [7249bc38-cb50-4b50-8149-55795ead00f8@group-209269214918-LeaderElection22] INFO  impl.LeaderElection (LeaderElection.java:logAndReturn(90)) - 7249bc38-cb50-4b50-8149-55795ead00f8@group-209269214918-LeaderElection22: ELECTION REJECTED received 2 response(s) and 0 exception(s):
2022-06-25 01:03:31,213 [7249bc38-cb50-4b50-8149-55795ead00f8@group-209269214918-LeaderElection22] INFO  impl.LeaderElection (LeaderElection.java:logAndReturn(94)) -   Response 0: 7249bc38-cb50-4b50-8149-55795ead00f8<-f13c4bc8-70da-4cb5-bf8c-82536bc78435#0:FAIL-t1
2022-06-25 01:03:31,213 [7249bc38-cb50-4b50-8149-55795ead00f8@group-209269214918-LeaderElection22] INFO  impl.LeaderElection (LeaderElection.java:logAndReturn(94)) -   Response 1: 7249bc38-cb50-4b50-8149-55795ead00f8<-df1d8881-24e2-4ee3-b76e-d18ef9412a67#0:FAIL-t1
2022-06-25 01:03:31,213 [7249bc38-cb50-4b50-8149-55795ead00f8@group-209269214918-LeaderElection22] INFO  impl.LeaderElection (LeaderElection.java:askForVotes(312)) - 7249bc38-cb50-4b50-8149-55795ead00f8@group-209269214918-LeaderElection22 ELECTION round 0: result REJECTED
2022-06-25 01:03:31,214 [7249bc38-cb50-4b50-8149-55795ead00f8@group-209269214918-LeaderElection22] INFO  server.RaftServer$Division (RaftServerImpl.java:setRole(299)) - 7249bc38-cb50-4b50-8149-55795ead00f8@group-209269214918: changes role from CANDIDATE to FOLLOWER at term 1 for REJECTED
2022-06-25 01:03:31,214 [7249bc38-cb50-4b50-8149-55795ead00f8@group-209269214918-LeaderElection22] INFO  impl.RoleInfo (RoleInfo.java:shutdownLeaderElection(130)) - 7249bc38-cb50-4b50-8149-55795ead00f8: shutdown 7249bc38-cb50-4b50-8149-55795ead00f8@group-209269214918-LeaderElection22
2022-06-25 01:03:31,214 [7249bc38-cb50-4b50-8149-55795ead00f8@group-209269214918-LeaderElection22] INFO  impl.RoleInfo (RoleInfo.java:updateAndGet(139)) - 7249bc38-cb50-4b50-8149-55795ead00f8: start 7249bc38-cb50-4b50-8149-55795ead00f8@group-209269214918-FollowerState
2022-06-25 01:03:31,215 [ReplicationMonitor] INFO  replication.ReplicationManager (ReplicationManager.java:processAll(249)) - Replication Monitor Thread took 0 milliseconds for processing 6 containers.
2022-06-25 01:03:31,269 [EventQueue-OpenPipelineForHealthyPipelineSafeModeRule] INFO  safemode.SCMSafeModeManager (HealthyPipelineSafeModeRule.java:process(124)) - SCM in safe mode. Healthy pipelines reported count is 0, required healthy pipeline reported count is 1
2022-06-25 01:03:31,344 [EventQueue-OpenPipelineForHealthyPipelineSafeModeRule] INFO  safemode.SCMSafeModeManager (HealthyPipelineSafeModeRule.java:process(124)) - SCM in safe mode. Healthy pipelines reported count is 0, required healthy pipeline reported count is 1
2022-06-25 01:03:31,348 [main] INFO  ozoneimpl.OzoneContainer (OzoneContainer.java:stop(365)) - Attempting to stop container services.
2022-06-25 01:03:31,359 [main] INFO  server.RaftServer (RaftServerProxy.java:lambda$close$7(398)) - ad74f3b2-c092-43ca-befa-d99c208edbaf: close
2022-06-25 01:03:31,360 [main] INFO  server.GrpcService (GrpcService.java:closeImpl(269)) - ad74f3b2-c092-43ca-befa-d99c208edbaf: shutdown server with port 46867 now
2022-06-25 01:03:31,376 [main] INFO  server.GrpcService (GrpcService.java:closeImpl(278)) - ad74f3b2-c092-43ca-befa-d99c208edbaf: shutdown server with port 46867 successfully
2022-06-25 01:03:31,377 [org.apache.ratis.util.JvmPauseMonitor$$Lambda$706/1141522042@5d2a43a7] INFO  util.JvmPauseMonitor (JvmPauseMonitor.java:run(109)) - JvmPauseMonitor-ad74f3b2-c092-43ca-befa-d99c208edbaf: Stopped
2022-06-25 01:03:31,393 [ReplicationMonitor] INFO  replication.ReplicationManager (ReplicationManager.java:processAll(228)) - Replication Manager is not ready to run until 3000ms after safemode exit
2022-06-25 01:03:31,432 [EventQueue-OpenPipelineForHealthyPipelineSafeModeRule] INFO  safemode.SCMSafeModeManager (HealthyPipelineSafeModeRule.java:process(124)) - SCM in safe mode. Healthy pipelines reported count is 0, required healthy pipeline reported count is 1
2022-06-25 01:03:31,517 [7249bc38-cb50-4b50-8149-55795ead00f8@group-96990F47E214-FollowerState] INFO  impl.FollowerState (FollowerState.java:run(143)) - 7249bc38-cb50-4b50-8149-55795ead00f8@group-96990F47E214-FollowerState: change to CANDIDATE, lastRpcElapsedTime:5078890828ns, electionTimeout:5075ms
2022-06-25 01:03:31,517 [7249bc38-cb50-4b50-8149-55795ead00f8@group-96990F47E214-FollowerState] INFO  impl.RoleInfo (RoleInfo.java:shutdownFollowerState(110)) - 7249bc38-cb50-4b50-8149-55795ead00f8: shutdown 7249bc38-cb50-4b50-8149-55795ead00f8@group-96990F47E214-FollowerState
2022-06-25 01:03:31,517 [7249bc38-cb50-4b50-8149-55795ead00f8@group-96990F47E214-FollowerState] INFO  server.RaftServer$Division (RaftServerImpl.java:setRole(299)) - 7249bc38-cb50-4b50-8149-55795ead00f8@group-96990F47E214: changes role from  FOLLOWER to CANDIDATE at term 0 for changeToCandidate
2022-06-25 01:03:31,517 [7249bc38-cb50-4b50-8149-55795ead00f8@group-96990F47E214-FollowerState] INFO  server.RaftServerConfigKeys (ConfUtils.java:logGet(46)) - raft.server.leaderelection.pre-vote = false (custom)
2022-06-25 01:03:31,517 [7249bc38-cb50-4b50-8149-55795ead00f8@group-96990F47E214-FollowerState] INFO  impl.RoleInfo (RoleInfo.java:updateAndGet(139)) - 7249bc38-cb50-4b50-8149-55795ead00f8: start 7249bc38-cb50-4b50-8149-55795ead00f8@group-96990F47E214-LeaderElection23
2022-06-25 01:03:31,523 [7249bc38-cb50-4b50-8149-55795ead00f8@group-96990F47E214-LeaderElection23] INFO  impl.LeaderElection (LeaderElection.java:askForVotes(310)) - 7249bc38-cb50-4b50-8149-55795ead00f8@group-96990F47E214-LeaderElection23 ELECTION round 0: submit vote requests at term 1 for -1: [7249bc38-cb50-4b50-8149-55795ead00f8|rpc:10.1.0.8:41595|priority:1], old=null
2022-06-25 01:03:31,523 [7249bc38-cb50-4b50-8149-55795ead00f8@group-96990F47E214-LeaderElection23] INFO  impl.LeaderElection (LeaderElection.java:askForVotes(312)) - 7249bc38-cb50-4b50-8149-55795ead00f8@group-96990F47E214-LeaderElection23 ELECTION round 0: result PASSED (term=1)
2022-06-25 01:03:31,523 [7249bc38-cb50-4b50-8149-55795ead00f8@group-96990F47E214-LeaderElection23] INFO  impl.RoleInfo (RoleInfo.java:shutdownLeaderElection(130)) - 7249bc38-cb50-4b50-8149-55795ead00f8: shutdown 7249bc38-cb50-4b50-8149-55795ead00f8@group-96990F47E214-LeaderElection23
2022-06-25 01:03:31,523 [7249bc38-cb50-4b50-8149-55795ead00f8@group-96990F47E214-LeaderElection23] INFO  server.RaftServer$Division (RaftServerImpl.java:setRole(299)) - 7249bc38-cb50-4b50-8149-55795ead00f8@group-96990F47E214: changes role from CANDIDATE to LEADER at term 1 for changeToLeader
2022-06-25 01:03:31,523 [7249bc38-cb50-4b50-8149-55795ead00f8@group-96990F47E214-LeaderElection23] INFO  ratis.XceiverServerRatis (XceiverServerRatis.java:handleLeaderChangedNotification(863)) - Leader change notification received for group: group-96990F47E214 with new leaderId: 7249bc38-cb50-4b50-8149-55795ead00f8
2022-06-25 01:03:31,523 [7249bc38-cb50-4b50-8149-55795ead00f8@group-96990F47E214-LeaderElection23] INFO  server.RaftServer$Division (ServerState.java:setLeader(287)) - 7249bc38-cb50-4b50-8149-55795ead00f8@group-96990F47E214: change Leader from null to 7249bc38-cb50-4b50-8149-55795ead00f8 at term 1 for becomeLeader, leader elected after 5093ms
2022-06-25 01:03:31,523 [7249bc38-cb50-4b50-8149-55795ead00f8@group-96990F47E214-LeaderElection23] INFO  server.RaftServerConfigKeys (ConfUtils.java:logGet(46)) - raft.server.staging.catchup.gap = 1000 (default)
2022-06-25 01:03:31,523 [7249bc38-cb50-4b50-8149-55795ead00f8@group-96990F47E214-LeaderElection23] INFO  server.RaftServerConfigKeys (ConfUtils.java:logGet(46)) - raft.server.write.element-limit = 1024 (custom)
2022-06-25 01:03:31,524 [7249bc38-cb50-4b50-8149-55795ead00f8@group-96990F47E214-LeaderElection23] INFO  server.RaftServerConfigKeys (ConfUtils.java:logGet(46)) - raft.server.write.byte-limit = 1024 M (=1073741824) (custom)
2022-06-25 01:03:31,524 [7249bc38-cb50-4b50-8149-55795ead00f8@group-96990F47E214-LeaderElection23] INFO  server.RaftServerConfigKeys (ConfUtils.java:logGet(46)) - raft.server.watch.timeout = 180s (custom)
2022-06-25 01:03:31,524 [7249bc38-cb50-4b50-8149-55795ead00f8@group-96990F47E214-LeaderElection23] INFO  server.RaftServerConfigKeys (ConfUtils.java:logGet(46)) - raft.server.watch.timeout.denomination = 1s (default)
2022-06-25 01:03:31,524 [7249bc38-cb50-4b50-8149-55795ead00f8@group-96990F47E214-LeaderElection23] INFO  server.RaftServerConfigKeys (ConfUtils.java:logGet(46)) - raft.server.watch.element-limit = 65536 (default)
2022-06-25 01:03:31,524 [7249bc38-cb50-4b50-8149-55795ead00f8@group-96990F47E214-LeaderElection23] INFO  server.RaftServerConfigKeys (ConfUtils.java:logGet(46)) - raft.server.write.element-limit = 1024 (custom)
2022-06-25 01:03:31,524 [7249bc38-cb50-4b50-8149-55795ead00f8@group-96990F47E214-LeaderElection23] INFO  server.RaftServerConfigKeys (ConfUtils.java:logGet(46)) - raft.server.write.follower.gap.ratio.max = -1.0 (default)
2022-06-25 01:03:31,525 [7249bc38-cb50-4b50-8149-55795ead00f8@group-96990F47E214-LeaderElection23] INFO  impl.RoleInfo (RoleInfo.java:updateAndGet(139)) - 7249bc38-cb50-4b50-8149-55795ead00f8: start 7249bc38-cb50-4b50-8149-55795ead00f8@group-96990F47E214-LeaderStateImpl
2022-06-25 01:03:31,525 [7249bc38-cb50-4b50-8149-55795ead00f8@group-96990F47E214-LeaderElection23] INFO  segmented.SegmentedRaftLogWorker (SegmentedRaftLogWorker.java:startLogSegment(425)) - 7249bc38-cb50-4b50-8149-55795ead00f8@group-96990F47E214-SegmentedRaftLogWorker: Starting segment from index:0
2022-06-25 01:03:31,527 [EventQueue-OpenPipelineForHealthyPipelineSafeModeRule] INFO  safemode.SCMSafeModeManager (HealthyPipelineSafeModeRule.java:process(124)) - SCM in safe mode. Healthy pipelines reported count is 0, required healthy pipeline reported count is 1
2022-06-25 01:03:31,527 [7249bc38-cb50-4b50-8149-55795ead00f8@group-96990F47E214-SegmentedRaftLogWorker] INFO  segmented.SegmentedRaftLogWorker (SegmentedRaftLogWorker.java:execute(629)) - 7249bc38-cb50-4b50-8149-55795ead00f8@group-96990F47E214-SegmentedRaftLogWorker: created new log segment /home/runner/work/ozone/ozone/hadoop-ozone/integration-test/target/test-dir/MiniOzoneClusterImpl-7d041fb5-2049-42d4-ae67-c17d724e960a/datanode-4/data/ratis/bafc2473-aa48-4510-9bd8-96990f47e214/current/log_inprogress_0
2022-06-25 01:03:31,529 [7249bc38-cb50-4b50-8149-55795ead00f8@group-96990F47E214-LeaderElection23] INFO  server.RaftServer$Division (ServerState.java:setRaftConf(393)) - 7249bc38-cb50-4b50-8149-55795ead00f8@group-96990F47E214: set configuration 0: [7249bc38-cb50-4b50-8149-55795ead00f8|rpc:10.1.0.8:41595|dataStream:|priority:1], old=null
2022-06-25 01:03:31,724 [EventQueue-OpenPipelineForHealthyPipelineSafeModeRule] INFO  safemode.SCMSafeModeManager (HealthyPipelineSafeModeRule.java:process(124)) - SCM in safe mode. Healthy pipelines reported count is 0, required healthy pipeline reported count is 1
2022-06-25 01:03:31,838 [Listener at 127.0.0.1/35937] INFO  ozone.MiniOzoneClusterImpl (MiniOzoneClusterImpl.java:lambda$waitForClusterToBeReady$0(223)) - Nodes are ready. Got 6 of 6 DN Heartbeats.
2022-06-25 01:03:31,838 [Listener at 127.0.0.1/35937] INFO  ozone.MiniOzoneClusterImpl (MiniOzoneClusterImpl.java:lambda$waitForClusterToBeReady$0(226)) - Waiting for cluster to exit safe mode
2022-06-25 01:03:31,838 [Listener at 127.0.0.1/35937] INFO  ozone.MiniOzoneClusterImpl (MiniOzoneClusterImpl.java:lambda$waitForClusterToBeReady$0(228)) - SCM became leader
2022-06-25 01:03:31,857 [EventQueue-OpenPipelineForHealthyPipelineSafeModeRule] INFO  safemode.SCMSafeModeManager (HealthyPipelineSafeModeRule.java:process(124)) - SCM in safe mode. Healthy pipelines reported count is 0, required healthy pipeline reported count is 1
2022-06-25 01:03:31,906 [f13c4bc8-70da-4cb5-bf8c-82536bc78435@group-43C009CCF7C6-FollowerState] INFO  impl.FollowerState (FollowerState.java:run(143)) - f13c4bc8-70da-4cb5-bf8c-82536bc78435@group-43C009CCF7C6-FollowerState: change to CANDIDATE, lastRpcElapsedTime:5041321609ns, electionTimeout:5040ms
2022-06-25 01:03:31,907 [f13c4bc8-70da-4cb5-bf8c-82536bc78435@group-43C009CCF7C6-FollowerState] INFO  impl.RoleInfo (RoleInfo.java:shutdownFollowerState(110)) - f13c4bc8-70da-4cb5-bf8c-82536bc78435: shutdown f13c4bc8-70da-4cb5-bf8c-82536bc78435@group-43C009CCF7C6-FollowerState
2022-06-25 01:03:31,907 [f13c4bc8-70da-4cb5-bf8c-82536bc78435@group-43C009CCF7C6-FollowerState] INFO  server.RaftServer$Division (RaftServerImpl.java:setRole(299)) - f13c4bc8-70da-4cb5-bf8c-82536bc78435@group-43C009CCF7C6: changes role from  FOLLOWER to CANDIDATE at term 0 for changeToCandidate
2022-06-25 01:03:31,907 [f13c4bc8-70da-4cb5-bf8c-82536bc78435@group-43C009CCF7C6-FollowerState] INFO  server.RaftServerConfigKeys (ConfUtils.java:logGet(46)) - raft.server.leaderelection.pre-vote = false (custom)
2022-06-25 01:03:31,907 [f13c4bc8-70da-4cb5-bf8c-82536bc78435@group-43C009CCF7C6-FollowerState] INFO  impl.RoleInfo (RoleInfo.java:updateAndGet(139)) - f13c4bc8-70da-4cb5-bf8c-82536bc78435: start f13c4bc8-70da-4cb5-bf8c-82536bc78435@group-43C009CCF7C6-LeaderElection24
2022-06-25 01:03:31,912 [f13c4bc8-70da-4cb5-bf8c-82536bc78435@group-43C009CCF7C6-LeaderElection24] INFO  impl.LeaderElection (LeaderElection.java:askForVotes(310)) - f13c4bc8-70da-4cb5-bf8c-82536bc78435@group-43C009CCF7C6-LeaderElection24 ELECTION round 0: submit vote requests at term 1 for -1: [f13c4bc8-70da-4cb5-bf8c-82536bc78435|rpc:10.1.0.8:42013|priority:1], old=null
2022-06-25 01:03:31,912 [f13c4bc8-70da-4cb5-bf8c-82536bc78435@group-43C009CCF7C6-LeaderElection24] INFO  impl.LeaderElection (LeaderElection.java:askForVotes(312)) - f13c4bc8-70da-4cb5-bf8c-82536bc78435@group-43C009CCF7C6-LeaderElection24 ELECTION round 0: result PASSED (term=1)
2022-06-25 01:03:31,912 [f13c4bc8-70da-4cb5-bf8c-82536bc78435@group-43C009CCF7C6-LeaderElection24] INFO  impl.RoleInfo (RoleInfo.java:shutdownLeaderElection(130)) - f13c4bc8-70da-4cb5-bf8c-82536bc78435: shutdown f13c4bc8-70da-4cb5-bf8c-82536bc78435@group-43C009CCF7C6-LeaderElection24
2022-06-25 01:03:31,912 [f13c4bc8-70da-4cb5-bf8c-82536bc78435@group-43C009CCF7C6-LeaderElection24] INFO  server.RaftServer$Division (RaftServerImpl.java:setRole(299)) - f13c4bc8-70da-4cb5-bf8c-82536bc78435@group-43C009CCF7C6: changes role from CANDIDATE to LEADER at term 1 for changeToLeader
2022-06-25 01:03:31,913 [f13c4bc8-70da-4cb5-bf8c-82536bc78435@group-43C009CCF7C6-LeaderElection24] INFO  ratis.XceiverServerRatis (XceiverServerRatis.java:handleLeaderChangedNotification(863)) - Leader change notification received for group: group-43C009CCF7C6 with new leaderId: f13c4bc8-70da-4cb5-bf8c-82536bc78435
2022-06-25 01:03:31,913 [f13c4bc8-70da-4cb5-bf8c-82536bc78435@group-43C009CCF7C6-LeaderElection24] INFO  server.RaftServer$Division (ServerState.java:setLeader(287)) - f13c4bc8-70da-4cb5-bf8c-82536bc78435@group-43C009CCF7C6: change Leader from null to f13c4bc8-70da-4cb5-bf8c-82536bc78435 at term 1 for becomeLeader, leader elected after 5056ms
2022-06-25 01:03:31,913 [f13c4bc8-70da-4cb5-bf8c-82536bc78435@group-43C009CCF7C6-LeaderElection24] INFO  server.RaftServerConfigKeys (ConfUtils.java:logGet(46)) - raft.server.staging.catchup.gap = 1000 (default)
2022-06-25 01:03:31,913 [f13c4bc8-70da-4cb5-bf8c-82536bc78435@group-43C009CCF7C6-LeaderElection24] INFO  server.RaftServerConfigKeys (ConfUtils.java:logGet(46)) - raft.server.write.element-limit = 1024 (custom)
2022-06-25 01:03:31,913 [f13c4bc8-70da-4cb5-bf8c-82536bc78435@group-43C009CCF7C6-LeaderElection24] INFO  server.RaftServerConfigKeys (ConfUtils.java:logGet(46)) - raft.server.write.byte-limit = 1024 M (=1073741824) (custom)
2022-06-25 01:03:31,914 [f13c4bc8-70da-4cb5-bf8c-82536bc78435@group-43C009CCF7C6-LeaderElection24] INFO  server.RaftServerConfigKeys (ConfUtils.java:logGet(46)) - raft.server.watch.timeout = 180s (custom)
2022-06-25 01:03:31,914 [f13c4bc8-70da-4cb5-bf8c-82536bc78435@group-43C009CCF7C6-LeaderElection24] INFO  server.RaftServerConfigKeys (ConfUtils.java:logGet(46)) - raft.server.watch.timeout.denomination = 1s (default)
2022-06-25 01:03:31,914 [f13c4bc8-70da-4cb5-bf8c-82536bc78435@group-43C009CCF7C6-LeaderElection24] INFO  server.RaftServerConfigKeys (ConfUtils.java:logGet(46)) - raft.server.watch.element-limit = 65536 (default)
2022-06-25 01:03:31,914 [f13c4bc8-70da-4cb5-bf8c-82536bc78435@group-43C009CCF7C6-LeaderElection24] INFO  server.RaftServerConfigKeys (ConfUtils.java:logGet(46)) - raft.server.write.element-limit = 1024 (custom)
2022-06-25 01:03:31,914 [f13c4bc8-70da-4cb5-bf8c-82536bc78435@group-43C009CCF7C6-LeaderElection24] INFO  server.RaftServerConfigKeys (ConfUtils.java:logGet(46)) - raft.server.write.follower.gap.ratio.max = -1.0 (default)
2022-06-25 01:03:31,914 [f13c4bc8-70da-4cb5-bf8c-82536bc78435@group-43C009CCF7C6-LeaderElection24] INFO  impl.RoleInfo (RoleInfo.java:updateAndGet(139)) - f13c4bc8-70da-4cb5-bf8c-82536bc78435: start f13c4bc8-70da-4cb5-bf8c-82536bc78435@group-43C009CCF7C6-LeaderStateImpl
2022-06-25 01:03:31,914 [f13c4bc8-70da-4cb5-bf8c-82536bc78435@group-43C009CCF7C6-LeaderElection24] INFO  segmented.SegmentedRaftLogWorker (SegmentedRaftLogWorker.java:startLogSegment(425)) - f13c4bc8-70da-4cb5-bf8c-82536bc78435@group-43C009CCF7C6-SegmentedRaftLogWorker: Starting segment from index:0
2022-06-25 01:03:31,919 [EventQueue-OpenPipelineForHealthyPipelineSafeModeRule] INFO  safemode.SCMSafeModeManager (HealthyPipelineSafeModeRule.java:process(124)) - SCM in safe mode. Healthy pipelines reported count is 0, required healthy pipeline reported count is 1
2022-06-25 01:03:31,920 [f13c4bc8-70da-4cb5-bf8c-82536bc78435@group-43C009CCF7C6-SegmentedRaftLogWorker] INFO  segmented.SegmentedRaftLogWorker (SegmentedRaftLogWorker.java:execute(629)) - f13c4bc8-70da-4cb5-bf8c-82536bc78435@group-43C009CCF7C6-SegmentedRaftLogWorker: created new log segment /home/runner/work/ozone/ozone/hadoop-ozone/integration-test/target/test-dir/MiniOzoneClusterImpl-7d041fb5-2049-42d4-ae67-c17d724e960a/datanode-5/data/ratis/11723f2b-17fa-4f84-8543-43c009ccf7c6/current/log_inprogress_0
2022-06-25 01:03:31,931 [f13c4bc8-70da-4cb5-bf8c-82536bc78435@group-43C009CCF7C6-LeaderElection24] INFO  server.RaftServer$Division (ServerState.java:setRaftConf(393)) - f13c4bc8-70da-4cb5-bf8c-82536bc78435@group-43C009CCF7C6: set configuration 0: [f13c4bc8-70da-4cb5-bf8c-82536bc78435|rpc:10.1.0.8:42013|dataStream:|priority:1], old=null
2022-06-25 01:03:32,216 [ReplicationMonitor] INFO  replication.ReplicationManager (ReplicationManager.java:processAll(249)) - Replication Monitor Thread took 1 milliseconds for processing 6 containers.
2022-06-25 01:03:32,269 [EventQueue-OpenPipelineForHealthyPipelineSafeModeRule] INFO  safemode.SCMSafeModeManager (HealthyPipelineSafeModeRule.java:process(124)) - SCM in safe mode. Healthy pipelines reported count is 0, required healthy pipeline reported count is 1
2022-06-25 01:03:32,394 [ReplicationMonitor] INFO  replication.ReplicationManager (ReplicationManager.java:processAll(228)) - Replication Manager is not ready to run until 3000ms after safemode exit
2022-06-25 01:03:32,438 [EventQueue-DeadNodeForDeadNodeHandler] INFO  node.DeadNodeHandler (DeadNodeHandler.java:onMessage(80)) - A dead datanode is detected. ad74f3b2-c092-43ca-befa-d99c208edbaf{ip: 10.1.0.8, host: fv-az66-546.vwcdieab4koerntclszyavmfxa.dx.internal.cloudapp.net, ports: [REPLICATION=45511, RATIS=46867, RATIS_ADMIN=46867, RATIS_SERVER=46867, STANDALONE=34703], networkLocation: /default-rack, certSerialId: null, persistedOpState: DECOMMISSIONING, persistedOpStateExpiryEpochSec: 0}
2022-06-25 01:03:32,441 [EventQueue-DeadNodeForDeadNodeHandler] INFO  net.NetworkTopologyImpl (NetworkTopologyImpl.java:remove(190)) - Removed a node: /default-rack/ad74f3b2-c092-43ca-befa-d99c208edbaf
2022-06-25 01:03:32,525 [EventQueue-OpenPipelineForHealthyPipelineSafeModeRule] INFO  safemode.SCMSafeModeManager (HealthyPipelineSafeModeRule.java:process(124)) - SCM in safe mode. Healthy pipelines reported count is 0, required healthy pipeline reported count is 1
2022-06-25 01:03:32,724 [EventQueue-OpenPipelineForHealthyPipelineSafeModeRule] INFO  safemode.SCMSafeModeManager (HealthyPipelineSafeModeRule.java:process(124)) - SCM in safe mode. Healthy pipelines reported count is 0, required healthy pipeline reported count is 1
2022-06-25 01:03:32,838 [Listener at 127.0.0.1/35937] INFO  ozone.MiniOzoneClusterImpl (MiniOzoneClusterImpl.java:lambda$waitForClusterToBeReady$0(223)) - Nodes are ready. Got 6 of 6 DN Heartbeats.
2022-06-25 01:03:32,838 [Listener at 127.0.0.1/35937] INFO  ozone.MiniOzoneClusterImpl (MiniOzoneClusterImpl.java:lambda$waitForClusterToBeReady$0(226)) - Waiting for cluster to exit safe mode
2022-06-25 01:03:32,839 [Listener at 127.0.0.1/35937] INFO  ozone.MiniOzoneClusterImpl (MiniOzoneClusterImpl.java:lambda$waitForClusterToBeReady$0(228)) - SCM became leader
2022-06-25 01:03:33,128 [EventQueue-OpenPipelineForHealthyPipelineSafeModeRule] INFO  safemode.SCMSafeModeManager (HealthyPipelineSafeModeRule.java:process(124)) - SCM in safe mode. Healthy pipelines reported count is 0, required healthy pipeline reported count is 1
2022-06-25 01:03:33,216 [ReplicationMonitor] INFO  replication.ReplicationManager (ReplicationManager.java:processAll(249)) - Replication Monitor Thread took 0 milliseconds for processing 6 containers.
2022-06-25 01:03:33,269 [EventQueue-OpenPipelineForHealthyPipelineSafeModeRule] INFO  safemode.SCMSafeModeManager (HealthyPipelineSafeModeRule.java:process(124)) - SCM in safe mode. Healthy pipelines reported count is 0, required healthy pipeline reported count is 1
2022-06-25 01:03:33,347 [EventQueue-OpenPipelineForHealthyPipelineSafeModeRule] INFO  safemode.SCMSafeModeManager (HealthyPipelineSafeModeRule.java:process(124)) - SCM in safe mode. Healthy pipelines reported count is 0, required healthy pipeline reported count is 1
2022-06-25 01:03:33,395 [ReplicationMonitor] INFO  replication.ReplicationManager (ReplicationManager.java:processAll(228)) - Replication Manager is not ready to run until 3000ms after safemode exit
2022-06-25 01:03:33,408 [main] INFO  utils.BackgroundService (BackgroundService.java:shutdown(132)) - Shutting down service BlockDeletingService
2022-06-25 01:03:33,839 [Listener at 127.0.0.1/35937] INFO  ozone.MiniOzoneClusterImpl (MiniOzoneClusterImpl.java:lambda$waitForClusterToBeReady$0(223)) - Nodes are ready. Got 6 of 6 DN Heartbeats.
2022-06-25 01:03:33,839 [Listener at 127.0.0.1/35937] INFO  ozone.MiniOzoneClusterImpl (MiniOzoneClusterImpl.java:lambda$waitForClusterToBeReady$0(226)) - Waiting for cluster to exit safe mode
2022-06-25 01:03:33,839 [Listener at 127.0.0.1/35937] INFO  ozone.MiniOzoneClusterImpl (MiniOzoneClusterImpl.java:lambda$waitForClusterToBeReady$0(228)) - SCM became leader
2022-06-25 01:03:33,915 [EventQueue-OpenPipelineForHealthyPipelineSafeModeRule] INFO  safemode.SCMSafeModeManager (HealthyPipelineSafeModeRule.java:process(124)) - SCM in safe mode. Healthy pipelines reported count is 0, required healthy pipeline reported count is 1
2022-06-25 01:03:34,128 [EventQueue-OpenPipelineForHealthyPipelineSafeModeRule] INFO  safemode.SCMSafeModeManager (HealthyPipelineSafeModeRule.java:process(124)) - SCM in safe mode. Healthy pipelines reported count is 0, required healthy pipeline reported count is 1
2022-06-25 01:03:34,217 [ReplicationMonitor] INFO  replication.ReplicationManager (ReplicationManager.java:processAll(249)) - Replication Monitor Thread took 0 milliseconds for processing 6 containers.
2022-06-25 01:03:34,395 [ReplicationMonitor] INFO  replication.ReplicationManager (ReplicationManager.java:processAll(228)) - Replication Manager is not ready to run until 3000ms after safemode exit
2022-06-25 01:03:34,432 [01c45249-58aa-4080-948c-058f514c67c8@group-B0A5CB9FFDBD-FollowerState] INFO  impl.FollowerState (FollowerState.java:run(143)) - 01c45249-58aa-4080-948c-058f514c67c8@group-B0A5CB9FFDBD-FollowerState: change to CANDIDATE, lastRpcElapsedTime:5006244346ns, electionTimeout:5004ms
2022-06-25 01:03:34,432 [01c45249-58aa-4080-948c-058f514c67c8@group-B0A5CB9FFDBD-FollowerState] INFO  impl.RoleInfo (RoleInfo.java:shutdownFollowerState(110)) - 01c45249-58aa-4080-948c-058f514c67c8: shutdown 01c45249-58aa-4080-948c-058f514c67c8@group-B0A5CB9FFDBD-FollowerState
2022-06-25 01:03:34,433 [01c45249-58aa-4080-948c-058f514c67c8@group-B0A5CB9FFDBD-FollowerState] INFO  server.RaftServer$Division (RaftServerImpl.java:setRole(299)) - 01c45249-58aa-4080-948c-058f514c67c8@group-B0A5CB9FFDBD: changes role from  FOLLOWER to CANDIDATE at term 1 for changeToCandidate
2022-06-25 01:03:34,433 [01c45249-58aa-4080-948c-058f514c67c8@group-B0A5CB9FFDBD-FollowerState] INFO  server.RaftServerConfigKeys (ConfUtils.java:logGet(46)) - raft.server.leaderelection.pre-vote = false (custom)
2022-06-25 01:03:34,433 [01c45249-58aa-4080-948c-058f514c67c8@group-B0A5CB9FFDBD-FollowerState] INFO  impl.RoleInfo (RoleInfo.java:updateAndGet(139)) - 01c45249-58aa-4080-948c-058f514c67c8: start 01c45249-58aa-4080-948c-058f514c67c8@group-B0A5CB9FFDBD-LeaderElection25
2022-06-25 01:03:34,440 [01c45249-58aa-4080-948c-058f514c67c8@group-B0A5CB9FFDBD-LeaderElection25] INFO  impl.LeaderElection (LeaderElection.java:askForVotes(310)) - 01c45249-58aa-4080-948c-058f514c67c8@group-B0A5CB9FFDBD-LeaderElection25 ELECTION round 0: submit vote requests at term 2 for -1: [01c45249-58aa-4080-948c-058f514c67c8|rpc:10.1.0.8:37869|priority:1, d8c5d3b0-2e04-4734-8dc0-dbe4861d4401|rpc:10.1.0.8:41245|priority:0, 6ea96d82-acb4-4d53-969d-852ff983a9a8|rpc:10.1.0.8:38885|priority:0], old=null
2022-06-25 01:03:34,465 [grpc-default-executor-3] INFO  server.RaftServer$Division (RaftServerImpl.java:requestVote(1152)) - 6ea96d82-acb4-4d53-969d-852ff983a9a8@group-B0A5CB9FFDBD: receive requestVote(ELECTION, 01c45249-58aa-4080-948c-058f514c67c8, group-B0A5CB9FFDBD, 2, (t:0, i:0))
2022-06-25 01:03:34,466 [grpc-default-executor-3] INFO  impl.VoteContext (VoteContext.java:log(48)) - 6ea96d82-acb4-4d53-969d-852ff983a9a8@group-B0A5CB9FFDBD-FOLLOWER: accept ELECTION from 01c45249-58aa-4080-948c-058f514c67c8: our priority 0 <= candidate's priority 1
2022-06-25 01:03:34,466 [grpc-default-executor-3] INFO  server.RaftServer$Division (RaftServerImpl.java:setRole(299)) - 6ea96d82-acb4-4d53-969d-852ff983a9a8@group-B0A5CB9FFDBD: changes role from  FOLLOWER to FOLLOWER at term 2 for candidate:01c45249-58aa-4080-948c-058f514c67c8
2022-06-25 01:03:34,466 [grpc-default-executor-3] INFO  impl.RoleInfo (RoleInfo.java:shutdownFollowerState(110)) - 6ea96d82-acb4-4d53-969d-852ff983a9a8: shutdown 6ea96d82-acb4-4d53-969d-852ff983a9a8@group-B0A5CB9FFDBD-FollowerState
2022-06-25 01:03:34,466 [grpc-default-executor-3] INFO  impl.RoleInfo (RoleInfo.java:updateAndGet(139)) - 6ea96d82-acb4-4d53-969d-852ff983a9a8: start 6ea96d82-acb4-4d53-969d-852ff983a9a8@group-B0A5CB9FFDBD-FollowerState
2022-06-25 01:03:34,466 [6ea96d82-acb4-4d53-969d-852ff983a9a8@group-B0A5CB9FFDBD-FollowerState] INFO  impl.FollowerState (FollowerState.java:run(152)) - 6ea96d82-acb4-4d53-969d-852ff983a9a8@group-B0A5CB9FFDBD-FollowerState was interrupted
2022-06-25 01:03:34,471 [grpc-default-executor-0] INFO  server.RaftServer$Division (RaftServerImpl.java:requestVote(1152)) - d8c5d3b0-2e04-4734-8dc0-dbe4861d4401@group-B0A5CB9FFDBD: receive requestVote(ELECTION, 01c45249-58aa-4080-948c-058f514c67c8, group-B0A5CB9FFDBD, 2, (t:0, i:0))
2022-06-25 01:03:34,471 [grpc-default-executor-0] INFO  impl.VoteContext (VoteContext.java:log(48)) - d8c5d3b0-2e04-4734-8dc0-dbe4861d4401@group-B0A5CB9FFDBD-FOLLOWER: accept ELECTION from 01c45249-58aa-4080-948c-058f514c67c8: our priority 0 <= candidate's priority 1
2022-06-25 01:03:34,471 [grpc-default-executor-0] INFO  server.RaftServer$Division (RaftServerImpl.java:setRole(299)) - d8c5d3b0-2e04-4734-8dc0-dbe4861d4401@group-B0A5CB9FFDBD: changes role from  FOLLOWER to FOLLOWER at term 2 for candidate:01c45249-58aa-4080-948c-058f514c67c8
2022-06-25 01:03:34,471 [grpc-default-executor-0] INFO  impl.RoleInfo (RoleInfo.java:shutdownFollowerState(110)) - d8c5d3b0-2e04-4734-8dc0-dbe4861d4401: shutdown d8c5d3b0-2e04-4734-8dc0-dbe4861d4401@group-B0A5CB9FFDBD-FollowerState
2022-06-25 01:03:34,471 [grpc-default-executor-0] INFO  impl.RoleInfo (RoleInfo.java:updateAndGet(139)) - d8c5d3b0-2e04-4734-8dc0-dbe4861d4401: start d8c5d3b0-2e04-4734-8dc0-dbe4861d4401@group-B0A5CB9FFDBD-FollowerState
2022-06-25 01:03:34,471 [d8c5d3b0-2e04-4734-8dc0-dbe4861d4401@group-B0A5CB9FFDBD-FollowerState] INFO  impl.FollowerState (FollowerState.java:run(152)) - d8c5d3b0-2e04-4734-8dc0-dbe4861d4401@group-B0A5CB9FFDBD-FollowerState was interrupted
2022-06-25 01:03:34,471 [grpc-default-executor-3] INFO  server.RaftServer$Division (RaftServerImpl.java:requestVote(1184)) - 6ea96d82-acb4-4d53-969d-852ff983a9a8@group-B0A5CB9FFDBD replies to ELECTION vote request: 01c45249-58aa-4080-948c-058f514c67c8<-6ea96d82-acb4-4d53-969d-852ff983a9a8#0:OK-t2. Peer's state: 6ea96d82-acb4-4d53-969d-852ff983a9a8@group-B0A5CB9FFDBD:t2, leader=null, voted=01c45249-58aa-4080-948c-058f514c67c8, raftlog=6ea96d82-acb4-4d53-969d-852ff983a9a8@group-B0A5CB9FFDBD-SegmentedRaftLog:OPENED:c-1, conf=-1: [01c45249-58aa-4080-948c-058f514c67c8|rpc:10.1.0.8:37869|dataStream:|priority:1, d8c5d3b0-2e04-4734-8dc0-dbe4861d4401|rpc:10.1.0.8:41245|dataStream:|priority:0, 6ea96d82-acb4-4d53-969d-852ff983a9a8|rpc:10.1.0.8:38885|dataStream:|priority:0], old=null
2022-06-25 01:03:34,474 [grpc-default-executor-0] INFO  server.RaftServer$Division (RaftServerImpl.java:requestVote(1184)) - d8c5d3b0-2e04-4734-8dc0-dbe4861d4401@group-B0A5CB9FFDBD replies to ELECTION vote request: 01c45249-58aa-4080-948c-058f514c67c8<-d8c5d3b0-2e04-4734-8dc0-dbe4861d4401#0:OK-t2. Peer's state: d8c5d3b0-2e04-4734-8dc0-dbe4861d4401@group-B0A5CB9FFDBD:t2, leader=null, voted=01c45249-58aa-4080-948c-058f514c67c8, raftlog=d8c5d3b0-2e04-4734-8dc0-dbe4861d4401@group-B0A5CB9FFDBD-SegmentedRaftLog:OPENED:c-1, conf=-1: [01c45249-58aa-4080-948c-058f514c67c8|rpc:10.1.0.8:37869|dataStream:|priority:1, d8c5d3b0-2e04-4734-8dc0-dbe4861d4401|rpc:10.1.0.8:41245|dataStream:|priority:0, 6ea96d82-acb4-4d53-969d-852ff983a9a8|rpc:10.1.0.8:38885|dataStream:|priority:0], old=null
2022-06-25 01:03:34,475 [01c45249-58aa-4080-948c-058f514c67c8@group-B0A5CB9FFDBD-LeaderElection25] INFO  impl.LeaderElection (LeaderElection.java:logAndReturn(90)) - 01c45249-58aa-4080-948c-058f514c67c8@group-B0A5CB9FFDBD-LeaderElection25: ELECTION PASSED received 1 response(s) and 0 exception(s):
2022-06-25 01:03:34,475 [01c45249-58aa-4080-948c-058f514c67c8@group-B0A5CB9FFDBD-LeaderElection25] INFO  impl.LeaderElection (LeaderElection.java:logAndReturn(94)) -   Response 0: 01c45249-58aa-4080-948c-058f514c67c8<-6ea96d82-acb4-4d53-969d-852ff983a9a8#0:OK-t2
2022-06-25 01:03:34,475 [01c45249-58aa-4080-948c-058f514c67c8@group-B0A5CB9FFDBD-LeaderElection25] INFO  impl.LeaderElection (LeaderElection.java:askForVotes(312)) - 01c45249-58aa-4080-948c-058f514c67c8@group-B0A5CB9FFDBD-LeaderElection25 ELECTION round 0: result PASSED
2022-06-25 01:03:34,475 [01c45249-58aa-4080-948c-058f514c67c8@group-B0A5CB9FFDBD-LeaderElection25] INFO  impl.RoleInfo (RoleInfo.java:shutdownLeaderElection(130)) - 01c45249-58aa-4080-948c-058f514c67c8: shutdown 01c45249-58aa-4080-948c-058f514c67c8@group-B0A5CB9FFDBD-LeaderElection25
2022-06-25 01:03:34,475 [01c45249-58aa-4080-948c-058f514c67c8@group-B0A5CB9FFDBD-LeaderElection25] INFO  server.RaftServer$Division (RaftServerImpl.java:setRole(299)) - 01c45249-58aa-4080-948c-058f514c67c8@group-B0A5CB9FFDBD: changes role from CANDIDATE to LEADER at term 2 for changeToLeader
2022-06-25 01:03:34,475 [01c45249-58aa-4080-948c-058f514c67c8@group-B0A5CB9FFDBD-LeaderElection25] INFO  ratis.XceiverServerRatis (XceiverServerRatis.java:handleLeaderChangedNotification(863)) - Leader change notification received for group: group-B0A5CB9FFDBD with new leaderId: 01c45249-58aa-4080-948c-058f514c67c8
2022-06-25 01:03:34,475 [01c45249-58aa-4080-948c-058f514c67c8@group-B0A5CB9FFDBD-LeaderElection25] INFO  server.RaftServer$Division (ServerState.java:setLeader(287)) - 01c45249-58aa-4080-948c-058f514c67c8@group-B0A5CB9FFDBD: change Leader from null to 01c45249-58aa-4080-948c-058f514c67c8 at term 2 for becomeLeader, leader elected after 10266ms
2022-06-25 01:03:34,475 [01c45249-58aa-4080-948c-058f514c67c8@group-B0A5CB9FFDBD-LeaderElection25] INFO  server.RaftServerConfigKeys (ConfUtils.java:logGet(46)) - raft.server.staging.catchup.gap = 1000 (default)
2022-06-25 01:03:34,476 [01c45249-58aa-4080-948c-058f514c67c8@group-B0A5CB9FFDBD-LeaderElection25] INFO  server.RaftServerConfigKeys (ConfUtils.java:logGet(46)) - raft.server.write.element-limit = 1024 (custom)
2022-06-25 01:03:34,476 [01c45249-58aa-4080-948c-058f514c67c8@group-B0A5CB9FFDBD-LeaderElection25] INFO  server.RaftServerConfigKeys (ConfUtils.java:logGet(46)) - raft.server.write.byte-limit = 1024 M (=1073741824) (custom)
2022-06-25 01:03:34,477 [EventQueue-PipelineReportForPipelineReportHandler] INFO  pipeline.PipelineManagerImpl (PipelineManagerImpl.java:openPipeline(358)) - Pipeline Pipeline[ Id: 6b5a0871-f703-4c53-946a-b0a5cb9ffdbd, Nodes: 01c45249-58aa-4080-948c-058f514c67c8{ip: 10.1.0.8, host: fv-az66-546.vwcdieab4koerntclszyavmfxa.dx.internal.cloudapp.net, ports: [REPLICATION=46405, RATIS=37869, RATIS_ADMIN=37869, RATIS_SERVER=37869, STANDALONE=42275], networkLocation: /default-rack, certSerialId: null, persistedOpState: IN_SERVICE, persistedOpStateExpiryEpochSec: 0}d8c5d3b0-2e04-4734-8dc0-dbe4861d4401{ip: 10.1.0.8, host: fv-az66-546.vwcdieab4koerntclszyavmfxa.dx.internal.cloudapp.net, ports: [REPLICATION=44149, RATIS=41245, RATIS_ADMIN=41245, RATIS_SERVER=41245, STANDALONE=43719], networkLocation: /default-rack, certSerialId: null, persistedOpState: IN_SERVICE, persistedOpStateExpiryEpochSec: 0}6ea96d82-acb4-4d53-969d-852ff983a9a8{ip: 10.1.0.8, host: fv-az66-546.vwcdieab4koerntclszyavmfxa.dx.internal.cloudapp.net, ports: [REPLICATION=46209, RATIS=38885, RATIS_ADMIN=38885, RATIS_SERVER=38885, STANDALONE=35219], networkLocation: /default-rack, certSerialId: null, persistedOpState: IN_SERVICE, persistedOpStateExpiryEpochSec: 0}, ReplicationConfig: RATIS/THREE, State:ALLOCATED, leaderId:01c45249-58aa-4080-948c-058f514c67c8, CreationTimestamp2022-06-25T01:03:22.678Z[Etc/UTC]] moved to OPEN state
2022-06-25 01:03:34,478 [EventQueue-OpenPipelineForHealthyPipelineSafeModeRule] INFO  safemode.SCMSafeModeManager (HealthyPipelineSafeModeRule.java:process(124)) - SCM in safe mode. Healthy pipelines reported count is 0, required healthy pipeline reported count is 1
2022-06-25 01:03:34,478 [EventQueue-OpenPipelineForHealthyPipelineSafeModeRule] INFO  safemode.SCMSafeModeManager (HealthyPipelineSafeModeRule.java:process(124)) - SCM in safe mode. Healthy pipelines reported count is 1, required healthy pipeline reported count is 1
2022-06-25 01:03:34,478 [EventQueue-OpenPipelineForHealthyPipelineSafeModeRule] INFO  safemode.SCMSafeModeManager (SCMSafeModeManager.java:validateSafeModeExitRules(204)) - HealthyPipelineSafeModeRule rule is successfully validated
2022-06-25 01:03:34,478 [EventQueue-OpenPipelineForHealthyPipelineSafeModeRule] INFO  safemode.SCMSafeModeManager (SCMSafeModeManager.java:validateSafeModeExitRules(219)) - ScmSafeModeManager, all rules are successfully validated
2022-06-25 01:03:34,478 [EventQueue-OpenPipelineForHealthyPipelineSafeModeRule] INFO  safemode.SCMSafeModeManager (SCMSafeModeManager.java:exitSafeMode(248)) - SCM exiting safe mode.
2022-06-25 01:03:34,478 [01c45249-58aa-4080-948c-058f514c67c8@group-B0A5CB9FFDBD-LeaderElection25] INFO  server.RaftServerConfigKeys (ConfUtils.java:logGet(46)) - raft.server.watch.timeout = 180s (custom)
2022-06-25 01:03:34,478 [01c45249-58aa-4080-948c-058f514c67c8@group-B0A5CB9FFDBD-LeaderElection25] INFO  server.RaftServerConfigKeys (ConfUtils.java:logGet(46)) - raft.server.watch.timeout.denomination = 1s (default)
2022-06-25 01:03:34,478 [01c45249-58aa-4080-948c-058f514c67c8@group-B0A5CB9FFDBD-LeaderElection25] INFO  server.RaftServerConfigKeys (ConfUtils.java:logGet(46)) - raft.server.watch.element-limit = 65536 (default)
2022-06-25 01:03:34,478 [01c45249-58aa-4080-948c-058f514c67c8@group-B0A5CB9FFDBD-LeaderElection25] INFO  server.RaftServerConfigKeys (ConfUtils.java:logGet(46)) - raft.server.write.element-limit = 1024 (custom)
2022-06-25 01:03:34,478 [01c45249-58aa-4080-948c-058f514c67c8@group-B0A5CB9FFDBD-LeaderElection25] INFO  server.RaftServerConfigKeys (ConfUtils.java:logGet(46)) - raft.server.write.follower.gap.ratio.max = -1.0 (default)
2022-06-25 01:03:34,479 [01c45249-58aa-4080-948c-058f514c67c8@group-B0A5CB9FFDBD-LeaderElection25] INFO  server.RaftServerConfigKeys (ConfUtils.java:logGet(46)) - raft.server.log.appender.snapshot.chunk.size.max = 16MB (=16777216) (default)
2022-06-25 01:03:34,479 [01c45249-58aa-4080-948c-058f514c67c8@group-B0A5CB9FFDBD-LeaderElection25] INFO  server.RaftServerConfigKeys (ConfUtils.java:logGet(46)) - raft.server.log.appender.buffer.byte-limit = 33554432 (custom)
2022-06-25 01:03:34,479 [01c45249-58aa-4080-948c-058f514c67c8@group-B0A5CB9FFDBD-LeaderElection25] INFO  server.RaftServerConfigKeys (ConfUtils.java:logGet(46)) - raft.server.log.appender.buffer.element-limit = 1 (custom)
2022-06-25 01:03:34,479 [01c45249-58aa-4080-948c-058f514c67c8@group-B0A5CB9FFDBD-LeaderElection25] INFO  grpc.GrpcConfigKeys (ConfUtils.java:logGet(46)) - raft.grpc.server.leader.outstanding.appends.max = 128 (default)
2022-06-25 01:03:34,480 [01c45249-58aa-4080-948c-058f514c67c8@group-B0A5CB9FFDBD-LeaderElection25] INFO  server.RaftServerConfigKeys (ConfUtils.java:logGet(46)) - raft.server.rpc.request.timeout = 60s (custom)
2022-06-25 01:03:34,480 [01c45249-58aa-4080-948c-058f514c67c8@group-B0A5CB9FFDBD-LeaderElection25] INFO  server.RaftServerConfigKeys (ConfUtils.java:logGet(46)) - raft.server.log.appender.install.snapshot.enabled = false (custom)
2022-06-25 01:03:34,478 [EventQueue-OpenPipelineForHealthyPipelineSafeModeRule] WARN  events.EventQueue (EventQueue.java:fireEvent(216)) - No event handler registered for event TypedEvent{payloadType=SafeModeStatus, name='Safe mode status'}
2022-06-25 01:03:34,483 [EventQueue-OpenPipelineForHealthyPipelineSafeModeRule] INFO  ha.SCMContext (SCMContext.java:updateSafeModeStatus(228)) - Update SafeModeStatus from SafeModeStatus{safeModeStatus=true, preCheckPassed=true} to SafeModeStatus{safeModeStatus=false, preCheckPassed=true}.
2022-06-25 01:03:34,483 [EventQueue-OpenPipelineForHealthyPipelineSafeModeRule] INFO  pipeline.BackgroundPipelineCreator (BackgroundPipelineCreator.java:notifyStatusChanged(253)) - Service BackgroundPipelineCreator transitions to RUNNING.
2022-06-25 01:03:34,483 [EventQueue-OpenPipelineForHealthyPipelineSafeModeRule] INFO  BackgroundPipelineScrubber (BackgroundSCMService.java:notifyStatusChanged(82)) - Service BackgroundPipelineScrubber transitions to RUNNING.
2022-06-25 01:03:34,483 [EventQueue-OpenPipelineForHealthyPipelineSafeModeRule] INFO  ExpiredContainerReplicaOpScrubber (BackgroundSCMService.java:notifyStatusChanged(82)) - Service ExpiredContainerReplicaOpScrubber transitions to RUNNING.
2022-06-25 01:03:34,483 [EventQueue-OpenPipelineForHealthyPipelineSafeModeRule] INFO  replication.ReplicationManager (ReplicationManager.java:notifyStatusChanged(372)) - Service ReplicationManager transitions to RUNNING.
2022-06-25 01:03:34,483 [EventQueue-OpenPipelineForHealthyPipelineSafeModeRule] WARN  balancer.ContainerBalancer (ContainerBalancer.java:shouldRun(875)) - Could not find persisted configuration for ContainerBalancer when checking if ContainerBalancer should run. ContainerBalancer should not run now.
2022-06-25 01:03:34,484 [01c45249-58aa-4080-948c-058f514c67c8@group-B0A5CB9FFDBD-LeaderElection25] INFO  server.RaftServerConfigKeys (ConfUtils.java:logGet(46)) - raft.server.log.appender.snapshot.chunk.size.max = 16MB (=16777216) (default)
2022-06-25 01:03:34,484 [01c45249-58aa-4080-948c-058f514c67c8@group-B0A5CB9FFDBD-LeaderElection25] INFO  server.RaftServerConfigKeys (ConfUtils.java:logGet(46)) - raft.server.log.appender.buffer.byte-limit = 33554432 (custom)
2022-06-25 01:03:34,484 [01c45249-58aa-4080-948c-058f514c67c8@group-B0A5CB9FFDBD-LeaderElection25] INFO  server.RaftServerConfigKeys (ConfUtils.java:logGet(46)) - raft.server.log.appender.buffer.element-limit = 1 (custom)
2022-06-25 01:03:34,484 [01c45249-58aa-4080-948c-058f514c67c8@group-B0A5CB9FFDBD-LeaderElection25] INFO  grpc.GrpcConfigKeys (ConfUtils.java:logGet(46)) - raft.grpc.server.leader.outstanding.appends.max = 128 (default)
2022-06-25 01:03:34,484 [01c45249-58aa-4080-948c-058f514c67c8@group-B0A5CB9FFDBD-LeaderElection25] INFO  server.RaftServerConfigKeys (ConfUtils.java:logGet(46)) - raft.server.rpc.request.timeout = 60s (custom)
2022-06-25 01:03:34,484 [01c45249-58aa-4080-948c-058f514c67c8@group-B0A5CB9FFDBD-LeaderElection25] INFO  server.RaftServerConfigKeys (ConfUtils.java:logGet(46)) - raft.server.log.appender.install.snapshot.enabled = false (custom)
2022-06-25 01:03:34,484 [01c45249-58aa-4080-948c-058f514c67c8@group-B0A5CB9FFDBD-LeaderElection25] INFO  impl.RoleInfo (RoleInfo.java:updateAndGet(139)) - 01c45249-58aa-4080-948c-058f514c67c8: start 01c45249-58aa-4080-948c-058f514c67c8@group-B0A5CB9FFDBD-LeaderStateImpl
2022-06-25 01:03:34,485 [01c45249-58aa-4080-948c-058f514c67c8@group-B0A5CB9FFDBD-LeaderElection25] INFO  segmented.SegmentedRaftLogWorker (SegmentedRaftLogWorker.java:startLogSegment(425)) - 01c45249-58aa-4080-948c-058f514c67c8@group-B0A5CB9FFDBD-SegmentedRaftLogWorker: Starting segment from index:0
2022-06-25 01:03:34,487 [01c45249-58aa-4080-948c-058f514c67c8@group-B0A5CB9FFDBD-SegmentedRaftLogWorker] INFO  segmented.SegmentedRaftLogWorker (SegmentedRaftLogWorker.java:execute(629)) - 01c45249-58aa-4080-948c-058f514c67c8@group-B0A5CB9FFDBD-SegmentedRaftLogWorker: created new log segment /home/runner/work/ozone/ozone/hadoop-ozone/integration-test/target/test-dir/MiniOzoneClusterImpl-7d041fb5-2049-42d4-ae67-c17d724e960a/datanode-0/data/ratis/6b5a0871-f703-4c53-946a-b0a5cb9ffdbd/current/log_inprogress_0
2022-06-25 01:03:34,489 [01c45249-58aa-4080-948c-058f514c67c8@group-B0A5CB9FFDBD-LeaderElection25] INFO  server.RaftServer$Division (ServerState.java:setRaftConf(393)) - 01c45249-58aa-4080-948c-058f514c67c8@group-B0A5CB9FFDBD: set configuration 0: [01c45249-58aa-4080-948c-058f514c67c8|rpc:10.1.0.8:37869|dataStream:|priority:1, d8c5d3b0-2e04-4734-8dc0-dbe4861d4401|rpc:10.1.0.8:41245|dataStream:|priority:0, 6ea96d82-acb4-4d53-969d-852ff983a9a8|rpc:10.1.0.8:38885|dataStream:|priority:0], old=null
2022-06-25 01:03:34,493 [6ea96d82-acb4-4d53-969d-852ff983a9a8-server-thread1] INFO  ratis.XceiverServerRatis (XceiverServerRatis.java:handleLeaderChangedNotification(863)) - Leader change notification received for group: group-B0A5CB9FFDBD with new leaderId: 01c45249-58aa-4080-948c-058f514c67c8
2022-06-25 01:03:34,493 [6ea96d82-acb4-4d53-969d-852ff983a9a8-server-thread1] INFO  server.RaftServer$Division (ServerState.java:setLeader(287)) - 6ea96d82-acb4-4d53-969d-852ff983a9a8@group-B0A5CB9FFDBD: change Leader from null to 01c45249-58aa-4080-948c-058f514c67c8 at term 2 for appendEntries, leader elected after 10189ms
2022-06-25 01:03:34,494 [6ea96d82-acb4-4d53-969d-852ff983a9a8-server-thread1] INFO  server.RaftServer$Division (ServerState.java:setRaftConf(393)) - 6ea96d82-acb4-4d53-969d-852ff983a9a8@group-B0A5CB9FFDBD: set configuration 0: [01c45249-58aa-4080-948c-058f514c67c8|rpc:10.1.0.8:37869|dataStream:|priority:1, d8c5d3b0-2e04-4734-8dc0-dbe4861d4401|rpc:10.1.0.8:41245|dataStream:|priority:0, 6ea96d82-acb4-4d53-969d-852ff983a9a8|rpc:10.1.0.8:38885|dataStream:|priority:0], old=null
2022-06-25 01:03:34,494 [6ea96d82-acb4-4d53-969d-852ff983a9a8-server-thread1] INFO  segmented.SegmentedRaftLogWorker (SegmentedRaftLogWorker.java:startLogSegment(425)) - 6ea96d82-acb4-4d53-969d-852ff983a9a8@group-B0A5CB9FFDBD-SegmentedRaftLogWorker: Starting segment from index:0
2022-06-25 01:03:34,497 [6ea96d82-acb4-4d53-969d-852ff983a9a8@group-B0A5CB9FFDBD-SegmentedRaftLogWorker] INFO  segmented.SegmentedRaftLogWorker (SegmentedRaftLogWorker.java:execute(629)) - 6ea96d82-acb4-4d53-969d-852ff983a9a8@group-B0A5CB9FFDBD-SegmentedRaftLogWorker: created new log segment /home/runner/work/ozone/ozone/hadoop-ozone/integration-test/target/test-dir/MiniOzoneClusterImpl-7d041fb5-2049-42d4-ae67-c17d724e960a/datanode-2/data/ratis/6b5a0871-f703-4c53-946a-b0a5cb9ffdbd/current/log_inprogress_0
2022-06-25 01:03:34,502 [d8c5d3b0-2e04-4734-8dc0-dbe4861d4401-server-thread1] INFO  ratis.XceiverServerRatis (XceiverServerRatis.java:handleLeaderChangedNotification(863)) - Leader change notification received for group: group-B0A5CB9FFDBD with new leaderId: 01c45249-58aa-4080-948c-058f514c67c8
2022-06-25 01:03:34,502 [d8c5d3b0-2e04-4734-8dc0-dbe4861d4401-server-thread1] INFO  server.RaftServer$Division (ServerState.java:setLeader(287)) - d8c5d3b0-2e04-4734-8dc0-dbe4861d4401@group-B0A5CB9FFDBD: change Leader from null to 01c45249-58aa-4080-948c-058f514c67c8 at term 2 for appendEntries, leader elected after 10248ms
2022-06-25 01:03:34,514 [d8c5d3b0-2e04-4734-8dc0-dbe4861d4401-server-thread1] INFO  server.RaftServer$Division (ServerState.java:setRaftConf(393)) - d8c5d3b0-2e04-4734-8dc0-dbe4861d4401@group-B0A5CB9FFDBD: set configuration 0: [01c45249-58aa-4080-948c-058f514c67c8|rpc:10.1.0.8:37869|dataStream:|priority:1, d8c5d3b0-2e04-4734-8dc0-dbe4861d4401|rpc:10.1.0.8:41245|dataStream:|priority:0, 6ea96d82-acb4-4d53-969d-852ff983a9a8|rpc:10.1.0.8:38885|dataStream:|priority:0], old=null
2022-06-25 01:03:34,515 [d8c5d3b0-2e04-4734-8dc0-dbe4861d4401-server-thread1] INFO  segmented.SegmentedRaftLogWorker (SegmentedRaftLogWorker.java:startLogSegment(425)) - d8c5d3b0-2e04-4734-8dc0-dbe4861d4401@group-B0A5CB9FFDBD-SegmentedRaftLogWorker: Starting segment from index:0
2022-06-25 01:03:34,517 [d8c5d3b0-2e04-4734-8dc0-dbe4861d4401@group-B0A5CB9FFDBD-SegmentedRaftLogWorker] INFO  segmented.SegmentedRaftLogWorker (SegmentedRaftLogWorker.java:execute(629)) - d8c5d3b0-2e04-4734-8dc0-dbe4861d4401@group-B0A5CB9FFDBD-SegmentedRaftLogWorker: created new log segment /home/runner/work/ozone/ozone/hadoop-ozone/integration-test/target/test-dir/MiniOzoneClusterImpl-7d041fb5-2049-42d4-ae67-c17d724e960a/datanode-1/data/ratis/6b5a0871-f703-4c53-946a-b0a5cb9ffdbd/current/log_inprogress_0
2022-06-25 01:03:34,839 [Listener at 127.0.0.1/35937] INFO  ozone.MiniOzoneClusterImpl (MiniOzoneClusterImpl.java:lambda$waitForClusterToBeReady$0(223)) - Nodes are ready. Got 6 of 6 DN Heartbeats.
2022-06-25 01:03:34,839 [Listener at 127.0.0.1/35937] INFO  ozone.MiniOzoneClusterImpl (MiniOzoneClusterImpl.java:lambda$waitForClusterToBeReady$0(226)) - Cluster exits safe mode
2022-06-25 01:03:34,839 [Listener at 127.0.0.1/35937] INFO  ozone.MiniOzoneClusterImpl (MiniOzoneClusterImpl.java:lambda$waitForClusterToBeReady$0(228)) - SCM became leader
2022-06-25 01:03:34,842 [Listener at 127.0.0.1/35937] WARN  server.ServerUtils (ServerUtils.java:getScmDbDir(148)) - ozone.scm.db.dirs is not configured. We recommend adding this setting. Falling back to ozone.metadata.dirs instead.
2022-06-25 01:03:34,845 [Listener at 127.0.0.1/35937] WARN  server.ServerUtils (ServerUtils.java:getScmDbDir(148)) - ozone.scm.db.dirs is not configured. We recommend adding this setting. Falling back to ozone.metadata.dirs instead.
2022-06-25 01:03:34,845 [Listener at 127.0.0.1/35937] INFO  ha.SCMHANodeDetails (SCMHANodeDetails.java:loadSCMHAConfig(209)) - ServiceID for StorageContainerManager is null
2022-06-25 01:03:34,845 [Listener at 127.0.0.1/35937] INFO  ha.SCMHANodeDetails (SCMHANodeDetails.java:loadSCMHAConfig(214)) - ozone.scm.default.service.id is not defined, falling back to ozone.scm.service.ids to find serviceID for StorageContainerManager if it is HA enabled cluster
2022-06-25 01:03:34,846 [Listener at 127.0.0.1/35937] WARN  utils.HAUtils (HAUtils.java:getMetaDir(342)) - ozone.scm.db.dirs is not configured. We recommend adding this setting. Falling back to ozone.metadata.dirs instead.
2022-06-25 01:03:34,846 [Listener at 127.0.0.1/35937] WARN  db.DBStoreBuilder (DBStoreBuilder.java:applyDBDefinition(145)) - ozone.scm.db.dirs is not configured. We recommend adding this setting. Falling back to ozone.metadata.dirs instead.
2022-06-25 01:03:35,013 [Listener at 127.0.0.1/35937] INFO  net.NodeSchemaLoader (NodeSchemaLoader.java:loadSchemaFromFile(129)) - Loading schema from [jar:file:/home/runner/.m2/repository/org/apache/ozone/hdds-common/1.3.0-SNAPSHOT/hdds-common-1.3.0-SNAPSHOT.jar!/network-topology-default.xml]
2022-06-25 01:03:35,014 [Listener at 127.0.0.1/35937] INFO  net.NodeSchemaLoader (NodeSchemaLoader.java:loadSchema(176)) - Loading network topology layer schema file
2022-06-25 01:03:35,025 [Listener at 127.0.0.1/35937] WARN  impl.MetricRegistriesImpl (MetricRegistriesImpl.java:addReporterRegistration(111)) - New reporters are added after registries were created. Some metrics will be missing from the reporter. Please add reporter before adding any new registry.
2022-06-25 01:03:35,025 [Listener at 127.0.0.1/35937] WARN  impl.MetricRegistriesImpl (MetricRegistriesImpl.java:addReporterRegistration(111)) - New reporters are added after registries were created. Some metrics will be missing from the reporter. Please add reporter before adding any new registry.
2022-06-25 01:03:35,026 [Listener at 127.0.0.1/35937] INFO  upgrade.AbstractLayoutVersionManager (AbstractLayoutVersionManager.java:init(82)) - Initializing Layout version manager with metadata layout = DATANODE_SCHEMA_V3 (version = 4), software layout = DATANODE_SCHEMA_V3 (version = 4)
2022-06-25 01:03:35,088 [Listener at 127.0.0.1/35937] INFO  reflections.Reflections (Reflections.java:scan(232)) - Reflections took 61 ms to scan 7 urls, producing 131 keys and 316 values 
2022-06-25 01:03:35,091 [Listener at 127.0.0.1/35937] INFO  ha.SequenceIdGenerator (SequenceIdGenerator.java:upgradeToSequenceId(347)) - upgrade localId to 109611004723200000
2022-06-25 01:03:35,092 [Listener at 127.0.0.1/35937] INFO  ha.SequenceIdGenerator (SequenceIdGenerator.java:upgradeToSequenceId(357)) - upgrade delTxnId to 0
2022-06-25 01:03:35,092 [Listener at 127.0.0.1/35937] INFO  ha.SequenceIdGenerator (SequenceIdGenerator.java:upgradeToSequenceId(374)) - upgrade containerId to 0
2022-06-25 01:03:35,092 [Listener at 127.0.0.1/35937] INFO  ha.SequenceIdGenerator (SequenceIdGenerator.java:<init>(218)) - Init the HA SequenceIdGenerator.
2022-06-25 01:03:35,094 [Listener at 127.0.0.1/35937] INFO  node.SCMNodeManager (SCMNodeManager.java:<init>(149)) - Entering startup safe mode.
2022-06-25 01:03:35,095 [Listener at 127.0.0.1/35937] INFO  algorithms.ContainerPlacementPolicyFactory (ContainerPlacementPolicyFactory.java:getPolicyInternal(86)) - Create container placement policy of type org.apache.hadoop.hdds.scm.container.placement.algorithms.SCMContainerPlacementRandom
2022-06-25 01:03:35,095 [Listener at 127.0.0.1/35937] INFO  pipeline.PipelineStateManagerImpl (PipelineStateManagerImpl.java:initialize(78)) - No pipeline exists in current db
2022-06-25 01:03:35,095 [Listener at 127.0.0.1/35937] INFO  algorithms.LeaderChoosePolicyFactory (LeaderChoosePolicyFactory.java:getPolicy(57)) - Create leader choose policy of type org.apache.hadoop.hdds.scm.pipeline.leader.choose.algorithms.MinLeaderCountChoosePolicy
2022-06-25 01:03:35,095 [Listener at 127.0.0.1/35937] INFO  algorithms.ContainerPlacementPolicyFactory (ContainerPlacementPolicyFactory.java:getPolicyInternal(86)) - Create container placement policy of type org.apache.hadoop.hdds.scm.container.placement.algorithms.SCMContainerPlacementRackScatter
2022-06-25 01:03:35,095 [Listener at 127.0.0.1/35937] INFO  pipeline.BackgroundPipelineCreator (BackgroundPipelineCreator.java:start(127)) - Starting RatisPipelineUtilsThread.
2022-06-25 01:03:35,099 [Listener at 127.0.0.1/35937] INFO  BackgroundPipelineScrubber (BackgroundSCMService.java:start(68)) - Starting BackgroundPipelineScrubber Service.
2022-06-25 01:03:35,099 [Listener at 127.0.0.1/35937] INFO  ha.SCMServiceManager (SCMServiceManager.java:register(42)) - Registering service BackgroundPipelineCreator.
2022-06-25 01:03:35,099 [Listener at 127.0.0.1/35937] INFO  ha.SCMServiceManager (SCMServiceManager.java:register(42)) - Registering service BackgroundPipelineScrubber.
2022-06-25 01:03:35,100 [Listener at 127.0.0.1/35937] INFO  ExpiredContainerReplicaOpScrubber (BackgroundSCMService.java:start(68)) - Starting ExpiredContainerReplicaOpScrubber Service.
2022-06-25 01:03:35,100 [Listener at 127.0.0.1/35937] INFO  ha.SCMServiceManager (SCMServiceManager.java:register(42)) - Registering service ExpiredContainerReplicaOpScrubber.
2022-06-25 01:03:35,101 [Listener at 127.0.0.1/35937] INFO  algorithms.PipelineChoosePolicyFactory (PipelineChoosePolicyFactory.java:createPipelineChoosePolicyFromClass(73)) - Create pipeline choose policy of type org.apache.hadoop.hdds.scm.pipeline.choose.algorithms.RandomPipelineChoosePolicy
2022-06-25 01:03:35,101 [Listener at 127.0.0.1/35937] INFO  ha.SCMServiceManager (SCMServiceManager.java:register(42)) - Registering service SCMBlockDeletingService.
2022-06-25 01:03:35,101 [Listener at 127.0.0.1/35937] INFO  ha.SCMServiceManager (SCMServiceManager.java:register(42)) - Registering service ReplicationManager.
2022-06-25 01:03:35,101 [Listener at 127.0.0.1/35937] INFO  replication.ReplicationManager (ReplicationManager.java:start(179)) - Starting Replication Monitor Thread.
2022-06-25 01:03:35,107 [Listener at 127.0.0.1/35937] INFO  safemode.ContainerSafeModeRule (ContainerSafeModeRule.java:<init>(89)) - containers with one replica threshold count 0
2022-06-25 01:03:35,107 [Listener at 127.0.0.1/35937] INFO  safemode.HealthyPipelineSafeModeRule (HealthyPipelineSafeModeRule.java:initializeRule(156)) - Total pipeline count is 0, healthy pipeline threshold count is 1
2022-06-25 01:03:35,108 [Listener at 127.0.0.1/35937] INFO  safemode.OneReplicaPipelineSafeModeRule (OneReplicaPipelineSafeModeRule.java:initializeRule(180)) - Total pipeline count is 0, pipeline's with at least one datanode reported threshold count is 0
2022-06-25 01:03:35,110 [Listener at 127.0.0.1/35937] INFO  ipc.CallQueueManager (CallQueueManager.java:<init>(90)) - Using callQueue: class java.util.concurrent.LinkedBlockingQueue, queueCapacity: 2000, scheduler: class org.apache.hadoop.ipc.DefaultRpcScheduler, ipcBackoff: false.
2022-06-25 01:03:35,113 [Socket Reader #1 for port 0] INFO  ipc.Server (Server.java:run(1265)) - Starting Socket Reader #1 for port 0
2022-06-25 01:03:35,114 [Listener at 0.0.0.0/37847] INFO  ipc.CallQueueManager (CallQueueManager.java:<init>(90)) - Using callQueue: class java.util.concurrent.LinkedBlockingQueue, queueCapacity: 2000, scheduler: class org.apache.hadoop.ipc.DefaultRpcScheduler, ipcBackoff: false.
2022-06-25 01:03:35,116 [Socket Reader #1 for port 0] INFO  ipc.Server (Server.java:run(1265)) - Starting Socket Reader #1 for port 0
2022-06-25 01:03:35,117 [Listener at 0.0.0.0/46345] INFO  ipc.CallQueueManager (CallQueueManager.java:<init>(90)) - Using callQueue: class java.util.concurrent.LinkedBlockingQueue, queueCapacity: 2000, scheduler: class org.apache.hadoop.ipc.DefaultRpcScheduler, ipcBackoff: false.
2022-06-25 01:03:35,118 [Socket Reader #1 for port 0] INFO  ipc.Server (Server.java:run(1265)) - Starting Socket Reader #1 for port 0
2022-06-25 01:03:35,124 [ReplicationMonitor] INFO  replication.ReplicationManager (ReplicationManager.java:processAll(228)) - Replication Manager is not ready to run until 3000ms after safemode exit
2022-06-25 01:03:35,167 [Listener at 0.0.0.0/46451] INFO  ha.SCMServiceManager (SCMServiceManager.java:register(42)) - Registering service ContainerBalancer.
2022-06-25 01:03:35,167 [Listener at 0.0.0.0/46451] INFO  server.StorageContainerManager (StorageContainerManager.java:<init>(400)) - 
Container Balancer status:
Key                            Value
Running                        false
Container Balancer Configuration values:
Key                                                Value
Threshold                                          10
Max Datanodes to Involve per Iteration(percent)    20
Max Size to Move per Iteration                     500GB
Max Size Entering Target per Iteration             26GB
Max Size Leaving Source per Iteration              26GB

2022-06-25 01:03:35,167 [Listener at 0.0.0.0/46451] WARN  events.EventQueue (EventQueue.java:fireEvent(216)) - No event handler registered for event TypedEvent{payloadType=SafeModeStatus, name='Safe mode status'}
2022-06-25 01:03:35,167 [Listener at 0.0.0.0/46451] INFO  ha.SCMContext (SCMContext.java:updateSafeModeStatus(228)) - Update SafeModeStatus from SafeModeStatus{safeModeStatus=true, preCheckPassed=false} to SafeModeStatus{safeModeStatus=true, preCheckPassed=false}.
2022-06-25 01:03:35,167 [Listener at 0.0.0.0/46451] INFO  server.StorageContainerManager (StorageContainerManager.java:start(1418)) - StorageContainerLocationProtocol RPC server is listening at /0.0.0.0:46451
2022-06-25 01:03:35,167 [Listener at 0.0.0.0/46451] INFO  impl.MetricsSystemImpl (MetricsSystemImpl.java:init(158)) - StorageContainerManager metrics system started (again)
2022-06-25 01:03:35,206 [Listener at 0.0.0.0/46451] INFO  server.SCMClientProtocolServer (SCMClientProtocolServer.java:start(169)) - RPC server for Client  is listening at /0.0.0.0:46451
2022-06-25 01:03:35,206 [IPC Server Responder] INFO  ipc.Server (Server.java:run(1507)) - IPC Server Responder: starting
2022-06-25 01:03:35,209 [IPC Server listener on 0] INFO  ipc.Server (Server.java:run(1344)) - IPC Server listener on 0: starting
2022-06-25 01:03:35,215 [Listener at 0.0.0.0/46451] INFO  server.StorageContainerManager (StorageContainerManager.java:start(1433)) - ScmBlockLocationProtocol RPC server is listening at /0.0.0.0:46345
2022-06-25 01:03:35,219 [Listener at 0.0.0.0/46451] INFO  server.SCMBlockProtocolServer (SCMBlockProtocolServer.java:start(151)) - RPC server for Block Protocol is listening at /0.0.0.0:46345
2022-06-25 01:03:35,219 [IPC Server Responder] INFO  ipc.Server (Server.java:run(1507)) - IPC Server Responder: starting
2022-06-25 01:03:35,219 [IPC Server listener on 0] INFO  ipc.Server (Server.java:run(1344)) - IPC Server listener on 0: starting
2022-06-25 01:03:35,222 [Listener at 0.0.0.0/46451] INFO  server.SCMDatanodeProtocolServer (SCMDatanodeProtocolServer.java:start(185)) - ScmDatanodeProtocol RPC server for DataNodes is listening at /0.0.0.0:37847
2022-06-25 01:03:35,223 [IPC Server Responder] INFO  ipc.Server (Server.java:run(1507)) - IPC Server Responder: starting
2022-06-25 01:03:35,223 [IPC Server listener on 0] INFO  ipc.Server (Server.java:run(1344)) - IPC Server listener on 0: starting
2022-06-25 01:03:35,228 [ReplicationMonitor] INFO  replication.ReplicationManager (ReplicationManager.java:processAll(249)) - Replication Monitor Thread took 1 milliseconds for processing 6 containers.
2022-06-25 01:03:35,232 [Listener at 0.0.0.0/46451] INFO  http.BaseHttpServer (BaseHttpServer.java:newHttpServer2BuilderForOzone(209)) - Starting Web-server for scm at: http://0.0.0.0:0
2022-06-25 01:03:35,232 [Listener at 0.0.0.0/46451] INFO  http.BaseHttpServer (BaseHttpServer.java:<init>(107)) - Hadoop Security Enabled: false Ozone Security Enabled: false Ozone HTTP Security Enabled: false 
2022-06-25 01:03:35,233 [Listener at 0.0.0.0/46451] INFO  server.AuthenticationFilter (AuthenticationFilter.java:constructSecretProvider(240)) - Unable to initialize FileSignerSecretProvider, falling back to use random secrets.
2022-06-25 01:03:35,238 [org.apache.hadoop.util.JvmPauseMonitor$Monitor@629c873] INFO  util.JvmPauseMonitor (JvmPauseMonitor.java:run(188)) - Starting JVM pause monitor
2022-06-25 01:03:35,243 [Listener at 0.0.0.0/46451] WARN  http.HttpRequestLog (HttpRequestLog.java:getRequestLog(103)) - Jetty request log can only be enabled using Log4j
2022-06-25 01:03:35,244 [Listener at 0.0.0.0/46451] INFO  http.HttpServer2 (HttpServer2.java:addGlobalFilter(1029)) - Added global filter 'safety' (class=org.apache.hadoop.hdds.server.http.HttpServer2$QuotingInputFilter)
2022-06-25 01:03:35,245 [Listener at 0.0.0.0/46451] INFO  http.HttpServer2 (HttpServer2.java:addFilter(1005)) - Added filter static_user_filter (class=org.apache.hadoop.http.lib.StaticUserWebFilter$StaticUserFilter) to context scm
2022-06-25 01:03:35,245 [Listener at 0.0.0.0/46451] INFO  http.HttpServer2 (HttpServer2.java:addFilter(1013)) - Added filter static_user_filter (class=org.apache.hadoop.http.lib.StaticUserWebFilter$StaticUserFilter) to context logs
2022-06-25 01:03:35,245 [Listener at 0.0.0.0/46451] INFO  http.HttpServer2 (HttpServer2.java:addFilter(1013)) - Added filter static_user_filter (class=org.apache.hadoop.http.lib.StaticUserWebFilter$StaticUserFilter) to context static
2022-06-25 01:03:35,245 [Listener at 0.0.0.0/46451] INFO  http.HttpServer2 (HttpServer2.java:bindListener(1248)) - Jetty bound to port 38239
2022-06-25 01:03:35,245 [Listener at 0.0.0.0/46451] INFO  server.Server (Server.java:doStart(375)) - jetty-9.4.43.v20210629; built: 2021-06-30T11:07:22.254Z; git: 526006ecfa3af7f1a27ef3a288e2bef7ea9dd7e8; jvm 1.8.0_332-b09
2022-06-25 01:03:35,258 [Listener at 0.0.0.0/46451] INFO  server.session (DefaultSessionIdManager.java:doStart(334)) - DefaultSessionIdManager workerName=node0
2022-06-25 01:03:35,258 [Listener at 0.0.0.0/46451] INFO  server.session (DefaultSessionIdManager.java:doStart(339)) - No SessionScavenger set, using defaults
2022-06-25 01:03:35,258 [Listener at 0.0.0.0/46451] INFO  server.session (HouseKeeper.java:startScavenging(132)) - node0 Scavenging every 660000ms
2022-06-25 01:03:35,262 [Listener at 0.0.0.0/46451] INFO  handler.ContextHandler (ContextHandler.java:doStart(915)) - Started o.e.j.s.ServletContextHandler@de62da8{logs,/logs,file:///home/runner/work/ozone/ozone/hadoop-ozone/integration-test/target/log,AVAILABLE}
2022-06-25 01:03:35,263 [Listener at 0.0.0.0/46451] INFO  handler.ContextHandler (ContextHandler.java:doStart(915)) - Started o.e.j.s.ServletContextHandler@33a6c588{static,/static,file:///home/runner/work/ozone/ozone/hadoop-ozone/integration-test/target/test-classes/webapps/static,AVAILABLE}
2022-06-25 01:03:35,267 [Listener at 0.0.0.0/46451] INFO  handler.ContextHandler (ContextHandler.java:doStart(915)) - Started o.e.j.w.WebAppContext@5867cdcd{scm,/,file:///home/runner/work/ozone/ozone/hadoop-ozone/integration-test/target/test-classes/webapps/scm/,AVAILABLE}{file:/home/runner/work/ozone/ozone/hadoop-ozone/integration-test/target/test-classes/webapps/scm}
2022-06-25 01:03:35,269 [Listener at 0.0.0.0/46451] INFO  server.AbstractConnector (AbstractConnector.java:doStart(331)) - Started ServerConnector@29d2428a{HTTP/1.1, (http/1.1)}{0.0.0.0:38239}
2022-06-25 01:03:35,270 [Listener at 0.0.0.0/46451] INFO  server.Server (Server.java:doStart(415)) - Started @49166ms
2022-06-25 01:03:35,270 [Listener at 0.0.0.0/46451] WARN  impl.MetricsSystemImpl (MetricsSystemImpl.java:register(279)) - Sink prometheus already exists!
2022-06-25 01:03:35,270 [Listener at 0.0.0.0/46451] INFO  http.BaseHttpServer (BaseHttpServer.java:updateConnectorAddress(329)) - HTTP server of scm listening at http://0.0.0.0:38239
2022-06-25 01:03:35,271 [Listener at 0.0.0.0/46451] WARN  server.ServerUtils (ServerUtils.java:getDBPath(225)) - ozone.om.db.dirs is not configured. We recommend adding this setting. Falling back to ozone.metadata.dirs instead.
2022-06-25 01:03:35,274 [Listener at 0.0.0.0/46451] INFO  ha.OMHANodeDetails (OMHANodeDetails.java:loadOMHAConfig(115)) - ozone.om.internal.service.id is not defined, falling back to ozone.om.service.ids to find serviceID for OzoneManager if it is HA enabled cluster
2022-06-25 01:03:35,275 [Listener at 0.0.0.0/46451] INFO  ha.OMHANodeDetails (OMHANodeDetails.java:loadOMHAConfig(226)) - Configuration does not have ozone.om.address set. Falling back to the default OM address /127.0.0.1:0
2022-06-25 01:03:35,275 [Listener at 0.0.0.0/46451] INFO  ha.OMHANodeDetails (OMHANodeDetails.java:getOMNodeDetailsForNonHA(254)) - OM Service ID is not set. Setting it to the default ID: omServiceIdDefault
2022-06-25 01:03:35,275 [Listener at 0.0.0.0/46451] INFO  ha.OMHANodeDetails (OMHANodeDetails.java:getOMNodeDetailsForNonHA(261)) - OM Node ID is not set. Setting it to the default ID: om1
2022-06-25 01:03:35,275 [Listener at 0.0.0.0/46451] WARN  server.ServerUtils (ServerUtils.java:getDBPath(225)) - ozone.om.db.dirs is not configured. We recommend adding this setting. Falling back to ozone.metadata.dirs instead.
2022-06-25 01:03:35,275 [Listener at 0.0.0.0/46451] INFO  upgrade.AbstractLayoutVersionManager (AbstractLayoutVersionManager.java:init(82)) - Initializing Layout version manager with metadata layout = MULTITENANCY_SCHEMA (version = 3), software layout = MULTITENANCY_SCHEMA (version = 3)
2022-06-25 01:03:35,362 [Listener at 0.0.0.0/46451] INFO  reflections.Reflections (Reflections.java:scan(232)) - Reflections took 86 ms to scan 2 urls, producing 152 keys and 429 values [using 2 cores]
2022-06-25 01:03:35,363 [Listener at 0.0.0.0/46451] INFO  upgrade.OMLayoutVersionManager (OMLayoutVersionManager.java:lambda$0(115)) - Skipping Upgrade Action MockOmUpgradeAction since it has been finalized.
2022-06-25 01:03:35,363 [Listener at 0.0.0.0/46451] WARN  server.ServerUtils (ServerUtils.java:getDBPath(225)) - ozone.om.db.dirs is not configured. We recommend adding this setting. Falling back to ozone.metadata.dirs instead.
2022-06-25 01:03:35,364 [Listener at 0.0.0.0/46451] INFO  proxy.SCMBlockLocationFailoverProxyProvider (SCMBlockLocationFailoverProxyProvider.java:<init>(114)) - Created block location fail-over proxy with 1 nodes: [nodeId=scmNodeId,nodeAddress=/0.0.0.0:46345]
2022-06-25 01:03:35,364 [Listener at 0.0.0.0/46451] INFO  proxy.SCMBlockLocationFailoverProxyProvider (SCMBlockLocationFailoverProxyProvider.java:<init>(114)) - Created block location fail-over proxy with 1 nodes: [nodeId=scmNodeId,nodeAddress=/0.0.0.0:46345]
2022-06-25 01:03:35,375 [Listener at 0.0.0.0/46451] WARN  server.ServerUtils (ServerUtils.java:getDBPath(225)) - ozone.om.db.dirs is not configured. We recommend adding this setting. Falling back to ozone.metadata.dirs instead.
2022-06-25 01:03:35,375 [Listener at 0.0.0.0/46451] INFO  codec.OmKeyInfoCodec (OmKeyInfoCodec.java:<init>(49)) - OmKeyInfoCodec ignorePipeline = true
2022-06-25 01:03:35,375 [Listener at 0.0.0.0/46451] INFO  codec.RepeatedOmKeyInfoCodec (RepeatedOmKeyInfoCodec.java:<init>(41)) - RepeatedOmKeyInfoCodec ignorePipeline = true
2022-06-25 01:03:35,395 [ReplicationMonitor] INFO  replication.ReplicationManager (ReplicationManager.java:processAll(228)) - Replication Manager is not ready to run until 3000ms after safemode exit
2022-06-25 01:03:35,635 [Listener at 0.0.0.0/46451] INFO  om.OzoneManager (OzoneManager.java:instantiateServices(692)) - S3 Multi-Tenancy is disabled
2022-06-25 01:03:35,645 [Listener at 0.0.0.0/46451] INFO  om.OzoneManager (OzoneManager.java:addS3GVolumeToDB(4259)) - Created Volume s3v With Owner runner required for S3Gateway operations.
2022-06-25 01:03:35,646 [Listener at 0.0.0.0/46451] WARN  server.ServerUtils (ServerUtils.java:getDefaultRatisDirectory(237)) - Storage directory for Ratis is not configured. It is a good idea to map this to an SSD disk. Falling back to ozone.metadata.dirs
2022-06-25 01:03:35,646 [Listener at 0.0.0.0/46451] WARN  utils.OzoneManagerRatisUtils (OzoneManagerRatisUtils.java:getOMRatisSnapshotDirectory(431)) - ozone.om.ratis.snapshot.dir is not configured. Falling back to ozone.metadata.dirs config
2022-06-25 01:03:35,646 [Listener at 0.0.0.0/46451] WARN  impl.MetricRegistriesImpl (MetricRegistriesImpl.java:addReporterRegistration(111)) - New reporters are added after registries were created. Some metrics will be missing from the reporter. Please add reporter before adding any new registry.
2022-06-25 01:03:35,646 [Listener at 0.0.0.0/46451] WARN  impl.MetricRegistriesImpl (MetricRegistriesImpl.java:addReporterRegistration(111)) - New reporters are added after registries were created. Some metrics will be missing from the reporter. Please add reporter before adding any new registry.
2022-06-25 01:03:35,646 [Listener at 0.0.0.0/46451] WARN  server.ServerUtils (ServerUtils.java:getDefaultRatisDirectory(237)) - Storage directory for Ratis is not configured. It is a good idea to map this to an SSD disk. Falling back to ozone.metadata.dirs
2022-06-25 01:03:35,647 [Listener at 0.0.0.0/46451] INFO  ratis.OzoneManagerRatisServer (OzoneManagerRatisServer.java:<init>(159)) - Instantiating OM Ratis server with groupID: omServiceIdDefault and peers: localhost:37853
2022-06-25 01:03:35,647 [Listener at 0.0.0.0/46451] INFO  ratis.OzoneManagerStateMachine (OzoneManagerStateMachine.java:loadSnapshotInfoFromDB(632)) - LastAppliedIndex is set from TransactionInfo from OM DB as (t:0, i:~)
2022-06-25 01:03:35,655 [Listener at 0.0.0.0/46451] INFO  server.RaftServer (ConfUtils.java:logGet(46)) - raft.rpc.type = GRPC (default)
2022-06-25 01:03:35,656 [Listener at 0.0.0.0/46451] INFO  grpc.GrpcFactory (GrpcFactory.java:checkPooledByteBufAllocatorUseCacheForAllThreads(48)) - PERFORMANCE WARNING: useCacheForAllThreads is true that may cause Netty to create a lot garbage objects and, as a result, trigger GC.
	It is recommended to disable useCacheForAllThreads by setting -Dorg.apache.ratis.thirdparty.io.netty.allocator.useCacheForAllThreads=false in command line.
2022-06-25 01:03:35,656 [Listener at 0.0.0.0/46451] INFO  grpc.GrpcConfigKeys (ConfUtils.java:logGet(46)) - raft.grpc.admin.port = -1 (default)
2022-06-25 01:03:35,656 [Listener at 0.0.0.0/46451] INFO  grpc.GrpcConfigKeys (ConfUtils.java:logGet(46)) - raft.grpc.server.port = 37853 (custom)
2022-06-25 01:03:35,656 [Listener at 0.0.0.0/46451] INFO  grpc.GrpcConfigKeys (ConfUtils.java:logGet(46)) - raft.grpc.client.port = -1 (default)
2022-06-25 01:03:35,656 [Listener at 0.0.0.0/46451] INFO  grpc.GrpcConfigKeys (ConfUtils.java:logGet(46)) - raft.grpc.server.port = 37853 (custom)
2022-06-25 01:03:35,656 [Listener at 0.0.0.0/46451] INFO  grpc.GrpcConfigKeys (ConfUtils.java:logGet(46)) - raft.grpc.server.port = 37853 (custom)
2022-06-25 01:03:35,656 [Listener at 0.0.0.0/46451] INFO  server.GrpcService (ConfUtils.java:logGet(46)) - raft.grpc.message.size.max = 33554432 (custom)
2022-06-25 01:03:35,656 [Listener at 0.0.0.0/46451] INFO  server.RaftServerConfigKeys (ConfUtils.java:logGet(46)) - raft.server.log.appender.buffer.byte-limit = 33554432 (custom)
2022-06-25 01:03:35,656 [Listener at 0.0.0.0/46451] INFO  server.GrpcService (ConfUtils.java:logGet(46)) - raft.grpc.flow.control.window = 1MB (=1048576) (default)
2022-06-25 01:03:35,656 [Listener at 0.0.0.0/46451] INFO  server.RaftServerConfigKeys (ConfUtils.java:logGet(46)) - raft.server.rpc.request.timeout = 3000ms (default)
2022-06-25 01:03:35,656 [Listener at 0.0.0.0/46451] INFO  grpc.GrpcConfigKeys (ConfUtils.java:logGet(46)) - raft.grpc.server.async.request.thread.pool.cached = true (default)
2022-06-25 01:03:35,657 [Listener at 0.0.0.0/46451] INFO  grpc.GrpcConfigKeys (ConfUtils.java:logGet(46)) - raft.grpc.server.async.request.thread.pool.size = 32 (default)
2022-06-25 01:03:35,658 [Listener at 0.0.0.0/46451] INFO  impl.DataStreamServerImpl (ConfUtils.java:logGet(46)) - raft.datastream.type = DISABLED (default)
2022-06-25 01:03:35,658 [Listener at 0.0.0.0/46451] INFO  server.RaftServerConfigKeys (ConfUtils.java:logGet(46)) - raft.server.threadpool.proxy.cached = true (default)
2022-06-25 01:03:35,658 [Listener at 0.0.0.0/46451] INFO  server.RaftServerConfigKeys (ConfUtils.java:logGet(46)) - raft.server.threadpool.proxy.size = 0 (default)
2022-06-25 01:03:35,658 [Listener at 0.0.0.0/46451] INFO  server.RaftServerConfigKeys (ConfUtils.java:logGet(46)) - raft.server.rpc.slowness.timeout = 120s (custom)
2022-06-25 01:03:35,658 [Listener at 0.0.0.0/46451] INFO  server.RaftServerConfigKeys (ConfUtils.java:logGet(46)) - raft.server.leaderelection.leader.step-down.wait-time = 10s (default)
2022-06-25 01:03:35,658 [Listener at 0.0.0.0/46451] INFO  server.RaftServerConfigKeys (ConfUtils.java:logGet(46)) - raft.server.storage.dir = [/home/runner/work/ozone/ozone/hadoop-ozone/integration-test/target/test-dir/MiniOzoneClusterImpl-98544e40-9ccb-4631-a40b-d3ef89b7f82d/ozone-meta/ratis] (custom)
2022-06-25 01:03:35,665 [Listener at 0.0.0.0/46451] INFO  server.RaftServer (RaftServerProxy.java:addNew(96)) - om1: addNew group-C5BA1605619E:[om1|rpc:localhost:37853|priority:0] returns group-C5BA1605619E:java.util.concurrent.CompletableFuture@11419312[Not completed]
2022-06-25 01:03:35,665 [Listener at 0.0.0.0/46451] INFO  om.OzoneManager (OzoneManager.java:initializeRatisServer(1961)) - OzoneManager Ratis server initialized at port 37853
2022-06-25 01:03:35,666 [Listener at 0.0.0.0/46451] INFO  om.OzoneManager (OzoneManager.java:getRpcServer(1081)) - Creating RPC Server
2022-06-25 01:03:35,672 [pool-618-thread-1] INFO  server.RaftServer$Division (RaftServerImpl.java:<init>(190)) - om1: new RaftServerImpl for group-C5BA1605619E:[om1|rpc:localhost:37853|priority:0] with OzoneManagerStateMachine:uninitialized
2022-06-25 01:03:35,672 [pool-618-thread-1] INFO  server.RaftServerConfigKeys (ConfUtils.java:logGet(46)) - raft.server.rpc.timeout.min = 1s (custom)
2022-06-25 01:03:35,672 [pool-618-thread-1] INFO  server.RaftServerConfigKeys (ConfUtils.java:logGet(46)) - raft.server.rpc.timeout.max = 1200ms (custom)
2022-06-25 01:03:35,673 [pool-618-thread-1] INFO  server.RaftServerConfigKeys (ConfUtils.java:logGet(46)) - raft.server.rpc.sleep.time = 25ms (default)
2022-06-25 01:03:35,673 [pool-618-thread-1] INFO  server.RaftServerConfigKeys (ConfUtils.java:logGet(46)) - raft.server.rpc.slowness.timeout = 120s (custom)
2022-06-25 01:03:35,673 [pool-618-thread-1] INFO  server.RaftServerConfigKeys (ConfUtils.java:logGet(46)) - raft.server.leaderelection.leader.step-down.wait-time = 10s (default)
2022-06-25 01:03:35,673 [pool-618-thread-1] INFO  server.RaftServerConfigKeys (ConfUtils.java:logGet(46)) - raft.server.sleep.deviation.threshold = 300ms (default)
2022-06-25 01:03:35,673 [pool-618-thread-1] INFO  server.RaftServer$Division (ServerState.java:<init>(107)) - om1@group-C5BA1605619E: ConfigurationManager, init=-1: [om1|rpc:localhost:37853|priority:0], old=null, confs=<EMPTY_MAP>
2022-06-25 01:03:35,673 [pool-618-thread-1] INFO  server.RaftServerConfigKeys (ConfUtils.java:logGet(46)) - raft.server.storage.dir = [/home/runner/work/ozone/ozone/hadoop-ozone/integration-test/target/test-dir/MiniOzoneClusterImpl-98544e40-9ccb-4631-a40b-d3ef89b7f82d/ozone-meta/ratis] (custom)
2022-06-25 01:03:35,673 [pool-618-thread-1] INFO  server.RaftServerConfigKeys (ConfUtils.java:logGet(46)) - raft.server.log.corruption.policy = EXCEPTION (default)
2022-06-25 01:03:35,673 [pool-618-thread-1] INFO  server.RaftServerConfigKeys (ConfUtils.java:logGet(46)) - raft.server.storage.free-space.min = 0MB (=0) (default)
2022-06-25 01:03:35,673 [pool-618-thread-1] INFO  storage.RaftStorageDirectory (RaftStorageDirectoryImpl.java:analyzeStorage(135)) - The storage directory /home/runner/work/ozone/ozone/hadoop-ozone/integration-test/target/test-dir/MiniOzoneClusterImpl-98544e40-9ccb-4631-a40b-d3ef89b7f82d/ozone-meta/ratis/bf265839-605b-3f16-9796-c5ba1605619e does not exist. Creating ...
2022-06-25 01:03:35,676 [pool-618-thread-1] INFO  storage.RaftStorageDirectory (RaftStorageDirectoryImpl.java:tryLock(230)) - Lock on /home/runner/work/ozone/ozone/hadoop-ozone/integration-test/target/test-dir/MiniOzoneClusterImpl-98544e40-9ccb-4631-a40b-d3ef89b7f82d/ozone-meta/ratis/bf265839-605b-3f16-9796-c5ba1605619e/in_use.lock acquired by nodename 7033@fv-az66-546
2022-06-25 01:03:35,678 [pool-618-thread-1] INFO  storage.RaftStorage (RaftStorageImpl.java:format(89)) - Storage directory /home/runner/work/ozone/ozone/hadoop-ozone/integration-test/target/test-dir/MiniOzoneClusterImpl-98544e40-9ccb-4631-a40b-d3ef89b7f82d/ozone-meta/ratis/bf265839-605b-3f16-9796-c5ba1605619e has been successfully formatted.
2022-06-25 01:03:35,678 [pool-618-thread-1] INFO  server.RaftServerConfigKeys (ConfUtils.java:logGet(46)) - raft.server.notification.no-leader.timeout = 120s (custom)
2022-06-25 01:03:35,678 [pool-618-thread-1] INFO  server.RaftServerConfigKeys (ConfUtils.java:logGet(46)) - raft.server.log.use.memory = false (default)
2022-06-25 01:03:35,678 [pool-618-thread-1] INFO  server.RaftServerConfigKeys (ConfUtils.java:logGet(46)) - raft.server.log.purge.gap = 1000000 (custom)
2022-06-25 01:03:35,678 [pool-618-thread-1] INFO  server.RaftServerConfigKeys (ConfUtils.java:logGet(46)) - raft.server.log.appender.buffer.byte-limit = 33554432 (custom)
2022-06-25 01:03:35,678 [pool-618-thread-1] INFO  server.RaftServerConfigKeys (ConfUtils.java:logGet(46)) - raft.server.log.statemachine.data.read.timeout = 1000ms (default)
2022-06-25 01:03:35,679 [pool-618-thread-1] INFO  server.RaftServerConfigKeys (ConfUtils.java:logGet(46)) - raft.server.log.segment.size.max = 4194304 (custom)
2022-06-25 01:03:35,679 [pool-618-thread-1] INFO  server.RaftServerConfigKeys (ConfUtils.java:logGet(46)) - raft.server.log.segment.cache.num.max = 2 (custom)
2022-06-25 01:03:35,679 [pool-618-thread-1] INFO  server.RaftServerConfigKeys (ConfUtils.java:logGet(46)) - raft.server.log.segment.cache.size.max = 200MB (=209715200) (default)
2022-06-25 01:03:35,679 [pool-618-thread-1] INFO  segmented.SegmentedRaftLogWorker (SegmentedRaftLogWorker.java:<init>(187)) - new om1@group-C5BA1605619E-SegmentedRaftLogWorker for RaftStorageImpl:Storage Directory /home/runner/work/ozone/ozone/hadoop-ozone/integration-test/target/test-dir/MiniOzoneClusterImpl-98544e40-9ccb-4631-a40b-d3ef89b7f82d/ozone-meta/ratis/bf265839-605b-3f16-9796-c5ba1605619e
2022-06-25 01:03:35,679 [pool-618-thread-1] INFO  server.RaftServerConfigKeys (ConfUtils.java:logGet(46)) - raft.server.log.queue.byte-limit = 64MB (=67108864) (default)
2022-06-25 01:03:35,679 [pool-618-thread-1] INFO  server.RaftServerConfigKeys (ConfUtils.java:logGet(46)) - raft.server.log.queue.element-limit = 4096 (default)
2022-06-25 01:03:35,679 [pool-618-thread-1] INFO  server.RaftServerConfigKeys (ConfUtils.java:logGet(46)) - raft.server.log.segment.size.max = 4194304 (custom)
2022-06-25 01:03:35,679 [pool-618-thread-1] INFO  server.RaftServerConfigKeys (ConfUtils.java:logGet(46)) - raft.server.log.preallocated.size = 4194304 (custom)
2022-06-25 01:03:35,679 [pool-618-thread-1] INFO  server.RaftServerConfigKeys (ConfUtils.java:logGet(46)) - raft.server.log.force.sync.num = 128 (default)
2022-06-25 01:03:35,679 [pool-618-thread-1] INFO  server.RaftServerConfigKeys (ConfUtils.java:logGet(46)) - raft.server.log.statemachine.data.sync = true (default)
2022-06-25 01:03:35,679 [pool-618-thread-1] INFO  server.RaftServerConfigKeys (ConfUtils.java:logGet(46)) - raft.server.log.statemachine.data.sync.timeout = 10s (default)
2022-06-25 01:03:35,679 [pool-618-thread-1] INFO  server.RaftServerConfigKeys (ConfUtils.java:logGet(46)) - raft.server.log.statemachine.data.sync.timeout.retry = -1 (default)
2022-06-25 01:03:35,690 [pool-618-thread-1] INFO  server.RaftServerConfigKeys (ConfUtils.java:logGet(46)) - raft.server.log.write.buffer.size = 64KB (=65536) (default)
2022-06-25 01:03:35,690 [pool-618-thread-1] INFO  server.RaftServerConfigKeys (ConfUtils.java:logGet(46)) - raft.server.log.unsafe-flush.enabled = false (default)
2022-06-25 01:03:35,690 [pool-618-thread-1] INFO  server.RaftServerConfigKeys (ConfUtils.java:logGet(46)) - raft.server.log.statemachine.data.caching.enabled = false (default)
2022-06-25 01:03:35,697 [pool-618-thread-1] INFO  segmented.SegmentedRaftLogWorker (SegmentedRaftLogWorker.java:lambda$new$0(135)) - om1@group-C5BA1605619E-SegmentedRaftLogWorker: flushIndex: setUnconditionally 0 -> -1
2022-06-25 01:03:35,697 [pool-618-thread-1] INFO  segmented.SegmentedRaftLogWorker (SegmentedRaftLogWorker.java:lambda$new$0(135)) - om1@group-C5BA1605619E-SegmentedRaftLogWorker: safeCacheEvictIndex: setUnconditionally 0 -> -1
2022-06-25 01:03:35,714 [pool-618-thread-1] INFO  server.RaftServerConfigKeys (ConfUtils.java:logGet(46)) - raft.server.snapshot.auto.trigger.enabled = true (custom)
2022-06-25 01:03:35,714 [pool-618-thread-1] INFO  server.RaftServerConfigKeys (ConfUtils.java:logGet(46)) - raft.server.snapshot.auto.trigger.threshold = 400000 (default)
2022-06-25 01:03:35,714 [pool-618-thread-1] INFO  server.RaftServerConfigKeys (ConfUtils.java:logGet(46)) - raft.server.snapshot.retention.file.num = -1 (default)
2022-06-25 01:03:35,714 [pool-618-thread-1] INFO  server.RaftServerConfigKeys (ConfUtils.java:logGet(46)) - raft.server.log.purge.upto.snapshot.index = true (custom)
2022-06-25 01:03:35,715 [pool-618-thread-1] INFO  server.RaftServerConfigKeys (ConfUtils.java:logGet(46)) - raft.server.retrycache.expirytime = 300s (custom)
2022-06-25 01:03:35,715 [pool-618-thread-1] INFO  server.RaftServerConfigKeys (ConfUtils.java:logGet(46)) - raft.server.retrycache.statistics.expirytime = 100μs (default)
2022-06-25 01:03:35,715 [pool-618-thread-1] INFO  server.RaftServerConfigKeys (ConfUtils.java:logGet(46)) - raft.server.log.appender.install.snapshot.enabled = false (custom)
2022-06-25 01:03:35,715 [pool-618-thread-1] INFO  server.RaftServerConfigKeys (ConfUtils.java:logGet(46)) - raft.server.threadpool.server.cached = true (default)
2022-06-25 01:03:35,715 [pool-618-thread-1] INFO  server.RaftServerConfigKeys (ConfUtils.java:logGet(46)) - raft.server.threadpool.server.size = 0 (default)
2022-06-25 01:03:35,715 [pool-618-thread-1] INFO  server.RaftServerConfigKeys (ConfUtils.java:logGet(46)) - raft.server.threadpool.client.cached = true (default)
2022-06-25 01:03:35,715 [pool-618-thread-1] INFO  server.RaftServerConfigKeys (ConfUtils.java:logGet(46)) - raft.server.threadpool.client.size = 0 (default)
2022-06-25 01:03:36,124 [ReplicationMonitor] INFO  replication.ReplicationManager (ReplicationManager.java:processAll(228)) - Replication Manager is not ready to run until 3000ms after safemode exit
2022-06-25 01:03:36,228 [ReplicationMonitor] INFO  replication.ReplicationManager (ReplicationManager.java:processAll(249)) - Replication Monitor Thread took 1 milliseconds for processing 6 containers.
2022-06-25 01:03:36,238 [Listener at 0.0.0.0/46451] INFO  reflections.Reflections (Reflections.java:scan(232)) - Reflections took 571 ms to scan 19 urls, producing 66 keys and 4066 values [using 2 cores]
2022-06-25 01:03:36,240 [Listener at 0.0.0.0/46451] INFO  ipc.CallQueueManager (CallQueueManager.java:<init>(90)) - Using callQueue: class java.util.concurrent.LinkedBlockingQueue, queueCapacity: 2000, scheduler: class org.apache.hadoop.ipc.DefaultRpcScheduler, ipcBackoff: false.
2022-06-25 01:03:36,242 [Socket Reader #1 for port 0] INFO  ipc.Server (Server.java:run(1265)) - Starting Socket Reader #1 for port 0
2022-06-25 01:03:36,275 [f13c4bc8-70da-4cb5-bf8c-82536bc78435@group-209269214918-FollowerState] INFO  impl.FollowerState (FollowerState.java:run(143)) - f13c4bc8-70da-4cb5-bf8c-82536bc78435@group-209269214918-FollowerState: change to CANDIDATE, lastRpcElapsedTime:5132754523ns, electionTimeout:5122ms
2022-06-25 01:03:36,275 [f13c4bc8-70da-4cb5-bf8c-82536bc78435@group-209269214918-FollowerState] INFO  impl.RoleInfo (RoleInfo.java:shutdownFollowerState(110)) - f13c4bc8-70da-4cb5-bf8c-82536bc78435: shutdown f13c4bc8-70da-4cb5-bf8c-82536bc78435@group-209269214918-FollowerState
2022-06-25 01:03:36,275 [f13c4bc8-70da-4cb5-bf8c-82536bc78435@group-209269214918-FollowerState] INFO  server.RaftServer$Division (RaftServerImpl.java:setRole(299)) - f13c4bc8-70da-4cb5-bf8c-82536bc78435@group-209269214918: changes role from  FOLLOWER to CANDIDATE at term 1 for changeToCandidate
2022-06-25 01:03:36,275 [f13c4bc8-70da-4cb5-bf8c-82536bc78435@group-209269214918-FollowerState] INFO  server.RaftServerConfigKeys (ConfUtils.java:logGet(46)) - raft.server.leaderelection.pre-vote = false (custom)
2022-06-25 01:03:36,276 [f13c4bc8-70da-4cb5-bf8c-82536bc78435@group-209269214918-FollowerState] INFO  impl.RoleInfo (RoleInfo.java:updateAndGet(139)) - f13c4bc8-70da-4cb5-bf8c-82536bc78435: start f13c4bc8-70da-4cb5-bf8c-82536bc78435@group-209269214918-LeaderElection26
2022-06-25 01:03:36,276 [Listener at 127.0.0.1/46351] INFO  impl.MetricsSystemImpl (MetricsSystemImpl.java:init(158)) - OzoneManager metrics system started (again)
2022-06-25 01:03:36,286 [df1d8881-24e2-4ee3-b76e-d18ef9412a67@group-209269214918-FollowerState] INFO  impl.FollowerState (FollowerState.java:run(143)) - df1d8881-24e2-4ee3-b76e-d18ef9412a67@group-209269214918-FollowerState: change to CANDIDATE, lastRpcElapsedTime:5111630050ns, electionTimeout:5086ms
2022-06-25 01:03:36,286 [df1d8881-24e2-4ee3-b76e-d18ef9412a67@group-209269214918-FollowerState] INFO  impl.RoleInfo (RoleInfo.java:shutdownFollowerState(110)) - df1d8881-24e2-4ee3-b76e-d18ef9412a67: shutdown df1d8881-24e2-4ee3-b76e-d18ef9412a67@group-209269214918-FollowerState
2022-06-25 01:03:36,286 [df1d8881-24e2-4ee3-b76e-d18ef9412a67@group-209269214918-FollowerState] INFO  server.RaftServer$Division (RaftServerImpl.java:setRole(299)) - df1d8881-24e2-4ee3-b76e-d18ef9412a67@group-209269214918: changes role from  FOLLOWER to CANDIDATE at term 1 for changeToCandidate
2022-06-25 01:03:36,286 [df1d8881-24e2-4ee3-b76e-d18ef9412a67@group-209269214918-FollowerState] INFO  server.RaftServerConfigKeys (ConfUtils.java:logGet(46)) - raft.server.leaderelection.pre-vote = false (custom)
2022-06-25 01:03:36,286 [df1d8881-24e2-4ee3-b76e-d18ef9412a67@group-209269214918-FollowerState] INFO  impl.RoleInfo (RoleInfo.java:updateAndGet(139)) - df1d8881-24e2-4ee3-b76e-d18ef9412a67: start df1d8881-24e2-4ee3-b76e-d18ef9412a67@group-209269214918-LeaderElection27
2022-06-25 01:03:36,287 [f13c4bc8-70da-4cb5-bf8c-82536bc78435@group-209269214918-LeaderElection26] INFO  impl.LeaderElection (LeaderElection.java:askForVotes(310)) - f13c4bc8-70da-4cb5-bf8c-82536bc78435@group-209269214918-LeaderElection26 ELECTION round 0: submit vote requests at term 2 for -1: [f13c4bc8-70da-4cb5-bf8c-82536bc78435|rpc:10.1.0.8:42013|dataStream:|priority:0, df1d8881-24e2-4ee3-b76e-d18ef9412a67|rpc:10.1.0.8:33439|dataStream:|priority:0, 7249bc38-cb50-4b50-8149-55795ead00f8|rpc:10.1.0.8:41595|dataStream:|priority:1], old=null
2022-06-25 01:03:36,297 [Listener at 127.0.0.1/46351] INFO  om.OzoneManager (OzoneManager.java:start(1465)) - OzoneManager RPC server is listening at localhost/127.0.0.1:46351
2022-06-25 01:03:36,297 [Listener at 127.0.0.1/46351] INFO  ratis.OzoneManagerRatisServer (OzoneManagerRatisServer.java:start(554)) - Starting OzoneManagerRatisServer om1 at port 37853
2022-06-25 01:03:36,298 [om1-impl-thread1] INFO  server.RaftServer$Division (RaftServerImpl.java:start(310)) - om1@group-C5BA1605619E: start as a follower, conf=-1: [om1|rpc:localhost:37853|priority:0], old=null
2022-06-25 01:03:36,298 [om1-impl-thread1] INFO  server.RaftServer$Division (RaftServerImpl.java:setRole(299)) - om1@group-C5BA1605619E: changes role from      null to FOLLOWER at term 0 for startAsFollower
2022-06-25 01:03:36,298 [om1-impl-thread1] INFO  impl.RoleInfo (RoleInfo.java:updateAndGet(139)) - om1: start om1@group-C5BA1605619E-FollowerState
2022-06-25 01:03:36,300 [df1d8881-24e2-4ee3-b76e-d18ef9412a67@group-209269214918-LeaderElection27] INFO  impl.LeaderElection (LeaderElection.java:askForVotes(310)) - df1d8881-24e2-4ee3-b76e-d18ef9412a67@group-209269214918-LeaderElection27 ELECTION round 0: submit vote requests at term 2 for -1: [f13c4bc8-70da-4cb5-bf8c-82536bc78435|rpc:10.1.0.8:42013|priority:0, df1d8881-24e2-4ee3-b76e-d18ef9412a67|rpc:10.1.0.8:33439|priority:0, 7249bc38-cb50-4b50-8149-55795ead00f8|rpc:10.1.0.8:41595|priority:1], old=null
2022-06-25 01:03:36,302 [om1-impl-thread1] ERROR util.JmxRegister (JmxRegister.java:tryRegister(40)) - Failed to register JMX Bean with name Ratis:service=RaftServer,group=group-C5BA1605619E,id=om1
javax.management.InstanceAlreadyExistsException: Ratis:service=RaftServer,group=group-C5BA1605619E,id=om1
	at com.sun.jmx.mbeanserver.Repository.addMBean(Repository.java:437)
	at com.sun.jmx.interceptor.DefaultMBeanServerInterceptor.registerWithRepository(DefaultMBeanServerInterceptor.java:1898)
	at com.sun.jmx.interceptor.DefaultMBeanServerInterceptor.registerDynamicMBean(DefaultMBeanServerInterceptor.java:966)
	at com.sun.jmx.interceptor.DefaultMBeanServerInterceptor.registerObject(DefaultMBeanServerInterceptor.java:900)
	at com.sun.jmx.interceptor.DefaultMBeanServerInterceptor.registerMBean(DefaultMBeanServerInterceptor.java:324)
	at com.sun.jmx.mbeanserver.JmxMBeanServer.registerMBean(JmxMBeanServer.java:522)
	at org.apache.ratis.util.JmxRegister.tryRegister(JmxRegister.java:38)
	at org.apache.ratis.util.JmxRegister.register(JmxRegister.java:56)
	at org.apache.ratis.server.impl.RaftServerImpl.registerMBean(RaftServerImpl.java:329)
	at org.apache.ratis.server.impl.RaftServerImpl.start(RaftServerImpl.java:320)
	at org.apache.ratis.util.ConcurrentUtils.lambda$null$3(ConcurrentUtils.java:162)
	at java.util.concurrent.ThreadPoolExecutor.runWorker(ThreadPoolExecutor.java:1149)
	at java.util.concurrent.ThreadPoolExecutor$Worker.run(ThreadPoolExecutor.java:624)
	at java.lang.Thread.run(Thread.java:750)
2022-06-25 01:03:36,302 [om1-impl-thread1] ERROR util.JmxRegister (JmxRegister.java:tryRegister(40)) - Failed to register JMX Bean with name Ratis:service=RaftServer,group=group-C5BA1605619E,id="om1"
javax.management.InstanceAlreadyExistsException: Ratis:service=RaftServer,group=group-C5BA1605619E,id="om1"
	at com.sun.jmx.mbeanserver.Repository.addMBean(Repository.java:437)
	at com.sun.jmx.interceptor.DefaultMBeanServerInterceptor.registerWithRepository(DefaultMBeanServerInterceptor.java:1898)
	at com.sun.jmx.interceptor.DefaultMBeanServerInterceptor.registerDynamicMBean(DefaultMBeanServerInterceptor.java:966)
	at com.sun.jmx.interceptor.DefaultMBeanServerInterceptor.registerObject(DefaultMBeanServerInterceptor.java:900)
	at com.sun.jmx.interceptor.DefaultMBeanServerInterceptor.registerMBean(DefaultMBeanServerInterceptor.java:324)
	at com.sun.jmx.mbeanserver.JmxMBeanServer.registerMBean(JmxMBeanServer.java:522)
	at org.apache.ratis.util.JmxRegister.tryRegister(JmxRegister.java:38)
	at org.apache.ratis.util.JmxRegister.register(JmxRegister.java:56)
	at org.apache.ratis.server.impl.RaftServerImpl.registerMBean(RaftServerImpl.java:329)
	at org.apache.ratis.server.impl.RaftServerImpl.start(RaftServerImpl.java:320)
	at org.apache.ratis.util.ConcurrentUtils.lambda$null$3(ConcurrentUtils.java:162)
	at java.util.concurrent.ThreadPoolExecutor.runWorker(ThreadPoolExecutor.java:1149)
	at java.util.concurrent.ThreadPoolExecutor$Worker.run(ThreadPoolExecutor.java:624)
	at java.lang.Thread.run(Thread.java:750)
2022-06-25 01:03:36,317 [Listener at 127.0.0.1/46351] INFO  server.RaftServer (RaftServerProxy.java:lambda$start$6(382)) - om1: start RPC server
2022-06-25 01:03:36,320 [grpc-default-executor-3] INFO  server.RaftServer$Division (RaftServerImpl.java:requestVote(1152)) - f13c4bc8-70da-4cb5-bf8c-82536bc78435@group-209269214918: receive requestVote(ELECTION, df1d8881-24e2-4ee3-b76e-d18ef9412a67, group-209269214918, 2, (t:0, i:0))
2022-06-25 01:03:36,320 [grpc-default-executor-2] INFO  server.RaftServer$Division (RaftServerImpl.java:requestVote(1152)) - 7249bc38-cb50-4b50-8149-55795ead00f8@group-209269214918: receive requestVote(ELECTION, df1d8881-24e2-4ee3-b76e-d18ef9412a67, group-209269214918, 2, (t:0, i:0))
2022-06-25 01:03:36,320 [grpc-default-executor-2] INFO  impl.VoteContext (VoteContext.java:log(48)) - 7249bc38-cb50-4b50-8149-55795ead00f8@group-209269214918-FOLLOWER: reject ELECTION from df1d8881-24e2-4ee3-b76e-d18ef9412a67: our priority 1 > candidate's priority 0
2022-06-25 01:03:36,320 [grpc-default-executor-2] INFO  server.RaftServer$Division (RaftServerImpl.java:setRole(299)) - 7249bc38-cb50-4b50-8149-55795ead00f8@group-209269214918: changes role from  FOLLOWER to FOLLOWER at term 2 for candidate:df1d8881-24e2-4ee3-b76e-d18ef9412a67
2022-06-25 01:03:36,320 [grpc-default-executor-2] INFO  impl.RoleInfo (RoleInfo.java:shutdownFollowerState(110)) - 7249bc38-cb50-4b50-8149-55795ead00f8: shutdown 7249bc38-cb50-4b50-8149-55795ead00f8@group-209269214918-FollowerState
2022-06-25 01:03:36,320 [grpc-default-executor-2] INFO  impl.RoleInfo (RoleInfo.java:updateAndGet(139)) - 7249bc38-cb50-4b50-8149-55795ead00f8: start 7249bc38-cb50-4b50-8149-55795ead00f8@group-209269214918-FollowerState
2022-06-25 01:03:36,320 [grpc-default-executor-0] INFO  server.RaftServer$Division (RaftServerImpl.java:requestVote(1152)) - 7249bc38-cb50-4b50-8149-55795ead00f8@group-209269214918: receive requestVote(ELECTION, f13c4bc8-70da-4cb5-bf8c-82536bc78435, group-209269214918, 2, (t:0, i:0))
2022-06-25 01:03:36,320 [grpc-default-executor-3] INFO  impl.VoteContext (VoteContext.java:log(48)) - f13c4bc8-70da-4cb5-bf8c-82536bc78435@group-209269214918-CANDIDATE: reject ELECTION from df1d8881-24e2-4ee3-b76e-d18ef9412a67: already has voted for f13c4bc8-70da-4cb5-bf8c-82536bc78435 at current term 2
2022-06-25 01:03:36,321 [grpc-default-executor-3] INFO  server.RaftServer$Division (RaftServerImpl.java:requestVote(1184)) - f13c4bc8-70da-4cb5-bf8c-82536bc78435@group-209269214918 replies to ELECTION vote request: df1d8881-24e2-4ee3-b76e-d18ef9412a67<-f13c4bc8-70da-4cb5-bf8c-82536bc78435#0:FAIL-t2. Peer's state: f13c4bc8-70da-4cb5-bf8c-82536bc78435@group-209269214918:t2, leader=null, voted=f13c4bc8-70da-4cb5-bf8c-82536bc78435, raftlog=f13c4bc8-70da-4cb5-bf8c-82536bc78435@group-209269214918-SegmentedRaftLog:OPENED:c-1, conf=-1: [f13c4bc8-70da-4cb5-bf8c-82536bc78435|rpc:10.1.0.8:42013|dataStream:|priority:0, df1d8881-24e2-4ee3-b76e-d18ef9412a67|rpc:10.1.0.8:33439|dataStream:|priority:0, 7249bc38-cb50-4b50-8149-55795ead00f8|rpc:10.1.0.8:41595|dataStream:|priority:1], old=null
2022-06-25 01:03:36,324 [grpc-default-executor-2] INFO  server.RaftServer$Division (RaftServerImpl.java:requestVote(1184)) - 7249bc38-cb50-4b50-8149-55795ead00f8@group-209269214918 replies to ELECTION vote request: df1d8881-24e2-4ee3-b76e-d18ef9412a67<-7249bc38-cb50-4b50-8149-55795ead00f8#0:FAIL-t2. Peer's state: 7249bc38-cb50-4b50-8149-55795ead00f8@group-209269214918:t2, leader=null, voted=null, raftlog=7249bc38-cb50-4b50-8149-55795ead00f8@group-209269214918-SegmentedRaftLog:OPENED:c-1, conf=-1: [f13c4bc8-70da-4cb5-bf8c-82536bc78435|rpc:10.1.0.8:42013|dataStream:|priority:0, df1d8881-24e2-4ee3-b76e-d18ef9412a67|rpc:10.1.0.8:33439|dataStream:|priority:0, 7249bc38-cb50-4b50-8149-55795ead00f8|rpc:10.1.0.8:41595|dataStream:|priority:1], old=null
2022-06-25 01:03:36,324 [grpc-default-executor-0] INFO  impl.VoteContext (VoteContext.java:log(48)) - 7249bc38-cb50-4b50-8149-55795ead00f8@group-209269214918-FOLLOWER: reject ELECTION from f13c4bc8-70da-4cb5-bf8c-82536bc78435: our priority 1 > candidate's priority 0
2022-06-25 01:03:36,324 [grpc-default-executor-0] INFO  server.RaftServer$Division (RaftServerImpl.java:setRole(299)) - 7249bc38-cb50-4b50-8149-55795ead00f8@group-209269214918: changes role from  FOLLOWER to FOLLOWER at term 2 for candidate:f13c4bc8-70da-4cb5-bf8c-82536bc78435
2022-06-25 01:03:36,324 [grpc-default-executor-0] INFO  impl.RoleInfo (RoleInfo.java:shutdownFollowerState(110)) - 7249bc38-cb50-4b50-8149-55795ead00f8: shutdown 7249bc38-cb50-4b50-8149-55795ead00f8@group-209269214918-FollowerState
2022-06-25 01:03:36,324 [grpc-default-executor-0] INFO  impl.RoleInfo (RoleInfo.java:updateAndGet(139)) - 7249bc38-cb50-4b50-8149-55795ead00f8: start 7249bc38-cb50-4b50-8149-55795ead00f8@group-209269214918-FollowerState
2022-06-25 01:03:36,325 [grpc-default-executor-0] INFO  server.RaftServer$Division (RaftServerImpl.java:requestVote(1184)) - 7249bc38-cb50-4b50-8149-55795ead00f8@group-209269214918 replies to ELECTION vote request: f13c4bc8-70da-4cb5-bf8c-82536bc78435<-7249bc38-cb50-4b50-8149-55795ead00f8#0:FAIL-t2. Peer's state: 7249bc38-cb50-4b50-8149-55795ead00f8@group-209269214918:t2, leader=null, voted=null, raftlog=7249bc38-cb50-4b50-8149-55795ead00f8@group-209269214918-SegmentedRaftLog:OPENED:c-1, conf=-1: [f13c4bc8-70da-4cb5-bf8c-82536bc78435|rpc:10.1.0.8:42013|dataStream:|priority:0, df1d8881-24e2-4ee3-b76e-d18ef9412a67|rpc:10.1.0.8:33439|dataStream:|priority:0, 7249bc38-cb50-4b50-8149-55795ead00f8|rpc:10.1.0.8:41595|dataStream:|priority:1], old=null
2022-06-25 01:03:36,325 [df1d8881-24e2-4ee3-b76e-d18ef9412a67@group-209269214918-LeaderElection27] INFO  impl.LeaderElection (LeaderElection.java:logAndReturn(90)) - df1d8881-24e2-4ee3-b76e-d18ef9412a67@group-209269214918-LeaderElection27: ELECTION REJECTED received 1 response(s) and 0 exception(s):
2022-06-25 01:03:36,325 [df1d8881-24e2-4ee3-b76e-d18ef9412a67@group-209269214918-LeaderElection27] INFO  impl.LeaderElection (LeaderElection.java:logAndReturn(94)) -   Response 0: df1d8881-24e2-4ee3-b76e-d18ef9412a67<-7249bc38-cb50-4b50-8149-55795ead00f8#0:FAIL-t2
2022-06-25 01:03:36,326 [df1d8881-24e2-4ee3-b76e-d18ef9412a67@group-209269214918-LeaderElection27] INFO  impl.LeaderElection (LeaderElection.java:askForVotes(312)) - df1d8881-24e2-4ee3-b76e-d18ef9412a67@group-209269214918-LeaderElection27 ELECTION round 0: result REJECTED
2022-06-25 01:03:36,326 [df1d8881-24e2-4ee3-b76e-d18ef9412a67@group-209269214918-LeaderElection27] INFO  server.RaftServer$Division (RaftServerImpl.java:setRole(299)) - df1d8881-24e2-4ee3-b76e-d18ef9412a67@group-209269214918: changes role from CANDIDATE to FOLLOWER at term 2 for REJECTED
2022-06-25 01:03:36,326 [df1d8881-24e2-4ee3-b76e-d18ef9412a67@group-209269214918-LeaderElection27] INFO  impl.RoleInfo (RoleInfo.java:shutdownLeaderElection(130)) - df1d8881-24e2-4ee3-b76e-d18ef9412a67: shutdown df1d8881-24e2-4ee3-b76e-d18ef9412a67@group-209269214918-LeaderElection27
2022-06-25 01:03:36,326 [df1d8881-24e2-4ee3-b76e-d18ef9412a67@group-209269214918-LeaderElection27] INFO  impl.RoleInfo (RoleInfo.java:updateAndGet(139)) - df1d8881-24e2-4ee3-b76e-d18ef9412a67: start df1d8881-24e2-4ee3-b76e-d18ef9412a67@group-209269214918-FollowerState
2022-06-25 01:03:36,326 [Listener at 127.0.0.1/46351] INFO  server.GrpcService (GrpcService.java:startImpl(260)) - om1: GrpcService started, listening on 37853
2022-06-25 01:03:36,326 [Listener at 127.0.0.1/46351] INFO  om.OzoneManager (OzoneManager.java:start(1481)) - Version File has different layout version (3) than OM DB (null). That is expected if this OM has never been finalized to a newer layout version.
2022-06-25 01:03:36,327 [org.apache.ratis.util.JvmPauseMonitor$$Lambda$706/1141522042@43dceb02] INFO  util.JvmPauseMonitor (JvmPauseMonitor.java:run(103)) - JvmPauseMonitor-om1: Started
2022-06-25 01:03:36,341 [7249bc38-cb50-4b50-8149-55795ead00f8@group-209269214918-FollowerState] INFO  impl.FollowerState (FollowerState.java:run(152)) - 7249bc38-cb50-4b50-8149-55795ead00f8@group-209269214918-FollowerState was interrupted
2022-06-25 01:03:36,342 [grpc-default-executor-0] INFO  server.RaftServer$Division (RaftServerImpl.java:requestVote(1152)) - df1d8881-24e2-4ee3-b76e-d18ef9412a67@group-209269214918: receive requestVote(ELECTION, f13c4bc8-70da-4cb5-bf8c-82536bc78435, group-209269214918, 2, (t:0, i:0))
2022-06-25 01:03:36,342 [grpc-default-executor-0] INFO  impl.VoteContext (VoteContext.java:log(48)) - df1d8881-24e2-4ee3-b76e-d18ef9412a67@group-209269214918-FOLLOWER: reject ELECTION from f13c4bc8-70da-4cb5-bf8c-82536bc78435: already has voted for df1d8881-24e2-4ee3-b76e-d18ef9412a67 at current term 2
2022-06-25 01:03:36,342 [Listener at 127.0.0.1/46351] INFO  http.BaseHttpServer (BaseHttpServer.java:newHttpServer2BuilderForOzone(209)) - Starting Web-server for ozoneManager at: http://0.0.0.0:0
2022-06-25 01:03:36,342 [Listener at 127.0.0.1/46351] INFO  http.BaseHttpServer (BaseHttpServer.java:<init>(107)) - Hadoop Security Enabled: false Ozone Security Enabled: false Ozone HTTP Security Enabled: false 
2022-06-25 01:03:36,343 [Listener at 127.0.0.1/46351] INFO  server.AuthenticationFilter (AuthenticationFilter.java:constructSecretProvider(240)) - Unable to initialize FileSignerSecretProvider, falling back to use random secrets.
2022-06-25 01:03:36,344 [grpc-default-executor-0] INFO  server.RaftServer$Division (RaftServerImpl.java:requestVote(1184)) - df1d8881-24e2-4ee3-b76e-d18ef9412a67@group-209269214918 replies to ELECTION vote request: f13c4bc8-70da-4cb5-bf8c-82536bc78435<-df1d8881-24e2-4ee3-b76e-d18ef9412a67#0:FAIL-t2. Peer's state: df1d8881-24e2-4ee3-b76e-d18ef9412a67@group-209269214918:t2, leader=null, voted=df1d8881-24e2-4ee3-b76e-d18ef9412a67, raftlog=df1d8881-24e2-4ee3-b76e-d18ef9412a67@group-209269214918-SegmentedRaftLog:OPENED:c-1, conf=-1: [f13c4bc8-70da-4cb5-bf8c-82536bc78435|rpc:10.1.0.8:42013|priority:0, df1d8881-24e2-4ee3-b76e-d18ef9412a67|rpc:10.1.0.8:33439|priority:0, 7249bc38-cb50-4b50-8149-55795ead00f8|rpc:10.1.0.8:41595|priority:1], old=null
2022-06-25 01:03:36,344 [7249bc38-cb50-4b50-8149-55795ead00f8@group-209269214918-FollowerState] INFO  impl.FollowerState (FollowerState.java:shouldRun(117)) - 7249bc38-cb50-4b50-8149-55795ead00f8@group-209269214918-FollowerState: Stopping now (isRunning? false, role = FOLLOWER)
2022-06-25 01:03:36,352 [Listener at 127.0.0.1/46351] WARN  http.HttpRequestLog (HttpRequestLog.java:getRequestLog(103)) - Jetty request log can only be enabled using Log4j
2022-06-25 01:03:36,353 [Listener at 127.0.0.1/46351] INFO  http.HttpServer2 (HttpServer2.java:addGlobalFilter(1029)) - Added global filter 'safety' (class=org.apache.hadoop.hdds.server.http.HttpServer2$QuotingInputFilter)
2022-06-25 01:03:36,354 [Listener at 127.0.0.1/46351] INFO  http.HttpServer2 (HttpServer2.java:addFilter(1005)) - Added filter static_user_filter (class=org.apache.hadoop.http.lib.StaticUserWebFilter$StaticUserFilter) to context ozoneManager
2022-06-25 01:03:36,354 [Listener at 127.0.0.1/46351] INFO  http.HttpServer2 (HttpServer2.java:addFilter(1013)) - Added filter static_user_filter (class=org.apache.hadoop.http.lib.StaticUserWebFilter$StaticUserFilter) to context static
2022-06-25 01:03:36,354 [Listener at 127.0.0.1/46351] INFO  http.HttpServer2 (HttpServer2.java:addFilter(1013)) - Added filter static_user_filter (class=org.apache.hadoop.http.lib.StaticUserWebFilter$StaticUserFilter) to context logs
2022-06-25 01:03:36,357 [Listener at 127.0.0.1/46351] INFO  http.HttpServer2 (HttpServer2.java:bindListener(1248)) - Jetty bound to port 39911
2022-06-25 01:03:36,358 [Listener at 127.0.0.1/46351] INFO  server.Server (Server.java:doStart(375)) - jetty-9.4.43.v20210629; built: 2021-06-30T11:07:22.254Z; git: 526006ecfa3af7f1a27ef3a288e2bef7ea9dd7e8; jvm 1.8.0_332-b09
2022-06-25 01:03:36,380 [f13c4bc8-70da-4cb5-bf8c-82536bc78435@group-209269214918-LeaderElection26] INFO  impl.LeaderElection (LeaderElection.java:logAndReturn(90)) - f13c4bc8-70da-4cb5-bf8c-82536bc78435@group-209269214918-LeaderElection26: ELECTION REJECTED received 1 response(s) and 0 exception(s):
2022-06-25 01:03:36,380 [f13c4bc8-70da-4cb5-bf8c-82536bc78435@group-209269214918-LeaderElection26] INFO  impl.LeaderElection (LeaderElection.java:logAndReturn(94)) -   Response 0: f13c4bc8-70da-4cb5-bf8c-82536bc78435<-7249bc38-cb50-4b50-8149-55795ead00f8#0:FAIL-t2
2022-06-25 01:03:36,380 [f13c4bc8-70da-4cb5-bf8c-82536bc78435@group-209269214918-LeaderElection26] INFO  impl.LeaderElection (LeaderElection.java:askForVotes(312)) - f13c4bc8-70da-4cb5-bf8c-82536bc78435@group-209269214918-LeaderElection26 ELECTION round 0: result REJECTED
2022-06-25 01:03:36,380 [f13c4bc8-70da-4cb5-bf8c-82536bc78435@group-209269214918-LeaderElection26] INFO  server.RaftServer$Division (RaftServerImpl.java:setRole(299)) - f13c4bc8-70da-4cb5-bf8c-82536bc78435@group-209269214918: changes role from CANDIDATE to FOLLOWER at term 2 for REJECTED
2022-06-25 01:03:36,381 [f13c4bc8-70da-4cb5-bf8c-82536bc78435@group-209269214918-LeaderElection26] INFO  impl.RoleInfo (RoleInfo.java:shutdownLeaderElection(130)) - f13c4bc8-70da-4cb5-bf8c-82536bc78435: shutdown f13c4bc8-70da-4cb5-bf8c-82536bc78435@group-209269214918-LeaderElection26
2022-06-25 01:03:36,381 [f13c4bc8-70da-4cb5-bf8c-82536bc78435@group-209269214918-LeaderElection26] INFO  impl.RoleInfo (RoleInfo.java:updateAndGet(139)) - f13c4bc8-70da-4cb5-bf8c-82536bc78435: start f13c4bc8-70da-4cb5-bf8c-82536bc78435@group-209269214918-FollowerState
2022-06-25 01:03:36,384 [Listener at 127.0.0.1/46351] INFO  server.session (DefaultSessionIdManager.java:doStart(334)) - DefaultSessionIdManager workerName=node0
2022-06-25 01:03:36,384 [Listener at 127.0.0.1/46351] INFO  server.session (DefaultSessionIdManager.java:doStart(339)) - No SessionScavenger set, using defaults
2022-06-25 01:03:36,384 [Listener at 127.0.0.1/46351] INFO  server.session (HouseKeeper.java:startScavenging(132)) - node0 Scavenging every 660000ms
2022-06-25 01:03:36,385 [Listener at 127.0.0.1/46351] INFO  handler.ContextHandler (ContextHandler.java:doStart(915)) - Started o.e.j.s.ServletContextHandler@2886a3f9{logs,/logs,file:///home/runner/work/ozone/ozone/hadoop-ozone/integration-test/target/log,AVAILABLE}
2022-06-25 01:03:36,385 [Listener at 127.0.0.1/46351] INFO  handler.ContextHandler (ContextHandler.java:doStart(915)) - Started o.e.j.s.ServletContextHandler@a2de174{static,/static,file:///home/runner/work/ozone/ozone/hadoop-ozone/integration-test/target/test-classes/webapps/static,AVAILABLE}
2022-06-25 01:03:36,390 [Listener at 127.0.0.1/46351] INFO  handler.ContextHandler (ContextHandler.java:doStart(915)) - Started o.e.j.w.WebAppContext@3c8a337f{ozoneManager,/,file:///home/runner/work/ozone/ozone/hadoop-ozone/integration-test/target/test-classes/webapps/ozoneManager/,AVAILABLE}{file:/home/runner/work/ozone/ozone/hadoop-ozone/integration-test/target/test-classes/webapps/ozoneManager}
2022-06-25 01:03:36,393 [Listener at 127.0.0.1/46351] INFO  server.AbstractConnector (AbstractConnector.java:doStart(331)) - Started ServerConnector@6ae4011b{HTTP/1.1, (http/1.1)}{0.0.0.0:39911}
2022-06-25 01:03:36,393 [Listener at 127.0.0.1/46351] INFO  server.Server (Server.java:doStart(415)) - Started @50289ms
2022-06-25 01:03:36,393 [Listener at 127.0.0.1/46351] WARN  impl.MetricsSystemImpl (MetricsSystemImpl.java:register(279)) - Sink prometheus already exists!
2022-06-25 01:03:36,394 [Listener at 127.0.0.1/46351] INFO  http.BaseHttpServer (BaseHttpServer.java:updateConnectorAddress(329)) - HTTP server of ozoneManager listening at http://0.0.0.0:39911
2022-06-25 01:03:36,395 [IPC Server Responder] INFO  ipc.Server (Server.java:run(1507)) - IPC Server Responder: starting
2022-06-25 01:03:36,395 [IPC Server listener on 0] INFO  ipc.Server (Server.java:run(1344)) - IPC Server listener on 0: starting
2022-06-25 01:03:36,396 [ReplicationMonitor] INFO  replication.ReplicationManager (ReplicationManager.java:processAll(228)) - Replication Manager is not ready to run until 3000ms after safemode exit
2022-06-25 01:03:36,402 [Listener at 127.0.0.1/46351] INFO  om.OzoneManager (OzoneManager.java:startTrashEmptier(1905)) - Trash Interval set to 0. Files deleted won't move to trash
2022-06-25 01:03:36,410 [org.apache.hadoop.util.JvmPauseMonitor$Monitor@67105275] INFO  util.JvmPauseMonitor (JvmPauseMonitor.java:run(188)) - Starting JVM pause monitor
2022-06-25 01:03:36,423 [main] INFO  statemachine.DatanodeStateMachine (DatanodeStateMachine.java:stopDaemon(580)) - Ozone container server stopped.
2022-06-25 01:03:36,432 [Listener at 127.0.0.1/46351] WARN  impl.MetricRegistriesImpl (MetricRegistriesImpl.java:addReporterRegistration(111)) - New reporters are added after registries were created. Some metrics will be missing from the reporter. Please add reporter before adding any new registry.
2022-06-25 01:03:36,432 [Listener at 127.0.0.1/46351] WARN  impl.MetricRegistriesImpl (MetricRegistriesImpl.java:addReporterRegistration(111)) - New reporters are added after registries were created. Some metrics will be missing from the reporter. Please add reporter before adding any new registry.
2022-06-25 01:03:36,432 [Listener at 127.0.0.1/46351] INFO  impl.MetricsSystemImpl (MetricsSystemImpl.java:init(158)) - HddsDatanode metrics system started (again)
2022-06-25 01:03:36,448 [main] INFO  handler.ContextHandler (ContextHandler.java:doStop(1153)) - Stopped o.e.j.w.WebAppContext@14266c0{hddsDatanode,/,null,STOPPED}{jar:file:/home/runner/.m2/repository/org/apache/ozone/hdds-container-service/1.3.0-SNAPSHOT/hdds-container-service-1.3.0-SNAPSHOT.jar!/webapps/hddsDatanode}
2022-06-25 01:03:36,456 [main] INFO  server.AbstractConnector (AbstractConnector.java:doStop(381)) - Stopped ServerConnector@5d993b8d{HTTP/1.1, (http/1.1)}{0.0.0.0:0}
2022-06-25 01:03:36,456 [main] INFO  server.session (HouseKeeper.java:stopScavenging(149)) - node0 Stopped scavenging
2022-06-25 01:03:36,458 [main] INFO  handler.ContextHandler (ContextHandler.java:doStop(1153)) - Stopped o.e.j.s.ServletContextHandler@14936630{static,/static,jar:file:/home/runner/.m2/repository/org/apache/ozone/hdds-container-service/1.3.0-SNAPSHOT/hdds-container-service-1.3.0-SNAPSHOT.jar!/webapps/static,STOPPED}
2022-06-25 01:03:36,462 [main] INFO  handler.ContextHandler (ContextHandler.java:doStop(1153)) - Stopped o.e.j.s.ServletContextHandler@74e0482d{logs,/logs,file:///home/runner/work/ozone/ozone/hadoop-ozone/integration-test/target/log,STOPPED}
2022-06-25 01:03:36,469 [Listener at 127.0.0.1/46351] INFO  ozone.HddsDatanodeService (HddsDatanodeService.java:start(236)) - HddsDatanodeService host:fv-az66-546.vwcdieab4koerntclszyavmfxa.dx.internal.cloudapp.net ip:10.1.0.8
2022-06-25 01:03:36,472 [main] WARN  impl.MetricRegistriesImpl (MetricRegistriesImpl.java:addReporterRegistration(111)) - New reporters are added after registries were created. Some metrics will be missing from the reporter. Please add reporter before adding any new registry.
2022-06-25 01:03:36,472 [main] WARN  impl.MetricRegistriesImpl (MetricRegistriesImpl.java:addReporterRegistration(111)) - New reporters are added after registries were created. Some metrics will be missing from the reporter. Please add reporter before adding any new registry.
2022-06-25 01:03:36,472 [main] INFO  impl.MetricsSystemImpl (MetricsSystemImpl.java:init(158)) - HddsDatanode metrics system started (again)
2022-06-25 01:03:36,510 [main] INFO  ozone.HddsDatanodeService (HddsDatanodeService.java:start(236)) - HddsDatanodeService host:fv-az66-546.vwcdieab4koerntclszyavmfxa.dx.internal.cloudapp.net ip:10.1.0.8
2022-06-25 01:03:36,521 [Listener at 127.0.0.1/46351] INFO  upgrade.AbstractLayoutVersionManager (AbstractLayoutVersionManager.java:init(82)) - Initializing Layout version manager with metadata layout = DATANODE_SCHEMA_V3 (version = 4), software layout = DATANODE_SCHEMA_V3 (version = 4)
2022-06-25 01:03:36,534 [main] INFO  upgrade.AbstractLayoutVersionManager (AbstractLayoutVersionManager.java:init(82)) - Initializing Layout version manager with metadata layout = DATANODE_SCHEMA_V3 (version = 4), software layout = DATANODE_SCHEMA_V3 (version = 4)
2022-06-25 01:03:36,566 [Mini-Cluster-Provider-Reap] INFO  ozone.MiniOzoneClusterImpl (MiniOzoneClusterImpl.java:shutdown(460)) - Shutting down the Mini Ozone Cluster
2022-06-25 01:03:36,567 [Mini-Cluster-Provider-Reap] INFO  ozone.MiniOzoneClusterImpl (MiniOzoneClusterImpl.java:stop(475)) - Stopping the Mini Ozone Cluster
2022-06-25 01:03:36,567 [Mini-Cluster-Provider-Reap] INFO  ozone.MiniOzoneClusterImpl (MiniOzoneClusterImpl.java:stopOM(557)) - Stopping the OzoneManager
2022-06-25 01:03:36,567 [Mini-Cluster-Provider-Reap] INFO  om.OzoneManager (OzoneManager.java:stop(2020)) - om1[localhost:0]: Stopping Ozone Manager
2022-06-25 01:03:36,569 [Mini-Cluster-Provider-Reap] INFO  ipc.Server (Server.java:stop(3414)) - Stopping server on 39125
2022-06-25 01:03:36,583 [IPC Server listener on 0] INFO  ipc.Server (Server.java:run(1376)) - Stopping IPC Server listener on 0
2022-06-25 01:03:36,590 [IPC Server Responder] INFO  ipc.Server (Server.java:run(1512)) - Stopping IPC Server Responder
2022-06-25 01:03:36,593 [Mini-Cluster-Provider-Reap] INFO  server.RaftServer (RaftServerProxy.java:lambda$close$7(398)) - om1: close
2022-06-25 01:03:36,598 [Mini-Cluster-Provider-Reap] INFO  server.RaftServer$Division (RaftServerImpl.java:lambda$close$4(434)) - om1@group-C5BA1605619E: shutdown
2022-06-25 01:03:36,598 [Mini-Cluster-Provider-Reap] INFO  util.JmxRegister (JmxRegister.java:unregister(73)) - Successfully un-registered JMX Bean with object name Ratis:service=RaftServer,group=group-C5BA1605619E,id=om1
2022-06-25 01:03:36,598 [Mini-Cluster-Provider-Reap] INFO  impl.RoleInfo (RoleInfo.java:shutdownLeaderState(93)) - om1: shutdown om1@group-C5BA1605619E-LeaderStateImpl
2022-06-25 01:03:36,598 [Mini-Cluster-Provider-Reap] INFO  impl.PendingRequests (PendingRequests.java:sendNotLeaderResponses(282)) - om1@group-C5BA1605619E-PendingRequests: sendNotLeaderResponses
2022-06-25 01:03:36,623 [Mini-Cluster-Provider-Reap] INFO  impl.StateMachineUpdater (StateMachineUpdater.java:stopAndJoin(153)) - om1@group-C5BA1605619E-StateMachineUpdater: set stopIndex = 84
2022-06-25 01:03:36,623 [om1@group-C5BA1605619E-StateMachineUpdater] INFO  ratis.OzoneManagerStateMachine (OzoneManagerStateMachine.java:takeSnapshot(441)) - Current Snapshot Index (t:1, i:84)
2022-06-25 01:03:36,641 [om1@group-C5BA1605619E-StateMachineUpdater] INFO  impl.StateMachineUpdater (StateMachineUpdater.java:takeSnapshot(287)) - om1@group-C5BA1605619E-StateMachineUpdater: Took a snapshot at index 84
2022-06-25 01:03:36,641 [om1@group-C5BA1605619E-StateMachineUpdater] INFO  impl.StateMachineUpdater (StateMachineUpdater.java:lambda$new$0(92)) - om1@group-C5BA1605619E-StateMachineUpdater: snapshotIndex: updateIncreasingly -1 -> 84
2022-06-25 01:03:36,641 [om1@group-C5BA1605619E-StateMachineUpdater] INFO  ratis.OzoneManagerStateMachine (OzoneManagerStateMachine.java:close(495)) - StateMachine has shutdown. Shutdown OzoneManager if not already shutdown.
2022-06-25 01:03:36,641 [om1@group-C5BA1605619E-StateMachineUpdater] INFO  ratis.OzoneManagerDoubleBuffer (OzoneManagerDoubleBuffer.java:stop(465)) - Stopping OMDoubleBuffer flush thread
2022-06-25 01:03:36,641 [OMDoubleBufferFlushThread] INFO  ratis.OzoneManagerDoubleBuffer (OzoneManagerDoubleBuffer.java:flushTransactions(385)) - OMDoubleBuffer flush thread OMDoubleBufferFlushThread is interrupted and will exit.
]]></system-out>
  </testcase>
  <testcase name="testContainerIsReplicatedWhenAllNodesGotoMaintenance" classname="org.apache.hadoop.ozone.scm.node.TestDecommissionAndMaintenance" time="21.579"/>
  <testcase name="testMaintenanceEndsAutomaticallyAtTimeout" classname="org.apache.hadoop.ozone.scm.node.TestDecommissionAndMaintenance" time="44.056"/>
  <testcase name="testSingleNodeWithOpenPipelineCanGotoMaintenance" classname="org.apache.hadoop.ozone.scm.node.TestDecommissionAndMaintenance" time="49.624"/>
  <testcase name="testSCMHandlesRestartForMaintenanceNode" classname="org.apache.hadoop.ozone.scm.node.TestDecommissionAndMaintenance" time="37.19"/>
  <testcase name="testStoppedDecommissionedNodeTakesSCMStateOnRestart" classname="org.apache.hadoop.ozone.scm.node.TestDecommissionAndMaintenance" time="42.699"/>
  <testcase name="testEnteringMaintenanceNodeCompletesAfterSCMRestart" classname="org.apache.hadoop.ozone.scm.node.TestDecommissionAndMaintenance" time="22.676"/>
  <testcase name="testDecommissioningNodesCompleteDecommissionOnSCMRestart" classname="org.apache.hadoop.ozone.scm.node.TestDecommissionAndMaintenance" time="31.972"/>
</testsuite>