<?xml version="1.0" encoding="UTF-8"?>
<testsuite xmlns:xsi="http://www.w3.org/2001/XMLSchema-instance" xsi:noNamespaceSchemaLocation="https://maven.apache.org/surefire/maven-surefire-plugin/xsd/surefire-test-report-3.0.xsd" version="3.0" name="org.apache.hadoop.ozone.om.snapshot.TestSnapshotBackgroundServices" time="179.354" tests="4" errors="1" skipped="0" failures="0">
  <properties>
    <property name="java.specification.version" value="17"/>
    <property name="sun.jnu.encoding" value="UTF-8"/>
    <property name="java.class.path" value="/home/runner/work/ozone/ozone/hadoop-ozone/integration-test/target/test-classes:/home/runner/work/ozone/ozone/hadoop-ozone/integration-test/target/classes:/home/runner/work/ozone/ozone/hadoop-ozone/common/target/ozone-common-1.5.0-SNAPSHOT.jar:/home/runner/.m2/repository/io/grpc/grpc-netty/1.58.0/grpc-netty-1.58.0.jar:/home/runner/.m2/repository/io/grpc/grpc-core/1.58.0/grpc-core-1.58.0.jar:/home/runner/.m2/repository/com/google/android/annotations/4.1.1.4/annotations-4.1.1.4.jar:/home/runner/.m2/repository/org/codehaus/mojo/animal-sniffer-annotations/1.23/animal-sniffer-annotations-1.23.jar:/home/runner/.m2/repository/io/grpc/grpc-context/1.58.0/grpc-context-1.58.0.jar:/home/runner/.m2/repository/io/grpc/grpc-util/1.58.0/grpc-util-1.58.0.jar:/home/runner/.m2/repository/com/google/errorprone/error_prone_annotations/2.29.2/error_prone_annotations-2.29.2.jar:/home/runner/.m2/repository/io/perfmark/perfmark-api/0.26.0/perfmark-api-0.26.0.jar:/home/runner/.m2/repository/io/netty/netty-codec-http2/4.1.109.Final/netty-codec-http2-4.1.109.Final.jar:/home/runner/.m2/repository/io/netty/netty-codec-http/4.1.109.Final/netty-codec-http-4.1.109.Final.jar:/home/runner/.m2/repository/io/netty/netty-handler-proxy/4.1.109.Final/netty-handler-proxy-4.1.109.Final.jar:/home/runner/.m2/repository/io/netty/netty-codec-socks/4.1.109.Final/netty-codec-socks-4.1.109.Final.jar:/home/runner/.m2/repository/io/netty/netty-tcnative-boringssl-static/2.0.65.Final/netty-tcnative-boringssl-static-2.0.65.Final.jar:/home/runner/.m2/repository/io/netty/netty-tcnative-classes/2.0.65.Final/netty-tcnative-classes-2.0.65.Final.jar:/home/runner/.m2/repository/io/netty/netty-tcnative-boringssl-static/2.0.65.Final/netty-tcnative-boringssl-static-2.0.65.Final-linux-x86_64.jar:/home/runner/.m2/repository/io/netty/netty-tcnative-boringssl-static/2.0.65.Final/netty-tcnative-boringssl-static-2.0.65.Final-linux-aarch_64.jar:/home/runner/.m2/repository/io/netty/netty-tcnative-boringssl-static/2.0.65.Final/netty-tcnative-boringssl-static-2.0.65.Final-osx-x86_64.jar:/home/runner/.m2/repository/io/netty/netty-tcnative-boringssl-static/2.0.65.Final/netty-tcnative-boringssl-static-2.0.65.Final-osx-aarch_64.jar:/home/runner/.m2/repository/io/netty/netty-tcnative-boringssl-static/2.0.65.Final/netty-tcnative-boringssl-static-2.0.65.Final-windows-x86_64.jar:/home/runner/.m2/repository/org/apache/commons/commons-compress/1.27.1/commons-compress-1.27.1.jar:/home/runner/work/ozone/ozone/hadoop-hdds/common/target/hdds-common-1.5.0-SNAPSHOT.jar:/home/runner/work/ozone/ozone/hadoop-hdds/client/target/hdds-client-1.5.0-SNAPSHOT.jar:/home/runner/work/ozone/ozone/hadoop-hdds/config/target/hdds-config-1.5.0-SNAPSHOT.jar:/home/runner/work/ozone/ozone/hadoop-hdds/interface-client/target/hdds-interface-client-1.5.0-SNAPSHOT.jar:/home/runner/.m2/repository/org/apache/hadoop/thirdparty/hadoop-shaded-protobuf_3_7/1.1.1/hadoop-shaded-protobuf_3_7-1.1.1.jar:/home/runner/work/ozone/ozone/hadoop-ozone/interface-client/target/ozone-interface-client-1.5.0-SNAPSHOT.jar:/home/runner/.m2/repository/org/apache/hadoop/hadoop-hdfs-client/3.3.6/hadoop-hdfs-client-3.3.6.jar:/home/runner/.m2/repository/com/squareup/okhttp3/okhttp/4.12.0/okhttp-4.12.0.jar:/home/runner/.m2/repository/com/squareup/okio/okio/3.6.0/okio-3.6.0.jar:/home/runner/.m2/repository/com/squareup/okio/okio-jvm/3.6.0/okio-jvm-3.6.0.jar:/home/runner/.m2/repository/org/jetbrains/kotlin/kotlin-stdlib-jdk8/1.9.25/kotlin-stdlib-jdk8-1.9.25.jar:/home/runner/.m2/repository/org/jetbrains/kotlin/kotlin-stdlib-jdk7/1.9.25/kotlin-stdlib-jdk7-1.9.25.jar:/home/runner/.m2/repository/org/jetbrains/kotlin/kotlin-stdlib-common/1.9.25/kotlin-stdlib-common-1.9.25.jar:/home/runner/.m2/repository/org/apache/httpcomponents/httpclient/4.5.14/httpclient-4.5.14.jar:/home/runner/.m2/repository/org/apache/httpcomponents/httpcore/4.4.16/httpcore-4.4.16.jar:/home/runner/.m2/repository/org/apache/ratis/ratis-common/3.1.0/ratis-common-3.1.0.jar:/home/runner/.m2/repository/org/apache/ratis/ratis-proto/3.1.0/ratis-proto-3.1.0.jar:/home/runner/.m2/repository/org/apache/ratis/ratis-thirdparty-misc/1.0.6/ratis-thirdparty-misc-1.0.6.jar:/home/runner/.m2/repository/org/slf4j/slf4j-api/2.0.16/slf4j-api-2.0.16.jar:/home/runner/.m2/repository/com/fasterxml/jackson/core/jackson-annotations/2.16.2/jackson-annotations-2.16.2.jar:/home/runner/.m2/repository/com/fasterxml/jackson/core/jackson-databind/2.16.2/jackson-databind-2.16.2.jar:/home/runner/.m2/repository/com/github/stephenc/jcip/jcip-annotations/1.0-1/jcip-annotations-1.0-1.jar:/home/runner/.m2/repository/com/google/guava/guava/32.1.3-jre/guava-32.1.3-jre.jar:/home/runner/.m2/repository/com/google/guava/failureaccess/1.0.1/failureaccess-1.0.1.jar:/home/runner/.m2/repository/com/google/guava/listenablefuture/9999.0-empty-to-avoid-conflict-with-guava/listenablefuture-9999.0-empty-to-avoid-conflict-with-guava.jar:/home/runner/.m2/repository/org/checkerframework/checker-qual/3.37.0/checker-qual-3.37.0.jar:/home/runner/.m2/repository/com/google/j2objc/j2objc-annotations/2.8/j2objc-annotations-2.8.jar:/home/runner/.m2/repository/com/google/protobuf/protobuf-java/2.5.0/protobuf-java-2.5.0.jar:/home/runner/.m2/repository/io/grpc/grpc-api/1.58.0/grpc-api-1.58.0.jar:/home/runner/.m2/repository/io/grpc/grpc-stub/1.58.0/grpc-stub-1.58.0.jar:/home/runner/.m2/repository/io/netty/netty-common/4.1.109.Final/netty-common-4.1.109.Final.jar:/home/runner/.m2/repository/io/netty/netty-handler/4.1.109.Final/netty-handler-4.1.109.Final.jar:/home/runner/.m2/repository/io/netty/netty-resolver/4.1.109.Final/netty-resolver-4.1.109.Final.jar:/home/runner/.m2/repository/jakarta/annotation/jakarta.annotation-api/2.1.1/jakarta.annotation-api-2.1.1.jar:/home/runner/work/ozone/ozone/hadoop-hdds/test-utils/target/hdds-test-utils-1.5.0-SNAPSHOT.jar:/home/runner/.m2/repository/org/assertj/assertj-core/3.26.3/assertj-core-3.26.3.jar:/home/runner/.m2/repository/net/bytebuddy/byte-buddy/1.14.18/byte-buddy-1.14.18.jar:/home/runner/.m2/repository/commons-io/commons-io/2.16.1/commons-io-2.16.1.jar:/home/runner/.m2/repository/commons-logging/commons-logging/1.2/commons-logging-1.2.jar:/home/runner/.m2/repository/org/junit/jupiter/junit-jupiter-api/5.10.3/junit-jupiter-api-5.10.3.jar:/home/runner/.m2/repository/org/opentest4j/opentest4j/1.3.0/opentest4j-1.3.0.jar:/home/runner/.m2/repository/org/junit/platform/junit-platform-commons/1.10.3/junit-platform-commons-1.10.3.jar:/home/runner/.m2/repository/ch/qos/reload4j/reload4j/1.2.25/reload4j-1.2.25.jar:/home/runner/.m2/repository/org/apache/logging/log4j/log4j-api/2.24.0/log4j-api-2.24.0.jar:/home/runner/work/ozone/ozone/hadoop-hdds/server-scm/target/hdds-server-scm-1.5.0-SNAPSHOT.jar:/home/runner/work/ozone/ozone/hadoop-hdds/container-service/target/hdds-container-service-1.5.0-SNAPSHOT.jar:/home/runner/work/ozone/ozone/hadoop-hdds/hadoop-dependency-server/target/hdds-hadoop-dependency-server-1.5.0-SNAPSHOT.jar:/home/runner/.m2/repository/com/nimbusds/nimbus-jose-jwt/9.40/nimbus-jose-jwt-9.40.jar:/home/runner/.m2/repository/org/apache/hadoop/hadoop-hdfs/3.3.6/hadoop-hdfs-3.3.6.jar:/home/runner/.m2/repository/commons-daemon/commons-daemon/1.4.0/commons-daemon-1.4.0.jar:/home/runner/.m2/repository/org/apache/kerby/kerb-core/1.0.1/kerb-core-1.0.1.jar:/home/runner/.m2/repository/org/apache/kerby/kerby-pkix/1.0.1/kerby-pkix-1.0.1.jar:/home/runner/.m2/repository/org/apache/kerby/kerby-asn1/1.0.1/kerby-asn1-1.0.1.jar:/home/runner/.m2/repository/org/apache/kerby/kerb-util/1.0.1/kerb-util-1.0.1.jar:/home/runner/.m2/repository/org/apache/kerby/kerby-config/1.0.1/kerby-config-1.0.1.jar:/home/runner/.m2/repository/org/apache/kerby/kerb-crypto/1.0.1/kerb-crypto-1.0.1.jar:/home/runner/.m2/repository/org/xerial/snappy/snappy-java/1.1.10.6/snappy-java-1.1.10.6.jar:/home/runner/work/ozone/ozone/hadoop-hdds/interface-admin/target/hdds-interface-admin-1.5.0-SNAPSHOT.jar:/home/runner/work/ozone/ozone/hadoop-hdds/interface-server/target/hdds-interface-server-1.5.0-SNAPSHOT.jar:/home/runner/work/ozone/ozone/hadoop-hdds/framework/target/hdds-server-framework-1.5.0-SNAPSHOT.jar:/home/runner/.m2/repository/org/apache/ratis/ratis-client/3.1.0/ratis-client-3.1.0.jar:/home/runner/.m2/repository/org/apache/ratis/ratis-grpc/3.1.0/ratis-grpc-3.1.0.jar:/home/runner/.m2/repository/org/apache/ratis/ratis-netty/3.1.0/ratis-netty-3.1.0.jar:/home/runner/.m2/repository/org/apache/ratis/ratis-server-api/3.1.0/ratis-server-api-3.1.0.jar:/home/runner/.m2/repository/org/bouncycastle/bcpkix-jdk18on/1.78.1/bcpkix-jdk18on-1.78.1.jar:/home/runner/.m2/repository/org/bouncycastle/bcprov-jdk18on/1.78.1/bcprov-jdk18on-1.78.1.jar:/home/runner/.m2/repository/io/dropwizard/metrics/metrics-core/3.2.6/metrics-core-3.2.6.jar:/home/runner/.m2/repository/org/apache/commons/commons-text/1.12.0/commons-text-1.12.0.jar:/home/runner/.m2/repository/org/eclipse/jetty/jetty-webapp/9.4.56.v20240826/jetty-webapp-9.4.56.v20240826.jar:/home/runner/.m2/repository/org/eclipse/jetty/jetty-xml/9.4.56.v20240826/jetty-xml-9.4.56.v20240826.jar:/home/runner/.m2/repository/com/fasterxml/jackson/core/jackson-core/2.16.2/jackson-core-2.16.2.jar:/home/runner/.m2/repository/info/picocli/picocli/4.7.6/picocli-4.7.6.jar:/home/runner/.m2/repository/javax/servlet/javax.servlet-api/3.1.0/javax.servlet-api-3.1.0.jar:/home/runner/.m2/repository/commons-collections/commons-collections/3.2.2/commons-collections-3.2.2.jar:/home/runner/work/ozone/ozone/hadoop-hdds/framework/target/hdds-server-framework-1.5.0-SNAPSHOT-tests.jar:/home/runner/work/ozone/ozone/hadoop-hdds/managed-rocksdb/target/hdds-managed-rocksdb-1.5.0-SNAPSHOT.jar:/home/runner/.m2/repository/org/slf4j/slf4j-reload4j/2.0.16/slf4j-reload4j-2.0.16.jar:/home/runner/.m2/repository/org/apache/commons/commons-configuration2/2.10.1/commons-configuration2-2.10.1.jar:/home/runner/.m2/repository/commons-codec/commons-codec/1.17.0/commons-codec-1.17.0.jar:/home/runner/.m2/repository/commons-fileupload/commons-fileupload/1.5/commons-fileupload-1.5.jar:/home/runner/.m2/repository/commons-validator/commons-validator/1.6/commons-validator-1.6.jar:/home/runner/.m2/repository/commons-beanutils/commons-beanutils/1.9.4/commons-beanutils-1.9.4.jar:/home/runner/.m2/repository/commons-digester/commons-digester/1.8.1/commons-digester-1.8.1.jar:/home/runner/.m2/repository/org/apache/logging/log4j/log4j-core/2.24.0/log4j-core-2.24.0.jar:/home/runner/.m2/repository/com/lmax/disruptor/3.4.4/disruptor-3.4.4.jar:/home/runner/.m2/repository/org/eclipse/jetty/jetty-http/9.4.56.v20240826/jetty-http-9.4.56.v20240826.jar:/home/runner/.m2/repository/org/eclipse/jetty/jetty-io/9.4.56.v20240826/jetty-io-9.4.56.v20240826.jar:/home/runner/.m2/repository/org/eclipse/jetty/jetty-util/9.4.56.v20240826/jetty-util-9.4.56.v20240826.jar:/home/runner/.m2/repository/org/eclipse/jetty/jetty-server/9.4.56.v20240826/jetty-server-9.4.56.v20240826.jar:/home/runner/.m2/repository/org/eclipse/jetty/jetty-servlet/9.4.56.v20240826/jetty-servlet-9.4.56.v20240826.jar:/home/runner/.m2/repository/org/eclipse/jetty/jetty-security/9.4.56.v20240826/jetty-security-9.4.56.v20240826.jar:/home/runner/.m2/repository/org/eclipse/jetty/jetty-util-ajax/9.4.56.v20240826/jetty-util-ajax-9.4.56.v20240826.jar:/home/runner/.m2/repository/org/glassfish/jersey/core/jersey-server/2.45/jersey-server-2.45.jar:/home/runner/.m2/repository/org/glassfish/jersey/core/jersey-client/2.45/jersey-client-2.45.jar:/home/runner/.m2/repository/org/glassfish/jersey/containers/jersey-container-servlet-core/2.45/jersey-container-servlet-core-2.45.jar:/home/runner/.m2/repository/org/rocksdb/rocksdbjni/7.7.3/rocksdbjni-7.7.3.jar:/home/runner/.m2/repository/org/apache/ratis/ratis-metrics-api/3.1.0/ratis-metrics-api-3.1.0.jar:/home/runner/.m2/repository/org/apache/ratis/ratis-metrics-dropwizard3/3.1.0/ratis-metrics-dropwizard3-3.1.0.jar:/home/runner/.m2/repository/io/opentracing/opentracing-api/0.33.0/opentracing-api-0.33.0.jar:/home/runner/.m2/repository/io/prometheus/simpleclient/0.16.0/simpleclient-0.16.0.jar:/home/runner/.m2/repository/io/prometheus/simpleclient_dropwizard/0.16.0/simpleclient_dropwizard-0.16.0.jar:/home/runner/.m2/repository/io/prometheus/simpleclient_common/0.16.0/simpleclient_common-0.16.0.jar:/home/runner/.m2/repository/com/fasterxml/jackson/datatype/jackson-datatype-jsr310/2.16.2/jackson-datatype-jsr310-2.16.2.jar:/home/runner/.m2/repository/com/github/jnr/jnr-constants/0.10.4/jnr-constants-0.10.4.jar:/home/runner/.m2/repository/com/github/jnr/jnr-posix/3.1.19/jnr-posix-3.1.19.jar:/home/runner/.m2/repository/com/github/jnr/jnr-ffi/2.2.16/jnr-ffi-2.2.16.jar:/home/runner/.m2/repository/com/github/jnr/jffi/1.3.13/jffi-1.3.13.jar:/home/runner/.m2/repository/com/github/jnr/jffi/1.3.13/jffi-1.3.13-native.jar:/home/runner/.m2/repository/org/ow2/asm/asm/9.2/asm-9.2.jar:/home/runner/.m2/repository/org/ow2/asm/asm-commons/9.2/asm-commons-9.2.jar:/home/runner/.m2/repository/org/ow2/asm/asm-analysis/9.2/asm-analysis-9.2.jar:/home/runner/.m2/repository/org/ow2/asm/asm-tree/9.2/asm-tree-9.2.jar:/home/runner/.m2/repository/org/ow2/asm/asm-util/9.2/asm-util-9.2.jar:/home/runner/.m2/repository/com/github/jnr/jnr-a64asm/1.0.0/jnr-a64asm-1.0.0.jar:/home/runner/.m2/repository/com/github/jnr/jnr-x86asm/1.0.2/jnr-x86asm-1.0.2.jar:/home/runner/.m2/repository/com/google/code/gson/gson/2.10.1/gson-2.10.1.jar:/home/runner/work/ozone/ozone/hadoop-hdds/rocksdb-checkpoint-differ/target/rocksdb-checkpoint-differ-1.5.0-SNAPSHOT.jar:/home/runner/.m2/repository/org/jgrapht/jgrapht-core/1.4.0/jgrapht-core-1.4.0.jar:/home/runner/.m2/repository/org/jheaps/jheaps/0.11/jheaps-0.11.jar:/home/runner/.m2/repository/org/jgrapht/jgrapht-ext/1.4.0/jgrapht-ext-1.4.0.jar:/home/runner/.m2/repository/com/github/vlsi/mxgraph/jgraphx/3.9.12/jgraphx-3.9.12.jar:/home/runner/.m2/repository/jakarta/ws/rs/jakarta.ws.rs-api/2.1.6/jakarta.ws.rs-api-2.1.6.jar:/home/runner/work/ozone/ozone/hadoop-ozone/ozone-manager/target/ozone-manager-1.5.0-SNAPSHOT.jar:/home/runner/.m2/repository/org/aspectj/aspectjrt/1.9.7/aspectjrt-1.9.7.jar:/home/runner/.m2/repository/org/aspectj/aspectjweaver/1.9.7/aspectjweaver-1.9.7.jar:/home/runner/work/ozone/ozone/hadoop-ozone/interface-storage/target/ozone-interface-storage-1.5.0-SNAPSHOT.jar:/home/runner/.m2/repository/org/apache/kerby/kerby-util/1.0.1/kerby-util-1.0.1.jar:/home/runner/.m2/repository/io/netty/netty-transport/4.1.109.Final/netty-transport-4.1.109.Final.jar:/home/runner/.m2/repository/org/reflections/reflections/0.10.2/reflections-0.10.2.jar:/home/runner/.m2/repository/com/sun/jersey/jersey-client/1.19.4/jersey-client-1.19.4.jar:/home/runner/.m2/repository/jakarta/xml/bind/jakarta.xml.bind-api/2.3.3/jakarta.xml.bind-api-2.3.3.jar:/home/runner/.m2/repository/org/codehaus/jackson/jackson-core-asl/1.9.13/jackson-core-asl-1.9.13.jar:/home/runner/.m2/repository/org/codehaus/jackson/jackson-mapper-asl/1.9.13/jackson-mapper-asl-1.9.13.jar:/home/runner/.m2/repository/org/codehaus/jackson/jackson-jaxrs/1.9.13/jackson-jaxrs-1.9.13.jar:/home/runner/.m2/repository/org/apache/ranger/ranger-plugins-common/2.3.0/ranger-plugins-common-2.3.0.jar:/home/runner/.m2/repository/commons-lang/commons-lang/2.6/commons-lang-2.6.jar:/home/runner/.m2/repository/org/apache/ranger/ranger-plugins-cred/2.3.0/ranger-plugins-cred-2.3.0.jar:/home/runner/.m2/repository/org/apache/ranger/ranger-plugins-audit/2.3.0/ranger-plugins-audit-2.3.0.jar:/home/runner/.m2/repository/org/eclipse/jetty/jetty-client/9.4.56.v20240826/jetty-client-9.4.56.v20240826.jar:/home/runner/.m2/repository/org/apache/httpcomponents/httpmime/4.5.6/httpmime-4.5.6.jar:/home/runner/.m2/repository/org/apache/httpcomponents/httpcore-nio/4.4.16/httpcore-nio-4.4.16.jar:/home/runner/.m2/repository/org/apache/httpcomponents/httpasyncclient/4.1.3/httpasyncclient-4.1.3.jar:/home/runner/.m2/repository/com/carrotsearch/hppc/0.8.0/hppc-0.8.0.jar:/home/runner/.m2/repository/org/apache/orc/orc-core/1.5.8/orc-core-1.5.8.jar:/home/runner/.m2/repository/net/java/dev/jna/jna/5.2.0/jna-5.2.0.jar:/home/runner/.m2/repository/net/java/dev/jna/jna-platform/5.2.0/jna-platform-5.2.0.jar:/home/runner/.m2/repository/com/kstruct/gethostname4j/0.0.2/gethostname4j-0.0.2.jar:/home/runner/.m2/repository/org/apache/ranger/ranger-plugin-classloader/2.3.0/ranger-plugin-classloader-2.3.0.jar:/home/runner/.m2/repository/org/apache/ranger/ranger-intg/2.3.0/ranger-intg-2.3.0.jar:/home/runner/work/ozone/ozone/hadoop-hdds/rocks-native/target/hdds-rocks-native-1.5.0-SNAPSHOT.jar:/home/runner/.m2/repository/org/apache/hadoop/hadoop-minikdc/3.3.6/hadoop-minikdc-3.3.6.jar:/home/runner/.m2/repository/org/apache/kerby/kerb-simplekdc/1.0.1/kerb-simplekdc-1.0.1.jar:/home/runner/.m2/repository/org/apache/kerby/kerb-client/1.0.1/kerb-client-1.0.1.jar:/home/runner/.m2/repository/org/apache/kerby/kerb-common/1.0.1/kerb-common-1.0.1.jar:/home/runner/.m2/repository/org/apache/kerby/token-provider/1.0.1/token-provider-1.0.1.jar:/home/runner/.m2/repository/org/apache/kerby/kerb-admin/1.0.1/kerb-admin-1.0.1.jar:/home/runner/.m2/repository/org/apache/kerby/kerb-server/1.0.1/kerb-server-1.0.1.jar:/home/runner/.m2/repository/org/apache/kerby/kerb-identity/1.0.1/kerb-identity-1.0.1.jar:/home/runner/.m2/repository/org/apache/kerby/kerby-xdr/1.0.1/kerby-xdr-1.0.1.jar:/home/runner/.m2/repository/junit/junit/4.13.2/junit-4.13.2.jar:/home/runner/.m2/repository/org/hamcrest/hamcrest-core/1.3/hamcrest-core-1.3.jar:/home/runner/work/ozone/ozone/hadoop-ozone/s3gateway/target/ozone-s3gateway-1.5.0-SNAPSHOT.jar:/home/runner/.m2/repository/org/javassist/javassist/3.30.2-GA/javassist-3.30.2-GA.jar:/home/runner/.m2/repository/org/jboss/weld/servlet/weld-servlet-shaded/3.1.9.Final/weld-servlet-shaded-3.1.9.Final.jar:/home/runner/.m2/repository/org/glassfish/jersey/core/jersey-common/2.45/jersey-common-2.45.jar:/home/runner/.m2/repository/org/glassfish/hk2/osgi-resource-locator/1.0.3/osgi-resource-locator-1.0.3.jar:/home/runner/.m2/repository/org/glassfish/jersey/ext/cdi/jersey-cdi1x/2.45/jersey-cdi1x-2.45.jar:/home/runner/.m2/repository/org/glassfish/jersey/inject/jersey-hk2/2.45/jersey-hk2-2.45.jar:/home/runner/.m2/repository/org/glassfish/hk2/hk2-locator/2.6.1/hk2-locator-2.6.1.jar:/home/runner/.m2/repository/org/glassfish/jersey/media/jersey-media-jaxb/2.45/jersey-media-jaxb-2.45.jar:/home/runner/.m2/repository/org/glassfish/hk2/hk2-api/2.6.1/hk2-api-2.6.1.jar:/home/runner/.m2/repository/org/glassfish/hk2/hk2-utils/2.6.1/hk2-utils-2.6.1.jar:/home/runner/.m2/repository/org/glassfish/hk2/external/aopalliance-repackaged/2.6.1/aopalliance-repackaged-2.6.1.jar:/home/runner/.m2/repository/com/fasterxml/jackson/dataformat/jackson-dataformat-xml/2.16.2/jackson-dataformat-xml-2.16.2.jar:/home/runner/.m2/repository/org/codehaus/woodstox/stax2-api/4.2.2/stax2-api-4.2.2.jar:/home/runner/.m2/repository/com/fasterxml/woodstox/woodstox-core/5.4.0/woodstox-core-5.4.0.jar:/home/runner/.m2/repository/com/fasterxml/jackson/module/jackson-module-jaxb-annotations/2.16.2/jackson-module-jaxb-annotations-2.16.2.jar:/home/runner/.m2/repository/javax/annotation/javax.annotation-api/1.3.2/javax.annotation-api-1.3.2.jar:/home/runner/.m2/repository/javax/enterprise/cdi-api/2.0/cdi-api-2.0.jar:/home/runner/.m2/repository/javax/el/javax.el-api/3.0.0/javax.el-api-3.0.0.jar:/home/runner/.m2/repository/javax/interceptor/javax.interceptor-api/1.2/javax.interceptor-api-1.2.jar:/home/runner/.m2/repository/org/glassfish/jaxb/jaxb-runtime/2.3.9/jaxb-runtime-2.3.9.jar:/home/runner/.m2/repository/org/glassfish/jaxb/txw2/2.3.9/txw2-2.3.9.jar:/home/runner/.m2/repository/com/sun/istack/istack-commons-runtime/3.0.12/istack-commons-runtime-3.0.12.jar:/home/runner/.m2/repository/com/sun/activation/jakarta.activation/1.2.2/jakarta.activation-1.2.2.jar:/home/runner/.m2/repository/jakarta/activation/jakarta.activation-api/1.2.2/jakarta.activation-api-1.2.2.jar:/home/runner/.m2/repository/io/grpc/grpc-protobuf/1.58.0/grpc-protobuf-1.58.0.jar:/home/runner/.m2/repository/com/google/api/grpc/proto-google-common-protos/2.22.0/proto-google-common-protos-2.22.0.jar:/home/runner/.m2/repository/io/grpc/grpc-protobuf-lite/1.58.0/grpc-protobuf-lite-1.58.0.jar:/home/runner/.m2/repository/io/opentracing/opentracing-noop/0.33.0/opentracing-noop-0.33.0.jar:/home/runner/.m2/repository/io/opentracing/opentracing-util/0.33.0/opentracing-util-0.33.0.jar:/home/runner/work/ozone/ozone/hadoop-ozone/csi/target/ozone-csi-1.5.0-SNAPSHOT.jar:/home/runner/.m2/repository/com/google/protobuf/protobuf-java-util/3.19.6/protobuf-java-util-3.19.6.jar:/home/runner/.m2/repository/io/netty/netty-transport-classes-epoll/4.1.109.Final/netty-transport-classes-epoll-4.1.109.Final.jar:/home/runner/.m2/repository/io/netty/netty-transport-native-epoll/4.1.109.Final/netty-transport-native-epoll-4.1.109.Final-linux-x86_64.jar:/home/runner/.m2/repository/io/netty/netty-transport-native-unix-common/4.1.109.Final/netty-transport-native-unix-common-4.1.109.Final.jar:/home/runner/work/ozone/ozone/hadoop-ozone/recon/target/ozone-recon-1.5.0-SNAPSHOT.jar:/home/runner/work/ozone/ozone/hadoop-ozone/recon-codegen/target/ozone-reconcodegen-1.5.0-SNAPSHOT.jar:/home/runner/.m2/repository/aopalliance/aopalliance/1.0/aopalliance-1.0.jar:/home/runner/.m2/repository/com/google/inject/guice/6.0.0/guice-6.0.0.jar:/home/runner/.m2/repository/jakarta/inject/jakarta.inject-api/2.0.1/jakarta.inject-api-2.0.1.jar:/home/runner/.m2/repository/com/google/inject/extensions/guice-assistedinject/6.0.0/guice-assistedinject-6.0.0.jar:/home/runner/.m2/repository/com/google/inject/extensions/guice-servlet/6.0.0/guice-servlet-6.0.0.jar:/home/runner/.m2/repository/org/glassfish/jersey/containers/jersey-container-servlet/2.45/jersey-container-servlet-2.45.jar:/home/runner/.m2/repository/org/glassfish/hk2/guice-bridge/2.6.1/guice-bridge-2.6.1.jar:/home/runner/.m2/repository/org/glassfish/hk2/external/jakarta.inject/2.6.1/jakarta.inject-2.6.1.jar:/home/runner/.m2/repository/org/glassfish/jersey/media/jersey-media-json-jackson/2.45/jersey-media-json-jackson-2.45.jar:/home/runner/.m2/repository/org/glassfish/jersey/ext/jersey-entity-filtering/2.45/jersey-entity-filtering-2.45.jar:/home/runner/.m2/repository/org/jooq/jooq/3.11.10/jooq-3.11.10.jar:/home/runner/.m2/repository/org/jooq/jooq-meta/3.11.10/jooq-meta-3.11.10.jar:/home/runner/.m2/repository/org/jooq/jooq-codegen/3.11.10/jooq-codegen-3.11.10.jar:/home/runner/.m2/repository/com/jolbox/bonecp/0.8.0.RELEASE/bonecp-0.8.0.RELEASE.jar:/home/runner/.m2/repository/org/apache/derby/derby/10.14.2.0/derby-10.14.2.0.jar:/home/runner/.m2/repository/org/xerial/sqlite-jdbc/3.46.1.0/sqlite-jdbc-3.46.1.0.jar:/home/runner/.m2/repository/org/springframework/spring-core/5.3.39/spring-core-5.3.39.jar:/home/runner/.m2/repository/org/springframework/spring-jdbc/5.3.39/spring-jdbc-5.3.39.jar:/home/runner/.m2/repository/org/springframework/spring-beans/5.3.39/spring-beans-5.3.39.jar:/home/runner/.m2/repository/org/springframework/spring-tx/5.3.39/spring-tx-5.3.39.jar:/home/runner/.m2/repository/jakarta/validation/jakarta.validation-api/2.0.2/jakarta.validation-api-2.0.2.jar:/home/runner/.m2/repository/javax/inject/javax.inject/1/javax.inject-1.jar:/home/runner/work/ozone/ozone/hadoop-ozone/client/target/ozone-client-1.5.0-SNAPSHOT.jar:/home/runner/work/ozone/ozone/hadoop-hdds/erasurecode/target/hdds-erasurecode-1.5.0-SNAPSHOT.jar:/home/runner/work/ozone/ozone/hadoop-ozone/ozonefs/target/ozone-filesystem-1.5.0-SNAPSHOT.jar:/home/runner/work/ozone/ozone/hadoop-ozone/ozonefs-common/target/ozone-filesystem-common-1.5.0-SNAPSHOT.jar:/home/runner/work/ozone/ozone/hadoop-ozone/tools/target/ozone-tools-1.5.0-SNAPSHOT.jar:/home/runner/.m2/repository/org/apache/ratis/ratis-tools/3.1.0/ratis-tools-3.1.0.jar:/home/runner/.m2/repository/com/amazonaws/aws-java-sdk-core/1.12.661/aws-java-sdk-core-1.12.661.jar:/home/runner/.m2/repository/com/fasterxml/jackson/dataformat/jackson-dataformat-cbor/2.16.2/jackson-dataformat-cbor-2.16.2.jar:/home/runner/.m2/repository/joda-time/joda-time/2.12.7/joda-time-2.12.7.jar:/home/runner/.m2/repository/com/amazonaws/aws-java-sdk-s3/1.12.661/aws-java-sdk-s3-1.12.661.jar:/home/runner/.m2/repository/com/amazonaws/aws-java-sdk-kms/1.12.661/aws-java-sdk-kms-1.12.661.jar:/home/runner/.m2/repository/com/amazonaws/jmespath-java/1.12.661/jmespath-java-1.12.661.jar:/home/runner/.m2/repository/org/kohsuke/metainf-services/metainf-services/1.11/metainf-services-1.11.jar:/home/runner/work/ozone/ozone/hadoop-hdds/tools/target/hdds-tools-1.5.0-SNAPSHOT.jar:/home/runner/.m2/repository/commons-cli/commons-cli/1.8.0/commons-cli-1.8.0.jar:/home/runner/.m2/repository/org/apache/commons/commons-lang3/3.14.0/commons-lang3-3.14.0.jar:/home/runner/work/ozone/ozone/hadoop-ozone/ozone-manager/target/ozone-manager-1.5.0-SNAPSHOT-tests.jar:/home/runner/work/ozone/ozone/hadoop-hdds/common/target/hdds-common-1.5.0-SNAPSHOT-tests.jar:/home/runner/work/ozone/ozone/hadoop-hdds/hadoop-dependency-client/target/hdds-hadoop-dependency-client-1.5.0-SNAPSHOT.jar:/home/runner/work/ozone/ozone/hadoop-hdds/annotations/target/hdds-annotation-processing-1.5.0-SNAPSHOT.jar:/home/runner/.m2/repository/org/bouncycastle/bcutil-jdk18on/1.78.1/bcutil-jdk18on-1.78.1.jar:/home/runner/.m2/repository/io/jaegertracing/jaeger-client/1.8.1/jaeger-client-1.8.1.jar:/home/runner/.m2/repository/io/jaegertracing/jaeger-thrift/1.8.1/jaeger-thrift-1.8.1.jar:/home/runner/.m2/repository/org/apache/thrift/libthrift/0.15.0/libthrift-0.15.0.jar:/home/runner/.m2/repository/io/jaegertracing/jaeger-tracerresolver/1.8.1/jaeger-tracerresolver-1.8.1.jar:/home/runner/.m2/repository/io/opentracing/contrib/opentracing-tracerresolver/0.1.8/opentracing-tracerresolver-0.1.8.jar:/home/runner/.m2/repository/io/jaegertracing/jaeger-core/1.8.1/jaeger-core-1.8.1.jar:/home/runner/.m2/repository/org/jetbrains/kotlin/kotlin-stdlib/1.9.25/kotlin-stdlib-1.9.25.jar:/home/runner/.m2/repository/org/jetbrains/annotations/13.0/annotations-13.0.jar:/home/runner/.m2/repository/org/yaml/snakeyaml/2.0/snakeyaml-2.0.jar:/home/runner/.m2/repository/org/junit/platform/junit-platform-launcher/1.10.3/junit-platform-launcher-1.10.3.jar:/home/runner/.m2/repository/org/junit/platform/junit-platform-engine/1.10.3/junit-platform-engine-1.10.3.jar:/home/runner/.m2/repository/org/apiguardian/apiguardian-api/1.1.2/apiguardian-api-1.1.2.jar:/home/runner/.m2/repository/org/apache/hadoop/hadoop-kms/3.3.6/hadoop-kms-3.3.6.jar:/home/runner/.m2/repository/org/apache/hadoop/hadoop-auth/3.3.6/hadoop-auth-3.3.6.jar:/home/runner/.m2/repository/org/apache/zookeeper/zookeeper/3.8.4/zookeeper-3.8.4.jar:/home/runner/.m2/repository/org/apache/zookeeper/zookeeper-jute/3.8.4/zookeeper-jute-3.8.4.jar:/home/runner/.m2/repository/org/apache/yetus/audience-annotations/0.12.0/audience-annotations-0.12.0.jar:/home/runner/.m2/repository/org/apache/curator/curator-framework/4.2.0/curator-framework-4.2.0.jar:/home/runner/.m2/repository/org/apache/hadoop/thirdparty/hadoop-shaded-guava/1.2.0/hadoop-shaded-guava-1.2.0.jar:/home/runner/.m2/repository/com/sun/jersey/jersey-core/1.19.4/jersey-core-1.19.4.jar:/home/runner/.m2/repository/javax/ws/rs/jsr311-api/1.1.1/jsr311-api-1.1.1.jar:/home/runner/.m2/repository/com/sun/jersey/jersey-server/1.19.4/jersey-server-1.19.4.jar:/home/runner/.m2/repository/org/apache/hadoop/hadoop-common/3.3.6/hadoop-common-3.3.6.jar:/home/runner/.m2/repository/org/apache/commons/commons-math3/3.6.1/commons-math3-3.6.1.jar:/home/runner/.m2/repository/commons-net/commons-net/3.11.1/commons-net-3.11.1.jar:/home/runner/.m2/repository/com/sun/jersey/jersey-servlet/1.19.4/jersey-servlet-1.19.4.jar:/home/runner/.m2/repository/com/github/pjfanning/jersey-json/1.20/jersey-json-1.20.jar:/home/runner/.m2/repository/org/codehaus/jettison/jettison/1.1/jettison-1.1.jar:/home/runner/.m2/repository/com/sun/xml/bind/jaxb-impl/2.2.3-1/jaxb-impl-2.2.3-1.jar:/home/runner/.m2/repository/com/google/re2j/re2j/1.7/re2j-1.7.jar:/home/runner/.m2/repository/com/jcraft/jsch/0.1.55/jsch-0.1.55.jar:/home/runner/.m2/repository/org/apache/curator/curator-client/4.2.0/curator-client-4.2.0.jar:/home/runner/.m2/repository/org/apache/curator/curator-recipes/5.2.0/curator-recipes-5.2.0.jar:/home/runner/.m2/repository/com/google/code/findbugs/jsr305/3.0.2/jsr305-3.0.2.jar:/home/runner/.m2/repository/dnsjava/dnsjava/2.1.9/dnsjava-2.1.9.jar:/home/runner/.m2/repository/org/apache/hadoop/hadoop-kms/3.3.6/hadoop-kms-3.3.6-tests.jar:/home/runner/work/ozone/ozone/hadoop-hdds/server-scm/target/hdds-server-scm-1.5.0-SNAPSHOT-tests.jar:/home/runner/work/ozone/ozone/hadoop-hdds/container-service/target/hdds-container-service-1.5.0-SNAPSHOT-tests.jar:/home/runner/.m2/repository/com/github/luben/zstd-jni/1.5.6-4/zstd-jni-1.5.6-4.jar:/home/runner/.m2/repository/io/netty/netty-buffer/4.1.109.Final/netty-buffer-4.1.109.Final.jar:/home/runner/.m2/repository/io/netty/netty-codec/4.1.109.Final/netty-codec-4.1.109.Final.jar:/home/runner/work/ozone/ozone/hadoop-hdds/hadoop-dependency-test/target/hdds-hadoop-dependency-test-1.5.0-SNAPSHOT.jar:/home/runner/.m2/repository/org/apache/hadoop/hadoop-common/3.3.6/hadoop-common-3.3.6-tests.jar:/home/runner/.m2/repository/org/apache/hadoop/hadoop-hdfs/3.3.6/hadoop-hdfs-3.3.6-tests.jar:/home/runner/.m2/repository/org/junit/jupiter/junit-jupiter-engine/5.10.3/junit-jupiter-engine-5.10.3.jar:/home/runner/.m2/repository/org/junit/jupiter/junit-jupiter-params/5.10.3/junit-jupiter-params-5.10.3.jar:/home/runner/.m2/repository/org/mockito/mockito-core/4.11.0/mockito-core-4.11.0.jar:/home/runner/.m2/repository/net/bytebuddy/byte-buddy-agent/1.12.19/byte-buddy-agent-1.12.19.jar:/home/runner/.m2/repository/org/objenesis/objenesis/3.3/objenesis-3.3.jar:/home/runner/.m2/repository/org/mockito/mockito-inline/4.11.0/mockito-inline-4.11.0.jar:/home/runner/.m2/repository/org/mockito/mockito-junit-jupiter/4.11.0/mockito-junit-jupiter-4.11.0.jar:/home/runner/.m2/repository/org/apache/hadoop/hadoop-distcp/3.3.6/hadoop-distcp-3.3.6.jar:/home/runner/.m2/repository/org/apache/hadoop/hadoop-mapreduce-client-jobclient/3.3.6/hadoop-mapreduce-client-jobclient-3.3.6.jar:/home/runner/.m2/repository/org/apache/hadoop/hadoop-mapreduce-client-common/3.3.6/hadoop-mapreduce-client-common-3.3.6.jar:/home/runner/.m2/repository/org/apache/hadoop/hadoop-yarn-common/3.3.6/hadoop-yarn-common-3.3.6.jar:/home/runner/.m2/repository/org/apache/hadoop/hadoop-yarn-api/3.3.6/hadoop-yarn-api-3.3.6.jar:/home/runner/.m2/repository/javax/xml/bind/jaxb-api/2.2.11/jaxb-api-2.2.11.jar:/home/runner/.m2/repository/com/sun/jersey/contribs/jersey-guice/1.19.4/jersey-guice-1.19.4.jar:/home/runner/.m2/repository/com/fasterxml/jackson/jaxrs/jackson-jaxrs-json-provider/2.16.2/jackson-jaxrs-json-provider-2.16.2.jar:/home/runner/.m2/repository/com/fasterxml/jackson/jaxrs/jackson-jaxrs-base/2.16.2/jackson-jaxrs-base-2.16.2.jar:/home/runner/.m2/repository/org/apache/hadoop/hadoop-yarn-client/3.3.6/hadoop-yarn-client-3.3.6.jar:/home/runner/.m2/repository/org/eclipse/jetty/websocket/websocket-client/9.4.51.v20230217/websocket-client-9.4.51.v20230217.jar:/home/runner/.m2/repository/org/eclipse/jetty/websocket/websocket-common/9.4.51.v20230217/websocket-common-9.4.51.v20230217.jar:/home/runner/.m2/repository/org/eclipse/jetty/websocket/websocket-api/9.4.51.v20230217/websocket-api-9.4.51.v20230217.jar:/home/runner/.m2/repository/org/jline/jline/3.9.0/jline-3.9.0.jar:/home/runner/.m2/repository/org/apache/hadoop/hadoop-mapreduce-client-core/3.3.6/hadoop-mapreduce-client-core-3.3.6.jar:/home/runner/.m2/repository/org/apache/avro/avro/1.7.7/avro-1.7.7.jar:/home/runner/.m2/repository/com/thoughtworks/paranamer/paranamer/2.3/paranamer-2.3.jar:/home/runner/.m2/repository/org/apache/hadoop/hadoop-annotations/3.3.6/hadoop-annotations-3.3.6.jar:/home/runner/.m2/repository/io/netty/netty/3.10.6.Final/netty-3.10.6.Final.jar:/home/runner/.m2/repository/org/apache/hadoop/hadoop-distcp/3.3.6/hadoop-distcp-3.3.6-tests.jar:/home/runner/.m2/repository/org/apache/ratis/ratis-server/3.1.0/ratis-server-3.1.0.jar:/home/runner/.m2/repository/org/hamcrest/hamcrest/2.2/hamcrest-2.2.jar:/home/runner/.m2/repository/org/slf4j/jul-to-slf4j/2.0.16/jul-to-slf4j-2.0.16.jar:/home/runner/work/ozone/ozone/hadoop-ozone/integration-test/target/gradle-enterprise/test-listeners.jar:"/>
    <property name="java.vm.vendor" value="Eclipse Adoptium"/>
    <property name="sun.arch.data.model" value="64"/>
    <property name="test.build.dir" value="/home/runner/work/ozone/ozone/hadoop-ozone/integration-test/target/test-dir"/>
    <property name="test.cache.data" value=""/>
    <property name="java.vendor.url" value="https://adoptium.net/"/>
    <property name="user.timezone" value="Etc/UTC"/>
    <property name="maven-surefire-plugin.argLineAccessArgs" value=" --add-opens java.management/com.sun.jmx.mbeanserver=ALL-UNNAMED --add-exports java.management/com.sun.jmx.mbeanserver=ALL-UNNAMED --add-opens java.base/java.nio=ALL-UNNAMED --add-opens java.base/java.lang=ALL-UNNAMED --add-opens java.base/java.lang.reflect=ALL-UNNAMED"/>
    <property name="os.name" value="Linux"/>
    <property name="java.vm.specification.version" value="17"/>
    <property name="test.build.data" value="/home/runner/work/ozone/ozone/hadoop-ozone/integration-test/target/test-dir"/>
    <property name="sun.java.launcher" value="SUN_STANDARD"/>
    <property name="sun.boot.library.path" value="/usr/lib/jvm/temurin-17-jdk-amd64/lib"/>
    <property name="sun.java.command" value="/home/runner/work/ozone/ozone/hadoop-ozone/integration-test/target/surefire/surefirebooter1579942851062807217.jar /home/runner/work/ozone/ozone/hadoop-ozone/integration-test/target/surefire 2024-09-17T10-22-32_369-jvmRun1 surefire9913870656012781071tmp surefire_1915877175840377866790tmp"/>
    <property name="jdk.debug" value="release"/>
    <property name="native.lib.tmp.dir" value="/tmp"/>
    <property name="surefire.test.class.path" value="/home/runner/work/ozone/ozone/hadoop-ozone/integration-test/target/test-classes:/home/runner/work/ozone/ozone/hadoop-ozone/integration-test/target/classes:/home/runner/work/ozone/ozone/hadoop-ozone/common/target/ozone-common-1.5.0-SNAPSHOT.jar:/home/runner/.m2/repository/io/grpc/grpc-netty/1.58.0/grpc-netty-1.58.0.jar:/home/runner/.m2/repository/io/grpc/grpc-core/1.58.0/grpc-core-1.58.0.jar:/home/runner/.m2/repository/com/google/android/annotations/4.1.1.4/annotations-4.1.1.4.jar:/home/runner/.m2/repository/org/codehaus/mojo/animal-sniffer-annotations/1.23/animal-sniffer-annotations-1.23.jar:/home/runner/.m2/repository/io/grpc/grpc-context/1.58.0/grpc-context-1.58.0.jar:/home/runner/.m2/repository/io/grpc/grpc-util/1.58.0/grpc-util-1.58.0.jar:/home/runner/.m2/repository/com/google/errorprone/error_prone_annotations/2.29.2/error_prone_annotations-2.29.2.jar:/home/runner/.m2/repository/io/perfmark/perfmark-api/0.26.0/perfmark-api-0.26.0.jar:/home/runner/.m2/repository/io/netty/netty-codec-http2/4.1.109.Final/netty-codec-http2-4.1.109.Final.jar:/home/runner/.m2/repository/io/netty/netty-codec-http/4.1.109.Final/netty-codec-http-4.1.109.Final.jar:/home/runner/.m2/repository/io/netty/netty-handler-proxy/4.1.109.Final/netty-handler-proxy-4.1.109.Final.jar:/home/runner/.m2/repository/io/netty/netty-codec-socks/4.1.109.Final/netty-codec-socks-4.1.109.Final.jar:/home/runner/.m2/repository/io/netty/netty-tcnative-boringssl-static/2.0.65.Final/netty-tcnative-boringssl-static-2.0.65.Final.jar:/home/runner/.m2/repository/io/netty/netty-tcnative-classes/2.0.65.Final/netty-tcnative-classes-2.0.65.Final.jar:/home/runner/.m2/repository/io/netty/netty-tcnative-boringssl-static/2.0.65.Final/netty-tcnative-boringssl-static-2.0.65.Final-linux-x86_64.jar:/home/runner/.m2/repository/io/netty/netty-tcnative-boringssl-static/2.0.65.Final/netty-tcnative-boringssl-static-2.0.65.Final-linux-aarch_64.jar:/home/runner/.m2/repository/io/netty/netty-tcnative-boringssl-static/2.0.65.Final/netty-tcnative-boringssl-static-2.0.65.Final-osx-x86_64.jar:/home/runner/.m2/repository/io/netty/netty-tcnative-boringssl-static/2.0.65.Final/netty-tcnative-boringssl-static-2.0.65.Final-osx-aarch_64.jar:/home/runner/.m2/repository/io/netty/netty-tcnative-boringssl-static/2.0.65.Final/netty-tcnative-boringssl-static-2.0.65.Final-windows-x86_64.jar:/home/runner/.m2/repository/org/apache/commons/commons-compress/1.27.1/commons-compress-1.27.1.jar:/home/runner/work/ozone/ozone/hadoop-hdds/common/target/hdds-common-1.5.0-SNAPSHOT.jar:/home/runner/work/ozone/ozone/hadoop-hdds/client/target/hdds-client-1.5.0-SNAPSHOT.jar:/home/runner/work/ozone/ozone/hadoop-hdds/config/target/hdds-config-1.5.0-SNAPSHOT.jar:/home/runner/work/ozone/ozone/hadoop-hdds/interface-client/target/hdds-interface-client-1.5.0-SNAPSHOT.jar:/home/runner/.m2/repository/org/apache/hadoop/thirdparty/hadoop-shaded-protobuf_3_7/1.1.1/hadoop-shaded-protobuf_3_7-1.1.1.jar:/home/runner/work/ozone/ozone/hadoop-ozone/interface-client/target/ozone-interface-client-1.5.0-SNAPSHOT.jar:/home/runner/.m2/repository/org/apache/hadoop/hadoop-hdfs-client/3.3.6/hadoop-hdfs-client-3.3.6.jar:/home/runner/.m2/repository/com/squareup/okhttp3/okhttp/4.12.0/okhttp-4.12.0.jar:/home/runner/.m2/repository/com/squareup/okio/okio/3.6.0/okio-3.6.0.jar:/home/runner/.m2/repository/com/squareup/okio/okio-jvm/3.6.0/okio-jvm-3.6.0.jar:/home/runner/.m2/repository/org/jetbrains/kotlin/kotlin-stdlib-jdk8/1.9.25/kotlin-stdlib-jdk8-1.9.25.jar:/home/runner/.m2/repository/org/jetbrains/kotlin/kotlin-stdlib-jdk7/1.9.25/kotlin-stdlib-jdk7-1.9.25.jar:/home/runner/.m2/repository/org/jetbrains/kotlin/kotlin-stdlib-common/1.9.25/kotlin-stdlib-common-1.9.25.jar:/home/runner/.m2/repository/org/apache/httpcomponents/httpclient/4.5.14/httpclient-4.5.14.jar:/home/runner/.m2/repository/org/apache/httpcomponents/httpcore/4.4.16/httpcore-4.4.16.jar:/home/runner/.m2/repository/org/apache/ratis/ratis-common/3.1.0/ratis-common-3.1.0.jar:/home/runner/.m2/repository/org/apache/ratis/ratis-proto/3.1.0/ratis-proto-3.1.0.jar:/home/runner/.m2/repository/org/apache/ratis/ratis-thirdparty-misc/1.0.6/ratis-thirdparty-misc-1.0.6.jar:/home/runner/.m2/repository/org/slf4j/slf4j-api/2.0.16/slf4j-api-2.0.16.jar:/home/runner/.m2/repository/com/fasterxml/jackson/core/jackson-annotations/2.16.2/jackson-annotations-2.16.2.jar:/home/runner/.m2/repository/com/fasterxml/jackson/core/jackson-databind/2.16.2/jackson-databind-2.16.2.jar:/home/runner/.m2/repository/com/github/stephenc/jcip/jcip-annotations/1.0-1/jcip-annotations-1.0-1.jar:/home/runner/.m2/repository/com/google/guava/guava/32.1.3-jre/guava-32.1.3-jre.jar:/home/runner/.m2/repository/com/google/guava/failureaccess/1.0.1/failureaccess-1.0.1.jar:/home/runner/.m2/repository/com/google/guava/listenablefuture/9999.0-empty-to-avoid-conflict-with-guava/listenablefuture-9999.0-empty-to-avoid-conflict-with-guava.jar:/home/runner/.m2/repository/org/checkerframework/checker-qual/3.37.0/checker-qual-3.37.0.jar:/home/runner/.m2/repository/com/google/j2objc/j2objc-annotations/2.8/j2objc-annotations-2.8.jar:/home/runner/.m2/repository/com/google/protobuf/protobuf-java/2.5.0/protobuf-java-2.5.0.jar:/home/runner/.m2/repository/io/grpc/grpc-api/1.58.0/grpc-api-1.58.0.jar:/home/runner/.m2/repository/io/grpc/grpc-stub/1.58.0/grpc-stub-1.58.0.jar:/home/runner/.m2/repository/io/netty/netty-common/4.1.109.Final/netty-common-4.1.109.Final.jar:/home/runner/.m2/repository/io/netty/netty-handler/4.1.109.Final/netty-handler-4.1.109.Final.jar:/home/runner/.m2/repository/io/netty/netty-resolver/4.1.109.Final/netty-resolver-4.1.109.Final.jar:/home/runner/.m2/repository/jakarta/annotation/jakarta.annotation-api/2.1.1/jakarta.annotation-api-2.1.1.jar:/home/runner/work/ozone/ozone/hadoop-hdds/test-utils/target/hdds-test-utils-1.5.0-SNAPSHOT.jar:/home/runner/.m2/repository/org/assertj/assertj-core/3.26.3/assertj-core-3.26.3.jar:/home/runner/.m2/repository/net/bytebuddy/byte-buddy/1.14.18/byte-buddy-1.14.18.jar:/home/runner/.m2/repository/commons-io/commons-io/2.16.1/commons-io-2.16.1.jar:/home/runner/.m2/repository/commons-logging/commons-logging/1.2/commons-logging-1.2.jar:/home/runner/.m2/repository/org/junit/jupiter/junit-jupiter-api/5.10.3/junit-jupiter-api-5.10.3.jar:/home/runner/.m2/repository/org/opentest4j/opentest4j/1.3.0/opentest4j-1.3.0.jar:/home/runner/.m2/repository/org/junit/platform/junit-platform-commons/1.10.3/junit-platform-commons-1.10.3.jar:/home/runner/.m2/repository/ch/qos/reload4j/reload4j/1.2.25/reload4j-1.2.25.jar:/home/runner/.m2/repository/org/apache/logging/log4j/log4j-api/2.24.0/log4j-api-2.24.0.jar:/home/runner/work/ozone/ozone/hadoop-hdds/server-scm/target/hdds-server-scm-1.5.0-SNAPSHOT.jar:/home/runner/work/ozone/ozone/hadoop-hdds/container-service/target/hdds-container-service-1.5.0-SNAPSHOT.jar:/home/runner/work/ozone/ozone/hadoop-hdds/hadoop-dependency-server/target/hdds-hadoop-dependency-server-1.5.0-SNAPSHOT.jar:/home/runner/.m2/repository/com/nimbusds/nimbus-jose-jwt/9.40/nimbus-jose-jwt-9.40.jar:/home/runner/.m2/repository/org/apache/hadoop/hadoop-hdfs/3.3.6/hadoop-hdfs-3.3.6.jar:/home/runner/.m2/repository/commons-daemon/commons-daemon/1.4.0/commons-daemon-1.4.0.jar:/home/runner/.m2/repository/org/apache/kerby/kerb-core/1.0.1/kerb-core-1.0.1.jar:/home/runner/.m2/repository/org/apache/kerby/kerby-pkix/1.0.1/kerby-pkix-1.0.1.jar:/home/runner/.m2/repository/org/apache/kerby/kerby-asn1/1.0.1/kerby-asn1-1.0.1.jar:/home/runner/.m2/repository/org/apache/kerby/kerb-util/1.0.1/kerb-util-1.0.1.jar:/home/runner/.m2/repository/org/apache/kerby/kerby-config/1.0.1/kerby-config-1.0.1.jar:/home/runner/.m2/repository/org/apache/kerby/kerb-crypto/1.0.1/kerb-crypto-1.0.1.jar:/home/runner/.m2/repository/org/xerial/snappy/snappy-java/1.1.10.6/snappy-java-1.1.10.6.jar:/home/runner/work/ozone/ozone/hadoop-hdds/interface-admin/target/hdds-interface-admin-1.5.0-SNAPSHOT.jar:/home/runner/work/ozone/ozone/hadoop-hdds/interface-server/target/hdds-interface-server-1.5.0-SNAPSHOT.jar:/home/runner/work/ozone/ozone/hadoop-hdds/framework/target/hdds-server-framework-1.5.0-SNAPSHOT.jar:/home/runner/.m2/repository/org/apache/ratis/ratis-client/3.1.0/ratis-client-3.1.0.jar:/home/runner/.m2/repository/org/apache/ratis/ratis-grpc/3.1.0/ratis-grpc-3.1.0.jar:/home/runner/.m2/repository/org/apache/ratis/ratis-netty/3.1.0/ratis-netty-3.1.0.jar:/home/runner/.m2/repository/org/apache/ratis/ratis-server-api/3.1.0/ratis-server-api-3.1.0.jar:/home/runner/.m2/repository/org/bouncycastle/bcpkix-jdk18on/1.78.1/bcpkix-jdk18on-1.78.1.jar:/home/runner/.m2/repository/org/bouncycastle/bcprov-jdk18on/1.78.1/bcprov-jdk18on-1.78.1.jar:/home/runner/.m2/repository/io/dropwizard/metrics/metrics-core/3.2.6/metrics-core-3.2.6.jar:/home/runner/.m2/repository/org/apache/commons/commons-text/1.12.0/commons-text-1.12.0.jar:/home/runner/.m2/repository/org/eclipse/jetty/jetty-webapp/9.4.56.v20240826/jetty-webapp-9.4.56.v20240826.jar:/home/runner/.m2/repository/org/eclipse/jetty/jetty-xml/9.4.56.v20240826/jetty-xml-9.4.56.v20240826.jar:/home/runner/.m2/repository/com/fasterxml/jackson/core/jackson-core/2.16.2/jackson-core-2.16.2.jar:/home/runner/.m2/repository/info/picocli/picocli/4.7.6/picocli-4.7.6.jar:/home/runner/.m2/repository/javax/servlet/javax.servlet-api/3.1.0/javax.servlet-api-3.1.0.jar:/home/runner/.m2/repository/commons-collections/commons-collections/3.2.2/commons-collections-3.2.2.jar:/home/runner/work/ozone/ozone/hadoop-hdds/framework/target/hdds-server-framework-1.5.0-SNAPSHOT-tests.jar:/home/runner/work/ozone/ozone/hadoop-hdds/managed-rocksdb/target/hdds-managed-rocksdb-1.5.0-SNAPSHOT.jar:/home/runner/.m2/repository/org/slf4j/slf4j-reload4j/2.0.16/slf4j-reload4j-2.0.16.jar:/home/runner/.m2/repository/org/apache/commons/commons-configuration2/2.10.1/commons-configuration2-2.10.1.jar:/home/runner/.m2/repository/commons-codec/commons-codec/1.17.0/commons-codec-1.17.0.jar:/home/runner/.m2/repository/commons-fileupload/commons-fileupload/1.5/commons-fileupload-1.5.jar:/home/runner/.m2/repository/commons-validator/commons-validator/1.6/commons-validator-1.6.jar:/home/runner/.m2/repository/commons-beanutils/commons-beanutils/1.9.4/commons-beanutils-1.9.4.jar:/home/runner/.m2/repository/commons-digester/commons-digester/1.8.1/commons-digester-1.8.1.jar:/home/runner/.m2/repository/org/apache/logging/log4j/log4j-core/2.24.0/log4j-core-2.24.0.jar:/home/runner/.m2/repository/com/lmax/disruptor/3.4.4/disruptor-3.4.4.jar:/home/runner/.m2/repository/org/eclipse/jetty/jetty-http/9.4.56.v20240826/jetty-http-9.4.56.v20240826.jar:/home/runner/.m2/repository/org/eclipse/jetty/jetty-io/9.4.56.v20240826/jetty-io-9.4.56.v20240826.jar:/home/runner/.m2/repository/org/eclipse/jetty/jetty-util/9.4.56.v20240826/jetty-util-9.4.56.v20240826.jar:/home/runner/.m2/repository/org/eclipse/jetty/jetty-server/9.4.56.v20240826/jetty-server-9.4.56.v20240826.jar:/home/runner/.m2/repository/org/eclipse/jetty/jetty-servlet/9.4.56.v20240826/jetty-servlet-9.4.56.v20240826.jar:/home/runner/.m2/repository/org/eclipse/jetty/jetty-security/9.4.56.v20240826/jetty-security-9.4.56.v20240826.jar:/home/runner/.m2/repository/org/eclipse/jetty/jetty-util-ajax/9.4.56.v20240826/jetty-util-ajax-9.4.56.v20240826.jar:/home/runner/.m2/repository/org/glassfish/jersey/core/jersey-server/2.45/jersey-server-2.45.jar:/home/runner/.m2/repository/org/glassfish/jersey/core/jersey-client/2.45/jersey-client-2.45.jar:/home/runner/.m2/repository/org/glassfish/jersey/containers/jersey-container-servlet-core/2.45/jersey-container-servlet-core-2.45.jar:/home/runner/.m2/repository/org/rocksdb/rocksdbjni/7.7.3/rocksdbjni-7.7.3.jar:/home/runner/.m2/repository/org/apache/ratis/ratis-metrics-api/3.1.0/ratis-metrics-api-3.1.0.jar:/home/runner/.m2/repository/org/apache/ratis/ratis-metrics-dropwizard3/3.1.0/ratis-metrics-dropwizard3-3.1.0.jar:/home/runner/.m2/repository/io/opentracing/opentracing-api/0.33.0/opentracing-api-0.33.0.jar:/home/runner/.m2/repository/io/prometheus/simpleclient/0.16.0/simpleclient-0.16.0.jar:/home/runner/.m2/repository/io/prometheus/simpleclient_dropwizard/0.16.0/simpleclient_dropwizard-0.16.0.jar:/home/runner/.m2/repository/io/prometheus/simpleclient_common/0.16.0/simpleclient_common-0.16.0.jar:/home/runner/.m2/repository/com/fasterxml/jackson/datatype/jackson-datatype-jsr310/2.16.2/jackson-datatype-jsr310-2.16.2.jar:/home/runner/.m2/repository/com/github/jnr/jnr-constants/0.10.4/jnr-constants-0.10.4.jar:/home/runner/.m2/repository/com/github/jnr/jnr-posix/3.1.19/jnr-posix-3.1.19.jar:/home/runner/.m2/repository/com/github/jnr/jnr-ffi/2.2.16/jnr-ffi-2.2.16.jar:/home/runner/.m2/repository/com/github/jnr/jffi/1.3.13/jffi-1.3.13.jar:/home/runner/.m2/repository/com/github/jnr/jffi/1.3.13/jffi-1.3.13-native.jar:/home/runner/.m2/repository/org/ow2/asm/asm/9.2/asm-9.2.jar:/home/runner/.m2/repository/org/ow2/asm/asm-commons/9.2/asm-commons-9.2.jar:/home/runner/.m2/repository/org/ow2/asm/asm-analysis/9.2/asm-analysis-9.2.jar:/home/runner/.m2/repository/org/ow2/asm/asm-tree/9.2/asm-tree-9.2.jar:/home/runner/.m2/repository/org/ow2/asm/asm-util/9.2/asm-util-9.2.jar:/home/runner/.m2/repository/com/github/jnr/jnr-a64asm/1.0.0/jnr-a64asm-1.0.0.jar:/home/runner/.m2/repository/com/github/jnr/jnr-x86asm/1.0.2/jnr-x86asm-1.0.2.jar:/home/runner/.m2/repository/com/google/code/gson/gson/2.10.1/gson-2.10.1.jar:/home/runner/work/ozone/ozone/hadoop-hdds/rocksdb-checkpoint-differ/target/rocksdb-checkpoint-differ-1.5.0-SNAPSHOT.jar:/home/runner/.m2/repository/org/jgrapht/jgrapht-core/1.4.0/jgrapht-core-1.4.0.jar:/home/runner/.m2/repository/org/jheaps/jheaps/0.11/jheaps-0.11.jar:/home/runner/.m2/repository/org/jgrapht/jgrapht-ext/1.4.0/jgrapht-ext-1.4.0.jar:/home/runner/.m2/repository/com/github/vlsi/mxgraph/jgraphx/3.9.12/jgraphx-3.9.12.jar:/home/runner/.m2/repository/jakarta/ws/rs/jakarta.ws.rs-api/2.1.6/jakarta.ws.rs-api-2.1.6.jar:/home/runner/work/ozone/ozone/hadoop-ozone/ozone-manager/target/ozone-manager-1.5.0-SNAPSHOT.jar:/home/runner/.m2/repository/org/aspectj/aspectjrt/1.9.7/aspectjrt-1.9.7.jar:/home/runner/.m2/repository/org/aspectj/aspectjweaver/1.9.7/aspectjweaver-1.9.7.jar:/home/runner/work/ozone/ozone/hadoop-ozone/interface-storage/target/ozone-interface-storage-1.5.0-SNAPSHOT.jar:/home/runner/.m2/repository/org/apache/kerby/kerby-util/1.0.1/kerby-util-1.0.1.jar:/home/runner/.m2/repository/io/netty/netty-transport/4.1.109.Final/netty-transport-4.1.109.Final.jar:/home/runner/.m2/repository/org/reflections/reflections/0.10.2/reflections-0.10.2.jar:/home/runner/.m2/repository/com/sun/jersey/jersey-client/1.19.4/jersey-client-1.19.4.jar:/home/runner/.m2/repository/jakarta/xml/bind/jakarta.xml.bind-api/2.3.3/jakarta.xml.bind-api-2.3.3.jar:/home/runner/.m2/repository/org/codehaus/jackson/jackson-core-asl/1.9.13/jackson-core-asl-1.9.13.jar:/home/runner/.m2/repository/org/codehaus/jackson/jackson-mapper-asl/1.9.13/jackson-mapper-asl-1.9.13.jar:/home/runner/.m2/repository/org/codehaus/jackson/jackson-jaxrs/1.9.13/jackson-jaxrs-1.9.13.jar:/home/runner/.m2/repository/org/apache/ranger/ranger-plugins-common/2.3.0/ranger-plugins-common-2.3.0.jar:/home/runner/.m2/repository/commons-lang/commons-lang/2.6/commons-lang-2.6.jar:/home/runner/.m2/repository/org/apache/ranger/ranger-plugins-cred/2.3.0/ranger-plugins-cred-2.3.0.jar:/home/runner/.m2/repository/org/apache/ranger/ranger-plugins-audit/2.3.0/ranger-plugins-audit-2.3.0.jar:/home/runner/.m2/repository/org/eclipse/jetty/jetty-client/9.4.56.v20240826/jetty-client-9.4.56.v20240826.jar:/home/runner/.m2/repository/org/apache/httpcomponents/httpmime/4.5.6/httpmime-4.5.6.jar:/home/runner/.m2/repository/org/apache/httpcomponents/httpcore-nio/4.4.16/httpcore-nio-4.4.16.jar:/home/runner/.m2/repository/org/apache/httpcomponents/httpasyncclient/4.1.3/httpasyncclient-4.1.3.jar:/home/runner/.m2/repository/com/carrotsearch/hppc/0.8.0/hppc-0.8.0.jar:/home/runner/.m2/repository/org/apache/orc/orc-core/1.5.8/orc-core-1.5.8.jar:/home/runner/.m2/repository/net/java/dev/jna/jna/5.2.0/jna-5.2.0.jar:/home/runner/.m2/repository/net/java/dev/jna/jna-platform/5.2.0/jna-platform-5.2.0.jar:/home/runner/.m2/repository/com/kstruct/gethostname4j/0.0.2/gethostname4j-0.0.2.jar:/home/runner/.m2/repository/org/apache/ranger/ranger-plugin-classloader/2.3.0/ranger-plugin-classloader-2.3.0.jar:/home/runner/.m2/repository/org/apache/ranger/ranger-intg/2.3.0/ranger-intg-2.3.0.jar:/home/runner/work/ozone/ozone/hadoop-hdds/rocks-native/target/hdds-rocks-native-1.5.0-SNAPSHOT.jar:/home/runner/.m2/repository/org/apache/hadoop/hadoop-minikdc/3.3.6/hadoop-minikdc-3.3.6.jar:/home/runner/.m2/repository/org/apache/kerby/kerb-simplekdc/1.0.1/kerb-simplekdc-1.0.1.jar:/home/runner/.m2/repository/org/apache/kerby/kerb-client/1.0.1/kerb-client-1.0.1.jar:/home/runner/.m2/repository/org/apache/kerby/kerb-common/1.0.1/kerb-common-1.0.1.jar:/home/runner/.m2/repository/org/apache/kerby/token-provider/1.0.1/token-provider-1.0.1.jar:/home/runner/.m2/repository/org/apache/kerby/kerb-admin/1.0.1/kerb-admin-1.0.1.jar:/home/runner/.m2/repository/org/apache/kerby/kerb-server/1.0.1/kerb-server-1.0.1.jar:/home/runner/.m2/repository/org/apache/kerby/kerb-identity/1.0.1/kerb-identity-1.0.1.jar:/home/runner/.m2/repository/org/apache/kerby/kerby-xdr/1.0.1/kerby-xdr-1.0.1.jar:/home/runner/.m2/repository/junit/junit/4.13.2/junit-4.13.2.jar:/home/runner/.m2/repository/org/hamcrest/hamcrest-core/1.3/hamcrest-core-1.3.jar:/home/runner/work/ozone/ozone/hadoop-ozone/s3gateway/target/ozone-s3gateway-1.5.0-SNAPSHOT.jar:/home/runner/.m2/repository/org/javassist/javassist/3.30.2-GA/javassist-3.30.2-GA.jar:/home/runner/.m2/repository/org/jboss/weld/servlet/weld-servlet-shaded/3.1.9.Final/weld-servlet-shaded-3.1.9.Final.jar:/home/runner/.m2/repository/org/glassfish/jersey/core/jersey-common/2.45/jersey-common-2.45.jar:/home/runner/.m2/repository/org/glassfish/hk2/osgi-resource-locator/1.0.3/osgi-resource-locator-1.0.3.jar:/home/runner/.m2/repository/org/glassfish/jersey/ext/cdi/jersey-cdi1x/2.45/jersey-cdi1x-2.45.jar:/home/runner/.m2/repository/org/glassfish/jersey/inject/jersey-hk2/2.45/jersey-hk2-2.45.jar:/home/runner/.m2/repository/org/glassfish/hk2/hk2-locator/2.6.1/hk2-locator-2.6.1.jar:/home/runner/.m2/repository/org/glassfish/jersey/media/jersey-media-jaxb/2.45/jersey-media-jaxb-2.45.jar:/home/runner/.m2/repository/org/glassfish/hk2/hk2-api/2.6.1/hk2-api-2.6.1.jar:/home/runner/.m2/repository/org/glassfish/hk2/hk2-utils/2.6.1/hk2-utils-2.6.1.jar:/home/runner/.m2/repository/org/glassfish/hk2/external/aopalliance-repackaged/2.6.1/aopalliance-repackaged-2.6.1.jar:/home/runner/.m2/repository/com/fasterxml/jackson/dataformat/jackson-dataformat-xml/2.16.2/jackson-dataformat-xml-2.16.2.jar:/home/runner/.m2/repository/org/codehaus/woodstox/stax2-api/4.2.2/stax2-api-4.2.2.jar:/home/runner/.m2/repository/com/fasterxml/woodstox/woodstox-core/5.4.0/woodstox-core-5.4.0.jar:/home/runner/.m2/repository/com/fasterxml/jackson/module/jackson-module-jaxb-annotations/2.16.2/jackson-module-jaxb-annotations-2.16.2.jar:/home/runner/.m2/repository/javax/annotation/javax.annotation-api/1.3.2/javax.annotation-api-1.3.2.jar:/home/runner/.m2/repository/javax/enterprise/cdi-api/2.0/cdi-api-2.0.jar:/home/runner/.m2/repository/javax/el/javax.el-api/3.0.0/javax.el-api-3.0.0.jar:/home/runner/.m2/repository/javax/interceptor/javax.interceptor-api/1.2/javax.interceptor-api-1.2.jar:/home/runner/.m2/repository/org/glassfish/jaxb/jaxb-runtime/2.3.9/jaxb-runtime-2.3.9.jar:/home/runner/.m2/repository/org/glassfish/jaxb/txw2/2.3.9/txw2-2.3.9.jar:/home/runner/.m2/repository/com/sun/istack/istack-commons-runtime/3.0.12/istack-commons-runtime-3.0.12.jar:/home/runner/.m2/repository/com/sun/activation/jakarta.activation/1.2.2/jakarta.activation-1.2.2.jar:/home/runner/.m2/repository/jakarta/activation/jakarta.activation-api/1.2.2/jakarta.activation-api-1.2.2.jar:/home/runner/.m2/repository/io/grpc/grpc-protobuf/1.58.0/grpc-protobuf-1.58.0.jar:/home/runner/.m2/repository/com/google/api/grpc/proto-google-common-protos/2.22.0/proto-google-common-protos-2.22.0.jar:/home/runner/.m2/repository/io/grpc/grpc-protobuf-lite/1.58.0/grpc-protobuf-lite-1.58.0.jar:/home/runner/.m2/repository/io/opentracing/opentracing-noop/0.33.0/opentracing-noop-0.33.0.jar:/home/runner/.m2/repository/io/opentracing/opentracing-util/0.33.0/opentracing-util-0.33.0.jar:/home/runner/work/ozone/ozone/hadoop-ozone/csi/target/ozone-csi-1.5.0-SNAPSHOT.jar:/home/runner/.m2/repository/com/google/protobuf/protobuf-java-util/3.19.6/protobuf-java-util-3.19.6.jar:/home/runner/.m2/repository/io/netty/netty-transport-classes-epoll/4.1.109.Final/netty-transport-classes-epoll-4.1.109.Final.jar:/home/runner/.m2/repository/io/netty/netty-transport-native-epoll/4.1.109.Final/netty-transport-native-epoll-4.1.109.Final-linux-x86_64.jar:/home/runner/.m2/repository/io/netty/netty-transport-native-unix-common/4.1.109.Final/netty-transport-native-unix-common-4.1.109.Final.jar:/home/runner/work/ozone/ozone/hadoop-ozone/recon/target/ozone-recon-1.5.0-SNAPSHOT.jar:/home/runner/work/ozone/ozone/hadoop-ozone/recon-codegen/target/ozone-reconcodegen-1.5.0-SNAPSHOT.jar:/home/runner/.m2/repository/aopalliance/aopalliance/1.0/aopalliance-1.0.jar:/home/runner/.m2/repository/com/google/inject/guice/6.0.0/guice-6.0.0.jar:/home/runner/.m2/repository/jakarta/inject/jakarta.inject-api/2.0.1/jakarta.inject-api-2.0.1.jar:/home/runner/.m2/repository/com/google/inject/extensions/guice-assistedinject/6.0.0/guice-assistedinject-6.0.0.jar:/home/runner/.m2/repository/com/google/inject/extensions/guice-servlet/6.0.0/guice-servlet-6.0.0.jar:/home/runner/.m2/repository/org/glassfish/jersey/containers/jersey-container-servlet/2.45/jersey-container-servlet-2.45.jar:/home/runner/.m2/repository/org/glassfish/hk2/guice-bridge/2.6.1/guice-bridge-2.6.1.jar:/home/runner/.m2/repository/org/glassfish/hk2/external/jakarta.inject/2.6.1/jakarta.inject-2.6.1.jar:/home/runner/.m2/repository/org/glassfish/jersey/media/jersey-media-json-jackson/2.45/jersey-media-json-jackson-2.45.jar:/home/runner/.m2/repository/org/glassfish/jersey/ext/jersey-entity-filtering/2.45/jersey-entity-filtering-2.45.jar:/home/runner/.m2/repository/org/jooq/jooq/3.11.10/jooq-3.11.10.jar:/home/runner/.m2/repository/org/jooq/jooq-meta/3.11.10/jooq-meta-3.11.10.jar:/home/runner/.m2/repository/org/jooq/jooq-codegen/3.11.10/jooq-codegen-3.11.10.jar:/home/runner/.m2/repository/com/jolbox/bonecp/0.8.0.RELEASE/bonecp-0.8.0.RELEASE.jar:/home/runner/.m2/repository/org/apache/derby/derby/10.14.2.0/derby-10.14.2.0.jar:/home/runner/.m2/repository/org/xerial/sqlite-jdbc/3.46.1.0/sqlite-jdbc-3.46.1.0.jar:/home/runner/.m2/repository/org/springframework/spring-core/5.3.39/spring-core-5.3.39.jar:/home/runner/.m2/repository/org/springframework/spring-jdbc/5.3.39/spring-jdbc-5.3.39.jar:/home/runner/.m2/repository/org/springframework/spring-beans/5.3.39/spring-beans-5.3.39.jar:/home/runner/.m2/repository/org/springframework/spring-tx/5.3.39/spring-tx-5.3.39.jar:/home/runner/.m2/repository/jakarta/validation/jakarta.validation-api/2.0.2/jakarta.validation-api-2.0.2.jar:/home/runner/.m2/repository/javax/inject/javax.inject/1/javax.inject-1.jar:/home/runner/work/ozone/ozone/hadoop-ozone/client/target/ozone-client-1.5.0-SNAPSHOT.jar:/home/runner/work/ozone/ozone/hadoop-hdds/erasurecode/target/hdds-erasurecode-1.5.0-SNAPSHOT.jar:/home/runner/work/ozone/ozone/hadoop-ozone/ozonefs/target/ozone-filesystem-1.5.0-SNAPSHOT.jar:/home/runner/work/ozone/ozone/hadoop-ozone/ozonefs-common/target/ozone-filesystem-common-1.5.0-SNAPSHOT.jar:/home/runner/work/ozone/ozone/hadoop-ozone/tools/target/ozone-tools-1.5.0-SNAPSHOT.jar:/home/runner/.m2/repository/org/apache/ratis/ratis-tools/3.1.0/ratis-tools-3.1.0.jar:/home/runner/.m2/repository/com/amazonaws/aws-java-sdk-core/1.12.661/aws-java-sdk-core-1.12.661.jar:/home/runner/.m2/repository/com/fasterxml/jackson/dataformat/jackson-dataformat-cbor/2.16.2/jackson-dataformat-cbor-2.16.2.jar:/home/runner/.m2/repository/joda-time/joda-time/2.12.7/joda-time-2.12.7.jar:/home/runner/.m2/repository/com/amazonaws/aws-java-sdk-s3/1.12.661/aws-java-sdk-s3-1.12.661.jar:/home/runner/.m2/repository/com/amazonaws/aws-java-sdk-kms/1.12.661/aws-java-sdk-kms-1.12.661.jar:/home/runner/.m2/repository/com/amazonaws/jmespath-java/1.12.661/jmespath-java-1.12.661.jar:/home/runner/.m2/repository/org/kohsuke/metainf-services/metainf-services/1.11/metainf-services-1.11.jar:/home/runner/work/ozone/ozone/hadoop-hdds/tools/target/hdds-tools-1.5.0-SNAPSHOT.jar:/home/runner/.m2/repository/commons-cli/commons-cli/1.8.0/commons-cli-1.8.0.jar:/home/runner/.m2/repository/org/apache/commons/commons-lang3/3.14.0/commons-lang3-3.14.0.jar:/home/runner/work/ozone/ozone/hadoop-ozone/ozone-manager/target/ozone-manager-1.5.0-SNAPSHOT-tests.jar:/home/runner/work/ozone/ozone/hadoop-hdds/common/target/hdds-common-1.5.0-SNAPSHOT-tests.jar:/home/runner/work/ozone/ozone/hadoop-hdds/hadoop-dependency-client/target/hdds-hadoop-dependency-client-1.5.0-SNAPSHOT.jar:/home/runner/work/ozone/ozone/hadoop-hdds/annotations/target/hdds-annotation-processing-1.5.0-SNAPSHOT.jar:/home/runner/.m2/repository/org/bouncycastle/bcutil-jdk18on/1.78.1/bcutil-jdk18on-1.78.1.jar:/home/runner/.m2/repository/io/jaegertracing/jaeger-client/1.8.1/jaeger-client-1.8.1.jar:/home/runner/.m2/repository/io/jaegertracing/jaeger-thrift/1.8.1/jaeger-thrift-1.8.1.jar:/home/runner/.m2/repository/org/apache/thrift/libthrift/0.15.0/libthrift-0.15.0.jar:/home/runner/.m2/repository/io/jaegertracing/jaeger-tracerresolver/1.8.1/jaeger-tracerresolver-1.8.1.jar:/home/runner/.m2/repository/io/opentracing/contrib/opentracing-tracerresolver/0.1.8/opentracing-tracerresolver-0.1.8.jar:/home/runner/.m2/repository/io/jaegertracing/jaeger-core/1.8.1/jaeger-core-1.8.1.jar:/home/runner/.m2/repository/org/jetbrains/kotlin/kotlin-stdlib/1.9.25/kotlin-stdlib-1.9.25.jar:/home/runner/.m2/repository/org/jetbrains/annotations/13.0/annotations-13.0.jar:/home/runner/.m2/repository/org/yaml/snakeyaml/2.0/snakeyaml-2.0.jar:/home/runner/.m2/repository/org/junit/platform/junit-platform-launcher/1.10.3/junit-platform-launcher-1.10.3.jar:/home/runner/.m2/repository/org/junit/platform/junit-platform-engine/1.10.3/junit-platform-engine-1.10.3.jar:/home/runner/.m2/repository/org/apiguardian/apiguardian-api/1.1.2/apiguardian-api-1.1.2.jar:/home/runner/.m2/repository/org/apache/hadoop/hadoop-kms/3.3.6/hadoop-kms-3.3.6.jar:/home/runner/.m2/repository/org/apache/hadoop/hadoop-auth/3.3.6/hadoop-auth-3.3.6.jar:/home/runner/.m2/repository/org/apache/zookeeper/zookeeper/3.8.4/zookeeper-3.8.4.jar:/home/runner/.m2/repository/org/apache/zookeeper/zookeeper-jute/3.8.4/zookeeper-jute-3.8.4.jar:/home/runner/.m2/repository/org/apache/yetus/audience-annotations/0.12.0/audience-annotations-0.12.0.jar:/home/runner/.m2/repository/org/apache/curator/curator-framework/4.2.0/curator-framework-4.2.0.jar:/home/runner/.m2/repository/org/apache/hadoop/thirdparty/hadoop-shaded-guava/1.2.0/hadoop-shaded-guava-1.2.0.jar:/home/runner/.m2/repository/com/sun/jersey/jersey-core/1.19.4/jersey-core-1.19.4.jar:/home/runner/.m2/repository/javax/ws/rs/jsr311-api/1.1.1/jsr311-api-1.1.1.jar:/home/runner/.m2/repository/com/sun/jersey/jersey-server/1.19.4/jersey-server-1.19.4.jar:/home/runner/.m2/repository/org/apache/hadoop/hadoop-common/3.3.6/hadoop-common-3.3.6.jar:/home/runner/.m2/repository/org/apache/commons/commons-math3/3.6.1/commons-math3-3.6.1.jar:/home/runner/.m2/repository/commons-net/commons-net/3.11.1/commons-net-3.11.1.jar:/home/runner/.m2/repository/com/sun/jersey/jersey-servlet/1.19.4/jersey-servlet-1.19.4.jar:/home/runner/.m2/repository/com/github/pjfanning/jersey-json/1.20/jersey-json-1.20.jar:/home/runner/.m2/repository/org/codehaus/jettison/jettison/1.1/jettison-1.1.jar:/home/runner/.m2/repository/com/sun/xml/bind/jaxb-impl/2.2.3-1/jaxb-impl-2.2.3-1.jar:/home/runner/.m2/repository/com/google/re2j/re2j/1.7/re2j-1.7.jar:/home/runner/.m2/repository/com/jcraft/jsch/0.1.55/jsch-0.1.55.jar:/home/runner/.m2/repository/org/apache/curator/curator-client/4.2.0/curator-client-4.2.0.jar:/home/runner/.m2/repository/org/apache/curator/curator-recipes/5.2.0/curator-recipes-5.2.0.jar:/home/runner/.m2/repository/com/google/code/findbugs/jsr305/3.0.2/jsr305-3.0.2.jar:/home/runner/.m2/repository/dnsjava/dnsjava/2.1.9/dnsjava-2.1.9.jar:/home/runner/.m2/repository/org/apache/hadoop/hadoop-kms/3.3.6/hadoop-kms-3.3.6-tests.jar:/home/runner/work/ozone/ozone/hadoop-hdds/server-scm/target/hdds-server-scm-1.5.0-SNAPSHOT-tests.jar:/home/runner/work/ozone/ozone/hadoop-hdds/container-service/target/hdds-container-service-1.5.0-SNAPSHOT-tests.jar:/home/runner/.m2/repository/com/github/luben/zstd-jni/1.5.6-4/zstd-jni-1.5.6-4.jar:/home/runner/.m2/repository/io/netty/netty-buffer/4.1.109.Final/netty-buffer-4.1.109.Final.jar:/home/runner/.m2/repository/io/netty/netty-codec/4.1.109.Final/netty-codec-4.1.109.Final.jar:/home/runner/work/ozone/ozone/hadoop-hdds/hadoop-dependency-test/target/hdds-hadoop-dependency-test-1.5.0-SNAPSHOT.jar:/home/runner/.m2/repository/org/apache/hadoop/hadoop-common/3.3.6/hadoop-common-3.3.6-tests.jar:/home/runner/.m2/repository/org/apache/hadoop/hadoop-hdfs/3.3.6/hadoop-hdfs-3.3.6-tests.jar:/home/runner/.m2/repository/org/junit/jupiter/junit-jupiter-engine/5.10.3/junit-jupiter-engine-5.10.3.jar:/home/runner/.m2/repository/org/junit/jupiter/junit-jupiter-params/5.10.3/junit-jupiter-params-5.10.3.jar:/home/runner/.m2/repository/org/mockito/mockito-core/4.11.0/mockito-core-4.11.0.jar:/home/runner/.m2/repository/net/bytebuddy/byte-buddy-agent/1.12.19/byte-buddy-agent-1.12.19.jar:/home/runner/.m2/repository/org/objenesis/objenesis/3.3/objenesis-3.3.jar:/home/runner/.m2/repository/org/mockito/mockito-inline/4.11.0/mockito-inline-4.11.0.jar:/home/runner/.m2/repository/org/mockito/mockito-junit-jupiter/4.11.0/mockito-junit-jupiter-4.11.0.jar:/home/runner/.m2/repository/org/apache/hadoop/hadoop-distcp/3.3.6/hadoop-distcp-3.3.6.jar:/home/runner/.m2/repository/org/apache/hadoop/hadoop-mapreduce-client-jobclient/3.3.6/hadoop-mapreduce-client-jobclient-3.3.6.jar:/home/runner/.m2/repository/org/apache/hadoop/hadoop-mapreduce-client-common/3.3.6/hadoop-mapreduce-client-common-3.3.6.jar:/home/runner/.m2/repository/org/apache/hadoop/hadoop-yarn-common/3.3.6/hadoop-yarn-common-3.3.6.jar:/home/runner/.m2/repository/org/apache/hadoop/hadoop-yarn-api/3.3.6/hadoop-yarn-api-3.3.6.jar:/home/runner/.m2/repository/javax/xml/bind/jaxb-api/2.2.11/jaxb-api-2.2.11.jar:/home/runner/.m2/repository/com/sun/jersey/contribs/jersey-guice/1.19.4/jersey-guice-1.19.4.jar:/home/runner/.m2/repository/com/fasterxml/jackson/jaxrs/jackson-jaxrs-json-provider/2.16.2/jackson-jaxrs-json-provider-2.16.2.jar:/home/runner/.m2/repository/com/fasterxml/jackson/jaxrs/jackson-jaxrs-base/2.16.2/jackson-jaxrs-base-2.16.2.jar:/home/runner/.m2/repository/org/apache/hadoop/hadoop-yarn-client/3.3.6/hadoop-yarn-client-3.3.6.jar:/home/runner/.m2/repository/org/eclipse/jetty/websocket/websocket-client/9.4.51.v20230217/websocket-client-9.4.51.v20230217.jar:/home/runner/.m2/repository/org/eclipse/jetty/websocket/websocket-common/9.4.51.v20230217/websocket-common-9.4.51.v20230217.jar:/home/runner/.m2/repository/org/eclipse/jetty/websocket/websocket-api/9.4.51.v20230217/websocket-api-9.4.51.v20230217.jar:/home/runner/.m2/repository/org/jline/jline/3.9.0/jline-3.9.0.jar:/home/runner/.m2/repository/org/apache/hadoop/hadoop-mapreduce-client-core/3.3.6/hadoop-mapreduce-client-core-3.3.6.jar:/home/runner/.m2/repository/org/apache/avro/avro/1.7.7/avro-1.7.7.jar:/home/runner/.m2/repository/com/thoughtworks/paranamer/paranamer/2.3/paranamer-2.3.jar:/home/runner/.m2/repository/org/apache/hadoop/hadoop-annotations/3.3.6/hadoop-annotations-3.3.6.jar:/home/runner/.m2/repository/io/netty/netty/3.10.6.Final/netty-3.10.6.Final.jar:/home/runner/.m2/repository/org/apache/hadoop/hadoop-distcp/3.3.6/hadoop-distcp-3.3.6-tests.jar:/home/runner/.m2/repository/org/apache/ratis/ratis-server/3.1.0/ratis-server-3.1.0.jar:/home/runner/.m2/repository/org/hamcrest/hamcrest/2.2/hamcrest-2.2.jar:/home/runner/.m2/repository/org/slf4j/jul-to-slf4j/2.0.16/jul-to-slf4j-2.0.16.jar:/home/runner/work/ozone/ozone/hadoop-ozone/integration-test/target/gradle-enterprise/test-listeners.jar:"/>
    <property name="sun.cpu.endian" value="little"/>
    <property name="user.home" value="/home/runner"/>
    <property name="user.language" value="en"/>
    <property name="java.specification.vendor" value="Oracle Corporation"/>
    <property name="java.version.date" value="2024-07-16"/>
    <property name="java.home" value="/usr/lib/jvm/temurin-17-jdk-amd64"/>
    <property name="java.security.krb5.conf" value="/home/runner/work/ozone/ozone/hadoop-ozone/integration-test/target/test-classes/krb5.conf"/>
    <property name="file.separator" value="/"/>
    <property name="basedir" value="/home/runner/work/ozone/ozone/hadoop-ozone/integration-test"/>
    <property name="java.vm.compressedOopsMode" value="Zero based"/>
    <property name="line.separator" value="&#10;"/>
    <property name="java.vm.specification.vendor" value="Oracle Corporation"/>
    <property name="java.specification.name" value="Java Platform API Specification"/>
    <property name="skip.installnpx" value="true"/>
    <property name="surefire.real.class.path" value="/home/runner/work/ozone/ozone/hadoop-ozone/integration-test/target/surefire/surefirebooter1579942851062807217.jar"/>
    <property name="hadoop.log.dir" value="/home/runner/work/ozone/ozone/hadoop-ozone/integration-test/target/log"/>
    <property name="sun.management.compiler" value="HotSpot 64-Bit Tiered Compilers"/>
    <property name="java.runtime.version" value="17.0.12+7"/>
    <property name="skip.npx" value="true"/>
    <property name="user.name" value="runner"/>
    <property name="java.net.preferIPv4Stack" value="true"/>
    <property name="path.separator" value=":"/>
    <property name="java.security.egd" value="file:///dev/urandom"/>
    <property name="os.version" value="5.15.0-1071-azure"/>
    <property name="java.runtime.name" value="OpenJDK Runtime Environment"/>
    <property name="com.gradle.maven.scan.extension.test.listener.junitplatform.NestedExecutionSafeDelegatingTestExecutionListener" value="20f5281c"/>
    <property name="file.encoding" value="UTF-8"/>
    <property name="java.vm.name" value="OpenJDK 64-Bit Server VM"/>
    <property name="java.vendor.version" value="Temurin-17.0.12+7"/>
    <property name="test.build.webapps" value=""/>
    <property name="develocity.listener.surefire.forkId" value="1"/>
    <property name="localRepository" value="/home/runner/.m2/repository"/>
    <property name="java.vendor.url.bug" value="https://github.com/adoptium/adoptium-support/issues"/>
    <property name="jetty.git.hash" value="ec6782ff5ead824dabdcf47fa98f90a4aedff401"/>
    <property name="java.io.tmpdir" value="/tmp"/>
    <property name="require.test.libhadoop" value=""/>
    <property name="java.version" value="17.0.12"/>
    <property name="user.dir" value="/home/runner/work/ozone/ozone/hadoop-ozone/integration-test"/>
    <property name="os.arch" value="amd64"/>
    <property name="java.vm.specification.name" value="Java Virtual Machine Specification"/>
    <property name="test.build.classes" value="/home/runner/work/ozone/ozone/hadoop-ozone/integration-test/target/test-classes"/>
    <property name="org.apache.ratis.thirdparty.io.netty.allocator.useCacheForAllThreads" value="false"/>
    <property name="native.encoding" value="UTF-8"/>
    <property name="hadoop.tmp.dir" value="/home/runner/work/ozone/ozone/hadoop-ozone/integration-test/target/tmp"/>
    <property name="java.library.path" value="/usr/java/packages/lib:/usr/lib64:/lib64:/lib:/usr/lib"/>
    <property name="java.vm.info" value="mixed mode, sharing"/>
    <property name="java.vendor" value="Eclipse Adoptium"/>
    <property name="java.vm.version" value="17.0.12+7"/>
    <property name="sun.io.unicode.encoding" value="UnicodeLittle"/>
    <property name="develocity.listener.port" value="46045"/>
    <property name="java.class.version" value="61.0"/>
  </properties>
  <testcase name="testSSTFilteringBackgroundService" classname="org.apache.hadoop.ozone.om.snapshot.TestSnapshotBackgroundServices" time="51.601"/>
  <testcase name="testBackupCompactionFilesPruningBackgroundService" classname="org.apache.hadoop.ozone.om.snapshot.TestSnapshotBackgroundServices" time="40.256"/>
  <testcase name="testCompactionLogBackgroundService" classname="org.apache.hadoop.ozone.om.snapshot.TestSnapshotBackgroundServices" time="34.027">
    <error type="org.apache.ratis.thirdparty.io.grpc.StatusRuntimeException"><![CDATA[org.apache.ratis.thirdparty.io.grpc.StatusRuntimeException: INTERNAL: Cannot invoke "org.apache.ratis.server.protocol.TermIndex.toProto()" because the return value of "org.apache.ratis.server.raftlog.RaftLog.getTermIndex(long)" is null
	at org.apache.ratis.thirdparty.io.grpc.stub.ClientCalls.toStatusRuntimeException(ClientCalls.java:268)
	at org.apache.ratis.thirdparty.io.grpc.stub.ClientCalls.getUnchecked(ClientCalls.java:249)
	at org.apache.ratis.thirdparty.io.grpc.stub.ClientCalls.blockingUnaryCall(ClientCalls.java:167)
	at org.apache.ratis.proto.grpc.AdminProtocolServiceGrpc$AdminProtocolServiceBlockingStub.groupInfo(AdminProtocolServiceGrpc.java:496)
	at org.apache.ratis.grpc.client.GrpcClientProtocolClient.groupInfo(GrpcClientProtocolClient.java:184)
	at org.apache.ratis.grpc.client.GrpcClientRpc.sendRequest(GrpcClientRpc.java:110)
	at org.apache.ratis.client.impl.BlockingImpl.sendRequest(BlockingImpl.java:147)
	at org.apache.ratis.client.impl.BlockingImpl.sendRequestWithRetry(BlockingImpl.java:109)
	at org.apache.ratis.client.impl.GroupManagementImpl.info(GroupManagementImpl.java:79)
	at org.apache.hadoop.hdds.ratis.RatisHelper.transferRatisLeadership(RatisHelper.java:554)
	at org.apache.hadoop.ozone.om.OzoneManager.transferLeadership(OzoneManager.java:3349)
	at org.apache.hadoop.ozone.om.snapshot.TestSnapshotBackgroundServices.verifyLeadershipTransfer(TestSnapshotBackgroundServices.java:594)
	at org.apache.hadoop.ozone.om.snapshot.TestSnapshotBackgroundServices.getNewLeader(TestSnapshotBackgroundServices.java:584)
	at org.apache.hadoop.ozone.om.snapshot.TestSnapshotBackgroundServices.testCompactionLogBackgroundService(TestSnapshotBackgroundServices.java:395)
	at java.base/java.lang.reflect.Method.invoke(Method.java:569)
	at java.base/java.util.ArrayList.forEach(ArrayList.java:1511)
	at java.base/java.util.ArrayList.forEach(ArrayList.java:1511)
]]></error>
    <system-out><![CDATA[2024-09-17 10:41:00,283 [main] WARN  server.ServerUtils (ServerUtils.java:getScmDbDir(143)) - ozone.scm.db.dirs is not configured. We recommend adding this setting. Falling back to ozone.metadata.dirs instead.
2024-09-17 10:41:00,288 [main] WARN  server.ServerUtils (ServerUtils.java:getScmDbDir(143)) - ozone.scm.db.dirs is not configured. We recommend adding this setting. Falling back to ozone.metadata.dirs instead.
2024-09-17 10:41:00,288 [main] INFO  ha.SCMHANodeDetails (SCMHANodeDetails.java:loadSCMHAConfig(207)) - ServiceID for StorageContainerManager is null
2024-09-17 10:41:00,288 [main] INFO  ha.SCMHANodeDetails (SCMHANodeDetails.java:loadSCMHAConfig(212)) - ozone.scm.default.service.id is not defined, falling back to ozone.scm.service.ids to find serviceID for StorageContainerManager if it is HA enabled cluster
2024-09-17 10:41:00,289 [main] WARN  utils.HAUtils (HAUtils.java:getMetaDir(337)) - ozone.scm.db.dirs is not configured. We recommend adding this setting. Falling back to ozone.metadata.dirs instead.
2024-09-17 10:41:00,289 [main] WARN  db.DBStoreBuilder (DBStoreBuilder.java:applyDBDefinition(171)) - ozone.scm.db.dirs is not configured. We recommend adding this setting. Falling back to ozone.metadata.dirs instead.
2024-09-17 10:41:00,346 [main] INFO  net.NodeSchemaLoader (NodeSchemaLoader.java:loadSchemaFromFile(129)) - Loading schema from [jar:file:/home/runner/work/ozone/ozone/hadoop-hdds/common/target/hdds-common-1.5.0-SNAPSHOT.jar!/network-topology-default.xml]
2024-09-17 10:41:00,346 [main] INFO  net.NodeSchemaLoader (NodeSchemaLoader.java:loadSchema(176)) - Loading network topology layer schema file
2024-09-17 10:41:00,349 [main] INFO  upgrade.AbstractLayoutVersionManager (AbstractLayoutVersionManager.java:init(83)) - Initializing Layout version manager with metadata layout = HBASE_SUPPORT (version = 8), software layout = HBASE_SUPPORT (version = 8)
2024-09-17 10:41:00,350 [main] INFO  ha.SequenceIdGenerator (SequenceIdGenerator.java:upgradeToSequenceId(369)) - upgrade localId to 113750153625600000
2024-09-17 10:41:00,350 [main] INFO  ha.SequenceIdGenerator (SequenceIdGenerator.java:upgradeToSequenceId(379)) - upgrade delTxnId to 0
2024-09-17 10:41:00,351 [main] INFO  ha.SequenceIdGenerator (SequenceIdGenerator.java:upgradeToSequenceId(396)) - upgrade containerId to 0
2024-09-17 10:41:00,351 [main] INFO  ha.SequenceIdGenerator (SequenceIdGenerator.java:upgradeToCertificateSequenceId(433)) - upgrade CertificateId to 2
2024-09-17 10:41:00,351 [main] INFO  ha.SequenceIdGenerator (SequenceIdGenerator.java:<init>(240)) - Init the HA SequenceIdGenerator.
2024-09-17 10:41:00,352 [main] WARN  server.ServerUtils (ServerUtils.java:sanitizeUserArgs(79)) - ozone.scm.stale.node.interval value = 300000 is larger than max = 100000 based on the key value of ozone.scm.heartbeat.thread.interval, reset to the max value 100000.
2024-09-17 10:41:00,352 [main] WARN  server.ServerUtils (ServerUtils.java:sanitizeUserArgs(79)) - ozone.scm.stale.node.interval value = 300000 is larger than max = 100000 based on the key value of ozone.scm.heartbeat.thread.interval, reset to the max value 100000.
2024-09-17 10:41:00,352 [main] INFO  node.SCMNodeManager (SCMNodeManager.java:<init>(180)) - Entering startup safe mode.
2024-09-17 10:41:00,353 [main] INFO  algorithms.ContainerPlacementPolicyFactory (ContainerPlacementPolicyFactory.java:getPolicyInternal(86)) - Create container placement policy of type org.apache.hadoop.hdds.scm.container.placement.algorithms.SCMContainerPlacementRackAware
2024-09-17 10:41:00,353 [main] INFO  algorithms.ContainerPlacementPolicyFactory (ContainerPlacementPolicyFactory.java:getPolicyInternal(86)) - Create container placement policy of type org.apache.hadoop.hdds.scm.container.placement.algorithms.SCMContainerPlacementRackScatter
2024-09-17 10:41:00,353 [main] INFO  pipeline.PipelineStateManagerImpl (PipelineStateManagerImpl.java:initialize(78)) - No pipeline exists in current db
2024-09-17 10:41:00,353 [main] INFO  algorithms.LeaderChoosePolicyFactory (LeaderChoosePolicyFactory.java:getPolicy(57)) - Create leader choose policy of type org.apache.hadoop.hdds.scm.pipeline.leader.choose.algorithms.MinLeaderCountChoosePolicy
2024-09-17 10:41:00,353 [main] INFO  algorithms.ContainerPlacementPolicyFactory (ContainerPlacementPolicyFactory.java:getPolicyInternal(86)) - Create container placement policy of type org.apache.hadoop.hdds.scm.container.placement.algorithms.SCMContainerPlacementRackScatter
2024-09-17 10:41:00,354 [main] INFO  ha.SCMServiceManager (SCMServiceManager.java:register(42)) - Registering service BackgroundPipelineCreator.
2024-09-17 10:41:00,354 [main] INFO  pipeline.BackgroundPipelineCreator (BackgroundPipelineCreator.java:start(127)) - Starting RatisPipelineUtilsThread.
2024-09-17 10:41:00,354 [main] INFO  BackgroundPipelineScrubber (BackgroundSCMService.java:start(65)) - Starting BackgroundPipelineScrubber Service.
2024-09-17 10:41:00,354 [main] INFO  ha.SCMServiceManager (SCMServiceManager.java:register(42)) - Registering service BackgroundPipelineScrubber.
2024-09-17 10:41:00,354 [main] INFO  ExpiredContainerReplicaOpScrubber (BackgroundSCMService.java:start(65)) - Starting ExpiredContainerReplicaOpScrubber Service.
2024-09-17 10:41:00,355 [main] INFO  ha.SCMServiceManager (SCMServiceManager.java:register(42)) - Registering service ExpiredContainerReplicaOpScrubber.
2024-09-17 10:41:00,355 [main] INFO  algorithms.PipelineChoosePolicyFactory (PipelineChoosePolicyFactory.java:createPipelineChoosePolicyFromClass(80)) - Create pipeline choose policy of type org.apache.hadoop.hdds.scm.pipeline.choose.algorithms.RandomPipelineChoosePolicy
2024-09-17 10:41:00,355 [main] INFO  algorithms.PipelineChoosePolicyFactory (PipelineChoosePolicyFactory.java:createPipelineChoosePolicyFromClass(80)) - Create pipeline choose policy of type org.apache.hadoop.hdds.scm.pipeline.choose.algorithms.RandomPipelineChoosePolicy
2024-09-17 10:41:00,356 [main] INFO  ha.SCMServiceManager (SCMServiceManager.java:register(42)) - Registering service SCMBlockDeletingService.
2024-09-17 10:41:00,356 [main] INFO  replication.ReplicationManager (ReplicationManager.java:start(296)) - Starting Replication Monitor Thread.
2024-09-17 10:41:00,357 [ReplicationMonitor] INFO  replication.ReplicationManager (ReplicationManager.java:processAll(373)) - Replication Manager is not ready to run until 3000ms after safemode exit
2024-09-17 10:41:00,357 [main] INFO  ha.SCMServiceManager (SCMServiceManager.java:register(42)) - Registering service ReplicationManager.
2024-09-17 10:41:00,358 [main] INFO  safemode.ContainerSafeModeRule (ContainerSafeModeRule.java:<init>(91)) - containers with one replica threshold count 0
2024-09-17 10:41:00,358 [main] INFO  safemode.HealthyPipelineSafeModeRule (HealthyPipelineSafeModeRule.java:initializeRule(176)) - Total pipeline count is 0, healthy pipeline threshold count is 1
2024-09-17 10:41:00,358 [main] INFO  safemode.OneReplicaPipelineSafeModeRule (OneReplicaPipelineSafeModeRule.java:initializeRule(193)) - Total pipeline count is 0, pipeline's with at least one datanode reported threshold count is 0
2024-09-17 10:41:00,358 [main] INFO  server.StorageContainerManager (StorageContainerManager.java:<init>(443)) - SCM start with adminUsers: [runner]
2024-09-17 10:41:00,359 [main] INFO  ipc.CallQueueManager (CallQueueManager.java:<init>(90)) - Using callQueue: class java.util.concurrent.LinkedBlockingQueue, queueCapacity: 10000, scheduler: class org.apache.hadoop.ipc.DefaultRpcScheduler, ipcBackoff: false.
2024-09-17 10:41:00,359 [main] INFO  ipc.Server (Server.java:<init>(1287)) - Listener at 0.0.0.0:15088
2024-09-17 10:41:00,359 [Socket Reader #1 for port 15088] INFO  ipc.Server (Server.java:run(1323)) - Starting Socket Reader #1 for port 15088
2024-09-17 10:41:00,360 [Socket Reader #2 for port 15088] INFO  ipc.Server (Server.java:run(1323)) - Starting Socket Reader #2 for port 15088
2024-09-17 10:41:00,360 [Socket Reader #3 for port 15088] INFO  ipc.Server (Server.java:run(1323)) - Starting Socket Reader #3 for port 15088
2024-09-17 10:41:00,360 [Socket Reader #4 for port 15088] INFO  ipc.Server (Server.java:run(1323)) - Starting Socket Reader #4 for port 15088
2024-09-17 10:41:00,360 [Socket Reader #5 for port 15088] INFO  ipc.Server (Server.java:run(1323)) - Starting Socket Reader #5 for port 15088
2024-09-17 10:41:00,360 [Socket Reader #6 for port 15088] INFO  ipc.Server (Server.java:run(1323)) - Starting Socket Reader #6 for port 15088
2024-09-17 10:41:00,361 [Socket Reader #7 for port 15088] INFO  ipc.Server (Server.java:run(1323)) - Starting Socket Reader #7 for port 15088
2024-09-17 10:41:00,361 [Socket Reader #8 for port 15088] INFO  ipc.Server (Server.java:run(1323)) - Starting Socket Reader #8 for port 15088
2024-09-17 10:41:00,361 [Socket Reader #9 for port 15088] INFO  ipc.Server (Server.java:run(1323)) - Starting Socket Reader #9 for port 15088
2024-09-17 10:41:00,361 [Socket Reader #10 for port 15088] INFO  ipc.Server (Server.java:run(1323)) - Starting Socket Reader #10 for port 15088
2024-09-17 10:41:00,362 [main] INFO  ipc.CallQueueManager (CallQueueManager.java:<init>(90)) - Using callQueue: class java.util.concurrent.LinkedBlockingQueue, queueCapacity: 10000, scheduler: class org.apache.hadoop.ipc.DefaultRpcScheduler, ipcBackoff: false.
2024-09-17 10:41:00,362 [main] INFO  ipc.Server (Server.java:<init>(1287)) - Listener at 0.0.0.0:15087
2024-09-17 10:41:00,362 [Socket Reader #1 for port 15087] INFO  ipc.Server (Server.java:run(1323)) - Starting Socket Reader #1 for port 15087
2024-09-17 10:41:00,362 [Socket Reader #2 for port 15087] INFO  ipc.Server (Server.java:run(1323)) - Starting Socket Reader #2 for port 15087
2024-09-17 10:41:00,362 [Socket Reader #3 for port 15087] INFO  ipc.Server (Server.java:run(1323)) - Starting Socket Reader #3 for port 15087
2024-09-17 10:41:00,363 [Socket Reader #4 for port 15087] INFO  ipc.Server (Server.java:run(1323)) - Starting Socket Reader #4 for port 15087
2024-09-17 10:41:00,363 [Socket Reader #5 for port 15087] INFO  ipc.Server (Server.java:run(1323)) - Starting Socket Reader #5 for port 15087
2024-09-17 10:41:00,363 [Socket Reader #6 for port 15087] INFO  ipc.Server (Server.java:run(1323)) - Starting Socket Reader #6 for port 15087
2024-09-17 10:41:00,363 [Socket Reader #7 for port 15087] INFO  ipc.Server (Server.java:run(1323)) - Starting Socket Reader #7 for port 15087
2024-09-17 10:41:00,363 [Socket Reader #8 for port 15087] INFO  ipc.Server (Server.java:run(1323)) - Starting Socket Reader #8 for port 15087
2024-09-17 10:41:00,363 [Socket Reader #9 for port 15087] INFO  ipc.Server (Server.java:run(1323)) - Starting Socket Reader #9 for port 15087
2024-09-17 10:41:00,364 [Socket Reader #10 for port 15087] INFO  ipc.Server (Server.java:run(1323)) - Starting Socket Reader #10 for port 15087
2024-09-17 10:41:00,364 [main] INFO  ipc.CallQueueManager (CallQueueManager.java:<init>(90)) - Using callQueue: class java.util.concurrent.LinkedBlockingQueue, queueCapacity: 10000, scheduler: class org.apache.hadoop.ipc.DefaultRpcScheduler, ipcBackoff: false.
2024-09-17 10:41:00,364 [main] INFO  ipc.Server (Server.java:<init>(1287)) - Listener at 0.0.0.0:15086
2024-09-17 10:41:00,365 [Socket Reader #1 for port 15086] INFO  ipc.Server (Server.java:run(1323)) - Starting Socket Reader #1 for port 15086
2024-09-17 10:41:00,365 [Socket Reader #2 for port 15086] INFO  ipc.Server (Server.java:run(1323)) - Starting Socket Reader #2 for port 15086
2024-09-17 10:41:00,365 [Socket Reader #3 for port 15086] INFO  ipc.Server (Server.java:run(1323)) - Starting Socket Reader #3 for port 15086
2024-09-17 10:41:00,365 [Socket Reader #4 for port 15086] INFO  ipc.Server (Server.java:run(1323)) - Starting Socket Reader #4 for port 15086
2024-09-17 10:41:00,365 [Socket Reader #5 for port 15086] INFO  ipc.Server (Server.java:run(1323)) - Starting Socket Reader #5 for port 15086
2024-09-17 10:41:00,366 [Socket Reader #6 for port 15086] INFO  ipc.Server (Server.java:run(1323)) - Starting Socket Reader #6 for port 15086
2024-09-17 10:41:00,366 [Socket Reader #7 for port 15086] INFO  ipc.Server (Server.java:run(1323)) - Starting Socket Reader #7 for port 15086
2024-09-17 10:41:00,366 [Socket Reader #8 for port 15086] INFO  ipc.Server (Server.java:run(1323)) - Starting Socket Reader #8 for port 15086
2024-09-17 10:41:00,366 [Socket Reader #9 for port 15086] INFO  ipc.Server (Server.java:run(1323)) - Starting Socket Reader #9 for port 15086
2024-09-17 10:41:00,366 [Socket Reader #10 for port 15086] INFO  ipc.Server (Server.java:run(1323)) - Starting Socket Reader #10 for port 15086
2024-09-17 10:41:00,369 [main] INFO  ha.SCMServiceManager (SCMServiceManager.java:register(42)) - Registering service ContainerBalancer.
2024-09-17 10:41:00,369 [main] INFO  ha.SCMContext (SCMContext.java:updateSafeModeStatus(225)) - Update SafeModeStatus from SafeModeStatus{safeModeStatus=true, preCheckPassed=false} to SafeModeStatus{safeModeStatus=true, preCheckPassed=false}.
2024-09-17 10:41:00,369 [main] INFO  server.StorageContainerManager (StorageContainerManager.java:start(1544)) - StorageContainerLocationProtocol RPC server is listening at /0.0.0.0:15086
2024-09-17 10:41:00,370 [main] WARN  impl.MetricsConfig (MetricsConfig.java:loadFirst(136)) - Cannot locate configuration: tried hadoop-metrics2-storagecontainermanager.properties,hadoop-metrics2.properties
2024-09-17 10:41:00,371 [main] INFO  impl.MetricsSystemImpl (MetricsSystemImpl.java:startTimer(378)) - Scheduled Metric snapshot period at 10 second(s).
2024-09-17 10:41:00,371 [main] INFO  impl.MetricsSystemImpl (MetricsSystemImpl.java:start(191)) - StorageContainerManager metrics system started
2024-09-17 10:41:00,377 [main] INFO  impl.MetricsSinkAdapter (MetricsSinkAdapter.java:start(204)) - Sink prometheus started
2024-09-17 10:41:00,377 [main] INFO  impl.MetricsSystemImpl (MetricsSystemImpl.java:registerSink(305)) - Registered sink prometheus
2024-09-17 10:41:00,395 [main] INFO  server.SCMClientProtocolServer (SCMClientProtocolServer.java:start(213)) - RPC server for Client  is listening at /0.0.0.0:15086
2024-09-17 10:41:00,397 [IPC Server Responder] INFO  ipc.Server (Server.java:run(1562)) - IPC Server Responder: starting
2024-09-17 10:41:00,397 [IPC Server listener on 15086] INFO  ipc.Server (Server.java:run(1402)) - IPC Server listener on 15086: starting
2024-09-17 10:41:00,411 [main] INFO  server.StorageContainerManager (StorageContainerManager.java:start(1557)) - ScmBlockLocationProtocol RPC server is listening at /0.0.0.0:15087
2024-09-17 10:41:00,411 [main] INFO  server.SCMBlockProtocolServer (SCMBlockProtocolServer.java:start(172)) - RPC server for Block Protocol is listening at /0.0.0.0:15087
2024-09-17 10:41:00,412 [IPC Server Responder] INFO  ipc.Server (Server.java:run(1562)) - IPC Server Responder: starting
2024-09-17 10:41:00,412 [IPC Server listener on 15087] INFO  ipc.Server (Server.java:run(1402)) - IPC Server listener on 15087: starting
2024-09-17 10:41:00,420 [main] INFO  server.SCMDatanodeProtocolServer (SCMDatanodeProtocolServer.java:start(199)) - ScmDatanodeProtocol RPC server for DataNodes is listening at /0.0.0.0:15088
2024-09-17 10:41:00,420 [IPC Server Responder] INFO  ipc.Server (Server.java:run(1562)) - IPC Server Responder: starting
2024-09-17 10:41:00,420 [IPC Server listener on 15088] INFO  ipc.Server (Server.java:run(1402)) - IPC Server listener on 15088: starting
2024-09-17 10:41:00,429 [JvmPauseMonitor14] INFO  util.JvmPauseMonitor (JvmPauseMonitor.java:run(146)) - JvmPauseMonitor-dbbc8e92-4d06-42c8-b117-bfb2772cde7e: Started
2024-09-17 10:41:00,430 [main] INFO  http.BaseHttpServer (BaseHttpServer.java:newHttpServer2BuilderForOzone(223)) - Starting Web-server for scm at: http://0.0.0.0:15089
2024-09-17 10:41:00,430 [main] INFO  http.BaseHttpServer (BaseHttpServer.java:<init>(110)) - Hadoop Security Enabled: false Ozone Security Enabled: false Ozone HTTP Security Enabled: false 
2024-09-17 10:41:00,431 [main] WARN  server.AuthenticationFilter (AuthenticationFilter.java:constructSecretProvider(240)) - Unable to initialize FileSignerSecretProvider, falling back to use random secrets. Reason: Could not read signature secret file: /home/runner/hadoop-http-auth-signature-secret
2024-09-17 10:41:00,432 [main] INFO  http.HttpRequestLog (HttpRequestLog.java:getRequestLog(86)) - Http request log for http.requests.scm is not defined
2024-09-17 10:41:00,433 [main] INFO  http.HttpServer2 (HttpServer2.java:addGlobalFilter(1035)) - Added global filter 'safety' (class=org.apache.hadoop.hdds.server.http.HttpServer2$QuotingInputFilter)
2024-09-17 10:41:00,434 [main] INFO  http.HttpServer2 (HttpServer2.java:addFilter(1011)) - Added filter static_user_filter (class=org.apache.hadoop.http.lib.StaticUserWebFilter$StaticUserFilter) to context scm
2024-09-17 10:41:00,434 [main] INFO  http.HttpServer2 (HttpServer2.java:addFilter(1019)) - Added filter static_user_filter (class=org.apache.hadoop.http.lib.StaticUserWebFilter$StaticUserFilter) to context static
2024-09-17 10:41:00,434 [main] INFO  http.HttpServer2 (HttpServer2.java:addFilter(1019)) - Added filter static_user_filter (class=org.apache.hadoop.http.lib.StaticUserWebFilter$StaticUserFilter) to context logs
2024-09-17 10:41:00,435 [main] INFO  http.BaseHttpServer (BaseHttpServer.java:<init>(189)) - HTTP server of scm uses base directory /home/runner/work/ozone/ozone/hadoop-ozone/integration-test/target/test-dir/MiniOzoneClusterImpl-90660ac4-7e9c-448b-98ea-af4f808cf8d9/ozone-meta/webserver
2024-09-17 10:41:00,435 [main] INFO  http.HttpServer2 (HttpServer2.java:bindListener(1235)) - Jetty bound to port 15089
2024-09-17 10:41:00,435 [main] INFO  server.Server (Server.java:doStart(375)) - jetty-9.4.56.v20240826; built: 2024-08-26T17:15:05.868Z; git: ec6782ff5ead824dabdcf47fa98f90a4aedff401; jvm 17.0.12+7
2024-09-17 10:41:00,436 [main] INFO  server.session (DefaultSessionIdManager.java:doStart(334)) - DefaultSessionIdManager workerName=node0
2024-09-17 10:41:00,437 [main] INFO  server.session (DefaultSessionIdManager.java:doStart(339)) - No SessionScavenger set, using defaults
2024-09-17 10:41:00,437 [main] INFO  server.session (HouseKeeper.java:startScavenging(132)) - node0 Scavenging every 600000ms
2024-09-17 10:41:00,437 [main] INFO  handler.ContextHandler (ContextHandler.java:doStart(921)) - Started o.e.j.s.ServletContextHandler@73591246{logs,/logs,file:///home/runner/work/ozone/ozone/hadoop-ozone/integration-test/target/log,AVAILABLE}
2024-09-17 10:41:00,438 [main] INFO  handler.ContextHandler (ContextHandler.java:doStart(921)) - Started o.e.j.s.ServletContextHandler@3fd8e5a4{static,/static,file:///home/runner/work/ozone/ozone/hadoop-ozone/integration-test/target/test-classes/webapps/static,AVAILABLE}
2024-09-17 10:41:00,442 [main] INFO  handler.ContextHandler (ContextHandler.java:doStart(921)) - Started o.e.j.w.WebAppContext@1176578f{scm,/,file:///home/runner/work/ozone/ozone/hadoop-ozone/integration-test/target/test-classes/webapps/scm/,AVAILABLE}{file:/home/runner/work/ozone/ozone/hadoop-ozone/integration-test/target/test-classes/webapps/scm}
2024-09-17 10:41:00,442 [main] INFO  server.AbstractConnector (AbstractConnector.java:doStart(333)) - Started ServerConnector@60552827{HTTP/1.1, (http/1.1)}{0.0.0.0:15089}
2024-09-17 10:41:00,442 [main] INFO  server.Server (Server.java:doStart(415)) - Started @92951ms
2024-09-17 10:41:00,443 [main] WARN  impl.MetricsSystemImpl (MetricsSystemImpl.java:register(279)) - Sink prometheus already exists!
2024-09-17 10:41:00,443 [main] INFO  http.BaseHttpServer (BaseHttpServer.java:updateConnectorAddress(354)) - HTTP server of scm listening at http://0.0.0.0:15089
2024-09-17 10:41:00,444 [main] INFO  ha.OMHANodeDetails (OMHANodeDetails.java:loadOMHAConfig(121)) - ServiceID for OzoneManager is om-service-test1
2024-09-17 10:41:00,444 [main] INFO  ha.OMHANodeDetails (OMHANodeDetails.java:loadOMHAConfig(201)) - Found matching OM address with OMServiceId: om-service-test1, OMNodeId: omNode-1, RPC Address: localhost:15090 and Ratis port: 15093
2024-09-17 10:41:00,444 [main] INFO  ha.OMHANodeDetails (ConfUtils.java:setNodeSpecificConfigs(97)) - Setting configuration key ozone.om.http-address with value of key ozone.om.http-address.om-service-test1.omNode-1: 127.0.0.1:15091
2024-09-17 10:41:00,444 [main] INFO  ha.OMHANodeDetails (ConfUtils.java:setNodeSpecificConfigs(97)) - Setting configuration key ozone.om.https-address with value of key ozone.om.https-address.om-service-test1.omNode-1: 127.0.0.1:15092
2024-09-17 10:41:00,445 [main] INFO  ha.OMHANodeDetails (ConfUtils.java:setNodeSpecificConfigs(97)) - Setting configuration key ozone.om.address with value of key ozone.om.address.om-service-test1.omNode-1: 127.0.0.1:15090
2024-09-17 10:41:00,445 [main] WARN  server.ServerUtils (ServerUtils.java:getDBPath(299)) - ozone.om.db.dirs is not configured. We recommend adding this setting. Falling back to ozone.metadata.dirs instead.
2024-09-17 10:41:00,446 [main] INFO  proxy.SCMBlockLocationFailoverProxyProvider (SCMBlockLocationFailoverProxyProvider.java:<init>(115)) - Created block location fail-over proxy with 1 nodes: [nodeId=scmNodeId,nodeAddress=/0.0.0.0:15087]
OM initialization succeeded.Current cluster id for sd=/home/runner/work/ozone/ozone/hadoop-ozone/integration-test/target/test-dir/MiniOzoneClusterImpl-90660ac4-7e9c-448b-98ea-af4f808cf8d9/omNode-1/om;cid=90660ac4-7e9c-448b-98ea-af4f808cf8d9;layoutVersion=7
2024-09-17 10:41:00,450 [main] INFO  ha.OMHANodeDetails (OMHANodeDetails.java:loadOMHAConfig(121)) - ServiceID for OzoneManager is om-service-test1
2024-09-17 10:41:00,450 [main] INFO  ha.OMHANodeDetails (OMHANodeDetails.java:loadOMHAConfig(201)) - Found matching OM address with OMServiceId: om-service-test1, OMNodeId: omNode-1, RPC Address: localhost:15090 and Ratis port: 15093
2024-09-17 10:41:00,451 [main] INFO  ha.OMHANodeDetails (ConfUtils.java:setNodeSpecificConfigs(97)) - Setting configuration key ozone.om.http-address with value of key ozone.om.http-address.om-service-test1.omNode-1: 127.0.0.1:15091
2024-09-17 10:41:00,451 [main] INFO  ha.OMHANodeDetails (ConfUtils.java:setNodeSpecificConfigs(97)) - Setting configuration key ozone.om.https-address with value of key ozone.om.https-address.om-service-test1.omNode-1: 127.0.0.1:15092
2024-09-17 10:41:00,451 [main] INFO  ha.OMHANodeDetails (ConfUtils.java:setNodeSpecificConfigs(97)) - Setting configuration key ozone.om.address with value of key ozone.om.address.om-service-test1.omNode-1: 127.0.0.1:15090
2024-09-17 10:41:00,451 [main] WARN  server.ServerUtils (ServerUtils.java:getDBPath(299)) - ozone.om.db.dirs is not configured. We recommend adding this setting. Falling back to ozone.metadata.dirs instead.
2024-09-17 10:41:00,452 [main] INFO  upgrade.AbstractLayoutVersionManager (AbstractLayoutVersionManager.java:init(83)) - Initializing Layout version manager with metadata layout = HBASE_SUPPORT (version = 7), software layout = HBASE_SUPPORT (version = 7)
2024-09-17 10:41:00,483 [main] INFO  reflections.Reflections (Reflections.java:scan(219)) - Reflections took 30 ms to scan 2 urls, producing 188 keys and 552 values
2024-09-17 10:41:00,484 [main] INFO  upgrade.OMLayoutVersionManager (OMLayoutVersionManager.java:lambda$0(113)) - Skipping Upgrade Action QuotaRepairUpgradeAction since it has been finalized.
2024-09-17 10:41:00,484 [main] INFO  upgrade.OMLayoutVersionManager (OMLayoutVersionManager.java:lambda$0(113)) - Skipping Upgrade Action MockOmUpgradeAction since it has been finalized.
2024-09-17 10:41:00,484 [main] WARN  server.ServerUtils (ServerUtils.java:getDBPath(299)) - ozone.om.db.dirs is not configured. We recommend adding this setting. Falling back to ozone.metadata.dirs instead.
2024-09-17 10:41:00,485 [main] INFO  proxy.SCMBlockLocationFailoverProxyProvider (SCMBlockLocationFailoverProxyProvider.java:<init>(115)) - Created block location fail-over proxy with 1 nodes: [nodeId=scmNodeId,nodeAddress=/0.0.0.0:15087]
2024-09-17 10:41:00,486 [main] INFO  proxy.SCMBlockLocationFailoverProxyProvider (SCMBlockLocationFailoverProxyProvider.java:<init>(115)) - Created block location fail-over proxy with 1 nodes: [nodeId=scmNodeId,nodeAddress=/0.0.0.0:15087]
2024-09-17 10:41:00,490 [main] INFO  om.OzoneManager (OzoneManager.java:<init>(702)) - OM start with adminUsers: [runner]
2024-09-17 10:41:00,491 [main] WARN  server.ServerUtils (ServerUtils.java:getDBPath(299)) - ozone.om.db.dirs is not configured. We recommend adding this setting. Falling back to ozone.metadata.dirs instead.
2024-09-17 10:41:00,491 [main] INFO  helpers.OmKeyInfo (OmKeyInfo.java:getCodec(72)) - OmKeyInfo.getCodec ignorePipeline = true
2024-09-17 10:41:00,633 [main] INFO  om.OzoneManager (OzoneManager.java:instantiateServices(836)) - S3 Multi-Tenancy is disabled
2024-09-17 10:41:00,633 [main] INFO  om.OmSnapshotManager (OmSnapshotManager.java:<init>(182)) - Ozone filesystem snapshot feature is enabled.
2024-09-17 10:41:00,633 [main] WARN  server.ServerUtils (ServerUtils.java:getDBPath(299)) - ozone.om.snapshot.diff.db.dir is not configured. We recommend adding this setting. Falling back to ozone.metadata.dirs instead.
2024-09-17 10:41:00,649 [main] INFO  utils.NativeLibraryLoader (NativeLibraryLoader.java:loadLibrary(111)) - Loading Library: ozone_rocksdb_tools
2024-09-17 10:41:00,650 [main] ERROR snapshot.SnapshotDiffManager (SnapshotDiffManager.java:initNativeLibraryForEfficientDiff(287)) - Native Library for raw sst file reading loading failed.
org.apache.hadoop.hdds.utils.NativeLibraryNotLoadedException: Unable to load library ozone_rocksdb_tools from both java.library.path & resource file libozone_rocksdb_tools.so from jar.
	at org.apache.hadoop.hdds.utils.db.managed.ManagedRawSSTFileReader.loadLibrary(ManagedRawSSTFileReader.java:40)
	at org.apache.hadoop.ozone.om.snapshot.SnapshotDiffManager.initNativeLibraryForEfficientDiff(SnapshotDiffManager.java:285)
	at org.apache.hadoop.ozone.om.snapshot.SnapshotDiffManager.<init>(SnapshotDiffManager.java:259)
	at org.apache.hadoop.ozone.om.OmSnapshotManager.<init>(OmSnapshotManager.java:289)
	at org.apache.hadoop.ozone.om.OzoneManager.instantiateServices(OzoneManager.java:888)
	at org.apache.hadoop.ozone.om.OzoneManager.<init>(OzoneManager.java:712)
	at org.apache.hadoop.ozone.om.OzoneManager.createOm(OzoneManager.java:799)
	at org.apache.hadoop.ozone.MiniOzoneHAClusterImpl$Builder.createOMService(MiniOzoneHAClusterImpl.java:510)
	at org.apache.hadoop.ozone.MiniOzoneHAClusterImpl$Builder.build(MiniOzoneHAClusterImpl.java:425)
	at org.apache.hadoop.ozone.om.snapshot.TestSnapshotBackgroundServices.init(TestSnapshotBackgroundServices.java:162)
	at java.base/jdk.internal.reflect.NativeMethodAccessorImpl.invoke0(Native Method)
	at java.base/jdk.internal.reflect.NativeMethodAccessorImpl.invoke(NativeMethodAccessorImpl.java:77)
	at java.base/jdk.internal.reflect.DelegatingMethodAccessorImpl.invoke(DelegatingMethodAccessorImpl.java:43)
	at java.base/java.lang.reflect.Method.invoke(Method.java:569)
	at org.junit.platform.commons.util.ReflectionUtils.invokeMethod(ReflectionUtils.java:728)
	at org.junit.jupiter.engine.execution.MethodInvocation.proceed(MethodInvocation.java:60)
	at org.junit.jupiter.engine.execution.InvocationInterceptorChain$ValidatingInvocation.proceed(InvocationInterceptorChain.java:131)
	at org.junit.jupiter.engine.extension.TimeoutExtension.intercept(TimeoutExtension.java:156)
	at org.junit.jupiter.engine.extension.TimeoutExtension.interceptLifecycleMethod(TimeoutExtension.java:128)
	at org.junit.jupiter.engine.extension.TimeoutExtension.interceptBeforeEachMethod(TimeoutExtension.java:78)
	at org.junit.jupiter.engine.execution.InterceptingExecutableInvoker$ReflectiveInterceptorCall.lambda$ofVoidMethod$0(InterceptingExecutableInvoker.java:103)
	at org.junit.jupiter.engine.execution.InterceptingExecutableInvoker.lambda$invoke$0(InterceptingExecutableInvoker.java:93)
	at org.junit.jupiter.engine.execution.InvocationInterceptorChain$InterceptedInvocation.proceed(InvocationInterceptorChain.java:106)
	at org.junit.jupiter.engine.execution.InvocationInterceptorChain.proceed(InvocationInterceptorChain.java:64)
	at org.junit.jupiter.engine.execution.InvocationInterceptorChain.chainAndInvoke(InvocationInterceptorChain.java:45)
	at org.junit.jupiter.engine.execution.InvocationInterceptorChain.invoke(InvocationInterceptorChain.java:37)
	at org.junit.jupiter.engine.execution.InterceptingExecutableInvoker.invoke(InterceptingExecutableInvoker.java:92)
	at org.junit.jupiter.engine.execution.InterceptingExecutableInvoker.invoke(InterceptingExecutableInvoker.java:86)
	at org.junit.jupiter.engine.descriptor.ClassBasedTestDescriptor.invokeMethodInExtensionContext(ClassBasedTestDescriptor.java:521)
	at org.junit.jupiter.engine.descriptor.ClassBasedTestDescriptor.lambda$synthesizeBeforeEachMethodAdapter$23(ClassBasedTestDescriptor.java:506)
	at org.junit.jupiter.engine.descriptor.TestMethodTestDescriptor.lambda$invokeBeforeEachMethods$3(TestMethodTestDescriptor.java:175)
	at org.junit.jupiter.engine.descriptor.TestMethodTestDescriptor.lambda$invokeBeforeMethodsOrCallbacksUntilExceptionOccurs$6(TestMethodTestDescriptor.java:203)
	at org.junit.platform.engine.support.hierarchical.ThrowableCollector.execute(ThrowableCollector.java:73)
	at org.junit.jupiter.engine.descriptor.TestMethodTestDescriptor.invokeBeforeMethodsOrCallbacksUntilExceptionOccurs(TestMethodTestDescriptor.java:203)
	at org.junit.jupiter.engine.descriptor.TestMethodTestDescriptor.invokeBeforeEachMethods(TestMethodTestDescriptor.java:172)
	at org.junit.jupiter.engine.descriptor.TestMethodTestDescriptor.execute(TestMethodTestDescriptor.java:135)
	at org.junit.jupiter.engine.descriptor.TestMethodTestDescriptor.execute(TestMethodTestDescriptor.java:69)
	at org.junit.platform.engine.support.hierarchical.NodeTestTask.lambda$executeRecursively$6(NodeTestTask.java:151)
	at org.junit.platform.engine.support.hierarchical.ThrowableCollector.execute(ThrowableCollector.java:73)
	at org.junit.platform.engine.support.hierarchical.NodeTestTask.lambda$executeRecursively$8(NodeTestTask.java:141)
	at org.junit.platform.engine.support.hierarchical.Node.around(Node.java:137)
	at org.junit.platform.engine.support.hierarchical.NodeTestTask.lambda$executeRecursively$9(NodeTestTask.java:139)
	at org.junit.platform.engine.support.hierarchical.ThrowableCollector.execute(ThrowableCollector.java:73)
	at org.junit.platform.engine.support.hierarchical.NodeTestTask.executeRecursively(NodeTestTask.java:138)
	at org.junit.platform.engine.support.hierarchical.NodeTestTask.execute(NodeTestTask.java:95)
	at java.base/java.util.ArrayList.forEach(ArrayList.java:1511)
	at org.junit.platform.engine.support.hierarchical.SameThreadHierarchicalTestExecutorService.invokeAll(SameThreadHierarchicalTestExecutorService.java:41)
	at org.junit.platform.engine.support.hierarchical.NodeTestTask.lambda$executeRecursively$6(NodeTestTask.java:155)
	at org.junit.platform.engine.support.hierarchical.ThrowableCollector.execute(ThrowableCollector.java:73)
	at org.junit.platform.engine.support.hierarchical.NodeTestTask.lambda$executeRecursively$8(NodeTestTask.java:141)
	at org.junit.platform.engine.support.hierarchical.Node.around(Node.java:137)
	at org.junit.platform.engine.support.hierarchical.NodeTestTask.lambda$executeRecursively$9(NodeTestTask.java:139)
	at org.junit.platform.engine.support.hierarchical.ThrowableCollector.execute(ThrowableCollector.java:73)
	at org.junit.platform.engine.support.hierarchical.NodeTestTask.executeRecursively(NodeTestTask.java:138)
	at org.junit.platform.engine.support.hierarchical.NodeTestTask.execute(NodeTestTask.java:95)
	at java.base/java.util.ArrayList.forEach(ArrayList.java:1511)
	at org.junit.platform.engine.support.hierarchical.SameThreadHierarchicalTestExecutorService.invokeAll(SameThreadHierarchicalTestExecutorService.java:41)
	at org.junit.platform.engine.support.hierarchical.NodeTestTask.lambda$executeRecursively$6(NodeTestTask.java:155)
	at org.junit.platform.engine.support.hierarchical.ThrowableCollector.execute(ThrowableCollector.java:73)
	at org.junit.platform.engine.support.hierarchical.NodeTestTask.lambda$executeRecursively$8(NodeTestTask.java:141)
	at org.junit.platform.engine.support.hierarchical.Node.around(Node.java:137)
	at org.junit.platform.engine.support.hierarchical.NodeTestTask.lambda$executeRecursively$9(NodeTestTask.java:139)
	at org.junit.platform.engine.support.hierarchical.ThrowableCollector.execute(ThrowableCollector.java:73)
	at org.junit.platform.engine.support.hierarchical.NodeTestTask.executeRecursively(NodeTestTask.java:138)
	at org.junit.platform.engine.support.hierarchical.NodeTestTask.execute(NodeTestTask.java:95)
	at org.junit.platform.engine.support.hierarchical.SameThreadHierarchicalTestExecutorService.submit(SameThreadHierarchicalTestExecutorService.java:35)
	at org.junit.platform.engine.support.hierarchical.HierarchicalTestExecutor.execute(HierarchicalTestExecutor.java:57)
	at org.junit.platform.engine.support.hierarchical.HierarchicalTestEngine.execute(HierarchicalTestEngine.java:54)
	at org.junit.platform.launcher.core.EngineExecutionOrchestrator.execute(EngineExecutionOrchestrator.java:198)
	at org.junit.platform.launcher.core.EngineExecutionOrchestrator.execute(EngineExecutionOrchestrator.java:169)
	at org.junit.platform.launcher.core.EngineExecutionOrchestrator.execute(EngineExecutionOrchestrator.java:93)
	at org.junit.platform.launcher.core.EngineExecutionOrchestrator.lambda$execute$0(EngineExecutionOrchestrator.java:58)
	at org.junit.platform.launcher.core.EngineExecutionOrchestrator.withInterceptedStreams(EngineExecutionOrchestrator.java:141)
	at org.junit.platform.launcher.core.EngineExecutionOrchestrator.execute(EngineExecutionOrchestrator.java:57)
	at org.junit.platform.launcher.core.DefaultLauncher.execute(DefaultLauncher.java:103)
	at org.junit.platform.launcher.core.DefaultLauncher.execute(DefaultLauncher.java:85)
	at org.junit.platform.launcher.core.DelegatingLauncher.execute(DelegatingLauncher.java:47)
	at org.junit.platform.launcher.core.SessionPerRequestLauncher.execute(SessionPerRequestLauncher.java:63)
	at org.apache.maven.surefire.junitplatform.JUnitPlatformProvider.invokeAllTests(JUnitPlatformProvider.java:154)
	at org.apache.maven.surefire.junitplatform.JUnitPlatformProvider.invoke(JUnitPlatformProvider.java:123)
	at org.apache.maven.surefire.booter.ForkedBooter.runSuitesInProcess(ForkedBooter.java:377)
	at org.apache.maven.surefire.booter.ForkedBooter.execute(ForkedBooter.java:138)
	at org.apache.maven.surefire.booter.ForkedBooter.run(ForkedBooter.java:465)
	at org.apache.maven.surefire.booter.ForkedBooter.main(ForkedBooter.java:451)
2024-09-17 10:41:00,651 [main] INFO  om.OzoneManager (OzoneManager.java:addS3GVolumeToDB(4557)) - Created Volume s3v With Owner runner required for S3Gateway operations.
2024-09-17 10:41:00,651 [main] WARN  server.ServerUtils (ServerUtils.java:getDefaultRatisDirectory(311)) - Storage directory for Ratis is not configured. It is a good idea to map this to an SSD disk. Falling back to ozone.metadata.dirs
2024-09-17 10:41:00,652 [main] WARN  utils.OzoneManagerRatisUtils (OzoneManagerRatisUtils.java:getOMRatisSnapshotDirectory(481)) - ozone.om.ratis.snapshot.dir is not configured. Falling back to ozone.metadata.dirs config
2024-09-17 10:41:00,652 [main] INFO  utils.RDBSnapshotProvider (RDBSnapshotProvider.java:init(87)) - Cleaning up the candidate dir: /home/runner/work/ozone/ozone/hadoop-ozone/integration-test/target/test-dir/MiniOzoneClusterImpl-90660ac4-7e9c-448b-98ea-af4f808cf8d9/omNode-1/snapshot/om.db.candidate
2024-09-17 10:41:00,652 [main] INFO  ratis_snapshot.OmRatisSnapshotProvider (OmRatisSnapshotProvider.java:<init>(99)) - Initializing OM Snapshot Provider
2024-09-17 10:41:00,653 [main] WARN  server.ServerUtils (ServerUtils.java:getDefaultRatisDirectory(311)) - Storage directory for Ratis is not configured. It is a good idea to map this to an SSD disk. Falling back to ozone.metadata.dirs
2024-09-17 10:41:00,653 [main] INFO  server.RaftServerConfigKeys (ConfUtils.java:logGet(46)) - raft.server.log.appender.buffer.byte-limit = 4194304 (custom)
2024-09-17 10:41:00,654 [main] INFO  ratis.OzoneManagerRatisServer (OzoneManagerRatisServer.java:<init>(169)) - Instantiating OM Ratis server with groupID: om-service-test1 and peers: localhost:15093, localhost:15101, localhost:15097
2024-09-17 10:41:00,655 [main] INFO  ratis.OzoneManagerStateMachine (OzoneManagerStateMachine.java:loadSnapshotInfoFromDB(593)) - TransactionInfo not found in OM DB.
2024-09-17 10:41:00,655 [main] INFO  server.RaftServer (ConfUtils.java:logGet(46)) - raft.rpc.type = GRPC (default)
2024-09-17 10:41:00,655 [main] INFO  grpc.GrpcConfigKeys (ConfUtils.java:logFallback(53)) - raft.grpc.admin.host = null (fallback to raft.grpc.server.host)
2024-09-17 10:41:00,655 [main] INFO  grpc.GrpcConfigKeys (ConfUtils.java:logFallback(53)) - raft.grpc.admin.port = 15093 (fallback to raft.grpc.server.port)
2024-09-17 10:41:00,656 [main] INFO  grpc.GrpcConfigKeys (ConfUtils.java:logFallback(53)) - raft.grpc.client.host = null (fallback to raft.grpc.server.host)
2024-09-17 10:41:00,656 [main] INFO  grpc.GrpcConfigKeys (ConfUtils.java:logFallback(53)) - raft.grpc.client.port = 15093 (fallback to raft.grpc.server.port)
2024-09-17 10:41:00,656 [main] INFO  grpc.GrpcConfigKeys (ConfUtils.java:logGet(46)) - raft.grpc.server.host = null (default)
2024-09-17 10:41:00,656 [main] INFO  grpc.GrpcConfigKeys (ConfUtils.java:logGet(46)) - raft.grpc.server.port = 15093 (custom)
2024-09-17 10:41:00,656 [main] INFO  server.GrpcService (ConfUtils.java:logGet(46)) - raft.grpc.message.size.max = 5242880 (custom)
2024-09-17 10:41:00,656 [main] INFO  server.RaftServerConfigKeys (ConfUtils.java:logGet(46)) - raft.server.log.appender.buffer.byte-limit = 4194304 (custom)
2024-09-17 10:41:00,656 [main] INFO  server.GrpcService (ConfUtils.java:logGet(46)) - raft.grpc.flow.control.window = 1MB (=1048576) (default)
2024-09-17 10:41:00,656 [main] INFO  server.RaftServerConfigKeys (ConfUtils.java:logGet(46)) - raft.server.rpc.request.timeout = 3000ms (default)
2024-09-17 10:41:00,656 [main] INFO  grpc.GrpcConfigKeys (ConfUtils.java:logGet(46)) - raft.grpc.server.heartbeat.channel = true (default)
2024-09-17 10:41:00,656 [main] INFO  grpc.GrpcConfigKeys (ConfUtils.java:logGet(46)) - raft.grpc.server.async.request.thread.pool.cached = true (default)
2024-09-17 10:41:00,657 [main] INFO  grpc.GrpcConfigKeys (ConfUtils.java:logGet(46)) - raft.grpc.server.async.request.thread.pool.size = 32 (default)
2024-09-17 10:41:00,657 [main] INFO  impl.DataStreamServerImpl (ConfUtils.java:logGet(46)) - raft.datastream.type = DISABLED (default)
2024-09-17 10:41:00,657 [main] INFO  server.RaftServerConfigKeys (ConfUtils.java:logGet(46)) - raft.server.sleep.deviation.threshold = 300ms (default)
2024-09-17 10:41:00,658 [main] INFO  server.RaftServerConfigKeys (ConfUtils.java:logGet(46)) - raft.server.close.threshold = 60s (default)
2024-09-17 10:41:00,658 [main] INFO  server.RaftServerConfigKeys (ConfUtils.java:logGet(46)) - raft.server.leaderelection.leader.step-down.wait-time = 10s (default)
2024-09-17 10:41:00,658 [main] INFO  server.RaftServerConfigKeys (ConfUtils.java:logGet(46)) - raft.server.storage.dir = [/home/runner/work/ozone/ozone/hadoop-ozone/integration-test/target/test-dir/MiniOzoneClusterImpl-90660ac4-7e9c-448b-98ea-af4f808cf8d9/omNode-1/ratis] (custom)
2024-09-17 10:41:00,658 [main] INFO  server.RaftServerConfigKeys (ConfUtils.java:logGet(46)) - raft.server.threadpool.proxy.cached = true (default)
2024-09-17 10:41:00,658 [main] INFO  server.RaftServerConfigKeys (ConfUtils.java:logGet(46)) - raft.server.threadpool.proxy.size = 0 (default)
2024-09-17 10:41:00,658 [main] INFO  server.RaftServer (RaftServerProxy.java:addNew(101)) - omNode-1: addNew group-523986131536:[omNode-3|localhost:15101, omNode-1|localhost:15093, omNode-2|localhost:15097] returns group-523986131536:java.util.concurrent.CompletableFuture@37859489[Not completed]
2024-09-17 10:41:00,659 [main] INFO  om.OzoneManager (OzoneManager.java:initializeRatisServer(2205)) - OzoneManager Ratis server initialized at port 15093
2024-09-17 10:41:00,659 [main] INFO  om.OzoneManager (OzoneManager.java:getRpcServer(1252)) - Creating RPC Server
2024-09-17 10:41:00,659 [omNode-1-groupManagement] INFO  server.RaftServer$Division (RaftServerImpl.java:<init>(253)) - omNode-1: new RaftServerImpl for group-523986131536:[omNode-3|localhost:15101, omNode-1|localhost:15093, omNode-2|localhost:15097] with OzoneManagerStateMachine:uninitialized
2024-09-17 10:41:00,669 [omNode-1-groupManagement] INFO  server.RaftServerConfigKeys (ConfUtils.java:logGet(46)) - raft.server.rpc.timeout.min = 1s (custom)
2024-09-17 10:41:00,669 [omNode-1-groupManagement] INFO  server.RaftServerConfigKeys (ConfUtils.java:logGet(46)) - raft.server.rpc.timeout.max = 1200ms (custom)
2024-09-17 10:41:00,669 [omNode-1-groupManagement] INFO  server.RaftServerConfigKeys (ConfUtils.java:logGet(46)) - raft.server.rpc.sleep.time = 25ms (default)
2024-09-17 10:41:00,669 [omNode-1-groupManagement] INFO  server.RaftServerConfigKeys (ConfUtils.java:logGet(46)) - raft.server.rpc.slowness.timeout = 2s (custom)
2024-09-17 10:41:00,669 [omNode-1-groupManagement] INFO  server.RaftServerConfigKeys (ConfUtils.java:logGet(46)) - raft.server.leaderelection.leader.step-down.wait-time = 10s (default)
2024-09-17 10:41:00,670 [omNode-1-groupManagement] INFO  server.RaftServerConfigKeys (ConfUtils.java:logGet(46)) - raft.server.leaderelection.member.majority-add = false (default)
2024-09-17 10:41:00,670 [omNode-1-groupManagement] INFO  server.RaftServerConfigKeys (ConfUtils.java:logGet(46)) - raft.server.sleep.deviation.threshold = 300ms (default)
2024-09-17 10:41:00,670 [omNode-1-groupManagement] INFO  server.RaftServer$Division (ServerState.java:<init>(114)) - omNode-1@group-523986131536: ConfigurationManager, init=conf: {index: -1, cur=peers:[omNode-3|localhost:15101, omNode-1|localhost:15093, omNode-2|localhost:15097]|listeners:[], old=null}, confs=<EMPTY_MAP>
2024-09-17 10:41:00,670 [omNode-1-groupManagement] INFO  server.RaftServerConfigKeys (ConfUtils.java:logGet(46)) - raft.server.notification.no-leader.timeout = 2s (custom)
2024-09-17 10:41:00,670 [omNode-1-groupManagement] INFO  server.RaftServerConfigKeys (ConfUtils.java:logGet(46)) - raft.server.read.timeout = 10s (default)
2024-09-17 10:41:00,670 [omNode-1-groupManagement] INFO  server.RaftServerConfigKeys (ConfUtils.java:logGet(46)) - raft.server.retrycache.expirytime = 300000ms (custom)
2024-09-17 10:41:00,670 [omNode-1-groupManagement] INFO  server.RaftServerConfigKeys (ConfUtils.java:logGet(46)) - raft.server.retrycache.statistics.expirytime = 100ms (default)
2024-09-17 10:41:00,670 [omNode-1-groupManagement] INFO  server.RaftServerConfigKeys (ConfUtils.java:logGet(46)) - raft.server.read.option = DEFAULT (default)
2024-09-17 10:41:00,670 [omNode-1-groupManagement] INFO  server.RaftServerConfigKeys (ConfUtils.java:logGet(46)) - raft.server.read.read-after-write-consistent.write-index-cache.expiry-time = 60s (default)
2024-09-17 10:41:00,671 [omNode-1-groupManagement] INFO  server.RaftServerConfigKeys (ConfUtils.java:logGet(46)) - raft.server.rpc.request.timeout = 3000ms (default)
2024-09-17 10:41:00,671 [omNode-1-groupManagement] INFO  server.RaftServerConfigKeys (ConfUtils.java:logGet(46)) - raft.server.log.appender.install.snapshot.enabled = false (custom)
2024-09-17 10:41:00,671 [omNode-1-groupManagement] INFO  server.RaftServerConfigKeys (ConfUtils.java:logGet(46)) - raft.server.threadpool.server.cached = true (default)
2024-09-17 10:41:00,671 [omNode-1-groupManagement] INFO  server.RaftServerConfigKeys (ConfUtils.java:logGet(46)) - raft.server.threadpool.server.size = 0 (default)
2024-09-17 10:41:00,671 [omNode-1-groupManagement] INFO  server.RaftServerConfigKeys (ConfUtils.java:logGet(46)) - raft.server.threadpool.client.cached = true (default)
2024-09-17 10:41:00,672 [omNode-1-groupManagement] INFO  server.RaftServerConfigKeys (ConfUtils.java:logGet(46)) - raft.server.threadpool.client.size = 0 (default)
2024-09-17 10:41:00,967 [main] INFO  reflections.Reflections (Reflections.java:scan(219)) - Reflections took 308 ms to scan 20 urls, producing 59 keys and 7195 values
2024-09-17 10:41:00,968 [main] INFO  ipc.CallQueueManager (CallQueueManager.java:<init>(90)) - Using callQueue: class java.util.concurrent.LinkedBlockingQueue, queueCapacity: 2000, scheduler: class org.apache.hadoop.ipc.DefaultRpcScheduler, ipcBackoff: false.
2024-09-17 10:41:00,968 [main] INFO  ipc.Server (Server.java:<init>(1287)) - Listener at 127.0.0.1:15090
2024-09-17 10:41:00,969 [Socket Reader #1 for port 15090] INFO  ipc.Server (Server.java:run(1323)) - Starting Socket Reader #1 for port 15090
2024-09-17 10:41:00,969 [Socket Reader #2 for port 15090] INFO  ipc.Server (Server.java:run(1323)) - Starting Socket Reader #2 for port 15090
2024-09-17 10:41:00,969 [Socket Reader #3 for port 15090] INFO  ipc.Server (Server.java:run(1323)) - Starting Socket Reader #3 for port 15090
2024-09-17 10:41:00,969 [Socket Reader #4 for port 15090] INFO  ipc.Server (Server.java:run(1323)) - Starting Socket Reader #4 for port 15090
2024-09-17 10:41:00,971 [Socket Reader #5 for port 15090] INFO  ipc.Server (Server.java:run(1323)) - Starting Socket Reader #5 for port 15090
2024-09-17 10:41:00,971 [Socket Reader #6 for port 15090] INFO  ipc.Server (Server.java:run(1323)) - Starting Socket Reader #6 for port 15090
2024-09-17 10:41:00,971 [Socket Reader #7 for port 15090] INFO  ipc.Server (Server.java:run(1323)) - Starting Socket Reader #7 for port 15090
2024-09-17 10:41:00,971 [Socket Reader #8 for port 15090] INFO  ipc.Server (Server.java:run(1323)) - Starting Socket Reader #8 for port 15090
2024-09-17 10:41:00,971 [Socket Reader #9 for port 15090] INFO  ipc.Server (Server.java:run(1323)) - Starting Socket Reader #9 for port 15090
2024-09-17 10:41:00,972 [Socket Reader #10 for port 15090] INFO  ipc.Server (Server.java:run(1323)) - Starting Socket Reader #10 for port 15090
2024-09-17 10:41:00,987 [main] INFO  impl.MetricsSystemImpl (MetricsSystemImpl.java:init(158)) - OzoneManager metrics system started (again)
2024-09-17 10:41:00,996 [main] INFO  om.OzoneManager (OzoneManager.java:start(1680)) - OzoneManager RPC server is listening at localhost/127.0.0.1:15090
2024-09-17 10:41:00,997 [main] INFO  ratis.OzoneManagerRatisServer (OzoneManagerRatisServer.java:start(603)) - Starting OzoneManagerRatisServer omNode-1 at port 15093
2024-09-17 10:41:00,997 [omNode-1-impl-thread1] INFO  server.RaftServerConfigKeys (ConfUtils.java:logGet(46)) - raft.server.storage.free-space.min = 0MB (=0) (default)
2024-09-17 10:41:00,997 [omNode-1-impl-thread1] INFO  server.RaftServerConfigKeys (ConfUtils.java:logGet(46)) - raft.server.log.corruption.policy = EXCEPTION (default)
2024-09-17 10:41:00,997 [omNode-1-impl-thread1] INFO  server.RaftServerConfigKeys (ConfUtils.java:logGet(46)) - raft.server.storage.dir = [/home/runner/work/ozone/ozone/hadoop-ozone/integration-test/target/test-dir/MiniOzoneClusterImpl-90660ac4-7e9c-448b-98ea-af4f808cf8d9/omNode-1/ratis] (custom)
2024-09-17 10:41:00,997 [omNode-1-impl-thread1] INFO  storage.RaftStorageDirectory (RaftStorageDirectoryImpl.java:analyzeStorage(138)) - The storage directory /home/runner/work/ozone/ozone/hadoop-ozone/integration-test/target/test-dir/MiniOzoneClusterImpl-90660ac4-7e9c-448b-98ea-af4f808cf8d9/omNode-1/ratis/c9bc4cf4-3bc3-3c60-a66b-523986131536 does not exist. Creating ...
2024-09-17 10:41:00,998 [omNode-1-impl-thread1] INFO  storage.RaftStorageDirectory (RaftStorageDirectoryImpl.java:tryLock(229)) - Lock on /home/runner/work/ozone/ozone/hadoop-ozone/integration-test/target/test-dir/MiniOzoneClusterImpl-90660ac4-7e9c-448b-98ea-af4f808cf8d9/omNode-1/ratis/c9bc4cf4-3bc3-3c60-a66b-523986131536/in_use.lock acquired by nodename 60320@fv-az977-14
2024-09-17 10:41:01,000 [omNode-1-impl-thread1] INFO  storage.RaftStorage (RaftStorageImpl.java:format(98)) - Storage directory /home/runner/work/ozone/ozone/hadoop-ozone/integration-test/target/test-dir/MiniOzoneClusterImpl-90660ac4-7e9c-448b-98ea-af4f808cf8d9/omNode-1/ratis/c9bc4cf4-3bc3-3c60-a66b-523986131536 has been successfully formatted.
2024-09-17 10:41:01,000 [omNode-1-impl-thread1] INFO  server.RaftServerConfigKeys (ConfUtils.java:logGet(46)) - raft.server.log.use.memory = false (default)
2024-09-17 10:41:01,000 [omNode-1-impl-thread1] INFO  server.RaftServerConfigKeys (ConfUtils.java:logGet(46)) - raft.server.log.purge.gap = 50 (custom)
2024-09-17 10:41:01,000 [omNode-1-impl-thread1] INFO  server.RaftServerConfigKeys (ConfUtils.java:logGet(46)) - raft.server.log.appender.buffer.byte-limit = 4194304 (custom)
2024-09-17 10:41:01,000 [omNode-1-impl-thread1] INFO  server.RaftServerConfigKeys (ConfUtils.java:logGet(46)) - raft.server.log.statemachine.data.read.timeout = 1000ms (default)
2024-09-17 10:41:01,000 [omNode-1-impl-thread1] INFO  server.RaftServerConfigKeys (ConfUtils.java:logGet(46)) - raft.server.log.purge.preservation.log.num = 0 (default)
2024-09-17 10:41:01,001 [omNode-1-impl-thread1] INFO  server.RaftServerConfigKeys (ConfUtils.java:logGet(46)) - raft.server.log.segment.size.max = 16384 (custom)
2024-09-17 10:41:01,001 [omNode-1-impl-thread1] INFO  server.RaftServerConfigKeys (ConfUtils.java:logGet(46)) - raft.server.log.segment.cache.num.max = 2 (custom)
2024-09-17 10:41:01,001 [omNode-1-impl-thread1] INFO  server.RaftServerConfigKeys (ConfUtils.java:logGet(46)) - raft.server.log.segment.cache.size.max = 200MB (=209715200) (default)
2024-09-17 10:41:01,001 [omNode-1-impl-thread1] INFO  server.RaftServerConfigKeys (ConfUtils.java:logGet(46)) - raft.server.log.appender.buffer.byte-limit = 4194304 (custom)
2024-09-17 10:41:01,001 [omNode-1-impl-thread1] INFO  util.AwaitToRun (AwaitToRun.java:start(81)) - Thread[omNode-1@group-523986131536-cacheEviction-AwaitToRun,5,main] started
2024-09-17 10:41:01,001 [omNode-1-impl-thread1] INFO  segmented.SegmentedRaftLogWorker (SegmentedRaftLogWorker.java:<init>(184)) - new omNode-1@group-523986131536-SegmentedRaftLogWorker for RaftStorageImpl:Storage Directory /home/runner/work/ozone/ozone/hadoop-ozone/integration-test/target/test-dir/MiniOzoneClusterImpl-90660ac4-7e9c-448b-98ea-af4f808cf8d9/omNode-1/ratis/c9bc4cf4-3bc3-3c60-a66b-523986131536
2024-09-17 10:41:01,001 [omNode-1-impl-thread1] INFO  server.RaftServerConfigKeys (ConfUtils.java:logGet(46)) - raft.server.log.queue.byte-limit = 64MB (=67108864) (default)
2024-09-17 10:41:01,001 [omNode-1-impl-thread1] INFO  server.RaftServerConfigKeys (ConfUtils.java:logGet(46)) - raft.server.log.queue.element-limit = 4096 (default)
2024-09-17 10:41:01,001 [omNode-1-impl-thread1] INFO  server.RaftServerConfigKeys (ConfUtils.java:logGet(46)) - raft.server.log.segment.size.max = 16384 (custom)
2024-09-17 10:41:01,001 [omNode-1-impl-thread1] INFO  server.RaftServerConfigKeys (ConfUtils.java:logGet(46)) - raft.server.log.preallocated.size = 16384 (custom)
2024-09-17 10:41:01,001 [omNode-1-impl-thread1] INFO  server.RaftServerConfigKeys (ConfUtils.java:logGet(46)) - raft.server.log.force.sync.num = 128 (default)
2024-09-17 10:41:01,002 [omNode-1-impl-thread1] INFO  server.RaftServerConfigKeys (ConfUtils.java:logGet(46)) - raft.server.log.statemachine.data.sync = true (default)
2024-09-17 10:41:01,002 [omNode-1-impl-thread1] INFO  server.RaftServerConfigKeys (ConfUtils.java:logGet(46)) - raft.server.log.statemachine.data.sync.timeout = 10s (default)
2024-09-17 10:41:01,002 [omNode-1-impl-thread1] INFO  server.RaftServerConfigKeys (ConfUtils.java:logGet(46)) - raft.server.log.statemachine.data.sync.timeout.retry = -1 (default)
2024-09-17 10:41:01,002 [omNode-1-impl-thread1] INFO  server.RaftServerConfigKeys (ConfUtils.java:logGet(46)) - raft.server.log.write.buffer.size = 4194312 (custom)
2024-09-17 10:41:01,002 [omNode-1-impl-thread1] INFO  server.RaftServerConfigKeys (ConfUtils.java:logGet(46)) - raft.server.log.appender.buffer.byte-limit = 4194304 (custom)
2024-09-17 10:41:01,002 [omNode-1-impl-thread1] INFO  server.RaftServerConfigKeys (ConfUtils.java:logGet(46)) - raft.server.log.unsafe-flush.enabled = false (default)
2024-09-17 10:41:01,002 [omNode-1-impl-thread1] INFO  server.RaftServerConfigKeys (ConfUtils.java:logGet(46)) - raft.server.log.async-flush.enabled = false (default)
2024-09-17 10:41:01,002 [omNode-1-impl-thread1] INFO  server.RaftServerConfigKeys (ConfUtils.java:logGet(46)) - raft.server.log.statemachine.data.caching.enabled = false (default)
2024-09-17 10:41:01,002 [omNode-1-impl-thread1] INFO  segmented.SegmentedRaftLogWorker (SegmentedRaftLogWorker.java:lambda$new$0(135)) - omNode-1@group-523986131536-SegmentedRaftLogWorker: flushIndex: setUnconditionally 0 -> -1
2024-09-17 10:41:01,002 [omNode-1-impl-thread1] INFO  segmented.SegmentedRaftLogWorker (SegmentedRaftLogWorker.java:lambda$new$0(135)) - omNode-1@group-523986131536-SegmentedRaftLogWorker: safeCacheEvictIndex: setUnconditionally 0 -> -1
2024-09-17 10:41:01,003 [omNode-1-impl-thread1] INFO  server.RaftServer$Division (RaftServerImpl.java:start(389)) - omNode-1@group-523986131536: start as a follower, conf=conf: {index: -1, cur=peers:[omNode-3|localhost:15101, omNode-1|localhost:15093, omNode-2|localhost:15097]|listeners:[], old=null}
2024-09-17 10:41:01,003 [omNode-1-impl-thread1] INFO  server.RaftServer$Division (RaftServerImpl.java:setRole(376)) - omNode-1@group-523986131536: changes role from      null to FOLLOWER at term 0 for startAsFollower
2024-09-17 10:41:01,003 [omNode-1-impl-thread1] INFO  impl.RoleInfo (RoleInfo.java:updateAndGet(148)) - omNode-1: start omNode-1@group-523986131536-FollowerState
2024-09-17 10:41:01,003 [omNode-1-impl-thread1] INFO  util.JmxRegister (JmxRegister.java:tryRegister(44)) - Successfully registered JMX Bean with object name Ratis:service=RaftServer,group=group-523986131536,id=omNode-1
2024-09-17 10:41:01,003 [omNode-1-impl-thread1] INFO  util.JmxRegister (JmxRegister.java:register(58)) - register mxBean class org.apache.ratis.server.impl.RaftServerJmxAdapter as Ratis:service=RaftServer,group=group-523986131536,id=omNode-1
2024-09-17 10:41:01,003 [omNode-1-impl-thread1] INFO  server.RaftServerConfigKeys (ConfUtils.java:logGet(46)) - raft.server.snapshot.trigger-when-stop.enabled = true (default)
2024-09-17 10:41:01,003 [omNode-1-impl-thread1] INFO  server.RaftServerConfigKeys (ConfUtils.java:logGet(46)) - raft.server.snapshot.trigger-when-remove.enabled = true (default)
2024-09-17 10:41:01,003 [omNode-1-impl-thread1] INFO  server.RaftServerConfigKeys (ConfUtils.java:logGet(46)) - raft.server.snapshot.auto.trigger.enabled = true (custom)
2024-09-17 10:41:01,003 [omNode-1-impl-thread1] INFO  server.RaftServerConfigKeys (ConfUtils.java:logGet(46)) - raft.server.snapshot.auto.trigger.threshold = 50 (custom)
2024-09-17 10:41:01,003 [omNode-1-impl-thread1] INFO  server.RaftServerConfigKeys (ConfUtils.java:logGet(46)) - raft.server.snapshot.retention.file.num = -1 (default)
2024-09-17 10:41:01,003 [omNode-1-impl-thread1] INFO  server.RaftServerConfigKeys (ConfUtils.java:logGet(46)) - raft.server.log.purge.upto.snapshot.index = true (custom)
2024-09-17 10:41:01,003 [omNode-1@group-523986131536-FollowerState] INFO  server.RaftServerConfigKeys (ConfUtils.java:logFallback(53)) - raft.server.rpc.first-election.timeout.min = 1s (fallback to raft.server.rpc.timeout.min)
2024-09-17 10:41:01,004 [omNode-1@group-523986131536-FollowerState] INFO  server.RaftServerConfigKeys (ConfUtils.java:logFallback(53)) - raft.server.rpc.first-election.timeout.max = 1200ms (fallback to raft.server.rpc.timeout.max)
2024-09-17 10:41:01,010 [main] INFO  server.RaftServer (RaftServerProxy.java:startImpl(408)) - omNode-1: start RPC server
2024-09-17 10:41:01,011 [main] INFO  server.GrpcService (GrpcService.java:startImpl(302)) - omNode-1: GrpcService started, listening on 15093
2024-09-17 10:41:01,011 [JvmPauseMonitor15] INFO  util.JvmPauseMonitor (JvmPauseMonitor.java:run(146)) - JvmPauseMonitor-omNode-1: Started
2024-09-17 10:41:01,011 [main] INFO  om.OzoneManager (OzoneManager.java:start(1695)) - Version File has different layout version (7) than OM DB (null). That is expected if this OM has never been finalized to a newer layout version.
2024-09-17 10:41:01,013 [main] INFO  client.ScmTopologyClient (ScmTopologyClient.java:start(72)) - Initial network topology fetched from SCM: /.
2024-09-17 10:41:01,014 [main] INFO  net.NodeSchemaLoader (NodeSchemaLoader.java:loadSchemaFromFile(129)) - Loading schema from [jar:file:/home/runner/work/ozone/ozone/hadoop-hdds/common/target/hdds-common-1.5.0-SNAPSHOT.jar!/network-topology-default.xml]
2024-09-17 10:41:01,014 [main] INFO  net.NodeSchemaLoader (NodeSchemaLoader.java:loadSchema(176)) - Loading network topology layer schema file
2024-09-17 10:41:01,019 [main] INFO  http.BaseHttpServer (BaseHttpServer.java:newHttpServer2BuilderForOzone(223)) - Starting Web-server for ozoneManager at: http://0.0.0.0:15091
2024-09-17 10:41:01,019 [main] INFO  http.BaseHttpServer (BaseHttpServer.java:<init>(110)) - Hadoop Security Enabled: false Ozone Security Enabled: false Ozone HTTP Security Enabled: false 
2024-09-17 10:41:01,020 [main] WARN  server.AuthenticationFilter (AuthenticationFilter.java:constructSecretProvider(240)) - Unable to initialize FileSignerSecretProvider, falling back to use random secrets. Reason: Could not read signature secret file: /home/runner/hadoop-http-auth-signature-secret
2024-09-17 10:41:01,021 [main] INFO  http.HttpRequestLog (HttpRequestLog.java:getRequestLog(86)) - Http request log for http.requests.ozoneManager is not defined
2024-09-17 10:41:01,022 [main] INFO  http.HttpServer2 (HttpServer2.java:addGlobalFilter(1035)) - Added global filter 'safety' (class=org.apache.hadoop.hdds.server.http.HttpServer2$QuotingInputFilter)
2024-09-17 10:41:01,023 [main] INFO  http.HttpServer2 (HttpServer2.java:addFilter(1011)) - Added filter static_user_filter (class=org.apache.hadoop.http.lib.StaticUserWebFilter$StaticUserFilter) to context ozoneManager
2024-09-17 10:41:01,023 [main] INFO  http.HttpServer2 (HttpServer2.java:addFilter(1019)) - Added filter static_user_filter (class=org.apache.hadoop.http.lib.StaticUserWebFilter$StaticUserFilter) to context logs
2024-09-17 10:41:01,023 [main] INFO  http.HttpServer2 (HttpServer2.java:addFilter(1019)) - Added filter static_user_filter (class=org.apache.hadoop.http.lib.StaticUserWebFilter$StaticUserFilter) to context static
2024-09-17 10:41:01,024 [main] INFO  http.BaseHttpServer (BaseHttpServer.java:<init>(189)) - HTTP server of ozoneManager uses base directory /home/runner/work/ozone/ozone/hadoop-ozone/integration-test/target/test-dir/MiniOzoneClusterImpl-90660ac4-7e9c-448b-98ea-af4f808cf8d9/omNode-1/webserver
2024-09-17 10:41:01,024 [main] INFO  http.HttpServer2 (HttpServer2.java:bindListener(1235)) - Jetty bound to port 15091
2024-09-17 10:41:01,024 [main] INFO  server.Server (Server.java:doStart(375)) - jetty-9.4.56.v20240826; built: 2024-08-26T17:15:05.868Z; git: ec6782ff5ead824dabdcf47fa98f90a4aedff401; jvm 17.0.12+7
2024-09-17 10:41:01,026 [main] INFO  server.session (DefaultSessionIdManager.java:doStart(334)) - DefaultSessionIdManager workerName=node0
2024-09-17 10:41:01,026 [main] INFO  server.session (DefaultSessionIdManager.java:doStart(339)) - No SessionScavenger set, using defaults
2024-09-17 10:41:01,026 [main] INFO  server.session (HouseKeeper.java:startScavenging(132)) - node0 Scavenging every 660000ms
2024-09-17 10:41:01,027 [main] INFO  handler.ContextHandler (ContextHandler.java:doStart(921)) - Started o.e.j.s.ServletContextHandler@67c784a6{logs,/logs,file:///home/runner/work/ozone/ozone/hadoop-ozone/integration-test/target/log,AVAILABLE}
2024-09-17 10:41:01,027 [main] INFO  handler.ContextHandler (ContextHandler.java:doStart(921)) - Started o.e.j.s.ServletContextHandler@4ca2e82d{static,/static,file:///home/runner/work/ozone/ozone/hadoop-ozone/integration-test/target/test-classes/webapps/static,AVAILABLE}
2024-09-17 10:41:01,033 [main] INFO  handler.ContextHandler (ContextHandler.java:doStart(921)) - Started o.e.j.w.WebAppContext@2a12b003{ozoneManager,/,file:///home/runner/work/ozone/ozone/hadoop-ozone/integration-test/target/test-classes/webapps/ozoneManager/,AVAILABLE}{file:/home/runner/work/ozone/ozone/hadoop-ozone/integration-test/target/test-classes/webapps/ozoneManager}
2024-09-17 10:41:01,034 [main] INFO  server.AbstractConnector (AbstractConnector.java:doStart(333)) - Started ServerConnector@3b91ed0e{HTTP/1.1, (http/1.1)}{0.0.0.0:15091}
2024-09-17 10:41:01,034 [main] INFO  server.Server (Server.java:doStart(415)) - Started @93543ms
2024-09-17 10:41:01,034 [main] WARN  impl.MetricsSystemImpl (MetricsSystemImpl.java:register(279)) - Sink prometheus already exists!
2024-09-17 10:41:01,034 [main] INFO  http.BaseHttpServer (BaseHttpServer.java:updateConnectorAddress(354)) - HTTP server of ozoneManager listening at http://0.0.0.0:15091
2024-09-17 10:41:01,035 [IPC Server Responder] INFO  ipc.Server (Server.java:run(1562)) - IPC Server Responder: starting
2024-09-17 10:41:01,035 [IPC Server listener on 15090] INFO  ipc.Server (Server.java:run(1402)) - IPC Server listener on 15090: starting
2024-09-17 10:41:01,039 [main] INFO  om.OzoneManager (OzoneManager.java:startTrashEmptier(2158)) - Trash Interval set to 0. Files deleted won't move to trash
2024-09-17 10:41:01,040 [main] INFO  ozone.MiniOzoneHAClusterImpl (MiniOzoneHAClusterImpl.java:createOMService(517)) - Started OzoneManager omNode-1 RPC server at localhost/127.0.0.1:15090
2024-09-17 10:41:01,040 [main] INFO  ha.OMHANodeDetails (OMHANodeDetails.java:loadOMHAConfig(121)) - ServiceID for OzoneManager is om-service-test1
2024-09-17 10:41:01,041 [main] INFO  ha.OMHANodeDetails (OMHANodeDetails.java:loadOMHAConfig(201)) - Found matching OM address with OMServiceId: om-service-test1, OMNodeId: omNode-2, RPC Address: localhost:15094 and Ratis port: 15097
2024-09-17 10:41:01,041 [main] INFO  ha.OMHANodeDetails (ConfUtils.java:setNodeSpecificConfigs(97)) - Setting configuration key ozone.om.http-address with value of key ozone.om.http-address.om-service-test1.omNode-2: 127.0.0.1:15095
2024-09-17 10:41:01,041 [main] INFO  ha.OMHANodeDetails (ConfUtils.java:setNodeSpecificConfigs(97)) - Setting configuration key ozone.om.https-address with value of key ozone.om.https-address.om-service-test1.omNode-2: 127.0.0.1:15096
2024-09-17 10:41:01,041 [main] INFO  ha.OMHANodeDetails (ConfUtils.java:setNodeSpecificConfigs(97)) - Setting configuration key ozone.om.address with value of key ozone.om.address.om-service-test1.omNode-2: 127.0.0.1:15094
2024-09-17 10:41:01,041 [main] WARN  server.ServerUtils (ServerUtils.java:getDBPath(299)) - ozone.om.db.dirs is not configured. We recommend adding this setting. Falling back to ozone.metadata.dirs instead.
2024-09-17 10:41:01,042 [main] INFO  proxy.SCMBlockLocationFailoverProxyProvider (SCMBlockLocationFailoverProxyProvider.java:<init>(115)) - Created block location fail-over proxy with 1 nodes: [nodeId=scmNodeId,nodeAddress=/0.0.0.0:15087]
OM initialization succeeded.Current cluster id for sd=/home/runner/work/ozone/ozone/hadoop-ozone/integration-test/target/test-dir/MiniOzoneClusterImpl-90660ac4-7e9c-448b-98ea-af4f808cf8d9/omNode-2/om;cid=90660ac4-7e9c-448b-98ea-af4f808cf8d9;layoutVersion=7
2024-09-17 10:41:01,045 [main] INFO  ha.OMHANodeDetails (OMHANodeDetails.java:loadOMHAConfig(121)) - ServiceID for OzoneManager is om-service-test1
2024-09-17 10:41:01,045 [main] INFO  ha.OMHANodeDetails (OMHANodeDetails.java:loadOMHAConfig(201)) - Found matching OM address with OMServiceId: om-service-test1, OMNodeId: omNode-2, RPC Address: localhost:15094 and Ratis port: 15097
2024-09-17 10:41:01,045 [main] INFO  ha.OMHANodeDetails (ConfUtils.java:setNodeSpecificConfigs(97)) - Setting configuration key ozone.om.http-address with value of key ozone.om.http-address.om-service-test1.omNode-2: 127.0.0.1:15095
2024-09-17 10:41:01,045 [main] INFO  ha.OMHANodeDetails (ConfUtils.java:setNodeSpecificConfigs(97)) - Setting configuration key ozone.om.https-address with value of key ozone.om.https-address.om-service-test1.omNode-2: 127.0.0.1:15096
2024-09-17 10:41:01,046 [main] INFO  ha.OMHANodeDetails (ConfUtils.java:setNodeSpecificConfigs(97)) - Setting configuration key ozone.om.address with value of key ozone.om.address.om-service-test1.omNode-2: 127.0.0.1:15094
2024-09-17 10:41:01,046 [main] WARN  server.ServerUtils (ServerUtils.java:getDBPath(299)) - ozone.om.db.dirs is not configured. We recommend adding this setting. Falling back to ozone.metadata.dirs instead.
2024-09-17 10:41:01,046 [main] INFO  upgrade.AbstractLayoutVersionManager (AbstractLayoutVersionManager.java:init(83)) - Initializing Layout version manager with metadata layout = HBASE_SUPPORT (version = 7), software layout = HBASE_SUPPORT (version = 7)
2024-09-17 10:41:01,087 [main] INFO  reflections.Reflections (Reflections.java:scan(219)) - Reflections took 40 ms to scan 2 urls, producing 188 keys and 552 values
2024-09-17 10:41:01,087 [main] INFO  upgrade.OMLayoutVersionManager (OMLayoutVersionManager.java:lambda$0(113)) - Skipping Upgrade Action QuotaRepairUpgradeAction since it has been finalized.
2024-09-17 10:41:01,087 [main] INFO  upgrade.OMLayoutVersionManager (OMLayoutVersionManager.java:lambda$0(113)) - Skipping Upgrade Action MockOmUpgradeAction since it has been finalized.
2024-09-17 10:41:01,088 [main] WARN  server.ServerUtils (ServerUtils.java:getDBPath(299)) - ozone.om.db.dirs is not configured. We recommend adding this setting. Falling back to ozone.metadata.dirs instead.
2024-09-17 10:41:01,089 [main] INFO  proxy.SCMBlockLocationFailoverProxyProvider (SCMBlockLocationFailoverProxyProvider.java:<init>(115)) - Created block location fail-over proxy with 1 nodes: [nodeId=scmNodeId,nodeAddress=/0.0.0.0:15087]
2024-09-17 10:41:01,090 [main] INFO  proxy.SCMBlockLocationFailoverProxyProvider (SCMBlockLocationFailoverProxyProvider.java:<init>(115)) - Created block location fail-over proxy with 1 nodes: [nodeId=scmNodeId,nodeAddress=/0.0.0.0:15087]
2024-09-17 10:41:01,093 [main] INFO  om.OzoneManager (OzoneManager.java:<init>(702)) - OM start with adminUsers: [runner]
2024-09-17 10:41:01,094 [main] WARN  server.ServerUtils (ServerUtils.java:getDBPath(299)) - ozone.om.db.dirs is not configured. We recommend adding this setting. Falling back to ozone.metadata.dirs instead.
2024-09-17 10:41:01,094 [main] INFO  helpers.OmKeyInfo (OmKeyInfo.java:getCodec(72)) - OmKeyInfo.getCodec ignorePipeline = true
2024-09-17 10:41:01,239 [main] INFO  om.OzoneManager (OzoneManager.java:instantiateServices(836)) - S3 Multi-Tenancy is disabled
2024-09-17 10:41:01,239 [main] INFO  om.OmSnapshotManager (OmSnapshotManager.java:<init>(182)) - Ozone filesystem snapshot feature is enabled.
2024-09-17 10:41:01,239 [main] WARN  server.ServerUtils (ServerUtils.java:getDBPath(299)) - ozone.om.snapshot.diff.db.dir is not configured. We recommend adding this setting. Falling back to ozone.metadata.dirs instead.
2024-09-17 10:41:01,257 [main] INFO  utils.NativeLibraryLoader (NativeLibraryLoader.java:loadLibrary(111)) - Loading Library: ozone_rocksdb_tools
2024-09-17 10:41:01,257 [main] ERROR snapshot.SnapshotDiffManager (SnapshotDiffManager.java:initNativeLibraryForEfficientDiff(287)) - Native Library for raw sst file reading loading failed.
org.apache.hadoop.hdds.utils.NativeLibraryNotLoadedException: Unable to load library ozone_rocksdb_tools from both java.library.path & resource file libozone_rocksdb_tools.so from jar.
	at org.apache.hadoop.hdds.utils.db.managed.ManagedRawSSTFileReader.loadLibrary(ManagedRawSSTFileReader.java:40)
	at org.apache.hadoop.ozone.om.snapshot.SnapshotDiffManager.initNativeLibraryForEfficientDiff(SnapshotDiffManager.java:285)
	at org.apache.hadoop.ozone.om.snapshot.SnapshotDiffManager.<init>(SnapshotDiffManager.java:259)
	at org.apache.hadoop.ozone.om.OmSnapshotManager.<init>(OmSnapshotManager.java:289)
	at org.apache.hadoop.ozone.om.OzoneManager.instantiateServices(OzoneManager.java:888)
	at org.apache.hadoop.ozone.om.OzoneManager.<init>(OzoneManager.java:712)
	at org.apache.hadoop.ozone.om.OzoneManager.createOm(OzoneManager.java:799)
	at org.apache.hadoop.ozone.MiniOzoneHAClusterImpl$Builder.createOMService(MiniOzoneHAClusterImpl.java:510)
	at org.apache.hadoop.ozone.MiniOzoneHAClusterImpl$Builder.build(MiniOzoneHAClusterImpl.java:425)
	at org.apache.hadoop.ozone.om.snapshot.TestSnapshotBackgroundServices.init(TestSnapshotBackgroundServices.java:162)
	at java.base/jdk.internal.reflect.NativeMethodAccessorImpl.invoke0(Native Method)
	at java.base/jdk.internal.reflect.NativeMethodAccessorImpl.invoke(NativeMethodAccessorImpl.java:77)
	at java.base/jdk.internal.reflect.DelegatingMethodAccessorImpl.invoke(DelegatingMethodAccessorImpl.java:43)
	at java.base/java.lang.reflect.Method.invoke(Method.java:569)
	at org.junit.platform.commons.util.ReflectionUtils.invokeMethod(ReflectionUtils.java:728)
	at org.junit.jupiter.engine.execution.MethodInvocation.proceed(MethodInvocation.java:60)
	at org.junit.jupiter.engine.execution.InvocationInterceptorChain$ValidatingInvocation.proceed(InvocationInterceptorChain.java:131)
	at org.junit.jupiter.engine.extension.TimeoutExtension.intercept(TimeoutExtension.java:156)
	at org.junit.jupiter.engine.extension.TimeoutExtension.interceptLifecycleMethod(TimeoutExtension.java:128)
	at org.junit.jupiter.engine.extension.TimeoutExtension.interceptBeforeEachMethod(TimeoutExtension.java:78)
	at org.junit.jupiter.engine.execution.InterceptingExecutableInvoker$ReflectiveInterceptorCall.lambda$ofVoidMethod$0(InterceptingExecutableInvoker.java:103)
	at org.junit.jupiter.engine.execution.InterceptingExecutableInvoker.lambda$invoke$0(InterceptingExecutableInvoker.java:93)
	at org.junit.jupiter.engine.execution.InvocationInterceptorChain$InterceptedInvocation.proceed(InvocationInterceptorChain.java:106)
	at org.junit.jupiter.engine.execution.InvocationInterceptorChain.proceed(InvocationInterceptorChain.java:64)
	at org.junit.jupiter.engine.execution.InvocationInterceptorChain.chainAndInvoke(InvocationInterceptorChain.java:45)
	at org.junit.jupiter.engine.execution.InvocationInterceptorChain.invoke(InvocationInterceptorChain.java:37)
	at org.junit.jupiter.engine.execution.InterceptingExecutableInvoker.invoke(InterceptingExecutableInvoker.java:92)
	at org.junit.jupiter.engine.execution.InterceptingExecutableInvoker.invoke(InterceptingExecutableInvoker.java:86)
	at org.junit.jupiter.engine.descriptor.ClassBasedTestDescriptor.invokeMethodInExtensionContext(ClassBasedTestDescriptor.java:521)
	at org.junit.jupiter.engine.descriptor.ClassBasedTestDescriptor.lambda$synthesizeBeforeEachMethodAdapter$23(ClassBasedTestDescriptor.java:506)
	at org.junit.jupiter.engine.descriptor.TestMethodTestDescriptor.lambda$invokeBeforeEachMethods$3(TestMethodTestDescriptor.java:175)
	at org.junit.jupiter.engine.descriptor.TestMethodTestDescriptor.lambda$invokeBeforeMethodsOrCallbacksUntilExceptionOccurs$6(TestMethodTestDescriptor.java:203)
	at org.junit.platform.engine.support.hierarchical.ThrowableCollector.execute(ThrowableCollector.java:73)
	at org.junit.jupiter.engine.descriptor.TestMethodTestDescriptor.invokeBeforeMethodsOrCallbacksUntilExceptionOccurs(TestMethodTestDescriptor.java:203)
	at org.junit.jupiter.engine.descriptor.TestMethodTestDescriptor.invokeBeforeEachMethods(TestMethodTestDescriptor.java:172)
	at org.junit.jupiter.engine.descriptor.TestMethodTestDescriptor.execute(TestMethodTestDescriptor.java:135)
	at org.junit.jupiter.engine.descriptor.TestMethodTestDescriptor.execute(TestMethodTestDescriptor.java:69)
	at org.junit.platform.engine.support.hierarchical.NodeTestTask.lambda$executeRecursively$6(NodeTestTask.java:151)
	at org.junit.platform.engine.support.hierarchical.ThrowableCollector.execute(ThrowableCollector.java:73)
	at org.junit.platform.engine.support.hierarchical.NodeTestTask.lambda$executeRecursively$8(NodeTestTask.java:141)
	at org.junit.platform.engine.support.hierarchical.Node.around(Node.java:137)
	at org.junit.platform.engine.support.hierarchical.NodeTestTask.lambda$executeRecursively$9(NodeTestTask.java:139)
	at org.junit.platform.engine.support.hierarchical.ThrowableCollector.execute(ThrowableCollector.java:73)
	at org.junit.platform.engine.support.hierarchical.NodeTestTask.executeRecursively(NodeTestTask.java:138)
	at org.junit.platform.engine.support.hierarchical.NodeTestTask.execute(NodeTestTask.java:95)
	at java.base/java.util.ArrayList.forEach(ArrayList.java:1511)
	at org.junit.platform.engine.support.hierarchical.SameThreadHierarchicalTestExecutorService.invokeAll(SameThreadHierarchicalTestExecutorService.java:41)
	at org.junit.platform.engine.support.hierarchical.NodeTestTask.lambda$executeRecursively$6(NodeTestTask.java:155)
	at org.junit.platform.engine.support.hierarchical.ThrowableCollector.execute(ThrowableCollector.java:73)
	at org.junit.platform.engine.support.hierarchical.NodeTestTask.lambda$executeRecursively$8(NodeTestTask.java:141)
	at org.junit.platform.engine.support.hierarchical.Node.around(Node.java:137)
	at org.junit.platform.engine.support.hierarchical.NodeTestTask.lambda$executeRecursively$9(NodeTestTask.java:139)
	at org.junit.platform.engine.support.hierarchical.ThrowableCollector.execute(ThrowableCollector.java:73)
	at org.junit.platform.engine.support.hierarchical.NodeTestTask.executeRecursively(NodeTestTask.java:138)
	at org.junit.platform.engine.support.hierarchical.NodeTestTask.execute(NodeTestTask.java:95)
	at java.base/java.util.ArrayList.forEach(ArrayList.java:1511)
	at org.junit.platform.engine.support.hierarchical.SameThreadHierarchicalTestExecutorService.invokeAll(SameThreadHierarchicalTestExecutorService.java:41)
	at org.junit.platform.engine.support.hierarchical.NodeTestTask.lambda$executeRecursively$6(NodeTestTask.java:155)
	at org.junit.platform.engine.support.hierarchical.ThrowableCollector.execute(ThrowableCollector.java:73)
	at org.junit.platform.engine.support.hierarchical.NodeTestTask.lambda$executeRecursively$8(NodeTestTask.java:141)
	at org.junit.platform.engine.support.hierarchical.Node.around(Node.java:137)
	at org.junit.platform.engine.support.hierarchical.NodeTestTask.lambda$executeRecursively$9(NodeTestTask.java:139)
	at org.junit.platform.engine.support.hierarchical.ThrowableCollector.execute(ThrowableCollector.java:73)
	at org.junit.platform.engine.support.hierarchical.NodeTestTask.executeRecursively(NodeTestTask.java:138)
	at org.junit.platform.engine.support.hierarchical.NodeTestTask.execute(NodeTestTask.java:95)
	at org.junit.platform.engine.support.hierarchical.SameThreadHierarchicalTestExecutorService.submit(SameThreadHierarchicalTestExecutorService.java:35)
	at org.junit.platform.engine.support.hierarchical.HierarchicalTestExecutor.execute(HierarchicalTestExecutor.java:57)
	at org.junit.platform.engine.support.hierarchical.HierarchicalTestEngine.execute(HierarchicalTestEngine.java:54)
	at org.junit.platform.launcher.core.EngineExecutionOrchestrator.execute(EngineExecutionOrchestrator.java:198)
	at org.junit.platform.launcher.core.EngineExecutionOrchestrator.execute(EngineExecutionOrchestrator.java:169)
	at org.junit.platform.launcher.core.EngineExecutionOrchestrator.execute(EngineExecutionOrchestrator.java:93)
	at org.junit.platform.launcher.core.EngineExecutionOrchestrator.lambda$execute$0(EngineExecutionOrchestrator.java:58)
	at org.junit.platform.launcher.core.EngineExecutionOrchestrator.withInterceptedStreams(EngineExecutionOrchestrator.java:141)
	at org.junit.platform.launcher.core.EngineExecutionOrchestrator.execute(EngineExecutionOrchestrator.java:57)
	at org.junit.platform.launcher.core.DefaultLauncher.execute(DefaultLauncher.java:103)
	at org.junit.platform.launcher.core.DefaultLauncher.execute(DefaultLauncher.java:85)
	at org.junit.platform.launcher.core.DelegatingLauncher.execute(DelegatingLauncher.java:47)
	at org.junit.platform.launcher.core.SessionPerRequestLauncher.execute(SessionPerRequestLauncher.java:63)
	at org.apache.maven.surefire.junitplatform.JUnitPlatformProvider.invokeAllTests(JUnitPlatformProvider.java:154)
	at org.apache.maven.surefire.junitplatform.JUnitPlatformProvider.invoke(JUnitPlatformProvider.java:123)
	at org.apache.maven.surefire.booter.ForkedBooter.runSuitesInProcess(ForkedBooter.java:377)
	at org.apache.maven.surefire.booter.ForkedBooter.execute(ForkedBooter.java:138)
	at org.apache.maven.surefire.booter.ForkedBooter.run(ForkedBooter.java:465)
	at org.apache.maven.surefire.booter.ForkedBooter.main(ForkedBooter.java:451)
2024-09-17 10:41:01,259 [main] INFO  om.OzoneManager (OzoneManager.java:addS3GVolumeToDB(4557)) - Created Volume s3v With Owner runner required for S3Gateway operations.
2024-09-17 10:41:01,259 [main] WARN  server.ServerUtils (ServerUtils.java:getDefaultRatisDirectory(311)) - Storage directory for Ratis is not configured. It is a good idea to map this to an SSD disk. Falling back to ozone.metadata.dirs
2024-09-17 10:41:01,259 [main] WARN  utils.OzoneManagerRatisUtils (OzoneManagerRatisUtils.java:getOMRatisSnapshotDirectory(481)) - ozone.om.ratis.snapshot.dir is not configured. Falling back to ozone.metadata.dirs config
2024-09-17 10:41:01,260 [main] INFO  utils.RDBSnapshotProvider (RDBSnapshotProvider.java:init(87)) - Cleaning up the candidate dir: /home/runner/work/ozone/ozone/hadoop-ozone/integration-test/target/test-dir/MiniOzoneClusterImpl-90660ac4-7e9c-448b-98ea-af4f808cf8d9/omNode-2/snapshot/om.db.candidate
2024-09-17 10:41:01,260 [main] INFO  ratis_snapshot.OmRatisSnapshotProvider (OmRatisSnapshotProvider.java:<init>(99)) - Initializing OM Snapshot Provider
2024-09-17 10:41:01,261 [main] WARN  dropwizard3.Dm3MetricRegistriesImpl (Dm3MetricRegistriesImpl.java:addReporterRegistration(114)) - New reporters are added after registries were created. Some metrics will be missing from the reporter. Please add reporter before adding any new registry.
2024-09-17 10:41:01,261 [main] WARN  dropwizard3.Dm3MetricRegistriesImpl (Dm3MetricRegistriesImpl.java:addReporterRegistration(114)) - New reporters are added after registries were created. Some metrics will be missing from the reporter. Please add reporter before adding any new registry.
2024-09-17 10:41:01,261 [main] WARN  server.ServerUtils (ServerUtils.java:getDefaultRatisDirectory(311)) - Storage directory for Ratis is not configured. It is a good idea to map this to an SSD disk. Falling back to ozone.metadata.dirs
2024-09-17 10:41:01,261 [main] INFO  server.RaftServerConfigKeys (ConfUtils.java:logGet(46)) - raft.server.log.appender.buffer.byte-limit = 4194304 (custom)
2024-09-17 10:41:01,262 [main] INFO  ratis.OzoneManagerRatisServer (OzoneManagerRatisServer.java:<init>(169)) - Instantiating OM Ratis server with groupID: om-service-test1 and peers: localhost:15097, localhost:15101, localhost:15093
2024-09-17 10:41:01,262 [main] INFO  ratis.OzoneManagerStateMachine (OzoneManagerStateMachine.java:loadSnapshotInfoFromDB(593)) - TransactionInfo not found in OM DB.
2024-09-17 10:41:01,263 [main] INFO  server.RaftServer (ConfUtils.java:logGet(46)) - raft.rpc.type = GRPC (default)
2024-09-17 10:41:01,263 [main] INFO  grpc.GrpcConfigKeys (ConfUtils.java:logFallback(53)) - raft.grpc.admin.host = null (fallback to raft.grpc.server.host)
2024-09-17 10:41:01,263 [main] INFO  grpc.GrpcConfigKeys (ConfUtils.java:logFallback(53)) - raft.grpc.admin.port = 15097 (fallback to raft.grpc.server.port)
2024-09-17 10:41:01,263 [main] INFO  grpc.GrpcConfigKeys (ConfUtils.java:logFallback(53)) - raft.grpc.client.host = null (fallback to raft.grpc.server.host)
2024-09-17 10:41:01,263 [main] INFO  grpc.GrpcConfigKeys (ConfUtils.java:logFallback(53)) - raft.grpc.client.port = 15097 (fallback to raft.grpc.server.port)
2024-09-17 10:41:01,263 [main] INFO  grpc.GrpcConfigKeys (ConfUtils.java:logGet(46)) - raft.grpc.server.host = null (default)
2024-09-17 10:41:01,263 [main] INFO  grpc.GrpcConfigKeys (ConfUtils.java:logGet(46)) - raft.grpc.server.port = 15097 (custom)
2024-09-17 10:41:01,263 [main] INFO  server.GrpcService (ConfUtils.java:logGet(46)) - raft.grpc.message.size.max = 5242880 (custom)
2024-09-17 10:41:01,263 [main] INFO  server.RaftServerConfigKeys (ConfUtils.java:logGet(46)) - raft.server.log.appender.buffer.byte-limit = 4194304 (custom)
2024-09-17 10:41:01,264 [main] INFO  server.GrpcService (ConfUtils.java:logGet(46)) - raft.grpc.flow.control.window = 1MB (=1048576) (default)
2024-09-17 10:41:01,264 [main] INFO  server.RaftServerConfigKeys (ConfUtils.java:logGet(46)) - raft.server.rpc.request.timeout = 3000ms (default)
2024-09-17 10:41:01,264 [main] INFO  grpc.GrpcConfigKeys (ConfUtils.java:logGet(46)) - raft.grpc.server.heartbeat.channel = true (default)
2024-09-17 10:41:01,264 [main] INFO  grpc.GrpcConfigKeys (ConfUtils.java:logGet(46)) - raft.grpc.server.async.request.thread.pool.cached = true (default)
2024-09-17 10:41:01,264 [main] INFO  grpc.GrpcConfigKeys (ConfUtils.java:logGet(46)) - raft.grpc.server.async.request.thread.pool.size = 32 (default)
2024-09-17 10:41:01,264 [main] INFO  impl.DataStreamServerImpl (ConfUtils.java:logGet(46)) - raft.datastream.type = DISABLED (default)
2024-09-17 10:41:01,265 [main] INFO  server.RaftServerConfigKeys (ConfUtils.java:logGet(46)) - raft.server.sleep.deviation.threshold = 300ms (default)
2024-09-17 10:41:01,265 [main] INFO  server.RaftServerConfigKeys (ConfUtils.java:logGet(46)) - raft.server.close.threshold = 60s (default)
2024-09-17 10:41:01,265 [main] INFO  server.RaftServerConfigKeys (ConfUtils.java:logGet(46)) - raft.server.leaderelection.leader.step-down.wait-time = 10s (default)
2024-09-17 10:41:01,265 [main] INFO  server.RaftServerConfigKeys (ConfUtils.java:logGet(46)) - raft.server.storage.dir = [/home/runner/work/ozone/ozone/hadoop-ozone/integration-test/target/test-dir/MiniOzoneClusterImpl-90660ac4-7e9c-448b-98ea-af4f808cf8d9/omNode-2/ratis] (custom)
2024-09-17 10:41:01,265 [main] INFO  server.RaftServerConfigKeys (ConfUtils.java:logGet(46)) - raft.server.threadpool.proxy.cached = true (default)
2024-09-17 10:41:01,265 [main] INFO  server.RaftServerConfigKeys (ConfUtils.java:logGet(46)) - raft.server.threadpool.proxy.size = 0 (default)
2024-09-17 10:41:01,265 [main] INFO  server.RaftServer (RaftServerProxy.java:addNew(101)) - omNode-2: addNew group-523986131536:[omNode-3|localhost:15101, omNode-1|localhost:15093, omNode-2|localhost:15097] returns group-523986131536:java.util.concurrent.CompletableFuture@73189951[Not completed]
2024-09-17 10:41:01,266 [main] INFO  om.OzoneManager (OzoneManager.java:initializeRatisServer(2205)) - OzoneManager Ratis server initialized at port 15097
2024-09-17 10:41:01,266 [omNode-2-groupManagement] INFO  server.RaftServer$Division (RaftServerImpl.java:<init>(253)) - omNode-2: new RaftServerImpl for group-523986131536:[omNode-3|localhost:15101, omNode-1|localhost:15093, omNode-2|localhost:15097] with OzoneManagerStateMachine:uninitialized
2024-09-17 10:41:01,266 [main] INFO  om.OzoneManager (OzoneManager.java:getRpcServer(1252)) - Creating RPC Server
2024-09-17 10:41:01,266 [omNode-2-groupManagement] INFO  server.RaftServerConfigKeys (ConfUtils.java:logGet(46)) - raft.server.rpc.timeout.min = 1s (custom)
2024-09-17 10:41:01,266 [omNode-2-groupManagement] INFO  server.RaftServerConfigKeys (ConfUtils.java:logGet(46)) - raft.server.rpc.timeout.max = 1200ms (custom)
2024-09-17 10:41:01,266 [omNode-2-groupManagement] INFO  server.RaftServerConfigKeys (ConfUtils.java:logGet(46)) - raft.server.rpc.sleep.time = 25ms (default)
2024-09-17 10:41:01,266 [omNode-2-groupManagement] INFO  server.RaftServerConfigKeys (ConfUtils.java:logGet(46)) - raft.server.rpc.slowness.timeout = 2s (custom)
2024-09-17 10:41:01,266 [omNode-2-groupManagement] INFO  server.RaftServerConfigKeys (ConfUtils.java:logGet(46)) - raft.server.leaderelection.leader.step-down.wait-time = 10s (default)
2024-09-17 10:41:01,266 [omNode-2-groupManagement] INFO  server.RaftServerConfigKeys (ConfUtils.java:logGet(46)) - raft.server.leaderelection.member.majority-add = false (default)
2024-09-17 10:41:01,266 [omNode-2-groupManagement] INFO  server.RaftServerConfigKeys (ConfUtils.java:logGet(46)) - raft.server.sleep.deviation.threshold = 300ms (default)
2024-09-17 10:41:01,266 [omNode-2-groupManagement] INFO  server.RaftServer$Division (ServerState.java:<init>(114)) - omNode-2@group-523986131536: ConfigurationManager, init=conf: {index: -1, cur=peers:[omNode-3|localhost:15101, omNode-1|localhost:15093, omNode-2|localhost:15097]|listeners:[], old=null}, confs=<EMPTY_MAP>
2024-09-17 10:41:01,266 [omNode-2-groupManagement] INFO  server.RaftServerConfigKeys (ConfUtils.java:logGet(46)) - raft.server.notification.no-leader.timeout = 2s (custom)
2024-09-17 10:41:01,266 [omNode-2-groupManagement] INFO  server.RaftServerConfigKeys (ConfUtils.java:logGet(46)) - raft.server.read.timeout = 10s (default)
2024-09-17 10:41:01,266 [omNode-2-groupManagement] INFO  server.RaftServerConfigKeys (ConfUtils.java:logGet(46)) - raft.server.retrycache.expirytime = 300000ms (custom)
2024-09-17 10:41:01,266 [omNode-2-groupManagement] INFO  server.RaftServerConfigKeys (ConfUtils.java:logGet(46)) - raft.server.retrycache.statistics.expirytime = 100ms (default)
2024-09-17 10:41:01,266 [omNode-2-groupManagement] INFO  server.RaftServerConfigKeys (ConfUtils.java:logGet(46)) - raft.server.read.option = DEFAULT (default)
2024-09-17 10:41:01,281 [omNode-2-groupManagement] INFO  server.RaftServerConfigKeys (ConfUtils.java:logGet(46)) - raft.server.read.read-after-write-consistent.write-index-cache.expiry-time = 60s (default)
2024-09-17 10:41:01,283 [omNode-2-groupManagement] INFO  server.RaftServerConfigKeys (ConfUtils.java:logGet(46)) - raft.server.rpc.request.timeout = 3000ms (default)
2024-09-17 10:41:01,283 [omNode-2-groupManagement] INFO  server.RaftServerConfigKeys (ConfUtils.java:logGet(46)) - raft.server.log.appender.install.snapshot.enabled = false (custom)
2024-09-17 10:41:01,283 [omNode-2-groupManagement] INFO  server.RaftServerConfigKeys (ConfUtils.java:logGet(46)) - raft.server.threadpool.server.cached = true (default)
2024-09-17 10:41:01,283 [omNode-2-groupManagement] INFO  server.RaftServerConfigKeys (ConfUtils.java:logGet(46)) - raft.server.threadpool.server.size = 0 (default)
2024-09-17 10:41:01,283 [omNode-2-groupManagement] INFO  server.RaftServerConfigKeys (ConfUtils.java:logGet(46)) - raft.server.threadpool.client.cached = true (default)
2024-09-17 10:41:01,283 [omNode-2-groupManagement] INFO  server.RaftServerConfigKeys (ConfUtils.java:logGet(46)) - raft.server.threadpool.client.size = 0 (default)
2024-09-17 10:41:01,553 [main] INFO  reflections.Reflections (Reflections.java:scan(219)) - Reflections took 287 ms to scan 20 urls, producing 59 keys and 7195 values
2024-09-17 10:41:01,555 [main] INFO  ipc.CallQueueManager (CallQueueManager.java:<init>(90)) - Using callQueue: class java.util.concurrent.LinkedBlockingQueue, queueCapacity: 2000, scheduler: class org.apache.hadoop.ipc.DefaultRpcScheduler, ipcBackoff: false.
2024-09-17 10:41:01,555 [main] INFO  ipc.Server (Server.java:<init>(1287)) - Listener at 127.0.0.1:15094
2024-09-17 10:41:01,555 [Socket Reader #1 for port 15094] INFO  ipc.Server (Server.java:run(1323)) - Starting Socket Reader #1 for port 15094
2024-09-17 10:41:01,556 [Socket Reader #2 for port 15094] INFO  ipc.Server (Server.java:run(1323)) - Starting Socket Reader #2 for port 15094
2024-09-17 10:41:01,556 [Socket Reader #3 for port 15094] INFO  ipc.Server (Server.java:run(1323)) - Starting Socket Reader #3 for port 15094
2024-09-17 10:41:01,556 [Socket Reader #5 for port 15094] INFO  ipc.Server (Server.java:run(1323)) - Starting Socket Reader #5 for port 15094
2024-09-17 10:41:01,556 [Socket Reader #4 for port 15094] INFO  ipc.Server (Server.java:run(1323)) - Starting Socket Reader #4 for port 15094
2024-09-17 10:41:01,556 [Socket Reader #6 for port 15094] INFO  ipc.Server (Server.java:run(1323)) - Starting Socket Reader #6 for port 15094
2024-09-17 10:41:01,556 [Socket Reader #7 for port 15094] INFO  ipc.Server (Server.java:run(1323)) - Starting Socket Reader #7 for port 15094
2024-09-17 10:41:01,557 [Socket Reader #8 for port 15094] INFO  ipc.Server (Server.java:run(1323)) - Starting Socket Reader #8 for port 15094
2024-09-17 10:41:01,557 [Socket Reader #9 for port 15094] INFO  ipc.Server (Server.java:run(1323)) - Starting Socket Reader #9 for port 15094
2024-09-17 10:41:01,557 [Socket Reader #10 for port 15094] INFO  ipc.Server (Server.java:run(1323)) - Starting Socket Reader #10 for port 15094
2024-09-17 10:41:01,571 [main] INFO  impl.MetricsSystemImpl (MetricsSystemImpl.java:init(158)) - OzoneManager metrics system started (again)
2024-09-17 10:41:01,579 [main] INFO  om.OzoneManager (OzoneManager.java:start(1680)) - OzoneManager RPC server is listening at localhost/127.0.0.1:15094
2024-09-17 10:41:01,579 [main] INFO  ratis.OzoneManagerRatisServer (OzoneManagerRatisServer.java:start(603)) - Starting OzoneManagerRatisServer omNode-2 at port 15097
2024-09-17 10:41:01,579 [omNode-2-impl-thread1] INFO  server.RaftServerConfigKeys (ConfUtils.java:logGet(46)) - raft.server.storage.free-space.min = 0MB (=0) (default)
2024-09-17 10:41:01,579 [omNode-2-impl-thread1] INFO  server.RaftServerConfigKeys (ConfUtils.java:logGet(46)) - raft.server.log.corruption.policy = EXCEPTION (default)
2024-09-17 10:41:01,580 [omNode-2-impl-thread1] INFO  server.RaftServerConfigKeys (ConfUtils.java:logGet(46)) - raft.server.storage.dir = [/home/runner/work/ozone/ozone/hadoop-ozone/integration-test/target/test-dir/MiniOzoneClusterImpl-90660ac4-7e9c-448b-98ea-af4f808cf8d9/omNode-2/ratis] (custom)
2024-09-17 10:41:01,580 [omNode-2-impl-thread1] INFO  storage.RaftStorageDirectory (RaftStorageDirectoryImpl.java:analyzeStorage(138)) - The storage directory /home/runner/work/ozone/ozone/hadoop-ozone/integration-test/target/test-dir/MiniOzoneClusterImpl-90660ac4-7e9c-448b-98ea-af4f808cf8d9/omNode-2/ratis/c9bc4cf4-3bc3-3c60-a66b-523986131536 does not exist. Creating ...
2024-09-17 10:41:01,581 [omNode-2-impl-thread1] INFO  storage.RaftStorageDirectory (RaftStorageDirectoryImpl.java:tryLock(229)) - Lock on /home/runner/work/ozone/ozone/hadoop-ozone/integration-test/target/test-dir/MiniOzoneClusterImpl-90660ac4-7e9c-448b-98ea-af4f808cf8d9/omNode-2/ratis/c9bc4cf4-3bc3-3c60-a66b-523986131536/in_use.lock acquired by nodename 60320@fv-az977-14
2024-09-17 10:41:01,582 [omNode-2-impl-thread1] INFO  storage.RaftStorage (RaftStorageImpl.java:format(98)) - Storage directory /home/runner/work/ozone/ozone/hadoop-ozone/integration-test/target/test-dir/MiniOzoneClusterImpl-90660ac4-7e9c-448b-98ea-af4f808cf8d9/omNode-2/ratis/c9bc4cf4-3bc3-3c60-a66b-523986131536 has been successfully formatted.
2024-09-17 10:41:01,582 [omNode-2-impl-thread1] INFO  server.RaftServerConfigKeys (ConfUtils.java:logGet(46)) - raft.server.log.use.memory = false (default)
2024-09-17 10:41:01,582 [omNode-2-impl-thread1] INFO  server.RaftServerConfigKeys (ConfUtils.java:logGet(46)) - raft.server.log.purge.gap = 50 (custom)
2024-09-17 10:41:01,583 [omNode-2-impl-thread1] INFO  server.RaftServerConfigKeys (ConfUtils.java:logGet(46)) - raft.server.log.appender.buffer.byte-limit = 4194304 (custom)
2024-09-17 10:41:01,583 [omNode-2-impl-thread1] INFO  server.RaftServerConfigKeys (ConfUtils.java:logGet(46)) - raft.server.log.statemachine.data.read.timeout = 1000ms (default)
2024-09-17 10:41:01,583 [omNode-2-impl-thread1] INFO  server.RaftServerConfigKeys (ConfUtils.java:logGet(46)) - raft.server.log.purge.preservation.log.num = 0 (default)
2024-09-17 10:41:01,583 [omNode-2-impl-thread1] INFO  server.RaftServerConfigKeys (ConfUtils.java:logGet(46)) - raft.server.log.segment.size.max = 16384 (custom)
2024-09-17 10:41:01,584 [omNode-2-impl-thread1] INFO  server.RaftServerConfigKeys (ConfUtils.java:logGet(46)) - raft.server.log.segment.cache.num.max = 2 (custom)
2024-09-17 10:41:01,584 [omNode-2-impl-thread1] INFO  server.RaftServerConfigKeys (ConfUtils.java:logGet(46)) - raft.server.log.segment.cache.size.max = 200MB (=209715200) (default)
2024-09-17 10:41:01,584 [omNode-2-impl-thread1] INFO  server.RaftServerConfigKeys (ConfUtils.java:logGet(46)) - raft.server.log.appender.buffer.byte-limit = 4194304 (custom)
2024-09-17 10:41:01,584 [omNode-2-impl-thread1] INFO  util.AwaitToRun (AwaitToRun.java:start(81)) - Thread[omNode-2@group-523986131536-cacheEviction-AwaitToRun,5,main] started
2024-09-17 10:41:01,584 [omNode-2-impl-thread1] INFO  segmented.SegmentedRaftLogWorker (SegmentedRaftLogWorker.java:<init>(184)) - new omNode-2@group-523986131536-SegmentedRaftLogWorker for RaftStorageImpl:Storage Directory /home/runner/work/ozone/ozone/hadoop-ozone/integration-test/target/test-dir/MiniOzoneClusterImpl-90660ac4-7e9c-448b-98ea-af4f808cf8d9/omNode-2/ratis/c9bc4cf4-3bc3-3c60-a66b-523986131536
2024-09-17 10:41:01,584 [omNode-2-impl-thread1] INFO  server.RaftServerConfigKeys (ConfUtils.java:logGet(46)) - raft.server.log.queue.byte-limit = 64MB (=67108864) (default)
2024-09-17 10:41:01,584 [omNode-2-impl-thread1] INFO  server.RaftServerConfigKeys (ConfUtils.java:logGet(46)) - raft.server.log.queue.element-limit = 4096 (default)
2024-09-17 10:41:01,584 [omNode-2-impl-thread1] INFO  server.RaftServerConfigKeys (ConfUtils.java:logGet(46)) - raft.server.log.segment.size.max = 16384 (custom)
2024-09-17 10:41:01,584 [omNode-2-impl-thread1] INFO  server.RaftServerConfigKeys (ConfUtils.java:logGet(46)) - raft.server.log.preallocated.size = 16384 (custom)
2024-09-17 10:41:01,584 [omNode-2-impl-thread1] INFO  server.RaftServerConfigKeys (ConfUtils.java:logGet(46)) - raft.server.log.force.sync.num = 128 (default)
2024-09-17 10:41:01,584 [omNode-2-impl-thread1] INFO  server.RaftServerConfigKeys (ConfUtils.java:logGet(46)) - raft.server.log.statemachine.data.sync = true (default)
2024-09-17 10:41:01,584 [omNode-2-impl-thread1] INFO  server.RaftServerConfigKeys (ConfUtils.java:logGet(46)) - raft.server.log.statemachine.data.sync.timeout = 10s (default)
2024-09-17 10:41:01,584 [omNode-2-impl-thread1] INFO  server.RaftServerConfigKeys (ConfUtils.java:logGet(46)) - raft.server.log.statemachine.data.sync.timeout.retry = -1 (default)
2024-09-17 10:41:01,584 [omNode-2-impl-thread1] INFO  server.RaftServerConfigKeys (ConfUtils.java:logGet(46)) - raft.server.log.write.buffer.size = 4194312 (custom)
2024-09-17 10:41:01,585 [omNode-2-impl-thread1] INFO  server.RaftServerConfigKeys (ConfUtils.java:logGet(46)) - raft.server.log.appender.buffer.byte-limit = 4194304 (custom)
2024-09-17 10:41:01,585 [omNode-2-impl-thread1] INFO  server.RaftServerConfigKeys (ConfUtils.java:logGet(46)) - raft.server.log.unsafe-flush.enabled = false (default)
2024-09-17 10:41:01,585 [omNode-2-impl-thread1] INFO  server.RaftServerConfigKeys (ConfUtils.java:logGet(46)) - raft.server.log.async-flush.enabled = false (default)
2024-09-17 10:41:01,585 [omNode-2-impl-thread1] INFO  server.RaftServerConfigKeys (ConfUtils.java:logGet(46)) - raft.server.log.statemachine.data.caching.enabled = false (default)
2024-09-17 10:41:01,585 [omNode-2-impl-thread1] INFO  segmented.SegmentedRaftLogWorker (SegmentedRaftLogWorker.java:lambda$new$0(135)) - omNode-2@group-523986131536-SegmentedRaftLogWorker: flushIndex: setUnconditionally 0 -> -1
2024-09-17 10:41:01,585 [omNode-2-impl-thread1] INFO  segmented.SegmentedRaftLogWorker (SegmentedRaftLogWorker.java:lambda$new$0(135)) - omNode-2@group-523986131536-SegmentedRaftLogWorker: safeCacheEvictIndex: setUnconditionally 0 -> -1
2024-09-17 10:41:01,585 [omNode-2-impl-thread1] INFO  server.RaftServer$Division (RaftServerImpl.java:start(389)) - omNode-2@group-523986131536: start as a follower, conf=conf: {index: -1, cur=peers:[omNode-3|localhost:15101, omNode-1|localhost:15093, omNode-2|localhost:15097]|listeners:[], old=null}
2024-09-17 10:41:01,585 [omNode-2-impl-thread1] INFO  server.RaftServer$Division (RaftServerImpl.java:setRole(376)) - omNode-2@group-523986131536: changes role from      null to FOLLOWER at term 0 for startAsFollower
2024-09-17 10:41:01,585 [omNode-2-impl-thread1] INFO  impl.RoleInfo (RoleInfo.java:updateAndGet(148)) - omNode-2: start omNode-2@group-523986131536-FollowerState
2024-09-17 10:41:01,586 [omNode-2-impl-thread1] INFO  util.JmxRegister (JmxRegister.java:tryRegister(44)) - Successfully registered JMX Bean with object name Ratis:service=RaftServer,group=group-523986131536,id=omNode-2
2024-09-17 10:41:01,586 [omNode-2-impl-thread1] INFO  util.JmxRegister (JmxRegister.java:register(58)) - register mxBean class org.apache.ratis.server.impl.RaftServerJmxAdapter as Ratis:service=RaftServer,group=group-523986131536,id=omNode-2
2024-09-17 10:41:01,586 [omNode-2-impl-thread1] INFO  server.RaftServerConfigKeys (ConfUtils.java:logGet(46)) - raft.server.snapshot.trigger-when-stop.enabled = true (default)
2024-09-17 10:41:01,586 [omNode-2-impl-thread1] INFO  server.RaftServerConfigKeys (ConfUtils.java:logGet(46)) - raft.server.snapshot.trigger-when-remove.enabled = true (default)
2024-09-17 10:41:01,586 [omNode-2-impl-thread1] INFO  server.RaftServerConfigKeys (ConfUtils.java:logGet(46)) - raft.server.snapshot.auto.trigger.enabled = true (custom)
2024-09-17 10:41:01,586 [omNode-2-impl-thread1] INFO  server.RaftServerConfigKeys (ConfUtils.java:logGet(46)) - raft.server.snapshot.auto.trigger.threshold = 50 (custom)
2024-09-17 10:41:01,586 [omNode-2-impl-thread1] INFO  server.RaftServerConfigKeys (ConfUtils.java:logGet(46)) - raft.server.snapshot.retention.file.num = -1 (default)
2024-09-17 10:41:01,586 [omNode-2-impl-thread1] INFO  server.RaftServerConfigKeys (ConfUtils.java:logGet(46)) - raft.server.log.purge.upto.snapshot.index = true (custom)
2024-09-17 10:41:01,586 [omNode-2@group-523986131536-FollowerState] INFO  server.RaftServerConfigKeys (ConfUtils.java:logFallback(53)) - raft.server.rpc.first-election.timeout.min = 1s (fallback to raft.server.rpc.timeout.min)
2024-09-17 10:41:01,586 [omNode-2@group-523986131536-FollowerState] INFO  server.RaftServerConfigKeys (ConfUtils.java:logFallback(53)) - raft.server.rpc.first-election.timeout.max = 1200ms (fallback to raft.server.rpc.timeout.max)
2024-09-17 10:41:01,586 [main] INFO  server.RaftServer (RaftServerProxy.java:startImpl(408)) - omNode-2: start RPC server
2024-09-17 10:41:01,587 [main] INFO  server.GrpcService (GrpcService.java:startImpl(302)) - omNode-2: GrpcService started, listening on 15097
2024-09-17 10:41:01,587 [JvmPauseMonitor16] INFO  util.JvmPauseMonitor (JvmPauseMonitor.java:run(146)) - JvmPauseMonitor-omNode-2: Started
2024-09-17 10:41:01,587 [main] INFO  om.OzoneManager (OzoneManager.java:start(1695)) - Version File has different layout version (7) than OM DB (null). That is expected if this OM has never been finalized to a newer layout version.
2024-09-17 10:41:01,590 [main] INFO  client.ScmTopologyClient (ScmTopologyClient.java:start(72)) - Initial network topology fetched from SCM: /.
2024-09-17 10:41:01,590 [main] INFO  net.NodeSchemaLoader (NodeSchemaLoader.java:loadSchemaFromFile(129)) - Loading schema from [jar:file:/home/runner/work/ozone/ozone/hadoop-hdds/common/target/hdds-common-1.5.0-SNAPSHOT.jar!/network-topology-default.xml]
2024-09-17 10:41:01,590 [main] INFO  net.NodeSchemaLoader (NodeSchemaLoader.java:loadSchema(176)) - Loading network topology layer schema file
2024-09-17 10:41:01,595 [main] INFO  http.BaseHttpServer (BaseHttpServer.java:newHttpServer2BuilderForOzone(223)) - Starting Web-server for ozoneManager at: http://0.0.0.0:15095
2024-09-17 10:41:01,595 [main] INFO  http.BaseHttpServer (BaseHttpServer.java:<init>(110)) - Hadoop Security Enabled: false Ozone Security Enabled: false Ozone HTTP Security Enabled: false 
2024-09-17 10:41:01,596 [main] WARN  server.AuthenticationFilter (AuthenticationFilter.java:constructSecretProvider(240)) - Unable to initialize FileSignerSecretProvider, falling back to use random secrets. Reason: Could not read signature secret file: /home/runner/hadoop-http-auth-signature-secret
2024-09-17 10:41:01,597 [main] INFO  http.HttpRequestLog (HttpRequestLog.java:getRequestLog(86)) - Http request log for http.requests.ozoneManager is not defined
2024-09-17 10:41:01,598 [main] INFO  http.HttpServer2 (HttpServer2.java:addGlobalFilter(1035)) - Added global filter 'safety' (class=org.apache.hadoop.hdds.server.http.HttpServer2$QuotingInputFilter)
2024-09-17 10:41:01,598 [main] INFO  http.HttpServer2 (HttpServer2.java:addFilter(1011)) - Added filter static_user_filter (class=org.apache.hadoop.http.lib.StaticUserWebFilter$StaticUserFilter) to context ozoneManager
2024-09-17 10:41:01,598 [main] INFO  http.HttpServer2 (HttpServer2.java:addFilter(1019)) - Added filter static_user_filter (class=org.apache.hadoop.http.lib.StaticUserWebFilter$StaticUserFilter) to context static
2024-09-17 10:41:01,598 [main] INFO  http.HttpServer2 (HttpServer2.java:addFilter(1019)) - Added filter static_user_filter (class=org.apache.hadoop.http.lib.StaticUserWebFilter$StaticUserFilter) to context logs
2024-09-17 10:41:01,599 [main] INFO  http.BaseHttpServer (BaseHttpServer.java:<init>(189)) - HTTP server of ozoneManager uses base directory /home/runner/work/ozone/ozone/hadoop-ozone/integration-test/target/test-dir/MiniOzoneClusterImpl-90660ac4-7e9c-448b-98ea-af4f808cf8d9/omNode-2/webserver
2024-09-17 10:41:01,599 [main] INFO  http.HttpServer2 (HttpServer2.java:bindListener(1235)) - Jetty bound to port 15095
2024-09-17 10:41:01,599 [main] INFO  server.Server (Server.java:doStart(375)) - jetty-9.4.56.v20240826; built: 2024-08-26T17:15:05.868Z; git: ec6782ff5ead824dabdcf47fa98f90a4aedff401; jvm 17.0.12+7
2024-09-17 10:41:01,600 [main] INFO  server.session (DefaultSessionIdManager.java:doStart(334)) - DefaultSessionIdManager workerName=node0
2024-09-17 10:41:01,600 [main] INFO  server.session (DefaultSessionIdManager.java:doStart(339)) - No SessionScavenger set, using defaults
2024-09-17 10:41:01,601 [main] INFO  server.session (HouseKeeper.java:startScavenging(132)) - node0 Scavenging every 600000ms
2024-09-17 10:41:01,601 [main] INFO  handler.ContextHandler (ContextHandler.java:doStart(921)) - Started o.e.j.s.ServletContextHandler@76eb9f41{logs,/logs,file:///home/runner/work/ozone/ozone/hadoop-ozone/integration-test/target/log,AVAILABLE}
2024-09-17 10:41:01,601 [main] INFO  handler.ContextHandler (ContextHandler.java:doStart(921)) - Started o.e.j.s.ServletContextHandler@601df30{static,/static,file:///home/runner/work/ozone/ozone/hadoop-ozone/integration-test/target/test-classes/webapps/static,AVAILABLE}
2024-09-17 10:41:01,606 [main] INFO  handler.ContextHandler (ContextHandler.java:doStart(921)) - Started o.e.j.w.WebAppContext@2dd00266{ozoneManager,/,file:///home/runner/work/ozone/ozone/hadoop-ozone/integration-test/target/test-classes/webapps/ozoneManager/,AVAILABLE}{file:/home/runner/work/ozone/ozone/hadoop-ozone/integration-test/target/test-classes/webapps/ozoneManager}
2024-09-17 10:41:01,607 [main] INFO  server.AbstractConnector (AbstractConnector.java:doStart(333)) - Started ServerConnector@30c1f4b4{HTTP/1.1, (http/1.1)}{0.0.0.0:15095}
2024-09-17 10:41:01,607 [main] INFO  server.Server (Server.java:doStart(415)) - Started @94116ms
2024-09-17 10:41:01,607 [main] WARN  impl.MetricsSystemImpl (MetricsSystemImpl.java:register(279)) - Sink prometheus already exists!
2024-09-17 10:41:01,608 [main] INFO  http.BaseHttpServer (BaseHttpServer.java:updateConnectorAddress(354)) - HTTP server of ozoneManager listening at http://0.0.0.0:15095
2024-09-17 10:41:01,608 [IPC Server Responder] INFO  ipc.Server (Server.java:run(1562)) - IPC Server Responder: starting
2024-09-17 10:41:01,608 [IPC Server listener on 15094] INFO  ipc.Server (Server.java:run(1402)) - IPC Server listener on 15094: starting
2024-09-17 10:41:01,610 [main] INFO  om.OzoneManager (OzoneManager.java:startTrashEmptier(2158)) - Trash Interval set to 0. Files deleted won't move to trash
2024-09-17 10:41:01,610 [main] INFO  ozone.MiniOzoneHAClusterImpl (MiniOzoneHAClusterImpl.java:createOMService(517)) - Started OzoneManager omNode-2 RPC server at localhost/127.0.0.1:15094
2024-09-17 10:41:01,611 [main] INFO  ha.OMHANodeDetails (OMHANodeDetails.java:loadOMHAConfig(121)) - ServiceID for OzoneManager is om-service-test1
2024-09-17 10:41:01,611 [main] INFO  ha.OMHANodeDetails (OMHANodeDetails.java:loadOMHAConfig(201)) - Found matching OM address with OMServiceId: om-service-test1, OMNodeId: omNode-3, RPC Address: localhost:15098 and Ratis port: 15101
2024-09-17 10:41:01,611 [main] INFO  ha.OMHANodeDetails (ConfUtils.java:setNodeSpecificConfigs(97)) - Setting configuration key ozone.om.http-address with value of key ozone.om.http-address.om-service-test1.omNode-3: 127.0.0.1:15099
2024-09-17 10:41:01,611 [main] INFO  ha.OMHANodeDetails (ConfUtils.java:setNodeSpecificConfigs(97)) - Setting configuration key ozone.om.https-address with value of key ozone.om.https-address.om-service-test1.omNode-3: 127.0.0.1:15100
2024-09-17 10:41:01,611 [main] INFO  ha.OMHANodeDetails (ConfUtils.java:setNodeSpecificConfigs(97)) - Setting configuration key ozone.om.address with value of key ozone.om.address.om-service-test1.omNode-3: 127.0.0.1:15098
2024-09-17 10:41:01,612 [main] WARN  server.ServerUtils (ServerUtils.java:getDBPath(299)) - ozone.om.db.dirs is not configured. We recommend adding this setting. Falling back to ozone.metadata.dirs instead.
2024-09-17 10:41:01,613 [main] INFO  proxy.SCMBlockLocationFailoverProxyProvider (SCMBlockLocationFailoverProxyProvider.java:<init>(115)) - Created block location fail-over proxy with 1 nodes: [nodeId=scmNodeId,nodeAddress=/0.0.0.0:15087]
OM initialization succeeded.Current cluster id for sd=/home/runner/work/ozone/ozone/hadoop-ozone/integration-test/target/test-dir/MiniOzoneClusterImpl-90660ac4-7e9c-448b-98ea-af4f808cf8d9/omNode-3/om;cid=90660ac4-7e9c-448b-98ea-af4f808cf8d9;layoutVersion=7
2024-09-17 10:41:01,618 [main] INFO  ha.OMHANodeDetails (OMHANodeDetails.java:loadOMHAConfig(121)) - ServiceID for OzoneManager is om-service-test1
2024-09-17 10:41:01,618 [main] INFO  ha.OMHANodeDetails (OMHANodeDetails.java:loadOMHAConfig(201)) - Found matching OM address with OMServiceId: om-service-test1, OMNodeId: omNode-3, RPC Address: localhost:15098 and Ratis port: 15101
2024-09-17 10:41:01,618 [main] INFO  ha.OMHANodeDetails (ConfUtils.java:setNodeSpecificConfigs(97)) - Setting configuration key ozone.om.http-address with value of key ozone.om.http-address.om-service-test1.omNode-3: 127.0.0.1:15099
2024-09-17 10:41:01,618 [main] INFO  ha.OMHANodeDetails (ConfUtils.java:setNodeSpecificConfigs(97)) - Setting configuration key ozone.om.https-address with value of key ozone.om.https-address.om-service-test1.omNode-3: 127.0.0.1:15100
2024-09-17 10:41:01,618 [main] INFO  ha.OMHANodeDetails (ConfUtils.java:setNodeSpecificConfigs(97)) - Setting configuration key ozone.om.address with value of key ozone.om.address.om-service-test1.omNode-3: 127.0.0.1:15098
2024-09-17 10:41:01,619 [main] WARN  server.ServerUtils (ServerUtils.java:getDBPath(299)) - ozone.om.db.dirs is not configured. We recommend adding this setting. Falling back to ozone.metadata.dirs instead.
2024-09-17 10:41:01,619 [main] INFO  upgrade.AbstractLayoutVersionManager (AbstractLayoutVersionManager.java:init(83)) - Initializing Layout version manager with metadata layout = HBASE_SUPPORT (version = 7), software layout = HBASE_SUPPORT (version = 7)
2024-09-17 10:41:01,662 [main] INFO  reflections.Reflections (Reflections.java:scan(219)) - Reflections took 42 ms to scan 2 urls, producing 188 keys and 552 values
2024-09-17 10:41:01,663 [main] INFO  upgrade.OMLayoutVersionManager (OMLayoutVersionManager.java:lambda$0(113)) - Skipping Upgrade Action QuotaRepairUpgradeAction since it has been finalized.
2024-09-17 10:41:01,663 [main] INFO  upgrade.OMLayoutVersionManager (OMLayoutVersionManager.java:lambda$0(113)) - Skipping Upgrade Action MockOmUpgradeAction since it has been finalized.
2024-09-17 10:41:01,664 [main] WARN  server.ServerUtils (ServerUtils.java:getDBPath(299)) - ozone.om.db.dirs is not configured. We recommend adding this setting. Falling back to ozone.metadata.dirs instead.
2024-09-17 10:41:01,665 [main] INFO  proxy.SCMBlockLocationFailoverProxyProvider (SCMBlockLocationFailoverProxyProvider.java:<init>(115)) - Created block location fail-over proxy with 1 nodes: [nodeId=scmNodeId,nodeAddress=/0.0.0.0:15087]
2024-09-17 10:41:01,666 [main] INFO  proxy.SCMBlockLocationFailoverProxyProvider (SCMBlockLocationFailoverProxyProvider.java:<init>(115)) - Created block location fail-over proxy with 1 nodes: [nodeId=scmNodeId,nodeAddress=/0.0.0.0:15087]
2024-09-17 10:41:01,671 [main] INFO  om.OzoneManager (OzoneManager.java:<init>(702)) - OM start with adminUsers: [runner]
2024-09-17 10:41:01,671 [main] WARN  server.ServerUtils (ServerUtils.java:getDBPath(299)) - ozone.om.db.dirs is not configured. We recommend adding this setting. Falling back to ozone.metadata.dirs instead.
2024-09-17 10:41:01,672 [main] INFO  helpers.OmKeyInfo (OmKeyInfo.java:getCodec(72)) - OmKeyInfo.getCodec ignorePipeline = true
2024-09-17 10:41:01,842 [main] INFO  om.OzoneManager (OzoneManager.java:instantiateServices(836)) - S3 Multi-Tenancy is disabled
2024-09-17 10:41:01,842 [main] INFO  om.OmSnapshotManager (OmSnapshotManager.java:<init>(182)) - Ozone filesystem snapshot feature is enabled.
2024-09-17 10:41:01,843 [main] WARN  server.ServerUtils (ServerUtils.java:getDBPath(299)) - ozone.om.snapshot.diff.db.dir is not configured. We recommend adding this setting. Falling back to ozone.metadata.dirs instead.
2024-09-17 10:41:01,884 [main] INFO  utils.NativeLibraryLoader (NativeLibraryLoader.java:loadLibrary(111)) - Loading Library: ozone_rocksdb_tools
2024-09-17 10:41:01,884 [main] ERROR snapshot.SnapshotDiffManager (SnapshotDiffManager.java:initNativeLibraryForEfficientDiff(287)) - Native Library for raw sst file reading loading failed.
org.apache.hadoop.hdds.utils.NativeLibraryNotLoadedException: Unable to load library ozone_rocksdb_tools from both java.library.path & resource file libozone_rocksdb_tools.so from jar.
	at org.apache.hadoop.hdds.utils.db.managed.ManagedRawSSTFileReader.loadLibrary(ManagedRawSSTFileReader.java:40)
	at org.apache.hadoop.ozone.om.snapshot.SnapshotDiffManager.initNativeLibraryForEfficientDiff(SnapshotDiffManager.java:285)
	at org.apache.hadoop.ozone.om.snapshot.SnapshotDiffManager.<init>(SnapshotDiffManager.java:259)
	at org.apache.hadoop.ozone.om.OmSnapshotManager.<init>(OmSnapshotManager.java:289)
	at org.apache.hadoop.ozone.om.OzoneManager.instantiateServices(OzoneManager.java:888)
	at org.apache.hadoop.ozone.om.OzoneManager.<init>(OzoneManager.java:712)
	at org.apache.hadoop.ozone.om.OzoneManager.createOm(OzoneManager.java:799)
	at org.apache.hadoop.ozone.MiniOzoneHAClusterImpl$Builder.createOMService(MiniOzoneHAClusterImpl.java:510)
	at org.apache.hadoop.ozone.MiniOzoneHAClusterImpl$Builder.build(MiniOzoneHAClusterImpl.java:425)
	at org.apache.hadoop.ozone.om.snapshot.TestSnapshotBackgroundServices.init(TestSnapshotBackgroundServices.java:162)
	at java.base/jdk.internal.reflect.NativeMethodAccessorImpl.invoke0(Native Method)
	at java.base/jdk.internal.reflect.NativeMethodAccessorImpl.invoke(NativeMethodAccessorImpl.java:77)
	at java.base/jdk.internal.reflect.DelegatingMethodAccessorImpl.invoke(DelegatingMethodAccessorImpl.java:43)
	at java.base/java.lang.reflect.Method.invoke(Method.java:569)
	at org.junit.platform.commons.util.ReflectionUtils.invokeMethod(ReflectionUtils.java:728)
	at org.junit.jupiter.engine.execution.MethodInvocation.proceed(MethodInvocation.java:60)
	at org.junit.jupiter.engine.execution.InvocationInterceptorChain$ValidatingInvocation.proceed(InvocationInterceptorChain.java:131)
	at org.junit.jupiter.engine.extension.TimeoutExtension.intercept(TimeoutExtension.java:156)
	at org.junit.jupiter.engine.extension.TimeoutExtension.interceptLifecycleMethod(TimeoutExtension.java:128)
	at org.junit.jupiter.engine.extension.TimeoutExtension.interceptBeforeEachMethod(TimeoutExtension.java:78)
	at org.junit.jupiter.engine.execution.InterceptingExecutableInvoker$ReflectiveInterceptorCall.lambda$ofVoidMethod$0(InterceptingExecutableInvoker.java:103)
	at org.junit.jupiter.engine.execution.InterceptingExecutableInvoker.lambda$invoke$0(InterceptingExecutableInvoker.java:93)
	at org.junit.jupiter.engine.execution.InvocationInterceptorChain$InterceptedInvocation.proceed(InvocationInterceptorChain.java:106)
	at org.junit.jupiter.engine.execution.InvocationInterceptorChain.proceed(InvocationInterceptorChain.java:64)
	at org.junit.jupiter.engine.execution.InvocationInterceptorChain.chainAndInvoke(InvocationInterceptorChain.java:45)
	at org.junit.jupiter.engine.execution.InvocationInterceptorChain.invoke(InvocationInterceptorChain.java:37)
	at org.junit.jupiter.engine.execution.InterceptingExecutableInvoker.invoke(InterceptingExecutableInvoker.java:92)
	at org.junit.jupiter.engine.execution.InterceptingExecutableInvoker.invoke(InterceptingExecutableInvoker.java:86)
	at org.junit.jupiter.engine.descriptor.ClassBasedTestDescriptor.invokeMethodInExtensionContext(ClassBasedTestDescriptor.java:521)
	at org.junit.jupiter.engine.descriptor.ClassBasedTestDescriptor.lambda$synthesizeBeforeEachMethodAdapter$23(ClassBasedTestDescriptor.java:506)
	at org.junit.jupiter.engine.descriptor.TestMethodTestDescriptor.lambda$invokeBeforeEachMethods$3(TestMethodTestDescriptor.java:175)
	at org.junit.jupiter.engine.descriptor.TestMethodTestDescriptor.lambda$invokeBeforeMethodsOrCallbacksUntilExceptionOccurs$6(TestMethodTestDescriptor.java:203)
	at org.junit.platform.engine.support.hierarchical.ThrowableCollector.execute(ThrowableCollector.java:73)
	at org.junit.jupiter.engine.descriptor.TestMethodTestDescriptor.invokeBeforeMethodsOrCallbacksUntilExceptionOccurs(TestMethodTestDescriptor.java:203)
	at org.junit.jupiter.engine.descriptor.TestMethodTestDescriptor.invokeBeforeEachMethods(TestMethodTestDescriptor.java:172)
	at org.junit.jupiter.engine.descriptor.TestMethodTestDescriptor.execute(TestMethodTestDescriptor.java:135)
	at org.junit.jupiter.engine.descriptor.TestMethodTestDescriptor.execute(TestMethodTestDescriptor.java:69)
	at org.junit.platform.engine.support.hierarchical.NodeTestTask.lambda$executeRecursively$6(NodeTestTask.java:151)
	at org.junit.platform.engine.support.hierarchical.ThrowableCollector.execute(ThrowableCollector.java:73)
	at org.junit.platform.engine.support.hierarchical.NodeTestTask.lambda$executeRecursively$8(NodeTestTask.java:141)
	at org.junit.platform.engine.support.hierarchical.Node.around(Node.java:137)
	at org.junit.platform.engine.support.hierarchical.NodeTestTask.lambda$executeRecursively$9(NodeTestTask.java:139)
	at org.junit.platform.engine.support.hierarchical.ThrowableCollector.execute(ThrowableCollector.java:73)
	at org.junit.platform.engine.support.hierarchical.NodeTestTask.executeRecursively(NodeTestTask.java:138)
	at org.junit.platform.engine.support.hierarchical.NodeTestTask.execute(NodeTestTask.java:95)
	at java.base/java.util.ArrayList.forEach(ArrayList.java:1511)
	at org.junit.platform.engine.support.hierarchical.SameThreadHierarchicalTestExecutorService.invokeAll(SameThreadHierarchicalTestExecutorService.java:41)
	at org.junit.platform.engine.support.hierarchical.NodeTestTask.lambda$executeRecursively$6(NodeTestTask.java:155)
	at org.junit.platform.engine.support.hierarchical.ThrowableCollector.execute(ThrowableCollector.java:73)
	at org.junit.platform.engine.support.hierarchical.NodeTestTask.lambda$executeRecursively$8(NodeTestTask.java:141)
	at org.junit.platform.engine.support.hierarchical.Node.around(Node.java:137)
	at org.junit.platform.engine.support.hierarchical.NodeTestTask.lambda$executeRecursively$9(NodeTestTask.java:139)
	at org.junit.platform.engine.support.hierarchical.ThrowableCollector.execute(ThrowableCollector.java:73)
	at org.junit.platform.engine.support.hierarchical.NodeTestTask.executeRecursively(NodeTestTask.java:138)
	at org.junit.platform.engine.support.hierarchical.NodeTestTask.execute(NodeTestTask.java:95)
	at java.base/java.util.ArrayList.forEach(ArrayList.java:1511)
	at org.junit.platform.engine.support.hierarchical.SameThreadHierarchicalTestExecutorService.invokeAll(SameThreadHierarchicalTestExecutorService.java:41)
	at org.junit.platform.engine.support.hierarchical.NodeTestTask.lambda$executeRecursively$6(NodeTestTask.java:155)
	at org.junit.platform.engine.support.hierarchical.ThrowableCollector.execute(ThrowableCollector.java:73)
	at org.junit.platform.engine.support.hierarchical.NodeTestTask.lambda$executeRecursively$8(NodeTestTask.java:141)
	at org.junit.platform.engine.support.hierarchical.Node.around(Node.java:137)
	at org.junit.platform.engine.support.hierarchical.NodeTestTask.lambda$executeRecursively$9(NodeTestTask.java:139)
	at org.junit.platform.engine.support.hierarchical.ThrowableCollector.execute(ThrowableCollector.java:73)
	at org.junit.platform.engine.support.hierarchical.NodeTestTask.executeRecursively(NodeTestTask.java:138)
	at org.junit.platform.engine.support.hierarchical.NodeTestTask.execute(NodeTestTask.java:95)
	at org.junit.platform.engine.support.hierarchical.SameThreadHierarchicalTestExecutorService.submit(SameThreadHierarchicalTestExecutorService.java:35)
	at org.junit.platform.engine.support.hierarchical.HierarchicalTestExecutor.execute(HierarchicalTestExecutor.java:57)
	at org.junit.platform.engine.support.hierarchical.HierarchicalTestEngine.execute(HierarchicalTestEngine.java:54)
	at org.junit.platform.launcher.core.EngineExecutionOrchestrator.execute(EngineExecutionOrchestrator.java:198)
	at org.junit.platform.launcher.core.EngineExecutionOrchestrator.execute(EngineExecutionOrchestrator.java:169)
	at org.junit.platform.launcher.core.EngineExecutionOrchestrator.execute(EngineExecutionOrchestrator.java:93)
	at org.junit.platform.launcher.core.EngineExecutionOrchestrator.lambda$execute$0(EngineExecutionOrchestrator.java:58)
	at org.junit.platform.launcher.core.EngineExecutionOrchestrator.withInterceptedStreams(EngineExecutionOrchestrator.java:141)
	at org.junit.platform.launcher.core.EngineExecutionOrchestrator.execute(EngineExecutionOrchestrator.java:57)
	at org.junit.platform.launcher.core.DefaultLauncher.execute(DefaultLauncher.java:103)
	at org.junit.platform.launcher.core.DefaultLauncher.execute(DefaultLauncher.java:85)
	at org.junit.platform.launcher.core.DelegatingLauncher.execute(DelegatingLauncher.java:47)
	at org.junit.platform.launcher.core.SessionPerRequestLauncher.execute(SessionPerRequestLauncher.java:63)
	at org.apache.maven.surefire.junitplatform.JUnitPlatformProvider.invokeAllTests(JUnitPlatformProvider.java:154)
	at org.apache.maven.surefire.junitplatform.JUnitPlatformProvider.invoke(JUnitPlatformProvider.java:123)
	at org.apache.maven.surefire.booter.ForkedBooter.runSuitesInProcess(ForkedBooter.java:377)
	at org.apache.maven.surefire.booter.ForkedBooter.execute(ForkedBooter.java:138)
	at org.apache.maven.surefire.booter.ForkedBooter.run(ForkedBooter.java:465)
	at org.apache.maven.surefire.booter.ForkedBooter.main(ForkedBooter.java:451)
2024-09-17 10:41:01,886 [main] INFO  om.OzoneManager (OzoneManager.java:addS3GVolumeToDB(4557)) - Created Volume s3v With Owner runner required for S3Gateway operations.
2024-09-17 10:41:01,886 [main] WARN  server.ServerUtils (ServerUtils.java:getDefaultRatisDirectory(311)) - Storage directory for Ratis is not configured. It is a good idea to map this to an SSD disk. Falling back to ozone.metadata.dirs
2024-09-17 10:41:01,886 [main] WARN  utils.OzoneManagerRatisUtils (OzoneManagerRatisUtils.java:getOMRatisSnapshotDirectory(481)) - ozone.om.ratis.snapshot.dir is not configured. Falling back to ozone.metadata.dirs config
2024-09-17 10:41:01,887 [main] INFO  utils.RDBSnapshotProvider (RDBSnapshotProvider.java:init(87)) - Cleaning up the candidate dir: /home/runner/work/ozone/ozone/hadoop-ozone/integration-test/target/test-dir/MiniOzoneClusterImpl-90660ac4-7e9c-448b-98ea-af4f808cf8d9/omNode-3/snapshot/om.db.candidate
2024-09-17 10:41:01,887 [main] INFO  ratis_snapshot.OmRatisSnapshotProvider (OmRatisSnapshotProvider.java:<init>(99)) - Initializing OM Snapshot Provider
2024-09-17 10:41:01,888 [main] WARN  dropwizard3.Dm3MetricRegistriesImpl (Dm3MetricRegistriesImpl.java:addReporterRegistration(114)) - New reporters are added after registries were created. Some metrics will be missing from the reporter. Please add reporter before adding any new registry.
2024-09-17 10:41:01,888 [main] WARN  dropwizard3.Dm3MetricRegistriesImpl (Dm3MetricRegistriesImpl.java:addReporterRegistration(114)) - New reporters are added after registries were created. Some metrics will be missing from the reporter. Please add reporter before adding any new registry.
2024-09-17 10:41:01,888 [main] WARN  server.ServerUtils (ServerUtils.java:getDefaultRatisDirectory(311)) - Storage directory for Ratis is not configured. It is a good idea to map this to an SSD disk. Falling back to ozone.metadata.dirs
2024-09-17 10:41:01,888 [main] INFO  server.RaftServerConfigKeys (ConfUtils.java:logGet(46)) - raft.server.log.appender.buffer.byte-limit = 4194304 (custom)
2024-09-17 10:41:01,889 [main] INFO  ratis.OzoneManagerRatisServer (OzoneManagerRatisServer.java:<init>(169)) - Instantiating OM Ratis server with groupID: om-service-test1 and peers: localhost:15101, localhost:15093, localhost:15097
2024-09-17 10:41:01,889 [main] INFO  ratis.OzoneManagerStateMachine (OzoneManagerStateMachine.java:loadSnapshotInfoFromDB(593)) - TransactionInfo not found in OM DB.
2024-09-17 10:41:01,889 [main] INFO  server.RaftServer (ConfUtils.java:logGet(46)) - raft.rpc.type = GRPC (default)
2024-09-17 10:41:01,890 [main] INFO  grpc.GrpcConfigKeys (ConfUtils.java:logFallback(53)) - raft.grpc.admin.host = null (fallback to raft.grpc.server.host)
2024-09-17 10:41:01,890 [main] INFO  grpc.GrpcConfigKeys (ConfUtils.java:logFallback(53)) - raft.grpc.admin.port = 15101 (fallback to raft.grpc.server.port)
2024-09-17 10:41:01,890 [main] INFO  grpc.GrpcConfigKeys (ConfUtils.java:logFallback(53)) - raft.grpc.client.host = null (fallback to raft.grpc.server.host)
2024-09-17 10:41:01,890 [main] INFO  grpc.GrpcConfigKeys (ConfUtils.java:logFallback(53)) - raft.grpc.client.port = 15101 (fallback to raft.grpc.server.port)
2024-09-17 10:41:01,890 [main] INFO  grpc.GrpcConfigKeys (ConfUtils.java:logGet(46)) - raft.grpc.server.host = null (default)
2024-09-17 10:41:01,890 [main] INFO  grpc.GrpcConfigKeys (ConfUtils.java:logGet(46)) - raft.grpc.server.port = 15101 (custom)
2024-09-17 10:41:01,890 [main] INFO  server.GrpcService (ConfUtils.java:logGet(46)) - raft.grpc.message.size.max = 5242880 (custom)
2024-09-17 10:41:01,890 [main] INFO  server.RaftServerConfigKeys (ConfUtils.java:logGet(46)) - raft.server.log.appender.buffer.byte-limit = 4194304 (custom)
2024-09-17 10:41:01,890 [main] INFO  server.GrpcService (ConfUtils.java:logGet(46)) - raft.grpc.flow.control.window = 1MB (=1048576) (default)
2024-09-17 10:41:01,891 [main] INFO  server.RaftServerConfigKeys (ConfUtils.java:logGet(46)) - raft.server.rpc.request.timeout = 3000ms (default)
2024-09-17 10:41:01,891 [main] INFO  grpc.GrpcConfigKeys (ConfUtils.java:logGet(46)) - raft.grpc.server.heartbeat.channel = true (default)
2024-09-17 10:41:01,891 [main] INFO  grpc.GrpcConfigKeys (ConfUtils.java:logGet(46)) - raft.grpc.server.async.request.thread.pool.cached = true (default)
2024-09-17 10:41:01,891 [main] INFO  grpc.GrpcConfigKeys (ConfUtils.java:logGet(46)) - raft.grpc.server.async.request.thread.pool.size = 32 (default)
2024-09-17 10:41:01,891 [main] INFO  impl.DataStreamServerImpl (ConfUtils.java:logGet(46)) - raft.datastream.type = DISABLED (default)
2024-09-17 10:41:01,892 [main] INFO  server.RaftServerConfigKeys (ConfUtils.java:logGet(46)) - raft.server.sleep.deviation.threshold = 300ms (default)
2024-09-17 10:41:01,892 [main] INFO  server.RaftServerConfigKeys (ConfUtils.java:logGet(46)) - raft.server.close.threshold = 60s (default)
2024-09-17 10:41:01,892 [main] INFO  server.RaftServerConfigKeys (ConfUtils.java:logGet(46)) - raft.server.leaderelection.leader.step-down.wait-time = 10s (default)
2024-09-17 10:41:01,892 [main] INFO  server.RaftServerConfigKeys (ConfUtils.java:logGet(46)) - raft.server.storage.dir = [/home/runner/work/ozone/ozone/hadoop-ozone/integration-test/target/test-dir/MiniOzoneClusterImpl-90660ac4-7e9c-448b-98ea-af4f808cf8d9/omNode-3/ratis] (custom)
2024-09-17 10:41:01,892 [main] INFO  server.RaftServerConfigKeys (ConfUtils.java:logGet(46)) - raft.server.threadpool.proxy.cached = true (default)
2024-09-17 10:41:01,892 [main] INFO  server.RaftServerConfigKeys (ConfUtils.java:logGet(46)) - raft.server.threadpool.proxy.size = 0 (default)
2024-09-17 10:41:01,893 [main] INFO  server.RaftServer (RaftServerProxy.java:addNew(101)) - omNode-3: addNew group-523986131536:[omNode-3|localhost:15101, omNode-1|localhost:15093, omNode-2|localhost:15097] returns group-523986131536:java.util.concurrent.CompletableFuture@637024a5[Not completed]
2024-09-17 10:41:01,893 [main] INFO  om.OzoneManager (OzoneManager.java:initializeRatisServer(2205)) - OzoneManager Ratis server initialized at port 15101
2024-09-17 10:41:01,893 [main] INFO  om.OzoneManager (OzoneManager.java:getRpcServer(1252)) - Creating RPC Server
2024-09-17 10:41:01,893 [omNode-3-groupManagement] INFO  server.RaftServer$Division (RaftServerImpl.java:<init>(253)) - omNode-3: new RaftServerImpl for group-523986131536:[omNode-3|localhost:15101, omNode-1|localhost:15093, omNode-2|localhost:15097] with OzoneManagerStateMachine:uninitialized
2024-09-17 10:41:01,905 [omNode-3-groupManagement] INFO  server.RaftServerConfigKeys (ConfUtils.java:logGet(46)) - raft.server.rpc.timeout.min = 1s (custom)
2024-09-17 10:41:01,905 [omNode-3-groupManagement] INFO  server.RaftServerConfigKeys (ConfUtils.java:logGet(46)) - raft.server.rpc.timeout.max = 1200ms (custom)
2024-09-17 10:41:01,905 [omNode-3-groupManagement] INFO  server.RaftServerConfigKeys (ConfUtils.java:logGet(46)) - raft.server.rpc.sleep.time = 25ms (default)
2024-09-17 10:41:01,905 [omNode-3-groupManagement] INFO  server.RaftServerConfigKeys (ConfUtils.java:logGet(46)) - raft.server.rpc.slowness.timeout = 2s (custom)
2024-09-17 10:41:01,905 [omNode-3-groupManagement] INFO  server.RaftServerConfigKeys (ConfUtils.java:logGet(46)) - raft.server.leaderelection.leader.step-down.wait-time = 10s (default)
2024-09-17 10:41:01,905 [omNode-3-groupManagement] INFO  server.RaftServerConfigKeys (ConfUtils.java:logGet(46)) - raft.server.leaderelection.member.majority-add = false (default)
2024-09-17 10:41:01,906 [omNode-3-groupManagement] INFO  server.RaftServerConfigKeys (ConfUtils.java:logGet(46)) - raft.server.sleep.deviation.threshold = 300ms (default)
2024-09-17 10:41:01,906 [omNode-3-groupManagement] INFO  server.RaftServer$Division (ServerState.java:<init>(114)) - omNode-3@group-523986131536: ConfigurationManager, init=conf: {index: -1, cur=peers:[omNode-3|localhost:15101, omNode-1|localhost:15093, omNode-2|localhost:15097]|listeners:[], old=null}, confs=<EMPTY_MAP>
2024-09-17 10:41:01,906 [omNode-3-groupManagement] INFO  server.RaftServerConfigKeys (ConfUtils.java:logGet(46)) - raft.server.notification.no-leader.timeout = 2s (custom)
2024-09-17 10:41:01,906 [omNode-3-groupManagement] INFO  server.RaftServerConfigKeys (ConfUtils.java:logGet(46)) - raft.server.read.timeout = 10s (default)
2024-09-17 10:41:01,906 [omNode-3-groupManagement] INFO  server.RaftServerConfigKeys (ConfUtils.java:logGet(46)) - raft.server.retrycache.expirytime = 300000ms (custom)
2024-09-17 10:41:01,906 [omNode-3-groupManagement] INFO  server.RaftServerConfigKeys (ConfUtils.java:logGet(46)) - raft.server.retrycache.statistics.expirytime = 100ms (default)
2024-09-17 10:41:01,906 [omNode-3-groupManagement] INFO  server.RaftServerConfigKeys (ConfUtils.java:logGet(46)) - raft.server.read.option = DEFAULT (default)
2024-09-17 10:41:01,906 [omNode-3-groupManagement] INFO  server.RaftServerConfigKeys (ConfUtils.java:logGet(46)) - raft.server.read.read-after-write-consistent.write-index-cache.expiry-time = 60s (default)
2024-09-17 10:41:01,908 [omNode-3-groupManagement] INFO  server.RaftServerConfigKeys (ConfUtils.java:logGet(46)) - raft.server.rpc.request.timeout = 3000ms (default)
2024-09-17 10:41:01,908 [omNode-3-groupManagement] INFO  server.RaftServerConfigKeys (ConfUtils.java:logGet(46)) - raft.server.log.appender.install.snapshot.enabled = false (custom)
2024-09-17 10:41:01,908 [omNode-3-groupManagement] INFO  server.RaftServerConfigKeys (ConfUtils.java:logGet(46)) - raft.server.threadpool.server.cached = true (default)
2024-09-17 10:41:01,908 [omNode-3-groupManagement] INFO  server.RaftServerConfigKeys (ConfUtils.java:logGet(46)) - raft.server.threadpool.server.size = 0 (default)
2024-09-17 10:41:01,908 [omNode-3-groupManagement] INFO  server.RaftServerConfigKeys (ConfUtils.java:logGet(46)) - raft.server.threadpool.client.cached = true (default)
2024-09-17 10:41:01,908 [omNode-3-groupManagement] INFO  server.RaftServerConfigKeys (ConfUtils.java:logGet(46)) - raft.server.threadpool.client.size = 0 (default)
2024-09-17 10:41:02,066 [omNode-1@group-523986131536-FollowerState] INFO  impl.FollowerState (FollowerState.java:run(144)) - omNode-1@group-523986131536-FollowerState: change to CANDIDATE, lastRpcElapsedTime:1062981120ns, electionTimeout:1062ms
2024-09-17 10:41:02,066 [omNode-1@group-523986131536-FollowerState] INFO  impl.RoleInfo (RoleInfo.java:shutdownFollowerState(119)) - omNode-1: shutdown omNode-1@group-523986131536-FollowerState
2024-09-17 10:41:02,066 [omNode-1@group-523986131536-FollowerState] INFO  server.RaftServer$Division (RaftServerImpl.java:setRole(376)) - omNode-1@group-523986131536: changes role from  FOLLOWER to CANDIDATE at term 0 for changeToCandidate
2024-09-17 10:41:02,066 [omNode-1@group-523986131536-FollowerState] INFO  server.RaftServerConfigKeys (ConfUtils.java:logGet(46)) - raft.server.leaderelection.pre-vote = true (default)
2024-09-17 10:41:02,066 [omNode-1@group-523986131536-FollowerState] INFO  impl.RoleInfo (RoleInfo.java:updateAndGet(148)) - omNode-1: start omNode-1@group-523986131536-LeaderElection28
2024-09-17 10:41:02,067 [omNode-1@group-523986131536-LeaderElection28] INFO  impl.LeaderElection (LeaderElection.java:askForVotes(321)) - omNode-1@group-523986131536-LeaderElection28 PRE_VOTE round 0: submit vote requests at term 0 for conf: {index: -1, cur=peers:[omNode-3|localhost:15101, omNode-1|localhost:15093, omNode-2|localhost:15097]|listeners:[], old=null}
2024-09-17 10:41:02,067 [omNode-1@group-523986131536-LeaderElection28-1] INFO  server.GrpcServerProtocolClient (GrpcServerProtocolClient.java:<init>(65)) - Build channel for omNode-3|localhost:15101
2024-09-17 10:41:02,067 [omNode-1@group-523986131536-LeaderElection28] INFO  server.RaftServerConfigKeys (ConfUtils.java:logFallback(53)) - raft.server.rpc.first-election.timeout.min = 1s (fallback to raft.server.rpc.timeout.min)
2024-09-17 10:41:02,068 [omNode-1@group-523986131536-LeaderElection28] INFO  server.RaftServerConfigKeys (ConfUtils.java:logFallback(53)) - raft.server.rpc.first-election.timeout.max = 1200ms (fallback to raft.server.rpc.timeout.max)
2024-09-17 10:41:02,068 [omNode-1@group-523986131536-LeaderElection28-2] INFO  server.GrpcServerProtocolClient (GrpcServerProtocolClient.java:<init>(65)) - Build channel for omNode-2|localhost:15097
2024-09-17 10:41:02,075 [omNode-1@group-523986131536-LeaderElection28] INFO  impl.LeaderElection (LogUtils.java:infoOrTrace(136)) - omNode-1@group-523986131536-LeaderElection28 got exception when requesting votes: java.util.concurrent.ExecutionException: org.apache.ratis.thirdparty.io.grpc.StatusRuntimeException: UNAVAILABLE: io exception
2024-09-17 10:41:02,082 [grpc-default-executor-1] INFO  server.RaftServer$Division (RaftServerImpl.java:requestVote(1416)) - omNode-2@group-523986131536: receive requestVote(PRE_VOTE, omNode-1, group-523986131536, 0, (t:0, i:~))
2024-09-17 10:41:02,082 [grpc-default-executor-1] INFO  impl.VoteContext (VoteContext.java:log(49)) - omNode-2@group-523986131536-FOLLOWER: accept PRE_VOTE from omNode-1: our priority 0 <= candidate's priority 0
2024-09-17 10:41:02,082 [grpc-default-executor-1] INFO  server.RaftServer$Division (RaftServerImpl.java:requestVote(1449)) - omNode-2@group-523986131536 replies to PRE_VOTE vote request: omNode-1<-omNode-2#0:OK-t0. Peer's state: omNode-2@group-523986131536:t0, leader=null, voted=, raftlog=Memoized:omNode-2@group-523986131536-SegmentedRaftLog:OPENED:c-1:lastnull, conf=conf: {index: -1, cur=peers:[omNode-3|localhost:15101, omNode-1|localhost:15093, omNode-2|localhost:15097]|listeners:[], old=null}
2024-09-17 10:41:02,083 [omNode-1@group-523986131536-LeaderElection28] INFO  impl.LeaderElection (LeaderElection.java:logAndReturn(89)) - omNode-1@group-523986131536-LeaderElection28: PRE_VOTE PASSED received 1 response(s) and 1 exception(s):
2024-09-17 10:41:02,084 [omNode-1@group-523986131536-LeaderElection28] INFO  impl.LeaderElection (LeaderElection.java:logAndReturn(93)) -   Response 0: omNode-1<-omNode-2#0:OK-t0
2024-09-17 10:41:02,084 [omNode-1@group-523986131536-LeaderElection28] INFO  impl.LeaderElection (LogUtils.java:infoOrTrace(136)) -   Exception 1: java.util.concurrent.ExecutionException: org.apache.ratis.thirdparty.io.grpc.StatusRuntimeException: UNAVAILABLE: io exception
2024-09-17 10:41:02,084 [omNode-1@group-523986131536-LeaderElection28] INFO  impl.LeaderElection (LeaderElection.java:askForVotes(323)) - omNode-1@group-523986131536-LeaderElection28 PRE_VOTE round 0: result PASSED
2024-09-17 10:41:02,085 [omNode-1@group-523986131536-LeaderElection28] INFO  impl.LeaderElection (LeaderElection.java:askForVotes(321)) - omNode-1@group-523986131536-LeaderElection28 ELECTION round 0: submit vote requests at term 1 for conf: {index: -1, cur=peers:[omNode-3|localhost:15101, omNode-1|localhost:15093, omNode-2|localhost:15097]|listeners:[], old=null}
2024-09-17 10:41:02,086 [omNode-1@group-523986131536-LeaderElection28] INFO  server.RaftServerConfigKeys (ConfUtils.java:logFallback(53)) - raft.server.rpc.first-election.timeout.min = 1s (fallback to raft.server.rpc.timeout.min)
2024-09-17 10:41:02,086 [omNode-1@group-523986131536-LeaderElection28] INFO  server.RaftServerConfigKeys (ConfUtils.java:logFallback(53)) - raft.server.rpc.first-election.timeout.max = 1200ms (fallback to raft.server.rpc.timeout.max)
2024-09-17 10:41:02,086 [omNode-1@group-523986131536-LeaderElection28] INFO  impl.LeaderElection (LogUtils.java:infoOrTrace(136)) - omNode-1@group-523986131536-LeaderElection28 got exception when requesting votes: java.util.concurrent.ExecutionException: org.apache.ratis.thirdparty.io.grpc.StatusRuntimeException: UNAVAILABLE: io exception
2024-09-17 10:41:02,088 [grpc-default-executor-1] INFO  server.RaftServer$Division (RaftServerImpl.java:requestVote(1416)) - omNode-2@group-523986131536: receive requestVote(ELECTION, omNode-1, group-523986131536, 1, (t:0, i:~))
2024-09-17 10:41:02,088 [grpc-default-executor-1] INFO  impl.VoteContext (VoteContext.java:log(49)) - omNode-2@group-523986131536-FOLLOWER: accept ELECTION from omNode-1: our priority 0 <= candidate's priority 0
2024-09-17 10:41:02,088 [grpc-default-executor-1] INFO  server.RaftServer$Division (RaftServerImpl.java:setRole(376)) - omNode-2@group-523986131536: changes role from  FOLLOWER to FOLLOWER at term 1 for candidate:omNode-1
2024-09-17 10:41:02,088 [grpc-default-executor-1] INFO  impl.RoleInfo (RoleInfo.java:shutdownFollowerState(119)) - omNode-2: shutdown omNode-2@group-523986131536-FollowerState
2024-09-17 10:41:02,088 [grpc-default-executor-1] INFO  impl.RoleInfo (RoleInfo.java:updateAndGet(148)) - omNode-2: start omNode-2@group-523986131536-FollowerState
2024-09-17 10:41:02,088 [grpc-default-executor-1] INFO  server.RaftServer$Division (RaftServerImpl.java:setFirstElection(549)) - omNode-2@group-523986131536: set firstElectionSinceStartup to false for candidate:omNode-1
2024-09-17 10:41:02,088 [omNode-2@group-523986131536-FollowerState] INFO  impl.FollowerState (FollowerState.java:run(153)) - omNode-2@group-523986131536-FollowerState was interrupted
2024-09-17 10:41:02,090 [grpc-default-executor-1] INFO  server.RaftServer$Division (RaftServerImpl.java:requestVote(1449)) - omNode-2@group-523986131536 replies to ELECTION vote request: omNode-1<-omNode-2#0:OK-t1. Peer's state: omNode-2@group-523986131536:t1, leader=null, voted=omNode-1, raftlog=Memoized:omNode-2@group-523986131536-SegmentedRaftLog:OPENED:c-1:lastnull, conf=conf: {index: -1, cur=peers:[omNode-3|localhost:15101, omNode-1|localhost:15093, omNode-2|localhost:15097]|listeners:[], old=null}
2024-09-17 10:41:02,091 [omNode-1@group-523986131536-LeaderElection28] INFO  impl.LeaderElection (LeaderElection.java:logAndReturn(89)) - omNode-1@group-523986131536-LeaderElection28: ELECTION PASSED received 1 response(s) and 1 exception(s):
2024-09-17 10:41:02,091 [omNode-1@group-523986131536-LeaderElection28] INFO  impl.LeaderElection (LeaderElection.java:logAndReturn(93)) -   Response 0: omNode-1<-omNode-2#0:OK-t1
2024-09-17 10:41:02,091 [omNode-1@group-523986131536-LeaderElection28] INFO  impl.LeaderElection (LogUtils.java:infoOrTrace(136)) -   Exception 1: java.util.concurrent.ExecutionException: org.apache.ratis.thirdparty.io.grpc.StatusRuntimeException: UNAVAILABLE: io exception
2024-09-17 10:41:02,091 [omNode-1@group-523986131536-LeaderElection28] INFO  impl.LeaderElection (LeaderElection.java:askForVotes(323)) - omNode-1@group-523986131536-LeaderElection28 ELECTION round 0: result PASSED
2024-09-17 10:41:02,091 [omNode-1@group-523986131536-LeaderElection28] INFO  impl.RoleInfo (RoleInfo.java:shutdownLeaderElection(139)) - omNode-1: shutdown omNode-1@group-523986131536-LeaderElection28
2024-09-17 10:41:02,091 [omNode-1@group-523986131536-LeaderElection28] INFO  server.RaftServer$Division (RaftServerImpl.java:setRole(376)) - omNode-1@group-523986131536: changes role from CANDIDATE to LEADER at term 1 for changeToLeader
2024-09-17 10:41:02,091 [omNode-1@group-523986131536-LeaderElection28] INFO  server.RaftServerConfigKeys (ConfUtils.java:logGet(46)) - raft.server.staging.catchup.gap = 1000 (default)
2024-09-17 10:41:02,091 [omNode-1@group-523986131536-LeaderElection28] INFO  server.RaftServerConfigKeys (ConfUtils.java:logGet(46)) - raft.server.write.element-limit = 4096 (default)
2024-09-17 10:41:02,091 [omNode-1@group-523986131536-LeaderElection28] INFO  server.RaftServerConfigKeys (ConfUtils.java:logGet(46)) - raft.server.write.byte-limit = 64MB (=67108864) (default)
2024-09-17 10:41:02,092 [omNode-1@group-523986131536-LeaderElection28] INFO  server.RaftServerConfigKeys (ConfUtils.java:logGet(46)) - raft.server.watch.timeout = 10s (default)
2024-09-17 10:41:02,092 [omNode-1@group-523986131536-LeaderElection28] INFO  server.RaftServerConfigKeys (ConfUtils.java:logGet(46)) - raft.server.watch.timeout.denomination = 1s (default)
2024-09-17 10:41:02,092 [omNode-1@group-523986131536-LeaderElection28] INFO  server.RaftServerConfigKeys (ConfUtils.java:logGet(46)) - raft.server.watch.element-limit = 65536 (default)
2024-09-17 10:41:02,092 [omNode-1@group-523986131536-LeaderElection28] INFO  server.RaftServerConfigKeys (ConfUtils.java:logGet(46)) - raft.server.read.leader.lease.enabled = false (default)
2024-09-17 10:41:02,092 [omNode-1@group-523986131536-LeaderElection28] INFO  server.RaftServerConfigKeys (ConfUtils.java:logGet(46)) - raft.server.read.leader.lease.timeout.ratio = 0.9 (default)
2024-09-17 10:41:02,092 [omNode-1@group-523986131536-LeaderElection28] INFO  server.RaftServerConfigKeys (ConfUtils.java:logGet(46)) - raft.server.rpc.timeout.min = 1s (custom)
2024-09-17 10:41:02,092 [omNode-1@group-523986131536-LeaderElection28] INFO  server.RaftServerConfigKeys (ConfUtils.java:logGet(46)) - raft.server.log.log-metadata.enabled = true (default)
2024-09-17 10:41:02,092 [omNode-1@group-523986131536-LeaderElection28] INFO  server.RaftServerConfigKeys (ConfUtils.java:logGet(46)) - raft.server.write.element-limit = 4096 (default)
2024-09-17 10:41:02,092 [omNode-1@group-523986131536-LeaderElection28] INFO  server.RaftServerConfigKeys (ConfUtils.java:logGet(46)) - raft.server.write.follower.gap.ratio.max = -1.0 (default)
2024-09-17 10:41:02,092 [omNode-1@group-523986131536-LeaderElection28] INFO  server.RaftServerConfigKeys (ConfUtils.java:logGet(46)) - raft.server.log.appender.snapshot.chunk.size.max = 16MB (=16777216) (default)
2024-09-17 10:41:02,092 [omNode-1@group-523986131536-LeaderElection28] INFO  server.RaftServerConfigKeys (ConfUtils.java:logGet(46)) - raft.server.log.appender.buffer.byte-limit = 4194304 (custom)
2024-09-17 10:41:02,092 [omNode-1@group-523986131536-LeaderElection28] INFO  server.RaftServerConfigKeys (ConfUtils.java:logGet(46)) - raft.server.log.appender.buffer.element-limit = 1024 (custom)
2024-09-17 10:41:02,092 [omNode-1@group-523986131536-LeaderElection28] INFO  server.RaftServerConfigKeys (ConfUtils.java:logGet(46)) - raft.server.log.appender.wait-time.min = 10ms (custom)
2024-09-17 10:41:02,093 [omNode-1@group-523986131536-LeaderElection28] INFO  grpc.GrpcConfigKeys (ConfUtils.java:logGet(46)) - raft.grpc.server.leader.outstanding.appends.max = 8 (default)
2024-09-17 10:41:02,093 [omNode-1@group-523986131536-LeaderElection28] INFO  server.RaftServerConfigKeys (ConfUtils.java:logGet(46)) - raft.server.rpc.request.timeout = 3000ms (default)
2024-09-17 10:41:02,093 [omNode-1@group-523986131536-LeaderElection28] INFO  grpc.GrpcConfigKeys (ConfUtils.java:logGet(46)) - raft.grpc.server.install_snapshot.request.element-limit = 8 (default)
2024-09-17 10:41:02,093 [omNode-1@group-523986131536-LeaderElection28] INFO  grpc.GrpcConfigKeys (ConfUtils.java:logGet(46)) - raft.grpc.server.install_snapshot.request.timeout = 3000ms (default)
2024-09-17 10:41:02,093 [omNode-1@group-523986131536-LeaderElection28] INFO  grpc.GrpcConfigKeys (ConfUtils.java:logGet(46)) - raft.grpc.server.log-message.batch.duration = 5s (default)
2024-09-17 10:41:02,093 [omNode-1@group-523986131536-LeaderElection28] INFO  server.RaftServerConfigKeys (ConfUtils.java:logGet(46)) - raft.server.log.appender.install.snapshot.enabled = false (custom)
2024-09-17 10:41:02,093 [omNode-1@group-523986131536-LeaderElection28] INFO  grpc.GrpcConfigKeys (ConfUtils.java:logGet(46)) - raft.grpc.server.heartbeat.channel = true (default)
2024-09-17 10:41:02,093 [omNode-1@group-523986131536-LeaderElection28] INFO  server.RaftServerConfigKeys (ConfUtils.java:logGet(46)) - raft.server.log.appender.snapshot.chunk.size.max = 16MB (=16777216) (default)
2024-09-17 10:41:02,093 [omNode-1@group-523986131536-LeaderElection28] INFO  server.RaftServerConfigKeys (ConfUtils.java:logGet(46)) - raft.server.log.appender.buffer.byte-limit = 4194304 (custom)
2024-09-17 10:41:02,093 [omNode-1@group-523986131536-LeaderElection28] INFO  server.RaftServerConfigKeys (ConfUtils.java:logGet(46)) - raft.server.log.appender.buffer.element-limit = 1024 (custom)
2024-09-17 10:41:02,093 [omNode-1@group-523986131536-LeaderElection28] INFO  server.RaftServerConfigKeys (ConfUtils.java:logGet(46)) - raft.server.log.appender.wait-time.min = 10ms (custom)
2024-09-17 10:41:02,094 [omNode-1@group-523986131536-LeaderElection28] INFO  grpc.GrpcConfigKeys (ConfUtils.java:logGet(46)) - raft.grpc.server.leader.outstanding.appends.max = 8 (default)
2024-09-17 10:41:02,094 [omNode-1@group-523986131536-LeaderElection28] INFO  server.RaftServerConfigKeys (ConfUtils.java:logGet(46)) - raft.server.rpc.request.timeout = 3000ms (default)
2024-09-17 10:41:02,094 [omNode-1@group-523986131536-LeaderElection28] INFO  grpc.GrpcConfigKeys (ConfUtils.java:logGet(46)) - raft.grpc.server.install_snapshot.request.element-limit = 8 (default)
2024-09-17 10:41:02,094 [omNode-1@group-523986131536-LeaderElection28] INFO  grpc.GrpcConfigKeys (ConfUtils.java:logGet(46)) - raft.grpc.server.install_snapshot.request.timeout = 3000ms (default)
2024-09-17 10:41:02,094 [omNode-1@group-523986131536-LeaderElection28] INFO  grpc.GrpcConfigKeys (ConfUtils.java:logGet(46)) - raft.grpc.server.log-message.batch.duration = 5s (default)
2024-09-17 10:41:02,094 [omNode-1@group-523986131536-LeaderElection28] INFO  server.RaftServerConfigKeys (ConfUtils.java:logGet(46)) - raft.server.log.appender.install.snapshot.enabled = false (custom)
2024-09-17 10:41:02,094 [omNode-1@group-523986131536-LeaderElection28] INFO  grpc.GrpcConfigKeys (ConfUtils.java:logGet(46)) - raft.grpc.server.heartbeat.channel = true (default)
2024-09-17 10:41:02,094 [omNode-1@group-523986131536-LeaderElection28] INFO  impl.RoleInfo (RoleInfo.java:updateAndGet(148)) - omNode-1: start omNode-1@group-523986131536-LeaderStateImpl
2024-09-17 10:41:02,094 [omNode-1@group-523986131536-LeaderElection28] INFO  server.RaftServer$Division (RaftServerImpl.java:setFirstElection(549)) - omNode-1@group-523986131536: set firstElectionSinceStartup to false for becomeLeader
2024-09-17 10:41:02,094 [omNode-1@group-523986131536-LeaderElection28] INFO  server.RaftServer$Division (ServerState.java:setLeader(272)) - omNode-1@group-523986131536: change Leader from null to omNode-1 at term 1 for becomeLeader, leader elected after 1424ms
2024-09-17 10:41:02,094 [omNode-1@group-523986131536-LeaderElection28] INFO  segmented.SegmentedRaftLogWorker (SegmentedRaftLogWorker.java:startLogSegment(433)) - omNode-1@group-523986131536-SegmentedRaftLogWorker: Starting segment from index:0
2024-09-17 10:41:02,095 [omNode-1@group-523986131536-SegmentedRaftLogWorker] INFO  segmented.BufferedWriteChannel (BufferedWriteChannel.java:open(61)) - open log_inprogress_0 at position 0
2024-09-17 10:41:02,095 [omNode-1@group-523986131536-LeaderElection28] INFO  server.RaftServer$Division (ServerState.java:setRaftConf(386)) - omNode-1@group-523986131536: set configuration conf: {index: 0, cur=peers:[omNode-3|localhost:15101, omNode-1|localhost:15093, omNode-2|localhost:15097]|listeners:[], old=null}
2024-09-17 10:41:02,096 [omNode-1@group-523986131536-SegmentedRaftLogWorker] INFO  segmented.SegmentedRaftLogWorker (SegmentedRaftLogWorker.java:execute(637)) - omNode-1@group-523986131536-SegmentedRaftLogWorker: created new log segment /home/runner/work/ozone/ozone/hadoop-ozone/integration-test/target/test-dir/MiniOzoneClusterImpl-90660ac4-7e9c-448b-98ea-af4f808cf8d9/omNode-1/ratis/c9bc4cf4-3bc3-3c60-a66b-523986131536/current/log_inprogress_0
2024-09-17 10:41:02,096 [grpc-default-executor-2] WARN  server.GrpcLogAppender (LogUtils.java:warn(121)) - omNode-1@group-523986131536->omNode-3-AppendLogResponseHandler: Failed appendEntries: org.apache.ratis.thirdparty.io.grpc.StatusRuntimeException: UNAVAILABLE: io exception
2024-09-17 10:41:02,097 [grpc-default-executor-2] WARN  server.GrpcLogAppender (GrpcLogAppender.java:lambda$resetClient$1(221)) - omNode-1@group-523986131536->omNode-3-GrpcLogAppender: Follower failed (request=null, errorCount=1); keep nextIndex (0) unchanged and retry.
2024-09-17 10:41:02,108 [omNode-2-server-thread1] INFO  server.RaftServer$Division (ServerState.java:setLeader(272)) - omNode-2@group-523986131536: change Leader from null to omNode-1 at term 1 for appendEntries, leader elected after 841ms
2024-09-17 10:41:02,116 [grpc-default-executor-3] WARN  server.GrpcLogAppender (GrpcLogAppender.java:lambda$resetClient$1(221)) - omNode-1@group-523986131536->omNode-3-GrpcLogAppender: Follower failed (request=null, errorCount=3); keep nextIndex (1) unchanged and retry.
2024-09-17 10:41:02,117 [omNode-2-server-thread2] INFO  server.RaftServer$Division (ServerState.java:setRaftConf(386)) - omNode-2@group-523986131536: set configuration conf: {index: 0, cur=peers:[omNode-3|localhost:15101, omNode-1|localhost:15093, omNode-2|localhost:15097]|listeners:[], old=null}
2024-09-17 10:41:02,117 [omNode-2-server-thread2] INFO  segmented.SegmentedRaftLogWorker (SegmentedRaftLogWorker.java:startLogSegment(433)) - omNode-2@group-523986131536-SegmentedRaftLogWorker: Starting segment from index:0
2024-09-17 10:41:02,118 [omNode-2@group-523986131536-SegmentedRaftLogWorker] INFO  segmented.BufferedWriteChannel (BufferedWriteChannel.java:open(61)) - open log_inprogress_0 at position 0
2024-09-17 10:41:02,118 [omNode-2@group-523986131536-SegmentedRaftLogWorker] INFO  segmented.SegmentedRaftLogWorker (SegmentedRaftLogWorker.java:execute(637)) - omNode-2@group-523986131536-SegmentedRaftLogWorker: created new log segment /home/runner/work/ozone/ozone/hadoop-ozone/integration-test/target/test-dir/MiniOzoneClusterImpl-90660ac4-7e9c-448b-98ea-af4f808cf8d9/omNode-2/ratis/c9bc4cf4-3bc3-3c60-a66b-523986131536/current/log_inprogress_0
2024-09-17 10:41:02,120 [omNode-1@group-523986131536-StateMachineUpdater] INFO  ratis.OzoneManagerStateMachine (OzoneManagerStateMachine.java:notifyConfigurationChanged(216)) - Received Configuration change notification from Ratis. New Peer list:
[id: "omNode-3"
address: "localhost:15101"
startupRole: FOLLOWER
, id: "omNode-1"
address: "localhost:15093"
startupRole: FOLLOWER
, id: "omNode-2"
address: "localhost:15097"
startupRole: FOLLOWER
]
2024-09-17 10:41:02,121 [omNode-1@group-523986131536-StateMachineUpdater] INFO  server.RaftServer$Division (LeaderStateImpl.java:checkStartIndex(316)) - Leader omNode-1@group-523986131536-LeaderStateImpl is ready since appliedIndex == startIndex == 0
2024-09-17 10:41:02,213 [main] INFO  reflections.Reflections (Reflections.java:scan(219)) - Reflections took 320 ms to scan 20 urls, producing 59 keys and 7195 values
2024-09-17 10:41:02,215 [main] INFO  ipc.CallQueueManager (CallQueueManager.java:<init>(90)) - Using callQueue: class java.util.concurrent.LinkedBlockingQueue, queueCapacity: 2000, scheduler: class org.apache.hadoop.ipc.DefaultRpcScheduler, ipcBackoff: false.
2024-09-17 10:41:02,215 [main] INFO  ipc.Server (Server.java:<init>(1287)) - Listener at 127.0.0.1:15098
2024-09-17 10:41:02,215 [Socket Reader #1 for port 15098] INFO  ipc.Server (Server.java:run(1323)) - Starting Socket Reader #1 for port 15098
2024-09-17 10:41:02,216 [Socket Reader #2 for port 15098] INFO  ipc.Server (Server.java:run(1323)) - Starting Socket Reader #2 for port 15098
2024-09-17 10:41:02,216 [Socket Reader #3 for port 15098] INFO  ipc.Server (Server.java:run(1323)) - Starting Socket Reader #3 for port 15098
2024-09-17 10:41:02,216 [Socket Reader #4 for port 15098] INFO  ipc.Server (Server.java:run(1323)) - Starting Socket Reader #4 for port 15098
2024-09-17 10:41:02,216 [Socket Reader #5 for port 15098] INFO  ipc.Server (Server.java:run(1323)) - Starting Socket Reader #5 for port 15098
2024-09-17 10:41:02,217 [Socket Reader #6 for port 15098] INFO  ipc.Server (Server.java:run(1323)) - Starting Socket Reader #6 for port 15098
2024-09-17 10:41:02,217 [Socket Reader #7 for port 15098] INFO  ipc.Server (Server.java:run(1323)) - Starting Socket Reader #7 for port 15098
2024-09-17 10:41:02,217 [Socket Reader #8 for port 15098] INFO  ipc.Server (Server.java:run(1323)) - Starting Socket Reader #8 for port 15098
2024-09-17 10:41:02,217 [Socket Reader #10 for port 15098] INFO  ipc.Server (Server.java:run(1323)) - Starting Socket Reader #10 for port 15098
2024-09-17 10:41:02,218 [Socket Reader #9 for port 15098] INFO  ipc.Server (Server.java:run(1323)) - Starting Socket Reader #9 for port 15098
2024-09-17 10:41:02,232 [main] INFO  ozone.MiniOzoneHAClusterImpl (MiniOzoneHAClusterImpl.java:createOMService(521)) - Initialized OzoneManager at localhost/127.0.0.1:15098. This OM is currently inactive (not running).
2024-09-17 10:41:02,240 [main] WARN  dropwizard3.Dm3MetricRegistriesImpl (Dm3MetricRegistriesImpl.java:addReporterRegistration(114)) - New reporters are added after registries were created. Some metrics will be missing from the reporter. Please add reporter before adding any new registry.
2024-09-17 10:41:02,240 [main] WARN  dropwizard3.Dm3MetricRegistriesImpl (Dm3MetricRegistriesImpl.java:addReporterRegistration(114)) - New reporters are added after registries were created. Some metrics will be missing from the reporter. Please add reporter before adding any new registry.
2024-09-17 10:41:02,240 [main] INFO  impl.MetricsSystemImpl (MetricsSystemImpl.java:init(158)) - HddsDatanode metrics system started (again)
2024-09-17 10:41:02,249 [main] INFO  ozone.HddsDatanodeService (HddsDatanodeService.java:start(235)) - HddsDatanodeService host:fv-az977-14.54vqajsklskunmnrrituw3kufg.dx.internal.cloudapp.net ip:10.1.0.20
2024-09-17 10:41:02,251 [main] INFO  upgrade.AbstractLayoutVersionManager (AbstractLayoutVersionManager.java:init(83)) - Initializing Layout version manager with metadata layout = HBASE_SUPPORT (version = 8), software layout = HBASE_SUPPORT (version = 8)
2024-09-17 10:41:02,252 [main] INFO  statemachine.DatanodeStateMachine (DatanodeStateMachine.java:getEndPointTaskThreadPoolSize(294)) - Datanode State Machine Task Thread Pool size 2
2024-09-17 10:41:02,253 [main] INFO  volume.HddsVolume (HddsVolume.java:<init>(127)) - Creating HddsVolume: /home/runner/work/ozone/ozone/hadoop-ozone/integration-test/target/test-dir/MiniOzoneClusterImpl-90660ac4-7e9c-448b-98ea-af4f808cf8d9/ozone-meta/datanode-1/data-0/hdds of storage type : DISK capacity : 9222449699674390527
2024-09-17 10:41:02,253 [main] INFO  volume.MutableVolumeSet (MutableVolumeSet.java:initializeVolumeSet(173)) - Added Volume : /home/runner/work/ozone/ozone/hadoop-ozone/integration-test/target/test-dir/MiniOzoneClusterImpl-90660ac4-7e9c-448b-98ea-af4f808cf8d9/ozone-meta/datanode-1/data-0/hdds to VolumeSet
2024-09-17 10:41:02,254 [main] INFO  volume.MutableVolumeSet (MutableVolumeSet.java:initializeVolumeSet(173)) - Added Volume : /home/runner/work/ozone/ozone/hadoop-ozone/integration-test/target/test-dir/MiniOzoneClusterImpl-90660ac4-7e9c-448b-98ea-af4f808cf8d9/ozone-meta/datanode-1/ratis to VolumeSet
2024-09-17 10:41:02,254 [main] INFO  ozoneimpl.OzoneContainer (HddsVolumeUtil.java:loadAllHddsVolumeDbStore(103)) - Load 1 volumes DbStore cost: 0ms
2024-09-17 10:41:02,256 [main] INFO  impl.FilePerChunkStrategy (FilePerChunkStrategy.java:<init>(84)) - ozone.chunk.read.mapped.buffer.max.count is load with 0
2024-09-17 10:41:02,256 [main] INFO  impl.FilePerBlockStrategy (FilePerBlockStrategy.java:<init>(91)) - ozone.chunk.read.mapped.buffer.max.count is load with 0
2024-09-17 10:41:02,257 [main] INFO  server.RaftServerConfigKeys (ConfUtils.java:logGet(46)) - raft.server.log.appender.buffer.byte-limit = 33554432 (custom)
2024-09-17 10:41:02,258 [main] INFO  server.RaftServer (ConfUtils.java:logGet(46)) - raft.rpc.type = GRPC (default)
2024-09-17 10:41:02,258 [main] INFO  grpc.GrpcConfigKeys (ConfUtils.java:logFallback(53)) - raft.grpc.admin.host = null (fallback to raft.grpc.server.host)
2024-09-17 10:41:02,258 [main] INFO  grpc.GrpcConfigKeys (ConfUtils.java:logGet(46)) - raft.grpc.admin.port = 15106 (custom)
2024-09-17 10:41:02,258 [main] INFO  grpc.GrpcConfigKeys (ConfUtils.java:logFallback(53)) - raft.grpc.client.host = null (fallback to raft.grpc.server.host)
2024-09-17 10:41:02,258 [main] INFO  grpc.GrpcConfigKeys (ConfUtils.java:logGet(46)) - raft.grpc.client.port = 15106 (custom)
2024-09-17 10:41:02,258 [main] INFO  grpc.GrpcConfigKeys (ConfUtils.java:logGet(46)) - raft.grpc.server.host = null (default)
2024-09-17 10:41:02,258 [main] INFO  grpc.GrpcConfigKeys (ConfUtils.java:logGet(46)) - raft.grpc.server.port = 15106 (custom)
2024-09-17 10:41:02,258 [main] INFO  server.GrpcService (ConfUtils.java:logGet(46)) - raft.grpc.message.size.max = 34603008 (custom)
2024-09-17 10:41:02,258 [main] INFO  server.RaftServerConfigKeys (ConfUtils.java:logGet(46)) - raft.server.log.appender.buffer.byte-limit = 33554432 (custom)
2024-09-17 10:41:02,258 [main] INFO  server.GrpcService (ConfUtils.java:logGet(46)) - raft.grpc.flow.control.window = 5MB (=5242880) (custom)
2024-09-17 10:41:02,259 [main] INFO  server.RaftServerConfigKeys (ConfUtils.java:logGet(46)) - raft.server.rpc.request.timeout = 60s (custom)
2024-09-17 10:41:02,259 [main] INFO  grpc.GrpcConfigKeys (ConfUtils.java:logGet(46)) - raft.grpc.server.heartbeat.channel = true (default)
2024-09-17 10:41:02,259 [main] INFO  grpc.GrpcConfigKeys (ConfUtils.java:logGet(46)) - raft.grpc.server.async.request.thread.pool.cached = true (default)
2024-09-17 10:41:02,259 [main] INFO  grpc.GrpcConfigKeys (ConfUtils.java:logGet(46)) - raft.grpc.server.async.request.thread.pool.size = 32 (default)
2024-09-17 10:41:02,260 [main] INFO  impl.DataStreamServerImpl (ConfUtils.java:logGet(46)) - raft.datastream.type = NETTY (custom)
2024-09-17 10:41:02,260 [main] INFO  server.RaftServerConfigKeys (ConfUtils.java:logGet(46)) - raft.server.data-stream.async.request.thread.pool.cached = false (default)
2024-09-17 10:41:02,260 [main] INFO  server.RaftServerConfigKeys (ConfUtils.java:logGet(46)) - raft.server.data-stream.async.request.thread.pool.size = 20 (custom)
2024-09-17 10:41:02,260 [main] INFO  server.RaftServerConfigKeys (ConfUtils.java:logGet(46)) - raft.server.data-stream.async.write.thread.pool.size = 16 (default)
2024-09-17 10:41:02,260 [main] INFO  netty.NettyConfigKeys$DataStream (ConfUtils.java:logGet(46)) - raft.netty.dataStream.server.channel.inactive.grace-period = 10min (default)
2024-09-17 10:41:02,260 [main] INFO  server.RaftServerConfigKeys (ConfUtils.java:logGet(46)) - raft.server.data-stream.client.pool.size = 10 (default)
2024-09-17 10:41:02,260 [main] INFO  netty.NettyConfigKeys$DataStream (ConfUtils.java:logGet(46)) - raft.netty.dataStream.server.use-epoll = true (default)
2024-09-17 10:41:02,260 [main] INFO  netty.NettyConfigKeys$DataStream (ConfUtils.java:logGet(46)) - raft.netty.dataStream.server.boss-group.size = 0 (default)
2024-09-17 10:41:02,260 [main] INFO  netty.NettyUtils (NettyUtils.java:newEventLoopGroup(74)) - Create EpollEventLoopGroup for 53457c10-51b1-485d-b312-794085cbc7f1-NettyServerStreamRpc-bossGroup; Thread size is 0.
2024-09-17 10:41:02,261 [main] INFO  netty.NettyConfigKeys$DataStream (ConfUtils.java:logGet(46)) - raft.netty.dataStream.server.worker-group.size = 0 (default)
2024-09-17 10:41:02,261 [main] INFO  netty.NettyUtils (NettyUtils.java:newEventLoopGroup(74)) - Create EpollEventLoopGroup for 53457c10-51b1-485d-b312-794085cbc7f1-NettyServerStreamRpc-workerGroup; Thread size is 0.
2024-09-17 10:41:02,261 [main] INFO  netty.NettyConfigKeys$DataStream (ConfUtils.java:logGet(46)) - raft.netty.dataStream.server.tls.conf = null (default)
2024-09-17 10:41:02,261 [main] INFO  netty.NettyConfigKeys$DataStream (ConfUtils.java:logGet(46)) - raft.netty.dataStream.host = null (default)
2024-09-17 10:41:02,261 [main] INFO  netty.NettyConfigKeys$DataStream (ConfUtils.java:logGet(46)) - raft.netty.dataStream.port = 15109 (custom)
2024-09-17 10:41:02,262 [main] INFO  server.RaftServerConfigKeys (ConfUtils.java:logGet(46)) - raft.server.sleep.deviation.threshold = 300ms (default)
2024-09-17 10:41:02,262 [main] INFO  server.RaftServerConfigKeys (ConfUtils.java:logGet(46)) - raft.server.close.threshold = 60s (default)
2024-09-17 10:41:02,262 [main] INFO  server.RaftServerConfigKeys (ConfUtils.java:logGet(46)) - raft.server.leaderelection.leader.step-down.wait-time = 10s (default)
2024-09-17 10:41:02,262 [main] INFO  server.RaftServerConfigKeys (ConfUtils.java:logGet(46)) - raft.server.storage.dir = [/home/runner/work/ozone/ozone/hadoop-ozone/integration-test/target/test-dir/MiniOzoneClusterImpl-90660ac4-7e9c-448b-98ea-af4f808cf8d9/ozone-meta/datanode-1/ratis] (custom)
2024-09-17 10:41:02,262 [main] INFO  server.RaftServerConfigKeys (ConfUtils.java:logGet(46)) - raft.server.threadpool.proxy.cached = true (default)
2024-09-17 10:41:02,262 [main] INFO  server.RaftServerConfigKeys (ConfUtils.java:logGet(46)) - raft.server.threadpool.proxy.size = 0 (default)
2024-09-17 10:41:02,263 [53457c10-51b1-485d-b312-794085cbc7f1-NettyServerStreamRpc-bossGroup--thread1] INFO  logging.LoggingHandler (AbstractInternalLogger.java:log(148)) - [id: 0x976ff55f] REGISTERED
2024-09-17 10:41:02,263 [53457c10-51b1-485d-b312-794085cbc7f1-NettyServerStreamRpc-bossGroup--thread1] INFO  logging.LoggingHandler (AbstractInternalLogger.java:log(148)) - [id: 0x976ff55f] BIND: 0.0.0.0/0.0.0.0:15109
2024-09-17 10:41:02,263 [53457c10-51b1-485d-b312-794085cbc7f1-NettyServerStreamRpc-bossGroup--thread1] INFO  logging.LoggingHandler (AbstractInternalLogger.java:log(148)) - [id: 0x976ff55f, L:/0.0.0.0:15109] ACTIVE
2024-09-17 10:41:02,264 [53457c10-51b1-485d-b312-794085cbc7f1-impl-thread1] INFO  server.RaftServer (RaftServerProxy.java:initGroupDir(266)) - 53457c10-51b1-485d-b312-794085cbc7f1: found a subdirectory /home/runner/work/ozone/ozone/hadoop-ozone/integration-test/target/test-dir/MiniOzoneClusterImpl-90660ac4-7e9c-448b-98ea-af4f808cf8d9/ozone-meta/datanode-1/ratis/tmp
2024-09-17 10:41:02,264 [53457c10-51b1-485d-b312-794085cbc7f1-impl-thread1] INFO  server.RaftServer (RaftServerProxy.java:initGroupDir(271)) - 53457c10-51b1-485d-b312-794085cbc7f1: The directory /home/runner/work/ozone/ozone/hadoop-ozone/integration-test/target/test-dir/MiniOzoneClusterImpl-90660ac4-7e9c-448b-98ea-af4f808cf8d9/ozone-meta/datanode-1/ratis/tmp is not a group directory; ignoring it. 
2024-09-17 10:41:02,264 [main] INFO  replication.ReplicationServer (ReplicationServer.java:<init>(86)) - Initializing replication server with thread count = 10 queue length = 4096
2024-09-17 10:41:02,265 [main] INFO  server.XceiverServerGrpc (XceiverServerGrpc.java:<init>(141)) - GrpcServer channel type EpollServerSocketChannel
2024-09-17 10:41:02,266 [main] INFO  replication.ReplicationSupervisor (ReplicationSupervisor.java:build(164)) - Initializing replication supervisor with thread count = 10
2024-09-17 10:41:02,266 [main] INFO  replication.ReplicationSupervisor (ReplicationSupervisor.java:nodeStateUpdated(336)) - Node state updated to IN_SERVICE, scaling executor pool size to 10
2024-09-17 10:41:02,268 [main] INFO  http.BaseHttpServer (BaseHttpServer.java:newHttpServer2BuilderForOzone(223)) - Starting Web-server for hddsDatanode at: http://0.0.0.0:15103
2024-09-17 10:41:02,268 [main] INFO  http.BaseHttpServer (BaseHttpServer.java:<init>(110)) - Hadoop Security Enabled: false Ozone Security Enabled: false Ozone HTTP Security Enabled: false 
2024-09-17 10:41:02,269 [main] WARN  server.AuthenticationFilter (AuthenticationFilter.java:constructSecretProvider(240)) - Unable to initialize FileSignerSecretProvider, falling back to use random secrets. Reason: Could not read signature secret file: /home/runner/hadoop-http-auth-signature-secret
2024-09-17 10:41:02,270 [main] INFO  http.HttpRequestLog (HttpRequestLog.java:getRequestLog(86)) - Http request log for http.requests.hddsDatanode is not defined
2024-09-17 10:41:02,270 [main] INFO  http.HttpServer2 (HttpServer2.java:addGlobalFilter(1035)) - Added global filter 'safety' (class=org.apache.hadoop.hdds.server.http.HttpServer2$QuotingInputFilter)
2024-09-17 10:41:02,271 [main] INFO  http.HttpServer2 (HttpServer2.java:addFilter(1011)) - Added filter static_user_filter (class=org.apache.hadoop.http.lib.StaticUserWebFilter$StaticUserFilter) to context hddsDatanode
2024-09-17 10:41:02,271 [main] INFO  http.HttpServer2 (HttpServer2.java:addFilter(1019)) - Added filter static_user_filter (class=org.apache.hadoop.http.lib.StaticUserWebFilter$StaticUserFilter) to context static
2024-09-17 10:41:02,271 [main] INFO  http.HttpServer2 (HttpServer2.java:addFilter(1019)) - Added filter static_user_filter (class=org.apache.hadoop.http.lib.StaticUserWebFilter$StaticUserFilter) to context logs
2024-09-17 10:41:02,271 [main] INFO  http.BaseHttpServer (BaseHttpServer.java:<init>(189)) - HTTP server of hddsDatanode uses base directory /home/runner/work/ozone/ozone/hadoop-ozone/integration-test/target/test-dir/MiniOzoneClusterImpl-90660ac4-7e9c-448b-98ea-af4f808cf8d9/ozone-meta/datanode-1/meta/webserver
2024-09-17 10:41:02,272 [main] INFO  http.HttpServer2 (HttpServer2.java:bindListener(1235)) - Jetty bound to port 15103
2024-09-17 10:41:02,272 [main] INFO  server.Server (Server.java:doStart(375)) - jetty-9.4.56.v20240826; built: 2024-08-26T17:15:05.868Z; git: ec6782ff5ead824dabdcf47fa98f90a4aedff401; jvm 17.0.12+7
2024-09-17 10:41:02,273 [main] INFO  server.session (DefaultSessionIdManager.java:doStart(334)) - DefaultSessionIdManager workerName=node0
2024-09-17 10:41:02,273 [main] INFO  server.session (DefaultSessionIdManager.java:doStart(339)) - No SessionScavenger set, using defaults
2024-09-17 10:41:02,274 [main] INFO  server.session (HouseKeeper.java:startScavenging(132)) - node0 Scavenging every 660000ms
2024-09-17 10:41:02,274 [main] INFO  handler.ContextHandler (ContextHandler.java:doStart(921)) - Started o.e.j.s.ServletContextHandler@46e9a4f6{logs,/logs,file:///home/runner/work/ozone/ozone/hadoop-ozone/integration-test/target/log,AVAILABLE}
2024-09-17 10:41:02,274 [main] INFO  handler.ContextHandler (ContextHandler.java:doStart(921)) - Started o.e.j.s.ServletContextHandler@4041f4fc{static,/static,jar:file:/home/runner/work/ozone/ozone/hadoop-hdds/container-service/target/hdds-container-service-1.5.0-SNAPSHOT.jar!/webapps/static,AVAILABLE}
2024-09-17 10:41:02,370 [timer7] WARN  server.GrpcLogAppender (GrpcLogAppender.java:lambda$resetClient$1(221)) - 33447232-9e36-4ec7-b03f-beeea77052f0@group-5F3D48D566E7->820fc6ae-1e7a-4bc8-a2e5-05ea72b62bfd-GrpcLogAppender: Follower failed (request=null, errorCount=2); keep nextIndex (1) unchanged and retry. (Repeated 2 times in the last 5.001s)
2024-09-17 10:41:02,374 [timer0] WARN  server.GrpcLogAppender (LogUtils.java:warn(121)) - 33447232-9e36-4ec7-b03f-beeea77052f0@group-5F3D48D566E7->820fc6ae-1e7a-4bc8-a2e5-05ea72b62bfd-AppendLogResponseHandler: Failed appendEntries (Repeated 2 times in the last 5.005s): org.apache.ratis.thirdparty.io.grpc.StatusRuntimeException: CANCELLED: RST_STREAM closed stream. HTTP/2 error code: CANCEL
2024-09-17 10:41:02,379 [timer1] WARN  server.GrpcLogAppender (LogUtils.java:warn(121)) - 33447232-9e36-4ec7-b03f-beeea77052f0@group-5F3D48D566E7->de0fcfaa-00c2-4d8e-8b7d-e70f4422a6b6-AppendLogResponseHandler: Failed appendEntries (Repeated 2 times in the last 5.000s): org.apache.ratis.thirdparty.io.grpc.StatusRuntimeException: CANCELLED: RST_STREAM closed stream. HTTP/2 error code: CANCEL
2024-09-17 10:41:02,379 [timer2] WARN  server.GrpcLogAppender (GrpcLogAppender.java:lambda$resetClient$1(221)) - 33447232-9e36-4ec7-b03f-beeea77052f0@group-5F3D48D566E7->de0fcfaa-00c2-4d8e-8b7d-e70f4422a6b6-GrpcLogAppender: Follower failed (request=null, errorCount=2); keep nextIndex (1) unchanged and retry. (Repeated 2 times in the last 5.000s)
2024-09-17 10:41:02,479 [main] INFO  handler.ContextHandler (ContextHandler.java:doStart(921)) - Started o.e.j.w.WebAppContext@55b5e3b3{hddsDatanode,/,file:///home/runner/work/ozone/ozone/hadoop-ozone/integration-test/target/test-dir/MiniOzoneClusterImpl-90660ac4-7e9c-448b-98ea-af4f808cf8d9/ozone-meta/datanode-1/meta/webserver/jetty-0_0_0_0-15103-hdds-container-service-1_5_0-SNAPSHOT_jar-_-any-17498359220882866126/webapp/,AVAILABLE}{jar:file:/home/runner/work/ozone/ozone/hadoop-hdds/container-service/target/hdds-container-service-1.5.0-SNAPSHOT.jar!/webapps/hddsDatanode}
2024-09-17 10:41:02,480 [main] INFO  server.AbstractConnector (AbstractConnector.java:doStart(333)) - Started ServerConnector@679bc4ea{HTTP/1.1, (http/1.1)}{0.0.0.0:15103}
2024-09-17 10:41:02,480 [main] INFO  server.Server (Server.java:doStart(415)) - Started @94989ms
2024-09-17 10:41:02,480 [main] WARN  impl.MetricsSystemImpl (MetricsSystemImpl.java:register(279)) - Sink prometheus already exists!
2024-09-17 10:41:02,481 [main] INFO  http.BaseHttpServer (BaseHttpServer.java:updateConnectorAddress(354)) - HTTP server of hddsDatanode listening at http://0.0.0.0:15103
2024-09-17 10:41:02,481 [main] INFO  ipc.CallQueueManager (CallQueueManager.java:<init>(90)) - Using callQueue: class java.util.concurrent.LinkedBlockingQueue, queueCapacity: 1000, scheduler: class org.apache.hadoop.ipc.DefaultRpcScheduler, ipcBackoff: false.
2024-09-17 10:41:02,481 [main] INFO  ipc.Server (Server.java:<init>(1287)) - Listener at 0.0.0.0:15104
2024-09-17 10:41:02,482 [Socket Reader #1 for port 15104] INFO  ipc.Server (Server.java:run(1323)) - Starting Socket Reader #1 for port 15104
2024-09-17 10:41:02,482 [Socket Reader #2 for port 15104] INFO  ipc.Server (Server.java:run(1323)) - Starting Socket Reader #2 for port 15104
2024-09-17 10:41:02,482 [Socket Reader #3 for port 15104] INFO  ipc.Server (Server.java:run(1323)) - Starting Socket Reader #3 for port 15104
2024-09-17 10:41:02,482 [Socket Reader #4 for port 15104] INFO  ipc.Server (Server.java:run(1323)) - Starting Socket Reader #4 for port 15104
2024-09-17 10:41:02,483 [Socket Reader #5 for port 15104] INFO  ipc.Server (Server.java:run(1323)) - Starting Socket Reader #5 for port 15104
2024-09-17 10:41:02,483 [Socket Reader #6 for port 15104] INFO  ipc.Server (Server.java:run(1323)) - Starting Socket Reader #6 for port 15104
2024-09-17 10:41:02,483 [Socket Reader #7 for port 15104] INFO  ipc.Server (Server.java:run(1323)) - Starting Socket Reader #7 for port 15104
2024-09-17 10:41:02,483 [Socket Reader #8 for port 15104] INFO  ipc.Server (Server.java:run(1323)) - Starting Socket Reader #8 for port 15104
2024-09-17 10:41:02,483 [Socket Reader #9 for port 15104] INFO  ipc.Server (Server.java:run(1323)) - Starting Socket Reader #9 for port 15104
2024-09-17 10:41:02,484 [Socket Reader #10 for port 15104] INFO  ipc.Server (Server.java:run(1323)) - Starting Socket Reader #10 for port 15104
2024-09-17 10:41:02,485 [main] INFO  ozone.HddsDatanodeService (HddsDatanodeService.java:start(319)) - Datanode start with admins: [runner]
2024-09-17 10:41:02,485 [main] INFO  ozone.HddsDatanodeClientProtocolServer (HddsDatanodeClientProtocolServer.java:start(79)) - RPC server for Client /0.0.0.0:15104
2024-09-17 10:41:02,486 [IPC Server Responder] INFO  ipc.Server (Server.java:run(1562)) - IPC Server Responder: starting
2024-09-17 10:41:02,487 [IPC Server listener on 15104] INFO  ipc.Server (Server.java:run(1402)) - IPC Server listener on 15104: starting
2024-09-17 10:41:02,489 [main] WARN  dropwizard3.Dm3MetricRegistriesImpl (Dm3MetricRegistriesImpl.java:addReporterRegistration(114)) - New reporters are added after registries were created. Some metrics will be missing from the reporter. Please add reporter before adding any new registry.
2024-09-17 10:41:02,489 [main] WARN  dropwizard3.Dm3MetricRegistriesImpl (Dm3MetricRegistriesImpl.java:addReporterRegistration(114)) - New reporters are added after registries were created. Some metrics will be missing from the reporter. Please add reporter before adding any new registry.
2024-09-17 10:41:02,489 [main] INFO  impl.MetricsSystemImpl (MetricsSystemImpl.java:init(158)) - HddsDatanode metrics system started (again)
2024-09-17 10:41:02,494 [53457c10-51b1-485d-b312-794085cbc7f1-DatanodeStateMachineDaemonThread] INFO  statemachine.DatanodeStateMachine (DatanodeStateMachine.java:startStateMachineThread(337)) - Ozone container server started.
2024-09-17 10:41:02,500 [main] INFO  ozone.HddsDatanodeService (HddsDatanodeService.java:start(235)) - HddsDatanodeService host:fv-az977-14.54vqajsklskunmnrrituw3kufg.dx.internal.cloudapp.net ip:10.1.0.20
2024-09-17 10:41:02,507 [53457c10-51b1-485d-b312-794085cbc7f1-DatanodeStateMachineTaskThread-0] INFO  datanode.InitDatanodeState (InitDatanodeState.java:persistContainerDatanodeDetails(139)) - DatanodeDetails is persisted to /home/runner/work/ozone/ozone/hadoop-ozone/integration-test/target/test-dir/MiniOzoneClusterImpl-90660ac4-7e9c-448b-98ea-af4f808cf8d9/ozone-meta/datanode-1/meta/datanode.id
2024-09-17 10:41:02,508 [main] INFO  upgrade.AbstractLayoutVersionManager (AbstractLayoutVersionManager.java:init(83)) - Initializing Layout version manager with metadata layout = HBASE_SUPPORT (version = 8), software layout = HBASE_SUPPORT (version = 8)
2024-09-17 10:41:02,509 [main] INFO  statemachine.DatanodeStateMachine (DatanodeStateMachine.java:getEndPointTaskThreadPoolSize(294)) - Datanode State Machine Task Thread Pool size 2
2024-09-17 10:41:02,511 [main] INFO  volume.HddsVolume (HddsVolume.java:<init>(127)) - Creating HddsVolume: /home/runner/work/ozone/ozone/hadoop-ozone/integration-test/target/test-dir/MiniOzoneClusterImpl-90660ac4-7e9c-448b-98ea-af4f808cf8d9/ozone-meta/datanode-2/data-0/hdds of storage type : DISK capacity : 9222449699674390527
2024-09-17 10:41:02,511 [main] INFO  volume.MutableVolumeSet (MutableVolumeSet.java:initializeVolumeSet(173)) - Added Volume : /home/runner/work/ozone/ozone/hadoop-ozone/integration-test/target/test-dir/MiniOzoneClusterImpl-90660ac4-7e9c-448b-98ea-af4f808cf8d9/ozone-meta/datanode-2/data-0/hdds to VolumeSet
2024-09-17 10:41:02,512 [main] INFO  volume.MutableVolumeSet (MutableVolumeSet.java:initializeVolumeSet(173)) - Added Volume : /home/runner/work/ozone/ozone/hadoop-ozone/integration-test/target/test-dir/MiniOzoneClusterImpl-90660ac4-7e9c-448b-98ea-af4f808cf8d9/ozone-meta/datanode-2/ratis to VolumeSet
2024-09-17 10:41:02,513 [main] INFO  ozoneimpl.OzoneContainer (HddsVolumeUtil.java:loadAllHddsVolumeDbStore(103)) - Load 1 volumes DbStore cost: 0ms
2024-09-17 10:41:02,515 [main] INFO  impl.FilePerChunkStrategy (FilePerChunkStrategy.java:<init>(84)) - ozone.chunk.read.mapped.buffer.max.count is load with 0
2024-09-17 10:41:02,515 [main] INFO  impl.FilePerBlockStrategy (FilePerBlockStrategy.java:<init>(91)) - ozone.chunk.read.mapped.buffer.max.count is load with 0
2024-09-17 10:41:02,516 [main] INFO  server.RaftServerConfigKeys (ConfUtils.java:logGet(46)) - raft.server.log.appender.buffer.byte-limit = 33554432 (custom)
2024-09-17 10:41:02,517 [main] INFO  server.RaftServer (ConfUtils.java:logGet(46)) - raft.rpc.type = GRPC (default)
2024-09-17 10:41:02,517 [main] INFO  grpc.GrpcConfigKeys (ConfUtils.java:logFallback(53)) - raft.grpc.admin.host = null (fallback to raft.grpc.server.host)
2024-09-17 10:41:02,517 [main] INFO  grpc.GrpcConfigKeys (ConfUtils.java:logGet(46)) - raft.grpc.admin.port = 15115 (custom)
2024-09-17 10:41:02,518 [main] INFO  grpc.GrpcConfigKeys (ConfUtils.java:logFallback(53)) - raft.grpc.client.host = null (fallback to raft.grpc.server.host)
2024-09-17 10:41:02,518 [main] INFO  grpc.GrpcConfigKeys (ConfUtils.java:logGet(46)) - raft.grpc.client.port = 15115 (custom)
2024-09-17 10:41:02,518 [main] INFO  grpc.GrpcConfigKeys (ConfUtils.java:logGet(46)) - raft.grpc.server.host = null (default)
2024-09-17 10:41:02,518 [main] INFO  grpc.GrpcConfigKeys (ConfUtils.java:logGet(46)) - raft.grpc.server.port = 15115 (custom)
2024-09-17 10:41:02,518 [main] INFO  server.GrpcService (ConfUtils.java:logGet(46)) - raft.grpc.message.size.max = 34603008 (custom)
2024-09-17 10:41:02,518 [main] INFO  server.RaftServerConfigKeys (ConfUtils.java:logGet(46)) - raft.server.log.appender.buffer.byte-limit = 33554432 (custom)
2024-09-17 10:41:02,518 [main] INFO  server.GrpcService (ConfUtils.java:logGet(46)) - raft.grpc.flow.control.window = 5MB (=5242880) (custom)
2024-09-17 10:41:02,519 [main] INFO  server.RaftServerConfigKeys (ConfUtils.java:logGet(46)) - raft.server.rpc.request.timeout = 60s (custom)
2024-09-17 10:41:02,519 [main] INFO  grpc.GrpcConfigKeys (ConfUtils.java:logGet(46)) - raft.grpc.server.heartbeat.channel = true (default)
2024-09-17 10:41:02,519 [main] INFO  grpc.GrpcConfigKeys (ConfUtils.java:logGet(46)) - raft.grpc.server.async.request.thread.pool.cached = true (default)
2024-09-17 10:41:02,519 [main] INFO  grpc.GrpcConfigKeys (ConfUtils.java:logGet(46)) - raft.grpc.server.async.request.thread.pool.size = 32 (default)
2024-09-17 10:41:02,521 [main] INFO  impl.DataStreamServerImpl (ConfUtils.java:logGet(46)) - raft.datastream.type = NETTY (custom)
2024-09-17 10:41:02,521 [main] INFO  server.RaftServerConfigKeys (ConfUtils.java:logGet(46)) - raft.server.data-stream.async.request.thread.pool.cached = false (default)
2024-09-17 10:41:02,521 [main] INFO  server.RaftServerConfigKeys (ConfUtils.java:logGet(46)) - raft.server.data-stream.async.request.thread.pool.size = 20 (custom)
2024-09-17 10:41:02,521 [main] INFO  server.RaftServerConfigKeys (ConfUtils.java:logGet(46)) - raft.server.data-stream.async.write.thread.pool.size = 16 (default)
2024-09-17 10:41:02,522 [main] INFO  netty.NettyConfigKeys$DataStream (ConfUtils.java:logGet(46)) - raft.netty.dataStream.server.channel.inactive.grace-period = 10min (default)
2024-09-17 10:41:02,522 [main] INFO  server.RaftServerConfigKeys (ConfUtils.java:logGet(46)) - raft.server.data-stream.client.pool.size = 10 (default)
2024-09-17 10:41:02,522 [main] INFO  netty.NettyConfigKeys$DataStream (ConfUtils.java:logGet(46)) - raft.netty.dataStream.server.use-epoll = true (default)
2024-09-17 10:41:02,522 [main] INFO  netty.NettyConfigKeys$DataStream (ConfUtils.java:logGet(46)) - raft.netty.dataStream.server.boss-group.size = 0 (default)
2024-09-17 10:41:02,522 [main] INFO  netty.NettyUtils (NettyUtils.java:newEventLoopGroup(74)) - Create EpollEventLoopGroup for eb256187-4e2b-429a-8dc2-6eca9b88007e-NettyServerStreamRpc-bossGroup; Thread size is 0.
2024-09-17 10:41:02,523 [main] INFO  netty.NettyConfigKeys$DataStream (ConfUtils.java:logGet(46)) - raft.netty.dataStream.server.worker-group.size = 0 (default)
2024-09-17 10:41:02,523 [main] INFO  netty.NettyUtils (NettyUtils.java:newEventLoopGroup(74)) - Create EpollEventLoopGroup for eb256187-4e2b-429a-8dc2-6eca9b88007e-NettyServerStreamRpc-workerGroup; Thread size is 0.
2024-09-17 10:41:02,523 [main] INFO  netty.NettyConfigKeys$DataStream (ConfUtils.java:logGet(46)) - raft.netty.dataStream.server.tls.conf = null (default)
2024-09-17 10:41:02,523 [main] INFO  netty.NettyConfigKeys$DataStream (ConfUtils.java:logGet(46)) - raft.netty.dataStream.host = null (default)
2024-09-17 10:41:02,524 [main] INFO  netty.NettyConfigKeys$DataStream (ConfUtils.java:logGet(46)) - raft.netty.dataStream.port = 15118 (custom)
2024-09-17 10:41:02,524 [main] INFO  server.RaftServerConfigKeys (ConfUtils.java:logGet(46)) - raft.server.sleep.deviation.threshold = 300ms (default)
2024-09-17 10:41:02,524 [main] INFO  server.RaftServerConfigKeys (ConfUtils.java:logGet(46)) - raft.server.close.threshold = 60s (default)
2024-09-17 10:41:02,524 [eb256187-4e2b-429a-8dc2-6eca9b88007e-NettyServerStreamRpc-bossGroup--thread1] INFO  logging.LoggingHandler (AbstractInternalLogger.java:log(148)) - [id: 0xa5e77fb9] REGISTERED
2024-09-17 10:41:02,524 [eb256187-4e2b-429a-8dc2-6eca9b88007e-NettyServerStreamRpc-bossGroup--thread1] INFO  logging.LoggingHandler (AbstractInternalLogger.java:log(148)) - [id: 0xa5e77fb9] BIND: 0.0.0.0/0.0.0.0:15118
2024-09-17 10:41:02,524 [main] INFO  server.RaftServerConfigKeys (ConfUtils.java:logGet(46)) - raft.server.leaderelection.leader.step-down.wait-time = 10s (default)
2024-09-17 10:41:02,524 [eb256187-4e2b-429a-8dc2-6eca9b88007e-NettyServerStreamRpc-bossGroup--thread1] INFO  logging.LoggingHandler (AbstractInternalLogger.java:log(148)) - [id: 0xa5e77fb9, L:/0.0.0.0:15118] ACTIVE
2024-09-17 10:41:02,525 [main] INFO  server.RaftServerConfigKeys (ConfUtils.java:logGet(46)) - raft.server.storage.dir = [/home/runner/work/ozone/ozone/hadoop-ozone/integration-test/target/test-dir/MiniOzoneClusterImpl-90660ac4-7e9c-448b-98ea-af4f808cf8d9/ozone-meta/datanode-2/ratis] (custom)
2024-09-17 10:41:02,525 [main] INFO  server.RaftServerConfigKeys (ConfUtils.java:logGet(46)) - raft.server.threadpool.proxy.cached = true (default)
2024-09-17 10:41:02,525 [main] INFO  server.RaftServerConfigKeys (ConfUtils.java:logGet(46)) - raft.server.threadpool.proxy.size = 0 (default)
2024-09-17 10:41:02,525 [eb256187-4e2b-429a-8dc2-6eca9b88007e-impl-thread1] INFO  server.RaftServer (RaftServerProxy.java:initGroupDir(266)) - eb256187-4e2b-429a-8dc2-6eca9b88007e: found a subdirectory /home/runner/work/ozone/ozone/hadoop-ozone/integration-test/target/test-dir/MiniOzoneClusterImpl-90660ac4-7e9c-448b-98ea-af4f808cf8d9/ozone-meta/datanode-2/ratis/tmp
2024-09-17 10:41:02,525 [eb256187-4e2b-429a-8dc2-6eca9b88007e-impl-thread1] INFO  server.RaftServer (RaftServerProxy.java:initGroupDir(271)) - eb256187-4e2b-429a-8dc2-6eca9b88007e: The directory /home/runner/work/ozone/ozone/hadoop-ozone/integration-test/target/test-dir/MiniOzoneClusterImpl-90660ac4-7e9c-448b-98ea-af4f808cf8d9/ozone-meta/datanode-2/ratis/tmp is not a group directory; ignoring it. 
2024-09-17 10:41:02,525 [main] INFO  replication.ReplicationServer (ReplicationServer.java:<init>(86)) - Initializing replication server with thread count = 10 queue length = 4096
2024-09-17 10:41:02,526 [main] INFO  server.XceiverServerGrpc (XceiverServerGrpc.java:<init>(141)) - GrpcServer channel type EpollServerSocketChannel
2024-09-17 10:41:02,527 [main] INFO  replication.ReplicationSupervisor (ReplicationSupervisor.java:build(164)) - Initializing replication supervisor with thread count = 10
2024-09-17 10:41:02,527 [main] INFO  replication.ReplicationSupervisor (ReplicationSupervisor.java:nodeStateUpdated(336)) - Node state updated to IN_SERVICE, scaling executor pool size to 10
2024-09-17 10:41:02,531 [main] INFO  http.BaseHttpServer (BaseHttpServer.java:newHttpServer2BuilderForOzone(223)) - Starting Web-server for hddsDatanode at: http://0.0.0.0:15112
2024-09-17 10:41:02,531 [main] INFO  http.BaseHttpServer (BaseHttpServer.java:<init>(110)) - Hadoop Security Enabled: false Ozone Security Enabled: false Ozone HTTP Security Enabled: false 
2024-09-17 10:41:02,532 [main] WARN  server.AuthenticationFilter (AuthenticationFilter.java:constructSecretProvider(240)) - Unable to initialize FileSignerSecretProvider, falling back to use random secrets. Reason: Could not read signature secret file: /home/runner/hadoop-http-auth-signature-secret
2024-09-17 10:41:02,533 [main] INFO  http.HttpRequestLog (HttpRequestLog.java:getRequestLog(86)) - Http request log for http.requests.hddsDatanode is not defined
2024-09-17 10:41:02,534 [main] INFO  http.HttpServer2 (HttpServer2.java:addGlobalFilter(1035)) - Added global filter 'safety' (class=org.apache.hadoop.hdds.server.http.HttpServer2$QuotingInputFilter)
2024-09-17 10:41:02,535 [main] INFO  http.HttpServer2 (HttpServer2.java:addFilter(1011)) - Added filter static_user_filter (class=org.apache.hadoop.http.lib.StaticUserWebFilter$StaticUserFilter) to context hddsDatanode
2024-09-17 10:41:02,535 [main] INFO  http.HttpServer2 (HttpServer2.java:addFilter(1019)) - Added filter static_user_filter (class=org.apache.hadoop.http.lib.StaticUserWebFilter$StaticUserFilter) to context static
2024-09-17 10:41:02,535 [main] INFO  http.HttpServer2 (HttpServer2.java:addFilter(1019)) - Added filter static_user_filter (class=org.apache.hadoop.http.lib.StaticUserWebFilter$StaticUserFilter) to context logs
2024-09-17 10:41:02,536 [main] INFO  http.BaseHttpServer (BaseHttpServer.java:<init>(189)) - HTTP server of hddsDatanode uses base directory /home/runner/work/ozone/ozone/hadoop-ozone/integration-test/target/test-dir/MiniOzoneClusterImpl-90660ac4-7e9c-448b-98ea-af4f808cf8d9/ozone-meta/datanode-2/meta/webserver
2024-09-17 10:41:02,536 [main] INFO  http.HttpServer2 (HttpServer2.java:bindListener(1235)) - Jetty bound to port 15112
2024-09-17 10:41:02,536 [main] INFO  server.Server (Server.java:doStart(375)) - jetty-9.4.56.v20240826; built: 2024-08-26T17:15:05.868Z; git: ec6782ff5ead824dabdcf47fa98f90a4aedff401; jvm 17.0.12+7
2024-09-17 10:41:02,537 [main] INFO  server.session (DefaultSessionIdManager.java:doStart(334)) - DefaultSessionIdManager workerName=node0
2024-09-17 10:41:02,537 [main] INFO  server.session (DefaultSessionIdManager.java:doStart(339)) - No SessionScavenger set, using defaults
2024-09-17 10:41:02,537 [main] INFO  server.session (HouseKeeper.java:startScavenging(132)) - node0 Scavenging every 600000ms
2024-09-17 10:41:02,538 [main] INFO  handler.ContextHandler (ContextHandler.java:doStart(921)) - Started o.e.j.s.ServletContextHandler@623732ac{logs,/logs,file:///home/runner/work/ozone/ozone/hadoop-ozone/integration-test/target/log,AVAILABLE}
2024-09-17 10:41:02,538 [main] INFO  handler.ContextHandler (ContextHandler.java:doStart(921)) - Started o.e.j.s.ServletContextHandler@57d6ac42{static,/static,jar:file:/home/runner/work/ozone/ozone/hadoop-hdds/container-service/target/hdds-container-service-1.5.0-SNAPSHOT.jar!/webapps/static,AVAILABLE}
2024-09-17 10:41:02,623 [omNode-2@group-523986131536-StateMachineUpdater] INFO  ratis.OzoneManagerStateMachine (OzoneManagerStateMachine.java:notifyConfigurationChanged(216)) - Received Configuration change notification from Ratis. New Peer list:
[id: "omNode-3"
address: "localhost:15101"
startupRole: FOLLOWER
, id: "omNode-1"
address: "localhost:15093"
startupRole: FOLLOWER
, id: "omNode-2"
address: "localhost:15097"
startupRole: FOLLOWER
]
2024-09-17 10:41:02,747 [main] INFO  handler.ContextHandler (ContextHandler.java:doStart(921)) - Started o.e.j.w.WebAppContext@483c5880{hddsDatanode,/,file:///home/runner/work/ozone/ozone/hadoop-ozone/integration-test/target/test-dir/MiniOzoneClusterImpl-90660ac4-7e9c-448b-98ea-af4f808cf8d9/ozone-meta/datanode-2/meta/webserver/jetty-0_0_0_0-15112-hdds-container-service-1_5_0-SNAPSHOT_jar-_-any-419205155771191857/webapp/,AVAILABLE}{jar:file:/home/runner/work/ozone/ozone/hadoop-hdds/container-service/target/hdds-container-service-1.5.0-SNAPSHOT.jar!/webapps/hddsDatanode}
2024-09-17 10:41:02,748 [main] INFO  server.AbstractConnector (AbstractConnector.java:doStart(333)) - Started ServerConnector@277ccec0{HTTP/1.1, (http/1.1)}{0.0.0.0:15112}
2024-09-17 10:41:02,748 [main] INFO  server.Server (Server.java:doStart(415)) - Started @95257ms
2024-09-17 10:41:02,749 [main] WARN  impl.MetricsSystemImpl (MetricsSystemImpl.java:register(279)) - Sink prometheus already exists!
2024-09-17 10:41:02,749 [main] INFO  http.BaseHttpServer (BaseHttpServer.java:updateConnectorAddress(354)) - HTTP server of hddsDatanode listening at http://0.0.0.0:15112
2024-09-17 10:41:02,750 [main] INFO  ipc.CallQueueManager (CallQueueManager.java:<init>(90)) - Using callQueue: class java.util.concurrent.LinkedBlockingQueue, queueCapacity: 1000, scheduler: class org.apache.hadoop.ipc.DefaultRpcScheduler, ipcBackoff: false.
2024-09-17 10:41:02,750 [main] INFO  ipc.Server (Server.java:<init>(1287)) - Listener at 0.0.0.0:15113
2024-09-17 10:41:02,755 [Socket Reader #1 for port 15113] INFO  ipc.Server (Server.java:run(1323)) - Starting Socket Reader #1 for port 15113
2024-09-17 10:41:02,756 [Socket Reader #2 for port 15113] INFO  ipc.Server (Server.java:run(1323)) - Starting Socket Reader #2 for port 15113
2024-09-17 10:41:02,757 [Socket Reader #3 for port 15113] INFO  ipc.Server (Server.java:run(1323)) - Starting Socket Reader #3 for port 15113
2024-09-17 10:41:02,761 [Socket Reader #4 for port 15113] INFO  ipc.Server (Server.java:run(1323)) - Starting Socket Reader #4 for port 15113
2024-09-17 10:41:02,768 [Socket Reader #5 for port 15113] INFO  ipc.Server (Server.java:run(1323)) - Starting Socket Reader #5 for port 15113
2024-09-17 10:41:02,768 [Socket Reader #7 for port 15113] INFO  ipc.Server (Server.java:run(1323)) - Starting Socket Reader #7 for port 15113
2024-09-17 10:41:02,768 [Socket Reader #8 for port 15113] INFO  ipc.Server (Server.java:run(1323)) - Starting Socket Reader #8 for port 15113
2024-09-17 10:41:02,769 [Socket Reader #6 for port 15113] INFO  ipc.Server (Server.java:run(1323)) - Starting Socket Reader #6 for port 15113
2024-09-17 10:41:02,769 [Socket Reader #9 for port 15113] INFO  ipc.Server (Server.java:run(1323)) - Starting Socket Reader #9 for port 15113
2024-09-17 10:41:02,773 [Socket Reader #10 for port 15113] INFO  ipc.Server (Server.java:run(1323)) - Starting Socket Reader #10 for port 15113
2024-09-17 10:41:02,775 [main] INFO  ozone.HddsDatanodeService (HddsDatanodeService.java:start(319)) - Datanode start with admins: [runner]
2024-09-17 10:41:02,775 [main] INFO  ozone.HddsDatanodeClientProtocolServer (HddsDatanodeClientProtocolServer.java:start(79)) - RPC server for Client /0.0.0.0:15113
2024-09-17 10:41:02,775 [IPC Server Responder] INFO  ipc.Server (Server.java:run(1562)) - IPC Server Responder: starting
2024-09-17 10:41:02,777 [IPC Server listener on 15113] INFO  ipc.Server (Server.java:run(1402)) - IPC Server listener on 15113: starting
2024-09-17 10:41:02,779 [main] WARN  dropwizard3.Dm3MetricRegistriesImpl (Dm3MetricRegistriesImpl.java:addReporterRegistration(114)) - New reporters are added after registries were created. Some metrics will be missing from the reporter. Please add reporter before adding any new registry.
2024-09-17 10:41:02,779 [main] WARN  dropwizard3.Dm3MetricRegistriesImpl (Dm3MetricRegistriesImpl.java:addReporterRegistration(114)) - New reporters are added after registries were created. Some metrics will be missing from the reporter. Please add reporter before adding any new registry.
2024-09-17 10:41:02,780 [main] INFO  impl.MetricsSystemImpl (MetricsSystemImpl.java:init(158)) - HddsDatanode metrics system started (again)
2024-09-17 10:41:02,785 [eb256187-4e2b-429a-8dc2-6eca9b88007e-DatanodeStateMachineDaemonThread] INFO  statemachine.DatanodeStateMachine (DatanodeStateMachine.java:startStateMachineThread(337)) - Ozone container server started.
2024-09-17 10:41:02,788 [eb256187-4e2b-429a-8dc2-6eca9b88007e-DatanodeStateMachineTaskThread-0] INFO  datanode.InitDatanodeState (InitDatanodeState.java:persistContainerDatanodeDetails(139)) - DatanodeDetails is persisted to /home/runner/work/ozone/ozone/hadoop-ozone/integration-test/target/test-dir/MiniOzoneClusterImpl-90660ac4-7e9c-448b-98ea-af4f808cf8d9/ozone-meta/datanode-2/meta/datanode.id
2024-09-17 10:41:02,790 [main] INFO  ozone.HddsDatanodeService (HddsDatanodeService.java:start(235)) - HddsDatanodeService host:fv-az977-14.54vqajsklskunmnrrituw3kufg.dx.internal.cloudapp.net ip:10.1.0.20
2024-09-17 10:41:02,792 [main] INFO  upgrade.AbstractLayoutVersionManager (AbstractLayoutVersionManager.java:init(83)) - Initializing Layout version manager with metadata layout = HBASE_SUPPORT (version = 8), software layout = HBASE_SUPPORT (version = 8)
2024-09-17 10:41:02,793 [main] INFO  statemachine.DatanodeStateMachine (DatanodeStateMachine.java:getEndPointTaskThreadPoolSize(294)) - Datanode State Machine Task Thread Pool size 2
2024-09-17 10:41:02,794 [main] INFO  volume.HddsVolume (HddsVolume.java:<init>(127)) - Creating HddsVolume: /home/runner/work/ozone/ozone/hadoop-ozone/integration-test/target/test-dir/MiniOzoneClusterImpl-90660ac4-7e9c-448b-98ea-af4f808cf8d9/ozone-meta/datanode-3/data-0/hdds of storage type : DISK capacity : 9222449699674390527
2024-09-17 10:41:02,795 [main] INFO  volume.MutableVolumeSet (MutableVolumeSet.java:initializeVolumeSet(173)) - Added Volume : /home/runner/work/ozone/ozone/hadoop-ozone/integration-test/target/test-dir/MiniOzoneClusterImpl-90660ac4-7e9c-448b-98ea-af4f808cf8d9/ozone-meta/datanode-3/data-0/hdds to VolumeSet
2024-09-17 10:41:02,795 [main] INFO  volume.MutableVolumeSet (MutableVolumeSet.java:initializeVolumeSet(173)) - Added Volume : /home/runner/work/ozone/ozone/hadoop-ozone/integration-test/target/test-dir/MiniOzoneClusterImpl-90660ac4-7e9c-448b-98ea-af4f808cf8d9/ozone-meta/datanode-3/ratis to VolumeSet
2024-09-17 10:41:02,796 [main] INFO  ozoneimpl.OzoneContainer (HddsVolumeUtil.java:loadAllHddsVolumeDbStore(103)) - Load 1 volumes DbStore cost: 0ms
2024-09-17 10:41:02,797 [main] INFO  impl.FilePerChunkStrategy (FilePerChunkStrategy.java:<init>(84)) - ozone.chunk.read.mapped.buffer.max.count is load with 0
2024-09-17 10:41:02,797 [main] INFO  impl.FilePerBlockStrategy (FilePerBlockStrategy.java:<init>(91)) - ozone.chunk.read.mapped.buffer.max.count is load with 0
2024-09-17 10:41:02,798 [main] INFO  server.RaftServerConfigKeys (ConfUtils.java:logGet(46)) - raft.server.log.appender.buffer.byte-limit = 33554432 (custom)
2024-09-17 10:41:02,799 [main] INFO  server.RaftServer (ConfUtils.java:logGet(46)) - raft.rpc.type = GRPC (default)
2024-09-17 10:41:02,799 [main] INFO  grpc.GrpcConfigKeys (ConfUtils.java:logFallback(53)) - raft.grpc.admin.host = null (fallback to raft.grpc.server.host)
2024-09-17 10:41:02,799 [main] INFO  grpc.GrpcConfigKeys (ConfUtils.java:logGet(46)) - raft.grpc.admin.port = 15124 (custom)
2024-09-17 10:41:02,799 [main] INFO  grpc.GrpcConfigKeys (ConfUtils.java:logFallback(53)) - raft.grpc.client.host = null (fallback to raft.grpc.server.host)
2024-09-17 10:41:02,799 [main] INFO  grpc.GrpcConfigKeys (ConfUtils.java:logGet(46)) - raft.grpc.client.port = 15124 (custom)
2024-09-17 10:41:02,800 [main] INFO  grpc.GrpcConfigKeys (ConfUtils.java:logGet(46)) - raft.grpc.server.host = null (default)
2024-09-17 10:41:02,800 [main] INFO  grpc.GrpcConfigKeys (ConfUtils.java:logGet(46)) - raft.grpc.server.port = 15124 (custom)
2024-09-17 10:41:02,800 [main] INFO  server.GrpcService (ConfUtils.java:logGet(46)) - raft.grpc.message.size.max = 34603008 (custom)
2024-09-17 10:41:02,800 [main] INFO  server.RaftServerConfigKeys (ConfUtils.java:logGet(46)) - raft.server.log.appender.buffer.byte-limit = 33554432 (custom)
2024-09-17 10:41:02,800 [main] INFO  server.GrpcService (ConfUtils.java:logGet(46)) - raft.grpc.flow.control.window = 5MB (=5242880) (custom)
2024-09-17 10:41:02,800 [main] INFO  server.RaftServerConfigKeys (ConfUtils.java:logGet(46)) - raft.server.rpc.request.timeout = 60s (custom)
2024-09-17 10:41:02,800 [main] INFO  grpc.GrpcConfigKeys (ConfUtils.java:logGet(46)) - raft.grpc.server.heartbeat.channel = true (default)
2024-09-17 10:41:02,800 [main] INFO  grpc.GrpcConfigKeys (ConfUtils.java:logGet(46)) - raft.grpc.server.async.request.thread.pool.cached = true (default)
2024-09-17 10:41:02,800 [main] INFO  grpc.GrpcConfigKeys (ConfUtils.java:logGet(46)) - raft.grpc.server.async.request.thread.pool.size = 32 (default)
2024-09-17 10:41:02,801 [main] INFO  impl.DataStreamServerImpl (ConfUtils.java:logGet(46)) - raft.datastream.type = NETTY (custom)
2024-09-17 10:41:02,802 [main] INFO  server.RaftServerConfigKeys (ConfUtils.java:logGet(46)) - raft.server.data-stream.async.request.thread.pool.cached = false (default)
2024-09-17 10:41:02,802 [main] INFO  server.RaftServerConfigKeys (ConfUtils.java:logGet(46)) - raft.server.data-stream.async.request.thread.pool.size = 20 (custom)
2024-09-17 10:41:02,802 [main] INFO  server.RaftServerConfigKeys (ConfUtils.java:logGet(46)) - raft.server.data-stream.async.write.thread.pool.size = 16 (default)
2024-09-17 10:41:02,802 [main] INFO  netty.NettyConfigKeys$DataStream (ConfUtils.java:logGet(46)) - raft.netty.dataStream.server.channel.inactive.grace-period = 10min (default)
2024-09-17 10:41:02,802 [main] INFO  server.RaftServerConfigKeys (ConfUtils.java:logGet(46)) - raft.server.data-stream.client.pool.size = 10 (default)
2024-09-17 10:41:02,802 [main] INFO  netty.NettyConfigKeys$DataStream (ConfUtils.java:logGet(46)) - raft.netty.dataStream.server.use-epoll = true (default)
2024-09-17 10:41:02,802 [main] INFO  netty.NettyConfigKeys$DataStream (ConfUtils.java:logGet(46)) - raft.netty.dataStream.server.boss-group.size = 0 (default)
2024-09-17 10:41:02,802 [main] INFO  netty.NettyUtils (NettyUtils.java:newEventLoopGroup(74)) - Create EpollEventLoopGroup for c84c3cd8-1177-42bf-a027-8b47ada8137b-NettyServerStreamRpc-bossGroup; Thread size is 0.
2024-09-17 10:41:02,803 [main] INFO  netty.NettyConfigKeys$DataStream (ConfUtils.java:logGet(46)) - raft.netty.dataStream.server.worker-group.size = 0 (default)
2024-09-17 10:41:02,803 [main] INFO  netty.NettyUtils (NettyUtils.java:newEventLoopGroup(74)) - Create EpollEventLoopGroup for c84c3cd8-1177-42bf-a027-8b47ada8137b-NettyServerStreamRpc-workerGroup; Thread size is 0.
2024-09-17 10:41:02,804 [main] INFO  netty.NettyConfigKeys$DataStream (ConfUtils.java:logGet(46)) - raft.netty.dataStream.server.tls.conf = null (default)
2024-09-17 10:41:02,804 [main] INFO  netty.NettyConfigKeys$DataStream (ConfUtils.java:logGet(46)) - raft.netty.dataStream.host = null (default)
2024-09-17 10:41:02,804 [main] INFO  netty.NettyConfigKeys$DataStream (ConfUtils.java:logGet(46)) - raft.netty.dataStream.port = 15127 (custom)
2024-09-17 10:41:02,804 [main] INFO  server.RaftServerConfigKeys (ConfUtils.java:logGet(46)) - raft.server.sleep.deviation.threshold = 300ms (default)
2024-09-17 10:41:02,804 [main] INFO  server.RaftServerConfigKeys (ConfUtils.java:logGet(46)) - raft.server.close.threshold = 60s (default)
2024-09-17 10:41:02,805 [main] INFO  server.RaftServerConfigKeys (ConfUtils.java:logGet(46)) - raft.server.leaderelection.leader.step-down.wait-time = 10s (default)
2024-09-17 10:41:02,804 [c84c3cd8-1177-42bf-a027-8b47ada8137b-NettyServerStreamRpc-bossGroup--thread1] INFO  logging.LoggingHandler (AbstractInternalLogger.java:log(148)) - [id: 0x77eb6680] REGISTERED
2024-09-17 10:41:02,805 [c84c3cd8-1177-42bf-a027-8b47ada8137b-NettyServerStreamRpc-bossGroup--thread1] INFO  logging.LoggingHandler (AbstractInternalLogger.java:log(148)) - [id: 0x77eb6680] BIND: 0.0.0.0/0.0.0.0:15127
2024-09-17 10:41:02,805 [c84c3cd8-1177-42bf-a027-8b47ada8137b-NettyServerStreamRpc-bossGroup--thread1] INFO  logging.LoggingHandler (AbstractInternalLogger.java:log(148)) - [id: 0x77eb6680, L:/0.0.0.0:15127] ACTIVE
2024-09-17 10:41:02,805 [main] INFO  server.RaftServerConfigKeys (ConfUtils.java:logGet(46)) - raft.server.storage.dir = [/home/runner/work/ozone/ozone/hadoop-ozone/integration-test/target/test-dir/MiniOzoneClusterImpl-90660ac4-7e9c-448b-98ea-af4f808cf8d9/ozone-meta/datanode-3/ratis] (custom)
2024-09-17 10:41:02,805 [main] INFO  server.RaftServerConfigKeys (ConfUtils.java:logGet(46)) - raft.server.threadpool.proxy.cached = true (default)
2024-09-17 10:41:02,805 [main] INFO  server.RaftServerConfigKeys (ConfUtils.java:logGet(46)) - raft.server.threadpool.proxy.size = 0 (default)
2024-09-17 10:41:02,808 [c84c3cd8-1177-42bf-a027-8b47ada8137b-impl-thread1] INFO  server.RaftServer (RaftServerProxy.java:initGroupDir(266)) - c84c3cd8-1177-42bf-a027-8b47ada8137b: found a subdirectory /home/runner/work/ozone/ozone/hadoop-ozone/integration-test/target/test-dir/MiniOzoneClusterImpl-90660ac4-7e9c-448b-98ea-af4f808cf8d9/ozone-meta/datanode-3/ratis/tmp
2024-09-17 10:41:02,808 [c84c3cd8-1177-42bf-a027-8b47ada8137b-impl-thread1] INFO  server.RaftServer (RaftServerProxy.java:initGroupDir(271)) - c84c3cd8-1177-42bf-a027-8b47ada8137b: The directory /home/runner/work/ozone/ozone/hadoop-ozone/integration-test/target/test-dir/MiniOzoneClusterImpl-90660ac4-7e9c-448b-98ea-af4f808cf8d9/ozone-meta/datanode-3/ratis/tmp is not a group directory; ignoring it. 
2024-09-17 10:41:02,808 [main] INFO  replication.ReplicationServer (ReplicationServer.java:<init>(86)) - Initializing replication server with thread count = 10 queue length = 4096
2024-09-17 10:41:02,810 [main] INFO  server.XceiverServerGrpc (XceiverServerGrpc.java:<init>(141)) - GrpcServer channel type EpollServerSocketChannel
2024-09-17 10:41:02,811 [main] INFO  replication.ReplicationSupervisor (ReplicationSupervisor.java:build(164)) - Initializing replication supervisor with thread count = 10
2024-09-17 10:41:02,811 [main] INFO  replication.ReplicationSupervisor (ReplicationSupervisor.java:nodeStateUpdated(336)) - Node state updated to IN_SERVICE, scaling executor pool size to 10
2024-09-17 10:41:02,815 [main] INFO  http.BaseHttpServer (BaseHttpServer.java:newHttpServer2BuilderForOzone(223)) - Starting Web-server for hddsDatanode at: http://0.0.0.0:15121
2024-09-17 10:41:02,815 [main] INFO  http.BaseHttpServer (BaseHttpServer.java:<init>(110)) - Hadoop Security Enabled: false Ozone Security Enabled: false Ozone HTTP Security Enabled: false 
2024-09-17 10:41:02,816 [main] WARN  server.AuthenticationFilter (AuthenticationFilter.java:constructSecretProvider(240)) - Unable to initialize FileSignerSecretProvider, falling back to use random secrets. Reason: Could not read signature secret file: /home/runner/hadoop-http-auth-signature-secret
2024-09-17 10:41:02,817 [main] INFO  http.HttpRequestLog (HttpRequestLog.java:getRequestLog(86)) - Http request log for http.requests.hddsDatanode is not defined
2024-09-17 10:41:02,819 [main] INFO  http.HttpServer2 (HttpServer2.java:addGlobalFilter(1035)) - Added global filter 'safety' (class=org.apache.hadoop.hdds.server.http.HttpServer2$QuotingInputFilter)
2024-09-17 10:41:02,819 [main] INFO  http.HttpServer2 (HttpServer2.java:addFilter(1011)) - Added filter static_user_filter (class=org.apache.hadoop.http.lib.StaticUserWebFilter$StaticUserFilter) to context hddsDatanode
2024-09-17 10:41:02,820 [main] INFO  http.HttpServer2 (HttpServer2.java:addFilter(1019)) - Added filter static_user_filter (class=org.apache.hadoop.http.lib.StaticUserWebFilter$StaticUserFilter) to context logs
2024-09-17 10:41:02,820 [main] INFO  http.HttpServer2 (HttpServer2.java:addFilter(1019)) - Added filter static_user_filter (class=org.apache.hadoop.http.lib.StaticUserWebFilter$StaticUserFilter) to context static
2024-09-17 10:41:02,823 [main] INFO  http.BaseHttpServer (BaseHttpServer.java:<init>(189)) - HTTP server of hddsDatanode uses base directory /home/runner/work/ozone/ozone/hadoop-ozone/integration-test/target/test-dir/MiniOzoneClusterImpl-90660ac4-7e9c-448b-98ea-af4f808cf8d9/ozone-meta/datanode-3/meta/webserver
2024-09-17 10:41:02,823 [main] INFO  http.HttpServer2 (HttpServer2.java:bindListener(1235)) - Jetty bound to port 15121
2024-09-17 10:41:02,823 [main] INFO  server.Server (Server.java:doStart(375)) - jetty-9.4.56.v20240826; built: 2024-08-26T17:15:05.868Z; git: ec6782ff5ead824dabdcf47fa98f90a4aedff401; jvm 17.0.12+7
2024-09-17 10:41:02,825 [main] INFO  server.session (DefaultSessionIdManager.java:doStart(334)) - DefaultSessionIdManager workerName=node0
2024-09-17 10:41:02,825 [main] INFO  server.session (DefaultSessionIdManager.java:doStart(339)) - No SessionScavenger set, using defaults
2024-09-17 10:41:02,825 [main] INFO  server.session (HouseKeeper.java:startScavenging(132)) - node0 Scavenging every 600000ms
2024-09-17 10:41:02,829 [main] INFO  handler.ContextHandler (ContextHandler.java:doStart(921)) - Started o.e.j.s.ServletContextHandler@2c4a4229{logs,/logs,file:///home/runner/work/ozone/ozone/hadoop-ozone/integration-test/target/log,AVAILABLE}
2024-09-17 10:41:02,830 [main] INFO  handler.ContextHandler (ContextHandler.java:doStart(921)) - Started o.e.j.s.ServletContextHandler@6a795ef6{static,/static,jar:file:/home/runner/work/ozone/ozone/hadoop-hdds/container-service/target/hdds-container-service-1.5.0-SNAPSHOT.jar!/webapps/static,AVAILABLE}
2024-09-17 10:41:03,025 [main] INFO  handler.ContextHandler (ContextHandler.java:doStart(921)) - Started o.e.j.w.WebAppContext@3f46eb74{hddsDatanode,/,file:///home/runner/work/ozone/ozone/hadoop-ozone/integration-test/target/test-dir/MiniOzoneClusterImpl-90660ac4-7e9c-448b-98ea-af4f808cf8d9/ozone-meta/datanode-3/meta/webserver/jetty-0_0_0_0-15121-hdds-container-service-1_5_0-SNAPSHOT_jar-_-any-2952577365818371454/webapp/,AVAILABLE}{jar:file:/home/runner/work/ozone/ozone/hadoop-hdds/container-service/target/hdds-container-service-1.5.0-SNAPSHOT.jar!/webapps/hddsDatanode}
2024-09-17 10:41:03,026 [main] INFO  server.AbstractConnector (AbstractConnector.java:doStart(333)) - Started ServerConnector@547b081e{HTTP/1.1, (http/1.1)}{0.0.0.0:15121}
2024-09-17 10:41:03,026 [main] INFO  server.Server (Server.java:doStart(415)) - Started @95535ms
2024-09-17 10:41:03,027 [main] WARN  impl.MetricsSystemImpl (MetricsSystemImpl.java:register(279)) - Sink prometheus already exists!
2024-09-17 10:41:03,027 [main] INFO  http.BaseHttpServer (BaseHttpServer.java:updateConnectorAddress(354)) - HTTP server of hddsDatanode listening at http://0.0.0.0:15121
2024-09-17 10:41:03,028 [main] INFO  ipc.CallQueueManager (CallQueueManager.java:<init>(90)) - Using callQueue: class java.util.concurrent.LinkedBlockingQueue, queueCapacity: 1000, scheduler: class org.apache.hadoop.ipc.DefaultRpcScheduler, ipcBackoff: false.
2024-09-17 10:41:03,028 [main] INFO  ipc.Server (Server.java:<init>(1287)) - Listener at 0.0.0.0:15122
2024-09-17 10:41:03,028 [Socket Reader #1 for port 15122] INFO  ipc.Server (Server.java:run(1323)) - Starting Socket Reader #1 for port 15122
2024-09-17 10:41:03,029 [Socket Reader #2 for port 15122] INFO  ipc.Server (Server.java:run(1323)) - Starting Socket Reader #2 for port 15122
2024-09-17 10:41:03,029 [Socket Reader #3 for port 15122] INFO  ipc.Server (Server.java:run(1323)) - Starting Socket Reader #3 for port 15122
2024-09-17 10:41:03,029 [Socket Reader #5 for port 15122] INFO  ipc.Server (Server.java:run(1323)) - Starting Socket Reader #5 for port 15122
2024-09-17 10:41:03,030 [Socket Reader #4 for port 15122] INFO  ipc.Server (Server.java:run(1323)) - Starting Socket Reader #4 for port 15122
2024-09-17 10:41:03,031 [Socket Reader #6 for port 15122] INFO  ipc.Server (Server.java:run(1323)) - Starting Socket Reader #6 for port 15122
2024-09-17 10:41:03,032 [Socket Reader #7 for port 15122] INFO  ipc.Server (Server.java:run(1323)) - Starting Socket Reader #7 for port 15122
2024-09-17 10:41:03,032 [Socket Reader #8 for port 15122] INFO  ipc.Server (Server.java:run(1323)) - Starting Socket Reader #8 for port 15122
2024-09-17 10:41:03,032 [Socket Reader #9 for port 15122] INFO  ipc.Server (Server.java:run(1323)) - Starting Socket Reader #9 for port 15122
2024-09-17 10:41:03,032 [Socket Reader #10 for port 15122] INFO  ipc.Server (Server.java:run(1323)) - Starting Socket Reader #10 for port 15122
2024-09-17 10:41:03,033 [main] INFO  ozone.HddsDatanodeService (HddsDatanodeService.java:start(319)) - Datanode start with admins: [runner]
2024-09-17 10:41:03,034 [main] INFO  ozone.HddsDatanodeClientProtocolServer (HddsDatanodeClientProtocolServer.java:start(79)) - RPC server for Client /0.0.0.0:15122
2024-09-17 10:41:03,034 [IPC Server Responder] INFO  ipc.Server (Server.java:run(1562)) - IPC Server Responder: starting
2024-09-17 10:41:03,034 [IPC Server listener on 15122] INFO  ipc.Server (Server.java:run(1402)) - IPC Server listener on 15122: starting
2024-09-17 10:41:03,035 [c84c3cd8-1177-42bf-a027-8b47ada8137b-DatanodeStateMachineDaemonThread] INFO  statemachine.DatanodeStateMachine (DatanodeStateMachine.java:startStateMachineThread(337)) - Ozone container server started.
2024-09-17 10:41:03,035 [main] INFO  ozone.MiniOzoneClusterImpl (MiniOzoneClusterImpl.java:lambda$waitForClusterToBeReady$0(198)) - Waiting for nodes to be ready. Got 0 of 3 DN Heartbeats.
2024-09-17 10:41:03,036 [main] INFO  ozone.MiniOzoneClusterImpl (MiniOzoneClusterImpl.java:lambda$waitForClusterToBeReady$0(201)) - Waiting for cluster to exit safe mode
2024-09-17 10:41:03,036 [main] INFO  ozone.MiniOzoneClusterImpl (MiniOzoneClusterImpl.java:lambda$waitForClusterToBeReady$0(203)) - SCM became leader
2024-09-17 10:41:03,037 [c84c3cd8-1177-42bf-a027-8b47ada8137b-DatanodeStateMachineTaskThread-0] INFO  datanode.InitDatanodeState (InitDatanodeState.java:persistContainerDatanodeDetails(139)) - DatanodeDetails is persisted to /home/runner/work/ozone/ozone/hadoop-ozone/integration-test/target/test-dir/MiniOzoneClusterImpl-90660ac4-7e9c-448b-98ea-af4f808cf8d9/ozone-meta/datanode-3/meta/datanode.id
2024-09-17 10:41:04,036 [main] INFO  ozone.MiniOzoneClusterImpl (MiniOzoneClusterImpl.java:lambda$waitForClusterToBeReady$0(198)) - Waiting for nodes to be ready. Got 0 of 3 DN Heartbeats.
2024-09-17 10:41:04,036 [main] INFO  ozone.MiniOzoneClusterImpl (MiniOzoneClusterImpl.java:lambda$waitForClusterToBeReady$0(201)) - Waiting for cluster to exit safe mode
2024-09-17 10:41:04,036 [main] INFO  ozone.MiniOzoneClusterImpl (MiniOzoneClusterImpl.java:lambda$waitForClusterToBeReady$0(203)) - SCM became leader
2024-09-17 10:41:04,529 [53457c10-51b1-485d-b312-794085cbc7f1-EndpointStateMachineTaskThread-/0.0.0.0:15088-0 ] INFO  utils.DatanodeStoreCache (DatanodeStoreCache.java:addDB(72)) - Added db /home/runner/work/ozone/ozone/hadoop-ozone/integration-test/target/test-dir/MiniOzoneClusterImpl-90660ac4-7e9c-448b-98ea-af4f808cf8d9/ozone-meta/datanode-1/data-0/hdds/90660ac4-7e9c-448b-98ea-af4f808cf8d9/DS-9fa5684e-32a1-4693-bf96-0b0ea16d109f/container.db to cache
2024-09-17 10:41:04,529 [53457c10-51b1-485d-b312-794085cbc7f1-EndpointStateMachineTaskThread-/0.0.0.0:15088-0 ] INFO  volume.HddsVolume (HddsVolume.java:createDbStore(429)) - SchemaV3 db is created and loaded at /home/runner/work/ozone/ozone/hadoop-ozone/integration-test/target/test-dir/MiniOzoneClusterImpl-90660ac4-7e9c-448b-98ea-af4f808cf8d9/ozone-meta/datanode-1/data-0/hdds/90660ac4-7e9c-448b-98ea-af4f808cf8d9/DS-9fa5684e-32a1-4693-bf96-0b0ea16d109f/container.db for volume DS-9fa5684e-32a1-4693-bf96-0b0ea16d109f
2024-09-17 10:41:04,531 [53457c10-51b1-485d-b312-794085cbc7f1-ContainerReader-0] INFO  ozoneimpl.ContainerReader (ContainerReader.java:readVolume(148)) - Start to verify containers on volume /home/runner/work/ozone/ozone/hadoop-ozone/integration-test/target/test-dir/MiniOzoneClusterImpl-90660ac4-7e9c-448b-98ea-af4f808cf8d9/ozone-meta/datanode-1/data-0/hdds
2024-09-17 10:41:04,531 [53457c10-51b1-485d-b312-794085cbc7f1-ContainerReader-0] INFO  ozoneimpl.ContainerReader (ContainerReader.java:readVolume(178)) - Finish verifying containers on volume /home/runner/work/ozone/ozone/hadoop-ozone/integration-test/target/test-dir/MiniOzoneClusterImpl-90660ac4-7e9c-448b-98ea-af4f808cf8d9/ozone-meta/datanode-1/data-0/hdds
2024-09-17 10:41:04,531 [53457c10-51b1-485d-b312-794085cbc7f1-EndpointStateMachineTaskThread-/0.0.0.0:15088-0 ] INFO  ozoneimpl.OzoneContainer (OzoneContainer.java:buildContainerSet(344)) - Build ContainerSet costs 0s
2024-09-17 10:41:04,532 [53457c10-51b1-485d-b312-794085cbc7f1-EndpointStateMachineTaskThread-/0.0.0.0:15088-0 ] INFO  volume.ThrottledAsyncChecker (ThrottledAsyncChecker.java:schedule(141)) - Scheduling a check for /home/runner/work/ozone/ozone/hadoop-ozone/integration-test/target/test-dir/MiniOzoneClusterImpl-90660ac4-7e9c-448b-98ea-af4f808cf8d9/ozone-meta/datanode-1/data-0/hdds
2024-09-17 10:41:04,533 [53457c10-51b1-485d-b312-794085cbc7f1-EndpointStateMachineTaskThread-/0.0.0.0:15088-0 ] INFO  volume.StorageVolumeChecker (StorageVolumeChecker.java:checkAllVolumes(218)) - Scheduled health check for volume /home/runner/work/ozone/ozone/hadoop-ozone/integration-test/target/test-dir/MiniOzoneClusterImpl-90660ac4-7e9c-448b-98ea-af4f808cf8d9/ozone-meta/datanode-1/data-0/hdds
2024-09-17 10:41:04,534 [53457c10-51b1-485d-b312-794085cbc7f1-EndpointStateMachineTaskThread-/0.0.0.0:15088-0 ] INFO  volume.ThrottledAsyncChecker (ThrottledAsyncChecker.java:schedule(141)) - Scheduling a check for /home/runner/work/ozone/ozone/hadoop-ozone/integration-test/target/test-dir/MiniOzoneClusterImpl-90660ac4-7e9c-448b-98ea-af4f808cf8d9/ozone-meta/datanode-1/ratis
2024-09-17 10:41:04,534 [53457c10-51b1-485d-b312-794085cbc7f1-EndpointStateMachineTaskThread-/0.0.0.0:15088-0 ] INFO  volume.StorageVolumeChecker (StorageVolumeChecker.java:checkAllVolumes(218)) - Scheduled health check for volume /home/runner/work/ozone/ozone/hadoop-ozone/integration-test/target/test-dir/MiniOzoneClusterImpl-90660ac4-7e9c-448b-98ea-af4f808cf8d9/ozone-meta/datanode-1/ratis
2024-09-17 10:41:04,535 [53457c10-51b1-485d-b312-794085cbc7f1-EndpointStateMachineTaskThread-/0.0.0.0:15088-0 ] INFO  ozoneimpl.OzoneContainer (OzoneContainer.java:start(475)) - Attempting to start container services.
2024-09-17 10:41:04,535 [ContainerMetadataScanner] INFO  ozoneimpl.AbstractBackgroundContainerScanner (AbstractBackgroundContainerScanner.java:runIteration(87)) - Completed an iteration in 0 minutes. Number of iterations (since the data-node restart) : 1, Number of containers scanned in this iteration : 0, Number of unhealthy containers found in this iteration : 0
2024-09-17 10:41:04,537 [ContainerDataScanner(/home/runner/work/ozone/ozone/hadoop-ozone/integration-test/target/test-dir/MiniOzoneClusterImpl-90660ac4-7e9c-448b-98ea-af4f808cf8d9/ozone-meta/datanode-1/data-0/hdds)] INFO  ozoneimpl.AbstractBackgroundContainerScanner (AbstractBackgroundContainerScanner.java:runIteration(87)) - Completed an iteration in 0 minutes. Number of iterations (since the data-node restart) : 1, Number of containers scanned in this iteration : 0, Number of unhealthy containers found in this iteration : 0
2024-09-17 10:41:04,537 [53457c10-51b1-485d-b312-794085cbc7f1-EndpointStateMachineTaskThread-/0.0.0.0:15088-0 ] INFO  replication.ReplicationServer (ReplicationServer.java:start(140)) - ReplicationServer is started using port 15110
2024-09-17 10:41:04,538 [53457c10-51b1-485d-b312-794085cbc7f1-EndpointStateMachineTaskThread-/0.0.0.0:15088-0 ] INFO  ratis.XceiverServerRatis (XceiverServerRatis.java:start(561)) - Starting XceiverServerRatis 53457c10-51b1-485d-b312-794085cbc7f1
2024-09-17 10:41:04,541 [53457c10-51b1-485d-b312-794085cbc7f1-EndpointStateMachineTaskThread-/0.0.0.0:15088-0 ] INFO  server.RaftServer (RaftServerProxy.java:startImpl(408)) - 53457c10-51b1-485d-b312-794085cbc7f1: start RPC server
2024-09-17 10:41:04,542 [53457c10-51b1-485d-b312-794085cbc7f1-EndpointStateMachineTaskThread-/0.0.0.0:15088-0 ] INFO  server.GrpcService (GrpcService.java:startImpl(302)) - 53457c10-51b1-485d-b312-794085cbc7f1: GrpcService started, listening on 15106
2024-09-17 10:41:04,542 [53457c10-51b1-485d-b312-794085cbc7f1-EndpointStateMachineTaskThread-/0.0.0.0:15088-0 ] INFO  ratis.XceiverServerRatis (XceiverServerRatis.java:getRealPort(587)) - XceiverServerRatis 53457c10-51b1-485d-b312-794085cbc7f1 is started using port 15106 for RATIS
2024-09-17 10:41:04,542 [53457c10-51b1-485d-b312-794085cbc7f1-EndpointStateMachineTaskThread-/0.0.0.0:15088-0 ] INFO  ratis.XceiverServerRatis (XceiverServerRatis.java:getRealPort(587)) - XceiverServerRatis 53457c10-51b1-485d-b312-794085cbc7f1 is started using port 15106 for RATIS_ADMIN
2024-09-17 10:41:04,542 [53457c10-51b1-485d-b312-794085cbc7f1-EndpointStateMachineTaskThread-/0.0.0.0:15088-0 ] INFO  ratis.XceiverServerRatis (XceiverServerRatis.java:getRealPort(587)) - XceiverServerRatis 53457c10-51b1-485d-b312-794085cbc7f1 is started using port 15106 for RATIS_SERVER
2024-09-17 10:41:04,542 [JvmPauseMonitor17] INFO  util.JvmPauseMonitor (JvmPauseMonitor.java:run(146)) - JvmPauseMonitor-53457c10-51b1-485d-b312-794085cbc7f1: Started
2024-09-17 10:41:04,542 [53457c10-51b1-485d-b312-794085cbc7f1-EndpointStateMachineTaskThread-/0.0.0.0:15088-0 ] INFO  ratis.XceiverServerRatis (XceiverServerRatis.java:getRealPort(587)) - XceiverServerRatis 53457c10-51b1-485d-b312-794085cbc7f1 is started using port 15109 for RATIS_DATASTREAM
2024-09-17 10:41:04,545 [53457c10-51b1-485d-b312-794085cbc7f1-BlockDeletingService#0] INFO  interfaces.ContainerDeletionChoosingPolicyTemplate (ContainerDeletionChoosingPolicyTemplate.java:chooseContainerForBlockDeletion(85)) - Chosen 0/5000 blocks from 0 candidate containers.
2024-09-17 10:41:04,816 [eb256187-4e2b-429a-8dc2-6eca9b88007e-EndpointStateMachineTaskThread-/0.0.0.0:15088-0 ] INFO  utils.DatanodeStoreCache (DatanodeStoreCache.java:addDB(72)) - Added db /home/runner/work/ozone/ozone/hadoop-ozone/integration-test/target/test-dir/MiniOzoneClusterImpl-90660ac4-7e9c-448b-98ea-af4f808cf8d9/ozone-meta/datanode-2/data-0/hdds/90660ac4-7e9c-448b-98ea-af4f808cf8d9/DS-b23c9a26-c09a-4b6b-b5d3-102ad54718c3/container.db to cache
2024-09-17 10:41:04,816 [eb256187-4e2b-429a-8dc2-6eca9b88007e-EndpointStateMachineTaskThread-/0.0.0.0:15088-0 ] INFO  volume.HddsVolume (HddsVolume.java:createDbStore(429)) - SchemaV3 db is created and loaded at /home/runner/work/ozone/ozone/hadoop-ozone/integration-test/target/test-dir/MiniOzoneClusterImpl-90660ac4-7e9c-448b-98ea-af4f808cf8d9/ozone-meta/datanode-2/data-0/hdds/90660ac4-7e9c-448b-98ea-af4f808cf8d9/DS-b23c9a26-c09a-4b6b-b5d3-102ad54718c3/container.db for volume DS-b23c9a26-c09a-4b6b-b5d3-102ad54718c3
2024-09-17 10:41:04,818 [eb256187-4e2b-429a-8dc2-6eca9b88007e-ContainerReader-0] INFO  ozoneimpl.ContainerReader (ContainerReader.java:readVolume(148)) - Start to verify containers on volume /home/runner/work/ozone/ozone/hadoop-ozone/integration-test/target/test-dir/MiniOzoneClusterImpl-90660ac4-7e9c-448b-98ea-af4f808cf8d9/ozone-meta/datanode-2/data-0/hdds
2024-09-17 10:41:04,818 [eb256187-4e2b-429a-8dc2-6eca9b88007e-ContainerReader-0] INFO  ozoneimpl.ContainerReader (ContainerReader.java:readVolume(178)) - Finish verifying containers on volume /home/runner/work/ozone/ozone/hadoop-ozone/integration-test/target/test-dir/MiniOzoneClusterImpl-90660ac4-7e9c-448b-98ea-af4f808cf8d9/ozone-meta/datanode-2/data-0/hdds
2024-09-17 10:41:04,818 [eb256187-4e2b-429a-8dc2-6eca9b88007e-EndpointStateMachineTaskThread-/0.0.0.0:15088-0 ] INFO  ozoneimpl.OzoneContainer (OzoneContainer.java:buildContainerSet(344)) - Build ContainerSet costs 0s
2024-09-17 10:41:04,818 [eb256187-4e2b-429a-8dc2-6eca9b88007e-EndpointStateMachineTaskThread-/0.0.0.0:15088-0 ] INFO  volume.ThrottledAsyncChecker (ThrottledAsyncChecker.java:schedule(141)) - Scheduling a check for /home/runner/work/ozone/ozone/hadoop-ozone/integration-test/target/test-dir/MiniOzoneClusterImpl-90660ac4-7e9c-448b-98ea-af4f808cf8d9/ozone-meta/datanode-2/data-0/hdds
2024-09-17 10:41:04,819 [eb256187-4e2b-429a-8dc2-6eca9b88007e-EndpointStateMachineTaskThread-/0.0.0.0:15088-0 ] INFO  volume.StorageVolumeChecker (StorageVolumeChecker.java:checkAllVolumes(218)) - Scheduled health check for volume /home/runner/work/ozone/ozone/hadoop-ozone/integration-test/target/test-dir/MiniOzoneClusterImpl-90660ac4-7e9c-448b-98ea-af4f808cf8d9/ozone-meta/datanode-2/data-0/hdds
2024-09-17 10:41:04,819 [eb256187-4e2b-429a-8dc2-6eca9b88007e-EndpointStateMachineTaskThread-/0.0.0.0:15088-0 ] INFO  volume.ThrottledAsyncChecker (ThrottledAsyncChecker.java:schedule(141)) - Scheduling a check for /home/runner/work/ozone/ozone/hadoop-ozone/integration-test/target/test-dir/MiniOzoneClusterImpl-90660ac4-7e9c-448b-98ea-af4f808cf8d9/ozone-meta/datanode-2/ratis
2024-09-17 10:41:04,820 [eb256187-4e2b-429a-8dc2-6eca9b88007e-EndpointStateMachineTaskThread-/0.0.0.0:15088-0 ] INFO  volume.StorageVolumeChecker (StorageVolumeChecker.java:checkAllVolumes(218)) - Scheduled health check for volume /home/runner/work/ozone/ozone/hadoop-ozone/integration-test/target/test-dir/MiniOzoneClusterImpl-90660ac4-7e9c-448b-98ea-af4f808cf8d9/ozone-meta/datanode-2/ratis
2024-09-17 10:41:04,820 [eb256187-4e2b-429a-8dc2-6eca9b88007e-EndpointStateMachineTaskThread-/0.0.0.0:15088-0 ] INFO  ozoneimpl.OzoneContainer (OzoneContainer.java:start(475)) - Attempting to start container services.
2024-09-17 10:41:04,820 [eb256187-4e2b-429a-8dc2-6eca9b88007e-EndpointStateMachineTaskThread-/0.0.0.0:15088-0 ] WARN  ozoneimpl.OnDemandContainerDataScanner (OnDemandContainerDataScanner.java:init(75)) - Trying to initialize on demand scanner a second time on a datanode.
2024-09-17 10:41:04,821 [ContainerMetadataScanner] INFO  ozoneimpl.AbstractBackgroundContainerScanner (AbstractBackgroundContainerScanner.java:runIteration(87)) - Completed an iteration in 0 minutes. Number of iterations (since the data-node restart) : 1, Number of containers scanned in this iteration : 0, Number of unhealthy containers found in this iteration : 0
2024-09-17 10:41:04,821 [ContainerDataScanner(/home/runner/work/ozone/ozone/hadoop-ozone/integration-test/target/test-dir/MiniOzoneClusterImpl-90660ac4-7e9c-448b-98ea-af4f808cf8d9/ozone-meta/datanode-2/data-0/hdds)] INFO  ozoneimpl.AbstractBackgroundContainerScanner (AbstractBackgroundContainerScanner.java:runIteration(87)) - Completed an iteration in 0 minutes. Number of iterations (since the data-node restart) : 1, Number of containers scanned in this iteration : 0, Number of unhealthy containers found in this iteration : 0
2024-09-17 10:41:04,822 [eb256187-4e2b-429a-8dc2-6eca9b88007e-EndpointStateMachineTaskThread-/0.0.0.0:15088-0 ] INFO  replication.ReplicationServer (ReplicationServer.java:start(140)) - ReplicationServer is started using port 15119
2024-09-17 10:41:04,822 [eb256187-4e2b-429a-8dc2-6eca9b88007e-EndpointStateMachineTaskThread-/0.0.0.0:15088-0 ] INFO  ratis.XceiverServerRatis (XceiverServerRatis.java:start(561)) - Starting XceiverServerRatis eb256187-4e2b-429a-8dc2-6eca9b88007e
2024-09-17 10:41:04,822 [eb256187-4e2b-429a-8dc2-6eca9b88007e-EndpointStateMachineTaskThread-/0.0.0.0:15088-0 ] INFO  server.RaftServer (RaftServerProxy.java:startImpl(408)) - eb256187-4e2b-429a-8dc2-6eca9b88007e: start RPC server
2024-09-17 10:41:04,822 [eb256187-4e2b-429a-8dc2-6eca9b88007e-EndpointStateMachineTaskThread-/0.0.0.0:15088-0 ] INFO  server.GrpcService (GrpcService.java:startImpl(302)) - eb256187-4e2b-429a-8dc2-6eca9b88007e: GrpcService started, listening on 15115
2024-09-17 10:41:04,823 [eb256187-4e2b-429a-8dc2-6eca9b88007e-EndpointStateMachineTaskThread-/0.0.0.0:15088-0 ] INFO  ratis.XceiverServerRatis (XceiverServerRatis.java:getRealPort(587)) - XceiverServerRatis eb256187-4e2b-429a-8dc2-6eca9b88007e is started using port 15115 for RATIS
2024-09-17 10:41:04,823 [JvmPauseMonitor18] INFO  util.JvmPauseMonitor (JvmPauseMonitor.java:run(146)) - JvmPauseMonitor-eb256187-4e2b-429a-8dc2-6eca9b88007e: Started
2024-09-17 10:41:04,823 [eb256187-4e2b-429a-8dc2-6eca9b88007e-EndpointStateMachineTaskThread-/0.0.0.0:15088-0 ] INFO  ratis.XceiverServerRatis (XceiverServerRatis.java:getRealPort(587)) - XceiverServerRatis eb256187-4e2b-429a-8dc2-6eca9b88007e is started using port 15115 for RATIS_ADMIN
2024-09-17 10:41:04,823 [eb256187-4e2b-429a-8dc2-6eca9b88007e-EndpointStateMachineTaskThread-/0.0.0.0:15088-0 ] INFO  ratis.XceiverServerRatis (XceiverServerRatis.java:getRealPort(587)) - XceiverServerRatis eb256187-4e2b-429a-8dc2-6eca9b88007e is started using port 15115 for RATIS_SERVER
2024-09-17 10:41:04,823 [eb256187-4e2b-429a-8dc2-6eca9b88007e-EndpointStateMachineTaskThread-/0.0.0.0:15088-0 ] INFO  ratis.XceiverServerRatis (XceiverServerRatis.java:getRealPort(587)) - XceiverServerRatis eb256187-4e2b-429a-8dc2-6eca9b88007e is started using port 15118 for RATIS_DATASTREAM
2024-09-17 10:41:04,824 [eb256187-4e2b-429a-8dc2-6eca9b88007e-BlockDeletingService#0] INFO  interfaces.ContainerDeletionChoosingPolicyTemplate (ContainerDeletionChoosingPolicyTemplate.java:chooseContainerForBlockDeletion(85)) - Chosen 0/5000 blocks from 0 candidate containers.
2024-09-17 10:41:05,036 [main] INFO  ozone.MiniOzoneClusterImpl (MiniOzoneClusterImpl.java:lambda$waitForClusterToBeReady$0(198)) - Waiting for nodes to be ready. Got 0 of 3 DN Heartbeats.
2024-09-17 10:41:05,037 [main] INFO  ozone.MiniOzoneClusterImpl (MiniOzoneClusterImpl.java:lambda$waitForClusterToBeReady$0(201)) - Waiting for cluster to exit safe mode
2024-09-17 10:41:05,037 [main] INFO  ozone.MiniOzoneClusterImpl (MiniOzoneClusterImpl.java:lambda$waitForClusterToBeReady$0(203)) - SCM became leader
2024-09-17 10:41:05,065 [c84c3cd8-1177-42bf-a027-8b47ada8137b-EndpointStateMachineTaskThread-/0.0.0.0:15088-0 ] INFO  utils.DatanodeStoreCache (DatanodeStoreCache.java:addDB(72)) - Added db /home/runner/work/ozone/ozone/hadoop-ozone/integration-test/target/test-dir/MiniOzoneClusterImpl-90660ac4-7e9c-448b-98ea-af4f808cf8d9/ozone-meta/datanode-3/data-0/hdds/90660ac4-7e9c-448b-98ea-af4f808cf8d9/DS-08585059-5b4b-4761-af00-d251d64d0b49/container.db to cache
2024-09-17 10:41:05,065 [c84c3cd8-1177-42bf-a027-8b47ada8137b-EndpointStateMachineTaskThread-/0.0.0.0:15088-0 ] INFO  volume.HddsVolume (HddsVolume.java:createDbStore(429)) - SchemaV3 db is created and loaded at /home/runner/work/ozone/ozone/hadoop-ozone/integration-test/target/test-dir/MiniOzoneClusterImpl-90660ac4-7e9c-448b-98ea-af4f808cf8d9/ozone-meta/datanode-3/data-0/hdds/90660ac4-7e9c-448b-98ea-af4f808cf8d9/DS-08585059-5b4b-4761-af00-d251d64d0b49/container.db for volume DS-08585059-5b4b-4761-af00-d251d64d0b49
2024-09-17 10:41:05,069 [c84c3cd8-1177-42bf-a027-8b47ada8137b-ContainerReader-0] INFO  ozoneimpl.ContainerReader (ContainerReader.java:readVolume(148)) - Start to verify containers on volume /home/runner/work/ozone/ozone/hadoop-ozone/integration-test/target/test-dir/MiniOzoneClusterImpl-90660ac4-7e9c-448b-98ea-af4f808cf8d9/ozone-meta/datanode-3/data-0/hdds
2024-09-17 10:41:05,069 [c84c3cd8-1177-42bf-a027-8b47ada8137b-ContainerReader-0] INFO  ozoneimpl.ContainerReader (ContainerReader.java:readVolume(178)) - Finish verifying containers on volume /home/runner/work/ozone/ozone/hadoop-ozone/integration-test/target/test-dir/MiniOzoneClusterImpl-90660ac4-7e9c-448b-98ea-af4f808cf8d9/ozone-meta/datanode-3/data-0/hdds
2024-09-17 10:41:05,069 [c84c3cd8-1177-42bf-a027-8b47ada8137b-EndpointStateMachineTaskThread-/0.0.0.0:15088-0 ] INFO  ozoneimpl.OzoneContainer (OzoneContainer.java:buildContainerSet(344)) - Build ContainerSet costs 0s
2024-09-17 10:41:05,070 [c84c3cd8-1177-42bf-a027-8b47ada8137b-EndpointStateMachineTaskThread-/0.0.0.0:15088-0 ] INFO  volume.ThrottledAsyncChecker (ThrottledAsyncChecker.java:schedule(141)) - Scheduling a check for /home/runner/work/ozone/ozone/hadoop-ozone/integration-test/target/test-dir/MiniOzoneClusterImpl-90660ac4-7e9c-448b-98ea-af4f808cf8d9/ozone-meta/datanode-3/data-0/hdds
2024-09-17 10:41:05,070 [c84c3cd8-1177-42bf-a027-8b47ada8137b-EndpointStateMachineTaskThread-/0.0.0.0:15088-0 ] INFO  volume.StorageVolumeChecker (StorageVolumeChecker.java:checkAllVolumes(218)) - Scheduled health check for volume /home/runner/work/ozone/ozone/hadoop-ozone/integration-test/target/test-dir/MiniOzoneClusterImpl-90660ac4-7e9c-448b-98ea-af4f808cf8d9/ozone-meta/datanode-3/data-0/hdds
2024-09-17 10:41:05,071 [c84c3cd8-1177-42bf-a027-8b47ada8137b-EndpointStateMachineTaskThread-/0.0.0.0:15088-0 ] INFO  volume.ThrottledAsyncChecker (ThrottledAsyncChecker.java:schedule(141)) - Scheduling a check for /home/runner/work/ozone/ozone/hadoop-ozone/integration-test/target/test-dir/MiniOzoneClusterImpl-90660ac4-7e9c-448b-98ea-af4f808cf8d9/ozone-meta/datanode-3/ratis
2024-09-17 10:41:05,071 [c84c3cd8-1177-42bf-a027-8b47ada8137b-EndpointStateMachineTaskThread-/0.0.0.0:15088-0 ] INFO  volume.StorageVolumeChecker (StorageVolumeChecker.java:checkAllVolumes(218)) - Scheduled health check for volume /home/runner/work/ozone/ozone/hadoop-ozone/integration-test/target/test-dir/MiniOzoneClusterImpl-90660ac4-7e9c-448b-98ea-af4f808cf8d9/ozone-meta/datanode-3/ratis
2024-09-17 10:41:05,072 [c84c3cd8-1177-42bf-a027-8b47ada8137b-EndpointStateMachineTaskThread-/0.0.0.0:15088-0 ] INFO  ozoneimpl.OzoneContainer (OzoneContainer.java:start(475)) - Attempting to start container services.
2024-09-17 10:41:05,072 [c84c3cd8-1177-42bf-a027-8b47ada8137b-EndpointStateMachineTaskThread-/0.0.0.0:15088-0 ] WARN  ozoneimpl.OnDemandContainerDataScanner (OnDemandContainerDataScanner.java:init(75)) - Trying to initialize on demand scanner a second time on a datanode.
2024-09-17 10:41:05,073 [ContainerMetadataScanner] INFO  ozoneimpl.AbstractBackgroundContainerScanner (AbstractBackgroundContainerScanner.java:runIteration(87)) - Completed an iteration in 0 minutes. Number of iterations (since the data-node restart) : 1, Number of containers scanned in this iteration : 0, Number of unhealthy containers found in this iteration : 0
2024-09-17 10:41:05,073 [ContainerDataScanner(/home/runner/work/ozone/ozone/hadoop-ozone/integration-test/target/test-dir/MiniOzoneClusterImpl-90660ac4-7e9c-448b-98ea-af4f808cf8d9/ozone-meta/datanode-3/data-0/hdds)] INFO  ozoneimpl.AbstractBackgroundContainerScanner (AbstractBackgroundContainerScanner.java:runIteration(87)) - Completed an iteration in 0 minutes. Number of iterations (since the data-node restart) : 1, Number of containers scanned in this iteration : 0, Number of unhealthy containers found in this iteration : 0
2024-09-17 10:41:05,073 [c84c3cd8-1177-42bf-a027-8b47ada8137b-EndpointStateMachineTaskThread-/0.0.0.0:15088-0 ] INFO  replication.ReplicationServer (ReplicationServer.java:start(140)) - ReplicationServer is started using port 15128
2024-09-17 10:41:05,073 [c84c3cd8-1177-42bf-a027-8b47ada8137b-EndpointStateMachineTaskThread-/0.0.0.0:15088-0 ] INFO  ratis.XceiverServerRatis (XceiverServerRatis.java:start(561)) - Starting XceiverServerRatis c84c3cd8-1177-42bf-a027-8b47ada8137b
2024-09-17 10:41:05,074 [c84c3cd8-1177-42bf-a027-8b47ada8137b-EndpointStateMachineTaskThread-/0.0.0.0:15088-0 ] INFO  server.RaftServer (RaftServerProxy.java:startImpl(408)) - c84c3cd8-1177-42bf-a027-8b47ada8137b: start RPC server
2024-09-17 10:41:05,074 [c84c3cd8-1177-42bf-a027-8b47ada8137b-EndpointStateMachineTaskThread-/0.0.0.0:15088-0 ] INFO  server.GrpcService (GrpcService.java:startImpl(302)) - c84c3cd8-1177-42bf-a027-8b47ada8137b: GrpcService started, listening on 15124
2024-09-17 10:41:05,074 [c84c3cd8-1177-42bf-a027-8b47ada8137b-EndpointStateMachineTaskThread-/0.0.0.0:15088-0 ] INFO  ratis.XceiverServerRatis (XceiverServerRatis.java:getRealPort(587)) - XceiverServerRatis c84c3cd8-1177-42bf-a027-8b47ada8137b is started using port 15124 for RATIS
2024-09-17 10:41:05,074 [c84c3cd8-1177-42bf-a027-8b47ada8137b-EndpointStateMachineTaskThread-/0.0.0.0:15088-0 ] INFO  ratis.XceiverServerRatis (XceiverServerRatis.java:getRealPort(587)) - XceiverServerRatis c84c3cd8-1177-42bf-a027-8b47ada8137b is started using port 15124 for RATIS_ADMIN
2024-09-17 10:41:05,074 [c84c3cd8-1177-42bf-a027-8b47ada8137b-EndpointStateMachineTaskThread-/0.0.0.0:15088-0 ] INFO  ratis.XceiverServerRatis (XceiverServerRatis.java:getRealPort(587)) - XceiverServerRatis c84c3cd8-1177-42bf-a027-8b47ada8137b is started using port 15124 for RATIS_SERVER
2024-09-17 10:41:05,074 [c84c3cd8-1177-42bf-a027-8b47ada8137b-EndpointStateMachineTaskThread-/0.0.0.0:15088-0 ] INFO  ratis.XceiverServerRatis (XceiverServerRatis.java:getRealPort(587)) - XceiverServerRatis c84c3cd8-1177-42bf-a027-8b47ada8137b is started using port 15127 for RATIS_DATASTREAM
2024-09-17 10:41:05,074 [JvmPauseMonitor19] INFO  util.JvmPauseMonitor (JvmPauseMonitor.java:run(146)) - JvmPauseMonitor-c84c3cd8-1177-42bf-a027-8b47ada8137b: Started
2024-09-17 10:41:05,075 [c84c3cd8-1177-42bf-a027-8b47ada8137b-BlockDeletingService#0] INFO  interfaces.ContainerDeletionChoosingPolicyTemplate (ContainerDeletionChoosingPolicyTemplate.java:chooseContainerForBlockDeletion(85)) - Chosen 0/5000 blocks from 0 candidate containers.
2024-09-17 10:41:06,037 [main] INFO  ozone.MiniOzoneClusterImpl (MiniOzoneClusterImpl.java:lambda$waitForClusterToBeReady$0(198)) - Waiting for nodes to be ready. Got 0 of 3 DN Heartbeats.
2024-09-17 10:41:06,037 [main] INFO  ozone.MiniOzoneClusterImpl (MiniOzoneClusterImpl.java:lambda$waitForClusterToBeReady$0(201)) - Waiting for cluster to exit safe mode
2024-09-17 10:41:06,037 [main] INFO  ozone.MiniOzoneClusterImpl (MiniOzoneClusterImpl.java:lambda$waitForClusterToBeReady$0(203)) - SCM became leader
2024-09-17 10:41:06,495 [IPC Server handler 0 on default port 15088] INFO  net.NetworkTopologyImpl (NetworkTopologyImpl.java:add(134)) - Added a new node: /default-rack/53457c10-51b1-485d-b312-794085cbc7f1
2024-09-17 10:41:06,495 [IPC Server handler 0 on default port 15088] INFO  node.SCMNodeManager (SCMNodeManager.java:register(424)) - Registered datanode: 53457c10-51b1-485d-b312-794085cbc7f1{ip: 127.0.0.1, host: localhost, ports: [HTTP=15103, CLIENT_RPC=15104, REPLICATION=15110, RATIS=15106, RATIS_ADMIN=15106, RATIS_SERVER=15106, RATIS_DATASTREAM=15109, STANDALONE=15105], networkLocation: /default-rack, certSerialId: null, persistedOpState: null, persistedOpStateExpiryEpochSec: 0}
2024-09-17 10:41:06,495 [EventQueue-NewNodeForNewNodeHandler] INFO  pipeline.BackgroundPipelineCreator (BackgroundPipelineCreator.java:notifyEventTriggered(280)) - trigger a one-shot run on RatisPipelineUtilsThread.
2024-09-17 10:41:06,495 [EventQueue-NodeRegistrationContainerReportForDataNodeSafeModeRule] INFO  safemode.SCMSafeModeManager (DataNodeSafeModeRule.java:process(71)) - SCM in safe mode. 1 DataNodes registered, 3 required.
2024-09-17 10:41:06,496 [RatisPipelineUtilsThread-0] INFO  pipeline.RatisPipelineProvider (RatisPipelineProvider.java:lambda$create$0(205)) - Sending CreatePipelineCommand for pipeline:PipelineID=26e312c5-8b93-4264-aafc-87673aa3395c to datanode:53457c10-51b1-485d-b312-794085cbc7f1
2024-09-17 10:41:06,496 [EventQueue-NodeRegistrationContainerReportForContainerSafeModeRule] INFO  safemode.SCMSafeModeManager (SCMSafeModeManager.java:validateSafeModeExitRules(203)) - ContainerSafeModeRule rule is successfully validated
2024-09-17 10:41:06,496 [EventQueue-PipelineReportForOneReplicaPipelineSafeModeRule] INFO  safemode.SCMSafeModeManager (SCMSafeModeManager.java:validateSafeModeExitRules(203)) - AtleastOneDatanodeReportedRule rule is successfully validated
2024-09-17 10:41:06,497 [RatisPipelineUtilsThread-0] INFO  pipeline.BackgroundPipelineCreator (BackgroundPipelineCreator.java:createPipelines(236)) - Created new pipeline Pipeline[ Id: 26e312c5-8b93-4264-aafc-87673aa3395c, Nodes: 53457c10-51b1-485d-b312-794085cbc7f1(localhost/127.0.0.1) ReplicaIndex: 0, ReplicationConfig: RATIS/ONE, State:ALLOCATED, leaderId:, CreationTimestamp2024-09-17T10:41:06.496047709Z[Etc/UTC]]
2024-09-17 10:41:06,788 [IPC Server handler 1 on default port 15088] INFO  net.NetworkTopologyImpl (NetworkTopologyImpl.java:add(134)) - Added a new node: /default-rack/eb256187-4e2b-429a-8dc2-6eca9b88007e
2024-09-17 10:41:06,788 [IPC Server handler 1 on default port 15088] INFO  node.SCMNodeManager (SCMNodeManager.java:register(424)) - Registered datanode: eb256187-4e2b-429a-8dc2-6eca9b88007e{ip: 127.0.0.1, host: localhost, ports: [HTTP=15112, CLIENT_RPC=15113, REPLICATION=15119, RATIS=15115, RATIS_ADMIN=15115, RATIS_SERVER=15115, RATIS_DATASTREAM=15118, STANDALONE=15114], networkLocation: /default-rack, certSerialId: null, persistedOpState: null, persistedOpStateExpiryEpochSec: 0}
2024-09-17 10:41:06,788 [EventQueue-NodeRegistrationContainerReportForDataNodeSafeModeRule] INFO  safemode.SCMSafeModeManager (DataNodeSafeModeRule.java:process(71)) - SCM in safe mode. 2 DataNodes registered, 3 required.
2024-09-17 10:41:06,788 [EventQueue-NewNodeForNewNodeHandler] INFO  pipeline.BackgroundPipelineCreator (BackgroundPipelineCreator.java:notifyEventTriggered(280)) - trigger a one-shot run on RatisPipelineUtilsThread.
2024-09-17 10:41:06,789 [RatisPipelineUtilsThread-0] INFO  pipeline.RatisPipelineProvider (RatisPipelineProvider.java:lambda$create$0(205)) - Sending CreatePipelineCommand for pipeline:PipelineID=cf90e5a1-d452-4d2c-a627-0c6a6a2abc1b to datanode:eb256187-4e2b-429a-8dc2-6eca9b88007e
2024-09-17 10:41:06,789 [RatisPipelineUtilsThread-0] INFO  pipeline.BackgroundPipelineCreator (BackgroundPipelineCreator.java:createPipelines(236)) - Created new pipeline Pipeline[ Id: cf90e5a1-d452-4d2c-a627-0c6a6a2abc1b, Nodes: eb256187-4e2b-429a-8dc2-6eca9b88007e(localhost/127.0.0.1) ReplicaIndex: 0, ReplicationConfig: RATIS/ONE, State:ALLOCATED, leaderId:, CreationTimestamp2024-09-17T10:41:06.789419441Z[Etc/UTC]]
2024-09-17 10:41:07,037 [main] INFO  ozone.MiniOzoneClusterImpl (MiniOzoneClusterImpl.java:lambda$waitForClusterToBeReady$0(198)) - Waiting for nodes to be ready. Got 2 of 3 DN Heartbeats.
2024-09-17 10:41:07,038 [main] INFO  ozone.MiniOzoneClusterImpl (MiniOzoneClusterImpl.java:lambda$waitForClusterToBeReady$0(201)) - Waiting for cluster to exit safe mode
2024-09-17 10:41:07,038 [main] INFO  ozone.MiniOzoneClusterImpl (MiniOzoneClusterImpl.java:lambda$waitForClusterToBeReady$0(203)) - SCM became leader
2024-09-17 10:41:07,037 [IPC Server handler 2 on default port 15088] INFO  net.NetworkTopologyImpl (NetworkTopologyImpl.java:add(134)) - Added a new node: /default-rack/c84c3cd8-1177-42bf-a027-8b47ada8137b
2024-09-17 10:41:07,038 [IPC Server handler 2 on default port 15088] INFO  node.SCMNodeManager (SCMNodeManager.java:register(424)) - Registered datanode: c84c3cd8-1177-42bf-a027-8b47ada8137b{ip: 127.0.0.1, host: localhost, ports: [HTTP=15121, CLIENT_RPC=15122, REPLICATION=15128, RATIS=15124, RATIS_ADMIN=15124, RATIS_SERVER=15124, RATIS_DATASTREAM=15127, STANDALONE=15123], networkLocation: /default-rack, certSerialId: null, persistedOpState: null, persistedOpStateExpiryEpochSec: 0}
2024-09-17 10:41:07,038 [EventQueue-NodeRegistrationContainerReportForDataNodeSafeModeRule] INFO  safemode.SCMSafeModeManager (DataNodeSafeModeRule.java:process(71)) - SCM in safe mode. 3 DataNodes registered, 3 required.
2024-09-17 10:41:07,038 [EventQueue-NodeRegistrationContainerReportForDataNodeSafeModeRule] INFO  safemode.SCMSafeModeManager (SCMSafeModeManager.java:validateSafeModeExitRules(203)) - DataNodeSafeModeRule rule is successfully validated
2024-09-17 10:41:07,038 [EventQueue-NodeRegistrationContainerReportForDataNodeSafeModeRule] INFO  safemode.SCMSafeModeManager (SCMSafeModeManager.java:completePreCheck(232)) - All SCM safe mode pre check rules have passed
2024-09-17 10:41:07,038 [EventQueue-NodeRegistrationContainerReportForDataNodeSafeModeRule] INFO  ha.SCMContext (SCMContext.java:updateSafeModeStatus(225)) - Update SafeModeStatus from SafeModeStatus{safeModeStatus=true, preCheckPassed=false} to SafeModeStatus{safeModeStatus=true, preCheckPassed=true}.
2024-09-17 10:41:07,038 [EventQueue-NodeRegistrationContainerReportForDataNodeSafeModeRule] INFO  pipeline.BackgroundPipelineCreator (BackgroundPipelineCreator.java:notifyEventTriggered(280)) - trigger a one-shot run on RatisPipelineUtilsThread.
2024-09-17 10:41:07,038 [EventQueue-NewNodeForNewNodeHandler] INFO  pipeline.BackgroundPipelineCreator (BackgroundPipelineCreator.java:notifyEventTriggered(280)) - trigger a one-shot run on RatisPipelineUtilsThread.
2024-09-17 10:41:07,039 [RatisPipelineUtilsThread-0] INFO  pipeline.RatisPipelineProvider (RatisPipelineProvider.java:lambda$create$0(205)) - Sending CreatePipelineCommand for pipeline:PipelineID=99964627-5e4e-4491-875f-8be6d7c8a7a2 to datanode:c84c3cd8-1177-42bf-a027-8b47ada8137b
2024-09-17 10:41:07,040 [RatisPipelineUtilsThread-0] INFO  pipeline.BackgroundPipelineCreator (BackgroundPipelineCreator.java:createPipelines(236)) - Created new pipeline Pipeline[ Id: 99964627-5e4e-4491-875f-8be6d7c8a7a2, Nodes: c84c3cd8-1177-42bf-a027-8b47ada8137b(localhost/127.0.0.1) ReplicaIndex: 0, ReplicationConfig: RATIS/ONE, State:ALLOCATED, leaderId:, CreationTimestamp2024-09-17T10:41:07.039482558Z[Etc/UTC]]
2024-09-17 10:41:07,040 [RatisPipelineUtilsThread-0] INFO  pipeline.RatisPipelineProvider (RatisPipelineProvider.java:lambda$create$0(205)) - Sending CreatePipelineCommand for pipeline:PipelineID=61c62403-558d-4de3-8722-9116c400858e to datanode:eb256187-4e2b-429a-8dc2-6eca9b88007e
2024-09-17 10:41:07,040 [RatisPipelineUtilsThread-0] INFO  pipeline.RatisPipelineProvider (RatisPipelineProvider.java:lambda$create$0(205)) - Sending CreatePipelineCommand for pipeline:PipelineID=61c62403-558d-4de3-8722-9116c400858e to datanode:c84c3cd8-1177-42bf-a027-8b47ada8137b
2024-09-17 10:41:07,040 [RatisPipelineUtilsThread-0] INFO  pipeline.RatisPipelineProvider (RatisPipelineProvider.java:lambda$create$0(205)) - Sending CreatePipelineCommand for pipeline:PipelineID=61c62403-558d-4de3-8722-9116c400858e to datanode:53457c10-51b1-485d-b312-794085cbc7f1
2024-09-17 10:41:07,040 [RatisPipelineUtilsThread-0] INFO  pipeline.BackgroundPipelineCreator (BackgroundPipelineCreator.java:createPipelines(236)) - Created new pipeline Pipeline[ Id: 61c62403-558d-4de3-8722-9116c400858e, Nodes: eb256187-4e2b-429a-8dc2-6eca9b88007e(localhost/127.0.0.1) ReplicaIndex: 0c84c3cd8-1177-42bf-a027-8b47ada8137b(localhost/127.0.0.1) ReplicaIndex: 053457c10-51b1-485d-b312-794085cbc7f1(localhost/127.0.0.1) ReplicaIndex: 0, ReplicationConfig: RATIS/THREE, State:ALLOCATED, leaderId:, CreationTimestamp2024-09-17T10:41:07.040473528Z[Etc/UTC]]
2024-09-17 10:41:07,041 [RatisPipelineUtilsThread-0] INFO  pipeline.RatisPipelineProvider (RatisPipelineProvider.java:lambda$create$0(205)) - Sending CreatePipelineCommand for pipeline:PipelineID=2cbbccb8-f307-448c-bf1d-7cb29ed6a730 to datanode:c84c3cd8-1177-42bf-a027-8b47ada8137b
2024-09-17 10:41:07,041 [RatisPipelineUtilsThread-0] INFO  pipeline.RatisPipelineProvider (RatisPipelineProvider.java:lambda$create$0(205)) - Sending CreatePipelineCommand for pipeline:PipelineID=2cbbccb8-f307-448c-bf1d-7cb29ed6a730 to datanode:eb256187-4e2b-429a-8dc2-6eca9b88007e
2024-09-17 10:41:07,041 [RatisPipelineUtilsThread-0] INFO  pipeline.RatisPipelineProvider (RatisPipelineProvider.java:lambda$create$0(205)) - Sending CreatePipelineCommand for pipeline:PipelineID=2cbbccb8-f307-448c-bf1d-7cb29ed6a730 to datanode:53457c10-51b1-485d-b312-794085cbc7f1
2024-09-17 10:41:07,042 [RatisPipelineUtilsThread-0] INFO  pipeline.PipelineManagerImpl (PipelineManagerImpl.java:recordMetricsForPipeline(916)) - Pipeline: PipelineID=2cbbccb8-f307-448c-bf1d-7cb29ed6a730 contains same datanodes as previous pipelines: PipelineID=61c62403-558d-4de3-8722-9116c400858e nodeIds: c84c3cd8-1177-42bf-a027-8b47ada8137b, eb256187-4e2b-429a-8dc2-6eca9b88007e, 53457c10-51b1-485d-b312-794085cbc7f1
2024-09-17 10:41:07,042 [RatisPipelineUtilsThread-0] INFO  pipeline.BackgroundPipelineCreator (BackgroundPipelineCreator.java:createPipelines(236)) - Created new pipeline Pipeline[ Id: 2cbbccb8-f307-448c-bf1d-7cb29ed6a730, Nodes: c84c3cd8-1177-42bf-a027-8b47ada8137b(localhost/127.0.0.1) ReplicaIndex: 0eb256187-4e2b-429a-8dc2-6eca9b88007e(localhost/127.0.0.1) ReplicaIndex: 053457c10-51b1-485d-b312-794085cbc7f1(localhost/127.0.0.1) ReplicaIndex: 0, ReplicationConfig: RATIS/THREE, State:ALLOCATED, leaderId:, CreationTimestamp2024-09-17T10:41:07.041555407Z[Etc/UTC]]
2024-09-17 10:41:07,096 [timer5] WARN  server.GrpcLogAppender (LogUtils.java:warn(121)) - omNode-1@group-523986131536->omNode-3-AppendLogResponseHandler: Failed appendEntries (Repeated 18 times in the last 5.000s): org.apache.ratis.thirdparty.io.grpc.StatusRuntimeException: UNAVAILABLE: io exception
2024-09-17 10:41:07,097 [timer6] WARN  server.GrpcLogAppender (GrpcLogAppender.java:lambda$resetClient$1(221)) - omNode-1@group-523986131536->omNode-3-GrpcLogAppender: Follower failed (request=null, errorCount=2); keep nextIndex (0) unchanged and retry. (Repeated 2 times in the last 5.001s)
2024-09-17 10:41:07,116 [timer1] WARN  server.GrpcLogAppender (GrpcLogAppender.java:lambda$resetClient$1(221)) - omNode-1@group-523986131536->omNode-3-GrpcLogAppender: Follower failed (request=null, errorCount=18); keep nextIndex (1) unchanged and retry. (Repeated 16 times in the last 5.000s)
2024-09-17 10:41:07,578 [grpc-default-executor-3] WARN  server.GrpcLogAppender (LogUtils.java:warn(121)) - omNode-1@group-523986131536->omNode-3-AppendLogResponseHandler: Failed appendEntries: org.apache.ratis.thirdparty.io.grpc.StatusRuntimeException: UNAVAILABLE: io exception
2024-09-17 10:41:07,578 [grpc-default-executor-4] WARN  server.GrpcLogAppender (GrpcLogAppender.java:lambda$resetClient$1(221)) - omNode-1@group-523986131536->omNode-3-GrpcLogAppender: Follower failed (request=null, errorCount=19); keep nextIndex (1) unchanged and retry.
2024-09-17 10:41:08,038 [main] INFO  ozone.MiniOzoneClusterImpl (MiniOzoneClusterImpl.java:lambda$waitForClusterToBeReady$0(198)) - Nodes are ready. Got 3 of 3 DN Heartbeats.
2024-09-17 10:41:08,038 [main] INFO  ozone.MiniOzoneClusterImpl (MiniOzoneClusterImpl.java:lambda$waitForClusterToBeReady$0(201)) - Waiting for cluster to exit safe mode
2024-09-17 10:41:08,038 [main] INFO  ozone.MiniOzoneClusterImpl (MiniOzoneClusterImpl.java:lambda$waitForClusterToBeReady$0(203)) - SCM became leader
2024-09-17 10:41:09,038 [main] INFO  ozone.MiniOzoneClusterImpl (MiniOzoneClusterImpl.java:lambda$waitForClusterToBeReady$0(198)) - Nodes are ready. Got 3 of 3 DN Heartbeats.
2024-09-17 10:41:09,039 [main] INFO  ozone.MiniOzoneClusterImpl (MiniOzoneClusterImpl.java:lambda$waitForClusterToBeReady$0(201)) - Waiting for cluster to exit safe mode
2024-09-17 10:41:09,039 [main] INFO  ozone.MiniOzoneClusterImpl (MiniOzoneClusterImpl.java:lambda$waitForClusterToBeReady$0(203)) - SCM became leader
2024-09-17 10:41:09,494 [53457c10-51b1-485d-b312-794085cbc7f1-PipelineCommandHandlerThread-0] INFO  server.RaftServer (RaftServerProxy.java:addNew(101)) - 53457c10-51b1-485d-b312-794085cbc7f1: addNew group-87673AA3395C:[53457c10-51b1-485d-b312-794085cbc7f1|127.0.0.1:15106] returns group-87673AA3395C:java.util.concurrent.CompletableFuture@c8c2180[Not completed]
2024-09-17 10:41:09,495 [53457c10-51b1-485d-b312-794085cbc7f1-groupManagement] INFO  server.RaftServer$Division (RaftServerImpl.java:<init>(253)) - 53457c10-51b1-485d-b312-794085cbc7f1: new RaftServerImpl for group-87673AA3395C:[53457c10-51b1-485d-b312-794085cbc7f1|127.0.0.1:15106] with ContainerStateMachine:uninitialized
2024-09-17 10:41:09,495 [53457c10-51b1-485d-b312-794085cbc7f1-groupManagement] INFO  server.RaftServerConfigKeys (ConfUtils.java:logGet(46)) - raft.server.rpc.timeout.min = 5s (custom)
2024-09-17 10:41:09,495 [53457c10-51b1-485d-b312-794085cbc7f1-groupManagement] INFO  server.RaftServerConfigKeys (ConfUtils.java:logGet(46)) - raft.server.rpc.timeout.max = 5200ms (custom)
2024-09-17 10:41:09,495 [53457c10-51b1-485d-b312-794085cbc7f1-groupManagement] INFO  server.RaftServerConfigKeys (ConfUtils.java:logGet(46)) - raft.server.rpc.sleep.time = 25ms (default)
2024-09-17 10:41:09,496 [53457c10-51b1-485d-b312-794085cbc7f1-groupManagement] INFO  server.RaftServerConfigKeys (ConfUtils.java:logGet(46)) - raft.server.rpc.slowness.timeout = 300s (custom)
2024-09-17 10:41:09,496 [53457c10-51b1-485d-b312-794085cbc7f1-groupManagement] INFO  server.RaftServerConfigKeys (ConfUtils.java:logGet(46)) - raft.server.leaderelection.leader.step-down.wait-time = 10s (default)
2024-09-17 10:41:09,496 [53457c10-51b1-485d-b312-794085cbc7f1-groupManagement] INFO  server.RaftServerConfigKeys (ConfUtils.java:logGet(46)) - raft.server.leaderelection.member.majority-add = false (default)
2024-09-17 10:41:09,496 [53457c10-51b1-485d-b312-794085cbc7f1-groupManagement] INFO  server.RaftServerConfigKeys (ConfUtils.java:logGet(46)) - raft.server.sleep.deviation.threshold = 300ms (default)
2024-09-17 10:41:09,496 [53457c10-51b1-485d-b312-794085cbc7f1-groupManagement] INFO  server.RaftServer$Division (ServerState.java:<init>(114)) - 53457c10-51b1-485d-b312-794085cbc7f1@group-87673AA3395C: ConfigurationManager, init=conf: {index: -1, cur=peers:[53457c10-51b1-485d-b312-794085cbc7f1|127.0.0.1:15106]|listeners:[], old=null}, confs=<EMPTY_MAP>
2024-09-17 10:41:09,496 [53457c10-51b1-485d-b312-794085cbc7f1-groupManagement] INFO  server.RaftServerConfigKeys (ConfUtils.java:logGet(46)) - raft.server.notification.no-leader.timeout = 300s (custom)
2024-09-17 10:41:09,496 [53457c10-51b1-485d-b312-794085cbc7f1-groupManagement] INFO  server.RaftServerConfigKeys (ConfUtils.java:logGet(46)) - raft.server.read.timeout = 10s (default)
2024-09-17 10:41:09,496 [53457c10-51b1-485d-b312-794085cbc7f1-groupManagement] INFO  server.RaftServerConfigKeys (ConfUtils.java:logGet(46)) - raft.server.retrycache.expirytime = 600000ms (custom)
2024-09-17 10:41:09,496 [53457c10-51b1-485d-b312-794085cbc7f1-groupManagement] INFO  server.RaftServerConfigKeys (ConfUtils.java:logGet(46)) - raft.server.retrycache.statistics.expirytime = 100ms (default)
2024-09-17 10:41:09,496 [53457c10-51b1-485d-b312-794085cbc7f1-groupManagement] INFO  server.RaftServerConfigKeys (ConfUtils.java:logGet(46)) - raft.server.read.option = DEFAULT (default)
2024-09-17 10:41:09,496 [53457c10-51b1-485d-b312-794085cbc7f1-groupManagement] INFO  server.RaftServerConfigKeys (ConfUtils.java:logGet(46)) - raft.server.read.read-after-write-consistent.write-index-cache.expiry-time = 60s (default)
2024-09-17 10:41:09,498 [53457c10-51b1-485d-b312-794085cbc7f1-groupManagement] INFO  server.RaftServerConfigKeys (ConfUtils.java:logGet(46)) - raft.server.rpc.request.timeout = 60s (custom)
2024-09-17 10:41:09,498 [53457c10-51b1-485d-b312-794085cbc7f1-groupManagement] INFO  server.RaftServerConfigKeys (ConfUtils.java:logGet(46)) - raft.server.log.appender.install.snapshot.enabled = false (custom)
2024-09-17 10:41:09,498 [53457c10-51b1-485d-b312-794085cbc7f1-groupManagement] INFO  server.RaftServerConfigKeys (ConfUtils.java:logGet(46)) - raft.server.threadpool.server.cached = true (default)
2024-09-17 10:41:09,498 [53457c10-51b1-485d-b312-794085cbc7f1-groupManagement] INFO  server.RaftServerConfigKeys (ConfUtils.java:logGet(46)) - raft.server.threadpool.server.size = 0 (default)
2024-09-17 10:41:09,499 [53457c10-51b1-485d-b312-794085cbc7f1-groupManagement] INFO  server.RaftServerConfigKeys (ConfUtils.java:logGet(46)) - raft.server.threadpool.client.cached = true (default)
2024-09-17 10:41:09,499 [53457c10-51b1-485d-b312-794085cbc7f1-groupManagement] INFO  server.RaftServerConfigKeys (ConfUtils.java:logGet(46)) - raft.server.threadpool.client.size = 0 (default)
2024-09-17 10:41:09,499 [53457c10-51b1-485d-b312-794085cbc7f1-groupManagement] INFO  server.RaftServerConfigKeys (ConfUtils.java:logGet(46)) - raft.server.storage.free-space.min = 0MB (=0) (default)
2024-09-17 10:41:09,499 [53457c10-51b1-485d-b312-794085cbc7f1-groupManagement] INFO  server.RaftServerConfigKeys (ConfUtils.java:logGet(46)) - raft.server.log.corruption.policy = EXCEPTION (default)
2024-09-17 10:41:09,499 [53457c10-51b1-485d-b312-794085cbc7f1-groupManagement] INFO  server.RaftServerConfigKeys (ConfUtils.java:logGet(46)) - raft.server.storage.dir = [/home/runner/work/ozone/ozone/hadoop-ozone/integration-test/target/test-dir/MiniOzoneClusterImpl-90660ac4-7e9c-448b-98ea-af4f808cf8d9/ozone-meta/datanode-1/ratis] (custom)
2024-09-17 10:41:09,499 [53457c10-51b1-485d-b312-794085cbc7f1-groupManagement] INFO  storage.RaftStorageDirectory (RaftStorageDirectoryImpl.java:analyzeStorage(138)) - The storage directory /home/runner/work/ozone/ozone/hadoop-ozone/integration-test/target/test-dir/MiniOzoneClusterImpl-90660ac4-7e9c-448b-98ea-af4f808cf8d9/ozone-meta/datanode-1/ratis/26e312c5-8b93-4264-aafc-87673aa3395c does not exist. Creating ...
2024-09-17 10:41:09,500 [53457c10-51b1-485d-b312-794085cbc7f1-groupManagement] INFO  storage.RaftStorageDirectory (RaftStorageDirectoryImpl.java:tryLock(229)) - Lock on /home/runner/work/ozone/ozone/hadoop-ozone/integration-test/target/test-dir/MiniOzoneClusterImpl-90660ac4-7e9c-448b-98ea-af4f808cf8d9/ozone-meta/datanode-1/ratis/26e312c5-8b93-4264-aafc-87673aa3395c/in_use.lock acquired by nodename 60320@fv-az977-14
2024-09-17 10:41:09,501 [53457c10-51b1-485d-b312-794085cbc7f1-groupManagement] INFO  storage.RaftStorage (RaftStorageImpl.java:format(98)) - Storage directory /home/runner/work/ozone/ozone/hadoop-ozone/integration-test/target/test-dir/MiniOzoneClusterImpl-90660ac4-7e9c-448b-98ea-af4f808cf8d9/ozone-meta/datanode-1/ratis/26e312c5-8b93-4264-aafc-87673aa3395c has been successfully formatted.
2024-09-17 10:41:09,502 [53457c10-51b1-485d-b312-794085cbc7f1-groupManagement] INFO  ratis.ContainerStateMachine (ContainerStateMachine.java:loadSnapshot(295)) - group-87673AA3395C: The snapshot info is null. Setting the last applied index to:(t:0, i:~)
2024-09-17 10:41:09,502 [53457c10-51b1-485d-b312-794085cbc7f1-groupManagement] INFO  server.RaftServerConfigKeys (ConfUtils.java:logGet(46)) - raft.server.log.use.memory = false (default)
2024-09-17 10:41:09,502 [53457c10-51b1-485d-b312-794085cbc7f1-groupManagement] INFO  server.RaftServerConfigKeys (ConfUtils.java:logGet(46)) - raft.server.log.purge.gap = 1000000 (custom)
2024-09-17 10:41:09,502 [53457c10-51b1-485d-b312-794085cbc7f1-groupManagement] INFO  server.RaftServerConfigKeys (ConfUtils.java:logGet(46)) - raft.server.log.appender.buffer.byte-limit = 33554432 (custom)
2024-09-17 10:41:09,502 [53457c10-51b1-485d-b312-794085cbc7f1-groupManagement] INFO  server.RaftServerConfigKeys (ConfUtils.java:logGet(46)) - raft.server.log.statemachine.data.read.timeout = 1000ms (default)
2024-09-17 10:41:09,502 [53457c10-51b1-485d-b312-794085cbc7f1-groupManagement] INFO  server.RaftServerConfigKeys (ConfUtils.java:logGet(46)) - raft.server.log.purge.preservation.log.num = 0 (default)
2024-09-17 10:41:09,503 [EventQueue-PipelineReportForPipelineReportHandler] INFO  pipeline.PipelineReportHandler (PipelineReportHandler.java:processPipelineReport(136)) - Opened pipeline PipelineID=26e312c5-8b93-4264-aafc-87673aa3395c
2024-09-17 10:41:09,503 [EventQueue-OpenPipelineForHealthyPipelineSafeModeRule] INFO  safemode.SCMSafeModeManager (HealthyPipelineSafeModeRule.java:process(140)) - SCM in safe mode. Healthy pipelines reported count is 0, required healthy pipeline reported count is 1
2024-09-17 10:41:09,503 [53457c10-51b1-485d-b312-794085cbc7f1-groupManagement] INFO  server.RaftServerConfigKeys (ConfUtils.java:logGet(46)) - raft.server.log.segment.size.max = 67108864 (custom)
2024-09-17 10:41:09,503 [53457c10-51b1-485d-b312-794085cbc7f1-groupManagement] INFO  server.RaftServerConfigKeys (ConfUtils.java:logGet(46)) - raft.server.log.segment.cache.num.max = 2 (custom)
2024-09-17 10:41:09,503 [53457c10-51b1-485d-b312-794085cbc7f1-groupManagement] INFO  server.RaftServerConfigKeys (ConfUtils.java:logGet(46)) - raft.server.log.segment.cache.size.max = 200MB (=209715200) (default)
2024-09-17 10:41:09,503 [53457c10-51b1-485d-b312-794085cbc7f1-groupManagement] INFO  server.RaftServerConfigKeys (ConfUtils.java:logGet(46)) - raft.server.log.appender.buffer.byte-limit = 33554432 (custom)
2024-09-17 10:41:09,504 [53457c10-51b1-485d-b312-794085cbc7f1-groupManagement] INFO  util.AwaitToRun (AwaitToRun.java:start(81)) - Thread[53457c10-51b1-485d-b312-794085cbc7f1@group-87673AA3395C-cacheEviction-AwaitToRun,5,main] started
2024-09-17 10:41:09,504 [53457c10-51b1-485d-b312-794085cbc7f1-groupManagement] INFO  segmented.SegmentedRaftLogWorker (SegmentedRaftLogWorker.java:<init>(184)) - new 53457c10-51b1-485d-b312-794085cbc7f1@group-87673AA3395C-SegmentedRaftLogWorker for RaftStorageImpl:Storage Directory /home/runner/work/ozone/ozone/hadoop-ozone/integration-test/target/test-dir/MiniOzoneClusterImpl-90660ac4-7e9c-448b-98ea-af4f808cf8d9/ozone-meta/datanode-1/ratis/26e312c5-8b93-4264-aafc-87673aa3395c
2024-09-17 10:41:09,504 [53457c10-51b1-485d-b312-794085cbc7f1-groupManagement] INFO  server.RaftServerConfigKeys (ConfUtils.java:logGet(46)) - raft.server.log.queue.byte-limit = 4294967296 (custom)
2024-09-17 10:41:09,504 [53457c10-51b1-485d-b312-794085cbc7f1-groupManagement] INFO  server.RaftServerConfigKeys (ConfUtils.java:logGet(46)) - raft.server.log.queue.element-limit = 1024 (custom)
2024-09-17 10:41:09,504 [53457c10-51b1-485d-b312-794085cbc7f1-groupManagement] INFO  server.RaftServerConfigKeys (ConfUtils.java:logGet(46)) - raft.server.log.segment.size.max = 67108864 (custom)
2024-09-17 10:41:09,504 [53457c10-51b1-485d-b312-794085cbc7f1-groupManagement] INFO  server.RaftServerConfigKeys (ConfUtils.java:logGet(46)) - raft.server.log.preallocated.size = 4194304 (custom)
2024-09-17 10:41:09,504 [53457c10-51b1-485d-b312-794085cbc7f1-groupManagement] INFO  server.RaftServerConfigKeys (ConfUtils.java:logGet(46)) - raft.server.log.force.sync.num = 128 (default)
2024-09-17 10:41:09,504 [53457c10-51b1-485d-b312-794085cbc7f1-groupManagement] INFO  server.RaftServerConfigKeys (ConfUtils.java:logGet(46)) - raft.server.log.statemachine.data.sync = true (default)
2024-09-17 10:41:09,504 [53457c10-51b1-485d-b312-794085cbc7f1-groupManagement] INFO  server.RaftServerConfigKeys (ConfUtils.java:logGet(46)) - raft.server.log.statemachine.data.sync.timeout = 10s (default)
2024-09-17 10:41:09,504 [53457c10-51b1-485d-b312-794085cbc7f1-groupManagement] INFO  server.RaftServerConfigKeys (ConfUtils.java:logGet(46)) - raft.server.log.statemachine.data.sync.timeout.retry = 30 (custom)
2024-09-17 10:41:09,504 [53457c10-51b1-485d-b312-794085cbc7f1-groupManagement] INFO  server.RaftServerConfigKeys (ConfUtils.java:logGet(46)) - raft.server.log.write.buffer.size = 33554440 (custom)
2024-09-17 10:41:09,508 [53457c10-51b1-485d-b312-794085cbc7f1-groupManagement] INFO  server.RaftServerConfigKeys (ConfUtils.java:logGet(46)) - raft.server.log.appender.buffer.byte-limit = 33554432 (custom)
2024-09-17 10:41:09,508 [53457c10-51b1-485d-b312-794085cbc7f1-groupManagement] INFO  server.RaftServerConfigKeys (ConfUtils.java:logGet(46)) - raft.server.log.unsafe-flush.enabled = false (default)
2024-09-17 10:41:09,508 [53457c10-51b1-485d-b312-794085cbc7f1-groupManagement] INFO  server.RaftServerConfigKeys (ConfUtils.java:logGet(46)) - raft.server.log.async-flush.enabled = false (default)
2024-09-17 10:41:09,508 [53457c10-51b1-485d-b312-794085cbc7f1-groupManagement] INFO  server.RaftServerConfigKeys (ConfUtils.java:logGet(46)) - raft.server.log.statemachine.data.caching.enabled = true (custom)
2024-09-17 10:41:09,508 [53457c10-51b1-485d-b312-794085cbc7f1-groupManagement] INFO  segmented.SegmentedRaftLogWorker (SegmentedRaftLogWorker.java:lambda$new$0(135)) - 53457c10-51b1-485d-b312-794085cbc7f1@group-87673AA3395C-SegmentedRaftLogWorker: flushIndex: setUnconditionally 0 -> -1
2024-09-17 10:41:09,508 [53457c10-51b1-485d-b312-794085cbc7f1-groupManagement] INFO  segmented.SegmentedRaftLogWorker (SegmentedRaftLogWorker.java:lambda$new$0(135)) - 53457c10-51b1-485d-b312-794085cbc7f1@group-87673AA3395C-SegmentedRaftLogWorker: safeCacheEvictIndex: setUnconditionally 0 -> -1
2024-09-17 10:41:09,509 [53457c10-51b1-485d-b312-794085cbc7f1-groupManagement] INFO  server.RaftServer$Division (RaftServerImpl.java:start(389)) - 53457c10-51b1-485d-b312-794085cbc7f1@group-87673AA3395C: start as a follower, conf=conf: {index: -1, cur=peers:[53457c10-51b1-485d-b312-794085cbc7f1|127.0.0.1:15106]|listeners:[], old=null}
2024-09-17 10:41:09,509 [53457c10-51b1-485d-b312-794085cbc7f1-groupManagement] INFO  server.RaftServer$Division (RaftServerImpl.java:setRole(376)) - 53457c10-51b1-485d-b312-794085cbc7f1@group-87673AA3395C: changes role from      null to FOLLOWER at term 0 for startAsFollower
2024-09-17 10:41:09,509 [53457c10-51b1-485d-b312-794085cbc7f1-groupManagement] INFO  impl.RoleInfo (RoleInfo.java:updateAndGet(148)) - 53457c10-51b1-485d-b312-794085cbc7f1: start 53457c10-51b1-485d-b312-794085cbc7f1@group-87673AA3395C-FollowerState
2024-09-17 10:41:09,509 [53457c10-51b1-485d-b312-794085cbc7f1-groupManagement] INFO  util.JmxRegister (JmxRegister.java:tryRegister(44)) - Successfully registered JMX Bean with object name Ratis:service=RaftServer,group=group-87673AA3395C,id=53457c10-51b1-485d-b312-794085cbc7f1
2024-09-17 10:41:09,509 [53457c10-51b1-485d-b312-794085cbc7f1-groupManagement] INFO  util.JmxRegister (JmxRegister.java:register(58)) - register mxBean class org.apache.ratis.server.impl.RaftServerJmxAdapter as Ratis:service=RaftServer,group=group-87673AA3395C,id=53457c10-51b1-485d-b312-794085cbc7f1
2024-09-17 10:41:09,509 [53457c10-51b1-485d-b312-794085cbc7f1-groupManagement] INFO  server.RaftServerConfigKeys (ConfUtils.java:logGet(46)) - raft.server.snapshot.trigger-when-stop.enabled = true (default)
2024-09-17 10:41:09,509 [53457c10-51b1-485d-b312-794085cbc7f1-groupManagement] INFO  server.RaftServerConfigKeys (ConfUtils.java:logGet(46)) - raft.server.snapshot.trigger-when-remove.enabled = true (default)
2024-09-17 10:41:09,509 [53457c10-51b1-485d-b312-794085cbc7f1-groupManagement] INFO  server.RaftServerConfigKeys (ConfUtils.java:logGet(46)) - raft.server.snapshot.auto.trigger.enabled = true (custom)
2024-09-17 10:41:09,509 [53457c10-51b1-485d-b312-794085cbc7f1-groupManagement] INFO  server.RaftServerConfigKeys (ConfUtils.java:logGet(46)) - raft.server.snapshot.auto.trigger.threshold = 10000 (custom)
2024-09-17 10:41:09,509 [53457c10-51b1-485d-b312-794085cbc7f1-groupManagement] INFO  server.RaftServerConfigKeys (ConfUtils.java:logGet(46)) - raft.server.snapshot.retention.file.num = 5 (custom)
2024-09-17 10:41:09,509 [53457c10-51b1-485d-b312-794085cbc7f1-groupManagement] INFO  server.RaftServerConfigKeys (ConfUtils.java:logGet(46)) - raft.server.log.purge.upto.snapshot.index = false (default)
2024-09-17 10:41:09,509 [53457c10-51b1-485d-b312-794085cbc7f1@group-87673AA3395C-FollowerState] INFO  server.RaftServerConfigKeys (ConfUtils.java:logFallback(53)) - raft.server.rpc.first-election.timeout.min = 5s (fallback to raft.server.rpc.timeout.min)
2024-09-17 10:41:09,510 [53457c10-51b1-485d-b312-794085cbc7f1@group-87673AA3395C-FollowerState] INFO  server.RaftServerConfigKeys (ConfUtils.java:logFallback(53)) - raft.server.rpc.first-election.timeout.max = 5200ms (fallback to raft.server.rpc.timeout.max)
2024-09-17 10:41:09,510 [53457c10-51b1-485d-b312-794085cbc7f1-PipelineCommandHandlerThread-0] INFO  ratis.XceiverServerRatis (XceiverServerRatis.java:addGroup(849)) - Created group PipelineID=26e312c5-8b93-4264-aafc-87673aa3395c
2024-09-17 10:41:09,510 [53457c10-51b1-485d-b312-794085cbc7f1-PipelineCommandHandlerThread-0] INFO  commandhandler.CreatePipelineCommandHandler (CreatePipelineCommandHandler.java:lambda$handle$2(124)) - Created Pipeline RATIS ONE PipelineID=26e312c5-8b93-4264-aafc-87673aa3395c.
2024-09-17 10:41:09,510 [53457c10-51b1-485d-b312-794085cbc7f1-PipelineCommandHandlerThread-0] INFO  server.RaftServer (RaftServerProxy.java:addNew(101)) - 53457c10-51b1-485d-b312-794085cbc7f1: addNew group-9116C400858E:[eb256187-4e2b-429a-8dc2-6eca9b88007e|127.0.0.1:15115, c84c3cd8-1177-42bf-a027-8b47ada8137b|127.0.0.1:15124, 53457c10-51b1-485d-b312-794085cbc7f1|127.0.0.1:15106] returns group-9116C400858E:java.util.concurrent.CompletableFuture@8b3b4c9[Not completed]
2024-09-17 10:41:09,512 [53457c10-51b1-485d-b312-794085cbc7f1-groupManagement] INFO  server.RaftServer$Division (RaftServerImpl.java:<init>(253)) - 53457c10-51b1-485d-b312-794085cbc7f1: new RaftServerImpl for group-9116C400858E:[eb256187-4e2b-429a-8dc2-6eca9b88007e|127.0.0.1:15115, c84c3cd8-1177-42bf-a027-8b47ada8137b|127.0.0.1:15124, 53457c10-51b1-485d-b312-794085cbc7f1|127.0.0.1:15106] with ContainerStateMachine:uninitialized
2024-09-17 10:41:09,512 [53457c10-51b1-485d-b312-794085cbc7f1-groupManagement] INFO  server.RaftServerConfigKeys (ConfUtils.java:logGet(46)) - raft.server.rpc.timeout.min = 5s (custom)
2024-09-17 10:41:09,512 [53457c10-51b1-485d-b312-794085cbc7f1-groupManagement] INFO  server.RaftServerConfigKeys (ConfUtils.java:logGet(46)) - raft.server.rpc.timeout.max = 5200ms (custom)
2024-09-17 10:41:09,512 [53457c10-51b1-485d-b312-794085cbc7f1-groupManagement] INFO  server.RaftServerConfigKeys (ConfUtils.java:logGet(46)) - raft.server.rpc.sleep.time = 25ms (default)
2024-09-17 10:41:09,512 [53457c10-51b1-485d-b312-794085cbc7f1-groupManagement] INFO  server.RaftServerConfigKeys (ConfUtils.java:logGet(46)) - raft.server.rpc.slowness.timeout = 300s (custom)
2024-09-17 10:41:09,512 [53457c10-51b1-485d-b312-794085cbc7f1-groupManagement] INFO  server.RaftServerConfigKeys (ConfUtils.java:logGet(46)) - raft.server.leaderelection.leader.step-down.wait-time = 10s (default)
2024-09-17 10:41:09,512 [53457c10-51b1-485d-b312-794085cbc7f1-groupManagement] INFO  server.RaftServerConfigKeys (ConfUtils.java:logGet(46)) - raft.server.leaderelection.member.majority-add = false (default)
2024-09-17 10:41:09,512 [53457c10-51b1-485d-b312-794085cbc7f1-groupManagement] INFO  server.RaftServerConfigKeys (ConfUtils.java:logGet(46)) - raft.server.sleep.deviation.threshold = 300ms (default)
2024-09-17 10:41:09,512 [53457c10-51b1-485d-b312-794085cbc7f1-groupManagement] INFO  server.RaftServer$Division (ServerState.java:<init>(114)) - 53457c10-51b1-485d-b312-794085cbc7f1@group-9116C400858E: ConfigurationManager, init=conf: {index: -1, cur=peers:[eb256187-4e2b-429a-8dc2-6eca9b88007e|127.0.0.1:15115, c84c3cd8-1177-42bf-a027-8b47ada8137b|127.0.0.1:15124, 53457c10-51b1-485d-b312-794085cbc7f1|127.0.0.1:15106]|listeners:[], old=null}, confs=<EMPTY_MAP>
2024-09-17 10:41:09,512 [53457c10-51b1-485d-b312-794085cbc7f1-groupManagement] INFO  server.RaftServerConfigKeys (ConfUtils.java:logGet(46)) - raft.server.notification.no-leader.timeout = 300s (custom)
2024-09-17 10:41:09,512 [53457c10-51b1-485d-b312-794085cbc7f1-groupManagement] INFO  server.RaftServerConfigKeys (ConfUtils.java:logGet(46)) - raft.server.read.timeout = 10s (default)
2024-09-17 10:41:09,512 [53457c10-51b1-485d-b312-794085cbc7f1-groupManagement] INFO  server.RaftServerConfigKeys (ConfUtils.java:logGet(46)) - raft.server.retrycache.expirytime = 600000ms (custom)
2024-09-17 10:41:09,512 [53457c10-51b1-485d-b312-794085cbc7f1-groupManagement] INFO  server.RaftServerConfigKeys (ConfUtils.java:logGet(46)) - raft.server.retrycache.statistics.expirytime = 100ms (default)
2024-09-17 10:41:09,512 [53457c10-51b1-485d-b312-794085cbc7f1-groupManagement] INFO  server.RaftServerConfigKeys (ConfUtils.java:logGet(46)) - raft.server.read.option = DEFAULT (default)
2024-09-17 10:41:09,512 [53457c10-51b1-485d-b312-794085cbc7f1-groupManagement] INFO  server.RaftServerConfigKeys (ConfUtils.java:logGet(46)) - raft.server.read.read-after-write-consistent.write-index-cache.expiry-time = 60s (default)
2024-09-17 10:41:09,515 [53457c10-51b1-485d-b312-794085cbc7f1-groupManagement] INFO  server.RaftServerConfigKeys (ConfUtils.java:logGet(46)) - raft.server.rpc.request.timeout = 60s (custom)
2024-09-17 10:41:09,515 [53457c10-51b1-485d-b312-794085cbc7f1-groupManagement] INFO  server.RaftServerConfigKeys (ConfUtils.java:logGet(46)) - raft.server.log.appender.install.snapshot.enabled = false (custom)
2024-09-17 10:41:09,515 [53457c10-51b1-485d-b312-794085cbc7f1-groupManagement] INFO  server.RaftServerConfigKeys (ConfUtils.java:logGet(46)) - raft.server.threadpool.server.cached = true (default)
2024-09-17 10:41:09,515 [53457c10-51b1-485d-b312-794085cbc7f1-groupManagement] INFO  server.RaftServerConfigKeys (ConfUtils.java:logGet(46)) - raft.server.threadpool.server.size = 0 (default)
2024-09-17 10:41:09,515 [53457c10-51b1-485d-b312-794085cbc7f1-groupManagement] INFO  server.RaftServerConfigKeys (ConfUtils.java:logGet(46)) - raft.server.threadpool.client.cached = true (default)
2024-09-17 10:41:09,515 [53457c10-51b1-485d-b312-794085cbc7f1-groupManagement] INFO  server.RaftServerConfigKeys (ConfUtils.java:logGet(46)) - raft.server.threadpool.client.size = 0 (default)
2024-09-17 10:41:09,515 [53457c10-51b1-485d-b312-794085cbc7f1-groupManagement] INFO  server.RaftServerConfigKeys (ConfUtils.java:logGet(46)) - raft.server.storage.free-space.min = 0MB (=0) (default)
2024-09-17 10:41:09,515 [53457c10-51b1-485d-b312-794085cbc7f1-groupManagement] INFO  server.RaftServerConfigKeys (ConfUtils.java:logGet(46)) - raft.server.log.corruption.policy = EXCEPTION (default)
2024-09-17 10:41:09,515 [53457c10-51b1-485d-b312-794085cbc7f1-groupManagement] INFO  server.RaftServerConfigKeys (ConfUtils.java:logGet(46)) - raft.server.storage.dir = [/home/runner/work/ozone/ozone/hadoop-ozone/integration-test/target/test-dir/MiniOzoneClusterImpl-90660ac4-7e9c-448b-98ea-af4f808cf8d9/ozone-meta/datanode-1/ratis] (custom)
2024-09-17 10:41:09,515 [53457c10-51b1-485d-b312-794085cbc7f1-groupManagement] INFO  storage.RaftStorageDirectory (RaftStorageDirectoryImpl.java:analyzeStorage(138)) - The storage directory /home/runner/work/ozone/ozone/hadoop-ozone/integration-test/target/test-dir/MiniOzoneClusterImpl-90660ac4-7e9c-448b-98ea-af4f808cf8d9/ozone-meta/datanode-1/ratis/61c62403-558d-4de3-8722-9116c400858e does not exist. Creating ...
2024-09-17 10:41:09,520 [53457c10-51b1-485d-b312-794085cbc7f1-groupManagement] INFO  storage.RaftStorageDirectory (RaftStorageDirectoryImpl.java:tryLock(229)) - Lock on /home/runner/work/ozone/ozone/hadoop-ozone/integration-test/target/test-dir/MiniOzoneClusterImpl-90660ac4-7e9c-448b-98ea-af4f808cf8d9/ozone-meta/datanode-1/ratis/61c62403-558d-4de3-8722-9116c400858e/in_use.lock acquired by nodename 60320@fv-az977-14
2024-09-17 10:41:09,522 [53457c10-51b1-485d-b312-794085cbc7f1-groupManagement] INFO  storage.RaftStorage (RaftStorageImpl.java:format(98)) - Storage directory /home/runner/work/ozone/ozone/hadoop-ozone/integration-test/target/test-dir/MiniOzoneClusterImpl-90660ac4-7e9c-448b-98ea-af4f808cf8d9/ozone-meta/datanode-1/ratis/61c62403-558d-4de3-8722-9116c400858e has been successfully formatted.
2024-09-17 10:41:09,522 [53457c10-51b1-485d-b312-794085cbc7f1-groupManagement] INFO  ratis.ContainerStateMachine (ContainerStateMachine.java:loadSnapshot(295)) - group-9116C400858E: The snapshot info is null. Setting the last applied index to:(t:0, i:~)
2024-09-17 10:41:09,522 [53457c10-51b1-485d-b312-794085cbc7f1-groupManagement] INFO  server.RaftServerConfigKeys (ConfUtils.java:logGet(46)) - raft.server.log.use.memory = false (default)
2024-09-17 10:41:09,522 [53457c10-51b1-485d-b312-794085cbc7f1-groupManagement] INFO  server.RaftServerConfigKeys (ConfUtils.java:logGet(46)) - raft.server.log.purge.gap = 1000000 (custom)
2024-09-17 10:41:09,522 [53457c10-51b1-485d-b312-794085cbc7f1-groupManagement] INFO  server.RaftServerConfigKeys (ConfUtils.java:logGet(46)) - raft.server.log.appender.buffer.byte-limit = 33554432 (custom)
2024-09-17 10:41:09,522 [53457c10-51b1-485d-b312-794085cbc7f1-groupManagement] INFO  server.RaftServerConfigKeys (ConfUtils.java:logGet(46)) - raft.server.log.statemachine.data.read.timeout = 1000ms (default)
2024-09-17 10:41:09,522 [53457c10-51b1-485d-b312-794085cbc7f1-groupManagement] INFO  server.RaftServerConfigKeys (ConfUtils.java:logGet(46)) - raft.server.log.purge.preservation.log.num = 0 (default)
2024-09-17 10:41:09,523 [53457c10-51b1-485d-b312-794085cbc7f1-groupManagement] INFO  server.RaftServerConfigKeys (ConfUtils.java:logGet(46)) - raft.server.log.segment.size.max = 67108864 (custom)
2024-09-17 10:41:09,523 [53457c10-51b1-485d-b312-794085cbc7f1-groupManagement] INFO  server.RaftServerConfigKeys (ConfUtils.java:logGet(46)) - raft.server.log.segment.cache.num.max = 2 (custom)
2024-09-17 10:41:09,523 [53457c10-51b1-485d-b312-794085cbc7f1-groupManagement] INFO  server.RaftServerConfigKeys (ConfUtils.java:logGet(46)) - raft.server.log.segment.cache.size.max = 200MB (=209715200) (default)
2024-09-17 10:41:09,523 [53457c10-51b1-485d-b312-794085cbc7f1-groupManagement] INFO  server.RaftServerConfigKeys (ConfUtils.java:logGet(46)) - raft.server.log.appender.buffer.byte-limit = 33554432 (custom)
2024-09-17 10:41:09,523 [EventQueue-OpenPipelineForHealthyPipelineSafeModeRule] INFO  safemode.SCMSafeModeManager (HealthyPipelineSafeModeRule.java:process(140)) - SCM in safe mode. Healthy pipelines reported count is 0, required healthy pipeline reported count is 1
2024-09-17 10:41:09,523 [53457c10-51b1-485d-b312-794085cbc7f1-groupManagement] INFO  util.AwaitToRun (AwaitToRun.java:start(81)) - Thread[53457c10-51b1-485d-b312-794085cbc7f1@group-9116C400858E-cacheEviction-AwaitToRun,5,main] started
2024-09-17 10:41:09,523 [53457c10-51b1-485d-b312-794085cbc7f1-groupManagement] INFO  segmented.SegmentedRaftLogWorker (SegmentedRaftLogWorker.java:<init>(184)) - new 53457c10-51b1-485d-b312-794085cbc7f1@group-9116C400858E-SegmentedRaftLogWorker for RaftStorageImpl:Storage Directory /home/runner/work/ozone/ozone/hadoop-ozone/integration-test/target/test-dir/MiniOzoneClusterImpl-90660ac4-7e9c-448b-98ea-af4f808cf8d9/ozone-meta/datanode-1/ratis/61c62403-558d-4de3-8722-9116c400858e
2024-09-17 10:41:09,523 [53457c10-51b1-485d-b312-794085cbc7f1-groupManagement] INFO  server.RaftServerConfigKeys (ConfUtils.java:logGet(46)) - raft.server.log.queue.byte-limit = 4294967296 (custom)
2024-09-17 10:41:09,524 [53457c10-51b1-485d-b312-794085cbc7f1-groupManagement] INFO  server.RaftServerConfigKeys (ConfUtils.java:logGet(46)) - raft.server.log.queue.element-limit = 1024 (custom)
2024-09-17 10:41:09,524 [53457c10-51b1-485d-b312-794085cbc7f1-groupManagement] INFO  server.RaftServerConfigKeys (ConfUtils.java:logGet(46)) - raft.server.log.segment.size.max = 67108864 (custom)
2024-09-17 10:41:09,524 [53457c10-51b1-485d-b312-794085cbc7f1-groupManagement] INFO  server.RaftServerConfigKeys (ConfUtils.java:logGet(46)) - raft.server.log.preallocated.size = 4194304 (custom)
2024-09-17 10:41:09,524 [53457c10-51b1-485d-b312-794085cbc7f1-groupManagement] INFO  server.RaftServerConfigKeys (ConfUtils.java:logGet(46)) - raft.server.log.force.sync.num = 128 (default)
2024-09-17 10:41:09,524 [53457c10-51b1-485d-b312-794085cbc7f1-groupManagement] INFO  server.RaftServerConfigKeys (ConfUtils.java:logGet(46)) - raft.server.log.statemachine.data.sync = true (default)
2024-09-17 10:41:09,524 [53457c10-51b1-485d-b312-794085cbc7f1-groupManagement] INFO  server.RaftServerConfigKeys (ConfUtils.java:logGet(46)) - raft.server.log.statemachine.data.sync.timeout = 10s (default)
2024-09-17 10:41:09,524 [53457c10-51b1-485d-b312-794085cbc7f1-groupManagement] INFO  server.RaftServerConfigKeys (ConfUtils.java:logGet(46)) - raft.server.log.statemachine.data.sync.timeout.retry = 30 (custom)
2024-09-17 10:41:09,524 [53457c10-51b1-485d-b312-794085cbc7f1-groupManagement] INFO  server.RaftServerConfigKeys (ConfUtils.java:logGet(46)) - raft.server.log.write.buffer.size = 33554440 (custom)
2024-09-17 10:41:09,528 [53457c10-51b1-485d-b312-794085cbc7f1-groupManagement] INFO  server.RaftServerConfigKeys (ConfUtils.java:logGet(46)) - raft.server.log.appender.buffer.byte-limit = 33554432 (custom)
2024-09-17 10:41:09,528 [53457c10-51b1-485d-b312-794085cbc7f1-groupManagement] INFO  server.RaftServerConfigKeys (ConfUtils.java:logGet(46)) - raft.server.log.unsafe-flush.enabled = false (default)
2024-09-17 10:41:09,528 [53457c10-51b1-485d-b312-794085cbc7f1-groupManagement] INFO  server.RaftServerConfigKeys (ConfUtils.java:logGet(46)) - raft.server.log.async-flush.enabled = false (default)
2024-09-17 10:41:09,528 [53457c10-51b1-485d-b312-794085cbc7f1-groupManagement] INFO  server.RaftServerConfigKeys (ConfUtils.java:logGet(46)) - raft.server.log.statemachine.data.caching.enabled = true (custom)
2024-09-17 10:41:09,529 [53457c10-51b1-485d-b312-794085cbc7f1-groupManagement] INFO  segmented.SegmentedRaftLogWorker (SegmentedRaftLogWorker.java:lambda$new$0(135)) - 53457c10-51b1-485d-b312-794085cbc7f1@group-9116C400858E-SegmentedRaftLogWorker: flushIndex: setUnconditionally 0 -> -1
2024-09-17 10:41:09,529 [53457c10-51b1-485d-b312-794085cbc7f1-groupManagement] INFO  segmented.SegmentedRaftLogWorker (SegmentedRaftLogWorker.java:lambda$new$0(135)) - 53457c10-51b1-485d-b312-794085cbc7f1@group-9116C400858E-SegmentedRaftLogWorker: safeCacheEvictIndex: setUnconditionally 0 -> -1
2024-09-17 10:41:09,529 [53457c10-51b1-485d-b312-794085cbc7f1-groupManagement] INFO  server.RaftServer$Division (RaftServerImpl.java:start(389)) - 53457c10-51b1-485d-b312-794085cbc7f1@group-9116C400858E: start as a follower, conf=conf: {index: -1, cur=peers:[eb256187-4e2b-429a-8dc2-6eca9b88007e|127.0.0.1:15115, c84c3cd8-1177-42bf-a027-8b47ada8137b|127.0.0.1:15124, 53457c10-51b1-485d-b312-794085cbc7f1|127.0.0.1:15106]|listeners:[], old=null}
2024-09-17 10:41:09,529 [53457c10-51b1-485d-b312-794085cbc7f1-groupManagement] INFO  server.RaftServer$Division (RaftServerImpl.java:setRole(376)) - 53457c10-51b1-485d-b312-794085cbc7f1@group-9116C400858E: changes role from      null to FOLLOWER at term 0 for startAsFollower
2024-09-17 10:41:09,529 [53457c10-51b1-485d-b312-794085cbc7f1-groupManagement] INFO  impl.RoleInfo (RoleInfo.java:updateAndGet(148)) - 53457c10-51b1-485d-b312-794085cbc7f1: start 53457c10-51b1-485d-b312-794085cbc7f1@group-9116C400858E-FollowerState
2024-09-17 10:41:09,529 [53457c10-51b1-485d-b312-794085cbc7f1@group-9116C400858E-FollowerState] INFO  server.RaftServerConfigKeys (ConfUtils.java:logFallback(53)) - raft.server.rpc.first-election.timeout.min = 5s (fallback to raft.server.rpc.timeout.min)
2024-09-17 10:41:09,529 [53457c10-51b1-485d-b312-794085cbc7f1-groupManagement] INFO  util.JmxRegister (JmxRegister.java:tryRegister(44)) - Successfully registered JMX Bean with object name Ratis:service=RaftServer,group=group-9116C400858E,id=53457c10-51b1-485d-b312-794085cbc7f1
2024-09-17 10:41:09,529 [53457c10-51b1-485d-b312-794085cbc7f1-groupManagement] INFO  util.JmxRegister (JmxRegister.java:register(58)) - register mxBean class org.apache.ratis.server.impl.RaftServerJmxAdapter as Ratis:service=RaftServer,group=group-9116C400858E,id=53457c10-51b1-485d-b312-794085cbc7f1
2024-09-17 10:41:09,529 [53457c10-51b1-485d-b312-794085cbc7f1@group-9116C400858E-FollowerState] INFO  server.RaftServerConfigKeys (ConfUtils.java:logFallback(53)) - raft.server.rpc.first-election.timeout.max = 5200ms (fallback to raft.server.rpc.timeout.max)
2024-09-17 10:41:09,529 [53457c10-51b1-485d-b312-794085cbc7f1-groupManagement] INFO  server.RaftServerConfigKeys (ConfUtils.java:logGet(46)) - raft.server.snapshot.trigger-when-stop.enabled = true (default)
2024-09-17 10:41:09,529 [53457c10-51b1-485d-b312-794085cbc7f1-groupManagement] INFO  server.RaftServerConfigKeys (ConfUtils.java:logGet(46)) - raft.server.snapshot.trigger-when-remove.enabled = true (default)
2024-09-17 10:41:09,530 [53457c10-51b1-485d-b312-794085cbc7f1-groupManagement] INFO  server.RaftServerConfigKeys (ConfUtils.java:logGet(46)) - raft.server.snapshot.auto.trigger.enabled = true (custom)
2024-09-17 10:41:09,530 [53457c10-51b1-485d-b312-794085cbc7f1-groupManagement] INFO  server.RaftServerConfigKeys (ConfUtils.java:logGet(46)) - raft.server.snapshot.auto.trigger.threshold = 10000 (custom)
2024-09-17 10:41:09,530 [53457c10-51b1-485d-b312-794085cbc7f1-groupManagement] INFO  server.RaftServerConfigKeys (ConfUtils.java:logGet(46)) - raft.server.snapshot.retention.file.num = 5 (custom)
2024-09-17 10:41:09,530 [53457c10-51b1-485d-b312-794085cbc7f1-groupManagement] INFO  server.RaftServerConfigKeys (ConfUtils.java:logGet(46)) - raft.server.log.purge.upto.snapshot.index = false (default)
2024-09-17 10:41:09,530 [53457c10-51b1-485d-b312-794085cbc7f1-PipelineCommandHandlerThread-0] INFO  ratis.XceiverServerRatis (XceiverServerRatis.java:addGroup(849)) - Created group PipelineID=61c62403-558d-4de3-8722-9116c400858e
2024-09-17 10:41:09,534 [grpc-default-executor-4] INFO  server.RaftServer (RaftServerProxy.java:addNew(101)) - eb256187-4e2b-429a-8dc2-6eca9b88007e: addNew group-9116C400858E:[eb256187-4e2b-429a-8dc2-6eca9b88007e|127.0.0.1:15115, c84c3cd8-1177-42bf-a027-8b47ada8137b|127.0.0.1:15124, 53457c10-51b1-485d-b312-794085cbc7f1|127.0.0.1:15106] returns group-9116C400858E:java.util.concurrent.CompletableFuture@35543a2d[Not completed]
2024-09-17 10:41:09,536 [eb256187-4e2b-429a-8dc2-6eca9b88007e-groupManagement] INFO  server.RaftServer$Division (RaftServerImpl.java:<init>(253)) - eb256187-4e2b-429a-8dc2-6eca9b88007e: new RaftServerImpl for group-9116C400858E:[eb256187-4e2b-429a-8dc2-6eca9b88007e|127.0.0.1:15115, c84c3cd8-1177-42bf-a027-8b47ada8137b|127.0.0.1:15124, 53457c10-51b1-485d-b312-794085cbc7f1|127.0.0.1:15106] with ContainerStateMachine:uninitialized
2024-09-17 10:41:09,536 [eb256187-4e2b-429a-8dc2-6eca9b88007e-groupManagement] INFO  server.RaftServerConfigKeys (ConfUtils.java:logGet(46)) - raft.server.rpc.timeout.min = 5s (custom)
2024-09-17 10:41:09,536 [eb256187-4e2b-429a-8dc2-6eca9b88007e-groupManagement] INFO  server.RaftServerConfigKeys (ConfUtils.java:logGet(46)) - raft.server.rpc.timeout.max = 5200ms (custom)
2024-09-17 10:41:09,536 [eb256187-4e2b-429a-8dc2-6eca9b88007e-groupManagement] INFO  server.RaftServerConfigKeys (ConfUtils.java:logGet(46)) - raft.server.rpc.sleep.time = 25ms (default)
2024-09-17 10:41:09,536 [eb256187-4e2b-429a-8dc2-6eca9b88007e-groupManagement] INFO  server.RaftServerConfigKeys (ConfUtils.java:logGet(46)) - raft.server.rpc.slowness.timeout = 300s (custom)
2024-09-17 10:41:09,536 [eb256187-4e2b-429a-8dc2-6eca9b88007e-groupManagement] INFO  server.RaftServerConfigKeys (ConfUtils.java:logGet(46)) - raft.server.leaderelection.leader.step-down.wait-time = 10s (default)
2024-09-17 10:41:09,537 [eb256187-4e2b-429a-8dc2-6eca9b88007e-groupManagement] INFO  server.RaftServerConfigKeys (ConfUtils.java:logGet(46)) - raft.server.leaderelection.member.majority-add = false (default)
2024-09-17 10:41:09,537 [eb256187-4e2b-429a-8dc2-6eca9b88007e-groupManagement] INFO  server.RaftServerConfigKeys (ConfUtils.java:logGet(46)) - raft.server.sleep.deviation.threshold = 300ms (default)
2024-09-17 10:41:09,537 [eb256187-4e2b-429a-8dc2-6eca9b88007e-groupManagement] INFO  server.RaftServer$Division (ServerState.java:<init>(114)) - eb256187-4e2b-429a-8dc2-6eca9b88007e@group-9116C400858E: ConfigurationManager, init=conf: {index: -1, cur=peers:[eb256187-4e2b-429a-8dc2-6eca9b88007e|127.0.0.1:15115, c84c3cd8-1177-42bf-a027-8b47ada8137b|127.0.0.1:15124, 53457c10-51b1-485d-b312-794085cbc7f1|127.0.0.1:15106]|listeners:[], old=null}, confs=<EMPTY_MAP>
2024-09-17 10:41:09,537 [eb256187-4e2b-429a-8dc2-6eca9b88007e-groupManagement] INFO  server.RaftServerConfigKeys (ConfUtils.java:logGet(46)) - raft.server.notification.no-leader.timeout = 300s (custom)
2024-09-17 10:41:09,537 [eb256187-4e2b-429a-8dc2-6eca9b88007e-groupManagement] INFO  server.RaftServerConfigKeys (ConfUtils.java:logGet(46)) - raft.server.read.timeout = 10s (default)
2024-09-17 10:41:09,537 [eb256187-4e2b-429a-8dc2-6eca9b88007e-groupManagement] INFO  server.RaftServerConfigKeys (ConfUtils.java:logGet(46)) - raft.server.retrycache.expirytime = 600000ms (custom)
2024-09-17 10:41:09,537 [eb256187-4e2b-429a-8dc2-6eca9b88007e-groupManagement] INFO  server.RaftServerConfigKeys (ConfUtils.java:logGet(46)) - raft.server.retrycache.statistics.expirytime = 100ms (default)
2024-09-17 10:41:09,538 [eb256187-4e2b-429a-8dc2-6eca9b88007e-groupManagement] INFO  server.RaftServerConfigKeys (ConfUtils.java:logGet(46)) - raft.server.read.option = DEFAULT (default)
2024-09-17 10:41:09,538 [eb256187-4e2b-429a-8dc2-6eca9b88007e-groupManagement] INFO  server.RaftServerConfigKeys (ConfUtils.java:logGet(46)) - raft.server.read.read-after-write-consistent.write-index-cache.expiry-time = 60s (default)
2024-09-17 10:41:09,540 [eb256187-4e2b-429a-8dc2-6eca9b88007e-groupManagement] INFO  server.RaftServerConfigKeys (ConfUtils.java:logGet(46)) - raft.server.rpc.request.timeout = 60s (custom)
2024-09-17 10:41:09,540 [eb256187-4e2b-429a-8dc2-6eca9b88007e-groupManagement] INFO  server.RaftServerConfigKeys (ConfUtils.java:logGet(46)) - raft.server.log.appender.install.snapshot.enabled = false (custom)
2024-09-17 10:41:09,540 [eb256187-4e2b-429a-8dc2-6eca9b88007e-groupManagement] INFO  server.RaftServerConfigKeys (ConfUtils.java:logGet(46)) - raft.server.threadpool.server.cached = true (default)
2024-09-17 10:41:09,540 [eb256187-4e2b-429a-8dc2-6eca9b88007e-groupManagement] INFO  server.RaftServerConfigKeys (ConfUtils.java:logGet(46)) - raft.server.threadpool.server.size = 0 (default)
2024-09-17 10:41:09,540 [eb256187-4e2b-429a-8dc2-6eca9b88007e-groupManagement] INFO  server.RaftServerConfigKeys (ConfUtils.java:logGet(46)) - raft.server.threadpool.client.cached = true (default)
2024-09-17 10:41:09,540 [eb256187-4e2b-429a-8dc2-6eca9b88007e-groupManagement] INFO  server.RaftServerConfigKeys (ConfUtils.java:logGet(46)) - raft.server.threadpool.client.size = 0 (default)
2024-09-17 10:41:09,540 [eb256187-4e2b-429a-8dc2-6eca9b88007e-groupManagement] INFO  server.RaftServerConfigKeys (ConfUtils.java:logGet(46)) - raft.server.storage.free-space.min = 0MB (=0) (default)
2024-09-17 10:41:09,540 [eb256187-4e2b-429a-8dc2-6eca9b88007e-groupManagement] INFO  server.RaftServerConfigKeys (ConfUtils.java:logGet(46)) - raft.server.log.corruption.policy = EXCEPTION (default)
2024-09-17 10:41:09,541 [eb256187-4e2b-429a-8dc2-6eca9b88007e-groupManagement] INFO  server.RaftServerConfigKeys (ConfUtils.java:logGet(46)) - raft.server.storage.dir = [/home/runner/work/ozone/ozone/hadoop-ozone/integration-test/target/test-dir/MiniOzoneClusterImpl-90660ac4-7e9c-448b-98ea-af4f808cf8d9/ozone-meta/datanode-2/ratis] (custom)
2024-09-17 10:41:09,541 [eb256187-4e2b-429a-8dc2-6eca9b88007e-groupManagement] INFO  storage.RaftStorageDirectory (RaftStorageDirectoryImpl.java:analyzeStorage(138)) - The storage directory /home/runner/work/ozone/ozone/hadoop-ozone/integration-test/target/test-dir/MiniOzoneClusterImpl-90660ac4-7e9c-448b-98ea-af4f808cf8d9/ozone-meta/datanode-2/ratis/61c62403-558d-4de3-8722-9116c400858e does not exist. Creating ...
2024-09-17 10:41:09,542 [eb256187-4e2b-429a-8dc2-6eca9b88007e-groupManagement] INFO  storage.RaftStorageDirectory (RaftStorageDirectoryImpl.java:tryLock(229)) - Lock on /home/runner/work/ozone/ozone/hadoop-ozone/integration-test/target/test-dir/MiniOzoneClusterImpl-90660ac4-7e9c-448b-98ea-af4f808cf8d9/ozone-meta/datanode-2/ratis/61c62403-558d-4de3-8722-9116c400858e/in_use.lock acquired by nodename 60320@fv-az977-14
2024-09-17 10:41:09,543 [eb256187-4e2b-429a-8dc2-6eca9b88007e-groupManagement] INFO  storage.RaftStorage (RaftStorageImpl.java:format(98)) - Storage directory /home/runner/work/ozone/ozone/hadoop-ozone/integration-test/target/test-dir/MiniOzoneClusterImpl-90660ac4-7e9c-448b-98ea-af4f808cf8d9/ozone-meta/datanode-2/ratis/61c62403-558d-4de3-8722-9116c400858e has been successfully formatted.
2024-09-17 10:41:09,543 [eb256187-4e2b-429a-8dc2-6eca9b88007e-groupManagement] INFO  ratis.ContainerStateMachine (ContainerStateMachine.java:loadSnapshot(295)) - group-9116C400858E: The snapshot info is null. Setting the last applied index to:(t:0, i:~)
2024-09-17 10:41:09,543 [eb256187-4e2b-429a-8dc2-6eca9b88007e-groupManagement] INFO  server.RaftServerConfigKeys (ConfUtils.java:logGet(46)) - raft.server.log.use.memory = false (default)
2024-09-17 10:41:09,543 [eb256187-4e2b-429a-8dc2-6eca9b88007e-groupManagement] INFO  server.RaftServerConfigKeys (ConfUtils.java:logGet(46)) - raft.server.log.purge.gap = 1000000 (custom)
2024-09-17 10:41:09,544 [eb256187-4e2b-429a-8dc2-6eca9b88007e-groupManagement] INFO  server.RaftServerConfigKeys (ConfUtils.java:logGet(46)) - raft.server.log.appender.buffer.byte-limit = 33554432 (custom)
2024-09-17 10:41:09,544 [eb256187-4e2b-429a-8dc2-6eca9b88007e-groupManagement] INFO  server.RaftServerConfigKeys (ConfUtils.java:logGet(46)) - raft.server.log.statemachine.data.read.timeout = 1000ms (default)
2024-09-17 10:41:09,544 [eb256187-4e2b-429a-8dc2-6eca9b88007e-groupManagement] INFO  server.RaftServerConfigKeys (ConfUtils.java:logGet(46)) - raft.server.log.purge.preservation.log.num = 0 (default)
2024-09-17 10:41:09,545 [eb256187-4e2b-429a-8dc2-6eca9b88007e-groupManagement] INFO  server.RaftServerConfigKeys (ConfUtils.java:logGet(46)) - raft.server.log.segment.size.max = 67108864 (custom)
2024-09-17 10:41:09,545 [eb256187-4e2b-429a-8dc2-6eca9b88007e-groupManagement] INFO  server.RaftServerConfigKeys (ConfUtils.java:logGet(46)) - raft.server.log.segment.cache.num.max = 2 (custom)
2024-09-17 10:41:09,545 [eb256187-4e2b-429a-8dc2-6eca9b88007e-groupManagement] INFO  server.RaftServerConfigKeys (ConfUtils.java:logGet(46)) - raft.server.log.segment.cache.size.max = 200MB (=209715200) (default)
2024-09-17 10:41:09,545 [eb256187-4e2b-429a-8dc2-6eca9b88007e-groupManagement] INFO  server.RaftServerConfigKeys (ConfUtils.java:logGet(46)) - raft.server.log.appender.buffer.byte-limit = 33554432 (custom)
2024-09-17 10:41:09,545 [eb256187-4e2b-429a-8dc2-6eca9b88007e-groupManagement] INFO  util.AwaitToRun (AwaitToRun.java:start(81)) - Thread[eb256187-4e2b-429a-8dc2-6eca9b88007e@group-9116C400858E-cacheEviction-AwaitToRun,5,main] started
2024-09-17 10:41:09,546 [eb256187-4e2b-429a-8dc2-6eca9b88007e-groupManagement] INFO  segmented.SegmentedRaftLogWorker (SegmentedRaftLogWorker.java:<init>(184)) - new eb256187-4e2b-429a-8dc2-6eca9b88007e@group-9116C400858E-SegmentedRaftLogWorker for RaftStorageImpl:Storage Directory /home/runner/work/ozone/ozone/hadoop-ozone/integration-test/target/test-dir/MiniOzoneClusterImpl-90660ac4-7e9c-448b-98ea-af4f808cf8d9/ozone-meta/datanode-2/ratis/61c62403-558d-4de3-8722-9116c400858e
2024-09-17 10:41:09,546 [eb256187-4e2b-429a-8dc2-6eca9b88007e-groupManagement] INFO  server.RaftServerConfigKeys (ConfUtils.java:logGet(46)) - raft.server.log.queue.byte-limit = 4294967296 (custom)
2024-09-17 10:41:09,546 [eb256187-4e2b-429a-8dc2-6eca9b88007e-groupManagement] INFO  server.RaftServerConfigKeys (ConfUtils.java:logGet(46)) - raft.server.log.queue.element-limit = 1024 (custom)
2024-09-17 10:41:09,546 [eb256187-4e2b-429a-8dc2-6eca9b88007e-groupManagement] INFO  server.RaftServerConfigKeys (ConfUtils.java:logGet(46)) - raft.server.log.segment.size.max = 67108864 (custom)
2024-09-17 10:41:09,546 [eb256187-4e2b-429a-8dc2-6eca9b88007e-groupManagement] INFO  server.RaftServerConfigKeys (ConfUtils.java:logGet(46)) - raft.server.log.preallocated.size = 4194304 (custom)
2024-09-17 10:41:09,546 [eb256187-4e2b-429a-8dc2-6eca9b88007e-groupManagement] INFO  server.RaftServerConfigKeys (ConfUtils.java:logGet(46)) - raft.server.log.force.sync.num = 128 (default)
2024-09-17 10:41:09,546 [eb256187-4e2b-429a-8dc2-6eca9b88007e-groupManagement] INFO  server.RaftServerConfigKeys (ConfUtils.java:logGet(46)) - raft.server.log.statemachine.data.sync = true (default)
2024-09-17 10:41:09,546 [eb256187-4e2b-429a-8dc2-6eca9b88007e-groupManagement] INFO  server.RaftServerConfigKeys (ConfUtils.java:logGet(46)) - raft.server.log.statemachine.data.sync.timeout = 10s (default)
2024-09-17 10:41:09,546 [eb256187-4e2b-429a-8dc2-6eca9b88007e-groupManagement] INFO  server.RaftServerConfigKeys (ConfUtils.java:logGet(46)) - raft.server.log.statemachine.data.sync.timeout.retry = 30 (custom)
2024-09-17 10:41:09,546 [eb256187-4e2b-429a-8dc2-6eca9b88007e-groupManagement] INFO  server.RaftServerConfigKeys (ConfUtils.java:logGet(46)) - raft.server.log.write.buffer.size = 33554440 (custom)
2024-09-17 10:41:09,551 [eb256187-4e2b-429a-8dc2-6eca9b88007e-groupManagement] INFO  server.RaftServerConfigKeys (ConfUtils.java:logGet(46)) - raft.server.log.appender.buffer.byte-limit = 33554432 (custom)
2024-09-17 10:41:09,551 [eb256187-4e2b-429a-8dc2-6eca9b88007e-groupManagement] INFO  server.RaftServerConfigKeys (ConfUtils.java:logGet(46)) - raft.server.log.unsafe-flush.enabled = false (default)
2024-09-17 10:41:09,551 [eb256187-4e2b-429a-8dc2-6eca9b88007e-groupManagement] INFO  server.RaftServerConfigKeys (ConfUtils.java:logGet(46)) - raft.server.log.async-flush.enabled = false (default)
2024-09-17 10:41:09,551 [eb256187-4e2b-429a-8dc2-6eca9b88007e-groupManagement] INFO  server.RaftServerConfigKeys (ConfUtils.java:logGet(46)) - raft.server.log.statemachine.data.caching.enabled = true (custom)
2024-09-17 10:41:09,551 [eb256187-4e2b-429a-8dc2-6eca9b88007e-groupManagement] INFO  segmented.SegmentedRaftLogWorker (SegmentedRaftLogWorker.java:lambda$new$0(135)) - eb256187-4e2b-429a-8dc2-6eca9b88007e@group-9116C400858E-SegmentedRaftLogWorker: flushIndex: setUnconditionally 0 -> -1
2024-09-17 10:41:09,551 [eb256187-4e2b-429a-8dc2-6eca9b88007e-groupManagement] INFO  segmented.SegmentedRaftLogWorker (SegmentedRaftLogWorker.java:lambda$new$0(135)) - eb256187-4e2b-429a-8dc2-6eca9b88007e@group-9116C400858E-SegmentedRaftLogWorker: safeCacheEvictIndex: setUnconditionally 0 -> -1
2024-09-17 10:41:09,551 [eb256187-4e2b-429a-8dc2-6eca9b88007e-groupManagement] INFO  server.RaftServer$Division (RaftServerImpl.java:start(389)) - eb256187-4e2b-429a-8dc2-6eca9b88007e@group-9116C400858E: start as a follower, conf=conf: {index: -1, cur=peers:[eb256187-4e2b-429a-8dc2-6eca9b88007e|127.0.0.1:15115, c84c3cd8-1177-42bf-a027-8b47ada8137b|127.0.0.1:15124, 53457c10-51b1-485d-b312-794085cbc7f1|127.0.0.1:15106]|listeners:[], old=null}
2024-09-17 10:41:09,551 [eb256187-4e2b-429a-8dc2-6eca9b88007e-groupManagement] INFO  server.RaftServer$Division (RaftServerImpl.java:setRole(376)) - eb256187-4e2b-429a-8dc2-6eca9b88007e@group-9116C400858E: changes role from      null to FOLLOWER at term 0 for startAsFollower
2024-09-17 10:41:09,552 [eb256187-4e2b-429a-8dc2-6eca9b88007e-groupManagement] INFO  impl.RoleInfo (RoleInfo.java:updateAndGet(148)) - eb256187-4e2b-429a-8dc2-6eca9b88007e: start eb256187-4e2b-429a-8dc2-6eca9b88007e@group-9116C400858E-FollowerState
2024-09-17 10:41:09,552 [eb256187-4e2b-429a-8dc2-6eca9b88007e@group-9116C400858E-FollowerState] INFO  server.RaftServerConfigKeys (ConfUtils.java:logFallback(53)) - raft.server.rpc.first-election.timeout.min = 5s (fallback to raft.server.rpc.timeout.min)
2024-09-17 10:41:09,552 [eb256187-4e2b-429a-8dc2-6eca9b88007e@group-9116C400858E-FollowerState] INFO  server.RaftServerConfigKeys (ConfUtils.java:logFallback(53)) - raft.server.rpc.first-election.timeout.max = 5200ms (fallback to raft.server.rpc.timeout.max)
2024-09-17 10:41:09,552 [eb256187-4e2b-429a-8dc2-6eca9b88007e-groupManagement] INFO  util.JmxRegister (JmxRegister.java:tryRegister(44)) - Successfully registered JMX Bean with object name Ratis:service=RaftServer,group=group-9116C400858E,id=eb256187-4e2b-429a-8dc2-6eca9b88007e
2024-09-17 10:41:09,552 [eb256187-4e2b-429a-8dc2-6eca9b88007e-groupManagement] INFO  util.JmxRegister (JmxRegister.java:register(58)) - register mxBean class org.apache.ratis.server.impl.RaftServerJmxAdapter as Ratis:service=RaftServer,group=group-9116C400858E,id=eb256187-4e2b-429a-8dc2-6eca9b88007e
2024-09-17 10:41:09,552 [eb256187-4e2b-429a-8dc2-6eca9b88007e-groupManagement] INFO  server.RaftServerConfigKeys (ConfUtils.java:logGet(46)) - raft.server.snapshot.trigger-when-stop.enabled = true (default)
2024-09-17 10:41:09,552 [eb256187-4e2b-429a-8dc2-6eca9b88007e-groupManagement] INFO  server.RaftServerConfigKeys (ConfUtils.java:logGet(46)) - raft.server.snapshot.trigger-when-remove.enabled = true (default)
2024-09-17 10:41:09,552 [eb256187-4e2b-429a-8dc2-6eca9b88007e-groupManagement] INFO  server.RaftServerConfigKeys (ConfUtils.java:logGet(46)) - raft.server.snapshot.auto.trigger.enabled = true (custom)
2024-09-17 10:41:09,552 [eb256187-4e2b-429a-8dc2-6eca9b88007e-groupManagement] INFO  server.RaftServerConfigKeys (ConfUtils.java:logGet(46)) - raft.server.snapshot.auto.trigger.threshold = 10000 (custom)
2024-09-17 10:41:09,552 [eb256187-4e2b-429a-8dc2-6eca9b88007e-groupManagement] INFO  server.RaftServerConfigKeys (ConfUtils.java:logGet(46)) - raft.server.snapshot.retention.file.num = 5 (custom)
2024-09-17 10:41:09,552 [eb256187-4e2b-429a-8dc2-6eca9b88007e-groupManagement] INFO  server.RaftServerConfigKeys (ConfUtils.java:logGet(46)) - raft.server.log.purge.upto.snapshot.index = false (default)
2024-09-17 10:41:09,560 [grpc-default-executor-4] INFO  server.RaftServer (RaftServerProxy.java:addNew(101)) - c84c3cd8-1177-42bf-a027-8b47ada8137b: addNew group-9116C400858E:[eb256187-4e2b-429a-8dc2-6eca9b88007e|127.0.0.1:15115, c84c3cd8-1177-42bf-a027-8b47ada8137b|127.0.0.1:15124, 53457c10-51b1-485d-b312-794085cbc7f1|127.0.0.1:15106] returns group-9116C400858E:java.util.concurrent.CompletableFuture@4be0cb21[Not completed]
2024-09-17 10:41:09,561 [c84c3cd8-1177-42bf-a027-8b47ada8137b-groupManagement] INFO  server.RaftServer$Division (RaftServerImpl.java:<init>(253)) - c84c3cd8-1177-42bf-a027-8b47ada8137b: new RaftServerImpl for group-9116C400858E:[eb256187-4e2b-429a-8dc2-6eca9b88007e|127.0.0.1:15115, c84c3cd8-1177-42bf-a027-8b47ada8137b|127.0.0.1:15124, 53457c10-51b1-485d-b312-794085cbc7f1|127.0.0.1:15106] with ContainerStateMachine:uninitialized
2024-09-17 10:41:09,561 [c84c3cd8-1177-42bf-a027-8b47ada8137b-groupManagement] INFO  server.RaftServerConfigKeys (ConfUtils.java:logGet(46)) - raft.server.rpc.timeout.min = 5s (custom)
2024-09-17 10:41:09,561 [c84c3cd8-1177-42bf-a027-8b47ada8137b-groupManagement] INFO  server.RaftServerConfigKeys (ConfUtils.java:logGet(46)) - raft.server.rpc.timeout.max = 5200ms (custom)
2024-09-17 10:41:09,561 [c84c3cd8-1177-42bf-a027-8b47ada8137b-groupManagement] INFO  server.RaftServerConfigKeys (ConfUtils.java:logGet(46)) - raft.server.rpc.sleep.time = 25ms (default)
2024-09-17 10:41:09,561 [c84c3cd8-1177-42bf-a027-8b47ada8137b-groupManagement] INFO  server.RaftServerConfigKeys (ConfUtils.java:logGet(46)) - raft.server.rpc.slowness.timeout = 300s (custom)
2024-09-17 10:41:09,561 [c84c3cd8-1177-42bf-a027-8b47ada8137b-groupManagement] INFO  server.RaftServerConfigKeys (ConfUtils.java:logGet(46)) - raft.server.leaderelection.leader.step-down.wait-time = 10s (default)
2024-09-17 10:41:09,561 [c84c3cd8-1177-42bf-a027-8b47ada8137b-groupManagement] INFO  server.RaftServerConfigKeys (ConfUtils.java:logGet(46)) - raft.server.leaderelection.member.majority-add = false (default)
2024-09-17 10:41:09,561 [c84c3cd8-1177-42bf-a027-8b47ada8137b-groupManagement] INFO  server.RaftServerConfigKeys (ConfUtils.java:logGet(46)) - raft.server.sleep.deviation.threshold = 300ms (default)
2024-09-17 10:41:09,561 [c84c3cd8-1177-42bf-a027-8b47ada8137b-groupManagement] INFO  server.RaftServer$Division (ServerState.java:<init>(114)) - c84c3cd8-1177-42bf-a027-8b47ada8137b@group-9116C400858E: ConfigurationManager, init=conf: {index: -1, cur=peers:[eb256187-4e2b-429a-8dc2-6eca9b88007e|127.0.0.1:15115, c84c3cd8-1177-42bf-a027-8b47ada8137b|127.0.0.1:15124, 53457c10-51b1-485d-b312-794085cbc7f1|127.0.0.1:15106]|listeners:[], old=null}, confs=<EMPTY_MAP>
2024-09-17 10:41:09,561 [c84c3cd8-1177-42bf-a027-8b47ada8137b-groupManagement] INFO  server.RaftServerConfigKeys (ConfUtils.java:logGet(46)) - raft.server.notification.no-leader.timeout = 300s (custom)
2024-09-17 10:41:09,561 [c84c3cd8-1177-42bf-a027-8b47ada8137b-groupManagement] INFO  server.RaftServerConfigKeys (ConfUtils.java:logGet(46)) - raft.server.read.timeout = 10s (default)
2024-09-17 10:41:09,562 [c84c3cd8-1177-42bf-a027-8b47ada8137b-groupManagement] INFO  server.RaftServerConfigKeys (ConfUtils.java:logGet(46)) - raft.server.retrycache.expirytime = 600000ms (custom)
2024-09-17 10:41:09,562 [c84c3cd8-1177-42bf-a027-8b47ada8137b-groupManagement] INFO  server.RaftServerConfigKeys (ConfUtils.java:logGet(46)) - raft.server.retrycache.statistics.expirytime = 100ms (default)
2024-09-17 10:41:09,562 [c84c3cd8-1177-42bf-a027-8b47ada8137b-groupManagement] INFO  server.RaftServerConfigKeys (ConfUtils.java:logGet(46)) - raft.server.read.option = DEFAULT (default)
2024-09-17 10:41:09,562 [c84c3cd8-1177-42bf-a027-8b47ada8137b-groupManagement] INFO  server.RaftServerConfigKeys (ConfUtils.java:logGet(46)) - raft.server.read.read-after-write-consistent.write-index-cache.expiry-time = 60s (default)
2024-09-17 10:41:09,563 [c84c3cd8-1177-42bf-a027-8b47ada8137b-groupManagement] INFO  server.RaftServerConfigKeys (ConfUtils.java:logGet(46)) - raft.server.rpc.request.timeout = 60s (custom)
2024-09-17 10:41:09,564 [c84c3cd8-1177-42bf-a027-8b47ada8137b-groupManagement] INFO  server.RaftServerConfigKeys (ConfUtils.java:logGet(46)) - raft.server.log.appender.install.snapshot.enabled = false (custom)
2024-09-17 10:41:09,564 [c84c3cd8-1177-42bf-a027-8b47ada8137b-groupManagement] INFO  server.RaftServerConfigKeys (ConfUtils.java:logGet(46)) - raft.server.threadpool.server.cached = true (default)
2024-09-17 10:41:09,564 [c84c3cd8-1177-42bf-a027-8b47ada8137b-groupManagement] INFO  server.RaftServerConfigKeys (ConfUtils.java:logGet(46)) - raft.server.threadpool.server.size = 0 (default)
2024-09-17 10:41:09,564 [c84c3cd8-1177-42bf-a027-8b47ada8137b-groupManagement] INFO  server.RaftServerConfigKeys (ConfUtils.java:logGet(46)) - raft.server.threadpool.client.cached = true (default)
2024-09-17 10:41:09,564 [c84c3cd8-1177-42bf-a027-8b47ada8137b-groupManagement] INFO  server.RaftServerConfigKeys (ConfUtils.java:logGet(46)) - raft.server.threadpool.client.size = 0 (default)
2024-09-17 10:41:09,564 [c84c3cd8-1177-42bf-a027-8b47ada8137b-groupManagement] INFO  server.RaftServerConfigKeys (ConfUtils.java:logGet(46)) - raft.server.storage.free-space.min = 0MB (=0) (default)
2024-09-17 10:41:09,564 [c84c3cd8-1177-42bf-a027-8b47ada8137b-groupManagement] INFO  server.RaftServerConfigKeys (ConfUtils.java:logGet(46)) - raft.server.log.corruption.policy = EXCEPTION (default)
2024-09-17 10:41:09,564 [c84c3cd8-1177-42bf-a027-8b47ada8137b-groupManagement] INFO  server.RaftServerConfigKeys (ConfUtils.java:logGet(46)) - raft.server.storage.dir = [/home/runner/work/ozone/ozone/hadoop-ozone/integration-test/target/test-dir/MiniOzoneClusterImpl-90660ac4-7e9c-448b-98ea-af4f808cf8d9/ozone-meta/datanode-3/ratis] (custom)
2024-09-17 10:41:09,564 [c84c3cd8-1177-42bf-a027-8b47ada8137b-groupManagement] INFO  storage.RaftStorageDirectory (RaftStorageDirectoryImpl.java:analyzeStorage(138)) - The storage directory /home/runner/work/ozone/ozone/hadoop-ozone/integration-test/target/test-dir/MiniOzoneClusterImpl-90660ac4-7e9c-448b-98ea-af4f808cf8d9/ozone-meta/datanode-3/ratis/61c62403-558d-4de3-8722-9116c400858e does not exist. Creating ...
2024-09-17 10:41:09,565 [c84c3cd8-1177-42bf-a027-8b47ada8137b-groupManagement] INFO  storage.RaftStorageDirectory (RaftStorageDirectoryImpl.java:tryLock(229)) - Lock on /home/runner/work/ozone/ozone/hadoop-ozone/integration-test/target/test-dir/MiniOzoneClusterImpl-90660ac4-7e9c-448b-98ea-af4f808cf8d9/ozone-meta/datanode-3/ratis/61c62403-558d-4de3-8722-9116c400858e/in_use.lock acquired by nodename 60320@fv-az977-14
2024-09-17 10:41:09,567 [c84c3cd8-1177-42bf-a027-8b47ada8137b-groupManagement] INFO  storage.RaftStorage (RaftStorageImpl.java:format(98)) - Storage directory /home/runner/work/ozone/ozone/hadoop-ozone/integration-test/target/test-dir/MiniOzoneClusterImpl-90660ac4-7e9c-448b-98ea-af4f808cf8d9/ozone-meta/datanode-3/ratis/61c62403-558d-4de3-8722-9116c400858e has been successfully formatted.
2024-09-17 10:41:09,567 [c84c3cd8-1177-42bf-a027-8b47ada8137b-groupManagement] INFO  ratis.ContainerStateMachine (ContainerStateMachine.java:loadSnapshot(295)) - group-9116C400858E: The snapshot info is null. Setting the last applied index to:(t:0, i:~)
2024-09-17 10:41:09,567 [c84c3cd8-1177-42bf-a027-8b47ada8137b-groupManagement] INFO  server.RaftServerConfigKeys (ConfUtils.java:logGet(46)) - raft.server.log.use.memory = false (default)
2024-09-17 10:41:09,567 [c84c3cd8-1177-42bf-a027-8b47ada8137b-groupManagement] INFO  server.RaftServerConfigKeys (ConfUtils.java:logGet(46)) - raft.server.log.purge.gap = 1000000 (custom)
2024-09-17 10:41:09,567 [c84c3cd8-1177-42bf-a027-8b47ada8137b-groupManagement] INFO  server.RaftServerConfigKeys (ConfUtils.java:logGet(46)) - raft.server.log.appender.buffer.byte-limit = 33554432 (custom)
2024-09-17 10:41:09,567 [c84c3cd8-1177-42bf-a027-8b47ada8137b-groupManagement] INFO  server.RaftServerConfigKeys (ConfUtils.java:logGet(46)) - raft.server.log.statemachine.data.read.timeout = 1000ms (default)
2024-09-17 10:41:09,568 [c84c3cd8-1177-42bf-a027-8b47ada8137b-groupManagement] INFO  server.RaftServerConfigKeys (ConfUtils.java:logGet(46)) - raft.server.log.purge.preservation.log.num = 0 (default)
2024-09-17 10:41:09,569 [c84c3cd8-1177-42bf-a027-8b47ada8137b-groupManagement] INFO  server.RaftServerConfigKeys (ConfUtils.java:logGet(46)) - raft.server.log.segment.size.max = 67108864 (custom)
2024-09-17 10:41:09,569 [c84c3cd8-1177-42bf-a027-8b47ada8137b-groupManagement] INFO  server.RaftServerConfigKeys (ConfUtils.java:logGet(46)) - raft.server.log.segment.cache.num.max = 2 (custom)
2024-09-17 10:41:09,569 [c84c3cd8-1177-42bf-a027-8b47ada8137b-groupManagement] INFO  server.RaftServerConfigKeys (ConfUtils.java:logGet(46)) - raft.server.log.segment.cache.size.max = 200MB (=209715200) (default)
2024-09-17 10:41:09,569 [c84c3cd8-1177-42bf-a027-8b47ada8137b-groupManagement] INFO  server.RaftServerConfigKeys (ConfUtils.java:logGet(46)) - raft.server.log.appender.buffer.byte-limit = 33554432 (custom)
2024-09-17 10:41:09,569 [c84c3cd8-1177-42bf-a027-8b47ada8137b-groupManagement] INFO  util.AwaitToRun (AwaitToRun.java:start(81)) - Thread[c84c3cd8-1177-42bf-a027-8b47ada8137b@group-9116C400858E-cacheEviction-AwaitToRun,5,main] started
2024-09-17 10:41:09,569 [c84c3cd8-1177-42bf-a027-8b47ada8137b-groupManagement] INFO  segmented.SegmentedRaftLogWorker (SegmentedRaftLogWorker.java:<init>(184)) - new c84c3cd8-1177-42bf-a027-8b47ada8137b@group-9116C400858E-SegmentedRaftLogWorker for RaftStorageImpl:Storage Directory /home/runner/work/ozone/ozone/hadoop-ozone/integration-test/target/test-dir/MiniOzoneClusterImpl-90660ac4-7e9c-448b-98ea-af4f808cf8d9/ozone-meta/datanode-3/ratis/61c62403-558d-4de3-8722-9116c400858e
2024-09-17 10:41:09,569 [c84c3cd8-1177-42bf-a027-8b47ada8137b-groupManagement] INFO  server.RaftServerConfigKeys (ConfUtils.java:logGet(46)) - raft.server.log.queue.byte-limit = 4294967296 (custom)
2024-09-17 10:41:09,570 [c84c3cd8-1177-42bf-a027-8b47ada8137b-groupManagement] INFO  server.RaftServerConfigKeys (ConfUtils.java:logGet(46)) - raft.server.log.queue.element-limit = 1024 (custom)
2024-09-17 10:41:09,570 [c84c3cd8-1177-42bf-a027-8b47ada8137b-groupManagement] INFO  server.RaftServerConfigKeys (ConfUtils.java:logGet(46)) - raft.server.log.segment.size.max = 67108864 (custom)
2024-09-17 10:41:09,570 [c84c3cd8-1177-42bf-a027-8b47ada8137b-groupManagement] INFO  server.RaftServerConfigKeys (ConfUtils.java:logGet(46)) - raft.server.log.preallocated.size = 4194304 (custom)
2024-09-17 10:41:09,570 [c84c3cd8-1177-42bf-a027-8b47ada8137b-groupManagement] INFO  server.RaftServerConfigKeys (ConfUtils.java:logGet(46)) - raft.server.log.force.sync.num = 128 (default)
2024-09-17 10:41:09,570 [c84c3cd8-1177-42bf-a027-8b47ada8137b-groupManagement] INFO  server.RaftServerConfigKeys (ConfUtils.java:logGet(46)) - raft.server.log.statemachine.data.sync = true (default)
2024-09-17 10:41:09,570 [c84c3cd8-1177-42bf-a027-8b47ada8137b-groupManagement] INFO  server.RaftServerConfigKeys (ConfUtils.java:logGet(46)) - raft.server.log.statemachine.data.sync.timeout = 10s (default)
2024-09-17 10:41:09,570 [c84c3cd8-1177-42bf-a027-8b47ada8137b-groupManagement] INFO  server.RaftServerConfigKeys (ConfUtils.java:logGet(46)) - raft.server.log.statemachine.data.sync.timeout.retry = 30 (custom)
2024-09-17 10:41:09,570 [c84c3cd8-1177-42bf-a027-8b47ada8137b-groupManagement] INFO  server.RaftServerConfigKeys (ConfUtils.java:logGet(46)) - raft.server.log.write.buffer.size = 33554440 (custom)
2024-09-17 10:41:09,575 [c84c3cd8-1177-42bf-a027-8b47ada8137b-groupManagement] INFO  server.RaftServerConfigKeys (ConfUtils.java:logGet(46)) - raft.server.log.appender.buffer.byte-limit = 33554432 (custom)
2024-09-17 10:41:09,575 [c84c3cd8-1177-42bf-a027-8b47ada8137b-groupManagement] INFO  server.RaftServerConfigKeys (ConfUtils.java:logGet(46)) - raft.server.log.unsafe-flush.enabled = false (default)
2024-09-17 10:41:09,575 [c84c3cd8-1177-42bf-a027-8b47ada8137b-groupManagement] INFO  server.RaftServerConfigKeys (ConfUtils.java:logGet(46)) - raft.server.log.async-flush.enabled = false (default)
2024-09-17 10:41:09,575 [c84c3cd8-1177-42bf-a027-8b47ada8137b-groupManagement] INFO  server.RaftServerConfigKeys (ConfUtils.java:logGet(46)) - raft.server.log.statemachine.data.caching.enabled = true (custom)
2024-09-17 10:41:09,575 [c84c3cd8-1177-42bf-a027-8b47ada8137b-groupManagement] INFO  segmented.SegmentedRaftLogWorker (SegmentedRaftLogWorker.java:lambda$new$0(135)) - c84c3cd8-1177-42bf-a027-8b47ada8137b@group-9116C400858E-SegmentedRaftLogWorker: flushIndex: setUnconditionally 0 -> -1
2024-09-17 10:41:09,575 [c84c3cd8-1177-42bf-a027-8b47ada8137b-groupManagement] INFO  segmented.SegmentedRaftLogWorker (SegmentedRaftLogWorker.java:lambda$new$0(135)) - c84c3cd8-1177-42bf-a027-8b47ada8137b@group-9116C400858E-SegmentedRaftLogWorker: safeCacheEvictIndex: setUnconditionally 0 -> -1
2024-09-17 10:41:09,576 [c84c3cd8-1177-42bf-a027-8b47ada8137b-groupManagement] INFO  server.RaftServer$Division (RaftServerImpl.java:start(389)) - c84c3cd8-1177-42bf-a027-8b47ada8137b@group-9116C400858E: start as a follower, conf=conf: {index: -1, cur=peers:[eb256187-4e2b-429a-8dc2-6eca9b88007e|127.0.0.1:15115, c84c3cd8-1177-42bf-a027-8b47ada8137b|127.0.0.1:15124, 53457c10-51b1-485d-b312-794085cbc7f1|127.0.0.1:15106]|listeners:[], old=null}
2024-09-17 10:41:09,576 [c84c3cd8-1177-42bf-a027-8b47ada8137b-groupManagement] INFO  server.RaftServer$Division (RaftServerImpl.java:setRole(376)) - c84c3cd8-1177-42bf-a027-8b47ada8137b@group-9116C400858E: changes role from      null to FOLLOWER at term 0 for startAsFollower
2024-09-17 10:41:09,577 [c84c3cd8-1177-42bf-a027-8b47ada8137b-groupManagement] INFO  impl.RoleInfo (RoleInfo.java:updateAndGet(148)) - c84c3cd8-1177-42bf-a027-8b47ada8137b: start c84c3cd8-1177-42bf-a027-8b47ada8137b@group-9116C400858E-FollowerState
2024-09-17 10:41:09,577 [c84c3cd8-1177-42bf-a027-8b47ada8137b@group-9116C400858E-FollowerState] INFO  server.RaftServerConfigKeys (ConfUtils.java:logFallback(53)) - raft.server.rpc.first-election.timeout.min = 5s (fallback to raft.server.rpc.timeout.min)
2024-09-17 10:41:09,577 [c84c3cd8-1177-42bf-a027-8b47ada8137b@group-9116C400858E-FollowerState] INFO  server.RaftServerConfigKeys (ConfUtils.java:logFallback(53)) - raft.server.rpc.first-election.timeout.max = 5200ms (fallback to raft.server.rpc.timeout.max)
2024-09-17 10:41:09,577 [c84c3cd8-1177-42bf-a027-8b47ada8137b-groupManagement] INFO  util.JmxRegister (JmxRegister.java:tryRegister(44)) - Successfully registered JMX Bean with object name Ratis:service=RaftServer,group=group-9116C400858E,id=c84c3cd8-1177-42bf-a027-8b47ada8137b
2024-09-17 10:41:09,577 [c84c3cd8-1177-42bf-a027-8b47ada8137b-groupManagement] INFO  util.JmxRegister (JmxRegister.java:register(58)) - register mxBean class org.apache.ratis.server.impl.RaftServerJmxAdapter as Ratis:service=RaftServer,group=group-9116C400858E,id=c84c3cd8-1177-42bf-a027-8b47ada8137b
2024-09-17 10:41:09,578 [c84c3cd8-1177-42bf-a027-8b47ada8137b-groupManagement] INFO  server.RaftServerConfigKeys (ConfUtils.java:logGet(46)) - raft.server.snapshot.trigger-when-stop.enabled = true (default)
2024-09-17 10:41:09,578 [c84c3cd8-1177-42bf-a027-8b47ada8137b-groupManagement] INFO  server.RaftServerConfigKeys (ConfUtils.java:logGet(46)) - raft.server.snapshot.trigger-when-remove.enabled = true (default)
2024-09-17 10:41:09,578 [c84c3cd8-1177-42bf-a027-8b47ada8137b-groupManagement] INFO  server.RaftServerConfigKeys (ConfUtils.java:logGet(46)) - raft.server.snapshot.auto.trigger.enabled = true (custom)
2024-09-17 10:41:09,578 [c84c3cd8-1177-42bf-a027-8b47ada8137b-groupManagement] INFO  server.RaftServerConfigKeys (ConfUtils.java:logGet(46)) - raft.server.snapshot.auto.trigger.threshold = 10000 (custom)
2024-09-17 10:41:09,578 [c84c3cd8-1177-42bf-a027-8b47ada8137b-groupManagement] INFO  server.RaftServerConfigKeys (ConfUtils.java:logGet(46)) - raft.server.snapshot.retention.file.num = 5 (custom)
2024-09-17 10:41:09,578 [c84c3cd8-1177-42bf-a027-8b47ada8137b-groupManagement] INFO  server.RaftServerConfigKeys (ConfUtils.java:logGet(46)) - raft.server.log.purge.upto.snapshot.index = false (default)
2024-09-17 10:41:09,580 [53457c10-51b1-485d-b312-794085cbc7f1-PipelineCommandHandlerThread-0] INFO  commandhandler.CreatePipelineCommandHandler (CreatePipelineCommandHandler.java:lambda$handle$2(124)) - Created Pipeline RATIS THREE PipelineID=61c62403-558d-4de3-8722-9116c400858e.
2024-09-17 10:41:09,581 [53457c10-51b1-485d-b312-794085cbc7f1-PipelineCommandHandlerThread-0] INFO  server.RaftServer (RaftServerProxy.java:addNew(101)) - 53457c10-51b1-485d-b312-794085cbc7f1: addNew group-7CB29ED6A730:[eb256187-4e2b-429a-8dc2-6eca9b88007e|127.0.0.1:15115, c84c3cd8-1177-42bf-a027-8b47ada8137b|127.0.0.1:15124, 53457c10-51b1-485d-b312-794085cbc7f1|127.0.0.1:15106] returns group-7CB29ED6A730:java.util.concurrent.CompletableFuture@fccdb9d[Not completed]
2024-09-17 10:41:09,582 [53457c10-51b1-485d-b312-794085cbc7f1-groupManagement] INFO  server.RaftServer$Division (RaftServerImpl.java:<init>(253)) - 53457c10-51b1-485d-b312-794085cbc7f1: new RaftServerImpl for group-7CB29ED6A730:[eb256187-4e2b-429a-8dc2-6eca9b88007e|127.0.0.1:15115, c84c3cd8-1177-42bf-a027-8b47ada8137b|127.0.0.1:15124, 53457c10-51b1-485d-b312-794085cbc7f1|127.0.0.1:15106] with ContainerStateMachine:uninitialized
2024-09-17 10:41:09,582 [53457c10-51b1-485d-b312-794085cbc7f1-groupManagement] INFO  server.RaftServerConfigKeys (ConfUtils.java:logGet(46)) - raft.server.rpc.timeout.min = 5s (custom)
2024-09-17 10:41:09,582 [53457c10-51b1-485d-b312-794085cbc7f1-groupManagement] INFO  server.RaftServerConfigKeys (ConfUtils.java:logGet(46)) - raft.server.rpc.timeout.max = 5200ms (custom)
2024-09-17 10:41:09,582 [53457c10-51b1-485d-b312-794085cbc7f1-groupManagement] INFO  server.RaftServerConfigKeys (ConfUtils.java:logGet(46)) - raft.server.rpc.sleep.time = 25ms (default)
2024-09-17 10:41:09,582 [53457c10-51b1-485d-b312-794085cbc7f1-groupManagement] INFO  server.RaftServerConfigKeys (ConfUtils.java:logGet(46)) - raft.server.rpc.slowness.timeout = 300s (custom)
2024-09-17 10:41:09,582 [53457c10-51b1-485d-b312-794085cbc7f1-groupManagement] INFO  server.RaftServerConfigKeys (ConfUtils.java:logGet(46)) - raft.server.leaderelection.leader.step-down.wait-time = 10s (default)
2024-09-17 10:41:09,582 [53457c10-51b1-485d-b312-794085cbc7f1-groupManagement] INFO  server.RaftServerConfigKeys (ConfUtils.java:logGet(46)) - raft.server.leaderelection.member.majority-add = false (default)
2024-09-17 10:41:09,582 [53457c10-51b1-485d-b312-794085cbc7f1-groupManagement] INFO  server.RaftServerConfigKeys (ConfUtils.java:logGet(46)) - raft.server.sleep.deviation.threshold = 300ms (default)
2024-09-17 10:41:09,582 [53457c10-51b1-485d-b312-794085cbc7f1-groupManagement] INFO  server.RaftServer$Division (ServerState.java:<init>(114)) - 53457c10-51b1-485d-b312-794085cbc7f1@group-7CB29ED6A730: ConfigurationManager, init=conf: {index: -1, cur=peers:[eb256187-4e2b-429a-8dc2-6eca9b88007e|127.0.0.1:15115, c84c3cd8-1177-42bf-a027-8b47ada8137b|127.0.0.1:15124, 53457c10-51b1-485d-b312-794085cbc7f1|127.0.0.1:15106]|listeners:[], old=null}, confs=<EMPTY_MAP>
2024-09-17 10:41:09,582 [53457c10-51b1-485d-b312-794085cbc7f1-groupManagement] INFO  server.RaftServerConfigKeys (ConfUtils.java:logGet(46)) - raft.server.notification.no-leader.timeout = 300s (custom)
2024-09-17 10:41:09,582 [53457c10-51b1-485d-b312-794085cbc7f1-groupManagement] INFO  server.RaftServerConfigKeys (ConfUtils.java:logGet(46)) - raft.server.read.timeout = 10s (default)
2024-09-17 10:41:09,582 [53457c10-51b1-485d-b312-794085cbc7f1-groupManagement] INFO  server.RaftServerConfigKeys (ConfUtils.java:logGet(46)) - raft.server.retrycache.expirytime = 600000ms (custom)
2024-09-17 10:41:09,582 [53457c10-51b1-485d-b312-794085cbc7f1-groupManagement] INFO  server.RaftServerConfigKeys (ConfUtils.java:logGet(46)) - raft.server.retrycache.statistics.expirytime = 100ms (default)
2024-09-17 10:41:09,582 [53457c10-51b1-485d-b312-794085cbc7f1-groupManagement] INFO  server.RaftServerConfigKeys (ConfUtils.java:logGet(46)) - raft.server.read.option = DEFAULT (default)
2024-09-17 10:41:09,582 [53457c10-51b1-485d-b312-794085cbc7f1-groupManagement] INFO  server.RaftServerConfigKeys (ConfUtils.java:logGet(46)) - raft.server.read.read-after-write-consistent.write-index-cache.expiry-time = 60s (default)
2024-09-17 10:41:09,584 [53457c10-51b1-485d-b312-794085cbc7f1-groupManagement] INFO  server.RaftServerConfigKeys (ConfUtils.java:logGet(46)) - raft.server.rpc.request.timeout = 60s (custom)
2024-09-17 10:41:09,584 [53457c10-51b1-485d-b312-794085cbc7f1-groupManagement] INFO  server.RaftServerConfigKeys (ConfUtils.java:logGet(46)) - raft.server.log.appender.install.snapshot.enabled = false (custom)
2024-09-17 10:41:09,584 [53457c10-51b1-485d-b312-794085cbc7f1-groupManagement] INFO  server.RaftServerConfigKeys (ConfUtils.java:logGet(46)) - raft.server.threadpool.server.cached = true (default)
2024-09-17 10:41:09,584 [53457c10-51b1-485d-b312-794085cbc7f1-groupManagement] INFO  server.RaftServerConfigKeys (ConfUtils.java:logGet(46)) - raft.server.threadpool.server.size = 0 (default)
2024-09-17 10:41:09,584 [53457c10-51b1-485d-b312-794085cbc7f1-groupManagement] INFO  server.RaftServerConfigKeys (ConfUtils.java:logGet(46)) - raft.server.threadpool.client.cached = true (default)
2024-09-17 10:41:09,584 [53457c10-51b1-485d-b312-794085cbc7f1-groupManagement] INFO  server.RaftServerConfigKeys (ConfUtils.java:logGet(46)) - raft.server.threadpool.client.size = 0 (default)
2024-09-17 10:41:09,584 [53457c10-51b1-485d-b312-794085cbc7f1-groupManagement] INFO  server.RaftServerConfigKeys (ConfUtils.java:logGet(46)) - raft.server.storage.free-space.min = 0MB (=0) (default)
2024-09-17 10:41:09,584 [53457c10-51b1-485d-b312-794085cbc7f1-groupManagement] INFO  server.RaftServerConfigKeys (ConfUtils.java:logGet(46)) - raft.server.log.corruption.policy = EXCEPTION (default)
2024-09-17 10:41:09,584 [53457c10-51b1-485d-b312-794085cbc7f1-groupManagement] INFO  server.RaftServerConfigKeys (ConfUtils.java:logGet(46)) - raft.server.storage.dir = [/home/runner/work/ozone/ozone/hadoop-ozone/integration-test/target/test-dir/MiniOzoneClusterImpl-90660ac4-7e9c-448b-98ea-af4f808cf8d9/ozone-meta/datanode-1/ratis] (custom)
2024-09-17 10:41:09,584 [53457c10-51b1-485d-b312-794085cbc7f1-groupManagement] INFO  storage.RaftStorageDirectory (RaftStorageDirectoryImpl.java:analyzeStorage(138)) - The storage directory /home/runner/work/ozone/ozone/hadoop-ozone/integration-test/target/test-dir/MiniOzoneClusterImpl-90660ac4-7e9c-448b-98ea-af4f808cf8d9/ozone-meta/datanode-1/ratis/2cbbccb8-f307-448c-bf1d-7cb29ed6a730 does not exist. Creating ...
2024-09-17 10:41:09,585 [53457c10-51b1-485d-b312-794085cbc7f1-groupManagement] INFO  storage.RaftStorageDirectory (RaftStorageDirectoryImpl.java:tryLock(229)) - Lock on /home/runner/work/ozone/ozone/hadoop-ozone/integration-test/target/test-dir/MiniOzoneClusterImpl-90660ac4-7e9c-448b-98ea-af4f808cf8d9/ozone-meta/datanode-1/ratis/2cbbccb8-f307-448c-bf1d-7cb29ed6a730/in_use.lock acquired by nodename 60320@fv-az977-14
2024-09-17 10:41:09,586 [53457c10-51b1-485d-b312-794085cbc7f1-groupManagement] INFO  storage.RaftStorage (RaftStorageImpl.java:format(98)) - Storage directory /home/runner/work/ozone/ozone/hadoop-ozone/integration-test/target/test-dir/MiniOzoneClusterImpl-90660ac4-7e9c-448b-98ea-af4f808cf8d9/ozone-meta/datanode-1/ratis/2cbbccb8-f307-448c-bf1d-7cb29ed6a730 has been successfully formatted.
2024-09-17 10:41:09,587 [53457c10-51b1-485d-b312-794085cbc7f1-groupManagement] INFO  ratis.ContainerStateMachine (ContainerStateMachine.java:loadSnapshot(295)) - group-7CB29ED6A730: The snapshot info is null. Setting the last applied index to:(t:0, i:~)
2024-09-17 10:41:09,587 [53457c10-51b1-485d-b312-794085cbc7f1-groupManagement] INFO  server.RaftServerConfigKeys (ConfUtils.java:logGet(46)) - raft.server.log.use.memory = false (default)
2024-09-17 10:41:09,587 [53457c10-51b1-485d-b312-794085cbc7f1-groupManagement] INFO  server.RaftServerConfigKeys (ConfUtils.java:logGet(46)) - raft.server.log.purge.gap = 1000000 (custom)
2024-09-17 10:41:09,587 [53457c10-51b1-485d-b312-794085cbc7f1-groupManagement] INFO  server.RaftServerConfigKeys (ConfUtils.java:logGet(46)) - raft.server.log.appender.buffer.byte-limit = 33554432 (custom)
2024-09-17 10:41:09,587 [53457c10-51b1-485d-b312-794085cbc7f1-groupManagement] INFO  server.RaftServerConfigKeys (ConfUtils.java:logGet(46)) - raft.server.log.statemachine.data.read.timeout = 1000ms (default)
2024-09-17 10:41:09,587 [53457c10-51b1-485d-b312-794085cbc7f1-groupManagement] INFO  server.RaftServerConfigKeys (ConfUtils.java:logGet(46)) - raft.server.log.purge.preservation.log.num = 0 (default)
2024-09-17 10:41:09,588 [EventQueue-OpenPipelineForHealthyPipelineSafeModeRule] INFO  safemode.SCMSafeModeManager (HealthyPipelineSafeModeRule.java:process(140)) - SCM in safe mode. Healthy pipelines reported count is 0, required healthy pipeline reported count is 1
2024-09-17 10:41:09,588 [53457c10-51b1-485d-b312-794085cbc7f1-groupManagement] INFO  server.RaftServerConfigKeys (ConfUtils.java:logGet(46)) - raft.server.log.segment.size.max = 67108864 (custom)
2024-09-17 10:41:09,588 [53457c10-51b1-485d-b312-794085cbc7f1-groupManagement] INFO  server.RaftServerConfigKeys (ConfUtils.java:logGet(46)) - raft.server.log.segment.cache.num.max = 2 (custom)
2024-09-17 10:41:09,588 [53457c10-51b1-485d-b312-794085cbc7f1-groupManagement] INFO  server.RaftServerConfigKeys (ConfUtils.java:logGet(46)) - raft.server.log.segment.cache.size.max = 200MB (=209715200) (default)
2024-09-17 10:41:09,588 [53457c10-51b1-485d-b312-794085cbc7f1-groupManagement] INFO  server.RaftServerConfigKeys (ConfUtils.java:logGet(46)) - raft.server.log.appender.buffer.byte-limit = 33554432 (custom)
2024-09-17 10:41:09,588 [53457c10-51b1-485d-b312-794085cbc7f1-groupManagement] INFO  util.AwaitToRun (AwaitToRun.java:start(81)) - Thread[53457c10-51b1-485d-b312-794085cbc7f1@group-7CB29ED6A730-cacheEviction-AwaitToRun,5,main] started
2024-09-17 10:41:09,588 [53457c10-51b1-485d-b312-794085cbc7f1-groupManagement] INFO  segmented.SegmentedRaftLogWorker (SegmentedRaftLogWorker.java:<init>(184)) - new 53457c10-51b1-485d-b312-794085cbc7f1@group-7CB29ED6A730-SegmentedRaftLogWorker for RaftStorageImpl:Storage Directory /home/runner/work/ozone/ozone/hadoop-ozone/integration-test/target/test-dir/MiniOzoneClusterImpl-90660ac4-7e9c-448b-98ea-af4f808cf8d9/ozone-meta/datanode-1/ratis/2cbbccb8-f307-448c-bf1d-7cb29ed6a730
2024-09-17 10:41:09,588 [53457c10-51b1-485d-b312-794085cbc7f1-groupManagement] INFO  server.RaftServerConfigKeys (ConfUtils.java:logGet(46)) - raft.server.log.queue.byte-limit = 4294967296 (custom)
2024-09-17 10:41:09,589 [53457c10-51b1-485d-b312-794085cbc7f1-groupManagement] INFO  server.RaftServerConfigKeys (ConfUtils.java:logGet(46)) - raft.server.log.queue.element-limit = 1024 (custom)
2024-09-17 10:41:09,589 [53457c10-51b1-485d-b312-794085cbc7f1-groupManagement] INFO  server.RaftServerConfigKeys (ConfUtils.java:logGet(46)) - raft.server.log.segment.size.max = 67108864 (custom)
2024-09-17 10:41:09,589 [53457c10-51b1-485d-b312-794085cbc7f1-groupManagement] INFO  server.RaftServerConfigKeys (ConfUtils.java:logGet(46)) - raft.server.log.preallocated.size = 4194304 (custom)
2024-09-17 10:41:09,589 [53457c10-51b1-485d-b312-794085cbc7f1-groupManagement] INFO  server.RaftServerConfigKeys (ConfUtils.java:logGet(46)) - raft.server.log.force.sync.num = 128 (default)
2024-09-17 10:41:09,589 [53457c10-51b1-485d-b312-794085cbc7f1-groupManagement] INFO  server.RaftServerConfigKeys (ConfUtils.java:logGet(46)) - raft.server.log.statemachine.data.sync = true (default)
2024-09-17 10:41:09,589 [53457c10-51b1-485d-b312-794085cbc7f1-groupManagement] INFO  server.RaftServerConfigKeys (ConfUtils.java:logGet(46)) - raft.server.log.statemachine.data.sync.timeout = 10s (default)
2024-09-17 10:41:09,589 [53457c10-51b1-485d-b312-794085cbc7f1-groupManagement] INFO  server.RaftServerConfigKeys (ConfUtils.java:logGet(46)) - raft.server.log.statemachine.data.sync.timeout.retry = 30 (custom)
2024-09-17 10:41:09,589 [53457c10-51b1-485d-b312-794085cbc7f1-groupManagement] INFO  server.RaftServerConfigKeys (ConfUtils.java:logGet(46)) - raft.server.log.write.buffer.size = 33554440 (custom)
2024-09-17 10:41:09,594 [53457c10-51b1-485d-b312-794085cbc7f1-groupManagement] INFO  server.RaftServerConfigKeys (ConfUtils.java:logGet(46)) - raft.server.log.appender.buffer.byte-limit = 33554432 (custom)
2024-09-17 10:41:09,594 [53457c10-51b1-485d-b312-794085cbc7f1-groupManagement] INFO  server.RaftServerConfigKeys (ConfUtils.java:logGet(46)) - raft.server.log.unsafe-flush.enabled = false (default)
2024-09-17 10:41:09,594 [53457c10-51b1-485d-b312-794085cbc7f1-groupManagement] INFO  server.RaftServerConfigKeys (ConfUtils.java:logGet(46)) - raft.server.log.async-flush.enabled = false (default)
2024-09-17 10:41:09,594 [53457c10-51b1-485d-b312-794085cbc7f1-groupManagement] INFO  server.RaftServerConfigKeys (ConfUtils.java:logGet(46)) - raft.server.log.statemachine.data.caching.enabled = true (custom)
2024-09-17 10:41:09,595 [53457c10-51b1-485d-b312-794085cbc7f1-groupManagement] INFO  segmented.SegmentedRaftLogWorker (SegmentedRaftLogWorker.java:lambda$new$0(135)) - 53457c10-51b1-485d-b312-794085cbc7f1@group-7CB29ED6A730-SegmentedRaftLogWorker: flushIndex: setUnconditionally 0 -> -1
2024-09-17 10:41:09,595 [53457c10-51b1-485d-b312-794085cbc7f1-groupManagement] INFO  segmented.SegmentedRaftLogWorker (SegmentedRaftLogWorker.java:lambda$new$0(135)) - 53457c10-51b1-485d-b312-794085cbc7f1@group-7CB29ED6A730-SegmentedRaftLogWorker: safeCacheEvictIndex: setUnconditionally 0 -> -1
2024-09-17 10:41:09,595 [53457c10-51b1-485d-b312-794085cbc7f1-groupManagement] INFO  server.RaftServer$Division (RaftServerImpl.java:start(389)) - 53457c10-51b1-485d-b312-794085cbc7f1@group-7CB29ED6A730: start as a follower, conf=conf: {index: -1, cur=peers:[eb256187-4e2b-429a-8dc2-6eca9b88007e|127.0.0.1:15115, c84c3cd8-1177-42bf-a027-8b47ada8137b|127.0.0.1:15124, 53457c10-51b1-485d-b312-794085cbc7f1|127.0.0.1:15106]|listeners:[], old=null}
2024-09-17 10:41:09,595 [53457c10-51b1-485d-b312-794085cbc7f1-groupManagement] INFO  server.RaftServer$Division (RaftServerImpl.java:setRole(376)) - 53457c10-51b1-485d-b312-794085cbc7f1@group-7CB29ED6A730: changes role from      null to FOLLOWER at term 0 for startAsFollower
2024-09-17 10:41:09,595 [53457c10-51b1-485d-b312-794085cbc7f1-groupManagement] INFO  impl.RoleInfo (RoleInfo.java:updateAndGet(148)) - 53457c10-51b1-485d-b312-794085cbc7f1: start 53457c10-51b1-485d-b312-794085cbc7f1@group-7CB29ED6A730-FollowerState
2024-09-17 10:41:09,595 [53457c10-51b1-485d-b312-794085cbc7f1@group-7CB29ED6A730-FollowerState] INFO  server.RaftServerConfigKeys (ConfUtils.java:logFallback(53)) - raft.server.rpc.first-election.timeout.min = 5s (fallback to raft.server.rpc.timeout.min)
2024-09-17 10:41:09,595 [53457c10-51b1-485d-b312-794085cbc7f1-groupManagement] INFO  util.JmxRegister (JmxRegister.java:tryRegister(44)) - Successfully registered JMX Bean with object name Ratis:service=RaftServer,group=group-7CB29ED6A730,id=53457c10-51b1-485d-b312-794085cbc7f1
2024-09-17 10:41:09,596 [53457c10-51b1-485d-b312-794085cbc7f1-groupManagement] INFO  util.JmxRegister (JmxRegister.java:register(58)) - register mxBean class org.apache.ratis.server.impl.RaftServerJmxAdapter as Ratis:service=RaftServer,group=group-7CB29ED6A730,id=53457c10-51b1-485d-b312-794085cbc7f1
2024-09-17 10:41:09,596 [53457c10-51b1-485d-b312-794085cbc7f1-groupManagement] INFO  server.RaftServerConfigKeys (ConfUtils.java:logGet(46)) - raft.server.snapshot.trigger-when-stop.enabled = true (default)
2024-09-17 10:41:09,596 [53457c10-51b1-485d-b312-794085cbc7f1-groupManagement] INFO  server.RaftServerConfigKeys (ConfUtils.java:logGet(46)) - raft.server.snapshot.trigger-when-remove.enabled = true (default)
2024-09-17 10:41:09,596 [53457c10-51b1-485d-b312-794085cbc7f1-groupManagement] INFO  server.RaftServerConfigKeys (ConfUtils.java:logGet(46)) - raft.server.snapshot.auto.trigger.enabled = true (custom)
2024-09-17 10:41:09,596 [53457c10-51b1-485d-b312-794085cbc7f1-groupManagement] INFO  server.RaftServerConfigKeys (ConfUtils.java:logGet(46)) - raft.server.snapshot.auto.trigger.threshold = 10000 (custom)
2024-09-17 10:41:09,596 [53457c10-51b1-485d-b312-794085cbc7f1-groupManagement] INFO  server.RaftServerConfigKeys (ConfUtils.java:logGet(46)) - raft.server.snapshot.retention.file.num = 5 (custom)
2024-09-17 10:41:09,596 [53457c10-51b1-485d-b312-794085cbc7f1-groupManagement] INFO  server.RaftServerConfigKeys (ConfUtils.java:logGet(46)) - raft.server.log.purge.upto.snapshot.index = false (default)
2024-09-17 10:41:09,596 [53457c10-51b1-485d-b312-794085cbc7f1@group-7CB29ED6A730-FollowerState] INFO  server.RaftServerConfigKeys (ConfUtils.java:logFallback(53)) - raft.server.rpc.first-election.timeout.max = 5200ms (fallback to raft.server.rpc.timeout.max)
2024-09-17 10:41:09,596 [53457c10-51b1-485d-b312-794085cbc7f1-PipelineCommandHandlerThread-0] INFO  ratis.XceiverServerRatis (XceiverServerRatis.java:addGroup(849)) - Created group PipelineID=2cbbccb8-f307-448c-bf1d-7cb29ed6a730
2024-09-17 10:41:09,601 [grpc-default-executor-4] INFO  server.RaftServer (RaftServerProxy.java:addNew(101)) - c84c3cd8-1177-42bf-a027-8b47ada8137b: addNew group-7CB29ED6A730:[eb256187-4e2b-429a-8dc2-6eca9b88007e|127.0.0.1:15115, c84c3cd8-1177-42bf-a027-8b47ada8137b|127.0.0.1:15124, 53457c10-51b1-485d-b312-794085cbc7f1|127.0.0.1:15106] returns group-7CB29ED6A730:java.util.concurrent.CompletableFuture@3374160d[Not completed]
2024-09-17 10:41:09,602 [c84c3cd8-1177-42bf-a027-8b47ada8137b-groupManagement] INFO  server.RaftServer$Division (RaftServerImpl.java:<init>(253)) - c84c3cd8-1177-42bf-a027-8b47ada8137b: new RaftServerImpl for group-7CB29ED6A730:[eb256187-4e2b-429a-8dc2-6eca9b88007e|127.0.0.1:15115, c84c3cd8-1177-42bf-a027-8b47ada8137b|127.0.0.1:15124, 53457c10-51b1-485d-b312-794085cbc7f1|127.0.0.1:15106] with ContainerStateMachine:uninitialized
2024-09-17 10:41:09,602 [c84c3cd8-1177-42bf-a027-8b47ada8137b-groupManagement] INFO  server.RaftServerConfigKeys (ConfUtils.java:logGet(46)) - raft.server.rpc.timeout.min = 5s (custom)
2024-09-17 10:41:09,602 [c84c3cd8-1177-42bf-a027-8b47ada8137b-groupManagement] INFO  server.RaftServerConfigKeys (ConfUtils.java:logGet(46)) - raft.server.rpc.timeout.max = 5200ms (custom)
2024-09-17 10:41:09,602 [c84c3cd8-1177-42bf-a027-8b47ada8137b-groupManagement] INFO  server.RaftServerConfigKeys (ConfUtils.java:logGet(46)) - raft.server.rpc.sleep.time = 25ms (default)
2024-09-17 10:41:09,602 [c84c3cd8-1177-42bf-a027-8b47ada8137b-groupManagement] INFO  server.RaftServerConfigKeys (ConfUtils.java:logGet(46)) - raft.server.rpc.slowness.timeout = 300s (custom)
2024-09-17 10:41:09,602 [c84c3cd8-1177-42bf-a027-8b47ada8137b-groupManagement] INFO  server.RaftServerConfigKeys (ConfUtils.java:logGet(46)) - raft.server.leaderelection.leader.step-down.wait-time = 10s (default)
2024-09-17 10:41:09,602 [c84c3cd8-1177-42bf-a027-8b47ada8137b-groupManagement] INFO  server.RaftServerConfigKeys (ConfUtils.java:logGet(46)) - raft.server.leaderelection.member.majority-add = false (default)
2024-09-17 10:41:09,602 [c84c3cd8-1177-42bf-a027-8b47ada8137b-groupManagement] INFO  server.RaftServerConfigKeys (ConfUtils.java:logGet(46)) - raft.server.sleep.deviation.threshold = 300ms (default)
2024-09-17 10:41:09,602 [c84c3cd8-1177-42bf-a027-8b47ada8137b-groupManagement] INFO  server.RaftServer$Division (ServerState.java:<init>(114)) - c84c3cd8-1177-42bf-a027-8b47ada8137b@group-7CB29ED6A730: ConfigurationManager, init=conf: {index: -1, cur=peers:[eb256187-4e2b-429a-8dc2-6eca9b88007e|127.0.0.1:15115, c84c3cd8-1177-42bf-a027-8b47ada8137b|127.0.0.1:15124, 53457c10-51b1-485d-b312-794085cbc7f1|127.0.0.1:15106]|listeners:[], old=null}, confs=<EMPTY_MAP>
2024-09-17 10:41:09,602 [c84c3cd8-1177-42bf-a027-8b47ada8137b-groupManagement] INFO  server.RaftServerConfigKeys (ConfUtils.java:logGet(46)) - raft.server.notification.no-leader.timeout = 300s (custom)
2024-09-17 10:41:09,602 [c84c3cd8-1177-42bf-a027-8b47ada8137b-groupManagement] INFO  server.RaftServerConfigKeys (ConfUtils.java:logGet(46)) - raft.server.read.timeout = 10s (default)
2024-09-17 10:41:09,602 [c84c3cd8-1177-42bf-a027-8b47ada8137b-groupManagement] INFO  server.RaftServerConfigKeys (ConfUtils.java:logGet(46)) - raft.server.retrycache.expirytime = 600000ms (custom)
2024-09-17 10:41:09,602 [c84c3cd8-1177-42bf-a027-8b47ada8137b-groupManagement] INFO  server.RaftServerConfigKeys (ConfUtils.java:logGet(46)) - raft.server.retrycache.statistics.expirytime = 100ms (default)
2024-09-17 10:41:09,602 [c84c3cd8-1177-42bf-a027-8b47ada8137b-groupManagement] INFO  server.RaftServerConfigKeys (ConfUtils.java:logGet(46)) - raft.server.read.option = DEFAULT (default)
2024-09-17 10:41:09,602 [c84c3cd8-1177-42bf-a027-8b47ada8137b-groupManagement] INFO  server.RaftServerConfigKeys (ConfUtils.java:logGet(46)) - raft.server.read.read-after-write-consistent.write-index-cache.expiry-time = 60s (default)
2024-09-17 10:41:09,604 [c84c3cd8-1177-42bf-a027-8b47ada8137b-groupManagement] INFO  server.RaftServerConfigKeys (ConfUtils.java:logGet(46)) - raft.server.rpc.request.timeout = 60s (custom)
2024-09-17 10:41:09,604 [c84c3cd8-1177-42bf-a027-8b47ada8137b-groupManagement] INFO  server.RaftServerConfigKeys (ConfUtils.java:logGet(46)) - raft.server.log.appender.install.snapshot.enabled = false (custom)
2024-09-17 10:41:09,604 [c84c3cd8-1177-42bf-a027-8b47ada8137b-groupManagement] INFO  server.RaftServerConfigKeys (ConfUtils.java:logGet(46)) - raft.server.threadpool.server.cached = true (default)
2024-09-17 10:41:09,605 [c84c3cd8-1177-42bf-a027-8b47ada8137b-groupManagement] INFO  server.RaftServerConfigKeys (ConfUtils.java:logGet(46)) - raft.server.threadpool.server.size = 0 (default)
2024-09-17 10:41:09,605 [c84c3cd8-1177-42bf-a027-8b47ada8137b-groupManagement] INFO  server.RaftServerConfigKeys (ConfUtils.java:logGet(46)) - raft.server.threadpool.client.cached = true (default)
2024-09-17 10:41:09,605 [c84c3cd8-1177-42bf-a027-8b47ada8137b-groupManagement] INFO  server.RaftServerConfigKeys (ConfUtils.java:logGet(46)) - raft.server.threadpool.client.size = 0 (default)
2024-09-17 10:41:09,605 [c84c3cd8-1177-42bf-a027-8b47ada8137b-groupManagement] INFO  server.RaftServerConfigKeys (ConfUtils.java:logGet(46)) - raft.server.storage.free-space.min = 0MB (=0) (default)
2024-09-17 10:41:09,605 [c84c3cd8-1177-42bf-a027-8b47ada8137b-groupManagement] INFO  server.RaftServerConfigKeys (ConfUtils.java:logGet(46)) - raft.server.log.corruption.policy = EXCEPTION (default)
2024-09-17 10:41:09,605 [c84c3cd8-1177-42bf-a027-8b47ada8137b-groupManagement] INFO  server.RaftServerConfigKeys (ConfUtils.java:logGet(46)) - raft.server.storage.dir = [/home/runner/work/ozone/ozone/hadoop-ozone/integration-test/target/test-dir/MiniOzoneClusterImpl-90660ac4-7e9c-448b-98ea-af4f808cf8d9/ozone-meta/datanode-3/ratis] (custom)
2024-09-17 10:41:09,605 [c84c3cd8-1177-42bf-a027-8b47ada8137b-groupManagement] INFO  storage.RaftStorageDirectory (RaftStorageDirectoryImpl.java:analyzeStorage(138)) - The storage directory /home/runner/work/ozone/ozone/hadoop-ozone/integration-test/target/test-dir/MiniOzoneClusterImpl-90660ac4-7e9c-448b-98ea-af4f808cf8d9/ozone-meta/datanode-3/ratis/2cbbccb8-f307-448c-bf1d-7cb29ed6a730 does not exist. Creating ...
2024-09-17 10:41:09,606 [c84c3cd8-1177-42bf-a027-8b47ada8137b-groupManagement] INFO  storage.RaftStorageDirectory (RaftStorageDirectoryImpl.java:tryLock(229)) - Lock on /home/runner/work/ozone/ozone/hadoop-ozone/integration-test/target/test-dir/MiniOzoneClusterImpl-90660ac4-7e9c-448b-98ea-af4f808cf8d9/ozone-meta/datanode-3/ratis/2cbbccb8-f307-448c-bf1d-7cb29ed6a730/in_use.lock acquired by nodename 60320@fv-az977-14
2024-09-17 10:41:09,607 [c84c3cd8-1177-42bf-a027-8b47ada8137b-groupManagement] INFO  storage.RaftStorage (RaftStorageImpl.java:format(98)) - Storage directory /home/runner/work/ozone/ozone/hadoop-ozone/integration-test/target/test-dir/MiniOzoneClusterImpl-90660ac4-7e9c-448b-98ea-af4f808cf8d9/ozone-meta/datanode-3/ratis/2cbbccb8-f307-448c-bf1d-7cb29ed6a730 has been successfully formatted.
2024-09-17 10:41:09,608 [c84c3cd8-1177-42bf-a027-8b47ada8137b-groupManagement] INFO  ratis.ContainerStateMachine (ContainerStateMachine.java:loadSnapshot(295)) - group-7CB29ED6A730: The snapshot info is null. Setting the last applied index to:(t:0, i:~)
2024-09-17 10:41:09,608 [c84c3cd8-1177-42bf-a027-8b47ada8137b-groupManagement] INFO  server.RaftServerConfigKeys (ConfUtils.java:logGet(46)) - raft.server.log.use.memory = false (default)
2024-09-17 10:41:09,608 [c84c3cd8-1177-42bf-a027-8b47ada8137b-groupManagement] INFO  server.RaftServerConfigKeys (ConfUtils.java:logGet(46)) - raft.server.log.purge.gap = 1000000 (custom)
2024-09-17 10:41:09,608 [c84c3cd8-1177-42bf-a027-8b47ada8137b-groupManagement] INFO  server.RaftServerConfigKeys (ConfUtils.java:logGet(46)) - raft.server.log.appender.buffer.byte-limit = 33554432 (custom)
2024-09-17 10:41:09,608 [c84c3cd8-1177-42bf-a027-8b47ada8137b-groupManagement] INFO  server.RaftServerConfigKeys (ConfUtils.java:logGet(46)) - raft.server.log.statemachine.data.read.timeout = 1000ms (default)
2024-09-17 10:41:09,609 [c84c3cd8-1177-42bf-a027-8b47ada8137b-groupManagement] INFO  server.RaftServerConfigKeys (ConfUtils.java:logGet(46)) - raft.server.log.purge.preservation.log.num = 0 (default)
2024-09-17 10:41:09,610 [c84c3cd8-1177-42bf-a027-8b47ada8137b-groupManagement] INFO  server.RaftServerConfigKeys (ConfUtils.java:logGet(46)) - raft.server.log.segment.size.max = 67108864 (custom)
2024-09-17 10:41:09,610 [c84c3cd8-1177-42bf-a027-8b47ada8137b-groupManagement] INFO  server.RaftServerConfigKeys (ConfUtils.java:logGet(46)) - raft.server.log.segment.cache.num.max = 2 (custom)
2024-09-17 10:41:09,610 [c84c3cd8-1177-42bf-a027-8b47ada8137b-groupManagement] INFO  server.RaftServerConfigKeys (ConfUtils.java:logGet(46)) - raft.server.log.segment.cache.size.max = 200MB (=209715200) (default)
2024-09-17 10:41:09,610 [c84c3cd8-1177-42bf-a027-8b47ada8137b-groupManagement] INFO  server.RaftServerConfigKeys (ConfUtils.java:logGet(46)) - raft.server.log.appender.buffer.byte-limit = 33554432 (custom)
2024-09-17 10:41:09,610 [c84c3cd8-1177-42bf-a027-8b47ada8137b-groupManagement] INFO  util.AwaitToRun (AwaitToRun.java:start(81)) - Thread[c84c3cd8-1177-42bf-a027-8b47ada8137b@group-7CB29ED6A730-cacheEviction-AwaitToRun,5,main] started
2024-09-17 10:41:09,611 [c84c3cd8-1177-42bf-a027-8b47ada8137b-groupManagement] INFO  segmented.SegmentedRaftLogWorker (SegmentedRaftLogWorker.java:<init>(184)) - new c84c3cd8-1177-42bf-a027-8b47ada8137b@group-7CB29ED6A730-SegmentedRaftLogWorker for RaftStorageImpl:Storage Directory /home/runner/work/ozone/ozone/hadoop-ozone/integration-test/target/test-dir/MiniOzoneClusterImpl-90660ac4-7e9c-448b-98ea-af4f808cf8d9/ozone-meta/datanode-3/ratis/2cbbccb8-f307-448c-bf1d-7cb29ed6a730
2024-09-17 10:41:09,611 [c84c3cd8-1177-42bf-a027-8b47ada8137b-groupManagement] INFO  server.RaftServerConfigKeys (ConfUtils.java:logGet(46)) - raft.server.log.queue.byte-limit = 4294967296 (custom)
2024-09-17 10:41:09,611 [c84c3cd8-1177-42bf-a027-8b47ada8137b-groupManagement] INFO  server.RaftServerConfigKeys (ConfUtils.java:logGet(46)) - raft.server.log.queue.element-limit = 1024 (custom)
2024-09-17 10:41:09,611 [c84c3cd8-1177-42bf-a027-8b47ada8137b-groupManagement] INFO  server.RaftServerConfigKeys (ConfUtils.java:logGet(46)) - raft.server.log.segment.size.max = 67108864 (custom)
2024-09-17 10:41:09,611 [c84c3cd8-1177-42bf-a027-8b47ada8137b-groupManagement] INFO  server.RaftServerConfigKeys (ConfUtils.java:logGet(46)) - raft.server.log.preallocated.size = 4194304 (custom)
2024-09-17 10:41:09,611 [c84c3cd8-1177-42bf-a027-8b47ada8137b-groupManagement] INFO  server.RaftServerConfigKeys (ConfUtils.java:logGet(46)) - raft.server.log.force.sync.num = 128 (default)
2024-09-17 10:41:09,611 [c84c3cd8-1177-42bf-a027-8b47ada8137b-groupManagement] INFO  server.RaftServerConfigKeys (ConfUtils.java:logGet(46)) - raft.server.log.statemachine.data.sync = true (default)
2024-09-17 10:41:09,611 [c84c3cd8-1177-42bf-a027-8b47ada8137b-groupManagement] INFO  server.RaftServerConfigKeys (ConfUtils.java:logGet(46)) - raft.server.log.statemachine.data.sync.timeout = 10s (default)
2024-09-17 10:41:09,611 [c84c3cd8-1177-42bf-a027-8b47ada8137b-groupManagement] INFO  server.RaftServerConfigKeys (ConfUtils.java:logGet(46)) - raft.server.log.statemachine.data.sync.timeout.retry = 30 (custom)
2024-09-17 10:41:09,612 [c84c3cd8-1177-42bf-a027-8b47ada8137b-groupManagement] INFO  server.RaftServerConfigKeys (ConfUtils.java:logGet(46)) - raft.server.log.write.buffer.size = 33554440 (custom)
2024-09-17 10:41:09,617 [c84c3cd8-1177-42bf-a027-8b47ada8137b-groupManagement] INFO  server.RaftServerConfigKeys (ConfUtils.java:logGet(46)) - raft.server.log.appender.buffer.byte-limit = 33554432 (custom)
2024-09-17 10:41:09,617 [c84c3cd8-1177-42bf-a027-8b47ada8137b-groupManagement] INFO  server.RaftServerConfigKeys (ConfUtils.java:logGet(46)) - raft.server.log.unsafe-flush.enabled = false (default)
2024-09-17 10:41:09,617 [c84c3cd8-1177-42bf-a027-8b47ada8137b-groupManagement] INFO  server.RaftServerConfigKeys (ConfUtils.java:logGet(46)) - raft.server.log.async-flush.enabled = false (default)
2024-09-17 10:41:09,617 [c84c3cd8-1177-42bf-a027-8b47ada8137b-groupManagement] INFO  server.RaftServerConfigKeys (ConfUtils.java:logGet(46)) - raft.server.log.statemachine.data.caching.enabled = true (custom)
2024-09-17 10:41:09,617 [c84c3cd8-1177-42bf-a027-8b47ada8137b-groupManagement] INFO  segmented.SegmentedRaftLogWorker (SegmentedRaftLogWorker.java:lambda$new$0(135)) - c84c3cd8-1177-42bf-a027-8b47ada8137b@group-7CB29ED6A730-SegmentedRaftLogWorker: flushIndex: setUnconditionally 0 -> -1
2024-09-17 10:41:09,617 [c84c3cd8-1177-42bf-a027-8b47ada8137b-groupManagement] INFO  segmented.SegmentedRaftLogWorker (SegmentedRaftLogWorker.java:lambda$new$0(135)) - c84c3cd8-1177-42bf-a027-8b47ada8137b@group-7CB29ED6A730-SegmentedRaftLogWorker: safeCacheEvictIndex: setUnconditionally 0 -> -1
2024-09-17 10:41:09,618 [c84c3cd8-1177-42bf-a027-8b47ada8137b-groupManagement] INFO  server.RaftServer$Division (RaftServerImpl.java:start(389)) - c84c3cd8-1177-42bf-a027-8b47ada8137b@group-7CB29ED6A730: start as a follower, conf=conf: {index: -1, cur=peers:[eb256187-4e2b-429a-8dc2-6eca9b88007e|127.0.0.1:15115, c84c3cd8-1177-42bf-a027-8b47ada8137b|127.0.0.1:15124, 53457c10-51b1-485d-b312-794085cbc7f1|127.0.0.1:15106]|listeners:[], old=null}
2024-09-17 10:41:09,618 [c84c3cd8-1177-42bf-a027-8b47ada8137b-groupManagement] INFO  server.RaftServer$Division (RaftServerImpl.java:setRole(376)) - c84c3cd8-1177-42bf-a027-8b47ada8137b@group-7CB29ED6A730: changes role from      null to FOLLOWER at term 0 for startAsFollower
2024-09-17 10:41:09,618 [c84c3cd8-1177-42bf-a027-8b47ada8137b-groupManagement] INFO  impl.RoleInfo (RoleInfo.java:updateAndGet(148)) - c84c3cd8-1177-42bf-a027-8b47ada8137b: start c84c3cd8-1177-42bf-a027-8b47ada8137b@group-7CB29ED6A730-FollowerState
2024-09-17 10:41:09,618 [c84c3cd8-1177-42bf-a027-8b47ada8137b@group-7CB29ED6A730-FollowerState] INFO  server.RaftServerConfigKeys (ConfUtils.java:logFallback(53)) - raft.server.rpc.first-election.timeout.min = 5s (fallback to raft.server.rpc.timeout.min)
2024-09-17 10:41:09,618 [c84c3cd8-1177-42bf-a027-8b47ada8137b@group-7CB29ED6A730-FollowerState] INFO  server.RaftServerConfigKeys (ConfUtils.java:logFallback(53)) - raft.server.rpc.first-election.timeout.max = 5200ms (fallback to raft.server.rpc.timeout.max)
2024-09-17 10:41:09,618 [c84c3cd8-1177-42bf-a027-8b47ada8137b-groupManagement] INFO  util.JmxRegister (JmxRegister.java:tryRegister(44)) - Successfully registered JMX Bean with object name Ratis:service=RaftServer,group=group-7CB29ED6A730,id=c84c3cd8-1177-42bf-a027-8b47ada8137b
2024-09-17 10:41:09,619 [c84c3cd8-1177-42bf-a027-8b47ada8137b-groupManagement] INFO  util.JmxRegister (JmxRegister.java:register(58)) - register mxBean class org.apache.ratis.server.impl.RaftServerJmxAdapter as Ratis:service=RaftServer,group=group-7CB29ED6A730,id=c84c3cd8-1177-42bf-a027-8b47ada8137b
2024-09-17 10:41:09,619 [c84c3cd8-1177-42bf-a027-8b47ada8137b-groupManagement] INFO  server.RaftServerConfigKeys (ConfUtils.java:logGet(46)) - raft.server.snapshot.trigger-when-stop.enabled = true (default)
2024-09-17 10:41:09,619 [c84c3cd8-1177-42bf-a027-8b47ada8137b-groupManagement] INFO  server.RaftServerConfigKeys (ConfUtils.java:logGet(46)) - raft.server.snapshot.trigger-when-remove.enabled = true (default)
2024-09-17 10:41:09,619 [c84c3cd8-1177-42bf-a027-8b47ada8137b-groupManagement] INFO  server.RaftServerConfigKeys (ConfUtils.java:logGet(46)) - raft.server.snapshot.auto.trigger.enabled = true (custom)
2024-09-17 10:41:09,619 [c84c3cd8-1177-42bf-a027-8b47ada8137b-groupManagement] INFO  server.RaftServerConfigKeys (ConfUtils.java:logGet(46)) - raft.server.snapshot.auto.trigger.threshold = 10000 (custom)
2024-09-17 10:41:09,619 [c84c3cd8-1177-42bf-a027-8b47ada8137b-groupManagement] INFO  server.RaftServerConfigKeys (ConfUtils.java:logGet(46)) - raft.server.snapshot.retention.file.num = 5 (custom)
2024-09-17 10:41:09,619 [c84c3cd8-1177-42bf-a027-8b47ada8137b-groupManagement] INFO  server.RaftServerConfigKeys (ConfUtils.java:logGet(46)) - raft.server.log.purge.upto.snapshot.index = false (default)
2024-09-17 10:41:09,626 [grpc-default-executor-4] INFO  server.RaftServer (RaftServerProxy.java:addNew(101)) - eb256187-4e2b-429a-8dc2-6eca9b88007e: addNew group-7CB29ED6A730:[eb256187-4e2b-429a-8dc2-6eca9b88007e|127.0.0.1:15115, c84c3cd8-1177-42bf-a027-8b47ada8137b|127.0.0.1:15124, 53457c10-51b1-485d-b312-794085cbc7f1|127.0.0.1:15106] returns group-7CB29ED6A730:java.util.concurrent.CompletableFuture@44713ebc[Not completed]
2024-09-17 10:41:09,626 [eb256187-4e2b-429a-8dc2-6eca9b88007e-groupManagement] INFO  server.RaftServer$Division (RaftServerImpl.java:<init>(253)) - eb256187-4e2b-429a-8dc2-6eca9b88007e: new RaftServerImpl for group-7CB29ED6A730:[eb256187-4e2b-429a-8dc2-6eca9b88007e|127.0.0.1:15115, c84c3cd8-1177-42bf-a027-8b47ada8137b|127.0.0.1:15124, 53457c10-51b1-485d-b312-794085cbc7f1|127.0.0.1:15106] with ContainerStateMachine:uninitialized
2024-09-17 10:41:09,626 [eb256187-4e2b-429a-8dc2-6eca9b88007e-groupManagement] INFO  server.RaftServerConfigKeys (ConfUtils.java:logGet(46)) - raft.server.rpc.timeout.min = 5s (custom)
2024-09-17 10:41:09,626 [eb256187-4e2b-429a-8dc2-6eca9b88007e-groupManagement] INFO  server.RaftServerConfigKeys (ConfUtils.java:logGet(46)) - raft.server.rpc.timeout.max = 5200ms (custom)
2024-09-17 10:41:09,627 [eb256187-4e2b-429a-8dc2-6eca9b88007e-groupManagement] INFO  server.RaftServerConfigKeys (ConfUtils.java:logGet(46)) - raft.server.rpc.sleep.time = 25ms (default)
2024-09-17 10:41:09,627 [eb256187-4e2b-429a-8dc2-6eca9b88007e-groupManagement] INFO  server.RaftServerConfigKeys (ConfUtils.java:logGet(46)) - raft.server.rpc.slowness.timeout = 300s (custom)
2024-09-17 10:41:09,627 [eb256187-4e2b-429a-8dc2-6eca9b88007e-groupManagement] INFO  server.RaftServerConfigKeys (ConfUtils.java:logGet(46)) - raft.server.leaderelection.leader.step-down.wait-time = 10s (default)
2024-09-17 10:41:09,627 [eb256187-4e2b-429a-8dc2-6eca9b88007e-groupManagement] INFO  server.RaftServerConfigKeys (ConfUtils.java:logGet(46)) - raft.server.leaderelection.member.majority-add = false (default)
2024-09-17 10:41:09,627 [eb256187-4e2b-429a-8dc2-6eca9b88007e-groupManagement] INFO  server.RaftServerConfigKeys (ConfUtils.java:logGet(46)) - raft.server.sleep.deviation.threshold = 300ms (default)
2024-09-17 10:41:09,627 [eb256187-4e2b-429a-8dc2-6eca9b88007e-groupManagement] INFO  server.RaftServer$Division (ServerState.java:<init>(114)) - eb256187-4e2b-429a-8dc2-6eca9b88007e@group-7CB29ED6A730: ConfigurationManager, init=conf: {index: -1, cur=peers:[eb256187-4e2b-429a-8dc2-6eca9b88007e|127.0.0.1:15115, c84c3cd8-1177-42bf-a027-8b47ada8137b|127.0.0.1:15124, 53457c10-51b1-485d-b312-794085cbc7f1|127.0.0.1:15106]|listeners:[], old=null}, confs=<EMPTY_MAP>
2024-09-17 10:41:09,627 [eb256187-4e2b-429a-8dc2-6eca9b88007e-groupManagement] INFO  server.RaftServerConfigKeys (ConfUtils.java:logGet(46)) - raft.server.notification.no-leader.timeout = 300s (custom)
2024-09-17 10:41:09,627 [eb256187-4e2b-429a-8dc2-6eca9b88007e-groupManagement] INFO  server.RaftServerConfigKeys (ConfUtils.java:logGet(46)) - raft.server.read.timeout = 10s (default)
2024-09-17 10:41:09,627 [eb256187-4e2b-429a-8dc2-6eca9b88007e-groupManagement] INFO  server.RaftServerConfigKeys (ConfUtils.java:logGet(46)) - raft.server.retrycache.expirytime = 600000ms (custom)
2024-09-17 10:41:09,627 [eb256187-4e2b-429a-8dc2-6eca9b88007e-groupManagement] INFO  server.RaftServerConfigKeys (ConfUtils.java:logGet(46)) - raft.server.retrycache.statistics.expirytime = 100ms (default)
2024-09-17 10:41:09,627 [eb256187-4e2b-429a-8dc2-6eca9b88007e-groupManagement] INFO  server.RaftServerConfigKeys (ConfUtils.java:logGet(46)) - raft.server.read.option = DEFAULT (default)
2024-09-17 10:41:09,627 [eb256187-4e2b-429a-8dc2-6eca9b88007e-groupManagement] INFO  server.RaftServerConfigKeys (ConfUtils.java:logGet(46)) - raft.server.read.read-after-write-consistent.write-index-cache.expiry-time = 60s (default)
2024-09-17 10:41:09,629 [eb256187-4e2b-429a-8dc2-6eca9b88007e-groupManagement] INFO  server.RaftServerConfigKeys (ConfUtils.java:logGet(46)) - raft.server.rpc.request.timeout = 60s (custom)
2024-09-17 10:41:09,629 [eb256187-4e2b-429a-8dc2-6eca9b88007e-groupManagement] INFO  server.RaftServerConfigKeys (ConfUtils.java:logGet(46)) - raft.server.log.appender.install.snapshot.enabled = false (custom)
2024-09-17 10:41:09,629 [eb256187-4e2b-429a-8dc2-6eca9b88007e-groupManagement] INFO  server.RaftServerConfigKeys (ConfUtils.java:logGet(46)) - raft.server.threadpool.server.cached = true (default)
2024-09-17 10:41:09,629 [eb256187-4e2b-429a-8dc2-6eca9b88007e-groupManagement] INFO  server.RaftServerConfigKeys (ConfUtils.java:logGet(46)) - raft.server.threadpool.server.size = 0 (default)
2024-09-17 10:41:09,629 [eb256187-4e2b-429a-8dc2-6eca9b88007e-groupManagement] INFO  server.RaftServerConfigKeys (ConfUtils.java:logGet(46)) - raft.server.threadpool.client.cached = true (default)
2024-09-17 10:41:09,629 [eb256187-4e2b-429a-8dc2-6eca9b88007e-groupManagement] INFO  server.RaftServerConfigKeys (ConfUtils.java:logGet(46)) - raft.server.threadpool.client.size = 0 (default)
2024-09-17 10:41:09,629 [eb256187-4e2b-429a-8dc2-6eca9b88007e-groupManagement] INFO  server.RaftServerConfigKeys (ConfUtils.java:logGet(46)) - raft.server.storage.free-space.min = 0MB (=0) (default)
2024-09-17 10:41:09,629 [eb256187-4e2b-429a-8dc2-6eca9b88007e-groupManagement] INFO  server.RaftServerConfigKeys (ConfUtils.java:logGet(46)) - raft.server.log.corruption.policy = EXCEPTION (default)
2024-09-17 10:41:09,629 [eb256187-4e2b-429a-8dc2-6eca9b88007e-groupManagement] INFO  server.RaftServerConfigKeys (ConfUtils.java:logGet(46)) - raft.server.storage.dir = [/home/runner/work/ozone/ozone/hadoop-ozone/integration-test/target/test-dir/MiniOzoneClusterImpl-90660ac4-7e9c-448b-98ea-af4f808cf8d9/ozone-meta/datanode-2/ratis] (custom)
2024-09-17 10:41:09,629 [eb256187-4e2b-429a-8dc2-6eca9b88007e-groupManagement] INFO  storage.RaftStorageDirectory (RaftStorageDirectoryImpl.java:analyzeStorage(138)) - The storage directory /home/runner/work/ozone/ozone/hadoop-ozone/integration-test/target/test-dir/MiniOzoneClusterImpl-90660ac4-7e9c-448b-98ea-af4f808cf8d9/ozone-meta/datanode-2/ratis/2cbbccb8-f307-448c-bf1d-7cb29ed6a730 does not exist. Creating ...
2024-09-17 10:41:09,630 [eb256187-4e2b-429a-8dc2-6eca9b88007e-groupManagement] INFO  storage.RaftStorageDirectory (RaftStorageDirectoryImpl.java:tryLock(229)) - Lock on /home/runner/work/ozone/ozone/hadoop-ozone/integration-test/target/test-dir/MiniOzoneClusterImpl-90660ac4-7e9c-448b-98ea-af4f808cf8d9/ozone-meta/datanode-2/ratis/2cbbccb8-f307-448c-bf1d-7cb29ed6a730/in_use.lock acquired by nodename 60320@fv-az977-14
2024-09-17 10:41:09,632 [eb256187-4e2b-429a-8dc2-6eca9b88007e-groupManagement] INFO  storage.RaftStorage (RaftStorageImpl.java:format(98)) - Storage directory /home/runner/work/ozone/ozone/hadoop-ozone/integration-test/target/test-dir/MiniOzoneClusterImpl-90660ac4-7e9c-448b-98ea-af4f808cf8d9/ozone-meta/datanode-2/ratis/2cbbccb8-f307-448c-bf1d-7cb29ed6a730 has been successfully formatted.
2024-09-17 10:41:09,632 [eb256187-4e2b-429a-8dc2-6eca9b88007e-groupManagement] INFO  ratis.ContainerStateMachine (ContainerStateMachine.java:loadSnapshot(295)) - group-7CB29ED6A730: The snapshot info is null. Setting the last applied index to:(t:0, i:~)
2024-09-17 10:41:09,632 [eb256187-4e2b-429a-8dc2-6eca9b88007e-groupManagement] INFO  server.RaftServerConfigKeys (ConfUtils.java:logGet(46)) - raft.server.log.use.memory = false (default)
2024-09-17 10:41:09,633 [eb256187-4e2b-429a-8dc2-6eca9b88007e-groupManagement] INFO  server.RaftServerConfigKeys (ConfUtils.java:logGet(46)) - raft.server.log.purge.gap = 1000000 (custom)
2024-09-17 10:41:09,633 [eb256187-4e2b-429a-8dc2-6eca9b88007e-groupManagement] INFO  server.RaftServerConfigKeys (ConfUtils.java:logGet(46)) - raft.server.log.appender.buffer.byte-limit = 33554432 (custom)
2024-09-17 10:41:09,633 [eb256187-4e2b-429a-8dc2-6eca9b88007e-groupManagement] INFO  server.RaftServerConfigKeys (ConfUtils.java:logGet(46)) - raft.server.log.statemachine.data.read.timeout = 1000ms (default)
2024-09-17 10:41:09,633 [eb256187-4e2b-429a-8dc2-6eca9b88007e-groupManagement] INFO  server.RaftServerConfigKeys (ConfUtils.java:logGet(46)) - raft.server.log.purge.preservation.log.num = 0 (default)
2024-09-17 10:41:09,634 [eb256187-4e2b-429a-8dc2-6eca9b88007e-groupManagement] INFO  server.RaftServerConfigKeys (ConfUtils.java:logGet(46)) - raft.server.log.segment.size.max = 67108864 (custom)
2024-09-17 10:41:09,634 [eb256187-4e2b-429a-8dc2-6eca9b88007e-groupManagement] INFO  server.RaftServerConfigKeys (ConfUtils.java:logGet(46)) - raft.server.log.segment.cache.num.max = 2 (custom)
2024-09-17 10:41:09,634 [eb256187-4e2b-429a-8dc2-6eca9b88007e-groupManagement] INFO  server.RaftServerConfigKeys (ConfUtils.java:logGet(46)) - raft.server.log.segment.cache.size.max = 200MB (=209715200) (default)
2024-09-17 10:41:09,634 [eb256187-4e2b-429a-8dc2-6eca9b88007e-groupManagement] INFO  server.RaftServerConfigKeys (ConfUtils.java:logGet(46)) - raft.server.log.appender.buffer.byte-limit = 33554432 (custom)
2024-09-17 10:41:09,634 [eb256187-4e2b-429a-8dc2-6eca9b88007e-groupManagement] INFO  util.AwaitToRun (AwaitToRun.java:start(81)) - Thread[eb256187-4e2b-429a-8dc2-6eca9b88007e@group-7CB29ED6A730-cacheEviction-AwaitToRun,5,main] started
2024-09-17 10:41:09,634 [eb256187-4e2b-429a-8dc2-6eca9b88007e-groupManagement] INFO  segmented.SegmentedRaftLogWorker (SegmentedRaftLogWorker.java:<init>(184)) - new eb256187-4e2b-429a-8dc2-6eca9b88007e@group-7CB29ED6A730-SegmentedRaftLogWorker for RaftStorageImpl:Storage Directory /home/runner/work/ozone/ozone/hadoop-ozone/integration-test/target/test-dir/MiniOzoneClusterImpl-90660ac4-7e9c-448b-98ea-af4f808cf8d9/ozone-meta/datanode-2/ratis/2cbbccb8-f307-448c-bf1d-7cb29ed6a730
2024-09-17 10:41:09,635 [eb256187-4e2b-429a-8dc2-6eca9b88007e-groupManagement] INFO  server.RaftServerConfigKeys (ConfUtils.java:logGet(46)) - raft.server.log.queue.byte-limit = 4294967296 (custom)
2024-09-17 10:41:09,635 [eb256187-4e2b-429a-8dc2-6eca9b88007e-groupManagement] INFO  server.RaftServerConfigKeys (ConfUtils.java:logGet(46)) - raft.server.log.queue.element-limit = 1024 (custom)
2024-09-17 10:41:09,635 [eb256187-4e2b-429a-8dc2-6eca9b88007e-groupManagement] INFO  server.RaftServerConfigKeys (ConfUtils.java:logGet(46)) - raft.server.log.segment.size.max = 67108864 (custom)
2024-09-17 10:41:09,635 [eb256187-4e2b-429a-8dc2-6eca9b88007e-groupManagement] INFO  server.RaftServerConfigKeys (ConfUtils.java:logGet(46)) - raft.server.log.preallocated.size = 4194304 (custom)
2024-09-17 10:41:09,635 [eb256187-4e2b-429a-8dc2-6eca9b88007e-groupManagement] INFO  server.RaftServerConfigKeys (ConfUtils.java:logGet(46)) - raft.server.log.force.sync.num = 128 (default)
2024-09-17 10:41:09,635 [eb256187-4e2b-429a-8dc2-6eca9b88007e-groupManagement] INFO  server.RaftServerConfigKeys (ConfUtils.java:logGet(46)) - raft.server.log.statemachine.data.sync = true (default)
2024-09-17 10:41:09,635 [eb256187-4e2b-429a-8dc2-6eca9b88007e-groupManagement] INFO  server.RaftServerConfigKeys (ConfUtils.java:logGet(46)) - raft.server.log.statemachine.data.sync.timeout = 10s (default)
2024-09-17 10:41:09,635 [eb256187-4e2b-429a-8dc2-6eca9b88007e-groupManagement] INFO  server.RaftServerConfigKeys (ConfUtils.java:logGet(46)) - raft.server.log.statemachine.data.sync.timeout.retry = 30 (custom)
2024-09-17 10:41:09,635 [eb256187-4e2b-429a-8dc2-6eca9b88007e-groupManagement] INFO  server.RaftServerConfigKeys (ConfUtils.java:logGet(46)) - raft.server.log.write.buffer.size = 33554440 (custom)
2024-09-17 10:41:09,640 [eb256187-4e2b-429a-8dc2-6eca9b88007e-groupManagement] INFO  server.RaftServerConfigKeys (ConfUtils.java:logGet(46)) - raft.server.log.appender.buffer.byte-limit = 33554432 (custom)
2024-09-17 10:41:09,640 [eb256187-4e2b-429a-8dc2-6eca9b88007e-groupManagement] INFO  server.RaftServerConfigKeys (ConfUtils.java:logGet(46)) - raft.server.log.unsafe-flush.enabled = false (default)
2024-09-17 10:41:09,641 [eb256187-4e2b-429a-8dc2-6eca9b88007e-groupManagement] INFO  server.RaftServerConfigKeys (ConfUtils.java:logGet(46)) - raft.server.log.async-flush.enabled = false (default)
2024-09-17 10:41:09,641 [eb256187-4e2b-429a-8dc2-6eca9b88007e-groupManagement] INFO  server.RaftServerConfigKeys (ConfUtils.java:logGet(46)) - raft.server.log.statemachine.data.caching.enabled = true (custom)
2024-09-17 10:41:09,641 [eb256187-4e2b-429a-8dc2-6eca9b88007e-groupManagement] INFO  segmented.SegmentedRaftLogWorker (SegmentedRaftLogWorker.java:lambda$new$0(135)) - eb256187-4e2b-429a-8dc2-6eca9b88007e@group-7CB29ED6A730-SegmentedRaftLogWorker: flushIndex: setUnconditionally 0 -> -1
2024-09-17 10:41:09,641 [eb256187-4e2b-429a-8dc2-6eca9b88007e-groupManagement] INFO  segmented.SegmentedRaftLogWorker (SegmentedRaftLogWorker.java:lambda$new$0(135)) - eb256187-4e2b-429a-8dc2-6eca9b88007e@group-7CB29ED6A730-SegmentedRaftLogWorker: safeCacheEvictIndex: setUnconditionally 0 -> -1
2024-09-17 10:41:09,641 [eb256187-4e2b-429a-8dc2-6eca9b88007e-groupManagement] INFO  server.RaftServer$Division (RaftServerImpl.java:start(389)) - eb256187-4e2b-429a-8dc2-6eca9b88007e@group-7CB29ED6A730: start as a follower, conf=conf: {index: -1, cur=peers:[eb256187-4e2b-429a-8dc2-6eca9b88007e|127.0.0.1:15115, c84c3cd8-1177-42bf-a027-8b47ada8137b|127.0.0.1:15124, 53457c10-51b1-485d-b312-794085cbc7f1|127.0.0.1:15106]|listeners:[], old=null}
2024-09-17 10:41:09,641 [eb256187-4e2b-429a-8dc2-6eca9b88007e-groupManagement] INFO  server.RaftServer$Division (RaftServerImpl.java:setRole(376)) - eb256187-4e2b-429a-8dc2-6eca9b88007e@group-7CB29ED6A730: changes role from      null to FOLLOWER at term 0 for startAsFollower
2024-09-17 10:41:09,641 [eb256187-4e2b-429a-8dc2-6eca9b88007e-groupManagement] INFO  impl.RoleInfo (RoleInfo.java:updateAndGet(148)) - eb256187-4e2b-429a-8dc2-6eca9b88007e: start eb256187-4e2b-429a-8dc2-6eca9b88007e@group-7CB29ED6A730-FollowerState
2024-09-17 10:41:09,642 [eb256187-4e2b-429a-8dc2-6eca9b88007e@group-7CB29ED6A730-FollowerState] INFO  server.RaftServerConfigKeys (ConfUtils.java:logFallback(53)) - raft.server.rpc.first-election.timeout.min = 5s (fallback to raft.server.rpc.timeout.min)
2024-09-17 10:41:09,642 [eb256187-4e2b-429a-8dc2-6eca9b88007e@group-7CB29ED6A730-FollowerState] INFO  server.RaftServerConfigKeys (ConfUtils.java:logFallback(53)) - raft.server.rpc.first-election.timeout.max = 5200ms (fallback to raft.server.rpc.timeout.max)
2024-09-17 10:41:09,642 [eb256187-4e2b-429a-8dc2-6eca9b88007e-groupManagement] INFO  util.JmxRegister (JmxRegister.java:tryRegister(44)) - Successfully registered JMX Bean with object name Ratis:service=RaftServer,group=group-7CB29ED6A730,id=eb256187-4e2b-429a-8dc2-6eca9b88007e
2024-09-17 10:41:09,642 [eb256187-4e2b-429a-8dc2-6eca9b88007e-groupManagement] INFO  util.JmxRegister (JmxRegister.java:register(58)) - register mxBean class org.apache.ratis.server.impl.RaftServerJmxAdapter as Ratis:service=RaftServer,group=group-7CB29ED6A730,id=eb256187-4e2b-429a-8dc2-6eca9b88007e
2024-09-17 10:41:09,642 [eb256187-4e2b-429a-8dc2-6eca9b88007e-groupManagement] INFO  server.RaftServerConfigKeys (ConfUtils.java:logGet(46)) - raft.server.snapshot.trigger-when-stop.enabled = true (default)
2024-09-17 10:41:09,642 [eb256187-4e2b-429a-8dc2-6eca9b88007e-groupManagement] INFO  server.RaftServerConfigKeys (ConfUtils.java:logGet(46)) - raft.server.snapshot.trigger-when-remove.enabled = true (default)
2024-09-17 10:41:09,642 [eb256187-4e2b-429a-8dc2-6eca9b88007e-groupManagement] INFO  server.RaftServerConfigKeys (ConfUtils.java:logGet(46)) - raft.server.snapshot.auto.trigger.enabled = true (custom)
2024-09-17 10:41:09,642 [eb256187-4e2b-429a-8dc2-6eca9b88007e-groupManagement] INFO  server.RaftServerConfigKeys (ConfUtils.java:logGet(46)) - raft.server.snapshot.auto.trigger.threshold = 10000 (custom)
2024-09-17 10:41:09,643 [eb256187-4e2b-429a-8dc2-6eca9b88007e-groupManagement] INFO  server.RaftServerConfigKeys (ConfUtils.java:logGet(46)) - raft.server.snapshot.retention.file.num = 5 (custom)
2024-09-17 10:41:09,643 [eb256187-4e2b-429a-8dc2-6eca9b88007e-groupManagement] INFO  server.RaftServerConfigKeys (ConfUtils.java:logGet(46)) - raft.server.log.purge.upto.snapshot.index = false (default)
2024-09-17 10:41:09,645 [53457c10-51b1-485d-b312-794085cbc7f1-PipelineCommandHandlerThread-0] INFO  commandhandler.CreatePipelineCommandHandler (CreatePipelineCommandHandler.java:lambda$handle$2(124)) - Created Pipeline RATIS THREE PipelineID=2cbbccb8-f307-448c-bf1d-7cb29ed6a730.
2024-09-17 10:41:09,787 [eb256187-4e2b-429a-8dc2-6eca9b88007e-PipelineCommandHandlerThread-0] INFO  server.RaftServer (RaftServerProxy.java:addNew(101)) - eb256187-4e2b-429a-8dc2-6eca9b88007e: addNew group-0C6A6A2ABC1B:[eb256187-4e2b-429a-8dc2-6eca9b88007e|127.0.0.1:15115] returns group-0C6A6A2ABC1B:java.util.concurrent.CompletableFuture@60760159[Not completed]
2024-09-17 10:41:09,788 [eb256187-4e2b-429a-8dc2-6eca9b88007e-groupManagement] INFO  server.RaftServer$Division (RaftServerImpl.java:<init>(253)) - eb256187-4e2b-429a-8dc2-6eca9b88007e: new RaftServerImpl for group-0C6A6A2ABC1B:[eb256187-4e2b-429a-8dc2-6eca9b88007e|127.0.0.1:15115] with ContainerStateMachine:uninitialized
2024-09-17 10:41:09,788 [eb256187-4e2b-429a-8dc2-6eca9b88007e-groupManagement] INFO  server.RaftServerConfigKeys (ConfUtils.java:logGet(46)) - raft.server.rpc.timeout.min = 5s (custom)
2024-09-17 10:41:09,788 [eb256187-4e2b-429a-8dc2-6eca9b88007e-groupManagement] INFO  server.RaftServerConfigKeys (ConfUtils.java:logGet(46)) - raft.server.rpc.timeout.max = 5200ms (custom)
2024-09-17 10:41:09,788 [eb256187-4e2b-429a-8dc2-6eca9b88007e-groupManagement] INFO  server.RaftServerConfigKeys (ConfUtils.java:logGet(46)) - raft.server.rpc.sleep.time = 25ms (default)
2024-09-17 10:41:09,788 [eb256187-4e2b-429a-8dc2-6eca9b88007e-groupManagement] INFO  server.RaftServerConfigKeys (ConfUtils.java:logGet(46)) - raft.server.rpc.slowness.timeout = 300s (custom)
2024-09-17 10:41:09,788 [eb256187-4e2b-429a-8dc2-6eca9b88007e-groupManagement] INFO  server.RaftServerConfigKeys (ConfUtils.java:logGet(46)) - raft.server.leaderelection.leader.step-down.wait-time = 10s (default)
2024-09-17 10:41:09,788 [eb256187-4e2b-429a-8dc2-6eca9b88007e-groupManagement] INFO  server.RaftServerConfigKeys (ConfUtils.java:logGet(46)) - raft.server.leaderelection.member.majority-add = false (default)
2024-09-17 10:41:09,788 [eb256187-4e2b-429a-8dc2-6eca9b88007e-groupManagement] INFO  server.RaftServerConfigKeys (ConfUtils.java:logGet(46)) - raft.server.sleep.deviation.threshold = 300ms (default)
2024-09-17 10:41:09,789 [eb256187-4e2b-429a-8dc2-6eca9b88007e-groupManagement] INFO  server.RaftServer$Division (ServerState.java:<init>(114)) - eb256187-4e2b-429a-8dc2-6eca9b88007e@group-0C6A6A2ABC1B: ConfigurationManager, init=conf: {index: -1, cur=peers:[eb256187-4e2b-429a-8dc2-6eca9b88007e|127.0.0.1:15115]|listeners:[], old=null}, confs=<EMPTY_MAP>
2024-09-17 10:41:09,789 [eb256187-4e2b-429a-8dc2-6eca9b88007e-groupManagement] INFO  server.RaftServerConfigKeys (ConfUtils.java:logGet(46)) - raft.server.notification.no-leader.timeout = 300s (custom)
2024-09-17 10:41:09,789 [eb256187-4e2b-429a-8dc2-6eca9b88007e-groupManagement] INFO  server.RaftServerConfigKeys (ConfUtils.java:logGet(46)) - raft.server.read.timeout = 10s (default)
2024-09-17 10:41:09,789 [eb256187-4e2b-429a-8dc2-6eca9b88007e-groupManagement] INFO  server.RaftServerConfigKeys (ConfUtils.java:logGet(46)) - raft.server.retrycache.expirytime = 600000ms (custom)
2024-09-17 10:41:09,789 [eb256187-4e2b-429a-8dc2-6eca9b88007e-groupManagement] INFO  server.RaftServerConfigKeys (ConfUtils.java:logGet(46)) - raft.server.retrycache.statistics.expirytime = 100ms (default)
2024-09-17 10:41:09,789 [eb256187-4e2b-429a-8dc2-6eca9b88007e-groupManagement] INFO  server.RaftServerConfigKeys (ConfUtils.java:logGet(46)) - raft.server.read.option = DEFAULT (default)
2024-09-17 10:41:09,789 [eb256187-4e2b-429a-8dc2-6eca9b88007e-groupManagement] INFO  server.RaftServerConfigKeys (ConfUtils.java:logGet(46)) - raft.server.read.read-after-write-consistent.write-index-cache.expiry-time = 60s (default)
2024-09-17 10:41:09,790 [eb256187-4e2b-429a-8dc2-6eca9b88007e-groupManagement] INFO  server.RaftServerConfigKeys (ConfUtils.java:logGet(46)) - raft.server.rpc.request.timeout = 60s (custom)
2024-09-17 10:41:09,791 [eb256187-4e2b-429a-8dc2-6eca9b88007e-groupManagement] INFO  server.RaftServerConfigKeys (ConfUtils.java:logGet(46)) - raft.server.log.appender.install.snapshot.enabled = false (custom)
2024-09-17 10:41:09,791 [eb256187-4e2b-429a-8dc2-6eca9b88007e-groupManagement] INFO  server.RaftServerConfigKeys (ConfUtils.java:logGet(46)) - raft.server.threadpool.server.cached = true (default)
2024-09-17 10:41:09,791 [eb256187-4e2b-429a-8dc2-6eca9b88007e-groupManagement] INFO  server.RaftServerConfigKeys (ConfUtils.java:logGet(46)) - raft.server.threadpool.server.size = 0 (default)
2024-09-17 10:41:09,791 [eb256187-4e2b-429a-8dc2-6eca9b88007e-groupManagement] INFO  server.RaftServerConfigKeys (ConfUtils.java:logGet(46)) - raft.server.threadpool.client.cached = true (default)
2024-09-17 10:41:09,791 [eb256187-4e2b-429a-8dc2-6eca9b88007e-groupManagement] INFO  server.RaftServerConfigKeys (ConfUtils.java:logGet(46)) - raft.server.threadpool.client.size = 0 (default)
2024-09-17 10:41:09,791 [eb256187-4e2b-429a-8dc2-6eca9b88007e-groupManagement] INFO  server.RaftServerConfigKeys (ConfUtils.java:logGet(46)) - raft.server.storage.free-space.min = 0MB (=0) (default)
2024-09-17 10:41:09,791 [eb256187-4e2b-429a-8dc2-6eca9b88007e-groupManagement] INFO  server.RaftServerConfigKeys (ConfUtils.java:logGet(46)) - raft.server.log.corruption.policy = EXCEPTION (default)
2024-09-17 10:41:09,791 [eb256187-4e2b-429a-8dc2-6eca9b88007e-groupManagement] INFO  server.RaftServerConfigKeys (ConfUtils.java:logGet(46)) - raft.server.storage.dir = [/home/runner/work/ozone/ozone/hadoop-ozone/integration-test/target/test-dir/MiniOzoneClusterImpl-90660ac4-7e9c-448b-98ea-af4f808cf8d9/ozone-meta/datanode-2/ratis] (custom)
2024-09-17 10:41:09,791 [eb256187-4e2b-429a-8dc2-6eca9b88007e-groupManagement] INFO  storage.RaftStorageDirectory (RaftStorageDirectoryImpl.java:analyzeStorage(138)) - The storage directory /home/runner/work/ozone/ozone/hadoop-ozone/integration-test/target/test-dir/MiniOzoneClusterImpl-90660ac4-7e9c-448b-98ea-af4f808cf8d9/ozone-meta/datanode-2/ratis/cf90e5a1-d452-4d2c-a627-0c6a6a2abc1b does not exist. Creating ...
2024-09-17 10:41:09,792 [eb256187-4e2b-429a-8dc2-6eca9b88007e-groupManagement] INFO  storage.RaftStorageDirectory (RaftStorageDirectoryImpl.java:tryLock(229)) - Lock on /home/runner/work/ozone/ozone/hadoop-ozone/integration-test/target/test-dir/MiniOzoneClusterImpl-90660ac4-7e9c-448b-98ea-af4f808cf8d9/ozone-meta/datanode-2/ratis/cf90e5a1-d452-4d2c-a627-0c6a6a2abc1b/in_use.lock acquired by nodename 60320@fv-az977-14
2024-09-17 10:41:09,793 [eb256187-4e2b-429a-8dc2-6eca9b88007e-groupManagement] INFO  storage.RaftStorage (RaftStorageImpl.java:format(98)) - Storage directory /home/runner/work/ozone/ozone/hadoop-ozone/integration-test/target/test-dir/MiniOzoneClusterImpl-90660ac4-7e9c-448b-98ea-af4f808cf8d9/ozone-meta/datanode-2/ratis/cf90e5a1-d452-4d2c-a627-0c6a6a2abc1b has been successfully formatted.
2024-09-17 10:41:09,793 [eb256187-4e2b-429a-8dc2-6eca9b88007e-groupManagement] INFO  ratis.ContainerStateMachine (ContainerStateMachine.java:loadSnapshot(295)) - group-0C6A6A2ABC1B: The snapshot info is null. Setting the last applied index to:(t:0, i:~)
2024-09-17 10:41:09,793 [eb256187-4e2b-429a-8dc2-6eca9b88007e-groupManagement] INFO  server.RaftServerConfigKeys (ConfUtils.java:logGet(46)) - raft.server.log.use.memory = false (default)
2024-09-17 10:41:09,793 [eb256187-4e2b-429a-8dc2-6eca9b88007e-groupManagement] INFO  server.RaftServerConfigKeys (ConfUtils.java:logGet(46)) - raft.server.log.purge.gap = 1000000 (custom)
2024-09-17 10:41:09,794 [eb256187-4e2b-429a-8dc2-6eca9b88007e-groupManagement] INFO  server.RaftServerConfigKeys (ConfUtils.java:logGet(46)) - raft.server.log.appender.buffer.byte-limit = 33554432 (custom)
2024-09-17 10:41:09,794 [eb256187-4e2b-429a-8dc2-6eca9b88007e-groupManagement] INFO  server.RaftServerConfigKeys (ConfUtils.java:logGet(46)) - raft.server.log.statemachine.data.read.timeout = 1000ms (default)
2024-09-17 10:41:09,794 [eb256187-4e2b-429a-8dc2-6eca9b88007e-groupManagement] INFO  server.RaftServerConfigKeys (ConfUtils.java:logGet(46)) - raft.server.log.purge.preservation.log.num = 0 (default)
2024-09-17 10:41:09,795 [EventQueue-PipelineReportForPipelineReportHandler] INFO  pipeline.PipelineReportHandler (PipelineReportHandler.java:processPipelineReport(136)) - Opened pipeline PipelineID=cf90e5a1-d452-4d2c-a627-0c6a6a2abc1b
2024-09-17 10:41:09,795 [EventQueue-OpenPipelineForHealthyPipelineSafeModeRule] INFO  safemode.SCMSafeModeManager (HealthyPipelineSafeModeRule.java:process(140)) - SCM in safe mode. Healthy pipelines reported count is 0, required healthy pipeline reported count is 1
2024-09-17 10:41:09,795 [eb256187-4e2b-429a-8dc2-6eca9b88007e-groupManagement] INFO  server.RaftServerConfigKeys (ConfUtils.java:logGet(46)) - raft.server.log.segment.size.max = 67108864 (custom)
2024-09-17 10:41:09,795 [eb256187-4e2b-429a-8dc2-6eca9b88007e-groupManagement] INFO  server.RaftServerConfigKeys (ConfUtils.java:logGet(46)) - raft.server.log.segment.cache.num.max = 2 (custom)
2024-09-17 10:41:09,795 [eb256187-4e2b-429a-8dc2-6eca9b88007e-groupManagement] INFO  server.RaftServerConfigKeys (ConfUtils.java:logGet(46)) - raft.server.log.segment.cache.size.max = 200MB (=209715200) (default)
2024-09-17 10:41:09,795 [eb256187-4e2b-429a-8dc2-6eca9b88007e-groupManagement] INFO  server.RaftServerConfigKeys (ConfUtils.java:logGet(46)) - raft.server.log.appender.buffer.byte-limit = 33554432 (custom)
2024-09-17 10:41:09,795 [eb256187-4e2b-429a-8dc2-6eca9b88007e-groupManagement] INFO  util.AwaitToRun (AwaitToRun.java:start(81)) - Thread[eb256187-4e2b-429a-8dc2-6eca9b88007e@group-0C6A6A2ABC1B-cacheEviction-AwaitToRun,5,main] started
2024-09-17 10:41:09,796 [eb256187-4e2b-429a-8dc2-6eca9b88007e-groupManagement] INFO  segmented.SegmentedRaftLogWorker (SegmentedRaftLogWorker.java:<init>(184)) - new eb256187-4e2b-429a-8dc2-6eca9b88007e@group-0C6A6A2ABC1B-SegmentedRaftLogWorker for RaftStorageImpl:Storage Directory /home/runner/work/ozone/ozone/hadoop-ozone/integration-test/target/test-dir/MiniOzoneClusterImpl-90660ac4-7e9c-448b-98ea-af4f808cf8d9/ozone-meta/datanode-2/ratis/cf90e5a1-d452-4d2c-a627-0c6a6a2abc1b
2024-09-17 10:41:09,796 [eb256187-4e2b-429a-8dc2-6eca9b88007e-groupManagement] INFO  server.RaftServerConfigKeys (ConfUtils.java:logGet(46)) - raft.server.log.queue.byte-limit = 4294967296 (custom)
2024-09-17 10:41:09,796 [eb256187-4e2b-429a-8dc2-6eca9b88007e-groupManagement] INFO  server.RaftServerConfigKeys (ConfUtils.java:logGet(46)) - raft.server.log.queue.element-limit = 1024 (custom)
2024-09-17 10:41:09,796 [eb256187-4e2b-429a-8dc2-6eca9b88007e-groupManagement] INFO  server.RaftServerConfigKeys (ConfUtils.java:logGet(46)) - raft.server.log.segment.size.max = 67108864 (custom)
2024-09-17 10:41:09,796 [eb256187-4e2b-429a-8dc2-6eca9b88007e-groupManagement] INFO  server.RaftServerConfigKeys (ConfUtils.java:logGet(46)) - raft.server.log.preallocated.size = 4194304 (custom)
2024-09-17 10:41:09,796 [eb256187-4e2b-429a-8dc2-6eca9b88007e-groupManagement] INFO  server.RaftServerConfigKeys (ConfUtils.java:logGet(46)) - raft.server.log.force.sync.num = 128 (default)
2024-09-17 10:41:09,796 [eb256187-4e2b-429a-8dc2-6eca9b88007e-groupManagement] INFO  server.RaftServerConfigKeys (ConfUtils.java:logGet(46)) - raft.server.log.statemachine.data.sync = true (default)
2024-09-17 10:41:09,796 [eb256187-4e2b-429a-8dc2-6eca9b88007e-groupManagement] INFO  server.RaftServerConfigKeys (ConfUtils.java:logGet(46)) - raft.server.log.statemachine.data.sync.timeout = 10s (default)
2024-09-17 10:41:09,796 [eb256187-4e2b-429a-8dc2-6eca9b88007e-groupManagement] INFO  server.RaftServerConfigKeys (ConfUtils.java:logGet(46)) - raft.server.log.statemachine.data.sync.timeout.retry = 30 (custom)
2024-09-17 10:41:09,796 [eb256187-4e2b-429a-8dc2-6eca9b88007e-groupManagement] INFO  server.RaftServerConfigKeys (ConfUtils.java:logGet(46)) - raft.server.log.write.buffer.size = 33554440 (custom)
2024-09-17 10:41:09,801 [eb256187-4e2b-429a-8dc2-6eca9b88007e-groupManagement] INFO  server.RaftServerConfigKeys (ConfUtils.java:logGet(46)) - raft.server.log.appender.buffer.byte-limit = 33554432 (custom)
2024-09-17 10:41:09,801 [eb256187-4e2b-429a-8dc2-6eca9b88007e-groupManagement] INFO  server.RaftServerConfigKeys (ConfUtils.java:logGet(46)) - raft.server.log.unsafe-flush.enabled = false (default)
2024-09-17 10:41:09,801 [eb256187-4e2b-429a-8dc2-6eca9b88007e-groupManagement] INFO  server.RaftServerConfigKeys (ConfUtils.java:logGet(46)) - raft.server.log.async-flush.enabled = false (default)
2024-09-17 10:41:09,801 [eb256187-4e2b-429a-8dc2-6eca9b88007e-groupManagement] INFO  server.RaftServerConfigKeys (ConfUtils.java:logGet(46)) - raft.server.log.statemachine.data.caching.enabled = true (custom)
2024-09-17 10:41:09,801 [eb256187-4e2b-429a-8dc2-6eca9b88007e-groupManagement] INFO  segmented.SegmentedRaftLogWorker (SegmentedRaftLogWorker.java:lambda$new$0(135)) - eb256187-4e2b-429a-8dc2-6eca9b88007e@group-0C6A6A2ABC1B-SegmentedRaftLogWorker: flushIndex: setUnconditionally 0 -> -1
2024-09-17 10:41:09,801 [eb256187-4e2b-429a-8dc2-6eca9b88007e-groupManagement] INFO  segmented.SegmentedRaftLogWorker (SegmentedRaftLogWorker.java:lambda$new$0(135)) - eb256187-4e2b-429a-8dc2-6eca9b88007e@group-0C6A6A2ABC1B-SegmentedRaftLogWorker: safeCacheEvictIndex: setUnconditionally 0 -> -1
2024-09-17 10:41:09,802 [eb256187-4e2b-429a-8dc2-6eca9b88007e-groupManagement] INFO  server.RaftServer$Division (RaftServerImpl.java:start(389)) - eb256187-4e2b-429a-8dc2-6eca9b88007e@group-0C6A6A2ABC1B: start as a follower, conf=conf: {index: -1, cur=peers:[eb256187-4e2b-429a-8dc2-6eca9b88007e|127.0.0.1:15115]|listeners:[], old=null}
2024-09-17 10:41:09,802 [eb256187-4e2b-429a-8dc2-6eca9b88007e-groupManagement] INFO  server.RaftServer$Division (RaftServerImpl.java:setRole(376)) - eb256187-4e2b-429a-8dc2-6eca9b88007e@group-0C6A6A2ABC1B: changes role from      null to FOLLOWER at term 0 for startAsFollower
2024-09-17 10:41:09,802 [eb256187-4e2b-429a-8dc2-6eca9b88007e-groupManagement] INFO  impl.RoleInfo (RoleInfo.java:updateAndGet(148)) - eb256187-4e2b-429a-8dc2-6eca9b88007e: start eb256187-4e2b-429a-8dc2-6eca9b88007e@group-0C6A6A2ABC1B-FollowerState
2024-09-17 10:41:09,802 [eb256187-4e2b-429a-8dc2-6eca9b88007e@group-0C6A6A2ABC1B-FollowerState] INFO  server.RaftServerConfigKeys (ConfUtils.java:logFallback(53)) - raft.server.rpc.first-election.timeout.min = 5s (fallback to raft.server.rpc.timeout.min)
2024-09-17 10:41:09,802 [eb256187-4e2b-429a-8dc2-6eca9b88007e@group-0C6A6A2ABC1B-FollowerState] INFO  server.RaftServerConfigKeys (ConfUtils.java:logFallback(53)) - raft.server.rpc.first-election.timeout.max = 5200ms (fallback to raft.server.rpc.timeout.max)
2024-09-17 10:41:09,802 [eb256187-4e2b-429a-8dc2-6eca9b88007e-groupManagement] INFO  util.JmxRegister (JmxRegister.java:tryRegister(44)) - Successfully registered JMX Bean with object name Ratis:service=RaftServer,group=group-0C6A6A2ABC1B,id=eb256187-4e2b-429a-8dc2-6eca9b88007e
2024-09-17 10:41:09,802 [eb256187-4e2b-429a-8dc2-6eca9b88007e-groupManagement] INFO  util.JmxRegister (JmxRegister.java:register(58)) - register mxBean class org.apache.ratis.server.impl.RaftServerJmxAdapter as Ratis:service=RaftServer,group=group-0C6A6A2ABC1B,id=eb256187-4e2b-429a-8dc2-6eca9b88007e
2024-09-17 10:41:09,802 [eb256187-4e2b-429a-8dc2-6eca9b88007e-groupManagement] INFO  server.RaftServerConfigKeys (ConfUtils.java:logGet(46)) - raft.server.snapshot.trigger-when-stop.enabled = true (default)
2024-09-17 10:41:09,802 [eb256187-4e2b-429a-8dc2-6eca9b88007e-groupManagement] INFO  server.RaftServerConfigKeys (ConfUtils.java:logGet(46)) - raft.server.snapshot.trigger-when-remove.enabled = true (default)
2024-09-17 10:41:09,802 [eb256187-4e2b-429a-8dc2-6eca9b88007e-groupManagement] INFO  server.RaftServerConfigKeys (ConfUtils.java:logGet(46)) - raft.server.snapshot.auto.trigger.enabled = true (custom)
2024-09-17 10:41:09,802 [eb256187-4e2b-429a-8dc2-6eca9b88007e-groupManagement] INFO  server.RaftServerConfigKeys (ConfUtils.java:logGet(46)) - raft.server.snapshot.auto.trigger.threshold = 10000 (custom)
2024-09-17 10:41:09,803 [eb256187-4e2b-429a-8dc2-6eca9b88007e-groupManagement] INFO  server.RaftServerConfigKeys (ConfUtils.java:logGet(46)) - raft.server.snapshot.retention.file.num = 5 (custom)
2024-09-17 10:41:09,803 [eb256187-4e2b-429a-8dc2-6eca9b88007e-groupManagement] INFO  server.RaftServerConfigKeys (ConfUtils.java:logGet(46)) - raft.server.log.purge.upto.snapshot.index = false (default)
2024-09-17 10:41:09,803 [eb256187-4e2b-429a-8dc2-6eca9b88007e-PipelineCommandHandlerThread-0] INFO  ratis.XceiverServerRatis (XceiverServerRatis.java:addGroup(849)) - Created group PipelineID=cf90e5a1-d452-4d2c-a627-0c6a6a2abc1b
2024-09-17 10:41:09,803 [eb256187-4e2b-429a-8dc2-6eca9b88007e-PipelineCommandHandlerThread-0] INFO  commandhandler.CreatePipelineCommandHandler (CreatePipelineCommandHandler.java:lambda$handle$2(124)) - Created Pipeline RATIS ONE PipelineID=cf90e5a1-d452-4d2c-a627-0c6a6a2abc1b.
2024-09-17 10:41:10,037 [c84c3cd8-1177-42bf-a027-8b47ada8137b-PipelineCommandHandlerThread-0] INFO  server.RaftServer (RaftServerProxy.java:addNew(101)) - c84c3cd8-1177-42bf-a027-8b47ada8137b: addNew group-8BE6D7C8A7A2:[c84c3cd8-1177-42bf-a027-8b47ada8137b|127.0.0.1:15124] returns group-8BE6D7C8A7A2:java.util.concurrent.CompletableFuture@678fc30f[Not completed]
2024-09-17 10:41:10,038 [c84c3cd8-1177-42bf-a027-8b47ada8137b-groupManagement] INFO  server.RaftServer$Division (RaftServerImpl.java:<init>(253)) - c84c3cd8-1177-42bf-a027-8b47ada8137b: new RaftServerImpl for group-8BE6D7C8A7A2:[c84c3cd8-1177-42bf-a027-8b47ada8137b|127.0.0.1:15124] with ContainerStateMachine:uninitialized
2024-09-17 10:41:10,038 [c84c3cd8-1177-42bf-a027-8b47ada8137b-groupManagement] INFO  server.RaftServerConfigKeys (ConfUtils.java:logGet(46)) - raft.server.rpc.timeout.min = 5s (custom)
2024-09-17 10:41:10,038 [c84c3cd8-1177-42bf-a027-8b47ada8137b-groupManagement] INFO  server.RaftServerConfigKeys (ConfUtils.java:logGet(46)) - raft.server.rpc.timeout.max = 5200ms (custom)
2024-09-17 10:41:10,038 [c84c3cd8-1177-42bf-a027-8b47ada8137b-groupManagement] INFO  server.RaftServerConfigKeys (ConfUtils.java:logGet(46)) - raft.server.rpc.sleep.time = 25ms (default)
2024-09-17 10:41:10,038 [c84c3cd8-1177-42bf-a027-8b47ada8137b-groupManagement] INFO  server.RaftServerConfigKeys (ConfUtils.java:logGet(46)) - raft.server.rpc.slowness.timeout = 300s (custom)
2024-09-17 10:41:10,038 [c84c3cd8-1177-42bf-a027-8b47ada8137b-groupManagement] INFO  server.RaftServerConfigKeys (ConfUtils.java:logGet(46)) - raft.server.leaderelection.leader.step-down.wait-time = 10s (default)
2024-09-17 10:41:10,039 [c84c3cd8-1177-42bf-a027-8b47ada8137b-groupManagement] INFO  server.RaftServerConfigKeys (ConfUtils.java:logGet(46)) - raft.server.leaderelection.member.majority-add = false (default)
2024-09-17 10:41:10,039 [c84c3cd8-1177-42bf-a027-8b47ada8137b-groupManagement] INFO  server.RaftServerConfigKeys (ConfUtils.java:logGet(46)) - raft.server.sleep.deviation.threshold = 300ms (default)
2024-09-17 10:41:10,039 [c84c3cd8-1177-42bf-a027-8b47ada8137b-groupManagement] INFO  server.RaftServer$Division (ServerState.java:<init>(114)) - c84c3cd8-1177-42bf-a027-8b47ada8137b@group-8BE6D7C8A7A2: ConfigurationManager, init=conf: {index: -1, cur=peers:[c84c3cd8-1177-42bf-a027-8b47ada8137b|127.0.0.1:15124]|listeners:[], old=null}, confs=<EMPTY_MAP>
2024-09-17 10:41:10,039 [c84c3cd8-1177-42bf-a027-8b47ada8137b-groupManagement] INFO  server.RaftServerConfigKeys (ConfUtils.java:logGet(46)) - raft.server.notification.no-leader.timeout = 300s (custom)
2024-09-17 10:41:10,039 [c84c3cd8-1177-42bf-a027-8b47ada8137b-groupManagement] INFO  server.RaftServerConfigKeys (ConfUtils.java:logGet(46)) - raft.server.read.timeout = 10s (default)
2024-09-17 10:41:10,039 [c84c3cd8-1177-42bf-a027-8b47ada8137b-groupManagement] INFO  server.RaftServerConfigKeys (ConfUtils.java:logGet(46)) - raft.server.retrycache.expirytime = 600000ms (custom)
2024-09-17 10:41:10,039 [c84c3cd8-1177-42bf-a027-8b47ada8137b-groupManagement] INFO  server.RaftServerConfigKeys (ConfUtils.java:logGet(46)) - raft.server.retrycache.statistics.expirytime = 100ms (default)
2024-09-17 10:41:10,039 [c84c3cd8-1177-42bf-a027-8b47ada8137b-groupManagement] INFO  server.RaftServerConfigKeys (ConfUtils.java:logGet(46)) - raft.server.read.option = DEFAULT (default)
2024-09-17 10:41:10,039 [main] INFO  ozone.MiniOzoneClusterImpl (MiniOzoneClusterImpl.java:lambda$waitForClusterToBeReady$0(198)) - Nodes are ready. Got 3 of 3 DN Heartbeats.
2024-09-17 10:41:10,039 [main] INFO  ozone.MiniOzoneClusterImpl (MiniOzoneClusterImpl.java:lambda$waitForClusterToBeReady$0(201)) - Waiting for cluster to exit safe mode
2024-09-17 10:41:10,039 [main] INFO  ozone.MiniOzoneClusterImpl (MiniOzoneClusterImpl.java:lambda$waitForClusterToBeReady$0(203)) - SCM became leader
2024-09-17 10:41:10,039 [c84c3cd8-1177-42bf-a027-8b47ada8137b-groupManagement] INFO  server.RaftServerConfigKeys (ConfUtils.java:logGet(46)) - raft.server.read.read-after-write-consistent.write-index-cache.expiry-time = 60s (default)
2024-09-17 10:41:10,042 [c84c3cd8-1177-42bf-a027-8b47ada8137b-groupManagement] INFO  server.RaftServerConfigKeys (ConfUtils.java:logGet(46)) - raft.server.rpc.request.timeout = 60s (custom)
2024-09-17 10:41:10,042 [c84c3cd8-1177-42bf-a027-8b47ada8137b-groupManagement] INFO  server.RaftServerConfigKeys (ConfUtils.java:logGet(46)) - raft.server.log.appender.install.snapshot.enabled = false (custom)
2024-09-17 10:41:10,042 [c84c3cd8-1177-42bf-a027-8b47ada8137b-groupManagement] INFO  server.RaftServerConfigKeys (ConfUtils.java:logGet(46)) - raft.server.threadpool.server.cached = true (default)
2024-09-17 10:41:10,042 [c84c3cd8-1177-42bf-a027-8b47ada8137b-groupManagement] INFO  server.RaftServerConfigKeys (ConfUtils.java:logGet(46)) - raft.server.threadpool.server.size = 0 (default)
2024-09-17 10:41:10,042 [c84c3cd8-1177-42bf-a027-8b47ada8137b-groupManagement] INFO  server.RaftServerConfigKeys (ConfUtils.java:logGet(46)) - raft.server.threadpool.client.cached = true (default)
2024-09-17 10:41:10,042 [c84c3cd8-1177-42bf-a027-8b47ada8137b-groupManagement] INFO  server.RaftServerConfigKeys (ConfUtils.java:logGet(46)) - raft.server.threadpool.client.size = 0 (default)
2024-09-17 10:41:10,042 [c84c3cd8-1177-42bf-a027-8b47ada8137b-groupManagement] INFO  server.RaftServerConfigKeys (ConfUtils.java:logGet(46)) - raft.server.storage.free-space.min = 0MB (=0) (default)
2024-09-17 10:41:10,042 [c84c3cd8-1177-42bf-a027-8b47ada8137b-groupManagement] INFO  server.RaftServerConfigKeys (ConfUtils.java:logGet(46)) - raft.server.log.corruption.policy = EXCEPTION (default)
2024-09-17 10:41:10,042 [c84c3cd8-1177-42bf-a027-8b47ada8137b-groupManagement] INFO  server.RaftServerConfigKeys (ConfUtils.java:logGet(46)) - raft.server.storage.dir = [/home/runner/work/ozone/ozone/hadoop-ozone/integration-test/target/test-dir/MiniOzoneClusterImpl-90660ac4-7e9c-448b-98ea-af4f808cf8d9/ozone-meta/datanode-3/ratis] (custom)
2024-09-17 10:41:10,042 [c84c3cd8-1177-42bf-a027-8b47ada8137b-groupManagement] INFO  storage.RaftStorageDirectory (RaftStorageDirectoryImpl.java:analyzeStorage(138)) - The storage directory /home/runner/work/ozone/ozone/hadoop-ozone/integration-test/target/test-dir/MiniOzoneClusterImpl-90660ac4-7e9c-448b-98ea-af4f808cf8d9/ozone-meta/datanode-3/ratis/99964627-5e4e-4491-875f-8be6d7c8a7a2 does not exist. Creating ...
2024-09-17 10:41:10,043 [c84c3cd8-1177-42bf-a027-8b47ada8137b-groupManagement] INFO  storage.RaftStorageDirectory (RaftStorageDirectoryImpl.java:tryLock(229)) - Lock on /home/runner/work/ozone/ozone/hadoop-ozone/integration-test/target/test-dir/MiniOzoneClusterImpl-90660ac4-7e9c-448b-98ea-af4f808cf8d9/ozone-meta/datanode-3/ratis/99964627-5e4e-4491-875f-8be6d7c8a7a2/in_use.lock acquired by nodename 60320@fv-az977-14
2024-09-17 10:41:10,044 [c84c3cd8-1177-42bf-a027-8b47ada8137b-groupManagement] INFO  storage.RaftStorage (RaftStorageImpl.java:format(98)) - Storage directory /home/runner/work/ozone/ozone/hadoop-ozone/integration-test/target/test-dir/MiniOzoneClusterImpl-90660ac4-7e9c-448b-98ea-af4f808cf8d9/ozone-meta/datanode-3/ratis/99964627-5e4e-4491-875f-8be6d7c8a7a2 has been successfully formatted.
2024-09-17 10:41:10,045 [c84c3cd8-1177-42bf-a027-8b47ada8137b-groupManagement] INFO  ratis.ContainerStateMachine (ContainerStateMachine.java:loadSnapshot(295)) - group-8BE6D7C8A7A2: The snapshot info is null. Setting the last applied index to:(t:0, i:~)
2024-09-17 10:41:10,045 [c84c3cd8-1177-42bf-a027-8b47ada8137b-groupManagement] INFO  server.RaftServerConfigKeys (ConfUtils.java:logGet(46)) - raft.server.log.use.memory = false (default)
2024-09-17 10:41:10,045 [c84c3cd8-1177-42bf-a027-8b47ada8137b-groupManagement] INFO  server.RaftServerConfigKeys (ConfUtils.java:logGet(46)) - raft.server.log.purge.gap = 1000000 (custom)
2024-09-17 10:41:10,045 [c84c3cd8-1177-42bf-a027-8b47ada8137b-groupManagement] INFO  server.RaftServerConfigKeys (ConfUtils.java:logGet(46)) - raft.server.log.appender.buffer.byte-limit = 33554432 (custom)
2024-09-17 10:41:10,045 [c84c3cd8-1177-42bf-a027-8b47ada8137b-groupManagement] INFO  server.RaftServerConfigKeys (ConfUtils.java:logGet(46)) - raft.server.log.statemachine.data.read.timeout = 1000ms (default)
2024-09-17 10:41:10,045 [c84c3cd8-1177-42bf-a027-8b47ada8137b-groupManagement] INFO  server.RaftServerConfigKeys (ConfUtils.java:logGet(46)) - raft.server.log.purge.preservation.log.num = 0 (default)
2024-09-17 10:41:10,046 [EventQueue-PipelineReportForPipelineReportHandler] INFO  pipeline.PipelineReportHandler (PipelineReportHandler.java:processPipelineReport(136)) - Opened pipeline PipelineID=99964627-5e4e-4491-875f-8be6d7c8a7a2
2024-09-17 10:41:10,046 [EventQueue-OpenPipelineForHealthyPipelineSafeModeRule] INFO  safemode.SCMSafeModeManager (HealthyPipelineSafeModeRule.java:process(140)) - SCM in safe mode. Healthy pipelines reported count is 0, required healthy pipeline reported count is 1
2024-09-17 10:41:10,047 [c84c3cd8-1177-42bf-a027-8b47ada8137b-groupManagement] INFO  server.RaftServerConfigKeys (ConfUtils.java:logGet(46)) - raft.server.log.segment.size.max = 67108864 (custom)
2024-09-17 10:41:10,047 [c84c3cd8-1177-42bf-a027-8b47ada8137b-groupManagement] INFO  server.RaftServerConfigKeys (ConfUtils.java:logGet(46)) - raft.server.log.segment.cache.num.max = 2 (custom)
2024-09-17 10:41:10,047 [c84c3cd8-1177-42bf-a027-8b47ada8137b-groupManagement] INFO  server.RaftServerConfigKeys (ConfUtils.java:logGet(46)) - raft.server.log.segment.cache.size.max = 200MB (=209715200) (default)
2024-09-17 10:41:10,047 [c84c3cd8-1177-42bf-a027-8b47ada8137b-groupManagement] INFO  server.RaftServerConfigKeys (ConfUtils.java:logGet(46)) - raft.server.log.appender.buffer.byte-limit = 33554432 (custom)
2024-09-17 10:41:10,048 [c84c3cd8-1177-42bf-a027-8b47ada8137b-groupManagement] INFO  util.AwaitToRun (AwaitToRun.java:start(81)) - Thread[c84c3cd8-1177-42bf-a027-8b47ada8137b@group-8BE6D7C8A7A2-cacheEviction-AwaitToRun,5,main] started
2024-09-17 10:41:10,048 [c84c3cd8-1177-42bf-a027-8b47ada8137b-groupManagement] INFO  segmented.SegmentedRaftLogWorker (SegmentedRaftLogWorker.java:<init>(184)) - new c84c3cd8-1177-42bf-a027-8b47ada8137b@group-8BE6D7C8A7A2-SegmentedRaftLogWorker for RaftStorageImpl:Storage Directory /home/runner/work/ozone/ozone/hadoop-ozone/integration-test/target/test-dir/MiniOzoneClusterImpl-90660ac4-7e9c-448b-98ea-af4f808cf8d9/ozone-meta/datanode-3/ratis/99964627-5e4e-4491-875f-8be6d7c8a7a2
2024-09-17 10:41:10,048 [c84c3cd8-1177-42bf-a027-8b47ada8137b-groupManagement] INFO  server.RaftServerConfigKeys (ConfUtils.java:logGet(46)) - raft.server.log.queue.byte-limit = 4294967296 (custom)
2024-09-17 10:41:10,048 [c84c3cd8-1177-42bf-a027-8b47ada8137b-groupManagement] INFO  server.RaftServerConfigKeys (ConfUtils.java:logGet(46)) - raft.server.log.queue.element-limit = 1024 (custom)
2024-09-17 10:41:10,048 [c84c3cd8-1177-42bf-a027-8b47ada8137b-groupManagement] INFO  server.RaftServerConfigKeys (ConfUtils.java:logGet(46)) - raft.server.log.segment.size.max = 67108864 (custom)
2024-09-17 10:41:10,048 [c84c3cd8-1177-42bf-a027-8b47ada8137b-groupManagement] INFO  server.RaftServerConfigKeys (ConfUtils.java:logGet(46)) - raft.server.log.preallocated.size = 4194304 (custom)
2024-09-17 10:41:10,048 [c84c3cd8-1177-42bf-a027-8b47ada8137b-groupManagement] INFO  server.RaftServerConfigKeys (ConfUtils.java:logGet(46)) - raft.server.log.force.sync.num = 128 (default)
2024-09-17 10:41:10,048 [c84c3cd8-1177-42bf-a027-8b47ada8137b-groupManagement] INFO  server.RaftServerConfigKeys (ConfUtils.java:logGet(46)) - raft.server.log.statemachine.data.sync = true (default)
2024-09-17 10:41:10,048 [c84c3cd8-1177-42bf-a027-8b47ada8137b-groupManagement] INFO  server.RaftServerConfigKeys (ConfUtils.java:logGet(46)) - raft.server.log.statemachine.data.sync.timeout = 10s (default)
2024-09-17 10:41:10,048 [c84c3cd8-1177-42bf-a027-8b47ada8137b-groupManagement] INFO  server.RaftServerConfigKeys (ConfUtils.java:logGet(46)) - raft.server.log.statemachine.data.sync.timeout.retry = 30 (custom)
2024-09-17 10:41:10,048 [c84c3cd8-1177-42bf-a027-8b47ada8137b-groupManagement] INFO  server.RaftServerConfigKeys (ConfUtils.java:logGet(46)) - raft.server.log.write.buffer.size = 33554440 (custom)
2024-09-17 10:41:10,053 [c84c3cd8-1177-42bf-a027-8b47ada8137b-groupManagement] INFO  server.RaftServerConfigKeys (ConfUtils.java:logGet(46)) - raft.server.log.appender.buffer.byte-limit = 33554432 (custom)
2024-09-17 10:41:10,053 [c84c3cd8-1177-42bf-a027-8b47ada8137b-groupManagement] INFO  server.RaftServerConfigKeys (ConfUtils.java:logGet(46)) - raft.server.log.unsafe-flush.enabled = false (default)
2024-09-17 10:41:10,053 [c84c3cd8-1177-42bf-a027-8b47ada8137b-groupManagement] INFO  server.RaftServerConfigKeys (ConfUtils.java:logGet(46)) - raft.server.log.async-flush.enabled = false (default)
2024-09-17 10:41:10,053 [c84c3cd8-1177-42bf-a027-8b47ada8137b-groupManagement] INFO  server.RaftServerConfigKeys (ConfUtils.java:logGet(46)) - raft.server.log.statemachine.data.caching.enabled = true (custom)
2024-09-17 10:41:10,053 [c84c3cd8-1177-42bf-a027-8b47ada8137b-groupManagement] INFO  segmented.SegmentedRaftLogWorker (SegmentedRaftLogWorker.java:lambda$new$0(135)) - c84c3cd8-1177-42bf-a027-8b47ada8137b@group-8BE6D7C8A7A2-SegmentedRaftLogWorker: flushIndex: setUnconditionally 0 -> -1
2024-09-17 10:41:10,053 [c84c3cd8-1177-42bf-a027-8b47ada8137b-groupManagement] INFO  segmented.SegmentedRaftLogWorker (SegmentedRaftLogWorker.java:lambda$new$0(135)) - c84c3cd8-1177-42bf-a027-8b47ada8137b@group-8BE6D7C8A7A2-SegmentedRaftLogWorker: safeCacheEvictIndex: setUnconditionally 0 -> -1
2024-09-17 10:41:10,054 [c84c3cd8-1177-42bf-a027-8b47ada8137b-groupManagement] INFO  server.RaftServer$Division (RaftServerImpl.java:start(389)) - c84c3cd8-1177-42bf-a027-8b47ada8137b@group-8BE6D7C8A7A2: start as a follower, conf=conf: {index: -1, cur=peers:[c84c3cd8-1177-42bf-a027-8b47ada8137b|127.0.0.1:15124]|listeners:[], old=null}
2024-09-17 10:41:10,054 [c84c3cd8-1177-42bf-a027-8b47ada8137b-groupManagement] INFO  server.RaftServer$Division (RaftServerImpl.java:setRole(376)) - c84c3cd8-1177-42bf-a027-8b47ada8137b@group-8BE6D7C8A7A2: changes role from      null to FOLLOWER at term 0 for startAsFollower
2024-09-17 10:41:10,054 [c84c3cd8-1177-42bf-a027-8b47ada8137b-groupManagement] INFO  impl.RoleInfo (RoleInfo.java:updateAndGet(148)) - c84c3cd8-1177-42bf-a027-8b47ada8137b: start c84c3cd8-1177-42bf-a027-8b47ada8137b@group-8BE6D7C8A7A2-FollowerState
2024-09-17 10:41:10,054 [c84c3cd8-1177-42bf-a027-8b47ada8137b-groupManagement] INFO  util.JmxRegister (JmxRegister.java:tryRegister(44)) - Successfully registered JMX Bean with object name Ratis:service=RaftServer,group=group-8BE6D7C8A7A2,id=c84c3cd8-1177-42bf-a027-8b47ada8137b
2024-09-17 10:41:10,054 [c84c3cd8-1177-42bf-a027-8b47ada8137b-groupManagement] INFO  util.JmxRegister (JmxRegister.java:register(58)) - register mxBean class org.apache.ratis.server.impl.RaftServerJmxAdapter as Ratis:service=RaftServer,group=group-8BE6D7C8A7A2,id=c84c3cd8-1177-42bf-a027-8b47ada8137b
2024-09-17 10:41:10,054 [c84c3cd8-1177-42bf-a027-8b47ada8137b-groupManagement] INFO  server.RaftServerConfigKeys (ConfUtils.java:logGet(46)) - raft.server.snapshot.trigger-when-stop.enabled = true (default)
2024-09-17 10:41:10,054 [c84c3cd8-1177-42bf-a027-8b47ada8137b-groupManagement] INFO  server.RaftServerConfigKeys (ConfUtils.java:logGet(46)) - raft.server.snapshot.trigger-when-remove.enabled = true (default)
2024-09-17 10:41:10,054 [c84c3cd8-1177-42bf-a027-8b47ada8137b-groupManagement] INFO  server.RaftServerConfigKeys (ConfUtils.java:logGet(46)) - raft.server.snapshot.auto.trigger.enabled = true (custom)
2024-09-17 10:41:10,054 [c84c3cd8-1177-42bf-a027-8b47ada8137b-groupManagement] INFO  server.RaftServerConfigKeys (ConfUtils.java:logGet(46)) - raft.server.snapshot.auto.trigger.threshold = 10000 (custom)
2024-09-17 10:41:10,054 [c84c3cd8-1177-42bf-a027-8b47ada8137b-groupManagement] INFO  server.RaftServerConfigKeys (ConfUtils.java:logGet(46)) - raft.server.snapshot.retention.file.num = 5 (custom)
2024-09-17 10:41:10,054 [c84c3cd8-1177-42bf-a027-8b47ada8137b-groupManagement] INFO  server.RaftServerConfigKeys (ConfUtils.java:logGet(46)) - raft.server.log.purge.upto.snapshot.index = false (default)
2024-09-17 10:41:10,054 [c84c3cd8-1177-42bf-a027-8b47ada8137b@group-8BE6D7C8A7A2-FollowerState] INFO  server.RaftServerConfigKeys (ConfUtils.java:logFallback(53)) - raft.server.rpc.first-election.timeout.min = 5s (fallback to raft.server.rpc.timeout.min)
2024-09-17 10:41:10,055 [c84c3cd8-1177-42bf-a027-8b47ada8137b@group-8BE6D7C8A7A2-FollowerState] INFO  server.RaftServerConfigKeys (ConfUtils.java:logFallback(53)) - raft.server.rpc.first-election.timeout.max = 5200ms (fallback to raft.server.rpc.timeout.max)
2024-09-17 10:41:10,055 [c84c3cd8-1177-42bf-a027-8b47ada8137b-PipelineCommandHandlerThread-0] INFO  ratis.XceiverServerRatis (XceiverServerRatis.java:addGroup(849)) - Created group PipelineID=99964627-5e4e-4491-875f-8be6d7c8a7a2
2024-09-17 10:41:10,055 [c84c3cd8-1177-42bf-a027-8b47ada8137b-PipelineCommandHandlerThread-0] INFO  commandhandler.CreatePipelineCommandHandler (CreatePipelineCommandHandler.java:lambda$handle$2(124)) - Created Pipeline RATIS ONE PipelineID=99964627-5e4e-4491-875f-8be6d7c8a7a2.
2024-09-17 10:41:11,039 [main] INFO  ozone.MiniOzoneClusterImpl (MiniOzoneClusterImpl.java:lambda$waitForClusterToBeReady$0(198)) - Nodes are ready. Got 3 of 3 DN Heartbeats.
2024-09-17 10:41:11,040 [main] INFO  ozone.MiniOzoneClusterImpl (MiniOzoneClusterImpl.java:lambda$waitForClusterToBeReady$0(201)) - Waiting for cluster to exit safe mode
2024-09-17 10:41:11,040 [main] INFO  ozone.MiniOzoneClusterImpl (MiniOzoneClusterImpl.java:lambda$waitForClusterToBeReady$0(203)) - SCM became leader
2024-09-17 10:41:12,040 [main] INFO  ozone.MiniOzoneClusterImpl (MiniOzoneClusterImpl.java:lambda$waitForClusterToBeReady$0(198)) - Nodes are ready. Got 3 of 3 DN Heartbeats.
2024-09-17 10:41:12,040 [main] INFO  ozone.MiniOzoneClusterImpl (MiniOzoneClusterImpl.java:lambda$waitForClusterToBeReady$0(201)) - Waiting for cluster to exit safe mode
2024-09-17 10:41:12,040 [main] INFO  ozone.MiniOzoneClusterImpl (MiniOzoneClusterImpl.java:lambda$waitForClusterToBeReady$0(203)) - SCM became leader
2024-09-17 10:41:12,578 [timer0] WARN  server.GrpcLogAppender (GrpcLogAppender.java:lambda$resetClient$1(221)) - omNode-1@group-523986131536->omNode-3-GrpcLogAppender: Follower failed (request=null, errorCount=28); keep nextIndex (1) unchanged and retry. (Repeated 10 times in the last 5.000s)
2024-09-17 10:41:12,579 [timer7] WARN  server.GrpcLogAppender (LogUtils.java:warn(121)) - omNode-1@group-523986131536->omNode-3-AppendLogResponseHandler: Failed appendEntries (Repeated 10 times in the last 5.001s): org.apache.ratis.thirdparty.io.grpc.StatusRuntimeException: UNAVAILABLE: io exception
2024-09-17 10:41:13,040 [main] INFO  ozone.MiniOzoneClusterImpl (MiniOzoneClusterImpl.java:lambda$waitForClusterToBeReady$0(198)) - Nodes are ready. Got 3 of 3 DN Heartbeats.
2024-09-17 10:41:13,041 [main] INFO  ozone.MiniOzoneClusterImpl (MiniOzoneClusterImpl.java:lambda$waitForClusterToBeReady$0(201)) - Waiting for cluster to exit safe mode
2024-09-17 10:41:13,041 [main] INFO  ozone.MiniOzoneClusterImpl (MiniOzoneClusterImpl.java:lambda$waitForClusterToBeReady$0(203)) - SCM became leader
2024-09-17 10:41:13,159 [grpc-default-executor-3] WARN  server.GrpcLogAppender (LogUtils.java:warn(121)) - omNode-1@group-523986131536->omNode-3-AppendLogResponseHandler: Failed appendEntries: org.apache.ratis.thirdparty.io.grpc.StatusRuntimeException: UNAVAILABLE: io exception
2024-09-17 10:41:13,160 [grpc-default-executor-4] WARN  server.GrpcLogAppender (GrpcLogAppender.java:lambda$resetClient$1(221)) - omNode-1@group-523986131536->omNode-3-GrpcLogAppender: Follower failed (request=null, errorCount=29); keep nextIndex (1) unchanged and retry.
2024-09-17 10:41:14,041 [main] INFO  ozone.MiniOzoneClusterImpl (MiniOzoneClusterImpl.java:lambda$waitForClusterToBeReady$0(198)) - Nodes are ready. Got 3 of 3 DN Heartbeats.
2024-09-17 10:41:14,041 [main] INFO  ozone.MiniOzoneClusterImpl (MiniOzoneClusterImpl.java:lambda$waitForClusterToBeReady$0(201)) - Waiting for cluster to exit safe mode
2024-09-17 10:41:14,041 [main] INFO  ozone.MiniOzoneClusterImpl (MiniOzoneClusterImpl.java:lambda$waitForClusterToBeReady$0(203)) - SCM became leader
2024-09-17 10:41:14,552 [eb256187-4e2b-429a-8dc2-6eca9b88007e@group-9116C400858E-FollowerState] INFO  impl.FollowerState (FollowerState.java:run(144)) - eb256187-4e2b-429a-8dc2-6eca9b88007e@group-9116C400858E-FollowerState: change to CANDIDATE, lastRpcElapsedTime:5000396546ns, electionTimeout:5000ms
2024-09-17 10:41:14,552 [eb256187-4e2b-429a-8dc2-6eca9b88007e@group-9116C400858E-FollowerState] INFO  impl.RoleInfo (RoleInfo.java:shutdownFollowerState(119)) - eb256187-4e2b-429a-8dc2-6eca9b88007e: shutdown eb256187-4e2b-429a-8dc2-6eca9b88007e@group-9116C400858E-FollowerState
2024-09-17 10:41:14,552 [eb256187-4e2b-429a-8dc2-6eca9b88007e@group-9116C400858E-FollowerState] INFO  server.RaftServer$Division (RaftServerImpl.java:setRole(376)) - eb256187-4e2b-429a-8dc2-6eca9b88007e@group-9116C400858E: changes role from  FOLLOWER to CANDIDATE at term 0 for changeToCandidate
2024-09-17 10:41:14,552 [eb256187-4e2b-429a-8dc2-6eca9b88007e@group-9116C400858E-FollowerState] INFO  server.RaftServerConfigKeys (ConfUtils.java:logGet(46)) - raft.server.leaderelection.pre-vote = true (default)
2024-09-17 10:41:14,552 [eb256187-4e2b-429a-8dc2-6eca9b88007e@group-9116C400858E-FollowerState] INFO  impl.RoleInfo (RoleInfo.java:updateAndGet(148)) - eb256187-4e2b-429a-8dc2-6eca9b88007e: start eb256187-4e2b-429a-8dc2-6eca9b88007e@group-9116C400858E-LeaderElection29
2024-09-17 10:41:14,553 [eb256187-4e2b-429a-8dc2-6eca9b88007e@group-9116C400858E-LeaderElection29] INFO  impl.LeaderElection (LeaderElection.java:askForVotes(321)) - eb256187-4e2b-429a-8dc2-6eca9b88007e@group-9116C400858E-LeaderElection29 PRE_VOTE round 0: submit vote requests at term 0 for conf: {index: -1, cur=peers:[eb256187-4e2b-429a-8dc2-6eca9b88007e|127.0.0.1:15115, c84c3cd8-1177-42bf-a027-8b47ada8137b|127.0.0.1:15124, 53457c10-51b1-485d-b312-794085cbc7f1|127.0.0.1:15106]|listeners:[], old=null}
2024-09-17 10:41:14,553 [eb256187-4e2b-429a-8dc2-6eca9b88007e@group-9116C400858E-LeaderElection29-1] INFO  server.GrpcServerProtocolClient (GrpcServerProtocolClient.java:<init>(65)) - Build channel for c84c3cd8-1177-42bf-a027-8b47ada8137b|127.0.0.1:15124
2024-09-17 10:41:14,553 [eb256187-4e2b-429a-8dc2-6eca9b88007e@group-9116C400858E-LeaderElection29-2] INFO  server.GrpcServerProtocolClient (GrpcServerProtocolClient.java:<init>(65)) - Build channel for 53457c10-51b1-485d-b312-794085cbc7f1|127.0.0.1:15106
2024-09-17 10:41:14,553 [eb256187-4e2b-429a-8dc2-6eca9b88007e@group-9116C400858E-LeaderElection29] INFO  server.RaftServerConfigKeys (ConfUtils.java:logFallback(53)) - raft.server.rpc.first-election.timeout.min = 5s (fallback to raft.server.rpc.timeout.min)
2024-09-17 10:41:14,554 [eb256187-4e2b-429a-8dc2-6eca9b88007e@group-9116C400858E-LeaderElection29] INFO  server.RaftServerConfigKeys (ConfUtils.java:logFallback(53)) - raft.server.rpc.first-election.timeout.max = 5200ms (fallback to raft.server.rpc.timeout.max)
2024-09-17 10:41:14,557 [grpc-default-executor-3] INFO  server.RaftServer$Division (RaftServerImpl.java:requestVote(1416)) - 53457c10-51b1-485d-b312-794085cbc7f1@group-9116C400858E: receive requestVote(PRE_VOTE, eb256187-4e2b-429a-8dc2-6eca9b88007e, group-9116C400858E, 0, (t:0, i:0))
2024-09-17 10:41:14,557 [grpc-default-executor-4] INFO  server.RaftServer$Division (RaftServerImpl.java:requestVote(1416)) - c84c3cd8-1177-42bf-a027-8b47ada8137b@group-9116C400858E: receive requestVote(PRE_VOTE, eb256187-4e2b-429a-8dc2-6eca9b88007e, group-9116C400858E, 0, (t:0, i:0))
2024-09-17 10:41:14,557 [grpc-default-executor-3] INFO  impl.VoteContext (VoteContext.java:log(49)) - 53457c10-51b1-485d-b312-794085cbc7f1@group-9116C400858E-FOLLOWER: reject PRE_VOTE from eb256187-4e2b-429a-8dc2-6eca9b88007e: our priority 1 > candidate's priority 0
2024-09-17 10:41:14,557 [grpc-default-executor-4] INFO  impl.VoteContext (VoteContext.java:log(49)) - c84c3cd8-1177-42bf-a027-8b47ada8137b@group-9116C400858E-FOLLOWER: accept PRE_VOTE from eb256187-4e2b-429a-8dc2-6eca9b88007e: our priority 0 <= candidate's priority 0
2024-09-17 10:41:14,557 [grpc-default-executor-4] INFO  server.RaftServer$Division (RaftServerImpl.java:requestVote(1449)) - c84c3cd8-1177-42bf-a027-8b47ada8137b@group-9116C400858E replies to PRE_VOTE vote request: eb256187-4e2b-429a-8dc2-6eca9b88007e<-c84c3cd8-1177-42bf-a027-8b47ada8137b#0:OK-t0. Peer's state: c84c3cd8-1177-42bf-a027-8b47ada8137b@group-9116C400858E:t0, leader=null, voted=, raftlog=Memoized:c84c3cd8-1177-42bf-a027-8b47ada8137b@group-9116C400858E-SegmentedRaftLog:OPENED:c-1:lastnull, conf=conf: {index: -1, cur=peers:[eb256187-4e2b-429a-8dc2-6eca9b88007e|127.0.0.1:15115, c84c3cd8-1177-42bf-a027-8b47ada8137b|127.0.0.1:15124, 53457c10-51b1-485d-b312-794085cbc7f1|127.0.0.1:15106]|listeners:[], old=null}
2024-09-17 10:41:14,557 [grpc-default-executor-3] INFO  server.RaftServer$Division (RaftServerImpl.java:requestVote(1449)) - 53457c10-51b1-485d-b312-794085cbc7f1@group-9116C400858E replies to PRE_VOTE vote request: eb256187-4e2b-429a-8dc2-6eca9b88007e<-53457c10-51b1-485d-b312-794085cbc7f1#0:FAIL-t0. Peer's state: 53457c10-51b1-485d-b312-794085cbc7f1@group-9116C400858E:t0, leader=null, voted=, raftlog=Memoized:53457c10-51b1-485d-b312-794085cbc7f1@group-9116C400858E-SegmentedRaftLog:OPENED:c-1:lastnull, conf=conf: {index: -1, cur=peers:[eb256187-4e2b-429a-8dc2-6eca9b88007e|127.0.0.1:15115, c84c3cd8-1177-42bf-a027-8b47ada8137b|127.0.0.1:15124, 53457c10-51b1-485d-b312-794085cbc7f1|127.0.0.1:15106]|listeners:[], old=null}
2024-09-17 10:41:14,558 [eb256187-4e2b-429a-8dc2-6eca9b88007e@group-9116C400858E-LeaderElection29] INFO  impl.LeaderElection (LeaderElection.java:logAndReturn(89)) - eb256187-4e2b-429a-8dc2-6eca9b88007e@group-9116C400858E-LeaderElection29: PRE_VOTE REJECTED received 2 response(s) and 0 exception(s):
2024-09-17 10:41:14,558 [eb256187-4e2b-429a-8dc2-6eca9b88007e@group-9116C400858E-LeaderElection29] INFO  impl.LeaderElection (LeaderElection.java:logAndReturn(93)) -   Response 0: eb256187-4e2b-429a-8dc2-6eca9b88007e<-c84c3cd8-1177-42bf-a027-8b47ada8137b#0:OK-t0
2024-09-17 10:41:14,558 [eb256187-4e2b-429a-8dc2-6eca9b88007e@group-9116C400858E-LeaderElection29] INFO  impl.LeaderElection (LeaderElection.java:logAndReturn(93)) -   Response 1: eb256187-4e2b-429a-8dc2-6eca9b88007e<-53457c10-51b1-485d-b312-794085cbc7f1#0:FAIL-t0
2024-09-17 10:41:14,558 [eb256187-4e2b-429a-8dc2-6eca9b88007e@group-9116C400858E-LeaderElection29] INFO  impl.LeaderElection (LeaderElection.java:askForVotes(323)) - eb256187-4e2b-429a-8dc2-6eca9b88007e@group-9116C400858E-LeaderElection29 PRE_VOTE round 0: result REJECTED
2024-09-17 10:41:14,558 [eb256187-4e2b-429a-8dc2-6eca9b88007e@group-9116C400858E-LeaderElection29] INFO  server.RaftServer$Division (RaftServerImpl.java:setRole(376)) - eb256187-4e2b-429a-8dc2-6eca9b88007e@group-9116C400858E: changes role from CANDIDATE to FOLLOWER at term 0 for REJECTED
2024-09-17 10:41:14,558 [eb256187-4e2b-429a-8dc2-6eca9b88007e@group-9116C400858E-LeaderElection29] INFO  impl.RoleInfo (RoleInfo.java:shutdownLeaderElection(139)) - eb256187-4e2b-429a-8dc2-6eca9b88007e: shutdown eb256187-4e2b-429a-8dc2-6eca9b88007e@group-9116C400858E-LeaderElection29
2024-09-17 10:41:14,558 [eb256187-4e2b-429a-8dc2-6eca9b88007e@group-9116C400858E-LeaderElection29] INFO  impl.RoleInfo (RoleInfo.java:updateAndGet(148)) - eb256187-4e2b-429a-8dc2-6eca9b88007e: start eb256187-4e2b-429a-8dc2-6eca9b88007e@group-9116C400858E-FollowerState
2024-09-17 10:41:14,558 [eb256187-4e2b-429a-8dc2-6eca9b88007e@group-9116C400858E-LeaderElection29] INFO  server.RaftServer$Division (RaftServerImpl.java:setFirstElection(549)) - eb256187-4e2b-429a-8dc2-6eca9b88007e@group-9116C400858E: set firstElectionSinceStartup to false for REJECTED
2024-09-17 10:41:14,559 [53457c10-51b1-485d-b312-794085cbc7f1@group-9116C400858E-FollowerState] INFO  impl.FollowerState (FollowerState.java:run(144)) - 53457c10-51b1-485d-b312-794085cbc7f1@group-9116C400858E-FollowerState: change to CANDIDATE, lastRpcElapsedTime:5029527809ns, electionTimeout:5029ms
2024-09-17 10:41:14,559 [53457c10-51b1-485d-b312-794085cbc7f1@group-9116C400858E-FollowerState] INFO  impl.RoleInfo (RoleInfo.java:shutdownFollowerState(119)) - 53457c10-51b1-485d-b312-794085cbc7f1: shutdown 53457c10-51b1-485d-b312-794085cbc7f1@group-9116C400858E-FollowerState
2024-09-17 10:41:14,559 [53457c10-51b1-485d-b312-794085cbc7f1@group-9116C400858E-FollowerState] INFO  server.RaftServer$Division (RaftServerImpl.java:setRole(376)) - 53457c10-51b1-485d-b312-794085cbc7f1@group-9116C400858E: changes role from  FOLLOWER to CANDIDATE at term 0 for changeToCandidate
2024-09-17 10:41:14,559 [53457c10-51b1-485d-b312-794085cbc7f1@group-9116C400858E-FollowerState] INFO  server.RaftServerConfigKeys (ConfUtils.java:logGet(46)) - raft.server.leaderelection.pre-vote = true (default)
2024-09-17 10:41:14,559 [53457c10-51b1-485d-b312-794085cbc7f1@group-9116C400858E-FollowerState] INFO  impl.RoleInfo (RoleInfo.java:updateAndGet(148)) - 53457c10-51b1-485d-b312-794085cbc7f1: start 53457c10-51b1-485d-b312-794085cbc7f1@group-9116C400858E-LeaderElection30
2024-09-17 10:41:14,559 [53457c10-51b1-485d-b312-794085cbc7f1@group-9116C400858E-LeaderElection30] INFO  impl.LeaderElection (LeaderElection.java:askForVotes(321)) - 53457c10-51b1-485d-b312-794085cbc7f1@group-9116C400858E-LeaderElection30 PRE_VOTE round 0: submit vote requests at term 0 for conf: {index: -1, cur=peers:[eb256187-4e2b-429a-8dc2-6eca9b88007e|127.0.0.1:15115, c84c3cd8-1177-42bf-a027-8b47ada8137b|127.0.0.1:15124, 53457c10-51b1-485d-b312-794085cbc7f1|127.0.0.1:15106]|listeners:[], old=null}
2024-09-17 10:41:14,559 [53457c10-51b1-485d-b312-794085cbc7f1@group-9116C400858E-LeaderElection30-1] INFO  server.GrpcServerProtocolClient (GrpcServerProtocolClient.java:<init>(65)) - Build channel for eb256187-4e2b-429a-8dc2-6eca9b88007e|127.0.0.1:15115
2024-09-17 10:41:14,559 [53457c10-51b1-485d-b312-794085cbc7f1@group-9116C400858E-LeaderElection30] INFO  server.RaftServerConfigKeys (ConfUtils.java:logFallback(53)) - raft.server.rpc.first-election.timeout.min = 5s (fallback to raft.server.rpc.timeout.min)
2024-09-17 10:41:14,559 [53457c10-51b1-485d-b312-794085cbc7f1@group-9116C400858E-LeaderElection30] INFO  server.RaftServerConfigKeys (ConfUtils.java:logFallback(53)) - raft.server.rpc.first-election.timeout.max = 5200ms (fallback to raft.server.rpc.timeout.max)
2024-09-17 10:41:14,559 [53457c10-51b1-485d-b312-794085cbc7f1@group-9116C400858E-LeaderElection30-2] INFO  server.GrpcServerProtocolClient (GrpcServerProtocolClient.java:<init>(65)) - Build channel for c84c3cd8-1177-42bf-a027-8b47ada8137b|127.0.0.1:15124
2024-09-17 10:41:14,562 [grpc-default-executor-4] INFO  server.RaftServer$Division (RaftServerImpl.java:requestVote(1416)) - c84c3cd8-1177-42bf-a027-8b47ada8137b@group-9116C400858E: receive requestVote(PRE_VOTE, 53457c10-51b1-485d-b312-794085cbc7f1, group-9116C400858E, 0, (t:0, i:0))
2024-09-17 10:41:14,562 [grpc-default-executor-4] INFO  impl.VoteContext (VoteContext.java:log(49)) - c84c3cd8-1177-42bf-a027-8b47ada8137b@group-9116C400858E-FOLLOWER: accept PRE_VOTE from 53457c10-51b1-485d-b312-794085cbc7f1: our priority 0 <= candidate's priority 1
2024-09-17 10:41:14,562 [grpc-default-executor-4] INFO  server.RaftServer$Division (RaftServerImpl.java:requestVote(1449)) - c84c3cd8-1177-42bf-a027-8b47ada8137b@group-9116C400858E replies to PRE_VOTE vote request: 53457c10-51b1-485d-b312-794085cbc7f1<-c84c3cd8-1177-42bf-a027-8b47ada8137b#0:OK-t0. Peer's state: c84c3cd8-1177-42bf-a027-8b47ada8137b@group-9116C400858E:t0, leader=null, voted=, raftlog=Memoized:c84c3cd8-1177-42bf-a027-8b47ada8137b@group-9116C400858E-SegmentedRaftLog:OPENED:c-1:lastnull, conf=conf: {index: -1, cur=peers:[eb256187-4e2b-429a-8dc2-6eca9b88007e|127.0.0.1:15115, c84c3cd8-1177-42bf-a027-8b47ada8137b|127.0.0.1:15124, 53457c10-51b1-485d-b312-794085cbc7f1|127.0.0.1:15106]|listeners:[], old=null}
2024-09-17 10:41:14,562 [grpc-default-executor-3] INFO  server.RaftServer$Division (RaftServerImpl.java:requestVote(1416)) - eb256187-4e2b-429a-8dc2-6eca9b88007e@group-9116C400858E: receive requestVote(PRE_VOTE, 53457c10-51b1-485d-b312-794085cbc7f1, group-9116C400858E, 0, (t:0, i:0))
2024-09-17 10:41:14,562 [grpc-default-executor-3] INFO  impl.VoteContext (VoteContext.java:log(49)) - eb256187-4e2b-429a-8dc2-6eca9b88007e@group-9116C400858E-FOLLOWER: accept PRE_VOTE from 53457c10-51b1-485d-b312-794085cbc7f1: our priority 0 <= candidate's priority 1
2024-09-17 10:41:14,562 [grpc-default-executor-3] INFO  server.RaftServer$Division (RaftServerImpl.java:requestVote(1449)) - eb256187-4e2b-429a-8dc2-6eca9b88007e@group-9116C400858E replies to PRE_VOTE vote request: 53457c10-51b1-485d-b312-794085cbc7f1<-eb256187-4e2b-429a-8dc2-6eca9b88007e#0:OK-t0. Peer's state: eb256187-4e2b-429a-8dc2-6eca9b88007e@group-9116C400858E:t0, leader=null, voted=, raftlog=Memoized:eb256187-4e2b-429a-8dc2-6eca9b88007e@group-9116C400858E-SegmentedRaftLog:OPENED:c-1:lastnull, conf=conf: {index: -1, cur=peers:[eb256187-4e2b-429a-8dc2-6eca9b88007e|127.0.0.1:15115, c84c3cd8-1177-42bf-a027-8b47ada8137b|127.0.0.1:15124, 53457c10-51b1-485d-b312-794085cbc7f1|127.0.0.1:15106]|listeners:[], old=null}
2024-09-17 10:41:14,563 [53457c10-51b1-485d-b312-794085cbc7f1@group-9116C400858E-LeaderElection30] INFO  impl.LeaderElection (LeaderElection.java:logAndReturn(89)) - 53457c10-51b1-485d-b312-794085cbc7f1@group-9116C400858E-LeaderElection30: PRE_VOTE PASSED received 1 response(s) and 0 exception(s):
2024-09-17 10:41:14,563 [53457c10-51b1-485d-b312-794085cbc7f1@group-9116C400858E-LeaderElection30] INFO  impl.LeaderElection (LeaderElection.java:logAndReturn(93)) -   Response 0: 53457c10-51b1-485d-b312-794085cbc7f1<-c84c3cd8-1177-42bf-a027-8b47ada8137b#0:OK-t0
2024-09-17 10:41:14,563 [53457c10-51b1-485d-b312-794085cbc7f1@group-9116C400858E-LeaderElection30] INFO  impl.LeaderElection (LeaderElection.java:askForVotes(323)) - 53457c10-51b1-485d-b312-794085cbc7f1@group-9116C400858E-LeaderElection30 PRE_VOTE round 0: result PASSED
2024-09-17 10:41:14,565 [53457c10-51b1-485d-b312-794085cbc7f1@group-9116C400858E-LeaderElection30] INFO  impl.LeaderElection (LeaderElection.java:askForVotes(321)) - 53457c10-51b1-485d-b312-794085cbc7f1@group-9116C400858E-LeaderElection30 ELECTION round 0: submit vote requests at term 1 for conf: {index: -1, cur=peers:[eb256187-4e2b-429a-8dc2-6eca9b88007e|127.0.0.1:15115, c84c3cd8-1177-42bf-a027-8b47ada8137b|127.0.0.1:15124, 53457c10-51b1-485d-b312-794085cbc7f1|127.0.0.1:15106]|listeners:[], old=null}
2024-09-17 10:41:14,565 [53457c10-51b1-485d-b312-794085cbc7f1@group-9116C400858E-LeaderElection30] INFO  server.RaftServerConfigKeys (ConfUtils.java:logFallback(53)) - raft.server.rpc.first-election.timeout.min = 5s (fallback to raft.server.rpc.timeout.min)
2024-09-17 10:41:14,565 [53457c10-51b1-485d-b312-794085cbc7f1@group-9116C400858E-LeaderElection30] INFO  server.RaftServerConfigKeys (ConfUtils.java:logFallback(53)) - raft.server.rpc.first-election.timeout.max = 5200ms (fallback to raft.server.rpc.timeout.max)
2024-09-17 10:41:14,565 [grpc-default-executor-3] INFO  server.RaftServer$Division (RaftServerImpl.java:requestVote(1416)) - eb256187-4e2b-429a-8dc2-6eca9b88007e@group-9116C400858E: receive requestVote(ELECTION, 53457c10-51b1-485d-b312-794085cbc7f1, group-9116C400858E, 1, (t:0, i:0))
2024-09-17 10:41:14,566 [grpc-default-executor-3] INFO  impl.VoteContext (VoteContext.java:log(49)) - eb256187-4e2b-429a-8dc2-6eca9b88007e@group-9116C400858E-FOLLOWER: accept ELECTION from 53457c10-51b1-485d-b312-794085cbc7f1: our priority 0 <= candidate's priority 1
2024-09-17 10:41:14,566 [grpc-default-executor-3] INFO  server.RaftServer$Division (RaftServerImpl.java:setRole(376)) - eb256187-4e2b-429a-8dc2-6eca9b88007e@group-9116C400858E: changes role from  FOLLOWER to FOLLOWER at term 1 for candidate:53457c10-51b1-485d-b312-794085cbc7f1
2024-09-17 10:41:14,566 [grpc-default-executor-3] INFO  impl.RoleInfo (RoleInfo.java:shutdownFollowerState(119)) - eb256187-4e2b-429a-8dc2-6eca9b88007e: shutdown eb256187-4e2b-429a-8dc2-6eca9b88007e@group-9116C400858E-FollowerState
2024-09-17 10:41:14,566 [grpc-default-executor-3] INFO  impl.RoleInfo (RoleInfo.java:updateAndGet(148)) - eb256187-4e2b-429a-8dc2-6eca9b88007e: start eb256187-4e2b-429a-8dc2-6eca9b88007e@group-9116C400858E-FollowerState
2024-09-17 10:41:14,566 [eb256187-4e2b-429a-8dc2-6eca9b88007e@group-9116C400858E-FollowerState] INFO  impl.FollowerState (FollowerState.java:run(153)) - eb256187-4e2b-429a-8dc2-6eca9b88007e@group-9116C400858E-FollowerState was interrupted
2024-09-17 10:41:14,566 [grpc-default-executor-4] INFO  server.RaftServer$Division (RaftServerImpl.java:requestVote(1416)) - c84c3cd8-1177-42bf-a027-8b47ada8137b@group-9116C400858E: receive requestVote(ELECTION, 53457c10-51b1-485d-b312-794085cbc7f1, group-9116C400858E, 1, (t:0, i:0))
2024-09-17 10:41:14,566 [grpc-default-executor-4] INFO  impl.VoteContext (VoteContext.java:log(49)) - c84c3cd8-1177-42bf-a027-8b47ada8137b@group-9116C400858E-FOLLOWER: accept ELECTION from 53457c10-51b1-485d-b312-794085cbc7f1: our priority 0 <= candidate's priority 1
2024-09-17 10:41:14,566 [grpc-default-executor-4] INFO  server.RaftServer$Division (RaftServerImpl.java:setRole(376)) - c84c3cd8-1177-42bf-a027-8b47ada8137b@group-9116C400858E: changes role from  FOLLOWER to FOLLOWER at term 1 for candidate:53457c10-51b1-485d-b312-794085cbc7f1
2024-09-17 10:41:14,567 [grpc-default-executor-4] INFO  impl.RoleInfo (RoleInfo.java:shutdownFollowerState(119)) - c84c3cd8-1177-42bf-a027-8b47ada8137b: shutdown c84c3cd8-1177-42bf-a027-8b47ada8137b@group-9116C400858E-FollowerState
2024-09-17 10:41:14,567 [grpc-default-executor-4] INFO  impl.RoleInfo (RoleInfo.java:updateAndGet(148)) - c84c3cd8-1177-42bf-a027-8b47ada8137b: start c84c3cd8-1177-42bf-a027-8b47ada8137b@group-9116C400858E-FollowerState
2024-09-17 10:41:14,567 [c84c3cd8-1177-42bf-a027-8b47ada8137b@group-9116C400858E-FollowerState] INFO  impl.FollowerState (FollowerState.java:run(153)) - c84c3cd8-1177-42bf-a027-8b47ada8137b@group-9116C400858E-FollowerState was interrupted
2024-09-17 10:41:14,567 [grpc-default-executor-4] INFO  server.RaftServer$Division (RaftServerImpl.java:setFirstElection(549)) - c84c3cd8-1177-42bf-a027-8b47ada8137b@group-9116C400858E: set firstElectionSinceStartup to false for candidate:53457c10-51b1-485d-b312-794085cbc7f1
2024-09-17 10:41:14,567 [grpc-default-executor-3] INFO  server.RaftServer$Division (RaftServerImpl.java:requestVote(1449)) - eb256187-4e2b-429a-8dc2-6eca9b88007e@group-9116C400858E replies to ELECTION vote request: 53457c10-51b1-485d-b312-794085cbc7f1<-eb256187-4e2b-429a-8dc2-6eca9b88007e#0:OK-t1. Peer's state: eb256187-4e2b-429a-8dc2-6eca9b88007e@group-9116C400858E:t1, leader=null, voted=53457c10-51b1-485d-b312-794085cbc7f1, raftlog=Memoized:eb256187-4e2b-429a-8dc2-6eca9b88007e@group-9116C400858E-SegmentedRaftLog:OPENED:c-1:lastnull, conf=conf: {index: -1, cur=peers:[eb256187-4e2b-429a-8dc2-6eca9b88007e|127.0.0.1:15115, c84c3cd8-1177-42bf-a027-8b47ada8137b|127.0.0.1:15124, 53457c10-51b1-485d-b312-794085cbc7f1|127.0.0.1:15106]|listeners:[], old=null}
2024-09-17 10:41:14,568 [53457c10-51b1-485d-b312-794085cbc7f1@group-9116C400858E-LeaderElection30] INFO  impl.LeaderElection (LeaderElection.java:logAndReturn(89)) - 53457c10-51b1-485d-b312-794085cbc7f1@group-9116C400858E-LeaderElection30: ELECTION PASSED received 1 response(s) and 0 exception(s):
2024-09-17 10:41:14,568 [53457c10-51b1-485d-b312-794085cbc7f1@group-9116C400858E-LeaderElection30] INFO  impl.LeaderElection (LeaderElection.java:logAndReturn(93)) -   Response 0: 53457c10-51b1-485d-b312-794085cbc7f1<-eb256187-4e2b-429a-8dc2-6eca9b88007e#0:OK-t1
2024-09-17 10:41:14,568 [53457c10-51b1-485d-b312-794085cbc7f1@group-9116C400858E-LeaderElection30] INFO  impl.LeaderElection (LeaderElection.java:askForVotes(323)) - 53457c10-51b1-485d-b312-794085cbc7f1@group-9116C400858E-LeaderElection30 ELECTION round 0: result PASSED
2024-09-17 10:41:14,568 [53457c10-51b1-485d-b312-794085cbc7f1@group-9116C400858E-LeaderElection30] INFO  impl.RoleInfo (RoleInfo.java:shutdownLeaderElection(139)) - 53457c10-51b1-485d-b312-794085cbc7f1: shutdown 53457c10-51b1-485d-b312-794085cbc7f1@group-9116C400858E-LeaderElection30
2024-09-17 10:41:14,568 [53457c10-51b1-485d-b312-794085cbc7f1@group-9116C400858E-LeaderElection30] INFO  server.RaftServer$Division (RaftServerImpl.java:setRole(376)) - 53457c10-51b1-485d-b312-794085cbc7f1@group-9116C400858E: changes role from CANDIDATE to LEADER at term 1 for changeToLeader
2024-09-17 10:41:14,568 [53457c10-51b1-485d-b312-794085cbc7f1@group-9116C400858E-LeaderElection30] INFO  server.RaftServerConfigKeys (ConfUtils.java:logGet(46)) - raft.server.staging.catchup.gap = 1000 (default)
2024-09-17 10:41:14,568 [53457c10-51b1-485d-b312-794085cbc7f1@group-9116C400858E-LeaderElection30] INFO  server.RaftServerConfigKeys (ConfUtils.java:logGet(46)) - raft.server.write.element-limit = 1024 (custom)
2024-09-17 10:41:14,568 [53457c10-51b1-485d-b312-794085cbc7f1@group-9116C400858E-LeaderElection30] INFO  server.RaftServerConfigKeys (ConfUtils.java:logGet(46)) - raft.server.write.byte-limit = 1024 M (=1073741824) (custom)
2024-09-17 10:41:14,568 [53457c10-51b1-485d-b312-794085cbc7f1@group-9116C400858E-LeaderElection30] INFO  server.RaftServerConfigKeys (ConfUtils.java:logGet(46)) - raft.server.watch.timeout = 30s (custom)
2024-09-17 10:41:14,568 [53457c10-51b1-485d-b312-794085cbc7f1@group-9116C400858E-LeaderElection30] INFO  server.RaftServerConfigKeys (ConfUtils.java:logGet(46)) - raft.server.watch.timeout.denomination = 1s (default)
2024-09-17 10:41:14,568 [53457c10-51b1-485d-b312-794085cbc7f1@group-9116C400858E-LeaderElection30] INFO  server.RaftServerConfigKeys (ConfUtils.java:logGet(46)) - raft.server.watch.element-limit = 65536 (default)
2024-09-17 10:41:14,569 [grpc-default-executor-4] INFO  server.RaftServer$Division (RaftServerImpl.java:requestVote(1449)) - c84c3cd8-1177-42bf-a027-8b47ada8137b@group-9116C400858E replies to ELECTION vote request: 53457c10-51b1-485d-b312-794085cbc7f1<-c84c3cd8-1177-42bf-a027-8b47ada8137b#0:OK-t1. Peer's state: c84c3cd8-1177-42bf-a027-8b47ada8137b@group-9116C400858E:t1, leader=null, voted=53457c10-51b1-485d-b312-794085cbc7f1, raftlog=Memoized:c84c3cd8-1177-42bf-a027-8b47ada8137b@group-9116C400858E-SegmentedRaftLog:OPENED:c-1:lastnull, conf=conf: {index: -1, cur=peers:[eb256187-4e2b-429a-8dc2-6eca9b88007e|127.0.0.1:15115, c84c3cd8-1177-42bf-a027-8b47ada8137b|127.0.0.1:15124, 53457c10-51b1-485d-b312-794085cbc7f1|127.0.0.1:15106]|listeners:[], old=null}
2024-09-17 10:41:14,569 [53457c10-51b1-485d-b312-794085cbc7f1@group-9116C400858E-LeaderElection30] INFO  server.RaftServerConfigKeys (ConfUtils.java:logGet(46)) - raft.server.read.leader.lease.enabled = false (default)
2024-09-17 10:41:14,569 [53457c10-51b1-485d-b312-794085cbc7f1@group-9116C400858E-LeaderElection30] INFO  server.RaftServerConfigKeys (ConfUtils.java:logGet(46)) - raft.server.read.leader.lease.timeout.ratio = 0.9 (default)
2024-09-17 10:41:14,569 [53457c10-51b1-485d-b312-794085cbc7f1@group-9116C400858E-LeaderElection30] INFO  server.RaftServerConfigKeys (ConfUtils.java:logGet(46)) - raft.server.rpc.timeout.min = 5s (custom)
2024-09-17 10:41:14,569 [53457c10-51b1-485d-b312-794085cbc7f1@group-9116C400858E-LeaderElection30] INFO  server.RaftServerConfigKeys (ConfUtils.java:logGet(46)) - raft.server.log.log-metadata.enabled = true (default)
2024-09-17 10:41:14,569 [53457c10-51b1-485d-b312-794085cbc7f1@group-9116C400858E-LeaderElection30] INFO  server.RaftServerConfigKeys (ConfUtils.java:logGet(46)) - raft.server.write.element-limit = 1024 (custom)
2024-09-17 10:41:14,569 [53457c10-51b1-485d-b312-794085cbc7f1@group-9116C400858E-LeaderElection30] INFO  server.RaftServerConfigKeys (ConfUtils.java:logGet(46)) - raft.server.write.follower.gap.ratio.max = -1.0 (default)
2024-09-17 10:41:14,570 [53457c10-51b1-485d-b312-794085cbc7f1@group-9116C400858E-LeaderElection30] INFO  server.RaftServerConfigKeys (ConfUtils.java:logGet(46)) - raft.server.log.appender.snapshot.chunk.size.max = 16MB (=16777216) (default)
2024-09-17 10:41:14,570 [53457c10-51b1-485d-b312-794085cbc7f1@group-9116C400858E-LeaderElection30] INFO  server.RaftServerConfigKeys (ConfUtils.java:logGet(46)) - raft.server.log.appender.buffer.byte-limit = 33554432 (custom)
2024-09-17 10:41:14,570 [53457c10-51b1-485d-b312-794085cbc7f1@group-9116C400858E-LeaderElection30] INFO  server.RaftServerConfigKeys (ConfUtils.java:logGet(46)) - raft.server.log.appender.buffer.element-limit = 1024 (custom)
2024-09-17 10:41:14,570 [53457c10-51b1-485d-b312-794085cbc7f1@group-9116C400858E-LeaderElection30] INFO  server.RaftServerConfigKeys (ConfUtils.java:logGet(46)) - raft.server.log.appender.wait-time.min = 0μs (custom)
2024-09-17 10:41:14,570 [53457c10-51b1-485d-b312-794085cbc7f1@group-9116C400858E-LeaderElection30] INFO  grpc.GrpcConfigKeys (ConfUtils.java:logGet(46)) - raft.grpc.server.leader.outstanding.appends.max = 8 (default)
2024-09-17 10:41:14,570 [53457c10-51b1-485d-b312-794085cbc7f1@group-9116C400858E-LeaderElection30] INFO  server.RaftServerConfigKeys (ConfUtils.java:logGet(46)) - raft.server.rpc.request.timeout = 60s (custom)
2024-09-17 10:41:14,570 [53457c10-51b1-485d-b312-794085cbc7f1@group-9116C400858E-LeaderElection30] INFO  grpc.GrpcConfigKeys (ConfUtils.java:logGet(46)) - raft.grpc.server.install_snapshot.request.element-limit = 8 (default)
2024-09-17 10:41:14,570 [53457c10-51b1-485d-b312-794085cbc7f1@group-9116C400858E-LeaderElection30] INFO  grpc.GrpcConfigKeys (ConfUtils.java:logGet(46)) - raft.grpc.server.install_snapshot.request.timeout = 3000ms (default)
2024-09-17 10:41:14,570 [53457c10-51b1-485d-b312-794085cbc7f1@group-9116C400858E-LeaderElection30] INFO  grpc.GrpcConfigKeys (ConfUtils.java:logGet(46)) - raft.grpc.server.log-message.batch.duration = 5s (default)
2024-09-17 10:41:14,570 [53457c10-51b1-485d-b312-794085cbc7f1@group-9116C400858E-LeaderElection30] INFO  server.RaftServerConfigKeys (ConfUtils.java:logGet(46)) - raft.server.log.appender.install.snapshot.enabled = false (custom)
2024-09-17 10:41:14,570 [53457c10-51b1-485d-b312-794085cbc7f1@group-9116C400858E-LeaderElection30] INFO  grpc.GrpcConfigKeys (ConfUtils.java:logGet(46)) - raft.grpc.server.heartbeat.channel = true (default)
2024-09-17 10:41:14,571 [53457c10-51b1-485d-b312-794085cbc7f1@group-9116C400858E-LeaderElection30] INFO  server.RaftServerConfigKeys (ConfUtils.java:logGet(46)) - raft.server.log.appender.snapshot.chunk.size.max = 16MB (=16777216) (default)
2024-09-17 10:41:14,571 [53457c10-51b1-485d-b312-794085cbc7f1@group-9116C400858E-LeaderElection30] INFO  server.RaftServerConfigKeys (ConfUtils.java:logGet(46)) - raft.server.log.appender.buffer.byte-limit = 33554432 (custom)
2024-09-17 10:41:14,571 [53457c10-51b1-485d-b312-794085cbc7f1@group-9116C400858E-LeaderElection30] INFO  server.RaftServerConfigKeys (ConfUtils.java:logGet(46)) - raft.server.log.appender.buffer.element-limit = 1024 (custom)
2024-09-17 10:41:14,571 [53457c10-51b1-485d-b312-794085cbc7f1@group-9116C400858E-LeaderElection30] INFO  server.RaftServerConfigKeys (ConfUtils.java:logGet(46)) - raft.server.log.appender.wait-time.min = 0μs (custom)
2024-09-17 10:41:14,571 [53457c10-51b1-485d-b312-794085cbc7f1@group-9116C400858E-LeaderElection30] INFO  grpc.GrpcConfigKeys (ConfUtils.java:logGet(46)) - raft.grpc.server.leader.outstanding.appends.max = 8 (default)
2024-09-17 10:41:14,571 [53457c10-51b1-485d-b312-794085cbc7f1@group-9116C400858E-LeaderElection30] INFO  server.RaftServerConfigKeys (ConfUtils.java:logGet(46)) - raft.server.rpc.request.timeout = 60s (custom)
2024-09-17 10:41:14,571 [53457c10-51b1-485d-b312-794085cbc7f1@group-9116C400858E-LeaderElection30] INFO  grpc.GrpcConfigKeys (ConfUtils.java:logGet(46)) - raft.grpc.server.install_snapshot.request.element-limit = 8 (default)
2024-09-17 10:41:14,571 [53457c10-51b1-485d-b312-794085cbc7f1@group-9116C400858E-LeaderElection30] INFO  grpc.GrpcConfigKeys (ConfUtils.java:logGet(46)) - raft.grpc.server.install_snapshot.request.timeout = 3000ms (default)
2024-09-17 10:41:14,571 [53457c10-51b1-485d-b312-794085cbc7f1@group-9116C400858E-LeaderElection30] INFO  grpc.GrpcConfigKeys (ConfUtils.java:logGet(46)) - raft.grpc.server.log-message.batch.duration = 5s (default)
2024-09-17 10:41:14,571 [53457c10-51b1-485d-b312-794085cbc7f1@group-9116C400858E-LeaderElection30] INFO  server.RaftServerConfigKeys (ConfUtils.java:logGet(46)) - raft.server.log.appender.install.snapshot.enabled = false (custom)
2024-09-17 10:41:14,571 [53457c10-51b1-485d-b312-794085cbc7f1@group-9116C400858E-LeaderElection30] INFO  grpc.GrpcConfigKeys (ConfUtils.java:logGet(46)) - raft.grpc.server.heartbeat.channel = true (default)
2024-09-17 10:41:14,572 [53457c10-51b1-485d-b312-794085cbc7f1@group-9116C400858E-LeaderElection30] INFO  impl.RoleInfo (RoleInfo.java:updateAndGet(148)) - 53457c10-51b1-485d-b312-794085cbc7f1: start 53457c10-51b1-485d-b312-794085cbc7f1@group-9116C400858E-LeaderStateImpl
2024-09-17 10:41:14,572 [53457c10-51b1-485d-b312-794085cbc7f1@group-9116C400858E-LeaderElection30] INFO  server.RaftServer$Division (RaftServerImpl.java:setFirstElection(549)) - 53457c10-51b1-485d-b312-794085cbc7f1@group-9116C400858E: set firstElectionSinceStartup to false for becomeLeader
2024-09-17 10:41:14,572 [53457c10-51b1-485d-b312-794085cbc7f1@group-9116C400858E-LeaderElection30] INFO  ratis.XceiverServerRatis (XceiverServerRatis.java:handleLeaderChangedNotification(950)) - Leader change notification received for group: group-9116C400858E with new leaderId: 53457c10-51b1-485d-b312-794085cbc7f1
2024-09-17 10:41:14,572 [53457c10-51b1-485d-b312-794085cbc7f1@group-9116C400858E-LeaderElection30] INFO  server.RaftServer$Division (ServerState.java:setLeader(272)) - 53457c10-51b1-485d-b312-794085cbc7f1@group-9116C400858E: change Leader from null to 53457c10-51b1-485d-b312-794085cbc7f1 at term 1 for becomeLeader, leader elected after 5059ms
2024-09-17 10:41:14,572 [53457c10-51b1-485d-b312-794085cbc7f1@group-9116C400858E-LeaderElection30] INFO  segmented.SegmentedRaftLogWorker (SegmentedRaftLogWorker.java:startLogSegment(433)) - 53457c10-51b1-485d-b312-794085cbc7f1@group-9116C400858E-SegmentedRaftLogWorker: Starting segment from index:0
2024-09-17 10:41:14,572 [53457c10-51b1-485d-b312-794085cbc7f1@group-9116C400858E-LeaderElection30] INFO  server.RaftServer$Division (ServerState.java:setRaftConf(386)) - 53457c10-51b1-485d-b312-794085cbc7f1@group-9116C400858E: set configuration conf: {index: 0, cur=peers:[eb256187-4e2b-429a-8dc2-6eca9b88007e|127.0.0.1:15115, c84c3cd8-1177-42bf-a027-8b47ada8137b|127.0.0.1:15124, 53457c10-51b1-485d-b312-794085cbc7f1|127.0.0.1:15106]|listeners:[], old=null}
2024-09-17 10:41:14,573 [53457c10-51b1-485d-b312-794085cbc7f1@group-9116C400858E-SegmentedRaftLogWorker] INFO  segmented.BufferedWriteChannel (BufferedWriteChannel.java:open(61)) - open log_inprogress_0 at position 0
2024-09-17 10:41:14,573 [EventQueue-PipelineReportForPipelineReportHandler] INFO  pipeline.PipelineReportHandler (PipelineReportHandler.java:processPipelineReport(136)) - Opened pipeline PipelineID=61c62403-558d-4de3-8722-9116c400858e
2024-09-17 10:41:14,573 [EventQueue-OpenPipelineForHealthyPipelineSafeModeRule] INFO  safemode.SCMSafeModeManager (HealthyPipelineSafeModeRule.java:process(140)) - SCM in safe mode. Healthy pipelines reported count is 1, required healthy pipeline reported count is 1
2024-09-17 10:41:14,574 [EventQueue-OpenPipelineForHealthyPipelineSafeModeRule] INFO  safemode.SCMSafeModeManager (SCMSafeModeManager.java:validateSafeModeExitRules(203)) - HealthyPipelineSafeModeRule rule is successfully validated
2024-09-17 10:41:14,574 [EventQueue-OpenPipelineForHealthyPipelineSafeModeRule] INFO  safemode.SCMSafeModeManager (SCMSafeModeManager.java:validateSafeModeExitRules(218)) - ScmSafeModeManager, all rules are successfully validated
2024-09-17 10:41:14,574 [EventQueue-OpenPipelineForHealthyPipelineSafeModeRule] INFO  safemode.SCMSafeModeManager (SCMSafeModeManager.java:exitSafeMode(248)) - SCM exiting safe mode.
2024-09-17 10:41:14,574 [EventQueue-OpenPipelineForHealthyPipelineSafeModeRule] INFO  ha.SCMContext (SCMContext.java:updateSafeModeStatus(225)) - Update SafeModeStatus from SafeModeStatus{safeModeStatus=true, preCheckPassed=true} to SafeModeStatus{safeModeStatus=false, preCheckPassed=true}.
2024-09-17 10:41:14,574 [EventQueue-OpenPipelineForHealthyPipelineSafeModeRule] INFO  pipeline.BackgroundPipelineCreator (BackgroundPipelineCreator.java:notifyStatusChanged(258)) - Service BackgroundPipelineCreator transitions to RUNNING.
2024-09-17 10:41:14,574 [EventQueue-OpenPipelineForHealthyPipelineSafeModeRule] INFO  BackgroundPipelineScrubber (BackgroundSCMService.java:notifyStatusChanged(79)) - Service BackgroundPipelineScrubber transitions to RUNNING.
2024-09-17 10:41:14,574 [EventQueue-OpenPipelineForHealthyPipelineSafeModeRule] INFO  ExpiredContainerReplicaOpScrubber (BackgroundSCMService.java:notifyStatusChanged(79)) - Service ExpiredContainerReplicaOpScrubber transitions to RUNNING.
2024-09-17 10:41:14,574 [EventQueue-OpenPipelineForHealthyPipelineSafeModeRule] INFO  block.SCMBlockDeletingService (SCMBlockDeletingService.java:notifyStatusChanged(247)) - notifyStatusChanged:RUNNING
2024-09-17 10:41:14,574 [EventQueue-OpenPipelineForHealthyPipelineSafeModeRule] INFO  replication.ReplicationManager (ReplicationManager.java:notifyStatusChanged(1406)) - Service ReplicationManager transitions to RUNNING.
2024-09-17 10:41:14,574 [EventQueue-OpenPipelineForHealthyPipelineSafeModeRule] WARN  balancer.ContainerBalancer (ContainerBalancer.java:shouldRun(136)) - Could not find persisted configuration for ContainerBalancer when checking if ContainerBalancer should run. ContainerBalancer should not run now.
2024-09-17 10:41:14,582 [53457c10-51b1-485d-b312-794085cbc7f1@group-87673AA3395C-FollowerState] INFO  impl.FollowerState (FollowerState.java:run(144)) - 53457c10-51b1-485d-b312-794085cbc7f1@group-87673AA3395C-FollowerState: change to CANDIDATE, lastRpcElapsedTime:5073290257ns, electionTimeout:5072ms
2024-09-17 10:41:14,582 [53457c10-51b1-485d-b312-794085cbc7f1@group-87673AA3395C-FollowerState] INFO  impl.RoleInfo (RoleInfo.java:shutdownFollowerState(119)) - 53457c10-51b1-485d-b312-794085cbc7f1: shutdown 53457c10-51b1-485d-b312-794085cbc7f1@group-87673AA3395C-FollowerState
2024-09-17 10:41:14,582 [53457c10-51b1-485d-b312-794085cbc7f1@group-87673AA3395C-FollowerState] INFO  server.RaftServer$Division (RaftServerImpl.java:setRole(376)) - 53457c10-51b1-485d-b312-794085cbc7f1@group-87673AA3395C: changes role from  FOLLOWER to CANDIDATE at term 0 for changeToCandidate
2024-09-17 10:41:14,582 [53457c10-51b1-485d-b312-794085cbc7f1@group-87673AA3395C-FollowerState] INFO  server.RaftServerConfigKeys (ConfUtils.java:logGet(46)) - raft.server.leaderelection.pre-vote = true (default)
2024-09-17 10:41:14,582 [53457c10-51b1-485d-b312-794085cbc7f1@group-87673AA3395C-FollowerState] INFO  impl.RoleInfo (RoleInfo.java:updateAndGet(148)) - 53457c10-51b1-485d-b312-794085cbc7f1: start 53457c10-51b1-485d-b312-794085cbc7f1@group-87673AA3395C-LeaderElection31
2024-09-17 10:41:14,584 [53457c10-51b1-485d-b312-794085cbc7f1@group-9116C400858E-SegmentedRaftLogWorker] INFO  segmented.SegmentedRaftLogWorker (SegmentedRaftLogWorker.java:execute(637)) - 53457c10-51b1-485d-b312-794085cbc7f1@group-9116C400858E-SegmentedRaftLogWorker: created new log segment /home/runner/work/ozone/ozone/hadoop-ozone/integration-test/target/test-dir/MiniOzoneClusterImpl-90660ac4-7e9c-448b-98ea-af4f808cf8d9/ozone-meta/datanode-1/ratis/61c62403-558d-4de3-8722-9116c400858e/current/log_inprogress_0
2024-09-17 10:41:14,589 [eb256187-4e2b-429a-8dc2-6eca9b88007e-server-thread1] INFO  ratis.XceiverServerRatis (XceiverServerRatis.java:handleLeaderChangedNotification(950)) - Leader change notification received for group: group-9116C400858E with new leaderId: 53457c10-51b1-485d-b312-794085cbc7f1
2024-09-17 10:41:14,589 [eb256187-4e2b-429a-8dc2-6eca9b88007e-server-thread1] INFO  server.RaftServer$Division (ServerState.java:setLeader(272)) - eb256187-4e2b-429a-8dc2-6eca9b88007e@group-9116C400858E: change Leader from null to 53457c10-51b1-485d-b312-794085cbc7f1 at term 1 for appendEntries, leader elected after 5052ms
2024-09-17 10:41:14,590 [eb256187-4e2b-429a-8dc2-6eca9b88007e-server-thread2] INFO  server.RaftServer$Division (ServerState.java:setRaftConf(386)) - eb256187-4e2b-429a-8dc2-6eca9b88007e@group-9116C400858E: set configuration conf: {index: 0, cur=peers:[eb256187-4e2b-429a-8dc2-6eca9b88007e|127.0.0.1:15115, c84c3cd8-1177-42bf-a027-8b47ada8137b|127.0.0.1:15124, 53457c10-51b1-485d-b312-794085cbc7f1|127.0.0.1:15106]|listeners:[], old=null}
2024-09-17 10:41:14,590 [eb256187-4e2b-429a-8dc2-6eca9b88007e-server-thread2] INFO  segmented.SegmentedRaftLogWorker (SegmentedRaftLogWorker.java:startLogSegment(433)) - eb256187-4e2b-429a-8dc2-6eca9b88007e@group-9116C400858E-SegmentedRaftLogWorker: Starting segment from index:0
2024-09-17 10:41:14,590 [eb256187-4e2b-429a-8dc2-6eca9b88007e@group-9116C400858E-SegmentedRaftLogWorker] INFO  segmented.BufferedWriteChannel (BufferedWriteChannel.java:open(61)) - open log_inprogress_0 at position 0
2024-09-17 10:41:14,592 [53457c10-51b1-485d-b312-794085cbc7f1@group-87673AA3395C-LeaderElection31] INFO  impl.LeaderElection (LeaderElection.java:askForVotes(321)) - 53457c10-51b1-485d-b312-794085cbc7f1@group-87673AA3395C-LeaderElection31 PRE_VOTE round 0: submit vote requests at term 0 for conf: {index: -1, cur=peers:[53457c10-51b1-485d-b312-794085cbc7f1|127.0.0.1:15106]|listeners:[], old=null}
2024-09-17 10:41:14,592 [53457c10-51b1-485d-b312-794085cbc7f1@group-87673AA3395C-LeaderElection31] INFO  impl.LeaderElection (LeaderElection.java:askForVotes(323)) - 53457c10-51b1-485d-b312-794085cbc7f1@group-87673AA3395C-LeaderElection31 PRE_VOTE round 0: result PASSED (term=0)
2024-09-17 10:41:14,593 [53457c10-51b1-485d-b312-794085cbc7f1@group-87673AA3395C-LeaderElection31] INFO  impl.LeaderElection (LeaderElection.java:askForVotes(321)) - 53457c10-51b1-485d-b312-794085cbc7f1@group-87673AA3395C-LeaderElection31 ELECTION round 0: submit vote requests at term 1 for conf: {index: -1, cur=peers:[53457c10-51b1-485d-b312-794085cbc7f1|127.0.0.1:15106]|listeners:[], old=null}
2024-09-17 10:41:14,593 [53457c10-51b1-485d-b312-794085cbc7f1@group-87673AA3395C-LeaderElection31] INFO  impl.LeaderElection (LeaderElection.java:askForVotes(323)) - 53457c10-51b1-485d-b312-794085cbc7f1@group-87673AA3395C-LeaderElection31 ELECTION round 0: result PASSED (term=1)
2024-09-17 10:41:14,593 [53457c10-51b1-485d-b312-794085cbc7f1@group-87673AA3395C-LeaderElection31] INFO  impl.RoleInfo (RoleInfo.java:shutdownLeaderElection(139)) - 53457c10-51b1-485d-b312-794085cbc7f1: shutdown 53457c10-51b1-485d-b312-794085cbc7f1@group-87673AA3395C-LeaderElection31
2024-09-17 10:41:14,593 [53457c10-51b1-485d-b312-794085cbc7f1@group-87673AA3395C-LeaderElection31] INFO  server.RaftServer$Division (RaftServerImpl.java:setRole(376)) - 53457c10-51b1-485d-b312-794085cbc7f1@group-87673AA3395C: changes role from CANDIDATE to LEADER at term 1 for changeToLeader
2024-09-17 10:41:14,594 [53457c10-51b1-485d-b312-794085cbc7f1@group-87673AA3395C-LeaderElection31] INFO  server.RaftServerConfigKeys (ConfUtils.java:logGet(46)) - raft.server.staging.catchup.gap = 1000 (default)
2024-09-17 10:41:14,594 [53457c10-51b1-485d-b312-794085cbc7f1@group-87673AA3395C-LeaderElection31] INFO  server.RaftServerConfigKeys (ConfUtils.java:logGet(46)) - raft.server.write.element-limit = 1024 (custom)
2024-09-17 10:41:14,594 [53457c10-51b1-485d-b312-794085cbc7f1@group-87673AA3395C-LeaderElection31] INFO  server.RaftServerConfigKeys (ConfUtils.java:logGet(46)) - raft.server.write.byte-limit = 1024 M (=1073741824) (custom)
2024-09-17 10:41:14,594 [53457c10-51b1-485d-b312-794085cbc7f1@group-87673AA3395C-LeaderElection31] INFO  server.RaftServerConfigKeys (ConfUtils.java:logGet(46)) - raft.server.watch.timeout = 30s (custom)
2024-09-17 10:41:14,594 [53457c10-51b1-485d-b312-794085cbc7f1@group-87673AA3395C-LeaderElection31] INFO  server.RaftServerConfigKeys (ConfUtils.java:logGet(46)) - raft.server.watch.timeout.denomination = 1s (default)
2024-09-17 10:41:14,594 [53457c10-51b1-485d-b312-794085cbc7f1@group-87673AA3395C-LeaderElection31] INFO  server.RaftServerConfigKeys (ConfUtils.java:logGet(46)) - raft.server.watch.element-limit = 65536 (default)
2024-09-17 10:41:14,594 [53457c10-51b1-485d-b312-794085cbc7f1@group-87673AA3395C-LeaderElection31] INFO  server.RaftServerConfigKeys (ConfUtils.java:logGet(46)) - raft.server.read.leader.lease.enabled = false (default)
2024-09-17 10:41:14,595 [53457c10-51b1-485d-b312-794085cbc7f1@group-87673AA3395C-LeaderElection31] INFO  server.RaftServerConfigKeys (ConfUtils.java:logGet(46)) - raft.server.read.leader.lease.timeout.ratio = 0.9 (default)
2024-09-17 10:41:14,595 [53457c10-51b1-485d-b312-794085cbc7f1@group-87673AA3395C-LeaderElection31] INFO  server.RaftServerConfigKeys (ConfUtils.java:logGet(46)) - raft.server.rpc.timeout.min = 5s (custom)
2024-09-17 10:41:14,595 [53457c10-51b1-485d-b312-794085cbc7f1@group-87673AA3395C-LeaderElection31] INFO  server.RaftServerConfigKeys (ConfUtils.java:logGet(46)) - raft.server.log.log-metadata.enabled = true (default)
2024-09-17 10:41:14,595 [53457c10-51b1-485d-b312-794085cbc7f1@group-87673AA3395C-LeaderElection31] INFO  server.RaftServerConfigKeys (ConfUtils.java:logGet(46)) - raft.server.write.element-limit = 1024 (custom)
2024-09-17 10:41:14,595 [53457c10-51b1-485d-b312-794085cbc7f1@group-87673AA3395C-LeaderElection31] INFO  server.RaftServerConfigKeys (ConfUtils.java:logGet(46)) - raft.server.write.follower.gap.ratio.max = -1.0 (default)
2024-09-17 10:41:14,595 [53457c10-51b1-485d-b312-794085cbc7f1@group-87673AA3395C-LeaderElection31] INFO  impl.RoleInfo (RoleInfo.java:updateAndGet(148)) - 53457c10-51b1-485d-b312-794085cbc7f1: start 53457c10-51b1-485d-b312-794085cbc7f1@group-87673AA3395C-LeaderStateImpl
2024-09-17 10:41:14,595 [53457c10-51b1-485d-b312-794085cbc7f1@group-87673AA3395C-LeaderElection31] INFO  server.RaftServer$Division (RaftServerImpl.java:setFirstElection(549)) - 53457c10-51b1-485d-b312-794085cbc7f1@group-87673AA3395C: set firstElectionSinceStartup to false for becomeLeader
2024-09-17 10:41:14,595 [53457c10-51b1-485d-b312-794085cbc7f1@group-87673AA3395C-LeaderElection31] INFO  ratis.XceiverServerRatis (XceiverServerRatis.java:handleLeaderChangedNotification(950)) - Leader change notification received for group: group-87673AA3395C with new leaderId: 53457c10-51b1-485d-b312-794085cbc7f1
2024-09-17 10:41:14,595 [53457c10-51b1-485d-b312-794085cbc7f1@group-87673AA3395C-LeaderElection31] INFO  server.RaftServer$Division (ServerState.java:setLeader(272)) - 53457c10-51b1-485d-b312-794085cbc7f1@group-87673AA3395C: change Leader from null to 53457c10-51b1-485d-b312-794085cbc7f1 at term 1 for becomeLeader, leader elected after 5098ms
2024-09-17 10:41:14,595 [53457c10-51b1-485d-b312-794085cbc7f1@group-87673AA3395C-LeaderElection31] INFO  segmented.SegmentedRaftLogWorker (SegmentedRaftLogWorker.java:startLogSegment(433)) - 53457c10-51b1-485d-b312-794085cbc7f1@group-87673AA3395C-SegmentedRaftLogWorker: Starting segment from index:0
2024-09-17 10:41:14,595 [53457c10-51b1-485d-b312-794085cbc7f1@group-87673AA3395C-LeaderElection31] INFO  server.RaftServer$Division (ServerState.java:setRaftConf(386)) - 53457c10-51b1-485d-b312-794085cbc7f1@group-87673AA3395C: set configuration conf: {index: 0, cur=peers:[53457c10-51b1-485d-b312-794085cbc7f1|127.0.0.1:15106]|listeners:[], old=null}
2024-09-17 10:41:14,595 [53457c10-51b1-485d-b312-794085cbc7f1@group-87673AA3395C-SegmentedRaftLogWorker] INFO  segmented.BufferedWriteChannel (BufferedWriteChannel.java:open(61)) - open log_inprogress_0 at position 0
2024-09-17 10:41:14,597 [c84c3cd8-1177-42bf-a027-8b47ada8137b-server-thread2] INFO  ratis.XceiverServerRatis (XceiverServerRatis.java:handleLeaderChangedNotification(950)) - Leader change notification received for group: group-9116C400858E with new leaderId: 53457c10-51b1-485d-b312-794085cbc7f1
2024-09-17 10:41:14,598 [c84c3cd8-1177-42bf-a027-8b47ada8137b-server-thread2] INFO  server.RaftServer$Division (ServerState.java:setLeader(272)) - c84c3cd8-1177-42bf-a027-8b47ada8137b@group-9116C400858E: change Leader from null to 53457c10-51b1-485d-b312-794085cbc7f1 at term 1 for appendEntries, leader elected after 5036ms
2024-09-17 10:41:14,598 [c84c3cd8-1177-42bf-a027-8b47ada8137b-server-thread2] INFO  server.RaftServer$Division (ServerState.java:setRaftConf(386)) - c84c3cd8-1177-42bf-a027-8b47ada8137b@group-9116C400858E: set configuration conf: {index: 0, cur=peers:[eb256187-4e2b-429a-8dc2-6eca9b88007e|127.0.0.1:15115, c84c3cd8-1177-42bf-a027-8b47ada8137b|127.0.0.1:15124, 53457c10-51b1-485d-b312-794085cbc7f1|127.0.0.1:15106]|listeners:[], old=null}
2024-09-17 10:41:14,599 [c84c3cd8-1177-42bf-a027-8b47ada8137b-server-thread2] INFO  segmented.SegmentedRaftLogWorker (SegmentedRaftLogWorker.java:startLogSegment(433)) - c84c3cd8-1177-42bf-a027-8b47ada8137b@group-9116C400858E-SegmentedRaftLogWorker: Starting segment from index:0
2024-09-17 10:41:14,599 [c84c3cd8-1177-42bf-a027-8b47ada8137b@group-9116C400858E-SegmentedRaftLogWorker] INFO  segmented.BufferedWriteChannel (BufferedWriteChannel.java:open(61)) - open log_inprogress_0 at position 0
2024-09-17 10:41:14,600 [eb256187-4e2b-429a-8dc2-6eca9b88007e@group-9116C400858E-SegmentedRaftLogWorker] INFO  segmented.SegmentedRaftLogWorker (SegmentedRaftLogWorker.java:execute(637)) - eb256187-4e2b-429a-8dc2-6eca9b88007e@group-9116C400858E-SegmentedRaftLogWorker: created new log segment /home/runner/work/ozone/ozone/hadoop-ozone/integration-test/target/test-dir/MiniOzoneClusterImpl-90660ac4-7e9c-448b-98ea-af4f808cf8d9/ozone-meta/datanode-2/ratis/61c62403-558d-4de3-8722-9116c400858e/current/log_inprogress_0
2024-09-17 10:41:14,612 [53457c10-51b1-485d-b312-794085cbc7f1@group-87673AA3395C-SegmentedRaftLogWorker] INFO  segmented.SegmentedRaftLogWorker (SegmentedRaftLogWorker.java:execute(637)) - 53457c10-51b1-485d-b312-794085cbc7f1@group-87673AA3395C-SegmentedRaftLogWorker: created new log segment /home/runner/work/ozone/ozone/hadoop-ozone/integration-test/target/test-dir/MiniOzoneClusterImpl-90660ac4-7e9c-448b-98ea-af4f808cf8d9/ozone-meta/datanode-1/ratis/26e312c5-8b93-4264-aafc-87673aa3395c/current/log_inprogress_0
2024-09-17 10:41:14,613 [c84c3cd8-1177-42bf-a027-8b47ada8137b@group-9116C400858E-SegmentedRaftLogWorker] INFO  segmented.SegmentedRaftLogWorker (SegmentedRaftLogWorker.java:execute(637)) - c84c3cd8-1177-42bf-a027-8b47ada8137b@group-9116C400858E-SegmentedRaftLogWorker: created new log segment /home/runner/work/ozone/ozone/hadoop-ozone/integration-test/target/test-dir/MiniOzoneClusterImpl-90660ac4-7e9c-448b-98ea-af4f808cf8d9/ozone-meta/datanode-3/ratis/61c62403-558d-4de3-8722-9116c400858e/current/log_inprogress_0
2024-09-17 10:41:14,613 [53457c10-51b1-485d-b312-794085cbc7f1@group-87673AA3395C-StateMachineUpdater] INFO  server.RaftServer$Division (LeaderStateImpl.java:checkStartIndex(316)) - Leader 53457c10-51b1-485d-b312-794085cbc7f1@group-87673AA3395C-LeaderStateImpl is ready since appliedIndex == startIndex == 0
2024-09-17 10:41:14,614 [53457c10-51b1-485d-b312-794085cbc7f1@group-9116C400858E-StateMachineUpdater] INFO  server.RaftServer$Division (LeaderStateImpl.java:checkStartIndex(316)) - Leader 53457c10-51b1-485d-b312-794085cbc7f1@group-9116C400858E-LeaderStateImpl is ready since appliedIndex == startIndex == 0
2024-09-17 10:41:14,740 [eb256187-4e2b-429a-8dc2-6eca9b88007e@group-7CB29ED6A730-FollowerState] INFO  impl.FollowerState (FollowerState.java:run(144)) - eb256187-4e2b-429a-8dc2-6eca9b88007e@group-7CB29ED6A730-FollowerState: change to CANDIDATE, lastRpcElapsedTime:5098498628ns, electionTimeout:5098ms
2024-09-17 10:41:14,740 [eb256187-4e2b-429a-8dc2-6eca9b88007e@group-7CB29ED6A730-FollowerState] INFO  impl.RoleInfo (RoleInfo.java:shutdownFollowerState(119)) - eb256187-4e2b-429a-8dc2-6eca9b88007e: shutdown eb256187-4e2b-429a-8dc2-6eca9b88007e@group-7CB29ED6A730-FollowerState
2024-09-17 10:41:14,740 [eb256187-4e2b-429a-8dc2-6eca9b88007e@group-7CB29ED6A730-FollowerState] INFO  server.RaftServer$Division (RaftServerImpl.java:setRole(376)) - eb256187-4e2b-429a-8dc2-6eca9b88007e@group-7CB29ED6A730: changes role from  FOLLOWER to CANDIDATE at term 0 for changeToCandidate
2024-09-17 10:41:14,740 [eb256187-4e2b-429a-8dc2-6eca9b88007e@group-7CB29ED6A730-FollowerState] INFO  server.RaftServerConfigKeys (ConfUtils.java:logGet(46)) - raft.server.leaderelection.pre-vote = true (default)
2024-09-17 10:41:14,740 [eb256187-4e2b-429a-8dc2-6eca9b88007e@group-7CB29ED6A730-FollowerState] INFO  impl.RoleInfo (RoleInfo.java:updateAndGet(148)) - eb256187-4e2b-429a-8dc2-6eca9b88007e: start eb256187-4e2b-429a-8dc2-6eca9b88007e@group-7CB29ED6A730-LeaderElection32
2024-09-17 10:41:14,741 [eb256187-4e2b-429a-8dc2-6eca9b88007e@group-7CB29ED6A730-LeaderElection32] INFO  impl.LeaderElection (LeaderElection.java:askForVotes(321)) - eb256187-4e2b-429a-8dc2-6eca9b88007e@group-7CB29ED6A730-LeaderElection32 PRE_VOTE round 0: submit vote requests at term 0 for conf: {index: -1, cur=peers:[eb256187-4e2b-429a-8dc2-6eca9b88007e|127.0.0.1:15115, c84c3cd8-1177-42bf-a027-8b47ada8137b|127.0.0.1:15124, 53457c10-51b1-485d-b312-794085cbc7f1|127.0.0.1:15106]|listeners:[], old=null}
2024-09-17 10:41:14,741 [eb256187-4e2b-429a-8dc2-6eca9b88007e@group-7CB29ED6A730-LeaderElection32] INFO  server.RaftServerConfigKeys (ConfUtils.java:logFallback(53)) - raft.server.rpc.first-election.timeout.min = 5s (fallback to raft.server.rpc.timeout.min)
2024-09-17 10:41:14,741 [eb256187-4e2b-429a-8dc2-6eca9b88007e@group-7CB29ED6A730-LeaderElection32] INFO  server.RaftServerConfigKeys (ConfUtils.java:logFallback(53)) - raft.server.rpc.first-election.timeout.max = 5200ms (fallback to raft.server.rpc.timeout.max)
2024-09-17 10:41:14,742 [grpc-default-executor-1] INFO  server.RaftServer$Division (RaftServerImpl.java:requestVote(1416)) - 53457c10-51b1-485d-b312-794085cbc7f1@group-7CB29ED6A730: receive requestVote(PRE_VOTE, eb256187-4e2b-429a-8dc2-6eca9b88007e, group-7CB29ED6A730, 0, (t:0, i:0))
2024-09-17 10:41:14,742 [grpc-default-executor-1] INFO  impl.VoteContext (VoteContext.java:log(49)) - 53457c10-51b1-485d-b312-794085cbc7f1@group-7CB29ED6A730-FOLLOWER: accept PRE_VOTE from eb256187-4e2b-429a-8dc2-6eca9b88007e: our priority 0 <= candidate's priority 1
2024-09-17 10:41:14,742 [grpc-default-executor-1] INFO  server.RaftServer$Division (RaftServerImpl.java:requestVote(1449)) - 53457c10-51b1-485d-b312-794085cbc7f1@group-7CB29ED6A730 replies to PRE_VOTE vote request: eb256187-4e2b-429a-8dc2-6eca9b88007e<-53457c10-51b1-485d-b312-794085cbc7f1#0:OK-t0. Peer's state: 53457c10-51b1-485d-b312-794085cbc7f1@group-7CB29ED6A730:t0, leader=null, voted=, raftlog=Memoized:53457c10-51b1-485d-b312-794085cbc7f1@group-7CB29ED6A730-SegmentedRaftLog:OPENED:c-1:lastnull, conf=conf: {index: -1, cur=peers:[eb256187-4e2b-429a-8dc2-6eca9b88007e|127.0.0.1:15115, c84c3cd8-1177-42bf-a027-8b47ada8137b|127.0.0.1:15124, 53457c10-51b1-485d-b312-794085cbc7f1|127.0.0.1:15106]|listeners:[], old=null}
2024-09-17 10:41:14,742 [eb256187-4e2b-429a-8dc2-6eca9b88007e@group-7CB29ED6A730-LeaderElection32] INFO  impl.LeaderElection (LeaderElection.java:logAndReturn(89)) - eb256187-4e2b-429a-8dc2-6eca9b88007e@group-7CB29ED6A730-LeaderElection32: PRE_VOTE PASSED received 1 response(s) and 0 exception(s):
2024-09-17 10:41:14,742 [eb256187-4e2b-429a-8dc2-6eca9b88007e@group-7CB29ED6A730-LeaderElection32] INFO  impl.LeaderElection (LeaderElection.java:logAndReturn(93)) -   Response 0: eb256187-4e2b-429a-8dc2-6eca9b88007e<-53457c10-51b1-485d-b312-794085cbc7f1#0:OK-t0
2024-09-17 10:41:14,742 [eb256187-4e2b-429a-8dc2-6eca9b88007e@group-7CB29ED6A730-LeaderElection32] INFO  impl.LeaderElection (LeaderElection.java:askForVotes(323)) - eb256187-4e2b-429a-8dc2-6eca9b88007e@group-7CB29ED6A730-LeaderElection32 PRE_VOTE round 0: result PASSED
2024-09-17 10:41:14,744 [eb256187-4e2b-429a-8dc2-6eca9b88007e@group-7CB29ED6A730-LeaderElection32] INFO  impl.LeaderElection (LeaderElection.java:askForVotes(321)) - eb256187-4e2b-429a-8dc2-6eca9b88007e@group-7CB29ED6A730-LeaderElection32 ELECTION round 0: submit vote requests at term 1 for conf: {index: -1, cur=peers:[eb256187-4e2b-429a-8dc2-6eca9b88007e|127.0.0.1:15115, c84c3cd8-1177-42bf-a027-8b47ada8137b|127.0.0.1:15124, 53457c10-51b1-485d-b312-794085cbc7f1|127.0.0.1:15106]|listeners:[], old=null}
2024-09-17 10:41:14,745 [eb256187-4e2b-429a-8dc2-6eca9b88007e@group-7CB29ED6A730-LeaderElection32] INFO  server.RaftServerConfigKeys (ConfUtils.java:logFallback(53)) - raft.server.rpc.first-election.timeout.min = 5s (fallback to raft.server.rpc.timeout.min)
2024-09-17 10:41:14,745 [eb256187-4e2b-429a-8dc2-6eca9b88007e@group-7CB29ED6A730-LeaderElection32] INFO  server.RaftServerConfigKeys (ConfUtils.java:logFallback(53)) - raft.server.rpc.first-election.timeout.max = 5200ms (fallback to raft.server.rpc.timeout.max)
2024-09-17 10:41:14,745 [grpc-default-executor-5] INFO  server.RaftServer$Division (RaftServerImpl.java:requestVote(1416)) - c84c3cd8-1177-42bf-a027-8b47ada8137b@group-7CB29ED6A730: receive requestVote(ELECTION, eb256187-4e2b-429a-8dc2-6eca9b88007e, group-7CB29ED6A730, 1, (t:0, i:0))
2024-09-17 10:41:14,745 [grpc-default-executor-5] INFO  impl.VoteContext (VoteContext.java:log(49)) - c84c3cd8-1177-42bf-a027-8b47ada8137b@group-7CB29ED6A730-FOLLOWER: accept ELECTION from eb256187-4e2b-429a-8dc2-6eca9b88007e: our priority 0 <= candidate's priority 1
2024-09-17 10:41:14,746 [grpc-default-executor-5] INFO  server.RaftServer$Division (RaftServerImpl.java:setRole(376)) - c84c3cd8-1177-42bf-a027-8b47ada8137b@group-7CB29ED6A730: changes role from  FOLLOWER to FOLLOWER at term 1 for candidate:eb256187-4e2b-429a-8dc2-6eca9b88007e
2024-09-17 10:41:14,746 [grpc-default-executor-5] INFO  impl.RoleInfo (RoleInfo.java:shutdownFollowerState(119)) - c84c3cd8-1177-42bf-a027-8b47ada8137b: shutdown c84c3cd8-1177-42bf-a027-8b47ada8137b@group-7CB29ED6A730-FollowerState
2024-09-17 10:41:14,746 [grpc-default-executor-5] INFO  impl.RoleInfo (RoleInfo.java:updateAndGet(148)) - c84c3cd8-1177-42bf-a027-8b47ada8137b: start c84c3cd8-1177-42bf-a027-8b47ada8137b@group-7CB29ED6A730-FollowerState
2024-09-17 10:41:14,746 [c84c3cd8-1177-42bf-a027-8b47ada8137b@group-7CB29ED6A730-FollowerState] INFO  impl.FollowerState (FollowerState.java:run(153)) - c84c3cd8-1177-42bf-a027-8b47ada8137b@group-7CB29ED6A730-FollowerState was interrupted
2024-09-17 10:41:14,745 [grpc-default-executor-1] INFO  server.RaftServer$Division (RaftServerImpl.java:requestVote(1416)) - 53457c10-51b1-485d-b312-794085cbc7f1@group-7CB29ED6A730: receive requestVote(ELECTION, eb256187-4e2b-429a-8dc2-6eca9b88007e, group-7CB29ED6A730, 1, (t:0, i:0))
2024-09-17 10:41:14,746 [grpc-default-executor-1] INFO  impl.VoteContext (VoteContext.java:log(49)) - 53457c10-51b1-485d-b312-794085cbc7f1@group-7CB29ED6A730-FOLLOWER: accept ELECTION from eb256187-4e2b-429a-8dc2-6eca9b88007e: our priority 0 <= candidate's priority 1
2024-09-17 10:41:14,746 [grpc-default-executor-1] INFO  server.RaftServer$Division (RaftServerImpl.java:setRole(376)) - 53457c10-51b1-485d-b312-794085cbc7f1@group-7CB29ED6A730: changes role from  FOLLOWER to FOLLOWER at term 1 for candidate:eb256187-4e2b-429a-8dc2-6eca9b88007e
2024-09-17 10:41:14,746 [grpc-default-executor-1] INFO  impl.RoleInfo (RoleInfo.java:shutdownFollowerState(119)) - 53457c10-51b1-485d-b312-794085cbc7f1: shutdown 53457c10-51b1-485d-b312-794085cbc7f1@group-7CB29ED6A730-FollowerState
2024-09-17 10:41:14,746 [grpc-default-executor-1] INFO  impl.RoleInfo (RoleInfo.java:updateAndGet(148)) - 53457c10-51b1-485d-b312-794085cbc7f1: start 53457c10-51b1-485d-b312-794085cbc7f1@group-7CB29ED6A730-FollowerState
2024-09-17 10:41:14,746 [53457c10-51b1-485d-b312-794085cbc7f1@group-7CB29ED6A730-FollowerState] INFO  impl.FollowerState (FollowerState.java:run(153)) - 53457c10-51b1-485d-b312-794085cbc7f1@group-7CB29ED6A730-FollowerState was interrupted
2024-09-17 10:41:14,746 [grpc-default-executor-5] INFO  server.RaftServer$Division (RaftServerImpl.java:setFirstElection(549)) - c84c3cd8-1177-42bf-a027-8b47ada8137b@group-7CB29ED6A730: set firstElectionSinceStartup to false for candidate:eb256187-4e2b-429a-8dc2-6eca9b88007e
2024-09-17 10:41:14,747 [grpc-default-executor-1] INFO  server.RaftServer$Division (RaftServerImpl.java:setFirstElection(549)) - 53457c10-51b1-485d-b312-794085cbc7f1@group-7CB29ED6A730: set firstElectionSinceStartup to false for candidate:eb256187-4e2b-429a-8dc2-6eca9b88007e
2024-09-17 10:41:14,748 [grpc-default-executor-5] INFO  server.RaftServer$Division (RaftServerImpl.java:requestVote(1449)) - c84c3cd8-1177-42bf-a027-8b47ada8137b@group-7CB29ED6A730 replies to ELECTION vote request: eb256187-4e2b-429a-8dc2-6eca9b88007e<-c84c3cd8-1177-42bf-a027-8b47ada8137b#0:OK-t1. Peer's state: c84c3cd8-1177-42bf-a027-8b47ada8137b@group-7CB29ED6A730:t1, leader=null, voted=eb256187-4e2b-429a-8dc2-6eca9b88007e, raftlog=Memoized:c84c3cd8-1177-42bf-a027-8b47ada8137b@group-7CB29ED6A730-SegmentedRaftLog:OPENED:c-1:lastnull, conf=conf: {index: -1, cur=peers:[eb256187-4e2b-429a-8dc2-6eca9b88007e|127.0.0.1:15115, c84c3cd8-1177-42bf-a027-8b47ada8137b|127.0.0.1:15124, 53457c10-51b1-485d-b312-794085cbc7f1|127.0.0.1:15106]|listeners:[], old=null}
2024-09-17 10:41:14,748 [eb256187-4e2b-429a-8dc2-6eca9b88007e@group-7CB29ED6A730-LeaderElection32] INFO  impl.LeaderElection (LeaderElection.java:logAndReturn(89)) - eb256187-4e2b-429a-8dc2-6eca9b88007e@group-7CB29ED6A730-LeaderElection32: ELECTION PASSED received 1 response(s) and 0 exception(s):
2024-09-17 10:41:14,748 [eb256187-4e2b-429a-8dc2-6eca9b88007e@group-7CB29ED6A730-LeaderElection32] INFO  impl.LeaderElection (LeaderElection.java:logAndReturn(93)) -   Response 0: eb256187-4e2b-429a-8dc2-6eca9b88007e<-c84c3cd8-1177-42bf-a027-8b47ada8137b#0:OK-t1
2024-09-17 10:41:14,748 [eb256187-4e2b-429a-8dc2-6eca9b88007e@group-7CB29ED6A730-LeaderElection32] INFO  impl.LeaderElection (LeaderElection.java:askForVotes(323)) - eb256187-4e2b-429a-8dc2-6eca9b88007e@group-7CB29ED6A730-LeaderElection32 ELECTION round 0: result PASSED
2024-09-17 10:41:14,748 [eb256187-4e2b-429a-8dc2-6eca9b88007e@group-7CB29ED6A730-LeaderElection32] INFO  impl.RoleInfo (RoleInfo.java:shutdownLeaderElection(139)) - eb256187-4e2b-429a-8dc2-6eca9b88007e: shutdown eb256187-4e2b-429a-8dc2-6eca9b88007e@group-7CB29ED6A730-LeaderElection32
2024-09-17 10:41:14,748 [eb256187-4e2b-429a-8dc2-6eca9b88007e@group-7CB29ED6A730-LeaderElection32] INFO  server.RaftServer$Division (RaftServerImpl.java:setRole(376)) - eb256187-4e2b-429a-8dc2-6eca9b88007e@group-7CB29ED6A730: changes role from CANDIDATE to LEADER at term 1 for changeToLeader
2024-09-17 10:41:14,748 [eb256187-4e2b-429a-8dc2-6eca9b88007e@group-7CB29ED6A730-LeaderElection32] INFO  server.RaftServerConfigKeys (ConfUtils.java:logGet(46)) - raft.server.staging.catchup.gap = 1000 (default)
2024-09-17 10:41:14,749 [eb256187-4e2b-429a-8dc2-6eca9b88007e@group-7CB29ED6A730-LeaderElection32] INFO  server.RaftServerConfigKeys (ConfUtils.java:logGet(46)) - raft.server.write.element-limit = 1024 (custom)
2024-09-17 10:41:14,749 [grpc-default-executor-1] INFO  server.RaftServer$Division (RaftServerImpl.java:requestVote(1449)) - 53457c10-51b1-485d-b312-794085cbc7f1@group-7CB29ED6A730 replies to ELECTION vote request: eb256187-4e2b-429a-8dc2-6eca9b88007e<-53457c10-51b1-485d-b312-794085cbc7f1#0:OK-t1. Peer's state: 53457c10-51b1-485d-b312-794085cbc7f1@group-7CB29ED6A730:t1, leader=null, voted=eb256187-4e2b-429a-8dc2-6eca9b88007e, raftlog=Memoized:53457c10-51b1-485d-b312-794085cbc7f1@group-7CB29ED6A730-SegmentedRaftLog:OPENED:c-1:lastnull, conf=conf: {index: -1, cur=peers:[eb256187-4e2b-429a-8dc2-6eca9b88007e|127.0.0.1:15115, c84c3cd8-1177-42bf-a027-8b47ada8137b|127.0.0.1:15124, 53457c10-51b1-485d-b312-794085cbc7f1|127.0.0.1:15106]|listeners:[], old=null}
2024-09-17 10:41:14,749 [eb256187-4e2b-429a-8dc2-6eca9b88007e@group-7CB29ED6A730-LeaderElection32] INFO  server.RaftServerConfigKeys (ConfUtils.java:logGet(46)) - raft.server.write.byte-limit = 1024 M (=1073741824) (custom)
2024-09-17 10:41:14,749 [eb256187-4e2b-429a-8dc2-6eca9b88007e@group-7CB29ED6A730-LeaderElection32] INFO  server.RaftServerConfigKeys (ConfUtils.java:logGet(46)) - raft.server.watch.timeout = 30s (custom)
2024-09-17 10:41:14,749 [eb256187-4e2b-429a-8dc2-6eca9b88007e@group-7CB29ED6A730-LeaderElection32] INFO  server.RaftServerConfigKeys (ConfUtils.java:logGet(46)) - raft.server.watch.timeout.denomination = 1s (default)
2024-09-17 10:41:14,749 [eb256187-4e2b-429a-8dc2-6eca9b88007e@group-7CB29ED6A730-LeaderElection32] INFO  server.RaftServerConfigKeys (ConfUtils.java:logGet(46)) - raft.server.watch.element-limit = 65536 (default)
2024-09-17 10:41:14,750 [eb256187-4e2b-429a-8dc2-6eca9b88007e@group-7CB29ED6A730-LeaderElection32] INFO  server.RaftServerConfigKeys (ConfUtils.java:logGet(46)) - raft.server.read.leader.lease.enabled = false (default)
2024-09-17 10:41:14,750 [eb256187-4e2b-429a-8dc2-6eca9b88007e@group-7CB29ED6A730-LeaderElection32] INFO  server.RaftServerConfigKeys (ConfUtils.java:logGet(46)) - raft.server.read.leader.lease.timeout.ratio = 0.9 (default)
2024-09-17 10:41:14,750 [eb256187-4e2b-429a-8dc2-6eca9b88007e@group-7CB29ED6A730-LeaderElection32] INFO  server.RaftServerConfigKeys (ConfUtils.java:logGet(46)) - raft.server.rpc.timeout.min = 5s (custom)
2024-09-17 10:41:14,750 [eb256187-4e2b-429a-8dc2-6eca9b88007e@group-7CB29ED6A730-LeaderElection32] INFO  server.RaftServerConfigKeys (ConfUtils.java:logGet(46)) - raft.server.log.log-metadata.enabled = true (default)
2024-09-17 10:41:14,750 [eb256187-4e2b-429a-8dc2-6eca9b88007e@group-7CB29ED6A730-LeaderElection32] INFO  server.RaftServerConfigKeys (ConfUtils.java:logGet(46)) - raft.server.write.element-limit = 1024 (custom)
2024-09-17 10:41:14,750 [eb256187-4e2b-429a-8dc2-6eca9b88007e@group-7CB29ED6A730-LeaderElection32] INFO  server.RaftServerConfigKeys (ConfUtils.java:logGet(46)) - raft.server.write.follower.gap.ratio.max = -1.0 (default)
2024-09-17 10:41:14,750 [eb256187-4e2b-429a-8dc2-6eca9b88007e@group-7CB29ED6A730-LeaderElection32] INFO  server.RaftServerConfigKeys (ConfUtils.java:logGet(46)) - raft.server.log.appender.snapshot.chunk.size.max = 16MB (=16777216) (default)
2024-09-17 10:41:14,750 [eb256187-4e2b-429a-8dc2-6eca9b88007e@group-7CB29ED6A730-LeaderElection32] INFO  server.RaftServerConfigKeys (ConfUtils.java:logGet(46)) - raft.server.log.appender.buffer.byte-limit = 33554432 (custom)
2024-09-17 10:41:14,750 [eb256187-4e2b-429a-8dc2-6eca9b88007e@group-7CB29ED6A730-LeaderElection32] INFO  server.RaftServerConfigKeys (ConfUtils.java:logGet(46)) - raft.server.log.appender.buffer.element-limit = 1024 (custom)
2024-09-17 10:41:14,750 [eb256187-4e2b-429a-8dc2-6eca9b88007e@group-7CB29ED6A730-LeaderElection32] INFO  server.RaftServerConfigKeys (ConfUtils.java:logGet(46)) - raft.server.log.appender.wait-time.min = 0μs (custom)
2024-09-17 10:41:14,751 [eb256187-4e2b-429a-8dc2-6eca9b88007e@group-7CB29ED6A730-LeaderElection32] INFO  grpc.GrpcConfigKeys (ConfUtils.java:logGet(46)) - raft.grpc.server.leader.outstanding.appends.max = 8 (default)
2024-09-17 10:41:14,751 [eb256187-4e2b-429a-8dc2-6eca9b88007e@group-7CB29ED6A730-LeaderElection32] INFO  server.RaftServerConfigKeys (ConfUtils.java:logGet(46)) - raft.server.rpc.request.timeout = 60s (custom)
2024-09-17 10:41:14,751 [eb256187-4e2b-429a-8dc2-6eca9b88007e@group-7CB29ED6A730-LeaderElection32] INFO  grpc.GrpcConfigKeys (ConfUtils.java:logGet(46)) - raft.grpc.server.install_snapshot.request.element-limit = 8 (default)
2024-09-17 10:41:14,751 [eb256187-4e2b-429a-8dc2-6eca9b88007e@group-7CB29ED6A730-LeaderElection32] INFO  grpc.GrpcConfigKeys (ConfUtils.java:logGet(46)) - raft.grpc.server.install_snapshot.request.timeout = 3000ms (default)
2024-09-17 10:41:14,751 [eb256187-4e2b-429a-8dc2-6eca9b88007e@group-7CB29ED6A730-LeaderElection32] INFO  grpc.GrpcConfigKeys (ConfUtils.java:logGet(46)) - raft.grpc.server.log-message.batch.duration = 5s (default)
2024-09-17 10:41:14,751 [eb256187-4e2b-429a-8dc2-6eca9b88007e@group-7CB29ED6A730-LeaderElection32] INFO  server.RaftServerConfigKeys (ConfUtils.java:logGet(46)) - raft.server.log.appender.install.snapshot.enabled = false (custom)
2024-09-17 10:41:14,751 [eb256187-4e2b-429a-8dc2-6eca9b88007e@group-7CB29ED6A730-LeaderElection32] INFO  grpc.GrpcConfigKeys (ConfUtils.java:logGet(46)) - raft.grpc.server.heartbeat.channel = true (default)
2024-09-17 10:41:14,751 [eb256187-4e2b-429a-8dc2-6eca9b88007e@group-7CB29ED6A730-LeaderElection32] INFO  server.RaftServerConfigKeys (ConfUtils.java:logGet(46)) - raft.server.log.appender.snapshot.chunk.size.max = 16MB (=16777216) (default)
2024-09-17 10:41:14,751 [eb256187-4e2b-429a-8dc2-6eca9b88007e@group-7CB29ED6A730-LeaderElection32] INFO  server.RaftServerConfigKeys (ConfUtils.java:logGet(46)) - raft.server.log.appender.buffer.byte-limit = 33554432 (custom)
2024-09-17 10:41:14,751 [eb256187-4e2b-429a-8dc2-6eca9b88007e@group-7CB29ED6A730-LeaderElection32] INFO  server.RaftServerConfigKeys (ConfUtils.java:logGet(46)) - raft.server.log.appender.buffer.element-limit = 1024 (custom)
2024-09-17 10:41:14,751 [eb256187-4e2b-429a-8dc2-6eca9b88007e@group-7CB29ED6A730-LeaderElection32] INFO  server.RaftServerConfigKeys (ConfUtils.java:logGet(46)) - raft.server.log.appender.wait-time.min = 0μs (custom)
2024-09-17 10:41:14,751 [eb256187-4e2b-429a-8dc2-6eca9b88007e@group-7CB29ED6A730-LeaderElection32] INFO  grpc.GrpcConfigKeys (ConfUtils.java:logGet(46)) - raft.grpc.server.leader.outstanding.appends.max = 8 (default)
2024-09-17 10:41:14,752 [eb256187-4e2b-429a-8dc2-6eca9b88007e@group-7CB29ED6A730-LeaderElection32] INFO  server.RaftServerConfigKeys (ConfUtils.java:logGet(46)) - raft.server.rpc.request.timeout = 60s (custom)
2024-09-17 10:41:14,752 [eb256187-4e2b-429a-8dc2-6eca9b88007e@group-7CB29ED6A730-LeaderElection32] INFO  grpc.GrpcConfigKeys (ConfUtils.java:logGet(46)) - raft.grpc.server.install_snapshot.request.element-limit = 8 (default)
2024-09-17 10:41:14,752 [eb256187-4e2b-429a-8dc2-6eca9b88007e@group-7CB29ED6A730-LeaderElection32] INFO  grpc.GrpcConfigKeys (ConfUtils.java:logGet(46)) - raft.grpc.server.install_snapshot.request.timeout = 3000ms (default)
2024-09-17 10:41:14,752 [eb256187-4e2b-429a-8dc2-6eca9b88007e@group-7CB29ED6A730-LeaderElection32] INFO  grpc.GrpcConfigKeys (ConfUtils.java:logGet(46)) - raft.grpc.server.log-message.batch.duration = 5s (default)
2024-09-17 10:41:14,752 [eb256187-4e2b-429a-8dc2-6eca9b88007e@group-7CB29ED6A730-LeaderElection32] INFO  server.RaftServerConfigKeys (ConfUtils.java:logGet(46)) - raft.server.log.appender.install.snapshot.enabled = false (custom)
2024-09-17 10:41:14,752 [eb256187-4e2b-429a-8dc2-6eca9b88007e@group-7CB29ED6A730-LeaderElection32] INFO  grpc.GrpcConfigKeys (ConfUtils.java:logGet(46)) - raft.grpc.server.heartbeat.channel = true (default)
2024-09-17 10:41:14,752 [eb256187-4e2b-429a-8dc2-6eca9b88007e@group-7CB29ED6A730-LeaderElection32] INFO  impl.RoleInfo (RoleInfo.java:updateAndGet(148)) - eb256187-4e2b-429a-8dc2-6eca9b88007e: start eb256187-4e2b-429a-8dc2-6eca9b88007e@group-7CB29ED6A730-LeaderStateImpl
2024-09-17 10:41:14,752 [eb256187-4e2b-429a-8dc2-6eca9b88007e@group-7CB29ED6A730-LeaderElection32] INFO  server.RaftServer$Division (RaftServerImpl.java:setFirstElection(549)) - eb256187-4e2b-429a-8dc2-6eca9b88007e@group-7CB29ED6A730: set firstElectionSinceStartup to false for becomeLeader
2024-09-17 10:41:14,752 [eb256187-4e2b-429a-8dc2-6eca9b88007e@group-7CB29ED6A730-LeaderElection32] INFO  ratis.XceiverServerRatis (XceiverServerRatis.java:handleLeaderChangedNotification(950)) - Leader change notification received for group: group-7CB29ED6A730 with new leaderId: eb256187-4e2b-429a-8dc2-6eca9b88007e
2024-09-17 10:41:14,752 [eb256187-4e2b-429a-8dc2-6eca9b88007e@group-7CB29ED6A730-LeaderElection32] INFO  server.RaftServer$Division (ServerState.java:setLeader(272)) - eb256187-4e2b-429a-8dc2-6eca9b88007e@group-7CB29ED6A730: change Leader from null to eb256187-4e2b-429a-8dc2-6eca9b88007e at term 1 for becomeLeader, leader elected after 5125ms
2024-09-17 10:41:14,752 [eb256187-4e2b-429a-8dc2-6eca9b88007e@group-7CB29ED6A730-LeaderElection32] INFO  segmented.SegmentedRaftLogWorker (SegmentedRaftLogWorker.java:startLogSegment(433)) - eb256187-4e2b-429a-8dc2-6eca9b88007e@group-7CB29ED6A730-SegmentedRaftLogWorker: Starting segment from index:0
2024-09-17 10:41:14,752 [eb256187-4e2b-429a-8dc2-6eca9b88007e@group-7CB29ED6A730-LeaderElection32] INFO  server.RaftServer$Division (ServerState.java:setRaftConf(386)) - eb256187-4e2b-429a-8dc2-6eca9b88007e@group-7CB29ED6A730: set configuration conf: {index: 0, cur=peers:[eb256187-4e2b-429a-8dc2-6eca9b88007e|127.0.0.1:15115, c84c3cd8-1177-42bf-a027-8b47ada8137b|127.0.0.1:15124, 53457c10-51b1-485d-b312-794085cbc7f1|127.0.0.1:15106]|listeners:[], old=null}
2024-09-17 10:41:14,752 [eb256187-4e2b-429a-8dc2-6eca9b88007e@group-7CB29ED6A730-SegmentedRaftLogWorker] INFO  segmented.BufferedWriteChannel (BufferedWriteChannel.java:open(61)) - open log_inprogress_0 at position 0
2024-09-17 10:41:14,758 [EventQueue-PipelineReportForPipelineReportHandler] INFO  pipeline.PipelineReportHandler (PipelineReportHandler.java:processPipelineReport(136)) - Opened pipeline PipelineID=2cbbccb8-f307-448c-bf1d-7cb29ed6a730
2024-09-17 10:41:14,760 [c84c3cd8-1177-42bf-a027-8b47ada8137b-server-thread2] INFO  ratis.XceiverServerRatis (XceiverServerRatis.java:handleLeaderChangedNotification(950)) - Leader change notification received for group: group-7CB29ED6A730 with new leaderId: eb256187-4e2b-429a-8dc2-6eca9b88007e
2024-09-17 10:41:14,760 [c84c3cd8-1177-42bf-a027-8b47ada8137b-server-thread2] INFO  server.RaftServer$Division (ServerState.java:setLeader(272)) - c84c3cd8-1177-42bf-a027-8b47ada8137b@group-7CB29ED6A730: change Leader from null to eb256187-4e2b-429a-8dc2-6eca9b88007e at term 1 for appendEntries, leader elected after 5158ms
2024-09-17 10:41:14,761 [c84c3cd8-1177-42bf-a027-8b47ada8137b-server-thread1] INFO  server.RaftServer$Division (ServerState.java:setRaftConf(386)) - c84c3cd8-1177-42bf-a027-8b47ada8137b@group-7CB29ED6A730: set configuration conf: {index: 0, cur=peers:[eb256187-4e2b-429a-8dc2-6eca9b88007e|127.0.0.1:15115, c84c3cd8-1177-42bf-a027-8b47ada8137b|127.0.0.1:15124, 53457c10-51b1-485d-b312-794085cbc7f1|127.0.0.1:15106]|listeners:[], old=null}
2024-09-17 10:41:14,761 [c84c3cd8-1177-42bf-a027-8b47ada8137b-server-thread1] INFO  segmented.SegmentedRaftLogWorker (SegmentedRaftLogWorker.java:startLogSegment(433)) - c84c3cd8-1177-42bf-a027-8b47ada8137b@group-7CB29ED6A730-SegmentedRaftLogWorker: Starting segment from index:0
2024-09-17 10:41:14,762 [c84c3cd8-1177-42bf-a027-8b47ada8137b@group-7CB29ED6A730-SegmentedRaftLogWorker] INFO  segmented.BufferedWriteChannel (BufferedWriteChannel.java:open(61)) - open log_inprogress_0 at position 0
2024-09-17 10:41:14,762 [53457c10-51b1-485d-b312-794085cbc7f1-server-thread1] INFO  ratis.XceiverServerRatis (XceiverServerRatis.java:handleLeaderChangedNotification(950)) - Leader change notification received for group: group-7CB29ED6A730 with new leaderId: eb256187-4e2b-429a-8dc2-6eca9b88007e
2024-09-17 10:41:14,762 [53457c10-51b1-485d-b312-794085cbc7f1-server-thread1] INFO  server.RaftServer$Division (ServerState.java:setLeader(272)) - 53457c10-51b1-485d-b312-794085cbc7f1@group-7CB29ED6A730: change Leader from null to eb256187-4e2b-429a-8dc2-6eca9b88007e at term 1 for appendEntries, leader elected after 5180ms
2024-09-17 10:41:14,763 [53457c10-51b1-485d-b312-794085cbc7f1-server-thread2] INFO  server.RaftServer$Division (ServerState.java:setRaftConf(386)) - 53457c10-51b1-485d-b312-794085cbc7f1@group-7CB29ED6A730: set configuration conf: {index: 0, cur=peers:[eb256187-4e2b-429a-8dc2-6eca9b88007e|127.0.0.1:15115, c84c3cd8-1177-42bf-a027-8b47ada8137b|127.0.0.1:15124, 53457c10-51b1-485d-b312-794085cbc7f1|127.0.0.1:15106]|listeners:[], old=null}
2024-09-17 10:41:14,763 [53457c10-51b1-485d-b312-794085cbc7f1-server-thread2] INFO  segmented.SegmentedRaftLogWorker (SegmentedRaftLogWorker.java:startLogSegment(433)) - 53457c10-51b1-485d-b312-794085cbc7f1@group-7CB29ED6A730-SegmentedRaftLogWorker: Starting segment from index:0
2024-09-17 10:41:14,763 [53457c10-51b1-485d-b312-794085cbc7f1@group-7CB29ED6A730-SegmentedRaftLogWorker] INFO  segmented.BufferedWriteChannel (BufferedWriteChannel.java:open(61)) - open log_inprogress_0 at position 0
2024-09-17 10:41:14,769 [eb256187-4e2b-429a-8dc2-6eca9b88007e@group-7CB29ED6A730-SegmentedRaftLogWorker] INFO  segmented.SegmentedRaftLogWorker (SegmentedRaftLogWorker.java:execute(637)) - eb256187-4e2b-429a-8dc2-6eca9b88007e@group-7CB29ED6A730-SegmentedRaftLogWorker: created new log segment /home/runner/work/ozone/ozone/hadoop-ozone/integration-test/target/test-dir/MiniOzoneClusterImpl-90660ac4-7e9c-448b-98ea-af4f808cf8d9/ozone-meta/datanode-2/ratis/2cbbccb8-f307-448c-bf1d-7cb29ed6a730/current/log_inprogress_0
2024-09-17 10:41:14,776 [c84c3cd8-1177-42bf-a027-8b47ada8137b@group-7CB29ED6A730-SegmentedRaftLogWorker] INFO  segmented.SegmentedRaftLogWorker (SegmentedRaftLogWorker.java:execute(637)) - c84c3cd8-1177-42bf-a027-8b47ada8137b@group-7CB29ED6A730-SegmentedRaftLogWorker: created new log segment /home/runner/work/ozone/ozone/hadoop-ozone/integration-test/target/test-dir/MiniOzoneClusterImpl-90660ac4-7e9c-448b-98ea-af4f808cf8d9/ozone-meta/datanode-3/ratis/2cbbccb8-f307-448c-bf1d-7cb29ed6a730/current/log_inprogress_0
2024-09-17 10:41:14,777 [53457c10-51b1-485d-b312-794085cbc7f1@group-7CB29ED6A730-SegmentedRaftLogWorker] INFO  segmented.SegmentedRaftLogWorker (SegmentedRaftLogWorker.java:execute(637)) - 53457c10-51b1-485d-b312-794085cbc7f1@group-7CB29ED6A730-SegmentedRaftLogWorker: created new log segment /home/runner/work/ozone/ozone/hadoop-ozone/integration-test/target/test-dir/MiniOzoneClusterImpl-90660ac4-7e9c-448b-98ea-af4f808cf8d9/ozone-meta/datanode-1/ratis/2cbbccb8-f307-448c-bf1d-7cb29ed6a730/current/log_inprogress_0
2024-09-17 10:41:14,779 [eb256187-4e2b-429a-8dc2-6eca9b88007e@group-7CB29ED6A730-StateMachineUpdater] INFO  server.RaftServer$Division (LeaderStateImpl.java:checkStartIndex(316)) - Leader eb256187-4e2b-429a-8dc2-6eca9b88007e@group-7CB29ED6A730-LeaderStateImpl is ready since appliedIndex == startIndex == 0
2024-09-17 10:41:14,818 [eb256187-4e2b-429a-8dc2-6eca9b88007e@group-0C6A6A2ABC1B-FollowerState] INFO  impl.FollowerState (FollowerState.java:run(144)) - eb256187-4e2b-429a-8dc2-6eca9b88007e@group-0C6A6A2ABC1B-FollowerState: change to CANDIDATE, lastRpcElapsedTime:5016453014ns, electionTimeout:5016ms
2024-09-17 10:41:14,818 [eb256187-4e2b-429a-8dc2-6eca9b88007e@group-0C6A6A2ABC1B-FollowerState] INFO  impl.RoleInfo (RoleInfo.java:shutdownFollowerState(119)) - eb256187-4e2b-429a-8dc2-6eca9b88007e: shutdown eb256187-4e2b-429a-8dc2-6eca9b88007e@group-0C6A6A2ABC1B-FollowerState
2024-09-17 10:41:14,818 [eb256187-4e2b-429a-8dc2-6eca9b88007e@group-0C6A6A2ABC1B-FollowerState] INFO  server.RaftServer$Division (RaftServerImpl.java:setRole(376)) - eb256187-4e2b-429a-8dc2-6eca9b88007e@group-0C6A6A2ABC1B: changes role from  FOLLOWER to CANDIDATE at term 0 for changeToCandidate
2024-09-17 10:41:14,818 [eb256187-4e2b-429a-8dc2-6eca9b88007e@group-0C6A6A2ABC1B-FollowerState] INFO  server.RaftServerConfigKeys (ConfUtils.java:logGet(46)) - raft.server.leaderelection.pre-vote = true (default)
2024-09-17 10:41:14,819 [eb256187-4e2b-429a-8dc2-6eca9b88007e@group-0C6A6A2ABC1B-FollowerState] INFO  impl.RoleInfo (RoleInfo.java:updateAndGet(148)) - eb256187-4e2b-429a-8dc2-6eca9b88007e: start eb256187-4e2b-429a-8dc2-6eca9b88007e@group-0C6A6A2ABC1B-LeaderElection33
2024-09-17 10:41:14,819 [eb256187-4e2b-429a-8dc2-6eca9b88007e@group-0C6A6A2ABC1B-LeaderElection33] INFO  impl.LeaderElection (LeaderElection.java:askForVotes(321)) - eb256187-4e2b-429a-8dc2-6eca9b88007e@group-0C6A6A2ABC1B-LeaderElection33 PRE_VOTE round 0: submit vote requests at term 0 for conf: {index: -1, cur=peers:[eb256187-4e2b-429a-8dc2-6eca9b88007e|127.0.0.1:15115]|listeners:[], old=null}
2024-09-17 10:41:14,819 [eb256187-4e2b-429a-8dc2-6eca9b88007e@group-0C6A6A2ABC1B-LeaderElection33] INFO  impl.LeaderElection (LeaderElection.java:askForVotes(323)) - eb256187-4e2b-429a-8dc2-6eca9b88007e@group-0C6A6A2ABC1B-LeaderElection33 PRE_VOTE round 0: result PASSED (term=0)
2024-09-17 10:41:14,820 [eb256187-4e2b-429a-8dc2-6eca9b88007e@group-0C6A6A2ABC1B-LeaderElection33] INFO  impl.LeaderElection (LeaderElection.java:askForVotes(321)) - eb256187-4e2b-429a-8dc2-6eca9b88007e@group-0C6A6A2ABC1B-LeaderElection33 ELECTION round 0: submit vote requests at term 1 for conf: {index: -1, cur=peers:[eb256187-4e2b-429a-8dc2-6eca9b88007e|127.0.0.1:15115]|listeners:[], old=null}
2024-09-17 10:41:14,820 [eb256187-4e2b-429a-8dc2-6eca9b88007e@group-0C6A6A2ABC1B-LeaderElection33] INFO  impl.LeaderElection (LeaderElection.java:askForVotes(323)) - eb256187-4e2b-429a-8dc2-6eca9b88007e@group-0C6A6A2ABC1B-LeaderElection33 ELECTION round 0: result PASSED (term=1)
2024-09-17 10:41:14,820 [eb256187-4e2b-429a-8dc2-6eca9b88007e@group-0C6A6A2ABC1B-LeaderElection33] INFO  impl.RoleInfo (RoleInfo.java:shutdownLeaderElection(139)) - eb256187-4e2b-429a-8dc2-6eca9b88007e: shutdown eb256187-4e2b-429a-8dc2-6eca9b88007e@group-0C6A6A2ABC1B-LeaderElection33
2024-09-17 10:41:14,821 [eb256187-4e2b-429a-8dc2-6eca9b88007e@group-0C6A6A2ABC1B-LeaderElection33] INFO  server.RaftServer$Division (RaftServerImpl.java:setRole(376)) - eb256187-4e2b-429a-8dc2-6eca9b88007e@group-0C6A6A2ABC1B: changes role from CANDIDATE to LEADER at term 1 for changeToLeader
2024-09-17 10:41:14,821 [eb256187-4e2b-429a-8dc2-6eca9b88007e@group-0C6A6A2ABC1B-LeaderElection33] INFO  server.RaftServerConfigKeys (ConfUtils.java:logGet(46)) - raft.server.staging.catchup.gap = 1000 (default)
2024-09-17 10:41:14,821 [eb256187-4e2b-429a-8dc2-6eca9b88007e@group-0C6A6A2ABC1B-LeaderElection33] INFO  server.RaftServerConfigKeys (ConfUtils.java:logGet(46)) - raft.server.write.element-limit = 1024 (custom)
2024-09-17 10:41:14,821 [eb256187-4e2b-429a-8dc2-6eca9b88007e@group-0C6A6A2ABC1B-LeaderElection33] INFO  server.RaftServerConfigKeys (ConfUtils.java:logGet(46)) - raft.server.write.byte-limit = 1024 M (=1073741824) (custom)
2024-09-17 10:41:14,821 [eb256187-4e2b-429a-8dc2-6eca9b88007e@group-0C6A6A2ABC1B-LeaderElection33] INFO  server.RaftServerConfigKeys (ConfUtils.java:logGet(46)) - raft.server.watch.timeout = 30s (custom)
2024-09-17 10:41:14,821 [eb256187-4e2b-429a-8dc2-6eca9b88007e@group-0C6A6A2ABC1B-LeaderElection33] INFO  server.RaftServerConfigKeys (ConfUtils.java:logGet(46)) - raft.server.watch.timeout.denomination = 1s (default)
2024-09-17 10:41:14,821 [eb256187-4e2b-429a-8dc2-6eca9b88007e@group-0C6A6A2ABC1B-LeaderElection33] INFO  server.RaftServerConfigKeys (ConfUtils.java:logGet(46)) - raft.server.watch.element-limit = 65536 (default)
2024-09-17 10:41:14,821 [eb256187-4e2b-429a-8dc2-6eca9b88007e@group-0C6A6A2ABC1B-LeaderElection33] INFO  server.RaftServerConfigKeys (ConfUtils.java:logGet(46)) - raft.server.read.leader.lease.enabled = false (default)
2024-09-17 10:41:14,821 [eb256187-4e2b-429a-8dc2-6eca9b88007e@group-0C6A6A2ABC1B-LeaderElection33] INFO  server.RaftServerConfigKeys (ConfUtils.java:logGet(46)) - raft.server.read.leader.lease.timeout.ratio = 0.9 (default)
2024-09-17 10:41:14,821 [eb256187-4e2b-429a-8dc2-6eca9b88007e@group-0C6A6A2ABC1B-LeaderElection33] INFO  server.RaftServerConfigKeys (ConfUtils.java:logGet(46)) - raft.server.rpc.timeout.min = 5s (custom)
2024-09-17 10:41:14,822 [eb256187-4e2b-429a-8dc2-6eca9b88007e@group-0C6A6A2ABC1B-LeaderElection33] INFO  server.RaftServerConfigKeys (ConfUtils.java:logGet(46)) - raft.server.log.log-metadata.enabled = true (default)
2024-09-17 10:41:14,822 [eb256187-4e2b-429a-8dc2-6eca9b88007e@group-0C6A6A2ABC1B-LeaderElection33] INFO  server.RaftServerConfigKeys (ConfUtils.java:logGet(46)) - raft.server.write.element-limit = 1024 (custom)
2024-09-17 10:41:14,822 [eb256187-4e2b-429a-8dc2-6eca9b88007e@group-0C6A6A2ABC1B-LeaderElection33] INFO  server.RaftServerConfigKeys (ConfUtils.java:logGet(46)) - raft.server.write.follower.gap.ratio.max = -1.0 (default)
2024-09-17 10:41:14,822 [eb256187-4e2b-429a-8dc2-6eca9b88007e@group-0C6A6A2ABC1B-LeaderElection33] INFO  impl.RoleInfo (RoleInfo.java:updateAndGet(148)) - eb256187-4e2b-429a-8dc2-6eca9b88007e: start eb256187-4e2b-429a-8dc2-6eca9b88007e@group-0C6A6A2ABC1B-LeaderStateImpl
2024-09-17 10:41:14,822 [eb256187-4e2b-429a-8dc2-6eca9b88007e@group-0C6A6A2ABC1B-LeaderElection33] INFO  server.RaftServer$Division (RaftServerImpl.java:setFirstElection(549)) - eb256187-4e2b-429a-8dc2-6eca9b88007e@group-0C6A6A2ABC1B: set firstElectionSinceStartup to false for becomeLeader
2024-09-17 10:41:14,822 [eb256187-4e2b-429a-8dc2-6eca9b88007e@group-0C6A6A2ABC1B-LeaderElection33] INFO  ratis.XceiverServerRatis (XceiverServerRatis.java:handleLeaderChangedNotification(950)) - Leader change notification received for group: group-0C6A6A2ABC1B with new leaderId: eb256187-4e2b-429a-8dc2-6eca9b88007e
2024-09-17 10:41:14,822 [eb256187-4e2b-429a-8dc2-6eca9b88007e@group-0C6A6A2ABC1B-LeaderElection33] INFO  server.RaftServer$Division (ServerState.java:setLeader(272)) - eb256187-4e2b-429a-8dc2-6eca9b88007e@group-0C6A6A2ABC1B: change Leader from null to eb256187-4e2b-429a-8dc2-6eca9b88007e at term 1 for becomeLeader, leader elected after 5033ms
2024-09-17 10:41:14,822 [eb256187-4e2b-429a-8dc2-6eca9b88007e@group-0C6A6A2ABC1B-LeaderElection33] INFO  segmented.SegmentedRaftLogWorker (SegmentedRaftLogWorker.java:startLogSegment(433)) - eb256187-4e2b-429a-8dc2-6eca9b88007e@group-0C6A6A2ABC1B-SegmentedRaftLogWorker: Starting segment from index:0
2024-09-17 10:41:14,822 [eb256187-4e2b-429a-8dc2-6eca9b88007e@group-0C6A6A2ABC1B-LeaderElection33] INFO  server.RaftServer$Division (ServerState.java:setRaftConf(386)) - eb256187-4e2b-429a-8dc2-6eca9b88007e@group-0C6A6A2ABC1B: set configuration conf: {index: 0, cur=peers:[eb256187-4e2b-429a-8dc2-6eca9b88007e|127.0.0.1:15115]|listeners:[], old=null}
2024-09-17 10:41:14,822 [eb256187-4e2b-429a-8dc2-6eca9b88007e@group-0C6A6A2ABC1B-SegmentedRaftLogWorker] INFO  segmented.BufferedWriteChannel (BufferedWriteChannel.java:open(61)) - open log_inprogress_0 at position 0
2024-09-17 10:41:14,832 [eb256187-4e2b-429a-8dc2-6eca9b88007e@group-0C6A6A2ABC1B-SegmentedRaftLogWorker] INFO  segmented.SegmentedRaftLogWorker (SegmentedRaftLogWorker.java:execute(637)) - eb256187-4e2b-429a-8dc2-6eca9b88007e@group-0C6A6A2ABC1B-SegmentedRaftLogWorker: created new log segment /home/runner/work/ozone/ozone/hadoop-ozone/integration-test/target/test-dir/MiniOzoneClusterImpl-90660ac4-7e9c-448b-98ea-af4f808cf8d9/ozone-meta/datanode-2/ratis/cf90e5a1-d452-4d2c-a627-0c6a6a2abc1b/current/log_inprogress_0
2024-09-17 10:41:14,836 [eb256187-4e2b-429a-8dc2-6eca9b88007e@group-0C6A6A2ABC1B-StateMachineUpdater] INFO  server.RaftServer$Division (LeaderStateImpl.java:checkStartIndex(316)) - Leader eb256187-4e2b-429a-8dc2-6eca9b88007e@group-0C6A6A2ABC1B-LeaderStateImpl is ready since appliedIndex == startIndex == 0
2024-09-17 10:41:15,041 [main] INFO  ozone.MiniOzoneClusterImpl (MiniOzoneClusterImpl.java:lambda$waitForClusterToBeReady$0(198)) - Nodes are ready. Got 3 of 3 DN Heartbeats.
2024-09-17 10:41:15,042 [main] INFO  ozone.MiniOzoneClusterImpl (MiniOzoneClusterImpl.java:lambda$waitForClusterToBeReady$0(201)) - Cluster exits safe mode
2024-09-17 10:41:15,042 [main] INFO  ozone.MiniOzoneClusterImpl (MiniOzoneClusterImpl.java:lambda$waitForClusterToBeReady$0(203)) - SCM became leader
2024-09-17 10:41:15,054 [main] INFO  rpc.RpcClient (RpcClient.java:createVolume(486)) - Creating Volume: volume1, with user3 as owner and space quota set to -1 bytes, counts quota set to -1
2024-09-17 10:41:15,058 [omNode-1-OMStateMachineApplyTransactionThread - 0] INFO  volume.OMVolumeCreateRequest (OMVolumeCreateRequest.java:validateAndUpdateCache(198)) - created volume:volume1 for user:user3
2024-09-17 10:41:15,060 [main] INFO  rpc.RpcClient (RpcClient.java:createBucket(712)) - Creating Bucket: volume1/bucket2, with bucket layout OBJECT_STORE, runner as owner, Versioning false, Storage Type set to DISK and Encryption set to false, Replication Type set to server-side default replication type, Namespace Quota set to -1, Space Quota set to -1 
2024-09-17 10:41:15,067 [grpc-default-executor-0] WARN  server.GrpcLogAppender (GrpcLogAppender.java:lambda$resetClient$1(221)) - omNode-1@group-523986131536->omNode-3-GrpcLogAppender: Follower failed (request=null, errorCount=35); keep nextIndex (4) unchanged and retry.
2024-09-17 10:41:15,068 [omNode-2-OMStateMachineApplyTransactionThread - 0] INFO  volume.OMVolumeCreateRequest (OMVolumeCreateRequest.java:validateAndUpdateCache(198)) - created volume:volume1 for user:user3
2024-09-17 10:41:15,068 [omNode-1-OMStateMachineApplyTransactionThread - 0] INFO  bucket.OMBucketCreateRequest (OMBucketCreateRequest.java:validateAndUpdateCache(293)) - created bucket: bucket2 of layout OBJECT_STORE in volume: volume1
2024-09-17 10:41:15,073 [IPC Server handler 5 on default port 15087] INFO  ha.SequenceIdGenerator (SequenceIdGenerator.java:getNextId(144)) - Allocate a batch for containerId, change lastId from 0 to 1000.
2024-09-17 10:41:15,073 [c84c3cd8-1177-42bf-a027-8b47ada8137b@group-8BE6D7C8A7A2-FollowerState] INFO  impl.FollowerState (FollowerState.java:run(144)) - c84c3cd8-1177-42bf-a027-8b47ada8137b@group-8BE6D7C8A7A2-FollowerState: change to CANDIDATE, lastRpcElapsedTime:5019037208ns, electionTimeout:5018ms
2024-09-17 10:41:15,073 [c84c3cd8-1177-42bf-a027-8b47ada8137b@group-8BE6D7C8A7A2-FollowerState] INFO  impl.RoleInfo (RoleInfo.java:shutdownFollowerState(119)) - c84c3cd8-1177-42bf-a027-8b47ada8137b: shutdown c84c3cd8-1177-42bf-a027-8b47ada8137b@group-8BE6D7C8A7A2-FollowerState
2024-09-17 10:41:15,073 [c84c3cd8-1177-42bf-a027-8b47ada8137b@group-8BE6D7C8A7A2-FollowerState] INFO  server.RaftServer$Division (RaftServerImpl.java:setRole(376)) - c84c3cd8-1177-42bf-a027-8b47ada8137b@group-8BE6D7C8A7A2: changes role from  FOLLOWER to CANDIDATE at term 0 for changeToCandidate
2024-09-17 10:41:15,073 [c84c3cd8-1177-42bf-a027-8b47ada8137b@group-8BE6D7C8A7A2-FollowerState] INFO  server.RaftServerConfigKeys (ConfUtils.java:logGet(46)) - raft.server.leaderelection.pre-vote = true (default)
2024-09-17 10:41:15,073 [IPC Server handler 5 on default port 15087] WARN  ha.SequenceIdGenerator (SequenceIdGenerator.java:allocateBatch(257)) - Failed to allocate a batch for localId, expected lastId is 0, actual lastId is 113750153625600000.
2024-09-17 10:41:15,073 [IPC Server handler 5 on default port 15087] INFO  ha.SequenceIdGenerator (SequenceIdGenerator.java:getNextId(144)) - Allocate a batch for localId, change lastId from 113750153625600000 to 113750153625601000.
2024-09-17 10:41:15,073 [c84c3cd8-1177-42bf-a027-8b47ada8137b@group-8BE6D7C8A7A2-FollowerState] INFO  impl.RoleInfo (RoleInfo.java:updateAndGet(148)) - c84c3cd8-1177-42bf-a027-8b47ada8137b: start c84c3cd8-1177-42bf-a027-8b47ada8137b@group-8BE6D7C8A7A2-LeaderElection34
2024-09-17 10:41:15,074 [c84c3cd8-1177-42bf-a027-8b47ada8137b@group-8BE6D7C8A7A2-LeaderElection34] INFO  impl.LeaderElection (LeaderElection.java:askForVotes(321)) - c84c3cd8-1177-42bf-a027-8b47ada8137b@group-8BE6D7C8A7A2-LeaderElection34 PRE_VOTE round 0: submit vote requests at term 0 for conf: {index: -1, cur=peers:[c84c3cd8-1177-42bf-a027-8b47ada8137b|127.0.0.1:15124]|listeners:[], old=null}
2024-09-17 10:41:15,074 [c84c3cd8-1177-42bf-a027-8b47ada8137b@group-8BE6D7C8A7A2-LeaderElection34] INFO  impl.LeaderElection (LeaderElection.java:askForVotes(323)) - c84c3cd8-1177-42bf-a027-8b47ada8137b@group-8BE6D7C8A7A2-LeaderElection34 PRE_VOTE round 0: result PASSED (term=0)
2024-09-17 10:41:15,075 [c84c3cd8-1177-42bf-a027-8b47ada8137b@group-8BE6D7C8A7A2-LeaderElection34] INFO  impl.LeaderElection (LeaderElection.java:askForVotes(321)) - c84c3cd8-1177-42bf-a027-8b47ada8137b@group-8BE6D7C8A7A2-LeaderElection34 ELECTION round 0: submit vote requests at term 1 for conf: {index: -1, cur=peers:[c84c3cd8-1177-42bf-a027-8b47ada8137b|127.0.0.1:15124]|listeners:[], old=null}
2024-09-17 10:41:15,075 [c84c3cd8-1177-42bf-a027-8b47ada8137b@group-8BE6D7C8A7A2-LeaderElection34] INFO  impl.LeaderElection (LeaderElection.java:askForVotes(323)) - c84c3cd8-1177-42bf-a027-8b47ada8137b@group-8BE6D7C8A7A2-LeaderElection34 ELECTION round 0: result PASSED (term=1)
2024-09-17 10:41:15,075 [c84c3cd8-1177-42bf-a027-8b47ada8137b@group-8BE6D7C8A7A2-LeaderElection34] INFO  impl.RoleInfo (RoleInfo.java:shutdownLeaderElection(139)) - c84c3cd8-1177-42bf-a027-8b47ada8137b: shutdown c84c3cd8-1177-42bf-a027-8b47ada8137b@group-8BE6D7C8A7A2-LeaderElection34
2024-09-17 10:41:15,075 [c84c3cd8-1177-42bf-a027-8b47ada8137b@group-8BE6D7C8A7A2-LeaderElection34] INFO  server.RaftServer$Division (RaftServerImpl.java:setRole(376)) - c84c3cd8-1177-42bf-a027-8b47ada8137b@group-8BE6D7C8A7A2: changes role from CANDIDATE to LEADER at term 1 for changeToLeader
2024-09-17 10:41:15,075 [c84c3cd8-1177-42bf-a027-8b47ada8137b@group-8BE6D7C8A7A2-LeaderElection34] INFO  server.RaftServerConfigKeys (ConfUtils.java:logGet(46)) - raft.server.staging.catchup.gap = 1000 (default)
2024-09-17 10:41:15,076 [c84c3cd8-1177-42bf-a027-8b47ada8137b@group-8BE6D7C8A7A2-LeaderElection34] INFO  server.RaftServerConfigKeys (ConfUtils.java:logGet(46)) - raft.server.write.element-limit = 1024 (custom)
2024-09-17 10:41:15,076 [c84c3cd8-1177-42bf-a027-8b47ada8137b@group-8BE6D7C8A7A2-LeaderElection34] INFO  server.RaftServerConfigKeys (ConfUtils.java:logGet(46)) - raft.server.write.byte-limit = 1024 M (=1073741824) (custom)
2024-09-17 10:41:15,076 [c84c3cd8-1177-42bf-a027-8b47ada8137b@group-8BE6D7C8A7A2-LeaderElection34] INFO  server.RaftServerConfigKeys (ConfUtils.java:logGet(46)) - raft.server.watch.timeout = 30s (custom)
2024-09-17 10:41:15,076 [c84c3cd8-1177-42bf-a027-8b47ada8137b@group-8BE6D7C8A7A2-LeaderElection34] INFO  server.RaftServerConfigKeys (ConfUtils.java:logGet(46)) - raft.server.watch.timeout.denomination = 1s (default)
2024-09-17 10:41:15,076 [c84c3cd8-1177-42bf-a027-8b47ada8137b@group-8BE6D7C8A7A2-LeaderElection34] INFO  server.RaftServerConfigKeys (ConfUtils.java:logGet(46)) - raft.server.watch.element-limit = 65536 (default)
2024-09-17 10:41:15,077 [c84c3cd8-1177-42bf-a027-8b47ada8137b@group-8BE6D7C8A7A2-LeaderElection34] INFO  server.RaftServerConfigKeys (ConfUtils.java:logGet(46)) - raft.server.read.leader.lease.enabled = false (default)
2024-09-17 10:41:15,077 [c84c3cd8-1177-42bf-a027-8b47ada8137b@group-8BE6D7C8A7A2-LeaderElection34] INFO  server.RaftServerConfigKeys (ConfUtils.java:logGet(46)) - raft.server.read.leader.lease.timeout.ratio = 0.9 (default)
2024-09-17 10:41:15,077 [c84c3cd8-1177-42bf-a027-8b47ada8137b@group-8BE6D7C8A7A2-LeaderElection34] INFO  server.RaftServerConfigKeys (ConfUtils.java:logGet(46)) - raft.server.rpc.timeout.min = 5s (custom)
2024-09-17 10:41:15,077 [c84c3cd8-1177-42bf-a027-8b47ada8137b@group-8BE6D7C8A7A2-LeaderElection34] INFO  server.RaftServerConfigKeys (ConfUtils.java:logGet(46)) - raft.server.log.log-metadata.enabled = true (default)
2024-09-17 10:41:15,077 [c84c3cd8-1177-42bf-a027-8b47ada8137b@group-8BE6D7C8A7A2-LeaderElection34] INFO  server.RaftServerConfigKeys (ConfUtils.java:logGet(46)) - raft.server.write.element-limit = 1024 (custom)
2024-09-17 10:41:15,077 [c84c3cd8-1177-42bf-a027-8b47ada8137b@group-8BE6D7C8A7A2-LeaderElection34] INFO  server.RaftServerConfigKeys (ConfUtils.java:logGet(46)) - raft.server.write.follower.gap.ratio.max = -1.0 (default)
2024-09-17 10:41:15,077 [c84c3cd8-1177-42bf-a027-8b47ada8137b@group-8BE6D7C8A7A2-LeaderElection34] INFO  impl.RoleInfo (RoleInfo.java:updateAndGet(148)) - c84c3cd8-1177-42bf-a027-8b47ada8137b: start c84c3cd8-1177-42bf-a027-8b47ada8137b@group-8BE6D7C8A7A2-LeaderStateImpl
2024-09-17 10:41:15,077 [c84c3cd8-1177-42bf-a027-8b47ada8137b@group-8BE6D7C8A7A2-LeaderElection34] INFO  server.RaftServer$Division (RaftServerImpl.java:setFirstElection(549)) - c84c3cd8-1177-42bf-a027-8b47ada8137b@group-8BE6D7C8A7A2: set firstElectionSinceStartup to false for becomeLeader
2024-09-17 10:41:15,077 [c84c3cd8-1177-42bf-a027-8b47ada8137b@group-8BE6D7C8A7A2-LeaderElection34] INFO  ratis.XceiverServerRatis (XceiverServerRatis.java:handleLeaderChangedNotification(950)) - Leader change notification received for group: group-8BE6D7C8A7A2 with new leaderId: c84c3cd8-1177-42bf-a027-8b47ada8137b
2024-09-17 10:41:15,079 [c84c3cd8-1177-42bf-a027-8b47ada8137b@group-8BE6D7C8A7A2-LeaderElection34] INFO  server.RaftServer$Division (ServerState.java:setLeader(272)) - c84c3cd8-1177-42bf-a027-8b47ada8137b@group-8BE6D7C8A7A2: change Leader from null to c84c3cd8-1177-42bf-a027-8b47ada8137b at term 1 for becomeLeader, leader elected after 5038ms
2024-09-17 10:41:15,079 [omNode-2-OMStateMachineApplyTransactionThread - 0] INFO  bucket.OMBucketCreateRequest (OMBucketCreateRequest.java:validateAndUpdateCache(293)) - created bucket: bucket2 of layout OBJECT_STORE in volume: volume1
2024-09-17 10:41:15,079 [grpc-default-executor-3] WARN  server.GrpcLogAppender (GrpcLogAppender.java:lambda$resetClient$1(221)) - omNode-1@group-523986131536->omNode-3-GrpcLogAppender: Follower failed (request=null, errorCount=37); keep nextIndex (6) unchanged and retry.
2024-09-17 10:41:15,080 [c84c3cd8-1177-42bf-a027-8b47ada8137b@group-8BE6D7C8A7A2-LeaderElection34] INFO  segmented.SegmentedRaftLogWorker (SegmentedRaftLogWorker.java:startLogSegment(433)) - c84c3cd8-1177-42bf-a027-8b47ada8137b@group-8BE6D7C8A7A2-SegmentedRaftLogWorker: Starting segment from index:0
2024-09-17 10:41:15,081 [c84c3cd8-1177-42bf-a027-8b47ada8137b@group-8BE6D7C8A7A2-SegmentedRaftLogWorker] INFO  segmented.BufferedWriteChannel (BufferedWriteChannel.java:open(61)) - open log_inprogress_0 at position 0
2024-09-17 10:41:15,081 [c84c3cd8-1177-42bf-a027-8b47ada8137b@group-8BE6D7C8A7A2-LeaderElection34] INFO  server.RaftServer$Division (ServerState.java:setRaftConf(386)) - c84c3cd8-1177-42bf-a027-8b47ada8137b@group-8BE6D7C8A7A2: set configuration conf: {index: 0, cur=peers:[c84c3cd8-1177-42bf-a027-8b47ada8137b|127.0.0.1:15124]|listeners:[], old=null}
2024-09-17 10:41:15,090 [grpc-default-executor-3] WARN  server.GrpcLogAppender (GrpcLogAppender.java:lambda$resetClient$1(221)) - omNode-1@group-523986131536->omNode-3-GrpcLogAppender: Follower failed (request=null, errorCount=39); keep nextIndex (7) unchanged and retry.
2024-09-17 10:41:15,091 [c84c3cd8-1177-42bf-a027-8b47ada8137b@group-8BE6D7C8A7A2-SegmentedRaftLogWorker] INFO  segmented.SegmentedRaftLogWorker (SegmentedRaftLogWorker.java:execute(637)) - c84c3cd8-1177-42bf-a027-8b47ada8137b@group-8BE6D7C8A7A2-SegmentedRaftLogWorker: created new log segment /home/runner/work/ozone/ozone/hadoop-ozone/integration-test/target/test-dir/MiniOzoneClusterImpl-90660ac4-7e9c-448b-98ea-af4f808cf8d9/ozone-meta/datanode-3/ratis/99964627-5e4e-4491-875f-8be6d7c8a7a2/current/log_inprogress_0
2024-09-17 10:41:15,093 [c84c3cd8-1177-42bf-a027-8b47ada8137b@group-8BE6D7C8A7A2-StateMachineUpdater] INFO  server.RaftServer$Division (LeaderStateImpl.java:checkStartIndex(316)) - Leader c84c3cd8-1177-42bf-a027-8b47ada8137b@group-8BE6D7C8A7A2-LeaderStateImpl is ready since appliedIndex == startIndex == 0
2024-09-17 10:41:15,117 [grpc-default-executor-0] WARN  server.GrpcLogAppender (GrpcLogAppender.java:lambda$resetClient$1(221)) - omNode-1@group-523986131536->omNode-3-GrpcLogAppender: Follower failed (request=null, errorCount=41); keep nextIndex (8) unchanged and retry.
2024-09-17 10:41:15,128 [grpc-default-executor-1] WARN  server.GrpcLogAppender (GrpcLogAppender.java:lambda$resetClient$1(221)) - omNode-1@group-523986131536->omNode-3-GrpcLogAppender: Follower failed (request=null, errorCount=43); keep nextIndex (10) unchanged and retry.
2024-09-17 10:41:15,139 [grpc-default-executor-0] WARN  server.GrpcLogAppender (GrpcLogAppender.java:lambda$resetClient$1(221)) - omNode-1@group-523986131536->omNode-3-GrpcLogAppender: Follower failed (request=null, errorCount=45); keep nextIndex (11) unchanged and retry.
2024-09-17 10:41:15,150 [grpc-default-executor-0] WARN  server.GrpcLogAppender (GrpcLogAppender.java:lambda$resetClient$1(221)) - omNode-1@group-523986131536->omNode-3-GrpcLogAppender: Follower failed (request=null, errorCount=47); keep nextIndex (12) unchanged and retry.
2024-09-17 10:41:15,173 [grpc-default-executor-1] WARN  server.GrpcLogAppender (GrpcLogAppender.java:lambda$resetClient$1(221)) - omNode-1@group-523986131536->omNode-3-GrpcLogAppender: Follower failed (request=null, errorCount=49); keep nextIndex (14) unchanged and retry.
2024-09-17 10:41:15,193 [grpc-default-executor-0] WARN  server.GrpcLogAppender (GrpcLogAppender.java:lambda$resetClient$1(221)) - omNode-1@group-523986131536->omNode-3-GrpcLogAppender: Follower failed (request=null, errorCount=51); keep nextIndex (17) unchanged and retry.
2024-09-17 10:41:15,204 [grpc-default-executor-1] WARN  server.GrpcLogAppender (GrpcLogAppender.java:lambda$resetClient$1(221)) - omNode-1@group-523986131536->omNode-3-GrpcLogAppender: Follower failed (request=null, errorCount=53); keep nextIndex (18) unchanged and retry.
2024-09-17 10:41:15,216 [grpc-default-executor-1] WARN  server.GrpcLogAppender (GrpcLogAppender.java:lambda$resetClient$1(221)) - omNode-1@group-523986131536->omNode-3-GrpcLogAppender: Follower failed (request=null, errorCount=55); keep nextIndex (19) unchanged and retry.
2024-09-17 10:41:15,231 [grpc-default-executor-0] WARN  server.GrpcLogAppender (GrpcLogAppender.java:lambda$resetClient$1(221)) - omNode-1@group-523986131536->omNode-3-GrpcLogAppender: Follower failed (request=null, errorCount=57); keep nextIndex (20) unchanged and retry.
2024-09-17 10:41:15,239 [grpc-default-executor-1] WARN  server.GrpcLogAppender (GrpcLogAppender.java:lambda$resetClient$1(221)) - omNode-1@group-523986131536->omNode-3-GrpcLogAppender: Follower failed (request=null, errorCount=59); keep nextIndex (22) unchanged and retry.
2024-09-17 10:41:15,258 [grpc-default-executor-1] WARN  server.GrpcLogAppender (GrpcLogAppender.java:lambda$resetClient$1(221)) - omNode-1@group-523986131536->omNode-3-GrpcLogAppender: Follower failed (request=null, errorCount=61); keep nextIndex (23) unchanged and retry.
2024-09-17 10:41:15,278 [grpc-default-executor-0] WARN  server.GrpcLogAppender (GrpcLogAppender.java:lambda$resetClient$1(221)) - omNode-1@group-523986131536->omNode-3-GrpcLogAppender: Follower failed (request=null, errorCount=63); keep nextIndex (24) unchanged and retry.
2024-09-17 10:41:15,292 [grpc-default-executor-1] WARN  server.GrpcLogAppender (GrpcLogAppender.java:lambda$resetClient$1(221)) - omNode-1@group-523986131536->omNode-3-GrpcLogAppender: Follower failed (request=null, errorCount=65); keep nextIndex (26) unchanged and retry.
2024-09-17 10:41:15,303 [grpc-default-executor-1] WARN  server.GrpcLogAppender (GrpcLogAppender.java:lambda$resetClient$1(221)) - omNode-1@group-523986131536->omNode-3-GrpcLogAppender: Follower failed (request=null, errorCount=67); keep nextIndex (27) unchanged and retry.
2024-09-17 10:41:15,337 [grpc-default-executor-0] WARN  server.GrpcLogAppender (GrpcLogAppender.java:lambda$resetClient$1(221)) - omNode-1@group-523986131536->omNode-3-GrpcLogAppender: Follower failed (request=null, errorCount=73); keep nextIndex (30) unchanged and retry.
2024-09-17 10:41:15,347 [grpc-default-executor-0] WARN  server.GrpcLogAppender (GrpcLogAppender.java:lambda$resetClient$1(221)) - omNode-1@group-523986131536->omNode-3-GrpcLogAppender: Follower failed (request=null, errorCount=75); keep nextIndex (31) unchanged and retry.
2024-09-17 10:41:15,358 [grpc-default-executor-1] WARN  server.GrpcLogAppender (GrpcLogAppender.java:lambda$resetClient$1(221)) - omNode-1@group-523986131536->omNode-3-GrpcLogAppender: Follower failed (request=null, errorCount=77); keep nextIndex (32) unchanged and retry.
2024-09-17 10:41:15,369 [grpc-default-executor-0] WARN  server.GrpcLogAppender (GrpcLogAppender.java:lambda$resetClient$1(221)) - omNode-1@group-523986131536->omNode-3-GrpcLogAppender: Follower failed (request=null, errorCount=79); keep nextIndex (33) unchanged and retry.
2024-09-17 10:41:15,380 [grpc-default-executor-1] WARN  server.GrpcLogAppender (GrpcLogAppender.java:lambda$resetClient$1(221)) - omNode-1@group-523986131536->omNode-3-GrpcLogAppender: Follower failed (request=null, errorCount=81); keep nextIndex (34) unchanged and retry.
2024-09-17 10:41:15,391 [grpc-default-executor-1] WARN  server.GrpcLogAppender (GrpcLogAppender.java:lambda$resetClient$1(221)) - omNode-1@group-523986131536->omNode-3-GrpcLogAppender: Follower failed (request=null, errorCount=83); keep nextIndex (35) unchanged and retry.
2024-09-17 10:41:15,409 [grpc-default-executor-0] WARN  server.GrpcLogAppender (GrpcLogAppender.java:lambda$resetClient$1(221)) - omNode-1@group-523986131536->omNode-3-GrpcLogAppender: Follower failed (request=null, errorCount=85); keep nextIndex (36) unchanged and retry.
2024-09-17 10:41:15,415 [grpc-default-executor-1] WARN  server.GrpcLogAppender (GrpcLogAppender.java:lambda$resetClient$1(221)) - omNode-1@group-523986131536->omNode-3-GrpcLogAppender: Follower failed (request=null, errorCount=87); keep nextIndex (38) unchanged and retry.
2024-09-17 10:41:15,434 [grpc-default-executor-1] WARN  server.GrpcLogAppender (GrpcLogAppender.java:lambda$resetClient$1(221)) - omNode-1@group-523986131536->omNode-3-GrpcLogAppender: Follower failed (request=null, errorCount=89); keep nextIndex (39) unchanged and retry.
2024-09-17 10:41:15,452 [grpc-default-executor-0] WARN  server.GrpcLogAppender (GrpcLogAppender.java:lambda$resetClient$1(221)) - omNode-1@group-523986131536->omNode-3-GrpcLogAppender: Follower failed (request=null, errorCount=91); keep nextIndex (40) unchanged and retry.
2024-09-17 10:41:15,466 [grpc-default-executor-1] WARN  server.GrpcLogAppender (GrpcLogAppender.java:lambda$resetClient$1(221)) - omNode-1@group-523986131536->omNode-3-GrpcLogAppender: Follower failed (request=null, errorCount=93); keep nextIndex (42) unchanged and retry.
2024-09-17 10:41:15,477 [grpc-default-executor-0] WARN  server.GrpcLogAppender (GrpcLogAppender.java:lambda$resetClient$1(221)) - omNode-1@group-523986131536->omNode-3-GrpcLogAppender: Follower failed (request=null, errorCount=95); keep nextIndex (43) unchanged and retry.
2024-09-17 10:41:15,497 [grpc-default-executor-0] WARN  server.GrpcLogAppender (GrpcLogAppender.java:lambda$resetClient$1(221)) - omNode-1@group-523986131536->omNode-3-GrpcLogAppender: Follower failed (request=null, errorCount=97); keep nextIndex (44) unchanged and retry.
2024-09-17 10:41:15,510 [grpc-default-executor-1] WARN  server.GrpcLogAppender (GrpcLogAppender.java:lambda$resetClient$1(221)) - omNode-1@group-523986131536->omNode-3-GrpcLogAppender: Follower failed (request=null, errorCount=99); keep nextIndex (46) unchanged and retry.
2024-09-17 10:41:15,520 [grpc-default-executor-0] WARN  server.GrpcLogAppender (GrpcLogAppender.java:lambda$resetClient$1(221)) - omNode-1@group-523986131536->omNode-3-GrpcLogAppender: Follower failed (request=null, errorCount=101); keep nextIndex (47) unchanged and retry.
2024-09-17 10:41:15,534 [omNode-1-OMStateMachineApplyTransactionThread - 0] WARN  snapshot.OMSnapshotCreateRequest (OMSnapshotCreateRequest.java:estimateBucketDataSize(338)) - DefaultReplicationConfig is not correctly set in OmBucketInfo for volume 'volume1' bucket 'bucket2'. Falling back to config default 'RATIS/THREE'
2024-09-17 10:41:15,534 [omNode-1-OMStateMachineApplyTransactionThread - 0] INFO  snapshot.OMSnapshotCreateRequest (OMSnapshotCreateRequest.java:validateAndUpdateCache(219)) - Created snapshot: 'snapshot-0' with snapshotId: '01d07947-bdf4-4816-a54e-b5b60330999a' under path 'volume1/bucket2'
2024-09-17 10:41:15,535 [main] WARN  server.ServerUtils (ServerUtils.java:getDBPath(299)) - ozone.om.db.dirs is not configured. We recommend adding this setting. Falling back to ozone.metadata.dirs instead.
2024-09-17 10:41:15,545 [omNode-2-OMStateMachineApplyTransactionThread - 0] WARN  snapshot.OMSnapshotCreateRequest (OMSnapshotCreateRequest.java:estimateBucketDataSize(338)) - DefaultReplicationConfig is not correctly set in OmBucketInfo for volume 'volume1' bucket 'bucket2'. Falling back to config default 'RATIS/THREE'
2024-09-17 10:41:15,546 [omNode-2-OMStateMachineApplyTransactionThread - 0] INFO  snapshot.OMSnapshotCreateRequest (OMSnapshotCreateRequest.java:validateAndUpdateCache(219)) - Created snapshot: 'snapshot-0' with snapshotId: '01d07947-bdf4-4816-a54e-b5b60330999a' under path 'volume1/bucket2'
2024-09-17 10:41:15,558 [omNode-1-OMDoubleBufferFlushThread] INFO  db.RDBCheckpointManager (RDBCheckpointManager.java:createCheckpoint(89)) - Created checkpoint in rocksDB at /home/runner/work/ozone/ozone/hadoop-ozone/integration-test/target/test-dir/MiniOzoneClusterImpl-90660ac4-7e9c-448b-98ea-af4f808cf8d9/omNode-1/db.snapshots/checkpointState/om.db-01d07947-bdf4-4816-a54e-b5b60330999a in 22 milliseconds
2024-09-17 10:41:15,558 [omNode-1-OMDoubleBufferFlushThread] INFO  om.OmSnapshotManager (OmSnapshotManager.java:createOmSnapshotCheckpoint(484)) - Created checkpoint : /home/runner/work/ozone/ozone/hadoop-ozone/integration-test/target/test-dir/MiniOzoneClusterImpl-90660ac4-7e9c-448b-98ea-af4f808cf8d9/omNode-1/db.snapshots/checkpointState/om.db-01d07947-bdf4-4816-a54e-b5b60330999a for snapshot snapshot-0
2024-09-17 10:41:15,567 [omNode-2-OMDoubleBufferFlushThread] INFO  db.RDBCheckpointManager (RDBCheckpointManager.java:createCheckpoint(89)) - Created checkpoint in rocksDB at /home/runner/work/ozone/ozone/hadoop-ozone/integration-test/target/test-dir/MiniOzoneClusterImpl-90660ac4-7e9c-448b-98ea-af4f808cf8d9/omNode-2/db.snapshots/checkpointState/om.db-01d07947-bdf4-4816-a54e-b5b60330999a in 19 milliseconds
2024-09-17 10:41:15,567 [omNode-2-OMDoubleBufferFlushThread] INFO  om.OmSnapshotManager (OmSnapshotManager.java:createOmSnapshotCheckpoint(484)) - Created checkpoint : /home/runner/work/ozone/ozone/hadoop-ozone/integration-test/target/test-dir/MiniOzoneClusterImpl-90660ac4-7e9c-448b-98ea-af4f808cf8d9/omNode-2/db.snapshots/checkpointState/om.db-01d07947-bdf4-4816-a54e-b5b60330999a for snapshot snapshot-0
2024-09-17 10:41:15,651 [grpc-default-executor-0] WARN  server.GrpcLogAppender (GrpcLogAppender.java:lambda$resetClient$1(221)) - omNode-1@group-523986131536->omNode-3-GrpcLogAppender: Follower failed (request=null, errorCount=105); keep nextIndex (50) unchanged and retry.
2024-09-17 10:41:15,662 [grpc-default-executor-0] WARN  server.GrpcLogAppender (GrpcLogAppender.java:lambda$resetClient$1(221)) - omNode-1@group-523986131536->omNode-3-GrpcLogAppender: Follower failed (request=null, errorCount=107); keep nextIndex (51) unchanged and retry.
2024-09-17 10:41:15,664 [omNode-1-client-thread1] INFO  segmented.SegmentedRaftLogWorker (SegmentedRaftLogWorker.java:rollLogSegment(438)) - omNode-1@group-523986131536-SegmentedRaftLogWorker: Rolling segment log-0_50 to index:50
2024-09-17 10:41:15,665 [omNode-1@group-523986131536-SegmentedRaftLogWorker] INFO  segmented.SegmentedRaftLogWorker (SegmentedRaftLogWorker.java:execute(594)) - omNode-1@group-523986131536-SegmentedRaftLogWorker: Rolled log segment from /home/runner/work/ozone/ozone/hadoop-ozone/integration-test/target/test-dir/MiniOzoneClusterImpl-90660ac4-7e9c-448b-98ea-af4f808cf8d9/omNode-1/ratis/c9bc4cf4-3bc3-3c60-a66b-523986131536/current/log_inprogress_0 to /home/runner/work/ozone/ozone/hadoop-ozone/integration-test/target/test-dir/MiniOzoneClusterImpl-90660ac4-7e9c-448b-98ea-af4f808cf8d9/omNode-1/ratis/c9bc4cf4-3bc3-3c60-a66b-523986131536/current/log_0-50
2024-09-17 10:41:15,665 [omNode-1@group-523986131536-SegmentedRaftLogWorker] INFO  segmented.BufferedWriteChannel (BufferedWriteChannel.java:open(61)) - open log_inprogress_51 at position 0
2024-09-17 10:41:15,666 [omNode-1@group-523986131536-SegmentedRaftLogWorker] INFO  segmented.SegmentedRaftLogWorker (SegmentedRaftLogWorker.java:execute(637)) - omNode-1@group-523986131536-SegmentedRaftLogWorker: created new log segment /home/runner/work/ozone/ozone/hadoop-ozone/integration-test/target/test-dir/MiniOzoneClusterImpl-90660ac4-7e9c-448b-98ea-af4f808cf8d9/omNode-1/ratis/c9bc4cf4-3bc3-3c60-a66b-523986131536/current/log_inprogress_51
2024-09-17 10:41:15,671 [omNode-1@group-523986131536-StateMachineUpdater] INFO  ratis.OzoneManagerStateMachine (OzoneManagerStateMachine.java:takeSnapshotImpl(485)) -  applied = (t:1, i:50)
2024-09-17 10:41:15,671 [omNode-1@group-523986131536-StateMachineUpdater] INFO  ratis.OzoneManagerStateMachine (OzoneManagerStateMachine.java:takeSnapshotImpl(486)) -  skipped = 49
2024-09-17 10:41:15,671 [omNode-1@group-523986131536-StateMachineUpdater] INFO  ratis.OzoneManagerStateMachine (OzoneManagerStateMachine.java:takeSnapshotImpl(487)) - notified = (t:1, i:50)
2024-09-17 10:41:15,671 [omNode-1@group-523986131536-StateMachineUpdater] INFO  ratis.OzoneManagerStateMachine (OzoneManagerStateMachine.java:takeSnapshotImpl(488)) - snapshot = (t:1, i:50)
2024-09-17 10:41:15,682 [omNode-2-server-thread1] INFO  segmented.SegmentedRaftLogWorker (SegmentedRaftLogWorker.java:rollLogSegment(438)) - omNode-2@group-523986131536-SegmentedRaftLogWorker: Rolling segment log-0_50 to index:50
2024-09-17 10:41:15,683 [omNode-2@group-523986131536-SegmentedRaftLogWorker] INFO  segmented.SegmentedRaftLogWorker (SegmentedRaftLogWorker.java:execute(594)) - omNode-2@group-523986131536-SegmentedRaftLogWorker: Rolled log segment from /home/runner/work/ozone/ozone/hadoop-ozone/integration-test/target/test-dir/MiniOzoneClusterImpl-90660ac4-7e9c-448b-98ea-af4f808cf8d9/omNode-2/ratis/c9bc4cf4-3bc3-3c60-a66b-523986131536/current/log_inprogress_0 to /home/runner/work/ozone/ozone/hadoop-ozone/integration-test/target/test-dir/MiniOzoneClusterImpl-90660ac4-7e9c-448b-98ea-af4f808cf8d9/omNode-2/ratis/c9bc4cf4-3bc3-3c60-a66b-523986131536/current/log_0-50
2024-09-17 10:41:15,683 [omNode-2@group-523986131536-SegmentedRaftLogWorker] INFO  segmented.BufferedWriteChannel (BufferedWriteChannel.java:open(61)) - open log_inprogress_51 at position 0
2024-09-17 10:41:15,684 [omNode-2@group-523986131536-SegmentedRaftLogWorker] INFO  segmented.SegmentedRaftLogWorker (SegmentedRaftLogWorker.java:execute(637)) - omNode-2@group-523986131536-SegmentedRaftLogWorker: created new log segment /home/runner/work/ozone/ozone/hadoop-ozone/integration-test/target/test-dir/MiniOzoneClusterImpl-90660ac4-7e9c-448b-98ea-af4f808cf8d9/omNode-2/ratis/c9bc4cf4-3bc3-3c60-a66b-523986131536/current/log_inprogress_51
2024-09-17 10:41:15,684 [omNode-2@group-523986131536-StateMachineUpdater] INFO  ratis.OzoneManagerStateMachine (OzoneManagerStateMachine.java:takeSnapshotImpl(485)) -  applied = (t:1, i:50)
2024-09-17 10:41:15,684 [omNode-2@group-523986131536-StateMachineUpdater] INFO  ratis.OzoneManagerStateMachine (OzoneManagerStateMachine.java:takeSnapshotImpl(486)) -  skipped = 49
2024-09-17 10:41:15,684 [omNode-2@group-523986131536-StateMachineUpdater] INFO  ratis.OzoneManagerStateMachine (OzoneManagerStateMachine.java:takeSnapshotImpl(487)) - notified = (t:1, i:50)
2024-09-17 10:41:15,684 [omNode-2@group-523986131536-StateMachineUpdater] INFO  ratis.OzoneManagerStateMachine (OzoneManagerStateMachine.java:takeSnapshotImpl(488)) - snapshot = (t:1, i:50)
2024-09-17 10:41:15,685 [grpc-default-executor-3] WARN  server.GrpcLogAppender (GrpcLogAppender.java:lambda$resetClient$1(221)) - omNode-1@group-523986131536->omNode-3-GrpcLogAppender: Follower failed (request=null, errorCount=109); keep nextIndex (52) unchanged and retry.
2024-09-17 10:41:15,695 [omNode-1@group-523986131536-StateMachineUpdater] INFO  impl.StateMachineUpdater (StateMachineUpdater.java:takeSnapshot(303)) - omNode-1@group-523986131536-StateMachineUpdater: Took a snapshot at index 50
2024-09-17 10:41:15,695 [omNode-1@group-523986131536-StateMachineUpdater] INFO  impl.StateMachineUpdater (StateMachineUpdater.java:lambda$new$0(102)) - omNode-1@group-523986131536-StateMachineUpdater: snapshotIndex: updateIncreasingly -1 -> 50
2024-09-17 10:41:15,695 [omNode-1@group-523986131536-StateMachineUpdater] INFO  raftlog.RaftLog (RaftLogBase.java:purge(336)) - omNode-1@group-523986131536-SegmentedRaftLog: purge 50
2024-09-17 10:41:15,695 [omNode-1@group-523986131536-StateMachineUpdater] INFO  raftlog.RaftLog (RaftLogBase.java:lambda$new$0(54)) - omNode-1@group-523986131536-SegmentedRaftLog: snapshotIndex: updateIncreasingly -1 -> 50
2024-09-17 10:41:15,696 [omNode-1@group-523986131536-SegmentedRaftLogWorker] INFO  raftlog.RaftLog (RaftLogBase.java:lambda$new$0(54)) - omNode-1@group-523986131536-SegmentedRaftLog: purgeIndex: updateToMax old=-1, new=50, updated? true
2024-09-17 10:41:15,704 [grpc-default-executor-3] WARN  server.GrpcLogAppender (GrpcLogAppender.java:lambda$resetClient$1(221)) - omNode-1@group-523986131536->omNode-3-GrpcLogAppender: Follower failed (request=null, errorCount=111); keep nextIndex (54) unchanged and retry.
2024-09-17 10:41:15,708 [grpc-default-executor-1] WARN  server.GrpcLogAppender (GrpcLogAppender.java:lambda$resetClient$1(221)) - omNode-1@group-523986131536->omNode-3-GrpcLogAppender: Follower failed (request=null, errorCount=113); keep nextIndex (56) unchanged and retry.
2024-09-17 10:41:15,709 [omNode-2@group-523986131536-StateMachineUpdater] INFO  impl.StateMachineUpdater (StateMachineUpdater.java:takeSnapshot(303)) - omNode-2@group-523986131536-StateMachineUpdater: Took a snapshot at index 50
2024-09-17 10:41:15,709 [omNode-2@group-523986131536-StateMachineUpdater] INFO  impl.StateMachineUpdater (StateMachineUpdater.java:lambda$new$0(102)) - omNode-2@group-523986131536-StateMachineUpdater: snapshotIndex: updateIncreasingly -1 -> 50
2024-09-17 10:41:15,709 [omNode-2@group-523986131536-StateMachineUpdater] INFO  raftlog.RaftLog (RaftLogBase.java:purge(336)) - omNode-2@group-523986131536-SegmentedRaftLog: purge 50
2024-09-17 10:41:15,710 [omNode-2@group-523986131536-StateMachineUpdater] INFO  raftlog.RaftLog (RaftLogBase.java:lambda$new$0(54)) - omNode-2@group-523986131536-SegmentedRaftLog: snapshotIndex: updateIncreasingly -1 -> 50
2024-09-17 10:41:15,710 [omNode-2@group-523986131536-SegmentedRaftLogWorker] INFO  raftlog.RaftLog (RaftLogBase.java:lambda$new$0(54)) - omNode-2@group-523986131536-SegmentedRaftLog: purgeIndex: updateToMax old=-1, new=50, updated? true
2024-09-17 10:41:15,726 [grpc-default-executor-1] WARN  server.GrpcLogAppender (GrpcLogAppender.java:lambda$resetClient$1(221)) - omNode-1@group-523986131536->omNode-3-GrpcLogAppender: Follower failed (request=null, errorCount=115); keep nextIndex (57) unchanged and retry.
2024-09-17 10:41:15,733 [grpc-default-executor-1] WARN  server.GrpcLogAppender (GrpcLogAppender.java:lambda$resetClient$1(221)) - omNode-1@group-523986131536->omNode-3-GrpcLogAppender: Follower failed (request=null, errorCount=117); keep nextIndex (58) unchanged and retry.
2024-09-17 10:41:15,747 [grpc-default-executor-3] WARN  server.GrpcLogAppender (GrpcLogAppender.java:lambda$resetClient$1(221)) - omNode-1@group-523986131536->omNode-3-GrpcLogAppender: Follower failed (request=null, errorCount=119); keep nextIndex (59) unchanged and retry.
2024-09-17 10:41:15,757 [grpc-default-executor-1] WARN  server.GrpcLogAppender (GrpcLogAppender.java:lambda$resetClient$1(221)) - omNode-1@group-523986131536->omNode-3-GrpcLogAppender: Follower failed (request=null, errorCount=121); keep nextIndex (60) unchanged and retry.
2024-09-17 10:41:15,768 [grpc-default-executor-3] WARN  server.GrpcLogAppender (GrpcLogAppender.java:lambda$resetClient$1(221)) - omNode-1@group-523986131536->omNode-3-GrpcLogAppender: Follower failed (request=null, errorCount=123); keep nextIndex (61) unchanged and retry.
2024-09-17 10:41:15,792 [grpc-default-executor-1] WARN  server.GrpcLogAppender (GrpcLogAppender.java:lambda$resetClient$1(221)) - omNode-1@group-523986131536->omNode-3-GrpcLogAppender: Follower failed (request=null, errorCount=125); keep nextIndex (62) unchanged and retry.
2024-09-17 10:41:15,805 [grpc-default-executor-3] WARN  server.GrpcLogAppender (GrpcLogAppender.java:lambda$resetClient$1(221)) - omNode-1@group-523986131536->omNode-3-GrpcLogAppender: Follower failed (request=null, errorCount=127); keep nextIndex (64) unchanged and retry.
2024-09-17 10:41:15,814 [grpc-default-executor-1] WARN  server.GrpcLogAppender (GrpcLogAppender.java:lambda$resetClient$1(221)) - omNode-1@group-523986131536->omNode-3-GrpcLogAppender: Follower failed (request=null, errorCount=129); keep nextIndex (65) unchanged and retry.
2024-09-17 10:41:15,825 [grpc-default-executor-3] WARN  server.GrpcLogAppender (GrpcLogAppender.java:lambda$resetClient$1(221)) - omNode-1@group-523986131536->omNode-3-GrpcLogAppender: Follower failed (request=null, errorCount=131); keep nextIndex (66) unchanged and retry.
2024-09-17 10:41:15,836 [grpc-default-executor-1] WARN  server.GrpcLogAppender (GrpcLogAppender.java:lambda$resetClient$1(221)) - omNode-1@group-523986131536->omNode-3-GrpcLogAppender: Follower failed (request=null, errorCount=133); keep nextIndex (67) unchanged and retry.
2024-09-17 10:41:15,857 [grpc-default-executor-3] WARN  server.GrpcLogAppender (GrpcLogAppender.java:lambda$resetClient$1(221)) - omNode-1@group-523986131536->omNode-3-GrpcLogAppender: Follower failed (request=null, errorCount=135); keep nextIndex (69) unchanged and retry.
2024-09-17 10:41:15,868 [grpc-default-executor-1] WARN  server.GrpcLogAppender (GrpcLogAppender.java:lambda$resetClient$1(221)) - omNode-1@group-523986131536->omNode-3-GrpcLogAppender: Follower failed (request=null, errorCount=137); keep nextIndex (70) unchanged and retry.
2024-09-17 10:41:15,878 [grpc-default-executor-3] WARN  server.GrpcLogAppender (GrpcLogAppender.java:lambda$resetClient$1(221)) - omNode-1@group-523986131536->omNode-3-GrpcLogAppender: Follower failed (request=null, errorCount=139); keep nextIndex (71) unchanged and retry.
2024-09-17 10:41:15,889 [grpc-default-executor-3] WARN  server.GrpcLogAppender (GrpcLogAppender.java:lambda$resetClient$1(221)) - omNode-1@group-523986131536->omNode-3-GrpcLogAppender: Follower failed (request=null, errorCount=141); keep nextIndex (72) unchanged and retry.
2024-09-17 10:41:15,911 [grpc-default-executor-3] WARN  server.GrpcLogAppender (GrpcLogAppender.java:lambda$resetClient$1(221)) - omNode-1@group-523986131536->omNode-3-GrpcLogAppender: Follower failed (request=null, errorCount=145); keep nextIndex (74) unchanged and retry.
2024-09-17 10:41:15,921 [grpc-default-executor-0] WARN  server.GrpcLogAppender (GrpcLogAppender.java:lambda$resetClient$1(221)) - omNode-1@group-523986131536->omNode-3-GrpcLogAppender: Follower failed (request=null, errorCount=147); keep nextIndex (75) unchanged and retry.
2024-09-17 10:41:15,932 [grpc-default-executor-3] WARN  server.GrpcLogAppender (GrpcLogAppender.java:lambda$resetClient$1(221)) - omNode-1@group-523986131536->omNode-3-GrpcLogAppender: Follower failed (request=null, errorCount=149); keep nextIndex (76) unchanged and retry.
2024-09-17 10:41:15,943 [grpc-default-executor-0] WARN  server.GrpcLogAppender (GrpcLogAppender.java:lambda$resetClient$1(221)) - omNode-1@group-523986131536->omNode-3-GrpcLogAppender: Follower failed (request=null, errorCount=151); keep nextIndex (77) unchanged and retry.
2024-09-17 10:41:15,954 [grpc-default-executor-3] WARN  server.GrpcLogAppender (GrpcLogAppender.java:lambda$resetClient$1(221)) - omNode-1@group-523986131536->omNode-3-GrpcLogAppender: Follower failed (request=null, errorCount=153); keep nextIndex (78) unchanged and retry.
2024-09-17 10:41:15,965 [grpc-default-executor-0] WARN  server.GrpcLogAppender (GrpcLogAppender.java:lambda$resetClient$1(221)) - omNode-1@group-523986131536->omNode-3-GrpcLogAppender: Follower failed (request=null, errorCount=155); keep nextIndex (79) unchanged and retry.
2024-09-17 10:41:15,975 [grpc-default-executor-0] WARN  server.GrpcLogAppender (GrpcLogAppender.java:lambda$resetClient$1(221)) - omNode-1@group-523986131536->omNode-3-GrpcLogAppender: Follower failed (request=null, errorCount=157); keep nextIndex (80) unchanged and retry.
2024-09-17 10:41:15,987 [grpc-default-executor-3] WARN  server.GrpcLogAppender (GrpcLogAppender.java:lambda$resetClient$1(221)) - omNode-1@group-523986131536->omNode-3-GrpcLogAppender: Follower failed (request=null, errorCount=159); keep nextIndex (81) unchanged and retry.
2024-09-17 10:41:16,011 [grpc-default-executor-0] WARN  server.GrpcLogAppender (GrpcLogAppender.java:lambda$resetClient$1(221)) - omNode-1@group-523986131536->omNode-3-GrpcLogAppender: Follower failed (request=null, errorCount=161); keep nextIndex (82) unchanged and retry.
2024-09-17 10:41:16,023 [grpc-default-executor-3] WARN  server.GrpcLogAppender (GrpcLogAppender.java:lambda$resetClient$1(221)) - omNode-1@group-523986131536->omNode-3-GrpcLogAppender: Follower failed (request=null, errorCount=163); keep nextIndex (84) unchanged and retry.
2024-09-17 10:41:16,033 [grpc-default-executor-0] WARN  server.GrpcLogAppender (GrpcLogAppender.java:lambda$resetClient$1(221)) - omNode-1@group-523986131536->omNode-3-GrpcLogAppender: Follower failed (request=null, errorCount=165); keep nextIndex (85) unchanged and retry.
2024-09-17 10:41:16,059 [grpc-default-executor-0] WARN  server.GrpcLogAppender (GrpcLogAppender.java:lambda$resetClient$1(221)) - omNode-1@group-523986131536->omNode-3-GrpcLogAppender: Follower failed (request=null, errorCount=167); keep nextIndex (87) unchanged and retry.
2024-09-17 10:41:16,076 [grpc-default-executor-0] WARN  server.GrpcLogAppender (GrpcLogAppender.java:lambda$resetClient$1(221)) - omNode-1@group-523986131536->omNode-3-GrpcLogAppender: Follower failed (request=null, errorCount=169); keep nextIndex (88) unchanged and retry.
2024-09-17 10:41:16,086 [grpc-default-executor-0] WARN  server.GrpcLogAppender (GrpcLogAppender.java:lambda$resetClient$1(221)) - omNode-1@group-523986131536->omNode-3-GrpcLogAppender: Follower failed (request=null, errorCount=171); keep nextIndex (89) unchanged and retry.
2024-09-17 10:41:16,089 [omNode-1-OMStateMachineApplyTransactionThread - 0] WARN  snapshot.OMSnapshotCreateRequest (OMSnapshotCreateRequest.java:estimateBucketDataSize(338)) - DefaultReplicationConfig is not correctly set in OmBucketInfo for volume 'volume1' bucket 'bucket2'. Falling back to config default 'RATIS/THREE'
2024-09-17 10:41:16,090 [omNode-1-OMStateMachineApplyTransactionThread - 0] INFO  snapshot.OMSnapshotCreateRequest (OMSnapshotCreateRequest.java:validateAndUpdateCache(219)) - Created snapshot: 'snapshot-1' with snapshotId: '33f4f388-8296-420b-9659-ce62d722d839' under path 'volume1/bucket2'
2024-09-17 10:41:16,090 [main] WARN  server.ServerUtils (ServerUtils.java:getDBPath(299)) - ozone.om.db.dirs is not configured. We recommend adding this setting. Falling back to ozone.metadata.dirs instead.
2024-09-17 10:41:16,104 [omNode-2-OMStateMachineApplyTransactionThread - 0] WARN  snapshot.OMSnapshotCreateRequest (OMSnapshotCreateRequest.java:estimateBucketDataSize(338)) - DefaultReplicationConfig is not correctly set in OmBucketInfo for volume 'volume1' bucket 'bucket2'. Falling back to config default 'RATIS/THREE'
2024-09-17 10:41:16,105 [omNode-2-OMStateMachineApplyTransactionThread - 0] INFO  snapshot.OMSnapshotCreateRequest (OMSnapshotCreateRequest.java:validateAndUpdateCache(219)) - Created snapshot: 'snapshot-1' with snapshotId: '33f4f388-8296-420b-9659-ce62d722d839' under path 'volume1/bucket2'
2024-09-17 10:41:16,108 [omNode-1-OMDoubleBufferFlushThread] INFO  db.RDBCheckpointManager (RDBCheckpointManager.java:createCheckpoint(89)) - Created checkpoint in rocksDB at /home/runner/work/ozone/ozone/hadoop-ozone/integration-test/target/test-dir/MiniOzoneClusterImpl-90660ac4-7e9c-448b-98ea-af4f808cf8d9/omNode-1/db.snapshots/checkpointState/om.db-33f4f388-8296-420b-9659-ce62d722d839 in 16 milliseconds
2024-09-17 10:41:16,109 [omNode-1-OMDoubleBufferFlushThread] INFO  om.OmSnapshotManager (OmSnapshotManager.java:createOmSnapshotCheckpoint(484)) - Created checkpoint : /home/runner/work/ozone/ozone/hadoop-ozone/integration-test/target/test-dir/MiniOzoneClusterImpl-90660ac4-7e9c-448b-98ea-af4f808cf8d9/omNode-1/db.snapshots/checkpointState/om.db-33f4f388-8296-420b-9659-ce62d722d839 for snapshot snapshot-1
2024-09-17 10:41:16,121 [omNode-2-OMDoubleBufferFlushThread] INFO  db.RDBCheckpointManager (RDBCheckpointManager.java:createCheckpoint(89)) - Created checkpoint in rocksDB at /home/runner/work/ozone/ozone/hadoop-ozone/integration-test/target/test-dir/MiniOzoneClusterImpl-90660ac4-7e9c-448b-98ea-af4f808cf8d9/omNode-2/db.snapshots/checkpointState/om.db-33f4f388-8296-420b-9659-ce62d722d839 in 14 milliseconds
2024-09-17 10:41:16,122 [omNode-2-OMDoubleBufferFlushThread] INFO  om.OmSnapshotManager (OmSnapshotManager.java:createOmSnapshotCheckpoint(484)) - Created checkpoint : /home/runner/work/ozone/ozone/hadoop-ozone/integration-test/target/test-dir/MiniOzoneClusterImpl-90660ac4-7e9c-448b-98ea-af4f808cf8d9/omNode-2/db.snapshots/checkpointState/om.db-33f4f388-8296-420b-9659-ce62d722d839 for snapshot snapshot-1
2024-09-17 10:41:16,205 [grpc-default-executor-1] WARN  server.GrpcLogAppender (GrpcLogAppender.java:lambda$resetClient$1(221)) - omNode-1@group-523986131536->omNode-3-GrpcLogAppender: Follower failed (request=null, errorCount=175); keep nextIndex (92) unchanged and retry.
2024-09-17 10:41:16,215 [grpc-default-executor-0] WARN  server.GrpcLogAppender (GrpcLogAppender.java:lambda$resetClient$1(221)) - omNode-1@group-523986131536->omNode-3-GrpcLogAppender: Follower failed (request=null, errorCount=177); keep nextIndex (93) unchanged and retry.
2024-09-17 10:41:16,226 [grpc-default-executor-1] WARN  server.GrpcLogAppender (GrpcLogAppender.java:lambda$resetClient$1(221)) - omNode-1@group-523986131536->omNode-3-GrpcLogAppender: Follower failed (request=null, errorCount=179); keep nextIndex (94) unchanged and retry.
2024-09-17 10:41:16,237 [grpc-default-executor-0] WARN  server.GrpcLogAppender (GrpcLogAppender.java:lambda$resetClient$1(221)) - omNode-1@group-523986131536->omNode-3-GrpcLogAppender: Follower failed (request=null, errorCount=181); keep nextIndex (95) unchanged and retry.
2024-09-17 10:41:16,248 [grpc-default-executor-1] WARN  server.GrpcLogAppender (GrpcLogAppender.java:lambda$resetClient$1(221)) - omNode-1@group-523986131536->omNode-3-GrpcLogAppender: Follower failed (request=null, errorCount=183); keep nextIndex (96) unchanged and retry.
2024-09-17 10:41:16,261 [grpc-default-executor-0] WARN  server.GrpcLogAppender (GrpcLogAppender.java:lambda$resetClient$1(221)) - omNode-1@group-523986131536->omNode-3-GrpcLogAppender: Follower failed (request=null, errorCount=185); keep nextIndex (98) unchanged and retry.
2024-09-17 10:41:16,279 [grpc-default-executor-1] WARN  server.GrpcLogAppender (GrpcLogAppender.java:lambda$resetClient$1(221)) - omNode-1@group-523986131536->omNode-3-GrpcLogAppender: Follower failed (request=null, errorCount=187); keep nextIndex (99) unchanged and retry.
2024-09-17 10:41:16,285 [omNode-1-client-thread1] INFO  segmented.SegmentedRaftLogWorker (SegmentedRaftLogWorker.java:rollLogSegment(438)) - omNode-1@group-523986131536-SegmentedRaftLogWorker: Rolling segment log-51_98 to index:98
2024-09-17 10:41:16,285 [omNode-1@group-523986131536-SegmentedRaftLogWorker] INFO  segmented.SegmentedRaftLogWorker (SegmentedRaftLogWorker.java:execute(594)) - omNode-1@group-523986131536-SegmentedRaftLogWorker: Rolled log segment from /home/runner/work/ozone/ozone/hadoop-ozone/integration-test/target/test-dir/MiniOzoneClusterImpl-90660ac4-7e9c-448b-98ea-af4f808cf8d9/omNode-1/ratis/c9bc4cf4-3bc3-3c60-a66b-523986131536/current/log_inprogress_51 to /home/runner/work/ozone/ozone/hadoop-ozone/integration-test/target/test-dir/MiniOzoneClusterImpl-90660ac4-7e9c-448b-98ea-af4f808cf8d9/omNode-1/ratis/c9bc4cf4-3bc3-3c60-a66b-523986131536/current/log_51-98
2024-09-17 10:41:16,285 [omNode-1@group-523986131536-SegmentedRaftLogWorker] INFO  segmented.BufferedWriteChannel (BufferedWriteChannel.java:open(61)) - open log_inprogress_99 at position 0
2024-09-17 10:41:16,286 [grpc-default-executor-0] WARN  server.GrpcLogAppender (GrpcLogAppender.java:lambda$resetClient$1(221)) - omNode-1@group-523986131536->omNode-3-GrpcLogAppender: Follower failed (request=null, errorCount=189); keep nextIndex (100) unchanged and retry.
2024-09-17 10:41:16,287 [omNode-1@group-523986131536-SegmentedRaftLogWorker] INFO  segmented.SegmentedRaftLogWorker (SegmentedRaftLogWorker.java:execute(637)) - omNode-1@group-523986131536-SegmentedRaftLogWorker: created new log segment /home/runner/work/ozone/ozone/hadoop-ozone/integration-test/target/test-dir/MiniOzoneClusterImpl-90660ac4-7e9c-448b-98ea-af4f808cf8d9/omNode-1/ratis/c9bc4cf4-3bc3-3c60-a66b-523986131536/current/log_inprogress_99
2024-09-17 10:41:16,300 [omNode-2-server-thread1] INFO  segmented.SegmentedRaftLogWorker (SegmentedRaftLogWorker.java:rollLogSegment(438)) - omNode-2@group-523986131536-SegmentedRaftLogWorker: Rolling segment log-51_98 to index:98
2024-09-17 10:41:16,300 [omNode-2@group-523986131536-SegmentedRaftLogWorker] INFO  segmented.SegmentedRaftLogWorker (SegmentedRaftLogWorker.java:execute(594)) - omNode-2@group-523986131536-SegmentedRaftLogWorker: Rolled log segment from /home/runner/work/ozone/ozone/hadoop-ozone/integration-test/target/test-dir/MiniOzoneClusterImpl-90660ac4-7e9c-448b-98ea-af4f808cf8d9/omNode-2/ratis/c9bc4cf4-3bc3-3c60-a66b-523986131536/current/log_inprogress_51 to /home/runner/work/ozone/ozone/hadoop-ozone/integration-test/target/test-dir/MiniOzoneClusterImpl-90660ac4-7e9c-448b-98ea-af4f808cf8d9/omNode-2/ratis/c9bc4cf4-3bc3-3c60-a66b-523986131536/current/log_51-98
2024-09-17 10:41:16,301 [omNode-2@group-523986131536-SegmentedRaftLogWorker] INFO  segmented.BufferedWriteChannel (BufferedWriteChannel.java:open(61)) - open log_inprogress_99 at position 0
2024-09-17 10:41:16,301 [omNode-2@group-523986131536-SegmentedRaftLogWorker] INFO  segmented.SegmentedRaftLogWorker (SegmentedRaftLogWorker.java:execute(637)) - omNode-2@group-523986131536-SegmentedRaftLogWorker: created new log segment /home/runner/work/ozone/ozone/hadoop-ozone/integration-test/target/test-dir/MiniOzoneClusterImpl-90660ac4-7e9c-448b-98ea-af4f808cf8d9/omNode-2/ratis/c9bc4cf4-3bc3-3c60-a66b-523986131536/current/log_inprogress_99
2024-09-17 10:41:16,302 [grpc-default-executor-1] WARN  server.GrpcLogAppender (GrpcLogAppender.java:lambda$resetClient$1(221)) - omNode-1@group-523986131536->omNode-3-GrpcLogAppender: Follower failed (request=null, errorCount=191); keep nextIndex (101) unchanged and retry.
2024-09-17 10:41:16,307 [grpc-default-executor-0] WARN  server.GrpcLogAppender (GrpcLogAppender.java:lambda$resetClient$1(221)) - omNode-1@group-523986131536->omNode-3-GrpcLogAppender: Follower failed (request=null, errorCount=193); keep nextIndex (102) unchanged and retry.
2024-09-17 10:41:16,311 [omNode-1@group-523986131536-StateMachineUpdater] INFO  ratis.OzoneManagerStateMachine (OzoneManagerStateMachine.java:takeSnapshotImpl(485)) -  applied = (t:1, i:100)
2024-09-17 10:41:16,311 [omNode-1@group-523986131536-StateMachineUpdater] INFO  ratis.OzoneManagerStateMachine (OzoneManagerStateMachine.java:takeSnapshotImpl(486)) -  skipped = 99
2024-09-17 10:41:16,311 [omNode-1@group-523986131536-StateMachineUpdater] INFO  ratis.OzoneManagerStateMachine (OzoneManagerStateMachine.java:takeSnapshotImpl(487)) - notified = (t:1, i:100)
2024-09-17 10:41:16,311 [omNode-1@group-523986131536-StateMachineUpdater] INFO  ratis.OzoneManagerStateMachine (OzoneManagerStateMachine.java:takeSnapshotImpl(488)) - snapshot = (t:1, i:100)
2024-09-17 10:41:16,322 [grpc-default-executor-1] WARN  server.GrpcLogAppender (GrpcLogAppender.java:lambda$resetClient$1(221)) - omNode-1@group-523986131536->omNode-3-GrpcLogAppender: Follower failed (request=null, errorCount=195); keep nextIndex (103) unchanged and retry.
2024-09-17 10:41:16,329 [omNode-1@group-523986131536-StateMachineUpdater] INFO  impl.StateMachineUpdater (StateMachineUpdater.java:takeSnapshot(303)) - omNode-1@group-523986131536-StateMachineUpdater: Took a snapshot at index 100
2024-09-17 10:41:16,329 [omNode-1@group-523986131536-StateMachineUpdater] INFO  impl.StateMachineUpdater (StateMachineUpdater.java:lambda$new$0(102)) - omNode-1@group-523986131536-StateMachineUpdater: snapshotIndex: updateIncreasingly 50 -> 100
2024-09-17 10:41:16,329 [omNode-1@group-523986131536-StateMachineUpdater] INFO  raftlog.RaftLog (RaftLogBase.java:purge(336)) - omNode-1@group-523986131536-SegmentedRaftLog: purge 100
2024-09-17 10:41:16,329 [omNode-1@group-523986131536-StateMachineUpdater] INFO  raftlog.RaftLog (RaftLogBase.java:lambda$new$0(54)) - omNode-1@group-523986131536-SegmentedRaftLog: snapshotIndex: updateIncreasingly 50 -> 100
2024-09-17 10:41:16,330 [omNode-1@group-523986131536-SegmentedRaftLogWorker] INFO  raftlog.RaftLog (RaftLogBase.java:lambda$new$0(54)) - omNode-1@group-523986131536-SegmentedRaftLog: purgeIndex: updateToMax old=50, new=98, updated? true
2024-09-17 10:41:16,333 [omNode-2@group-523986131536-StateMachineUpdater] INFO  ratis.OzoneManagerStateMachine (OzoneManagerStateMachine.java:takeSnapshotImpl(485)) -  applied = (t:1, i:100)
2024-09-17 10:41:16,333 [omNode-2@group-523986131536-StateMachineUpdater] INFO  ratis.OzoneManagerStateMachine (OzoneManagerStateMachine.java:takeSnapshotImpl(486)) -  skipped = 99
2024-09-17 10:41:16,333 [omNode-2@group-523986131536-StateMachineUpdater] INFO  ratis.OzoneManagerStateMachine (OzoneManagerStateMachine.java:takeSnapshotImpl(487)) - notified = (t:1, i:100)
2024-09-17 10:41:16,333 [omNode-2@group-523986131536-StateMachineUpdater] INFO  ratis.OzoneManagerStateMachine (OzoneManagerStateMachine.java:takeSnapshotImpl(488)) - snapshot = (t:1, i:100)
2024-09-17 10:41:16,338 [grpc-default-executor-1] WARN  server.GrpcLogAppender (GrpcLogAppender.java:lambda$resetClient$1(221)) - omNode-1@group-523986131536->omNode-3-GrpcLogAppender: Follower failed (request=null, errorCount=197); keep nextIndex (104) unchanged and retry.
2024-09-17 10:41:16,351 [grpc-default-executor-0] WARN  server.GrpcLogAppender (GrpcLogAppender.java:lambda$resetClient$1(221)) - omNode-1@group-523986131536->omNode-3-GrpcLogAppender: Follower failed (request=null, errorCount=199); keep nextIndex (106) unchanged and retry.
2024-09-17 10:41:16,358 [omNode-2@group-523986131536-StateMachineUpdater] INFO  impl.StateMachineUpdater (StateMachineUpdater.java:takeSnapshot(303)) - omNode-2@group-523986131536-StateMachineUpdater: Took a snapshot at index 100
2024-09-17 10:41:16,358 [omNode-2@group-523986131536-StateMachineUpdater] INFO  impl.StateMachineUpdater (StateMachineUpdater.java:lambda$new$0(102)) - omNode-2@group-523986131536-StateMachineUpdater: snapshotIndex: updateIncreasingly 50 -> 100
2024-09-17 10:41:16,358 [omNode-2@group-523986131536-StateMachineUpdater] INFO  raftlog.RaftLog (RaftLogBase.java:purge(336)) - omNode-2@group-523986131536-SegmentedRaftLog: purge 100
2024-09-17 10:41:16,358 [omNode-2@group-523986131536-StateMachineUpdater] INFO  raftlog.RaftLog (RaftLogBase.java:lambda$new$0(54)) - omNode-2@group-523986131536-SegmentedRaftLog: snapshotIndex: updateIncreasingly 50 -> 100
2024-09-17 10:41:16,359 [omNode-2@group-523986131536-SegmentedRaftLogWorker] INFO  raftlog.RaftLog (RaftLogBase.java:lambda$new$0(54)) - omNode-2@group-523986131536-SegmentedRaftLog: purgeIndex: updateToMax old=50, new=98, updated? true
2024-09-17 10:41:16,368 [grpc-default-executor-1] WARN  server.GrpcLogAppender (GrpcLogAppender.java:lambda$resetClient$1(221)) - omNode-1@group-523986131536->omNode-3-GrpcLogAppender: Follower failed (request=null, errorCount=201); keep nextIndex (107) unchanged and retry.
2024-09-17 10:41:16,386 [grpc-default-executor-0] WARN  server.GrpcLogAppender (GrpcLogAppender.java:lambda$resetClient$1(221)) - omNode-1@group-523986131536->omNode-3-GrpcLogAppender: Follower failed (request=null, errorCount=203); keep nextIndex (108) unchanged and retry.
2024-09-17 10:41:16,390 [grpc-default-executor-0] WARN  server.GrpcLogAppender (GrpcLogAppender.java:lambda$resetClient$1(221)) - omNode-1@group-523986131536->omNode-3-GrpcLogAppender: Follower failed (request=null, errorCount=205); keep nextIndex (110) unchanged and retry.
2024-09-17 10:41:16,407 [grpc-default-executor-1] WARN  server.GrpcLogAppender (GrpcLogAppender.java:lambda$resetClient$1(221)) - omNode-1@group-523986131536->omNode-3-GrpcLogAppender: Follower failed (request=null, errorCount=207); keep nextIndex (111) unchanged and retry.
2024-09-17 10:41:16,416 [grpc-default-executor-1] WARN  server.GrpcLogAppender (GrpcLogAppender.java:lambda$resetClient$1(221)) - omNode-1@group-523986131536->omNode-3-GrpcLogAppender: Follower failed (request=null, errorCount=209); keep nextIndex (112) unchanged and retry.
2024-09-17 10:41:16,429 [grpc-default-executor-1] WARN  server.GrpcLogAppender (GrpcLogAppender.java:lambda$resetClient$1(221)) - omNode-1@group-523986131536->omNode-3-GrpcLogAppender: Follower failed (request=null, errorCount=211); keep nextIndex (113) unchanged and retry.
2024-09-17 10:41:16,440 [grpc-default-executor-0] WARN  server.GrpcLogAppender (GrpcLogAppender.java:lambda$resetClient$1(221)) - omNode-1@group-523986131536->omNode-3-GrpcLogAppender: Follower failed (request=null, errorCount=213); keep nextIndex (114) unchanged and retry.
2024-09-17 10:41:16,451 [grpc-default-executor-1] WARN  server.GrpcLogAppender (GrpcLogAppender.java:lambda$resetClient$1(221)) - omNode-1@group-523986131536->omNode-3-GrpcLogAppender: Follower failed (request=null, errorCount=215); keep nextIndex (115) unchanged and retry.
2024-09-17 10:41:16,472 [grpc-default-executor-1] WARN  server.GrpcLogAppender (GrpcLogAppender.java:lambda$resetClient$1(221)) - omNode-1@group-523986131536->omNode-3-GrpcLogAppender: Follower failed (request=null, errorCount=219); keep nextIndex (117) unchanged and retry.
2024-09-17 10:41:16,483 [grpc-default-executor-1] WARN  server.GrpcLogAppender (GrpcLogAppender.java:lambda$resetClient$1(221)) - omNode-1@group-523986131536->omNode-3-GrpcLogAppender: Follower failed (request=null, errorCount=221); keep nextIndex (118) unchanged and retry.
2024-09-17 10:41:16,494 [grpc-default-executor-0] WARN  server.GrpcLogAppender (GrpcLogAppender.java:lambda$resetClient$1(221)) - omNode-1@group-523986131536->omNode-3-GrpcLogAppender: Follower failed (request=null, errorCount=223); keep nextIndex (119) unchanged and retry.
2024-09-17 10:41:16,504 [grpc-default-executor-3] WARN  server.GrpcLogAppender (GrpcLogAppender.java:lambda$resetClient$1(221)) - omNode-1@group-523986131536->omNode-3-GrpcLogAppender: Follower failed (request=null, errorCount=225); keep nextIndex (120) unchanged and retry.
2024-09-17 10:41:16,517 [grpc-default-executor-0] WARN  server.GrpcLogAppender (GrpcLogAppender.java:lambda$resetClient$1(221)) - omNode-1@group-523986131536->omNode-3-GrpcLogAppender: Follower failed (request=null, errorCount=227); keep nextIndex (122) unchanged and retry.
2024-09-17 10:41:16,536 [grpc-default-executor-3] WARN  server.GrpcLogAppender (GrpcLogAppender.java:lambda$resetClient$1(221)) - omNode-1@group-523986131536->omNode-3-GrpcLogAppender: Follower failed (request=null, errorCount=229); keep nextIndex (123) unchanged and retry.
2024-09-17 10:41:16,546 [grpc-default-executor-0] WARN  server.GrpcLogAppender (GrpcLogAppender.java:lambda$resetClient$1(221)) - omNode-1@group-523986131536->omNode-3-GrpcLogAppender: Follower failed (request=null, errorCount=231); keep nextIndex (124) unchanged and retry.
2024-09-17 10:41:16,557 [grpc-default-executor-0] WARN  server.GrpcLogAppender (GrpcLogAppender.java:lambda$resetClient$1(221)) - omNode-1@group-523986131536->omNode-3-GrpcLogAppender: Follower failed (request=null, errorCount=233); keep nextIndex (125) unchanged and retry.
2024-09-17 10:41:16,569 [grpc-default-executor-3] WARN  server.GrpcLogAppender (GrpcLogAppender.java:lambda$resetClient$1(221)) - omNode-1@group-523986131536->omNode-3-GrpcLogAppender: Follower failed (request=null, errorCount=235); keep nextIndex (126) unchanged and retry.
2024-09-17 10:41:16,579 [grpc-default-executor-0] WARN  server.GrpcLogAppender (GrpcLogAppender.java:lambda$resetClient$1(221)) - omNode-1@group-523986131536->omNode-3-GrpcLogAppender: Follower failed (request=null, errorCount=237); keep nextIndex (127) unchanged and retry.
2024-09-17 10:41:16,590 [grpc-default-executor-0] WARN  server.GrpcLogAppender (GrpcLogAppender.java:lambda$resetClient$1(221)) - omNode-1@group-523986131536->omNode-3-GrpcLogAppender: Follower failed (request=null, errorCount=239); keep nextIndex (128) unchanged and retry.
2024-09-17 10:41:16,602 [grpc-default-executor-0] WARN  server.GrpcLogAppender (GrpcLogAppender.java:lambda$resetClient$1(221)) - omNode-1@group-523986131536->omNode-3-GrpcLogAppender: Follower failed (request=null, errorCount=241); keep nextIndex (129) unchanged and retry.
2024-09-17 10:41:16,626 [grpc-default-executor-0] WARN  server.GrpcLogAppender (GrpcLogAppender.java:lambda$resetClient$1(221)) - omNode-1@group-523986131536->omNode-3-GrpcLogAppender: Follower failed (request=null, errorCount=243); keep nextIndex (131) unchanged and retry.
2024-09-17 10:41:16,641 [omNode-1-OMStateMachineApplyTransactionThread - 0] WARN  snapshot.OMSnapshotCreateRequest (OMSnapshotCreateRequest.java:estimateBucketDataSize(338)) - DefaultReplicationConfig is not correctly set in OmBucketInfo for volume 'volume1' bucket 'bucket2'. Falling back to config default 'RATIS/THREE'
2024-09-17 10:41:16,641 [omNode-1-OMStateMachineApplyTransactionThread - 0] INFO  snapshot.OMSnapshotCreateRequest (OMSnapshotCreateRequest.java:validateAndUpdateCache(219)) - Created snapshot: 'snapshot-2' with snapshotId: '40e842ee-1fde-4e2d-adcf-a4c759d99409' under path 'volume1/bucket2'
2024-09-17 10:41:16,643 [main] WARN  server.ServerUtils (ServerUtils.java:getDBPath(299)) - ozone.om.db.dirs is not configured. We recommend adding this setting. Falling back to ozone.metadata.dirs instead.
2024-09-17 10:41:16,655 [omNode-2-OMStateMachineApplyTransactionThread - 0] WARN  snapshot.OMSnapshotCreateRequest (OMSnapshotCreateRequest.java:estimateBucketDataSize(338)) - DefaultReplicationConfig is not correctly set in OmBucketInfo for volume 'volume1' bucket 'bucket2'. Falling back to config default 'RATIS/THREE'
2024-09-17 10:41:16,655 [omNode-2-OMStateMachineApplyTransactionThread - 0] INFO  snapshot.OMSnapshotCreateRequest (OMSnapshotCreateRequest.java:validateAndUpdateCache(219)) - Created snapshot: 'snapshot-2' with snapshotId: '40e842ee-1fde-4e2d-adcf-a4c759d99409' under path 'volume1/bucket2'
2024-09-17 10:41:16,665 [omNode-1-OMDoubleBufferFlushThread] INFO  db.RDBCheckpointManager (RDBCheckpointManager.java:createCheckpoint(89)) - Created checkpoint in rocksDB at /home/runner/work/ozone/ozone/hadoop-ozone/integration-test/target/test-dir/MiniOzoneClusterImpl-90660ac4-7e9c-448b-98ea-af4f808cf8d9/omNode-1/db.snapshots/checkpointState/om.db-40e842ee-1fde-4e2d-adcf-a4c759d99409 in 21 milliseconds
2024-09-17 10:41:16,665 [omNode-1-OMDoubleBufferFlushThread] INFO  om.OmSnapshotManager (OmSnapshotManager.java:createOmSnapshotCheckpoint(484)) - Created checkpoint : /home/runner/work/ozone/ozone/hadoop-ozone/integration-test/target/test-dir/MiniOzoneClusterImpl-90660ac4-7e9c-448b-98ea-af4f808cf8d9/omNode-1/db.snapshots/checkpointState/om.db-40e842ee-1fde-4e2d-adcf-a4c759d99409 for snapshot snapshot-2
2024-09-17 10:41:16,680 [omNode-2-OMDoubleBufferFlushThread] INFO  db.RDBCheckpointManager (RDBCheckpointManager.java:createCheckpoint(89)) - Created checkpoint in rocksDB at /home/runner/work/ozone/ozone/hadoop-ozone/integration-test/target/test-dir/MiniOzoneClusterImpl-90660ac4-7e9c-448b-98ea-af4f808cf8d9/omNode-2/db.snapshots/checkpointState/om.db-40e842ee-1fde-4e2d-adcf-a4c759d99409 in 22 milliseconds
2024-09-17 10:41:16,680 [omNode-2-OMDoubleBufferFlushThread] INFO  om.OmSnapshotManager (OmSnapshotManager.java:createOmSnapshotCheckpoint(484)) - Created checkpoint : /home/runner/work/ozone/ozone/hadoop-ozone/integration-test/target/test-dir/MiniOzoneClusterImpl-90660ac4-7e9c-448b-98ea-af4f808cf8d9/omNode-2/db.snapshots/checkpointState/om.db-40e842ee-1fde-4e2d-adcf-a4c759d99409 for snapshot snapshot-2
2024-09-17 10:41:16,758 [grpc-default-executor-3] WARN  server.GrpcLogAppender (GrpcLogAppender.java:lambda$resetClient$1(221)) - omNode-1@group-523986131536->omNode-3-GrpcLogAppender: Follower failed (request=null, errorCount=247); keep nextIndex (134) unchanged and retry.
2024-09-17 10:41:16,768 [grpc-default-executor-3] WARN  server.GrpcLogAppender (GrpcLogAppender.java:lambda$resetClient$1(221)) - omNode-1@group-523986131536->omNode-3-GrpcLogAppender: Follower failed (request=null, errorCount=249); keep nextIndex (135) unchanged and retry.
2024-09-17 10:41:16,779 [grpc-default-executor-0] WARN  server.GrpcLogAppender (GrpcLogAppender.java:lambda$resetClient$1(221)) - omNode-1@group-523986131536->omNode-3-GrpcLogAppender: Follower failed (request=null, errorCount=251); keep nextIndex (136) unchanged and retry.
2024-09-17 10:41:16,790 [grpc-default-executor-3] WARN  server.GrpcLogAppender (GrpcLogAppender.java:lambda$resetClient$1(221)) - omNode-1@group-523986131536->omNode-3-GrpcLogAppender: Follower failed (request=null, errorCount=253); keep nextIndex (137) unchanged and retry.
2024-09-17 10:41:16,801 [grpc-default-executor-3] WARN  server.GrpcLogAppender (GrpcLogAppender.java:lambda$resetClient$1(221)) - omNode-1@group-523986131536->omNode-3-GrpcLogAppender: Follower failed (request=null, errorCount=255); keep nextIndex (138) unchanged and retry.
2024-09-17 10:41:16,812 [grpc-default-executor-0] WARN  server.GrpcLogAppender (GrpcLogAppender.java:lambda$resetClient$1(221)) - omNode-1@group-523986131536->omNode-3-GrpcLogAppender: Follower failed (request=null, errorCount=257); keep nextIndex (139) unchanged and retry.
2024-09-17 10:41:16,824 [grpc-default-executor-0] WARN  server.GrpcLogAppender (GrpcLogAppender.java:lambda$resetClient$1(221)) - omNode-1@group-523986131536->omNode-3-GrpcLogAppender: Follower failed (request=null, errorCount=259); keep nextIndex (140) unchanged and retry.
2024-09-17 10:41:16,844 [grpc-default-executor-0] WARN  server.GrpcLogAppender (GrpcLogAppender.java:lambda$resetClient$1(221)) - omNode-1@group-523986131536->omNode-3-GrpcLogAppender: Follower failed (request=null, errorCount=261); keep nextIndex (142) unchanged and retry.
2024-09-17 10:41:16,855 [grpc-default-executor-3] WARN  server.GrpcLogAppender (GrpcLogAppender.java:lambda$resetClient$1(221)) - omNode-1@group-523986131536->omNode-3-GrpcLogAppender: Follower failed (request=null, errorCount=263); keep nextIndex (144) unchanged and retry.
2024-09-17 10:41:16,866 [grpc-default-executor-0] WARN  server.GrpcLogAppender (GrpcLogAppender.java:lambda$resetClient$1(221)) - omNode-1@group-523986131536->omNode-3-GrpcLogAppender: Follower failed (request=null, errorCount=265); keep nextIndex (145) unchanged and retry.
2024-09-17 10:41:16,877 [grpc-default-executor-3] WARN  server.GrpcLogAppender (GrpcLogAppender.java:lambda$resetClient$1(221)) - omNode-1@group-523986131536->omNode-3-GrpcLogAppender: Follower failed (request=null, errorCount=267); keep nextIndex (146) unchanged and retry.
2024-09-17 10:41:16,887 [grpc-default-executor-0] WARN  server.GrpcLogAppender (GrpcLogAppender.java:lambda$resetClient$1(221)) - omNode-1@group-523986131536->omNode-3-GrpcLogAppender: Follower failed (request=null, errorCount=269); keep nextIndex (147) unchanged and retry.
2024-09-17 10:41:16,891 [omNode-1-client-thread1] INFO  segmented.SegmentedRaftLogWorker (SegmentedRaftLogWorker.java:rollLogSegment(438)) - omNode-1@group-523986131536-SegmentedRaftLogWorker: Rolling segment log-99_146 to index:146
2024-09-17 10:41:16,892 [omNode-1@group-523986131536-SegmentedRaftLogWorker] INFO  segmented.SegmentedRaftLogWorker (SegmentedRaftLogWorker.java:execute(594)) - omNode-1@group-523986131536-SegmentedRaftLogWorker: Rolled log segment from /home/runner/work/ozone/ozone/hadoop-ozone/integration-test/target/test-dir/MiniOzoneClusterImpl-90660ac4-7e9c-448b-98ea-af4f808cf8d9/omNode-1/ratis/c9bc4cf4-3bc3-3c60-a66b-523986131536/current/log_inprogress_99 to /home/runner/work/ozone/ozone/hadoop-ozone/integration-test/target/test-dir/MiniOzoneClusterImpl-90660ac4-7e9c-448b-98ea-af4f808cf8d9/omNode-1/ratis/c9bc4cf4-3bc3-3c60-a66b-523986131536/current/log_99-146
2024-09-17 10:41:16,892 [omNode-1@group-523986131536-SegmentedRaftLogWorker] INFO  segmented.BufferedWriteChannel (BufferedWriteChannel.java:open(61)) - open log_inprogress_147 at position 0
2024-09-17 10:41:16,893 [omNode-1@group-523986131536-SegmentedRaftLogWorker] INFO  segmented.SegmentedRaftLogWorker (SegmentedRaftLogWorker.java:execute(637)) - omNode-1@group-523986131536-SegmentedRaftLogWorker: created new log segment /home/runner/work/ozone/ozone/hadoop-ozone/integration-test/target/test-dir/MiniOzoneClusterImpl-90660ac4-7e9c-448b-98ea-af4f808cf8d9/omNode-1/ratis/c9bc4cf4-3bc3-3c60-a66b-523986131536/current/log_inprogress_147
2024-09-17 10:41:16,898 [grpc-default-executor-3] WARN  server.GrpcLogAppender (GrpcLogAppender.java:lambda$resetClient$1(221)) - omNode-1@group-523986131536->omNode-3-GrpcLogAppender: Follower failed (request=null, errorCount=271); keep nextIndex (148) unchanged and retry.
2024-09-17 10:41:16,908 [omNode-2-server-thread1] INFO  segmented.SegmentedRaftLogWorker (SegmentedRaftLogWorker.java:rollLogSegment(438)) - omNode-2@group-523986131536-SegmentedRaftLogWorker: Rolling segment log-99_146 to index:146
2024-09-17 10:41:16,909 [omNode-2@group-523986131536-SegmentedRaftLogWorker] INFO  segmented.SegmentedRaftLogWorker (SegmentedRaftLogWorker.java:execute(594)) - omNode-2@group-523986131536-SegmentedRaftLogWorker: Rolled log segment from /home/runner/work/ozone/ozone/hadoop-ozone/integration-test/target/test-dir/MiniOzoneClusterImpl-90660ac4-7e9c-448b-98ea-af4f808cf8d9/omNode-2/ratis/c9bc4cf4-3bc3-3c60-a66b-523986131536/current/log_inprogress_99 to /home/runner/work/ozone/ozone/hadoop-ozone/integration-test/target/test-dir/MiniOzoneClusterImpl-90660ac4-7e9c-448b-98ea-af4f808cf8d9/omNode-2/ratis/c9bc4cf4-3bc3-3c60-a66b-523986131536/current/log_99-146
2024-09-17 10:41:16,909 [omNode-2@group-523986131536-SegmentedRaftLogWorker] INFO  segmented.BufferedWriteChannel (BufferedWriteChannel.java:open(61)) - open log_inprogress_147 at position 0
2024-09-17 10:41:16,909 [omNode-2@group-523986131536-SegmentedRaftLogWorker] INFO  segmented.SegmentedRaftLogWorker (SegmentedRaftLogWorker.java:execute(637)) - omNode-2@group-523986131536-SegmentedRaftLogWorker: created new log segment /home/runner/work/ozone/ozone/hadoop-ozone/integration-test/target/test-dir/MiniOzoneClusterImpl-90660ac4-7e9c-448b-98ea-af4f808cf8d9/omNode-2/ratis/c9bc4cf4-3bc3-3c60-a66b-523986131536/current/log_inprogress_147
2024-09-17 10:41:16,910 [grpc-default-executor-0] WARN  server.GrpcLogAppender (GrpcLogAppender.java:lambda$resetClient$1(221)) - omNode-1@group-523986131536->omNode-3-GrpcLogAppender: Follower failed (request=null, errorCount=273); keep nextIndex (149) unchanged and retry.
2024-09-17 10:41:16,923 [grpc-default-executor-3] WARN  server.GrpcLogAppender (GrpcLogAppender.java:lambda$resetClient$1(221)) - omNode-1@group-523986131536->omNode-3-GrpcLogAppender: Follower failed (request=null, errorCount=275); keep nextIndex (152) unchanged and retry.
2024-09-17 10:41:16,931 [omNode-1@group-523986131536-StateMachineUpdater] INFO  ratis.OzoneManagerStateMachine (OzoneManagerStateMachine.java:takeSnapshotImpl(485)) -  applied = (t:1, i:150)
2024-09-17 10:41:16,931 [omNode-1@group-523986131536-StateMachineUpdater] INFO  ratis.OzoneManagerStateMachine (OzoneManagerStateMachine.java:takeSnapshotImpl(486)) -  skipped = 149
2024-09-17 10:41:16,931 [omNode-1@group-523986131536-StateMachineUpdater] INFO  ratis.OzoneManagerStateMachine (OzoneManagerStateMachine.java:takeSnapshotImpl(487)) - notified = (t:1, i:150)
2024-09-17 10:41:16,931 [omNode-1@group-523986131536-StateMachineUpdater] INFO  ratis.OzoneManagerStateMachine (OzoneManagerStateMachine.java:takeSnapshotImpl(488)) - snapshot = (t:1, i:150)
2024-09-17 10:41:16,942 [grpc-default-executor-0] WARN  server.GrpcLogAppender (GrpcLogAppender.java:lambda$resetClient$1(221)) - omNode-1@group-523986131536->omNode-3-GrpcLogAppender: Follower failed (request=null, errorCount=277); keep nextIndex (153) unchanged and retry.
2024-09-17 10:41:16,950 [omNode-1@group-523986131536-StateMachineUpdater] INFO  impl.StateMachineUpdater (StateMachineUpdater.java:takeSnapshot(303)) - omNode-1@group-523986131536-StateMachineUpdater: Took a snapshot at index 150
2024-09-17 10:41:16,950 [omNode-1@group-523986131536-StateMachineUpdater] INFO  impl.StateMachineUpdater (StateMachineUpdater.java:lambda$new$0(102)) - omNode-1@group-523986131536-StateMachineUpdater: snapshotIndex: updateIncreasingly 100 -> 150
2024-09-17 10:41:16,950 [omNode-1@group-523986131536-StateMachineUpdater] INFO  raftlog.RaftLog (RaftLogBase.java:purge(336)) - omNode-1@group-523986131536-SegmentedRaftLog: purge 150
2024-09-17 10:41:16,950 [omNode-1@group-523986131536-StateMachineUpdater] INFO  raftlog.RaftLog (RaftLogBase.java:lambda$new$0(54)) - omNode-1@group-523986131536-SegmentedRaftLog: snapshotIndex: updateIncreasingly 100 -> 150
2024-09-17 10:41:16,951 [omNode-1@group-523986131536-SegmentedRaftLogWorker] INFO  raftlog.RaftLog (RaftLogBase.java:lambda$new$0(54)) - omNode-1@group-523986131536-SegmentedRaftLog: purgeIndex: updateToMax old=98, new=146, updated? true
2024-09-17 10:41:16,952 [omNode-2@group-523986131536-StateMachineUpdater] INFO  ratis.OzoneManagerStateMachine (OzoneManagerStateMachine.java:takeSnapshotImpl(485)) -  applied = (t:1, i:150)
2024-09-17 10:41:16,952 [omNode-2@group-523986131536-StateMachineUpdater] INFO  ratis.OzoneManagerStateMachine (OzoneManagerStateMachine.java:takeSnapshotImpl(486)) -  skipped = 149
2024-09-17 10:41:16,952 [omNode-2@group-523986131536-StateMachineUpdater] INFO  ratis.OzoneManagerStateMachine (OzoneManagerStateMachine.java:takeSnapshotImpl(487)) - notified = (t:1, i:150)
2024-09-17 10:41:16,952 [omNode-2@group-523986131536-StateMachineUpdater] INFO  ratis.OzoneManagerStateMachine (OzoneManagerStateMachine.java:takeSnapshotImpl(488)) - snapshot = (t:1, i:150)
2024-09-17 10:41:16,958 [grpc-default-executor-0] WARN  server.GrpcLogAppender (GrpcLogAppender.java:lambda$resetClient$1(221)) - omNode-1@group-523986131536->omNode-3-GrpcLogAppender: Follower failed (request=null, errorCount=279); keep nextIndex (154) unchanged and retry.
2024-09-17 10:41:16,965 [grpc-default-executor-0] WARN  server.GrpcLogAppender (GrpcLogAppender.java:lambda$resetClient$1(221)) - omNode-1@group-523986131536->omNode-3-GrpcLogAppender: Follower failed (request=null, errorCount=281); keep nextIndex (156) unchanged and retry.
2024-09-17 10:41:16,972 [omNode-2@group-523986131536-StateMachineUpdater] INFO  impl.StateMachineUpdater (StateMachineUpdater.java:takeSnapshot(303)) - omNode-2@group-523986131536-StateMachineUpdater: Took a snapshot at index 150
2024-09-17 10:41:16,972 [omNode-2@group-523986131536-StateMachineUpdater] INFO  impl.StateMachineUpdater (StateMachineUpdater.java:lambda$new$0(102)) - omNode-2@group-523986131536-StateMachineUpdater: snapshotIndex: updateIncreasingly 100 -> 150
2024-09-17 10:41:16,972 [omNode-2@group-523986131536-StateMachineUpdater] INFO  raftlog.RaftLog (RaftLogBase.java:purge(336)) - omNode-2@group-523986131536-SegmentedRaftLog: purge 150
2024-09-17 10:41:16,973 [omNode-2@group-523986131536-StateMachineUpdater] INFO  raftlog.RaftLog (RaftLogBase.java:lambda$new$0(54)) - omNode-2@group-523986131536-SegmentedRaftLog: snapshotIndex: updateIncreasingly 100 -> 150
2024-09-17 10:41:16,973 [omNode-2@group-523986131536-SegmentedRaftLogWorker] INFO  raftlog.RaftLog (RaftLogBase.java:lambda$new$0(54)) - omNode-2@group-523986131536-SegmentedRaftLog: purgeIndex: updateToMax old=98, new=146, updated? true
2024-09-17 10:41:16,985 [grpc-default-executor-0] WARN  server.GrpcLogAppender (GrpcLogAppender.java:lambda$resetClient$1(221)) - omNode-1@group-523986131536->omNode-3-GrpcLogAppender: Follower failed (request=null, errorCount=283); keep nextIndex (157) unchanged and retry.
2024-09-17 10:41:16,993 [grpc-default-executor-3] WARN  server.GrpcLogAppender (GrpcLogAppender.java:lambda$resetClient$1(221)) - omNode-1@group-523986131536->omNode-3-GrpcLogAppender: Follower failed (request=null, errorCount=285); keep nextIndex (158) unchanged and retry.
2024-09-17 10:41:17,006 [grpc-default-executor-0] WARN  server.GrpcLogAppender (GrpcLogAppender.java:lambda$resetClient$1(221)) - omNode-1@group-523986131536->omNode-3-GrpcLogAppender: Follower failed (request=null, errorCount=287); keep nextIndex (159) unchanged and retry.
2024-09-17 10:41:17,027 [grpc-default-executor-3] WARN  server.GrpcLogAppender (GrpcLogAppender.java:lambda$resetClient$1(221)) - omNode-1@group-523986131536->omNode-3-GrpcLogAppender: Follower failed (request=null, errorCount=291); keep nextIndex (160) unchanged and retry.
2024-09-17 10:41:17,038 [grpc-default-executor-3] WARN  server.GrpcLogAppender (GrpcLogAppender.java:lambda$resetClient$1(221)) - omNode-1@group-523986131536->omNode-3-GrpcLogAppender: Follower failed (request=null, errorCount=293); keep nextIndex (162) unchanged and retry.
2024-09-17 10:41:17,049 [grpc-default-executor-0] WARN  server.GrpcLogAppender (GrpcLogAppender.java:lambda$resetClient$1(221)) - omNode-1@group-523986131536->omNode-3-GrpcLogAppender: Follower failed (request=null, errorCount=295); keep nextIndex (163) unchanged and retry.
2024-09-17 10:41:17,060 [grpc-default-executor-3] WARN  server.GrpcLogAppender (GrpcLogAppender.java:lambda$resetClient$1(221)) - omNode-1@group-523986131536->omNode-3-GrpcLogAppender: Follower failed (request=null, errorCount=297); keep nextIndex (164) unchanged and retry.
2024-09-17 10:41:17,071 [grpc-default-executor-3] WARN  server.GrpcLogAppender (GrpcLogAppender.java:lambda$resetClient$1(221)) - omNode-1@group-523986131536->omNode-3-GrpcLogAppender: Follower failed (request=null, errorCount=299); keep nextIndex (165) unchanged and retry.
2024-09-17 10:41:17,091 [grpc-default-executor-0] WARN  server.GrpcLogAppender (GrpcLogAppender.java:lambda$resetClient$1(221)) - omNode-1@group-523986131536->omNode-3-GrpcLogAppender: Follower failed (request=null, errorCount=301); keep nextIndex (167) unchanged and retry.
2024-09-17 10:41:17,103 [grpc-default-executor-3] WARN  server.GrpcLogAppender (GrpcLogAppender.java:lambda$resetClient$1(221)) - omNode-1@group-523986131536->omNode-3-GrpcLogAppender: Follower failed (request=null, errorCount=303); keep nextIndex (168) unchanged and retry.
2024-09-17 10:41:17,114 [grpc-default-executor-0] WARN  server.GrpcLogAppender (GrpcLogAppender.java:lambda$resetClient$1(221)) - omNode-1@group-523986131536->omNode-3-GrpcLogAppender: Follower failed (request=null, errorCount=305); keep nextIndex (169) unchanged and retry.
2024-09-17 10:41:17,134 [grpc-default-executor-3] WARN  server.GrpcLogAppender (GrpcLogAppender.java:lambda$resetClient$1(221)) - omNode-1@group-523986131536->omNode-3-GrpcLogAppender: Follower failed (request=null, errorCount=307); keep nextIndex (171) unchanged and retry.
2024-09-17 10:41:17,145 [grpc-default-executor-0] WARN  server.GrpcLogAppender (GrpcLogAppender.java:lambda$resetClient$1(221)) - omNode-1@group-523986131536->omNode-3-GrpcLogAppender: Follower failed (request=null, errorCount=309); keep nextIndex (172) unchanged and retry.
2024-09-17 10:41:17,156 [grpc-default-executor-0] WARN  server.GrpcLogAppender (GrpcLogAppender.java:lambda$resetClient$1(221)) - omNode-1@group-523986131536->omNode-3-GrpcLogAppender: Follower failed (request=null, errorCount=311); keep nextIndex (173) unchanged and retry.
2024-09-17 10:41:17,172 [omNode-1-OMStateMachineApplyTransactionThread - 0] WARN  snapshot.OMSnapshotCreateRequest (OMSnapshotCreateRequest.java:estimateBucketDataSize(338)) - DefaultReplicationConfig is not correctly set in OmBucketInfo for volume 'volume1' bucket 'bucket2'. Falling back to config default 'RATIS/THREE'
2024-09-17 10:41:17,172 [omNode-1-OMStateMachineApplyTransactionThread - 0] INFO  snapshot.OMSnapshotCreateRequest (OMSnapshotCreateRequest.java:validateAndUpdateCache(219)) - Created snapshot: 'snapshot-3' with snapshotId: '08e8c895-7ec9-4834-bf0b-c733f22de989' under path 'volume1/bucket2'
2024-09-17 10:41:17,174 [main] WARN  server.ServerUtils (ServerUtils.java:getDBPath(299)) - ozone.om.db.dirs is not configured. We recommend adding this setting. Falling back to ozone.metadata.dirs instead.
2024-09-17 10:41:17,183 [omNode-2-OMStateMachineApplyTransactionThread - 0] WARN  snapshot.OMSnapshotCreateRequest (OMSnapshotCreateRequest.java:estimateBucketDataSize(338)) - DefaultReplicationConfig is not correctly set in OmBucketInfo for volume 'volume1' bucket 'bucket2'. Falling back to config default 'RATIS/THREE'
2024-09-17 10:41:17,183 [omNode-2-OMStateMachineApplyTransactionThread - 0] INFO  snapshot.OMSnapshotCreateRequest (OMSnapshotCreateRequest.java:validateAndUpdateCache(219)) - Created snapshot: 'snapshot-3' with snapshotId: '08e8c895-7ec9-4834-bf0b-c733f22de989' under path 'volume1/bucket2'
2024-09-17 10:41:17,190 [omNode-1-OMDoubleBufferFlushThread] INFO  db.RDBCheckpointManager (RDBCheckpointManager.java:createCheckpoint(89)) - Created checkpoint in rocksDB at /home/runner/work/ozone/ozone/hadoop-ozone/integration-test/target/test-dir/MiniOzoneClusterImpl-90660ac4-7e9c-448b-98ea-af4f808cf8d9/omNode-1/db.snapshots/checkpointState/om.db-08e8c895-7ec9-4834-bf0b-c733f22de989 in 16 milliseconds
2024-09-17 10:41:17,191 [omNode-1-OMDoubleBufferFlushThread] INFO  om.OmSnapshotManager (OmSnapshotManager.java:createOmSnapshotCheckpoint(484)) - Created checkpoint : /home/runner/work/ozone/ozone/hadoop-ozone/integration-test/target/test-dir/MiniOzoneClusterImpl-90660ac4-7e9c-448b-98ea-af4f808cf8d9/omNode-1/db.snapshots/checkpointState/om.db-08e8c895-7ec9-4834-bf0b-c733f22de989 for snapshot snapshot-3
2024-09-17 10:41:17,202 [omNode-2-OMDoubleBufferFlushThread] INFO  db.RDBCheckpointManager (RDBCheckpointManager.java:createCheckpoint(89)) - Created checkpoint in rocksDB at /home/runner/work/ozone/ozone/hadoop-ozone/integration-test/target/test-dir/MiniOzoneClusterImpl-90660ac4-7e9c-448b-98ea-af4f808cf8d9/omNode-2/db.snapshots/checkpointState/om.db-08e8c895-7ec9-4834-bf0b-c733f22de989 in 17 milliseconds
2024-09-17 10:41:17,202 [omNode-2-OMDoubleBufferFlushThread] INFO  om.OmSnapshotManager (OmSnapshotManager.java:createOmSnapshotCheckpoint(484)) - Created checkpoint : /home/runner/work/ozone/ozone/hadoop-ozone/integration-test/target/test-dir/MiniOzoneClusterImpl-90660ac4-7e9c-448b-98ea-af4f808cf8d9/omNode-2/db.snapshots/checkpointState/om.db-08e8c895-7ec9-4834-bf0b-c733f22de989 for snapshot snapshot-3
2024-09-17 10:41:17,289 [grpc-default-executor-0] WARN  server.GrpcLogAppender (GrpcLogAppender.java:lambda$resetClient$1(221)) - omNode-1@group-523986131536->omNode-3-GrpcLogAppender: Follower failed (request=null, errorCount=315); keep nextIndex (176) unchanged and retry.
2024-09-17 10:41:17,299 [grpc-default-executor-1] WARN  server.GrpcLogAppender (GrpcLogAppender.java:lambda$resetClient$1(221)) - omNode-1@group-523986131536->omNode-3-GrpcLogAppender: Follower failed (request=null, errorCount=317); keep nextIndex (177) unchanged and retry.
2024-09-17 10:41:17,310 [grpc-default-executor-1] WARN  server.GrpcLogAppender (GrpcLogAppender.java:lambda$resetClient$1(221)) - omNode-1@group-523986131536->omNode-3-GrpcLogAppender: Follower failed (request=null, errorCount=319); keep nextIndex (178) unchanged and retry.
2024-09-17 10:41:17,327 [grpc-default-executor-0] WARN  server.GrpcLogAppender (GrpcLogAppender.java:lambda$resetClient$1(221)) - omNode-1@group-523986131536->omNode-3-GrpcLogAppender: Follower failed (request=null, errorCount=321); keep nextIndex (180) unchanged and retry.
2024-09-17 10:41:17,342 [grpc-default-executor-1] WARN  server.GrpcLogAppender (GrpcLogAppender.java:lambda$resetClient$1(221)) - omNode-1@group-523986131536->omNode-3-GrpcLogAppender: Follower failed (request=null, errorCount=323); keep nextIndex (181) unchanged and retry.
2024-09-17 10:41:17,352 [grpc-default-executor-1] WARN  server.GrpcLogAppender (GrpcLogAppender.java:lambda$resetClient$1(221)) - omNode-1@group-523986131536->omNode-3-GrpcLogAppender: Follower failed (request=null, errorCount=325); keep nextIndex (182) unchanged and retry.
2024-09-17 10:41:17,368 [grpc-default-executor-0] WARN  server.GrpcLogAppender (GrpcLogAppender.java:lambda$resetClient$1(221)) - omNode-1@group-523986131536->omNode-3-GrpcLogAppender: Follower failed (request=null, errorCount=327); keep nextIndex (184) unchanged and retry.
2024-09-17 10:41:17,383 [grpc-default-executor-1] WARN  server.GrpcLogAppender (GrpcLogAppender.java:lambda$resetClient$1(221)) - omNode-1@group-523986131536->omNode-3-GrpcLogAppender: Follower failed (request=null, errorCount=329); keep nextIndex (185) unchanged and retry.
2024-09-17 10:41:17,403 [grpc-default-executor-3] WARN  server.GrpcLogAppender (GrpcLogAppender.java:lambda$resetClient$1(221)) - omNode-1@group-523986131536->omNode-3-GrpcLogAppender: Follower failed (request=null, errorCount=331); keep nextIndex (187) unchanged and retry.
2024-09-17 10:41:17,409 [grpc-default-executor-0] WARN  server.GrpcLogAppender (GrpcLogAppender.java:lambda$resetClient$1(221)) - omNode-1@group-523986131536->omNode-3-GrpcLogAppender: Follower failed (request=null, errorCount=333); keep nextIndex (188) unchanged and retry.
2024-09-17 10:41:17,425 [grpc-default-executor-0] WARN  server.GrpcLogAppender (GrpcLogAppender.java:lambda$resetClient$1(221)) - omNode-1@group-523986131536->omNode-3-GrpcLogAppender: Follower failed (request=null, errorCount=335); keep nextIndex (189) unchanged and retry.
2024-09-17 10:41:17,435 [grpc-default-executor-3] WARN  server.GrpcLogAppender (GrpcLogAppender.java:lambda$resetClient$1(221)) - omNode-1@group-523986131536->omNode-3-GrpcLogAppender: Follower failed (request=null, errorCount=337); keep nextIndex (190) unchanged and retry.
2024-09-17 10:41:17,446 [grpc-default-executor-0] WARN  server.GrpcLogAppender (GrpcLogAppender.java:lambda$resetClient$1(221)) - omNode-1@group-523986131536->omNode-3-GrpcLogAppender: Follower failed (request=null, errorCount=339); keep nextIndex (191) unchanged and retry.
2024-09-17 10:41:17,457 [grpc-default-executor-0] WARN  server.GrpcLogAppender (GrpcLogAppender.java:lambda$resetClient$1(221)) - omNode-1@group-523986131536->omNode-3-GrpcLogAppender: Follower failed (request=null, errorCount=341); keep nextIndex (192) unchanged and retry.
2024-09-17 10:41:17,467 [grpc-default-executor-1] WARN  server.GrpcLogAppender (GrpcLogAppender.java:lambda$resetClient$1(221)) - omNode-1@group-523986131536->omNode-3-GrpcLogAppender: Follower failed (request=null, errorCount=343); keep nextIndex (193) unchanged and retry.
2024-09-17 10:41:17,478 [grpc-default-executor-3] WARN  server.GrpcLogAppender (GrpcLogAppender.java:lambda$resetClient$1(221)) - omNode-1@group-523986131536->omNode-3-GrpcLogAppender: Follower failed (request=null, errorCount=345); keep nextIndex (194) unchanged and retry.
2024-09-17 10:41:17,489 [grpc-default-executor-1] WARN  server.GrpcLogAppender (GrpcLogAppender.java:lambda$resetClient$1(221)) - omNode-1@group-523986131536->omNode-3-GrpcLogAppender: Follower failed (request=null, errorCount=347); keep nextIndex (195) unchanged and retry.
2024-09-17 10:41:17,497 [omNode-1-client-thread1] INFO  segmented.SegmentedRaftLogWorker (SegmentedRaftLogWorker.java:rollLogSegment(438)) - omNode-1@group-523986131536-SegmentedRaftLogWorker: Rolling segment log-147_194 to index:194
2024-09-17 10:41:17,498 [omNode-1@group-523986131536-SegmentedRaftLogWorker] INFO  segmented.SegmentedRaftLogWorker (SegmentedRaftLogWorker.java:execute(594)) - omNode-1@group-523986131536-SegmentedRaftLogWorker: Rolled log segment from /home/runner/work/ozone/ozone/hadoop-ozone/integration-test/target/test-dir/MiniOzoneClusterImpl-90660ac4-7e9c-448b-98ea-af4f808cf8d9/omNode-1/ratis/c9bc4cf4-3bc3-3c60-a66b-523986131536/current/log_inprogress_147 to /home/runner/work/ozone/ozone/hadoop-ozone/integration-test/target/test-dir/MiniOzoneClusterImpl-90660ac4-7e9c-448b-98ea-af4f808cf8d9/omNode-1/ratis/c9bc4cf4-3bc3-3c60-a66b-523986131536/current/log_147-194
2024-09-17 10:41:17,498 [omNode-1@group-523986131536-SegmentedRaftLogWorker] INFO  segmented.BufferedWriteChannel (BufferedWriteChannel.java:open(61)) - open log_inprogress_195 at position 0
2024-09-17 10:41:17,499 [omNode-1@group-523986131536-SegmentedRaftLogWorker] INFO  segmented.SegmentedRaftLogWorker (SegmentedRaftLogWorker.java:execute(637)) - omNode-1@group-523986131536-SegmentedRaftLogWorker: created new log segment /home/runner/work/ozone/ozone/hadoop-ozone/integration-test/target/test-dir/MiniOzoneClusterImpl-90660ac4-7e9c-448b-98ea-af4f808cf8d9/omNode-1/ratis/c9bc4cf4-3bc3-3c60-a66b-523986131536/current/log_inprogress_195
2024-09-17 10:41:17,500 [grpc-default-executor-1] WARN  server.GrpcLogAppender (GrpcLogAppender.java:lambda$resetClient$1(221)) - omNode-1@group-523986131536->omNode-3-GrpcLogAppender: Follower failed (request=null, errorCount=349); keep nextIndex (196) unchanged and retry.
2024-09-17 10:41:17,509 [omNode-2-server-thread1] INFO  segmented.SegmentedRaftLogWorker (SegmentedRaftLogWorker.java:rollLogSegment(438)) - omNode-2@group-523986131536-SegmentedRaftLogWorker: Rolling segment log-147_194 to index:194
2024-09-17 10:41:17,509 [omNode-2@group-523986131536-SegmentedRaftLogWorker] INFO  segmented.SegmentedRaftLogWorker (SegmentedRaftLogWorker.java:execute(594)) - omNode-2@group-523986131536-SegmentedRaftLogWorker: Rolled log segment from /home/runner/work/ozone/ozone/hadoop-ozone/integration-test/target/test-dir/MiniOzoneClusterImpl-90660ac4-7e9c-448b-98ea-af4f808cf8d9/omNode-2/ratis/c9bc4cf4-3bc3-3c60-a66b-523986131536/current/log_inprogress_147 to /home/runner/work/ozone/ozone/hadoop-ozone/integration-test/target/test-dir/MiniOzoneClusterImpl-90660ac4-7e9c-448b-98ea-af4f808cf8d9/omNode-2/ratis/c9bc4cf4-3bc3-3c60-a66b-523986131536/current/log_147-194
2024-09-17 10:41:17,509 [omNode-2@group-523986131536-SegmentedRaftLogWorker] INFO  segmented.BufferedWriteChannel (BufferedWriteChannel.java:open(61)) - open log_inprogress_195 at position 0
2024-09-17 10:41:17,510 [omNode-2@group-523986131536-SegmentedRaftLogWorker] INFO  segmented.SegmentedRaftLogWorker (SegmentedRaftLogWorker.java:execute(637)) - omNode-2@group-523986131536-SegmentedRaftLogWorker: created new log segment /home/runner/work/ozone/ozone/hadoop-ozone/integration-test/target/test-dir/MiniOzoneClusterImpl-90660ac4-7e9c-448b-98ea-af4f808cf8d9/omNode-2/ratis/c9bc4cf4-3bc3-3c60-a66b-523986131536/current/log_inprogress_195
2024-09-17 10:41:17,511 [grpc-default-executor-3] WARN  server.GrpcLogAppender (GrpcLogAppender.java:lambda$resetClient$1(221)) - omNode-1@group-523986131536->omNode-3-GrpcLogAppender: Follower failed (request=null, errorCount=351); keep nextIndex (197) unchanged and retry.
2024-09-17 10:41:17,520 [grpc-default-executor-3] WARN  server.GrpcLogAppender (GrpcLogAppender.java:lambda$resetClient$1(221)) - omNode-1@group-523986131536->omNode-3-GrpcLogAppender: Follower failed (request=null, errorCount=353); keep nextIndex (198) unchanged and retry.
2024-09-17 10:41:17,531 [grpc-default-executor-1] WARN  server.GrpcLogAppender (GrpcLogAppender.java:lambda$resetClient$1(221)) - omNode-1@group-523986131536->omNode-3-GrpcLogAppender: Follower failed (request=null, errorCount=355); keep nextIndex (199) unchanged and retry.
2024-09-17 10:41:17,553 [grpc-default-executor-1] WARN  server.GrpcLogAppender (GrpcLogAppender.java:lambda$resetClient$1(221)) - omNode-1@group-523986131536->omNode-3-GrpcLogAppender: Follower failed (request=null, errorCount=359); keep nextIndex (200) unchanged and retry.
2024-09-17 10:41:17,563 [grpc-default-executor-0] WARN  server.GrpcLogAppender (GrpcLogAppender.java:lambda$resetClient$1(221)) - omNode-1@group-523986131536->omNode-3-GrpcLogAppender: Follower failed (request=null, errorCount=361); keep nextIndex (202) unchanged and retry.
2024-09-17 10:41:17,564 [omNode-1@group-523986131536-StateMachineUpdater] INFO  ratis.OzoneManagerStateMachine (OzoneManagerStateMachine.java:takeSnapshotImpl(485)) -  applied = (t:1, i:200)
2024-09-17 10:41:17,564 [omNode-1@group-523986131536-StateMachineUpdater] INFO  ratis.OzoneManagerStateMachine (OzoneManagerStateMachine.java:takeSnapshotImpl(486)) -  skipped = 199
2024-09-17 10:41:17,564 [omNode-1@group-523986131536-StateMachineUpdater] INFO  ratis.OzoneManagerStateMachine (OzoneManagerStateMachine.java:takeSnapshotImpl(487)) - notified = (t:1, i:200)
2024-09-17 10:41:17,564 [omNode-1@group-523986131536-StateMachineUpdater] INFO  ratis.OzoneManagerStateMachine (OzoneManagerStateMachine.java:takeSnapshotImpl(488)) - snapshot = (t:1, i:200)
2024-09-17 10:41:17,574 [grpc-default-executor-0] WARN  server.GrpcLogAppender (GrpcLogAppender.java:lambda$resetClient$1(221)) - omNode-1@group-523986131536->omNode-3-GrpcLogAppender: Follower failed (request=null, errorCount=363); keep nextIndex (203) unchanged and retry.
2024-09-17 10:41:17,585 [omNode-1@group-523986131536-StateMachineUpdater] INFO  impl.StateMachineUpdater (StateMachineUpdater.java:takeSnapshot(303)) - omNode-1@group-523986131536-StateMachineUpdater: Took a snapshot at index 200
2024-09-17 10:41:17,585 [omNode-1@group-523986131536-StateMachineUpdater] INFO  impl.StateMachineUpdater (StateMachineUpdater.java:lambda$new$0(102)) - omNode-1@group-523986131536-StateMachineUpdater: snapshotIndex: updateIncreasingly 150 -> 200
2024-09-17 10:41:17,585 [omNode-1@group-523986131536-StateMachineUpdater] INFO  raftlog.RaftLog (RaftLogBase.java:purge(336)) - omNode-1@group-523986131536-SegmentedRaftLog: purge 200
2024-09-17 10:41:17,585 [omNode-1@group-523986131536-StateMachineUpdater] INFO  raftlog.RaftLog (RaftLogBase.java:lambda$new$0(54)) - omNode-1@group-523986131536-SegmentedRaftLog: snapshotIndex: updateIncreasingly 150 -> 200
2024-09-17 10:41:17,585 [omNode-1@group-523986131536-SegmentedRaftLogWorker] INFO  raftlog.RaftLog (RaftLogBase.java:lambda$new$0(54)) - omNode-1@group-523986131536-SegmentedRaftLog: purgeIndex: updateToMax old=146, new=194, updated? true
2024-09-17 10:41:17,588 [omNode-2@group-523986131536-StateMachineUpdater] INFO  ratis.OzoneManagerStateMachine (OzoneManagerStateMachine.java:takeSnapshotImpl(485)) -  applied = (t:1, i:200)
2024-09-17 10:41:17,588 [omNode-2@group-523986131536-StateMachineUpdater] INFO  ratis.OzoneManagerStateMachine (OzoneManagerStateMachine.java:takeSnapshotImpl(486)) -  skipped = 199
2024-09-17 10:41:17,588 [omNode-2@group-523986131536-StateMachineUpdater] INFO  ratis.OzoneManagerStateMachine (OzoneManagerStateMachine.java:takeSnapshotImpl(487)) - notified = (t:1, i:200)
2024-09-17 10:41:17,588 [omNode-2@group-523986131536-StateMachineUpdater] INFO  ratis.OzoneManagerStateMachine (OzoneManagerStateMachine.java:takeSnapshotImpl(488)) - snapshot = (t:1, i:200)
2024-09-17 10:41:17,603 [grpc-default-executor-1] WARN  server.GrpcLogAppender (GrpcLogAppender.java:lambda$resetClient$1(221)) - omNode-1@group-523986131536->omNode-3-GrpcLogAppender: Follower failed (request=null, errorCount=365); keep nextIndex (204) unchanged and retry.
2024-09-17 10:41:17,615 [grpc-default-executor-3] WARN  server.GrpcLogAppender (GrpcLogAppender.java:lambda$resetClient$1(221)) - omNode-1@group-523986131536->omNode-3-GrpcLogAppender: Follower failed (request=null, errorCount=367); keep nextIndex (206) unchanged and retry.
2024-09-17 10:41:17,624 [omNode-2@group-523986131536-StateMachineUpdater] INFO  impl.StateMachineUpdater (StateMachineUpdater.java:takeSnapshot(303)) - omNode-2@group-523986131536-StateMachineUpdater: Took a snapshot at index 200
2024-09-17 10:41:17,624 [omNode-2@group-523986131536-StateMachineUpdater] INFO  impl.StateMachineUpdater (StateMachineUpdater.java:lambda$new$0(102)) - omNode-2@group-523986131536-StateMachineUpdater: snapshotIndex: updateIncreasingly 150 -> 200
2024-09-17 10:41:17,624 [omNode-2@group-523986131536-StateMachineUpdater] INFO  raftlog.RaftLog (RaftLogBase.java:purge(336)) - omNode-2@group-523986131536-SegmentedRaftLog: purge 200
2024-09-17 10:41:17,625 [omNode-2@group-523986131536-StateMachineUpdater] INFO  raftlog.RaftLog (RaftLogBase.java:lambda$new$0(54)) - omNode-2@group-523986131536-SegmentedRaftLog: snapshotIndex: updateIncreasingly 150 -> 200
2024-09-17 10:41:17,625 [omNode-2@group-523986131536-SegmentedRaftLogWorker] INFO  raftlog.RaftLog (RaftLogBase.java:lambda$new$0(54)) - omNode-2@group-523986131536-SegmentedRaftLog: purgeIndex: updateToMax old=146, new=194, updated? true
2024-09-17 10:41:17,628 [grpc-default-executor-3] WARN  server.GrpcLogAppender (GrpcLogAppender.java:lambda$resetClient$1(221)) - omNode-1@group-523986131536->omNode-3-GrpcLogAppender: Follower failed (request=null, errorCount=369); keep nextIndex (207) unchanged and retry.
2024-09-17 10:41:17,648 [grpc-default-executor-1] WARN  server.GrpcLogAppender (GrpcLogAppender.java:lambda$resetClient$1(221)) - omNode-1@group-523986131536->omNode-3-GrpcLogAppender: Follower failed (request=null, errorCount=371); keep nextIndex (209) unchanged and retry.
2024-09-17 10:41:17,651 [grpc-default-executor-3] WARN  server.GrpcLogAppender (GrpcLogAppender.java:lambda$resetClient$1(221)) - omNode-1@group-523986131536->omNode-3-GrpcLogAppender: Follower failed (request=null, errorCount=373); keep nextIndex (210) unchanged and retry.
2024-09-17 10:41:17,670 [grpc-default-executor-1] WARN  server.GrpcLogAppender (GrpcLogAppender.java:lambda$resetClient$1(221)) - omNode-1@group-523986131536->omNode-3-GrpcLogAppender: Follower failed (request=null, errorCount=375); keep nextIndex (211) unchanged and retry.
2024-09-17 10:41:17,677 [grpc-default-executor-3] WARN  server.GrpcLogAppender (GrpcLogAppender.java:lambda$resetClient$1(221)) - omNode-1@group-523986131536->omNode-3-GrpcLogAppender: Follower failed (request=null, errorCount=377); keep nextIndex (212) unchanged and retry.
2024-09-17 10:41:17,692 [grpc-default-executor-3] WARN  server.GrpcLogAppender (GrpcLogAppender.java:lambda$resetClient$1(221)) - omNode-1@group-523986131536->omNode-3-GrpcLogAppender: Follower failed (request=null, errorCount=379); keep nextIndex (213) unchanged and retry.
2024-09-17 10:41:17,702 [grpc-default-executor-1] WARN  server.GrpcLogAppender (GrpcLogAppender.java:lambda$resetClient$1(221)) - omNode-1@group-523986131536->omNode-3-GrpcLogAppender: Follower failed (request=null, errorCount=381); keep nextIndex (214) unchanged and retry.
2024-09-17 10:41:17,713 [grpc-default-executor-1] WARN  server.GrpcLogAppender (GrpcLogAppender.java:lambda$resetClient$1(221)) - omNode-1@group-523986131536->omNode-3-GrpcLogAppender: Follower failed (request=null, errorCount=383); keep nextIndex (215) unchanged and retry.
2024-09-17 10:41:17,737 [omNode-2-OMStateMachineApplyTransactionThread - 0] WARN  snapshot.OMSnapshotCreateRequest (OMSnapshotCreateRequest.java:estimateBucketDataSize(338)) - DefaultReplicationConfig is not correctly set in OmBucketInfo for volume 'volume1' bucket 'bucket2'. Falling back to config default 'RATIS/THREE'
2024-09-17 10:41:17,738 [omNode-1-OMStateMachineApplyTransactionThread - 0] WARN  snapshot.OMSnapshotCreateRequest (OMSnapshotCreateRequest.java:estimateBucketDataSize(338)) - DefaultReplicationConfig is not correctly set in OmBucketInfo for volume 'volume1' bucket 'bucket2'. Falling back to config default 'RATIS/THREE'
2024-09-17 10:41:17,738 [omNode-1-OMStateMachineApplyTransactionThread - 0] INFO  snapshot.OMSnapshotCreateRequest (OMSnapshotCreateRequest.java:validateAndUpdateCache(219)) - Created snapshot: 'snapshot-4' with snapshotId: '79f6c1dd-6d4d-46e0-a3fd-7cb23c796e7c' under path 'volume1/bucket2'
2024-09-17 10:41:17,739 [omNode-2-OMStateMachineApplyTransactionThread - 0] INFO  snapshot.OMSnapshotCreateRequest (OMSnapshotCreateRequest.java:validateAndUpdateCache(219)) - Created snapshot: 'snapshot-4' with snapshotId: '79f6c1dd-6d4d-46e0-a3fd-7cb23c796e7c' under path 'volume1/bucket2'
2024-09-17 10:41:17,739 [main] WARN  server.ServerUtils (ServerUtils.java:getDBPath(299)) - ozone.om.db.dirs is not configured. We recommend adding this setting. Falling back to ozone.metadata.dirs instead.
2024-09-17 10:41:17,763 [omNode-2-OMDoubleBufferFlushThread] INFO  db.RDBCheckpointManager (RDBCheckpointManager.java:createCheckpoint(89)) - Created checkpoint in rocksDB at /home/runner/work/ozone/ozone/hadoop-ozone/integration-test/target/test-dir/MiniOzoneClusterImpl-90660ac4-7e9c-448b-98ea-af4f808cf8d9/omNode-2/db.snapshots/checkpointState/om.db-79f6c1dd-6d4d-46e0-a3fd-7cb23c796e7c in 22 milliseconds
2024-09-17 10:41:17,763 [omNode-2-OMDoubleBufferFlushThread] INFO  om.OmSnapshotManager (OmSnapshotManager.java:createOmSnapshotCheckpoint(484)) - Created checkpoint : /home/runner/work/ozone/ozone/hadoop-ozone/integration-test/target/test-dir/MiniOzoneClusterImpl-90660ac4-7e9c-448b-98ea-af4f808cf8d9/omNode-2/db.snapshots/checkpointState/om.db-79f6c1dd-6d4d-46e0-a3fd-7cb23c796e7c for snapshot snapshot-4
2024-09-17 10:41:17,775 [omNode-1-OMDoubleBufferFlushThread] INFO  db.RDBCheckpointManager (RDBCheckpointManager.java:createCheckpoint(89)) - Created checkpoint in rocksDB at /home/runner/work/ozone/ozone/hadoop-ozone/integration-test/target/test-dir/MiniOzoneClusterImpl-90660ac4-7e9c-448b-98ea-af4f808cf8d9/omNode-1/db.snapshots/checkpointState/om.db-79f6c1dd-6d4d-46e0-a3fd-7cb23c796e7c in 34 milliseconds
2024-09-17 10:41:17,775 [omNode-1-OMDoubleBufferFlushThread] INFO  om.OmSnapshotManager (OmSnapshotManager.java:createOmSnapshotCheckpoint(484)) - Created checkpoint : /home/runner/work/ozone/ozone/hadoop-ozone/integration-test/target/test-dir/MiniOzoneClusterImpl-90660ac4-7e9c-448b-98ea-af4f808cf8d9/omNode-1/db.snapshots/checkpointState/om.db-79f6c1dd-6d4d-46e0-a3fd-7cb23c796e7c for snapshot snapshot-4
2024-09-17 10:41:17,854 [grpc-default-executor-1] WARN  server.GrpcLogAppender (GrpcLogAppender.java:lambda$resetClient$1(221)) - omNode-1@group-523986131536->omNode-3-GrpcLogAppender: Follower failed (request=null, errorCount=387); keep nextIndex (218) unchanged and retry.
2024-09-17 10:41:17,865 [grpc-default-executor-1] WARN  server.GrpcLogAppender (GrpcLogAppender.java:lambda$resetClient$1(221)) - omNode-1@group-523986131536->omNode-3-GrpcLogAppender: Follower failed (request=null, errorCount=389); keep nextIndex (219) unchanged and retry.
2024-09-17 10:41:17,876 [grpc-default-executor-0] WARN  server.GrpcLogAppender (GrpcLogAppender.java:lambda$resetClient$1(221)) - omNode-1@group-523986131536->omNode-3-GrpcLogAppender: Follower failed (request=null, errorCount=391); keep nextIndex (220) unchanged and retry.
2024-09-17 10:41:17,887 [grpc-default-executor-1] WARN  server.GrpcLogAppender (GrpcLogAppender.java:lambda$resetClient$1(221)) - omNode-1@group-523986131536->omNode-3-GrpcLogAppender: Follower failed (request=null, errorCount=393); keep nextIndex (221) unchanged and retry.
2024-09-17 10:41:17,898 [grpc-default-executor-1] WARN  server.GrpcLogAppender (GrpcLogAppender.java:lambda$resetClient$1(221)) - omNode-1@group-523986131536->omNode-3-GrpcLogAppender: Follower failed (request=null, errorCount=395); keep nextIndex (222) unchanged and retry.
2024-09-17 10:41:17,909 [grpc-default-executor-0] WARN  server.GrpcLogAppender (GrpcLogAppender.java:lambda$resetClient$1(221)) - omNode-1@group-523986131536->omNode-3-GrpcLogAppender: Follower failed (request=null, errorCount=397); keep nextIndex (223) unchanged and retry.
2024-09-17 10:41:17,919 [grpc-default-executor-1] WARN  server.GrpcLogAppender (GrpcLogAppender.java:lambda$resetClient$1(221)) - omNode-1@group-523986131536->omNode-3-GrpcLogAppender: Follower failed (request=null, errorCount=399); keep nextIndex (224) unchanged and retry.
2024-09-17 10:41:17,930 [grpc-default-executor-0] WARN  server.GrpcLogAppender (GrpcLogAppender.java:lambda$resetClient$1(221)) - omNode-1@group-523986131536->omNode-3-GrpcLogAppender: Follower failed (request=null, errorCount=401); keep nextIndex (225) unchanged and retry.
2024-09-17 10:41:17,941 [grpc-default-executor-1] WARN  server.GrpcLogAppender (GrpcLogAppender.java:lambda$resetClient$1(221)) - omNode-1@group-523986131536->omNode-3-GrpcLogAppender: Follower failed (request=null, errorCount=403); keep nextIndex (226) unchanged and retry.
2024-09-17 10:41:17,951 [grpc-default-executor-0] WARN  server.GrpcLogAppender (GrpcLogAppender.java:lambda$resetClient$1(221)) - omNode-1@group-523986131536->omNode-3-GrpcLogAppender: Follower failed (request=null, errorCount=405); keep nextIndex (227) unchanged and retry.
2024-09-17 10:41:17,963 [grpc-default-executor-1] WARN  server.GrpcLogAppender (GrpcLogAppender.java:lambda$resetClient$1(221)) - omNode-1@group-523986131536->omNode-3-GrpcLogAppender: Follower failed (request=null, errorCount=407); keep nextIndex (228) unchanged and retry.
2024-09-17 10:41:17,972 [grpc-default-executor-0] WARN  server.GrpcLogAppender (GrpcLogAppender.java:lambda$resetClient$1(221)) - omNode-1@group-523986131536->omNode-3-GrpcLogAppender: Follower failed (request=null, errorCount=409); keep nextIndex (229) unchanged and retry.
2024-09-17 10:41:17,983 [grpc-default-executor-1] WARN  server.GrpcLogAppender (GrpcLogAppender.java:lambda$resetClient$1(221)) - omNode-1@group-523986131536->omNode-3-GrpcLogAppender: Follower failed (request=null, errorCount=411); keep nextIndex (230) unchanged and retry.
2024-09-17 10:41:17,994 [grpc-default-executor-1] WARN  server.GrpcLogAppender (GrpcLogAppender.java:lambda$resetClient$1(221)) - omNode-1@group-523986131536->omNode-3-GrpcLogAppender: Follower failed (request=null, errorCount=413); keep nextIndex (231) unchanged and retry.
2024-09-17 10:41:18,005 [grpc-default-executor-0] WARN  server.GrpcLogAppender (GrpcLogAppender.java:lambda$resetClient$1(221)) - omNode-1@group-523986131536->omNode-3-GrpcLogAppender: Follower failed (request=null, errorCount=415); keep nextIndex (232) unchanged and retry.
2024-09-17 10:41:18,015 [grpc-default-executor-0] WARN  server.GrpcLogAppender (GrpcLogAppender.java:lambda$resetClient$1(221)) - omNode-1@group-523986131536->omNode-3-GrpcLogAppender: Follower failed (request=null, errorCount=417); keep nextIndex (233) unchanged and retry.
2024-09-17 10:41:18,027 [grpc-default-executor-1] WARN  server.GrpcLogAppender (GrpcLogAppender.java:lambda$resetClient$1(221)) - omNode-1@group-523986131536->omNode-3-GrpcLogAppender: Follower failed (request=null, errorCount=419); keep nextIndex (234) unchanged and retry.
2024-09-17 10:41:18,037 [grpc-default-executor-1] WARN  server.GrpcLogAppender (GrpcLogAppender.java:lambda$resetClient$1(221)) - omNode-1@group-523986131536->omNode-3-GrpcLogAppender: Follower failed (request=null, errorCount=421); keep nextIndex (235) unchanged and retry.
2024-09-17 10:41:18,047 [grpc-default-executor-3] WARN  server.GrpcLogAppender (GrpcLogAppender.java:lambda$resetClient$1(221)) - omNode-1@group-523986131536->omNode-3-GrpcLogAppender: Follower failed (request=null, errorCount=423); keep nextIndex (236) unchanged and retry.
2024-09-17 10:41:18,058 [grpc-default-executor-1] WARN  server.GrpcLogAppender (GrpcLogAppender.java:lambda$resetClient$1(221)) - omNode-1@group-523986131536->omNode-3-GrpcLogAppender: Follower failed (request=null, errorCount=425); keep nextIndex (237) unchanged and retry.
2024-09-17 10:41:18,069 [grpc-default-executor-3] WARN  server.GrpcLogAppender (GrpcLogAppender.java:lambda$resetClient$1(221)) - omNode-1@group-523986131536->omNode-3-GrpcLogAppender: Follower failed (request=null, errorCount=427); keep nextIndex (238) unchanged and retry.
2024-09-17 10:41:18,080 [grpc-default-executor-1] WARN  server.GrpcLogAppender (GrpcLogAppender.java:lambda$resetClient$1(221)) - omNode-1@group-523986131536->omNode-3-GrpcLogAppender: Follower failed (request=null, errorCount=429); keep nextIndex (239) unchanged and retry.
2024-09-17 10:41:18,090 [grpc-default-executor-3] WARN  server.GrpcLogAppender (GrpcLogAppender.java:lambda$resetClient$1(221)) - omNode-1@group-523986131536->omNode-3-GrpcLogAppender: Follower failed (request=null, errorCount=431); keep nextIndex (240) unchanged and retry.
2024-09-17 10:41:18,126 [grpc-default-executor-3] WARN  server.GrpcLogAppender (GrpcLogAppender.java:lambda$resetClient$1(221)) - omNode-1@group-523986131536->omNode-3-GrpcLogAppender: Follower failed (request=null, errorCount=435); keep nextIndex (243) unchanged and retry.
2024-09-17 10:41:18,129 [omNode-1-client-thread1] INFO  segmented.SegmentedRaftLogWorker (SegmentedRaftLogWorker.java:rollLogSegment(438)) - omNode-1@group-523986131536-SegmentedRaftLogWorker: Rolling segment log-195_242 to index:242
2024-09-17 10:41:18,129 [omNode-1@group-523986131536-SegmentedRaftLogWorker] INFO  segmented.SegmentedRaftLogWorker (SegmentedRaftLogWorker.java:execute(594)) - omNode-1@group-523986131536-SegmentedRaftLogWorker: Rolled log segment from /home/runner/work/ozone/ozone/hadoop-ozone/integration-test/target/test-dir/MiniOzoneClusterImpl-90660ac4-7e9c-448b-98ea-af4f808cf8d9/omNode-1/ratis/c9bc4cf4-3bc3-3c60-a66b-523986131536/current/log_inprogress_195 to /home/runner/work/ozone/ozone/hadoop-ozone/integration-test/target/test-dir/MiniOzoneClusterImpl-90660ac4-7e9c-448b-98ea-af4f808cf8d9/omNode-1/ratis/c9bc4cf4-3bc3-3c60-a66b-523986131536/current/log_195-242
2024-09-17 10:41:18,129 [omNode-1@group-523986131536-SegmentedRaftLogWorker] INFO  segmented.BufferedWriteChannel (BufferedWriteChannel.java:open(61)) - open log_inprogress_243 at position 0
2024-09-17 10:41:18,130 [grpc-default-executor-3] WARN  server.GrpcLogAppender (GrpcLogAppender.java:lambda$resetClient$1(221)) - omNode-1@group-523986131536->omNode-3-GrpcLogAppender: Follower failed (request=null, errorCount=437); keep nextIndex (244) unchanged and retry.
2024-09-17 10:41:18,131 [omNode-1@group-523986131536-SegmentedRaftLogWorker] INFO  segmented.SegmentedRaftLogWorker (SegmentedRaftLogWorker.java:execute(637)) - omNode-1@group-523986131536-SegmentedRaftLogWorker: created new log segment /home/runner/work/ozone/ozone/hadoop-ozone/integration-test/target/test-dir/MiniOzoneClusterImpl-90660ac4-7e9c-448b-98ea-af4f808cf8d9/omNode-1/ratis/c9bc4cf4-3bc3-3c60-a66b-523986131536/current/log_inprogress_243
2024-09-17 10:41:18,136 [omNode-2-server-thread1] INFO  segmented.SegmentedRaftLogWorker (SegmentedRaftLogWorker.java:rollLogSegment(438)) - omNode-2@group-523986131536-SegmentedRaftLogWorker: Rolling segment log-195_242 to index:242
2024-09-17 10:41:18,136 [omNode-2@group-523986131536-SegmentedRaftLogWorker] INFO  segmented.SegmentedRaftLogWorker (SegmentedRaftLogWorker.java:execute(594)) - omNode-2@group-523986131536-SegmentedRaftLogWorker: Rolled log segment from /home/runner/work/ozone/ozone/hadoop-ozone/integration-test/target/test-dir/MiniOzoneClusterImpl-90660ac4-7e9c-448b-98ea-af4f808cf8d9/omNode-2/ratis/c9bc4cf4-3bc3-3c60-a66b-523986131536/current/log_inprogress_195 to /home/runner/work/ozone/ozone/hadoop-ozone/integration-test/target/test-dir/MiniOzoneClusterImpl-90660ac4-7e9c-448b-98ea-af4f808cf8d9/omNode-2/ratis/c9bc4cf4-3bc3-3c60-a66b-523986131536/current/log_195-242
2024-09-17 10:41:18,136 [omNode-2@group-523986131536-SegmentedRaftLogWorker] INFO  segmented.BufferedWriteChannel (BufferedWriteChannel.java:open(61)) - open log_inprogress_243 at position 0
2024-09-17 10:41:18,137 [omNode-2@group-523986131536-SegmentedRaftLogWorker] INFO  segmented.SegmentedRaftLogWorker (SegmentedRaftLogWorker.java:execute(637)) - omNode-2@group-523986131536-SegmentedRaftLogWorker: created new log segment /home/runner/work/ozone/ozone/hadoop-ozone/integration-test/target/test-dir/MiniOzoneClusterImpl-90660ac4-7e9c-448b-98ea-af4f808cf8d9/omNode-2/ratis/c9bc4cf4-3bc3-3c60-a66b-523986131536/current/log_inprogress_243
2024-09-17 10:41:18,145 [grpc-default-executor-1] WARN  server.GrpcLogAppender (GrpcLogAppender.java:lambda$resetClient$1(221)) - omNode-1@group-523986131536->omNode-3-GrpcLogAppender: Follower failed (request=null, errorCount=439); keep nextIndex (246) unchanged and retry.
2024-09-17 10:41:18,158 [grpc-default-executor-1] WARN  server.GrpcLogAppender (GrpcLogAppender.java:lambda$resetClient$1(221)) - omNode-1@group-523986131536->omNode-3-GrpcLogAppender: Follower failed (request=null, errorCount=441); keep nextIndex (247) unchanged and retry.
2024-09-17 10:41:18,159 [timer2] WARN  server.GrpcLogAppender (LogUtils.java:warn(121)) - omNode-1@group-523986131536->omNode-3-AppendLogResponseHandler: Failed appendEntries (Repeated 413 times in the last 5.000s): org.apache.ratis.thirdparty.io.grpc.StatusRuntimeException: UNAVAILABLE: io exception
2024-09-17 10:41:18,160 [grpc-default-executor-3] WARN  server.GrpcLogAppender (LogUtils.java:warn(121)) - omNode-1@group-523986131536->omNode-3-AppendLogResponseHandler: Failed appendEntries: org.apache.ratis.thirdparty.io.grpc.StatusRuntimeException: UNAVAILABLE: io exception
2024-09-17 10:41:18,160 [timer3] WARN  server.GrpcLogAppender (GrpcLogAppender.java:lambda$resetClient$1(221)) - omNode-1@group-523986131536->omNode-3-GrpcLogAppender: Follower failed (request=null, errorCount=34); keep nextIndex (1) unchanged and retry. (Repeated 6 times in the last 5.000s)
2024-09-17 10:41:18,170 [grpc-default-executor-1] WARN  server.GrpcLogAppender (GrpcLogAppender.java:lambda$resetClient$1(221)) - omNode-1@group-523986131536->omNode-3-GrpcLogAppender: Follower failed (request=null, errorCount=443); keep nextIndex (248) unchanged and retry.
2024-09-17 10:41:18,183 [grpc-default-executor-1] WARN  server.GrpcLogAppender (GrpcLogAppender.java:lambda$resetClient$1(221)) - omNode-1@group-523986131536->omNode-3-GrpcLogAppender: Follower failed (request=null, errorCount=445); keep nextIndex (249) unchanged and retry.
2024-09-17 10:41:18,202 [grpc-default-executor-1] WARN  server.GrpcLogAppender (GrpcLogAppender.java:lambda$resetClient$1(221)) - omNode-1@group-523986131536->omNode-3-GrpcLogAppender: Follower failed (request=null, errorCount=447); keep nextIndex (251) unchanged and retry.
2024-09-17 10:41:18,204 [grpc-default-executor-3] WARN  server.GrpcLogAppender (GrpcLogAppender.java:lambda$resetClient$1(221)) - omNode-1@group-523986131536->omNode-3-GrpcLogAppender: Follower failed (request=null, errorCount=449); keep nextIndex (252) unchanged and retry.
2024-09-17 10:41:18,211 [omNode-1@group-523986131536-StateMachineUpdater] INFO  ratis.OzoneManagerStateMachine (OzoneManagerStateMachine.java:takeSnapshotImpl(485)) -  applied = (t:1, i:250)
2024-09-17 10:41:18,211 [omNode-1@group-523986131536-StateMachineUpdater] INFO  ratis.OzoneManagerStateMachine (OzoneManagerStateMachine.java:takeSnapshotImpl(486)) -  skipped = 249
2024-09-17 10:41:18,211 [omNode-1@group-523986131536-StateMachineUpdater] INFO  ratis.OzoneManagerStateMachine (OzoneManagerStateMachine.java:takeSnapshotImpl(487)) - notified = (t:1, i:250)
2024-09-17 10:41:18,211 [omNode-1@group-523986131536-StateMachineUpdater] INFO  ratis.OzoneManagerStateMachine (OzoneManagerStateMachine.java:takeSnapshotImpl(488)) - snapshot = (t:1, i:250)
2024-09-17 10:41:18,239 [grpc-default-executor-3] WARN  server.GrpcLogAppender (GrpcLogAppender.java:lambda$resetClient$1(221)) - omNode-1@group-523986131536->omNode-3-GrpcLogAppender: Follower failed (request=null, errorCount=451); keep nextIndex (253) unchanged and retry.
2024-09-17 10:41:18,242 [omNode-2@group-523986131536-StateMachineUpdater] INFO  ratis.OzoneManagerStateMachine (OzoneManagerStateMachine.java:takeSnapshotImpl(485)) -  applied = (t:1, i:250)
2024-09-17 10:41:18,242 [omNode-2@group-523986131536-StateMachineUpdater] INFO  ratis.OzoneManagerStateMachine (OzoneManagerStateMachine.java:takeSnapshotImpl(486)) -  skipped = 249
2024-09-17 10:41:18,242 [omNode-2@group-523986131536-StateMachineUpdater] INFO  ratis.OzoneManagerStateMachine (OzoneManagerStateMachine.java:takeSnapshotImpl(487)) - notified = (t:1, i:250)
2024-09-17 10:41:18,242 [omNode-2@group-523986131536-StateMachineUpdater] INFO  ratis.OzoneManagerStateMachine (OzoneManagerStateMachine.java:takeSnapshotImpl(488)) - snapshot = (t:1, i:250)
2024-09-17 10:41:18,250 [omNode-1@group-523986131536-StateMachineUpdater] INFO  impl.StateMachineUpdater (StateMachineUpdater.java:takeSnapshot(303)) - omNode-1@group-523986131536-StateMachineUpdater: Took a snapshot at index 250
2024-09-17 10:41:18,251 [omNode-1@group-523986131536-StateMachineUpdater] INFO  impl.StateMachineUpdater (StateMachineUpdater.java:lambda$new$0(102)) - omNode-1@group-523986131536-StateMachineUpdater: snapshotIndex: updateIncreasingly 200 -> 250
2024-09-17 10:41:18,251 [omNode-1@group-523986131536-StateMachineUpdater] INFO  raftlog.RaftLog (RaftLogBase.java:purge(336)) - omNode-1@group-523986131536-SegmentedRaftLog: purge 250
2024-09-17 10:41:18,251 [omNode-1@group-523986131536-StateMachineUpdater] INFO  raftlog.RaftLog (RaftLogBase.java:lambda$new$0(54)) - omNode-1@group-523986131536-SegmentedRaftLog: snapshotIndex: updateIncreasingly 200 -> 250
2024-09-17 10:41:18,252 [omNode-1@group-523986131536-SegmentedRaftLogWorker] INFO  raftlog.RaftLog (RaftLogBase.java:lambda$new$0(54)) - omNode-1@group-523986131536-SegmentedRaftLog: purgeIndex: updateToMax old=194, new=242, updated? true
2024-09-17 10:41:18,258 [grpc-default-executor-3] WARN  server.GrpcLogAppender (GrpcLogAppender.java:lambda$resetClient$1(221)) - omNode-1@group-523986131536->omNode-3-GrpcLogAppender: Follower failed (request=null, errorCount=453); keep nextIndex (254) unchanged and retry.
2024-09-17 10:41:18,260 [grpc-default-executor-0] WARN  server.GrpcLogAppender (GrpcLogAppender.java:lambda$resetClient$1(221)) - omNode-1@group-523986131536->omNode-3-GrpcLogAppender: Follower failed (request=null, errorCount=455); keep nextIndex (255) unchanged and retry.
2024-09-17 10:41:18,267 [omNode-2@group-523986131536-StateMachineUpdater] INFO  impl.StateMachineUpdater (StateMachineUpdater.java:takeSnapshot(303)) - omNode-2@group-523986131536-StateMachineUpdater: Took a snapshot at index 250
2024-09-17 10:41:18,267 [omNode-2@group-523986131536-StateMachineUpdater] INFO  impl.StateMachineUpdater (StateMachineUpdater.java:lambda$new$0(102)) - omNode-2@group-523986131536-StateMachineUpdater: snapshotIndex: updateIncreasingly 200 -> 250
2024-09-17 10:41:18,267 [omNode-2@group-523986131536-StateMachineUpdater] INFO  raftlog.RaftLog (RaftLogBase.java:purge(336)) - omNode-2@group-523986131536-SegmentedRaftLog: purge 250
2024-09-17 10:41:18,267 [omNode-2@group-523986131536-StateMachineUpdater] INFO  raftlog.RaftLog (RaftLogBase.java:lambda$new$0(54)) - omNode-2@group-523986131536-SegmentedRaftLog: snapshotIndex: updateIncreasingly 200 -> 250
2024-09-17 10:41:18,267 [omNode-2@group-523986131536-SegmentedRaftLogWorker] INFO  raftlog.RaftLog (RaftLogBase.java:lambda$new$0(54)) - omNode-2@group-523986131536-SegmentedRaftLog: purgeIndex: updateToMax old=194, new=242, updated? true
2024-09-17 10:41:18,279 [grpc-default-executor-3] WARN  server.GrpcLogAppender (GrpcLogAppender.java:lambda$resetClient$1(221)) - omNode-1@group-523986131536->omNode-3-GrpcLogAppender: Follower failed (request=null, errorCount=457); keep nextIndex (257) unchanged and retry.
2024-09-17 10:41:18,298 [omNode-1-OMStateMachineApplyTransactionThread - 0] WARN  snapshot.OMSnapshotCreateRequest (OMSnapshotCreateRequest.java:estimateBucketDataSize(338)) - DefaultReplicationConfig is not correctly set in OmBucketInfo for volume 'volume1' bucket 'bucket2'. Falling back to config default 'RATIS/THREE'
2024-09-17 10:41:18,299 [omNode-1-OMStateMachineApplyTransactionThread - 0] INFO  snapshot.OMSnapshotCreateRequest (OMSnapshotCreateRequest.java:validateAndUpdateCache(219)) - Created snapshot: 'snapshot-5' with snapshotId: '72353772-0db6-4c03-8d5e-efa7b8550aef' under path 'volume1/bucket2'
2024-09-17 10:41:18,300 [main] WARN  server.ServerUtils (ServerUtils.java:getDBPath(299)) - ozone.om.db.dirs is not configured. We recommend adding this setting. Falling back to ozone.metadata.dirs instead.
2024-09-17 10:41:18,304 [omNode-2-OMStateMachineApplyTransactionThread - 0] WARN  snapshot.OMSnapshotCreateRequest (OMSnapshotCreateRequest.java:estimateBucketDataSize(338)) - DefaultReplicationConfig is not correctly set in OmBucketInfo for volume 'volume1' bucket 'bucket2'. Falling back to config default 'RATIS/THREE'
2024-09-17 10:41:18,305 [omNode-2-OMStateMachineApplyTransactionThread - 0] INFO  snapshot.OMSnapshotCreateRequest (OMSnapshotCreateRequest.java:validateAndUpdateCache(219)) - Created snapshot: 'snapshot-5' with snapshotId: '72353772-0db6-4c03-8d5e-efa7b8550aef' under path 'volume1/bucket2'
2024-09-17 10:41:18,320 [omNode-1-OMDoubleBufferFlushThread] INFO  db.RDBCheckpointManager (RDBCheckpointManager.java:createCheckpoint(89)) - Created checkpoint in rocksDB at /home/runner/work/ozone/ozone/hadoop-ozone/integration-test/target/test-dir/MiniOzoneClusterImpl-90660ac4-7e9c-448b-98ea-af4f808cf8d9/omNode-1/db.snapshots/checkpointState/om.db-72353772-0db6-4c03-8d5e-efa7b8550aef in 19 milliseconds
2024-09-17 10:41:18,320 [omNode-1-OMDoubleBufferFlushThread] INFO  om.OmSnapshotManager (OmSnapshotManager.java:createOmSnapshotCheckpoint(484)) - Created checkpoint : /home/runner/work/ozone/ozone/hadoop-ozone/integration-test/target/test-dir/MiniOzoneClusterImpl-90660ac4-7e9c-448b-98ea-af4f808cf8d9/omNode-1/db.snapshots/checkpointState/om.db-72353772-0db6-4c03-8d5e-efa7b8550aef for snapshot snapshot-5
2024-09-17 10:41:18,323 [omNode-2-OMDoubleBufferFlushThread] INFO  db.RDBCheckpointManager (RDBCheckpointManager.java:createCheckpoint(89)) - Created checkpoint in rocksDB at /home/runner/work/ozone/ozone/hadoop-ozone/integration-test/target/test-dir/MiniOzoneClusterImpl-90660ac4-7e9c-448b-98ea-af4f808cf8d9/omNode-2/db.snapshots/checkpointState/om.db-72353772-0db6-4c03-8d5e-efa7b8550aef in 16 milliseconds
2024-09-17 10:41:18,323 [omNode-2-OMDoubleBufferFlushThread] INFO  om.OmSnapshotManager (OmSnapshotManager.java:createOmSnapshotCheckpoint(484)) - Created checkpoint : /home/runner/work/ozone/ozone/hadoop-ozone/integration-test/target/test-dir/MiniOzoneClusterImpl-90660ac4-7e9c-448b-98ea-af4f808cf8d9/omNode-2/db.snapshots/checkpointState/om.db-72353772-0db6-4c03-8d5e-efa7b8550aef for snapshot snapshot-5
2024-09-17 10:41:18,417 [grpc-default-executor-3] WARN  server.GrpcLogAppender (GrpcLogAppender.java:lambda$resetClient$1(221)) - omNode-1@group-523986131536->omNode-3-GrpcLogAppender: Follower failed (request=null, errorCount=461); keep nextIndex (260) unchanged and retry.
2024-09-17 10:41:18,425 [grpc-default-executor-1] WARN  server.GrpcLogAppender (GrpcLogAppender.java:lambda$resetClient$1(221)) - omNode-1@group-523986131536->omNode-3-GrpcLogAppender: Follower failed (request=null, errorCount=463); keep nextIndex (261) unchanged and retry.
2024-09-17 10:41:18,436 [grpc-default-executor-1] WARN  server.GrpcLogAppender (GrpcLogAppender.java:lambda$resetClient$1(221)) - omNode-1@group-523986131536->omNode-3-GrpcLogAppender: Follower failed (request=null, errorCount=465); keep nextIndex (262) unchanged and retry.
2024-09-17 10:41:18,447 [grpc-default-executor-3] WARN  server.GrpcLogAppender (GrpcLogAppender.java:lambda$resetClient$1(221)) - omNode-1@group-523986131536->omNode-3-GrpcLogAppender: Follower failed (request=null, errorCount=467); keep nextIndex (263) unchanged and retry.
2024-09-17 10:41:18,458 [grpc-default-executor-1] WARN  server.GrpcLogAppender (GrpcLogAppender.java:lambda$resetClient$1(221)) - omNode-1@group-523986131536->omNode-3-GrpcLogAppender: Follower failed (request=null, errorCount=469); keep nextIndex (264) unchanged and retry.
2024-09-17 10:41:18,469 [grpc-default-executor-3] WARN  server.GrpcLogAppender (GrpcLogAppender.java:lambda$resetClient$1(221)) - omNode-1@group-523986131536->omNode-3-GrpcLogAppender: Follower failed (request=null, errorCount=471); keep nextIndex (265) unchanged and retry.
2024-09-17 10:41:18,479 [grpc-default-executor-1] WARN  server.GrpcLogAppender (GrpcLogAppender.java:lambda$resetClient$1(221)) - omNode-1@group-523986131536->omNode-3-GrpcLogAppender: Follower failed (request=null, errorCount=473); keep nextIndex (266) unchanged and retry.
2024-09-17 10:41:18,490 [grpc-default-executor-3] WARN  server.GrpcLogAppender (GrpcLogAppender.java:lambda$resetClient$1(221)) - omNode-1@group-523986131536->omNode-3-GrpcLogAppender: Follower failed (request=null, errorCount=475); keep nextIndex (267) unchanged and retry.
2024-09-17 10:41:18,501 [grpc-default-executor-1] WARN  server.GrpcLogAppender (GrpcLogAppender.java:lambda$resetClient$1(221)) - omNode-1@group-523986131536->omNode-3-GrpcLogAppender: Follower failed (request=null, errorCount=477); keep nextIndex (268) unchanged and retry.
2024-09-17 10:41:18,512 [grpc-default-executor-3] WARN  server.GrpcLogAppender (GrpcLogAppender.java:lambda$resetClient$1(221)) - omNode-1@group-523986131536->omNode-3-GrpcLogAppender: Follower failed (request=null, errorCount=479); keep nextIndex (269) unchanged and retry.
2024-09-17 10:41:18,522 [grpc-default-executor-3] WARN  server.GrpcLogAppender (GrpcLogAppender.java:lambda$resetClient$1(221)) - omNode-1@group-523986131536->omNode-3-GrpcLogAppender: Follower failed (request=null, errorCount=481); keep nextIndex (270) unchanged and retry.
2024-09-17 10:41:18,533 [grpc-default-executor-1] WARN  server.GrpcLogAppender (GrpcLogAppender.java:lambda$resetClient$1(221)) - omNode-1@group-523986131536->omNode-3-GrpcLogAppender: Follower failed (request=null, errorCount=483); keep nextIndex (272) unchanged and retry.
2024-09-17 10:41:18,543 [grpc-default-executor-3] WARN  server.GrpcLogAppender (GrpcLogAppender.java:lambda$resetClient$1(221)) - omNode-1@group-523986131536->omNode-3-GrpcLogAppender: Follower failed (request=null, errorCount=485); keep nextIndex (273) unchanged and retry.
2024-09-17 10:41:18,554 [grpc-default-executor-1] WARN  server.GrpcLogAppender (GrpcLogAppender.java:lambda$resetClient$1(221)) - omNode-1@group-523986131536->omNode-3-GrpcLogAppender: Follower failed (request=null, errorCount=487); keep nextIndex (274) unchanged and retry.
2024-09-17 10:41:18,565 [grpc-default-executor-3] WARN  server.GrpcLogAppender (GrpcLogAppender.java:lambda$resetClient$1(221)) - omNode-1@group-523986131536->omNode-3-GrpcLogAppender: Follower failed (request=null, errorCount=489); keep nextIndex (275) unchanged and retry.
2024-09-17 10:41:18,575 [grpc-default-executor-1] WARN  server.GrpcLogAppender (GrpcLogAppender.java:lambda$resetClient$1(221)) - omNode-1@group-523986131536->omNode-3-GrpcLogAppender: Follower failed (request=null, errorCount=491); keep nextIndex (276) unchanged and retry.
2024-09-17 10:41:18,586 [grpc-default-executor-3] WARN  server.GrpcLogAppender (GrpcLogAppender.java:lambda$resetClient$1(221)) - omNode-1@group-523986131536->omNode-3-GrpcLogAppender: Follower failed (request=null, errorCount=493); keep nextIndex (277) unchanged and retry.
2024-09-17 10:41:18,597 [grpc-default-executor-3] WARN  server.GrpcLogAppender (GrpcLogAppender.java:lambda$resetClient$1(221)) - omNode-1@group-523986131536->omNode-3-GrpcLogAppender: Follower failed (request=null, errorCount=495); keep nextIndex (278) unchanged and retry.
2024-09-17 10:41:18,607 [grpc-default-executor-1] WARN  server.GrpcLogAppender (GrpcLogAppender.java:lambda$resetClient$1(221)) - omNode-1@group-523986131536->omNode-3-GrpcLogAppender: Follower failed (request=null, errorCount=497); keep nextIndex (279) unchanged and retry.
2024-09-17 10:41:18,618 [grpc-default-executor-3] WARN  server.GrpcLogAppender (GrpcLogAppender.java:lambda$resetClient$1(221)) - omNode-1@group-523986131536->omNode-3-GrpcLogAppender: Follower failed (request=null, errorCount=499); keep nextIndex (280) unchanged and retry.
2024-09-17 10:41:18,629 [grpc-default-executor-1] WARN  server.GrpcLogAppender (GrpcLogAppender.java:lambda$resetClient$1(221)) - omNode-1@group-523986131536->omNode-3-GrpcLogAppender: Follower failed (request=null, errorCount=501); keep nextIndex (281) unchanged and retry.
2024-09-17 10:41:18,640 [grpc-default-executor-3] WARN  server.GrpcLogAppender (GrpcLogAppender.java:lambda$resetClient$1(221)) - omNode-1@group-523986131536->omNode-3-GrpcLogAppender: Follower failed (request=null, errorCount=503); keep nextIndex (282) unchanged and retry.
2024-09-17 10:41:18,650 [grpc-default-executor-1] WARN  server.GrpcLogAppender (GrpcLogAppender.java:lambda$resetClient$1(221)) - omNode-1@group-523986131536->omNode-3-GrpcLogAppender: Follower failed (request=null, errorCount=505); keep nextIndex (283) unchanged and retry.
2024-09-17 10:41:18,661 [grpc-default-executor-3] WARN  server.GrpcLogAppender (GrpcLogAppender.java:lambda$resetClient$1(221)) - omNode-1@group-523986131536->omNode-3-GrpcLogAppender: Follower failed (request=null, errorCount=507); keep nextIndex (284) unchanged and retry.
2024-09-17 10:41:18,694 [grpc-default-executor-3] WARN  server.GrpcLogAppender (GrpcLogAppender.java:lambda$resetClient$1(221)) - omNode-1@group-523986131536->omNode-3-GrpcLogAppender: Follower failed (request=null, errorCount=513); keep nextIndex (286) unchanged and retry.
2024-09-17 10:41:18,704 [grpc-default-executor-3] WARN  server.GrpcLogAppender (GrpcLogAppender.java:lambda$resetClient$1(221)) - omNode-1@group-523986131536->omNode-3-GrpcLogAppender: Follower failed (request=null, errorCount=515); keep nextIndex (288) unchanged and retry.
2024-09-17 10:41:18,717 [grpc-default-executor-3] WARN  server.GrpcLogAppender (GrpcLogAppender.java:lambda$resetClient$1(221)) - omNode-1@group-523986131536->omNode-3-GrpcLogAppender: Follower failed (request=null, errorCount=517); keep nextIndex (290) unchanged and retry.
2024-09-17 10:41:18,737 [grpc-default-executor-0] WARN  server.GrpcLogAppender (GrpcLogAppender.java:lambda$resetClient$1(221)) - omNode-1@group-523986131536->omNode-3-GrpcLogAppender: Follower failed (request=null, errorCount=519); keep nextIndex (291) unchanged and retry.
2024-09-17 10:41:18,742 [omNode-1-client-thread1] INFO  segmented.SegmentedRaftLogWorker (SegmentedRaftLogWorker.java:rollLogSegment(438)) - omNode-1@group-523986131536-SegmentedRaftLogWorker: Rolling segment log-243_290 to index:290
2024-09-17 10:41:18,742 [omNode-1@group-523986131536-SegmentedRaftLogWorker] INFO  segmented.SegmentedRaftLogWorker (SegmentedRaftLogWorker.java:execute(594)) - omNode-1@group-523986131536-SegmentedRaftLogWorker: Rolled log segment from /home/runner/work/ozone/ozone/hadoop-ozone/integration-test/target/test-dir/MiniOzoneClusterImpl-90660ac4-7e9c-448b-98ea-af4f808cf8d9/omNode-1/ratis/c9bc4cf4-3bc3-3c60-a66b-523986131536/current/log_inprogress_243 to /home/runner/work/ozone/ozone/hadoop-ozone/integration-test/target/test-dir/MiniOzoneClusterImpl-90660ac4-7e9c-448b-98ea-af4f808cf8d9/omNode-1/ratis/c9bc4cf4-3bc3-3c60-a66b-523986131536/current/log_243-290
2024-09-17 10:41:18,743 [omNode-1@group-523986131536-SegmentedRaftLogWorker] INFO  segmented.BufferedWriteChannel (BufferedWriteChannel.java:open(61)) - open log_inprogress_291 at position 0
2024-09-17 10:41:18,744 [omNode-1@group-523986131536-SegmentedRaftLogWorker] INFO  segmented.SegmentedRaftLogWorker (SegmentedRaftLogWorker.java:execute(637)) - omNode-1@group-523986131536-SegmentedRaftLogWorker: created new log segment /home/runner/work/ozone/ozone/hadoop-ozone/integration-test/target/test-dir/MiniOzoneClusterImpl-90660ac4-7e9c-448b-98ea-af4f808cf8d9/omNode-1/ratis/c9bc4cf4-3bc3-3c60-a66b-523986131536/current/log_inprogress_291
2024-09-17 10:41:18,756 [omNode-2-server-thread1] INFO  segmented.SegmentedRaftLogWorker (SegmentedRaftLogWorker.java:rollLogSegment(438)) - omNode-2@group-523986131536-SegmentedRaftLogWorker: Rolling segment log-243_290 to index:290
2024-09-17 10:41:18,757 [omNode-2@group-523986131536-SegmentedRaftLogWorker] INFO  segmented.SegmentedRaftLogWorker (SegmentedRaftLogWorker.java:execute(594)) - omNode-2@group-523986131536-SegmentedRaftLogWorker: Rolled log segment from /home/runner/work/ozone/ozone/hadoop-ozone/integration-test/target/test-dir/MiniOzoneClusterImpl-90660ac4-7e9c-448b-98ea-af4f808cf8d9/omNode-2/ratis/c9bc4cf4-3bc3-3c60-a66b-523986131536/current/log_inprogress_243 to /home/runner/work/ozone/ozone/hadoop-ozone/integration-test/target/test-dir/MiniOzoneClusterImpl-90660ac4-7e9c-448b-98ea-af4f808cf8d9/omNode-2/ratis/c9bc4cf4-3bc3-3c60-a66b-523986131536/current/log_243-290
2024-09-17 10:41:18,757 [omNode-2@group-523986131536-SegmentedRaftLogWorker] INFO  segmented.BufferedWriteChannel (BufferedWriteChannel.java:open(61)) - open log_inprogress_291 at position 0
2024-09-17 10:41:18,758 [omNode-2@group-523986131536-SegmentedRaftLogWorker] INFO  segmented.SegmentedRaftLogWorker (SegmentedRaftLogWorker.java:execute(637)) - omNode-2@group-523986131536-SegmentedRaftLogWorker: created new log segment /home/runner/work/ozone/ozone/hadoop-ozone/integration-test/target/test-dir/MiniOzoneClusterImpl-90660ac4-7e9c-448b-98ea-af4f808cf8d9/omNode-2/ratis/c9bc4cf4-3bc3-3c60-a66b-523986131536/current/log_inprogress_291
2024-09-17 10:41:18,760 [grpc-default-executor-3] WARN  server.GrpcLogAppender (GrpcLogAppender.java:lambda$resetClient$1(221)) - omNode-1@group-523986131536->omNode-3-GrpcLogAppender: Follower failed (request=null, errorCount=521); keep nextIndex (293) unchanged and retry.
2024-09-17 10:41:18,780 [grpc-default-executor-0] WARN  server.GrpcLogAppender (GrpcLogAppender.java:lambda$resetClient$1(221)) - omNode-1@group-523986131536->omNode-3-GrpcLogAppender: Follower failed (request=null, errorCount=523); keep nextIndex (295) unchanged and retry.
2024-09-17 10:41:18,787 [grpc-default-executor-0] WARN  server.GrpcLogAppender (GrpcLogAppender.java:lambda$resetClient$1(221)) - omNode-1@group-523986131536->omNode-3-GrpcLogAppender: Follower failed (request=null, errorCount=525); keep nextIndex (296) unchanged and retry.
2024-09-17 10:41:18,800 [grpc-default-executor-0] WARN  server.GrpcLogAppender (GrpcLogAppender.java:lambda$resetClient$1(221)) - omNode-1@group-523986131536->omNode-3-GrpcLogAppender: Follower failed (request=null, errorCount=527); keep nextIndex (297) unchanged and retry.
2024-09-17 10:41:18,811 [grpc-default-executor-0] WARN  server.GrpcLogAppender (GrpcLogAppender.java:lambda$resetClient$1(221)) - omNode-1@group-523986131536->omNode-3-GrpcLogAppender: Follower failed (request=null, errorCount=529); keep nextIndex (298) unchanged and retry.
2024-09-17 10:41:18,832 [grpc-default-executor-1] WARN  server.GrpcLogAppender (GrpcLogAppender.java:lambda$resetClient$1(221)) - omNode-1@group-523986131536->omNode-3-GrpcLogAppender: Follower failed (request=null, errorCount=531); keep nextIndex (299) unchanged and retry.
2024-09-17 10:41:18,842 [omNode-1-OMStateMachineApplyTransactionThread - 0] WARN  snapshot.OMSnapshotCreateRequest (OMSnapshotCreateRequest.java:estimateBucketDataSize(338)) - DefaultReplicationConfig is not correctly set in OmBucketInfo for volume 'volume1' bucket 'bucket2'. Falling back to config default 'RATIS/THREE'
2024-09-17 10:41:18,842 [omNode-1-OMStateMachineApplyTransactionThread - 0] INFO  snapshot.OMSnapshotCreateRequest (OMSnapshotCreateRequest.java:validateAndUpdateCache(219)) - Created snapshot: 'snapshot-6' with snapshotId: '3f7a4b53-6cc5-4c46-a27c-772588c879d7' under path 'volume1/bucket2'
2024-09-17 10:41:18,843 [main] WARN  server.ServerUtils (ServerUtils.java:getDBPath(299)) - ozone.om.db.dirs is not configured. We recommend adding this setting. Falling back to ozone.metadata.dirs instead.
2024-09-17 10:41:18,851 [omNode-2-OMStateMachineApplyTransactionThread - 0] WARN  snapshot.OMSnapshotCreateRequest (OMSnapshotCreateRequest.java:estimateBucketDataSize(338)) - DefaultReplicationConfig is not correctly set in OmBucketInfo for volume 'volume1' bucket 'bucket2'. Falling back to config default 'RATIS/THREE'
2024-09-17 10:41:18,851 [omNode-2-OMStateMachineApplyTransactionThread - 0] INFO  snapshot.OMSnapshotCreateRequest (OMSnapshotCreateRequest.java:validateAndUpdateCache(219)) - Created snapshot: 'snapshot-6' with snapshotId: '3f7a4b53-6cc5-4c46-a27c-772588c879d7' under path 'volume1/bucket2'
2024-09-17 10:41:18,879 [omNode-1-OMDoubleBufferFlushThread] INFO  db.RDBCheckpointManager (RDBCheckpointManager.java:createCheckpoint(89)) - Created checkpoint in rocksDB at /home/runner/work/ozone/ozone/hadoop-ozone/integration-test/target/test-dir/MiniOzoneClusterImpl-90660ac4-7e9c-448b-98ea-af4f808cf8d9/omNode-1/db.snapshots/checkpointState/om.db-3f7a4b53-6cc5-4c46-a27c-772588c879d7 in 35 milliseconds
2024-09-17 10:41:18,880 [omNode-1-OMDoubleBufferFlushThread] INFO  om.OmSnapshotManager (OmSnapshotManager.java:createOmSnapshotCheckpoint(484)) - Created checkpoint : /home/runner/work/ozone/ozone/hadoop-ozone/integration-test/target/test-dir/MiniOzoneClusterImpl-90660ac4-7e9c-448b-98ea-af4f808cf8d9/omNode-1/db.snapshots/checkpointState/om.db-3f7a4b53-6cc5-4c46-a27c-772588c879d7 for snapshot snapshot-6
2024-09-17 10:41:18,889 [omNode-2-OMDoubleBufferFlushThread] INFO  db.RDBCheckpointManager (RDBCheckpointManager.java:createCheckpoint(89)) - Created checkpoint in rocksDB at /home/runner/work/ozone/ozone/hadoop-ozone/integration-test/target/test-dir/MiniOzoneClusterImpl-90660ac4-7e9c-448b-98ea-af4f808cf8d9/omNode-2/db.snapshots/checkpointState/om.db-3f7a4b53-6cc5-4c46-a27c-772588c879d7 in 35 milliseconds
2024-09-17 10:41:18,890 [omNode-2-OMDoubleBufferFlushThread] INFO  om.OmSnapshotManager (OmSnapshotManager.java:createOmSnapshotCheckpoint(484)) - Created checkpoint : /home/runner/work/ozone/ozone/hadoop-ozone/integration-test/target/test-dir/MiniOzoneClusterImpl-90660ac4-7e9c-448b-98ea-af4f808cf8d9/omNode-2/db.snapshots/checkpointState/om.db-3f7a4b53-6cc5-4c46-a27c-772588c879d7 for snapshot snapshot-6
2024-09-17 10:41:18,958 [grpc-default-executor-0] WARN  server.GrpcLogAppender (GrpcLogAppender.java:lambda$resetClient$1(221)) - omNode-1@group-523986131536->omNode-3-GrpcLogAppender: Follower failed (request=null, errorCount=535); keep nextIndex (302) unchanged and retry.
2024-09-17 10:41:18,958 [omNode-1@group-523986131536-StateMachineUpdater] INFO  ratis.OzoneManagerStateMachine (OzoneManagerStateMachine.java:takeSnapshotImpl(485)) -  applied = (t:1, i:300)
2024-09-17 10:41:18,958 [omNode-1@group-523986131536-StateMachineUpdater] INFO  ratis.OzoneManagerStateMachine (OzoneManagerStateMachine.java:takeSnapshotImpl(486)) -  skipped = 299
2024-09-17 10:41:18,958 [omNode-1@group-523986131536-StateMachineUpdater] INFO  ratis.OzoneManagerStateMachine (OzoneManagerStateMachine.java:takeSnapshotImpl(487)) - notified = (t:1, i:300)
2024-09-17 10:41:18,958 [omNode-1@group-523986131536-StateMachineUpdater] INFO  ratis.OzoneManagerStateMachine (OzoneManagerStateMachine.java:takeSnapshotImpl(488)) - snapshot = (t:1, i:300)
2024-09-17 10:41:18,968 [omNode-2@group-523986131536-StateMachineUpdater] INFO  ratis.OzoneManagerStateMachine (OzoneManagerStateMachine.java:takeSnapshotImpl(485)) -  applied = (t:1, i:300)
2024-09-17 10:41:18,968 [omNode-2@group-523986131536-StateMachineUpdater] INFO  ratis.OzoneManagerStateMachine (OzoneManagerStateMachine.java:takeSnapshotImpl(486)) -  skipped = 299
2024-09-17 10:41:18,968 [omNode-2@group-523986131536-StateMachineUpdater] INFO  ratis.OzoneManagerStateMachine (OzoneManagerStateMachine.java:takeSnapshotImpl(487)) - notified = (t:1, i:300)
2024-09-17 10:41:18,968 [omNode-2@group-523986131536-StateMachineUpdater] INFO  ratis.OzoneManagerStateMachine (OzoneManagerStateMachine.java:takeSnapshotImpl(488)) - snapshot = (t:1, i:300)
2024-09-17 10:41:18,969 [grpc-default-executor-0] WARN  server.GrpcLogAppender (GrpcLogAppender.java:lambda$resetClient$1(221)) - omNode-1@group-523986131536->omNode-3-GrpcLogAppender: Follower failed (request=null, errorCount=537); keep nextIndex (303) unchanged and retry.
2024-09-17 10:41:18,983 [omNode-1@group-523986131536-StateMachineUpdater] INFO  impl.StateMachineUpdater (StateMachineUpdater.java:takeSnapshot(303)) - omNode-1@group-523986131536-StateMachineUpdater: Took a snapshot at index 300
2024-09-17 10:41:18,983 [omNode-1@group-523986131536-StateMachineUpdater] INFO  impl.StateMachineUpdater (StateMachineUpdater.java:lambda$new$0(102)) - omNode-1@group-523986131536-StateMachineUpdater: snapshotIndex: updateIncreasingly 250 -> 300
2024-09-17 10:41:18,983 [omNode-1@group-523986131536-StateMachineUpdater] INFO  raftlog.RaftLog (RaftLogBase.java:purge(336)) - omNode-1@group-523986131536-SegmentedRaftLog: purge 300
2024-09-17 10:41:18,983 [omNode-1@group-523986131536-StateMachineUpdater] INFO  raftlog.RaftLog (RaftLogBase.java:lambda$new$0(54)) - omNode-1@group-523986131536-SegmentedRaftLog: snapshotIndex: updateIncreasingly 250 -> 300
2024-09-17 10:41:18,984 [omNode-1@group-523986131536-SegmentedRaftLogWorker] INFO  raftlog.RaftLog (RaftLogBase.java:lambda$new$0(54)) - omNode-1@group-523986131536-SegmentedRaftLog: purgeIndex: updateToMax old=242, new=290, updated? true
2024-09-17 10:41:18,988 [grpc-default-executor-3] WARN  server.GrpcLogAppender (GrpcLogAppender.java:lambda$resetClient$1(221)) - omNode-1@group-523986131536->omNode-3-GrpcLogAppender: Follower failed (request=null, errorCount=539); keep nextIndex (304) unchanged and retry.
2024-09-17 10:41:18,997 [grpc-default-executor-0] WARN  server.GrpcLogAppender (GrpcLogAppender.java:lambda$resetClient$1(221)) - omNode-1@group-523986131536->omNode-3-GrpcLogAppender: Follower failed (request=null, errorCount=541); keep nextIndex (306) unchanged and retry.
2024-09-17 10:41:18,999 [omNode-2@group-523986131536-StateMachineUpdater] INFO  impl.StateMachineUpdater (StateMachineUpdater.java:takeSnapshot(303)) - omNode-2@group-523986131536-StateMachineUpdater: Took a snapshot at index 300
2024-09-17 10:41:18,999 [omNode-2@group-523986131536-StateMachineUpdater] INFO  impl.StateMachineUpdater (StateMachineUpdater.java:lambda$new$0(102)) - omNode-2@group-523986131536-StateMachineUpdater: snapshotIndex: updateIncreasingly 250 -> 300
2024-09-17 10:41:18,999 [omNode-2@group-523986131536-StateMachineUpdater] INFO  raftlog.RaftLog (RaftLogBase.java:purge(336)) - omNode-2@group-523986131536-SegmentedRaftLog: purge 300
2024-09-17 10:41:18,999 [omNode-2@group-523986131536-StateMachineUpdater] INFO  raftlog.RaftLog (RaftLogBase.java:lambda$new$0(54)) - omNode-2@group-523986131536-SegmentedRaftLog: snapshotIndex: updateIncreasingly 250 -> 300
2024-09-17 10:41:19,000 [omNode-2@group-523986131536-SegmentedRaftLogWorker] INFO  raftlog.RaftLog (RaftLogBase.java:lambda$new$0(54)) - omNode-2@group-523986131536-SegmentedRaftLog: purgeIndex: updateToMax old=242, new=290, updated? true
2024-09-17 10:41:19,013 [grpc-default-executor-0] WARN  server.GrpcLogAppender (GrpcLogAppender.java:lambda$resetClient$1(221)) - omNode-1@group-523986131536->omNode-3-GrpcLogAppender: Follower failed (request=null, errorCount=543); keep nextIndex (307) unchanged and retry.
2024-09-17 10:41:19,023 [grpc-default-executor-3] WARN  server.GrpcLogAppender (GrpcLogAppender.java:lambda$resetClient$1(221)) - omNode-1@group-523986131536->omNode-3-GrpcLogAppender: Follower failed (request=null, errorCount=545); keep nextIndex (308) unchanged and retry.
2024-09-17 10:41:19,034 [grpc-default-executor-0] WARN  server.GrpcLogAppender (GrpcLogAppender.java:lambda$resetClient$1(221)) - omNode-1@group-523986131536->omNode-3-GrpcLogAppender: Follower failed (request=null, errorCount=547); keep nextIndex (309) unchanged and retry.
2024-09-17 10:41:19,045 [grpc-default-executor-3] WARN  server.GrpcLogAppender (GrpcLogAppender.java:lambda$resetClient$1(221)) - omNode-1@group-523986131536->omNode-3-GrpcLogAppender: Follower failed (request=null, errorCount=549); keep nextIndex (310) unchanged and retry.
2024-09-17 10:41:19,056 [grpc-default-executor-0] WARN  server.GrpcLogAppender (GrpcLogAppender.java:lambda$resetClient$1(221)) - omNode-1@group-523986131536->omNode-3-GrpcLogAppender: Follower failed (request=null, errorCount=551); keep nextIndex (311) unchanged and retry.
2024-09-17 10:41:19,067 [grpc-default-executor-3] WARN  server.GrpcLogAppender (GrpcLogAppender.java:lambda$resetClient$1(221)) - omNode-1@group-523986131536->omNode-3-GrpcLogAppender: Follower failed (request=null, errorCount=553); keep nextIndex (312) unchanged and retry.
2024-09-17 10:41:19,078 [grpc-default-executor-0] WARN  server.GrpcLogAppender (GrpcLogAppender.java:lambda$resetClient$1(221)) - omNode-1@group-523986131536->omNode-3-GrpcLogAppender: Follower failed (request=null, errorCount=555); keep nextIndex (313) unchanged and retry.
2024-09-17 10:41:19,099 [grpc-default-executor-3] WARN  server.GrpcLogAppender (GrpcLogAppender.java:lambda$resetClient$1(221)) - omNode-1@group-523986131536->omNode-3-GrpcLogAppender: Follower failed (request=null, errorCount=557); keep nextIndex (315) unchanged and retry.
2024-09-17 10:41:19,109 [grpc-default-executor-0] WARN  server.GrpcLogAppender (GrpcLogAppender.java:lambda$resetClient$1(221)) - omNode-1@group-523986131536->omNode-3-GrpcLogAppender: Follower failed (request=null, errorCount=559); keep nextIndex (316) unchanged and retry.
2024-09-17 10:41:19,120 [grpc-default-executor-3] WARN  server.GrpcLogAppender (GrpcLogAppender.java:lambda$resetClient$1(221)) - omNode-1@group-523986131536->omNode-3-GrpcLogAppender: Follower failed (request=null, errorCount=561); keep nextIndex (317) unchanged and retry.
2024-09-17 10:41:19,131 [grpc-default-executor-0] WARN  server.GrpcLogAppender (GrpcLogAppender.java:lambda$resetClient$1(221)) - omNode-1@group-523986131536->omNode-3-GrpcLogAppender: Follower failed (request=null, errorCount=563); keep nextIndex (318) unchanged and retry.
2024-09-17 10:41:19,142 [grpc-default-executor-3] WARN  server.GrpcLogAppender (GrpcLogAppender.java:lambda$resetClient$1(221)) - omNode-1@group-523986131536->omNode-3-GrpcLogAppender: Follower failed (request=null, errorCount=565); keep nextIndex (319) unchanged and retry.
2024-09-17 10:41:19,153 [grpc-default-executor-0] WARN  server.GrpcLogAppender (GrpcLogAppender.java:lambda$resetClient$1(221)) - omNode-1@group-523986131536->omNode-3-GrpcLogAppender: Follower failed (request=null, errorCount=567); keep nextIndex (320) unchanged and retry.
2024-09-17 10:41:19,164 [grpc-default-executor-3] WARN  server.GrpcLogAppender (GrpcLogAppender.java:lambda$resetClient$1(221)) - omNode-1@group-523986131536->omNode-3-GrpcLogAppender: Follower failed (request=null, errorCount=569); keep nextIndex (321) unchanged and retry.
2024-09-17 10:41:19,174 [grpc-default-executor-3] WARN  server.GrpcLogAppender (GrpcLogAppender.java:lambda$resetClient$1(221)) - omNode-1@group-523986131536->omNode-3-GrpcLogAppender: Follower failed (request=null, errorCount=571); keep nextIndex (322) unchanged and retry.
2024-09-17 10:41:19,185 [grpc-default-executor-0] WARN  server.GrpcLogAppender (GrpcLogAppender.java:lambda$resetClient$1(221)) - omNode-1@group-523986131536->omNode-3-GrpcLogAppender: Follower failed (request=null, errorCount=573); keep nextIndex (323) unchanged and retry.
2024-09-17 10:41:19,196 [grpc-default-executor-3] WARN  server.GrpcLogAppender (GrpcLogAppender.java:lambda$resetClient$1(221)) - omNode-1@group-523986131536->omNode-3-GrpcLogAppender: Follower failed (request=null, errorCount=575); keep nextIndex (324) unchanged and retry.
2024-09-17 10:41:19,218 [grpc-default-executor-3] WARN  server.GrpcLogAppender (GrpcLogAppender.java:lambda$resetClient$1(221)) - omNode-1@group-523986131536->omNode-3-GrpcLogAppender: Follower failed (request=null, errorCount=579); keep nextIndex (326) unchanged and retry.
2024-09-17 10:41:19,229 [grpc-default-executor-3] WARN  server.GrpcLogAppender (GrpcLogAppender.java:lambda$resetClient$1(221)) - omNode-1@group-523986131536->omNode-3-GrpcLogAppender: Follower failed (request=null, errorCount=581); keep nextIndex (327) unchanged and retry.
2024-09-17 10:41:19,250 [grpc-default-executor-3] WARN  server.GrpcLogAppender (GrpcLogAppender.java:lambda$resetClient$1(221)) - omNode-1@group-523986131536->omNode-3-GrpcLogAppender: Follower failed (request=null, errorCount=583); keep nextIndex (328) unchanged and retry.
2024-09-17 10:41:19,261 [grpc-default-executor-3] WARN  server.GrpcLogAppender (GrpcLogAppender.java:lambda$resetClient$1(221)) - omNode-1@group-523986131536->omNode-3-GrpcLogAppender: Follower failed (request=null, errorCount=585); keep nextIndex (330) unchanged and retry.
2024-09-17 10:41:19,271 [grpc-default-executor-3] WARN  server.GrpcLogAppender (GrpcLogAppender.java:lambda$resetClient$1(221)) - omNode-1@group-523986131536->omNode-3-GrpcLogAppender: Follower failed (request=null, errorCount=587); keep nextIndex (331) unchanged and retry.
2024-09-17 10:41:19,282 [grpc-default-executor-1] WARN  server.GrpcLogAppender (GrpcLogAppender.java:lambda$resetClient$1(221)) - omNode-1@group-523986131536->omNode-3-GrpcLogAppender: Follower failed (request=null, errorCount=589); keep nextIndex (332) unchanged and retry.
2024-09-17 10:41:19,293 [grpc-default-executor-3] WARN  server.GrpcLogAppender (GrpcLogAppender.java:lambda$resetClient$1(221)) - omNode-1@group-523986131536->omNode-3-GrpcLogAppender: Follower failed (request=null, errorCount=591); keep nextIndex (333) unchanged and retry.
2024-09-17 10:41:19,303 [grpc-default-executor-3] WARN  server.GrpcLogAppender (GrpcLogAppender.java:lambda$resetClient$1(221)) - omNode-1@group-523986131536->omNode-3-GrpcLogAppender: Follower failed (request=null, errorCount=593); keep nextIndex (334) unchanged and retry.
2024-09-17 10:41:19,314 [grpc-default-executor-1] WARN  server.GrpcLogAppender (GrpcLogAppender.java:lambda$resetClient$1(221)) - omNode-1@group-523986131536->omNode-3-GrpcLogAppender: Follower failed (request=null, errorCount=595); keep nextIndex (335) unchanged and retry.
2024-09-17 10:41:19,330 [grpc-default-executor-1] WARN  server.GrpcLogAppender (GrpcLogAppender.java:lambda$resetClient$1(221)) - omNode-1@group-523986131536->omNode-3-GrpcLogAppender: Follower failed (request=null, errorCount=597); keep nextIndex (336) unchanged and retry.
2024-09-17 10:41:19,336 [grpc-default-executor-3] WARN  server.GrpcLogAppender (GrpcLogAppender.java:lambda$resetClient$1(221)) - omNode-1@group-523986131536->omNode-3-GrpcLogAppender: Follower failed (request=null, errorCount=599); keep nextIndex (337) unchanged and retry.
2024-09-17 10:41:19,347 [grpc-default-executor-3] WARN  server.GrpcLogAppender (GrpcLogAppender.java:lambda$resetClient$1(221)) - omNode-1@group-523986131536->omNode-3-GrpcLogAppender: Follower failed (request=null, errorCount=601); keep nextIndex (338) unchanged and retry.
2024-09-17 10:41:19,357 [grpc-default-executor-1] WARN  server.GrpcLogAppender (GrpcLogAppender.java:lambda$resetClient$1(221)) - omNode-1@group-523986131536->omNode-3-GrpcLogAppender: Follower failed (request=null, errorCount=603); keep nextIndex (339) unchanged and retry.
2024-09-17 10:41:19,358 [omNode-1-client-thread1] INFO  segmented.SegmentedRaftLogWorker (SegmentedRaftLogWorker.java:rollLogSegment(438)) - omNode-1@group-523986131536-SegmentedRaftLogWorker: Rolling segment log-291_338 to index:338
2024-09-17 10:41:19,358 [omNode-1@group-523986131536-SegmentedRaftLogWorker] INFO  segmented.SegmentedRaftLogWorker (SegmentedRaftLogWorker.java:execute(594)) - omNode-1@group-523986131536-SegmentedRaftLogWorker: Rolled log segment from /home/runner/work/ozone/ozone/hadoop-ozone/integration-test/target/test-dir/MiniOzoneClusterImpl-90660ac4-7e9c-448b-98ea-af4f808cf8d9/omNode-1/ratis/c9bc4cf4-3bc3-3c60-a66b-523986131536/current/log_inprogress_291 to /home/runner/work/ozone/ozone/hadoop-ozone/integration-test/target/test-dir/MiniOzoneClusterImpl-90660ac4-7e9c-448b-98ea-af4f808cf8d9/omNode-1/ratis/c9bc4cf4-3bc3-3c60-a66b-523986131536/current/log_291-338
2024-09-17 10:41:19,359 [omNode-1@group-523986131536-SegmentedRaftLogWorker] INFO  segmented.BufferedWriteChannel (BufferedWriteChannel.java:open(61)) - open log_inprogress_339 at position 0
2024-09-17 10:41:19,360 [omNode-1@group-523986131536-SegmentedRaftLogWorker] INFO  segmented.SegmentedRaftLogWorker (SegmentedRaftLogWorker.java:execute(637)) - omNode-1@group-523986131536-SegmentedRaftLogWorker: created new log segment /home/runner/work/ozone/ozone/hadoop-ozone/integration-test/target/test-dir/MiniOzoneClusterImpl-90660ac4-7e9c-448b-98ea-af4f808cf8d9/omNode-1/ratis/c9bc4cf4-3bc3-3c60-a66b-523986131536/current/log_inprogress_339
2024-09-17 10:41:19,367 [grpc-default-executor-3] WARN  server.GrpcLogAppender (GrpcLogAppender.java:lambda$resetClient$1(221)) - omNode-1@group-523986131536->omNode-3-GrpcLogAppender: Follower failed (request=null, errorCount=605); keep nextIndex (340) unchanged and retry.
2024-09-17 10:41:19,377 [omNode-2-server-thread1] INFO  segmented.SegmentedRaftLogWorker (SegmentedRaftLogWorker.java:rollLogSegment(438)) - omNode-2@group-523986131536-SegmentedRaftLogWorker: Rolling segment log-291_338 to index:338
2024-09-17 10:41:19,377 [omNode-2@group-523986131536-SegmentedRaftLogWorker] INFO  segmented.SegmentedRaftLogWorker (SegmentedRaftLogWorker.java:execute(594)) - omNode-2@group-523986131536-SegmentedRaftLogWorker: Rolled log segment from /home/runner/work/ozone/ozone/hadoop-ozone/integration-test/target/test-dir/MiniOzoneClusterImpl-90660ac4-7e9c-448b-98ea-af4f808cf8d9/omNode-2/ratis/c9bc4cf4-3bc3-3c60-a66b-523986131536/current/log_inprogress_291 to /home/runner/work/ozone/ozone/hadoop-ozone/integration-test/target/test-dir/MiniOzoneClusterImpl-90660ac4-7e9c-448b-98ea-af4f808cf8d9/omNode-2/ratis/c9bc4cf4-3bc3-3c60-a66b-523986131536/current/log_291-338
2024-09-17 10:41:19,377 [omNode-2@group-523986131536-SegmentedRaftLogWorker] INFO  segmented.BufferedWriteChannel (BufferedWriteChannel.java:open(61)) - open log_inprogress_339 at position 0
2024-09-17 10:41:19,378 [omNode-2@group-523986131536-SegmentedRaftLogWorker] INFO  segmented.SegmentedRaftLogWorker (SegmentedRaftLogWorker.java:execute(637)) - omNode-2@group-523986131536-SegmentedRaftLogWorker: created new log segment /home/runner/work/ozone/ozone/hadoop-ozone/integration-test/target/test-dir/MiniOzoneClusterImpl-90660ac4-7e9c-448b-98ea-af4f808cf8d9/omNode-2/ratis/c9bc4cf4-3bc3-3c60-a66b-523986131536/current/log_inprogress_339
2024-09-17 10:41:19,379 [grpc-default-executor-1] WARN  server.GrpcLogAppender (GrpcLogAppender.java:lambda$resetClient$1(221)) - omNode-1@group-523986131536->omNode-3-GrpcLogAppender: Follower failed (request=null, errorCount=607); keep nextIndex (341) unchanged and retry.
2024-09-17 10:41:19,397 [omNode-1-OMStateMachineApplyTransactionThread - 0] WARN  snapshot.OMSnapshotCreateRequest (OMSnapshotCreateRequest.java:estimateBucketDataSize(338)) - DefaultReplicationConfig is not correctly set in OmBucketInfo for volume 'volume1' bucket 'bucket2'. Falling back to config default 'RATIS/THREE'
2024-09-17 10:41:19,397 [omNode-1-OMStateMachineApplyTransactionThread - 0] INFO  snapshot.OMSnapshotCreateRequest (OMSnapshotCreateRequest.java:validateAndUpdateCache(219)) - Created snapshot: 'snapshot-7' with snapshotId: '8cf59773-a183-4275-8df2-3fd27f7dcdf2' under path 'volume1/bucket2'
2024-09-17 10:41:19,398 [main] WARN  server.ServerUtils (ServerUtils.java:getDBPath(299)) - ozone.om.db.dirs is not configured. We recommend adding this setting. Falling back to ozone.metadata.dirs instead.
2024-09-17 10:41:19,401 [omNode-2-OMStateMachineApplyTransactionThread - 0] WARN  snapshot.OMSnapshotCreateRequest (OMSnapshotCreateRequest.java:estimateBucketDataSize(338)) - DefaultReplicationConfig is not correctly set in OmBucketInfo for volume 'volume1' bucket 'bucket2'. Falling back to config default 'RATIS/THREE'
2024-09-17 10:41:19,401 [omNode-2-OMStateMachineApplyTransactionThread - 0] INFO  snapshot.OMSnapshotCreateRequest (OMSnapshotCreateRequest.java:validateAndUpdateCache(219)) - Created snapshot: 'snapshot-7' with snapshotId: '8cf59773-a183-4275-8df2-3fd27f7dcdf2' under path 'volume1/bucket2'
2024-09-17 10:41:19,417 [omNode-1-OMDoubleBufferFlushThread] INFO  db.RDBCheckpointManager (RDBCheckpointManager.java:createCheckpoint(89)) - Created checkpoint in rocksDB at /home/runner/work/ozone/ozone/hadoop-ozone/integration-test/target/test-dir/MiniOzoneClusterImpl-90660ac4-7e9c-448b-98ea-af4f808cf8d9/omNode-1/db.snapshots/checkpointState/om.db-8cf59773-a183-4275-8df2-3fd27f7dcdf2 in 17 milliseconds
2024-09-17 10:41:19,418 [omNode-1-OMDoubleBufferFlushThread] INFO  om.OmSnapshotManager (OmSnapshotManager.java:createOmSnapshotCheckpoint(484)) - Created checkpoint : /home/runner/work/ozone/ozone/hadoop-ozone/integration-test/target/test-dir/MiniOzoneClusterImpl-90660ac4-7e9c-448b-98ea-af4f808cf8d9/omNode-1/db.snapshots/checkpointState/om.db-8cf59773-a183-4275-8df2-3fd27f7dcdf2 for snapshot snapshot-7
2024-09-17 10:41:19,419 [omNode-2-OMDoubleBufferFlushThread] INFO  db.RDBCheckpointManager (RDBCheckpointManager.java:createCheckpoint(89)) - Created checkpoint in rocksDB at /home/runner/work/ozone/ozone/hadoop-ozone/integration-test/target/test-dir/MiniOzoneClusterImpl-90660ac4-7e9c-448b-98ea-af4f808cf8d9/omNode-2/db.snapshots/checkpointState/om.db-8cf59773-a183-4275-8df2-3fd27f7dcdf2 in 16 milliseconds
2024-09-17 10:41:19,420 [omNode-2-OMDoubleBufferFlushThread] INFO  om.OmSnapshotManager (OmSnapshotManager.java:createOmSnapshotCheckpoint(484)) - Created checkpoint : /home/runner/work/ozone/ozone/hadoop-ozone/integration-test/target/test-dir/MiniOzoneClusterImpl-90660ac4-7e9c-448b-98ea-af4f808cf8d9/omNode-2/db.snapshots/checkpointState/om.db-8cf59773-a183-4275-8df2-3fd27f7dcdf2 for snapshot snapshot-7
2024-09-17 10:41:19,512 [grpc-default-executor-1] WARN  server.GrpcLogAppender (GrpcLogAppender.java:lambda$resetClient$1(221)) - omNode-1@group-523986131536->omNode-3-GrpcLogAppender: Follower failed (request=null, errorCount=611); keep nextIndex (344) unchanged and retry.
2024-09-17 10:41:19,522 [grpc-default-executor-3] WARN  server.GrpcLogAppender (GrpcLogAppender.java:lambda$resetClient$1(221)) - omNode-1@group-523986131536->omNode-3-GrpcLogAppender: Follower failed (request=null, errorCount=613); keep nextIndex (345) unchanged and retry.
2024-09-17 10:41:19,533 [grpc-default-executor-1] WARN  server.GrpcLogAppender (GrpcLogAppender.java:lambda$resetClient$1(221)) - omNode-1@group-523986131536->omNode-3-GrpcLogAppender: Follower failed (request=null, errorCount=615); keep nextIndex (346) unchanged and retry.
2024-09-17 10:41:19,544 [grpc-default-executor-3] WARN  server.GrpcLogAppender (GrpcLogAppender.java:lambda$resetClient$1(221)) - omNode-1@group-523986131536->omNode-3-GrpcLogAppender: Follower failed (request=null, errorCount=617); keep nextIndex (347) unchanged and retry.
2024-09-17 10:41:19,555 [grpc-default-executor-1] WARN  server.GrpcLogAppender (GrpcLogAppender.java:lambda$resetClient$1(221)) - omNode-1@group-523986131536->omNode-3-GrpcLogAppender: Follower failed (request=null, errorCount=619); keep nextIndex (348) unchanged and retry.
2024-09-17 10:41:19,566 [grpc-default-executor-3] WARN  server.GrpcLogAppender (GrpcLogAppender.java:lambda$resetClient$1(221)) - omNode-1@group-523986131536->omNode-3-GrpcLogAppender: Follower failed (request=null, errorCount=621); keep nextIndex (349) unchanged and retry.
2024-09-17 10:41:19,577 [grpc-default-executor-1] WARN  server.GrpcLogAppender (GrpcLogAppender.java:lambda$resetClient$1(221)) - omNode-1@group-523986131536->omNode-3-GrpcLogAppender: Follower failed (request=null, errorCount=623); keep nextIndex (350) unchanged and retry.
2024-09-17 10:41:19,587 [grpc-default-executor-3] WARN  server.GrpcLogAppender (GrpcLogAppender.java:lambda$resetClient$1(221)) - omNode-1@group-523986131536->omNode-3-GrpcLogAppender: Follower failed (request=null, errorCount=625); keep nextIndex (351) unchanged and retry.
2024-09-17 10:41:19,598 [omNode-1@group-523986131536-StateMachineUpdater] INFO  ratis.OzoneManagerStateMachine (OzoneManagerStateMachine.java:takeSnapshotImpl(485)) -  applied = (t:1, i:350)
2024-09-17 10:41:19,598 [omNode-1@group-523986131536-StateMachineUpdater] INFO  ratis.OzoneManagerStateMachine (OzoneManagerStateMachine.java:takeSnapshotImpl(486)) -  skipped = 349
2024-09-17 10:41:19,598 [omNode-1@group-523986131536-StateMachineUpdater] INFO  ratis.OzoneManagerStateMachine (OzoneManagerStateMachine.java:takeSnapshotImpl(487)) - notified = (t:1, i:350)
2024-09-17 10:41:19,598 [omNode-1@group-523986131536-StateMachineUpdater] INFO  ratis.OzoneManagerStateMachine (OzoneManagerStateMachine.java:takeSnapshotImpl(488)) - snapshot = (t:1, i:350)
2024-09-17 10:41:19,598 [grpc-default-executor-3] WARN  server.GrpcLogAppender (GrpcLogAppender.java:lambda$resetClient$1(221)) - omNode-1@group-523986131536->omNode-3-GrpcLogAppender: Follower failed (request=null, errorCount=627); keep nextIndex (352) unchanged and retry.
2024-09-17 10:41:19,609 [grpc-default-executor-1] WARN  server.GrpcLogAppender (GrpcLogAppender.java:lambda$resetClient$1(221)) - omNode-1@group-523986131536->omNode-3-GrpcLogAppender: Follower failed (request=null, errorCount=629); keep nextIndex (353) unchanged and retry.
2024-09-17 10:41:19,614 [omNode-1@group-523986131536-StateMachineUpdater] INFO  impl.StateMachineUpdater (StateMachineUpdater.java:takeSnapshot(303)) - omNode-1@group-523986131536-StateMachineUpdater: Took a snapshot at index 350
2024-09-17 10:41:19,614 [omNode-1@group-523986131536-StateMachineUpdater] INFO  impl.StateMachineUpdater (StateMachineUpdater.java:lambda$new$0(102)) - omNode-1@group-523986131536-StateMachineUpdater: snapshotIndex: updateIncreasingly 300 -> 350
2024-09-17 10:41:19,614 [omNode-1@group-523986131536-StateMachineUpdater] INFO  raftlog.RaftLog (RaftLogBase.java:purge(336)) - omNode-1@group-523986131536-SegmentedRaftLog: purge 350
2024-09-17 10:41:19,614 [omNode-1@group-523986131536-StateMachineUpdater] INFO  raftlog.RaftLog (RaftLogBase.java:lambda$new$0(54)) - omNode-1@group-523986131536-SegmentedRaftLog: snapshotIndex: updateIncreasingly 300 -> 350
2024-09-17 10:41:19,615 [omNode-1@group-523986131536-SegmentedRaftLogWorker] INFO  raftlog.RaftLog (RaftLogBase.java:lambda$new$0(54)) - omNode-1@group-523986131536-SegmentedRaftLog: purgeIndex: updateToMax old=290, new=338, updated? true
2024-09-17 10:41:19,619 [grpc-default-executor-1] WARN  server.GrpcLogAppender (GrpcLogAppender.java:lambda$resetClient$1(221)) - omNode-1@group-523986131536->omNode-3-GrpcLogAppender: Follower failed (request=null, errorCount=631); keep nextIndex (354) unchanged and retry.
2024-09-17 10:41:19,619 [omNode-2@group-523986131536-StateMachineUpdater] INFO  ratis.OzoneManagerStateMachine (OzoneManagerStateMachine.java:takeSnapshotImpl(485)) -  applied = (t:1, i:350)
2024-09-17 10:41:19,620 [omNode-2@group-523986131536-StateMachineUpdater] INFO  ratis.OzoneManagerStateMachine (OzoneManagerStateMachine.java:takeSnapshotImpl(486)) -  skipped = 349
2024-09-17 10:41:19,620 [omNode-2@group-523986131536-StateMachineUpdater] INFO  ratis.OzoneManagerStateMachine (OzoneManagerStateMachine.java:takeSnapshotImpl(487)) - notified = (t:1, i:350)
2024-09-17 10:41:19,620 [omNode-2@group-523986131536-StateMachineUpdater] INFO  ratis.OzoneManagerStateMachine (OzoneManagerStateMachine.java:takeSnapshotImpl(488)) - snapshot = (t:1, i:350)
2024-09-17 10:41:19,630 [grpc-default-executor-3] WARN  server.GrpcLogAppender (GrpcLogAppender.java:lambda$resetClient$1(221)) - omNode-1@group-523986131536->omNode-3-GrpcLogAppender: Follower failed (request=null, errorCount=633); keep nextIndex (355) unchanged and retry.
2024-09-17 10:41:19,639 [omNode-2@group-523986131536-StateMachineUpdater] INFO  impl.StateMachineUpdater (StateMachineUpdater.java:takeSnapshot(303)) - omNode-2@group-523986131536-StateMachineUpdater: Took a snapshot at index 350
2024-09-17 10:41:19,639 [omNode-2@group-523986131536-StateMachineUpdater] INFO  impl.StateMachineUpdater (StateMachineUpdater.java:lambda$new$0(102)) - omNode-2@group-523986131536-StateMachineUpdater: snapshotIndex: updateIncreasingly 300 -> 350
2024-09-17 10:41:19,639 [omNode-2@group-523986131536-StateMachineUpdater] INFO  raftlog.RaftLog (RaftLogBase.java:purge(336)) - omNode-2@group-523986131536-SegmentedRaftLog: purge 350
2024-09-17 10:41:19,640 [omNode-2@group-523986131536-StateMachineUpdater] INFO  raftlog.RaftLog (RaftLogBase.java:lambda$new$0(54)) - omNode-2@group-523986131536-SegmentedRaftLog: snapshotIndex: updateIncreasingly 300 -> 350
2024-09-17 10:41:19,640 [omNode-2@group-523986131536-SegmentedRaftLogWorker] INFO  raftlog.RaftLog (RaftLogBase.java:lambda$new$0(54)) - omNode-2@group-523986131536-SegmentedRaftLog: purgeIndex: updateToMax old=290, new=338, updated? true
2024-09-17 10:41:19,641 [grpc-default-executor-1] WARN  server.GrpcLogAppender (GrpcLogAppender.java:lambda$resetClient$1(221)) - omNode-1@group-523986131536->omNode-3-GrpcLogAppender: Follower failed (request=null, errorCount=635); keep nextIndex (356) unchanged and retry.
2024-09-17 10:41:19,652 [grpc-default-executor-3] WARN  server.GrpcLogAppender (GrpcLogAppender.java:lambda$resetClient$1(221)) - omNode-1@group-523986131536->omNode-3-GrpcLogAppender: Follower failed (request=null, errorCount=637); keep nextIndex (357) unchanged and retry.
2024-09-17 10:41:19,663 [grpc-default-executor-1] WARN  server.GrpcLogAppender (GrpcLogAppender.java:lambda$resetClient$1(221)) - omNode-1@group-523986131536->omNode-3-GrpcLogAppender: Follower failed (request=null, errorCount=639); keep nextIndex (358) unchanged and retry.
2024-09-17 10:41:19,674 [grpc-default-executor-1] WARN  server.GrpcLogAppender (GrpcLogAppender.java:lambda$resetClient$1(221)) - omNode-1@group-523986131536->omNode-3-GrpcLogAppender: Follower failed (request=null, errorCount=641); keep nextIndex (359) unchanged and retry.
2024-09-17 10:41:19,684 [grpc-default-executor-3] WARN  server.GrpcLogAppender (GrpcLogAppender.java:lambda$resetClient$1(221)) - omNode-1@group-523986131536->omNode-3-GrpcLogAppender: Follower failed (request=null, errorCount=643); keep nextIndex (360) unchanged and retry.
2024-09-17 10:41:19,695 [grpc-default-executor-1] WARN  server.GrpcLogAppender (GrpcLogAppender.java:lambda$resetClient$1(221)) - omNode-1@group-523986131536->omNode-3-GrpcLogAppender: Follower failed (request=null, errorCount=645); keep nextIndex (361) unchanged and retry.
2024-09-17 10:41:19,706 [grpc-default-executor-0] WARN  server.GrpcLogAppender (GrpcLogAppender.java:lambda$resetClient$1(221)) - omNode-1@group-523986131536->omNode-3-GrpcLogAppender: Follower failed (request=null, errorCount=647); keep nextIndex (362) unchanged and retry.
2024-09-17 10:41:19,717 [grpc-default-executor-3] WARN  server.GrpcLogAppender (GrpcLogAppender.java:lambda$resetClient$1(221)) - omNode-1@group-523986131536->omNode-3-GrpcLogAppender: Follower failed (request=null, errorCount=649); keep nextIndex (363) unchanged and retry.
2024-09-17 10:41:19,728 [grpc-default-executor-0] WARN  server.GrpcLogAppender (GrpcLogAppender.java:lambda$resetClient$1(221)) - omNode-1@group-523986131536->omNode-3-GrpcLogAppender: Follower failed (request=null, errorCount=651); keep nextIndex (364) unchanged and retry.
2024-09-17 10:41:19,739 [grpc-default-executor-3] WARN  server.GrpcLogAppender (GrpcLogAppender.java:lambda$resetClient$1(221)) - omNode-1@group-523986131536->omNode-3-GrpcLogAppender: Follower failed (request=null, errorCount=653); keep nextIndex (365) unchanged and retry.
2024-09-17 10:41:19,749 [grpc-default-executor-0] WARN  server.GrpcLogAppender (GrpcLogAppender.java:lambda$resetClient$1(221)) - omNode-1@group-523986131536->omNode-3-GrpcLogAppender: Follower failed (request=null, errorCount=655); keep nextIndex (366) unchanged and retry.
2024-09-17 10:41:19,781 [grpc-default-executor-1] WARN  server.GrpcLogAppender (GrpcLogAppender.java:lambda$resetClient$1(221)) - omNode-1@group-523986131536->omNode-3-GrpcLogAppender: Follower failed (request=null, errorCount=659); keep nextIndex (368) unchanged and retry.
2024-09-17 10:41:19,785 [grpc-default-executor-0] WARN  server.GrpcLogAppender (GrpcLogAppender.java:lambda$resetClient$1(221)) - omNode-1@group-523986131536->omNode-3-GrpcLogAppender: Follower failed (request=null, errorCount=661); keep nextIndex (370) unchanged and retry.
2024-09-17 10:41:19,802 [grpc-default-executor-0] WARN  server.GrpcLogAppender (GrpcLogAppender.java:lambda$resetClient$1(221)) - omNode-1@group-523986131536->omNode-3-GrpcLogAppender: Follower failed (request=null, errorCount=663); keep nextIndex (371) unchanged and retry.
2024-09-17 10:41:19,807 [grpc-default-executor-1] WARN  server.GrpcLogAppender (GrpcLogAppender.java:lambda$resetClient$1(221)) - omNode-1@group-523986131536->omNode-3-GrpcLogAppender: Follower failed (request=null, errorCount=665); keep nextIndex (372) unchanged and retry.
2024-09-17 10:41:19,823 [grpc-default-executor-0] WARN  server.GrpcLogAppender (GrpcLogAppender.java:lambda$resetClient$1(221)) - omNode-1@group-523986131536->omNode-3-GrpcLogAppender: Follower failed (request=null, errorCount=667); keep nextIndex (373) unchanged and retry.
2024-09-17 10:41:19,834 [grpc-default-executor-1] WARN  server.GrpcLogAppender (GrpcLogAppender.java:lambda$resetClient$1(221)) - omNode-1@group-523986131536->omNode-3-GrpcLogAppender: Follower failed (request=null, errorCount=669); keep nextIndex (374) unchanged and retry.
2024-09-17 10:41:19,845 [grpc-default-executor-0] WARN  server.GrpcLogAppender (GrpcLogAppender.java:lambda$resetClient$1(221)) - omNode-1@group-523986131536->omNode-3-GrpcLogAppender: Follower failed (request=null, errorCount=671); keep nextIndex (375) unchanged and retry.
2024-09-17 10:41:19,856 [grpc-default-executor-1] WARN  server.GrpcLogAppender (GrpcLogAppender.java:lambda$resetClient$1(221)) - omNode-1@group-523986131536->omNode-3-GrpcLogAppender: Follower failed (request=null, errorCount=673); keep nextIndex (376) unchanged and retry.
2024-09-17 10:41:19,867 [grpc-default-executor-0] WARN  server.GrpcLogAppender (GrpcLogAppender.java:lambda$resetClient$1(221)) - omNode-1@group-523986131536->omNode-3-GrpcLogAppender: Follower failed (request=null, errorCount=675); keep nextIndex (377) unchanged and retry.
2024-09-17 10:41:19,878 [grpc-default-executor-1] WARN  server.GrpcLogAppender (GrpcLogAppender.java:lambda$resetClient$1(221)) - omNode-1@group-523986131536->omNode-3-GrpcLogAppender: Follower failed (request=null, errorCount=677); keep nextIndex (378) unchanged and retry.
2024-09-17 10:41:19,888 [grpc-default-executor-0] WARN  server.GrpcLogAppender (GrpcLogAppender.java:lambda$resetClient$1(221)) - omNode-1@group-523986131536->omNode-3-GrpcLogAppender: Follower failed (request=null, errorCount=679); keep nextIndex (379) unchanged and retry.
2024-09-17 10:41:19,899 [grpc-default-executor-0] WARN  server.GrpcLogAppender (GrpcLogAppender.java:lambda$resetClient$1(221)) - omNode-1@group-523986131536->omNode-3-GrpcLogAppender: Follower failed (request=null, errorCount=681); keep nextIndex (380) unchanged and retry.
2024-09-17 10:41:19,910 [grpc-default-executor-1] WARN  server.GrpcLogAppender (GrpcLogAppender.java:lambda$resetClient$1(221)) - omNode-1@group-523986131536->omNode-3-GrpcLogAppender: Follower failed (request=null, errorCount=683); keep nextIndex (381) unchanged and retry.
2024-09-17 10:41:19,921 [grpc-default-executor-0] WARN  server.GrpcLogAppender (GrpcLogAppender.java:lambda$resetClient$1(221)) - omNode-1@group-523986131536->omNode-3-GrpcLogAppender: Follower failed (request=null, errorCount=685); keep nextIndex (382) unchanged and retry.
2024-09-17 10:41:19,932 [grpc-default-executor-1] WARN  server.GrpcLogAppender (GrpcLogAppender.java:lambda$resetClient$1(221)) - omNode-1@group-523986131536->omNode-3-GrpcLogAppender: Follower failed (request=null, errorCount=687); keep nextIndex (383) unchanged and retry.
2024-09-17 10:41:19,946 [omNode-1-OMStateMachineApplyTransactionThread - 0] WARN  snapshot.OMSnapshotCreateRequest (OMSnapshotCreateRequest.java:estimateBucketDataSize(338)) - DefaultReplicationConfig is not correctly set in OmBucketInfo for volume 'volume1' bucket 'bucket2'. Falling back to config default 'RATIS/THREE'
2024-09-17 10:41:19,946 [omNode-1-OMStateMachineApplyTransactionThread - 0] INFO  snapshot.OMSnapshotCreateRequest (OMSnapshotCreateRequest.java:validateAndUpdateCache(219)) - Created snapshot: 'snapshot-8' with snapshotId: '7e15cc7d-e3d2-4acc-ba08-724fddf52919' under path 'volume1/bucket2'
2024-09-17 10:41:19,947 [main] WARN  server.ServerUtils (ServerUtils.java:getDBPath(299)) - ozone.om.db.dirs is not configured. We recommend adding this setting. Falling back to ozone.metadata.dirs instead.
2024-09-17 10:41:19,958 [omNode-2-OMStateMachineApplyTransactionThread - 0] WARN  snapshot.OMSnapshotCreateRequest (OMSnapshotCreateRequest.java:estimateBucketDataSize(338)) - DefaultReplicationConfig is not correctly set in OmBucketInfo for volume 'volume1' bucket 'bucket2'. Falling back to config default 'RATIS/THREE'
2024-09-17 10:41:19,958 [omNode-2-OMStateMachineApplyTransactionThread - 0] INFO  snapshot.OMSnapshotCreateRequest (OMSnapshotCreateRequest.java:validateAndUpdateCache(219)) - Created snapshot: 'snapshot-8' with snapshotId: '7e15cc7d-e3d2-4acc-ba08-724fddf52919' under path 'volume1/bucket2'
2024-09-17 10:41:19,966 [omNode-1-OMDoubleBufferFlushThread] INFO  db.RDBCheckpointManager (RDBCheckpointManager.java:createCheckpoint(89)) - Created checkpoint in rocksDB at /home/runner/work/ozone/ozone/hadoop-ozone/integration-test/target/test-dir/MiniOzoneClusterImpl-90660ac4-7e9c-448b-98ea-af4f808cf8d9/omNode-1/db.snapshots/checkpointState/om.db-7e15cc7d-e3d2-4acc-ba08-724fddf52919 in 18 milliseconds
2024-09-17 10:41:19,966 [omNode-1-OMDoubleBufferFlushThread] INFO  om.OmSnapshotManager (OmSnapshotManager.java:createOmSnapshotCheckpoint(484)) - Created checkpoint : /home/runner/work/ozone/ozone/hadoop-ozone/integration-test/target/test-dir/MiniOzoneClusterImpl-90660ac4-7e9c-448b-98ea-af4f808cf8d9/omNode-1/db.snapshots/checkpointState/om.db-7e15cc7d-e3d2-4acc-ba08-724fddf52919 for snapshot snapshot-8
2024-09-17 10:41:19,977 [omNode-2-OMDoubleBufferFlushThread] INFO  db.RDBCheckpointManager (RDBCheckpointManager.java:createCheckpoint(89)) - Created checkpoint in rocksDB at /home/runner/work/ozone/ozone/hadoop-ozone/integration-test/target/test-dir/MiniOzoneClusterImpl-90660ac4-7e9c-448b-98ea-af4f808cf8d9/omNode-2/db.snapshots/checkpointState/om.db-7e15cc7d-e3d2-4acc-ba08-724fddf52919 in 18 milliseconds
2024-09-17 10:41:19,978 [omNode-2-OMDoubleBufferFlushThread] INFO  om.OmSnapshotManager (OmSnapshotManager.java:createOmSnapshotCheckpoint(484)) - Created checkpoint : /home/runner/work/ozone/ozone/hadoop-ozone/integration-test/target/test-dir/MiniOzoneClusterImpl-90660ac4-7e9c-448b-98ea-af4f808cf8d9/omNode-2/db.snapshots/checkpointState/om.db-7e15cc7d-e3d2-4acc-ba08-724fddf52919 for snapshot snapshot-8
2024-09-17 10:41:20,062 [grpc-default-executor-0] WARN  server.GrpcLogAppender (GrpcLogAppender.java:lambda$resetClient$1(221)) - omNode-1@group-523986131536->omNode-3-GrpcLogAppender: Follower failed (request=null, errorCount=691); keep nextIndex (386) unchanged and retry.
2024-09-17 10:41:20,067 [timer5] WARN  server.GrpcLogAppender (GrpcLogAppender.java:lambda$resetClient$1(221)) - omNode-1@group-523986131536->omNode-3-GrpcLogAppender: Follower failed (request=null, errorCount=36); keep nextIndex (4) unchanged and retry. (Repeated 2 times in the last 5.000s)
2024-09-17 10:41:20,073 [grpc-default-executor-1] WARN  server.GrpcLogAppender (GrpcLogAppender.java:lambda$resetClient$1(221)) - omNode-1@group-523986131536->omNode-3-GrpcLogAppender: Follower failed (request=null, errorCount=693); keep nextIndex (387) unchanged and retry.
2024-09-17 10:41:20,076 [omNode-1-client-thread1] INFO  segmented.SegmentedRaftLogWorker (SegmentedRaftLogWorker.java:rollLogSegment(438)) - omNode-1@group-523986131536-SegmentedRaftLogWorker: Rolling segment log-339_386 to index:386
2024-09-17 10:41:20,076 [omNode-1@group-523986131536-SegmentedRaftLogWorker] INFO  segmented.SegmentedRaftLogWorker (SegmentedRaftLogWorker.java:execute(594)) - omNode-1@group-523986131536-SegmentedRaftLogWorker: Rolled log segment from /home/runner/work/ozone/ozone/hadoop-ozone/integration-test/target/test-dir/MiniOzoneClusterImpl-90660ac4-7e9c-448b-98ea-af4f808cf8d9/omNode-1/ratis/c9bc4cf4-3bc3-3c60-a66b-523986131536/current/log_inprogress_339 to /home/runner/work/ozone/ozone/hadoop-ozone/integration-test/target/test-dir/MiniOzoneClusterImpl-90660ac4-7e9c-448b-98ea-af4f808cf8d9/omNode-1/ratis/c9bc4cf4-3bc3-3c60-a66b-523986131536/current/log_339-386
2024-09-17 10:41:20,076 [omNode-1@group-523986131536-SegmentedRaftLogWorker] INFO  segmented.BufferedWriteChannel (BufferedWriteChannel.java:open(61)) - open log_inprogress_387 at position 0
2024-09-17 10:41:20,077 [omNode-1@group-523986131536-SegmentedRaftLogWorker] INFO  segmented.SegmentedRaftLogWorker (SegmentedRaftLogWorker.java:execute(637)) - omNode-1@group-523986131536-SegmentedRaftLogWorker: created new log segment /home/runner/work/ozone/ozone/hadoop-ozone/integration-test/target/test-dir/MiniOzoneClusterImpl-90660ac4-7e9c-448b-98ea-af4f808cf8d9/omNode-1/ratis/c9bc4cf4-3bc3-3c60-a66b-523986131536/current/log_inprogress_387
2024-09-17 10:41:20,079 [timer7] WARN  server.GrpcLogAppender (GrpcLogAppender.java:lambda$resetClient$1(221)) - omNode-1@group-523986131536->omNode-3-GrpcLogAppender: Follower failed (request=null, errorCount=38); keep nextIndex (6) unchanged and retry. (Repeated 2 times in the last 4.999s)
2024-09-17 10:41:20,090 [grpc-default-executor-0] WARN  server.GrpcLogAppender (GrpcLogAppender.java:lambda$resetClient$1(221)) - omNode-1@group-523986131536->omNode-3-GrpcLogAppender: Follower failed (request=null, errorCount=695); keep nextIndex (388) unchanged and retry.
2024-09-17 10:41:20,091 [timer2] WARN  server.GrpcLogAppender (GrpcLogAppender.java:lambda$resetClient$1(221)) - omNode-1@group-523986131536->omNode-3-GrpcLogAppender: Follower failed (request=null, errorCount=40); keep nextIndex (7) unchanged and retry. (Repeated 2 times in the last 5.000s)
2024-09-17 10:41:20,100 [omNode-2-server-thread1] INFO  segmented.SegmentedRaftLogWorker (SegmentedRaftLogWorker.java:rollLogSegment(438)) - omNode-2@group-523986131536-SegmentedRaftLogWorker: Rolling segment log-339_386 to index:386
2024-09-17 10:41:20,101 [omNode-2@group-523986131536-SegmentedRaftLogWorker] INFO  segmented.SegmentedRaftLogWorker (SegmentedRaftLogWorker.java:execute(594)) - omNode-2@group-523986131536-SegmentedRaftLogWorker: Rolled log segment from /home/runner/work/ozone/ozone/hadoop-ozone/integration-test/target/test-dir/MiniOzoneClusterImpl-90660ac4-7e9c-448b-98ea-af4f808cf8d9/omNode-2/ratis/c9bc4cf4-3bc3-3c60-a66b-523986131536/current/log_inprogress_339 to /home/runner/work/ozone/ozone/hadoop-ozone/integration-test/target/test-dir/MiniOzoneClusterImpl-90660ac4-7e9c-448b-98ea-af4f808cf8d9/omNode-2/ratis/c9bc4cf4-3bc3-3c60-a66b-523986131536/current/log_339-386
2024-09-17 10:41:20,101 [omNode-2@group-523986131536-SegmentedRaftLogWorker] INFO  segmented.BufferedWriteChannel (BufferedWriteChannel.java:open(61)) - open log_inprogress_387 at position 0
2024-09-17 10:41:20,102 [omNode-2@group-523986131536-SegmentedRaftLogWorker] INFO  segmented.SegmentedRaftLogWorker (SegmentedRaftLogWorker.java:execute(637)) - omNode-2@group-523986131536-SegmentedRaftLogWorker: created new log segment /home/runner/work/ozone/ozone/hadoop-ozone/integration-test/target/test-dir/MiniOzoneClusterImpl-90660ac4-7e9c-448b-98ea-af4f808cf8d9/omNode-2/ratis/c9bc4cf4-3bc3-3c60-a66b-523986131536/current/log_inprogress_387
2024-09-17 10:41:20,103 [grpc-default-executor-0] WARN  server.GrpcLogAppender (GrpcLogAppender.java:lambda$resetClient$1(221)) - omNode-1@group-523986131536->omNode-3-GrpcLogAppender: Follower failed (request=null, errorCount=697); keep nextIndex (389) unchanged and retry.
2024-09-17 10:41:20,117 [timer0] WARN  server.GrpcLogAppender (GrpcLogAppender.java:lambda$resetClient$1(221)) - omNode-1@group-523986131536->omNode-3-GrpcLogAppender: Follower failed (request=null, errorCount=42); keep nextIndex (8) unchanged and retry. (Repeated 2 times in the last 5.000s)
2024-09-17 10:41:20,123 [grpc-default-executor-0] WARN  server.GrpcLogAppender (GrpcLogAppender.java:lambda$resetClient$1(221)) - omNode-1@group-523986131536->omNode-3-GrpcLogAppender: Follower failed (request=null, errorCount=699); keep nextIndex (390) unchanged and retry.
2024-09-17 10:41:20,126 [grpc-default-executor-0] WARN  server.GrpcLogAppender (GrpcLogAppender.java:lambda$resetClient$1(221)) - omNode-1@group-523986131536->omNode-3-GrpcLogAppender: Follower failed (request=null, errorCount=701); keep nextIndex (392) unchanged and retry.
2024-09-17 10:41:20,129 [timer1] WARN  server.GrpcLogAppender (GrpcLogAppender.java:lambda$resetClient$1(221)) - omNode-1@group-523986131536->omNode-3-GrpcLogAppender: Follower failed (request=null, errorCount=44); keep nextIndex (10) unchanged and retry. (Repeated 2 times in the last 5.001s)
2024-09-17 10:41:20,140 [timer5] WARN  server.GrpcLogAppender (GrpcLogAppender.java:lambda$resetClient$1(221)) - omNode-1@group-523986131536->omNode-3-GrpcLogAppender: Follower failed (request=null, errorCount=46); keep nextIndex (11) unchanged and retry. (Repeated 2 times in the last 5.000s)
2024-09-17 10:41:20,144 [grpc-default-executor-0] WARN  server.GrpcLogAppender (GrpcLogAppender.java:lambda$resetClient$1(221)) - omNode-1@group-523986131536->omNode-3-GrpcLogAppender: Follower failed (request=null, errorCount=703); keep nextIndex (393) unchanged and retry.
2024-09-17 10:41:20,150 [timer7] WARN  server.GrpcLogAppender (GrpcLogAppender.java:lambda$resetClient$1(221)) - omNode-1@group-523986131536->omNode-3-GrpcLogAppender: Follower failed (request=null, errorCount=48); keep nextIndex (12) unchanged and retry. (Repeated 2 times in the last 5.000s)
2024-09-17 10:41:20,151 [grpc-default-executor-0] WARN  server.GrpcLogAppender (GrpcLogAppender.java:lambda$resetClient$1(221)) - omNode-1@group-523986131536->omNode-3-GrpcLogAppender: Follower failed (request=null, errorCount=705); keep nextIndex (394) unchanged and retry.
2024-09-17 10:41:20,166 [grpc-default-executor-1] WARN  server.GrpcLogAppender (GrpcLogAppender.java:lambda$resetClient$1(221)) - omNode-1@group-523986131536->omNode-3-GrpcLogAppender: Follower failed (request=null, errorCount=707); keep nextIndex (395) unchanged and retry.
2024-09-17 10:41:20,173 [timer2] WARN  server.GrpcLogAppender (GrpcLogAppender.java:lambda$resetClient$1(221)) - omNode-1@group-523986131536->omNode-3-GrpcLogAppender: Follower failed (request=null, errorCount=50); keep nextIndex (14) unchanged and retry. (Repeated 2 times in the last 5.000s)
2024-09-17 10:41:20,177 [grpc-default-executor-0] WARN  server.GrpcLogAppender (GrpcLogAppender.java:lambda$resetClient$1(221)) - omNode-1@group-523986131536->omNode-3-GrpcLogAppender: Follower failed (request=null, errorCount=709); keep nextIndex (396) unchanged and retry.
2024-09-17 10:41:20,188 [grpc-default-executor-0] WARN  server.GrpcLogAppender (GrpcLogAppender.java:lambda$resetClient$1(221)) - omNode-1@group-523986131536->omNode-3-GrpcLogAppender: Follower failed (request=null, errorCount=711); keep nextIndex (397) unchanged and retry.
2024-09-17 10:41:20,194 [timer0] WARN  server.GrpcLogAppender (GrpcLogAppender.java:lambda$resetClient$1(221)) - omNode-1@group-523986131536->omNode-3-GrpcLogAppender: Follower failed (request=null, errorCount=52); keep nextIndex (17) unchanged and retry. (Repeated 2 times in the last 5.001s)
2024-09-17 10:41:20,198 [grpc-default-executor-0] WARN  server.GrpcLogAppender (GrpcLogAppender.java:lambda$resetClient$1(221)) - omNode-1@group-523986131536->omNode-3-GrpcLogAppender: Follower failed (request=null, errorCount=713); keep nextIndex (398) unchanged and retry.
2024-09-17 10:41:20,204 [timer3] WARN  server.GrpcLogAppender (GrpcLogAppender.java:lambda$resetClient$1(221)) - omNode-1@group-523986131536->omNode-3-GrpcLogAppender: Follower failed (request=null, errorCount=54); keep nextIndex (18) unchanged and retry. (Repeated 2 times in the last 5.000s)
2024-09-17 10:41:20,209 [grpc-default-executor-0] WARN  server.GrpcLogAppender (GrpcLogAppender.java:lambda$resetClient$1(221)) - omNode-1@group-523986131536->omNode-3-GrpcLogAppender: Follower failed (request=null, errorCount=715); keep nextIndex (399) unchanged and retry.
2024-09-17 10:41:20,216 [timer5] WARN  server.GrpcLogAppender (GrpcLogAppender.java:lambda$resetClient$1(221)) - omNode-1@group-523986131536->omNode-3-GrpcLogAppender: Follower failed (request=null, errorCount=56); keep nextIndex (19) unchanged and retry. (Repeated 2 times in the last 5.000s)
2024-09-17 10:41:20,220 [grpc-default-executor-0] WARN  server.GrpcLogAppender (GrpcLogAppender.java:lambda$resetClient$1(221)) - omNode-1@group-523986131536->omNode-3-GrpcLogAppender: Follower failed (request=null, errorCount=717); keep nextIndex (400) unchanged and retry.
2024-09-17 10:41:20,231 [grpc-default-executor-3] WARN  server.GrpcLogAppender (GrpcLogAppender.java:lambda$resetClient$1(221)) - omNode-1@group-523986131536->omNode-3-GrpcLogAppender: Follower failed (request=null, errorCount=719); keep nextIndex (401) unchanged and retry.
2024-09-17 10:41:20,231 [timer2] WARN  server.GrpcLogAppender (GrpcLogAppender.java:lambda$resetClient$1(221)) - omNode-1@group-523986131536->omNode-3-GrpcLogAppender: Follower failed (request=null, errorCount=58); keep nextIndex (20) unchanged and retry. (Repeated 2 times in the last 5.000s)
2024-09-17 10:41:20,239 [timer4] WARN  server.GrpcLogAppender (GrpcLogAppender.java:lambda$resetClient$1(221)) - omNode-1@group-523986131536->omNode-3-GrpcLogAppender: Follower failed (request=null, errorCount=60); keep nextIndex (22) unchanged and retry. (Repeated 2 times in the last 5.000s)
2024-09-17 10:41:20,241 [omNode-1@group-523986131536-StateMachineUpdater] INFO  ratis.OzoneManagerStateMachine (OzoneManagerStateMachine.java:takeSnapshotImpl(485)) -  applied = (t:1, i:400)
2024-09-17 10:41:20,242 [omNode-1@group-523986131536-StateMachineUpdater] INFO  ratis.OzoneManagerStateMachine (OzoneManagerStateMachine.java:takeSnapshotImpl(486)) -  skipped = 399
2024-09-17 10:41:20,242 [omNode-1@group-523986131536-StateMachineUpdater] INFO  ratis.OzoneManagerStateMachine (OzoneManagerStateMachine.java:takeSnapshotImpl(487)) - notified = (t:1, i:400)
2024-09-17 10:41:20,242 [omNode-1@group-523986131536-StateMachineUpdater] INFO  ratis.OzoneManagerStateMachine (OzoneManagerStateMachine.java:takeSnapshotImpl(488)) - snapshot = (t:1, i:400)
2024-09-17 10:41:20,242 [grpc-default-executor-3] WARN  server.GrpcLogAppender (GrpcLogAppender.java:lambda$resetClient$1(221)) - omNode-1@group-523986131536->omNode-3-GrpcLogAppender: Follower failed (request=null, errorCount=721); keep nextIndex (402) unchanged and retry.
2024-09-17 10:41:20,251 [omNode-2@group-523986131536-StateMachineUpdater] INFO  ratis.OzoneManagerStateMachine (OzoneManagerStateMachine.java:takeSnapshotImpl(485)) -  applied = (t:1, i:400)
2024-09-17 10:41:20,251 [omNode-2@group-523986131536-StateMachineUpdater] INFO  ratis.OzoneManagerStateMachine (OzoneManagerStateMachine.java:takeSnapshotImpl(486)) -  skipped = 399
2024-09-17 10:41:20,251 [omNode-2@group-523986131536-StateMachineUpdater] INFO  ratis.OzoneManagerStateMachine (OzoneManagerStateMachine.java:takeSnapshotImpl(487)) - notified = (t:1, i:400)
2024-09-17 10:41:20,252 [omNode-2@group-523986131536-StateMachineUpdater] INFO  ratis.OzoneManagerStateMachine (OzoneManagerStateMachine.java:takeSnapshotImpl(488)) - snapshot = (t:1, i:400)
2024-09-17 10:41:20,252 [grpc-default-executor-3] WARN  server.GrpcLogAppender (GrpcLogAppender.java:lambda$resetClient$1(221)) - omNode-1@group-523986131536->omNode-3-GrpcLogAppender: Follower failed (request=null, errorCount=723); keep nextIndex (403) unchanged and retry.
2024-09-17 10:41:20,258 [timer0] WARN  server.GrpcLogAppender (GrpcLogAppender.java:lambda$resetClient$1(221)) - omNode-1@group-523986131536->omNode-3-GrpcLogAppender: Follower failed (request=null, errorCount=62); keep nextIndex (23) unchanged and retry. (Repeated 2 times in the last 5.001s)
2024-09-17 10:41:20,267 [omNode-1@group-523986131536-StateMachineUpdater] INFO  impl.StateMachineUpdater (StateMachineUpdater.java:takeSnapshot(303)) - omNode-1@group-523986131536-StateMachineUpdater: Took a snapshot at index 400
2024-09-17 10:41:20,267 [omNode-1@group-523986131536-StateMachineUpdater] INFO  impl.StateMachineUpdater (StateMachineUpdater.java:lambda$new$0(102)) - omNode-1@group-523986131536-StateMachineUpdater: snapshotIndex: updateIncreasingly 350 -> 400
2024-09-17 10:41:20,267 [omNode-1@group-523986131536-StateMachineUpdater] INFO  raftlog.RaftLog (RaftLogBase.java:purge(336)) - omNode-1@group-523986131536-SegmentedRaftLog: purge 400
2024-09-17 10:41:20,267 [omNode-1@group-523986131536-StateMachineUpdater] INFO  raftlog.RaftLog (RaftLogBase.java:lambda$new$0(54)) - omNode-1@group-523986131536-SegmentedRaftLog: snapshotIndex: updateIncreasingly 350 -> 400
2024-09-17 10:41:20,267 [omNode-1@group-523986131536-SegmentedRaftLogWorker] INFO  raftlog.RaftLog (RaftLogBase.java:lambda$new$0(54)) - omNode-1@group-523986131536-SegmentedRaftLog: purgeIndex: updateToMax old=338, new=386, updated? true
2024-09-17 10:41:20,271 [grpc-default-executor-3] WARN  server.GrpcLogAppender (GrpcLogAppender.java:lambda$resetClient$1(221)) - omNode-1@group-523986131536->omNode-3-GrpcLogAppender: Follower failed (request=null, errorCount=725); keep nextIndex (404) unchanged and retry.
2024-09-17 10:41:20,278 [timer5] WARN  server.GrpcLogAppender (GrpcLogAppender.java:lambda$resetClient$1(221)) - omNode-1@group-523986131536->omNode-3-GrpcLogAppender: Follower failed (request=null, errorCount=64); keep nextIndex (24) unchanged and retry. (Repeated 2 times in the last 5.000s)
2024-09-17 10:41:20,283 [omNode-2@group-523986131536-StateMachineUpdater] INFO  impl.StateMachineUpdater (StateMachineUpdater.java:takeSnapshot(303)) - omNode-2@group-523986131536-StateMachineUpdater: Took a snapshot at index 400
2024-09-17 10:41:20,283 [omNode-2@group-523986131536-StateMachineUpdater] INFO  impl.StateMachineUpdater (StateMachineUpdater.java:lambda$new$0(102)) - omNode-2@group-523986131536-StateMachineUpdater: snapshotIndex: updateIncreasingly 350 -> 400
2024-09-17 10:41:20,283 [omNode-2@group-523986131536-StateMachineUpdater] INFO  raftlog.RaftLog (RaftLogBase.java:purge(336)) - omNode-2@group-523986131536-SegmentedRaftLog: purge 400
2024-09-17 10:41:20,283 [omNode-2@group-523986131536-StateMachineUpdater] INFO  raftlog.RaftLog (RaftLogBase.java:lambda$new$0(54)) - omNode-2@group-523986131536-SegmentedRaftLog: snapshotIndex: updateIncreasingly 350 -> 400
2024-09-17 10:41:20,284 [omNode-2@group-523986131536-SegmentedRaftLogWorker] INFO  raftlog.RaftLog (RaftLogBase.java:lambda$new$0(54)) - omNode-2@group-523986131536-SegmentedRaftLog: purgeIndex: updateToMax old=338, new=386, updated? true
2024-09-17 10:41:20,286 [grpc-default-executor-0] WARN  server.GrpcLogAppender (GrpcLogAppender.java:lambda$resetClient$1(221)) - omNode-1@group-523986131536->omNode-3-GrpcLogAppender: Follower failed (request=null, errorCount=727); keep nextIndex (406) unchanged and retry.
2024-09-17 10:41:20,292 [timer1] WARN  server.GrpcLogAppender (GrpcLogAppender.java:lambda$resetClient$1(221)) - omNode-1@group-523986131536->omNode-3-GrpcLogAppender: Follower failed (request=null, errorCount=66); keep nextIndex (26) unchanged and retry. (Repeated 2 times in the last 4.999s)
2024-09-17 10:41:20,295 [grpc-default-executor-3] WARN  server.GrpcLogAppender (GrpcLogAppender.java:lambda$resetClient$1(221)) - omNode-1@group-523986131536->omNode-3-GrpcLogAppender: Follower failed (request=null, errorCount=729); keep nextIndex (407) unchanged and retry.
2024-09-17 10:41:20,303 [timer3] WARN  server.GrpcLogAppender (GrpcLogAppender.java:lambda$resetClient$1(221)) - omNode-1@group-523986131536->omNode-3-GrpcLogAppender: Follower failed (request=null, errorCount=72); keep nextIndex (27) unchanged and retry. (Repeated 6 times in the last 5.001s)
2024-09-17 10:41:20,306 [grpc-default-executor-0] WARN  server.GrpcLogAppender (GrpcLogAppender.java:lambda$resetClient$1(221)) - omNode-1@group-523986131536->omNode-3-GrpcLogAppender: Follower failed (request=null, errorCount=731); keep nextIndex (408) unchanged and retry.
2024-09-17 10:41:20,327 [grpc-default-executor-0] WARN  server.GrpcLogAppender (GrpcLogAppender.java:lambda$resetClient$1(221)) - omNode-1@group-523986131536->omNode-3-GrpcLogAppender: Follower failed (request=null, errorCount=735); keep nextIndex (410) unchanged and retry.
2024-09-17 10:41:20,337 [timer3] WARN  server.GrpcLogAppender (GrpcLogAppender.java:lambda$resetClient$1(221)) - omNode-1@group-523986131536->omNode-3-GrpcLogAppender: Follower failed (request=null, errorCount=74); keep nextIndex (30) unchanged and retry. (Repeated 2 times in the last 5.000s)
2024-09-17 10:41:20,338 [grpc-default-executor-3] WARN  server.GrpcLogAppender (GrpcLogAppender.java:lambda$resetClient$1(221)) - omNode-1@group-523986131536->omNode-3-GrpcLogAppender: Follower failed (request=null, errorCount=737); keep nextIndex (411) unchanged and retry.
2024-09-17 10:41:20,348 [timer5] WARN  server.GrpcLogAppender (GrpcLogAppender.java:lambda$resetClient$1(221)) - omNode-1@group-523986131536->omNode-3-GrpcLogAppender: Follower failed (request=null, errorCount=76); keep nextIndex (31) unchanged and retry. (Repeated 2 times in the last 5.000s)
2024-09-17 10:41:20,349 [grpc-default-executor-3] WARN  server.GrpcLogAppender (GrpcLogAppender.java:lambda$resetClient$1(221)) - omNode-1@group-523986131536->omNode-3-GrpcLogAppender: Follower failed (request=null, errorCount=739); keep nextIndex (412) unchanged and retry.
2024-09-17 10:41:20,359 [timer2] WARN  server.GrpcLogAppender (GrpcLogAppender.java:lambda$resetClient$1(221)) - omNode-1@group-523986131536->omNode-3-GrpcLogAppender: Follower failed (request=null, errorCount=78); keep nextIndex (32) unchanged and retry. (Repeated 2 times in the last 5.001s)
2024-09-17 10:41:20,360 [grpc-default-executor-0] WARN  server.GrpcLogAppender (GrpcLogAppender.java:lambda$resetClient$1(221)) - omNode-1@group-523986131536->omNode-3-GrpcLogAppender: Follower failed (request=null, errorCount=741); keep nextIndex (413) unchanged and retry.
2024-09-17 10:41:20,369 [timer4] WARN  server.GrpcLogAppender (GrpcLogAppender.java:lambda$resetClient$1(221)) - omNode-1@group-523986131536->omNode-3-GrpcLogAppender: Follower failed (request=null, errorCount=80); keep nextIndex (33) unchanged and retry. (Repeated 2 times in the last 5.000s)
2024-09-17 10:41:20,371 [grpc-default-executor-0] WARN  server.GrpcLogAppender (GrpcLogAppender.java:lambda$resetClient$1(221)) - omNode-1@group-523986131536->omNode-3-GrpcLogAppender: Follower failed (request=null, errorCount=743); keep nextIndex (414) unchanged and retry.
2024-09-17 10:41:20,380 [timer7] WARN  server.GrpcLogAppender (GrpcLogAppender.java:lambda$resetClient$1(221)) - omNode-1@group-523986131536->omNode-3-GrpcLogAppender: Follower failed (request=null, errorCount=82); keep nextIndex (34) unchanged and retry. (Repeated 2 times in the last 5.000s)
2024-09-17 10:41:20,382 [grpc-default-executor-0] WARN  server.GrpcLogAppender (GrpcLogAppender.java:lambda$resetClient$1(221)) - omNode-1@group-523986131536->omNode-3-GrpcLogAppender: Follower failed (request=null, errorCount=745); keep nextIndex (415) unchanged and retry.
2024-09-17 10:41:20,391 [timer1] WARN  server.GrpcLogAppender (GrpcLogAppender.java:lambda$resetClient$1(221)) - omNode-1@group-523986131536->omNode-3-GrpcLogAppender: Follower failed (request=null, errorCount=84); keep nextIndex (35) unchanged and retry. (Repeated 2 times in the last 5.000s)
2024-09-17 10:41:20,403 [grpc-default-executor-3] WARN  server.GrpcLogAppender (GrpcLogAppender.java:lambda$resetClient$1(221)) - omNode-1@group-523986131536->omNode-3-GrpcLogAppender: Follower failed (request=null, errorCount=747); keep nextIndex (416) unchanged and retry.
2024-09-17 10:41:20,409 [timer7] WARN  server.GrpcLogAppender (GrpcLogAppender.java:lambda$resetClient$1(221)) - omNode-1@group-523986131536->omNode-3-GrpcLogAppender: Follower failed (request=null, errorCount=86); keep nextIndex (36) unchanged and retry. (Repeated 2 times in the last 5.000s)
2024-09-17 10:41:20,410 [grpc-default-executor-3] WARN  server.GrpcLogAppender (GrpcLogAppender.java:lambda$resetClient$1(221)) - omNode-1@group-523986131536->omNode-3-GrpcLogAppender: Follower failed (request=null, errorCount=749); keep nextIndex (418) unchanged and retry.
2024-09-17 10:41:20,415 [timer1] WARN  server.GrpcLogAppender (GrpcLogAppender.java:lambda$resetClient$1(221)) - omNode-1@group-523986131536->omNode-3-GrpcLogAppender: Follower failed (request=null, errorCount=88); keep nextIndex (38) unchanged and retry. (Repeated 2 times in the last 5.000s)
2024-09-17 10:41:20,424 [grpc-default-executor-0] WARN  server.GrpcLogAppender (GrpcLogAppender.java:lambda$resetClient$1(221)) - omNode-1@group-523986131536->omNode-3-GrpcLogAppender: Follower failed (request=null, errorCount=751); keep nextIndex (419) unchanged and retry.
2024-09-17 10:41:20,435 [timer5] WARN  server.GrpcLogAppender (GrpcLogAppender.java:lambda$resetClient$1(221)) - omNode-1@group-523986131536->omNode-3-GrpcLogAppender: Follower failed (request=null, errorCount=90); keep nextIndex (39) unchanged and retry. (Repeated 2 times in the last 5.000s)
2024-09-17 10:41:20,436 [grpc-default-executor-3] WARN  server.GrpcLogAppender (GrpcLogAppender.java:lambda$resetClient$1(221)) - omNode-1@group-523986131536->omNode-3-GrpcLogAppender: Follower failed (request=null, errorCount=753); keep nextIndex (420) unchanged and retry.
2024-09-17 10:41:20,452 [grpc-default-executor-0] WARN  server.GrpcLogAppender (GrpcLogAppender.java:lambda$resetClient$1(221)) - omNode-1@group-523986131536->omNode-3-GrpcLogAppender: Follower failed (request=null, errorCount=755); keep nextIndex (422) unchanged and retry.
2024-09-17 10:41:20,453 [timer7] WARN  server.GrpcLogAppender (GrpcLogAppender.java:lambda$resetClient$1(221)) - omNode-1@group-523986131536->omNode-3-GrpcLogAppender: Follower failed (request=null, errorCount=92); keep nextIndex (40) unchanged and retry. (Repeated 2 times in the last 5.001s)
2024-09-17 10:41:20,466 [timer1] WARN  server.GrpcLogAppender (GrpcLogAppender.java:lambda$resetClient$1(221)) - omNode-1@group-523986131536->omNode-3-GrpcLogAppender: Follower failed (request=null, errorCount=94); keep nextIndex (42) unchanged and retry. (Repeated 2 times in the last 5.000s)
2024-09-17 10:41:20,466 [grpc-default-executor-0] WARN  server.GrpcLogAppender (GrpcLogAppender.java:lambda$resetClient$1(221)) - omNode-1@group-523986131536->omNode-3-GrpcLogAppender: Follower failed (request=null, errorCount=757); keep nextIndex (423) unchanged and retry.
2024-09-17 10:41:20,477 [timer3] WARN  server.GrpcLogAppender (GrpcLogAppender.java:lambda$resetClient$1(221)) - omNode-1@group-523986131536->omNode-3-GrpcLogAppender: Follower failed (request=null, errorCount=96); keep nextIndex (43) unchanged and retry. (Repeated 2 times in the last 5.000s)
2024-09-17 10:41:20,487 [grpc-default-executor-3] WARN  server.GrpcLogAppender (GrpcLogAppender.java:lambda$resetClient$1(221)) - omNode-1@group-523986131536->omNode-3-GrpcLogAppender: Follower failed (request=null, errorCount=759); keep nextIndex (425) unchanged and retry.
2024-09-17 10:41:20,498 [timer1] WARN  server.GrpcLogAppender (GrpcLogAppender.java:lambda$resetClient$1(221)) - omNode-1@group-523986131536->omNode-3-GrpcLogAppender: Follower failed (request=null, errorCount=98); keep nextIndex (44) unchanged and retry. (Repeated 2 times in the last 5.001s)
2024-09-17 10:41:20,504 [omNode-1-OMStateMachineApplyTransactionThread - 0] WARN  snapshot.OMSnapshotCreateRequest (OMSnapshotCreateRequest.java:estimateBucketDataSize(338)) - DefaultReplicationConfig is not correctly set in OmBucketInfo for volume 'volume1' bucket 'bucket2'. Falling back to config default 'RATIS/THREE'
2024-09-17 10:41:20,504 [omNode-1-OMStateMachineApplyTransactionThread - 0] INFO  snapshot.OMSnapshotCreateRequest (OMSnapshotCreateRequest.java:validateAndUpdateCache(219)) - Created snapshot: 'snapshot-9' with snapshotId: '8559ab53-5fb1-48ad-99f4-0c8b13dfb17d' under path 'volume1/bucket2'
2024-09-17 10:41:20,509 [omNode-2-OMStateMachineApplyTransactionThread - 0] WARN  snapshot.OMSnapshotCreateRequest (OMSnapshotCreateRequest.java:estimateBucketDataSize(338)) - DefaultReplicationConfig is not correctly set in OmBucketInfo for volume 'volume1' bucket 'bucket2'. Falling back to config default 'RATIS/THREE'
2024-09-17 10:41:20,509 [omNode-2-OMStateMachineApplyTransactionThread - 0] INFO  snapshot.OMSnapshotCreateRequest (OMSnapshotCreateRequest.java:validateAndUpdateCache(219)) - Created snapshot: 'snapshot-9' with snapshotId: '8559ab53-5fb1-48ad-99f4-0c8b13dfb17d' under path 'volume1/bucket2'
2024-09-17 10:41:20,510 [timer4] WARN  server.GrpcLogAppender (GrpcLogAppender.java:lambda$resetClient$1(221)) - omNode-1@group-523986131536->omNode-3-GrpcLogAppender: Follower failed (request=null, errorCount=100); keep nextIndex (46) unchanged and retry. (Repeated 2 times in the last 5.001s)
2024-09-17 10:41:20,511 [main] WARN  server.ServerUtils (ServerUtils.java:getDBPath(299)) - ozone.om.db.dirs is not configured. We recommend adding this setting. Falling back to ozone.metadata.dirs instead.
2024-09-17 10:41:20,520 [timer6] WARN  server.GrpcLogAppender (GrpcLogAppender.java:lambda$resetClient$1(221)) - omNode-1@group-523986131536->omNode-3-GrpcLogAppender: Follower failed (request=null, errorCount=104); keep nextIndex (47) unchanged and retry. (Repeated 4 times in the last 5.000s)
2024-09-17 10:41:20,533 [omNode-2-OMDoubleBufferFlushThread] INFO  db.RDBCheckpointManager (RDBCheckpointManager.java:createCheckpoint(89)) - Created checkpoint in rocksDB at /home/runner/work/ozone/ozone/hadoop-ozone/integration-test/target/test-dir/MiniOzoneClusterImpl-90660ac4-7e9c-448b-98ea-af4f808cf8d9/omNode-2/db.snapshots/checkpointState/om.db-8559ab53-5fb1-48ad-99f4-0c8b13dfb17d in 22 milliseconds
2024-09-17 10:41:20,533 [omNode-2-OMDoubleBufferFlushThread] INFO  om.OmSnapshotManager (OmSnapshotManager.java:createOmSnapshotCheckpoint(484)) - Created checkpoint : /home/runner/work/ozone/ozone/hadoop-ozone/integration-test/target/test-dir/MiniOzoneClusterImpl-90660ac4-7e9c-448b-98ea-af4f808cf8d9/omNode-2/db.snapshots/checkpointState/om.db-8559ab53-5fb1-48ad-99f4-0c8b13dfb17d for snapshot snapshot-9
2024-09-17 10:41:20,535 [omNode-1-OMDoubleBufferFlushThread] INFO  db.RDBCheckpointManager (RDBCheckpointManager.java:createCheckpoint(89)) - Created checkpoint in rocksDB at /home/runner/work/ozone/ozone/hadoop-ozone/integration-test/target/test-dir/MiniOzoneClusterImpl-90660ac4-7e9c-448b-98ea-af4f808cf8d9/omNode-1/db.snapshots/checkpointState/om.db-8559ab53-5fb1-48ad-99f4-0c8b13dfb17d in 23 milliseconds
2024-09-17 10:41:20,535 [omNode-1-OMDoubleBufferFlushThread] INFO  om.OmSnapshotManager (OmSnapshotManager.java:createOmSnapshotCheckpoint(484)) - Created checkpoint : /home/runner/work/ozone/ozone/hadoop-ozone/integration-test/target/test-dir/MiniOzoneClusterImpl-90660ac4-7e9c-448b-98ea-af4f808cf8d9/omNode-1/db.snapshots/checkpointState/om.db-8559ab53-5fb1-48ad-99f4-0c8b13dfb17d for snapshot snapshot-9
2024-09-17 10:41:20,612 [main] INFO  impl.MetricsSystemImpl (MetricsSystemImpl.java:init(158)) - OzoneManager metrics system started (again)
2024-09-17 10:41:20,621 [main] INFO  om.OzoneManager (OzoneManager.java:start(1680)) - OzoneManager RPC server is listening at localhost/127.0.0.1:15098
2024-09-17 10:41:20,621 [main] INFO  ratis.OzoneManagerRatisServer (OzoneManagerRatisServer.java:start(603)) - Starting OzoneManagerRatisServer omNode-3 at port 15101
2024-09-17 10:41:20,622 [omNode-3-impl-thread1] INFO  server.RaftServerConfigKeys (ConfUtils.java:logGet(46)) - raft.server.storage.free-space.min = 0MB (=0) (default)
2024-09-17 10:41:20,622 [omNode-3-impl-thread1] INFO  server.RaftServerConfigKeys (ConfUtils.java:logGet(46)) - raft.server.log.corruption.policy = EXCEPTION (default)
2024-09-17 10:41:20,622 [omNode-3-impl-thread1] INFO  server.RaftServerConfigKeys (ConfUtils.java:logGet(46)) - raft.server.storage.dir = [/home/runner/work/ozone/ozone/hadoop-ozone/integration-test/target/test-dir/MiniOzoneClusterImpl-90660ac4-7e9c-448b-98ea-af4f808cf8d9/omNode-3/ratis] (custom)
2024-09-17 10:41:20,622 [omNode-3-impl-thread1] INFO  storage.RaftStorageDirectory (RaftStorageDirectoryImpl.java:analyzeStorage(138)) - The storage directory /home/runner/work/ozone/ozone/hadoop-ozone/integration-test/target/test-dir/MiniOzoneClusterImpl-90660ac4-7e9c-448b-98ea-af4f808cf8d9/omNode-3/ratis/c9bc4cf4-3bc3-3c60-a66b-523986131536 does not exist. Creating ...
2024-09-17 10:41:20,624 [omNode-3-impl-thread1] INFO  storage.RaftStorageDirectory (RaftStorageDirectoryImpl.java:tryLock(229)) - Lock on /home/runner/work/ozone/ozone/hadoop-ozone/integration-test/target/test-dir/MiniOzoneClusterImpl-90660ac4-7e9c-448b-98ea-af4f808cf8d9/omNode-3/ratis/c9bc4cf4-3bc3-3c60-a66b-523986131536/in_use.lock acquired by nodename 60320@fv-az977-14
2024-09-17 10:41:20,626 [omNode-3-impl-thread1] INFO  storage.RaftStorage (RaftStorageImpl.java:format(98)) - Storage directory /home/runner/work/ozone/ozone/hadoop-ozone/integration-test/target/test-dir/MiniOzoneClusterImpl-90660ac4-7e9c-448b-98ea-af4f808cf8d9/omNode-3/ratis/c9bc4cf4-3bc3-3c60-a66b-523986131536 has been successfully formatted.
2024-09-17 10:41:20,626 [omNode-3-impl-thread1] INFO  server.RaftServerConfigKeys (ConfUtils.java:logGet(46)) - raft.server.log.use.memory = false (default)
2024-09-17 10:41:20,626 [omNode-3-impl-thread1] INFO  server.RaftServerConfigKeys (ConfUtils.java:logGet(46)) - raft.server.log.purge.gap = 50 (custom)
2024-09-17 10:41:20,626 [omNode-3-impl-thread1] INFO  server.RaftServerConfigKeys (ConfUtils.java:logGet(46)) - raft.server.log.appender.buffer.byte-limit = 4194304 (custom)
2024-09-17 10:41:20,626 [omNode-3-impl-thread1] INFO  server.RaftServerConfigKeys (ConfUtils.java:logGet(46)) - raft.server.log.statemachine.data.read.timeout = 1000ms (default)
2024-09-17 10:41:20,626 [omNode-3-impl-thread1] INFO  server.RaftServerConfigKeys (ConfUtils.java:logGet(46)) - raft.server.log.purge.preservation.log.num = 0 (default)
2024-09-17 10:41:20,627 [omNode-3-impl-thread1] INFO  server.RaftServerConfigKeys (ConfUtils.java:logGet(46)) - raft.server.log.segment.size.max = 16384 (custom)
2024-09-17 10:41:20,627 [omNode-3-impl-thread1] INFO  server.RaftServerConfigKeys (ConfUtils.java:logGet(46)) - raft.server.log.segment.cache.num.max = 2 (custom)
2024-09-17 10:41:20,627 [omNode-3-impl-thread1] INFO  server.RaftServerConfigKeys (ConfUtils.java:logGet(46)) - raft.server.log.segment.cache.size.max = 200MB (=209715200) (default)
2024-09-17 10:41:20,627 [omNode-3-impl-thread1] INFO  server.RaftServerConfigKeys (ConfUtils.java:logGet(46)) - raft.server.log.appender.buffer.byte-limit = 4194304 (custom)
2024-09-17 10:41:20,627 [omNode-3-impl-thread1] INFO  util.AwaitToRun (AwaitToRun.java:start(81)) - Thread[omNode-3@group-523986131536-cacheEviction-AwaitToRun,5,main] started
2024-09-17 10:41:20,627 [omNode-3-impl-thread1] INFO  segmented.SegmentedRaftLogWorker (SegmentedRaftLogWorker.java:<init>(184)) - new omNode-3@group-523986131536-SegmentedRaftLogWorker for RaftStorageImpl:Storage Directory /home/runner/work/ozone/ozone/hadoop-ozone/integration-test/target/test-dir/MiniOzoneClusterImpl-90660ac4-7e9c-448b-98ea-af4f808cf8d9/omNode-3/ratis/c9bc4cf4-3bc3-3c60-a66b-523986131536
2024-09-17 10:41:20,628 [omNode-3-impl-thread1] INFO  server.RaftServerConfigKeys (ConfUtils.java:logGet(46)) - raft.server.log.queue.byte-limit = 64MB (=67108864) (default)
2024-09-17 10:41:20,628 [omNode-3-impl-thread1] INFO  server.RaftServerConfigKeys (ConfUtils.java:logGet(46)) - raft.server.log.queue.element-limit = 4096 (default)
2024-09-17 10:41:20,628 [omNode-3-impl-thread1] INFO  server.RaftServerConfigKeys (ConfUtils.java:logGet(46)) - raft.server.log.segment.size.max = 16384 (custom)
2024-09-17 10:41:20,628 [omNode-3-impl-thread1] INFO  server.RaftServerConfigKeys (ConfUtils.java:logGet(46)) - raft.server.log.preallocated.size = 16384 (custom)
2024-09-17 10:41:20,628 [omNode-3-impl-thread1] INFO  server.RaftServerConfigKeys (ConfUtils.java:logGet(46)) - raft.server.log.force.sync.num = 128 (default)
2024-09-17 10:41:20,628 [omNode-3-impl-thread1] INFO  server.RaftServerConfigKeys (ConfUtils.java:logGet(46)) - raft.server.log.statemachine.data.sync = true (default)
2024-09-17 10:41:20,628 [omNode-3-impl-thread1] INFO  server.RaftServerConfigKeys (ConfUtils.java:logGet(46)) - raft.server.log.statemachine.data.sync.timeout = 10s (default)
2024-09-17 10:41:20,628 [omNode-3-impl-thread1] INFO  server.RaftServerConfigKeys (ConfUtils.java:logGet(46)) - raft.server.log.statemachine.data.sync.timeout.retry = -1 (default)
2024-09-17 10:41:20,628 [omNode-3-impl-thread1] INFO  server.RaftServerConfigKeys (ConfUtils.java:logGet(46)) - raft.server.log.write.buffer.size = 4194312 (custom)
2024-09-17 10:41:20,629 [omNode-3-impl-thread1] INFO  server.RaftServerConfigKeys (ConfUtils.java:logGet(46)) - raft.server.log.appender.buffer.byte-limit = 4194304 (custom)
2024-09-17 10:41:20,629 [omNode-3-impl-thread1] INFO  server.RaftServerConfigKeys (ConfUtils.java:logGet(46)) - raft.server.log.unsafe-flush.enabled = false (default)
2024-09-17 10:41:20,629 [omNode-3-impl-thread1] INFO  server.RaftServerConfigKeys (ConfUtils.java:logGet(46)) - raft.server.log.async-flush.enabled = false (default)
2024-09-17 10:41:20,629 [omNode-3-impl-thread1] INFO  server.RaftServerConfigKeys (ConfUtils.java:logGet(46)) - raft.server.log.statemachine.data.caching.enabled = false (default)
2024-09-17 10:41:20,630 [omNode-3-impl-thread1] INFO  segmented.SegmentedRaftLogWorker (SegmentedRaftLogWorker.java:lambda$new$0(135)) - omNode-3@group-523986131536-SegmentedRaftLogWorker: flushIndex: setUnconditionally 0 -> -1
2024-09-17 10:41:20,630 [omNode-3-impl-thread1] INFO  segmented.SegmentedRaftLogWorker (SegmentedRaftLogWorker.java:lambda$new$0(135)) - omNode-3@group-523986131536-SegmentedRaftLogWorker: safeCacheEvictIndex: setUnconditionally 0 -> -1
2024-09-17 10:41:20,630 [omNode-3-impl-thread1] INFO  server.RaftServer$Division (RaftServerImpl.java:start(389)) - omNode-3@group-523986131536: start as a follower, conf=conf: {index: -1, cur=peers:[omNode-3|localhost:15101, omNode-1|localhost:15093, omNode-2|localhost:15097]|listeners:[], old=null}
2024-09-17 10:41:20,630 [omNode-3-impl-thread1] INFO  server.RaftServer$Division (RaftServerImpl.java:setRole(376)) - omNode-3@group-523986131536: changes role from      null to FOLLOWER at term 0 for startAsFollower
2024-09-17 10:41:20,630 [omNode-3-impl-thread1] INFO  impl.RoleInfo (RoleInfo.java:updateAndGet(148)) - omNode-3: start omNode-3@group-523986131536-FollowerState
2024-09-17 10:41:20,630 [omNode-3-impl-thread1] INFO  util.JmxRegister (JmxRegister.java:tryRegister(44)) - Successfully registered JMX Bean with object name Ratis:service=RaftServer,group=group-523986131536,id=omNode-3
2024-09-17 10:41:20,630 [omNode-3-impl-thread1] INFO  util.JmxRegister (JmxRegister.java:register(58)) - register mxBean class org.apache.ratis.server.impl.RaftServerJmxAdapter as Ratis:service=RaftServer,group=group-523986131536,id=omNode-3
2024-09-17 10:41:20,630 [omNode-3-impl-thread1] INFO  server.RaftServerConfigKeys (ConfUtils.java:logGet(46)) - raft.server.snapshot.trigger-when-stop.enabled = true (default)
2024-09-17 10:41:20,630 [omNode-3-impl-thread1] INFO  server.RaftServerConfigKeys (ConfUtils.java:logGet(46)) - raft.server.snapshot.trigger-when-remove.enabled = true (default)
2024-09-17 10:41:20,630 [omNode-3-impl-thread1] INFO  server.RaftServerConfigKeys (ConfUtils.java:logGet(46)) - raft.server.snapshot.auto.trigger.enabled = true (custom)
2024-09-17 10:41:20,631 [omNode-3-impl-thread1] INFO  server.RaftServerConfigKeys (ConfUtils.java:logGet(46)) - raft.server.snapshot.auto.trigger.threshold = 50 (custom)
2024-09-17 10:41:20,631 [omNode-3-impl-thread1] INFO  server.RaftServerConfigKeys (ConfUtils.java:logGet(46)) - raft.server.snapshot.retention.file.num = -1 (default)
2024-09-17 10:41:20,631 [omNode-3-impl-thread1] INFO  server.RaftServerConfigKeys (ConfUtils.java:logGet(46)) - raft.server.log.purge.upto.snapshot.index = true (custom)
2024-09-17 10:41:20,630 [omNode-3@group-523986131536-FollowerState] INFO  server.RaftServerConfigKeys (ConfUtils.java:logFallback(53)) - raft.server.rpc.first-election.timeout.min = 1s (fallback to raft.server.rpc.timeout.min)
2024-09-17 10:41:20,631 [omNode-3@group-523986131536-FollowerState] INFO  server.RaftServerConfigKeys (ConfUtils.java:logFallback(53)) - raft.server.rpc.first-election.timeout.max = 1200ms (fallback to raft.server.rpc.timeout.max)
2024-09-17 10:41:20,631 [main] INFO  server.RaftServer (RaftServerProxy.java:startImpl(408)) - omNode-3: start RPC server
2024-09-17 10:41:20,632 [main] INFO  server.GrpcService (GrpcService.java:startImpl(302)) - omNode-3: GrpcService started, listening on 15101
2024-09-17 10:41:20,632 [JvmPauseMonitor20] INFO  util.JvmPauseMonitor (JvmPauseMonitor.java:run(146)) - JvmPauseMonitor-omNode-3: Started
2024-09-17 10:41:20,632 [main] INFO  om.OzoneManager (OzoneManager.java:start(1695)) - Version File has different layout version (7) than OM DB (null). That is expected if this OM has never been finalized to a newer layout version.
2024-09-17 10:41:20,635 [main] INFO  client.ScmTopologyClient (ScmTopologyClient.java:start(72)) - Initial network topology fetched from SCM: /.
2024-09-17 10:41:20,635 [main] INFO  net.NodeSchemaLoader (NodeSchemaLoader.java:loadSchemaFromFile(129)) - Loading schema from [jar:file:/home/runner/work/ozone/ozone/hadoop-hdds/common/target/hdds-common-1.5.0-SNAPSHOT.jar!/network-topology-default.xml]
2024-09-17 10:41:20,635 [main] INFO  net.NodeSchemaLoader (NodeSchemaLoader.java:loadSchema(176)) - Loading network topology layer schema file
2024-09-17 10:41:20,639 [main] INFO  http.BaseHttpServer (BaseHttpServer.java:newHttpServer2BuilderForOzone(223)) - Starting Web-server for ozoneManager at: http://0.0.0.0:15099
2024-09-17 10:41:20,639 [main] INFO  http.BaseHttpServer (BaseHttpServer.java:<init>(110)) - Hadoop Security Enabled: false Ozone Security Enabled: false Ozone HTTP Security Enabled: false 
2024-09-17 10:41:20,640 [main] WARN  server.AuthenticationFilter (AuthenticationFilter.java:constructSecretProvider(240)) - Unable to initialize FileSignerSecretProvider, falling back to use random secrets. Reason: Could not read signature secret file: /home/runner/hadoop-http-auth-signature-secret
2024-09-17 10:41:20,641 [main] INFO  http.HttpRequestLog (HttpRequestLog.java:getRequestLog(86)) - Http request log for http.requests.ozoneManager is not defined
2024-09-17 10:41:20,642 [main] INFO  http.HttpServer2 (HttpServer2.java:addGlobalFilter(1035)) - Added global filter 'safety' (class=org.apache.hadoop.hdds.server.http.HttpServer2$QuotingInputFilter)
2024-09-17 10:41:20,642 [main] INFO  http.HttpServer2 (HttpServer2.java:addFilter(1011)) - Added filter static_user_filter (class=org.apache.hadoop.http.lib.StaticUserWebFilter$StaticUserFilter) to context ozoneManager
2024-09-17 10:41:20,642 [main] INFO  http.HttpServer2 (HttpServer2.java:addFilter(1019)) - Added filter static_user_filter (class=org.apache.hadoop.http.lib.StaticUserWebFilter$StaticUserFilter) to context static
2024-09-17 10:41:20,642 [main] INFO  http.HttpServer2 (HttpServer2.java:addFilter(1019)) - Added filter static_user_filter (class=org.apache.hadoop.http.lib.StaticUserWebFilter$StaticUserFilter) to context logs
2024-09-17 10:41:20,643 [main] INFO  http.BaseHttpServer (BaseHttpServer.java:<init>(189)) - HTTP server of ozoneManager uses base directory /home/runner/work/ozone/ozone/hadoop-ozone/integration-test/target/test-dir/MiniOzoneClusterImpl-90660ac4-7e9c-448b-98ea-af4f808cf8d9/omNode-3/webserver
2024-09-17 10:41:20,643 [main] INFO  http.HttpServer2 (HttpServer2.java:bindListener(1235)) - Jetty bound to port 15099
2024-09-17 10:41:20,643 [main] INFO  server.Server (Server.java:doStart(375)) - jetty-9.4.56.v20240826; built: 2024-08-26T17:15:05.868Z; git: ec6782ff5ead824dabdcf47fa98f90a4aedff401; jvm 17.0.12+7
2024-09-17 10:41:20,644 [main] INFO  server.session (DefaultSessionIdManager.java:doStart(334)) - DefaultSessionIdManager workerName=node0
2024-09-17 10:41:20,644 [main] INFO  server.session (DefaultSessionIdManager.java:doStart(339)) - No SessionScavenger set, using defaults
2024-09-17 10:41:20,644 [main] INFO  server.session (HouseKeeper.java:startScavenging(132)) - node0 Scavenging every 660000ms
2024-09-17 10:41:20,645 [main] INFO  handler.ContextHandler (ContextHandler.java:doStart(921)) - Started o.e.j.s.ServletContextHandler@2c740de7{logs,/logs,file:///home/runner/work/ozone/ozone/hadoop-ozone/integration-test/target/log,AVAILABLE}
2024-09-17 10:41:20,645 [main] INFO  handler.ContextHandler (ContextHandler.java:doStart(921)) - Started o.e.j.s.ServletContextHandler@59a01c50{static,/static,file:///home/runner/work/ozone/ozone/hadoop-ozone/integration-test/target/test-classes/webapps/static,AVAILABLE}
2024-09-17 10:41:20,649 [main] INFO  handler.ContextHandler (ContextHandler.java:doStart(921)) - Started o.e.j.w.WebAppContext@51a45f79{ozoneManager,/,file:///home/runner/work/ozone/ozone/hadoop-ozone/integration-test/target/test-classes/webapps/ozoneManager/,AVAILABLE}{file:/home/runner/work/ozone/ozone/hadoop-ozone/integration-test/target/test-classes/webapps/ozoneManager}
2024-09-17 10:41:20,650 [main] INFO  server.AbstractConnector (AbstractConnector.java:doStart(333)) - Started ServerConnector@1ecead58{HTTP/1.1, (http/1.1)}{0.0.0.0:15099}
2024-09-17 10:41:20,650 [main] INFO  server.Server (Server.java:doStart(415)) - Started @113159ms
2024-09-17 10:41:20,650 [main] WARN  impl.MetricsSystemImpl (MetricsSystemImpl.java:register(279)) - Sink prometheus already exists!
2024-09-17 10:41:20,651 [main] INFO  http.BaseHttpServer (BaseHttpServer.java:updateConnectorAddress(354)) - HTTP server of ozoneManager listening at http://0.0.0.0:15099
2024-09-17 10:41:20,651 [IPC Server Responder] INFO  ipc.Server (Server.java:run(1562)) - IPC Server Responder: starting
2024-09-17 10:41:20,651 [IPC Server listener on 15098] INFO  ipc.Server (Server.java:run(1402)) - IPC Server listener on 15098: starting
2024-09-17 10:41:20,652 [timer5] WARN  server.GrpcLogAppender (GrpcLogAppender.java:lambda$resetClient$1(221)) - omNode-1@group-523986131536->omNode-3-GrpcLogAppender: Follower failed (request=null, errorCount=106); keep nextIndex (50) unchanged and retry. (Repeated 2 times in the last 5.001s)
2024-09-17 10:41:20,655 [main] INFO  om.OzoneManager (OzoneManager.java:startTrashEmptier(2158)) - Trash Interval set to 0. Files deleted won't move to trash
2024-09-17 10:41:20,662 [timer7] WARN  server.GrpcLogAppender (GrpcLogAppender.java:lambda$resetClient$1(221)) - omNode-1@group-523986131536->omNode-3-GrpcLogAppender: Follower failed (request=null, errorCount=108); keep nextIndex (51) unchanged and retry. (Repeated 2 times in the last 5.000s)
2024-09-17 10:41:20,685 [timer3] WARN  server.GrpcLogAppender (GrpcLogAppender.java:lambda$resetClient$1(221)) - omNode-1@group-523986131536->omNode-3-GrpcLogAppender: Follower failed (request=null, errorCount=110); keep nextIndex (52) unchanged and retry. (Repeated 2 times in the last 4.999s)
2024-09-17 10:41:20,704 [timer1] WARN  server.GrpcLogAppender (GrpcLogAppender.java:lambda$resetClient$1(221)) - omNode-1@group-523986131536->omNode-3-GrpcLogAppender: Follower failed (request=null, errorCount=112); keep nextIndex (54) unchanged and retry. (Repeated 2 times in the last 5.000s)
2024-09-17 10:41:20,708 [timer2] WARN  server.GrpcLogAppender (GrpcLogAppender.java:lambda$resetClient$1(221)) - omNode-1@group-523986131536->omNode-3-GrpcLogAppender: Follower failed (request=null, errorCount=114); keep nextIndex (56) unchanged and retry. (Repeated 2 times in the last 5.000s)
2024-09-17 10:41:20,727 [timer6] WARN  server.GrpcLogAppender (GrpcLogAppender.java:lambda$resetClient$1(221)) - omNode-1@group-523986131536->omNode-3-GrpcLogAppender: Follower failed (request=null, errorCount=116); keep nextIndex (57) unchanged and retry. (Repeated 2 times in the last 5.000s)
2024-09-17 10:41:20,733 [timer1] WARN  server.GrpcLogAppender (GrpcLogAppender.java:lambda$resetClient$1(221)) - omNode-1@group-523986131536->omNode-3-GrpcLogAppender: Follower failed (request=null, errorCount=118); keep nextIndex (58) unchanged and retry. (Repeated 2 times in the last 5.000s)
2024-09-17 10:41:20,747 [timer5] WARN  server.GrpcLogAppender (GrpcLogAppender.java:lambda$resetClient$1(221)) - omNode-1@group-523986131536->omNode-3-GrpcLogAppender: Follower failed (request=null, errorCount=120); keep nextIndex (59) unchanged and retry. (Repeated 2 times in the last 5.000s)
2024-09-17 10:41:20,757 [timer7] WARN  server.GrpcLogAppender (GrpcLogAppender.java:lambda$resetClient$1(221)) - omNode-1@group-523986131536->omNode-3-GrpcLogAppender: Follower failed (request=null, errorCount=122); keep nextIndex (60) unchanged and retry. (Repeated 2 times in the last 5.000s)
2024-09-17 10:41:20,768 [timer2] WARN  server.GrpcLogAppender (GrpcLogAppender.java:lambda$resetClient$1(221)) - omNode-1@group-523986131536->omNode-3-GrpcLogAppender: Follower failed (request=null, errorCount=124); keep nextIndex (61) unchanged and retry. (Repeated 2 times in the last 5.000s)
2024-09-17 10:41:20,792 [timer7] WARN  server.GrpcLogAppender (GrpcLogAppender.java:lambda$resetClient$1(221)) - omNode-1@group-523986131536->omNode-3-GrpcLogAppender: Follower failed (request=null, errorCount=126); keep nextIndex (62) unchanged and retry. (Repeated 2 times in the last 5.000s)
2024-09-17 10:41:20,806 [timer2] WARN  server.GrpcLogAppender (GrpcLogAppender.java:lambda$resetClient$1(221)) - omNode-1@group-523986131536->omNode-3-GrpcLogAppender: Follower failed (request=null, errorCount=128); keep nextIndex (64) unchanged and retry. (Repeated 2 times in the last 5.001s)
2024-09-17 10:41:20,815 [timer4] WARN  server.GrpcLogAppender (GrpcLogAppender.java:lambda$resetClient$1(221)) - omNode-1@group-523986131536->omNode-3-GrpcLogAppender: Follower failed (request=null, errorCount=130); keep nextIndex (65) unchanged and retry. (Repeated 2 times in the last 5.000s)
2024-09-17 10:41:20,826 [timer1] WARN  server.GrpcLogAppender (GrpcLogAppender.java:lambda$resetClient$1(221)) - omNode-1@group-523986131536->omNode-3-GrpcLogAppender: Follower failed (request=null, errorCount=132); keep nextIndex (66) unchanged and retry. (Repeated 2 times in the last 5.001s)
2024-09-17 10:41:20,837 [timer3] WARN  server.GrpcLogAppender (GrpcLogAppender.java:lambda$resetClient$1(221)) - omNode-1@group-523986131536->omNode-3-GrpcLogAppender: Follower failed (request=null, errorCount=134); keep nextIndex (67) unchanged and retry. (Repeated 2 times in the last 5.001s)
2024-09-17 10:41:20,858 [timer7] WARN  server.GrpcLogAppender (GrpcLogAppender.java:lambda$resetClient$1(221)) - omNode-1@group-523986131536->omNode-3-GrpcLogAppender: Follower failed (request=null, errorCount=136); keep nextIndex (69) unchanged and retry. (Repeated 2 times in the last 5.000s)
2024-09-17 10:41:20,868 [timer4] WARN  server.GrpcLogAppender (GrpcLogAppender.java:lambda$resetClient$1(221)) - omNode-1@group-523986131536->omNode-3-GrpcLogAppender: Follower failed (request=null, errorCount=138); keep nextIndex (70) unchanged and retry. (Repeated 2 times in the last 5.000s)
2024-09-17 10:41:20,878 [timer6] WARN  server.GrpcLogAppender (GrpcLogAppender.java:lambda$resetClient$1(221)) - omNode-1@group-523986131536->omNode-3-GrpcLogAppender: Follower failed (request=null, errorCount=140); keep nextIndex (71) unchanged and retry. (Repeated 2 times in the last 4.999s)
2024-09-17 10:41:20,889 [timer1] WARN  server.GrpcLogAppender (GrpcLogAppender.java:lambda$resetClient$1(221)) - omNode-1@group-523986131536->omNode-3-GrpcLogAppender: Follower failed (request=null, errorCount=144); keep nextIndex (72) unchanged and retry. (Repeated 4 times in the last 5.000s)
2024-09-17 10:41:20,911 [timer7] WARN  server.GrpcLogAppender (GrpcLogAppender.java:lambda$resetClient$1(221)) - omNode-1@group-523986131536->omNode-3-GrpcLogAppender: Follower failed (request=null, errorCount=146); keep nextIndex (74) unchanged and retry. (Repeated 2 times in the last 5.000s)
2024-09-17 10:41:20,922 [timer1] WARN  server.GrpcLogAppender (GrpcLogAppender.java:lambda$resetClient$1(221)) - omNode-1@group-523986131536->omNode-3-GrpcLogAppender: Follower failed (request=null, errorCount=148); keep nextIndex (75) unchanged and retry. (Repeated 2 times in the last 5.000s)
2024-09-17 10:41:20,932 [timer4] WARN  server.GrpcLogAppender (GrpcLogAppender.java:lambda$resetClient$1(221)) - omNode-1@group-523986131536->omNode-3-GrpcLogAppender: Follower failed (request=null, errorCount=150); keep nextIndex (76) unchanged and retry. (Repeated 2 times in the last 5.000s)
2024-09-17 10:41:20,943 [timer6] WARN  server.GrpcLogAppender (GrpcLogAppender.java:lambda$resetClient$1(221)) - omNode-1@group-523986131536->omNode-3-GrpcLogAppender: Follower failed (request=null, errorCount=152); keep nextIndex (77) unchanged and retry. (Repeated 2 times in the last 5.000s)
2024-09-17 10:41:20,954 [timer3] WARN  server.GrpcLogAppender (GrpcLogAppender.java:lambda$resetClient$1(221)) - omNode-1@group-523986131536->omNode-3-GrpcLogAppender: Follower failed (request=null, errorCount=154); keep nextIndex (78) unchanged and retry. (Repeated 2 times in the last 5.001s)
2024-09-17 10:41:20,965 [timer5] WARN  server.GrpcLogAppender (GrpcLogAppender.java:lambda$resetClient$1(221)) - omNode-1@group-523986131536->omNode-3-GrpcLogAppender: Follower failed (request=null, errorCount=156); keep nextIndex (79) unchanged and retry. (Repeated 2 times in the last 5.001s)
2024-09-17 10:41:20,977 [timer0] WARN  server.GrpcLogAppender (GrpcLogAppender.java:lambda$resetClient$1(221)) - omNode-1@group-523986131536->omNode-3-GrpcLogAppender: Follower failed (request=null, errorCount=158); keep nextIndex (80) unchanged and retry. (Repeated 2 times in the last 5.001s)
2024-09-17 10:41:20,987 [timer2] WARN  server.GrpcLogAppender (GrpcLogAppender.java:lambda$resetClient$1(221)) - omNode-1@group-523986131536->omNode-3-GrpcLogAppender: Follower failed (request=null, errorCount=160); keep nextIndex (81) unchanged and retry. (Repeated 2 times in the last 5.000s)
2024-09-17 10:41:21,011 [timer0] WARN  server.GrpcLogAppender (GrpcLogAppender.java:lambda$resetClient$1(221)) - omNode-1@group-523986131536->omNode-3-GrpcLogAppender: Follower failed (request=null, errorCount=162); keep nextIndex (82) unchanged and retry. (Repeated 2 times in the last 5.000s)
2024-09-17 10:41:21,023 [timer3] WARN  server.GrpcLogAppender (GrpcLogAppender.java:lambda$resetClient$1(221)) - omNode-1@group-523986131536->omNode-3-GrpcLogAppender: Follower failed (request=null, errorCount=164); keep nextIndex (84) unchanged and retry. (Repeated 2 times in the last 5.000s)
2024-09-17 10:41:21,033 [timer5] WARN  server.GrpcLogAppender (GrpcLogAppender.java:lambda$resetClient$1(221)) - omNode-1@group-523986131536->omNode-3-GrpcLogAppender: Follower failed (request=null, errorCount=166); keep nextIndex (85) unchanged and retry. (Repeated 2 times in the last 5.000s)
2024-09-17 10:41:21,059 [timer3] WARN  server.GrpcLogAppender (GrpcLogAppender.java:lambda$resetClient$1(221)) - omNode-1@group-523986131536->omNode-3-GrpcLogAppender: Follower failed (request=null, errorCount=168); keep nextIndex (87) unchanged and retry. (Repeated 2 times in the last 5.000s)
2024-09-17 10:41:21,076 [timer7] WARN  server.GrpcLogAppender (GrpcLogAppender.java:lambda$resetClient$1(221)) - omNode-1@group-523986131536->omNode-3-GrpcLogAppender: Follower failed (request=null, errorCount=170); keep nextIndex (88) unchanged and retry. (Repeated 2 times in the last 5.001s)
2024-09-17 10:41:21,086 [timer1] WARN  server.GrpcLogAppender (GrpcLogAppender.java:lambda$resetClient$1(221)) - omNode-1@group-523986131536->omNode-3-GrpcLogAppender: Follower failed (request=null, errorCount=174); keep nextIndex (89) unchanged and retry. (Repeated 4 times in the last 5.000s)
2024-09-17 10:41:21,206 [timer6] WARN  server.GrpcLogAppender (GrpcLogAppender.java:lambda$resetClient$1(221)) - omNode-1@group-523986131536->omNode-3-GrpcLogAppender: Follower failed (request=null, errorCount=176); keep nextIndex (92) unchanged and retry. (Repeated 2 times in the last 5.001s)
2024-09-17 10:41:21,215 [timer0] WARN  server.GrpcLogAppender (GrpcLogAppender.java:lambda$resetClient$1(221)) - omNode-1@group-523986131536->omNode-3-GrpcLogAppender: Follower failed (request=null, errorCount=178); keep nextIndex (93) unchanged and retry. (Repeated 2 times in the last 5.000s)
2024-09-17 10:41:21,227 [timer3] WARN  server.GrpcLogAppender (GrpcLogAppender.java:lambda$resetClient$1(221)) - omNode-1@group-523986131536->omNode-3-GrpcLogAppender: Follower failed (request=null, errorCount=180); keep nextIndex (94) unchanged and retry. (Repeated 2 times in the last 5.001s)
2024-09-17 10:41:21,238 [timer5] WARN  server.GrpcLogAppender (GrpcLogAppender.java:lambda$resetClient$1(221)) - omNode-1@group-523986131536->omNode-3-GrpcLogAppender: Follower failed (request=null, errorCount=182); keep nextIndex (95) unchanged and retry. (Repeated 2 times in the last 5.000s)
2024-09-17 10:41:21,248 [timer2] WARN  server.GrpcLogAppender (GrpcLogAppender.java:lambda$resetClient$1(221)) - omNode-1@group-523986131536->omNode-3-GrpcLogAppender: Follower failed (request=null, errorCount=184); keep nextIndex (96) unchanged and retry. (Repeated 2 times in the last 5.001s)
2024-09-17 10:41:21,261 [timer4] WARN  server.GrpcLogAppender (GrpcLogAppender.java:lambda$resetClient$1(221)) - omNode-1@group-523986131536->omNode-3-GrpcLogAppender: Follower failed (request=null, errorCount=186); keep nextIndex (98) unchanged and retry. (Repeated 2 times in the last 5.000s)
2024-09-17 10:41:21,281 [timer0] WARN  server.GrpcLogAppender (GrpcLogAppender.java:lambda$resetClient$1(221)) - omNode-1@group-523986131536->omNode-3-GrpcLogAppender: Follower failed (request=null, errorCount=188); keep nextIndex (99) unchanged and retry. (Repeated 2 times in the last 5.001s)
2024-09-17 10:41:21,286 [timer3] WARN  server.GrpcLogAppender (GrpcLogAppender.java:lambda$resetClient$1(221)) - omNode-1@group-523986131536->omNode-3-GrpcLogAppender: Follower failed (request=null, errorCount=190); keep nextIndex (100) unchanged and retry. (Repeated 2 times in the last 5.001s)
2024-09-17 10:41:21,303 [timer7] WARN  server.GrpcLogAppender (GrpcLogAppender.java:lambda$resetClient$1(221)) - omNode-1@group-523986131536->omNode-3-GrpcLogAppender: Follower failed (request=null, errorCount=192); keep nextIndex (101) unchanged and retry. (Repeated 2 times in the last 5.000s)
2024-09-17 10:41:21,307 [timer0] WARN  server.GrpcLogAppender (GrpcLogAppender.java:lambda$resetClient$1(221)) - omNode-1@group-523986131536->omNode-3-GrpcLogAppender: Follower failed (request=null, errorCount=194); keep nextIndex (102) unchanged and retry. (Repeated 2 times in the last 5.000s)
2024-09-17 10:41:21,322 [timer4] WARN  server.GrpcLogAppender (GrpcLogAppender.java:lambda$resetClient$1(221)) - omNode-1@group-523986131536->omNode-3-GrpcLogAppender: Follower failed (request=null, errorCount=196); keep nextIndex (103) unchanged and retry. (Repeated 2 times in the last 5.000s)
2024-09-17 10:41:21,338 [timer0] WARN  server.GrpcLogAppender (GrpcLogAppender.java:lambda$resetClient$1(221)) - omNode-1@group-523986131536->omNode-3-GrpcLogAppender: Follower failed (request=null, errorCount=198); keep nextIndex (104) unchanged and retry. (Repeated 2 times in the last 5.000s)
2024-09-17 10:41:21,351 [timer3] WARN  server.GrpcLogAppender (GrpcLogAppender.java:lambda$resetClient$1(221)) - omNode-1@group-523986131536->omNode-3-GrpcLogAppender: Follower failed (request=null, errorCount=200); keep nextIndex (106) unchanged and retry. (Repeated 2 times in the last 5.000s)
2024-09-17 10:41:21,369 [timer6] WARN  server.GrpcLogAppender (GrpcLogAppender.java:lambda$resetClient$1(221)) - omNode-1@group-523986131536->omNode-3-GrpcLogAppender: Follower failed (request=null, errorCount=202); keep nextIndex (107) unchanged and retry. (Repeated 2 times in the last 5.001s)
2024-09-17 10:41:21,386 [timer4] WARN  server.GrpcLogAppender (GrpcLogAppender.java:lambda$resetClient$1(221)) - omNode-1@group-523986131536->omNode-3-GrpcLogAppender: Follower failed (request=null, errorCount=204); keep nextIndex (108) unchanged and retry. (Repeated 2 times in the last 5.000s)
2024-09-17 10:41:21,390 [timer5] WARN  server.GrpcLogAppender (GrpcLogAppender.java:lambda$resetClient$1(221)) - omNode-1@group-523986131536->omNode-3-GrpcLogAppender: Follower failed (request=null, errorCount=206); keep nextIndex (110) unchanged and retry. (Repeated 2 times in the last 5.000s)
2024-09-17 10:41:21,409 [timer1] WARN  server.GrpcLogAppender (GrpcLogAppender.java:lambda$resetClient$1(221)) - omNode-1@group-523986131536->omNode-3-GrpcLogAppender: Follower failed (request=null, errorCount=208); keep nextIndex (111) unchanged and retry. (Repeated 2 times in the last 5.001s)
2024-09-17 10:41:21,416 [timer4] WARN  server.GrpcLogAppender (GrpcLogAppender.java:lambda$resetClient$1(221)) - omNode-1@group-523986131536->omNode-3-GrpcLogAppender: Follower failed (request=null, errorCount=210); keep nextIndex (112) unchanged and retry. (Repeated 2 times in the last 5.000s)
2024-09-17 10:41:21,429 [timer0] WARN  server.GrpcLogAppender (GrpcLogAppender.java:lambda$resetClient$1(221)) - omNode-1@group-523986131536->omNode-3-GrpcLogAppender: Follower failed (request=null, errorCount=212); keep nextIndex (113) unchanged and retry. (Repeated 2 times in the last 5.000s)
2024-09-17 10:41:21,440 [timer2] WARN  server.GrpcLogAppender (GrpcLogAppender.java:lambda$resetClient$1(221)) - omNode-1@group-523986131536->omNode-3-GrpcLogAppender: Follower failed (request=null, errorCount=214); keep nextIndex (114) unchanged and retry. (Repeated 2 times in the last 5.000s)
2024-09-17 10:41:21,451 [timer5] WARN  server.GrpcLogAppender (GrpcLogAppender.java:lambda$resetClient$1(221)) - omNode-1@group-523986131536->omNode-3-GrpcLogAppender: Follower failed (request=null, errorCount=218); keep nextIndex (115) unchanged and retry. (Repeated 4 times in the last 5.001s)
2024-09-17 10:41:21,472 [timer3] WARN  server.GrpcLogAppender (GrpcLogAppender.java:lambda$resetClient$1(221)) - omNode-1@group-523986131536->omNode-3-GrpcLogAppender: Follower failed (request=null, errorCount=220); keep nextIndex (117) unchanged and retry. (Repeated 2 times in the last 5.000s)
2024-09-17 10:41:21,483 [timer5] WARN  server.GrpcLogAppender (GrpcLogAppender.java:lambda$resetClient$1(221)) - omNode-1@group-523986131536->omNode-3-GrpcLogAppender: Follower failed (request=null, errorCount=222); keep nextIndex (118) unchanged and retry. (Repeated 2 times in the last 5.001s)
2024-09-17 10:41:21,495 [timer0] WARN  server.GrpcLogAppender (GrpcLogAppender.java:lambda$resetClient$1(221)) - omNode-1@group-523986131536->omNode-3-GrpcLogAppender: Follower failed (request=null, errorCount=224); keep nextIndex (119) unchanged and retry. (Repeated 2 times in the last 5.001s)
2024-09-17 10:41:21,504 [timer4] WARN  server.GrpcLogAppender (GrpcLogAppender.java:lambda$resetClient$1(221)) - omNode-1@group-523986131536->omNode-3-GrpcLogAppender: Follower failed (request=null, errorCount=226); keep nextIndex (120) unchanged and retry. (Repeated 2 times in the last 5.000s)
2024-09-17 10:41:21,517 [timer7] WARN  server.GrpcLogAppender (GrpcLogAppender.java:lambda$resetClient$1(221)) - omNode-1@group-523986131536->omNode-3-GrpcLogAppender: Follower failed (request=null, errorCount=228); keep nextIndex (122) unchanged and retry. (Repeated 2 times in the last 5.000s)
2024-09-17 10:41:21,536 [timer2] WARN  server.GrpcLogAppender (GrpcLogAppender.java:lambda$resetClient$1(221)) - omNode-1@group-523986131536->omNode-3-GrpcLogAppender: Follower failed (request=null, errorCount=230); keep nextIndex (123) unchanged and retry. (Repeated 2 times in the last 5.000s)
2024-09-17 10:41:21,547 [timer7] WARN  server.GrpcLogAppender (GrpcLogAppender.java:lambda$resetClient$1(221)) - omNode-1@group-523986131536->omNode-3-GrpcLogAppender: Follower failed (request=null, errorCount=232); keep nextIndex (124) unchanged and retry. (Repeated 2 times in the last 5.001s)
2024-09-17 10:41:21,557 [timer1] WARN  server.GrpcLogAppender (GrpcLogAppender.java:lambda$resetClient$1(221)) - omNode-1@group-523986131536->omNode-3-GrpcLogAppender: Follower failed (request=null, errorCount=234); keep nextIndex (125) unchanged and retry. (Repeated 2 times in the last 5.000s)
2024-09-17 10:41:21,569 [timer4] WARN  server.GrpcLogAppender (GrpcLogAppender.java:lambda$resetClient$1(221)) - omNode-1@group-523986131536->omNode-3-GrpcLogAppender: Follower failed (request=null, errorCount=236); keep nextIndex (126) unchanged and retry. (Repeated 2 times in the last 5.000s)
2024-09-17 10:41:21,579 [timer6] WARN  server.GrpcLogAppender (GrpcLogAppender.java:lambda$resetClient$1(221)) - omNode-1@group-523986131536->omNode-3-GrpcLogAppender: Follower failed (request=null, errorCount=238); keep nextIndex (127) unchanged and retry. (Repeated 2 times in the last 5.000s)
2024-09-17 10:41:21,590 [timer3] WARN  server.GrpcLogAppender (GrpcLogAppender.java:lambda$resetClient$1(221)) - omNode-1@group-523986131536->omNode-3-GrpcLogAppender: Follower failed (request=null, errorCount=240); keep nextIndex (128) unchanged and retry. (Repeated 2 times in the last 5.000s)
2024-09-17 10:41:21,602 [timer5] WARN  server.GrpcLogAppender (GrpcLogAppender.java:lambda$resetClient$1(221)) - omNode-1@group-523986131536->omNode-3-GrpcLogAppender: Follower failed (request=null, errorCount=242); keep nextIndex (129) unchanged and retry. (Repeated 2 times in the last 4.999s)
2024-09-17 10:41:21,626 [timer1] WARN  server.GrpcLogAppender (GrpcLogAppender.java:lambda$resetClient$1(221)) - omNode-1@group-523986131536->omNode-3-GrpcLogAppender: Follower failed (request=null, errorCount=246); keep nextIndex (131) unchanged and retry. (Repeated 4 times in the last 5.001s)
2024-09-17 10:41:21,671 [omNode-3@group-523986131536-FollowerState] INFO  impl.FollowerState (FollowerState.java:run(144)) - omNode-3@group-523986131536-FollowerState: change to CANDIDATE, lastRpcElapsedTime:1041150776ns, electionTimeout:1040ms
2024-09-17 10:41:21,671 [omNode-3@group-523986131536-FollowerState] INFO  impl.RoleInfo (RoleInfo.java:shutdownFollowerState(119)) - omNode-3: shutdown omNode-3@group-523986131536-FollowerState
2024-09-17 10:41:21,671 [omNode-3@group-523986131536-FollowerState] INFO  server.RaftServer$Division (RaftServerImpl.java:setRole(376)) - omNode-3@group-523986131536: changes role from  FOLLOWER to CANDIDATE at term 0 for changeToCandidate
2024-09-17 10:41:21,672 [omNode-3@group-523986131536-FollowerState] INFO  server.RaftServerConfigKeys (ConfUtils.java:logGet(46)) - raft.server.leaderelection.pre-vote = true (default)
2024-09-17 10:41:21,672 [omNode-3@group-523986131536-FollowerState] INFO  impl.RoleInfo (RoleInfo.java:updateAndGet(148)) - omNode-3: start omNode-3@group-523986131536-LeaderElection35
2024-09-17 10:41:21,672 [omNode-3@group-523986131536-LeaderElection35] INFO  impl.LeaderElection (LeaderElection.java:askForVotes(321)) - omNode-3@group-523986131536-LeaderElection35 PRE_VOTE round 0: submit vote requests at term 0 for conf: {index: -1, cur=peers:[omNode-3|localhost:15101, omNode-1|localhost:15093, omNode-2|localhost:15097]|listeners:[], old=null}
2024-09-17 10:41:21,672 [omNode-3@group-523986131536-LeaderElection35-1] INFO  server.GrpcServerProtocolClient (GrpcServerProtocolClient.java:<init>(65)) - Build channel for omNode-1|localhost:15093
2024-09-17 10:41:21,672 [omNode-3@group-523986131536-LeaderElection35-2] INFO  server.GrpcServerProtocolClient (GrpcServerProtocolClient.java:<init>(65)) - Build channel for omNode-2|localhost:15097
2024-09-17 10:41:21,672 [omNode-3@group-523986131536-LeaderElection35] INFO  server.RaftServerConfigKeys (ConfUtils.java:logFallback(53)) - raft.server.rpc.first-election.timeout.min = 1s (fallback to raft.server.rpc.timeout.min)
2024-09-17 10:41:21,673 [omNode-3@group-523986131536-LeaderElection35] INFO  server.RaftServerConfigKeys (ConfUtils.java:logFallback(53)) - raft.server.rpc.first-election.timeout.max = 1200ms (fallback to raft.server.rpc.timeout.max)
2024-09-17 10:41:21,676 [grpc-default-executor-0] INFO  server.RaftServer$Division (RaftServerImpl.java:requestVote(1416)) - omNode-1@group-523986131536: receive requestVote(PRE_VOTE, omNode-3, group-523986131536, 0, (t:0, i:~))
2024-09-17 10:41:21,676 [grpc-default-executor-0] INFO  impl.VoteContext (VoteContext.java:log(49)) - omNode-1@group-523986131536-LEADER: reject PRE_VOTE from omNode-3: this server is the leader and still has leadership
2024-09-17 10:41:21,676 [grpc-default-executor-0] INFO  server.RaftServer$Division (RaftServerImpl.java:requestVote(1449)) - omNode-1@group-523986131536 replies to PRE_VOTE vote request: omNode-3<-omNode-1#0:FAIL-t1. Peer's state: omNode-1@group-523986131536:t1, leader=omNode-1, voted=omNode-1, raftlog=Memoized:omNode-1@group-523986131536-SegmentedRaftLog:OPENED:c424:last(t:1, i:424), conf=conf: {index: 0, cur=peers:[omNode-3|localhost:15101, omNode-1|localhost:15093, omNode-2|localhost:15097]|listeners:[], old=null}
2024-09-17 10:41:21,677 [omNode-3@group-523986131536-LeaderElection35] INFO  impl.LeaderElection (LeaderElection.java:logAndReturn(89)) - omNode-3@group-523986131536-LeaderElection35: PRE_VOTE DISCOVERED_A_NEW_TERM (term=1) received 1 response(s) and 0 exception(s):
2024-09-17 10:41:21,677 [grpc-default-executor-0] INFO  server.RaftServer$Division (RaftServerImpl.java:requestVote(1416)) - omNode-2@group-523986131536: receive requestVote(PRE_VOTE, omNode-3, group-523986131536, 0, (t:0, i:~))
2024-09-17 10:41:21,677 [grpc-default-executor-0] INFO  impl.VoteContext (VoteContext.java:log(49)) - omNode-2@group-523986131536-FOLLOWER: reject PRE_VOTE from omNode-3: this server is a follower and still has a valid leader omNode-1 different than the candidate omNode-3
2024-09-17 10:41:21,677 [grpc-default-executor-0] INFO  server.RaftServer$Division (RaftServerImpl.java:requestVote(1449)) - omNode-2@group-523986131536 replies to PRE_VOTE vote request: omNode-3<-omNode-2#0:FAIL-t1. Peer's state: omNode-2@group-523986131536:t1, leader=omNode-1, voted=omNode-1, raftlog=Memoized:omNode-2@group-523986131536-SegmentedRaftLog:OPENED:c424:last(t:1, i:424), conf=conf: {index: 0, cur=peers:[omNode-3|localhost:15101, omNode-1|localhost:15093, omNode-2|localhost:15097]|listeners:[], old=null}
2024-09-17 10:41:21,677 [omNode-3@group-523986131536-LeaderElection35] INFO  impl.LeaderElection (LeaderElection.java:logAndReturn(93)) -   Response 0: omNode-3<-omNode-1#0:FAIL-t1
2024-09-17 10:41:21,677 [omNode-3@group-523986131536-LeaderElection35] INFO  impl.LeaderElection (LeaderElection.java:askForVotes(323)) - omNode-3@group-523986131536-LeaderElection35 PRE_VOTE round 0: result DISCOVERED_A_NEW_TERM (term=1)
2024-09-17 10:41:21,677 [omNode-3@group-523986131536-LeaderElection35] INFO  server.RaftServer$Division (RaftServerImpl.java:setRole(376)) - omNode-3@group-523986131536: changes role from CANDIDATE to FOLLOWER at term 1 for DISCOVERED_A_NEW_TERM (term=1)
2024-09-17 10:41:21,677 [omNode-3@group-523986131536-LeaderElection35] INFO  impl.RoleInfo (RoleInfo.java:shutdownLeaderElection(139)) - omNode-3: shutdown omNode-3@group-523986131536-LeaderElection35
2024-09-17 10:41:21,677 [omNode-3@group-523986131536-LeaderElection35] INFO  impl.RoleInfo (RoleInfo.java:updateAndGet(148)) - omNode-3: start omNode-3@group-523986131536-FollowerState
2024-09-17 10:41:21,678 [omNode-3@group-523986131536-LeaderElection35] INFO  server.RaftServer$Division (RaftServerImpl.java:setFirstElection(549)) - omNode-3@group-523986131536: set firstElectionSinceStartup to false for DISCOVERED_A_NEW_TERM (term=1)
2024-09-17 10:41:21,758 [timer0] WARN  server.GrpcLogAppender (GrpcLogAppender.java:lambda$resetClient$1(221)) - omNode-1@group-523986131536->omNode-3-GrpcLogAppender: Follower failed (request=null, errorCount=248); keep nextIndex (134) unchanged and retry. (Repeated 2 times in the last 5.000s)
2024-09-17 10:41:21,768 [timer2] WARN  server.GrpcLogAppender (GrpcLogAppender.java:lambda$resetClient$1(221)) - omNode-1@group-523986131536->omNode-3-GrpcLogAppender: Follower failed (request=null, errorCount=250); keep nextIndex (135) unchanged and retry. (Repeated 2 times in the last 5.000s)
2024-09-17 10:41:21,779 [timer5] WARN  server.GrpcLogAppender (GrpcLogAppender.java:lambda$resetClient$1(221)) - omNode-1@group-523986131536->omNode-3-GrpcLogAppender: Follower failed (request=null, errorCount=252); keep nextIndex (136) unchanged and retry. (Repeated 2 times in the last 5.000s)
2024-09-17 10:41:21,790 [timer7] WARN  server.GrpcLogAppender (GrpcLogAppender.java:lambda$resetClient$1(221)) - omNode-1@group-523986131536->omNode-3-GrpcLogAppender: Follower failed (request=null, errorCount=254); keep nextIndex (137) unchanged and retry. (Repeated 2 times in the last 5.000s)
2024-09-17 10:41:21,801 [timer4] WARN  server.GrpcLogAppender (GrpcLogAppender.java:lambda$resetClient$1(221)) - omNode-1@group-523986131536->omNode-3-GrpcLogAppender: Follower failed (request=null, errorCount=256); keep nextIndex (138) unchanged and retry. (Repeated 2 times in the last 5.001s)
2024-09-17 10:41:21,812 [timer6] WARN  server.GrpcLogAppender (GrpcLogAppender.java:lambda$resetClient$1(221)) - omNode-1@group-523986131536->omNode-3-GrpcLogAppender: Follower failed (request=null, errorCount=258); keep nextIndex (139) unchanged and retry. (Repeated 2 times in the last 5.000s)
2024-09-17 10:41:21,825 [timer1] WARN  server.GrpcLogAppender (GrpcLogAppender.java:lambda$resetClient$1(221)) - omNode-1@group-523986131536->omNode-3-GrpcLogAppender: Follower failed (request=null, errorCount=260); keep nextIndex (140) unchanged and retry. (Repeated 2 times in the last 5.001s)
2024-09-17 10:41:21,844 [timer6] WARN  server.GrpcLogAppender (GrpcLogAppender.java:lambda$resetClient$1(221)) - omNode-1@group-523986131536->omNode-3-GrpcLogAppender: Follower failed (request=null, errorCount=262); keep nextIndex (142) unchanged and retry. (Repeated 2 times in the last 5.000s)
2024-09-17 10:41:21,855 [timer1] WARN  server.GrpcLogAppender (GrpcLogAppender.java:lambda$resetClient$1(221)) - omNode-1@group-523986131536->omNode-3-GrpcLogAppender: Follower failed (request=null, errorCount=264); keep nextIndex (144) unchanged and retry. (Repeated 2 times in the last 5.000s)
2024-09-17 10:41:21,866 [timer3] WARN  server.GrpcLogAppender (GrpcLogAppender.java:lambda$resetClient$1(221)) - omNode-1@group-523986131536->omNode-3-GrpcLogAppender: Follower failed (request=null, errorCount=266); keep nextIndex (145) unchanged and retry. (Repeated 2 times in the last 5.000s)
2024-09-17 10:41:21,877 [timer0] WARN  server.GrpcLogAppender (GrpcLogAppender.java:lambda$resetClient$1(221)) - omNode-1@group-523986131536->omNode-3-GrpcLogAppender: Follower failed (request=null, errorCount=268); keep nextIndex (146) unchanged and retry. (Repeated 2 times in the last 5.001s)
2024-09-17 10:41:21,887 [timer2] WARN  server.GrpcLogAppender (GrpcLogAppender.java:lambda$resetClient$1(221)) - omNode-1@group-523986131536->omNode-3-GrpcLogAppender: Follower failed (request=null, errorCount=270); keep nextIndex (147) unchanged and retry. (Repeated 2 times in the last 4.999s)
2024-09-17 10:41:21,899 [timer5] WARN  server.GrpcLogAppender (GrpcLogAppender.java:lambda$resetClient$1(221)) - omNode-1@group-523986131536->omNode-3-GrpcLogAppender: Follower failed (request=null, errorCount=272); keep nextIndex (148) unchanged and retry. (Repeated 2 times in the last 5.000s)
2024-09-17 10:41:21,911 [timer7] WARN  server.GrpcLogAppender (GrpcLogAppender.java:lambda$resetClient$1(221)) - omNode-1@group-523986131536->omNode-3-GrpcLogAppender: Follower failed (request=null, errorCount=274); keep nextIndex (149) unchanged and retry. (Repeated 2 times in the last 5.000s)
2024-09-17 10:41:21,923 [timer4] WARN  server.GrpcLogAppender (GrpcLogAppender.java:lambda$resetClient$1(221)) - omNode-1@group-523986131536->omNode-3-GrpcLogAppender: Follower failed (request=null, errorCount=276); keep nextIndex (152) unchanged and retry. (Repeated 2 times in the last 5.000s)
2024-09-17 10:41:21,942 [timer7] WARN  server.GrpcLogAppender (GrpcLogAppender.java:lambda$resetClient$1(221)) - omNode-1@group-523986131536->omNode-3-GrpcLogAppender: Follower failed (request=null, errorCount=278); keep nextIndex (153) unchanged and retry. (Repeated 2 times in the last 5.000s)
2024-09-17 10:41:21,958 [timer4] WARN  server.GrpcLogAppender (GrpcLogAppender.java:lambda$resetClient$1(221)) - omNode-1@group-523986131536->omNode-3-GrpcLogAppender: Follower failed (request=null, errorCount=280); keep nextIndex (154) unchanged and retry. (Repeated 2 times in the last 5.000s)
2024-09-17 10:41:21,965 [timer6] WARN  server.GrpcLogAppender (GrpcLogAppender.java:lambda$resetClient$1(221)) - omNode-1@group-523986131536->omNode-3-GrpcLogAppender: Follower failed (request=null, errorCount=282); keep nextIndex (156) unchanged and retry. (Repeated 2 times in the last 5.000s)
2024-09-17 10:41:21,985 [timer2] WARN  server.GrpcLogAppender (GrpcLogAppender.java:lambda$resetClient$1(221)) - omNode-1@group-523986131536->omNode-3-GrpcLogAppender: Follower failed (request=null, errorCount=284); keep nextIndex (157) unchanged and retry. (Repeated 2 times in the last 5.000s)
2024-09-17 10:41:21,993 [timer5] WARN  server.GrpcLogAppender (GrpcLogAppender.java:lambda$resetClient$1(221)) - omNode-1@group-523986131536->omNode-3-GrpcLogAppender: Follower failed (request=null, errorCount=286); keep nextIndex (158) unchanged and retry. (Repeated 2 times in the last 5.000s)
2024-09-17 10:41:22,006 [timer1] WARN  server.GrpcLogAppender (GrpcLogAppender.java:lambda$resetClient$1(221)) - omNode-1@group-523986131536->omNode-3-GrpcLogAppender: Follower failed (request=null, errorCount=290); keep nextIndex (159) unchanged and retry. (Repeated 4 times in the last 5.000s)
2024-09-17 10:41:22,027 [timer5] WARN  server.GrpcLogAppender (GrpcLogAppender.java:lambda$resetClient$1(221)) - omNode-1@group-523986131536->omNode-3-GrpcLogAppender: Follower failed (request=null, errorCount=292); keep nextIndex (160) unchanged and retry. (Repeated 2 times in the last 5.000s)
2024-09-17 10:41:22,038 [timer1] WARN  server.GrpcLogAppender (GrpcLogAppender.java:lambda$resetClient$1(221)) - omNode-1@group-523986131536->omNode-3-GrpcLogAppender: Follower failed (request=null, errorCount=294); keep nextIndex (162) unchanged and retry. (Repeated 2 times in the last 5.000s)
2024-09-17 10:41:22,049 [timer4] WARN  server.GrpcLogAppender (GrpcLogAppender.java:lambda$resetClient$1(221)) - omNode-1@group-523986131536->omNode-3-GrpcLogAppender: Follower failed (request=null, errorCount=296); keep nextIndex (163) unchanged and retry. (Repeated 2 times in the last 5.000s)
2024-09-17 10:41:22,060 [timer6] WARN  server.GrpcLogAppender (GrpcLogAppender.java:lambda$resetClient$1(221)) - omNode-1@group-523986131536->omNode-3-GrpcLogAppender: Follower failed (request=null, errorCount=298); keep nextIndex (164) unchanged and retry. (Repeated 2 times in the last 5.000s)
2024-09-17 10:41:22,071 [timer1] WARN  server.GrpcLogAppender (GrpcLogAppender.java:lambda$resetClient$1(221)) - omNode-1@group-523986131536->omNode-3-GrpcLogAppender: Follower failed (request=null, errorCount=300); keep nextIndex (165) unchanged and retry. (Repeated 2 times in the last 5.000s)
2024-09-17 10:41:22,092 [timer6] WARN  server.GrpcLogAppender (GrpcLogAppender.java:lambda$resetClient$1(221)) - omNode-1@group-523986131536->omNode-3-GrpcLogAppender: Follower failed (request=null, errorCount=302); keep nextIndex (167) unchanged and retry. (Repeated 2 times in the last 5.001s)
2024-09-17 10:41:22,104 [timer1] WARN  server.GrpcLogAppender (GrpcLogAppender.java:lambda$resetClient$1(221)) - omNode-1@group-523986131536->omNode-3-GrpcLogAppender: Follower failed (request=null, errorCount=304); keep nextIndex (168) unchanged and retry. (Repeated 2 times in the last 5.001s)
2024-09-17 10:41:22,114 [timer4] WARN  server.GrpcLogAppender (GrpcLogAppender.java:lambda$resetClient$1(221)) - omNode-1@group-523986131536->omNode-3-GrpcLogAppender: Follower failed (request=null, errorCount=306); keep nextIndex (169) unchanged and retry. (Repeated 2 times in the last 5.001s)
2024-09-17 10:41:22,134 [timer3] WARN  server.GrpcLogAppender (GrpcLogAppender.java:lambda$resetClient$1(221)) - omNode-1@group-523986131536->omNode-3-GrpcLogAppender: Follower failed (request=null, errorCount=308); keep nextIndex (171) unchanged and retry. (Repeated 2 times in the last 5.000s)
2024-09-17 10:41:22,146 [timer6] WARN  server.GrpcLogAppender (GrpcLogAppender.java:lambda$resetClient$1(221)) - omNode-1@group-523986131536->omNode-3-GrpcLogAppender: Follower failed (request=null, errorCount=310); keep nextIndex (172) unchanged and retry. (Repeated 2 times in the last 5.000s)
2024-09-17 10:41:22,156 [timer7] WARN  server.GrpcLogAppender (GrpcLogAppender.java:lambda$resetClient$1(221)) - omNode-1@group-523986131536->omNode-3-GrpcLogAppender: Follower failed (request=null, errorCount=314); keep nextIndex (173) unchanged and retry. (Repeated 4 times in the last 5.000s)
2024-09-17 10:41:22,289 [timer0] WARN  server.GrpcLogAppender (GrpcLogAppender.java:lambda$resetClient$1(221)) - omNode-1@group-523986131536->omNode-3-GrpcLogAppender: Follower failed (request=null, errorCount=316); keep nextIndex (176) unchanged and retry. (Repeated 2 times in the last 5.000s)
2024-09-17 10:41:22,299 [timer2] WARN  server.GrpcLogAppender (GrpcLogAppender.java:lambda$resetClient$1(221)) - omNode-1@group-523986131536->omNode-3-GrpcLogAppender: Follower failed (request=null, errorCount=318); keep nextIndex (177) unchanged and retry. (Repeated 2 times in the last 5.000s)
2024-09-17 10:41:22,310 [timer5] WARN  server.GrpcLogAppender (GrpcLogAppender.java:lambda$resetClient$1(221)) - omNode-1@group-523986131536->omNode-3-GrpcLogAppender: Follower failed (request=null, errorCount=320); keep nextIndex (178) unchanged and retry. (Repeated 2 times in the last 5.000s)
2024-09-17 10:41:22,327 [timer1] WARN  server.GrpcLogAppender (GrpcLogAppender.java:lambda$resetClient$1(221)) - omNode-1@group-523986131536->omNode-3-GrpcLogAppender: Follower failed (request=null, errorCount=322); keep nextIndex (180) unchanged and retry. (Repeated 2 times in the last 5.000s)
2024-09-17 10:41:22,342 [timer5] WARN  server.GrpcLogAppender (GrpcLogAppender.java:lambda$resetClient$1(221)) - omNode-1@group-523986131536->omNode-3-GrpcLogAppender: Follower failed (request=null, errorCount=324); keep nextIndex (181) unchanged and retry. (Repeated 2 times in the last 5.000s)
2024-09-17 10:41:22,352 [timer7] WARN  server.GrpcLogAppender (GrpcLogAppender.java:lambda$resetClient$1(221)) - omNode-1@group-523986131536->omNode-3-GrpcLogAppender: Follower failed (request=null, errorCount=326); keep nextIndex (182) unchanged and retry. (Repeated 2 times in the last 5.001s)
2024-09-17 10:41:22,368 [timer4] WARN  server.GrpcLogAppender (GrpcLogAppender.java:lambda$resetClient$1(221)) - omNode-1@group-523986131536->omNode-3-GrpcLogAppender: Follower failed (request=null, errorCount=328); keep nextIndex (184) unchanged and retry. (Repeated 2 times in the last 5.000s)
2024-09-17 10:41:22,384 [timer7] WARN  server.GrpcLogAppender (GrpcLogAppender.java:lambda$resetClient$1(221)) - omNode-1@group-523986131536->omNode-3-GrpcLogAppender: Follower failed (request=null, errorCount=330); keep nextIndex (185) unchanged and retry. (Repeated 2 times in the last 5.000s)
2024-09-17 10:41:22,404 [timer3] WARN  server.GrpcLogAppender (GrpcLogAppender.java:lambda$resetClient$1(221)) - omNode-1@group-523986131536->omNode-3-GrpcLogAppender: Follower failed (request=null, errorCount=332); keep nextIndex (187) unchanged and retry. (Repeated 2 times in the last 5.001s)
2024-09-17 10:41:22,409 [timer6] WARN  server.GrpcLogAppender (GrpcLogAppender.java:lambda$resetClient$1(221)) - omNode-1@group-523986131536->omNode-3-GrpcLogAppender: Follower failed (request=null, errorCount=334); keep nextIndex (188) unchanged and retry. (Repeated 2 times in the last 5.000s)
2024-09-17 10:41:22,425 [timer2] WARN  server.GrpcLogAppender (GrpcLogAppender.java:lambda$resetClient$1(221)) - omNode-1@group-523986131536->omNode-3-GrpcLogAppender: Follower failed (request=null, errorCount=336); keep nextIndex (189) unchanged and retry. (Repeated 2 times in the last 5.000s)
2024-09-17 10:41:22,435 [timer4] WARN  server.GrpcLogAppender (GrpcLogAppender.java:lambda$resetClient$1(221)) - omNode-1@group-523986131536->omNode-3-GrpcLogAppender: Follower failed (request=null, errorCount=338); keep nextIndex (190) unchanged and retry. (Repeated 2 times in the last 5.000s)
2024-09-17 10:41:22,446 [timer7] WARN  server.GrpcLogAppender (GrpcLogAppender.java:lambda$resetClient$1(221)) - omNode-1@group-523986131536->omNode-3-GrpcLogAppender: Follower failed (request=null, errorCount=340); keep nextIndex (191) unchanged and retry. (Repeated 2 times in the last 5.000s)
2024-09-17 10:41:22,457 [timer3] WARN  server.GrpcLogAppender (GrpcLogAppender.java:lambda$resetClient$1(221)) - omNode-1@group-523986131536->omNode-3-GrpcLogAppender: Follower failed (request=null, errorCount=342); keep nextIndex (192) unchanged and retry. (Repeated 2 times in the last 5.000s)
2024-09-17 10:41:22,467 [timer6] WARN  server.GrpcLogAppender (GrpcLogAppender.java:lambda$resetClient$1(221)) - omNode-1@group-523986131536->omNode-3-GrpcLogAppender: Follower failed (request=null, errorCount=344); keep nextIndex (193) unchanged and retry. (Repeated 2 times in the last 5.000s)
2024-09-17 10:41:22,479 [timer0] WARN  server.GrpcLogAppender (GrpcLogAppender.java:lambda$resetClient$1(221)) - omNode-1@group-523986131536->omNode-3-GrpcLogAppender: Follower failed (request=null, errorCount=346); keep nextIndex (194) unchanged and retry. (Repeated 2 times in the last 5.001s)
2024-09-17 10:41:22,489 [timer3] WARN  server.GrpcLogAppender (GrpcLogAppender.java:lambda$resetClient$1(221)) - omNode-1@group-523986131536->omNode-3-GrpcLogAppender: Follower failed (request=null, errorCount=348); keep nextIndex (195) unchanged and retry. (Repeated 2 times in the last 5.000s)
2024-09-17 10:41:22,500 [timer7] WARN  server.GrpcLogAppender (GrpcLogAppender.java:lambda$resetClient$1(221)) - omNode-1@group-523986131536->omNode-3-GrpcLogAppender: Follower failed (request=null, errorCount=350); keep nextIndex (196) unchanged and retry. (Repeated 2 times in the last 5.000s)
2024-09-17 10:41:22,511 [timer2] WARN  server.GrpcLogAppender (GrpcLogAppender.java:lambda$resetClient$1(221)) - omNode-1@group-523986131536->omNode-3-GrpcLogAppender: Follower failed (request=null, errorCount=352); keep nextIndex (197) unchanged and retry. (Repeated 2 times in the last 5.000s)
2024-09-17 10:41:22,521 [timer4] WARN  server.GrpcLogAppender (GrpcLogAppender.java:lambda$resetClient$1(221)) - omNode-1@group-523986131536->omNode-3-GrpcLogAppender: Follower failed (request=null, errorCount=354); keep nextIndex (198) unchanged and retry. (Repeated 2 times in the last 5.001s)
2024-09-17 10:41:22,531 [timer7] WARN  server.GrpcLogAppender (GrpcLogAppender.java:lambda$resetClient$1(221)) - omNode-1@group-523986131536->omNode-3-GrpcLogAppender: Follower failed (request=null, errorCount=358); keep nextIndex (199) unchanged and retry. (Repeated 4 times in the last 5.000s)
2024-09-17 10:41:22,553 [timer5] WARN  server.GrpcLogAppender (GrpcLogAppender.java:lambda$resetClient$1(221)) - omNode-1@group-523986131536->omNode-3-GrpcLogAppender: Follower failed (request=null, errorCount=360); keep nextIndex (200) unchanged and retry. (Repeated 2 times in the last 5.000s)
2024-09-17 10:41:22,563 [timer7] WARN  server.GrpcLogAppender (GrpcLogAppender.java:lambda$resetClient$1(221)) - omNode-1@group-523986131536->omNode-3-GrpcLogAppender: Follower failed (request=null, errorCount=362); keep nextIndex (202) unchanged and retry. (Repeated 2 times in the last 5.000s)
2024-09-17 10:41:22,575 [timer2] WARN  server.GrpcLogAppender (GrpcLogAppender.java:lambda$resetClient$1(221)) - omNode-1@group-523986131536->omNode-3-GrpcLogAppender: Follower failed (request=null, errorCount=364); keep nextIndex (203) unchanged and retry. (Repeated 2 times in the last 5.001s)
2024-09-17 10:41:22,604 [timer6] WARN  server.GrpcLogAppender (GrpcLogAppender.java:lambda$resetClient$1(221)) - omNode-1@group-523986131536->omNode-3-GrpcLogAppender: Follower failed (request=null, errorCount=366); keep nextIndex (204) unchanged and retry. (Repeated 2 times in the last 5.001s)
2024-09-17 10:41:22,616 [timer2] WARN  server.GrpcLogAppender (GrpcLogAppender.java:lambda$resetClient$1(221)) - omNode-1@group-523986131536->omNode-3-GrpcLogAppender: Follower failed (request=null, errorCount=368); keep nextIndex (206) unchanged and retry. (Repeated 2 times in the last 5.001s)
2024-09-17 10:41:22,630 [timer4] WARN  server.GrpcLogAppender (GrpcLogAppender.java:lambda$resetClient$1(221)) - omNode-1@group-523986131536->omNode-3-GrpcLogAppender: Follower failed (request=null, errorCount=370); keep nextIndex (207) unchanged and retry. (Repeated 2 times in the last 5.001s)
2024-09-17 10:41:22,648 [timer1] WARN  server.GrpcLogAppender (GrpcLogAppender.java:lambda$resetClient$1(221)) - omNode-1@group-523986131536->omNode-3-GrpcLogAppender: Follower failed (request=null, errorCount=372); keep nextIndex (209) unchanged and retry. (Repeated 2 times in the last 5.001s)
2024-09-17 10:41:22,651 [timer2] WARN  server.GrpcLogAppender (GrpcLogAppender.java:lambda$resetClient$1(221)) - omNode-1@group-523986131536->omNode-3-GrpcLogAppender: Follower failed (request=null, errorCount=374); keep nextIndex (210) unchanged and retry. (Repeated 2 times in the last 5.000s)
2024-09-17 10:41:22,670 [timer6] WARN  server.GrpcLogAppender (GrpcLogAppender.java:lambda$resetClient$1(221)) - omNode-1@group-523986131536->omNode-3-GrpcLogAppender: Follower failed (request=null, errorCount=376); keep nextIndex (211) unchanged and retry. (Repeated 2 times in the last 5.000s)
2024-09-17 10:41:22,678 [timer1] WARN  server.GrpcLogAppender (GrpcLogAppender.java:lambda$resetClient$1(221)) - omNode-1@group-523986131536->omNode-3-GrpcLogAppender: Follower failed (request=null, errorCount=378); keep nextIndex (212) unchanged and retry. (Repeated 2 times in the last 5.001s)
2024-09-17 10:41:22,693 [timer5] WARN  server.GrpcLogAppender (GrpcLogAppender.java:lambda$resetClient$1(221)) - omNode-1@group-523986131536->omNode-3-GrpcLogAppender: Follower failed (request=null, errorCount=380); keep nextIndex (213) unchanged and retry. (Repeated 2 times in the last 5.001s)
2024-09-17 10:41:22,702 [timer7] WARN  server.GrpcLogAppender (GrpcLogAppender.java:lambda$resetClient$1(221)) - omNode-1@group-523986131536->omNode-3-GrpcLogAppender: Follower failed (request=null, errorCount=382); keep nextIndex (214) unchanged and retry. (Repeated 2 times in the last 5.001s)
2024-09-17 10:41:22,713 [timer2] WARN  server.GrpcLogAppender (GrpcLogAppender.java:lambda$resetClient$1(221)) - omNode-1@group-523986131536->omNode-3-GrpcLogAppender: Follower failed (request=null, errorCount=386); keep nextIndex (215) unchanged and retry. (Repeated 4 times in the last 5.000s)
2024-09-17 10:41:22,854 [timer1] WARN  server.GrpcLogAppender (GrpcLogAppender.java:lambda$resetClient$1(221)) - omNode-1@group-523986131536->omNode-3-GrpcLogAppender: Follower failed (request=null, errorCount=388); keep nextIndex (218) unchanged and retry. (Repeated 2 times in the last 5.000s)
2024-09-17 10:41:22,865 [timer3] WARN  server.GrpcLogAppender (GrpcLogAppender.java:lambda$resetClient$1(221)) - omNode-1@group-523986131536->omNode-3-GrpcLogAppender: Follower failed (request=null, errorCount=390); keep nextIndex (219) unchanged and retry. (Repeated 2 times in the last 4.999s)
2024-09-17 10:41:22,874 [omNode-3@group-523986131536-FollowerState] INFO  impl.FollowerState (FollowerState.java:run(144)) - omNode-3@group-523986131536-FollowerState: change to CANDIDATE, lastRpcElapsedTime:1196321085ns, electionTimeout:1196ms
2024-09-17 10:41:22,874 [omNode-3@group-523986131536-FollowerState] INFO  impl.RoleInfo (RoleInfo.java:shutdownFollowerState(119)) - omNode-3: shutdown omNode-3@group-523986131536-FollowerState
2024-09-17 10:41:22,874 [omNode-3@group-523986131536-FollowerState] INFO  server.RaftServer$Division (RaftServerImpl.java:setRole(376)) - omNode-3@group-523986131536: changes role from  FOLLOWER to CANDIDATE at term 1 for changeToCandidate
2024-09-17 10:41:22,874 [omNode-3@group-523986131536-FollowerState] INFO  server.RaftServerConfigKeys (ConfUtils.java:logGet(46)) - raft.server.leaderelection.pre-vote = true (default)
2024-09-17 10:41:22,874 [omNode-3@group-523986131536-FollowerState] INFO  impl.RoleInfo (RoleInfo.java:updateAndGet(148)) - omNode-3: start omNode-3@group-523986131536-LeaderElection36
2024-09-17 10:41:22,874 [omNode-3@group-523986131536-LeaderElection36] INFO  impl.LeaderElection (LeaderElection.java:askForVotes(321)) - omNode-3@group-523986131536-LeaderElection36 PRE_VOTE round 0: submit vote requests at term 1 for conf: {index: -1, cur=peers:[omNode-3|localhost:15101, omNode-1|localhost:15093, omNode-2|localhost:15097]|listeners:[], old=null}
2024-09-17 10:41:22,875 [grpc-default-executor-0] INFO  server.RaftServer$Division (RaftServerImpl.java:requestVote(1416)) - omNode-2@group-523986131536: receive requestVote(PRE_VOTE, omNode-3, group-523986131536, 1, (t:0, i:~))
2024-09-17 10:41:22,875 [grpc-default-executor-3] INFO  server.RaftServer$Division (RaftServerImpl.java:requestVote(1416)) - omNode-1@group-523986131536: receive requestVote(PRE_VOTE, omNode-3, group-523986131536, 1, (t:0, i:~))
2024-09-17 10:41:22,876 [grpc-default-executor-0] INFO  impl.VoteContext (VoteContext.java:log(49)) - omNode-2@group-523986131536-FOLLOWER: reject PRE_VOTE from omNode-3: this server is a follower and still has a valid leader omNode-1 different than the candidate omNode-3
2024-09-17 10:41:22,876 [grpc-default-executor-3] INFO  impl.VoteContext (VoteContext.java:log(49)) - omNode-1@group-523986131536-LEADER: reject PRE_VOTE from omNode-3: this server is the leader and still has leadership
2024-09-17 10:41:22,876 [grpc-default-executor-0] INFO  server.RaftServer$Division (RaftServerImpl.java:requestVote(1449)) - omNode-2@group-523986131536 replies to PRE_VOTE vote request: omNode-3<-omNode-2#0:FAIL-t1. Peer's state: omNode-2@group-523986131536:t1, leader=omNode-1, voted=omNode-1, raftlog=Memoized:omNode-2@group-523986131536-SegmentedRaftLog:OPENED:c424:last(t:1, i:424), conf=conf: {index: 0, cur=peers:[omNode-3|localhost:15101, omNode-1|localhost:15093, omNode-2|localhost:15097]|listeners:[], old=null}
2024-09-17 10:41:22,876 [grpc-default-executor-3] INFO  server.RaftServer$Division (RaftServerImpl.java:requestVote(1449)) - omNode-1@group-523986131536 replies to PRE_VOTE vote request: omNode-3<-omNode-1#0:FAIL-t1. Peer's state: omNode-1@group-523986131536:t1, leader=omNode-1, voted=omNode-1, raftlog=Memoized:omNode-1@group-523986131536-SegmentedRaftLog:OPENED:c424:last(t:1, i:424), conf=conf: {index: 0, cur=peers:[omNode-3|localhost:15101, omNode-1|localhost:15093, omNode-2|localhost:15097]|listeners:[], old=null}
2024-09-17 10:41:22,876 [timer6] WARN  server.GrpcLogAppender (GrpcLogAppender.java:lambda$resetClient$1(221)) - omNode-1@group-523986131536->omNode-3-GrpcLogAppender: Follower failed (request=null, errorCount=392); keep nextIndex (220) unchanged and retry. (Repeated 2 times in the last 5.000s)
2024-09-17 10:41:22,877 [omNode-3@group-523986131536-LeaderElection36] INFO  impl.LeaderElection (LeaderElection.java:logAndReturn(89)) - omNode-3@group-523986131536-LeaderElection36: PRE_VOTE REJECTED received 2 response(s) and 0 exception(s):
2024-09-17 10:41:22,877 [omNode-3@group-523986131536-LeaderElection36] INFO  impl.LeaderElection (LeaderElection.java:logAndReturn(93)) -   Response 0: omNode-3<-omNode-1#0:FAIL-t1
2024-09-17 10:41:22,877 [omNode-3@group-523986131536-LeaderElection36] INFO  impl.LeaderElection (LeaderElection.java:logAndReturn(93)) -   Response 1: omNode-3<-omNode-2#0:FAIL-t1
2024-09-17 10:41:22,877 [omNode-3@group-523986131536-LeaderElection36] INFO  impl.LeaderElection (LeaderElection.java:askForVotes(323)) - omNode-3@group-523986131536-LeaderElection36 PRE_VOTE round 0: result REJECTED
2024-09-17 10:41:22,877 [omNode-3@group-523986131536-LeaderElection36] INFO  server.RaftServer$Division (RaftServerImpl.java:setRole(376)) - omNode-3@group-523986131536: changes role from CANDIDATE to FOLLOWER at term 1 for REJECTED
2024-09-17 10:41:22,877 [omNode-3@group-523986131536-LeaderElection36] INFO  impl.RoleInfo (RoleInfo.java:shutdownLeaderElection(139)) - omNode-3: shutdown omNode-3@group-523986131536-LeaderElection36
2024-09-17 10:41:22,877 [omNode-3@group-523986131536-LeaderElection36] INFO  impl.RoleInfo (RoleInfo.java:updateAndGet(148)) - omNode-3: start omNode-3@group-523986131536-FollowerState
2024-09-17 10:41:22,888 [timer0] WARN  server.GrpcLogAppender (GrpcLogAppender.java:lambda$resetClient$1(221)) - omNode-1@group-523986131536->omNode-3-GrpcLogAppender: Follower failed (request=null, errorCount=394); keep nextIndex (221) unchanged and retry. (Repeated 2 times in the last 5.000s)
2024-09-17 10:41:22,898 [timer5] WARN  server.GrpcLogAppender (GrpcLogAppender.java:lambda$resetClient$1(221)) - omNode-1@group-523986131536->omNode-3-GrpcLogAppender: Follower failed (request=null, errorCount=396); keep nextIndex (222) unchanged and retry. (Repeated 2 times in the last 5.000s)
2024-09-17 10:41:22,909 [timer7] WARN  server.GrpcLogAppender (GrpcLogAppender.java:lambda$resetClient$1(221)) - omNode-1@group-523986131536->omNode-3-GrpcLogAppender: Follower failed (request=null, errorCount=398); keep nextIndex (223) unchanged and retry. (Repeated 2 times in the last 5.000s)
2024-09-17 10:41:22,919 [timer2] WARN  server.GrpcLogAppender (GrpcLogAppender.java:lambda$resetClient$1(221)) - omNode-1@group-523986131536->omNode-3-GrpcLogAppender: Follower failed (request=null, errorCount=400); keep nextIndex (224) unchanged and retry. (Repeated 2 times in the last 5.000s)
2024-09-17 10:41:22,930 [timer4] WARN  server.GrpcLogAppender (GrpcLogAppender.java:lambda$resetClient$1(221)) - omNode-1@group-523986131536->omNode-3-GrpcLogAppender: Follower failed (request=null, errorCount=402); keep nextIndex (225) unchanged and retry. (Repeated 2 times in the last 5.000s)
2024-09-17 10:41:22,941 [timer1] WARN  server.GrpcLogAppender (GrpcLogAppender.java:lambda$resetClient$1(221)) - omNode-1@group-523986131536->omNode-3-GrpcLogAppender: Follower failed (request=null, errorCount=404); keep nextIndex (226) unchanged and retry. (Repeated 2 times in the last 5.000s)
2024-09-17 10:41:22,951 [timer3] WARN  server.GrpcLogAppender (GrpcLogAppender.java:lambda$resetClient$1(221)) - omNode-1@group-523986131536->omNode-3-GrpcLogAppender: Follower failed (request=null, errorCount=406); keep nextIndex (227) unchanged and retry. (Repeated 2 times in the last 5.000s)
2024-09-17 10:41:22,963 [timer6] WARN  server.GrpcLogAppender (GrpcLogAppender.java:lambda$resetClient$1(221)) - omNode-1@group-523986131536->omNode-3-GrpcLogAppender: Follower failed (request=null, errorCount=408); keep nextIndex (228) unchanged and retry. (Repeated 2 times in the last 5.001s)
2024-09-17 10:41:22,973 [timer0] WARN  server.GrpcLogAppender (GrpcLogAppender.java:lambda$resetClient$1(221)) - omNode-1@group-523986131536->omNode-3-GrpcLogAppender: Follower failed (request=null, errorCount=410); keep nextIndex (229) unchanged and retry. (Repeated 2 times in the last 5.000s)
2024-09-17 10:41:22,983 [timer5] WARN  server.GrpcLogAppender (GrpcLogAppender.java:lambda$resetClient$1(221)) - omNode-1@group-523986131536->omNode-3-GrpcLogAppender: Follower failed (request=null, errorCount=412); keep nextIndex (230) unchanged and retry. (Repeated 2 times in the last 5.000s)
2024-09-17 10:41:22,995 [timer7] WARN  server.GrpcLogAppender (GrpcLogAppender.java:lambda$resetClient$1(221)) - omNode-1@group-523986131536->omNode-3-GrpcLogAppender: Follower failed (request=null, errorCount=414); keep nextIndex (231) unchanged and retry. (Repeated 2 times in the last 5.001s)
2024-09-17 10:41:23,005 [timer2] WARN  server.GrpcLogAppender (GrpcLogAppender.java:lambda$resetClient$1(221)) - omNode-1@group-523986131536->omNode-3-GrpcLogAppender: Follower failed (request=null, errorCount=416); keep nextIndex (232) unchanged and retry. (Repeated 2 times in the last 5.000s)
2024-09-17 10:41:23,016 [timer4] WARN  server.GrpcLogAppender (GrpcLogAppender.java:lambda$resetClient$1(221)) - omNode-1@group-523986131536->omNode-3-GrpcLogAppender: Follower failed (request=null, errorCount=418); keep nextIndex (233) unchanged and retry. (Repeated 2 times in the last 5.001s)
2024-09-17 10:41:23,027 [timer1] WARN  server.GrpcLogAppender (GrpcLogAppender.java:lambda$resetClient$1(221)) - omNode-1@group-523986131536->omNode-3-GrpcLogAppender: Follower failed (request=null, errorCount=420); keep nextIndex (234) unchanged and retry. (Repeated 2 times in the last 5.001s)
2024-09-17 10:41:23,037 [timer3] WARN  server.GrpcLogAppender (GrpcLogAppender.java:lambda$resetClient$1(221)) - omNode-1@group-523986131536->omNode-3-GrpcLogAppender: Follower failed (request=null, errorCount=422); keep nextIndex (235) unchanged and retry. (Repeated 2 times in the last 5.001s)
2024-09-17 10:41:23,048 [timer6] WARN  server.GrpcLogAppender (GrpcLogAppender.java:lambda$resetClient$1(221)) - omNode-1@group-523986131536->omNode-3-GrpcLogAppender: Follower failed (request=null, errorCount=424); keep nextIndex (236) unchanged and retry. (Repeated 2 times in the last 5.000s)
2024-09-17 10:41:23,058 [timer7] WARN  server.GrpcLogAppender (GrpcLogAppender.java:lambda$resetClient$1(221)) - omNode-1@group-523986131536->omNode-3-GrpcLogAppender: Follower failed (request=null, errorCount=426); keep nextIndex (237) unchanged and retry. (Repeated 2 times in the last 5.000s)
2024-09-17 10:41:23,069 [timer2] WARN  server.GrpcLogAppender (GrpcLogAppender.java:lambda$resetClient$1(221)) - omNode-1@group-523986131536->omNode-3-GrpcLogAppender: Follower failed (request=null, errorCount=428); keep nextIndex (238) unchanged and retry. (Repeated 2 times in the last 5.000s)
2024-09-17 10:41:23,080 [timer3] WARN  server.GrpcLogAppender (GrpcLogAppender.java:lambda$resetClient$1(221)) - omNode-1@group-523986131536->omNode-3-GrpcLogAppender: Follower failed (request=null, errorCount=430); keep nextIndex (239) unchanged and retry. (Repeated 2 times in the last 5.001s)
2024-09-17 10:41:23,090 [timer4] WARN  server.GrpcLogAppender (GrpcLogAppender.java:lambda$resetClient$1(221)) - omNode-1@group-523986131536->omNode-3-GrpcLogAppender: Follower failed (request=null, errorCount=434); keep nextIndex (240) unchanged and retry. (Repeated 4 times in the last 5.000s)
2024-09-17 10:41:23,126 [timer1] WARN  server.GrpcLogAppender (GrpcLogAppender.java:lambda$resetClient$1(221)) - omNode-1@group-523986131536->omNode-3-GrpcLogAppender: Follower failed (request=null, errorCount=436); keep nextIndex (243) unchanged and retry. (Repeated 2 times in the last 5.000s)
2024-09-17 10:41:23,130 [timer0] WARN  server.GrpcLogAppender (GrpcLogAppender.java:lambda$resetClient$1(221)) - omNode-1@group-523986131536->omNode-3-GrpcLogAppender: Follower failed (request=null, errorCount=438); keep nextIndex (244) unchanged and retry. (Repeated 2 times in the last 5.000s)
2024-09-17 10:41:23,145 [timer4] WARN  server.GrpcLogAppender (GrpcLogAppender.java:lambda$resetClient$1(221)) - omNode-1@group-523986131536->omNode-3-GrpcLogAppender: Follower failed (request=null, errorCount=440); keep nextIndex (246) unchanged and retry. (Repeated 2 times in the last 5.000s)
2024-09-17 10:41:23,158 [timer5] WARN  server.GrpcLogAppender (GrpcLogAppender.java:lambda$resetClient$1(221)) - omNode-1@group-523986131536->omNode-3-GrpcLogAppender: Follower failed (request=null, errorCount=442); keep nextIndex (247) unchanged and retry. (Repeated 2 times in the last 5.000s)
2024-09-17 10:41:23,160 [timer4] WARN  server.GrpcLogAppender (LogUtils.java:warn(121)) - omNode-1@group-523986131536->omNode-3-AppendLogResponseHandler: Failed appendEntries (Repeated 321 times in the last 5.001s): org.apache.ratis.thirdparty.io.grpc.StatusRuntimeException: UNAVAILABLE: io exception
2024-09-17 10:41:23,170 [timer6] WARN  server.GrpcLogAppender (GrpcLogAppender.java:lambda$resetClient$1(221)) - omNode-1@group-523986131536->omNode-3-GrpcLogAppender: Follower failed (request=null, errorCount=444); keep nextIndex (248) unchanged and retry. (Repeated 2 times in the last 5.000s)
2024-09-17 10:41:23,184 [timer5] WARN  server.GrpcLogAppender (GrpcLogAppender.java:lambda$resetClient$1(221)) - omNode-1@group-523986131536->omNode-3-GrpcLogAppender: Follower failed (request=null, errorCount=446); keep nextIndex (249) unchanged and retry. (Repeated 2 times in the last 5.000s)
2024-09-17 10:41:23,203 [timer1] WARN  server.GrpcLogAppender (GrpcLogAppender.java:lambda$resetClient$1(221)) - omNode-1@group-523986131536->omNode-3-GrpcLogAppender: Follower failed (request=null, errorCount=448); keep nextIndex (251) unchanged and retry. (Repeated 2 times in the last 5.002s)
2024-09-17 10:41:23,204 [timer1] WARN  server.GrpcLogAppender (GrpcLogAppender.java:lambda$resetClient$1(221)) - omNode-1@group-523986131536->omNode-3-GrpcLogAppender: Follower failed (request=null, errorCount=450); keep nextIndex (252) unchanged and retry. (Repeated 2 times in the last 5.000s)
2024-09-17 10:41:23,239 [timer2] WARN  server.GrpcLogAppender (GrpcLogAppender.java:lambda$resetClient$1(221)) - omNode-1@group-523986131536->omNode-3-GrpcLogAppender: Follower failed (request=null, errorCount=452); keep nextIndex (253) unchanged and retry. (Repeated 2 times in the last 5.000s)
2024-09-17 10:41:23,259 [timer4] WARN  server.GrpcLogAppender (GrpcLogAppender.java:lambda$resetClient$1(221)) - omNode-1@group-523986131536->omNode-3-GrpcLogAppender: Follower failed (request=null, errorCount=454); keep nextIndex (254) unchanged and retry. (Repeated 2 times in the last 5.000s)
2024-09-17 10:41:23,260 [timer5] WARN  server.GrpcLogAppender (GrpcLogAppender.java:lambda$resetClient$1(221)) - omNode-1@group-523986131536->omNode-3-GrpcLogAppender: Follower failed (request=null, errorCount=456); keep nextIndex (255) unchanged and retry. (Repeated 2 times in the last 4.999s)
2024-09-17 10:41:23,280 [timer0] WARN  server.GrpcLogAppender (GrpcLogAppender.java:lambda$resetClient$1(221)) - omNode-1@group-523986131536->omNode-3-GrpcLogAppender: Follower failed (request=null, errorCount=460); keep nextIndex (257) unchanged and retry. (Repeated 4 times in the last 5.001s)
2024-09-17 10:41:23,417 [timer4] WARN  server.GrpcLogAppender (GrpcLogAppender.java:lambda$resetClient$1(221)) - omNode-1@group-523986131536->omNode-3-GrpcLogAppender: Follower failed (request=null, errorCount=462); keep nextIndex (260) unchanged and retry. (Repeated 2 times in the last 5.000s)
2024-09-17 10:41:23,426 [timer4] WARN  server.GrpcLogAppender (GrpcLogAppender.java:lambda$resetClient$1(221)) - omNode-1@group-523986131536->omNode-3-GrpcLogAppender: Follower failed (request=null, errorCount=464); keep nextIndex (261) unchanged and retry. (Repeated 2 times in the last 5.001s)
2024-09-17 10:41:23,437 [timer6] WARN  server.GrpcLogAppender (GrpcLogAppender.java:lambda$resetClient$1(221)) - omNode-1@group-523986131536->omNode-3-GrpcLogAppender: Follower failed (request=null, errorCount=466); keep nextIndex (262) unchanged and retry. (Repeated 2 times in the last 5.000s)
2024-09-17 10:41:23,447 [timer7] WARN  server.GrpcLogAppender (GrpcLogAppender.java:lambda$resetClient$1(221)) - omNode-1@group-523986131536->omNode-3-GrpcLogAppender: Follower failed (request=null, errorCount=468); keep nextIndex (263) unchanged and retry. (Repeated 2 times in the last 5.000s)
2024-09-17 10:41:23,458 [timer3] WARN  server.GrpcLogAppender (GrpcLogAppender.java:lambda$resetClient$1(221)) - omNode-1@group-523986131536->omNode-3-GrpcLogAppender: Follower failed (request=null, errorCount=470); keep nextIndex (264) unchanged and retry. (Repeated 2 times in the last 5.000s)
2024-09-17 10:41:23,469 [timer3] WARN  server.GrpcLogAppender (GrpcLogAppender.java:lambda$resetClient$1(221)) - omNode-1@group-523986131536->omNode-3-GrpcLogAppender: Follower failed (request=null, errorCount=472); keep nextIndex (265) unchanged and retry. (Repeated 2 times in the last 5.000s)
2024-09-17 10:41:23,479 [timer5] WARN  server.GrpcLogAppender (GrpcLogAppender.java:lambda$resetClient$1(221)) - omNode-1@group-523986131536->omNode-3-GrpcLogAppender: Follower failed (request=null, errorCount=474); keep nextIndex (266) unchanged and retry. (Repeated 2 times in the last 5.000s)
2024-09-17 10:41:23,490 [timer5] WARN  server.GrpcLogAppender (GrpcLogAppender.java:lambda$resetClient$1(221)) - omNode-1@group-523986131536->omNode-3-GrpcLogAppender: Follower failed (request=null, errorCount=476); keep nextIndex (267) unchanged and retry. (Repeated 2 times in the last 5.000s)
2024-09-17 10:41:23,501 [timer1] WARN  server.GrpcLogAppender (GrpcLogAppender.java:lambda$resetClient$1(221)) - omNode-1@group-523986131536->omNode-3-GrpcLogAppender: Follower failed (request=null, errorCount=478); keep nextIndex (268) unchanged and retry. (Repeated 2 times in the last 5.000s)
2024-09-17 10:41:23,512 [timer1] WARN  server.GrpcLogAppender (GrpcLogAppender.java:lambda$resetClient$1(221)) - omNode-1@group-523986131536->omNode-3-GrpcLogAppender: Follower failed (request=null, errorCount=480); keep nextIndex (269) unchanged and retry. (Repeated 2 times in the last 5.000s)
2024-09-17 10:41:23,522 [timer3] WARN  server.GrpcLogAppender (GrpcLogAppender.java:lambda$resetClient$1(221)) - omNode-1@group-523986131536->omNode-3-GrpcLogAppender: Follower failed (request=null, errorCount=482); keep nextIndex (270) unchanged and retry. (Repeated 2 times in the last 5.000s)
2024-09-17 10:41:23,533 [timer5] WARN  server.GrpcLogAppender (GrpcLogAppender.java:lambda$resetClient$1(221)) - omNode-1@group-523986131536->omNode-3-GrpcLogAppender: Follower failed (request=null, errorCount=484); keep nextIndex (272) unchanged and retry. (Repeated 2 times in the last 5.000s)
2024-09-17 10:41:23,543 [timer0] WARN  server.GrpcLogAppender (GrpcLogAppender.java:lambda$resetClient$1(221)) - omNode-1@group-523986131536->omNode-3-GrpcLogAppender: Follower failed (request=null, errorCount=486); keep nextIndex (273) unchanged and retry. (Repeated 2 times in the last 4.999s)
2024-09-17 10:41:23,554 [timer2] WARN  server.GrpcLogAppender (GrpcLogAppender.java:lambda$resetClient$1(221)) - omNode-1@group-523986131536->omNode-3-GrpcLogAppender: Follower failed (request=null, errorCount=488); keep nextIndex (274) unchanged and retry. (Repeated 2 times in the last 5.001s)
2024-09-17 10:41:23,565 [timer5] WARN  server.GrpcLogAppender (GrpcLogAppender.java:lambda$resetClient$1(221)) - omNode-1@group-523986131536->omNode-3-GrpcLogAppender: Follower failed (request=null, errorCount=490); keep nextIndex (275) unchanged and retry. (Repeated 2 times in the last 5.000s)
2024-09-17 10:41:23,575 [timer1] WARN  server.GrpcLogAppender (GrpcLogAppender.java:lambda$resetClient$1(221)) - omNode-1@group-523986131536->omNode-3-GrpcLogAppender: Follower failed (request=null, errorCount=492); keep nextIndex (276) unchanged and retry. (Repeated 2 times in the last 5.000s)
2024-09-17 10:41:23,586 [timer4] WARN  server.GrpcLogAppender (GrpcLogAppender.java:lambda$resetClient$1(221)) - omNode-1@group-523986131536->omNode-3-GrpcLogAppender: Follower failed (request=null, errorCount=494); keep nextIndex (277) unchanged and retry. (Repeated 2 times in the last 4.999s)
2024-09-17 10:41:23,597 [timer6] WARN  server.GrpcLogAppender (GrpcLogAppender.java:lambda$resetClient$1(221)) - omNode-1@group-523986131536->omNode-3-GrpcLogAppender: Follower failed (request=null, errorCount=496); keep nextIndex (278) unchanged and retry. (Repeated 2 times in the last 5.000s)
2024-09-17 10:41:23,609 [timer1] WARN  server.GrpcLogAppender (GrpcLogAppender.java:lambda$resetClient$1(221)) - omNode-1@group-523986131536->omNode-3-GrpcLogAppender: Follower failed (request=null, errorCount=498); keep nextIndex (279) unchanged and retry. (Repeated 2 times in the last 5.001s)
2024-09-17 10:41:23,618 [timer5] WARN  server.GrpcLogAppender (GrpcLogAppender.java:lambda$resetClient$1(221)) - omNode-1@group-523986131536->omNode-3-GrpcLogAppender: Follower failed (request=null, errorCount=500); keep nextIndex (280) unchanged and retry. (Repeated 2 times in the last 5.000s)
2024-09-17 10:41:23,629 [timer0] WARN  server.GrpcLogAppender (GrpcLogAppender.java:lambda$resetClient$1(221)) - omNode-1@group-523986131536->omNode-3-GrpcLogAppender: Follower failed (request=null, errorCount=502); keep nextIndex (281) unchanged and retry. (Repeated 2 times in the last 5.000s)
2024-09-17 10:41:23,640 [timer1] WARN  server.GrpcLogAppender (GrpcLogAppender.java:lambda$resetClient$1(221)) - omNode-1@group-523986131536->omNode-3-GrpcLogAppender: Follower failed (request=null, errorCount=504); keep nextIndex (282) unchanged and retry. (Repeated 2 times in the last 5.000s)
2024-09-17 10:41:23,650 [timer2] WARN  server.GrpcLogAppender (GrpcLogAppender.java:lambda$resetClient$1(221)) - omNode-1@group-523986131536->omNode-3-GrpcLogAppender: Follower failed (request=null, errorCount=506); keep nextIndex (283) unchanged and retry. (Repeated 2 times in the last 4.999s)
2024-09-17 10:41:23,661 [timer5] WARN  server.GrpcLogAppender (GrpcLogAppender.java:lambda$resetClient$1(221)) - omNode-1@group-523986131536->omNode-3-GrpcLogAppender: Follower failed (request=null, errorCount=512); keep nextIndex (284) unchanged and retry. (Repeated 6 times in the last 5.000s)
2024-09-17 10:41:23,694 [timer7] WARN  server.GrpcLogAppender (GrpcLogAppender.java:lambda$resetClient$1(221)) - omNode-1@group-523986131536->omNode-3-GrpcLogAppender: Follower failed (request=null, errorCount=514); keep nextIndex (286) unchanged and retry. (Repeated 2 times in the last 5.000s)
2024-09-17 10:41:23,705 [timer1] WARN  server.GrpcLogAppender (GrpcLogAppender.java:lambda$resetClient$1(221)) - omNode-1@group-523986131536->omNode-3-GrpcLogAppender: Follower failed (request=null, errorCount=516); keep nextIndex (288) unchanged and retry. (Repeated 2 times in the last 5.000s)
2024-09-17 10:41:23,717 [timer3] WARN  server.GrpcLogAppender (GrpcLogAppender.java:lambda$resetClient$1(221)) - omNode-1@group-523986131536->omNode-3-GrpcLogAppender: Follower failed (request=null, errorCount=518); keep nextIndex (290) unchanged and retry. (Repeated 2 times in the last 5.000s)
2024-09-17 10:41:23,737 [timer3] WARN  server.GrpcLogAppender (GrpcLogAppender.java:lambda$resetClient$1(221)) - omNode-1@group-523986131536->omNode-3-GrpcLogAppender: Follower failed (request=null, errorCount=520); keep nextIndex (291) unchanged and retry. (Repeated 2 times in the last 4.999s)
2024-09-17 10:41:23,760 [timer6] WARN  server.GrpcLogAppender (GrpcLogAppender.java:lambda$resetClient$1(221)) - omNode-1@group-523986131536->omNode-3-GrpcLogAppender: Follower failed (request=null, errorCount=522); keep nextIndex (293) unchanged and retry. (Repeated 2 times in the last 5.000s)
2024-09-17 10:41:23,780 [timer7] WARN  server.GrpcLogAppender (GrpcLogAppender.java:lambda$resetClient$1(221)) - omNode-1@group-523986131536->omNode-3-GrpcLogAppender: Follower failed (request=null, errorCount=524); keep nextIndex (295) unchanged and retry. (Repeated 2 times in the last 5.001s)
2024-09-17 10:41:23,787 [timer2] WARN  server.GrpcLogAppender (GrpcLogAppender.java:lambda$resetClient$1(221)) - omNode-1@group-523986131536->omNode-3-GrpcLogAppender: Follower failed (request=null, errorCount=526); keep nextIndex (296) unchanged and retry. (Repeated 2 times in the last 5.000s)
2024-09-17 10:41:23,800 [timer5] WARN  server.GrpcLogAppender (GrpcLogAppender.java:lambda$resetClient$1(221)) - omNode-1@group-523986131536->omNode-3-GrpcLogAppender: Follower failed (request=null, errorCount=528); keep nextIndex (297) unchanged and retry. (Repeated 2 times in the last 4.999s)
2024-09-17 10:41:23,811 [timer5] WARN  server.GrpcLogAppender (GrpcLogAppender.java:lambda$resetClient$1(221)) - omNode-1@group-523986131536->omNode-3-GrpcLogAppender: Follower failed (request=null, errorCount=530); keep nextIndex (298) unchanged and retry. (Repeated 2 times in the last 5.000s)
2024-09-17 10:41:23,833 [timer6] WARN  server.GrpcLogAppender (GrpcLogAppender.java:lambda$resetClient$1(221)) - omNode-1@group-523986131536->omNode-3-GrpcLogAppender: Follower failed (request=null, errorCount=534); keep nextIndex (299) unchanged and retry. (Repeated 4 times in the last 5.000s)
2024-09-17 10:41:23,905 [omNode-3@group-523986131536-FollowerState] INFO  impl.FollowerState (FollowerState.java:run(144)) - omNode-3@group-523986131536-FollowerState: change to CANDIDATE, lastRpcElapsedTime:1027291362ns, electionTimeout:1027ms
2024-09-17 10:41:23,905 [omNode-3@group-523986131536-FollowerState] INFO  impl.RoleInfo (RoleInfo.java:shutdownFollowerState(119)) - omNode-3: shutdown omNode-3@group-523986131536-FollowerState
2024-09-17 10:41:23,905 [omNode-3@group-523986131536-FollowerState] INFO  server.RaftServer$Division (RaftServerImpl.java:setRole(376)) - omNode-3@group-523986131536: changes role from  FOLLOWER to CANDIDATE at term 1 for changeToCandidate
2024-09-17 10:41:23,905 [omNode-3@group-523986131536-FollowerState] INFO  server.RaftServerConfigKeys (ConfUtils.java:logGet(46)) - raft.server.leaderelection.pre-vote = true (default)
2024-09-17 10:41:23,905 [omNode-3@group-523986131536-FollowerState] INFO  impl.RoleInfo (RoleInfo.java:updateAndGet(148)) - omNode-3: start omNode-3@group-523986131536-LeaderElection37
2024-09-17 10:41:23,906 [omNode-3@group-523986131536-LeaderElection37] INFO  impl.LeaderElection (LeaderElection.java:askForVotes(321)) - omNode-3@group-523986131536-LeaderElection37 PRE_VOTE round 0: submit vote requests at term 1 for conf: {index: -1, cur=peers:[omNode-3|localhost:15101, omNode-1|localhost:15093, omNode-2|localhost:15097]|listeners:[], old=null}
2024-09-17 10:41:23,907 [grpc-default-executor-3] INFO  server.RaftServer$Division (RaftServerImpl.java:requestVote(1416)) - omNode-2@group-523986131536: receive requestVote(PRE_VOTE, omNode-3, group-523986131536, 1, (t:0, i:~))
2024-09-17 10:41:23,907 [grpc-default-executor-3] INFO  impl.VoteContext (VoteContext.java:log(49)) - omNode-2@group-523986131536-FOLLOWER: reject PRE_VOTE from omNode-3: this server is a follower and still has a valid leader omNode-1 different than the candidate omNode-3
2024-09-17 10:41:23,907 [grpc-default-executor-3] INFO  server.RaftServer$Division (RaftServerImpl.java:requestVote(1449)) - omNode-2@group-523986131536 replies to PRE_VOTE vote request: omNode-3<-omNode-2#0:FAIL-t1. Peer's state: omNode-2@group-523986131536:t1, leader=omNode-1, voted=omNode-1, raftlog=Memoized:omNode-2@group-523986131536-SegmentedRaftLog:OPENED:c424:last(t:1, i:424), conf=conf: {index: 0, cur=peers:[omNode-3|localhost:15101, omNode-1|localhost:15093, omNode-2|localhost:15097]|listeners:[], old=null}
2024-09-17 10:41:23,907 [grpc-default-executor-0] INFO  server.RaftServer$Division (RaftServerImpl.java:requestVote(1416)) - omNode-1@group-523986131536: receive requestVote(PRE_VOTE, omNode-3, group-523986131536, 1, (t:0, i:~))
2024-09-17 10:41:23,907 [grpc-default-executor-0] INFO  impl.VoteContext (VoteContext.java:log(49)) - omNode-1@group-523986131536-LEADER: reject PRE_VOTE from omNode-3: this server is the leader and still has leadership
2024-09-17 10:41:23,907 [grpc-default-executor-0] INFO  server.RaftServer$Division (RaftServerImpl.java:requestVote(1449)) - omNode-1@group-523986131536 replies to PRE_VOTE vote request: omNode-3<-omNode-1#0:FAIL-t1. Peer's state: omNode-1@group-523986131536:t1, leader=omNode-1, voted=omNode-1, raftlog=Memoized:omNode-1@group-523986131536-SegmentedRaftLog:OPENED:c424:last(t:1, i:424), conf=conf: {index: 0, cur=peers:[omNode-3|localhost:15101, omNode-1|localhost:15093, omNode-2|localhost:15097]|listeners:[], old=null}
2024-09-17 10:41:23,908 [omNode-3@group-523986131536-LeaderElection37] INFO  impl.LeaderElection (LeaderElection.java:logAndReturn(89)) - omNode-3@group-523986131536-LeaderElection37: PRE_VOTE REJECTED received 2 response(s) and 0 exception(s):
2024-09-17 10:41:23,908 [omNode-3@group-523986131536-LeaderElection37] INFO  impl.LeaderElection (LeaderElection.java:logAndReturn(93)) -   Response 0: omNode-3<-omNode-1#0:FAIL-t1
2024-09-17 10:41:23,908 [omNode-3@group-523986131536-LeaderElection37] INFO  impl.LeaderElection (LeaderElection.java:logAndReturn(93)) -   Response 1: omNode-3<-omNode-2#0:FAIL-t1
2024-09-17 10:41:23,908 [omNode-3@group-523986131536-LeaderElection37] INFO  impl.LeaderElection (LeaderElection.java:askForVotes(323)) - omNode-3@group-523986131536-LeaderElection37 PRE_VOTE round 0: result REJECTED
2024-09-17 10:41:23,908 [omNode-3@group-523986131536-LeaderElection37] INFO  server.RaftServer$Division (RaftServerImpl.java:setRole(376)) - omNode-3@group-523986131536: changes role from CANDIDATE to FOLLOWER at term 1 for REJECTED
2024-09-17 10:41:23,908 [omNode-3@group-523986131536-LeaderElection37] INFO  impl.RoleInfo (RoleInfo.java:shutdownLeaderElection(139)) - omNode-3: shutdown omNode-3@group-523986131536-LeaderElection37
2024-09-17 10:41:23,908 [omNode-3@group-523986131536-LeaderElection37] INFO  impl.RoleInfo (RoleInfo.java:updateAndGet(148)) - omNode-3: start omNode-3@group-523986131536-FollowerState
2024-09-17 10:41:23,958 [timer3] WARN  server.GrpcLogAppender (GrpcLogAppender.java:lambda$resetClient$1(221)) - omNode-1@group-523986131536->omNode-3-GrpcLogAppender: Follower failed (request=null, errorCount=536); keep nextIndex (302) unchanged and retry. (Repeated 2 times in the last 5.000s)
2024-09-17 10:41:23,969 [timer4] WARN  server.GrpcLogAppender (GrpcLogAppender.java:lambda$resetClient$1(221)) - omNode-1@group-523986131536->omNode-3-GrpcLogAppender: Follower failed (request=null, errorCount=538); keep nextIndex (303) unchanged and retry. (Repeated 2 times in the last 5.000s)
2024-09-17 10:41:23,988 [timer4] WARN  server.GrpcLogAppender (GrpcLogAppender.java:lambda$resetClient$1(221)) - omNode-1@group-523986131536->omNode-3-GrpcLogAppender: Follower failed (request=null, errorCount=540); keep nextIndex (304) unchanged and retry. (Repeated 2 times in the last 5.000s)
2024-09-17 10:41:23,997 [timer6] WARN  server.GrpcLogAppender (GrpcLogAppender.java:lambda$resetClient$1(221)) - omNode-1@group-523986131536->omNode-3-GrpcLogAppender: Follower failed (request=null, errorCount=542); keep nextIndex (306) unchanged and retry. (Repeated 2 times in the last 4.999s)
2024-09-17 10:41:24,013 [timer1] WARN  server.GrpcLogAppender (GrpcLogAppender.java:lambda$resetClient$1(221)) - omNode-1@group-523986131536->omNode-3-GrpcLogAppender: Follower failed (request=null, errorCount=544); keep nextIndex (307) unchanged and retry. (Repeated 2 times in the last 5.000s)
2024-09-17 10:41:24,024 [timer1] WARN  server.GrpcLogAppender (GrpcLogAppender.java:lambda$resetClient$1(221)) - omNode-1@group-523986131536->omNode-3-GrpcLogAppender: Follower failed (request=null, errorCount=546); keep nextIndex (308) unchanged and retry. (Repeated 2 times in the last 5.001s)
2024-09-17 10:41:24,035 [timer3] WARN  server.GrpcLogAppender (GrpcLogAppender.java:lambda$resetClient$1(221)) - omNode-1@group-523986131536->omNode-3-GrpcLogAppender: Follower failed (request=null, errorCount=548); keep nextIndex (309) unchanged and retry. (Repeated 2 times in the last 5.001s)
2024-09-17 10:41:24,045 [timer5] WARN  server.GrpcLogAppender (GrpcLogAppender.java:lambda$resetClient$1(221)) - omNode-1@group-523986131536->omNode-3-GrpcLogAppender: Follower failed (request=null, errorCount=550); keep nextIndex (310) unchanged and retry. (Repeated 2 times in the last 5.000s)
2024-09-17 10:41:24,056 [timer7] WARN  server.GrpcLogAppender (GrpcLogAppender.java:lambda$resetClient$1(221)) - omNode-1@group-523986131536->omNode-3-GrpcLogAppender: Follower failed (request=null, errorCount=552); keep nextIndex (311) unchanged and retry. (Repeated 2 times in the last 5.000s)
2024-09-17 10:41:24,067 [timer0] WARN  server.GrpcLogAppender (GrpcLogAppender.java:lambda$resetClient$1(221)) - omNode-1@group-523986131536->omNode-3-GrpcLogAppender: Follower failed (request=null, errorCount=554); keep nextIndex (312) unchanged and retry. (Repeated 2 times in the last 5.000s)
2024-09-17 10:41:24,079 [timer1] WARN  server.GrpcLogAppender (GrpcLogAppender.java:lambda$resetClient$1(221)) - omNode-1@group-523986131536->omNode-3-GrpcLogAppender: Follower failed (request=null, errorCount=556); keep nextIndex (313) unchanged and retry. (Repeated 2 times in the last 5.001s)
2024-09-17 10:41:24,099 [timer4] WARN  server.GrpcLogAppender (GrpcLogAppender.java:lambda$resetClient$1(221)) - omNode-1@group-523986131536->omNode-3-GrpcLogAppender: Follower failed (request=null, errorCount=558); keep nextIndex (315) unchanged and retry. (Repeated 2 times in the last 5.000s)
2024-09-17 10:41:24,110 [timer7] WARN  server.GrpcLogAppender (GrpcLogAppender.java:lambda$resetClient$1(221)) - omNode-1@group-523986131536->omNode-3-GrpcLogAppender: Follower failed (request=null, errorCount=560); keep nextIndex (316) unchanged and retry. (Repeated 2 times in the last 5.001s)
2024-09-17 10:41:24,120 [timer1] WARN  server.GrpcLogAppender (GrpcLogAppender.java:lambda$resetClient$1(221)) - omNode-1@group-523986131536->omNode-3-GrpcLogAppender: Follower failed (request=null, errorCount=562); keep nextIndex (317) unchanged and retry. (Repeated 2 times in the last 4.999s)
2024-09-17 10:41:24,131 [timer6] WARN  server.GrpcLogAppender (GrpcLogAppender.java:lambda$resetClient$1(221)) - omNode-1@group-523986131536->omNode-3-GrpcLogAppender: Follower failed (request=null, errorCount=564); keep nextIndex (318) unchanged and retry. (Repeated 2 times in the last 5.000s)
2024-09-17 10:41:24,142 [timer0] WARN  server.GrpcLogAppender (GrpcLogAppender.java:lambda$resetClient$1(221)) - omNode-1@group-523986131536->omNode-3-GrpcLogAppender: Follower failed (request=null, errorCount=566); keep nextIndex (319) unchanged and retry. (Repeated 2 times in the last 5.000s)
2024-09-17 10:41:24,154 [timer3] WARN  server.GrpcLogAppender (GrpcLogAppender.java:lambda$resetClient$1(221)) - omNode-1@group-523986131536->omNode-3-GrpcLogAppender: Follower failed (request=null, errorCount=568); keep nextIndex (320) unchanged and retry. (Repeated 2 times in the last 5.001s)
2024-09-17 10:41:24,164 [timer5] WARN  server.GrpcLogAppender (GrpcLogAppender.java:lambda$resetClient$1(221)) - omNode-1@group-523986131536->omNode-3-GrpcLogAppender: Follower failed (request=null, errorCount=570); keep nextIndex (321) unchanged and retry. (Repeated 2 times in the last 5.000s)
2024-09-17 10:41:24,175 [timer2] WARN  server.GrpcLogAppender (GrpcLogAppender.java:lambda$resetClient$1(221)) - omNode-1@group-523986131536->omNode-3-GrpcLogAppender: Follower failed (request=null, errorCount=572); keep nextIndex (322) unchanged and retry. (Repeated 2 times in the last 5.001s)
2024-09-17 10:41:24,185 [timer4] WARN  server.GrpcLogAppender (GrpcLogAppender.java:lambda$resetClient$1(221)) - omNode-1@group-523986131536->omNode-3-GrpcLogAppender: Follower failed (request=null, errorCount=574); keep nextIndex (323) unchanged and retry. (Repeated 2 times in the last 5.000s)
2024-09-17 10:41:24,196 [timer6] WARN  server.GrpcLogAppender (GrpcLogAppender.java:lambda$resetClient$1(221)) - omNode-1@group-523986131536->omNode-3-GrpcLogAppender: Follower failed (request=null, errorCount=578); keep nextIndex (324) unchanged and retry. (Repeated 4 times in the last 5.000s)
2024-09-17 10:41:24,218 [timer1] WARN  server.GrpcLogAppender (GrpcLogAppender.java:lambda$resetClient$1(221)) - omNode-1@group-523986131536->omNode-3-GrpcLogAppender: Follower failed (request=null, errorCount=580); keep nextIndex (326) unchanged and retry. (Repeated 2 times in the last 5.000s)
2024-09-17 10:41:24,229 [timer1] WARN  server.GrpcLogAppender (GrpcLogAppender.java:lambda$resetClient$1(221)) - omNode-1@group-523986131536->omNode-3-GrpcLogAppender: Follower failed (request=null, errorCount=582); keep nextIndex (327) unchanged and retry. (Repeated 2 times in the last 5.000s)
2024-09-17 10:41:24,250 [timer2] WARN  server.GrpcLogAppender (GrpcLogAppender.java:lambda$resetClient$1(221)) - omNode-1@group-523986131536->omNode-3-GrpcLogAppender: Follower failed (request=null, errorCount=584); keep nextIndex (328) unchanged and retry. (Repeated 2 times in the last 5.001s)
2024-09-17 10:41:24,261 [timer6] WARN  server.GrpcLogAppender (GrpcLogAppender.java:lambda$resetClient$1(221)) - omNode-1@group-523986131536->omNode-3-GrpcLogAppender: Follower failed (request=null, errorCount=586); keep nextIndex (330) unchanged and retry. (Repeated 2 times in the last 5.001s)
2024-09-17 10:41:24,273 [timer6] WARN  server.GrpcLogAppender (GrpcLogAppender.java:lambda$resetClient$1(221)) - omNode-1@group-523986131536->omNode-3-GrpcLogAppender: Follower failed (request=null, errorCount=588); keep nextIndex (331) unchanged and retry. (Repeated 2 times in the last 5.001s)
2024-09-17 10:41:24,282 [timer0] WARN  server.GrpcLogAppender (GrpcLogAppender.java:lambda$resetClient$1(221)) - omNode-1@group-523986131536->omNode-3-GrpcLogAppender: Follower failed (request=null, errorCount=590); keep nextIndex (332) unchanged and retry. (Repeated 2 times in the last 5.000s)
2024-09-17 10:41:24,293 [timer1] WARN  server.GrpcLogAppender (GrpcLogAppender.java:lambda$resetClient$1(221)) - omNode-1@group-523986131536->omNode-3-GrpcLogAppender: Follower failed (request=null, errorCount=592); keep nextIndex (333) unchanged and retry. (Repeated 2 times in the last 5.001s)
2024-09-17 10:41:24,304 [timer4] WARN  server.GrpcLogAppender (GrpcLogAppender.java:lambda$resetClient$1(221)) - omNode-1@group-523986131536->omNode-3-GrpcLogAppender: Follower failed (request=null, errorCount=594); keep nextIndex (334) unchanged and retry. (Repeated 2 times in the last 5.001s)
2024-09-17 10:41:24,314 [timer5] WARN  server.GrpcLogAppender (GrpcLogAppender.java:lambda$resetClient$1(221)) - omNode-1@group-523986131536->omNode-3-GrpcLogAppender: Follower failed (request=null, errorCount=596); keep nextIndex (335) unchanged and retry. (Repeated 2 times in the last 4.999s)
2024-09-17 10:41:24,330 [timer6] WARN  server.GrpcLogAppender (GrpcLogAppender.java:lambda$resetClient$1(221)) - omNode-1@group-523986131536->omNode-3-GrpcLogAppender: Follower failed (request=null, errorCount=598); keep nextIndex (336) unchanged and retry. (Repeated 2 times in the last 5.000s)
2024-09-17 10:41:24,336 [timer7] WARN  server.GrpcLogAppender (GrpcLogAppender.java:lambda$resetClient$1(221)) - omNode-1@group-523986131536->omNode-3-GrpcLogAppender: Follower failed (request=null, errorCount=600); keep nextIndex (337) unchanged and retry. (Repeated 2 times in the last 5.001s)
2024-09-17 10:41:24,347 [timer2] WARN  server.GrpcLogAppender (GrpcLogAppender.java:lambda$resetClient$1(221)) - omNode-1@group-523986131536->omNode-3-GrpcLogAppender: Follower failed (request=null, errorCount=602); keep nextIndex (338) unchanged and retry. (Repeated 2 times in the last 5.000s)
2024-09-17 10:41:24,357 [timer3] WARN  server.GrpcLogAppender (GrpcLogAppender.java:lambda$resetClient$1(221)) - omNode-1@group-523986131536->omNode-3-GrpcLogAppender: Follower failed (request=null, errorCount=604); keep nextIndex (339) unchanged and retry. (Repeated 2 times in the last 5.000s)
2024-09-17 10:41:24,367 [timer5] WARN  server.GrpcLogAppender (GrpcLogAppender.java:lambda$resetClient$1(221)) - omNode-1@group-523986131536->omNode-3-GrpcLogAppender: Follower failed (request=null, errorCount=606); keep nextIndex (340) unchanged and retry. (Repeated 2 times in the last 4.999s)
2024-09-17 10:41:24,379 [timer5] WARN  server.GrpcLogAppender (GrpcLogAppender.java:lambda$resetClient$1(221)) - omNode-1@group-523986131536->omNode-3-GrpcLogAppender: Follower failed (request=null, errorCount=610); keep nextIndex (341) unchanged and retry. (Repeated 4 times in the last 5.000s)
2024-09-17 10:41:24,512 [timer4] WARN  server.GrpcLogAppender (GrpcLogAppender.java:lambda$resetClient$1(221)) - omNode-1@group-523986131536->omNode-3-GrpcLogAppender: Follower failed (request=null, errorCount=612); keep nextIndex (344) unchanged and retry. (Repeated 2 times in the last 5.001s)
2024-09-17 10:41:24,522 [timer4] WARN  server.GrpcLogAppender (GrpcLogAppender.java:lambda$resetClient$1(221)) - omNode-1@group-523986131536->omNode-3-GrpcLogAppender: Follower failed (request=null, errorCount=614); keep nextIndex (345) unchanged and retry. (Repeated 2 times in the last 5.000s)
2024-09-17 10:41:24,534 [timer6] WARN  server.GrpcLogAppender (GrpcLogAppender.java:lambda$resetClient$1(221)) - omNode-1@group-523986131536->omNode-3-GrpcLogAppender: Follower failed (request=null, errorCount=616); keep nextIndex (346) unchanged and retry. (Repeated 2 times in the last 5.000s)
2024-09-17 10:41:24,545 [timer7] WARN  server.GrpcLogAppender (GrpcLogAppender.java:lambda$resetClient$1(221)) - omNode-1@group-523986131536->omNode-3-GrpcLogAppender: Follower failed (request=null, errorCount=618); keep nextIndex (347) unchanged and retry. (Repeated 2 times in the last 5.001s)
2024-09-17 10:41:24,555 [timer2] WARN  server.GrpcLogAppender (GrpcLogAppender.java:lambda$resetClient$1(221)) - omNode-1@group-523986131536->omNode-3-GrpcLogAppender: Follower failed (request=null, errorCount=620); keep nextIndex (348) unchanged and retry. (Repeated 2 times in the last 5.000s)
2024-09-17 10:41:24,566 [timer3] WARN  server.GrpcLogAppender (GrpcLogAppender.java:lambda$resetClient$1(221)) - omNode-1@group-523986131536->omNode-3-GrpcLogAppender: Follower failed (request=null, errorCount=622); keep nextIndex (349) unchanged and retry. (Repeated 2 times in the last 5.000s)
2024-09-17 10:41:24,577 [timer4] WARN  server.GrpcLogAppender (GrpcLogAppender.java:lambda$resetClient$1(221)) - omNode-1@group-523986131536->omNode-3-GrpcLogAppender: Follower failed (request=null, errorCount=624); keep nextIndex (350) unchanged and retry. (Repeated 2 times in the last 5.000s)
2024-09-17 10:41:24,587 [timer5] WARN  server.GrpcLogAppender (GrpcLogAppender.java:lambda$resetClient$1(221)) - omNode-1@group-523986131536->omNode-3-GrpcLogAppender: Follower failed (request=null, errorCount=626); keep nextIndex (351) unchanged and retry. (Repeated 2 times in the last 5.000s)
2024-09-17 10:41:24,599 [timer0] WARN  server.GrpcLogAppender (GrpcLogAppender.java:lambda$resetClient$1(221)) - omNode-1@group-523986131536->omNode-3-GrpcLogAppender: Follower failed (request=null, errorCount=628); keep nextIndex (352) unchanged and retry. (Repeated 2 times in the last 5.000s)
2024-09-17 10:41:24,609 [timer2] WARN  server.GrpcLogAppender (GrpcLogAppender.java:lambda$resetClient$1(221)) - omNode-1@group-523986131536->omNode-3-GrpcLogAppender: Follower failed (request=null, errorCount=630); keep nextIndex (353) unchanged and retry. (Repeated 2 times in the last 5.000s)
2024-09-17 10:41:24,620 [timer4] WARN  server.GrpcLogAppender (GrpcLogAppender.java:lambda$resetClient$1(221)) - omNode-1@group-523986131536->omNode-3-GrpcLogAppender: Follower failed (request=null, errorCount=632); keep nextIndex (354) unchanged and retry. (Repeated 2 times in the last 5.000s)
2024-09-17 10:41:24,631 [timer4] WARN  server.GrpcLogAppender (GrpcLogAppender.java:lambda$resetClient$1(221)) - omNode-1@group-523986131536->omNode-3-GrpcLogAppender: Follower failed (request=null, errorCount=634); keep nextIndex (355) unchanged and retry. (Repeated 2 times in the last 5.001s)
2024-09-17 10:41:24,641 [timer0] WARN  server.GrpcLogAppender (GrpcLogAppender.java:lambda$resetClient$1(221)) - omNode-1@group-523986131536->omNode-3-GrpcLogAppender: Follower failed (request=null, errorCount=636); keep nextIndex (356) unchanged and retry. (Repeated 2 times in the last 5.000s)
2024-09-17 10:41:24,652 [timer2] WARN  server.GrpcLogAppender (GrpcLogAppender.java:lambda$resetClient$1(221)) - omNode-1@group-523986131536->omNode-3-GrpcLogAppender: Follower failed (request=null, errorCount=638); keep nextIndex (357) unchanged and retry. (Repeated 2 times in the last 5.000s)
2024-09-17 10:41:24,664 [timer5] WARN  server.GrpcLogAppender (GrpcLogAppender.java:lambda$resetClient$1(221)) - omNode-1@group-523986131536->omNode-3-GrpcLogAppender: Follower failed (request=null, errorCount=640); keep nextIndex (358) unchanged and retry. (Repeated 2 times in the last 5.001s)
2024-09-17 10:41:24,675 [timer7] WARN  server.GrpcLogAppender (GrpcLogAppender.java:lambda$resetClient$1(221)) - omNode-1@group-523986131536->omNode-3-GrpcLogAppender: Follower failed (request=null, errorCount=642); keep nextIndex (359) unchanged and retry. (Repeated 2 times in the last 5.001s)
2024-09-17 10:41:24,684 [timer4] WARN  server.GrpcLogAppender (GrpcLogAppender.java:lambda$resetClient$1(221)) - omNode-1@group-523986131536->omNode-3-GrpcLogAppender: Follower failed (request=null, errorCount=644); keep nextIndex (360) unchanged and retry. (Repeated 2 times in the last 5.000s)
2024-09-17 10:41:24,695 [timer6] WARN  server.GrpcLogAppender (GrpcLogAppender.java:lambda$resetClient$1(221)) - omNode-1@group-523986131536->omNode-3-GrpcLogAppender: Follower failed (request=null, errorCount=646); keep nextIndex (361) unchanged and retry. (Repeated 2 times in the last 5.000s)
2024-09-17 10:41:24,706 [timer1] WARN  server.GrpcLogAppender (GrpcLogAppender.java:lambda$resetClient$1(221)) - omNode-1@group-523986131536->omNode-3-GrpcLogAppender: Follower failed (request=null, errorCount=648); keep nextIndex (362) unchanged and retry. (Repeated 2 times in the last 5.000s)
2024-09-17 10:41:24,717 [timer3] WARN  server.GrpcLogAppender (GrpcLogAppender.java:lambda$resetClient$1(221)) - omNode-1@group-523986131536->omNode-3-GrpcLogAppender: Follower failed (request=null, errorCount=650); keep nextIndex (363) unchanged and retry. (Repeated 2 times in the last 5.000s)
2024-09-17 10:41:24,728 [timer0] WARN  server.GrpcLogAppender (GrpcLogAppender.java:lambda$resetClient$1(221)) - omNode-1@group-523986131536->omNode-3-GrpcLogAppender: Follower failed (request=null, errorCount=652); keep nextIndex (364) unchanged and retry. (Repeated 2 times in the last 5.000s)
2024-09-17 10:41:24,739 [timer2] WARN  server.GrpcLogAppender (GrpcLogAppender.java:lambda$resetClient$1(221)) - omNode-1@group-523986131536->omNode-3-GrpcLogAppender: Follower failed (request=null, errorCount=654); keep nextIndex (365) unchanged and retry. (Repeated 2 times in the last 5.001s)
2024-09-17 10:41:24,749 [timer4] WARN  server.GrpcLogAppender (GrpcLogAppender.java:lambda$resetClient$1(221)) - omNode-1@group-523986131536->omNode-3-GrpcLogAppender: Follower failed (request=null, errorCount=658); keep nextIndex (366) unchanged and retry. (Repeated 4 times in the last 5.000s)
2024-09-17 10:41:24,781 [timer7] WARN  server.GrpcLogAppender (GrpcLogAppender.java:lambda$resetClient$1(221)) - omNode-1@group-523986131536->omNode-3-GrpcLogAppender: Follower failed (request=null, errorCount=660); keep nextIndex (368) unchanged and retry. (Repeated 2 times in the last 5.000s)
2024-09-17 10:41:24,785 [timer1] WARN  server.GrpcLogAppender (GrpcLogAppender.java:lambda$resetClient$1(221)) - omNode-1@group-523986131536->omNode-3-GrpcLogAppender: Follower failed (request=null, errorCount=662); keep nextIndex (370) unchanged and retry. (Repeated 2 times in the last 5.000s)
2024-09-17 10:41:24,802 [timer2] WARN  server.GrpcLogAppender (GrpcLogAppender.java:lambda$resetClient$1(221)) - omNode-1@group-523986131536->omNode-3-GrpcLogAppender: Follower failed (request=null, errorCount=664); keep nextIndex (371) unchanged and retry. (Repeated 2 times in the last 5.001s)
2024-09-17 10:41:24,807 [timer5] WARN  server.GrpcLogAppender (GrpcLogAppender.java:lambda$resetClient$1(221)) - omNode-1@group-523986131536->omNode-3-GrpcLogAppender: Follower failed (request=null, errorCount=666); keep nextIndex (372) unchanged and retry. (Repeated 2 times in the last 5.000s)
2024-09-17 10:41:24,824 [timer6] WARN  server.GrpcLogAppender (GrpcLogAppender.java:lambda$resetClient$1(221)) - omNode-1@group-523986131536->omNode-3-GrpcLogAppender: Follower failed (request=null, errorCount=668); keep nextIndex (373) unchanged and retry. (Repeated 2 times in the last 5.001s)
2024-09-17 10:41:24,834 [timer7] WARN  server.GrpcLogAppender (GrpcLogAppender.java:lambda$resetClient$1(221)) - omNode-1@group-523986131536->omNode-3-GrpcLogAppender: Follower failed (request=null, errorCount=670); keep nextIndex (374) unchanged and retry. (Repeated 2 times in the last 5.000s)
2024-09-17 10:41:24,845 [timer1] WARN  server.GrpcLogAppender (GrpcLogAppender.java:lambda$resetClient$1(221)) - omNode-1@group-523986131536->omNode-3-GrpcLogAppender: Follower failed (request=null, errorCount=672); keep nextIndex (375) unchanged and retry. (Repeated 2 times in the last 5.000s)
2024-09-17 10:41:24,856 [timer3] WARN  server.GrpcLogAppender (GrpcLogAppender.java:lambda$resetClient$1(221)) - omNode-1@group-523986131536->omNode-3-GrpcLogAppender: Follower failed (request=null, errorCount=674); keep nextIndex (376) unchanged and retry. (Repeated 2 times in the last 5.000s)
2024-09-17 10:41:24,868 [timer5] WARN  server.GrpcLogAppender (GrpcLogAppender.java:lambda$resetClient$1(221)) - omNode-1@group-523986131536->omNode-3-GrpcLogAppender: Follower failed (request=null, errorCount=676); keep nextIndex (377) unchanged and retry. (Repeated 2 times in the last 5.001s)
2024-09-17 10:41:24,878 [timer5] WARN  server.GrpcLogAppender (GrpcLogAppender.java:lambda$resetClient$1(221)) - omNode-1@group-523986131536->omNode-3-GrpcLogAppender: Follower failed (request=null, errorCount=678); keep nextIndex (378) unchanged and retry. (Repeated 2 times in the last 5.000s)
2024-09-17 10:41:24,888 [timer7] WARN  server.GrpcLogAppender (GrpcLogAppender.java:lambda$resetClient$1(221)) - omNode-1@group-523986131536->omNode-3-GrpcLogAppender: Follower failed (request=null, errorCount=680); keep nextIndex (379) unchanged and retry. (Repeated 2 times in the last 5.000s)
2024-09-17 10:41:24,899 [timer1] WARN  server.GrpcLogAppender (GrpcLogAppender.java:lambda$resetClient$1(221)) - omNode-1@group-523986131536->omNode-3-GrpcLogAppender: Follower failed (request=null, errorCount=682); keep nextIndex (380) unchanged and retry. (Repeated 2 times in the last 5.000s)
2024-09-17 10:41:24,910 [timer3] WARN  server.GrpcLogAppender (GrpcLogAppender.java:lambda$resetClient$1(221)) - omNode-1@group-523986131536->omNode-3-GrpcLogAppender: Follower failed (request=null, errorCount=684); keep nextIndex (381) unchanged and retry. (Repeated 2 times in the last 5.001s)
2024-09-17 10:41:24,922 [timer3] WARN  server.GrpcLogAppender (GrpcLogAppender.java:lambda$resetClient$1(221)) - omNode-1@group-523986131536->omNode-3-GrpcLogAppender: Follower failed (request=null, errorCount=686); keep nextIndex (382) unchanged and retry. (Repeated 2 times in the last 5.001s)
2024-09-17 10:41:24,932 [timer5] WARN  server.GrpcLogAppender (GrpcLogAppender.java:lambda$resetClient$1(221)) - omNode-1@group-523986131536->omNode-3-GrpcLogAppender: Follower failed (request=null, errorCount=690); keep nextIndex (383) unchanged and retry. (Repeated 4 times in the last 5.000s)
2024-09-17 10:41:24,990 [omNode-3@group-523986131536-FollowerState] INFO  impl.FollowerState (FollowerState.java:run(144)) - omNode-3@group-523986131536-FollowerState: change to CANDIDATE, lastRpcElapsedTime:1082409935ns, electionTimeout:1082ms
2024-09-17 10:41:24,990 [omNode-3@group-523986131536-FollowerState] INFO  impl.RoleInfo (RoleInfo.java:shutdownFollowerState(119)) - omNode-3: shutdown omNode-3@group-523986131536-FollowerState
2024-09-17 10:41:24,991 [omNode-3@group-523986131536-FollowerState] INFO  server.RaftServer$Division (RaftServerImpl.java:setRole(376)) - omNode-3@group-523986131536: changes role from  FOLLOWER to CANDIDATE at term 1 for changeToCandidate
2024-09-17 10:41:24,991 [omNode-3@group-523986131536-FollowerState] INFO  server.RaftServerConfigKeys (ConfUtils.java:logGet(46)) - raft.server.leaderelection.pre-vote = true (default)
2024-09-17 10:41:24,991 [omNode-3@group-523986131536-FollowerState] INFO  impl.RoleInfo (RoleInfo.java:updateAndGet(148)) - omNode-3: start omNode-3@group-523986131536-LeaderElection38
2024-09-17 10:41:24,991 [omNode-3@group-523986131536-LeaderElection38] INFO  impl.LeaderElection (LeaderElection.java:askForVotes(321)) - omNode-3@group-523986131536-LeaderElection38 PRE_VOTE round 0: submit vote requests at term 1 for conf: {index: -1, cur=peers:[omNode-3|localhost:15101, omNode-1|localhost:15093, omNode-2|localhost:15097]|listeners:[], old=null}
2024-09-17 10:41:24,993 [grpc-default-executor-3] INFO  server.RaftServer$Division (RaftServerImpl.java:requestVote(1416)) - omNode-1@group-523986131536: receive requestVote(PRE_VOTE, omNode-3, group-523986131536, 1, (t:0, i:~))
2024-09-17 10:41:24,993 [grpc-default-executor-0] INFO  server.RaftServer$Division (RaftServerImpl.java:requestVote(1416)) - omNode-2@group-523986131536: receive requestVote(PRE_VOTE, omNode-3, group-523986131536, 1, (t:0, i:~))
2024-09-17 10:41:24,993 [grpc-default-executor-0] INFO  impl.VoteContext (VoteContext.java:log(49)) - omNode-2@group-523986131536-FOLLOWER: reject PRE_VOTE from omNode-3: this server is a follower and still has a valid leader omNode-1 different than the candidate omNode-3
2024-09-17 10:41:24,993 [grpc-default-executor-3] INFO  impl.VoteContext (VoteContext.java:log(49)) - omNode-1@group-523986131536-LEADER: reject PRE_VOTE from omNode-3: this server is the leader and still has leadership
2024-09-17 10:41:24,993 [grpc-default-executor-3] INFO  server.RaftServer$Division (RaftServerImpl.java:requestVote(1449)) - omNode-1@group-523986131536 replies to PRE_VOTE vote request: omNode-3<-omNode-1#0:FAIL-t1. Peer's state: omNode-1@group-523986131536:t1, leader=omNode-1, voted=omNode-1, raftlog=Memoized:omNode-1@group-523986131536-SegmentedRaftLog:OPENED:c424:last(t:1, i:424), conf=conf: {index: 0, cur=peers:[omNode-3|localhost:15101, omNode-1|localhost:15093, omNode-2|localhost:15097]|listeners:[], old=null}
2024-09-17 10:41:24,993 [grpc-default-executor-0] INFO  server.RaftServer$Division (RaftServerImpl.java:requestVote(1449)) - omNode-2@group-523986131536 replies to PRE_VOTE vote request: omNode-3<-omNode-2#0:FAIL-t1. Peer's state: omNode-2@group-523986131536:t1, leader=omNode-1, voted=omNode-1, raftlog=Memoized:omNode-2@group-523986131536-SegmentedRaftLog:OPENED:c424:last(t:1, i:424), conf=conf: {index: 0, cur=peers:[omNode-3|localhost:15101, omNode-1|localhost:15093, omNode-2|localhost:15097]|listeners:[], old=null}
2024-09-17 10:41:24,994 [omNode-3@group-523986131536-LeaderElection38] INFO  impl.LeaderElection (LeaderElection.java:logAndReturn(89)) - omNode-3@group-523986131536-LeaderElection38: PRE_VOTE REJECTED received 2 response(s) and 0 exception(s):
2024-09-17 10:41:24,994 [omNode-3@group-523986131536-LeaderElection38] INFO  impl.LeaderElection (LeaderElection.java:logAndReturn(93)) -   Response 0: omNode-3<-omNode-1#0:FAIL-t1
2024-09-17 10:41:24,994 [omNode-3@group-523986131536-LeaderElection38] INFO  impl.LeaderElection (LeaderElection.java:logAndReturn(93)) -   Response 1: omNode-3<-omNode-2#0:FAIL-t1
2024-09-17 10:41:24,994 [omNode-3@group-523986131536-LeaderElection38] INFO  impl.LeaderElection (LeaderElection.java:askForVotes(323)) - omNode-3@group-523986131536-LeaderElection38 PRE_VOTE round 0: result REJECTED
2024-09-17 10:41:24,994 [omNode-3@group-523986131536-LeaderElection38] INFO  server.RaftServer$Division (RaftServerImpl.java:setRole(376)) - omNode-3@group-523986131536: changes role from CANDIDATE to FOLLOWER at term 1 for REJECTED
2024-09-17 10:41:24,994 [omNode-3@group-523986131536-LeaderElection38] INFO  impl.RoleInfo (RoleInfo.java:shutdownLeaderElection(139)) - omNode-3: shutdown omNode-3@group-523986131536-LeaderElection38
2024-09-17 10:41:24,994 [omNode-3@group-523986131536-LeaderElection38] INFO  impl.RoleInfo (RoleInfo.java:updateAndGet(148)) - omNode-3: start omNode-3@group-523986131536-FollowerState
2024-09-17 10:41:25,062 [timer3] WARN  server.GrpcLogAppender (GrpcLogAppender.java:lambda$resetClient$1(221)) - omNode-1@group-523986131536->omNode-3-GrpcLogAppender: Follower failed (request=null, errorCount=692); keep nextIndex (386) unchanged and retry. (Repeated 2 times in the last 5.000s)
2024-09-17 10:41:25,074 [timer2] WARN  server.GrpcLogAppender (GrpcLogAppender.java:lambda$resetClient$1(221)) - omNode-1@group-523986131536->omNode-3-GrpcLogAppender: Follower failed (request=null, errorCount=694); keep nextIndex (387) unchanged and retry. (Repeated 2 times in the last 5.001s)
2024-09-17 10:41:25,090 [timer2] WARN  server.GrpcLogAppender (GrpcLogAppender.java:lambda$resetClient$1(221)) - omNode-1@group-523986131536->omNode-3-GrpcLogAppender: Follower failed (request=null, errorCount=696); keep nextIndex (388) unchanged and retry. (Repeated 2 times in the last 4.999s)
2024-09-17 10:41:25,103 [timer1] WARN  server.GrpcLogAppender (GrpcLogAppender.java:lambda$resetClient$1(221)) - omNode-1@group-523986131536->omNode-3-GrpcLogAppender: Follower failed (request=null, errorCount=698); keep nextIndex (389) unchanged and retry. (Repeated 2 times in the last 5.000s)
2024-09-17 10:41:25,123 [timer4] WARN  server.GrpcLogAppender (GrpcLogAppender.java:lambda$resetClient$1(221)) - omNode-1@group-523986131536->omNode-3-GrpcLogAppender: Follower failed (request=null, errorCount=700); keep nextIndex (390) unchanged and retry. (Repeated 2 times in the last 5.001s)
2024-09-17 10:41:25,127 [timer4] WARN  server.GrpcLogAppender (GrpcLogAppender.java:lambda$resetClient$1(221)) - omNode-1@group-523986131536->omNode-3-GrpcLogAppender: Follower failed (request=null, errorCount=702); keep nextIndex (392) unchanged and retry. (Repeated 2 times in the last 5.001s)
2024-09-17 10:41:25,145 [timer3] WARN  server.GrpcLogAppender (GrpcLogAppender.java:lambda$resetClient$1(221)) - omNode-1@group-523986131536->omNode-3-GrpcLogAppender: Follower failed (request=null, errorCount=704); keep nextIndex (393) unchanged and retry. (Repeated 2 times in the last 5.000s)
2024-09-17 10:41:25,151 [timer5] WARN  server.GrpcLogAppender (GrpcLogAppender.java:lambda$resetClient$1(221)) - omNode-1@group-523986131536->omNode-3-GrpcLogAppender: Follower failed (request=null, errorCount=706); keep nextIndex (394) unchanged and retry. (Repeated 2 times in the last 5.000s)
2024-09-17 10:41:25,167 [timer6] WARN  server.GrpcLogAppender (GrpcLogAppender.java:lambda$resetClient$1(221)) - omNode-1@group-523986131536->omNode-3-GrpcLogAppender: Follower failed (request=null, errorCount=708); keep nextIndex (395) unchanged and retry. (Repeated 2 times in the last 5.001s)
2024-09-17 10:41:25,177 [timer7] WARN  server.GrpcLogAppender (GrpcLogAppender.java:lambda$resetClient$1(221)) - omNode-1@group-523986131536->omNode-3-GrpcLogAppender: Follower failed (request=null, errorCount=710); keep nextIndex (396) unchanged and retry. (Repeated 2 times in the last 5.001s)
2024-09-17 10:41:25,188 [timer2] WARN  server.GrpcLogAppender (GrpcLogAppender.java:lambda$resetClient$1(221)) - omNode-1@group-523986131536->omNode-3-GrpcLogAppender: Follower failed (request=null, errorCount=712); keep nextIndex (397) unchanged and retry. (Repeated 2 times in the last 5.000s)
2024-09-17 10:41:25,198 [timer5] WARN  server.GrpcLogAppender (GrpcLogAppender.java:lambda$resetClient$1(221)) - omNode-1@group-523986131536->omNode-3-GrpcLogAppender: Follower failed (request=null, errorCount=714); keep nextIndex (398) unchanged and retry. (Repeated 2 times in the last 5.001s)
2024-09-17 10:41:25,209 [timer7] WARN  server.GrpcLogAppender (GrpcLogAppender.java:lambda$resetClient$1(221)) - omNode-1@group-523986131536->omNode-3-GrpcLogAppender: Follower failed (request=null, errorCount=716); keep nextIndex (399) unchanged and retry. (Repeated 2 times in the last 5.001s)
2024-09-17 10:41:25,220 [timer0] WARN  server.GrpcLogAppender (GrpcLogAppender.java:lambda$resetClient$1(221)) - omNode-1@group-523986131536->omNode-3-GrpcLogAppender: Follower failed (request=null, errorCount=718); keep nextIndex (400) unchanged and retry. (Repeated 2 times in the last 5.001s)
2024-09-17 10:41:25,231 [timer3] WARN  server.GrpcLogAppender (GrpcLogAppender.java:lambda$resetClient$1(221)) - omNode-1@group-523986131536->omNode-3-GrpcLogAppender: Follower failed (request=null, errorCount=720); keep nextIndex (401) unchanged and retry. (Repeated 2 times in the last 5.000s)
2024-09-17 10:41:25,242 [timer5] WARN  server.GrpcLogAppender (GrpcLogAppender.java:lambda$resetClient$1(221)) - omNode-1@group-523986131536->omNode-3-GrpcLogAppender: Follower failed (request=null, errorCount=722); keep nextIndex (402) unchanged and retry. (Repeated 2 times in the last 5.001s)
2024-09-17 10:41:25,253 [timer0] WARN  server.GrpcLogAppender (GrpcLogAppender.java:lambda$resetClient$1(221)) - omNode-1@group-523986131536->omNode-3-GrpcLogAppender: Follower failed (request=null, errorCount=724); keep nextIndex (403) unchanged and retry. (Repeated 2 times in the last 5.001s)
2024-09-17 10:41:25,271 [timer1] WARN  server.GrpcLogAppender (GrpcLogAppender.java:lambda$resetClient$1(221)) - omNode-1@group-523986131536->omNode-3-GrpcLogAppender: Follower failed (request=null, errorCount=726); keep nextIndex (404) unchanged and retry. (Repeated 2 times in the last 5.000s)
2024-09-17 10:41:25,287 [timer5] WARN  server.GrpcLogAppender (GrpcLogAppender.java:lambda$resetClient$1(221)) - omNode-1@group-523986131536->omNode-3-GrpcLogAppender: Follower failed (request=null, errorCount=728); keep nextIndex (406) unchanged and retry. (Repeated 2 times in the last 5.001s)
2024-09-17 10:41:25,295 [timer4] WARN  server.GrpcLogAppender (GrpcLogAppender.java:lambda$resetClient$1(221)) - omNode-1@group-523986131536->omNode-3-GrpcLogAppender: Follower failed (request=null, errorCount=730); keep nextIndex (407) unchanged and retry. (Repeated 2 times in the last 5.000s)
2024-09-17 10:41:25,306 [timer5] WARN  server.GrpcLogAppender (GrpcLogAppender.java:lambda$resetClient$1(221)) - omNode-1@group-523986131536->omNode-3-GrpcLogAppender: Follower failed (request=null, errorCount=734); keep nextIndex (408) unchanged and retry. (Repeated 4 times in the last 5.000s)
2024-09-17 10:41:25,329 [timer0] WARN  server.GrpcLogAppender (GrpcLogAppender.java:lambda$resetClient$1(221)) - omNode-1@group-523986131536->omNode-3-GrpcLogAppender: Follower failed (request=null, errorCount=736); keep nextIndex (410) unchanged and retry. (Repeated 2 times in the last 5.001s)
2024-09-17 10:41:25,339 [timer7] WARN  server.GrpcLogAppender (GrpcLogAppender.java:lambda$resetClient$1(221)) - omNode-1@group-523986131536->omNode-3-GrpcLogAppender: Follower failed (request=null, errorCount=738); keep nextIndex (411) unchanged and retry. (Repeated 2 times in the last 5.000s)
2024-09-17 10:41:25,349 [timer0] WARN  server.GrpcLogAppender (GrpcLogAppender.java:lambda$resetClient$1(221)) - omNode-1@group-523986131536->omNode-3-GrpcLogAppender: Follower failed (request=null, errorCount=740); keep nextIndex (412) unchanged and retry. (Repeated 2 times in the last 4.999s)
2024-09-17 10:41:25,360 [timer7] WARN  server.GrpcLogAppender (GrpcLogAppender.java:lambda$resetClient$1(221)) - omNode-1@group-523986131536->omNode-3-GrpcLogAppender: Follower failed (request=null, errorCount=742); keep nextIndex (413) unchanged and retry. (Repeated 2 times in the last 4.999s)
2024-09-17 10:41:25,371 [timer1] WARN  server.GrpcLogAppender (GrpcLogAppender.java:lambda$resetClient$1(221)) - omNode-1@group-523986131536->omNode-3-GrpcLogAppender: Follower failed (request=null, errorCount=744); keep nextIndex (414) unchanged and retry. (Repeated 2 times in the last 5.000s)
2024-09-17 10:41:25,382 [timer1] WARN  server.GrpcLogAppender (GrpcLogAppender.java:lambda$resetClient$1(221)) - omNode-1@group-523986131536->omNode-3-GrpcLogAppender: Follower failed (request=null, errorCount=746); keep nextIndex (415) unchanged and retry. (Repeated 2 times in the last 4.999s)
2024-09-17 10:41:25,403 [timer1] WARN  server.GrpcLogAppender (GrpcLogAppender.java:lambda$resetClient$1(221)) - omNode-1@group-523986131536->omNode-3-GrpcLogAppender: Follower failed (request=null, errorCount=748); keep nextIndex (416) unchanged and retry. (Repeated 2 times in the last 5.000s)
2024-09-17 10:41:25,410 [timer3] WARN  server.GrpcLogAppender (GrpcLogAppender.java:lambda$resetClient$1(221)) - omNode-1@group-523986131536->omNode-3-GrpcLogAppender: Follower failed (request=null, errorCount=750); keep nextIndex (418) unchanged and retry. (Repeated 2 times in the last 5.000s)
2024-09-17 10:41:25,425 [timer3] WARN  server.GrpcLogAppender (GrpcLogAppender.java:lambda$resetClient$1(221)) - omNode-1@group-523986131536->omNode-3-GrpcLogAppender: Follower failed (request=null, errorCount=752); keep nextIndex (419) unchanged and retry. (Repeated 2 times in the last 5.001s)
2024-09-17 10:41:25,437 [timer3] WARN  server.GrpcLogAppender (GrpcLogAppender.java:lambda$resetClient$1(221)) - omNode-1@group-523986131536->omNode-3-GrpcLogAppender: Follower failed (request=null, errorCount=754); keep nextIndex (420) unchanged and retry. (Repeated 2 times in the last 5.001s)
2024-09-17 10:41:25,453 [timer6] WARN  server.GrpcLogAppender (GrpcLogAppender.java:lambda$resetClient$1(221)) - omNode-1@group-523986131536->omNode-3-GrpcLogAppender: Follower failed (request=null, errorCount=756); keep nextIndex (422) unchanged and retry. (Repeated 2 times in the last 5.001s)
2024-09-17 10:41:25,467 [timer5] WARN  server.GrpcLogAppender (GrpcLogAppender.java:lambda$resetClient$1(221)) - omNode-1@group-523986131536->omNode-3-GrpcLogAppender: Follower failed (request=null, errorCount=758); keep nextIndex (423) unchanged and retry. (Repeated 2 times in the last 5.001s)
2024-09-17 10:41:25,487 [timer6] WARN  server.GrpcLogAppender (GrpcLogAppender.java:lambda$resetClient$1(221)) - omNode-1@group-523986131536->omNode-3-GrpcLogAppender: Follower failed (request=null, errorCount=762); keep nextIndex (425) unchanged and retry. (Repeated 4 times in the last 4.999s)
2024-09-17 10:41:26,078 [omNode-3@group-523986131536-FollowerState] INFO  impl.FollowerState (FollowerState.java:run(144)) - omNode-3@group-523986131536-FollowerState: change to CANDIDATE, lastRpcElapsedTime:1083792147ns, electionTimeout:1083ms
2024-09-17 10:41:26,078 [omNode-3@group-523986131536-FollowerState] INFO  impl.RoleInfo (RoleInfo.java:shutdownFollowerState(119)) - omNode-3: shutdown omNode-3@group-523986131536-FollowerState
2024-09-17 10:41:26,078 [omNode-3@group-523986131536-FollowerState] INFO  server.RaftServer$Division (RaftServerImpl.java:setRole(376)) - omNode-3@group-523986131536: changes role from  FOLLOWER to CANDIDATE at term 1 for changeToCandidate
2024-09-17 10:41:26,079 [omNode-3@group-523986131536-FollowerState] INFO  server.RaftServerConfigKeys (ConfUtils.java:logGet(46)) - raft.server.leaderelection.pre-vote = true (default)
2024-09-17 10:41:26,079 [omNode-3@group-523986131536-FollowerState] INFO  impl.RoleInfo (RoleInfo.java:updateAndGet(148)) - omNode-3: start omNode-3@group-523986131536-LeaderElection39
2024-09-17 10:41:26,079 [omNode-3@group-523986131536-LeaderElection39] INFO  impl.LeaderElection (LeaderElection.java:askForVotes(321)) - omNode-3@group-523986131536-LeaderElection39 PRE_VOTE round 0: submit vote requests at term 1 for conf: {index: -1, cur=peers:[omNode-3|localhost:15101, omNode-1|localhost:15093, omNode-2|localhost:15097]|listeners:[], old=null}
2024-09-17 10:41:26,080 [grpc-default-executor-3] INFO  server.RaftServer$Division (RaftServerImpl.java:requestVote(1416)) - omNode-2@group-523986131536: receive requestVote(PRE_VOTE, omNode-3, group-523986131536, 1, (t:0, i:~))
2024-09-17 10:41:26,080 [grpc-default-executor-3] INFO  impl.VoteContext (VoteContext.java:log(49)) - omNode-2@group-523986131536-FOLLOWER: reject PRE_VOTE from omNode-3: this server is a follower and still has a valid leader omNode-1 different than the candidate omNode-3
2024-09-17 10:41:26,080 [grpc-default-executor-3] INFO  server.RaftServer$Division (RaftServerImpl.java:requestVote(1449)) - omNode-2@group-523986131536 replies to PRE_VOTE vote request: omNode-3<-omNode-2#0:FAIL-t1. Peer's state: omNode-2@group-523986131536:t1, leader=omNode-1, voted=omNode-1, raftlog=Memoized:omNode-2@group-523986131536-SegmentedRaftLog:OPENED:c424:last(t:1, i:424), conf=conf: {index: 0, cur=peers:[omNode-3|localhost:15101, omNode-1|localhost:15093, omNode-2|localhost:15097]|listeners:[], old=null}
2024-09-17 10:41:26,081 [grpc-default-executor-3] INFO  server.RaftServer$Division (RaftServerImpl.java:requestVote(1416)) - omNode-1@group-523986131536: receive requestVote(PRE_VOTE, omNode-3, group-523986131536, 1, (t:0, i:~))
2024-09-17 10:41:26,081 [grpc-default-executor-3] INFO  impl.VoteContext (VoteContext.java:log(49)) - omNode-1@group-523986131536-LEADER: reject PRE_VOTE from omNode-3: this server is the leader and still has leadership
2024-09-17 10:41:26,081 [grpc-default-executor-3] INFO  server.RaftServer$Division (RaftServerImpl.java:requestVote(1449)) - omNode-1@group-523986131536 replies to PRE_VOTE vote request: omNode-3<-omNode-1#0:FAIL-t1. Peer's state: omNode-1@group-523986131536:t1, leader=omNode-1, voted=omNode-1, raftlog=Memoized:omNode-1@group-523986131536-SegmentedRaftLog:OPENED:c424:last(t:1, i:424), conf=conf: {index: 0, cur=peers:[omNode-3|localhost:15101, omNode-1|localhost:15093, omNode-2|localhost:15097]|listeners:[], old=null}
2024-09-17 10:41:26,081 [omNode-3@group-523986131536-LeaderElection39] INFO  impl.LeaderElection (LeaderElection.java:logAndReturn(89)) - omNode-3@group-523986131536-LeaderElection39: PRE_VOTE REJECTED received 2 response(s) and 0 exception(s):
2024-09-17 10:41:26,082 [omNode-3@group-523986131536-LeaderElection39] INFO  impl.LeaderElection (LeaderElection.java:logAndReturn(93)) -   Response 0: omNode-3<-omNode-1#0:FAIL-t1
2024-09-17 10:41:26,082 [omNode-3@group-523986131536-LeaderElection39] INFO  impl.LeaderElection (LeaderElection.java:logAndReturn(93)) -   Response 1: omNode-3<-omNode-2#0:FAIL-t1
2024-09-17 10:41:26,082 [omNode-3@group-523986131536-LeaderElection39] INFO  impl.LeaderElection (LeaderElection.java:askForVotes(323)) - omNode-3@group-523986131536-LeaderElection39 PRE_VOTE round 0: result REJECTED
2024-09-17 10:41:26,082 [omNode-3@group-523986131536-LeaderElection39] INFO  server.RaftServer$Division (RaftServerImpl.java:setRole(376)) - omNode-3@group-523986131536: changes role from CANDIDATE to FOLLOWER at term 1 for REJECTED
2024-09-17 10:41:26,082 [omNode-3@group-523986131536-LeaderElection39] INFO  impl.RoleInfo (RoleInfo.java:shutdownLeaderElection(139)) - omNode-3: shutdown omNode-3@group-523986131536-LeaderElection39
2024-09-17 10:41:26,082 [omNode-3@group-523986131536-LeaderElection39] INFO  impl.RoleInfo (RoleInfo.java:updateAndGet(148)) - omNode-3: start omNode-3@group-523986131536-FollowerState
2024-09-17 10:41:27,152 [omNode-3-server-thread1] INFO  server.RaftServer$Division (ServerState.java:setLeader(272)) - omNode-3@group-523986131536: change Leader from null to omNode-1 at term 1 for appendEntries, leader elected after 25245ms
2024-09-17 10:41:27,152 [omNode-3-server-thread1] INFO  server.RaftServer$Division (RaftServerImpl.java:checkInconsistentAppendEntries(1651)) - omNode-3@group-523986131536: Failed appendEntries as previous log entry ((t:1, i:424)) is not found
2024-09-17 10:41:27,152 [omNode-3-server-thread1] INFO  server.RaftServer$Division (RaftServerImpl.java:appendEntriesAsync(1584)) - omNode-3@group-523986131536: appendEntries* reply omNode-1<-omNode-3#1758:FAIL-t1,INCONSISTENCY,nextIndex=0,followerCommit=-1,matchIndex=-1
2024-09-17 10:41:27,152 [grpc-default-executor-1] WARN  server.GrpcLogAppender (GrpcLogAppender.java:onNextImpl(519)) - omNode-1@group-523986131536->omNode-3-AppendLogResponseHandler: received INCONSISTENCY reply with nextIndex 0, errorCount=763, request=AppendEntriesRequest:cid=1758,entriesCount=0
2024-09-17 10:41:27,152 [grpc-default-executor-1] INFO  leader.FollowerInfo (FollowerInfoImpl.java:info(70)) - omNode-1@group-523986131536->omNode-3: setNextIndex nextIndex: updateUnconditionally 425 -> 0
2024-09-17 10:41:27,152 [omNode-1@group-523986131536->omNode-3-GrpcLogAppender-LogAppenderDaemon] INFO  server.GrpcLogAppender (GrpcLogAppender.java:notifyInstallSnapshot(790)) - omNode-1@group-523986131536->omNode-3-GrpcLogAppender: notifyInstallSnapshot with firstAvailable=(t:1, i:387), followerNextIndex=0
2024-09-17 10:41:27,153 [omNode-1@group-523986131536->omNode-3-GrpcLogAppender-LogAppenderDaemon] INFO  server.GrpcLogAppender (GrpcLogAppender.java:notifyInstallSnapshot(798)) - omNode-1@group-523986131536->omNode-3-GrpcLogAppender: send omNode-1->omNode-3#0-t1,notify:(t:1, i:387)
2024-09-17 10:41:27,153 [grpc-default-executor-1] INFO  impl.SnapshotInstallationHandler (SnapshotInstallationHandler.java:installSnapshot(92)) - omNode-3@group-523986131536: receive installSnapshot: omNode-1->omNode-3#0-t1,notify:(t:1, i:387)
2024-09-17 10:41:27,154 [grpc-default-executor-1] INFO  impl.SnapshotInstallationHandler (SnapshotInstallationHandler.java:notifyStateMachineToInstallSnapshot(222)) - omNode-3@group-523986131536: Received notification to install snapshot at index 387
2024-09-17 10:41:27,154 [grpc-default-executor-1] INFO  impl.SnapshotInstallationHandler (SnapshotInstallationHandler.java:notifyStateMachineToInstallSnapshot(256)) - omNode-3@group-523986131536: notifyInstallSnapshot: nextIndex is 0 but the leader's first available index is 387.
2024-09-17 10:41:27,154 [grpc-default-executor-1] INFO  ratis.OzoneManagerStateMachine (OzoneManagerStateMachine.java:notifyInstallSnapshotFromLeader(511)) - Received install snapshot notification from OM leader: omNode-1 with term index: (t:1, i:387)
2024-09-17 10:41:27,154 [grpc-default-executor-1] INFO  impl.SnapshotInstallationHandler (SnapshotInstallationHandler.java:installSnapshotImpl(138)) - omNode-3@group-523986131536: set new configuration configurationEntry {
  peers {
    id: "omNode-3"
    address: "localhost:15101"
    startupRole: FOLLOWER
  }
  peers {
    id: "omNode-1"
    address: "localhost:15093"
    startupRole: FOLLOWER
  }
  peers {
    id: "omNode-2"
    address: "localhost:15097"
    startupRole: FOLLOWER
  }
}
 from snapshot
2024-09-17 10:41:27,154 [grpc-default-executor-1] INFO  server.RaftServer$Division (ServerState.java:setRaftConf(386)) - omNode-3@group-523986131536: set configuration conf: {index: 0, cur=peers:[omNode-3|localhost:15101, omNode-1|localhost:15093, omNode-2|localhost:15097]|listeners:[], old=null}
2024-09-17 10:41:27,155 [omNode-3-InstallSnapshotThread] INFO  utils.RDBSnapshotProvider (RDBSnapshotProvider.java:downloadDBSnapshotFromLeader(110)) - Prepare to download the snapshot from leader OM omNode-1 and reloading state from the snapshot.
2024-09-17 10:41:27,156 [omNode-3-InstallSnapshotThread] INFO  ratis_snapshot.OmRatisSnapshotProvider (OmRatisSnapshotProvider.java:downloadSnapshot(146)) - Downloading latest checkpoint from Leader OM omNode-1. Checkpoint URL: http://127.0.0.1:15091/dbCheckpoint?includeSnapshotData=true&flushBeforeCheckpoint=true
2024-09-17 10:41:27,156 [grpc-default-executor-1] INFO  ratis.OzoneManagerStateMachine (OzoneManagerStateMachine.java:notifyConfigurationChanged(216)) - Received Configuration change notification from Ratis. New Peer list:
[id: "omNode-3"
address: "localhost:15101"
startupRole: FOLLOWER
, id: "omNode-1"
address: "localhost:15093"
startupRole: FOLLOWER
, id: "omNode-2"
address: "localhost:15097"
startupRole: FOLLOWER
]
2024-09-17 10:41:27,156 [grpc-default-executor-1] INFO  impl.SnapshotInstallationHandler (SnapshotInstallationHandler.java:installSnapshot(103)) - omNode-3@group-523986131536: reply installSnapshot: omNode-1<-omNode-3#0:FAIL-t1,IN_PROGRESS,snapshotIndex=0
2024-09-17 10:41:27,156 [grpc-default-executor-1] INFO  server.GrpcServerProtocolService (GrpcServerProtocolService.java:onCompleted(157)) - omNode-3: Completed INSTALL_SNAPSHOT, lastRequest: omNode-1->omNode-3#0-t1,notify:(t:1, i:387)
2024-09-17 10:41:27,157 [grpc-default-executor-1] INFO  server.GrpcServerProtocolService (GrpcServerProtocolService.java:lambda$onCompleted$5(159)) - omNode-3: Completed INSTALL_SNAPSHOT, lastReply: null
2024-09-17 10:41:27,157 [grpc-default-executor-3] INFO  server.GrpcLogAppender (GrpcLogAppender.java:onNext(649)) - omNode-1@group-523986131536->omNode-3-InstallSnapshotResponseHandler: received a reply omNode-1<-omNode-3#0:FAIL-t1,IN_PROGRESS,snapshotIndex=0
2024-09-17 10:41:27,157 [grpc-default-executor-3] INFO  server.GrpcLogAppender (GrpcLogAppender.java:onNext(665)) - omNode-1@group-523986131536->omNode-3-InstallSnapshotResponseHandler: InstallSnapshot in progress.
2024-09-17 10:41:27,158 [qtp954995439-10488] INFO  utils.DBCheckpointServlet (DBCheckpointServlet.java:doPost(314)) - Received POST request to obtain DB checkpoint snapshot
2024-09-17 10:41:27,159 [qtp954995439-10488] WARN  utils.DBCheckpointServlet (DBCheckpointServlet.java:parseFormDataParameters(287)) - Exception occured during form data parsing Stream ended unexpectedly
2024-09-17 10:41:27,163 [omNode-3-server-thread1] INFO  server.RaftServer$Division (RaftServerImpl.java:checkInconsistentAppendEntries(1629)) - omNode-3@group-523986131536: Failed appendEntries as snapshot (387) installation is in progress
2024-09-17 10:41:27,163 [omNode-3-server-thread1] INFO  server.RaftServer$Division (RaftServerImpl.java:appendEntriesAsync(1584)) - omNode-3@group-523986131536: appendEntries* reply omNode-1<-omNode-3#1759:FAIL-t1,INCONSISTENCY,nextIndex=0,followerCommit=-1,matchIndex=-1
2024-09-17 10:41:27,164 [grpc-default-executor-1] WARN  server.GrpcLogAppender (GrpcLogAppender.java:onNextImpl(519)) - omNode-1@group-523986131536->omNode-3-AppendLogResponseHandler: received INCONSISTENCY reply with nextIndex 0, errorCount=1, request=AppendEntriesRequest:cid=1759,entriesCount=0
2024-09-17 10:41:27,164 [omNode-1@group-523986131536->omNode-3-GrpcLogAppender-LogAppenderDaemon] INFO  server.GrpcLogAppender (GrpcLogAppender.java:notifyInstallSnapshot(790)) - omNode-1@group-523986131536->omNode-3-GrpcLogAppender: notifyInstallSnapshot with firstAvailable=(t:1, i:387), followerNextIndex=0
2024-09-17 10:41:27,164 [omNode-1@group-523986131536->omNode-3-GrpcLogAppender-LogAppenderDaemon] INFO  server.GrpcLogAppender (GrpcLogAppender.java:notifyInstallSnapshot(798)) - omNode-1@group-523986131536->omNode-3-GrpcLogAppender: send omNode-1->omNode-3#0-t1,notify:(t:1, i:387)
2024-09-17 10:41:27,164 [grpc-default-executor-1] INFO  impl.SnapshotInstallationHandler (SnapshotInstallationHandler.java:installSnapshot(92)) - omNode-3@group-523986131536: receive installSnapshot: omNode-1->omNode-3#0-t1,notify:(t:1, i:387)
2024-09-17 10:41:27,165 [grpc-default-executor-1] INFO  impl.SnapshotInstallationHandler (SnapshotInstallationHandler.java:installSnapshotImpl(138)) - omNode-3@group-523986131536: set new configuration configurationEntry {
  peers {
    id: "omNode-3"
    address: "localhost:15101"
    startupRole: FOLLOWER
  }
  peers {
    id: "omNode-1"
    address: "localhost:15093"
    startupRole: FOLLOWER
  }
  peers {
    id: "omNode-2"
    address: "localhost:15097"
    startupRole: FOLLOWER
  }
}
 from snapshot
2024-09-17 10:41:27,165 [grpc-default-executor-1] INFO  server.RaftServer$Division (ServerState.java:setRaftConf(386)) - omNode-3@group-523986131536: set configuration conf: {index: 0, cur=peers:[omNode-3|localhost:15101, omNode-1|localhost:15093, omNode-2|localhost:15097]|listeners:[], old=null}
2024-09-17 10:41:27,166 [grpc-default-executor-1] INFO  ratis.OzoneManagerStateMachine (OzoneManagerStateMachine.java:notifyConfigurationChanged(216)) - Received Configuration change notification from Ratis. New Peer list:
[id: "omNode-3"
address: "localhost:15101"
startupRole: FOLLOWER
, id: "omNode-1"
address: "localhost:15093"
startupRole: FOLLOWER
, id: "omNode-2"
address: "localhost:15097"
startupRole: FOLLOWER
]
2024-09-17 10:41:27,166 [grpc-default-executor-1] INFO  impl.SnapshotInstallationHandler (SnapshotInstallationHandler.java:installSnapshot(103)) - omNode-3@group-523986131536: reply installSnapshot: omNode-1<-omNode-3#0:FAIL-t1,IN_PROGRESS,snapshotIndex=0
2024-09-17 10:41:27,166 [grpc-default-executor-1] INFO  server.GrpcServerProtocolService (GrpcServerProtocolService.java:onCompleted(157)) - omNode-3: Completed INSTALL_SNAPSHOT, lastRequest: omNode-1->omNode-3#0-t1,notify:(t:1, i:387)
2024-09-17 10:41:27,166 [grpc-default-executor-1] INFO  server.GrpcServerProtocolService (GrpcServerProtocolService.java:lambda$onCompleted$5(159)) - omNode-3: Completed INSTALL_SNAPSHOT, lastReply: null
2024-09-17 10:41:27,167 [grpc-default-executor-3] INFO  server.GrpcLogAppender (GrpcLogAppender.java:onNext(649)) - omNode-1@group-523986131536->omNode-3-InstallSnapshotResponseHandler: received a reply omNode-1<-omNode-3#0:FAIL-t1,IN_PROGRESS,snapshotIndex=0
2024-09-17 10:41:27,167 [grpc-default-executor-3] INFO  server.GrpcLogAppender (GrpcLogAppender.java:onNext(665)) - omNode-1@group-523986131536->omNode-3-InstallSnapshotResponseHandler: InstallSnapshot in progress.
2024-09-17 10:41:27,175 [omNode-3-server-thread1] INFO  server.RaftServer$Division (RaftServerImpl.java:checkInconsistentAppendEntries(1629)) - omNode-3@group-523986131536: Failed appendEntries as snapshot (387) installation is in progress
2024-09-17 10:41:27,175 [omNode-3-server-thread1] INFO  server.RaftServer$Division (RaftServerImpl.java:appendEntriesAsync(1584)) - omNode-3@group-523986131536: appendEntries* reply omNode-1<-omNode-3#1760:FAIL-t1,INCONSISTENCY,nextIndex=0,followerCommit=-1,matchIndex=-1
2024-09-17 10:41:27,175 [grpc-default-executor-3] WARN  server.GrpcLogAppender (GrpcLogAppender.java:onNextImpl(519)) - omNode-1@group-523986131536->omNode-3-AppendLogResponseHandler: received INCONSISTENCY reply with nextIndex 0, errorCount=1, request=AppendEntriesRequest:cid=1760,entriesCount=0
2024-09-17 10:41:27,175 [omNode-1@group-523986131536->omNode-3-GrpcLogAppender-LogAppenderDaemon] INFO  server.GrpcLogAppender (GrpcLogAppender.java:notifyInstallSnapshot(790)) - omNode-1@group-523986131536->omNode-3-GrpcLogAppender: notifyInstallSnapshot with firstAvailable=(t:1, i:387), followerNextIndex=0
2024-09-17 10:41:27,176 [omNode-1@group-523986131536->omNode-3-GrpcLogAppender-LogAppenderDaemon] INFO  server.GrpcLogAppender (GrpcLogAppender.java:notifyInstallSnapshot(798)) - omNode-1@group-523986131536->omNode-3-GrpcLogAppender: send omNode-1->omNode-3#0-t1,notify:(t:1, i:387)
2024-09-17 10:41:27,176 [grpc-default-executor-3] INFO  impl.SnapshotInstallationHandler (SnapshotInstallationHandler.java:installSnapshot(92)) - omNode-3@group-523986131536: receive installSnapshot: omNode-1->omNode-3#0-t1,notify:(t:1, i:387)
2024-09-17 10:41:27,176 [grpc-default-executor-3] INFO  impl.SnapshotInstallationHandler (SnapshotInstallationHandler.java:installSnapshotImpl(138)) - omNode-3@group-523986131536: set new configuration configurationEntry {
  peers {
    id: "omNode-3"
    address: "localhost:15101"
    startupRole: FOLLOWER
  }
  peers {
    id: "omNode-1"
    address: "localhost:15093"
    startupRole: FOLLOWER
  }
  peers {
    id: "omNode-2"
    address: "localhost:15097"
    startupRole: FOLLOWER
  }
}
 from snapshot
2024-09-17 10:41:27,176 [grpc-default-executor-3] INFO  server.RaftServer$Division (ServerState.java:setRaftConf(386)) - omNode-3@group-523986131536: set configuration conf: {index: 0, cur=peers:[omNode-3|localhost:15101, omNode-1|localhost:15093, omNode-2|localhost:15097]|listeners:[], old=null}
2024-09-17 10:41:27,178 [grpc-default-executor-3] INFO  ratis.OzoneManagerStateMachine (OzoneManagerStateMachine.java:notifyConfigurationChanged(216)) - Received Configuration change notification from Ratis. New Peer list:
[id: "omNode-3"
address: "localhost:15101"
startupRole: FOLLOWER
, id: "omNode-1"
address: "localhost:15093"
startupRole: FOLLOWER
, id: "omNode-2"
address: "localhost:15097"
startupRole: FOLLOWER
]
2024-09-17 10:41:27,178 [grpc-default-executor-3] INFO  impl.SnapshotInstallationHandler (SnapshotInstallationHandler.java:installSnapshot(103)) - omNode-3@group-523986131536: reply installSnapshot: omNode-1<-omNode-3#0:FAIL-t1,IN_PROGRESS,snapshotIndex=0
2024-09-17 10:41:27,178 [grpc-default-executor-3] INFO  server.GrpcServerProtocolService (GrpcServerProtocolService.java:onCompleted(157)) - omNode-3: Completed INSTALL_SNAPSHOT, lastRequest: omNode-1->omNode-3#0-t1,notify:(t:1, i:387)
2024-09-17 10:41:27,178 [grpc-default-executor-3] INFO  server.GrpcServerProtocolService (GrpcServerProtocolService.java:lambda$onCompleted$5(159)) - omNode-3: Completed INSTALL_SNAPSHOT, lastReply: null
2024-09-17 10:41:27,178 [grpc-default-executor-1] INFO  server.GrpcLogAppender (GrpcLogAppender.java:onNext(649)) - omNode-1@group-523986131536->omNode-3-InstallSnapshotResponseHandler: received a reply omNode-1<-omNode-3#0:FAIL-t1,IN_PROGRESS,snapshotIndex=0
2024-09-17 10:41:27,178 [grpc-default-executor-1] INFO  server.GrpcLogAppender (GrpcLogAppender.java:onNext(665)) - omNode-1@group-523986131536->omNode-3-InstallSnapshotResponseHandler: InstallSnapshot in progress.
2024-09-17 10:41:27,186 [omNode-3-server-thread1] INFO  server.RaftServer$Division (RaftServerImpl.java:checkInconsistentAppendEntries(1629)) - omNode-3@group-523986131536: Failed appendEntries as snapshot (387) installation is in progress
2024-09-17 10:41:27,186 [omNode-3-server-thread1] INFO  server.RaftServer$Division (RaftServerImpl.java:appendEntriesAsync(1584)) - omNode-3@group-523986131536: appendEntries* reply omNode-1<-omNode-3#1761:FAIL-t1,INCONSISTENCY,nextIndex=0,followerCommit=-1,matchIndex=-1
2024-09-17 10:41:27,187 [grpc-default-executor-3] WARN  server.GrpcLogAppender (GrpcLogAppender.java:onNextImpl(519)) - omNode-1@group-523986131536->omNode-3-AppendLogResponseHandler: received INCONSISTENCY reply with nextIndex 0, errorCount=1, request=AppendEntriesRequest:cid=1761,entriesCount=0
2024-09-17 10:41:27,187 [omNode-1@group-523986131536->omNode-3-GrpcLogAppender-LogAppenderDaemon] INFO  server.GrpcLogAppender (GrpcLogAppender.java:notifyInstallSnapshot(790)) - omNode-1@group-523986131536->omNode-3-GrpcLogAppender: notifyInstallSnapshot with firstAvailable=(t:1, i:387), followerNextIndex=0
2024-09-17 10:41:27,187 [omNode-1@group-523986131536->omNode-3-GrpcLogAppender-LogAppenderDaemon] INFO  server.GrpcLogAppender (GrpcLogAppender.java:notifyInstallSnapshot(798)) - omNode-1@group-523986131536->omNode-3-GrpcLogAppender: send omNode-1->omNode-3#0-t1,notify:(t:1, i:387)
2024-09-17 10:41:27,187 [grpc-default-executor-3] INFO  impl.SnapshotInstallationHandler (SnapshotInstallationHandler.java:installSnapshot(92)) - omNode-3@group-523986131536: receive installSnapshot: omNode-1->omNode-3#0-t1,notify:(t:1, i:387)
2024-09-17 10:41:27,188 [grpc-default-executor-3] INFO  impl.SnapshotInstallationHandler (SnapshotInstallationHandler.java:installSnapshotImpl(138)) - omNode-3@group-523986131536: set new configuration configurationEntry {
  peers {
    id: "omNode-3"
    address: "localhost:15101"
    startupRole: FOLLOWER
  }
  peers {
    id: "omNode-1"
    address: "localhost:15093"
    startupRole: FOLLOWER
  }
  peers {
    id: "omNode-2"
    address: "localhost:15097"
    startupRole: FOLLOWER
  }
}
 from snapshot
2024-09-17 10:41:27,188 [grpc-default-executor-3] INFO  server.RaftServer$Division (ServerState.java:setRaftConf(386)) - omNode-3@group-523986131536: set configuration conf: {index: 0, cur=peers:[omNode-3|localhost:15101, omNode-1|localhost:15093, omNode-2|localhost:15097]|listeners:[], old=null}
2024-09-17 10:41:27,189 [grpc-default-executor-3] INFO  ratis.OzoneManagerStateMachine (OzoneManagerStateMachine.java:notifyConfigurationChanged(216)) - Received Configuration change notification from Ratis. New Peer list:
[id: "omNode-3"
address: "localhost:15101"
startupRole: FOLLOWER
, id: "omNode-1"
address: "localhost:15093"
startupRole: FOLLOWER
, id: "omNode-2"
address: "localhost:15097"
startupRole: FOLLOWER
]
2024-09-17 10:41:27,189 [grpc-default-executor-3] INFO  impl.SnapshotInstallationHandler (SnapshotInstallationHandler.java:installSnapshot(103)) - omNode-3@group-523986131536: reply installSnapshot: omNode-1<-omNode-3#0:FAIL-t1,IN_PROGRESS,snapshotIndex=0
2024-09-17 10:41:27,189 [grpc-default-executor-3] INFO  server.GrpcServerProtocolService (GrpcServerProtocolService.java:onCompleted(157)) - omNode-3: Completed INSTALL_SNAPSHOT, lastRequest: omNode-1->omNode-3#0-t1,notify:(t:1, i:387)
2024-09-17 10:41:27,189 [grpc-default-executor-3] INFO  server.GrpcServerProtocolService (GrpcServerProtocolService.java:lambda$onCompleted$5(159)) - omNode-3: Completed INSTALL_SNAPSHOT, lastReply: null
2024-09-17 10:41:27,189 [grpc-default-executor-1] INFO  server.GrpcLogAppender (GrpcLogAppender.java:onNext(649)) - omNode-1@group-523986131536->omNode-3-InstallSnapshotResponseHandler: received a reply omNode-1<-omNode-3#0:FAIL-t1,IN_PROGRESS,snapshotIndex=0
2024-09-17 10:41:27,189 [grpc-default-executor-1] INFO  server.GrpcLogAppender (GrpcLogAppender.java:onNext(665)) - omNode-1@group-523986131536->omNode-3-InstallSnapshotResponseHandler: InstallSnapshot in progress.
2024-09-17 10:41:27,198 [omNode-3-server-thread1] INFO  server.RaftServer$Division (RaftServerImpl.java:checkInconsistentAppendEntries(1629)) - omNode-3@group-523986131536: Failed appendEntries as snapshot (387) installation is in progress
2024-09-17 10:41:27,198 [omNode-3-server-thread1] INFO  server.RaftServer$Division (RaftServerImpl.java:appendEntriesAsync(1584)) - omNode-3@group-523986131536: appendEntries* reply omNode-1<-omNode-3#1762:FAIL-t1,INCONSISTENCY,nextIndex=0,followerCommit=-1,matchIndex=-1
2024-09-17 10:41:27,198 [grpc-default-executor-1] WARN  server.GrpcLogAppender (GrpcLogAppender.java:onNextImpl(519)) - omNode-1@group-523986131536->omNode-3-AppendLogResponseHandler: received INCONSISTENCY reply with nextIndex 0, errorCount=1, request=AppendEntriesRequest:cid=1762,entriesCount=0
2024-09-17 10:41:27,198 [omNode-1@group-523986131536->omNode-3-GrpcLogAppender-LogAppenderDaemon] INFO  server.GrpcLogAppender (GrpcLogAppender.java:notifyInstallSnapshot(790)) - omNode-1@group-523986131536->omNode-3-GrpcLogAppender: notifyInstallSnapshot with firstAvailable=(t:1, i:387), followerNextIndex=0
2024-09-17 10:41:27,198 [omNode-1@group-523986131536->omNode-3-GrpcLogAppender-LogAppenderDaemon] INFO  server.GrpcLogAppender (GrpcLogAppender.java:notifyInstallSnapshot(798)) - omNode-1@group-523986131536->omNode-3-GrpcLogAppender: send omNode-1->omNode-3#0-t1,notify:(t:1, i:387)
2024-09-17 10:41:27,199 [grpc-default-executor-1] INFO  impl.SnapshotInstallationHandler (SnapshotInstallationHandler.java:installSnapshot(92)) - omNode-3@group-523986131536: receive installSnapshot: omNode-1->omNode-3#0-t1,notify:(t:1, i:387)
2024-09-17 10:41:27,199 [grpc-default-executor-1] INFO  impl.SnapshotInstallationHandler (SnapshotInstallationHandler.java:installSnapshotImpl(138)) - omNode-3@group-523986131536: set new configuration configurationEntry {
  peers {
    id: "omNode-3"
    address: "localhost:15101"
    startupRole: FOLLOWER
  }
  peers {
    id: "omNode-1"
    address: "localhost:15093"
    startupRole: FOLLOWER
  }
  peers {
    id: "omNode-2"
    address: "localhost:15097"
    startupRole: FOLLOWER
  }
}
 from snapshot
2024-09-17 10:41:27,199 [grpc-default-executor-1] INFO  server.RaftServer$Division (ServerState.java:setRaftConf(386)) - omNode-3@group-523986131536: set configuration conf: {index: 0, cur=peers:[omNode-3|localhost:15101, omNode-1|localhost:15093, omNode-2|localhost:15097]|listeners:[], old=null}
2024-09-17 10:41:27,200 [grpc-default-executor-1] INFO  ratis.OzoneManagerStateMachine (OzoneManagerStateMachine.java:notifyConfigurationChanged(216)) - Received Configuration change notification from Ratis. New Peer list:
[id: "omNode-3"
address: "localhost:15101"
startupRole: FOLLOWER
, id: "omNode-1"
address: "localhost:15093"
startupRole: FOLLOWER
, id: "omNode-2"
address: "localhost:15097"
startupRole: FOLLOWER
]
2024-09-17 10:41:27,200 [grpc-default-executor-1] INFO  impl.SnapshotInstallationHandler (SnapshotInstallationHandler.java:installSnapshot(103)) - omNode-3@group-523986131536: reply installSnapshot: omNode-1<-omNode-3#0:FAIL-t1,IN_PROGRESS,snapshotIndex=0
2024-09-17 10:41:27,200 [grpc-default-executor-1] INFO  server.GrpcServerProtocolService (GrpcServerProtocolService.java:onCompleted(157)) - omNode-3: Completed INSTALL_SNAPSHOT, lastRequest: omNode-1->omNode-3#0-t1,notify:(t:1, i:387)
2024-09-17 10:41:27,200 [grpc-default-executor-1] INFO  server.GrpcServerProtocolService (GrpcServerProtocolService.java:lambda$onCompleted$5(159)) - omNode-3: Completed INSTALL_SNAPSHOT, lastReply: null
2024-09-17 10:41:27,201 [grpc-default-executor-1] INFO  server.GrpcLogAppender (GrpcLogAppender.java:onNext(649)) - omNode-1@group-523986131536->omNode-3-InstallSnapshotResponseHandler: received a reply omNode-1<-omNode-3#0:FAIL-t1,IN_PROGRESS,snapshotIndex=0
2024-09-17 10:41:27,201 [grpc-default-executor-1] INFO  server.GrpcLogAppender (GrpcLogAppender.java:onNext(665)) - omNode-1@group-523986131536->omNode-3-InstallSnapshotResponseHandler: InstallSnapshot in progress.
2024-09-17 10:41:27,209 [omNode-3-server-thread1] INFO  server.RaftServer$Division (RaftServerImpl.java:checkInconsistentAppendEntries(1629)) - omNode-3@group-523986131536: Failed appendEntries as snapshot (387) installation is in progress
2024-09-17 10:41:27,209 [omNode-3-server-thread1] INFO  server.RaftServer$Division (RaftServerImpl.java:appendEntriesAsync(1584)) - omNode-3@group-523986131536: appendEntries* reply omNode-1<-omNode-3#1763:FAIL-t1,INCONSISTENCY,nextIndex=0,followerCommit=-1,matchIndex=-1
2024-09-17 10:41:27,209 [grpc-default-executor-1] WARN  server.GrpcLogAppender (GrpcLogAppender.java:onNextImpl(519)) - omNode-1@group-523986131536->omNode-3-AppendLogResponseHandler: received INCONSISTENCY reply with nextIndex 0, errorCount=1, request=AppendEntriesRequest:cid=1763,entriesCount=0
2024-09-17 10:41:27,209 [omNode-1@group-523986131536->omNode-3-GrpcLogAppender-LogAppenderDaemon] INFO  server.GrpcLogAppender (GrpcLogAppender.java:notifyInstallSnapshot(790)) - omNode-1@group-523986131536->omNode-3-GrpcLogAppender: notifyInstallSnapshot with firstAvailable=(t:1, i:387), followerNextIndex=0
2024-09-17 10:41:27,209 [omNode-1@group-523986131536->omNode-3-GrpcLogAppender-LogAppenderDaemon] INFO  server.GrpcLogAppender (GrpcLogAppender.java:notifyInstallSnapshot(798)) - omNode-1@group-523986131536->omNode-3-GrpcLogAppender: send omNode-1->omNode-3#0-t1,notify:(t:1, i:387)
2024-09-17 10:41:27,210 [grpc-default-executor-1] INFO  impl.SnapshotInstallationHandler (SnapshotInstallationHandler.java:installSnapshot(92)) - omNode-3@group-523986131536: receive installSnapshot: omNode-1->omNode-3#0-t1,notify:(t:1, i:387)
2024-09-17 10:41:27,210 [grpc-default-executor-1] INFO  impl.SnapshotInstallationHandler (SnapshotInstallationHandler.java:installSnapshotImpl(138)) - omNode-3@group-523986131536: set new configuration configurationEntry {
  peers {
    id: "omNode-3"
    address: "localhost:15101"
    startupRole: FOLLOWER
  }
  peers {
    id: "omNode-1"
    address: "localhost:15093"
    startupRole: FOLLOWER
  }
  peers {
    id: "omNode-2"
    address: "localhost:15097"
    startupRole: FOLLOWER
  }
}
 from snapshot
2024-09-17 10:41:27,210 [grpc-default-executor-1] INFO  server.RaftServer$Division (ServerState.java:setRaftConf(386)) - omNode-3@group-523986131536: set configuration conf: {index: 0, cur=peers:[omNode-3|localhost:15101, omNode-1|localhost:15093, omNode-2|localhost:15097]|listeners:[], old=null}
2024-09-17 10:41:27,212 [grpc-default-executor-1] INFO  ratis.OzoneManagerStateMachine (OzoneManagerStateMachine.java:notifyConfigurationChanged(216)) - Received Configuration change notification from Ratis. New Peer list:
[id: "omNode-3"
address: "localhost:15101"
startupRole: FOLLOWER
, id: "omNode-1"
address: "localhost:15093"
startupRole: FOLLOWER
, id: "omNode-2"
address: "localhost:15097"
startupRole: FOLLOWER
]
2024-09-17 10:41:27,212 [grpc-default-executor-1] INFO  impl.SnapshotInstallationHandler (SnapshotInstallationHandler.java:installSnapshot(103)) - omNode-3@group-523986131536: reply installSnapshot: omNode-1<-omNode-3#0:FAIL-t1,IN_PROGRESS,snapshotIndex=0
2024-09-17 10:41:27,212 [grpc-default-executor-1] INFO  server.GrpcServerProtocolService (GrpcServerProtocolService.java:onCompleted(157)) - omNode-3: Completed INSTALL_SNAPSHOT, lastRequest: omNode-1->omNode-3#0-t1,notify:(t:1, i:387)
2024-09-17 10:41:27,212 [grpc-default-executor-1] INFO  server.GrpcServerProtocolService (GrpcServerProtocolService.java:lambda$onCompleted$5(159)) - omNode-3: Completed INSTALL_SNAPSHOT, lastReply: null
2024-09-17 10:41:27,212 [grpc-default-executor-1] INFO  server.GrpcLogAppender (GrpcLogAppender.java:onNext(649)) - omNode-1@group-523986131536->omNode-3-InstallSnapshotResponseHandler: received a reply omNode-1<-omNode-3#0:FAIL-t1,IN_PROGRESS,snapshotIndex=0
2024-09-17 10:41:27,212 [grpc-default-executor-1] INFO  server.GrpcLogAppender (GrpcLogAppender.java:onNext(665)) - omNode-1@group-523986131536->omNode-3-InstallSnapshotResponseHandler: InstallSnapshot in progress.
2024-09-17 10:41:27,221 [omNode-3-server-thread1] INFO  server.RaftServer$Division (RaftServerImpl.java:checkInconsistentAppendEntries(1629)) - omNode-3@group-523986131536: Failed appendEntries as snapshot (387) installation is in progress
2024-09-17 10:41:27,221 [omNode-3-server-thread1] INFO  server.RaftServer$Division (RaftServerImpl.java:appendEntriesAsync(1584)) - omNode-3@group-523986131536: appendEntries* reply omNode-1<-omNode-3#1764:FAIL-t1,INCONSISTENCY,nextIndex=0,followerCommit=-1,matchIndex=-1
2024-09-17 10:41:27,221 [grpc-default-executor-1] WARN  server.GrpcLogAppender (GrpcLogAppender.java:onNextImpl(519)) - omNode-1@group-523986131536->omNode-3-AppendLogResponseHandler: received INCONSISTENCY reply with nextIndex 0, errorCount=1, request=AppendEntriesRequest:cid=1764,entriesCount=0
2024-09-17 10:41:27,221 [omNode-1@group-523986131536->omNode-3-GrpcLogAppender-LogAppenderDaemon] INFO  server.GrpcLogAppender (GrpcLogAppender.java:notifyInstallSnapshot(790)) - omNode-1@group-523986131536->omNode-3-GrpcLogAppender: notifyInstallSnapshot with firstAvailable=(t:1, i:387), followerNextIndex=0
2024-09-17 10:41:27,221 [omNode-1@group-523986131536->omNode-3-GrpcLogAppender-LogAppenderDaemon] INFO  server.GrpcLogAppender (GrpcLogAppender.java:notifyInstallSnapshot(798)) - omNode-1@group-523986131536->omNode-3-GrpcLogAppender: send omNode-1->omNode-3#0-t1,notify:(t:1, i:387)
2024-09-17 10:41:27,222 [grpc-default-executor-3] INFO  impl.SnapshotInstallationHandler (SnapshotInstallationHandler.java:installSnapshot(92)) - omNode-3@group-523986131536: receive installSnapshot: omNode-1->omNode-3#0-t1,notify:(t:1, i:387)
2024-09-17 10:41:27,222 [grpc-default-executor-3] INFO  impl.SnapshotInstallationHandler (SnapshotInstallationHandler.java:installSnapshotImpl(138)) - omNode-3@group-523986131536: set new configuration configurationEntry {
  peers {
    id: "omNode-3"
    address: "localhost:15101"
    startupRole: FOLLOWER
  }
  peers {
    id: "omNode-1"
    address: "localhost:15093"
    startupRole: FOLLOWER
  }
  peers {
    id: "omNode-2"
    address: "localhost:15097"
    startupRole: FOLLOWER
  }
}
 from snapshot
2024-09-17 10:41:27,222 [grpc-default-executor-3] INFO  server.RaftServer$Division (ServerState.java:setRaftConf(386)) - omNode-3@group-523986131536: set configuration conf: {index: 0, cur=peers:[omNode-3|localhost:15101, omNode-1|localhost:15093, omNode-2|localhost:15097]|listeners:[], old=null}
2024-09-17 10:41:27,223 [grpc-default-executor-3] INFO  ratis.OzoneManagerStateMachine (OzoneManagerStateMachine.java:notifyConfigurationChanged(216)) - Received Configuration change notification from Ratis. New Peer list:
[id: "omNode-3"
address: "localhost:15101"
startupRole: FOLLOWER
, id: "omNode-1"
address: "localhost:15093"
startupRole: FOLLOWER
, id: "omNode-2"
address: "localhost:15097"
startupRole: FOLLOWER
]
2024-09-17 10:41:27,223 [grpc-default-executor-3] INFO  impl.SnapshotInstallationHandler (SnapshotInstallationHandler.java:installSnapshot(103)) - omNode-3@group-523986131536: reply installSnapshot: omNode-1<-omNode-3#0:FAIL-t1,IN_PROGRESS,snapshotIndex=0
2024-09-17 10:41:27,224 [grpc-default-executor-3] INFO  server.GrpcServerProtocolService (GrpcServerProtocolService.java:onCompleted(157)) - omNode-3: Completed INSTALL_SNAPSHOT, lastRequest: omNode-1->omNode-3#0-t1,notify:(t:1, i:387)
2024-09-17 10:41:27,224 [grpc-default-executor-3] INFO  server.GrpcServerProtocolService (GrpcServerProtocolService.java:lambda$onCompleted$5(159)) - omNode-3: Completed INSTALL_SNAPSHOT, lastReply: null
2024-09-17 10:41:27,224 [grpc-default-executor-1] INFO  server.GrpcLogAppender (GrpcLogAppender.java:onNext(649)) - omNode-1@group-523986131536->omNode-3-InstallSnapshotResponseHandler: received a reply omNode-1<-omNode-3#0:FAIL-t1,IN_PROGRESS,snapshotIndex=0
2024-09-17 10:41:27,224 [grpc-default-executor-1] INFO  server.GrpcLogAppender (GrpcLogAppender.java:onNext(665)) - omNode-1@group-523986131536->omNode-3-InstallSnapshotResponseHandler: InstallSnapshot in progress.
2024-09-17 10:41:27,232 [omNode-3-server-thread1] INFO  server.RaftServer$Division (RaftServerImpl.java:checkInconsistentAppendEntries(1629)) - omNode-3@group-523986131536: Failed appendEntries as snapshot (387) installation is in progress
2024-09-17 10:41:27,232 [omNode-3-server-thread1] INFO  server.RaftServer$Division (RaftServerImpl.java:appendEntriesAsync(1584)) - omNode-3@group-523986131536: appendEntries* reply omNode-1<-omNode-3#1765:FAIL-t1,INCONSISTENCY,nextIndex=0,followerCommit=-1,matchIndex=-1
2024-09-17 10:41:27,233 [grpc-default-executor-1] WARN  server.GrpcLogAppender (GrpcLogAppender.java:onNextImpl(519)) - omNode-1@group-523986131536->omNode-3-AppendLogResponseHandler: received INCONSISTENCY reply with nextIndex 0, errorCount=1, request=AppendEntriesRequest:cid=1765,entriesCount=0
2024-09-17 10:41:27,233 [omNode-1@group-523986131536->omNode-3-GrpcLogAppender-LogAppenderDaemon] INFO  server.GrpcLogAppender (GrpcLogAppender.java:notifyInstallSnapshot(790)) - omNode-1@group-523986131536->omNode-3-GrpcLogAppender: notifyInstallSnapshot with firstAvailable=(t:1, i:387), followerNextIndex=0
2024-09-17 10:41:27,233 [omNode-1@group-523986131536->omNode-3-GrpcLogAppender-LogAppenderDaemon] INFO  server.GrpcLogAppender (GrpcLogAppender.java:notifyInstallSnapshot(798)) - omNode-1@group-523986131536->omNode-3-GrpcLogAppender: send omNode-1->omNode-3#0-t1,notify:(t:1, i:387)
2024-09-17 10:41:27,233 [grpc-default-executor-3] INFO  impl.SnapshotInstallationHandler (SnapshotInstallationHandler.java:installSnapshot(92)) - omNode-3@group-523986131536: receive installSnapshot: omNode-1->omNode-3#0-t1,notify:(t:1, i:387)
2024-09-17 10:41:27,234 [grpc-default-executor-3] INFO  impl.SnapshotInstallationHandler (SnapshotInstallationHandler.java:installSnapshotImpl(138)) - omNode-3@group-523986131536: set new configuration configurationEntry {
  peers {
    id: "omNode-3"
    address: "localhost:15101"
    startupRole: FOLLOWER
  }
  peers {
    id: "omNode-1"
    address: "localhost:15093"
    startupRole: FOLLOWER
  }
  peers {
    id: "omNode-2"
    address: "localhost:15097"
    startupRole: FOLLOWER
  }
}
 from snapshot
2024-09-17 10:41:27,234 [grpc-default-executor-3] INFO  server.RaftServer$Division (ServerState.java:setRaftConf(386)) - omNode-3@group-523986131536: set configuration conf: {index: 0, cur=peers:[omNode-3|localhost:15101, omNode-1|localhost:15093, omNode-2|localhost:15097]|listeners:[], old=null}
2024-09-17 10:41:27,235 [grpc-default-executor-3] INFO  ratis.OzoneManagerStateMachine (OzoneManagerStateMachine.java:notifyConfigurationChanged(216)) - Received Configuration change notification from Ratis. New Peer list:
[id: "omNode-3"
address: "localhost:15101"
startupRole: FOLLOWER
, id: "omNode-1"
address: "localhost:15093"
startupRole: FOLLOWER
, id: "omNode-2"
address: "localhost:15097"
startupRole: FOLLOWER
]
2024-09-17 10:41:27,235 [grpc-default-executor-3] INFO  impl.SnapshotInstallationHandler (SnapshotInstallationHandler.java:installSnapshot(103)) - omNode-3@group-523986131536: reply installSnapshot: omNode-1<-omNode-3#0:FAIL-t1,IN_PROGRESS,snapshotIndex=0
2024-09-17 10:41:27,235 [grpc-default-executor-3] INFO  server.GrpcServerProtocolService (GrpcServerProtocolService.java:onCompleted(157)) - omNode-3: Completed INSTALL_SNAPSHOT, lastRequest: omNode-1->omNode-3#0-t1,notify:(t:1, i:387)
2024-09-17 10:41:27,235 [grpc-default-executor-3] INFO  server.GrpcServerProtocolService (GrpcServerProtocolService.java:lambda$onCompleted$5(159)) - omNode-3: Completed INSTALL_SNAPSHOT, lastReply: null
2024-09-17 10:41:27,235 [grpc-default-executor-1] INFO  server.GrpcLogAppender (GrpcLogAppender.java:onNext(649)) - omNode-1@group-523986131536->omNode-3-InstallSnapshotResponseHandler: received a reply omNode-1<-omNode-3#0:FAIL-t1,IN_PROGRESS,snapshotIndex=0
2024-09-17 10:41:27,235 [grpc-default-executor-1] INFO  server.GrpcLogAppender (GrpcLogAppender.java:onNext(665)) - omNode-1@group-523986131536->omNode-3-InstallSnapshotResponseHandler: InstallSnapshot in progress.
2024-09-17 10:41:27,244 [omNode-3-server-thread1] INFO  server.RaftServer$Division (RaftServerImpl.java:checkInconsistentAppendEntries(1629)) - omNode-3@group-523986131536: Failed appendEntries as snapshot (387) installation is in progress
2024-09-17 10:41:27,244 [omNode-3-server-thread1] INFO  server.RaftServer$Division (RaftServerImpl.java:appendEntriesAsync(1584)) - omNode-3@group-523986131536: appendEntries* reply omNode-1<-omNode-3#1766:FAIL-t1,INCONSISTENCY,nextIndex=0,followerCommit=-1,matchIndex=-1
2024-09-17 10:41:27,244 [grpc-default-executor-3] WARN  server.GrpcLogAppender (GrpcLogAppender.java:onNextImpl(519)) - omNode-1@group-523986131536->omNode-3-AppendLogResponseHandler: received INCONSISTENCY reply with nextIndex 0, errorCount=1, request=AppendEntriesRequest:cid=1766,entriesCount=0
2024-09-17 10:41:27,244 [omNode-1@group-523986131536->omNode-3-GrpcLogAppender-LogAppenderDaemon] INFO  server.GrpcLogAppender (GrpcLogAppender.java:notifyInstallSnapshot(790)) - omNode-1@group-523986131536->omNode-3-GrpcLogAppender: notifyInstallSnapshot with firstAvailable=(t:1, i:387), followerNextIndex=0
2024-09-17 10:41:27,244 [omNode-1@group-523986131536->omNode-3-GrpcLogAppender-LogAppenderDaemon] INFO  server.GrpcLogAppender (GrpcLogAppender.java:notifyInstallSnapshot(798)) - omNode-1@group-523986131536->omNode-3-GrpcLogAppender: send omNode-1->omNode-3#0-t1,notify:(t:1, i:387)
2024-09-17 10:41:27,245 [grpc-default-executor-3] INFO  impl.SnapshotInstallationHandler (SnapshotInstallationHandler.java:installSnapshot(92)) - omNode-3@group-523986131536: receive installSnapshot: omNode-1->omNode-3#0-t1,notify:(t:1, i:387)
2024-09-17 10:41:27,245 [grpc-default-executor-3] INFO  impl.SnapshotInstallationHandler (SnapshotInstallationHandler.java:installSnapshotImpl(138)) - omNode-3@group-523986131536: set new configuration configurationEntry {
  peers {
    id: "omNode-3"
    address: "localhost:15101"
    startupRole: FOLLOWER
  }
  peers {
    id: "omNode-1"
    address: "localhost:15093"
    startupRole: FOLLOWER
  }
  peers {
    id: "omNode-2"
    address: "localhost:15097"
    startupRole: FOLLOWER
  }
}
 from snapshot
2024-09-17 10:41:27,245 [grpc-default-executor-3] INFO  server.RaftServer$Division (ServerState.java:setRaftConf(386)) - omNode-3@group-523986131536: set configuration conf: {index: 0, cur=peers:[omNode-3|localhost:15101, omNode-1|localhost:15093, omNode-2|localhost:15097]|listeners:[], old=null}
2024-09-17 10:41:27,247 [grpc-default-executor-3] INFO  ratis.OzoneManagerStateMachine (OzoneManagerStateMachine.java:notifyConfigurationChanged(216)) - Received Configuration change notification from Ratis. New Peer list:
[id: "omNode-3"
address: "localhost:15101"
startupRole: FOLLOWER
, id: "omNode-1"
address: "localhost:15093"
startupRole: FOLLOWER
, id: "omNode-2"
address: "localhost:15097"
startupRole: FOLLOWER
]
2024-09-17 10:41:27,247 [grpc-default-executor-3] INFO  impl.SnapshotInstallationHandler (SnapshotInstallationHandler.java:installSnapshot(103)) - omNode-3@group-523986131536: reply installSnapshot: omNode-1<-omNode-3#0:FAIL-t1,IN_PROGRESS,snapshotIndex=0
2024-09-17 10:41:27,247 [grpc-default-executor-3] INFO  server.GrpcServerProtocolService (GrpcServerProtocolService.java:onCompleted(157)) - omNode-3: Completed INSTALL_SNAPSHOT, lastRequest: omNode-1->omNode-3#0-t1,notify:(t:1, i:387)
2024-09-17 10:41:27,247 [grpc-default-executor-3] INFO  server.GrpcServerProtocolService (GrpcServerProtocolService.java:lambda$onCompleted$5(159)) - omNode-3: Completed INSTALL_SNAPSHOT, lastReply: null
2024-09-17 10:41:27,247 [grpc-default-executor-1] INFO  server.GrpcLogAppender (GrpcLogAppender.java:onNext(649)) - omNode-1@group-523986131536->omNode-3-InstallSnapshotResponseHandler: received a reply omNode-1<-omNode-3#0:FAIL-t1,IN_PROGRESS,snapshotIndex=0
2024-09-17 10:41:27,247 [grpc-default-executor-1] INFO  server.GrpcLogAppender (GrpcLogAppender.java:onNext(665)) - omNode-1@group-523986131536->omNode-3-InstallSnapshotResponseHandler: InstallSnapshot in progress.
2024-09-17 10:41:27,255 [omNode-3-server-thread1] INFO  server.RaftServer$Division (RaftServerImpl.java:checkInconsistentAppendEntries(1629)) - omNode-3@group-523986131536: Failed appendEntries as snapshot (387) installation is in progress
2024-09-17 10:41:27,255 [omNode-3-server-thread1] INFO  server.RaftServer$Division (RaftServerImpl.java:appendEntriesAsync(1584)) - omNode-3@group-523986131536: appendEntries* reply omNode-1<-omNode-3#1767:FAIL-t1,INCONSISTENCY,nextIndex=0,followerCommit=-1,matchIndex=-1
2024-09-17 10:41:27,255 [grpc-default-executor-1] WARN  server.GrpcLogAppender (GrpcLogAppender.java:onNextImpl(519)) - omNode-1@group-523986131536->omNode-3-AppendLogResponseHandler: received INCONSISTENCY reply with nextIndex 0, errorCount=1, request=AppendEntriesRequest:cid=1767,entriesCount=0
2024-09-17 10:41:27,256 [omNode-1@group-523986131536->omNode-3-GrpcLogAppender-LogAppenderDaemon] INFO  server.GrpcLogAppender (GrpcLogAppender.java:notifyInstallSnapshot(790)) - omNode-1@group-523986131536->omNode-3-GrpcLogAppender: notifyInstallSnapshot with firstAvailable=(t:1, i:387), followerNextIndex=0
2024-09-17 10:41:27,256 [omNode-1@group-523986131536->omNode-3-GrpcLogAppender-LogAppenderDaemon] INFO  server.GrpcLogAppender (GrpcLogAppender.java:notifyInstallSnapshot(798)) - omNode-1@group-523986131536->omNode-3-GrpcLogAppender: send omNode-1->omNode-3#0-t1,notify:(t:1, i:387)
2024-09-17 10:41:27,256 [grpc-default-executor-3] INFO  impl.SnapshotInstallationHandler (SnapshotInstallationHandler.java:installSnapshot(92)) - omNode-3@group-523986131536: receive installSnapshot: omNode-1->omNode-3#0-t1,notify:(t:1, i:387)
2024-09-17 10:41:27,256 [grpc-default-executor-3] INFO  impl.SnapshotInstallationHandler (SnapshotInstallationHandler.java:installSnapshotImpl(138)) - omNode-3@group-523986131536: set new configuration configurationEntry {
  peers {
    id: "omNode-3"
    address: "localhost:15101"
    startupRole: FOLLOWER
  }
  peers {
    id: "omNode-1"
    address: "localhost:15093"
    startupRole: FOLLOWER
  }
  peers {
    id: "omNode-2"
    address: "localhost:15097"
    startupRole: FOLLOWER
  }
}
 from snapshot
2024-09-17 10:41:27,256 [grpc-default-executor-3] INFO  server.RaftServer$Division (ServerState.java:setRaftConf(386)) - omNode-3@group-523986131536: set configuration conf: {index: 0, cur=peers:[omNode-3|localhost:15101, omNode-1|localhost:15093, omNode-2|localhost:15097]|listeners:[], old=null}
2024-09-17 10:41:27,258 [grpc-default-executor-3] INFO  ratis.OzoneManagerStateMachine (OzoneManagerStateMachine.java:notifyConfigurationChanged(216)) - Received Configuration change notification from Ratis. New Peer list:
[id: "omNode-3"
address: "localhost:15101"
startupRole: FOLLOWER
, id: "omNode-1"
address: "localhost:15093"
startupRole: FOLLOWER
, id: "omNode-2"
address: "localhost:15097"
startupRole: FOLLOWER
]
2024-09-17 10:41:27,258 [grpc-default-executor-3] INFO  impl.SnapshotInstallationHandler (SnapshotInstallationHandler.java:installSnapshot(103)) - omNode-3@group-523986131536: reply installSnapshot: omNode-1<-omNode-3#0:FAIL-t1,IN_PROGRESS,snapshotIndex=0
2024-09-17 10:41:27,258 [grpc-default-executor-3] INFO  server.GrpcServerProtocolService (GrpcServerProtocolService.java:onCompleted(157)) - omNode-3: Completed INSTALL_SNAPSHOT, lastRequest: omNode-1->omNode-3#0-t1,notify:(t:1, i:387)
2024-09-17 10:41:27,258 [grpc-default-executor-3] INFO  server.GrpcServerProtocolService (GrpcServerProtocolService.java:lambda$onCompleted$5(159)) - omNode-3: Completed INSTALL_SNAPSHOT, lastReply: null
2024-09-17 10:41:27,258 [grpc-default-executor-1] INFO  server.GrpcLogAppender (GrpcLogAppender.java:onNext(649)) - omNode-1@group-523986131536->omNode-3-InstallSnapshotResponseHandler: received a reply omNode-1<-omNode-3#0:FAIL-t1,IN_PROGRESS,snapshotIndex=0
2024-09-17 10:41:27,258 [grpc-default-executor-1] INFO  server.GrpcLogAppender (GrpcLogAppender.java:onNext(665)) - omNode-1@group-523986131536->omNode-3-InstallSnapshotResponseHandler: InstallSnapshot in progress.
2024-09-17 10:41:27,266 [omNode-3-server-thread1] INFO  server.RaftServer$Division (RaftServerImpl.java:checkInconsistentAppendEntries(1629)) - omNode-3@group-523986131536: Failed appendEntries as snapshot (387) installation is in progress
2024-09-17 10:41:27,267 [omNode-3-server-thread1] INFO  server.RaftServer$Division (RaftServerImpl.java:appendEntriesAsync(1584)) - omNode-3@group-523986131536: appendEntries* reply omNode-1<-omNode-3#1768:FAIL-t1,INCONSISTENCY,nextIndex=0,followerCommit=-1,matchIndex=-1
2024-09-17 10:41:27,267 [grpc-default-executor-3] WARN  server.GrpcLogAppender (GrpcLogAppender.java:onNextImpl(519)) - omNode-1@group-523986131536->omNode-3-AppendLogResponseHandler: received INCONSISTENCY reply with nextIndex 0, errorCount=1, request=AppendEntriesRequest:cid=1768,entriesCount=0
2024-09-17 10:41:27,267 [omNode-1@group-523986131536->omNode-3-GrpcLogAppender-LogAppenderDaemon] INFO  server.GrpcLogAppender (GrpcLogAppender.java:notifyInstallSnapshot(790)) - omNode-1@group-523986131536->omNode-3-GrpcLogAppender: notifyInstallSnapshot with firstAvailable=(t:1, i:387), followerNextIndex=0
2024-09-17 10:41:27,267 [omNode-1@group-523986131536->omNode-3-GrpcLogAppender-LogAppenderDaemon] INFO  server.GrpcLogAppender (GrpcLogAppender.java:notifyInstallSnapshot(798)) - omNode-1@group-523986131536->omNode-3-GrpcLogAppender: send omNode-1->omNode-3#0-t1,notify:(t:1, i:387)
2024-09-17 10:41:27,268 [grpc-default-executor-3] INFO  impl.SnapshotInstallationHandler (SnapshotInstallationHandler.java:installSnapshot(92)) - omNode-3@group-523986131536: receive installSnapshot: omNode-1->omNode-3#0-t1,notify:(t:1, i:387)
2024-09-17 10:41:27,268 [grpc-default-executor-3] INFO  impl.SnapshotInstallationHandler (SnapshotInstallationHandler.java:installSnapshotImpl(138)) - omNode-3@group-523986131536: set new configuration configurationEntry {
  peers {
    id: "omNode-3"
    address: "localhost:15101"
    startupRole: FOLLOWER
  }
  peers {
    id: "omNode-1"
    address: "localhost:15093"
    startupRole: FOLLOWER
  }
  peers {
    id: "omNode-2"
    address: "localhost:15097"
    startupRole: FOLLOWER
  }
}
 from snapshot
2024-09-17 10:41:27,268 [grpc-default-executor-3] INFO  server.RaftServer$Division (ServerState.java:setRaftConf(386)) - omNode-3@group-523986131536: set configuration conf: {index: 0, cur=peers:[omNode-3|localhost:15101, omNode-1|localhost:15093, omNode-2|localhost:15097]|listeners:[], old=null}
2024-09-17 10:41:27,269 [grpc-default-executor-3] INFO  ratis.OzoneManagerStateMachine (OzoneManagerStateMachine.java:notifyConfigurationChanged(216)) - Received Configuration change notification from Ratis. New Peer list:
[id: "omNode-3"
address: "localhost:15101"
startupRole: FOLLOWER
, id: "omNode-1"
address: "localhost:15093"
startupRole: FOLLOWER
, id: "omNode-2"
address: "localhost:15097"
startupRole: FOLLOWER
]
2024-09-17 10:41:27,269 [grpc-default-executor-3] INFO  impl.SnapshotInstallationHandler (SnapshotInstallationHandler.java:installSnapshot(103)) - omNode-3@group-523986131536: reply installSnapshot: omNode-1<-omNode-3#0:FAIL-t1,IN_PROGRESS,snapshotIndex=0
2024-09-17 10:41:27,269 [grpc-default-executor-3] INFO  server.GrpcServerProtocolService (GrpcServerProtocolService.java:onCompleted(157)) - omNode-3: Completed INSTALL_SNAPSHOT, lastRequest: omNode-1->omNode-3#0-t1,notify:(t:1, i:387)
2024-09-17 10:41:27,269 [grpc-default-executor-3] INFO  server.GrpcServerProtocolService (GrpcServerProtocolService.java:lambda$onCompleted$5(159)) - omNode-3: Completed INSTALL_SNAPSHOT, lastReply: null
2024-09-17 10:41:27,269 [grpc-default-executor-1] INFO  server.GrpcLogAppender (GrpcLogAppender.java:onNext(649)) - omNode-1@group-523986131536->omNode-3-InstallSnapshotResponseHandler: received a reply omNode-1<-omNode-3#0:FAIL-t1,IN_PROGRESS,snapshotIndex=0
2024-09-17 10:41:27,270 [grpc-default-executor-1] INFO  server.GrpcLogAppender (GrpcLogAppender.java:onNext(665)) - omNode-1@group-523986131536->omNode-3-InstallSnapshotResponseHandler: InstallSnapshot in progress.
2024-09-17 10:41:27,278 [omNode-3-server-thread1] INFO  server.RaftServer$Division (RaftServerImpl.java:checkInconsistentAppendEntries(1629)) - omNode-3@group-523986131536: Failed appendEntries as snapshot (387) installation is in progress
2024-09-17 10:41:27,278 [omNode-3-server-thread1] INFO  server.RaftServer$Division (RaftServerImpl.java:appendEntriesAsync(1584)) - omNode-3@group-523986131536: appendEntries* reply omNode-1<-omNode-3#1769:FAIL-t1,INCONSISTENCY,nextIndex=0,followerCommit=-1,matchIndex=-1
2024-09-17 10:41:27,278 [grpc-default-executor-3] WARN  server.GrpcLogAppender (GrpcLogAppender.java:onNextImpl(519)) - omNode-1@group-523986131536->omNode-3-AppendLogResponseHandler: received INCONSISTENCY reply with nextIndex 0, errorCount=1, request=AppendEntriesRequest:cid=1769,entriesCount=0
2024-09-17 10:41:27,279 [omNode-1@group-523986131536->omNode-3-GrpcLogAppender-LogAppenderDaemon] INFO  server.GrpcLogAppender (GrpcLogAppender.java:notifyInstallSnapshot(790)) - omNode-1@group-523986131536->omNode-3-GrpcLogAppender: notifyInstallSnapshot with firstAvailable=(t:1, i:387), followerNextIndex=0
2024-09-17 10:41:27,279 [omNode-1@group-523986131536->omNode-3-GrpcLogAppender-LogAppenderDaemon] INFO  server.GrpcLogAppender (GrpcLogAppender.java:notifyInstallSnapshot(798)) - omNode-1@group-523986131536->omNode-3-GrpcLogAppender: send omNode-1->omNode-3#0-t1,notify:(t:1, i:387)
2024-09-17 10:41:27,279 [grpc-default-executor-3] INFO  impl.SnapshotInstallationHandler (SnapshotInstallationHandler.java:installSnapshot(92)) - omNode-3@group-523986131536: receive installSnapshot: omNode-1->omNode-3#0-t1,notify:(t:1, i:387)
2024-09-17 10:41:27,279 [grpc-default-executor-3] INFO  impl.SnapshotInstallationHandler (SnapshotInstallationHandler.java:installSnapshotImpl(138)) - omNode-3@group-523986131536: set new configuration configurationEntry {
  peers {
    id: "omNode-3"
    address: "localhost:15101"
    startupRole: FOLLOWER
  }
  peers {
    id: "omNode-1"
    address: "localhost:15093"
    startupRole: FOLLOWER
  }
  peers {
    id: "omNode-2"
    address: "localhost:15097"
    startupRole: FOLLOWER
  }
}
 from snapshot
2024-09-17 10:41:27,280 [grpc-default-executor-3] INFO  server.RaftServer$Division (ServerState.java:setRaftConf(386)) - omNode-3@group-523986131536: set configuration conf: {index: 0, cur=peers:[omNode-3|localhost:15101, omNode-1|localhost:15093, omNode-2|localhost:15097]|listeners:[], old=null}
2024-09-17 10:41:27,281 [grpc-default-executor-3] INFO  ratis.OzoneManagerStateMachine (OzoneManagerStateMachine.java:notifyConfigurationChanged(216)) - Received Configuration change notification from Ratis. New Peer list:
[id: "omNode-3"
address: "localhost:15101"
startupRole: FOLLOWER
, id: "omNode-1"
address: "localhost:15093"
startupRole: FOLLOWER
, id: "omNode-2"
address: "localhost:15097"
startupRole: FOLLOWER
]
2024-09-17 10:41:27,281 [grpc-default-executor-3] INFO  impl.SnapshotInstallationHandler (SnapshotInstallationHandler.java:installSnapshot(103)) - omNode-3@group-523986131536: reply installSnapshot: omNode-1<-omNode-3#0:FAIL-t1,IN_PROGRESS,snapshotIndex=0
2024-09-17 10:41:27,281 [grpc-default-executor-3] INFO  server.GrpcServerProtocolService (GrpcServerProtocolService.java:onCompleted(157)) - omNode-3: Completed INSTALL_SNAPSHOT, lastRequest: omNode-1->omNode-3#0-t1,notify:(t:1, i:387)
2024-09-17 10:41:27,281 [grpc-default-executor-3] INFO  server.GrpcServerProtocolService (GrpcServerProtocolService.java:lambda$onCompleted$5(159)) - omNode-3: Completed INSTALL_SNAPSHOT, lastReply: null
2024-09-17 10:41:27,281 [grpc-default-executor-1] INFO  server.GrpcLogAppender (GrpcLogAppender.java:onNext(649)) - omNode-1@group-523986131536->omNode-3-InstallSnapshotResponseHandler: received a reply omNode-1<-omNode-3#0:FAIL-t1,IN_PROGRESS,snapshotIndex=0
2024-09-17 10:41:27,281 [grpc-default-executor-1] INFO  server.GrpcLogAppender (GrpcLogAppender.java:onNext(665)) - omNode-1@group-523986131536->omNode-3-InstallSnapshotResponseHandler: InstallSnapshot in progress.
2024-09-17 10:41:27,290 [omNode-3-server-thread1] INFO  server.RaftServer$Division (RaftServerImpl.java:checkInconsistentAppendEntries(1629)) - omNode-3@group-523986131536: Failed appendEntries as snapshot (387) installation is in progress
2024-09-17 10:41:27,290 [omNode-3-server-thread1] INFO  server.RaftServer$Division (RaftServerImpl.java:appendEntriesAsync(1584)) - omNode-3@group-523986131536: appendEntries* reply omNode-1<-omNode-3#1770:FAIL-t1,INCONSISTENCY,nextIndex=0,followerCommit=-1,matchIndex=-1
2024-09-17 10:41:27,290 [grpc-default-executor-3] WARN  server.GrpcLogAppender (GrpcLogAppender.java:onNextImpl(519)) - omNode-1@group-523986131536->omNode-3-AppendLogResponseHandler: received INCONSISTENCY reply with nextIndex 0, errorCount=1, request=AppendEntriesRequest:cid=1770,entriesCount=0
2024-09-17 10:41:27,290 [omNode-1@group-523986131536->omNode-3-GrpcLogAppender-LogAppenderDaemon] INFO  server.GrpcLogAppender (GrpcLogAppender.java:notifyInstallSnapshot(790)) - omNode-1@group-523986131536->omNode-3-GrpcLogAppender: notifyInstallSnapshot with firstAvailable=(t:1, i:387), followerNextIndex=0
2024-09-17 10:41:27,290 [omNode-1@group-523986131536->omNode-3-GrpcLogAppender-LogAppenderDaemon] INFO  server.GrpcLogAppender (GrpcLogAppender.java:notifyInstallSnapshot(798)) - omNode-1@group-523986131536->omNode-3-GrpcLogAppender: send omNode-1->omNode-3#0-t1,notify:(t:1, i:387)
2024-09-17 10:41:27,291 [grpc-default-executor-3] INFO  impl.SnapshotInstallationHandler (SnapshotInstallationHandler.java:installSnapshot(92)) - omNode-3@group-523986131536: receive installSnapshot: omNode-1->omNode-3#0-t1,notify:(t:1, i:387)
2024-09-17 10:41:27,291 [grpc-default-executor-3] INFO  impl.SnapshotInstallationHandler (SnapshotInstallationHandler.java:installSnapshotImpl(138)) - omNode-3@group-523986131536: set new configuration configurationEntry {
  peers {
    id: "omNode-3"
    address: "localhost:15101"
    startupRole: FOLLOWER
  }
  peers {
    id: "omNode-1"
    address: "localhost:15093"
    startupRole: FOLLOWER
  }
  peers {
    id: "omNode-2"
    address: "localhost:15097"
    startupRole: FOLLOWER
  }
}
 from snapshot
2024-09-17 10:41:27,291 [grpc-default-executor-3] INFO  server.RaftServer$Division (ServerState.java:setRaftConf(386)) - omNode-3@group-523986131536: set configuration conf: {index: 0, cur=peers:[omNode-3|localhost:15101, omNode-1|localhost:15093, omNode-2|localhost:15097]|listeners:[], old=null}
2024-09-17 10:41:27,292 [grpc-default-executor-3] INFO  ratis.OzoneManagerStateMachine (OzoneManagerStateMachine.java:notifyConfigurationChanged(216)) - Received Configuration change notification from Ratis. New Peer list:
[id: "omNode-3"
address: "localhost:15101"
startupRole: FOLLOWER
, id: "omNode-1"
address: "localhost:15093"
startupRole: FOLLOWER
, id: "omNode-2"
address: "localhost:15097"
startupRole: FOLLOWER
]
2024-09-17 10:41:27,292 [grpc-default-executor-3] INFO  impl.SnapshotInstallationHandler (SnapshotInstallationHandler.java:installSnapshot(103)) - omNode-3@group-523986131536: reply installSnapshot: omNode-1<-omNode-3#0:FAIL-t1,IN_PROGRESS,snapshotIndex=0
2024-09-17 10:41:27,293 [grpc-default-executor-3] INFO  server.GrpcServerProtocolService (GrpcServerProtocolService.java:onCompleted(157)) - omNode-3: Completed INSTALL_SNAPSHOT, lastRequest: omNode-1->omNode-3#0-t1,notify:(t:1, i:387)
2024-09-17 10:41:27,293 [grpc-default-executor-3] INFO  server.GrpcServerProtocolService (GrpcServerProtocolService.java:lambda$onCompleted$5(159)) - omNode-3: Completed INSTALL_SNAPSHOT, lastReply: null
2024-09-17 10:41:27,293 [grpc-default-executor-1] INFO  server.GrpcLogAppender (GrpcLogAppender.java:onNext(649)) - omNode-1@group-523986131536->omNode-3-InstallSnapshotResponseHandler: received a reply omNode-1<-omNode-3#0:FAIL-t1,IN_PROGRESS,snapshotIndex=0
2024-09-17 10:41:27,293 [grpc-default-executor-1] INFO  server.GrpcLogAppender (GrpcLogAppender.java:onNext(665)) - omNode-1@group-523986131536->omNode-3-InstallSnapshotResponseHandler: InstallSnapshot in progress.
2024-09-17 10:41:27,301 [omNode-3-server-thread1] INFO  server.RaftServer$Division (RaftServerImpl.java:checkInconsistentAppendEntries(1629)) - omNode-3@group-523986131536: Failed appendEntries as snapshot (387) installation is in progress
2024-09-17 10:41:27,301 [omNode-3-server-thread1] INFO  server.RaftServer$Division (RaftServerImpl.java:appendEntriesAsync(1584)) - omNode-3@group-523986131536: appendEntries* reply omNode-1<-omNode-3#1771:FAIL-t1,INCONSISTENCY,nextIndex=0,followerCommit=-1,matchIndex=-1
2024-09-17 10:41:27,301 [grpc-default-executor-1] WARN  server.GrpcLogAppender (GrpcLogAppender.java:onNextImpl(519)) - omNode-1@group-523986131536->omNode-3-AppendLogResponseHandler: received INCONSISTENCY reply with nextIndex 0, errorCount=1, request=AppendEntriesRequest:cid=1771,entriesCount=0
2024-09-17 10:41:27,301 [omNode-1@group-523986131536->omNode-3-GrpcLogAppender-LogAppenderDaemon] INFO  server.GrpcLogAppender (GrpcLogAppender.java:notifyInstallSnapshot(790)) - omNode-1@group-523986131536->omNode-3-GrpcLogAppender: notifyInstallSnapshot with firstAvailable=(t:1, i:387), followerNextIndex=0
2024-09-17 10:41:27,302 [omNode-1@group-523986131536->omNode-3-GrpcLogAppender-LogAppenderDaemon] INFO  server.GrpcLogAppender (GrpcLogAppender.java:notifyInstallSnapshot(798)) - omNode-1@group-523986131536->omNode-3-GrpcLogAppender: send omNode-1->omNode-3#0-t1,notify:(t:1, i:387)
2024-09-17 10:41:27,302 [grpc-default-executor-3] INFO  impl.SnapshotInstallationHandler (SnapshotInstallationHandler.java:installSnapshot(92)) - omNode-3@group-523986131536: receive installSnapshot: omNode-1->omNode-3#0-t1,notify:(t:1, i:387)
2024-09-17 10:41:27,302 [grpc-default-executor-3] INFO  impl.SnapshotInstallationHandler (SnapshotInstallationHandler.java:installSnapshotImpl(138)) - omNode-3@group-523986131536: set new configuration configurationEntry {
  peers {
    id: "omNode-3"
    address: "localhost:15101"
    startupRole: FOLLOWER
  }
  peers {
    id: "omNode-1"
    address: "localhost:15093"
    startupRole: FOLLOWER
  }
  peers {
    id: "omNode-2"
    address: "localhost:15097"
    startupRole: FOLLOWER
  }
}
 from snapshot
2024-09-17 10:41:27,302 [grpc-default-executor-3] INFO  server.RaftServer$Division (ServerState.java:setRaftConf(386)) - omNode-3@group-523986131536: set configuration conf: {index: 0, cur=peers:[omNode-3|localhost:15101, omNode-1|localhost:15093, omNode-2|localhost:15097]|listeners:[], old=null}
2024-09-17 10:41:27,304 [grpc-default-executor-3] INFO  ratis.OzoneManagerStateMachine (OzoneManagerStateMachine.java:notifyConfigurationChanged(216)) - Received Configuration change notification from Ratis. New Peer list:
[id: "omNode-3"
address: "localhost:15101"
startupRole: FOLLOWER
, id: "omNode-1"
address: "localhost:15093"
startupRole: FOLLOWER
, id: "omNode-2"
address: "localhost:15097"
startupRole: FOLLOWER
]
2024-09-17 10:41:27,304 [grpc-default-executor-3] INFO  impl.SnapshotInstallationHandler (SnapshotInstallationHandler.java:installSnapshot(103)) - omNode-3@group-523986131536: reply installSnapshot: omNode-1<-omNode-3#0:FAIL-t1,IN_PROGRESS,snapshotIndex=0
2024-09-17 10:41:27,304 [grpc-default-executor-3] INFO  server.GrpcServerProtocolService (GrpcServerProtocolService.java:onCompleted(157)) - omNode-3: Completed INSTALL_SNAPSHOT, lastRequest: omNode-1->omNode-3#0-t1,notify:(t:1, i:387)
2024-09-17 10:41:27,304 [grpc-default-executor-3] INFO  server.GrpcServerProtocolService (GrpcServerProtocolService.java:lambda$onCompleted$5(159)) - omNode-3: Completed INSTALL_SNAPSHOT, lastReply: null
2024-09-17 10:41:27,304 [grpc-default-executor-1] INFO  server.GrpcLogAppender (GrpcLogAppender.java:onNext(649)) - omNode-1@group-523986131536->omNode-3-InstallSnapshotResponseHandler: received a reply omNode-1<-omNode-3#0:FAIL-t1,IN_PROGRESS,snapshotIndex=0
2024-09-17 10:41:27,304 [grpc-default-executor-1] INFO  server.GrpcLogAppender (GrpcLogAppender.java:onNext(665)) - omNode-1@group-523986131536->omNode-3-InstallSnapshotResponseHandler: InstallSnapshot in progress.
2024-09-17 10:41:27,313 [omNode-3-server-thread1] INFO  server.RaftServer$Division (RaftServerImpl.java:checkInconsistentAppendEntries(1629)) - omNode-3@group-523986131536: Failed appendEntries as snapshot (387) installation is in progress
2024-09-17 10:41:27,313 [omNode-3-server-thread1] INFO  server.RaftServer$Division (RaftServerImpl.java:appendEntriesAsync(1584)) - omNode-3@group-523986131536: appendEntries* reply omNode-1<-omNode-3#1772:FAIL-t1,INCONSISTENCY,nextIndex=0,followerCommit=-1,matchIndex=-1
2024-09-17 10:41:27,313 [grpc-default-executor-1] WARN  server.GrpcLogAppender (GrpcLogAppender.java:onNextImpl(519)) - omNode-1@group-523986131536->omNode-3-AppendLogResponseHandler: received INCONSISTENCY reply with nextIndex 0, errorCount=1, request=AppendEntriesRequest:cid=1772,entriesCount=0
2024-09-17 10:41:27,313 [omNode-1@group-523986131536->omNode-3-GrpcLogAppender-LogAppenderDaemon] INFO  server.GrpcLogAppender (GrpcLogAppender.java:notifyInstallSnapshot(790)) - omNode-1@group-523986131536->omNode-3-GrpcLogAppender: notifyInstallSnapshot with firstAvailable=(t:1, i:387), followerNextIndex=0
2024-09-17 10:41:27,313 [omNode-1@group-523986131536->omNode-3-GrpcLogAppender-LogAppenderDaemon] INFO  server.GrpcLogAppender (GrpcLogAppender.java:notifyInstallSnapshot(798)) - omNode-1@group-523986131536->omNode-3-GrpcLogAppender: send omNode-1->omNode-3#0-t1,notify:(t:1, i:387)
2024-09-17 10:41:27,314 [grpc-default-executor-3] INFO  impl.SnapshotInstallationHandler (SnapshotInstallationHandler.java:installSnapshot(92)) - omNode-3@group-523986131536: receive installSnapshot: omNode-1->omNode-3#0-t1,notify:(t:1, i:387)
2024-09-17 10:41:27,314 [grpc-default-executor-3] INFO  impl.SnapshotInstallationHandler (SnapshotInstallationHandler.java:installSnapshotImpl(138)) - omNode-3@group-523986131536: set new configuration configurationEntry {
  peers {
    id: "omNode-3"
    address: "localhost:15101"
    startupRole: FOLLOWER
  }
  peers {
    id: "omNode-1"
    address: "localhost:15093"
    startupRole: FOLLOWER
  }
  peers {
    id: "omNode-2"
    address: "localhost:15097"
    startupRole: FOLLOWER
  }
}
 from snapshot
2024-09-17 10:41:27,315 [grpc-default-executor-3] INFO  server.RaftServer$Division (ServerState.java:setRaftConf(386)) - omNode-3@group-523986131536: set configuration conf: {index: 0, cur=peers:[omNode-3|localhost:15101, omNode-1|localhost:15093, omNode-2|localhost:15097]|listeners:[], old=null}
2024-09-17 10:41:27,316 [grpc-default-executor-3] INFO  ratis.OzoneManagerStateMachine (OzoneManagerStateMachine.java:notifyConfigurationChanged(216)) - Received Configuration change notification from Ratis. New Peer list:
[id: "omNode-3"
address: "localhost:15101"
startupRole: FOLLOWER
, id: "omNode-1"
address: "localhost:15093"
startupRole: FOLLOWER
, id: "omNode-2"
address: "localhost:15097"
startupRole: FOLLOWER
]
2024-09-17 10:41:27,316 [grpc-default-executor-3] INFO  impl.SnapshotInstallationHandler (SnapshotInstallationHandler.java:installSnapshot(103)) - omNode-3@group-523986131536: reply installSnapshot: omNode-1<-omNode-3#0:FAIL-t1,IN_PROGRESS,snapshotIndex=0
2024-09-17 10:41:27,316 [grpc-default-executor-3] INFO  server.GrpcServerProtocolService (GrpcServerProtocolService.java:onCompleted(157)) - omNode-3: Completed INSTALL_SNAPSHOT, lastRequest: omNode-1->omNode-3#0-t1,notify:(t:1, i:387)
2024-09-17 10:41:27,316 [grpc-default-executor-3] INFO  server.GrpcServerProtocolService (GrpcServerProtocolService.java:lambda$onCompleted$5(159)) - omNode-3: Completed INSTALL_SNAPSHOT, lastReply: null
2024-09-17 10:41:27,316 [grpc-default-executor-1] INFO  server.GrpcLogAppender (GrpcLogAppender.java:onNext(649)) - omNode-1@group-523986131536->omNode-3-InstallSnapshotResponseHandler: received a reply omNode-1<-omNode-3#0:FAIL-t1,IN_PROGRESS,snapshotIndex=0
2024-09-17 10:41:27,316 [grpc-default-executor-1] INFO  server.GrpcLogAppender (GrpcLogAppender.java:onNext(665)) - omNode-1@group-523986131536->omNode-3-InstallSnapshotResponseHandler: InstallSnapshot in progress.
2024-09-17 10:41:27,324 [omNode-3-server-thread1] INFO  server.RaftServer$Division (RaftServerImpl.java:checkInconsistentAppendEntries(1629)) - omNode-3@group-523986131536: Failed appendEntries as snapshot (387) installation is in progress
2024-09-17 10:41:27,324 [omNode-3-server-thread1] INFO  server.RaftServer$Division (RaftServerImpl.java:appendEntriesAsync(1584)) - omNode-3@group-523986131536: appendEntries* reply omNode-1<-omNode-3#1773:FAIL-t1,INCONSISTENCY,nextIndex=0,followerCommit=-1,matchIndex=-1
2024-09-17 10:41:27,324 [grpc-default-executor-1] WARN  server.GrpcLogAppender (GrpcLogAppender.java:onNextImpl(519)) - omNode-1@group-523986131536->omNode-3-AppendLogResponseHandler: received INCONSISTENCY reply with nextIndex 0, errorCount=1, request=AppendEntriesRequest:cid=1773,entriesCount=0
2024-09-17 10:41:27,324 [omNode-1@group-523986131536->omNode-3-GrpcLogAppender-LogAppenderDaemon] INFO  server.GrpcLogAppender (GrpcLogAppender.java:notifyInstallSnapshot(790)) - omNode-1@group-523986131536->omNode-3-GrpcLogAppender: notifyInstallSnapshot with firstAvailable=(t:1, i:387), followerNextIndex=0
2024-09-17 10:41:27,324 [omNode-1@group-523986131536->omNode-3-GrpcLogAppender-LogAppenderDaemon] INFO  server.GrpcLogAppender (GrpcLogAppender.java:notifyInstallSnapshot(798)) - omNode-1@group-523986131536->omNode-3-GrpcLogAppender: send omNode-1->omNode-3#0-t1,notify:(t:1, i:387)
2024-09-17 10:41:27,325 [grpc-default-executor-1] INFO  impl.SnapshotInstallationHandler (SnapshotInstallationHandler.java:installSnapshot(92)) - omNode-3@group-523986131536: receive installSnapshot: omNode-1->omNode-3#0-t1,notify:(t:1, i:387)
2024-09-17 10:41:27,325 [grpc-default-executor-1] INFO  impl.SnapshotInstallationHandler (SnapshotInstallationHandler.java:installSnapshotImpl(138)) - omNode-3@group-523986131536: set new configuration configurationEntry {
  peers {
    id: "omNode-3"
    address: "localhost:15101"
    startupRole: FOLLOWER
  }
  peers {
    id: "omNode-1"
    address: "localhost:15093"
    startupRole: FOLLOWER
  }
  peers {
    id: "omNode-2"
    address: "localhost:15097"
    startupRole: FOLLOWER
  }
}
 from snapshot
2024-09-17 10:41:27,325 [grpc-default-executor-1] INFO  server.RaftServer$Division (ServerState.java:setRaftConf(386)) - omNode-3@group-523986131536: set configuration conf: {index: 0, cur=peers:[omNode-3|localhost:15101, omNode-1|localhost:15093, omNode-2|localhost:15097]|listeners:[], old=null}
2024-09-17 10:41:27,326 [grpc-default-executor-1] INFO  ratis.OzoneManagerStateMachine (OzoneManagerStateMachine.java:notifyConfigurationChanged(216)) - Received Configuration change notification from Ratis. New Peer list:
[id: "omNode-3"
address: "localhost:15101"
startupRole: FOLLOWER
, id: "omNode-1"
address: "localhost:15093"
startupRole: FOLLOWER
, id: "omNode-2"
address: "localhost:15097"
startupRole: FOLLOWER
]
2024-09-17 10:41:27,326 [grpc-default-executor-1] INFO  impl.SnapshotInstallationHandler (SnapshotInstallationHandler.java:installSnapshot(103)) - omNode-3@group-523986131536: reply installSnapshot: omNode-1<-omNode-3#0:FAIL-t1,IN_PROGRESS,snapshotIndex=0
2024-09-17 10:41:27,327 [grpc-default-executor-1] INFO  server.GrpcServerProtocolService (GrpcServerProtocolService.java:onCompleted(157)) - omNode-3: Completed INSTALL_SNAPSHOT, lastRequest: omNode-1->omNode-3#0-t1,notify:(t:1, i:387)
2024-09-17 10:41:27,327 [grpc-default-executor-1] INFO  server.GrpcServerProtocolService (GrpcServerProtocolService.java:lambda$onCompleted$5(159)) - omNode-3: Completed INSTALL_SNAPSHOT, lastReply: null
2024-09-17 10:41:27,327 [grpc-default-executor-3] INFO  server.GrpcLogAppender (GrpcLogAppender.java:onNext(649)) - omNode-1@group-523986131536->omNode-3-InstallSnapshotResponseHandler: received a reply omNode-1<-omNode-3#0:FAIL-t1,IN_PROGRESS,snapshotIndex=0
2024-09-17 10:41:27,327 [grpc-default-executor-3] INFO  server.GrpcLogAppender (GrpcLogAppender.java:onNext(665)) - omNode-1@group-523986131536->omNode-3-InstallSnapshotResponseHandler: InstallSnapshot in progress.
2024-09-17 10:41:27,335 [omNode-3-server-thread1] INFO  server.RaftServer$Division (RaftServerImpl.java:checkInconsistentAppendEntries(1629)) - omNode-3@group-523986131536: Failed appendEntries as snapshot (387) installation is in progress
2024-09-17 10:41:27,335 [omNode-3-server-thread1] INFO  server.RaftServer$Division (RaftServerImpl.java:appendEntriesAsync(1584)) - omNode-3@group-523986131536: appendEntries* reply omNode-1<-omNode-3#1774:FAIL-t1,INCONSISTENCY,nextIndex=0,followerCommit=-1,matchIndex=-1
2024-09-17 10:41:27,335 [grpc-default-executor-1] WARN  server.GrpcLogAppender (GrpcLogAppender.java:onNextImpl(519)) - omNode-1@group-523986131536->omNode-3-AppendLogResponseHandler: received INCONSISTENCY reply with nextIndex 0, errorCount=1, request=AppendEntriesRequest:cid=1774,entriesCount=0
2024-09-17 10:41:27,336 [omNode-1@group-523986131536->omNode-3-GrpcLogAppender-LogAppenderDaemon] INFO  server.GrpcLogAppender (GrpcLogAppender.java:notifyInstallSnapshot(790)) - omNode-1@group-523986131536->omNode-3-GrpcLogAppender: notifyInstallSnapshot with firstAvailable=(t:1, i:387), followerNextIndex=0
2024-09-17 10:41:27,336 [omNode-1@group-523986131536->omNode-3-GrpcLogAppender-LogAppenderDaemon] INFO  server.GrpcLogAppender (GrpcLogAppender.java:notifyInstallSnapshot(798)) - omNode-1@group-523986131536->omNode-3-GrpcLogAppender: send omNode-1->omNode-3#0-t1,notify:(t:1, i:387)
2024-09-17 10:41:27,336 [grpc-default-executor-1] INFO  impl.SnapshotInstallationHandler (SnapshotInstallationHandler.java:installSnapshot(92)) - omNode-3@group-523986131536: receive installSnapshot: omNode-1->omNode-3#0-t1,notify:(t:1, i:387)
2024-09-17 10:41:27,336 [grpc-default-executor-1] INFO  impl.SnapshotInstallationHandler (SnapshotInstallationHandler.java:installSnapshotImpl(138)) - omNode-3@group-523986131536: set new configuration configurationEntry {
  peers {
    id: "omNode-3"
    address: "localhost:15101"
    startupRole: FOLLOWER
  }
  peers {
    id: "omNode-1"
    address: "localhost:15093"
    startupRole: FOLLOWER
  }
  peers {
    id: "omNode-2"
    address: "localhost:15097"
    startupRole: FOLLOWER
  }
}
 from snapshot
2024-09-17 10:41:27,336 [grpc-default-executor-1] INFO  server.RaftServer$Division (ServerState.java:setRaftConf(386)) - omNode-3@group-523986131536: set configuration conf: {index: 0, cur=peers:[omNode-3|localhost:15101, omNode-1|localhost:15093, omNode-2|localhost:15097]|listeners:[], old=null}
2024-09-17 10:41:27,338 [grpc-default-executor-1] INFO  ratis.OzoneManagerStateMachine (OzoneManagerStateMachine.java:notifyConfigurationChanged(216)) - Received Configuration change notification from Ratis. New Peer list:
[id: "omNode-3"
address: "localhost:15101"
startupRole: FOLLOWER
, id: "omNode-1"
address: "localhost:15093"
startupRole: FOLLOWER
, id: "omNode-2"
address: "localhost:15097"
startupRole: FOLLOWER
]
2024-09-17 10:41:27,338 [grpc-default-executor-1] INFO  impl.SnapshotInstallationHandler (SnapshotInstallationHandler.java:installSnapshot(103)) - omNode-3@group-523986131536: reply installSnapshot: omNode-1<-omNode-3#0:FAIL-t1,IN_PROGRESS,snapshotIndex=0
2024-09-17 10:41:27,338 [grpc-default-executor-1] INFO  server.GrpcServerProtocolService (GrpcServerProtocolService.java:onCompleted(157)) - omNode-3: Completed INSTALL_SNAPSHOT, lastRequest: omNode-1->omNode-3#0-t1,notify:(t:1, i:387)
2024-09-17 10:41:27,338 [grpc-default-executor-1] INFO  server.GrpcServerProtocolService (GrpcServerProtocolService.java:lambda$onCompleted$5(159)) - omNode-3: Completed INSTALL_SNAPSHOT, lastReply: null
2024-09-17 10:41:27,338 [grpc-default-executor-0] INFO  server.GrpcLogAppender (GrpcLogAppender.java:onNext(649)) - omNode-1@group-523986131536->omNode-3-InstallSnapshotResponseHandler: received a reply omNode-1<-omNode-3#0:FAIL-t1,IN_PROGRESS,snapshotIndex=0
2024-09-17 10:41:27,338 [grpc-default-executor-0] INFO  server.GrpcLogAppender (GrpcLogAppender.java:onNext(665)) - omNode-1@group-523986131536->omNode-3-InstallSnapshotResponseHandler: InstallSnapshot in progress.
2024-09-17 10:41:27,347 [omNode-3-server-thread1] INFO  server.RaftServer$Division (RaftServerImpl.java:checkInconsistentAppendEntries(1629)) - omNode-3@group-523986131536: Failed appendEntries as snapshot (387) installation is in progress
2024-09-17 10:41:27,347 [omNode-3-server-thread1] INFO  server.RaftServer$Division (RaftServerImpl.java:appendEntriesAsync(1584)) - omNode-3@group-523986131536: appendEntries* reply omNode-1<-omNode-3#1775:FAIL-t1,INCONSISTENCY,nextIndex=0,followerCommit=-1,matchIndex=-1
2024-09-17 10:41:27,347 [grpc-default-executor-0] WARN  server.GrpcLogAppender (GrpcLogAppender.java:onNextImpl(519)) - omNode-1@group-523986131536->omNode-3-AppendLogResponseHandler: received INCONSISTENCY reply with nextIndex 0, errorCount=1, request=AppendEntriesRequest:cid=1775,entriesCount=0
2024-09-17 10:41:27,347 [omNode-1@group-523986131536->omNode-3-GrpcLogAppender-LogAppenderDaemon] INFO  server.GrpcLogAppender (GrpcLogAppender.java:notifyInstallSnapshot(790)) - omNode-1@group-523986131536->omNode-3-GrpcLogAppender: notifyInstallSnapshot with firstAvailable=(t:1, i:387), followerNextIndex=0
2024-09-17 10:41:27,347 [omNode-1@group-523986131536->omNode-3-GrpcLogAppender-LogAppenderDaemon] INFO  server.GrpcLogAppender (GrpcLogAppender.java:notifyInstallSnapshot(798)) - omNode-1@group-523986131536->omNode-3-GrpcLogAppender: send omNode-1->omNode-3#0-t1,notify:(t:1, i:387)
2024-09-17 10:41:27,348 [grpc-default-executor-0] INFO  impl.SnapshotInstallationHandler (SnapshotInstallationHandler.java:installSnapshot(92)) - omNode-3@group-523986131536: receive installSnapshot: omNode-1->omNode-3#0-t1,notify:(t:1, i:387)
2024-09-17 10:41:27,348 [grpc-default-executor-0] INFO  impl.SnapshotInstallationHandler (SnapshotInstallationHandler.java:installSnapshotImpl(138)) - omNode-3@group-523986131536: set new configuration configurationEntry {
  peers {
    id: "omNode-3"
    address: "localhost:15101"
    startupRole: FOLLOWER
  }
  peers {
    id: "omNode-1"
    address: "localhost:15093"
    startupRole: FOLLOWER
  }
  peers {
    id: "omNode-2"
    address: "localhost:15097"
    startupRole: FOLLOWER
  }
}
 from snapshot
2024-09-17 10:41:27,348 [grpc-default-executor-0] INFO  server.RaftServer$Division (ServerState.java:setRaftConf(386)) - omNode-3@group-523986131536: set configuration conf: {index: 0, cur=peers:[omNode-3|localhost:15101, omNode-1|localhost:15093, omNode-2|localhost:15097]|listeners:[], old=null}
2024-09-17 10:41:27,349 [grpc-default-executor-0] INFO  ratis.OzoneManagerStateMachine (OzoneManagerStateMachine.java:notifyConfigurationChanged(216)) - Received Configuration change notification from Ratis. New Peer list:
[id: "omNode-3"
address: "localhost:15101"
startupRole: FOLLOWER
, id: "omNode-1"
address: "localhost:15093"
startupRole: FOLLOWER
, id: "omNode-2"
address: "localhost:15097"
startupRole: FOLLOWER
]
2024-09-17 10:41:27,350 [grpc-default-executor-0] INFO  impl.SnapshotInstallationHandler (SnapshotInstallationHandler.java:installSnapshot(103)) - omNode-3@group-523986131536: reply installSnapshot: omNode-1<-omNode-3#0:FAIL-t1,IN_PROGRESS,snapshotIndex=0
2024-09-17 10:41:27,350 [grpc-default-executor-0] INFO  server.GrpcServerProtocolService (GrpcServerProtocolService.java:onCompleted(157)) - omNode-3: Completed INSTALL_SNAPSHOT, lastRequest: omNode-1->omNode-3#0-t1,notify:(t:1, i:387)
2024-09-17 10:41:27,350 [grpc-default-executor-0] INFO  server.GrpcServerProtocolService (GrpcServerProtocolService.java:lambda$onCompleted$5(159)) - omNode-3: Completed INSTALL_SNAPSHOT, lastReply: null
2024-09-17 10:41:27,350 [grpc-default-executor-1] INFO  server.GrpcLogAppender (GrpcLogAppender.java:onNext(649)) - omNode-1@group-523986131536->omNode-3-InstallSnapshotResponseHandler: received a reply omNode-1<-omNode-3#0:FAIL-t1,IN_PROGRESS,snapshotIndex=0
2024-09-17 10:41:27,350 [grpc-default-executor-1] INFO  server.GrpcLogAppender (GrpcLogAppender.java:onNext(665)) - omNode-1@group-523986131536->omNode-3-InstallSnapshotResponseHandler: InstallSnapshot in progress.
2024-09-17 10:41:27,358 [omNode-3-server-thread1] INFO  server.RaftServer$Division (RaftServerImpl.java:checkInconsistentAppendEntries(1629)) - omNode-3@group-523986131536: Failed appendEntries as snapshot (387) installation is in progress
2024-09-17 10:41:27,358 [omNode-3-server-thread1] INFO  server.RaftServer$Division (RaftServerImpl.java:appendEntriesAsync(1584)) - omNode-3@group-523986131536: appendEntries* reply omNode-1<-omNode-3#1776:FAIL-t1,INCONSISTENCY,nextIndex=0,followerCommit=-1,matchIndex=-1
2024-09-17 10:41:27,359 [grpc-default-executor-1] WARN  server.GrpcLogAppender (GrpcLogAppender.java:onNextImpl(519)) - omNode-1@group-523986131536->omNode-3-AppendLogResponseHandler: received INCONSISTENCY reply with nextIndex 0, errorCount=1, request=AppendEntriesRequest:cid=1776,entriesCount=0
2024-09-17 10:41:27,359 [omNode-1@group-523986131536->omNode-3-GrpcLogAppender-LogAppenderDaemon] INFO  server.GrpcLogAppender (GrpcLogAppender.java:notifyInstallSnapshot(790)) - omNode-1@group-523986131536->omNode-3-GrpcLogAppender: notifyInstallSnapshot with firstAvailable=(t:1, i:387), followerNextIndex=0
2024-09-17 10:41:27,359 [omNode-1@group-523986131536->omNode-3-GrpcLogAppender-LogAppenderDaemon] INFO  server.GrpcLogAppender (GrpcLogAppender.java:notifyInstallSnapshot(798)) - omNode-1@group-523986131536->omNode-3-GrpcLogAppender: send omNode-1->omNode-3#0-t1,notify:(t:1, i:387)
2024-09-17 10:41:27,359 [grpc-default-executor-1] INFO  impl.SnapshotInstallationHandler (SnapshotInstallationHandler.java:installSnapshot(92)) - omNode-3@group-523986131536: receive installSnapshot: omNode-1->omNode-3#0-t1,notify:(t:1, i:387)
2024-09-17 10:41:27,359 [grpc-default-executor-1] INFO  impl.SnapshotInstallationHandler (SnapshotInstallationHandler.java:installSnapshotImpl(138)) - omNode-3@group-523986131536: set new configuration configurationEntry {
  peers {
    id: "omNode-3"
    address: "localhost:15101"
    startupRole: FOLLOWER
  }
  peers {
    id: "omNode-1"
    address: "localhost:15093"
    startupRole: FOLLOWER
  }
  peers {
    id: "omNode-2"
    address: "localhost:15097"
    startupRole: FOLLOWER
  }
}
 from snapshot
2024-09-17 10:41:27,359 [grpc-default-executor-1] INFO  server.RaftServer$Division (ServerState.java:setRaftConf(386)) - omNode-3@group-523986131536: set configuration conf: {index: 0, cur=peers:[omNode-3|localhost:15101, omNode-1|localhost:15093, omNode-2|localhost:15097]|listeners:[], old=null}
2024-09-17 10:41:27,360 [grpc-default-executor-1] INFO  ratis.OzoneManagerStateMachine (OzoneManagerStateMachine.java:notifyConfigurationChanged(216)) - Received Configuration change notification from Ratis. New Peer list:
[id: "omNode-3"
address: "localhost:15101"
startupRole: FOLLOWER
, id: "omNode-1"
address: "localhost:15093"
startupRole: FOLLOWER
, id: "omNode-2"
address: "localhost:15097"
startupRole: FOLLOWER
]
2024-09-17 10:41:27,360 [grpc-default-executor-1] INFO  impl.SnapshotInstallationHandler (SnapshotInstallationHandler.java:installSnapshot(103)) - omNode-3@group-523986131536: reply installSnapshot: omNode-1<-omNode-3#0:FAIL-t1,IN_PROGRESS,snapshotIndex=0
2024-09-17 10:41:27,361 [grpc-default-executor-1] INFO  server.GrpcServerProtocolService (GrpcServerProtocolService.java:onCompleted(157)) - omNode-3: Completed INSTALL_SNAPSHOT, lastRequest: omNode-1->omNode-3#0-t1,notify:(t:1, i:387)
2024-09-17 10:41:27,361 [grpc-default-executor-1] INFO  server.GrpcServerProtocolService (GrpcServerProtocolService.java:lambda$onCompleted$5(159)) - omNode-3: Completed INSTALL_SNAPSHOT, lastReply: null
2024-09-17 10:41:27,361 [grpc-default-executor-0] INFO  server.GrpcLogAppender (GrpcLogAppender.java:onNext(649)) - omNode-1@group-523986131536->omNode-3-InstallSnapshotResponseHandler: received a reply omNode-1<-omNode-3#0:FAIL-t1,IN_PROGRESS,snapshotIndex=0
2024-09-17 10:41:27,361 [grpc-default-executor-0] INFO  server.GrpcLogAppender (GrpcLogAppender.java:onNext(665)) - omNode-1@group-523986131536->omNode-3-InstallSnapshotResponseHandler: InstallSnapshot in progress.
2024-09-17 10:41:27,369 [omNode-3-server-thread1] INFO  server.RaftServer$Division (RaftServerImpl.java:checkInconsistentAppendEntries(1629)) - omNode-3@group-523986131536: Failed appendEntries as snapshot (387) installation is in progress
2024-09-17 10:41:27,369 [omNode-3-server-thread1] INFO  server.RaftServer$Division (RaftServerImpl.java:appendEntriesAsync(1584)) - omNode-3@group-523986131536: appendEntries* reply omNode-1<-omNode-3#1777:FAIL-t1,INCONSISTENCY,nextIndex=0,followerCommit=-1,matchIndex=-1
2024-09-17 10:41:27,369 [grpc-default-executor-0] WARN  server.GrpcLogAppender (GrpcLogAppender.java:onNextImpl(519)) - omNode-1@group-523986131536->omNode-3-AppendLogResponseHandler: received INCONSISTENCY reply with nextIndex 0, errorCount=1, request=AppendEntriesRequest:cid=1777,entriesCount=0
2024-09-17 10:41:27,369 [omNode-1@group-523986131536->omNode-3-GrpcLogAppender-LogAppenderDaemon] INFO  server.GrpcLogAppender (GrpcLogAppender.java:notifyInstallSnapshot(790)) - omNode-1@group-523986131536->omNode-3-GrpcLogAppender: notifyInstallSnapshot with firstAvailable=(t:1, i:387), followerNextIndex=0
2024-09-17 10:41:27,370 [omNode-1@group-523986131536->omNode-3-GrpcLogAppender-LogAppenderDaemon] INFO  server.GrpcLogAppender (GrpcLogAppender.java:notifyInstallSnapshot(798)) - omNode-1@group-523986131536->omNode-3-GrpcLogAppender: send omNode-1->omNode-3#0-t1,notify:(t:1, i:387)
2024-09-17 10:41:27,370 [grpc-default-executor-0] INFO  impl.SnapshotInstallationHandler (SnapshotInstallationHandler.java:installSnapshot(92)) - omNode-3@group-523986131536: receive installSnapshot: omNode-1->omNode-3#0-t1,notify:(t:1, i:387)
2024-09-17 10:41:27,370 [grpc-default-executor-0] INFO  impl.SnapshotInstallationHandler (SnapshotInstallationHandler.java:installSnapshotImpl(138)) - omNode-3@group-523986131536: set new configuration configurationEntry {
  peers {
    id: "omNode-3"
    address: "localhost:15101"
    startupRole: FOLLOWER
  }
  peers {
    id: "omNode-1"
    address: "localhost:15093"
    startupRole: FOLLOWER
  }
  peers {
    id: "omNode-2"
    address: "localhost:15097"
    startupRole: FOLLOWER
  }
}
 from snapshot
2024-09-17 10:41:27,370 [grpc-default-executor-0] INFO  server.RaftServer$Division (ServerState.java:setRaftConf(386)) - omNode-3@group-523986131536: set configuration conf: {index: 0, cur=peers:[omNode-3|localhost:15101, omNode-1|localhost:15093, omNode-2|localhost:15097]|listeners:[], old=null}
2024-09-17 10:41:27,372 [grpc-default-executor-0] INFO  ratis.OzoneManagerStateMachine (OzoneManagerStateMachine.java:notifyConfigurationChanged(216)) - Received Configuration change notification from Ratis. New Peer list:
[id: "omNode-3"
address: "localhost:15101"
startupRole: FOLLOWER
, id: "omNode-1"
address: "localhost:15093"
startupRole: FOLLOWER
, id: "omNode-2"
address: "localhost:15097"
startupRole: FOLLOWER
]
2024-09-17 10:41:27,372 [grpc-default-executor-0] INFO  impl.SnapshotInstallationHandler (SnapshotInstallationHandler.java:installSnapshot(103)) - omNode-3@group-523986131536: reply installSnapshot: omNode-1<-omNode-3#0:FAIL-t1,IN_PROGRESS,snapshotIndex=0
2024-09-17 10:41:27,372 [grpc-default-executor-0] INFO  server.GrpcServerProtocolService (GrpcServerProtocolService.java:onCompleted(157)) - omNode-3: Completed INSTALL_SNAPSHOT, lastRequest: omNode-1->omNode-3#0-t1,notify:(t:1, i:387)
2024-09-17 10:41:27,372 [grpc-default-executor-0] INFO  server.GrpcServerProtocolService (GrpcServerProtocolService.java:lambda$onCompleted$5(159)) - omNode-3: Completed INSTALL_SNAPSHOT, lastReply: null
2024-09-17 10:41:27,372 [grpc-default-executor-1] INFO  server.GrpcLogAppender (GrpcLogAppender.java:onNext(649)) - omNode-1@group-523986131536->omNode-3-InstallSnapshotResponseHandler: received a reply omNode-1<-omNode-3#0:FAIL-t1,IN_PROGRESS,snapshotIndex=0
2024-09-17 10:41:27,372 [grpc-default-executor-1] INFO  server.GrpcLogAppender (GrpcLogAppender.java:onNext(665)) - omNode-1@group-523986131536->omNode-3-InstallSnapshotResponseHandler: InstallSnapshot in progress.
2024-09-17 10:41:27,381 [omNode-3-server-thread1] INFO  server.RaftServer$Division (RaftServerImpl.java:checkInconsistentAppendEntries(1629)) - omNode-3@group-523986131536: Failed appendEntries as snapshot (387) installation is in progress
2024-09-17 10:41:27,381 [omNode-3-server-thread1] INFO  server.RaftServer$Division (RaftServerImpl.java:appendEntriesAsync(1584)) - omNode-3@group-523986131536: appendEntries* reply omNode-1<-omNode-3#1778:FAIL-t1,INCONSISTENCY,nextIndex=0,followerCommit=-1,matchIndex=-1
2024-09-17 10:41:27,381 [grpc-default-executor-1] WARN  server.GrpcLogAppender (GrpcLogAppender.java:onNextImpl(519)) - omNode-1@group-523986131536->omNode-3-AppendLogResponseHandler: received INCONSISTENCY reply with nextIndex 0, errorCount=1, request=AppendEntriesRequest:cid=1778,entriesCount=0
2024-09-17 10:41:27,381 [omNode-1@group-523986131536->omNode-3-GrpcLogAppender-LogAppenderDaemon] INFO  server.GrpcLogAppender (GrpcLogAppender.java:notifyInstallSnapshot(790)) - omNode-1@group-523986131536->omNode-3-GrpcLogAppender: notifyInstallSnapshot with firstAvailable=(t:1, i:387), followerNextIndex=0
2024-09-17 10:41:27,381 [omNode-1@group-523986131536->omNode-3-GrpcLogAppender-LogAppenderDaemon] INFO  server.GrpcLogAppender (GrpcLogAppender.java:notifyInstallSnapshot(798)) - omNode-1@group-523986131536->omNode-3-GrpcLogAppender: send omNode-1->omNode-3#0-t1,notify:(t:1, i:387)
2024-09-17 10:41:27,382 [grpc-default-executor-0] INFO  impl.SnapshotInstallationHandler (SnapshotInstallationHandler.java:installSnapshot(92)) - omNode-3@group-523986131536: receive installSnapshot: omNode-1->omNode-3#0-t1,notify:(t:1, i:387)
2024-09-17 10:41:27,382 [grpc-default-executor-0] INFO  impl.SnapshotInstallationHandler (SnapshotInstallationHandler.java:installSnapshotImpl(138)) - omNode-3@group-523986131536: set new configuration configurationEntry {
  peers {
    id: "omNode-3"
    address: "localhost:15101"
    startupRole: FOLLOWER
  }
  peers {
    id: "omNode-1"
    address: "localhost:15093"
    startupRole: FOLLOWER
  }
  peers {
    id: "omNode-2"
    address: "localhost:15097"
    startupRole: FOLLOWER
  }
}
 from snapshot
2024-09-17 10:41:27,382 [grpc-default-executor-0] INFO  server.RaftServer$Division (ServerState.java:setRaftConf(386)) - omNode-3@group-523986131536: set configuration conf: {index: 0, cur=peers:[omNode-3|localhost:15101, omNode-1|localhost:15093, omNode-2|localhost:15097]|listeners:[], old=null}
2024-09-17 10:41:27,383 [grpc-default-executor-0] INFO  ratis.OzoneManagerStateMachine (OzoneManagerStateMachine.java:notifyConfigurationChanged(216)) - Received Configuration change notification from Ratis. New Peer list:
[id: "omNode-3"
address: "localhost:15101"
startupRole: FOLLOWER
, id: "omNode-1"
address: "localhost:15093"
startupRole: FOLLOWER
, id: "omNode-2"
address: "localhost:15097"
startupRole: FOLLOWER
]
2024-09-17 10:41:27,383 [grpc-default-executor-0] INFO  impl.SnapshotInstallationHandler (SnapshotInstallationHandler.java:installSnapshot(103)) - omNode-3@group-523986131536: reply installSnapshot: omNode-1<-omNode-3#0:FAIL-t1,IN_PROGRESS,snapshotIndex=0
2024-09-17 10:41:27,384 [grpc-default-executor-0] INFO  server.GrpcServerProtocolService (GrpcServerProtocolService.java:onCompleted(157)) - omNode-3: Completed INSTALL_SNAPSHOT, lastRequest: omNode-1->omNode-3#0-t1,notify:(t:1, i:387)
2024-09-17 10:41:27,384 [grpc-default-executor-0] INFO  server.GrpcServerProtocolService (GrpcServerProtocolService.java:lambda$onCompleted$5(159)) - omNode-3: Completed INSTALL_SNAPSHOT, lastReply: null
2024-09-17 10:41:27,384 [grpc-default-executor-1] INFO  server.GrpcLogAppender (GrpcLogAppender.java:onNext(649)) - omNode-1@group-523986131536->omNode-3-InstallSnapshotResponseHandler: received a reply omNode-1<-omNode-3#0:FAIL-t1,IN_PROGRESS,snapshotIndex=0
2024-09-17 10:41:27,384 [grpc-default-executor-1] INFO  server.GrpcLogAppender (GrpcLogAppender.java:onNext(665)) - omNode-1@group-523986131536->omNode-3-InstallSnapshotResponseHandler: InstallSnapshot in progress.
2024-09-17 10:41:27,392 [omNode-3-server-thread1] INFO  server.RaftServer$Division (RaftServerImpl.java:checkInconsistentAppendEntries(1629)) - omNode-3@group-523986131536: Failed appendEntries as snapshot (387) installation is in progress
2024-09-17 10:41:27,392 [omNode-3-server-thread1] INFO  server.RaftServer$Division (RaftServerImpl.java:appendEntriesAsync(1584)) - omNode-3@group-523986131536: appendEntries* reply omNode-1<-omNode-3#1779:FAIL-t1,INCONSISTENCY,nextIndex=0,followerCommit=-1,matchIndex=-1
2024-09-17 10:41:27,392 [grpc-default-executor-0] WARN  server.GrpcLogAppender (GrpcLogAppender.java:onNextImpl(519)) - omNode-1@group-523986131536->omNode-3-AppendLogResponseHandler: received INCONSISTENCY reply with nextIndex 0, errorCount=1, request=AppendEntriesRequest:cid=1779,entriesCount=0
2024-09-17 10:41:27,392 [omNode-1@group-523986131536->omNode-3-GrpcLogAppender-LogAppenderDaemon] INFO  server.GrpcLogAppender (GrpcLogAppender.java:notifyInstallSnapshot(790)) - omNode-1@group-523986131536->omNode-3-GrpcLogAppender: notifyInstallSnapshot with firstAvailable=(t:1, i:387), followerNextIndex=0
2024-09-17 10:41:27,392 [omNode-1@group-523986131536->omNode-3-GrpcLogAppender-LogAppenderDaemon] INFO  server.GrpcLogAppender (GrpcLogAppender.java:notifyInstallSnapshot(798)) - omNode-1@group-523986131536->omNode-3-GrpcLogAppender: send omNode-1->omNode-3#0-t1,notify:(t:1, i:387)
2024-09-17 10:41:27,393 [grpc-default-executor-1] INFO  impl.SnapshotInstallationHandler (SnapshotInstallationHandler.java:installSnapshot(92)) - omNode-3@group-523986131536: receive installSnapshot: omNode-1->omNode-3#0-t1,notify:(t:1, i:387)
2024-09-17 10:41:27,393 [grpc-default-executor-1] INFO  impl.SnapshotInstallationHandler (SnapshotInstallationHandler.java:installSnapshotImpl(138)) - omNode-3@group-523986131536: set new configuration configurationEntry {
  peers {
    id: "omNode-3"
    address: "localhost:15101"
    startupRole: FOLLOWER
  }
  peers {
    id: "omNode-1"
    address: "localhost:15093"
    startupRole: FOLLOWER
  }
  peers {
    id: "omNode-2"
    address: "localhost:15097"
    startupRole: FOLLOWER
  }
}
 from snapshot
2024-09-17 10:41:27,393 [grpc-default-executor-1] INFO  server.RaftServer$Division (ServerState.java:setRaftConf(386)) - omNode-3@group-523986131536: set configuration conf: {index: 0, cur=peers:[omNode-3|localhost:15101, omNode-1|localhost:15093, omNode-2|localhost:15097]|listeners:[], old=null}
2024-09-17 10:41:27,395 [grpc-default-executor-1] INFO  ratis.OzoneManagerStateMachine (OzoneManagerStateMachine.java:notifyConfigurationChanged(216)) - Received Configuration change notification from Ratis. New Peer list:
[id: "omNode-3"
address: "localhost:15101"
startupRole: FOLLOWER
, id: "omNode-1"
address: "localhost:15093"
startupRole: FOLLOWER
, id: "omNode-2"
address: "localhost:15097"
startupRole: FOLLOWER
]
2024-09-17 10:41:27,395 [grpc-default-executor-1] INFO  impl.SnapshotInstallationHandler (SnapshotInstallationHandler.java:installSnapshot(103)) - omNode-3@group-523986131536: reply installSnapshot: omNode-1<-omNode-3#0:FAIL-t1,IN_PROGRESS,snapshotIndex=0
2024-09-17 10:41:27,395 [grpc-default-executor-1] INFO  server.GrpcServerProtocolService (GrpcServerProtocolService.java:onCompleted(157)) - omNode-3: Completed INSTALL_SNAPSHOT, lastRequest: omNode-1->omNode-3#0-t1,notify:(t:1, i:387)
2024-09-17 10:41:27,395 [grpc-default-executor-1] INFO  server.GrpcServerProtocolService (GrpcServerProtocolService.java:lambda$onCompleted$5(159)) - omNode-3: Completed INSTALL_SNAPSHOT, lastReply: null
2024-09-17 10:41:27,395 [grpc-default-executor-0] INFO  server.GrpcLogAppender (GrpcLogAppender.java:onNext(649)) - omNode-1@group-523986131536->omNode-3-InstallSnapshotResponseHandler: received a reply omNode-1<-omNode-3#0:FAIL-t1,IN_PROGRESS,snapshotIndex=0
2024-09-17 10:41:27,395 [grpc-default-executor-0] INFO  server.GrpcLogAppender (GrpcLogAppender.java:onNext(665)) - omNode-1@group-523986131536->omNode-3-InstallSnapshotResponseHandler: InstallSnapshot in progress.
2024-09-17 10:41:27,403 [omNode-3-server-thread1] INFO  server.RaftServer$Division (RaftServerImpl.java:checkInconsistentAppendEntries(1629)) - omNode-3@group-523986131536: Failed appendEntries as snapshot (387) installation is in progress
2024-09-17 10:41:27,403 [omNode-3-server-thread1] INFO  server.RaftServer$Division (RaftServerImpl.java:appendEntriesAsync(1584)) - omNode-3@group-523986131536: appendEntries* reply omNode-1<-omNode-3#1780:FAIL-t1,INCONSISTENCY,nextIndex=0,followerCommit=-1,matchIndex=-1
2024-09-17 10:41:27,404 [grpc-default-executor-0] WARN  server.GrpcLogAppender (GrpcLogAppender.java:onNextImpl(519)) - omNode-1@group-523986131536->omNode-3-AppendLogResponseHandler: received INCONSISTENCY reply with nextIndex 0, errorCount=1, request=AppendEntriesRequest:cid=1780,entriesCount=0
2024-09-17 10:41:27,404 [omNode-1@group-523986131536->omNode-3-GrpcLogAppender-LogAppenderDaemon] INFO  server.GrpcLogAppender (GrpcLogAppender.java:notifyInstallSnapshot(790)) - omNode-1@group-523986131536->omNode-3-GrpcLogAppender: notifyInstallSnapshot with firstAvailable=(t:1, i:387), followerNextIndex=0
2024-09-17 10:41:27,404 [omNode-1@group-523986131536->omNode-3-GrpcLogAppender-LogAppenderDaemon] INFO  server.GrpcLogAppender (GrpcLogAppender.java:notifyInstallSnapshot(798)) - omNode-1@group-523986131536->omNode-3-GrpcLogAppender: send omNode-1->omNode-3#0-t1,notify:(t:1, i:387)
2024-09-17 10:41:27,404 [grpc-default-executor-0] INFO  impl.SnapshotInstallationHandler (SnapshotInstallationHandler.java:installSnapshot(92)) - omNode-3@group-523986131536: receive installSnapshot: omNode-1->omNode-3#0-t1,notify:(t:1, i:387)
2024-09-17 10:41:27,405 [grpc-default-executor-0] INFO  impl.SnapshotInstallationHandler (SnapshotInstallationHandler.java:installSnapshotImpl(138)) - omNode-3@group-523986131536: set new configuration configurationEntry {
  peers {
    id: "omNode-3"
    address: "localhost:15101"
    startupRole: FOLLOWER
  }
  peers {
    id: "omNode-1"
    address: "localhost:15093"
    startupRole: FOLLOWER
  }
  peers {
    id: "omNode-2"
    address: "localhost:15097"
    startupRole: FOLLOWER
  }
}
 from snapshot
2024-09-17 10:41:27,405 [grpc-default-executor-0] INFO  server.RaftServer$Division (ServerState.java:setRaftConf(386)) - omNode-3@group-523986131536: set configuration conf: {index: 0, cur=peers:[omNode-3|localhost:15101, omNode-1|localhost:15093, omNode-2|localhost:15097]|listeners:[], old=null}
2024-09-17 10:41:27,406 [grpc-default-executor-0] INFO  ratis.OzoneManagerStateMachine (OzoneManagerStateMachine.java:notifyConfigurationChanged(216)) - Received Configuration change notification from Ratis. New Peer list:
[id: "omNode-3"
address: "localhost:15101"
startupRole: FOLLOWER
, id: "omNode-1"
address: "localhost:15093"
startupRole: FOLLOWER
, id: "omNode-2"
address: "localhost:15097"
startupRole: FOLLOWER
]
2024-09-17 10:41:27,406 [grpc-default-executor-0] INFO  impl.SnapshotInstallationHandler (SnapshotInstallationHandler.java:installSnapshot(103)) - omNode-3@group-523986131536: reply installSnapshot: omNode-1<-omNode-3#0:FAIL-t1,IN_PROGRESS,snapshotIndex=0
2024-09-17 10:41:27,407 [grpc-default-executor-0] INFO  server.GrpcServerProtocolService (GrpcServerProtocolService.java:onCompleted(157)) - omNode-3: Completed INSTALL_SNAPSHOT, lastRequest: omNode-1->omNode-3#0-t1,notify:(t:1, i:387)
2024-09-17 10:41:27,407 [grpc-default-executor-0] INFO  server.GrpcServerProtocolService (GrpcServerProtocolService.java:lambda$onCompleted$5(159)) - omNode-3: Completed INSTALL_SNAPSHOT, lastReply: null
2024-09-17 10:41:27,407 [grpc-default-executor-1] INFO  server.GrpcLogAppender (GrpcLogAppender.java:onNext(649)) - omNode-1@group-523986131536->omNode-3-InstallSnapshotResponseHandler: received a reply omNode-1<-omNode-3#0:FAIL-t1,IN_PROGRESS,snapshotIndex=0
2024-09-17 10:41:27,407 [grpc-default-executor-1] INFO  server.GrpcLogAppender (GrpcLogAppender.java:onNext(665)) - omNode-1@group-523986131536->omNode-3-InstallSnapshotResponseHandler: InstallSnapshot in progress.
2024-09-17 10:41:27,415 [omNode-3-server-thread1] INFO  server.RaftServer$Division (RaftServerImpl.java:checkInconsistentAppendEntries(1629)) - omNode-3@group-523986131536: Failed appendEntries as snapshot (387) installation is in progress
2024-09-17 10:41:27,415 [omNode-3-server-thread1] INFO  server.RaftServer$Division (RaftServerImpl.java:appendEntriesAsync(1584)) - omNode-3@group-523986131536: appendEntries* reply omNode-1<-omNode-3#1781:FAIL-t1,INCONSISTENCY,nextIndex=0,followerCommit=-1,matchIndex=-1
2024-09-17 10:41:27,415 [grpc-default-executor-1] WARN  server.GrpcLogAppender (GrpcLogAppender.java:onNextImpl(519)) - omNode-1@group-523986131536->omNode-3-AppendLogResponseHandler: received INCONSISTENCY reply with nextIndex 0, errorCount=1, request=AppendEntriesRequest:cid=1781,entriesCount=0
2024-09-17 10:41:27,416 [omNode-1@group-523986131536->omNode-3-GrpcLogAppender-LogAppenderDaemon] INFO  server.GrpcLogAppender (GrpcLogAppender.java:notifyInstallSnapshot(790)) - omNode-1@group-523986131536->omNode-3-GrpcLogAppender: notifyInstallSnapshot with firstAvailable=(t:1, i:387), followerNextIndex=0
2024-09-17 10:41:27,416 [omNode-1@group-523986131536->omNode-3-GrpcLogAppender-LogAppenderDaemon] INFO  server.GrpcLogAppender (GrpcLogAppender.java:notifyInstallSnapshot(798)) - omNode-1@group-523986131536->omNode-3-GrpcLogAppender: send omNode-1->omNode-3#0-t1,notify:(t:1, i:387)
2024-09-17 10:41:27,416 [grpc-default-executor-1] INFO  impl.SnapshotInstallationHandler (SnapshotInstallationHandler.java:installSnapshot(92)) - omNode-3@group-523986131536: receive installSnapshot: omNode-1->omNode-3#0-t1,notify:(t:1, i:387)
2024-09-17 10:41:27,416 [grpc-default-executor-1] INFO  impl.SnapshotInstallationHandler (SnapshotInstallationHandler.java:installSnapshotImpl(138)) - omNode-3@group-523986131536: set new configuration configurationEntry {
  peers {
    id: "omNode-3"
    address: "localhost:15101"
    startupRole: FOLLOWER
  }
  peers {
    id: "omNode-1"
    address: "localhost:15093"
    startupRole: FOLLOWER
  }
  peers {
    id: "omNode-2"
    address: "localhost:15097"
    startupRole: FOLLOWER
  }
}
 from snapshot
2024-09-17 10:41:27,417 [grpc-default-executor-1] INFO  server.RaftServer$Division (ServerState.java:setRaftConf(386)) - omNode-3@group-523986131536: set configuration conf: {index: 0, cur=peers:[omNode-3|localhost:15101, omNode-1|localhost:15093, omNode-2|localhost:15097]|listeners:[], old=null}
2024-09-17 10:41:27,418 [grpc-default-executor-1] INFO  ratis.OzoneManagerStateMachine (OzoneManagerStateMachine.java:notifyConfigurationChanged(216)) - Received Configuration change notification from Ratis. New Peer list:
[id: "omNode-3"
address: "localhost:15101"
startupRole: FOLLOWER
, id: "omNode-1"
address: "localhost:15093"
startupRole: FOLLOWER
, id: "omNode-2"
address: "localhost:15097"
startupRole: FOLLOWER
]
2024-09-17 10:41:27,418 [grpc-default-executor-1] INFO  impl.SnapshotInstallationHandler (SnapshotInstallationHandler.java:installSnapshot(103)) - omNode-3@group-523986131536: reply installSnapshot: omNode-1<-omNode-3#0:FAIL-t1,IN_PROGRESS,snapshotIndex=0
2024-09-17 10:41:27,418 [grpc-default-executor-1] INFO  server.GrpcServerProtocolService (GrpcServerProtocolService.java:onCompleted(157)) - omNode-3: Completed INSTALL_SNAPSHOT, lastRequest: omNode-1->omNode-3#0-t1,notify:(t:1, i:387)
2024-09-17 10:41:27,418 [grpc-default-executor-1] INFO  server.GrpcServerProtocolService (GrpcServerProtocolService.java:lambda$onCompleted$5(159)) - omNode-3: Completed INSTALL_SNAPSHOT, lastReply: null
2024-09-17 10:41:27,418 [grpc-default-executor-0] INFO  server.GrpcLogAppender (GrpcLogAppender.java:onNext(649)) - omNode-1@group-523986131536->omNode-3-InstallSnapshotResponseHandler: received a reply omNode-1<-omNode-3#0:FAIL-t1,IN_PROGRESS,snapshotIndex=0
2024-09-17 10:41:27,418 [grpc-default-executor-0] INFO  server.GrpcLogAppender (GrpcLogAppender.java:onNext(665)) - omNode-1@group-523986131536->omNode-3-InstallSnapshotResponseHandler: InstallSnapshot in progress.
2024-09-17 10:41:27,427 [omNode-3-server-thread1] INFO  server.RaftServer$Division (RaftServerImpl.java:checkInconsistentAppendEntries(1629)) - omNode-3@group-523986131536: Failed appendEntries as snapshot (387) installation is in progress
2024-09-17 10:41:27,427 [omNode-3-server-thread1] INFO  server.RaftServer$Division (RaftServerImpl.java:appendEntriesAsync(1584)) - omNode-3@group-523986131536: appendEntries* reply omNode-1<-omNode-3#1782:FAIL-t1,INCONSISTENCY,nextIndex=0,followerCommit=-1,matchIndex=-1
2024-09-17 10:41:27,427 [grpc-default-executor-1] WARN  server.GrpcLogAppender (GrpcLogAppender.java:onNextImpl(519)) - omNode-1@group-523986131536->omNode-3-AppendLogResponseHandler: received INCONSISTENCY reply with nextIndex 0, errorCount=1, request=AppendEntriesRequest:cid=1782,entriesCount=0
2024-09-17 10:41:27,427 [omNode-1@group-523986131536->omNode-3-GrpcLogAppender-LogAppenderDaemon] INFO  server.GrpcLogAppender (GrpcLogAppender.java:notifyInstallSnapshot(790)) - omNode-1@group-523986131536->omNode-3-GrpcLogAppender: notifyInstallSnapshot with firstAvailable=(t:1, i:387), followerNextIndex=0
2024-09-17 10:41:27,427 [omNode-1@group-523986131536->omNode-3-GrpcLogAppender-LogAppenderDaemon] INFO  server.GrpcLogAppender (GrpcLogAppender.java:notifyInstallSnapshot(798)) - omNode-1@group-523986131536->omNode-3-GrpcLogAppender: send omNode-1->omNode-3#0-t1,notify:(t:1, i:387)
2024-09-17 10:41:27,428 [grpc-default-executor-1] INFO  impl.SnapshotInstallationHandler (SnapshotInstallationHandler.java:installSnapshot(92)) - omNode-3@group-523986131536: receive installSnapshot: omNode-1->omNode-3#0-t1,notify:(t:1, i:387)
2024-09-17 10:41:27,428 [grpc-default-executor-1] INFO  impl.SnapshotInstallationHandler (SnapshotInstallationHandler.java:installSnapshotImpl(138)) - omNode-3@group-523986131536: set new configuration configurationEntry {
  peers {
    id: "omNode-3"
    address: "localhost:15101"
    startupRole: FOLLOWER
  }
  peers {
    id: "omNode-1"
    address: "localhost:15093"
    startupRole: FOLLOWER
  }
  peers {
    id: "omNode-2"
    address: "localhost:15097"
    startupRole: FOLLOWER
  }
}
 from snapshot
2024-09-17 10:41:27,428 [grpc-default-executor-1] INFO  server.RaftServer$Division (ServerState.java:setRaftConf(386)) - omNode-3@group-523986131536: set configuration conf: {index: 0, cur=peers:[omNode-3|localhost:15101, omNode-1|localhost:15093, omNode-2|localhost:15097]|listeners:[], old=null}
2024-09-17 10:41:27,430 [grpc-default-executor-1] INFO  ratis.OzoneManagerStateMachine (OzoneManagerStateMachine.java:notifyConfigurationChanged(216)) - Received Configuration change notification from Ratis. New Peer list:
[id: "omNode-3"
address: "localhost:15101"
startupRole: FOLLOWER
, id: "omNode-1"
address: "localhost:15093"
startupRole: FOLLOWER
, id: "omNode-2"
address: "localhost:15097"
startupRole: FOLLOWER
]
2024-09-17 10:41:27,430 [grpc-default-executor-1] INFO  impl.SnapshotInstallationHandler (SnapshotInstallationHandler.java:installSnapshot(103)) - omNode-3@group-523986131536: reply installSnapshot: omNode-1<-omNode-3#0:FAIL-t1,IN_PROGRESS,snapshotIndex=0
2024-09-17 10:41:27,430 [grpc-default-executor-1] INFO  server.GrpcServerProtocolService (GrpcServerProtocolService.java:onCompleted(157)) - omNode-3: Completed INSTALL_SNAPSHOT, lastRequest: omNode-1->omNode-3#0-t1,notify:(t:1, i:387)
2024-09-17 10:41:27,430 [grpc-default-executor-1] INFO  server.GrpcServerProtocolService (GrpcServerProtocolService.java:lambda$onCompleted$5(159)) - omNode-3: Completed INSTALL_SNAPSHOT, lastReply: null
2024-09-17 10:41:27,430 [grpc-default-executor-1] INFO  server.GrpcLogAppender (GrpcLogAppender.java:onNext(649)) - omNode-1@group-523986131536->omNode-3-InstallSnapshotResponseHandler: received a reply omNode-1<-omNode-3#0:FAIL-t1,IN_PROGRESS,snapshotIndex=0
2024-09-17 10:41:27,430 [grpc-default-executor-1] INFO  server.GrpcLogAppender (GrpcLogAppender.java:onNext(665)) - omNode-1@group-523986131536->omNode-3-InstallSnapshotResponseHandler: InstallSnapshot in progress.
2024-09-17 10:41:27,438 [omNode-3-server-thread1] INFO  server.RaftServer$Division (RaftServerImpl.java:checkInconsistentAppendEntries(1629)) - omNode-3@group-523986131536: Failed appendEntries as snapshot (387) installation is in progress
2024-09-17 10:41:27,439 [omNode-3-server-thread1] INFO  server.RaftServer$Division (RaftServerImpl.java:appendEntriesAsync(1584)) - omNode-3@group-523986131536: appendEntries* reply omNode-1<-omNode-3#1783:FAIL-t1,INCONSISTENCY,nextIndex=0,followerCommit=-1,matchIndex=-1
2024-09-17 10:41:27,439 [grpc-default-executor-0] WARN  server.GrpcLogAppender (GrpcLogAppender.java:onNextImpl(519)) - omNode-1@group-523986131536->omNode-3-AppendLogResponseHandler: received INCONSISTENCY reply with nextIndex 0, errorCount=1, request=AppendEntriesRequest:cid=1783,entriesCount=0
2024-09-17 10:41:27,439 [omNode-1@group-523986131536->omNode-3-GrpcLogAppender-LogAppenderDaemon] INFO  server.GrpcLogAppender (GrpcLogAppender.java:notifyInstallSnapshot(790)) - omNode-1@group-523986131536->omNode-3-GrpcLogAppender: notifyInstallSnapshot with firstAvailable=(t:1, i:387), followerNextIndex=0
2024-09-17 10:41:27,439 [omNode-1@group-523986131536->omNode-3-GrpcLogAppender-LogAppenderDaemon] INFO  server.GrpcLogAppender (GrpcLogAppender.java:notifyInstallSnapshot(798)) - omNode-1@group-523986131536->omNode-3-GrpcLogAppender: send omNode-1->omNode-3#0-t1,notify:(t:1, i:387)
2024-09-17 10:41:27,439 [grpc-default-executor-0] INFO  impl.SnapshotInstallationHandler (SnapshotInstallationHandler.java:installSnapshot(92)) - omNode-3@group-523986131536: receive installSnapshot: omNode-1->omNode-3#0-t1,notify:(t:1, i:387)
2024-09-17 10:41:27,440 [grpc-default-executor-0] INFO  impl.SnapshotInstallationHandler (SnapshotInstallationHandler.java:installSnapshotImpl(138)) - omNode-3@group-523986131536: set new configuration configurationEntry {
  peers {
    id: "omNode-3"
    address: "localhost:15101"
    startupRole: FOLLOWER
  }
  peers {
    id: "omNode-1"
    address: "localhost:15093"
    startupRole: FOLLOWER
  }
  peers {
    id: "omNode-2"
    address: "localhost:15097"
    startupRole: FOLLOWER
  }
}
 from snapshot
2024-09-17 10:41:27,440 [grpc-default-executor-0] INFO  server.RaftServer$Division (ServerState.java:setRaftConf(386)) - omNode-3@group-523986131536: set configuration conf: {index: 0, cur=peers:[omNode-3|localhost:15101, omNode-1|localhost:15093, omNode-2|localhost:15097]|listeners:[], old=null}
2024-09-17 10:41:27,441 [grpc-default-executor-0] INFO  ratis.OzoneManagerStateMachine (OzoneManagerStateMachine.java:notifyConfigurationChanged(216)) - Received Configuration change notification from Ratis. New Peer list:
[id: "omNode-3"
address: "localhost:15101"
startupRole: FOLLOWER
, id: "omNode-1"
address: "localhost:15093"
startupRole: FOLLOWER
, id: "omNode-2"
address: "localhost:15097"
startupRole: FOLLOWER
]
2024-09-17 10:41:27,441 [grpc-default-executor-0] INFO  impl.SnapshotInstallationHandler (SnapshotInstallationHandler.java:installSnapshot(103)) - omNode-3@group-523986131536: reply installSnapshot: omNode-1<-omNode-3#0:FAIL-t1,IN_PROGRESS,snapshotIndex=0
2024-09-17 10:41:27,441 [grpc-default-executor-0] INFO  server.GrpcServerProtocolService (GrpcServerProtocolService.java:onCompleted(157)) - omNode-3: Completed INSTALL_SNAPSHOT, lastRequest: omNode-1->omNode-3#0-t1,notify:(t:1, i:387)
2024-09-17 10:41:27,441 [grpc-default-executor-0] INFO  server.GrpcServerProtocolService (GrpcServerProtocolService.java:lambda$onCompleted$5(159)) - omNode-3: Completed INSTALL_SNAPSHOT, lastReply: null
2024-09-17 10:41:27,441 [grpc-default-executor-1] INFO  server.GrpcLogAppender (GrpcLogAppender.java:onNext(649)) - omNode-1@group-523986131536->omNode-3-InstallSnapshotResponseHandler: received a reply omNode-1<-omNode-3#0:FAIL-t1,IN_PROGRESS,snapshotIndex=0
2024-09-17 10:41:27,441 [grpc-default-executor-1] INFO  server.GrpcLogAppender (GrpcLogAppender.java:onNext(665)) - omNode-1@group-523986131536->omNode-3-InstallSnapshotResponseHandler: InstallSnapshot in progress.
2024-09-17 10:41:27,449 [omNode-3-server-thread1] INFO  server.RaftServer$Division (RaftServerImpl.java:checkInconsistentAppendEntries(1629)) - omNode-3@group-523986131536: Failed appendEntries as snapshot (387) installation is in progress
2024-09-17 10:41:27,449 [omNode-3-server-thread1] INFO  server.RaftServer$Division (RaftServerImpl.java:appendEntriesAsync(1584)) - omNode-3@group-523986131536: appendEntries* reply omNode-1<-omNode-3#1784:FAIL-t1,INCONSISTENCY,nextIndex=0,followerCommit=-1,matchIndex=-1
2024-09-17 10:41:27,450 [grpc-default-executor-0] WARN  server.GrpcLogAppender (GrpcLogAppender.java:onNextImpl(519)) - omNode-1@group-523986131536->omNode-3-AppendLogResponseHandler: received INCONSISTENCY reply with nextIndex 0, errorCount=1, request=AppendEntriesRequest:cid=1784,entriesCount=0
2024-09-17 10:41:27,450 [omNode-1@group-523986131536->omNode-3-GrpcLogAppender-LogAppenderDaemon] INFO  server.GrpcLogAppender (GrpcLogAppender.java:notifyInstallSnapshot(790)) - omNode-1@group-523986131536->omNode-3-GrpcLogAppender: notifyInstallSnapshot with firstAvailable=(t:1, i:387), followerNextIndex=0
2024-09-17 10:41:27,450 [omNode-1@group-523986131536->omNode-3-GrpcLogAppender-LogAppenderDaemon] INFO  server.GrpcLogAppender (GrpcLogAppender.java:notifyInstallSnapshot(798)) - omNode-1@group-523986131536->omNode-3-GrpcLogAppender: send omNode-1->omNode-3#0-t1,notify:(t:1, i:387)
2024-09-17 10:41:27,450 [grpc-default-executor-0] INFO  impl.SnapshotInstallationHandler (SnapshotInstallationHandler.java:installSnapshot(92)) - omNode-3@group-523986131536: receive installSnapshot: omNode-1->omNode-3#0-t1,notify:(t:1, i:387)
2024-09-17 10:41:27,450 [grpc-default-executor-0] INFO  impl.SnapshotInstallationHandler (SnapshotInstallationHandler.java:installSnapshotImpl(138)) - omNode-3@group-523986131536: set new configuration configurationEntry {
  peers {
    id: "omNode-3"
    address: "localhost:15101"
    startupRole: FOLLOWER
  }
  peers {
    id: "omNode-1"
    address: "localhost:15093"
    startupRole: FOLLOWER
  }
  peers {
    id: "omNode-2"
    address: "localhost:15097"
    startupRole: FOLLOWER
  }
}
 from snapshot
2024-09-17 10:41:27,451 [grpc-default-executor-0] INFO  server.RaftServer$Division (ServerState.java:setRaftConf(386)) - omNode-3@group-523986131536: set configuration conf: {index: 0, cur=peers:[omNode-3|localhost:15101, omNode-1|localhost:15093, omNode-2|localhost:15097]|listeners:[], old=null}
2024-09-17 10:41:27,452 [grpc-default-executor-0] INFO  ratis.OzoneManagerStateMachine (OzoneManagerStateMachine.java:notifyConfigurationChanged(216)) - Received Configuration change notification from Ratis. New Peer list:
[id: "omNode-3"
address: "localhost:15101"
startupRole: FOLLOWER
, id: "omNode-1"
address: "localhost:15093"
startupRole: FOLLOWER
, id: "omNode-2"
address: "localhost:15097"
startupRole: FOLLOWER
]
2024-09-17 10:41:27,452 [grpc-default-executor-0] INFO  impl.SnapshotInstallationHandler (SnapshotInstallationHandler.java:installSnapshot(103)) - omNode-3@group-523986131536: reply installSnapshot: omNode-1<-omNode-3#0:FAIL-t1,IN_PROGRESS,snapshotIndex=0
2024-09-17 10:41:27,452 [grpc-default-executor-0] INFO  server.GrpcServerProtocolService (GrpcServerProtocolService.java:onCompleted(157)) - omNode-3: Completed INSTALL_SNAPSHOT, lastRequest: omNode-1->omNode-3#0-t1,notify:(t:1, i:387)
2024-09-17 10:41:27,452 [grpc-default-executor-0] INFO  server.GrpcServerProtocolService (GrpcServerProtocolService.java:lambda$onCompleted$5(159)) - omNode-3: Completed INSTALL_SNAPSHOT, lastReply: null
2024-09-17 10:41:27,452 [grpc-default-executor-1] INFO  server.GrpcLogAppender (GrpcLogAppender.java:onNext(649)) - omNode-1@group-523986131536->omNode-3-InstallSnapshotResponseHandler: received a reply omNode-1<-omNode-3#0:FAIL-t1,IN_PROGRESS,snapshotIndex=0
2024-09-17 10:41:27,453 [grpc-default-executor-1] INFO  server.GrpcLogAppender (GrpcLogAppender.java:onNext(665)) - omNode-1@group-523986131536->omNode-3-InstallSnapshotResponseHandler: InstallSnapshot in progress.
2024-09-17 10:41:27,461 [omNode-3-server-thread1] INFO  server.RaftServer$Division (RaftServerImpl.java:checkInconsistentAppendEntries(1629)) - omNode-3@group-523986131536: Failed appendEntries as snapshot (387) installation is in progress
2024-09-17 10:41:27,461 [omNode-3-server-thread1] INFO  server.RaftServer$Division (RaftServerImpl.java:appendEntriesAsync(1584)) - omNode-3@group-523986131536: appendEntries* reply omNode-1<-omNode-3#1785:FAIL-t1,INCONSISTENCY,nextIndex=0,followerCommit=-1,matchIndex=-1
2024-09-17 10:41:27,461 [grpc-default-executor-1] WARN  server.GrpcLogAppender (GrpcLogAppender.java:onNextImpl(519)) - omNode-1@group-523986131536->omNode-3-AppendLogResponseHandler: received INCONSISTENCY reply with nextIndex 0, errorCount=1, request=AppendEntriesRequest:cid=1785,entriesCount=0
2024-09-17 10:41:27,461 [omNode-1@group-523986131536->omNode-3-GrpcLogAppender-LogAppenderDaemon] INFO  server.GrpcLogAppender (GrpcLogAppender.java:notifyInstallSnapshot(790)) - omNode-1@group-523986131536->omNode-3-GrpcLogAppender: notifyInstallSnapshot with firstAvailable=(t:1, i:387), followerNextIndex=0
2024-09-17 10:41:27,461 [omNode-1@group-523986131536->omNode-3-GrpcLogAppender-LogAppenderDaemon] INFO  server.GrpcLogAppender (GrpcLogAppender.java:notifyInstallSnapshot(798)) - omNode-1@group-523986131536->omNode-3-GrpcLogAppender: send omNode-1->omNode-3#0-t1,notify:(t:1, i:387)
2024-09-17 10:41:27,462 [grpc-default-executor-0] INFO  impl.SnapshotInstallationHandler (SnapshotInstallationHandler.java:installSnapshot(92)) - omNode-3@group-523986131536: receive installSnapshot: omNode-1->omNode-3#0-t1,notify:(t:1, i:387)
2024-09-17 10:41:27,462 [grpc-default-executor-0] INFO  impl.SnapshotInstallationHandler (SnapshotInstallationHandler.java:installSnapshotImpl(138)) - omNode-3@group-523986131536: set new configuration configurationEntry {
  peers {
    id: "omNode-3"
    address: "localhost:15101"
    startupRole: FOLLOWER
  }
  peers {
    id: "omNode-1"
    address: "localhost:15093"
    startupRole: FOLLOWER
  }
  peers {
    id: "omNode-2"
    address: "localhost:15097"
    startupRole: FOLLOWER
  }
}
 from snapshot
2024-09-17 10:41:27,462 [grpc-default-executor-0] INFO  server.RaftServer$Division (ServerState.java:setRaftConf(386)) - omNode-3@group-523986131536: set configuration conf: {index: 0, cur=peers:[omNode-3|localhost:15101, omNode-1|localhost:15093, omNode-2|localhost:15097]|listeners:[], old=null}
2024-09-17 10:41:27,464 [grpc-default-executor-0] INFO  ratis.OzoneManagerStateMachine (OzoneManagerStateMachine.java:notifyConfigurationChanged(216)) - Received Configuration change notification from Ratis. New Peer list:
[id: "omNode-3"
address: "localhost:15101"
startupRole: FOLLOWER
, id: "omNode-1"
address: "localhost:15093"
startupRole: FOLLOWER
, id: "omNode-2"
address: "localhost:15097"
startupRole: FOLLOWER
]
2024-09-17 10:41:27,464 [grpc-default-executor-0] INFO  impl.SnapshotInstallationHandler (SnapshotInstallationHandler.java:installSnapshot(103)) - omNode-3@group-523986131536: reply installSnapshot: omNode-1<-omNode-3#0:FAIL-t1,IN_PROGRESS,snapshotIndex=0
2024-09-17 10:41:27,464 [grpc-default-executor-1] INFO  server.GrpcLogAppender (GrpcLogAppender.java:onNext(649)) - omNode-1@group-523986131536->omNode-3-InstallSnapshotResponseHandler: received a reply omNode-1<-omNode-3#0:FAIL-t1,IN_PROGRESS,snapshotIndex=0
2024-09-17 10:41:27,464 [grpc-default-executor-1] INFO  server.GrpcLogAppender (GrpcLogAppender.java:onNext(665)) - omNode-1@group-523986131536->omNode-3-InstallSnapshotResponseHandler: InstallSnapshot in progress.
2024-09-17 10:41:27,464 [grpc-default-executor-0] INFO  server.GrpcServerProtocolService (GrpcServerProtocolService.java:onCompleted(157)) - omNode-3: Completed INSTALL_SNAPSHOT, lastRequest: omNode-1->omNode-3#0-t1,notify:(t:1, i:387)
2024-09-17 10:41:27,464 [grpc-default-executor-0] INFO  server.GrpcServerProtocolService (GrpcServerProtocolService.java:lambda$onCompleted$5(159)) - omNode-3: Completed INSTALL_SNAPSHOT, lastReply: null
2024-09-17 10:41:27,473 [omNode-3-server-thread1] INFO  server.RaftServer$Division (RaftServerImpl.java:checkInconsistentAppendEntries(1629)) - omNode-3@group-523986131536: Failed appendEntries as snapshot (387) installation is in progress
2024-09-17 10:41:27,473 [omNode-3-server-thread1] INFO  server.RaftServer$Division (RaftServerImpl.java:appendEntriesAsync(1584)) - omNode-3@group-523986131536: appendEntries* reply omNode-1<-omNode-3#1786:FAIL-t1,INCONSISTENCY,nextIndex=0,followerCommit=-1,matchIndex=-1
2024-09-17 10:41:27,473 [grpc-default-executor-1] WARN  server.GrpcLogAppender (GrpcLogAppender.java:onNextImpl(519)) - omNode-1@group-523986131536->omNode-3-AppendLogResponseHandler: received INCONSISTENCY reply with nextIndex 0, errorCount=1, request=AppendEntriesRequest:cid=1786,entriesCount=0
2024-09-17 10:41:27,473 [omNode-1@group-523986131536->omNode-3-GrpcLogAppender-LogAppenderDaemon] INFO  server.GrpcLogAppender (GrpcLogAppender.java:notifyInstallSnapshot(790)) - omNode-1@group-523986131536->omNode-3-GrpcLogAppender: notifyInstallSnapshot with firstAvailable=(t:1, i:387), followerNextIndex=0
2024-09-17 10:41:27,473 [omNode-1@group-523986131536->omNode-3-GrpcLogAppender-LogAppenderDaemon] INFO  server.GrpcLogAppender (GrpcLogAppender.java:notifyInstallSnapshot(798)) - omNode-1@group-523986131536->omNode-3-GrpcLogAppender: send omNode-1->omNode-3#0-t1,notify:(t:1, i:387)
2024-09-17 10:41:27,474 [grpc-default-executor-1] INFO  impl.SnapshotInstallationHandler (SnapshotInstallationHandler.java:installSnapshot(92)) - omNode-3@group-523986131536: receive installSnapshot: omNode-1->omNode-3#0-t1,notify:(t:1, i:387)
2024-09-17 10:41:27,474 [grpc-default-executor-1] INFO  impl.SnapshotInstallationHandler (SnapshotInstallationHandler.java:installSnapshotImpl(138)) - omNode-3@group-523986131536: set new configuration configurationEntry {
  peers {
    id: "omNode-3"
    address: "localhost:15101"
    startupRole: FOLLOWER
  }
  peers {
    id: "omNode-1"
    address: "localhost:15093"
    startupRole: FOLLOWER
  }
  peers {
    id: "omNode-2"
    address: "localhost:15097"
    startupRole: FOLLOWER
  }
}
 from snapshot
2024-09-17 10:41:27,474 [grpc-default-executor-1] INFO  server.RaftServer$Division (ServerState.java:setRaftConf(386)) - omNode-3@group-523986131536: set configuration conf: {index: 0, cur=peers:[omNode-3|localhost:15101, omNode-1|localhost:15093, omNode-2|localhost:15097]|listeners:[], old=null}
2024-09-17 10:41:27,476 [grpc-default-executor-1] INFO  ratis.OzoneManagerStateMachine (OzoneManagerStateMachine.java:notifyConfigurationChanged(216)) - Received Configuration change notification from Ratis. New Peer list:
[id: "omNode-3"
address: "localhost:15101"
startupRole: FOLLOWER
, id: "omNode-1"
address: "localhost:15093"
startupRole: FOLLOWER
, id: "omNode-2"
address: "localhost:15097"
startupRole: FOLLOWER
]
2024-09-17 10:41:27,476 [grpc-default-executor-1] INFO  impl.SnapshotInstallationHandler (SnapshotInstallationHandler.java:installSnapshot(103)) - omNode-3@group-523986131536: reply installSnapshot: omNode-1<-omNode-3#0:FAIL-t1,IN_PROGRESS,snapshotIndex=0
2024-09-17 10:41:27,476 [grpc-default-executor-1] INFO  server.GrpcServerProtocolService (GrpcServerProtocolService.java:onCompleted(157)) - omNode-3: Completed INSTALL_SNAPSHOT, lastRequest: omNode-1->omNode-3#0-t1,notify:(t:1, i:387)
2024-09-17 10:41:27,476 [grpc-default-executor-1] INFO  server.GrpcServerProtocolService (GrpcServerProtocolService.java:lambda$onCompleted$5(159)) - omNode-3: Completed INSTALL_SNAPSHOT, lastReply: null
2024-09-17 10:41:27,477 [grpc-default-executor-0] INFO  server.GrpcLogAppender (GrpcLogAppender.java:onNext(649)) - omNode-1@group-523986131536->omNode-3-InstallSnapshotResponseHandler: received a reply omNode-1<-omNode-3#0:FAIL-t1,IN_PROGRESS,snapshotIndex=0
2024-09-17 10:41:27,477 [grpc-default-executor-0] INFO  server.GrpcLogAppender (GrpcLogAppender.java:onNext(665)) - omNode-1@group-523986131536->omNode-3-InstallSnapshotResponseHandler: InstallSnapshot in progress.
2024-09-17 10:41:27,484 [omNode-3-server-thread1] INFO  server.RaftServer$Division (RaftServerImpl.java:checkInconsistentAppendEntries(1629)) - omNode-3@group-523986131536: Failed appendEntries as snapshot (387) installation is in progress
2024-09-17 10:41:27,484 [omNode-3-server-thread1] INFO  server.RaftServer$Division (RaftServerImpl.java:appendEntriesAsync(1584)) - omNode-3@group-523986131536: appendEntries* reply omNode-1<-omNode-3#1787:FAIL-t1,INCONSISTENCY,nextIndex=0,followerCommit=-1,matchIndex=-1
2024-09-17 10:41:27,484 [grpc-default-executor-1] WARN  server.GrpcLogAppender (GrpcLogAppender.java:onNextImpl(519)) - omNode-1@group-523986131536->omNode-3-AppendLogResponseHandler: received INCONSISTENCY reply with nextIndex 0, errorCount=1, request=AppendEntriesRequest:cid=1787,entriesCount=0
2024-09-17 10:41:27,484 [omNode-1@group-523986131536->omNode-3-GrpcLogAppender-LogAppenderDaemon] INFO  server.GrpcLogAppender (GrpcLogAppender.java:notifyInstallSnapshot(790)) - omNode-1@group-523986131536->omNode-3-GrpcLogAppender: notifyInstallSnapshot with firstAvailable=(t:1, i:387), followerNextIndex=0
2024-09-17 10:41:27,485 [omNode-1@group-523986131536->omNode-3-GrpcLogAppender-LogAppenderDaemon] INFO  server.GrpcLogAppender (GrpcLogAppender.java:notifyInstallSnapshot(798)) - omNode-1@group-523986131536->omNode-3-GrpcLogAppender: send omNode-1->omNode-3#0-t1,notify:(t:1, i:387)
2024-09-17 10:41:27,485 [grpc-default-executor-3] INFO  impl.SnapshotInstallationHandler (SnapshotInstallationHandler.java:installSnapshot(92)) - omNode-3@group-523986131536: receive installSnapshot: omNode-1->omNode-3#0-t1,notify:(t:1, i:387)
2024-09-17 10:41:27,485 [grpc-default-executor-3] INFO  impl.SnapshotInstallationHandler (SnapshotInstallationHandler.java:installSnapshotImpl(138)) - omNode-3@group-523986131536: set new configuration configurationEntry {
  peers {
    id: "omNode-3"
    address: "localhost:15101"
    startupRole: FOLLOWER
  }
  peers {
    id: "omNode-1"
    address: "localhost:15093"
    startupRole: FOLLOWER
  }
  peers {
    id: "omNode-2"
    address: "localhost:15097"
    startupRole: FOLLOWER
  }
}
 from snapshot
2024-09-17 10:41:27,486 [grpc-default-executor-3] INFO  server.RaftServer$Division (ServerState.java:setRaftConf(386)) - omNode-3@group-523986131536: set configuration conf: {index: 0, cur=peers:[omNode-3|localhost:15101, omNode-1|localhost:15093, omNode-2|localhost:15097]|listeners:[], old=null}
2024-09-17 10:41:27,487 [grpc-default-executor-3] INFO  ratis.OzoneManagerStateMachine (OzoneManagerStateMachine.java:notifyConfigurationChanged(216)) - Received Configuration change notification from Ratis. New Peer list:
[id: "omNode-3"
address: "localhost:15101"
startupRole: FOLLOWER
, id: "omNode-1"
address: "localhost:15093"
startupRole: FOLLOWER
, id: "omNode-2"
address: "localhost:15097"
startupRole: FOLLOWER
]
2024-09-17 10:41:27,487 [grpc-default-executor-3] INFO  impl.SnapshotInstallationHandler (SnapshotInstallationHandler.java:installSnapshot(103)) - omNode-3@group-523986131536: reply installSnapshot: omNode-1<-omNode-3#0:FAIL-t1,IN_PROGRESS,snapshotIndex=0
2024-09-17 10:41:27,487 [grpc-default-executor-3] INFO  server.GrpcServerProtocolService (GrpcServerProtocolService.java:onCompleted(157)) - omNode-3: Completed INSTALL_SNAPSHOT, lastRequest: omNode-1->omNode-3#0-t1,notify:(t:1, i:387)
2024-09-17 10:41:27,487 [grpc-default-executor-3] INFO  server.GrpcServerProtocolService (GrpcServerProtocolService.java:lambda$onCompleted$5(159)) - omNode-3: Completed INSTALL_SNAPSHOT, lastReply: null
2024-09-17 10:41:27,487 [grpc-default-executor-1] INFO  server.GrpcLogAppender (GrpcLogAppender.java:onNext(649)) - omNode-1@group-523986131536->omNode-3-InstallSnapshotResponseHandler: received a reply omNode-1<-omNode-3#0:FAIL-t1,IN_PROGRESS,snapshotIndex=0
2024-09-17 10:41:27,487 [grpc-default-executor-1] INFO  server.GrpcLogAppender (GrpcLogAppender.java:onNext(665)) - omNode-1@group-523986131536->omNode-3-InstallSnapshotResponseHandler: InstallSnapshot in progress.
2024-09-17 10:41:27,496 [omNode-3-server-thread1] INFO  server.RaftServer$Division (RaftServerImpl.java:checkInconsistentAppendEntries(1629)) - omNode-3@group-523986131536: Failed appendEntries as snapshot (387) installation is in progress
2024-09-17 10:41:27,496 [omNode-3-server-thread1] INFO  server.RaftServer$Division (RaftServerImpl.java:appendEntriesAsync(1584)) - omNode-3@group-523986131536: appendEntries* reply omNode-1<-omNode-3#1788:FAIL-t1,INCONSISTENCY,nextIndex=0,followerCommit=-1,matchIndex=-1
2024-09-17 10:41:27,496 [grpc-default-executor-1] WARN  server.GrpcLogAppender (GrpcLogAppender.java:onNextImpl(519)) - omNode-1@group-523986131536->omNode-3-AppendLogResponseHandler: received INCONSISTENCY reply with nextIndex 0, errorCount=1, request=AppendEntriesRequest:cid=1788,entriesCount=0
2024-09-17 10:41:27,496 [omNode-1@group-523986131536->omNode-3-GrpcLogAppender-LogAppenderDaemon] INFO  server.GrpcLogAppender (GrpcLogAppender.java:notifyInstallSnapshot(790)) - omNode-1@group-523986131536->omNode-3-GrpcLogAppender: notifyInstallSnapshot with firstAvailable=(t:1, i:387), followerNextIndex=0
2024-09-17 10:41:27,496 [omNode-1@group-523986131536->omNode-3-GrpcLogAppender-LogAppenderDaemon] INFO  server.GrpcLogAppender (GrpcLogAppender.java:notifyInstallSnapshot(798)) - omNode-1@group-523986131536->omNode-3-GrpcLogAppender: send omNode-1->omNode-3#0-t1,notify:(t:1, i:387)
2024-09-17 10:41:27,497 [grpc-default-executor-3] INFO  impl.SnapshotInstallationHandler (SnapshotInstallationHandler.java:installSnapshot(92)) - omNode-3@group-523986131536: receive installSnapshot: omNode-1->omNode-3#0-t1,notify:(t:1, i:387)
2024-09-17 10:41:27,497 [grpc-default-executor-3] INFO  impl.SnapshotInstallationHandler (SnapshotInstallationHandler.java:installSnapshotImpl(138)) - omNode-3@group-523986131536: set new configuration configurationEntry {
  peers {
    id: "omNode-3"
    address: "localhost:15101"
    startupRole: FOLLOWER
  }
  peers {
    id: "omNode-1"
    address: "localhost:15093"
    startupRole: FOLLOWER
  }
  peers {
    id: "omNode-2"
    address: "localhost:15097"
    startupRole: FOLLOWER
  }
}
 from snapshot
2024-09-17 10:41:27,497 [grpc-default-executor-3] INFO  server.RaftServer$Division (ServerState.java:setRaftConf(386)) - omNode-3@group-523986131536: set configuration conf: {index: 0, cur=peers:[omNode-3|localhost:15101, omNode-1|localhost:15093, omNode-2|localhost:15097]|listeners:[], old=null}
2024-09-17 10:41:27,498 [grpc-default-executor-3] INFO  ratis.OzoneManagerStateMachine (OzoneManagerStateMachine.java:notifyConfigurationChanged(216)) - Received Configuration change notification from Ratis. New Peer list:
[id: "omNode-3"
address: "localhost:15101"
startupRole: FOLLOWER
, id: "omNode-1"
address: "localhost:15093"
startupRole: FOLLOWER
, id: "omNode-2"
address: "localhost:15097"
startupRole: FOLLOWER
]
2024-09-17 10:41:27,499 [grpc-default-executor-3] INFO  impl.SnapshotInstallationHandler (SnapshotInstallationHandler.java:installSnapshot(103)) - omNode-3@group-523986131536: reply installSnapshot: omNode-1<-omNode-3#0:FAIL-t1,IN_PROGRESS,snapshotIndex=0
2024-09-17 10:41:27,499 [grpc-default-executor-3] INFO  server.GrpcServerProtocolService (GrpcServerProtocolService.java:onCompleted(157)) - omNode-3: Completed INSTALL_SNAPSHOT, lastRequest: omNode-1->omNode-3#0-t1,notify:(t:1, i:387)
2024-09-17 10:41:27,499 [grpc-default-executor-3] INFO  server.GrpcServerProtocolService (GrpcServerProtocolService.java:lambda$onCompleted$5(159)) - omNode-3: Completed INSTALL_SNAPSHOT, lastReply: null
2024-09-17 10:41:27,499 [grpc-default-executor-3] INFO  server.GrpcLogAppender (GrpcLogAppender.java:onNext(649)) - omNode-1@group-523986131536->omNode-3-InstallSnapshotResponseHandler: received a reply omNode-1<-omNode-3#0:FAIL-t1,IN_PROGRESS,snapshotIndex=0
2024-09-17 10:41:27,499 [grpc-default-executor-3] INFO  server.GrpcLogAppender (GrpcLogAppender.java:onNext(665)) - omNode-1@group-523986131536->omNode-3-InstallSnapshotResponseHandler: InstallSnapshot in progress.
2024-09-17 10:41:27,507 [omNode-3-server-thread1] INFO  server.RaftServer$Division (RaftServerImpl.java:checkInconsistentAppendEntries(1629)) - omNode-3@group-523986131536: Failed appendEntries as snapshot (387) installation is in progress
2024-09-17 10:41:27,508 [omNode-3-server-thread1] INFO  server.RaftServer$Division (RaftServerImpl.java:appendEntriesAsync(1584)) - omNode-3@group-523986131536: appendEntries* reply omNode-1<-omNode-3#1789:FAIL-t1,INCONSISTENCY,nextIndex=0,followerCommit=-1,matchIndex=-1
2024-09-17 10:41:27,508 [grpc-default-executor-3] WARN  server.GrpcLogAppender (GrpcLogAppender.java:onNextImpl(519)) - omNode-1@group-523986131536->omNode-3-AppendLogResponseHandler: received INCONSISTENCY reply with nextIndex 0, errorCount=1, request=AppendEntriesRequest:cid=1789,entriesCount=0
2024-09-17 10:41:27,508 [omNode-1@group-523986131536->omNode-3-GrpcLogAppender-LogAppenderDaemon] INFO  server.GrpcLogAppender (GrpcLogAppender.java:notifyInstallSnapshot(790)) - omNode-1@group-523986131536->omNode-3-GrpcLogAppender: notifyInstallSnapshot with firstAvailable=(t:1, i:387), followerNextIndex=0
2024-09-17 10:41:27,508 [omNode-1@group-523986131536->omNode-3-GrpcLogAppender-LogAppenderDaemon] INFO  server.GrpcLogAppender (GrpcLogAppender.java:notifyInstallSnapshot(798)) - omNode-1@group-523986131536->omNode-3-GrpcLogAppender: send omNode-1->omNode-3#0-t1,notify:(t:1, i:387)
2024-09-17 10:41:27,509 [grpc-default-executor-1] INFO  impl.SnapshotInstallationHandler (SnapshotInstallationHandler.java:installSnapshot(92)) - omNode-3@group-523986131536: receive installSnapshot: omNode-1->omNode-3#0-t1,notify:(t:1, i:387)
2024-09-17 10:41:27,509 [grpc-default-executor-1] INFO  impl.SnapshotInstallationHandler (SnapshotInstallationHandler.java:installSnapshotImpl(138)) - omNode-3@group-523986131536: set new configuration configurationEntry {
  peers {
    id: "omNode-3"
    address: "localhost:15101"
    startupRole: FOLLOWER
  }
  peers {
    id: "omNode-1"
    address: "localhost:15093"
    startupRole: FOLLOWER
  }
  peers {
    id: "omNode-2"
    address: "localhost:15097"
    startupRole: FOLLOWER
  }
}
 from snapshot
2024-09-17 10:41:27,509 [grpc-default-executor-1] INFO  server.RaftServer$Division (ServerState.java:setRaftConf(386)) - omNode-3@group-523986131536: set configuration conf: {index: 0, cur=peers:[omNode-3|localhost:15101, omNode-1|localhost:15093, omNode-2|localhost:15097]|listeners:[], old=null}
2024-09-17 10:41:27,511 [grpc-default-executor-1] INFO  ratis.OzoneManagerStateMachine (OzoneManagerStateMachine.java:notifyConfigurationChanged(216)) - Received Configuration change notification from Ratis. New Peer list:
[id: "omNode-3"
address: "localhost:15101"
startupRole: FOLLOWER
, id: "omNode-1"
address: "localhost:15093"
startupRole: FOLLOWER
, id: "omNode-2"
address: "localhost:15097"
startupRole: FOLLOWER
]
2024-09-17 10:41:27,511 [grpc-default-executor-1] INFO  impl.SnapshotInstallationHandler (SnapshotInstallationHandler.java:installSnapshot(103)) - omNode-3@group-523986131536: reply installSnapshot: omNode-1<-omNode-3#0:FAIL-t1,IN_PROGRESS,snapshotIndex=0
2024-09-17 10:41:27,511 [grpc-default-executor-1] INFO  server.GrpcServerProtocolService (GrpcServerProtocolService.java:onCompleted(157)) - omNode-3: Completed INSTALL_SNAPSHOT, lastRequest: omNode-1->omNode-3#0-t1,notify:(t:1, i:387)
2024-09-17 10:41:27,511 [grpc-default-executor-1] INFO  server.GrpcServerProtocolService (GrpcServerProtocolService.java:lambda$onCompleted$5(159)) - omNode-3: Completed INSTALL_SNAPSHOT, lastReply: null
2024-09-17 10:41:27,511 [grpc-default-executor-1] INFO  server.GrpcLogAppender (GrpcLogAppender.java:onNext(649)) - omNode-1@group-523986131536->omNode-3-InstallSnapshotResponseHandler: received a reply omNode-1<-omNode-3#0:FAIL-t1,IN_PROGRESS,snapshotIndex=0
2024-09-17 10:41:27,511 [grpc-default-executor-1] INFO  server.GrpcLogAppender (GrpcLogAppender.java:onNext(665)) - omNode-1@group-523986131536->omNode-3-InstallSnapshotResponseHandler: InstallSnapshot in progress.
2024-09-17 10:41:27,519 [omNode-3-server-thread1] INFO  server.RaftServer$Division (RaftServerImpl.java:checkInconsistentAppendEntries(1629)) - omNode-3@group-523986131536: Failed appendEntries as snapshot (387) installation is in progress
2024-09-17 10:41:27,519 [omNode-3-server-thread1] INFO  server.RaftServer$Division (RaftServerImpl.java:appendEntriesAsync(1584)) - omNode-3@group-523986131536: appendEntries* reply omNode-1<-omNode-3#1790:FAIL-t1,INCONSISTENCY,nextIndex=0,followerCommit=-1,matchIndex=-1
2024-09-17 10:41:27,519 [grpc-default-executor-3] WARN  server.GrpcLogAppender (GrpcLogAppender.java:onNextImpl(519)) - omNode-1@group-523986131536->omNode-3-AppendLogResponseHandler: received INCONSISTENCY reply with nextIndex 0, errorCount=1, request=AppendEntriesRequest:cid=1790,entriesCount=0
2024-09-17 10:41:27,519 [omNode-1@group-523986131536->omNode-3-GrpcLogAppender-LogAppenderDaemon] INFO  server.GrpcLogAppender (GrpcLogAppender.java:notifyInstallSnapshot(790)) - omNode-1@group-523986131536->omNode-3-GrpcLogAppender: notifyInstallSnapshot with firstAvailable=(t:1, i:387), followerNextIndex=0
2024-09-17 10:41:27,519 [omNode-1@group-523986131536->omNode-3-GrpcLogAppender-LogAppenderDaemon] INFO  server.GrpcLogAppender (GrpcLogAppender.java:notifyInstallSnapshot(798)) - omNode-1@group-523986131536->omNode-3-GrpcLogAppender: send omNode-1->omNode-3#0-t1,notify:(t:1, i:387)
2024-09-17 10:41:27,520 [grpc-default-executor-0] INFO  impl.SnapshotInstallationHandler (SnapshotInstallationHandler.java:installSnapshot(92)) - omNode-3@group-523986131536: receive installSnapshot: omNode-1->omNode-3#0-t1,notify:(t:1, i:387)
2024-09-17 10:41:27,520 [grpc-default-executor-0] INFO  impl.SnapshotInstallationHandler (SnapshotInstallationHandler.java:installSnapshotImpl(138)) - omNode-3@group-523986131536: set new configuration configurationEntry {
  peers {
    id: "omNode-3"
    address: "localhost:15101"
    startupRole: FOLLOWER
  }
  peers {
    id: "omNode-1"
    address: "localhost:15093"
    startupRole: FOLLOWER
  }
  peers {
    id: "omNode-2"
    address: "localhost:15097"
    startupRole: FOLLOWER
  }
}
 from snapshot
2024-09-17 10:41:27,521 [grpc-default-executor-0] INFO  server.RaftServer$Division (ServerState.java:setRaftConf(386)) - omNode-3@group-523986131536: set configuration conf: {index: 0, cur=peers:[omNode-3|localhost:15101, omNode-1|localhost:15093, omNode-2|localhost:15097]|listeners:[], old=null}
2024-09-17 10:41:27,522 [grpc-default-executor-0] INFO  ratis.OzoneManagerStateMachine (OzoneManagerStateMachine.java:notifyConfigurationChanged(216)) - Received Configuration change notification from Ratis. New Peer list:
[id: "omNode-3"
address: "localhost:15101"
startupRole: FOLLOWER
, id: "omNode-1"
address: "localhost:15093"
startupRole: FOLLOWER
, id: "omNode-2"
address: "localhost:15097"
startupRole: FOLLOWER
]
2024-09-17 10:41:27,522 [grpc-default-executor-0] INFO  impl.SnapshotInstallationHandler (SnapshotInstallationHandler.java:installSnapshot(103)) - omNode-3@group-523986131536: reply installSnapshot: omNode-1<-omNode-3#0:FAIL-t1,IN_PROGRESS,snapshotIndex=0
2024-09-17 10:41:27,522 [grpc-default-executor-0] INFO  server.GrpcServerProtocolService (GrpcServerProtocolService.java:onCompleted(157)) - omNode-3: Completed INSTALL_SNAPSHOT, lastRequest: omNode-1->omNode-3#0-t1,notify:(t:1, i:387)
2024-09-17 10:41:27,522 [grpc-default-executor-0] INFO  server.GrpcServerProtocolService (GrpcServerProtocolService.java:lambda$onCompleted$5(159)) - omNode-3: Completed INSTALL_SNAPSHOT, lastReply: null
2024-09-17 10:41:27,522 [grpc-default-executor-1] INFO  server.GrpcLogAppender (GrpcLogAppender.java:onNext(649)) - omNode-1@group-523986131536->omNode-3-InstallSnapshotResponseHandler: received a reply omNode-1<-omNode-3#0:FAIL-t1,IN_PROGRESS,snapshotIndex=0
2024-09-17 10:41:27,522 [grpc-default-executor-1] INFO  server.GrpcLogAppender (GrpcLogAppender.java:onNext(665)) - omNode-1@group-523986131536->omNode-3-InstallSnapshotResponseHandler: InstallSnapshot in progress.
2024-09-17 10:41:27,531 [omNode-3-server-thread1] INFO  server.RaftServer$Division (RaftServerImpl.java:checkInconsistentAppendEntries(1629)) - omNode-3@group-523986131536: Failed appendEntries as snapshot (387) installation is in progress
2024-09-17 10:41:27,531 [omNode-3-server-thread1] INFO  server.RaftServer$Division (RaftServerImpl.java:appendEntriesAsync(1584)) - omNode-3@group-523986131536: appendEntries* reply omNode-1<-omNode-3#1791:FAIL-t1,INCONSISTENCY,nextIndex=0,followerCommit=-1,matchIndex=-1
2024-09-17 10:41:27,531 [grpc-default-executor-1] WARN  server.GrpcLogAppender (GrpcLogAppender.java:onNextImpl(519)) - omNode-1@group-523986131536->omNode-3-AppendLogResponseHandler: received INCONSISTENCY reply with nextIndex 0, errorCount=1, request=AppendEntriesRequest:cid=1791,entriesCount=0
2024-09-17 10:41:27,531 [omNode-1@group-523986131536->omNode-3-GrpcLogAppender-LogAppenderDaemon] INFO  server.GrpcLogAppender (GrpcLogAppender.java:notifyInstallSnapshot(790)) - omNode-1@group-523986131536->omNode-3-GrpcLogAppender: notifyInstallSnapshot with firstAvailable=(t:1, i:387), followerNextIndex=0
2024-09-17 10:41:27,531 [omNode-1@group-523986131536->omNode-3-GrpcLogAppender-LogAppenderDaemon] INFO  server.GrpcLogAppender (GrpcLogAppender.java:notifyInstallSnapshot(798)) - omNode-1@group-523986131536->omNode-3-GrpcLogAppender: send omNode-1->omNode-3#0-t1,notify:(t:1, i:387)
2024-09-17 10:41:27,532 [grpc-default-executor-0] INFO  impl.SnapshotInstallationHandler (SnapshotInstallationHandler.java:installSnapshot(92)) - omNode-3@group-523986131536: receive installSnapshot: omNode-1->omNode-3#0-t1,notify:(t:1, i:387)
2024-09-17 10:41:27,532 [grpc-default-executor-0] INFO  impl.SnapshotInstallationHandler (SnapshotInstallationHandler.java:installSnapshotImpl(138)) - omNode-3@group-523986131536: set new configuration configurationEntry {
  peers {
    id: "omNode-3"
    address: "localhost:15101"
    startupRole: FOLLOWER
  }
  peers {
    id: "omNode-1"
    address: "localhost:15093"
    startupRole: FOLLOWER
  }
  peers {
    id: "omNode-2"
    address: "localhost:15097"
    startupRole: FOLLOWER
  }
}
 from snapshot
2024-09-17 10:41:27,532 [grpc-default-executor-0] INFO  server.RaftServer$Division (ServerState.java:setRaftConf(386)) - omNode-3@group-523986131536: set configuration conf: {index: 0, cur=peers:[omNode-3|localhost:15101, omNode-1|localhost:15093, omNode-2|localhost:15097]|listeners:[], old=null}
2024-09-17 10:41:27,534 [grpc-default-executor-0] INFO  ratis.OzoneManagerStateMachine (OzoneManagerStateMachine.java:notifyConfigurationChanged(216)) - Received Configuration change notification from Ratis. New Peer list:
[id: "omNode-3"
address: "localhost:15101"
startupRole: FOLLOWER
, id: "omNode-1"
address: "localhost:15093"
startupRole: FOLLOWER
, id: "omNode-2"
address: "localhost:15097"
startupRole: FOLLOWER
]
2024-09-17 10:41:27,534 [grpc-default-executor-0] INFO  impl.SnapshotInstallationHandler (SnapshotInstallationHandler.java:installSnapshot(103)) - omNode-3@group-523986131536: reply installSnapshot: omNode-1<-omNode-3#0:FAIL-t1,IN_PROGRESS,snapshotIndex=0
2024-09-17 10:41:27,534 [grpc-default-executor-0] INFO  server.GrpcServerProtocolService (GrpcServerProtocolService.java:onCompleted(157)) - omNode-3: Completed INSTALL_SNAPSHOT, lastRequest: omNode-1->omNode-3#0-t1,notify:(t:1, i:387)
2024-09-17 10:41:27,534 [grpc-default-executor-0] INFO  server.GrpcServerProtocolService (GrpcServerProtocolService.java:lambda$onCompleted$5(159)) - omNode-3: Completed INSTALL_SNAPSHOT, lastReply: null
2024-09-17 10:41:27,534 [grpc-default-executor-1] INFO  server.GrpcLogAppender (GrpcLogAppender.java:onNext(649)) - omNode-1@group-523986131536->omNode-3-InstallSnapshotResponseHandler: received a reply omNode-1<-omNode-3#0:FAIL-t1,IN_PROGRESS,snapshotIndex=0
2024-09-17 10:41:27,534 [grpc-default-executor-1] INFO  server.GrpcLogAppender (GrpcLogAppender.java:onNext(665)) - omNode-1@group-523986131536->omNode-3-InstallSnapshotResponseHandler: InstallSnapshot in progress.
2024-09-17 10:41:27,543 [omNode-3-server-thread1] INFO  server.RaftServer$Division (RaftServerImpl.java:checkInconsistentAppendEntries(1629)) - omNode-3@group-523986131536: Failed appendEntries as snapshot (387) installation is in progress
2024-09-17 10:41:27,543 [omNode-3-server-thread1] INFO  server.RaftServer$Division (RaftServerImpl.java:appendEntriesAsync(1584)) - omNode-3@group-523986131536: appendEntries* reply omNode-1<-omNode-3#1792:FAIL-t1,INCONSISTENCY,nextIndex=0,followerCommit=-1,matchIndex=-1
2024-09-17 10:41:27,543 [grpc-default-executor-1] WARN  server.GrpcLogAppender (GrpcLogAppender.java:onNextImpl(519)) - omNode-1@group-523986131536->omNode-3-AppendLogResponseHandler: received INCONSISTENCY reply with nextIndex 0, errorCount=1, request=AppendEntriesRequest:cid=1792,entriesCount=0
2024-09-17 10:41:27,543 [omNode-1@group-523986131536->omNode-3-GrpcLogAppender-LogAppenderDaemon] INFO  server.GrpcLogAppender (GrpcLogAppender.java:notifyInstallSnapshot(790)) - omNode-1@group-523986131536->omNode-3-GrpcLogAppender: notifyInstallSnapshot with firstAvailable=(t:1, i:387), followerNextIndex=0
2024-09-17 10:41:27,544 [omNode-1@group-523986131536->omNode-3-GrpcLogAppender-LogAppenderDaemon] INFO  server.GrpcLogAppender (GrpcLogAppender.java:notifyInstallSnapshot(798)) - omNode-1@group-523986131536->omNode-3-GrpcLogAppender: send omNode-1->omNode-3#0-t1,notify:(t:1, i:387)
2024-09-17 10:41:27,544 [grpc-default-executor-1] INFO  impl.SnapshotInstallationHandler (SnapshotInstallationHandler.java:installSnapshot(92)) - omNode-3@group-523986131536: receive installSnapshot: omNode-1->omNode-3#0-t1,notify:(t:1, i:387)
2024-09-17 10:41:27,545 [grpc-default-executor-1] INFO  impl.SnapshotInstallationHandler (SnapshotInstallationHandler.java:installSnapshotImpl(138)) - omNode-3@group-523986131536: set new configuration configurationEntry {
  peers {
    id: "omNode-3"
    address: "localhost:15101"
    startupRole: FOLLOWER
  }
  peers {
    id: "omNode-1"
    address: "localhost:15093"
    startupRole: FOLLOWER
  }
  peers {
    id: "omNode-2"
    address: "localhost:15097"
    startupRole: FOLLOWER
  }
}
 from snapshot
2024-09-17 10:41:27,545 [grpc-default-executor-1] INFO  server.RaftServer$Division (ServerState.java:setRaftConf(386)) - omNode-3@group-523986131536: set configuration conf: {index: 0, cur=peers:[omNode-3|localhost:15101, omNode-1|localhost:15093, omNode-2|localhost:15097]|listeners:[], old=null}
2024-09-17 10:41:27,546 [grpc-default-executor-1] INFO  ratis.OzoneManagerStateMachine (OzoneManagerStateMachine.java:notifyConfigurationChanged(216)) - Received Configuration change notification from Ratis. New Peer list:
[id: "omNode-3"
address: "localhost:15101"
startupRole: FOLLOWER
, id: "omNode-1"
address: "localhost:15093"
startupRole: FOLLOWER
, id: "omNode-2"
address: "localhost:15097"
startupRole: FOLLOWER
]
2024-09-17 10:41:27,546 [grpc-default-executor-1] INFO  impl.SnapshotInstallationHandler (SnapshotInstallationHandler.java:installSnapshot(103)) - omNode-3@group-523986131536: reply installSnapshot: omNode-1<-omNode-3#0:FAIL-t1,IN_PROGRESS,snapshotIndex=0
2024-09-17 10:41:27,547 [grpc-default-executor-1] INFO  server.GrpcServerProtocolService (GrpcServerProtocolService.java:onCompleted(157)) - omNode-3: Completed INSTALL_SNAPSHOT, lastRequest: omNode-1->omNode-3#0-t1,notify:(t:1, i:387)
2024-09-17 10:41:27,547 [grpc-default-executor-1] INFO  server.GrpcServerProtocolService (GrpcServerProtocolService.java:lambda$onCompleted$5(159)) - omNode-3: Completed INSTALL_SNAPSHOT, lastReply: null
2024-09-17 10:41:27,548 [grpc-default-executor-1] INFO  server.GrpcLogAppender (GrpcLogAppender.java:onNext(649)) - omNode-1@group-523986131536->omNode-3-InstallSnapshotResponseHandler: received a reply omNode-1<-omNode-3#0:FAIL-t1,IN_PROGRESS,snapshotIndex=0
2024-09-17 10:41:27,548 [grpc-default-executor-1] INFO  server.GrpcLogAppender (GrpcLogAppender.java:onNext(665)) - omNode-1@group-523986131536->omNode-3-InstallSnapshotResponseHandler: InstallSnapshot in progress.
2024-09-17 10:41:27,550 [qtp954995439-10488] INFO  db.RDBCheckpointManager (RDBCheckpointManager.java:createCheckpoint(89)) - Created checkpoint in rocksDB at /home/runner/work/ozone/ozone/hadoop-ozone/integration-test/target/test-dir/MiniOzoneClusterImpl-90660ac4-7e9c-448b-98ea-af4f808cf8d9/omNode-1/db.checkpoints/om.db_checkpoint_1726569687546 in 4 milliseconds
2024-09-17 10:41:27,553 [qtp954995439-10488] INFO  helpers.OmKeyInfo (OmKeyInfo.java:getCodec(72)) - OmKeyInfo.getCodec ignorePipeline = true
2024-09-17 10:41:27,555 [omNode-3-server-thread1] INFO  server.RaftServer$Division (RaftServerImpl.java:checkInconsistentAppendEntries(1629)) - omNode-3@group-523986131536: Failed appendEntries as snapshot (387) installation is in progress
2024-09-17 10:41:27,555 [omNode-3-server-thread1] INFO  server.RaftServer$Division (RaftServerImpl.java:appendEntriesAsync(1584)) - omNode-3@group-523986131536: appendEntries* reply omNode-1<-omNode-3#1793:FAIL-t1,INCONSISTENCY,nextIndex=0,followerCommit=-1,matchIndex=-1
2024-09-17 10:41:27,555 [grpc-default-executor-1] WARN  server.GrpcLogAppender (GrpcLogAppender.java:onNextImpl(519)) - omNode-1@group-523986131536->omNode-3-AppendLogResponseHandler: received INCONSISTENCY reply with nextIndex 0, errorCount=1, request=AppendEntriesRequest:cid=1793,entriesCount=0
2024-09-17 10:41:27,555 [omNode-1@group-523986131536->omNode-3-GrpcLogAppender-LogAppenderDaemon] INFO  server.GrpcLogAppender (GrpcLogAppender.java:notifyInstallSnapshot(790)) - omNode-1@group-523986131536->omNode-3-GrpcLogAppender: notifyInstallSnapshot with firstAvailable=(t:1, i:387), followerNextIndex=0
2024-09-17 10:41:27,555 [omNode-1@group-523986131536->omNode-3-GrpcLogAppender-LogAppenderDaemon] INFO  server.GrpcLogAppender (GrpcLogAppender.java:notifyInstallSnapshot(798)) - omNode-1@group-523986131536->omNode-3-GrpcLogAppender: send omNode-1->omNode-3#0-t1,notify:(t:1, i:387)
2024-09-17 10:41:27,556 [grpc-default-executor-0] INFO  impl.SnapshotInstallationHandler (SnapshotInstallationHandler.java:installSnapshot(92)) - omNode-3@group-523986131536: receive installSnapshot: omNode-1->omNode-3#0-t1,notify:(t:1, i:387)
2024-09-17 10:41:27,556 [grpc-default-executor-0] INFO  impl.SnapshotInstallationHandler (SnapshotInstallationHandler.java:installSnapshotImpl(138)) - omNode-3@group-523986131536: set new configuration configurationEntry {
  peers {
    id: "omNode-3"
    address: "localhost:15101"
    startupRole: FOLLOWER
  }
  peers {
    id: "omNode-1"
    address: "localhost:15093"
    startupRole: FOLLOWER
  }
  peers {
    id: "omNode-2"
    address: "localhost:15097"
    startupRole: FOLLOWER
  }
}
 from snapshot
2024-09-17 10:41:27,556 [grpc-default-executor-0] INFO  server.RaftServer$Division (ServerState.java:setRaftConf(386)) - omNode-3@group-523986131536: set configuration conf: {index: 0, cur=peers:[omNode-3|localhost:15101, omNode-1|localhost:15093, omNode-2|localhost:15097]|listeners:[], old=null}
2024-09-17 10:41:27,558 [grpc-default-executor-0] INFO  ratis.OzoneManagerStateMachine (OzoneManagerStateMachine.java:notifyConfigurationChanged(216)) - Received Configuration change notification from Ratis. New Peer list:
[id: "omNode-3"
address: "localhost:15101"
startupRole: FOLLOWER
, id: "omNode-1"
address: "localhost:15093"
startupRole: FOLLOWER
, id: "omNode-2"
address: "localhost:15097"
startupRole: FOLLOWER
]
2024-09-17 10:41:27,558 [grpc-default-executor-0] INFO  impl.SnapshotInstallationHandler (SnapshotInstallationHandler.java:installSnapshot(103)) - omNode-3@group-523986131536: reply installSnapshot: omNode-1<-omNode-3#0:FAIL-t1,IN_PROGRESS,snapshotIndex=0
2024-09-17 10:41:27,558 [grpc-default-executor-0] INFO  server.GrpcServerProtocolService (GrpcServerProtocolService.java:onCompleted(157)) - omNode-3: Completed INSTALL_SNAPSHOT, lastRequest: omNode-1->omNode-3#0-t1,notify:(t:1, i:387)
2024-09-17 10:41:27,558 [grpc-default-executor-0] INFO  server.GrpcServerProtocolService (GrpcServerProtocolService.java:lambda$onCompleted$5(159)) - omNode-3: Completed INSTALL_SNAPSHOT, lastReply: null
2024-09-17 10:41:27,558 [grpc-default-executor-0] INFO  server.GrpcLogAppender (GrpcLogAppender.java:onNext(649)) - omNode-1@group-523986131536->omNode-3-InstallSnapshotResponseHandler: received a reply omNode-1<-omNode-3#0:FAIL-t1,IN_PROGRESS,snapshotIndex=0
2024-09-17 10:41:27,558 [grpc-default-executor-0] INFO  server.GrpcLogAppender (GrpcLogAppender.java:onNext(665)) - omNode-1@group-523986131536->omNode-3-InstallSnapshotResponseHandler: InstallSnapshot in progress.
2024-09-17 10:41:27,566 [omNode-3-server-thread1] INFO  server.RaftServer$Division (RaftServerImpl.java:checkInconsistentAppendEntries(1629)) - omNode-3@group-523986131536: Failed appendEntries as snapshot (387) installation is in progress
2024-09-17 10:41:27,567 [omNode-3-server-thread1] INFO  server.RaftServer$Division (RaftServerImpl.java:appendEntriesAsync(1584)) - omNode-3@group-523986131536: appendEntries* reply omNode-1<-omNode-3#1794:FAIL-t1,INCONSISTENCY,nextIndex=0,followerCommit=-1,matchIndex=-1
2024-09-17 10:41:27,567 [grpc-default-executor-0] WARN  server.GrpcLogAppender (GrpcLogAppender.java:onNextImpl(519)) - omNode-1@group-523986131536->omNode-3-AppendLogResponseHandler: received INCONSISTENCY reply with nextIndex 0, errorCount=1, request=AppendEntriesRequest:cid=1794,entriesCount=0
2024-09-17 10:41:27,568 [omNode-1@group-523986131536->omNode-3-GrpcLogAppender-LogAppenderDaemon] INFO  server.GrpcLogAppender (GrpcLogAppender.java:notifyInstallSnapshot(790)) - omNode-1@group-523986131536->omNode-3-GrpcLogAppender: notifyInstallSnapshot with firstAvailable=(t:1, i:387), followerNextIndex=0
2024-09-17 10:41:27,568 [omNode-1@group-523986131536->omNode-3-GrpcLogAppender-LogAppenderDaemon] INFO  server.GrpcLogAppender (GrpcLogAppender.java:notifyInstallSnapshot(798)) - omNode-1@group-523986131536->omNode-3-GrpcLogAppender: send omNode-1->omNode-3#0-t1,notify:(t:1, i:387)
2024-09-17 10:41:27,568 [grpc-default-executor-1] INFO  impl.SnapshotInstallationHandler (SnapshotInstallationHandler.java:installSnapshot(92)) - omNode-3@group-523986131536: receive installSnapshot: omNode-1->omNode-3#0-t1,notify:(t:1, i:387)
2024-09-17 10:41:27,568 [grpc-default-executor-1] INFO  impl.SnapshotInstallationHandler (SnapshotInstallationHandler.java:installSnapshotImpl(138)) - omNode-3@group-523986131536: set new configuration configurationEntry {
  peers {
    id: "omNode-3"
    address: "localhost:15101"
    startupRole: FOLLOWER
  }
  peers {
    id: "omNode-1"
    address: "localhost:15093"
    startupRole: FOLLOWER
  }
  peers {
    id: "omNode-2"
    address: "localhost:15097"
    startupRole: FOLLOWER
  }
}
 from snapshot
2024-09-17 10:41:27,569 [grpc-default-executor-1] INFO  server.RaftServer$Division (ServerState.java:setRaftConf(386)) - omNode-3@group-523986131536: set configuration conf: {index: 0, cur=peers:[omNode-3|localhost:15101, omNode-1|localhost:15093, omNode-2|localhost:15097]|listeners:[], old=null}
2024-09-17 10:41:27,570 [grpc-default-executor-1] INFO  ratis.OzoneManagerStateMachine (OzoneManagerStateMachine.java:notifyConfigurationChanged(216)) - Received Configuration change notification from Ratis. New Peer list:
[id: "omNode-3"
address: "localhost:15101"
startupRole: FOLLOWER
, id: "omNode-1"
address: "localhost:15093"
startupRole: FOLLOWER
, id: "omNode-2"
address: "localhost:15097"
startupRole: FOLLOWER
]
2024-09-17 10:41:27,570 [grpc-default-executor-1] INFO  impl.SnapshotInstallationHandler (SnapshotInstallationHandler.java:installSnapshot(103)) - omNode-3@group-523986131536: reply installSnapshot: omNode-1<-omNode-3#0:FAIL-t1,IN_PROGRESS,snapshotIndex=0
2024-09-17 10:41:27,570 [grpc-default-executor-1] INFO  server.GrpcServerProtocolService (GrpcServerProtocolService.java:onCompleted(157)) - omNode-3: Completed INSTALL_SNAPSHOT, lastRequest: omNode-1->omNode-3#0-t1,notify:(t:1, i:387)
2024-09-17 10:41:27,570 [grpc-default-executor-1] INFO  server.GrpcServerProtocolService (GrpcServerProtocolService.java:lambda$onCompleted$5(159)) - omNode-3: Completed INSTALL_SNAPSHOT, lastReply: null
2024-09-17 10:41:27,571 [grpc-default-executor-1] INFO  server.GrpcLogAppender (GrpcLogAppender.java:onNext(649)) - omNode-1@group-523986131536->omNode-3-InstallSnapshotResponseHandler: received a reply omNode-1<-omNode-3#0:FAIL-t1,IN_PROGRESS,snapshotIndex=0
2024-09-17 10:41:27,571 [grpc-default-executor-1] INFO  server.GrpcLogAppender (GrpcLogAppender.java:onNext(665)) - omNode-1@group-523986131536->omNode-3-InstallSnapshotResponseHandler: InstallSnapshot in progress.
2024-09-17 10:41:27,579 [omNode-3-server-thread1] INFO  server.RaftServer$Division (RaftServerImpl.java:checkInconsistentAppendEntries(1629)) - omNode-3@group-523986131536: Failed appendEntries as snapshot (387) installation is in progress
2024-09-17 10:41:27,579 [omNode-3-server-thread1] INFO  server.RaftServer$Division (RaftServerImpl.java:appendEntriesAsync(1584)) - omNode-3@group-523986131536: appendEntries* reply omNode-1<-omNode-3#1795:FAIL-t1,INCONSISTENCY,nextIndex=0,followerCommit=-1,matchIndex=-1
2024-09-17 10:41:27,579 [grpc-default-executor-1] WARN  server.GrpcLogAppender (GrpcLogAppender.java:onNextImpl(519)) - omNode-1@group-523986131536->omNode-3-AppendLogResponseHandler: received INCONSISTENCY reply with nextIndex 0, errorCount=1, request=AppendEntriesRequest:cid=1795,entriesCount=0
2024-09-17 10:41:27,579 [omNode-1@group-523986131536->omNode-3-GrpcLogAppender-LogAppenderDaemon] INFO  server.GrpcLogAppender (GrpcLogAppender.java:notifyInstallSnapshot(790)) - omNode-1@group-523986131536->omNode-3-GrpcLogAppender: notifyInstallSnapshot with firstAvailable=(t:1, i:387), followerNextIndex=0
2024-09-17 10:41:27,579 [omNode-1@group-523986131536->omNode-3-GrpcLogAppender-LogAppenderDaemon] INFO  server.GrpcLogAppender (GrpcLogAppender.java:notifyInstallSnapshot(798)) - omNode-1@group-523986131536->omNode-3-GrpcLogAppender: send omNode-1->omNode-3#0-t1,notify:(t:1, i:387)
2024-09-17 10:41:27,580 [grpc-default-executor-1] INFO  impl.SnapshotInstallationHandler (SnapshotInstallationHandler.java:installSnapshot(92)) - omNode-3@group-523986131536: receive installSnapshot: omNode-1->omNode-3#0-t1,notify:(t:1, i:387)
2024-09-17 10:41:27,580 [grpc-default-executor-1] INFO  impl.SnapshotInstallationHandler (SnapshotInstallationHandler.java:installSnapshotImpl(138)) - omNode-3@group-523986131536: set new configuration configurationEntry {
  peers {
    id: "omNode-3"
    address: "localhost:15101"
    startupRole: FOLLOWER
  }
  peers {
    id: "omNode-1"
    address: "localhost:15093"
    startupRole: FOLLOWER
  }
  peers {
    id: "omNode-2"
    address: "localhost:15097"
    startupRole: FOLLOWER
  }
}
 from snapshot
2024-09-17 10:41:27,580 [grpc-default-executor-1] INFO  server.RaftServer$Division (ServerState.java:setRaftConf(386)) - omNode-3@group-523986131536: set configuration conf: {index: 0, cur=peers:[omNode-3|localhost:15101, omNode-1|localhost:15093, omNode-2|localhost:15097]|listeners:[], old=null}
2024-09-17 10:41:27,581 [grpc-default-executor-1] INFO  ratis.OzoneManagerStateMachine (OzoneManagerStateMachine.java:notifyConfigurationChanged(216)) - Received Configuration change notification from Ratis. New Peer list:
[id: "omNode-3"
address: "localhost:15101"
startupRole: FOLLOWER
, id: "omNode-1"
address: "localhost:15093"
startupRole: FOLLOWER
, id: "omNode-2"
address: "localhost:15097"
startupRole: FOLLOWER
]
2024-09-17 10:41:27,581 [grpc-default-executor-1] INFO  impl.SnapshotInstallationHandler (SnapshotInstallationHandler.java:installSnapshot(103)) - omNode-3@group-523986131536: reply installSnapshot: omNode-1<-omNode-3#0:FAIL-t1,IN_PROGRESS,snapshotIndex=0
2024-09-17 10:41:27,581 [grpc-default-executor-1] INFO  server.GrpcServerProtocolService (GrpcServerProtocolService.java:onCompleted(157)) - omNode-3: Completed INSTALL_SNAPSHOT, lastRequest: omNode-1->omNode-3#0-t1,notify:(t:1, i:387)
2024-09-17 10:41:27,581 [grpc-default-executor-1] INFO  server.GrpcServerProtocolService (GrpcServerProtocolService.java:lambda$onCompleted$5(159)) - omNode-3: Completed INSTALL_SNAPSHOT, lastReply: null
2024-09-17 10:41:27,582 [grpc-default-executor-0] INFO  server.GrpcLogAppender (GrpcLogAppender.java:onNext(649)) - omNode-1@group-523986131536->omNode-3-InstallSnapshotResponseHandler: received a reply omNode-1<-omNode-3#0:FAIL-t1,IN_PROGRESS,snapshotIndex=0
2024-09-17 10:41:27,582 [grpc-default-executor-0] INFO  server.GrpcLogAppender (GrpcLogAppender.java:onNext(665)) - omNode-1@group-523986131536->omNode-3-InstallSnapshotResponseHandler: InstallSnapshot in progress.
2024-09-17 10:41:27,590 [omNode-3-server-thread1] INFO  server.RaftServer$Division (RaftServerImpl.java:checkInconsistentAppendEntries(1629)) - omNode-3@group-523986131536: Failed appendEntries as snapshot (387) installation is in progress
2024-09-17 10:41:27,590 [omNode-3-server-thread1] INFO  server.RaftServer$Division (RaftServerImpl.java:appendEntriesAsync(1584)) - omNode-3@group-523986131536: appendEntries* reply omNode-1<-omNode-3#1796:FAIL-t1,INCONSISTENCY,nextIndex=0,followerCommit=-1,matchIndex=-1
2024-09-17 10:41:27,591 [grpc-default-executor-0] WARN  server.GrpcLogAppender (GrpcLogAppender.java:onNextImpl(519)) - omNode-1@group-523986131536->omNode-3-AppendLogResponseHandler: received INCONSISTENCY reply with nextIndex 0, errorCount=1, request=AppendEntriesRequest:cid=1796,entriesCount=0
2024-09-17 10:41:27,591 [omNode-1@group-523986131536->omNode-3-GrpcLogAppender-LogAppenderDaemon] INFO  server.GrpcLogAppender (GrpcLogAppender.java:notifyInstallSnapshot(790)) - omNode-1@group-523986131536->omNode-3-GrpcLogAppender: notifyInstallSnapshot with firstAvailable=(t:1, i:387), followerNextIndex=0
2024-09-17 10:41:27,591 [omNode-1@group-523986131536->omNode-3-GrpcLogAppender-LogAppenderDaemon] INFO  server.GrpcLogAppender (GrpcLogAppender.java:notifyInstallSnapshot(798)) - omNode-1@group-523986131536->omNode-3-GrpcLogAppender: send omNode-1->omNode-3#0-t1,notify:(t:1, i:387)
2024-09-17 10:41:27,592 [grpc-default-executor-0] INFO  impl.SnapshotInstallationHandler (SnapshotInstallationHandler.java:installSnapshot(92)) - omNode-3@group-523986131536: receive installSnapshot: omNode-1->omNode-3#0-t1,notify:(t:1, i:387)
2024-09-17 10:41:27,592 [grpc-default-executor-0] INFO  impl.SnapshotInstallationHandler (SnapshotInstallationHandler.java:installSnapshotImpl(138)) - omNode-3@group-523986131536: set new configuration configurationEntry {
  peers {
    id: "omNode-3"
    address: "localhost:15101"
    startupRole: FOLLOWER
  }
  peers {
    id: "omNode-1"
    address: "localhost:15093"
    startupRole: FOLLOWER
  }
  peers {
    id: "omNode-2"
    address: "localhost:15097"
    startupRole: FOLLOWER
  }
}
 from snapshot
2024-09-17 10:41:27,592 [grpc-default-executor-0] INFO  server.RaftServer$Division (ServerState.java:setRaftConf(386)) - omNode-3@group-523986131536: set configuration conf: {index: 0, cur=peers:[omNode-3|localhost:15101, omNode-1|localhost:15093, omNode-2|localhost:15097]|listeners:[], old=null}
2024-09-17 10:41:27,593 [grpc-default-executor-0] INFO  ratis.OzoneManagerStateMachine (OzoneManagerStateMachine.java:notifyConfigurationChanged(216)) - Received Configuration change notification from Ratis. New Peer list:
[id: "omNode-3"
address: "localhost:15101"
startupRole: FOLLOWER
, id: "omNode-1"
address: "localhost:15093"
startupRole: FOLLOWER
, id: "omNode-2"
address: "localhost:15097"
startupRole: FOLLOWER
]
2024-09-17 10:41:27,594 [grpc-default-executor-0] INFO  impl.SnapshotInstallationHandler (SnapshotInstallationHandler.java:installSnapshot(103)) - omNode-3@group-523986131536: reply installSnapshot: omNode-1<-omNode-3#0:FAIL-t1,IN_PROGRESS,snapshotIndex=0
2024-09-17 10:41:27,594 [grpc-default-executor-0] INFO  server.GrpcServerProtocolService (GrpcServerProtocolService.java:onCompleted(157)) - omNode-3: Completed INSTALL_SNAPSHOT, lastRequest: omNode-1->omNode-3#0-t1,notify:(t:1, i:387)
2024-09-17 10:41:27,594 [grpc-default-executor-0] INFO  server.GrpcServerProtocolService (GrpcServerProtocolService.java:lambda$onCompleted$5(159)) - omNode-3: Completed INSTALL_SNAPSHOT, lastReply: null
2024-09-17 10:41:27,595 [grpc-default-executor-0] INFO  server.GrpcLogAppender (GrpcLogAppender.java:onNext(649)) - omNode-1@group-523986131536->omNode-3-InstallSnapshotResponseHandler: received a reply omNode-1<-omNode-3#0:FAIL-t1,IN_PROGRESS,snapshotIndex=0
2024-09-17 10:41:27,595 [grpc-default-executor-0] INFO  server.GrpcLogAppender (GrpcLogAppender.java:onNext(665)) - omNode-1@group-523986131536->omNode-3-InstallSnapshotResponseHandler: InstallSnapshot in progress.
2024-09-17 10:41:27,601 [qtp954995439-10488] INFO  rocksdiff.RocksDBCheckpointDiffer (RocksDBCheckpointDiffer.java:addNodeToDAG(1093)) - Can't find SST '000076'
2024-09-17 10:41:27,601 [qtp954995439-10488] INFO  rocksdiff.RocksDBCheckpointDiffer (RocksDBCheckpointDiffer.java:addNodeToDAG(1093)) - Can't find SST '000075'
2024-09-17 10:41:27,601 [qtp954995439-10488] INFO  rocksdiff.RocksDBCheckpointDiffer (RocksDBCheckpointDiffer.java:addNodeToDAG(1093)) - Can't find SST '000069'
2024-09-17 10:41:27,602 [qtp954995439-10488] INFO  rocksdiff.RocksDBCheckpointDiffer (RocksDBCheckpointDiffer.java:addNodeToDAG(1093)) - Can't find SST '000064'
2024-09-17 10:41:27,602 [qtp954995439-10488] INFO  rocksdiff.RocksDBCheckpointDiffer (RocksDBCheckpointDiffer.java:addNodeToDAG(1093)) - Can't find SST '000057'
2024-09-17 10:41:27,602 [qtp954995439-10488] INFO  rocksdiff.RocksDBCheckpointDiffer (RocksDBCheckpointDiffer.java:addNodeToDAG(1093)) - Can't find SST '000102'
2024-09-17 10:41:27,602 [qtp954995439-10488] INFO  rocksdiff.RocksDBCheckpointDiffer (RocksDBCheckpointDiffer.java:addNodeToDAG(1093)) - Can't find SST '000101'
2024-09-17 10:41:27,603 [qtp954995439-10488] INFO  rocksdiff.RocksDBCheckpointDiffer (RocksDBCheckpointDiffer.java:addNodeToDAG(1093)) - Can't find SST '000093'
2024-09-17 10:41:27,603 [qtp954995439-10488] INFO  rocksdiff.RocksDBCheckpointDiffer (RocksDBCheckpointDiffer.java:addNodeToDAG(1093)) - Can't find SST '000088'
2024-09-17 10:41:27,603 [omNode-3-server-thread1] INFO  server.RaftServer$Division (RaftServerImpl.java:checkInconsistentAppendEntries(1629)) - omNode-3@group-523986131536: Failed appendEntries as snapshot (387) installation is in progress
2024-09-17 10:41:27,603 [omNode-3-server-thread1] INFO  server.RaftServer$Division (RaftServerImpl.java:appendEntriesAsync(1584)) - omNode-3@group-523986131536: appendEntries* reply omNode-1<-omNode-3#1797:FAIL-t1,INCONSISTENCY,nextIndex=0,followerCommit=-1,matchIndex=-1
2024-09-17 10:41:27,603 [qtp954995439-10488] INFO  rocksdiff.RocksDBCheckpointDiffer (RocksDBCheckpointDiffer.java:addNodeToDAG(1093)) - Can't find SST '000082'
2024-09-17 10:41:27,603 [grpc-default-executor-0] WARN  server.GrpcLogAppender (GrpcLogAppender.java:onNextImpl(519)) - omNode-1@group-523986131536->omNode-3-AppendLogResponseHandler: received INCONSISTENCY reply with nextIndex 0, errorCount=1, request=AppendEntriesRequest:cid=1797,entriesCount=0
2024-09-17 10:41:27,603 [omNode-1@group-523986131536->omNode-3-GrpcLogAppender-LogAppenderDaemon] INFO  server.GrpcLogAppender (GrpcLogAppender.java:notifyInstallSnapshot(790)) - omNode-1@group-523986131536->omNode-3-GrpcLogAppender: notifyInstallSnapshot with firstAvailable=(t:1, i:387), followerNextIndex=0
2024-09-17 10:41:27,603 [qtp954995439-10488] INFO  rocksdiff.RocksDBCheckpointDiffer (RocksDBCheckpointDiffer.java:addNodeToDAG(1093)) - Can't find SST '000128'
2024-09-17 10:41:27,603 [omNode-1@group-523986131536->omNode-3-GrpcLogAppender-LogAppenderDaemon] INFO  server.GrpcLogAppender (GrpcLogAppender.java:notifyInstallSnapshot(798)) - omNode-1@group-523986131536->omNode-3-GrpcLogAppender: send omNode-1->omNode-3#0-t1,notify:(t:1, i:387)
2024-09-17 10:41:27,604 [qtp954995439-10488] INFO  rocksdiff.RocksDBCheckpointDiffer (RocksDBCheckpointDiffer.java:addNodeToDAG(1093)) - Can't find SST '000127'
2024-09-17 10:41:27,604 [qtp954995439-10488] INFO  rocksdiff.RocksDBCheckpointDiffer (RocksDBCheckpointDiffer.java:addNodeToDAG(1093)) - Can't find SST '000119'
2024-09-17 10:41:27,604 [qtp954995439-10488] INFO  rocksdiff.RocksDBCheckpointDiffer (RocksDBCheckpointDiffer.java:addNodeToDAG(1093)) - Can't find SST '000114'
2024-09-17 10:41:27,604 [qtp954995439-10488] INFO  rocksdiff.RocksDBCheckpointDiffer (RocksDBCheckpointDiffer.java:addNodeToDAG(1093)) - Can't find SST '000108'
2024-09-17 10:41:27,605 [qtp954995439-10488] INFO  rocksdiff.RocksDBCheckpointDiffer (RocksDBCheckpointDiffer.java:addNodeToDAG(1093)) - Can't find SST '000150'
2024-09-17 10:41:27,605 [qtp954995439-10488] INFO  rocksdiff.RocksDBCheckpointDiffer (RocksDBCheckpointDiffer.java:addNodeToDAG(1093)) - Can't find SST '000144'
2024-09-17 10:41:27,605 [qtp954995439-10488] INFO  rocksdiff.RocksDBCheckpointDiffer (RocksDBCheckpointDiffer.java:addNodeToDAG(1093)) - Can't find SST '000138'
2024-09-17 10:41:27,606 [grpc-default-executor-0] INFO  impl.SnapshotInstallationHandler (SnapshotInstallationHandler.java:installSnapshot(92)) - omNode-3@group-523986131536: receive installSnapshot: omNode-1->omNode-3#0-t1,notify:(t:1, i:387)
2024-09-17 10:41:27,606 [qtp954995439-10488] WARN  server.ServerUtils (ServerUtils.java:getDBPath(299)) - ozone.om.db.dirs is not configured. We recommend adding this setting. Falling back to ozone.metadata.dirs instead.
2024-09-17 10:41:27,606 [grpc-default-executor-0] INFO  impl.SnapshotInstallationHandler (SnapshotInstallationHandler.java:installSnapshotImpl(138)) - omNode-3@group-523986131536: set new configuration configurationEntry {
  peers {
    id: "omNode-3"
    address: "localhost:15101"
    startupRole: FOLLOWER
  }
  peers {
    id: "omNode-1"
    address: "localhost:15093"
    startupRole: FOLLOWER
  }
  peers {
    id: "omNode-2"
    address: "localhost:15097"
    startupRole: FOLLOWER
  }
}
 from snapshot
2024-09-17 10:41:27,606 [grpc-default-executor-0] INFO  server.RaftServer$Division (ServerState.java:setRaftConf(386)) - omNode-3@group-523986131536: set configuration conf: {index: 0, cur=peers:[omNode-3|localhost:15101, omNode-1|localhost:15093, omNode-2|localhost:15097]|listeners:[], old=null}
2024-09-17 10:41:27,607 [qtp954995439-10488] WARN  server.ServerUtils (ServerUtils.java:getDBPath(299)) - ozone.om.db.dirs is not configured. We recommend adding this setting. Falling back to ozone.metadata.dirs instead.
2024-09-17 10:41:27,607 [qtp954995439-10488] WARN  server.ServerUtils (ServerUtils.java:getDBPath(299)) - ozone.om.db.dirs is not configured. We recommend adding this setting. Falling back to ozone.metadata.dirs instead.
2024-09-17 10:41:27,607 [qtp954995439-10488] WARN  server.ServerUtils (ServerUtils.java:getDBPath(299)) - ozone.om.db.dirs is not configured. We recommend adding this setting. Falling back to ozone.metadata.dirs instead.
2024-09-17 10:41:27,607 [qtp954995439-10488] WARN  server.ServerUtils (ServerUtils.java:getDBPath(299)) - ozone.om.db.dirs is not configured. We recommend adding this setting. Falling back to ozone.metadata.dirs instead.
2024-09-17 10:41:27,608 [grpc-default-executor-0] INFO  ratis.OzoneManagerStateMachine (OzoneManagerStateMachine.java:notifyConfigurationChanged(216)) - Received Configuration change notification from Ratis. New Peer list:
[id: "omNode-3"
address: "localhost:15101"
startupRole: FOLLOWER
, id: "omNode-1"
address: "localhost:15093"
startupRole: FOLLOWER
, id: "omNode-2"
address: "localhost:15097"
startupRole: FOLLOWER
]
2024-09-17 10:41:27,608 [grpc-default-executor-0] INFO  impl.SnapshotInstallationHandler (SnapshotInstallationHandler.java:installSnapshot(103)) - omNode-3@group-523986131536: reply installSnapshot: omNode-1<-omNode-3#0:FAIL-t1,IN_PROGRESS,snapshotIndex=0
2024-09-17 10:41:27,608 [grpc-default-executor-0] INFO  server.GrpcServerProtocolService (GrpcServerProtocolService.java:onCompleted(157)) - omNode-3: Completed INSTALL_SNAPSHOT, lastRequest: omNode-1->omNode-3#0-t1,notify:(t:1, i:387)
2024-09-17 10:41:27,608 [grpc-default-executor-0] INFO  server.GrpcServerProtocolService (GrpcServerProtocolService.java:lambda$onCompleted$5(159)) - omNode-3: Completed INSTALL_SNAPSHOT, lastReply: null
2024-09-17 10:41:27,608 [grpc-default-executor-1] INFO  server.GrpcLogAppender (GrpcLogAppender.java:onNext(649)) - omNode-1@group-523986131536->omNode-3-InstallSnapshotResponseHandler: received a reply omNode-1<-omNode-3#0:FAIL-t1,IN_PROGRESS,snapshotIndex=0
2024-09-17 10:41:27,608 [grpc-default-executor-1] INFO  server.GrpcLogAppender (GrpcLogAppender.java:onNext(665)) - omNode-1@group-523986131536->omNode-3-InstallSnapshotResponseHandler: InstallSnapshot in progress.
2024-09-17 10:41:27,608 [qtp954995439-10488] WARN  server.ServerUtils (ServerUtils.java:getDBPath(299)) - ozone.om.db.dirs is not configured. We recommend adding this setting. Falling back to ozone.metadata.dirs instead.
2024-09-17 10:41:27,608 [qtp954995439-10488] WARN  server.ServerUtils (ServerUtils.java:getDBPath(299)) - ozone.om.db.dirs is not configured. We recommend adding this setting. Falling back to ozone.metadata.dirs instead.
2024-09-17 10:41:27,608 [qtp954995439-10488] WARN  server.ServerUtils (ServerUtils.java:getDBPath(299)) - ozone.om.db.dirs is not configured. We recommend adding this setting. Falling back to ozone.metadata.dirs instead.
2024-09-17 10:41:27,608 [qtp954995439-10488] WARN  server.ServerUtils (ServerUtils.java:getDBPath(299)) - ozone.om.db.dirs is not configured. We recommend adding this setting. Falling back to ozone.metadata.dirs instead.
2024-09-17 10:41:27,609 [qtp954995439-10488] WARN  server.ServerUtils (ServerUtils.java:getDBPath(299)) - ozone.om.db.dirs is not configured. We recommend adding this setting. Falling back to ozone.metadata.dirs instead.
2024-09-17 10:41:27,609 [qtp954995439-10488] INFO  rocksdiff.RocksDBCheckpointDiffer (RocksDBCheckpointDiffer.java:close(306)) - Shutting down CompactionDagPruningService.
2024-09-17 10:41:27,614 [omNode-3-server-thread1] INFO  server.RaftServer$Division (RaftServerImpl.java:checkInconsistentAppendEntries(1629)) - omNode-3@group-523986131536: Failed appendEntries as snapshot (387) installation is in progress
2024-09-17 10:41:27,615 [omNode-3-server-thread1] INFO  server.RaftServer$Division (RaftServerImpl.java:appendEntriesAsync(1584)) - omNode-3@group-523986131536: appendEntries* reply omNode-1<-omNode-3#1798:FAIL-t1,INCONSISTENCY,nextIndex=0,followerCommit=-1,matchIndex=-1
2024-09-17 10:41:27,615 [grpc-default-executor-0] WARN  server.GrpcLogAppender (GrpcLogAppender.java:onNextImpl(519)) - omNode-1@group-523986131536->omNode-3-AppendLogResponseHandler: received INCONSISTENCY reply with nextIndex 0, errorCount=1, request=AppendEntriesRequest:cid=1798,entriesCount=0
2024-09-17 10:41:27,615 [omNode-1@group-523986131536->omNode-3-GrpcLogAppender-LogAppenderDaemon] INFO  server.GrpcLogAppender (GrpcLogAppender.java:notifyInstallSnapshot(790)) - omNode-1@group-523986131536->omNode-3-GrpcLogAppender: notifyInstallSnapshot with firstAvailable=(t:1, i:387), followerNextIndex=0
2024-09-17 10:41:27,615 [omNode-1@group-523986131536->omNode-3-GrpcLogAppender-LogAppenderDaemon] INFO  server.GrpcLogAppender (GrpcLogAppender.java:notifyInstallSnapshot(798)) - omNode-1@group-523986131536->omNode-3-GrpcLogAppender: send omNode-1->omNode-3#0-t1,notify:(t:1, i:387)
2024-09-17 10:41:27,616 [grpc-default-executor-1] INFO  impl.SnapshotInstallationHandler (SnapshotInstallationHandler.java:installSnapshot(92)) - omNode-3@group-523986131536: receive installSnapshot: omNode-1->omNode-3#0-t1,notify:(t:1, i:387)
2024-09-17 10:41:27,617 [grpc-default-executor-1] INFO  impl.SnapshotInstallationHandler (SnapshotInstallationHandler.java:installSnapshotImpl(138)) - omNode-3@group-523986131536: set new configuration configurationEntry {
  peers {
    id: "omNode-3"
    address: "localhost:15101"
    startupRole: FOLLOWER
  }
  peers {
    id: "omNode-1"
    address: "localhost:15093"
    startupRole: FOLLOWER
  }
  peers {
    id: "omNode-2"
    address: "localhost:15097"
    startupRole: FOLLOWER
  }
}
 from snapshot
2024-09-17 10:41:27,617 [grpc-default-executor-1] INFO  server.RaftServer$Division (ServerState.java:setRaftConf(386)) - omNode-3@group-523986131536: set configuration conf: {index: 0, cur=peers:[omNode-3|localhost:15101, omNode-1|localhost:15093, omNode-2|localhost:15097]|listeners:[], old=null}
2024-09-17 10:41:27,621 [grpc-default-executor-1] INFO  ratis.OzoneManagerStateMachine (OzoneManagerStateMachine.java:notifyConfigurationChanged(216)) - Received Configuration change notification from Ratis. New Peer list:
[id: "omNode-3"
address: "localhost:15101"
startupRole: FOLLOWER
, id: "omNode-1"
address: "localhost:15093"
startupRole: FOLLOWER
, id: "omNode-2"
address: "localhost:15097"
startupRole: FOLLOWER
]
2024-09-17 10:41:27,621 [grpc-default-executor-1] INFO  impl.SnapshotInstallationHandler (SnapshotInstallationHandler.java:installSnapshot(103)) - omNode-3@group-523986131536: reply installSnapshot: omNode-1<-omNode-3#0:FAIL-t1,IN_PROGRESS,snapshotIndex=0
2024-09-17 10:41:27,621 [grpc-default-executor-1] INFO  server.GrpcServerProtocolService (GrpcServerProtocolService.java:onCompleted(157)) - omNode-3: Completed INSTALL_SNAPSHOT, lastRequest: omNode-1->omNode-3#0-t1,notify:(t:1, i:387)
2024-09-17 10:41:27,621 [grpc-default-executor-1] INFO  server.GrpcServerProtocolService (GrpcServerProtocolService.java:lambda$onCompleted$5(159)) - omNode-3: Completed INSTALL_SNAPSHOT, lastReply: null
2024-09-17 10:41:27,622 [grpc-default-executor-0] INFO  server.GrpcLogAppender (GrpcLogAppender.java:onNext(649)) - omNode-1@group-523986131536->omNode-3-InstallSnapshotResponseHandler: received a reply omNode-1<-omNode-3#0:FAIL-t1,IN_PROGRESS,snapshotIndex=0
2024-09-17 10:41:27,622 [grpc-default-executor-0] INFO  server.GrpcLogAppender (GrpcLogAppender.java:onNext(665)) - omNode-1@group-523986131536->omNode-3-InstallSnapshotResponseHandler: InstallSnapshot in progress.
2024-09-17 10:41:27,626 [omNode-3-server-thread1] INFO  server.RaftServer$Division (RaftServerImpl.java:checkInconsistentAppendEntries(1629)) - omNode-3@group-523986131536: Failed appendEntries as snapshot (387) installation is in progress
2024-09-17 10:41:27,626 [omNode-3-server-thread1] INFO  server.RaftServer$Division (RaftServerImpl.java:appendEntriesAsync(1584)) - omNode-3@group-523986131536: appendEntries* reply omNode-1<-omNode-3#1799:FAIL-t1,INCONSISTENCY,nextIndex=0,followerCommit=-1,matchIndex=-1
2024-09-17 10:41:27,626 [grpc-default-executor-0] WARN  server.GrpcLogAppender (GrpcLogAppender.java:onNextImpl(519)) - omNode-1@group-523986131536->omNode-3-AppendLogResponseHandler: received INCONSISTENCY reply with nextIndex 0, errorCount=1, request=AppendEntriesRequest:cid=1799,entriesCount=0
2024-09-17 10:41:27,627 [omNode-1@group-523986131536->omNode-3-GrpcLogAppender-LogAppenderDaemon] INFO  server.GrpcLogAppender (GrpcLogAppender.java:notifyInstallSnapshot(790)) - omNode-1@group-523986131536->omNode-3-GrpcLogAppender: notifyInstallSnapshot with firstAvailable=(t:1, i:387), followerNextIndex=0
2024-09-17 10:41:27,627 [omNode-1@group-523986131536->omNode-3-GrpcLogAppender-LogAppenderDaemon] INFO  server.GrpcLogAppender (GrpcLogAppender.java:notifyInstallSnapshot(798)) - omNode-1@group-523986131536->omNode-3-GrpcLogAppender: send omNode-1->omNode-3#0-t1,notify:(t:1, i:387)
2024-09-17 10:41:27,627 [grpc-default-executor-0] INFO  impl.SnapshotInstallationHandler (SnapshotInstallationHandler.java:installSnapshot(92)) - omNode-3@group-523986131536: receive installSnapshot: omNode-1->omNode-3#0-t1,notify:(t:1, i:387)
2024-09-17 10:41:27,628 [grpc-default-executor-0] INFO  impl.SnapshotInstallationHandler (SnapshotInstallationHandler.java:installSnapshotImpl(138)) - omNode-3@group-523986131536: set new configuration configurationEntry {
  peers {
    id: "omNode-3"
    address: "localhost:15101"
    startupRole: FOLLOWER
  }
  peers {
    id: "omNode-1"
    address: "localhost:15093"
    startupRole: FOLLOWER
  }
  peers {
    id: "omNode-2"
    address: "localhost:15097"
    startupRole: FOLLOWER
  }
}
 from snapshot
2024-09-17 10:41:27,628 [grpc-default-executor-0] INFO  server.RaftServer$Division (ServerState.java:setRaftConf(386)) - omNode-3@group-523986131536: set configuration conf: {index: 0, cur=peers:[omNode-3|localhost:15101, omNode-1|localhost:15093, omNode-2|localhost:15097]|listeners:[], old=null}
2024-09-17 10:41:27,629 [grpc-default-executor-0] INFO  ratis.OzoneManagerStateMachine (OzoneManagerStateMachine.java:notifyConfigurationChanged(216)) - Received Configuration change notification from Ratis. New Peer list:
[id: "omNode-3"
address: "localhost:15101"
startupRole: FOLLOWER
, id: "omNode-1"
address: "localhost:15093"
startupRole: FOLLOWER
, id: "omNode-2"
address: "localhost:15097"
startupRole: FOLLOWER
]
2024-09-17 10:41:27,629 [grpc-default-executor-0] INFO  impl.SnapshotInstallationHandler (SnapshotInstallationHandler.java:installSnapshot(103)) - omNode-3@group-523986131536: reply installSnapshot: omNode-1<-omNode-3#0:FAIL-t1,IN_PROGRESS,snapshotIndex=0
2024-09-17 10:41:27,629 [grpc-default-executor-0] INFO  server.GrpcServerProtocolService (GrpcServerProtocolService.java:onCompleted(157)) - omNode-3: Completed INSTALL_SNAPSHOT, lastRequest: omNode-1->omNode-3#0-t1,notify:(t:1, i:387)
2024-09-17 10:41:27,629 [grpc-default-executor-0] INFO  server.GrpcServerProtocolService (GrpcServerProtocolService.java:lambda$onCompleted$5(159)) - omNode-3: Completed INSTALL_SNAPSHOT, lastReply: null
2024-09-17 10:41:27,630 [grpc-default-executor-1] INFO  server.GrpcLogAppender (GrpcLogAppender.java:onNext(649)) - omNode-1@group-523986131536->omNode-3-InstallSnapshotResponseHandler: received a reply omNode-1<-omNode-3#0:FAIL-t1,IN_PROGRESS,snapshotIndex=0
2024-09-17 10:41:27,630 [grpc-default-executor-1] INFO  server.GrpcLogAppender (GrpcLogAppender.java:onNext(665)) - omNode-1@group-523986131536->omNode-3-InstallSnapshotResponseHandler: InstallSnapshot in progress.
2024-09-17 10:41:27,638 [omNode-3-server-thread1] INFO  server.RaftServer$Division (RaftServerImpl.java:checkInconsistentAppendEntries(1629)) - omNode-3@group-523986131536: Failed appendEntries as snapshot (387) installation is in progress
2024-09-17 10:41:27,638 [omNode-3-server-thread1] INFO  server.RaftServer$Division (RaftServerImpl.java:appendEntriesAsync(1584)) - omNode-3@group-523986131536: appendEntries* reply omNode-1<-omNode-3#1800:FAIL-t1,INCONSISTENCY,nextIndex=0,followerCommit=-1,matchIndex=-1
2024-09-17 10:41:27,638 [grpc-default-executor-1] WARN  server.GrpcLogAppender (GrpcLogAppender.java:onNextImpl(519)) - omNode-1@group-523986131536->omNode-3-AppendLogResponseHandler: received INCONSISTENCY reply with nextIndex 0, errorCount=1, request=AppendEntriesRequest:cid=1800,entriesCount=0
2024-09-17 10:41:27,639 [omNode-1@group-523986131536->omNode-3-GrpcLogAppender-LogAppenderDaemon] INFO  server.GrpcLogAppender (GrpcLogAppender.java:notifyInstallSnapshot(790)) - omNode-1@group-523986131536->omNode-3-GrpcLogAppender: notifyInstallSnapshot with firstAvailable=(t:1, i:387), followerNextIndex=0
2024-09-17 10:41:27,639 [omNode-1@group-523986131536->omNode-3-GrpcLogAppender-LogAppenderDaemon] INFO  server.GrpcLogAppender (GrpcLogAppender.java:notifyInstallSnapshot(798)) - omNode-1@group-523986131536->omNode-3-GrpcLogAppender: send omNode-1->omNode-3#0-t1,notify:(t:1, i:387)
2024-09-17 10:41:27,639 [grpc-default-executor-0] INFO  impl.SnapshotInstallationHandler (SnapshotInstallationHandler.java:installSnapshot(92)) - omNode-3@group-523986131536: receive installSnapshot: omNode-1->omNode-3#0-t1,notify:(t:1, i:387)
2024-09-17 10:41:27,640 [grpc-default-executor-0] INFO  impl.SnapshotInstallationHandler (SnapshotInstallationHandler.java:installSnapshotImpl(138)) - omNode-3@group-523986131536: set new configuration configurationEntry {
  peers {
    id: "omNode-3"
    address: "localhost:15101"
    startupRole: FOLLOWER
  }
  peers {
    id: "omNode-1"
    address: "localhost:15093"
    startupRole: FOLLOWER
  }
  peers {
    id: "omNode-2"
    address: "localhost:15097"
    startupRole: FOLLOWER
  }
}
 from snapshot
2024-09-17 10:41:27,640 [grpc-default-executor-0] INFO  server.RaftServer$Division (ServerState.java:setRaftConf(386)) - omNode-3@group-523986131536: set configuration conf: {index: 0, cur=peers:[omNode-3|localhost:15101, omNode-1|localhost:15093, omNode-2|localhost:15097]|listeners:[], old=null}
2024-09-17 10:41:27,641 [grpc-default-executor-0] INFO  ratis.OzoneManagerStateMachine (OzoneManagerStateMachine.java:notifyConfigurationChanged(216)) - Received Configuration change notification from Ratis. New Peer list:
[id: "omNode-3"
address: "localhost:15101"
startupRole: FOLLOWER
, id: "omNode-1"
address: "localhost:15093"
startupRole: FOLLOWER
, id: "omNode-2"
address: "localhost:15097"
startupRole: FOLLOWER
]
2024-09-17 10:41:27,641 [grpc-default-executor-0] INFO  impl.SnapshotInstallationHandler (SnapshotInstallationHandler.java:installSnapshot(103)) - omNode-3@group-523986131536: reply installSnapshot: omNode-1<-omNode-3#0:FAIL-t1,IN_PROGRESS,snapshotIndex=0
2024-09-17 10:41:27,641 [grpc-default-executor-0] INFO  server.GrpcServerProtocolService (GrpcServerProtocolService.java:onCompleted(157)) - omNode-3: Completed INSTALL_SNAPSHOT, lastRequest: omNode-1->omNode-3#0-t1,notify:(t:1, i:387)
2024-09-17 10:41:27,641 [grpc-default-executor-0] INFO  server.GrpcServerProtocolService (GrpcServerProtocolService.java:lambda$onCompleted$5(159)) - omNode-3: Completed INSTALL_SNAPSHOT, lastReply: null
2024-09-17 10:41:27,642 [grpc-default-executor-1] INFO  server.GrpcLogAppender (GrpcLogAppender.java:onNext(649)) - omNode-1@group-523986131536->omNode-3-InstallSnapshotResponseHandler: received a reply omNode-1<-omNode-3#0:FAIL-t1,IN_PROGRESS,snapshotIndex=0
2024-09-17 10:41:27,642 [grpc-default-executor-1] INFO  server.GrpcLogAppender (GrpcLogAppender.java:onNext(665)) - omNode-1@group-523986131536->omNode-3-InstallSnapshotResponseHandler: InstallSnapshot in progress.
2024-09-17 10:41:27,649 [omNode-3-server-thread1] INFO  server.RaftServer$Division (RaftServerImpl.java:checkInconsistentAppendEntries(1629)) - omNode-3@group-523986131536: Failed appendEntries as snapshot (387) installation is in progress
2024-09-17 10:41:27,649 [omNode-3-server-thread1] INFO  server.RaftServer$Division (RaftServerImpl.java:appendEntriesAsync(1584)) - omNode-3@group-523986131536: appendEntries* reply omNode-1<-omNode-3#1801:FAIL-t1,INCONSISTENCY,nextIndex=0,followerCommit=-1,matchIndex=-1
2024-09-17 10:41:27,650 [grpc-default-executor-1] WARN  server.GrpcLogAppender (GrpcLogAppender.java:onNextImpl(519)) - omNode-1@group-523986131536->omNode-3-AppendLogResponseHandler: received INCONSISTENCY reply with nextIndex 0, errorCount=1, request=AppendEntriesRequest:cid=1801,entriesCount=0
2024-09-17 10:41:27,650 [omNode-1@group-523986131536->omNode-3-GrpcLogAppender-LogAppenderDaemon] INFO  server.GrpcLogAppender (GrpcLogAppender.java:notifyInstallSnapshot(790)) - omNode-1@group-523986131536->omNode-3-GrpcLogAppender: notifyInstallSnapshot with firstAvailable=(t:1, i:387), followerNextIndex=0
2024-09-17 10:41:27,650 [omNode-1@group-523986131536->omNode-3-GrpcLogAppender-LogAppenderDaemon] INFO  server.GrpcLogAppender (GrpcLogAppender.java:notifyInstallSnapshot(798)) - omNode-1@group-523986131536->omNode-3-GrpcLogAppender: send omNode-1->omNode-3#0-t1,notify:(t:1, i:387)
2024-09-17 10:41:27,652 [grpc-default-executor-0] INFO  impl.SnapshotInstallationHandler (SnapshotInstallationHandler.java:installSnapshot(92)) - omNode-3@group-523986131536: receive installSnapshot: omNode-1->omNode-3#0-t1,notify:(t:1, i:387)
2024-09-17 10:41:27,652 [grpc-default-executor-0] INFO  impl.SnapshotInstallationHandler (SnapshotInstallationHandler.java:installSnapshotImpl(138)) - omNode-3@group-523986131536: set new configuration configurationEntry {
  peers {
    id: "omNode-3"
    address: "localhost:15101"
    startupRole: FOLLOWER
  }
  peers {
    id: "omNode-1"
    address: "localhost:15093"
    startupRole: FOLLOWER
  }
  peers {
    id: "omNode-2"
    address: "localhost:15097"
    startupRole: FOLLOWER
  }
}
 from snapshot
2024-09-17 10:41:27,652 [grpc-default-executor-0] INFO  server.RaftServer$Division (ServerState.java:setRaftConf(386)) - omNode-3@group-523986131536: set configuration conf: {index: 0, cur=peers:[omNode-3|localhost:15101, omNode-1|localhost:15093, omNode-2|localhost:15097]|listeners:[], old=null}
2024-09-17 10:41:27,654 [grpc-default-executor-0] INFO  ratis.OzoneManagerStateMachine (OzoneManagerStateMachine.java:notifyConfigurationChanged(216)) - Received Configuration change notification from Ratis. New Peer list:
[id: "omNode-3"
address: "localhost:15101"
startupRole: FOLLOWER
, id: "omNode-1"
address: "localhost:15093"
startupRole: FOLLOWER
, id: "omNode-2"
address: "localhost:15097"
startupRole: FOLLOWER
]
2024-09-17 10:41:27,654 [grpc-default-executor-0] INFO  impl.SnapshotInstallationHandler (SnapshotInstallationHandler.java:installSnapshot(103)) - omNode-3@group-523986131536: reply installSnapshot: omNode-1<-omNode-3#0:FAIL-t1,IN_PROGRESS,snapshotIndex=0
2024-09-17 10:41:27,654 [grpc-default-executor-0] INFO  server.GrpcServerProtocolService (GrpcServerProtocolService.java:onCompleted(157)) - omNode-3: Completed INSTALL_SNAPSHOT, lastRequest: omNode-1->omNode-3#0-t1,notify:(t:1, i:387)
2024-09-17 10:41:27,654 [grpc-default-executor-0] INFO  server.GrpcServerProtocolService (GrpcServerProtocolService.java:lambda$onCompleted$5(159)) - omNode-3: Completed INSTALL_SNAPSHOT, lastReply: null
2024-09-17 10:41:27,655 [grpc-default-executor-0] INFO  server.GrpcLogAppender (GrpcLogAppender.java:onNext(649)) - omNode-1@group-523986131536->omNode-3-InstallSnapshotResponseHandler: received a reply omNode-1<-omNode-3#0:FAIL-t1,IN_PROGRESS,snapshotIndex=0
2024-09-17 10:41:27,655 [grpc-default-executor-0] INFO  server.GrpcLogAppender (GrpcLogAppender.java:onNext(665)) - omNode-1@group-523986131536->omNode-3-InstallSnapshotResponseHandler: InstallSnapshot in progress.
2024-09-17 10:41:27,660 [qtp954995439-10488] INFO  utils.DBCheckpointServlet (DBCheckpointServlet.java:generateSnapshotCheckpoint(225)) - Time taken to write the checkpoint to response output stream: 108 milliseconds
2024-09-17 10:41:27,660 [qtp954995439-10488] INFO  utils.DBCheckpointServlet (DBCheckpointServlet.java:generateSnapshotCheckpoint(228)) - Excluded SST [] from the latest checkpoint.
2024-09-17 10:41:27,661 [omNode-3-server-thread1] INFO  server.RaftServer$Division (RaftServerImpl.java:checkInconsistentAppendEntries(1629)) - omNode-3@group-523986131536: Failed appendEntries as snapshot (387) installation is in progress
2024-09-17 10:41:27,661 [omNode-3-server-thread1] INFO  server.RaftServer$Division (RaftServerImpl.java:appendEntriesAsync(1584)) - omNode-3@group-523986131536: appendEntries* reply omNode-1<-omNode-3#1802:FAIL-t1,INCONSISTENCY,nextIndex=0,followerCommit=-1,matchIndex=-1
2024-09-17 10:41:27,661 [grpc-default-executor-0] WARN  server.GrpcLogAppender (GrpcLogAppender.java:onNextImpl(519)) - omNode-1@group-523986131536->omNode-3-AppendLogResponseHandler: received INCONSISTENCY reply with nextIndex 0, errorCount=1, request=AppendEntriesRequest:cid=1802,entriesCount=0
2024-09-17 10:41:27,662 [omNode-1@group-523986131536->omNode-3-GrpcLogAppender-LogAppenderDaemon] INFO  server.GrpcLogAppender (GrpcLogAppender.java:notifyInstallSnapshot(790)) - omNode-1@group-523986131536->omNode-3-GrpcLogAppender: notifyInstallSnapshot with firstAvailable=(t:1, i:387), followerNextIndex=0
2024-09-17 10:41:27,662 [omNode-1@group-523986131536->omNode-3-GrpcLogAppender-LogAppenderDaemon] INFO  server.GrpcLogAppender (GrpcLogAppender.java:notifyInstallSnapshot(798)) - omNode-1@group-523986131536->omNode-3-GrpcLogAppender: send omNode-1->omNode-3#0-t1,notify:(t:1, i:387)
2024-09-17 10:41:27,663 [grpc-default-executor-0] INFO  impl.SnapshotInstallationHandler (SnapshotInstallationHandler.java:installSnapshot(92)) - omNode-3@group-523986131536: receive installSnapshot: omNode-1->omNode-3#0-t1,notify:(t:1, i:387)
2024-09-17 10:41:27,663 [grpc-default-executor-0] INFO  impl.SnapshotInstallationHandler (SnapshotInstallationHandler.java:installSnapshotImpl(138)) - omNode-3@group-523986131536: set new configuration configurationEntry {
  peers {
    id: "omNode-3"
    address: "localhost:15101"
    startupRole: FOLLOWER
  }
  peers {
    id: "omNode-1"
    address: "localhost:15093"
    startupRole: FOLLOWER
  }
  peers {
    id: "omNode-2"
    address: "localhost:15097"
    startupRole: FOLLOWER
  }
}
 from snapshot
2024-09-17 10:41:27,663 [grpc-default-executor-0] INFO  server.RaftServer$Division (ServerState.java:setRaftConf(386)) - omNode-3@group-523986131536: set configuration conf: {index: 0, cur=peers:[omNode-3|localhost:15101, omNode-1|localhost:15093, omNode-2|localhost:15097]|listeners:[], old=null}
2024-09-17 10:41:27,664 [qtp954995439-10488] INFO  db.RocksDBCheckpoint (RocksDBCheckpoint.java:cleanupCheckpoint(78)) - Cleaning up RocksDB checkpoint at /home/runner/work/ozone/ozone/hadoop-ozone/integration-test/target/test-dir/MiniOzoneClusterImpl-90660ac4-7e9c-448b-98ea-af4f808cf8d9/omNode-1/db.checkpoints/om.db_checkpoint_1726569687546
2024-09-17 10:41:27,665 [grpc-default-executor-0] INFO  ratis.OzoneManagerStateMachine (OzoneManagerStateMachine.java:notifyConfigurationChanged(216)) - Received Configuration change notification from Ratis. New Peer list:
[id: "omNode-3"
address: "localhost:15101"
startupRole: FOLLOWER
, id: "omNode-1"
address: "localhost:15093"
startupRole: FOLLOWER
, id: "omNode-2"
address: "localhost:15097"
startupRole: FOLLOWER
]
2024-09-17 10:41:27,666 [grpc-default-executor-0] INFO  impl.SnapshotInstallationHandler (SnapshotInstallationHandler.java:installSnapshot(103)) - omNode-3@group-523986131536: reply installSnapshot: omNode-1<-omNode-3#0:FAIL-t1,IN_PROGRESS,snapshotIndex=0
2024-09-17 10:41:27,666 [grpc-default-executor-0] INFO  server.GrpcServerProtocolService (GrpcServerProtocolService.java:onCompleted(157)) - omNode-3: Completed INSTALL_SNAPSHOT, lastRequest: omNode-1->omNode-3#0-t1,notify:(t:1, i:387)
2024-09-17 10:41:27,666 [grpc-default-executor-0] INFO  server.GrpcServerProtocolService (GrpcServerProtocolService.java:lambda$onCompleted$5(159)) - omNode-3: Completed INSTALL_SNAPSHOT, lastReply: null
2024-09-17 10:41:27,666 [grpc-default-executor-1] INFO  server.GrpcLogAppender (GrpcLogAppender.java:onNext(649)) - omNode-1@group-523986131536->omNode-3-InstallSnapshotResponseHandler: received a reply omNode-1<-omNode-3#0:FAIL-t1,IN_PROGRESS,snapshotIndex=0
2024-09-17 10:41:27,666 [grpc-default-executor-1] INFO  server.GrpcLogAppender (GrpcLogAppender.java:onNext(665)) - omNode-1@group-523986131536->omNode-3-InstallSnapshotResponseHandler: InstallSnapshot in progress.
2024-09-17 10:41:27,669 [omNode-3-InstallSnapshotThread] INFO  utils.RDBSnapshotProvider (RDBSnapshotProvider.java:downloadDBSnapshotFromLeader(118)) - Successfully download the latest snapshot /home/runner/work/ozone/ozone/hadoop-ozone/integration-test/target/test-dir/MiniOzoneClusterImpl-90660ac4-7e9c-448b-98ea-af4f808cf8d9/omNode-3/snapshot/om.db-omNode-1-1726569687155.tar from leader OM: omNode-1
2024-09-17 10:41:27,672 [omNode-3-server-thread1] INFO  server.RaftServer$Division (RaftServerImpl.java:checkInconsistentAppendEntries(1629)) - omNode-3@group-523986131536: Failed appendEntries as snapshot (387) installation is in progress
2024-09-17 10:41:27,672 [omNode-3-server-thread1] INFO  server.RaftServer$Division (RaftServerImpl.java:appendEntriesAsync(1584)) - omNode-3@group-523986131536: appendEntries* reply omNode-1<-omNode-3#1803:FAIL-t1,INCONSISTENCY,nextIndex=0,followerCommit=-1,matchIndex=-1
2024-09-17 10:41:27,673 [grpc-default-executor-0] WARN  server.GrpcLogAppender (GrpcLogAppender.java:onNextImpl(519)) - omNode-1@group-523986131536->omNode-3-AppendLogResponseHandler: received INCONSISTENCY reply with nextIndex 0, errorCount=1, request=AppendEntriesRequest:cid=1803,entriesCount=0
2024-09-17 10:41:27,673 [omNode-1@group-523986131536->omNode-3-GrpcLogAppender-LogAppenderDaemon] INFO  server.GrpcLogAppender (GrpcLogAppender.java:notifyInstallSnapshot(790)) - omNode-1@group-523986131536->omNode-3-GrpcLogAppender: notifyInstallSnapshot with firstAvailable=(t:1, i:387), followerNextIndex=0
2024-09-17 10:41:27,673 [omNode-1@group-523986131536->omNode-3-GrpcLogAppender-LogAppenderDaemon] INFO  server.GrpcLogAppender (GrpcLogAppender.java:notifyInstallSnapshot(798)) - omNode-1@group-523986131536->omNode-3-GrpcLogAppender: send omNode-1->omNode-3#0-t1,notify:(t:1, i:387)
2024-09-17 10:41:27,674 [grpc-default-executor-1] INFO  impl.SnapshotInstallationHandler (SnapshotInstallationHandler.java:installSnapshot(92)) - omNode-3@group-523986131536: receive installSnapshot: omNode-1->omNode-3#0-t1,notify:(t:1, i:387)
2024-09-17 10:41:27,674 [grpc-default-executor-1] INFO  impl.SnapshotInstallationHandler (SnapshotInstallationHandler.java:installSnapshotImpl(138)) - omNode-3@group-523986131536: set new configuration configurationEntry {
  peers {
    id: "omNode-3"
    address: "localhost:15101"
    startupRole: FOLLOWER
  }
  peers {
    id: "omNode-1"
    address: "localhost:15093"
    startupRole: FOLLOWER
  }
  peers {
    id: "omNode-2"
    address: "localhost:15097"
    startupRole: FOLLOWER
  }
}
 from snapshot
2024-09-17 10:41:27,674 [grpc-default-executor-1] INFO  server.RaftServer$Division (ServerState.java:setRaftConf(386)) - omNode-3@group-523986131536: set configuration conf: {index: 0, cur=peers:[omNode-3|localhost:15101, omNode-1|localhost:15093, omNode-2|localhost:15097]|listeners:[], old=null}
2024-09-17 10:41:27,675 [grpc-default-executor-1] INFO  ratis.OzoneManagerStateMachine (OzoneManagerStateMachine.java:notifyConfigurationChanged(216)) - Received Configuration change notification from Ratis. New Peer list:
[id: "omNode-3"
address: "localhost:15101"
startupRole: FOLLOWER
, id: "omNode-1"
address: "localhost:15093"
startupRole: FOLLOWER
, id: "omNode-2"
address: "localhost:15097"
startupRole: FOLLOWER
]
2024-09-17 10:41:27,675 [grpc-default-executor-1] INFO  impl.SnapshotInstallationHandler (SnapshotInstallationHandler.java:installSnapshot(103)) - omNode-3@group-523986131536: reply installSnapshot: omNode-1<-omNode-3#0:FAIL-t1,IN_PROGRESS,snapshotIndex=0
2024-09-17 10:41:27,676 [grpc-default-executor-1] INFO  server.GrpcServerProtocolService (GrpcServerProtocolService.java:onCompleted(157)) - omNode-3: Completed INSTALL_SNAPSHOT, lastRequest: omNode-1->omNode-3#0-t1,notify:(t:1, i:387)
2024-09-17 10:41:27,676 [grpc-default-executor-1] INFO  server.GrpcServerProtocolService (GrpcServerProtocolService.java:lambda$onCompleted$5(159)) - omNode-3: Completed INSTALL_SNAPSHOT, lastReply: null
2024-09-17 10:41:27,676 [grpc-default-executor-0] INFO  server.GrpcLogAppender (GrpcLogAppender.java:onNext(649)) - omNode-1@group-523986131536->omNode-3-InstallSnapshotResponseHandler: received a reply omNode-1<-omNode-3#0:FAIL-t1,IN_PROGRESS,snapshotIndex=0
2024-09-17 10:41:27,676 [grpc-default-executor-0] INFO  server.GrpcLogAppender (GrpcLogAppender.java:onNext(665)) - omNode-1@group-523986131536->omNode-3-InstallSnapshotResponseHandler: InstallSnapshot in progress.
2024-09-17 10:41:27,684 [omNode-3-server-thread1] INFO  server.RaftServer$Division (RaftServerImpl.java:checkInconsistentAppendEntries(1629)) - omNode-3@group-523986131536: Failed appendEntries as snapshot (387) installation is in progress
2024-09-17 10:41:27,684 [omNode-3-server-thread1] INFO  server.RaftServer$Division (RaftServerImpl.java:appendEntriesAsync(1584)) - omNode-3@group-523986131536: appendEntries* reply omNode-1<-omNode-3#1804:FAIL-t1,INCONSISTENCY,nextIndex=0,followerCommit=-1,matchIndex=-1
2024-09-17 10:41:27,685 [grpc-default-executor-1] WARN  server.GrpcLogAppender (GrpcLogAppender.java:onNextImpl(519)) - omNode-1@group-523986131536->omNode-3-AppendLogResponseHandler: received INCONSISTENCY reply with nextIndex 0, errorCount=1, request=AppendEntriesRequest:cid=1804,entriesCount=0
2024-09-17 10:41:27,685 [omNode-1@group-523986131536->omNode-3-GrpcLogAppender-LogAppenderDaemon] INFO  server.GrpcLogAppender (GrpcLogAppender.java:notifyInstallSnapshot(790)) - omNode-1@group-523986131536->omNode-3-GrpcLogAppender: notifyInstallSnapshot with firstAvailable=(t:1, i:387), followerNextIndex=0
2024-09-17 10:41:27,685 [omNode-1@group-523986131536->omNode-3-GrpcLogAppender-LogAppenderDaemon] INFO  server.GrpcLogAppender (GrpcLogAppender.java:notifyInstallSnapshot(798)) - omNode-1@group-523986131536->omNode-3-GrpcLogAppender: send omNode-1->omNode-3#0-t1,notify:(t:1, i:387)
2024-09-17 10:41:27,686 [grpc-default-executor-0] INFO  impl.SnapshotInstallationHandler (SnapshotInstallationHandler.java:installSnapshot(92)) - omNode-3@group-523986131536: receive installSnapshot: omNode-1->omNode-3#0-t1,notify:(t:1, i:387)
2024-09-17 10:41:27,686 [grpc-default-executor-0] INFO  impl.SnapshotInstallationHandler (SnapshotInstallationHandler.java:installSnapshotImpl(138)) - omNode-3@group-523986131536: set new configuration configurationEntry {
  peers {
    id: "omNode-3"
    address: "localhost:15101"
    startupRole: FOLLOWER
  }
  peers {
    id: "omNode-1"
    address: "localhost:15093"
    startupRole: FOLLOWER
  }
  peers {
    id: "omNode-2"
    address: "localhost:15097"
    startupRole: FOLLOWER
  }
}
 from snapshot
2024-09-17 10:41:27,686 [grpc-default-executor-0] INFO  server.RaftServer$Division (ServerState.java:setRaftConf(386)) - omNode-3@group-523986131536: set configuration conf: {index: 0, cur=peers:[omNode-3|localhost:15101, omNode-1|localhost:15093, omNode-2|localhost:15097]|listeners:[], old=null}
2024-09-17 10:41:27,688 [grpc-default-executor-0] INFO  ratis.OzoneManagerStateMachine (OzoneManagerStateMachine.java:notifyConfigurationChanged(216)) - Received Configuration change notification from Ratis. New Peer list:
[id: "omNode-3"
address: "localhost:15101"
startupRole: FOLLOWER
, id: "omNode-1"
address: "localhost:15093"
startupRole: FOLLOWER
, id: "omNode-2"
address: "localhost:15097"
startupRole: FOLLOWER
]
2024-09-17 10:41:27,688 [grpc-default-executor-0] INFO  impl.SnapshotInstallationHandler (SnapshotInstallationHandler.java:installSnapshot(103)) - omNode-3@group-523986131536: reply installSnapshot: omNode-1<-omNode-3#0:FAIL-t1,IN_PROGRESS,snapshotIndex=0
2024-09-17 10:41:27,688 [grpc-default-executor-0] INFO  server.GrpcServerProtocolService (GrpcServerProtocolService.java:onCompleted(157)) - omNode-3: Completed INSTALL_SNAPSHOT, lastRequest: omNode-1->omNode-3#0-t1,notify:(t:1, i:387)
2024-09-17 10:41:27,688 [grpc-default-executor-0] INFO  server.GrpcServerProtocolService (GrpcServerProtocolService.java:lambda$onCompleted$5(159)) - omNode-3: Completed INSTALL_SNAPSHOT, lastReply: null
2024-09-17 10:41:27,688 [omNode-3-InstallSnapshotThread] INFO  utils.RDBSnapshotProvider (RDBSnapshotProvider.java:downloadDBSnapshotFromLeader(127)) - Successfully untar the downloaded snapshot /home/runner/work/ozone/ozone/hadoop-ozone/integration-test/target/test-dir/MiniOzoneClusterImpl-90660ac4-7e9c-448b-98ea-af4f808cf8d9/omNode-3/snapshot/om.db-omNode-1-1726569687155.tar at /home/runner/work/ozone/ozone/hadoop-ozone/integration-test/target/test-dir/MiniOzoneClusterImpl-90660ac4-7e9c-448b-98ea-af4f808cf8d9/omNode-3/snapshot/om.db.candidate.
2024-09-17 10:41:27,688 [omNode-3-InstallSnapshotThread] INFO  utils.RDBSnapshotProvider (RDBSnapshotProvider.java:downloadDBSnapshotFromLeader(130)) - Ratis snapshot transfer is complete.
2024-09-17 10:41:27,689 [grpc-default-executor-1] INFO  server.GrpcLogAppender (GrpcLogAppender.java:onNext(649)) - omNode-1@group-523986131536->omNode-3-InstallSnapshotResponseHandler: received a reply omNode-1<-omNode-3#0:FAIL-t1,IN_PROGRESS,snapshotIndex=0
2024-09-17 10:41:27,689 [grpc-default-executor-1] INFO  server.GrpcLogAppender (GrpcLogAppender.java:onNext(665)) - omNode-1@group-523986131536->omNode-3-InstallSnapshotResponseHandler: InstallSnapshot in progress.
2024-09-17 10:41:27,696 [omNode-3-server-thread1] INFO  server.RaftServer$Division (RaftServerImpl.java:checkInconsistentAppendEntries(1629)) - omNode-3@group-523986131536: Failed appendEntries as snapshot (387) installation is in progress
2024-09-17 10:41:27,696 [omNode-3-server-thread1] INFO  server.RaftServer$Division (RaftServerImpl.java:appendEntriesAsync(1584)) - omNode-3@group-523986131536: appendEntries* reply omNode-1<-omNode-3#1805:FAIL-t1,INCONSISTENCY,nextIndex=0,followerCommit=-1,matchIndex=-1
2024-09-17 10:41:27,697 [grpc-default-executor-0] WARN  server.GrpcLogAppender (GrpcLogAppender.java:onNextImpl(519)) - omNode-1@group-523986131536->omNode-3-AppendLogResponseHandler: received INCONSISTENCY reply with nextIndex 0, errorCount=1, request=AppendEntriesRequest:cid=1805,entriesCount=0
2024-09-17 10:41:27,697 [omNode-1@group-523986131536->omNode-3-GrpcLogAppender-LogAppenderDaemon] INFO  server.GrpcLogAppender (GrpcLogAppender.java:notifyInstallSnapshot(790)) - omNode-1@group-523986131536->omNode-3-GrpcLogAppender: notifyInstallSnapshot with firstAvailable=(t:1, i:387), followerNextIndex=0
2024-09-17 10:41:27,697 [omNode-1@group-523986131536->omNode-3-GrpcLogAppender-LogAppenderDaemon] INFO  server.GrpcLogAppender (GrpcLogAppender.java:notifyInstallSnapshot(798)) - omNode-1@group-523986131536->omNode-3-GrpcLogAppender: send omNode-1->omNode-3#0-t1,notify:(t:1, i:387)
2024-09-17 10:41:27,698 [grpc-default-executor-1] INFO  impl.SnapshotInstallationHandler (SnapshotInstallationHandler.java:installSnapshot(92)) - omNode-3@group-523986131536: receive installSnapshot: omNode-1->omNode-3#0-t1,notify:(t:1, i:387)
2024-09-17 10:41:27,698 [grpc-default-executor-1] INFO  impl.SnapshotInstallationHandler (SnapshotInstallationHandler.java:installSnapshotImpl(138)) - omNode-3@group-523986131536: set new configuration configurationEntry {
  peers {
    id: "omNode-3"
    address: "localhost:15101"
    startupRole: FOLLOWER
  }
  peers {
    id: "omNode-1"
    address: "localhost:15093"
    startupRole: FOLLOWER
  }
  peers {
    id: "omNode-2"
    address: "localhost:15097"
    startupRole: FOLLOWER
  }
}
 from snapshot
2024-09-17 10:41:27,698 [grpc-default-executor-1] INFO  server.RaftServer$Division (ServerState.java:setRaftConf(386)) - omNode-3@group-523986131536: set configuration conf: {index: 0, cur=peers:[omNode-3|localhost:15101, omNode-1|localhost:15093, omNode-2|localhost:15097]|listeners:[], old=null}
2024-09-17 10:41:27,701 [grpc-default-executor-1] INFO  ratis.OzoneManagerStateMachine (OzoneManagerStateMachine.java:notifyConfigurationChanged(216)) - Received Configuration change notification from Ratis. New Peer list:
[id: "omNode-3"
address: "localhost:15101"
startupRole: FOLLOWER
, id: "omNode-1"
address: "localhost:15093"
startupRole: FOLLOWER
, id: "omNode-2"
address: "localhost:15097"
startupRole: FOLLOWER
]
2024-09-17 10:41:27,701 [grpc-default-executor-1] INFO  impl.SnapshotInstallationHandler (SnapshotInstallationHandler.java:installSnapshot(103)) - omNode-3@group-523986131536: reply installSnapshot: omNode-1<-omNode-3#0:FAIL-t1,IN_PROGRESS,snapshotIndex=0
2024-09-17 10:41:27,701 [grpc-default-executor-1] INFO  server.GrpcServerProtocolService (GrpcServerProtocolService.java:onCompleted(157)) - omNode-3: Completed INSTALL_SNAPSHOT, lastRequest: omNode-1->omNode-3#0-t1,notify:(t:1, i:387)
2024-09-17 10:41:27,701 [grpc-default-executor-1] INFO  server.GrpcServerProtocolService (GrpcServerProtocolService.java:lambda$onCompleted$5(159)) - omNode-3: Completed INSTALL_SNAPSHOT, lastReply: null
2024-09-17 10:41:27,701 [grpc-default-executor-0] INFO  server.GrpcLogAppender (GrpcLogAppender.java:onNext(649)) - omNode-1@group-523986131536->omNode-3-InstallSnapshotResponseHandler: received a reply omNode-1<-omNode-3#0:FAIL-t1,IN_PROGRESS,snapshotIndex=0
2024-09-17 10:41:27,701 [grpc-default-executor-0] INFO  server.GrpcLogAppender (GrpcLogAppender.java:onNext(665)) - omNode-1@group-523986131536->omNode-3-InstallSnapshotResponseHandler: InstallSnapshot in progress.
2024-09-17 10:41:27,708 [omNode-3-server-thread1] INFO  server.RaftServer$Division (RaftServerImpl.java:checkInconsistentAppendEntries(1629)) - omNode-3@group-523986131536: Failed appendEntries as snapshot (387) installation is in progress
2024-09-17 10:41:27,708 [omNode-3-server-thread1] INFO  server.RaftServer$Division (RaftServerImpl.java:appendEntriesAsync(1584)) - omNode-3@group-523986131536: appendEntries* reply omNode-1<-omNode-3#1806:FAIL-t1,INCONSISTENCY,nextIndex=0,followerCommit=-1,matchIndex=-1
2024-09-17 10:41:27,708 [grpc-default-executor-1] WARN  server.GrpcLogAppender (GrpcLogAppender.java:onNextImpl(519)) - omNode-1@group-523986131536->omNode-3-AppendLogResponseHandler: received INCONSISTENCY reply with nextIndex 0, errorCount=1, request=AppendEntriesRequest:cid=1806,entriesCount=0
2024-09-17 10:41:27,708 [omNode-1@group-523986131536->omNode-3-GrpcLogAppender-LogAppenderDaemon] INFO  server.GrpcLogAppender (GrpcLogAppender.java:notifyInstallSnapshot(790)) - omNode-1@group-523986131536->omNode-3-GrpcLogAppender: notifyInstallSnapshot with firstAvailable=(t:1, i:387), followerNextIndex=0
2024-09-17 10:41:27,709 [omNode-1@group-523986131536->omNode-3-GrpcLogAppender-LogAppenderDaemon] INFO  server.GrpcLogAppender (GrpcLogAppender.java:notifyInstallSnapshot(798)) - omNode-1@group-523986131536->omNode-3-GrpcLogAppender: send omNode-1->omNode-3#0-t1,notify:(t:1, i:387)
2024-09-17 10:41:27,709 [grpc-default-executor-1] INFO  impl.SnapshotInstallationHandler (SnapshotInstallationHandler.java:installSnapshot(92)) - omNode-3@group-523986131536: receive installSnapshot: omNode-1->omNode-3#0-t1,notify:(t:1, i:387)
2024-09-17 10:41:27,710 [grpc-default-executor-1] INFO  impl.SnapshotInstallationHandler (SnapshotInstallationHandler.java:installSnapshotImpl(138)) - omNode-3@group-523986131536: set new configuration configurationEntry {
  peers {
    id: "omNode-3"
    address: "localhost:15101"
    startupRole: FOLLOWER
  }
  peers {
    id: "omNode-1"
    address: "localhost:15093"
    startupRole: FOLLOWER
  }
  peers {
    id: "omNode-2"
    address: "localhost:15097"
    startupRole: FOLLOWER
  }
}
 from snapshot
2024-09-17 10:41:27,710 [grpc-default-executor-1] INFO  server.RaftServer$Division (ServerState.java:setRaftConf(386)) - omNode-3@group-523986131536: set configuration conf: {index: 0, cur=peers:[omNode-3|localhost:15101, omNode-1|localhost:15093, omNode-2|localhost:15097]|listeners:[], old=null}
2024-09-17 10:41:27,711 [grpc-default-executor-1] INFO  ratis.OzoneManagerStateMachine (OzoneManagerStateMachine.java:notifyConfigurationChanged(216)) - Received Configuration change notification from Ratis. New Peer list:
[id: "omNode-3"
address: "localhost:15101"
startupRole: FOLLOWER
, id: "omNode-1"
address: "localhost:15093"
startupRole: FOLLOWER
, id: "omNode-2"
address: "localhost:15097"
startupRole: FOLLOWER
]
2024-09-17 10:41:27,711 [grpc-default-executor-1] INFO  impl.SnapshotInstallationHandler (SnapshotInstallationHandler.java:installSnapshot(103)) - omNode-3@group-523986131536: reply installSnapshot: omNode-1<-omNode-3#0:FAIL-t1,IN_PROGRESS,snapshotIndex=0
2024-09-17 10:41:27,712 [grpc-default-executor-1] INFO  server.GrpcServerProtocolService (GrpcServerProtocolService.java:onCompleted(157)) - omNode-3: Completed INSTALL_SNAPSHOT, lastRequest: omNode-1->omNode-3#0-t1,notify:(t:1, i:387)
2024-09-17 10:41:27,712 [grpc-default-executor-1] INFO  server.GrpcServerProtocolService (GrpcServerProtocolService.java:lambda$onCompleted$5(159)) - omNode-3: Completed INSTALL_SNAPSHOT, lastReply: null
2024-09-17 10:41:27,712 [grpc-default-executor-0] INFO  server.GrpcLogAppender (GrpcLogAppender.java:onNext(649)) - omNode-1@group-523986131536->omNode-3-InstallSnapshotResponseHandler: received a reply omNode-1<-omNode-3#0:FAIL-t1,IN_PROGRESS,snapshotIndex=0
2024-09-17 10:41:27,712 [grpc-default-executor-0] INFO  server.GrpcLogAppender (GrpcLogAppender.java:onNext(665)) - omNode-1@group-523986131536->omNode-3-InstallSnapshotResponseHandler: InstallSnapshot in progress.
2024-09-17 10:41:27,720 [omNode-3-server-thread1] INFO  server.RaftServer$Division (RaftServerImpl.java:checkInconsistentAppendEntries(1629)) - omNode-3@group-523986131536: Failed appendEntries as snapshot (387) installation is in progress
2024-09-17 10:41:27,720 [omNode-3-server-thread1] INFO  server.RaftServer$Division (RaftServerImpl.java:appendEntriesAsync(1584)) - omNode-3@group-523986131536: appendEntries* reply omNode-1<-omNode-3#1807:FAIL-t1,INCONSISTENCY,nextIndex=0,followerCommit=-1,matchIndex=-1
2024-09-17 10:41:27,720 [grpc-default-executor-1] WARN  server.GrpcLogAppender (GrpcLogAppender.java:onNextImpl(519)) - omNode-1@group-523986131536->omNode-3-AppendLogResponseHandler: received INCONSISTENCY reply with nextIndex 0, errorCount=1, request=AppendEntriesRequest:cid=1807,entriesCount=0
2024-09-17 10:41:27,720 [omNode-1@group-523986131536->omNode-3-GrpcLogAppender-LogAppenderDaemon] INFO  server.GrpcLogAppender (GrpcLogAppender.java:notifyInstallSnapshot(790)) - omNode-1@group-523986131536->omNode-3-GrpcLogAppender: notifyInstallSnapshot with firstAvailable=(t:1, i:387), followerNextIndex=0
2024-09-17 10:41:27,720 [omNode-1@group-523986131536->omNode-3-GrpcLogAppender-LogAppenderDaemon] INFO  server.GrpcLogAppender (GrpcLogAppender.java:notifyInstallSnapshot(798)) - omNode-1@group-523986131536->omNode-3-GrpcLogAppender: send omNode-1->omNode-3#0-t1,notify:(t:1, i:387)
2024-09-17 10:41:27,721 [grpc-default-executor-0] INFO  impl.SnapshotInstallationHandler (SnapshotInstallationHandler.java:installSnapshot(92)) - omNode-3@group-523986131536: receive installSnapshot: omNode-1->omNode-3#0-t1,notify:(t:1, i:387)
2024-09-17 10:41:27,722 [grpc-default-executor-0] INFO  impl.SnapshotInstallationHandler (SnapshotInstallationHandler.java:installSnapshotImpl(138)) - omNode-3@group-523986131536: set new configuration configurationEntry {
  peers {
    id: "omNode-3"
    address: "localhost:15101"
    startupRole: FOLLOWER
  }
  peers {
    id: "omNode-1"
    address: "localhost:15093"
    startupRole: FOLLOWER
  }
  peers {
    id: "omNode-2"
    address: "localhost:15097"
    startupRole: FOLLOWER
  }
}
 from snapshot
2024-09-17 10:41:27,722 [grpc-default-executor-0] INFO  server.RaftServer$Division (ServerState.java:setRaftConf(386)) - omNode-3@group-523986131536: set configuration conf: {index: 0, cur=peers:[omNode-3|localhost:15101, omNode-1|localhost:15093, omNode-2|localhost:15097]|listeners:[], old=null}
2024-09-17 10:41:27,723 [grpc-default-executor-0] INFO  ratis.OzoneManagerStateMachine (OzoneManagerStateMachine.java:notifyConfigurationChanged(216)) - Received Configuration change notification from Ratis. New Peer list:
[id: "omNode-3"
address: "localhost:15101"
startupRole: FOLLOWER
, id: "omNode-1"
address: "localhost:15093"
startupRole: FOLLOWER
, id: "omNode-2"
address: "localhost:15097"
startupRole: FOLLOWER
]
2024-09-17 10:41:27,723 [grpc-default-executor-0] INFO  impl.SnapshotInstallationHandler (SnapshotInstallationHandler.java:installSnapshot(103)) - omNode-3@group-523986131536: reply installSnapshot: omNode-1<-omNode-3#0:FAIL-t1,IN_PROGRESS,snapshotIndex=0
2024-09-17 10:41:27,723 [grpc-default-executor-0] INFO  server.GrpcServerProtocolService (GrpcServerProtocolService.java:onCompleted(157)) - omNode-3: Completed INSTALL_SNAPSHOT, lastRequest: omNode-1->omNode-3#0-t1,notify:(t:1, i:387)
2024-09-17 10:41:27,723 [grpc-default-executor-0] INFO  server.GrpcServerProtocolService (GrpcServerProtocolService.java:lambda$onCompleted$5(159)) - omNode-3: Completed INSTALL_SNAPSHOT, lastReply: null
2024-09-17 10:41:27,723 [grpc-default-executor-1] INFO  server.GrpcLogAppender (GrpcLogAppender.java:onNext(649)) - omNode-1@group-523986131536->omNode-3-InstallSnapshotResponseHandler: received a reply omNode-1<-omNode-3#0:FAIL-t1,IN_PROGRESS,snapshotIndex=0
2024-09-17 10:41:27,723 [grpc-default-executor-1] INFO  server.GrpcLogAppender (GrpcLogAppender.java:onNext(665)) - omNode-1@group-523986131536->omNode-3-InstallSnapshotResponseHandler: InstallSnapshot in progress.
2024-09-17 10:41:27,732 [omNode-3-server-thread1] INFO  server.RaftServer$Division (RaftServerImpl.java:checkInconsistentAppendEntries(1629)) - omNode-3@group-523986131536: Failed appendEntries as snapshot (387) installation is in progress
2024-09-17 10:41:27,732 [omNode-3-server-thread1] INFO  server.RaftServer$Division (RaftServerImpl.java:appendEntriesAsync(1584)) - omNode-3@group-523986131536: appendEntries* reply omNode-1<-omNode-3#1808:FAIL-t1,INCONSISTENCY,nextIndex=0,followerCommit=-1,matchIndex=-1
2024-09-17 10:41:27,733 [grpc-default-executor-0] WARN  server.GrpcLogAppender (GrpcLogAppender.java:onNextImpl(519)) - omNode-1@group-523986131536->omNode-3-AppendLogResponseHandler: received INCONSISTENCY reply with nextIndex 0, errorCount=1, request=AppendEntriesRequest:cid=1808,entriesCount=0
2024-09-17 10:41:27,733 [omNode-1@group-523986131536->omNode-3-GrpcLogAppender-LogAppenderDaemon] INFO  server.GrpcLogAppender (GrpcLogAppender.java:notifyInstallSnapshot(790)) - omNode-1@group-523986131536->omNode-3-GrpcLogAppender: notifyInstallSnapshot with firstAvailable=(t:1, i:387), followerNextIndex=0
2024-09-17 10:41:27,733 [omNode-1@group-523986131536->omNode-3-GrpcLogAppender-LogAppenderDaemon] INFO  server.GrpcLogAppender (GrpcLogAppender.java:notifyInstallSnapshot(798)) - omNode-1@group-523986131536->omNode-3-GrpcLogAppender: send omNode-1->omNode-3#0-t1,notify:(t:1, i:387)
2024-09-17 10:41:27,734 [grpc-default-executor-1] INFO  impl.SnapshotInstallationHandler (SnapshotInstallationHandler.java:installSnapshot(92)) - omNode-3@group-523986131536: receive installSnapshot: omNode-1->omNode-3#0-t1,notify:(t:1, i:387)
2024-09-17 10:41:27,734 [grpc-default-executor-1] INFO  impl.SnapshotInstallationHandler (SnapshotInstallationHandler.java:installSnapshotImpl(138)) - omNode-3@group-523986131536: set new configuration configurationEntry {
  peers {
    id: "omNode-3"
    address: "localhost:15101"
    startupRole: FOLLOWER
  }
  peers {
    id: "omNode-1"
    address: "localhost:15093"
    startupRole: FOLLOWER
  }
  peers {
    id: "omNode-2"
    address: "localhost:15097"
    startupRole: FOLLOWER
  }
}
 from snapshot
2024-09-17 10:41:27,734 [grpc-default-executor-1] INFO  server.RaftServer$Division (ServerState.java:setRaftConf(386)) - omNode-3@group-523986131536: set configuration conf: {index: 0, cur=peers:[omNode-3|localhost:15101, omNode-1|localhost:15093, omNode-2|localhost:15097]|listeners:[], old=null}
2024-09-17 10:41:27,735 [grpc-default-executor-1] INFO  ratis.OzoneManagerStateMachine (OzoneManagerStateMachine.java:notifyConfigurationChanged(216)) - Received Configuration change notification from Ratis. New Peer list:
[id: "omNode-3"
address: "localhost:15101"
startupRole: FOLLOWER
, id: "omNode-1"
address: "localhost:15093"
startupRole: FOLLOWER
, id: "omNode-2"
address: "localhost:15097"
startupRole: FOLLOWER
]
2024-09-17 10:41:27,736 [grpc-default-executor-1] INFO  impl.SnapshotInstallationHandler (SnapshotInstallationHandler.java:installSnapshot(103)) - omNode-3@group-523986131536: reply installSnapshot: omNode-1<-omNode-3#0:FAIL-t1,IN_PROGRESS,snapshotIndex=0
2024-09-17 10:41:27,736 [grpc-default-executor-1] INFO  server.GrpcServerProtocolService (GrpcServerProtocolService.java:onCompleted(157)) - omNode-3: Completed INSTALL_SNAPSHOT, lastRequest: omNode-1->omNode-3#0-t1,notify:(t:1, i:387)
2024-09-17 10:41:27,736 [grpc-default-executor-1] INFO  server.GrpcServerProtocolService (GrpcServerProtocolService.java:lambda$onCompleted$5(159)) - omNode-3: Completed INSTALL_SNAPSHOT, lastReply: null
2024-09-17 10:41:27,736 [grpc-default-executor-0] INFO  server.GrpcLogAppender (GrpcLogAppender.java:onNext(649)) - omNode-1@group-523986131536->omNode-3-InstallSnapshotResponseHandler: received a reply omNode-1<-omNode-3#0:FAIL-t1,IN_PROGRESS,snapshotIndex=0
2024-09-17 10:41:27,736 [grpc-default-executor-0] INFO  server.GrpcLogAppender (GrpcLogAppender.java:onNext(665)) - omNode-1@group-523986131536->omNode-3-InstallSnapshotResponseHandler: InstallSnapshot in progress.
2024-09-17 10:41:27,745 [omNode-3-server-thread1] INFO  server.RaftServer$Division (RaftServerImpl.java:checkInconsistentAppendEntries(1629)) - omNode-3@group-523986131536: Failed appendEntries as snapshot (387) installation is in progress
2024-09-17 10:41:27,745 [omNode-3-server-thread1] INFO  server.RaftServer$Division (RaftServerImpl.java:appendEntriesAsync(1584)) - omNode-3@group-523986131536: appendEntries* reply omNode-1<-omNode-3#1809:FAIL-t1,INCONSISTENCY,nextIndex=0,followerCommit=-1,matchIndex=-1
2024-09-17 10:41:27,745 [grpc-default-executor-0] WARN  server.GrpcLogAppender (GrpcLogAppender.java:onNextImpl(519)) - omNode-1@group-523986131536->omNode-3-AppendLogResponseHandler: received INCONSISTENCY reply with nextIndex 0, errorCount=1, request=AppendEntriesRequest:cid=1809,entriesCount=0
2024-09-17 10:41:27,746 [omNode-1@group-523986131536->omNode-3-GrpcLogAppender-LogAppenderDaemon] INFO  server.GrpcLogAppender (GrpcLogAppender.java:notifyInstallSnapshot(790)) - omNode-1@group-523986131536->omNode-3-GrpcLogAppender: notifyInstallSnapshot with firstAvailable=(t:1, i:387), followerNextIndex=0
2024-09-17 10:41:27,746 [omNode-1@group-523986131536->omNode-3-GrpcLogAppender-LogAppenderDaemon] INFO  server.GrpcLogAppender (GrpcLogAppender.java:notifyInstallSnapshot(798)) - omNode-1@group-523986131536->omNode-3-GrpcLogAppender: send omNode-1->omNode-3#0-t1,notify:(t:1, i:387)
2024-09-17 10:41:27,747 [grpc-default-executor-0] INFO  impl.SnapshotInstallationHandler (SnapshotInstallationHandler.java:installSnapshot(92)) - omNode-3@group-523986131536: receive installSnapshot: omNode-1->omNode-3#0-t1,notify:(t:1, i:387)
2024-09-17 10:41:27,747 [grpc-default-executor-0] INFO  impl.SnapshotInstallationHandler (SnapshotInstallationHandler.java:installSnapshotImpl(138)) - omNode-3@group-523986131536: set new configuration configurationEntry {
  peers {
    id: "omNode-3"
    address: "localhost:15101"
    startupRole: FOLLOWER
  }
  peers {
    id: "omNode-1"
    address: "localhost:15093"
    startupRole: FOLLOWER
  }
  peers {
    id: "omNode-2"
    address: "localhost:15097"
    startupRole: FOLLOWER
  }
}
 from snapshot
2024-09-17 10:41:27,747 [grpc-default-executor-0] INFO  server.RaftServer$Division (ServerState.java:setRaftConf(386)) - omNode-3@group-523986131536: set configuration conf: {index: 0, cur=peers:[omNode-3|localhost:15101, omNode-1|localhost:15093, omNode-2|localhost:15097]|listeners:[], old=null}
2024-09-17 10:41:27,748 [grpc-default-executor-0] INFO  ratis.OzoneManagerStateMachine (OzoneManagerStateMachine.java:notifyConfigurationChanged(216)) - Received Configuration change notification from Ratis. New Peer list:
[id: "omNode-3"
address: "localhost:15101"
startupRole: FOLLOWER
, id: "omNode-1"
address: "localhost:15093"
startupRole: FOLLOWER
, id: "omNode-2"
address: "localhost:15097"
startupRole: FOLLOWER
]
2024-09-17 10:41:27,748 [grpc-default-executor-0] INFO  impl.SnapshotInstallationHandler (SnapshotInstallationHandler.java:installSnapshot(103)) - omNode-3@group-523986131536: reply installSnapshot: omNode-1<-omNode-3#0:FAIL-t1,IN_PROGRESS,snapshotIndex=0
2024-09-17 10:41:27,749 [grpc-default-executor-0] INFO  server.GrpcServerProtocolService (GrpcServerProtocolService.java:onCompleted(157)) - omNode-3: Completed INSTALL_SNAPSHOT, lastRequest: omNode-1->omNode-3#0-t1,notify:(t:1, i:387)
2024-09-17 10:41:27,749 [grpc-default-executor-0] INFO  server.GrpcServerProtocolService (GrpcServerProtocolService.java:lambda$onCompleted$5(159)) - omNode-3: Completed INSTALL_SNAPSHOT, lastReply: null
2024-09-17 10:41:27,749 [grpc-default-executor-0] INFO  server.GrpcLogAppender (GrpcLogAppender.java:onNext(649)) - omNode-1@group-523986131536->omNode-3-InstallSnapshotResponseHandler: received a reply omNode-1<-omNode-3#0:FAIL-t1,IN_PROGRESS,snapshotIndex=0
2024-09-17 10:41:27,749 [grpc-default-executor-0] INFO  server.GrpcLogAppender (GrpcLogAppender.java:onNext(665)) - omNode-1@group-523986131536->omNode-3-InstallSnapshotResponseHandler: InstallSnapshot in progress.
2024-09-17 10:41:27,757 [omNode-3-server-thread1] INFO  server.RaftServer$Division (RaftServerImpl.java:checkInconsistentAppendEntries(1629)) - omNode-3@group-523986131536: Failed appendEntries as snapshot (387) installation is in progress
2024-09-17 10:41:27,757 [omNode-3-server-thread1] INFO  server.RaftServer$Division (RaftServerImpl.java:appendEntriesAsync(1584)) - omNode-3@group-523986131536: appendEntries* reply omNode-1<-omNode-3#1810:FAIL-t1,INCONSISTENCY,nextIndex=0,followerCommit=-1,matchIndex=-1
2024-09-17 10:41:27,758 [grpc-default-executor-0] WARN  server.GrpcLogAppender (GrpcLogAppender.java:onNextImpl(519)) - omNode-1@group-523986131536->omNode-3-AppendLogResponseHandler: received INCONSISTENCY reply with nextIndex 0, errorCount=1, request=AppendEntriesRequest:cid=1810,entriesCount=0
2024-09-17 10:41:27,758 [omNode-1@group-523986131536->omNode-3-GrpcLogAppender-LogAppenderDaemon] INFO  server.GrpcLogAppender (GrpcLogAppender.java:notifyInstallSnapshot(790)) - omNode-1@group-523986131536->omNode-3-GrpcLogAppender: notifyInstallSnapshot with firstAvailable=(t:1, i:387), followerNextIndex=0
2024-09-17 10:41:27,758 [omNode-1@group-523986131536->omNode-3-GrpcLogAppender-LogAppenderDaemon] INFO  server.GrpcLogAppender (GrpcLogAppender.java:notifyInstallSnapshot(798)) - omNode-1@group-523986131536->omNode-3-GrpcLogAppender: send omNode-1->omNode-3#0-t1,notify:(t:1, i:387)
2024-09-17 10:41:27,759 [grpc-default-executor-1] INFO  impl.SnapshotInstallationHandler (SnapshotInstallationHandler.java:installSnapshot(92)) - omNode-3@group-523986131536: receive installSnapshot: omNode-1->omNode-3#0-t1,notify:(t:1, i:387)
2024-09-17 10:41:27,759 [grpc-default-executor-1] INFO  impl.SnapshotInstallationHandler (SnapshotInstallationHandler.java:installSnapshotImpl(138)) - omNode-3@group-523986131536: set new configuration configurationEntry {
  peers {
    id: "omNode-3"
    address: "localhost:15101"
    startupRole: FOLLOWER
  }
  peers {
    id: "omNode-1"
    address: "localhost:15093"
    startupRole: FOLLOWER
  }
  peers {
    id: "omNode-2"
    address: "localhost:15097"
    startupRole: FOLLOWER
  }
}
 from snapshot
2024-09-17 10:41:27,760 [grpc-default-executor-1] INFO  server.RaftServer$Division (ServerState.java:setRaftConf(386)) - omNode-3@group-523986131536: set configuration conf: {index: 0, cur=peers:[omNode-3|localhost:15101, omNode-1|localhost:15093, omNode-2|localhost:15097]|listeners:[], old=null}
2024-09-17 10:41:27,762 [grpc-default-executor-1] INFO  ratis.OzoneManagerStateMachine (OzoneManagerStateMachine.java:notifyConfigurationChanged(216)) - Received Configuration change notification from Ratis. New Peer list:
[id: "omNode-3"
address: "localhost:15101"
startupRole: FOLLOWER
, id: "omNode-1"
address: "localhost:15093"
startupRole: FOLLOWER
, id: "omNode-2"
address: "localhost:15097"
startupRole: FOLLOWER
]
2024-09-17 10:41:27,762 [grpc-default-executor-1] INFO  impl.SnapshotInstallationHandler (SnapshotInstallationHandler.java:installSnapshot(103)) - omNode-3@group-523986131536: reply installSnapshot: omNode-1<-omNode-3#0:FAIL-t1,IN_PROGRESS,snapshotIndex=0
2024-09-17 10:41:27,762 [grpc-default-executor-1] INFO  server.GrpcServerProtocolService (GrpcServerProtocolService.java:onCompleted(157)) - omNode-3: Completed INSTALL_SNAPSHOT, lastRequest: omNode-1->omNode-3#0-t1,notify:(t:1, i:387)
2024-09-17 10:41:27,762 [grpc-default-executor-1] INFO  server.GrpcServerProtocolService (GrpcServerProtocolService.java:lambda$onCompleted$5(159)) - omNode-3: Completed INSTALL_SNAPSHOT, lastReply: null
2024-09-17 10:41:27,763 [grpc-default-executor-0] INFO  server.GrpcLogAppender (GrpcLogAppender.java:onNext(649)) - omNode-1@group-523986131536->omNode-3-InstallSnapshotResponseHandler: received a reply omNode-1<-omNode-3#0:FAIL-t1,IN_PROGRESS,snapshotIndex=0
2024-09-17 10:41:27,763 [grpc-default-executor-0] INFO  server.GrpcLogAppender (GrpcLogAppender.java:onNext(665)) - omNode-1@group-523986131536->omNode-3-InstallSnapshotResponseHandler: InstallSnapshot in progress.
2024-09-17 10:41:27,764 [omNode-3-InstallSnapshotThread] INFO  om.OzoneManager (OzoneManager.java:installCheckpoint(3867)) - Installing checkpoint with OMTransactionInfo 1#423
2024-09-17 10:41:27,764 [omNode-3-InstallSnapshotThread] INFO  utils.BackgroundService (BackgroundService.java:shutdown(163)) - Shutting down service KeyDeletingService
2024-09-17 10:41:27,765 [omNode-3-InstallSnapshotThread] INFO  utils.BackgroundService (BackgroundService.java:shutdown(163)) - Shutting down service DirectoryDeletingService
2024-09-17 10:41:27,765 [omNode-3-InstallSnapshotThread] INFO  utils.BackgroundService (BackgroundService.java:shutdown(163)) - Shutting down service OpenKeyCleanupService
2024-09-17 10:41:27,766 [omNode-3-InstallSnapshotThread] INFO  utils.BackgroundService (BackgroundService.java:shutdown(163)) - Shutting down service SstFilteringService
2024-09-17 10:41:27,766 [omNode-3-InstallSnapshotThread] INFO  utils.BackgroundService (BackgroundService.java:shutdown(163)) - Shutting down service SnapshotDeletingService
2024-09-17 10:41:27,766 [omNode-3-InstallSnapshotThread] INFO  utils.BackgroundService (BackgroundService.java:shutdown(163)) - Shutting down service MultipartUploadCleanupService
2024-09-17 10:41:27,766 [omNode-3-InstallSnapshotThread] INFO  utils.BackgroundService (BackgroundService.java:shutdown(163)) - Shutting down service SnapshotDirectoryCleaningService
2024-09-17 10:41:27,766 [omNode-3-InstallSnapshotThread] INFO  ratis.OzoneManagerStateMachine (OzoneManagerStateMachine.java:pause(409)) - OzoneManagerStateMachine is pausing
2024-09-17 10:41:27,766 [omNode-3-InstallSnapshotThread] INFO  ratis.OzoneManagerDoubleBuffer (OzoneManagerDoubleBuffer.java:stopDaemon(529)) - Stopping OMDoubleBuffer flush thread
2024-09-17 10:41:27,766 [omNode-3-OMDoubleBufferFlushThread] INFO  ratis.OzoneManagerDoubleBuffer (OzoneManagerDoubleBuffer.java:canFlush(593)) - OMDoubleBuffer flush thread omNode-3-OMDoubleBufferFlushThread is interrupted and will exit.
2024-09-17 10:41:27,767 [omNode-3-InstallSnapshotThread] INFO  ipc.Server (Server.java:stop(3523)) - Stopping server on 15098
2024-09-17 10:41:27,770 [omNode-3-server-thread1] INFO  server.RaftServer$Division (RaftServerImpl.java:checkInconsistentAppendEntries(1629)) - omNode-3@group-523986131536: Failed appendEntries as snapshot (387) installation is in progress
2024-09-17 10:41:27,770 [omNode-3-server-thread1] INFO  server.RaftServer$Division (RaftServerImpl.java:appendEntriesAsync(1584)) - omNode-3@group-523986131536: appendEntries* reply omNode-1<-omNode-3#1811:FAIL-t1,INCONSISTENCY,nextIndex=0,followerCommit=-1,matchIndex=-1
2024-09-17 10:41:27,771 [IPC Server listener on 15098] INFO  ipc.Server (Server.java:run(1434)) - Stopping IPC Server listener on 15098
2024-09-17 10:41:27,771 [grpc-default-executor-0] WARN  server.GrpcLogAppender (GrpcLogAppender.java:onNextImpl(519)) - omNode-1@group-523986131536->omNode-3-AppendLogResponseHandler: received INCONSISTENCY reply with nextIndex 0, errorCount=1, request=AppendEntriesRequest:cid=1811,entriesCount=0
2024-09-17 10:41:27,771 [omNode-1@group-523986131536->omNode-3-GrpcLogAppender-LogAppenderDaemon] INFO  server.GrpcLogAppender (GrpcLogAppender.java:notifyInstallSnapshot(790)) - omNode-1@group-523986131536->omNode-3-GrpcLogAppender: notifyInstallSnapshot with firstAvailable=(t:1, i:387), followerNextIndex=0
2024-09-17 10:41:27,771 [IPC Server Responder] INFO  ipc.Server (Server.java:run(1567)) - Stopping IPC Server Responder
2024-09-17 10:41:27,771 [omNode-1@group-523986131536->omNode-3-GrpcLogAppender-LogAppenderDaemon] INFO  server.GrpcLogAppender (GrpcLogAppender.java:notifyInstallSnapshot(798)) - omNode-1@group-523986131536->omNode-3-GrpcLogAppender: send omNode-1->omNode-3#0-t1,notify:(t:1, i:387)
2024-09-17 10:41:27,772 [omNode-3-InstallSnapshotThread] INFO  om.OzoneManager (OzoneManager.java:installCheckpoint(3918)) - RPC server is stopped. Spend 5 ms.
2024-09-17 10:41:27,772 [grpc-default-executor-0] INFO  impl.SnapshotInstallationHandler (SnapshotInstallationHandler.java:installSnapshot(92)) - omNode-3@group-523986131536: receive installSnapshot: omNode-1->omNode-3#0-t1,notify:(t:1, i:387)
2024-09-17 10:41:27,772 [omNode-3-InstallSnapshotThread] INFO  rocksdiff.RocksDBCheckpointDiffer (RocksDBCheckpointDiffer.java:close(306)) - Shutting down CompactionDagPruningService.
2024-09-17 10:41:27,772 [grpc-default-executor-0] INFO  impl.SnapshotInstallationHandler (SnapshotInstallationHandler.java:installSnapshotImpl(138)) - omNode-3@group-523986131536: set new configuration configurationEntry {
  peers {
    id: "omNode-3"
    address: "localhost:15101"
    startupRole: FOLLOWER
  }
  peers {
    id: "omNode-1"
    address: "localhost:15093"
    startupRole: FOLLOWER
  }
  peers {
    id: "omNode-2"
    address: "localhost:15097"
    startupRole: FOLLOWER
  }
}
 from snapshot
2024-09-17 10:41:27,772 [grpc-default-executor-0] INFO  server.RaftServer$Division (ServerState.java:setRaftConf(386)) - omNode-3@group-523986131536: set configuration conf: {index: 0, cur=peers:[omNode-3|localhost:15101, omNode-1|localhost:15093, omNode-2|localhost:15097]|listeners:[], old=null}
2024-09-17 10:41:27,774 [grpc-default-executor-0] INFO  ratis.OzoneManagerStateMachine (OzoneManagerStateMachine.java:notifyConfigurationChanged(216)) - Received Configuration change notification from Ratis. New Peer list:
[id: "omNode-3"
address: "localhost:15101"
startupRole: FOLLOWER
, id: "omNode-1"
address: "localhost:15093"
startupRole: FOLLOWER
, id: "omNode-2"
address: "localhost:15097"
startupRole: FOLLOWER
]
2024-09-17 10:41:27,774 [grpc-default-executor-0] INFO  impl.SnapshotInstallationHandler (SnapshotInstallationHandler.java:installSnapshot(103)) - omNode-3@group-523986131536: reply installSnapshot: omNode-1<-omNode-3#0:FAIL-t1,IN_PROGRESS,snapshotIndex=0
2024-09-17 10:41:27,775 [omNode-3-InstallSnapshotThread] INFO  om.OzoneManager (OzoneManager.java:installCheckpoint(3925)) - metadataManager is stopped. Spend 3 ms.
2024-09-17 10:41:27,775 [grpc-default-executor-0] INFO  server.GrpcServerProtocolService (GrpcServerProtocolService.java:onCompleted(157)) - omNode-3: Completed INSTALL_SNAPSHOT, lastRequest: omNode-1->omNode-3#0-t1,notify:(t:1, i:387)
2024-09-17 10:41:27,775 [grpc-default-executor-1] INFO  server.GrpcLogAppender (GrpcLogAppender.java:onNext(649)) - omNode-1@group-523986131536->omNode-3-InstallSnapshotResponseHandler: received a reply omNode-1<-omNode-3#0:FAIL-t1,IN_PROGRESS,snapshotIndex=0
2024-09-17 10:41:27,775 [grpc-default-executor-1] INFO  server.GrpcLogAppender (GrpcLogAppender.java:onNext(665)) - omNode-1@group-523986131536->omNode-3-InstallSnapshotResponseHandler: InstallSnapshot in progress.
2024-09-17 10:41:27,775 [grpc-default-executor-0] INFO  server.GrpcServerProtocolService (GrpcServerProtocolService.java:lambda$onCompleted$5(159)) - omNode-3: Completed INSTALL_SNAPSHOT, lastReply: null
2024-09-17 10:41:27,782 [omNode-3-server-thread1] INFO  server.RaftServer$Division (RaftServerImpl.java:checkInconsistentAppendEntries(1629)) - omNode-3@group-523986131536: Failed appendEntries as snapshot (387) installation is in progress
2024-09-17 10:41:27,782 [omNode-3-server-thread1] INFO  server.RaftServer$Division (RaftServerImpl.java:appendEntriesAsync(1584)) - omNode-3@group-523986131536: appendEntries* reply omNode-1<-omNode-3#1812:FAIL-t1,INCONSISTENCY,nextIndex=0,followerCommit=-1,matchIndex=-1
2024-09-17 10:41:27,782 [grpc-default-executor-1] WARN  server.GrpcLogAppender (GrpcLogAppender.java:onNextImpl(519)) - omNode-1@group-523986131536->omNode-3-AppendLogResponseHandler: received INCONSISTENCY reply with nextIndex 0, errorCount=1, request=AppendEntriesRequest:cid=1812,entriesCount=0
2024-09-17 10:41:27,783 [omNode-1@group-523986131536->omNode-3-GrpcLogAppender-LogAppenderDaemon] INFO  server.GrpcLogAppender (GrpcLogAppender.java:notifyInstallSnapshot(790)) - omNode-1@group-523986131536->omNode-3-GrpcLogAppender: notifyInstallSnapshot with firstAvailable=(t:1, i:387), followerNextIndex=0
2024-09-17 10:41:27,783 [omNode-1@group-523986131536->omNode-3-GrpcLogAppender-LogAppenderDaemon] INFO  server.GrpcLogAppender (GrpcLogAppender.java:notifyInstallSnapshot(798)) - omNode-1@group-523986131536->omNode-3-GrpcLogAppender: send omNode-1->omNode-3#0-t1,notify:(t:1, i:387)
2024-09-17 10:41:27,783 [grpc-default-executor-1] INFO  impl.SnapshotInstallationHandler (SnapshotInstallationHandler.java:installSnapshot(92)) - omNode-3@group-523986131536: receive installSnapshot: omNode-1->omNode-3#0-t1,notify:(t:1, i:387)
2024-09-17 10:41:27,784 [grpc-default-executor-1] INFO  impl.SnapshotInstallationHandler (SnapshotInstallationHandler.java:installSnapshotImpl(138)) - omNode-3@group-523986131536: set new configuration configurationEntry {
  peers {
    id: "omNode-3"
    address: "localhost:15101"
    startupRole: FOLLOWER
  }
  peers {
    id: "omNode-1"
    address: "localhost:15093"
    startupRole: FOLLOWER
  }
  peers {
    id: "omNode-2"
    address: "localhost:15097"
    startupRole: FOLLOWER
  }
}
 from snapshot
2024-09-17 10:41:27,784 [grpc-default-executor-1] INFO  server.RaftServer$Division (ServerState.java:setRaftConf(386)) - omNode-3@group-523986131536: set configuration conf: {index: 0, cur=peers:[omNode-3|localhost:15101, omNode-1|localhost:15093, omNode-2|localhost:15097]|listeners:[], old=null}
2024-09-17 10:41:27,786 [grpc-default-executor-1] INFO  ratis.OzoneManagerStateMachine (OzoneManagerStateMachine.java:notifyConfigurationChanged(216)) - Received Configuration change notification from Ratis. New Peer list:
[id: "omNode-3"
address: "localhost:15101"
startupRole: FOLLOWER
, id: "omNode-1"
address: "localhost:15093"
startupRole: FOLLOWER
, id: "omNode-2"
address: "localhost:15097"
startupRole: FOLLOWER
]
2024-09-17 10:41:27,786 [grpc-default-executor-1] INFO  impl.SnapshotInstallationHandler (SnapshotInstallationHandler.java:installSnapshot(103)) - omNode-3@group-523986131536: reply installSnapshot: omNode-1<-omNode-3#0:FAIL-t1,IN_PROGRESS,snapshotIndex=0
2024-09-17 10:41:27,786 [grpc-default-executor-1] INFO  server.GrpcServerProtocolService (GrpcServerProtocolService.java:onCompleted(157)) - omNode-3: Completed INSTALL_SNAPSHOT, lastRequest: omNode-1->omNode-3#0-t1,notify:(t:1, i:387)
2024-09-17 10:41:27,786 [grpc-default-executor-1] INFO  server.GrpcServerProtocolService (GrpcServerProtocolService.java:lambda$onCompleted$5(159)) - omNode-3: Completed INSTALL_SNAPSHOT, lastReply: null
2024-09-17 10:41:27,787 [grpc-default-executor-0] INFO  server.GrpcLogAppender (GrpcLogAppender.java:onNext(649)) - omNode-1@group-523986131536->omNode-3-InstallSnapshotResponseHandler: received a reply omNode-1<-omNode-3#0:FAIL-t1,IN_PROGRESS,snapshotIndex=0
2024-09-17 10:41:27,787 [grpc-default-executor-0] INFO  server.GrpcLogAppender (GrpcLogAppender.java:onNext(665)) - omNode-1@group-523986131536->omNode-3-InstallSnapshotResponseHandler: InstallSnapshot in progress.
2024-09-17 10:41:27,790 [omNode-3-InstallSnapshotThread] INFO  om.OzoneManager (OzoneManager.java:installCheckpoint(3939)) - Replaced DB with checkpoint from OM: omNode-1, term: 1, index: 423, time: 15 ms
2024-09-17 10:41:27,790 [omNode-3-InstallSnapshotThread] INFO  snapshot.SnapshotDiffManager (SnapshotDiffManager.java:closeExecutorService(1657)) - Shutting down executorService: 'SnapDiffExecutor'
2024-09-17 10:41:27,790 [omNode-3-InstallSnapshotThread] INFO  utils.BackgroundService (BackgroundService.java:shutdown(163)) - Shutting down service SnapshotDiffCleanupService
2024-09-17 10:41:27,792 [omNode-3-InstallSnapshotThread] WARN  server.ServerUtils (ServerUtils.java:getDBPath(299)) - ozone.om.db.dirs is not configured. We recommend adding this setting. Falling back to ozone.metadata.dirs instead.
2024-09-17 10:41:27,792 [omNode-3-InstallSnapshotThread] INFO  helpers.OmKeyInfo (OmKeyInfo.java:getCodec(72)) - OmKeyInfo.getCodec ignorePipeline = true
2024-09-17 10:41:27,794 [omNode-3-server-thread1] INFO  server.RaftServer$Division (RaftServerImpl.java:checkInconsistentAppendEntries(1629)) - omNode-3@group-523986131536: Failed appendEntries as snapshot (387) installation is in progress
2024-09-17 10:41:27,794 [omNode-3-server-thread1] INFO  server.RaftServer$Division (RaftServerImpl.java:appendEntriesAsync(1584)) - omNode-3@group-523986131536: appendEntries* reply omNode-1<-omNode-3#1813:FAIL-t1,INCONSISTENCY,nextIndex=0,followerCommit=-1,matchIndex=-1
2024-09-17 10:41:27,794 [grpc-default-executor-0] WARN  server.GrpcLogAppender (GrpcLogAppender.java:onNextImpl(519)) - omNode-1@group-523986131536->omNode-3-AppendLogResponseHandler: received INCONSISTENCY reply with nextIndex 0, errorCount=1, request=AppendEntriesRequest:cid=1813,entriesCount=0
2024-09-17 10:41:27,794 [omNode-1@group-523986131536->omNode-3-GrpcLogAppender-LogAppenderDaemon] INFO  server.GrpcLogAppender (GrpcLogAppender.java:notifyInstallSnapshot(790)) - omNode-1@group-523986131536->omNode-3-GrpcLogAppender: notifyInstallSnapshot with firstAvailable=(t:1, i:387), followerNextIndex=0
2024-09-17 10:41:27,794 [omNode-1@group-523986131536->omNode-3-GrpcLogAppender-LogAppenderDaemon] INFO  server.GrpcLogAppender (GrpcLogAppender.java:notifyInstallSnapshot(798)) - omNode-1@group-523986131536->omNode-3-GrpcLogAppender: send omNode-1->omNode-3#0-t1,notify:(t:1, i:387)
2024-09-17 10:41:27,795 [grpc-default-executor-1] INFO  impl.SnapshotInstallationHandler (SnapshotInstallationHandler.java:installSnapshot(92)) - omNode-3@group-523986131536: receive installSnapshot: omNode-1->omNode-3#0-t1,notify:(t:1, i:387)
2024-09-17 10:41:27,795 [grpc-default-executor-1] INFO  impl.SnapshotInstallationHandler (SnapshotInstallationHandler.java:installSnapshotImpl(138)) - omNode-3@group-523986131536: set new configuration configurationEntry {
  peers {
    id: "omNode-3"
    address: "localhost:15101"
    startupRole: FOLLOWER
  }
  peers {
    id: "omNode-1"
    address: "localhost:15093"
    startupRole: FOLLOWER
  }
  peers {
    id: "omNode-2"
    address: "localhost:15097"
    startupRole: FOLLOWER
  }
}
 from snapshot
2024-09-17 10:41:27,795 [grpc-default-executor-1] INFO  server.RaftServer$Division (ServerState.java:setRaftConf(386)) - omNode-3@group-523986131536: set configuration conf: {index: 0, cur=peers:[omNode-3|localhost:15101, omNode-1|localhost:15093, omNode-2|localhost:15097]|listeners:[], old=null}
2024-09-17 10:41:27,797 [grpc-default-executor-1] INFO  ratis.OzoneManagerStateMachine (OzoneManagerStateMachine.java:notifyConfigurationChanged(216)) - Received Configuration change notification from Ratis. New Peer list:
[id: "omNode-3"
address: "localhost:15101"
startupRole: FOLLOWER
, id: "omNode-1"
address: "localhost:15093"
startupRole: FOLLOWER
, id: "omNode-2"
address: "localhost:15097"
startupRole: FOLLOWER
]
2024-09-17 10:41:27,797 [grpc-default-executor-1] INFO  impl.SnapshotInstallationHandler (SnapshotInstallationHandler.java:installSnapshot(103)) - omNode-3@group-523986131536: reply installSnapshot: omNode-1<-omNode-3#0:FAIL-t1,IN_PROGRESS,snapshotIndex=0
2024-09-17 10:41:27,797 [grpc-default-executor-1] INFO  server.GrpcServerProtocolService (GrpcServerProtocolService.java:onCompleted(157)) - omNode-3: Completed INSTALL_SNAPSHOT, lastRequest: omNode-1->omNode-3#0-t1,notify:(t:1, i:387)
2024-09-17 10:41:27,797 [grpc-default-executor-1] INFO  server.GrpcServerProtocolService (GrpcServerProtocolService.java:lambda$onCompleted$5(159)) - omNode-3: Completed INSTALL_SNAPSHOT, lastReply: null
2024-09-17 10:41:27,798 [grpc-default-executor-0] INFO  server.GrpcLogAppender (GrpcLogAppender.java:onNext(649)) - omNode-1@group-523986131536->omNode-3-InstallSnapshotResponseHandler: received a reply omNode-1<-omNode-3#0:FAIL-t1,IN_PROGRESS,snapshotIndex=0
2024-09-17 10:41:27,798 [grpc-default-executor-0] INFO  server.GrpcLogAppender (GrpcLogAppender.java:onNext(665)) - omNode-1@group-523986131536->omNode-3-InstallSnapshotResponseHandler: InstallSnapshot in progress.
2024-09-17 10:41:27,805 [omNode-3-server-thread1] INFO  server.RaftServer$Division (RaftServerImpl.java:checkInconsistentAppendEntries(1629)) - omNode-3@group-523986131536: Failed appendEntries as snapshot (387) installation is in progress
2024-09-17 10:41:27,805 [omNode-3-server-thread1] INFO  server.RaftServer$Division (RaftServerImpl.java:appendEntriesAsync(1584)) - omNode-3@group-523986131536: appendEntries* reply omNode-1<-omNode-3#1814:FAIL-t1,INCONSISTENCY,nextIndex=0,followerCommit=-1,matchIndex=-1
2024-09-17 10:41:27,806 [grpc-default-executor-1] WARN  server.GrpcLogAppender (GrpcLogAppender.java:onNextImpl(519)) - omNode-1@group-523986131536->omNode-3-AppendLogResponseHandler: received INCONSISTENCY reply with nextIndex 0, errorCount=1, request=AppendEntriesRequest:cid=1814,entriesCount=0
2024-09-17 10:41:27,806 [omNode-1@group-523986131536->omNode-3-GrpcLogAppender-LogAppenderDaemon] INFO  server.GrpcLogAppender (GrpcLogAppender.java:notifyInstallSnapshot(790)) - omNode-1@group-523986131536->omNode-3-GrpcLogAppender: notifyInstallSnapshot with firstAvailable=(t:1, i:387), followerNextIndex=0
2024-09-17 10:41:27,806 [omNode-1@group-523986131536->omNode-3-GrpcLogAppender-LogAppenderDaemon] INFO  server.GrpcLogAppender (GrpcLogAppender.java:notifyInstallSnapshot(798)) - omNode-1@group-523986131536->omNode-3-GrpcLogAppender: send omNode-1->omNode-3#0-t1,notify:(t:1, i:387)
2024-09-17 10:41:27,807 [grpc-default-executor-0] INFO  impl.SnapshotInstallationHandler (SnapshotInstallationHandler.java:installSnapshot(92)) - omNode-3@group-523986131536: receive installSnapshot: omNode-1->omNode-3#0-t1,notify:(t:1, i:387)
2024-09-17 10:41:27,807 [grpc-default-executor-0] INFO  impl.SnapshotInstallationHandler (SnapshotInstallationHandler.java:installSnapshotImpl(138)) - omNode-3@group-523986131536: set new configuration configurationEntry {
  peers {
    id: "omNode-3"
    address: "localhost:15101"
    startupRole: FOLLOWER
  }
  peers {
    id: "omNode-1"
    address: "localhost:15093"
    startupRole: FOLLOWER
  }
  peers {
    id: "omNode-2"
    address: "localhost:15097"
    startupRole: FOLLOWER
  }
}
 from snapshot
2024-09-17 10:41:27,807 [grpc-default-executor-0] INFO  server.RaftServer$Division (ServerState.java:setRaftConf(386)) - omNode-3@group-523986131536: set configuration conf: {index: 0, cur=peers:[omNode-3|localhost:15101, omNode-1|localhost:15093, omNode-2|localhost:15097]|listeners:[], old=null}
2024-09-17 10:41:27,808 [grpc-default-executor-0] INFO  ratis.OzoneManagerStateMachine (OzoneManagerStateMachine.java:notifyConfigurationChanged(216)) - Received Configuration change notification from Ratis. New Peer list:
[id: "omNode-3"
address: "localhost:15101"
startupRole: FOLLOWER
, id: "omNode-1"
address: "localhost:15093"
startupRole: FOLLOWER
, id: "omNode-2"
address: "localhost:15097"
startupRole: FOLLOWER
]
2024-09-17 10:41:27,808 [grpc-default-executor-0] INFO  impl.SnapshotInstallationHandler (SnapshotInstallationHandler.java:installSnapshot(103)) - omNode-3@group-523986131536: reply installSnapshot: omNode-1<-omNode-3#0:FAIL-t1,IN_PROGRESS,snapshotIndex=0
2024-09-17 10:41:27,809 [grpc-default-executor-0] INFO  server.GrpcServerProtocolService (GrpcServerProtocolService.java:onCompleted(157)) - omNode-3: Completed INSTALL_SNAPSHOT, lastRequest: omNode-1->omNode-3#0-t1,notify:(t:1, i:387)
2024-09-17 10:41:27,809 [grpc-default-executor-0] INFO  server.GrpcServerProtocolService (GrpcServerProtocolService.java:lambda$onCompleted$5(159)) - omNode-3: Completed INSTALL_SNAPSHOT, lastReply: null
2024-09-17 10:41:27,809 [grpc-default-executor-1] INFO  server.GrpcLogAppender (GrpcLogAppender.java:onNext(649)) - omNode-1@group-523986131536->omNode-3-InstallSnapshotResponseHandler: received a reply omNode-1<-omNode-3#0:FAIL-t1,IN_PROGRESS,snapshotIndex=0
2024-09-17 10:41:27,809 [grpc-default-executor-1] INFO  server.GrpcLogAppender (GrpcLogAppender.java:onNext(665)) - omNode-1@group-523986131536->omNode-3-InstallSnapshotResponseHandler: InstallSnapshot in progress.
2024-09-17 10:41:27,816 [omNode-3-server-thread1] INFO  server.RaftServer$Division (RaftServerImpl.java:checkInconsistentAppendEntries(1629)) - omNode-3@group-523986131536: Failed appendEntries as snapshot (387) installation is in progress
2024-09-17 10:41:27,817 [omNode-3-server-thread1] INFO  server.RaftServer$Division (RaftServerImpl.java:appendEntriesAsync(1584)) - omNode-3@group-523986131536: appendEntries* reply omNode-1<-omNode-3#1815:FAIL-t1,INCONSISTENCY,nextIndex=0,followerCommit=-1,matchIndex=-1
2024-09-17 10:41:27,817 [grpc-default-executor-0] WARN  server.GrpcLogAppender (GrpcLogAppender.java:onNextImpl(519)) - omNode-1@group-523986131536->omNode-3-AppendLogResponseHandler: received INCONSISTENCY reply with nextIndex 0, errorCount=1, request=AppendEntriesRequest:cid=1815,entriesCount=0
2024-09-17 10:41:27,818 [omNode-1@group-523986131536->omNode-3-GrpcLogAppender-LogAppenderDaemon] INFO  server.GrpcLogAppender (GrpcLogAppender.java:notifyInstallSnapshot(790)) - omNode-1@group-523986131536->omNode-3-GrpcLogAppender: notifyInstallSnapshot with firstAvailable=(t:1, i:387), followerNextIndex=0
2024-09-17 10:41:27,818 [omNode-1@group-523986131536->omNode-3-GrpcLogAppender-LogAppenderDaemon] INFO  server.GrpcLogAppender (GrpcLogAppender.java:notifyInstallSnapshot(798)) - omNode-1@group-523986131536->omNode-3-GrpcLogAppender: send omNode-1->omNode-3#0-t1,notify:(t:1, i:387)
2024-09-17 10:41:27,819 [grpc-default-executor-0] INFO  impl.SnapshotInstallationHandler (SnapshotInstallationHandler.java:installSnapshot(92)) - omNode-3@group-523986131536: receive installSnapshot: omNode-1->omNode-3#0-t1,notify:(t:1, i:387)
2024-09-17 10:41:27,819 [grpc-default-executor-0] INFO  impl.SnapshotInstallationHandler (SnapshotInstallationHandler.java:installSnapshotImpl(138)) - omNode-3@group-523986131536: set new configuration configurationEntry {
  peers {
    id: "omNode-3"
    address: "localhost:15101"
    startupRole: FOLLOWER
  }
  peers {
    id: "omNode-1"
    address: "localhost:15093"
    startupRole: FOLLOWER
  }
  peers {
    id: "omNode-2"
    address: "localhost:15097"
    startupRole: FOLLOWER
  }
}
 from snapshot
2024-09-17 10:41:27,819 [grpc-default-executor-0] INFO  server.RaftServer$Division (ServerState.java:setRaftConf(386)) - omNode-3@group-523986131536: set configuration conf: {index: 0, cur=peers:[omNode-3|localhost:15101, omNode-1|localhost:15093, omNode-2|localhost:15097]|listeners:[], old=null}
2024-09-17 10:41:27,821 [grpc-default-executor-0] INFO  ratis.OzoneManagerStateMachine (OzoneManagerStateMachine.java:notifyConfigurationChanged(216)) - Received Configuration change notification from Ratis. New Peer list:
[id: "omNode-3"
address: "localhost:15101"
startupRole: FOLLOWER
, id: "omNode-1"
address: "localhost:15093"
startupRole: FOLLOWER
, id: "omNode-2"
address: "localhost:15097"
startupRole: FOLLOWER
]
2024-09-17 10:41:27,821 [grpc-default-executor-0] INFO  impl.SnapshotInstallationHandler (SnapshotInstallationHandler.java:installSnapshot(103)) - omNode-3@group-523986131536: reply installSnapshot: omNode-1<-omNode-3#0:FAIL-t1,IN_PROGRESS,snapshotIndex=0
2024-09-17 10:41:27,822 [grpc-default-executor-0] INFO  server.GrpcServerProtocolService (GrpcServerProtocolService.java:onCompleted(157)) - omNode-3: Completed INSTALL_SNAPSHOT, lastRequest: omNode-1->omNode-3#0-t1,notify:(t:1, i:387)
2024-09-17 10:41:27,822 [grpc-default-executor-0] INFO  server.GrpcServerProtocolService (GrpcServerProtocolService.java:lambda$onCompleted$5(159)) - omNode-3: Completed INSTALL_SNAPSHOT, lastReply: null
2024-09-17 10:41:27,822 [grpc-default-executor-1] INFO  server.GrpcLogAppender (GrpcLogAppender.java:onNext(649)) - omNode-1@group-523986131536->omNode-3-InstallSnapshotResponseHandler: received a reply omNode-1<-omNode-3#0:FAIL-t1,IN_PROGRESS,snapshotIndex=0
2024-09-17 10:41:27,822 [grpc-default-executor-1] INFO  server.GrpcLogAppender (GrpcLogAppender.java:onNext(665)) - omNode-1@group-523986131536->omNode-3-InstallSnapshotResponseHandler: InstallSnapshot in progress.
2024-09-17 10:41:27,831 [omNode-3-server-thread1] INFO  server.RaftServer$Division (RaftServerImpl.java:checkInconsistentAppendEntries(1629)) - omNode-3@group-523986131536: Failed appendEntries as snapshot (387) installation is in progress
2024-09-17 10:41:27,831 [omNode-3-server-thread1] INFO  server.RaftServer$Division (RaftServerImpl.java:appendEntriesAsync(1584)) - omNode-3@group-523986131536: appendEntries* reply omNode-1<-omNode-3#1816:FAIL-t1,INCONSISTENCY,nextIndex=0,followerCommit=-1,matchIndex=-1
2024-09-17 10:41:27,831 [grpc-default-executor-0] WARN  server.GrpcLogAppender (GrpcLogAppender.java:onNextImpl(519)) - omNode-1@group-523986131536->omNode-3-AppendLogResponseHandler: received INCONSISTENCY reply with nextIndex 0, errorCount=1, request=AppendEntriesRequest:cid=1816,entriesCount=0
2024-09-17 10:41:27,831 [omNode-1@group-523986131536->omNode-3-GrpcLogAppender-LogAppenderDaemon] INFO  server.GrpcLogAppender (GrpcLogAppender.java:notifyInstallSnapshot(790)) - omNode-1@group-523986131536->omNode-3-GrpcLogAppender: notifyInstallSnapshot with firstAvailable=(t:1, i:387), followerNextIndex=0
2024-09-17 10:41:27,831 [omNode-1@group-523986131536->omNode-3-GrpcLogAppender-LogAppenderDaemon] INFO  server.GrpcLogAppender (GrpcLogAppender.java:notifyInstallSnapshot(798)) - omNode-1@group-523986131536->omNode-3-GrpcLogAppender: send omNode-1->omNode-3#0-t1,notify:(t:1, i:387)
2024-09-17 10:41:27,833 [grpc-default-executor-1] INFO  impl.SnapshotInstallationHandler (SnapshotInstallationHandler.java:installSnapshot(92)) - omNode-3@group-523986131536: receive installSnapshot: omNode-1->omNode-3#0-t1,notify:(t:1, i:387)
2024-09-17 10:41:27,833 [grpc-default-executor-1] INFO  impl.SnapshotInstallationHandler (SnapshotInstallationHandler.java:installSnapshotImpl(138)) - omNode-3@group-523986131536: set new configuration configurationEntry {
  peers {
    id: "omNode-3"
    address: "localhost:15101"
    startupRole: FOLLOWER
  }
  peers {
    id: "omNode-1"
    address: "localhost:15093"
    startupRole: FOLLOWER
  }
  peers {
    id: "omNode-2"
    address: "localhost:15097"
    startupRole: FOLLOWER
  }
}
 from snapshot
2024-09-17 10:41:27,833 [grpc-default-executor-1] INFO  server.RaftServer$Division (ServerState.java:setRaftConf(386)) - omNode-3@group-523986131536: set configuration conf: {index: 0, cur=peers:[omNode-3|localhost:15101, omNode-1|localhost:15093, omNode-2|localhost:15097]|listeners:[], old=null}
2024-09-17 10:41:27,834 [grpc-default-executor-1] INFO  ratis.OzoneManagerStateMachine (OzoneManagerStateMachine.java:notifyConfigurationChanged(216)) - Received Configuration change notification from Ratis. New Peer list:
[id: "omNode-3"
address: "localhost:15101"
startupRole: FOLLOWER
, id: "omNode-1"
address: "localhost:15093"
startupRole: FOLLOWER
, id: "omNode-2"
address: "localhost:15097"
startupRole: FOLLOWER
]
2024-09-17 10:41:27,834 [grpc-default-executor-1] INFO  impl.SnapshotInstallationHandler (SnapshotInstallationHandler.java:installSnapshot(103)) - omNode-3@group-523986131536: reply installSnapshot: omNode-1<-omNode-3#0:FAIL-t1,IN_PROGRESS,snapshotIndex=0
2024-09-17 10:41:27,834 [grpc-default-executor-1] INFO  server.GrpcServerProtocolService (GrpcServerProtocolService.java:onCompleted(157)) - omNode-3: Completed INSTALL_SNAPSHOT, lastRequest: omNode-1->omNode-3#0-t1,notify:(t:1, i:387)
2024-09-17 10:41:27,834 [grpc-default-executor-1] INFO  server.GrpcServerProtocolService (GrpcServerProtocolService.java:lambda$onCompleted$5(159)) - omNode-3: Completed INSTALL_SNAPSHOT, lastReply: null
2024-09-17 10:41:27,835 [grpc-default-executor-0] INFO  server.GrpcLogAppender (GrpcLogAppender.java:onNext(649)) - omNode-1@group-523986131536->omNode-3-InstallSnapshotResponseHandler: received a reply omNode-1<-omNode-3#0:FAIL-t1,IN_PROGRESS,snapshotIndex=0
2024-09-17 10:41:27,835 [grpc-default-executor-0] INFO  server.GrpcLogAppender (GrpcLogAppender.java:onNext(665)) - omNode-1@group-523986131536->omNode-3-InstallSnapshotResponseHandler: InstallSnapshot in progress.
2024-09-17 10:41:27,842 [omNode-3-server-thread1] INFO  server.RaftServer$Division (RaftServerImpl.java:checkInconsistentAppendEntries(1629)) - omNode-3@group-523986131536: Failed appendEntries as snapshot (387) installation is in progress
2024-09-17 10:41:27,842 [omNode-3-server-thread1] INFO  server.RaftServer$Division (RaftServerImpl.java:appendEntriesAsync(1584)) - omNode-3@group-523986131536: appendEntries* reply omNode-1<-omNode-3#1817:FAIL-t1,INCONSISTENCY,nextIndex=0,followerCommit=-1,matchIndex=-1
2024-09-17 10:41:27,842 [grpc-default-executor-0] WARN  server.GrpcLogAppender (GrpcLogAppender.java:onNextImpl(519)) - omNode-1@group-523986131536->omNode-3-AppendLogResponseHandler: received INCONSISTENCY reply with nextIndex 0, errorCount=1, request=AppendEntriesRequest:cid=1817,entriesCount=0
2024-09-17 10:41:27,842 [omNode-1@group-523986131536->omNode-3-GrpcLogAppender-LogAppenderDaemon] INFO  server.GrpcLogAppender (GrpcLogAppender.java:notifyInstallSnapshot(790)) - omNode-1@group-523986131536->omNode-3-GrpcLogAppender: notifyInstallSnapshot with firstAvailable=(t:1, i:387), followerNextIndex=0
2024-09-17 10:41:27,843 [omNode-1@group-523986131536->omNode-3-GrpcLogAppender-LogAppenderDaemon] INFO  server.GrpcLogAppender (GrpcLogAppender.java:notifyInstallSnapshot(798)) - omNode-1@group-523986131536->omNode-3-GrpcLogAppender: send omNode-1->omNode-3#0-t1,notify:(t:1, i:387)
2024-09-17 10:41:27,845 [grpc-default-executor-1] INFO  impl.SnapshotInstallationHandler (SnapshotInstallationHandler.java:installSnapshot(92)) - omNode-3@group-523986131536: receive installSnapshot: omNode-1->omNode-3#0-t1,notify:(t:1, i:387)
2024-09-17 10:41:27,845 [grpc-default-executor-1] INFO  impl.SnapshotInstallationHandler (SnapshotInstallationHandler.java:installSnapshotImpl(138)) - omNode-3@group-523986131536: set new configuration configurationEntry {
  peers {
    id: "omNode-3"
    address: "localhost:15101"
    startupRole: FOLLOWER
  }
  peers {
    id: "omNode-1"
    address: "localhost:15093"
    startupRole: FOLLOWER
  }
  peers {
    id: "omNode-2"
    address: "localhost:15097"
    startupRole: FOLLOWER
  }
}
 from snapshot
2024-09-17 10:41:27,845 [grpc-default-executor-1] INFO  server.RaftServer$Division (ServerState.java:setRaftConf(386)) - omNode-3@group-523986131536: set configuration conf: {index: 0, cur=peers:[omNode-3|localhost:15101, omNode-1|localhost:15093, omNode-2|localhost:15097]|listeners:[], old=null}
2024-09-17 10:41:27,846 [grpc-default-executor-1] INFO  ratis.OzoneManagerStateMachine (OzoneManagerStateMachine.java:notifyConfigurationChanged(216)) - Received Configuration change notification from Ratis. New Peer list:
[id: "omNode-3"
address: "localhost:15101"
startupRole: FOLLOWER
, id: "omNode-1"
address: "localhost:15093"
startupRole: FOLLOWER
, id: "omNode-2"
address: "localhost:15097"
startupRole: FOLLOWER
]
2024-09-17 10:41:27,847 [grpc-default-executor-1] INFO  impl.SnapshotInstallationHandler (SnapshotInstallationHandler.java:installSnapshot(103)) - omNode-3@group-523986131536: reply installSnapshot: omNode-1<-omNode-3#0:FAIL-t1,IN_PROGRESS,snapshotIndex=0
2024-09-17 10:41:27,847 [grpc-default-executor-1] INFO  server.GrpcServerProtocolService (GrpcServerProtocolService.java:onCompleted(157)) - omNode-3: Completed INSTALL_SNAPSHOT, lastRequest: omNode-1->omNode-3#0-t1,notify:(t:1, i:387)
2024-09-17 10:41:27,847 [grpc-default-executor-1] INFO  server.GrpcServerProtocolService (GrpcServerProtocolService.java:lambda$onCompleted$5(159)) - omNode-3: Completed INSTALL_SNAPSHOT, lastReply: null
2024-09-17 10:41:27,847 [grpc-default-executor-0] INFO  server.GrpcLogAppender (GrpcLogAppender.java:onNext(649)) - omNode-1@group-523986131536->omNode-3-InstallSnapshotResponseHandler: received a reply omNode-1<-omNode-3#0:FAIL-t1,IN_PROGRESS,snapshotIndex=0
2024-09-17 10:41:27,847 [grpc-default-executor-0] INFO  server.GrpcLogAppender (GrpcLogAppender.java:onNext(665)) - omNode-1@group-523986131536->omNode-3-InstallSnapshotResponseHandler: InstallSnapshot in progress.
2024-09-17 10:41:27,854 [omNode-3-server-thread1] INFO  server.RaftServer$Division (RaftServerImpl.java:checkInconsistentAppendEntries(1629)) - omNode-3@group-523986131536: Failed appendEntries as snapshot (387) installation is in progress
2024-09-17 10:41:27,854 [omNode-3-server-thread1] INFO  server.RaftServer$Division (RaftServerImpl.java:appendEntriesAsync(1584)) - omNode-3@group-523986131536: appendEntries* reply omNode-1<-omNode-3#1818:FAIL-t1,INCONSISTENCY,nextIndex=0,followerCommit=-1,matchIndex=-1
2024-09-17 10:41:27,854 [grpc-default-executor-0] WARN  server.GrpcLogAppender (GrpcLogAppender.java:onNextImpl(519)) - omNode-1@group-523986131536->omNode-3-AppendLogResponseHandler: received INCONSISTENCY reply with nextIndex 0, errorCount=1, request=AppendEntriesRequest:cid=1818,entriesCount=0
2024-09-17 10:41:27,854 [omNode-1@group-523986131536->omNode-3-GrpcLogAppender-LogAppenderDaemon] INFO  server.GrpcLogAppender (GrpcLogAppender.java:notifyInstallSnapshot(790)) - omNode-1@group-523986131536->omNode-3-GrpcLogAppender: notifyInstallSnapshot with firstAvailable=(t:1, i:387), followerNextIndex=0
2024-09-17 10:41:27,854 [omNode-1@group-523986131536->omNode-3-GrpcLogAppender-LogAppenderDaemon] INFO  server.GrpcLogAppender (GrpcLogAppender.java:notifyInstallSnapshot(798)) - omNode-1@group-523986131536->omNode-3-GrpcLogAppender: send omNode-1->omNode-3#0-t1,notify:(t:1, i:387)
2024-09-17 10:41:27,855 [grpc-default-executor-0] INFO  impl.SnapshotInstallationHandler (SnapshotInstallationHandler.java:installSnapshot(92)) - omNode-3@group-523986131536: receive installSnapshot: omNode-1->omNode-3#0-t1,notify:(t:1, i:387)
2024-09-17 10:41:27,855 [grpc-default-executor-0] INFO  impl.SnapshotInstallationHandler (SnapshotInstallationHandler.java:installSnapshotImpl(138)) - omNode-3@group-523986131536: set new configuration configurationEntry {
  peers {
    id: "omNode-3"
    address: "localhost:15101"
    startupRole: FOLLOWER
  }
  peers {
    id: "omNode-1"
    address: "localhost:15093"
    startupRole: FOLLOWER
  }
  peers {
    id: "omNode-2"
    address: "localhost:15097"
    startupRole: FOLLOWER
  }
}
 from snapshot
2024-09-17 10:41:27,855 [grpc-default-executor-0] INFO  server.RaftServer$Division (ServerState.java:setRaftConf(386)) - omNode-3@group-523986131536: set configuration conf: {index: 0, cur=peers:[omNode-3|localhost:15101, omNode-1|localhost:15093, omNode-2|localhost:15097]|listeners:[], old=null}
2024-09-17 10:41:27,857 [grpc-default-executor-0] INFO  ratis.OzoneManagerStateMachine (OzoneManagerStateMachine.java:notifyConfigurationChanged(216)) - Received Configuration change notification from Ratis. New Peer list:
[id: "omNode-3"
address: "localhost:15101"
startupRole: FOLLOWER
, id: "omNode-1"
address: "localhost:15093"
startupRole: FOLLOWER
, id: "omNode-2"
address: "localhost:15097"
startupRole: FOLLOWER
]
2024-09-17 10:41:27,857 [grpc-default-executor-0] INFO  impl.SnapshotInstallationHandler (SnapshotInstallationHandler.java:installSnapshot(103)) - omNode-3@group-523986131536: reply installSnapshot: omNode-1<-omNode-3#0:FAIL-t1,IN_PROGRESS,snapshotIndex=0
2024-09-17 10:41:27,857 [grpc-default-executor-0] INFO  server.GrpcServerProtocolService (GrpcServerProtocolService.java:onCompleted(157)) - omNode-3: Completed INSTALL_SNAPSHOT, lastRequest: omNode-1->omNode-3#0-t1,notify:(t:1, i:387)
2024-09-17 10:41:27,857 [grpc-default-executor-0] INFO  server.GrpcServerProtocolService (GrpcServerProtocolService.java:lambda$onCompleted$5(159)) - omNode-3: Completed INSTALL_SNAPSHOT, lastReply: null
2024-09-17 10:41:27,857 [grpc-default-executor-1] INFO  server.GrpcLogAppender (GrpcLogAppender.java:onNext(649)) - omNode-1@group-523986131536->omNode-3-InstallSnapshotResponseHandler: received a reply omNode-1<-omNode-3#0:FAIL-t1,IN_PROGRESS,snapshotIndex=0
2024-09-17 10:41:27,857 [grpc-default-executor-1] INFO  server.GrpcLogAppender (GrpcLogAppender.java:onNext(665)) - omNode-1@group-523986131536->omNode-3-InstallSnapshotResponseHandler: InstallSnapshot in progress.
2024-09-17 10:41:27,866 [omNode-3-server-thread1] INFO  server.RaftServer$Division (RaftServerImpl.java:checkInconsistentAppendEntries(1629)) - omNode-3@group-523986131536: Failed appendEntries as snapshot (387) installation is in progress
2024-09-17 10:41:27,866 [omNode-3-server-thread1] INFO  server.RaftServer$Division (RaftServerImpl.java:appendEntriesAsync(1584)) - omNode-3@group-523986131536: appendEntries* reply omNode-1<-omNode-3#1819:FAIL-t1,INCONSISTENCY,nextIndex=0,followerCommit=-1,matchIndex=-1
2024-09-17 10:41:27,868 [grpc-default-executor-1] WARN  server.GrpcLogAppender (GrpcLogAppender.java:onNextImpl(519)) - omNode-1@group-523986131536->omNode-3-AppendLogResponseHandler: received INCONSISTENCY reply with nextIndex 0, errorCount=1, request=AppendEntriesRequest:cid=1819,entriesCount=0
2024-09-17 10:41:27,868 [omNode-1@group-523986131536->omNode-3-GrpcLogAppender-LogAppenderDaemon] INFO  server.GrpcLogAppender (GrpcLogAppender.java:notifyInstallSnapshot(790)) - omNode-1@group-523986131536->omNode-3-GrpcLogAppender: notifyInstallSnapshot with firstAvailable=(t:1, i:387), followerNextIndex=0
2024-09-17 10:41:27,868 [omNode-1@group-523986131536->omNode-3-GrpcLogAppender-LogAppenderDaemon] INFO  server.GrpcLogAppender (GrpcLogAppender.java:notifyInstallSnapshot(798)) - omNode-1@group-523986131536->omNode-3-GrpcLogAppender: send omNode-1->omNode-3#0-t1,notify:(t:1, i:387)
2024-09-17 10:41:27,869 [grpc-default-executor-1] INFO  impl.SnapshotInstallationHandler (SnapshotInstallationHandler.java:installSnapshot(92)) - omNode-3@group-523986131536: receive installSnapshot: omNode-1->omNode-3#0-t1,notify:(t:1, i:387)
2024-09-17 10:41:27,869 [grpc-default-executor-1] INFO  impl.SnapshotInstallationHandler (SnapshotInstallationHandler.java:installSnapshotImpl(138)) - omNode-3@group-523986131536: set new configuration configurationEntry {
  peers {
    id: "omNode-3"
    address: "localhost:15101"
    startupRole: FOLLOWER
  }
  peers {
    id: "omNode-1"
    address: "localhost:15093"
    startupRole: FOLLOWER
  }
  peers {
    id: "omNode-2"
    address: "localhost:15097"
    startupRole: FOLLOWER
  }
}
 from snapshot
2024-09-17 10:41:27,869 [grpc-default-executor-1] INFO  server.RaftServer$Division (ServerState.java:setRaftConf(386)) - omNode-3@group-523986131536: set configuration conf: {index: 0, cur=peers:[omNode-3|localhost:15101, omNode-1|localhost:15093, omNode-2|localhost:15097]|listeners:[], old=null}
2024-09-17 10:41:27,870 [grpc-default-executor-1] INFO  ratis.OzoneManagerStateMachine (OzoneManagerStateMachine.java:notifyConfigurationChanged(216)) - Received Configuration change notification from Ratis. New Peer list:
[id: "omNode-3"
address: "localhost:15101"
startupRole: FOLLOWER
, id: "omNode-1"
address: "localhost:15093"
startupRole: FOLLOWER
, id: "omNode-2"
address: "localhost:15097"
startupRole: FOLLOWER
]
2024-09-17 10:41:27,871 [grpc-default-executor-1] INFO  impl.SnapshotInstallationHandler (SnapshotInstallationHandler.java:installSnapshot(103)) - omNode-3@group-523986131536: reply installSnapshot: omNode-1<-omNode-3#0:FAIL-t1,IN_PROGRESS,snapshotIndex=0
2024-09-17 10:41:27,871 [grpc-default-executor-1] INFO  server.GrpcServerProtocolService (GrpcServerProtocolService.java:onCompleted(157)) - omNode-3: Completed INSTALL_SNAPSHOT, lastRequest: omNode-1->omNode-3#0-t1,notify:(t:1, i:387)
2024-09-17 10:41:27,871 [grpc-default-executor-1] INFO  server.GrpcServerProtocolService (GrpcServerProtocolService.java:lambda$onCompleted$5(159)) - omNode-3: Completed INSTALL_SNAPSHOT, lastReply: null
2024-09-17 10:41:27,871 [grpc-default-executor-1] INFO  server.GrpcLogAppender (GrpcLogAppender.java:onNext(649)) - omNode-1@group-523986131536->omNode-3-InstallSnapshotResponseHandler: received a reply omNode-1<-omNode-3#0:FAIL-t1,IN_PROGRESS,snapshotIndex=0
2024-09-17 10:41:27,871 [grpc-default-executor-1] INFO  server.GrpcLogAppender (GrpcLogAppender.java:onNext(665)) - omNode-1@group-523986131536->omNode-3-InstallSnapshotResponseHandler: InstallSnapshot in progress.
2024-09-17 10:41:27,879 [omNode-3-server-thread1] INFO  server.RaftServer$Division (RaftServerImpl.java:checkInconsistentAppendEntries(1629)) - omNode-3@group-523986131536: Failed appendEntries as snapshot (387) installation is in progress
2024-09-17 10:41:27,879 [omNode-3-server-thread1] INFO  server.RaftServer$Division (RaftServerImpl.java:appendEntriesAsync(1584)) - omNode-3@group-523986131536: appendEntries* reply omNode-1<-omNode-3#1820:FAIL-t1,INCONSISTENCY,nextIndex=0,followerCommit=-1,matchIndex=-1
2024-09-17 10:41:27,880 [grpc-default-executor-1] WARN  server.GrpcLogAppender (GrpcLogAppender.java:onNextImpl(519)) - omNode-1@group-523986131536->omNode-3-AppendLogResponseHandler: received INCONSISTENCY reply with nextIndex 0, errorCount=1, request=AppendEntriesRequest:cid=1820,entriesCount=0
2024-09-17 10:41:27,880 [omNode-1@group-523986131536->omNode-3-GrpcLogAppender-LogAppenderDaemon] INFO  server.GrpcLogAppender (GrpcLogAppender.java:notifyInstallSnapshot(790)) - omNode-1@group-523986131536->omNode-3-GrpcLogAppender: notifyInstallSnapshot with firstAvailable=(t:1, i:387), followerNextIndex=0
2024-09-17 10:41:27,880 [omNode-1@group-523986131536->omNode-3-GrpcLogAppender-LogAppenderDaemon] INFO  server.GrpcLogAppender (GrpcLogAppender.java:notifyInstallSnapshot(798)) - omNode-1@group-523986131536->omNode-3-GrpcLogAppender: send omNode-1->omNode-3#0-t1,notify:(t:1, i:387)
2024-09-17 10:41:27,881 [grpc-default-executor-0] INFO  impl.SnapshotInstallationHandler (SnapshotInstallationHandler.java:installSnapshot(92)) - omNode-3@group-523986131536: receive installSnapshot: omNode-1->omNode-3#0-t1,notify:(t:1, i:387)
2024-09-17 10:41:27,881 [grpc-default-executor-0] INFO  impl.SnapshotInstallationHandler (SnapshotInstallationHandler.java:installSnapshotImpl(138)) - omNode-3@group-523986131536: set new configuration configurationEntry {
  peers {
    id: "omNode-3"
    address: "localhost:15101"
    startupRole: FOLLOWER
  }
  peers {
    id: "omNode-1"
    address: "localhost:15093"
    startupRole: FOLLOWER
  }
  peers {
    id: "omNode-2"
    address: "localhost:15097"
    startupRole: FOLLOWER
  }
}
 from snapshot
2024-09-17 10:41:27,881 [grpc-default-executor-0] INFO  server.RaftServer$Division (ServerState.java:setRaftConf(386)) - omNode-3@group-523986131536: set configuration conf: {index: 0, cur=peers:[omNode-3|localhost:15101, omNode-1|localhost:15093, omNode-2|localhost:15097]|listeners:[], old=null}
2024-09-17 10:41:27,882 [grpc-default-executor-0] INFO  ratis.OzoneManagerStateMachine (OzoneManagerStateMachine.java:notifyConfigurationChanged(216)) - Received Configuration change notification from Ratis. New Peer list:
[id: "omNode-3"
address: "localhost:15101"
startupRole: FOLLOWER
, id: "omNode-1"
address: "localhost:15093"
startupRole: FOLLOWER
, id: "omNode-2"
address: "localhost:15097"
startupRole: FOLLOWER
]
2024-09-17 10:41:27,882 [grpc-default-executor-0] INFO  impl.SnapshotInstallationHandler (SnapshotInstallationHandler.java:installSnapshot(103)) - omNode-3@group-523986131536: reply installSnapshot: omNode-1<-omNode-3#0:FAIL-t1,IN_PROGRESS,snapshotIndex=0
2024-09-17 10:41:27,882 [grpc-default-executor-0] INFO  server.GrpcServerProtocolService (GrpcServerProtocolService.java:onCompleted(157)) - omNode-3: Completed INSTALL_SNAPSHOT, lastRequest: omNode-1->omNode-3#0-t1,notify:(t:1, i:387)
2024-09-17 10:41:27,882 [grpc-default-executor-0] INFO  server.GrpcServerProtocolService (GrpcServerProtocolService.java:lambda$onCompleted$5(159)) - omNode-3: Completed INSTALL_SNAPSHOT, lastReply: null
2024-09-17 10:41:27,883 [grpc-default-executor-1] INFO  server.GrpcLogAppender (GrpcLogAppender.java:onNext(649)) - omNode-1@group-523986131536->omNode-3-InstallSnapshotResponseHandler: received a reply omNode-1<-omNode-3#0:FAIL-t1,IN_PROGRESS,snapshotIndex=0
2024-09-17 10:41:27,883 [grpc-default-executor-1] INFO  server.GrpcLogAppender (GrpcLogAppender.java:onNext(665)) - omNode-1@group-523986131536->omNode-3-InstallSnapshotResponseHandler: InstallSnapshot in progress.
2024-09-17 10:41:27,886 [omNode-3-InstallSnapshotThread] INFO  om.OzoneManager (OzoneManager.java:instantiateServices(836)) - S3 Multi-Tenancy is disabled
2024-09-17 10:41:27,887 [omNode-3-InstallSnapshotThread] INFO  om.OmSnapshotManager (OmSnapshotManager.java:<init>(182)) - Ozone filesystem snapshot feature is enabled.
2024-09-17 10:41:27,887 [omNode-3-InstallSnapshotThread] WARN  server.ServerUtils (ServerUtils.java:getDBPath(299)) - ozone.om.snapshot.diff.db.dir is not configured. We recommend adding this setting. Falling back to ozone.metadata.dirs instead.
2024-09-17 10:41:27,891 [omNode-3-server-thread1] INFO  server.RaftServer$Division (RaftServerImpl.java:checkInconsistentAppendEntries(1629)) - omNode-3@group-523986131536: Failed appendEntries as snapshot (387) installation is in progress
2024-09-17 10:41:27,891 [omNode-3-server-thread1] INFO  server.RaftServer$Division (RaftServerImpl.java:appendEntriesAsync(1584)) - omNode-3@group-523986131536: appendEntries* reply omNode-1<-omNode-3#1821:FAIL-t1,INCONSISTENCY,nextIndex=0,followerCommit=-1,matchIndex=-1
2024-09-17 10:41:27,892 [grpc-default-executor-1] WARN  server.GrpcLogAppender (GrpcLogAppender.java:onNextImpl(519)) - omNode-1@group-523986131536->omNode-3-AppendLogResponseHandler: received INCONSISTENCY reply with nextIndex 0, errorCount=1, request=AppendEntriesRequest:cid=1821,entriesCount=0
2024-09-17 10:41:27,892 [omNode-1@group-523986131536->omNode-3-GrpcLogAppender-LogAppenderDaemon] INFO  server.GrpcLogAppender (GrpcLogAppender.java:notifyInstallSnapshot(790)) - omNode-1@group-523986131536->omNode-3-GrpcLogAppender: notifyInstallSnapshot with firstAvailable=(t:1, i:387), followerNextIndex=0
2024-09-17 10:41:27,892 [omNode-1@group-523986131536->omNode-3-GrpcLogAppender-LogAppenderDaemon] INFO  server.GrpcLogAppender (GrpcLogAppender.java:notifyInstallSnapshot(798)) - omNode-1@group-523986131536->omNode-3-GrpcLogAppender: send omNode-1->omNode-3#0-t1,notify:(t:1, i:387)
2024-09-17 10:41:27,893 [grpc-default-executor-1] INFO  impl.SnapshotInstallationHandler (SnapshotInstallationHandler.java:installSnapshot(92)) - omNode-3@group-523986131536: receive installSnapshot: omNode-1->omNode-3#0-t1,notify:(t:1, i:387)
2024-09-17 10:41:27,893 [grpc-default-executor-1] INFO  impl.SnapshotInstallationHandler (SnapshotInstallationHandler.java:installSnapshotImpl(138)) - omNode-3@group-523986131536: set new configuration configurationEntry {
  peers {
    id: "omNode-3"
    address: "localhost:15101"
    startupRole: FOLLOWER
  }
  peers {
    id: "omNode-1"
    address: "localhost:15093"
    startupRole: FOLLOWER
  }
  peers {
    id: "omNode-2"
    address: "localhost:15097"
    startupRole: FOLLOWER
  }
}
 from snapshot
2024-09-17 10:41:27,893 [grpc-default-executor-1] INFO  server.RaftServer$Division (ServerState.java:setRaftConf(386)) - omNode-3@group-523986131536: set configuration conf: {index: 0, cur=peers:[omNode-3|localhost:15101, omNode-1|localhost:15093, omNode-2|localhost:15097]|listeners:[], old=null}
2024-09-17 10:41:27,894 [grpc-default-executor-1] INFO  ratis.OzoneManagerStateMachine (OzoneManagerStateMachine.java:notifyConfigurationChanged(216)) - Received Configuration change notification from Ratis. New Peer list:
[id: "omNode-3"
address: "localhost:15101"
startupRole: FOLLOWER
, id: "omNode-1"
address: "localhost:15093"
startupRole: FOLLOWER
, id: "omNode-2"
address: "localhost:15097"
startupRole: FOLLOWER
]
2024-09-17 10:41:27,894 [grpc-default-executor-1] INFO  impl.SnapshotInstallationHandler (SnapshotInstallationHandler.java:installSnapshot(103)) - omNode-3@group-523986131536: reply installSnapshot: omNode-1<-omNode-3#0:FAIL-t1,IN_PROGRESS,snapshotIndex=0
2024-09-17 10:41:27,895 [grpc-default-executor-1] INFO  server.GrpcServerProtocolService (GrpcServerProtocolService.java:onCompleted(157)) - omNode-3: Completed INSTALL_SNAPSHOT, lastRequest: omNode-1->omNode-3#0-t1,notify:(t:1, i:387)
2024-09-17 10:41:27,895 [grpc-default-executor-1] INFO  server.GrpcServerProtocolService (GrpcServerProtocolService.java:lambda$onCompleted$5(159)) - omNode-3: Completed INSTALL_SNAPSHOT, lastReply: null
2024-09-17 10:41:27,895 [grpc-default-executor-0] INFO  server.GrpcLogAppender (GrpcLogAppender.java:onNext(649)) - omNode-1@group-523986131536->omNode-3-InstallSnapshotResponseHandler: received a reply omNode-1<-omNode-3#0:FAIL-t1,IN_PROGRESS,snapshotIndex=0
2024-09-17 10:41:27,895 [grpc-default-executor-0] INFO  server.GrpcLogAppender (GrpcLogAppender.java:onNext(665)) - omNode-1@group-523986131536->omNode-3-InstallSnapshotResponseHandler: InstallSnapshot in progress.
2024-09-17 10:41:27,897 [omNode-3-InstallSnapshotThread] INFO  utils.NativeLibraryLoader (NativeLibraryLoader.java:loadLibrary(111)) - Loading Library: ozone_rocksdb_tools
2024-09-17 10:41:27,898 [omNode-3-InstallSnapshotThread] ERROR snapshot.SnapshotDiffManager (SnapshotDiffManager.java:initNativeLibraryForEfficientDiff(287)) - Native Library for raw sst file reading loading failed.
org.apache.hadoop.hdds.utils.NativeLibraryNotLoadedException: Unable to load library ozone_rocksdb_tools from both java.library.path & resource file libozone_rocksdb_tools.so from jar.
	at org.apache.hadoop.hdds.utils.db.managed.ManagedRawSSTFileReader.loadLibrary(ManagedRawSSTFileReader.java:40)
	at org.apache.hadoop.ozone.om.snapshot.SnapshotDiffManager.initNativeLibraryForEfficientDiff(SnapshotDiffManager.java:285)
	at org.apache.hadoop.ozone.om.snapshot.SnapshotDiffManager.<init>(SnapshotDiffManager.java:259)
	at org.apache.hadoop.ozone.om.OmSnapshotManager.<init>(OmSnapshotManager.java:289)
	at org.apache.hadoop.ozone.om.OzoneManager.instantiateServices(OzoneManager.java:888)
	at org.apache.hadoop.ozone.om.OzoneManager.reloadOMState(OzoneManager.java:4121)
	at org.apache.hadoop.ozone.om.OzoneManager.installCheckpoint(OzoneManager.java:3964)
	at org.apache.hadoop.ozone.om.OzoneManager.installCheckpoint(OzoneManager.java:3870)
	at org.apache.hadoop.ozone.om.OzoneManager.installSnapshotFromLeader(OzoneManager.java:3847)
	at org.apache.hadoop.ozone.om.ratis.OzoneManagerStateMachine.lambda$5(OzoneManagerStateMachine.java:515)
	at java.base/java.util.concurrent.CompletableFuture$AsyncSupply.run(CompletableFuture.java:1768)
	at java.base/java.util.concurrent.ThreadPoolExecutor.runWorker(ThreadPoolExecutor.java:1136)
	at java.base/java.util.concurrent.ThreadPoolExecutor$Worker.run(ThreadPoolExecutor.java:635)
	at java.base/java.lang.Thread.run(Thread.java:840)
2024-09-17 10:41:27,900 [omNode-3-SstFilteringService#0] WARN  server.ServerUtils (ServerUtils.java:getDBPath(299)) - ozone.om.db.dirs is not configured. We recommend adding this setting. Falling back to ozone.metadata.dirs instead.
2024-09-17 10:41:27,901 [omNode-3-InstallSnapshotThread] INFO  om.OzoneManager (OzoneManager.java:startTrashEmptier(2158)) - Trash Interval set to 0. Files deleted won't move to trash
2024-09-17 10:41:27,901 [omNode-3-SstFilteringService#0] INFO  snapshot.SnapshotCache (SnapshotCache.java:lambda$2(156)) - Loading SnapshotId: '01d07947-bdf4-4816-a54e-b5b60330999a'
2024-09-17 10:41:27,901 [omNode-3-SstFilteringService#0] WARN  server.ServerUtils (ServerUtils.java:getDBPath(299)) - ozone.om.db.dirs is not configured. We recommend adding this setting. Falling back to ozone.metadata.dirs instead.
2024-09-17 10:41:27,902 [omNode-3-SstFilteringService#0] INFO  helpers.OmKeyInfo (OmKeyInfo.java:getCodec(72)) - OmKeyInfo.getCodec ignorePipeline = true
2024-09-17 10:41:27,902 [omNode-3-InstallSnapshotThread] INFO  ratis.OzoneManagerStateMachine (OzoneManagerStateMachine.java:unpause(430)) - OzoneManagerStateMachine is un-pausing
2024-09-17 10:41:27,902 [omNode-3-InstallSnapshotThread] INFO  om.OzoneManager (OzoneManager.java:installCheckpoint(3968)) - Reloaded OM state with Term: 1 and Index: 423. Spend 111 ms
2024-09-17 10:41:27,902 [omNode-3-InstallSnapshotThread] INFO  om.OzoneManager (OzoneManager.java:getRpcServer(1252)) - Creating RPC Server
2024-09-17 10:41:27,909 [omNode-3-server-thread1] INFO  server.RaftServer$Division (RaftServerImpl.java:checkInconsistentAppendEntries(1629)) - omNode-3@group-523986131536: Failed appendEntries as snapshot (387) installation is in progress
2024-09-17 10:41:27,909 [omNode-3-server-thread1] INFO  server.RaftServer$Division (RaftServerImpl.java:appendEntriesAsync(1584)) - omNode-3@group-523986131536: appendEntries* reply omNode-1<-omNode-3#1822:FAIL-t1,INCONSISTENCY,nextIndex=0,followerCommit=-1,matchIndex=-1
2024-09-17 10:41:27,909 [grpc-default-executor-0] WARN  server.GrpcLogAppender (GrpcLogAppender.java:onNextImpl(519)) - omNode-1@group-523986131536->omNode-3-AppendLogResponseHandler: received INCONSISTENCY reply with nextIndex 0, errorCount=1, request=AppendEntriesRequest:cid=1822,entriesCount=0
2024-09-17 10:41:27,910 [omNode-1@group-523986131536->omNode-3-GrpcLogAppender-LogAppenderDaemon] INFO  server.GrpcLogAppender (GrpcLogAppender.java:notifyInstallSnapshot(790)) - omNode-1@group-523986131536->omNode-3-GrpcLogAppender: notifyInstallSnapshot with firstAvailable=(t:1, i:387), followerNextIndex=0
2024-09-17 10:41:27,910 [omNode-1@group-523986131536->omNode-3-GrpcLogAppender-LogAppenderDaemon] INFO  server.GrpcLogAppender (GrpcLogAppender.java:notifyInstallSnapshot(798)) - omNode-1@group-523986131536->omNode-3-GrpcLogAppender: send omNode-1->omNode-3#0-t1,notify:(t:1, i:387)
2024-09-17 10:41:27,911 [grpc-default-executor-0] INFO  impl.SnapshotInstallationHandler (SnapshotInstallationHandler.java:installSnapshot(92)) - omNode-3@group-523986131536: receive installSnapshot: omNode-1->omNode-3#0-t1,notify:(t:1, i:387)
2024-09-17 10:41:27,911 [grpc-default-executor-0] INFO  impl.SnapshotInstallationHandler (SnapshotInstallationHandler.java:installSnapshotImpl(138)) - omNode-3@group-523986131536: set new configuration configurationEntry {
  peers {
    id: "omNode-3"
    address: "localhost:15101"
    startupRole: FOLLOWER
  }
  peers {
    id: "omNode-1"
    address: "localhost:15093"
    startupRole: FOLLOWER
  }
  peers {
    id: "omNode-2"
    address: "localhost:15097"
    startupRole: FOLLOWER
  }
}
 from snapshot
2024-09-17 10:41:27,911 [grpc-default-executor-0] INFO  server.RaftServer$Division (ServerState.java:setRaftConf(386)) - omNode-3@group-523986131536: set configuration conf: {index: 0, cur=peers:[omNode-3|localhost:15101, omNode-1|localhost:15093, omNode-2|localhost:15097]|listeners:[], old=null}
2024-09-17 10:41:27,913 [grpc-default-executor-0] INFO  ratis.OzoneManagerStateMachine (OzoneManagerStateMachine.java:notifyConfigurationChanged(216)) - Received Configuration change notification from Ratis. New Peer list:
[id: "omNode-3"
address: "localhost:15101"
startupRole: FOLLOWER
, id: "omNode-1"
address: "localhost:15093"
startupRole: FOLLOWER
, id: "omNode-2"
address: "localhost:15097"
startupRole: FOLLOWER
]
2024-09-17 10:41:27,913 [grpc-default-executor-0] INFO  impl.SnapshotInstallationHandler (SnapshotInstallationHandler.java:installSnapshot(103)) - omNode-3@group-523986131536: reply installSnapshot: omNode-1<-omNode-3#0:FAIL-t1,IN_PROGRESS,snapshotIndex=0
2024-09-17 10:41:27,913 [grpc-default-executor-0] INFO  server.GrpcServerProtocolService (GrpcServerProtocolService.java:onCompleted(157)) - omNode-3: Completed INSTALL_SNAPSHOT, lastRequest: omNode-1->omNode-3#0-t1,notify:(t:1, i:387)
2024-09-17 10:41:27,913 [grpc-default-executor-0] INFO  server.GrpcServerProtocolService (GrpcServerProtocolService.java:lambda$onCompleted$5(159)) - omNode-3: Completed INSTALL_SNAPSHOT, lastReply: null
2024-09-17 10:41:27,913 [grpc-default-executor-1] INFO  server.GrpcLogAppender (GrpcLogAppender.java:onNext(649)) - omNode-1@group-523986131536->omNode-3-InstallSnapshotResponseHandler: received a reply omNode-1<-omNode-3#0:FAIL-t1,IN_PROGRESS,snapshotIndex=0
2024-09-17 10:41:27,913 [grpc-default-executor-1] INFO  server.GrpcLogAppender (GrpcLogAppender.java:onNext(665)) - omNode-1@group-523986131536->omNode-3-InstallSnapshotResponseHandler: InstallSnapshot in progress.
2024-09-17 10:41:27,921 [omNode-3-server-thread1] INFO  server.RaftServer$Division (RaftServerImpl.java:checkInconsistentAppendEntries(1629)) - omNode-3@group-523986131536: Failed appendEntries as snapshot (387) installation is in progress
2024-09-17 10:41:27,921 [omNode-3-server-thread1] INFO  server.RaftServer$Division (RaftServerImpl.java:appendEntriesAsync(1584)) - omNode-3@group-523986131536: appendEntries* reply omNode-1<-omNode-3#1823:FAIL-t1,INCONSISTENCY,nextIndex=0,followerCommit=-1,matchIndex=-1
2024-09-17 10:41:27,921 [grpc-default-executor-0] WARN  server.GrpcLogAppender (GrpcLogAppender.java:onNextImpl(519)) - omNode-1@group-523986131536->omNode-3-AppendLogResponseHandler: received INCONSISTENCY reply with nextIndex 0, errorCount=1, request=AppendEntriesRequest:cid=1823,entriesCount=0
2024-09-17 10:41:27,921 [omNode-1@group-523986131536->omNode-3-GrpcLogAppender-LogAppenderDaemon] INFO  server.GrpcLogAppender (GrpcLogAppender.java:notifyInstallSnapshot(790)) - omNode-1@group-523986131536->omNode-3-GrpcLogAppender: notifyInstallSnapshot with firstAvailable=(t:1, i:387), followerNextIndex=0
2024-09-17 10:41:27,921 [omNode-1@group-523986131536->omNode-3-GrpcLogAppender-LogAppenderDaemon] INFO  server.GrpcLogAppender (GrpcLogAppender.java:notifyInstallSnapshot(798)) - omNode-1@group-523986131536->omNode-3-GrpcLogAppender: send omNode-1->omNode-3#0-t1,notify:(t:1, i:387)
2024-09-17 10:41:27,923 [grpc-default-executor-1] INFO  impl.SnapshotInstallationHandler (SnapshotInstallationHandler.java:installSnapshot(92)) - omNode-3@group-523986131536: receive installSnapshot: omNode-1->omNode-3#0-t1,notify:(t:1, i:387)
2024-09-17 10:41:27,923 [grpc-default-executor-1] INFO  impl.SnapshotInstallationHandler (SnapshotInstallationHandler.java:installSnapshotImpl(138)) - omNode-3@group-523986131536: set new configuration configurationEntry {
  peers {
    id: "omNode-3"
    address: "localhost:15101"
    startupRole: FOLLOWER
  }
  peers {
    id: "omNode-1"
    address: "localhost:15093"
    startupRole: FOLLOWER
  }
  peers {
    id: "omNode-2"
    address: "localhost:15097"
    startupRole: FOLLOWER
  }
}
 from snapshot
2024-09-17 10:41:27,923 [grpc-default-executor-1] INFO  server.RaftServer$Division (ServerState.java:setRaftConf(386)) - omNode-3@group-523986131536: set configuration conf: {index: 0, cur=peers:[omNode-3|localhost:15101, omNode-1|localhost:15093, omNode-2|localhost:15097]|listeners:[], old=null}
2024-09-17 10:41:27,924 [grpc-default-executor-1] INFO  ratis.OzoneManagerStateMachine (OzoneManagerStateMachine.java:notifyConfigurationChanged(216)) - Received Configuration change notification from Ratis. New Peer list:
[id: "omNode-3"
address: "localhost:15101"
startupRole: FOLLOWER
, id: "omNode-1"
address: "localhost:15093"
startupRole: FOLLOWER
, id: "omNode-2"
address: "localhost:15097"
startupRole: FOLLOWER
]
2024-09-17 10:41:27,925 [grpc-default-executor-1] INFO  impl.SnapshotInstallationHandler (SnapshotInstallationHandler.java:installSnapshot(103)) - omNode-3@group-523986131536: reply installSnapshot: omNode-1<-omNode-3#0:FAIL-t1,IN_PROGRESS,snapshotIndex=0
2024-09-17 10:41:27,925 [grpc-default-executor-1] INFO  server.GrpcServerProtocolService (GrpcServerProtocolService.java:onCompleted(157)) - omNode-3: Completed INSTALL_SNAPSHOT, lastRequest: omNode-1->omNode-3#0-t1,notify:(t:1, i:387)
2024-09-17 10:41:27,925 [grpc-default-executor-1] INFO  server.GrpcServerProtocolService (GrpcServerProtocolService.java:lambda$onCompleted$5(159)) - omNode-3: Completed INSTALL_SNAPSHOT, lastReply: null
2024-09-17 10:41:27,925 [grpc-default-executor-0] INFO  server.GrpcLogAppender (GrpcLogAppender.java:onNext(649)) - omNode-1@group-523986131536->omNode-3-InstallSnapshotResponseHandler: received a reply omNode-1<-omNode-3#0:FAIL-t1,IN_PROGRESS,snapshotIndex=0
2024-09-17 10:41:27,925 [grpc-default-executor-0] INFO  server.GrpcLogAppender (GrpcLogAppender.java:onNext(665)) - omNode-1@group-523986131536->omNode-3-InstallSnapshotResponseHandler: InstallSnapshot in progress.
2024-09-17 10:41:27,932 [omNode-3-server-thread1] INFO  server.RaftServer$Division (RaftServerImpl.java:checkInconsistentAppendEntries(1629)) - omNode-3@group-523986131536: Failed appendEntries as snapshot (387) installation is in progress
2024-09-17 10:41:27,933 [omNode-3-server-thread1] INFO  server.RaftServer$Division (RaftServerImpl.java:appendEntriesAsync(1584)) - omNode-3@group-523986131536: appendEntries* reply omNode-1<-omNode-3#1824:FAIL-t1,INCONSISTENCY,nextIndex=0,followerCommit=-1,matchIndex=-1
2024-09-17 10:41:27,933 [grpc-default-executor-0] WARN  server.GrpcLogAppender (GrpcLogAppender.java:onNextImpl(519)) - omNode-1@group-523986131536->omNode-3-AppendLogResponseHandler: received INCONSISTENCY reply with nextIndex 0, errorCount=1, request=AppendEntriesRequest:cid=1824,entriesCount=0
2024-09-17 10:41:27,933 [omNode-1@group-523986131536->omNode-3-GrpcLogAppender-LogAppenderDaemon] INFO  server.GrpcLogAppender (GrpcLogAppender.java:notifyInstallSnapshot(790)) - omNode-1@group-523986131536->omNode-3-GrpcLogAppender: notifyInstallSnapshot with firstAvailable=(t:1, i:387), followerNextIndex=0
2024-09-17 10:41:27,933 [omNode-1@group-523986131536->omNode-3-GrpcLogAppender-LogAppenderDaemon] INFO  server.GrpcLogAppender (GrpcLogAppender.java:notifyInstallSnapshot(798)) - omNode-1@group-523986131536->omNode-3-GrpcLogAppender: send omNode-1->omNode-3#0-t1,notify:(t:1, i:387)
2024-09-17 10:41:27,934 [grpc-default-executor-0] INFO  impl.SnapshotInstallationHandler (SnapshotInstallationHandler.java:installSnapshot(92)) - omNode-3@group-523986131536: receive installSnapshot: omNode-1->omNode-3#0-t1,notify:(t:1, i:387)
2024-09-17 10:41:27,934 [grpc-default-executor-0] INFO  impl.SnapshotInstallationHandler (SnapshotInstallationHandler.java:installSnapshotImpl(138)) - omNode-3@group-523986131536: set new configuration configurationEntry {
  peers {
    id: "omNode-3"
    address: "localhost:15101"
    startupRole: FOLLOWER
  }
  peers {
    id: "omNode-1"
    address: "localhost:15093"
    startupRole: FOLLOWER
  }
  peers {
    id: "omNode-2"
    address: "localhost:15097"
    startupRole: FOLLOWER
  }
}
 from snapshot
2024-09-17 10:41:27,934 [grpc-default-executor-0] INFO  server.RaftServer$Division (ServerState.java:setRaftConf(386)) - omNode-3@group-523986131536: set configuration conf: {index: 0, cur=peers:[omNode-3|localhost:15101, omNode-1|localhost:15093, omNode-2|localhost:15097]|listeners:[], old=null}
2024-09-17 10:41:27,936 [grpc-default-executor-0] INFO  ratis.OzoneManagerStateMachine (OzoneManagerStateMachine.java:notifyConfigurationChanged(216)) - Received Configuration change notification from Ratis. New Peer list:
[id: "omNode-3"
address: "localhost:15101"
startupRole: FOLLOWER
, id: "omNode-1"
address: "localhost:15093"
startupRole: FOLLOWER
, id: "omNode-2"
address: "localhost:15097"
startupRole: FOLLOWER
]
2024-09-17 10:41:27,936 [grpc-default-executor-0] INFO  impl.SnapshotInstallationHandler (SnapshotInstallationHandler.java:installSnapshot(103)) - omNode-3@group-523986131536: reply installSnapshot: omNode-1<-omNode-3#0:FAIL-t1,IN_PROGRESS,snapshotIndex=0
2024-09-17 10:41:27,936 [grpc-default-executor-0] INFO  server.GrpcServerProtocolService (GrpcServerProtocolService.java:onCompleted(157)) - omNode-3: Completed INSTALL_SNAPSHOT, lastRequest: omNode-1->omNode-3#0-t1,notify:(t:1, i:387)
2024-09-17 10:41:27,936 [grpc-default-executor-0] INFO  server.GrpcServerProtocolService (GrpcServerProtocolService.java:lambda$onCompleted$5(159)) - omNode-3: Completed INSTALL_SNAPSHOT, lastReply: null
2024-09-17 10:41:27,937 [grpc-default-executor-1] INFO  server.GrpcLogAppender (GrpcLogAppender.java:onNext(649)) - omNode-1@group-523986131536->omNode-3-InstallSnapshotResponseHandler: received a reply omNode-1<-omNode-3#0:FAIL-t1,IN_PROGRESS,snapshotIndex=0
2024-09-17 10:41:27,937 [grpc-default-executor-1] INFO  server.GrpcLogAppender (GrpcLogAppender.java:onNext(665)) - omNode-1@group-523986131536->omNode-3-InstallSnapshotResponseHandler: InstallSnapshot in progress.
2024-09-17 10:41:27,944 [omNode-3-server-thread1] INFO  server.RaftServer$Division (RaftServerImpl.java:checkInconsistentAppendEntries(1629)) - omNode-3@group-523986131536: Failed appendEntries as snapshot (387) installation is in progress
2024-09-17 10:41:27,944 [omNode-3-server-thread1] INFO  server.RaftServer$Division (RaftServerImpl.java:appendEntriesAsync(1584)) - omNode-3@group-523986131536: appendEntries* reply omNode-1<-omNode-3#1825:FAIL-t1,INCONSISTENCY,nextIndex=0,followerCommit=-1,matchIndex=-1
2024-09-17 10:41:27,945 [grpc-default-executor-0] WARN  server.GrpcLogAppender (GrpcLogAppender.java:onNextImpl(519)) - omNode-1@group-523986131536->omNode-3-AppendLogResponseHandler: received INCONSISTENCY reply with nextIndex 0, errorCount=1, request=AppendEntriesRequest:cid=1825,entriesCount=0
2024-09-17 10:41:27,945 [omNode-1@group-523986131536->omNode-3-GrpcLogAppender-LogAppenderDaemon] INFO  server.GrpcLogAppender (GrpcLogAppender.java:notifyInstallSnapshot(790)) - omNode-1@group-523986131536->omNode-3-GrpcLogAppender: notifyInstallSnapshot with firstAvailable=(t:1, i:387), followerNextIndex=0
2024-09-17 10:41:27,945 [omNode-1@group-523986131536->omNode-3-GrpcLogAppender-LogAppenderDaemon] INFO  server.GrpcLogAppender (GrpcLogAppender.java:notifyInstallSnapshot(798)) - omNode-1@group-523986131536->omNode-3-GrpcLogAppender: send omNode-1->omNode-3#0-t1,notify:(t:1, i:387)
2024-09-17 10:41:27,946 [grpc-default-executor-1] INFO  impl.SnapshotInstallationHandler (SnapshotInstallationHandler.java:installSnapshot(92)) - omNode-3@group-523986131536: receive installSnapshot: omNode-1->omNode-3#0-t1,notify:(t:1, i:387)
2024-09-17 10:41:27,946 [grpc-default-executor-1] INFO  impl.SnapshotInstallationHandler (SnapshotInstallationHandler.java:installSnapshotImpl(138)) - omNode-3@group-523986131536: set new configuration configurationEntry {
  peers {
    id: "omNode-3"
    address: "localhost:15101"
    startupRole: FOLLOWER
  }
  peers {
    id: "omNode-1"
    address: "localhost:15093"
    startupRole: FOLLOWER
  }
  peers {
    id: "omNode-2"
    address: "localhost:15097"
    startupRole: FOLLOWER
  }
}
 from snapshot
2024-09-17 10:41:27,946 [grpc-default-executor-1] INFO  server.RaftServer$Division (ServerState.java:setRaftConf(386)) - omNode-3@group-523986131536: set configuration conf: {index: 0, cur=peers:[omNode-3|localhost:15101, omNode-1|localhost:15093, omNode-2|localhost:15097]|listeners:[], old=null}
2024-09-17 10:41:27,948 [grpc-default-executor-1] INFO  ratis.OzoneManagerStateMachine (OzoneManagerStateMachine.java:notifyConfigurationChanged(216)) - Received Configuration change notification from Ratis. New Peer list:
[id: "omNode-3"
address: "localhost:15101"
startupRole: FOLLOWER
, id: "omNode-1"
address: "localhost:15093"
startupRole: FOLLOWER
, id: "omNode-2"
address: "localhost:15097"
startupRole: FOLLOWER
]
2024-09-17 10:41:27,948 [grpc-default-executor-1] INFO  impl.SnapshotInstallationHandler (SnapshotInstallationHandler.java:installSnapshot(103)) - omNode-3@group-523986131536: reply installSnapshot: omNode-1<-omNode-3#0:FAIL-t1,IN_PROGRESS,snapshotIndex=0
2024-09-17 10:41:27,948 [grpc-default-executor-1] INFO  server.GrpcServerProtocolService (GrpcServerProtocolService.java:onCompleted(157)) - omNode-3: Completed INSTALL_SNAPSHOT, lastRequest: omNode-1->omNode-3#0-t1,notify:(t:1, i:387)
2024-09-17 10:41:27,948 [grpc-default-executor-1] INFO  server.GrpcServerProtocolService (GrpcServerProtocolService.java:lambda$onCompleted$5(159)) - omNode-3: Completed INSTALL_SNAPSHOT, lastReply: null
2024-09-17 10:41:27,949 [grpc-default-executor-1] INFO  server.GrpcLogAppender (GrpcLogAppender.java:onNext(649)) - omNode-1@group-523986131536->omNode-3-InstallSnapshotResponseHandler: received a reply omNode-1<-omNode-3#0:FAIL-t1,IN_PROGRESS,snapshotIndex=0
2024-09-17 10:41:27,949 [grpc-default-executor-1] INFO  server.GrpcLogAppender (GrpcLogAppender.java:onNext(665)) - omNode-1@group-523986131536->omNode-3-InstallSnapshotResponseHandler: InstallSnapshot in progress.
2024-09-17 10:41:27,956 [omNode-3-server-thread1] INFO  server.RaftServer$Division (RaftServerImpl.java:checkInconsistentAppendEntries(1629)) - omNode-3@group-523986131536: Failed appendEntries as snapshot (387) installation is in progress
2024-09-17 10:41:27,956 [omNode-3-server-thread1] INFO  server.RaftServer$Division (RaftServerImpl.java:appendEntriesAsync(1584)) - omNode-3@group-523986131536: appendEntries* reply omNode-1<-omNode-3#1826:FAIL-t1,INCONSISTENCY,nextIndex=0,followerCommit=-1,matchIndex=-1
2024-09-17 10:41:27,956 [grpc-default-executor-1] WARN  server.GrpcLogAppender (GrpcLogAppender.java:onNextImpl(519)) - omNode-1@group-523986131536->omNode-3-AppendLogResponseHandler: received INCONSISTENCY reply with nextIndex 0, errorCount=1, request=AppendEntriesRequest:cid=1826,entriesCount=0
2024-09-17 10:41:27,956 [omNode-1@group-523986131536->omNode-3-GrpcLogAppender-LogAppenderDaemon] INFO  server.GrpcLogAppender (GrpcLogAppender.java:notifyInstallSnapshot(790)) - omNode-1@group-523986131536->omNode-3-GrpcLogAppender: notifyInstallSnapshot with firstAvailable=(t:1, i:387), followerNextIndex=0
2024-09-17 10:41:27,957 [omNode-1@group-523986131536->omNode-3-GrpcLogAppender-LogAppenderDaemon] INFO  server.GrpcLogAppender (GrpcLogAppender.java:notifyInstallSnapshot(798)) - omNode-1@group-523986131536->omNode-3-GrpcLogAppender: send omNode-1->omNode-3#0-t1,notify:(t:1, i:387)
2024-09-17 10:41:27,957 [grpc-default-executor-0] INFO  impl.SnapshotInstallationHandler (SnapshotInstallationHandler.java:installSnapshot(92)) - omNode-3@group-523986131536: receive installSnapshot: omNode-1->omNode-3#0-t1,notify:(t:1, i:387)
2024-09-17 10:41:27,958 [grpc-default-executor-0] INFO  impl.SnapshotInstallationHandler (SnapshotInstallationHandler.java:installSnapshotImpl(138)) - omNode-3@group-523986131536: set new configuration configurationEntry {
  peers {
    id: "omNode-3"
    address: "localhost:15101"
    startupRole: FOLLOWER
  }
  peers {
    id: "omNode-1"
    address: "localhost:15093"
    startupRole: FOLLOWER
  }
  peers {
    id: "omNode-2"
    address: "localhost:15097"
    startupRole: FOLLOWER
  }
}
 from snapshot
2024-09-17 10:41:27,958 [grpc-default-executor-0] INFO  server.RaftServer$Division (ServerState.java:setRaftConf(386)) - omNode-3@group-523986131536: set configuration conf: {index: 0, cur=peers:[omNode-3|localhost:15101, omNode-1|localhost:15093, omNode-2|localhost:15097]|listeners:[], old=null}
2024-09-17 10:41:27,959 [grpc-default-executor-0] INFO  ratis.OzoneManagerStateMachine (OzoneManagerStateMachine.java:notifyConfigurationChanged(216)) - Received Configuration change notification from Ratis. New Peer list:
[id: "omNode-3"
address: "localhost:15101"
startupRole: FOLLOWER
, id: "omNode-1"
address: "localhost:15093"
startupRole: FOLLOWER
, id: "omNode-2"
address: "localhost:15097"
startupRole: FOLLOWER
]
2024-09-17 10:41:27,959 [grpc-default-executor-0] INFO  impl.SnapshotInstallationHandler (SnapshotInstallationHandler.java:installSnapshot(103)) - omNode-3@group-523986131536: reply installSnapshot: omNode-1<-omNode-3#0:FAIL-t1,IN_PROGRESS,snapshotIndex=0
2024-09-17 10:41:27,960 [grpc-default-executor-0] INFO  server.GrpcServerProtocolService (GrpcServerProtocolService.java:onCompleted(157)) - omNode-3: Completed INSTALL_SNAPSHOT, lastRequest: omNode-1->omNode-3#0-t1,notify:(t:1, i:387)
2024-09-17 10:41:27,960 [grpc-default-executor-0] INFO  server.GrpcServerProtocolService (GrpcServerProtocolService.java:lambda$onCompleted$5(159)) - omNode-3: Completed INSTALL_SNAPSHOT, lastReply: null
2024-09-17 10:41:27,960 [grpc-default-executor-1] INFO  server.GrpcLogAppender (GrpcLogAppender.java:onNext(649)) - omNode-1@group-523986131536->omNode-3-InstallSnapshotResponseHandler: received a reply omNode-1<-omNode-3#0:FAIL-t1,IN_PROGRESS,snapshotIndex=0
2024-09-17 10:41:27,960 [grpc-default-executor-1] INFO  server.GrpcLogAppender (GrpcLogAppender.java:onNext(665)) - omNode-1@group-523986131536->omNode-3-InstallSnapshotResponseHandler: InstallSnapshot in progress.
2024-09-17 10:41:27,967 [omNode-3-server-thread1] INFO  server.RaftServer$Division (RaftServerImpl.java:checkInconsistentAppendEntries(1629)) - omNode-3@group-523986131536: Failed appendEntries as snapshot (387) installation is in progress
2024-09-17 10:41:27,967 [omNode-3-server-thread1] INFO  server.RaftServer$Division (RaftServerImpl.java:appendEntriesAsync(1584)) - omNode-3@group-523986131536: appendEntries* reply omNode-1<-omNode-3#1827:FAIL-t1,INCONSISTENCY,nextIndex=0,followerCommit=-1,matchIndex=-1
2024-09-17 10:41:27,968 [grpc-default-executor-0] WARN  server.GrpcLogAppender (GrpcLogAppender.java:onNextImpl(519)) - omNode-1@group-523986131536->omNode-3-AppendLogResponseHandler: received INCONSISTENCY reply with nextIndex 0, errorCount=1, request=AppendEntriesRequest:cid=1827,entriesCount=0
2024-09-17 10:41:27,968 [omNode-1@group-523986131536->omNode-3-GrpcLogAppender-LogAppenderDaemon] INFO  server.GrpcLogAppender (GrpcLogAppender.java:notifyInstallSnapshot(790)) - omNode-1@group-523986131536->omNode-3-GrpcLogAppender: notifyInstallSnapshot with firstAvailable=(t:1, i:387), followerNextIndex=0
2024-09-17 10:41:27,968 [omNode-1@group-523986131536->omNode-3-GrpcLogAppender-LogAppenderDaemon] INFO  server.GrpcLogAppender (GrpcLogAppender.java:notifyInstallSnapshot(798)) - omNode-1@group-523986131536->omNode-3-GrpcLogAppender: send omNode-1->omNode-3#0-t1,notify:(t:1, i:387)
2024-09-17 10:41:27,969 [grpc-default-executor-0] INFO  impl.SnapshotInstallationHandler (SnapshotInstallationHandler.java:installSnapshot(92)) - omNode-3@group-523986131536: receive installSnapshot: omNode-1->omNode-3#0-t1,notify:(t:1, i:387)
2024-09-17 10:41:27,970 [grpc-default-executor-0] INFO  impl.SnapshotInstallationHandler (SnapshotInstallationHandler.java:installSnapshotImpl(138)) - omNode-3@group-523986131536: set new configuration configurationEntry {
  peers {
    id: "omNode-3"
    address: "localhost:15101"
    startupRole: FOLLOWER
  }
  peers {
    id: "omNode-1"
    address: "localhost:15093"
    startupRole: FOLLOWER
  }
  peers {
    id: "omNode-2"
    address: "localhost:15097"
    startupRole: FOLLOWER
  }
}
 from snapshot
2024-09-17 10:41:27,970 [grpc-default-executor-0] INFO  server.RaftServer$Division (ServerState.java:setRaftConf(386)) - omNode-3@group-523986131536: set configuration conf: {index: 0, cur=peers:[omNode-3|localhost:15101, omNode-1|localhost:15093, omNode-2|localhost:15097]|listeners:[], old=null}
2024-09-17 10:41:27,971 [grpc-default-executor-0] INFO  ratis.OzoneManagerStateMachine (OzoneManagerStateMachine.java:notifyConfigurationChanged(216)) - Received Configuration change notification from Ratis. New Peer list:
[id: "omNode-3"
address: "localhost:15101"
startupRole: FOLLOWER
, id: "omNode-1"
address: "localhost:15093"
startupRole: FOLLOWER
, id: "omNode-2"
address: "localhost:15097"
startupRole: FOLLOWER
]
2024-09-17 10:41:27,971 [grpc-default-executor-0] INFO  impl.SnapshotInstallationHandler (SnapshotInstallationHandler.java:installSnapshot(103)) - omNode-3@group-523986131536: reply installSnapshot: omNode-1<-omNode-3#0:FAIL-t1,IN_PROGRESS,snapshotIndex=0
2024-09-17 10:41:27,971 [grpc-default-executor-0] INFO  server.GrpcServerProtocolService (GrpcServerProtocolService.java:onCompleted(157)) - omNode-3: Completed INSTALL_SNAPSHOT, lastRequest: omNode-1->omNode-3#0-t1,notify:(t:1, i:387)
2024-09-17 10:41:27,971 [grpc-default-executor-0] INFO  server.GrpcServerProtocolService (GrpcServerProtocolService.java:lambda$onCompleted$5(159)) - omNode-3: Completed INSTALL_SNAPSHOT, lastReply: null
2024-09-17 10:41:27,972 [grpc-default-executor-1] INFO  server.GrpcLogAppender (GrpcLogAppender.java:onNext(649)) - omNode-1@group-523986131536->omNode-3-InstallSnapshotResponseHandler: received a reply omNode-1<-omNode-3#0:FAIL-t1,IN_PROGRESS,snapshotIndex=0
2024-09-17 10:41:27,972 [grpc-default-executor-1] INFO  server.GrpcLogAppender (GrpcLogAppender.java:onNext(665)) - omNode-1@group-523986131536->omNode-3-InstallSnapshotResponseHandler: InstallSnapshot in progress.
2024-09-17 10:41:27,981 [omNode-3-server-thread1] INFO  server.RaftServer$Division (RaftServerImpl.java:checkInconsistentAppendEntries(1629)) - omNode-3@group-523986131536: Failed appendEntries as snapshot (387) installation is in progress
2024-09-17 10:41:27,983 [omNode-3-server-thread1] INFO  server.RaftServer$Division (RaftServerImpl.java:appendEntriesAsync(1584)) - omNode-3@group-523986131536: appendEntries* reply omNode-1<-omNode-3#1828:FAIL-t1,INCONSISTENCY,nextIndex=0,followerCommit=-1,matchIndex=-1
2024-09-17 10:41:27,984 [grpc-default-executor-1] WARN  server.GrpcLogAppender (GrpcLogAppender.java:onNextImpl(519)) - omNode-1@group-523986131536->omNode-3-AppendLogResponseHandler: received INCONSISTENCY reply with nextIndex 0, errorCount=1, request=AppendEntriesRequest:cid=1828,entriesCount=0
2024-09-17 10:41:27,984 [omNode-1@group-523986131536->omNode-3-GrpcLogAppender-LogAppenderDaemon] INFO  server.GrpcLogAppender (GrpcLogAppender.java:notifyInstallSnapshot(790)) - omNode-1@group-523986131536->omNode-3-GrpcLogAppender: notifyInstallSnapshot with firstAvailable=(t:1, i:387), followerNextIndex=0
2024-09-17 10:41:27,984 [omNode-1@group-523986131536->omNode-3-GrpcLogAppender-LogAppenderDaemon] INFO  server.GrpcLogAppender (GrpcLogAppender.java:notifyInstallSnapshot(798)) - omNode-1@group-523986131536->omNode-3-GrpcLogAppender: send omNode-1->omNode-3#0-t1,notify:(t:1, i:387)
2024-09-17 10:41:27,985 [grpc-default-executor-1] INFO  impl.SnapshotInstallationHandler (SnapshotInstallationHandler.java:installSnapshot(92)) - omNode-3@group-523986131536: receive installSnapshot: omNode-1->omNode-3#0-t1,notify:(t:1, i:387)
2024-09-17 10:41:27,985 [grpc-default-executor-1] INFO  impl.SnapshotInstallationHandler (SnapshotInstallationHandler.java:installSnapshotImpl(138)) - omNode-3@group-523986131536: set new configuration configurationEntry {
  peers {
    id: "omNode-3"
    address: "localhost:15101"
    startupRole: FOLLOWER
  }
  peers {
    id: "omNode-1"
    address: "localhost:15093"
    startupRole: FOLLOWER
  }
  peers {
    id: "omNode-2"
    address: "localhost:15097"
    startupRole: FOLLOWER
  }
}
 from snapshot
2024-09-17 10:41:27,985 [grpc-default-executor-1] INFO  server.RaftServer$Division (ServerState.java:setRaftConf(386)) - omNode-3@group-523986131536: set configuration conf: {index: 0, cur=peers:[omNode-3|localhost:15101, omNode-1|localhost:15093, omNode-2|localhost:15097]|listeners:[], old=null}
2024-09-17 10:41:27,987 [grpc-default-executor-1] INFO  ratis.OzoneManagerStateMachine (OzoneManagerStateMachine.java:notifyConfigurationChanged(216)) - Received Configuration change notification from Ratis. New Peer list:
[id: "omNode-3"
address: "localhost:15101"
startupRole: FOLLOWER
, id: "omNode-1"
address: "localhost:15093"
startupRole: FOLLOWER
, id: "omNode-2"
address: "localhost:15097"
startupRole: FOLLOWER
]
2024-09-17 10:41:27,987 [grpc-default-executor-1] INFO  impl.SnapshotInstallationHandler (SnapshotInstallationHandler.java:installSnapshot(103)) - omNode-3@group-523986131536: reply installSnapshot: omNode-1<-omNode-3#0:FAIL-t1,IN_PROGRESS,snapshotIndex=0
2024-09-17 10:41:27,987 [grpc-default-executor-1] INFO  server.GrpcServerProtocolService (GrpcServerProtocolService.java:onCompleted(157)) - omNode-3: Completed INSTALL_SNAPSHOT, lastRequest: omNode-1->omNode-3#0-t1,notify:(t:1, i:387)
2024-09-17 10:41:27,987 [grpc-default-executor-1] INFO  server.GrpcServerProtocolService (GrpcServerProtocolService.java:lambda$onCompleted$5(159)) - omNode-3: Completed INSTALL_SNAPSHOT, lastReply: null
2024-09-17 10:41:27,988 [grpc-default-executor-0] INFO  server.GrpcLogAppender (GrpcLogAppender.java:onNext(649)) - omNode-1@group-523986131536->omNode-3-InstallSnapshotResponseHandler: received a reply omNode-1<-omNode-3#0:FAIL-t1,IN_PROGRESS,snapshotIndex=0
2024-09-17 10:41:27,988 [grpc-default-executor-0] INFO  server.GrpcLogAppender (GrpcLogAppender.java:onNext(665)) - omNode-1@group-523986131536->omNode-3-InstallSnapshotResponseHandler: InstallSnapshot in progress.
2024-09-17 10:41:28,017 [omNode-3-server-thread1] INFO  server.RaftServer$Division (RaftServerImpl.java:checkInconsistentAppendEntries(1629)) - omNode-3@group-523986131536: Failed appendEntries as snapshot (387) installation is in progress
2024-09-17 10:41:28,018 [omNode-3-server-thread1] INFO  server.RaftServer$Division (RaftServerImpl.java:appendEntriesAsync(1584)) - omNode-3@group-523986131536: appendEntries* reply omNode-1<-omNode-3#1829:FAIL-t1,INCONSISTENCY,nextIndex=0,followerCommit=-1,matchIndex=-1
2024-09-17 10:41:28,019 [grpc-default-executor-1] WARN  server.GrpcLogAppender (GrpcLogAppender.java:onNextImpl(519)) - omNode-1@group-523986131536->omNode-3-AppendLogResponseHandler: received INCONSISTENCY reply with nextIndex 0, errorCount=1, request=AppendEntriesRequest:cid=1829,entriesCount=0
2024-09-17 10:41:28,019 [omNode-1@group-523986131536->omNode-3-GrpcLogAppender-LogAppenderDaemon] INFO  server.GrpcLogAppender (GrpcLogAppender.java:notifyInstallSnapshot(790)) - omNode-1@group-523986131536->omNode-3-GrpcLogAppender: notifyInstallSnapshot with firstAvailable=(t:1, i:387), followerNextIndex=0
2024-09-17 10:41:28,020 [omNode-1@group-523986131536->omNode-3-GrpcLogAppender-LogAppenderDaemon] INFO  server.GrpcLogAppender (GrpcLogAppender.java:notifyInstallSnapshot(798)) - omNode-1@group-523986131536->omNode-3-GrpcLogAppender: send omNode-1->omNode-3#0-t1,notify:(t:1, i:387)
2024-09-17 10:41:28,020 [grpc-default-executor-1] INFO  impl.SnapshotInstallationHandler (SnapshotInstallationHandler.java:installSnapshot(92)) - omNode-3@group-523986131536: receive installSnapshot: omNode-1->omNode-3#0-t1,notify:(t:1, i:387)
2024-09-17 10:41:28,021 [grpc-default-executor-1] INFO  impl.SnapshotInstallationHandler (SnapshotInstallationHandler.java:installSnapshotImpl(138)) - omNode-3@group-523986131536: set new configuration configurationEntry {
  peers {
    id: "omNode-3"
    address: "localhost:15101"
    startupRole: FOLLOWER
  }
  peers {
    id: "omNode-1"
    address: "localhost:15093"
    startupRole: FOLLOWER
  }
  peers {
    id: "omNode-2"
    address: "localhost:15097"
    startupRole: FOLLOWER
  }
}
 from snapshot
2024-09-17 10:41:28,021 [grpc-default-executor-1] INFO  server.RaftServer$Division (ServerState.java:setRaftConf(386)) - omNode-3@group-523986131536: set configuration conf: {index: 0, cur=peers:[omNode-3|localhost:15101, omNode-1|localhost:15093, omNode-2|localhost:15097]|listeners:[], old=null}
2024-09-17 10:41:28,023 [grpc-default-executor-1] INFO  ratis.OzoneManagerStateMachine (OzoneManagerStateMachine.java:notifyConfigurationChanged(216)) - Received Configuration change notification from Ratis. New Peer list:
[id: "omNode-3"
address: "localhost:15101"
startupRole: FOLLOWER
, id: "omNode-1"
address: "localhost:15093"
startupRole: FOLLOWER
, id: "omNode-2"
address: "localhost:15097"
startupRole: FOLLOWER
]
2024-09-17 10:41:28,023 [grpc-default-executor-1] INFO  impl.SnapshotInstallationHandler (SnapshotInstallationHandler.java:installSnapshot(103)) - omNode-3@group-523986131536: reply installSnapshot: omNode-1<-omNode-3#0:FAIL-t1,IN_PROGRESS,snapshotIndex=0
2024-09-17 10:41:28,023 [grpc-default-executor-1] INFO  server.GrpcServerProtocolService (GrpcServerProtocolService.java:onCompleted(157)) - omNode-3: Completed INSTALL_SNAPSHOT, lastRequest: omNode-1->omNode-3#0-t1,notify:(t:1, i:387)
2024-09-17 10:41:28,023 [grpc-default-executor-1] INFO  server.GrpcServerProtocolService (GrpcServerProtocolService.java:lambda$onCompleted$5(159)) - omNode-3: Completed INSTALL_SNAPSHOT, lastReply: null
2024-09-17 10:41:28,024 [grpc-default-executor-0] INFO  server.GrpcLogAppender (GrpcLogAppender.java:onNext(649)) - omNode-1@group-523986131536->omNode-3-InstallSnapshotResponseHandler: received a reply omNode-1<-omNode-3#0:FAIL-t1,IN_PROGRESS,snapshotIndex=0
2024-09-17 10:41:28,024 [grpc-default-executor-0] INFO  server.GrpcLogAppender (GrpcLogAppender.java:onNext(665)) - omNode-1@group-523986131536->omNode-3-InstallSnapshotResponseHandler: InstallSnapshot in progress.
2024-09-17 10:41:28,031 [omNode-3-server-thread1] INFO  server.RaftServer$Division (RaftServerImpl.java:checkInconsistentAppendEntries(1629)) - omNode-3@group-523986131536: Failed appendEntries as snapshot (387) installation is in progress
2024-09-17 10:41:28,031 [omNode-3-server-thread1] INFO  server.RaftServer$Division (RaftServerImpl.java:appendEntriesAsync(1584)) - omNode-3@group-523986131536: appendEntries* reply omNode-1<-omNode-3#1830:FAIL-t1,INCONSISTENCY,nextIndex=0,followerCommit=-1,matchIndex=-1
2024-09-17 10:41:28,032 [grpc-default-executor-1] WARN  server.GrpcLogAppender (GrpcLogAppender.java:onNextImpl(519)) - omNode-1@group-523986131536->omNode-3-AppendLogResponseHandler: received INCONSISTENCY reply with nextIndex 0, errorCount=1, request=AppendEntriesRequest:cid=1830,entriesCount=0
2024-09-17 10:41:28,032 [omNode-1@group-523986131536->omNode-3-GrpcLogAppender-LogAppenderDaemon] INFO  server.GrpcLogAppender (GrpcLogAppender.java:notifyInstallSnapshot(790)) - omNode-1@group-523986131536->omNode-3-GrpcLogAppender: notifyInstallSnapshot with firstAvailable=(t:1, i:387), followerNextIndex=0
2024-09-17 10:41:28,032 [omNode-1@group-523986131536->omNode-3-GrpcLogAppender-LogAppenderDaemon] INFO  server.GrpcLogAppender (GrpcLogAppender.java:notifyInstallSnapshot(798)) - omNode-1@group-523986131536->omNode-3-GrpcLogAppender: send omNode-1->omNode-3#0-t1,notify:(t:1, i:387)
2024-09-17 10:41:28,033 [grpc-default-executor-1] INFO  impl.SnapshotInstallationHandler (SnapshotInstallationHandler.java:installSnapshot(92)) - omNode-3@group-523986131536: receive installSnapshot: omNode-1->omNode-3#0-t1,notify:(t:1, i:387)
2024-09-17 10:41:28,033 [grpc-default-executor-1] INFO  impl.SnapshotInstallationHandler (SnapshotInstallationHandler.java:installSnapshotImpl(138)) - omNode-3@group-523986131536: set new configuration configurationEntry {
  peers {
    id: "omNode-3"
    address: "localhost:15101"
    startupRole: FOLLOWER
  }
  peers {
    id: "omNode-1"
    address: "localhost:15093"
    startupRole: FOLLOWER
  }
  peers {
    id: "omNode-2"
    address: "localhost:15097"
    startupRole: FOLLOWER
  }
}
 from snapshot
2024-09-17 10:41:28,033 [grpc-default-executor-1] INFO  server.RaftServer$Division (ServerState.java:setRaftConf(386)) - omNode-3@group-523986131536: set configuration conf: {index: 0, cur=peers:[omNode-3|localhost:15101, omNode-1|localhost:15093, omNode-2|localhost:15097]|listeners:[], old=null}
2024-09-17 10:41:28,035 [grpc-default-executor-1] INFO  ratis.OzoneManagerStateMachine (OzoneManagerStateMachine.java:notifyConfigurationChanged(216)) - Received Configuration change notification from Ratis. New Peer list:
[id: "omNode-3"
address: "localhost:15101"
startupRole: FOLLOWER
, id: "omNode-1"
address: "localhost:15093"
startupRole: FOLLOWER
, id: "omNode-2"
address: "localhost:15097"
startupRole: FOLLOWER
]
2024-09-17 10:41:28,035 [grpc-default-executor-1] INFO  impl.SnapshotInstallationHandler (SnapshotInstallationHandler.java:installSnapshot(103)) - omNode-3@group-523986131536: reply installSnapshot: omNode-1<-omNode-3#0:FAIL-t1,IN_PROGRESS,snapshotIndex=0
2024-09-17 10:41:28,035 [grpc-default-executor-1] INFO  server.GrpcServerProtocolService (GrpcServerProtocolService.java:onCompleted(157)) - omNode-3: Completed INSTALL_SNAPSHOT, lastRequest: omNode-1->omNode-3#0-t1,notify:(t:1, i:387)
2024-09-17 10:41:28,035 [grpc-default-executor-1] INFO  server.GrpcServerProtocolService (GrpcServerProtocolService.java:lambda$onCompleted$5(159)) - omNode-3: Completed INSTALL_SNAPSHOT, lastReply: null
2024-09-17 10:41:28,036 [grpc-default-executor-1] INFO  server.GrpcLogAppender (GrpcLogAppender.java:onNext(649)) - omNode-1@group-523986131536->omNode-3-InstallSnapshotResponseHandler: received a reply omNode-1<-omNode-3#0:FAIL-t1,IN_PROGRESS,snapshotIndex=0
2024-09-17 10:41:28,036 [grpc-default-executor-1] INFO  server.GrpcLogAppender (GrpcLogAppender.java:onNext(665)) - omNode-1@group-523986131536->omNode-3-InstallSnapshotResponseHandler: InstallSnapshot in progress.
2024-09-17 10:41:28,043 [omNode-3-server-thread1] INFO  server.RaftServer$Division (RaftServerImpl.java:checkInconsistentAppendEntries(1629)) - omNode-3@group-523986131536: Failed appendEntries as snapshot (387) installation is in progress
2024-09-17 10:41:28,043 [omNode-3-server-thread1] INFO  server.RaftServer$Division (RaftServerImpl.java:appendEntriesAsync(1584)) - omNode-3@group-523986131536: appendEntries* reply omNode-1<-omNode-3#1831:FAIL-t1,INCONSISTENCY,nextIndex=0,followerCommit=-1,matchIndex=-1
2024-09-17 10:41:28,044 [grpc-default-executor-1] WARN  server.GrpcLogAppender (GrpcLogAppender.java:onNextImpl(519)) - omNode-1@group-523986131536->omNode-3-AppendLogResponseHandler: received INCONSISTENCY reply with nextIndex 0, errorCount=1, request=AppendEntriesRequest:cid=1831,entriesCount=0
2024-09-17 10:41:28,044 [omNode-1@group-523986131536->omNode-3-GrpcLogAppender-LogAppenderDaemon] INFO  server.GrpcLogAppender (GrpcLogAppender.java:notifyInstallSnapshot(790)) - omNode-1@group-523986131536->omNode-3-GrpcLogAppender: notifyInstallSnapshot with firstAvailable=(t:1, i:387), followerNextIndex=0
2024-09-17 10:41:28,044 [omNode-1@group-523986131536->omNode-3-GrpcLogAppender-LogAppenderDaemon] INFO  server.GrpcLogAppender (GrpcLogAppender.java:notifyInstallSnapshot(798)) - omNode-1@group-523986131536->omNode-3-GrpcLogAppender: send omNode-1->omNode-3#0-t1,notify:(t:1, i:387)
2024-09-17 10:41:28,045 [grpc-default-executor-0] INFO  impl.SnapshotInstallationHandler (SnapshotInstallationHandler.java:installSnapshot(92)) - omNode-3@group-523986131536: receive installSnapshot: omNode-1->omNode-3#0-t1,notify:(t:1, i:387)
2024-09-17 10:41:28,046 [grpc-default-executor-0] INFO  impl.SnapshotInstallationHandler (SnapshotInstallationHandler.java:installSnapshotImpl(138)) - omNode-3@group-523986131536: set new configuration configurationEntry {
  peers {
    id: "omNode-3"
    address: "localhost:15101"
    startupRole: FOLLOWER
  }
  peers {
    id: "omNode-1"
    address: "localhost:15093"
    startupRole: FOLLOWER
  }
  peers {
    id: "omNode-2"
    address: "localhost:15097"
    startupRole: FOLLOWER
  }
}
 from snapshot
2024-09-17 10:41:28,046 [grpc-default-executor-0] INFO  server.RaftServer$Division (ServerState.java:setRaftConf(386)) - omNode-3@group-523986131536: set configuration conf: {index: 0, cur=peers:[omNode-3|localhost:15101, omNode-1|localhost:15093, omNode-2|localhost:15097]|listeners:[], old=null}
2024-09-17 10:41:28,048 [grpc-default-executor-0] INFO  ratis.OzoneManagerStateMachine (OzoneManagerStateMachine.java:notifyConfigurationChanged(216)) - Received Configuration change notification from Ratis. New Peer list:
[id: "omNode-3"
address: "localhost:15101"
startupRole: FOLLOWER
, id: "omNode-1"
address: "localhost:15093"
startupRole: FOLLOWER
, id: "omNode-2"
address: "localhost:15097"
startupRole: FOLLOWER
]
2024-09-17 10:41:28,048 [grpc-default-executor-0] INFO  impl.SnapshotInstallationHandler (SnapshotInstallationHandler.java:installSnapshot(103)) - omNode-3@group-523986131536: reply installSnapshot: omNode-1<-omNode-3#0:FAIL-t1,IN_PROGRESS,snapshotIndex=0
2024-09-17 10:41:28,048 [grpc-default-executor-0] INFO  server.GrpcServerProtocolService (GrpcServerProtocolService.java:onCompleted(157)) - omNode-3: Completed INSTALL_SNAPSHOT, lastRequest: omNode-1->omNode-3#0-t1,notify:(t:1, i:387)
2024-09-17 10:41:28,048 [grpc-default-executor-0] INFO  server.GrpcServerProtocolService (GrpcServerProtocolService.java:lambda$onCompleted$5(159)) - omNode-3: Completed INSTALL_SNAPSHOT, lastReply: null
2024-09-17 10:41:28,049 [grpc-default-executor-1] INFO  server.GrpcLogAppender (GrpcLogAppender.java:onNext(649)) - omNode-1@group-523986131536->omNode-3-InstallSnapshotResponseHandler: received a reply omNode-1<-omNode-3#0:FAIL-t1,IN_PROGRESS,snapshotIndex=0
2024-09-17 10:41:28,049 [grpc-default-executor-1] INFO  server.GrpcLogAppender (GrpcLogAppender.java:onNext(665)) - omNode-1@group-523986131536->omNode-3-InstallSnapshotResponseHandler: InstallSnapshot in progress.
2024-09-17 10:41:28,055 [omNode-3-server-thread1] INFO  server.RaftServer$Division (RaftServerImpl.java:checkInconsistentAppendEntries(1629)) - omNode-3@group-523986131536: Failed appendEntries as snapshot (387) installation is in progress
2024-09-17 10:41:28,055 [omNode-3-server-thread1] INFO  server.RaftServer$Division (RaftServerImpl.java:appendEntriesAsync(1584)) - omNode-3@group-523986131536: appendEntries* reply omNode-1<-omNode-3#1832:FAIL-t1,INCONSISTENCY,nextIndex=0,followerCommit=-1,matchIndex=-1
2024-09-17 10:41:28,056 [grpc-default-executor-0] WARN  server.GrpcLogAppender (GrpcLogAppender.java:onNextImpl(519)) - omNode-1@group-523986131536->omNode-3-AppendLogResponseHandler: received INCONSISTENCY reply with nextIndex 0, errorCount=1, request=AppendEntriesRequest:cid=1832,entriesCount=0
2024-09-17 10:41:28,056 [omNode-1@group-523986131536->omNode-3-GrpcLogAppender-LogAppenderDaemon] INFO  server.GrpcLogAppender (GrpcLogAppender.java:notifyInstallSnapshot(790)) - omNode-1@group-523986131536->omNode-3-GrpcLogAppender: notifyInstallSnapshot with firstAvailable=(t:1, i:387), followerNextIndex=0
2024-09-17 10:41:28,056 [omNode-1@group-523986131536->omNode-3-GrpcLogAppender-LogAppenderDaemon] INFO  server.GrpcLogAppender (GrpcLogAppender.java:notifyInstallSnapshot(798)) - omNode-1@group-523986131536->omNode-3-GrpcLogAppender: send omNode-1->omNode-3#0-t1,notify:(t:1, i:387)
2024-09-17 10:41:28,057 [grpc-default-executor-0] INFO  impl.SnapshotInstallationHandler (SnapshotInstallationHandler.java:installSnapshot(92)) - omNode-3@group-523986131536: receive installSnapshot: omNode-1->omNode-3#0-t1,notify:(t:1, i:387)
2024-09-17 10:41:28,057 [grpc-default-executor-0] INFO  impl.SnapshotInstallationHandler (SnapshotInstallationHandler.java:installSnapshotImpl(138)) - omNode-3@group-523986131536: set new configuration configurationEntry {
  peers {
    id: "omNode-3"
    address: "localhost:15101"
    startupRole: FOLLOWER
  }
  peers {
    id: "omNode-1"
    address: "localhost:15093"
    startupRole: FOLLOWER
  }
  peers {
    id: "omNode-2"
    address: "localhost:15097"
    startupRole: FOLLOWER
  }
}
 from snapshot
2024-09-17 10:41:28,057 [grpc-default-executor-0] INFO  server.RaftServer$Division (ServerState.java:setRaftConf(386)) - omNode-3@group-523986131536: set configuration conf: {index: 0, cur=peers:[omNode-3|localhost:15101, omNode-1|localhost:15093, omNode-2|localhost:15097]|listeners:[], old=null}
2024-09-17 10:41:28,062 [grpc-default-executor-0] INFO  ratis.OzoneManagerStateMachine (OzoneManagerStateMachine.java:notifyConfigurationChanged(216)) - Received Configuration change notification from Ratis. New Peer list:
[id: "omNode-3"
address: "localhost:15101"
startupRole: FOLLOWER
, id: "omNode-1"
address: "localhost:15093"
startupRole: FOLLOWER
, id: "omNode-2"
address: "localhost:15097"
startupRole: FOLLOWER
]
2024-09-17 10:41:28,062 [grpc-default-executor-0] INFO  impl.SnapshotInstallationHandler (SnapshotInstallationHandler.java:installSnapshot(103)) - omNode-3@group-523986131536: reply installSnapshot: omNode-1<-omNode-3#0:FAIL-t1,IN_PROGRESS,snapshotIndex=0
2024-09-17 10:41:28,062 [grpc-default-executor-0] INFO  server.GrpcServerProtocolService (GrpcServerProtocolService.java:onCompleted(157)) - omNode-3: Completed INSTALL_SNAPSHOT, lastRequest: omNode-1->omNode-3#0-t1,notify:(t:1, i:387)
2024-09-17 10:41:28,062 [grpc-default-executor-0] INFO  server.GrpcServerProtocolService (GrpcServerProtocolService.java:lambda$onCompleted$5(159)) - omNode-3: Completed INSTALL_SNAPSHOT, lastReply: null
2024-09-17 10:41:28,063 [grpc-default-executor-1] INFO  server.GrpcLogAppender (GrpcLogAppender.java:onNext(649)) - omNode-1@group-523986131536->omNode-3-InstallSnapshotResponseHandler: received a reply omNode-1<-omNode-3#0:FAIL-t1,IN_PROGRESS,snapshotIndex=0
2024-09-17 10:41:28,063 [grpc-default-executor-1] INFO  server.GrpcLogAppender (GrpcLogAppender.java:onNext(665)) - omNode-1@group-523986131536->omNode-3-InstallSnapshotResponseHandler: InstallSnapshot in progress.
2024-09-17 10:41:28,067 [omNode-3-server-thread1] INFO  server.RaftServer$Division (RaftServerImpl.java:checkInconsistentAppendEntries(1629)) - omNode-3@group-523986131536: Failed appendEntries as snapshot (387) installation is in progress
2024-09-17 10:41:28,067 [omNode-3-server-thread1] INFO  server.RaftServer$Division (RaftServerImpl.java:appendEntriesAsync(1584)) - omNode-3@group-523986131536: appendEntries* reply omNode-1<-omNode-3#1833:FAIL-t1,INCONSISTENCY,nextIndex=0,followerCommit=-1,matchIndex=-1
2024-09-17 10:41:28,068 [grpc-default-executor-0] WARN  server.GrpcLogAppender (GrpcLogAppender.java:onNextImpl(519)) - omNode-1@group-523986131536->omNode-3-AppendLogResponseHandler: received INCONSISTENCY reply with nextIndex 0, errorCount=1, request=AppendEntriesRequest:cid=1833,entriesCount=0
2024-09-17 10:41:28,068 [omNode-1@group-523986131536->omNode-3-GrpcLogAppender-LogAppenderDaemon] INFO  server.GrpcLogAppender (GrpcLogAppender.java:notifyInstallSnapshot(790)) - omNode-1@group-523986131536->omNode-3-GrpcLogAppender: notifyInstallSnapshot with firstAvailable=(t:1, i:387), followerNextIndex=0
2024-09-17 10:41:28,068 [omNode-1@group-523986131536->omNode-3-GrpcLogAppender-LogAppenderDaemon] INFO  server.GrpcLogAppender (GrpcLogAppender.java:notifyInstallSnapshot(798)) - omNode-1@group-523986131536->omNode-3-GrpcLogAppender: send omNode-1->omNode-3#0-t1,notify:(t:1, i:387)
2024-09-17 10:41:28,070 [grpc-default-executor-0] INFO  impl.SnapshotInstallationHandler (SnapshotInstallationHandler.java:installSnapshot(92)) - omNode-3@group-523986131536: receive installSnapshot: omNode-1->omNode-3#0-t1,notify:(t:1, i:387)
2024-09-17 10:41:28,070 [grpc-default-executor-0] INFO  impl.SnapshotInstallationHandler (SnapshotInstallationHandler.java:installSnapshotImpl(138)) - omNode-3@group-523986131536: set new configuration configurationEntry {
  peers {
    id: "omNode-3"
    address: "localhost:15101"
    startupRole: FOLLOWER
  }
  peers {
    id: "omNode-1"
    address: "localhost:15093"
    startupRole: FOLLOWER
  }
  peers {
    id: "omNode-2"
    address: "localhost:15097"
    startupRole: FOLLOWER
  }
}
 from snapshot
2024-09-17 10:41:28,070 [grpc-default-executor-0] INFO  server.RaftServer$Division (ServerState.java:setRaftConf(386)) - omNode-3@group-523986131536: set configuration conf: {index: 0, cur=peers:[omNode-3|localhost:15101, omNode-1|localhost:15093, omNode-2|localhost:15097]|listeners:[], old=null}
2024-09-17 10:41:28,071 [grpc-default-executor-0] INFO  ratis.OzoneManagerStateMachine (OzoneManagerStateMachine.java:notifyConfigurationChanged(216)) - Received Configuration change notification from Ratis. New Peer list:
[id: "omNode-3"
address: "localhost:15101"
startupRole: FOLLOWER
, id: "omNode-1"
address: "localhost:15093"
startupRole: FOLLOWER
, id: "omNode-2"
address: "localhost:15097"
startupRole: FOLLOWER
]
2024-09-17 10:41:28,072 [grpc-default-executor-0] INFO  impl.SnapshotInstallationHandler (SnapshotInstallationHandler.java:installSnapshot(103)) - omNode-3@group-523986131536: reply installSnapshot: omNode-1<-omNode-3#0:FAIL-t1,IN_PROGRESS,snapshotIndex=0
2024-09-17 10:41:28,072 [grpc-default-executor-0] INFO  server.GrpcServerProtocolService (GrpcServerProtocolService.java:onCompleted(157)) - omNode-3: Completed INSTALL_SNAPSHOT, lastRequest: omNode-1->omNode-3#0-t1,notify:(t:1, i:387)
2024-09-17 10:41:28,072 [grpc-default-executor-0] INFO  server.GrpcServerProtocolService (GrpcServerProtocolService.java:lambda$onCompleted$5(159)) - omNode-3: Completed INSTALL_SNAPSHOT, lastReply: null
2024-09-17 10:41:28,072 [grpc-default-executor-1] INFO  server.GrpcLogAppender (GrpcLogAppender.java:onNext(649)) - omNode-1@group-523986131536->omNode-3-InstallSnapshotResponseHandler: received a reply omNode-1<-omNode-3#0:FAIL-t1,IN_PROGRESS,snapshotIndex=0
2024-09-17 10:41:28,072 [grpc-default-executor-1] INFO  server.GrpcLogAppender (GrpcLogAppender.java:onNext(665)) - omNode-1@group-523986131536->omNode-3-InstallSnapshotResponseHandler: InstallSnapshot in progress.
2024-09-17 10:41:28,081 [omNode-3-server-thread1] INFO  server.RaftServer$Division (RaftServerImpl.java:checkInconsistentAppendEntries(1629)) - omNode-3@group-523986131536: Failed appendEntries as snapshot (387) installation is in progress
2024-09-17 10:41:28,081 [omNode-3-server-thread1] INFO  server.RaftServer$Division (RaftServerImpl.java:appendEntriesAsync(1584)) - omNode-3@group-523986131536: appendEntries* reply omNode-1<-omNode-3#1834:FAIL-t1,INCONSISTENCY,nextIndex=0,followerCommit=-1,matchIndex=-1
2024-09-17 10:41:28,082 [grpc-default-executor-0] WARN  server.GrpcLogAppender (GrpcLogAppender.java:onNextImpl(519)) - omNode-1@group-523986131536->omNode-3-AppendLogResponseHandler: received INCONSISTENCY reply with nextIndex 0, errorCount=1, request=AppendEntriesRequest:cid=1834,entriesCount=0
2024-09-17 10:41:28,082 [omNode-1@group-523986131536->omNode-3-GrpcLogAppender-LogAppenderDaemon] INFO  server.GrpcLogAppender (GrpcLogAppender.java:notifyInstallSnapshot(790)) - omNode-1@group-523986131536->omNode-3-GrpcLogAppender: notifyInstallSnapshot with firstAvailable=(t:1, i:387), followerNextIndex=0
2024-09-17 10:41:28,082 [omNode-1@group-523986131536->omNode-3-GrpcLogAppender-LogAppenderDaemon] INFO  server.GrpcLogAppender (GrpcLogAppender.java:notifyInstallSnapshot(798)) - omNode-1@group-523986131536->omNode-3-GrpcLogAppender: send omNode-1->omNode-3#0-t1,notify:(t:1, i:387)
2024-09-17 10:41:28,083 [grpc-default-executor-1] INFO  impl.SnapshotInstallationHandler (SnapshotInstallationHandler.java:installSnapshot(92)) - omNode-3@group-523986131536: receive installSnapshot: omNode-1->omNode-3#0-t1,notify:(t:1, i:387)
2024-09-17 10:41:28,083 [grpc-default-executor-1] INFO  impl.SnapshotInstallationHandler (SnapshotInstallationHandler.java:installSnapshotImpl(138)) - omNode-3@group-523986131536: set new configuration configurationEntry {
  peers {
    id: "omNode-3"
    address: "localhost:15101"
    startupRole: FOLLOWER
  }
  peers {
    id: "omNode-1"
    address: "localhost:15093"
    startupRole: FOLLOWER
  }
  peers {
    id: "omNode-2"
    address: "localhost:15097"
    startupRole: FOLLOWER
  }
}
 from snapshot
2024-09-17 10:41:28,083 [grpc-default-executor-1] INFO  server.RaftServer$Division (ServerState.java:setRaftConf(386)) - omNode-3@group-523986131536: set configuration conf: {index: 0, cur=peers:[omNode-3|localhost:15101, omNode-1|localhost:15093, omNode-2|localhost:15097]|listeners:[], old=null}
2024-09-17 10:41:28,085 [grpc-default-executor-1] INFO  ratis.OzoneManagerStateMachine (OzoneManagerStateMachine.java:notifyConfigurationChanged(216)) - Received Configuration change notification from Ratis. New Peer list:
[id: "omNode-3"
address: "localhost:15101"
startupRole: FOLLOWER
, id: "omNode-1"
address: "localhost:15093"
startupRole: FOLLOWER
, id: "omNode-2"
address: "localhost:15097"
startupRole: FOLLOWER
]
2024-09-17 10:41:28,086 [grpc-default-executor-1] INFO  impl.SnapshotInstallationHandler (SnapshotInstallationHandler.java:installSnapshot(103)) - omNode-3@group-523986131536: reply installSnapshot: omNode-1<-omNode-3#0:FAIL-t1,IN_PROGRESS,snapshotIndex=0
2024-09-17 10:41:28,086 [grpc-default-executor-1] INFO  server.GrpcServerProtocolService (GrpcServerProtocolService.java:onCompleted(157)) - omNode-3: Completed INSTALL_SNAPSHOT, lastRequest: omNode-1->omNode-3#0-t1,notify:(t:1, i:387)
2024-09-17 10:41:28,086 [grpc-default-executor-1] INFO  server.GrpcServerProtocolService (GrpcServerProtocolService.java:lambda$onCompleted$5(159)) - omNode-3: Completed INSTALL_SNAPSHOT, lastReply: null
2024-09-17 10:41:28,086 [grpc-default-executor-0] INFO  server.GrpcLogAppender (GrpcLogAppender.java:onNext(649)) - omNode-1@group-523986131536->omNode-3-InstallSnapshotResponseHandler: received a reply omNode-1<-omNode-3#0:FAIL-t1,IN_PROGRESS,snapshotIndex=0
2024-09-17 10:41:28,086 [grpc-default-executor-0] INFO  server.GrpcLogAppender (GrpcLogAppender.java:onNext(665)) - omNode-1@group-523986131536->omNode-3-InstallSnapshotResponseHandler: InstallSnapshot in progress.
2024-09-17 10:41:28,093 [omNode-3-server-thread1] INFO  server.RaftServer$Division (RaftServerImpl.java:checkInconsistentAppendEntries(1629)) - omNode-3@group-523986131536: Failed appendEntries as snapshot (387) installation is in progress
2024-09-17 10:41:28,093 [omNode-3-server-thread1] INFO  server.RaftServer$Division (RaftServerImpl.java:appendEntriesAsync(1584)) - omNode-3@group-523986131536: appendEntries* reply omNode-1<-omNode-3#1835:FAIL-t1,INCONSISTENCY,nextIndex=0,followerCommit=-1,matchIndex=-1
2024-09-17 10:41:28,093 [grpc-default-executor-1] WARN  server.GrpcLogAppender (GrpcLogAppender.java:onNextImpl(519)) - omNode-1@group-523986131536->omNode-3-AppendLogResponseHandler: received INCONSISTENCY reply with nextIndex 0, errorCount=1, request=AppendEntriesRequest:cid=1835,entriesCount=0
2024-09-17 10:41:28,094 [omNode-1@group-523986131536->omNode-3-GrpcLogAppender-LogAppenderDaemon] INFO  server.GrpcLogAppender (GrpcLogAppender.java:notifyInstallSnapshot(790)) - omNode-1@group-523986131536->omNode-3-GrpcLogAppender: notifyInstallSnapshot with firstAvailable=(t:1, i:387), followerNextIndex=0
2024-09-17 10:41:28,094 [omNode-1@group-523986131536->omNode-3-GrpcLogAppender-LogAppenderDaemon] INFO  server.GrpcLogAppender (GrpcLogAppender.java:notifyInstallSnapshot(798)) - omNode-1@group-523986131536->omNode-3-GrpcLogAppender: send omNode-1->omNode-3#0-t1,notify:(t:1, i:387)
2024-09-17 10:41:28,095 [grpc-default-executor-0] INFO  impl.SnapshotInstallationHandler (SnapshotInstallationHandler.java:installSnapshot(92)) - omNode-3@group-523986131536: receive installSnapshot: omNode-1->omNode-3#0-t1,notify:(t:1, i:387)
2024-09-17 10:41:28,095 [grpc-default-executor-0] INFO  impl.SnapshotInstallationHandler (SnapshotInstallationHandler.java:installSnapshotImpl(138)) - omNode-3@group-523986131536: set new configuration configurationEntry {
  peers {
    id: "omNode-3"
    address: "localhost:15101"
    startupRole: FOLLOWER
  }
  peers {
    id: "omNode-1"
    address: "localhost:15093"
    startupRole: FOLLOWER
  }
  peers {
    id: "omNode-2"
    address: "localhost:15097"
    startupRole: FOLLOWER
  }
}
 from snapshot
2024-09-17 10:41:28,095 [grpc-default-executor-0] INFO  server.RaftServer$Division (ServerState.java:setRaftConf(386)) - omNode-3@group-523986131536: set configuration conf: {index: 0, cur=peers:[omNode-3|localhost:15101, omNode-1|localhost:15093, omNode-2|localhost:15097]|listeners:[], old=null}
2024-09-17 10:41:28,096 [grpc-default-executor-0] INFO  ratis.OzoneManagerStateMachine (OzoneManagerStateMachine.java:notifyConfigurationChanged(216)) - Received Configuration change notification from Ratis. New Peer list:
[id: "omNode-3"
address: "localhost:15101"
startupRole: FOLLOWER
, id: "omNode-1"
address: "localhost:15093"
startupRole: FOLLOWER
, id: "omNode-2"
address: "localhost:15097"
startupRole: FOLLOWER
]
2024-09-17 10:41:28,096 [grpc-default-executor-0] INFO  impl.SnapshotInstallationHandler (SnapshotInstallationHandler.java:installSnapshot(103)) - omNode-3@group-523986131536: reply installSnapshot: omNode-1<-omNode-3#0:FAIL-t1,IN_PROGRESS,snapshotIndex=0
2024-09-17 10:41:28,097 [grpc-default-executor-0] INFO  server.GrpcServerProtocolService (GrpcServerProtocolService.java:onCompleted(157)) - omNode-3: Completed INSTALL_SNAPSHOT, lastRequest: omNode-1->omNode-3#0-t1,notify:(t:1, i:387)
2024-09-17 10:41:28,097 [grpc-default-executor-0] INFO  server.GrpcServerProtocolService (GrpcServerProtocolService.java:lambda$onCompleted$5(159)) - omNode-3: Completed INSTALL_SNAPSHOT, lastReply: null
2024-09-17 10:41:28,097 [grpc-default-executor-1] INFO  server.GrpcLogAppender (GrpcLogAppender.java:onNext(649)) - omNode-1@group-523986131536->omNode-3-InstallSnapshotResponseHandler: received a reply omNode-1<-omNode-3#0:FAIL-t1,IN_PROGRESS,snapshotIndex=0
2024-09-17 10:41:28,097 [grpc-default-executor-1] INFO  server.GrpcLogAppender (GrpcLogAppender.java:onNext(665)) - omNode-1@group-523986131536->omNode-3-InstallSnapshotResponseHandler: InstallSnapshot in progress.
2024-09-17 10:41:28,105 [omNode-3-server-thread1] INFO  server.RaftServer$Division (RaftServerImpl.java:checkInconsistentAppendEntries(1629)) - omNode-3@group-523986131536: Failed appendEntries as snapshot (387) installation is in progress
2024-09-17 10:41:28,105 [omNode-3-server-thread1] INFO  server.RaftServer$Division (RaftServerImpl.java:appendEntriesAsync(1584)) - omNode-3@group-523986131536: appendEntries* reply omNode-1<-omNode-3#1836:FAIL-t1,INCONSISTENCY,nextIndex=0,followerCommit=-1,matchIndex=-1
2024-09-17 10:41:28,105 [grpc-default-executor-1] WARN  server.GrpcLogAppender (GrpcLogAppender.java:onNextImpl(519)) - omNode-1@group-523986131536->omNode-3-AppendLogResponseHandler: received INCONSISTENCY reply with nextIndex 0, errorCount=1, request=AppendEntriesRequest:cid=1836,entriesCount=0
2024-09-17 10:41:28,106 [omNode-1@group-523986131536->omNode-3-GrpcLogAppender-LogAppenderDaemon] INFO  server.GrpcLogAppender (GrpcLogAppender.java:notifyInstallSnapshot(790)) - omNode-1@group-523986131536->omNode-3-GrpcLogAppender: notifyInstallSnapshot with firstAvailable=(t:1, i:387), followerNextIndex=0
2024-09-17 10:41:28,106 [omNode-1@group-523986131536->omNode-3-GrpcLogAppender-LogAppenderDaemon] INFO  server.GrpcLogAppender (GrpcLogAppender.java:notifyInstallSnapshot(798)) - omNode-1@group-523986131536->omNode-3-GrpcLogAppender: send omNode-1->omNode-3#0-t1,notify:(t:1, i:387)
2024-09-17 10:41:28,107 [grpc-default-executor-1] INFO  impl.SnapshotInstallationHandler (SnapshotInstallationHandler.java:installSnapshot(92)) - omNode-3@group-523986131536: receive installSnapshot: omNode-1->omNode-3#0-t1,notify:(t:1, i:387)
2024-09-17 10:41:28,107 [grpc-default-executor-1] INFO  impl.SnapshotInstallationHandler (SnapshotInstallationHandler.java:installSnapshotImpl(138)) - omNode-3@group-523986131536: set new configuration configurationEntry {
  peers {
    id: "omNode-3"
    address: "localhost:15101"
    startupRole: FOLLOWER
  }
  peers {
    id: "omNode-1"
    address: "localhost:15093"
    startupRole: FOLLOWER
  }
  peers {
    id: "omNode-2"
    address: "localhost:15097"
    startupRole: FOLLOWER
  }
}
 from snapshot
2024-09-17 10:41:28,107 [grpc-default-executor-1] INFO  server.RaftServer$Division (ServerState.java:setRaftConf(386)) - omNode-3@group-523986131536: set configuration conf: {index: 0, cur=peers:[omNode-3|localhost:15101, omNode-1|localhost:15093, omNode-2|localhost:15097]|listeners:[], old=null}
2024-09-17 10:41:28,108 [grpc-default-executor-1] INFO  ratis.OzoneManagerStateMachine (OzoneManagerStateMachine.java:notifyConfigurationChanged(216)) - Received Configuration change notification from Ratis. New Peer list:
[id: "omNode-3"
address: "localhost:15101"
startupRole: FOLLOWER
, id: "omNode-1"
address: "localhost:15093"
startupRole: FOLLOWER
, id: "omNode-2"
address: "localhost:15097"
startupRole: FOLLOWER
]
2024-09-17 10:41:28,108 [grpc-default-executor-1] INFO  impl.SnapshotInstallationHandler (SnapshotInstallationHandler.java:installSnapshot(103)) - omNode-3@group-523986131536: reply installSnapshot: omNode-1<-omNode-3#0:FAIL-t1,IN_PROGRESS,snapshotIndex=0
2024-09-17 10:41:28,109 [grpc-default-executor-1] INFO  server.GrpcServerProtocolService (GrpcServerProtocolService.java:onCompleted(157)) - omNode-3: Completed INSTALL_SNAPSHOT, lastRequest: omNode-1->omNode-3#0-t1,notify:(t:1, i:387)
2024-09-17 10:41:28,109 [grpc-default-executor-1] INFO  server.GrpcServerProtocolService (GrpcServerProtocolService.java:lambda$onCompleted$5(159)) - omNode-3: Completed INSTALL_SNAPSHOT, lastReply: null
2024-09-17 10:41:28,109 [grpc-default-executor-1] INFO  server.GrpcLogAppender (GrpcLogAppender.java:onNext(649)) - omNode-1@group-523986131536->omNode-3-InstallSnapshotResponseHandler: received a reply omNode-1<-omNode-3#0:FAIL-t1,IN_PROGRESS,snapshotIndex=0
2024-09-17 10:41:28,109 [grpc-default-executor-1] INFO  server.GrpcLogAppender (GrpcLogAppender.java:onNext(665)) - omNode-1@group-523986131536->omNode-3-InstallSnapshotResponseHandler: InstallSnapshot in progress.
2024-09-17 10:41:28,116 [omNode-3-server-thread1] INFO  server.RaftServer$Division (RaftServerImpl.java:checkInconsistentAppendEntries(1629)) - omNode-3@group-523986131536: Failed appendEntries as snapshot (387) installation is in progress
2024-09-17 10:41:28,117 [omNode-3-server-thread1] INFO  server.RaftServer$Division (RaftServerImpl.java:appendEntriesAsync(1584)) - omNode-3@group-523986131536: appendEntries* reply omNode-1<-omNode-3#1837:FAIL-t1,INCONSISTENCY,nextIndex=0,followerCommit=-1,matchIndex=-1
2024-09-17 10:41:28,117 [grpc-default-executor-1] WARN  server.GrpcLogAppender (GrpcLogAppender.java:onNextImpl(519)) - omNode-1@group-523986131536->omNode-3-AppendLogResponseHandler: received INCONSISTENCY reply with nextIndex 0, errorCount=1, request=AppendEntriesRequest:cid=1837,entriesCount=0
2024-09-17 10:41:28,117 [omNode-1@group-523986131536->omNode-3-GrpcLogAppender-LogAppenderDaemon] INFO  server.GrpcLogAppender (GrpcLogAppender.java:notifyInstallSnapshot(790)) - omNode-1@group-523986131536->omNode-3-GrpcLogAppender: notifyInstallSnapshot with firstAvailable=(t:1, i:387), followerNextIndex=0
2024-09-17 10:41:28,117 [omNode-1@group-523986131536->omNode-3-GrpcLogAppender-LogAppenderDaemon] INFO  server.GrpcLogAppender (GrpcLogAppender.java:notifyInstallSnapshot(798)) - omNode-1@group-523986131536->omNode-3-GrpcLogAppender: send omNode-1->omNode-3#0-t1,notify:(t:1, i:387)
2024-09-17 10:41:28,118 [grpc-default-executor-0] INFO  impl.SnapshotInstallationHandler (SnapshotInstallationHandler.java:installSnapshot(92)) - omNode-3@group-523986131536: receive installSnapshot: omNode-1->omNode-3#0-t1,notify:(t:1, i:387)
2024-09-17 10:41:28,118 [grpc-default-executor-0] INFO  impl.SnapshotInstallationHandler (SnapshotInstallationHandler.java:installSnapshotImpl(138)) - omNode-3@group-523986131536: set new configuration configurationEntry {
  peers {
    id: "omNode-3"
    address: "localhost:15101"
    startupRole: FOLLOWER
  }
  peers {
    id: "omNode-1"
    address: "localhost:15093"
    startupRole: FOLLOWER
  }
  peers {
    id: "omNode-2"
    address: "localhost:15097"
    startupRole: FOLLOWER
  }
}
 from snapshot
2024-09-17 10:41:28,118 [grpc-default-executor-0] INFO  server.RaftServer$Division (ServerState.java:setRaftConf(386)) - omNode-3@group-523986131536: set configuration conf: {index: 0, cur=peers:[omNode-3|localhost:15101, omNode-1|localhost:15093, omNode-2|localhost:15097]|listeners:[], old=null}
2024-09-17 10:41:28,120 [grpc-default-executor-0] INFO  ratis.OzoneManagerStateMachine (OzoneManagerStateMachine.java:notifyConfigurationChanged(216)) - Received Configuration change notification from Ratis. New Peer list:
[id: "omNode-3"
address: "localhost:15101"
startupRole: FOLLOWER
, id: "omNode-1"
address: "localhost:15093"
startupRole: FOLLOWER
, id: "omNode-2"
address: "localhost:15097"
startupRole: FOLLOWER
]
2024-09-17 10:41:28,120 [grpc-default-executor-0] INFO  impl.SnapshotInstallationHandler (SnapshotInstallationHandler.java:installSnapshot(103)) - omNode-3@group-523986131536: reply installSnapshot: omNode-1<-omNode-3#0:FAIL-t1,IN_PROGRESS,snapshotIndex=0
2024-09-17 10:41:28,120 [grpc-default-executor-0] INFO  server.GrpcServerProtocolService (GrpcServerProtocolService.java:onCompleted(157)) - omNode-3: Completed INSTALL_SNAPSHOT, lastRequest: omNode-1->omNode-3#0-t1,notify:(t:1, i:387)
2024-09-17 10:41:28,120 [grpc-default-executor-0] INFO  server.GrpcServerProtocolService (GrpcServerProtocolService.java:lambda$onCompleted$5(159)) - omNode-3: Completed INSTALL_SNAPSHOT, lastReply: null
2024-09-17 10:41:28,121 [grpc-default-executor-1] INFO  server.GrpcLogAppender (GrpcLogAppender.java:onNext(649)) - omNode-1@group-523986131536->omNode-3-InstallSnapshotResponseHandler: received a reply omNode-1<-omNode-3#0:FAIL-t1,IN_PROGRESS,snapshotIndex=0
2024-09-17 10:41:28,121 [grpc-default-executor-1] INFO  server.GrpcLogAppender (GrpcLogAppender.java:onNext(665)) - omNode-1@group-523986131536->omNode-3-InstallSnapshotResponseHandler: InstallSnapshot in progress.
2024-09-17 10:41:28,123 [omNode-3-SstFilteringService#0] WARN  server.ServerUtils (ServerUtils.java:getDBPath(299)) - ozone.om.db.dirs is not configured. We recommend adding this setting. Falling back to ozone.metadata.dirs instead.
2024-09-17 10:41:28,124 [omNode-3-SstFilteringService#0] WARN  server.ServerUtils (ServerUtils.java:getDBPath(299)) - ozone.om.db.dirs is not configured. We recommend adding this setting. Falling back to ozone.metadata.dirs instead.
2024-09-17 10:41:28,124 [omNode-3-SstFilteringService#0] INFO  snapshot.SnapshotCache (SnapshotCache.java:lambda$2(156)) - Loading SnapshotId: '33f4f388-8296-420b-9659-ce62d722d839'
2024-09-17 10:41:28,124 [omNode-3-SstFilteringService#0] WARN  server.ServerUtils (ServerUtils.java:getDBPath(299)) - ozone.om.db.dirs is not configured. We recommend adding this setting. Falling back to ozone.metadata.dirs instead.
2024-09-17 10:41:28,125 [omNode-3-SstFilteringService#0] INFO  helpers.OmKeyInfo (OmKeyInfo.java:getCodec(72)) - OmKeyInfo.getCodec ignorePipeline = true
2024-09-17 10:41:28,128 [omNode-3-server-thread1] INFO  server.RaftServer$Division (RaftServerImpl.java:checkInconsistentAppendEntries(1629)) - omNode-3@group-523986131536: Failed appendEntries as snapshot (387) installation is in progress
2024-09-17 10:41:28,128 [omNode-3-server-thread1] INFO  server.RaftServer$Division (RaftServerImpl.java:appendEntriesAsync(1584)) - omNode-3@group-523986131536: appendEntries* reply omNode-1<-omNode-3#1838:FAIL-t1,INCONSISTENCY,nextIndex=0,followerCommit=-1,matchIndex=-1
2024-09-17 10:41:28,128 [grpc-default-executor-0] WARN  server.GrpcLogAppender (GrpcLogAppender.java:onNextImpl(519)) - omNode-1@group-523986131536->omNode-3-AppendLogResponseHandler: received INCONSISTENCY reply with nextIndex 0, errorCount=1, request=AppendEntriesRequest:cid=1838,entriesCount=0
2024-09-17 10:41:28,128 [omNode-1@group-523986131536->omNode-3-GrpcLogAppender-LogAppenderDaemon] INFO  server.GrpcLogAppender (GrpcLogAppender.java:notifyInstallSnapshot(790)) - omNode-1@group-523986131536->omNode-3-GrpcLogAppender: notifyInstallSnapshot with firstAvailable=(t:1, i:387), followerNextIndex=0
2024-09-17 10:41:28,129 [omNode-1@group-523986131536->omNode-3-GrpcLogAppender-LogAppenderDaemon] INFO  server.GrpcLogAppender (GrpcLogAppender.java:notifyInstallSnapshot(798)) - omNode-1@group-523986131536->omNode-3-GrpcLogAppender: send omNode-1->omNode-3#0-t1,notify:(t:1, i:387)
2024-09-17 10:41:28,129 [grpc-default-executor-1] INFO  impl.SnapshotInstallationHandler (SnapshotInstallationHandler.java:installSnapshot(92)) - omNode-3@group-523986131536: receive installSnapshot: omNode-1->omNode-3#0-t1,notify:(t:1, i:387)
2024-09-17 10:41:28,129 [grpc-default-executor-1] INFO  impl.SnapshotInstallationHandler (SnapshotInstallationHandler.java:installSnapshotImpl(138)) - omNode-3@group-523986131536: set new configuration configurationEntry {
  peers {
    id: "omNode-3"
    address: "localhost:15101"
    startupRole: FOLLOWER
  }
  peers {
    id: "omNode-1"
    address: "localhost:15093"
    startupRole: FOLLOWER
  }
  peers {
    id: "omNode-2"
    address: "localhost:15097"
    startupRole: FOLLOWER
  }
}
 from snapshot
2024-09-17 10:41:28,130 [grpc-default-executor-1] INFO  server.RaftServer$Division (ServerState.java:setRaftConf(386)) - omNode-3@group-523986131536: set configuration conf: {index: 0, cur=peers:[omNode-3|localhost:15101, omNode-1|localhost:15093, omNode-2|localhost:15097]|listeners:[], old=null}
2024-09-17 10:41:28,131 [grpc-default-executor-1] INFO  ratis.OzoneManagerStateMachine (OzoneManagerStateMachine.java:notifyConfigurationChanged(216)) - Received Configuration change notification from Ratis. New Peer list:
[id: "omNode-3"
address: "localhost:15101"
startupRole: FOLLOWER
, id: "omNode-1"
address: "localhost:15093"
startupRole: FOLLOWER
, id: "omNode-2"
address: "localhost:15097"
startupRole: FOLLOWER
]
2024-09-17 10:41:28,131 [grpc-default-executor-1] INFO  impl.SnapshotInstallationHandler (SnapshotInstallationHandler.java:installSnapshot(103)) - omNode-3@group-523986131536: reply installSnapshot: omNode-1<-omNode-3#0:FAIL-t1,IN_PROGRESS,snapshotIndex=0
2024-09-17 10:41:28,131 [grpc-default-executor-1] INFO  server.GrpcServerProtocolService (GrpcServerProtocolService.java:onCompleted(157)) - omNode-3: Completed INSTALL_SNAPSHOT, lastRequest: omNode-1->omNode-3#0-t1,notify:(t:1, i:387)
2024-09-17 10:41:28,131 [grpc-default-executor-1] INFO  server.GrpcServerProtocolService (GrpcServerProtocolService.java:lambda$onCompleted$5(159)) - omNode-3: Completed INSTALL_SNAPSHOT, lastReply: null
2024-09-17 10:41:28,132 [grpc-default-executor-0] INFO  server.GrpcLogAppender (GrpcLogAppender.java:onNext(649)) - omNode-1@group-523986131536->omNode-3-InstallSnapshotResponseHandler: received a reply omNode-1<-omNode-3#0:FAIL-t1,IN_PROGRESS,snapshotIndex=0
2024-09-17 10:41:28,132 [grpc-default-executor-0] INFO  server.GrpcLogAppender (GrpcLogAppender.java:onNext(665)) - omNode-1@group-523986131536->omNode-3-InstallSnapshotResponseHandler: InstallSnapshot in progress.
2024-09-17 10:41:28,139 [omNode-3-server-thread1] INFO  server.RaftServer$Division (RaftServerImpl.java:checkInconsistentAppendEntries(1629)) - omNode-3@group-523986131536: Failed appendEntries as snapshot (387) installation is in progress
2024-09-17 10:41:28,139 [omNode-3-server-thread1] INFO  server.RaftServer$Division (RaftServerImpl.java:appendEntriesAsync(1584)) - omNode-3@group-523986131536: appendEntries* reply omNode-1<-omNode-3#1839:FAIL-t1,INCONSISTENCY,nextIndex=0,followerCommit=-1,matchIndex=-1
2024-09-17 10:41:28,140 [grpc-default-executor-0] WARN  server.GrpcLogAppender (GrpcLogAppender.java:onNextImpl(519)) - omNode-1@group-523986131536->omNode-3-AppendLogResponseHandler: received INCONSISTENCY reply with nextIndex 0, errorCount=1, request=AppendEntriesRequest:cid=1839,entriesCount=0
2024-09-17 10:41:28,140 [omNode-1@group-523986131536->omNode-3-GrpcLogAppender-LogAppenderDaemon] INFO  server.GrpcLogAppender (GrpcLogAppender.java:notifyInstallSnapshot(790)) - omNode-1@group-523986131536->omNode-3-GrpcLogAppender: notifyInstallSnapshot with firstAvailable=(t:1, i:387), followerNextIndex=0
2024-09-17 10:41:28,140 [omNode-1@group-523986131536->omNode-3-GrpcLogAppender-LogAppenderDaemon] INFO  server.GrpcLogAppender (GrpcLogAppender.java:notifyInstallSnapshot(798)) - omNode-1@group-523986131536->omNode-3-GrpcLogAppender: send omNode-1->omNode-3#0-t1,notify:(t:1, i:387)
2024-09-17 10:41:28,140 [grpc-default-executor-1] INFO  impl.SnapshotInstallationHandler (SnapshotInstallationHandler.java:installSnapshot(92)) - omNode-3@group-523986131536: receive installSnapshot: omNode-1->omNode-3#0-t1,notify:(t:1, i:387)
2024-09-17 10:41:28,141 [grpc-default-executor-1] INFO  impl.SnapshotInstallationHandler (SnapshotInstallationHandler.java:installSnapshotImpl(138)) - omNode-3@group-523986131536: set new configuration configurationEntry {
  peers {
    id: "omNode-3"
    address: "localhost:15101"
    startupRole: FOLLOWER
  }
  peers {
    id: "omNode-1"
    address: "localhost:15093"
    startupRole: FOLLOWER
  }
  peers {
    id: "omNode-2"
    address: "localhost:15097"
    startupRole: FOLLOWER
  }
}
 from snapshot
2024-09-17 10:41:28,141 [grpc-default-executor-1] INFO  server.RaftServer$Division (ServerState.java:setRaftConf(386)) - omNode-3@group-523986131536: set configuration conf: {index: 0, cur=peers:[omNode-3|localhost:15101, omNode-1|localhost:15093, omNode-2|localhost:15097]|listeners:[], old=null}
2024-09-17 10:41:28,142 [grpc-default-executor-1] INFO  ratis.OzoneManagerStateMachine (OzoneManagerStateMachine.java:notifyConfigurationChanged(216)) - Received Configuration change notification from Ratis. New Peer list:
[id: "omNode-3"
address: "localhost:15101"
startupRole: FOLLOWER
, id: "omNode-1"
address: "localhost:15093"
startupRole: FOLLOWER
, id: "omNode-2"
address: "localhost:15097"
startupRole: FOLLOWER
]
2024-09-17 10:41:28,142 [grpc-default-executor-1] INFO  impl.SnapshotInstallationHandler (SnapshotInstallationHandler.java:installSnapshot(103)) - omNode-3@group-523986131536: reply installSnapshot: omNode-1<-omNode-3#0:FAIL-t1,IN_PROGRESS,snapshotIndex=0
2024-09-17 10:41:28,142 [grpc-default-executor-1] INFO  server.GrpcServerProtocolService (GrpcServerProtocolService.java:onCompleted(157)) - omNode-3: Completed INSTALL_SNAPSHOT, lastRequest: omNode-1->omNode-3#0-t1,notify:(t:1, i:387)
2024-09-17 10:41:28,142 [grpc-default-executor-1] INFO  server.GrpcServerProtocolService (GrpcServerProtocolService.java:lambda$onCompleted$5(159)) - omNode-3: Completed INSTALL_SNAPSHOT, lastReply: null
2024-09-17 10:41:28,145 [grpc-default-executor-1] INFO  server.GrpcLogAppender (GrpcLogAppender.java:onNext(649)) - omNode-1@group-523986131536->omNode-3-InstallSnapshotResponseHandler: received a reply omNode-1<-omNode-3#0:FAIL-t1,IN_PROGRESS,snapshotIndex=0
2024-09-17 10:41:28,145 [grpc-default-executor-1] INFO  server.GrpcLogAppender (GrpcLogAppender.java:onNext(665)) - omNode-1@group-523986131536->omNode-3-InstallSnapshotResponseHandler: InstallSnapshot in progress.
2024-09-17 10:41:28,151 [omNode-3-server-thread1] INFO  server.RaftServer$Division (RaftServerImpl.java:checkInconsistentAppendEntries(1629)) - omNode-3@group-523986131536: Failed appendEntries as snapshot (387) installation is in progress
2024-09-17 10:41:28,151 [omNode-3-server-thread1] INFO  server.RaftServer$Division (RaftServerImpl.java:appendEntriesAsync(1584)) - omNode-3@group-523986131536: appendEntries* reply omNode-1<-omNode-3#1840:FAIL-t1,INCONSISTENCY,nextIndex=0,followerCommit=-1,matchIndex=-1
2024-09-17 10:41:28,152 [grpc-default-executor-1] WARN  server.GrpcLogAppender (GrpcLogAppender.java:onNextImpl(519)) - omNode-1@group-523986131536->omNode-3-AppendLogResponseHandler: received INCONSISTENCY reply with nextIndex 0, errorCount=1, request=AppendEntriesRequest:cid=1840,entriesCount=0
2024-09-17 10:41:28,152 [omNode-1@group-523986131536->omNode-3-GrpcLogAppender-LogAppenderDaemon] INFO  server.GrpcLogAppender (GrpcLogAppender.java:notifyInstallSnapshot(790)) - omNode-1@group-523986131536->omNode-3-GrpcLogAppender: notifyInstallSnapshot with firstAvailable=(t:1, i:387), followerNextIndex=0
2024-09-17 10:41:28,152 [omNode-1@group-523986131536->omNode-3-GrpcLogAppender-LogAppenderDaemon] INFO  server.GrpcLogAppender (GrpcLogAppender.java:notifyInstallSnapshot(798)) - omNode-1@group-523986131536->omNode-3-GrpcLogAppender: send omNode-1->omNode-3#0-t1,notify:(t:1, i:387)
2024-09-17 10:41:28,153 [grpc-default-executor-0] INFO  impl.SnapshotInstallationHandler (SnapshotInstallationHandler.java:installSnapshot(92)) - omNode-3@group-523986131536: receive installSnapshot: omNode-1->omNode-3#0-t1,notify:(t:1, i:387)
2024-09-17 10:41:28,153 [grpc-default-executor-0] INFO  impl.SnapshotInstallationHandler (SnapshotInstallationHandler.java:installSnapshotImpl(138)) - omNode-3@group-523986131536: set new configuration configurationEntry {
  peers {
    id: "omNode-3"
    address: "localhost:15101"
    startupRole: FOLLOWER
  }
  peers {
    id: "omNode-1"
    address: "localhost:15093"
    startupRole: FOLLOWER
  }
  peers {
    id: "omNode-2"
    address: "localhost:15097"
    startupRole: FOLLOWER
  }
}
 from snapshot
2024-09-17 10:41:28,153 [grpc-default-executor-0] INFO  server.RaftServer$Division (ServerState.java:setRaftConf(386)) - omNode-3@group-523986131536: set configuration conf: {index: 0, cur=peers:[omNode-3|localhost:15101, omNode-1|localhost:15093, omNode-2|localhost:15097]|listeners:[], old=null}
2024-09-17 10:41:28,155 [grpc-default-executor-0] INFO  ratis.OzoneManagerStateMachine (OzoneManagerStateMachine.java:notifyConfigurationChanged(216)) - Received Configuration change notification from Ratis. New Peer list:
[id: "omNode-3"
address: "localhost:15101"
startupRole: FOLLOWER
, id: "omNode-1"
address: "localhost:15093"
startupRole: FOLLOWER
, id: "omNode-2"
address: "localhost:15097"
startupRole: FOLLOWER
]
2024-09-17 10:41:28,155 [grpc-default-executor-0] INFO  impl.SnapshotInstallationHandler (SnapshotInstallationHandler.java:installSnapshot(103)) - omNode-3@group-523986131536: reply installSnapshot: omNode-1<-omNode-3#0:FAIL-t1,IN_PROGRESS,snapshotIndex=0
2024-09-17 10:41:28,155 [grpc-default-executor-0] INFO  server.GrpcServerProtocolService (GrpcServerProtocolService.java:onCompleted(157)) - omNode-3: Completed INSTALL_SNAPSHOT, lastRequest: omNode-1->omNode-3#0-t1,notify:(t:1, i:387)
2024-09-17 10:41:28,155 [grpc-default-executor-0] INFO  server.GrpcServerProtocolService (GrpcServerProtocolService.java:lambda$onCompleted$5(159)) - omNode-3: Completed INSTALL_SNAPSHOT, lastReply: null
2024-09-17 10:41:28,156 [grpc-default-executor-1] INFO  server.GrpcLogAppender (GrpcLogAppender.java:onNext(649)) - omNode-1@group-523986131536->omNode-3-InstallSnapshotResponseHandler: received a reply omNode-1<-omNode-3#0:FAIL-t1,IN_PROGRESS,snapshotIndex=0
2024-09-17 10:41:28,156 [grpc-default-executor-1] INFO  server.GrpcLogAppender (GrpcLogAppender.java:onNext(665)) - omNode-1@group-523986131536->omNode-3-InstallSnapshotResponseHandler: InstallSnapshot in progress.
2024-09-17 10:41:28,163 [omNode-3-server-thread1] INFO  server.RaftServer$Division (RaftServerImpl.java:checkInconsistentAppendEntries(1629)) - omNode-3@group-523986131536: Failed appendEntries as snapshot (387) installation is in progress
2024-09-17 10:41:28,163 [omNode-3-server-thread1] INFO  server.RaftServer$Division (RaftServerImpl.java:appendEntriesAsync(1584)) - omNode-3@group-523986131536: appendEntries* reply omNode-1<-omNode-3#1841:FAIL-t1,INCONSISTENCY,nextIndex=0,followerCommit=-1,matchIndex=-1
2024-09-17 10:41:28,163 [grpc-default-executor-0] WARN  server.GrpcLogAppender (GrpcLogAppender.java:onNextImpl(519)) - omNode-1@group-523986131536->omNode-3-AppendLogResponseHandler: received INCONSISTENCY reply with nextIndex 0, errorCount=1, request=AppendEntriesRequest:cid=1841,entriesCount=0
2024-09-17 10:41:28,163 [omNode-1@group-523986131536->omNode-3-GrpcLogAppender-LogAppenderDaemon] INFO  server.GrpcLogAppender (GrpcLogAppender.java:notifyInstallSnapshot(790)) - omNode-1@group-523986131536->omNode-3-GrpcLogAppender: notifyInstallSnapshot with firstAvailable=(t:1, i:387), followerNextIndex=0
2024-09-17 10:41:28,163 [omNode-1@group-523986131536->omNode-3-GrpcLogAppender-LogAppenderDaemon] INFO  server.GrpcLogAppender (GrpcLogAppender.java:notifyInstallSnapshot(798)) - omNode-1@group-523986131536->omNode-3-GrpcLogAppender: send omNode-1->omNode-3#0-t1,notify:(t:1, i:387)
2024-09-17 10:41:28,164 [grpc-default-executor-1] INFO  impl.SnapshotInstallationHandler (SnapshotInstallationHandler.java:installSnapshot(92)) - omNode-3@group-523986131536: receive installSnapshot: omNode-1->omNode-3#0-t1,notify:(t:1, i:387)
2024-09-17 10:41:28,164 [grpc-default-executor-1] INFO  impl.SnapshotInstallationHandler (SnapshotInstallationHandler.java:installSnapshotImpl(138)) - omNode-3@group-523986131536: set new configuration configurationEntry {
  peers {
    id: "omNode-3"
    address: "localhost:15101"
    startupRole: FOLLOWER
  }
  peers {
    id: "omNode-1"
    address: "localhost:15093"
    startupRole: FOLLOWER
  }
  peers {
    id: "omNode-2"
    address: "localhost:15097"
    startupRole: FOLLOWER
  }
}
 from snapshot
2024-09-17 10:41:28,164 [grpc-default-executor-1] INFO  server.RaftServer$Division (ServerState.java:setRaftConf(386)) - omNode-3@group-523986131536: set configuration conf: {index: 0, cur=peers:[omNode-3|localhost:15101, omNode-1|localhost:15093, omNode-2|localhost:15097]|listeners:[], old=null}
2024-09-17 10:41:28,166 [grpc-default-executor-1] INFO  ratis.OzoneManagerStateMachine (OzoneManagerStateMachine.java:notifyConfigurationChanged(216)) - Received Configuration change notification from Ratis. New Peer list:
[id: "omNode-3"
address: "localhost:15101"
startupRole: FOLLOWER
, id: "omNode-1"
address: "localhost:15093"
startupRole: FOLLOWER
, id: "omNode-2"
address: "localhost:15097"
startupRole: FOLLOWER
]
2024-09-17 10:41:28,166 [grpc-default-executor-1] INFO  impl.SnapshotInstallationHandler (SnapshotInstallationHandler.java:installSnapshot(103)) - omNode-3@group-523986131536: reply installSnapshot: omNode-1<-omNode-3#0:FAIL-t1,IN_PROGRESS,snapshotIndex=0
2024-09-17 10:41:28,166 [grpc-default-executor-1] INFO  server.GrpcServerProtocolService (GrpcServerProtocolService.java:onCompleted(157)) - omNode-3: Completed INSTALL_SNAPSHOT, lastRequest: omNode-1->omNode-3#0-t1,notify:(t:1, i:387)
2024-09-17 10:41:28,166 [grpc-default-executor-1] INFO  server.GrpcServerProtocolService (GrpcServerProtocolService.java:lambda$onCompleted$5(159)) - omNode-3: Completed INSTALL_SNAPSHOT, lastReply: null
2024-09-17 10:41:28,167 [grpc-default-executor-0] INFO  server.GrpcLogAppender (GrpcLogAppender.java:onNext(649)) - omNode-1@group-523986131536->omNode-3-InstallSnapshotResponseHandler: received a reply omNode-1<-omNode-3#0:FAIL-t1,IN_PROGRESS,snapshotIndex=0
2024-09-17 10:41:28,167 [grpc-default-executor-0] INFO  server.GrpcLogAppender (GrpcLogAppender.java:onNext(665)) - omNode-1@group-523986131536->omNode-3-InstallSnapshotResponseHandler: InstallSnapshot in progress.
2024-09-17 10:41:28,175 [omNode-3-server-thread1] INFO  server.RaftServer$Division (RaftServerImpl.java:checkInconsistentAppendEntries(1629)) - omNode-3@group-523986131536: Failed appendEntries as snapshot (387) installation is in progress
2024-09-17 10:41:28,175 [omNode-3-server-thread1] INFO  server.RaftServer$Division (RaftServerImpl.java:appendEntriesAsync(1584)) - omNode-3@group-523986131536: appendEntries* reply omNode-1<-omNode-3#1842:FAIL-t1,INCONSISTENCY,nextIndex=0,followerCommit=-1,matchIndex=-1
2024-09-17 10:41:28,175 [grpc-default-executor-1] WARN  server.GrpcLogAppender (GrpcLogAppender.java:onNextImpl(519)) - omNode-1@group-523986131536->omNode-3-AppendLogResponseHandler: received INCONSISTENCY reply with nextIndex 0, errorCount=1, request=AppendEntriesRequest:cid=1842,entriesCount=0
2024-09-17 10:41:28,175 [omNode-1@group-523986131536->omNode-3-GrpcLogAppender-LogAppenderDaemon] INFO  server.GrpcLogAppender (GrpcLogAppender.java:notifyInstallSnapshot(790)) - omNode-1@group-523986131536->omNode-3-GrpcLogAppender: notifyInstallSnapshot with firstAvailable=(t:1, i:387), followerNextIndex=0
2024-09-17 10:41:28,176 [omNode-1@group-523986131536->omNode-3-GrpcLogAppender-LogAppenderDaemon] INFO  server.GrpcLogAppender (GrpcLogAppender.java:notifyInstallSnapshot(798)) - omNode-1@group-523986131536->omNode-3-GrpcLogAppender: send omNode-1->omNode-3#0-t1,notify:(t:1, i:387)
2024-09-17 10:41:28,176 [grpc-default-executor-1] INFO  impl.SnapshotInstallationHandler (SnapshotInstallationHandler.java:installSnapshot(92)) - omNode-3@group-523986131536: receive installSnapshot: omNode-1->omNode-3#0-t1,notify:(t:1, i:387)
2024-09-17 10:41:28,177 [grpc-default-executor-1] INFO  impl.SnapshotInstallationHandler (SnapshotInstallationHandler.java:installSnapshotImpl(138)) - omNode-3@group-523986131536: set new configuration configurationEntry {
  peers {
    id: "omNode-3"
    address: "localhost:15101"
    startupRole: FOLLOWER
  }
  peers {
    id: "omNode-1"
    address: "localhost:15093"
    startupRole: FOLLOWER
  }
  peers {
    id: "omNode-2"
    address: "localhost:15097"
    startupRole: FOLLOWER
  }
}
 from snapshot
2024-09-17 10:41:28,177 [grpc-default-executor-1] INFO  server.RaftServer$Division (ServerState.java:setRaftConf(386)) - omNode-3@group-523986131536: set configuration conf: {index: 0, cur=peers:[omNode-3|localhost:15101, omNode-1|localhost:15093, omNode-2|localhost:15097]|listeners:[], old=null}
2024-09-17 10:41:28,178 [grpc-default-executor-1] INFO  ratis.OzoneManagerStateMachine (OzoneManagerStateMachine.java:notifyConfigurationChanged(216)) - Received Configuration change notification from Ratis. New Peer list:
[id: "omNode-3"
address: "localhost:15101"
startupRole: FOLLOWER
, id: "omNode-1"
address: "localhost:15093"
startupRole: FOLLOWER
, id: "omNode-2"
address: "localhost:15097"
startupRole: FOLLOWER
]
2024-09-17 10:41:28,178 [grpc-default-executor-1] INFO  impl.SnapshotInstallationHandler (SnapshotInstallationHandler.java:installSnapshot(103)) - omNode-3@group-523986131536: reply installSnapshot: omNode-1<-omNode-3#0:FAIL-t1,IN_PROGRESS,snapshotIndex=0
2024-09-17 10:41:28,178 [grpc-default-executor-1] INFO  server.GrpcServerProtocolService (GrpcServerProtocolService.java:onCompleted(157)) - omNode-3: Completed INSTALL_SNAPSHOT, lastRequest: omNode-1->omNode-3#0-t1,notify:(t:1, i:387)
2024-09-17 10:41:28,178 [grpc-default-executor-1] INFO  server.GrpcServerProtocolService (GrpcServerProtocolService.java:lambda$onCompleted$5(159)) - omNode-3: Completed INSTALL_SNAPSHOT, lastReply: null
2024-09-17 10:41:28,179 [grpc-default-executor-0] INFO  server.GrpcLogAppender (GrpcLogAppender.java:onNext(649)) - omNode-1@group-523986131536->omNode-3-InstallSnapshotResponseHandler: received a reply omNode-1<-omNode-3#0:FAIL-t1,IN_PROGRESS,snapshotIndex=0
2024-09-17 10:41:28,179 [grpc-default-executor-0] INFO  server.GrpcLogAppender (GrpcLogAppender.java:onNext(665)) - omNode-1@group-523986131536->omNode-3-InstallSnapshotResponseHandler: InstallSnapshot in progress.
2024-09-17 10:41:28,187 [omNode-3-server-thread1] INFO  server.RaftServer$Division (RaftServerImpl.java:checkInconsistentAppendEntries(1629)) - omNode-3@group-523986131536: Failed appendEntries as snapshot (387) installation is in progress
2024-09-17 10:41:28,187 [omNode-3-server-thread1] INFO  server.RaftServer$Division (RaftServerImpl.java:appendEntriesAsync(1584)) - omNode-3@group-523986131536: appendEntries* reply omNode-1<-omNode-3#1843:FAIL-t1,INCONSISTENCY,nextIndex=0,followerCommit=-1,matchIndex=-1
2024-09-17 10:41:28,187 [grpc-default-executor-0] WARN  server.GrpcLogAppender (GrpcLogAppender.java:onNextImpl(519)) - omNode-1@group-523986131536->omNode-3-AppendLogResponseHandler: received INCONSISTENCY reply with nextIndex 0, errorCount=1, request=AppendEntriesRequest:cid=1843,entriesCount=0
2024-09-17 10:41:28,187 [omNode-1@group-523986131536->omNode-3-GrpcLogAppender-LogAppenderDaemon] INFO  server.GrpcLogAppender (GrpcLogAppender.java:notifyInstallSnapshot(790)) - omNode-1@group-523986131536->omNode-3-GrpcLogAppender: notifyInstallSnapshot with firstAvailable=(t:1, i:387), followerNextIndex=0
2024-09-17 10:41:28,187 [omNode-1@group-523986131536->omNode-3-GrpcLogAppender-LogAppenderDaemon] INFO  server.GrpcLogAppender (GrpcLogAppender.java:notifyInstallSnapshot(798)) - omNode-1@group-523986131536->omNode-3-GrpcLogAppender: send omNode-1->omNode-3#0-t1,notify:(t:1, i:387)
2024-09-17 10:41:28,189 [grpc-default-executor-1] INFO  impl.SnapshotInstallationHandler (SnapshotInstallationHandler.java:installSnapshot(92)) - omNode-3@group-523986131536: receive installSnapshot: omNode-1->omNode-3#0-t1,notify:(t:1, i:387)
2024-09-17 10:41:28,189 [grpc-default-executor-1] INFO  impl.SnapshotInstallationHandler (SnapshotInstallationHandler.java:installSnapshotImpl(138)) - omNode-3@group-523986131536: set new configuration configurationEntry {
  peers {
    id: "omNode-3"
    address: "localhost:15101"
    startupRole: FOLLOWER
  }
  peers {
    id: "omNode-1"
    address: "localhost:15093"
    startupRole: FOLLOWER
  }
  peers {
    id: "omNode-2"
    address: "localhost:15097"
    startupRole: FOLLOWER
  }
}
 from snapshot
2024-09-17 10:41:28,189 [grpc-default-executor-1] INFO  server.RaftServer$Division (ServerState.java:setRaftConf(386)) - omNode-3@group-523986131536: set configuration conf: {index: 0, cur=peers:[omNode-3|localhost:15101, omNode-1|localhost:15093, omNode-2|localhost:15097]|listeners:[], old=null}
2024-09-17 10:41:28,191 [grpc-default-executor-1] INFO  ratis.OzoneManagerStateMachine (OzoneManagerStateMachine.java:notifyConfigurationChanged(216)) - Received Configuration change notification from Ratis. New Peer list:
[id: "omNode-3"
address: "localhost:15101"
startupRole: FOLLOWER
, id: "omNode-1"
address: "localhost:15093"
startupRole: FOLLOWER
, id: "omNode-2"
address: "localhost:15097"
startupRole: FOLLOWER
]
2024-09-17 10:41:28,191 [grpc-default-executor-1] INFO  impl.SnapshotInstallationHandler (SnapshotInstallationHandler.java:installSnapshot(103)) - omNode-3@group-523986131536: reply installSnapshot: omNode-1<-omNode-3#0:FAIL-t1,IN_PROGRESS,snapshotIndex=0
2024-09-17 10:41:28,191 [grpc-default-executor-1] INFO  server.GrpcServerProtocolService (GrpcServerProtocolService.java:onCompleted(157)) - omNode-3: Completed INSTALL_SNAPSHOT, lastRequest: omNode-1->omNode-3#0-t1,notify:(t:1, i:387)
2024-09-17 10:41:28,191 [grpc-default-executor-1] INFO  server.GrpcServerProtocolService (GrpcServerProtocolService.java:lambda$onCompleted$5(159)) - omNode-3: Completed INSTALL_SNAPSHOT, lastReply: null
2024-09-17 10:41:28,192 [grpc-default-executor-0] INFO  server.GrpcLogAppender (GrpcLogAppender.java:onNext(649)) - omNode-1@group-523986131536->omNode-3-InstallSnapshotResponseHandler: received a reply omNode-1<-omNode-3#0:FAIL-t1,IN_PROGRESS,snapshotIndex=0
2024-09-17 10:41:28,192 [grpc-default-executor-0] INFO  server.GrpcLogAppender (GrpcLogAppender.java:onNext(665)) - omNode-1@group-523986131536->omNode-3-InstallSnapshotResponseHandler: InstallSnapshot in progress.
2024-09-17 10:41:28,195 [omNode-3-SstFilteringService#0] WARN  server.ServerUtils (ServerUtils.java:getDBPath(299)) - ozone.om.db.dirs is not configured. We recommend adding this setting. Falling back to ozone.metadata.dirs instead.
2024-09-17 10:41:28,198 [omNode-3-server-thread1] INFO  server.RaftServer$Division (RaftServerImpl.java:checkInconsistentAppendEntries(1629)) - omNode-3@group-523986131536: Failed appendEntries as snapshot (387) installation is in progress
2024-09-17 10:41:28,198 [omNode-3-server-thread1] INFO  server.RaftServer$Division (RaftServerImpl.java:appendEntriesAsync(1584)) - omNode-3@group-523986131536: appendEntries* reply omNode-1<-omNode-3#1844:FAIL-t1,INCONSISTENCY,nextIndex=0,followerCommit=-1,matchIndex=-1
2024-09-17 10:41:28,199 [grpc-default-executor-1] WARN  server.GrpcLogAppender (GrpcLogAppender.java:onNextImpl(519)) - omNode-1@group-523986131536->omNode-3-AppendLogResponseHandler: received INCONSISTENCY reply with nextIndex 0, errorCount=1, request=AppendEntriesRequest:cid=1844,entriesCount=0
2024-09-17 10:41:28,199 [omNode-1@group-523986131536->omNode-3-GrpcLogAppender-LogAppenderDaemon] INFO  server.GrpcLogAppender (GrpcLogAppender.java:notifyInstallSnapshot(790)) - omNode-1@group-523986131536->omNode-3-GrpcLogAppender: notifyInstallSnapshot with firstAvailable=(t:1, i:387), followerNextIndex=0
2024-09-17 10:41:28,199 [omNode-1@group-523986131536->omNode-3-GrpcLogAppender-LogAppenderDaemon] INFO  server.GrpcLogAppender (GrpcLogAppender.java:notifyInstallSnapshot(798)) - omNode-1@group-523986131536->omNode-3-GrpcLogAppender: send omNode-1->omNode-3#0-t1,notify:(t:1, i:387)
2024-09-17 10:41:28,200 [grpc-default-executor-1] INFO  impl.SnapshotInstallationHandler (SnapshotInstallationHandler.java:installSnapshot(92)) - omNode-3@group-523986131536: receive installSnapshot: omNode-1->omNode-3#0-t1,notify:(t:1, i:387)
2024-09-17 10:41:28,200 [grpc-default-executor-1] INFO  impl.SnapshotInstallationHandler (SnapshotInstallationHandler.java:installSnapshotImpl(138)) - omNode-3@group-523986131536: set new configuration configurationEntry {
  peers {
    id: "omNode-3"
    address: "localhost:15101"
    startupRole: FOLLOWER
  }
  peers {
    id: "omNode-1"
    address: "localhost:15093"
    startupRole: FOLLOWER
  }
  peers {
    id: "omNode-2"
    address: "localhost:15097"
    startupRole: FOLLOWER
  }
}
 from snapshot
2024-09-17 10:41:28,200 [grpc-default-executor-1] INFO  server.RaftServer$Division (ServerState.java:setRaftConf(386)) - omNode-3@group-523986131536: set configuration conf: {index: 0, cur=peers:[omNode-3|localhost:15101, omNode-1|localhost:15093, omNode-2|localhost:15097]|listeners:[], old=null}
2024-09-17 10:41:28,201 [grpc-default-executor-1] INFO  ratis.OzoneManagerStateMachine (OzoneManagerStateMachine.java:notifyConfigurationChanged(216)) - Received Configuration change notification from Ratis. New Peer list:
[id: "omNode-3"
address: "localhost:15101"
startupRole: FOLLOWER
, id: "omNode-1"
address: "localhost:15093"
startupRole: FOLLOWER
, id: "omNode-2"
address: "localhost:15097"
startupRole: FOLLOWER
]
2024-09-17 10:41:28,201 [grpc-default-executor-1] INFO  impl.SnapshotInstallationHandler (SnapshotInstallationHandler.java:installSnapshot(103)) - omNode-3@group-523986131536: reply installSnapshot: omNode-1<-omNode-3#0:FAIL-t1,IN_PROGRESS,snapshotIndex=0
2024-09-17 10:41:28,201 [grpc-default-executor-1] INFO  server.GrpcServerProtocolService (GrpcServerProtocolService.java:onCompleted(157)) - omNode-3: Completed INSTALL_SNAPSHOT, lastRequest: omNode-1->omNode-3#0-t1,notify:(t:1, i:387)
2024-09-17 10:41:28,201 [grpc-default-executor-1] INFO  server.GrpcServerProtocolService (GrpcServerProtocolService.java:lambda$onCompleted$5(159)) - omNode-3: Completed INSTALL_SNAPSHOT, lastReply: null
2024-09-17 10:41:28,202 [grpc-default-executor-0] INFO  server.GrpcLogAppender (GrpcLogAppender.java:onNext(649)) - omNode-1@group-523986131536->omNode-3-InstallSnapshotResponseHandler: received a reply omNode-1<-omNode-3#0:FAIL-t1,IN_PROGRESS,snapshotIndex=0
2024-09-17 10:41:28,202 [grpc-default-executor-0] INFO  server.GrpcLogAppender (GrpcLogAppender.java:onNext(665)) - omNode-1@group-523986131536->omNode-3-InstallSnapshotResponseHandler: InstallSnapshot in progress.
2024-09-17 10:41:28,210 [omNode-3-server-thread1] INFO  server.RaftServer$Division (RaftServerImpl.java:checkInconsistentAppendEntries(1629)) - omNode-3@group-523986131536: Failed appendEntries as snapshot (387) installation is in progress
2024-09-17 10:41:28,210 [omNode-3-server-thread1] INFO  server.RaftServer$Division (RaftServerImpl.java:appendEntriesAsync(1584)) - omNode-3@group-523986131536: appendEntries* reply omNode-1<-omNode-3#1845:FAIL-t1,INCONSISTENCY,nextIndex=0,followerCommit=-1,matchIndex=-1
2024-09-17 10:41:28,210 [grpc-default-executor-1] WARN  server.GrpcLogAppender (GrpcLogAppender.java:onNextImpl(519)) - omNode-1@group-523986131536->omNode-3-AppendLogResponseHandler: received INCONSISTENCY reply with nextIndex 0, errorCount=1, request=AppendEntriesRequest:cid=1845,entriesCount=0
2024-09-17 10:41:28,210 [omNode-1@group-523986131536->omNode-3-GrpcLogAppender-LogAppenderDaemon] INFO  server.GrpcLogAppender (GrpcLogAppender.java:notifyInstallSnapshot(790)) - omNode-1@group-523986131536->omNode-3-GrpcLogAppender: notifyInstallSnapshot with firstAvailable=(t:1, i:387), followerNextIndex=0
2024-09-17 10:41:28,211 [omNode-1@group-523986131536->omNode-3-GrpcLogAppender-LogAppenderDaemon] INFO  server.GrpcLogAppender (GrpcLogAppender.java:notifyInstallSnapshot(798)) - omNode-1@group-523986131536->omNode-3-GrpcLogAppender: send omNode-1->omNode-3#0-t1,notify:(t:1, i:387)
2024-09-17 10:41:28,211 [grpc-default-executor-1] INFO  impl.SnapshotInstallationHandler (SnapshotInstallationHandler.java:installSnapshot(92)) - omNode-3@group-523986131536: receive installSnapshot: omNode-1->omNode-3#0-t1,notify:(t:1, i:387)
2024-09-17 10:41:28,211 [grpc-default-executor-1] INFO  impl.SnapshotInstallationHandler (SnapshotInstallationHandler.java:installSnapshotImpl(138)) - omNode-3@group-523986131536: set new configuration configurationEntry {
  peers {
    id: "omNode-3"
    address: "localhost:15101"
    startupRole: FOLLOWER
  }
  peers {
    id: "omNode-1"
    address: "localhost:15093"
    startupRole: FOLLOWER
  }
  peers {
    id: "omNode-2"
    address: "localhost:15097"
    startupRole: FOLLOWER
  }
}
 from snapshot
2024-09-17 10:41:28,211 [grpc-default-executor-1] INFO  server.RaftServer$Division (ServerState.java:setRaftConf(386)) - omNode-3@group-523986131536: set configuration conf: {index: 0, cur=peers:[omNode-3|localhost:15101, omNode-1|localhost:15093, omNode-2|localhost:15097]|listeners:[], old=null}
2024-09-17 10:41:28,213 [grpc-default-executor-1] INFO  ratis.OzoneManagerStateMachine (OzoneManagerStateMachine.java:notifyConfigurationChanged(216)) - Received Configuration change notification from Ratis. New Peer list:
[id: "omNode-3"
address: "localhost:15101"
startupRole: FOLLOWER
, id: "omNode-1"
address: "localhost:15093"
startupRole: FOLLOWER
, id: "omNode-2"
address: "localhost:15097"
startupRole: FOLLOWER
]
2024-09-17 10:41:28,213 [grpc-default-executor-1] INFO  impl.SnapshotInstallationHandler (SnapshotInstallationHandler.java:installSnapshot(103)) - omNode-3@group-523986131536: reply installSnapshot: omNode-1<-omNode-3#0:FAIL-t1,IN_PROGRESS,snapshotIndex=0
2024-09-17 10:41:28,213 [grpc-default-executor-1] INFO  server.GrpcServerProtocolService (GrpcServerProtocolService.java:onCompleted(157)) - omNode-3: Completed INSTALL_SNAPSHOT, lastRequest: omNode-1->omNode-3#0-t1,notify:(t:1, i:387)
2024-09-17 10:41:28,213 [grpc-default-executor-1] INFO  server.GrpcServerProtocolService (GrpcServerProtocolService.java:lambda$onCompleted$5(159)) - omNode-3: Completed INSTALL_SNAPSHOT, lastReply: null
2024-09-17 10:41:28,213 [grpc-default-executor-0] INFO  server.GrpcLogAppender (GrpcLogAppender.java:onNext(649)) - omNode-1@group-523986131536->omNode-3-InstallSnapshotResponseHandler: received a reply omNode-1<-omNode-3#0:FAIL-t1,IN_PROGRESS,snapshotIndex=0
2024-09-17 10:41:28,213 [grpc-default-executor-0] INFO  server.GrpcLogAppender (GrpcLogAppender.java:onNext(665)) - omNode-1@group-523986131536->omNode-3-InstallSnapshotResponseHandler: InstallSnapshot in progress.
2024-09-17 10:41:28,222 [omNode-3-server-thread1] INFO  server.RaftServer$Division (RaftServerImpl.java:checkInconsistentAppendEntries(1629)) - omNode-3@group-523986131536: Failed appendEntries as snapshot (387) installation is in progress
2024-09-17 10:41:28,222 [omNode-3-server-thread1] INFO  server.RaftServer$Division (RaftServerImpl.java:appendEntriesAsync(1584)) - omNode-3@group-523986131536: appendEntries* reply omNode-1<-omNode-3#1846:FAIL-t1,INCONSISTENCY,nextIndex=0,followerCommit=-1,matchIndex=-1
2024-09-17 10:41:28,222 [grpc-default-executor-0] WARN  server.GrpcLogAppender (GrpcLogAppender.java:onNextImpl(519)) - omNode-1@group-523986131536->omNode-3-AppendLogResponseHandler: received INCONSISTENCY reply with nextIndex 0, errorCount=1, request=AppendEntriesRequest:cid=1846,entriesCount=0
2024-09-17 10:41:28,222 [omNode-1@group-523986131536->omNode-3-GrpcLogAppender-LogAppenderDaemon] INFO  server.GrpcLogAppender (GrpcLogAppender.java:notifyInstallSnapshot(790)) - omNode-1@group-523986131536->omNode-3-GrpcLogAppender: notifyInstallSnapshot with firstAvailable=(t:1, i:387), followerNextIndex=0
2024-09-17 10:41:28,222 [omNode-1@group-523986131536->omNode-3-GrpcLogAppender-LogAppenderDaemon] INFO  server.GrpcLogAppender (GrpcLogAppender.java:notifyInstallSnapshot(798)) - omNode-1@group-523986131536->omNode-3-GrpcLogAppender: send omNode-1->omNode-3#0-t1,notify:(t:1, i:387)
2024-09-17 10:41:28,223 [grpc-default-executor-0] INFO  impl.SnapshotInstallationHandler (SnapshotInstallationHandler.java:installSnapshot(92)) - omNode-3@group-523986131536: receive installSnapshot: omNode-1->omNode-3#0-t1,notify:(t:1, i:387)
2024-09-17 10:41:28,223 [grpc-default-executor-0] INFO  impl.SnapshotInstallationHandler (SnapshotInstallationHandler.java:installSnapshotImpl(138)) - omNode-3@group-523986131536: set new configuration configurationEntry {
  peers {
    id: "omNode-3"
    address: "localhost:15101"
    startupRole: FOLLOWER
  }
  peers {
    id: "omNode-1"
    address: "localhost:15093"
    startupRole: FOLLOWER
  }
  peers {
    id: "omNode-2"
    address: "localhost:15097"
    startupRole: FOLLOWER
  }
}
 from snapshot
2024-09-17 10:41:28,223 [grpc-default-executor-0] INFO  server.RaftServer$Division (ServerState.java:setRaftConf(386)) - omNode-3@group-523986131536: set configuration conf: {index: 0, cur=peers:[omNode-3|localhost:15101, omNode-1|localhost:15093, omNode-2|localhost:15097]|listeners:[], old=null}
2024-09-17 10:41:28,224 [grpc-default-executor-0] INFO  ratis.OzoneManagerStateMachine (OzoneManagerStateMachine.java:notifyConfigurationChanged(216)) - Received Configuration change notification from Ratis. New Peer list:
[id: "omNode-3"
address: "localhost:15101"
startupRole: FOLLOWER
, id: "omNode-1"
address: "localhost:15093"
startupRole: FOLLOWER
, id: "omNode-2"
address: "localhost:15097"
startupRole: FOLLOWER
]
2024-09-17 10:41:28,224 [grpc-default-executor-0] INFO  impl.SnapshotInstallationHandler (SnapshotInstallationHandler.java:installSnapshot(103)) - omNode-3@group-523986131536: reply installSnapshot: omNode-1<-omNode-3#0:FAIL-t1,IN_PROGRESS,snapshotIndex=0
2024-09-17 10:41:28,224 [grpc-default-executor-0] INFO  server.GrpcServerProtocolService (GrpcServerProtocolService.java:onCompleted(157)) - omNode-3: Completed INSTALL_SNAPSHOT, lastRequest: omNode-1->omNode-3#0-t1,notify:(t:1, i:387)
2024-09-17 10:41:28,224 [grpc-default-executor-0] INFO  server.GrpcServerProtocolService (GrpcServerProtocolService.java:lambda$onCompleted$5(159)) - omNode-3: Completed INSTALL_SNAPSHOT, lastReply: null
2024-09-17 10:41:28,224 [grpc-default-executor-1] INFO  server.GrpcLogAppender (GrpcLogAppender.java:onNext(649)) - omNode-1@group-523986131536->omNode-3-InstallSnapshotResponseHandler: received a reply omNode-1<-omNode-3#0:FAIL-t1,IN_PROGRESS,snapshotIndex=0
2024-09-17 10:41:28,225 [grpc-default-executor-1] INFO  server.GrpcLogAppender (GrpcLogAppender.java:onNext(665)) - omNode-1@group-523986131536->omNode-3-InstallSnapshotResponseHandler: InstallSnapshot in progress.
2024-09-17 10:41:28,233 [omNode-3-server-thread1] INFO  server.RaftServer$Division (RaftServerImpl.java:checkInconsistentAppendEntries(1629)) - omNode-3@group-523986131536: Failed appendEntries as snapshot (387) installation is in progress
2024-09-17 10:41:28,233 [omNode-3-server-thread1] INFO  server.RaftServer$Division (RaftServerImpl.java:appendEntriesAsync(1584)) - omNode-3@group-523986131536: appendEntries* reply omNode-1<-omNode-3#1847:FAIL-t1,INCONSISTENCY,nextIndex=0,followerCommit=-1,matchIndex=-1
2024-09-17 10:41:28,233 [grpc-default-executor-1] WARN  server.GrpcLogAppender (GrpcLogAppender.java:onNextImpl(519)) - omNode-1@group-523986131536->omNode-3-AppendLogResponseHandler: received INCONSISTENCY reply with nextIndex 0, errorCount=1, request=AppendEntriesRequest:cid=1847,entriesCount=0
2024-09-17 10:41:28,234 [omNode-1@group-523986131536->omNode-3-GrpcLogAppender-LogAppenderDaemon] INFO  server.GrpcLogAppender (GrpcLogAppender.java:notifyInstallSnapshot(790)) - omNode-1@group-523986131536->omNode-3-GrpcLogAppender: notifyInstallSnapshot with firstAvailable=(t:1, i:387), followerNextIndex=0
2024-09-17 10:41:28,234 [omNode-1@group-523986131536->omNode-3-GrpcLogAppender-LogAppenderDaemon] INFO  server.GrpcLogAppender (GrpcLogAppender.java:notifyInstallSnapshot(798)) - omNode-1@group-523986131536->omNode-3-GrpcLogAppender: send omNode-1->omNode-3#0-t1,notify:(t:1, i:387)
2024-09-17 10:41:28,235 [grpc-default-executor-3] INFO  impl.SnapshotInstallationHandler (SnapshotInstallationHandler.java:installSnapshot(92)) - omNode-3@group-523986131536: receive installSnapshot: omNode-1->omNode-3#0-t1,notify:(t:1, i:387)
2024-09-17 10:41:28,235 [grpc-default-executor-3] INFO  impl.SnapshotInstallationHandler (SnapshotInstallationHandler.java:installSnapshotImpl(138)) - omNode-3@group-523986131536: set new configuration configurationEntry {
  peers {
    id: "omNode-3"
    address: "localhost:15101"
    startupRole: FOLLOWER
  }
  peers {
    id: "omNode-1"
    address: "localhost:15093"
    startupRole: FOLLOWER
  }
  peers {
    id: "omNode-2"
    address: "localhost:15097"
    startupRole: FOLLOWER
  }
}
 from snapshot
2024-09-17 10:41:28,235 [grpc-default-executor-3] INFO  server.RaftServer$Division (ServerState.java:setRaftConf(386)) - omNode-3@group-523986131536: set configuration conf: {index: 0, cur=peers:[omNode-3|localhost:15101, omNode-1|localhost:15093, omNode-2|localhost:15097]|listeners:[], old=null}
2024-09-17 10:41:28,236 [grpc-default-executor-3] INFO  ratis.OzoneManagerStateMachine (OzoneManagerStateMachine.java:notifyConfigurationChanged(216)) - Received Configuration change notification from Ratis. New Peer list:
[id: "omNode-3"
address: "localhost:15101"
startupRole: FOLLOWER
, id: "omNode-1"
address: "localhost:15093"
startupRole: FOLLOWER
, id: "omNode-2"
address: "localhost:15097"
startupRole: FOLLOWER
]
2024-09-17 10:41:28,236 [grpc-default-executor-3] INFO  impl.SnapshotInstallationHandler (SnapshotInstallationHandler.java:installSnapshot(103)) - omNode-3@group-523986131536: reply installSnapshot: omNode-1<-omNode-3#0:FAIL-t1,IN_PROGRESS,snapshotIndex=0
2024-09-17 10:41:28,236 [grpc-default-executor-3] INFO  server.GrpcServerProtocolService (GrpcServerProtocolService.java:onCompleted(157)) - omNode-3: Completed INSTALL_SNAPSHOT, lastRequest: omNode-1->omNode-3#0-t1,notify:(t:1, i:387)
2024-09-17 10:41:28,236 [grpc-default-executor-3] INFO  server.GrpcServerProtocolService (GrpcServerProtocolService.java:lambda$onCompleted$5(159)) - omNode-3: Completed INSTALL_SNAPSHOT, lastReply: null
2024-09-17 10:41:28,237 [grpc-default-executor-3] INFO  server.GrpcLogAppender (GrpcLogAppender.java:onNext(649)) - omNode-1@group-523986131536->omNode-3-InstallSnapshotResponseHandler: received a reply omNode-1<-omNode-3#0:FAIL-t1,IN_PROGRESS,snapshotIndex=0
2024-09-17 10:41:28,237 [grpc-default-executor-3] INFO  server.GrpcLogAppender (GrpcLogAppender.java:onNext(665)) - omNode-1@group-523986131536->omNode-3-InstallSnapshotResponseHandler: InstallSnapshot in progress.
2024-09-17 10:41:28,245 [omNode-3-server-thread1] INFO  server.RaftServer$Division (RaftServerImpl.java:checkInconsistentAppendEntries(1629)) - omNode-3@group-523986131536: Failed appendEntries as snapshot (387) installation is in progress
2024-09-17 10:41:28,245 [omNode-3-server-thread1] INFO  server.RaftServer$Division (RaftServerImpl.java:appendEntriesAsync(1584)) - omNode-3@group-523986131536: appendEntries* reply omNode-1<-omNode-3#1848:FAIL-t1,INCONSISTENCY,nextIndex=0,followerCommit=-1,matchIndex=-1
2024-09-17 10:41:28,245 [grpc-default-executor-1] WARN  server.GrpcLogAppender (GrpcLogAppender.java:onNextImpl(519)) - omNode-1@group-523986131536->omNode-3-AppendLogResponseHandler: received INCONSISTENCY reply with nextIndex 0, errorCount=1, request=AppendEntriesRequest:cid=1848,entriesCount=0
2024-09-17 10:41:28,245 [omNode-1@group-523986131536->omNode-3-GrpcLogAppender-LogAppenderDaemon] INFO  server.GrpcLogAppender (GrpcLogAppender.java:notifyInstallSnapshot(790)) - omNode-1@group-523986131536->omNode-3-GrpcLogAppender: notifyInstallSnapshot with firstAvailable=(t:1, i:387), followerNextIndex=0
2024-09-17 10:41:28,246 [omNode-1@group-523986131536->omNode-3-GrpcLogAppender-LogAppenderDaemon] INFO  server.GrpcLogAppender (GrpcLogAppender.java:notifyInstallSnapshot(798)) - omNode-1@group-523986131536->omNode-3-GrpcLogAppender: send omNode-1->omNode-3#0-t1,notify:(t:1, i:387)
2024-09-17 10:41:28,246 [grpc-default-executor-1] INFO  impl.SnapshotInstallationHandler (SnapshotInstallationHandler.java:installSnapshot(92)) - omNode-3@group-523986131536: receive installSnapshot: omNode-1->omNode-3#0-t1,notify:(t:1, i:387)
2024-09-17 10:41:28,247 [grpc-default-executor-1] INFO  impl.SnapshotInstallationHandler (SnapshotInstallationHandler.java:installSnapshotImpl(138)) - omNode-3@group-523986131536: set new configuration configurationEntry {
  peers {
    id: "omNode-3"
    address: "localhost:15101"
    startupRole: FOLLOWER
  }
  peers {
    id: "omNode-1"
    address: "localhost:15093"
    startupRole: FOLLOWER
  }
  peers {
    id: "omNode-2"
    address: "localhost:15097"
    startupRole: FOLLOWER
  }
}
 from snapshot
2024-09-17 10:41:28,247 [grpc-default-executor-1] INFO  server.RaftServer$Division (ServerState.java:setRaftConf(386)) - omNode-3@group-523986131536: set configuration conf: {index: 0, cur=peers:[omNode-3|localhost:15101, omNode-1|localhost:15093, omNode-2|localhost:15097]|listeners:[], old=null}
2024-09-17 10:41:28,248 [grpc-default-executor-1] INFO  ratis.OzoneManagerStateMachine (OzoneManagerStateMachine.java:notifyConfigurationChanged(216)) - Received Configuration change notification from Ratis. New Peer list:
[id: "omNode-3"
address: "localhost:15101"
startupRole: FOLLOWER
, id: "omNode-1"
address: "localhost:15093"
startupRole: FOLLOWER
, id: "omNode-2"
address: "localhost:15097"
startupRole: FOLLOWER
]
2024-09-17 10:41:28,248 [omNode-3-InstallSnapshotThread] INFO  reflections.Reflections (Reflections.java:scan(219)) - Reflections took 345 ms to scan 20 urls, producing 59 keys and 7195 values
2024-09-17 10:41:28,248 [grpc-default-executor-1] INFO  impl.SnapshotInstallationHandler (SnapshotInstallationHandler.java:installSnapshot(103)) - omNode-3@group-523986131536: reply installSnapshot: omNode-1<-omNode-3#0:FAIL-t1,IN_PROGRESS,snapshotIndex=0
2024-09-17 10:41:28,249 [grpc-default-executor-1] INFO  server.GrpcServerProtocolService (GrpcServerProtocolService.java:onCompleted(157)) - omNode-3: Completed INSTALL_SNAPSHOT, lastRequest: omNode-1->omNode-3#0-t1,notify:(t:1, i:387)
2024-09-17 10:41:28,249 [grpc-default-executor-3] INFO  server.GrpcLogAppender (GrpcLogAppender.java:onNext(649)) - omNode-1@group-523986131536->omNode-3-InstallSnapshotResponseHandler: received a reply omNode-1<-omNode-3#0:FAIL-t1,IN_PROGRESS,snapshotIndex=0
2024-09-17 10:41:28,249 [grpc-default-executor-3] INFO  server.GrpcLogAppender (GrpcLogAppender.java:onNext(665)) - omNode-1@group-523986131536->omNode-3-InstallSnapshotResponseHandler: InstallSnapshot in progress.
2024-09-17 10:41:28,249 [omNode-3-InstallSnapshotThread] INFO  ipc.CallQueueManager (CallQueueManager.java:<init>(90)) - Using callQueue: class java.util.concurrent.LinkedBlockingQueue, queueCapacity: 2000, scheduler: class org.apache.hadoop.ipc.DefaultRpcScheduler, ipcBackoff: false.
2024-09-17 10:41:28,250 [omNode-3-InstallSnapshotThread] INFO  ipc.Server (Server.java:<init>(1287)) - Listener at localhost:15098
2024-09-17 10:41:28,249 [grpc-default-executor-1] INFO  server.GrpcServerProtocolService (GrpcServerProtocolService.java:lambda$onCompleted$5(159)) - omNode-3: Completed INSTALL_SNAPSHOT, lastReply: null
2024-09-17 10:41:28,250 [Socket Reader #1 for port 15098] INFO  ipc.Server (Server.java:run(1323)) - Starting Socket Reader #1 for port 15098
2024-09-17 10:41:28,252 [Socket Reader #2 for port 15098] INFO  ipc.Server (Server.java:run(1323)) - Starting Socket Reader #2 for port 15098
2024-09-17 10:41:28,252 [Socket Reader #3 for port 15098] INFO  ipc.Server (Server.java:run(1323)) - Starting Socket Reader #3 for port 15098
2024-09-17 10:41:28,252 [Socket Reader #4 for port 15098] INFO  ipc.Server (Server.java:run(1323)) - Starting Socket Reader #4 for port 15098
2024-09-17 10:41:28,252 [Socket Reader #5 for port 15098] INFO  ipc.Server (Server.java:run(1323)) - Starting Socket Reader #5 for port 15098
2024-09-17 10:41:28,252 [Socket Reader #6 for port 15098] INFO  ipc.Server (Server.java:run(1323)) - Starting Socket Reader #6 for port 15098
2024-09-17 10:41:28,253 [Socket Reader #8 for port 15098] INFO  ipc.Server (Server.java:run(1323)) - Starting Socket Reader #8 for port 15098
2024-09-17 10:41:28,253 [Socket Reader #7 for port 15098] INFO  ipc.Server (Server.java:run(1323)) - Starting Socket Reader #7 for port 15098
2024-09-17 10:41:28,253 [Socket Reader #9 for port 15098] INFO  ipc.Server (Server.java:run(1323)) - Starting Socket Reader #9 for port 15098
2024-09-17 10:41:28,253 [Socket Reader #10 for port 15098] INFO  ipc.Server (Server.java:run(1323)) - Starting Socket Reader #10 for port 15098
2024-09-17 10:41:28,254 [IPC Server Responder] INFO  ipc.Server (Server.java:run(1562)) - IPC Server Responder: starting
2024-09-17 10:41:28,255 [IPC Server listener on 15098] INFO  ipc.Server (Server.java:run(1402)) - IPC Server listener on 15098: starting
2024-09-17 10:41:28,256 [omNode-3-server-thread1] INFO  server.RaftServer$Division (RaftServerImpl.java:checkInconsistentAppendEntries(1629)) - omNode-3@group-523986131536: Failed appendEntries as snapshot (387) installation is in progress
2024-09-17 10:41:28,256 [omNode-3-server-thread1] INFO  server.RaftServer$Division (RaftServerImpl.java:appendEntriesAsync(1584)) - omNode-3@group-523986131536: appendEntries* reply omNode-1<-omNode-3#1849:FAIL-t1,INCONSISTENCY,nextIndex=0,followerCommit=-1,matchIndex=-1
2024-09-17 10:41:28,257 [grpc-default-executor-3] WARN  server.GrpcLogAppender (GrpcLogAppender.java:onNextImpl(519)) - omNode-1@group-523986131536->omNode-3-AppendLogResponseHandler: received INCONSISTENCY reply with nextIndex 0, errorCount=1, request=AppendEntriesRequest:cid=1849,entriesCount=0
2024-09-17 10:41:28,257 [omNode-1@group-523986131536->omNode-3-GrpcLogAppender-LogAppenderDaemon] INFO  server.GrpcLogAppender (GrpcLogAppender.java:notifyInstallSnapshot(790)) - omNode-1@group-523986131536->omNode-3-GrpcLogAppender: notifyInstallSnapshot with firstAvailable=(t:1, i:387), followerNextIndex=0
2024-09-17 10:41:28,257 [omNode-1@group-523986131536->omNode-3-GrpcLogAppender-LogAppenderDaemon] INFO  server.GrpcLogAppender (GrpcLogAppender.java:notifyInstallSnapshot(798)) - omNode-1@group-523986131536->omNode-3-GrpcLogAppender: send omNode-1->omNode-3#0-t1,notify:(t:1, i:387)
2024-09-17 10:41:28,258 [grpc-default-executor-3] INFO  impl.SnapshotInstallationHandler (SnapshotInstallationHandler.java:installSnapshot(92)) - omNode-3@group-523986131536: receive installSnapshot: omNode-1->omNode-3#0-t1,notify:(t:1, i:387)
2024-09-17 10:41:28,258 [grpc-default-executor-3] INFO  impl.SnapshotInstallationHandler (SnapshotInstallationHandler.java:installSnapshotImpl(138)) - omNode-3@group-523986131536: set new configuration configurationEntry {
  peers {
    id: "omNode-3"
    address: "localhost:15101"
    startupRole: FOLLOWER
  }
  peers {
    id: "omNode-1"
    address: "localhost:15093"
    startupRole: FOLLOWER
  }
  peers {
    id: "omNode-2"
    address: "localhost:15097"
    startupRole: FOLLOWER
  }
}
 from snapshot
2024-09-17 10:41:28,258 [grpc-default-executor-3] INFO  server.RaftServer$Division (ServerState.java:setRaftConf(386)) - omNode-3@group-523986131536: set configuration conf: {index: 0, cur=peers:[omNode-3|localhost:15101, omNode-1|localhost:15093, omNode-2|localhost:15097]|listeners:[], old=null}
2024-09-17 10:41:28,259 [grpc-default-executor-3] INFO  ratis.OzoneManagerStateMachine (OzoneManagerStateMachine.java:notifyConfigurationChanged(216)) - Received Configuration change notification from Ratis. New Peer list:
[id: "omNode-3"
address: "localhost:15101"
startupRole: FOLLOWER
, id: "omNode-1"
address: "localhost:15093"
startupRole: FOLLOWER
, id: "omNode-2"
address: "localhost:15097"
startupRole: FOLLOWER
]
2024-09-17 10:41:28,259 [grpc-default-executor-3] INFO  impl.SnapshotInstallationHandler (SnapshotInstallationHandler.java:installSnapshot(103)) - omNode-3@group-523986131536: reply installSnapshot: omNode-1<-omNode-3#0:FAIL-t1,IN_PROGRESS,snapshotIndex=0
2024-09-17 10:41:28,259 [grpc-default-executor-3] INFO  server.GrpcServerProtocolService (GrpcServerProtocolService.java:onCompleted(157)) - omNode-3: Completed INSTALL_SNAPSHOT, lastRequest: omNode-1->omNode-3#0-t1,notify:(t:1, i:387)
2024-09-17 10:41:28,259 [grpc-default-executor-3] INFO  server.GrpcServerProtocolService (GrpcServerProtocolService.java:lambda$onCompleted$5(159)) - omNode-3: Completed INSTALL_SNAPSHOT, lastReply: null
2024-09-17 10:41:28,260 [omNode-3-InstallSnapshotThread] INFO  om.OzoneManager (OzoneManager.java:installCheckpoint(3991)) - RPC server is re-started. Spend 359 ms.
2024-09-17 10:41:28,261 [grpc-default-executor-3] INFO  server.GrpcLogAppender (GrpcLogAppender.java:onNext(649)) - omNode-1@group-523986131536->omNode-3-InstallSnapshotResponseHandler: received a reply omNode-1<-omNode-3#0:FAIL-t1,IN_PROGRESS,snapshotIndex=0
2024-09-17 10:41:28,261 [grpc-default-executor-3] INFO  server.GrpcLogAppender (GrpcLogAppender.java:onNext(665)) - omNode-1@group-523986131536->omNode-3-InstallSnapshotResponseHandler: InstallSnapshot in progress.
2024-09-17 10:41:28,262 [omNode-3-InstallSnapshotThread] INFO  om.OzoneManager (OzoneManager.java:installCheckpoint(4018)) - Install Checkpoint is finished with Term: 1 and Index: 423. Spend 497 ms.
2024-09-17 10:41:28,262 [omNode-3-InstallSnapshotThread] INFO  impl.SnapshotInstallationHandler (SnapshotInstallationHandler.java:lambda$notifyStateMachineToInstallSnapshot$2(279)) - omNode-3@group-523986131536: StateMachine successfully installed snapshot index 423. Reloading the StateMachine.
2024-09-17 10:41:28,270 [omNode-3-server-thread1] INFO  server.RaftServer$Division (RaftServerImpl.java:checkInconsistentAppendEntries(1629)) - omNode-3@group-523986131536: Failed appendEntries as snapshot (387) installation is in progress
2024-09-17 10:41:28,270 [omNode-3-server-thread1] INFO  server.RaftServer$Division (RaftServerImpl.java:appendEntriesAsync(1584)) - omNode-3@group-523986131536: appendEntries* reply omNode-1<-omNode-3#1850:FAIL-t1,INCONSISTENCY,nextIndex=0,followerCommit=-1,matchIndex=-1
2024-09-17 10:41:28,270 [grpc-default-executor-3] WARN  server.GrpcLogAppender (GrpcLogAppender.java:onNextImpl(519)) - omNode-1@group-523986131536->omNode-3-AppendLogResponseHandler: received INCONSISTENCY reply with nextIndex 0, errorCount=1, request=AppendEntriesRequest:cid=1850,entriesCount=0
2024-09-17 10:41:28,270 [omNode-1@group-523986131536->omNode-3-GrpcLogAppender-LogAppenderDaemon] INFO  server.GrpcLogAppender (GrpcLogAppender.java:notifyInstallSnapshot(790)) - omNode-1@group-523986131536->omNode-3-GrpcLogAppender: notifyInstallSnapshot with firstAvailable=(t:1, i:387), followerNextIndex=0
2024-09-17 10:41:28,270 [omNode-1@group-523986131536->omNode-3-GrpcLogAppender-LogAppenderDaemon] INFO  server.GrpcLogAppender (GrpcLogAppender.java:notifyInstallSnapshot(798)) - omNode-1@group-523986131536->omNode-3-GrpcLogAppender: send omNode-1->omNode-3#0-t1,notify:(t:1, i:387)
2024-09-17 10:41:28,271 [grpc-default-executor-3] INFO  impl.SnapshotInstallationHandler (SnapshotInstallationHandler.java:installSnapshot(92)) - omNode-3@group-523986131536: receive installSnapshot: omNode-1->omNode-3#0-t1,notify:(t:1, i:387)
2024-09-17 10:41:28,271 [grpc-default-executor-3] INFO  ratis.OzoneManagerStateMachine (OzoneManagerStateMachine.java:pause(409)) - OzoneManagerStateMachine is pausing
2024-09-17 10:41:28,271 [grpc-default-executor-3] INFO  ratis.OzoneManagerDoubleBuffer (OzoneManagerDoubleBuffer.java:stopDaemon(529)) - Stopping OMDoubleBuffer flush thread
2024-09-17 10:41:28,271 [omNode-3-OMDoubleBufferFlushThread] INFO  ratis.OzoneManagerDoubleBuffer (OzoneManagerDoubleBuffer.java:canFlush(593)) - OMDoubleBuffer flush thread omNode-3-OMDoubleBufferFlushThread is interrupted and will exit.
2024-09-17 10:41:28,272 [grpc-default-executor-3] INFO  raftlog.RaftLog (RaftLogBase.java:lambda$new$0(54)) - omNode-3@group-523986131536-SegmentedRaftLog: snapshotIndex: updateIncreasingly -1 -> 423
2024-09-17 10:41:28,272 [grpc-default-executor-3] INFO  segmented.SegmentedRaftLogWorker (SegmentedRaftLogWorker.java:lambda$new$0(135)) - omNode-3@group-523986131536-SegmentedRaftLogWorker: flushIndex: setUnconditionally -1 -> 423
2024-09-17 10:41:28,272 [grpc-default-executor-3] INFO  segmented.SegmentedRaftLogWorker (SegmentedRaftLogWorker.java:lambda$new$0(135)) - omNode-3@group-523986131536-SegmentedRaftLogWorker: safeCacheEvictIndex: setUnconditionally -1 -> 423
2024-09-17 10:41:28,272 [grpc-default-executor-3] INFO  raftlog.RaftLog (RaftLogBase.java:lambda$new$0(54)) - omNode-3@group-523986131536-SegmentedRaftLog: purgeIndex: updateToMax old=-1, new=423, updated? true
2024-09-17 10:41:28,272 [grpc-default-executor-3] INFO  impl.SnapshotInstallationHandler (SnapshotInstallationHandler.java:notifyStateMachineToInstallSnapshot(323)) - omNode-3@group-523986131536: InstallSnapshot notification result: SNAPSHOT_INSTALLED, at index: (t:1, i:423)
2024-09-17 10:41:28,272 [grpc-default-executor-3] INFO  ratis.OzoneManagerStateMachine (OzoneManagerStateMachine.java:notifySnapshotInstalled(237)) - Receive notifySnapshotInstalled event SNAPSHOT_INSTALLED for the peer: omNode-3 snapshotIndex: 423.
2024-09-17 10:41:28,272 [grpc-default-executor-3] INFO  impl.SnapshotInstallationHandler (SnapshotInstallationHandler.java:installSnapshotImpl(138)) - omNode-3@group-523986131536: set new configuration configurationEntry {
  peers {
    id: "omNode-3"
    address: "localhost:15101"
    startupRole: FOLLOWER
  }
  peers {
    id: "omNode-1"
    address: "localhost:15093"
    startupRole: FOLLOWER
  }
  peers {
    id: "omNode-2"
    address: "localhost:15097"
    startupRole: FOLLOWER
  }
}
 from snapshot
2024-09-17 10:41:28,272 [grpc-default-executor-3] INFO  server.RaftServer$Division (ServerState.java:setRaftConf(386)) - omNode-3@group-523986131536: set configuration conf: {index: 0, cur=peers:[omNode-3|localhost:15101, omNode-1|localhost:15093, omNode-2|localhost:15097]|listeners:[], old=null}
2024-09-17 10:41:28,273 [omNode-3@group-523986131536-StateMachineUpdater] INFO  ratis.OzoneManagerStateMachine (OzoneManagerStateMachine.java:loadSnapshotInfoFromDB(591)) - LastAppliedIndex is set from TransactionInfo from OM DB as (t:1, i:423)
2024-09-17 10:41:28,273 [omNode-3@group-523986131536-StateMachineUpdater] INFO  ratis.OzoneManagerStateMachine (OzoneManagerStateMachine.java:unpause(430)) - OzoneManagerStateMachine is un-pausing
2024-09-17 10:41:28,274 [omNode-3@group-523986131536-StateMachineUpdater] INFO  impl.StateMachineUpdater (StateMachineUpdater.java:lambda$new$0(102)) - omNode-3@group-523986131536-StateMachineUpdater: snapshotIndex: setUnconditionally -1 -> 423
2024-09-17 10:41:28,274 [omNode-3@group-523986131536-StateMachineUpdater] INFO  impl.StateMachineUpdater (StateMachineUpdater.java:lambda$new$0(102)) - omNode-3@group-523986131536-StateMachineUpdater: appliedIndex: setUnconditionally -1 -> 423
2024-09-17 10:41:28,274 [grpc-default-executor-3] INFO  ratis.OzoneManagerStateMachine (OzoneManagerStateMachine.java:notifyConfigurationChanged(216)) - Received Configuration change notification from Ratis. New Peer list:
[id: "omNode-3"
address: "localhost:15101"
startupRole: FOLLOWER
, id: "omNode-1"
address: "localhost:15093"
startupRole: FOLLOWER
, id: "omNode-2"
address: "localhost:15097"
startupRole: FOLLOWER
]
2024-09-17 10:41:28,275 [grpc-default-executor-3] INFO  impl.SnapshotInstallationHandler (SnapshotInstallationHandler.java:installSnapshot(103)) - omNode-3@group-523986131536: reply installSnapshot: omNode-1<-omNode-3#0:OK-t1,SNAPSHOT_INSTALLED,snapshotIndex=423
2024-09-17 10:41:28,275 [grpc-default-executor-3] INFO  server.GrpcServerProtocolService (GrpcServerProtocolService.java:onCompleted(157)) - omNode-3: Completed INSTALL_SNAPSHOT, lastRequest: omNode-1->omNode-3#0-t1,notify:(t:1, i:387)
2024-09-17 10:41:28,275 [grpc-default-executor-3] INFO  server.GrpcServerProtocolService (GrpcServerProtocolService.java:lambda$onCompleted$5(159)) - omNode-3: Completed INSTALL_SNAPSHOT, lastReply: null
2024-09-17 10:41:28,275 [grpc-default-executor-0] INFO  server.GrpcLogAppender (GrpcLogAppender.java:onNext(649)) - omNode-1@group-523986131536->omNode-3-InstallSnapshotResponseHandler: received a reply omNode-1<-omNode-3#0:OK-t1,SNAPSHOT_INSTALLED,snapshotIndex=423
2024-09-17 10:41:28,275 [grpc-default-executor-0] INFO  server.GrpcLogAppender (GrpcLogAppender.java:onNext(687)) - omNode-1@group-523986131536->omNode-3-InstallSnapshotResponseHandler: Follower installed snapshot at index 423
2024-09-17 10:41:28,275 [grpc-default-executor-0] INFO  leader.FollowerInfo (FollowerInfoImpl.java:info(64)) - omNode-1@group-523986131536->omNode-3: snapshotIndex: setUnconditionally 0 -> 423
2024-09-17 10:41:28,275 [grpc-default-executor-0] INFO  leader.FollowerInfo (FollowerInfoImpl.java:info(64)) - omNode-1@group-523986131536->omNode-3: matchIndex: setUnconditionally -1 -> 423
2024-09-17 10:41:28,275 [grpc-default-executor-0] INFO  leader.FollowerInfo (FollowerInfoImpl.java:info(64)) - omNode-1@group-523986131536->omNode-3: nextIndex: setUnconditionally 0 -> 424
2024-09-17 10:41:28,275 [grpc-default-executor-0] INFO  leader.FollowerInfo (FollowerInfoImpl.java:setAttemptedToInstallSnapshot(154)) - Follower omNode-1@group-523986131536->omNode-3 acknowledged installing snapshot
2024-09-17 10:41:28,275 [grpc-default-executor-0] INFO  server.GrpcLogAppender (GrpcLogAppender.java:increaseNextIndex(457)) - omNode-1@group-523986131536->omNode-3-GrpcLogAppender: updateNextIndex 424 for SNAPSHOT_INSTALLED
2024-09-17 10:41:28,275 [grpc-default-executor-0] INFO  server.GrpcLogAppender (GrpcLogAppender.java:onFollowerCatchup(621)) - omNode-1@group-523986131536->omNode-3-InstallSnapshotResponseHandler: Follower can catch up leader after install the snapshot, as leader's start index is 424
2024-09-17 10:41:28,275 [grpc-default-executor-0] INFO  ratis.OzoneManagerStateMachine (OzoneManagerStateMachine.java:notifySnapshotInstalled(237)) - Receive notifySnapshotInstalled event SUCCESS for the peer: omNode-3 snapshotIndex: 423.
2024-09-17 10:41:28,293 [omNode-3-server-thread2] INFO  segmented.SegmentedRaftLogWorker (SegmentedRaftLogWorker.java:startLogSegment(433)) - omNode-3@group-523986131536-SegmentedRaftLogWorker: Starting segment from index:424
2024-09-17 10:41:28,293 [omNode-3-server-thread2] INFO  server.RaftServer$Division (RaftServerImpl.java:appendEntriesAsync(1600)) -  FOLLOWER omNode-3@group-523986131536:t1, leader=omNode-1, voted=null, raftlog=Memoized:omNode-3@group-523986131536-SegmentedRaftLog:OPENED:c423:last(t:1, i:427), conf=conf: {index: 0, cur=peers:[omNode-3|localhost:15101, omNode-1|localhost:15093, omNode-2|localhost:15097]|listeners:[], old=null} RUNNING: Follower has completed install the snapshot 423.
2024-09-17 10:41:28,293 [omNode-3-server-thread2] INFO  ratis.OzoneManagerStateMachine (OzoneManagerStateMachine.java:notifySnapshotInstalled(237)) - Receive notifySnapshotInstalled event SUCCESS for the peer: omNode-3 snapshotIndex: 423.
2024-09-17 10:41:28,293 [omNode-3-server-thread2] INFO  utils.RDBSnapshotProvider (RDBSnapshotProvider.java:init(87)) - Cleaning up the candidate dir: /home/runner/work/ozone/ozone/hadoop-ozone/integration-test/target/test-dir/MiniOzoneClusterImpl-90660ac4-7e9c-448b-98ea-af4f808cf8d9/omNode-3/snapshot/om.db.candidate
2024-09-17 10:41:28,293 [omNode-3@group-523986131536-SegmentedRaftLogWorker] INFO  segmented.BufferedWriteChannel (BufferedWriteChannel.java:open(61)) - open log_inprogress_424 at position 0
2024-09-17 10:41:28,295 [omNode-3@group-523986131536-SegmentedRaftLogWorker] INFO  segmented.SegmentedRaftLogWorker (SegmentedRaftLogWorker.java:execute(637)) - omNode-3@group-523986131536-SegmentedRaftLogWorker: created new log segment /home/runner/work/ozone/ozone/hadoop-ozone/integration-test/target/test-dir/MiniOzoneClusterImpl-90660ac4-7e9c-448b-98ea-af4f808cf8d9/omNode-3/ratis/c9bc4cf4-3bc3-3c60-a66b-523986131536/current/log_inprogress_424
2024-09-17 10:41:28,301 [main] INFO  ratis.RatisHelper (RatisHelper.java:transferRatisLeadership(550)) - Start transferring leadership to omNode-3
2024-09-17 10:41:28,329 [main] INFO  ozone.MiniOzoneClusterImpl (MiniOzoneClusterImpl.java:shutdown(410)) - Shutting down the Mini Ozone Cluster
2024-09-17 10:41:28,329 [main] INFO  db.CodecTestUtil (CodecTestUtil.java:gc(50)) - gc 0
2024-09-17 10:41:28,524 [main] INFO  ozone.MiniOzoneHAClusterImpl (MiniOzoneHAClusterImpl.java:stop(288)) - Stopping the OzoneManager omNode-3
2024-09-17 10:41:28,525 [main] INFO  om.OzoneManager (OzoneManager.java:stop(2269)) - omNode-3[localhost:15098]: Stopping Ozone Manager
2024-09-17 10:41:28,525 [main] INFO  ipc.Server (Server.java:stop(3523)) - Stopping server on 15098
2024-09-17 10:41:28,527 [IPC Server listener on 15098] INFO  ipc.Server (Server.java:run(1434)) - Stopping IPC Server listener on 15098
2024-09-17 10:41:28,527 [IPC Server Responder] INFO  ipc.Server (Server.java:run(1567)) - Stopping IPC Server Responder
2024-09-17 10:41:28,528 [main] INFO  ratis.OzoneManagerRatisServer (OzoneManagerRatisServer.java:stop(609)) - Stopping org.apache.hadoop.ozone.om.ratis.OzoneManagerRatisServer@71675354 at port 15101
2024-09-17 10:41:28,528 [main] INFO  server.RaftServer (RaftServerProxy.java:lambda$close$9(418)) - omNode-3: close
2024-09-17 10:41:28,528 [main] INFO  server.GrpcService (GrpcService.java:closeImpl(311)) - omNode-3: shutdown server GrpcServerProtocolService now
2024-09-17 10:41:28,528 [omNode-3-impl-thread1] INFO  server.RaftServer$Division (RaftServerImpl.java:lambda$close$1(501)) - omNode-3@group-523986131536: shutdown
2024-09-17 10:41:28,528 [omNode-3-impl-thread1] INFO  util.JmxRegister (JmxRegister.java:unregister(74)) - Successfully un-registered JMX Bean with object name Ratis:service=RaftServer,group=group-523986131536,id=omNode-3
2024-09-17 10:41:28,528 [omNode-3-impl-thread1] INFO  impl.RoleInfo (RoleInfo.java:shutdownFollowerState(119)) - omNode-3: shutdown omNode-3@group-523986131536-FollowerState
2024-09-17 10:41:28,528 [omNode-3-impl-thread1] INFO  impl.StateMachineUpdater (StateMachineUpdater.java:stopAndJoin(164)) - omNode-3@group-523986131536-StateMachineUpdater: set stopIndex = 428
2024-09-17 10:41:28,528 [omNode-3@group-523986131536-FollowerState] INFO  impl.FollowerState (FollowerState.java:run(153)) - omNode-3@group-523986131536-FollowerState was interrupted
2024-09-17 10:41:28,529 [omNode-3@group-523986131536-StateMachineUpdater] INFO  ratis.OzoneManagerStateMachine (OzoneManagerStateMachine.java:takeSnapshotImpl(485)) -  applied = (t:1, i:428)
2024-09-17 10:41:28,529 [omNode-3@group-523986131536-StateMachineUpdater] INFO  ratis.OzoneManagerStateMachine (OzoneManagerStateMachine.java:takeSnapshotImpl(486)) -  skipped = 427
2024-09-17 10:41:28,529 [omNode-3@group-523986131536-StateMachineUpdater] INFO  ratis.OzoneManagerStateMachine (OzoneManagerStateMachine.java:takeSnapshotImpl(487)) - notified = (t:1, i:428)
2024-09-17 10:41:28,529 [omNode-3@group-523986131536-StateMachineUpdater] INFO  ratis.OzoneManagerStateMachine (OzoneManagerStateMachine.java:takeSnapshotImpl(488)) - snapshot = (t:1, i:428)
2024-09-17 10:41:28,529 [Thread-13049] INFO  server.GrpcServerProtocolClient (GrpcServerProtocolClient.java:close(103)) - omNode-1 Close channels
2024-09-17 10:41:28,529 [grpc-default-executor-5] WARN  server.GrpcServerProtocolService (LogUtils.java:warn(121)) - omNode-3: APPEND_ENTRIES onError, lastRequest: null: org.apache.ratis.thirdparty.io.grpc.StatusRuntimeException: CANCELLED: client cancelled
2024-09-17 10:41:28,529 [grpc-default-executor-3] WARN  server.GrpcServerProtocolService (LogUtils.java:warn(121)) - omNode-3: APPEND_ENTRIES onError, lastRequest: omNode-1->omNode-3#1853-t1,previous=(t:1, i:427),leaderCommit=428,initializing? false,entries: size=1, first=(t:1, i:428), METADATAENTRY(c:427): org.apache.ratis.thirdparty.io.grpc.StatusRuntimeException: CANCELLED: client cancelled
2024-09-17 10:41:28,529 [grpc-default-executor-1] WARN  server.GrpcLogAppender (LogUtils.java:warn(121)) - omNode-1@group-523986131536->omNode-3-AppendLogResponseHandler: Failed appendEntries: org.apache.ratis.thirdparty.io.grpc.StatusRuntimeException: CANCELLED: RST_STREAM closed stream. HTTP/2 error code: CANCEL
2024-09-17 10:41:28,529 [grpc-default-executor-1] WARN  server.GrpcLogAppender (GrpcLogAppender.java:lambda$resetClient$1(221)) - omNode-1@group-523986131536->omNode-3-GrpcLogAppender: Follower failed (request=null, errorCount=1); keep nextIndex (429) unchanged and retry.
2024-09-17 10:41:28,529 [Thread-13050] INFO  server.GrpcServerProtocolClient (GrpcServerProtocolClient.java:close(103)) - omNode-2 Close channels
2024-09-17 10:41:28,530 [main] INFO  server.GrpcService (GrpcService.java:closeImpl(320)) - omNode-3: shutdown server GrpcServerProtocolService successfully
2024-09-17 10:41:28,545 [omNode-3@group-523986131536-StateMachineUpdater] INFO  impl.StateMachineUpdater (StateMachineUpdater.java:takeSnapshot(303)) - omNode-3@group-523986131536-StateMachineUpdater: Took a snapshot at index 428
2024-09-17 10:41:28,545 [omNode-3@group-523986131536-StateMachineUpdater] INFO  impl.StateMachineUpdater (StateMachineUpdater.java:lambda$new$0(102)) - omNode-3@group-523986131536-StateMachineUpdater: snapshotIndex: updateIncreasingly 423 -> 428
2024-09-17 10:41:28,545 [omNode-3@group-523986131536-StateMachineUpdater] INFO  impl.StateMachineUpdater (StateMachineUpdater.java:stop(141)) - omNode-3@group-523986131536-StateMachineUpdater: closing OzoneManagerStateMachine, lastApplied=(t:1, i:428)
2024-09-17 10:41:28,545 [omNode-3@group-523986131536-StateMachineUpdater] INFO  ratis.OzoneManagerStateMachine (OzoneManagerStateMachine.java:close(531)) - Stopping OzoneManagerStateMachine:omNode-3:group-523986131536.
2024-09-17 10:41:28,545 [omNode-3@group-523986131536-StateMachineUpdater] INFO  ratis.OzoneManagerDoubleBuffer (OzoneManagerDoubleBuffer.java:stopDaemon(529)) - Stopping OMDoubleBuffer flush thread
2024-09-17 10:41:28,545 [omNode-3-OMDoubleBufferFlushThread] INFO  ratis.OzoneManagerDoubleBuffer (OzoneManagerDoubleBuffer.java:canFlush(593)) - OMDoubleBuffer flush thread omNode-3-OMDoubleBufferFlushThread is interrupted and will exit.
2024-09-17 10:41:28,546 [omNode-3@group-523986131536-cacheEviction-AwaitToRun] INFO  util.AwaitToRun (AwaitToRun.java:run(49)) - omNode-3@group-523986131536-cacheEviction-AwaitToRun-AwaitForSignal is interrupted
2024-09-17 10:41:29,309 [omNode-3-impl-thread1] INFO  segmented.SegmentedRaftLogWorker (SegmentedRaftLogWorker.java:close(248)) - omNode-3@group-523986131536-SegmentedRaftLogWorker close()
2024-09-17 10:41:29,309 [JvmPauseMonitor20] INFO  util.JvmPauseMonitor (JvmPauseMonitor.java:run(152)) - JvmPauseMonitor-omNode-3: Stopped
2024-09-17 10:41:29,309 [main] INFO  utils.BackgroundService (BackgroundService.java:shutdown(163)) - Shutting down service KeyDeletingService
2024-09-17 10:41:29,310 [main] INFO  utils.BackgroundService (BackgroundService.java:shutdown(163)) - Shutting down service DirectoryDeletingService
2024-09-17 10:41:29,311 [main] INFO  utils.BackgroundService (BackgroundService.java:shutdown(163)) - Shutting down service OpenKeyCleanupService
2024-09-17 10:41:29,311 [main] INFO  utils.BackgroundService (BackgroundService.java:shutdown(163)) - Shutting down service SstFilteringService
2024-09-17 10:41:29,311 [main] INFO  utils.BackgroundService (BackgroundService.java:shutdown(163)) - Shutting down service SnapshotDeletingService
2024-09-17 10:41:29,312 [main] INFO  utils.BackgroundService (BackgroundService.java:shutdown(163)) - Shutting down service MultipartUploadCleanupService
2024-09-17 10:41:29,312 [main] INFO  utils.BackgroundService (BackgroundService.java:shutdown(163)) - Shutting down service SnapshotDirectoryCleaningService
2024-09-17 10:41:29,313 [main] INFO  handler.ContextHandler (ContextHandler.java:doStop(1159)) - Stopped o.e.j.w.WebAppContext@51a45f79{ozoneManager,/,null,STOPPED}{file:/home/runner/work/ozone/ozone/hadoop-ozone/integration-test/target/test-classes/webapps/ozoneManager}
2024-09-17 10:41:29,313 [main] INFO  server.AbstractConnector (AbstractConnector.java:doStop(383)) - Stopped ServerConnector@1ecead58{HTTP/1.1, (http/1.1)}{0.0.0.0:15099}
2024-09-17 10:41:29,313 [main] INFO  server.session (HouseKeeper.java:stopScavenging(149)) - node0 Stopped scavenging
2024-09-17 10:41:29,313 [main] INFO  handler.ContextHandler (ContextHandler.java:doStop(1159)) - Stopped o.e.j.s.ServletContextHandler@59a01c50{static,/static,file:///home/runner/work/ozone/ozone/hadoop-ozone/integration-test/target/test-classes/webapps/static,STOPPED}
2024-09-17 10:41:29,314 [main] INFO  handler.ContextHandler (ContextHandler.java:doStop(1159)) - Stopped o.e.j.s.ServletContextHandler@2c740de7{logs,/logs,file:///home/runner/work/ozone/ozone/hadoop-ozone/integration-test/target/log,STOPPED}
2024-09-17 10:41:29,314 [main] INFO  rocksdiff.RocksDBCheckpointDiffer (RocksDBCheckpointDiffer.java:close(306)) - Shutting down CompactionDagPruningService.
2024-09-17 10:41:29,316 [main] INFO  snapshot.SnapshotDiffManager (SnapshotDiffManager.java:closeExecutorService(1657)) - Shutting down executorService: 'SnapDiffExecutor'
2024-09-17 10:41:29,317 [main] INFO  utils.BackgroundService (BackgroundService.java:shutdown(163)) - Shutting down service SnapshotDiffCleanupService
2024-09-17 10:41:29,318 [main] INFO  ozone.MiniOzoneHAClusterImpl (MiniOzoneHAClusterImpl.java:stop(288)) - Stopping the OzoneManager omNode-1
2024-09-17 10:41:29,318 [main] INFO  om.OzoneManager (OzoneManager.java:stop(2269)) - omNode-1[localhost:15090]: Stopping Ozone Manager
2024-09-17 10:41:29,318 [main] INFO  ipc.Server (Server.java:stop(3523)) - Stopping server on 15090
2024-09-17 10:41:29,320 [IPC Server Responder] INFO  ipc.Server (Server.java:run(1567)) - Stopping IPC Server Responder
2024-09-17 10:41:29,320 [IPC Server listener on 15090] INFO  ipc.Server (Server.java:run(1434)) - Stopping IPC Server listener on 15090
2024-09-17 10:41:29,320 [main] INFO  ratis.OzoneManagerRatisServer (OzoneManagerRatisServer.java:stop(609)) - Stopping org.apache.hadoop.ozone.om.ratis.OzoneManagerRatisServer@322eded1 at port 15093
2024-09-17 10:41:29,320 [main] INFO  server.RaftServer (RaftServerProxy.java:lambda$close$9(418)) - omNode-1: close
2024-09-17 10:41:29,320 [omNode-1-impl-thread1] INFO  server.RaftServer$Division (RaftServerImpl.java:lambda$close$1(501)) - omNode-1@group-523986131536: shutdown
2024-09-17 10:41:29,320 [main] INFO  server.GrpcService (GrpcService.java:closeImpl(311)) - omNode-1: shutdown server GrpcServerProtocolService now
2024-09-17 10:41:29,321 [omNode-1-impl-thread1] INFO  util.JmxRegister (JmxRegister.java:unregister(74)) - Successfully un-registered JMX Bean with object name Ratis:service=RaftServer,group=group-523986131536,id=omNode-1
2024-09-17 10:41:29,321 [omNode-1-impl-thread1] INFO  impl.RoleInfo (RoleInfo.java:shutdownLeaderState(103)) - omNode-1: shutdown omNode-1@group-523986131536-LeaderStateImpl
2024-09-17 10:41:29,321 [omNode-1-impl-thread1] INFO  impl.PendingRequests (PendingRequests.java:sendNotLeaderResponses(287)) - omNode-1@group-523986131536-PendingRequests: sendNotLeaderResponses
2024-09-17 10:41:29,321 [omNode-1@group-523986131536->omNode-3-GrpcLogAppender-LogAppenderDaemon] WARN  server.GrpcLogAppender (GrpcLogAppender.java:mayWait(293)) - omNode-1@group-523986131536->omNode-3-GrpcLogAppender: Wait interrupted by java.lang.InterruptedException
2024-09-17 10:41:29,321 [Thread-13151] INFO  server.GrpcServerProtocolClient (GrpcServerProtocolClient.java:close(103)) - omNode-3 Close channels
2024-09-17 10:41:29,321 [omNode-1@group-523986131536->omNode-2-GrpcLogAppender-LogAppenderDaemon] WARN  server.GrpcLogAppender (GrpcLogAppender.java:mayWait(293)) - omNode-1@group-523986131536->omNode-2-GrpcLogAppender: Wait interrupted by java.lang.InterruptedException
2024-09-17 10:41:29,322 [grpc-default-executor-5] INFO  server.GrpcServerProtocolService (GrpcServerProtocolService.java:onCompleted(157)) - omNode-2: Completed APPEND_ENTRIES, lastRequest: omNode-1->omNode-2#563-t1,previous=(t:1, i:427),leaderCommit=427,initializing? false,entries: size=1, first=(t:1, i:428), METADATAENTRY(c:427)
2024-09-17 10:41:29,322 [omNode-1@group-523986131536-StateMachineUpdater] INFO  ratis.OzoneManagerStateMachine (OzoneManagerStateMachine.java:takeSnapshotImpl(485)) -  applied = (t:1, i:428)
2024-09-17 10:41:29,322 [omNode-1@group-523986131536-StateMachineUpdater] INFO  ratis.OzoneManagerStateMachine (OzoneManagerStateMachine.java:takeSnapshotImpl(486)) -  skipped = 427
2024-09-17 10:41:29,322 [omNode-1@group-523986131536-StateMachineUpdater] INFO  ratis.OzoneManagerStateMachine (OzoneManagerStateMachine.java:takeSnapshotImpl(487)) - notified = (t:1, i:428)
2024-09-17 10:41:29,322 [omNode-1@group-523986131536-StateMachineUpdater] INFO  ratis.OzoneManagerStateMachine (OzoneManagerStateMachine.java:takeSnapshotImpl(488)) - snapshot = (t:1, i:428)
2024-09-17 10:41:29,322 [omNode-1-impl-thread1] INFO  impl.StateMachineUpdater (StateMachineUpdater.java:stopAndJoin(164)) - omNode-1@group-523986131536-StateMachineUpdater: set stopIndex = 428
2024-09-17 10:41:29,322 [Thread-13153] INFO  server.GrpcServerProtocolClient (GrpcServerProtocolClient.java:close(103)) - omNode-2 Close channels
2024-09-17 10:41:29,322 [grpc-default-executor-0] INFO  server.GrpcServerProtocolService (GrpcServerProtocolService.java:onCompleted(157)) - omNode-2: Completed APPEND_ENTRIES, lastRequest: null
2024-09-17 10:41:29,322 [grpc-default-executor-5] INFO  server.GrpcServerProtocolService (GrpcServerProtocolService.java:lambda$onCompleted$5(159)) - omNode-2: Completed APPEND_ENTRIES, lastReply: null
2024-09-17 10:41:29,323 [grpc-default-executor-0] INFO  server.GrpcServerProtocolService (GrpcServerProtocolService.java:lambda$onCompleted$5(159)) - omNode-2: Completed APPEND_ENTRIES, lastReply: serverReply {
  requestorId: "omNode-1"
  replyId: "omNode-2"
  raftGroupId {
    id: "\311\274L\364;\303<`\246kR9\206\023\0256"
  }
  callId: 568
  success: true
}
term: 1
nextIndex: 429
followerCommit: 428
matchIndex: 18446744073709551615
isHearbeat: true

2024-09-17 10:41:29,323 [grpc-default-executor-5] INFO  server.GrpcLogAppender (GrpcLogAppender.java:onCompleted(550)) - omNode-1@group-523986131536->omNode-2-AppendLogResponseHandler: follower responses appendEntries COMPLETED
2024-09-17 10:41:29,323 [grpc-default-executor-5] WARN  server.GrpcLogAppender (GrpcLogAppender.java:resetClient(230)) - omNode-1@group-523986131536->omNode-2-GrpcLogAppender: Failed to getClient for omNode-2
org.apache.ratis.protocol.exceptions.AlreadyClosedException: omNode-1 is already CLOSED
	at org.apache.ratis.util.PeerProxyMap$PeerAndProxy.getProxy(PeerProxyMap.java:67)
	at org.apache.ratis.util.PeerProxyMap.getProxy(PeerProxyMap.java:124)
	at org.apache.ratis.grpc.server.GrpcLogAppender.getClient(GrpcLogAppender.java:200)
	at org.apache.ratis.grpc.server.GrpcLogAppender.resetClient(GrpcLogAppender.java:205)
	at org.apache.ratis.grpc.server.GrpcLogAppender.access$800(GrpcLogAppender.java:64)
	at org.apache.ratis.grpc.server.GrpcLogAppender$AppendLogResponseHandler.onCompleted(GrpcLogAppender.java:551)
	at org.apache.ratis.thirdparty.io.grpc.stub.ClientCalls$StreamObserverToCallListenerAdapter.onClose(ClientCalls.java:479)
	at org.apache.ratis.thirdparty.io.grpc.internal.ClientCallImpl.closeObserver(ClientCallImpl.java:567)
	at org.apache.ratis.thirdparty.io.grpc.internal.ClientCallImpl.access$300(ClientCallImpl.java:71)
	at org.apache.ratis.thirdparty.io.grpc.internal.ClientCallImpl$ClientStreamListenerImpl$1StreamClosed.runInternal(ClientCallImpl.java:735)
	at org.apache.ratis.thirdparty.io.grpc.internal.ClientCallImpl$ClientStreamListenerImpl$1StreamClosed.runInContext(ClientCallImpl.java:716)
	at org.apache.ratis.thirdparty.io.grpc.internal.ContextRunnable.run(ContextRunnable.java:37)
	at org.apache.ratis.thirdparty.io.grpc.internal.SerializingExecutor.run(SerializingExecutor.java:133)
	at java.base/java.util.concurrent.ThreadPoolExecutor.runWorker(ThreadPoolExecutor.java:1136)
	at java.base/java.util.concurrent.ThreadPoolExecutor$Worker.run(ThreadPoolExecutor.java:635)
	at java.base/java.lang.Thread.run(Thread.java:840)
2024-09-17 10:41:29,323 [grpc-default-executor-0] INFO  server.GrpcLogAppender (GrpcLogAppender.java:onCompleted(550)) - omNode-1@group-523986131536->omNode-2-AppendLogResponseHandler: follower responses appendEntries COMPLETED
2024-09-17 10:41:29,323 [grpc-default-executor-0] WARN  server.GrpcLogAppender (GrpcLogAppender.java:resetClient(230)) - omNode-1@group-523986131536->omNode-2-GrpcLogAppender: Failed to getClient for omNode-2
org.apache.ratis.protocol.exceptions.AlreadyClosedException: omNode-1 is already CLOSED
	at org.apache.ratis.util.PeerProxyMap$PeerAndProxy.getProxy(PeerProxyMap.java:67)
	at org.apache.ratis.util.PeerProxyMap.getProxy(PeerProxyMap.java:124)
	at org.apache.ratis.grpc.server.GrpcLogAppender.getClient(GrpcLogAppender.java:200)
	at org.apache.ratis.grpc.server.GrpcLogAppender.resetClient(GrpcLogAppender.java:205)
	at org.apache.ratis.grpc.server.GrpcLogAppender.access$800(GrpcLogAppender.java:64)
	at org.apache.ratis.grpc.server.GrpcLogAppender$AppendLogResponseHandler.onCompleted(GrpcLogAppender.java:551)
	at org.apache.ratis.thirdparty.io.grpc.stub.ClientCalls$StreamObserverToCallListenerAdapter.onClose(ClientCalls.java:479)
	at org.apache.ratis.thirdparty.io.grpc.internal.DelayedClientCall$DelayedListener$3.run(DelayedClientCall.java:489)
	at org.apache.ratis.thirdparty.io.grpc.internal.DelayedClientCall$DelayedListener.delayOrExecute(DelayedClientCall.java:453)
	at org.apache.ratis.thirdparty.io.grpc.internal.DelayedClientCall$DelayedListener.onClose(DelayedClientCall.java:486)
	at org.apache.ratis.thirdparty.io.grpc.internal.ClientCallImpl.closeObserver(ClientCallImpl.java:567)
	at org.apache.ratis.thirdparty.io.grpc.internal.ClientCallImpl.access$300(ClientCallImpl.java:71)
	at org.apache.ratis.thirdparty.io.grpc.internal.ClientCallImpl$ClientStreamListenerImpl$1StreamClosed.runInternal(ClientCallImpl.java:735)
	at org.apache.ratis.thirdparty.io.grpc.internal.ClientCallImpl$ClientStreamListenerImpl$1StreamClosed.runInContext(ClientCallImpl.java:716)
	at org.apache.ratis.thirdparty.io.grpc.internal.ContextRunnable.run(ContextRunnable.java:37)
	at org.apache.ratis.thirdparty.io.grpc.internal.SerializingExecutor.run(SerializingExecutor.java:133)
	at java.base/java.util.concurrent.ThreadPoolExecutor.runWorker(ThreadPoolExecutor.java:1136)
	at java.base/java.util.concurrent.ThreadPoolExecutor$Worker.run(ThreadPoolExecutor.java:635)
	at java.base/java.lang.Thread.run(Thread.java:840)
2024-09-17 10:41:29,323 [main] INFO  server.GrpcService (GrpcService.java:closeImpl(320)) - omNode-1: shutdown server GrpcServerProtocolService successfully
2024-09-17 10:41:29,336 [omNode-1@group-523986131536-StateMachineUpdater] INFO  impl.StateMachineUpdater (StateMachineUpdater.java:takeSnapshot(303)) - omNode-1@group-523986131536-StateMachineUpdater: Took a snapshot at index 428
2024-09-17 10:41:29,337 [omNode-1@group-523986131536-StateMachineUpdater] INFO  impl.StateMachineUpdater (StateMachineUpdater.java:lambda$new$0(102)) - omNode-1@group-523986131536-StateMachineUpdater: snapshotIndex: updateIncreasingly 400 -> 428
2024-09-17 10:41:29,337 [omNode-1@group-523986131536-StateMachineUpdater] INFO  impl.StateMachineUpdater (StateMachineUpdater.java:stop(141)) - omNode-1@group-523986131536-StateMachineUpdater: closing OzoneManagerStateMachine, lastApplied=(t:1, i:428)
2024-09-17 10:41:29,337 [omNode-1@group-523986131536-StateMachineUpdater] INFO  ratis.OzoneManagerStateMachine (OzoneManagerStateMachine.java:close(531)) - Stopping OzoneManagerStateMachine:omNode-1:group-523986131536.
2024-09-17 10:41:29,337 [omNode-1@group-523986131536-StateMachineUpdater] INFO  ratis.OzoneManagerDoubleBuffer (OzoneManagerDoubleBuffer.java:stopDaemon(529)) - Stopping OMDoubleBuffer flush thread
2024-09-17 10:41:29,337 [omNode-1-OMDoubleBufferFlushThread] INFO  ratis.OzoneManagerDoubleBuffer (OzoneManagerDoubleBuffer.java:canFlush(593)) - OMDoubleBuffer flush thread omNode-1-OMDoubleBufferFlushThread is interrupted and will exit.
2024-09-17 10:41:29,337 [omNode-1@group-523986131536-cacheEviction-AwaitToRun] INFO  util.AwaitToRun (AwaitToRun.java:run(49)) - omNode-1@group-523986131536-cacheEviction-AwaitToRun-AwaitForSignal is interrupted
2024-09-17 10:41:30,286 [omNode-1-impl-thread1] INFO  segmented.SegmentedRaftLogWorker (SegmentedRaftLogWorker.java:close(248)) - omNode-1@group-523986131536-SegmentedRaftLogWorker close()
2024-09-17 10:41:30,286 [JvmPauseMonitor15] INFO  util.JvmPauseMonitor (JvmPauseMonitor.java:run(152)) - JvmPauseMonitor-omNode-1: Stopped
2024-09-17 10:41:30,286 [main] INFO  utils.BackgroundService (BackgroundService.java:shutdown(163)) - Shutting down service KeyDeletingService
2024-09-17 10:41:30,287 [main] INFO  utils.BackgroundService (BackgroundService.java:shutdown(163)) - Shutting down service DirectoryDeletingService
2024-09-17 10:41:30,287 [main] INFO  utils.BackgroundService (BackgroundService.java:shutdown(163)) - Shutting down service OpenKeyCleanupService
2024-09-17 10:41:30,287 [main] INFO  utils.BackgroundService (BackgroundService.java:shutdown(163)) - Shutting down service SstFilteringService
2024-09-17 10:41:30,287 [main] INFO  utils.BackgroundService (BackgroundService.java:shutdown(163)) - Shutting down service SnapshotDeletingService
2024-09-17 10:41:30,287 [main] INFO  utils.BackgroundService (BackgroundService.java:shutdown(163)) - Shutting down service MultipartUploadCleanupService
2024-09-17 10:41:30,288 [main] INFO  utils.BackgroundService (BackgroundService.java:shutdown(163)) - Shutting down service SnapshotDirectoryCleaningService
2024-09-17 10:41:30,288 [main] INFO  handler.ContextHandler (ContextHandler.java:doStop(1159)) - Stopped o.e.j.w.WebAppContext@2a12b003{ozoneManager,/,null,STOPPED}{file:/home/runner/work/ozone/ozone/hadoop-ozone/integration-test/target/test-classes/webapps/ozoneManager}
2024-09-17 10:41:30,289 [main] INFO  server.AbstractConnector (AbstractConnector.java:doStop(383)) - Stopped ServerConnector@3b91ed0e{HTTP/1.1, (http/1.1)}{0.0.0.0:15091}
2024-09-17 10:41:30,289 [main] INFO  server.session (HouseKeeper.java:stopScavenging(149)) - node0 Stopped scavenging
2024-09-17 10:41:30,289 [main] INFO  handler.ContextHandler (ContextHandler.java:doStop(1159)) - Stopped o.e.j.s.ServletContextHandler@4ca2e82d{static,/static,file:///home/runner/work/ozone/ozone/hadoop-ozone/integration-test/target/test-classes/webapps/static,STOPPED}
2024-09-17 10:41:30,290 [main] INFO  handler.ContextHandler (ContextHandler.java:doStop(1159)) - Stopped o.e.j.s.ServletContextHandler@67c784a6{logs,/logs,file:///home/runner/work/ozone/ozone/hadoop-ozone/integration-test/target/log,STOPPED}
2024-09-17 10:41:30,292 [main] INFO  rocksdiff.RocksDBCheckpointDiffer (RocksDBCheckpointDiffer.java:close(306)) - Shutting down CompactionDagPruningService.
2024-09-17 10:41:30,293 [main] INFO  snapshot.SnapshotDiffManager (SnapshotDiffManager.java:closeExecutorService(1657)) - Shutting down executorService: 'SnapDiffExecutor'
2024-09-17 10:41:30,293 [main] INFO  utils.BackgroundService (BackgroundService.java:shutdown(163)) - Shutting down service SnapshotDiffCleanupService
2024-09-17 10:41:30,294 [main] INFO  ozone.MiniOzoneHAClusterImpl (MiniOzoneHAClusterImpl.java:stop(288)) - Stopping the OzoneManager omNode-2
2024-09-17 10:41:30,294 [main] INFO  om.OzoneManager (OzoneManager.java:stop(2269)) - omNode-2[localhost:15094]: Stopping Ozone Manager
2024-09-17 10:41:30,294 [main] INFO  ipc.Server (Server.java:stop(3523)) - Stopping server on 15094
2024-09-17 10:41:30,296 [IPC Server listener on 15094] INFO  ipc.Server (Server.java:run(1434)) - Stopping IPC Server listener on 15094
2024-09-17 10:41:30,297 [IPC Server Responder] INFO  ipc.Server (Server.java:run(1567)) - Stopping IPC Server Responder
2024-09-17 10:41:30,297 [main] INFO  ratis.OzoneManagerRatisServer (OzoneManagerRatisServer.java:stop(609)) - Stopping org.apache.hadoop.ozone.om.ratis.OzoneManagerRatisServer@4ca988b3 at port 15097
2024-09-17 10:41:30,298 [main] INFO  server.RaftServer (RaftServerProxy.java:lambda$close$9(418)) - omNode-2: close
2024-09-17 10:41:30,298 [omNode-2-impl-thread1] INFO  server.RaftServer$Division (RaftServerImpl.java:lambda$close$1(501)) - omNode-2@group-523986131536: shutdown
2024-09-17 10:41:30,298 [omNode-2-impl-thread1] INFO  util.JmxRegister (JmxRegister.java:unregister(74)) - Successfully un-registered JMX Bean with object name Ratis:service=RaftServer,group=group-523986131536,id=omNode-2
2024-09-17 10:41:30,298 [omNode-2-impl-thread1] INFO  impl.RoleInfo (RoleInfo.java:shutdownFollowerState(119)) - omNode-2: shutdown omNode-2@group-523986131536-FollowerState
2024-09-17 10:41:30,298 [omNode-2-impl-thread1] INFO  impl.StateMachineUpdater (StateMachineUpdater.java:stopAndJoin(164)) - omNode-2@group-523986131536-StateMachineUpdater: set stopIndex = 428
2024-09-17 10:41:30,298 [omNode-2@group-523986131536-StateMachineUpdater] INFO  ratis.OzoneManagerStateMachine (OzoneManagerStateMachine.java:takeSnapshotImpl(485)) -  applied = (t:1, i:428)
2024-09-17 10:41:30,298 [omNode-2@group-523986131536-StateMachineUpdater] INFO  ratis.OzoneManagerStateMachine (OzoneManagerStateMachine.java:takeSnapshotImpl(486)) -  skipped = 427
2024-09-17 10:41:30,298 [omNode-2@group-523986131536-StateMachineUpdater] INFO  ratis.OzoneManagerStateMachine (OzoneManagerStateMachine.java:takeSnapshotImpl(487)) - notified = (t:1, i:428)
2024-09-17 10:41:30,298 [omNode-2@group-523986131536-StateMachineUpdater] INFO  ratis.OzoneManagerStateMachine (OzoneManagerStateMachine.java:takeSnapshotImpl(488)) - snapshot = (t:1, i:428)
2024-09-17 10:41:30,298 [omNode-2@group-523986131536-FollowerState] INFO  impl.FollowerState (FollowerState.java:run(153)) - omNode-2@group-523986131536-FollowerState was interrupted
2024-09-17 10:41:30,298 [main] INFO  server.GrpcService (GrpcService.java:closeImpl(311)) - omNode-2: shutdown server GrpcServerProtocolService now
2024-09-17 10:41:30,299 [main] INFO  server.GrpcService (GrpcService.java:closeImpl(320)) - omNode-2: shutdown server GrpcServerProtocolService successfully
2024-09-17 10:41:30,312 [omNode-2@group-523986131536-StateMachineUpdater] INFO  impl.StateMachineUpdater (StateMachineUpdater.java:takeSnapshot(303)) - omNode-2@group-523986131536-StateMachineUpdater: Took a snapshot at index 428
2024-09-17 10:41:30,312 [omNode-2@group-523986131536-StateMachineUpdater] INFO  impl.StateMachineUpdater (StateMachineUpdater.java:lambda$new$0(102)) - omNode-2@group-523986131536-StateMachineUpdater: snapshotIndex: updateIncreasingly 400 -> 428
2024-09-17 10:41:30,312 [omNode-2@group-523986131536-StateMachineUpdater] INFO  impl.StateMachineUpdater (StateMachineUpdater.java:stop(141)) - omNode-2@group-523986131536-StateMachineUpdater: closing OzoneManagerStateMachine, lastApplied=(t:1, i:428)
2024-09-17 10:41:30,312 [omNode-2@group-523986131536-StateMachineUpdater] INFO  ratis.OzoneManagerStateMachine (OzoneManagerStateMachine.java:close(531)) - Stopping OzoneManagerStateMachine:omNode-2:group-523986131536.
2024-09-17 10:41:30,312 [omNode-2@group-523986131536-StateMachineUpdater] INFO  ratis.OzoneManagerDoubleBuffer (OzoneManagerDoubleBuffer.java:stopDaemon(529)) - Stopping OMDoubleBuffer flush thread
2024-09-17 10:41:30,312 [omNode-2-OMDoubleBufferFlushThread] INFO  ratis.OzoneManagerDoubleBuffer (OzoneManagerDoubleBuffer.java:canFlush(593)) - OMDoubleBuffer flush thread omNode-2-OMDoubleBufferFlushThread is interrupted and will exit.
2024-09-17 10:41:30,313 [omNode-2@group-523986131536-cacheEviction-AwaitToRun] INFO  util.AwaitToRun (AwaitToRun.java:run(49)) - omNode-2@group-523986131536-cacheEviction-AwaitToRun-AwaitForSignal is interrupted
2024-09-17 10:41:31,299 [omNode-2-impl-thread1] INFO  segmented.SegmentedRaftLogWorker (SegmentedRaftLogWorker.java:close(248)) - omNode-2@group-523986131536-SegmentedRaftLogWorker close()
2024-09-17 10:41:31,299 [JvmPauseMonitor16] INFO  util.JvmPauseMonitor (JvmPauseMonitor.java:run(152)) - JvmPauseMonitor-omNode-2: Stopped
2024-09-17 10:41:31,300 [main] INFO  utils.BackgroundService (BackgroundService.java:shutdown(163)) - Shutting down service KeyDeletingService
2024-09-17 10:41:31,300 [main] INFO  utils.BackgroundService (BackgroundService.java:shutdown(163)) - Shutting down service DirectoryDeletingService
2024-09-17 10:41:31,300 [main] INFO  utils.BackgroundService (BackgroundService.java:shutdown(163)) - Shutting down service OpenKeyCleanupService
2024-09-17 10:41:31,300 [main] INFO  utils.BackgroundService (BackgroundService.java:shutdown(163)) - Shutting down service SstFilteringService
2024-09-17 10:41:31,300 [main] INFO  utils.BackgroundService (BackgroundService.java:shutdown(163)) - Shutting down service SnapshotDeletingService
2024-09-17 10:41:31,301 [main] INFO  utils.BackgroundService (BackgroundService.java:shutdown(163)) - Shutting down service MultipartUploadCleanupService
2024-09-17 10:41:31,301 [main] INFO  utils.BackgroundService (BackgroundService.java:shutdown(163)) - Shutting down service SnapshotDirectoryCleaningService
2024-09-17 10:41:31,302 [main] INFO  handler.ContextHandler (ContextHandler.java:doStop(1159)) - Stopped o.e.j.w.WebAppContext@2dd00266{ozoneManager,/,null,STOPPED}{file:/home/runner/work/ozone/ozone/hadoop-ozone/integration-test/target/test-classes/webapps/ozoneManager}
2024-09-17 10:41:31,303 [main] INFO  server.AbstractConnector (AbstractConnector.java:doStop(383)) - Stopped ServerConnector@30c1f4b4{HTTP/1.1, (http/1.1)}{0.0.0.0:15095}
2024-09-17 10:41:31,303 [main] INFO  server.session (HouseKeeper.java:stopScavenging(149)) - node0 Stopped scavenging
2024-09-17 10:41:31,303 [main] INFO  handler.ContextHandler (ContextHandler.java:doStop(1159)) - Stopped o.e.j.s.ServletContextHandler@601df30{static,/static,file:///home/runner/work/ozone/ozone/hadoop-ozone/integration-test/target/test-classes/webapps/static,STOPPED}
2024-09-17 10:41:31,304 [main] INFO  handler.ContextHandler (ContextHandler.java:doStop(1159)) - Stopped o.e.j.s.ServletContextHandler@76eb9f41{logs,/logs,file:///home/runner/work/ozone/ozone/hadoop-ozone/integration-test/target/log,STOPPED}
2024-09-17 10:41:31,304 [main] INFO  rocksdiff.RocksDBCheckpointDiffer (RocksDBCheckpointDiffer.java:close(306)) - Shutting down CompactionDagPruningService.
2024-09-17 10:41:31,306 [main] INFO  snapshot.SnapshotDiffManager (SnapshotDiffManager.java:closeExecutorService(1657)) - Shutting down executorService: 'SnapDiffExecutor'
2024-09-17 10:41:31,307 [main] INFO  utils.BackgroundService (BackgroundService.java:shutdown(163)) - Shutting down service SnapshotDiffCleanupService
2024-09-17 10:41:31,308 [main] INFO  ozone.MiniOzoneHAClusterImpl (MiniOzoneHAClusterImpl.java:stop(295)) - Stopping the StorageContainerManager dbbc8e92-4d06-42c8-b117-bfb2772cde7e
2024-09-17 10:41:31,308 [main] INFO  server.StorageContainerManager (StorageContainerManager.java:stop(1650)) - Container Balancer is not running.
2024-09-17 10:41:31,308 [main] INFO  server.StorageContainerManager (StorageContainerManager.java:stopReplicationManager(1788)) - Stopping Replication Manager Service.
2024-09-17 10:41:31,308 [main] INFO  replication.ReplicationManager (ReplicationManager.java:stop(329)) - Stopping Replication Monitor Thread.
2024-09-17 10:41:31,308 [OverReplicatedProcessor] WARN  replication.UnhealthyReplicationProcessor (UnhealthyReplicationProcessor.java:run(180)) - OverReplicatedProcessor interrupted. Exiting...
2024-09-17 10:41:31,308 [UnderReplicatedProcessor] WARN  replication.UnhealthyReplicationProcessor (UnhealthyReplicationProcessor.java:run(180)) - UnderReplicatedProcessor interrupted. Exiting...
2024-09-17 10:41:31,309 [main] INFO  server.StorageContainerManager (StorageContainerManager.java:stop(1659)) - Stopping the Datanode Admin Monitor.
2024-09-17 10:41:31,309 [main] INFO  server.StorageContainerManager (StorageContainerManager.java:stop(1666)) - Stopping datanode service RPC server
2024-09-17 10:41:31,309 [main] INFO  server.SCMDatanodeProtocolServer (SCMDatanodeProtocolServer.java:stop(430)) - Stopping the RPC server for DataNodes
2024-09-17 10:41:31,309 [main] INFO  ipc.Server (Server.java:stop(3523)) - Stopping server on 15088
2024-09-17 10:41:31,309 [ReplicationMonitor] INFO  replication.ReplicationManager (ReplicationManager.java:run(938)) - Replication Monitor Thread is stopped
2024-09-17 10:41:31,315 [IPC Server listener on 15088] INFO  ipc.Server (Server.java:run(1434)) - Stopping IPC Server listener on 15088
2024-09-17 10:41:31,315 [IPC Server Responder] INFO  ipc.Server (Server.java:run(1567)) - Stopping IPC Server Responder
2024-09-17 10:41:31,328 [SCMHeartbeatProcessor-0] WARN  node.NodeStateManager (NodeStateManager.java:scheduleNextHealthCheck(935)) - Current Thread is interrupted, shutting down HB processing thread for Node Manager.
2024-09-17 10:41:31,329 [main] INFO  server.StorageContainerManager (StorageContainerManager.java:stop(1674)) - Stopping block service RPC server
2024-09-17 10:41:31,329 [main] INFO  server.SCMBlockProtocolServer (SCMBlockProtocolServer.java:stop(181)) - Stopping the RPC server for Block Protocol
2024-09-17 10:41:31,329 [main] INFO  ipc.Server (Server.java:stop(3523)) - Stopping server on 15087
2024-09-17 10:41:31,333 [IPC Server listener on 15087] INFO  ipc.Server (Server.java:run(1434)) - Stopping IPC Server listener on 15087
2024-09-17 10:41:31,333 [IPC Server Responder] INFO  ipc.Server (Server.java:run(1567)) - Stopping IPC Server Responder
2024-09-17 10:41:31,333 [main] INFO  server.StorageContainerManager (StorageContainerManager.java:stop(1681)) - Stopping the StorageContainerLocationProtocol RPC server
2024-09-17 10:41:31,334 [main] INFO  server.SCMClientProtocolServer (SCMClientProtocolServer.java:stop(222)) - Stopping the RPC server for Client Protocol
2024-09-17 10:41:31,334 [main] INFO  ipc.Server (Server.java:stop(3523)) - Stopping server on 15086
2024-09-17 10:41:31,336 [IPC Server listener on 15086] INFO  ipc.Server (Server.java:run(1434)) - Stopping IPC Server listener on 15086
2024-09-17 10:41:31,336 [IPC Server Responder] INFO  ipc.Server (Server.java:run(1567)) - Stopping IPC Server Responder
2024-09-17 10:41:31,336 [main] INFO  server.StorageContainerManager (StorageContainerManager.java:stop(1688)) - Stopping Storage Container Manager HTTP server.
2024-09-17 10:41:31,337 [main] INFO  handler.ContextHandler (ContextHandler.java:doStop(1159)) - Stopped o.e.j.w.WebAppContext@1176578f{scm,/,null,STOPPED}{file:/home/runner/work/ozone/ozone/hadoop-ozone/integration-test/target/test-classes/webapps/scm}
2024-09-17 10:41:31,338 [main] INFO  server.AbstractConnector (AbstractConnector.java:doStop(383)) - Stopped ServerConnector@60552827{HTTP/1.1, (http/1.1)}{0.0.0.0:15089}
2024-09-17 10:41:31,338 [main] INFO  server.session (HouseKeeper.java:stopScavenging(149)) - node0 Stopped scavenging
2024-09-17 10:41:31,339 [main] INFO  handler.ContextHandler (ContextHandler.java:doStop(1159)) - Stopped o.e.j.s.ServletContextHandler@3fd8e5a4{static,/static,file:///home/runner/work/ozone/ozone/hadoop-ozone/integration-test/target/test-classes/webapps/static,STOPPED}
2024-09-17 10:41:31,339 [main] INFO  handler.ContextHandler (ContextHandler.java:doStop(1159)) - Stopped o.e.j.s.ServletContextHandler@73591246{logs,/logs,file:///home/runner/work/ozone/ozone/hadoop-ozone/integration-test/target/log,STOPPED}
2024-09-17 10:41:31,339 [main] INFO  server.StorageContainerManager (StorageContainerManager.java:stop(1696)) - Stopping SCM LayoutVersionManager Service.
2024-09-17 10:41:31,340 [main] INFO  server.StorageContainerManager (StorageContainerManager.java:stop(1708)) - Stopping Block Manager Service.
2024-09-17 10:41:31,340 [main] INFO  utils.BackgroundService (BackgroundService.java:shutdown(163)) - Shutting down service SCMBlockDeletingService
2024-09-17 10:41:31,340 [main] INFO  utils.BackgroundService (BackgroundService.java:shutdown(163)) - Shutting down service SCMBlockDeletingService
2024-09-17 10:41:31,340 [main] INFO  server.StorageContainerManager (StorageContainerManager.java:stop(1733)) - Stopping SCM Event Queue.
2024-09-17 10:41:31,341 [JvmPauseMonitor14] INFO  util.JvmPauseMonitor (JvmPauseMonitor.java:run(152)) - JvmPauseMonitor-dbbc8e92-4d06-42c8-b117-bfb2772cde7e: Stopped
2024-09-17 10:41:31,341 [main] INFO  server.StorageContainerManager (StorageContainerManager.java:stop(1744)) - Stopping SCM HA services.
2024-09-17 10:41:31,342 [main] INFO  pipeline.BackgroundPipelineCreator (BackgroundPipelineCreator.java:stop(152)) - Stopping RatisPipelineUtilsThread.
2024-09-17 10:41:31,342 [RatisPipelineUtilsThread-0] WARN  pipeline.BackgroundPipelineCreator (BackgroundPipelineCreator.java:run(183)) - RatisPipelineUtilsThread is interrupted.
2024-09-17 10:41:31,342 [main] INFO  BackgroundPipelineScrubber (BackgroundSCMService.java:stop(128)) - Stopping BackgroundPipelineScrubber Service.
2024-09-17 10:41:31,342 [BackgroundPipelineScrubber] WARN  BackgroundPipelineScrubber (BackgroundSCMService.java:run(112)) - BackgroundPipelineScrubber is interrupted, exit
2024-09-17 10:41:31,342 [main] INFO  impl.MetricsSystemImpl (MetricsSystemImpl.java:stop(210)) - Stopping OzoneManager metrics system...
2024-09-17 10:41:31,345 [prometheus] INFO  impl.MetricsSinkAdapter (MetricsSinkAdapter.java:publishMetricsFromQueue(141)) - prometheus thread interrupted.
2024-09-17 10:41:31,345 [main] INFO  impl.MetricsSystemImpl (MetricsSystemImpl.java:stop(216)) - OzoneManager metrics system stopped.
2024-09-17 10:41:31,345 [main] WARN  pipeline.BackgroundPipelineCreator (BackgroundPipelineCreator.java:stop(148)) - RatisPipelineUtilsThread is not running, just ignore.
2024-09-17 10:41:31,345 [main] INFO  BackgroundPipelineScrubber (BackgroundSCMService.java:stop(123)) - BackgroundPipelineScrubber Service is not running, skip stop.
2024-09-17 10:41:31,345 [main] INFO  ExpiredContainerReplicaOpScrubber (BackgroundSCMService.java:stop(128)) - Stopping ExpiredContainerReplicaOpScrubber Service.
2024-09-17 10:41:31,345 [main] INFO  utils.BackgroundService (BackgroundService.java:shutdown(163)) - Shutting down service SCMBlockDeletingService
2024-09-17 10:41:31,346 [ExpiredContainerReplicaOpScrubber] WARN  ExpiredContainerReplicaOpScrubber (BackgroundSCMService.java:run(112)) - ExpiredContainerReplicaOpScrubber is interrupted, exit
2024-09-17 10:41:31,346 [main] INFO  replication.ReplicationManager (ReplicationManager.java:stop(339)) - Replication Monitor Thread is not running.
2024-09-17 10:41:31,346 [main] WARN  balancer.ContainerBalancer (ContainerBalancer.java:stop(349)) - Cannot stop Container Balancer because it's not running or stopping
2024-09-17 10:41:31,346 [main] INFO  server.StorageContainerManager (StorageContainerManager.java:stop(1779)) - Stopping SCM MetadataStore.
2024-09-17 10:41:31,348 [main] INFO  ozone.MiniOzoneClusterImpl (MiniOzoneClusterImpl.java:stop(426)) - Stopping the Mini Ozone Cluster
2024-09-17 10:41:31,348 [main] INFO  ozone.MiniOzoneClusterImpl (MiniOzoneClusterImpl.java:stopDatanodes(485)) - Stopping the HddsDatanodes
2024-09-17 10:41:31,350 [main] INFO  ozoneimpl.OzoneContainer (OzoneContainer.java:stop(497)) - Attempting to stop container services.
2024-09-17 10:41:31,350 [ContainerMetadataScanner] WARN  ozoneimpl.AbstractBackgroundContainerScanner (AbstractBackgroundContainerScanner.java:handleRemainingSleep(134)) - Background container scan was interrupted.
2024-09-17 10:41:31,350 [ForkJoinPool.commonPool-worker-3] INFO  ozoneimpl.OzoneContainer (OzoneContainer.java:stop(497)) - Attempting to stop container services.
2024-09-17 10:41:31,350 [ContainerMetadataScanner] WARN  ozoneimpl.AbstractBackgroundContainerScanner (AbstractBackgroundContainerScanner.java:handleRemainingSleep(134)) - Background container scan was interrupted.
2024-09-17 10:41:31,350 [ContainerMetadataScanner] INFO  ozoneimpl.AbstractBackgroundContainerScanner (AbstractBackgroundContainerScanner.java:run(61)) - Thread[ContainerMetadataScanner,5,main] exiting.
2024-09-17 10:41:31,350 [ContainerMetadataScanner] INFO  ozoneimpl.AbstractBackgroundContainerScanner (AbstractBackgroundContainerScanner.java:run(61)) - Thread[ContainerMetadataScanner,5,main] exiting.
2024-09-17 10:41:31,351 [ForkJoinPool.commonPool-worker-3] INFO  ozoneimpl.BackgroundContainerDataScanner (BackgroundContainerDataScanner.java:shutdown(141)) - ContainerDataScanner(/home/runner/work/ozone/ozone/hadoop-ozone/integration-test/target/test-dir/MiniOzoneClusterImpl-90660ac4-7e9c-448b-98ea-af4f808cf8d9/ozone-meta/datanode-3/data-0/hdds) is shutting down. 
2024-09-17 10:41:31,351 [ContainerDataScanner(/home/runner/work/ozone/ozone/hadoop-ozone/integration-test/target/test-dir/MiniOzoneClusterImpl-90660ac4-7e9c-448b-98ea-af4f808cf8d9/ozone-meta/datanode-3/data-0/hdds)] WARN  ozoneimpl.AbstractBackgroundContainerScanner (AbstractBackgroundContainerScanner.java:handleRemainingSleep(134)) - Background container scan was interrupted.
2024-09-17 10:41:31,351 [main] INFO  ozoneimpl.BackgroundContainerDataScanner (BackgroundContainerDataScanner.java:shutdown(141)) - ContainerDataScanner(/home/runner/work/ozone/ozone/hadoop-ozone/integration-test/target/test-dir/MiniOzoneClusterImpl-90660ac4-7e9c-448b-98ea-af4f808cf8d9/ozone-meta/datanode-2/data-0/hdds) is shutting down. 
2024-09-17 10:41:31,351 [ContainerDataScanner(/home/runner/work/ozone/ozone/hadoop-ozone/integration-test/target/test-dir/MiniOzoneClusterImpl-90660ac4-7e9c-448b-98ea-af4f808cf8d9/ozone-meta/datanode-2/data-0/hdds)] WARN  ozoneimpl.AbstractBackgroundContainerScanner (AbstractBackgroundContainerScanner.java:handleRemainingSleep(134)) - Background container scan was interrupted.
2024-09-17 10:41:31,351 [ForkJoinPool.commonPool-worker-2] INFO  ozoneimpl.OzoneContainer (OzoneContainer.java:stop(497)) - Attempting to stop container services.
2024-09-17 10:41:31,351 [ContainerDataScanner(/home/runner/work/ozone/ozone/hadoop-ozone/integration-test/target/test-dir/MiniOzoneClusterImpl-90660ac4-7e9c-448b-98ea-af4f808cf8d9/ozone-meta/datanode-3/data-0/hdds)] INFO  ozoneimpl.AbstractBackgroundContainerScanner (AbstractBackgroundContainerScanner.java:run(61)) - ContainerDataScanner(/home/runner/work/ozone/ozone/hadoop-ozone/integration-test/target/test-dir/MiniOzoneClusterImpl-90660ac4-7e9c-448b-98ea-af4f808cf8d9/ozone-meta/datanode-3/data-0/hdds, DS-08585059-5b4b-4761-af00-d251d64d0b49) exiting.
2024-09-17 10:41:31,351 [ContainerMetadataScanner] WARN  ozoneimpl.AbstractBackgroundContainerScanner (AbstractBackgroundContainerScanner.java:handleRemainingSleep(134)) - Background container scan was interrupted.
2024-09-17 10:41:31,351 [ContainerMetadataScanner] INFO  ozoneimpl.AbstractBackgroundContainerScanner (AbstractBackgroundContainerScanner.java:run(61)) - Thread[ContainerMetadataScanner,5,main] exiting.
2024-09-17 10:41:31,351 [ContainerDataScanner(/home/runner/work/ozone/ozone/hadoop-ozone/integration-test/target/test-dir/MiniOzoneClusterImpl-90660ac4-7e9c-448b-98ea-af4f808cf8d9/ozone-meta/datanode-2/data-0/hdds)] INFO  ozoneimpl.AbstractBackgroundContainerScanner (AbstractBackgroundContainerScanner.java:run(61)) - ContainerDataScanner(/home/runner/work/ozone/ozone/hadoop-ozone/integration-test/target/test-dir/MiniOzoneClusterImpl-90660ac4-7e9c-448b-98ea-af4f808cf8d9/ozone-meta/datanode-2/data-0/hdds, DS-b23c9a26-c09a-4b6b-b5d3-102ad54718c3) exiting.
2024-09-17 10:41:31,351 [main] INFO  ozoneimpl.OnDemandContainerDataScanner (OnDemandContainerDataScanner.java:shutdownScanner(206)) - On-demand container scanner is shutting down.
2024-09-17 10:41:31,352 [ForkJoinPool.commonPool-worker-3] INFO  ratis.XceiverServerRatis (XceiverServerRatis.java:stop(596)) - Stopping XceiverServerRatis c84c3cd8-1177-42bf-a027-8b47ada8137b
2024-09-17 10:41:31,352 [main] INFO  ratis.XceiverServerRatis (XceiverServerRatis.java:stop(596)) - Stopping XceiverServerRatis eb256187-4e2b-429a-8dc2-6eca9b88007e
2024-09-17 10:41:31,352 [ForkJoinPool.commonPool-worker-3] INFO  server.RaftServer (RaftServerProxy.java:lambda$close$9(418)) - c84c3cd8-1177-42bf-a027-8b47ada8137b: close
2024-09-17 10:41:31,352 [c84c3cd8-1177-42bf-a027-8b47ada8137b-impl-thread1] INFO  server.RaftServer$Division (RaftServerImpl.java:lambda$close$1(501)) - c84c3cd8-1177-42bf-a027-8b47ada8137b@group-9116C400858E: shutdown
2024-09-17 10:41:31,352 [ForkJoinPool.commonPool-worker-2] INFO  ozoneimpl.BackgroundContainerDataScanner (BackgroundContainerDataScanner.java:shutdown(141)) - ContainerDataScanner(/home/runner/work/ozone/ozone/hadoop-ozone/integration-test/target/test-dir/MiniOzoneClusterImpl-90660ac4-7e9c-448b-98ea-af4f808cf8d9/ozone-meta/datanode-1/data-0/hdds) is shutting down. 
2024-09-17 10:41:31,352 [main] INFO  server.RaftServer (RaftServerProxy.java:lambda$close$9(418)) - eb256187-4e2b-429a-8dc2-6eca9b88007e: close
2024-09-17 10:41:31,352 [eb256187-4e2b-429a-8dc2-6eca9b88007e-impl-thread1] INFO  server.RaftServer$Division (RaftServerImpl.java:lambda$close$1(501)) - eb256187-4e2b-429a-8dc2-6eca9b88007e@group-9116C400858E: shutdown
2024-09-17 10:41:31,353 [eb256187-4e2b-429a-8dc2-6eca9b88007e-impl-thread1] INFO  util.JmxRegister (JmxRegister.java:unregister(74)) - Successfully un-registered JMX Bean with object name Ratis:service=RaftServer,group=group-9116C400858E,id=eb256187-4e2b-429a-8dc2-6eca9b88007e
2024-09-17 10:41:31,353 [eb256187-4e2b-429a-8dc2-6eca9b88007e-impl-thread1] INFO  impl.RoleInfo (RoleInfo.java:shutdownFollowerState(119)) - eb256187-4e2b-429a-8dc2-6eca9b88007e: shutdown eb256187-4e2b-429a-8dc2-6eca9b88007e@group-9116C400858E-FollowerState
2024-09-17 10:41:31,353 [eb256187-4e2b-429a-8dc2-6eca9b88007e-impl-thread1] INFO  impl.StateMachineUpdater (StateMachineUpdater.java:stopAndJoin(164)) - eb256187-4e2b-429a-8dc2-6eca9b88007e@group-9116C400858E-StateMachineUpdater: set stopIndex = 0
2024-09-17 10:41:31,353 [eb256187-4e2b-429a-8dc2-6eca9b88007e@group-9116C400858E-StateMachineUpdater] INFO  ratis.ContainerStateMachine (ContainerStateMachine.java:takeSnapshot(363)) - group-9116C400858E: Taking a snapshot at:(t:1, i:0) file /home/runner/work/ozone/ozone/hadoop-ozone/integration-test/target/test-dir/MiniOzoneClusterImpl-90660ac4-7e9c-448b-98ea-af4f808cf8d9/ozone-meta/datanode-2/ratis/61c62403-558d-4de3-8722-9116c400858e/sm/snapshot.1_0
2024-09-17 10:41:31,352 [ContainerDataScanner(/home/runner/work/ozone/ozone/hadoop-ozone/integration-test/target/test-dir/MiniOzoneClusterImpl-90660ac4-7e9c-448b-98ea-af4f808cf8d9/ozone-meta/datanode-1/data-0/hdds)] WARN  ozoneimpl.AbstractBackgroundContainerScanner (AbstractBackgroundContainerScanner.java:handleRemainingSleep(134)) - Background container scan was interrupted.
2024-09-17 10:41:31,353 [ContainerDataScanner(/home/runner/work/ozone/ozone/hadoop-ozone/integration-test/target/test-dir/MiniOzoneClusterImpl-90660ac4-7e9c-448b-98ea-af4f808cf8d9/ozone-meta/datanode-1/data-0/hdds)] INFO  ozoneimpl.AbstractBackgroundContainerScanner (AbstractBackgroundContainerScanner.java:run(61)) - ContainerDataScanner(/home/runner/work/ozone/ozone/hadoop-ozone/integration-test/target/test-dir/MiniOzoneClusterImpl-90660ac4-7e9c-448b-98ea-af4f808cf8d9/ozone-meta/datanode-1/data-0/hdds, DS-9fa5684e-32a1-4693-bf96-0b0ea16d109f) exiting.
2024-09-17 10:41:31,352 [c84c3cd8-1177-42bf-a027-8b47ada8137b-impl-thread1] INFO  util.JmxRegister (JmxRegister.java:unregister(74)) - Successfully un-registered JMX Bean with object name Ratis:service=RaftServer,group=group-9116C400858E,id=c84c3cd8-1177-42bf-a027-8b47ada8137b
2024-09-17 10:41:31,353 [c84c3cd8-1177-42bf-a027-8b47ada8137b-impl-thread1] INFO  impl.RoleInfo (RoleInfo.java:shutdownFollowerState(119)) - c84c3cd8-1177-42bf-a027-8b47ada8137b: shutdown c84c3cd8-1177-42bf-a027-8b47ada8137b@group-9116C400858E-FollowerState
2024-09-17 10:41:31,353 [c84c3cd8-1177-42bf-a027-8b47ada8137b-impl-thread1] INFO  impl.StateMachineUpdater (StateMachineUpdater.java:stopAndJoin(164)) - c84c3cd8-1177-42bf-a027-8b47ada8137b@group-9116C400858E-StateMachineUpdater: set stopIndex = 0
2024-09-17 10:41:31,353 [ForkJoinPool.commonPool-worker-2] INFO  ratis.XceiverServerRatis (XceiverServerRatis.java:stop(596)) - Stopping XceiverServerRatis 53457c10-51b1-485d-b312-794085cbc7f1
2024-09-17 10:41:31,353 [ForkJoinPool.commonPool-worker-2] INFO  server.RaftServer (RaftServerProxy.java:lambda$close$9(418)) - 53457c10-51b1-485d-b312-794085cbc7f1: close
2024-09-17 10:41:31,353 [53457c10-51b1-485d-b312-794085cbc7f1-impl-thread1] INFO  server.RaftServer$Division (RaftServerImpl.java:lambda$close$1(501)) - 53457c10-51b1-485d-b312-794085cbc7f1@group-9116C400858E: shutdown
2024-09-17 10:41:31,353 [53457c10-51b1-485d-b312-794085cbc7f1-impl-thread1] INFO  util.JmxRegister (JmxRegister.java:unregister(74)) - Successfully un-registered JMX Bean with object name Ratis:service=RaftServer,group=group-9116C400858E,id=53457c10-51b1-485d-b312-794085cbc7f1
2024-09-17 10:41:31,354 [53457c10-51b1-485d-b312-794085cbc7f1-impl-thread1] INFO  impl.RoleInfo (RoleInfo.java:shutdownLeaderState(103)) - 53457c10-51b1-485d-b312-794085cbc7f1: shutdown 53457c10-51b1-485d-b312-794085cbc7f1@group-9116C400858E-LeaderStateImpl
2024-09-17 10:41:31,354 [53457c10-51b1-485d-b312-794085cbc7f1@group-9116C400858E->eb256187-4e2b-429a-8dc2-6eca9b88007e-GrpcLogAppender-LogAppenderDaemon] WARN  server.GrpcLogAppender (GrpcLogAppender.java:mayWait(293)) - 53457c10-51b1-485d-b312-794085cbc7f1@group-9116C400858E->eb256187-4e2b-429a-8dc2-6eca9b88007e-GrpcLogAppender: Wait interrupted by java.lang.InterruptedException
2024-09-17 10:41:31,353 [eb256187-4e2b-429a-8dc2-6eca9b88007e@group-9116C400858E-FollowerState] INFO  impl.FollowerState (FollowerState.java:run(153)) - eb256187-4e2b-429a-8dc2-6eca9b88007e@group-9116C400858E-FollowerState was interrupted
2024-09-17 10:41:31,354 [53457c10-51b1-485d-b312-794085cbc7f1-impl-thread1] INFO  impl.PendingRequests (PendingRequests.java:sendNotLeaderResponses(287)) - 53457c10-51b1-485d-b312-794085cbc7f1@group-9116C400858E-PendingRequests: sendNotLeaderResponses
2024-09-17 10:41:31,354 [53457c10-51b1-485d-b312-794085cbc7f1@group-9116C400858E->c84c3cd8-1177-42bf-a027-8b47ada8137b-GrpcLogAppender-LogAppenderDaemon] WARN  server.GrpcLogAppender (GrpcLogAppender.java:mayWait(293)) - 53457c10-51b1-485d-b312-794085cbc7f1@group-9116C400858E->c84c3cd8-1177-42bf-a027-8b47ada8137b-GrpcLogAppender: Wait interrupted by java.lang.InterruptedException
2024-09-17 10:41:31,353 [c84c3cd8-1177-42bf-a027-8b47ada8137b@group-9116C400858E-FollowerState] INFO  impl.FollowerState (FollowerState.java:run(153)) - c84c3cd8-1177-42bf-a027-8b47ada8137b@group-9116C400858E-FollowerState was interrupted
2024-09-17 10:41:31,353 [c84c3cd8-1177-42bf-a027-8b47ada8137b@group-9116C400858E-StateMachineUpdater] INFO  ratis.ContainerStateMachine (ContainerStateMachine.java:takeSnapshot(363)) - group-9116C400858E: Taking a snapshot at:(t:1, i:0) file /home/runner/work/ozone/ozone/hadoop-ozone/integration-test/target/test-dir/MiniOzoneClusterImpl-90660ac4-7e9c-448b-98ea-af4f808cf8d9/ozone-meta/datanode-3/ratis/61c62403-558d-4de3-8722-9116c400858e/sm/snapshot.1_0
2024-09-17 10:41:31,354 [grpc-default-executor-0] INFO  server.GrpcServerProtocolService (GrpcServerProtocolService.java:onCompleted(157)) - eb256187-4e2b-429a-8dc2-6eca9b88007e: Completed APPEND_ENTRIES, lastRequest: null
2024-09-17 10:41:31,354 [eb256187-4e2b-429a-8dc2-6eca9b88007e@group-9116C400858E-StateMachineUpdater] INFO  ratis.ContainerStateMachine (ContainerStateMachine.java:takeSnapshot(374)) - group-9116C400858E: Finished taking a snapshot at:(t:1, i:0) file:/home/runner/work/ozone/ozone/hadoop-ozone/integration-test/target/test-dir/MiniOzoneClusterImpl-90660ac4-7e9c-448b-98ea-af4f808cf8d9/ozone-meta/datanode-2/ratis/61c62403-558d-4de3-8722-9116c400858e/sm/snapshot.1_0 took: 1 ms
2024-09-17 10:41:31,354 [grpc-default-executor-0] INFO  server.GrpcServerProtocolService (GrpcServerProtocolService.java:lambda$onCompleted$5(159)) - eb256187-4e2b-429a-8dc2-6eca9b88007e: Completed APPEND_ENTRIES, lastReply: serverReply {
  requestorId: "53457c10-51b1-485d-b312-794085cbc7f1"
  replyId: "eb256187-4e2b-429a-8dc2-6eca9b88007e"
  raftGroupId {
    id: "a\306$\003U\215M\343\207\"\221\026\304\000\205\216"
  }
  callId: 8
  success: true
}
term: 1
nextIndex: 1
matchIndex: 18446744073709551615
isHearbeat: true

2024-09-17 10:41:31,354 [eb256187-4e2b-429a-8dc2-6eca9b88007e@group-9116C400858E-StateMachineUpdater] INFO  impl.StateMachineUpdater (StateMachineUpdater.java:takeSnapshot(303)) - eb256187-4e2b-429a-8dc2-6eca9b88007e@group-9116C400858E-StateMachineUpdater: Took a snapshot at index 0
2024-09-17 10:41:31,355 [eb256187-4e2b-429a-8dc2-6eca9b88007e@group-9116C400858E-StateMachineUpdater] INFO  impl.StateMachineUpdater (StateMachineUpdater.java:lambda$new$0(102)) - eb256187-4e2b-429a-8dc2-6eca9b88007e@group-9116C400858E-StateMachineUpdater: snapshotIndex: updateIncreasingly -1 -> 0
2024-09-17 10:41:31,355 [c84c3cd8-1177-42bf-a027-8b47ada8137b@group-9116C400858E-StateMachineUpdater] INFO  ratis.ContainerStateMachine (ContainerStateMachine.java:takeSnapshot(374)) - group-9116C400858E: Finished taking a snapshot at:(t:1, i:0) file:/home/runner/work/ozone/ozone/hadoop-ozone/integration-test/target/test-dir/MiniOzoneClusterImpl-90660ac4-7e9c-448b-98ea-af4f808cf8d9/ozone-meta/datanode-3/ratis/61c62403-558d-4de3-8722-9116c400858e/sm/snapshot.1_0 took: 1 ms
2024-09-17 10:41:31,355 [eb256187-4e2b-429a-8dc2-6eca9b88007e@group-9116C400858E-StateMachineUpdater] INFO  impl.StateMachineUpdater (StateMachineUpdater.java:stop(141)) - eb256187-4e2b-429a-8dc2-6eca9b88007e@group-9116C400858E-StateMachineUpdater: closing ContainerStateMachine, lastApplied=(t:1, i:0)
2024-09-17 10:41:31,355 [c84c3cd8-1177-42bf-a027-8b47ada8137b@group-9116C400858E-StateMachineUpdater] INFO  impl.StateMachineUpdater (StateMachineUpdater.java:takeSnapshot(303)) - c84c3cd8-1177-42bf-a027-8b47ada8137b@group-9116C400858E-StateMachineUpdater: Took a snapshot at index 0
2024-09-17 10:41:31,355 [c84c3cd8-1177-42bf-a027-8b47ada8137b@group-9116C400858E-StateMachineUpdater] INFO  impl.StateMachineUpdater (StateMachineUpdater.java:lambda$new$0(102)) - c84c3cd8-1177-42bf-a027-8b47ada8137b@group-9116C400858E-StateMachineUpdater: snapshotIndex: updateIncreasingly -1 -> 0
2024-09-17 10:41:31,355 [grpc-default-executor-1] INFO  server.GrpcServerProtocolService (GrpcServerProtocolService.java:onCompleted(157)) - eb256187-4e2b-429a-8dc2-6eca9b88007e: Completed APPEND_ENTRIES, lastRequest: 53457c10-51b1-485d-b312-794085cbc7f1->eb256187-4e2b-429a-8dc2-6eca9b88007e#1-t1,previous=(t:0, i:0),leaderCommit=-1,initializing? false,entries: size=1, first=(t:1, i:0), CONFIGURATIONENTRY(current:id:"eb256187-4e2b-429a-8dc2-6eca9b88007e"address:"127.0.0.1:15115"dataStreamAddress:"127.0.0.1:15118"clientAddress:"127.0.0.1:15115"adminAddress:"127.0.0.1:15115"startupRole:FOLLOWER, id:"c84c3cd8-1177-42bf-a027-8b47ada8137b"address:"127.0.0.1:15124"dataStreamAddress:"127.0.0.1:15127"clientAddress:"127.0.0.1:15124"adminAddress:"127.0.0.1:15124"startupRole:FOLLOWER, id:"53457c10-51b1-485d-b312-794085cbc7f1"address:"127.0.0.1:15106"priority:1dataStreamAddress:"127.0.0.1:15109"clientAddress:"127.0.0.1:15106"adminAddress:"127.0.0.1:15106"startupRole:FOLLOWER, old:)
2024-09-17 10:41:31,355 [c84c3cd8-1177-42bf-a027-8b47ada8137b@group-9116C400858E-StateMachineUpdater] INFO  impl.StateMachineUpdater (StateMachineUpdater.java:stop(141)) - c84c3cd8-1177-42bf-a027-8b47ada8137b@group-9116C400858E-StateMachineUpdater: closing ContainerStateMachine, lastApplied=(t:1, i:0)
2024-09-17 10:41:31,355 [eb256187-4e2b-429a-8dc2-6eca9b88007e@group-9116C400858E-cacheEviction-AwaitToRun] INFO  util.AwaitToRun (AwaitToRun.java:run(49)) - eb256187-4e2b-429a-8dc2-6eca9b88007e@group-9116C400858E-cacheEviction-AwaitToRun-AwaitForSignal is interrupted
2024-09-17 10:41:31,355 [grpc-default-executor-3] INFO  server.GrpcServerProtocolService (GrpcServerProtocolService.java:onCompleted(157)) - c84c3cd8-1177-42bf-a027-8b47ada8137b: Completed APPEND_ENTRIES, lastRequest: null
2024-09-17 10:41:31,355 [grpc-default-executor-1] INFO  server.GrpcServerProtocolService (GrpcServerProtocolService.java:lambda$onCompleted$5(159)) - eb256187-4e2b-429a-8dc2-6eca9b88007e: Completed APPEND_ENTRIES, lastReply: null
2024-09-17 10:41:31,355 [grpc-default-executor-4] INFO  server.GrpcLogAppender (GrpcLogAppender.java:onCompleted(550)) - 53457c10-51b1-485d-b312-794085cbc7f1@group-9116C400858E->eb256187-4e2b-429a-8dc2-6eca9b88007e-AppendLogResponseHandler: follower responses appendEntries COMPLETED
2024-09-17 10:41:31,355 [grpc-default-executor-3] INFO  server.GrpcServerProtocolService (GrpcServerProtocolService.java:lambda$onCompleted$5(159)) - c84c3cd8-1177-42bf-a027-8b47ada8137b: Completed APPEND_ENTRIES, lastReply: serverReply {
  requestorId: "53457c10-51b1-485d-b312-794085cbc7f1"
  replyId: "c84c3cd8-1177-42bf-a027-8b47ada8137b"
  raftGroupId {
    id: "a\306$\003U\215M\343\207\"\221\026\304\000\205\216"
  }
  callId: 10
  success: true
}
term: 1
nextIndex: 1
matchIndex: 18446744073709551615
isHearbeat: true

2024-09-17 10:41:31,356 [53457c10-51b1-485d-b312-794085cbc7f1-impl-thread1] INFO  impl.StateMachineUpdater (StateMachineUpdater.java:stopAndJoin(164)) - 53457c10-51b1-485d-b312-794085cbc7f1@group-9116C400858E-StateMachineUpdater: set stopIndex = 0
2024-09-17 10:41:31,356 [grpc-default-executor-4] INFO  server.GrpcLogAppender (GrpcLogAppender.java:onCompleted(550)) - 53457c10-51b1-485d-b312-794085cbc7f1@group-9116C400858E->eb256187-4e2b-429a-8dc2-6eca9b88007e-AppendLogResponseHandler: follower responses appendEntries COMPLETED
2024-09-17 10:41:31,355 [grpc-default-executor-5] INFO  server.GrpcServerProtocolService (GrpcServerProtocolService.java:onCompleted(157)) - c84c3cd8-1177-42bf-a027-8b47ada8137b: Completed APPEND_ENTRIES, lastRequest: 53457c10-51b1-485d-b312-794085cbc7f1->c84c3cd8-1177-42bf-a027-8b47ada8137b#1-t1,previous=(t:0, i:0),leaderCommit=-1,initializing? false,entries: size=1, first=(t:1, i:0), CONFIGURATIONENTRY(current:id:"eb256187-4e2b-429a-8dc2-6eca9b88007e"address:"127.0.0.1:15115"dataStreamAddress:"127.0.0.1:15118"clientAddress:"127.0.0.1:15115"adminAddress:"127.0.0.1:15115"startupRole:FOLLOWER, id:"c84c3cd8-1177-42bf-a027-8b47ada8137b"address:"127.0.0.1:15124"dataStreamAddress:"127.0.0.1:15127"clientAddress:"127.0.0.1:15124"adminAddress:"127.0.0.1:15124"startupRole:FOLLOWER, id:"53457c10-51b1-485d-b312-794085cbc7f1"address:"127.0.0.1:15106"priority:1dataStreamAddress:"127.0.0.1:15109"clientAddress:"127.0.0.1:15106"adminAddress:"127.0.0.1:15106"startupRole:FOLLOWER, old:)
2024-09-17 10:41:31,356 [grpc-default-executor-5] INFO  server.GrpcServerProtocolService (GrpcServerProtocolService.java:lambda$onCompleted$5(159)) - c84c3cd8-1177-42bf-a027-8b47ada8137b: Completed APPEND_ENTRIES, lastReply: null
2024-09-17 10:41:31,356 [c84c3cd8-1177-42bf-a027-8b47ada8137b@group-9116C400858E-cacheEviction-AwaitToRun] INFO  util.AwaitToRun (AwaitToRun.java:run(49)) - c84c3cd8-1177-42bf-a027-8b47ada8137b@group-9116C400858E-cacheEviction-AwaitToRun-AwaitForSignal is interrupted
2024-09-17 10:41:31,356 [53457c10-51b1-485d-b312-794085cbc7f1@group-9116C400858E-StateMachineUpdater] INFO  ratis.ContainerStateMachine (ContainerStateMachine.java:takeSnapshot(363)) - group-9116C400858E: Taking a snapshot at:(t:1, i:0) file /home/runner/work/ozone/ozone/hadoop-ozone/integration-test/target/test-dir/MiniOzoneClusterImpl-90660ac4-7e9c-448b-98ea-af4f808cf8d9/ozone-meta/datanode-1/ratis/61c62403-558d-4de3-8722-9116c400858e/sm/snapshot.1_0
2024-09-17 10:41:31,356 [grpc-default-executor-0] INFO  server.GrpcLogAppender (GrpcLogAppender.java:onCompleted(550)) - 53457c10-51b1-485d-b312-794085cbc7f1@group-9116C400858E->c84c3cd8-1177-42bf-a027-8b47ada8137b-AppendLogResponseHandler: follower responses appendEntries COMPLETED
2024-09-17 10:41:31,356 [grpc-default-executor-4] INFO  server.GrpcLogAppender (GrpcLogAppender.java:onCompleted(550)) - 53457c10-51b1-485d-b312-794085cbc7f1@group-9116C400858E->c84c3cd8-1177-42bf-a027-8b47ada8137b-AppendLogResponseHandler: follower responses appendEntries COMPLETED
2024-09-17 10:41:31,356 [53457c10-51b1-485d-b312-794085cbc7f1@group-9116C400858E-StateMachineUpdater] INFO  ratis.ContainerStateMachine (ContainerStateMachine.java:takeSnapshot(374)) - group-9116C400858E: Finished taking a snapshot at:(t:1, i:0) file:/home/runner/work/ozone/ozone/hadoop-ozone/integration-test/target/test-dir/MiniOzoneClusterImpl-90660ac4-7e9c-448b-98ea-af4f808cf8d9/ozone-meta/datanode-1/ratis/61c62403-558d-4de3-8722-9116c400858e/sm/snapshot.1_0 took: 1 ms
2024-09-17 10:41:31,356 [53457c10-51b1-485d-b312-794085cbc7f1@group-9116C400858E-StateMachineUpdater] INFO  impl.StateMachineUpdater (StateMachineUpdater.java:takeSnapshot(303)) - 53457c10-51b1-485d-b312-794085cbc7f1@group-9116C400858E-StateMachineUpdater: Took a snapshot at index 0
2024-09-17 10:41:31,356 [53457c10-51b1-485d-b312-794085cbc7f1@group-9116C400858E-StateMachineUpdater] INFO  impl.StateMachineUpdater (StateMachineUpdater.java:lambda$new$0(102)) - 53457c10-51b1-485d-b312-794085cbc7f1@group-9116C400858E-StateMachineUpdater: snapshotIndex: updateIncreasingly -1 -> 0
2024-09-17 10:41:31,357 [53457c10-51b1-485d-b312-794085cbc7f1@group-9116C400858E-StateMachineUpdater] INFO  impl.StateMachineUpdater (StateMachineUpdater.java:stop(141)) - 53457c10-51b1-485d-b312-794085cbc7f1@group-9116C400858E-StateMachineUpdater: closing ContainerStateMachine, lastApplied=(t:1, i:0)
2024-09-17 10:41:31,357 [53457c10-51b1-485d-b312-794085cbc7f1@group-9116C400858E-cacheEviction-AwaitToRun] INFO  util.AwaitToRun (AwaitToRun.java:run(49)) - 53457c10-51b1-485d-b312-794085cbc7f1@group-9116C400858E-cacheEviction-AwaitToRun-AwaitForSignal is interrupted
2024-09-17 10:41:31,360 [c84c3cd8-1177-42bf-a027-8b47ada8137b-impl-thread2] INFO  server.RaftServer$Division (RaftServerImpl.java:lambda$close$1(501)) - c84c3cd8-1177-42bf-a027-8b47ada8137b@group-7CB29ED6A730: shutdown
2024-09-17 10:41:31,361 [c84c3cd8-1177-42bf-a027-8b47ada8137b-impl-thread2] INFO  util.JmxRegister (JmxRegister.java:unregister(74)) - Successfully un-registered JMX Bean with object name Ratis:service=RaftServer,group=group-7CB29ED6A730,id=c84c3cd8-1177-42bf-a027-8b47ada8137b
2024-09-17 10:41:31,361 [c84c3cd8-1177-42bf-a027-8b47ada8137b-impl-thread2] INFO  impl.RoleInfo (RoleInfo.java:shutdownFollowerState(119)) - c84c3cd8-1177-42bf-a027-8b47ada8137b: shutdown c84c3cd8-1177-42bf-a027-8b47ada8137b@group-7CB29ED6A730-FollowerState
2024-09-17 10:41:31,361 [c84c3cd8-1177-42bf-a027-8b47ada8137b-impl-thread2] INFO  impl.StateMachineUpdater (StateMachineUpdater.java:stopAndJoin(164)) - c84c3cd8-1177-42bf-a027-8b47ada8137b@group-7CB29ED6A730-StateMachineUpdater: set stopIndex = 0
2024-09-17 10:41:31,361 [c84c3cd8-1177-42bf-a027-8b47ada8137b@group-7CB29ED6A730-FollowerState] INFO  impl.FollowerState (FollowerState.java:run(153)) - c84c3cd8-1177-42bf-a027-8b47ada8137b@group-7CB29ED6A730-FollowerState was interrupted
2024-09-17 10:41:31,361 [c84c3cd8-1177-42bf-a027-8b47ada8137b@group-7CB29ED6A730-StateMachineUpdater] INFO  ratis.ContainerStateMachine (ContainerStateMachine.java:takeSnapshot(363)) - group-7CB29ED6A730: Taking a snapshot at:(t:1, i:0) file /home/runner/work/ozone/ozone/hadoop-ozone/integration-test/target/test-dir/MiniOzoneClusterImpl-90660ac4-7e9c-448b-98ea-af4f808cf8d9/ozone-meta/datanode-3/ratis/2cbbccb8-f307-448c-bf1d-7cb29ed6a730/sm/snapshot.1_0
2024-09-17 10:41:31,361 [eb256187-4e2b-429a-8dc2-6eca9b88007e-impl-thread2] INFO  server.RaftServer$Division (RaftServerImpl.java:lambda$close$1(501)) - eb256187-4e2b-429a-8dc2-6eca9b88007e@group-7CB29ED6A730: shutdown
2024-09-17 10:41:31,361 [c84c3cd8-1177-42bf-a027-8b47ada8137b@group-7CB29ED6A730-StateMachineUpdater] INFO  ratis.ContainerStateMachine (ContainerStateMachine.java:takeSnapshot(374)) - group-7CB29ED6A730: Finished taking a snapshot at:(t:1, i:0) file:/home/runner/work/ozone/ozone/hadoop-ozone/integration-test/target/test-dir/MiniOzoneClusterImpl-90660ac4-7e9c-448b-98ea-af4f808cf8d9/ozone-meta/datanode-3/ratis/2cbbccb8-f307-448c-bf1d-7cb29ed6a730/sm/snapshot.1_0 took: 1 ms
2024-09-17 10:41:31,361 [main] INFO  server.GrpcService (GrpcService.java:closeImpl(311)) - eb256187-4e2b-429a-8dc2-6eca9b88007e: shutdown server GrpcServerProtocolService now
2024-09-17 10:41:31,362 [eb256187-4e2b-429a-8dc2-6eca9b88007e-impl-thread2] INFO  util.JmxRegister (JmxRegister.java:unregister(74)) - Successfully un-registered JMX Bean with object name Ratis:service=RaftServer,group=group-7CB29ED6A730,id=eb256187-4e2b-429a-8dc2-6eca9b88007e
2024-09-17 10:41:31,361 [c84c3cd8-1177-42bf-a027-8b47ada8137b@group-7CB29ED6A730-StateMachineUpdater] INFO  impl.StateMachineUpdater (StateMachineUpdater.java:takeSnapshot(303)) - c84c3cd8-1177-42bf-a027-8b47ada8137b@group-7CB29ED6A730-StateMachineUpdater: Took a snapshot at index 0
2024-09-17 10:41:31,362 [c84c3cd8-1177-42bf-a027-8b47ada8137b@group-7CB29ED6A730-StateMachineUpdater] INFO  impl.StateMachineUpdater (StateMachineUpdater.java:lambda$new$0(102)) - c84c3cd8-1177-42bf-a027-8b47ada8137b@group-7CB29ED6A730-StateMachineUpdater: snapshotIndex: updateIncreasingly -1 -> 0
2024-09-17 10:41:31,362 [c84c3cd8-1177-42bf-a027-8b47ada8137b@group-7CB29ED6A730-StateMachineUpdater] INFO  impl.StateMachineUpdater (StateMachineUpdater.java:stop(141)) - c84c3cd8-1177-42bf-a027-8b47ada8137b@group-7CB29ED6A730-StateMachineUpdater: closing ContainerStateMachine, lastApplied=(t:1, i:0)
2024-09-17 10:41:31,362 [eb256187-4e2b-429a-8dc2-6eca9b88007e-impl-thread3] INFO  server.RaftServer$Division (RaftServerImpl.java:lambda$close$1(501)) - eb256187-4e2b-429a-8dc2-6eca9b88007e@group-0C6A6A2ABC1B: shutdown
2024-09-17 10:41:31,362 [c84c3cd8-1177-42bf-a027-8b47ada8137b@group-7CB29ED6A730-cacheEviction-AwaitToRun] INFO  util.AwaitToRun (AwaitToRun.java:run(49)) - c84c3cd8-1177-42bf-a027-8b47ada8137b@group-7CB29ED6A730-cacheEviction-AwaitToRun-AwaitForSignal is interrupted
2024-09-17 10:41:31,363 [eb256187-4e2b-429a-8dc2-6eca9b88007e-impl-thread3] INFO  util.JmxRegister (JmxRegister.java:unregister(74)) - Successfully un-registered JMX Bean with object name Ratis:service=RaftServer,group=group-0C6A6A2ABC1B,id=eb256187-4e2b-429a-8dc2-6eca9b88007e
2024-09-17 10:41:31,363 [eb256187-4e2b-429a-8dc2-6eca9b88007e-impl-thread3] INFO  impl.RoleInfo (RoleInfo.java:shutdownLeaderState(103)) - eb256187-4e2b-429a-8dc2-6eca9b88007e: shutdown eb256187-4e2b-429a-8dc2-6eca9b88007e@group-0C6A6A2ABC1B-LeaderStateImpl
2024-09-17 10:41:31,363 [eb256187-4e2b-429a-8dc2-6eca9b88007e-impl-thread3] INFO  impl.PendingRequests (PendingRequests.java:sendNotLeaderResponses(287)) - eb256187-4e2b-429a-8dc2-6eca9b88007e@group-0C6A6A2ABC1B-PendingRequests: sendNotLeaderResponses
2024-09-17 10:41:31,363 [Thread-13323] INFO  server.GrpcServerProtocolClient (GrpcServerProtocolClient.java:close(103)) - c84c3cd8-1177-42bf-a027-8b47ada8137b Close channels
2024-09-17 10:41:31,363 [eb256187-4e2b-429a-8dc2-6eca9b88007e-impl-thread2] INFO  impl.RoleInfo (RoleInfo.java:shutdownLeaderState(103)) - eb256187-4e2b-429a-8dc2-6eca9b88007e: shutdown eb256187-4e2b-429a-8dc2-6eca9b88007e@group-7CB29ED6A730-LeaderStateImpl
2024-09-17 10:41:31,363 [eb256187-4e2b-429a-8dc2-6eca9b88007e@group-7CB29ED6A730->53457c10-51b1-485d-b312-794085cbc7f1-GrpcLogAppender-LogAppenderDaemon] WARN  server.GrpcLogAppender (GrpcLogAppender.java:mayWait(293)) - eb256187-4e2b-429a-8dc2-6eca9b88007e@group-7CB29ED6A730->53457c10-51b1-485d-b312-794085cbc7f1-GrpcLogAppender: Wait interrupted by java.lang.InterruptedException
2024-09-17 10:41:31,363 [Thread-13324] INFO  server.GrpcServerProtocolClient (GrpcServerProtocolClient.java:close(103)) - 53457c10-51b1-485d-b312-794085cbc7f1 Close channels
2024-09-17 10:41:31,363 [grpc-default-executor-3] INFO  server.GrpcServerProtocolService (GrpcServerProtocolService.java:onCompleted(157)) - 53457c10-51b1-485d-b312-794085cbc7f1: Completed APPEND_ENTRIES, lastRequest: null
2024-09-17 10:41:31,364 [grpc-default-executor-5] INFO  server.GrpcServerProtocolService (GrpcServerProtocolService.java:onCompleted(157)) - 53457c10-51b1-485d-b312-794085cbc7f1: Completed APPEND_ENTRIES, lastRequest: eb256187-4e2b-429a-8dc2-6eca9b88007e->53457c10-51b1-485d-b312-794085cbc7f1#1-t1,previous=(t:0, i:0),leaderCommit=-1,initializing? false,entries: size=1, first=(t:1, i:0), CONFIGURATIONENTRY(current:id:"eb256187-4e2b-429a-8dc2-6eca9b88007e"address:"127.0.0.1:15115"priority:1dataStreamAddress:"127.0.0.1:15118"clientAddress:"127.0.0.1:15115"adminAddress:"127.0.0.1:15115"startupRole:FOLLOWER, id:"c84c3cd8-1177-42bf-a027-8b47ada8137b"address:"127.0.0.1:15124"dataStreamAddress:"127.0.0.1:15127"clientAddress:"127.0.0.1:15124"adminAddress:"127.0.0.1:15124"startupRole:FOLLOWER, id:"53457c10-51b1-485d-b312-794085cbc7f1"address:"127.0.0.1:15106"dataStreamAddress:"127.0.0.1:15109"clientAddress:"127.0.0.1:15106"adminAddress:"127.0.0.1:15106"startupRole:FOLLOWER, old:)
2024-09-17 10:41:31,363 [eb256187-4e2b-429a-8dc2-6eca9b88007e@group-0C6A6A2ABC1B-StateMachineUpdater] INFO  ratis.ContainerStateMachine (ContainerStateMachine.java:takeSnapshot(363)) - group-0C6A6A2ABC1B: Taking a snapshot at:(t:1, i:98) file /home/runner/work/ozone/ozone/hadoop-ozone/integration-test/target/test-dir/MiniOzoneClusterImpl-90660ac4-7e9c-448b-98ea-af4f808cf8d9/ozone-meta/datanode-2/ratis/cf90e5a1-d452-4d2c-a627-0c6a6a2abc1b/sm/snapshot.1_98
2024-09-17 10:41:31,363 [eb256187-4e2b-429a-8dc2-6eca9b88007e-impl-thread3] INFO  impl.StateMachineUpdater (StateMachineUpdater.java:stopAndJoin(164)) - eb256187-4e2b-429a-8dc2-6eca9b88007e@group-0C6A6A2ABC1B-StateMachineUpdater: set stopIndex = 98
2024-09-17 10:41:31,364 [eb256187-4e2b-429a-8dc2-6eca9b88007e@group-7CB29ED6A730->c84c3cd8-1177-42bf-a027-8b47ada8137b-GrpcLogAppender-LogAppenderDaemon] WARN  server.GrpcLogAppender (GrpcLogAppender.java:mayWait(293)) - eb256187-4e2b-429a-8dc2-6eca9b88007e@group-7CB29ED6A730->c84c3cd8-1177-42bf-a027-8b47ada8137b-GrpcLogAppender: Wait interrupted by java.lang.InterruptedException
2024-09-17 10:41:31,364 [grpc-default-executor-4] INFO  server.GrpcServerProtocolService (GrpcServerProtocolService.java:onCompleted(157)) - c84c3cd8-1177-42bf-a027-8b47ada8137b: Completed APPEND_ENTRIES, lastRequest: null
2024-09-17 10:41:31,364 [grpc-default-executor-0] INFO  server.GrpcServerProtocolService (GrpcServerProtocolService.java:onCompleted(157)) - c84c3cd8-1177-42bf-a027-8b47ada8137b: Completed APPEND_ENTRIES, lastRequest: eb256187-4e2b-429a-8dc2-6eca9b88007e->c84c3cd8-1177-42bf-a027-8b47ada8137b#1-t1,previous=(t:0, i:0),leaderCommit=-1,initializing? false,entries: size=1, first=(t:1, i:0), CONFIGURATIONENTRY(current:id:"eb256187-4e2b-429a-8dc2-6eca9b88007e"address:"127.0.0.1:15115"priority:1dataStreamAddress:"127.0.0.1:15118"clientAddress:"127.0.0.1:15115"adminAddress:"127.0.0.1:15115"startupRole:FOLLOWER, id:"c84c3cd8-1177-42bf-a027-8b47ada8137b"address:"127.0.0.1:15124"dataStreamAddress:"127.0.0.1:15127"clientAddress:"127.0.0.1:15124"adminAddress:"127.0.0.1:15124"startupRole:FOLLOWER, id:"53457c10-51b1-485d-b312-794085cbc7f1"address:"127.0.0.1:15106"dataStreamAddress:"127.0.0.1:15109"clientAddress:"127.0.0.1:15106"adminAddress:"127.0.0.1:15106"startupRole:FOLLOWER, old:)
2024-09-17 10:41:31,364 [grpc-default-executor-0] INFO  server.GrpcServerProtocolService (GrpcServerProtocolService.java:lambda$onCompleted$5(159)) - c84c3cd8-1177-42bf-a027-8b47ada8137b: Completed APPEND_ENTRIES, lastReply: null
2024-09-17 10:41:31,364 [grpc-default-executor-0] INFO  server.GrpcLogAppender (GrpcLogAppender.java:onCompleted(550)) - eb256187-4e2b-429a-8dc2-6eca9b88007e@group-7CB29ED6A730->c84c3cd8-1177-42bf-a027-8b47ada8137b-AppendLogResponseHandler: follower responses appendEntries COMPLETED
2024-09-17 10:41:31,365 [grpc-default-executor-0] WARN  server.GrpcLogAppender (GrpcLogAppender.java:resetClient(230)) - eb256187-4e2b-429a-8dc2-6eca9b88007e@group-7CB29ED6A730->c84c3cd8-1177-42bf-a027-8b47ada8137b-GrpcLogAppender: Failed to getClient for c84c3cd8-1177-42bf-a027-8b47ada8137b
org.apache.ratis.protocol.exceptions.AlreadyClosedException: eb256187-4e2b-429a-8dc2-6eca9b88007e is already CLOSED
	at org.apache.ratis.util.PeerProxyMap$PeerAndProxy.getProxy(PeerProxyMap.java:67)
	at org.apache.ratis.util.PeerProxyMap.getProxy(PeerProxyMap.java:124)
	at org.apache.ratis.grpc.server.GrpcLogAppender.getClient(GrpcLogAppender.java:200)
	at org.apache.ratis.grpc.server.GrpcLogAppender.resetClient(GrpcLogAppender.java:205)
	at org.apache.ratis.grpc.server.GrpcLogAppender.access$800(GrpcLogAppender.java:64)
	at org.apache.ratis.grpc.server.GrpcLogAppender$AppendLogResponseHandler.onCompleted(GrpcLogAppender.java:551)
	at org.apache.ratis.thirdparty.io.grpc.stub.ClientCalls$StreamObserverToCallListenerAdapter.onClose(ClientCalls.java:479)
	at org.apache.ratis.thirdparty.io.grpc.internal.ClientCallImpl.closeObserver(ClientCallImpl.java:567)
	at org.apache.ratis.thirdparty.io.grpc.internal.ClientCallImpl.access$300(ClientCallImpl.java:71)
	at org.apache.ratis.thirdparty.io.grpc.internal.ClientCallImpl$ClientStreamListenerImpl$1StreamClosed.runInternal(ClientCallImpl.java:735)
	at org.apache.ratis.thirdparty.io.grpc.internal.ClientCallImpl$ClientStreamListenerImpl$1StreamClosed.runInContext(ClientCallImpl.java:716)
	at org.apache.ratis.thirdparty.io.grpc.internal.ContextRunnable.run(ContextRunnable.java:37)
	at org.apache.ratis.thirdparty.io.grpc.internal.SerializingExecutor.run(SerializingExecutor.java:133)
	at java.base/java.util.concurrent.ThreadPoolExecutor.runWorker(ThreadPoolExecutor.java:1136)
	at java.base/java.util.concurrent.ThreadPoolExecutor$Worker.run(ThreadPoolExecutor.java:635)
	at java.base/java.lang.Thread.run(Thread.java:840)
2024-09-17 10:41:31,364 [grpc-default-executor-5] INFO  server.GrpcServerProtocolService (GrpcServerProtocolService.java:lambda$onCompleted$5(159)) - 53457c10-51b1-485d-b312-794085cbc7f1: Completed APPEND_ENTRIES, lastReply: null
2024-09-17 10:41:31,365 [eb256187-4e2b-429a-8dc2-6eca9b88007e@group-0C6A6A2ABC1B-StateMachineUpdater] INFO  ratis.ContainerStateMachine (ContainerStateMachine.java:takeSnapshot(374)) - group-0C6A6A2ABC1B: Finished taking a snapshot at:(t:1, i:98) file:/home/runner/work/ozone/ozone/hadoop-ozone/integration-test/target/test-dir/MiniOzoneClusterImpl-90660ac4-7e9c-448b-98ea-af4f808cf8d9/ozone-meta/datanode-2/ratis/cf90e5a1-d452-4d2c-a627-0c6a6a2abc1b/sm/snapshot.1_98 took: 1 ms
2024-09-17 10:41:31,364 [grpc-default-executor-3] INFO  server.GrpcServerProtocolService (GrpcServerProtocolService.java:lambda$onCompleted$5(159)) - 53457c10-51b1-485d-b312-794085cbc7f1: Completed APPEND_ENTRIES, lastReply: serverReply {
  requestorId: "eb256187-4e2b-429a-8dc2-6eca9b88007e"
  replyId: "53457c10-51b1-485d-b312-794085cbc7f1"
  raftGroupId {
    id: ",\273\314\270\363\aD\214\277\035|\262\236\326\2470"
  }
  callId: 8
  success: true
}
term: 1
nextIndex: 1
matchIndex: 18446744073709551615
isHearbeat: true

2024-09-17 10:41:31,365 [grpc-default-executor-4] INFO  server.GrpcServerProtocolService (GrpcServerProtocolService.java:lambda$onCompleted$5(159)) - c84c3cd8-1177-42bf-a027-8b47ada8137b: Completed APPEND_ENTRIES, lastReply: serverReply {
  requestorId: "eb256187-4e2b-429a-8dc2-6eca9b88007e"
  replyId: "c84c3cd8-1177-42bf-a027-8b47ada8137b"
  raftGroupId {
    id: ",\273\314\270\363\aD\214\277\035|\262\236\326\2470"
  }
  callId: 11
  success: true
}
term: 1
nextIndex: 1
matchIndex: 18446744073709551615
isHearbeat: true

2024-09-17 10:41:31,365 [grpc-default-executor-4] INFO  server.GrpcLogAppender (GrpcLogAppender.java:onCompleted(550)) - eb256187-4e2b-429a-8dc2-6eca9b88007e@group-7CB29ED6A730->53457c10-51b1-485d-b312-794085cbc7f1-AppendLogResponseHandler: follower responses appendEntries COMPLETED
2024-09-17 10:41:31,365 [grpc-default-executor-4] WARN  server.GrpcLogAppender (GrpcLogAppender.java:resetClient(230)) - eb256187-4e2b-429a-8dc2-6eca9b88007e@group-7CB29ED6A730->53457c10-51b1-485d-b312-794085cbc7f1-GrpcLogAppender: Failed to getClient for 53457c10-51b1-485d-b312-794085cbc7f1
org.apache.ratis.protocol.exceptions.AlreadyClosedException: eb256187-4e2b-429a-8dc2-6eca9b88007e is already CLOSED
	at org.apache.ratis.util.PeerProxyMap$PeerAndProxy.getProxy(PeerProxyMap.java:67)
	at org.apache.ratis.util.PeerProxyMap.getProxy(PeerProxyMap.java:124)
	at org.apache.ratis.grpc.server.GrpcLogAppender.getClient(GrpcLogAppender.java:200)
	at org.apache.ratis.grpc.server.GrpcLogAppender.resetClient(GrpcLogAppender.java:205)
	at org.apache.ratis.grpc.server.GrpcLogAppender.access$800(GrpcLogAppender.java:64)
	at org.apache.ratis.grpc.server.GrpcLogAppender$AppendLogResponseHandler.onCompleted(GrpcLogAppender.java:551)
	at org.apache.ratis.thirdparty.io.grpc.stub.ClientCalls$StreamObserverToCallListenerAdapter.onClose(ClientCalls.java:479)
	at org.apache.ratis.thirdparty.io.grpc.internal.ClientCallImpl.closeObserver(ClientCallImpl.java:567)
	at org.apache.ratis.thirdparty.io.grpc.internal.ClientCallImpl.access$300(ClientCallImpl.java:71)
	at org.apache.ratis.thirdparty.io.grpc.internal.ClientCallImpl$ClientStreamListenerImpl$1StreamClosed.runInternal(ClientCallImpl.java:735)
	at org.apache.ratis.thirdparty.io.grpc.internal.ClientCallImpl$ClientStreamListenerImpl$1StreamClosed.runInContext(ClientCallImpl.java:716)
	at org.apache.ratis.thirdparty.io.grpc.internal.ContextRunnable.run(ContextRunnable.java:37)
	at org.apache.ratis.thirdparty.io.grpc.internal.SerializingExecutor.run(SerializingExecutor.java:133)
	at java.base/java.util.concurrent.ThreadPoolExecutor.runWorker(ThreadPoolExecutor.java:1136)
	at java.base/java.util.concurrent.ThreadPoolExecutor$Worker.run(ThreadPoolExecutor.java:635)
	at java.base/java.lang.Thread.run(Thread.java:840)
2024-09-17 10:41:31,366 [grpc-default-executor-0] INFO  server.GrpcLogAppender (GrpcLogAppender.java:onCompleted(550)) - eb256187-4e2b-429a-8dc2-6eca9b88007e@group-7CB29ED6A730->c84c3cd8-1177-42bf-a027-8b47ada8137b-AppendLogResponseHandler: follower responses appendEntries COMPLETED
2024-09-17 10:41:31,366 [grpc-default-executor-0] WARN  server.GrpcLogAppender (GrpcLogAppender.java:resetClient(230)) - eb256187-4e2b-429a-8dc2-6eca9b88007e@group-7CB29ED6A730->c84c3cd8-1177-42bf-a027-8b47ada8137b-GrpcLogAppender: Failed to getClient for c84c3cd8-1177-42bf-a027-8b47ada8137b
org.apache.ratis.protocol.exceptions.AlreadyClosedException: eb256187-4e2b-429a-8dc2-6eca9b88007e is already CLOSED
	at org.apache.ratis.util.PeerProxyMap$PeerAndProxy.getProxy(PeerProxyMap.java:67)
	at org.apache.ratis.util.PeerProxyMap.getProxy(PeerProxyMap.java:124)
	at org.apache.ratis.grpc.server.GrpcLogAppender.getClient(GrpcLogAppender.java:200)
	at org.apache.ratis.grpc.server.GrpcLogAppender.resetClient(GrpcLogAppender.java:205)
	at org.apache.ratis.grpc.server.GrpcLogAppender.access$800(GrpcLogAppender.java:64)
	at org.apache.ratis.grpc.server.GrpcLogAppender$AppendLogResponseHandler.onCompleted(GrpcLogAppender.java:551)
	at org.apache.ratis.thirdparty.io.grpc.stub.ClientCalls$StreamObserverToCallListenerAdapter.onClose(ClientCalls.java:479)
	at org.apache.ratis.thirdparty.io.grpc.internal.DelayedClientCall$DelayedListener$3.run(DelayedClientCall.java:489)
	at org.apache.ratis.thirdparty.io.grpc.internal.DelayedClientCall$DelayedListener.delayOrExecute(DelayedClientCall.java:453)
	at org.apache.ratis.thirdparty.io.grpc.internal.DelayedClientCall$DelayedListener.onClose(DelayedClientCall.java:486)
	at org.apache.ratis.thirdparty.io.grpc.internal.ClientCallImpl.closeObserver(ClientCallImpl.java:567)
	at org.apache.ratis.thirdparty.io.grpc.internal.ClientCallImpl.access$300(ClientCallImpl.java:71)
	at org.apache.ratis.thirdparty.io.grpc.internal.ClientCallImpl$ClientStreamListenerImpl$1StreamClosed.runInternal(ClientCallImpl.java:735)
	at org.apache.ratis.thirdparty.io.grpc.internal.ClientCallImpl$ClientStreamListenerImpl$1StreamClosed.runInContext(ClientCallImpl.java:716)
	at org.apache.ratis.thirdparty.io.grpc.internal.ContextRunnable.run(ContextRunnable.java:37)
	at org.apache.ratis.thirdparty.io.grpc.internal.SerializingExecutor.run(SerializingExecutor.java:133)
	at java.base/java.util.concurrent.ThreadPoolExecutor.runWorker(ThreadPoolExecutor.java:1136)
	at java.base/java.util.concurrent.ThreadPoolExecutor$Worker.run(ThreadPoolExecutor.java:635)
	at java.base/java.lang.Thread.run(Thread.java:840)
2024-09-17 10:41:31,365 [eb256187-4e2b-429a-8dc2-6eca9b88007e@group-0C6A6A2ABC1B-StateMachineUpdater] INFO  impl.StateMachineUpdater (StateMachineUpdater.java:takeSnapshot(303)) - eb256187-4e2b-429a-8dc2-6eca9b88007e@group-0C6A6A2ABC1B-StateMachineUpdater: Took a snapshot at index 98
2024-09-17 10:41:31,366 [eb256187-4e2b-429a-8dc2-6eca9b88007e@group-0C6A6A2ABC1B-StateMachineUpdater] INFO  impl.StateMachineUpdater (StateMachineUpdater.java:lambda$new$0(102)) - eb256187-4e2b-429a-8dc2-6eca9b88007e@group-0C6A6A2ABC1B-StateMachineUpdater: snapshotIndex: updateIncreasingly -1 -> 98
2024-09-17 10:41:31,366 [eb256187-4e2b-429a-8dc2-6eca9b88007e@group-0C6A6A2ABC1B-StateMachineUpdater] INFO  impl.StateMachineUpdater (StateMachineUpdater.java:stop(141)) - eb256187-4e2b-429a-8dc2-6eca9b88007e@group-0C6A6A2ABC1B-StateMachineUpdater: closing ContainerStateMachine, lastApplied=(t:1, i:98)
2024-09-17 10:41:31,366 [grpc-default-executor-4] INFO  server.GrpcLogAppender (GrpcLogAppender.java:onCompleted(550)) - eb256187-4e2b-429a-8dc2-6eca9b88007e@group-7CB29ED6A730->53457c10-51b1-485d-b312-794085cbc7f1-AppendLogResponseHandler: follower responses appendEntries COMPLETED
2024-09-17 10:41:31,367 [grpc-default-executor-4] WARN  server.GrpcLogAppender (GrpcLogAppender.java:resetClient(230)) - eb256187-4e2b-429a-8dc2-6eca9b88007e@group-7CB29ED6A730->53457c10-51b1-485d-b312-794085cbc7f1-GrpcLogAppender: Failed to getClient for 53457c10-51b1-485d-b312-794085cbc7f1
org.apache.ratis.protocol.exceptions.AlreadyClosedException: eb256187-4e2b-429a-8dc2-6eca9b88007e is already CLOSED
	at org.apache.ratis.util.PeerProxyMap$PeerAndProxy.getProxy(PeerProxyMap.java:67)
	at org.apache.ratis.util.PeerProxyMap.getProxy(PeerProxyMap.java:124)
	at org.apache.ratis.grpc.server.GrpcLogAppender.getClient(GrpcLogAppender.java:200)
	at org.apache.ratis.grpc.server.GrpcLogAppender.resetClient(GrpcLogAppender.java:205)
	at org.apache.ratis.grpc.server.GrpcLogAppender.access$800(GrpcLogAppender.java:64)
	at org.apache.ratis.grpc.server.GrpcLogAppender$AppendLogResponseHandler.onCompleted(GrpcLogAppender.java:551)
	at org.apache.ratis.thirdparty.io.grpc.stub.ClientCalls$StreamObserverToCallListenerAdapter.onClose(ClientCalls.java:479)
	at org.apache.ratis.thirdparty.io.grpc.internal.DelayedClientCall$DelayedListener$3.run(DelayedClientCall.java:489)
	at org.apache.ratis.thirdparty.io.grpc.internal.DelayedClientCall$DelayedListener.delayOrExecute(DelayedClientCall.java:453)
	at org.apache.ratis.thirdparty.io.grpc.internal.DelayedClientCall$DelayedListener.onClose(DelayedClientCall.java:486)
	at org.apache.ratis.thirdparty.io.grpc.internal.ClientCallImpl.closeObserver(ClientCallImpl.java:567)
	at org.apache.ratis.thirdparty.io.grpc.internal.ClientCallImpl.access$300(ClientCallImpl.java:71)
	at org.apache.ratis.thirdparty.io.grpc.internal.ClientCallImpl$ClientStreamListenerImpl$1StreamClosed.runInternal(ClientCallImpl.java:735)
	at org.apache.ratis.thirdparty.io.grpc.internal.ClientCallImpl$ClientStreamListenerImpl$1StreamClosed.runInContext(ClientCallImpl.java:716)
	at org.apache.ratis.thirdparty.io.grpc.internal.ContextRunnable.run(ContextRunnable.java:37)
	at org.apache.ratis.thirdparty.io.grpc.internal.SerializingExecutor.run(SerializingExecutor.java:133)
	at java.base/java.util.concurrent.ThreadPoolExecutor.runWorker(ThreadPoolExecutor.java:1136)
	at java.base/java.util.concurrent.ThreadPoolExecutor$Worker.run(ThreadPoolExecutor.java:635)
	at java.base/java.lang.Thread.run(Thread.java:840)
2024-09-17 10:41:31,367 [eb256187-4e2b-429a-8dc2-6eca9b88007e@group-0C6A6A2ABC1B-cacheEviction-AwaitToRun] INFO  util.AwaitToRun (AwaitToRun.java:run(49)) - eb256187-4e2b-429a-8dc2-6eca9b88007e@group-0C6A6A2ABC1B-cacheEviction-AwaitToRun-AwaitForSignal is interrupted
2024-09-17 10:41:31,367 [main] INFO  server.GrpcService (GrpcService.java:closeImpl(320)) - eb256187-4e2b-429a-8dc2-6eca9b88007e: shutdown server GrpcServerProtocolService successfully
2024-09-17 10:41:31,368 [eb256187-4e2b-429a-8dc2-6eca9b88007e-impl-thread2] INFO  impl.PendingRequests (PendingRequests.java:sendNotLeaderResponses(287)) - eb256187-4e2b-429a-8dc2-6eca9b88007e@group-7CB29ED6A730-PendingRequests: sendNotLeaderResponses
2024-09-17 10:41:31,368 [eb256187-4e2b-429a-8dc2-6eca9b88007e-impl-thread2] INFO  impl.StateMachineUpdater (StateMachineUpdater.java:stopAndJoin(164)) - eb256187-4e2b-429a-8dc2-6eca9b88007e@group-7CB29ED6A730-StateMachineUpdater: set stopIndex = 0
2024-09-17 10:41:31,368 [eb256187-4e2b-429a-8dc2-6eca9b88007e@group-7CB29ED6A730-StateMachineUpdater] INFO  ratis.ContainerStateMachine (ContainerStateMachine.java:takeSnapshot(363)) - group-7CB29ED6A730: Taking a snapshot at:(t:1, i:0) file /home/runner/work/ozone/ozone/hadoop-ozone/integration-test/target/test-dir/MiniOzoneClusterImpl-90660ac4-7e9c-448b-98ea-af4f808cf8d9/ozone-meta/datanode-2/ratis/2cbbccb8-f307-448c-bf1d-7cb29ed6a730/sm/snapshot.1_0
2024-09-17 10:41:31,368 [ForkJoinPool.commonPool-worker-2] INFO  server.GrpcService (GrpcService.java:closeImpl(311)) - 53457c10-51b1-485d-b312-794085cbc7f1: shutdown server GrpcServerProtocolService now
2024-09-17 10:41:31,369 [53457c10-51b1-485d-b312-794085cbc7f1-impl-thread2] INFO  server.RaftServer$Division (RaftServerImpl.java:lambda$close$1(501)) - 53457c10-51b1-485d-b312-794085cbc7f1@group-7CB29ED6A730: shutdown
2024-09-17 10:41:31,369 [53457c10-51b1-485d-b312-794085cbc7f1-impl-thread2] INFO  util.JmxRegister (JmxRegister.java:unregister(74)) - Successfully un-registered JMX Bean with object name Ratis:service=RaftServer,group=group-7CB29ED6A730,id=53457c10-51b1-485d-b312-794085cbc7f1
2024-09-17 10:41:31,369 [53457c10-51b1-485d-b312-794085cbc7f1-impl-thread2] INFO  impl.RoleInfo (RoleInfo.java:shutdownFollowerState(119)) - 53457c10-51b1-485d-b312-794085cbc7f1: shutdown 53457c10-51b1-485d-b312-794085cbc7f1@group-7CB29ED6A730-FollowerState
2024-09-17 10:41:31,369 [eb256187-4e2b-429a-8dc2-6eca9b88007e@group-7CB29ED6A730-StateMachineUpdater] INFO  ratis.ContainerStateMachine (ContainerStateMachine.java:takeSnapshot(374)) - group-7CB29ED6A730: Finished taking a snapshot at:(t:1, i:0) file:/home/runner/work/ozone/ozone/hadoop-ozone/integration-test/target/test-dir/MiniOzoneClusterImpl-90660ac4-7e9c-448b-98ea-af4f808cf8d9/ozone-meta/datanode-2/ratis/2cbbccb8-f307-448c-bf1d-7cb29ed6a730/sm/snapshot.1_0 took: 0 ms
2024-09-17 10:41:31,369 [53457c10-51b1-485d-b312-794085cbc7f1@group-7CB29ED6A730-FollowerState] INFO  impl.FollowerState (FollowerState.java:run(153)) - 53457c10-51b1-485d-b312-794085cbc7f1@group-7CB29ED6A730-FollowerState was interrupted
2024-09-17 10:41:31,369 [ForkJoinPool.commonPool-worker-3] INFO  server.GrpcService (GrpcService.java:closeImpl(311)) - c84c3cd8-1177-42bf-a027-8b47ada8137b: shutdown server GrpcServerProtocolService now
2024-09-17 10:41:31,369 [53457c10-51b1-485d-b312-794085cbc7f1-impl-thread3] INFO  server.RaftServer$Division (RaftServerImpl.java:lambda$close$1(501)) - 53457c10-51b1-485d-b312-794085cbc7f1@group-87673AA3395C: shutdown
2024-09-17 10:41:31,370 [53457c10-51b1-485d-b312-794085cbc7f1-impl-thread3] INFO  util.JmxRegister (JmxRegister.java:unregister(74)) - Successfully un-registered JMX Bean with object name Ratis:service=RaftServer,group=group-87673AA3395C,id=53457c10-51b1-485d-b312-794085cbc7f1
2024-09-17 10:41:31,370 [53457c10-51b1-485d-b312-794085cbc7f1-impl-thread3] INFO  impl.RoleInfo (RoleInfo.java:shutdownLeaderState(103)) - 53457c10-51b1-485d-b312-794085cbc7f1: shutdown 53457c10-51b1-485d-b312-794085cbc7f1@group-87673AA3395C-LeaderStateImpl
2024-09-17 10:41:31,370 [53457c10-51b1-485d-b312-794085cbc7f1-impl-thread3] INFO  impl.PendingRequests (PendingRequests.java:sendNotLeaderResponses(287)) - 53457c10-51b1-485d-b312-794085cbc7f1@group-87673AA3395C-PendingRequests: sendNotLeaderResponses
2024-09-17 10:41:31,370 [53457c10-51b1-485d-b312-794085cbc7f1-impl-thread3] INFO  impl.StateMachineUpdater (StateMachineUpdater.java:stopAndJoin(164)) - 53457c10-51b1-485d-b312-794085cbc7f1@group-87673AA3395C-StateMachineUpdater: set stopIndex = 140
2024-09-17 10:41:31,369 [eb256187-4e2b-429a-8dc2-6eca9b88007e@group-7CB29ED6A730-StateMachineUpdater] INFO  impl.StateMachineUpdater (StateMachineUpdater.java:takeSnapshot(303)) - eb256187-4e2b-429a-8dc2-6eca9b88007e@group-7CB29ED6A730-StateMachineUpdater: Took a snapshot at index 0
2024-09-17 10:41:31,370 [eb256187-4e2b-429a-8dc2-6eca9b88007e@group-7CB29ED6A730-StateMachineUpdater] INFO  impl.StateMachineUpdater (StateMachineUpdater.java:lambda$new$0(102)) - eb256187-4e2b-429a-8dc2-6eca9b88007e@group-7CB29ED6A730-StateMachineUpdater: snapshotIndex: updateIncreasingly -1 -> 0
2024-09-17 10:41:31,370 [53457c10-51b1-485d-b312-794085cbc7f1@group-87673AA3395C-StateMachineUpdater] INFO  ratis.ContainerStateMachine (ContainerStateMachine.java:takeSnapshot(363)) - group-87673AA3395C: Taking a snapshot at:(t:1, i:140) file /home/runner/work/ozone/ozone/hadoop-ozone/integration-test/target/test-dir/MiniOzoneClusterImpl-90660ac4-7e9c-448b-98ea-af4f808cf8d9/ozone-meta/datanode-1/ratis/26e312c5-8b93-4264-aafc-87673aa3395c/sm/snapshot.1_140
2024-09-17 10:41:31,370 [c84c3cd8-1177-42bf-a027-8b47ada8137b-impl-thread3] INFO  server.RaftServer$Division (RaftServerImpl.java:lambda$close$1(501)) - c84c3cd8-1177-42bf-a027-8b47ada8137b@group-8BE6D7C8A7A2: shutdown
2024-09-17 10:41:31,370 [53457c10-51b1-485d-b312-794085cbc7f1@group-7CB29ED6A730-StateMachineUpdater] INFO  ratis.ContainerStateMachine (ContainerStateMachine.java:takeSnapshot(363)) - group-7CB29ED6A730: Taking a snapshot at:(t:1, i:0) file /home/runner/work/ozone/ozone/hadoop-ozone/integration-test/target/test-dir/MiniOzoneClusterImpl-90660ac4-7e9c-448b-98ea-af4f808cf8d9/ozone-meta/datanode-1/ratis/2cbbccb8-f307-448c-bf1d-7cb29ed6a730/sm/snapshot.1_0
2024-09-17 10:41:31,370 [53457c10-51b1-485d-b312-794085cbc7f1-impl-thread2] INFO  impl.StateMachineUpdater (StateMachineUpdater.java:stopAndJoin(164)) - 53457c10-51b1-485d-b312-794085cbc7f1@group-7CB29ED6A730-StateMachineUpdater: set stopIndex = 0
2024-09-17 10:41:31,371 [c84c3cd8-1177-42bf-a027-8b47ada8137b-impl-thread3] INFO  util.JmxRegister (JmxRegister.java:unregister(74)) - Successfully un-registered JMX Bean with object name Ratis:service=RaftServer,group=group-8BE6D7C8A7A2,id=c84c3cd8-1177-42bf-a027-8b47ada8137b
2024-09-17 10:41:31,371 [c84c3cd8-1177-42bf-a027-8b47ada8137b-impl-thread3] INFO  impl.RoleInfo (RoleInfo.java:shutdownLeaderState(103)) - c84c3cd8-1177-42bf-a027-8b47ada8137b: shutdown c84c3cd8-1177-42bf-a027-8b47ada8137b@group-8BE6D7C8A7A2-LeaderStateImpl
2024-09-17 10:41:31,371 [c84c3cd8-1177-42bf-a027-8b47ada8137b-impl-thread3] INFO  impl.PendingRequests (PendingRequests.java:sendNotLeaderResponses(287)) - c84c3cd8-1177-42bf-a027-8b47ada8137b@group-8BE6D7C8A7A2-PendingRequests: sendNotLeaderResponses
2024-09-17 10:41:31,371 [eb256187-4e2b-429a-8dc2-6eca9b88007e@group-7CB29ED6A730-StateMachineUpdater] INFO  impl.StateMachineUpdater (StateMachineUpdater.java:stop(141)) - eb256187-4e2b-429a-8dc2-6eca9b88007e@group-7CB29ED6A730-StateMachineUpdater: closing ContainerStateMachine, lastApplied=(t:1, i:0)
2024-09-17 10:41:31,371 [53457c10-51b1-485d-b312-794085cbc7f1@group-7CB29ED6A730-StateMachineUpdater] INFO  ratis.ContainerStateMachine (ContainerStateMachine.java:takeSnapshot(374)) - group-7CB29ED6A730: Finished taking a snapshot at:(t:1, i:0) file:/home/runner/work/ozone/ozone/hadoop-ozone/integration-test/target/test-dir/MiniOzoneClusterImpl-90660ac4-7e9c-448b-98ea-af4f808cf8d9/ozone-meta/datanode-1/ratis/2cbbccb8-f307-448c-bf1d-7cb29ed6a730/sm/snapshot.1_0 took: 2 ms
2024-09-17 10:41:31,371 [53457c10-51b1-485d-b312-794085cbc7f1@group-87673AA3395C-StateMachineUpdater] INFO  ratis.ContainerStateMachine (ContainerStateMachine.java:takeSnapshot(374)) - group-87673AA3395C: Finished taking a snapshot at:(t:1, i:140) file:/home/runner/work/ozone/ozone/hadoop-ozone/integration-test/target/test-dir/MiniOzoneClusterImpl-90660ac4-7e9c-448b-98ea-af4f808cf8d9/ozone-meta/datanode-1/ratis/26e312c5-8b93-4264-aafc-87673aa3395c/sm/snapshot.1_140 took: 1 ms
2024-09-17 10:41:31,372 [eb256187-4e2b-429a-8dc2-6eca9b88007e@group-7CB29ED6A730-cacheEviction-AwaitToRun] INFO  util.AwaitToRun (AwaitToRun.java:run(49)) - eb256187-4e2b-429a-8dc2-6eca9b88007e@group-7CB29ED6A730-cacheEviction-AwaitToRun-AwaitForSignal is interrupted
2024-09-17 10:41:31,372 [53457c10-51b1-485d-b312-794085cbc7f1@group-87673AA3395C-StateMachineUpdater] INFO  impl.StateMachineUpdater (StateMachineUpdater.java:takeSnapshot(303)) - 53457c10-51b1-485d-b312-794085cbc7f1@group-87673AA3395C-StateMachineUpdater: Took a snapshot at index 140
2024-09-17 10:41:31,372 [53457c10-51b1-485d-b312-794085cbc7f1@group-87673AA3395C-StateMachineUpdater] INFO  impl.StateMachineUpdater (StateMachineUpdater.java:lambda$new$0(102)) - 53457c10-51b1-485d-b312-794085cbc7f1@group-87673AA3395C-StateMachineUpdater: snapshotIndex: updateIncreasingly -1 -> 140
2024-09-17 10:41:31,372 [53457c10-51b1-485d-b312-794085cbc7f1@group-87673AA3395C-StateMachineUpdater] INFO  impl.StateMachineUpdater (StateMachineUpdater.java:stop(141)) - 53457c10-51b1-485d-b312-794085cbc7f1@group-87673AA3395C-StateMachineUpdater: closing ContainerStateMachine, lastApplied=(t:1, i:140)
2024-09-17 10:41:31,372 [53457c10-51b1-485d-b312-794085cbc7f1@group-7CB29ED6A730-StateMachineUpdater] INFO  impl.StateMachineUpdater (StateMachineUpdater.java:takeSnapshot(303)) - 53457c10-51b1-485d-b312-794085cbc7f1@group-7CB29ED6A730-StateMachineUpdater: Took a snapshot at index 0
2024-09-17 10:41:31,372 [53457c10-51b1-485d-b312-794085cbc7f1@group-7CB29ED6A730-StateMachineUpdater] INFO  impl.StateMachineUpdater (StateMachineUpdater.java:lambda$new$0(102)) - 53457c10-51b1-485d-b312-794085cbc7f1@group-7CB29ED6A730-StateMachineUpdater: snapshotIndex: updateIncreasingly -1 -> 0
2024-09-17 10:41:31,372 [53457c10-51b1-485d-b312-794085cbc7f1@group-7CB29ED6A730-StateMachineUpdater] INFO  impl.StateMachineUpdater (StateMachineUpdater.java:stop(141)) - 53457c10-51b1-485d-b312-794085cbc7f1@group-7CB29ED6A730-StateMachineUpdater: closing ContainerStateMachine, lastApplied=(t:1, i:0)
2024-09-17 10:41:31,372 [c84c3cd8-1177-42bf-a027-8b47ada8137b-impl-thread3] INFO  impl.StateMachineUpdater (StateMachineUpdater.java:stopAndJoin(164)) - c84c3cd8-1177-42bf-a027-8b47ada8137b@group-8BE6D7C8A7A2-StateMachineUpdater: set stopIndex = 107
2024-09-17 10:41:31,372 [c84c3cd8-1177-42bf-a027-8b47ada8137b@group-8BE6D7C8A7A2-StateMachineUpdater] INFO  ratis.ContainerStateMachine (ContainerStateMachine.java:takeSnapshot(363)) - group-8BE6D7C8A7A2: Taking a snapshot at:(t:1, i:107) file /home/runner/work/ozone/ozone/hadoop-ozone/integration-test/target/test-dir/MiniOzoneClusterImpl-90660ac4-7e9c-448b-98ea-af4f808cf8d9/ozone-meta/datanode-3/ratis/99964627-5e4e-4491-875f-8be6d7c8a7a2/sm/snapshot.1_107
2024-09-17 10:41:31,372 [53457c10-51b1-485d-b312-794085cbc7f1@group-87673AA3395C-cacheEviction-AwaitToRun] INFO  util.AwaitToRun (AwaitToRun.java:run(49)) - 53457c10-51b1-485d-b312-794085cbc7f1@group-87673AA3395C-cacheEviction-AwaitToRun-AwaitForSignal is interrupted
2024-09-17 10:41:31,373 [53457c10-51b1-485d-b312-794085cbc7f1@group-7CB29ED6A730-cacheEviction-AwaitToRun] INFO  util.AwaitToRun (AwaitToRun.java:run(49)) - 53457c10-51b1-485d-b312-794085cbc7f1@group-7CB29ED6A730-cacheEviction-AwaitToRun-AwaitForSignal is interrupted
2024-09-17 10:41:31,373 [c84c3cd8-1177-42bf-a027-8b47ada8137b@group-8BE6D7C8A7A2-StateMachineUpdater] INFO  ratis.ContainerStateMachine (ContainerStateMachine.java:takeSnapshot(374)) - group-8BE6D7C8A7A2: Finished taking a snapshot at:(t:1, i:107) file:/home/runner/work/ozone/ozone/hadoop-ozone/integration-test/target/test-dir/MiniOzoneClusterImpl-90660ac4-7e9c-448b-98ea-af4f808cf8d9/ozone-meta/datanode-3/ratis/99964627-5e4e-4491-875f-8be6d7c8a7a2/sm/snapshot.1_107 took: 1 ms
2024-09-17 10:41:31,373 [c84c3cd8-1177-42bf-a027-8b47ada8137b@group-8BE6D7C8A7A2-StateMachineUpdater] INFO  impl.StateMachineUpdater (StateMachineUpdater.java:takeSnapshot(303)) - c84c3cd8-1177-42bf-a027-8b47ada8137b@group-8BE6D7C8A7A2-StateMachineUpdater: Took a snapshot at index 107
2024-09-17 10:41:31,373 [c84c3cd8-1177-42bf-a027-8b47ada8137b@group-8BE6D7C8A7A2-StateMachineUpdater] INFO  impl.StateMachineUpdater (StateMachineUpdater.java:lambda$new$0(102)) - c84c3cd8-1177-42bf-a027-8b47ada8137b@group-8BE6D7C8A7A2-StateMachineUpdater: snapshotIndex: updateIncreasingly -1 -> 107
2024-09-17 10:41:31,374 [Thread-13327] INFO  server.GrpcServerProtocolClient (GrpcServerProtocolClient.java:close(103)) - eb256187-4e2b-429a-8dc2-6eca9b88007e Close channels
2024-09-17 10:41:31,374 [c84c3cd8-1177-42bf-a027-8b47ada8137b@group-8BE6D7C8A7A2-StateMachineUpdater] INFO  impl.StateMachineUpdater (StateMachineUpdater.java:stop(141)) - c84c3cd8-1177-42bf-a027-8b47ada8137b@group-8BE6D7C8A7A2-StateMachineUpdater: closing ContainerStateMachine, lastApplied=(t:1, i:107)
2024-09-17 10:41:31,374 [c84c3cd8-1177-42bf-a027-8b47ada8137b@group-8BE6D7C8A7A2-cacheEviction-AwaitToRun] INFO  util.AwaitToRun (AwaitToRun.java:run(49)) - c84c3cd8-1177-42bf-a027-8b47ada8137b@group-8BE6D7C8A7A2-cacheEviction-AwaitToRun-AwaitForSignal is interrupted
2024-09-17 10:41:31,375 [Thread-13330] INFO  server.GrpcServerProtocolClient (GrpcServerProtocolClient.java:close(103)) - c84c3cd8-1177-42bf-a027-8b47ada8137b Close channels
2024-09-17 10:41:31,375 [ForkJoinPool.commonPool-worker-3] INFO  server.GrpcService (GrpcService.java:closeImpl(320)) - c84c3cd8-1177-42bf-a027-8b47ada8137b: shutdown server GrpcServerProtocolService successfully
2024-09-17 10:41:31,376 [ForkJoinPool.commonPool-worker-2] INFO  server.GrpcService (GrpcService.java:closeImpl(320)) - 53457c10-51b1-485d-b312-794085cbc7f1: shutdown server GrpcServerProtocolService successfully
2024-09-17 10:41:31,382 [eb256187-4e2b-429a-8dc2-6eca9b88007e-NettyServerStreamRpc-bossGroup--thread1] INFO  logging.LoggingHandler (AbstractInternalLogger.java:log(148)) - [id: 0xa5e77fb9, L:/0.0.0.0:15118] CLOSE
2024-09-17 10:41:31,382 [eb256187-4e2b-429a-8dc2-6eca9b88007e-NettyServerStreamRpc-bossGroup--thread1] INFO  logging.LoggingHandler (AbstractInternalLogger.java:log(148)) - [id: 0xa5e77fb9, L:/0.0.0.0:15118] INACTIVE
2024-09-17 10:41:31,382 [eb256187-4e2b-429a-8dc2-6eca9b88007e-NettyServerStreamRpc-bossGroup--thread1] INFO  logging.LoggingHandler (AbstractInternalLogger.java:log(148)) - [id: 0xa5e77fb9, L:/0.0.0.0:15118] UNREGISTERED
2024-09-17 10:41:31,385 [c84c3cd8-1177-42bf-a027-8b47ada8137b-NettyServerStreamRpc-bossGroup--thread1] INFO  logging.LoggingHandler (AbstractInternalLogger.java:log(148)) - [id: 0x77eb6680, L:/0.0.0.0:15127] CLOSE
2024-09-17 10:41:31,385 [c84c3cd8-1177-42bf-a027-8b47ada8137b-NettyServerStreamRpc-bossGroup--thread1] INFO  logging.LoggingHandler (AbstractInternalLogger.java:log(148)) - [id: 0x77eb6680, L:/0.0.0.0:15127] INACTIVE
2024-09-17 10:41:31,385 [c84c3cd8-1177-42bf-a027-8b47ada8137b-NettyServerStreamRpc-bossGroup--thread1] INFO  logging.LoggingHandler (AbstractInternalLogger.java:log(148)) - [id: 0x77eb6680, L:/0.0.0.0:15127] UNREGISTERED
2024-09-17 10:41:31,386 [53457c10-51b1-485d-b312-794085cbc7f1-NettyServerStreamRpc-bossGroup--thread1] INFO  logging.LoggingHandler (AbstractInternalLogger.java:log(148)) - [id: 0x976ff55f, L:/0.0.0.0:15109] CLOSE
2024-09-17 10:41:31,386 [53457c10-51b1-485d-b312-794085cbc7f1-NettyServerStreamRpc-bossGroup--thread1] INFO  logging.LoggingHandler (AbstractInternalLogger.java:log(148)) - [id: 0x976ff55f, L:/0.0.0.0:15109] INACTIVE
2024-09-17 10:41:31,386 [53457c10-51b1-485d-b312-794085cbc7f1-NettyServerStreamRpc-bossGroup--thread1] INFO  logging.LoggingHandler (AbstractInternalLogger.java:log(148)) - [id: 0x976ff55f, L:/0.0.0.0:15109] UNREGISTERED
2024-09-17 10:41:31,427 [eb256187-4e2b-429a-8dc2-6eca9b88007e-impl-thread3] INFO  segmented.SegmentedRaftLogWorker (SegmentedRaftLogWorker.java:close(248)) - eb256187-4e2b-429a-8dc2-6eca9b88007e@group-0C6A6A2ABC1B-SegmentedRaftLogWorker close()
2024-09-17 10:41:31,428 [eb256187-4e2b-429a-8dc2-6eca9b88007e-impl-thread3] INFO  ratis.ContainerStateMachine (ContainerStateMachine.java:notifyServerShutdown(957)) - group-0C6A6A2ABC1B is closed by HddsDatanodeService
2024-09-17 10:41:31,451 [c84c3cd8-1177-42bf-a027-8b47ada8137b-impl-thread3] INFO  segmented.SegmentedRaftLogWorker (SegmentedRaftLogWorker.java:close(248)) - c84c3cd8-1177-42bf-a027-8b47ada8137b@group-8BE6D7C8A7A2-SegmentedRaftLogWorker close()
2024-09-17 10:41:31,451 [c84c3cd8-1177-42bf-a027-8b47ada8137b-impl-thread3] INFO  ratis.ContainerStateMachine (ContainerStateMachine.java:notifyServerShutdown(957)) - group-8BE6D7C8A7A2 is closed by HddsDatanodeService
2024-09-17 10:41:31,591 [53457c10-51b1-485d-b312-794085cbc7f1-impl-thread1] INFO  segmented.SegmentedRaftLogWorker (SegmentedRaftLogWorker.java:close(248)) - 53457c10-51b1-485d-b312-794085cbc7f1@group-9116C400858E-SegmentedRaftLogWorker close()
2024-09-17 10:41:31,591 [53457c10-51b1-485d-b312-794085cbc7f1-impl-thread1] INFO  ratis.ContainerStateMachine (ContainerStateMachine.java:notifyServerShutdown(957)) - group-9116C400858E is closed by HddsDatanodeService
2024-09-17 10:41:31,609 [eb256187-4e2b-429a-8dc2-6eca9b88007e-impl-thread1] INFO  segmented.SegmentedRaftLogWorker (SegmentedRaftLogWorker.java:close(248)) - eb256187-4e2b-429a-8dc2-6eca9b88007e@group-9116C400858E-SegmentedRaftLogWorker close()
2024-09-17 10:41:31,609 [eb256187-4e2b-429a-8dc2-6eca9b88007e-impl-thread1] INFO  ratis.ContainerStateMachine (ContainerStateMachine.java:notifyServerShutdown(957)) - group-9116C400858E is closed by HddsDatanodeService
2024-09-17 10:41:31,615 [c84c3cd8-1177-42bf-a027-8b47ada8137b-impl-thread1] INFO  segmented.SegmentedRaftLogWorker (SegmentedRaftLogWorker.java:close(248)) - c84c3cd8-1177-42bf-a027-8b47ada8137b@group-9116C400858E-SegmentedRaftLogWorker close()
2024-09-17 10:41:31,616 [c84c3cd8-1177-42bf-a027-8b47ada8137b-impl-thread1] INFO  ratis.ContainerStateMachine (ContainerStateMachine.java:notifyServerShutdown(957)) - group-9116C400858E is closed by HddsDatanodeService
2024-09-17 10:41:31,775 [eb256187-4e2b-429a-8dc2-6eca9b88007e-impl-thread2] INFO  segmented.SegmentedRaftLogWorker (SegmentedRaftLogWorker.java:close(248)) - eb256187-4e2b-429a-8dc2-6eca9b88007e@group-7CB29ED6A730-SegmentedRaftLogWorker close()
2024-09-17 10:41:31,776 [eb256187-4e2b-429a-8dc2-6eca9b88007e-impl-thread2] INFO  ratis.ContainerStateMachine (ContainerStateMachine.java:notifyServerShutdown(957)) - group-7CB29ED6A730 is closed by HddsDatanodeService
2024-09-17 10:41:31,776 [JvmPauseMonitor18] INFO  util.JvmPauseMonitor (JvmPauseMonitor.java:run(152)) - JvmPauseMonitor-eb256187-4e2b-429a-8dc2-6eca9b88007e: Stopped
2024-09-17 10:41:31,779 [c84c3cd8-1177-42bf-a027-8b47ada8137b-impl-thread2] INFO  segmented.SegmentedRaftLogWorker (SegmentedRaftLogWorker.java:close(248)) - c84c3cd8-1177-42bf-a027-8b47ada8137b@group-7CB29ED6A730-SegmentedRaftLogWorker close()
2024-09-17 10:41:31,779 [c84c3cd8-1177-42bf-a027-8b47ada8137b-impl-thread2] INFO  ratis.ContainerStateMachine (ContainerStateMachine.java:notifyServerShutdown(957)) - group-7CB29ED6A730 is closed by HddsDatanodeService
2024-09-17 10:41:31,779 [JvmPauseMonitor19] INFO  util.JvmPauseMonitor (JvmPauseMonitor.java:run(152)) - JvmPauseMonitor-c84c3cd8-1177-42bf-a027-8b47ada8137b: Stopped
2024-09-17 10:41:31,780 [53457c10-51b1-485d-b312-794085cbc7f1-impl-thread2] INFO  segmented.SegmentedRaftLogWorker (SegmentedRaftLogWorker.java:close(248)) - 53457c10-51b1-485d-b312-794085cbc7f1@group-7CB29ED6A730-SegmentedRaftLogWorker close()
2024-09-17 10:41:31,781 [53457c10-51b1-485d-b312-794085cbc7f1-impl-thread2] INFO  ratis.ContainerStateMachine (ContainerStateMachine.java:notifyServerShutdown(957)) - group-7CB29ED6A730 is closed by HddsDatanodeService
2024-09-17 10:41:32,271 [53457c10-51b1-485d-b312-794085cbc7f1-impl-thread3] INFO  segmented.SegmentedRaftLogWorker (SegmentedRaftLogWorker.java:close(248)) - 53457c10-51b1-485d-b312-794085cbc7f1@group-87673AA3395C-SegmentedRaftLogWorker close()
2024-09-17 10:41:32,272 [53457c10-51b1-485d-b312-794085cbc7f1-impl-thread3] INFO  ratis.ContainerStateMachine (ContainerStateMachine.java:notifyServerShutdown(957)) - group-87673AA3395C is closed by HddsDatanodeService
2024-09-17 10:41:32,272 [JvmPauseMonitor17] INFO  util.JvmPauseMonitor (JvmPauseMonitor.java:run(152)) - JvmPauseMonitor-53457c10-51b1-485d-b312-794085cbc7f1: Stopped
2024-09-17 10:41:33,529 [timer1] WARN  server.GrpcLogAppender (LogUtils.java:warn(121)) - omNode-1@group-523986131536->omNode-3-AppendLogResponseHandler: Failed appendEntries (Repeated 6 times in the last 5.000s): org.apache.ratis.thirdparty.io.grpc.StatusRuntimeException: UNAVAILABLE: io exception
2024-09-17 10:41:33,529 [timer2] WARN  server.GrpcLogAppender (GrpcLogAppender.java:lambda$resetClient$1(221)) - omNode-1@group-523986131536->omNode-3-GrpcLogAppender: Follower failed (request=null, errorCount=6); keep nextIndex (429) unchanged and retry. (Repeated 6 times in the last 5.000s)
2024-09-17 10:41:33,779 [main] INFO  utils.DatanodeStoreCache (DatanodeStoreCache.java:shutdownCache(116)) - Skip clearing cache in mini cluster mode. Entries left: [/home/runner/work/ozone/ozone/hadoop-ozone/integration-test/target/test-dir/MiniOzoneClusterImpl-90660ac4-7e9c-448b-98ea-af4f808cf8d9/ozone-meta/datanode-1/data-0/hdds/90660ac4-7e9c-448b-98ea-af4f808cf8d9/DS-9fa5684e-32a1-4693-bf96-0b0ea16d109f/container.db, /home/runner/work/ozone/ozone/hadoop-ozone/integration-test/target/test-dir/MiniOzoneClusterImpl-90660ac4-7e9c-448b-98ea-af4f808cf8d9/ozone-meta/datanode-2/data-0/hdds/90660ac4-7e9c-448b-98ea-af4f808cf8d9/DS-b23c9a26-c09a-4b6b-b5d3-102ad54718c3/container.db, /home/runner/work/ozone/ozone/hadoop-ozone/integration-test/target/test-dir/MiniOzoneClusterImpl-90660ac4-7e9c-448b-98ea-af4f808cf8d9/ozone-meta/datanode-3/data-0/hdds/90660ac4-7e9c-448b-98ea-af4f808cf8d9/DS-08585059-5b4b-4761-af00-d251d64d0b49/container.db]
2024-09-17 10:41:33,781 [main] INFO  utils.DatanodeStoreCache (DatanodeStoreCache.java:removeDB(110)) - Removed db /home/runner/work/ozone/ozone/hadoop-ozone/integration-test/target/test-dir/MiniOzoneClusterImpl-90660ac4-7e9c-448b-98ea-af4f808cf8d9/ozone-meta/datanode-2/data-0/hdds/90660ac4-7e9c-448b-98ea-af4f808cf8d9/DS-b23c9a26-c09a-4b6b-b5d3-102ad54718c3/container.db from cache
2024-09-17 10:41:33,781 [main] INFO  volume.HddsVolume (HddsVolume.java:closeDbStore(462)) - SchemaV3 db is stopped at /home/runner/work/ozone/ozone/hadoop-ozone/integration-test/target/test-dir/MiniOzoneClusterImpl-90660ac4-7e9c-448b-98ea-af4f808cf8d9/ozone-meta/datanode-2/data-0/hdds/90660ac4-7e9c-448b-98ea-af4f808cf8d9/DS-b23c9a26-c09a-4b6b-b5d3-102ad54718c3/container.db for volume DS-b23c9a26-c09a-4b6b-b5d3-102ad54718c3
2024-09-17 10:41:33,781 [main] INFO  utils.BackgroundService (BackgroundService.java:shutdown(163)) - Shutting down service BlockDeletingService
2024-09-17 10:41:33,782 [main] INFO  utils.BackgroundService (BackgroundService.java:shutdown(163)) - Shutting down service StaleRecoveringContainerScrubbingService
2024-09-17 10:41:33,782 [ForkJoinPool.commonPool-worker-3] INFO  utils.DatanodeStoreCache (DatanodeStoreCache.java:shutdownCache(116)) - Skip clearing cache in mini cluster mode. Entries left: [/home/runner/work/ozone/ozone/hadoop-ozone/integration-test/target/test-dir/MiniOzoneClusterImpl-90660ac4-7e9c-448b-98ea-af4f808cf8d9/ozone-meta/datanode-1/data-0/hdds/90660ac4-7e9c-448b-98ea-af4f808cf8d9/DS-9fa5684e-32a1-4693-bf96-0b0ea16d109f/container.db, /home/runner/work/ozone/ozone/hadoop-ozone/integration-test/target/test-dir/MiniOzoneClusterImpl-90660ac4-7e9c-448b-98ea-af4f808cf8d9/ozone-meta/datanode-3/data-0/hdds/90660ac4-7e9c-448b-98ea-af4f808cf8d9/DS-08585059-5b4b-4761-af00-d251d64d0b49/container.db]
2024-09-17 10:41:33,782 [main] INFO  statemachine.DatanodeStateMachine (DatanodeStateMachine.java:stopDaemon(626)) - Ozone container server stopped.
2024-09-17 10:41:33,783 [ForkJoinPool.commonPool-worker-3] INFO  utils.DatanodeStoreCache (DatanodeStoreCache.java:removeDB(110)) - Removed db /home/runner/work/ozone/ozone/hadoop-ozone/integration-test/target/test-dir/MiniOzoneClusterImpl-90660ac4-7e9c-448b-98ea-af4f808cf8d9/ozone-meta/datanode-3/data-0/hdds/90660ac4-7e9c-448b-98ea-af4f808cf8d9/DS-08585059-5b4b-4761-af00-d251d64d0b49/container.db from cache
2024-09-17 10:41:33,784 [ForkJoinPool.commonPool-worker-3] INFO  volume.HddsVolume (HddsVolume.java:closeDbStore(462)) - SchemaV3 db is stopped at /home/runner/work/ozone/ozone/hadoop-ozone/integration-test/target/test-dir/MiniOzoneClusterImpl-90660ac4-7e9c-448b-98ea-af4f808cf8d9/ozone-meta/datanode-3/data-0/hdds/90660ac4-7e9c-448b-98ea-af4f808cf8d9/DS-08585059-5b4b-4761-af00-d251d64d0b49/container.db for volume DS-08585059-5b4b-4761-af00-d251d64d0b49
2024-09-17 10:41:33,784 [ForkJoinPool.commonPool-worker-3] INFO  utils.BackgroundService (BackgroundService.java:shutdown(163)) - Shutting down service BlockDeletingService
2024-09-17 10:41:33,785 [ForkJoinPool.commonPool-worker-3] INFO  utils.BackgroundService (BackgroundService.java:shutdown(163)) - Shutting down service StaleRecoveringContainerScrubbingService
2024-09-17 10:41:33,786 [ForkJoinPool.commonPool-worker-3] INFO  statemachine.DatanodeStateMachine (DatanodeStateMachine.java:stopDaemon(626)) - Ozone container server stopped.
2024-09-17 10:41:33,796 [main] INFO  handler.ContextHandler (ContextHandler.java:doStop(1159)) - Stopped o.e.j.w.WebAppContext@483c5880{hddsDatanode,/,null,STOPPED}{jar:file:/home/runner/work/ozone/ozone/hadoop-hdds/container-service/target/hdds-container-service-1.5.0-SNAPSHOT.jar!/webapps/hddsDatanode}
2024-09-17 10:41:33,797 [main] INFO  server.AbstractConnector (AbstractConnector.java:doStop(383)) - Stopped ServerConnector@277ccec0{HTTP/1.1, (http/1.1)}{0.0.0.0:15112}
2024-09-17 10:41:33,797 [main] INFO  server.session (HouseKeeper.java:stopScavenging(149)) - node0 Stopped scavenging
2024-09-17 10:41:33,797 [main] INFO  handler.ContextHandler (ContextHandler.java:doStop(1159)) - Stopped o.e.j.s.ServletContextHandler@57d6ac42{static,/static,jar:file:/home/runner/work/ozone/ozone/hadoop-hdds/container-service/target/hdds-container-service-1.5.0-SNAPSHOT.jar!/webapps/static,STOPPED}
2024-09-17 10:41:33,797 [main] INFO  handler.ContextHandler (ContextHandler.java:doStop(1159)) - Stopped o.e.j.s.ServletContextHandler@623732ac{logs,/logs,file:///home/runner/work/ozone/ozone/hadoop-ozone/integration-test/target/log,STOPPED}
2024-09-17 10:41:33,798 [main] INFO  ozone.HddsDatanodeClientProtocolServer (HddsDatanodeClientProtocolServer.java:stop(85)) - Stopping the RPC server for Client Protocol
2024-09-17 10:41:33,798 [main] INFO  ipc.Server (Server.java:stop(3523)) - Stopping server on 15113
2024-09-17 10:41:33,800 [IPC Server Responder] INFO  ipc.Server (Server.java:run(1567)) - Stopping IPC Server Responder
2024-09-17 10:41:33,800 [IPC Server listener on 15113] INFO  ipc.Server (Server.java:run(1434)) - Stopping IPC Server listener on 15113
2024-09-17 10:41:33,800 [ForkJoinPool.commonPool-worker-3] INFO  handler.ContextHandler (ContextHandler.java:doStop(1159)) - Stopped o.e.j.w.WebAppContext@3f46eb74{hddsDatanode,/,null,STOPPED}{jar:file:/home/runner/work/ozone/ozone/hadoop-hdds/container-service/target/hdds-container-service-1.5.0-SNAPSHOT.jar!/webapps/hddsDatanode}
2024-09-17 10:41:33,801 [ForkJoinPool.commonPool-worker-3] INFO  server.AbstractConnector (AbstractConnector.java:doStop(383)) - Stopped ServerConnector@547b081e{HTTP/1.1, (http/1.1)}{0.0.0.0:15121}
2024-09-17 10:41:33,801 [ForkJoinPool.commonPool-worker-3] INFO  server.session (HouseKeeper.java:stopScavenging(149)) - node0 Stopped scavenging
2024-09-17 10:41:33,801 [ForkJoinPool.commonPool-worker-3] INFO  handler.ContextHandler (ContextHandler.java:doStop(1159)) - Stopped o.e.j.s.ServletContextHandler@6a795ef6{static,/static,jar:file:/home/runner/work/ozone/ozone/hadoop-hdds/container-service/target/hdds-container-service-1.5.0-SNAPSHOT.jar!/webapps/static,STOPPED}
2024-09-17 10:41:33,801 [ForkJoinPool.commonPool-worker-3] INFO  handler.ContextHandler (ContextHandler.java:doStop(1159)) - Stopped o.e.j.s.ServletContextHandler@2c4a4229{logs,/logs,file:///home/runner/work/ozone/ozone/hadoop-ozone/integration-test/target/log,STOPPED}
2024-09-17 10:41:33,802 [ForkJoinPool.commonPool-worker-3] INFO  ozone.HddsDatanodeClientProtocolServer (HddsDatanodeClientProtocolServer.java:stop(85)) - Stopping the RPC server for Client Protocol
2024-09-17 10:41:33,802 [ForkJoinPool.commonPool-worker-3] INFO  ipc.Server (Server.java:stop(3523)) - Stopping server on 15122
2024-09-17 10:41:33,802 [IPC Server listener on 15122] INFO  ipc.Server (Server.java:run(1434)) - Stopping IPC Server listener on 15122
2024-09-17 10:41:33,803 [IPC Server Responder] INFO  ipc.Server (Server.java:run(1567)) - Stopping IPC Server Responder
2024-09-17 10:41:34,275 [ForkJoinPool.commonPool-worker-2] INFO  utils.DatanodeStoreCache (DatanodeStoreCache.java:shutdownCache(116)) - Skip clearing cache in mini cluster mode. Entries left: [/home/runner/work/ozone/ozone/hadoop-ozone/integration-test/target/test-dir/MiniOzoneClusterImpl-90660ac4-7e9c-448b-98ea-af4f808cf8d9/ozone-meta/datanode-1/data-0/hdds/90660ac4-7e9c-448b-98ea-af4f808cf8d9/DS-9fa5684e-32a1-4693-bf96-0b0ea16d109f/container.db]
2024-09-17 10:41:34,277 [ForkJoinPool.commonPool-worker-2] INFO  utils.DatanodeStoreCache (DatanodeStoreCache.java:removeDB(110)) - Removed db /home/runner/work/ozone/ozone/hadoop-ozone/integration-test/target/test-dir/MiniOzoneClusterImpl-90660ac4-7e9c-448b-98ea-af4f808cf8d9/ozone-meta/datanode-1/data-0/hdds/90660ac4-7e9c-448b-98ea-af4f808cf8d9/DS-9fa5684e-32a1-4693-bf96-0b0ea16d109f/container.db from cache
2024-09-17 10:41:34,277 [ForkJoinPool.commonPool-worker-2] INFO  volume.HddsVolume (HddsVolume.java:closeDbStore(462)) - SchemaV3 db is stopped at /home/runner/work/ozone/ozone/hadoop-ozone/integration-test/target/test-dir/MiniOzoneClusterImpl-90660ac4-7e9c-448b-98ea-af4f808cf8d9/ozone-meta/datanode-1/data-0/hdds/90660ac4-7e9c-448b-98ea-af4f808cf8d9/DS-9fa5684e-32a1-4693-bf96-0b0ea16d109f/container.db for volume DS-9fa5684e-32a1-4693-bf96-0b0ea16d109f
2024-09-17 10:41:34,278 [ForkJoinPool.commonPool-worker-2] INFO  utils.BackgroundService (BackgroundService.java:shutdown(163)) - Shutting down service BlockDeletingService
2024-09-17 10:41:34,278 [ForkJoinPool.commonPool-worker-2] INFO  utils.BackgroundService (BackgroundService.java:shutdown(163)) - Shutting down service StaleRecoveringContainerScrubbingService
2024-09-17 10:41:34,278 [ForkJoinPool.commonPool-worker-2] INFO  statemachine.DatanodeStateMachine (DatanodeStateMachine.java:stopDaemon(626)) - Ozone container server stopped.
2024-09-17 10:41:34,292 [ForkJoinPool.commonPool-worker-2] INFO  handler.ContextHandler (ContextHandler.java:doStop(1159)) - Stopped o.e.j.w.WebAppContext@55b5e3b3{hddsDatanode,/,null,STOPPED}{jar:file:/home/runner/work/ozone/ozone/hadoop-hdds/container-service/target/hdds-container-service-1.5.0-SNAPSHOT.jar!/webapps/hddsDatanode}
2024-09-17 10:41:34,293 [ForkJoinPool.commonPool-worker-2] INFO  server.AbstractConnector (AbstractConnector.java:doStop(383)) - Stopped ServerConnector@679bc4ea{HTTP/1.1, (http/1.1)}{0.0.0.0:15103}
2024-09-17 10:41:34,293 [ForkJoinPool.commonPool-worker-2] INFO  server.session (HouseKeeper.java:stopScavenging(149)) - node0 Stopped scavenging
2024-09-17 10:41:34,293 [ForkJoinPool.commonPool-worker-2] INFO  handler.ContextHandler (ContextHandler.java:doStop(1159)) - Stopped o.e.j.s.ServletContextHandler@4041f4fc{static,/static,jar:file:/home/runner/work/ozone/ozone/hadoop-hdds/container-service/target/hdds-container-service-1.5.0-SNAPSHOT.jar!/webapps/static,STOPPED}
2024-09-17 10:41:34,293 [ForkJoinPool.commonPool-worker-2] INFO  handler.ContextHandler (ContextHandler.java:doStop(1159)) - Stopped o.e.j.s.ServletContextHandler@46e9a4f6{logs,/logs,file:///home/runner/work/ozone/ozone/hadoop-ozone/integration-test/target/log,STOPPED}
2024-09-17 10:41:34,293 [ForkJoinPool.commonPool-worker-2] INFO  ozone.HddsDatanodeClientProtocolServer (HddsDatanodeClientProtocolServer.java:stop(85)) - Stopping the RPC server for Client Protocol
2024-09-17 10:41:34,293 [ForkJoinPool.commonPool-worker-2] INFO  ipc.Server (Server.java:stop(3523)) - Stopping server on 15104
2024-09-17 10:41:34,294 [IPC Server listener on 15104] INFO  ipc.Server (Server.java:run(1434)) - Stopping IPC Server listener on 15104
2024-09-17 10:41:34,294 [IPC Server Responder] INFO  ipc.Server (Server.java:run(1567)) - Stopping IPC Server Responder
]]></system-out>
  </testcase>
  <testcase name="testSnapshotAndKeyDeletionBackgroundServices" classname="org.apache.hadoop.ozone.om.snapshot.TestSnapshotBackgroundServices" time="53.44"/>
</testsuite>