<?xml version="1.0" encoding="UTF-8"?>
<testsuite xmlns:xsi="http://www.w3.org/2001/XMLSchema-instance" xsi:noNamespaceSchemaLocation="https://maven.apache.org/surefire/maven-surefire-plugin/xsd/surefire-test-report-3.0.xsd" version="3.0" name="org.apache.hadoop.ozone.client.rpc.TestBlockOutputStreamFlushDelay" time="31.26" tests="6" errors="0" skipped="0" failures="1">
  <properties>
    <property name="awt.toolkit" value="sun.awt.X11.XToolkit"/>
    <property name="file.encoding.pkg" value="sun.io"/>
    <property name="java.specification.version" value="1.8"/>
    <property name="sun.cpu.isalist" value=""/>
    <property name="sun.jnu.encoding" value="UTF-8"/>
    <property name="java.class.path" value="/home/runner/work/ozone/ozone/hadoop-ozone/integration-test/target/test-classes:/home/runner/work/ozone/ozone/hadoop-ozone/integration-test/target/classes:/home/runner/.m2/repository/org/apache/ozone/ozone-common/1.4.0-SNAPSHOT/ozone-common-1.4.0-SNAPSHOT.jar:/home/runner/.m2/repository/io/grpc/grpc-netty/1.51.1/grpc-netty-1.51.1.jar:/home/runner/.m2/repository/io/grpc/grpc-core/1.51.1/grpc-core-1.51.1.jar:/home/runner/.m2/repository/com/google/android/annotations/4.1.1.4/annotations-4.1.1.4.jar:/home/runner/.m2/repository/org/codehaus/mojo/animal-sniffer-annotations/1.21/animal-sniffer-annotations-1.21.jar:/home/runner/.m2/repository/com/google/errorprone/error_prone_annotations/2.2.0/error_prone_annotations-2.2.0.jar:/home/runner/.m2/repository/io/perfmark/perfmark-api/0.25.0/perfmark-api-0.25.0.jar:/home/runner/.m2/repository/io/netty/netty-codec-http2/4.1.86.Final/netty-codec-http2-4.1.86.Final.jar:/home/runner/.m2/repository/io/netty/netty-common/4.1.86.Final/netty-common-4.1.86.Final.jar:/home/runner/.m2/repository/io/netty/netty-buffer/4.1.86.Final/netty-buffer-4.1.86.Final.jar:/home/runner/.m2/repository/io/netty/netty-codec-http/4.1.86.Final/netty-codec-http-4.1.86.Final.jar:/home/runner/.m2/repository/io/netty/netty-handler-proxy/4.1.86.Final/netty-handler-proxy-4.1.86.Final.jar:/home/runner/.m2/repository/io/netty/netty-codec-socks/4.1.86.Final/netty-codec-socks-4.1.86.Final.jar:/home/runner/.m2/repository/io/netty/netty-tcnative-boringssl-static/2.0.54.Final/netty-tcnative-boringssl-static-2.0.54.Final.jar:/home/runner/.m2/repository/io/netty/netty-tcnative-classes/2.0.54.Final/netty-tcnative-classes-2.0.54.Final.jar:/home/runner/.m2/repository/io/netty/netty-tcnative-boringssl-static/2.0.54.Final/netty-tcnative-boringssl-static-2.0.54.Final-linux-x86_64.jar:/home/runner/.m2/repository/io/netty/netty-tcnative-boringssl-static/2.0.54.Final/netty-tcnative-boringssl-static-2.0.54.Final-linux-aarch_64.jar:/home/runner/.m2/repository/io/netty/netty-tcnative-boringssl-static/2.0.54.Final/netty-tcnative-boringssl-static-2.0.54.Final-osx-x86_64.jar:/home/runner/.m2/repository/io/netty/netty-tcnative-boringssl-static/2.0.54.Final/netty-tcnative-boringssl-static-2.0.54.Final-osx-aarch_64.jar:/home/runner/.m2/repository/io/netty/netty-tcnative-boringssl-static/2.0.54.Final/netty-tcnative-boringssl-static-2.0.54.Final-windows-x86_64.jar:/home/runner/.m2/repository/org/apache/commons/commons-compress/1.21/commons-compress-1.21.jar:/home/runner/.m2/repository/org/apache/ozone/hdds-common/1.4.0-SNAPSHOT/hdds-common-1.4.0-SNAPSHOT.jar:/home/runner/.m2/repository/org/apache/ozone/hdds-client/1.4.0-SNAPSHOT/hdds-client-1.4.0-SNAPSHOT.jar:/home/runner/.m2/repository/org/apache/ozone/ozone-interface-client/1.4.0-SNAPSHOT/ozone-interface-client-1.4.0-SNAPSHOT.jar:/home/runner/.m2/repository/org/apache/ozone/hdds-test-utils/1.4.0-SNAPSHOT/hdds-test-utils-1.4.0-SNAPSHOT.jar:/home/runner/.m2/repository/com/google/guava/guava/31.1-jre/guava-31.1-jre.jar:/home/runner/.m2/repository/com/google/guava/failureaccess/1.0.1/failureaccess-1.0.1.jar:/home/runner/.m2/repository/com/google/guava/listenablefuture/9999.0-empty-to-avoid-conflict-with-guava/listenablefuture-9999.0-empty-to-avoid-conflict-with-guava.jar:/home/runner/.m2/repository/com/google/code/findbugs/jsr305/3.0.0/jsr305-3.0.0.jar:/home/runner/.m2/repository/org/checkerframework/checker-qual/3.12.0/checker-qual-3.12.0.jar:/home/runner/.m2/repository/com/google/j2objc/j2objc-annotations/1.3/j2objc-annotations-1.3.jar:/home/runner/.m2/repository/commons-io/commons-io/2.11.0/commons-io-2.11.0.jar:/home/runner/.m2/repository/commons-logging/commons-logging/1.2/commons-logging-1.2.jar:/home/runner/.m2/repository/ch/qos/reload4j/reload4j/1.2.22/reload4j-1.2.22.jar:/home/runner/.m2/repository/org/slf4j/slf4j-api/1.7.36/slf4j-api-1.7.36.jar:/home/runner/.m2/repository/org/apache/ozone/hdds-server-scm/1.4.0-SNAPSHOT/hdds-server-scm-1.4.0-SNAPSHOT.jar:/home/runner/.m2/repository/org/apache/ozone/hdds-container-service/1.4.0-SNAPSHOT/hdds-container-service-1.4.0-SNAPSHOT.jar:/home/runner/.m2/repository/org/apache/ozone/hdds-hadoop-dependency-server/1.4.0-SNAPSHOT/hdds-hadoop-dependency-server-1.4.0-SNAPSHOT.jar:/home/runner/.m2/repository/org/apache/hadoop/hadoop-hdfs/3.3.4/hadoop-hdfs-3.3.4.jar:/home/runner/.m2/repository/org/eclipse/jetty/jetty-util-ajax/9.4.49.v20220914/jetty-util-ajax-9.4.49.v20220914.jar:/home/runner/.m2/repository/commons-daemon/commons-daemon/1.0.13/commons-daemon-1.0.13.jar:/home/runner/.m2/repository/org/apache/ozone/hdds-server-framework/1.4.0-SNAPSHOT/hdds-server-framework-1.4.0-SNAPSHOT.jar:/home/runner/.m2/repository/org/apache/ozone/hdds-interface-server/1.4.0-SNAPSHOT/hdds-interface-server-1.4.0-SNAPSHOT.jar:/home/runner/.m2/repository/org/apache/commons/commons-configuration2/2.1.1/commons-configuration2-2.1.1.jar:/home/runner/.m2/repository/org/apache/logging/log4j/log4j-core/2.17.1/log4j-core-2.17.1.jar:/home/runner/.m2/repository/com/lmax/disruptor/3.4.2/disruptor-3.4.2.jar:/home/runner/.m2/repository/org/eclipse/jetty/jetty-servlet/9.4.49.v20220914/jetty-servlet-9.4.49.v20220914.jar:/home/runner/.m2/repository/org/eclipse/jetty/jetty-security/9.4.49.v20220914/jetty-security-9.4.49.v20220914.jar:/home/runner/.m2/repository/org/rocksdb/rocksdbjni/7.7.3/rocksdbjni-7.7.3.jar:/home/runner/.m2/repository/io/prometheus/simpleclient_dropwizard/0.7.0/simpleclient_dropwizard-0.7.0.jar:/home/runner/.m2/repository/io/prometheus/simpleclient/0.7.0/simpleclient-0.7.0.jar:/home/runner/.m2/repository/io/prometheus/simpleclient_common/0.7.0/simpleclient_common-0.7.0.jar:/home/runner/.m2/repository/com/github/spotbugs/spotbugs-annotations/3.1.12/spotbugs-annotations-3.1.12.jar:/home/runner/.m2/repository/io/dropwizard/metrics/metrics-core/3.2.4/metrics-core-3.2.4.jar:/home/runner/.m2/repository/org/apache/commons/commons-text/1.4/commons-text-1.4.jar:/home/runner/.m2/repository/org/apache/hadoop/hadoop-hdfs-client/3.3.4/hadoop-hdfs-client-3.3.4.jar:/home/runner/.m2/repository/com/squareup/okhttp3/okhttp/4.9.3/okhttp-4.9.3.jar:/home/runner/.m2/repository/com/squareup/okio/okio/2.8.0/okio-2.8.0.jar:/home/runner/.m2/repository/org/jetbrains/kotlin/kotlin-stdlib-common/1.4.10/kotlin-stdlib-common-1.4.10.jar:/home/runner/.m2/repository/org/bouncycastle/bcprov-jdk15on/1.67/bcprov-jdk15on-1.67.jar:/home/runner/.m2/repository/com/google/protobuf/protobuf-java/2.5.0/protobuf-java-2.5.0.jar:/home/runner/.m2/repository/org/apache/ozone/ozone-manager/1.4.0-SNAPSHOT/ozone-manager-1.4.0-SNAPSHOT.jar:/home/runner/.m2/repository/org/aspectj/aspectjrt/1.9.7/aspectjrt-1.9.7.jar:/home/runner/.m2/repository/org/aspectj/aspectjweaver/1.9.7/aspectjweaver-1.9.7.jar:/home/runner/.m2/repository/org/apache/ozone/hdds-interface-client/1.4.0-SNAPSHOT/hdds-interface-client-1.4.0-SNAPSHOT.jar:/home/runner/.m2/repository/org/apache/hadoop/thirdparty/hadoop-shaded-protobuf_3_7/1.1.1/hadoop-shaded-protobuf_3_7-1.1.1.jar:/home/runner/.m2/repository/org/apache/ozone/ozone-interface-storage/1.4.0-SNAPSHOT/ozone-interface-storage-1.4.0-SNAPSHOT.jar:/home/runner/.m2/repository/org/reflections/reflections/0.9.11/reflections-0.9.11.jar:/home/runner/.m2/repository/com/sun/jersey/jersey-client/1.19/jersey-client-1.19.jar:/home/runner/.m2/repository/org/apache/ranger/ranger-intg/2.3.0/ranger-intg-2.3.0.jar:/home/runner/.m2/repository/org/apache/ranger/ranger-plugins-common/2.3.0/ranger-plugins-common-2.3.0.jar:/home/runner/.m2/repository/commons-lang/commons-lang/2.6/commons-lang-2.6.jar:/home/runner/.m2/repository/org/codehaus/jackson/jackson-jaxrs/1.9.13/jackson-jaxrs-1.9.13.jar:/home/runner/.m2/repository/org/apache/ranger/ranger-plugins-cred/2.3.0/ranger-plugins-cred-2.3.0.jar:/home/runner/.m2/repository/org/apache/ranger/ranger-plugins-audit/2.3.0/ranger-plugins-audit-2.3.0.jar:/home/runner/.m2/repository/org/eclipse/jetty/jetty-client/9.4.31.v20200723/jetty-client-9.4.31.v20200723.jar:/home/runner/.m2/repository/org/apache/httpcomponents/httpmime/4.5.6/httpmime-4.5.6.jar:/home/runner/.m2/repository/org/apache/httpcomponents/httpcore-nio/4.4.6/httpcore-nio-4.4.6.jar:/home/runner/.m2/repository/org/apache/httpcomponents/httpasyncclient/4.1.3/httpasyncclient-4.1.3.jar:/home/runner/.m2/repository/com/carrotsearch/hppc/0.8.0/hppc-0.8.0.jar:/home/runner/.m2/repository/org/apache/orc/orc-core/1.5.8/orc-core-1.5.8.jar:/home/runner/.m2/repository/net/java/dev/jna/jna/5.2.0/jna-5.2.0.jar:/home/runner/.m2/repository/net/java/dev/jna/jna-platform/5.2.0/jna-platform-5.2.0.jar:/home/runner/.m2/repository/com/kstruct/gethostname4j/0.0.2/gethostname4j-0.0.2.jar:/home/runner/.m2/repository/org/apache/ranger/ranger-plugin-classloader/2.3.0/ranger-plugin-classloader-2.3.0.jar:/home/runner/.m2/repository/org/apache/hadoop/hadoop-minikdc/3.3.4/hadoop-minikdc-3.3.4.jar:/home/runner/.m2/repository/org/apache/kerby/kerb-simplekdc/1.0.1/kerb-simplekdc-1.0.1.jar:/home/runner/.m2/repository/org/apache/kerby/kerb-client/1.0.1/kerb-client-1.0.1.jar:/home/runner/.m2/repository/org/apache/kerby/kerby-config/1.0.1/kerby-config-1.0.1.jar:/home/runner/.m2/repository/org/apache/kerby/kerb-common/1.0.1/kerb-common-1.0.1.jar:/home/runner/.m2/repository/org/apache/kerby/kerb-crypto/1.0.1/kerb-crypto-1.0.1.jar:/home/runner/.m2/repository/org/apache/kerby/kerb-util/1.0.1/kerb-util-1.0.1.jar:/home/runner/.m2/repository/org/apache/kerby/token-provider/1.0.1/token-provider-1.0.1.jar:/home/runner/.m2/repository/org/apache/kerby/kerb-admin/1.0.1/kerb-admin-1.0.1.jar:/home/runner/.m2/repository/org/apache/kerby/kerb-server/1.0.1/kerb-server-1.0.1.jar:/home/runner/.m2/repository/org/apache/kerby/kerb-identity/1.0.1/kerb-identity-1.0.1.jar:/home/runner/.m2/repository/org/apache/kerby/kerby-xdr/1.0.1/kerby-xdr-1.0.1.jar:/home/runner/.m2/repository/org/apache/ozone/ozone-s3gateway/1.4.0-SNAPSHOT/ozone-s3gateway-1.4.0-SNAPSHOT.jar:/home/runner/.m2/repository/org/javassist/javassist/3.21.0-GA/javassist-3.21.0-GA.jar:/home/runner/.m2/repository/org/jboss/weld/servlet/weld-servlet/2.4.7.Final/weld-servlet-2.4.7.Final.jar:/home/runner/.m2/repository/org/glassfish/jersey/containers/jersey-container-servlet-core/2.34/jersey-container-servlet-core-2.34.jar:/home/runner/.m2/repository/org/glassfish/hk2/external/jakarta.inject/2.6.1/jakarta.inject-2.6.1.jar:/home/runner/.m2/repository/org/glassfish/jersey/core/jersey-common/2.34/jersey-common-2.34.jar:/home/runner/.m2/repository/jakarta/ws/rs/jakarta.ws.rs-api/2.1.6/jakarta.ws.rs-api-2.1.6.jar:/home/runner/.m2/repository/org/glassfish/jersey/ext/cdi/jersey-cdi1x/2.34/jersey-cdi1x-2.34.jar:/home/runner/.m2/repository/org/glassfish/jersey/inject/jersey-hk2/2.34/jersey-hk2-2.34.jar:/home/runner/.m2/repository/org/glassfish/hk2/hk2-locator/2.6.1/hk2-locator-2.6.1.jar:/home/runner/.m2/repository/org/glassfish/jersey/media/jersey-media-jaxb/2.34/jersey-media-jaxb-2.34.jar:/home/runner/.m2/repository/org/glassfish/hk2/osgi-resource-locator/1.0.3/osgi-resource-locator-1.0.3.jar:/home/runner/.m2/repository/org/glassfish/hk2/hk2-api/2.5.0/hk2-api-2.5.0.jar:/home/runner/.m2/repository/org/glassfish/hk2/hk2-utils/2.5.0/hk2-utils-2.5.0.jar:/home/runner/.m2/repository/org/glassfish/hk2/external/aopalliance-repackaged/2.5.0/aopalliance-repackaged-2.5.0.jar:/home/runner/.m2/repository/com/fasterxml/jackson/dataformat/jackson-dataformat-xml/2.13.4/jackson-dataformat-xml-2.13.4.jar:/home/runner/.m2/repository/com/fasterxml/jackson/core/jackson-core/2.13.4/jackson-core-2.13.4.jar:/home/runner/.m2/repository/org/codehaus/woodstox/stax2-api/4.2.1/stax2-api-4.2.1.jar:/home/runner/.m2/repository/com/fasterxml/woodstox/woodstox-core/5.4.0/woodstox-core-5.4.0.jar:/home/runner/.m2/repository/com/fasterxml/jackson/module/jackson-module-jaxb-annotations/2.13.4/jackson-module-jaxb-annotations-2.13.4.jar:/home/runner/.m2/repository/jakarta/xml/bind/jakarta.xml.bind-api/2.3.3/jakarta.xml.bind-api-2.3.3.jar:/home/runner/.m2/repository/jakarta/activation/jakarta.activation-api/1.2.1/jakarta.activation-api-1.2.1.jar:/home/runner/.m2/repository/javax/enterprise/cdi-api/1.2/cdi-api-1.2.jar:/home/runner/.m2/repository/javax/el/javax.el-api/3.0.0/javax.el-api-3.0.0.jar:/home/runner/.m2/repository/javax/interceptor/javax.interceptor-api/1.2/javax.interceptor-api-1.2.jar:/home/runner/.m2/repository/javax/inject/javax.inject/1/javax.inject-1.jar:/home/runner/.m2/repository/javax/xml/bind/jaxb-api/2.3.0/jaxb-api-2.3.0.jar:/home/runner/.m2/repository/org/glassfish/jaxb/jaxb-runtime/2.3.0.1/jaxb-runtime-2.3.0.1.jar:/home/runner/.m2/repository/org/glassfish/jaxb/jaxb-core/2.3.0.1/jaxb-core-2.3.0.1.jar:/home/runner/.m2/repository/org/glassfish/jaxb/txw2/2.3.0.1/txw2-2.3.0.1.jar:/home/runner/.m2/repository/com/sun/istack/istack-commons-runtime/3.0.5/istack-commons-runtime-3.0.5.jar:/home/runner/.m2/repository/org/jvnet/staxex/stax-ex/1.7.8/stax-ex-1.7.8.jar:/home/runner/.m2/repository/com/sun/xml/fastinfoset/FastInfoset/1.2.13/FastInfoset-1.2.13.jar:/home/runner/.m2/repository/javax/activation/activation/1.1.1/activation-1.1.1.jar:/home/runner/.m2/repository/io/grpc/grpc-protobuf/1.51.1/grpc-protobuf-1.51.1.jar:/home/runner/.m2/repository/io/grpc/grpc-api/1.51.1/grpc-api-1.51.1.jar:/home/runner/.m2/repository/io/grpc/grpc-context/1.51.1/grpc-context-1.51.1.jar:/home/runner/.m2/repository/com/google/api/grpc/proto-google-common-protos/2.9.0/proto-google-common-protos-2.9.0.jar:/home/runner/.m2/repository/io/grpc/grpc-protobuf-lite/1.51.1/grpc-protobuf-lite-1.51.1.jar:/home/runner/.m2/repository/io/grpc/grpc-stub/1.51.1/grpc-stub-1.51.1.jar:/home/runner/.m2/repository/io/netty/netty-transport/4.1.86.Final/netty-transport-4.1.86.Final.jar:/home/runner/.m2/repository/io/netty/netty-resolver/4.1.86.Final/netty-resolver-4.1.86.Final.jar:/home/runner/.m2/repository/org/apache/ozone/ozone-csi/1.4.0-SNAPSHOT/ozone-csi-1.4.0-SNAPSHOT.jar:/home/runner/.m2/repository/com/google/protobuf/protobuf-java-util/3.19.6/protobuf-java-util-3.19.6.jar:/home/runner/.m2/repository/com/google/code/gson/gson/2.9.0/gson-2.9.0.jar:/home/runner/.m2/repository/org/apache/ozone/hdds-config/1.4.0-SNAPSHOT/hdds-config-1.4.0-SNAPSHOT.jar:/home/runner/.m2/repository/io/netty/netty-transport-native-epoll/4.1.86.Final/netty-transport-native-epoll-4.1.86.Final-linux-x86_64.jar:/home/runner/.m2/repository/io/netty/netty-transport-classes-epoll/4.1.86.Final/netty-transport-classes-epoll-4.1.86.Final.jar:/home/runner/.m2/repository/io/netty/netty-transport-native-unix-common/4.1.86.Final/netty-transport-native-unix-common-4.1.86.Final.jar:/home/runner/.m2/repository/org/slf4j/slf4j-reload4j/1.7.36/slf4j-reload4j-1.7.36.jar:/home/runner/.m2/repository/org/apache/ozone/ozone-recon/1.4.0-SNAPSHOT/ozone-recon-1.4.0-SNAPSHOT.jar:/home/runner/.m2/repository/org/apache/ozone/ozone-reconcodegen/1.4.0-SNAPSHOT/ozone-reconcodegen-1.4.0-SNAPSHOT.jar:/home/runner/.m2/repository/com/google/inject/extensions/guice-multibindings/4.0/guice-multibindings-4.0.jar:/home/runner/.m2/repository/com/google/inject/guice/4.0/guice-4.0.jar:/home/runner/.m2/repository/aopalliance/aopalliance/1.0/aopalliance-1.0.jar:/home/runner/.m2/repository/com/google/inject/extensions/guice-assistedinject/4.0/guice-assistedinject-4.0.jar:/home/runner/.m2/repository/com/google/inject/extensions/guice-servlet/4.0/guice-servlet-4.0.jar:/home/runner/.m2/repository/org/glassfish/jersey/containers/jersey-container-servlet/2.34/jersey-container-servlet-2.34.jar:/home/runner/.m2/repository/org/glassfish/hk2/guice-bridge/2.5.0/guice-bridge-2.5.0.jar:/home/runner/.m2/repository/org/glassfish/jersey/core/jersey-server/2.34/jersey-server-2.34.jar:/home/runner/.m2/repository/org/glassfish/jersey/core/jersey-client/2.34/jersey-client-2.34.jar:/home/runner/.m2/repository/jakarta/annotation/jakarta.annotation-api/1.3.5/jakarta.annotation-api-1.3.5.jar:/home/runner/.m2/repository/jakarta/validation/jakarta.validation-api/2.0.2/jakarta.validation-api-2.0.2.jar:/home/runner/.m2/repository/org/glassfish/jersey/media/jersey-media-json-jackson/2.34/jersey-media-json-jackson-2.34.jar:/home/runner/.m2/repository/org/glassfish/jersey/ext/jersey-entity-filtering/2.34/jersey-entity-filtering-2.34.jar:/home/runner/.m2/repository/org/jooq/jooq/3.11.10/jooq-3.11.10.jar:/home/runner/.m2/repository/org/jooq/jooq-meta/3.11.10/jooq-meta-3.11.10.jar:/home/runner/.m2/repository/org/jooq/jooq-codegen/3.11.10/jooq-codegen-3.11.10.jar:/home/runner/.m2/repository/com/jolbox/bonecp/0.8.0.RELEASE/bonecp-0.8.0.RELEASE.jar:/home/runner/.m2/repository/org/apache/derby/derby/10.14.2.0/derby-10.14.2.0.jar:/home/runner/.m2/repository/org/xerial/sqlite-jdbc/3.25.2/sqlite-jdbc-3.25.2.jar:/home/runner/.m2/repository/org/springframework/spring-jdbc/5.3.23/spring-jdbc-5.3.23.jar:/home/runner/.m2/repository/org/springframework/spring-beans/5.3.23/spring-beans-5.3.23.jar:/home/runner/.m2/repository/org/springframework/spring-core/5.3.23/spring-core-5.3.23.jar:/home/runner/.m2/repository/org/springframework/spring-jcl/5.3.23/spring-jcl-5.3.23.jar:/home/runner/.m2/repository/org/springframework/spring-tx/5.3.23/spring-tx-5.3.23.jar:/home/runner/.m2/repository/org/apache/ozone/ozone-client/1.4.0-SNAPSHOT/ozone-client-1.4.0-SNAPSHOT.jar:/home/runner/.m2/repository/org/apache/ozone/hdds-erasurecode/1.4.0-SNAPSHOT/hdds-erasurecode-1.4.0-SNAPSHOT.jar:/home/runner/.m2/repository/org/apache/ozone/ozone-filesystem/1.4.0-SNAPSHOT/ozone-filesystem-1.4.0-SNAPSHOT.jar:/home/runner/.m2/repository/org/apache/ozone/ozone-filesystem-common/1.4.0-SNAPSHOT/ozone-filesystem-common-1.4.0-SNAPSHOT.jar:/home/runner/.m2/repository/org/apache/ozone/ozone-tools/1.4.0-SNAPSHOT/ozone-tools-1.4.0-SNAPSHOT.jar:/home/runner/.m2/repository/org/apache/ratis/ratis-tools/2.4.2-8b8bdda-SNAPSHOT/ratis-tools-2.4.2-8b8bdda-SNAPSHOT.jar:/home/runner/.m2/repository/com/amazonaws/aws-java-sdk-core/1.12.261/aws-java-sdk-core-1.12.261.jar:/home/runner/.m2/repository/org/apache/httpcomponents/httpclient/4.5.13/httpclient-4.5.13.jar:/home/runner/.m2/repository/org/apache/httpcomponents/httpcore/4.4.13/httpcore-4.4.13.jar:/home/runner/.m2/repository/software/amazon/ion/ion-java/1.0.2/ion-java-1.0.2.jar:/home/runner/.m2/repository/com/fasterxml/jackson/dataformat/jackson-dataformat-cbor/2.13.4/jackson-dataformat-cbor-2.13.4.jar:/home/runner/.m2/repository/joda-time/joda-time/2.8.1/joda-time-2.8.1.jar:/home/runner/.m2/repository/com/amazonaws/aws-java-sdk-s3/1.12.261/aws-java-sdk-s3-1.12.261.jar:/home/runner/.m2/repository/com/amazonaws/aws-java-sdk-kms/1.12.261/aws-java-sdk-kms-1.12.261.jar:/home/runner/.m2/repository/com/amazonaws/jmespath-java/1.12.261/jmespath-java-1.12.261.jar:/home/runner/.m2/repository/org/kohsuke/metainf-services/metainf-services/1.8/metainf-services-1.8.jar:/home/runner/.m2/repository/org/apache/ozone/hdds-tools/1.4.0-SNAPSHOT/hdds-tools-1.4.0-SNAPSHOT.jar:/home/runner/.m2/repository/commons-cli/commons-cli/1.2/commons-cli-1.2.jar:/home/runner/.m2/repository/org/apache/commons/commons-lang3/3.7/commons-lang3-3.7.jar:/home/runner/.m2/repository/org/apache/ozone/ozone-manager/1.4.0-SNAPSHOT/ozone-manager-1.4.0-SNAPSHOT-tests.jar:/home/runner/.m2/repository/org/apache/ozone/hdds-common/1.4.0-SNAPSHOT/hdds-common-1.4.0-SNAPSHOT-tests.jar:/home/runner/.m2/repository/org/apache/ozone/hdds-hadoop-dependency-client/1.4.0-SNAPSHOT/hdds-hadoop-dependency-client-1.4.0-SNAPSHOT.jar:/home/runner/.m2/repository/info/picocli/picocli/4.6.1/picocli-4.6.1.jar:/home/runner/.m2/repository/com/fasterxml/jackson/core/jackson-annotations/2.13.4/jackson-annotations-2.13.4.jar:/home/runner/.m2/repository/com/fasterxml/jackson/datatype/jackson-datatype-jsr310/2.13.4/jackson-datatype-jsr310-2.13.4.jar:/home/runner/.m2/repository/org/apache/ozone/hdds-annotation-processing/1.4.0-SNAPSHOT/hdds-annotation-processing-1.4.0-SNAPSHOT.jar:/home/runner/.m2/repository/javax/annotation/javax.annotation-api/1.2/javax.annotation-api-1.2.jar:/home/runner/.m2/repository/org/apache/ratis/ratis-server/2.4.2-8b8bdda-SNAPSHOT/ratis-server-2.4.2-8b8bdda-SNAPSHOT.jar:/home/runner/.m2/repository/org/apache/ratis/ratis-client/2.4.2-8b8bdda-SNAPSHOT/ratis-client-2.4.2-8b8bdda-SNAPSHOT.jar:/home/runner/.m2/repository/org/apache/ratis/ratis-server-api/2.4.2-8b8bdda-SNAPSHOT/ratis-server-api-2.4.2-8b8bdda-SNAPSHOT.jar:/home/runner/.m2/repository/org/apache/ratis/ratis-metrics/2.4.2-8b8bdda-SNAPSHOT/ratis-metrics-2.4.2-8b8bdda-SNAPSHOT.jar:/home/runner/.m2/repository/org/apache/ratis/ratis-netty/2.4.2-8b8bdda-SNAPSHOT/ratis-netty-2.4.2-8b8bdda-SNAPSHOT.jar:/home/runner/.m2/repository/org/apache/ratis/ratis-grpc/2.4.2-8b8bdda-SNAPSHOT/ratis-grpc-2.4.2-8b8bdda-SNAPSHOT.jar:/home/runner/.m2/repository/org/apache/logging/log4j/log4j-api/2.17.1/log4j-api-2.17.1.jar:/home/runner/.m2/repository/org/apache/commons/commons-pool2/2.6.0/commons-pool2-2.6.0.jar:/home/runner/.m2/repository/org/bouncycastle/bcpkix-jdk15on/1.67/bcpkix-jdk15on-1.67.jar:/home/runner/.m2/repository/commons-validator/commons-validator/1.6/commons-validator-1.6.jar:/home/runner/.m2/repository/commons-beanutils/commons-beanutils/1.9.4/commons-beanutils-1.9.4.jar:/home/runner/.m2/repository/commons-digester/commons-digester/1.8.1/commons-digester-1.8.1.jar:/home/runner/.m2/repository/commons-collections/commons-collections/3.2.2/commons-collections-3.2.2.jar:/home/runner/.m2/repository/io/jaegertracing/jaeger-client/1.6.0/jaeger-client-1.6.0.jar:/home/runner/.m2/repository/io/jaegertracing/jaeger-thrift/1.6.0/jaeger-thrift-1.6.0.jar:/home/runner/.m2/repository/org/apache/thrift/libthrift/0.14.1/libthrift-0.14.1.jar:/home/runner/.m2/repository/io/jaegertracing/jaeger-core/1.6.0/jaeger-core-1.6.0.jar:/home/runner/.m2/repository/io/jaegertracing/jaeger-tracerresolver/1.6.0/jaeger-tracerresolver-1.6.0.jar:/home/runner/.m2/repository/io/opentracing/contrib/opentracing-tracerresolver/0.1.8/opentracing-tracerresolver-0.1.8.jar:/home/runner/.m2/repository/org/jetbrains/kotlin/kotlin-stdlib/1.6.21/kotlin-stdlib-1.6.21.jar:/home/runner/.m2/repository/org/jetbrains/annotations/13.0/annotations-13.0.jar:/home/runner/.m2/repository/io/opentracing/opentracing-util/0.33.0/opentracing-util-0.33.0.jar:/home/runner/.m2/repository/io/opentracing/opentracing-api/0.33.0/opentracing-api-0.33.0.jar:/home/runner/.m2/repository/io/opentracing/opentracing-noop/0.33.0/opentracing-noop-0.33.0.jar:/home/runner/.m2/repository/org/yaml/snakeyaml/1.33/snakeyaml-1.33.jar:/home/runner/.m2/repository/org/apache/ozone/hdds-interface-admin/1.4.0-SNAPSHOT/hdds-interface-admin-1.4.0-SNAPSHOT.jar:/home/runner/.m2/repository/junit/junit/4.13.1/junit-4.13.1.jar:/home/runner/.m2/repository/org/hamcrest/hamcrest-core/1.3/hamcrest-core-1.3.jar:/home/runner/.m2/repository/org/junit/jupiter/junit-jupiter-api/5.8.2/junit-jupiter-api-5.8.2.jar:/home/runner/.m2/repository/org/opentest4j/opentest4j/1.2.0/opentest4j-1.2.0.jar:/home/runner/.m2/repository/org/junit/platform/junit-platform-commons/1.8.2/junit-platform-commons-1.8.2.jar:/home/runner/.m2/repository/org/apiguardian/apiguardian-api/1.1.2/apiguardian-api-1.1.2.jar:/home/runner/.m2/repository/org/junit/jupiter/junit-jupiter-params/5.8.2/junit-jupiter-params-5.8.2.jar:/home/runner/.m2/repository/org/junit/jupiter/junit-jupiter-migrationsupport/5.8.2/junit-jupiter-migrationsupport-5.8.2.jar:/home/runner/.m2/repository/org/junit/jupiter/junit-jupiter-engine/5.8.2/junit-jupiter-engine-5.8.2.jar:/home/runner/.m2/repository/org/junit/platform/junit-platform-engine/1.8.2/junit-platform-engine-1.8.2.jar:/home/runner/.m2/repository/org/junit/vintage/junit-vintage-engine/5.8.2/junit-vintage-engine-5.8.2.jar:/home/runner/.m2/repository/org/junit/platform/junit-platform-launcher/1.8.2/junit-platform-launcher-1.8.2.jar:/home/runner/.m2/repository/org/mockito/mockito-core/2.28.2/mockito-core-2.28.2.jar:/home/runner/.m2/repository/net/bytebuddy/byte-buddy/1.9.10/byte-buddy-1.9.10.jar:/home/runner/.m2/repository/net/bytebuddy/byte-buddy-agent/1.9.10/byte-buddy-agent-1.9.10.jar:/home/runner/.m2/repository/org/objenesis/objenesis/1.0/objenesis-1.0.jar:/home/runner/.m2/repository/org/apache/hadoop/hadoop-kms/3.3.4/hadoop-kms-3.3.4.jar:/home/runner/.m2/repository/org/apache/hadoop/hadoop-auth/3.3.4/hadoop-auth-3.3.4.jar:/home/runner/.m2/repository/com/nimbusds/nimbus-jose-jwt/9.8.1/nimbus-jose-jwt-9.8.1.jar:/home/runner/.m2/repository/com/github/stephenc/jcip/jcip-annotations/1.0-1/jcip-annotations-1.0-1.jar:/home/runner/.m2/repository/net/minidev/json-smart/2.4.7/json-smart-2.4.7.jar:/home/runner/.m2/repository/net/minidev/accessors-smart/2.4.7/accessors-smart-2.4.7.jar:/home/runner/.m2/repository/org/ow2/asm/asm/5.0.4/asm-5.0.4.jar:/home/runner/.m2/repository/org/apache/zookeeper/zookeeper/3.5.6/zookeeper-3.5.6.jar:/home/runner/.m2/repository/org/apache/zookeeper/zookeeper-jute/3.5.6/zookeeper-jute-3.5.6.jar:/home/runner/.m2/repository/org/apache/yetus/audience-annotations/0.5.0/audience-annotations-0.5.0.jar:/home/runner/.m2/repository/org/apache/curator/curator-framework/4.2.0/curator-framework-4.2.0.jar:/home/runner/.m2/repository/org/apache/hadoop/thirdparty/hadoop-shaded-guava/1.1.1/hadoop-shaded-guava-1.1.1.jar:/home/runner/.m2/repository/com/sun/jersey/jersey-core/1.19/jersey-core-1.19.jar:/home/runner/.m2/repository/javax/ws/rs/jsr311-api/1.1.1/jsr311-api-1.1.1.jar:/home/runner/.m2/repository/com/sun/jersey/jersey-server/1.19/jersey-server-1.19.jar:/home/runner/.m2/repository/javax/servlet/javax.servlet-api/3.1.0/javax.servlet-api-3.1.0.jar:/home/runner/.m2/repository/org/eclipse/jetty/jetty-server/9.4.49.v20220914/jetty-server-9.4.49.v20220914.jar:/home/runner/.m2/repository/org/eclipse/jetty/jetty-http/9.4.49.v20220914/jetty-http-9.4.49.v20220914.jar:/home/runner/.m2/repository/org/eclipse/jetty/jetty-io/9.4.49.v20220914/jetty-io-9.4.49.v20220914.jar:/home/runner/.m2/repository/org/eclipse/jetty/jetty-webapp/9.4.49.v20220914/jetty-webapp-9.4.49.v20220914.jar:/home/runner/.m2/repository/org/eclipse/jetty/jetty-xml/9.4.49.v20220914/jetty-xml-9.4.49.v20220914.jar:/home/runner/.m2/repository/org/apache/hadoop/hadoop-common/3.3.4/hadoop-common-3.3.4.jar:/home/runner/.m2/repository/org/apache/commons/commons-math3/3.1.1/commons-math3-3.1.1.jar:/home/runner/.m2/repository/commons-net/commons-net/3.9.0/commons-net-3.9.0.jar:/home/runner/.m2/repository/com/sun/jersey/jersey-servlet/1.19/jersey-servlet-1.19.jar:/home/runner/.m2/repository/com/sun/jersey/jersey-json/1.19/jersey-json-1.19.jar:/home/runner/.m2/repository/org/codehaus/jettison/jettison/1.1/jettison-1.1.jar:/home/runner/.m2/repository/com/sun/xml/bind/jaxb-impl/2.2.3-1/jaxb-impl-2.2.3-1.jar:/home/runner/.m2/repository/org/codehaus/jackson/jackson-xc/1.9.2/jackson-xc-1.9.2.jar:/home/runner/.m2/repository/com/google/re2j/re2j/1.1/re2j-1.1.jar:/home/runner/.m2/repository/com/jcraft/jsch/0.1.54/jsch-0.1.54.jar:/home/runner/.m2/repository/org/apache/curator/curator-client/4.2.0/curator-client-4.2.0.jar:/home/runner/.m2/repository/org/apache/curator/curator-recipes/4.2.0/curator-recipes-4.2.0.jar:/home/runner/.m2/repository/org/apache/kerby/kerb-core/1.0.1/kerb-core-1.0.1.jar:/home/runner/.m2/repository/org/apache/kerby/kerby-pkix/1.0.1/kerby-pkix-1.0.1.jar:/home/runner/.m2/repository/org/apache/kerby/kerby-asn1/1.0.1/kerby-asn1-1.0.1.jar:/home/runner/.m2/repository/org/apache/kerby/kerby-util/1.0.1/kerby-util-1.0.1.jar:/home/runner/.m2/repository/dnsjava/dnsjava/2.1.7/dnsjava-2.1.7.jar:/home/runner/.m2/repository/org/xerial/snappy/snappy-java/1.1.8.2/snappy-java-1.1.8.2.jar:/home/runner/.m2/repository/org/eclipse/jetty/jetty-util/9.4.49.v20220914/jetty-util-9.4.49.v20220914.jar:/home/runner/.m2/repository/com/fasterxml/jackson/core/jackson-databind/2.13.4.2/jackson-databind-2.13.4.2.jar:/home/runner/.m2/repository/org/apache/hadoop/hadoop-kms/3.3.4/hadoop-kms-3.3.4-tests.jar:/home/runner/.m2/repository/org/apache/ozone/hdds-server-scm/1.4.0-SNAPSHOT/hdds-server-scm-1.4.0-SNAPSHOT-tests.jar:/home/runner/.m2/repository/org/apache/ozone/hdds-container-service/1.4.0-SNAPSHOT/hdds-container-service-1.4.0-SNAPSHOT-tests.jar:/home/runner/.m2/repository/com/github/luben/zstd-jni/1.5.2-5/zstd-jni-1.5.2-5.jar:/home/runner/.m2/repository/commons-codec/commons-codec/1.15/commons-codec-1.15.jar:/home/runner/.m2/repository/io/netty/netty-codec/4.1.86.Final/netty-codec-4.1.86.Final.jar:/home/runner/.m2/repository/io/netty/netty-handler/4.1.86.Final/netty-handler-4.1.86.Final.jar:/home/runner/.m2/repository/org/apache/ozone/hdds-hadoop-dependency-test/1.4.0-SNAPSHOT/hdds-hadoop-dependency-test-1.4.0-SNAPSHOT.jar:/home/runner/.m2/repository/org/apache/hadoop/hadoop-common/3.3.4/hadoop-common-3.3.4-tests.jar:/home/runner/.m2/repository/org/apache/hadoop/hadoop-hdfs/3.3.4/hadoop-hdfs-3.3.4-tests.jar:/home/runner/.m2/repository/org/assertj/assertj-core/3.12.2/assertj-core-3.12.2.jar:/home/runner/.m2/repository/org/apache/hadoop/hadoop-distcp/3.3.4/hadoop-distcp-3.3.4.jar:/home/runner/.m2/repository/org/apache/hadoop/hadoop-mapreduce-client-jobclient/3.3.4/hadoop-mapreduce-client-jobclient-3.3.4.jar:/home/runner/.m2/repository/org/apache/hadoop/hadoop-mapreduce-client-common/3.3.4/hadoop-mapreduce-client-common-3.3.4.jar:/home/runner/.m2/repository/org/apache/hadoop/hadoop-yarn-common/3.3.4/hadoop-yarn-common-3.3.4.jar:/home/runner/.m2/repository/org/apache/hadoop/hadoop-yarn-api/3.3.4/hadoop-yarn-api-3.3.4.jar:/home/runner/.m2/repository/com/sun/jersey/contribs/jersey-guice/1.19/jersey-guice-1.19.jar:/home/runner/.m2/repository/com/fasterxml/jackson/jaxrs/jackson-jaxrs-json-provider/2.13.4/jackson-jaxrs-json-provider-2.13.4.jar:/home/runner/.m2/repository/com/fasterxml/jackson/jaxrs/jackson-jaxrs-base/2.13.4/jackson-jaxrs-base-2.13.4.jar:/home/runner/.m2/repository/org/apache/hadoop/hadoop-yarn-client/3.3.4/hadoop-yarn-client-3.3.4.jar:/home/runner/.m2/repository/org/eclipse/jetty/websocket/websocket-client/9.4.43.v20210629/websocket-client-9.4.43.v20210629.jar:/home/runner/.m2/repository/org/eclipse/jetty/websocket/websocket-common/9.4.43.v20210629/websocket-common-9.4.43.v20210629.jar:/home/runner/.m2/repository/org/eclipse/jetty/websocket/websocket-api/9.4.43.v20210629/websocket-api-9.4.43.v20210629.jar:/home/runner/.m2/repository/org/jline/jline/3.9.0/jline-3.9.0.jar:/home/runner/.m2/repository/org/apache/hadoop/hadoop-mapreduce-client-core/3.3.4/hadoop-mapreduce-client-core-3.3.4.jar:/home/runner/.m2/repository/org/apache/avro/avro/1.7.7/avro-1.7.7.jar:/home/runner/.m2/repository/org/codehaus/jackson/jackson-core-asl/1.9.13/jackson-core-asl-1.9.13.jar:/home/runner/.m2/repository/org/codehaus/jackson/jackson-mapper-asl/1.9.13/jackson-mapper-asl-1.9.13.jar:/home/runner/.m2/repository/com/thoughtworks/paranamer/paranamer/2.3/paranamer-2.3.jar:/home/runner/.m2/repository/org/apache/hadoop/hadoop-annotations/3.3.4/hadoop-annotations-3.3.4.jar:/usr/lib/jvm/temurin-8-jdk-amd64/jre/../lib/tools.jar:/home/runner/.m2/repository/io/netty/netty/3.10.6.Final/netty-3.10.6.Final.jar:/home/runner/.m2/repository/org/apache/hadoop/hadoop-distcp/3.3.4/hadoop-distcp-3.3.4-tests.jar:/home/runner/.m2/repository/org/slf4j/jul-to-slf4j/1.7.36/jul-to-slf4j-1.7.36.jar:/home/runner/.m2/repository/org/apache/ratis/ratis-common/2.4.2-8b8bdda-SNAPSHOT/ratis-common-2.4.2-8b8bdda-SNAPSHOT.jar:/home/runner/.m2/repository/org/apache/ratis/ratis-thirdparty-misc/1.0.3/ratis-thirdparty-misc-1.0.3.jar:/home/runner/.m2/repository/org/apache/ratis/ratis-proto/2.4.2-8b8bdda-SNAPSHOT/ratis-proto-2.4.2-8b8bdda-SNAPSHOT.jar:"/>
    <property name="java.vm.vendor" value="Temurin"/>
    <property name="sun.arch.data.model" value="64"/>
    <property name="test.build.dir" value="/home/runner/work/ozone/ozone/hadoop-ozone/integration-test/target/test-dir"/>
    <property name="test.cache.data" value=""/>
    <property name="java.vendor.url" value="https://adoptium.net/"/>
    <property name="user.timezone" value="Etc/UTC"/>
    <property name="java.vm.specification.version" value="1.8"/>
    <property name="os.name" value="Linux"/>
    <property name="test.build.data" value="/home/runner/work/ozone/ozone/hadoop-ozone/integration-test/target/test-dir"/>
    <property name="sun.java.launcher" value="SUN_STANDARD"/>
    <property name="sun.boot.library.path" value="/usr/lib/jvm/temurin-8-jdk-amd64/jre/lib/amd64"/>
    <property name="sun.java.command" value="/home/runner/work/ozone/ozone/hadoop-ozone/integration-test/target/surefire/surefirebooter7835866335371696754.jar /home/runner/work/ozone/ozone/hadoop-ozone/integration-test/target/surefire 2023-01-26T17-02-57_732-jvmRun1 surefire17294380158592213tmp surefire_27696284729902637429tmp"/>
    <property name="surefire.test.class.path" value="/home/runner/work/ozone/ozone/hadoop-ozone/integration-test/target/test-classes:/home/runner/work/ozone/ozone/hadoop-ozone/integration-test/target/classes:/home/runner/.m2/repository/org/apache/ozone/ozone-common/1.4.0-SNAPSHOT/ozone-common-1.4.0-SNAPSHOT.jar:/home/runner/.m2/repository/io/grpc/grpc-netty/1.51.1/grpc-netty-1.51.1.jar:/home/runner/.m2/repository/io/grpc/grpc-core/1.51.1/grpc-core-1.51.1.jar:/home/runner/.m2/repository/com/google/android/annotations/4.1.1.4/annotations-4.1.1.4.jar:/home/runner/.m2/repository/org/codehaus/mojo/animal-sniffer-annotations/1.21/animal-sniffer-annotations-1.21.jar:/home/runner/.m2/repository/com/google/errorprone/error_prone_annotations/2.2.0/error_prone_annotations-2.2.0.jar:/home/runner/.m2/repository/io/perfmark/perfmark-api/0.25.0/perfmark-api-0.25.0.jar:/home/runner/.m2/repository/io/netty/netty-codec-http2/4.1.86.Final/netty-codec-http2-4.1.86.Final.jar:/home/runner/.m2/repository/io/netty/netty-common/4.1.86.Final/netty-common-4.1.86.Final.jar:/home/runner/.m2/repository/io/netty/netty-buffer/4.1.86.Final/netty-buffer-4.1.86.Final.jar:/home/runner/.m2/repository/io/netty/netty-codec-http/4.1.86.Final/netty-codec-http-4.1.86.Final.jar:/home/runner/.m2/repository/io/netty/netty-handler-proxy/4.1.86.Final/netty-handler-proxy-4.1.86.Final.jar:/home/runner/.m2/repository/io/netty/netty-codec-socks/4.1.86.Final/netty-codec-socks-4.1.86.Final.jar:/home/runner/.m2/repository/io/netty/netty-tcnative-boringssl-static/2.0.54.Final/netty-tcnative-boringssl-static-2.0.54.Final.jar:/home/runner/.m2/repository/io/netty/netty-tcnative-classes/2.0.54.Final/netty-tcnative-classes-2.0.54.Final.jar:/home/runner/.m2/repository/io/netty/netty-tcnative-boringssl-static/2.0.54.Final/netty-tcnative-boringssl-static-2.0.54.Final-linux-x86_64.jar:/home/runner/.m2/repository/io/netty/netty-tcnative-boringssl-static/2.0.54.Final/netty-tcnative-boringssl-static-2.0.54.Final-linux-aarch_64.jar:/home/runner/.m2/repository/io/netty/netty-tcnative-boringssl-static/2.0.54.Final/netty-tcnative-boringssl-static-2.0.54.Final-osx-x86_64.jar:/home/runner/.m2/repository/io/netty/netty-tcnative-boringssl-static/2.0.54.Final/netty-tcnative-boringssl-static-2.0.54.Final-osx-aarch_64.jar:/home/runner/.m2/repository/io/netty/netty-tcnative-boringssl-static/2.0.54.Final/netty-tcnative-boringssl-static-2.0.54.Final-windows-x86_64.jar:/home/runner/.m2/repository/org/apache/commons/commons-compress/1.21/commons-compress-1.21.jar:/home/runner/.m2/repository/org/apache/ozone/hdds-common/1.4.0-SNAPSHOT/hdds-common-1.4.0-SNAPSHOT.jar:/home/runner/.m2/repository/org/apache/ozone/hdds-client/1.4.0-SNAPSHOT/hdds-client-1.4.0-SNAPSHOT.jar:/home/runner/.m2/repository/org/apache/ozone/ozone-interface-client/1.4.0-SNAPSHOT/ozone-interface-client-1.4.0-SNAPSHOT.jar:/home/runner/.m2/repository/org/apache/ozone/hdds-test-utils/1.4.0-SNAPSHOT/hdds-test-utils-1.4.0-SNAPSHOT.jar:/home/runner/.m2/repository/com/google/guava/guava/31.1-jre/guava-31.1-jre.jar:/home/runner/.m2/repository/com/google/guava/failureaccess/1.0.1/failureaccess-1.0.1.jar:/home/runner/.m2/repository/com/google/guava/listenablefuture/9999.0-empty-to-avoid-conflict-with-guava/listenablefuture-9999.0-empty-to-avoid-conflict-with-guava.jar:/home/runner/.m2/repository/com/google/code/findbugs/jsr305/3.0.0/jsr305-3.0.0.jar:/home/runner/.m2/repository/org/checkerframework/checker-qual/3.12.0/checker-qual-3.12.0.jar:/home/runner/.m2/repository/com/google/j2objc/j2objc-annotations/1.3/j2objc-annotations-1.3.jar:/home/runner/.m2/repository/commons-io/commons-io/2.11.0/commons-io-2.11.0.jar:/home/runner/.m2/repository/commons-logging/commons-logging/1.2/commons-logging-1.2.jar:/home/runner/.m2/repository/ch/qos/reload4j/reload4j/1.2.22/reload4j-1.2.22.jar:/home/runner/.m2/repository/org/slf4j/slf4j-api/1.7.36/slf4j-api-1.7.36.jar:/home/runner/.m2/repository/org/apache/ozone/hdds-server-scm/1.4.0-SNAPSHOT/hdds-server-scm-1.4.0-SNAPSHOT.jar:/home/runner/.m2/repository/org/apache/ozone/hdds-container-service/1.4.0-SNAPSHOT/hdds-container-service-1.4.0-SNAPSHOT.jar:/home/runner/.m2/repository/org/apache/ozone/hdds-hadoop-dependency-server/1.4.0-SNAPSHOT/hdds-hadoop-dependency-server-1.4.0-SNAPSHOT.jar:/home/runner/.m2/repository/org/apache/hadoop/hadoop-hdfs/3.3.4/hadoop-hdfs-3.3.4.jar:/home/runner/.m2/repository/org/eclipse/jetty/jetty-util-ajax/9.4.49.v20220914/jetty-util-ajax-9.4.49.v20220914.jar:/home/runner/.m2/repository/commons-daemon/commons-daemon/1.0.13/commons-daemon-1.0.13.jar:/home/runner/.m2/repository/org/apache/ozone/hdds-server-framework/1.4.0-SNAPSHOT/hdds-server-framework-1.4.0-SNAPSHOT.jar:/home/runner/.m2/repository/org/apache/ozone/hdds-interface-server/1.4.0-SNAPSHOT/hdds-interface-server-1.4.0-SNAPSHOT.jar:/home/runner/.m2/repository/org/apache/commons/commons-configuration2/2.1.1/commons-configuration2-2.1.1.jar:/home/runner/.m2/repository/org/apache/logging/log4j/log4j-core/2.17.1/log4j-core-2.17.1.jar:/home/runner/.m2/repository/com/lmax/disruptor/3.4.2/disruptor-3.4.2.jar:/home/runner/.m2/repository/org/eclipse/jetty/jetty-servlet/9.4.49.v20220914/jetty-servlet-9.4.49.v20220914.jar:/home/runner/.m2/repository/org/eclipse/jetty/jetty-security/9.4.49.v20220914/jetty-security-9.4.49.v20220914.jar:/home/runner/.m2/repository/org/rocksdb/rocksdbjni/7.7.3/rocksdbjni-7.7.3.jar:/home/runner/.m2/repository/io/prometheus/simpleclient_dropwizard/0.7.0/simpleclient_dropwizard-0.7.0.jar:/home/runner/.m2/repository/io/prometheus/simpleclient/0.7.0/simpleclient-0.7.0.jar:/home/runner/.m2/repository/io/prometheus/simpleclient_common/0.7.0/simpleclient_common-0.7.0.jar:/home/runner/.m2/repository/com/github/spotbugs/spotbugs-annotations/3.1.12/spotbugs-annotations-3.1.12.jar:/home/runner/.m2/repository/io/dropwizard/metrics/metrics-core/3.2.4/metrics-core-3.2.4.jar:/home/runner/.m2/repository/org/apache/commons/commons-text/1.4/commons-text-1.4.jar:/home/runner/.m2/repository/org/apache/hadoop/hadoop-hdfs-client/3.3.4/hadoop-hdfs-client-3.3.4.jar:/home/runner/.m2/repository/com/squareup/okhttp3/okhttp/4.9.3/okhttp-4.9.3.jar:/home/runner/.m2/repository/com/squareup/okio/okio/2.8.0/okio-2.8.0.jar:/home/runner/.m2/repository/org/jetbrains/kotlin/kotlin-stdlib-common/1.4.10/kotlin-stdlib-common-1.4.10.jar:/home/runner/.m2/repository/org/bouncycastle/bcprov-jdk15on/1.67/bcprov-jdk15on-1.67.jar:/home/runner/.m2/repository/com/google/protobuf/protobuf-java/2.5.0/protobuf-java-2.5.0.jar:/home/runner/.m2/repository/org/apache/ozone/ozone-manager/1.4.0-SNAPSHOT/ozone-manager-1.4.0-SNAPSHOT.jar:/home/runner/.m2/repository/org/aspectj/aspectjrt/1.9.7/aspectjrt-1.9.7.jar:/home/runner/.m2/repository/org/aspectj/aspectjweaver/1.9.7/aspectjweaver-1.9.7.jar:/home/runner/.m2/repository/org/apache/ozone/hdds-interface-client/1.4.0-SNAPSHOT/hdds-interface-client-1.4.0-SNAPSHOT.jar:/home/runner/.m2/repository/org/apache/hadoop/thirdparty/hadoop-shaded-protobuf_3_7/1.1.1/hadoop-shaded-protobuf_3_7-1.1.1.jar:/home/runner/.m2/repository/org/apache/ozone/ozone-interface-storage/1.4.0-SNAPSHOT/ozone-interface-storage-1.4.0-SNAPSHOT.jar:/home/runner/.m2/repository/org/reflections/reflections/0.9.11/reflections-0.9.11.jar:/home/runner/.m2/repository/com/sun/jersey/jersey-client/1.19/jersey-client-1.19.jar:/home/runner/.m2/repository/org/apache/ranger/ranger-intg/2.3.0/ranger-intg-2.3.0.jar:/home/runner/.m2/repository/org/apache/ranger/ranger-plugins-common/2.3.0/ranger-plugins-common-2.3.0.jar:/home/runner/.m2/repository/commons-lang/commons-lang/2.6/commons-lang-2.6.jar:/home/runner/.m2/repository/org/codehaus/jackson/jackson-jaxrs/1.9.13/jackson-jaxrs-1.9.13.jar:/home/runner/.m2/repository/org/apache/ranger/ranger-plugins-cred/2.3.0/ranger-plugins-cred-2.3.0.jar:/home/runner/.m2/repository/org/apache/ranger/ranger-plugins-audit/2.3.0/ranger-plugins-audit-2.3.0.jar:/home/runner/.m2/repository/org/eclipse/jetty/jetty-client/9.4.31.v20200723/jetty-client-9.4.31.v20200723.jar:/home/runner/.m2/repository/org/apache/httpcomponents/httpmime/4.5.6/httpmime-4.5.6.jar:/home/runner/.m2/repository/org/apache/httpcomponents/httpcore-nio/4.4.6/httpcore-nio-4.4.6.jar:/home/runner/.m2/repository/org/apache/httpcomponents/httpasyncclient/4.1.3/httpasyncclient-4.1.3.jar:/home/runner/.m2/repository/com/carrotsearch/hppc/0.8.0/hppc-0.8.0.jar:/home/runner/.m2/repository/org/apache/orc/orc-core/1.5.8/orc-core-1.5.8.jar:/home/runner/.m2/repository/net/java/dev/jna/jna/5.2.0/jna-5.2.0.jar:/home/runner/.m2/repository/net/java/dev/jna/jna-platform/5.2.0/jna-platform-5.2.0.jar:/home/runner/.m2/repository/com/kstruct/gethostname4j/0.0.2/gethostname4j-0.0.2.jar:/home/runner/.m2/repository/org/apache/ranger/ranger-plugin-classloader/2.3.0/ranger-plugin-classloader-2.3.0.jar:/home/runner/.m2/repository/org/apache/hadoop/hadoop-minikdc/3.3.4/hadoop-minikdc-3.3.4.jar:/home/runner/.m2/repository/org/apache/kerby/kerb-simplekdc/1.0.1/kerb-simplekdc-1.0.1.jar:/home/runner/.m2/repository/org/apache/kerby/kerb-client/1.0.1/kerb-client-1.0.1.jar:/home/runner/.m2/repository/org/apache/kerby/kerby-config/1.0.1/kerby-config-1.0.1.jar:/home/runner/.m2/repository/org/apache/kerby/kerb-common/1.0.1/kerb-common-1.0.1.jar:/home/runner/.m2/repository/org/apache/kerby/kerb-crypto/1.0.1/kerb-crypto-1.0.1.jar:/home/runner/.m2/repository/org/apache/kerby/kerb-util/1.0.1/kerb-util-1.0.1.jar:/home/runner/.m2/repository/org/apache/kerby/token-provider/1.0.1/token-provider-1.0.1.jar:/home/runner/.m2/repository/org/apache/kerby/kerb-admin/1.0.1/kerb-admin-1.0.1.jar:/home/runner/.m2/repository/org/apache/kerby/kerb-server/1.0.1/kerb-server-1.0.1.jar:/home/runner/.m2/repository/org/apache/kerby/kerb-identity/1.0.1/kerb-identity-1.0.1.jar:/home/runner/.m2/repository/org/apache/kerby/kerby-xdr/1.0.1/kerby-xdr-1.0.1.jar:/home/runner/.m2/repository/org/apache/ozone/ozone-s3gateway/1.4.0-SNAPSHOT/ozone-s3gateway-1.4.0-SNAPSHOT.jar:/home/runner/.m2/repository/org/javassist/javassist/3.21.0-GA/javassist-3.21.0-GA.jar:/home/runner/.m2/repository/org/jboss/weld/servlet/weld-servlet/2.4.7.Final/weld-servlet-2.4.7.Final.jar:/home/runner/.m2/repository/org/glassfish/jersey/containers/jersey-container-servlet-core/2.34/jersey-container-servlet-core-2.34.jar:/home/runner/.m2/repository/org/glassfish/hk2/external/jakarta.inject/2.6.1/jakarta.inject-2.6.1.jar:/home/runner/.m2/repository/org/glassfish/jersey/core/jersey-common/2.34/jersey-common-2.34.jar:/home/runner/.m2/repository/jakarta/ws/rs/jakarta.ws.rs-api/2.1.6/jakarta.ws.rs-api-2.1.6.jar:/home/runner/.m2/repository/org/glassfish/jersey/ext/cdi/jersey-cdi1x/2.34/jersey-cdi1x-2.34.jar:/home/runner/.m2/repository/org/glassfish/jersey/inject/jersey-hk2/2.34/jersey-hk2-2.34.jar:/home/runner/.m2/repository/org/glassfish/hk2/hk2-locator/2.6.1/hk2-locator-2.6.1.jar:/home/runner/.m2/repository/org/glassfish/jersey/media/jersey-media-jaxb/2.34/jersey-media-jaxb-2.34.jar:/home/runner/.m2/repository/org/glassfish/hk2/osgi-resource-locator/1.0.3/osgi-resource-locator-1.0.3.jar:/home/runner/.m2/repository/org/glassfish/hk2/hk2-api/2.5.0/hk2-api-2.5.0.jar:/home/runner/.m2/repository/org/glassfish/hk2/hk2-utils/2.5.0/hk2-utils-2.5.0.jar:/home/runner/.m2/repository/org/glassfish/hk2/external/aopalliance-repackaged/2.5.0/aopalliance-repackaged-2.5.0.jar:/home/runner/.m2/repository/com/fasterxml/jackson/dataformat/jackson-dataformat-xml/2.13.4/jackson-dataformat-xml-2.13.4.jar:/home/runner/.m2/repository/com/fasterxml/jackson/core/jackson-core/2.13.4/jackson-core-2.13.4.jar:/home/runner/.m2/repository/org/codehaus/woodstox/stax2-api/4.2.1/stax2-api-4.2.1.jar:/home/runner/.m2/repository/com/fasterxml/woodstox/woodstox-core/5.4.0/woodstox-core-5.4.0.jar:/home/runner/.m2/repository/com/fasterxml/jackson/module/jackson-module-jaxb-annotations/2.13.4/jackson-module-jaxb-annotations-2.13.4.jar:/home/runner/.m2/repository/jakarta/xml/bind/jakarta.xml.bind-api/2.3.3/jakarta.xml.bind-api-2.3.3.jar:/home/runner/.m2/repository/jakarta/activation/jakarta.activation-api/1.2.1/jakarta.activation-api-1.2.1.jar:/home/runner/.m2/repository/javax/enterprise/cdi-api/1.2/cdi-api-1.2.jar:/home/runner/.m2/repository/javax/el/javax.el-api/3.0.0/javax.el-api-3.0.0.jar:/home/runner/.m2/repository/javax/interceptor/javax.interceptor-api/1.2/javax.interceptor-api-1.2.jar:/home/runner/.m2/repository/javax/inject/javax.inject/1/javax.inject-1.jar:/home/runner/.m2/repository/javax/xml/bind/jaxb-api/2.3.0/jaxb-api-2.3.0.jar:/home/runner/.m2/repository/org/glassfish/jaxb/jaxb-runtime/2.3.0.1/jaxb-runtime-2.3.0.1.jar:/home/runner/.m2/repository/org/glassfish/jaxb/jaxb-core/2.3.0.1/jaxb-core-2.3.0.1.jar:/home/runner/.m2/repository/org/glassfish/jaxb/txw2/2.3.0.1/txw2-2.3.0.1.jar:/home/runner/.m2/repository/com/sun/istack/istack-commons-runtime/3.0.5/istack-commons-runtime-3.0.5.jar:/home/runner/.m2/repository/org/jvnet/staxex/stax-ex/1.7.8/stax-ex-1.7.8.jar:/home/runner/.m2/repository/com/sun/xml/fastinfoset/FastInfoset/1.2.13/FastInfoset-1.2.13.jar:/home/runner/.m2/repository/javax/activation/activation/1.1.1/activation-1.1.1.jar:/home/runner/.m2/repository/io/grpc/grpc-protobuf/1.51.1/grpc-protobuf-1.51.1.jar:/home/runner/.m2/repository/io/grpc/grpc-api/1.51.1/grpc-api-1.51.1.jar:/home/runner/.m2/repository/io/grpc/grpc-context/1.51.1/grpc-context-1.51.1.jar:/home/runner/.m2/repository/com/google/api/grpc/proto-google-common-protos/2.9.0/proto-google-common-protos-2.9.0.jar:/home/runner/.m2/repository/io/grpc/grpc-protobuf-lite/1.51.1/grpc-protobuf-lite-1.51.1.jar:/home/runner/.m2/repository/io/grpc/grpc-stub/1.51.1/grpc-stub-1.51.1.jar:/home/runner/.m2/repository/io/netty/netty-transport/4.1.86.Final/netty-transport-4.1.86.Final.jar:/home/runner/.m2/repository/io/netty/netty-resolver/4.1.86.Final/netty-resolver-4.1.86.Final.jar:/home/runner/.m2/repository/org/apache/ozone/ozone-csi/1.4.0-SNAPSHOT/ozone-csi-1.4.0-SNAPSHOT.jar:/home/runner/.m2/repository/com/google/protobuf/protobuf-java-util/3.19.6/protobuf-java-util-3.19.6.jar:/home/runner/.m2/repository/com/google/code/gson/gson/2.9.0/gson-2.9.0.jar:/home/runner/.m2/repository/org/apache/ozone/hdds-config/1.4.0-SNAPSHOT/hdds-config-1.4.0-SNAPSHOT.jar:/home/runner/.m2/repository/io/netty/netty-transport-native-epoll/4.1.86.Final/netty-transport-native-epoll-4.1.86.Final-linux-x86_64.jar:/home/runner/.m2/repository/io/netty/netty-transport-classes-epoll/4.1.86.Final/netty-transport-classes-epoll-4.1.86.Final.jar:/home/runner/.m2/repository/io/netty/netty-transport-native-unix-common/4.1.86.Final/netty-transport-native-unix-common-4.1.86.Final.jar:/home/runner/.m2/repository/org/slf4j/slf4j-reload4j/1.7.36/slf4j-reload4j-1.7.36.jar:/home/runner/.m2/repository/org/apache/ozone/ozone-recon/1.4.0-SNAPSHOT/ozone-recon-1.4.0-SNAPSHOT.jar:/home/runner/.m2/repository/org/apache/ozone/ozone-reconcodegen/1.4.0-SNAPSHOT/ozone-reconcodegen-1.4.0-SNAPSHOT.jar:/home/runner/.m2/repository/com/google/inject/extensions/guice-multibindings/4.0/guice-multibindings-4.0.jar:/home/runner/.m2/repository/com/google/inject/guice/4.0/guice-4.0.jar:/home/runner/.m2/repository/aopalliance/aopalliance/1.0/aopalliance-1.0.jar:/home/runner/.m2/repository/com/google/inject/extensions/guice-assistedinject/4.0/guice-assistedinject-4.0.jar:/home/runner/.m2/repository/com/google/inject/extensions/guice-servlet/4.0/guice-servlet-4.0.jar:/home/runner/.m2/repository/org/glassfish/jersey/containers/jersey-container-servlet/2.34/jersey-container-servlet-2.34.jar:/home/runner/.m2/repository/org/glassfish/hk2/guice-bridge/2.5.0/guice-bridge-2.5.0.jar:/home/runner/.m2/repository/org/glassfish/jersey/core/jersey-server/2.34/jersey-server-2.34.jar:/home/runner/.m2/repository/org/glassfish/jersey/core/jersey-client/2.34/jersey-client-2.34.jar:/home/runner/.m2/repository/jakarta/annotation/jakarta.annotation-api/1.3.5/jakarta.annotation-api-1.3.5.jar:/home/runner/.m2/repository/jakarta/validation/jakarta.validation-api/2.0.2/jakarta.validation-api-2.0.2.jar:/home/runner/.m2/repository/org/glassfish/jersey/media/jersey-media-json-jackson/2.34/jersey-media-json-jackson-2.34.jar:/home/runner/.m2/repository/org/glassfish/jersey/ext/jersey-entity-filtering/2.34/jersey-entity-filtering-2.34.jar:/home/runner/.m2/repository/org/jooq/jooq/3.11.10/jooq-3.11.10.jar:/home/runner/.m2/repository/org/jooq/jooq-meta/3.11.10/jooq-meta-3.11.10.jar:/home/runner/.m2/repository/org/jooq/jooq-codegen/3.11.10/jooq-codegen-3.11.10.jar:/home/runner/.m2/repository/com/jolbox/bonecp/0.8.0.RELEASE/bonecp-0.8.0.RELEASE.jar:/home/runner/.m2/repository/org/apache/derby/derby/10.14.2.0/derby-10.14.2.0.jar:/home/runner/.m2/repository/org/xerial/sqlite-jdbc/3.25.2/sqlite-jdbc-3.25.2.jar:/home/runner/.m2/repository/org/springframework/spring-jdbc/5.3.23/spring-jdbc-5.3.23.jar:/home/runner/.m2/repository/org/springframework/spring-beans/5.3.23/spring-beans-5.3.23.jar:/home/runner/.m2/repository/org/springframework/spring-core/5.3.23/spring-core-5.3.23.jar:/home/runner/.m2/repository/org/springframework/spring-jcl/5.3.23/spring-jcl-5.3.23.jar:/home/runner/.m2/repository/org/springframework/spring-tx/5.3.23/spring-tx-5.3.23.jar:/home/runner/.m2/repository/org/apache/ozone/ozone-client/1.4.0-SNAPSHOT/ozone-client-1.4.0-SNAPSHOT.jar:/home/runner/.m2/repository/org/apache/ozone/hdds-erasurecode/1.4.0-SNAPSHOT/hdds-erasurecode-1.4.0-SNAPSHOT.jar:/home/runner/.m2/repository/org/apache/ozone/ozone-filesystem/1.4.0-SNAPSHOT/ozone-filesystem-1.4.0-SNAPSHOT.jar:/home/runner/.m2/repository/org/apache/ozone/ozone-filesystem-common/1.4.0-SNAPSHOT/ozone-filesystem-common-1.4.0-SNAPSHOT.jar:/home/runner/.m2/repository/org/apache/ozone/ozone-tools/1.4.0-SNAPSHOT/ozone-tools-1.4.0-SNAPSHOT.jar:/home/runner/.m2/repository/org/apache/ratis/ratis-tools/2.4.2-8b8bdda-SNAPSHOT/ratis-tools-2.4.2-8b8bdda-SNAPSHOT.jar:/home/runner/.m2/repository/com/amazonaws/aws-java-sdk-core/1.12.261/aws-java-sdk-core-1.12.261.jar:/home/runner/.m2/repository/org/apache/httpcomponents/httpclient/4.5.13/httpclient-4.5.13.jar:/home/runner/.m2/repository/org/apache/httpcomponents/httpcore/4.4.13/httpcore-4.4.13.jar:/home/runner/.m2/repository/software/amazon/ion/ion-java/1.0.2/ion-java-1.0.2.jar:/home/runner/.m2/repository/com/fasterxml/jackson/dataformat/jackson-dataformat-cbor/2.13.4/jackson-dataformat-cbor-2.13.4.jar:/home/runner/.m2/repository/joda-time/joda-time/2.8.1/joda-time-2.8.1.jar:/home/runner/.m2/repository/com/amazonaws/aws-java-sdk-s3/1.12.261/aws-java-sdk-s3-1.12.261.jar:/home/runner/.m2/repository/com/amazonaws/aws-java-sdk-kms/1.12.261/aws-java-sdk-kms-1.12.261.jar:/home/runner/.m2/repository/com/amazonaws/jmespath-java/1.12.261/jmespath-java-1.12.261.jar:/home/runner/.m2/repository/org/kohsuke/metainf-services/metainf-services/1.8/metainf-services-1.8.jar:/home/runner/.m2/repository/org/apache/ozone/hdds-tools/1.4.0-SNAPSHOT/hdds-tools-1.4.0-SNAPSHOT.jar:/home/runner/.m2/repository/commons-cli/commons-cli/1.2/commons-cli-1.2.jar:/home/runner/.m2/repository/org/apache/commons/commons-lang3/3.7/commons-lang3-3.7.jar:/home/runner/.m2/repository/org/apache/ozone/ozone-manager/1.4.0-SNAPSHOT/ozone-manager-1.4.0-SNAPSHOT-tests.jar:/home/runner/.m2/repository/org/apache/ozone/hdds-common/1.4.0-SNAPSHOT/hdds-common-1.4.0-SNAPSHOT-tests.jar:/home/runner/.m2/repository/org/apache/ozone/hdds-hadoop-dependency-client/1.4.0-SNAPSHOT/hdds-hadoop-dependency-client-1.4.0-SNAPSHOT.jar:/home/runner/.m2/repository/info/picocli/picocli/4.6.1/picocli-4.6.1.jar:/home/runner/.m2/repository/com/fasterxml/jackson/core/jackson-annotations/2.13.4/jackson-annotations-2.13.4.jar:/home/runner/.m2/repository/com/fasterxml/jackson/datatype/jackson-datatype-jsr310/2.13.4/jackson-datatype-jsr310-2.13.4.jar:/home/runner/.m2/repository/org/apache/ozone/hdds-annotation-processing/1.4.0-SNAPSHOT/hdds-annotation-processing-1.4.0-SNAPSHOT.jar:/home/runner/.m2/repository/javax/annotation/javax.annotation-api/1.2/javax.annotation-api-1.2.jar:/home/runner/.m2/repository/org/apache/ratis/ratis-server/2.4.2-8b8bdda-SNAPSHOT/ratis-server-2.4.2-8b8bdda-SNAPSHOT.jar:/home/runner/.m2/repository/org/apache/ratis/ratis-client/2.4.2-8b8bdda-SNAPSHOT/ratis-client-2.4.2-8b8bdda-SNAPSHOT.jar:/home/runner/.m2/repository/org/apache/ratis/ratis-server-api/2.4.2-8b8bdda-SNAPSHOT/ratis-server-api-2.4.2-8b8bdda-SNAPSHOT.jar:/home/runner/.m2/repository/org/apache/ratis/ratis-metrics/2.4.2-8b8bdda-SNAPSHOT/ratis-metrics-2.4.2-8b8bdda-SNAPSHOT.jar:/home/runner/.m2/repository/org/apache/ratis/ratis-netty/2.4.2-8b8bdda-SNAPSHOT/ratis-netty-2.4.2-8b8bdda-SNAPSHOT.jar:/home/runner/.m2/repository/org/apache/ratis/ratis-grpc/2.4.2-8b8bdda-SNAPSHOT/ratis-grpc-2.4.2-8b8bdda-SNAPSHOT.jar:/home/runner/.m2/repository/org/apache/logging/log4j/log4j-api/2.17.1/log4j-api-2.17.1.jar:/home/runner/.m2/repository/org/apache/commons/commons-pool2/2.6.0/commons-pool2-2.6.0.jar:/home/runner/.m2/repository/org/bouncycastle/bcpkix-jdk15on/1.67/bcpkix-jdk15on-1.67.jar:/home/runner/.m2/repository/commons-validator/commons-validator/1.6/commons-validator-1.6.jar:/home/runner/.m2/repository/commons-beanutils/commons-beanutils/1.9.4/commons-beanutils-1.9.4.jar:/home/runner/.m2/repository/commons-digester/commons-digester/1.8.1/commons-digester-1.8.1.jar:/home/runner/.m2/repository/commons-collections/commons-collections/3.2.2/commons-collections-3.2.2.jar:/home/runner/.m2/repository/io/jaegertracing/jaeger-client/1.6.0/jaeger-client-1.6.0.jar:/home/runner/.m2/repository/io/jaegertracing/jaeger-thrift/1.6.0/jaeger-thrift-1.6.0.jar:/home/runner/.m2/repository/org/apache/thrift/libthrift/0.14.1/libthrift-0.14.1.jar:/home/runner/.m2/repository/io/jaegertracing/jaeger-core/1.6.0/jaeger-core-1.6.0.jar:/home/runner/.m2/repository/io/jaegertracing/jaeger-tracerresolver/1.6.0/jaeger-tracerresolver-1.6.0.jar:/home/runner/.m2/repository/io/opentracing/contrib/opentracing-tracerresolver/0.1.8/opentracing-tracerresolver-0.1.8.jar:/home/runner/.m2/repository/org/jetbrains/kotlin/kotlin-stdlib/1.6.21/kotlin-stdlib-1.6.21.jar:/home/runner/.m2/repository/org/jetbrains/annotations/13.0/annotations-13.0.jar:/home/runner/.m2/repository/io/opentracing/opentracing-util/0.33.0/opentracing-util-0.33.0.jar:/home/runner/.m2/repository/io/opentracing/opentracing-api/0.33.0/opentracing-api-0.33.0.jar:/home/runner/.m2/repository/io/opentracing/opentracing-noop/0.33.0/opentracing-noop-0.33.0.jar:/home/runner/.m2/repository/org/yaml/snakeyaml/1.33/snakeyaml-1.33.jar:/home/runner/.m2/repository/org/apache/ozone/hdds-interface-admin/1.4.0-SNAPSHOT/hdds-interface-admin-1.4.0-SNAPSHOT.jar:/home/runner/.m2/repository/junit/junit/4.13.1/junit-4.13.1.jar:/home/runner/.m2/repository/org/hamcrest/hamcrest-core/1.3/hamcrest-core-1.3.jar:/home/runner/.m2/repository/org/junit/jupiter/junit-jupiter-api/5.8.2/junit-jupiter-api-5.8.2.jar:/home/runner/.m2/repository/org/opentest4j/opentest4j/1.2.0/opentest4j-1.2.0.jar:/home/runner/.m2/repository/org/junit/platform/junit-platform-commons/1.8.2/junit-platform-commons-1.8.2.jar:/home/runner/.m2/repository/org/apiguardian/apiguardian-api/1.1.2/apiguardian-api-1.1.2.jar:/home/runner/.m2/repository/org/junit/jupiter/junit-jupiter-params/5.8.2/junit-jupiter-params-5.8.2.jar:/home/runner/.m2/repository/org/junit/jupiter/junit-jupiter-migrationsupport/5.8.2/junit-jupiter-migrationsupport-5.8.2.jar:/home/runner/.m2/repository/org/junit/jupiter/junit-jupiter-engine/5.8.2/junit-jupiter-engine-5.8.2.jar:/home/runner/.m2/repository/org/junit/platform/junit-platform-engine/1.8.2/junit-platform-engine-1.8.2.jar:/home/runner/.m2/repository/org/junit/vintage/junit-vintage-engine/5.8.2/junit-vintage-engine-5.8.2.jar:/home/runner/.m2/repository/org/junit/platform/junit-platform-launcher/1.8.2/junit-platform-launcher-1.8.2.jar:/home/runner/.m2/repository/org/mockito/mockito-core/2.28.2/mockito-core-2.28.2.jar:/home/runner/.m2/repository/net/bytebuddy/byte-buddy/1.9.10/byte-buddy-1.9.10.jar:/home/runner/.m2/repository/net/bytebuddy/byte-buddy-agent/1.9.10/byte-buddy-agent-1.9.10.jar:/home/runner/.m2/repository/org/objenesis/objenesis/1.0/objenesis-1.0.jar:/home/runner/.m2/repository/org/apache/hadoop/hadoop-kms/3.3.4/hadoop-kms-3.3.4.jar:/home/runner/.m2/repository/org/apache/hadoop/hadoop-auth/3.3.4/hadoop-auth-3.3.4.jar:/home/runner/.m2/repository/com/nimbusds/nimbus-jose-jwt/9.8.1/nimbus-jose-jwt-9.8.1.jar:/home/runner/.m2/repository/com/github/stephenc/jcip/jcip-annotations/1.0-1/jcip-annotations-1.0-1.jar:/home/runner/.m2/repository/net/minidev/json-smart/2.4.7/json-smart-2.4.7.jar:/home/runner/.m2/repository/net/minidev/accessors-smart/2.4.7/accessors-smart-2.4.7.jar:/home/runner/.m2/repository/org/ow2/asm/asm/5.0.4/asm-5.0.4.jar:/home/runner/.m2/repository/org/apache/zookeeper/zookeeper/3.5.6/zookeeper-3.5.6.jar:/home/runner/.m2/repository/org/apache/zookeeper/zookeeper-jute/3.5.6/zookeeper-jute-3.5.6.jar:/home/runner/.m2/repository/org/apache/yetus/audience-annotations/0.5.0/audience-annotations-0.5.0.jar:/home/runner/.m2/repository/org/apache/curator/curator-framework/4.2.0/curator-framework-4.2.0.jar:/home/runner/.m2/repository/org/apache/hadoop/thirdparty/hadoop-shaded-guava/1.1.1/hadoop-shaded-guava-1.1.1.jar:/home/runner/.m2/repository/com/sun/jersey/jersey-core/1.19/jersey-core-1.19.jar:/home/runner/.m2/repository/javax/ws/rs/jsr311-api/1.1.1/jsr311-api-1.1.1.jar:/home/runner/.m2/repository/com/sun/jersey/jersey-server/1.19/jersey-server-1.19.jar:/home/runner/.m2/repository/javax/servlet/javax.servlet-api/3.1.0/javax.servlet-api-3.1.0.jar:/home/runner/.m2/repository/org/eclipse/jetty/jetty-server/9.4.49.v20220914/jetty-server-9.4.49.v20220914.jar:/home/runner/.m2/repository/org/eclipse/jetty/jetty-http/9.4.49.v20220914/jetty-http-9.4.49.v20220914.jar:/home/runner/.m2/repository/org/eclipse/jetty/jetty-io/9.4.49.v20220914/jetty-io-9.4.49.v20220914.jar:/home/runner/.m2/repository/org/eclipse/jetty/jetty-webapp/9.4.49.v20220914/jetty-webapp-9.4.49.v20220914.jar:/home/runner/.m2/repository/org/eclipse/jetty/jetty-xml/9.4.49.v20220914/jetty-xml-9.4.49.v20220914.jar:/home/runner/.m2/repository/org/apache/hadoop/hadoop-common/3.3.4/hadoop-common-3.3.4.jar:/home/runner/.m2/repository/org/apache/commons/commons-math3/3.1.1/commons-math3-3.1.1.jar:/home/runner/.m2/repository/commons-net/commons-net/3.9.0/commons-net-3.9.0.jar:/home/runner/.m2/repository/com/sun/jersey/jersey-servlet/1.19/jersey-servlet-1.19.jar:/home/runner/.m2/repository/com/sun/jersey/jersey-json/1.19/jersey-json-1.19.jar:/home/runner/.m2/repository/org/codehaus/jettison/jettison/1.1/jettison-1.1.jar:/home/runner/.m2/repository/com/sun/xml/bind/jaxb-impl/2.2.3-1/jaxb-impl-2.2.3-1.jar:/home/runner/.m2/repository/org/codehaus/jackson/jackson-xc/1.9.2/jackson-xc-1.9.2.jar:/home/runner/.m2/repository/com/google/re2j/re2j/1.1/re2j-1.1.jar:/home/runner/.m2/repository/com/jcraft/jsch/0.1.54/jsch-0.1.54.jar:/home/runner/.m2/repository/org/apache/curator/curator-client/4.2.0/curator-client-4.2.0.jar:/home/runner/.m2/repository/org/apache/curator/curator-recipes/4.2.0/curator-recipes-4.2.0.jar:/home/runner/.m2/repository/org/apache/kerby/kerb-core/1.0.1/kerb-core-1.0.1.jar:/home/runner/.m2/repository/org/apache/kerby/kerby-pkix/1.0.1/kerby-pkix-1.0.1.jar:/home/runner/.m2/repository/org/apache/kerby/kerby-asn1/1.0.1/kerby-asn1-1.0.1.jar:/home/runner/.m2/repository/org/apache/kerby/kerby-util/1.0.1/kerby-util-1.0.1.jar:/home/runner/.m2/repository/dnsjava/dnsjava/2.1.7/dnsjava-2.1.7.jar:/home/runner/.m2/repository/org/xerial/snappy/snappy-java/1.1.8.2/snappy-java-1.1.8.2.jar:/home/runner/.m2/repository/org/eclipse/jetty/jetty-util/9.4.49.v20220914/jetty-util-9.4.49.v20220914.jar:/home/runner/.m2/repository/com/fasterxml/jackson/core/jackson-databind/2.13.4.2/jackson-databind-2.13.4.2.jar:/home/runner/.m2/repository/org/apache/hadoop/hadoop-kms/3.3.4/hadoop-kms-3.3.4-tests.jar:/home/runner/.m2/repository/org/apache/ozone/hdds-server-scm/1.4.0-SNAPSHOT/hdds-server-scm-1.4.0-SNAPSHOT-tests.jar:/home/runner/.m2/repository/org/apache/ozone/hdds-container-service/1.4.0-SNAPSHOT/hdds-container-service-1.4.0-SNAPSHOT-tests.jar:/home/runner/.m2/repository/com/github/luben/zstd-jni/1.5.2-5/zstd-jni-1.5.2-5.jar:/home/runner/.m2/repository/commons-codec/commons-codec/1.15/commons-codec-1.15.jar:/home/runner/.m2/repository/io/netty/netty-codec/4.1.86.Final/netty-codec-4.1.86.Final.jar:/home/runner/.m2/repository/io/netty/netty-handler/4.1.86.Final/netty-handler-4.1.86.Final.jar:/home/runner/.m2/repository/org/apache/ozone/hdds-hadoop-dependency-test/1.4.0-SNAPSHOT/hdds-hadoop-dependency-test-1.4.0-SNAPSHOT.jar:/home/runner/.m2/repository/org/apache/hadoop/hadoop-common/3.3.4/hadoop-common-3.3.4-tests.jar:/home/runner/.m2/repository/org/apache/hadoop/hadoop-hdfs/3.3.4/hadoop-hdfs-3.3.4-tests.jar:/home/runner/.m2/repository/org/assertj/assertj-core/3.12.2/assertj-core-3.12.2.jar:/home/runner/.m2/repository/org/apache/hadoop/hadoop-distcp/3.3.4/hadoop-distcp-3.3.4.jar:/home/runner/.m2/repository/org/apache/hadoop/hadoop-mapreduce-client-jobclient/3.3.4/hadoop-mapreduce-client-jobclient-3.3.4.jar:/home/runner/.m2/repository/org/apache/hadoop/hadoop-mapreduce-client-common/3.3.4/hadoop-mapreduce-client-common-3.3.4.jar:/home/runner/.m2/repository/org/apache/hadoop/hadoop-yarn-common/3.3.4/hadoop-yarn-common-3.3.4.jar:/home/runner/.m2/repository/org/apache/hadoop/hadoop-yarn-api/3.3.4/hadoop-yarn-api-3.3.4.jar:/home/runner/.m2/repository/com/sun/jersey/contribs/jersey-guice/1.19/jersey-guice-1.19.jar:/home/runner/.m2/repository/com/fasterxml/jackson/jaxrs/jackson-jaxrs-json-provider/2.13.4/jackson-jaxrs-json-provider-2.13.4.jar:/home/runner/.m2/repository/com/fasterxml/jackson/jaxrs/jackson-jaxrs-base/2.13.4/jackson-jaxrs-base-2.13.4.jar:/home/runner/.m2/repository/org/apache/hadoop/hadoop-yarn-client/3.3.4/hadoop-yarn-client-3.3.4.jar:/home/runner/.m2/repository/org/eclipse/jetty/websocket/websocket-client/9.4.43.v20210629/websocket-client-9.4.43.v20210629.jar:/home/runner/.m2/repository/org/eclipse/jetty/websocket/websocket-common/9.4.43.v20210629/websocket-common-9.4.43.v20210629.jar:/home/runner/.m2/repository/org/eclipse/jetty/websocket/websocket-api/9.4.43.v20210629/websocket-api-9.4.43.v20210629.jar:/home/runner/.m2/repository/org/jline/jline/3.9.0/jline-3.9.0.jar:/home/runner/.m2/repository/org/apache/hadoop/hadoop-mapreduce-client-core/3.3.4/hadoop-mapreduce-client-core-3.3.4.jar:/home/runner/.m2/repository/org/apache/avro/avro/1.7.7/avro-1.7.7.jar:/home/runner/.m2/repository/org/codehaus/jackson/jackson-core-asl/1.9.13/jackson-core-asl-1.9.13.jar:/home/runner/.m2/repository/org/codehaus/jackson/jackson-mapper-asl/1.9.13/jackson-mapper-asl-1.9.13.jar:/home/runner/.m2/repository/com/thoughtworks/paranamer/paranamer/2.3/paranamer-2.3.jar:/home/runner/.m2/repository/org/apache/hadoop/hadoop-annotations/3.3.4/hadoop-annotations-3.3.4.jar:/usr/lib/jvm/temurin-8-jdk-amd64/jre/../lib/tools.jar:/home/runner/.m2/repository/io/netty/netty/3.10.6.Final/netty-3.10.6.Final.jar:/home/runner/.m2/repository/org/apache/hadoop/hadoop-distcp/3.3.4/hadoop-distcp-3.3.4-tests.jar:/home/runner/.m2/repository/org/slf4j/jul-to-slf4j/1.7.36/jul-to-slf4j-1.7.36.jar:/home/runner/.m2/repository/org/apache/ratis/ratis-common/2.4.2-8b8bdda-SNAPSHOT/ratis-common-2.4.2-8b8bdda-SNAPSHOT.jar:/home/runner/.m2/repository/org/apache/ratis/ratis-thirdparty-misc/1.0.3/ratis-thirdparty-misc-1.0.3.jar:/home/runner/.m2/repository/org/apache/ratis/ratis-proto/2.4.2-8b8bdda-SNAPSHOT/ratis-proto-2.4.2-8b8bdda-SNAPSHOT.jar:"/>
    <property name="sun.cpu.endian" value="little"/>
    <property name="user.home" value="/home/runner"/>
    <property name="user.language" value="en"/>
    <property name="java.specification.vendor" value="Oracle Corporation"/>
    <property name="java.home" value="/usr/lib/jvm/temurin-8-jdk-amd64/jre"/>
    <property name="java.security.krb5.conf" value="/home/runner/work/ozone/ozone/hadoop-ozone/integration-test/target/test-classes/krb5.conf"/>
    <property name="basedir" value="/home/runner/work/ozone/ozone/hadoop-ozone/integration-test"/>
    <property name="file.separator" value="/"/>
    <property name="line.separator" value="&#10;"/>
    <property name="java.vm.specification.vendor" value="Oracle Corporation"/>
    <property name="java.specification.name" value="Java Platform API Specification"/>
    <property name="java.awt.graphicsenv" value="sun.awt.X11GraphicsEnvironment"/>
    <property name="skip.installnpx" value="true"/>
    <property name="surefire.real.class.path" value="/home/runner/work/ozone/ozone/hadoop-ozone/integration-test/target/surefire/surefirebooter7835866335371696754.jar:/home/runner/.m2/repository/org/jacoco/org.jacoco.agent/0.8.5/org.jacoco.agent-0.8.5-runtime.jar"/>
    <property name="hadoop.log.dir" value="/home/runner/work/ozone/ozone/hadoop-ozone/integration-test/target/log"/>
    <property name="sun.boot.class.path" value="/usr/lib/jvm/temurin-8-jdk-amd64/jre/lib/resources.jar:/usr/lib/jvm/temurin-8-jdk-amd64/jre/lib/rt.jar:/usr/lib/jvm/temurin-8-jdk-amd64/jre/lib/sunrsasign.jar:/usr/lib/jvm/temurin-8-jdk-amd64/jre/lib/jsse.jar:/usr/lib/jvm/temurin-8-jdk-amd64/jre/lib/jce.jar:/usr/lib/jvm/temurin-8-jdk-amd64/jre/lib/charsets.jar:/usr/lib/jvm/temurin-8-jdk-amd64/jre/lib/jfr.jar:/usr/lib/jvm/temurin-8-jdk-amd64/jre/classes"/>
    <property name="sun.management.compiler" value="HotSpot 64-Bit Tiered Compilers"/>
    <property name="skip.npx" value="true"/>
    <property name="java.runtime.version" value="1.8.0_352-b08"/>
    <property name="java.net.preferIPv4Stack" value="true"/>
    <property name="user.name" value="runner"/>
    <property name="path.separator" value=":"/>
    <property name="java.security.egd" value="file:///dev/urandom"/>
    <property name="os.version" value="5.15.0-1031-azure"/>
    <property name="java.endorsed.dirs" value="/usr/lib/jvm/temurin-8-jdk-amd64/jre/lib/endorsed"/>
    <property name="java.runtime.name" value="OpenJDK Runtime Environment"/>
    <property name="file.encoding" value="UTF-8"/>
    <property name="java.vm.name" value="OpenJDK 64-Bit Server VM"/>
    <property name="test.build.webapps" value=""/>
    <property name="localRepository" value="/home/runner/.m2/repository"/>
    <property name="jetty.git.hash" value="4231a3b2e4cb8548a412a789936d640a97b1aa0a"/>
    <property name="java.vendor.url.bug" value="https://github.com/adoptium/adoptium-support/issues"/>
    <property name="java.io.tmpdir" value="/tmp"/>
    <property name="require.test.libhadoop" value=""/>
    <property name="java.version" value="1.8.0_352"/>
    <property name="user.dir" value="/home/runner/work/ozone/ozone/hadoop-ozone/integration-test"/>
    <property name="os.arch" value="amd64"/>
    <property name="java.vm.specification.name" value="Java Virtual Machine Specification"/>
    <property name="test.build.classes" value="/home/runner/work/ozone/ozone/hadoop-ozone/integration-test/target/test-classes"/>
    <property name="java.awt.printerjob" value="sun.print.PSPrinterJob"/>
    <property name="sun.os.patch.level" value="unknown"/>
    <property name="org.apache.ratis.thirdparty.io.netty.allocator.useCacheForAllThreads" value="false"/>
    <property name="hadoop.tmp.dir" value="/home/runner/work/ozone/ozone/hadoop-ozone/integration-test/target/tmp"/>
    <property name="java.library.path" value="/usr/java/packages/lib/amd64:/usr/lib64:/lib64:/lib:/usr/lib"/>
    <property name="java.vm.info" value="mixed mode"/>
    <property name="java.vendor" value="Temurin"/>
    <property name="java.vm.version" value="25.352-b08"/>
    <property name="java.specification.maintenance.version" value="4"/>
    <property name="java.ext.dirs" value="/usr/lib/jvm/temurin-8-jdk-amd64/jre/lib/ext:/usr/java/packages/lib/ext"/>
    <property name="sun.io.unicode.encoding" value="UnicodeLittle"/>
    <property name="java.class.version" value="52.0"/>
  </properties>
  <testcase name="testFlushChunk" classname="org.apache.hadoop.ozone.client.rpc.TestBlockOutputStreamFlushDelay" time="0.903">
    <system-out><![CDATA[2023-01-26 17:37:55,243 [main] WARN  server.ServerUtils (ServerUtils.java:getScmDbDir(148)) - ozone.scm.db.dirs is not configured. We recommend adding this setting. Falling back to ozone.metadata.dirs instead.
2023-01-26 17:37:55,325 [main] WARN  server.ServerUtils (ServerUtils.java:getScmDbDir(148)) - ozone.scm.db.dirs is not configured. We recommend adding this setting. Falling back to ozone.metadata.dirs instead.
2023-01-26 17:37:55,328 [main] INFO  ha.SCMHANodeDetails (SCMHANodeDetails.java:loadSCMHAConfig(209)) - ServiceID for StorageContainerManager is null
2023-01-26 17:37:55,338 [main] WARN  ha.SCMHANodeDetails (SCMHANodeDetails.java:validateSCMHAConfig(182)) - Invalid config ozone.scm.ratis.enable. The config was not specified, but the default value true conflicts with the expected config value false. Falling back to the expected value. Current State of SCM: SCM is running in Non-HA without Ratis Ratis SCM -> Non Ratis SCM or Non HA SCM -> HA SCM is not supported
2023-01-26 17:37:55,338 [main] INFO  ha.SCMHANodeDetails (SCMHANodeDetails.java:loadSCMHAConfig(214)) - ozone.scm.default.service.id is not defined, falling back to ozone.scm.service.ids to find serviceID for StorageContainerManager if it is HA enabled cluster
2023-01-26 17:37:55,830 [main] WARN  utils.HAUtils (HAUtils.java:getMetaDir(342)) - ozone.scm.db.dirs is not configured. We recommend adding this setting. Falling back to ozone.metadata.dirs instead.
2023-01-26 17:37:55,972 [main] WARN  db.DBStoreBuilder (DBStoreBuilder.java:applyDBDefinition(144)) - ozone.scm.db.dirs is not configured. We recommend adding this setting. Falling back to ozone.metadata.dirs instead.
2023-01-26 17:37:56,259 [main] INFO  net.NodeSchemaLoader (NodeSchemaLoader.java:loadSchemaFromFile(129)) - Loading schema from [jar:file:/home/runner/.m2/repository/org/apache/ozone/hdds-common/1.4.0-SNAPSHOT/hdds-common-1.4.0-SNAPSHOT.jar!/network-topology-default.xml]
2023-01-26 17:37:56,260 [main] INFO  net.NodeSchemaLoader (NodeSchemaLoader.java:loadSchema(176)) - Loading network topology layer schema file
2023-01-26 17:37:56,304 [main] INFO  metrics.MetricRegistries (MetricRegistriesLoader.java:load(64)) - Loaded MetricRegistries class org.apache.ratis.metrics.impl.MetricRegistriesImpl
2023-01-26 17:37:56,309 [main] INFO  upgrade.AbstractLayoutVersionManager (AbstractLayoutVersionManager.java:init(83)) - Initializing Layout version manager with metadata layout = DATANODE_SCHEMA_V3 (version = 4), software layout = DATANODE_SCHEMA_V3 (version = 4)
2023-01-26 17:37:56,517 [main] INFO  reflections.Reflections (Reflections.java:scan(232)) - Reflections took 121 ms to scan 7 urls, producing 150 keys and 359 values 
2023-01-26 17:37:56,608 [main] INFO  ha.SequenceIdGenerator (SequenceIdGenerator.java:upgradeToSequenceId(349)) - upgrade localId to 111677748019200000
2023-01-26 17:37:56,608 [main] INFO  ha.SequenceIdGenerator (SequenceIdGenerator.java:upgradeToSequenceId(359)) - upgrade delTxnId to 0
2023-01-26 17:37:56,612 [main] INFO  ha.SequenceIdGenerator (SequenceIdGenerator.java:upgradeToSequenceId(376)) - upgrade containerId to 0
2023-01-26 17:37:56,614 [main] INFO  ha.SequenceIdGenerator (SequenceIdGenerator.java:<init>(220)) - Init the HA SequenceIdGenerator.
2023-01-26 17:37:56,666 [main] INFO  node.SCMNodeManager (SCMNodeManager.java:<init>(149)) - Entering startup safe mode.
2023-01-26 17:37:56,726 [main] INFO  algorithms.ContainerPlacementPolicyFactory (ContainerPlacementPolicyFactory.java:getPolicyInternal(86)) - Create container placement policy of type org.apache.hadoop.hdds.scm.container.placement.algorithms.SCMContainerPlacementRandom
2023-01-26 17:37:56,729 [main] INFO  algorithms.ContainerPlacementPolicyFactory (ContainerPlacementPolicyFactory.java:getPolicyInternal(86)) - Create container placement policy of type org.apache.hadoop.hdds.scm.container.placement.algorithms.SCMContainerPlacementRackScatter
2023-01-26 17:37:56,752 [main] INFO  pipeline.PipelineStateManagerImpl (PipelineStateManagerImpl.java:initialize(78)) - No pipeline exists in current db
2023-01-26 17:37:56,784 [main] INFO  algorithms.LeaderChoosePolicyFactory (LeaderChoosePolicyFactory.java:getPolicy(57)) - Create leader choose policy of type org.apache.hadoop.hdds.scm.pipeline.leader.choose.algorithms.MinLeaderCountChoosePolicy
2023-01-26 17:37:56,784 [main] INFO  algorithms.ContainerPlacementPolicyFactory (ContainerPlacementPolicyFactory.java:getPolicyInternal(86)) - Create container placement policy of type org.apache.hadoop.hdds.scm.container.placement.algorithms.SCMContainerPlacementRackScatter
2023-01-26 17:37:56,789 [main] INFO  ha.SCMServiceManager (SCMServiceManager.java:register(42)) - Registering service BackgroundPipelineCreator.
2023-01-26 17:37:56,789 [main] INFO  pipeline.BackgroundPipelineCreator (BackgroundPipelineCreator.java:start(124)) - Starting RatisPipelineUtilsThread.
2023-01-26 17:37:56,793 [main] INFO  BackgroundPipelineScrubber (BackgroundSCMService.java:start(68)) - Starting BackgroundPipelineScrubber Service.
2023-01-26 17:37:56,794 [main] INFO  ha.SCMServiceManager (SCMServiceManager.java:register(42)) - Registering service BackgroundPipelineScrubber.
2023-01-26 17:37:56,800 [main] INFO  ExpiredContainerReplicaOpScrubber (BackgroundSCMService.java:start(68)) - Starting ExpiredContainerReplicaOpScrubber Service.
2023-01-26 17:37:56,801 [main] INFO  ha.SCMServiceManager (SCMServiceManager.java:register(42)) - Registering service ExpiredContainerReplicaOpScrubber.
2023-01-26 17:37:56,837 [main] INFO  algorithms.PipelineChoosePolicyFactory (PipelineChoosePolicyFactory.java:createPipelineChoosePolicyFromClass(73)) - Create pipeline choose policy of type org.apache.hadoop.hdds.scm.pipeline.choose.algorithms.RandomPipelineChoosePolicy
2023-01-26 17:37:56,853 [main] INFO  ha.SCMServiceManager (SCMServiceManager.java:register(42)) - Registering service SCMBlockDeletingService.
2023-01-26 17:37:56,901 [main] INFO  replication.ReplicationManager (ReplicationManager.java:start(263)) - Starting Replication Monitor Thread.
2023-01-26 17:37:56,916 [main] INFO  ha.SCMServiceManager (SCMServiceManager.java:register(42)) - Registering service ReplicationManager.
2023-01-26 17:37:56,924 [ReplicationMonitor] INFO  replication.ReplicationManager (ReplicationManager.java:processAll(332)) - Replication Manager is not ready to run until 3000ms after safemode exit
2023-01-26 17:37:56,926 [main] INFO  safemode.ContainerSafeModeRule (ContainerSafeModeRule.java:<init>(89)) - containers with one replica threshold count 0
2023-01-26 17:37:56,929 [main] INFO  safemode.HealthyPipelineSafeModeRule (HealthyPipelineSafeModeRule.java:initializeRule(169)) - Total pipeline count is 0, healthy pipeline threshold count is 1
2023-01-26 17:37:56,931 [main] INFO  safemode.OneReplicaPipelineSafeModeRule (OneReplicaPipelineSafeModeRule.java:initializeRule(180)) - Total pipeline count is 0, pipeline's with at least one datanode reported threshold count is 0
2023-01-26 17:37:57,221 [main] INFO  audit.AuditLogger (AuditLogger.java:refreshDebugCmdSet(126)) - Refresh DebugCmdSet for SCMAudit to [].
2023-01-26 17:37:57,250 [main] INFO  ipc.CallQueueManager (CallQueueManager.java:<init>(90)) - Using callQueue: class java.util.concurrent.LinkedBlockingQueue, queueCapacity: 2000, scheduler: class org.apache.hadoop.ipc.DefaultRpcScheduler, ipcBackoff: false.
2023-01-26 17:37:57,287 [Socket Reader #1 for port 0] INFO  ipc.Server (Server.java:run(1273)) - Starting Socket Reader #1 for port 0
2023-01-26 17:37:57,340 [Listener at 0.0.0.0/35215] INFO  audit.AuditLogger (AuditLogger.java:refreshDebugCmdSet(126)) - Refresh DebugCmdSet for SCMAudit to [].
2023-01-26 17:37:57,345 [Listener at 0.0.0.0/35215] INFO  ipc.CallQueueManager (CallQueueManager.java:<init>(90)) - Using callQueue: class java.util.concurrent.LinkedBlockingQueue, queueCapacity: 2000, scheduler: class org.apache.hadoop.ipc.DefaultRpcScheduler, ipcBackoff: false.
2023-01-26 17:37:57,347 [Socket Reader #1 for port 0] INFO  ipc.Server (Server.java:run(1273)) - Starting Socket Reader #1 for port 0
2023-01-26 17:37:57,372 [Listener at 0.0.0.0/37433] INFO  audit.AuditLogger (AuditLogger.java:refreshDebugCmdSet(126)) - Refresh DebugCmdSet for SCMAudit to [].
2023-01-26 17:37:57,383 [Listener at 0.0.0.0/37433] INFO  ipc.CallQueueManager (CallQueueManager.java:<init>(90)) - Using callQueue: class java.util.concurrent.LinkedBlockingQueue, queueCapacity: 2000, scheduler: class org.apache.hadoop.ipc.DefaultRpcScheduler, ipcBackoff: false.
2023-01-26 17:37:57,384 [Socket Reader #1 for port 0] INFO  ipc.Server (Server.java:run(1273)) - Starting Socket Reader #1 for port 0
2023-01-26 17:37:57,432 [Listener at 0.0.0.0/41567] INFO  ha.SCMServiceManager (SCMServiceManager.java:register(42)) - Registering service ContainerBalancer.
2023-01-26 17:37:57,434 [Listener at 0.0.0.0/41567] INFO  server.StorageContainerManager (StorageContainerManager.java:<init>(401)) - 
Container Balancer status:
Key                            Value
Running                        true
Container Balancer Configuration values:
Key                                                Value
Threshold                                          10
Max Datanodes to Involve per Iteration(percent)    20
Max Size to Move per Iteration                     500GB
Max Size Entering Target per Iteration             26GB
Max Size Leaving Source per Iteration              26GB

2023-01-26 17:37:57,434 [Listener at 0.0.0.0/41567] INFO  ha.SCMContext (SCMContext.java:updateSafeModeStatus(228)) - Update SafeModeStatus from SafeModeStatus{safeModeStatus=true, preCheckPassed=false} to SafeModeStatus{safeModeStatus=true, preCheckPassed=false}.
2023-01-26 17:37:57,437 [Listener at 0.0.0.0/41567] INFO  server.StorageContainerManager (StorageContainerManager.java:start(1440)) - StorageContainerLocationProtocol RPC server is listening at /0.0.0.0:41567
2023-01-26 17:37:57,500 [Listener at 0.0.0.0/41567] WARN  impl.MetricsConfig (MetricsConfig.java:loadFirst(136)) - Cannot locate configuration: tried hadoop-metrics2-storagecontainermanager.properties,hadoop-metrics2.properties
2023-01-26 17:37:57,517 [Listener at 0.0.0.0/41567] INFO  impl.MetricsSystemImpl (MetricsSystemImpl.java:startTimer(378)) - Scheduled Metric snapshot period at 10 second(s).
2023-01-26 17:37:57,518 [Listener at 0.0.0.0/41567] INFO  impl.MetricsSystemImpl (MetricsSystemImpl.java:start(191)) - StorageContainerManager metrics system started
2023-01-26 17:37:57,822 [Listener at 0.0.0.0/41567] INFO  server.SCMClientProtocolServer (SCMClientProtocolServer.java:start(170)) - RPC server for Client  is listening at /0.0.0.0:41567
2023-01-26 17:37:57,822 [IPC Server Responder] INFO  ipc.Server (Server.java:run(1512)) - IPC Server Responder: starting
2023-01-26 17:37:57,824 [IPC Server listener on 0] INFO  ipc.Server (Server.java:run(1352)) - IPC Server listener on 0: starting
2023-01-26 17:37:57,830 [Listener at 0.0.0.0/41567] INFO  server.StorageContainerManager (StorageContainerManager.java:start(1454)) - ScmBlockLocationProtocol RPC server is listening at /0.0.0.0:37433
2023-01-26 17:37:57,831 [Listener at 0.0.0.0/41567] INFO  server.SCMBlockProtocolServer (SCMBlockProtocolServer.java:start(152)) - RPC server for Block Protocol is listening at /0.0.0.0:37433
2023-01-26 17:37:57,831 [IPC Server Responder] INFO  ipc.Server (Server.java:run(1512)) - IPC Server Responder: starting
2023-01-26 17:37:57,831 [IPC Server listener on 0] INFO  ipc.Server (Server.java:run(1352)) - IPC Server listener on 0: starting
2023-01-26 17:37:57,834 [Listener at 0.0.0.0/41567] INFO  server.SCMDatanodeProtocolServer (SCMDatanodeProtocolServer.java:start(194)) - ScmDatanodeProtocol RPC server for DataNodes is listening at /0.0.0.0:35215
2023-01-26 17:37:57,835 [IPC Server Responder] INFO  ipc.Server (Server.java:run(1512)) - IPC Server Responder: starting
2023-01-26 17:37:57,835 [IPC Server listener on 0] INFO  ipc.Server (Server.java:run(1352)) - IPC Server listener on 0: starting
2023-01-26 17:37:57,855 [org.apache.hadoop.util.JvmPauseMonitor$Monitor@6ddbbfbb] INFO  util.JvmPauseMonitor (JvmPauseMonitor.java:run(188)) - Starting JVM pause monitor
2023-01-26 17:37:57,865 [Listener at 0.0.0.0/41567] INFO  http.BaseHttpServer (BaseHttpServer.java:newHttpServer2BuilderForOzone(213)) - Starting Web-server for scm at: http://0.0.0.0:0
2023-01-26 17:37:57,866 [Listener at 0.0.0.0/41567] INFO  http.BaseHttpServer (BaseHttpServer.java:<init>(108)) - Hadoop Security Enabled: false Ozone Security Enabled: false Ozone HTTP Security Enabled: false 
2023-01-26 17:37:57,893 [Listener at 0.0.0.0/41567] INFO  util.log (Log.java:initialized(170)) - Logging initialized @4011ms to org.eclipse.jetty.util.log.Slf4jLog
2023-01-26 17:37:58,004 [Listener at 0.0.0.0/41567] WARN  server.AuthenticationFilter (AuthenticationFilter.java:constructSecretProvider(240)) - Unable to initialize FileSignerSecretProvider, falling back to use random secrets. Reason: Could not read signature secret file: /home/runner/hadoop-http-auth-signature-secret
2023-01-26 17:37:58,014 [Listener at 0.0.0.0/41567] WARN  http.HttpRequestLog (HttpRequestLog.java:getRequestLog(103)) - Jetty request log can only be enabled using Log4j
2023-01-26 17:37:58,021 [Listener at 0.0.0.0/41567] INFO  http.HttpServer2 (HttpServer2.java:addGlobalFilter(1031)) - Added global filter 'safety' (class=org.apache.hadoop.hdds.server.http.HttpServer2$QuotingInputFilter)
2023-01-26 17:37:58,023 [Listener at 0.0.0.0/41567] INFO  http.HttpServer2 (HttpServer2.java:addFilter(1007)) - Added filter static_user_filter (class=org.apache.hadoop.http.lib.StaticUserWebFilter$StaticUserFilter) to context scm
2023-01-26 17:37:58,023 [Listener at 0.0.0.0/41567] INFO  http.HttpServer2 (HttpServer2.java:addFilter(1015)) - Added filter static_user_filter (class=org.apache.hadoop.http.lib.StaticUserWebFilter$StaticUserFilter) to context static
2023-01-26 17:37:58,024 [Listener at 0.0.0.0/41567] INFO  http.HttpServer2 (HttpServer2.java:addFilter(1015)) - Added filter static_user_filter (class=org.apache.hadoop.http.lib.StaticUserWebFilter$StaticUserFilter) to context logs
2023-01-26 17:37:58,066 [Listener at 0.0.0.0/41567] INFO  http.HttpServer2 (HttpServer2.java:bindListener(1250)) - Jetty bound to port 36513
2023-01-26 17:37:58,068 [Listener at 0.0.0.0/41567] INFO  server.Server (Server.java:doStart(375)) - jetty-9.4.49.v20220914; built: 2022-09-14T01:07:36.601Z; git: 4231a3b2e4cb8548a412a789936d640a97b1aa0a; jvm 1.8.0_352-b08
2023-01-26 17:37:58,103 [Listener at 0.0.0.0/41567] INFO  server.session (DefaultSessionIdManager.java:doStart(334)) - DefaultSessionIdManager workerName=node0
2023-01-26 17:37:58,104 [Listener at 0.0.0.0/41567] INFO  server.session (DefaultSessionIdManager.java:doStart(339)) - No SessionScavenger set, using defaults
2023-01-26 17:37:58,106 [Listener at 0.0.0.0/41567] INFO  server.session (HouseKeeper.java:startScavenging(132)) - node0 Scavenging every 600000ms
2023-01-26 17:37:58,120 [Listener at 0.0.0.0/41567] INFO  handler.ContextHandler (ContextHandler.java:doStart(921)) - Started o.e.j.s.ServletContextHandler@b4c89b6{logs,/logs,file:///home/runner/work/ozone/ozone/hadoop-ozone/integration-test/target/log,AVAILABLE}
2023-01-26 17:37:58,121 [Listener at 0.0.0.0/41567] INFO  handler.ContextHandler (ContextHandler.java:doStart(921)) - Started o.e.j.s.ServletContextHandler@3724ab90{static,/static,file:///home/runner/work/ozone/ozone/hadoop-ozone/integration-test/target/test-classes/webapps/static,AVAILABLE}
2023-01-26 17:37:58,165 [Listener at 0.0.0.0/41567] INFO  handler.ContextHandler (ContextHandler.java:doStart(921)) - Started o.e.j.w.WebAppContext@3fe21d0e{scm,/,file:///home/runner/work/ozone/ozone/hadoop-ozone/integration-test/target/test-classes/webapps/scm/,AVAILABLE}{file:/home/runner/work/ozone/ozone/hadoop-ozone/integration-test/target/test-classes/webapps/scm}
2023-01-26 17:37:58,175 [Listener at 0.0.0.0/41567] INFO  server.AbstractConnector (AbstractConnector.java:doStart(333)) - Started ServerConnector@5e8a678a{HTTP/1.1, (http/1.1)}{0.0.0.0:36513}
2023-01-26 17:37:58,175 [Listener at 0.0.0.0/41567] INFO  server.Server (Server.java:doStart(415)) - Started @4292ms
2023-01-26 17:37:58,177 [Listener at 0.0.0.0/41567] INFO  impl.MetricsSinkAdapter (MetricsSinkAdapter.java:start(204)) - Sink prometheus started
2023-01-26 17:37:58,177 [Listener at 0.0.0.0/41567] INFO  impl.MetricsSystemImpl (MetricsSystemImpl.java:registerSink(305)) - Registered sink prometheus
2023-01-26 17:37:58,179 [Listener at 0.0.0.0/41567] INFO  http.BaseHttpServer (BaseHttpServer.java:updateConnectorAddress(333)) - HTTP server of scm listening at http://0.0.0.0:36513
2023-01-26 17:37:58,180 [Listener at 0.0.0.0/41567] WARN  server.ServerUtils (ServerUtils.java:getDBPath(225)) - ozone.om.db.dirs is not configured. We recommend adding this setting. Falling back to ozone.metadata.dirs instead.
2023-01-26 17:37:58,236 [Listener at 0.0.0.0/41567] INFO  audit.AuditLogger (AuditLogger.java:refreshDebugCmdSet(126)) - Refresh DebugCmdSet for OMAudit to [].
2023-01-26 17:37:58,336 [Listener at 0.0.0.0/41567] INFO  ha.OMHANodeDetails (OMHANodeDetails.java:loadOMHAConfig(115)) - ozone.om.internal.service.id is not defined, falling back to ozone.om.service.ids to find serviceID for OzoneManager if it is HA enabled cluster
2023-01-26 17:37:58,339 [Listener at 0.0.0.0/41567] INFO  ha.OMHANodeDetails (OMHANodeDetails.java:loadOMHAConfig(226)) - Configuration does not have ozone.om.address set. Falling back to the default OM address /127.0.0.1:0
2023-01-26 17:37:58,339 [Listener at 0.0.0.0/41567] INFO  ha.OMHANodeDetails (OMHANodeDetails.java:getOMNodeDetailsForNonHA(254)) - OM Service ID is not set. Setting it to the default ID: omServiceIdDefault
2023-01-26 17:37:58,339 [Listener at 0.0.0.0/41567] INFO  ha.OMHANodeDetails (OMHANodeDetails.java:getOMNodeDetailsForNonHA(261)) - OM Node ID is not set. Setting it to the default ID: om1
2023-01-26 17:37:58,343 [Listener at 0.0.0.0/41567] WARN  server.ServerUtils (ServerUtils.java:getDBPath(225)) - ozone.om.db.dirs is not configured. We recommend adding this setting. Falling back to ozone.metadata.dirs instead.
2023-01-26 17:37:58,347 [Listener at 0.0.0.0/41567] INFO  upgrade.AbstractLayoutVersionManager (AbstractLayoutVersionManager.java:init(83)) - Initializing Layout version manager with metadata layout = MULTITENANCY_SCHEMA (version = 3), software layout = MULTITENANCY_SCHEMA (version = 3)
2023-01-26 17:37:58,433 [Listener at 0.0.0.0/41567] INFO  reflections.Reflections (Reflections.java:scan(232)) - Reflections took 81 ms to scan 2 urls, producing 155 keys and 428 values [using 2 cores]
2023-01-26 17:37:58,439 [Listener at 0.0.0.0/41567] INFO  upgrade.OMLayoutVersionManager (OMLayoutVersionManager.java:lambda$0(115)) - Skipping Upgrade Action MockOmUpgradeAction since it has been finalized.
2023-01-26 17:37:58,440 [Listener at 0.0.0.0/41567] WARN  server.ServerUtils (ServerUtils.java:getDBPath(225)) - ozone.om.db.dirs is not configured. We recommend adding this setting. Falling back to ozone.metadata.dirs instead.
2023-01-26 17:37:58,625 [Listener at 0.0.0.0/41567] INFO  proxy.SCMBlockLocationFailoverProxyProvider (SCMBlockLocationFailoverProxyProvider.java:<init>(114)) - Created block location fail-over proxy with 1 nodes: [nodeId=scmNodeId,nodeAddress=/0.0.0.0:37433]
2023-01-26 17:37:58,663 [Listener at 0.0.0.0/41567] INFO  proxy.SCMBlockLocationFailoverProxyProvider (SCMBlockLocationFailoverProxyProvider.java:<init>(114)) - Created block location fail-over proxy with 1 nodes: [nodeId=scmNodeId,nodeAddress=/0.0.0.0:37433]
2023-01-26 17:37:58,871 [Listener at 0.0.0.0/41567] WARN  server.ServerUtils (ServerUtils.java:getDBPath(225)) - ozone.om.db.dirs is not configured. We recommend adding this setting. Falling back to ozone.metadata.dirs instead.
2023-01-26 17:37:58,877 [Listener at 0.0.0.0/41567] INFO  codec.OmKeyInfoCodec (OmKeyInfoCodec.java:<init>(49)) - OmKeyInfoCodec ignorePipeline = true
2023-01-26 17:37:58,878 [Listener at 0.0.0.0/41567] INFO  codec.RepeatedOmKeyInfoCodec (RepeatedOmKeyInfoCodec.java:<init>(41)) - RepeatedOmKeyInfoCodec ignorePipeline = true
2023-01-26 17:37:59,051 [Listener at 0.0.0.0/41567] INFO  om.OzoneManager (OzoneManager.java:instantiateServices(728)) - S3 Multi-Tenancy is disabled
2023-01-26 17:37:59,142 [Listener at 0.0.0.0/41567] INFO  om.OzoneManager (OzoneManager.java:addS3GVolumeToDB(4320)) - Created Volume s3v With Owner runner required for S3Gateway operations.
2023-01-26 17:37:59,192 [Listener at 0.0.0.0/41567] WARN  server.ServerUtils (ServerUtils.java:getDefaultRatisDirectory(237)) - Storage directory for Ratis is not configured. It is a good idea to map this to an SSD disk. Falling back to ozone.metadata.dirs
2023-01-26 17:37:59,192 [Listener at 0.0.0.0/41567] WARN  utils.OzoneManagerRatisUtils (OzoneManagerRatisUtils.java:getOMRatisSnapshotDirectory(431)) - ozone.om.ratis.snapshot.dir is not configured. Falling back to ozone.metadata.dirs config
2023-01-26 17:37:59,212 [Listener at 0.0.0.0/41567] WARN  server.ServerUtils (ServerUtils.java:getDefaultRatisDirectory(237)) - Storage directory for Ratis is not configured. It is a good idea to map this to an SSD disk. Falling back to ozone.metadata.dirs
2023-01-26 17:37:59,242 [Listener at 0.0.0.0/41567] INFO  ratis.OzoneManagerRatisServer (OzoneManagerRatisServer.java:<init>(160)) - Instantiating OM Ratis server with groupID: omServiceIdDefault and peers: localhost:9872
2023-01-26 17:37:59,251 [Listener at 0.0.0.0/41567] INFO  ratis.OzoneManagerStateMachine (OzoneManagerStateMachine.java:loadSnapshotInfoFromDB(636)) - LastAppliedIndex is set from TransactionInfo from OM DB as (t:0, i:~)
2023-01-26 17:37:59,300 [Listener at 0.0.0.0/41567] INFO  server.RaftServer (ConfUtils.java:logGet(46)) - raft.rpc.type = GRPC (default)
2023-01-26 17:37:59,389 [Listener at 0.0.0.0/41567] INFO  grpc.GrpcConfigKeys (ConfUtils.java:logFallback(53)) - raft.grpc.admin.host = null (fallback to raft.grpc.server.host)
2023-01-26 17:37:59,391 [Listener at 0.0.0.0/41567] INFO  grpc.GrpcConfigKeys (ConfUtils.java:logFallback(53)) - raft.grpc.admin.port = 9872 (fallback to raft.grpc.server.port)
2023-01-26 17:37:59,391 [Listener at 0.0.0.0/41567] INFO  grpc.GrpcConfigKeys (ConfUtils.java:logFallback(53)) - raft.grpc.client.host = null (fallback to raft.grpc.server.host)
2023-01-26 17:37:59,392 [Listener at 0.0.0.0/41567] INFO  grpc.GrpcConfigKeys (ConfUtils.java:logFallback(53)) - raft.grpc.client.port = 9872 (fallback to raft.grpc.server.port)
2023-01-26 17:37:59,392 [Listener at 0.0.0.0/41567] INFO  grpc.GrpcConfigKeys (ConfUtils.java:logGet(46)) - raft.grpc.server.host = null (default)
2023-01-26 17:37:59,392 [Listener at 0.0.0.0/41567] INFO  grpc.GrpcConfigKeys (ConfUtils.java:logGet(46)) - raft.grpc.server.port = 9872 (custom)
2023-01-26 17:37:59,393 [Listener at 0.0.0.0/41567] INFO  server.GrpcService (ConfUtils.java:logGet(46)) - raft.grpc.message.size.max = 33554432 (custom)
2023-01-26 17:37:59,394 [Listener at 0.0.0.0/41567] INFO  server.RaftServerConfigKeys (ConfUtils.java:logGet(46)) - raft.server.log.appender.buffer.byte-limit = 33554432 (custom)
2023-01-26 17:37:59,395 [Listener at 0.0.0.0/41567] INFO  server.GrpcService (ConfUtils.java:logGet(46)) - raft.grpc.flow.control.window = 1MB (=1048576) (default)
2023-01-26 17:37:59,395 [Listener at 0.0.0.0/41567] INFO  server.RaftServerConfigKeys (ConfUtils.java:logGet(46)) - raft.server.rpc.request.timeout = 3000ms (default)
2023-01-26 17:37:59,412 [Listener at 0.0.0.0/41567] INFO  grpc.GrpcConfigKeys (ConfUtils.java:logGet(46)) - raft.grpc.server.heartbeat.channel = true (default)
2023-01-26 17:37:59,415 [Listener at 0.0.0.0/41567] INFO  grpc.GrpcConfigKeys (ConfUtils.java:logGet(46)) - raft.grpc.server.async.request.thread.pool.cached = true (default)
2023-01-26 17:37:59,415 [Listener at 0.0.0.0/41567] INFO  grpc.GrpcConfigKeys (ConfUtils.java:logGet(46)) - raft.grpc.server.async.request.thread.pool.size = 32 (default)
2023-01-26 17:37:59,733 [Listener at 0.0.0.0/41567] INFO  impl.DataStreamServerImpl (ConfUtils.java:logGet(46)) - raft.datastream.type = NETTY (custom)
2023-01-26 17:37:59,757 [Listener at 0.0.0.0/41567] INFO  server.RaftServerConfigKeys (ConfUtils.java:logGet(46)) - raft.server.data-stream.async.request.thread.pool.cached = false (default)
2023-01-26 17:37:59,758 [Listener at 0.0.0.0/41567] INFO  server.RaftServerConfigKeys (ConfUtils.java:logGet(46)) - raft.server.data-stream.async.request.thread.pool.size = 32 (default)
2023-01-26 17:37:59,759 [Listener at 0.0.0.0/41567] INFO  server.RaftServerConfigKeys (ConfUtils.java:logGet(46)) - raft.server.data-stream.async.write.thread.pool.size = 16 (default)
2023-01-26 17:37:59,760 [Listener at 0.0.0.0/41567] INFO  server.RaftServerConfigKeys (ConfUtils.java:logGet(46)) - raft.server.data-stream.client.pool.size = 10 (default)
2023-01-26 17:37:59,764 [Listener at 0.0.0.0/41567] INFO  netty.NettyConfigKeys$DataStream (ConfUtils.java:logGet(46)) - raft.netty.dataStream.server.use-epoll = false (default)
2023-01-26 17:37:59,764 [Listener at 0.0.0.0/41567] INFO  netty.NettyConfigKeys$DataStream (ConfUtils.java:logGet(46)) - raft.netty.dataStream.server.boss-group.size = 0 (default)
2023-01-26 17:37:59,772 [Listener at 0.0.0.0/41567] INFO  netty.NettyConfigKeys$DataStream (ConfUtils.java:logGet(46)) - raft.netty.dataStream.server.worker-group.size = 0 (default)
2023-01-26 17:37:59,774 [Listener at 0.0.0.0/41567] INFO  netty.NettyConfigKeys$DataStream (ConfUtils.java:logGet(46)) - raft.netty.dataStream.server.tls.conf = null (default)
2023-01-26 17:37:59,775 [Listener at 0.0.0.0/41567] INFO  netty.NettyConfigKeys$DataStream (ConfUtils.java:logGet(46)) - raft.netty.dataStream.host = null (default)
2023-01-26 17:37:59,776 [Listener at 0.0.0.0/41567] INFO  netty.NettyConfigKeys$DataStream (ConfUtils.java:logGet(46)) - raft.netty.dataStream.port = 0 (default)
2023-01-26 17:37:59,835 [Listener at 0.0.0.0/41567] INFO  server.RaftServerConfigKeys (ConfUtils.java:logGet(46)) - raft.server.threadpool.proxy.cached = true (default)
2023-01-26 17:37:59,836 [Listener at 0.0.0.0/41567] INFO  server.RaftServerConfigKeys (ConfUtils.java:logGet(46)) - raft.server.threadpool.proxy.size = 0 (default)
2023-01-26 17:37:59,857 [Listener at 0.0.0.0/41567] INFO  server.RaftServerConfigKeys (ConfUtils.java:logGet(46)) - raft.server.rpc.slowness.timeout = 120s (custom)
2023-01-26 17:37:59,857 [Listener at 0.0.0.0/41567] INFO  server.RaftServerConfigKeys (ConfUtils.java:logGet(46)) - raft.server.leaderelection.leader.step-down.wait-time = 10s (default)
2023-01-26 17:37:59,862 [Listener at 0.0.0.0/41567] INFO  server.RaftServerConfigKeys (ConfUtils.java:logGet(46)) - raft.server.storage.dir = [/home/runner/work/ozone/ozone/hadoop-ozone/integration-test/target/test-dir/MiniOzoneClusterImpl-49a32a1f-b929-42a3-86b3-c5b719d90673/ozone-meta/ratis] (custom)
2023-01-26 17:37:59,880 [om1-NettyServerStreamRpc-bossGroup--thread1] INFO  logging.LoggingHandler (AbstractInternalLogger.java:log(148)) - [id: 0x39aebc5f] REGISTERED
2023-01-26 17:37:59,882 [om1-NettyServerStreamRpc-bossGroup--thread1] INFO  logging.LoggingHandler (AbstractInternalLogger.java:log(148)) - [id: 0x39aebc5f] BIND: 0.0.0.0/0.0.0.0:0
2023-01-26 17:37:59,888 [Listener at 0.0.0.0/41567] INFO  server.RaftServer (RaftServerProxy.java:addNew(96)) - om1: addNew group-C5BA1605619E:[om1|rpc:localhost:9872|priority:0|startupRole:FOLLOWER] returns group-C5BA1605619E:java.util.concurrent.CompletableFuture@5467016f[Not completed]
2023-01-26 17:37:59,888 [Listener at 0.0.0.0/41567] INFO  om.OzoneManager (OzoneManager.java:initializeRatisServer(2012)) - OzoneManager Ratis server initialized at port 9872
2023-01-26 17:37:59,897 [om1-NettyServerStreamRpc-bossGroup--thread1] INFO  logging.LoggingHandler (AbstractInternalLogger.java:log(148)) - [id: 0x39aebc5f, L:/0:0:0:0:0:0:0:0:45103] ACTIVE
2023-01-26 17:37:59,908 [Listener at 0.0.0.0/41567] INFO  om.OzoneManager (OzoneManager.java:getRpcServer(1135)) - Creating RPC Server
2023-01-26 17:37:59,936 [pool-54-thread-1] INFO  server.RaftServer$Division (RaftServerImpl.java:<init>(195)) - om1: new RaftServerImpl for group-C5BA1605619E:[om1|rpc:localhost:9872|priority:0|startupRole:FOLLOWER] with OzoneManagerStateMachine:uninitialized
2023-01-26 17:37:59,939 [pool-54-thread-1] INFO  server.RaftServerConfigKeys (ConfUtils.java:logGet(46)) - raft.server.rpc.timeout.min = 1s (custom)
2023-01-26 17:37:59,939 [pool-54-thread-1] INFO  server.RaftServerConfigKeys (ConfUtils.java:logGet(46)) - raft.server.rpc.timeout.max = 1200ms (custom)
2023-01-26 17:37:59,939 [pool-54-thread-1] INFO  server.RaftServerConfigKeys (ConfUtils.java:logGet(46)) - raft.server.rpc.sleep.time = 25ms (default)
2023-01-26 17:37:59,939 [pool-54-thread-1] INFO  server.RaftServerConfigKeys (ConfUtils.java:logGet(46)) - raft.server.rpc.slowness.timeout = 120s (custom)
2023-01-26 17:37:59,939 [pool-54-thread-1] INFO  server.RaftServerConfigKeys (ConfUtils.java:logGet(46)) - raft.server.leaderelection.leader.step-down.wait-time = 10s (default)
2023-01-26 17:37:59,939 [pool-54-thread-1] INFO  server.RaftServerConfigKeys (ConfUtils.java:logGet(46)) - raft.server.sleep.deviation.threshold = 300ms (default)
2023-01-26 17:37:59,958 [pool-54-thread-1] INFO  server.RaftServer$Division (ServerState.java:<init>(118)) - om1@group-C5BA1605619E: ConfigurationManager, init=-1: peers:[om1|rpc:localhost:9872|priority:0|startupRole:FOLLOWER]|listeners:[], old=null, confs=<EMPTY_MAP>
2023-01-26 17:37:59,958 [pool-54-thread-1] INFO  server.RaftServerConfigKeys (ConfUtils.java:logGet(46)) - raft.server.storage.dir = [/home/runner/work/ozone/ozone/hadoop-ozone/integration-test/target/test-dir/MiniOzoneClusterImpl-49a32a1f-b929-42a3-86b3-c5b719d90673/ozone-meta/ratis] (custom)
2023-01-26 17:37:59,968 [pool-54-thread-1] INFO  server.RaftServerConfigKeys (ConfUtils.java:logGet(46)) - raft.server.log.corruption.policy = EXCEPTION (default)
2023-01-26 17:37:59,971 [pool-54-thread-1] INFO  server.RaftServerConfigKeys (ConfUtils.java:logGet(46)) - raft.server.storage.free-space.min = 0MB (=0) (default)
2023-01-26 17:37:59,985 [pool-54-thread-1] INFO  server.RaftServerConfigKeys (ConfUtils.java:logGet(46)) - raft.server.notification.no-leader.timeout = 120s (custom)
2023-01-26 17:37:59,988 [pool-54-thread-1] INFO  server.RaftServerConfigKeys (ConfUtils.java:logGet(46)) - raft.server.retrycache.expirytime = 300s (custom)
2023-01-26 17:37:59,988 [pool-54-thread-1] INFO  server.RaftServerConfigKeys (ConfUtils.java:logGet(46)) - raft.server.retrycache.statistics.expirytime = 100μs (default)
2023-01-26 17:38:00,127 [pool-54-thread-1] INFO  server.RaftServerConfigKeys (ConfUtils.java:logGet(46)) - raft.server.log.appender.install.snapshot.enabled = false (custom)
2023-01-26 17:38:00,128 [pool-54-thread-1] INFO  server.RaftServerConfigKeys (ConfUtils.java:logGet(46)) - raft.server.threadpool.server.cached = true (default)
2023-01-26 17:38:00,133 [pool-54-thread-1] INFO  server.RaftServerConfigKeys (ConfUtils.java:logGet(46)) - raft.server.threadpool.server.size = 0 (default)
2023-01-26 17:38:00,133 [pool-54-thread-1] INFO  server.RaftServerConfigKeys (ConfUtils.java:logGet(46)) - raft.server.threadpool.client.cached = true (default)
2023-01-26 17:38:00,133 [pool-54-thread-1] INFO  server.RaftServerConfigKeys (ConfUtils.java:logGet(46)) - raft.server.threadpool.client.size = 0 (default)
2023-01-26 17:38:00,585 [Listener at 0.0.0.0/41567] INFO  reflections.Reflections (Reflections.java:scan(232)) - Reflections took 606 ms to scan 19 urls, producing 67 keys and 4593 values [using 2 cores]
2023-01-26 17:38:00,888 [Listener at 0.0.0.0/41567] INFO  ipc.CallQueueManager (CallQueueManager.java:<init>(90)) - Using callQueue: class java.util.concurrent.LinkedBlockingQueue, queueCapacity: 2000, scheduler: class org.apache.hadoop.ipc.DefaultRpcScheduler, ipcBackoff: false.
2023-01-26 17:38:00,889 [Socket Reader #1 for port 0] INFO  ipc.Server (Server.java:run(1273)) - Starting Socket Reader #1 for port 0
2023-01-26 17:38:00,919 [Listener at 127.0.0.1/41041] INFO  impl.MetricsSystemImpl (MetricsSystemImpl.java:init(158)) - OzoneManager metrics system started (again)
2023-01-26 17:38:00,931 [Listener at 127.0.0.1/41041] INFO  om.OzoneManager (OzoneManager.java:start(1519)) - OzoneManager RPC server is listening at localhost/127.0.0.1:41041
2023-01-26 17:38:00,931 [Listener at 127.0.0.1/41041] INFO  ratis.OzoneManagerRatisServer (OzoneManagerRatisServer.java:start(555)) - Starting OzoneManagerRatisServer om1 at port 9872
2023-01-26 17:38:00,934 [om1-impl-thread1] INFO  storage.RaftStorageDirectory (RaftStorageDirectoryImpl.java:analyzeStorage(137)) - The storage directory /home/runner/work/ozone/ozone/hadoop-ozone/integration-test/target/test-dir/MiniOzoneClusterImpl-49a32a1f-b929-42a3-86b3-c5b719d90673/ozone-meta/ratis/bf265839-605b-3f16-9796-c5ba1605619e does not exist. Creating ...
2023-01-26 17:38:00,939 [om1-impl-thread1] INFO  storage.RaftStorageDirectory (RaftStorageDirectoryImpl.java:tryLock(231)) - Lock on /home/runner/work/ozone/ozone/hadoop-ozone/integration-test/target/test-dir/MiniOzoneClusterImpl-49a32a1f-b929-42a3-86b3-c5b719d90673/ozone-meta/ratis/bf265839-605b-3f16-9796-c5ba1605619e/in_use.lock acquired by nodename 58484@fv-az77-38
2023-01-26 17:38:00,945 [om1-impl-thread1] INFO  storage.RaftStorage (RaftStorageImpl.java:format(96)) - Storage directory /home/runner/work/ozone/ozone/hadoop-ozone/integration-test/target/test-dir/MiniOzoneClusterImpl-49a32a1f-b929-42a3-86b3-c5b719d90673/ozone-meta/ratis/bf265839-605b-3f16-9796-c5ba1605619e has been successfully formatted.
2023-01-26 17:38:00,947 [om1-impl-thread1] INFO  server.RaftServerConfigKeys (ConfUtils.java:logGet(46)) - raft.server.log.use.memory = false (default)
2023-01-26 17:38:00,955 [om1-impl-thread1] INFO  server.RaftServerConfigKeys (ConfUtils.java:logGet(46)) - raft.server.log.purge.gap = 1000000 (custom)
2023-01-26 17:38:00,955 [om1-impl-thread1] INFO  server.RaftServerConfigKeys (ConfUtils.java:logGet(46)) - raft.server.log.appender.buffer.byte-limit = 33554432 (custom)
2023-01-26 17:38:00,957 [om1-impl-thread1] INFO  server.RaftServerConfigKeys (ConfUtils.java:logGet(46)) - raft.server.log.statemachine.data.read.timeout = 1000ms (default)
2023-01-26 17:38:00,958 [om1-impl-thread1] INFO  server.RaftServerConfigKeys (ConfUtils.java:logGet(46)) - raft.server.log.purge.preservation.log.num = 0 (default)
2023-01-26 17:38:00,960 [om1-impl-thread1] INFO  server.RaftServerConfigKeys (ConfUtils.java:logGet(46)) - raft.server.log.segment.size.max = 4194304 (custom)
2023-01-26 17:38:00,966 [om1-impl-thread1] INFO  server.RaftServerConfigKeys (ConfUtils.java:logGet(46)) - raft.server.log.segment.cache.num.max = 2 (custom)
2023-01-26 17:38:00,966 [om1-impl-thread1] INFO  server.RaftServerConfigKeys (ConfUtils.java:logGet(46)) - raft.server.log.segment.cache.size.max = 200MB (=209715200) (default)
2023-01-26 17:38:00,973 [om1-impl-thread1] INFO  segmented.SegmentedRaftLogWorker (SegmentedRaftLogWorker.java:<init>(189)) - new om1@group-C5BA1605619E-SegmentedRaftLogWorker for RaftStorageImpl:Storage Directory /home/runner/work/ozone/ozone/hadoop-ozone/integration-test/target/test-dir/MiniOzoneClusterImpl-49a32a1f-b929-42a3-86b3-c5b719d90673/ozone-meta/ratis/bf265839-605b-3f16-9796-c5ba1605619e
2023-01-26 17:38:00,973 [om1-impl-thread1] INFO  server.RaftServerConfigKeys (ConfUtils.java:logGet(46)) - raft.server.log.queue.byte-limit = 64MB (=67108864) (default)
2023-01-26 17:38:00,973 [om1-impl-thread1] INFO  server.RaftServerConfigKeys (ConfUtils.java:logGet(46)) - raft.server.log.queue.element-limit = 4096 (default)
2023-01-26 17:38:00,974 [om1-impl-thread1] INFO  server.RaftServerConfigKeys (ConfUtils.java:logGet(46)) - raft.server.log.segment.size.max = 4194304 (custom)
2023-01-26 17:38:00,975 [om1-impl-thread1] INFO  server.RaftServerConfigKeys (ConfUtils.java:logGet(46)) - raft.server.log.preallocated.size = 4194304 (custom)
2023-01-26 17:38:00,975 [om1-impl-thread1] INFO  server.RaftServerConfigKeys (ConfUtils.java:logGet(46)) - raft.server.log.force.sync.num = 128 (default)
2023-01-26 17:38:00,976 [om1-impl-thread1] INFO  server.RaftServerConfigKeys (ConfUtils.java:logGet(46)) - raft.server.log.statemachine.data.sync = true (default)
2023-01-26 17:38:00,976 [om1-impl-thread1] INFO  server.RaftServerConfigKeys (ConfUtils.java:logGet(46)) - raft.server.log.statemachine.data.sync.timeout = 10s (default)
2023-01-26 17:38:00,977 [om1-impl-thread1] INFO  server.RaftServerConfigKeys (ConfUtils.java:logGet(46)) - raft.server.log.statemachine.data.sync.timeout.retry = -1 (default)
2023-01-26 17:38:00,985 [om1-impl-thread1] INFO  server.RaftServerConfigKeys (ConfUtils.java:logGet(46)) - raft.server.log.write.buffer.size = 64KB (=65536) (default)
2023-01-26 17:38:00,985 [om1-impl-thread1] INFO  server.RaftServerConfigKeys (ConfUtils.java:logGet(46)) - raft.server.log.appender.buffer.byte-limit = 33554432 (custom)
2023-01-26 17:38:00,991 [om1-impl-thread1] INFO  server.RaftServerConfigKeys (ConfUtils.java:logGet(46)) - raft.server.log.unsafe-flush.enabled = false (default)
2023-01-26 17:38:00,991 [om1-impl-thread1] INFO  server.RaftServerConfigKeys (ConfUtils.java:logGet(46)) - raft.server.log.async-flush.enabled = false (default)
2023-01-26 17:38:00,991 [om1-impl-thread1] INFO  server.RaftServerConfigKeys (ConfUtils.java:logGet(46)) - raft.server.log.statemachine.data.caching.enabled = false (default)
2023-01-26 17:38:00,998 [om1-impl-thread1] INFO  segmented.SegmentedRaftLogWorker (SegmentedRaftLogWorker.java:lambda$new$0(135)) - om1@group-C5BA1605619E-SegmentedRaftLogWorker: flushIndex: setUnconditionally 0 -> -1
2023-01-26 17:38:00,998 [om1-impl-thread1] INFO  segmented.SegmentedRaftLogWorker (SegmentedRaftLogWorker.java:lambda$new$0(135)) - om1@group-C5BA1605619E-SegmentedRaftLogWorker: safeCacheEvictIndex: setUnconditionally 0 -> -1
2023-01-26 17:38:01,002 [om1-impl-thread1] INFO  server.RaftServer$Division (RaftServerImpl.java:start(334)) - om1@group-C5BA1605619E: start as a follower, conf=-1: peers:[om1|rpc:localhost:9872|priority:0|startupRole:FOLLOWER]|listeners:[], old=null
2023-01-26 17:38:01,007 [om1-impl-thread1] INFO  server.RaftServer$Division (RaftServerImpl.java:setRole(321)) - om1@group-C5BA1605619E: changes role from      null to FOLLOWER at term 0 for startAsFollower
2023-01-26 17:38:01,009 [om1-impl-thread1] INFO  impl.RoleInfo (RoleInfo.java:updateAndGet(139)) - om1: start om1@group-C5BA1605619E-FollowerState
2023-01-26 17:38:01,011 [om1-impl-thread1] INFO  util.JmxRegister (JmxRegister.java:tryRegister(44)) - Successfully registered JMX Bean with object name Ratis:service=RaftServer,group=group-C5BA1605619E,id=om1
2023-01-26 17:38:01,013 [om1-impl-thread1] INFO  server.RaftServerConfigKeys (ConfUtils.java:logGet(46)) - raft.server.snapshot.auto.trigger.enabled = true (custom)
2023-01-26 17:38:01,014 [om1-impl-thread1] INFO  server.RaftServerConfigKeys (ConfUtils.java:logGet(46)) - raft.server.snapshot.auto.trigger.threshold = 400000 (default)
2023-01-26 17:38:01,014 [om1-impl-thread1] INFO  server.RaftServerConfigKeys (ConfUtils.java:logGet(46)) - raft.server.snapshot.retention.file.num = -1 (default)
2023-01-26 17:38:01,015 [om1-impl-thread1] INFO  server.RaftServerConfigKeys (ConfUtils.java:logGet(46)) - raft.server.log.purge.upto.snapshot.index = true (custom)
2023-01-26 17:38:01,017 [om1@group-C5BA1605619E-FollowerState] INFO  server.RaftServerConfigKeys (ConfUtils.java:logFallback(53)) - raft.server.rpc.first-election.timeout.min = 1s (fallback to raft.server.rpc.timeout.min)
2023-01-26 17:38:01,017 [om1@group-C5BA1605619E-FollowerState] INFO  server.RaftServerConfigKeys (ConfUtils.java:logFallback(53)) - raft.server.rpc.first-election.timeout.max = 1200ms (fallback to raft.server.rpc.timeout.max)
2023-01-26 17:38:01,018 [Listener at 127.0.0.1/41041] INFO  server.RaftServer (RaftServerProxy.java:startImpl(393)) - om1: start RPC server
2023-01-26 17:38:01,035 [Listener at 127.0.0.1/41041] INFO  server.GrpcService (GrpcService.java:startImpl(262)) - om1: GrpcService started, listening on 9872
2023-01-26 17:38:01,039 [Listener at 127.0.0.1/41041] INFO  om.OzoneManager (OzoneManager.java:start(1535)) - Version File has different layout version (3) than OM DB (null). That is expected if this OM has never been finalized to a newer layout version.
2023-01-26 17:38:01,041 [JvmPauseMonitor0] INFO  util.JvmPauseMonitor (JvmPauseMonitor.java:run(105)) - JvmPauseMonitor-om1: Started
2023-01-26 17:38:01,056 [Listener at 127.0.0.1/41041] INFO  http.BaseHttpServer (BaseHttpServer.java:newHttpServer2BuilderForOzone(213)) - Starting Web-server for ozoneManager at: http://0.0.0.0:0
2023-01-26 17:38:01,057 [Listener at 127.0.0.1/41041] INFO  http.BaseHttpServer (BaseHttpServer.java:<init>(108)) - Hadoop Security Enabled: false Ozone Security Enabled: false Ozone HTTP Security Enabled: false 
2023-01-26 17:38:01,058 [Listener at 127.0.0.1/41041] WARN  server.AuthenticationFilter (AuthenticationFilter.java:constructSecretProvider(240)) - Unable to initialize FileSignerSecretProvider, falling back to use random secrets. Reason: Could not read signature secret file: /home/runner/hadoop-http-auth-signature-secret
2023-01-26 17:38:01,060 [Listener at 127.0.0.1/41041] WARN  http.HttpRequestLog (HttpRequestLog.java:getRequestLog(103)) - Jetty request log can only be enabled using Log4j
2023-01-26 17:38:01,062 [Listener at 127.0.0.1/41041] INFO  http.HttpServer2 (HttpServer2.java:addGlobalFilter(1031)) - Added global filter 'safety' (class=org.apache.hadoop.hdds.server.http.HttpServer2$QuotingInputFilter)
2023-01-26 17:38:01,063 [Listener at 127.0.0.1/41041] INFO  http.HttpServer2 (HttpServer2.java:addFilter(1007)) - Added filter static_user_filter (class=org.apache.hadoop.http.lib.StaticUserWebFilter$StaticUserFilter) to context ozoneManager
2023-01-26 17:38:01,063 [Listener at 127.0.0.1/41041] INFO  http.HttpServer2 (HttpServer2.java:addFilter(1015)) - Added filter static_user_filter (class=org.apache.hadoop.http.lib.StaticUserWebFilter$StaticUserFilter) to context static
2023-01-26 17:38:01,063 [Listener at 127.0.0.1/41041] INFO  http.HttpServer2 (HttpServer2.java:addFilter(1015)) - Added filter static_user_filter (class=org.apache.hadoop.http.lib.StaticUserWebFilter$StaticUserFilter) to context logs
2023-01-26 17:38:01,068 [Listener at 127.0.0.1/41041] INFO  http.HttpServer2 (HttpServer2.java:bindListener(1250)) - Jetty bound to port 35735
2023-01-26 17:38:01,068 [Listener at 127.0.0.1/41041] INFO  server.Server (Server.java:doStart(375)) - jetty-9.4.49.v20220914; built: 2022-09-14T01:07:36.601Z; git: 4231a3b2e4cb8548a412a789936d640a97b1aa0a; jvm 1.8.0_352-b08
2023-01-26 17:38:01,070 [Listener at 127.0.0.1/41041] INFO  server.session (DefaultSessionIdManager.java:doStart(334)) - DefaultSessionIdManager workerName=node0
2023-01-26 17:38:01,070 [Listener at 127.0.0.1/41041] INFO  server.session (DefaultSessionIdManager.java:doStart(339)) - No SessionScavenger set, using defaults
2023-01-26 17:38:01,070 [Listener at 127.0.0.1/41041] INFO  server.session (HouseKeeper.java:startScavenging(132)) - node0 Scavenging every 660000ms
2023-01-26 17:38:01,071 [Listener at 127.0.0.1/41041] INFO  handler.ContextHandler (ContextHandler.java:doStart(921)) - Started o.e.j.s.ServletContextHandler@5c73535b{logs,/logs,file:///home/runner/work/ozone/ozone/hadoop-ozone/integration-test/target/log,AVAILABLE}
2023-01-26 17:38:01,071 [Listener at 127.0.0.1/41041] INFO  handler.ContextHandler (ContextHandler.java:doStart(921)) - Started o.e.j.s.ServletContextHandler@403eab3{static,/static,file:///home/runner/work/ozone/ozone/hadoop-ozone/integration-test/target/test-classes/webapps/static,AVAILABLE}
2023-01-26 17:38:01,075 [Listener at 127.0.0.1/41041] INFO  handler.ContextHandler (ContextHandler.java:doStart(921)) - Started o.e.j.w.WebAppContext@4183a26f{ozoneManager,/,file:///home/runner/work/ozone/ozone/hadoop-ozone/integration-test/target/test-classes/webapps/ozoneManager/,AVAILABLE}{file:/home/runner/work/ozone/ozone/hadoop-ozone/integration-test/target/test-classes/webapps/ozoneManager}
2023-01-26 17:38:01,076 [Listener at 127.0.0.1/41041] INFO  server.AbstractConnector (AbstractConnector.java:doStart(333)) - Started ServerConnector@7788921d{HTTP/1.1, (http/1.1)}{0.0.0.0:35735}
2023-01-26 17:38:01,076 [Listener at 127.0.0.1/41041] INFO  server.Server (Server.java:doStart(415)) - Started @7194ms
2023-01-26 17:38:01,076 [Listener at 127.0.0.1/41041] WARN  impl.MetricsSystemImpl (MetricsSystemImpl.java:register(279)) - Sink prometheus already exists!
2023-01-26 17:38:01,077 [Listener at 127.0.0.1/41041] INFO  http.BaseHttpServer (BaseHttpServer.java:updateConnectorAddress(333)) - HTTP server of ozoneManager listening at http://0.0.0.0:35735
2023-01-26 17:38:01,077 [IPC Server listener on 0] INFO  ipc.Server (Server.java:run(1352)) - IPC Server listener on 0: starting
2023-01-26 17:38:01,077 [IPC Server Responder] INFO  ipc.Server (Server.java:run(1512)) - IPC Server Responder: starting
2023-01-26 17:38:01,080 [Listener at 127.0.0.1/41041] INFO  om.OzoneManager (OzoneManager.java:startTrashEmptier(1956)) - Trash Interval set to 0. Files deleted won't move to trash
2023-01-26 17:38:01,093 [org.apache.hadoop.util.JvmPauseMonitor$Monitor@4a57771a] INFO  util.JvmPauseMonitor (JvmPauseMonitor.java:run(188)) - Starting JVM pause monitor
2023-01-26 17:38:01,213 [Listener at 127.0.0.1/41041] WARN  impl.MetricRegistriesImpl (MetricRegistriesImpl.java:addReporterRegistration(111)) - New reporters are added after registries were created. Some metrics will be missing from the reporter. Please add reporter before adding any new registry.
2023-01-26 17:38:01,213 [Listener at 127.0.0.1/41041] WARN  impl.MetricRegistriesImpl (MetricRegistriesImpl.java:addReporterRegistration(111)) - New reporters are added after registries were created. Some metrics will be missing from the reporter. Please add reporter before adding any new registry.
2023-01-26 17:38:01,213 [Listener at 127.0.0.1/41041] INFO  impl.MetricsSystemImpl (MetricsSystemImpl.java:init(158)) - HddsDatanode metrics system started (again)
2023-01-26 17:38:01,229 [Listener at 127.0.0.1/41041] INFO  ozone.HddsDatanodeService (HddsDatanodeService.java:start(228)) - HddsDatanodeService host:fv-az77-38 ip:10.1.0.73
2023-01-26 17:38:01,256 [Listener at 127.0.0.1/41041] INFO  upgrade.AbstractLayoutVersionManager (AbstractLayoutVersionManager.java:init(83)) - Initializing Layout version manager with metadata layout = DATANODE_SCHEMA_V3 (version = 4), software layout = DATANODE_SCHEMA_V3 (version = 4)
2023-01-26 17:38:01,305 [Listener at 127.0.0.1/41041] INFO  reflections.Reflections (Reflections.java:scan(232)) - Reflections took 47 ms to scan 7 urls, producing 150 keys and 359 values 
2023-01-26 17:38:01,308 [Listener at 127.0.0.1/41041] INFO  statemachine.DatanodeStateMachine (DatanodeStateMachine.java:getEndPointTaskThreadPoolSize(259)) - Datanode State Machine Task Thread Pool size 2
2023-01-26 17:38:01,358 [Listener at 127.0.0.1/41041] INFO  volume.HddsVolume (HddsVolume.java:<init>(117)) - Creating HddsVolume: /home/runner/work/ozone/ozone/hadoop-ozone/integration-test/target/test-dir/MiniOzoneClusterImpl-49a32a1f-b929-42a3-86b3-c5b719d90673/datanode-0/data-0/containers/hdds of storage type : DISK capacity : 9223372036854775807
2023-01-26 17:38:01,360 [Listener at 127.0.0.1/41041] INFO  volume.MutableVolumeSet (MutableVolumeSet.java:initializeVolumeSet(174)) - Added Volume : /home/runner/work/ozone/ozone/hadoop-ozone/integration-test/target/test-dir/MiniOzoneClusterImpl-49a32a1f-b929-42a3-86b3-c5b719d90673/datanode-0/data-0/containers/hdds to VolumeSet
2023-01-26 17:38:01,361 [Listener at 127.0.0.1/41041] INFO  volume.ThrottledAsyncChecker (ThrottledAsyncChecker.java:schedule(141)) - Scheduling a check for /home/runner/work/ozone/ozone/hadoop-ozone/integration-test/target/test-dir/MiniOzoneClusterImpl-49a32a1f-b929-42a3-86b3-c5b719d90673/datanode-0/data-0/containers/hdds
2023-01-26 17:38:01,379 [Listener at 127.0.0.1/41041] INFO  volume.StorageVolumeChecker (StorageVolumeChecker.java:checkAllVolumes(202)) - Scheduled health check for volume /home/runner/work/ozone/ozone/hadoop-ozone/integration-test/target/test-dir/MiniOzoneClusterImpl-49a32a1f-b929-42a3-86b3-c5b719d90673/datanode-0/data-0/containers/hdds
2023-01-26 17:38:01,395 [Listener at 127.0.0.1/41041] INFO  volume.MutableVolumeSet (MutableVolumeSet.java:initializeVolumeSet(174)) - Added Volume : /home/runner/work/ozone/ozone/hadoop-ozone/integration-test/target/test-dir/MiniOzoneClusterImpl-49a32a1f-b929-42a3-86b3-c5b719d90673/datanode-0/data/ratis to VolumeSet
2023-01-26 17:38:01,396 [Listener at 127.0.0.1/41041] INFO  volume.ThrottledAsyncChecker (ThrottledAsyncChecker.java:schedule(141)) - Scheduling a check for /home/runner/work/ozone/ozone/hadoop-ozone/integration-test/target/test-dir/MiniOzoneClusterImpl-49a32a1f-b929-42a3-86b3-c5b719d90673/datanode-0/data/ratis
2023-01-26 17:38:01,396 [Listener at 127.0.0.1/41041] INFO  volume.StorageVolumeChecker (StorageVolumeChecker.java:checkAllVolumes(202)) - Scheduled health check for volume /home/runner/work/ozone/ozone/hadoop-ozone/integration-test/target/test-dir/MiniOzoneClusterImpl-49a32a1f-b929-42a3-86b3-c5b719d90673/datanode-0/data/ratis
2023-01-26 17:38:01,417 [Thread-136] INFO  ozoneimpl.ContainerReader (ContainerReader.java:readVolume(175)) - Finish verifying containers on volume /home/runner/work/ozone/ozone/hadoop-ozone/integration-test/target/test-dir/MiniOzoneClusterImpl-49a32a1f-b929-42a3-86b3-c5b719d90673/datanode-0/data-0/containers/hdds
2023-01-26 17:38:01,417 [Listener at 127.0.0.1/41041] INFO  ozoneimpl.OzoneContainer (OzoneContainer.java:buildContainerSet(305)) - Build ContainerSet costs 0s
2023-01-26 17:38:01,461 [Listener at 127.0.0.1/41041] INFO  audit.AuditLogger (AuditLogger.java:refreshDebugCmdSet(126)) - Refresh DebugCmdSet for DNAudit to [].
2023-01-26 17:38:01,488 [Listener at 127.0.0.1/41041] INFO  server.RaftServer (ConfUtils.java:logGet(46)) - raft.rpc.type = GRPC (default)
2023-01-26 17:38:01,490 [Listener at 127.0.0.1/41041] INFO  grpc.GrpcConfigKeys (ConfUtils.java:logFallback(53)) - raft.grpc.admin.host = null (fallback to raft.grpc.server.host)
2023-01-26 17:38:01,490 [Listener at 127.0.0.1/41041] INFO  grpc.GrpcConfigKeys (ConfUtils.java:logGet(46)) - raft.grpc.admin.port = 0 (custom)
2023-01-26 17:38:01,490 [Listener at 127.0.0.1/41041] INFO  grpc.GrpcConfigKeys (ConfUtils.java:logFallback(53)) - raft.grpc.client.host = null (fallback to raft.grpc.server.host)
2023-01-26 17:38:01,493 [Listener at 127.0.0.1/41041] INFO  grpc.GrpcConfigKeys (ConfUtils.java:logGet(46)) - raft.grpc.client.port = 0 (custom)
2023-01-26 17:38:01,497 [Listener at 127.0.0.1/41041] INFO  grpc.GrpcConfigKeys (ConfUtils.java:logGet(46)) - raft.grpc.server.host = null (default)
2023-01-26 17:38:01,498 [Listener at 127.0.0.1/41041] INFO  grpc.GrpcConfigKeys (ConfUtils.java:logGet(46)) - raft.grpc.server.port = 0 (default)
2023-01-26 17:38:01,498 [Listener at 127.0.0.1/41041] INFO  server.GrpcService (ConfUtils.java:logGet(46)) - raft.grpc.message.size.max = 32MB (=33554432) (custom)
2023-01-26 17:38:01,498 [Listener at 127.0.0.1/41041] INFO  server.RaftServerConfigKeys (ConfUtils.java:logGet(46)) - raft.server.log.appender.buffer.byte-limit = 33554432 (custom)
2023-01-26 17:38:01,498 [Listener at 127.0.0.1/41041] INFO  server.GrpcService (ConfUtils.java:logGet(46)) - raft.grpc.flow.control.window = 5MB (=5242880) (custom)
2023-01-26 17:38:01,498 [Listener at 127.0.0.1/41041] INFO  server.RaftServerConfigKeys (ConfUtils.java:logGet(46)) - raft.server.rpc.request.timeout = 60s (custom)
2023-01-26 17:38:01,499 [Listener at 127.0.0.1/41041] INFO  grpc.GrpcConfigKeys (ConfUtils.java:logGet(46)) - raft.grpc.server.heartbeat.channel = true (default)
2023-01-26 17:38:01,499 [Listener at 127.0.0.1/41041] INFO  grpc.GrpcConfigKeys (ConfUtils.java:logGet(46)) - raft.grpc.server.async.request.thread.pool.cached = true (default)
2023-01-26 17:38:01,499 [Listener at 127.0.0.1/41041] INFO  grpc.GrpcConfigKeys (ConfUtils.java:logGet(46)) - raft.grpc.server.async.request.thread.pool.size = 32 (default)
2023-01-26 17:38:01,501 [Listener at 127.0.0.1/41041] INFO  impl.DataStreamServerImpl (ConfUtils.java:logGet(46)) - raft.datastream.type = NETTY (custom)
2023-01-26 17:38:01,501 [Listener at 127.0.0.1/41041] INFO  server.RaftServerConfigKeys (ConfUtils.java:logGet(46)) - raft.server.data-stream.async.request.thread.pool.cached = false (default)
2023-01-26 17:38:01,501 [Listener at 127.0.0.1/41041] INFO  server.RaftServerConfigKeys (ConfUtils.java:logGet(46)) - raft.server.data-stream.async.request.thread.pool.size = 20 (custom)
2023-01-26 17:38:01,501 [Listener at 127.0.0.1/41041] INFO  server.RaftServerConfigKeys (ConfUtils.java:logGet(46)) - raft.server.data-stream.async.write.thread.pool.size = 16 (default)
2023-01-26 17:38:01,502 [Listener at 127.0.0.1/41041] INFO  server.RaftServerConfigKeys (ConfUtils.java:logGet(46)) - raft.server.data-stream.client.pool.size = 10 (default)
2023-01-26 17:38:01,502 [Listener at 127.0.0.1/41041] INFO  netty.NettyConfigKeys$DataStream (ConfUtils.java:logGet(46)) - raft.netty.dataStream.server.use-epoll = false (default)
2023-01-26 17:38:01,502 [Listener at 127.0.0.1/41041] INFO  netty.NettyConfigKeys$DataStream (ConfUtils.java:logGet(46)) - raft.netty.dataStream.server.boss-group.size = 0 (default)
2023-01-26 17:38:01,502 [Listener at 127.0.0.1/41041] INFO  netty.NettyConfigKeys$DataStream (ConfUtils.java:logGet(46)) - raft.netty.dataStream.server.worker-group.size = 0 (default)
2023-01-26 17:38:01,517 [Listener at 127.0.0.1/41041] INFO  netty.NettyConfigKeys$DataStream (ConfUtils.java:logGet(46)) - raft.netty.dataStream.server.tls.conf = null (default)
2023-01-26 17:38:01,517 [Listener at 127.0.0.1/41041] INFO  netty.NettyConfigKeys$DataStream (ConfUtils.java:logGet(46)) - raft.netty.dataStream.host = null (default)
2023-01-26 17:38:01,517 [Listener at 127.0.0.1/41041] INFO  netty.NettyConfigKeys$DataStream (ConfUtils.java:logGet(46)) - raft.netty.dataStream.port = 0 (default)
2023-01-26 17:38:01,517 [Listener at 127.0.0.1/41041] INFO  server.RaftServerConfigKeys (ConfUtils.java:logGet(46)) - raft.server.threadpool.proxy.cached = true (default)
2023-01-26 17:38:01,517 [Listener at 127.0.0.1/41041] INFO  server.RaftServerConfigKeys (ConfUtils.java:logGet(46)) - raft.server.threadpool.proxy.size = 0 (default)
2023-01-26 17:38:01,518 [Listener at 127.0.0.1/41041] INFO  server.RaftServerConfigKeys (ConfUtils.java:logGet(46)) - raft.server.rpc.slowness.timeout = 300s (custom)
2023-01-26 17:38:01,518 [Listener at 127.0.0.1/41041] INFO  server.RaftServerConfigKeys (ConfUtils.java:logGet(46)) - raft.server.leaderelection.leader.step-down.wait-time = 10s (default)
2023-01-26 17:38:01,518 [Listener at 127.0.0.1/41041] INFO  server.RaftServerConfigKeys (ConfUtils.java:logGet(46)) - raft.server.storage.dir = [/home/runner/work/ozone/ozone/hadoop-ozone/integration-test/target/test-dir/MiniOzoneClusterImpl-49a32a1f-b929-42a3-86b3-c5b719d90673/datanode-0/data/ratis] (custom)
2023-01-26 17:38:01,524 [c453178f-2ef0-4247-9a2d-ffe23fd9d996-NettyServerStreamRpc-bossGroup--thread1] INFO  logging.LoggingHandler (AbstractInternalLogger.java:log(148)) - [id: 0xde898b98] REGISTERED
2023-01-26 17:38:01,524 [c453178f-2ef0-4247-9a2d-ffe23fd9d996-NettyServerStreamRpc-bossGroup--thread1] INFO  logging.LoggingHandler (AbstractInternalLogger.java:log(148)) - [id: 0xde898b98] BIND: 0.0.0.0/0.0.0.0:0
2023-01-26 17:38:01,525 [c453178f-2ef0-4247-9a2d-ffe23fd9d996-NettyServerStreamRpc-bossGroup--thread1] INFO  logging.LoggingHandler (AbstractInternalLogger.java:log(148)) - [id: 0xde898b98, L:/0:0:0:0:0:0:0:0:44519] ACTIVE
2023-01-26 17:38:01,551 [Listener at 127.0.0.1/41041] INFO  server.XceiverServerGrpc (XceiverServerGrpc.java:<init>(132)) - GrpcServer channel type EpollServerSocketChannel
2023-01-26 17:38:01,622 [Listener at 127.0.0.1/41041] INFO  http.BaseHttpServer (BaseHttpServer.java:newHttpServer2BuilderForOzone(213)) - Starting Web-server for hddsDatanode at: http://0.0.0.0:0
2023-01-26 17:38:01,623 [Listener at 127.0.0.1/41041] INFO  http.BaseHttpServer (BaseHttpServer.java:<init>(108)) - Hadoop Security Enabled: false Ozone Security Enabled: false Ozone HTTP Security Enabled: false 
2023-01-26 17:38:01,624 [Listener at 127.0.0.1/41041] WARN  server.AuthenticationFilter (AuthenticationFilter.java:constructSecretProvider(240)) - Unable to initialize FileSignerSecretProvider, falling back to use random secrets. Reason: Could not read signature secret file: /home/runner/hadoop-http-auth-signature-secret
2023-01-26 17:38:01,625 [Listener at 127.0.0.1/41041] WARN  http.HttpRequestLog (HttpRequestLog.java:getRequestLog(103)) - Jetty request log can only be enabled using Log4j
2023-01-26 17:38:01,626 [Listener at 127.0.0.1/41041] INFO  http.HttpServer2 (HttpServer2.java:addGlobalFilter(1031)) - Added global filter 'safety' (class=org.apache.hadoop.hdds.server.http.HttpServer2$QuotingInputFilter)
2023-01-26 17:38:01,627 [Listener at 127.0.0.1/41041] INFO  http.HttpServer2 (HttpServer2.java:addFilter(1007)) - Added filter static_user_filter (class=org.apache.hadoop.http.lib.StaticUserWebFilter$StaticUserFilter) to context hddsDatanode
2023-01-26 17:38:01,627 [Listener at 127.0.0.1/41041] INFO  http.HttpServer2 (HttpServer2.java:addFilter(1015)) - Added filter static_user_filter (class=org.apache.hadoop.http.lib.StaticUserWebFilter$StaticUserFilter) to context static
2023-01-26 17:38:01,627 [Listener at 127.0.0.1/41041] INFO  http.HttpServer2 (HttpServer2.java:addFilter(1015)) - Added filter static_user_filter (class=org.apache.hadoop.http.lib.StaticUserWebFilter$StaticUserFilter) to context logs
2023-01-26 17:38:01,629 [Listener at 127.0.0.1/41041] INFO  http.HttpServer2 (HttpServer2.java:bindListener(1250)) - Jetty bound to port 34429
2023-01-26 17:38:01,629 [Listener at 127.0.0.1/41041] INFO  server.Server (Server.java:doStart(375)) - jetty-9.4.49.v20220914; built: 2022-09-14T01:07:36.601Z; git: 4231a3b2e4cb8548a412a789936d640a97b1aa0a; jvm 1.8.0_352-b08
2023-01-26 17:38:01,634 [Listener at 127.0.0.1/41041] INFO  server.session (DefaultSessionIdManager.java:doStart(334)) - DefaultSessionIdManager workerName=node0
2023-01-26 17:38:01,634 [Listener at 127.0.0.1/41041] INFO  server.session (DefaultSessionIdManager.java:doStart(339)) - No SessionScavenger set, using defaults
2023-01-26 17:38:01,634 [Listener at 127.0.0.1/41041] INFO  server.session (HouseKeeper.java:startScavenging(132)) - node0 Scavenging every 660000ms
2023-01-26 17:38:01,635 [Listener at 127.0.0.1/41041] INFO  handler.ContextHandler (ContextHandler.java:doStart(921)) - Started o.e.j.s.ServletContextHandler@79c0306c{logs,/logs,file:///home/runner/work/ozone/ozone/hadoop-ozone/integration-test/target/log,AVAILABLE}
2023-01-26 17:38:01,636 [Listener at 127.0.0.1/41041] INFO  handler.ContextHandler (ContextHandler.java:doStart(921)) - Started o.e.j.s.ServletContextHandler@5fb03284{static,/static,jar:file:/home/runner/.m2/repository/org/apache/ozone/hdds-container-service/1.4.0-SNAPSHOT/hdds-container-service-1.4.0-SNAPSHOT.jar!/webapps/static,AVAILABLE}
2023-01-26 17:38:01,838 [Listener at 127.0.0.1/41041] INFO  handler.ContextHandler (ContextHandler.java:doStart(921)) - Started o.e.j.w.WebAppContext@61e8e00b{hddsDatanode,/,file:///tmp/jetty-0_0_0_0-34429-hdds-container-service-1_4_0-SNAPSHOT_jar-_-any-8374207701501319264/webapp/,AVAILABLE}{jar:file:/home/runner/.m2/repository/org/apache/ozone/hdds-container-service/1.4.0-SNAPSHOT/hdds-container-service-1.4.0-SNAPSHOT.jar!/webapps/hddsDatanode}
2023-01-26 17:38:01,839 [Listener at 127.0.0.1/41041] INFO  server.AbstractConnector (AbstractConnector.java:doStart(333)) - Started ServerConnector@6d7b4edf{HTTP/1.1, (http/1.1)}{0.0.0.0:34429}
2023-01-26 17:38:01,840 [Listener at 127.0.0.1/41041] INFO  server.Server (Server.java:doStart(415)) - Started @7957ms
2023-01-26 17:38:01,840 [Listener at 127.0.0.1/41041] WARN  impl.MetricsSystemImpl (MetricsSystemImpl.java:register(279)) - Sink prometheus already exists!
2023-01-26 17:38:01,841 [Listener at 127.0.0.1/41041] INFO  http.BaseHttpServer (BaseHttpServer.java:updateConnectorAddress(333)) - HTTP server of hddsDatanode listening at http://0.0.0.0:34429
2023-01-26 17:38:01,842 [Listener at 127.0.0.1/41041] WARN  impl.MetricRegistriesImpl (MetricRegistriesImpl.java:addReporterRegistration(111)) - New reporters are added after registries were created. Some metrics will be missing from the reporter. Please add reporter before adding any new registry.
2023-01-26 17:38:01,843 [Listener at 127.0.0.1/41041] WARN  impl.MetricRegistriesImpl (MetricRegistriesImpl.java:addReporterRegistration(111)) - New reporters are added after registries were created. Some metrics will be missing from the reporter. Please add reporter before adding any new registry.
2023-01-26 17:38:01,843 [Listener at 127.0.0.1/41041] INFO  impl.MetricsSystemImpl (MetricsSystemImpl.java:init(158)) - HddsDatanode metrics system started (again)
2023-01-26 17:38:01,849 [Datanode State Machine Daemon Thread] INFO  statemachine.DatanodeStateMachine (DatanodeStateMachine.java:lambda$startDaemon$0(519)) - Ozone container server started.
2023-01-26 17:38:01,860 [Listener at 127.0.0.1/41041] INFO  ozone.HddsDatanodeService (HddsDatanodeService.java:start(228)) - HddsDatanodeService host:fv-az77-38 ip:10.1.0.73
2023-01-26 17:38:01,870 [org.apache.hadoop.util.JvmPauseMonitor$Monitor@621b9384] INFO  util.JvmPauseMonitor (JvmPauseMonitor.java:run(188)) - Starting JVM pause monitor
2023-01-26 17:38:01,891 [Listener at 127.0.0.1/41041] INFO  upgrade.AbstractLayoutVersionManager (AbstractLayoutVersionManager.java:init(83)) - Initializing Layout version manager with metadata layout = DATANODE_SCHEMA_V3 (version = 4), software layout = DATANODE_SCHEMA_V3 (version = 4)
2023-01-26 17:38:01,979 [Listener at 127.0.0.1/41041] INFO  reflections.Reflections (Reflections.java:scan(232)) - Reflections took 86 ms to scan 7 urls, producing 150 keys and 359 values 
2023-01-26 17:38:01,983 [Listener at 127.0.0.1/41041] INFO  statemachine.DatanodeStateMachine (DatanodeStateMachine.java:getEndPointTaskThreadPoolSize(259)) - Datanode State Machine Task Thread Pool size 2
2023-01-26 17:38:01,988 [Listener at 127.0.0.1/41041] INFO  volume.HddsVolume (HddsVolume.java:<init>(117)) - Creating HddsVolume: /home/runner/work/ozone/ozone/hadoop-ozone/integration-test/target/test-dir/MiniOzoneClusterImpl-49a32a1f-b929-42a3-86b3-c5b719d90673/datanode-1/data-0/containers/hdds of storage type : DISK capacity : 9223372036854775807
2023-01-26 17:38:01,988 [Listener at 127.0.0.1/41041] INFO  volume.MutableVolumeSet (MutableVolumeSet.java:initializeVolumeSet(174)) - Added Volume : /home/runner/work/ozone/ozone/hadoop-ozone/integration-test/target/test-dir/MiniOzoneClusterImpl-49a32a1f-b929-42a3-86b3-c5b719d90673/datanode-1/data-0/containers/hdds to VolumeSet
2023-01-26 17:38:01,989 [Listener at 127.0.0.1/41041] INFO  volume.ThrottledAsyncChecker (ThrottledAsyncChecker.java:schedule(141)) - Scheduling a check for /home/runner/work/ozone/ozone/hadoop-ozone/integration-test/target/test-dir/MiniOzoneClusterImpl-49a32a1f-b929-42a3-86b3-c5b719d90673/datanode-1/data-0/containers/hdds
2023-01-26 17:38:01,998 [Listener at 127.0.0.1/41041] INFO  volume.StorageVolumeChecker (StorageVolumeChecker.java:checkAllVolumes(202)) - Scheduled health check for volume /home/runner/work/ozone/ozone/hadoop-ozone/integration-test/target/test-dir/MiniOzoneClusterImpl-49a32a1f-b929-42a3-86b3-c5b719d90673/datanode-1/data-0/containers/hdds
2023-01-26 17:38:02,036 [Listener at 127.0.0.1/41041] INFO  volume.MutableVolumeSet (MutableVolumeSet.java:initializeVolumeSet(174)) - Added Volume : /home/runner/work/ozone/ozone/hadoop-ozone/integration-test/target/test-dir/MiniOzoneClusterImpl-49a32a1f-b929-42a3-86b3-c5b719d90673/datanode-1/data/ratis to VolumeSet
2023-01-26 17:38:02,037 [Listener at 127.0.0.1/41041] INFO  volume.ThrottledAsyncChecker (ThrottledAsyncChecker.java:schedule(141)) - Scheduling a check for /home/runner/work/ozone/ozone/hadoop-ozone/integration-test/target/test-dir/MiniOzoneClusterImpl-49a32a1f-b929-42a3-86b3-c5b719d90673/datanode-1/data/ratis
2023-01-26 17:38:02,043 [Listener at 127.0.0.1/41041] INFO  volume.StorageVolumeChecker (StorageVolumeChecker.java:checkAllVolumes(202)) - Scheduled health check for volume /home/runner/work/ozone/ozone/hadoop-ozone/integration-test/target/test-dir/MiniOzoneClusterImpl-49a32a1f-b929-42a3-86b3-c5b719d90673/datanode-1/data/ratis
2023-01-26 17:38:02,087 [Thread-150] INFO  ozoneimpl.ContainerReader (ContainerReader.java:readVolume(175)) - Finish verifying containers on volume /home/runner/work/ozone/ozone/hadoop-ozone/integration-test/target/test-dir/MiniOzoneClusterImpl-49a32a1f-b929-42a3-86b3-c5b719d90673/datanode-1/data-0/containers/hdds
2023-01-26 17:38:02,088 [Listener at 127.0.0.1/41041] INFO  ozoneimpl.OzoneContainer (OzoneContainer.java:buildContainerSet(305)) - Build ContainerSet costs 0s
2023-01-26 17:38:02,089 [om1@group-C5BA1605619E-FollowerState] INFO  impl.FollowerState (FollowerState.java:run(143)) - om1@group-C5BA1605619E-FollowerState: change to CANDIDATE, lastRpcElapsedTime:1080978536ns, electionTimeout:1071ms
2023-01-26 17:38:02,090 [om1@group-C5BA1605619E-FollowerState] INFO  impl.RoleInfo (RoleInfo.java:shutdownFollowerState(110)) - om1: shutdown om1@group-C5BA1605619E-FollowerState
2023-01-26 17:38:02,094 [om1@group-C5BA1605619E-FollowerState] INFO  server.RaftServer$Division (RaftServerImpl.java:setRole(321)) - om1@group-C5BA1605619E: changes role from  FOLLOWER to CANDIDATE at term 0 for changeToCandidate
2023-01-26 17:38:02,095 [Listener at 127.0.0.1/41041] INFO  server.RaftServer (ConfUtils.java:logGet(46)) - raft.rpc.type = GRPC (default)
2023-01-26 17:38:02,095 [Listener at 127.0.0.1/41041] INFO  grpc.GrpcConfigKeys (ConfUtils.java:logFallback(53)) - raft.grpc.admin.host = null (fallback to raft.grpc.server.host)
2023-01-26 17:38:02,095 [Listener at 127.0.0.1/41041] INFO  grpc.GrpcConfigKeys (ConfUtils.java:logGet(46)) - raft.grpc.admin.port = 0 (custom)
2023-01-26 17:38:02,096 [Listener at 127.0.0.1/41041] INFO  grpc.GrpcConfigKeys (ConfUtils.java:logFallback(53)) - raft.grpc.client.host = null (fallback to raft.grpc.server.host)
2023-01-26 17:38:02,096 [Listener at 127.0.0.1/41041] INFO  grpc.GrpcConfigKeys (ConfUtils.java:logGet(46)) - raft.grpc.client.port = 0 (custom)
2023-01-26 17:38:02,096 [Listener at 127.0.0.1/41041] INFO  grpc.GrpcConfigKeys (ConfUtils.java:logGet(46)) - raft.grpc.server.host = null (default)
2023-01-26 17:38:02,096 [Listener at 127.0.0.1/41041] INFO  grpc.GrpcConfigKeys (ConfUtils.java:logGet(46)) - raft.grpc.server.port = 0 (default)
2023-01-26 17:38:02,097 [Listener at 127.0.0.1/41041] INFO  server.GrpcService (ConfUtils.java:logGet(46)) - raft.grpc.message.size.max = 32MB (=33554432) (custom)
2023-01-26 17:38:02,097 [Listener at 127.0.0.1/41041] INFO  server.RaftServerConfigKeys (ConfUtils.java:logGet(46)) - raft.server.log.appender.buffer.byte-limit = 33554432 (custom)
2023-01-26 17:38:02,097 [Listener at 127.0.0.1/41041] INFO  server.GrpcService (ConfUtils.java:logGet(46)) - raft.grpc.flow.control.window = 5MB (=5242880) (custom)
2023-01-26 17:38:02,097 [Listener at 127.0.0.1/41041] INFO  server.RaftServerConfigKeys (ConfUtils.java:logGet(46)) - raft.server.rpc.request.timeout = 60s (custom)
2023-01-26 17:38:02,097 [Listener at 127.0.0.1/41041] INFO  grpc.GrpcConfigKeys (ConfUtils.java:logGet(46)) - raft.grpc.server.heartbeat.channel = true (default)
2023-01-26 17:38:02,097 [Listener at 127.0.0.1/41041] INFO  grpc.GrpcConfigKeys (ConfUtils.java:logGet(46)) - raft.grpc.server.async.request.thread.pool.cached = true (default)
2023-01-26 17:38:02,098 [Listener at 127.0.0.1/41041] INFO  grpc.GrpcConfigKeys (ConfUtils.java:logGet(46)) - raft.grpc.server.async.request.thread.pool.size = 32 (default)
2023-01-26 17:38:02,099 [om1@group-C5BA1605619E-FollowerState] INFO  server.RaftServerConfigKeys (ConfUtils.java:logGet(46)) - raft.server.leaderelection.pre-vote = false (custom)
2023-01-26 17:38:02,099 [om1@group-C5BA1605619E-FollowerState] INFO  impl.RoleInfo (RoleInfo.java:updateAndGet(139)) - om1: start om1@group-C5BA1605619E-LeaderElection1
2023-01-26 17:38:02,100 [Listener at 127.0.0.1/41041] INFO  impl.DataStreamServerImpl (ConfUtils.java:logGet(46)) - raft.datastream.type = NETTY (custom)
2023-01-26 17:38:02,101 [Listener at 127.0.0.1/41041] INFO  server.RaftServerConfigKeys (ConfUtils.java:logGet(46)) - raft.server.data-stream.async.request.thread.pool.cached = false (default)
2023-01-26 17:38:02,101 [Listener at 127.0.0.1/41041] INFO  server.RaftServerConfigKeys (ConfUtils.java:logGet(46)) - raft.server.data-stream.async.request.thread.pool.size = 20 (custom)
2023-01-26 17:38:02,101 [Listener at 127.0.0.1/41041] INFO  server.RaftServerConfigKeys (ConfUtils.java:logGet(46)) - raft.server.data-stream.async.write.thread.pool.size = 16 (default)
2023-01-26 17:38:02,101 [Listener at 127.0.0.1/41041] INFO  server.RaftServerConfigKeys (ConfUtils.java:logGet(46)) - raft.server.data-stream.client.pool.size = 10 (default)
2023-01-26 17:38:02,101 [Listener at 127.0.0.1/41041] INFO  netty.NettyConfigKeys$DataStream (ConfUtils.java:logGet(46)) - raft.netty.dataStream.server.use-epoll = false (default)
2023-01-26 17:38:02,103 [Listener at 127.0.0.1/41041] INFO  netty.NettyConfigKeys$DataStream (ConfUtils.java:logGet(46)) - raft.netty.dataStream.server.boss-group.size = 0 (default)
2023-01-26 17:38:02,103 [Listener at 127.0.0.1/41041] INFO  netty.NettyConfigKeys$DataStream (ConfUtils.java:logGet(46)) - raft.netty.dataStream.server.worker-group.size = 0 (default)
2023-01-26 17:38:02,103 [Listener at 127.0.0.1/41041] INFO  netty.NettyConfigKeys$DataStream (ConfUtils.java:logGet(46)) - raft.netty.dataStream.server.tls.conf = null (default)
2023-01-26 17:38:02,104 [Listener at 127.0.0.1/41041] INFO  netty.NettyConfigKeys$DataStream (ConfUtils.java:logGet(46)) - raft.netty.dataStream.host = null (default)
2023-01-26 17:38:02,104 [Listener at 127.0.0.1/41041] INFO  netty.NettyConfigKeys$DataStream (ConfUtils.java:logGet(46)) - raft.netty.dataStream.port = 0 (default)
2023-01-26 17:38:02,106 [Listener at 127.0.0.1/41041] INFO  server.RaftServerConfigKeys (ConfUtils.java:logGet(46)) - raft.server.threadpool.proxy.cached = true (default)
2023-01-26 17:38:02,106 [Listener at 127.0.0.1/41041] INFO  server.RaftServerConfigKeys (ConfUtils.java:logGet(46)) - raft.server.threadpool.proxy.size = 0 (default)
2023-01-26 17:38:02,107 [Listener at 127.0.0.1/41041] INFO  server.RaftServerConfigKeys (ConfUtils.java:logGet(46)) - raft.server.rpc.slowness.timeout = 300s (custom)
2023-01-26 17:38:02,108 [Listener at 127.0.0.1/41041] INFO  server.RaftServerConfigKeys (ConfUtils.java:logGet(46)) - raft.server.leaderelection.leader.step-down.wait-time = 10s (default)
2023-01-26 17:38:02,108 [Listener at 127.0.0.1/41041] INFO  server.RaftServerConfigKeys (ConfUtils.java:logGet(46)) - raft.server.storage.dir = [/home/runner/work/ozone/ozone/hadoop-ozone/integration-test/target/test-dir/MiniOzoneClusterImpl-49a32a1f-b929-42a3-86b3-c5b719d90673/datanode-1/data/ratis] (custom)
2023-01-26 17:38:02,116 [Datanode State Machine Task Thread - 0] INFO  datanode.InitDatanodeState (InitDatanodeState.java:persistContainerDatanodeDetails(138)) - DatanodeDetails is persisted to /home/runner/work/ozone/ozone/hadoop-ozone/integration-test/target/test-dir/MiniOzoneClusterImpl-49a32a1f-b929-42a3-86b3-c5b719d90673/datanode-0/meta/datanode.id
2023-01-26 17:38:02,121 [6567ec37-669a-4dc4-a62b-70dc5f228e8b-NettyServerStreamRpc-bossGroup--thread1] INFO  logging.LoggingHandler (AbstractInternalLogger.java:log(148)) - [id: 0x0dcdf7eb] REGISTERED
2023-01-26 17:38:02,121 [6567ec37-669a-4dc4-a62b-70dc5f228e8b-NettyServerStreamRpc-bossGroup--thread1] INFO  logging.LoggingHandler (AbstractInternalLogger.java:log(148)) - [id: 0x0dcdf7eb] BIND: 0.0.0.0/0.0.0.0:0
2023-01-26 17:38:02,122 [6567ec37-669a-4dc4-a62b-70dc5f228e8b-NettyServerStreamRpc-bossGroup--thread1] INFO  logging.LoggingHandler (AbstractInternalLogger.java:log(148)) - [id: 0x0dcdf7eb, L:/0:0:0:0:0:0:0:0:40235] ACTIVE
2023-01-26 17:38:02,123 [om1@group-C5BA1605619E-LeaderElection1] INFO  impl.LeaderElection (LeaderElection.java:askForVotes(312)) - om1@group-C5BA1605619E-LeaderElection1 ELECTION round 0: submit vote requests at term 1 for -1: peers:[om1|rpc:localhost:9872|priority:0|startupRole:FOLLOWER]|listeners:[], old=null
2023-01-26 17:38:02,124 [Listener at 127.0.0.1/41041] INFO  server.XceiverServerGrpc (XceiverServerGrpc.java:<init>(132)) - GrpcServer channel type EpollServerSocketChannel
2023-01-26 17:38:02,126 [om1@group-C5BA1605619E-LeaderElection1] INFO  impl.LeaderElection (LeaderElection.java:askForVotes(314)) - om1@group-C5BA1605619E-LeaderElection1 ELECTION round 0: result PASSED (term=1)
2023-01-26 17:38:02,127 [om1@group-C5BA1605619E-LeaderElection1] INFO  impl.RoleInfo (RoleInfo.java:shutdownLeaderElection(130)) - om1: shutdown om1@group-C5BA1605619E-LeaderElection1
2023-01-26 17:38:02,127 [om1@group-C5BA1605619E-LeaderElection1] INFO  server.RaftServer$Division (RaftServerImpl.java:setRole(321)) - om1@group-C5BA1605619E: changes role from CANDIDATE to LEADER at term 1 for changeToLeader
2023-01-26 17:38:02,127 [om1@group-C5BA1605619E-LeaderElection1] INFO  server.RaftServer$Division (ServerState.java:setLeader(313)) - om1@group-C5BA1605619E: change Leader from null to om1 at term 1 for becomeLeader, leader elected after 2145ms
2023-01-26 17:38:02,133 [Listener at 127.0.0.1/41041] INFO  http.BaseHttpServer (BaseHttpServer.java:newHttpServer2BuilderForOzone(213)) - Starting Web-server for hddsDatanode at: http://0.0.0.0:0
2023-01-26 17:38:02,133 [Listener at 127.0.0.1/41041] INFO  http.BaseHttpServer (BaseHttpServer.java:<init>(108)) - Hadoop Security Enabled: false Ozone Security Enabled: false Ozone HTTP Security Enabled: false 
2023-01-26 17:38:02,135 [Listener at 127.0.0.1/41041] WARN  server.AuthenticationFilter (AuthenticationFilter.java:constructSecretProvider(240)) - Unable to initialize FileSignerSecretProvider, falling back to use random secrets. Reason: Could not read signature secret file: /home/runner/hadoop-http-auth-signature-secret
2023-01-26 17:38:02,135 [Listener at 127.0.0.1/41041] WARN  http.HttpRequestLog (HttpRequestLog.java:getRequestLog(103)) - Jetty request log can only be enabled using Log4j
2023-01-26 17:38:02,139 [Listener at 127.0.0.1/41041] INFO  http.HttpServer2 (HttpServer2.java:addGlobalFilter(1031)) - Added global filter 'safety' (class=org.apache.hadoop.hdds.server.http.HttpServer2$QuotingInputFilter)
2023-01-26 17:38:02,140 [Listener at 127.0.0.1/41041] INFO  http.HttpServer2 (HttpServer2.java:addFilter(1007)) - Added filter static_user_filter (class=org.apache.hadoop.http.lib.StaticUserWebFilter$StaticUserFilter) to context hddsDatanode
2023-01-26 17:38:02,140 [Listener at 127.0.0.1/41041] INFO  http.HttpServer2 (HttpServer2.java:addFilter(1015)) - Added filter static_user_filter (class=org.apache.hadoop.http.lib.StaticUserWebFilter$StaticUserFilter) to context static
2023-01-26 17:38:02,140 [Listener at 127.0.0.1/41041] INFO  http.HttpServer2 (HttpServer2.java:addFilter(1015)) - Added filter static_user_filter (class=org.apache.hadoop.http.lib.StaticUserWebFilter$StaticUserFilter) to context logs
2023-01-26 17:38:02,142 [Listener at 127.0.0.1/41041] INFO  http.HttpServer2 (HttpServer2.java:bindListener(1250)) - Jetty bound to port 37373
2023-01-26 17:38:02,142 [Listener at 127.0.0.1/41041] INFO  server.Server (Server.java:doStart(375)) - jetty-9.4.49.v20220914; built: 2022-09-14T01:07:36.601Z; git: 4231a3b2e4cb8548a412a789936d640a97b1aa0a; jvm 1.8.0_352-b08
2023-01-26 17:38:02,144 [Listener at 127.0.0.1/41041] INFO  server.session (DefaultSessionIdManager.java:doStart(334)) - DefaultSessionIdManager workerName=node0
2023-01-26 17:38:02,145 [Listener at 127.0.0.1/41041] INFO  server.session (DefaultSessionIdManager.java:doStart(339)) - No SessionScavenger set, using defaults
2023-01-26 17:38:02,145 [Listener at 127.0.0.1/41041] INFO  server.session (HouseKeeper.java:startScavenging(132)) - node0 Scavenging every 600000ms
2023-01-26 17:38:02,145 [om1@group-C5BA1605619E-LeaderElection1] INFO  server.RaftServerConfigKeys (ConfUtils.java:logGet(46)) - raft.server.staging.catchup.gap = 1000 (default)
2023-01-26 17:38:02,148 [Listener at 127.0.0.1/41041] INFO  handler.ContextHandler (ContextHandler.java:doStart(921)) - Started o.e.j.s.ServletContextHandler@2b6deb26{logs,/logs,file:///home/runner/work/ozone/ozone/hadoop-ozone/integration-test/target/log,AVAILABLE}
2023-01-26 17:38:02,148 [Listener at 127.0.0.1/41041] INFO  handler.ContextHandler (ContextHandler.java:doStart(921)) - Started o.e.j.s.ServletContextHandler@67f1b08{static,/static,jar:file:/home/runner/.m2/repository/org/apache/ozone/hdds-container-service/1.4.0-SNAPSHOT/hdds-container-service-1.4.0-SNAPSHOT.jar!/webapps/static,AVAILABLE}
2023-01-26 17:38:02,150 [om1@group-C5BA1605619E-LeaderElection1] INFO  server.RaftServerConfigKeys (ConfUtils.java:logGet(46)) - raft.server.write.element-limit = 4096 (default)
2023-01-26 17:38:02,150 [om1@group-C5BA1605619E-LeaderElection1] INFO  server.RaftServerConfigKeys (ConfUtils.java:logGet(46)) - raft.server.write.byte-limit = 64MB (=67108864) (default)
2023-01-26 17:38:02,163 [om1@group-C5BA1605619E-LeaderElection1] INFO  server.RaftServerConfigKeys (ConfUtils.java:logGet(46)) - raft.server.watch.timeout = 10s (default)
2023-01-26 17:38:02,164 [om1@group-C5BA1605619E-LeaderElection1] INFO  server.RaftServerConfigKeys (ConfUtils.java:logGet(46)) - raft.server.watch.timeout.denomination = 1s (default)
2023-01-26 17:38:02,164 [om1@group-C5BA1605619E-LeaderElection1] INFO  server.RaftServerConfigKeys (ConfUtils.java:logGet(46)) - raft.server.watch.element-limit = 65536 (default)
2023-01-26 17:38:02,169 [om1@group-C5BA1605619E-LeaderElection1] INFO  server.RaftServerConfigKeys (ConfUtils.java:logGet(46)) - raft.server.write.element-limit = 4096 (default)
2023-01-26 17:38:02,174 [om1@group-C5BA1605619E-LeaderElection1] INFO  server.RaftServerConfigKeys (ConfUtils.java:logGet(46)) - raft.server.write.follower.gap.ratio.max = -1.0 (default)
2023-01-26 17:38:02,178 [om1@group-C5BA1605619E-LeaderElection1] INFO  impl.RoleInfo (RoleInfo.java:updateAndGet(139)) - om1: start om1@group-C5BA1605619E-LeaderStateImpl
2023-01-26 17:38:02,213 [om1@group-C5BA1605619E-LeaderElection1] INFO  segmented.SegmentedRaftLogWorker (SegmentedRaftLogWorker.java:startLogSegment(452)) - om1@group-C5BA1605619E-SegmentedRaftLogWorker: Starting segment from index:0
2023-01-26 17:38:02,290 [om1@group-C5BA1605619E-LeaderElection1] INFO  server.RaftServer$Division (ServerState.java:setRaftConf(430)) - om1@group-C5BA1605619E: set configuration 0: peers:[om1|rpc:localhost:9872|admin:|client:|dataStream:|priority:0|startupRole:FOLLOWER]|listeners:[], old=null
2023-01-26 17:38:02,361 [Listener at 127.0.0.1/41041] INFO  handler.ContextHandler (ContextHandler.java:doStart(921)) - Started o.e.j.w.WebAppContext@5f740a09{hddsDatanode,/,file:///tmp/jetty-0_0_0_0-37373-hdds-container-service-1_4_0-SNAPSHOT_jar-_-any-4653643171387659826/webapp/,AVAILABLE}{jar:file:/home/runner/.m2/repository/org/apache/ozone/hdds-container-service/1.4.0-SNAPSHOT/hdds-container-service-1.4.0-SNAPSHOT.jar!/webapps/hddsDatanode}
2023-01-26 17:38:02,365 [Listener at 127.0.0.1/41041] INFO  server.AbstractConnector (AbstractConnector.java:doStart(333)) - Started ServerConnector@75879cd{HTTP/1.1, (http/1.1)}{0.0.0.0:37373}
2023-01-26 17:38:02,365 [Listener at 127.0.0.1/41041] INFO  server.Server (Server.java:doStart(415)) - Started @8483ms
2023-01-26 17:38:02,365 [Listener at 127.0.0.1/41041] WARN  impl.MetricsSystemImpl (MetricsSystemImpl.java:register(279)) - Sink prometheus already exists!
2023-01-26 17:38:02,368 [Listener at 127.0.0.1/41041] INFO  http.BaseHttpServer (BaseHttpServer.java:updateConnectorAddress(333)) - HTTP server of hddsDatanode listening at http://0.0.0.0:37373
2023-01-26 17:38:02,374 [Datanode State Machine Daemon Thread] INFO  statemachine.DatanodeStateMachine (DatanodeStateMachine.java:lambda$startDaemon$0(519)) - Ozone container server started.
2023-01-26 17:38:02,374 [Listener at 127.0.0.1/41041] WARN  impl.MetricRegistriesImpl (MetricRegistriesImpl.java:addReporterRegistration(111)) - New reporters are added after registries were created. Some metrics will be missing from the reporter. Please add reporter before adding any new registry.
2023-01-26 17:38:02,374 [Listener at 127.0.0.1/41041] WARN  impl.MetricRegistriesImpl (MetricRegistriesImpl.java:addReporterRegistration(111)) - New reporters are added after registries were created. Some metrics will be missing from the reporter. Please add reporter before adding any new registry.
2023-01-26 17:38:02,374 [Listener at 127.0.0.1/41041] INFO  impl.MetricsSystemImpl (MetricsSystemImpl.java:init(158)) - HddsDatanode metrics system started (again)
2023-01-26 17:38:02,402 [Listener at 127.0.0.1/41041] INFO  ozone.HddsDatanodeService (HddsDatanodeService.java:start(228)) - HddsDatanodeService host:fv-az77-38 ip:10.1.0.73
2023-01-26 17:38:02,407 [org.apache.hadoop.util.JvmPauseMonitor$Monitor@16d753bc] INFO  util.JvmPauseMonitor (JvmPauseMonitor.java:run(188)) - Starting JVM pause monitor
2023-01-26 17:38:02,418 [om1@group-C5BA1605619E-SegmentedRaftLogWorker] INFO  segmented.SegmentedRaftLogWorker (SegmentedRaftLogWorker.java:execute(656)) - om1@group-C5BA1605619E-SegmentedRaftLogWorker: created new log segment /home/runner/work/ozone/ozone/hadoop-ozone/integration-test/target/test-dir/MiniOzoneClusterImpl-49a32a1f-b929-42a3-86b3-c5b719d90673/ozone-meta/ratis/bf265839-605b-3f16-9796-c5ba1605619e/current/log_inprogress_0
2023-01-26 17:38:02,430 [Datanode State Machine Task Thread - 0] INFO  datanode.InitDatanodeState (InitDatanodeState.java:persistContainerDatanodeDetails(138)) - DatanodeDetails is persisted to /home/runner/work/ozone/ozone/hadoop-ozone/integration-test/target/test-dir/MiniOzoneClusterImpl-49a32a1f-b929-42a3-86b3-c5b719d90673/datanode-1/meta/datanode.id
2023-01-26 17:38:02,445 [Listener at 127.0.0.1/41041] INFO  upgrade.AbstractLayoutVersionManager (AbstractLayoutVersionManager.java:init(83)) - Initializing Layout version manager with metadata layout = DATANODE_SCHEMA_V3 (version = 4), software layout = DATANODE_SCHEMA_V3 (version = 4)
2023-01-26 17:38:02,520 [Listener at 127.0.0.1/41041] INFO  reflections.Reflections (Reflections.java:scan(232)) - Reflections took 74 ms to scan 7 urls, producing 150 keys and 359 values 
2023-01-26 17:38:02,524 [Listener at 127.0.0.1/41041] INFO  statemachine.DatanodeStateMachine (DatanodeStateMachine.java:getEndPointTaskThreadPoolSize(259)) - Datanode State Machine Task Thread Pool size 2
2023-01-26 17:38:02,533 [Listener at 127.0.0.1/41041] INFO  volume.HddsVolume (HddsVolume.java:<init>(117)) - Creating HddsVolume: /home/runner/work/ozone/ozone/hadoop-ozone/integration-test/target/test-dir/MiniOzoneClusterImpl-49a32a1f-b929-42a3-86b3-c5b719d90673/datanode-2/data-0/containers/hdds of storage type : DISK capacity : 9223372036854775807
2023-01-26 17:38:02,534 [Listener at 127.0.0.1/41041] INFO  volume.MutableVolumeSet (MutableVolumeSet.java:initializeVolumeSet(174)) - Added Volume : /home/runner/work/ozone/ozone/hadoop-ozone/integration-test/target/test-dir/MiniOzoneClusterImpl-49a32a1f-b929-42a3-86b3-c5b719d90673/datanode-2/data-0/containers/hdds to VolumeSet
2023-01-26 17:38:02,534 [Listener at 127.0.0.1/41041] INFO  volume.ThrottledAsyncChecker (ThrottledAsyncChecker.java:schedule(141)) - Scheduling a check for /home/runner/work/ozone/ozone/hadoop-ozone/integration-test/target/test-dir/MiniOzoneClusterImpl-49a32a1f-b929-42a3-86b3-c5b719d90673/datanode-2/data-0/containers/hdds
2023-01-26 17:38:02,545 [Listener at 127.0.0.1/41041] INFO  volume.StorageVolumeChecker (StorageVolumeChecker.java:checkAllVolumes(202)) - Scheduled health check for volume /home/runner/work/ozone/ozone/hadoop-ozone/integration-test/target/test-dir/MiniOzoneClusterImpl-49a32a1f-b929-42a3-86b3-c5b719d90673/datanode-2/data-0/containers/hdds
2023-01-26 17:38:02,562 [Listener at 127.0.0.1/41041] INFO  volume.MutableVolumeSet (MutableVolumeSet.java:initializeVolumeSet(174)) - Added Volume : /home/runner/work/ozone/ozone/hadoop-ozone/integration-test/target/test-dir/MiniOzoneClusterImpl-49a32a1f-b929-42a3-86b3-c5b719d90673/datanode-2/data/ratis to VolumeSet
2023-01-26 17:38:02,562 [Listener at 127.0.0.1/41041] INFO  volume.ThrottledAsyncChecker (ThrottledAsyncChecker.java:schedule(141)) - Scheduling a check for /home/runner/work/ozone/ozone/hadoop-ozone/integration-test/target/test-dir/MiniOzoneClusterImpl-49a32a1f-b929-42a3-86b3-c5b719d90673/datanode-2/data/ratis
2023-01-26 17:38:02,562 [Listener at 127.0.0.1/41041] INFO  volume.StorageVolumeChecker (StorageVolumeChecker.java:checkAllVolumes(202)) - Scheduled health check for volume /home/runner/work/ozone/ozone/hadoop-ozone/integration-test/target/test-dir/MiniOzoneClusterImpl-49a32a1f-b929-42a3-86b3-c5b719d90673/datanode-2/data/ratis
2023-01-26 17:38:02,585 [om1@group-C5BA1605619E-StateMachineUpdater] INFO  ratis.OzoneManagerStateMachine (OzoneManagerStateMachine.java:notifyConfigurationChanged(192)) - Received Configuration change notification from Ratis. New Peer list:
[id: "om1"
address: "localhost:9872"
startupRole: FOLLOWER
]
2023-01-26 17:38:02,593 [Thread-166] INFO  ozoneimpl.ContainerReader (ContainerReader.java:readVolume(175)) - Finish verifying containers on volume /home/runner/work/ozone/ozone/hadoop-ozone/integration-test/target/test-dir/MiniOzoneClusterImpl-49a32a1f-b929-42a3-86b3-c5b719d90673/datanode-2/data-0/containers/hdds
2023-01-26 17:38:02,593 [Listener at 127.0.0.1/41041] INFO  ozoneimpl.OzoneContainer (OzoneContainer.java:buildContainerSet(305)) - Build ContainerSet costs 0s
2023-01-26 17:38:02,597 [Listener at 127.0.0.1/41041] INFO  server.RaftServer (ConfUtils.java:logGet(46)) - raft.rpc.type = GRPC (default)
2023-01-26 17:38:02,597 [Listener at 127.0.0.1/41041] INFO  grpc.GrpcConfigKeys (ConfUtils.java:logFallback(53)) - raft.grpc.admin.host = null (fallback to raft.grpc.server.host)
2023-01-26 17:38:02,597 [Listener at 127.0.0.1/41041] INFO  grpc.GrpcConfigKeys (ConfUtils.java:logGet(46)) - raft.grpc.admin.port = 0 (custom)
2023-01-26 17:38:02,597 [Listener at 127.0.0.1/41041] INFO  grpc.GrpcConfigKeys (ConfUtils.java:logFallback(53)) - raft.grpc.client.host = null (fallback to raft.grpc.server.host)
2023-01-26 17:38:02,597 [Listener at 127.0.0.1/41041] INFO  grpc.GrpcConfigKeys (ConfUtils.java:logGet(46)) - raft.grpc.client.port = 0 (custom)
2023-01-26 17:38:02,597 [Listener at 127.0.0.1/41041] INFO  grpc.GrpcConfigKeys (ConfUtils.java:logGet(46)) - raft.grpc.server.host = null (default)
2023-01-26 17:38:02,597 [Listener at 127.0.0.1/41041] INFO  grpc.GrpcConfigKeys (ConfUtils.java:logGet(46)) - raft.grpc.server.port = 0 (default)
2023-01-26 17:38:02,598 [Listener at 127.0.0.1/41041] INFO  server.GrpcService (ConfUtils.java:logGet(46)) - raft.grpc.message.size.max = 32MB (=33554432) (custom)
2023-01-26 17:38:02,598 [Listener at 127.0.0.1/41041] INFO  server.RaftServerConfigKeys (ConfUtils.java:logGet(46)) - raft.server.log.appender.buffer.byte-limit = 33554432 (custom)
2023-01-26 17:38:02,598 [Listener at 127.0.0.1/41041] INFO  server.GrpcService (ConfUtils.java:logGet(46)) - raft.grpc.flow.control.window = 5MB (=5242880) (custom)
2023-01-26 17:38:02,598 [Listener at 127.0.0.1/41041] INFO  server.RaftServerConfigKeys (ConfUtils.java:logGet(46)) - raft.server.rpc.request.timeout = 60s (custom)
2023-01-26 17:38:02,598 [Listener at 127.0.0.1/41041] INFO  grpc.GrpcConfigKeys (ConfUtils.java:logGet(46)) - raft.grpc.server.heartbeat.channel = true (default)
2023-01-26 17:38:02,598 [Listener at 127.0.0.1/41041] INFO  grpc.GrpcConfigKeys (ConfUtils.java:logGet(46)) - raft.grpc.server.async.request.thread.pool.cached = true (default)
2023-01-26 17:38:02,598 [Listener at 127.0.0.1/41041] INFO  grpc.GrpcConfigKeys (ConfUtils.java:logGet(46)) - raft.grpc.server.async.request.thread.pool.size = 32 (default)
2023-01-26 17:38:02,599 [Listener at 127.0.0.1/41041] INFO  impl.DataStreamServerImpl (ConfUtils.java:logGet(46)) - raft.datastream.type = NETTY (custom)
2023-01-26 17:38:02,600 [Listener at 127.0.0.1/41041] INFO  server.RaftServerConfigKeys (ConfUtils.java:logGet(46)) - raft.server.data-stream.async.request.thread.pool.cached = false (default)
2023-01-26 17:38:02,600 [Listener at 127.0.0.1/41041] INFO  server.RaftServerConfigKeys (ConfUtils.java:logGet(46)) - raft.server.data-stream.async.request.thread.pool.size = 20 (custom)
2023-01-26 17:38:02,600 [Listener at 127.0.0.1/41041] INFO  server.RaftServerConfigKeys (ConfUtils.java:logGet(46)) - raft.server.data-stream.async.write.thread.pool.size = 16 (default)
2023-01-26 17:38:02,600 [Listener at 127.0.0.1/41041] INFO  server.RaftServerConfigKeys (ConfUtils.java:logGet(46)) - raft.server.data-stream.client.pool.size = 10 (default)
2023-01-26 17:38:02,600 [Listener at 127.0.0.1/41041] INFO  netty.NettyConfigKeys$DataStream (ConfUtils.java:logGet(46)) - raft.netty.dataStream.server.use-epoll = false (default)
2023-01-26 17:38:02,600 [Listener at 127.0.0.1/41041] INFO  netty.NettyConfigKeys$DataStream (ConfUtils.java:logGet(46)) - raft.netty.dataStream.server.boss-group.size = 0 (default)
2023-01-26 17:38:02,601 [Listener at 127.0.0.1/41041] INFO  netty.NettyConfigKeys$DataStream (ConfUtils.java:logGet(46)) - raft.netty.dataStream.server.worker-group.size = 0 (default)
2023-01-26 17:38:02,601 [Listener at 127.0.0.1/41041] INFO  netty.NettyConfigKeys$DataStream (ConfUtils.java:logGet(46)) - raft.netty.dataStream.server.tls.conf = null (default)
2023-01-26 17:38:02,601 [Listener at 127.0.0.1/41041] INFO  netty.NettyConfigKeys$DataStream (ConfUtils.java:logGet(46)) - raft.netty.dataStream.host = null (default)
2023-01-26 17:38:02,601 [Listener at 127.0.0.1/41041] INFO  netty.NettyConfigKeys$DataStream (ConfUtils.java:logGet(46)) - raft.netty.dataStream.port = 0 (default)
2023-01-26 17:38:02,602 [Listener at 127.0.0.1/41041] INFO  server.RaftServerConfigKeys (ConfUtils.java:logGet(46)) - raft.server.threadpool.proxy.cached = true (default)
2023-01-26 17:38:02,602 [Listener at 127.0.0.1/41041] INFO  server.RaftServerConfigKeys (ConfUtils.java:logGet(46)) - raft.server.threadpool.proxy.size = 0 (default)
2023-01-26 17:38:02,602 [Listener at 127.0.0.1/41041] INFO  server.RaftServerConfigKeys (ConfUtils.java:logGet(46)) - raft.server.rpc.slowness.timeout = 300s (custom)
2023-01-26 17:38:02,602 [Listener at 127.0.0.1/41041] INFO  server.RaftServerConfigKeys (ConfUtils.java:logGet(46)) - raft.server.leaderelection.leader.step-down.wait-time = 10s (default)
2023-01-26 17:38:02,602 [Listener at 127.0.0.1/41041] INFO  server.RaftServerConfigKeys (ConfUtils.java:logGet(46)) - raft.server.storage.dir = [/home/runner/work/ozone/ozone/hadoop-ozone/integration-test/target/test-dir/MiniOzoneClusterImpl-49a32a1f-b929-42a3-86b3-c5b719d90673/datanode-2/data/ratis] (custom)
2023-01-26 17:38:02,605 [7c3d527d-806d-4f2b-9b01-1e1a412c2b01-NettyServerStreamRpc-bossGroup--thread1] INFO  logging.LoggingHandler (AbstractInternalLogger.java:log(148)) - [id: 0xf6f3653f] REGISTERED
2023-01-26 17:38:02,605 [7c3d527d-806d-4f2b-9b01-1e1a412c2b01-NettyServerStreamRpc-bossGroup--thread1] INFO  logging.LoggingHandler (AbstractInternalLogger.java:log(148)) - [id: 0xf6f3653f] BIND: 0.0.0.0/0.0.0.0:0
2023-01-26 17:38:02,605 [7c3d527d-806d-4f2b-9b01-1e1a412c2b01-NettyServerStreamRpc-bossGroup--thread1] INFO  logging.LoggingHandler (AbstractInternalLogger.java:log(148)) - [id: 0xf6f3653f, L:/0:0:0:0:0:0:0:0:42025] ACTIVE
2023-01-26 17:38:02,606 [Listener at 127.0.0.1/41041] INFO  server.XceiverServerGrpc (XceiverServerGrpc.java:<init>(132)) - GrpcServer channel type EpollServerSocketChannel
2023-01-26 17:38:02,610 [Listener at 127.0.0.1/41041] INFO  http.BaseHttpServer (BaseHttpServer.java:newHttpServer2BuilderForOzone(213)) - Starting Web-server for hddsDatanode at: http://0.0.0.0:0
2023-01-26 17:38:02,610 [Listener at 127.0.0.1/41041] INFO  http.BaseHttpServer (BaseHttpServer.java:<init>(108)) - Hadoop Security Enabled: false Ozone Security Enabled: false Ozone HTTP Security Enabled: false 
2023-01-26 17:38:02,612 [Listener at 127.0.0.1/41041] WARN  server.AuthenticationFilter (AuthenticationFilter.java:constructSecretProvider(240)) - Unable to initialize FileSignerSecretProvider, falling back to use random secrets. Reason: Could not read signature secret file: /home/runner/hadoop-http-auth-signature-secret
2023-01-26 17:38:02,612 [Listener at 127.0.0.1/41041] WARN  http.HttpRequestLog (HttpRequestLog.java:getRequestLog(103)) - Jetty request log can only be enabled using Log4j
2023-01-26 17:38:02,614 [Listener at 127.0.0.1/41041] INFO  http.HttpServer2 (HttpServer2.java:addGlobalFilter(1031)) - Added global filter 'safety' (class=org.apache.hadoop.hdds.server.http.HttpServer2$QuotingInputFilter)
2023-01-26 17:38:02,615 [Listener at 127.0.0.1/41041] INFO  http.HttpServer2 (HttpServer2.java:addFilter(1007)) - Added filter static_user_filter (class=org.apache.hadoop.http.lib.StaticUserWebFilter$StaticUserFilter) to context hddsDatanode
2023-01-26 17:38:02,615 [Listener at 127.0.0.1/41041] INFO  http.HttpServer2 (HttpServer2.java:addFilter(1015)) - Added filter static_user_filter (class=org.apache.hadoop.http.lib.StaticUserWebFilter$StaticUserFilter) to context static
2023-01-26 17:38:02,615 [Listener at 127.0.0.1/41041] INFO  http.HttpServer2 (HttpServer2.java:addFilter(1015)) - Added filter static_user_filter (class=org.apache.hadoop.http.lib.StaticUserWebFilter$StaticUserFilter) to context logs
2023-01-26 17:38:02,616 [Listener at 127.0.0.1/41041] INFO  http.HttpServer2 (HttpServer2.java:bindListener(1250)) - Jetty bound to port 43999
2023-01-26 17:38:02,616 [Listener at 127.0.0.1/41041] INFO  server.Server (Server.java:doStart(375)) - jetty-9.4.49.v20220914; built: 2022-09-14T01:07:36.601Z; git: 4231a3b2e4cb8548a412a789936d640a97b1aa0a; jvm 1.8.0_352-b08
2023-01-26 17:38:02,619 [Listener at 127.0.0.1/41041] INFO  server.session (DefaultSessionIdManager.java:doStart(334)) - DefaultSessionIdManager workerName=node0
2023-01-26 17:38:02,619 [Listener at 127.0.0.1/41041] INFO  server.session (DefaultSessionIdManager.java:doStart(339)) - No SessionScavenger set, using defaults
2023-01-26 17:38:02,619 [Listener at 127.0.0.1/41041] INFO  server.session (HouseKeeper.java:startScavenging(132)) - node0 Scavenging every 600000ms
2023-01-26 17:38:02,620 [Listener at 127.0.0.1/41041] INFO  handler.ContextHandler (ContextHandler.java:doStart(921)) - Started o.e.j.s.ServletContextHandler@4ccffa70{logs,/logs,file:///home/runner/work/ozone/ozone/hadoop-ozone/integration-test/target/log,AVAILABLE}
2023-01-26 17:38:02,620 [Listener at 127.0.0.1/41041] INFO  handler.ContextHandler (ContextHandler.java:doStart(921)) - Started o.e.j.s.ServletContextHandler@b878400{static,/static,jar:file:/home/runner/.m2/repository/org/apache/ozone/hdds-container-service/1.4.0-SNAPSHOT/hdds-container-service-1.4.0-SNAPSHOT.jar!/webapps/static,AVAILABLE}
2023-01-26 17:38:02,796 [Listener at 127.0.0.1/41041] INFO  handler.ContextHandler (ContextHandler.java:doStart(921)) - Started o.e.j.w.WebAppContext@3acd599d{hddsDatanode,/,file:///tmp/jetty-0_0_0_0-43999-hdds-container-service-1_4_0-SNAPSHOT_jar-_-any-8494557449908940290/webapp/,AVAILABLE}{jar:file:/home/runner/.m2/repository/org/apache/ozone/hdds-container-service/1.4.0-SNAPSHOT/hdds-container-service-1.4.0-SNAPSHOT.jar!/webapps/hddsDatanode}
2023-01-26 17:38:02,799 [Listener at 127.0.0.1/41041] INFO  server.AbstractConnector (AbstractConnector.java:doStart(333)) - Started ServerConnector@455baacf{HTTP/1.1, (http/1.1)}{0.0.0.0:43999}
2023-01-26 17:38:02,800 [Listener at 127.0.0.1/41041] INFO  server.Server (Server.java:doStart(415)) - Started @8917ms
2023-01-26 17:38:02,800 [Listener at 127.0.0.1/41041] WARN  impl.MetricsSystemImpl (MetricsSystemImpl.java:register(279)) - Sink prometheus already exists!
2023-01-26 17:38:02,801 [Listener at 127.0.0.1/41041] INFO  http.BaseHttpServer (BaseHttpServer.java:updateConnectorAddress(333)) - HTTP server of hddsDatanode listening at http://0.0.0.0:43999
2023-01-26 17:38:02,802 [Datanode State Machine Daemon Thread] INFO  statemachine.DatanodeStateMachine (DatanodeStateMachine.java:lambda$startDaemon$0(519)) - Ozone container server started.
2023-01-26 17:38:02,803 [Listener at 127.0.0.1/41041] WARN  impl.MetricRegistriesImpl (MetricRegistriesImpl.java:addReporterRegistration(111)) - New reporters are added after registries were created. Some metrics will be missing from the reporter. Please add reporter before adding any new registry.
2023-01-26 17:38:02,803 [Listener at 127.0.0.1/41041] WARN  impl.MetricRegistriesImpl (MetricRegistriesImpl.java:addReporterRegistration(111)) - New reporters are added after registries were created. Some metrics will be missing from the reporter. Please add reporter before adding any new registry.
2023-01-26 17:38:02,803 [Listener at 127.0.0.1/41041] INFO  impl.MetricsSystemImpl (MetricsSystemImpl.java:init(158)) - HddsDatanode metrics system started (again)
2023-01-26 17:38:02,819 [Listener at 127.0.0.1/41041] INFO  ozone.HddsDatanodeService (HddsDatanodeService.java:start(228)) - HddsDatanodeService host:fv-az77-38 ip:10.1.0.73
2023-01-26 17:38:02,835 [org.apache.hadoop.util.JvmPauseMonitor$Monitor@3de11236] INFO  util.JvmPauseMonitor (JvmPauseMonitor.java:run(188)) - Starting JVM pause monitor
2023-01-26 17:38:02,838 [Datanode State Machine Task Thread - 0] INFO  datanode.InitDatanodeState (InitDatanodeState.java:persistContainerDatanodeDetails(138)) - DatanodeDetails is persisted to /home/runner/work/ozone/ozone/hadoop-ozone/integration-test/target/test-dir/MiniOzoneClusterImpl-49a32a1f-b929-42a3-86b3-c5b719d90673/datanode-2/meta/datanode.id
2023-01-26 17:38:02,846 [Listener at 127.0.0.1/41041] INFO  upgrade.AbstractLayoutVersionManager (AbstractLayoutVersionManager.java:init(83)) - Initializing Layout version manager with metadata layout = DATANODE_SCHEMA_V3 (version = 4), software layout = DATANODE_SCHEMA_V3 (version = 4)
2023-01-26 17:38:02,894 [Listener at 127.0.0.1/41041] INFO  reflections.Reflections (Reflections.java:scan(232)) - Reflections took 45 ms to scan 7 urls, producing 150 keys and 359 values 
2023-01-26 17:38:02,895 [Listener at 127.0.0.1/41041] INFO  statemachine.DatanodeStateMachine (DatanodeStateMachine.java:getEndPointTaskThreadPoolSize(259)) - Datanode State Machine Task Thread Pool size 2
2023-01-26 17:38:02,897 [Listener at 127.0.0.1/41041] INFO  volume.HddsVolume (HddsVolume.java:<init>(117)) - Creating HddsVolume: /home/runner/work/ozone/ozone/hadoop-ozone/integration-test/target/test-dir/MiniOzoneClusterImpl-49a32a1f-b929-42a3-86b3-c5b719d90673/datanode-3/data-0/containers/hdds of storage type : DISK capacity : 9223372036854775807
2023-01-26 17:38:02,898 [Listener at 127.0.0.1/41041] INFO  volume.MutableVolumeSet (MutableVolumeSet.java:initializeVolumeSet(174)) - Added Volume : /home/runner/work/ozone/ozone/hadoop-ozone/integration-test/target/test-dir/MiniOzoneClusterImpl-49a32a1f-b929-42a3-86b3-c5b719d90673/datanode-3/data-0/containers/hdds to VolumeSet
2023-01-26 17:38:02,898 [Listener at 127.0.0.1/41041] INFO  volume.ThrottledAsyncChecker (ThrottledAsyncChecker.java:schedule(141)) - Scheduling a check for /home/runner/work/ozone/ozone/hadoop-ozone/integration-test/target/test-dir/MiniOzoneClusterImpl-49a32a1f-b929-42a3-86b3-c5b719d90673/datanode-3/data-0/containers/hdds
2023-01-26 17:38:02,903 [Listener at 127.0.0.1/41041] INFO  volume.StorageVolumeChecker (StorageVolumeChecker.java:checkAllVolumes(202)) - Scheduled health check for volume /home/runner/work/ozone/ozone/hadoop-ozone/integration-test/target/test-dir/MiniOzoneClusterImpl-49a32a1f-b929-42a3-86b3-c5b719d90673/datanode-3/data-0/containers/hdds
2023-01-26 17:38:02,915 [Listener at 127.0.0.1/41041] INFO  volume.MutableVolumeSet (MutableVolumeSet.java:initializeVolumeSet(174)) - Added Volume : /home/runner/work/ozone/ozone/hadoop-ozone/integration-test/target/test-dir/MiniOzoneClusterImpl-49a32a1f-b929-42a3-86b3-c5b719d90673/datanode-3/data/ratis to VolumeSet
2023-01-26 17:38:02,915 [Listener at 127.0.0.1/41041] INFO  volume.ThrottledAsyncChecker (ThrottledAsyncChecker.java:schedule(141)) - Scheduling a check for /home/runner/work/ozone/ozone/hadoop-ozone/integration-test/target/test-dir/MiniOzoneClusterImpl-49a32a1f-b929-42a3-86b3-c5b719d90673/datanode-3/data/ratis
2023-01-26 17:38:02,916 [Listener at 127.0.0.1/41041] INFO  volume.StorageVolumeChecker (StorageVolumeChecker.java:checkAllVolumes(202)) - Scheduled health check for volume /home/runner/work/ozone/ozone/hadoop-ozone/integration-test/target/test-dir/MiniOzoneClusterImpl-49a32a1f-b929-42a3-86b3-c5b719d90673/datanode-3/data/ratis
2023-01-26 17:38:02,926 [Thread-180] INFO  ozoneimpl.ContainerReader (ContainerReader.java:readVolume(175)) - Finish verifying containers on volume /home/runner/work/ozone/ozone/hadoop-ozone/integration-test/target/test-dir/MiniOzoneClusterImpl-49a32a1f-b929-42a3-86b3-c5b719d90673/datanode-3/data-0/containers/hdds
2023-01-26 17:38:02,927 [Listener at 127.0.0.1/41041] INFO  ozoneimpl.OzoneContainer (OzoneContainer.java:buildContainerSet(305)) - Build ContainerSet costs 0s
2023-01-26 17:38:02,930 [Listener at 127.0.0.1/41041] INFO  server.RaftServer (ConfUtils.java:logGet(46)) - raft.rpc.type = GRPC (default)
2023-01-26 17:38:02,930 [Listener at 127.0.0.1/41041] INFO  grpc.GrpcConfigKeys (ConfUtils.java:logFallback(53)) - raft.grpc.admin.host = null (fallback to raft.grpc.server.host)
2023-01-26 17:38:02,930 [Listener at 127.0.0.1/41041] INFO  grpc.GrpcConfigKeys (ConfUtils.java:logGet(46)) - raft.grpc.admin.port = 0 (custom)
2023-01-26 17:38:02,931 [Listener at 127.0.0.1/41041] INFO  grpc.GrpcConfigKeys (ConfUtils.java:logFallback(53)) - raft.grpc.client.host = null (fallback to raft.grpc.server.host)
2023-01-26 17:38:02,931 [Listener at 127.0.0.1/41041] INFO  grpc.GrpcConfigKeys (ConfUtils.java:logGet(46)) - raft.grpc.client.port = 0 (custom)
2023-01-26 17:38:02,931 [Listener at 127.0.0.1/41041] INFO  grpc.GrpcConfigKeys (ConfUtils.java:logGet(46)) - raft.grpc.server.host = null (default)
2023-01-26 17:38:02,931 [Listener at 127.0.0.1/41041] INFO  grpc.GrpcConfigKeys (ConfUtils.java:logGet(46)) - raft.grpc.server.port = 0 (default)
2023-01-26 17:38:02,931 [Listener at 127.0.0.1/41041] INFO  server.GrpcService (ConfUtils.java:logGet(46)) - raft.grpc.message.size.max = 32MB (=33554432) (custom)
2023-01-26 17:38:02,931 [Listener at 127.0.0.1/41041] INFO  server.RaftServerConfigKeys (ConfUtils.java:logGet(46)) - raft.server.log.appender.buffer.byte-limit = 33554432 (custom)
2023-01-26 17:38:02,931 [Listener at 127.0.0.1/41041] INFO  server.GrpcService (ConfUtils.java:logGet(46)) - raft.grpc.flow.control.window = 5MB (=5242880) (custom)
2023-01-26 17:38:02,931 [Listener at 127.0.0.1/41041] INFO  server.RaftServerConfigKeys (ConfUtils.java:logGet(46)) - raft.server.rpc.request.timeout = 60s (custom)
2023-01-26 17:38:02,931 [Listener at 127.0.0.1/41041] INFO  grpc.GrpcConfigKeys (ConfUtils.java:logGet(46)) - raft.grpc.server.heartbeat.channel = true (default)
2023-01-26 17:38:02,932 [Listener at 127.0.0.1/41041] INFO  grpc.GrpcConfigKeys (ConfUtils.java:logGet(46)) - raft.grpc.server.async.request.thread.pool.cached = true (default)
2023-01-26 17:38:02,932 [Listener at 127.0.0.1/41041] INFO  grpc.GrpcConfigKeys (ConfUtils.java:logGet(46)) - raft.grpc.server.async.request.thread.pool.size = 32 (default)
2023-01-26 17:38:02,933 [Listener at 127.0.0.1/41041] INFO  impl.DataStreamServerImpl (ConfUtils.java:logGet(46)) - raft.datastream.type = NETTY (custom)
2023-01-26 17:38:02,933 [Listener at 127.0.0.1/41041] INFO  server.RaftServerConfigKeys (ConfUtils.java:logGet(46)) - raft.server.data-stream.async.request.thread.pool.cached = false (default)
2023-01-26 17:38:02,933 [Listener at 127.0.0.1/41041] INFO  server.RaftServerConfigKeys (ConfUtils.java:logGet(46)) - raft.server.data-stream.async.request.thread.pool.size = 20 (custom)
2023-01-26 17:38:02,933 [Listener at 127.0.0.1/41041] INFO  server.RaftServerConfigKeys (ConfUtils.java:logGet(46)) - raft.server.data-stream.async.write.thread.pool.size = 16 (default)
2023-01-26 17:38:02,934 [Listener at 127.0.0.1/41041] INFO  server.RaftServerConfigKeys (ConfUtils.java:logGet(46)) - raft.server.data-stream.client.pool.size = 10 (default)
2023-01-26 17:38:02,934 [Listener at 127.0.0.1/41041] INFO  netty.NettyConfigKeys$DataStream (ConfUtils.java:logGet(46)) - raft.netty.dataStream.server.use-epoll = false (default)
2023-01-26 17:38:02,934 [Listener at 127.0.0.1/41041] INFO  netty.NettyConfigKeys$DataStream (ConfUtils.java:logGet(46)) - raft.netty.dataStream.server.boss-group.size = 0 (default)
2023-01-26 17:38:02,934 [Listener at 127.0.0.1/41041] INFO  netty.NettyConfigKeys$DataStream (ConfUtils.java:logGet(46)) - raft.netty.dataStream.server.worker-group.size = 0 (default)
2023-01-26 17:38:02,935 [Listener at 127.0.0.1/41041] INFO  netty.NettyConfigKeys$DataStream (ConfUtils.java:logGet(46)) - raft.netty.dataStream.server.tls.conf = null (default)
2023-01-26 17:38:02,935 [Listener at 127.0.0.1/41041] INFO  netty.NettyConfigKeys$DataStream (ConfUtils.java:logGet(46)) - raft.netty.dataStream.host = null (default)
2023-01-26 17:38:02,935 [Listener at 127.0.0.1/41041] INFO  netty.NettyConfigKeys$DataStream (ConfUtils.java:logGet(46)) - raft.netty.dataStream.port = 0 (default)
2023-01-26 17:38:02,935 [Listener at 127.0.0.1/41041] INFO  server.RaftServerConfigKeys (ConfUtils.java:logGet(46)) - raft.server.threadpool.proxy.cached = true (default)
2023-01-26 17:38:02,935 [Listener at 127.0.0.1/41041] INFO  server.RaftServerConfigKeys (ConfUtils.java:logGet(46)) - raft.server.threadpool.proxy.size = 0 (default)
2023-01-26 17:38:02,936 [Listener at 127.0.0.1/41041] INFO  server.RaftServerConfigKeys (ConfUtils.java:logGet(46)) - raft.server.rpc.slowness.timeout = 300s (custom)
2023-01-26 17:38:02,936 [Listener at 127.0.0.1/41041] INFO  server.RaftServerConfigKeys (ConfUtils.java:logGet(46)) - raft.server.leaderelection.leader.step-down.wait-time = 10s (default)
2023-01-26 17:38:02,936 [Listener at 127.0.0.1/41041] INFO  server.RaftServerConfigKeys (ConfUtils.java:logGet(46)) - raft.server.storage.dir = [/home/runner/work/ozone/ozone/hadoop-ozone/integration-test/target/test-dir/MiniOzoneClusterImpl-49a32a1f-b929-42a3-86b3-c5b719d90673/datanode-3/data/ratis] (custom)
2023-01-26 17:38:02,941 [235f2378-c7d7-4173-89ba-00e0bb2ff45d-NettyServerStreamRpc-bossGroup--thread1] INFO  logging.LoggingHandler (AbstractInternalLogger.java:log(148)) - [id: 0x8bca0f0d] REGISTERED
2023-01-26 17:38:02,941 [235f2378-c7d7-4173-89ba-00e0bb2ff45d-NettyServerStreamRpc-bossGroup--thread1] INFO  logging.LoggingHandler (AbstractInternalLogger.java:log(148)) - [id: 0x8bca0f0d] BIND: 0.0.0.0/0.0.0.0:0
2023-01-26 17:38:02,941 [235f2378-c7d7-4173-89ba-00e0bb2ff45d-NettyServerStreamRpc-bossGroup--thread1] INFO  logging.LoggingHandler (AbstractInternalLogger.java:log(148)) - [id: 0x8bca0f0d, L:/0:0:0:0:0:0:0:0:43995] ACTIVE
2023-01-26 17:38:02,941 [Listener at 127.0.0.1/41041] INFO  server.XceiverServerGrpc (XceiverServerGrpc.java:<init>(132)) - GrpcServer channel type EpollServerSocketChannel
2023-01-26 17:38:02,949 [Listener at 127.0.0.1/41041] INFO  http.BaseHttpServer (BaseHttpServer.java:newHttpServer2BuilderForOzone(213)) - Starting Web-server for hddsDatanode at: http://0.0.0.0:0
2023-01-26 17:38:02,949 [Listener at 127.0.0.1/41041] INFO  http.BaseHttpServer (BaseHttpServer.java:<init>(108)) - Hadoop Security Enabled: false Ozone Security Enabled: false Ozone HTTP Security Enabled: false 
2023-01-26 17:38:02,951 [Listener at 127.0.0.1/41041] WARN  server.AuthenticationFilter (AuthenticationFilter.java:constructSecretProvider(240)) - Unable to initialize FileSignerSecretProvider, falling back to use random secrets. Reason: Could not read signature secret file: /home/runner/hadoop-http-auth-signature-secret
2023-01-26 17:38:02,953 [Listener at 127.0.0.1/41041] WARN  http.HttpRequestLog (HttpRequestLog.java:getRequestLog(103)) - Jetty request log can only be enabled using Log4j
2023-01-26 17:38:02,954 [Listener at 127.0.0.1/41041] INFO  http.HttpServer2 (HttpServer2.java:addGlobalFilter(1031)) - Added global filter 'safety' (class=org.apache.hadoop.hdds.server.http.HttpServer2$QuotingInputFilter)
2023-01-26 17:38:02,955 [Listener at 127.0.0.1/41041] INFO  http.HttpServer2 (HttpServer2.java:addFilter(1007)) - Added filter static_user_filter (class=org.apache.hadoop.http.lib.StaticUserWebFilter$StaticUserFilter) to context hddsDatanode
2023-01-26 17:38:02,955 [Listener at 127.0.0.1/41041] INFO  http.HttpServer2 (HttpServer2.java:addFilter(1015)) - Added filter static_user_filter (class=org.apache.hadoop.http.lib.StaticUserWebFilter$StaticUserFilter) to context logs
2023-01-26 17:38:02,955 [Listener at 127.0.0.1/41041] INFO  http.HttpServer2 (HttpServer2.java:addFilter(1015)) - Added filter static_user_filter (class=org.apache.hadoop.http.lib.StaticUserWebFilter$StaticUserFilter) to context static
2023-01-26 17:38:02,957 [Listener at 127.0.0.1/41041] INFO  http.HttpServer2 (HttpServer2.java:bindListener(1250)) - Jetty bound to port 44319
2023-01-26 17:38:02,957 [Listener at 127.0.0.1/41041] INFO  server.Server (Server.java:doStart(375)) - jetty-9.4.49.v20220914; built: 2022-09-14T01:07:36.601Z; git: 4231a3b2e4cb8548a412a789936d640a97b1aa0a; jvm 1.8.0_352-b08
2023-01-26 17:38:02,963 [Listener at 127.0.0.1/41041] INFO  server.session (DefaultSessionIdManager.java:doStart(334)) - DefaultSessionIdManager workerName=node0
2023-01-26 17:38:02,963 [Listener at 127.0.0.1/41041] INFO  server.session (DefaultSessionIdManager.java:doStart(339)) - No SessionScavenger set, using defaults
2023-01-26 17:38:02,963 [Listener at 127.0.0.1/41041] INFO  server.session (HouseKeeper.java:startScavenging(132)) - node0 Scavenging every 600000ms
2023-01-26 17:38:02,964 [Listener at 127.0.0.1/41041] INFO  handler.ContextHandler (ContextHandler.java:doStart(921)) - Started o.e.j.s.ServletContextHandler@41a09e9{logs,/logs,file:///home/runner/work/ozone/ozone/hadoop-ozone/integration-test/target/log,AVAILABLE}
2023-01-26 17:38:02,964 [Listener at 127.0.0.1/41041] INFO  handler.ContextHandler (ContextHandler.java:doStart(921)) - Started o.e.j.s.ServletContextHandler@4a219bed{static,/static,jar:file:/home/runner/.m2/repository/org/apache/ozone/hdds-container-service/1.4.0-SNAPSHOT/hdds-container-service-1.4.0-SNAPSHOT.jar!/webapps/static,AVAILABLE}
2023-01-26 17:38:03,137 [Listener at 127.0.0.1/41041] INFO  handler.ContextHandler (ContextHandler.java:doStart(921)) - Started o.e.j.w.WebAppContext@57db6c52{hddsDatanode,/,file:///tmp/jetty-0_0_0_0-44319-hdds-container-service-1_4_0-SNAPSHOT_jar-_-any-3930957259336652564/webapp/,AVAILABLE}{jar:file:/home/runner/.m2/repository/org/apache/ozone/hdds-container-service/1.4.0-SNAPSHOT/hdds-container-service-1.4.0-SNAPSHOT.jar!/webapps/hddsDatanode}
2023-01-26 17:38:03,138 [Listener at 127.0.0.1/41041] INFO  server.AbstractConnector (AbstractConnector.java:doStart(333)) - Started ServerConnector@10c81939{HTTP/1.1, (http/1.1)}{0.0.0.0:44319}
2023-01-26 17:38:03,139 [Listener at 127.0.0.1/41041] INFO  server.Server (Server.java:doStart(415)) - Started @9256ms
2023-01-26 17:38:03,139 [Listener at 127.0.0.1/41041] WARN  impl.MetricsSystemImpl (MetricsSystemImpl.java:register(279)) - Sink prometheus already exists!
2023-01-26 17:38:03,139 [Listener at 127.0.0.1/41041] INFO  http.BaseHttpServer (BaseHttpServer.java:updateConnectorAddress(333)) - HTTP server of hddsDatanode listening at http://0.0.0.0:44319
2023-01-26 17:38:03,140 [Listener at 127.0.0.1/41041] WARN  impl.MetricRegistriesImpl (MetricRegistriesImpl.java:addReporterRegistration(111)) - New reporters are added after registries were created. Some metrics will be missing from the reporter. Please add reporter before adding any new registry.
2023-01-26 17:38:03,140 [Listener at 127.0.0.1/41041] WARN  impl.MetricRegistriesImpl (MetricRegistriesImpl.java:addReporterRegistration(111)) - New reporters are added after registries were created. Some metrics will be missing from the reporter. Please add reporter before adding any new registry.
2023-01-26 17:38:03,140 [Listener at 127.0.0.1/41041] INFO  impl.MetricsSystemImpl (MetricsSystemImpl.java:init(158)) - HddsDatanode metrics system started (again)
2023-01-26 17:38:03,140 [Datanode State Machine Daemon Thread] INFO  statemachine.DatanodeStateMachine (DatanodeStateMachine.java:lambda$startDaemon$0(519)) - Ozone container server started.
2023-01-26 17:38:03,156 [Listener at 127.0.0.1/41041] INFO  ozone.HddsDatanodeService (HddsDatanodeService.java:start(228)) - HddsDatanodeService host:fv-az77-38 ip:10.1.0.73
2023-01-26 17:38:03,170 [org.apache.hadoop.util.JvmPauseMonitor$Monitor@55917418] INFO  util.JvmPauseMonitor (JvmPauseMonitor.java:run(188)) - Starting JVM pause monitor
2023-01-26 17:38:03,177 [Datanode State Machine Task Thread - 0] INFO  datanode.InitDatanodeState (InitDatanodeState.java:persistContainerDatanodeDetails(138)) - DatanodeDetails is persisted to /home/runner/work/ozone/ozone/hadoop-ozone/integration-test/target/test-dir/MiniOzoneClusterImpl-49a32a1f-b929-42a3-86b3-c5b719d90673/datanode-3/meta/datanode.id
2023-01-26 17:38:03,181 [Listener at 127.0.0.1/41041] INFO  upgrade.AbstractLayoutVersionManager (AbstractLayoutVersionManager.java:init(83)) - Initializing Layout version manager with metadata layout = DATANODE_SCHEMA_V3 (version = 4), software layout = DATANODE_SCHEMA_V3 (version = 4)
2023-01-26 17:38:03,230 [Listener at 127.0.0.1/41041] INFO  reflections.Reflections (Reflections.java:scan(232)) - Reflections took 47 ms to scan 7 urls, producing 150 keys and 359 values 
2023-01-26 17:38:03,231 [Listener at 127.0.0.1/41041] INFO  statemachine.DatanodeStateMachine (DatanodeStateMachine.java:getEndPointTaskThreadPoolSize(259)) - Datanode State Machine Task Thread Pool size 2
2023-01-26 17:38:03,234 [Listener at 127.0.0.1/41041] INFO  volume.HddsVolume (HddsVolume.java:<init>(117)) - Creating HddsVolume: /home/runner/work/ozone/ozone/hadoop-ozone/integration-test/target/test-dir/MiniOzoneClusterImpl-49a32a1f-b929-42a3-86b3-c5b719d90673/datanode-4/data-0/containers/hdds of storage type : DISK capacity : 9223372036854775807
2023-01-26 17:38:03,234 [Listener at 127.0.0.1/41041] INFO  volume.MutableVolumeSet (MutableVolumeSet.java:initializeVolumeSet(174)) - Added Volume : /home/runner/work/ozone/ozone/hadoop-ozone/integration-test/target/test-dir/MiniOzoneClusterImpl-49a32a1f-b929-42a3-86b3-c5b719d90673/datanode-4/data-0/containers/hdds to VolumeSet
2023-01-26 17:38:03,234 [Listener at 127.0.0.1/41041] INFO  volume.ThrottledAsyncChecker (ThrottledAsyncChecker.java:schedule(141)) - Scheduling a check for /home/runner/work/ozone/ozone/hadoop-ozone/integration-test/target/test-dir/MiniOzoneClusterImpl-49a32a1f-b929-42a3-86b3-c5b719d90673/datanode-4/data-0/containers/hdds
2023-01-26 17:38:03,235 [Listener at 127.0.0.1/41041] INFO  volume.StorageVolumeChecker (StorageVolumeChecker.java:checkAllVolumes(202)) - Scheduled health check for volume /home/runner/work/ozone/ozone/hadoop-ozone/integration-test/target/test-dir/MiniOzoneClusterImpl-49a32a1f-b929-42a3-86b3-c5b719d90673/datanode-4/data-0/containers/hdds
2023-01-26 17:38:03,246 [Listener at 127.0.0.1/41041] INFO  volume.MutableVolumeSet (MutableVolumeSet.java:initializeVolumeSet(174)) - Added Volume : /home/runner/work/ozone/ozone/hadoop-ozone/integration-test/target/test-dir/MiniOzoneClusterImpl-49a32a1f-b929-42a3-86b3-c5b719d90673/datanode-4/data/ratis to VolumeSet
2023-01-26 17:38:03,246 [Listener at 127.0.0.1/41041] INFO  volume.ThrottledAsyncChecker (ThrottledAsyncChecker.java:schedule(141)) - Scheduling a check for /home/runner/work/ozone/ozone/hadoop-ozone/integration-test/target/test-dir/MiniOzoneClusterImpl-49a32a1f-b929-42a3-86b3-c5b719d90673/datanode-4/data/ratis
2023-01-26 17:38:03,246 [Listener at 127.0.0.1/41041] INFO  volume.StorageVolumeChecker (StorageVolumeChecker.java:checkAllVolumes(202)) - Scheduled health check for volume /home/runner/work/ozone/ozone/hadoop-ozone/integration-test/target/test-dir/MiniOzoneClusterImpl-49a32a1f-b929-42a3-86b3-c5b719d90673/datanode-4/data/ratis
2023-01-26 17:38:03,258 [Thread-194] INFO  ozoneimpl.ContainerReader (ContainerReader.java:readVolume(175)) - Finish verifying containers on volume /home/runner/work/ozone/ozone/hadoop-ozone/integration-test/target/test-dir/MiniOzoneClusterImpl-49a32a1f-b929-42a3-86b3-c5b719d90673/datanode-4/data-0/containers/hdds
2023-01-26 17:38:03,258 [Listener at 127.0.0.1/41041] INFO  ozoneimpl.OzoneContainer (OzoneContainer.java:buildContainerSet(305)) - Build ContainerSet costs 0s
2023-01-26 17:38:03,261 [Listener at 127.0.0.1/41041] INFO  server.RaftServer (ConfUtils.java:logGet(46)) - raft.rpc.type = GRPC (default)
2023-01-26 17:38:03,261 [Listener at 127.0.0.1/41041] INFO  grpc.GrpcConfigKeys (ConfUtils.java:logFallback(53)) - raft.grpc.admin.host = null (fallback to raft.grpc.server.host)
2023-01-26 17:38:03,261 [Listener at 127.0.0.1/41041] INFO  grpc.GrpcConfigKeys (ConfUtils.java:logGet(46)) - raft.grpc.admin.port = 0 (custom)
2023-01-26 17:38:03,261 [Listener at 127.0.0.1/41041] INFO  grpc.GrpcConfigKeys (ConfUtils.java:logFallback(53)) - raft.grpc.client.host = null (fallback to raft.grpc.server.host)
2023-01-26 17:38:03,262 [Listener at 127.0.0.1/41041] INFO  grpc.GrpcConfigKeys (ConfUtils.java:logGet(46)) - raft.grpc.client.port = 0 (custom)
2023-01-26 17:38:03,262 [Listener at 127.0.0.1/41041] INFO  grpc.GrpcConfigKeys (ConfUtils.java:logGet(46)) - raft.grpc.server.host = null (default)
2023-01-26 17:38:03,262 [Listener at 127.0.0.1/41041] INFO  grpc.GrpcConfigKeys (ConfUtils.java:logGet(46)) - raft.grpc.server.port = 0 (default)
2023-01-26 17:38:03,262 [Listener at 127.0.0.1/41041] INFO  server.GrpcService (ConfUtils.java:logGet(46)) - raft.grpc.message.size.max = 32MB (=33554432) (custom)
2023-01-26 17:38:03,262 [Listener at 127.0.0.1/41041] INFO  server.RaftServerConfigKeys (ConfUtils.java:logGet(46)) - raft.server.log.appender.buffer.byte-limit = 33554432 (custom)
2023-01-26 17:38:03,262 [Listener at 127.0.0.1/41041] INFO  server.GrpcService (ConfUtils.java:logGet(46)) - raft.grpc.flow.control.window = 5MB (=5242880) (custom)
2023-01-26 17:38:03,262 [Listener at 127.0.0.1/41041] INFO  server.RaftServerConfigKeys (ConfUtils.java:logGet(46)) - raft.server.rpc.request.timeout = 60s (custom)
2023-01-26 17:38:03,262 [Listener at 127.0.0.1/41041] INFO  grpc.GrpcConfigKeys (ConfUtils.java:logGet(46)) - raft.grpc.server.heartbeat.channel = true (default)
2023-01-26 17:38:03,262 [Listener at 127.0.0.1/41041] INFO  grpc.GrpcConfigKeys (ConfUtils.java:logGet(46)) - raft.grpc.server.async.request.thread.pool.cached = true (default)
2023-01-26 17:38:03,262 [Listener at 127.0.0.1/41041] INFO  grpc.GrpcConfigKeys (ConfUtils.java:logGet(46)) - raft.grpc.server.async.request.thread.pool.size = 32 (default)
2023-01-26 17:38:03,263 [Listener at 127.0.0.1/41041] INFO  impl.DataStreamServerImpl (ConfUtils.java:logGet(46)) - raft.datastream.type = NETTY (custom)
2023-01-26 17:38:03,264 [Listener at 127.0.0.1/41041] INFO  server.RaftServerConfigKeys (ConfUtils.java:logGet(46)) - raft.server.data-stream.async.request.thread.pool.cached = false (default)
2023-01-26 17:38:03,264 [Listener at 127.0.0.1/41041] INFO  server.RaftServerConfigKeys (ConfUtils.java:logGet(46)) - raft.server.data-stream.async.request.thread.pool.size = 20 (custom)
2023-01-26 17:38:03,264 [Listener at 127.0.0.1/41041] INFO  server.RaftServerConfigKeys (ConfUtils.java:logGet(46)) - raft.server.data-stream.async.write.thread.pool.size = 16 (default)
2023-01-26 17:38:03,264 [Listener at 127.0.0.1/41041] INFO  server.RaftServerConfigKeys (ConfUtils.java:logGet(46)) - raft.server.data-stream.client.pool.size = 10 (default)
2023-01-26 17:38:03,264 [Listener at 127.0.0.1/41041] INFO  netty.NettyConfigKeys$DataStream (ConfUtils.java:logGet(46)) - raft.netty.dataStream.server.use-epoll = false (default)
2023-01-26 17:38:03,264 [Listener at 127.0.0.1/41041] INFO  netty.NettyConfigKeys$DataStream (ConfUtils.java:logGet(46)) - raft.netty.dataStream.server.boss-group.size = 0 (default)
2023-01-26 17:38:03,265 [Listener at 127.0.0.1/41041] INFO  netty.NettyConfigKeys$DataStream (ConfUtils.java:logGet(46)) - raft.netty.dataStream.server.worker-group.size = 0 (default)
2023-01-26 17:38:03,265 [Listener at 127.0.0.1/41041] INFO  netty.NettyConfigKeys$DataStream (ConfUtils.java:logGet(46)) - raft.netty.dataStream.server.tls.conf = null (default)
2023-01-26 17:38:03,265 [Listener at 127.0.0.1/41041] INFO  netty.NettyConfigKeys$DataStream (ConfUtils.java:logGet(46)) - raft.netty.dataStream.host = null (default)
2023-01-26 17:38:03,266 [Listener at 127.0.0.1/41041] INFO  netty.NettyConfigKeys$DataStream (ConfUtils.java:logGet(46)) - raft.netty.dataStream.port = 0 (default)
2023-01-26 17:38:03,268 [Listener at 127.0.0.1/41041] INFO  server.RaftServerConfigKeys (ConfUtils.java:logGet(46)) - raft.server.threadpool.proxy.cached = true (default)
2023-01-26 17:38:03,268 [Listener at 127.0.0.1/41041] INFO  server.RaftServerConfigKeys (ConfUtils.java:logGet(46)) - raft.server.threadpool.proxy.size = 0 (default)
2023-01-26 17:38:03,268 [Listener at 127.0.0.1/41041] INFO  server.RaftServerConfigKeys (ConfUtils.java:logGet(46)) - raft.server.rpc.slowness.timeout = 300s (custom)
2023-01-26 17:38:03,268 [Listener at 127.0.0.1/41041] INFO  server.RaftServerConfigKeys (ConfUtils.java:logGet(46)) - raft.server.leaderelection.leader.step-down.wait-time = 10s (default)
2023-01-26 17:38:03,268 [Listener at 127.0.0.1/41041] INFO  server.RaftServerConfigKeys (ConfUtils.java:logGet(46)) - raft.server.storage.dir = [/home/runner/work/ozone/ozone/hadoop-ozone/integration-test/target/test-dir/MiniOzoneClusterImpl-49a32a1f-b929-42a3-86b3-c5b719d90673/datanode-4/data/ratis] (custom)
2023-01-26 17:38:03,270 [f066a8fd-bb24-4d50-9831-ef193da0c0d0-NettyServerStreamRpc-bossGroup--thread1] INFO  logging.LoggingHandler (AbstractInternalLogger.java:log(148)) - [id: 0xb09664a3] REGISTERED
2023-01-26 17:38:03,270 [f066a8fd-bb24-4d50-9831-ef193da0c0d0-NettyServerStreamRpc-bossGroup--thread1] INFO  logging.LoggingHandler (AbstractInternalLogger.java:log(148)) - [id: 0xb09664a3] BIND: 0.0.0.0/0.0.0.0:0
2023-01-26 17:38:03,270 [f066a8fd-bb24-4d50-9831-ef193da0c0d0-NettyServerStreamRpc-bossGroup--thread1] INFO  logging.LoggingHandler (AbstractInternalLogger.java:log(148)) - [id: 0xb09664a3, L:/0:0:0:0:0:0:0:0:45771] ACTIVE
2023-01-26 17:38:03,273 [Listener at 127.0.0.1/41041] INFO  server.XceiverServerGrpc (XceiverServerGrpc.java:<init>(132)) - GrpcServer channel type EpollServerSocketChannel
2023-01-26 17:38:03,276 [Listener at 127.0.0.1/41041] INFO  http.BaseHttpServer (BaseHttpServer.java:newHttpServer2BuilderForOzone(213)) - Starting Web-server for hddsDatanode at: http://0.0.0.0:0
2023-01-26 17:38:03,276 [Listener at 127.0.0.1/41041] INFO  http.BaseHttpServer (BaseHttpServer.java:<init>(108)) - Hadoop Security Enabled: false Ozone Security Enabled: false Ozone HTTP Security Enabled: false 
2023-01-26 17:38:03,278 [Listener at 127.0.0.1/41041] WARN  server.AuthenticationFilter (AuthenticationFilter.java:constructSecretProvider(240)) - Unable to initialize FileSignerSecretProvider, falling back to use random secrets. Reason: Could not read signature secret file: /home/runner/hadoop-http-auth-signature-secret
2023-01-26 17:38:03,278 [Listener at 127.0.0.1/41041] WARN  http.HttpRequestLog (HttpRequestLog.java:getRequestLog(103)) - Jetty request log can only be enabled using Log4j
2023-01-26 17:38:03,282 [Listener at 127.0.0.1/41041] INFO  http.HttpServer2 (HttpServer2.java:addGlobalFilter(1031)) - Added global filter 'safety' (class=org.apache.hadoop.hdds.server.http.HttpServer2$QuotingInputFilter)
2023-01-26 17:38:03,284 [Listener at 127.0.0.1/41041] INFO  http.HttpServer2 (HttpServer2.java:addFilter(1007)) - Added filter static_user_filter (class=org.apache.hadoop.http.lib.StaticUserWebFilter$StaticUserFilter) to context hddsDatanode
2023-01-26 17:38:03,284 [Listener at 127.0.0.1/41041] INFO  http.HttpServer2 (HttpServer2.java:addFilter(1015)) - Added filter static_user_filter (class=org.apache.hadoop.http.lib.StaticUserWebFilter$StaticUserFilter) to context static
2023-01-26 17:38:03,284 [Listener at 127.0.0.1/41041] INFO  http.HttpServer2 (HttpServer2.java:addFilter(1015)) - Added filter static_user_filter (class=org.apache.hadoop.http.lib.StaticUserWebFilter$StaticUserFilter) to context logs
2023-01-26 17:38:03,286 [Listener at 127.0.0.1/41041] INFO  http.HttpServer2 (HttpServer2.java:bindListener(1250)) - Jetty bound to port 33985
2023-01-26 17:38:03,286 [Listener at 127.0.0.1/41041] INFO  server.Server (Server.java:doStart(375)) - jetty-9.4.49.v20220914; built: 2022-09-14T01:07:36.601Z; git: 4231a3b2e4cb8548a412a789936d640a97b1aa0a; jvm 1.8.0_352-b08
2023-01-26 17:38:03,288 [Listener at 127.0.0.1/41041] INFO  server.session (DefaultSessionIdManager.java:doStart(334)) - DefaultSessionIdManager workerName=node0
2023-01-26 17:38:03,288 [Listener at 127.0.0.1/41041] INFO  server.session (DefaultSessionIdManager.java:doStart(339)) - No SessionScavenger set, using defaults
2023-01-26 17:38:03,289 [Listener at 127.0.0.1/41041] INFO  server.session (HouseKeeper.java:startScavenging(132)) - node0 Scavenging every 660000ms
2023-01-26 17:38:03,290 [Listener at 127.0.0.1/41041] INFO  handler.ContextHandler (ContextHandler.java:doStart(921)) - Started o.e.j.s.ServletContextHandler@4b502aea{logs,/logs,file:///home/runner/work/ozone/ozone/hadoop-ozone/integration-test/target/log,AVAILABLE}
2023-01-26 17:38:03,291 [Listener at 127.0.0.1/41041] INFO  handler.ContextHandler (ContextHandler.java:doStart(921)) - Started o.e.j.s.ServletContextHandler@56d1e9e6{static,/static,jar:file:/home/runner/.m2/repository/org/apache/ozone/hdds-container-service/1.4.0-SNAPSHOT/hdds-container-service-1.4.0-SNAPSHOT.jar!/webapps/static,AVAILABLE}
2023-01-26 17:38:03,460 [Listener at 127.0.0.1/41041] INFO  handler.ContextHandler (ContextHandler.java:doStart(921)) - Started o.e.j.w.WebAppContext@4aa16b76{hddsDatanode,/,file:///tmp/jetty-0_0_0_0-33985-hdds-container-service-1_4_0-SNAPSHOT_jar-_-any-7406462963278292924/webapp/,AVAILABLE}{jar:file:/home/runner/.m2/repository/org/apache/ozone/hdds-container-service/1.4.0-SNAPSHOT/hdds-container-service-1.4.0-SNAPSHOT.jar!/webapps/hddsDatanode}
2023-01-26 17:38:03,461 [Listener at 127.0.0.1/41041] INFO  server.AbstractConnector (AbstractConnector.java:doStart(333)) - Started ServerConnector@a7b3ec5{HTTP/1.1, (http/1.1)}{0.0.0.0:33985}
2023-01-26 17:38:03,462 [Listener at 127.0.0.1/41041] INFO  server.Server (Server.java:doStart(415)) - Started @9579ms
2023-01-26 17:38:03,462 [Listener at 127.0.0.1/41041] WARN  impl.MetricsSystemImpl (MetricsSystemImpl.java:register(279)) - Sink prometheus already exists!
2023-01-26 17:38:03,462 [Listener at 127.0.0.1/41041] INFO  http.BaseHttpServer (BaseHttpServer.java:updateConnectorAddress(333)) - HTTP server of hddsDatanode listening at http://0.0.0.0:33985
2023-01-26 17:38:03,463 [Datanode State Machine Daemon Thread] INFO  statemachine.DatanodeStateMachine (DatanodeStateMachine.java:lambda$startDaemon$0(519)) - Ozone container server started.
2023-01-26 17:38:03,464 [Listener at 127.0.0.1/41041] WARN  impl.MetricRegistriesImpl (MetricRegistriesImpl.java:addReporterRegistration(111)) - New reporters are added after registries were created. Some metrics will be missing from the reporter. Please add reporter before adding any new registry.
2023-01-26 17:38:03,464 [Listener at 127.0.0.1/41041] WARN  impl.MetricRegistriesImpl (MetricRegistriesImpl.java:addReporterRegistration(111)) - New reporters are added after registries were created. Some metrics will be missing from the reporter. Please add reporter before adding any new registry.
2023-01-26 17:38:03,464 [Listener at 127.0.0.1/41041] INFO  impl.MetricsSystemImpl (MetricsSystemImpl.java:init(158)) - HddsDatanode metrics system started (again)
2023-01-26 17:38:03,487 [org.apache.hadoop.util.JvmPauseMonitor$Monitor@d317eb0] INFO  util.JvmPauseMonitor (JvmPauseMonitor.java:run(188)) - Starting JVM pause monitor
2023-01-26 17:38:03,488 [Datanode State Machine Task Thread - 0] INFO  datanode.InitDatanodeState (InitDatanodeState.java:persistContainerDatanodeDetails(138)) - DatanodeDetails is persisted to /home/runner/work/ozone/ozone/hadoop-ozone/integration-test/target/test-dir/MiniOzoneClusterImpl-49a32a1f-b929-42a3-86b3-c5b719d90673/datanode-4/meta/datanode.id
2023-01-26 17:38:03,491 [Listener at 127.0.0.1/41041] INFO  ozone.HddsDatanodeService (HddsDatanodeService.java:start(228)) - HddsDatanodeService host:fv-az77-38 ip:10.1.0.73
2023-01-26 17:38:03,513 [Listener at 127.0.0.1/41041] INFO  upgrade.AbstractLayoutVersionManager (AbstractLayoutVersionManager.java:init(83)) - Initializing Layout version manager with metadata layout = DATANODE_SCHEMA_V3 (version = 4), software layout = DATANODE_SCHEMA_V3 (version = 4)
2023-01-26 17:38:03,560 [Listener at 127.0.0.1/41041] INFO  reflections.Reflections (Reflections.java:scan(232)) - Reflections took 45 ms to scan 7 urls, producing 150 keys and 359 values 
2023-01-26 17:38:03,562 [Listener at 127.0.0.1/41041] INFO  statemachine.DatanodeStateMachine (DatanodeStateMachine.java:getEndPointTaskThreadPoolSize(259)) - Datanode State Machine Task Thread Pool size 2
2023-01-26 17:38:03,566 [Listener at 127.0.0.1/41041] INFO  volume.HddsVolume (HddsVolume.java:<init>(117)) - Creating HddsVolume: /home/runner/work/ozone/ozone/hadoop-ozone/integration-test/target/test-dir/MiniOzoneClusterImpl-49a32a1f-b929-42a3-86b3-c5b719d90673/datanode-5/data-0/containers/hdds of storage type : DISK capacity : 9223372036854775807
2023-01-26 17:38:03,566 [Listener at 127.0.0.1/41041] INFO  volume.MutableVolumeSet (MutableVolumeSet.java:initializeVolumeSet(174)) - Added Volume : /home/runner/work/ozone/ozone/hadoop-ozone/integration-test/target/test-dir/MiniOzoneClusterImpl-49a32a1f-b929-42a3-86b3-c5b719d90673/datanode-5/data-0/containers/hdds to VolumeSet
2023-01-26 17:38:03,566 [Listener at 127.0.0.1/41041] INFO  volume.ThrottledAsyncChecker (ThrottledAsyncChecker.java:schedule(141)) - Scheduling a check for /home/runner/work/ozone/ozone/hadoop-ozone/integration-test/target/test-dir/MiniOzoneClusterImpl-49a32a1f-b929-42a3-86b3-c5b719d90673/datanode-5/data-0/containers/hdds
2023-01-26 17:38:03,571 [Listener at 127.0.0.1/41041] INFO  volume.StorageVolumeChecker (StorageVolumeChecker.java:checkAllVolumes(202)) - Scheduled health check for volume /home/runner/work/ozone/ozone/hadoop-ozone/integration-test/target/test-dir/MiniOzoneClusterImpl-49a32a1f-b929-42a3-86b3-c5b719d90673/datanode-5/data-0/containers/hdds
2023-01-26 17:38:03,582 [Listener at 127.0.0.1/41041] INFO  volume.MutableVolumeSet (MutableVolumeSet.java:initializeVolumeSet(174)) - Added Volume : /home/runner/work/ozone/ozone/hadoop-ozone/integration-test/target/test-dir/MiniOzoneClusterImpl-49a32a1f-b929-42a3-86b3-c5b719d90673/datanode-5/data/ratis to VolumeSet
2023-01-26 17:38:03,583 [Listener at 127.0.0.1/41041] INFO  volume.ThrottledAsyncChecker (ThrottledAsyncChecker.java:schedule(141)) - Scheduling a check for /home/runner/work/ozone/ozone/hadoop-ozone/integration-test/target/test-dir/MiniOzoneClusterImpl-49a32a1f-b929-42a3-86b3-c5b719d90673/datanode-5/data/ratis
2023-01-26 17:38:03,583 [Listener at 127.0.0.1/41041] INFO  volume.StorageVolumeChecker (StorageVolumeChecker.java:checkAllVolumes(202)) - Scheduled health check for volume /home/runner/work/ozone/ozone/hadoop-ozone/integration-test/target/test-dir/MiniOzoneClusterImpl-49a32a1f-b929-42a3-86b3-c5b719d90673/datanode-5/data/ratis
2023-01-26 17:38:03,593 [Thread-208] INFO  ozoneimpl.ContainerReader (ContainerReader.java:readVolume(175)) - Finish verifying containers on volume /home/runner/work/ozone/ozone/hadoop-ozone/integration-test/target/test-dir/MiniOzoneClusterImpl-49a32a1f-b929-42a3-86b3-c5b719d90673/datanode-5/data-0/containers/hdds
2023-01-26 17:38:03,594 [Listener at 127.0.0.1/41041] INFO  ozoneimpl.OzoneContainer (OzoneContainer.java:buildContainerSet(305)) - Build ContainerSet costs 0s
2023-01-26 17:38:03,597 [Listener at 127.0.0.1/41041] INFO  server.RaftServer (ConfUtils.java:logGet(46)) - raft.rpc.type = GRPC (default)
2023-01-26 17:38:03,597 [Listener at 127.0.0.1/41041] INFO  grpc.GrpcConfigKeys (ConfUtils.java:logFallback(53)) - raft.grpc.admin.host = null (fallback to raft.grpc.server.host)
2023-01-26 17:38:03,598 [Listener at 127.0.0.1/41041] INFO  grpc.GrpcConfigKeys (ConfUtils.java:logGet(46)) - raft.grpc.admin.port = 0 (custom)
2023-01-26 17:38:03,598 [Listener at 127.0.0.1/41041] INFO  grpc.GrpcConfigKeys (ConfUtils.java:logFallback(53)) - raft.grpc.client.host = null (fallback to raft.grpc.server.host)
2023-01-26 17:38:03,598 [Listener at 127.0.0.1/41041] INFO  grpc.GrpcConfigKeys (ConfUtils.java:logGet(46)) - raft.grpc.client.port = 0 (custom)
2023-01-26 17:38:03,598 [Listener at 127.0.0.1/41041] INFO  grpc.GrpcConfigKeys (ConfUtils.java:logGet(46)) - raft.grpc.server.host = null (default)
2023-01-26 17:38:03,598 [Listener at 127.0.0.1/41041] INFO  grpc.GrpcConfigKeys (ConfUtils.java:logGet(46)) - raft.grpc.server.port = 0 (default)
2023-01-26 17:38:03,598 [Listener at 127.0.0.1/41041] INFO  server.GrpcService (ConfUtils.java:logGet(46)) - raft.grpc.message.size.max = 32MB (=33554432) (custom)
2023-01-26 17:38:03,598 [Listener at 127.0.0.1/41041] INFO  server.RaftServerConfigKeys (ConfUtils.java:logGet(46)) - raft.server.log.appender.buffer.byte-limit = 33554432 (custom)
2023-01-26 17:38:03,598 [Listener at 127.0.0.1/41041] INFO  server.GrpcService (ConfUtils.java:logGet(46)) - raft.grpc.flow.control.window = 5MB (=5242880) (custom)
2023-01-26 17:38:03,598 [Listener at 127.0.0.1/41041] INFO  server.RaftServerConfigKeys (ConfUtils.java:logGet(46)) - raft.server.rpc.request.timeout = 60s (custom)
2023-01-26 17:38:03,599 [Listener at 127.0.0.1/41041] INFO  grpc.GrpcConfigKeys (ConfUtils.java:logGet(46)) - raft.grpc.server.heartbeat.channel = true (default)
2023-01-26 17:38:03,599 [Listener at 127.0.0.1/41041] INFO  grpc.GrpcConfigKeys (ConfUtils.java:logGet(46)) - raft.grpc.server.async.request.thread.pool.cached = true (default)
2023-01-26 17:38:03,599 [Listener at 127.0.0.1/41041] INFO  grpc.GrpcConfigKeys (ConfUtils.java:logGet(46)) - raft.grpc.server.async.request.thread.pool.size = 32 (default)
2023-01-26 17:38:03,600 [Listener at 127.0.0.1/41041] INFO  impl.DataStreamServerImpl (ConfUtils.java:logGet(46)) - raft.datastream.type = NETTY (custom)
2023-01-26 17:38:03,600 [Listener at 127.0.0.1/41041] INFO  server.RaftServerConfigKeys (ConfUtils.java:logGet(46)) - raft.server.data-stream.async.request.thread.pool.cached = false (default)
2023-01-26 17:38:03,601 [Listener at 127.0.0.1/41041] INFO  server.RaftServerConfigKeys (ConfUtils.java:logGet(46)) - raft.server.data-stream.async.request.thread.pool.size = 20 (custom)
2023-01-26 17:38:03,601 [Listener at 127.0.0.1/41041] INFO  server.RaftServerConfigKeys (ConfUtils.java:logGet(46)) - raft.server.data-stream.async.write.thread.pool.size = 16 (default)
2023-01-26 17:38:03,601 [Listener at 127.0.0.1/41041] INFO  server.RaftServerConfigKeys (ConfUtils.java:logGet(46)) - raft.server.data-stream.client.pool.size = 10 (default)
2023-01-26 17:38:03,601 [Listener at 127.0.0.1/41041] INFO  netty.NettyConfigKeys$DataStream (ConfUtils.java:logGet(46)) - raft.netty.dataStream.server.use-epoll = false (default)
2023-01-26 17:38:03,601 [Listener at 127.0.0.1/41041] INFO  netty.NettyConfigKeys$DataStream (ConfUtils.java:logGet(46)) - raft.netty.dataStream.server.boss-group.size = 0 (default)
2023-01-26 17:38:03,601 [Listener at 127.0.0.1/41041] INFO  netty.NettyConfigKeys$DataStream (ConfUtils.java:logGet(46)) - raft.netty.dataStream.server.worker-group.size = 0 (default)
2023-01-26 17:38:03,602 [Listener at 127.0.0.1/41041] INFO  netty.NettyConfigKeys$DataStream (ConfUtils.java:logGet(46)) - raft.netty.dataStream.server.tls.conf = null (default)
2023-01-26 17:38:03,602 [Listener at 127.0.0.1/41041] INFO  netty.NettyConfigKeys$DataStream (ConfUtils.java:logGet(46)) - raft.netty.dataStream.host = null (default)
2023-01-26 17:38:03,602 [Listener at 127.0.0.1/41041] INFO  netty.NettyConfigKeys$DataStream (ConfUtils.java:logGet(46)) - raft.netty.dataStream.port = 0 (default)
2023-01-26 17:38:03,602 [Listener at 127.0.0.1/41041] INFO  server.RaftServerConfigKeys (ConfUtils.java:logGet(46)) - raft.server.threadpool.proxy.cached = true (default)
2023-01-26 17:38:03,603 [Listener at 127.0.0.1/41041] INFO  server.RaftServerConfigKeys (ConfUtils.java:logGet(46)) - raft.server.threadpool.proxy.size = 0 (default)
2023-01-26 17:38:03,603 [Listener at 127.0.0.1/41041] INFO  server.RaftServerConfigKeys (ConfUtils.java:logGet(46)) - raft.server.rpc.slowness.timeout = 300s (custom)
2023-01-26 17:38:03,603 [Listener at 127.0.0.1/41041] INFO  server.RaftServerConfigKeys (ConfUtils.java:logGet(46)) - raft.server.leaderelection.leader.step-down.wait-time = 10s (default)
2023-01-26 17:38:03,603 [Listener at 127.0.0.1/41041] INFO  server.RaftServerConfigKeys (ConfUtils.java:logGet(46)) - raft.server.storage.dir = [/home/runner/work/ozone/ozone/hadoop-ozone/integration-test/target/test-dir/MiniOzoneClusterImpl-49a32a1f-b929-42a3-86b3-c5b719d90673/datanode-5/data/ratis] (custom)
2023-01-26 17:38:03,611 [49ad5a47-7d1f-45bf-afe9-a53f24515e29-NettyServerStreamRpc-bossGroup--thread1] INFO  logging.LoggingHandler (AbstractInternalLogger.java:log(148)) - [id: 0x7e42c141] REGISTERED
2023-01-26 17:38:03,611 [49ad5a47-7d1f-45bf-afe9-a53f24515e29-NettyServerStreamRpc-bossGroup--thread1] INFO  logging.LoggingHandler (AbstractInternalLogger.java:log(148)) - [id: 0x7e42c141] BIND: 0.0.0.0/0.0.0.0:0
2023-01-26 17:38:03,611 [49ad5a47-7d1f-45bf-afe9-a53f24515e29-NettyServerStreamRpc-bossGroup--thread1] INFO  logging.LoggingHandler (AbstractInternalLogger.java:log(148)) - [id: 0x7e42c141, L:/0:0:0:0:0:0:0:0:45593] ACTIVE
2023-01-26 17:38:03,612 [Listener at 127.0.0.1/41041] INFO  server.XceiverServerGrpc (XceiverServerGrpc.java:<init>(132)) - GrpcServer channel type EpollServerSocketChannel
2023-01-26 17:38:03,617 [Listener at 127.0.0.1/41041] INFO  http.BaseHttpServer (BaseHttpServer.java:newHttpServer2BuilderForOzone(213)) - Starting Web-server for hddsDatanode at: http://0.0.0.0:0
2023-01-26 17:38:03,617 [Listener at 127.0.0.1/41041] INFO  http.BaseHttpServer (BaseHttpServer.java:<init>(108)) - Hadoop Security Enabled: false Ozone Security Enabled: false Ozone HTTP Security Enabled: false 
2023-01-26 17:38:03,618 [Listener at 127.0.0.1/41041] WARN  server.AuthenticationFilter (AuthenticationFilter.java:constructSecretProvider(240)) - Unable to initialize FileSignerSecretProvider, falling back to use random secrets. Reason: Could not read signature secret file: /home/runner/hadoop-http-auth-signature-secret
2023-01-26 17:38:03,619 [Listener at 127.0.0.1/41041] WARN  http.HttpRequestLog (HttpRequestLog.java:getRequestLog(103)) - Jetty request log can only be enabled using Log4j
2023-01-26 17:38:03,620 [Listener at 127.0.0.1/41041] INFO  http.HttpServer2 (HttpServer2.java:addGlobalFilter(1031)) - Added global filter 'safety' (class=org.apache.hadoop.hdds.server.http.HttpServer2$QuotingInputFilter)
2023-01-26 17:38:03,621 [Listener at 127.0.0.1/41041] INFO  http.HttpServer2 (HttpServer2.java:addFilter(1007)) - Added filter static_user_filter (class=org.apache.hadoop.http.lib.StaticUserWebFilter$StaticUserFilter) to context hddsDatanode
2023-01-26 17:38:03,621 [Listener at 127.0.0.1/41041] INFO  http.HttpServer2 (HttpServer2.java:addFilter(1015)) - Added filter static_user_filter (class=org.apache.hadoop.http.lib.StaticUserWebFilter$StaticUserFilter) to context logs
2023-01-26 17:38:03,621 [Listener at 127.0.0.1/41041] INFO  http.HttpServer2 (HttpServer2.java:addFilter(1015)) - Added filter static_user_filter (class=org.apache.hadoop.http.lib.StaticUserWebFilter$StaticUserFilter) to context static
2023-01-26 17:38:03,622 [Listener at 127.0.0.1/41041] INFO  http.HttpServer2 (HttpServer2.java:bindListener(1250)) - Jetty bound to port 36825
2023-01-26 17:38:03,622 [Listener at 127.0.0.1/41041] INFO  server.Server (Server.java:doStart(375)) - jetty-9.4.49.v20220914; built: 2022-09-14T01:07:36.601Z; git: 4231a3b2e4cb8548a412a789936d640a97b1aa0a; jvm 1.8.0_352-b08
2023-01-26 17:38:03,629 [Listener at 127.0.0.1/41041] INFO  server.session (DefaultSessionIdManager.java:doStart(334)) - DefaultSessionIdManager workerName=node0
2023-01-26 17:38:03,630 [Listener at 127.0.0.1/41041] INFO  server.session (DefaultSessionIdManager.java:doStart(339)) - No SessionScavenger set, using defaults
2023-01-26 17:38:03,630 [Listener at 127.0.0.1/41041] INFO  server.session (HouseKeeper.java:startScavenging(132)) - node0 Scavenging every 660000ms
2023-01-26 17:38:03,631 [Listener at 127.0.0.1/41041] INFO  handler.ContextHandler (ContextHandler.java:doStart(921)) - Started o.e.j.s.ServletContextHandler@5db13401{logs,/logs,file:///home/runner/work/ozone/ozone/hadoop-ozone/integration-test/target/log,AVAILABLE}
2023-01-26 17:38:03,631 [Listener at 127.0.0.1/41041] INFO  handler.ContextHandler (ContextHandler.java:doStart(921)) - Started o.e.j.s.ServletContextHandler@7c52d599{static,/static,jar:file:/home/runner/.m2/repository/org/apache/ozone/hdds-container-service/1.4.0-SNAPSHOT/hdds-container-service-1.4.0-SNAPSHOT.jar!/webapps/static,AVAILABLE}
2023-01-26 17:38:03,799 [Listener at 127.0.0.1/41041] INFO  handler.ContextHandler (ContextHandler.java:doStart(921)) - Started o.e.j.w.WebAppContext@233f9fc{hddsDatanode,/,file:///tmp/jetty-0_0_0_0-36825-hdds-container-service-1_4_0-SNAPSHOT_jar-_-any-5232967921250531915/webapp/,AVAILABLE}{jar:file:/home/runner/.m2/repository/org/apache/ozone/hdds-container-service/1.4.0-SNAPSHOT/hdds-container-service-1.4.0-SNAPSHOT.jar!/webapps/hddsDatanode}
2023-01-26 17:38:03,800 [Listener at 127.0.0.1/41041] INFO  server.AbstractConnector (AbstractConnector.java:doStart(333)) - Started ServerConnector@5dbc262c{HTTP/1.1, (http/1.1)}{0.0.0.0:36825}
2023-01-26 17:38:03,801 [Listener at 127.0.0.1/41041] INFO  server.Server (Server.java:doStart(415)) - Started @9918ms
2023-01-26 17:38:03,801 [Listener at 127.0.0.1/41041] WARN  impl.MetricsSystemImpl (MetricsSystemImpl.java:register(279)) - Sink prometheus already exists!
2023-01-26 17:38:03,801 [Listener at 127.0.0.1/41041] INFO  http.BaseHttpServer (BaseHttpServer.java:updateConnectorAddress(333)) - HTTP server of hddsDatanode listening at http://0.0.0.0:36825
2023-01-26 17:38:03,802 [Listener at 127.0.0.1/41041] WARN  impl.MetricRegistriesImpl (MetricRegistriesImpl.java:addReporterRegistration(111)) - New reporters are added after registries were created. Some metrics will be missing from the reporter. Please add reporter before adding any new registry.
2023-01-26 17:38:03,802 [Listener at 127.0.0.1/41041] WARN  impl.MetricRegistriesImpl (MetricRegistriesImpl.java:addReporterRegistration(111)) - New reporters are added after registries were created. Some metrics will be missing from the reporter. Please add reporter before adding any new registry.
2023-01-26 17:38:03,802 [Listener at 127.0.0.1/41041] INFO  impl.MetricsSystemImpl (MetricsSystemImpl.java:init(158)) - HddsDatanode metrics system started (again)
2023-01-26 17:38:03,803 [Datanode State Machine Daemon Thread] INFO  statemachine.DatanodeStateMachine (DatanodeStateMachine.java:lambda$startDaemon$0(519)) - Ozone container server started.
2023-01-26 17:38:03,817 [org.apache.hadoop.util.JvmPauseMonitor$Monitor@377cdf70] INFO  util.JvmPauseMonitor (JvmPauseMonitor.java:run(188)) - Starting JVM pause monitor
2023-01-26 17:38:03,819 [Datanode State Machine Task Thread - 0] INFO  datanode.InitDatanodeState (InitDatanodeState.java:persistContainerDatanodeDetails(138)) - DatanodeDetails is persisted to /home/runner/work/ozone/ozone/hadoop-ozone/integration-test/target/test-dir/MiniOzoneClusterImpl-49a32a1f-b929-42a3-86b3-c5b719d90673/datanode-5/meta/datanode.id
2023-01-26 17:38:03,825 [Listener at 127.0.0.1/41041] INFO  ozone.HddsDatanodeService (HddsDatanodeService.java:start(228)) - HddsDatanodeService host:fv-az77-38 ip:10.1.0.73
2023-01-26 17:38:03,845 [Listener at 127.0.0.1/41041] INFO  upgrade.AbstractLayoutVersionManager (AbstractLayoutVersionManager.java:init(83)) - Initializing Layout version manager with metadata layout = DATANODE_SCHEMA_V3 (version = 4), software layout = DATANODE_SCHEMA_V3 (version = 4)
2023-01-26 17:38:03,900 [Listener at 127.0.0.1/41041] INFO  reflections.Reflections (Reflections.java:scan(232)) - Reflections took 53 ms to scan 7 urls, producing 150 keys and 359 values 
2023-01-26 17:38:03,936 [Listener at 127.0.0.1/41041] INFO  statemachine.DatanodeStateMachine (DatanodeStateMachine.java:getEndPointTaskThreadPoolSize(259)) - Datanode State Machine Task Thread Pool size 2
2023-01-26 17:38:03,939 [Listener at 127.0.0.1/41041] INFO  volume.HddsVolume (HddsVolume.java:<init>(117)) - Creating HddsVolume: /home/runner/work/ozone/ozone/hadoop-ozone/integration-test/target/test-dir/MiniOzoneClusterImpl-49a32a1f-b929-42a3-86b3-c5b719d90673/datanode-6/data-0/containers/hdds of storage type : DISK capacity : 9223372036854775807
2023-01-26 17:38:03,939 [Listener at 127.0.0.1/41041] INFO  volume.MutableVolumeSet (MutableVolumeSet.java:initializeVolumeSet(174)) - Added Volume : /home/runner/work/ozone/ozone/hadoop-ozone/integration-test/target/test-dir/MiniOzoneClusterImpl-49a32a1f-b929-42a3-86b3-c5b719d90673/datanode-6/data-0/containers/hdds to VolumeSet
2023-01-26 17:38:03,939 [Listener at 127.0.0.1/41041] INFO  volume.ThrottledAsyncChecker (ThrottledAsyncChecker.java:schedule(141)) - Scheduling a check for /home/runner/work/ozone/ozone/hadoop-ozone/integration-test/target/test-dir/MiniOzoneClusterImpl-49a32a1f-b929-42a3-86b3-c5b719d90673/datanode-6/data-0/containers/hdds
2023-01-26 17:38:03,940 [Listener at 127.0.0.1/41041] INFO  volume.StorageVolumeChecker (StorageVolumeChecker.java:checkAllVolumes(202)) - Scheduled health check for volume /home/runner/work/ozone/ozone/hadoop-ozone/integration-test/target/test-dir/MiniOzoneClusterImpl-49a32a1f-b929-42a3-86b3-c5b719d90673/datanode-6/data-0/containers/hdds
2023-01-26 17:38:03,960 [Listener at 127.0.0.1/41041] INFO  volume.MutableVolumeSet (MutableVolumeSet.java:initializeVolumeSet(174)) - Added Volume : /home/runner/work/ozone/ozone/hadoop-ozone/integration-test/target/test-dir/MiniOzoneClusterImpl-49a32a1f-b929-42a3-86b3-c5b719d90673/datanode-6/data/ratis to VolumeSet
2023-01-26 17:38:03,960 [Listener at 127.0.0.1/41041] INFO  volume.ThrottledAsyncChecker (ThrottledAsyncChecker.java:schedule(141)) - Scheduling a check for /home/runner/work/ozone/ozone/hadoop-ozone/integration-test/target/test-dir/MiniOzoneClusterImpl-49a32a1f-b929-42a3-86b3-c5b719d90673/datanode-6/data/ratis
2023-01-26 17:38:03,961 [Listener at 127.0.0.1/41041] INFO  volume.StorageVolumeChecker (StorageVolumeChecker.java:checkAllVolumes(202)) - Scheduled health check for volume /home/runner/work/ozone/ozone/hadoop-ozone/integration-test/target/test-dir/MiniOzoneClusterImpl-49a32a1f-b929-42a3-86b3-c5b719d90673/datanode-6/data/ratis
2023-01-26 17:38:03,977 [Thread-223] INFO  ozoneimpl.ContainerReader (ContainerReader.java:readVolume(175)) - Finish verifying containers on volume /home/runner/work/ozone/ozone/hadoop-ozone/integration-test/target/test-dir/MiniOzoneClusterImpl-49a32a1f-b929-42a3-86b3-c5b719d90673/datanode-6/data-0/containers/hdds
2023-01-26 17:38:03,978 [Listener at 127.0.0.1/41041] INFO  ozoneimpl.OzoneContainer (OzoneContainer.java:buildContainerSet(305)) - Build ContainerSet costs 0s
2023-01-26 17:38:03,982 [Listener at 127.0.0.1/41041] INFO  server.RaftServer (ConfUtils.java:logGet(46)) - raft.rpc.type = GRPC (default)
2023-01-26 17:38:03,983 [Listener at 127.0.0.1/41041] INFO  grpc.GrpcConfigKeys (ConfUtils.java:logFallback(53)) - raft.grpc.admin.host = null (fallback to raft.grpc.server.host)
2023-01-26 17:38:03,983 [Listener at 127.0.0.1/41041] INFO  grpc.GrpcConfigKeys (ConfUtils.java:logGet(46)) - raft.grpc.admin.port = 0 (custom)
2023-01-26 17:38:03,983 [Listener at 127.0.0.1/41041] INFO  grpc.GrpcConfigKeys (ConfUtils.java:logFallback(53)) - raft.grpc.client.host = null (fallback to raft.grpc.server.host)
2023-01-26 17:38:03,983 [Listener at 127.0.0.1/41041] INFO  grpc.GrpcConfigKeys (ConfUtils.java:logGet(46)) - raft.grpc.client.port = 0 (custom)
2023-01-26 17:38:03,983 [Listener at 127.0.0.1/41041] INFO  grpc.GrpcConfigKeys (ConfUtils.java:logGet(46)) - raft.grpc.server.host = null (default)
2023-01-26 17:38:03,984 [Listener at 127.0.0.1/41041] INFO  grpc.GrpcConfigKeys (ConfUtils.java:logGet(46)) - raft.grpc.server.port = 0 (default)
2023-01-26 17:38:03,986 [Listener at 127.0.0.1/41041] INFO  server.GrpcService (ConfUtils.java:logGet(46)) - raft.grpc.message.size.max = 32MB (=33554432) (custom)
2023-01-26 17:38:03,986 [Listener at 127.0.0.1/41041] INFO  server.RaftServerConfigKeys (ConfUtils.java:logGet(46)) - raft.server.log.appender.buffer.byte-limit = 33554432 (custom)
2023-01-26 17:38:03,986 [Listener at 127.0.0.1/41041] INFO  server.GrpcService (ConfUtils.java:logGet(46)) - raft.grpc.flow.control.window = 5MB (=5242880) (custom)
2023-01-26 17:38:03,986 [Listener at 127.0.0.1/41041] INFO  server.RaftServerConfigKeys (ConfUtils.java:logGet(46)) - raft.server.rpc.request.timeout = 60s (custom)
2023-01-26 17:38:03,986 [Listener at 127.0.0.1/41041] INFO  grpc.GrpcConfigKeys (ConfUtils.java:logGet(46)) - raft.grpc.server.heartbeat.channel = true (default)
2023-01-26 17:38:03,987 [Listener at 127.0.0.1/41041] INFO  grpc.GrpcConfigKeys (ConfUtils.java:logGet(46)) - raft.grpc.server.async.request.thread.pool.cached = true (default)
2023-01-26 17:38:03,987 [Listener at 127.0.0.1/41041] INFO  grpc.GrpcConfigKeys (ConfUtils.java:logGet(46)) - raft.grpc.server.async.request.thread.pool.size = 32 (default)
2023-01-26 17:38:03,989 [Listener at 127.0.0.1/41041] INFO  impl.DataStreamServerImpl (ConfUtils.java:logGet(46)) - raft.datastream.type = NETTY (custom)
2023-01-26 17:38:03,990 [Listener at 127.0.0.1/41041] INFO  server.RaftServerConfigKeys (ConfUtils.java:logGet(46)) - raft.server.data-stream.async.request.thread.pool.cached = false (default)
2023-01-26 17:38:03,990 [Listener at 127.0.0.1/41041] INFO  server.RaftServerConfigKeys (ConfUtils.java:logGet(46)) - raft.server.data-stream.async.request.thread.pool.size = 20 (custom)
2023-01-26 17:38:03,990 [Listener at 127.0.0.1/41041] INFO  server.RaftServerConfigKeys (ConfUtils.java:logGet(46)) - raft.server.data-stream.async.write.thread.pool.size = 16 (default)
2023-01-26 17:38:03,990 [Listener at 127.0.0.1/41041] INFO  server.RaftServerConfigKeys (ConfUtils.java:logGet(46)) - raft.server.data-stream.client.pool.size = 10 (default)
2023-01-26 17:38:03,990 [Listener at 127.0.0.1/41041] INFO  netty.NettyConfigKeys$DataStream (ConfUtils.java:logGet(46)) - raft.netty.dataStream.server.use-epoll = false (default)
2023-01-26 17:38:03,991 [Listener at 127.0.0.1/41041] INFO  netty.NettyConfigKeys$DataStream (ConfUtils.java:logGet(46)) - raft.netty.dataStream.server.boss-group.size = 0 (default)
2023-01-26 17:38:03,991 [Listener at 127.0.0.1/41041] INFO  netty.NettyConfigKeys$DataStream (ConfUtils.java:logGet(46)) - raft.netty.dataStream.server.worker-group.size = 0 (default)
2023-01-26 17:38:03,991 [Listener at 127.0.0.1/41041] INFO  netty.NettyConfigKeys$DataStream (ConfUtils.java:logGet(46)) - raft.netty.dataStream.server.tls.conf = null (default)
2023-01-26 17:38:03,991 [Listener at 127.0.0.1/41041] INFO  netty.NettyConfigKeys$DataStream (ConfUtils.java:logGet(46)) - raft.netty.dataStream.host = null (default)
2023-01-26 17:38:03,992 [Listener at 127.0.0.1/41041] INFO  netty.NettyConfigKeys$DataStream (ConfUtils.java:logGet(46)) - raft.netty.dataStream.port = 0 (default)
2023-01-26 17:38:03,992 [Listener at 127.0.0.1/41041] INFO  server.RaftServerConfigKeys (ConfUtils.java:logGet(46)) - raft.server.threadpool.proxy.cached = true (default)
2023-01-26 17:38:03,992 [Listener at 127.0.0.1/41041] INFO  server.RaftServerConfigKeys (ConfUtils.java:logGet(46)) - raft.server.threadpool.proxy.size = 0 (default)
2023-01-26 17:38:03,993 [Listener at 127.0.0.1/41041] INFO  server.RaftServerConfigKeys (ConfUtils.java:logGet(46)) - raft.server.rpc.slowness.timeout = 300s (custom)
2023-01-26 17:38:03,993 [Listener at 127.0.0.1/41041] INFO  server.RaftServerConfigKeys (ConfUtils.java:logGet(46)) - raft.server.leaderelection.leader.step-down.wait-time = 10s (default)
2023-01-26 17:38:03,994 [Listener at 127.0.0.1/41041] INFO  server.RaftServerConfigKeys (ConfUtils.java:logGet(46)) - raft.server.storage.dir = [/home/runner/work/ozone/ozone/hadoop-ozone/integration-test/target/test-dir/MiniOzoneClusterImpl-49a32a1f-b929-42a3-86b3-c5b719d90673/datanode-6/data/ratis] (custom)
2023-01-26 17:38:04,006 [1c9aed28-9cdb-4eb7-a568-9d4d50a7e5ce-NettyServerStreamRpc-bossGroup--thread1] INFO  logging.LoggingHandler (AbstractInternalLogger.java:log(148)) - [id: 0xf17cd720] REGISTERED
2023-01-26 17:38:04,007 [1c9aed28-9cdb-4eb7-a568-9d4d50a7e5ce-NettyServerStreamRpc-bossGroup--thread1] INFO  logging.LoggingHandler (AbstractInternalLogger.java:log(148)) - [id: 0xf17cd720] BIND: 0.0.0.0/0.0.0.0:0
2023-01-26 17:38:04,007 [1c9aed28-9cdb-4eb7-a568-9d4d50a7e5ce-NettyServerStreamRpc-bossGroup--thread1] INFO  logging.LoggingHandler (AbstractInternalLogger.java:log(148)) - [id: 0xf17cd720, L:/0:0:0:0:0:0:0:0:40169] ACTIVE
2023-01-26 17:38:04,006 [Listener at 127.0.0.1/41041] INFO  server.XceiverServerGrpc (XceiverServerGrpc.java:<init>(132)) - GrpcServer channel type EpollServerSocketChannel
2023-01-26 17:38:04,013 [Listener at 127.0.0.1/41041] INFO  http.BaseHttpServer (BaseHttpServer.java:newHttpServer2BuilderForOzone(213)) - Starting Web-server for hddsDatanode at: http://0.0.0.0:0
2023-01-26 17:38:04,013 [Listener at 127.0.0.1/41041] INFO  http.BaseHttpServer (BaseHttpServer.java:<init>(108)) - Hadoop Security Enabled: false Ozone Security Enabled: false Ozone HTTP Security Enabled: false 
2023-01-26 17:38:04,014 [Listener at 127.0.0.1/41041] WARN  server.AuthenticationFilter (AuthenticationFilter.java:constructSecretProvider(240)) - Unable to initialize FileSignerSecretProvider, falling back to use random secrets. Reason: Could not read signature secret file: /home/runner/hadoop-http-auth-signature-secret
2023-01-26 17:38:04,017 [Listener at 127.0.0.1/41041] WARN  http.HttpRequestLog (HttpRequestLog.java:getRequestLog(103)) - Jetty request log can only be enabled using Log4j
2023-01-26 17:38:04,020 [Listener at 127.0.0.1/41041] INFO  http.HttpServer2 (HttpServer2.java:addGlobalFilter(1031)) - Added global filter 'safety' (class=org.apache.hadoop.hdds.server.http.HttpServer2$QuotingInputFilter)
2023-01-26 17:38:04,021 [Listener at 127.0.0.1/41041] INFO  http.HttpServer2 (HttpServer2.java:addFilter(1007)) - Added filter static_user_filter (class=org.apache.hadoop.http.lib.StaticUserWebFilter$StaticUserFilter) to context hddsDatanode
2023-01-26 17:38:04,021 [Listener at 127.0.0.1/41041] INFO  http.HttpServer2 (HttpServer2.java:addFilter(1015)) - Added filter static_user_filter (class=org.apache.hadoop.http.lib.StaticUserWebFilter$StaticUserFilter) to context logs
2023-01-26 17:38:04,021 [Listener at 127.0.0.1/41041] INFO  http.HttpServer2 (HttpServer2.java:addFilter(1015)) - Added filter static_user_filter (class=org.apache.hadoop.http.lib.StaticUserWebFilter$StaticUserFilter) to context static
2023-01-26 17:38:04,022 [Listener at 127.0.0.1/41041] INFO  http.HttpServer2 (HttpServer2.java:bindListener(1250)) - Jetty bound to port 43629
2023-01-26 17:38:04,022 [Listener at 127.0.0.1/41041] INFO  server.Server (Server.java:doStart(375)) - jetty-9.4.49.v20220914; built: 2022-09-14T01:07:36.601Z; git: 4231a3b2e4cb8548a412a789936d640a97b1aa0a; jvm 1.8.0_352-b08
2023-01-26 17:38:04,025 [Listener at 127.0.0.1/41041] INFO  server.session (DefaultSessionIdManager.java:doStart(334)) - DefaultSessionIdManager workerName=node0
2023-01-26 17:38:04,025 [Listener at 127.0.0.1/41041] INFO  server.session (DefaultSessionIdManager.java:doStart(339)) - No SessionScavenger set, using defaults
2023-01-26 17:38:04,025 [Listener at 127.0.0.1/41041] INFO  server.session (HouseKeeper.java:startScavenging(132)) - node0 Scavenging every 600000ms
2023-01-26 17:38:04,026 [Listener at 127.0.0.1/41041] INFO  handler.ContextHandler (ContextHandler.java:doStart(921)) - Started o.e.j.s.ServletContextHandler@182ce28a{logs,/logs,file:///home/runner/work/ozone/ozone/hadoop-ozone/integration-test/target/log,AVAILABLE}
2023-01-26 17:38:04,027 [Listener at 127.0.0.1/41041] INFO  handler.ContextHandler (ContextHandler.java:doStart(921)) - Started o.e.j.s.ServletContextHandler@2eb4d9ee{static,/static,jar:file:/home/runner/.m2/repository/org/apache/ozone/hdds-container-service/1.4.0-SNAPSHOT/hdds-container-service-1.4.0-SNAPSHOT.jar!/webapps/static,AVAILABLE}
2023-01-26 17:38:04,064 [EndpointStateMachine task thread for /0.0.0.0:35215 - 0 ] INFO  utils.DatanodeStoreCache (DatanodeStoreCache.java:addDB(58)) - Added db /home/runner/work/ozone/ozone/hadoop-ozone/integration-test/target/test-dir/MiniOzoneClusterImpl-49a32a1f-b929-42a3-86b3-c5b719d90673/datanode-0/data-0/containers/hdds/49a32a1f-b929-42a3-86b3-c5b719d90673/DS-e2f8138f-3f3e-4ecd-95f1-6dc42e18709b/container.db to cache
2023-01-26 17:38:04,064 [EndpointStateMachine task thread for /0.0.0.0:35215 - 0 ] INFO  volume.HddsVolume (HddsVolume.java:createDbStore(307)) - SchemaV3 db is created and loaded at /home/runner/work/ozone/ozone/hadoop-ozone/integration-test/target/test-dir/MiniOzoneClusterImpl-49a32a1f-b929-42a3-86b3-c5b719d90673/datanode-0/data-0/containers/hdds/49a32a1f-b929-42a3-86b3-c5b719d90673/DS-e2f8138f-3f3e-4ecd-95f1-6dc42e18709b/container.db for volume DS-e2f8138f-3f3e-4ecd-95f1-6dc42e18709b
2023-01-26 17:38:04,066 [EndpointStateMachine task thread for /0.0.0.0:35215 - 0 ] INFO  ozoneimpl.OzoneContainer (OzoneContainer.java:start(399)) - Attempting to start container services.
2023-01-26 17:38:04,070 [EndpointStateMachine task thread for /0.0.0.0:35215 - 0 ] INFO  ozoneimpl.OzoneContainer (OzoneContainer.java:startContainerScrub(316)) - Scheduled background container scanners and the on-demand container scanner have been disabled.
2023-01-26 17:38:04,072 [EndpointStateMachine task thread for /0.0.0.0:35215 - 0 ] INFO  replication.ReplicationServer (ReplicationServer.java:start(109)) - ReplicationServer is started using port 40239
2023-01-26 17:38:04,076 [EndpointStateMachine task thread for /0.0.0.0:35215 - 0 ] INFO  ratis.XceiverServerRatis (XceiverServerRatis.java:start(517)) - Starting XceiverServerRatis c453178f-2ef0-4247-9a2d-ffe23fd9d996
2023-01-26 17:38:04,077 [EndpointStateMachine task thread for /0.0.0.0:35215 - 0 ] INFO  server.RaftServer (RaftServerProxy.java:startImpl(393)) - c453178f-2ef0-4247-9a2d-ffe23fd9d996: start RPC server
2023-01-26 17:38:04,083 [EndpointStateMachine task thread for /0.0.0.0:35215 - 0 ] INFO  server.GrpcService (GrpcService.java:startImpl(262)) - c453178f-2ef0-4247-9a2d-ffe23fd9d996: GrpcService started, listening on 42109
2023-01-26 17:38:04,087 [EndpointStateMachine task thread for /0.0.0.0:35215 - 0 ] INFO  ratis.XceiverServerRatis (XceiverServerRatis.java:getRealPort(543)) - XceiverServerRatis c453178f-2ef0-4247-9a2d-ffe23fd9d996 is started using port 42109 for RATIS
2023-01-26 17:38:04,088 [EndpointStateMachine task thread for /0.0.0.0:35215 - 0 ] INFO  ratis.XceiverServerRatis (XceiverServerRatis.java:getRealPort(543)) - XceiverServerRatis c453178f-2ef0-4247-9a2d-ffe23fd9d996 is started using port 42109 for RATIS_ADMIN
2023-01-26 17:38:04,088 [EndpointStateMachine task thread for /0.0.0.0:35215 - 0 ] INFO  ratis.XceiverServerRatis (XceiverServerRatis.java:getRealPort(543)) - XceiverServerRatis c453178f-2ef0-4247-9a2d-ffe23fd9d996 is started using port 42109 for RATIS_SERVER
2023-01-26 17:38:04,088 [EndpointStateMachine task thread for /0.0.0.0:35215 - 0 ] INFO  ratis.XceiverServerRatis (XceiverServerRatis.java:getRealPort(543)) - XceiverServerRatis c453178f-2ef0-4247-9a2d-ffe23fd9d996 is started using port 44519 for RATIS_DATASTREAM
2023-01-26 17:38:04,088 [JvmPauseMonitor1] INFO  util.JvmPauseMonitor (JvmPauseMonitor.java:run(105)) - JvmPauseMonitor-c453178f-2ef0-4247-9a2d-ffe23fd9d996: Started
2023-01-26 17:38:04,095 [EndpointStateMachine task thread for /0.0.0.0:35215 - 0 ] INFO  server.XceiverServerGrpc (XceiverServerGrpc.java:start(180)) - XceiverServerGrpc c453178f-2ef0-4247-9a2d-ffe23fd9d996 is started using port 33127
2023-01-26 17:38:04,246 [Listener at 127.0.0.1/41041] INFO  handler.ContextHandler (ContextHandler.java:doStart(921)) - Started o.e.j.w.WebAppContext@1b23eee{hddsDatanode,/,file:///tmp/jetty-0_0_0_0-43629-hdds-container-service-1_4_0-SNAPSHOT_jar-_-any-6541590516186667462/webapp/,AVAILABLE}{jar:file:/home/runner/.m2/repository/org/apache/ozone/hdds-container-service/1.4.0-SNAPSHOT/hdds-container-service-1.4.0-SNAPSHOT.jar!/webapps/hddsDatanode}
2023-01-26 17:38:04,255 [Listener at 127.0.0.1/41041] INFO  server.AbstractConnector (AbstractConnector.java:doStart(333)) - Started ServerConnector@4339a3ca{HTTP/1.1, (http/1.1)}{0.0.0.0:43629}
2023-01-26 17:38:04,255 [Listener at 127.0.0.1/41041] INFO  server.Server (Server.java:doStart(415)) - Started @10373ms
2023-01-26 17:38:04,255 [Listener at 127.0.0.1/41041] WARN  impl.MetricsSystemImpl (MetricsSystemImpl.java:register(279)) - Sink prometheus already exists!
2023-01-26 17:38:04,256 [Listener at 127.0.0.1/41041] INFO  http.BaseHttpServer (BaseHttpServer.java:updateConnectorAddress(333)) - HTTP server of hddsDatanode listening at http://0.0.0.0:43629
2023-01-26 17:38:04,258 [Listener at 127.0.0.1/41041] INFO  ozone.MiniOzoneClusterImpl (MiniOzoneClusterImpl.java:lambda$waitForClusterToBeReady$0(218)) - Waiting for nodes to be ready. Got 0 of 7 DN Heartbeats.
2023-01-26 17:38:04,258 [Listener at 127.0.0.1/41041] INFO  ozone.MiniOzoneClusterImpl (MiniOzoneClusterImpl.java:lambda$waitForClusterToBeReady$0(221)) - Waiting for cluster to exit safe mode
2023-01-26 17:38:04,258 [Listener at 127.0.0.1/41041] INFO  ozone.MiniOzoneClusterImpl (MiniOzoneClusterImpl.java:lambda$waitForClusterToBeReady$0(223)) - SCM became leader
2023-01-26 17:38:04,258 [Datanode State Machine Daemon Thread] INFO  statemachine.DatanodeStateMachine (DatanodeStateMachine.java:lambda$startDaemon$0(519)) - Ozone container server started.
2023-01-26 17:38:04,266 [org.apache.hadoop.util.JvmPauseMonitor$Monitor@38bb2cfc] INFO  util.JvmPauseMonitor (JvmPauseMonitor.java:run(188)) - Starting JVM pause monitor
2023-01-26 17:38:04,267 [Datanode State Machine Task Thread - 0] INFO  datanode.InitDatanodeState (InitDatanodeState.java:persistContainerDatanodeDetails(138)) - DatanodeDetails is persisted to /home/runner/work/ozone/ozone/hadoop-ozone/integration-test/target/test-dir/MiniOzoneClusterImpl-49a32a1f-b929-42a3-86b3-c5b719d90673/datanode-6/meta/datanode.id
2023-01-26 17:38:04,441 [EndpointStateMachine task thread for /0.0.0.0:35215 - 0 ] INFO  utils.DatanodeStoreCache (DatanodeStoreCache.java:addDB(58)) - Added db /home/runner/work/ozone/ozone/hadoop-ozone/integration-test/target/test-dir/MiniOzoneClusterImpl-49a32a1f-b929-42a3-86b3-c5b719d90673/datanode-1/data-0/containers/hdds/49a32a1f-b929-42a3-86b3-c5b719d90673/DS-68cc7a45-67b3-4d30-b055-b427736c8410/container.db to cache
2023-01-26 17:38:04,441 [EndpointStateMachine task thread for /0.0.0.0:35215 - 0 ] INFO  volume.HddsVolume (HddsVolume.java:createDbStore(307)) - SchemaV3 db is created and loaded at /home/runner/work/ozone/ozone/hadoop-ozone/integration-test/target/test-dir/MiniOzoneClusterImpl-49a32a1f-b929-42a3-86b3-c5b719d90673/datanode-1/data-0/containers/hdds/49a32a1f-b929-42a3-86b3-c5b719d90673/DS-68cc7a45-67b3-4d30-b055-b427736c8410/container.db for volume DS-68cc7a45-67b3-4d30-b055-b427736c8410
2023-01-26 17:38:04,442 [EndpointStateMachine task thread for /0.0.0.0:35215 - 0 ] INFO  ozoneimpl.OzoneContainer (OzoneContainer.java:start(399)) - Attempting to start container services.
2023-01-26 17:38:04,442 [EndpointStateMachine task thread for /0.0.0.0:35215 - 0 ] INFO  ozoneimpl.OzoneContainer (OzoneContainer.java:startContainerScrub(316)) - Scheduled background container scanners and the on-demand container scanner have been disabled.
2023-01-26 17:38:04,443 [EndpointStateMachine task thread for /0.0.0.0:35215 - 0 ] INFO  replication.ReplicationServer (ReplicationServer.java:start(109)) - ReplicationServer is started using port 34853
2023-01-26 17:38:04,444 [EndpointStateMachine task thread for /0.0.0.0:35215 - 0 ] INFO  ratis.XceiverServerRatis (XceiverServerRatis.java:start(517)) - Starting XceiverServerRatis 6567ec37-669a-4dc4-a62b-70dc5f228e8b
2023-01-26 17:38:04,445 [EndpointStateMachine task thread for /0.0.0.0:35215 - 0 ] INFO  server.RaftServer (RaftServerProxy.java:startImpl(393)) - 6567ec37-669a-4dc4-a62b-70dc5f228e8b: start RPC server
2023-01-26 17:38:04,450 [EndpointStateMachine task thread for /0.0.0.0:35215 - 0 ] INFO  server.GrpcService (GrpcService.java:startImpl(262)) - 6567ec37-669a-4dc4-a62b-70dc5f228e8b: GrpcService started, listening on 35085
2023-01-26 17:38:04,450 [EndpointStateMachine task thread for /0.0.0.0:35215 - 0 ] INFO  ratis.XceiverServerRatis (XceiverServerRatis.java:getRealPort(543)) - XceiverServerRatis 6567ec37-669a-4dc4-a62b-70dc5f228e8b is started using port 35085 for RATIS
2023-01-26 17:38:04,450 [JvmPauseMonitor2] INFO  util.JvmPauseMonitor (JvmPauseMonitor.java:run(105)) - JvmPauseMonitor-6567ec37-669a-4dc4-a62b-70dc5f228e8b: Started
2023-01-26 17:38:04,450 [EndpointStateMachine task thread for /0.0.0.0:35215 - 0 ] INFO  ratis.XceiverServerRatis (XceiverServerRatis.java:getRealPort(543)) - XceiverServerRatis 6567ec37-669a-4dc4-a62b-70dc5f228e8b is started using port 35085 for RATIS_ADMIN
2023-01-26 17:38:04,450 [EndpointStateMachine task thread for /0.0.0.0:35215 - 0 ] INFO  ratis.XceiverServerRatis (XceiverServerRatis.java:getRealPort(543)) - XceiverServerRatis 6567ec37-669a-4dc4-a62b-70dc5f228e8b is started using port 35085 for RATIS_SERVER
2023-01-26 17:38:04,450 [EndpointStateMachine task thread for /0.0.0.0:35215 - 0 ] INFO  ratis.XceiverServerRatis (XceiverServerRatis.java:getRealPort(543)) - XceiverServerRatis 6567ec37-669a-4dc4-a62b-70dc5f228e8b is started using port 40235 for RATIS_DATASTREAM
2023-01-26 17:38:04,453 [EndpointStateMachine task thread for /0.0.0.0:35215 - 0 ] INFO  server.XceiverServerGrpc (XceiverServerGrpc.java:start(180)) - XceiverServerGrpc 6567ec37-669a-4dc4-a62b-70dc5f228e8b is started using port 42811
2023-01-26 17:38:04,862 [EndpointStateMachine task thread for /0.0.0.0:35215 - 0 ] INFO  utils.DatanodeStoreCache (DatanodeStoreCache.java:addDB(58)) - Added db /home/runner/work/ozone/ozone/hadoop-ozone/integration-test/target/test-dir/MiniOzoneClusterImpl-49a32a1f-b929-42a3-86b3-c5b719d90673/datanode-2/data-0/containers/hdds/49a32a1f-b929-42a3-86b3-c5b719d90673/DS-551a0fed-6a80-418c-b123-6091a58d9d34/container.db to cache
2023-01-26 17:38:04,862 [EndpointStateMachine task thread for /0.0.0.0:35215 - 0 ] INFO  volume.HddsVolume (HddsVolume.java:createDbStore(307)) - SchemaV3 db is created and loaded at /home/runner/work/ozone/ozone/hadoop-ozone/integration-test/target/test-dir/MiniOzoneClusterImpl-49a32a1f-b929-42a3-86b3-c5b719d90673/datanode-2/data-0/containers/hdds/49a32a1f-b929-42a3-86b3-c5b719d90673/DS-551a0fed-6a80-418c-b123-6091a58d9d34/container.db for volume DS-551a0fed-6a80-418c-b123-6091a58d9d34
2023-01-26 17:38:04,863 [EndpointStateMachine task thread for /0.0.0.0:35215 - 0 ] INFO  ozoneimpl.OzoneContainer (OzoneContainer.java:start(399)) - Attempting to start container services.
2023-01-26 17:38:04,863 [EndpointStateMachine task thread for /0.0.0.0:35215 - 0 ] INFO  ozoneimpl.OzoneContainer (OzoneContainer.java:startContainerScrub(316)) - Scheduled background container scanners and the on-demand container scanner have been disabled.
2023-01-26 17:38:04,865 [EndpointStateMachine task thread for /0.0.0.0:35215 - 0 ] INFO  replication.ReplicationServer (ReplicationServer.java:start(109)) - ReplicationServer is started using port 37585
2023-01-26 17:38:04,866 [EndpointStateMachine task thread for /0.0.0.0:35215 - 0 ] INFO  ratis.XceiverServerRatis (XceiverServerRatis.java:start(517)) - Starting XceiverServerRatis 7c3d527d-806d-4f2b-9b01-1e1a412c2b01
2023-01-26 17:38:04,867 [EndpointStateMachine task thread for /0.0.0.0:35215 - 0 ] INFO  server.RaftServer (RaftServerProxy.java:startImpl(393)) - 7c3d527d-806d-4f2b-9b01-1e1a412c2b01: start RPC server
2023-01-26 17:38:04,869 [EndpointStateMachine task thread for /0.0.0.0:35215 - 0 ] INFO  server.GrpcService (GrpcService.java:startImpl(262)) - 7c3d527d-806d-4f2b-9b01-1e1a412c2b01: GrpcService started, listening on 34323
2023-01-26 17:38:04,869 [EndpointStateMachine task thread for /0.0.0.0:35215 - 0 ] INFO  ratis.XceiverServerRatis (XceiverServerRatis.java:getRealPort(543)) - XceiverServerRatis 7c3d527d-806d-4f2b-9b01-1e1a412c2b01 is started using port 34323 for RATIS
2023-01-26 17:38:04,869 [JvmPauseMonitor3] INFO  util.JvmPauseMonitor (JvmPauseMonitor.java:run(105)) - JvmPauseMonitor-7c3d527d-806d-4f2b-9b01-1e1a412c2b01: Started
2023-01-26 17:38:04,869 [EndpointStateMachine task thread for /0.0.0.0:35215 - 0 ] INFO  ratis.XceiverServerRatis (XceiverServerRatis.java:getRealPort(543)) - XceiverServerRatis 7c3d527d-806d-4f2b-9b01-1e1a412c2b01 is started using port 34323 for RATIS_ADMIN
2023-01-26 17:38:04,869 [EndpointStateMachine task thread for /0.0.0.0:35215 - 0 ] INFO  ratis.XceiverServerRatis (XceiverServerRatis.java:getRealPort(543)) - XceiverServerRatis 7c3d527d-806d-4f2b-9b01-1e1a412c2b01 is started using port 34323 for RATIS_SERVER
2023-01-26 17:38:04,869 [EndpointStateMachine task thread for /0.0.0.0:35215 - 0 ] INFO  ratis.XceiverServerRatis (XceiverServerRatis.java:getRealPort(543)) - XceiverServerRatis 7c3d527d-806d-4f2b-9b01-1e1a412c2b01 is started using port 42025 for RATIS_DATASTREAM
2023-01-26 17:38:04,873 [EndpointStateMachine task thread for /0.0.0.0:35215 - 0 ] INFO  server.XceiverServerGrpc (XceiverServerGrpc.java:start(180)) - XceiverServerGrpc 7c3d527d-806d-4f2b-9b01-1e1a412c2b01 is started using port 42889
2023-01-26 17:38:05,196 [EndpointStateMachine task thread for /0.0.0.0:35215 - 0 ] INFO  utils.DatanodeStoreCache (DatanodeStoreCache.java:addDB(58)) - Added db /home/runner/work/ozone/ozone/hadoop-ozone/integration-test/target/test-dir/MiniOzoneClusterImpl-49a32a1f-b929-42a3-86b3-c5b719d90673/datanode-3/data-0/containers/hdds/49a32a1f-b929-42a3-86b3-c5b719d90673/DS-822649a9-aad6-475c-aa69-99a897429c5a/container.db to cache
2023-01-26 17:38:05,197 [EndpointStateMachine task thread for /0.0.0.0:35215 - 0 ] INFO  volume.HddsVolume (HddsVolume.java:createDbStore(307)) - SchemaV3 db is created and loaded at /home/runner/work/ozone/ozone/hadoop-ozone/integration-test/target/test-dir/MiniOzoneClusterImpl-49a32a1f-b929-42a3-86b3-c5b719d90673/datanode-3/data-0/containers/hdds/49a32a1f-b929-42a3-86b3-c5b719d90673/DS-822649a9-aad6-475c-aa69-99a897429c5a/container.db for volume DS-822649a9-aad6-475c-aa69-99a897429c5a
2023-01-26 17:38:05,197 [EndpointStateMachine task thread for /0.0.0.0:35215 - 0 ] INFO  ozoneimpl.OzoneContainer (OzoneContainer.java:start(399)) - Attempting to start container services.
2023-01-26 17:38:05,198 [EndpointStateMachine task thread for /0.0.0.0:35215 - 0 ] INFO  ozoneimpl.OzoneContainer (OzoneContainer.java:startContainerScrub(316)) - Scheduled background container scanners and the on-demand container scanner have been disabled.
2023-01-26 17:38:05,203 [EndpointStateMachine task thread for /0.0.0.0:35215 - 0 ] INFO  replication.ReplicationServer (ReplicationServer.java:start(109)) - ReplicationServer is started using port 33311
2023-01-26 17:38:05,205 [EndpointStateMachine task thread for /0.0.0.0:35215 - 0 ] INFO  ratis.XceiverServerRatis (XceiverServerRatis.java:start(517)) - Starting XceiverServerRatis 235f2378-c7d7-4173-89ba-00e0bb2ff45d
2023-01-26 17:38:05,216 [EndpointStateMachine task thread for /0.0.0.0:35215 - 0 ] INFO  server.RaftServer (RaftServerProxy.java:startImpl(393)) - 235f2378-c7d7-4173-89ba-00e0bb2ff45d: start RPC server
2023-01-26 17:38:05,218 [EndpointStateMachine task thread for /0.0.0.0:35215 - 0 ] INFO  server.GrpcService (GrpcService.java:startImpl(262)) - 235f2378-c7d7-4173-89ba-00e0bb2ff45d: GrpcService started, listening on 41431
2023-01-26 17:38:05,218 [EndpointStateMachine task thread for /0.0.0.0:35215 - 0 ] INFO  ratis.XceiverServerRatis (XceiverServerRatis.java:getRealPort(543)) - XceiverServerRatis 235f2378-c7d7-4173-89ba-00e0bb2ff45d is started using port 41431 for RATIS
2023-01-26 17:38:05,218 [JvmPauseMonitor4] INFO  util.JvmPauseMonitor (JvmPauseMonitor.java:run(105)) - JvmPauseMonitor-235f2378-c7d7-4173-89ba-00e0bb2ff45d: Started
2023-01-26 17:38:05,218 [EndpointStateMachine task thread for /0.0.0.0:35215 - 0 ] INFO  ratis.XceiverServerRatis (XceiverServerRatis.java:getRealPort(543)) - XceiverServerRatis 235f2378-c7d7-4173-89ba-00e0bb2ff45d is started using port 41431 for RATIS_ADMIN
2023-01-26 17:38:05,218 [EndpointStateMachine task thread for /0.0.0.0:35215 - 0 ] INFO  ratis.XceiverServerRatis (XceiverServerRatis.java:getRealPort(543)) - XceiverServerRatis 235f2378-c7d7-4173-89ba-00e0bb2ff45d is started using port 41431 for RATIS_SERVER
2023-01-26 17:38:05,218 [EndpointStateMachine task thread for /0.0.0.0:35215 - 0 ] INFO  ratis.XceiverServerRatis (XceiverServerRatis.java:getRealPort(543)) - XceiverServerRatis 235f2378-c7d7-4173-89ba-00e0bb2ff45d is started using port 43995 for RATIS_DATASTREAM
2023-01-26 17:38:05,220 [EndpointStateMachine task thread for /0.0.0.0:35215 - 0 ] INFO  server.XceiverServerGrpc (XceiverServerGrpc.java:start(180)) - XceiverServerGrpc 235f2378-c7d7-4173-89ba-00e0bb2ff45d is started using port 38665
2023-01-26 17:38:05,258 [Listener at 127.0.0.1/41041] INFO  ozone.MiniOzoneClusterImpl (MiniOzoneClusterImpl.java:lambda$waitForClusterToBeReady$0(218)) - Waiting for nodes to be ready. Got 0 of 7 DN Heartbeats.
2023-01-26 17:38:05,258 [Listener at 127.0.0.1/41041] INFO  ozone.MiniOzoneClusterImpl (MiniOzoneClusterImpl.java:lambda$waitForClusterToBeReady$0(221)) - Waiting for cluster to exit safe mode
2023-01-26 17:38:05,258 [Listener at 127.0.0.1/41041] INFO  ozone.MiniOzoneClusterImpl (MiniOzoneClusterImpl.java:lambda$waitForClusterToBeReady$0(223)) - SCM became leader
2023-01-26 17:38:05,515 [EndpointStateMachine task thread for /0.0.0.0:35215 - 0 ] INFO  utils.DatanodeStoreCache (DatanodeStoreCache.java:addDB(58)) - Added db /home/runner/work/ozone/ozone/hadoop-ozone/integration-test/target/test-dir/MiniOzoneClusterImpl-49a32a1f-b929-42a3-86b3-c5b719d90673/datanode-4/data-0/containers/hdds/49a32a1f-b929-42a3-86b3-c5b719d90673/DS-ed8dedd2-1bdc-403e-a323-0041c4846b5e/container.db to cache
2023-01-26 17:38:05,515 [EndpointStateMachine task thread for /0.0.0.0:35215 - 0 ] INFO  volume.HddsVolume (HddsVolume.java:createDbStore(307)) - SchemaV3 db is created and loaded at /home/runner/work/ozone/ozone/hadoop-ozone/integration-test/target/test-dir/MiniOzoneClusterImpl-49a32a1f-b929-42a3-86b3-c5b719d90673/datanode-4/data-0/containers/hdds/49a32a1f-b929-42a3-86b3-c5b719d90673/DS-ed8dedd2-1bdc-403e-a323-0041c4846b5e/container.db for volume DS-ed8dedd2-1bdc-403e-a323-0041c4846b5e
2023-01-26 17:38:05,515 [EndpointStateMachine task thread for /0.0.0.0:35215 - 0 ] INFO  ozoneimpl.OzoneContainer (OzoneContainer.java:start(399)) - Attempting to start container services.
2023-01-26 17:38:05,515 [EndpointStateMachine task thread for /0.0.0.0:35215 - 0 ] INFO  ozoneimpl.OzoneContainer (OzoneContainer.java:startContainerScrub(316)) - Scheduled background container scanners and the on-demand container scanner have been disabled.
2023-01-26 17:38:05,520 [EndpointStateMachine task thread for /0.0.0.0:35215 - 0 ] INFO  replication.ReplicationServer (ReplicationServer.java:start(109)) - ReplicationServer is started using port 37891
2023-01-26 17:38:05,520 [EndpointStateMachine task thread for /0.0.0.0:35215 - 0 ] INFO  ratis.XceiverServerRatis (XceiverServerRatis.java:start(517)) - Starting XceiverServerRatis f066a8fd-bb24-4d50-9831-ef193da0c0d0
2023-01-26 17:38:05,524 [EndpointStateMachine task thread for /0.0.0.0:35215 - 0 ] INFO  server.RaftServer (RaftServerProxy.java:startImpl(393)) - f066a8fd-bb24-4d50-9831-ef193da0c0d0: start RPC server
2023-01-26 17:38:05,530 [EndpointStateMachine task thread for /0.0.0.0:35215 - 0 ] INFO  server.GrpcService (GrpcService.java:startImpl(262)) - f066a8fd-bb24-4d50-9831-ef193da0c0d0: GrpcService started, listening on 34671
2023-01-26 17:38:05,530 [EndpointStateMachine task thread for /0.0.0.0:35215 - 0 ] INFO  ratis.XceiverServerRatis (XceiverServerRatis.java:getRealPort(543)) - XceiverServerRatis f066a8fd-bb24-4d50-9831-ef193da0c0d0 is started using port 34671 for RATIS
2023-01-26 17:38:05,530 [JvmPauseMonitor5] INFO  util.JvmPauseMonitor (JvmPauseMonitor.java:run(105)) - JvmPauseMonitor-f066a8fd-bb24-4d50-9831-ef193da0c0d0: Started
2023-01-26 17:38:05,530 [EndpointStateMachine task thread for /0.0.0.0:35215 - 0 ] INFO  ratis.XceiverServerRatis (XceiverServerRatis.java:getRealPort(543)) - XceiverServerRatis f066a8fd-bb24-4d50-9831-ef193da0c0d0 is started using port 34671 for RATIS_ADMIN
2023-01-26 17:38:05,530 [EndpointStateMachine task thread for /0.0.0.0:35215 - 0 ] INFO  ratis.XceiverServerRatis (XceiverServerRatis.java:getRealPort(543)) - XceiverServerRatis f066a8fd-bb24-4d50-9831-ef193da0c0d0 is started using port 34671 for RATIS_SERVER
2023-01-26 17:38:05,530 [EndpointStateMachine task thread for /0.0.0.0:35215 - 0 ] INFO  ratis.XceiverServerRatis (XceiverServerRatis.java:getRealPort(543)) - XceiverServerRatis f066a8fd-bb24-4d50-9831-ef193da0c0d0 is started using port 45771 for RATIS_DATASTREAM
2023-01-26 17:38:05,534 [EndpointStateMachine task thread for /0.0.0.0:35215 - 0 ] INFO  server.XceiverServerGrpc (XceiverServerGrpc.java:start(180)) - XceiverServerGrpc f066a8fd-bb24-4d50-9831-ef193da0c0d0 is started using port 36181
2023-01-26 17:38:05,850 [EndpointStateMachine task thread for /0.0.0.0:35215 - 0 ] INFO  utils.DatanodeStoreCache (DatanodeStoreCache.java:addDB(58)) - Added db /home/runner/work/ozone/ozone/hadoop-ozone/integration-test/target/test-dir/MiniOzoneClusterImpl-49a32a1f-b929-42a3-86b3-c5b719d90673/datanode-5/data-0/containers/hdds/49a32a1f-b929-42a3-86b3-c5b719d90673/DS-ae7a3866-228a-469e-82ba-bac555ab44ed/container.db to cache
2023-01-26 17:38:05,851 [EndpointStateMachine task thread for /0.0.0.0:35215 - 0 ] INFO  volume.HddsVolume (HddsVolume.java:createDbStore(307)) - SchemaV3 db is created and loaded at /home/runner/work/ozone/ozone/hadoop-ozone/integration-test/target/test-dir/MiniOzoneClusterImpl-49a32a1f-b929-42a3-86b3-c5b719d90673/datanode-5/data-0/containers/hdds/49a32a1f-b929-42a3-86b3-c5b719d90673/DS-ae7a3866-228a-469e-82ba-bac555ab44ed/container.db for volume DS-ae7a3866-228a-469e-82ba-bac555ab44ed
2023-01-26 17:38:05,851 [EndpointStateMachine task thread for /0.0.0.0:35215 - 0 ] INFO  ozoneimpl.OzoneContainer (OzoneContainer.java:start(399)) - Attempting to start container services.
2023-01-26 17:38:05,851 [EndpointStateMachine task thread for /0.0.0.0:35215 - 0 ] INFO  ozoneimpl.OzoneContainer (OzoneContainer.java:startContainerScrub(316)) - Scheduled background container scanners and the on-demand container scanner have been disabled.
2023-01-26 17:38:05,853 [EndpointStateMachine task thread for /0.0.0.0:35215 - 0 ] INFO  replication.ReplicationServer (ReplicationServer.java:start(109)) - ReplicationServer is started using port 39225
2023-01-26 17:38:05,854 [EndpointStateMachine task thread for /0.0.0.0:35215 - 0 ] INFO  ratis.XceiverServerRatis (XceiverServerRatis.java:start(517)) - Starting XceiverServerRatis 49ad5a47-7d1f-45bf-afe9-a53f24515e29
2023-01-26 17:38:05,854 [EndpointStateMachine task thread for /0.0.0.0:35215 - 0 ] INFO  server.RaftServer (RaftServerProxy.java:startImpl(393)) - 49ad5a47-7d1f-45bf-afe9-a53f24515e29: start RPC server
2023-01-26 17:38:05,856 [EndpointStateMachine task thread for /0.0.0.0:35215 - 0 ] INFO  server.GrpcService (GrpcService.java:startImpl(262)) - 49ad5a47-7d1f-45bf-afe9-a53f24515e29: GrpcService started, listening on 36795
2023-01-26 17:38:05,856 [EndpointStateMachine task thread for /0.0.0.0:35215 - 0 ] INFO  ratis.XceiverServerRatis (XceiverServerRatis.java:getRealPort(543)) - XceiverServerRatis 49ad5a47-7d1f-45bf-afe9-a53f24515e29 is started using port 36795 for RATIS
2023-01-26 17:38:05,856 [EndpointStateMachine task thread for /0.0.0.0:35215 - 0 ] INFO  ratis.XceiverServerRatis (XceiverServerRatis.java:getRealPort(543)) - XceiverServerRatis 49ad5a47-7d1f-45bf-afe9-a53f24515e29 is started using port 36795 for RATIS_ADMIN
2023-01-26 17:38:05,856 [EndpointStateMachine task thread for /0.0.0.0:35215 - 0 ] INFO  ratis.XceiverServerRatis (XceiverServerRatis.java:getRealPort(543)) - XceiverServerRatis 49ad5a47-7d1f-45bf-afe9-a53f24515e29 is started using port 36795 for RATIS_SERVER
2023-01-26 17:38:05,856 [EndpointStateMachine task thread for /0.0.0.0:35215 - 0 ] INFO  ratis.XceiverServerRatis (XceiverServerRatis.java:getRealPort(543)) - XceiverServerRatis 49ad5a47-7d1f-45bf-afe9-a53f24515e29 is started using port 45593 for RATIS_DATASTREAM
2023-01-26 17:38:05,857 [JvmPauseMonitor6] INFO  util.JvmPauseMonitor (JvmPauseMonitor.java:run(105)) - JvmPauseMonitor-49ad5a47-7d1f-45bf-afe9-a53f24515e29: Started
2023-01-26 17:38:05,858 [EndpointStateMachine task thread for /0.0.0.0:35215 - 0 ] INFO  server.XceiverServerGrpc (XceiverServerGrpc.java:start(180)) - XceiverServerGrpc 49ad5a47-7d1f-45bf-afe9-a53f24515e29 is started using port 42163
2023-01-26 17:38:05,905 [IPC Server handler 5 on default port 35215] INFO  net.NetworkTopologyImpl (NetworkTopologyImpl.java:add(112)) - Added a new node: /default-rack/c453178f-2ef0-4247-9a2d-ffe23fd9d996
2023-01-26 17:38:05,907 [IPC Server handler 5 on default port 35215] INFO  node.SCMNodeManager (SCMNodeManager.java:register(397)) - Registered Data node : c453178f-2ef0-4247-9a2d-ffe23fd9d996{ip: 10.1.0.73, host: fv-az77-38, ports: [REPLICATION=40239, RATIS=42109, RATIS_ADMIN=42109, RATIS_SERVER=42109, RATIS_DATASTREAM=44519, STANDALONE=33127], networkLocation: /default-rack, certSerialId: null, persistedOpState: null, persistedOpStateExpiryEpochSec: 0}
2023-01-26 17:38:05,909 [EventQueue-NewNodeForNewNodeHandler] INFO  pipeline.BackgroundPipelineCreator (BackgroundPipelineCreator.java:notifyEventTriggered(276)) - trigger a one-shot run on RatisPipelineUtilsThread.
2023-01-26 17:38:05,911 [EventQueue-NodeRegistrationContainerReportForDataNodeSafeModeRule] INFO  safemode.SCMSafeModeManager (DataNodeSafeModeRule.java:process(71)) - SCM in safe mode. 1 DataNodes registered, 3 required.
2023-01-26 17:38:05,912 [EventQueue-NodeRegistrationContainerReportForContainerSafeModeRule] INFO  safemode.SCMSafeModeManager (SCMSafeModeManager.java:validateSafeModeExitRules(200)) - ContainerSafeModeRule rule is successfully validated
2023-01-26 17:38:05,912 [EventQueue-PipelineReportForOneReplicaPipelineSafeModeRule] INFO  safemode.SCMSafeModeManager (SCMSafeModeManager.java:validateSafeModeExitRules(200)) - AtleastOneDatanodeReportedRule rule is successfully validated
2023-01-26 17:38:05,916 [RatisPipelineUtilsThread - 0] INFO  pipeline.RatisPipelineProvider (RatisPipelineProvider.java:lambda$create$0(206)) - Sending CreatePipelineCommand for pipeline:PipelineID=fd7695d5-0d09-4c4f-87cf-a00965d8a84e to datanode:c453178f-2ef0-4247-9a2d-ffe23fd9d996
2023-01-26 17:38:05,928 [RatisPipelineUtilsThread - 0] INFO  pipeline.PipelineStateManagerImpl (PipelineStateManagerImpl.java:addPipeline(103)) - Created pipeline Pipeline[ Id: fd7695d5-0d09-4c4f-87cf-a00965d8a84e, Nodes: c453178f-2ef0-4247-9a2d-ffe23fd9d996(fv-az77-38/10.1.0.73), ReplicationConfig: RATIS/ONE, State:ALLOCATED, leaderId:, CreationTimestamp2023-01-26T17:38:05.915Z[Etc/UTC]].
2023-01-26 17:38:06,259 [Listener at 127.0.0.1/41041] INFO  ozone.MiniOzoneClusterImpl (MiniOzoneClusterImpl.java:lambda$waitForClusterToBeReady$0(218)) - Waiting for nodes to be ready. Got 1 of 7 DN Heartbeats.
2023-01-26 17:38:06,259 [Listener at 127.0.0.1/41041] INFO  ozone.MiniOzoneClusterImpl (MiniOzoneClusterImpl.java:lambda$waitForClusterToBeReady$0(221)) - Waiting for cluster to exit safe mode
2023-01-26 17:38:06,259 [Listener at 127.0.0.1/41041] INFO  ozone.MiniOzoneClusterImpl (MiniOzoneClusterImpl.java:lambda$waitForClusterToBeReady$0(223)) - SCM became leader
2023-01-26 17:38:06,300 [EndpointStateMachine task thread for /0.0.0.0:35215 - 0 ] INFO  utils.DatanodeStoreCache (DatanodeStoreCache.java:addDB(58)) - Added db /home/runner/work/ozone/ozone/hadoop-ozone/integration-test/target/test-dir/MiniOzoneClusterImpl-49a32a1f-b929-42a3-86b3-c5b719d90673/datanode-6/data-0/containers/hdds/49a32a1f-b929-42a3-86b3-c5b719d90673/DS-6cd1740b-67d1-414b-8d9a-a79824d2ac93/container.db to cache
2023-01-26 17:38:06,301 [EndpointStateMachine task thread for /0.0.0.0:35215 - 0 ] INFO  volume.HddsVolume (HddsVolume.java:createDbStore(307)) - SchemaV3 db is created and loaded at /home/runner/work/ozone/ozone/hadoop-ozone/integration-test/target/test-dir/MiniOzoneClusterImpl-49a32a1f-b929-42a3-86b3-c5b719d90673/datanode-6/data-0/containers/hdds/49a32a1f-b929-42a3-86b3-c5b719d90673/DS-6cd1740b-67d1-414b-8d9a-a79824d2ac93/container.db for volume DS-6cd1740b-67d1-414b-8d9a-a79824d2ac93
2023-01-26 17:38:06,301 [EndpointStateMachine task thread for /0.0.0.0:35215 - 0 ] INFO  ozoneimpl.OzoneContainer (OzoneContainer.java:start(399)) - Attempting to start container services.
2023-01-26 17:38:06,301 [EndpointStateMachine task thread for /0.0.0.0:35215 - 0 ] INFO  ozoneimpl.OzoneContainer (OzoneContainer.java:startContainerScrub(316)) - Scheduled background container scanners and the on-demand container scanner have been disabled.
2023-01-26 17:38:06,306 [EndpointStateMachine task thread for /0.0.0.0:35215 - 0 ] INFO  replication.ReplicationServer (ReplicationServer.java:start(109)) - ReplicationServer is started using port 43571
2023-01-26 17:38:06,306 [EndpointStateMachine task thread for /0.0.0.0:35215 - 0 ] INFO  ratis.XceiverServerRatis (XceiverServerRatis.java:start(517)) - Starting XceiverServerRatis 1c9aed28-9cdb-4eb7-a568-9d4d50a7e5ce
2023-01-26 17:38:06,309 [EndpointStateMachine task thread for /0.0.0.0:35215 - 0 ] INFO  server.RaftServer (RaftServerProxy.java:startImpl(393)) - 1c9aed28-9cdb-4eb7-a568-9d4d50a7e5ce: start RPC server
2023-01-26 17:38:06,311 [EndpointStateMachine task thread for /0.0.0.0:35215 - 0 ] INFO  server.GrpcService (GrpcService.java:startImpl(262)) - 1c9aed28-9cdb-4eb7-a568-9d4d50a7e5ce: GrpcService started, listening on 36301
2023-01-26 17:38:06,311 [EndpointStateMachine task thread for /0.0.0.0:35215 - 0 ] INFO  ratis.XceiverServerRatis (XceiverServerRatis.java:getRealPort(543)) - XceiverServerRatis 1c9aed28-9cdb-4eb7-a568-9d4d50a7e5ce is started using port 36301 for RATIS
2023-01-26 17:38:06,312 [JvmPauseMonitor7] INFO  util.JvmPauseMonitor (JvmPauseMonitor.java:run(105)) - JvmPauseMonitor-1c9aed28-9cdb-4eb7-a568-9d4d50a7e5ce: Started
2023-01-26 17:38:06,312 [EndpointStateMachine task thread for /0.0.0.0:35215 - 0 ] INFO  ratis.XceiverServerRatis (XceiverServerRatis.java:getRealPort(543)) - XceiverServerRatis 1c9aed28-9cdb-4eb7-a568-9d4d50a7e5ce is started using port 36301 for RATIS_ADMIN
2023-01-26 17:38:06,312 [EndpointStateMachine task thread for /0.0.0.0:35215 - 0 ] INFO  ratis.XceiverServerRatis (XceiverServerRatis.java:getRealPort(543)) - XceiverServerRatis 1c9aed28-9cdb-4eb7-a568-9d4d50a7e5ce is started using port 36301 for RATIS_SERVER
2023-01-26 17:38:06,312 [EndpointStateMachine task thread for /0.0.0.0:35215 - 0 ] INFO  ratis.XceiverServerRatis (XceiverServerRatis.java:getRealPort(543)) - XceiverServerRatis 1c9aed28-9cdb-4eb7-a568-9d4d50a7e5ce is started using port 40169 for RATIS_DATASTREAM
2023-01-26 17:38:06,315 [EndpointStateMachine task thread for /0.0.0.0:35215 - 0 ] INFO  server.XceiverServerGrpc (XceiverServerGrpc.java:start(180)) - XceiverServerGrpc 1c9aed28-9cdb-4eb7-a568-9d4d50a7e5ce is started using port 45181
2023-01-26 17:38:06,412 [IPC Server handler 2 on default port 35215] INFO  net.NetworkTopologyImpl (NetworkTopologyImpl.java:add(112)) - Added a new node: /default-rack/6567ec37-669a-4dc4-a62b-70dc5f228e8b
2023-01-26 17:38:06,412 [IPC Server handler 2 on default port 35215] INFO  node.SCMNodeManager (SCMNodeManager.java:register(397)) - Registered Data node : 6567ec37-669a-4dc4-a62b-70dc5f228e8b{ip: 10.1.0.73, host: fv-az77-38, ports: [REPLICATION=34853, RATIS=35085, RATIS_ADMIN=35085, RATIS_SERVER=35085, RATIS_DATASTREAM=40235, STANDALONE=42811], networkLocation: /default-rack, certSerialId: null, persistedOpState: null, persistedOpStateExpiryEpochSec: 0}
2023-01-26 17:38:06,413 [EventQueue-NewNodeForNewNodeHandler] INFO  pipeline.BackgroundPipelineCreator (BackgroundPipelineCreator.java:notifyEventTriggered(276)) - trigger a one-shot run on RatisPipelineUtilsThread.
2023-01-26 17:38:06,413 [EventQueue-NodeRegistrationContainerReportForDataNodeSafeModeRule] INFO  safemode.SCMSafeModeManager (DataNodeSafeModeRule.java:process(71)) - SCM in safe mode. 2 DataNodes registered, 3 required.
2023-01-26 17:38:06,414 [RatisPipelineUtilsThread - 0] INFO  pipeline.RatisPipelineProvider (RatisPipelineProvider.java:lambda$create$0(206)) - Sending CreatePipelineCommand for pipeline:PipelineID=3e11b0c9-22d4-4f69-a9e1-09ec7ada7d34 to datanode:6567ec37-669a-4dc4-a62b-70dc5f228e8b
2023-01-26 17:38:06,414 [RatisPipelineUtilsThread - 0] INFO  pipeline.PipelineStateManagerImpl (PipelineStateManagerImpl.java:addPipeline(103)) - Created pipeline Pipeline[ Id: 3e11b0c9-22d4-4f69-a9e1-09ec7ada7d34, Nodes: 6567ec37-669a-4dc4-a62b-70dc5f228e8b(fv-az77-38/10.1.0.73), ReplicationConfig: RATIS/ONE, State:ALLOCATED, leaderId:, CreationTimestamp2023-01-26T17:38:06.413Z[Etc/UTC]].
2023-01-26 17:38:06,836 [IPC Server handler 1 on default port 35215] INFO  net.NetworkTopologyImpl (NetworkTopologyImpl.java:add(112)) - Added a new node: /default-rack/7c3d527d-806d-4f2b-9b01-1e1a412c2b01
2023-01-26 17:38:06,837 [IPC Server handler 1 on default port 35215] INFO  node.SCMNodeManager (SCMNodeManager.java:register(397)) - Registered Data node : 7c3d527d-806d-4f2b-9b01-1e1a412c2b01{ip: 10.1.0.73, host: fv-az77-38, ports: [REPLICATION=37585, RATIS=34323, RATIS_ADMIN=34323, RATIS_SERVER=34323, RATIS_DATASTREAM=42025, STANDALONE=42889], networkLocation: /default-rack, certSerialId: null, persistedOpState: null, persistedOpStateExpiryEpochSec: 0}
2023-01-26 17:38:06,837 [EventQueue-NodeRegistrationContainerReportForDataNodeSafeModeRule] INFO  safemode.SCMSafeModeManager (DataNodeSafeModeRule.java:process(71)) - SCM in safe mode. 3 DataNodes registered, 3 required.
2023-01-26 17:38:06,837 [EventQueue-NodeRegistrationContainerReportForDataNodeSafeModeRule] INFO  safemode.SCMSafeModeManager (SCMSafeModeManager.java:validateSafeModeExitRules(200)) - DataNodeSafeModeRule rule is successfully validated
2023-01-26 17:38:06,837 [EventQueue-NodeRegistrationContainerReportForDataNodeSafeModeRule] INFO  safemode.SCMSafeModeManager (SCMSafeModeManager.java:completePreCheck(229)) - All SCM safe mode pre check rules have passed
2023-01-26 17:38:06,838 [EventQueue-NodeRegistrationContainerReportForDataNodeSafeModeRule] INFO  ha.SCMContext (SCMContext.java:updateSafeModeStatus(228)) - Update SafeModeStatus from SafeModeStatus{safeModeStatus=true, preCheckPassed=false} to SafeModeStatus{safeModeStatus=true, preCheckPassed=true}.
2023-01-26 17:38:06,838 [EventQueue-NodeRegistrationContainerReportForDataNodeSafeModeRule] INFO  pipeline.BackgroundPipelineCreator (BackgroundPipelineCreator.java:notifyEventTriggered(276)) - trigger a one-shot run on RatisPipelineUtilsThread.
2023-01-26 17:38:06,838 [RatisPipelineUtilsThread - 0] INFO  pipeline.RatisPipelineProvider (RatisPipelineProvider.java:lambda$create$0(206)) - Sending CreatePipelineCommand for pipeline:PipelineID=9facb83b-9180-4fd9-aa75-a6640a2128d7 to datanode:7c3d527d-806d-4f2b-9b01-1e1a412c2b01
2023-01-26 17:38:06,839 [RatisPipelineUtilsThread - 0] INFO  pipeline.PipelineStateManagerImpl (PipelineStateManagerImpl.java:addPipeline(103)) - Created pipeline Pipeline[ Id: 9facb83b-9180-4fd9-aa75-a6640a2128d7, Nodes: 7c3d527d-806d-4f2b-9b01-1e1a412c2b01(fv-az77-38/10.1.0.73), ReplicationConfig: RATIS/ONE, State:ALLOCATED, leaderId:, CreationTimestamp2023-01-26T17:38:06.838Z[Etc/UTC]].
2023-01-26 17:38:06,839 [EventQueue-NewNodeForNewNodeHandler] INFO  pipeline.BackgroundPipelineCreator (BackgroundPipelineCreator.java:notifyEventTriggered(276)) - trigger a one-shot run on RatisPipelineUtilsThread.
2023-01-26 17:38:06,844 [RatisPipelineUtilsThread - 0] INFO  pipeline.RatisPipelineProvider (RatisPipelineProvider.java:lambda$create$0(206)) - Sending CreatePipelineCommand for pipeline:PipelineID=7c778e66-d42b-4d70-80fd-87c6c7d491ac to datanode:6567ec37-669a-4dc4-a62b-70dc5f228e8b
2023-01-26 17:38:06,844 [RatisPipelineUtilsThread - 0] INFO  pipeline.RatisPipelineProvider (RatisPipelineProvider.java:lambda$create$0(206)) - Sending CreatePipelineCommand for pipeline:PipelineID=7c778e66-d42b-4d70-80fd-87c6c7d491ac to datanode:7c3d527d-806d-4f2b-9b01-1e1a412c2b01
2023-01-26 17:38:06,844 [RatisPipelineUtilsThread - 0] INFO  pipeline.RatisPipelineProvider (RatisPipelineProvider.java:lambda$create$0(206)) - Sending CreatePipelineCommand for pipeline:PipelineID=7c778e66-d42b-4d70-80fd-87c6c7d491ac to datanode:c453178f-2ef0-4247-9a2d-ffe23fd9d996
2023-01-26 17:38:06,845 [RatisPipelineUtilsThread - 0] INFO  pipeline.PipelineStateManagerImpl (PipelineStateManagerImpl.java:addPipeline(103)) - Created pipeline Pipeline[ Id: 7c778e66-d42b-4d70-80fd-87c6c7d491ac, Nodes: 6567ec37-669a-4dc4-a62b-70dc5f228e8b(fv-az77-38/10.1.0.73)7c3d527d-806d-4f2b-9b01-1e1a412c2b01(fv-az77-38/10.1.0.73)c453178f-2ef0-4247-9a2d-ffe23fd9d996(fv-az77-38/10.1.0.73), ReplicationConfig: RATIS/THREE, State:ALLOCATED, leaderId:, CreationTimestamp2023-01-26T17:38:06.844Z[Etc/UTC]].
2023-01-26 17:38:06,846 [RatisPipelineUtilsThread - 0] INFO  pipeline.RatisPipelineProvider (RatisPipelineProvider.java:lambda$create$0(206)) - Sending CreatePipelineCommand for pipeline:PipelineID=e21ff272-f1c3-473a-98bf-8e06ccbd1796 to datanode:7c3d527d-806d-4f2b-9b01-1e1a412c2b01
2023-01-26 17:38:06,846 [RatisPipelineUtilsThread - 0] INFO  pipeline.RatisPipelineProvider (RatisPipelineProvider.java:lambda$create$0(206)) - Sending CreatePipelineCommand for pipeline:PipelineID=e21ff272-f1c3-473a-98bf-8e06ccbd1796 to datanode:c453178f-2ef0-4247-9a2d-ffe23fd9d996
2023-01-26 17:38:06,846 [RatisPipelineUtilsThread - 0] INFO  pipeline.RatisPipelineProvider (RatisPipelineProvider.java:lambda$create$0(206)) - Sending CreatePipelineCommand for pipeline:PipelineID=e21ff272-f1c3-473a-98bf-8e06ccbd1796 to datanode:6567ec37-669a-4dc4-a62b-70dc5f228e8b
2023-01-26 17:38:06,847 [RatisPipelineUtilsThread - 0] INFO  pipeline.PipelineStateManagerImpl (PipelineStateManagerImpl.java:addPipeline(103)) - Created pipeline Pipeline[ Id: e21ff272-f1c3-473a-98bf-8e06ccbd1796, Nodes: 7c3d527d-806d-4f2b-9b01-1e1a412c2b01(fv-az77-38/10.1.0.73)c453178f-2ef0-4247-9a2d-ffe23fd9d996(fv-az77-38/10.1.0.73)6567ec37-669a-4dc4-a62b-70dc5f228e8b(fv-az77-38/10.1.0.73), ReplicationConfig: RATIS/THREE, State:ALLOCATED, leaderId:, CreationTimestamp2023-01-26T17:38:06.846Z[Etc/UTC]].
2023-01-26 17:38:06,847 [RatisPipelineUtilsThread - 0] INFO  pipeline.PipelineManagerImpl (PipelineManagerImpl.java:recordMetricsForPipeline(826)) - Pipeline: PipelineID=e21ff272-f1c3-473a-98bf-8e06ccbd1796 contains same datanodes as previous pipelines: PipelineID=7c778e66-d42b-4d70-80fd-87c6c7d491ac nodeIds: 7c3d527d-806d-4f2b-9b01-1e1a412c2b01, c453178f-2ef0-4247-9a2d-ffe23fd9d996, 6567ec37-669a-4dc4-a62b-70dc5f228e8b
2023-01-26 17:38:06,848 [RatisPipelineUtilsThread - 0] WARN  pipeline.PipelinePlacementPolicy (PipelinePlacementPolicy.java:filterViableNodes(158)) - Pipeline creation failed due to no sufficient healthy datanodes. Required 3. Found 0.
2023-01-26 17:38:06,848 [RatisPipelineUtilsThread - 0] WARN  pipeline.PipelinePlacementPolicy (PipelinePlacementPolicy.java:filterViableNodes(158)) - Pipeline creation failed due to no sufficient healthy datanodes. Required 3. Found 0.
2023-01-26 17:38:07,172 [IPC Server handler 4 on default port 35215] INFO  net.NetworkTopologyImpl (NetworkTopologyImpl.java:add(112)) - Added a new node: /default-rack/235f2378-c7d7-4173-89ba-00e0bb2ff45d
2023-01-26 17:38:07,172 [IPC Server handler 4 on default port 35215] INFO  node.SCMNodeManager (SCMNodeManager.java:register(397)) - Registered Data node : 235f2378-c7d7-4173-89ba-00e0bb2ff45d{ip: 10.1.0.73, host: fv-az77-38, ports: [REPLICATION=33311, RATIS=41431, RATIS_ADMIN=41431, RATIS_SERVER=41431, RATIS_DATASTREAM=43995, STANDALONE=38665], networkLocation: /default-rack, certSerialId: null, persistedOpState: null, persistedOpStateExpiryEpochSec: 0}
2023-01-26 17:38:07,173 [EventQueue-NewNodeForNewNodeHandler] INFO  pipeline.BackgroundPipelineCreator (BackgroundPipelineCreator.java:notifyEventTriggered(276)) - trigger a one-shot run on RatisPipelineUtilsThread.
2023-01-26 17:38:07,174 [RatisPipelineUtilsThread - 0] INFO  pipeline.RatisPipelineProvider (RatisPipelineProvider.java:lambda$create$0(206)) - Sending CreatePipelineCommand for pipeline:PipelineID=e46032af-d4d3-46f7-9fd6-5d65ee773ccf to datanode:235f2378-c7d7-4173-89ba-00e0bb2ff45d
2023-01-26 17:38:07,175 [RatisPipelineUtilsThread - 0] INFO  pipeline.PipelineStateManagerImpl (PipelineStateManagerImpl.java:addPipeline(103)) - Created pipeline Pipeline[ Id: e46032af-d4d3-46f7-9fd6-5d65ee773ccf, Nodes: 235f2378-c7d7-4173-89ba-00e0bb2ff45d(fv-az77-38/10.1.0.73), ReplicationConfig: RATIS/ONE, State:ALLOCATED, leaderId:, CreationTimestamp2023-01-26T17:38:07.174Z[Etc/UTC]].
2023-01-26 17:38:07,176 [RatisPipelineUtilsThread - 0] WARN  pipeline.PipelinePlacementPolicy (PipelinePlacementPolicy.java:filterViableNodes(158)) - Pipeline creation failed due to no sufficient healthy datanodes. Required 3. Found 1.
2023-01-26 17:38:07,259 [Listener at 127.0.0.1/41041] INFO  ozone.MiniOzoneClusterImpl (MiniOzoneClusterImpl.java:lambda$waitForClusterToBeReady$0(218)) - Waiting for nodes to be ready. Got 4 of 7 DN Heartbeats.
2023-01-26 17:38:07,259 [Listener at 127.0.0.1/41041] INFO  ozone.MiniOzoneClusterImpl (MiniOzoneClusterImpl.java:lambda$waitForClusterToBeReady$0(221)) - Waiting for cluster to exit safe mode
2023-01-26 17:38:07,260 [Listener at 127.0.0.1/41041] INFO  ozone.MiniOzoneClusterImpl (MiniOzoneClusterImpl.java:lambda$waitForClusterToBeReady$0(223)) - SCM became leader
2023-01-26 17:38:07,489 [IPC Server handler 1 on default port 35215] INFO  net.NetworkTopologyImpl (NetworkTopologyImpl.java:add(112)) - Added a new node: /default-rack/f066a8fd-bb24-4d50-9831-ef193da0c0d0
2023-01-26 17:38:07,489 [IPC Server handler 1 on default port 35215] INFO  node.SCMNodeManager (SCMNodeManager.java:register(397)) - Registered Data node : f066a8fd-bb24-4d50-9831-ef193da0c0d0{ip: 10.1.0.73, host: fv-az77-38, ports: [REPLICATION=37891, RATIS=34671, RATIS_ADMIN=34671, RATIS_SERVER=34671, RATIS_DATASTREAM=45771, STANDALONE=36181], networkLocation: /default-rack, certSerialId: null, persistedOpState: null, persistedOpStateExpiryEpochSec: 0}
2023-01-26 17:38:07,489 [EventQueue-NewNodeForNewNodeHandler] INFO  pipeline.BackgroundPipelineCreator (BackgroundPipelineCreator.java:notifyEventTriggered(276)) - trigger a one-shot run on RatisPipelineUtilsThread.
2023-01-26 17:38:07,490 [RatisPipelineUtilsThread - 0] INFO  pipeline.RatisPipelineProvider (RatisPipelineProvider.java:lambda$create$0(206)) - Sending CreatePipelineCommand for pipeline:PipelineID=1c6d9c67-0eff-4141-9e30-f8e7380258fd to datanode:f066a8fd-bb24-4d50-9831-ef193da0c0d0
2023-01-26 17:38:07,491 [RatisPipelineUtilsThread - 0] INFO  pipeline.PipelineStateManagerImpl (PipelineStateManagerImpl.java:addPipeline(103)) - Created pipeline Pipeline[ Id: 1c6d9c67-0eff-4141-9e30-f8e7380258fd, Nodes: f066a8fd-bb24-4d50-9831-ef193da0c0d0(fv-az77-38/10.1.0.73), ReplicationConfig: RATIS/ONE, State:ALLOCATED, leaderId:, CreationTimestamp2023-01-26T17:38:07.490Z[Etc/UTC]].
2023-01-26 17:38:07,491 [RatisPipelineUtilsThread - 0] WARN  pipeline.PipelinePlacementPolicy (PipelinePlacementPolicy.java:filterViableNodes(158)) - Pipeline creation failed due to no sufficient healthy datanodes. Required 3. Found 2.
2023-01-26 17:38:07,821 [IPC Server handler 0 on default port 35215] INFO  net.NetworkTopologyImpl (NetworkTopologyImpl.java:add(112)) - Added a new node: /default-rack/49ad5a47-7d1f-45bf-afe9-a53f24515e29
2023-01-26 17:38:07,821 [IPC Server handler 0 on default port 35215] INFO  node.SCMNodeManager (SCMNodeManager.java:register(397)) - Registered Data node : 49ad5a47-7d1f-45bf-afe9-a53f24515e29{ip: 10.1.0.73, host: fv-az77-38, ports: [REPLICATION=39225, RATIS=36795, RATIS_ADMIN=36795, RATIS_SERVER=36795, RATIS_DATASTREAM=45593, STANDALONE=42163], networkLocation: /default-rack, certSerialId: null, persistedOpState: null, persistedOpStateExpiryEpochSec: 0}
2023-01-26 17:38:07,822 [EventQueue-NewNodeForNewNodeHandler] INFO  pipeline.BackgroundPipelineCreator (BackgroundPipelineCreator.java:notifyEventTriggered(276)) - trigger a one-shot run on RatisPipelineUtilsThread.
2023-01-26 17:38:07,822 [RatisPipelineUtilsThread - 0] INFO  pipeline.RatisPipelineProvider (RatisPipelineProvider.java:lambda$create$0(206)) - Sending CreatePipelineCommand for pipeline:PipelineID=95742700-beb7-4959-a5e9-ca7c1658fc12 to datanode:49ad5a47-7d1f-45bf-afe9-a53f24515e29
2023-01-26 17:38:07,823 [RatisPipelineUtilsThread - 0] INFO  pipeline.PipelineStateManagerImpl (PipelineStateManagerImpl.java:addPipeline(103)) - Created pipeline Pipeline[ Id: 95742700-beb7-4959-a5e9-ca7c1658fc12, Nodes: 49ad5a47-7d1f-45bf-afe9-a53f24515e29(fv-az77-38/10.1.0.73), ReplicationConfig: RATIS/ONE, State:ALLOCATED, leaderId:, CreationTimestamp2023-01-26T17:38:07.822Z[Etc/UTC]].
2023-01-26 17:38:07,824 [RatisPipelineUtilsThread - 0] INFO  pipeline.RatisPipelineProvider (RatisPipelineProvider.java:lambda$create$0(206)) - Sending CreatePipelineCommand for pipeline:PipelineID=acbe5c84-a3fd-4d99-bb8c-86a1be7e6950 to datanode:f066a8fd-bb24-4d50-9831-ef193da0c0d0
2023-01-26 17:38:07,824 [RatisPipelineUtilsThread - 0] INFO  pipeline.RatisPipelineProvider (RatisPipelineProvider.java:lambda$create$0(206)) - Sending CreatePipelineCommand for pipeline:PipelineID=acbe5c84-a3fd-4d99-bb8c-86a1be7e6950 to datanode:235f2378-c7d7-4173-89ba-00e0bb2ff45d
2023-01-26 17:38:07,824 [RatisPipelineUtilsThread - 0] INFO  pipeline.RatisPipelineProvider (RatisPipelineProvider.java:lambda$create$0(206)) - Sending CreatePipelineCommand for pipeline:PipelineID=acbe5c84-a3fd-4d99-bb8c-86a1be7e6950 to datanode:49ad5a47-7d1f-45bf-afe9-a53f24515e29
2023-01-26 17:38:07,826 [RatisPipelineUtilsThread - 0] INFO  pipeline.PipelineStateManagerImpl (PipelineStateManagerImpl.java:addPipeline(103)) - Created pipeline Pipeline[ Id: acbe5c84-a3fd-4d99-bb8c-86a1be7e6950, Nodes: f066a8fd-bb24-4d50-9831-ef193da0c0d0(fv-az77-38/10.1.0.73)235f2378-c7d7-4173-89ba-00e0bb2ff45d(fv-az77-38/10.1.0.73)49ad5a47-7d1f-45bf-afe9-a53f24515e29(fv-az77-38/10.1.0.73), ReplicationConfig: RATIS/THREE, State:ALLOCATED, leaderId:, CreationTimestamp2023-01-26T17:38:07.824Z[Etc/UTC]].
2023-01-26 17:38:07,828 [RatisPipelineUtilsThread - 0] INFO  pipeline.RatisPipelineProvider (RatisPipelineProvider.java:lambda$create$0(206)) - Sending CreatePipelineCommand for pipeline:PipelineID=8f97b832-e2b3-4a03-9754-d4d245344b96 to datanode:49ad5a47-7d1f-45bf-afe9-a53f24515e29
2023-01-26 17:38:07,828 [RatisPipelineUtilsThread - 0] INFO  pipeline.RatisPipelineProvider (RatisPipelineProvider.java:lambda$create$0(206)) - Sending CreatePipelineCommand for pipeline:PipelineID=8f97b832-e2b3-4a03-9754-d4d245344b96 to datanode:235f2378-c7d7-4173-89ba-00e0bb2ff45d
2023-01-26 17:38:07,830 [RatisPipelineUtilsThread - 0] INFO  pipeline.RatisPipelineProvider (RatisPipelineProvider.java:lambda$create$0(206)) - Sending CreatePipelineCommand for pipeline:PipelineID=8f97b832-e2b3-4a03-9754-d4d245344b96 to datanode:f066a8fd-bb24-4d50-9831-ef193da0c0d0
2023-01-26 17:38:07,830 [RatisPipelineUtilsThread - 0] INFO  pipeline.PipelineStateManagerImpl (PipelineStateManagerImpl.java:addPipeline(103)) - Created pipeline Pipeline[ Id: 8f97b832-e2b3-4a03-9754-d4d245344b96, Nodes: 49ad5a47-7d1f-45bf-afe9-a53f24515e29(fv-az77-38/10.1.0.73)235f2378-c7d7-4173-89ba-00e0bb2ff45d(fv-az77-38/10.1.0.73)f066a8fd-bb24-4d50-9831-ef193da0c0d0(fv-az77-38/10.1.0.73), ReplicationConfig: RATIS/THREE, State:ALLOCATED, leaderId:, CreationTimestamp2023-01-26T17:38:07.827Z[Etc/UTC]].
2023-01-26 17:38:07,831 [RatisPipelineUtilsThread - 0] INFO  pipeline.PipelineManagerImpl (PipelineManagerImpl.java:recordMetricsForPipeline(826)) - Pipeline: PipelineID=8f97b832-e2b3-4a03-9754-d4d245344b96 contains same datanodes as previous pipelines: PipelineID=acbe5c84-a3fd-4d99-bb8c-86a1be7e6950 nodeIds: 49ad5a47-7d1f-45bf-afe9-a53f24515e29, 235f2378-c7d7-4173-89ba-00e0bb2ff45d, f066a8fd-bb24-4d50-9831-ef193da0c0d0
2023-01-26 17:38:07,831 [RatisPipelineUtilsThread - 0] WARN  pipeline.PipelinePlacementPolicy (PipelinePlacementPolicy.java:filterViableNodes(158)) - Pipeline creation failed due to no sufficient healthy datanodes. Required 3. Found 0.
2023-01-26 17:38:08,260 [Listener at 127.0.0.1/41041] INFO  ozone.MiniOzoneClusterImpl (MiniOzoneClusterImpl.java:lambda$waitForClusterToBeReady$0(218)) - Waiting for nodes to be ready. Got 6 of 7 DN Heartbeats.
2023-01-26 17:38:08,260 [Listener at 127.0.0.1/41041] INFO  ozone.MiniOzoneClusterImpl (MiniOzoneClusterImpl.java:lambda$waitForClusterToBeReady$0(221)) - Waiting for cluster to exit safe mode
2023-01-26 17:38:08,260 [Listener at 127.0.0.1/41041] INFO  ozone.MiniOzoneClusterImpl (MiniOzoneClusterImpl.java:lambda$waitForClusterToBeReady$0(223)) - SCM became leader
2023-01-26 17:38:08,269 [IPC Server handler 3 on default port 35215] INFO  net.NetworkTopologyImpl (NetworkTopologyImpl.java:add(112)) - Added a new node: /default-rack/1c9aed28-9cdb-4eb7-a568-9d4d50a7e5ce
2023-01-26 17:38:08,269 [IPC Server handler 3 on default port 35215] INFO  node.SCMNodeManager (SCMNodeManager.java:register(397)) - Registered Data node : 1c9aed28-9cdb-4eb7-a568-9d4d50a7e5ce{ip: 10.1.0.73, host: fv-az77-38, ports: [REPLICATION=43571, RATIS=36301, RATIS_ADMIN=36301, RATIS_SERVER=36301, RATIS_DATASTREAM=40169, STANDALONE=45181], networkLocation: /default-rack, certSerialId: null, persistedOpState: null, persistedOpStateExpiryEpochSec: 0}
2023-01-26 17:38:08,269 [EventQueue-NewNodeForNewNodeHandler] INFO  pipeline.BackgroundPipelineCreator (BackgroundPipelineCreator.java:notifyEventTriggered(276)) - trigger a one-shot run on RatisPipelineUtilsThread.
2023-01-26 17:38:08,270 [RatisPipelineUtilsThread - 0] INFO  pipeline.RatisPipelineProvider (RatisPipelineProvider.java:lambda$create$0(206)) - Sending CreatePipelineCommand for pipeline:PipelineID=6a9459a5-6736-4087-8183-f34764d44111 to datanode:1c9aed28-9cdb-4eb7-a568-9d4d50a7e5ce
2023-01-26 17:38:08,270 [RatisPipelineUtilsThread - 0] INFO  pipeline.PipelineStateManagerImpl (PipelineStateManagerImpl.java:addPipeline(103)) - Created pipeline Pipeline[ Id: 6a9459a5-6736-4087-8183-f34764d44111, Nodes: 1c9aed28-9cdb-4eb7-a568-9d4d50a7e5ce(fv-az77-38/10.1.0.73), ReplicationConfig: RATIS/ONE, State:ALLOCATED, leaderId:, CreationTimestamp2023-01-26T17:38:08.270Z[Etc/UTC]].
2023-01-26 17:38:08,271 [RatisPipelineUtilsThread - 0] WARN  pipeline.PipelinePlacementPolicy (PipelinePlacementPolicy.java:filterViableNodes(158)) - Pipeline creation failed due to no sufficient healthy datanodes. Required 3. Found 1.
2023-01-26 17:38:08,910 [Command processor thread] INFO  server.RaftServer (RaftServerProxy.java:addNew(96)) - c453178f-2ef0-4247-9a2d-ffe23fd9d996: addNew group-A00965D8A84E:[c453178f-2ef0-4247-9a2d-ffe23fd9d996|rpc:10.1.0.73:42109|dataStream:10.1.0.73:44519|priority:1|startupRole:FOLLOWER] returns group-A00965D8A84E:java.util.concurrent.CompletableFuture@4c5fb828[Not completed]
2023-01-26 17:38:08,924 [pool-71-thread-1] INFO  server.RaftServer$Division (RaftServerImpl.java:<init>(195)) - c453178f-2ef0-4247-9a2d-ffe23fd9d996: new RaftServerImpl for group-A00965D8A84E:[c453178f-2ef0-4247-9a2d-ffe23fd9d996|rpc:10.1.0.73:42109|dataStream:10.1.0.73:44519|priority:1|startupRole:FOLLOWER] with ContainerStateMachine:uninitialized
2023-01-26 17:38:08,924 [pool-71-thread-1] INFO  server.RaftServerConfigKeys (ConfUtils.java:logGet(46)) - raft.server.rpc.timeout.min = 5s (custom)
2023-01-26 17:38:08,925 [pool-71-thread-1] INFO  server.RaftServerConfigKeys (ConfUtils.java:logGet(46)) - raft.server.rpc.timeout.max = 5200ms (custom)
2023-01-26 17:38:08,925 [pool-71-thread-1] INFO  server.RaftServerConfigKeys (ConfUtils.java:logGet(46)) - raft.server.rpc.sleep.time = 25ms (default)
2023-01-26 17:38:08,925 [pool-71-thread-1] INFO  server.RaftServerConfigKeys (ConfUtils.java:logGet(46)) - raft.server.rpc.slowness.timeout = 300s (custom)
2023-01-26 17:38:08,925 [pool-71-thread-1] INFO  server.RaftServerConfigKeys (ConfUtils.java:logGet(46)) - raft.server.leaderelection.leader.step-down.wait-time = 10s (default)
2023-01-26 17:38:08,925 [pool-71-thread-1] INFO  server.RaftServerConfigKeys (ConfUtils.java:logGet(46)) - raft.server.sleep.deviation.threshold = 300ms (default)
2023-01-26 17:38:08,925 [pool-71-thread-1] INFO  server.RaftServer$Division (ServerState.java:<init>(118)) - c453178f-2ef0-4247-9a2d-ffe23fd9d996@group-A00965D8A84E: ConfigurationManager, init=-1: peers:[c453178f-2ef0-4247-9a2d-ffe23fd9d996|rpc:10.1.0.73:42109|dataStream:10.1.0.73:44519|priority:1|startupRole:FOLLOWER]|listeners:[], old=null, confs=<EMPTY_MAP>
2023-01-26 17:38:08,925 [pool-71-thread-1] INFO  server.RaftServerConfigKeys (ConfUtils.java:logGet(46)) - raft.server.storage.dir = [/home/runner/work/ozone/ozone/hadoop-ozone/integration-test/target/test-dir/MiniOzoneClusterImpl-49a32a1f-b929-42a3-86b3-c5b719d90673/datanode-0/data/ratis] (custom)
2023-01-26 17:38:08,926 [pool-71-thread-1] INFO  server.RaftServerConfigKeys (ConfUtils.java:logGet(46)) - raft.server.log.corruption.policy = EXCEPTION (default)
2023-01-26 17:38:08,926 [pool-71-thread-1] INFO  server.RaftServerConfigKeys (ConfUtils.java:logGet(46)) - raft.server.storage.free-space.min = 0MB (=0) (default)
2023-01-26 17:38:08,926 [pool-71-thread-1] INFO  server.RaftServerConfigKeys (ConfUtils.java:logGet(46)) - raft.server.notification.no-leader.timeout = 300s (custom)
2023-01-26 17:38:08,926 [pool-71-thread-1] INFO  server.RaftServerConfigKeys (ConfUtils.java:logGet(46)) - raft.server.retrycache.expirytime = 600000ms (custom)
2023-01-26 17:38:08,926 [pool-71-thread-1] INFO  server.RaftServerConfigKeys (ConfUtils.java:logGet(46)) - raft.server.retrycache.statistics.expirytime = 100μs (default)
2023-01-26 17:38:08,939 [pool-71-thread-1] INFO  server.RaftServerConfigKeys (ConfUtils.java:logGet(46)) - raft.server.log.appender.install.snapshot.enabled = false (custom)
2023-01-26 17:38:08,939 [pool-71-thread-1] INFO  server.RaftServerConfigKeys (ConfUtils.java:logGet(46)) - raft.server.threadpool.server.cached = true (default)
2023-01-26 17:38:08,939 [pool-71-thread-1] INFO  server.RaftServerConfigKeys (ConfUtils.java:logGet(46)) - raft.server.threadpool.server.size = 0 (default)
2023-01-26 17:38:08,939 [pool-71-thread-1] INFO  server.RaftServerConfigKeys (ConfUtils.java:logGet(46)) - raft.server.threadpool.client.cached = true (default)
2023-01-26 17:38:08,939 [pool-71-thread-1] INFO  server.RaftServerConfigKeys (ConfUtils.java:logGet(46)) - raft.server.threadpool.client.size = 0 (default)
2023-01-26 17:38:08,939 [pool-71-thread-1] INFO  storage.RaftStorageDirectory (RaftStorageDirectoryImpl.java:analyzeStorage(137)) - The storage directory /home/runner/work/ozone/ozone/hadoop-ozone/integration-test/target/test-dir/MiniOzoneClusterImpl-49a32a1f-b929-42a3-86b3-c5b719d90673/datanode-0/data/ratis/fd7695d5-0d09-4c4f-87cf-a00965d8a84e does not exist. Creating ...
2023-01-26 17:38:08,941 [pool-71-thread-1] INFO  storage.RaftStorageDirectory (RaftStorageDirectoryImpl.java:tryLock(231)) - Lock on /home/runner/work/ozone/ozone/hadoop-ozone/integration-test/target/test-dir/MiniOzoneClusterImpl-49a32a1f-b929-42a3-86b3-c5b719d90673/datanode-0/data/ratis/fd7695d5-0d09-4c4f-87cf-a00965d8a84e/in_use.lock acquired by nodename 58484@fv-az77-38
2023-01-26 17:38:08,942 [pool-71-thread-1] INFO  storage.RaftStorage (RaftStorageImpl.java:format(96)) - Storage directory /home/runner/work/ozone/ozone/hadoop-ozone/integration-test/target/test-dir/MiniOzoneClusterImpl-49a32a1f-b929-42a3-86b3-c5b719d90673/datanode-0/data/ratis/fd7695d5-0d09-4c4f-87cf-a00965d8a84e has been successfully formatted.
2023-01-26 17:38:08,949 [pool-71-thread-1] INFO  ratis.ContainerStateMachine (ContainerStateMachine.java:loadSnapshot(240)) - group-A00965D8A84E: The snapshot info is null. Setting the last applied indexto:(t:0, i:~)
2023-01-26 17:38:08,949 [pool-71-thread-1] INFO  server.RaftServerConfigKeys (ConfUtils.java:logGet(46)) - raft.server.log.use.memory = false (default)
2023-01-26 17:38:08,950 [pool-71-thread-1] INFO  server.RaftServerConfigKeys (ConfUtils.java:logGet(46)) - raft.server.log.purge.gap = 1000000 (custom)
2023-01-26 17:38:08,950 [pool-71-thread-1] INFO  server.RaftServerConfigKeys (ConfUtils.java:logGet(46)) - raft.server.log.appender.buffer.byte-limit = 33554432 (custom)
2023-01-26 17:38:08,950 [pool-71-thread-1] INFO  server.RaftServerConfigKeys (ConfUtils.java:logGet(46)) - raft.server.log.statemachine.data.read.timeout = 1000ms (default)
2023-01-26 17:38:08,950 [pool-71-thread-1] INFO  server.RaftServerConfigKeys (ConfUtils.java:logGet(46)) - raft.server.log.purge.preservation.log.num = 0 (default)
2023-01-26 17:38:08,952 [pool-71-thread-1] INFO  server.RaftServerConfigKeys (ConfUtils.java:logGet(46)) - raft.server.log.segment.size.max = 1048576 (custom)
2023-01-26 17:38:08,952 [pool-71-thread-1] INFO  server.RaftServerConfigKeys (ConfUtils.java:logGet(46)) - raft.server.log.segment.cache.num.max = 2 (custom)
2023-01-26 17:38:08,953 [pool-71-thread-1] INFO  server.RaftServerConfigKeys (ConfUtils.java:logGet(46)) - raft.server.log.segment.cache.size.max = 200MB (=209715200) (default)
2023-01-26 17:38:08,953 [pool-71-thread-1] INFO  segmented.SegmentedRaftLogWorker (SegmentedRaftLogWorker.java:<init>(189)) - new c453178f-2ef0-4247-9a2d-ffe23fd9d996@group-A00965D8A84E-SegmentedRaftLogWorker for RaftStorageImpl:Storage Directory /home/runner/work/ozone/ozone/hadoop-ozone/integration-test/target/test-dir/MiniOzoneClusterImpl-49a32a1f-b929-42a3-86b3-c5b719d90673/datanode-0/data/ratis/fd7695d5-0d09-4c4f-87cf-a00965d8a84e
2023-01-26 17:38:08,953 [pool-71-thread-1] INFO  server.RaftServerConfigKeys (ConfUtils.java:logGet(46)) - raft.server.log.queue.byte-limit = 4294967296 (custom)
2023-01-26 17:38:08,953 [pool-71-thread-1] INFO  server.RaftServerConfigKeys (ConfUtils.java:logGet(46)) - raft.server.log.queue.element-limit = 1024 (custom)
2023-01-26 17:38:08,954 [pool-71-thread-1] INFO  server.RaftServerConfigKeys (ConfUtils.java:logGet(46)) - raft.server.log.segment.size.max = 1048576 (custom)
2023-01-26 17:38:08,954 [pool-71-thread-1] INFO  server.RaftServerConfigKeys (ConfUtils.java:logGet(46)) - raft.server.log.preallocated.size = 16384 (custom)
2023-01-26 17:38:08,954 [pool-71-thread-1] INFO  server.RaftServerConfigKeys (ConfUtils.java:logGet(46)) - raft.server.log.force.sync.num = 128 (default)
2023-01-26 17:38:08,954 [pool-71-thread-1] INFO  server.RaftServerConfigKeys (ConfUtils.java:logGet(46)) - raft.server.log.statemachine.data.sync = true (default)
2023-01-26 17:38:08,954 [pool-71-thread-1] INFO  server.RaftServerConfigKeys (ConfUtils.java:logGet(46)) - raft.server.log.statemachine.data.sync.timeout = 10s (default)
2023-01-26 17:38:08,954 [pool-71-thread-1] INFO  server.RaftServerConfigKeys (ConfUtils.java:logGet(46)) - raft.server.log.statemachine.data.sync.timeout.retry = -1 (default)
2023-01-26 17:38:08,961 [pool-71-thread-1] INFO  server.RaftServerConfigKeys (ConfUtils.java:logGet(46)) - raft.server.log.write.buffer.size = 1048576 (custom)
2023-01-26 17:38:08,962 [pool-71-thread-1] INFO  server.RaftServerConfigKeys (ConfUtils.java:logGet(46)) - raft.server.log.appender.buffer.byte-limit = 33554432 (custom)
2023-01-26 17:38:08,971 [EventQueue-PipelineReportForPipelineReportHandler] INFO  pipeline.PipelineManagerImpl (PipelineManagerImpl.java:openPipeline(367)) - Pipeline Pipeline[ Id: fd7695d5-0d09-4c4f-87cf-a00965d8a84e, Nodes: c453178f-2ef0-4247-9a2d-ffe23fd9d996(fv-az77-38/10.1.0.73), ReplicationConfig: RATIS/ONE, State:ALLOCATED, leaderId:c453178f-2ef0-4247-9a2d-ffe23fd9d996, CreationTimestamp2023-01-26T17:38:05.915Z[Etc/UTC]] moved to OPEN state
2023-01-26 17:38:08,972 [pool-71-thread-1] INFO  server.RaftServerConfigKeys (ConfUtils.java:logGet(46)) - raft.server.log.unsafe-flush.enabled = false (default)
2023-01-26 17:38:08,978 [pool-71-thread-1] INFO  server.RaftServerConfigKeys (ConfUtils.java:logGet(46)) - raft.server.log.async-flush.enabled = false (default)
2023-01-26 17:38:08,978 [pool-71-thread-1] INFO  server.RaftServerConfigKeys (ConfUtils.java:logGet(46)) - raft.server.log.statemachine.data.caching.enabled = true (custom)
2023-01-26 17:38:08,978 [pool-71-thread-1] INFO  segmented.SegmentedRaftLogWorker (SegmentedRaftLogWorker.java:lambda$new$0(135)) - c453178f-2ef0-4247-9a2d-ffe23fd9d996@group-A00965D8A84E-SegmentedRaftLogWorker: flushIndex: setUnconditionally 0 -> -1
2023-01-26 17:38:08,978 [pool-71-thread-1] INFO  segmented.SegmentedRaftLogWorker (SegmentedRaftLogWorker.java:lambda$new$0(135)) - c453178f-2ef0-4247-9a2d-ffe23fd9d996@group-A00965D8A84E-SegmentedRaftLogWorker: safeCacheEvictIndex: setUnconditionally 0 -> -1
2023-01-26 17:38:08,978 [EventQueue-OpenPipelineForHealthyPipelineSafeModeRule] INFO  safemode.SCMSafeModeManager (HealthyPipelineSafeModeRule.java:process(137)) - SCM in safe mode. Healthy pipelines reported count is 0, required healthy pipeline reported count is 1
2023-01-26 17:38:08,979 [pool-71-thread-1] INFO  server.RaftServer$Division (RaftServerImpl.java:start(334)) - c453178f-2ef0-4247-9a2d-ffe23fd9d996@group-A00965D8A84E: start as a follower, conf=-1: peers:[c453178f-2ef0-4247-9a2d-ffe23fd9d996|rpc:10.1.0.73:42109|dataStream:10.1.0.73:44519|priority:1|startupRole:FOLLOWER]|listeners:[], old=null
2023-01-26 17:38:08,979 [pool-71-thread-1] INFO  server.RaftServer$Division (RaftServerImpl.java:setRole(321)) - c453178f-2ef0-4247-9a2d-ffe23fd9d996@group-A00965D8A84E: changes role from      null to FOLLOWER at term 0 for startAsFollower
2023-01-26 17:38:08,979 [pool-71-thread-1] INFO  impl.RoleInfo (RoleInfo.java:updateAndGet(139)) - c453178f-2ef0-4247-9a2d-ffe23fd9d996: start c453178f-2ef0-4247-9a2d-ffe23fd9d996@group-A00965D8A84E-FollowerState
2023-01-26 17:38:08,979 [pool-71-thread-1] INFO  util.JmxRegister (JmxRegister.java:tryRegister(44)) - Successfully registered JMX Bean with object name Ratis:service=RaftServer,group=group-A00965D8A84E,id=c453178f-2ef0-4247-9a2d-ffe23fd9d996
2023-01-26 17:38:08,980 [pool-71-thread-1] INFO  server.RaftServerConfigKeys (ConfUtils.java:logGet(46)) - raft.server.snapshot.auto.trigger.enabled = true (custom)
2023-01-26 17:38:08,980 [pool-71-thread-1] INFO  server.RaftServerConfigKeys (ConfUtils.java:logGet(46)) - raft.server.snapshot.auto.trigger.threshold = 10000 (custom)
2023-01-26 17:38:08,980 [pool-71-thread-1] INFO  server.RaftServerConfigKeys (ConfUtils.java:logGet(46)) - raft.server.snapshot.retention.file.num = 5 (custom)
2023-01-26 17:38:08,980 [pool-71-thread-1] INFO  server.RaftServerConfigKeys (ConfUtils.java:logGet(46)) - raft.server.log.purge.upto.snapshot.index = false (default)
2023-01-26 17:38:08,983 [c453178f-2ef0-4247-9a2d-ffe23fd9d996@group-A00965D8A84E-FollowerState] INFO  server.RaftServerConfigKeys (ConfUtils.java:logFallback(53)) - raft.server.rpc.first-election.timeout.min = 5s (fallback to raft.server.rpc.timeout.min)
2023-01-26 17:38:08,983 [c453178f-2ef0-4247-9a2d-ffe23fd9d996@group-A00965D8A84E-FollowerState] INFO  server.RaftServerConfigKeys (ConfUtils.java:logFallback(53)) - raft.server.rpc.first-election.timeout.max = 5200ms (fallback to raft.server.rpc.timeout.max)
2023-01-26 17:38:08,991 [Command processor thread] INFO  ratis.XceiverServerRatis (XceiverServerRatis.java:addGroup(806)) - Created group PipelineID=fd7695d5-0d09-4c4f-87cf-a00965d8a84e
2023-01-26 17:38:08,992 [Command processor thread] INFO  commandhandler.CreatePipelineCommandHandler (CreatePipelineCommandHandler.java:handle(113)) - Created Pipeline RATIS ONE PipelineID=fd7695d5-0d09-4c4f-87cf-a00965d8a84e.
2023-01-26 17:38:08,992 [Command processor thread] INFO  server.RaftServer (RaftServerProxy.java:addNew(96)) - c453178f-2ef0-4247-9a2d-ffe23fd9d996: addNew group-87C6C7D491AC:[c453178f-2ef0-4247-9a2d-ffe23fd9d996|rpc:10.1.0.73:42109|dataStream:10.1.0.73:44519|priority:0|startupRole:FOLLOWER, 6567ec37-669a-4dc4-a62b-70dc5f228e8b|rpc:10.1.0.73:35085|dataStream:10.1.0.73:40235|priority:1|startupRole:FOLLOWER, 7c3d527d-806d-4f2b-9b01-1e1a412c2b01|rpc:10.1.0.73:34323|dataStream:10.1.0.73:42025|priority:0|startupRole:FOLLOWER] returns group-87C6C7D491AC:java.util.concurrent.CompletableFuture@4e4eccca[Not completed]
2023-01-26 17:38:08,994 [pool-71-thread-1] INFO  server.RaftServer$Division (RaftServerImpl.java:<init>(195)) - c453178f-2ef0-4247-9a2d-ffe23fd9d996: new RaftServerImpl for group-87C6C7D491AC:[c453178f-2ef0-4247-9a2d-ffe23fd9d996|rpc:10.1.0.73:42109|dataStream:10.1.0.73:44519|priority:0|startupRole:FOLLOWER, 6567ec37-669a-4dc4-a62b-70dc5f228e8b|rpc:10.1.0.73:35085|dataStream:10.1.0.73:40235|priority:1|startupRole:FOLLOWER, 7c3d527d-806d-4f2b-9b01-1e1a412c2b01|rpc:10.1.0.73:34323|dataStream:10.1.0.73:42025|priority:0|startupRole:FOLLOWER] with ContainerStateMachine:uninitialized
2023-01-26 17:38:08,994 [pool-71-thread-1] INFO  server.RaftServerConfigKeys (ConfUtils.java:logGet(46)) - raft.server.rpc.timeout.min = 5s (custom)
2023-01-26 17:38:08,994 [pool-71-thread-1] INFO  server.RaftServerConfigKeys (ConfUtils.java:logGet(46)) - raft.server.rpc.timeout.max = 5200ms (custom)
2023-01-26 17:38:08,994 [pool-71-thread-1] INFO  server.RaftServerConfigKeys (ConfUtils.java:logGet(46)) - raft.server.rpc.sleep.time = 25ms (default)
2023-01-26 17:38:08,994 [pool-71-thread-1] INFO  server.RaftServerConfigKeys (ConfUtils.java:logGet(46)) - raft.server.rpc.slowness.timeout = 300s (custom)
2023-01-26 17:38:08,994 [pool-71-thread-1] INFO  server.RaftServerConfigKeys (ConfUtils.java:logGet(46)) - raft.server.leaderelection.leader.step-down.wait-time = 10s (default)
2023-01-26 17:38:08,994 [pool-71-thread-1] INFO  server.RaftServerConfigKeys (ConfUtils.java:logGet(46)) - raft.server.sleep.deviation.threshold = 300ms (default)
2023-01-26 17:38:08,994 [pool-71-thread-1] INFO  server.RaftServer$Division (ServerState.java:<init>(118)) - c453178f-2ef0-4247-9a2d-ffe23fd9d996@group-87C6C7D491AC: ConfigurationManager, init=-1: peers:[c453178f-2ef0-4247-9a2d-ffe23fd9d996|rpc:10.1.0.73:42109|dataStream:10.1.0.73:44519|priority:0|startupRole:FOLLOWER, 6567ec37-669a-4dc4-a62b-70dc5f228e8b|rpc:10.1.0.73:35085|dataStream:10.1.0.73:40235|priority:1|startupRole:FOLLOWER, 7c3d527d-806d-4f2b-9b01-1e1a412c2b01|rpc:10.1.0.73:34323|dataStream:10.1.0.73:42025|priority:0|startupRole:FOLLOWER]|listeners:[], old=null, confs=<EMPTY_MAP>
2023-01-26 17:38:08,995 [pool-71-thread-1] INFO  server.RaftServerConfigKeys (ConfUtils.java:logGet(46)) - raft.server.storage.dir = [/home/runner/work/ozone/ozone/hadoop-ozone/integration-test/target/test-dir/MiniOzoneClusterImpl-49a32a1f-b929-42a3-86b3-c5b719d90673/datanode-0/data/ratis] (custom)
2023-01-26 17:38:08,995 [pool-71-thread-1] INFO  server.RaftServerConfigKeys (ConfUtils.java:logGet(46)) - raft.server.log.corruption.policy = EXCEPTION (default)
2023-01-26 17:38:08,995 [pool-71-thread-1] INFO  server.RaftServerConfigKeys (ConfUtils.java:logGet(46)) - raft.server.storage.free-space.min = 0MB (=0) (default)
2023-01-26 17:38:08,996 [pool-71-thread-1] INFO  server.RaftServerConfigKeys (ConfUtils.java:logGet(46)) - raft.server.notification.no-leader.timeout = 300s (custom)
2023-01-26 17:38:08,998 [pool-71-thread-1] INFO  server.RaftServerConfigKeys (ConfUtils.java:logGet(46)) - raft.server.retrycache.expirytime = 600000ms (custom)
2023-01-26 17:38:08,998 [pool-71-thread-1] INFO  server.RaftServerConfigKeys (ConfUtils.java:logGet(46)) - raft.server.retrycache.statistics.expirytime = 100μs (default)
2023-01-26 17:38:09,005 [pool-71-thread-1] INFO  server.RaftServerConfigKeys (ConfUtils.java:logGet(46)) - raft.server.log.appender.install.snapshot.enabled = false (custom)
2023-01-26 17:38:09,005 [pool-71-thread-1] INFO  server.RaftServerConfigKeys (ConfUtils.java:logGet(46)) - raft.server.threadpool.server.cached = true (default)
2023-01-26 17:38:09,005 [pool-71-thread-1] INFO  server.RaftServerConfigKeys (ConfUtils.java:logGet(46)) - raft.server.threadpool.server.size = 0 (default)
2023-01-26 17:38:09,005 [pool-71-thread-1] INFO  server.RaftServerConfigKeys (ConfUtils.java:logGet(46)) - raft.server.threadpool.client.cached = true (default)
2023-01-26 17:38:09,005 [pool-71-thread-1] INFO  server.RaftServerConfigKeys (ConfUtils.java:logGet(46)) - raft.server.threadpool.client.size = 0 (default)
2023-01-26 17:38:09,005 [pool-71-thread-1] INFO  storage.RaftStorageDirectory (RaftStorageDirectoryImpl.java:analyzeStorage(137)) - The storage directory /home/runner/work/ozone/ozone/hadoop-ozone/integration-test/target/test-dir/MiniOzoneClusterImpl-49a32a1f-b929-42a3-86b3-c5b719d90673/datanode-0/data/ratis/7c778e66-d42b-4d70-80fd-87c6c7d491ac does not exist. Creating ...
2023-01-26 17:38:09,007 [pool-71-thread-1] INFO  storage.RaftStorageDirectory (RaftStorageDirectoryImpl.java:tryLock(231)) - Lock on /home/runner/work/ozone/ozone/hadoop-ozone/integration-test/target/test-dir/MiniOzoneClusterImpl-49a32a1f-b929-42a3-86b3-c5b719d90673/datanode-0/data/ratis/7c778e66-d42b-4d70-80fd-87c6c7d491ac/in_use.lock acquired by nodename 58484@fv-az77-38
2023-01-26 17:38:09,009 [pool-71-thread-1] INFO  storage.RaftStorage (RaftStorageImpl.java:format(96)) - Storage directory /home/runner/work/ozone/ozone/hadoop-ozone/integration-test/target/test-dir/MiniOzoneClusterImpl-49a32a1f-b929-42a3-86b3-c5b719d90673/datanode-0/data/ratis/7c778e66-d42b-4d70-80fd-87c6c7d491ac has been successfully formatted.
2023-01-26 17:38:09,009 [pool-71-thread-1] INFO  ratis.ContainerStateMachine (ContainerStateMachine.java:loadSnapshot(240)) - group-87C6C7D491AC: The snapshot info is null. Setting the last applied indexto:(t:0, i:~)
2023-01-26 17:38:09,009 [pool-71-thread-1] INFO  server.RaftServerConfigKeys (ConfUtils.java:logGet(46)) - raft.server.log.use.memory = false (default)
2023-01-26 17:38:09,009 [pool-71-thread-1] INFO  server.RaftServerConfigKeys (ConfUtils.java:logGet(46)) - raft.server.log.purge.gap = 1000000 (custom)
2023-01-26 17:38:09,011 [pool-71-thread-1] INFO  server.RaftServerConfigKeys (ConfUtils.java:logGet(46)) - raft.server.log.appender.buffer.byte-limit = 33554432 (custom)
2023-01-26 17:38:09,011 [pool-71-thread-1] INFO  server.RaftServerConfigKeys (ConfUtils.java:logGet(46)) - raft.server.log.statemachine.data.read.timeout = 1000ms (default)
2023-01-26 17:38:09,011 [pool-71-thread-1] INFO  server.RaftServerConfigKeys (ConfUtils.java:logGet(46)) - raft.server.log.purge.preservation.log.num = 0 (default)
2023-01-26 17:38:09,011 [pool-71-thread-1] INFO  server.RaftServerConfigKeys (ConfUtils.java:logGet(46)) - raft.server.log.segment.size.max = 1048576 (custom)
2023-01-26 17:38:09,011 [pool-71-thread-1] INFO  server.RaftServerConfigKeys (ConfUtils.java:logGet(46)) - raft.server.log.segment.cache.num.max = 2 (custom)
2023-01-26 17:38:09,012 [EventQueue-OpenPipelineForHealthyPipelineSafeModeRule] INFO  safemode.SCMSafeModeManager (HealthyPipelineSafeModeRule.java:process(137)) - SCM in safe mode. Healthy pipelines reported count is 0, required healthy pipeline reported count is 1
2023-01-26 17:38:09,015 [pool-71-thread-1] INFO  server.RaftServerConfigKeys (ConfUtils.java:logGet(46)) - raft.server.log.segment.cache.size.max = 200MB (=209715200) (default)
2023-01-26 17:38:09,015 [pool-71-thread-1] INFO  segmented.SegmentedRaftLogWorker (SegmentedRaftLogWorker.java:<init>(189)) - new c453178f-2ef0-4247-9a2d-ffe23fd9d996@group-87C6C7D491AC-SegmentedRaftLogWorker for RaftStorageImpl:Storage Directory /home/runner/work/ozone/ozone/hadoop-ozone/integration-test/target/test-dir/MiniOzoneClusterImpl-49a32a1f-b929-42a3-86b3-c5b719d90673/datanode-0/data/ratis/7c778e66-d42b-4d70-80fd-87c6c7d491ac
2023-01-26 17:38:09,015 [pool-71-thread-1] INFO  server.RaftServerConfigKeys (ConfUtils.java:logGet(46)) - raft.server.log.queue.byte-limit = 4294967296 (custom)
2023-01-26 17:38:09,015 [pool-71-thread-1] INFO  server.RaftServerConfigKeys (ConfUtils.java:logGet(46)) - raft.server.log.queue.element-limit = 1024 (custom)
2023-01-26 17:38:09,015 [pool-71-thread-1] INFO  server.RaftServerConfigKeys (ConfUtils.java:logGet(46)) - raft.server.log.segment.size.max = 1048576 (custom)
2023-01-26 17:38:09,015 [pool-71-thread-1] INFO  server.RaftServerConfigKeys (ConfUtils.java:logGet(46)) - raft.server.log.preallocated.size = 16384 (custom)
2023-01-26 17:38:09,015 [pool-71-thread-1] INFO  server.RaftServerConfigKeys (ConfUtils.java:logGet(46)) - raft.server.log.force.sync.num = 128 (default)
2023-01-26 17:38:09,015 [pool-71-thread-1] INFO  server.RaftServerConfigKeys (ConfUtils.java:logGet(46)) - raft.server.log.statemachine.data.sync = true (default)
2023-01-26 17:38:09,015 [pool-71-thread-1] INFO  server.RaftServerConfigKeys (ConfUtils.java:logGet(46)) - raft.server.log.statemachine.data.sync.timeout = 10s (default)
2023-01-26 17:38:09,015 [pool-71-thread-1] INFO  server.RaftServerConfigKeys (ConfUtils.java:logGet(46)) - raft.server.log.statemachine.data.sync.timeout.retry = -1 (default)
2023-01-26 17:38:09,017 [pool-71-thread-1] INFO  server.RaftServerConfigKeys (ConfUtils.java:logGet(46)) - raft.server.log.write.buffer.size = 1048576 (custom)
2023-01-26 17:38:09,020 [pool-71-thread-1] INFO  server.RaftServerConfigKeys (ConfUtils.java:logGet(46)) - raft.server.log.appender.buffer.byte-limit = 33554432 (custom)
2023-01-26 17:38:09,027 [pool-71-thread-1] INFO  server.RaftServerConfigKeys (ConfUtils.java:logGet(46)) - raft.server.log.unsafe-flush.enabled = false (default)
2023-01-26 17:38:09,027 [pool-71-thread-1] INFO  server.RaftServerConfigKeys (ConfUtils.java:logGet(46)) - raft.server.log.async-flush.enabled = false (default)
2023-01-26 17:38:09,027 [pool-71-thread-1] INFO  server.RaftServerConfigKeys (ConfUtils.java:logGet(46)) - raft.server.log.statemachine.data.caching.enabled = true (custom)
2023-01-26 17:38:09,027 [pool-71-thread-1] INFO  segmented.SegmentedRaftLogWorker (SegmentedRaftLogWorker.java:lambda$new$0(135)) - c453178f-2ef0-4247-9a2d-ffe23fd9d996@group-87C6C7D491AC-SegmentedRaftLogWorker: flushIndex: setUnconditionally 0 -> -1
2023-01-26 17:38:09,027 [pool-71-thread-1] INFO  segmented.SegmentedRaftLogWorker (SegmentedRaftLogWorker.java:lambda$new$0(135)) - c453178f-2ef0-4247-9a2d-ffe23fd9d996@group-87C6C7D491AC-SegmentedRaftLogWorker: safeCacheEvictIndex: setUnconditionally 0 -> -1
2023-01-26 17:38:09,027 [pool-71-thread-1] INFO  server.RaftServer$Division (RaftServerImpl.java:start(334)) - c453178f-2ef0-4247-9a2d-ffe23fd9d996@group-87C6C7D491AC: start as a follower, conf=-1: peers:[c453178f-2ef0-4247-9a2d-ffe23fd9d996|rpc:10.1.0.73:42109|dataStream:10.1.0.73:44519|priority:0|startupRole:FOLLOWER, 6567ec37-669a-4dc4-a62b-70dc5f228e8b|rpc:10.1.0.73:35085|dataStream:10.1.0.73:40235|priority:1|startupRole:FOLLOWER, 7c3d527d-806d-4f2b-9b01-1e1a412c2b01|rpc:10.1.0.73:34323|dataStream:10.1.0.73:42025|priority:0|startupRole:FOLLOWER]|listeners:[], old=null
2023-01-26 17:38:09,027 [pool-71-thread-1] INFO  server.RaftServer$Division (RaftServerImpl.java:setRole(321)) - c453178f-2ef0-4247-9a2d-ffe23fd9d996@group-87C6C7D491AC: changes role from      null to FOLLOWER at term 0 for startAsFollower
2023-01-26 17:38:09,028 [pool-71-thread-1] INFO  impl.RoleInfo (RoleInfo.java:updateAndGet(139)) - c453178f-2ef0-4247-9a2d-ffe23fd9d996: start c453178f-2ef0-4247-9a2d-ffe23fd9d996@group-87C6C7D491AC-FollowerState
2023-01-26 17:38:09,029 [pool-71-thread-1] INFO  util.JmxRegister (JmxRegister.java:tryRegister(44)) - Successfully registered JMX Bean with object name Ratis:service=RaftServer,group=group-87C6C7D491AC,id=c453178f-2ef0-4247-9a2d-ffe23fd9d996
2023-01-26 17:38:09,029 [pool-71-thread-1] INFO  server.RaftServerConfigKeys (ConfUtils.java:logGet(46)) - raft.server.snapshot.auto.trigger.enabled = true (custom)
2023-01-26 17:38:09,029 [pool-71-thread-1] INFO  server.RaftServerConfigKeys (ConfUtils.java:logGet(46)) - raft.server.snapshot.auto.trigger.threshold = 10000 (custom)
2023-01-26 17:38:09,029 [pool-71-thread-1] INFO  server.RaftServerConfigKeys (ConfUtils.java:logGet(46)) - raft.server.snapshot.retention.file.num = 5 (custom)
2023-01-26 17:38:09,029 [pool-71-thread-1] INFO  server.RaftServerConfigKeys (ConfUtils.java:logGet(46)) - raft.server.log.purge.upto.snapshot.index = false (default)
2023-01-26 17:38:09,030 [c453178f-2ef0-4247-9a2d-ffe23fd9d996@group-87C6C7D491AC-FollowerState] INFO  server.RaftServerConfigKeys (ConfUtils.java:logFallback(53)) - raft.server.rpc.first-election.timeout.min = 5s (fallback to raft.server.rpc.timeout.min)
2023-01-26 17:38:09,041 [c453178f-2ef0-4247-9a2d-ffe23fd9d996@group-87C6C7D491AC-FollowerState] INFO  server.RaftServerConfigKeys (ConfUtils.java:logFallback(53)) - raft.server.rpc.first-election.timeout.max = 5200ms (fallback to raft.server.rpc.timeout.max)
2023-01-26 17:38:09,042 [Command processor thread] INFO  ratis.XceiverServerRatis (XceiverServerRatis.java:addGroup(806)) - Created group PipelineID=7c778e66-d42b-4d70-80fd-87c6c7d491ac
2023-01-26 17:38:09,260 [Listener at 127.0.0.1/41041] INFO  ozone.MiniOzoneClusterImpl (MiniOzoneClusterImpl.java:lambda$waitForClusterToBeReady$0(218)) - Nodes are ready. Got 7 of 7 DN Heartbeats.
2023-01-26 17:38:09,261 [Listener at 127.0.0.1/41041] INFO  ozone.MiniOzoneClusterImpl (MiniOzoneClusterImpl.java:lambda$waitForClusterToBeReady$0(221)) - Waiting for cluster to exit safe mode
2023-01-26 17:38:09,261 [Listener at 127.0.0.1/41041] INFO  ozone.MiniOzoneClusterImpl (MiniOzoneClusterImpl.java:lambda$waitForClusterToBeReady$0(223)) - SCM became leader
2023-01-26 17:38:09,413 [Command processor thread] INFO  server.RaftServer (RaftServerProxy.java:addNew(96)) - 6567ec37-669a-4dc4-a62b-70dc5f228e8b: addNew group-09EC7ADA7D34:[6567ec37-669a-4dc4-a62b-70dc5f228e8b|rpc:10.1.0.73:35085|dataStream:10.1.0.73:40235|priority:1|startupRole:FOLLOWER] returns group-09EC7ADA7D34:java.util.concurrent.CompletableFuture@3f4b5dc2[Not completed]
2023-01-26 17:38:09,417 [pool-94-thread-1] INFO  server.RaftServer$Division (RaftServerImpl.java:<init>(195)) - 6567ec37-669a-4dc4-a62b-70dc5f228e8b: new RaftServerImpl for group-09EC7ADA7D34:[6567ec37-669a-4dc4-a62b-70dc5f228e8b|rpc:10.1.0.73:35085|dataStream:10.1.0.73:40235|priority:1|startupRole:FOLLOWER] with ContainerStateMachine:uninitialized
2023-01-26 17:38:09,418 [pool-94-thread-1] INFO  server.RaftServerConfigKeys (ConfUtils.java:logGet(46)) - raft.server.rpc.timeout.min = 5s (custom)
2023-01-26 17:38:09,418 [pool-94-thread-1] INFO  server.RaftServerConfigKeys (ConfUtils.java:logGet(46)) - raft.server.rpc.timeout.max = 5200ms (custom)
2023-01-26 17:38:09,418 [pool-94-thread-1] INFO  server.RaftServerConfigKeys (ConfUtils.java:logGet(46)) - raft.server.rpc.sleep.time = 25ms (default)
2023-01-26 17:38:09,418 [pool-94-thread-1] INFO  server.RaftServerConfigKeys (ConfUtils.java:logGet(46)) - raft.server.rpc.slowness.timeout = 300s (custom)
2023-01-26 17:38:09,418 [pool-94-thread-1] INFO  server.RaftServerConfigKeys (ConfUtils.java:logGet(46)) - raft.server.leaderelection.leader.step-down.wait-time = 10s (default)
2023-01-26 17:38:09,418 [pool-94-thread-1] INFO  server.RaftServerConfigKeys (ConfUtils.java:logGet(46)) - raft.server.sleep.deviation.threshold = 300ms (default)
2023-01-26 17:38:09,418 [pool-94-thread-1] INFO  server.RaftServer$Division (ServerState.java:<init>(118)) - 6567ec37-669a-4dc4-a62b-70dc5f228e8b@group-09EC7ADA7D34: ConfigurationManager, init=-1: peers:[6567ec37-669a-4dc4-a62b-70dc5f228e8b|rpc:10.1.0.73:35085|dataStream:10.1.0.73:40235|priority:1|startupRole:FOLLOWER]|listeners:[], old=null, confs=<EMPTY_MAP>
2023-01-26 17:38:09,418 [pool-94-thread-1] INFO  server.RaftServerConfigKeys (ConfUtils.java:logGet(46)) - raft.server.storage.dir = [/home/runner/work/ozone/ozone/hadoop-ozone/integration-test/target/test-dir/MiniOzoneClusterImpl-49a32a1f-b929-42a3-86b3-c5b719d90673/datanode-1/data/ratis] (custom)
2023-01-26 17:38:09,418 [pool-94-thread-1] INFO  server.RaftServerConfigKeys (ConfUtils.java:logGet(46)) - raft.server.log.corruption.policy = EXCEPTION (default)
2023-01-26 17:38:09,418 [pool-94-thread-1] INFO  server.RaftServerConfigKeys (ConfUtils.java:logGet(46)) - raft.server.storage.free-space.min = 0MB (=0) (default)
2023-01-26 17:38:09,418 [pool-94-thread-1] INFO  server.RaftServerConfigKeys (ConfUtils.java:logGet(46)) - raft.server.notification.no-leader.timeout = 300s (custom)
2023-01-26 17:38:09,419 [pool-94-thread-1] INFO  server.RaftServerConfigKeys (ConfUtils.java:logGet(46)) - raft.server.retrycache.expirytime = 600000ms (custom)
2023-01-26 17:38:09,419 [pool-94-thread-1] INFO  server.RaftServerConfigKeys (ConfUtils.java:logGet(46)) - raft.server.retrycache.statistics.expirytime = 100μs (default)
2023-01-26 17:38:09,424 [pool-94-thread-1] INFO  server.RaftServerConfigKeys (ConfUtils.java:logGet(46)) - raft.server.log.appender.install.snapshot.enabled = false (custom)
2023-01-26 17:38:09,424 [pool-94-thread-1] INFO  server.RaftServerConfigKeys (ConfUtils.java:logGet(46)) - raft.server.threadpool.server.cached = true (default)
2023-01-26 17:38:09,424 [pool-94-thread-1] INFO  server.RaftServerConfigKeys (ConfUtils.java:logGet(46)) - raft.server.threadpool.server.size = 0 (default)
2023-01-26 17:38:09,424 [pool-94-thread-1] INFO  server.RaftServerConfigKeys (ConfUtils.java:logGet(46)) - raft.server.threadpool.client.cached = true (default)
2023-01-26 17:38:09,424 [pool-94-thread-1] INFO  server.RaftServerConfigKeys (ConfUtils.java:logGet(46)) - raft.server.threadpool.client.size = 0 (default)
2023-01-26 17:38:09,424 [pool-94-thread-1] INFO  storage.RaftStorageDirectory (RaftStorageDirectoryImpl.java:analyzeStorage(137)) - The storage directory /home/runner/work/ozone/ozone/hadoop-ozone/integration-test/target/test-dir/MiniOzoneClusterImpl-49a32a1f-b929-42a3-86b3-c5b719d90673/datanode-1/data/ratis/3e11b0c9-22d4-4f69-a9e1-09ec7ada7d34 does not exist. Creating ...
2023-01-26 17:38:09,425 [pool-94-thread-1] INFO  storage.RaftStorageDirectory (RaftStorageDirectoryImpl.java:tryLock(231)) - Lock on /home/runner/work/ozone/ozone/hadoop-ozone/integration-test/target/test-dir/MiniOzoneClusterImpl-49a32a1f-b929-42a3-86b3-c5b719d90673/datanode-1/data/ratis/3e11b0c9-22d4-4f69-a9e1-09ec7ada7d34/in_use.lock acquired by nodename 58484@fv-az77-38
2023-01-26 17:38:09,427 [pool-94-thread-1] INFO  storage.RaftStorage (RaftStorageImpl.java:format(96)) - Storage directory /home/runner/work/ozone/ozone/hadoop-ozone/integration-test/target/test-dir/MiniOzoneClusterImpl-49a32a1f-b929-42a3-86b3-c5b719d90673/datanode-1/data/ratis/3e11b0c9-22d4-4f69-a9e1-09ec7ada7d34 has been successfully formatted.
2023-01-26 17:38:09,428 [pool-94-thread-1] INFO  ratis.ContainerStateMachine (ContainerStateMachine.java:loadSnapshot(240)) - group-09EC7ADA7D34: The snapshot info is null. Setting the last applied indexto:(t:0, i:~)
2023-01-26 17:38:09,429 [pool-94-thread-1] INFO  server.RaftServerConfigKeys (ConfUtils.java:logGet(46)) - raft.server.log.use.memory = false (default)
2023-01-26 17:38:09,429 [pool-94-thread-1] INFO  server.RaftServerConfigKeys (ConfUtils.java:logGet(46)) - raft.server.log.purge.gap = 1000000 (custom)
2023-01-26 17:38:09,429 [pool-94-thread-1] INFO  server.RaftServerConfigKeys (ConfUtils.java:logGet(46)) - raft.server.log.appender.buffer.byte-limit = 33554432 (custom)
2023-01-26 17:38:09,429 [pool-94-thread-1] INFO  server.RaftServerConfigKeys (ConfUtils.java:logGet(46)) - raft.server.log.statemachine.data.read.timeout = 1000ms (default)
2023-01-26 17:38:09,429 [pool-94-thread-1] INFO  server.RaftServerConfigKeys (ConfUtils.java:logGet(46)) - raft.server.log.purge.preservation.log.num = 0 (default)
2023-01-26 17:38:09,429 [pool-94-thread-1] INFO  server.RaftServerConfigKeys (ConfUtils.java:logGet(46)) - raft.server.log.segment.size.max = 1048576 (custom)
2023-01-26 17:38:09,430 [pool-94-thread-1] INFO  server.RaftServerConfigKeys (ConfUtils.java:logGet(46)) - raft.server.log.segment.cache.num.max = 2 (custom)
2023-01-26 17:38:09,430 [pool-94-thread-1] INFO  server.RaftServerConfigKeys (ConfUtils.java:logGet(46)) - raft.server.log.segment.cache.size.max = 200MB (=209715200) (default)
2023-01-26 17:38:09,430 [pool-94-thread-1] INFO  segmented.SegmentedRaftLogWorker (SegmentedRaftLogWorker.java:<init>(189)) - new 6567ec37-669a-4dc4-a62b-70dc5f228e8b@group-09EC7ADA7D34-SegmentedRaftLogWorker for RaftStorageImpl:Storage Directory /home/runner/work/ozone/ozone/hadoop-ozone/integration-test/target/test-dir/MiniOzoneClusterImpl-49a32a1f-b929-42a3-86b3-c5b719d90673/datanode-1/data/ratis/3e11b0c9-22d4-4f69-a9e1-09ec7ada7d34
2023-01-26 17:38:09,430 [pool-94-thread-1] INFO  server.RaftServerConfigKeys (ConfUtils.java:logGet(46)) - raft.server.log.queue.byte-limit = 4294967296 (custom)
2023-01-26 17:38:09,431 [pool-94-thread-1] INFO  server.RaftServerConfigKeys (ConfUtils.java:logGet(46)) - raft.server.log.queue.element-limit = 1024 (custom)
2023-01-26 17:38:09,431 [pool-94-thread-1] INFO  server.RaftServerConfigKeys (ConfUtils.java:logGet(46)) - raft.server.log.segment.size.max = 1048576 (custom)
2023-01-26 17:38:09,431 [pool-94-thread-1] INFO  server.RaftServerConfigKeys (ConfUtils.java:logGet(46)) - raft.server.log.preallocated.size = 16384 (custom)
2023-01-26 17:38:09,431 [pool-94-thread-1] INFO  server.RaftServerConfigKeys (ConfUtils.java:logGet(46)) - raft.server.log.force.sync.num = 128 (default)
2023-01-26 17:38:09,431 [pool-94-thread-1] INFO  server.RaftServerConfigKeys (ConfUtils.java:logGet(46)) - raft.server.log.statemachine.data.sync = true (default)
2023-01-26 17:38:09,431 [pool-94-thread-1] INFO  server.RaftServerConfigKeys (ConfUtils.java:logGet(46)) - raft.server.log.statemachine.data.sync.timeout = 10s (default)
2023-01-26 17:38:09,431 [pool-94-thread-1] INFO  server.RaftServerConfigKeys (ConfUtils.java:logGet(46)) - raft.server.log.statemachine.data.sync.timeout.retry = -1 (default)
2023-01-26 17:38:09,435 [EventQueue-PipelineReportForPipelineReportHandler] INFO  pipeline.PipelineManagerImpl (PipelineManagerImpl.java:openPipeline(367)) - Pipeline Pipeline[ Id: 3e11b0c9-22d4-4f69-a9e1-09ec7ada7d34, Nodes: 6567ec37-669a-4dc4-a62b-70dc5f228e8b(fv-az77-38/10.1.0.73), ReplicationConfig: RATIS/ONE, State:ALLOCATED, leaderId:6567ec37-669a-4dc4-a62b-70dc5f228e8b, CreationTimestamp2023-01-26T17:38:06.413Z[Etc/UTC]] moved to OPEN state
2023-01-26 17:38:09,435 [EventQueue-OpenPipelineForHealthyPipelineSafeModeRule] INFO  safemode.SCMSafeModeManager (HealthyPipelineSafeModeRule.java:process(137)) - SCM in safe mode. Healthy pipelines reported count is 0, required healthy pipeline reported count is 1
2023-01-26 17:38:09,446 [pool-94-thread-1] INFO  server.RaftServerConfigKeys (ConfUtils.java:logGet(46)) - raft.server.log.write.buffer.size = 1048576 (custom)
2023-01-26 17:38:09,446 [pool-94-thread-1] INFO  server.RaftServerConfigKeys (ConfUtils.java:logGet(46)) - raft.server.log.appender.buffer.byte-limit = 33554432 (custom)
2023-01-26 17:38:09,608 [JvmPauseMonitor2] WARN  util.JvmPauseMonitor (JvmPauseMonitor.java:detectPause(126)) - JvmPauseMonitor-6567ec37-669a-4dc4-a62b-70dc5f228e8b: Detected pause in JVM or host machine (eg GC): pause of approximately 154807930ns.
GC pool 'PS MarkSweep' had collection(s): count=1 time=117ms
GC pool 'PS Scavenge' had collection(s): count=1 time=41ms
2023-01-26 17:38:09,621 [pool-94-thread-1] INFO  server.RaftServerConfigKeys (ConfUtils.java:logGet(46)) - raft.server.log.unsafe-flush.enabled = false (default)
2023-01-26 17:38:09,621 [pool-94-thread-1] INFO  server.RaftServerConfigKeys (ConfUtils.java:logGet(46)) - raft.server.log.async-flush.enabled = false (default)
2023-01-26 17:38:09,621 [pool-94-thread-1] INFO  server.RaftServerConfigKeys (ConfUtils.java:logGet(46)) - raft.server.log.statemachine.data.caching.enabled = true (custom)
2023-01-26 17:38:09,621 [pool-94-thread-1] INFO  segmented.SegmentedRaftLogWorker (SegmentedRaftLogWorker.java:lambda$new$0(135)) - 6567ec37-669a-4dc4-a62b-70dc5f228e8b@group-09EC7ADA7D34-SegmentedRaftLogWorker: flushIndex: setUnconditionally 0 -> -1
2023-01-26 17:38:09,621 [pool-94-thread-1] INFO  segmented.SegmentedRaftLogWorker (SegmentedRaftLogWorker.java:lambda$new$0(135)) - 6567ec37-669a-4dc4-a62b-70dc5f228e8b@group-09EC7ADA7D34-SegmentedRaftLogWorker: safeCacheEvictIndex: setUnconditionally 0 -> -1
2023-01-26 17:38:09,623 [pool-94-thread-1] INFO  server.RaftServer$Division (RaftServerImpl.java:start(334)) - 6567ec37-669a-4dc4-a62b-70dc5f228e8b@group-09EC7ADA7D34: start as a follower, conf=-1: peers:[6567ec37-669a-4dc4-a62b-70dc5f228e8b|rpc:10.1.0.73:35085|dataStream:10.1.0.73:40235|priority:1|startupRole:FOLLOWER]|listeners:[], old=null
2023-01-26 17:38:09,623 [pool-94-thread-1] INFO  server.RaftServer$Division (RaftServerImpl.java:setRole(321)) - 6567ec37-669a-4dc4-a62b-70dc5f228e8b@group-09EC7ADA7D34: changes role from      null to FOLLOWER at term 0 for startAsFollower
2023-01-26 17:38:09,623 [pool-94-thread-1] INFO  impl.RoleInfo (RoleInfo.java:updateAndGet(139)) - 6567ec37-669a-4dc4-a62b-70dc5f228e8b: start 6567ec37-669a-4dc4-a62b-70dc5f228e8b@group-09EC7ADA7D34-FollowerState
2023-01-26 17:38:09,624 [pool-94-thread-1] INFO  util.JmxRegister (JmxRegister.java:tryRegister(44)) - Successfully registered JMX Bean with object name Ratis:service=RaftServer,group=group-09EC7ADA7D34,id=6567ec37-669a-4dc4-a62b-70dc5f228e8b
2023-01-26 17:38:09,629 [pool-94-thread-1] INFO  server.RaftServerConfigKeys (ConfUtils.java:logGet(46)) - raft.server.snapshot.auto.trigger.enabled = true (custom)
2023-01-26 17:38:09,629 [pool-94-thread-1] INFO  server.RaftServerConfigKeys (ConfUtils.java:logGet(46)) - raft.server.snapshot.auto.trigger.threshold = 10000 (custom)
2023-01-26 17:38:09,629 [pool-94-thread-1] INFO  server.RaftServerConfigKeys (ConfUtils.java:logGet(46)) - raft.server.snapshot.retention.file.num = 5 (custom)
2023-01-26 17:38:09,629 [pool-94-thread-1] INFO  server.RaftServerConfigKeys (ConfUtils.java:logGet(46)) - raft.server.log.purge.upto.snapshot.index = false (default)
2023-01-26 17:38:09,633 [Command processor thread] INFO  ratis.XceiverServerRatis (XceiverServerRatis.java:addGroup(806)) - Created group PipelineID=3e11b0c9-22d4-4f69-a9e1-09ec7ada7d34
2023-01-26 17:38:09,633 [6567ec37-669a-4dc4-a62b-70dc5f228e8b@group-09EC7ADA7D34-FollowerState] INFO  server.RaftServerConfigKeys (ConfUtils.java:logFallback(53)) - raft.server.rpc.first-election.timeout.min = 5s (fallback to raft.server.rpc.timeout.min)
2023-01-26 17:38:09,635 [6567ec37-669a-4dc4-a62b-70dc5f228e8b@group-09EC7ADA7D34-FollowerState] INFO  server.RaftServerConfigKeys (ConfUtils.java:logFallback(53)) - raft.server.rpc.first-election.timeout.max = 5200ms (fallback to raft.server.rpc.timeout.max)
2023-01-26 17:38:09,633 [Command processor thread] INFO  commandhandler.CreatePipelineCommandHandler (CreatePipelineCommandHandler.java:handle(113)) - Created Pipeline RATIS ONE PipelineID=3e11b0c9-22d4-4f69-a9e1-09ec7ada7d34.
2023-01-26 17:38:09,636 [Command processor thread] INFO  server.RaftServer (RaftServerProxy.java:addNew(96)) - 6567ec37-669a-4dc4-a62b-70dc5f228e8b: addNew group-87C6C7D491AC:[c453178f-2ef0-4247-9a2d-ffe23fd9d996|rpc:10.1.0.73:42109|dataStream:10.1.0.73:44519|priority:0|startupRole:FOLLOWER, 6567ec37-669a-4dc4-a62b-70dc5f228e8b|rpc:10.1.0.73:35085|dataStream:10.1.0.73:40235|priority:1|startupRole:FOLLOWER, 7c3d527d-806d-4f2b-9b01-1e1a412c2b01|rpc:10.1.0.73:34323|dataStream:10.1.0.73:42025|priority:0|startupRole:FOLLOWER] returns group-87C6C7D491AC:java.util.concurrent.CompletableFuture@3b74cef3[Not completed]
2023-01-26 17:38:09,637 [pool-94-thread-1] INFO  server.RaftServer$Division (RaftServerImpl.java:<init>(195)) - 6567ec37-669a-4dc4-a62b-70dc5f228e8b: new RaftServerImpl for group-87C6C7D491AC:[c453178f-2ef0-4247-9a2d-ffe23fd9d996|rpc:10.1.0.73:42109|dataStream:10.1.0.73:44519|priority:0|startupRole:FOLLOWER, 6567ec37-669a-4dc4-a62b-70dc5f228e8b|rpc:10.1.0.73:35085|dataStream:10.1.0.73:40235|priority:1|startupRole:FOLLOWER, 7c3d527d-806d-4f2b-9b01-1e1a412c2b01|rpc:10.1.0.73:34323|dataStream:10.1.0.73:42025|priority:0|startupRole:FOLLOWER] with ContainerStateMachine:uninitialized
2023-01-26 17:38:09,637 [pool-94-thread-1] INFO  server.RaftServerConfigKeys (ConfUtils.java:logGet(46)) - raft.server.rpc.timeout.min = 5s (custom)
2023-01-26 17:38:09,637 [pool-94-thread-1] INFO  server.RaftServerConfigKeys (ConfUtils.java:logGet(46)) - raft.server.rpc.timeout.max = 5200ms (custom)
2023-01-26 17:38:09,637 [pool-94-thread-1] INFO  server.RaftServerConfigKeys (ConfUtils.java:logGet(46)) - raft.server.rpc.sleep.time = 25ms (default)
2023-01-26 17:38:09,637 [pool-94-thread-1] INFO  server.RaftServerConfigKeys (ConfUtils.java:logGet(46)) - raft.server.rpc.slowness.timeout = 300s (custom)
2023-01-26 17:38:09,637 [pool-94-thread-1] INFO  server.RaftServerConfigKeys (ConfUtils.java:logGet(46)) - raft.server.leaderelection.leader.step-down.wait-time = 10s (default)
2023-01-26 17:38:09,638 [pool-94-thread-1] INFO  server.RaftServerConfigKeys (ConfUtils.java:logGet(46)) - raft.server.sleep.deviation.threshold = 300ms (default)
2023-01-26 17:38:09,638 [pool-94-thread-1] INFO  server.RaftServer$Division (ServerState.java:<init>(118)) - 6567ec37-669a-4dc4-a62b-70dc5f228e8b@group-87C6C7D491AC: ConfigurationManager, init=-1: peers:[c453178f-2ef0-4247-9a2d-ffe23fd9d996|rpc:10.1.0.73:42109|dataStream:10.1.0.73:44519|priority:0|startupRole:FOLLOWER, 6567ec37-669a-4dc4-a62b-70dc5f228e8b|rpc:10.1.0.73:35085|dataStream:10.1.0.73:40235|priority:1|startupRole:FOLLOWER, 7c3d527d-806d-4f2b-9b01-1e1a412c2b01|rpc:10.1.0.73:34323|dataStream:10.1.0.73:42025|priority:0|startupRole:FOLLOWER]|listeners:[], old=null, confs=<EMPTY_MAP>
2023-01-26 17:38:09,638 [pool-94-thread-1] INFO  server.RaftServerConfigKeys (ConfUtils.java:logGet(46)) - raft.server.storage.dir = [/home/runner/work/ozone/ozone/hadoop-ozone/integration-test/target/test-dir/MiniOzoneClusterImpl-49a32a1f-b929-42a3-86b3-c5b719d90673/datanode-1/data/ratis] (custom)
2023-01-26 17:38:09,638 [pool-94-thread-1] INFO  server.RaftServerConfigKeys (ConfUtils.java:logGet(46)) - raft.server.log.corruption.policy = EXCEPTION (default)
2023-01-26 17:38:09,638 [pool-94-thread-1] INFO  server.RaftServerConfigKeys (ConfUtils.java:logGet(46)) - raft.server.storage.free-space.min = 0MB (=0) (default)
2023-01-26 17:38:09,638 [pool-94-thread-1] INFO  server.RaftServerConfigKeys (ConfUtils.java:logGet(46)) - raft.server.notification.no-leader.timeout = 300s (custom)
2023-01-26 17:38:09,638 [pool-94-thread-1] INFO  server.RaftServerConfigKeys (ConfUtils.java:logGet(46)) - raft.server.retrycache.expirytime = 600000ms (custom)
2023-01-26 17:38:09,638 [pool-94-thread-1] INFO  server.RaftServerConfigKeys (ConfUtils.java:logGet(46)) - raft.server.retrycache.statistics.expirytime = 100μs (default)
2023-01-26 17:38:09,639 [pool-94-thread-1] INFO  server.RaftServerConfigKeys (ConfUtils.java:logGet(46)) - raft.server.log.appender.install.snapshot.enabled = false (custom)
2023-01-26 17:38:09,639 [pool-94-thread-1] INFO  server.RaftServerConfigKeys (ConfUtils.java:logGet(46)) - raft.server.threadpool.server.cached = true (default)
2023-01-26 17:38:09,639 [pool-94-thread-1] INFO  server.RaftServerConfigKeys (ConfUtils.java:logGet(46)) - raft.server.threadpool.server.size = 0 (default)
2023-01-26 17:38:09,639 [pool-94-thread-1] INFO  server.RaftServerConfigKeys (ConfUtils.java:logGet(46)) - raft.server.threadpool.client.cached = true (default)
2023-01-26 17:38:09,640 [pool-94-thread-1] INFO  server.RaftServerConfigKeys (ConfUtils.java:logGet(46)) - raft.server.threadpool.client.size = 0 (default)
2023-01-26 17:38:09,640 [pool-94-thread-1] INFO  storage.RaftStorageDirectory (RaftStorageDirectoryImpl.java:analyzeStorage(137)) - The storage directory /home/runner/work/ozone/ozone/hadoop-ozone/integration-test/target/test-dir/MiniOzoneClusterImpl-49a32a1f-b929-42a3-86b3-c5b719d90673/datanode-1/data/ratis/7c778e66-d42b-4d70-80fd-87c6c7d491ac does not exist. Creating ...
2023-01-26 17:38:09,645 [pool-94-thread-1] INFO  storage.RaftStorageDirectory (RaftStorageDirectoryImpl.java:tryLock(231)) - Lock on /home/runner/work/ozone/ozone/hadoop-ozone/integration-test/target/test-dir/MiniOzoneClusterImpl-49a32a1f-b929-42a3-86b3-c5b719d90673/datanode-1/data/ratis/7c778e66-d42b-4d70-80fd-87c6c7d491ac/in_use.lock acquired by nodename 58484@fv-az77-38
2023-01-26 17:38:09,649 [pool-94-thread-1] INFO  storage.RaftStorage (RaftStorageImpl.java:format(96)) - Storage directory /home/runner/work/ozone/ozone/hadoop-ozone/integration-test/target/test-dir/MiniOzoneClusterImpl-49a32a1f-b929-42a3-86b3-c5b719d90673/datanode-1/data/ratis/7c778e66-d42b-4d70-80fd-87c6c7d491ac has been successfully formatted.
2023-01-26 17:38:09,649 [pool-94-thread-1] INFO  ratis.ContainerStateMachine (ContainerStateMachine.java:loadSnapshot(240)) - group-87C6C7D491AC: The snapshot info is null. Setting the last applied indexto:(t:0, i:~)
2023-01-26 17:38:09,649 [pool-94-thread-1] INFO  server.RaftServerConfigKeys (ConfUtils.java:logGet(46)) - raft.server.log.use.memory = false (default)
2023-01-26 17:38:09,649 [pool-94-thread-1] INFO  server.RaftServerConfigKeys (ConfUtils.java:logGet(46)) - raft.server.log.purge.gap = 1000000 (custom)
2023-01-26 17:38:09,649 [pool-94-thread-1] INFO  server.RaftServerConfigKeys (ConfUtils.java:logGet(46)) - raft.server.log.appender.buffer.byte-limit = 33554432 (custom)
2023-01-26 17:38:09,649 [pool-94-thread-1] INFO  server.RaftServerConfigKeys (ConfUtils.java:logGet(46)) - raft.server.log.statemachine.data.read.timeout = 1000ms (default)
2023-01-26 17:38:09,649 [pool-94-thread-1] INFO  server.RaftServerConfigKeys (ConfUtils.java:logGet(46)) - raft.server.log.purge.preservation.log.num = 0 (default)
2023-01-26 17:38:09,650 [pool-94-thread-1] INFO  server.RaftServerConfigKeys (ConfUtils.java:logGet(46)) - raft.server.log.segment.size.max = 1048576 (custom)
2023-01-26 17:38:09,650 [pool-94-thread-1] INFO  server.RaftServerConfigKeys (ConfUtils.java:logGet(46)) - raft.server.log.segment.cache.num.max = 2 (custom)
2023-01-26 17:38:09,650 [pool-94-thread-1] INFO  server.RaftServerConfigKeys (ConfUtils.java:logGet(46)) - raft.server.log.segment.cache.size.max = 200MB (=209715200) (default)
2023-01-26 17:38:09,655 [EventQueue-OpenPipelineForHealthyPipelineSafeModeRule] INFO  safemode.SCMSafeModeManager (HealthyPipelineSafeModeRule.java:process(137)) - SCM in safe mode. Healthy pipelines reported count is 0, required healthy pipeline reported count is 1
2023-01-26 17:38:09,660 [pool-94-thread-1] INFO  segmented.SegmentedRaftLogWorker (SegmentedRaftLogWorker.java:<init>(189)) - new 6567ec37-669a-4dc4-a62b-70dc5f228e8b@group-87C6C7D491AC-SegmentedRaftLogWorker for RaftStorageImpl:Storage Directory /home/runner/work/ozone/ozone/hadoop-ozone/integration-test/target/test-dir/MiniOzoneClusterImpl-49a32a1f-b929-42a3-86b3-c5b719d90673/datanode-1/data/ratis/7c778e66-d42b-4d70-80fd-87c6c7d491ac
2023-01-26 17:38:09,668 [pool-94-thread-1] INFO  server.RaftServerConfigKeys (ConfUtils.java:logGet(46)) - raft.server.log.queue.byte-limit = 4294967296 (custom)
2023-01-26 17:38:09,668 [pool-94-thread-1] INFO  server.RaftServerConfigKeys (ConfUtils.java:logGet(46)) - raft.server.log.queue.element-limit = 1024 (custom)
2023-01-26 17:38:09,668 [pool-94-thread-1] INFO  server.RaftServerConfigKeys (ConfUtils.java:logGet(46)) - raft.server.log.segment.size.max = 1048576 (custom)
2023-01-26 17:38:09,668 [pool-94-thread-1] INFO  server.RaftServerConfigKeys (ConfUtils.java:logGet(46)) - raft.server.log.preallocated.size = 16384 (custom)
2023-01-26 17:38:09,668 [pool-94-thread-1] INFO  server.RaftServerConfigKeys (ConfUtils.java:logGet(46)) - raft.server.log.force.sync.num = 128 (default)
2023-01-26 17:38:09,668 [pool-94-thread-1] INFO  server.RaftServerConfigKeys (ConfUtils.java:logGet(46)) - raft.server.log.statemachine.data.sync = true (default)
2023-01-26 17:38:09,668 [pool-94-thread-1] INFO  server.RaftServerConfigKeys (ConfUtils.java:logGet(46)) - raft.server.log.statemachine.data.sync.timeout = 10s (default)
2023-01-26 17:38:09,668 [pool-94-thread-1] INFO  server.RaftServerConfigKeys (ConfUtils.java:logGet(46)) - raft.server.log.statemachine.data.sync.timeout.retry = -1 (default)
2023-01-26 17:38:09,669 [pool-94-thread-1] INFO  server.RaftServerConfigKeys (ConfUtils.java:logGet(46)) - raft.server.log.write.buffer.size = 1048576 (custom)
2023-01-26 17:38:09,670 [pool-94-thread-1] INFO  server.RaftServerConfigKeys (ConfUtils.java:logGet(46)) - raft.server.log.appender.buffer.byte-limit = 33554432 (custom)
2023-01-26 17:38:09,677 [pool-94-thread-1] INFO  server.RaftServerConfigKeys (ConfUtils.java:logGet(46)) - raft.server.log.unsafe-flush.enabled = false (default)
2023-01-26 17:38:09,677 [pool-94-thread-1] INFO  server.RaftServerConfigKeys (ConfUtils.java:logGet(46)) - raft.server.log.async-flush.enabled = false (default)
2023-01-26 17:38:09,677 [pool-94-thread-1] INFO  server.RaftServerConfigKeys (ConfUtils.java:logGet(46)) - raft.server.log.statemachine.data.caching.enabled = true (custom)
2023-01-26 17:38:09,678 [pool-94-thread-1] INFO  segmented.SegmentedRaftLogWorker (SegmentedRaftLogWorker.java:lambda$new$0(135)) - 6567ec37-669a-4dc4-a62b-70dc5f228e8b@group-87C6C7D491AC-SegmentedRaftLogWorker: flushIndex: setUnconditionally 0 -> -1
2023-01-26 17:38:09,678 [pool-94-thread-1] INFO  segmented.SegmentedRaftLogWorker (SegmentedRaftLogWorker.java:lambda$new$0(135)) - 6567ec37-669a-4dc4-a62b-70dc5f228e8b@group-87C6C7D491AC-SegmentedRaftLogWorker: safeCacheEvictIndex: setUnconditionally 0 -> -1
2023-01-26 17:38:09,678 [pool-94-thread-1] INFO  server.RaftServer$Division (RaftServerImpl.java:start(334)) - 6567ec37-669a-4dc4-a62b-70dc5f228e8b@group-87C6C7D491AC: start as a follower, conf=-1: peers:[c453178f-2ef0-4247-9a2d-ffe23fd9d996|rpc:10.1.0.73:42109|dataStream:10.1.0.73:44519|priority:0|startupRole:FOLLOWER, 6567ec37-669a-4dc4-a62b-70dc5f228e8b|rpc:10.1.0.73:35085|dataStream:10.1.0.73:40235|priority:1|startupRole:FOLLOWER, 7c3d527d-806d-4f2b-9b01-1e1a412c2b01|rpc:10.1.0.73:34323|dataStream:10.1.0.73:42025|priority:0|startupRole:FOLLOWER]|listeners:[], old=null
2023-01-26 17:38:09,678 [pool-94-thread-1] INFO  server.RaftServer$Division (RaftServerImpl.java:setRole(321)) - 6567ec37-669a-4dc4-a62b-70dc5f228e8b@group-87C6C7D491AC: changes role from      null to FOLLOWER at term 0 for startAsFollower
2023-01-26 17:38:09,678 [pool-94-thread-1] INFO  impl.RoleInfo (RoleInfo.java:updateAndGet(139)) - 6567ec37-669a-4dc4-a62b-70dc5f228e8b: start 6567ec37-669a-4dc4-a62b-70dc5f228e8b@group-87C6C7D491AC-FollowerState
2023-01-26 17:38:09,680 [pool-94-thread-1] INFO  util.JmxRegister (JmxRegister.java:tryRegister(44)) - Successfully registered JMX Bean with object name Ratis:service=RaftServer,group=group-87C6C7D491AC,id=6567ec37-669a-4dc4-a62b-70dc5f228e8b
2023-01-26 17:38:09,680 [pool-94-thread-1] INFO  server.RaftServerConfigKeys (ConfUtils.java:logGet(46)) - raft.server.snapshot.auto.trigger.enabled = true (custom)
2023-01-26 17:38:09,681 [pool-94-thread-1] INFO  server.RaftServerConfigKeys (ConfUtils.java:logGet(46)) - raft.server.snapshot.auto.trigger.threshold = 10000 (custom)
2023-01-26 17:38:09,681 [pool-94-thread-1] INFO  server.RaftServerConfigKeys (ConfUtils.java:logGet(46)) - raft.server.snapshot.retention.file.num = 5 (custom)
2023-01-26 17:38:09,681 [pool-94-thread-1] INFO  server.RaftServerConfigKeys (ConfUtils.java:logGet(46)) - raft.server.log.purge.upto.snapshot.index = false (default)
2023-01-26 17:38:09,685 [Command processor thread] INFO  ratis.XceiverServerRatis (XceiverServerRatis.java:addGroup(806)) - Created group PipelineID=7c778e66-d42b-4d70-80fd-87c6c7d491ac
2023-01-26 17:38:09,685 [6567ec37-669a-4dc4-a62b-70dc5f228e8b@group-87C6C7D491AC-FollowerState] INFO  server.RaftServerConfigKeys (ConfUtils.java:logFallback(53)) - raft.server.rpc.first-election.timeout.min = 5s (fallback to raft.server.rpc.timeout.min)
2023-01-26 17:38:09,694 [6567ec37-669a-4dc4-a62b-70dc5f228e8b@group-87C6C7D491AC-FollowerState] INFO  server.RaftServerConfigKeys (ConfUtils.java:logFallback(53)) - raft.server.rpc.first-election.timeout.max = 5200ms (fallback to raft.server.rpc.timeout.max)
2023-01-26 17:38:09,800 [grpc-default-executor-1] INFO  server.RaftServer (RaftServerProxy.java:addNew(96)) - 7c3d527d-806d-4f2b-9b01-1e1a412c2b01: addNew group-87C6C7D491AC:[c453178f-2ef0-4247-9a2d-ffe23fd9d996|rpc:10.1.0.73:42109|dataStream:10.1.0.73:44519|priority:0|startupRole:FOLLOWER, 6567ec37-669a-4dc4-a62b-70dc5f228e8b|rpc:10.1.0.73:35085|dataStream:10.1.0.73:40235|priority:1|startupRole:FOLLOWER, 7c3d527d-806d-4f2b-9b01-1e1a412c2b01|rpc:10.1.0.73:34323|dataStream:10.1.0.73:42025|priority:0|startupRole:FOLLOWER] returns group-87C6C7D491AC:java.util.concurrent.CompletableFuture@51d62a02[Not completed]
2023-01-26 17:38:09,804 [pool-117-thread-1] INFO  server.RaftServer$Division (RaftServerImpl.java:<init>(195)) - 7c3d527d-806d-4f2b-9b01-1e1a412c2b01: new RaftServerImpl for group-87C6C7D491AC:[c453178f-2ef0-4247-9a2d-ffe23fd9d996|rpc:10.1.0.73:42109|dataStream:10.1.0.73:44519|priority:0|startupRole:FOLLOWER, 6567ec37-669a-4dc4-a62b-70dc5f228e8b|rpc:10.1.0.73:35085|dataStream:10.1.0.73:40235|priority:1|startupRole:FOLLOWER, 7c3d527d-806d-4f2b-9b01-1e1a412c2b01|rpc:10.1.0.73:34323|dataStream:10.1.0.73:42025|priority:0|startupRole:FOLLOWER] with ContainerStateMachine:uninitialized
2023-01-26 17:38:09,804 [pool-117-thread-1] INFO  server.RaftServerConfigKeys (ConfUtils.java:logGet(46)) - raft.server.rpc.timeout.min = 5s (custom)
2023-01-26 17:38:09,804 [pool-117-thread-1] INFO  server.RaftServerConfigKeys (ConfUtils.java:logGet(46)) - raft.server.rpc.timeout.max = 5200ms (custom)
2023-01-26 17:38:09,804 [pool-117-thread-1] INFO  server.RaftServerConfigKeys (ConfUtils.java:logGet(46)) - raft.server.rpc.sleep.time = 25ms (default)
2023-01-26 17:38:09,804 [pool-117-thread-1] INFO  server.RaftServerConfigKeys (ConfUtils.java:logGet(46)) - raft.server.rpc.slowness.timeout = 300s (custom)
2023-01-26 17:38:09,804 [pool-117-thread-1] INFO  server.RaftServerConfigKeys (ConfUtils.java:logGet(46)) - raft.server.leaderelection.leader.step-down.wait-time = 10s (default)
2023-01-26 17:38:09,804 [pool-117-thread-1] INFO  server.RaftServerConfigKeys (ConfUtils.java:logGet(46)) - raft.server.sleep.deviation.threshold = 300ms (default)
2023-01-26 17:38:09,804 [pool-117-thread-1] INFO  server.RaftServer$Division (ServerState.java:<init>(118)) - 7c3d527d-806d-4f2b-9b01-1e1a412c2b01@group-87C6C7D491AC: ConfigurationManager, init=-1: peers:[c453178f-2ef0-4247-9a2d-ffe23fd9d996|rpc:10.1.0.73:42109|dataStream:10.1.0.73:44519|priority:0|startupRole:FOLLOWER, 6567ec37-669a-4dc4-a62b-70dc5f228e8b|rpc:10.1.0.73:35085|dataStream:10.1.0.73:40235|priority:1|startupRole:FOLLOWER, 7c3d527d-806d-4f2b-9b01-1e1a412c2b01|rpc:10.1.0.73:34323|dataStream:10.1.0.73:42025|priority:0|startupRole:FOLLOWER]|listeners:[], old=null, confs=<EMPTY_MAP>
2023-01-26 17:38:09,804 [pool-117-thread-1] INFO  server.RaftServerConfigKeys (ConfUtils.java:logGet(46)) - raft.server.storage.dir = [/home/runner/work/ozone/ozone/hadoop-ozone/integration-test/target/test-dir/MiniOzoneClusterImpl-49a32a1f-b929-42a3-86b3-c5b719d90673/datanode-2/data/ratis] (custom)
2023-01-26 17:38:09,805 [pool-117-thread-1] INFO  server.RaftServerConfigKeys (ConfUtils.java:logGet(46)) - raft.server.log.corruption.policy = EXCEPTION (default)
2023-01-26 17:38:09,805 [pool-117-thread-1] INFO  server.RaftServerConfigKeys (ConfUtils.java:logGet(46)) - raft.server.storage.free-space.min = 0MB (=0) (default)
2023-01-26 17:38:09,805 [pool-117-thread-1] INFO  server.RaftServerConfigKeys (ConfUtils.java:logGet(46)) - raft.server.notification.no-leader.timeout = 300s (custom)
2023-01-26 17:38:09,805 [pool-117-thread-1] INFO  server.RaftServerConfigKeys (ConfUtils.java:logGet(46)) - raft.server.retrycache.expirytime = 600000ms (custom)
2023-01-26 17:38:09,805 [pool-117-thread-1] INFO  server.RaftServerConfigKeys (ConfUtils.java:logGet(46)) - raft.server.retrycache.statistics.expirytime = 100μs (default)
2023-01-26 17:38:09,819 [pool-117-thread-1] INFO  server.RaftServerConfigKeys (ConfUtils.java:logGet(46)) - raft.server.log.appender.install.snapshot.enabled = false (custom)
2023-01-26 17:38:09,819 [pool-117-thread-1] INFO  server.RaftServerConfigKeys (ConfUtils.java:logGet(46)) - raft.server.threadpool.server.cached = true (default)
2023-01-26 17:38:09,819 [pool-117-thread-1] INFO  server.RaftServerConfigKeys (ConfUtils.java:logGet(46)) - raft.server.threadpool.server.size = 0 (default)
2023-01-26 17:38:09,819 [pool-117-thread-1] INFO  server.RaftServerConfigKeys (ConfUtils.java:logGet(46)) - raft.server.threadpool.client.cached = true (default)
2023-01-26 17:38:09,819 [pool-117-thread-1] INFO  server.RaftServerConfigKeys (ConfUtils.java:logGet(46)) - raft.server.threadpool.client.size = 0 (default)
2023-01-26 17:38:09,821 [pool-117-thread-1] INFO  storage.RaftStorageDirectory (RaftStorageDirectoryImpl.java:analyzeStorage(137)) - The storage directory /home/runner/work/ozone/ozone/hadoop-ozone/integration-test/target/test-dir/MiniOzoneClusterImpl-49a32a1f-b929-42a3-86b3-c5b719d90673/datanode-2/data/ratis/7c778e66-d42b-4d70-80fd-87c6c7d491ac does not exist. Creating ...
2023-01-26 17:38:09,823 [pool-117-thread-1] INFO  storage.RaftStorageDirectory (RaftStorageDirectoryImpl.java:tryLock(231)) - Lock on /home/runner/work/ozone/ozone/hadoop-ozone/integration-test/target/test-dir/MiniOzoneClusterImpl-49a32a1f-b929-42a3-86b3-c5b719d90673/datanode-2/data/ratis/7c778e66-d42b-4d70-80fd-87c6c7d491ac/in_use.lock acquired by nodename 58484@fv-az77-38
2023-01-26 17:38:09,824 [pool-117-thread-1] INFO  storage.RaftStorage (RaftStorageImpl.java:format(96)) - Storage directory /home/runner/work/ozone/ozone/hadoop-ozone/integration-test/target/test-dir/MiniOzoneClusterImpl-49a32a1f-b929-42a3-86b3-c5b719d90673/datanode-2/data/ratis/7c778e66-d42b-4d70-80fd-87c6c7d491ac has been successfully formatted.
2023-01-26 17:38:09,830 [pool-117-thread-1] INFO  ratis.ContainerStateMachine (ContainerStateMachine.java:loadSnapshot(240)) - group-87C6C7D491AC: The snapshot info is null. Setting the last applied indexto:(t:0, i:~)
2023-01-26 17:38:09,830 [pool-117-thread-1] INFO  server.RaftServerConfigKeys (ConfUtils.java:logGet(46)) - raft.server.log.use.memory = false (default)
2023-01-26 17:38:09,830 [pool-117-thread-1] INFO  server.RaftServerConfigKeys (ConfUtils.java:logGet(46)) - raft.server.log.purge.gap = 1000000 (custom)
2023-01-26 17:38:09,830 [pool-117-thread-1] INFO  server.RaftServerConfigKeys (ConfUtils.java:logGet(46)) - raft.server.log.appender.buffer.byte-limit = 33554432 (custom)
2023-01-26 17:38:09,830 [pool-117-thread-1] INFO  server.RaftServerConfigKeys (ConfUtils.java:logGet(46)) - raft.server.log.statemachine.data.read.timeout = 1000ms (default)
2023-01-26 17:38:09,831 [pool-117-thread-1] INFO  server.RaftServerConfigKeys (ConfUtils.java:logGet(46)) - raft.server.log.purge.preservation.log.num = 0 (default)
2023-01-26 17:38:09,831 [pool-117-thread-1] INFO  server.RaftServerConfigKeys (ConfUtils.java:logGet(46)) - raft.server.log.segment.size.max = 1048576 (custom)
2023-01-26 17:38:09,831 [pool-117-thread-1] INFO  server.RaftServerConfigKeys (ConfUtils.java:logGet(46)) - raft.server.log.segment.cache.num.max = 2 (custom)
2023-01-26 17:38:09,831 [pool-117-thread-1] INFO  server.RaftServerConfigKeys (ConfUtils.java:logGet(46)) - raft.server.log.segment.cache.size.max = 200MB (=209715200) (default)
2023-01-26 17:38:09,831 [pool-117-thread-1] INFO  segmented.SegmentedRaftLogWorker (SegmentedRaftLogWorker.java:<init>(189)) - new 7c3d527d-806d-4f2b-9b01-1e1a412c2b01@group-87C6C7D491AC-SegmentedRaftLogWorker for RaftStorageImpl:Storage Directory /home/runner/work/ozone/ozone/hadoop-ozone/integration-test/target/test-dir/MiniOzoneClusterImpl-49a32a1f-b929-42a3-86b3-c5b719d90673/datanode-2/data/ratis/7c778e66-d42b-4d70-80fd-87c6c7d491ac
2023-01-26 17:38:09,831 [pool-117-thread-1] INFO  server.RaftServerConfigKeys (ConfUtils.java:logGet(46)) - raft.server.log.queue.byte-limit = 4294967296 (custom)
2023-01-26 17:38:09,831 [pool-117-thread-1] INFO  server.RaftServerConfigKeys (ConfUtils.java:logGet(46)) - raft.server.log.queue.element-limit = 1024 (custom)
2023-01-26 17:38:09,831 [pool-117-thread-1] INFO  server.RaftServerConfigKeys (ConfUtils.java:logGet(46)) - raft.server.log.segment.size.max = 1048576 (custom)
2023-01-26 17:38:09,831 [pool-117-thread-1] INFO  server.RaftServerConfigKeys (ConfUtils.java:logGet(46)) - raft.server.log.preallocated.size = 16384 (custom)
2023-01-26 17:38:09,832 [pool-117-thread-1] INFO  server.RaftServerConfigKeys (ConfUtils.java:logGet(46)) - raft.server.log.force.sync.num = 128 (default)
2023-01-26 17:38:09,832 [pool-117-thread-1] INFO  server.RaftServerConfigKeys (ConfUtils.java:logGet(46)) - raft.server.log.statemachine.data.sync = true (default)
2023-01-26 17:38:09,832 [pool-117-thread-1] INFO  server.RaftServerConfigKeys (ConfUtils.java:logGet(46)) - raft.server.log.statemachine.data.sync.timeout = 10s (default)
2023-01-26 17:38:09,832 [pool-117-thread-1] INFO  server.RaftServerConfigKeys (ConfUtils.java:logGet(46)) - raft.server.log.statemachine.data.sync.timeout.retry = -1 (default)
2023-01-26 17:38:09,833 [pool-117-thread-1] INFO  server.RaftServerConfigKeys (ConfUtils.java:logGet(46)) - raft.server.log.write.buffer.size = 1048576 (custom)
2023-01-26 17:38:09,833 [pool-117-thread-1] INFO  server.RaftServerConfigKeys (ConfUtils.java:logGet(46)) - raft.server.log.appender.buffer.byte-limit = 33554432 (custom)
2023-01-26 17:38:09,835 [Command processor thread] INFO  server.RaftServer (RaftServerProxy.java:addNew(96)) - 7c3d527d-806d-4f2b-9b01-1e1a412c2b01: addNew group-A6640A2128D7:[7c3d527d-806d-4f2b-9b01-1e1a412c2b01|rpc:10.1.0.73:34323|dataStream:10.1.0.73:42025|priority:1|startupRole:FOLLOWER] returns group-A6640A2128D7:java.util.concurrent.CompletableFuture@6831af3b[Not completed]
2023-01-26 17:38:09,838 [pool-117-thread-1] INFO  server.RaftServerConfigKeys (ConfUtils.java:logGet(46)) - raft.server.log.unsafe-flush.enabled = false (default)
2023-01-26 17:38:09,842 [pool-117-thread-1] INFO  server.RaftServerConfigKeys (ConfUtils.java:logGet(46)) - raft.server.log.async-flush.enabled = false (default)
2023-01-26 17:38:09,842 [pool-117-thread-1] INFO  server.RaftServerConfigKeys (ConfUtils.java:logGet(46)) - raft.server.log.statemachine.data.caching.enabled = true (custom)
2023-01-26 17:38:09,843 [pool-117-thread-1] INFO  segmented.SegmentedRaftLogWorker (SegmentedRaftLogWorker.java:lambda$new$0(135)) - 7c3d527d-806d-4f2b-9b01-1e1a412c2b01@group-87C6C7D491AC-SegmentedRaftLogWorker: flushIndex: setUnconditionally 0 -> -1
2023-01-26 17:38:09,843 [pool-117-thread-1] INFO  segmented.SegmentedRaftLogWorker (SegmentedRaftLogWorker.java:lambda$new$0(135)) - 7c3d527d-806d-4f2b-9b01-1e1a412c2b01@group-87C6C7D491AC-SegmentedRaftLogWorker: safeCacheEvictIndex: setUnconditionally 0 -> -1
2023-01-26 17:38:09,847 [pool-117-thread-1] INFO  server.RaftServer$Division (RaftServerImpl.java:start(334)) - 7c3d527d-806d-4f2b-9b01-1e1a412c2b01@group-87C6C7D491AC: start as a follower, conf=-1: peers:[c453178f-2ef0-4247-9a2d-ffe23fd9d996|rpc:10.1.0.73:42109|dataStream:10.1.0.73:44519|priority:0|startupRole:FOLLOWER, 6567ec37-669a-4dc4-a62b-70dc5f228e8b|rpc:10.1.0.73:35085|dataStream:10.1.0.73:40235|priority:1|startupRole:FOLLOWER, 7c3d527d-806d-4f2b-9b01-1e1a412c2b01|rpc:10.1.0.73:34323|dataStream:10.1.0.73:42025|priority:0|startupRole:FOLLOWER]|listeners:[], old=null
2023-01-26 17:38:09,848 [pool-117-thread-1] INFO  server.RaftServer$Division (RaftServerImpl.java:setRole(321)) - 7c3d527d-806d-4f2b-9b01-1e1a412c2b01@group-87C6C7D491AC: changes role from      null to FOLLOWER at term 0 for startAsFollower
2023-01-26 17:38:09,848 [pool-117-thread-1] INFO  impl.RoleInfo (RoleInfo.java:updateAndGet(139)) - 7c3d527d-806d-4f2b-9b01-1e1a412c2b01: start 7c3d527d-806d-4f2b-9b01-1e1a412c2b01@group-87C6C7D491AC-FollowerState
2023-01-26 17:38:09,851 [pool-117-thread-1] INFO  util.JmxRegister (JmxRegister.java:tryRegister(44)) - Successfully registered JMX Bean with object name Ratis:service=RaftServer,group=group-87C6C7D491AC,id=7c3d527d-806d-4f2b-9b01-1e1a412c2b01
2023-01-26 17:38:09,852 [pool-117-thread-1] INFO  server.RaftServerConfigKeys (ConfUtils.java:logGet(46)) - raft.server.snapshot.auto.trigger.enabled = true (custom)
2023-01-26 17:38:09,852 [pool-117-thread-1] INFO  server.RaftServerConfigKeys (ConfUtils.java:logGet(46)) - raft.server.snapshot.auto.trigger.threshold = 10000 (custom)
2023-01-26 17:38:09,852 [pool-117-thread-1] INFO  server.RaftServerConfigKeys (ConfUtils.java:logGet(46)) - raft.server.snapshot.retention.file.num = 5 (custom)
2023-01-26 17:38:09,852 [pool-117-thread-1] INFO  server.RaftServerConfigKeys (ConfUtils.java:logGet(46)) - raft.server.log.purge.upto.snapshot.index = false (default)
2023-01-26 17:38:09,860 [pool-117-thread-1] INFO  server.RaftServer$Division (RaftServerImpl.java:<init>(195)) - 7c3d527d-806d-4f2b-9b01-1e1a412c2b01: new RaftServerImpl for group-A6640A2128D7:[7c3d527d-806d-4f2b-9b01-1e1a412c2b01|rpc:10.1.0.73:34323|dataStream:10.1.0.73:42025|priority:1|startupRole:FOLLOWER] with ContainerStateMachine:uninitialized
2023-01-26 17:38:09,860 [pool-117-thread-1] INFO  server.RaftServerConfigKeys (ConfUtils.java:logGet(46)) - raft.server.rpc.timeout.min = 5s (custom)
2023-01-26 17:38:09,860 [pool-117-thread-1] INFO  server.RaftServerConfigKeys (ConfUtils.java:logGet(46)) - raft.server.rpc.timeout.max = 5200ms (custom)
2023-01-26 17:38:09,860 [pool-117-thread-1] INFO  server.RaftServerConfigKeys (ConfUtils.java:logGet(46)) - raft.server.rpc.sleep.time = 25ms (default)
2023-01-26 17:38:09,860 [pool-117-thread-1] INFO  server.RaftServerConfigKeys (ConfUtils.java:logGet(46)) - raft.server.rpc.slowness.timeout = 300s (custom)
2023-01-26 17:38:09,860 [pool-117-thread-1] INFO  server.RaftServerConfigKeys (ConfUtils.java:logGet(46)) - raft.server.leaderelection.leader.step-down.wait-time = 10s (default)
2023-01-26 17:38:09,860 [pool-117-thread-1] INFO  server.RaftServerConfigKeys (ConfUtils.java:logGet(46)) - raft.server.sleep.deviation.threshold = 300ms (default)
2023-01-26 17:38:09,860 [pool-117-thread-1] INFO  server.RaftServer$Division (ServerState.java:<init>(118)) - 7c3d527d-806d-4f2b-9b01-1e1a412c2b01@group-A6640A2128D7: ConfigurationManager, init=-1: peers:[7c3d527d-806d-4f2b-9b01-1e1a412c2b01|rpc:10.1.0.73:34323|dataStream:10.1.0.73:42025|priority:1|startupRole:FOLLOWER]|listeners:[], old=null, confs=<EMPTY_MAP>
2023-01-26 17:38:09,860 [pool-117-thread-1] INFO  server.RaftServerConfigKeys (ConfUtils.java:logGet(46)) - raft.server.storage.dir = [/home/runner/work/ozone/ozone/hadoop-ozone/integration-test/target/test-dir/MiniOzoneClusterImpl-49a32a1f-b929-42a3-86b3-c5b719d90673/datanode-2/data/ratis] (custom)
2023-01-26 17:38:09,860 [pool-117-thread-1] INFO  server.RaftServerConfigKeys (ConfUtils.java:logGet(46)) - raft.server.log.corruption.policy = EXCEPTION (default)
2023-01-26 17:38:09,860 [pool-117-thread-1] INFO  server.RaftServerConfigKeys (ConfUtils.java:logGet(46)) - raft.server.storage.free-space.min = 0MB (=0) (default)
2023-01-26 17:38:09,860 [pool-117-thread-1] INFO  server.RaftServerConfigKeys (ConfUtils.java:logGet(46)) - raft.server.notification.no-leader.timeout = 300s (custom)
2023-01-26 17:38:09,861 [pool-117-thread-1] INFO  server.RaftServerConfigKeys (ConfUtils.java:logGet(46)) - raft.server.retrycache.expirytime = 600000ms (custom)
2023-01-26 17:38:09,861 [pool-117-thread-1] INFO  server.RaftServerConfigKeys (ConfUtils.java:logGet(46)) - raft.server.retrycache.statistics.expirytime = 100μs (default)
2023-01-26 17:38:09,861 [7c3d527d-806d-4f2b-9b01-1e1a412c2b01@group-87C6C7D491AC-FollowerState] INFO  server.RaftServerConfigKeys (ConfUtils.java:logFallback(53)) - raft.server.rpc.first-election.timeout.min = 5s (fallback to raft.server.rpc.timeout.min)
2023-01-26 17:38:09,865 [7c3d527d-806d-4f2b-9b01-1e1a412c2b01@group-87C6C7D491AC-FollowerState] INFO  server.RaftServerConfigKeys (ConfUtils.java:logFallback(53)) - raft.server.rpc.first-election.timeout.max = 5200ms (fallback to raft.server.rpc.timeout.max)
2023-01-26 17:38:09,866 [pool-117-thread-1] INFO  server.RaftServerConfigKeys (ConfUtils.java:logGet(46)) - raft.server.log.appender.install.snapshot.enabled = false (custom)
2023-01-26 17:38:09,866 [pool-117-thread-1] INFO  server.RaftServerConfigKeys (ConfUtils.java:logGet(46)) - raft.server.threadpool.server.cached = true (default)
2023-01-26 17:38:09,866 [pool-117-thread-1] INFO  server.RaftServerConfigKeys (ConfUtils.java:logGet(46)) - raft.server.threadpool.server.size = 0 (default)
2023-01-26 17:38:09,866 [pool-117-thread-1] INFO  server.RaftServerConfigKeys (ConfUtils.java:logGet(46)) - raft.server.threadpool.client.cached = true (default)
2023-01-26 17:38:09,866 [pool-117-thread-1] INFO  server.RaftServerConfigKeys (ConfUtils.java:logGet(46)) - raft.server.threadpool.client.size = 0 (default)
2023-01-26 17:38:09,866 [pool-117-thread-1] INFO  storage.RaftStorageDirectory (RaftStorageDirectoryImpl.java:analyzeStorage(137)) - The storage directory /home/runner/work/ozone/ozone/hadoop-ozone/integration-test/target/test-dir/MiniOzoneClusterImpl-49a32a1f-b929-42a3-86b3-c5b719d90673/datanode-2/data/ratis/9facb83b-9180-4fd9-aa75-a6640a2128d7 does not exist. Creating ...
2023-01-26 17:38:09,868 [pool-117-thread-1] INFO  storage.RaftStorageDirectory (RaftStorageDirectoryImpl.java:tryLock(231)) - Lock on /home/runner/work/ozone/ozone/hadoop-ozone/integration-test/target/test-dir/MiniOzoneClusterImpl-49a32a1f-b929-42a3-86b3-c5b719d90673/datanode-2/data/ratis/9facb83b-9180-4fd9-aa75-a6640a2128d7/in_use.lock acquired by nodename 58484@fv-az77-38
2023-01-26 17:38:09,869 [pool-117-thread-1] INFO  storage.RaftStorage (RaftStorageImpl.java:format(96)) - Storage directory /home/runner/work/ozone/ozone/hadoop-ozone/integration-test/target/test-dir/MiniOzoneClusterImpl-49a32a1f-b929-42a3-86b3-c5b719d90673/datanode-2/data/ratis/9facb83b-9180-4fd9-aa75-a6640a2128d7 has been successfully formatted.
2023-01-26 17:38:09,869 [pool-117-thread-1] INFO  ratis.ContainerStateMachine (ContainerStateMachine.java:loadSnapshot(240)) - group-A6640A2128D7: The snapshot info is null. Setting the last applied indexto:(t:0, i:~)
2023-01-26 17:38:09,870 [pool-117-thread-1] INFO  server.RaftServerConfigKeys (ConfUtils.java:logGet(46)) - raft.server.log.use.memory = false (default)
2023-01-26 17:38:09,870 [pool-117-thread-1] INFO  server.RaftServerConfigKeys (ConfUtils.java:logGet(46)) - raft.server.log.purge.gap = 1000000 (custom)
2023-01-26 17:38:09,870 [pool-117-thread-1] INFO  server.RaftServerConfigKeys (ConfUtils.java:logGet(46)) - raft.server.log.appender.buffer.byte-limit = 33554432 (custom)
2023-01-26 17:38:09,870 [pool-117-thread-1] INFO  server.RaftServerConfigKeys (ConfUtils.java:logGet(46)) - raft.server.log.statemachine.data.read.timeout = 1000ms (default)
2023-01-26 17:38:09,870 [pool-117-thread-1] INFO  server.RaftServerConfigKeys (ConfUtils.java:logGet(46)) - raft.server.log.purge.preservation.log.num = 0 (default)
2023-01-26 17:38:09,870 [pool-117-thread-1] INFO  server.RaftServerConfigKeys (ConfUtils.java:logGet(46)) - raft.server.log.segment.size.max = 1048576 (custom)
2023-01-26 17:38:09,871 [pool-117-thread-1] INFO  server.RaftServerConfigKeys (ConfUtils.java:logGet(46)) - raft.server.log.segment.cache.num.max = 2 (custom)
2023-01-26 17:38:09,871 [pool-117-thread-1] INFO  server.RaftServerConfigKeys (ConfUtils.java:logGet(46)) - raft.server.log.segment.cache.size.max = 200MB (=209715200) (default)
2023-01-26 17:38:09,871 [pool-117-thread-1] INFO  segmented.SegmentedRaftLogWorker (SegmentedRaftLogWorker.java:<init>(189)) - new 7c3d527d-806d-4f2b-9b01-1e1a412c2b01@group-A6640A2128D7-SegmentedRaftLogWorker for RaftStorageImpl:Storage Directory /home/runner/work/ozone/ozone/hadoop-ozone/integration-test/target/test-dir/MiniOzoneClusterImpl-49a32a1f-b929-42a3-86b3-c5b719d90673/datanode-2/data/ratis/9facb83b-9180-4fd9-aa75-a6640a2128d7
2023-01-26 17:38:09,871 [pool-117-thread-1] INFO  server.RaftServerConfigKeys (ConfUtils.java:logGet(46)) - raft.server.log.queue.byte-limit = 4294967296 (custom)
2023-01-26 17:38:09,871 [pool-117-thread-1] INFO  server.RaftServerConfigKeys (ConfUtils.java:logGet(46)) - raft.server.log.queue.element-limit = 1024 (custom)
2023-01-26 17:38:09,871 [pool-117-thread-1] INFO  server.RaftServerConfigKeys (ConfUtils.java:logGet(46)) - raft.server.log.segment.size.max = 1048576 (custom)
2023-01-26 17:38:09,871 [pool-117-thread-1] INFO  server.RaftServerConfigKeys (ConfUtils.java:logGet(46)) - raft.server.log.preallocated.size = 16384 (custom)
2023-01-26 17:38:09,871 [pool-117-thread-1] INFO  server.RaftServerConfigKeys (ConfUtils.java:logGet(46)) - raft.server.log.force.sync.num = 128 (default)
2023-01-26 17:38:09,871 [pool-117-thread-1] INFO  server.RaftServerConfigKeys (ConfUtils.java:logGet(46)) - raft.server.log.statemachine.data.sync = true (default)
2023-01-26 17:38:09,871 [pool-117-thread-1] INFO  server.RaftServerConfigKeys (ConfUtils.java:logGet(46)) - raft.server.log.statemachine.data.sync.timeout = 10s (default)
2023-01-26 17:38:09,871 [pool-117-thread-1] INFO  server.RaftServerConfigKeys (ConfUtils.java:logGet(46)) - raft.server.log.statemachine.data.sync.timeout.retry = -1 (default)
2023-01-26 17:38:09,876 [pool-117-thread-1] INFO  server.RaftServerConfigKeys (ConfUtils.java:logGet(46)) - raft.server.log.write.buffer.size = 1048576 (custom)
2023-01-26 17:38:09,876 [pool-117-thread-1] INFO  server.RaftServerConfigKeys (ConfUtils.java:logGet(46)) - raft.server.log.appender.buffer.byte-limit = 33554432 (custom)
2023-01-26 17:38:09,881 [pool-117-thread-1] INFO  server.RaftServerConfigKeys (ConfUtils.java:logGet(46)) - raft.server.log.unsafe-flush.enabled = false (default)
2023-01-26 17:38:09,881 [pool-117-thread-1] INFO  server.RaftServerConfigKeys (ConfUtils.java:logGet(46)) - raft.server.log.async-flush.enabled = false (default)
2023-01-26 17:38:09,881 [pool-117-thread-1] INFO  server.RaftServerConfigKeys (ConfUtils.java:logGet(46)) - raft.server.log.statemachine.data.caching.enabled = true (custom)
2023-01-26 17:38:09,881 [pool-117-thread-1] INFO  segmented.SegmentedRaftLogWorker (SegmentedRaftLogWorker.java:lambda$new$0(135)) - 7c3d527d-806d-4f2b-9b01-1e1a412c2b01@group-A6640A2128D7-SegmentedRaftLogWorker: flushIndex: setUnconditionally 0 -> -1
2023-01-26 17:38:09,881 [pool-117-thread-1] INFO  segmented.SegmentedRaftLogWorker (SegmentedRaftLogWorker.java:lambda$new$0(135)) - 7c3d527d-806d-4f2b-9b01-1e1a412c2b01@group-A6640A2128D7-SegmentedRaftLogWorker: safeCacheEvictIndex: setUnconditionally 0 -> -1
2023-01-26 17:38:09,881 [pool-117-thread-1] INFO  server.RaftServer$Division (RaftServerImpl.java:start(334)) - 7c3d527d-806d-4f2b-9b01-1e1a412c2b01@group-A6640A2128D7: start as a follower, conf=-1: peers:[7c3d527d-806d-4f2b-9b01-1e1a412c2b01|rpc:10.1.0.73:34323|dataStream:10.1.0.73:42025|priority:1|startupRole:FOLLOWER]|listeners:[], old=null
2023-01-26 17:38:09,882 [pool-117-thread-1] INFO  server.RaftServer$Division (RaftServerImpl.java:setRole(321)) - 7c3d527d-806d-4f2b-9b01-1e1a412c2b01@group-A6640A2128D7: changes role from      null to FOLLOWER at term 0 for startAsFollower
2023-01-26 17:38:09,882 [pool-117-thread-1] INFO  impl.RoleInfo (RoleInfo.java:updateAndGet(139)) - 7c3d527d-806d-4f2b-9b01-1e1a412c2b01: start 7c3d527d-806d-4f2b-9b01-1e1a412c2b01@group-A6640A2128D7-FollowerState
2023-01-26 17:38:09,884 [pool-117-thread-1] INFO  util.JmxRegister (JmxRegister.java:tryRegister(44)) - Successfully registered JMX Bean with object name Ratis:service=RaftServer,group=group-A6640A2128D7,id=7c3d527d-806d-4f2b-9b01-1e1a412c2b01
2023-01-26 17:38:09,885 [pool-117-thread-1] INFO  server.RaftServerConfigKeys (ConfUtils.java:logGet(46)) - raft.server.snapshot.auto.trigger.enabled = true (custom)
2023-01-26 17:38:09,885 [pool-117-thread-1] INFO  server.RaftServerConfigKeys (ConfUtils.java:logGet(46)) - raft.server.snapshot.auto.trigger.threshold = 10000 (custom)
2023-01-26 17:38:09,885 [pool-117-thread-1] INFO  server.RaftServerConfigKeys (ConfUtils.java:logGet(46)) - raft.server.snapshot.retention.file.num = 5 (custom)
2023-01-26 17:38:09,885 [pool-117-thread-1] INFO  server.RaftServerConfigKeys (ConfUtils.java:logGet(46)) - raft.server.log.purge.upto.snapshot.index = false (default)
2023-01-26 17:38:09,885 [7c3d527d-806d-4f2b-9b01-1e1a412c2b01@group-A6640A2128D7-FollowerState] INFO  server.RaftServerConfigKeys (ConfUtils.java:logFallback(53)) - raft.server.rpc.first-election.timeout.min = 5s (fallback to raft.server.rpc.timeout.min)
2023-01-26 17:38:09,887 [7c3d527d-806d-4f2b-9b01-1e1a412c2b01@group-A6640A2128D7-FollowerState] INFO  server.RaftServerConfigKeys (ConfUtils.java:logFallback(53)) - raft.server.rpc.first-election.timeout.max = 5200ms (fallback to raft.server.rpc.timeout.max)
2023-01-26 17:38:09,888 [Command processor thread] INFO  ratis.XceiverServerRatis (XceiverServerRatis.java:addGroup(806)) - Created group PipelineID=9facb83b-9180-4fd9-aa75-a6640a2128d7
2023-01-26 17:38:09,888 [Command processor thread] INFO  commandhandler.CreatePipelineCommandHandler (CreatePipelineCommandHandler.java:handle(113)) - Created Pipeline RATIS ONE PipelineID=9facb83b-9180-4fd9-aa75-a6640a2128d7.
2023-01-26 17:38:09,889 [Command processor thread] INFO  server.RaftServer (RaftServerProxy.java:addNew(96)) - 7c3d527d-806d-4f2b-9b01-1e1a412c2b01: addNew group-8E06CCBD1796:[c453178f-2ef0-4247-9a2d-ffe23fd9d996|rpc:10.1.0.73:42109|dataStream:10.1.0.73:44519|priority:0|startupRole:FOLLOWER, 6567ec37-669a-4dc4-a62b-70dc5f228e8b|rpc:10.1.0.73:35085|dataStream:10.1.0.73:40235|priority:0|startupRole:FOLLOWER, 7c3d527d-806d-4f2b-9b01-1e1a412c2b01|rpc:10.1.0.73:34323|dataStream:10.1.0.73:42025|priority:1|startupRole:FOLLOWER] returns group-8E06CCBD1796:java.util.concurrent.CompletableFuture@66f64c4d[Not completed]
2023-01-26 17:38:09,889 [EventQueue-PipelineReportForPipelineReportHandler] INFO  pipeline.PipelineManagerImpl (PipelineManagerImpl.java:openPipeline(367)) - Pipeline Pipeline[ Id: 9facb83b-9180-4fd9-aa75-a6640a2128d7, Nodes: 7c3d527d-806d-4f2b-9b01-1e1a412c2b01(fv-az77-38/10.1.0.73), ReplicationConfig: RATIS/ONE, State:ALLOCATED, leaderId:7c3d527d-806d-4f2b-9b01-1e1a412c2b01, CreationTimestamp2023-01-26T17:38:06.838Z[Etc/UTC]] moved to OPEN state
2023-01-26 17:38:09,890 [EventQueue-OpenPipelineForHealthyPipelineSafeModeRule] INFO  safemode.SCMSafeModeManager (HealthyPipelineSafeModeRule.java:process(137)) - SCM in safe mode. Healthy pipelines reported count is 0, required healthy pipeline reported count is 1
2023-01-26 17:38:09,890 [pool-117-thread-1] INFO  server.RaftServer$Division (RaftServerImpl.java:<init>(195)) - 7c3d527d-806d-4f2b-9b01-1e1a412c2b01: new RaftServerImpl for group-8E06CCBD1796:[c453178f-2ef0-4247-9a2d-ffe23fd9d996|rpc:10.1.0.73:42109|dataStream:10.1.0.73:44519|priority:0|startupRole:FOLLOWER, 6567ec37-669a-4dc4-a62b-70dc5f228e8b|rpc:10.1.0.73:35085|dataStream:10.1.0.73:40235|priority:0|startupRole:FOLLOWER, 7c3d527d-806d-4f2b-9b01-1e1a412c2b01|rpc:10.1.0.73:34323|dataStream:10.1.0.73:42025|priority:1|startupRole:FOLLOWER] with ContainerStateMachine:uninitialized
2023-01-26 17:38:09,904 [pool-117-thread-1] INFO  server.RaftServerConfigKeys (ConfUtils.java:logGet(46)) - raft.server.rpc.timeout.min = 5s (custom)
2023-01-26 17:38:09,904 [pool-117-thread-1] INFO  server.RaftServerConfigKeys (ConfUtils.java:logGet(46)) - raft.server.rpc.timeout.max = 5200ms (custom)
2023-01-26 17:38:09,904 [pool-117-thread-1] INFO  server.RaftServerConfigKeys (ConfUtils.java:logGet(46)) - raft.server.rpc.sleep.time = 25ms (default)
2023-01-26 17:38:09,904 [pool-117-thread-1] INFO  server.RaftServerConfigKeys (ConfUtils.java:logGet(46)) - raft.server.rpc.slowness.timeout = 300s (custom)
2023-01-26 17:38:09,904 [pool-117-thread-1] INFO  server.RaftServerConfigKeys (ConfUtils.java:logGet(46)) - raft.server.leaderelection.leader.step-down.wait-time = 10s (default)
2023-01-26 17:38:09,904 [pool-117-thread-1] INFO  server.RaftServerConfigKeys (ConfUtils.java:logGet(46)) - raft.server.sleep.deviation.threshold = 300ms (default)
2023-01-26 17:38:09,904 [pool-117-thread-1] INFO  server.RaftServer$Division (ServerState.java:<init>(118)) - 7c3d527d-806d-4f2b-9b01-1e1a412c2b01@group-8E06CCBD1796: ConfigurationManager, init=-1: peers:[c453178f-2ef0-4247-9a2d-ffe23fd9d996|rpc:10.1.0.73:42109|dataStream:10.1.0.73:44519|priority:0|startupRole:FOLLOWER, 6567ec37-669a-4dc4-a62b-70dc5f228e8b|rpc:10.1.0.73:35085|dataStream:10.1.0.73:40235|priority:0|startupRole:FOLLOWER, 7c3d527d-806d-4f2b-9b01-1e1a412c2b01|rpc:10.1.0.73:34323|dataStream:10.1.0.73:42025|priority:1|startupRole:FOLLOWER]|listeners:[], old=null, confs=<EMPTY_MAP>
2023-01-26 17:38:09,904 [pool-117-thread-1] INFO  server.RaftServerConfigKeys (ConfUtils.java:logGet(46)) - raft.server.storage.dir = [/home/runner/work/ozone/ozone/hadoop-ozone/integration-test/target/test-dir/MiniOzoneClusterImpl-49a32a1f-b929-42a3-86b3-c5b719d90673/datanode-2/data/ratis] (custom)
2023-01-26 17:38:09,904 [pool-117-thread-1] INFO  server.RaftServerConfigKeys (ConfUtils.java:logGet(46)) - raft.server.log.corruption.policy = EXCEPTION (default)
2023-01-26 17:38:09,904 [pool-117-thread-1] INFO  server.RaftServerConfigKeys (ConfUtils.java:logGet(46)) - raft.server.storage.free-space.min = 0MB (=0) (default)
2023-01-26 17:38:09,904 [pool-117-thread-1] INFO  server.RaftServerConfigKeys (ConfUtils.java:logGet(46)) - raft.server.notification.no-leader.timeout = 300s (custom)
2023-01-26 17:38:09,904 [pool-117-thread-1] INFO  server.RaftServerConfigKeys (ConfUtils.java:logGet(46)) - raft.server.retrycache.expirytime = 600000ms (custom)
2023-01-26 17:38:09,904 [pool-117-thread-1] INFO  server.RaftServerConfigKeys (ConfUtils.java:logGet(46)) - raft.server.retrycache.statistics.expirytime = 100μs (default)
2023-01-26 17:38:09,905 [pool-117-thread-1] INFO  server.RaftServerConfigKeys (ConfUtils.java:logGet(46)) - raft.server.log.appender.install.snapshot.enabled = false (custom)
2023-01-26 17:38:09,906 [pool-117-thread-1] INFO  server.RaftServerConfigKeys (ConfUtils.java:logGet(46)) - raft.server.threadpool.server.cached = true (default)
2023-01-26 17:38:09,906 [pool-117-thread-1] INFO  server.RaftServerConfigKeys (ConfUtils.java:logGet(46)) - raft.server.threadpool.server.size = 0 (default)
2023-01-26 17:38:09,906 [pool-117-thread-1] INFO  server.RaftServerConfigKeys (ConfUtils.java:logGet(46)) - raft.server.threadpool.client.cached = true (default)
2023-01-26 17:38:09,906 [pool-117-thread-1] INFO  server.RaftServerConfigKeys (ConfUtils.java:logGet(46)) - raft.server.threadpool.client.size = 0 (default)
2023-01-26 17:38:09,906 [pool-117-thread-1] INFO  storage.RaftStorageDirectory (RaftStorageDirectoryImpl.java:analyzeStorage(137)) - The storage directory /home/runner/work/ozone/ozone/hadoop-ozone/integration-test/target/test-dir/MiniOzoneClusterImpl-49a32a1f-b929-42a3-86b3-c5b719d90673/datanode-2/data/ratis/e21ff272-f1c3-473a-98bf-8e06ccbd1796 does not exist. Creating ...
2023-01-26 17:38:09,907 [pool-117-thread-1] INFO  storage.RaftStorageDirectory (RaftStorageDirectoryImpl.java:tryLock(231)) - Lock on /home/runner/work/ozone/ozone/hadoop-ozone/integration-test/target/test-dir/MiniOzoneClusterImpl-49a32a1f-b929-42a3-86b3-c5b719d90673/datanode-2/data/ratis/e21ff272-f1c3-473a-98bf-8e06ccbd1796/in_use.lock acquired by nodename 58484@fv-az77-38
2023-01-26 17:38:09,908 [pool-117-thread-1] INFO  storage.RaftStorage (RaftStorageImpl.java:format(96)) - Storage directory /home/runner/work/ozone/ozone/hadoop-ozone/integration-test/target/test-dir/MiniOzoneClusterImpl-49a32a1f-b929-42a3-86b3-c5b719d90673/datanode-2/data/ratis/e21ff272-f1c3-473a-98bf-8e06ccbd1796 has been successfully formatted.
2023-01-26 17:38:09,909 [pool-117-thread-1] INFO  ratis.ContainerStateMachine (ContainerStateMachine.java:loadSnapshot(240)) - group-8E06CCBD1796: The snapshot info is null. Setting the last applied indexto:(t:0, i:~)
2023-01-26 17:38:09,909 [pool-117-thread-1] INFO  server.RaftServerConfigKeys (ConfUtils.java:logGet(46)) - raft.server.log.use.memory = false (default)
2023-01-26 17:38:09,909 [pool-117-thread-1] INFO  server.RaftServerConfigKeys (ConfUtils.java:logGet(46)) - raft.server.log.purge.gap = 1000000 (custom)
2023-01-26 17:38:09,909 [pool-117-thread-1] INFO  server.RaftServerConfigKeys (ConfUtils.java:logGet(46)) - raft.server.log.appender.buffer.byte-limit = 33554432 (custom)
2023-01-26 17:38:09,909 [pool-117-thread-1] INFO  server.RaftServerConfigKeys (ConfUtils.java:logGet(46)) - raft.server.log.statemachine.data.read.timeout = 1000ms (default)
2023-01-26 17:38:09,909 [pool-117-thread-1] INFO  server.RaftServerConfigKeys (ConfUtils.java:logGet(46)) - raft.server.log.purge.preservation.log.num = 0 (default)
2023-01-26 17:38:09,911 [EventQueue-OpenPipelineForHealthyPipelineSafeModeRule] INFO  safemode.SCMSafeModeManager (HealthyPipelineSafeModeRule.java:process(137)) - SCM in safe mode. Healthy pipelines reported count is 0, required healthy pipeline reported count is 1
2023-01-26 17:38:09,912 [pool-117-thread-1] INFO  server.RaftServerConfigKeys (ConfUtils.java:logGet(46)) - raft.server.log.segment.size.max = 1048576 (custom)
2023-01-26 17:38:09,912 [pool-117-thread-1] INFO  server.RaftServerConfigKeys (ConfUtils.java:logGet(46)) - raft.server.log.segment.cache.num.max = 2 (custom)
2023-01-26 17:38:09,913 [pool-117-thread-1] INFO  server.RaftServerConfigKeys (ConfUtils.java:logGet(46)) - raft.server.log.segment.cache.size.max = 200MB (=209715200) (default)
2023-01-26 17:38:09,913 [pool-117-thread-1] INFO  segmented.SegmentedRaftLogWorker (SegmentedRaftLogWorker.java:<init>(189)) - new 7c3d527d-806d-4f2b-9b01-1e1a412c2b01@group-8E06CCBD1796-SegmentedRaftLogWorker for RaftStorageImpl:Storage Directory /home/runner/work/ozone/ozone/hadoop-ozone/integration-test/target/test-dir/MiniOzoneClusterImpl-49a32a1f-b929-42a3-86b3-c5b719d90673/datanode-2/data/ratis/e21ff272-f1c3-473a-98bf-8e06ccbd1796
2023-01-26 17:38:09,913 [pool-117-thread-1] INFO  server.RaftServerConfigKeys (ConfUtils.java:logGet(46)) - raft.server.log.queue.byte-limit = 4294967296 (custom)
2023-01-26 17:38:09,913 [pool-117-thread-1] INFO  server.RaftServerConfigKeys (ConfUtils.java:logGet(46)) - raft.server.log.queue.element-limit = 1024 (custom)
2023-01-26 17:38:09,913 [pool-117-thread-1] INFO  server.RaftServerConfigKeys (ConfUtils.java:logGet(46)) - raft.server.log.segment.size.max = 1048576 (custom)
2023-01-26 17:38:09,913 [pool-117-thread-1] INFO  server.RaftServerConfigKeys (ConfUtils.java:logGet(46)) - raft.server.log.preallocated.size = 16384 (custom)
2023-01-26 17:38:09,913 [pool-117-thread-1] INFO  server.RaftServerConfigKeys (ConfUtils.java:logGet(46)) - raft.server.log.force.sync.num = 128 (default)
2023-01-26 17:38:09,913 [pool-117-thread-1] INFO  server.RaftServerConfigKeys (ConfUtils.java:logGet(46)) - raft.server.log.statemachine.data.sync = true (default)
2023-01-26 17:38:09,913 [pool-117-thread-1] INFO  server.RaftServerConfigKeys (ConfUtils.java:logGet(46)) - raft.server.log.statemachine.data.sync.timeout = 10s (default)
2023-01-26 17:38:09,913 [pool-117-thread-1] INFO  server.RaftServerConfigKeys (ConfUtils.java:logGet(46)) - raft.server.log.statemachine.data.sync.timeout.retry = -1 (default)
2023-01-26 17:38:09,914 [pool-117-thread-1] INFO  server.RaftServerConfigKeys (ConfUtils.java:logGet(46)) - raft.server.log.write.buffer.size = 1048576 (custom)
2023-01-26 17:38:09,914 [pool-117-thread-1] INFO  server.RaftServerConfigKeys (ConfUtils.java:logGet(46)) - raft.server.log.appender.buffer.byte-limit = 33554432 (custom)
2023-01-26 17:38:09,921 [pool-117-thread-1] INFO  server.RaftServerConfigKeys (ConfUtils.java:logGet(46)) - raft.server.log.unsafe-flush.enabled = false (default)
2023-01-26 17:38:09,922 [pool-117-thread-1] INFO  server.RaftServerConfigKeys (ConfUtils.java:logGet(46)) - raft.server.log.async-flush.enabled = false (default)
2023-01-26 17:38:09,922 [pool-117-thread-1] INFO  server.RaftServerConfigKeys (ConfUtils.java:logGet(46)) - raft.server.log.statemachine.data.caching.enabled = true (custom)
2023-01-26 17:38:09,922 [pool-117-thread-1] INFO  segmented.SegmentedRaftLogWorker (SegmentedRaftLogWorker.java:lambda$new$0(135)) - 7c3d527d-806d-4f2b-9b01-1e1a412c2b01@group-8E06CCBD1796-SegmentedRaftLogWorker: flushIndex: setUnconditionally 0 -> -1
2023-01-26 17:38:09,922 [pool-117-thread-1] INFO  segmented.SegmentedRaftLogWorker (SegmentedRaftLogWorker.java:lambda$new$0(135)) - 7c3d527d-806d-4f2b-9b01-1e1a412c2b01@group-8E06CCBD1796-SegmentedRaftLogWorker: safeCacheEvictIndex: setUnconditionally 0 -> -1
2023-01-26 17:38:09,922 [pool-117-thread-1] INFO  server.RaftServer$Division (RaftServerImpl.java:start(334)) - 7c3d527d-806d-4f2b-9b01-1e1a412c2b01@group-8E06CCBD1796: start as a follower, conf=-1: peers:[c453178f-2ef0-4247-9a2d-ffe23fd9d996|rpc:10.1.0.73:42109|dataStream:10.1.0.73:44519|priority:0|startupRole:FOLLOWER, 6567ec37-669a-4dc4-a62b-70dc5f228e8b|rpc:10.1.0.73:35085|dataStream:10.1.0.73:40235|priority:0|startupRole:FOLLOWER, 7c3d527d-806d-4f2b-9b01-1e1a412c2b01|rpc:10.1.0.73:34323|dataStream:10.1.0.73:42025|priority:1|startupRole:FOLLOWER]|listeners:[], old=null
2023-01-26 17:38:09,922 [pool-117-thread-1] INFO  server.RaftServer$Division (RaftServerImpl.java:setRole(321)) - 7c3d527d-806d-4f2b-9b01-1e1a412c2b01@group-8E06CCBD1796: changes role from      null to FOLLOWER at term 0 for startAsFollower
2023-01-26 17:38:09,922 [pool-117-thread-1] INFO  impl.RoleInfo (RoleInfo.java:updateAndGet(139)) - 7c3d527d-806d-4f2b-9b01-1e1a412c2b01: start 7c3d527d-806d-4f2b-9b01-1e1a412c2b01@group-8E06CCBD1796-FollowerState
2023-01-26 17:38:09,924 [pool-117-thread-1] INFO  util.JmxRegister (JmxRegister.java:tryRegister(44)) - Successfully registered JMX Bean with object name Ratis:service=RaftServer,group=group-8E06CCBD1796,id=7c3d527d-806d-4f2b-9b01-1e1a412c2b01
2023-01-26 17:38:09,925 [pool-117-thread-1] INFO  server.RaftServerConfigKeys (ConfUtils.java:logGet(46)) - raft.server.snapshot.auto.trigger.enabled = true (custom)
2023-01-26 17:38:09,925 [pool-117-thread-1] INFO  server.RaftServerConfigKeys (ConfUtils.java:logGet(46)) - raft.server.snapshot.auto.trigger.threshold = 10000 (custom)
2023-01-26 17:38:09,925 [pool-117-thread-1] INFO  server.RaftServerConfigKeys (ConfUtils.java:logGet(46)) - raft.server.snapshot.retention.file.num = 5 (custom)
2023-01-26 17:38:09,925 [pool-117-thread-1] INFO  server.RaftServerConfigKeys (ConfUtils.java:logGet(46)) - raft.server.log.purge.upto.snapshot.index = false (default)
2023-01-26 17:38:09,925 [7c3d527d-806d-4f2b-9b01-1e1a412c2b01@group-8E06CCBD1796-FollowerState] INFO  server.RaftServerConfigKeys (ConfUtils.java:logFallback(53)) - raft.server.rpc.first-election.timeout.min = 5s (fallback to raft.server.rpc.timeout.min)
2023-01-26 17:38:09,928 [Command processor thread] INFO  ratis.XceiverServerRatis (XceiverServerRatis.java:addGroup(806)) - Created group PipelineID=e21ff272-f1c3-473a-98bf-8e06ccbd1796
2023-01-26 17:38:09,939 [7c3d527d-806d-4f2b-9b01-1e1a412c2b01@group-8E06CCBD1796-FollowerState] INFO  server.RaftServerConfigKeys (ConfUtils.java:logFallback(53)) - raft.server.rpc.first-election.timeout.max = 5200ms (fallback to raft.server.rpc.timeout.max)
2023-01-26 17:38:09,992 [grpc-default-executor-0] INFO  server.RaftServer (RaftServerProxy.java:addNew(96)) - c453178f-2ef0-4247-9a2d-ffe23fd9d996: addNew group-8E06CCBD1796:[c453178f-2ef0-4247-9a2d-ffe23fd9d996|rpc:10.1.0.73:42109|dataStream:10.1.0.73:44519|priority:0|startupRole:FOLLOWER, 6567ec37-669a-4dc4-a62b-70dc5f228e8b|rpc:10.1.0.73:35085|dataStream:10.1.0.73:40235|priority:0|startupRole:FOLLOWER, 7c3d527d-806d-4f2b-9b01-1e1a412c2b01|rpc:10.1.0.73:34323|dataStream:10.1.0.73:42025|priority:1|startupRole:FOLLOWER] returns group-8E06CCBD1796:java.util.concurrent.CompletableFuture@ba69a7f[Not completed]
2023-01-26 17:38:09,993 [pool-71-thread-1] INFO  server.RaftServer$Division (RaftServerImpl.java:<init>(195)) - c453178f-2ef0-4247-9a2d-ffe23fd9d996: new RaftServerImpl for group-8E06CCBD1796:[c453178f-2ef0-4247-9a2d-ffe23fd9d996|rpc:10.1.0.73:42109|dataStream:10.1.0.73:44519|priority:0|startupRole:FOLLOWER, 6567ec37-669a-4dc4-a62b-70dc5f228e8b|rpc:10.1.0.73:35085|dataStream:10.1.0.73:40235|priority:0|startupRole:FOLLOWER, 7c3d527d-806d-4f2b-9b01-1e1a412c2b01|rpc:10.1.0.73:34323|dataStream:10.1.0.73:42025|priority:1|startupRole:FOLLOWER] with ContainerStateMachine:uninitialized
2023-01-26 17:38:09,994 [pool-71-thread-1] INFO  server.RaftServerConfigKeys (ConfUtils.java:logGet(46)) - raft.server.rpc.timeout.min = 5s (custom)
2023-01-26 17:38:09,994 [pool-71-thread-1] INFO  server.RaftServerConfigKeys (ConfUtils.java:logGet(46)) - raft.server.rpc.timeout.max = 5200ms (custom)
2023-01-26 17:38:09,994 [pool-71-thread-1] INFO  server.RaftServerConfigKeys (ConfUtils.java:logGet(46)) - raft.server.rpc.sleep.time = 25ms (default)
2023-01-26 17:38:09,994 [pool-71-thread-1] INFO  server.RaftServerConfigKeys (ConfUtils.java:logGet(46)) - raft.server.rpc.slowness.timeout = 300s (custom)
2023-01-26 17:38:09,994 [pool-71-thread-1] INFO  server.RaftServerConfigKeys (ConfUtils.java:logGet(46)) - raft.server.leaderelection.leader.step-down.wait-time = 10s (default)
2023-01-26 17:38:09,994 [pool-71-thread-1] INFO  server.RaftServerConfigKeys (ConfUtils.java:logGet(46)) - raft.server.sleep.deviation.threshold = 300ms (default)
2023-01-26 17:38:09,994 [pool-71-thread-1] INFO  server.RaftServer$Division (ServerState.java:<init>(118)) - c453178f-2ef0-4247-9a2d-ffe23fd9d996@group-8E06CCBD1796: ConfigurationManager, init=-1: peers:[c453178f-2ef0-4247-9a2d-ffe23fd9d996|rpc:10.1.0.73:42109|dataStream:10.1.0.73:44519|priority:0|startupRole:FOLLOWER, 6567ec37-669a-4dc4-a62b-70dc5f228e8b|rpc:10.1.0.73:35085|dataStream:10.1.0.73:40235|priority:0|startupRole:FOLLOWER, 7c3d527d-806d-4f2b-9b01-1e1a412c2b01|rpc:10.1.0.73:34323|dataStream:10.1.0.73:42025|priority:1|startupRole:FOLLOWER]|listeners:[], old=null, confs=<EMPTY_MAP>
2023-01-26 17:38:09,994 [pool-71-thread-1] INFO  server.RaftServerConfigKeys (ConfUtils.java:logGet(46)) - raft.server.storage.dir = [/home/runner/work/ozone/ozone/hadoop-ozone/integration-test/target/test-dir/MiniOzoneClusterImpl-49a32a1f-b929-42a3-86b3-c5b719d90673/datanode-0/data/ratis] (custom)
2023-01-26 17:38:09,994 [pool-71-thread-1] INFO  server.RaftServerConfigKeys (ConfUtils.java:logGet(46)) - raft.server.log.corruption.policy = EXCEPTION (default)
2023-01-26 17:38:09,994 [pool-71-thread-1] INFO  server.RaftServerConfigKeys (ConfUtils.java:logGet(46)) - raft.server.storage.free-space.min = 0MB (=0) (default)
2023-01-26 17:38:09,994 [pool-71-thread-1] INFO  server.RaftServerConfigKeys (ConfUtils.java:logGet(46)) - raft.server.notification.no-leader.timeout = 300s (custom)
2023-01-26 17:38:09,994 [pool-71-thread-1] INFO  server.RaftServerConfigKeys (ConfUtils.java:logGet(46)) - raft.server.retrycache.expirytime = 600000ms (custom)
2023-01-26 17:38:09,994 [pool-71-thread-1] INFO  server.RaftServerConfigKeys (ConfUtils.java:logGet(46)) - raft.server.retrycache.statistics.expirytime = 100μs (default)
2023-01-26 17:38:09,995 [pool-71-thread-1] INFO  server.RaftServerConfigKeys (ConfUtils.java:logGet(46)) - raft.server.log.appender.install.snapshot.enabled = false (custom)
2023-01-26 17:38:09,996 [pool-71-thread-1] INFO  server.RaftServerConfigKeys (ConfUtils.java:logGet(46)) - raft.server.threadpool.server.cached = true (default)
2023-01-26 17:38:09,996 [pool-71-thread-1] INFO  server.RaftServerConfigKeys (ConfUtils.java:logGet(46)) - raft.server.threadpool.server.size = 0 (default)
2023-01-26 17:38:09,996 [pool-71-thread-1] INFO  server.RaftServerConfigKeys (ConfUtils.java:logGet(46)) - raft.server.threadpool.client.cached = true (default)
2023-01-26 17:38:09,996 [pool-71-thread-1] INFO  server.RaftServerConfigKeys (ConfUtils.java:logGet(46)) - raft.server.threadpool.client.size = 0 (default)
2023-01-26 17:38:09,996 [pool-71-thread-1] INFO  storage.RaftStorageDirectory (RaftStorageDirectoryImpl.java:analyzeStorage(137)) - The storage directory /home/runner/work/ozone/ozone/hadoop-ozone/integration-test/target/test-dir/MiniOzoneClusterImpl-49a32a1f-b929-42a3-86b3-c5b719d90673/datanode-0/data/ratis/e21ff272-f1c3-473a-98bf-8e06ccbd1796 does not exist. Creating ...
2023-01-26 17:38:09,997 [pool-71-thread-1] INFO  storage.RaftStorageDirectory (RaftStorageDirectoryImpl.java:tryLock(231)) - Lock on /home/runner/work/ozone/ozone/hadoop-ozone/integration-test/target/test-dir/MiniOzoneClusterImpl-49a32a1f-b929-42a3-86b3-c5b719d90673/datanode-0/data/ratis/e21ff272-f1c3-473a-98bf-8e06ccbd1796/in_use.lock acquired by nodename 58484@fv-az77-38
2023-01-26 17:38:10,001 [pool-71-thread-1] INFO  storage.RaftStorage (RaftStorageImpl.java:format(96)) - Storage directory /home/runner/work/ozone/ozone/hadoop-ozone/integration-test/target/test-dir/MiniOzoneClusterImpl-49a32a1f-b929-42a3-86b3-c5b719d90673/datanode-0/data/ratis/e21ff272-f1c3-473a-98bf-8e06ccbd1796 has been successfully formatted.
2023-01-26 17:38:10,001 [pool-71-thread-1] INFO  ratis.ContainerStateMachine (ContainerStateMachine.java:loadSnapshot(240)) - group-8E06CCBD1796: The snapshot info is null. Setting the last applied indexto:(t:0, i:~)
2023-01-26 17:38:10,001 [pool-71-thread-1] INFO  server.RaftServerConfigKeys (ConfUtils.java:logGet(46)) - raft.server.log.use.memory = false (default)
2023-01-26 17:38:10,001 [pool-71-thread-1] INFO  server.RaftServerConfigKeys (ConfUtils.java:logGet(46)) - raft.server.log.purge.gap = 1000000 (custom)
2023-01-26 17:38:10,001 [pool-71-thread-1] INFO  server.RaftServerConfigKeys (ConfUtils.java:logGet(46)) - raft.server.log.appender.buffer.byte-limit = 33554432 (custom)
2023-01-26 17:38:10,001 [pool-71-thread-1] INFO  server.RaftServerConfigKeys (ConfUtils.java:logGet(46)) - raft.server.log.statemachine.data.read.timeout = 1000ms (default)
2023-01-26 17:38:10,001 [pool-71-thread-1] INFO  server.RaftServerConfigKeys (ConfUtils.java:logGet(46)) - raft.server.log.purge.preservation.log.num = 0 (default)
2023-01-26 17:38:10,002 [pool-71-thread-1] INFO  server.RaftServerConfigKeys (ConfUtils.java:logGet(46)) - raft.server.log.segment.size.max = 1048576 (custom)
2023-01-26 17:38:10,002 [pool-71-thread-1] INFO  server.RaftServerConfigKeys (ConfUtils.java:logGet(46)) - raft.server.log.segment.cache.num.max = 2 (custom)
2023-01-26 17:38:10,002 [pool-71-thread-1] INFO  server.RaftServerConfigKeys (ConfUtils.java:logGet(46)) - raft.server.log.segment.cache.size.max = 200MB (=209715200) (default)
2023-01-26 17:38:10,002 [pool-71-thread-1] INFO  segmented.SegmentedRaftLogWorker (SegmentedRaftLogWorker.java:<init>(189)) - new c453178f-2ef0-4247-9a2d-ffe23fd9d996@group-8E06CCBD1796-SegmentedRaftLogWorker for RaftStorageImpl:Storage Directory /home/runner/work/ozone/ozone/hadoop-ozone/integration-test/target/test-dir/MiniOzoneClusterImpl-49a32a1f-b929-42a3-86b3-c5b719d90673/datanode-0/data/ratis/e21ff272-f1c3-473a-98bf-8e06ccbd1796
2023-01-26 17:38:10,002 [pool-71-thread-1] INFO  server.RaftServerConfigKeys (ConfUtils.java:logGet(46)) - raft.server.log.queue.byte-limit = 4294967296 (custom)
2023-01-26 17:38:10,002 [pool-71-thread-1] INFO  server.RaftServerConfigKeys (ConfUtils.java:logGet(46)) - raft.server.log.queue.element-limit = 1024 (custom)
2023-01-26 17:38:10,002 [pool-71-thread-1] INFO  server.RaftServerConfigKeys (ConfUtils.java:logGet(46)) - raft.server.log.segment.size.max = 1048576 (custom)
2023-01-26 17:38:10,003 [pool-71-thread-1] INFO  server.RaftServerConfigKeys (ConfUtils.java:logGet(46)) - raft.server.log.preallocated.size = 16384 (custom)
2023-01-26 17:38:10,005 [EventQueue-OpenPipelineForHealthyPipelineSafeModeRule] INFO  safemode.SCMSafeModeManager (HealthyPipelineSafeModeRule.java:process(137)) - SCM in safe mode. Healthy pipelines reported count is 0, required healthy pipeline reported count is 1
2023-01-26 17:38:10,005 [pool-71-thread-1] INFO  server.RaftServerConfigKeys (ConfUtils.java:logGet(46)) - raft.server.log.force.sync.num = 128 (default)
2023-01-26 17:38:10,009 [pool-71-thread-1] INFO  server.RaftServerConfigKeys (ConfUtils.java:logGet(46)) - raft.server.log.statemachine.data.sync = true (default)
2023-01-26 17:38:10,009 [pool-71-thread-1] INFO  server.RaftServerConfigKeys (ConfUtils.java:logGet(46)) - raft.server.log.statemachine.data.sync.timeout = 10s (default)
2023-01-26 17:38:10,009 [pool-71-thread-1] INFO  server.RaftServerConfigKeys (ConfUtils.java:logGet(46)) - raft.server.log.statemachine.data.sync.timeout.retry = -1 (default)
2023-01-26 17:38:10,010 [pool-71-thread-1] INFO  server.RaftServerConfigKeys (ConfUtils.java:logGet(46)) - raft.server.log.write.buffer.size = 1048576 (custom)
2023-01-26 17:38:10,011 [pool-71-thread-1] INFO  server.RaftServerConfigKeys (ConfUtils.java:logGet(46)) - raft.server.log.appender.buffer.byte-limit = 33554432 (custom)
2023-01-26 17:38:10,016 [pool-71-thread-1] INFO  server.RaftServerConfigKeys (ConfUtils.java:logGet(46)) - raft.server.log.unsafe-flush.enabled = false (default)
2023-01-26 17:38:10,017 [pool-71-thread-1] INFO  server.RaftServerConfigKeys (ConfUtils.java:logGet(46)) - raft.server.log.async-flush.enabled = false (default)
2023-01-26 17:38:10,017 [pool-71-thread-1] INFO  server.RaftServerConfigKeys (ConfUtils.java:logGet(46)) - raft.server.log.statemachine.data.caching.enabled = true (custom)
2023-01-26 17:38:10,017 [pool-71-thread-1] INFO  segmented.SegmentedRaftLogWorker (SegmentedRaftLogWorker.java:lambda$new$0(135)) - c453178f-2ef0-4247-9a2d-ffe23fd9d996@group-8E06CCBD1796-SegmentedRaftLogWorker: flushIndex: setUnconditionally 0 -> -1
2023-01-26 17:38:10,017 [pool-71-thread-1] INFO  segmented.SegmentedRaftLogWorker (SegmentedRaftLogWorker.java:lambda$new$0(135)) - c453178f-2ef0-4247-9a2d-ffe23fd9d996@group-8E06CCBD1796-SegmentedRaftLogWorker: safeCacheEvictIndex: setUnconditionally 0 -> -1
2023-01-26 17:38:10,017 [pool-71-thread-1] INFO  server.RaftServer$Division (RaftServerImpl.java:start(334)) - c453178f-2ef0-4247-9a2d-ffe23fd9d996@group-8E06CCBD1796: start as a follower, conf=-1: peers:[c453178f-2ef0-4247-9a2d-ffe23fd9d996|rpc:10.1.0.73:42109|dataStream:10.1.0.73:44519|priority:0|startupRole:FOLLOWER, 6567ec37-669a-4dc4-a62b-70dc5f228e8b|rpc:10.1.0.73:35085|dataStream:10.1.0.73:40235|priority:0|startupRole:FOLLOWER, 7c3d527d-806d-4f2b-9b01-1e1a412c2b01|rpc:10.1.0.73:34323|dataStream:10.1.0.73:42025|priority:1|startupRole:FOLLOWER]|listeners:[], old=null
2023-01-26 17:38:10,017 [pool-71-thread-1] INFO  server.RaftServer$Division (RaftServerImpl.java:setRole(321)) - c453178f-2ef0-4247-9a2d-ffe23fd9d996@group-8E06CCBD1796: changes role from      null to FOLLOWER at term 0 for startAsFollower
2023-01-26 17:38:10,017 [pool-71-thread-1] INFO  impl.RoleInfo (RoleInfo.java:updateAndGet(139)) - c453178f-2ef0-4247-9a2d-ffe23fd9d996: start c453178f-2ef0-4247-9a2d-ffe23fd9d996@group-8E06CCBD1796-FollowerState
2023-01-26 17:38:10,021 [pool-71-thread-1] INFO  util.JmxRegister (JmxRegister.java:tryRegister(44)) - Successfully registered JMX Bean with object name Ratis:service=RaftServer,group=group-8E06CCBD1796,id=c453178f-2ef0-4247-9a2d-ffe23fd9d996
2023-01-26 17:38:10,021 [pool-71-thread-1] INFO  server.RaftServerConfigKeys (ConfUtils.java:logGet(46)) - raft.server.snapshot.auto.trigger.enabled = true (custom)
2023-01-26 17:38:10,021 [pool-71-thread-1] INFO  server.RaftServerConfigKeys (ConfUtils.java:logGet(46)) - raft.server.snapshot.auto.trigger.threshold = 10000 (custom)
2023-01-26 17:38:10,021 [pool-71-thread-1] INFO  server.RaftServerConfigKeys (ConfUtils.java:logGet(46)) - raft.server.snapshot.retention.file.num = 5 (custom)
2023-01-26 17:38:10,021 [pool-71-thread-1] INFO  server.RaftServerConfigKeys (ConfUtils.java:logGet(46)) - raft.server.log.purge.upto.snapshot.index = false (default)
2023-01-26 17:38:10,022 [Command processor thread] INFO  commandhandler.CreatePipelineCommandHandler (CreatePipelineCommandHandler.java:handle(113)) - Created Pipeline RATIS THREE PipelineID=7c778e66-d42b-4d70-80fd-87c6c7d491ac.
2023-01-26 17:38:10,022 [c453178f-2ef0-4247-9a2d-ffe23fd9d996@group-8E06CCBD1796-FollowerState] INFO  server.RaftServerConfigKeys (ConfUtils.java:logFallback(53)) - raft.server.rpc.first-election.timeout.min = 5s (fallback to raft.server.rpc.timeout.min)
2023-01-26 17:38:10,031 [c453178f-2ef0-4247-9a2d-ffe23fd9d996@group-8E06CCBD1796-FollowerState] INFO  server.RaftServerConfigKeys (ConfUtils.java:logFallback(53)) - raft.server.rpc.first-election.timeout.max = 5200ms (fallback to raft.server.rpc.timeout.max)
2023-01-26 17:38:10,036 [Command processor thread] INFO  commandhandler.CreatePipelineCommandHandler (CreatePipelineCommandHandler.java:handle(113)) - Created Pipeline RATIS THREE PipelineID=7c778e66-d42b-4d70-80fd-87c6c7d491ac.
2023-01-26 17:38:10,036 [Command processor thread] INFO  server.RaftServer (RaftServerProxy.java:addNew(96)) - 6567ec37-669a-4dc4-a62b-70dc5f228e8b: addNew group-8E06CCBD1796:[c453178f-2ef0-4247-9a2d-ffe23fd9d996|rpc:10.1.0.73:42109|dataStream:10.1.0.73:44519|priority:0|startupRole:FOLLOWER, 6567ec37-669a-4dc4-a62b-70dc5f228e8b|rpc:10.1.0.73:35085|dataStream:10.1.0.73:40235|priority:0|startupRole:FOLLOWER, 7c3d527d-806d-4f2b-9b01-1e1a412c2b01|rpc:10.1.0.73:34323|dataStream:10.1.0.73:42025|priority:1|startupRole:FOLLOWER] returns group-8E06CCBD1796:java.util.concurrent.CompletableFuture@6f0bc1a9[Not completed]
2023-01-26 17:38:10,037 [pool-94-thread-1] INFO  server.RaftServer$Division (RaftServerImpl.java:<init>(195)) - 6567ec37-669a-4dc4-a62b-70dc5f228e8b: new RaftServerImpl for group-8E06CCBD1796:[c453178f-2ef0-4247-9a2d-ffe23fd9d996|rpc:10.1.0.73:42109|dataStream:10.1.0.73:44519|priority:0|startupRole:FOLLOWER, 6567ec37-669a-4dc4-a62b-70dc5f228e8b|rpc:10.1.0.73:35085|dataStream:10.1.0.73:40235|priority:0|startupRole:FOLLOWER, 7c3d527d-806d-4f2b-9b01-1e1a412c2b01|rpc:10.1.0.73:34323|dataStream:10.1.0.73:42025|priority:1|startupRole:FOLLOWER] with ContainerStateMachine:uninitialized
2023-01-26 17:38:10,037 [pool-94-thread-1] INFO  server.RaftServerConfigKeys (ConfUtils.java:logGet(46)) - raft.server.rpc.timeout.min = 5s (custom)
2023-01-26 17:38:10,037 [pool-94-thread-1] INFO  server.RaftServerConfigKeys (ConfUtils.java:logGet(46)) - raft.server.rpc.timeout.max = 5200ms (custom)
2023-01-26 17:38:10,037 [pool-94-thread-1] INFO  server.RaftServerConfigKeys (ConfUtils.java:logGet(46)) - raft.server.rpc.sleep.time = 25ms (default)
2023-01-26 17:38:10,037 [pool-94-thread-1] INFO  server.RaftServerConfigKeys (ConfUtils.java:logGet(46)) - raft.server.rpc.slowness.timeout = 300s (custom)
2023-01-26 17:38:10,037 [pool-94-thread-1] INFO  server.RaftServerConfigKeys (ConfUtils.java:logGet(46)) - raft.server.leaderelection.leader.step-down.wait-time = 10s (default)
2023-01-26 17:38:10,037 [pool-94-thread-1] INFO  server.RaftServerConfigKeys (ConfUtils.java:logGet(46)) - raft.server.sleep.deviation.threshold = 300ms (default)
2023-01-26 17:38:10,038 [pool-94-thread-1] INFO  server.RaftServer$Division (ServerState.java:<init>(118)) - 6567ec37-669a-4dc4-a62b-70dc5f228e8b@group-8E06CCBD1796: ConfigurationManager, init=-1: peers:[c453178f-2ef0-4247-9a2d-ffe23fd9d996|rpc:10.1.0.73:42109|dataStream:10.1.0.73:44519|priority:0|startupRole:FOLLOWER, 6567ec37-669a-4dc4-a62b-70dc5f228e8b|rpc:10.1.0.73:35085|dataStream:10.1.0.73:40235|priority:0|startupRole:FOLLOWER, 7c3d527d-806d-4f2b-9b01-1e1a412c2b01|rpc:10.1.0.73:34323|dataStream:10.1.0.73:42025|priority:1|startupRole:FOLLOWER]|listeners:[], old=null, confs=<EMPTY_MAP>
2023-01-26 17:38:10,038 [pool-94-thread-1] INFO  server.RaftServerConfigKeys (ConfUtils.java:logGet(46)) - raft.server.storage.dir = [/home/runner/work/ozone/ozone/hadoop-ozone/integration-test/target/test-dir/MiniOzoneClusterImpl-49a32a1f-b929-42a3-86b3-c5b719d90673/datanode-1/data/ratis] (custom)
2023-01-26 17:38:10,038 [pool-94-thread-1] INFO  server.RaftServerConfigKeys (ConfUtils.java:logGet(46)) - raft.server.log.corruption.policy = EXCEPTION (default)
2023-01-26 17:38:10,038 [pool-94-thread-1] INFO  server.RaftServerConfigKeys (ConfUtils.java:logGet(46)) - raft.server.storage.free-space.min = 0MB (=0) (default)
2023-01-26 17:38:10,038 [pool-94-thread-1] INFO  server.RaftServerConfigKeys (ConfUtils.java:logGet(46)) - raft.server.notification.no-leader.timeout = 300s (custom)
2023-01-26 17:38:10,038 [pool-94-thread-1] INFO  server.RaftServerConfigKeys (ConfUtils.java:logGet(46)) - raft.server.retrycache.expirytime = 600000ms (custom)
2023-01-26 17:38:10,038 [pool-94-thread-1] INFO  server.RaftServerConfigKeys (ConfUtils.java:logGet(46)) - raft.server.retrycache.statistics.expirytime = 100μs (default)
2023-01-26 17:38:10,039 [pool-94-thread-1] INFO  server.RaftServerConfigKeys (ConfUtils.java:logGet(46)) - raft.server.log.appender.install.snapshot.enabled = false (custom)
2023-01-26 17:38:10,039 [pool-94-thread-1] INFO  server.RaftServerConfigKeys (ConfUtils.java:logGet(46)) - raft.server.threadpool.server.cached = true (default)
2023-01-26 17:38:10,039 [pool-94-thread-1] INFO  server.RaftServerConfigKeys (ConfUtils.java:logGet(46)) - raft.server.threadpool.server.size = 0 (default)
2023-01-26 17:38:10,039 [pool-94-thread-1] INFO  server.RaftServerConfigKeys (ConfUtils.java:logGet(46)) - raft.server.threadpool.client.cached = true (default)
2023-01-26 17:38:10,039 [pool-94-thread-1] INFO  server.RaftServerConfigKeys (ConfUtils.java:logGet(46)) - raft.server.threadpool.client.size = 0 (default)
2023-01-26 17:38:10,039 [pool-94-thread-1] INFO  storage.RaftStorageDirectory (RaftStorageDirectoryImpl.java:analyzeStorage(137)) - The storage directory /home/runner/work/ozone/ozone/hadoop-ozone/integration-test/target/test-dir/MiniOzoneClusterImpl-49a32a1f-b929-42a3-86b3-c5b719d90673/datanode-1/data/ratis/e21ff272-f1c3-473a-98bf-8e06ccbd1796 does not exist. Creating ...
2023-01-26 17:38:10,041 [pool-94-thread-1] INFO  storage.RaftStorageDirectory (RaftStorageDirectoryImpl.java:tryLock(231)) - Lock on /home/runner/work/ozone/ozone/hadoop-ozone/integration-test/target/test-dir/MiniOzoneClusterImpl-49a32a1f-b929-42a3-86b3-c5b719d90673/datanode-1/data/ratis/e21ff272-f1c3-473a-98bf-8e06ccbd1796/in_use.lock acquired by nodename 58484@fv-az77-38
2023-01-26 17:38:10,042 [pool-94-thread-1] INFO  storage.RaftStorage (RaftStorageImpl.java:format(96)) - Storage directory /home/runner/work/ozone/ozone/hadoop-ozone/integration-test/target/test-dir/MiniOzoneClusterImpl-49a32a1f-b929-42a3-86b3-c5b719d90673/datanode-1/data/ratis/e21ff272-f1c3-473a-98bf-8e06ccbd1796 has been successfully formatted.
2023-01-26 17:38:10,042 [pool-94-thread-1] INFO  ratis.ContainerStateMachine (ContainerStateMachine.java:loadSnapshot(240)) - group-8E06CCBD1796: The snapshot info is null. Setting the last applied indexto:(t:0, i:~)
2023-01-26 17:38:10,042 [pool-94-thread-1] INFO  server.RaftServerConfigKeys (ConfUtils.java:logGet(46)) - raft.server.log.use.memory = false (default)
2023-01-26 17:38:10,042 [pool-94-thread-1] INFO  server.RaftServerConfigKeys (ConfUtils.java:logGet(46)) - raft.server.log.purge.gap = 1000000 (custom)
2023-01-26 17:38:10,042 [pool-94-thread-1] INFO  server.RaftServerConfigKeys (ConfUtils.java:logGet(46)) - raft.server.log.appender.buffer.byte-limit = 33554432 (custom)
2023-01-26 17:38:10,042 [pool-94-thread-1] INFO  server.RaftServerConfigKeys (ConfUtils.java:logGet(46)) - raft.server.log.statemachine.data.read.timeout = 1000ms (default)
2023-01-26 17:38:10,042 [pool-94-thread-1] INFO  server.RaftServerConfigKeys (ConfUtils.java:logGet(46)) - raft.server.log.purge.preservation.log.num = 0 (default)
2023-01-26 17:38:10,043 [pool-94-thread-1] INFO  server.RaftServerConfigKeys (ConfUtils.java:logGet(46)) - raft.server.log.segment.size.max = 1048576 (custom)
2023-01-26 17:38:10,045 [pool-94-thread-1] INFO  server.RaftServerConfigKeys (ConfUtils.java:logGet(46)) - raft.server.log.segment.cache.num.max = 2 (custom)
2023-01-26 17:38:10,045 [pool-94-thread-1] INFO  server.RaftServerConfigKeys (ConfUtils.java:logGet(46)) - raft.server.log.segment.cache.size.max = 200MB (=209715200) (default)
2023-01-26 17:38:10,046 [pool-94-thread-1] INFO  segmented.SegmentedRaftLogWorker (SegmentedRaftLogWorker.java:<init>(189)) - new 6567ec37-669a-4dc4-a62b-70dc5f228e8b@group-8E06CCBD1796-SegmentedRaftLogWorker for RaftStorageImpl:Storage Directory /home/runner/work/ozone/ozone/hadoop-ozone/integration-test/target/test-dir/MiniOzoneClusterImpl-49a32a1f-b929-42a3-86b3-c5b719d90673/datanode-1/data/ratis/e21ff272-f1c3-473a-98bf-8e06ccbd1796
2023-01-26 17:38:10,046 [pool-94-thread-1] INFO  server.RaftServerConfigKeys (ConfUtils.java:logGet(46)) - raft.server.log.queue.byte-limit = 4294967296 (custom)
2023-01-26 17:38:10,046 [pool-94-thread-1] INFO  server.RaftServerConfigKeys (ConfUtils.java:logGet(46)) - raft.server.log.queue.element-limit = 1024 (custom)
2023-01-26 17:38:10,046 [pool-94-thread-1] INFO  server.RaftServerConfigKeys (ConfUtils.java:logGet(46)) - raft.server.log.segment.size.max = 1048576 (custom)
2023-01-26 17:38:10,046 [pool-94-thread-1] INFO  server.RaftServerConfigKeys (ConfUtils.java:logGet(46)) - raft.server.log.preallocated.size = 16384 (custom)
2023-01-26 17:38:10,046 [pool-94-thread-1] INFO  server.RaftServerConfigKeys (ConfUtils.java:logGet(46)) - raft.server.log.force.sync.num = 128 (default)
2023-01-26 17:38:10,046 [pool-94-thread-1] INFO  server.RaftServerConfigKeys (ConfUtils.java:logGet(46)) - raft.server.log.statemachine.data.sync = true (default)
2023-01-26 17:38:10,046 [pool-94-thread-1] INFO  server.RaftServerConfigKeys (ConfUtils.java:logGet(46)) - raft.server.log.statemachine.data.sync.timeout = 10s (default)
2023-01-26 17:38:10,046 [pool-94-thread-1] INFO  server.RaftServerConfigKeys (ConfUtils.java:logGet(46)) - raft.server.log.statemachine.data.sync.timeout.retry = -1 (default)
2023-01-26 17:38:10,047 [pool-94-thread-1] INFO  server.RaftServerConfigKeys (ConfUtils.java:logGet(46)) - raft.server.log.write.buffer.size = 1048576 (custom)
2023-01-26 17:38:10,047 [pool-94-thread-1] INFO  server.RaftServerConfigKeys (ConfUtils.java:logGet(46)) - raft.server.log.appender.buffer.byte-limit = 33554432 (custom)
2023-01-26 17:38:10,050 [EventQueue-OpenPipelineForHealthyPipelineSafeModeRule] INFO  safemode.SCMSafeModeManager (HealthyPipelineSafeModeRule.java:process(137)) - SCM in safe mode. Healthy pipelines reported count is 0, required healthy pipeline reported count is 1
2023-01-26 17:38:10,054 [pool-94-thread-1] INFO  server.RaftServerConfigKeys (ConfUtils.java:logGet(46)) - raft.server.log.unsafe-flush.enabled = false (default)
2023-01-26 17:38:10,054 [pool-94-thread-1] INFO  server.RaftServerConfigKeys (ConfUtils.java:logGet(46)) - raft.server.log.async-flush.enabled = false (default)
2023-01-26 17:38:10,054 [pool-94-thread-1] INFO  server.RaftServerConfigKeys (ConfUtils.java:logGet(46)) - raft.server.log.statemachine.data.caching.enabled = true (custom)
2023-01-26 17:38:10,060 [pool-94-thread-1] INFO  segmented.SegmentedRaftLogWorker (SegmentedRaftLogWorker.java:lambda$new$0(135)) - 6567ec37-669a-4dc4-a62b-70dc5f228e8b@group-8E06CCBD1796-SegmentedRaftLogWorker: flushIndex: setUnconditionally 0 -> -1
2023-01-26 17:38:10,060 [pool-94-thread-1] INFO  segmented.SegmentedRaftLogWorker (SegmentedRaftLogWorker.java:lambda$new$0(135)) - 6567ec37-669a-4dc4-a62b-70dc5f228e8b@group-8E06CCBD1796-SegmentedRaftLogWorker: safeCacheEvictIndex: setUnconditionally 0 -> -1
2023-01-26 17:38:10,060 [pool-94-thread-1] INFO  server.RaftServer$Division (RaftServerImpl.java:start(334)) - 6567ec37-669a-4dc4-a62b-70dc5f228e8b@group-8E06CCBD1796: start as a follower, conf=-1: peers:[c453178f-2ef0-4247-9a2d-ffe23fd9d996|rpc:10.1.0.73:42109|dataStream:10.1.0.73:44519|priority:0|startupRole:FOLLOWER, 6567ec37-669a-4dc4-a62b-70dc5f228e8b|rpc:10.1.0.73:35085|dataStream:10.1.0.73:40235|priority:0|startupRole:FOLLOWER, 7c3d527d-806d-4f2b-9b01-1e1a412c2b01|rpc:10.1.0.73:34323|dataStream:10.1.0.73:42025|priority:1|startupRole:FOLLOWER]|listeners:[], old=null
2023-01-26 17:38:10,060 [pool-94-thread-1] INFO  server.RaftServer$Division (RaftServerImpl.java:setRole(321)) - 6567ec37-669a-4dc4-a62b-70dc5f228e8b@group-8E06CCBD1796: changes role from      null to FOLLOWER at term 0 for startAsFollower
2023-01-26 17:38:10,060 [pool-94-thread-1] INFO  impl.RoleInfo (RoleInfo.java:updateAndGet(139)) - 6567ec37-669a-4dc4-a62b-70dc5f228e8b: start 6567ec37-669a-4dc4-a62b-70dc5f228e8b@group-8E06CCBD1796-FollowerState
2023-01-26 17:38:10,061 [pool-94-thread-1] INFO  util.JmxRegister (JmxRegister.java:tryRegister(44)) - Successfully registered JMX Bean with object name Ratis:service=RaftServer,group=group-8E06CCBD1796,id=6567ec37-669a-4dc4-a62b-70dc5f228e8b
2023-01-26 17:38:10,061 [pool-94-thread-1] INFO  server.RaftServerConfigKeys (ConfUtils.java:logGet(46)) - raft.server.snapshot.auto.trigger.enabled = true (custom)
2023-01-26 17:38:10,061 [pool-94-thread-1] INFO  server.RaftServerConfigKeys (ConfUtils.java:logGet(46)) - raft.server.snapshot.auto.trigger.threshold = 10000 (custom)
2023-01-26 17:38:10,061 [pool-94-thread-1] INFO  server.RaftServerConfigKeys (ConfUtils.java:logGet(46)) - raft.server.snapshot.retention.file.num = 5 (custom)
2023-01-26 17:38:10,062 [pool-94-thread-1] INFO  server.RaftServerConfigKeys (ConfUtils.java:logGet(46)) - raft.server.log.purge.upto.snapshot.index = false (default)
2023-01-26 17:38:10,062 [6567ec37-669a-4dc4-a62b-70dc5f228e8b@group-8E06CCBD1796-FollowerState] INFO  server.RaftServerConfigKeys (ConfUtils.java:logFallback(53)) - raft.server.rpc.first-election.timeout.min = 5s (fallback to raft.server.rpc.timeout.min)
2023-01-26 17:38:10,062 [Command processor thread] INFO  ratis.XceiverServerRatis (XceiverServerRatis.java:addGroup(806)) - Created group PipelineID=e21ff272-f1c3-473a-98bf-8e06ccbd1796
2023-01-26 17:38:10,067 [6567ec37-669a-4dc4-a62b-70dc5f228e8b@group-8E06CCBD1796-FollowerState] INFO  server.RaftServerConfigKeys (ConfUtils.java:logFallback(53)) - raft.server.rpc.first-election.timeout.max = 5200ms (fallback to raft.server.rpc.timeout.max)
2023-01-26 17:38:10,094 [Command processor thread] INFO  commandhandler.CreatePipelineCommandHandler (CreatePipelineCommandHandler.java:handle(113)) - Created Pipeline RATIS THREE PipelineID=e21ff272-f1c3-473a-98bf-8e06ccbd1796.
2023-01-26 17:38:10,125 [Command processor thread] INFO  commandhandler.CreatePipelineCommandHandler (CreatePipelineCommandHandler.java:handle(113)) - Created Pipeline RATIS THREE PipelineID=e21ff272-f1c3-473a-98bf-8e06ccbd1796.
2023-01-26 17:38:10,171 [Command processor thread] INFO  server.RaftServer (RaftServerProxy.java:addNew(96)) - 235f2378-c7d7-4173-89ba-00e0bb2ff45d: addNew group-5D65EE773CCF:[235f2378-c7d7-4173-89ba-00e0bb2ff45d|rpc:10.1.0.73:41431|dataStream:10.1.0.73:43995|priority:1|startupRole:FOLLOWER] returns group-5D65EE773CCF:java.util.concurrent.CompletableFuture@593ac059[Not completed]
2023-01-26 17:38:10,178 [pool-140-thread-1] INFO  server.RaftServer$Division (RaftServerImpl.java:<init>(195)) - 235f2378-c7d7-4173-89ba-00e0bb2ff45d: new RaftServerImpl for group-5D65EE773CCF:[235f2378-c7d7-4173-89ba-00e0bb2ff45d|rpc:10.1.0.73:41431|dataStream:10.1.0.73:43995|priority:1|startupRole:FOLLOWER] with ContainerStateMachine:uninitialized
2023-01-26 17:38:10,179 [pool-140-thread-1] INFO  server.RaftServerConfigKeys (ConfUtils.java:logGet(46)) - raft.server.rpc.timeout.min = 5s (custom)
2023-01-26 17:38:10,179 [pool-140-thread-1] INFO  server.RaftServerConfigKeys (ConfUtils.java:logGet(46)) - raft.server.rpc.timeout.max = 5200ms (custom)
2023-01-26 17:38:10,179 [pool-140-thread-1] INFO  server.RaftServerConfigKeys (ConfUtils.java:logGet(46)) - raft.server.rpc.sleep.time = 25ms (default)
2023-01-26 17:38:10,179 [pool-140-thread-1] INFO  server.RaftServerConfigKeys (ConfUtils.java:logGet(46)) - raft.server.rpc.slowness.timeout = 300s (custom)
2023-01-26 17:38:10,179 [pool-140-thread-1] INFO  server.RaftServerConfigKeys (ConfUtils.java:logGet(46)) - raft.server.leaderelection.leader.step-down.wait-time = 10s (default)
2023-01-26 17:38:10,179 [pool-140-thread-1] INFO  server.RaftServerConfigKeys (ConfUtils.java:logGet(46)) - raft.server.sleep.deviation.threshold = 300ms (default)
2023-01-26 17:38:10,179 [pool-140-thread-1] INFO  server.RaftServer$Division (ServerState.java:<init>(118)) - 235f2378-c7d7-4173-89ba-00e0bb2ff45d@group-5D65EE773CCF: ConfigurationManager, init=-1: peers:[235f2378-c7d7-4173-89ba-00e0bb2ff45d|rpc:10.1.0.73:41431|dataStream:10.1.0.73:43995|priority:1|startupRole:FOLLOWER]|listeners:[], old=null, confs=<EMPTY_MAP>
2023-01-26 17:38:10,179 [pool-140-thread-1] INFO  server.RaftServerConfigKeys (ConfUtils.java:logGet(46)) - raft.server.storage.dir = [/home/runner/work/ozone/ozone/hadoop-ozone/integration-test/target/test-dir/MiniOzoneClusterImpl-49a32a1f-b929-42a3-86b3-c5b719d90673/datanode-3/data/ratis] (custom)
2023-01-26 17:38:10,180 [pool-140-thread-1] INFO  server.RaftServerConfigKeys (ConfUtils.java:logGet(46)) - raft.server.log.corruption.policy = EXCEPTION (default)
2023-01-26 17:38:10,180 [pool-140-thread-1] INFO  server.RaftServerConfigKeys (ConfUtils.java:logGet(46)) - raft.server.storage.free-space.min = 0MB (=0) (default)
2023-01-26 17:38:10,181 [pool-140-thread-1] INFO  server.RaftServerConfigKeys (ConfUtils.java:logGet(46)) - raft.server.notification.no-leader.timeout = 300s (custom)
2023-01-26 17:38:10,181 [pool-140-thread-1] INFO  server.RaftServerConfigKeys (ConfUtils.java:logGet(46)) - raft.server.retrycache.expirytime = 600000ms (custom)
2023-01-26 17:38:10,181 [pool-140-thread-1] INFO  server.RaftServerConfigKeys (ConfUtils.java:logGet(46)) - raft.server.retrycache.statistics.expirytime = 100μs (default)
2023-01-26 17:38:10,183 [pool-140-thread-1] INFO  server.RaftServerConfigKeys (ConfUtils.java:logGet(46)) - raft.server.log.appender.install.snapshot.enabled = false (custom)
2023-01-26 17:38:10,183 [pool-140-thread-1] INFO  server.RaftServerConfigKeys (ConfUtils.java:logGet(46)) - raft.server.threadpool.server.cached = true (default)
2023-01-26 17:38:10,183 [pool-140-thread-1] INFO  server.RaftServerConfigKeys (ConfUtils.java:logGet(46)) - raft.server.threadpool.server.size = 0 (default)
2023-01-26 17:38:10,183 [pool-140-thread-1] INFO  server.RaftServerConfigKeys (ConfUtils.java:logGet(46)) - raft.server.threadpool.client.cached = true (default)
2023-01-26 17:38:10,183 [pool-140-thread-1] INFO  server.RaftServerConfigKeys (ConfUtils.java:logGet(46)) - raft.server.threadpool.client.size = 0 (default)
2023-01-26 17:38:10,183 [pool-140-thread-1] INFO  storage.RaftStorageDirectory (RaftStorageDirectoryImpl.java:analyzeStorage(137)) - The storage directory /home/runner/work/ozone/ozone/hadoop-ozone/integration-test/target/test-dir/MiniOzoneClusterImpl-49a32a1f-b929-42a3-86b3-c5b719d90673/datanode-3/data/ratis/e46032af-d4d3-46f7-9fd6-5d65ee773ccf does not exist. Creating ...
2023-01-26 17:38:10,184 [pool-140-thread-1] INFO  storage.RaftStorageDirectory (RaftStorageDirectoryImpl.java:tryLock(231)) - Lock on /home/runner/work/ozone/ozone/hadoop-ozone/integration-test/target/test-dir/MiniOzoneClusterImpl-49a32a1f-b929-42a3-86b3-c5b719d90673/datanode-3/data/ratis/e46032af-d4d3-46f7-9fd6-5d65ee773ccf/in_use.lock acquired by nodename 58484@fv-az77-38
2023-01-26 17:38:10,185 [pool-140-thread-1] INFO  storage.RaftStorage (RaftStorageImpl.java:format(96)) - Storage directory /home/runner/work/ozone/ozone/hadoop-ozone/integration-test/target/test-dir/MiniOzoneClusterImpl-49a32a1f-b929-42a3-86b3-c5b719d90673/datanode-3/data/ratis/e46032af-d4d3-46f7-9fd6-5d65ee773ccf has been successfully formatted.
2023-01-26 17:38:10,186 [pool-140-thread-1] INFO  ratis.ContainerStateMachine (ContainerStateMachine.java:loadSnapshot(240)) - group-5D65EE773CCF: The snapshot info is null. Setting the last applied indexto:(t:0, i:~)
2023-01-26 17:38:10,186 [pool-140-thread-1] INFO  server.RaftServerConfigKeys (ConfUtils.java:logGet(46)) - raft.server.log.use.memory = false (default)
2023-01-26 17:38:10,186 [pool-140-thread-1] INFO  server.RaftServerConfigKeys (ConfUtils.java:logGet(46)) - raft.server.log.purge.gap = 1000000 (custom)
2023-01-26 17:38:10,186 [pool-140-thread-1] INFO  server.RaftServerConfigKeys (ConfUtils.java:logGet(46)) - raft.server.log.appender.buffer.byte-limit = 33554432 (custom)
2023-01-26 17:38:10,186 [pool-140-thread-1] INFO  server.RaftServerConfigKeys (ConfUtils.java:logGet(46)) - raft.server.log.statemachine.data.read.timeout = 1000ms (default)
2023-01-26 17:38:10,187 [pool-140-thread-1] INFO  server.RaftServerConfigKeys (ConfUtils.java:logGet(46)) - raft.server.log.purge.preservation.log.num = 0 (default)
2023-01-26 17:38:10,187 [pool-140-thread-1] INFO  server.RaftServerConfigKeys (ConfUtils.java:logGet(46)) - raft.server.log.segment.size.max = 1048576 (custom)
2023-01-26 17:38:10,188 [EventQueue-PipelineReportForPipelineReportHandler] INFO  pipeline.PipelineManagerImpl (PipelineManagerImpl.java:openPipeline(367)) - Pipeline Pipeline[ Id: e46032af-d4d3-46f7-9fd6-5d65ee773ccf, Nodes: 235f2378-c7d7-4173-89ba-00e0bb2ff45d(fv-az77-38/10.1.0.73), ReplicationConfig: RATIS/ONE, State:ALLOCATED, leaderId:235f2378-c7d7-4173-89ba-00e0bb2ff45d, CreationTimestamp2023-01-26T17:38:07.174Z[Etc/UTC]] moved to OPEN state
2023-01-26 17:38:10,189 [EventQueue-OpenPipelineForHealthyPipelineSafeModeRule] INFO  safemode.SCMSafeModeManager (HealthyPipelineSafeModeRule.java:process(137)) - SCM in safe mode. Healthy pipelines reported count is 0, required healthy pipeline reported count is 1
2023-01-26 17:38:10,191 [pool-140-thread-1] INFO  server.RaftServerConfigKeys (ConfUtils.java:logGet(46)) - raft.server.log.segment.cache.num.max = 2 (custom)
2023-01-26 17:38:10,191 [pool-140-thread-1] INFO  server.RaftServerConfigKeys (ConfUtils.java:logGet(46)) - raft.server.log.segment.cache.size.max = 200MB (=209715200) (default)
2023-01-26 17:38:10,191 [pool-140-thread-1] INFO  segmented.SegmentedRaftLogWorker (SegmentedRaftLogWorker.java:<init>(189)) - new 235f2378-c7d7-4173-89ba-00e0bb2ff45d@group-5D65EE773CCF-SegmentedRaftLogWorker for RaftStorageImpl:Storage Directory /home/runner/work/ozone/ozone/hadoop-ozone/integration-test/target/test-dir/MiniOzoneClusterImpl-49a32a1f-b929-42a3-86b3-c5b719d90673/datanode-3/data/ratis/e46032af-d4d3-46f7-9fd6-5d65ee773ccf
2023-01-26 17:38:10,191 [pool-140-thread-1] INFO  server.RaftServerConfigKeys (ConfUtils.java:logGet(46)) - raft.server.log.queue.byte-limit = 4294967296 (custom)
2023-01-26 17:38:10,191 [pool-140-thread-1] INFO  server.RaftServerConfigKeys (ConfUtils.java:logGet(46)) - raft.server.log.queue.element-limit = 1024 (custom)
2023-01-26 17:38:10,191 [pool-140-thread-1] INFO  server.RaftServerConfigKeys (ConfUtils.java:logGet(46)) - raft.server.log.segment.size.max = 1048576 (custom)
2023-01-26 17:38:10,191 [pool-140-thread-1] INFO  server.RaftServerConfigKeys (ConfUtils.java:logGet(46)) - raft.server.log.preallocated.size = 16384 (custom)
2023-01-26 17:38:10,191 [pool-140-thread-1] INFO  server.RaftServerConfigKeys (ConfUtils.java:logGet(46)) - raft.server.log.force.sync.num = 128 (default)
2023-01-26 17:38:10,191 [pool-140-thread-1] INFO  server.RaftServerConfigKeys (ConfUtils.java:logGet(46)) - raft.server.log.statemachine.data.sync = true (default)
2023-01-26 17:38:10,191 [pool-140-thread-1] INFO  server.RaftServerConfigKeys (ConfUtils.java:logGet(46)) - raft.server.log.statemachine.data.sync.timeout = 10s (default)
2023-01-26 17:38:10,191 [pool-140-thread-1] INFO  server.RaftServerConfigKeys (ConfUtils.java:logGet(46)) - raft.server.log.statemachine.data.sync.timeout.retry = -1 (default)
2023-01-26 17:38:10,192 [pool-140-thread-1] INFO  server.RaftServerConfigKeys (ConfUtils.java:logGet(46)) - raft.server.log.write.buffer.size = 1048576 (custom)
2023-01-26 17:38:10,193 [pool-140-thread-1] INFO  server.RaftServerConfigKeys (ConfUtils.java:logGet(46)) - raft.server.log.appender.buffer.byte-limit = 33554432 (custom)
2023-01-26 17:38:10,198 [pool-140-thread-1] INFO  server.RaftServerConfigKeys (ConfUtils.java:logGet(46)) - raft.server.log.unsafe-flush.enabled = false (default)
2023-01-26 17:38:10,198 [pool-140-thread-1] INFO  server.RaftServerConfigKeys (ConfUtils.java:logGet(46)) - raft.server.log.async-flush.enabled = false (default)
2023-01-26 17:38:10,198 [pool-140-thread-1] INFO  server.RaftServerConfigKeys (ConfUtils.java:logGet(46)) - raft.server.log.statemachine.data.caching.enabled = true (custom)
2023-01-26 17:38:10,198 [pool-140-thread-1] INFO  segmented.SegmentedRaftLogWorker (SegmentedRaftLogWorker.java:lambda$new$0(135)) - 235f2378-c7d7-4173-89ba-00e0bb2ff45d@group-5D65EE773CCF-SegmentedRaftLogWorker: flushIndex: setUnconditionally 0 -> -1
2023-01-26 17:38:10,198 [pool-140-thread-1] INFO  segmented.SegmentedRaftLogWorker (SegmentedRaftLogWorker.java:lambda$new$0(135)) - 235f2378-c7d7-4173-89ba-00e0bb2ff45d@group-5D65EE773CCF-SegmentedRaftLogWorker: safeCacheEvictIndex: setUnconditionally 0 -> -1
2023-01-26 17:38:10,199 [pool-140-thread-1] INFO  server.RaftServer$Division (RaftServerImpl.java:start(334)) - 235f2378-c7d7-4173-89ba-00e0bb2ff45d@group-5D65EE773CCF: start as a follower, conf=-1: peers:[235f2378-c7d7-4173-89ba-00e0bb2ff45d|rpc:10.1.0.73:41431|dataStream:10.1.0.73:43995|priority:1|startupRole:FOLLOWER]|listeners:[], old=null
2023-01-26 17:38:10,199 [pool-140-thread-1] INFO  server.RaftServer$Division (RaftServerImpl.java:setRole(321)) - 235f2378-c7d7-4173-89ba-00e0bb2ff45d@group-5D65EE773CCF: changes role from      null to FOLLOWER at term 0 for startAsFollower
2023-01-26 17:38:10,199 [pool-140-thread-1] INFO  impl.RoleInfo (RoleInfo.java:updateAndGet(139)) - 235f2378-c7d7-4173-89ba-00e0bb2ff45d: start 235f2378-c7d7-4173-89ba-00e0bb2ff45d@group-5D65EE773CCF-FollowerState
2023-01-26 17:38:10,201 [pool-140-thread-1] INFO  util.JmxRegister (JmxRegister.java:tryRegister(44)) - Successfully registered JMX Bean with object name Ratis:service=RaftServer,group=group-5D65EE773CCF,id=235f2378-c7d7-4173-89ba-00e0bb2ff45d
2023-01-26 17:38:10,201 [pool-140-thread-1] INFO  server.RaftServerConfigKeys (ConfUtils.java:logGet(46)) - raft.server.snapshot.auto.trigger.enabled = true (custom)
2023-01-26 17:38:10,201 [pool-140-thread-1] INFO  server.RaftServerConfigKeys (ConfUtils.java:logGet(46)) - raft.server.snapshot.auto.trigger.threshold = 10000 (custom)
2023-01-26 17:38:10,201 [pool-140-thread-1] INFO  server.RaftServerConfigKeys (ConfUtils.java:logGet(46)) - raft.server.snapshot.retention.file.num = 5 (custom)
2023-01-26 17:38:10,201 [pool-140-thread-1] INFO  server.RaftServerConfigKeys (ConfUtils.java:logGet(46)) - raft.server.log.purge.upto.snapshot.index = false (default)
2023-01-26 17:38:10,203 [235f2378-c7d7-4173-89ba-00e0bb2ff45d@group-5D65EE773CCF-FollowerState] INFO  server.RaftServerConfigKeys (ConfUtils.java:logFallback(53)) - raft.server.rpc.first-election.timeout.min = 5s (fallback to raft.server.rpc.timeout.min)
2023-01-26 17:38:10,203 [235f2378-c7d7-4173-89ba-00e0bb2ff45d@group-5D65EE773CCF-FollowerState] INFO  server.RaftServerConfigKeys (ConfUtils.java:logFallback(53)) - raft.server.rpc.first-election.timeout.max = 5200ms (fallback to raft.server.rpc.timeout.max)
2023-01-26 17:38:10,204 [Command processor thread] INFO  ratis.XceiverServerRatis (XceiverServerRatis.java:addGroup(806)) - Created group PipelineID=e46032af-d4d3-46f7-9fd6-5d65ee773ccf
2023-01-26 17:38:10,204 [Command processor thread] INFO  commandhandler.CreatePipelineCommandHandler (CreatePipelineCommandHandler.java:handle(113)) - Created Pipeline RATIS ONE PipelineID=e46032af-d4d3-46f7-9fd6-5d65ee773ccf.
2023-01-26 17:38:10,205 [Command processor thread] INFO  server.RaftServer (RaftServerProxy.java:addNew(96)) - 235f2378-c7d7-4173-89ba-00e0bb2ff45d: addNew group-86A1BE7E6950:[235f2378-c7d7-4173-89ba-00e0bb2ff45d|rpc:10.1.0.73:41431|dataStream:10.1.0.73:43995|priority:0|startupRole:FOLLOWER, 49ad5a47-7d1f-45bf-afe9-a53f24515e29|rpc:10.1.0.73:36795|dataStream:10.1.0.73:45593|priority:1|startupRole:FOLLOWER, f066a8fd-bb24-4d50-9831-ef193da0c0d0|rpc:10.1.0.73:34671|dataStream:10.1.0.73:45771|priority:0|startupRole:FOLLOWER] returns group-86A1BE7E6950:java.util.concurrent.CompletableFuture@5d055fa6[Not completed]
2023-01-26 17:38:10,206 [pool-140-thread-1] INFO  server.RaftServer$Division (RaftServerImpl.java:<init>(195)) - 235f2378-c7d7-4173-89ba-00e0bb2ff45d: new RaftServerImpl for group-86A1BE7E6950:[235f2378-c7d7-4173-89ba-00e0bb2ff45d|rpc:10.1.0.73:41431|dataStream:10.1.0.73:43995|priority:0|startupRole:FOLLOWER, 49ad5a47-7d1f-45bf-afe9-a53f24515e29|rpc:10.1.0.73:36795|dataStream:10.1.0.73:45593|priority:1|startupRole:FOLLOWER, f066a8fd-bb24-4d50-9831-ef193da0c0d0|rpc:10.1.0.73:34671|dataStream:10.1.0.73:45771|priority:0|startupRole:FOLLOWER] with ContainerStateMachine:uninitialized
2023-01-26 17:38:10,206 [pool-140-thread-1] INFO  server.RaftServerConfigKeys (ConfUtils.java:logGet(46)) - raft.server.rpc.timeout.min = 5s (custom)
2023-01-26 17:38:10,206 [pool-140-thread-1] INFO  server.RaftServerConfigKeys (ConfUtils.java:logGet(46)) - raft.server.rpc.timeout.max = 5200ms (custom)
2023-01-26 17:38:10,206 [pool-140-thread-1] INFO  server.RaftServerConfigKeys (ConfUtils.java:logGet(46)) - raft.server.rpc.sleep.time = 25ms (default)
2023-01-26 17:38:10,206 [pool-140-thread-1] INFO  server.RaftServerConfigKeys (ConfUtils.java:logGet(46)) - raft.server.rpc.slowness.timeout = 300s (custom)
2023-01-26 17:38:10,206 [pool-140-thread-1] INFO  server.RaftServerConfigKeys (ConfUtils.java:logGet(46)) - raft.server.leaderelection.leader.step-down.wait-time = 10s (default)
2023-01-26 17:38:10,206 [pool-140-thread-1] INFO  server.RaftServerConfigKeys (ConfUtils.java:logGet(46)) - raft.server.sleep.deviation.threshold = 300ms (default)
2023-01-26 17:38:10,206 [pool-140-thread-1] INFO  server.RaftServer$Division (ServerState.java:<init>(118)) - 235f2378-c7d7-4173-89ba-00e0bb2ff45d@group-86A1BE7E6950: ConfigurationManager, init=-1: peers:[235f2378-c7d7-4173-89ba-00e0bb2ff45d|rpc:10.1.0.73:41431|dataStream:10.1.0.73:43995|priority:0|startupRole:FOLLOWER, 49ad5a47-7d1f-45bf-afe9-a53f24515e29|rpc:10.1.0.73:36795|dataStream:10.1.0.73:45593|priority:1|startupRole:FOLLOWER, f066a8fd-bb24-4d50-9831-ef193da0c0d0|rpc:10.1.0.73:34671|dataStream:10.1.0.73:45771|priority:0|startupRole:FOLLOWER]|listeners:[], old=null, confs=<EMPTY_MAP>
2023-01-26 17:38:10,206 [pool-140-thread-1] INFO  server.RaftServerConfigKeys (ConfUtils.java:logGet(46)) - raft.server.storage.dir = [/home/runner/work/ozone/ozone/hadoop-ozone/integration-test/target/test-dir/MiniOzoneClusterImpl-49a32a1f-b929-42a3-86b3-c5b719d90673/datanode-3/data/ratis] (custom)
2023-01-26 17:38:10,206 [pool-140-thread-1] INFO  server.RaftServerConfigKeys (ConfUtils.java:logGet(46)) - raft.server.log.corruption.policy = EXCEPTION (default)
2023-01-26 17:38:10,207 [pool-140-thread-1] INFO  server.RaftServerConfigKeys (ConfUtils.java:logGet(46)) - raft.server.storage.free-space.min = 0MB (=0) (default)
2023-01-26 17:38:10,207 [pool-140-thread-1] INFO  server.RaftServerConfigKeys (ConfUtils.java:logGet(46)) - raft.server.notification.no-leader.timeout = 300s (custom)
2023-01-26 17:38:10,207 [pool-140-thread-1] INFO  server.RaftServerConfigKeys (ConfUtils.java:logGet(46)) - raft.server.retrycache.expirytime = 600000ms (custom)
2023-01-26 17:38:10,207 [pool-140-thread-1] INFO  server.RaftServerConfigKeys (ConfUtils.java:logGet(46)) - raft.server.retrycache.statistics.expirytime = 100μs (default)
2023-01-26 17:38:10,208 [pool-140-thread-1] INFO  server.RaftServerConfigKeys (ConfUtils.java:logGet(46)) - raft.server.log.appender.install.snapshot.enabled = false (custom)
2023-01-26 17:38:10,208 [pool-140-thread-1] INFO  server.RaftServerConfigKeys (ConfUtils.java:logGet(46)) - raft.server.threadpool.server.cached = true (default)
2023-01-26 17:38:10,208 [pool-140-thread-1] INFO  server.RaftServerConfigKeys (ConfUtils.java:logGet(46)) - raft.server.threadpool.server.size = 0 (default)
2023-01-26 17:38:10,208 [pool-140-thread-1] INFO  server.RaftServerConfigKeys (ConfUtils.java:logGet(46)) - raft.server.threadpool.client.cached = true (default)
2023-01-26 17:38:10,208 [pool-140-thread-1] INFO  server.RaftServerConfigKeys (ConfUtils.java:logGet(46)) - raft.server.threadpool.client.size = 0 (default)
2023-01-26 17:38:10,208 [pool-140-thread-1] INFO  storage.RaftStorageDirectory (RaftStorageDirectoryImpl.java:analyzeStorage(137)) - The storage directory /home/runner/work/ozone/ozone/hadoop-ozone/integration-test/target/test-dir/MiniOzoneClusterImpl-49a32a1f-b929-42a3-86b3-c5b719d90673/datanode-3/data/ratis/acbe5c84-a3fd-4d99-bb8c-86a1be7e6950 does not exist. Creating ...
2023-01-26 17:38:10,210 [pool-140-thread-1] INFO  storage.RaftStorageDirectory (RaftStorageDirectoryImpl.java:tryLock(231)) - Lock on /home/runner/work/ozone/ozone/hadoop-ozone/integration-test/target/test-dir/MiniOzoneClusterImpl-49a32a1f-b929-42a3-86b3-c5b719d90673/datanode-3/data/ratis/acbe5c84-a3fd-4d99-bb8c-86a1be7e6950/in_use.lock acquired by nodename 58484@fv-az77-38
2023-01-26 17:38:10,211 [pool-140-thread-1] INFO  storage.RaftStorage (RaftStorageImpl.java:format(96)) - Storage directory /home/runner/work/ozone/ozone/hadoop-ozone/integration-test/target/test-dir/MiniOzoneClusterImpl-49a32a1f-b929-42a3-86b3-c5b719d90673/datanode-3/data/ratis/acbe5c84-a3fd-4d99-bb8c-86a1be7e6950 has been successfully formatted.
2023-01-26 17:38:10,212 [pool-140-thread-1] INFO  ratis.ContainerStateMachine (ContainerStateMachine.java:loadSnapshot(240)) - group-86A1BE7E6950: The snapshot info is null. Setting the last applied indexto:(t:0, i:~)
2023-01-26 17:38:10,212 [pool-140-thread-1] INFO  server.RaftServerConfigKeys (ConfUtils.java:logGet(46)) - raft.server.log.use.memory = false (default)
2023-01-26 17:38:10,213 [pool-140-thread-1] INFO  server.RaftServerConfigKeys (ConfUtils.java:logGet(46)) - raft.server.log.purge.gap = 1000000 (custom)
2023-01-26 17:38:10,214 [pool-140-thread-1] INFO  server.RaftServerConfigKeys (ConfUtils.java:logGet(46)) - raft.server.log.appender.buffer.byte-limit = 33554432 (custom)
2023-01-26 17:38:10,214 [pool-140-thread-1] INFO  server.RaftServerConfigKeys (ConfUtils.java:logGet(46)) - raft.server.log.statemachine.data.read.timeout = 1000ms (default)
2023-01-26 17:38:10,215 [EventQueue-OpenPipelineForHealthyPipelineSafeModeRule] INFO  safemode.SCMSafeModeManager (HealthyPipelineSafeModeRule.java:process(137)) - SCM in safe mode. Healthy pipelines reported count is 0, required healthy pipeline reported count is 1
2023-01-26 17:38:10,218 [pool-140-thread-1] INFO  server.RaftServerConfigKeys (ConfUtils.java:logGet(46)) - raft.server.log.purge.preservation.log.num = 0 (default)
2023-01-26 17:38:10,219 [pool-140-thread-1] INFO  server.RaftServerConfigKeys (ConfUtils.java:logGet(46)) - raft.server.log.segment.size.max = 1048576 (custom)
2023-01-26 17:38:10,220 [pool-140-thread-1] INFO  server.RaftServerConfigKeys (ConfUtils.java:logGet(46)) - raft.server.log.segment.cache.num.max = 2 (custom)
2023-01-26 17:38:10,221 [pool-140-thread-1] INFO  server.RaftServerConfigKeys (ConfUtils.java:logGet(46)) - raft.server.log.segment.cache.size.max = 200MB (=209715200) (default)
2023-01-26 17:38:10,221 [pool-140-thread-1] INFO  segmented.SegmentedRaftLogWorker (SegmentedRaftLogWorker.java:<init>(189)) - new 235f2378-c7d7-4173-89ba-00e0bb2ff45d@group-86A1BE7E6950-SegmentedRaftLogWorker for RaftStorageImpl:Storage Directory /home/runner/work/ozone/ozone/hadoop-ozone/integration-test/target/test-dir/MiniOzoneClusterImpl-49a32a1f-b929-42a3-86b3-c5b719d90673/datanode-3/data/ratis/acbe5c84-a3fd-4d99-bb8c-86a1be7e6950
2023-01-26 17:38:10,221 [pool-140-thread-1] INFO  server.RaftServerConfigKeys (ConfUtils.java:logGet(46)) - raft.server.log.queue.byte-limit = 4294967296 (custom)
2023-01-26 17:38:10,221 [pool-140-thread-1] INFO  server.RaftServerConfigKeys (ConfUtils.java:logGet(46)) - raft.server.log.queue.element-limit = 1024 (custom)
2023-01-26 17:38:10,221 [pool-140-thread-1] INFO  server.RaftServerConfigKeys (ConfUtils.java:logGet(46)) - raft.server.log.segment.size.max = 1048576 (custom)
2023-01-26 17:38:10,221 [pool-140-thread-1] INFO  server.RaftServerConfigKeys (ConfUtils.java:logGet(46)) - raft.server.log.preallocated.size = 16384 (custom)
2023-01-26 17:38:10,221 [pool-140-thread-1] INFO  server.RaftServerConfigKeys (ConfUtils.java:logGet(46)) - raft.server.log.force.sync.num = 128 (default)
2023-01-26 17:38:10,221 [pool-140-thread-1] INFO  server.RaftServerConfigKeys (ConfUtils.java:logGet(46)) - raft.server.log.statemachine.data.sync = true (default)
2023-01-26 17:38:10,221 [pool-140-thread-1] INFO  server.RaftServerConfigKeys (ConfUtils.java:logGet(46)) - raft.server.log.statemachine.data.sync.timeout = 10s (default)
2023-01-26 17:38:10,221 [pool-140-thread-1] INFO  server.RaftServerConfigKeys (ConfUtils.java:logGet(46)) - raft.server.log.statemachine.data.sync.timeout.retry = -1 (default)
2023-01-26 17:38:10,222 [pool-140-thread-1] INFO  server.RaftServerConfigKeys (ConfUtils.java:logGet(46)) - raft.server.log.write.buffer.size = 1048576 (custom)
2023-01-26 17:38:10,223 [pool-140-thread-1] INFO  server.RaftServerConfigKeys (ConfUtils.java:logGet(46)) - raft.server.log.appender.buffer.byte-limit = 33554432 (custom)
2023-01-26 17:38:10,229 [pool-140-thread-1] INFO  server.RaftServerConfigKeys (ConfUtils.java:logGet(46)) - raft.server.log.unsafe-flush.enabled = false (default)
2023-01-26 17:38:10,230 [pool-140-thread-1] INFO  server.RaftServerConfigKeys (ConfUtils.java:logGet(46)) - raft.server.log.async-flush.enabled = false (default)
2023-01-26 17:38:10,230 [pool-140-thread-1] INFO  server.RaftServerConfigKeys (ConfUtils.java:logGet(46)) - raft.server.log.statemachine.data.caching.enabled = true (custom)
2023-01-26 17:38:10,230 [pool-140-thread-1] INFO  segmented.SegmentedRaftLogWorker (SegmentedRaftLogWorker.java:lambda$new$0(135)) - 235f2378-c7d7-4173-89ba-00e0bb2ff45d@group-86A1BE7E6950-SegmentedRaftLogWorker: flushIndex: setUnconditionally 0 -> -1
2023-01-26 17:38:10,230 [pool-140-thread-1] INFO  segmented.SegmentedRaftLogWorker (SegmentedRaftLogWorker.java:lambda$new$0(135)) - 235f2378-c7d7-4173-89ba-00e0bb2ff45d@group-86A1BE7E6950-SegmentedRaftLogWorker: safeCacheEvictIndex: setUnconditionally 0 -> -1
2023-01-26 17:38:10,230 [pool-140-thread-1] INFO  server.RaftServer$Division (RaftServerImpl.java:start(334)) - 235f2378-c7d7-4173-89ba-00e0bb2ff45d@group-86A1BE7E6950: start as a follower, conf=-1: peers:[235f2378-c7d7-4173-89ba-00e0bb2ff45d|rpc:10.1.0.73:41431|dataStream:10.1.0.73:43995|priority:0|startupRole:FOLLOWER, 49ad5a47-7d1f-45bf-afe9-a53f24515e29|rpc:10.1.0.73:36795|dataStream:10.1.0.73:45593|priority:1|startupRole:FOLLOWER, f066a8fd-bb24-4d50-9831-ef193da0c0d0|rpc:10.1.0.73:34671|dataStream:10.1.0.73:45771|priority:0|startupRole:FOLLOWER]|listeners:[], old=null
2023-01-26 17:38:10,230 [pool-140-thread-1] INFO  server.RaftServer$Division (RaftServerImpl.java:setRole(321)) - 235f2378-c7d7-4173-89ba-00e0bb2ff45d@group-86A1BE7E6950: changes role from      null to FOLLOWER at term 0 for startAsFollower
2023-01-26 17:38:10,230 [pool-140-thread-1] INFO  impl.RoleInfo (RoleInfo.java:updateAndGet(139)) - 235f2378-c7d7-4173-89ba-00e0bb2ff45d: start 235f2378-c7d7-4173-89ba-00e0bb2ff45d@group-86A1BE7E6950-FollowerState
2023-01-26 17:38:10,231 [235f2378-c7d7-4173-89ba-00e0bb2ff45d@group-86A1BE7E6950-FollowerState] INFO  server.RaftServerConfigKeys (ConfUtils.java:logFallback(53)) - raft.server.rpc.first-election.timeout.min = 5s (fallback to raft.server.rpc.timeout.min)
2023-01-26 17:38:10,231 [pool-140-thread-1] INFO  util.JmxRegister (JmxRegister.java:tryRegister(44)) - Successfully registered JMX Bean with object name Ratis:service=RaftServer,group=group-86A1BE7E6950,id=235f2378-c7d7-4173-89ba-00e0bb2ff45d
2023-01-26 17:38:10,232 [235f2378-c7d7-4173-89ba-00e0bb2ff45d@group-86A1BE7E6950-FollowerState] INFO  server.RaftServerConfigKeys (ConfUtils.java:logFallback(53)) - raft.server.rpc.first-election.timeout.max = 5200ms (fallback to raft.server.rpc.timeout.max)
2023-01-26 17:38:10,232 [pool-140-thread-1] INFO  server.RaftServerConfigKeys (ConfUtils.java:logGet(46)) - raft.server.snapshot.auto.trigger.enabled = true (custom)
2023-01-26 17:38:10,232 [pool-140-thread-1] INFO  server.RaftServerConfigKeys (ConfUtils.java:logGet(46)) - raft.server.snapshot.auto.trigger.threshold = 10000 (custom)
2023-01-26 17:38:10,232 [pool-140-thread-1] INFO  server.RaftServerConfigKeys (ConfUtils.java:logGet(46)) - raft.server.snapshot.retention.file.num = 5 (custom)
2023-01-26 17:38:10,233 [pool-140-thread-1] INFO  server.RaftServerConfigKeys (ConfUtils.java:logGet(46)) - raft.server.log.purge.upto.snapshot.index = false (default)
2023-01-26 17:38:10,233 [Command processor thread] INFO  ratis.XceiverServerRatis (XceiverServerRatis.java:addGroup(806)) - Created group PipelineID=acbe5c84-a3fd-4d99-bb8c-86a1be7e6950
2023-01-26 17:38:10,246 [grpc-default-executor-1] INFO  server.RaftServer (RaftServerProxy.java:addNew(96)) - f066a8fd-bb24-4d50-9831-ef193da0c0d0: addNew group-86A1BE7E6950:[235f2378-c7d7-4173-89ba-00e0bb2ff45d|rpc:10.1.0.73:41431|dataStream:10.1.0.73:43995|priority:0|startupRole:FOLLOWER, 49ad5a47-7d1f-45bf-afe9-a53f24515e29|rpc:10.1.0.73:36795|dataStream:10.1.0.73:45593|priority:1|startupRole:FOLLOWER, f066a8fd-bb24-4d50-9831-ef193da0c0d0|rpc:10.1.0.73:34671|dataStream:10.1.0.73:45771|priority:0|startupRole:FOLLOWER] returns group-86A1BE7E6950:java.util.concurrent.CompletableFuture@2fdad9fa[Not completed]
2023-01-26 17:38:10,249 [pool-163-thread-1] INFO  server.RaftServer$Division (RaftServerImpl.java:<init>(195)) - f066a8fd-bb24-4d50-9831-ef193da0c0d0: new RaftServerImpl for group-86A1BE7E6950:[235f2378-c7d7-4173-89ba-00e0bb2ff45d|rpc:10.1.0.73:41431|dataStream:10.1.0.73:43995|priority:0|startupRole:FOLLOWER, 49ad5a47-7d1f-45bf-afe9-a53f24515e29|rpc:10.1.0.73:36795|dataStream:10.1.0.73:45593|priority:1|startupRole:FOLLOWER, f066a8fd-bb24-4d50-9831-ef193da0c0d0|rpc:10.1.0.73:34671|dataStream:10.1.0.73:45771|priority:0|startupRole:FOLLOWER] with ContainerStateMachine:uninitialized
2023-01-26 17:38:10,249 [pool-163-thread-1] INFO  server.RaftServerConfigKeys (ConfUtils.java:logGet(46)) - raft.server.rpc.timeout.min = 5s (custom)
2023-01-26 17:38:10,249 [pool-163-thread-1] INFO  server.RaftServerConfigKeys (ConfUtils.java:logGet(46)) - raft.server.rpc.timeout.max = 5200ms (custom)
2023-01-26 17:38:10,249 [pool-163-thread-1] INFO  server.RaftServerConfigKeys (ConfUtils.java:logGet(46)) - raft.server.rpc.sleep.time = 25ms (default)
2023-01-26 17:38:10,249 [pool-163-thread-1] INFO  server.RaftServerConfigKeys (ConfUtils.java:logGet(46)) - raft.server.rpc.slowness.timeout = 300s (custom)
2023-01-26 17:38:10,249 [pool-163-thread-1] INFO  server.RaftServerConfigKeys (ConfUtils.java:logGet(46)) - raft.server.leaderelection.leader.step-down.wait-time = 10s (default)
2023-01-26 17:38:10,249 [pool-163-thread-1] INFO  server.RaftServerConfigKeys (ConfUtils.java:logGet(46)) - raft.server.sleep.deviation.threshold = 300ms (default)
2023-01-26 17:38:10,249 [pool-163-thread-1] INFO  server.RaftServer$Division (ServerState.java:<init>(118)) - f066a8fd-bb24-4d50-9831-ef193da0c0d0@group-86A1BE7E6950: ConfigurationManager, init=-1: peers:[235f2378-c7d7-4173-89ba-00e0bb2ff45d|rpc:10.1.0.73:41431|dataStream:10.1.0.73:43995|priority:0|startupRole:FOLLOWER, 49ad5a47-7d1f-45bf-afe9-a53f24515e29|rpc:10.1.0.73:36795|dataStream:10.1.0.73:45593|priority:1|startupRole:FOLLOWER, f066a8fd-bb24-4d50-9831-ef193da0c0d0|rpc:10.1.0.73:34671|dataStream:10.1.0.73:45771|priority:0|startupRole:FOLLOWER]|listeners:[], old=null, confs=<EMPTY_MAP>
2023-01-26 17:38:10,250 [pool-163-thread-1] INFO  server.RaftServerConfigKeys (ConfUtils.java:logGet(46)) - raft.server.storage.dir = [/home/runner/work/ozone/ozone/hadoop-ozone/integration-test/target/test-dir/MiniOzoneClusterImpl-49a32a1f-b929-42a3-86b3-c5b719d90673/datanode-4/data/ratis] (custom)
2023-01-26 17:38:10,250 [pool-163-thread-1] INFO  server.RaftServerConfigKeys (ConfUtils.java:logGet(46)) - raft.server.log.corruption.policy = EXCEPTION (default)
2023-01-26 17:38:10,250 [pool-163-thread-1] INFO  server.RaftServerConfigKeys (ConfUtils.java:logGet(46)) - raft.server.storage.free-space.min = 0MB (=0) (default)
2023-01-26 17:38:10,250 [pool-163-thread-1] INFO  server.RaftServerConfigKeys (ConfUtils.java:logGet(46)) - raft.server.notification.no-leader.timeout = 300s (custom)
2023-01-26 17:38:10,250 [pool-163-thread-1] INFO  server.RaftServerConfigKeys (ConfUtils.java:logGet(46)) - raft.server.retrycache.expirytime = 600000ms (custom)
2023-01-26 17:38:10,250 [pool-163-thread-1] INFO  server.RaftServerConfigKeys (ConfUtils.java:logGet(46)) - raft.server.retrycache.statistics.expirytime = 100μs (default)
2023-01-26 17:38:10,257 [pool-163-thread-1] INFO  server.RaftServerConfigKeys (ConfUtils.java:logGet(46)) - raft.server.log.appender.install.snapshot.enabled = false (custom)
2023-01-26 17:38:10,257 [pool-163-thread-1] INFO  server.RaftServerConfigKeys (ConfUtils.java:logGet(46)) - raft.server.threadpool.server.cached = true (default)
2023-01-26 17:38:10,257 [pool-163-thread-1] INFO  server.RaftServerConfigKeys (ConfUtils.java:logGet(46)) - raft.server.threadpool.server.size = 0 (default)
2023-01-26 17:38:10,257 [pool-163-thread-1] INFO  server.RaftServerConfigKeys (ConfUtils.java:logGet(46)) - raft.server.threadpool.client.cached = true (default)
2023-01-26 17:38:10,257 [pool-163-thread-1] INFO  server.RaftServerConfigKeys (ConfUtils.java:logGet(46)) - raft.server.threadpool.client.size = 0 (default)
2023-01-26 17:38:10,257 [pool-163-thread-1] INFO  storage.RaftStorageDirectory (RaftStorageDirectoryImpl.java:analyzeStorage(137)) - The storage directory /home/runner/work/ozone/ozone/hadoop-ozone/integration-test/target/test-dir/MiniOzoneClusterImpl-49a32a1f-b929-42a3-86b3-c5b719d90673/datanode-4/data/ratis/acbe5c84-a3fd-4d99-bb8c-86a1be7e6950 does not exist. Creating ...
2023-01-26 17:38:10,258 [pool-163-thread-1] INFO  storage.RaftStorageDirectory (RaftStorageDirectoryImpl.java:tryLock(231)) - Lock on /home/runner/work/ozone/ozone/hadoop-ozone/integration-test/target/test-dir/MiniOzoneClusterImpl-49a32a1f-b929-42a3-86b3-c5b719d90673/datanode-4/data/ratis/acbe5c84-a3fd-4d99-bb8c-86a1be7e6950/in_use.lock acquired by nodename 58484@fv-az77-38
2023-01-26 17:38:10,260 [pool-163-thread-1] INFO  storage.RaftStorage (RaftStorageImpl.java:format(96)) - Storage directory /home/runner/work/ozone/ozone/hadoop-ozone/integration-test/target/test-dir/MiniOzoneClusterImpl-49a32a1f-b929-42a3-86b3-c5b719d90673/datanode-4/data/ratis/acbe5c84-a3fd-4d99-bb8c-86a1be7e6950 has been successfully formatted.
2023-01-26 17:38:10,261 [Listener at 127.0.0.1/41041] INFO  ozone.MiniOzoneClusterImpl (MiniOzoneClusterImpl.java:lambda$waitForClusterToBeReady$0(218)) - Nodes are ready. Got 7 of 7 DN Heartbeats.
2023-01-26 17:38:10,262 [Listener at 127.0.0.1/41041] INFO  ozone.MiniOzoneClusterImpl (MiniOzoneClusterImpl.java:lambda$waitForClusterToBeReady$0(221)) - Waiting for cluster to exit safe mode
2023-01-26 17:38:10,262 [Listener at 127.0.0.1/41041] INFO  ozone.MiniOzoneClusterImpl (MiniOzoneClusterImpl.java:lambda$waitForClusterToBeReady$0(223)) - SCM became leader
2023-01-26 17:38:10,262 [pool-163-thread-1] INFO  ratis.ContainerStateMachine (ContainerStateMachine.java:loadSnapshot(240)) - group-86A1BE7E6950: The snapshot info is null. Setting the last applied indexto:(t:0, i:~)
2023-01-26 17:38:10,266 [pool-163-thread-1] INFO  server.RaftServerConfigKeys (ConfUtils.java:logGet(46)) - raft.server.log.use.memory = false (default)
2023-01-26 17:38:10,266 [pool-163-thread-1] INFO  server.RaftServerConfigKeys (ConfUtils.java:logGet(46)) - raft.server.log.purge.gap = 1000000 (custom)
2023-01-26 17:38:10,266 [pool-163-thread-1] INFO  server.RaftServerConfigKeys (ConfUtils.java:logGet(46)) - raft.server.log.appender.buffer.byte-limit = 33554432 (custom)
2023-01-26 17:38:10,266 [pool-163-thread-1] INFO  server.RaftServerConfigKeys (ConfUtils.java:logGet(46)) - raft.server.log.statemachine.data.read.timeout = 1000ms (default)
2023-01-26 17:38:10,266 [pool-163-thread-1] INFO  server.RaftServerConfigKeys (ConfUtils.java:logGet(46)) - raft.server.log.purge.preservation.log.num = 0 (default)
2023-01-26 17:38:10,266 [pool-163-thread-1] INFO  server.RaftServerConfigKeys (ConfUtils.java:logGet(46)) - raft.server.log.segment.size.max = 1048576 (custom)
2023-01-26 17:38:10,271 [pool-163-thread-1] INFO  server.RaftServerConfigKeys (ConfUtils.java:logGet(46)) - raft.server.log.segment.cache.num.max = 2 (custom)
2023-01-26 17:38:10,271 [pool-163-thread-1] INFO  server.RaftServerConfigKeys (ConfUtils.java:logGet(46)) - raft.server.log.segment.cache.size.max = 200MB (=209715200) (default)
2023-01-26 17:38:10,271 [pool-163-thread-1] INFO  segmented.SegmentedRaftLogWorker (SegmentedRaftLogWorker.java:<init>(189)) - new f066a8fd-bb24-4d50-9831-ef193da0c0d0@group-86A1BE7E6950-SegmentedRaftLogWorker for RaftStorageImpl:Storage Directory /home/runner/work/ozone/ozone/hadoop-ozone/integration-test/target/test-dir/MiniOzoneClusterImpl-49a32a1f-b929-42a3-86b3-c5b719d90673/datanode-4/data/ratis/acbe5c84-a3fd-4d99-bb8c-86a1be7e6950
2023-01-26 17:38:10,271 [pool-163-thread-1] INFO  server.RaftServerConfigKeys (ConfUtils.java:logGet(46)) - raft.server.log.queue.byte-limit = 4294967296 (custom)
2023-01-26 17:38:10,271 [pool-163-thread-1] INFO  server.RaftServerConfigKeys (ConfUtils.java:logGet(46)) - raft.server.log.queue.element-limit = 1024 (custom)
2023-01-26 17:38:10,271 [pool-163-thread-1] INFO  server.RaftServerConfigKeys (ConfUtils.java:logGet(46)) - raft.server.log.segment.size.max = 1048576 (custom)
2023-01-26 17:38:10,271 [pool-163-thread-1] INFO  server.RaftServerConfigKeys (ConfUtils.java:logGet(46)) - raft.server.log.preallocated.size = 16384 (custom)
2023-01-26 17:38:10,271 [pool-163-thread-1] INFO  server.RaftServerConfigKeys (ConfUtils.java:logGet(46)) - raft.server.log.force.sync.num = 128 (default)
2023-01-26 17:38:10,271 [pool-163-thread-1] INFO  server.RaftServerConfigKeys (ConfUtils.java:logGet(46)) - raft.server.log.statemachine.data.sync = true (default)
2023-01-26 17:38:10,271 [pool-163-thread-1] INFO  server.RaftServerConfigKeys (ConfUtils.java:logGet(46)) - raft.server.log.statemachine.data.sync.timeout = 10s (default)
2023-01-26 17:38:10,271 [pool-163-thread-1] INFO  server.RaftServerConfigKeys (ConfUtils.java:logGet(46)) - raft.server.log.statemachine.data.sync.timeout.retry = -1 (default)
2023-01-26 17:38:10,272 [pool-163-thread-1] INFO  server.RaftServerConfigKeys (ConfUtils.java:logGet(46)) - raft.server.log.write.buffer.size = 1048576 (custom)
2023-01-26 17:38:10,273 [pool-163-thread-1] INFO  server.RaftServerConfigKeys (ConfUtils.java:logGet(46)) - raft.server.log.appender.buffer.byte-limit = 33554432 (custom)
2023-01-26 17:38:10,278 [pool-163-thread-1] INFO  server.RaftServerConfigKeys (ConfUtils.java:logGet(46)) - raft.server.log.unsafe-flush.enabled = false (default)
2023-01-26 17:38:10,278 [pool-163-thread-1] INFO  server.RaftServerConfigKeys (ConfUtils.java:logGet(46)) - raft.server.log.async-flush.enabled = false (default)
2023-01-26 17:38:10,278 [pool-163-thread-1] INFO  server.RaftServerConfigKeys (ConfUtils.java:logGet(46)) - raft.server.log.statemachine.data.caching.enabled = true (custom)
2023-01-26 17:38:10,278 [pool-163-thread-1] INFO  segmented.SegmentedRaftLogWorker (SegmentedRaftLogWorker.java:lambda$new$0(135)) - f066a8fd-bb24-4d50-9831-ef193da0c0d0@group-86A1BE7E6950-SegmentedRaftLogWorker: flushIndex: setUnconditionally 0 -> -1
2023-01-26 17:38:10,278 [pool-163-thread-1] INFO  segmented.SegmentedRaftLogWorker (SegmentedRaftLogWorker.java:lambda$new$0(135)) - f066a8fd-bb24-4d50-9831-ef193da0c0d0@group-86A1BE7E6950-SegmentedRaftLogWorker: safeCacheEvictIndex: setUnconditionally 0 -> -1
2023-01-26 17:38:10,278 [pool-163-thread-1] INFO  server.RaftServer$Division (RaftServerImpl.java:start(334)) - f066a8fd-bb24-4d50-9831-ef193da0c0d0@group-86A1BE7E6950: start as a follower, conf=-1: peers:[235f2378-c7d7-4173-89ba-00e0bb2ff45d|rpc:10.1.0.73:41431|dataStream:10.1.0.73:43995|priority:0|startupRole:FOLLOWER, 49ad5a47-7d1f-45bf-afe9-a53f24515e29|rpc:10.1.0.73:36795|dataStream:10.1.0.73:45593|priority:1|startupRole:FOLLOWER, f066a8fd-bb24-4d50-9831-ef193da0c0d0|rpc:10.1.0.73:34671|dataStream:10.1.0.73:45771|priority:0|startupRole:FOLLOWER]|listeners:[], old=null
2023-01-26 17:38:10,278 [pool-163-thread-1] INFO  server.RaftServer$Division (RaftServerImpl.java:setRole(321)) - f066a8fd-bb24-4d50-9831-ef193da0c0d0@group-86A1BE7E6950: changes role from      null to FOLLOWER at term 0 for startAsFollower
2023-01-26 17:38:10,278 [pool-163-thread-1] INFO  impl.RoleInfo (RoleInfo.java:updateAndGet(139)) - f066a8fd-bb24-4d50-9831-ef193da0c0d0: start f066a8fd-bb24-4d50-9831-ef193da0c0d0@group-86A1BE7E6950-FollowerState
2023-01-26 17:38:10,279 [pool-163-thread-1] INFO  util.JmxRegister (JmxRegister.java:tryRegister(44)) - Successfully registered JMX Bean with object name Ratis:service=RaftServer,group=group-86A1BE7E6950,id=f066a8fd-bb24-4d50-9831-ef193da0c0d0
2023-01-26 17:38:10,279 [pool-163-thread-1] INFO  server.RaftServerConfigKeys (ConfUtils.java:logGet(46)) - raft.server.snapshot.auto.trigger.enabled = true (custom)
2023-01-26 17:38:10,279 [pool-163-thread-1] INFO  server.RaftServerConfigKeys (ConfUtils.java:logGet(46)) - raft.server.snapshot.auto.trigger.threshold = 10000 (custom)
2023-01-26 17:38:10,279 [pool-163-thread-1] INFO  server.RaftServerConfigKeys (ConfUtils.java:logGet(46)) - raft.server.snapshot.retention.file.num = 5 (custom)
2023-01-26 17:38:10,279 [pool-163-thread-1] INFO  server.RaftServerConfigKeys (ConfUtils.java:logGet(46)) - raft.server.log.purge.upto.snapshot.index = false (default)
2023-01-26 17:38:10,280 [f066a8fd-bb24-4d50-9831-ef193da0c0d0@group-86A1BE7E6950-FollowerState] INFO  server.RaftServerConfigKeys (ConfUtils.java:logFallback(53)) - raft.server.rpc.first-election.timeout.min = 5s (fallback to raft.server.rpc.timeout.min)
2023-01-26 17:38:10,285 [f066a8fd-bb24-4d50-9831-ef193da0c0d0@group-86A1BE7E6950-FollowerState] INFO  server.RaftServerConfigKeys (ConfUtils.java:logFallback(53)) - raft.server.rpc.first-election.timeout.max = 5200ms (fallback to raft.server.rpc.timeout.max)
2023-01-26 17:38:10,304 [grpc-default-executor-1] INFO  server.RaftServer (RaftServerProxy.java:addNew(96)) - 49ad5a47-7d1f-45bf-afe9-a53f24515e29: addNew group-86A1BE7E6950:[235f2378-c7d7-4173-89ba-00e0bb2ff45d|rpc:10.1.0.73:41431|dataStream:10.1.0.73:43995|priority:0|startupRole:FOLLOWER, 49ad5a47-7d1f-45bf-afe9-a53f24515e29|rpc:10.1.0.73:36795|dataStream:10.1.0.73:45593|priority:1|startupRole:FOLLOWER, f066a8fd-bb24-4d50-9831-ef193da0c0d0|rpc:10.1.0.73:34671|dataStream:10.1.0.73:45771|priority:0|startupRole:FOLLOWER] returns group-86A1BE7E6950:java.util.concurrent.CompletableFuture@4c7da2f6[Not completed]
2023-01-26 17:38:10,308 [pool-186-thread-1] INFO  server.RaftServer$Division (RaftServerImpl.java:<init>(195)) - 49ad5a47-7d1f-45bf-afe9-a53f24515e29: new RaftServerImpl for group-86A1BE7E6950:[235f2378-c7d7-4173-89ba-00e0bb2ff45d|rpc:10.1.0.73:41431|dataStream:10.1.0.73:43995|priority:0|startupRole:FOLLOWER, 49ad5a47-7d1f-45bf-afe9-a53f24515e29|rpc:10.1.0.73:36795|dataStream:10.1.0.73:45593|priority:1|startupRole:FOLLOWER, f066a8fd-bb24-4d50-9831-ef193da0c0d0|rpc:10.1.0.73:34671|dataStream:10.1.0.73:45771|priority:0|startupRole:FOLLOWER] with ContainerStateMachine:uninitialized
2023-01-26 17:38:10,308 [pool-186-thread-1] INFO  server.RaftServerConfigKeys (ConfUtils.java:logGet(46)) - raft.server.rpc.timeout.min = 5s (custom)
2023-01-26 17:38:10,308 [pool-186-thread-1] INFO  server.RaftServerConfigKeys (ConfUtils.java:logGet(46)) - raft.server.rpc.timeout.max = 5200ms (custom)
2023-01-26 17:38:10,308 [pool-186-thread-1] INFO  server.RaftServerConfigKeys (ConfUtils.java:logGet(46)) - raft.server.rpc.sleep.time = 25ms (default)
2023-01-26 17:38:10,308 [pool-186-thread-1] INFO  server.RaftServerConfigKeys (ConfUtils.java:logGet(46)) - raft.server.rpc.slowness.timeout = 300s (custom)
2023-01-26 17:38:10,308 [pool-186-thread-1] INFO  server.RaftServerConfigKeys (ConfUtils.java:logGet(46)) - raft.server.leaderelection.leader.step-down.wait-time = 10s (default)
2023-01-26 17:38:10,308 [pool-186-thread-1] INFO  server.RaftServerConfigKeys (ConfUtils.java:logGet(46)) - raft.server.sleep.deviation.threshold = 300ms (default)
2023-01-26 17:38:10,308 [pool-186-thread-1] INFO  server.RaftServer$Division (ServerState.java:<init>(118)) - 49ad5a47-7d1f-45bf-afe9-a53f24515e29@group-86A1BE7E6950: ConfigurationManager, init=-1: peers:[235f2378-c7d7-4173-89ba-00e0bb2ff45d|rpc:10.1.0.73:41431|dataStream:10.1.0.73:43995|priority:0|startupRole:FOLLOWER, 49ad5a47-7d1f-45bf-afe9-a53f24515e29|rpc:10.1.0.73:36795|dataStream:10.1.0.73:45593|priority:1|startupRole:FOLLOWER, f066a8fd-bb24-4d50-9831-ef193da0c0d0|rpc:10.1.0.73:34671|dataStream:10.1.0.73:45771|priority:0|startupRole:FOLLOWER]|listeners:[], old=null, confs=<EMPTY_MAP>
2023-01-26 17:38:10,308 [pool-186-thread-1] INFO  server.RaftServerConfigKeys (ConfUtils.java:logGet(46)) - raft.server.storage.dir = [/home/runner/work/ozone/ozone/hadoop-ozone/integration-test/target/test-dir/MiniOzoneClusterImpl-49a32a1f-b929-42a3-86b3-c5b719d90673/datanode-5/data/ratis] (custom)
2023-01-26 17:38:10,308 [pool-186-thread-1] INFO  server.RaftServerConfigKeys (ConfUtils.java:logGet(46)) - raft.server.log.corruption.policy = EXCEPTION (default)
2023-01-26 17:38:10,308 [pool-186-thread-1] INFO  server.RaftServerConfigKeys (ConfUtils.java:logGet(46)) - raft.server.storage.free-space.min = 0MB (=0) (default)
2023-01-26 17:38:10,309 [pool-186-thread-1] INFO  server.RaftServerConfigKeys (ConfUtils.java:logGet(46)) - raft.server.notification.no-leader.timeout = 300s (custom)
2023-01-26 17:38:10,309 [pool-186-thread-1] INFO  server.RaftServerConfigKeys (ConfUtils.java:logGet(46)) - raft.server.retrycache.expirytime = 600000ms (custom)
2023-01-26 17:38:10,309 [pool-186-thread-1] INFO  server.RaftServerConfigKeys (ConfUtils.java:logGet(46)) - raft.server.retrycache.statistics.expirytime = 100μs (default)
2023-01-26 17:38:10,313 [pool-186-thread-1] INFO  server.RaftServerConfigKeys (ConfUtils.java:logGet(46)) - raft.server.log.appender.install.snapshot.enabled = false (custom)
2023-01-26 17:38:10,313 [pool-186-thread-1] INFO  server.RaftServerConfigKeys (ConfUtils.java:logGet(46)) - raft.server.threadpool.server.cached = true (default)
2023-01-26 17:38:10,313 [pool-186-thread-1] INFO  server.RaftServerConfigKeys (ConfUtils.java:logGet(46)) - raft.server.threadpool.server.size = 0 (default)
2023-01-26 17:38:10,313 [pool-186-thread-1] INFO  server.RaftServerConfigKeys (ConfUtils.java:logGet(46)) - raft.server.threadpool.client.cached = true (default)
2023-01-26 17:38:10,313 [pool-186-thread-1] INFO  server.RaftServerConfigKeys (ConfUtils.java:logGet(46)) - raft.server.threadpool.client.size = 0 (default)
2023-01-26 17:38:10,315 [pool-186-thread-1] INFO  storage.RaftStorageDirectory (RaftStorageDirectoryImpl.java:analyzeStorage(137)) - The storage directory /home/runner/work/ozone/ozone/hadoop-ozone/integration-test/target/test-dir/MiniOzoneClusterImpl-49a32a1f-b929-42a3-86b3-c5b719d90673/datanode-5/data/ratis/acbe5c84-a3fd-4d99-bb8c-86a1be7e6950 does not exist. Creating ...
2023-01-26 17:38:10,316 [pool-186-thread-1] INFO  storage.RaftStorageDirectory (RaftStorageDirectoryImpl.java:tryLock(231)) - Lock on /home/runner/work/ozone/ozone/hadoop-ozone/integration-test/target/test-dir/MiniOzoneClusterImpl-49a32a1f-b929-42a3-86b3-c5b719d90673/datanode-5/data/ratis/acbe5c84-a3fd-4d99-bb8c-86a1be7e6950/in_use.lock acquired by nodename 58484@fv-az77-38
2023-01-26 17:38:10,317 [pool-186-thread-1] INFO  storage.RaftStorage (RaftStorageImpl.java:format(96)) - Storage directory /home/runner/work/ozone/ozone/hadoop-ozone/integration-test/target/test-dir/MiniOzoneClusterImpl-49a32a1f-b929-42a3-86b3-c5b719d90673/datanode-5/data/ratis/acbe5c84-a3fd-4d99-bb8c-86a1be7e6950 has been successfully formatted.
2023-01-26 17:38:10,319 [pool-186-thread-1] INFO  ratis.ContainerStateMachine (ContainerStateMachine.java:loadSnapshot(240)) - group-86A1BE7E6950: The snapshot info is null. Setting the last applied indexto:(t:0, i:~)
2023-01-26 17:38:10,320 [pool-186-thread-1] INFO  server.RaftServerConfigKeys (ConfUtils.java:logGet(46)) - raft.server.log.use.memory = false (default)
2023-01-26 17:38:10,320 [pool-186-thread-1] INFO  server.RaftServerConfigKeys (ConfUtils.java:logGet(46)) - raft.server.log.purge.gap = 1000000 (custom)
2023-01-26 17:38:10,320 [pool-186-thread-1] INFO  server.RaftServerConfigKeys (ConfUtils.java:logGet(46)) - raft.server.log.appender.buffer.byte-limit = 33554432 (custom)
2023-01-26 17:38:10,320 [pool-186-thread-1] INFO  server.RaftServerConfigKeys (ConfUtils.java:logGet(46)) - raft.server.log.statemachine.data.read.timeout = 1000ms (default)
2023-01-26 17:38:10,320 [pool-186-thread-1] INFO  server.RaftServerConfigKeys (ConfUtils.java:logGet(46)) - raft.server.log.purge.preservation.log.num = 0 (default)
2023-01-26 17:38:10,320 [pool-186-thread-1] INFO  server.RaftServerConfigKeys (ConfUtils.java:logGet(46)) - raft.server.log.segment.size.max = 1048576 (custom)
2023-01-26 17:38:10,321 [pool-186-thread-1] INFO  server.RaftServerConfigKeys (ConfUtils.java:logGet(46)) - raft.server.log.segment.cache.num.max = 2 (custom)
2023-01-26 17:38:10,321 [pool-186-thread-1] INFO  server.RaftServerConfigKeys (ConfUtils.java:logGet(46)) - raft.server.log.segment.cache.size.max = 200MB (=209715200) (default)
2023-01-26 17:38:10,321 [pool-186-thread-1] INFO  segmented.SegmentedRaftLogWorker (SegmentedRaftLogWorker.java:<init>(189)) - new 49ad5a47-7d1f-45bf-afe9-a53f24515e29@group-86A1BE7E6950-SegmentedRaftLogWorker for RaftStorageImpl:Storage Directory /home/runner/work/ozone/ozone/hadoop-ozone/integration-test/target/test-dir/MiniOzoneClusterImpl-49a32a1f-b929-42a3-86b3-c5b719d90673/datanode-5/data/ratis/acbe5c84-a3fd-4d99-bb8c-86a1be7e6950
2023-01-26 17:38:10,321 [pool-186-thread-1] INFO  server.RaftServerConfigKeys (ConfUtils.java:logGet(46)) - raft.server.log.queue.byte-limit = 4294967296 (custom)
2023-01-26 17:38:10,321 [pool-186-thread-1] INFO  server.RaftServerConfigKeys (ConfUtils.java:logGet(46)) - raft.server.log.queue.element-limit = 1024 (custom)
2023-01-26 17:38:10,321 [pool-186-thread-1] INFO  server.RaftServerConfigKeys (ConfUtils.java:logGet(46)) - raft.server.log.segment.size.max = 1048576 (custom)
2023-01-26 17:38:10,321 [pool-186-thread-1] INFO  server.RaftServerConfigKeys (ConfUtils.java:logGet(46)) - raft.server.log.preallocated.size = 16384 (custom)
2023-01-26 17:38:10,321 [pool-186-thread-1] INFO  server.RaftServerConfigKeys (ConfUtils.java:logGet(46)) - raft.server.log.force.sync.num = 128 (default)
2023-01-26 17:38:10,322 [pool-186-thread-1] INFO  server.RaftServerConfigKeys (ConfUtils.java:logGet(46)) - raft.server.log.statemachine.data.sync = true (default)
2023-01-26 17:38:10,322 [pool-186-thread-1] INFO  server.RaftServerConfigKeys (ConfUtils.java:logGet(46)) - raft.server.log.statemachine.data.sync.timeout = 10s (default)
2023-01-26 17:38:10,322 [pool-186-thread-1] INFO  server.RaftServerConfigKeys (ConfUtils.java:logGet(46)) - raft.server.log.statemachine.data.sync.timeout.retry = -1 (default)
2023-01-26 17:38:10,322 [pool-186-thread-1] INFO  server.RaftServerConfigKeys (ConfUtils.java:logGet(46)) - raft.server.log.write.buffer.size = 1048576 (custom)
2023-01-26 17:38:10,323 [pool-186-thread-1] INFO  server.RaftServerConfigKeys (ConfUtils.java:logGet(46)) - raft.server.log.appender.buffer.byte-limit = 33554432 (custom)
2023-01-26 17:38:10,677 [JvmPauseMonitor3] WARN  util.JvmPauseMonitor (JvmPauseMonitor.java:detectPause(126)) - JvmPauseMonitor-7c3d527d-806d-4f2b-9b01-1e1a412c2b01: Detected pause in JVM or host machine (eg GC): pause of approximately 305657995ns.
GC pool 'PS MarkSweep' had collection(s): count=1 time=254ms
GC pool 'PS Scavenge' had collection(s): count=1 time=89ms
2023-01-26 17:38:10,679 [Command processor thread] INFO  server.RaftServer (RaftServerProxy.java:addNew(96)) - f066a8fd-bb24-4d50-9831-ef193da0c0d0: addNew group-F8E7380258FD:[f066a8fd-bb24-4d50-9831-ef193da0c0d0|rpc:10.1.0.73:34671|dataStream:10.1.0.73:45771|priority:1|startupRole:FOLLOWER] returns group-F8E7380258FD:java.util.concurrent.CompletableFuture@521a2523[Not completed]
2023-01-26 17:38:10,681 [pool-163-thread-1] INFO  server.RaftServer$Division (RaftServerImpl.java:<init>(195)) - f066a8fd-bb24-4d50-9831-ef193da0c0d0: new RaftServerImpl for group-F8E7380258FD:[f066a8fd-bb24-4d50-9831-ef193da0c0d0|rpc:10.1.0.73:34671|dataStream:10.1.0.73:45771|priority:1|startupRole:FOLLOWER] with ContainerStateMachine:uninitialized
2023-01-26 17:38:10,681 [pool-163-thread-1] INFO  server.RaftServerConfigKeys (ConfUtils.java:logGet(46)) - raft.server.rpc.timeout.min = 5s (custom)
2023-01-26 17:38:10,682 [pool-163-thread-1] INFO  server.RaftServerConfigKeys (ConfUtils.java:logGet(46)) - raft.server.rpc.timeout.max = 5200ms (custom)
2023-01-26 17:38:10,682 [pool-163-thread-1] INFO  server.RaftServerConfigKeys (ConfUtils.java:logGet(46)) - raft.server.rpc.sleep.time = 25ms (default)
2023-01-26 17:38:10,682 [pool-163-thread-1] INFO  server.RaftServerConfigKeys (ConfUtils.java:logGet(46)) - raft.server.rpc.slowness.timeout = 300s (custom)
2023-01-26 17:38:10,682 [pool-163-thread-1] INFO  server.RaftServerConfigKeys (ConfUtils.java:logGet(46)) - raft.server.leaderelection.leader.step-down.wait-time = 10s (default)
2023-01-26 17:38:10,682 [pool-163-thread-1] INFO  server.RaftServerConfigKeys (ConfUtils.java:logGet(46)) - raft.server.sleep.deviation.threshold = 300ms (default)
2023-01-26 17:38:10,682 [pool-163-thread-1] INFO  server.RaftServer$Division (ServerState.java:<init>(118)) - f066a8fd-bb24-4d50-9831-ef193da0c0d0@group-F8E7380258FD: ConfigurationManager, init=-1: peers:[f066a8fd-bb24-4d50-9831-ef193da0c0d0|rpc:10.1.0.73:34671|dataStream:10.1.0.73:45771|priority:1|startupRole:FOLLOWER]|listeners:[], old=null, confs=<EMPTY_MAP>
2023-01-26 17:38:10,682 [pool-163-thread-1] INFO  server.RaftServerConfigKeys (ConfUtils.java:logGet(46)) - raft.server.storage.dir = [/home/runner/work/ozone/ozone/hadoop-ozone/integration-test/target/test-dir/MiniOzoneClusterImpl-49a32a1f-b929-42a3-86b3-c5b719d90673/datanode-4/data/ratis] (custom)
2023-01-26 17:38:10,682 [pool-163-thread-1] INFO  server.RaftServerConfigKeys (ConfUtils.java:logGet(46)) - raft.server.log.corruption.policy = EXCEPTION (default)
2023-01-26 17:38:10,682 [pool-163-thread-1] INFO  server.RaftServerConfigKeys (ConfUtils.java:logGet(46)) - raft.server.storage.free-space.min = 0MB (=0) (default)
2023-01-26 17:38:10,682 [pool-163-thread-1] INFO  server.RaftServerConfigKeys (ConfUtils.java:logGet(46)) - raft.server.notification.no-leader.timeout = 300s (custom)
2023-01-26 17:38:10,682 [pool-163-thread-1] INFO  server.RaftServerConfigKeys (ConfUtils.java:logGet(46)) - raft.server.retrycache.expirytime = 600000ms (custom)
2023-01-26 17:38:10,682 [pool-163-thread-1] INFO  server.RaftServerConfigKeys (ConfUtils.java:logGet(46)) - raft.server.retrycache.statistics.expirytime = 100μs (default)
2023-01-26 17:38:10,683 [pool-163-thread-1] INFO  server.RaftServerConfigKeys (ConfUtils.java:logGet(46)) - raft.server.log.appender.install.snapshot.enabled = false (custom)
2023-01-26 17:38:10,683 [pool-163-thread-1] INFO  server.RaftServerConfigKeys (ConfUtils.java:logGet(46)) - raft.server.threadpool.server.cached = true (default)
2023-01-26 17:38:10,684 [pool-163-thread-1] INFO  server.RaftServerConfigKeys (ConfUtils.java:logGet(46)) - raft.server.threadpool.server.size = 0 (default)
2023-01-26 17:38:10,684 [pool-163-thread-1] INFO  server.RaftServerConfigKeys (ConfUtils.java:logGet(46)) - raft.server.threadpool.client.cached = true (default)
2023-01-26 17:38:10,684 [pool-163-thread-1] INFO  server.RaftServerConfigKeys (ConfUtils.java:logGet(46)) - raft.server.threadpool.client.size = 0 (default)
2023-01-26 17:38:10,684 [pool-163-thread-1] INFO  storage.RaftStorageDirectory (RaftStorageDirectoryImpl.java:analyzeStorage(137)) - The storage directory /home/runner/work/ozone/ozone/hadoop-ozone/integration-test/target/test-dir/MiniOzoneClusterImpl-49a32a1f-b929-42a3-86b3-c5b719d90673/datanode-4/data/ratis/1c6d9c67-0eff-4141-9e30-f8e7380258fd does not exist. Creating ...
2023-01-26 17:38:10,684 [JvmPauseMonitor6] WARN  util.JvmPauseMonitor (JvmPauseMonitor.java:detectPause(126)) - JvmPauseMonitor-49ad5a47-7d1f-45bf-afe9-a53f24515e29: Detected pause in JVM or host machine (eg GC): pause of approximately 319304372ns.
GC pool 'PS MarkSweep' had collection(s): count=1 time=254ms
GC pool 'PS Scavenge' had collection(s): count=1 time=89ms
2023-01-26 17:38:10,687 [pool-163-thread-1] INFO  storage.RaftStorageDirectory (RaftStorageDirectoryImpl.java:tryLock(231)) - Lock on /home/runner/work/ozone/ozone/hadoop-ozone/integration-test/target/test-dir/MiniOzoneClusterImpl-49a32a1f-b929-42a3-86b3-c5b719d90673/datanode-4/data/ratis/1c6d9c67-0eff-4141-9e30-f8e7380258fd/in_use.lock acquired by nodename 58484@fv-az77-38
2023-01-26 17:38:10,684 [pool-186-thread-1] INFO  server.RaftServerConfigKeys (ConfUtils.java:logGet(46)) - raft.server.log.unsafe-flush.enabled = false (default)
2023-01-26 17:38:10,689 [pool-186-thread-1] INFO  server.RaftServerConfigKeys (ConfUtils.java:logGet(46)) - raft.server.log.async-flush.enabled = false (default)
2023-01-26 17:38:10,689 [pool-186-thread-1] INFO  server.RaftServerConfigKeys (ConfUtils.java:logGet(46)) - raft.server.log.statemachine.data.caching.enabled = true (custom)
2023-01-26 17:38:10,689 [pool-163-thread-1] INFO  storage.RaftStorage (RaftStorageImpl.java:format(96)) - Storage directory /home/runner/work/ozone/ozone/hadoop-ozone/integration-test/target/test-dir/MiniOzoneClusterImpl-49a32a1f-b929-42a3-86b3-c5b719d90673/datanode-4/data/ratis/1c6d9c67-0eff-4141-9e30-f8e7380258fd has been successfully formatted.
2023-01-26 17:38:10,690 [pool-163-thread-1] INFO  ratis.ContainerStateMachine (ContainerStateMachine.java:loadSnapshot(240)) - group-F8E7380258FD: The snapshot info is null. Setting the last applied indexto:(t:0, i:~)
2023-01-26 17:38:10,690 [pool-163-thread-1] INFO  server.RaftServerConfigKeys (ConfUtils.java:logGet(46)) - raft.server.log.use.memory = false (default)
2023-01-26 17:38:10,690 [pool-163-thread-1] INFO  server.RaftServerConfigKeys (ConfUtils.java:logGet(46)) - raft.server.log.purge.gap = 1000000 (custom)
2023-01-26 17:38:10,690 [pool-163-thread-1] INFO  server.RaftServerConfigKeys (ConfUtils.java:logGet(46)) - raft.server.log.appender.buffer.byte-limit = 33554432 (custom)
2023-01-26 17:38:10,690 [pool-163-thread-1] INFO  server.RaftServerConfigKeys (ConfUtils.java:logGet(46)) - raft.server.log.statemachine.data.read.timeout = 1000ms (default)
2023-01-26 17:38:10,690 [pool-163-thread-1] INFO  server.RaftServerConfigKeys (ConfUtils.java:logGet(46)) - raft.server.log.purge.preservation.log.num = 0 (default)
2023-01-26 17:38:10,690 [pool-163-thread-1] INFO  server.RaftServerConfigKeys (ConfUtils.java:logGet(46)) - raft.server.log.segment.size.max = 1048576 (custom)
2023-01-26 17:38:10,691 [pool-186-thread-1] INFO  segmented.SegmentedRaftLogWorker (SegmentedRaftLogWorker.java:lambda$new$0(135)) - 49ad5a47-7d1f-45bf-afe9-a53f24515e29@group-86A1BE7E6950-SegmentedRaftLogWorker: flushIndex: setUnconditionally 0 -> -1
2023-01-26 17:38:10,692 [pool-186-thread-1] INFO  segmented.SegmentedRaftLogWorker (SegmentedRaftLogWorker.java:lambda$new$0(135)) - 49ad5a47-7d1f-45bf-afe9-a53f24515e29@group-86A1BE7E6950-SegmentedRaftLogWorker: safeCacheEvictIndex: setUnconditionally 0 -> -1
2023-01-26 17:38:10,692 [pool-163-thread-1] INFO  server.RaftServerConfigKeys (ConfUtils.java:logGet(46)) - raft.server.log.segment.cache.num.max = 2 (custom)
2023-01-26 17:38:10,692 [pool-163-thread-1] INFO  server.RaftServerConfigKeys (ConfUtils.java:logGet(46)) - raft.server.log.segment.cache.size.max = 200MB (=209715200) (default)
2023-01-26 17:38:10,693 [pool-163-thread-1] INFO  segmented.SegmentedRaftLogWorker (SegmentedRaftLogWorker.java:<init>(189)) - new f066a8fd-bb24-4d50-9831-ef193da0c0d0@group-F8E7380258FD-SegmentedRaftLogWorker for RaftStorageImpl:Storage Directory /home/runner/work/ozone/ozone/hadoop-ozone/integration-test/target/test-dir/MiniOzoneClusterImpl-49a32a1f-b929-42a3-86b3-c5b719d90673/datanode-4/data/ratis/1c6d9c67-0eff-4141-9e30-f8e7380258fd
2023-01-26 17:38:10,693 [pool-163-thread-1] INFO  server.RaftServerConfigKeys (ConfUtils.java:logGet(46)) - raft.server.log.queue.byte-limit = 4294967296 (custom)
2023-01-26 17:38:10,693 [pool-163-thread-1] INFO  server.RaftServerConfigKeys (ConfUtils.java:logGet(46)) - raft.server.log.queue.element-limit = 1024 (custom)
2023-01-26 17:38:10,693 [pool-163-thread-1] INFO  server.RaftServerConfigKeys (ConfUtils.java:logGet(46)) - raft.server.log.segment.size.max = 1048576 (custom)
2023-01-26 17:38:10,693 [pool-163-thread-1] INFO  server.RaftServerConfigKeys (ConfUtils.java:logGet(46)) - raft.server.log.preallocated.size = 16384 (custom)
2023-01-26 17:38:10,693 [pool-163-thread-1] INFO  server.RaftServerConfigKeys (ConfUtils.java:logGet(46)) - raft.server.log.force.sync.num = 128 (default)
2023-01-26 17:38:10,693 [pool-163-thread-1] INFO  server.RaftServerConfigKeys (ConfUtils.java:logGet(46)) - raft.server.log.statemachine.data.sync = true (default)
2023-01-26 17:38:10,693 [pool-163-thread-1] INFO  server.RaftServerConfigKeys (ConfUtils.java:logGet(46)) - raft.server.log.statemachine.data.sync.timeout = 10s (default)
2023-01-26 17:38:10,693 [pool-163-thread-1] INFO  server.RaftServerConfigKeys (ConfUtils.java:logGet(46)) - raft.server.log.statemachine.data.sync.timeout.retry = -1 (default)
2023-01-26 17:38:10,693 [pool-186-thread-1] INFO  server.RaftServer$Division (RaftServerImpl.java:start(334)) - 49ad5a47-7d1f-45bf-afe9-a53f24515e29@group-86A1BE7E6950: start as a follower, conf=-1: peers:[235f2378-c7d7-4173-89ba-00e0bb2ff45d|rpc:10.1.0.73:41431|dataStream:10.1.0.73:43995|priority:0|startupRole:FOLLOWER, 49ad5a47-7d1f-45bf-afe9-a53f24515e29|rpc:10.1.0.73:36795|dataStream:10.1.0.73:45593|priority:1|startupRole:FOLLOWER, f066a8fd-bb24-4d50-9831-ef193da0c0d0|rpc:10.1.0.73:34671|dataStream:10.1.0.73:45771|priority:0|startupRole:FOLLOWER]|listeners:[], old=null
2023-01-26 17:38:10,693 [pool-186-thread-1] INFO  server.RaftServer$Division (RaftServerImpl.java:setRole(321)) - 49ad5a47-7d1f-45bf-afe9-a53f24515e29@group-86A1BE7E6950: changes role from      null to FOLLOWER at term 0 for startAsFollower
2023-01-26 17:38:10,693 [pool-186-thread-1] INFO  impl.RoleInfo (RoleInfo.java:updateAndGet(139)) - 49ad5a47-7d1f-45bf-afe9-a53f24515e29: start 49ad5a47-7d1f-45bf-afe9-a53f24515e29@group-86A1BE7E6950-FollowerState
2023-01-26 17:38:10,694 [pool-186-thread-1] INFO  util.JmxRegister (JmxRegister.java:tryRegister(44)) - Successfully registered JMX Bean with object name Ratis:service=RaftServer,group=group-86A1BE7E6950,id=49ad5a47-7d1f-45bf-afe9-a53f24515e29
2023-01-26 17:38:10,694 [pool-186-thread-1] INFO  server.RaftServerConfigKeys (ConfUtils.java:logGet(46)) - raft.server.snapshot.auto.trigger.enabled = true (custom)
2023-01-26 17:38:10,694 [pool-186-thread-1] INFO  server.RaftServerConfigKeys (ConfUtils.java:logGet(46)) - raft.server.snapshot.auto.trigger.threshold = 10000 (custom)
2023-01-26 17:38:10,694 [pool-186-thread-1] INFO  server.RaftServerConfigKeys (ConfUtils.java:logGet(46)) - raft.server.snapshot.retention.file.num = 5 (custom)
2023-01-26 17:38:10,694 [pool-186-thread-1] INFO  server.RaftServerConfigKeys (ConfUtils.java:logGet(46)) - raft.server.log.purge.upto.snapshot.index = false (default)
2023-01-26 17:38:10,694 [49ad5a47-7d1f-45bf-afe9-a53f24515e29@group-86A1BE7E6950-FollowerState] INFO  server.RaftServerConfigKeys (ConfUtils.java:logFallback(53)) - raft.server.rpc.first-election.timeout.min = 5s (fallback to raft.server.rpc.timeout.min)
2023-01-26 17:38:10,701 [49ad5a47-7d1f-45bf-afe9-a53f24515e29@group-86A1BE7E6950-FollowerState] INFO  server.RaftServerConfigKeys (ConfUtils.java:logFallback(53)) - raft.server.rpc.first-election.timeout.max = 5200ms (fallback to raft.server.rpc.timeout.max)
2023-01-26 17:38:10,700 [EventQueue-PipelineReportForPipelineReportHandler] INFO  pipeline.PipelineManagerImpl (PipelineManagerImpl.java:openPipeline(367)) - Pipeline Pipeline[ Id: 1c6d9c67-0eff-4141-9e30-f8e7380258fd, Nodes: f066a8fd-bb24-4d50-9831-ef193da0c0d0(fv-az77-38/10.1.0.73), ReplicationConfig: RATIS/ONE, State:ALLOCATED, leaderId:f066a8fd-bb24-4d50-9831-ef193da0c0d0, CreationTimestamp2023-01-26T17:38:07.490Z[Etc/UTC]] moved to OPEN state
2023-01-26 17:38:10,701 [EventQueue-OpenPipelineForHealthyPipelineSafeModeRule] INFO  safemode.SCMSafeModeManager (HealthyPipelineSafeModeRule.java:process(137)) - SCM in safe mode. Healthy pipelines reported count is 0, required healthy pipeline reported count is 1
2023-01-26 17:38:10,695 [pool-163-thread-1] INFO  server.RaftServerConfigKeys (ConfUtils.java:logGet(46)) - raft.server.log.write.buffer.size = 1048576 (custom)
2023-01-26 17:38:10,702 [pool-163-thread-1] INFO  server.RaftServerConfigKeys (ConfUtils.java:logGet(46)) - raft.server.log.appender.buffer.byte-limit = 33554432 (custom)
2023-01-26 17:38:10,708 [pool-163-thread-1] INFO  server.RaftServerConfigKeys (ConfUtils.java:logGet(46)) - raft.server.log.unsafe-flush.enabled = false (default)
2023-01-26 17:38:10,708 [pool-163-thread-1] INFO  server.RaftServerConfigKeys (ConfUtils.java:logGet(46)) - raft.server.log.async-flush.enabled = false (default)
2023-01-26 17:38:10,708 [pool-163-thread-1] INFO  server.RaftServerConfigKeys (ConfUtils.java:logGet(46)) - raft.server.log.statemachine.data.caching.enabled = true (custom)
2023-01-26 17:38:10,708 [pool-163-thread-1] INFO  segmented.SegmentedRaftLogWorker (SegmentedRaftLogWorker.java:lambda$new$0(135)) - f066a8fd-bb24-4d50-9831-ef193da0c0d0@group-F8E7380258FD-SegmentedRaftLogWorker: flushIndex: setUnconditionally 0 -> -1
2023-01-26 17:38:10,708 [pool-163-thread-1] INFO  segmented.SegmentedRaftLogWorker (SegmentedRaftLogWorker.java:lambda$new$0(135)) - f066a8fd-bb24-4d50-9831-ef193da0c0d0@group-F8E7380258FD-SegmentedRaftLogWorker: safeCacheEvictIndex: setUnconditionally 0 -> -1
2023-01-26 17:38:10,709 [pool-163-thread-1] INFO  server.RaftServer$Division (RaftServerImpl.java:start(334)) - f066a8fd-bb24-4d50-9831-ef193da0c0d0@group-F8E7380258FD: start as a follower, conf=-1: peers:[f066a8fd-bb24-4d50-9831-ef193da0c0d0|rpc:10.1.0.73:34671|dataStream:10.1.0.73:45771|priority:1|startupRole:FOLLOWER]|listeners:[], old=null
2023-01-26 17:38:10,709 [pool-163-thread-1] INFO  server.RaftServer$Division (RaftServerImpl.java:setRole(321)) - f066a8fd-bb24-4d50-9831-ef193da0c0d0@group-F8E7380258FD: changes role from      null to FOLLOWER at term 0 for startAsFollower
2023-01-26 17:38:10,709 [pool-163-thread-1] INFO  impl.RoleInfo (RoleInfo.java:updateAndGet(139)) - f066a8fd-bb24-4d50-9831-ef193da0c0d0: start f066a8fd-bb24-4d50-9831-ef193da0c0d0@group-F8E7380258FD-FollowerState
2023-01-26 17:38:10,709 [pool-163-thread-1] INFO  util.JmxRegister (JmxRegister.java:tryRegister(44)) - Successfully registered JMX Bean with object name Ratis:service=RaftServer,group=group-F8E7380258FD,id=f066a8fd-bb24-4d50-9831-ef193da0c0d0
2023-01-26 17:38:10,709 [pool-163-thread-1] INFO  server.RaftServerConfigKeys (ConfUtils.java:logGet(46)) - raft.server.snapshot.auto.trigger.enabled = true (custom)
2023-01-26 17:38:10,709 [pool-163-thread-1] INFO  server.RaftServerConfigKeys (ConfUtils.java:logGet(46)) - raft.server.snapshot.auto.trigger.threshold = 10000 (custom)
2023-01-26 17:38:10,709 [pool-163-thread-1] INFO  server.RaftServerConfigKeys (ConfUtils.java:logGet(46)) - raft.server.snapshot.retention.file.num = 5 (custom)
2023-01-26 17:38:10,709 [pool-163-thread-1] INFO  server.RaftServerConfigKeys (ConfUtils.java:logGet(46)) - raft.server.log.purge.upto.snapshot.index = false (default)
2023-01-26 17:38:10,710 [f066a8fd-bb24-4d50-9831-ef193da0c0d0@group-F8E7380258FD-FollowerState] INFO  server.RaftServerConfigKeys (ConfUtils.java:logFallback(53)) - raft.server.rpc.first-election.timeout.min = 5s (fallback to raft.server.rpc.timeout.min)
2023-01-26 17:38:10,710 [f066a8fd-bb24-4d50-9831-ef193da0c0d0@group-F8E7380258FD-FollowerState] INFO  server.RaftServerConfigKeys (ConfUtils.java:logFallback(53)) - raft.server.rpc.first-election.timeout.max = 5200ms (fallback to raft.server.rpc.timeout.max)
2023-01-26 17:38:10,711 [Command processor thread] INFO  ratis.XceiverServerRatis (XceiverServerRatis.java:addGroup(806)) - Created group PipelineID=1c6d9c67-0eff-4141-9e30-f8e7380258fd
2023-01-26 17:38:10,711 [Command processor thread] INFO  commandhandler.CreatePipelineCommandHandler (CreatePipelineCommandHandler.java:handle(113)) - Created Pipeline RATIS ONE PipelineID=1c6d9c67-0eff-4141-9e30-f8e7380258fd.
2023-01-26 17:38:10,711 [Command processor thread] INFO  server.RaftServer (RaftServerProxy.java:addNew(96)) - f066a8fd-bb24-4d50-9831-ef193da0c0d0: addNew group-D4D245344B96:[235f2378-c7d7-4173-89ba-00e0bb2ff45d|rpc:10.1.0.73:41431|dataStream:10.1.0.73:43995|priority:0|startupRole:FOLLOWER, 49ad5a47-7d1f-45bf-afe9-a53f24515e29|rpc:10.1.0.73:36795|dataStream:10.1.0.73:45593|priority:0|startupRole:FOLLOWER, f066a8fd-bb24-4d50-9831-ef193da0c0d0|rpc:10.1.0.73:34671|dataStream:10.1.0.73:45771|priority:1|startupRole:FOLLOWER] returns group-D4D245344B96:java.util.concurrent.CompletableFuture@5cddc110[Not completed]
2023-01-26 17:38:10,714 [pool-163-thread-1] INFO  server.RaftServer$Division (RaftServerImpl.java:<init>(195)) - f066a8fd-bb24-4d50-9831-ef193da0c0d0: new RaftServerImpl for group-D4D245344B96:[235f2378-c7d7-4173-89ba-00e0bb2ff45d|rpc:10.1.0.73:41431|dataStream:10.1.0.73:43995|priority:0|startupRole:FOLLOWER, 49ad5a47-7d1f-45bf-afe9-a53f24515e29|rpc:10.1.0.73:36795|dataStream:10.1.0.73:45593|priority:0|startupRole:FOLLOWER, f066a8fd-bb24-4d50-9831-ef193da0c0d0|rpc:10.1.0.73:34671|dataStream:10.1.0.73:45771|priority:1|startupRole:FOLLOWER] with ContainerStateMachine:uninitialized
2023-01-26 17:38:10,717 [pool-163-thread-1] INFO  server.RaftServerConfigKeys (ConfUtils.java:logGet(46)) - raft.server.rpc.timeout.min = 5s (custom)
2023-01-26 17:38:10,717 [pool-163-thread-1] INFO  server.RaftServerConfigKeys (ConfUtils.java:logGet(46)) - raft.server.rpc.timeout.max = 5200ms (custom)
2023-01-26 17:38:10,717 [pool-163-thread-1] INFO  server.RaftServerConfigKeys (ConfUtils.java:logGet(46)) - raft.server.rpc.sleep.time = 25ms (default)
2023-01-26 17:38:10,717 [pool-163-thread-1] INFO  server.RaftServerConfigKeys (ConfUtils.java:logGet(46)) - raft.server.rpc.slowness.timeout = 300s (custom)
2023-01-26 17:38:10,717 [pool-163-thread-1] INFO  server.RaftServerConfigKeys (ConfUtils.java:logGet(46)) - raft.server.leaderelection.leader.step-down.wait-time = 10s (default)
2023-01-26 17:38:10,717 [pool-163-thread-1] INFO  server.RaftServerConfigKeys (ConfUtils.java:logGet(46)) - raft.server.sleep.deviation.threshold = 300ms (default)
2023-01-26 17:38:10,717 [pool-163-thread-1] INFO  server.RaftServer$Division (ServerState.java:<init>(118)) - f066a8fd-bb24-4d50-9831-ef193da0c0d0@group-D4D245344B96: ConfigurationManager, init=-1: peers:[235f2378-c7d7-4173-89ba-00e0bb2ff45d|rpc:10.1.0.73:41431|dataStream:10.1.0.73:43995|priority:0|startupRole:FOLLOWER, 49ad5a47-7d1f-45bf-afe9-a53f24515e29|rpc:10.1.0.73:36795|dataStream:10.1.0.73:45593|priority:0|startupRole:FOLLOWER, f066a8fd-bb24-4d50-9831-ef193da0c0d0|rpc:10.1.0.73:34671|dataStream:10.1.0.73:45771|priority:1|startupRole:FOLLOWER]|listeners:[], old=null, confs=<EMPTY_MAP>
2023-01-26 17:38:10,717 [pool-163-thread-1] INFO  server.RaftServerConfigKeys (ConfUtils.java:logGet(46)) - raft.server.storage.dir = [/home/runner/work/ozone/ozone/hadoop-ozone/integration-test/target/test-dir/MiniOzoneClusterImpl-49a32a1f-b929-42a3-86b3-c5b719d90673/datanode-4/data/ratis] (custom)
2023-01-26 17:38:10,718 [Command processor thread] INFO  commandhandler.CreatePipelineCommandHandler (CreatePipelineCommandHandler.java:handle(113)) - Created Pipeline RATIS THREE PipelineID=acbe5c84-a3fd-4d99-bb8c-86a1be7e6950.
2023-01-26 17:38:10,720 [Command processor thread] INFO  server.RaftServer (RaftServerProxy.java:addNew(96)) - 235f2378-c7d7-4173-89ba-00e0bb2ff45d: addNew group-D4D245344B96:[235f2378-c7d7-4173-89ba-00e0bb2ff45d|rpc:10.1.0.73:41431|dataStream:10.1.0.73:43995|priority:0|startupRole:FOLLOWER, 49ad5a47-7d1f-45bf-afe9-a53f24515e29|rpc:10.1.0.73:36795|dataStream:10.1.0.73:45593|priority:0|startupRole:FOLLOWER, f066a8fd-bb24-4d50-9831-ef193da0c0d0|rpc:10.1.0.73:34671|dataStream:10.1.0.73:45771|priority:1|startupRole:FOLLOWER] returns group-D4D245344B96:java.util.concurrent.CompletableFuture@1b3cf5ec[Not completed]
2023-01-26 17:38:10,721 [pool-140-thread-1] INFO  server.RaftServer$Division (RaftServerImpl.java:<init>(195)) - 235f2378-c7d7-4173-89ba-00e0bb2ff45d: new RaftServerImpl for group-D4D245344B96:[235f2378-c7d7-4173-89ba-00e0bb2ff45d|rpc:10.1.0.73:41431|dataStream:10.1.0.73:43995|priority:0|startupRole:FOLLOWER, 49ad5a47-7d1f-45bf-afe9-a53f24515e29|rpc:10.1.0.73:36795|dataStream:10.1.0.73:45593|priority:0|startupRole:FOLLOWER, f066a8fd-bb24-4d50-9831-ef193da0c0d0|rpc:10.1.0.73:34671|dataStream:10.1.0.73:45771|priority:1|startupRole:FOLLOWER] with ContainerStateMachine:uninitialized
2023-01-26 17:38:10,722 [pool-140-thread-1] INFO  server.RaftServerConfigKeys (ConfUtils.java:logGet(46)) - raft.server.rpc.timeout.min = 5s (custom)
2023-01-26 17:38:10,722 [pool-140-thread-1] INFO  server.RaftServerConfigKeys (ConfUtils.java:logGet(46)) - raft.server.rpc.timeout.max = 5200ms (custom)
2023-01-26 17:38:10,722 [pool-140-thread-1] INFO  server.RaftServerConfigKeys (ConfUtils.java:logGet(46)) - raft.server.rpc.sleep.time = 25ms (default)
2023-01-26 17:38:10,722 [pool-140-thread-1] INFO  server.RaftServerConfigKeys (ConfUtils.java:logGet(46)) - raft.server.rpc.slowness.timeout = 300s (custom)
2023-01-26 17:38:10,722 [pool-140-thread-1] INFO  server.RaftServerConfigKeys (ConfUtils.java:logGet(46)) - raft.server.leaderelection.leader.step-down.wait-time = 10s (default)
2023-01-26 17:38:10,722 [pool-140-thread-1] INFO  server.RaftServerConfigKeys (ConfUtils.java:logGet(46)) - raft.server.sleep.deviation.threshold = 300ms (default)
2023-01-26 17:38:10,722 [pool-140-thread-1] INFO  server.RaftServer$Division (ServerState.java:<init>(118)) - 235f2378-c7d7-4173-89ba-00e0bb2ff45d@group-D4D245344B96: ConfigurationManager, init=-1: peers:[235f2378-c7d7-4173-89ba-00e0bb2ff45d|rpc:10.1.0.73:41431|dataStream:10.1.0.73:43995|priority:0|startupRole:FOLLOWER, 49ad5a47-7d1f-45bf-afe9-a53f24515e29|rpc:10.1.0.73:36795|dataStream:10.1.0.73:45593|priority:0|startupRole:FOLLOWER, f066a8fd-bb24-4d50-9831-ef193da0c0d0|rpc:10.1.0.73:34671|dataStream:10.1.0.73:45771|priority:1|startupRole:FOLLOWER]|listeners:[], old=null, confs=<EMPTY_MAP>
2023-01-26 17:38:10,722 [pool-140-thread-1] INFO  server.RaftServerConfigKeys (ConfUtils.java:logGet(46)) - raft.server.storage.dir = [/home/runner/work/ozone/ozone/hadoop-ozone/integration-test/target/test-dir/MiniOzoneClusterImpl-49a32a1f-b929-42a3-86b3-c5b719d90673/datanode-3/data/ratis] (custom)
2023-01-26 17:38:10,722 [pool-140-thread-1] INFO  server.RaftServerConfigKeys (ConfUtils.java:logGet(46)) - raft.server.log.corruption.policy = EXCEPTION (default)
2023-01-26 17:38:10,722 [pool-140-thread-1] INFO  server.RaftServerConfigKeys (ConfUtils.java:logGet(46)) - raft.server.storage.free-space.min = 0MB (=0) (default)
2023-01-26 17:38:10,723 [pool-140-thread-1] INFO  server.RaftServerConfigKeys (ConfUtils.java:logGet(46)) - raft.server.notification.no-leader.timeout = 300s (custom)
2023-01-26 17:38:10,723 [pool-140-thread-1] INFO  server.RaftServerConfigKeys (ConfUtils.java:logGet(46)) - raft.server.retrycache.expirytime = 600000ms (custom)
2023-01-26 17:38:10,723 [pool-140-thread-1] INFO  server.RaftServerConfigKeys (ConfUtils.java:logGet(46)) - raft.server.retrycache.statistics.expirytime = 100μs (default)
2023-01-26 17:38:10,724 [pool-140-thread-1] INFO  server.RaftServerConfigKeys (ConfUtils.java:logGet(46)) - raft.server.log.appender.install.snapshot.enabled = false (custom)
2023-01-26 17:38:10,724 [pool-140-thread-1] INFO  server.RaftServerConfigKeys (ConfUtils.java:logGet(46)) - raft.server.threadpool.server.cached = true (default)
2023-01-26 17:38:10,724 [pool-140-thread-1] INFO  server.RaftServerConfigKeys (ConfUtils.java:logGet(46)) - raft.server.threadpool.server.size = 0 (default)
2023-01-26 17:38:10,724 [pool-140-thread-1] INFO  server.RaftServerConfigKeys (ConfUtils.java:logGet(46)) - raft.server.threadpool.client.cached = true (default)
2023-01-26 17:38:10,724 [pool-140-thread-1] INFO  server.RaftServerConfigKeys (ConfUtils.java:logGet(46)) - raft.server.threadpool.client.size = 0 (default)
2023-01-26 17:38:10,724 [pool-140-thread-1] INFO  storage.RaftStorageDirectory (RaftStorageDirectoryImpl.java:analyzeStorage(137)) - The storage directory /home/runner/work/ozone/ozone/hadoop-ozone/integration-test/target/test-dir/MiniOzoneClusterImpl-49a32a1f-b929-42a3-86b3-c5b719d90673/datanode-3/data/ratis/8f97b832-e2b3-4a03-9754-d4d245344b96 does not exist. Creating ...
2023-01-26 17:38:10,718 [pool-163-thread-1] INFO  server.RaftServerConfigKeys (ConfUtils.java:logGet(46)) - raft.server.log.corruption.policy = EXCEPTION (default)
2023-01-26 17:38:10,726 [pool-163-thread-1] INFO  server.RaftServerConfigKeys (ConfUtils.java:logGet(46)) - raft.server.storage.free-space.min = 0MB (=0) (default)
2023-01-26 17:38:10,726 [pool-163-thread-1] INFO  server.RaftServerConfigKeys (ConfUtils.java:logGet(46)) - raft.server.notification.no-leader.timeout = 300s (custom)
2023-01-26 17:38:10,726 [pool-163-thread-1] INFO  server.RaftServerConfigKeys (ConfUtils.java:logGet(46)) - raft.server.retrycache.expirytime = 600000ms (custom)
2023-01-26 17:38:10,726 [pool-163-thread-1] INFO  server.RaftServerConfigKeys (ConfUtils.java:logGet(46)) - raft.server.retrycache.statistics.expirytime = 100μs (default)
2023-01-26 17:38:10,727 [pool-163-thread-1] INFO  server.RaftServerConfigKeys (ConfUtils.java:logGet(46)) - raft.server.log.appender.install.snapshot.enabled = false (custom)
2023-01-26 17:38:10,727 [pool-163-thread-1] INFO  server.RaftServerConfigKeys (ConfUtils.java:logGet(46)) - raft.server.threadpool.server.cached = true (default)
2023-01-26 17:38:10,727 [pool-163-thread-1] INFO  server.RaftServerConfigKeys (ConfUtils.java:logGet(46)) - raft.server.threadpool.server.size = 0 (default)
2023-01-26 17:38:10,727 [pool-163-thread-1] INFO  server.RaftServerConfigKeys (ConfUtils.java:logGet(46)) - raft.server.threadpool.client.cached = true (default)
2023-01-26 17:38:10,727 [pool-163-thread-1] INFO  server.RaftServerConfigKeys (ConfUtils.java:logGet(46)) - raft.server.threadpool.client.size = 0 (default)
2023-01-26 17:38:10,729 [pool-140-thread-1] INFO  storage.RaftStorageDirectory (RaftStorageDirectoryImpl.java:tryLock(231)) - Lock on /home/runner/work/ozone/ozone/hadoop-ozone/integration-test/target/test-dir/MiniOzoneClusterImpl-49a32a1f-b929-42a3-86b3-c5b719d90673/datanode-3/data/ratis/8f97b832-e2b3-4a03-9754-d4d245344b96/in_use.lock acquired by nodename 58484@fv-az77-38
2023-01-26 17:38:10,729 [pool-163-thread-1] INFO  storage.RaftStorageDirectory (RaftStorageDirectoryImpl.java:analyzeStorage(137)) - The storage directory /home/runner/work/ozone/ozone/hadoop-ozone/integration-test/target/test-dir/MiniOzoneClusterImpl-49a32a1f-b929-42a3-86b3-c5b719d90673/datanode-4/data/ratis/8f97b832-e2b3-4a03-9754-d4d245344b96 does not exist. Creating ...
2023-01-26 17:38:10,731 [pool-140-thread-1] INFO  storage.RaftStorage (RaftStorageImpl.java:format(96)) - Storage directory /home/runner/work/ozone/ozone/hadoop-ozone/integration-test/target/test-dir/MiniOzoneClusterImpl-49a32a1f-b929-42a3-86b3-c5b719d90673/datanode-3/data/ratis/8f97b832-e2b3-4a03-9754-d4d245344b96 has been successfully formatted.
2023-01-26 17:38:10,731 [pool-140-thread-1] INFO  ratis.ContainerStateMachine (ContainerStateMachine.java:loadSnapshot(240)) - group-D4D245344B96: The snapshot info is null. Setting the last applied indexto:(t:0, i:~)
2023-01-26 17:38:10,731 [pool-140-thread-1] INFO  server.RaftServerConfigKeys (ConfUtils.java:logGet(46)) - raft.server.log.use.memory = false (default)
2023-01-26 17:38:10,731 [pool-140-thread-1] INFO  server.RaftServerConfigKeys (ConfUtils.java:logGet(46)) - raft.server.log.purge.gap = 1000000 (custom)
2023-01-26 17:38:10,731 [pool-140-thread-1] INFO  server.RaftServerConfigKeys (ConfUtils.java:logGet(46)) - raft.server.log.appender.buffer.byte-limit = 33554432 (custom)
2023-01-26 17:38:10,732 [pool-140-thread-1] INFO  server.RaftServerConfigKeys (ConfUtils.java:logGet(46)) - raft.server.log.statemachine.data.read.timeout = 1000ms (default)
2023-01-26 17:38:10,732 [pool-140-thread-1] INFO  server.RaftServerConfigKeys (ConfUtils.java:logGet(46)) - raft.server.log.purge.preservation.log.num = 0 (default)
2023-01-26 17:38:10,732 [pool-140-thread-1] INFO  server.RaftServerConfigKeys (ConfUtils.java:logGet(46)) - raft.server.log.segment.size.max = 1048576 (custom)
2023-01-26 17:38:10,732 [pool-163-thread-1] INFO  storage.RaftStorageDirectory (RaftStorageDirectoryImpl.java:tryLock(231)) - Lock on /home/runner/work/ozone/ozone/hadoop-ozone/integration-test/target/test-dir/MiniOzoneClusterImpl-49a32a1f-b929-42a3-86b3-c5b719d90673/datanode-4/data/ratis/8f97b832-e2b3-4a03-9754-d4d245344b96/in_use.lock acquired by nodename 58484@fv-az77-38
2023-01-26 17:38:10,735 [EventQueue-OpenPipelineForHealthyPipelineSafeModeRule] INFO  safemode.SCMSafeModeManager (HealthyPipelineSafeModeRule.java:process(137)) - SCM in safe mode. Healthy pipelines reported count is 0, required healthy pipeline reported count is 1
2023-01-26 17:38:10,735 [pool-140-thread-1] INFO  server.RaftServerConfigKeys (ConfUtils.java:logGet(46)) - raft.server.log.segment.cache.num.max = 2 (custom)
2023-01-26 17:38:10,735 [pool-140-thread-1] INFO  server.RaftServerConfigKeys (ConfUtils.java:logGet(46)) - raft.server.log.segment.cache.size.max = 200MB (=209715200) (default)
2023-01-26 17:38:10,735 [pool-140-thread-1] INFO  segmented.SegmentedRaftLogWorker (SegmentedRaftLogWorker.java:<init>(189)) - new 235f2378-c7d7-4173-89ba-00e0bb2ff45d@group-D4D245344B96-SegmentedRaftLogWorker for RaftStorageImpl:Storage Directory /home/runner/work/ozone/ozone/hadoop-ozone/integration-test/target/test-dir/MiniOzoneClusterImpl-49a32a1f-b929-42a3-86b3-c5b719d90673/datanode-3/data/ratis/8f97b832-e2b3-4a03-9754-d4d245344b96
2023-01-26 17:38:10,736 [pool-140-thread-1] INFO  server.RaftServerConfigKeys (ConfUtils.java:logGet(46)) - raft.server.log.queue.byte-limit = 4294967296 (custom)
2023-01-26 17:38:10,736 [pool-140-thread-1] INFO  server.RaftServerConfigKeys (ConfUtils.java:logGet(46)) - raft.server.log.queue.element-limit = 1024 (custom)
2023-01-26 17:38:10,736 [pool-140-thread-1] INFO  server.RaftServerConfigKeys (ConfUtils.java:logGet(46)) - raft.server.log.segment.size.max = 1048576 (custom)
2023-01-26 17:38:10,736 [pool-140-thread-1] INFO  server.RaftServerConfigKeys (ConfUtils.java:logGet(46)) - raft.server.log.preallocated.size = 16384 (custom)
2023-01-26 17:38:10,736 [pool-140-thread-1] INFO  server.RaftServerConfigKeys (ConfUtils.java:logGet(46)) - raft.server.log.force.sync.num = 128 (default)
2023-01-26 17:38:10,736 [pool-140-thread-1] INFO  server.RaftServerConfigKeys (ConfUtils.java:logGet(46)) - raft.server.log.statemachine.data.sync = true (default)
2023-01-26 17:38:10,736 [pool-140-thread-1] INFO  server.RaftServerConfigKeys (ConfUtils.java:logGet(46)) - raft.server.log.statemachine.data.sync.timeout = 10s (default)
2023-01-26 17:38:10,736 [pool-140-thread-1] INFO  server.RaftServerConfigKeys (ConfUtils.java:logGet(46)) - raft.server.log.statemachine.data.sync.timeout.retry = -1 (default)
2023-01-26 17:38:10,737 [pool-140-thread-1] INFO  server.RaftServerConfigKeys (ConfUtils.java:logGet(46)) - raft.server.log.write.buffer.size = 1048576 (custom)
2023-01-26 17:38:10,737 [pool-140-thread-1] INFO  server.RaftServerConfigKeys (ConfUtils.java:logGet(46)) - raft.server.log.appender.buffer.byte-limit = 33554432 (custom)
2023-01-26 17:38:10,737 [pool-163-thread-1] INFO  storage.RaftStorage (RaftStorageImpl.java:format(96)) - Storage directory /home/runner/work/ozone/ozone/hadoop-ozone/integration-test/target/test-dir/MiniOzoneClusterImpl-49a32a1f-b929-42a3-86b3-c5b719d90673/datanode-4/data/ratis/8f97b832-e2b3-4a03-9754-d4d245344b96 has been successfully formatted.
2023-01-26 17:38:10,738 [pool-163-thread-1] INFO  ratis.ContainerStateMachine (ContainerStateMachine.java:loadSnapshot(240)) - group-D4D245344B96: The snapshot info is null. Setting the last applied indexto:(t:0, i:~)
2023-01-26 17:38:10,738 [pool-163-thread-1] INFO  server.RaftServerConfigKeys (ConfUtils.java:logGet(46)) - raft.server.log.use.memory = false (default)
2023-01-26 17:38:10,738 [pool-163-thread-1] INFO  server.RaftServerConfigKeys (ConfUtils.java:logGet(46)) - raft.server.log.purge.gap = 1000000 (custom)
2023-01-26 17:38:10,738 [pool-163-thread-1] INFO  server.RaftServerConfigKeys (ConfUtils.java:logGet(46)) - raft.server.log.appender.buffer.byte-limit = 33554432 (custom)
2023-01-26 17:38:10,739 [pool-163-thread-1] INFO  server.RaftServerConfigKeys (ConfUtils.java:logGet(46)) - raft.server.log.statemachine.data.read.timeout = 1000ms (default)
2023-01-26 17:38:10,739 [pool-163-thread-1] INFO  server.RaftServerConfigKeys (ConfUtils.java:logGet(46)) - raft.server.log.purge.preservation.log.num = 0 (default)
2023-01-26 17:38:10,739 [pool-163-thread-1] INFO  server.RaftServerConfigKeys (ConfUtils.java:logGet(46)) - raft.server.log.segment.size.max = 1048576 (custom)
2023-01-26 17:38:10,739 [pool-163-thread-1] INFO  server.RaftServerConfigKeys (ConfUtils.java:logGet(46)) - raft.server.log.segment.cache.num.max = 2 (custom)
2023-01-26 17:38:10,740 [pool-163-thread-1] INFO  server.RaftServerConfigKeys (ConfUtils.java:logGet(46)) - raft.server.log.segment.cache.size.max = 200MB (=209715200) (default)
2023-01-26 17:38:10,740 [pool-163-thread-1] INFO  segmented.SegmentedRaftLogWorker (SegmentedRaftLogWorker.java:<init>(189)) - new f066a8fd-bb24-4d50-9831-ef193da0c0d0@group-D4D245344B96-SegmentedRaftLogWorker for RaftStorageImpl:Storage Directory /home/runner/work/ozone/ozone/hadoop-ozone/integration-test/target/test-dir/MiniOzoneClusterImpl-49a32a1f-b929-42a3-86b3-c5b719d90673/datanode-4/data/ratis/8f97b832-e2b3-4a03-9754-d4d245344b96
2023-01-26 17:38:10,740 [pool-163-thread-1] INFO  server.RaftServerConfigKeys (ConfUtils.java:logGet(46)) - raft.server.log.queue.byte-limit = 4294967296 (custom)
2023-01-26 17:38:10,740 [pool-163-thread-1] INFO  server.RaftServerConfigKeys (ConfUtils.java:logGet(46)) - raft.server.log.queue.element-limit = 1024 (custom)
2023-01-26 17:38:10,740 [pool-163-thread-1] INFO  server.RaftServerConfigKeys (ConfUtils.java:logGet(46)) - raft.server.log.segment.size.max = 1048576 (custom)
2023-01-26 17:38:10,740 [EventQueue-OpenPipelineForHealthyPipelineSafeModeRule] INFO  safemode.SCMSafeModeManager (HealthyPipelineSafeModeRule.java:process(137)) - SCM in safe mode. Healthy pipelines reported count is 0, required healthy pipeline reported count is 1
2023-01-26 17:38:10,740 [pool-163-thread-1] INFO  server.RaftServerConfigKeys (ConfUtils.java:logGet(46)) - raft.server.log.preallocated.size = 16384 (custom)
2023-01-26 17:38:10,740 [pool-163-thread-1] INFO  server.RaftServerConfigKeys (ConfUtils.java:logGet(46)) - raft.server.log.force.sync.num = 128 (default)
2023-01-26 17:38:10,740 [pool-163-thread-1] INFO  server.RaftServerConfigKeys (ConfUtils.java:logGet(46)) - raft.server.log.statemachine.data.sync = true (default)
2023-01-26 17:38:10,740 [pool-163-thread-1] INFO  server.RaftServerConfigKeys (ConfUtils.java:logGet(46)) - raft.server.log.statemachine.data.sync.timeout = 10s (default)
2023-01-26 17:38:10,740 [pool-163-thread-1] INFO  server.RaftServerConfigKeys (ConfUtils.java:logGet(46)) - raft.server.log.statemachine.data.sync.timeout.retry = -1 (default)
2023-01-26 17:38:10,741 [pool-163-thread-1] INFO  server.RaftServerConfigKeys (ConfUtils.java:logGet(46)) - raft.server.log.write.buffer.size = 1048576 (custom)
2023-01-26 17:38:10,743 [pool-163-thread-1] INFO  server.RaftServerConfigKeys (ConfUtils.java:logGet(46)) - raft.server.log.appender.buffer.byte-limit = 33554432 (custom)
2023-01-26 17:38:10,750 [pool-140-thread-1] INFO  server.RaftServerConfigKeys (ConfUtils.java:logGet(46)) - raft.server.log.unsafe-flush.enabled = false (default)
2023-01-26 17:38:10,750 [pool-140-thread-1] INFO  server.RaftServerConfigKeys (ConfUtils.java:logGet(46)) - raft.server.log.async-flush.enabled = false (default)
2023-01-26 17:38:10,750 [pool-140-thread-1] INFO  server.RaftServerConfigKeys (ConfUtils.java:logGet(46)) - raft.server.log.statemachine.data.caching.enabled = true (custom)
2023-01-26 17:38:10,751 [pool-140-thread-1] INFO  segmented.SegmentedRaftLogWorker (SegmentedRaftLogWorker.java:lambda$new$0(135)) - 235f2378-c7d7-4173-89ba-00e0bb2ff45d@group-D4D245344B96-SegmentedRaftLogWorker: flushIndex: setUnconditionally 0 -> -1
2023-01-26 17:38:10,751 [pool-140-thread-1] INFO  segmented.SegmentedRaftLogWorker (SegmentedRaftLogWorker.java:lambda$new$0(135)) - 235f2378-c7d7-4173-89ba-00e0bb2ff45d@group-D4D245344B96-SegmentedRaftLogWorker: safeCacheEvictIndex: setUnconditionally 0 -> -1
2023-01-26 17:38:10,752 [pool-163-thread-1] INFO  server.RaftServerConfigKeys (ConfUtils.java:logGet(46)) - raft.server.log.unsafe-flush.enabled = false (default)
2023-01-26 17:38:10,752 [pool-163-thread-1] INFO  server.RaftServerConfigKeys (ConfUtils.java:logGet(46)) - raft.server.log.async-flush.enabled = false (default)
2023-01-26 17:38:10,752 [pool-163-thread-1] INFO  server.RaftServerConfigKeys (ConfUtils.java:logGet(46)) - raft.server.log.statemachine.data.caching.enabled = true (custom)
2023-01-26 17:38:10,752 [pool-163-thread-1] INFO  segmented.SegmentedRaftLogWorker (SegmentedRaftLogWorker.java:lambda$new$0(135)) - f066a8fd-bb24-4d50-9831-ef193da0c0d0@group-D4D245344B96-SegmentedRaftLogWorker: flushIndex: setUnconditionally 0 -> -1
2023-01-26 17:38:10,752 [pool-163-thread-1] INFO  segmented.SegmentedRaftLogWorker (SegmentedRaftLogWorker.java:lambda$new$0(135)) - f066a8fd-bb24-4d50-9831-ef193da0c0d0@group-D4D245344B96-SegmentedRaftLogWorker: safeCacheEvictIndex: setUnconditionally 0 -> -1
2023-01-26 17:38:10,754 [pool-140-thread-1] INFO  server.RaftServer$Division (RaftServerImpl.java:start(334)) - 235f2378-c7d7-4173-89ba-00e0bb2ff45d@group-D4D245344B96: start as a follower, conf=-1: peers:[235f2378-c7d7-4173-89ba-00e0bb2ff45d|rpc:10.1.0.73:41431|dataStream:10.1.0.73:43995|priority:0|startupRole:FOLLOWER, 49ad5a47-7d1f-45bf-afe9-a53f24515e29|rpc:10.1.0.73:36795|dataStream:10.1.0.73:45593|priority:0|startupRole:FOLLOWER, f066a8fd-bb24-4d50-9831-ef193da0c0d0|rpc:10.1.0.73:34671|dataStream:10.1.0.73:45771|priority:1|startupRole:FOLLOWER]|listeners:[], old=null
2023-01-26 17:38:10,754 [pool-140-thread-1] INFO  server.RaftServer$Division (RaftServerImpl.java:setRole(321)) - 235f2378-c7d7-4173-89ba-00e0bb2ff45d@group-D4D245344B96: changes role from      null to FOLLOWER at term 0 for startAsFollower
2023-01-26 17:38:10,755 [pool-140-thread-1] INFO  impl.RoleInfo (RoleInfo.java:updateAndGet(139)) - 235f2378-c7d7-4173-89ba-00e0bb2ff45d: start 235f2378-c7d7-4173-89ba-00e0bb2ff45d@group-D4D245344B96-FollowerState
2023-01-26 17:38:10,755 [pool-140-thread-1] INFO  util.JmxRegister (JmxRegister.java:tryRegister(44)) - Successfully registered JMX Bean with object name Ratis:service=RaftServer,group=group-D4D245344B96,id=235f2378-c7d7-4173-89ba-00e0bb2ff45d
2023-01-26 17:38:10,755 [pool-140-thread-1] INFO  server.RaftServerConfigKeys (ConfUtils.java:logGet(46)) - raft.server.snapshot.auto.trigger.enabled = true (custom)
2023-01-26 17:38:10,755 [pool-140-thread-1] INFO  server.RaftServerConfigKeys (ConfUtils.java:logGet(46)) - raft.server.snapshot.auto.trigger.threshold = 10000 (custom)
2023-01-26 17:38:10,755 [pool-140-thread-1] INFO  server.RaftServerConfigKeys (ConfUtils.java:logGet(46)) - raft.server.snapshot.retention.file.num = 5 (custom)
2023-01-26 17:38:10,755 [pool-140-thread-1] INFO  server.RaftServerConfigKeys (ConfUtils.java:logGet(46)) - raft.server.log.purge.upto.snapshot.index = false (default)
2023-01-26 17:38:10,756 [235f2378-c7d7-4173-89ba-00e0bb2ff45d@group-D4D245344B96-FollowerState] INFO  server.RaftServerConfigKeys (ConfUtils.java:logFallback(53)) - raft.server.rpc.first-election.timeout.min = 5s (fallback to raft.server.rpc.timeout.min)
2023-01-26 17:38:10,757 [235f2378-c7d7-4173-89ba-00e0bb2ff45d@group-D4D245344B96-FollowerState] INFO  server.RaftServerConfigKeys (ConfUtils.java:logFallback(53)) - raft.server.rpc.first-election.timeout.max = 5200ms (fallback to raft.server.rpc.timeout.max)
2023-01-26 17:38:10,757 [pool-163-thread-1] INFO  server.RaftServer$Division (RaftServerImpl.java:start(334)) - f066a8fd-bb24-4d50-9831-ef193da0c0d0@group-D4D245344B96: start as a follower, conf=-1: peers:[235f2378-c7d7-4173-89ba-00e0bb2ff45d|rpc:10.1.0.73:41431|dataStream:10.1.0.73:43995|priority:0|startupRole:FOLLOWER, 49ad5a47-7d1f-45bf-afe9-a53f24515e29|rpc:10.1.0.73:36795|dataStream:10.1.0.73:45593|priority:0|startupRole:FOLLOWER, f066a8fd-bb24-4d50-9831-ef193da0c0d0|rpc:10.1.0.73:34671|dataStream:10.1.0.73:45771|priority:1|startupRole:FOLLOWER]|listeners:[], old=null
2023-01-26 17:38:10,757 [pool-163-thread-1] INFO  server.RaftServer$Division (RaftServerImpl.java:setRole(321)) - f066a8fd-bb24-4d50-9831-ef193da0c0d0@group-D4D245344B96: changes role from      null to FOLLOWER at term 0 for startAsFollower
2023-01-26 17:38:10,757 [pool-163-thread-1] INFO  impl.RoleInfo (RoleInfo.java:updateAndGet(139)) - f066a8fd-bb24-4d50-9831-ef193da0c0d0: start f066a8fd-bb24-4d50-9831-ef193da0c0d0@group-D4D245344B96-FollowerState
2023-01-26 17:38:10,756 [Command processor thread] INFO  ratis.XceiverServerRatis (XceiverServerRatis.java:addGroup(806)) - Created group PipelineID=8f97b832-e2b3-4a03-9754-d4d245344b96
2023-01-26 17:38:10,760 [pool-163-thread-1] INFO  util.JmxRegister (JmxRegister.java:tryRegister(44)) - Successfully registered JMX Bean with object name Ratis:service=RaftServer,group=group-D4D245344B96,id=f066a8fd-bb24-4d50-9831-ef193da0c0d0
2023-01-26 17:38:10,764 [pool-163-thread-1] INFO  server.RaftServerConfigKeys (ConfUtils.java:logGet(46)) - raft.server.snapshot.auto.trigger.enabled = true (custom)
2023-01-26 17:38:10,765 [pool-163-thread-1] INFO  server.RaftServerConfigKeys (ConfUtils.java:logGet(46)) - raft.server.snapshot.auto.trigger.threshold = 10000 (custom)
2023-01-26 17:38:10,765 [pool-163-thread-1] INFO  server.RaftServerConfigKeys (ConfUtils.java:logGet(46)) - raft.server.snapshot.retention.file.num = 5 (custom)
2023-01-26 17:38:10,765 [pool-163-thread-1] INFO  server.RaftServerConfigKeys (ConfUtils.java:logGet(46)) - raft.server.log.purge.upto.snapshot.index = false (default)
2023-01-26 17:38:10,768 [Command processor thread] INFO  ratis.XceiverServerRatis (XceiverServerRatis.java:addGroup(806)) - Created group PipelineID=8f97b832-e2b3-4a03-9754-d4d245344b96
2023-01-26 17:38:10,769 [f066a8fd-bb24-4d50-9831-ef193da0c0d0@group-D4D245344B96-FollowerState] INFO  server.RaftServerConfigKeys (ConfUtils.java:logFallback(53)) - raft.server.rpc.first-election.timeout.min = 5s (fallback to raft.server.rpc.timeout.min)
2023-01-26 17:38:10,769 [f066a8fd-bb24-4d50-9831-ef193da0c0d0@group-D4D245344B96-FollowerState] INFO  server.RaftServerConfigKeys (ConfUtils.java:logFallback(53)) - raft.server.rpc.first-election.timeout.max = 5200ms (fallback to raft.server.rpc.timeout.max)
2023-01-26 17:38:10,781 [grpc-default-executor-1] INFO  server.RaftServer (RaftServerProxy.java:addNew(96)) - 49ad5a47-7d1f-45bf-afe9-a53f24515e29: addNew group-D4D245344B96:[235f2378-c7d7-4173-89ba-00e0bb2ff45d|rpc:10.1.0.73:41431|dataStream:10.1.0.73:43995|priority:0|startupRole:FOLLOWER, 49ad5a47-7d1f-45bf-afe9-a53f24515e29|rpc:10.1.0.73:36795|dataStream:10.1.0.73:45593|priority:0|startupRole:FOLLOWER, f066a8fd-bb24-4d50-9831-ef193da0c0d0|rpc:10.1.0.73:34671|dataStream:10.1.0.73:45771|priority:1|startupRole:FOLLOWER] returns group-D4D245344B96:java.util.concurrent.CompletableFuture@2153943a[Not completed]
2023-01-26 17:38:10,783 [pool-186-thread-1] INFO  server.RaftServer$Division (RaftServerImpl.java:<init>(195)) - 49ad5a47-7d1f-45bf-afe9-a53f24515e29: new RaftServerImpl for group-D4D245344B96:[235f2378-c7d7-4173-89ba-00e0bb2ff45d|rpc:10.1.0.73:41431|dataStream:10.1.0.73:43995|priority:0|startupRole:FOLLOWER, 49ad5a47-7d1f-45bf-afe9-a53f24515e29|rpc:10.1.0.73:36795|dataStream:10.1.0.73:45593|priority:0|startupRole:FOLLOWER, f066a8fd-bb24-4d50-9831-ef193da0c0d0|rpc:10.1.0.73:34671|dataStream:10.1.0.73:45771|priority:1|startupRole:FOLLOWER] with ContainerStateMachine:uninitialized
2023-01-26 17:38:10,783 [pool-186-thread-1] INFO  server.RaftServerConfigKeys (ConfUtils.java:logGet(46)) - raft.server.rpc.timeout.min = 5s (custom)
2023-01-26 17:38:10,783 [pool-186-thread-1] INFO  server.RaftServerConfigKeys (ConfUtils.java:logGet(46)) - raft.server.rpc.timeout.max = 5200ms (custom)
2023-01-26 17:38:10,783 [pool-186-thread-1] INFO  server.RaftServerConfigKeys (ConfUtils.java:logGet(46)) - raft.server.rpc.sleep.time = 25ms (default)
2023-01-26 17:38:10,783 [pool-186-thread-1] INFO  server.RaftServerConfigKeys (ConfUtils.java:logGet(46)) - raft.server.rpc.slowness.timeout = 300s (custom)
2023-01-26 17:38:10,783 [pool-186-thread-1] INFO  server.RaftServerConfigKeys (ConfUtils.java:logGet(46)) - raft.server.leaderelection.leader.step-down.wait-time = 10s (default)
2023-01-26 17:38:10,783 [pool-186-thread-1] INFO  server.RaftServerConfigKeys (ConfUtils.java:logGet(46)) - raft.server.sleep.deviation.threshold = 300ms (default)
2023-01-26 17:38:10,783 [pool-186-thread-1] INFO  server.RaftServer$Division (ServerState.java:<init>(118)) - 49ad5a47-7d1f-45bf-afe9-a53f24515e29@group-D4D245344B96: ConfigurationManager, init=-1: peers:[235f2378-c7d7-4173-89ba-00e0bb2ff45d|rpc:10.1.0.73:41431|dataStream:10.1.0.73:43995|priority:0|startupRole:FOLLOWER, 49ad5a47-7d1f-45bf-afe9-a53f24515e29|rpc:10.1.0.73:36795|dataStream:10.1.0.73:45593|priority:0|startupRole:FOLLOWER, f066a8fd-bb24-4d50-9831-ef193da0c0d0|rpc:10.1.0.73:34671|dataStream:10.1.0.73:45771|priority:1|startupRole:FOLLOWER]|listeners:[], old=null, confs=<EMPTY_MAP>
2023-01-26 17:38:10,783 [pool-186-thread-1] INFO  server.RaftServerConfigKeys (ConfUtils.java:logGet(46)) - raft.server.storage.dir = [/home/runner/work/ozone/ozone/hadoop-ozone/integration-test/target/test-dir/MiniOzoneClusterImpl-49a32a1f-b929-42a3-86b3-c5b719d90673/datanode-5/data/ratis] (custom)
2023-01-26 17:38:10,783 [pool-186-thread-1] INFO  server.RaftServerConfigKeys (ConfUtils.java:logGet(46)) - raft.server.log.corruption.policy = EXCEPTION (default)
2023-01-26 17:38:10,783 [pool-186-thread-1] INFO  server.RaftServerConfigKeys (ConfUtils.java:logGet(46)) - raft.server.storage.free-space.min = 0MB (=0) (default)
2023-01-26 17:38:10,783 [pool-186-thread-1] INFO  server.RaftServerConfigKeys (ConfUtils.java:logGet(46)) - raft.server.notification.no-leader.timeout = 300s (custom)
2023-01-26 17:38:10,784 [pool-186-thread-1] INFO  server.RaftServerConfigKeys (ConfUtils.java:logGet(46)) - raft.server.retrycache.expirytime = 600000ms (custom)
2023-01-26 17:38:10,784 [pool-186-thread-1] INFO  server.RaftServerConfigKeys (ConfUtils.java:logGet(46)) - raft.server.retrycache.statistics.expirytime = 100μs (default)
2023-01-26 17:38:10,784 [pool-186-thread-1] INFO  server.RaftServerConfigKeys (ConfUtils.java:logGet(46)) - raft.server.log.appender.install.snapshot.enabled = false (custom)
2023-01-26 17:38:10,786 [pool-186-thread-1] INFO  server.RaftServerConfigKeys (ConfUtils.java:logGet(46)) - raft.server.threadpool.server.cached = true (default)
2023-01-26 17:38:10,786 [pool-186-thread-1] INFO  server.RaftServerConfigKeys (ConfUtils.java:logGet(46)) - raft.server.threadpool.server.size = 0 (default)
2023-01-26 17:38:10,786 [pool-186-thread-1] INFO  server.RaftServerConfigKeys (ConfUtils.java:logGet(46)) - raft.server.threadpool.client.cached = true (default)
2023-01-26 17:38:10,786 [pool-186-thread-1] INFO  server.RaftServerConfigKeys (ConfUtils.java:logGet(46)) - raft.server.threadpool.client.size = 0 (default)
2023-01-26 17:38:10,787 [pool-186-thread-1] INFO  storage.RaftStorageDirectory (RaftStorageDirectoryImpl.java:analyzeStorage(137)) - The storage directory /home/runner/work/ozone/ozone/hadoop-ozone/integration-test/target/test-dir/MiniOzoneClusterImpl-49a32a1f-b929-42a3-86b3-c5b719d90673/datanode-5/data/ratis/8f97b832-e2b3-4a03-9754-d4d245344b96 does not exist. Creating ...
2023-01-26 17:38:10,789 [pool-186-thread-1] INFO  storage.RaftStorageDirectory (RaftStorageDirectoryImpl.java:tryLock(231)) - Lock on /home/runner/work/ozone/ozone/hadoop-ozone/integration-test/target/test-dir/MiniOzoneClusterImpl-49a32a1f-b929-42a3-86b3-c5b719d90673/datanode-5/data/ratis/8f97b832-e2b3-4a03-9754-d4d245344b96/in_use.lock acquired by nodename 58484@fv-az77-38
2023-01-26 17:38:10,791 [pool-186-thread-1] INFO  storage.RaftStorage (RaftStorageImpl.java:format(96)) - Storage directory /home/runner/work/ozone/ozone/hadoop-ozone/integration-test/target/test-dir/MiniOzoneClusterImpl-49a32a1f-b929-42a3-86b3-c5b719d90673/datanode-5/data/ratis/8f97b832-e2b3-4a03-9754-d4d245344b96 has been successfully formatted.
2023-01-26 17:38:10,791 [pool-186-thread-1] INFO  ratis.ContainerStateMachine (ContainerStateMachine.java:loadSnapshot(240)) - group-D4D245344B96: The snapshot info is null. Setting the last applied indexto:(t:0, i:~)
2023-01-26 17:38:10,791 [pool-186-thread-1] INFO  server.RaftServerConfigKeys (ConfUtils.java:logGet(46)) - raft.server.log.use.memory = false (default)
2023-01-26 17:38:10,791 [pool-186-thread-1] INFO  server.RaftServerConfigKeys (ConfUtils.java:logGet(46)) - raft.server.log.purge.gap = 1000000 (custom)
2023-01-26 17:38:10,791 [pool-186-thread-1] INFO  server.RaftServerConfigKeys (ConfUtils.java:logGet(46)) - raft.server.log.appender.buffer.byte-limit = 33554432 (custom)
2023-01-26 17:38:10,791 [pool-186-thread-1] INFO  server.RaftServerConfigKeys (ConfUtils.java:logGet(46)) - raft.server.log.statemachine.data.read.timeout = 1000ms (default)
2023-01-26 17:38:10,791 [pool-186-thread-1] INFO  server.RaftServerConfigKeys (ConfUtils.java:logGet(46)) - raft.server.log.purge.preservation.log.num = 0 (default)
2023-01-26 17:38:10,792 [pool-186-thread-1] INFO  server.RaftServerConfigKeys (ConfUtils.java:logGet(46)) - raft.server.log.segment.size.max = 1048576 (custom)
2023-01-26 17:38:10,792 [pool-186-thread-1] INFO  server.RaftServerConfigKeys (ConfUtils.java:logGet(46)) - raft.server.log.segment.cache.num.max = 2 (custom)
2023-01-26 17:38:10,792 [pool-186-thread-1] INFO  server.RaftServerConfigKeys (ConfUtils.java:logGet(46)) - raft.server.log.segment.cache.size.max = 200MB (=209715200) (default)
2023-01-26 17:38:10,792 [pool-186-thread-1] INFO  segmented.SegmentedRaftLogWorker (SegmentedRaftLogWorker.java:<init>(189)) - new 49ad5a47-7d1f-45bf-afe9-a53f24515e29@group-D4D245344B96-SegmentedRaftLogWorker for RaftStorageImpl:Storage Directory /home/runner/work/ozone/ozone/hadoop-ozone/integration-test/target/test-dir/MiniOzoneClusterImpl-49a32a1f-b929-42a3-86b3-c5b719d90673/datanode-5/data/ratis/8f97b832-e2b3-4a03-9754-d4d245344b96
2023-01-26 17:38:10,792 [pool-186-thread-1] INFO  server.RaftServerConfigKeys (ConfUtils.java:logGet(46)) - raft.server.log.queue.byte-limit = 4294967296 (custom)
2023-01-26 17:38:10,792 [pool-186-thread-1] INFO  server.RaftServerConfigKeys (ConfUtils.java:logGet(46)) - raft.server.log.queue.element-limit = 1024 (custom)
2023-01-26 17:38:10,792 [pool-186-thread-1] INFO  server.RaftServerConfigKeys (ConfUtils.java:logGet(46)) - raft.server.log.segment.size.max = 1048576 (custom)
2023-01-26 17:38:10,792 [pool-186-thread-1] INFO  server.RaftServerConfigKeys (ConfUtils.java:logGet(46)) - raft.server.log.preallocated.size = 16384 (custom)
2023-01-26 17:38:10,792 [pool-186-thread-1] INFO  server.RaftServerConfigKeys (ConfUtils.java:logGet(46)) - raft.server.log.force.sync.num = 128 (default)
2023-01-26 17:38:10,792 [pool-186-thread-1] INFO  server.RaftServerConfigKeys (ConfUtils.java:logGet(46)) - raft.server.log.statemachine.data.sync = true (default)
2023-01-26 17:38:10,792 [pool-186-thread-1] INFO  server.RaftServerConfigKeys (ConfUtils.java:logGet(46)) - raft.server.log.statemachine.data.sync.timeout = 10s (default)
2023-01-26 17:38:10,792 [pool-186-thread-1] INFO  server.RaftServerConfigKeys (ConfUtils.java:logGet(46)) - raft.server.log.statemachine.data.sync.timeout.retry = -1 (default)
2023-01-26 17:38:10,793 [pool-186-thread-1] INFO  server.RaftServerConfigKeys (ConfUtils.java:logGet(46)) - raft.server.log.write.buffer.size = 1048576 (custom)
2023-01-26 17:38:10,793 [pool-186-thread-1] INFO  server.RaftServerConfigKeys (ConfUtils.java:logGet(46)) - raft.server.log.appender.buffer.byte-limit = 33554432 (custom)
2023-01-26 17:38:10,803 [pool-186-thread-1] INFO  server.RaftServerConfigKeys (ConfUtils.java:logGet(46)) - raft.server.log.unsafe-flush.enabled = false (default)
2023-01-26 17:38:10,803 [pool-186-thread-1] INFO  server.RaftServerConfigKeys (ConfUtils.java:logGet(46)) - raft.server.log.async-flush.enabled = false (default)
2023-01-26 17:38:10,803 [pool-186-thread-1] INFO  server.RaftServerConfigKeys (ConfUtils.java:logGet(46)) - raft.server.log.statemachine.data.caching.enabled = true (custom)
2023-01-26 17:38:10,804 [pool-186-thread-1] INFO  segmented.SegmentedRaftLogWorker (SegmentedRaftLogWorker.java:lambda$new$0(135)) - 49ad5a47-7d1f-45bf-afe9-a53f24515e29@group-D4D245344B96-SegmentedRaftLogWorker: flushIndex: setUnconditionally 0 -> -1
2023-01-26 17:38:10,804 [pool-186-thread-1] INFO  segmented.SegmentedRaftLogWorker (SegmentedRaftLogWorker.java:lambda$new$0(135)) - 49ad5a47-7d1f-45bf-afe9-a53f24515e29@group-D4D245344B96-SegmentedRaftLogWorker: safeCacheEvictIndex: setUnconditionally 0 -> -1
2023-01-26 17:38:10,818 [Command processor thread] INFO  server.RaftServer (RaftServerProxy.java:addNew(96)) - 49ad5a47-7d1f-45bf-afe9-a53f24515e29: addNew group-CA7C1658FC12:[49ad5a47-7d1f-45bf-afe9-a53f24515e29|rpc:10.1.0.73:36795|dataStream:10.1.0.73:45593|priority:1|startupRole:FOLLOWER] returns group-CA7C1658FC12:java.util.concurrent.CompletableFuture@6ac47047[Not completed]
2023-01-26 17:38:10,823 [pool-186-thread-1] INFO  server.RaftServer$Division (RaftServerImpl.java:start(334)) - 49ad5a47-7d1f-45bf-afe9-a53f24515e29@group-D4D245344B96: start as a follower, conf=-1: peers:[235f2378-c7d7-4173-89ba-00e0bb2ff45d|rpc:10.1.0.73:41431|dataStream:10.1.0.73:43995|priority:0|startupRole:FOLLOWER, 49ad5a47-7d1f-45bf-afe9-a53f24515e29|rpc:10.1.0.73:36795|dataStream:10.1.0.73:45593|priority:0|startupRole:FOLLOWER, f066a8fd-bb24-4d50-9831-ef193da0c0d0|rpc:10.1.0.73:34671|dataStream:10.1.0.73:45771|priority:1|startupRole:FOLLOWER]|listeners:[], old=null
2023-01-26 17:38:10,823 [pool-186-thread-1] INFO  server.RaftServer$Division (RaftServerImpl.java:setRole(321)) - 49ad5a47-7d1f-45bf-afe9-a53f24515e29@group-D4D245344B96: changes role from      null to FOLLOWER at term 0 for startAsFollower
2023-01-26 17:38:10,823 [pool-186-thread-1] INFO  impl.RoleInfo (RoleInfo.java:updateAndGet(139)) - 49ad5a47-7d1f-45bf-afe9-a53f24515e29: start 49ad5a47-7d1f-45bf-afe9-a53f24515e29@group-D4D245344B96-FollowerState
2023-01-26 17:38:10,824 [pool-186-thread-1] INFO  util.JmxRegister (JmxRegister.java:tryRegister(44)) - Successfully registered JMX Bean with object name Ratis:service=RaftServer,group=group-D4D245344B96,id=49ad5a47-7d1f-45bf-afe9-a53f24515e29
2023-01-26 17:38:10,825 [pool-186-thread-1] INFO  server.RaftServerConfigKeys (ConfUtils.java:logGet(46)) - raft.server.snapshot.auto.trigger.enabled = true (custom)
2023-01-26 17:38:10,825 [pool-186-thread-1] INFO  server.RaftServerConfigKeys (ConfUtils.java:logGet(46)) - raft.server.snapshot.auto.trigger.threshold = 10000 (custom)
2023-01-26 17:38:10,825 [pool-186-thread-1] INFO  server.RaftServerConfigKeys (ConfUtils.java:logGet(46)) - raft.server.snapshot.retention.file.num = 5 (custom)
2023-01-26 17:38:10,825 [pool-186-thread-1] INFO  server.RaftServerConfigKeys (ConfUtils.java:logGet(46)) - raft.server.log.purge.upto.snapshot.index = false (default)
2023-01-26 17:38:10,825 [49ad5a47-7d1f-45bf-afe9-a53f24515e29@group-D4D245344B96-FollowerState] INFO  server.RaftServerConfigKeys (ConfUtils.java:logFallback(53)) - raft.server.rpc.first-election.timeout.min = 5s (fallback to raft.server.rpc.timeout.min)
2023-01-26 17:38:10,832 [49ad5a47-7d1f-45bf-afe9-a53f24515e29@group-D4D245344B96-FollowerState] INFO  server.RaftServerConfigKeys (ConfUtils.java:logFallback(53)) - raft.server.rpc.first-election.timeout.max = 5200ms (fallback to raft.server.rpc.timeout.max)
2023-01-26 17:38:10,829 [pool-186-thread-1] INFO  server.RaftServer$Division (RaftServerImpl.java:<init>(195)) - 49ad5a47-7d1f-45bf-afe9-a53f24515e29: new RaftServerImpl for group-CA7C1658FC12:[49ad5a47-7d1f-45bf-afe9-a53f24515e29|rpc:10.1.0.73:36795|dataStream:10.1.0.73:45593|priority:1|startupRole:FOLLOWER] with ContainerStateMachine:uninitialized
2023-01-26 17:38:10,832 [pool-186-thread-1] INFO  server.RaftServerConfigKeys (ConfUtils.java:logGet(46)) - raft.server.rpc.timeout.min = 5s (custom)
2023-01-26 17:38:10,832 [pool-186-thread-1] INFO  server.RaftServerConfigKeys (ConfUtils.java:logGet(46)) - raft.server.rpc.timeout.max = 5200ms (custom)
2023-01-26 17:38:10,832 [pool-186-thread-1] INFO  server.RaftServerConfigKeys (ConfUtils.java:logGet(46)) - raft.server.rpc.sleep.time = 25ms (default)
2023-01-26 17:38:10,832 [pool-186-thread-1] INFO  server.RaftServerConfigKeys (ConfUtils.java:logGet(46)) - raft.server.rpc.slowness.timeout = 300s (custom)
2023-01-26 17:38:10,832 [pool-186-thread-1] INFO  server.RaftServerConfigKeys (ConfUtils.java:logGet(46)) - raft.server.leaderelection.leader.step-down.wait-time = 10s (default)
2023-01-26 17:38:10,832 [pool-186-thread-1] INFO  server.RaftServerConfigKeys (ConfUtils.java:logGet(46)) - raft.server.sleep.deviation.threshold = 300ms (default)
2023-01-26 17:38:10,832 [pool-186-thread-1] INFO  server.RaftServer$Division (ServerState.java:<init>(118)) - 49ad5a47-7d1f-45bf-afe9-a53f24515e29@group-CA7C1658FC12: ConfigurationManager, init=-1: peers:[49ad5a47-7d1f-45bf-afe9-a53f24515e29|rpc:10.1.0.73:36795|dataStream:10.1.0.73:45593|priority:1|startupRole:FOLLOWER]|listeners:[], old=null, confs=<EMPTY_MAP>
2023-01-26 17:38:10,832 [pool-186-thread-1] INFO  server.RaftServerConfigKeys (ConfUtils.java:logGet(46)) - raft.server.storage.dir = [/home/runner/work/ozone/ozone/hadoop-ozone/integration-test/target/test-dir/MiniOzoneClusterImpl-49a32a1f-b929-42a3-86b3-c5b719d90673/datanode-5/data/ratis] (custom)
2023-01-26 17:38:10,832 [pool-186-thread-1] INFO  server.RaftServerConfigKeys (ConfUtils.java:logGet(46)) - raft.server.log.corruption.policy = EXCEPTION (default)
2023-01-26 17:38:10,832 [pool-186-thread-1] INFO  server.RaftServerConfigKeys (ConfUtils.java:logGet(46)) - raft.server.storage.free-space.min = 0MB (=0) (default)
2023-01-26 17:38:10,833 [pool-186-thread-1] INFO  server.RaftServerConfigKeys (ConfUtils.java:logGet(46)) - raft.server.notification.no-leader.timeout = 300s (custom)
2023-01-26 17:38:10,833 [pool-186-thread-1] INFO  server.RaftServerConfigKeys (ConfUtils.java:logGet(46)) - raft.server.retrycache.expirytime = 600000ms (custom)
2023-01-26 17:38:10,833 [pool-186-thread-1] INFO  server.RaftServerConfigKeys (ConfUtils.java:logGet(46)) - raft.server.retrycache.statistics.expirytime = 100μs (default)
2023-01-26 17:38:10,833 [pool-186-thread-1] INFO  server.RaftServerConfigKeys (ConfUtils.java:logGet(46)) - raft.server.log.appender.install.snapshot.enabled = false (custom)
2023-01-26 17:38:10,834 [pool-186-thread-1] INFO  server.RaftServerConfigKeys (ConfUtils.java:logGet(46)) - raft.server.threadpool.server.cached = true (default)
2023-01-26 17:38:10,834 [pool-186-thread-1] INFO  server.RaftServerConfigKeys (ConfUtils.java:logGet(46)) - raft.server.threadpool.server.size = 0 (default)
2023-01-26 17:38:10,834 [pool-186-thread-1] INFO  server.RaftServerConfigKeys (ConfUtils.java:logGet(46)) - raft.server.threadpool.client.cached = true (default)
2023-01-26 17:38:10,834 [pool-186-thread-1] INFO  server.RaftServerConfigKeys (ConfUtils.java:logGet(46)) - raft.server.threadpool.client.size = 0 (default)
2023-01-26 17:38:10,834 [pool-186-thread-1] INFO  storage.RaftStorageDirectory (RaftStorageDirectoryImpl.java:analyzeStorage(137)) - The storage directory /home/runner/work/ozone/ozone/hadoop-ozone/integration-test/target/test-dir/MiniOzoneClusterImpl-49a32a1f-b929-42a3-86b3-c5b719d90673/datanode-5/data/ratis/95742700-beb7-4959-a5e9-ca7c1658fc12 does not exist. Creating ...
2023-01-26 17:38:10,836 [pool-186-thread-1] INFO  storage.RaftStorageDirectory (RaftStorageDirectoryImpl.java:tryLock(231)) - Lock on /home/runner/work/ozone/ozone/hadoop-ozone/integration-test/target/test-dir/MiniOzoneClusterImpl-49a32a1f-b929-42a3-86b3-c5b719d90673/datanode-5/data/ratis/95742700-beb7-4959-a5e9-ca7c1658fc12/in_use.lock acquired by nodename 58484@fv-az77-38
2023-01-26 17:38:10,843 [pool-186-thread-1] INFO  storage.RaftStorage (RaftStorageImpl.java:format(96)) - Storage directory /home/runner/work/ozone/ozone/hadoop-ozone/integration-test/target/test-dir/MiniOzoneClusterImpl-49a32a1f-b929-42a3-86b3-c5b719d90673/datanode-5/data/ratis/95742700-beb7-4959-a5e9-ca7c1658fc12 has been successfully formatted.
2023-01-26 17:38:10,844 [pool-186-thread-1] INFO  ratis.ContainerStateMachine (ContainerStateMachine.java:loadSnapshot(240)) - group-CA7C1658FC12: The snapshot info is null. Setting the last applied indexto:(t:0, i:~)
2023-01-26 17:38:10,848 [pool-186-thread-1] INFO  server.RaftServerConfigKeys (ConfUtils.java:logGet(46)) - raft.server.log.use.memory = false (default)
2023-01-26 17:38:10,848 [pool-186-thread-1] INFO  server.RaftServerConfigKeys (ConfUtils.java:logGet(46)) - raft.server.log.purge.gap = 1000000 (custom)
2023-01-26 17:38:10,848 [pool-186-thread-1] INFO  server.RaftServerConfigKeys (ConfUtils.java:logGet(46)) - raft.server.log.appender.buffer.byte-limit = 33554432 (custom)
2023-01-26 17:38:10,848 [pool-186-thread-1] INFO  server.RaftServerConfigKeys (ConfUtils.java:logGet(46)) - raft.server.log.statemachine.data.read.timeout = 1000ms (default)
2023-01-26 17:38:10,848 [pool-186-thread-1] INFO  server.RaftServerConfigKeys (ConfUtils.java:logGet(46)) - raft.server.log.purge.preservation.log.num = 0 (default)
2023-01-26 17:38:10,849 [EventQueue-PipelineReportForPipelineReportHandler] INFO  pipeline.PipelineManagerImpl (PipelineManagerImpl.java:openPipeline(367)) - Pipeline Pipeline[ Id: 95742700-beb7-4959-a5e9-ca7c1658fc12, Nodes: 49ad5a47-7d1f-45bf-afe9-a53f24515e29(fv-az77-38/10.1.0.73), ReplicationConfig: RATIS/ONE, State:ALLOCATED, leaderId:49ad5a47-7d1f-45bf-afe9-a53f24515e29, CreationTimestamp2023-01-26T17:38:07.822Z[Etc/UTC]] moved to OPEN state
2023-01-26 17:38:10,849 [EventQueue-OpenPipelineForHealthyPipelineSafeModeRule] INFO  safemode.SCMSafeModeManager (HealthyPipelineSafeModeRule.java:process(137)) - SCM in safe mode. Healthy pipelines reported count is 0, required healthy pipeline reported count is 1
2023-01-26 17:38:10,849 [pool-186-thread-1] INFO  server.RaftServerConfigKeys (ConfUtils.java:logGet(46)) - raft.server.log.segment.size.max = 1048576 (custom)
2023-01-26 17:38:10,850 [pool-186-thread-1] INFO  server.RaftServerConfigKeys (ConfUtils.java:logGet(46)) - raft.server.log.segment.cache.num.max = 2 (custom)
2023-01-26 17:38:10,850 [pool-186-thread-1] INFO  server.RaftServerConfigKeys (ConfUtils.java:logGet(46)) - raft.server.log.segment.cache.size.max = 200MB (=209715200) (default)
2023-01-26 17:38:10,850 [pool-186-thread-1] INFO  segmented.SegmentedRaftLogWorker (SegmentedRaftLogWorker.java:<init>(189)) - new 49ad5a47-7d1f-45bf-afe9-a53f24515e29@group-CA7C1658FC12-SegmentedRaftLogWorker for RaftStorageImpl:Storage Directory /home/runner/work/ozone/ozone/hadoop-ozone/integration-test/target/test-dir/MiniOzoneClusterImpl-49a32a1f-b929-42a3-86b3-c5b719d90673/datanode-5/data/ratis/95742700-beb7-4959-a5e9-ca7c1658fc12
2023-01-26 17:38:10,850 [pool-186-thread-1] INFO  server.RaftServerConfigKeys (ConfUtils.java:logGet(46)) - raft.server.log.queue.byte-limit = 4294967296 (custom)
2023-01-26 17:38:10,850 [pool-186-thread-1] INFO  server.RaftServerConfigKeys (ConfUtils.java:logGet(46)) - raft.server.log.queue.element-limit = 1024 (custom)
2023-01-26 17:38:10,850 [pool-186-thread-1] INFO  server.RaftServerConfigKeys (ConfUtils.java:logGet(46)) - raft.server.log.segment.size.max = 1048576 (custom)
2023-01-26 17:38:10,850 [pool-186-thread-1] INFO  server.RaftServerConfigKeys (ConfUtils.java:logGet(46)) - raft.server.log.preallocated.size = 16384 (custom)
2023-01-26 17:38:10,851 [pool-186-thread-1] INFO  server.RaftServerConfigKeys (ConfUtils.java:logGet(46)) - raft.server.log.force.sync.num = 128 (default)
2023-01-26 17:38:10,851 [pool-186-thread-1] INFO  server.RaftServerConfigKeys (ConfUtils.java:logGet(46)) - raft.server.log.statemachine.data.sync = true (default)
2023-01-26 17:38:10,851 [pool-186-thread-1] INFO  server.RaftServerConfigKeys (ConfUtils.java:logGet(46)) - raft.server.log.statemachine.data.sync.timeout = 10s (default)
2023-01-26 17:38:10,851 [pool-186-thread-1] INFO  server.RaftServerConfigKeys (ConfUtils.java:logGet(46)) - raft.server.log.statemachine.data.sync.timeout.retry = -1 (default)
2023-01-26 17:38:10,852 [pool-186-thread-1] INFO  server.RaftServerConfigKeys (ConfUtils.java:logGet(46)) - raft.server.log.write.buffer.size = 1048576 (custom)
2023-01-26 17:38:10,852 [pool-186-thread-1] INFO  server.RaftServerConfigKeys (ConfUtils.java:logGet(46)) - raft.server.log.appender.buffer.byte-limit = 33554432 (custom)
2023-01-26 17:38:10,857 [pool-186-thread-1] INFO  server.RaftServerConfigKeys (ConfUtils.java:logGet(46)) - raft.server.log.unsafe-flush.enabled = false (default)
2023-01-26 17:38:10,857 [pool-186-thread-1] INFO  server.RaftServerConfigKeys (ConfUtils.java:logGet(46)) - raft.server.log.async-flush.enabled = false (default)
2023-01-26 17:38:10,857 [pool-186-thread-1] INFO  server.RaftServerConfigKeys (ConfUtils.java:logGet(46)) - raft.server.log.statemachine.data.caching.enabled = true (custom)
2023-01-26 17:38:10,858 [pool-186-thread-1] INFO  segmented.SegmentedRaftLogWorker (SegmentedRaftLogWorker.java:lambda$new$0(135)) - 49ad5a47-7d1f-45bf-afe9-a53f24515e29@group-CA7C1658FC12-SegmentedRaftLogWorker: flushIndex: setUnconditionally 0 -> -1
2023-01-26 17:38:10,870 [pool-186-thread-1] INFO  segmented.SegmentedRaftLogWorker (SegmentedRaftLogWorker.java:lambda$new$0(135)) - 49ad5a47-7d1f-45bf-afe9-a53f24515e29@group-CA7C1658FC12-SegmentedRaftLogWorker: safeCacheEvictIndex: setUnconditionally 0 -> -1
2023-01-26 17:38:10,871 [Command processor thread] INFO  commandhandler.CreatePipelineCommandHandler (CreatePipelineCommandHandler.java:handle(113)) - Created Pipeline RATIS THREE PipelineID=8f97b832-e2b3-4a03-9754-d4d245344b96.
2023-01-26 17:38:10,881 [pool-186-thread-1] INFO  server.RaftServer$Division (RaftServerImpl.java:start(334)) - 49ad5a47-7d1f-45bf-afe9-a53f24515e29@group-CA7C1658FC12: start as a follower, conf=-1: peers:[49ad5a47-7d1f-45bf-afe9-a53f24515e29|rpc:10.1.0.73:36795|dataStream:10.1.0.73:45593|priority:1|startupRole:FOLLOWER]|listeners:[], old=null
2023-01-26 17:38:10,881 [pool-186-thread-1] INFO  server.RaftServer$Division (RaftServerImpl.java:setRole(321)) - 49ad5a47-7d1f-45bf-afe9-a53f24515e29@group-CA7C1658FC12: changes role from      null to FOLLOWER at term 0 for startAsFollower
2023-01-26 17:38:10,881 [pool-186-thread-1] INFO  impl.RoleInfo (RoleInfo.java:updateAndGet(139)) - 49ad5a47-7d1f-45bf-afe9-a53f24515e29: start 49ad5a47-7d1f-45bf-afe9-a53f24515e29@group-CA7C1658FC12-FollowerState
2023-01-26 17:38:10,882 [49ad5a47-7d1f-45bf-afe9-a53f24515e29@group-CA7C1658FC12-FollowerState] INFO  server.RaftServerConfigKeys (ConfUtils.java:logFallback(53)) - raft.server.rpc.first-election.timeout.min = 5s (fallback to raft.server.rpc.timeout.min)
2023-01-26 17:38:10,882 [49ad5a47-7d1f-45bf-afe9-a53f24515e29@group-CA7C1658FC12-FollowerState] INFO  server.RaftServerConfigKeys (ConfUtils.java:logFallback(53)) - raft.server.rpc.first-election.timeout.max = 5200ms (fallback to raft.server.rpc.timeout.max)
2023-01-26 17:38:10,882 [pool-186-thread-1] INFO  util.JmxRegister (JmxRegister.java:tryRegister(44)) - Successfully registered JMX Bean with object name Ratis:service=RaftServer,group=group-CA7C1658FC12,id=49ad5a47-7d1f-45bf-afe9-a53f24515e29
2023-01-26 17:38:10,883 [pool-186-thread-1] INFO  server.RaftServerConfigKeys (ConfUtils.java:logGet(46)) - raft.server.snapshot.auto.trigger.enabled = true (custom)
2023-01-26 17:38:10,883 [pool-186-thread-1] INFO  server.RaftServerConfigKeys (ConfUtils.java:logGet(46)) - raft.server.snapshot.auto.trigger.threshold = 10000 (custom)
2023-01-26 17:38:10,883 [pool-186-thread-1] INFO  server.RaftServerConfigKeys (ConfUtils.java:logGet(46)) - raft.server.snapshot.retention.file.num = 5 (custom)
2023-01-26 17:38:10,883 [pool-186-thread-1] INFO  server.RaftServerConfigKeys (ConfUtils.java:logGet(46)) - raft.server.log.purge.upto.snapshot.index = false (default)
2023-01-26 17:38:10,889 [Command processor thread] INFO  commandhandler.CreatePipelineCommandHandler (CreatePipelineCommandHandler.java:handle(113)) - Created Pipeline RATIS THREE PipelineID=8f97b832-e2b3-4a03-9754-d4d245344b96.
2023-01-26 17:38:10,891 [Command processor thread] INFO  ratis.XceiverServerRatis (XceiverServerRatis.java:addGroup(806)) - Created group PipelineID=95742700-beb7-4959-a5e9-ca7c1658fc12
2023-01-26 17:38:10,891 [Command processor thread] INFO  commandhandler.CreatePipelineCommandHandler (CreatePipelineCommandHandler.java:handle(113)) - Created Pipeline RATIS ONE PipelineID=95742700-beb7-4959-a5e9-ca7c1658fc12.
2023-01-26 17:38:11,262 [Listener at 127.0.0.1/41041] INFO  ozone.MiniOzoneClusterImpl (MiniOzoneClusterImpl.java:lambda$waitForClusterToBeReady$0(218)) - Nodes are ready. Got 7 of 7 DN Heartbeats.
2023-01-26 17:38:11,263 [Listener at 127.0.0.1/41041] INFO  ozone.MiniOzoneClusterImpl (MiniOzoneClusterImpl.java:lambda$waitForClusterToBeReady$0(221)) - Waiting for cluster to exit safe mode
2023-01-26 17:38:11,263 [Listener at 127.0.0.1/41041] INFO  ozone.MiniOzoneClusterImpl (MiniOzoneClusterImpl.java:lambda$waitForClusterToBeReady$0(223)) - SCM became leader
2023-01-26 17:38:11,267 [Command processor thread] INFO  server.RaftServer (RaftServerProxy.java:addNew(96)) - 1c9aed28-9cdb-4eb7-a568-9d4d50a7e5ce: addNew group-F34764D44111:[1c9aed28-9cdb-4eb7-a568-9d4d50a7e5ce|rpc:10.1.0.73:36301|dataStream:10.1.0.73:40169|priority:1|startupRole:FOLLOWER] returns group-F34764D44111:java.util.concurrent.CompletableFuture@54f36737[Not completed]
2023-01-26 17:38:11,271 [pool-209-thread-1] INFO  server.RaftServer$Division (RaftServerImpl.java:<init>(195)) - 1c9aed28-9cdb-4eb7-a568-9d4d50a7e5ce: new RaftServerImpl for group-F34764D44111:[1c9aed28-9cdb-4eb7-a568-9d4d50a7e5ce|rpc:10.1.0.73:36301|dataStream:10.1.0.73:40169|priority:1|startupRole:FOLLOWER] with ContainerStateMachine:uninitialized
2023-01-26 17:38:11,271 [pool-209-thread-1] INFO  server.RaftServerConfigKeys (ConfUtils.java:logGet(46)) - raft.server.rpc.timeout.min = 5s (custom)
2023-01-26 17:38:11,271 [pool-209-thread-1] INFO  server.RaftServerConfigKeys (ConfUtils.java:logGet(46)) - raft.server.rpc.timeout.max = 5200ms (custom)
2023-01-26 17:38:11,271 [pool-209-thread-1] INFO  server.RaftServerConfigKeys (ConfUtils.java:logGet(46)) - raft.server.rpc.sleep.time = 25ms (default)
2023-01-26 17:38:11,272 [pool-209-thread-1] INFO  server.RaftServerConfigKeys (ConfUtils.java:logGet(46)) - raft.server.rpc.slowness.timeout = 300s (custom)
2023-01-26 17:38:11,272 [pool-209-thread-1] INFO  server.RaftServerConfigKeys (ConfUtils.java:logGet(46)) - raft.server.leaderelection.leader.step-down.wait-time = 10s (default)
2023-01-26 17:38:11,272 [pool-209-thread-1] INFO  server.RaftServerConfigKeys (ConfUtils.java:logGet(46)) - raft.server.sleep.deviation.threshold = 300ms (default)
2023-01-26 17:38:11,272 [pool-209-thread-1] INFO  server.RaftServer$Division (ServerState.java:<init>(118)) - 1c9aed28-9cdb-4eb7-a568-9d4d50a7e5ce@group-F34764D44111: ConfigurationManager, init=-1: peers:[1c9aed28-9cdb-4eb7-a568-9d4d50a7e5ce|rpc:10.1.0.73:36301|dataStream:10.1.0.73:40169|priority:1|startupRole:FOLLOWER]|listeners:[], old=null, confs=<EMPTY_MAP>
2023-01-26 17:38:11,272 [pool-209-thread-1] INFO  server.RaftServerConfigKeys (ConfUtils.java:logGet(46)) - raft.server.storage.dir = [/home/runner/work/ozone/ozone/hadoop-ozone/integration-test/target/test-dir/MiniOzoneClusterImpl-49a32a1f-b929-42a3-86b3-c5b719d90673/datanode-6/data/ratis] (custom)
2023-01-26 17:38:11,272 [pool-209-thread-1] INFO  server.RaftServerConfigKeys (ConfUtils.java:logGet(46)) - raft.server.log.corruption.policy = EXCEPTION (default)
2023-01-26 17:38:11,272 [pool-209-thread-1] INFO  server.RaftServerConfigKeys (ConfUtils.java:logGet(46)) - raft.server.storage.free-space.min = 0MB (=0) (default)
2023-01-26 17:38:11,272 [pool-209-thread-1] INFO  server.RaftServerConfigKeys (ConfUtils.java:logGet(46)) - raft.server.notification.no-leader.timeout = 300s (custom)
2023-01-26 17:38:11,272 [pool-209-thread-1] INFO  server.RaftServerConfigKeys (ConfUtils.java:logGet(46)) - raft.server.retrycache.expirytime = 600000ms (custom)
2023-01-26 17:38:11,272 [pool-209-thread-1] INFO  server.RaftServerConfigKeys (ConfUtils.java:logGet(46)) - raft.server.retrycache.statistics.expirytime = 100μs (default)
2023-01-26 17:38:11,275 [pool-209-thread-1] INFO  server.RaftServerConfigKeys (ConfUtils.java:logGet(46)) - raft.server.log.appender.install.snapshot.enabled = false (custom)
2023-01-26 17:38:11,275 [pool-209-thread-1] INFO  server.RaftServerConfigKeys (ConfUtils.java:logGet(46)) - raft.server.threadpool.server.cached = true (default)
2023-01-26 17:38:11,275 [pool-209-thread-1] INFO  server.RaftServerConfigKeys (ConfUtils.java:logGet(46)) - raft.server.threadpool.server.size = 0 (default)
2023-01-26 17:38:11,275 [pool-209-thread-1] INFO  server.RaftServerConfigKeys (ConfUtils.java:logGet(46)) - raft.server.threadpool.client.cached = true (default)
2023-01-26 17:38:11,275 [pool-209-thread-1] INFO  server.RaftServerConfigKeys (ConfUtils.java:logGet(46)) - raft.server.threadpool.client.size = 0 (default)
2023-01-26 17:38:11,275 [pool-209-thread-1] INFO  storage.RaftStorageDirectory (RaftStorageDirectoryImpl.java:analyzeStorage(137)) - The storage directory /home/runner/work/ozone/ozone/hadoop-ozone/integration-test/target/test-dir/MiniOzoneClusterImpl-49a32a1f-b929-42a3-86b3-c5b719d90673/datanode-6/data/ratis/6a9459a5-6736-4087-8183-f34764d44111 does not exist. Creating ...
2023-01-26 17:38:11,276 [pool-209-thread-1] INFO  storage.RaftStorageDirectory (RaftStorageDirectoryImpl.java:tryLock(231)) - Lock on /home/runner/work/ozone/ozone/hadoop-ozone/integration-test/target/test-dir/MiniOzoneClusterImpl-49a32a1f-b929-42a3-86b3-c5b719d90673/datanode-6/data/ratis/6a9459a5-6736-4087-8183-f34764d44111/in_use.lock acquired by nodename 58484@fv-az77-38
2023-01-26 17:38:11,277 [pool-209-thread-1] INFO  storage.RaftStorage (RaftStorageImpl.java:format(96)) - Storage directory /home/runner/work/ozone/ozone/hadoop-ozone/integration-test/target/test-dir/MiniOzoneClusterImpl-49a32a1f-b929-42a3-86b3-c5b719d90673/datanode-6/data/ratis/6a9459a5-6736-4087-8183-f34764d44111 has been successfully formatted.
2023-01-26 17:38:11,279 [pool-209-thread-1] INFO  ratis.ContainerStateMachine (ContainerStateMachine.java:loadSnapshot(240)) - group-F34764D44111: The snapshot info is null. Setting the last applied indexto:(t:0, i:~)
2023-01-26 17:38:11,279 [pool-209-thread-1] INFO  server.RaftServerConfigKeys (ConfUtils.java:logGet(46)) - raft.server.log.use.memory = false (default)
2023-01-26 17:38:11,279 [pool-209-thread-1] INFO  server.RaftServerConfigKeys (ConfUtils.java:logGet(46)) - raft.server.log.purge.gap = 1000000 (custom)
2023-01-26 17:38:11,279 [pool-209-thread-1] INFO  server.RaftServerConfigKeys (ConfUtils.java:logGet(46)) - raft.server.log.appender.buffer.byte-limit = 33554432 (custom)
2023-01-26 17:38:11,279 [pool-209-thread-1] INFO  server.RaftServerConfigKeys (ConfUtils.java:logGet(46)) - raft.server.log.statemachine.data.read.timeout = 1000ms (default)
2023-01-26 17:38:11,279 [pool-209-thread-1] INFO  server.RaftServerConfigKeys (ConfUtils.java:logGet(46)) - raft.server.log.purge.preservation.log.num = 0 (default)
2023-01-26 17:38:11,279 [pool-209-thread-1] INFO  server.RaftServerConfigKeys (ConfUtils.java:logGet(46)) - raft.server.log.segment.size.max = 1048576 (custom)
2023-01-26 17:38:11,280 [pool-209-thread-1] INFO  server.RaftServerConfigKeys (ConfUtils.java:logGet(46)) - raft.server.log.segment.cache.num.max = 2 (custom)
2023-01-26 17:38:11,280 [pool-209-thread-1] INFO  server.RaftServerConfigKeys (ConfUtils.java:logGet(46)) - raft.server.log.segment.cache.size.max = 200MB (=209715200) (default)
2023-01-26 17:38:11,280 [pool-209-thread-1] INFO  segmented.SegmentedRaftLogWorker (SegmentedRaftLogWorker.java:<init>(189)) - new 1c9aed28-9cdb-4eb7-a568-9d4d50a7e5ce@group-F34764D44111-SegmentedRaftLogWorker for RaftStorageImpl:Storage Directory /home/runner/work/ozone/ozone/hadoop-ozone/integration-test/target/test-dir/MiniOzoneClusterImpl-49a32a1f-b929-42a3-86b3-c5b719d90673/datanode-6/data/ratis/6a9459a5-6736-4087-8183-f34764d44111
2023-01-26 17:38:11,280 [pool-209-thread-1] INFO  server.RaftServerConfigKeys (ConfUtils.java:logGet(46)) - raft.server.log.queue.byte-limit = 4294967296 (custom)
2023-01-26 17:38:11,280 [pool-209-thread-1] INFO  server.RaftServerConfigKeys (ConfUtils.java:logGet(46)) - raft.server.log.queue.element-limit = 1024 (custom)
2023-01-26 17:38:11,280 [pool-209-thread-1] INFO  server.RaftServerConfigKeys (ConfUtils.java:logGet(46)) - raft.server.log.segment.size.max = 1048576 (custom)
2023-01-26 17:38:11,280 [pool-209-thread-1] INFO  server.RaftServerConfigKeys (ConfUtils.java:logGet(46)) - raft.server.log.preallocated.size = 16384 (custom)
2023-01-26 17:38:11,280 [pool-209-thread-1] INFO  server.RaftServerConfigKeys (ConfUtils.java:logGet(46)) - raft.server.log.force.sync.num = 128 (default)
2023-01-26 17:38:11,280 [pool-209-thread-1] INFO  server.RaftServerConfigKeys (ConfUtils.java:logGet(46)) - raft.server.log.statemachine.data.sync = true (default)
2023-01-26 17:38:11,280 [pool-209-thread-1] INFO  server.RaftServerConfigKeys (ConfUtils.java:logGet(46)) - raft.server.log.statemachine.data.sync.timeout = 10s (default)
2023-01-26 17:38:11,280 [pool-209-thread-1] INFO  server.RaftServerConfigKeys (ConfUtils.java:logGet(46)) - raft.server.log.statemachine.data.sync.timeout.retry = -1 (default)
2023-01-26 17:38:11,281 [EventQueue-PipelineReportForPipelineReportHandler] INFO  pipeline.PipelineManagerImpl (PipelineManagerImpl.java:openPipeline(367)) - Pipeline Pipeline[ Id: 6a9459a5-6736-4087-8183-f34764d44111, Nodes: 1c9aed28-9cdb-4eb7-a568-9d4d50a7e5ce(fv-az77-38/10.1.0.73), ReplicationConfig: RATIS/ONE, State:ALLOCATED, leaderId:1c9aed28-9cdb-4eb7-a568-9d4d50a7e5ce, CreationTimestamp2023-01-26T17:38:08.270Z[Etc/UTC]] moved to OPEN state
2023-01-26 17:38:11,281 [pool-209-thread-1] INFO  server.RaftServerConfigKeys (ConfUtils.java:logGet(46)) - raft.server.log.write.buffer.size = 1048576 (custom)
2023-01-26 17:38:11,282 [EventQueue-OpenPipelineForHealthyPipelineSafeModeRule] INFO  safemode.SCMSafeModeManager (HealthyPipelineSafeModeRule.java:process(137)) - SCM in safe mode. Healthy pipelines reported count is 0, required healthy pipeline reported count is 1
2023-01-26 17:38:11,282 [pool-209-thread-1] INFO  server.RaftServerConfigKeys (ConfUtils.java:logGet(46)) - raft.server.log.appender.buffer.byte-limit = 33554432 (custom)
2023-01-26 17:38:11,287 [pool-209-thread-1] INFO  server.RaftServerConfigKeys (ConfUtils.java:logGet(46)) - raft.server.log.unsafe-flush.enabled = false (default)
2023-01-26 17:38:11,287 [pool-209-thread-1] INFO  server.RaftServerConfigKeys (ConfUtils.java:logGet(46)) - raft.server.log.async-flush.enabled = false (default)
2023-01-26 17:38:11,287 [pool-209-thread-1] INFO  server.RaftServerConfigKeys (ConfUtils.java:logGet(46)) - raft.server.log.statemachine.data.caching.enabled = true (custom)
2023-01-26 17:38:11,287 [pool-209-thread-1] INFO  segmented.SegmentedRaftLogWorker (SegmentedRaftLogWorker.java:lambda$new$0(135)) - 1c9aed28-9cdb-4eb7-a568-9d4d50a7e5ce@group-F34764D44111-SegmentedRaftLogWorker: flushIndex: setUnconditionally 0 -> -1
2023-01-26 17:38:11,287 [pool-209-thread-1] INFO  segmented.SegmentedRaftLogWorker (SegmentedRaftLogWorker.java:lambda$new$0(135)) - 1c9aed28-9cdb-4eb7-a568-9d4d50a7e5ce@group-F34764D44111-SegmentedRaftLogWorker: safeCacheEvictIndex: setUnconditionally 0 -> -1
2023-01-26 17:38:11,287 [pool-209-thread-1] INFO  server.RaftServer$Division (RaftServerImpl.java:start(334)) - 1c9aed28-9cdb-4eb7-a568-9d4d50a7e5ce@group-F34764D44111: start as a follower, conf=-1: peers:[1c9aed28-9cdb-4eb7-a568-9d4d50a7e5ce|rpc:10.1.0.73:36301|dataStream:10.1.0.73:40169|priority:1|startupRole:FOLLOWER]|listeners:[], old=null
2023-01-26 17:38:11,287 [pool-209-thread-1] INFO  server.RaftServer$Division (RaftServerImpl.java:setRole(321)) - 1c9aed28-9cdb-4eb7-a568-9d4d50a7e5ce@group-F34764D44111: changes role from      null to FOLLOWER at term 0 for startAsFollower
2023-01-26 17:38:11,288 [pool-209-thread-1] INFO  impl.RoleInfo (RoleInfo.java:updateAndGet(139)) - 1c9aed28-9cdb-4eb7-a568-9d4d50a7e5ce: start 1c9aed28-9cdb-4eb7-a568-9d4d50a7e5ce@group-F34764D44111-FollowerState
2023-01-26 17:38:11,291 [pool-209-thread-1] INFO  util.JmxRegister (JmxRegister.java:tryRegister(44)) - Successfully registered JMX Bean with object name Ratis:service=RaftServer,group=group-F34764D44111,id=1c9aed28-9cdb-4eb7-a568-9d4d50a7e5ce
2023-01-26 17:38:11,291 [pool-209-thread-1] INFO  server.RaftServerConfigKeys (ConfUtils.java:logGet(46)) - raft.server.snapshot.auto.trigger.enabled = true (custom)
2023-01-26 17:38:11,292 [pool-209-thread-1] INFO  server.RaftServerConfigKeys (ConfUtils.java:logGet(46)) - raft.server.snapshot.auto.trigger.threshold = 10000 (custom)
2023-01-26 17:38:11,292 [pool-209-thread-1] INFO  server.RaftServerConfigKeys (ConfUtils.java:logGet(46)) - raft.server.snapshot.retention.file.num = 5 (custom)
2023-01-26 17:38:11,292 [pool-209-thread-1] INFO  server.RaftServerConfigKeys (ConfUtils.java:logGet(46)) - raft.server.log.purge.upto.snapshot.index = false (default)
2023-01-26 17:38:11,292 [1c9aed28-9cdb-4eb7-a568-9d4d50a7e5ce@group-F34764D44111-FollowerState] INFO  server.RaftServerConfigKeys (ConfUtils.java:logFallback(53)) - raft.server.rpc.first-election.timeout.min = 5s (fallback to raft.server.rpc.timeout.min)
2023-01-26 17:38:11,292 [1c9aed28-9cdb-4eb7-a568-9d4d50a7e5ce@group-F34764D44111-FollowerState] INFO  server.RaftServerConfigKeys (ConfUtils.java:logFallback(53)) - raft.server.rpc.first-election.timeout.max = 5200ms (fallback to raft.server.rpc.timeout.max)
2023-01-26 17:38:11,292 [Command processor thread] INFO  ratis.XceiverServerRatis (XceiverServerRatis.java:addGroup(806)) - Created group PipelineID=6a9459a5-6736-4087-8183-f34764d44111
2023-01-26 17:38:11,293 [Command processor thread] INFO  commandhandler.CreatePipelineCommandHandler (CreatePipelineCommandHandler.java:handle(113)) - Created Pipeline RATIS ONE PipelineID=6a9459a5-6736-4087-8183-f34764d44111.
2023-01-26 17:38:12,263 [Listener at 127.0.0.1/41041] INFO  ozone.MiniOzoneClusterImpl (MiniOzoneClusterImpl.java:lambda$waitForClusterToBeReady$0(218)) - Nodes are ready. Got 7 of 7 DN Heartbeats.
2023-01-26 17:38:12,263 [Listener at 127.0.0.1/41041] INFO  ozone.MiniOzoneClusterImpl (MiniOzoneClusterImpl.java:lambda$waitForClusterToBeReady$0(221)) - Waiting for cluster to exit safe mode
2023-01-26 17:38:12,264 [Listener at 127.0.0.1/41041] INFO  ozone.MiniOzoneClusterImpl (MiniOzoneClusterImpl.java:lambda$waitForClusterToBeReady$0(223)) - SCM became leader
2023-01-26 17:38:13,264 [Listener at 127.0.0.1/41041] INFO  ozone.MiniOzoneClusterImpl (MiniOzoneClusterImpl.java:lambda$waitForClusterToBeReady$0(218)) - Nodes are ready. Got 7 of 7 DN Heartbeats.
2023-01-26 17:38:13,264 [Listener at 127.0.0.1/41041] INFO  ozone.MiniOzoneClusterImpl (MiniOzoneClusterImpl.java:lambda$waitForClusterToBeReady$0(221)) - Waiting for cluster to exit safe mode
2023-01-26 17:38:13,264 [Listener at 127.0.0.1/41041] INFO  ozone.MiniOzoneClusterImpl (MiniOzoneClusterImpl.java:lambda$waitForClusterToBeReady$0(223)) - SCM became leader
2023-01-26 17:38:14,007 [c453178f-2ef0-4247-9a2d-ffe23fd9d996@group-A00965D8A84E-FollowerState] INFO  impl.FollowerState (FollowerState.java:run(143)) - c453178f-2ef0-4247-9a2d-ffe23fd9d996@group-A00965D8A84E-FollowerState: change to CANDIDATE, lastRpcElapsedTime:5027920095ns, electionTimeout:5023ms
2023-01-26 17:38:14,007 [c453178f-2ef0-4247-9a2d-ffe23fd9d996@group-A00965D8A84E-FollowerState] INFO  impl.RoleInfo (RoleInfo.java:shutdownFollowerState(110)) - c453178f-2ef0-4247-9a2d-ffe23fd9d996: shutdown c453178f-2ef0-4247-9a2d-ffe23fd9d996@group-A00965D8A84E-FollowerState
2023-01-26 17:38:14,007 [c453178f-2ef0-4247-9a2d-ffe23fd9d996@group-A00965D8A84E-FollowerState] INFO  server.RaftServer$Division (RaftServerImpl.java:setRole(321)) - c453178f-2ef0-4247-9a2d-ffe23fd9d996@group-A00965D8A84E: changes role from  FOLLOWER to CANDIDATE at term 0 for changeToCandidate
2023-01-26 17:38:14,008 [c453178f-2ef0-4247-9a2d-ffe23fd9d996@group-A00965D8A84E-FollowerState] INFO  server.RaftServerConfigKeys (ConfUtils.java:logGet(46)) - raft.server.leaderelection.pre-vote = false (custom)
2023-01-26 17:38:14,008 [c453178f-2ef0-4247-9a2d-ffe23fd9d996@group-A00965D8A84E-FollowerState] INFO  impl.RoleInfo (RoleInfo.java:updateAndGet(139)) - c453178f-2ef0-4247-9a2d-ffe23fd9d996: start c453178f-2ef0-4247-9a2d-ffe23fd9d996@group-A00965D8A84E-LeaderElection2
2023-01-26 17:38:14,011 [c453178f-2ef0-4247-9a2d-ffe23fd9d996@group-A00965D8A84E-LeaderElection2] INFO  impl.LeaderElection (LeaderElection.java:askForVotes(312)) - c453178f-2ef0-4247-9a2d-ffe23fd9d996@group-A00965D8A84E-LeaderElection2 ELECTION round 0: submit vote requests at term 1 for -1: peers:[c453178f-2ef0-4247-9a2d-ffe23fd9d996|rpc:10.1.0.73:42109|dataStream:10.1.0.73:44519|priority:1|startupRole:FOLLOWER]|listeners:[], old=null
2023-01-26 17:38:14,011 [c453178f-2ef0-4247-9a2d-ffe23fd9d996@group-A00965D8A84E-LeaderElection2] INFO  impl.LeaderElection (LeaderElection.java:askForVotes(314)) - c453178f-2ef0-4247-9a2d-ffe23fd9d996@group-A00965D8A84E-LeaderElection2 ELECTION round 0: result PASSED (term=1)
2023-01-26 17:38:14,011 [c453178f-2ef0-4247-9a2d-ffe23fd9d996@group-A00965D8A84E-LeaderElection2] INFO  impl.RoleInfo (RoleInfo.java:shutdownLeaderElection(130)) - c453178f-2ef0-4247-9a2d-ffe23fd9d996: shutdown c453178f-2ef0-4247-9a2d-ffe23fd9d996@group-A00965D8A84E-LeaderElection2
2023-01-26 17:38:14,011 [c453178f-2ef0-4247-9a2d-ffe23fd9d996@group-A00965D8A84E-LeaderElection2] INFO  server.RaftServer$Division (RaftServerImpl.java:setRole(321)) - c453178f-2ef0-4247-9a2d-ffe23fd9d996@group-A00965D8A84E: changes role from CANDIDATE to LEADER at term 1 for changeToLeader
2023-01-26 17:38:14,011 [c453178f-2ef0-4247-9a2d-ffe23fd9d996@group-A00965D8A84E-LeaderElection2] INFO  ratis.XceiverServerRatis (XceiverServerRatis.java:handleLeaderChangedNotification(904)) - Leader change notification received for group: group-A00965D8A84E with new leaderId: c453178f-2ef0-4247-9a2d-ffe23fd9d996
2023-01-26 17:38:14,012 [c453178f-2ef0-4247-9a2d-ffe23fd9d996@group-A00965D8A84E-LeaderElection2] INFO  server.RaftServer$Division (ServerState.java:setLeader(313)) - c453178f-2ef0-4247-9a2d-ffe23fd9d996@group-A00965D8A84E: change Leader from null to c453178f-2ef0-4247-9a2d-ffe23fd9d996 at term 1 for becomeLeader, leader elected after 5085ms
2023-01-26 17:38:14,012 [c453178f-2ef0-4247-9a2d-ffe23fd9d996@group-A00965D8A84E-LeaderElection2] INFO  server.RaftServerConfigKeys (ConfUtils.java:logGet(46)) - raft.server.staging.catchup.gap = 1000 (default)
2023-01-26 17:38:14,012 [c453178f-2ef0-4247-9a2d-ffe23fd9d996@group-A00965D8A84E-LeaderElection2] INFO  server.RaftServerConfigKeys (ConfUtils.java:logGet(46)) - raft.server.write.element-limit = 1024 (custom)
2023-01-26 17:38:14,012 [c453178f-2ef0-4247-9a2d-ffe23fd9d996@group-A00965D8A84E-LeaderElection2] INFO  server.RaftServerConfigKeys (ConfUtils.java:logGet(46)) - raft.server.write.byte-limit = 1024 M (=1073741824) (custom)
2023-01-26 17:38:14,012 [c453178f-2ef0-4247-9a2d-ffe23fd9d996@group-A00965D8A84E-LeaderElection2] INFO  server.RaftServerConfigKeys (ConfUtils.java:logGet(46)) - raft.server.watch.timeout = 180s (custom)
2023-01-26 17:38:14,013 [c453178f-2ef0-4247-9a2d-ffe23fd9d996@group-A00965D8A84E-LeaderElection2] INFO  server.RaftServerConfigKeys (ConfUtils.java:logGet(46)) - raft.server.watch.timeout.denomination = 1s (default)
2023-01-26 17:38:14,013 [c453178f-2ef0-4247-9a2d-ffe23fd9d996@group-A00965D8A84E-LeaderElection2] INFO  server.RaftServerConfigKeys (ConfUtils.java:logGet(46)) - raft.server.watch.element-limit = 65536 (default)
2023-01-26 17:38:14,013 [c453178f-2ef0-4247-9a2d-ffe23fd9d996@group-A00965D8A84E-LeaderElection2] INFO  server.RaftServerConfigKeys (ConfUtils.java:logGet(46)) - raft.server.write.element-limit = 1024 (custom)
2023-01-26 17:38:14,013 [c453178f-2ef0-4247-9a2d-ffe23fd9d996@group-A00965D8A84E-LeaderElection2] INFO  server.RaftServerConfigKeys (ConfUtils.java:logGet(46)) - raft.server.write.follower.gap.ratio.max = -1.0 (default)
2023-01-26 17:38:14,013 [c453178f-2ef0-4247-9a2d-ffe23fd9d996@group-A00965D8A84E-LeaderElection2] INFO  impl.RoleInfo (RoleInfo.java:updateAndGet(139)) - c453178f-2ef0-4247-9a2d-ffe23fd9d996: start c453178f-2ef0-4247-9a2d-ffe23fd9d996@group-A00965D8A84E-LeaderStateImpl
2023-01-26 17:38:14,013 [c453178f-2ef0-4247-9a2d-ffe23fd9d996@group-A00965D8A84E-LeaderElection2] INFO  segmented.SegmentedRaftLogWorker (SegmentedRaftLogWorker.java:startLogSegment(452)) - c453178f-2ef0-4247-9a2d-ffe23fd9d996@group-A00965D8A84E-SegmentedRaftLogWorker: Starting segment from index:0
2023-01-26 17:38:14,014 [EventQueue-OpenPipelineForHealthyPipelineSafeModeRule] INFO  safemode.SCMSafeModeManager (HealthyPipelineSafeModeRule.java:process(137)) - SCM in safe mode. Healthy pipelines reported count is 0, required healthy pipeline reported count is 1
2023-01-26 17:38:14,017 [c453178f-2ef0-4247-9a2d-ffe23fd9d996@group-A00965D8A84E-LeaderElection2] INFO  server.RaftServer$Division (ServerState.java:setRaftConf(430)) - c453178f-2ef0-4247-9a2d-ffe23fd9d996@group-A00965D8A84E: set configuration 0: peers:[c453178f-2ef0-4247-9a2d-ffe23fd9d996|rpc:10.1.0.73:42109|dataStream:10.1.0.73:44519|priority:1|startupRole:FOLLOWER]|listeners:[], old=null
2023-01-26 17:38:14,018 [c453178f-2ef0-4247-9a2d-ffe23fd9d996@group-A00965D8A84E-SegmentedRaftLogWorker] INFO  segmented.SegmentedRaftLogWorker (SegmentedRaftLogWorker.java:execute(656)) - c453178f-2ef0-4247-9a2d-ffe23fd9d996@group-A00965D8A84E-SegmentedRaftLogWorker: created new log segment /home/runner/work/ozone/ozone/hadoop-ozone/integration-test/target/test-dir/MiniOzoneClusterImpl-49a32a1f-b929-42a3-86b3-c5b719d90673/datanode-0/data/ratis/fd7695d5-0d09-4c4f-87cf-a00965d8a84e/current/log_inprogress_0
2023-01-26 17:38:14,157 [c453178f-2ef0-4247-9a2d-ffe23fd9d996@group-87C6C7D491AC-FollowerState] INFO  impl.FollowerState (FollowerState.java:run(143)) - c453178f-2ef0-4247-9a2d-ffe23fd9d996@group-87C6C7D491AC-FollowerState: change to CANDIDATE, lastRpcElapsedTime:5129839122ns, electionTimeout:5116ms
2023-01-26 17:38:14,159 [c453178f-2ef0-4247-9a2d-ffe23fd9d996@group-87C6C7D491AC-FollowerState] INFO  impl.RoleInfo (RoleInfo.java:shutdownFollowerState(110)) - c453178f-2ef0-4247-9a2d-ffe23fd9d996: shutdown c453178f-2ef0-4247-9a2d-ffe23fd9d996@group-87C6C7D491AC-FollowerState
2023-01-26 17:38:14,159 [c453178f-2ef0-4247-9a2d-ffe23fd9d996@group-87C6C7D491AC-FollowerState] INFO  server.RaftServer$Division (RaftServerImpl.java:setRole(321)) - c453178f-2ef0-4247-9a2d-ffe23fd9d996@group-87C6C7D491AC: changes role from  FOLLOWER to CANDIDATE at term 0 for changeToCandidate
2023-01-26 17:38:14,160 [c453178f-2ef0-4247-9a2d-ffe23fd9d996@group-87C6C7D491AC-FollowerState] INFO  server.RaftServerConfigKeys (ConfUtils.java:logGet(46)) - raft.server.leaderelection.pre-vote = false (custom)
2023-01-26 17:38:14,160 [c453178f-2ef0-4247-9a2d-ffe23fd9d996@group-87C6C7D491AC-FollowerState] INFO  impl.RoleInfo (RoleInfo.java:updateAndGet(139)) - c453178f-2ef0-4247-9a2d-ffe23fd9d996: start c453178f-2ef0-4247-9a2d-ffe23fd9d996@group-87C6C7D491AC-LeaderElection3
2023-01-26 17:38:14,164 [c453178f-2ef0-4247-9a2d-ffe23fd9d996@group-87C6C7D491AC-LeaderElection3] INFO  impl.LeaderElection (LeaderElection.java:askForVotes(312)) - c453178f-2ef0-4247-9a2d-ffe23fd9d996@group-87C6C7D491AC-LeaderElection3 ELECTION round 0: submit vote requests at term 1 for -1: peers:[c453178f-2ef0-4247-9a2d-ffe23fd9d996|rpc:10.1.0.73:42109|dataStream:10.1.0.73:44519|priority:0|startupRole:FOLLOWER, 6567ec37-669a-4dc4-a62b-70dc5f228e8b|rpc:10.1.0.73:35085|dataStream:10.1.0.73:40235|priority:1|startupRole:FOLLOWER, 7c3d527d-806d-4f2b-9b01-1e1a412c2b01|rpc:10.1.0.73:34323|dataStream:10.1.0.73:42025|priority:0|startupRole:FOLLOWER]|listeners:[], old=null
2023-01-26 17:38:14,170 [c453178f-2ef0-4247-9a2d-ffe23fd9d996@group-87C6C7D491AC-LeaderElection3] INFO  server.RaftServerConfigKeys (ConfUtils.java:logFallback(53)) - raft.server.rpc.first-election.timeout.min = 5s (fallback to raft.server.rpc.timeout.min)
2023-01-26 17:38:14,170 [c453178f-2ef0-4247-9a2d-ffe23fd9d996@group-87C6C7D491AC-LeaderElection3] INFO  server.RaftServerConfigKeys (ConfUtils.java:logFallback(53)) - raft.server.rpc.first-election.timeout.max = 5200ms (fallback to raft.server.rpc.timeout.max)
2023-01-26 17:38:14,170 [c453178f-2ef0-4247-9a2d-ffe23fd9d996@group-87C6C7D491AC-LeaderElection3-1] INFO  server.GrpcServerProtocolClient (GrpcServerProtocolClient.java:<init>(63)) - Build channel for 6567ec37-669a-4dc4-a62b-70dc5f228e8b
2023-01-26 17:38:14,172 [c453178f-2ef0-4247-9a2d-ffe23fd9d996@group-87C6C7D491AC-LeaderElection3-2] INFO  server.GrpcServerProtocolClient (GrpcServerProtocolClient.java:<init>(63)) - Build channel for 7c3d527d-806d-4f2b-9b01-1e1a412c2b01
2023-01-26 17:38:14,186 [grpc-default-executor-1] INFO  server.RaftServer$Division (RaftServerImpl.java:requestVote(1218)) - 7c3d527d-806d-4f2b-9b01-1e1a412c2b01@group-87C6C7D491AC: receive requestVote(ELECTION, c453178f-2ef0-4247-9a2d-ffe23fd9d996, group-87C6C7D491AC, 1, (t:0, i:0))
2023-01-26 17:38:14,188 [grpc-default-executor-1] INFO  impl.VoteContext (VoteContext.java:log(49)) - 7c3d527d-806d-4f2b-9b01-1e1a412c2b01@group-87C6C7D491AC-FOLLOWER: accept ELECTION from c453178f-2ef0-4247-9a2d-ffe23fd9d996: our priority 0 <= candidate's priority 0
2023-01-26 17:38:14,188 [grpc-default-executor-1] INFO  server.RaftServer$Division (RaftServerImpl.java:setRole(321)) - 7c3d527d-806d-4f2b-9b01-1e1a412c2b01@group-87C6C7D491AC: changes role from  FOLLOWER to FOLLOWER at term 1 for candidate:c453178f-2ef0-4247-9a2d-ffe23fd9d996
2023-01-26 17:38:14,188 [grpc-default-executor-1] INFO  impl.RoleInfo (RoleInfo.java:shutdownFollowerState(110)) - 7c3d527d-806d-4f2b-9b01-1e1a412c2b01: shutdown 7c3d527d-806d-4f2b-9b01-1e1a412c2b01@group-87C6C7D491AC-FollowerState
2023-01-26 17:38:14,188 [7c3d527d-806d-4f2b-9b01-1e1a412c2b01@group-87C6C7D491AC-FollowerState] INFO  impl.FollowerState (FollowerState.java:run(152)) - 7c3d527d-806d-4f2b-9b01-1e1a412c2b01@group-87C6C7D491AC-FollowerState was interrupted
2023-01-26 17:38:14,192 [grpc-default-executor-1] INFO  impl.RoleInfo (RoleInfo.java:updateAndGet(139)) - 7c3d527d-806d-4f2b-9b01-1e1a412c2b01: start 7c3d527d-806d-4f2b-9b01-1e1a412c2b01@group-87C6C7D491AC-FollowerState
2023-01-26 17:38:14,198 [grpc-default-executor-0] INFO  server.RaftServer$Division (RaftServerImpl.java:requestVote(1218)) - 6567ec37-669a-4dc4-a62b-70dc5f228e8b@group-87C6C7D491AC: receive requestVote(ELECTION, c453178f-2ef0-4247-9a2d-ffe23fd9d996, group-87C6C7D491AC, 1, (t:0, i:0))
2023-01-26 17:38:14,199 [grpc-default-executor-0] INFO  impl.VoteContext (VoteContext.java:log(49)) - 6567ec37-669a-4dc4-a62b-70dc5f228e8b@group-87C6C7D491AC-FOLLOWER: reject ELECTION from c453178f-2ef0-4247-9a2d-ffe23fd9d996: our priority 1 > candidate's priority 0
2023-01-26 17:38:14,200 [grpc-default-executor-0] INFO  server.RaftServer$Division (RaftServerImpl.java:setRole(321)) - 6567ec37-669a-4dc4-a62b-70dc5f228e8b@group-87C6C7D491AC: changes role from  FOLLOWER to FOLLOWER at term 1 for candidate:c453178f-2ef0-4247-9a2d-ffe23fd9d996
2023-01-26 17:38:14,200 [grpc-default-executor-0] INFO  impl.RoleInfo (RoleInfo.java:shutdownFollowerState(110)) - 6567ec37-669a-4dc4-a62b-70dc5f228e8b: shutdown 6567ec37-669a-4dc4-a62b-70dc5f228e8b@group-87C6C7D491AC-FollowerState
2023-01-26 17:38:14,200 [6567ec37-669a-4dc4-a62b-70dc5f228e8b@group-87C6C7D491AC-FollowerState] INFO  impl.FollowerState (FollowerState.java:run(152)) - 6567ec37-669a-4dc4-a62b-70dc5f228e8b@group-87C6C7D491AC-FollowerState was interrupted
2023-01-26 17:38:14,201 [grpc-default-executor-0] INFO  impl.RoleInfo (RoleInfo.java:updateAndGet(139)) - 6567ec37-669a-4dc4-a62b-70dc5f228e8b: start 6567ec37-669a-4dc4-a62b-70dc5f228e8b@group-87C6C7D491AC-FollowerState
2023-01-26 17:38:14,201 [7c3d527d-806d-4f2b-9b01-1e1a412c2b01@group-87C6C7D491AC-FollowerState] INFO  server.RaftServerConfigKeys (ConfUtils.java:logFallback(53)) - raft.server.rpc.first-election.timeout.min = 5s (fallback to raft.server.rpc.timeout.min)
2023-01-26 17:38:14,201 [7c3d527d-806d-4f2b-9b01-1e1a412c2b01@group-87C6C7D491AC-FollowerState] INFO  server.RaftServerConfigKeys (ConfUtils.java:logFallback(53)) - raft.server.rpc.first-election.timeout.max = 5200ms (fallback to raft.server.rpc.timeout.max)
2023-01-26 17:38:14,202 [6567ec37-669a-4dc4-a62b-70dc5f228e8b@group-87C6C7D491AC-FollowerState] INFO  server.RaftServerConfigKeys (ConfUtils.java:logFallback(53)) - raft.server.rpc.first-election.timeout.min = 5s (fallback to raft.server.rpc.timeout.min)
2023-01-26 17:38:14,202 [6567ec37-669a-4dc4-a62b-70dc5f228e8b@group-87C6C7D491AC-FollowerState] INFO  server.RaftServerConfigKeys (ConfUtils.java:logFallback(53)) - raft.server.rpc.first-election.timeout.max = 5200ms (fallback to raft.server.rpc.timeout.max)
2023-01-26 17:38:14,205 [grpc-default-executor-1] INFO  server.RaftServer$Division (RaftServerImpl.java:requestVote(1251)) - 7c3d527d-806d-4f2b-9b01-1e1a412c2b01@group-87C6C7D491AC replies to ELECTION vote request: c453178f-2ef0-4247-9a2d-ffe23fd9d996<-7c3d527d-806d-4f2b-9b01-1e1a412c2b01#0:OK-t1. Peer's state: 7c3d527d-806d-4f2b-9b01-1e1a412c2b01@group-87C6C7D491AC:t1, leader=null, voted=c453178f-2ef0-4247-9a2d-ffe23fd9d996, raftlog=Memoized:7c3d527d-806d-4f2b-9b01-1e1a412c2b01@group-87C6C7D491AC-SegmentedRaftLog:OPENED:c-1, conf=-1: peers:[c453178f-2ef0-4247-9a2d-ffe23fd9d996|rpc:10.1.0.73:42109|dataStream:10.1.0.73:44519|priority:0|startupRole:FOLLOWER, 6567ec37-669a-4dc4-a62b-70dc5f228e8b|rpc:10.1.0.73:35085|dataStream:10.1.0.73:40235|priority:1|startupRole:FOLLOWER, 7c3d527d-806d-4f2b-9b01-1e1a412c2b01|rpc:10.1.0.73:34323|dataStream:10.1.0.73:42025|priority:0|startupRole:FOLLOWER]|listeners:[], old=null
2023-01-26 17:38:14,205 [grpc-default-executor-0] INFO  server.RaftServer$Division (RaftServerImpl.java:requestVote(1251)) - 6567ec37-669a-4dc4-a62b-70dc5f228e8b@group-87C6C7D491AC replies to ELECTION vote request: c453178f-2ef0-4247-9a2d-ffe23fd9d996<-6567ec37-669a-4dc4-a62b-70dc5f228e8b#0:FAIL-t1. Peer's state: 6567ec37-669a-4dc4-a62b-70dc5f228e8b@group-87C6C7D491AC:t1, leader=null, voted=null, raftlog=Memoized:6567ec37-669a-4dc4-a62b-70dc5f228e8b@group-87C6C7D491AC-SegmentedRaftLog:OPENED:c-1, conf=-1: peers:[c453178f-2ef0-4247-9a2d-ffe23fd9d996|rpc:10.1.0.73:42109|dataStream:10.1.0.73:44519|priority:0|startupRole:FOLLOWER, 6567ec37-669a-4dc4-a62b-70dc5f228e8b|rpc:10.1.0.73:35085|dataStream:10.1.0.73:40235|priority:1|startupRole:FOLLOWER, 7c3d527d-806d-4f2b-9b01-1e1a412c2b01|rpc:10.1.0.73:34323|dataStream:10.1.0.73:42025|priority:0|startupRole:FOLLOWER]|listeners:[], old=null
2023-01-26 17:38:14,208 [c453178f-2ef0-4247-9a2d-ffe23fd9d996@group-87C6C7D491AC-LeaderElection3] INFO  impl.LeaderElection (LeaderElection.java:logAndReturn(90)) - c453178f-2ef0-4247-9a2d-ffe23fd9d996@group-87C6C7D491AC-LeaderElection3: ELECTION REJECTED received 1 response(s) and 0 exception(s):
2023-01-26 17:38:14,209 [c453178f-2ef0-4247-9a2d-ffe23fd9d996@group-87C6C7D491AC-LeaderElection3] INFO  impl.LeaderElection (LeaderElection.java:logAndReturn(94)) -   Response 0: c453178f-2ef0-4247-9a2d-ffe23fd9d996<-6567ec37-669a-4dc4-a62b-70dc5f228e8b#0:FAIL-t1
2023-01-26 17:38:14,209 [c453178f-2ef0-4247-9a2d-ffe23fd9d996@group-87C6C7D491AC-LeaderElection3] INFO  impl.LeaderElection (LeaderElection.java:askForVotes(314)) - c453178f-2ef0-4247-9a2d-ffe23fd9d996@group-87C6C7D491AC-LeaderElection3 ELECTION round 0: result REJECTED
2023-01-26 17:38:14,209 [c453178f-2ef0-4247-9a2d-ffe23fd9d996@group-87C6C7D491AC-LeaderElection3] INFO  server.RaftServer$Division (RaftServerImpl.java:setRole(321)) - c453178f-2ef0-4247-9a2d-ffe23fd9d996@group-87C6C7D491AC: changes role from CANDIDATE to FOLLOWER at term 1 for REJECTED
2023-01-26 17:38:14,209 [c453178f-2ef0-4247-9a2d-ffe23fd9d996@group-87C6C7D491AC-LeaderElection3] INFO  impl.RoleInfo (RoleInfo.java:shutdownLeaderElection(130)) - c453178f-2ef0-4247-9a2d-ffe23fd9d996: shutdown c453178f-2ef0-4247-9a2d-ffe23fd9d996@group-87C6C7D491AC-LeaderElection3
2023-01-26 17:38:14,209 [c453178f-2ef0-4247-9a2d-ffe23fd9d996@group-87C6C7D491AC-LeaderElection3] INFO  impl.RoleInfo (RoleInfo.java:updateAndGet(139)) - c453178f-2ef0-4247-9a2d-ffe23fd9d996: start c453178f-2ef0-4247-9a2d-ffe23fd9d996@group-87C6C7D491AC-FollowerState
2023-01-26 17:38:14,210 [c453178f-2ef0-4247-9a2d-ffe23fd9d996@group-87C6C7D491AC-FollowerState] INFO  server.RaftServerConfigKeys (ConfUtils.java:logFallback(53)) - raft.server.rpc.first-election.timeout.min = 5s (fallback to raft.server.rpc.timeout.min)
2023-01-26 17:38:14,211 [c453178f-2ef0-4247-9a2d-ffe23fd9d996@group-87C6C7D491AC-FollowerState] INFO  server.RaftServerConfigKeys (ConfUtils.java:logFallback(53)) - raft.server.rpc.first-election.timeout.max = 5200ms (fallback to raft.server.rpc.timeout.max)
2023-01-26 17:38:14,264 [Listener at 127.0.0.1/41041] INFO  ozone.MiniOzoneClusterImpl (MiniOzoneClusterImpl.java:lambda$waitForClusterToBeReady$0(218)) - Nodes are ready. Got 7 of 7 DN Heartbeats.
2023-01-26 17:38:14,265 [Listener at 127.0.0.1/41041] INFO  ozone.MiniOzoneClusterImpl (MiniOzoneClusterImpl.java:lambda$waitForClusterToBeReady$0(221)) - Waiting for cluster to exit safe mode
2023-01-26 17:38:14,265 [Listener at 127.0.0.1/41041] INFO  ozone.MiniOzoneClusterImpl (MiniOzoneClusterImpl.java:lambda$waitForClusterToBeReady$0(223)) - SCM became leader
2023-01-26 17:38:14,826 [6567ec37-669a-4dc4-a62b-70dc5f228e8b@group-09EC7ADA7D34-FollowerState] INFO  impl.FollowerState (FollowerState.java:run(143)) - 6567ec37-669a-4dc4-a62b-70dc5f228e8b@group-09EC7ADA7D34-FollowerState: change to CANDIDATE, lastRpcElapsedTime:5202391568ns, electionTimeout:5191ms
2023-01-26 17:38:14,826 [6567ec37-669a-4dc4-a62b-70dc5f228e8b@group-09EC7ADA7D34-FollowerState] INFO  impl.RoleInfo (RoleInfo.java:shutdownFollowerState(110)) - 6567ec37-669a-4dc4-a62b-70dc5f228e8b: shutdown 6567ec37-669a-4dc4-a62b-70dc5f228e8b@group-09EC7ADA7D34-FollowerState
2023-01-26 17:38:14,826 [6567ec37-669a-4dc4-a62b-70dc5f228e8b@group-09EC7ADA7D34-FollowerState] INFO  server.RaftServer$Division (RaftServerImpl.java:setRole(321)) - 6567ec37-669a-4dc4-a62b-70dc5f228e8b@group-09EC7ADA7D34: changes role from  FOLLOWER to CANDIDATE at term 0 for changeToCandidate
2023-01-26 17:38:14,827 [6567ec37-669a-4dc4-a62b-70dc5f228e8b@group-09EC7ADA7D34-FollowerState] INFO  server.RaftServerConfigKeys (ConfUtils.java:logGet(46)) - raft.server.leaderelection.pre-vote = false (custom)
2023-01-26 17:38:14,827 [6567ec37-669a-4dc4-a62b-70dc5f228e8b@group-09EC7ADA7D34-FollowerState] INFO  impl.RoleInfo (RoleInfo.java:updateAndGet(139)) - 6567ec37-669a-4dc4-a62b-70dc5f228e8b: start 6567ec37-669a-4dc4-a62b-70dc5f228e8b@group-09EC7ADA7D34-LeaderElection4
2023-01-26 17:38:14,834 [6567ec37-669a-4dc4-a62b-70dc5f228e8b@group-09EC7ADA7D34-LeaderElection4] INFO  impl.LeaderElection (LeaderElection.java:askForVotes(312)) - 6567ec37-669a-4dc4-a62b-70dc5f228e8b@group-09EC7ADA7D34-LeaderElection4 ELECTION round 0: submit vote requests at term 1 for -1: peers:[6567ec37-669a-4dc4-a62b-70dc5f228e8b|rpc:10.1.0.73:35085|dataStream:10.1.0.73:40235|priority:1|startupRole:FOLLOWER]|listeners:[], old=null
2023-01-26 17:38:14,835 [6567ec37-669a-4dc4-a62b-70dc5f228e8b@group-09EC7ADA7D34-LeaderElection4] INFO  impl.LeaderElection (LeaderElection.java:askForVotes(314)) - 6567ec37-669a-4dc4-a62b-70dc5f228e8b@group-09EC7ADA7D34-LeaderElection4 ELECTION round 0: result PASSED (term=1)
2023-01-26 17:38:14,835 [6567ec37-669a-4dc4-a62b-70dc5f228e8b@group-09EC7ADA7D34-LeaderElection4] INFO  impl.RoleInfo (RoleInfo.java:shutdownLeaderElection(130)) - 6567ec37-669a-4dc4-a62b-70dc5f228e8b: shutdown 6567ec37-669a-4dc4-a62b-70dc5f228e8b@group-09EC7ADA7D34-LeaderElection4
2023-01-26 17:38:14,835 [6567ec37-669a-4dc4-a62b-70dc5f228e8b@group-09EC7ADA7D34-LeaderElection4] INFO  server.RaftServer$Division (RaftServerImpl.java:setRole(321)) - 6567ec37-669a-4dc4-a62b-70dc5f228e8b@group-09EC7ADA7D34: changes role from CANDIDATE to LEADER at term 1 for changeToLeader
2023-01-26 17:38:14,835 [6567ec37-669a-4dc4-a62b-70dc5f228e8b@group-09EC7ADA7D34-LeaderElection4] INFO  ratis.XceiverServerRatis (XceiverServerRatis.java:handleLeaderChangedNotification(904)) - Leader change notification received for group: group-09EC7ADA7D34 with new leaderId: 6567ec37-669a-4dc4-a62b-70dc5f228e8b
2023-01-26 17:38:14,835 [6567ec37-669a-4dc4-a62b-70dc5f228e8b@group-09EC7ADA7D34-LeaderElection4] INFO  server.RaftServer$Division (ServerState.java:setLeader(313)) - 6567ec37-669a-4dc4-a62b-70dc5f228e8b@group-09EC7ADA7D34: change Leader from null to 6567ec37-669a-4dc4-a62b-70dc5f228e8b at term 1 for becomeLeader, leader elected after 5416ms
2023-01-26 17:38:14,835 [6567ec37-669a-4dc4-a62b-70dc5f228e8b@group-09EC7ADA7D34-LeaderElection4] INFO  server.RaftServerConfigKeys (ConfUtils.java:logGet(46)) - raft.server.staging.catchup.gap = 1000 (default)
2023-01-26 17:38:14,836 [6567ec37-669a-4dc4-a62b-70dc5f228e8b@group-09EC7ADA7D34-LeaderElection4] INFO  server.RaftServerConfigKeys (ConfUtils.java:logGet(46)) - raft.server.write.element-limit = 1024 (custom)
2023-01-26 17:38:14,836 [6567ec37-669a-4dc4-a62b-70dc5f228e8b@group-09EC7ADA7D34-LeaderElection4] INFO  server.RaftServerConfigKeys (ConfUtils.java:logGet(46)) - raft.server.write.byte-limit = 1024 M (=1073741824) (custom)
2023-01-26 17:38:14,836 [6567ec37-669a-4dc4-a62b-70dc5f228e8b@group-09EC7ADA7D34-LeaderElection4] INFO  server.RaftServerConfigKeys (ConfUtils.java:logGet(46)) - raft.server.watch.timeout = 180s (custom)
2023-01-26 17:38:14,836 [6567ec37-669a-4dc4-a62b-70dc5f228e8b@group-09EC7ADA7D34-LeaderElection4] INFO  server.RaftServerConfigKeys (ConfUtils.java:logGet(46)) - raft.server.watch.timeout.denomination = 1s (default)
2023-01-26 17:38:14,836 [6567ec37-669a-4dc4-a62b-70dc5f228e8b@group-09EC7ADA7D34-LeaderElection4] INFO  server.RaftServerConfigKeys (ConfUtils.java:logGet(46)) - raft.server.watch.element-limit = 65536 (default)
2023-01-26 17:38:14,836 [6567ec37-669a-4dc4-a62b-70dc5f228e8b@group-09EC7ADA7D34-LeaderElection4] INFO  server.RaftServerConfigKeys (ConfUtils.java:logGet(46)) - raft.server.write.element-limit = 1024 (custom)
2023-01-26 17:38:14,836 [6567ec37-669a-4dc4-a62b-70dc5f228e8b@group-09EC7ADA7D34-LeaderElection4] INFO  server.RaftServerConfigKeys (ConfUtils.java:logGet(46)) - raft.server.write.follower.gap.ratio.max = -1.0 (default)
2023-01-26 17:38:14,836 [6567ec37-669a-4dc4-a62b-70dc5f228e8b@group-09EC7ADA7D34-LeaderElection4] INFO  impl.RoleInfo (RoleInfo.java:updateAndGet(139)) - 6567ec37-669a-4dc4-a62b-70dc5f228e8b: start 6567ec37-669a-4dc4-a62b-70dc5f228e8b@group-09EC7ADA7D34-LeaderStateImpl
2023-01-26 17:38:14,837 [6567ec37-669a-4dc4-a62b-70dc5f228e8b@group-09EC7ADA7D34-LeaderElection4] INFO  segmented.SegmentedRaftLogWorker (SegmentedRaftLogWorker.java:startLogSegment(452)) - 6567ec37-669a-4dc4-a62b-70dc5f228e8b@group-09EC7ADA7D34-SegmentedRaftLogWorker: Starting segment from index:0
2023-01-26 17:38:14,837 [EventQueue-OpenPipelineForHealthyPipelineSafeModeRule] INFO  safemode.SCMSafeModeManager (HealthyPipelineSafeModeRule.java:process(137)) - SCM in safe mode. Healthy pipelines reported count is 0, required healthy pipeline reported count is 1
2023-01-26 17:38:14,844 [6567ec37-669a-4dc4-a62b-70dc5f228e8b@group-09EC7ADA7D34-LeaderElection4] INFO  server.RaftServer$Division (ServerState.java:setRaftConf(430)) - 6567ec37-669a-4dc4-a62b-70dc5f228e8b@group-09EC7ADA7D34: set configuration 0: peers:[6567ec37-669a-4dc4-a62b-70dc5f228e8b|rpc:10.1.0.73:35085|dataStream:10.1.0.73:40235|priority:1|startupRole:FOLLOWER]|listeners:[], old=null
2023-01-26 17:38:14,845 [6567ec37-669a-4dc4-a62b-70dc5f228e8b@group-09EC7ADA7D34-SegmentedRaftLogWorker] INFO  segmented.SegmentedRaftLogWorker (SegmentedRaftLogWorker.java:execute(656)) - 6567ec37-669a-4dc4-a62b-70dc5f228e8b@group-09EC7ADA7D34-SegmentedRaftLogWorker: created new log segment /home/runner/work/ozone/ozone/hadoop-ozone/integration-test/target/test-dir/MiniOzoneClusterImpl-49a32a1f-b929-42a3-86b3-c5b719d90673/datanode-1/data/ratis/3e11b0c9-22d4-4f69-a9e1-09ec7ada7d34/current/log_inprogress_0
2023-01-26 17:38:14,967 [7c3d527d-806d-4f2b-9b01-1e1a412c2b01@group-8E06CCBD1796-FollowerState] INFO  impl.FollowerState (FollowerState.java:run(143)) - 7c3d527d-806d-4f2b-9b01-1e1a412c2b01@group-8E06CCBD1796-FollowerState: change to CANDIDATE, lastRpcElapsedTime:5044884416ns, electionTimeout:5028ms
2023-01-26 17:38:14,968 [7c3d527d-806d-4f2b-9b01-1e1a412c2b01@group-8E06CCBD1796-FollowerState] INFO  impl.RoleInfo (RoleInfo.java:shutdownFollowerState(110)) - 7c3d527d-806d-4f2b-9b01-1e1a412c2b01: shutdown 7c3d527d-806d-4f2b-9b01-1e1a412c2b01@group-8E06CCBD1796-FollowerState
2023-01-26 17:38:14,968 [7c3d527d-806d-4f2b-9b01-1e1a412c2b01@group-8E06CCBD1796-FollowerState] INFO  server.RaftServer$Division (RaftServerImpl.java:setRole(321)) - 7c3d527d-806d-4f2b-9b01-1e1a412c2b01@group-8E06CCBD1796: changes role from  FOLLOWER to CANDIDATE at term 0 for changeToCandidate
2023-01-26 17:38:14,969 [7c3d527d-806d-4f2b-9b01-1e1a412c2b01@group-8E06CCBD1796-FollowerState] INFO  server.RaftServerConfigKeys (ConfUtils.java:logGet(46)) - raft.server.leaderelection.pre-vote = false (custom)
2023-01-26 17:38:14,969 [7c3d527d-806d-4f2b-9b01-1e1a412c2b01@group-8E06CCBD1796-FollowerState] INFO  impl.RoleInfo (RoleInfo.java:updateAndGet(139)) - 7c3d527d-806d-4f2b-9b01-1e1a412c2b01: start 7c3d527d-806d-4f2b-9b01-1e1a412c2b01@group-8E06CCBD1796-LeaderElection5
2023-01-26 17:38:14,973 [7c3d527d-806d-4f2b-9b01-1e1a412c2b01@group-8E06CCBD1796-LeaderElection5] INFO  impl.LeaderElection (LeaderElection.java:askForVotes(312)) - 7c3d527d-806d-4f2b-9b01-1e1a412c2b01@group-8E06CCBD1796-LeaderElection5 ELECTION round 0: submit vote requests at term 1 for -1: peers:[c453178f-2ef0-4247-9a2d-ffe23fd9d996|rpc:10.1.0.73:42109|dataStream:10.1.0.73:44519|priority:0|startupRole:FOLLOWER, 6567ec37-669a-4dc4-a62b-70dc5f228e8b|rpc:10.1.0.73:35085|dataStream:10.1.0.73:40235|priority:0|startupRole:FOLLOWER, 7c3d527d-806d-4f2b-9b01-1e1a412c2b01|rpc:10.1.0.73:34323|dataStream:10.1.0.73:42025|priority:1|startupRole:FOLLOWER]|listeners:[], old=null
2023-01-26 17:38:14,973 [7c3d527d-806d-4f2b-9b01-1e1a412c2b01@group-8E06CCBD1796-LeaderElection5] INFO  server.RaftServerConfigKeys (ConfUtils.java:logFallback(53)) - raft.server.rpc.first-election.timeout.min = 5s (fallback to raft.server.rpc.timeout.min)
2023-01-26 17:38:14,973 [7c3d527d-806d-4f2b-9b01-1e1a412c2b01@group-8E06CCBD1796-LeaderElection5-1] INFO  server.GrpcServerProtocolClient (GrpcServerProtocolClient.java:<init>(63)) - Build channel for c453178f-2ef0-4247-9a2d-ffe23fd9d996
2023-01-26 17:38:14,974 [7c3d527d-806d-4f2b-9b01-1e1a412c2b01@group-8E06CCBD1796-LeaderElection5-2] INFO  server.GrpcServerProtocolClient (GrpcServerProtocolClient.java:<init>(63)) - Build channel for 6567ec37-669a-4dc4-a62b-70dc5f228e8b
2023-01-26 17:38:14,974 [7c3d527d-806d-4f2b-9b01-1e1a412c2b01@group-8E06CCBD1796-LeaderElection5] INFO  server.RaftServerConfigKeys (ConfUtils.java:logFallback(53)) - raft.server.rpc.first-election.timeout.max = 5200ms (fallback to raft.server.rpc.timeout.max)
2023-01-26 17:38:14,984 [grpc-default-executor-1] INFO  server.RaftServer$Division (RaftServerImpl.java:requestVote(1218)) - 6567ec37-669a-4dc4-a62b-70dc5f228e8b@group-8E06CCBD1796: receive requestVote(ELECTION, 7c3d527d-806d-4f2b-9b01-1e1a412c2b01, group-8E06CCBD1796, 1, (t:0, i:0))
2023-01-26 17:38:14,984 [grpc-default-executor-1] INFO  impl.VoteContext (VoteContext.java:log(49)) - 6567ec37-669a-4dc4-a62b-70dc5f228e8b@group-8E06CCBD1796-FOLLOWER: accept ELECTION from 7c3d527d-806d-4f2b-9b01-1e1a412c2b01: our priority 0 <= candidate's priority 1
2023-01-26 17:38:14,984 [grpc-default-executor-1] INFO  server.RaftServer$Division (RaftServerImpl.java:setRole(321)) - 6567ec37-669a-4dc4-a62b-70dc5f228e8b@group-8E06CCBD1796: changes role from  FOLLOWER to FOLLOWER at term 1 for candidate:7c3d527d-806d-4f2b-9b01-1e1a412c2b01
2023-01-26 17:38:14,984 [grpc-default-executor-1] INFO  impl.RoleInfo (RoleInfo.java:shutdownFollowerState(110)) - 6567ec37-669a-4dc4-a62b-70dc5f228e8b: shutdown 6567ec37-669a-4dc4-a62b-70dc5f228e8b@group-8E06CCBD1796-FollowerState
2023-01-26 17:38:14,987 [6567ec37-669a-4dc4-a62b-70dc5f228e8b@group-8E06CCBD1796-FollowerState] INFO  impl.FollowerState (FollowerState.java:run(152)) - 6567ec37-669a-4dc4-a62b-70dc5f228e8b@group-8E06CCBD1796-FollowerState was interrupted
2023-01-26 17:38:14,994 [grpc-default-executor-1] INFO  impl.RoleInfo (RoleInfo.java:updateAndGet(139)) - 6567ec37-669a-4dc4-a62b-70dc5f228e8b: start 6567ec37-669a-4dc4-a62b-70dc5f228e8b@group-8E06CCBD1796-FollowerState
2023-01-26 17:38:14,995 [6567ec37-669a-4dc4-a62b-70dc5f228e8b@group-8E06CCBD1796-FollowerState] INFO  server.RaftServerConfigKeys (ConfUtils.java:logFallback(53)) - raft.server.rpc.first-election.timeout.min = 5s (fallback to raft.server.rpc.timeout.min)
2023-01-26 17:38:14,995 [6567ec37-669a-4dc4-a62b-70dc5f228e8b@group-8E06CCBD1796-FollowerState] INFO  server.RaftServerConfigKeys (ConfUtils.java:logFallback(53)) - raft.server.rpc.first-election.timeout.max = 5200ms (fallback to raft.server.rpc.timeout.max)
2023-01-26 17:38:14,996 [grpc-default-executor-1] INFO  server.RaftServer$Division (RaftServerImpl.java:requestVote(1251)) - 6567ec37-669a-4dc4-a62b-70dc5f228e8b@group-8E06CCBD1796 replies to ELECTION vote request: 7c3d527d-806d-4f2b-9b01-1e1a412c2b01<-6567ec37-669a-4dc4-a62b-70dc5f228e8b#0:OK-t1. Peer's state: 6567ec37-669a-4dc4-a62b-70dc5f228e8b@group-8E06CCBD1796:t1, leader=null, voted=7c3d527d-806d-4f2b-9b01-1e1a412c2b01, raftlog=Memoized:6567ec37-669a-4dc4-a62b-70dc5f228e8b@group-8E06CCBD1796-SegmentedRaftLog:OPENED:c-1, conf=-1: peers:[c453178f-2ef0-4247-9a2d-ffe23fd9d996|rpc:10.1.0.73:42109|dataStream:10.1.0.73:44519|priority:0|startupRole:FOLLOWER, 6567ec37-669a-4dc4-a62b-70dc5f228e8b|rpc:10.1.0.73:35085|dataStream:10.1.0.73:40235|priority:0|startupRole:FOLLOWER, 7c3d527d-806d-4f2b-9b01-1e1a412c2b01|rpc:10.1.0.73:34323|dataStream:10.1.0.73:42025|priority:1|startupRole:FOLLOWER]|listeners:[], old=null
2023-01-26 17:38:14,999 [7c3d527d-806d-4f2b-9b01-1e1a412c2b01@group-8E06CCBD1796-LeaderElection5] INFO  impl.LeaderElection (LeaderElection.java:logAndReturn(90)) - 7c3d527d-806d-4f2b-9b01-1e1a412c2b01@group-8E06CCBD1796-LeaderElection5: ELECTION PASSED received 1 response(s) and 0 exception(s):
2023-01-26 17:38:14,999 [7c3d527d-806d-4f2b-9b01-1e1a412c2b01@group-8E06CCBD1796-LeaderElection5] INFO  impl.LeaderElection (LeaderElection.java:logAndReturn(94)) -   Response 0: 7c3d527d-806d-4f2b-9b01-1e1a412c2b01<-6567ec37-669a-4dc4-a62b-70dc5f228e8b#0:OK-t1
2023-01-26 17:38:14,999 [7c3d527d-806d-4f2b-9b01-1e1a412c2b01@group-8E06CCBD1796-LeaderElection5] INFO  impl.LeaderElection (LeaderElection.java:askForVotes(314)) - 7c3d527d-806d-4f2b-9b01-1e1a412c2b01@group-8E06CCBD1796-LeaderElection5 ELECTION round 0: result PASSED
2023-01-26 17:38:14,999 [7c3d527d-806d-4f2b-9b01-1e1a412c2b01@group-8E06CCBD1796-LeaderElection5] INFO  impl.RoleInfo (RoleInfo.java:shutdownLeaderElection(130)) - 7c3d527d-806d-4f2b-9b01-1e1a412c2b01: shutdown 7c3d527d-806d-4f2b-9b01-1e1a412c2b01@group-8E06CCBD1796-LeaderElection5
2023-01-26 17:38:14,999 [7c3d527d-806d-4f2b-9b01-1e1a412c2b01@group-8E06CCBD1796-LeaderElection5] INFO  server.RaftServer$Division (RaftServerImpl.java:setRole(321)) - 7c3d527d-806d-4f2b-9b01-1e1a412c2b01@group-8E06CCBD1796: changes role from CANDIDATE to LEADER at term 1 for changeToLeader
2023-01-26 17:38:14,999 [7c3d527d-806d-4f2b-9b01-1e1a412c2b01@group-8E06CCBD1796-LeaderElection5] INFO  ratis.XceiverServerRatis (XceiverServerRatis.java:handleLeaderChangedNotification(904)) - Leader change notification received for group: group-8E06CCBD1796 with new leaderId: 7c3d527d-806d-4f2b-9b01-1e1a412c2b01
2023-01-26 17:38:14,999 [7c3d527d-806d-4f2b-9b01-1e1a412c2b01@group-8E06CCBD1796-LeaderElection5] INFO  server.RaftServer$Division (ServerState.java:setLeader(313)) - 7c3d527d-806d-4f2b-9b01-1e1a412c2b01@group-8E06CCBD1796: change Leader from null to 7c3d527d-806d-4f2b-9b01-1e1a412c2b01 at term 1 for becomeLeader, leader elected after 5094ms
2023-01-26 17:38:14,999 [7c3d527d-806d-4f2b-9b01-1e1a412c2b01@group-8E06CCBD1796-LeaderElection5] INFO  server.RaftServerConfigKeys (ConfUtils.java:logGet(46)) - raft.server.staging.catchup.gap = 1000 (default)
2023-01-26 17:38:14,999 [7c3d527d-806d-4f2b-9b01-1e1a412c2b01@group-8E06CCBD1796-LeaderElection5] INFO  server.RaftServerConfigKeys (ConfUtils.java:logGet(46)) - raft.server.write.element-limit = 1024 (custom)
2023-01-26 17:38:14,999 [7c3d527d-806d-4f2b-9b01-1e1a412c2b01@group-8E06CCBD1796-LeaderElection5] INFO  server.RaftServerConfigKeys (ConfUtils.java:logGet(46)) - raft.server.write.byte-limit = 1024 M (=1073741824) (custom)
2023-01-26 17:38:15,000 [7c3d527d-806d-4f2b-9b01-1e1a412c2b01@group-8E06CCBD1796-LeaderElection5] INFO  server.RaftServerConfigKeys (ConfUtils.java:logGet(46)) - raft.server.watch.timeout = 180s (custom)
2023-01-26 17:38:15,000 [7c3d527d-806d-4f2b-9b01-1e1a412c2b01@group-8E06CCBD1796-LeaderElection5] INFO  server.RaftServerConfigKeys (ConfUtils.java:logGet(46)) - raft.server.watch.timeout.denomination = 1s (default)
2023-01-26 17:38:15,000 [7c3d527d-806d-4f2b-9b01-1e1a412c2b01@group-8E06CCBD1796-LeaderElection5] INFO  server.RaftServerConfigKeys (ConfUtils.java:logGet(46)) - raft.server.watch.element-limit = 65536 (default)
2023-01-26 17:38:15,000 [7c3d527d-806d-4f2b-9b01-1e1a412c2b01@group-8E06CCBD1796-LeaderElection5] INFO  server.RaftServerConfigKeys (ConfUtils.java:logGet(46)) - raft.server.write.element-limit = 1024 (custom)
2023-01-26 17:38:15,000 [7c3d527d-806d-4f2b-9b01-1e1a412c2b01@group-8E06CCBD1796-LeaderElection5] INFO  server.RaftServerConfigKeys (ConfUtils.java:logGet(46)) - raft.server.write.follower.gap.ratio.max = -1.0 (default)
2023-01-26 17:38:15,001 [EventQueue-PipelineReportForPipelineReportHandler] INFO  pipeline.PipelineManagerImpl (PipelineManagerImpl.java:openPipeline(367)) - Pipeline Pipeline[ Id: e21ff272-f1c3-473a-98bf-8e06ccbd1796, Nodes: 7c3d527d-806d-4f2b-9b01-1e1a412c2b01(fv-az77-38/10.1.0.73)c453178f-2ef0-4247-9a2d-ffe23fd9d996(fv-az77-38/10.1.0.73)6567ec37-669a-4dc4-a62b-70dc5f228e8b(fv-az77-38/10.1.0.73), ReplicationConfig: RATIS/THREE, State:ALLOCATED, leaderId:7c3d527d-806d-4f2b-9b01-1e1a412c2b01, CreationTimestamp2023-01-26T17:38:06.846Z[Etc/UTC]] moved to OPEN state
2023-01-26 17:38:15,004 [EventQueue-OpenPipelineForHealthyPipelineSafeModeRule] INFO  safemode.SCMSafeModeManager (HealthyPipelineSafeModeRule.java:process(137)) - SCM in safe mode. Healthy pipelines reported count is 1, required healthy pipeline reported count is 1
2023-01-26 17:38:15,005 [EventQueue-OpenPipelineForHealthyPipelineSafeModeRule] INFO  safemode.SCMSafeModeManager (SCMSafeModeManager.java:validateSafeModeExitRules(200)) - HealthyPipelineSafeModeRule rule is successfully validated
2023-01-26 17:38:15,005 [EventQueue-OpenPipelineForHealthyPipelineSafeModeRule] INFO  safemode.SCMSafeModeManager (SCMSafeModeManager.java:validateSafeModeExitRules(215)) - ScmSafeModeManager, all rules are successfully validated
2023-01-26 17:38:15,005 [EventQueue-OpenPipelineForHealthyPipelineSafeModeRule] INFO  safemode.SCMSafeModeManager (SCMSafeModeManager.java:exitSafeMode(244)) - SCM exiting safe mode.
2023-01-26 17:38:15,005 [EventQueue-OpenPipelineForHealthyPipelineSafeModeRule] INFO  ha.SCMContext (SCMContext.java:updateSafeModeStatus(228)) - Update SafeModeStatus from SafeModeStatus{safeModeStatus=true, preCheckPassed=true} to SafeModeStatus{safeModeStatus=false, preCheckPassed=true}.
2023-01-26 17:38:15,005 [EventQueue-OpenPipelineForHealthyPipelineSafeModeRule] INFO  pipeline.BackgroundPipelineCreator (BackgroundPipelineCreator.java:notifyStatusChanged(254)) - Service BackgroundPipelineCreator transitions to RUNNING.
2023-01-26 17:38:15,005 [EventQueue-OpenPipelineForHealthyPipelineSafeModeRule] INFO  BackgroundPipelineScrubber (BackgroundSCMService.java:notifyStatusChanged(82)) - Service BackgroundPipelineScrubber transitions to RUNNING.
2023-01-26 17:38:15,005 [EventQueue-OpenPipelineForHealthyPipelineSafeModeRule] INFO  ExpiredContainerReplicaOpScrubber (BackgroundSCMService.java:notifyStatusChanged(82)) - Service ExpiredContainerReplicaOpScrubber transitions to RUNNING.
2023-01-26 17:38:15,005 [EventQueue-OpenPipelineForHealthyPipelineSafeModeRule] INFO  replication.ReplicationManager (ReplicationManager.java:notifyStatusChanged(935)) - Service ReplicationManager transitions to RUNNING.
2023-01-26 17:38:15,008 [EventQueue-OpenPipelineForHealthyPipelineSafeModeRule] WARN  balancer.ContainerBalancer (ContainerBalancer.java:shouldRun(131)) - Could not find persisted configuration for ContainerBalancer when checking if ContainerBalancer should run. ContainerBalancer should not run now.
2023-01-26 17:38:15,011 [grpc-default-executor-1] INFO  server.RaftServer$Division (RaftServerImpl.java:requestVote(1218)) - c453178f-2ef0-4247-9a2d-ffe23fd9d996@group-8E06CCBD1796: receive requestVote(ELECTION, 7c3d527d-806d-4f2b-9b01-1e1a412c2b01, group-8E06CCBD1796, 1, (t:0, i:0))
2023-01-26 17:38:15,012 [grpc-default-executor-1] INFO  impl.VoteContext (VoteContext.java:log(49)) - c453178f-2ef0-4247-9a2d-ffe23fd9d996@group-8E06CCBD1796-FOLLOWER: accept ELECTION from 7c3d527d-806d-4f2b-9b01-1e1a412c2b01: our priority 0 <= candidate's priority 1
2023-01-26 17:38:15,012 [grpc-default-executor-1] INFO  server.RaftServer$Division (RaftServerImpl.java:setRole(321)) - c453178f-2ef0-4247-9a2d-ffe23fd9d996@group-8E06CCBD1796: changes role from  FOLLOWER to FOLLOWER at term 1 for candidate:7c3d527d-806d-4f2b-9b01-1e1a412c2b01
2023-01-26 17:38:15,012 [grpc-default-executor-1] INFO  impl.RoleInfo (RoleInfo.java:shutdownFollowerState(110)) - c453178f-2ef0-4247-9a2d-ffe23fd9d996: shutdown c453178f-2ef0-4247-9a2d-ffe23fd9d996@group-8E06CCBD1796-FollowerState
2023-01-26 17:38:15,012 [c453178f-2ef0-4247-9a2d-ffe23fd9d996@group-8E06CCBD1796-FollowerState] INFO  impl.FollowerState (FollowerState.java:run(152)) - c453178f-2ef0-4247-9a2d-ffe23fd9d996@group-8E06CCBD1796-FollowerState was interrupted
2023-01-26 17:38:15,013 [grpc-default-executor-1] INFO  impl.RoleInfo (RoleInfo.java:updateAndGet(139)) - c453178f-2ef0-4247-9a2d-ffe23fd9d996: start c453178f-2ef0-4247-9a2d-ffe23fd9d996@group-8E06CCBD1796-FollowerState
2023-01-26 17:38:15,013 [c453178f-2ef0-4247-9a2d-ffe23fd9d996@group-8E06CCBD1796-FollowerState] INFO  server.RaftServerConfigKeys (ConfUtils.java:logFallback(53)) - raft.server.rpc.first-election.timeout.min = 5s (fallback to raft.server.rpc.timeout.min)
2023-01-26 17:38:15,013 [c453178f-2ef0-4247-9a2d-ffe23fd9d996@group-8E06CCBD1796-FollowerState] INFO  server.RaftServerConfigKeys (ConfUtils.java:logFallback(53)) - raft.server.rpc.first-election.timeout.max = 5200ms (fallback to raft.server.rpc.timeout.max)
2023-01-26 17:38:15,015 [grpc-default-executor-1] INFO  server.RaftServer$Division (RaftServerImpl.java:requestVote(1251)) - c453178f-2ef0-4247-9a2d-ffe23fd9d996@group-8E06CCBD1796 replies to ELECTION vote request: 7c3d527d-806d-4f2b-9b01-1e1a412c2b01<-c453178f-2ef0-4247-9a2d-ffe23fd9d996#0:OK-t1. Peer's state: c453178f-2ef0-4247-9a2d-ffe23fd9d996@group-8E06CCBD1796:t1, leader=null, voted=7c3d527d-806d-4f2b-9b01-1e1a412c2b01, raftlog=Memoized:c453178f-2ef0-4247-9a2d-ffe23fd9d996@group-8E06CCBD1796-SegmentedRaftLog:OPENED:c-1, conf=-1: peers:[c453178f-2ef0-4247-9a2d-ffe23fd9d996|rpc:10.1.0.73:42109|dataStream:10.1.0.73:44519|priority:0|startupRole:FOLLOWER, 6567ec37-669a-4dc4-a62b-70dc5f228e8b|rpc:10.1.0.73:35085|dataStream:10.1.0.73:40235|priority:0|startupRole:FOLLOWER, 7c3d527d-806d-4f2b-9b01-1e1a412c2b01|rpc:10.1.0.73:34323|dataStream:10.1.0.73:42025|priority:1|startupRole:FOLLOWER]|listeners:[], old=null
2023-01-26 17:38:15,019 [7c3d527d-806d-4f2b-9b01-1e1a412c2b01@group-8E06CCBD1796-LeaderElection5] INFO  server.RaftServerConfigKeys (ConfUtils.java:logGet(46)) - raft.server.log.appender.snapshot.chunk.size.max = 16MB (=16777216) (default)
2023-01-26 17:38:15,019 [7c3d527d-806d-4f2b-9b01-1e1a412c2b01@group-8E06CCBD1796-LeaderElection5] INFO  server.RaftServerConfigKeys (ConfUtils.java:logGet(46)) - raft.server.log.appender.buffer.byte-limit = 33554432 (custom)
2023-01-26 17:38:15,020 [7c3d527d-806d-4f2b-9b01-1e1a412c2b01@group-8E06CCBD1796-LeaderElection5] INFO  server.RaftServerConfigKeys (ConfUtils.java:logGet(46)) - raft.server.log.appender.buffer.element-limit = 1 (custom)
2023-01-26 17:38:15,023 [7c3d527d-806d-4f2b-9b01-1e1a412c2b01@group-8E06CCBD1796-LeaderElection5] INFO  grpc.GrpcConfigKeys (ConfUtils.java:logGet(46)) - raft.grpc.server.leader.outstanding.appends.max = 128 (default)
2023-01-26 17:38:15,023 [7c3d527d-806d-4f2b-9b01-1e1a412c2b01@group-8E06CCBD1796-LeaderElection5] INFO  server.RaftServerConfigKeys (ConfUtils.java:logGet(46)) - raft.server.rpc.request.timeout = 60s (custom)
2023-01-26 17:38:15,023 [7c3d527d-806d-4f2b-9b01-1e1a412c2b01@group-8E06CCBD1796-LeaderElection5] INFO  server.RaftServerConfigKeys (ConfUtils.java:logGet(46)) - raft.server.log.appender.install.snapshot.enabled = false (custom)
2023-01-26 17:38:15,023 [7c3d527d-806d-4f2b-9b01-1e1a412c2b01@group-8E06CCBD1796-LeaderElection5] INFO  grpc.GrpcConfigKeys (ConfUtils.java:logGet(46)) - raft.grpc.server.heartbeat.channel = true (default)
2023-01-26 17:38:15,023 [7c3d527d-806d-4f2b-9b01-1e1a412c2b01@group-8E06CCBD1796-LeaderElection5] INFO  server.RaftServerConfigKeys (ConfUtils.java:logGet(46)) - raft.server.log.appender.wait-time.min = 10ms (default)
2023-01-26 17:38:15,025 [7c3d527d-806d-4f2b-9b01-1e1a412c2b01@group-8E06CCBD1796-LeaderElection5] INFO  server.RaftServerConfigKeys (ConfUtils.java:logGet(46)) - raft.server.log.appender.snapshot.chunk.size.max = 16MB (=16777216) (default)
2023-01-26 17:38:15,025 [7c3d527d-806d-4f2b-9b01-1e1a412c2b01@group-8E06CCBD1796-LeaderElection5] INFO  server.RaftServerConfigKeys (ConfUtils.java:logGet(46)) - raft.server.log.appender.buffer.byte-limit = 33554432 (custom)
2023-01-26 17:38:15,025 [7c3d527d-806d-4f2b-9b01-1e1a412c2b01@group-8E06CCBD1796-LeaderElection5] INFO  server.RaftServerConfigKeys (ConfUtils.java:logGet(46)) - raft.server.log.appender.buffer.element-limit = 1 (custom)
2023-01-26 17:38:15,025 [7c3d527d-806d-4f2b-9b01-1e1a412c2b01@group-8E06CCBD1796-LeaderElection5] INFO  grpc.GrpcConfigKeys (ConfUtils.java:logGet(46)) - raft.grpc.server.leader.outstanding.appends.max = 128 (default)
2023-01-26 17:38:15,026 [7c3d527d-806d-4f2b-9b01-1e1a412c2b01@group-8E06CCBD1796-LeaderElection5] INFO  server.RaftServerConfigKeys (ConfUtils.java:logGet(46)) - raft.server.rpc.request.timeout = 60s (custom)
2023-01-26 17:38:15,026 [7c3d527d-806d-4f2b-9b01-1e1a412c2b01@group-8E06CCBD1796-LeaderElection5] INFO  server.RaftServerConfigKeys (ConfUtils.java:logGet(46)) - raft.server.log.appender.install.snapshot.enabled = false (custom)
2023-01-26 17:38:15,026 [7c3d527d-806d-4f2b-9b01-1e1a412c2b01@group-8E06CCBD1796-LeaderElection5] INFO  grpc.GrpcConfigKeys (ConfUtils.java:logGet(46)) - raft.grpc.server.heartbeat.channel = true (default)
2023-01-26 17:38:15,026 [7c3d527d-806d-4f2b-9b01-1e1a412c2b01@group-8E06CCBD1796-LeaderElection5] INFO  server.RaftServerConfigKeys (ConfUtils.java:logGet(46)) - raft.server.log.appender.wait-time.min = 10ms (default)
2023-01-26 17:38:15,027 [7c3d527d-806d-4f2b-9b01-1e1a412c2b01@group-8E06CCBD1796-LeaderElection5] INFO  impl.RoleInfo (RoleInfo.java:updateAndGet(139)) - 7c3d527d-806d-4f2b-9b01-1e1a412c2b01: start 7c3d527d-806d-4f2b-9b01-1e1a412c2b01@group-8E06CCBD1796-LeaderStateImpl
2023-01-26 17:38:15,027 [7c3d527d-806d-4f2b-9b01-1e1a412c2b01@group-8E06CCBD1796-LeaderElection5] INFO  segmented.SegmentedRaftLogWorker (SegmentedRaftLogWorker.java:startLogSegment(452)) - 7c3d527d-806d-4f2b-9b01-1e1a412c2b01@group-8E06CCBD1796-SegmentedRaftLogWorker: Starting segment from index:0
2023-01-26 17:38:15,030 [7c3d527d-806d-4f2b-9b01-1e1a412c2b01@group-8E06CCBD1796-SegmentedRaftLogWorker] INFO  segmented.SegmentedRaftLogWorker (SegmentedRaftLogWorker.java:execute(656)) - 7c3d527d-806d-4f2b-9b01-1e1a412c2b01@group-8E06CCBD1796-SegmentedRaftLogWorker: created new log segment /home/runner/work/ozone/ozone/hadoop-ozone/integration-test/target/test-dir/MiniOzoneClusterImpl-49a32a1f-b929-42a3-86b3-c5b719d90673/datanode-2/data/ratis/e21ff272-f1c3-473a-98bf-8e06ccbd1796/current/log_inprogress_0
2023-01-26 17:38:15,037 [7c3d527d-806d-4f2b-9b01-1e1a412c2b01@group-8E06CCBD1796-LeaderElection5] INFO  server.RaftServer$Division (ServerState.java:setRaftConf(430)) - 7c3d527d-806d-4f2b-9b01-1e1a412c2b01@group-8E06CCBD1796: set configuration 0: peers:[c453178f-2ef0-4247-9a2d-ffe23fd9d996|rpc:10.1.0.73:42109|dataStream:10.1.0.73:44519|priority:0|startupRole:FOLLOWER, 6567ec37-669a-4dc4-a62b-70dc5f228e8b|rpc:10.1.0.73:35085|dataStream:10.1.0.73:40235|priority:0|startupRole:FOLLOWER, 7c3d527d-806d-4f2b-9b01-1e1a412c2b01|rpc:10.1.0.73:34323|dataStream:10.1.0.73:42025|priority:1|startupRole:FOLLOWER]|listeners:[], old=null
2023-01-26 17:38:15,066 [7c3d527d-806d-4f2b-9b01-1e1a412c2b01@group-A6640A2128D7-FollowerState] INFO  impl.FollowerState (FollowerState.java:run(143)) - 7c3d527d-806d-4f2b-9b01-1e1a412c2b01@group-A6640A2128D7-FollowerState: change to CANDIDATE, lastRpcElapsedTime:5184896140ns, electionTimeout:5179ms
2023-01-26 17:38:15,067 [7c3d527d-806d-4f2b-9b01-1e1a412c2b01@group-A6640A2128D7-FollowerState] INFO  impl.RoleInfo (RoleInfo.java:shutdownFollowerState(110)) - 7c3d527d-806d-4f2b-9b01-1e1a412c2b01: shutdown 7c3d527d-806d-4f2b-9b01-1e1a412c2b01@group-A6640A2128D7-FollowerState
2023-01-26 17:38:15,067 [7c3d527d-806d-4f2b-9b01-1e1a412c2b01@group-A6640A2128D7-FollowerState] INFO  server.RaftServer$Division (RaftServerImpl.java:setRole(321)) - 7c3d527d-806d-4f2b-9b01-1e1a412c2b01@group-A6640A2128D7: changes role from  FOLLOWER to CANDIDATE at term 0 for changeToCandidate
2023-01-26 17:38:15,075 [7c3d527d-806d-4f2b-9b01-1e1a412c2b01@group-A6640A2128D7-FollowerState] INFO  server.RaftServerConfigKeys (ConfUtils.java:logGet(46)) - raft.server.leaderelection.pre-vote = false (custom)
2023-01-26 17:38:15,075 [7c3d527d-806d-4f2b-9b01-1e1a412c2b01@group-A6640A2128D7-FollowerState] INFO  impl.RoleInfo (RoleInfo.java:updateAndGet(139)) - 7c3d527d-806d-4f2b-9b01-1e1a412c2b01: start 7c3d527d-806d-4f2b-9b01-1e1a412c2b01@group-A6640A2128D7-LeaderElection6
2023-01-26 17:38:15,092 [c453178f-2ef0-4247-9a2d-ffe23fd9d996-server-thread1] INFO  ratis.XceiverServerRatis (XceiverServerRatis.java:handleLeaderChangedNotification(904)) - Leader change notification received for group: group-8E06CCBD1796 with new leaderId: 7c3d527d-806d-4f2b-9b01-1e1a412c2b01
2023-01-26 17:38:15,093 [7c3d527d-806d-4f2b-9b01-1e1a412c2b01@group-A6640A2128D7-LeaderElection6] INFO  impl.LeaderElection (LeaderElection.java:askForVotes(312)) - 7c3d527d-806d-4f2b-9b01-1e1a412c2b01@group-A6640A2128D7-LeaderElection6 ELECTION round 0: submit vote requests at term 1 for -1: peers:[7c3d527d-806d-4f2b-9b01-1e1a412c2b01|rpc:10.1.0.73:34323|dataStream:10.1.0.73:42025|priority:1|startupRole:FOLLOWER]|listeners:[], old=null
2023-01-26 17:38:15,092 [6567ec37-669a-4dc4-a62b-70dc5f228e8b-server-thread2] INFO  ratis.XceiverServerRatis (XceiverServerRatis.java:handleLeaderChangedNotification(904)) - Leader change notification received for group: group-8E06CCBD1796 with new leaderId: 7c3d527d-806d-4f2b-9b01-1e1a412c2b01
2023-01-26 17:38:15,105 [7c3d527d-806d-4f2b-9b01-1e1a412c2b01@group-A6640A2128D7-LeaderElection6] INFO  impl.LeaderElection (LeaderElection.java:askForVotes(314)) - 7c3d527d-806d-4f2b-9b01-1e1a412c2b01@group-A6640A2128D7-LeaderElection6 ELECTION round 0: result PASSED (term=1)
2023-01-26 17:38:15,106 [7c3d527d-806d-4f2b-9b01-1e1a412c2b01@group-A6640A2128D7-LeaderElection6] INFO  impl.RoleInfo (RoleInfo.java:shutdownLeaderElection(130)) - 7c3d527d-806d-4f2b-9b01-1e1a412c2b01: shutdown 7c3d527d-806d-4f2b-9b01-1e1a412c2b01@group-A6640A2128D7-LeaderElection6
2023-01-26 17:38:15,106 [7c3d527d-806d-4f2b-9b01-1e1a412c2b01@group-A6640A2128D7-LeaderElection6] INFO  server.RaftServer$Division (RaftServerImpl.java:setRole(321)) - 7c3d527d-806d-4f2b-9b01-1e1a412c2b01@group-A6640A2128D7: changes role from CANDIDATE to LEADER at term 1 for changeToLeader
2023-01-26 17:38:15,106 [7c3d527d-806d-4f2b-9b01-1e1a412c2b01@group-A6640A2128D7-LeaderElection6] INFO  ratis.XceiverServerRatis (XceiverServerRatis.java:handleLeaderChangedNotification(904)) - Leader change notification received for group: group-A6640A2128D7 with new leaderId: 7c3d527d-806d-4f2b-9b01-1e1a412c2b01
2023-01-26 17:38:15,106 [7c3d527d-806d-4f2b-9b01-1e1a412c2b01@group-A6640A2128D7-LeaderElection6] INFO  server.RaftServer$Division (ServerState.java:setLeader(313)) - 7c3d527d-806d-4f2b-9b01-1e1a412c2b01@group-A6640A2128D7: change Leader from null to 7c3d527d-806d-4f2b-9b01-1e1a412c2b01 at term 1 for becomeLeader, leader elected after 5245ms
2023-01-26 17:38:15,106 [7c3d527d-806d-4f2b-9b01-1e1a412c2b01@group-A6640A2128D7-LeaderElection6] INFO  server.RaftServerConfigKeys (ConfUtils.java:logGet(46)) - raft.server.staging.catchup.gap = 1000 (default)
2023-01-26 17:38:15,106 [7c3d527d-806d-4f2b-9b01-1e1a412c2b01@group-A6640A2128D7-LeaderElection6] INFO  server.RaftServerConfigKeys (ConfUtils.java:logGet(46)) - raft.server.write.element-limit = 1024 (custom)
2023-01-26 17:38:15,106 [7c3d527d-806d-4f2b-9b01-1e1a412c2b01@group-A6640A2128D7-LeaderElection6] INFO  server.RaftServerConfigKeys (ConfUtils.java:logGet(46)) - raft.server.write.byte-limit = 1024 M (=1073741824) (custom)
2023-01-26 17:38:15,106 [7c3d527d-806d-4f2b-9b01-1e1a412c2b01@group-A6640A2128D7-LeaderElection6] INFO  server.RaftServerConfigKeys (ConfUtils.java:logGet(46)) - raft.server.watch.timeout = 180s (custom)
2023-01-26 17:38:15,107 [7c3d527d-806d-4f2b-9b01-1e1a412c2b01@group-A6640A2128D7-LeaderElection6] INFO  server.RaftServerConfigKeys (ConfUtils.java:logGet(46)) - raft.server.watch.timeout.denomination = 1s (default)
2023-01-26 17:38:15,107 [7c3d527d-806d-4f2b-9b01-1e1a412c2b01@group-A6640A2128D7-LeaderElection6] INFO  server.RaftServerConfigKeys (ConfUtils.java:logGet(46)) - raft.server.watch.element-limit = 65536 (default)
2023-01-26 17:38:15,107 [7c3d527d-806d-4f2b-9b01-1e1a412c2b01@group-A6640A2128D7-LeaderElection6] INFO  server.RaftServerConfigKeys (ConfUtils.java:logGet(46)) - raft.server.write.element-limit = 1024 (custom)
2023-01-26 17:38:15,107 [7c3d527d-806d-4f2b-9b01-1e1a412c2b01@group-A6640A2128D7-LeaderElection6] INFO  server.RaftServerConfigKeys (ConfUtils.java:logGet(46)) - raft.server.write.follower.gap.ratio.max = -1.0 (default)
2023-01-26 17:38:15,107 [7c3d527d-806d-4f2b-9b01-1e1a412c2b01@group-A6640A2128D7-LeaderElection6] INFO  impl.RoleInfo (RoleInfo.java:updateAndGet(139)) - 7c3d527d-806d-4f2b-9b01-1e1a412c2b01: start 7c3d527d-806d-4f2b-9b01-1e1a412c2b01@group-A6640A2128D7-LeaderStateImpl
2023-01-26 17:38:15,107 [7c3d527d-806d-4f2b-9b01-1e1a412c2b01@group-A6640A2128D7-LeaderElection6] INFO  segmented.SegmentedRaftLogWorker (SegmentedRaftLogWorker.java:startLogSegment(452)) - 7c3d527d-806d-4f2b-9b01-1e1a412c2b01@group-A6640A2128D7-SegmentedRaftLogWorker: Starting segment from index:0
2023-01-26 17:38:15,105 [c453178f-2ef0-4247-9a2d-ffe23fd9d996-server-thread1] INFO  server.RaftServer$Division (ServerState.java:setLeader(313)) - c453178f-2ef0-4247-9a2d-ffe23fd9d996@group-8E06CCBD1796: change Leader from null to 7c3d527d-806d-4f2b-9b01-1e1a412c2b01 at term 1 for appendEntries, leader elected after 5097ms
2023-01-26 17:38:15,108 [7c3d527d-806d-4f2b-9b01-1e1a412c2b01@group-A6640A2128D7-SegmentedRaftLogWorker] INFO  segmented.SegmentedRaftLogWorker (SegmentedRaftLogWorker.java:execute(656)) - 7c3d527d-806d-4f2b-9b01-1e1a412c2b01@group-A6640A2128D7-SegmentedRaftLogWorker: created new log segment /home/runner/work/ozone/ozone/hadoop-ozone/integration-test/target/test-dir/MiniOzoneClusterImpl-49a32a1f-b929-42a3-86b3-c5b719d90673/datanode-2/data/ratis/9facb83b-9180-4fd9-aa75-a6640a2128d7/current/log_inprogress_0
2023-01-26 17:38:15,105 [6567ec37-669a-4dc4-a62b-70dc5f228e8b-server-thread2] INFO  server.RaftServer$Division (ServerState.java:setLeader(313)) - 6567ec37-669a-4dc4-a62b-70dc5f228e8b@group-8E06CCBD1796: change Leader from null to 7c3d527d-806d-4f2b-9b01-1e1a412c2b01 at term 1 for appendEntries, leader elected after 5054ms
2023-01-26 17:38:15,116 [7c3d527d-806d-4f2b-9b01-1e1a412c2b01@group-A6640A2128D7-LeaderElection6] INFO  server.RaftServer$Division (ServerState.java:setRaftConf(430)) - 7c3d527d-806d-4f2b-9b01-1e1a412c2b01@group-A6640A2128D7: set configuration 0: peers:[7c3d527d-806d-4f2b-9b01-1e1a412c2b01|rpc:10.1.0.73:34323|dataStream:10.1.0.73:42025|priority:1|startupRole:FOLLOWER]|listeners:[], old=null
2023-01-26 17:38:15,118 [6567ec37-669a-4dc4-a62b-70dc5f228e8b-server-thread2] INFO  server.RaftServer$Division (ServerState.java:setRaftConf(430)) - 6567ec37-669a-4dc4-a62b-70dc5f228e8b@group-8E06CCBD1796: set configuration 0: peers:[c453178f-2ef0-4247-9a2d-ffe23fd9d996|rpc:10.1.0.73:42109|dataStream:10.1.0.73:44519|priority:0|startupRole:FOLLOWER, 6567ec37-669a-4dc4-a62b-70dc5f228e8b|rpc:10.1.0.73:35085|dataStream:10.1.0.73:40235|priority:0|startupRole:FOLLOWER, 7c3d527d-806d-4f2b-9b01-1e1a412c2b01|rpc:10.1.0.73:34323|dataStream:10.1.0.73:42025|priority:1|startupRole:FOLLOWER]|listeners:[], old=null
2023-01-26 17:38:15,118 [6567ec37-669a-4dc4-a62b-70dc5f228e8b-server-thread2] INFO  segmented.SegmentedRaftLogWorker (SegmentedRaftLogWorker.java:startLogSegment(452)) - 6567ec37-669a-4dc4-a62b-70dc5f228e8b@group-8E06CCBD1796-SegmentedRaftLogWorker: Starting segment from index:0
2023-01-26 17:38:15,119 [c453178f-2ef0-4247-9a2d-ffe23fd9d996-server-thread2] INFO  server.RaftServer$Division (ServerState.java:setRaftConf(430)) - c453178f-2ef0-4247-9a2d-ffe23fd9d996@group-8E06CCBD1796: set configuration 0: peers:[c453178f-2ef0-4247-9a2d-ffe23fd9d996|rpc:10.1.0.73:42109|dataStream:10.1.0.73:44519|priority:0|startupRole:FOLLOWER, 6567ec37-669a-4dc4-a62b-70dc5f228e8b|rpc:10.1.0.73:35085|dataStream:10.1.0.73:40235|priority:0|startupRole:FOLLOWER, 7c3d527d-806d-4f2b-9b01-1e1a412c2b01|rpc:10.1.0.73:34323|dataStream:10.1.0.73:42025|priority:1|startupRole:FOLLOWER]|listeners:[], old=null
2023-01-26 17:38:15,119 [6567ec37-669a-4dc4-a62b-70dc5f228e8b@group-8E06CCBD1796-SegmentedRaftLogWorker] INFO  segmented.SegmentedRaftLogWorker (SegmentedRaftLogWorker.java:execute(656)) - 6567ec37-669a-4dc4-a62b-70dc5f228e8b@group-8E06CCBD1796-SegmentedRaftLogWorker: created new log segment /home/runner/work/ozone/ozone/hadoop-ozone/integration-test/target/test-dir/MiniOzoneClusterImpl-49a32a1f-b929-42a3-86b3-c5b719d90673/datanode-1/data/ratis/e21ff272-f1c3-473a-98bf-8e06ccbd1796/current/log_inprogress_0
2023-01-26 17:38:15,124 [c453178f-2ef0-4247-9a2d-ffe23fd9d996-server-thread2] INFO  segmented.SegmentedRaftLogWorker (SegmentedRaftLogWorker.java:startLogSegment(452)) - c453178f-2ef0-4247-9a2d-ffe23fd9d996@group-8E06CCBD1796-SegmentedRaftLogWorker: Starting segment from index:0
2023-01-26 17:38:15,133 [c453178f-2ef0-4247-9a2d-ffe23fd9d996@group-8E06CCBD1796-SegmentedRaftLogWorker] INFO  segmented.SegmentedRaftLogWorker (SegmentedRaftLogWorker.java:execute(656)) - c453178f-2ef0-4247-9a2d-ffe23fd9d996@group-8E06CCBD1796-SegmentedRaftLogWorker: created new log segment /home/runner/work/ozone/ozone/hadoop-ozone/integration-test/target/test-dir/MiniOzoneClusterImpl-49a32a1f-b929-42a3-86b3-c5b719d90673/datanode-0/data/ratis/e21ff272-f1c3-473a-98bf-8e06ccbd1796/current/log_inprogress_0
2023-01-26 17:38:15,265 [Listener at 127.0.0.1/41041] INFO  ozone.MiniOzoneClusterImpl (MiniOzoneClusterImpl.java:lambda$waitForClusterToBeReady$0(218)) - Nodes are ready. Got 7 of 7 DN Heartbeats.
2023-01-26 17:38:15,265 [Listener at 127.0.0.1/41041] INFO  ozone.MiniOzoneClusterImpl (MiniOzoneClusterImpl.java:lambda$waitForClusterToBeReady$0(221)) - Cluster exits safe mode
2023-01-26 17:38:15,265 [Listener at 127.0.0.1/41041] INFO  ozone.MiniOzoneClusterImpl (MiniOzoneClusterImpl.java:lambda$waitForClusterToBeReady$0(223)) - SCM became leader
2023-01-26 17:38:15,315 [235f2378-c7d7-4173-89ba-00e0bb2ff45d@group-5D65EE773CCF-FollowerState] INFO  impl.FollowerState (FollowerState.java:run(143)) - 235f2378-c7d7-4173-89ba-00e0bb2ff45d@group-5D65EE773CCF-FollowerState: change to CANDIDATE, lastRpcElapsedTime:5116579850ns, electionTimeout:5112ms
2023-01-26 17:38:15,316 [235f2378-c7d7-4173-89ba-00e0bb2ff45d@group-5D65EE773CCF-FollowerState] INFO  impl.RoleInfo (RoleInfo.java:shutdownFollowerState(110)) - 235f2378-c7d7-4173-89ba-00e0bb2ff45d: shutdown 235f2378-c7d7-4173-89ba-00e0bb2ff45d@group-5D65EE773CCF-FollowerState
2023-01-26 17:38:15,316 [235f2378-c7d7-4173-89ba-00e0bb2ff45d@group-5D65EE773CCF-FollowerState] INFO  server.RaftServer$Division (RaftServerImpl.java:setRole(321)) - 235f2378-c7d7-4173-89ba-00e0bb2ff45d@group-5D65EE773CCF: changes role from  FOLLOWER to CANDIDATE at term 0 for changeToCandidate
2023-01-26 17:38:15,316 [235f2378-c7d7-4173-89ba-00e0bb2ff45d@group-5D65EE773CCF-FollowerState] INFO  server.RaftServerConfigKeys (ConfUtils.java:logGet(46)) - raft.server.leaderelection.pre-vote = false (custom)
2023-01-26 17:38:15,316 [235f2378-c7d7-4173-89ba-00e0bb2ff45d@group-5D65EE773CCF-FollowerState] INFO  impl.RoleInfo (RoleInfo.java:updateAndGet(139)) - 235f2378-c7d7-4173-89ba-00e0bb2ff45d: start 235f2378-c7d7-4173-89ba-00e0bb2ff45d@group-5D65EE773CCF-LeaderElection7
2023-01-26 17:38:15,324 [235f2378-c7d7-4173-89ba-00e0bb2ff45d@group-5D65EE773CCF-LeaderElection7] INFO  impl.LeaderElection (LeaderElection.java:askForVotes(312)) - 235f2378-c7d7-4173-89ba-00e0bb2ff45d@group-5D65EE773CCF-LeaderElection7 ELECTION round 0: submit vote requests at term 1 for -1: peers:[235f2378-c7d7-4173-89ba-00e0bb2ff45d|rpc:10.1.0.73:41431|dataStream:10.1.0.73:43995|priority:1|startupRole:FOLLOWER]|listeners:[], old=null
2023-01-26 17:38:15,324 [235f2378-c7d7-4173-89ba-00e0bb2ff45d@group-5D65EE773CCF-LeaderElection7] INFO  impl.LeaderElection (LeaderElection.java:askForVotes(314)) - 235f2378-c7d7-4173-89ba-00e0bb2ff45d@group-5D65EE773CCF-LeaderElection7 ELECTION round 0: result PASSED (term=1)
2023-01-26 17:38:15,324 [235f2378-c7d7-4173-89ba-00e0bb2ff45d@group-5D65EE773CCF-LeaderElection7] INFO  impl.RoleInfo (RoleInfo.java:shutdownLeaderElection(130)) - 235f2378-c7d7-4173-89ba-00e0bb2ff45d: shutdown 235f2378-c7d7-4173-89ba-00e0bb2ff45d@group-5D65EE773CCF-LeaderElection7
2023-01-26 17:38:15,324 [235f2378-c7d7-4173-89ba-00e0bb2ff45d@group-5D65EE773CCF-LeaderElection7] INFO  server.RaftServer$Division (RaftServerImpl.java:setRole(321)) - 235f2378-c7d7-4173-89ba-00e0bb2ff45d@group-5D65EE773CCF: changes role from CANDIDATE to LEADER at term 1 for changeToLeader
2023-01-26 17:38:15,324 [235f2378-c7d7-4173-89ba-00e0bb2ff45d@group-5D65EE773CCF-LeaderElection7] INFO  ratis.XceiverServerRatis (XceiverServerRatis.java:handleLeaderChangedNotification(904)) - Leader change notification received for group: group-5D65EE773CCF with new leaderId: 235f2378-c7d7-4173-89ba-00e0bb2ff45d
2023-01-26 17:38:15,325 [235f2378-c7d7-4173-89ba-00e0bb2ff45d@group-5D65EE773CCF-LeaderElection7] INFO  server.RaftServer$Division (ServerState.java:setLeader(313)) - 235f2378-c7d7-4173-89ba-00e0bb2ff45d@group-5D65EE773CCF: change Leader from null to 235f2378-c7d7-4173-89ba-00e0bb2ff45d at term 1 for becomeLeader, leader elected after 5143ms
2023-01-26 17:38:15,325 [235f2378-c7d7-4173-89ba-00e0bb2ff45d@group-5D65EE773CCF-LeaderElection7] INFO  server.RaftServerConfigKeys (ConfUtils.java:logGet(46)) - raft.server.staging.catchup.gap = 1000 (default)
2023-01-26 17:38:15,325 [235f2378-c7d7-4173-89ba-00e0bb2ff45d@group-5D65EE773CCF-LeaderElection7] INFO  server.RaftServerConfigKeys (ConfUtils.java:logGet(46)) - raft.server.write.element-limit = 1024 (custom)
2023-01-26 17:38:15,328 [235f2378-c7d7-4173-89ba-00e0bb2ff45d@group-5D65EE773CCF-LeaderElection7] INFO  server.RaftServerConfigKeys (ConfUtils.java:logGet(46)) - raft.server.write.byte-limit = 1024 M (=1073741824) (custom)
2023-01-26 17:38:15,328 [235f2378-c7d7-4173-89ba-00e0bb2ff45d@group-5D65EE773CCF-LeaderElection7] INFO  server.RaftServerConfigKeys (ConfUtils.java:logGet(46)) - raft.server.watch.timeout = 180s (custom)
2023-01-26 17:38:15,328 [235f2378-c7d7-4173-89ba-00e0bb2ff45d@group-5D65EE773CCF-LeaderElection7] INFO  server.RaftServerConfigKeys (ConfUtils.java:logGet(46)) - raft.server.watch.timeout.denomination = 1s (default)
2023-01-26 17:38:15,328 [235f2378-c7d7-4173-89ba-00e0bb2ff45d@group-5D65EE773CCF-LeaderElection7] INFO  server.RaftServerConfigKeys (ConfUtils.java:logGet(46)) - raft.server.watch.element-limit = 65536 (default)
2023-01-26 17:38:15,328 [235f2378-c7d7-4173-89ba-00e0bb2ff45d@group-5D65EE773CCF-LeaderElection7] INFO  server.RaftServerConfigKeys (ConfUtils.java:logGet(46)) - raft.server.write.element-limit = 1024 (custom)
2023-01-26 17:38:15,328 [235f2378-c7d7-4173-89ba-00e0bb2ff45d@group-5D65EE773CCF-LeaderElection7] INFO  server.RaftServerConfigKeys (ConfUtils.java:logGet(46)) - raft.server.write.follower.gap.ratio.max = -1.0 (default)
2023-01-26 17:38:15,328 [235f2378-c7d7-4173-89ba-00e0bb2ff45d@group-5D65EE773CCF-LeaderElection7] INFO  impl.RoleInfo (RoleInfo.java:updateAndGet(139)) - 235f2378-c7d7-4173-89ba-00e0bb2ff45d: start 235f2378-c7d7-4173-89ba-00e0bb2ff45d@group-5D65EE773CCF-LeaderStateImpl
2023-01-26 17:38:15,329 [235f2378-c7d7-4173-89ba-00e0bb2ff45d@group-5D65EE773CCF-LeaderElection7] INFO  segmented.SegmentedRaftLogWorker (SegmentedRaftLogWorker.java:startLogSegment(452)) - 235f2378-c7d7-4173-89ba-00e0bb2ff45d@group-5D65EE773CCF-SegmentedRaftLogWorker: Starting segment from index:0
2023-01-26 17:38:15,330 [235f2378-c7d7-4173-89ba-00e0bb2ff45d@group-5D65EE773CCF-SegmentedRaftLogWorker] INFO  segmented.SegmentedRaftLogWorker (SegmentedRaftLogWorker.java:execute(656)) - 235f2378-c7d7-4173-89ba-00e0bb2ff45d@group-5D65EE773CCF-SegmentedRaftLogWorker: created new log segment /home/runner/work/ozone/ozone/hadoop-ozone/integration-test/target/test-dir/MiniOzoneClusterImpl-49a32a1f-b929-42a3-86b3-c5b719d90673/datanode-3/data/ratis/e46032af-d4d3-46f7-9fd6-5d65ee773ccf/current/log_inprogress_0
2023-01-26 17:38:15,342 [235f2378-c7d7-4173-89ba-00e0bb2ff45d@group-5D65EE773CCF-LeaderElection7] INFO  server.RaftServer$Division (ServerState.java:setRaftConf(430)) - 235f2378-c7d7-4173-89ba-00e0bb2ff45d@group-5D65EE773CCF: set configuration 0: peers:[235f2378-c7d7-4173-89ba-00e0bb2ff45d|rpc:10.1.0.73:41431|dataStream:10.1.0.73:43995|priority:1|startupRole:FOLLOWER]|listeners:[], old=null
2023-01-26 17:38:15,370 [f066a8fd-bb24-4d50-9831-ef193da0c0d0@group-86A1BE7E6950-FollowerState] INFO  impl.FollowerState (FollowerState.java:run(143)) - f066a8fd-bb24-4d50-9831-ef193da0c0d0@group-86A1BE7E6950-FollowerState: change to CANDIDATE, lastRpcElapsedTime:5091908428ns, electionTimeout:5085ms
2023-01-26 17:38:15,371 [f066a8fd-bb24-4d50-9831-ef193da0c0d0@group-86A1BE7E6950-FollowerState] INFO  impl.RoleInfo (RoleInfo.java:shutdownFollowerState(110)) - f066a8fd-bb24-4d50-9831-ef193da0c0d0: shutdown f066a8fd-bb24-4d50-9831-ef193da0c0d0@group-86A1BE7E6950-FollowerState
2023-01-26 17:38:15,371 [f066a8fd-bb24-4d50-9831-ef193da0c0d0@group-86A1BE7E6950-FollowerState] INFO  server.RaftServer$Division (RaftServerImpl.java:setRole(321)) - f066a8fd-bb24-4d50-9831-ef193da0c0d0@group-86A1BE7E6950: changes role from  FOLLOWER to CANDIDATE at term 0 for changeToCandidate
2023-01-26 17:38:15,371 [f066a8fd-bb24-4d50-9831-ef193da0c0d0@group-86A1BE7E6950-FollowerState] INFO  server.RaftServerConfigKeys (ConfUtils.java:logGet(46)) - raft.server.leaderelection.pre-vote = false (custom)
2023-01-26 17:38:15,371 [f066a8fd-bb24-4d50-9831-ef193da0c0d0@group-86A1BE7E6950-FollowerState] INFO  impl.RoleInfo (RoleInfo.java:updateAndGet(139)) - f066a8fd-bb24-4d50-9831-ef193da0c0d0: start f066a8fd-bb24-4d50-9831-ef193da0c0d0@group-86A1BE7E6950-LeaderElection8
2023-01-26 17:38:15,381 [235f2378-c7d7-4173-89ba-00e0bb2ff45d@group-86A1BE7E6950-FollowerState] INFO  impl.FollowerState (FollowerState.java:run(143)) - 235f2378-c7d7-4173-89ba-00e0bb2ff45d@group-86A1BE7E6950-FollowerState: change to CANDIDATE, lastRpcElapsedTime:5150965197ns, electionTimeout:5149ms
2023-01-26 17:38:15,381 [235f2378-c7d7-4173-89ba-00e0bb2ff45d@group-86A1BE7E6950-FollowerState] INFO  impl.RoleInfo (RoleInfo.java:shutdownFollowerState(110)) - 235f2378-c7d7-4173-89ba-00e0bb2ff45d: shutdown 235f2378-c7d7-4173-89ba-00e0bb2ff45d@group-86A1BE7E6950-FollowerState
2023-01-26 17:38:15,382 [235f2378-c7d7-4173-89ba-00e0bb2ff45d@group-86A1BE7E6950-FollowerState] INFO  server.RaftServer$Division (RaftServerImpl.java:setRole(321)) - 235f2378-c7d7-4173-89ba-00e0bb2ff45d@group-86A1BE7E6950: changes role from  FOLLOWER to CANDIDATE at term 0 for changeToCandidate
2023-01-26 17:38:15,382 [235f2378-c7d7-4173-89ba-00e0bb2ff45d@group-86A1BE7E6950-FollowerState] INFO  server.RaftServerConfigKeys (ConfUtils.java:logGet(46)) - raft.server.leaderelection.pre-vote = false (custom)
2023-01-26 17:38:15,382 [235f2378-c7d7-4173-89ba-00e0bb2ff45d@group-86A1BE7E6950-FollowerState] INFO  impl.RoleInfo (RoleInfo.java:updateAndGet(139)) - 235f2378-c7d7-4173-89ba-00e0bb2ff45d: start 235f2378-c7d7-4173-89ba-00e0bb2ff45d@group-86A1BE7E6950-LeaderElection9
2023-01-26 17:38:15,389 [f066a8fd-bb24-4d50-9831-ef193da0c0d0@group-86A1BE7E6950-LeaderElection8] INFO  impl.LeaderElection (LeaderElection.java:askForVotes(312)) - f066a8fd-bb24-4d50-9831-ef193da0c0d0@group-86A1BE7E6950-LeaderElection8 ELECTION round 0: submit vote requests at term 1 for -1: peers:[235f2378-c7d7-4173-89ba-00e0bb2ff45d|rpc:10.1.0.73:41431|dataStream:10.1.0.73:43995|priority:0|startupRole:FOLLOWER, 49ad5a47-7d1f-45bf-afe9-a53f24515e29|rpc:10.1.0.73:36795|dataStream:10.1.0.73:45593|priority:1|startupRole:FOLLOWER, f066a8fd-bb24-4d50-9831-ef193da0c0d0|rpc:10.1.0.73:34671|dataStream:10.1.0.73:45771|priority:0|startupRole:FOLLOWER]|listeners:[], old=null
2023-01-26 17:38:15,398 [f066a8fd-bb24-4d50-9831-ef193da0c0d0@group-86A1BE7E6950-LeaderElection8] INFO  server.RaftServerConfigKeys (ConfUtils.java:logFallback(53)) - raft.server.rpc.first-election.timeout.min = 5s (fallback to raft.server.rpc.timeout.min)
2023-01-26 17:38:15,399 [f066a8fd-bb24-4d50-9831-ef193da0c0d0@group-86A1BE7E6950-LeaderElection8] INFO  server.RaftServerConfigKeys (ConfUtils.java:logFallback(53)) - raft.server.rpc.first-election.timeout.max = 5200ms (fallback to raft.server.rpc.timeout.max)
2023-01-26 17:38:15,399 [235f2378-c7d7-4173-89ba-00e0bb2ff45d@group-86A1BE7E6950-LeaderElection9] INFO  impl.LeaderElection (LeaderElection.java:askForVotes(312)) - 235f2378-c7d7-4173-89ba-00e0bb2ff45d@group-86A1BE7E6950-LeaderElection9 ELECTION round 0: submit vote requests at term 1 for -1: peers:[235f2378-c7d7-4173-89ba-00e0bb2ff45d|rpc:10.1.0.73:41431|dataStream:10.1.0.73:43995|priority:0|startupRole:FOLLOWER, 49ad5a47-7d1f-45bf-afe9-a53f24515e29|rpc:10.1.0.73:36795|dataStream:10.1.0.73:45593|priority:1|startupRole:FOLLOWER, f066a8fd-bb24-4d50-9831-ef193da0c0d0|rpc:10.1.0.73:34671|dataStream:10.1.0.73:45771|priority:0|startupRole:FOLLOWER]|listeners:[], old=null
2023-01-26 17:38:15,399 [f066a8fd-bb24-4d50-9831-ef193da0c0d0@group-86A1BE7E6950-LeaderElection8-1] INFO  server.GrpcServerProtocolClient (GrpcServerProtocolClient.java:<init>(63)) - Build channel for 235f2378-c7d7-4173-89ba-00e0bb2ff45d
2023-01-26 17:38:15,409 [f066a8fd-bb24-4d50-9831-ef193da0c0d0@group-86A1BE7E6950-LeaderElection8-2] INFO  server.GrpcServerProtocolClient (GrpcServerProtocolClient.java:<init>(63)) - Build channel for 49ad5a47-7d1f-45bf-afe9-a53f24515e29
2023-01-26 17:38:15,411 [235f2378-c7d7-4173-89ba-00e0bb2ff45d@group-86A1BE7E6950-LeaderElection9] INFO  server.RaftServerConfigKeys (ConfUtils.java:logFallback(53)) - raft.server.rpc.first-election.timeout.min = 5s (fallback to raft.server.rpc.timeout.min)
2023-01-26 17:38:15,418 [235f2378-c7d7-4173-89ba-00e0bb2ff45d@group-86A1BE7E6950-LeaderElection9] INFO  server.RaftServerConfigKeys (ConfUtils.java:logFallback(53)) - raft.server.rpc.first-election.timeout.max = 5200ms (fallback to raft.server.rpc.timeout.max)
2023-01-26 17:38:15,418 [235f2378-c7d7-4173-89ba-00e0bb2ff45d@group-86A1BE7E6950-LeaderElection9-2] INFO  server.GrpcServerProtocolClient (GrpcServerProtocolClient.java:<init>(63)) - Build channel for f066a8fd-bb24-4d50-9831-ef193da0c0d0
2023-01-26 17:38:15,411 [235f2378-c7d7-4173-89ba-00e0bb2ff45d@group-86A1BE7E6950-LeaderElection9-1] INFO  server.GrpcServerProtocolClient (GrpcServerProtocolClient.java:<init>(63)) - Build channel for 49ad5a47-7d1f-45bf-afe9-a53f24515e29
2023-01-26 17:38:15,435 [grpc-default-executor-2] INFO  server.RaftServer$Division (RaftServerImpl.java:requestVote(1218)) - 49ad5a47-7d1f-45bf-afe9-a53f24515e29@group-86A1BE7E6950: receive requestVote(ELECTION, 235f2378-c7d7-4173-89ba-00e0bb2ff45d, group-86A1BE7E6950, 1, (t:0, i:0))
2023-01-26 17:38:15,435 [grpc-default-executor-2] INFO  impl.VoteContext (VoteContext.java:log(49)) - 49ad5a47-7d1f-45bf-afe9-a53f24515e29@group-86A1BE7E6950-FOLLOWER: reject ELECTION from 235f2378-c7d7-4173-89ba-00e0bb2ff45d: our priority 1 > candidate's priority 0
2023-01-26 17:38:15,435 [grpc-default-executor-2] INFO  server.RaftServer$Division (RaftServerImpl.java:setRole(321)) - 49ad5a47-7d1f-45bf-afe9-a53f24515e29@group-86A1BE7E6950: changes role from  FOLLOWER to FOLLOWER at term 1 for candidate:235f2378-c7d7-4173-89ba-00e0bb2ff45d
2023-01-26 17:38:15,435 [grpc-default-executor-2] INFO  impl.RoleInfo (RoleInfo.java:shutdownFollowerState(110)) - 49ad5a47-7d1f-45bf-afe9-a53f24515e29: shutdown 49ad5a47-7d1f-45bf-afe9-a53f24515e29@group-86A1BE7E6950-FollowerState
2023-01-26 17:38:15,436 [grpc-default-executor-2] INFO  impl.RoleInfo (RoleInfo.java:updateAndGet(139)) - 49ad5a47-7d1f-45bf-afe9-a53f24515e29: start 49ad5a47-7d1f-45bf-afe9-a53f24515e29@group-86A1BE7E6950-FollowerState
2023-01-26 17:38:15,436 [49ad5a47-7d1f-45bf-afe9-a53f24515e29@group-86A1BE7E6950-FollowerState] INFO  impl.FollowerState (FollowerState.java:run(152)) - 49ad5a47-7d1f-45bf-afe9-a53f24515e29@group-86A1BE7E6950-FollowerState was interrupted
2023-01-26 17:38:15,444 [49ad5a47-7d1f-45bf-afe9-a53f24515e29@group-86A1BE7E6950-FollowerState] INFO  server.RaftServerConfigKeys (ConfUtils.java:logFallback(53)) - raft.server.rpc.first-election.timeout.min = 5s (fallback to raft.server.rpc.timeout.min)
2023-01-26 17:38:15,444 [grpc-default-executor-2] INFO  server.RaftServer$Division (RaftServerImpl.java:requestVote(1251)) - 49ad5a47-7d1f-45bf-afe9-a53f24515e29@group-86A1BE7E6950 replies to ELECTION vote request: 235f2378-c7d7-4173-89ba-00e0bb2ff45d<-49ad5a47-7d1f-45bf-afe9-a53f24515e29#0:FAIL-t1. Peer's state: 49ad5a47-7d1f-45bf-afe9-a53f24515e29@group-86A1BE7E6950:t1, leader=null, voted=null, raftlog=Memoized:49ad5a47-7d1f-45bf-afe9-a53f24515e29@group-86A1BE7E6950-SegmentedRaftLog:OPENED:c-1, conf=-1: peers:[235f2378-c7d7-4173-89ba-00e0bb2ff45d|rpc:10.1.0.73:41431|dataStream:10.1.0.73:43995|priority:0|startupRole:FOLLOWER, 49ad5a47-7d1f-45bf-afe9-a53f24515e29|rpc:10.1.0.73:36795|dataStream:10.1.0.73:45593|priority:1|startupRole:FOLLOWER, f066a8fd-bb24-4d50-9831-ef193da0c0d0|rpc:10.1.0.73:34671|dataStream:10.1.0.73:45771|priority:0|startupRole:FOLLOWER]|listeners:[], old=null
2023-01-26 17:38:15,451 [49ad5a47-7d1f-45bf-afe9-a53f24515e29@group-86A1BE7E6950-FollowerState] INFO  server.RaftServerConfigKeys (ConfUtils.java:logFallback(53)) - raft.server.rpc.first-election.timeout.max = 5200ms (fallback to raft.server.rpc.timeout.max)
2023-01-26 17:38:15,466 [grpc-default-executor-2] INFO  server.RaftServer$Division (RaftServerImpl.java:requestVote(1218)) - f066a8fd-bb24-4d50-9831-ef193da0c0d0@group-86A1BE7E6950: receive requestVote(ELECTION, 235f2378-c7d7-4173-89ba-00e0bb2ff45d, group-86A1BE7E6950, 1, (t:0, i:0))
2023-01-26 17:38:15,467 [grpc-default-executor-2] INFO  impl.VoteContext (VoteContext.java:log(49)) - f066a8fd-bb24-4d50-9831-ef193da0c0d0@group-86A1BE7E6950-CANDIDATE: reject ELECTION from 235f2378-c7d7-4173-89ba-00e0bb2ff45d: already has voted for f066a8fd-bb24-4d50-9831-ef193da0c0d0 at current term 1
2023-01-26 17:38:15,467 [grpc-default-executor-2] INFO  server.RaftServer$Division (RaftServerImpl.java:requestVote(1251)) - f066a8fd-bb24-4d50-9831-ef193da0c0d0@group-86A1BE7E6950 replies to ELECTION vote request: 235f2378-c7d7-4173-89ba-00e0bb2ff45d<-f066a8fd-bb24-4d50-9831-ef193da0c0d0#0:FAIL-t1. Peer's state: f066a8fd-bb24-4d50-9831-ef193da0c0d0@group-86A1BE7E6950:t1, leader=null, voted=f066a8fd-bb24-4d50-9831-ef193da0c0d0, raftlog=Memoized:f066a8fd-bb24-4d50-9831-ef193da0c0d0@group-86A1BE7E6950-SegmentedRaftLog:OPENED:c-1, conf=-1: peers:[235f2378-c7d7-4173-89ba-00e0bb2ff45d|rpc:10.1.0.73:41431|dataStream:10.1.0.73:43995|priority:0|startupRole:FOLLOWER, 49ad5a47-7d1f-45bf-afe9-a53f24515e29|rpc:10.1.0.73:36795|dataStream:10.1.0.73:45593|priority:1|startupRole:FOLLOWER, f066a8fd-bb24-4d50-9831-ef193da0c0d0|rpc:10.1.0.73:34671|dataStream:10.1.0.73:45771|priority:0|startupRole:FOLLOWER]|listeners:[], old=null
2023-01-26 17:38:15,469 [grpc-default-executor-2] INFO  server.RaftServer$Division (RaftServerImpl.java:requestVote(1218)) - 235f2378-c7d7-4173-89ba-00e0bb2ff45d@group-86A1BE7E6950: receive requestVote(ELECTION, f066a8fd-bb24-4d50-9831-ef193da0c0d0, group-86A1BE7E6950, 1, (t:0, i:0))
2023-01-26 17:38:15,469 [grpc-default-executor-2] INFO  impl.VoteContext (VoteContext.java:log(49)) - 235f2378-c7d7-4173-89ba-00e0bb2ff45d@group-86A1BE7E6950-CANDIDATE: reject ELECTION from f066a8fd-bb24-4d50-9831-ef193da0c0d0: already has voted for 235f2378-c7d7-4173-89ba-00e0bb2ff45d at current term 1
2023-01-26 17:38:15,469 [grpc-default-executor-2] INFO  server.RaftServer$Division (RaftServerImpl.java:requestVote(1251)) - 235f2378-c7d7-4173-89ba-00e0bb2ff45d@group-86A1BE7E6950 replies to ELECTION vote request: f066a8fd-bb24-4d50-9831-ef193da0c0d0<-235f2378-c7d7-4173-89ba-00e0bb2ff45d#0:FAIL-t1. Peer's state: 235f2378-c7d7-4173-89ba-00e0bb2ff45d@group-86A1BE7E6950:t1, leader=null, voted=235f2378-c7d7-4173-89ba-00e0bb2ff45d, raftlog=Memoized:235f2378-c7d7-4173-89ba-00e0bb2ff45d@group-86A1BE7E6950-SegmentedRaftLog:OPENED:c-1, conf=-1: peers:[235f2378-c7d7-4173-89ba-00e0bb2ff45d|rpc:10.1.0.73:41431|dataStream:10.1.0.73:43995|priority:0|startupRole:FOLLOWER, 49ad5a47-7d1f-45bf-afe9-a53f24515e29|rpc:10.1.0.73:36795|dataStream:10.1.0.73:45593|priority:1|startupRole:FOLLOWER, f066a8fd-bb24-4d50-9831-ef193da0c0d0|rpc:10.1.0.73:34671|dataStream:10.1.0.73:45771|priority:0|startupRole:FOLLOWER]|listeners:[], old=null
2023-01-26 17:38:15,480 [grpc-default-executor-2] INFO  server.RaftServer$Division (RaftServerImpl.java:requestVote(1218)) - 49ad5a47-7d1f-45bf-afe9-a53f24515e29@group-86A1BE7E6950: receive requestVote(ELECTION, f066a8fd-bb24-4d50-9831-ef193da0c0d0, group-86A1BE7E6950, 1, (t:0, i:0))
2023-01-26 17:38:15,480 [235f2378-c7d7-4173-89ba-00e0bb2ff45d@group-86A1BE7E6950-LeaderElection9] INFO  impl.LeaderElection (LeaderElection.java:logAndReturn(90)) - 235f2378-c7d7-4173-89ba-00e0bb2ff45d@group-86A1BE7E6950-LeaderElection9: ELECTION REJECTED received 1 response(s) and 0 exception(s):
2023-01-26 17:38:15,482 [235f2378-c7d7-4173-89ba-00e0bb2ff45d@group-86A1BE7E6950-LeaderElection9] INFO  impl.LeaderElection (LeaderElection.java:logAndReturn(94)) -   Response 0: 235f2378-c7d7-4173-89ba-00e0bb2ff45d<-49ad5a47-7d1f-45bf-afe9-a53f24515e29#0:FAIL-t1
2023-01-26 17:38:15,482 [235f2378-c7d7-4173-89ba-00e0bb2ff45d@group-86A1BE7E6950-LeaderElection9] INFO  impl.LeaderElection (LeaderElection.java:askForVotes(314)) - 235f2378-c7d7-4173-89ba-00e0bb2ff45d@group-86A1BE7E6950-LeaderElection9 ELECTION round 0: result REJECTED
2023-01-26 17:38:15,482 [235f2378-c7d7-4173-89ba-00e0bb2ff45d@group-86A1BE7E6950-LeaderElection9] INFO  server.RaftServer$Division (RaftServerImpl.java:setRole(321)) - 235f2378-c7d7-4173-89ba-00e0bb2ff45d@group-86A1BE7E6950: changes role from CANDIDATE to FOLLOWER at term 1 for REJECTED
2023-01-26 17:38:15,482 [235f2378-c7d7-4173-89ba-00e0bb2ff45d@group-86A1BE7E6950-LeaderElection9] INFO  impl.RoleInfo (RoleInfo.java:shutdownLeaderElection(130)) - 235f2378-c7d7-4173-89ba-00e0bb2ff45d: shutdown 235f2378-c7d7-4173-89ba-00e0bb2ff45d@group-86A1BE7E6950-LeaderElection9
2023-01-26 17:38:15,482 [235f2378-c7d7-4173-89ba-00e0bb2ff45d@group-86A1BE7E6950-LeaderElection9] INFO  impl.RoleInfo (RoleInfo.java:updateAndGet(139)) - 235f2378-c7d7-4173-89ba-00e0bb2ff45d: start 235f2378-c7d7-4173-89ba-00e0bb2ff45d@group-86A1BE7E6950-FollowerState
2023-01-26 17:38:15,485 [grpc-default-executor-2] INFO  impl.VoteContext (VoteContext.java:log(49)) - 49ad5a47-7d1f-45bf-afe9-a53f24515e29@group-86A1BE7E6950-FOLLOWER: reject ELECTION from f066a8fd-bb24-4d50-9831-ef193da0c0d0: our priority 1 > candidate's priority 0
2023-01-26 17:38:15,485 [grpc-default-executor-2] INFO  server.RaftServer$Division (RaftServerImpl.java:setRole(321)) - 49ad5a47-7d1f-45bf-afe9-a53f24515e29@group-86A1BE7E6950: changes role from  FOLLOWER to FOLLOWER at term 1 for candidate:f066a8fd-bb24-4d50-9831-ef193da0c0d0
2023-01-26 17:38:15,485 [grpc-default-executor-2] INFO  impl.RoleInfo (RoleInfo.java:shutdownFollowerState(110)) - 49ad5a47-7d1f-45bf-afe9-a53f24515e29: shutdown 49ad5a47-7d1f-45bf-afe9-a53f24515e29@group-86A1BE7E6950-FollowerState
2023-01-26 17:38:15,485 [grpc-default-executor-2] INFO  impl.RoleInfo (RoleInfo.java:updateAndGet(139)) - 49ad5a47-7d1f-45bf-afe9-a53f24515e29: start 49ad5a47-7d1f-45bf-afe9-a53f24515e29@group-86A1BE7E6950-FollowerState
2023-01-26 17:38:15,485 [49ad5a47-7d1f-45bf-afe9-a53f24515e29@group-86A1BE7E6950-FollowerState] INFO  impl.FollowerState (FollowerState.java:run(152)) - 49ad5a47-7d1f-45bf-afe9-a53f24515e29@group-86A1BE7E6950-FollowerState was interrupted
2023-01-26 17:38:15,489 [grpc-default-executor-2] INFO  server.RaftServer$Division (RaftServerImpl.java:requestVote(1251)) - 49ad5a47-7d1f-45bf-afe9-a53f24515e29@group-86A1BE7E6950 replies to ELECTION vote request: f066a8fd-bb24-4d50-9831-ef193da0c0d0<-49ad5a47-7d1f-45bf-afe9-a53f24515e29#0:FAIL-t1. Peer's state: 49ad5a47-7d1f-45bf-afe9-a53f24515e29@group-86A1BE7E6950:t1, leader=null, voted=null, raftlog=Memoized:49ad5a47-7d1f-45bf-afe9-a53f24515e29@group-86A1BE7E6950-SegmentedRaftLog:OPENED:c-1, conf=-1: peers:[235f2378-c7d7-4173-89ba-00e0bb2ff45d|rpc:10.1.0.73:41431|dataStream:10.1.0.73:43995|priority:0|startupRole:FOLLOWER, 49ad5a47-7d1f-45bf-afe9-a53f24515e29|rpc:10.1.0.73:36795|dataStream:10.1.0.73:45593|priority:1|startupRole:FOLLOWER, f066a8fd-bb24-4d50-9831-ef193da0c0d0|rpc:10.1.0.73:34671|dataStream:10.1.0.73:45771|priority:0|startupRole:FOLLOWER]|listeners:[], old=null
2023-01-26 17:38:15,500 [235f2378-c7d7-4173-89ba-00e0bb2ff45d@group-86A1BE7E6950-FollowerState] INFO  server.RaftServerConfigKeys (ConfUtils.java:logFallback(53)) - raft.server.rpc.first-election.timeout.min = 5s (fallback to raft.server.rpc.timeout.min)
2023-01-26 17:38:15,501 [235f2378-c7d7-4173-89ba-00e0bb2ff45d@group-86A1BE7E6950-FollowerState] INFO  server.RaftServerConfigKeys (ConfUtils.java:logFallback(53)) - raft.server.rpc.first-election.timeout.max = 5200ms (fallback to raft.server.rpc.timeout.max)
2023-01-26 17:38:15,502 [f066a8fd-bb24-4d50-9831-ef193da0c0d0@group-86A1BE7E6950-LeaderElection8] INFO  impl.LeaderElection (LeaderElection.java:logAndReturn(90)) - f066a8fd-bb24-4d50-9831-ef193da0c0d0@group-86A1BE7E6950-LeaderElection8: ELECTION REJECTED received 2 response(s) and 0 exception(s):
2023-01-26 17:38:15,502 [f066a8fd-bb24-4d50-9831-ef193da0c0d0@group-86A1BE7E6950-LeaderElection8] INFO  impl.LeaderElection (LeaderElection.java:logAndReturn(94)) -   Response 0: f066a8fd-bb24-4d50-9831-ef193da0c0d0<-235f2378-c7d7-4173-89ba-00e0bb2ff45d#0:FAIL-t1
2023-01-26 17:38:15,502 [f066a8fd-bb24-4d50-9831-ef193da0c0d0@group-86A1BE7E6950-LeaderElection8] INFO  impl.LeaderElection (LeaderElection.java:logAndReturn(94)) -   Response 1: f066a8fd-bb24-4d50-9831-ef193da0c0d0<-49ad5a47-7d1f-45bf-afe9-a53f24515e29#0:FAIL-t1
2023-01-26 17:38:15,502 [f066a8fd-bb24-4d50-9831-ef193da0c0d0@group-86A1BE7E6950-LeaderElection8] INFO  impl.LeaderElection (LeaderElection.java:askForVotes(314)) - f066a8fd-bb24-4d50-9831-ef193da0c0d0@group-86A1BE7E6950-LeaderElection8 ELECTION round 0: result REJECTED
2023-01-26 17:38:15,502 [f066a8fd-bb24-4d50-9831-ef193da0c0d0@group-86A1BE7E6950-LeaderElection8] INFO  server.RaftServer$Division (RaftServerImpl.java:setRole(321)) - f066a8fd-bb24-4d50-9831-ef193da0c0d0@group-86A1BE7E6950: changes role from CANDIDATE to FOLLOWER at term 1 for REJECTED
2023-01-26 17:38:15,502 [f066a8fd-bb24-4d50-9831-ef193da0c0d0@group-86A1BE7E6950-LeaderElection8] INFO  impl.RoleInfo (RoleInfo.java:shutdownLeaderElection(130)) - f066a8fd-bb24-4d50-9831-ef193da0c0d0: shutdown f066a8fd-bb24-4d50-9831-ef193da0c0d0@group-86A1BE7E6950-LeaderElection8
2023-01-26 17:38:15,502 [f066a8fd-bb24-4d50-9831-ef193da0c0d0@group-86A1BE7E6950-LeaderElection8] INFO  impl.RoleInfo (RoleInfo.java:updateAndGet(139)) - f066a8fd-bb24-4d50-9831-ef193da0c0d0: start f066a8fd-bb24-4d50-9831-ef193da0c0d0@group-86A1BE7E6950-FollowerState
2023-01-26 17:38:15,507 [49ad5a47-7d1f-45bf-afe9-a53f24515e29@group-86A1BE7E6950-FollowerState] INFO  server.RaftServerConfigKeys (ConfUtils.java:logFallback(53)) - raft.server.rpc.first-election.timeout.min = 5s (fallback to raft.server.rpc.timeout.min)
2023-01-26 17:38:15,507 [49ad5a47-7d1f-45bf-afe9-a53f24515e29@group-86A1BE7E6950-FollowerState] INFO  server.RaftServerConfigKeys (ConfUtils.java:logFallback(53)) - raft.server.rpc.first-election.timeout.max = 5200ms (fallback to raft.server.rpc.timeout.max)
2023-01-26 17:38:15,507 [f066a8fd-bb24-4d50-9831-ef193da0c0d0@group-86A1BE7E6950-FollowerState] INFO  server.RaftServerConfigKeys (ConfUtils.java:logFallback(53)) - raft.server.rpc.first-election.timeout.min = 5s (fallback to raft.server.rpc.timeout.min)
2023-01-26 17:38:15,507 [f066a8fd-bb24-4d50-9831-ef193da0c0d0@group-86A1BE7E6950-FollowerState] INFO  server.RaftServerConfigKeys (ConfUtils.java:logFallback(53)) - raft.server.rpc.first-election.timeout.max = 5200ms (fallback to raft.server.rpc.timeout.max)
2023-01-26 17:38:15,774 [235f2378-c7d7-4173-89ba-00e0bb2ff45d@group-D4D245344B96-FollowerState] INFO  impl.FollowerState (FollowerState.java:run(143)) - 235f2378-c7d7-4173-89ba-00e0bb2ff45d@group-D4D245344B96-FollowerState: change to CANDIDATE, lastRpcElapsedTime:5019948091ns, electionTimeout:5017ms
2023-01-26 17:38:15,775 [235f2378-c7d7-4173-89ba-00e0bb2ff45d@group-D4D245344B96-FollowerState] INFO  impl.RoleInfo (RoleInfo.java:shutdownFollowerState(110)) - 235f2378-c7d7-4173-89ba-00e0bb2ff45d: shutdown 235f2378-c7d7-4173-89ba-00e0bb2ff45d@group-D4D245344B96-FollowerState
2023-01-26 17:38:15,775 [235f2378-c7d7-4173-89ba-00e0bb2ff45d@group-D4D245344B96-FollowerState] INFO  server.RaftServer$Division (RaftServerImpl.java:setRole(321)) - 235f2378-c7d7-4173-89ba-00e0bb2ff45d@group-D4D245344B96: changes role from  FOLLOWER to CANDIDATE at term 0 for changeToCandidate
2023-01-26 17:38:15,775 [235f2378-c7d7-4173-89ba-00e0bb2ff45d@group-D4D245344B96-FollowerState] INFO  server.RaftServerConfigKeys (ConfUtils.java:logGet(46)) - raft.server.leaderelection.pre-vote = false (custom)
2023-01-26 17:38:15,775 [235f2378-c7d7-4173-89ba-00e0bb2ff45d@group-D4D245344B96-FollowerState] INFO  impl.RoleInfo (RoleInfo.java:updateAndGet(139)) - 235f2378-c7d7-4173-89ba-00e0bb2ff45d: start 235f2378-c7d7-4173-89ba-00e0bb2ff45d@group-D4D245344B96-LeaderElection10
2023-01-26 17:38:15,781 [235f2378-c7d7-4173-89ba-00e0bb2ff45d@group-D4D245344B96-LeaderElection10] INFO  impl.LeaderElection (LeaderElection.java:askForVotes(312)) - 235f2378-c7d7-4173-89ba-00e0bb2ff45d@group-D4D245344B96-LeaderElection10 ELECTION round 0: submit vote requests at term 1 for -1: peers:[235f2378-c7d7-4173-89ba-00e0bb2ff45d|rpc:10.1.0.73:41431|dataStream:10.1.0.73:43995|priority:0|startupRole:FOLLOWER, 49ad5a47-7d1f-45bf-afe9-a53f24515e29|rpc:10.1.0.73:36795|dataStream:10.1.0.73:45593|priority:0|startupRole:FOLLOWER, f066a8fd-bb24-4d50-9831-ef193da0c0d0|rpc:10.1.0.73:34671|dataStream:10.1.0.73:45771|priority:1|startupRole:FOLLOWER]|listeners:[], old=null
2023-01-26 17:38:15,784 [235f2378-c7d7-4173-89ba-00e0bb2ff45d@group-D4D245344B96-LeaderElection10] INFO  server.RaftServerConfigKeys (ConfUtils.java:logFallback(53)) - raft.server.rpc.first-election.timeout.min = 5s (fallback to raft.server.rpc.timeout.min)
2023-01-26 17:38:15,784 [235f2378-c7d7-4173-89ba-00e0bb2ff45d@group-D4D245344B96-LeaderElection10] INFO  server.RaftServerConfigKeys (ConfUtils.java:logFallback(53)) - raft.server.rpc.first-election.timeout.max = 5200ms (fallback to raft.server.rpc.timeout.max)
2023-01-26 17:38:15,786 [grpc-default-executor-2] INFO  server.RaftServer$Division (RaftServerImpl.java:requestVote(1218)) - 49ad5a47-7d1f-45bf-afe9-a53f24515e29@group-D4D245344B96: receive requestVote(ELECTION, 235f2378-c7d7-4173-89ba-00e0bb2ff45d, group-D4D245344B96, 1, (t:0, i:0))
2023-01-26 17:38:15,786 [grpc-default-executor-2] INFO  impl.VoteContext (VoteContext.java:log(49)) - 49ad5a47-7d1f-45bf-afe9-a53f24515e29@group-D4D245344B96-FOLLOWER: accept ELECTION from 235f2378-c7d7-4173-89ba-00e0bb2ff45d: our priority 0 <= candidate's priority 0
2023-01-26 17:38:15,786 [grpc-default-executor-2] INFO  server.RaftServer$Division (RaftServerImpl.java:setRole(321)) - 49ad5a47-7d1f-45bf-afe9-a53f24515e29@group-D4D245344B96: changes role from  FOLLOWER to FOLLOWER at term 1 for candidate:235f2378-c7d7-4173-89ba-00e0bb2ff45d
2023-01-26 17:38:15,786 [grpc-default-executor-2] INFO  impl.RoleInfo (RoleInfo.java:shutdownFollowerState(110)) - 49ad5a47-7d1f-45bf-afe9-a53f24515e29: shutdown 49ad5a47-7d1f-45bf-afe9-a53f24515e29@group-D4D245344B96-FollowerState
2023-01-26 17:38:15,787 [grpc-default-executor-2] INFO  impl.RoleInfo (RoleInfo.java:updateAndGet(139)) - 49ad5a47-7d1f-45bf-afe9-a53f24515e29: start 49ad5a47-7d1f-45bf-afe9-a53f24515e29@group-D4D245344B96-FollowerState
2023-01-26 17:38:15,787 [49ad5a47-7d1f-45bf-afe9-a53f24515e29@group-D4D245344B96-FollowerState] INFO  impl.FollowerState (FollowerState.java:run(152)) - 49ad5a47-7d1f-45bf-afe9-a53f24515e29@group-D4D245344B96-FollowerState was interrupted
2023-01-26 17:38:15,796 [Listener at 127.0.0.1/41041] INFO  rpc.RpcClient (RpcClient.java:createVolume(474)) - Creating Volume: testblockoutputstream, with runner as owner and space quota set to -1 bytes, counts quota set to -1
2023-01-26 17:38:15,800 [grpc-default-executor-2] INFO  server.RaftServer$Division (RaftServerImpl.java:requestVote(1251)) - 49ad5a47-7d1f-45bf-afe9-a53f24515e29@group-D4D245344B96 replies to ELECTION vote request: 235f2378-c7d7-4173-89ba-00e0bb2ff45d<-49ad5a47-7d1f-45bf-afe9-a53f24515e29#0:OK-t1. Peer's state: 49ad5a47-7d1f-45bf-afe9-a53f24515e29@group-D4D245344B96:t1, leader=null, voted=235f2378-c7d7-4173-89ba-00e0bb2ff45d, raftlog=Memoized:49ad5a47-7d1f-45bf-afe9-a53f24515e29@group-D4D245344B96-SegmentedRaftLog:OPENED:c-1, conf=-1: peers:[235f2378-c7d7-4173-89ba-00e0bb2ff45d|rpc:10.1.0.73:41431|dataStream:10.1.0.73:43995|priority:0|startupRole:FOLLOWER, 49ad5a47-7d1f-45bf-afe9-a53f24515e29|rpc:10.1.0.73:36795|dataStream:10.1.0.73:45593|priority:0|startupRole:FOLLOWER, f066a8fd-bb24-4d50-9831-ef193da0c0d0|rpc:10.1.0.73:34671|dataStream:10.1.0.73:45771|priority:1|startupRole:FOLLOWER]|listeners:[], old=null
2023-01-26 17:38:15,801 [49ad5a47-7d1f-45bf-afe9-a53f24515e29@group-D4D245344B96-FollowerState] INFO  server.RaftServerConfigKeys (ConfUtils.java:logFallback(53)) - raft.server.rpc.first-election.timeout.min = 5s (fallback to raft.server.rpc.timeout.min)
2023-01-26 17:38:15,801 [grpc-default-executor-0] INFO  server.RaftServer$Division (RaftServerImpl.java:requestVote(1218)) - f066a8fd-bb24-4d50-9831-ef193da0c0d0@group-D4D245344B96: receive requestVote(ELECTION, 235f2378-c7d7-4173-89ba-00e0bb2ff45d, group-D4D245344B96, 1, (t:0, i:0))
2023-01-26 17:38:15,803 [grpc-default-executor-0] INFO  impl.VoteContext (VoteContext.java:log(49)) - f066a8fd-bb24-4d50-9831-ef193da0c0d0@group-D4D245344B96-FOLLOWER: reject ELECTION from 235f2378-c7d7-4173-89ba-00e0bb2ff45d: our priority 1 > candidate's priority 0
2023-01-26 17:38:15,803 [grpc-default-executor-0] INFO  server.RaftServer$Division (RaftServerImpl.java:setRole(321)) - f066a8fd-bb24-4d50-9831-ef193da0c0d0@group-D4D245344B96: changes role from  FOLLOWER to FOLLOWER at term 1 for candidate:235f2378-c7d7-4173-89ba-00e0bb2ff45d
2023-01-26 17:38:15,803 [grpc-default-executor-0] INFO  impl.RoleInfo (RoleInfo.java:shutdownFollowerState(110)) - f066a8fd-bb24-4d50-9831-ef193da0c0d0: shutdown f066a8fd-bb24-4d50-9831-ef193da0c0d0@group-D4D245344B96-FollowerState
2023-01-26 17:38:15,803 [grpc-default-executor-0] INFO  impl.RoleInfo (RoleInfo.java:updateAndGet(139)) - f066a8fd-bb24-4d50-9831-ef193da0c0d0: start f066a8fd-bb24-4d50-9831-ef193da0c0d0@group-D4D245344B96-FollowerState
2023-01-26 17:38:15,803 [49ad5a47-7d1f-45bf-afe9-a53f24515e29@group-D4D245344B96-FollowerState] INFO  server.RaftServerConfigKeys (ConfUtils.java:logFallback(53)) - raft.server.rpc.first-election.timeout.max = 5200ms (fallback to raft.server.rpc.timeout.max)
2023-01-26 17:38:15,803 [f066a8fd-bb24-4d50-9831-ef193da0c0d0@group-D4D245344B96-FollowerState] INFO  impl.FollowerState (FollowerState.java:run(152)) - f066a8fd-bb24-4d50-9831-ef193da0c0d0@group-D4D245344B96-FollowerState was interrupted
2023-01-26 17:38:15,808 [f066a8fd-bb24-4d50-9831-ef193da0c0d0@group-D4D245344B96-FollowerState] INFO  server.RaftServerConfigKeys (ConfUtils.java:logFallback(53)) - raft.server.rpc.first-election.timeout.min = 5s (fallback to raft.server.rpc.timeout.min)
2023-01-26 17:38:15,808 [f066a8fd-bb24-4d50-9831-ef193da0c0d0@group-D4D245344B96-FollowerState] INFO  server.RaftServerConfigKeys (ConfUtils.java:logFallback(53)) - raft.server.rpc.first-election.timeout.max = 5200ms (fallback to raft.server.rpc.timeout.max)
2023-01-26 17:38:15,809 [grpc-default-executor-0] INFO  server.RaftServer$Division (RaftServerImpl.java:requestVote(1251)) - f066a8fd-bb24-4d50-9831-ef193da0c0d0@group-D4D245344B96 replies to ELECTION vote request: 235f2378-c7d7-4173-89ba-00e0bb2ff45d<-f066a8fd-bb24-4d50-9831-ef193da0c0d0#0:FAIL-t1. Peer's state: f066a8fd-bb24-4d50-9831-ef193da0c0d0@group-D4D245344B96:t1, leader=null, voted=null, raftlog=Memoized:f066a8fd-bb24-4d50-9831-ef193da0c0d0@group-D4D245344B96-SegmentedRaftLog:OPENED:c-1, conf=-1: peers:[235f2378-c7d7-4173-89ba-00e0bb2ff45d|rpc:10.1.0.73:41431|dataStream:10.1.0.73:43995|priority:0|startupRole:FOLLOWER, 49ad5a47-7d1f-45bf-afe9-a53f24515e29|rpc:10.1.0.73:36795|dataStream:10.1.0.73:45593|priority:0|startupRole:FOLLOWER, f066a8fd-bb24-4d50-9831-ef193da0c0d0|rpc:10.1.0.73:34671|dataStream:10.1.0.73:45771|priority:1|startupRole:FOLLOWER]|listeners:[], old=null
2023-01-26 17:38:15,811 [235f2378-c7d7-4173-89ba-00e0bb2ff45d@group-D4D245344B96-LeaderElection10] INFO  impl.LeaderElection (LeaderElection.java:logAndReturn(90)) - 235f2378-c7d7-4173-89ba-00e0bb2ff45d@group-D4D245344B96-LeaderElection10: ELECTION REJECTED received 2 response(s) and 0 exception(s):
2023-01-26 17:38:15,811 [235f2378-c7d7-4173-89ba-00e0bb2ff45d@group-D4D245344B96-LeaderElection10] INFO  impl.LeaderElection (LeaderElection.java:logAndReturn(94)) -   Response 0: 235f2378-c7d7-4173-89ba-00e0bb2ff45d<-49ad5a47-7d1f-45bf-afe9-a53f24515e29#0:OK-t1
2023-01-26 17:38:15,811 [235f2378-c7d7-4173-89ba-00e0bb2ff45d@group-D4D245344B96-LeaderElection10] INFO  impl.LeaderElection (LeaderElection.java:logAndReturn(94)) -   Response 1: 235f2378-c7d7-4173-89ba-00e0bb2ff45d<-f066a8fd-bb24-4d50-9831-ef193da0c0d0#0:FAIL-t1
2023-01-26 17:38:15,811 [235f2378-c7d7-4173-89ba-00e0bb2ff45d@group-D4D245344B96-LeaderElection10] INFO  impl.LeaderElection (LeaderElection.java:askForVotes(314)) - 235f2378-c7d7-4173-89ba-00e0bb2ff45d@group-D4D245344B96-LeaderElection10 ELECTION round 0: result REJECTED
2023-01-26 17:38:15,811 [235f2378-c7d7-4173-89ba-00e0bb2ff45d@group-D4D245344B96-LeaderElection10] INFO  server.RaftServer$Division (RaftServerImpl.java:setRole(321)) - 235f2378-c7d7-4173-89ba-00e0bb2ff45d@group-D4D245344B96: changes role from CANDIDATE to FOLLOWER at term 1 for REJECTED
2023-01-26 17:38:15,811 [235f2378-c7d7-4173-89ba-00e0bb2ff45d@group-D4D245344B96-LeaderElection10] INFO  impl.RoleInfo (RoleInfo.java:shutdownLeaderElection(130)) - 235f2378-c7d7-4173-89ba-00e0bb2ff45d: shutdown 235f2378-c7d7-4173-89ba-00e0bb2ff45d@group-D4D245344B96-LeaderElection10
2023-01-26 17:38:15,811 [235f2378-c7d7-4173-89ba-00e0bb2ff45d@group-D4D245344B96-LeaderElection10] INFO  impl.RoleInfo (RoleInfo.java:updateAndGet(139)) - 235f2378-c7d7-4173-89ba-00e0bb2ff45d: start 235f2378-c7d7-4173-89ba-00e0bb2ff45d@group-D4D245344B96-FollowerState
2023-01-26 17:38:15,813 [f066a8fd-bb24-4d50-9831-ef193da0c0d0@group-F8E7380258FD-FollowerState] INFO  impl.FollowerState (FollowerState.java:run(143)) - f066a8fd-bb24-4d50-9831-ef193da0c0d0@group-F8E7380258FD-FollowerState: change to CANDIDATE, lastRpcElapsedTime:5104381491ns, electionTimeout:5103ms
2023-01-26 17:38:15,813 [f066a8fd-bb24-4d50-9831-ef193da0c0d0@group-F8E7380258FD-FollowerState] INFO  impl.RoleInfo (RoleInfo.java:shutdownFollowerState(110)) - f066a8fd-bb24-4d50-9831-ef193da0c0d0: shutdown f066a8fd-bb24-4d50-9831-ef193da0c0d0@group-F8E7380258FD-FollowerState
2023-01-26 17:38:15,813 [f066a8fd-bb24-4d50-9831-ef193da0c0d0@group-F8E7380258FD-FollowerState] INFO  server.RaftServer$Division (RaftServerImpl.java:setRole(321)) - f066a8fd-bb24-4d50-9831-ef193da0c0d0@group-F8E7380258FD: changes role from  FOLLOWER to CANDIDATE at term 0 for changeToCandidate
2023-01-26 17:38:15,817 [f066a8fd-bb24-4d50-9831-ef193da0c0d0@group-F8E7380258FD-FollowerState] INFO  server.RaftServerConfigKeys (ConfUtils.java:logGet(46)) - raft.server.leaderelection.pre-vote = false (custom)
2023-01-26 17:38:15,817 [f066a8fd-bb24-4d50-9831-ef193da0c0d0@group-F8E7380258FD-FollowerState] INFO  impl.RoleInfo (RoleInfo.java:updateAndGet(139)) - f066a8fd-bb24-4d50-9831-ef193da0c0d0: start f066a8fd-bb24-4d50-9831-ef193da0c0d0@group-F8E7380258FD-LeaderElection11
2023-01-26 17:38:15,823 [235f2378-c7d7-4173-89ba-00e0bb2ff45d@group-D4D245344B96-FollowerState] INFO  server.RaftServerConfigKeys (ConfUtils.java:logFallback(53)) - raft.server.rpc.first-election.timeout.min = 5s (fallback to raft.server.rpc.timeout.min)
2023-01-26 17:38:15,823 [235f2378-c7d7-4173-89ba-00e0bb2ff45d@group-D4D245344B96-FollowerState] INFO  server.RaftServerConfigKeys (ConfUtils.java:logFallback(53)) - raft.server.rpc.first-election.timeout.max = 5200ms (fallback to raft.server.rpc.timeout.max)
2023-01-26 17:38:15,825 [f066a8fd-bb24-4d50-9831-ef193da0c0d0@group-F8E7380258FD-LeaderElection11] INFO  impl.LeaderElection (LeaderElection.java:askForVotes(312)) - f066a8fd-bb24-4d50-9831-ef193da0c0d0@group-F8E7380258FD-LeaderElection11 ELECTION round 0: submit vote requests at term 1 for -1: peers:[f066a8fd-bb24-4d50-9831-ef193da0c0d0|rpc:10.1.0.73:34671|dataStream:10.1.0.73:45771|priority:1|startupRole:FOLLOWER]|listeners:[], old=null
2023-01-26 17:38:15,825 [f066a8fd-bb24-4d50-9831-ef193da0c0d0@group-F8E7380258FD-LeaderElection11] INFO  impl.LeaderElection (LeaderElection.java:askForVotes(314)) - f066a8fd-bb24-4d50-9831-ef193da0c0d0@group-F8E7380258FD-LeaderElection11 ELECTION round 0: result PASSED (term=1)
2023-01-26 17:38:15,825 [f066a8fd-bb24-4d50-9831-ef193da0c0d0@group-F8E7380258FD-LeaderElection11] INFO  impl.RoleInfo (RoleInfo.java:shutdownLeaderElection(130)) - f066a8fd-bb24-4d50-9831-ef193da0c0d0: shutdown f066a8fd-bb24-4d50-9831-ef193da0c0d0@group-F8E7380258FD-LeaderElection11
2023-01-26 17:38:15,825 [f066a8fd-bb24-4d50-9831-ef193da0c0d0@group-F8E7380258FD-LeaderElection11] INFO  server.RaftServer$Division (RaftServerImpl.java:setRole(321)) - f066a8fd-bb24-4d50-9831-ef193da0c0d0@group-F8E7380258FD: changes role from CANDIDATE to LEADER at term 1 for changeToLeader
2023-01-26 17:38:15,825 [f066a8fd-bb24-4d50-9831-ef193da0c0d0@group-F8E7380258FD-LeaderElection11] INFO  ratis.XceiverServerRatis (XceiverServerRatis.java:handleLeaderChangedNotification(904)) - Leader change notification received for group: group-F8E7380258FD with new leaderId: f066a8fd-bb24-4d50-9831-ef193da0c0d0
2023-01-26 17:38:15,829 [f066a8fd-bb24-4d50-9831-ef193da0c0d0@group-F8E7380258FD-LeaderElection11] INFO  server.RaftServer$Division (ServerState.java:setLeader(313)) - f066a8fd-bb24-4d50-9831-ef193da0c0d0@group-F8E7380258FD: change Leader from null to f066a8fd-bb24-4d50-9831-ef193da0c0d0 at term 1 for becomeLeader, leader elected after 5142ms
2023-01-26 17:38:15,829 [f066a8fd-bb24-4d50-9831-ef193da0c0d0@group-F8E7380258FD-LeaderElection11] INFO  server.RaftServerConfigKeys (ConfUtils.java:logGet(46)) - raft.server.staging.catchup.gap = 1000 (default)
2023-01-26 17:38:15,829 [f066a8fd-bb24-4d50-9831-ef193da0c0d0@group-F8E7380258FD-LeaderElection11] INFO  server.RaftServerConfigKeys (ConfUtils.java:logGet(46)) - raft.server.write.element-limit = 1024 (custom)
2023-01-26 17:38:15,829 [f066a8fd-bb24-4d50-9831-ef193da0c0d0@group-F8E7380258FD-LeaderElection11] INFO  server.RaftServerConfigKeys (ConfUtils.java:logGet(46)) - raft.server.write.byte-limit = 1024 M (=1073741824) (custom)
2023-01-26 17:38:15,829 [f066a8fd-bb24-4d50-9831-ef193da0c0d0@group-F8E7380258FD-LeaderElection11] INFO  server.RaftServerConfigKeys (ConfUtils.java:logGet(46)) - raft.server.watch.timeout = 180s (custom)
2023-01-26 17:38:15,829 [f066a8fd-bb24-4d50-9831-ef193da0c0d0@group-F8E7380258FD-LeaderElection11] INFO  server.RaftServerConfigKeys (ConfUtils.java:logGet(46)) - raft.server.watch.timeout.denomination = 1s (default)
2023-01-26 17:38:15,829 [f066a8fd-bb24-4d50-9831-ef193da0c0d0@group-F8E7380258FD-LeaderElection11] INFO  server.RaftServerConfigKeys (ConfUtils.java:logGet(46)) - raft.server.watch.element-limit = 65536 (default)
2023-01-26 17:38:15,830 [f066a8fd-bb24-4d50-9831-ef193da0c0d0@group-F8E7380258FD-LeaderElection11] INFO  server.RaftServerConfigKeys (ConfUtils.java:logGet(46)) - raft.server.write.element-limit = 1024 (custom)
2023-01-26 17:38:15,830 [f066a8fd-bb24-4d50-9831-ef193da0c0d0@group-F8E7380258FD-LeaderElection11] INFO  server.RaftServerConfigKeys (ConfUtils.java:logGet(46)) - raft.server.write.follower.gap.ratio.max = -1.0 (default)
2023-01-26 17:38:15,830 [f066a8fd-bb24-4d50-9831-ef193da0c0d0@group-F8E7380258FD-LeaderElection11] INFO  impl.RoleInfo (RoleInfo.java:updateAndGet(139)) - f066a8fd-bb24-4d50-9831-ef193da0c0d0: start f066a8fd-bb24-4d50-9831-ef193da0c0d0@group-F8E7380258FD-LeaderStateImpl
2023-01-26 17:38:15,830 [f066a8fd-bb24-4d50-9831-ef193da0c0d0@group-F8E7380258FD-LeaderElection11] INFO  segmented.SegmentedRaftLogWorker (SegmentedRaftLogWorker.java:startLogSegment(452)) - f066a8fd-bb24-4d50-9831-ef193da0c0d0@group-F8E7380258FD-SegmentedRaftLogWorker: Starting segment from index:0
2023-01-26 17:38:15,832 [f066a8fd-bb24-4d50-9831-ef193da0c0d0@group-F8E7380258FD-LeaderElection11] INFO  server.RaftServer$Division (ServerState.java:setRaftConf(430)) - f066a8fd-bb24-4d50-9831-ef193da0c0d0@group-F8E7380258FD: set configuration 0: peers:[f066a8fd-bb24-4d50-9831-ef193da0c0d0|rpc:10.1.0.73:34671|dataStream:10.1.0.73:45771|priority:1|startupRole:FOLLOWER]|listeners:[], old=null
2023-01-26 17:38:15,833 [f066a8fd-bb24-4d50-9831-ef193da0c0d0@group-F8E7380258FD-SegmentedRaftLogWorker] INFO  segmented.SegmentedRaftLogWorker (SegmentedRaftLogWorker.java:execute(656)) - f066a8fd-bb24-4d50-9831-ef193da0c0d0@group-F8E7380258FD-SegmentedRaftLogWorker: created new log segment /home/runner/work/ozone/ozone/hadoop-ozone/integration-test/target/test-dir/MiniOzoneClusterImpl-49a32a1f-b929-42a3-86b3-c5b719d90673/datanode-4/data/ratis/1c6d9c67-0eff-4141-9e30-f8e7380258fd/current/log_inprogress_0
2023-01-26 17:38:15,867 [OM StateMachine ApplyTransaction Thread - 0] INFO  volume.OMVolumeCreateRequest (OMVolumeCreateRequest.java:validateAndUpdateCache(195)) - created volume:testblockoutputstream for user:runner
2023-01-26 17:38:15,902 [Listener at 127.0.0.1/41041] INFO  rpc.RpcClient (RpcClient.java:createBucket(693)) - Creating Bucket: testblockoutputstream/testblockoutputstream, with server-side default bucket layout, runner as owner, Versioning false, Storage Type set to DISK and Encryption set to false 
2023-01-26 17:38:15,918 [OM StateMachine ApplyTransaction Thread - 0] INFO  bucket.OMBucketCreateRequest (OMBucketCreateRequest.java:validateAndUpdateCache(263)) - created bucket: testblockoutputstream of layout FILE_SYSTEM_OPTIMIZED in volume: testblockoutputstream
2023-01-26 17:38:15,933 [Time-limited test] INFO  impl.MetricsSystemImpl (MetricsSystemImpl.java:init(158)) - XceiverClientMetrics metrics system started (again)
2023-01-26 17:38:15,998 [IPC Server handler 16 on default port 37433] INFO  ha.SequenceIdGenerator (SequenceIdGenerator.java:getNextId(128)) - Allocate a batch for containerId, change lastId from 0 to 1000.
2023-01-26 17:38:16,011 [IPC Server handler 16 on default port 37433] WARN  ha.SequenceIdGenerator (SequenceIdGenerator.java:allocateBatch(237)) - Failed to allocate a batch for localId, expected lastId is 0, actual lastId is 111677748019200000.
2023-01-26 17:38:16,011 [IPC Server handler 16 on default port 37433] INFO  ha.SequenceIdGenerator (SequenceIdGenerator.java:getNextId(128)) - Allocate a batch for localId, change lastId from 111677748019200000 to 111677748019201000.
2023-01-26 17:38:16,121 [49ad5a47-7d1f-45bf-afe9-a53f24515e29@group-CA7C1658FC12-FollowerState] INFO  impl.FollowerState (FollowerState.java:run(143)) - 49ad5a47-7d1f-45bf-afe9-a53f24515e29@group-CA7C1658FC12-FollowerState: change to CANDIDATE, lastRpcElapsedTime:5239621252ns, electionTimeout:5191ms
2023-01-26 17:38:16,121 [49ad5a47-7d1f-45bf-afe9-a53f24515e29@group-CA7C1658FC12-FollowerState] INFO  impl.RoleInfo (RoleInfo.java:shutdownFollowerState(110)) - 49ad5a47-7d1f-45bf-afe9-a53f24515e29: shutdown 49ad5a47-7d1f-45bf-afe9-a53f24515e29@group-CA7C1658FC12-FollowerState
2023-01-26 17:38:16,121 [49ad5a47-7d1f-45bf-afe9-a53f24515e29@group-CA7C1658FC12-FollowerState] INFO  server.RaftServer$Division (RaftServerImpl.java:setRole(321)) - 49ad5a47-7d1f-45bf-afe9-a53f24515e29@group-CA7C1658FC12: changes role from  FOLLOWER to CANDIDATE at term 0 for changeToCandidate
2023-01-26 17:38:16,121 [49ad5a47-7d1f-45bf-afe9-a53f24515e29@group-CA7C1658FC12-FollowerState] INFO  server.RaftServerConfigKeys (ConfUtils.java:logGet(46)) - raft.server.leaderelection.pre-vote = false (custom)
2023-01-26 17:38:16,121 [49ad5a47-7d1f-45bf-afe9-a53f24515e29@group-CA7C1658FC12-FollowerState] INFO  impl.RoleInfo (RoleInfo.java:updateAndGet(139)) - 49ad5a47-7d1f-45bf-afe9-a53f24515e29: start 49ad5a47-7d1f-45bf-afe9-a53f24515e29@group-CA7C1658FC12-LeaderElection12
2023-01-26 17:38:16,152 [49ad5a47-7d1f-45bf-afe9-a53f24515e29@group-CA7C1658FC12-LeaderElection12] INFO  impl.LeaderElection (LeaderElection.java:askForVotes(312)) - 49ad5a47-7d1f-45bf-afe9-a53f24515e29@group-CA7C1658FC12-LeaderElection12 ELECTION round 0: submit vote requests at term 1 for -1: peers:[49ad5a47-7d1f-45bf-afe9-a53f24515e29|rpc:10.1.0.73:36795|dataStream:10.1.0.73:45593|priority:1|startupRole:FOLLOWER]|listeners:[], old=null
2023-01-26 17:38:16,153 [49ad5a47-7d1f-45bf-afe9-a53f24515e29@group-CA7C1658FC12-LeaderElection12] INFO  impl.LeaderElection (LeaderElection.java:askForVotes(314)) - 49ad5a47-7d1f-45bf-afe9-a53f24515e29@group-CA7C1658FC12-LeaderElection12 ELECTION round 0: result PASSED (term=1)
2023-01-26 17:38:16,153 [49ad5a47-7d1f-45bf-afe9-a53f24515e29@group-CA7C1658FC12-LeaderElection12] INFO  impl.RoleInfo (RoleInfo.java:shutdownLeaderElection(130)) - 49ad5a47-7d1f-45bf-afe9-a53f24515e29: shutdown 49ad5a47-7d1f-45bf-afe9-a53f24515e29@group-CA7C1658FC12-LeaderElection12
2023-01-26 17:38:16,153 [49ad5a47-7d1f-45bf-afe9-a53f24515e29@group-CA7C1658FC12-LeaderElection12] INFO  server.RaftServer$Division (RaftServerImpl.java:setRole(321)) - 49ad5a47-7d1f-45bf-afe9-a53f24515e29@group-CA7C1658FC12: changes role from CANDIDATE to LEADER at term 1 for changeToLeader
2023-01-26 17:38:16,153 [49ad5a47-7d1f-45bf-afe9-a53f24515e29@group-CA7C1658FC12-LeaderElection12] INFO  ratis.XceiverServerRatis (XceiverServerRatis.java:handleLeaderChangedNotification(904)) - Leader change notification received for group: group-CA7C1658FC12 with new leaderId: 49ad5a47-7d1f-45bf-afe9-a53f24515e29
2023-01-26 17:38:16,153 [49ad5a47-7d1f-45bf-afe9-a53f24515e29@group-CA7C1658FC12-LeaderElection12] INFO  server.RaftServer$Division (ServerState.java:setLeader(313)) - 49ad5a47-7d1f-45bf-afe9-a53f24515e29@group-CA7C1658FC12: change Leader from null to 49ad5a47-7d1f-45bf-afe9-a53f24515e29 at term 1 for becomeLeader, leader elected after 5320ms
2023-01-26 17:38:16,153 [49ad5a47-7d1f-45bf-afe9-a53f24515e29@group-CA7C1658FC12-LeaderElection12] INFO  server.RaftServerConfigKeys (ConfUtils.java:logGet(46)) - raft.server.staging.catchup.gap = 1000 (default)
2023-01-26 17:38:16,162 [49ad5a47-7d1f-45bf-afe9-a53f24515e29@group-CA7C1658FC12-LeaderElection12] INFO  server.RaftServerConfigKeys (ConfUtils.java:logGet(46)) - raft.server.write.element-limit = 1024 (custom)
2023-01-26 17:38:16,162 [49ad5a47-7d1f-45bf-afe9-a53f24515e29@group-CA7C1658FC12-LeaderElection12] INFO  server.RaftServerConfigKeys (ConfUtils.java:logGet(46)) - raft.server.write.byte-limit = 1024 M (=1073741824) (custom)
2023-01-26 17:38:16,162 [49ad5a47-7d1f-45bf-afe9-a53f24515e29@group-CA7C1658FC12-LeaderElection12] INFO  server.RaftServerConfigKeys (ConfUtils.java:logGet(46)) - raft.server.watch.timeout = 180s (custom)
2023-01-26 17:38:16,162 [49ad5a47-7d1f-45bf-afe9-a53f24515e29@group-CA7C1658FC12-LeaderElection12] INFO  server.RaftServerConfigKeys (ConfUtils.java:logGet(46)) - raft.server.watch.timeout.denomination = 1s (default)
2023-01-26 17:38:16,162 [49ad5a47-7d1f-45bf-afe9-a53f24515e29@group-CA7C1658FC12-LeaderElection12] INFO  server.RaftServerConfigKeys (ConfUtils.java:logGet(46)) - raft.server.watch.element-limit = 65536 (default)
2023-01-26 17:38:16,162 [49ad5a47-7d1f-45bf-afe9-a53f24515e29@group-CA7C1658FC12-LeaderElection12] INFO  server.RaftServerConfigKeys (ConfUtils.java:logGet(46)) - raft.server.write.element-limit = 1024 (custom)
2023-01-26 17:38:16,162 [49ad5a47-7d1f-45bf-afe9-a53f24515e29@group-CA7C1658FC12-LeaderElection12] INFO  server.RaftServerConfigKeys (ConfUtils.java:logGet(46)) - raft.server.write.follower.gap.ratio.max = -1.0 (default)
2023-01-26 17:38:16,162 [49ad5a47-7d1f-45bf-afe9-a53f24515e29@group-CA7C1658FC12-LeaderElection12] INFO  impl.RoleInfo (RoleInfo.java:updateAndGet(139)) - 49ad5a47-7d1f-45bf-afe9-a53f24515e29: start 49ad5a47-7d1f-45bf-afe9-a53f24515e29@group-CA7C1658FC12-LeaderStateImpl
2023-01-26 17:38:16,163 [49ad5a47-7d1f-45bf-afe9-a53f24515e29@group-CA7C1658FC12-LeaderElection12] INFO  segmented.SegmentedRaftLogWorker (SegmentedRaftLogWorker.java:startLogSegment(452)) - 49ad5a47-7d1f-45bf-afe9-a53f24515e29@group-CA7C1658FC12-SegmentedRaftLogWorker: Starting segment from index:0
2023-01-26 17:38:16,164 [49ad5a47-7d1f-45bf-afe9-a53f24515e29@group-CA7C1658FC12-SegmentedRaftLogWorker] INFO  segmented.SegmentedRaftLogWorker (SegmentedRaftLogWorker.java:execute(656)) - 49ad5a47-7d1f-45bf-afe9-a53f24515e29@group-CA7C1658FC12-SegmentedRaftLogWorker: created new log segment /home/runner/work/ozone/ozone/hadoop-ozone/integration-test/target/test-dir/MiniOzoneClusterImpl-49a32a1f-b929-42a3-86b3-c5b719d90673/datanode-5/data/ratis/95742700-beb7-4959-a5e9-ca7c1658fc12/current/log_inprogress_0
2023-01-26 17:38:16,172 [49ad5a47-7d1f-45bf-afe9-a53f24515e29@group-CA7C1658FC12-LeaderElection12] INFO  server.RaftServer$Division (ServerState.java:setRaftConf(430)) - 49ad5a47-7d1f-45bf-afe9-a53f24515e29@group-CA7C1658FC12: set configuration 0: peers:[49ad5a47-7d1f-45bf-afe9-a53f24515e29|rpc:10.1.0.73:36795|dataStream:10.1.0.73:45593|priority:1|startupRole:FOLLOWER]|listeners:[], old=null
2023-01-26 17:38:16,302 [1c9aed28-9cdb-4eb7-a568-9d4d50a7e5ce@group-F34764D44111-FollowerState] INFO  impl.FollowerState (FollowerState.java:run(143)) - 1c9aed28-9cdb-4eb7-a568-9d4d50a7e5ce@group-F34764D44111-FollowerState: change to CANDIDATE, lastRpcElapsedTime:5014771709ns, electionTimeout:5008ms
2023-01-26 17:38:16,303 [1c9aed28-9cdb-4eb7-a568-9d4d50a7e5ce@group-F34764D44111-FollowerState] INFO  impl.RoleInfo (RoleInfo.java:shutdownFollowerState(110)) - 1c9aed28-9cdb-4eb7-a568-9d4d50a7e5ce: shutdown 1c9aed28-9cdb-4eb7-a568-9d4d50a7e5ce@group-F34764D44111-FollowerState
2023-01-26 17:38:16,303 [1c9aed28-9cdb-4eb7-a568-9d4d50a7e5ce@group-F34764D44111-FollowerState] INFO  server.RaftServer$Division (RaftServerImpl.java:setRole(321)) - 1c9aed28-9cdb-4eb7-a568-9d4d50a7e5ce@group-F34764D44111: changes role from  FOLLOWER to CANDIDATE at term 0 for changeToCandidate
2023-01-26 17:38:16,303 [1c9aed28-9cdb-4eb7-a568-9d4d50a7e5ce@group-F34764D44111-FollowerState] INFO  server.RaftServerConfigKeys (ConfUtils.java:logGet(46)) - raft.server.leaderelection.pre-vote = false (custom)
2023-01-26 17:38:16,303 [1c9aed28-9cdb-4eb7-a568-9d4d50a7e5ce@group-F34764D44111-FollowerState] INFO  impl.RoleInfo (RoleInfo.java:updateAndGet(139)) - 1c9aed28-9cdb-4eb7-a568-9d4d50a7e5ce: start 1c9aed28-9cdb-4eb7-a568-9d4d50a7e5ce@group-F34764D44111-LeaderElection13
2023-01-26 17:38:16,312 [1c9aed28-9cdb-4eb7-a568-9d4d50a7e5ce@group-F34764D44111-LeaderElection13] INFO  impl.LeaderElection (LeaderElection.java:askForVotes(312)) - 1c9aed28-9cdb-4eb7-a568-9d4d50a7e5ce@group-F34764D44111-LeaderElection13 ELECTION round 0: submit vote requests at term 1 for -1: peers:[1c9aed28-9cdb-4eb7-a568-9d4d50a7e5ce|rpc:10.1.0.73:36301|dataStream:10.1.0.73:40169|priority:1|startupRole:FOLLOWER]|listeners:[], old=null
2023-01-26 17:38:16,312 [1c9aed28-9cdb-4eb7-a568-9d4d50a7e5ce@group-F34764D44111-LeaderElection13] INFO  impl.LeaderElection (LeaderElection.java:askForVotes(314)) - 1c9aed28-9cdb-4eb7-a568-9d4d50a7e5ce@group-F34764D44111-LeaderElection13 ELECTION round 0: result PASSED (term=1)
2023-01-26 17:38:16,312 [1c9aed28-9cdb-4eb7-a568-9d4d50a7e5ce@group-F34764D44111-LeaderElection13] INFO  impl.RoleInfo (RoleInfo.java:shutdownLeaderElection(130)) - 1c9aed28-9cdb-4eb7-a568-9d4d50a7e5ce: shutdown 1c9aed28-9cdb-4eb7-a568-9d4d50a7e5ce@group-F34764D44111-LeaderElection13
2023-01-26 17:38:16,312 [1c9aed28-9cdb-4eb7-a568-9d4d50a7e5ce@group-F34764D44111-LeaderElection13] INFO  server.RaftServer$Division (RaftServerImpl.java:setRole(321)) - 1c9aed28-9cdb-4eb7-a568-9d4d50a7e5ce@group-F34764D44111: changes role from CANDIDATE to LEADER at term 1 for changeToLeader
2023-01-26 17:38:16,312 [1c9aed28-9cdb-4eb7-a568-9d4d50a7e5ce@group-F34764D44111-LeaderElection13] INFO  ratis.XceiverServerRatis (XceiverServerRatis.java:handleLeaderChangedNotification(904)) - Leader change notification received for group: group-F34764D44111 with new leaderId: 1c9aed28-9cdb-4eb7-a568-9d4d50a7e5ce
2023-01-26 17:38:16,313 [1c9aed28-9cdb-4eb7-a568-9d4d50a7e5ce@group-F34764D44111-LeaderElection13] INFO  server.RaftServer$Division (ServerState.java:setLeader(313)) - 1c9aed28-9cdb-4eb7-a568-9d4d50a7e5ce@group-F34764D44111: change Leader from null to 1c9aed28-9cdb-4eb7-a568-9d4d50a7e5ce at term 1 for becomeLeader, leader elected after 5040ms
2023-01-26 17:38:16,313 [1c9aed28-9cdb-4eb7-a568-9d4d50a7e5ce@group-F34764D44111-LeaderElection13] INFO  server.RaftServerConfigKeys (ConfUtils.java:logGet(46)) - raft.server.staging.catchup.gap = 1000 (default)
2023-01-26 17:38:16,313 [1c9aed28-9cdb-4eb7-a568-9d4d50a7e5ce@group-F34764D44111-LeaderElection13] INFO  server.RaftServerConfigKeys (ConfUtils.java:logGet(46)) - raft.server.write.element-limit = 1024 (custom)
2023-01-26 17:38:16,313 [1c9aed28-9cdb-4eb7-a568-9d4d50a7e5ce@group-F34764D44111-LeaderElection13] INFO  server.RaftServerConfigKeys (ConfUtils.java:logGet(46)) - raft.server.write.byte-limit = 1024 M (=1073741824) (custom)
2023-01-26 17:38:16,313 [1c9aed28-9cdb-4eb7-a568-9d4d50a7e5ce@group-F34764D44111-LeaderElection13] INFO  server.RaftServerConfigKeys (ConfUtils.java:logGet(46)) - raft.server.watch.timeout = 180s (custom)
2023-01-26 17:38:16,313 [1c9aed28-9cdb-4eb7-a568-9d4d50a7e5ce@group-F34764D44111-LeaderElection13] INFO  server.RaftServerConfigKeys (ConfUtils.java:logGet(46)) - raft.server.watch.timeout.denomination = 1s (default)
2023-01-26 17:38:16,313 [1c9aed28-9cdb-4eb7-a568-9d4d50a7e5ce@group-F34764D44111-LeaderElection13] INFO  server.RaftServerConfigKeys (ConfUtils.java:logGet(46)) - raft.server.watch.element-limit = 65536 (default)
2023-01-26 17:38:16,314 [1c9aed28-9cdb-4eb7-a568-9d4d50a7e5ce@group-F34764D44111-LeaderElection13] INFO  server.RaftServerConfigKeys (ConfUtils.java:logGet(46)) - raft.server.write.element-limit = 1024 (custom)
2023-01-26 17:38:16,314 [1c9aed28-9cdb-4eb7-a568-9d4d50a7e5ce@group-F34764D44111-LeaderElection13] INFO  server.RaftServerConfigKeys (ConfUtils.java:logGet(46)) - raft.server.write.follower.gap.ratio.max = -1.0 (default)
2023-01-26 17:38:16,314 [1c9aed28-9cdb-4eb7-a568-9d4d50a7e5ce@group-F34764D44111-LeaderElection13] INFO  impl.RoleInfo (RoleInfo.java:updateAndGet(139)) - 1c9aed28-9cdb-4eb7-a568-9d4d50a7e5ce: start 1c9aed28-9cdb-4eb7-a568-9d4d50a7e5ce@group-F34764D44111-LeaderStateImpl
2023-01-26 17:38:16,314 [1c9aed28-9cdb-4eb7-a568-9d4d50a7e5ce@group-F34764D44111-LeaderElection13] INFO  segmented.SegmentedRaftLogWorker (SegmentedRaftLogWorker.java:startLogSegment(452)) - 1c9aed28-9cdb-4eb7-a568-9d4d50a7e5ce@group-F34764D44111-SegmentedRaftLogWorker: Starting segment from index:0
2023-01-26 17:38:16,316 [1c9aed28-9cdb-4eb7-a568-9d4d50a7e5ce@group-F34764D44111-LeaderElection13] INFO  server.RaftServer$Division (ServerState.java:setRaftConf(430)) - 1c9aed28-9cdb-4eb7-a568-9d4d50a7e5ce@group-F34764D44111: set configuration 0: peers:[1c9aed28-9cdb-4eb7-a568-9d4d50a7e5ce|rpc:10.1.0.73:36301|dataStream:10.1.0.73:40169|priority:1|startupRole:FOLLOWER]|listeners:[], old=null
2023-01-26 17:38:16,316 [1c9aed28-9cdb-4eb7-a568-9d4d50a7e5ce@group-F34764D44111-SegmentedRaftLogWorker] INFO  segmented.SegmentedRaftLogWorker (SegmentedRaftLogWorker.java:execute(656)) - 1c9aed28-9cdb-4eb7-a568-9d4d50a7e5ce@group-F34764D44111-SegmentedRaftLogWorker: created new log segment /home/runner/work/ozone/ozone/hadoop-ozone/integration-test/target/test-dir/MiniOzoneClusterImpl-49a32a1f-b929-42a3-86b3-c5b719d90673/datanode-6/data/ratis/6a9459a5-6736-4087-8183-f34764d44111/current/log_inprogress_0
]]></system-out>
  </testcase>
  <testcase name="testMultiChunkWrite2" classname="org.apache.hadoop.ozone.client.rpc.TestBlockOutputStreamFlushDelay" time="0.23"/>
  <testcase name="testMultiChunkWrite" classname="org.apache.hadoop.ozone.client.rpc.TestBlockOutputStreamFlushDelay" time="0.05">
    <failure type="java.lang.AssertionError"><![CDATA[java.lang.AssertionError: expected:<1> but was:<0>
	at org.junit.Assert.fail(Assert.java:89)
	at org.junit.Assert.failNotEquals(Assert.java:835)
	at org.junit.Assert.assertEquals(Assert.java:647)
	at org.junit.Assert.assertEquals(Assert.java:633)
	at org.apache.hadoop.ozone.client.rpc.TestBlockOutputStreamFlushDelay.testMultiChunkWrite(TestBlockOutputStreamFlushDelay.java:347)
	at sun.reflect.NativeMethodAccessorImpl.invoke0(Native Method)
	at sun.reflect.NativeMethodAccessorImpl.invoke(NativeMethodAccessorImpl.java:62)
	at sun.reflect.DelegatingMethodAccessorImpl.invoke(DelegatingMethodAccessorImpl.java:43)
	at java.lang.reflect.Method.invoke(Method.java:498)
	at org.junit.runners.model.FrameworkMethod$1.runReflectiveCall(FrameworkMethod.java:59)
	at org.junit.internal.runners.model.ReflectiveCallable.run(ReflectiveCallable.java:12)
	at org.junit.runners.model.FrameworkMethod.invokeExplosively(FrameworkMethod.java:56)
	at org.junit.internal.runners.statements.InvokeMethod.evaluate(InvokeMethod.java:17)
	at org.junit.internal.runners.statements.FailOnTimeout$CallableStatement.call(FailOnTimeout.java:288)
	at org.junit.internal.runners.statements.FailOnTimeout$CallableStatement.call(FailOnTimeout.java:282)
	at java.util.concurrent.FutureTask.run(FutureTask.java:266)
	at java.lang.Thread.run(Thread.java:750)
]]></failure>
  </testcase>
  <testcase name="testFullBufferCondition" classname="org.apache.hadoop.ozone.client.rpc.TestBlockOutputStreamFlushDelay" time="0.166"/>
  <testcase name="testBufferCaching" classname="org.apache.hadoop.ozone.client.rpc.TestBlockOutputStreamFlushDelay" time="0.121"/>
  <testcase name="testWriteWithExceedingMaxBufferLimit" classname="org.apache.hadoop.ozone.client.rpc.TestBlockOutputStreamFlushDelay" time="0.178"/>
</testsuite>