<?xml version="1.0" encoding="UTF-8"?>
<testsuite xmlns:xsi="http://www.w3.org/2001/XMLSchema-instance" xsi:noNamespaceSchemaLocation="https://maven.apache.org/surefire/maven-surefire-plugin/xsd/surefire-test-report.xsd" name="org.apache.hadoop.ozone.scm.TestSCMInstallSnapshotWithHA" time="142.337" tests="3" errors="0" skipped="0" failures="1">
  <properties>
    <property name="awt.toolkit" value="sun.awt.X11.XToolkit"/>
    <property name="file.encoding.pkg" value="sun.io"/>
    <property name="java.specification.version" value="1.8"/>
    <property name="sun.cpu.isalist" value=""/>
    <property name="sun.jnu.encoding" value="ANSI_X3.4-1968"/>
    <property name="java.class.path" value="/github/workspace/mnt/ozone/hadoop-ozone/integration-test/target/test-classes:/github/workspace/mnt/ozone/hadoop-ozone/integration-test/target/classes:/home/user/.m2/repository/org/apache/hadoop/hadoop-ozone-common/1.2.0-SNAPSHOT/hadoop-ozone-common-1.2.0-SNAPSHOT.jar:/home/user/.m2/repository/org/apache/commons/commons-compress/1.20/commons-compress-1.20.jar:/home/user/.m2/repository/org/apache/hadoop/hadoop-hdds-common/1.2.0-SNAPSHOT/hadoop-hdds-common-1.2.0-SNAPSHOT.jar:/home/user/.m2/repository/org/apache/hadoop/hadoop-hdds-client/1.2.0-SNAPSHOT/hadoop-hdds-client-1.2.0-SNAPSHOT.jar:/home/user/.m2/repository/org/apache/hadoop/hadoop-ozone-interface-client/1.2.0-SNAPSHOT/hadoop-ozone-interface-client-1.2.0-SNAPSHOT.jar:/home/user/.m2/repository/org/apache/hadoop/hadoop-hdds-test-utils/1.2.0-SNAPSHOT/hadoop-hdds-test-utils-1.2.0-SNAPSHOT.jar:/home/user/.m2/repository/com/google/guava/guava/30.1.1-jre/guava-30.1.1-jre.jar:/home/user/.m2/repository/com/google/guava/failureaccess/1.0.1/failureaccess-1.0.1.jar:/home/user/.m2/repository/com/google/guava/listenablefuture/9999.0-empty-to-avoid-conflict-with-guava/listenablefuture-9999.0-empty-to-avoid-conflict-with-guava.jar:/home/user/.m2/repository/com/google/code/findbugs/jsr305/3.0.0/jsr305-3.0.0.jar:/home/user/.m2/repository/org/checkerframework/checker-qual/3.8.0/checker-qual-3.8.0.jar:/home/user/.m2/repository/com/google/errorprone/error_prone_annotations/2.2.0/error_prone_annotations-2.2.0.jar:/home/user/.m2/repository/com/google/j2objc/j2objc-annotations/1.3/j2objc-annotations-1.3.jar:/home/user/.m2/repository/commons-io/commons-io/2.8.0/commons-io-2.8.0.jar:/home/user/.m2/repository/commons-logging/commons-logging/1.2/commons-logging-1.2.jar:/home/user/.m2/repository/log4j/log4j/1.2.17/log4j-1.2.17.jar:/home/user/.m2/repository/org/slf4j/slf4j-api/1.7.30/slf4j-api-1.7.30.jar:/home/user/.m2/repository/org/apache/hadoop/hadoop-hdds-server-scm/1.2.0-SNAPSHOT/hadoop-hdds-server-scm-1.2.0-SNAPSHOT.jar:/home/user/.m2/repository/org/apache/hadoop/hadoop-hdds-container-service/1.2.0-SNAPSHOT/hadoop-hdds-container-service-1.2.0-SNAPSHOT.jar:/home/user/.m2/repository/org/apache/hadoop/hadoop-hdds-hadoop-dependency-server/1.2.0-SNAPSHOT/hadoop-hdds-hadoop-dependency-server-1.2.0-SNAPSHOT.jar:/home/user/.m2/repository/org/apache/hadoop/hadoop-hdfs/3.2.2/hadoop-hdfs-3.2.2.jar:/home/user/.m2/repository/org/apache/hadoop/hadoop-hdds-server-framework/1.2.0-SNAPSHOT/hadoop-hdds-server-framework-1.2.0-SNAPSHOT.jar:/home/user/.m2/repository/org/apache/hadoop/hadoop-hdds-interface-server/1.2.0-SNAPSHOT/hadoop-hdds-interface-server-1.2.0-SNAPSHOT.jar:/home/user/.m2/repository/org/eclipse/jetty/jetty-servlet/9.4.35.v20201120/jetty-servlet-9.4.35.v20201120.jar:/home/user/.m2/repository/org/eclipse/jetty/jetty-security/9.4.35.v20201120/jetty-security-9.4.35.v20201120.jar:/home/user/.m2/repository/org/rocksdb/rocksdbjni/6.20.3/rocksdbjni-6.20.3.jar:/home/user/.m2/repository/io/prometheus/simpleclient_dropwizard/0.7.0/simpleclient_dropwizard-0.7.0.jar:/home/user/.m2/repository/io/prometheus/simpleclient/0.7.0/simpleclient-0.7.0.jar:/home/user/.m2/repository/io/prometheus/simpleclient_common/0.7.0/simpleclient_common-0.7.0.jar:/home/user/.m2/repository/com/fasterxml/jackson/datatype/jackson-datatype-jsr310/2.12.1/jackson-datatype-jsr310-2.12.1.jar:/home/user/.m2/repository/io/dropwizard/metrics/metrics-core/3.2.4/metrics-core-3.2.4.jar:/home/user/.m2/repository/org/apache/hadoop/hadoop-hdfs-client/3.2.2/hadoop-hdfs-client-3.2.2.jar:/home/user/.m2/repository/org/bouncycastle/bcprov-jdk15on/1.67/bcprov-jdk15on-1.67.jar:/home/user/.m2/repository/com/google/protobuf/protobuf-java/2.5.0/protobuf-java-2.5.0.jar:/home/user/.m2/repository/org/apache/hadoop/hadoop-ozone-ozone-manager/1.2.0-SNAPSHOT/hadoop-ozone-ozone-manager-1.2.0-SNAPSHOT.jar:/home/user/.m2/repository/org/apache/hadoop/hadoop-hdds-interface-client/1.2.0-SNAPSHOT/hadoop-hdds-interface-client-1.2.0-SNAPSHOT.jar:/home/user/.m2/repository/org/apache/ratis/ratis-thirdparty-misc/0.7.0-a398b19-SNAPSHOT/ratis-thirdparty-misc-0.7.0-a398b19-SNAPSHOT.jar:/home/user/.m2/repository/org/apache/hadoop/hadoop-ozone-interface-storage/1.2.0-SNAPSHOT/hadoop-ozone-interface-storage-1.2.0-SNAPSHOT.jar:/home/user/.m2/repository/org/apache/hadoop/hadoop-minikdc/3.2.2/hadoop-minikdc-3.2.2.jar:/home/user/.m2/repository/org/apache/kerby/kerb-simplekdc/1.0.1/kerb-simplekdc-1.0.1.jar:/home/user/.m2/repository/org/apache/kerby/kerb-client/1.0.1/kerb-client-1.0.1.jar:/home/user/.m2/repository/org/apache/kerby/kerby-config/1.0.1/kerby-config-1.0.1.jar:/home/user/.m2/repository/org/apache/kerby/kerb-core/1.0.1/kerb-core-1.0.1.jar:/home/user/.m2/repository/org/apache/kerby/kerby-pkix/1.0.1/kerby-pkix-1.0.1.jar:/home/user/.m2/repository/org/apache/kerby/kerby-asn1/1.0.1/kerby-asn1-1.0.1.jar:/home/user/.m2/repository/org/apache/kerby/kerby-util/1.0.1/kerby-util-1.0.1.jar:/home/user/.m2/repository/org/apache/kerby/kerb-common/1.0.1/kerb-common-1.0.1.jar:/home/user/.m2/repository/org/apache/kerby/kerb-crypto/1.0.1/kerb-crypto-1.0.1.jar:/home/user/.m2/repository/org/apache/kerby/kerb-util/1.0.1/kerb-util-1.0.1.jar:/home/user/.m2/repository/org/apache/kerby/token-provider/1.0.1/token-provider-1.0.1.jar:/home/user/.m2/repository/org/apache/kerby/kerb-admin/1.0.1/kerb-admin-1.0.1.jar:/home/user/.m2/repository/org/apache/kerby/kerb-server/1.0.1/kerb-server-1.0.1.jar:/home/user/.m2/repository/org/apache/kerby/kerb-identity/1.0.1/kerb-identity-1.0.1.jar:/home/user/.m2/repository/org/apache/kerby/kerby-xdr/1.0.1/kerby-xdr-1.0.1.jar:/home/user/.m2/repository/org/slf4j/slf4j-log4j12/1.7.30/slf4j-log4j12-1.7.30.jar:/home/user/.m2/repository/org/apache/hadoop/hadoop-ozone-s3gateway/1.2.0-SNAPSHOT/hadoop-ozone-s3gateway-1.2.0-SNAPSHOT.jar:/home/user/.m2/repository/org/jboss/weld/servlet/weld-servlet/2.4.7.Final/weld-servlet-2.4.7.Final.jar:/home/user/.m2/repository/org/glassfish/jersey/containers/jersey-container-servlet-core/2.33/jersey-container-servlet-core-2.33.jar:/home/user/.m2/repository/org/glassfish/hk2/external/jakarta.inject/2.6.1/jakarta.inject-2.6.1.jar:/home/user/.m2/repository/org/glassfish/jersey/core/jersey-common/2.33/jersey-common-2.33.jar:/home/user/.m2/repository/jakarta/ws/rs/jakarta.ws.rs-api/2.1.6/jakarta.ws.rs-api-2.1.6.jar:/home/user/.m2/repository/org/glassfish/jersey/ext/cdi/jersey-cdi1x/2.33/jersey-cdi1x-2.33.jar:/home/user/.m2/repository/org/glassfish/jersey/inject/jersey-hk2/2.33/jersey-hk2-2.33.jar:/home/user/.m2/repository/org/glassfish/hk2/hk2-locator/2.6.1/hk2-locator-2.6.1.jar:/home/user/.m2/repository/org/javassist/javassist/3.25.0-GA/javassist-3.25.0-GA.jar:/home/user/.m2/repository/org/glassfish/jersey/media/jersey-media-jaxb/2.33/jersey-media-jaxb-2.33.jar:/home/user/.m2/repository/org/glassfish/hk2/osgi-resource-locator/1.0.3/osgi-resource-locator-1.0.3.jar:/home/user/.m2/repository/org/glassfish/hk2/hk2-api/2.5.0/hk2-api-2.5.0.jar:/home/user/.m2/repository/org/glassfish/hk2/hk2-utils/2.5.0/hk2-utils-2.5.0.jar:/home/user/.m2/repository/org/glassfish/hk2/external/aopalliance-repackaged/2.5.0/aopalliance-repackaged-2.5.0.jar:/home/user/.m2/repository/com/fasterxml/jackson/dataformat/jackson-dataformat-xml/2.12.1/jackson-dataformat-xml-2.12.1.jar:/home/user/.m2/repository/com/fasterxml/jackson/core/jackson-core/2.12.1/jackson-core-2.12.1.jar:/home/user/.m2/repository/com/fasterxml/jackson/module/jackson-module-jaxb-annotations/2.12.1/jackson-module-jaxb-annotations-2.12.1.jar:/home/user/.m2/repository/jakarta/xml/bind/jakarta.xml.bind-api/2.3.2/jakarta.xml.bind-api-2.3.2.jar:/home/user/.m2/repository/jakarta/activation/jakarta.activation-api/1.2.1/jakarta.activation-api-1.2.1.jar:/home/user/.m2/repository/org/codehaus/woodstox/stax2-api/3.1.4/stax2-api-3.1.4.jar:/home/user/.m2/repository/com/fasterxml/woodstox/woodstox-core/5.0.3/woodstox-core-5.0.3.jar:/home/user/.m2/repository/javax/enterprise/cdi-api/1.2/cdi-api-1.2.jar:/home/user/.m2/repository/javax/el/javax.el-api/3.0.0/javax.el-api-3.0.0.jar:/home/user/.m2/repository/javax/interceptor/javax.interceptor-api/1.2/javax.interceptor-api-1.2.jar:/home/user/.m2/repository/javax/inject/javax.inject/1/javax.inject-1.jar:/home/user/.m2/repository/javax/xml/bind/jaxb-api/2.3.0/jaxb-api-2.3.0.jar:/home/user/.m2/repository/org/glassfish/jaxb/jaxb-runtime/2.3.0.1/jaxb-runtime-2.3.0.1.jar:/home/user/.m2/repository/org/glassfish/jaxb/jaxb-core/2.3.0.1/jaxb-core-2.3.0.1.jar:/home/user/.m2/repository/org/glassfish/jaxb/txw2/2.3.0.1/txw2-2.3.0.1.jar:/home/user/.m2/repository/com/sun/istack/istack-commons-runtime/3.0.5/istack-commons-runtime-3.0.5.jar:/home/user/.m2/repository/org/jvnet/staxex/stax-ex/1.7.8/stax-ex-1.7.8.jar:/home/user/.m2/repository/com/sun/xml/fastinfoset/FastInfoset/1.2.13/FastInfoset-1.2.13.jar:/home/user/.m2/repository/javax/activation/activation/1.1.1/activation-1.1.1.jar:/home/user/.m2/repository/org/apache/hadoop/hadoop-ozone-csi/1.2.0-SNAPSHOT/hadoop-ozone-csi-1.2.0-SNAPSHOT.jar:/home/user/.m2/repository/com/google/protobuf/protobuf-java-util/3.12.0/protobuf-java-util-3.12.0.jar:/home/user/.m2/repository/com/google/code/gson/gson/2.2.4/gson-2.2.4.jar:/home/user/.m2/repository/org/apache/hadoop/hadoop-hdds-config/1.2.0-SNAPSHOT/hadoop-hdds-config-1.2.0-SNAPSHOT.jar:/home/user/.m2/repository/io/grpc/grpc-netty/1.33.0/grpc-netty-1.33.0.jar:/home/user/.m2/repository/io/grpc/grpc-core/1.33.0/grpc-core-1.33.0.jar:/home/user/.m2/repository/com/google/android/annotations/4.1.1.4/annotations-4.1.1.4.jar:/home/user/.m2/repository/io/netty/netty-codec-http2/4.1.51.Final/netty-codec-http2-4.1.51.Final.jar:/home/user/.m2/repository/io/netty/netty-codec/4.1.51.Final/netty-codec-4.1.51.Final.jar:/home/user/.m2/repository/io/netty/netty-handler/4.1.51.Final/netty-handler-4.1.51.Final.jar:/home/user/.m2/repository/io/netty/netty-codec-http/4.1.51.Final/netty-codec-http-4.1.51.Final.jar:/home/user/.m2/repository/io/netty/netty-handler-proxy/4.1.51.Final/netty-handler-proxy-4.1.51.Final.jar:/home/user/.m2/repository/io/netty/netty-codec-socks/4.1.51.Final/netty-codec-socks-4.1.51.Final.jar:/home/user/.m2/repository/io/perfmark/perfmark-api/0.19.0/perfmark-api-0.19.0.jar:/home/user/.m2/repository/org/codehaus/mojo/animal-sniffer-annotations/1.18/animal-sniffer-annotations-1.18.jar:/home/user/.m2/repository/io/netty/netty-transport-native-epoll/4.1.63.Final/netty-transport-native-epoll-4.1.63.Final.jar:/home/user/.m2/repository/io/netty/netty-common/4.1.63.Final/netty-common-4.1.63.Final.jar:/home/user/.m2/repository/io/netty/netty-buffer/4.1.63.Final/netty-buffer-4.1.63.Final.jar:/home/user/.m2/repository/io/netty/netty-transport/4.1.63.Final/netty-transport-4.1.63.Final.jar:/home/user/.m2/repository/io/netty/netty-resolver/4.1.63.Final/netty-resolver-4.1.63.Final.jar:/home/user/.m2/repository/io/netty/netty-transport-native-unix-common/4.1.63.Final/netty-transport-native-unix-common-4.1.63.Final.jar:/home/user/.m2/repository/io/grpc/grpc-protobuf/1.33.0/grpc-protobuf-1.33.0.jar:/home/user/.m2/repository/io/grpc/grpc-api/1.33.0/grpc-api-1.33.0.jar:/home/user/.m2/repository/io/grpc/grpc-context/1.33.0/grpc-context-1.33.0.jar:/home/user/.m2/repository/com/google/api/grpc/proto-google-common-protos/1.17.0/proto-google-common-protos-1.17.0.jar:/home/user/.m2/repository/io/grpc/grpc-protobuf-lite/1.33.0/grpc-protobuf-lite-1.33.0.jar:/home/user/.m2/repository/io/grpc/grpc-stub/1.33.0/grpc-stub-1.33.0.jar:/home/user/.m2/repository/org/apache/hadoop/hadoop-ozone-recon/1.2.0-SNAPSHOT/hadoop-ozone-recon-1.2.0-SNAPSHOT.jar:/home/user/.m2/repository/org/apache/hadoop/hadoop-ozone-reconcodegen/1.2.0-SNAPSHOT/hadoop-ozone-reconcodegen-1.2.0-SNAPSHOT.jar:/home/user/.m2/repository/com/google/inject/extensions/guice-multibindings/4.0/guice-multibindings-4.0.jar:/home/user/.m2/repository/com/google/inject/guice/4.0/guice-4.0.jar:/home/user/.m2/repository/aopalliance/aopalliance/1.0/aopalliance-1.0.jar:/home/user/.m2/repository/com/google/inject/extensions/guice-assistedinject/4.0/guice-assistedinject-4.0.jar:/home/user/.m2/repository/com/google/inject/extensions/guice-servlet/4.0/guice-servlet-4.0.jar:/home/user/.m2/repository/org/glassfish/jersey/containers/jersey-container-servlet/2.33/jersey-container-servlet-2.33.jar:/home/user/.m2/repository/org/glassfish/hk2/guice-bridge/2.5.0/guice-bridge-2.5.0.jar:/home/user/.m2/repository/org/glassfish/jersey/core/jersey-server/2.33/jersey-server-2.33.jar:/home/user/.m2/repository/org/glassfish/jersey/core/jersey-client/2.33/jersey-client-2.33.jar:/home/user/.m2/repository/jakarta/annotation/jakarta.annotation-api/1.3.5/jakarta.annotation-api-1.3.5.jar:/home/user/.m2/repository/jakarta/validation/jakarta.validation-api/2.0.2/jakarta.validation-api-2.0.2.jar:/home/user/.m2/repository/org/glassfish/jersey/media/jersey-media-json-jackson/2.33/jersey-media-json-jackson-2.33.jar:/home/user/.m2/repository/org/glassfish/jersey/ext/jersey-entity-filtering/2.33/jersey-entity-filtering-2.33.jar:/home/user/.m2/repository/org/jooq/jooq/3.11.10/jooq-3.11.10.jar:/home/user/.m2/repository/org/jooq/jooq-meta/3.11.10/jooq-meta-3.11.10.jar:/home/user/.m2/repository/org/jooq/jooq-codegen/3.11.10/jooq-codegen-3.11.10.jar:/home/user/.m2/repository/com/jolbox/bonecp/0.8.0.RELEASE/bonecp-0.8.0.RELEASE.jar:/home/user/.m2/repository/org/apache/derby/derby/10.14.2.0/derby-10.14.2.0.jar:/home/user/.m2/repository/org/xerial/sqlite-jdbc/3.25.2/sqlite-jdbc-3.25.2.jar:/home/user/.m2/repository/org/springframework/spring-jdbc/5.2.11.RELEASE/spring-jdbc-5.2.11.RELEASE.jar:/home/user/.m2/repository/org/springframework/spring-beans/5.2.11.RELEASE/spring-beans-5.2.11.RELEASE.jar:/home/user/.m2/repository/org/springframework/spring-core/5.2.11.RELEASE/spring-core-5.2.11.RELEASE.jar:/home/user/.m2/repository/org/springframework/spring-jcl/5.2.11.RELEASE/spring-jcl-5.2.11.RELEASE.jar:/home/user/.m2/repository/org/springframework/spring-tx/5.2.11.RELEASE/spring-tx-5.2.11.RELEASE.jar:/home/user/.m2/repository/org/apache/hadoop/hadoop-ozone-client/1.2.0-SNAPSHOT/hadoop-ozone-client-1.2.0-SNAPSHOT.jar:/home/user/.m2/repository/org/apache/hadoop/hadoop-ozone-filesystem/1.2.0-SNAPSHOT/hadoop-ozone-filesystem-1.2.0-SNAPSHOT.jar:/home/user/.m2/repository/org/apache/hadoop/hadoop-ozone-filesystem-common/1.2.0-SNAPSHOT/hadoop-ozone-filesystem-common-1.2.0-SNAPSHOT.jar:/home/user/.m2/repository/org/apache/hadoop/hadoop-ozone-tools/1.2.0-SNAPSHOT/hadoop-ozone-tools-1.2.0-SNAPSHOT.jar:/home/user/.m2/repository/org/apache/ratis/ratis-tools/2.1.0-ff8aa66-SNAPSHOT/ratis-tools-2.1.0-ff8aa66-SNAPSHOT.jar:/home/user/.m2/repository/org/apache/ratis/ratis-proto/2.1.0-ff8aa66-SNAPSHOT/ratis-proto-2.1.0-ff8aa66-SNAPSHOT.jar:/home/user/.m2/repository/org/apache/ratis/ratis-common/2.1.0-ff8aa66-SNAPSHOT/ratis-common-2.1.0-ff8aa66-SNAPSHOT.jar:/home/user/.m2/repository/com/amazonaws/aws-java-sdk-core/1.11.901/aws-java-sdk-core-1.11.901.jar:/home/user/.m2/repository/org/apache/httpcomponents/httpclient/4.5.13/httpclient-4.5.13.jar:/home/user/.m2/repository/org/apache/httpcomponents/httpcore/4.4.13/httpcore-4.4.13.jar:/home/user/.m2/repository/software/amazon/ion/ion-java/1.0.2/ion-java-1.0.2.jar:/home/user/.m2/repository/com/fasterxml/jackson/dataformat/jackson-dataformat-cbor/2.12.1/jackson-dataformat-cbor-2.12.1.jar:/home/user/.m2/repository/joda-time/joda-time/2.8.1/joda-time-2.8.1.jar:/home/user/.m2/repository/com/amazonaws/aws-java-sdk-s3/1.11.901/aws-java-sdk-s3-1.11.901.jar:/home/user/.m2/repository/com/amazonaws/aws-java-sdk-kms/1.11.901/aws-java-sdk-kms-1.11.901.jar:/home/user/.m2/repository/com/amazonaws/jmespath-java/1.11.901/jmespath-java-1.11.901.jar:/home/user/.m2/repository/org/kohsuke/metainf-services/metainf-services/1.8/metainf-services-1.8.jar:/home/user/.m2/repository/org/apache/hadoop/hadoop-hdds-tools/1.2.0-SNAPSHOT/hadoop-hdds-tools-1.2.0-SNAPSHOT.jar:/home/user/.m2/repository/commons-cli/commons-cli/1.2/commons-cli-1.2.jar:/home/user/.m2/repository/org/apache/commons/commons-lang3/3.7/commons-lang3-3.7.jar:/home/user/.m2/repository/org/apache/hadoop/hadoop-ozone-ozone-manager/1.2.0-SNAPSHOT/hadoop-ozone-ozone-manager-1.2.0-SNAPSHOT-tests.jar:/home/user/.m2/repository/org/apache/hadoop/hadoop-hdds-common/1.2.0-SNAPSHOT/hadoop-hdds-common-1.2.0-SNAPSHOT-tests.jar:/home/user/.m2/repository/org/apache/hadoop/hadoop-hdds-hadoop-dependency-client/1.2.0-SNAPSHOT/hadoop-hdds-hadoop-dependency-client-1.2.0-SNAPSHOT.jar:/home/user/.m2/repository/info/picocli/picocli/4.4.0/picocli-4.4.0.jar:/home/user/.m2/repository/com/fasterxml/jackson/core/jackson-annotations/2.12.1/jackson-annotations-2.12.1.jar:/home/user/.m2/repository/javax/annotation/javax.annotation-api/1.2/javax.annotation-api-1.2.jar:/home/user/.m2/repository/org/fusesource/leveldbjni/leveldbjni-all/1.8/leveldbjni-all-1.8.jar:/home/user/.m2/repository/org/apache/ratis/ratis-server/2.1.0-ff8aa66-SNAPSHOT/ratis-server-2.1.0-ff8aa66-SNAPSHOT.jar:/home/user/.m2/repository/org/apache/ratis/ratis-client/2.1.0-ff8aa66-SNAPSHOT/ratis-client-2.1.0-ff8aa66-SNAPSHOT.jar:/home/user/.m2/repository/org/apache/ratis/ratis-server-api/2.1.0-ff8aa66-SNAPSHOT/ratis-server-api-2.1.0-ff8aa66-SNAPSHOT.jar:/home/user/.m2/repository/org/apache/ratis/ratis-metrics/2.1.0-ff8aa66-SNAPSHOT/ratis-metrics-2.1.0-ff8aa66-SNAPSHOT.jar:/home/user/.m2/repository/org/apache/ratis/ratis-netty/2.1.0-ff8aa66-SNAPSHOT/ratis-netty-2.1.0-ff8aa66-SNAPSHOT.jar:/home/user/.m2/repository/org/apache/ratis/ratis-grpc/2.1.0-ff8aa66-SNAPSHOT/ratis-grpc-2.1.0-ff8aa66-SNAPSHOT.jar:/home/user/.m2/repository/org/apache/logging/log4j/log4j-api/2.13.3/log4j-api-2.13.3.jar:/home/user/.m2/repository/org/apache/logging/log4j/log4j-core/2.13.3/log4j-core-2.13.3.jar:/home/user/.m2/repository/com/lmax/disruptor/3.4.2/disruptor-3.4.2.jar:/home/user/.m2/repository/org/apache/commons/commons-pool2/2.6.0/commons-pool2-2.6.0.jar:/home/user/.m2/repository/org/bouncycastle/bcpkix-jdk15on/1.67/bcpkix-jdk15on-1.67.jar:/home/user/.m2/repository/commons-validator/commons-validator/1.6/commons-validator-1.6.jar:/home/user/.m2/repository/commons-beanutils/commons-beanutils/1.9.4/commons-beanutils-1.9.4.jar:/home/user/.m2/repository/commons-digester/commons-digester/1.8.1/commons-digester-1.8.1.jar:/home/user/.m2/repository/commons-collections/commons-collections/3.2.2/commons-collections-3.2.2.jar:/home/user/.m2/repository/io/jaegertracing/jaeger-client/1.6.0/jaeger-client-1.6.0.jar:/home/user/.m2/repository/io/jaegertracing/jaeger-thrift/1.6.0/jaeger-thrift-1.6.0.jar:/home/user/.m2/repository/org/apache/thrift/libthrift/0.14.1/libthrift-0.14.1.jar:/home/user/.m2/repository/com/squareup/okhttp3/okhttp/4.9.0/okhttp-4.9.0.jar:/home/user/.m2/repository/com/squareup/okio/okio/2.8.0/okio-2.8.0.jar:/home/user/.m2/repository/io/jaegertracing/jaeger-core/1.6.0/jaeger-core-1.6.0.jar:/home/user/.m2/repository/io/jaegertracing/jaeger-tracerresolver/1.6.0/jaeger-tracerresolver-1.6.0.jar:/home/user/.m2/repository/io/opentracing/contrib/opentracing-tracerresolver/0.1.8/opentracing-tracerresolver-0.1.8.jar:/home/user/.m2/repository/org/jetbrains/kotlin/kotlin-stdlib/1.4.31/kotlin-stdlib-1.4.31.jar:/home/user/.m2/repository/org/jetbrains/kotlin/kotlin-stdlib-common/1.4.31/kotlin-stdlib-common-1.4.31.jar:/home/user/.m2/repository/org/jetbrains/annotations/13.0/annotations-13.0.jar:/home/user/.m2/repository/io/opentracing/opentracing-util/0.33.0/opentracing-util-0.33.0.jar:/home/user/.m2/repository/io/opentracing/opentracing-api/0.33.0/opentracing-api-0.33.0.jar:/home/user/.m2/repository/io/opentracing/opentracing-noop/0.33.0/opentracing-noop-0.33.0.jar:/home/user/.m2/repository/org/yaml/snakeyaml/1.26/snakeyaml-1.26.jar:/home/user/.m2/repository/org/apache/hadoop/hadoop-hdds-interface-admin/1.2.0-SNAPSHOT/hadoop-hdds-interface-admin-1.2.0-SNAPSHOT.jar:/home/user/.m2/repository/junit/junit/4.13.1/junit-4.13.1.jar:/home/user/.m2/repository/org/hamcrest/hamcrest-core/1.3/hamcrest-core-1.3.jar:/home/user/.m2/repository/org/junit/jupiter/junit-jupiter-api/5.7.0/junit-jupiter-api-5.7.0.jar:/home/user/.m2/repository/org/apiguardian/apiguardian-api/1.1.0/apiguardian-api-1.1.0.jar:/home/user/.m2/repository/org/opentest4j/opentest4j/1.2.0/opentest4j-1.2.0.jar:/home/user/.m2/repository/org/junit/platform/junit-platform-commons/1.7.0/junit-platform-commons-1.7.0.jar:/home/user/.m2/repository/org/junit/jupiter/junit-jupiter-engine/5.7.0/junit-jupiter-engine-5.7.0.jar:/home/user/.m2/repository/org/junit/platform/junit-platform-engine/1.7.0/junit-platform-engine-1.7.0.jar:/home/user/.m2/repository/org/junit/vintage/junit-vintage-engine/5.7.0/junit-vintage-engine-5.7.0.jar:/home/user/.m2/repository/org/junit/platform/junit-platform-launcher/1.7.0/junit-platform-launcher-1.7.0.jar:/home/user/.m2/repository/org/openjdk/jmh/jmh-core/1.19/jmh-core-1.19.jar:/home/user/.m2/repository/net/sf/jopt-simple/jopt-simple/4.6/jopt-simple-4.6.jar:/home/user/.m2/repository/org/apache/commons/commons-math3/3.1.1/commons-math3-3.1.1.jar:/home/user/.m2/repository/org/openjdk/jmh/jmh-generator-annprocess/1.19/jmh-generator-annprocess-1.19.jar:/home/user/.m2/repository/org/mockito/mockito-all/1.8.5/mockito-all-1.8.5.jar:/home/user/.m2/repository/org/apache/hadoop/hadoop-kms/3.2.2/hadoop-kms-3.2.2.jar:/home/user/.m2/repository/org/apache/hadoop/hadoop-auth/3.2.2/hadoop-auth-3.2.2.jar:/home/user/.m2/repository/com/nimbusds/nimbus-jose-jwt/7.9/nimbus-jose-jwt-7.9.jar:/home/user/.m2/repository/com/github/stephenc/jcip/jcip-annotations/1.0-1/jcip-annotations-1.0-1.jar:/home/user/.m2/repository/net/minidev/json-smart/2.3/json-smart-2.3.jar:/home/user/.m2/repository/net/minidev/accessors-smart/1.2/accessors-smart-1.2.jar:/home/user/.m2/repository/org/ow2/asm/asm/5.0.4/asm-5.0.4.jar:/home/user/.m2/repository/org/apache/zookeeper/zookeeper/3.4.13/zookeeper-3.4.13.jar:/home/user/.m2/repository/org/apache/yetus/audience-annotations/0.5.0/audience-annotations-0.5.0.jar:/home/user/.m2/repository/org/apache/curator/curator-framework/2.13.0/curator-framework-2.13.0.jar:/home/user/.m2/repository/com/sun/jersey/jersey-core/1.19/jersey-core-1.19.jar:/home/user/.m2/repository/javax/ws/rs/jsr311-api/1.1.1/jsr311-api-1.1.1.jar:/home/user/.m2/repository/com/sun/jersey/jersey-server/1.19/jersey-server-1.19.jar:/home/user/.m2/repository/javax/servlet/javax.servlet-api/3.1.0/javax.servlet-api-3.1.0.jar:/home/user/.m2/repository/org/eclipse/jetty/jetty-server/9.4.35.v20201120/jetty-server-9.4.35.v20201120.jar:/home/user/.m2/repository/org/eclipse/jetty/jetty-http/9.4.35.v20201120/jetty-http-9.4.35.v20201120.jar:/home/user/.m2/repository/org/eclipse/jetty/jetty-io/9.4.35.v20201120/jetty-io-9.4.35.v20201120.jar:/home/user/.m2/repository/org/eclipse/jetty/jetty-webapp/9.4.35.v20201120/jetty-webapp-9.4.35.v20201120.jar:/home/user/.m2/repository/org/eclipse/jetty/jetty-xml/9.4.35.v20201120/jetty-xml-9.4.35.v20201120.jar:/home/user/.m2/repository/org/apache/hadoop/hadoop-common/3.2.2/hadoop-common-3.2.2.jar:/home/user/.m2/repository/commons-net/commons-net/3.6/commons-net-3.6.jar:/home/user/.m2/repository/javax/activation/javax.activation-api/1.2.0/javax.activation-api-1.2.0.jar:/home/user/.m2/repository/com/sun/jersey/jersey-servlet/1.19/jersey-servlet-1.19.jar:/home/user/.m2/repository/com/sun/jersey/jersey-json/1.19/jersey-json-1.19.jar:/home/user/.m2/repository/org/codehaus/jettison/jettison/1.1/jettison-1.1.jar:/home/user/.m2/repository/com/sun/xml/bind/jaxb-impl/2.2.3-1/jaxb-impl-2.2.3-1.jar:/home/user/.m2/repository/org/codehaus/jackson/jackson-jaxrs/1.9.2/jackson-jaxrs-1.9.2.jar:/home/user/.m2/repository/org/codehaus/jackson/jackson-xc/1.9.2/jackson-xc-1.9.2.jar:/home/user/.m2/repository/org/apache/commons/commons-configuration2/2.1.1/commons-configuration2-2.1.1.jar:/home/user/.m2/repository/org/apache/commons/commons-text/1.4/commons-text-1.4.jar:/home/user/.m2/repository/com/google/re2j/re2j/1.1/re2j-1.1.jar:/home/user/.m2/repository/com/jcraft/jsch/0.1.54/jsch-0.1.54.jar:/home/user/.m2/repository/org/apache/curator/curator-client/2.13.0/curator-client-2.13.0.jar:/home/user/.m2/repository/org/apache/curator/curator-recipes/2.13.0/curator-recipes-2.13.0.jar:/home/user/.m2/repository/dnsjava/dnsjava/2.1.7/dnsjava-2.1.7.jar:/home/user/.m2/repository/org/slf4j/jul-to-slf4j/1.7.30/jul-to-slf4j-1.7.30.jar:/home/user/.m2/repository/org/eclipse/jetty/jetty-util/9.4.35.v20201120/jetty-util-9.4.35.v20201120.jar:/home/user/.m2/repository/com/fasterxml/jackson/core/jackson-databind/2.12.1/jackson-databind-2.12.1.jar:/home/user/.m2/repository/org/apache/hadoop/hadoop-kms/3.2.2/hadoop-kms-3.2.2-tests.jar:/home/user/.m2/repository/org/apache/hadoop/hadoop-hdds-server-scm/1.2.0-SNAPSHOT/hadoop-hdds-server-scm-1.2.0-SNAPSHOT-tests.jar:/home/user/.m2/repository/org/apache/hadoop/hadoop-hdds-container-service/1.2.0-SNAPSHOT/hadoop-hdds-container-service-1.2.0-SNAPSHOT-tests.jar:/home/user/.m2/repository/commons-codec/commons-codec/1.11/commons-codec-1.11.jar:/home/user/.m2/repository/org/apache/hadoop/hadoop-hdds-hadoop-dependency-test/1.2.0-SNAPSHOT/hadoop-hdds-hadoop-dependency-test-1.2.0-SNAPSHOT.jar:/home/user/.m2/repository/org/apache/hadoop/hadoop-common/3.2.2/hadoop-common-3.2.2-tests.jar:/home/user/.m2/repository/org/apache/hadoop/hadoop-hdfs/3.2.2/hadoop-hdfs-3.2.2-tests.jar:/home/user/.m2/repository/org/eclipse/jetty/jetty-util-ajax/9.4.35.v20201120/jetty-util-ajax-9.4.35.v20201120.jar:/home/user/.m2/repository/commons-daemon/commons-daemon/1.0.13/commons-daemon-1.0.13.jar:/home/user/.m2/repository/io/netty/netty/3.10.6.Final/netty-3.10.6.Final.jar:/home/user/.m2/repository/io/netty/netty-all/4.1.63.Final/netty-all-4.1.63.Final.jar:/home/user/.m2/repository/org/apache/htrace/htrace-core4/4.1.0-incubating/htrace-core4-4.1.0-incubating.jar:/home/user/.m2/repository/org/apache/hadoop/hadoop-distcp/3.2.2/hadoop-distcp-3.2.2.jar:/home/user/.m2/repository/org/apache/hadoop/hadoop-mapreduce-client-jobclient/3.2.2/hadoop-mapreduce-client-jobclient-3.2.2.jar:/home/user/.m2/repository/org/apache/hadoop/hadoop-mapreduce-client-common/3.2.2/hadoop-mapreduce-client-common-3.2.2.jar:/home/user/.m2/repository/org/apache/hadoop/hadoop-yarn-common/3.2.2/hadoop-yarn-common-3.2.2.jar:/home/user/.m2/repository/org/apache/hadoop/hadoop-yarn-api/3.2.2/hadoop-yarn-api-3.2.2.jar:/home/user/.m2/repository/com/sun/jersey/jersey-client/1.19/jersey-client-1.19.jar:/home/user/.m2/repository/com/sun/jersey/contribs/jersey-guice/1.19/jersey-guice-1.19.jar:/home/user/.m2/repository/com/fasterxml/jackson/jaxrs/jackson-jaxrs-json-provider/2.12.1/jackson-jaxrs-json-provider-2.12.1.jar:/home/user/.m2/repository/com/fasterxml/jackson/jaxrs/jackson-jaxrs-base/2.12.1/jackson-jaxrs-base-2.12.1.jar:/home/user/.m2/repository/org/apache/hadoop/hadoop-yarn-client/3.2.2/hadoop-yarn-client-3.2.2.jar:/home/user/.m2/repository/org/apache/hadoop/hadoop-mapreduce-client-core/3.2.2/hadoop-mapreduce-client-core-3.2.2.jar:/home/user/.m2/repository/org/apache/avro/avro/1.7.7/avro-1.7.7.jar:/home/user/.m2/repository/org/codehaus/jackson/jackson-core-asl/1.9.13/jackson-core-asl-1.9.13.jar:/home/user/.m2/repository/org/codehaus/jackson/jackson-mapper-asl/1.9.13/jackson-mapper-asl-1.9.13.jar:/home/user/.m2/repository/com/thoughtworks/paranamer/paranamer/2.3/paranamer-2.3.jar:/home/user/.m2/repository/org/xerial/snappy/snappy-java/1.0.5/snappy-java-1.0.5.jar:/home/user/.m2/repository/org/apache/hadoop/hadoop-annotations/3.2.2/hadoop-annotations-3.2.2.jar:/usr/lib/jvm/java-1.8.0-openjdk-1.8.0.232.b09-0.el7_7.x86_64/jre/../lib/tools.jar:/home/user/.m2/repository/org/apache/hadoop/hadoop-distcp/3.2.2/hadoop-distcp-3.2.2-tests.jar:"/>
    <property name="java.vm.vendor" value="Oracle Corporation"/>
    <property name="sun.arch.data.model" value="64"/>
    <property name="test.build.dir" value="/github/workspace/mnt/ozone/hadoop-ozone/integration-test/target/test-dir"/>
    <property name="test.cache.data" value=""/>
    <property name="java.vendor.url" value="http://java.oracle.com/"/>
    <property name="user.timezone" value=""/>
    <property name="java.vm.specification.version" value="1.8"/>
    <property name="os.name" value="Linux"/>
    <property name="test.build.data" value="/github/workspace/mnt/ozone/hadoop-ozone/integration-test/target/test-dir"/>
    <property name="user.country" value="US"/>
    <property name="sun.java.launcher" value="SUN_STANDARD"/>
    <property name="sun.boot.library.path" value="/usr/lib/jvm/java-1.8.0-openjdk-1.8.0.232.b09-0.el7_7.x86_64/jre/lib/amd64"/>
    <property name="sun.java.command" value="/github/workspace/mnt/ozone/hadoop-ozone/integration-test/target/surefire/surefirebooter7909621382254262448.jar /github/workspace/mnt/ozone/hadoop-ozone/integration-test/target/surefire 2021-05-22T18-42-34_575-jvmRun1 surefire9011736212936285381tmp surefire_212589888380521932875tmp"/>
    <property name="surefire.test.class.path" value="/github/workspace/mnt/ozone/hadoop-ozone/integration-test/target/test-classes:/github/workspace/mnt/ozone/hadoop-ozone/integration-test/target/classes:/home/user/.m2/repository/org/apache/hadoop/hadoop-ozone-common/1.2.0-SNAPSHOT/hadoop-ozone-common-1.2.0-SNAPSHOT.jar:/home/user/.m2/repository/org/apache/commons/commons-compress/1.20/commons-compress-1.20.jar:/home/user/.m2/repository/org/apache/hadoop/hadoop-hdds-common/1.2.0-SNAPSHOT/hadoop-hdds-common-1.2.0-SNAPSHOT.jar:/home/user/.m2/repository/org/apache/hadoop/hadoop-hdds-client/1.2.0-SNAPSHOT/hadoop-hdds-client-1.2.0-SNAPSHOT.jar:/home/user/.m2/repository/org/apache/hadoop/hadoop-ozone-interface-client/1.2.0-SNAPSHOT/hadoop-ozone-interface-client-1.2.0-SNAPSHOT.jar:/home/user/.m2/repository/org/apache/hadoop/hadoop-hdds-test-utils/1.2.0-SNAPSHOT/hadoop-hdds-test-utils-1.2.0-SNAPSHOT.jar:/home/user/.m2/repository/com/google/guava/guava/30.1.1-jre/guava-30.1.1-jre.jar:/home/user/.m2/repository/com/google/guava/failureaccess/1.0.1/failureaccess-1.0.1.jar:/home/user/.m2/repository/com/google/guava/listenablefuture/9999.0-empty-to-avoid-conflict-with-guava/listenablefuture-9999.0-empty-to-avoid-conflict-with-guava.jar:/home/user/.m2/repository/com/google/code/findbugs/jsr305/3.0.0/jsr305-3.0.0.jar:/home/user/.m2/repository/org/checkerframework/checker-qual/3.8.0/checker-qual-3.8.0.jar:/home/user/.m2/repository/com/google/errorprone/error_prone_annotations/2.2.0/error_prone_annotations-2.2.0.jar:/home/user/.m2/repository/com/google/j2objc/j2objc-annotations/1.3/j2objc-annotations-1.3.jar:/home/user/.m2/repository/commons-io/commons-io/2.8.0/commons-io-2.8.0.jar:/home/user/.m2/repository/commons-logging/commons-logging/1.2/commons-logging-1.2.jar:/home/user/.m2/repository/log4j/log4j/1.2.17/log4j-1.2.17.jar:/home/user/.m2/repository/org/slf4j/slf4j-api/1.7.30/slf4j-api-1.7.30.jar:/home/user/.m2/repository/org/apache/hadoop/hadoop-hdds-server-scm/1.2.0-SNAPSHOT/hadoop-hdds-server-scm-1.2.0-SNAPSHOT.jar:/home/user/.m2/repository/org/apache/hadoop/hadoop-hdds-container-service/1.2.0-SNAPSHOT/hadoop-hdds-container-service-1.2.0-SNAPSHOT.jar:/home/user/.m2/repository/org/apache/hadoop/hadoop-hdds-hadoop-dependency-server/1.2.0-SNAPSHOT/hadoop-hdds-hadoop-dependency-server-1.2.0-SNAPSHOT.jar:/home/user/.m2/repository/org/apache/hadoop/hadoop-hdfs/3.2.2/hadoop-hdfs-3.2.2.jar:/home/user/.m2/repository/org/apache/hadoop/hadoop-hdds-server-framework/1.2.0-SNAPSHOT/hadoop-hdds-server-framework-1.2.0-SNAPSHOT.jar:/home/user/.m2/repository/org/apache/hadoop/hadoop-hdds-interface-server/1.2.0-SNAPSHOT/hadoop-hdds-interface-server-1.2.0-SNAPSHOT.jar:/home/user/.m2/repository/org/eclipse/jetty/jetty-servlet/9.4.35.v20201120/jetty-servlet-9.4.35.v20201120.jar:/home/user/.m2/repository/org/eclipse/jetty/jetty-security/9.4.35.v20201120/jetty-security-9.4.35.v20201120.jar:/home/user/.m2/repository/org/rocksdb/rocksdbjni/6.20.3/rocksdbjni-6.20.3.jar:/home/user/.m2/repository/io/prometheus/simpleclient_dropwizard/0.7.0/simpleclient_dropwizard-0.7.0.jar:/home/user/.m2/repository/io/prometheus/simpleclient/0.7.0/simpleclient-0.7.0.jar:/home/user/.m2/repository/io/prometheus/simpleclient_common/0.7.0/simpleclient_common-0.7.0.jar:/home/user/.m2/repository/com/fasterxml/jackson/datatype/jackson-datatype-jsr310/2.12.1/jackson-datatype-jsr310-2.12.1.jar:/home/user/.m2/repository/io/dropwizard/metrics/metrics-core/3.2.4/metrics-core-3.2.4.jar:/home/user/.m2/repository/org/apache/hadoop/hadoop-hdfs-client/3.2.2/hadoop-hdfs-client-3.2.2.jar:/home/user/.m2/repository/org/bouncycastle/bcprov-jdk15on/1.67/bcprov-jdk15on-1.67.jar:/home/user/.m2/repository/com/google/protobuf/protobuf-java/2.5.0/protobuf-java-2.5.0.jar:/home/user/.m2/repository/org/apache/hadoop/hadoop-ozone-ozone-manager/1.2.0-SNAPSHOT/hadoop-ozone-ozone-manager-1.2.0-SNAPSHOT.jar:/home/user/.m2/repository/org/apache/hadoop/hadoop-hdds-interface-client/1.2.0-SNAPSHOT/hadoop-hdds-interface-client-1.2.0-SNAPSHOT.jar:/home/user/.m2/repository/org/apache/ratis/ratis-thirdparty-misc/0.7.0-a398b19-SNAPSHOT/ratis-thirdparty-misc-0.7.0-a398b19-SNAPSHOT.jar:/home/user/.m2/repository/org/apache/hadoop/hadoop-ozone-interface-storage/1.2.0-SNAPSHOT/hadoop-ozone-interface-storage-1.2.0-SNAPSHOT.jar:/home/user/.m2/repository/org/apache/hadoop/hadoop-minikdc/3.2.2/hadoop-minikdc-3.2.2.jar:/home/user/.m2/repository/org/apache/kerby/kerb-simplekdc/1.0.1/kerb-simplekdc-1.0.1.jar:/home/user/.m2/repository/org/apache/kerby/kerb-client/1.0.1/kerb-client-1.0.1.jar:/home/user/.m2/repository/org/apache/kerby/kerby-config/1.0.1/kerby-config-1.0.1.jar:/home/user/.m2/repository/org/apache/kerby/kerb-core/1.0.1/kerb-core-1.0.1.jar:/home/user/.m2/repository/org/apache/kerby/kerby-pkix/1.0.1/kerby-pkix-1.0.1.jar:/home/user/.m2/repository/org/apache/kerby/kerby-asn1/1.0.1/kerby-asn1-1.0.1.jar:/home/user/.m2/repository/org/apache/kerby/kerby-util/1.0.1/kerby-util-1.0.1.jar:/home/user/.m2/repository/org/apache/kerby/kerb-common/1.0.1/kerb-common-1.0.1.jar:/home/user/.m2/repository/org/apache/kerby/kerb-crypto/1.0.1/kerb-crypto-1.0.1.jar:/home/user/.m2/repository/org/apache/kerby/kerb-util/1.0.1/kerb-util-1.0.1.jar:/home/user/.m2/repository/org/apache/kerby/token-provider/1.0.1/token-provider-1.0.1.jar:/home/user/.m2/repository/org/apache/kerby/kerb-admin/1.0.1/kerb-admin-1.0.1.jar:/home/user/.m2/repository/org/apache/kerby/kerb-server/1.0.1/kerb-server-1.0.1.jar:/home/user/.m2/repository/org/apache/kerby/kerb-identity/1.0.1/kerb-identity-1.0.1.jar:/home/user/.m2/repository/org/apache/kerby/kerby-xdr/1.0.1/kerby-xdr-1.0.1.jar:/home/user/.m2/repository/org/slf4j/slf4j-log4j12/1.7.30/slf4j-log4j12-1.7.30.jar:/home/user/.m2/repository/org/apache/hadoop/hadoop-ozone-s3gateway/1.2.0-SNAPSHOT/hadoop-ozone-s3gateway-1.2.0-SNAPSHOT.jar:/home/user/.m2/repository/org/jboss/weld/servlet/weld-servlet/2.4.7.Final/weld-servlet-2.4.7.Final.jar:/home/user/.m2/repository/org/glassfish/jersey/containers/jersey-container-servlet-core/2.33/jersey-container-servlet-core-2.33.jar:/home/user/.m2/repository/org/glassfish/hk2/external/jakarta.inject/2.6.1/jakarta.inject-2.6.1.jar:/home/user/.m2/repository/org/glassfish/jersey/core/jersey-common/2.33/jersey-common-2.33.jar:/home/user/.m2/repository/jakarta/ws/rs/jakarta.ws.rs-api/2.1.6/jakarta.ws.rs-api-2.1.6.jar:/home/user/.m2/repository/org/glassfish/jersey/ext/cdi/jersey-cdi1x/2.33/jersey-cdi1x-2.33.jar:/home/user/.m2/repository/org/glassfish/jersey/inject/jersey-hk2/2.33/jersey-hk2-2.33.jar:/home/user/.m2/repository/org/glassfish/hk2/hk2-locator/2.6.1/hk2-locator-2.6.1.jar:/home/user/.m2/repository/org/javassist/javassist/3.25.0-GA/javassist-3.25.0-GA.jar:/home/user/.m2/repository/org/glassfish/jersey/media/jersey-media-jaxb/2.33/jersey-media-jaxb-2.33.jar:/home/user/.m2/repository/org/glassfish/hk2/osgi-resource-locator/1.0.3/osgi-resource-locator-1.0.3.jar:/home/user/.m2/repository/org/glassfish/hk2/hk2-api/2.5.0/hk2-api-2.5.0.jar:/home/user/.m2/repository/org/glassfish/hk2/hk2-utils/2.5.0/hk2-utils-2.5.0.jar:/home/user/.m2/repository/org/glassfish/hk2/external/aopalliance-repackaged/2.5.0/aopalliance-repackaged-2.5.0.jar:/home/user/.m2/repository/com/fasterxml/jackson/dataformat/jackson-dataformat-xml/2.12.1/jackson-dataformat-xml-2.12.1.jar:/home/user/.m2/repository/com/fasterxml/jackson/core/jackson-core/2.12.1/jackson-core-2.12.1.jar:/home/user/.m2/repository/com/fasterxml/jackson/module/jackson-module-jaxb-annotations/2.12.1/jackson-module-jaxb-annotations-2.12.1.jar:/home/user/.m2/repository/jakarta/xml/bind/jakarta.xml.bind-api/2.3.2/jakarta.xml.bind-api-2.3.2.jar:/home/user/.m2/repository/jakarta/activation/jakarta.activation-api/1.2.1/jakarta.activation-api-1.2.1.jar:/home/user/.m2/repository/org/codehaus/woodstox/stax2-api/3.1.4/stax2-api-3.1.4.jar:/home/user/.m2/repository/com/fasterxml/woodstox/woodstox-core/5.0.3/woodstox-core-5.0.3.jar:/home/user/.m2/repository/javax/enterprise/cdi-api/1.2/cdi-api-1.2.jar:/home/user/.m2/repository/javax/el/javax.el-api/3.0.0/javax.el-api-3.0.0.jar:/home/user/.m2/repository/javax/interceptor/javax.interceptor-api/1.2/javax.interceptor-api-1.2.jar:/home/user/.m2/repository/javax/inject/javax.inject/1/javax.inject-1.jar:/home/user/.m2/repository/javax/xml/bind/jaxb-api/2.3.0/jaxb-api-2.3.0.jar:/home/user/.m2/repository/org/glassfish/jaxb/jaxb-runtime/2.3.0.1/jaxb-runtime-2.3.0.1.jar:/home/user/.m2/repository/org/glassfish/jaxb/jaxb-core/2.3.0.1/jaxb-core-2.3.0.1.jar:/home/user/.m2/repository/org/glassfish/jaxb/txw2/2.3.0.1/txw2-2.3.0.1.jar:/home/user/.m2/repository/com/sun/istack/istack-commons-runtime/3.0.5/istack-commons-runtime-3.0.5.jar:/home/user/.m2/repository/org/jvnet/staxex/stax-ex/1.7.8/stax-ex-1.7.8.jar:/home/user/.m2/repository/com/sun/xml/fastinfoset/FastInfoset/1.2.13/FastInfoset-1.2.13.jar:/home/user/.m2/repository/javax/activation/activation/1.1.1/activation-1.1.1.jar:/home/user/.m2/repository/org/apache/hadoop/hadoop-ozone-csi/1.2.0-SNAPSHOT/hadoop-ozone-csi-1.2.0-SNAPSHOT.jar:/home/user/.m2/repository/com/google/protobuf/protobuf-java-util/3.12.0/protobuf-java-util-3.12.0.jar:/home/user/.m2/repository/com/google/code/gson/gson/2.2.4/gson-2.2.4.jar:/home/user/.m2/repository/org/apache/hadoop/hadoop-hdds-config/1.2.0-SNAPSHOT/hadoop-hdds-config-1.2.0-SNAPSHOT.jar:/home/user/.m2/repository/io/grpc/grpc-netty/1.33.0/grpc-netty-1.33.0.jar:/home/user/.m2/repository/io/grpc/grpc-core/1.33.0/grpc-core-1.33.0.jar:/home/user/.m2/repository/com/google/android/annotations/4.1.1.4/annotations-4.1.1.4.jar:/home/user/.m2/repository/io/netty/netty-codec-http2/4.1.51.Final/netty-codec-http2-4.1.51.Final.jar:/home/user/.m2/repository/io/netty/netty-codec/4.1.51.Final/netty-codec-4.1.51.Final.jar:/home/user/.m2/repository/io/netty/netty-handler/4.1.51.Final/netty-handler-4.1.51.Final.jar:/home/user/.m2/repository/io/netty/netty-codec-http/4.1.51.Final/netty-codec-http-4.1.51.Final.jar:/home/user/.m2/repository/io/netty/netty-handler-proxy/4.1.51.Final/netty-handler-proxy-4.1.51.Final.jar:/home/user/.m2/repository/io/netty/netty-codec-socks/4.1.51.Final/netty-codec-socks-4.1.51.Final.jar:/home/user/.m2/repository/io/perfmark/perfmark-api/0.19.0/perfmark-api-0.19.0.jar:/home/user/.m2/repository/org/codehaus/mojo/animal-sniffer-annotations/1.18/animal-sniffer-annotations-1.18.jar:/home/user/.m2/repository/io/netty/netty-transport-native-epoll/4.1.63.Final/netty-transport-native-epoll-4.1.63.Final.jar:/home/user/.m2/repository/io/netty/netty-common/4.1.63.Final/netty-common-4.1.63.Final.jar:/home/user/.m2/repository/io/netty/netty-buffer/4.1.63.Final/netty-buffer-4.1.63.Final.jar:/home/user/.m2/repository/io/netty/netty-transport/4.1.63.Final/netty-transport-4.1.63.Final.jar:/home/user/.m2/repository/io/netty/netty-resolver/4.1.63.Final/netty-resolver-4.1.63.Final.jar:/home/user/.m2/repository/io/netty/netty-transport-native-unix-common/4.1.63.Final/netty-transport-native-unix-common-4.1.63.Final.jar:/home/user/.m2/repository/io/grpc/grpc-protobuf/1.33.0/grpc-protobuf-1.33.0.jar:/home/user/.m2/repository/io/grpc/grpc-api/1.33.0/grpc-api-1.33.0.jar:/home/user/.m2/repository/io/grpc/grpc-context/1.33.0/grpc-context-1.33.0.jar:/home/user/.m2/repository/com/google/api/grpc/proto-google-common-protos/1.17.0/proto-google-common-protos-1.17.0.jar:/home/user/.m2/repository/io/grpc/grpc-protobuf-lite/1.33.0/grpc-protobuf-lite-1.33.0.jar:/home/user/.m2/repository/io/grpc/grpc-stub/1.33.0/grpc-stub-1.33.0.jar:/home/user/.m2/repository/org/apache/hadoop/hadoop-ozone-recon/1.2.0-SNAPSHOT/hadoop-ozone-recon-1.2.0-SNAPSHOT.jar:/home/user/.m2/repository/org/apache/hadoop/hadoop-ozone-reconcodegen/1.2.0-SNAPSHOT/hadoop-ozone-reconcodegen-1.2.0-SNAPSHOT.jar:/home/user/.m2/repository/com/google/inject/extensions/guice-multibindings/4.0/guice-multibindings-4.0.jar:/home/user/.m2/repository/com/google/inject/guice/4.0/guice-4.0.jar:/home/user/.m2/repository/aopalliance/aopalliance/1.0/aopalliance-1.0.jar:/home/user/.m2/repository/com/google/inject/extensions/guice-assistedinject/4.0/guice-assistedinject-4.0.jar:/home/user/.m2/repository/com/google/inject/extensions/guice-servlet/4.0/guice-servlet-4.0.jar:/home/user/.m2/repository/org/glassfish/jersey/containers/jersey-container-servlet/2.33/jersey-container-servlet-2.33.jar:/home/user/.m2/repository/org/glassfish/hk2/guice-bridge/2.5.0/guice-bridge-2.5.0.jar:/home/user/.m2/repository/org/glassfish/jersey/core/jersey-server/2.33/jersey-server-2.33.jar:/home/user/.m2/repository/org/glassfish/jersey/core/jersey-client/2.33/jersey-client-2.33.jar:/home/user/.m2/repository/jakarta/annotation/jakarta.annotation-api/1.3.5/jakarta.annotation-api-1.3.5.jar:/home/user/.m2/repository/jakarta/validation/jakarta.validation-api/2.0.2/jakarta.validation-api-2.0.2.jar:/home/user/.m2/repository/org/glassfish/jersey/media/jersey-media-json-jackson/2.33/jersey-media-json-jackson-2.33.jar:/home/user/.m2/repository/org/glassfish/jersey/ext/jersey-entity-filtering/2.33/jersey-entity-filtering-2.33.jar:/home/user/.m2/repository/org/jooq/jooq/3.11.10/jooq-3.11.10.jar:/home/user/.m2/repository/org/jooq/jooq-meta/3.11.10/jooq-meta-3.11.10.jar:/home/user/.m2/repository/org/jooq/jooq-codegen/3.11.10/jooq-codegen-3.11.10.jar:/home/user/.m2/repository/com/jolbox/bonecp/0.8.0.RELEASE/bonecp-0.8.0.RELEASE.jar:/home/user/.m2/repository/org/apache/derby/derby/10.14.2.0/derby-10.14.2.0.jar:/home/user/.m2/repository/org/xerial/sqlite-jdbc/3.25.2/sqlite-jdbc-3.25.2.jar:/home/user/.m2/repository/org/springframework/spring-jdbc/5.2.11.RELEASE/spring-jdbc-5.2.11.RELEASE.jar:/home/user/.m2/repository/org/springframework/spring-beans/5.2.11.RELEASE/spring-beans-5.2.11.RELEASE.jar:/home/user/.m2/repository/org/springframework/spring-core/5.2.11.RELEASE/spring-core-5.2.11.RELEASE.jar:/home/user/.m2/repository/org/springframework/spring-jcl/5.2.11.RELEASE/spring-jcl-5.2.11.RELEASE.jar:/home/user/.m2/repository/org/springframework/spring-tx/5.2.11.RELEASE/spring-tx-5.2.11.RELEASE.jar:/home/user/.m2/repository/org/apache/hadoop/hadoop-ozone-client/1.2.0-SNAPSHOT/hadoop-ozone-client-1.2.0-SNAPSHOT.jar:/home/user/.m2/repository/org/apache/hadoop/hadoop-ozone-filesystem/1.2.0-SNAPSHOT/hadoop-ozone-filesystem-1.2.0-SNAPSHOT.jar:/home/user/.m2/repository/org/apache/hadoop/hadoop-ozone-filesystem-common/1.2.0-SNAPSHOT/hadoop-ozone-filesystem-common-1.2.0-SNAPSHOT.jar:/home/user/.m2/repository/org/apache/hadoop/hadoop-ozone-tools/1.2.0-SNAPSHOT/hadoop-ozone-tools-1.2.0-SNAPSHOT.jar:/home/user/.m2/repository/org/apache/ratis/ratis-tools/2.1.0-ff8aa66-SNAPSHOT/ratis-tools-2.1.0-ff8aa66-SNAPSHOT.jar:/home/user/.m2/repository/org/apache/ratis/ratis-proto/2.1.0-ff8aa66-SNAPSHOT/ratis-proto-2.1.0-ff8aa66-SNAPSHOT.jar:/home/user/.m2/repository/org/apache/ratis/ratis-common/2.1.0-ff8aa66-SNAPSHOT/ratis-common-2.1.0-ff8aa66-SNAPSHOT.jar:/home/user/.m2/repository/com/amazonaws/aws-java-sdk-core/1.11.901/aws-java-sdk-core-1.11.901.jar:/home/user/.m2/repository/org/apache/httpcomponents/httpclient/4.5.13/httpclient-4.5.13.jar:/home/user/.m2/repository/org/apache/httpcomponents/httpcore/4.4.13/httpcore-4.4.13.jar:/home/user/.m2/repository/software/amazon/ion/ion-java/1.0.2/ion-java-1.0.2.jar:/home/user/.m2/repository/com/fasterxml/jackson/dataformat/jackson-dataformat-cbor/2.12.1/jackson-dataformat-cbor-2.12.1.jar:/home/user/.m2/repository/joda-time/joda-time/2.8.1/joda-time-2.8.1.jar:/home/user/.m2/repository/com/amazonaws/aws-java-sdk-s3/1.11.901/aws-java-sdk-s3-1.11.901.jar:/home/user/.m2/repository/com/amazonaws/aws-java-sdk-kms/1.11.901/aws-java-sdk-kms-1.11.901.jar:/home/user/.m2/repository/com/amazonaws/jmespath-java/1.11.901/jmespath-java-1.11.901.jar:/home/user/.m2/repository/org/kohsuke/metainf-services/metainf-services/1.8/metainf-services-1.8.jar:/home/user/.m2/repository/org/apache/hadoop/hadoop-hdds-tools/1.2.0-SNAPSHOT/hadoop-hdds-tools-1.2.0-SNAPSHOT.jar:/home/user/.m2/repository/commons-cli/commons-cli/1.2/commons-cli-1.2.jar:/home/user/.m2/repository/org/apache/commons/commons-lang3/3.7/commons-lang3-3.7.jar:/home/user/.m2/repository/org/apache/hadoop/hadoop-ozone-ozone-manager/1.2.0-SNAPSHOT/hadoop-ozone-ozone-manager-1.2.0-SNAPSHOT-tests.jar:/home/user/.m2/repository/org/apache/hadoop/hadoop-hdds-common/1.2.0-SNAPSHOT/hadoop-hdds-common-1.2.0-SNAPSHOT-tests.jar:/home/user/.m2/repository/org/apache/hadoop/hadoop-hdds-hadoop-dependency-client/1.2.0-SNAPSHOT/hadoop-hdds-hadoop-dependency-client-1.2.0-SNAPSHOT.jar:/home/user/.m2/repository/info/picocli/picocli/4.4.0/picocli-4.4.0.jar:/home/user/.m2/repository/com/fasterxml/jackson/core/jackson-annotations/2.12.1/jackson-annotations-2.12.1.jar:/home/user/.m2/repository/javax/annotation/javax.annotation-api/1.2/javax.annotation-api-1.2.jar:/home/user/.m2/repository/org/fusesource/leveldbjni/leveldbjni-all/1.8/leveldbjni-all-1.8.jar:/home/user/.m2/repository/org/apache/ratis/ratis-server/2.1.0-ff8aa66-SNAPSHOT/ratis-server-2.1.0-ff8aa66-SNAPSHOT.jar:/home/user/.m2/repository/org/apache/ratis/ratis-client/2.1.0-ff8aa66-SNAPSHOT/ratis-client-2.1.0-ff8aa66-SNAPSHOT.jar:/home/user/.m2/repository/org/apache/ratis/ratis-server-api/2.1.0-ff8aa66-SNAPSHOT/ratis-server-api-2.1.0-ff8aa66-SNAPSHOT.jar:/home/user/.m2/repository/org/apache/ratis/ratis-metrics/2.1.0-ff8aa66-SNAPSHOT/ratis-metrics-2.1.0-ff8aa66-SNAPSHOT.jar:/home/user/.m2/repository/org/apache/ratis/ratis-netty/2.1.0-ff8aa66-SNAPSHOT/ratis-netty-2.1.0-ff8aa66-SNAPSHOT.jar:/home/user/.m2/repository/org/apache/ratis/ratis-grpc/2.1.0-ff8aa66-SNAPSHOT/ratis-grpc-2.1.0-ff8aa66-SNAPSHOT.jar:/home/user/.m2/repository/org/apache/logging/log4j/log4j-api/2.13.3/log4j-api-2.13.3.jar:/home/user/.m2/repository/org/apache/logging/log4j/log4j-core/2.13.3/log4j-core-2.13.3.jar:/home/user/.m2/repository/com/lmax/disruptor/3.4.2/disruptor-3.4.2.jar:/home/user/.m2/repository/org/apache/commons/commons-pool2/2.6.0/commons-pool2-2.6.0.jar:/home/user/.m2/repository/org/bouncycastle/bcpkix-jdk15on/1.67/bcpkix-jdk15on-1.67.jar:/home/user/.m2/repository/commons-validator/commons-validator/1.6/commons-validator-1.6.jar:/home/user/.m2/repository/commons-beanutils/commons-beanutils/1.9.4/commons-beanutils-1.9.4.jar:/home/user/.m2/repository/commons-digester/commons-digester/1.8.1/commons-digester-1.8.1.jar:/home/user/.m2/repository/commons-collections/commons-collections/3.2.2/commons-collections-3.2.2.jar:/home/user/.m2/repository/io/jaegertracing/jaeger-client/1.6.0/jaeger-client-1.6.0.jar:/home/user/.m2/repository/io/jaegertracing/jaeger-thrift/1.6.0/jaeger-thrift-1.6.0.jar:/home/user/.m2/repository/org/apache/thrift/libthrift/0.14.1/libthrift-0.14.1.jar:/home/user/.m2/repository/com/squareup/okhttp3/okhttp/4.9.0/okhttp-4.9.0.jar:/home/user/.m2/repository/com/squareup/okio/okio/2.8.0/okio-2.8.0.jar:/home/user/.m2/repository/io/jaegertracing/jaeger-core/1.6.0/jaeger-core-1.6.0.jar:/home/user/.m2/repository/io/jaegertracing/jaeger-tracerresolver/1.6.0/jaeger-tracerresolver-1.6.0.jar:/home/user/.m2/repository/io/opentracing/contrib/opentracing-tracerresolver/0.1.8/opentracing-tracerresolver-0.1.8.jar:/home/user/.m2/repository/org/jetbrains/kotlin/kotlin-stdlib/1.4.31/kotlin-stdlib-1.4.31.jar:/home/user/.m2/repository/org/jetbrains/kotlin/kotlin-stdlib-common/1.4.31/kotlin-stdlib-common-1.4.31.jar:/home/user/.m2/repository/org/jetbrains/annotations/13.0/annotations-13.0.jar:/home/user/.m2/repository/io/opentracing/opentracing-util/0.33.0/opentracing-util-0.33.0.jar:/home/user/.m2/repository/io/opentracing/opentracing-api/0.33.0/opentracing-api-0.33.0.jar:/home/user/.m2/repository/io/opentracing/opentracing-noop/0.33.0/opentracing-noop-0.33.0.jar:/home/user/.m2/repository/org/yaml/snakeyaml/1.26/snakeyaml-1.26.jar:/home/user/.m2/repository/org/apache/hadoop/hadoop-hdds-interface-admin/1.2.0-SNAPSHOT/hadoop-hdds-interface-admin-1.2.0-SNAPSHOT.jar:/home/user/.m2/repository/junit/junit/4.13.1/junit-4.13.1.jar:/home/user/.m2/repository/org/hamcrest/hamcrest-core/1.3/hamcrest-core-1.3.jar:/home/user/.m2/repository/org/junit/jupiter/junit-jupiter-api/5.7.0/junit-jupiter-api-5.7.0.jar:/home/user/.m2/repository/org/apiguardian/apiguardian-api/1.1.0/apiguardian-api-1.1.0.jar:/home/user/.m2/repository/org/opentest4j/opentest4j/1.2.0/opentest4j-1.2.0.jar:/home/user/.m2/repository/org/junit/platform/junit-platform-commons/1.7.0/junit-platform-commons-1.7.0.jar:/home/user/.m2/repository/org/junit/jupiter/junit-jupiter-engine/5.7.0/junit-jupiter-engine-5.7.0.jar:/home/user/.m2/repository/org/junit/platform/junit-platform-engine/1.7.0/junit-platform-engine-1.7.0.jar:/home/user/.m2/repository/org/junit/vintage/junit-vintage-engine/5.7.0/junit-vintage-engine-5.7.0.jar:/home/user/.m2/repository/org/junit/platform/junit-platform-launcher/1.7.0/junit-platform-launcher-1.7.0.jar:/home/user/.m2/repository/org/openjdk/jmh/jmh-core/1.19/jmh-core-1.19.jar:/home/user/.m2/repository/net/sf/jopt-simple/jopt-simple/4.6/jopt-simple-4.6.jar:/home/user/.m2/repository/org/apache/commons/commons-math3/3.1.1/commons-math3-3.1.1.jar:/home/user/.m2/repository/org/openjdk/jmh/jmh-generator-annprocess/1.19/jmh-generator-annprocess-1.19.jar:/home/user/.m2/repository/org/mockito/mockito-all/1.8.5/mockito-all-1.8.5.jar:/home/user/.m2/repository/org/apache/hadoop/hadoop-kms/3.2.2/hadoop-kms-3.2.2.jar:/home/user/.m2/repository/org/apache/hadoop/hadoop-auth/3.2.2/hadoop-auth-3.2.2.jar:/home/user/.m2/repository/com/nimbusds/nimbus-jose-jwt/7.9/nimbus-jose-jwt-7.9.jar:/home/user/.m2/repository/com/github/stephenc/jcip/jcip-annotations/1.0-1/jcip-annotations-1.0-1.jar:/home/user/.m2/repository/net/minidev/json-smart/2.3/json-smart-2.3.jar:/home/user/.m2/repository/net/minidev/accessors-smart/1.2/accessors-smart-1.2.jar:/home/user/.m2/repository/org/ow2/asm/asm/5.0.4/asm-5.0.4.jar:/home/user/.m2/repository/org/apache/zookeeper/zookeeper/3.4.13/zookeeper-3.4.13.jar:/home/user/.m2/repository/org/apache/yetus/audience-annotations/0.5.0/audience-annotations-0.5.0.jar:/home/user/.m2/repository/org/apache/curator/curator-framework/2.13.0/curator-framework-2.13.0.jar:/home/user/.m2/repository/com/sun/jersey/jersey-core/1.19/jersey-core-1.19.jar:/home/user/.m2/repository/javax/ws/rs/jsr311-api/1.1.1/jsr311-api-1.1.1.jar:/home/user/.m2/repository/com/sun/jersey/jersey-server/1.19/jersey-server-1.19.jar:/home/user/.m2/repository/javax/servlet/javax.servlet-api/3.1.0/javax.servlet-api-3.1.0.jar:/home/user/.m2/repository/org/eclipse/jetty/jetty-server/9.4.35.v20201120/jetty-server-9.4.35.v20201120.jar:/home/user/.m2/repository/org/eclipse/jetty/jetty-http/9.4.35.v20201120/jetty-http-9.4.35.v20201120.jar:/home/user/.m2/repository/org/eclipse/jetty/jetty-io/9.4.35.v20201120/jetty-io-9.4.35.v20201120.jar:/home/user/.m2/repository/org/eclipse/jetty/jetty-webapp/9.4.35.v20201120/jetty-webapp-9.4.35.v20201120.jar:/home/user/.m2/repository/org/eclipse/jetty/jetty-xml/9.4.35.v20201120/jetty-xml-9.4.35.v20201120.jar:/home/user/.m2/repository/org/apache/hadoop/hadoop-common/3.2.2/hadoop-common-3.2.2.jar:/home/user/.m2/repository/commons-net/commons-net/3.6/commons-net-3.6.jar:/home/user/.m2/repository/javax/activation/javax.activation-api/1.2.0/javax.activation-api-1.2.0.jar:/home/user/.m2/repository/com/sun/jersey/jersey-servlet/1.19/jersey-servlet-1.19.jar:/home/user/.m2/repository/com/sun/jersey/jersey-json/1.19/jersey-json-1.19.jar:/home/user/.m2/repository/org/codehaus/jettison/jettison/1.1/jettison-1.1.jar:/home/user/.m2/repository/com/sun/xml/bind/jaxb-impl/2.2.3-1/jaxb-impl-2.2.3-1.jar:/home/user/.m2/repository/org/codehaus/jackson/jackson-jaxrs/1.9.2/jackson-jaxrs-1.9.2.jar:/home/user/.m2/repository/org/codehaus/jackson/jackson-xc/1.9.2/jackson-xc-1.9.2.jar:/home/user/.m2/repository/org/apache/commons/commons-configuration2/2.1.1/commons-configuration2-2.1.1.jar:/home/user/.m2/repository/org/apache/commons/commons-text/1.4/commons-text-1.4.jar:/home/user/.m2/repository/com/google/re2j/re2j/1.1/re2j-1.1.jar:/home/user/.m2/repository/com/jcraft/jsch/0.1.54/jsch-0.1.54.jar:/home/user/.m2/repository/org/apache/curator/curator-client/2.13.0/curator-client-2.13.0.jar:/home/user/.m2/repository/org/apache/curator/curator-recipes/2.13.0/curator-recipes-2.13.0.jar:/home/user/.m2/repository/dnsjava/dnsjava/2.1.7/dnsjava-2.1.7.jar:/home/user/.m2/repository/org/slf4j/jul-to-slf4j/1.7.30/jul-to-slf4j-1.7.30.jar:/home/user/.m2/repository/org/eclipse/jetty/jetty-util/9.4.35.v20201120/jetty-util-9.4.35.v20201120.jar:/home/user/.m2/repository/com/fasterxml/jackson/core/jackson-databind/2.12.1/jackson-databind-2.12.1.jar:/home/user/.m2/repository/org/apache/hadoop/hadoop-kms/3.2.2/hadoop-kms-3.2.2-tests.jar:/home/user/.m2/repository/org/apache/hadoop/hadoop-hdds-server-scm/1.2.0-SNAPSHOT/hadoop-hdds-server-scm-1.2.0-SNAPSHOT-tests.jar:/home/user/.m2/repository/org/apache/hadoop/hadoop-hdds-container-service/1.2.0-SNAPSHOT/hadoop-hdds-container-service-1.2.0-SNAPSHOT-tests.jar:/home/user/.m2/repository/commons-codec/commons-codec/1.11/commons-codec-1.11.jar:/home/user/.m2/repository/org/apache/hadoop/hadoop-hdds-hadoop-dependency-test/1.2.0-SNAPSHOT/hadoop-hdds-hadoop-dependency-test-1.2.0-SNAPSHOT.jar:/home/user/.m2/repository/org/apache/hadoop/hadoop-common/3.2.2/hadoop-common-3.2.2-tests.jar:/home/user/.m2/repository/org/apache/hadoop/hadoop-hdfs/3.2.2/hadoop-hdfs-3.2.2-tests.jar:/home/user/.m2/repository/org/eclipse/jetty/jetty-util-ajax/9.4.35.v20201120/jetty-util-ajax-9.4.35.v20201120.jar:/home/user/.m2/repository/commons-daemon/commons-daemon/1.0.13/commons-daemon-1.0.13.jar:/home/user/.m2/repository/io/netty/netty/3.10.6.Final/netty-3.10.6.Final.jar:/home/user/.m2/repository/io/netty/netty-all/4.1.63.Final/netty-all-4.1.63.Final.jar:/home/user/.m2/repository/org/apache/htrace/htrace-core4/4.1.0-incubating/htrace-core4-4.1.0-incubating.jar:/home/user/.m2/repository/org/apache/hadoop/hadoop-distcp/3.2.2/hadoop-distcp-3.2.2.jar:/home/user/.m2/repository/org/apache/hadoop/hadoop-mapreduce-client-jobclient/3.2.2/hadoop-mapreduce-client-jobclient-3.2.2.jar:/home/user/.m2/repository/org/apache/hadoop/hadoop-mapreduce-client-common/3.2.2/hadoop-mapreduce-client-common-3.2.2.jar:/home/user/.m2/repository/org/apache/hadoop/hadoop-yarn-common/3.2.2/hadoop-yarn-common-3.2.2.jar:/home/user/.m2/repository/org/apache/hadoop/hadoop-yarn-api/3.2.2/hadoop-yarn-api-3.2.2.jar:/home/user/.m2/repository/com/sun/jersey/jersey-client/1.19/jersey-client-1.19.jar:/home/user/.m2/repository/com/sun/jersey/contribs/jersey-guice/1.19/jersey-guice-1.19.jar:/home/user/.m2/repository/com/fasterxml/jackson/jaxrs/jackson-jaxrs-json-provider/2.12.1/jackson-jaxrs-json-provider-2.12.1.jar:/home/user/.m2/repository/com/fasterxml/jackson/jaxrs/jackson-jaxrs-base/2.12.1/jackson-jaxrs-base-2.12.1.jar:/home/user/.m2/repository/org/apache/hadoop/hadoop-yarn-client/3.2.2/hadoop-yarn-client-3.2.2.jar:/home/user/.m2/repository/org/apache/hadoop/hadoop-mapreduce-client-core/3.2.2/hadoop-mapreduce-client-core-3.2.2.jar:/home/user/.m2/repository/org/apache/avro/avro/1.7.7/avro-1.7.7.jar:/home/user/.m2/repository/org/codehaus/jackson/jackson-core-asl/1.9.13/jackson-core-asl-1.9.13.jar:/home/user/.m2/repository/org/codehaus/jackson/jackson-mapper-asl/1.9.13/jackson-mapper-asl-1.9.13.jar:/home/user/.m2/repository/com/thoughtworks/paranamer/paranamer/2.3/paranamer-2.3.jar:/home/user/.m2/repository/org/xerial/snappy/snappy-java/1.0.5/snappy-java-1.0.5.jar:/home/user/.m2/repository/org/apache/hadoop/hadoop-annotations/3.2.2/hadoop-annotations-3.2.2.jar:/usr/lib/jvm/java-1.8.0-openjdk-1.8.0.232.b09-0.el7_7.x86_64/jre/../lib/tools.jar:/home/user/.m2/repository/org/apache/hadoop/hadoop-distcp/3.2.2/hadoop-distcp-3.2.2-tests.jar:"/>
    <property name="sun.cpu.endian" value="little"/>
    <property name="user.home" value="/home/user"/>
    <property name="user.language" value="en"/>
    <property name="java.specification.vendor" value="Oracle Corporation"/>
    <property name="java.home" value="/usr/lib/jvm/java-1.8.0-openjdk-1.8.0.232.b09-0.el7_7.x86_64/jre"/>
    <property name="java.security.krb5.conf" value="/github/workspace/mnt/ozone/hadoop-ozone/integration-test/target/test-classes/krb5.conf"/>
    <property name="basedir" value="/github/workspace/mnt/ozone/hadoop-ozone/integration-test"/>
    <property name="file.separator" value="/"/>
    <property name="line.separator" value="&#10;"/>
    <property name="java.vm.specification.vendor" value="Oracle Corporation"/>
    <property name="java.specification.name" value="Java Platform API Specification"/>
    <property name="java.awt.graphicsenv" value="sun.awt.X11GraphicsEnvironment"/>
    <property name="skip.installnpx" value="true"/>
    <property name="surefire.real.class.path" value="/github/workspace/mnt/ozone/hadoop-ozone/integration-test/target/surefire/surefirebooter7909621382254262448.jar:/home/user/.m2/repository/org/jacoco/org.jacoco.agent/0.8.5/org.jacoco.agent-0.8.5-runtime.jar"/>
    <property name="hadoop.log.dir" value="/github/workspace/mnt/ozone/hadoop-ozone/integration-test/target/log"/>
    <property name="sun.boot.class.path" value="/usr/lib/jvm/java-1.8.0-openjdk-1.8.0.232.b09-0.el7_7.x86_64/jre/lib/resources.jar:/usr/lib/jvm/java-1.8.0-openjdk-1.8.0.232.b09-0.el7_7.x86_64/jre/lib/rt.jar:/usr/lib/jvm/java-1.8.0-openjdk-1.8.0.232.b09-0.el7_7.x86_64/jre/lib/sunrsasign.jar:/usr/lib/jvm/java-1.8.0-openjdk-1.8.0.232.b09-0.el7_7.x86_64/jre/lib/jsse.jar:/usr/lib/jvm/java-1.8.0-openjdk-1.8.0.232.b09-0.el7_7.x86_64/jre/lib/jce.jar:/usr/lib/jvm/java-1.8.0-openjdk-1.8.0.232.b09-0.el7_7.x86_64/jre/lib/charsets.jar:/usr/lib/jvm/java-1.8.0-openjdk-1.8.0.232.b09-0.el7_7.x86_64/jre/lib/jfr.jar:/usr/lib/jvm/java-1.8.0-openjdk-1.8.0.232.b09-0.el7_7.x86_64/jre/classes"/>
    <property name="sun.management.compiler" value="HotSpot 64-Bit Tiered Compilers"/>
    <property name="skip.npx" value="true"/>
    <property name="java.runtime.version" value="1.8.0_232-b09"/>
    <property name="java.net.preferIPv4Stack" value="true"/>
    <property name="user.name" value="jenkins1001"/>
    <property name="path.separator" value=":"/>
    <property name="java.security.egd" value="file:///dev/urandom"/>
    <property name="os.version" value="5.4.0-1047-azure"/>
    <property name="java.endorsed.dirs" value="/usr/lib/jvm/java-1.8.0-openjdk-1.8.0.232.b09-0.el7_7.x86_64/jre/lib/endorsed"/>
    <property name="java.runtime.name" value="OpenJDK Runtime Environment"/>
    <property name="file.encoding" value="ANSI_X3.4-1968"/>
    <property name="java.vm.name" value="OpenJDK 64-Bit Server VM"/>
    <property name="test.build.webapps" value=""/>
    <property name="localRepository" value="/home/user/.m2/repository"/>
    <property name="java.vendor.url.bug" value="http://bugreport.sun.com/bugreport/"/>
    <property name="java.io.tmpdir" value="/tmp"/>
    <property name="require.test.libhadoop" value=""/>
    <property name="java.version" value="1.8.0_232"/>
    <property name="user.dir" value="/github/workspace/mnt/ozone/hadoop-ozone/integration-test"/>
    <property name="os.arch" value="amd64"/>
    <property name="java.vm.specification.name" value="Java Virtual Machine Specification"/>
    <property name="test.build.classes" value="/github/workspace/mnt/ozone/hadoop-ozone/integration-test/target/test-classes"/>
    <property name="java.awt.printerjob" value="sun.print.PSPrinterJob"/>
    <property name="sun.os.patch.level" value="unknown"/>
    <property name="hadoop.tmp.dir" value="/github/workspace/mnt/ozone/hadoop-ozone/integration-test/target/tmp"/>
    <property name="java.library.path" value="/usr/lib:/usr/java/packages/lib/amd64:/usr/lib64:/lib64:/lib:/usr/lib"/>
    <property name="java.vm.info" value="mixed mode"/>
    <property name="java.vendor" value="Oracle Corporation"/>
    <property name="java.vm.version" value="25.232-b09"/>
    <property name="java.ext.dirs" value="/usr/lib/jvm/java-1.8.0-openjdk-1.8.0.232.b09-0.el7_7.x86_64/jre/lib/ext:/usr/java/packages/lib/ext"/>
    <property name="sun.io.unicode.encoding" value="UnicodeLittle"/>
    <property name="java.class.version" value="52.0"/>
  </properties>
  <testcase name="testInstallSnapshot" classname="org.apache.hadoop.ozone.scm.TestSCMInstallSnapshotWithHA" time="55.231">
    <failure type="java.lang.AssertionError">java.lang.AssertionError
	at org.junit.Assert.fail(Assert.java:87)
	at org.junit.Assert.assertTrue(Assert.java:42)
	at org.junit.Assert.assertTrue(Assert.java:53)
	at org.apache.hadoop.ozone.scm.TestSCMInstallSnapshotWithHA.testInstallSnapshot(TestSCMInstallSnapshotWithHA.java:140)
	at sun.reflect.NativeMethodAccessorImpl.invoke0(Native Method)
	at sun.reflect.NativeMethodAccessorImpl.invoke(NativeMethodAccessorImpl.java:62)
	at sun.reflect.DelegatingMethodAccessorImpl.invoke(DelegatingMethodAccessorImpl.java:43)
	at java.lang.reflect.Method.invoke(Method.java:498)
	at org.junit.platform.commons.util.ReflectionUtils.invokeMethod(ReflectionUtils.java:688)
	at org.junit.jupiter.engine.execution.MethodInvocation.proceed(MethodInvocation.java:60)
	at org.junit.jupiter.engine.execution.InvocationInterceptorChain$ValidatingInvocation.proceed(InvocationInterceptorChain.java:131)
	at org.junit.jupiter.engine.extension.TimeoutInvocation.proceed(TimeoutInvocation.java:46)
	at org.junit.jupiter.engine.extension.TimeoutExtension.intercept(TimeoutExtension.java:149)
	at org.junit.jupiter.engine.extension.TimeoutExtension.interceptTestableMethod(TimeoutExtension.java:140)
	at org.junit.jupiter.engine.extension.TimeoutExtension.interceptTestMethod(TimeoutExtension.java:84)
	at org.junit.jupiter.engine.execution.ExecutableInvoker$ReflectiveInterceptorCall.lambda$ofVoidMethod$0(ExecutableInvoker.java:115)
	at org.junit.jupiter.engine.execution.ExecutableInvoker.lambda$invoke$0(ExecutableInvoker.java:105)
	at org.junit.jupiter.engine.execution.InvocationInterceptorChain$InterceptedInvocation.proceed(InvocationInterceptorChain.java:106)
	at org.junit.jupiter.engine.execution.InvocationInterceptorChain.proceed(InvocationInterceptorChain.java:64)
	at org.junit.jupiter.engine.execution.InvocationInterceptorChain.chainAndInvoke(InvocationInterceptorChain.java:45)
	at org.junit.jupiter.engine.execution.InvocationInterceptorChain.invoke(InvocationInterceptorChain.java:37)
	at org.junit.jupiter.engine.execution.ExecutableInvoker.invoke(ExecutableInvoker.java:104)
	at org.junit.jupiter.engine.execution.ExecutableInvoker.invoke(ExecutableInvoker.java:98)
	at org.junit.jupiter.engine.descriptor.TestMethodTestDescriptor.lambda$invokeTestMethod$6(TestMethodTestDescriptor.java:210)
	at org.junit.platform.engine.support.hierarchical.ThrowableCollector.execute(ThrowableCollector.java:73)
	at org.junit.jupiter.engine.descriptor.TestMethodTestDescriptor.invokeTestMethod(TestMethodTestDescriptor.java:206)
	at org.junit.jupiter.engine.descriptor.TestMethodTestDescriptor.execute(TestMethodTestDescriptor.java:131)
	at org.junit.jupiter.engine.descriptor.TestMethodTestDescriptor.execute(TestMethodTestDescriptor.java:65)
	at org.junit.platform.engine.support.hierarchical.NodeTestTask.lambda$executeRecursively$5(NodeTestTask.java:139)
	at org.junit.platform.engine.support.hierarchical.ThrowableCollector.execute(ThrowableCollector.java:73)
	at org.junit.platform.engine.support.hierarchical.NodeTestTask.lambda$executeRecursively$7(NodeTestTask.java:129)
	at org.junit.platform.engine.support.hierarchical.Node.around(Node.java:137)
	at org.junit.platform.engine.support.hierarchical.NodeTestTask.lambda$executeRecursively$8(NodeTestTask.java:127)
	at org.junit.platform.engine.support.hierarchical.ThrowableCollector.execute(ThrowableCollector.java:73)
	at org.junit.platform.engine.support.hierarchical.NodeTestTask.executeRecursively(NodeTestTask.java:126)
	at org.junit.platform.engine.support.hierarchical.NodeTestTask.execute(NodeTestTask.java:84)
	at java.util.ArrayList.forEach(ArrayList.java:1257)
	at org.junit.platform.engine.support.hierarchical.SameThreadHierarchicalTestExecutorService.invokeAll(SameThreadHierarchicalTestExecutorService.java:38)
	at org.junit.platform.engine.support.hierarchical.NodeTestTask.lambda$executeRecursively$5(NodeTestTask.java:143)
	at org.junit.platform.engine.support.hierarchical.ThrowableCollector.execute(ThrowableCollector.java:73)
	at org.junit.platform.engine.support.hierarchical.NodeTestTask.lambda$executeRecursively$7(NodeTestTask.java:129)
	at org.junit.platform.engine.support.hierarchical.Node.around(Node.java:137)
	at org.junit.platform.engine.support.hierarchical.NodeTestTask.lambda$executeRecursively$8(NodeTestTask.java:127)
	at org.junit.platform.engine.support.hierarchical.ThrowableCollector.execute(ThrowableCollector.java:73)
	at org.junit.platform.engine.support.hierarchical.NodeTestTask.executeRecursively(NodeTestTask.java:126)
	at org.junit.platform.engine.support.hierarchical.NodeTestTask.execute(NodeTestTask.java:84)
	at java.util.ArrayList.forEach(ArrayList.java:1257)
	at org.junit.platform.engine.support.hierarchical.SameThreadHierarchicalTestExecutorService.invokeAll(SameThreadHierarchicalTestExecutorService.java:38)
	at org.junit.platform.engine.support.hierarchical.NodeTestTask.lambda$executeRecursively$5(NodeTestTask.java:143)
	at org.junit.platform.engine.support.hierarchical.ThrowableCollector.execute(ThrowableCollector.java:73)
	at org.junit.platform.engine.support.hierarchical.NodeTestTask.lambda$executeRecursively$7(NodeTestTask.java:129)
	at org.junit.platform.engine.support.hierarchical.Node.around(Node.java:137)
	at org.junit.platform.engine.support.hierarchical.NodeTestTask.lambda$executeRecursively$8(NodeTestTask.java:127)
	at org.junit.platform.engine.support.hierarchical.ThrowableCollector.execute(ThrowableCollector.java:73)
	at org.junit.platform.engine.support.hierarchical.NodeTestTask.executeRecursively(NodeTestTask.java:126)
	at org.junit.platform.engine.support.hierarchical.NodeTestTask.execute(NodeTestTask.java:84)
	at org.junit.platform.engine.support.hierarchical.SameThreadHierarchicalTestExecutorService.submit(SameThreadHierarchicalTestExecutorService.java:32)
	at org.junit.platform.engine.support.hierarchical.HierarchicalTestExecutor.execute(HierarchicalTestExecutor.java:57)
	at org.junit.platform.engine.support.hierarchical.HierarchicalTestEngine.execute(HierarchicalTestEngine.java:51)
	at org.junit.platform.launcher.core.EngineExecutionOrchestrator.execute(EngineExecutionOrchestrator.java:108)
	at org.junit.platform.launcher.core.EngineExecutionOrchestrator.execute(EngineExecutionOrchestrator.java:88)
	at org.junit.platform.launcher.core.EngineExecutionOrchestrator.lambda$execute$0(EngineExecutionOrchestrator.java:54)
	at org.junit.platform.launcher.core.EngineExecutionOrchestrator.withInterceptedStreams(EngineExecutionOrchestrator.java:67)
	at org.junit.platform.launcher.core.EngineExecutionOrchestrator.execute(EngineExecutionOrchestrator.java:52)
	at org.junit.platform.launcher.core.DefaultLauncher.execute(DefaultLauncher.java:96)
	at org.junit.platform.launcher.core.DefaultLauncher.execute(DefaultLauncher.java:75)
	at org.apache.maven.surefire.junitplatform.JUnitPlatformProvider.invokeAllTests(JUnitPlatformProvider.java:142)
	at org.apache.maven.surefire.junitplatform.JUnitPlatformProvider.invoke(JUnitPlatformProvider.java:113)
	at org.apache.maven.surefire.booter.ForkedBooter.invokeProviderInSameClassLoader(ForkedBooter.java:384)
	at org.apache.maven.surefire.booter.ForkedBooter.runSuitesInProcess(ForkedBooter.java:345)
	at org.apache.maven.surefire.booter.ForkedBooter.execute(ForkedBooter.java:126)
	at org.apache.maven.surefire.booter.ForkedBooter.main(ForkedBooter.java:418)
</failure>
    <system-out><![CDATA[2021-05-22 19:11:55,672 [main] WARN  server.ServerUtils (ServerUtils.java:getScmDbDir(148)) - ozone.scm.db.dirs is not configured. We recommend adding this setting. Falling back to ozone.metadata.dirs instead.
2021-05-22 19:11:55,699 [main] INFO  ha.SCMHANodeDetails (SCMHANodeDetails.java:loadSCMHAConfig(149)) - ServiceID for StorageContainerManager is scm-service-test1
2021-05-22 19:11:55,701 [main] INFO  ha.SCMHANodeDetails (SCMHANodeDetails.java:loadSCMHAConfig(160)) - ServiceID for StorageContainerManager is scm-service-test1
2021-05-22 19:11:55,783 [main] WARN  scm.ScmUtils (ScmUtils.java:logWarn(179)) - ConfigKey ozone.scm.block.client.address is deprecated, For configuring different ports for each SCM use PortConfigKey ozone.scm.block.client.port appended with serviceId and nodeId. If want to configure same port configure ozone.scm.block.client.port
2021-05-22 19:11:55,786 [main] WARN  scm.ScmUtils (ScmUtils.java:logWarn(179)) - ConfigKey ozone.scm.client.address is deprecated, For configuring different ports for each SCM use PortConfigKey ozone.scm.client.port appended with serviceId and nodeId. If want to configure same port configure ozone.scm.client.port
2021-05-22 19:11:55,787 [main] WARN  scm.ScmUtils (ScmUtils.java:logWarn(179)) - ConfigKey ozone.scm.datanode.address is deprecated, For configuring different ports for each SCM use PortConfigKey ozone.scm.datanode.port appended with serviceId and nodeId. If want to configure same port configure ozone.scm.datanode.port
2021-05-22 19:11:55,791 [main] WARN  scm.ScmUtils (ScmUtils.java:logWarn(179)) - ConfigKey ozone.scm.block.client.address is deprecated, For configuring different ports for each SCM use PortConfigKey ozone.scm.block.client.port appended with serviceId and nodeId. If want to configure same port configure ozone.scm.block.client.port
2021-05-22 19:11:55,791 [main] WARN  scm.ScmUtils (ScmUtils.java:logWarn(179)) - ConfigKey ozone.scm.client.address is deprecated, For configuring different ports for each SCM use PortConfigKey ozone.scm.client.port appended with serviceId and nodeId. If want to configure same port configure ozone.scm.client.port
2021-05-22 19:11:55,792 [main] WARN  scm.ScmUtils (ScmUtils.java:logWarn(179)) - ConfigKey ozone.scm.datanode.address is deprecated, For configuring different ports for each SCM use PortConfigKey ozone.scm.datanode.port appended with serviceId and nodeId. If want to configure same port configure ozone.scm.datanode.port
2021-05-22 19:11:55,793 [main] INFO  ha.SCMHANodeDetails (SCMHANodeDetails.java:loadSCMHAConfig(242)) - Found matching SCM address with SCMServiceId: scm-service-test1, SCMNodeId: scmNode-1, RPC Address: localhost:12380 and Ratis port: 12380
2021-05-22 19:11:55,793 [main] INFO  ha.SCMHANodeDetails (ConfUtils.java:setNodeSpecificConfigs(105)) - Setting configuration key ozone.scm.datanode.address with value of key ozone.scm.datanode.address.scm-service-test1.scmNode-1: 127.0.0.1:12381
2021-05-22 19:11:55,794 [main] INFO  ha.SCMHANodeDetails (ConfUtils.java:setNodeSpecificConfigs(105)) - Setting configuration key ozone.scm.block.client.address with value of key ozone.scm.block.client.address.scm-service-test1.scmNode-1: 127.0.0.1:12382
2021-05-22 19:11:55,794 [main] INFO  ha.SCMHANodeDetails (ConfUtils.java:setNodeSpecificConfigs(105)) - Setting configuration key ozone.scm.client.address with value of key ozone.scm.client.address.scm-service-test1.scmNode-1: 127.0.0.1:12383
2021-05-22 19:11:55,796 [main] INFO  ha.SCMHANodeDetails (ConfUtils.java:setNodeSpecificConfigs(105)) - Setting configuration key ozone.scm.ratis.port with value of key ozone.scm.ratis.port.scm-service-test1.scmNode-1: 12380
2021-05-22 19:11:55,797 [main] INFO  ha.SCMHANodeDetails (ConfUtils.java:setNodeSpecificConfigs(105)) - Setting configuration key ozone.scm.grpc.port with value of key ozone.scm.grpc.port.scm-service-test1.scmNode-1: 12384
2021-05-22 19:11:55,798 [main] INFO  ha.SCMHANodeDetails (ConfUtils.java:setNodeSpecificConfigs(105)) - Setting configuration key ozone.scm.http-address with value of key ozone.scm.http-address.scm-service-test1.scmNode-1: 127.0.0.1:12378
2021-05-22 19:11:55,800 [main] INFO  ha.SCMHANodeDetails (ConfUtils.java:setNodeSpecificConfigs(105)) - Setting configuration key ozone.scm.https-address with value of key ozone.scm.https-address.scm-service-test1.scmNode-1: 127.0.0.1:12379
2021-05-22 19:11:55,800 [main] INFO  ha.SCMHANodeDetails (ConfUtils.java:setNodeSpecificConfigs(105)) - Setting configuration key ozone.scm.address with value of key ozone.scm.address.scm-service-test1.scmNode-1: 127.0.0.1
2021-05-22 19:11:55,801 [main] WARN  scm.ScmUtils (ScmUtils.java:logWarn(179)) - ConfigKey ozone.scm.block.client.address is deprecated, For configuring different ports for each SCM use PortConfigKey ozone.scm.block.client.port appended with serviceId and nodeId. If want to configure same port configure ozone.scm.block.client.port
2021-05-22 19:11:55,801 [main] WARN  scm.ScmUtils (ScmUtils.java:logWarn(179)) - ConfigKey ozone.scm.client.address is deprecated, For configuring different ports for each SCM use PortConfigKey ozone.scm.client.port appended with serviceId and nodeId. If want to configure same port configure ozone.scm.client.port
2021-05-22 19:11:55,804 [main] WARN  scm.ScmUtils (ScmUtils.java:logWarn(179)) - ConfigKey ozone.scm.datanode.address is deprecated, For configuring different ports for each SCM use PortConfigKey ozone.scm.datanode.port appended with serviceId and nodeId. If want to configure same port configure ozone.scm.datanode.port
2021-05-22 19:11:55,936 [main] INFO  server.RaftServer (ConfUtils.java:logGet(44)) - raft.rpc.type = GRPC (default)
2021-05-22 19:11:56,005 [main] INFO  grpc.GrpcFactory (GrpcFactory.java:checkPooledByteBufAllocatorUseCacheForAllThreads(48)) - PERFORMANCE WARNING: useCacheForAllThreads is true that may cause Netty to create a lot garbage objects and, as a result, trigger GC.
	It is recommended to disable useCacheForAllThreads by setting -Dorg.apache.ratis.thirdparty.io.netty.allocator.useCacheForAllThreads=false in command line.
2021-05-22 19:11:56,011 [main] INFO  grpc.GrpcConfigKeys (ConfUtils.java:logGet(44)) - raft.grpc.admin.port = -1 (default)
2021-05-22 19:11:56,012 [main] INFO  grpc.GrpcConfigKeys (ConfUtils.java:logGet(44)) - raft.grpc.server.port = 12380 (custom)
2021-05-22 19:11:56,013 [main] INFO  grpc.GrpcConfigKeys (ConfUtils.java:logGet(44)) - raft.grpc.client.port = -1 (default)
2021-05-22 19:11:56,013 [main] INFO  grpc.GrpcConfigKeys (ConfUtils.java:logGet(44)) - raft.grpc.server.port = 12380 (custom)
2021-05-22 19:11:56,014 [main] INFO  grpc.GrpcConfigKeys (ConfUtils.java:logGet(44)) - raft.grpc.server.port = 12380 (custom)
2021-05-22 19:11:56,015 [main] INFO  server.GrpcService (ConfUtils.java:logGet(44)) - raft.grpc.message.size.max = 32m (=33554432) (custom)
2021-05-22 19:11:56,017 [main] INFO  server.RaftServerConfigKeys (ConfUtils.java:logGet(44)) - raft.server.log.appender.buffer.byte-limit = 33554432 (custom)
2021-05-22 19:11:56,018 [main] INFO  server.GrpcService (ConfUtils.java:logGet(44)) - raft.grpc.flow.control.window = 1MB (=1048576) (default)
2021-05-22 19:11:56,019 [main] INFO  server.RaftServerConfigKeys (ConfUtils.java:logGet(44)) - raft.server.rpc.request.timeout = 3000ms (default)
2021-05-22 19:11:56,313 [main] INFO  impl.DataStreamServerImpl (ConfUtils.java:logGet(44)) - raft.datastream.type = DISABLED (default)
2021-05-22 19:11:56,316 [main] INFO  server.RaftServerConfigKeys (ConfUtils.java:logGet(44)) - raft.server.rpc.slowness.timeout = 120000ms (custom)
2021-05-22 19:11:56,317 [main] INFO  server.RaftServerConfigKeys (ConfUtils.java:logGet(44)) - raft.server.leaderelection.leader.step-down.wait-time = 10s (default)
2021-05-22 19:11:56,330 [main] INFO  server.RaftServerConfigKeys (ConfUtils.java:logGet(44)) - raft.server.storage.dir = [/github/workspace/mnt/ozone/hadoop-ozone/integration-test/target/test-dir/MiniOzoneClusterImpl-5713c1a7-fb90-4566-9593-6537b218274a/scmNode-1/scm-ha] (custom)
2021-05-22 19:11:56,340 [main] INFO  server.RaftServer (RaftServerProxy.java:addNew(95)) - b5b91537-3281-48b1-9597-8f2f653ada85: addNew group-6537B218274A:[b5b91537-3281-48b1-9597-8f2f653ada85|rpc:localhost:12380|priority:0] returns group-6537B218274A:java.util.concurrent.CompletableFuture@241a0c3a[Not completed]
2021-05-22 19:11:56,365 [pool-1-thread-1] INFO  server.RaftServer$Division (RaftServerImpl.java:<init>(180)) - b5b91537-3281-48b1-9597-8f2f653ada85: new RaftServerImpl for group-6537B218274A:[b5b91537-3281-48b1-9597-8f2f653ada85|rpc:localhost:12380|priority:0] with SCMStateMachine:uninitialized
2021-05-22 19:11:56,367 [pool-1-thread-1] INFO  server.RaftServerConfigKeys (ConfUtils.java:logGet(44)) - raft.server.rpc.timeout.min = 5000ms (custom)
2021-05-22 19:11:56,367 [pool-1-thread-1] INFO  server.RaftServerConfigKeys (ConfUtils.java:logGet(44)) - raft.server.rpc.timeout.max = 5200ms (custom)
2021-05-22 19:11:56,367 [pool-1-thread-1] INFO  server.RaftServerConfigKeys (ConfUtils.java:logGet(44)) - raft.server.rpc.sleep.time = 25ms (default)
2021-05-22 19:11:56,368 [pool-1-thread-1] INFO  server.RaftServerConfigKeys (ConfUtils.java:logGet(44)) - raft.server.rpc.slowness.timeout = 120000ms (custom)
2021-05-22 19:11:56,368 [pool-1-thread-1] INFO  server.RaftServerConfigKeys (ConfUtils.java:logGet(44)) - raft.server.leaderelection.leader.step-down.wait-time = 10s (default)
2021-05-22 19:11:56,368 [pool-1-thread-1] INFO  server.RaftServerConfigKeys (ConfUtils.java:logGet(44)) - raft.server.sleep.deviation.threshold = 300ms (default)
2021-05-22 19:11:56,369 [pool-1-thread-1] INFO  server.RaftServerConfigKeys (ConfUtils.java:logGet(44)) - raft.server.log.appender.install.snapshot.enabled = false (custom)
2021-05-22 19:11:56,376 [pool-1-thread-1] INFO  server.RaftServer$Division (ServerState.java:<init>(105)) - b5b91537-3281-48b1-9597-8f2f653ada85@group-6537B218274A: ConfigurationManager, init=-1: [b5b91537-3281-48b1-9597-8f2f653ada85|rpc:localhost:12380|priority:0], old=null, confs=<EMPTY_MAP>
2021-05-22 19:11:56,376 [pool-1-thread-1] INFO  server.RaftServerConfigKeys (ConfUtils.java:logGet(44)) - raft.server.storage.dir = [/github/workspace/mnt/ozone/hadoop-ozone/integration-test/target/test-dir/MiniOzoneClusterImpl-5713c1a7-fb90-4566-9593-6537b218274a/scmNode-1/scm-ha] (custom)
2021-05-22 19:11:56,386 [pool-1-thread-1] INFO  server.RaftServerConfigKeys (ConfUtils.java:logGet(44)) - raft.server.log.corruption.policy = EXCEPTION (default)
2021-05-22 19:11:56,391 [pool-1-thread-1] INFO  storage.RaftStorageDirectory (RaftStorageDirectoryImpl.java:analyzeStorage(132)) - The storage directory /github/workspace/mnt/ozone/hadoop-ozone/integration-test/target/test-dir/MiniOzoneClusterImpl-5713c1a7-fb90-4566-9593-6537b218274a/scmNode-1/scm-ha/5713c1a7-fb90-4566-9593-6537b218274a does not exist. Creating ...
2021-05-22 19:11:56,399 [pool-1-thread-1] INFO  storage.RaftStorageDirectory (RaftStorageDirectoryImpl.java:tryLock(215)) - Lock on /github/workspace/mnt/ozone/hadoop-ozone/integration-test/target/test-dir/MiniOzoneClusterImpl-5713c1a7-fb90-4566-9593-6537b218274a/scmNode-1/scm-ha/5713c1a7-fb90-4566-9593-6537b218274a/in_use.lock acquired by nodename 10976@a9243b6273c1
2021-05-22 19:11:56,409 [pool-1-thread-1] INFO  storage.RaftStorage (RaftStorageImpl.java:format(87)) - Storage directory /github/workspace/mnt/ozone/hadoop-ozone/integration-test/target/test-dir/MiniOzoneClusterImpl-5713c1a7-fb90-4566-9593-6537b218274a/scmNode-1/scm-ha/5713c1a7-fb90-4566-9593-6537b218274a has been successfully formatted.
2021-05-22 19:11:56,413 [pool-1-thread-1] INFO  server.RaftServerConfigKeys (ConfUtils.java:logGet(44)) - raft.server.notification.no-leader.timeout = 60s (default)
2021-05-22 19:11:56,415 [pool-1-thread-1] INFO  server.RaftServerConfigKeys (ConfUtils.java:logGet(44)) - raft.server.log.use.memory = false (default)
2021-05-22 19:11:56,425 [pool-1-thread-1] INFO  server.RaftServerConfigKeys (ConfUtils.java:logGet(44)) - raft.server.log.purge.gap = 5 (custom)
2021-05-22 19:11:56,426 [pool-1-thread-1] INFO  server.RaftServerConfigKeys (ConfUtils.java:logGet(44)) - raft.server.log.appender.buffer.byte-limit = 33554432 (custom)
2021-05-22 19:11:56,435 [pool-1-thread-1] INFO  metrics.MetricRegistries (MetricRegistriesLoader.java:load(64)) - Loaded MetricRegistries class org.apache.ratis.metrics.impl.MetricRegistriesImpl
2021-05-22 19:11:56,436 [pool-1-thread-1] INFO  metrics.RatisMetrics (RatisMetrics.java:lambda$create$0(36)) - Creating Metrics Registry : ratis.log_worker.b5b91537-3281-48b1-9597-8f2f653ada85@group-6537B218274A
2021-05-22 19:11:56,437 [pool-1-thread-1] WARN  impl.MetricRegistriesImpl (MetricRegistriesImpl.java:lambda$create$1(65)) - First MetricRegistry has been created without registering reporters. You may need to call MetricRegistries.global().addReporterRegistration(...) before.
2021-05-22 19:11:56,440 [pool-1-thread-1] INFO  server.RaftServerConfigKeys (ConfUtils.java:logGet(44)) - raft.server.log.segment.size.max = 16384 (custom)
2021-05-22 19:11:56,446 [pool-1-thread-1] INFO  server.RaftServerConfigKeys (ConfUtils.java:logGet(44)) - raft.server.log.segment.cache.num.max = 2 (custom)
2021-05-22 19:11:56,447 [pool-1-thread-1] INFO  server.RaftServerConfigKeys (ConfUtils.java:logGet(44)) - raft.server.log.segment.cache.size.max = 200MB (=209715200) (default)
2021-05-22 19:11:56,455 [pool-1-thread-1] INFO  segmented.SegmentedRaftLogWorker (SegmentedRaftLogWorker.java:<init>(182)) - new b5b91537-3281-48b1-9597-8f2f653ada85@group-6537B218274A-SegmentedRaftLogWorker for RaftStorageImpl:Storage Directory /github/workspace/mnt/ozone/hadoop-ozone/integration-test/target/test-dir/MiniOzoneClusterImpl-5713c1a7-fb90-4566-9593-6537b218274a/scmNode-1/scm-ha/5713c1a7-fb90-4566-9593-6537b218274a
2021-05-22 19:11:56,455 [pool-1-thread-1] INFO  server.RaftServerConfigKeys (ConfUtils.java:logGet(44)) - raft.server.log.queue.byte-limit = 64MB (=67108864) (default)
2021-05-22 19:11:56,456 [pool-1-thread-1] INFO  server.RaftServerConfigKeys (ConfUtils.java:logGet(44)) - raft.server.log.queue.element-limit = 4096 (default)
2021-05-22 19:11:56,457 [pool-1-thread-1] INFO  server.RaftServerConfigKeys (ConfUtils.java:logGet(44)) - raft.server.log.segment.size.max = 16384 (custom)
2021-05-22 19:11:56,458 [pool-1-thread-1] INFO  server.RaftServerConfigKeys (ConfUtils.java:logGet(44)) - raft.server.log.preallocated.size = 16384 (custom)
2021-05-22 19:11:56,458 [pool-1-thread-1] INFO  server.RaftServerConfigKeys (ConfUtils.java:logGet(44)) - raft.server.log.force.sync.num = 128 (default)
2021-05-22 19:11:56,460 [pool-1-thread-1] INFO  server.RaftServerConfigKeys (ConfUtils.java:logGet(44)) - raft.server.log.statemachine.data.sync = true (default)
2021-05-22 19:11:56,461 [pool-1-thread-1] INFO  server.RaftServerConfigKeys (ConfUtils.java:logGet(44)) - raft.server.log.statemachine.data.sync.timeout = 10s (default)
2021-05-22 19:11:56,461 [pool-1-thread-1] INFO  server.RaftServerConfigKeys (ConfUtils.java:logGet(44)) - raft.server.log.statemachine.data.sync.timeout.retry = -1 (default)
2021-05-22 19:11:56,472 [pool-1-thread-1] INFO  server.RaftServerConfigKeys (ConfUtils.java:logGet(44)) - raft.server.log.write.buffer.size = 64KB (=65536) (default)
2021-05-22 19:11:56,473 [pool-1-thread-1] INFO  server.RaftServerConfigKeys (ConfUtils.java:logGet(44)) - raft.server.log.statemachine.data.caching.enabled = false (default)
2021-05-22 19:11:56,481 [pool-1-thread-1] INFO  segmented.SegmentedRaftLogWorker (SegmentedRaftLogWorker.java:lambda$new$0(133)) - b5b91537-3281-48b1-9597-8f2f653ada85@group-6537B218274A-SegmentedRaftLogWorker: flushIndex: setUnconditionally 0 -> -1
2021-05-22 19:11:56,481 [pool-1-thread-1] INFO  segmented.SegmentedRaftLogWorker (SegmentedRaftLogWorker.java:lambda$new$0(133)) - b5b91537-3281-48b1-9597-8f2f653ada85@group-6537B218274A-SegmentedRaftLogWorker: safeCacheEvictIndex: setUnconditionally 0 -> -1
2021-05-22 19:11:56,491 [pool-1-thread-1] INFO  server.RaftServerConfigKeys (ConfUtils.java:logGet(44)) - raft.server.snapshot.auto.trigger.enabled = true (custom)
2021-05-22 19:11:56,492 [pool-1-thread-1] INFO  server.RaftServerConfigKeys (ConfUtils.java:logGet(44)) - raft.server.snapshot.auto.trigger.threshold = 5 (custom)
2021-05-22 19:11:56,492 [pool-1-thread-1] INFO  server.RaftServerConfigKeys (ConfUtils.java:logGet(44)) - raft.server.snapshot.retention.file.num = -1 (default)
2021-05-22 19:11:56,493 [pool-1-thread-1] INFO  server.RaftServerConfigKeys (ConfUtils.java:logGet(44)) - raft.server.log.purge.upto.snapshot.index = true (custom)
2021-05-22 19:11:56,495 [pool-1-thread-1] INFO  server.RaftServerConfigKeys (ConfUtils.java:logGet(44)) - raft.server.retrycache.expirytime = 60000ms (default)
2021-05-22 19:11:56,495 [pool-1-thread-1] INFO  server.RaftServerConfigKeys (ConfUtils.java:logGet(44)) - raft.server.retrycache.statistics.expirytime = 100?s (default)
2021-05-22 19:11:56,519 [pool-1-thread-1] INFO  metrics.RatisMetrics (RatisMetrics.java:lambda$create$0(36)) - Creating Metrics Registry : ratis.leader_election.b5b91537-3281-48b1-9597-8f2f653ada85@group-6537B218274A
2021-05-22 19:11:56,519 [pool-1-thread-1] WARN  impl.MetricRegistriesImpl (MetricRegistriesImpl.java:lambda$create$1(65)) - First MetricRegistry has been created without registering reporters. You may need to call MetricRegistries.global().addReporterRegistration(...) before.
2021-05-22 19:11:56,523 [pool-1-thread-1] INFO  metrics.RatisMetrics (RatisMetrics.java:lambda$create$0(36)) - Creating Metrics Registry : ratis.server.b5b91537-3281-48b1-9597-8f2f653ada85@group-6537B218274A
2021-05-22 19:11:56,523 [pool-1-thread-1] WARN  impl.MetricRegistriesImpl (MetricRegistriesImpl.java:lambda$create$1(65)) - First MetricRegistry has been created without registering reporters. You may need to call MetricRegistries.global().addReporterRegistration(...) before.
2021-05-22 19:11:56,531 [main] INFO  server.RaftServer$Division (RaftServerImpl.java:start(295)) - b5b91537-3281-48b1-9597-8f2f653ada85@group-6537B218274A: start as a follower, conf=-1: [b5b91537-3281-48b1-9597-8f2f653ada85|rpc:localhost:12380|priority:0], old=null
2021-05-22 19:11:56,533 [main] INFO  server.RaftServer$Division (RaftServerImpl.java:setRole(284)) - b5b91537-3281-48b1-9597-8f2f653ada85@group-6537B218274A: changes role from      null to FOLLOWER at term 0 for startAsFollower
2021-05-22 19:11:56,535 [main] INFO  impl.RoleInfo (RoleInfo.java:updateAndGet(130)) - b5b91537-3281-48b1-9597-8f2f653ada85: start b5b91537-3281-48b1-9597-8f2f653ada85@group-6537B218274A-FollowerState
2021-05-22 19:11:56,582 [main] INFO  util.JmxRegister (JmxRegister.java:tryRegister(44)) - Successfully registered JMX Bean with object name Ratis:service=RaftServer,group=group-6537B218274A,id=b5b91537-3281-48b1-9597-8f2f653ada85
2021-05-22 19:11:56,584 [main] INFO  metrics.RatisMetrics (RatisMetrics.java:lambda$create$0(36)) - Creating Metrics Registry : ratis.state_machine.b5b91537-3281-48b1-9597-8f2f653ada85@group-6537B218274A
2021-05-22 19:11:56,585 [main] WARN  impl.MetricRegistriesImpl (MetricRegistriesImpl.java:lambda$create$1(65)) - First MetricRegistry has been created without registering reporters. You may need to call MetricRegistries.global().addReporterRegistration(...) before.
2021-05-22 19:11:56,587 [main] INFO  server.RaftServer (RaftServerProxy.java:lambda$start$5(374)) - b5b91537-3281-48b1-9597-8f2f653ada85: start RPC server
2021-05-22 19:11:56,634 [main] INFO  server.GrpcService (GrpcService.java:startImpl(253)) - b5b91537-3281-48b1-9597-8f2f653ada85: GrpcService started, listening on 12380
2021-05-22 19:11:56,636 [org.apache.ratis.util.JvmPauseMonitor$$Lambda$484/882706486@6a714237] INFO  util.JvmPauseMonitor (JvmPauseMonitor.java:run(103)) - JvmPauseMonitor-b5b91537-3281-48b1-9597-8f2f653ada85: Started
2021-05-22 19:12:01,656 [b5b91537-3281-48b1-9597-8f2f653ada85@group-6537B218274A-FollowerState] INFO  impl.FollowerState (FollowerState.java:run(134)) - b5b91537-3281-48b1-9597-8f2f653ada85@group-6537B218274A-FollowerState: change to CANDIDATE, lastRpcElapsedTime:5121449669ns, electionTimeout:5118ms
2021-05-22 19:12:01,657 [b5b91537-3281-48b1-9597-8f2f653ada85@group-6537B218274A-FollowerState] INFO  impl.RoleInfo (RoleInfo.java:shutdownFollowerState(108)) - b5b91537-3281-48b1-9597-8f2f653ada85: shutdown b5b91537-3281-48b1-9597-8f2f653ada85@group-6537B218274A-FollowerState
2021-05-22 19:12:01,657 [b5b91537-3281-48b1-9597-8f2f653ada85@group-6537B218274A-FollowerState] INFO  server.RaftServer$Division (RaftServerImpl.java:setRole(284)) - b5b91537-3281-48b1-9597-8f2f653ada85@group-6537B218274A: changes role from  FOLLOWER to CANDIDATE at term 0 for changeToCandidate
2021-05-22 19:12:01,660 [b5b91537-3281-48b1-9597-8f2f653ada85@group-6537B218274A-FollowerState] INFO  server.RaftServerConfigKeys (ConfUtils.java:logGet(44)) - raft.server.leaderelection.pre-vote = false (custom)
2021-05-22 19:12:01,660 [b5b91537-3281-48b1-9597-8f2f653ada85@group-6537B218274A-FollowerState] INFO  impl.RoleInfo (RoleInfo.java:updateAndGet(130)) - b5b91537-3281-48b1-9597-8f2f653ada85: start b5b91537-3281-48b1-9597-8f2f653ada85@group-6537B218274A-LeaderElection1
2021-05-22 19:12:01,668 [b5b91537-3281-48b1-9597-8f2f653ada85@group-6537B218274A-LeaderElection1] INFO  impl.LeaderElection (LeaderElection.java:askForVotes(306)) - b5b91537-3281-48b1-9597-8f2f653ada85@group-6537B218274A-LeaderElection1 ELECTION round 0: submit vote requests at term 1 for -1: [b5b91537-3281-48b1-9597-8f2f653ada85|rpc:localhost:12380|priority:0], old=null
2021-05-22 19:12:01,669 [b5b91537-3281-48b1-9597-8f2f653ada85@group-6537B218274A-LeaderElection1] INFO  impl.LeaderElection (LeaderElection.java:askForVotes(308)) - b5b91537-3281-48b1-9597-8f2f653ada85@group-6537B218274A-LeaderElection1 ELECTION round 0: result PASSED (term=1)
2021-05-22 19:12:01,670 [b5b91537-3281-48b1-9597-8f2f653ada85@group-6537B218274A-LeaderElection1] INFO  impl.RoleInfo (RoleInfo.java:shutdownLeaderElection(121)) - b5b91537-3281-48b1-9597-8f2f653ada85: shutdown b5b91537-3281-48b1-9597-8f2f653ada85@group-6537B218274A-LeaderElection1
2021-05-22 19:12:01,671 [b5b91537-3281-48b1-9597-8f2f653ada85@group-6537B218274A-LeaderElection1] INFO  server.RaftServer$Division (RaftServerImpl.java:setRole(284)) - b5b91537-3281-48b1-9597-8f2f653ada85@group-6537B218274A: changes role from CANDIDATE to LEADER at term 1 for changeToLeader
2021-05-22 19:12:01,671 [b5b91537-3281-48b1-9597-8f2f653ada85@group-6537B218274A-LeaderElection1] INFO  server.RaftServer$Division (ServerState.java:setLeader(271)) - b5b91537-3281-48b1-9597-8f2f653ada85@group-6537B218274A: change Leader from null to b5b91537-3281-48b1-9597-8f2f653ada85 at term 1 for becomeLeader, leader elected after 5258ms
2021-05-22 19:12:01,678 [b5b91537-3281-48b1-9597-8f2f653ada85@group-6537B218274A-LeaderElection1] INFO  server.RaftServerConfigKeys (ConfUtils.java:logGet(44)) - raft.server.staging.catchup.gap = 1000 (default)
2021-05-22 19:12:01,681 [b5b91537-3281-48b1-9597-8f2f653ada85@group-6537B218274A-LeaderElection1] INFO  metrics.RatisMetrics (RatisMetrics.java:lambda$create$0(36)) - Creating Metrics Registry : ratis.log_appender.b5b91537-3281-48b1-9597-8f2f653ada85@group-6537B218274A
2021-05-22 19:12:01,681 [b5b91537-3281-48b1-9597-8f2f653ada85@group-6537B218274A-LeaderElection1] WARN  impl.MetricRegistriesImpl (MetricRegistriesImpl.java:lambda$create$1(65)) - First MetricRegistry has been created without registering reporters. You may need to call MetricRegistries.global().addReporterRegistration(...) before.
2021-05-22 19:12:01,684 [b5b91537-3281-48b1-9597-8f2f653ada85@group-6537B218274A-LeaderElection1] INFO  server.RaftServerConfigKeys (ConfUtils.java:logGet(44)) - raft.server.write.element-limit = 4096 (default)
2021-05-22 19:12:01,684 [b5b91537-3281-48b1-9597-8f2f653ada85@group-6537B218274A-LeaderElection1] INFO  server.RaftServerConfigKeys (ConfUtils.java:logGet(44)) - raft.server.write.byte-limit = 64MB (=67108864) (default)
2021-05-22 19:12:01,692 [b5b91537-3281-48b1-9597-8f2f653ada85@group-6537B218274A-LeaderElection1] INFO  server.RaftServerConfigKeys (ConfUtils.java:logGet(44)) - raft.server.watch.timeout = 10s (default)
2021-05-22 19:12:01,692 [b5b91537-3281-48b1-9597-8f2f653ada85@group-6537B218274A-LeaderElection1] INFO  server.RaftServerConfigKeys (ConfUtils.java:logGet(44)) - raft.server.watch.timeout.denomination = 1s (default)
2021-05-22 19:12:01,693 [b5b91537-3281-48b1-9597-8f2f653ada85@group-6537B218274A-LeaderElection1] INFO  server.RaftServerConfigKeys (ConfUtils.java:logGet(44)) - raft.server.watch.element-limit = 65536 (default)
2021-05-22 19:12:01,701 [b5b91537-3281-48b1-9597-8f2f653ada85@group-6537B218274A-LeaderElection1] INFO  impl.RoleInfo (RoleInfo.java:updateAndGet(130)) - b5b91537-3281-48b1-9597-8f2f653ada85: start b5b91537-3281-48b1-9597-8f2f653ada85@group-6537B218274A-LeaderStateImpl
2021-05-22 19:12:01,726 [b5b91537-3281-48b1-9597-8f2f653ada85@group-6537B218274A-LeaderElection1] INFO  segmented.SegmentedRaftLogWorker (SegmentedRaftLogWorker.java:startLogSegment(394)) - b5b91537-3281-48b1-9597-8f2f653ada85@group-6537B218274A-SegmentedRaftLogWorker: Starting segment from index:0
2021-05-22 19:12:01,761 [b5b91537-3281-48b1-9597-8f2f653ada85@group-6537B218274A-LeaderElection1] INFO  server.RaftServer$Division (ServerState.java:setRaftConf(373)) - b5b91537-3281-48b1-9597-8f2f653ada85@group-6537B218274A: set configuration 0: [b5b91537-3281-48b1-9597-8f2f653ada85|rpc:localhost:12380|admin:|client:|dataStream:|priority:0], old=null
2021-05-22 19:12:01,826 [b5b91537-3281-48b1-9597-8f2f653ada85@group-6537B218274A-SegmentedRaftLogWorker] INFO  segmented.SegmentedRaftLogWorker (SegmentedRaftLogWorker.java:execute(601)) - b5b91537-3281-48b1-9597-8f2f653ada85@group-6537B218274A-SegmentedRaftLogWorker: created new log segment /github/workspace/mnt/ozone/hadoop-ozone/integration-test/target/test-dir/MiniOzoneClusterImpl-5713c1a7-fb90-4566-9593-6537b218274a/scmNode-1/scm-ha/5713c1a7-fb90-4566-9593-6537b218274a/current/log_inprogress_0
2021-05-22 19:12:02,640 [main] INFO  server.RaftServer (RaftServerProxy.java:lambda$close$6(391)) - b5b91537-3281-48b1-9597-8f2f653ada85: close
2021-05-22 19:12:02,641 [main] INFO  server.RaftServer$Division (RaftServerImpl.java:lambda$close$4(406)) - b5b91537-3281-48b1-9597-8f2f653ada85@group-6537B218274A: shutdown
2021-05-22 19:12:02,642 [main] INFO  util.JmxRegister (JmxRegister.java:unregister(73)) - Successfully un-registered JMX Bean with object name Ratis:service=RaftServer,group=group-6537B218274A,id=b5b91537-3281-48b1-9597-8f2f653ada85
2021-05-22 19:12:02,642 [main] INFO  impl.RoleInfo (RoleInfo.java:shutdownLeaderState(91)) - b5b91537-3281-48b1-9597-8f2f653ada85: shutdown b5b91537-3281-48b1-9597-8f2f653ada85@group-6537B218274A-LeaderStateImpl
2021-05-22 19:12:02,651 [main] INFO  impl.PendingRequests (PendingRequests.java:sendNotLeaderResponses(249)) - b5b91537-3281-48b1-9597-8f2f653ada85@group-6537B218274A-PendingRequests: sendNotLeaderResponses
2021-05-22 19:12:02,652 [main] INFO  metrics.RatisMetrics (RatisMetrics.java:unregister(43)) - Unregistering Metrics Registry : ratis.log_appender.b5b91537-3281-48b1-9597-8f2f653ada85@group-6537B218274A
2021-05-22 19:12:02,653 [main] INFO  metrics.RatisMetrics (RatisMetrics.java:unregister(43)) - Unregistering Metrics Registry : ratis.server.b5b91537-3281-48b1-9597-8f2f653ada85@group-6537B218274A
2021-05-22 19:12:02,654 [b5b91537-3281-48b1-9597-8f2f653ada85@group-6537B218274A-StateMachineUpdater] INFO  impl.StateMachineUpdater (StateMachineUpdater.java:takeSnapshot(281)) - b5b91537-3281-48b1-9597-8f2f653ada85@group-6537B218274A-StateMachineUpdater: Took a snapshot at index 0
2021-05-22 19:12:02,654 [b5b91537-3281-48b1-9597-8f2f653ada85@group-6537B218274A-StateMachineUpdater] INFO  impl.StateMachineUpdater (StateMachineUpdater.java:lambda$new$0(89)) - b5b91537-3281-48b1-9597-8f2f653ada85@group-6537B218274A-StateMachineUpdater: snapshotIndex: updateIncreasingly -1 -> 0
2021-05-22 19:12:02,654 [b5b91537-3281-48b1-9597-8f2f653ada85@group-6537B218274A-StateMachineUpdater] INFO  metrics.RatisMetrics (RatisMetrics.java:unregister(43)) - Unregistering Metrics Registry : ratis.state_machine.b5b91537-3281-48b1-9597-8f2f653ada85@group-6537B218274A
2021-05-22 19:12:02,655 [main] INFO  impl.StateMachineUpdater (StateMachineUpdater.java:stopAndJoin(149)) - b5b91537-3281-48b1-9597-8f2f653ada85@group-6537B218274A-StateMachineUpdater: set stopIndex = 0
2021-05-22 19:12:02,656 [main] INFO  server.RaftServer$Division (ServerState.java:close(405)) - b5b91537-3281-48b1-9597-8f2f653ada85@group-6537B218274A: closes. applyIndex: 0
2021-05-22 19:12:02,658 [b5b91537-3281-48b1-9597-8f2f653ada85@group-6537B218274A-SegmentedRaftLogWorker] INFO  segmented.SegmentedRaftLogWorker (SegmentedRaftLogWorker.java:run(327)) - b5b91537-3281-48b1-9597-8f2f653ada85@group-6537B218274A-SegmentedRaftLogWorker was interrupted, exiting. There are 0 tasks remaining in the queue.
2021-05-22 19:12:02,659 [main] INFO  segmented.SegmentedRaftLogWorker (SegmentedRaftLogWorker.java:close(237)) - b5b91537-3281-48b1-9597-8f2f653ada85@group-6537B218274A-SegmentedRaftLogWorker close()
2021-05-22 19:12:02,660 [main] INFO  metrics.RatisMetrics (RatisMetrics.java:unregister(43)) - Unregistering Metrics Registry : ratis.log_worker.b5b91537-3281-48b1-9597-8f2f653ada85@group-6537B218274A
2021-05-22 19:12:02,660 [main] INFO  metrics.RatisMetrics (RatisMetrics.java:unregister(43)) - Unregistering Metrics Registry : ratis.leader_election.b5b91537-3281-48b1-9597-8f2f653ada85@group-6537B218274A
2021-05-22 19:12:02,660 [main] INFO  metrics.RatisMetrics (RatisMetrics.java:unregister(43)) - Unregistering Metrics Registry : ratis.server.b5b91537-3281-48b1-9597-8f2f653ada85@group-6537B218274A
2021-05-22 19:12:02,661 [main] INFO  server.GrpcService (GrpcService.java:closeImpl(262)) - b5b91537-3281-48b1-9597-8f2f653ada85: shutdown server with port 12380 now
2021-05-22 19:12:02,667 [main] INFO  server.GrpcService (GrpcService.java:closeImpl(271)) - b5b91537-3281-48b1-9597-8f2f653ada85: shutdown server with port 12380 successfully
2021-05-22 19:12:02,668 [org.apache.ratis.util.JvmPauseMonitor$$Lambda$484/882706486@6a714237] INFO  util.JvmPauseMonitor (JvmPauseMonitor.java:run(109)) - JvmPauseMonitor-b5b91537-3281-48b1-9597-8f2f653ada85: Stopped
2021-05-22 19:12:02,668 [main] WARN  server.ServerUtils (ServerUtils.java:getScmDbDir(148)) - ozone.scm.db.dirs is not configured. We recommend adding this setting. Falling back to ozone.metadata.dirs instead.
2021-05-22 19:12:02,677 [main] INFO  server.StorageContainerManager (StorageContainerManager.java:scmInit(979)) - SCM initialization succeeded. Current cluster id for sd=/github/workspace/mnt/ozone/hadoop-ozone/integration-test/target/test-dir/MiniOzoneClusterImpl-5713c1a7-fb90-4566-9593-6537b218274a/scmNode-1/scm; cid=5713c1a7-fb90-4566-9593-6537b218274a; layoutVersion=0; scmId=b5b91537-3281-48b1-9597-8f2f653ada85
2021-05-22 19:12:02,687 [main] INFO  ha.SCMHANodeDetails (SCMHANodeDetails.java:loadSCMHAConfig(149)) - ServiceID for StorageContainerManager is scm-service-test1
2021-05-22 19:12:02,688 [main] INFO  ha.SCMHANodeDetails (SCMHANodeDetails.java:loadSCMHAConfig(160)) - ServiceID for StorageContainerManager is scm-service-test1
2021-05-22 19:12:02,688 [main] WARN  scm.ScmUtils (ScmUtils.java:logWarn(179)) - ConfigKey ozone.scm.block.client.address is deprecated, For configuring different ports for each SCM use PortConfigKey ozone.scm.block.client.port appended with serviceId and nodeId. If want to configure same port configure ozone.scm.block.client.port
2021-05-22 19:12:02,689 [main] WARN  scm.ScmUtils (ScmUtils.java:logWarn(179)) - ConfigKey ozone.scm.client.address is deprecated, For configuring different ports for each SCM use PortConfigKey ozone.scm.client.port appended with serviceId and nodeId. If want to configure same port configure ozone.scm.client.port
2021-05-22 19:12:02,689 [main] WARN  scm.ScmUtils (ScmUtils.java:logWarn(179)) - ConfigKey ozone.scm.datanode.address is deprecated, For configuring different ports for each SCM use PortConfigKey ozone.scm.datanode.port appended with serviceId and nodeId. If want to configure same port configure ozone.scm.datanode.port
2021-05-22 19:12:02,689 [main] WARN  scm.ScmUtils (ScmUtils.java:logWarn(179)) - ConfigKey ozone.scm.block.client.address is deprecated, For configuring different ports for each SCM use PortConfigKey ozone.scm.block.client.port appended with serviceId and nodeId. If want to configure same port configure ozone.scm.block.client.port
2021-05-22 19:12:02,690 [main] WARN  scm.ScmUtils (ScmUtils.java:logWarn(179)) - ConfigKey ozone.scm.client.address is deprecated, For configuring different ports for each SCM use PortConfigKey ozone.scm.client.port appended with serviceId and nodeId. If want to configure same port configure ozone.scm.client.port
2021-05-22 19:12:02,690 [main] WARN  scm.ScmUtils (ScmUtils.java:logWarn(179)) - ConfigKey ozone.scm.datanode.address is deprecated, For configuring different ports for each SCM use PortConfigKey ozone.scm.datanode.port appended with serviceId and nodeId. If want to configure same port configure ozone.scm.datanode.port
2021-05-22 19:12:02,690 [main] INFO  ha.SCMHANodeDetails (SCMHANodeDetails.java:loadSCMHAConfig(242)) - Found matching SCM address with SCMServiceId: scm-service-test1, SCMNodeId: scmNode-1, RPC Address: localhost:12380 and Ratis port: 12380
2021-05-22 19:12:02,691 [main] INFO  ha.SCMHANodeDetails (ConfUtils.java:setNodeSpecificConfigs(105)) - Setting configuration key ozone.scm.datanode.address with value of key ozone.scm.datanode.address.scm-service-test1.scmNode-1: 127.0.0.1:12381
2021-05-22 19:12:02,691 [main] INFO  ha.SCMHANodeDetails (ConfUtils.java:setNodeSpecificConfigs(105)) - Setting configuration key ozone.scm.block.client.address with value of key ozone.scm.block.client.address.scm-service-test1.scmNode-1: 127.0.0.1:12382
2021-05-22 19:12:02,691 [main] INFO  ha.SCMHANodeDetails (ConfUtils.java:setNodeSpecificConfigs(105)) - Setting configuration key ozone.scm.client.address with value of key ozone.scm.client.address.scm-service-test1.scmNode-1: 127.0.0.1:12383
2021-05-22 19:12:02,691 [main] INFO  ha.SCMHANodeDetails (ConfUtils.java:setNodeSpecificConfigs(105)) - Setting configuration key ozone.scm.ratis.port with value of key ozone.scm.ratis.port.scm-service-test1.scmNode-1: 12380
2021-05-22 19:12:02,692 [main] INFO  ha.SCMHANodeDetails (ConfUtils.java:setNodeSpecificConfigs(105)) - Setting configuration key ozone.scm.grpc.port with value of key ozone.scm.grpc.port.scm-service-test1.scmNode-1: 12384
2021-05-22 19:12:02,692 [main] INFO  ha.SCMHANodeDetails (ConfUtils.java:setNodeSpecificConfigs(105)) - Setting configuration key ozone.scm.http-address with value of key ozone.scm.http-address.scm-service-test1.scmNode-1: 127.0.0.1:12378
2021-05-22 19:12:02,692 [main] INFO  ha.SCMHANodeDetails (ConfUtils.java:setNodeSpecificConfigs(105)) - Setting configuration key ozone.scm.https-address with value of key ozone.scm.https-address.scm-service-test1.scmNode-1: 127.0.0.1:12379
2021-05-22 19:12:02,693 [main] INFO  ha.SCMHANodeDetails (ConfUtils.java:setNodeSpecificConfigs(105)) - Setting configuration key ozone.scm.address with value of key ozone.scm.address.scm-service-test1.scmNode-1: 127.0.0.1
2021-05-22 19:12:02,693 [main] WARN  scm.ScmUtils (ScmUtils.java:logWarn(179)) - ConfigKey ozone.scm.block.client.address is deprecated, For configuring different ports for each SCM use PortConfigKey ozone.scm.block.client.port appended with serviceId and nodeId. If want to configure same port configure ozone.scm.block.client.port
2021-05-22 19:12:02,693 [main] WARN  scm.ScmUtils (ScmUtils.java:logWarn(179)) - ConfigKey ozone.scm.client.address is deprecated, For configuring different ports for each SCM use PortConfigKey ozone.scm.client.port appended with serviceId and nodeId. If want to configure same port configure ozone.scm.client.port
2021-05-22 19:12:02,694 [main] WARN  scm.ScmUtils (ScmUtils.java:logWarn(179)) - ConfigKey ozone.scm.datanode.address is deprecated, For configuring different ports for each SCM use PortConfigKey ozone.scm.datanode.port appended with serviceId and nodeId. If want to configure same port configure ozone.scm.datanode.port
2021-05-22 19:12:02,730 [main] WARN  server.ServerUtils (ServerUtils.java:getScmDbDir(148)) - ozone.scm.db.dirs is not configured. We recommend adding this setting. Falling back to ozone.metadata.dirs instead.
2021-05-22 19:12:03,276 [main] WARN  utils.HAUtils (HAUtils.java:getMetaDir(342)) - ozone.scm.db.dirs is not configured. We recommend adding this setting. Falling back to ozone.metadata.dirs instead.
2021-05-22 19:12:03,413 [main] WARN  db.DBStoreBuilder (DBStoreBuilder.java:applyDBDefinition(145)) - ozone.scm.db.dirs is not configured. We recommend adding this setting. Falling back to ozone.metadata.dirs instead.
2021-05-22 19:12:03,616 [main] INFO  net.NodeSchemaLoader (NodeSchemaLoader.java:loadSchemaFromFile(129)) - Loading schema from [jar:file:/home/user/.m2/repository/org/apache/hadoop/hadoop-hdds-common/1.2.0-SNAPSHOT/hadoop-hdds-common-1.2.0-SNAPSHOT.jar!/network-topology-default.xml, jar:file:/home/user/.m2/repository/org/apache/hadoop/hadoop-ozone-ozone-manager/1.2.0-SNAPSHOT/hadoop-ozone-ozone-manager-1.2.0-SNAPSHOT-tests.jar!/network-topology-default.xml, jar:file:/home/user/.m2/repository/org/apache/hadoop/hadoop-hdds-server-scm/1.2.0-SNAPSHOT/hadoop-hdds-server-scm-1.2.0-SNAPSHOT-tests.jar!/network-topology-default.xml]
2021-05-22 19:12:03,618 [main] INFO  net.NodeSchemaLoader (NodeSchemaLoader.java:loadSchema(176)) - Loading network topology layer schema file
2021-05-22 19:12:03,676 [main] INFO  ha.SCMRatisServerImpl (SCMRatisServerImpl.java:<init>(86)) - starting Raft server for scm:b5b91537-3281-48b1-9597-8f2f653ada85
2021-05-22 19:12:03,682 [main] INFO  server.RaftServer (ConfUtils.java:logGet(44)) - raft.rpc.type = GRPC (default)
2021-05-22 19:12:03,682 [main] INFO  grpc.GrpcFactory (GrpcFactory.java:checkPooledByteBufAllocatorUseCacheForAllThreads(48)) - PERFORMANCE WARNING: useCacheForAllThreads is true that may cause Netty to create a lot garbage objects and, as a result, trigger GC.
	It is recommended to disable useCacheForAllThreads by setting -Dorg.apache.ratis.thirdparty.io.netty.allocator.useCacheForAllThreads=false in command line.
2021-05-22 19:12:03,683 [main] INFO  grpc.GrpcConfigKeys (ConfUtils.java:logGet(44)) - raft.grpc.admin.port = -1 (default)
2021-05-22 19:12:03,683 [main] INFO  grpc.GrpcConfigKeys (ConfUtils.java:logGet(44)) - raft.grpc.server.port = 12380 (custom)
2021-05-22 19:12:03,683 [main] INFO  grpc.GrpcConfigKeys (ConfUtils.java:logGet(44)) - raft.grpc.client.port = -1 (default)
2021-05-22 19:12:03,684 [main] INFO  grpc.GrpcConfigKeys (ConfUtils.java:logGet(44)) - raft.grpc.server.port = 12380 (custom)
2021-05-22 19:12:03,684 [main] INFO  grpc.GrpcConfigKeys (ConfUtils.java:logGet(44)) - raft.grpc.server.port = 12380 (custom)
2021-05-22 19:12:03,684 [main] INFO  server.GrpcService (ConfUtils.java:logGet(44)) - raft.grpc.message.size.max = 32m (=33554432) (custom)
2021-05-22 19:12:03,685 [main] INFO  server.RaftServerConfigKeys (ConfUtils.java:logGet(44)) - raft.server.log.appender.buffer.byte-limit = 33554432 (custom)
2021-05-22 19:12:03,691 [main] INFO  server.GrpcService (ConfUtils.java:logGet(44)) - raft.grpc.flow.control.window = 1MB (=1048576) (default)
2021-05-22 19:12:03,692 [main] INFO  server.RaftServerConfigKeys (ConfUtils.java:logGet(44)) - raft.server.rpc.request.timeout = 3000ms (default)
2021-05-22 19:12:03,694 [main] INFO  impl.DataStreamServerImpl (ConfUtils.java:logGet(44)) - raft.datastream.type = DISABLED (default)
2021-05-22 19:12:03,695 [main] INFO  server.RaftServerConfigKeys (ConfUtils.java:logGet(44)) - raft.server.rpc.slowness.timeout = 120000ms (custom)
2021-05-22 19:12:03,695 [main] INFO  server.RaftServerConfigKeys (ConfUtils.java:logGet(44)) - raft.server.leaderelection.leader.step-down.wait-time = 10s (default)
2021-05-22 19:12:03,697 [main] INFO  server.RaftServerConfigKeys (ConfUtils.java:logGet(44)) - raft.server.storage.dir = [/github/workspace/mnt/ozone/hadoop-ozone/integration-test/target/test-dir/MiniOzoneClusterImpl-5713c1a7-fb90-4566-9593-6537b218274a/scmNode-1/scm-ha] (custom)
2021-05-22 19:12:03,697 [main] INFO  server.RaftServer (RaftServerProxy.java:lambda$null$1(235)) - b5b91537-3281-48b1-9597-8f2f653ada85: found a subdirectory /github/workspace/mnt/ozone/hadoop-ozone/integration-test/target/test-dir/MiniOzoneClusterImpl-5713c1a7-fb90-4566-9593-6537b218274a/scmNode-1/scm-ha/5713c1a7-fb90-4566-9593-6537b218274a
2021-05-22 19:12:03,699 [main] INFO  server.RaftServer (RaftServerProxy.java:addNew(95)) - b5b91537-3281-48b1-9597-8f2f653ada85: addNew group-6537B218274A:[] returns group-6537B218274A:java.util.concurrent.CompletableFuture@376c7d7d[Not completed]
2021-05-22 19:12:03,703 [pool-15-thread-1] INFO  server.RaftServer$Division (RaftServerImpl.java:<init>(180)) - b5b91537-3281-48b1-9597-8f2f653ada85: new RaftServerImpl for group-6537B218274A:[] with SCMStateMachine:uninitialized
2021-05-22 19:12:03,704 [pool-15-thread-1] INFO  server.RaftServerConfigKeys (ConfUtils.java:logGet(44)) - raft.server.rpc.timeout.min = 5000ms (custom)
2021-05-22 19:12:03,704 [pool-15-thread-1] INFO  server.RaftServerConfigKeys (ConfUtils.java:logGet(44)) - raft.server.rpc.timeout.max = 5200ms (custom)
2021-05-22 19:12:03,704 [pool-15-thread-1] INFO  server.RaftServerConfigKeys (ConfUtils.java:logGet(44)) - raft.server.rpc.sleep.time = 25ms (default)
2021-05-22 19:12:03,704 [pool-15-thread-1] INFO  server.RaftServerConfigKeys (ConfUtils.java:logGet(44)) - raft.server.rpc.slowness.timeout = 120000ms (custom)
2021-05-22 19:12:03,704 [pool-15-thread-1] INFO  server.RaftServerConfigKeys (ConfUtils.java:logGet(44)) - raft.server.leaderelection.leader.step-down.wait-time = 10s (default)
2021-05-22 19:12:03,707 [pool-15-thread-1] INFO  server.RaftServerConfigKeys (ConfUtils.java:logGet(44)) - raft.server.sleep.deviation.threshold = 300ms (default)
2021-05-22 19:12:03,707 [pool-15-thread-1] INFO  server.RaftServerConfigKeys (ConfUtils.java:logGet(44)) - raft.server.log.appender.install.snapshot.enabled = false (custom)
2021-05-22 19:12:03,707 [pool-15-thread-1] INFO  server.RaftServer$Division (ServerState.java:<init>(105)) - b5b91537-3281-48b1-9597-8f2f653ada85@group-6537B218274A: ConfigurationManager, init=-1: [], old=null, confs=<EMPTY_MAP>
2021-05-22 19:12:03,707 [pool-15-thread-1] INFO  server.RaftServerConfigKeys (ConfUtils.java:logGet(44)) - raft.server.storage.dir = [/github/workspace/mnt/ozone/hadoop-ozone/integration-test/target/test-dir/MiniOzoneClusterImpl-5713c1a7-fb90-4566-9593-6537b218274a/scmNode-1/scm-ha] (custom)
2021-05-22 19:12:03,708 [pool-15-thread-1] INFO  server.RaftServerConfigKeys (ConfUtils.java:logGet(44)) - raft.server.log.corruption.policy = EXCEPTION (default)
2021-05-22 19:12:03,710 [pool-15-thread-1] INFO  storage.RaftStorageDirectory (RaftStorageDirectoryImpl.java:tryLock(215)) - Lock on /github/workspace/mnt/ozone/hadoop-ozone/integration-test/target/test-dir/MiniOzoneClusterImpl-5713c1a7-fb90-4566-9593-6537b218274a/scmNode-1/scm-ha/5713c1a7-fb90-4566-9593-6537b218274a/in_use.lock acquired by nodename 10976@a9243b6273c1
2021-05-22 19:12:03,711 [pool-15-thread-1] INFO  storage.RaftStorage (RaftStorageImpl.java:analyzeAndRecoverStorage(108)) - Read RaftStorageMetadata{term=1, votedFor=b5b91537-3281-48b1-9597-8f2f653ada85} from /github/workspace/mnt/ozone/hadoop-ozone/integration-test/target/test-dir/MiniOzoneClusterImpl-5713c1a7-fb90-4566-9593-6537b218274a/scmNode-1/scm-ha/5713c1a7-fb90-4566-9593-6537b218274a/current/raft-meta
2021-05-22 19:12:03,721 [pool-15-thread-1] INFO  server.RaftServer$Division (ServerState.java:setRaftConf(373)) - b5b91537-3281-48b1-9597-8f2f653ada85@group-6537B218274A: set configuration 0: [b5b91537-3281-48b1-9597-8f2f653ada85|rpc:localhost:12380|admin:|client:|dataStream:|priority:0], old=null
2021-05-22 19:12:03,721 [pool-15-thread-1] INFO  server.RaftServerConfigKeys (ConfUtils.java:logGet(44)) - raft.server.notification.no-leader.timeout = 60s (default)
2021-05-22 19:12:03,722 [pool-15-thread-1] INFO  server.RaftServerConfigKeys (ConfUtils.java:logGet(44)) - raft.server.log.use.memory = false (default)
2021-05-22 19:12:03,722 [pool-15-thread-1] INFO  server.RaftServerConfigKeys (ConfUtils.java:logGet(44)) - raft.server.log.purge.gap = 5 (custom)
2021-05-22 19:12:03,722 [pool-15-thread-1] INFO  server.RaftServerConfigKeys (ConfUtils.java:logGet(44)) - raft.server.log.appender.buffer.byte-limit = 33554432 (custom)
2021-05-22 19:12:03,722 [pool-15-thread-1] INFO  metrics.RatisMetrics (RatisMetrics.java:lambda$create$0(36)) - Creating Metrics Registry : ratis.log_worker.b5b91537-3281-48b1-9597-8f2f653ada85@group-6537B218274A
2021-05-22 19:12:03,722 [pool-15-thread-1] WARN  impl.MetricRegistriesImpl (MetricRegistriesImpl.java:lambda$create$1(65)) - First MetricRegistry has been created without registering reporters. You may need to call MetricRegistries.global().addReporterRegistration(...) before.
2021-05-22 19:12:03,723 [pool-15-thread-1] INFO  server.RaftServerConfigKeys (ConfUtils.java:logGet(44)) - raft.server.log.segment.size.max = 16384 (custom)
2021-05-22 19:12:03,723 [pool-15-thread-1] INFO  server.RaftServerConfigKeys (ConfUtils.java:logGet(44)) - raft.server.log.segment.cache.num.max = 2 (custom)
2021-05-22 19:12:03,723 [pool-15-thread-1] INFO  server.RaftServerConfigKeys (ConfUtils.java:logGet(44)) - raft.server.log.segment.cache.size.max = 200MB (=209715200) (default)
2021-05-22 19:12:03,723 [pool-15-thread-1] INFO  segmented.SegmentedRaftLogWorker (SegmentedRaftLogWorker.java:<init>(182)) - new b5b91537-3281-48b1-9597-8f2f653ada85@group-6537B218274A-SegmentedRaftLogWorker for RaftStorageImpl:Storage Directory /github/workspace/mnt/ozone/hadoop-ozone/integration-test/target/test-dir/MiniOzoneClusterImpl-5713c1a7-fb90-4566-9593-6537b218274a/scmNode-1/scm-ha/5713c1a7-fb90-4566-9593-6537b218274a
2021-05-22 19:12:03,723 [pool-15-thread-1] INFO  server.RaftServerConfigKeys (ConfUtils.java:logGet(44)) - raft.server.log.queue.byte-limit = 64MB (=67108864) (default)
2021-05-22 19:12:03,724 [pool-15-thread-1] INFO  server.RaftServerConfigKeys (ConfUtils.java:logGet(44)) - raft.server.log.queue.element-limit = 4096 (default)
2021-05-22 19:12:03,724 [pool-15-thread-1] INFO  server.RaftServerConfigKeys (ConfUtils.java:logGet(44)) - raft.server.log.segment.size.max = 16384 (custom)
2021-05-22 19:12:03,724 [pool-15-thread-1] INFO  server.RaftServerConfigKeys (ConfUtils.java:logGet(44)) - raft.server.log.preallocated.size = 16384 (custom)
2021-05-22 19:12:03,724 [pool-15-thread-1] INFO  server.RaftServerConfigKeys (ConfUtils.java:logGet(44)) - raft.server.log.force.sync.num = 128 (default)
2021-05-22 19:12:03,725 [pool-15-thread-1] INFO  server.RaftServerConfigKeys (ConfUtils.java:logGet(44)) - raft.server.log.statemachine.data.sync = true (default)
2021-05-22 19:12:03,725 [pool-15-thread-1] INFO  server.RaftServerConfigKeys (ConfUtils.java:logGet(44)) - raft.server.log.statemachine.data.sync.timeout = 10s (default)
2021-05-22 19:12:03,725 [pool-15-thread-1] INFO  server.RaftServerConfigKeys (ConfUtils.java:logGet(44)) - raft.server.log.statemachine.data.sync.timeout.retry = -1 (default)
2021-05-22 19:12:03,726 [pool-15-thread-1] INFO  server.RaftServerConfigKeys (ConfUtils.java:logGet(44)) - raft.server.log.write.buffer.size = 64KB (=65536) (default)
2021-05-22 19:12:03,730 [pool-15-thread-1] INFO  server.RaftServerConfigKeys (ConfUtils.java:logGet(44)) - raft.server.log.statemachine.data.caching.enabled = false (default)
2021-05-22 19:12:03,738 [pool-15-thread-1] INFO  server.RaftServer$Division (ServerState.java:setRaftConf(373)) - b5b91537-3281-48b1-9597-8f2f653ada85@group-6537B218274A: set configuration 0: [b5b91537-3281-48b1-9597-8f2f653ada85|rpc:localhost:12380|admin:|client:|dataStream:|priority:0], old=null
2021-05-22 19:12:03,740 [pool-15-thread-1] INFO  segmented.LogSegment (LogSegment.java:loadSegment(173)) - Successfully read 1 entries from segment file /github/workspace/mnt/ozone/hadoop-ozone/integration-test/target/test-dir/MiniOzoneClusterImpl-5713c1a7-fb90-4566-9593-6537b218274a/scmNode-1/scm-ha/5713c1a7-fb90-4566-9593-6537b218274a/current/log_inprogress_0
2021-05-22 19:12:03,740 [pool-15-thread-1] INFO  segmented.SegmentedRaftLogWorker (SegmentedRaftLogWorker.java:lambda$new$0(133)) - b5b91537-3281-48b1-9597-8f2f653ada85@group-6537B218274A-SegmentedRaftLogWorker: flushIndex: setUnconditionally 0 -> 0
2021-05-22 19:12:03,741 [pool-15-thread-1] INFO  segmented.SegmentedRaftLogWorker (SegmentedRaftLogWorker.java:lambda$new$0(133)) - b5b91537-3281-48b1-9597-8f2f653ada85@group-6537B218274A-SegmentedRaftLogWorker: safeCacheEvictIndex: setUnconditionally 0 -> -1
2021-05-22 19:12:03,741 [pool-15-thread-1] INFO  server.RaftServerConfigKeys (ConfUtils.java:logGet(44)) - raft.server.snapshot.auto.trigger.enabled = true (custom)
2021-05-22 19:12:03,741 [pool-15-thread-1] INFO  server.RaftServerConfigKeys (ConfUtils.java:logGet(44)) - raft.server.snapshot.auto.trigger.threshold = 5 (custom)
2021-05-22 19:12:03,741 [pool-15-thread-1] INFO  server.RaftServerConfigKeys (ConfUtils.java:logGet(44)) - raft.server.snapshot.retention.file.num = -1 (default)
2021-05-22 19:12:03,741 [pool-15-thread-1] INFO  server.RaftServerConfigKeys (ConfUtils.java:logGet(44)) - raft.server.log.purge.upto.snapshot.index = true (custom)
2021-05-22 19:12:03,741 [pool-15-thread-1] INFO  server.RaftServerConfigKeys (ConfUtils.java:logGet(44)) - raft.server.retrycache.expirytime = 60000ms (default)
2021-05-22 19:12:03,742 [pool-15-thread-1] INFO  server.RaftServerConfigKeys (ConfUtils.java:logGet(44)) - raft.server.retrycache.statistics.expirytime = 100?s (default)
2021-05-22 19:12:03,742 [pool-15-thread-1] INFO  metrics.RatisMetrics (RatisMetrics.java:lambda$create$0(36)) - Creating Metrics Registry : ratis.leader_election.b5b91537-3281-48b1-9597-8f2f653ada85@group-6537B218274A
2021-05-22 19:12:03,742 [pool-15-thread-1] WARN  impl.MetricRegistriesImpl (MetricRegistriesImpl.java:lambda$create$1(65)) - First MetricRegistry has been created without registering reporters. You may need to call MetricRegistries.global().addReporterRegistration(...) before.
2021-05-22 19:12:03,742 [pool-15-thread-1] INFO  metrics.RatisMetrics (RatisMetrics.java:lambda$create$0(36)) - Creating Metrics Registry : ratis.server.b5b91537-3281-48b1-9597-8f2f653ada85@group-6537B218274A
2021-05-22 19:12:03,742 [pool-15-thread-1] WARN  impl.MetricRegistriesImpl (MetricRegistriesImpl.java:lambda$create$1(65)) - First MetricRegistry has been created without registering reporters. You may need to call MetricRegistries.global().addReporterRegistration(...) before.
2021-05-22 19:12:03,746 [main] INFO  ha.SCMSnapshotProvider (SCMSnapshotProvider.java:<init>(66)) - Initializing SCM Snapshot Provider
2021-05-22 19:12:03,746 [main] WARN  server.ServerUtils (ServerUtils.java:getDefaultRatisDirectory(237)) - Storage directory for Ratis is not configured. It is a good idea to map this to an SSD disk. Falling back to ozone.metadata.dirs
2021-05-22 19:12:03,748 [main] WARN  ha.SCMHAUtils (SCMHAUtils.java:getSCMRatisSnapshotDirectory(134)) - SCM snapshot dir is not configured. Falling back to ozone.metadata.dirs config
2021-05-22 19:12:03,789 [main] INFO  ha.SequenceIdGenerator (SequenceIdGenerator.java:upgradeToSequenceId(300)) - upgrade localId to 107544261427200000
2021-05-22 19:12:03,790 [main] INFO  ha.SequenceIdGenerator (SequenceIdGenerator.java:upgradeToSequenceId(310)) - upgrade delTxnId to 0
2021-05-22 19:12:03,795 [main] INFO  ha.SequenceIdGenerator (SequenceIdGenerator.java:upgradeToSequenceId(324)) - upgrade containerId to 0
2021-05-22 19:12:03,798 [main] INFO  ha.SequenceIdGenerator (SequenceIdGenerator.java:<init>(196)) - Init the HA SequenceIdGenerator.
2021-05-22 19:12:03,857 [main] INFO  node.SCMNodeManager (SCMNodeManager.java:<init>(125)) - Entering startup safe mode.
2021-05-22 19:12:03,964 [main] INFO  algorithms.ContainerPlacementPolicyFactory (ContainerPlacementPolicyFactory.java:getPolicy(60)) - Create container placement policy of type org.apache.hadoop.hdds.scm.container.placement.algorithms.SCMContainerPlacementRandom
2021-05-22 19:12:03,977 [main] INFO  pipeline.PipelineStateManager (PipelineStateManagerV2Impl.java:initialize(78)) - No pipeline exists in current db
2021-05-22 19:12:04,026 [main] INFO  algorithms.LeaderChoosePolicyFactory (LeaderChoosePolicyFactory.java:getPolicy(57)) - Create leader choose policy of type org.apache.hadoop.hdds.scm.pipeline.leader.choose.algorithms.MinLeaderCountChoosePolicy
2021-05-22 19:12:04,037 [main] INFO  ha.SCMServiceManager (SCMServiceManager.java:register(43)) - Registering service BackgroundPipelineCreator.
2021-05-22 19:12:04,038 [main] INFO  pipeline.BackgroundPipelineCreator (BackgroundPipelineCreatorV2.java:start(130)) - Starting RatisPipelineUtilsThread.
2021-05-22 19:12:04,085 [main] INFO  algorithms.PipelineChoosePolicyFactory (PipelineChoosePolicyFactory.java:createPipelineChoosePolicyFromClass(73)) - Create pipeline choose policy of type org.apache.hadoop.hdds.scm.pipeline.choose.algorithms.RandomPipelineChoosePolicy
2021-05-22 19:12:04,106 [main] INFO  ha.SCMServiceManager (SCMServiceManager.java:register(43)) - Registering service SCMBlockDeletingService.
2021-05-22 19:12:04,259 [main] INFO  ha.SCMServiceManager (SCMServiceManager.java:register(43)) - Registering service ReplicationManager.
2021-05-22 19:12:04,269 [main] INFO  container.ReplicationManager (ReplicationManager.java:start(226)) - Starting Replication Monitor Thread.
2021-05-22 19:12:04,280 [ReplicationMonitor] INFO  container.ReplicationManager (ReplicationManager.java:run(290)) - Replication Monitor Thread took 1 milliseconds for processing 0 containers.
2021-05-22 19:12:04,290 [main] INFO  safemode.HealthyPipelineSafeModeRule (HealthyPipelineSafeModeRule.java:<init>(90)) - Total pipeline count is 0, healthy pipeline threshold count is 0
2021-05-22 19:12:04,293 [main] INFO  safemode.OneReplicaPipelineSafeModeRule (OneReplicaPipelineSafeModeRule.java:<init>(86)) - Total pipeline count is 0, pipeline's with at least one datanode reported threshold count is 0
2021-05-22 19:12:04,777 [main] INFO  ipc.CallQueueManager (CallQueueManager.java:<init>(85)) - Using callQueue: class java.util.concurrent.LinkedBlockingQueue, queueCapacity: 10000, scheduler: class org.apache.hadoop.ipc.DefaultRpcScheduler, ipcBackoff: false.
2021-05-22 19:12:04,799 [Socket Reader #1 for port 12381] INFO  ipc.Server (Server.java:run(1255)) - Starting Socket Reader #1 for port 12381
2021-05-22 19:12:04,840 [Listener at 0.0.0.0/12381] INFO  ipc.CallQueueManager (CallQueueManager.java:<init>(85)) - Using callQueue: class java.util.concurrent.LinkedBlockingQueue, queueCapacity: 10000, scheduler: class org.apache.hadoop.ipc.DefaultRpcScheduler, ipcBackoff: false.
2021-05-22 19:12:04,844 [Socket Reader #1 for port 12382] INFO  ipc.Server (Server.java:run(1255)) - Starting Socket Reader #1 for port 12382
2021-05-22 19:12:04,864 [Listener at 0.0.0.0/12382] INFO  ipc.CallQueueManager (CallQueueManager.java:<init>(85)) - Using callQueue: class java.util.concurrent.LinkedBlockingQueue, queueCapacity: 10000, scheduler: class org.apache.hadoop.ipc.DefaultRpcScheduler, ipcBackoff: false.
2021-05-22 19:12:04,868 [Socket Reader #1 for port 12383] INFO  ipc.Server (Server.java:run(1255)) - Starting Socket Reader #1 for port 12383
2021-05-22 19:12:04,875 [Listener at 0.0.0.0/12383] INFO  server.StorageContainerManager (StorageContainerManager.java:<init>(416)) - Container Balancer status:
Key                            Value
Running                        false
Container Balancer Configuration values:
Key                            Value
Threshold                      0.100000
Max Datanodes to Balance       5
Max Size to Move               10737418240B

2021-05-22 19:12:04,875 [Listener at 0.0.0.0/12383] WARN  events.EventQueue (EventQueue.java:fireEvent(185)) - No event handler registered for event TypedEvent{payloadType=SafeModeStatus, name='Safe mode status'}
2021-05-22 19:12:04,876 [Listener at 0.0.0.0/12383] INFO  ha.SCMContext (SCMContext.java:updateSafeModeStatus(147)) - Update SafeModeStatus from SafeModeStatus{safeModeStatus=true, preCheckPassed=false} to SafeModeStatus{safeModeStatus=true, preCheckPassed=false}.
2021-05-22 19:12:04,879 [Listener at 0.0.0.0/12383] INFO  server.StorageContainerManager (StorageContainerManager.java:start(1186)) - StorageContainerLocationProtocol RPC server is listening at /0.0.0.0:12383
2021-05-22 19:12:04,880 [Listener at 0.0.0.0/12383] INFO  ha.SCMRatisServerImpl (SCMRatisServerImpl.java:start(171)) - starting ratis server 0.0.0.0:12380
2021-05-22 19:12:04,880 [Listener at 0.0.0.0/12383] INFO  server.RaftServer$Division (RaftServerImpl.java:start(295)) - b5b91537-3281-48b1-9597-8f2f653ada85@group-6537B218274A: start as a follower, conf=0: [b5b91537-3281-48b1-9597-8f2f653ada85|rpc:localhost:12380|admin:|client:|dataStream:|priority:0], old=null
2021-05-22 19:12:04,881 [Listener at 0.0.0.0/12383] INFO  server.RaftServer$Division (RaftServerImpl.java:setRole(284)) - b5b91537-3281-48b1-9597-8f2f653ada85@group-6537B218274A: changes role from      null to FOLLOWER at term 1 for startAsFollower
2021-05-22 19:12:04,881 [Listener at 0.0.0.0/12383] INFO  impl.RoleInfo (RoleInfo.java:updateAndGet(130)) - b5b91537-3281-48b1-9597-8f2f653ada85: start b5b91537-3281-48b1-9597-8f2f653ada85@group-6537B218274A-FollowerState
2021-05-22 19:12:04,883 [Listener at 0.0.0.0/12383] INFO  util.JmxRegister (JmxRegister.java:tryRegister(44)) - Successfully registered JMX Bean with object name Ratis:service=RaftServer,group=group-6537B218274A,id=b5b91537-3281-48b1-9597-8f2f653ada85
2021-05-22 19:12:04,883 [Listener at 0.0.0.0/12383] INFO  metrics.RatisMetrics (RatisMetrics.java:lambda$create$0(36)) - Creating Metrics Registry : ratis.state_machine.b5b91537-3281-48b1-9597-8f2f653ada85@group-6537B218274A
2021-05-22 19:12:04,883 [Listener at 0.0.0.0/12383] WARN  impl.MetricRegistriesImpl (MetricRegistriesImpl.java:lambda$create$1(65)) - First MetricRegistry has been created without registering reporters. You may need to call MetricRegistries.global().addReporterRegistration(...) before.
2021-05-22 19:12:04,884 [Listener at 0.0.0.0/12383] INFO  server.RaftServer (RaftServerProxy.java:lambda$start$5(374)) - b5b91537-3281-48b1-9597-8f2f653ada85: start RPC server
2021-05-22 19:12:04,889 [Listener at 0.0.0.0/12383] INFO  server.GrpcService (GrpcService.java:startImpl(253)) - b5b91537-3281-48b1-9597-8f2f653ada85: GrpcService started, listening on 12380
2021-05-22 19:12:04,889 [Listener at 0.0.0.0/12383] INFO  ha.SCMHAManagerImpl (SCMHAManagerImpl.java:start(120)) -  scm role is FOLLOWER peers [b5b91537-3281-48b1-9597-8f2f653ada85|rpc:localhost:12380|admin:|client:|dataStream:|priority:0]
2021-05-22 19:12:04,889 [Listener at 0.0.0.0/12383] INFO  ha.InterSCMGrpcService (InterSCMGrpcProtocolService.java:start(94)) - Starting SCM Grpc Service at port 12384
2021-05-22 19:12:04,900 [org.apache.ratis.util.JvmPauseMonitor$$Lambda$484/882706486@4d065e1a] INFO  util.JvmPauseMonitor (JvmPauseMonitor.java:run(103)) - JvmPauseMonitor-b5b91537-3281-48b1-9597-8f2f653ada85: Started
2021-05-22 19:12:04,966 [Listener at 0.0.0.0/12383] WARN  impl.MetricsConfig (MetricsConfig.java:loadFirst(136)) - Cannot locate configuration: tried hadoop-metrics2-storagecontainermanager.properties,hadoop-metrics2.properties
2021-05-22 19:12:04,984 [Listener at 0.0.0.0/12383] INFO  impl.MetricsSystemImpl (MetricsSystemImpl.java:startTimer(378)) - Scheduled Metric snapshot period at 10 second(s).
2021-05-22 19:12:04,984 [Listener at 0.0.0.0/12383] INFO  impl.MetricsSystemImpl (MetricsSystemImpl.java:start(191)) - StorageContainerManager metrics system started
2021-05-22 19:12:05,314 [Listener at 0.0.0.0/12383] INFO  server.SCMClientProtocolServer (SCMClientProtocolServer.java:start(163)) - RPC server for Client  is listening at /0.0.0.0:12383
2021-05-22 19:12:05,320 [IPC Server Responder] INFO  ipc.Server (Server.java:run(1497)) - IPC Server Responder: starting
2021-05-22 19:12:05,321 [IPC Server listener on 12383] INFO  ipc.Server (Server.java:run(1334)) - IPC Server listener on 12383: starting
2021-05-22 19:12:05,347 [Listener at 0.0.0.0/12383] INFO  server.StorageContainerManager (StorageContainerManager.java:start(1201)) - ScmBlockLocationProtocol RPC server is listening at /0.0.0.0:12382
2021-05-22 19:12:05,348 [Listener at 0.0.0.0/12383] INFO  server.SCMBlockProtocolServer (SCMBlockProtocolServer.java:start(149)) - RPC server for Block Protocol is listening at /0.0.0.0:12382
2021-05-22 19:12:05,349 [IPC Server Responder] INFO  ipc.Server (Server.java:run(1497)) - IPC Server Responder: starting
2021-05-22 19:12:05,349 [IPC Server listener on 12382] INFO  ipc.Server (Server.java:run(1334)) - IPC Server listener on 12382: starting
2021-05-22 19:12:05,377 [Listener at 0.0.0.0/12383] INFO  server.StorageContainerManager (StorageContainerManager.java:start(1207)) - ScmDatanodeProtocl RPC server is listening at /0.0.0.0:12381
2021-05-22 19:12:05,377 [Listener at 0.0.0.0/12383] INFO  server.SCMDatanodeProtocolServer (SCMDatanodeProtocolServer.java:start(174)) - RPC server for DataNodes is listening at /0.0.0.0:12381
2021-05-22 19:12:05,379 [IPC Server Responder] INFO  ipc.Server (Server.java:run(1497)) - IPC Server Responder: starting
2021-05-22 19:12:05,380 [IPC Server listener on 12381] INFO  ipc.Server (Server.java:run(1334)) - IPC Server listener on 12381: starting
2021-05-22 19:12:05,448 [org.apache.hadoop.util.JvmPauseMonitor$Monitor@3355b8ff] INFO  util.JvmPauseMonitor (JvmPauseMonitor.java:run(188)) - Starting JVM pause monitor
2021-05-22 19:12:05,475 [Listener at 0.0.0.0/12383] INFO  http.BaseHttpServer (BaseHttpServer.java:newHttpServer2BuilderForOzone(209)) - Starting Web-server for scm at: http://0.0.0.0:12378
2021-05-22 19:12:05,475 [Listener at 0.0.0.0/12383] INFO  http.BaseHttpServer (BaseHttpServer.java:<init>(107)) - Hadoop Security Enabled: false Ozone Security Enabled: false Ozone HTTP Security Enabled: false 
2021-05-22 19:12:05,508 [Listener at 0.0.0.0/12383] INFO  util.log (Log.java:initialized(169)) - Logging initialized @11650ms to org.eclipse.jetty.util.log.Slf4jLog
2021-05-22 19:12:05,650 [Listener at 0.0.0.0/12383] INFO  server.AuthenticationFilter (AuthenticationFilter.java:constructSecretProvider(240)) - Unable to initialize FileSignerSecretProvider, falling back to use random secrets.
2021-05-22 19:12:05,658 [Listener at 0.0.0.0/12383] WARN  http.HttpRequestLog (HttpRequestLog.java:getRequestLog(103)) - Jetty request log can only be enabled using Log4j
2021-05-22 19:12:05,665 [Listener at 0.0.0.0/12383] INFO  http.HttpServer2 (HttpServer2.java:addGlobalFilter(1020)) - Added global filter 'safety' (class=org.apache.hadoop.hdds.server.http.HttpServer2$QuotingInputFilter)
2021-05-22 19:12:05,668 [Listener at 0.0.0.0/12383] INFO  http.HttpServer2 (HttpServer2.java:addFilter(996)) - Added filter static_user_filter (class=org.apache.hadoop.http.lib.StaticUserWebFilter$StaticUserFilter) to context scm
2021-05-22 19:12:05,669 [Listener at 0.0.0.0/12383] INFO  http.HttpServer2 (HttpServer2.java:addFilter(1004)) - Added filter static_user_filter (class=org.apache.hadoop.http.lib.StaticUserWebFilter$StaticUserFilter) to context logs
2021-05-22 19:12:05,669 [Listener at 0.0.0.0/12383] INFO  http.HttpServer2 (HttpServer2.java:addFilter(1004)) - Added filter static_user_filter (class=org.apache.hadoop.http.lib.StaticUserWebFilter$StaticUserFilter) to context static
2021-05-22 19:12:05,723 [Listener at 0.0.0.0/12383] INFO  http.HttpServer2 (HttpServer2.java:bindListener(1238)) - Jetty bound to port 12378
2021-05-22 19:12:05,725 [Listener at 0.0.0.0/12383] INFO  server.Server (Server.java:doStart(375)) - jetty-9.4.35.v20201120; built: 2020-11-20T21:17:03.964Z; git: bdc54f03a5e0a7e280fab27f55c3c75ee8da89fb; jvm 1.8.0_232-b09
2021-05-22 19:12:05,768 [Listener at 0.0.0.0/12383] INFO  server.session (DefaultSessionIdManager.java:doStart(334)) - DefaultSessionIdManager workerName=node0
2021-05-22 19:12:05,769 [Listener at 0.0.0.0/12383] INFO  server.session (DefaultSessionIdManager.java:doStart(339)) - No SessionScavenger set, using defaults
2021-05-22 19:12:05,771 [Listener at 0.0.0.0/12383] INFO  server.session (HouseKeeper.java:startScavenging(132)) - node0 Scavenging every 660000ms
2021-05-22 19:12:05,787 [Listener at 0.0.0.0/12383] INFO  handler.ContextHandler (ContextHandler.java:doStart(916)) - Started o.e.j.s.ServletContextHandler@3292eff7{logs,/logs,file:///github/workspace/mnt/ozone/hadoop-ozone/integration-test/target/log,AVAILABLE}
2021-05-22 19:12:05,788 [Listener at 0.0.0.0/12383] INFO  handler.ContextHandler (ContextHandler.java:doStart(916)) - Started o.e.j.s.ServletContextHandler@d677be9{static,/static,file:///github/workspace/mnt/ozone/hadoop-ozone/integration-test/target/test-classes/webapps/static,AVAILABLE}
2021-05-22 19:12:05,842 [Listener at 0.0.0.0/12383] INFO  handler.ContextHandler (ContextHandler.java:doStart(916)) - Started o.e.j.w.WebAppContext@6c56fff{scm,/,file:///github/workspace/mnt/ozone/hadoop-ozone/integration-test/target/test-classes/webapps/scm/,AVAILABLE}{file:/github/workspace/mnt/ozone/hadoop-ozone/integration-test/target/test-classes/webapps/scm}
2021-05-22 19:12:05,856 [Listener at 0.0.0.0/12383] INFO  server.AbstractConnector (AbstractConnector.java:doStart(331)) - Started ServerConnector@3d9c8c3c{HTTP/1.1, (http/1.1)}{0.0.0.0:12378}
2021-05-22 19:12:05,856 [Listener at 0.0.0.0/12383] INFO  server.Server (Server.java:doStart(415)) - Started @11998ms
2021-05-22 19:12:05,859 [Listener at 0.0.0.0/12383] INFO  impl.MetricsSinkAdapter (MetricsSinkAdapter.java:start(204)) - Sink prometheus started
2021-05-22 19:12:05,859 [Listener at 0.0.0.0/12383] INFO  impl.MetricsSystemImpl (MetricsSystemImpl.java:registerSink(305)) - Registered sink prometheus
2021-05-22 19:12:05,864 [Listener at 0.0.0.0/12383] INFO  http.BaseHttpServer (BaseHttpServer.java:updateConnectorAddress(329)) - HTTP server of scm listening at http://0.0.0.0:12378
2021-05-22 19:12:05,864 [Listener at 0.0.0.0/12383] INFO  ozone.MiniOzoneHAClusterImpl (MiniOzoneHAClusterImpl.java:createSCMService(536)) - Started SCM RPC server at org.apache.hadoop.hdds.scm.server.SCMClientProtocolServer@30a791a6
2021-05-22 19:12:05,890 [Listener at 0.0.0.0/12383] INFO  ha.SCMHANodeDetails (SCMHANodeDetails.java:loadSCMHAConfig(149)) - ServiceID for StorageContainerManager is scm-service-test1
2021-05-22 19:12:05,890 [Listener at 0.0.0.0/12383] INFO  ha.SCMHANodeDetails (SCMHANodeDetails.java:loadSCMHAConfig(160)) - ServiceID for StorageContainerManager is scm-service-test1
2021-05-22 19:12:05,891 [Listener at 0.0.0.0/12383] WARN  scm.ScmUtils (ScmUtils.java:logWarn(179)) - ConfigKey ozone.scm.block.client.address is deprecated, For configuring different ports for each SCM use PortConfigKey ozone.scm.block.client.port appended with serviceId and nodeId. If want to configure same port configure ozone.scm.block.client.port
2021-05-22 19:12:05,891 [Listener at 0.0.0.0/12383] WARN  scm.ScmUtils (ScmUtils.java:logWarn(179)) - ConfigKey ozone.scm.client.address is deprecated, For configuring different ports for each SCM use PortConfigKey ozone.scm.client.port appended with serviceId and nodeId. If want to configure same port configure ozone.scm.client.port
2021-05-22 19:12:05,892 [Listener at 0.0.0.0/12383] WARN  scm.ScmUtils (ScmUtils.java:logWarn(179)) - ConfigKey ozone.scm.datanode.address is deprecated, For configuring different ports for each SCM use PortConfigKey ozone.scm.datanode.port appended with serviceId and nodeId. If want to configure same port configure ozone.scm.datanode.port
2021-05-22 19:12:05,892 [Listener at 0.0.0.0/12383] WARN  scm.ScmUtils (ScmUtils.java:logWarn(179)) - ConfigKey ozone.scm.block.client.address is deprecated, For configuring different ports for each SCM use PortConfigKey ozone.scm.block.client.port appended with serviceId and nodeId. If want to configure same port configure ozone.scm.block.client.port
2021-05-22 19:12:05,892 [Listener at 0.0.0.0/12383] WARN  scm.ScmUtils (ScmUtils.java:logWarn(179)) - ConfigKey ozone.scm.client.address is deprecated, For configuring different ports for each SCM use PortConfigKey ozone.scm.client.port appended with serviceId and nodeId. If want to configure same port configure ozone.scm.client.port
2021-05-22 19:12:05,893 [Listener at 0.0.0.0/12383] WARN  scm.ScmUtils (ScmUtils.java:logWarn(179)) - ConfigKey ozone.scm.datanode.address is deprecated, For configuring different ports for each SCM use PortConfigKey ozone.scm.datanode.port appended with serviceId and nodeId. If want to configure same port configure ozone.scm.datanode.port
2021-05-22 19:12:05,893 [Listener at 0.0.0.0/12383] INFO  ha.SCMHANodeDetails (SCMHANodeDetails.java:loadSCMHAConfig(242)) - Found matching SCM address with SCMServiceId: scm-service-test1, SCMNodeId: scmNode-2, RPC Address: localhost:12390 and Ratis port: 12390
2021-05-22 19:12:05,893 [Listener at 0.0.0.0/12383] INFO  ha.SCMHANodeDetails (ConfUtils.java:setNodeSpecificConfigs(105)) - Setting configuration key ozone.scm.datanode.address with value of key ozone.scm.datanode.address.scm-service-test1.scmNode-2: 127.0.0.1:12391
2021-05-22 19:12:05,894 [Listener at 0.0.0.0/12383] INFO  ha.SCMHANodeDetails (ConfUtils.java:setNodeSpecificConfigs(105)) - Setting configuration key ozone.scm.block.client.address with value of key ozone.scm.block.client.address.scm-service-test1.scmNode-2: 127.0.0.1:12392
2021-05-22 19:12:05,894 [Listener at 0.0.0.0/12383] INFO  ha.SCMHANodeDetails (ConfUtils.java:setNodeSpecificConfigs(105)) - Setting configuration key ozone.scm.client.address with value of key ozone.scm.client.address.scm-service-test1.scmNode-2: 127.0.0.1:12393
2021-05-22 19:12:05,894 [Listener at 0.0.0.0/12383] INFO  ha.SCMHANodeDetails (ConfUtils.java:setNodeSpecificConfigs(105)) - Setting configuration key ozone.scm.ratis.port with value of key ozone.scm.ratis.port.scm-service-test1.scmNode-2: 12390
2021-05-22 19:12:05,895 [Listener at 0.0.0.0/12383] INFO  ha.SCMHANodeDetails (ConfUtils.java:setNodeSpecificConfigs(105)) - Setting configuration key ozone.scm.grpc.port with value of key ozone.scm.grpc.port.scm-service-test1.scmNode-2: 12394
2021-05-22 19:12:05,895 [Listener at 0.0.0.0/12383] INFO  ha.SCMHANodeDetails (ConfUtils.java:setNodeSpecificConfigs(105)) - Setting configuration key ozone.scm.http-address with value of key ozone.scm.http-address.scm-service-test1.scmNode-2: 127.0.0.1:12388
2021-05-22 19:12:05,895 [Listener at 0.0.0.0/12383] INFO  ha.SCMHANodeDetails (ConfUtils.java:setNodeSpecificConfigs(105)) - Setting configuration key ozone.scm.https-address with value of key ozone.scm.https-address.scm-service-test1.scmNode-2: 127.0.0.1:12389
2021-05-22 19:12:05,895 [Listener at 0.0.0.0/12383] INFO  ha.SCMHANodeDetails (ConfUtils.java:setNodeSpecificConfigs(105)) - Setting configuration key ozone.scm.address with value of key ozone.scm.address.scm-service-test1.scmNode-2: 127.0.0.1
2021-05-22 19:12:05,896 [Listener at 0.0.0.0/12383] WARN  scm.ScmUtils (ScmUtils.java:logWarn(179)) - ConfigKey ozone.scm.block.client.address is deprecated, For configuring different ports for each SCM use PortConfigKey ozone.scm.block.client.port appended with serviceId and nodeId. If want to configure same port configure ozone.scm.block.client.port
2021-05-22 19:12:05,896 [Listener at 0.0.0.0/12383] WARN  scm.ScmUtils (ScmUtils.java:logWarn(179)) - ConfigKey ozone.scm.client.address is deprecated, For configuring different ports for each SCM use PortConfigKey ozone.scm.client.port appended with serviceId and nodeId. If want to configure same port configure ozone.scm.client.port
2021-05-22 19:12:05,896 [Listener at 0.0.0.0/12383] WARN  scm.ScmUtils (ScmUtils.java:logWarn(179)) - ConfigKey ozone.scm.datanode.address is deprecated, For configuring different ports for each SCM use PortConfigKey ozone.scm.datanode.port appended with serviceId and nodeId. If want to configure same port configure ozone.scm.datanode.port
2021-05-22 19:12:05,897 [Listener at 0.0.0.0/12383] WARN  server.ServerUtils (ServerUtils.java:getScmDbDir(148)) - ozone.scm.db.dirs is not configured. We recommend adding this setting. Falling back to ozone.metadata.dirs instead.
2021-05-22 19:12:05,907 [Listener at 0.0.0.0/12383] INFO  ha.SCMNodeInfo (SCMNodeInfo.java:getPort(197)) - ConfigKey ozone.scm.client.address is deprecated, For configuring different ports for each SCM use PortConfigKey ozone.scm.client.port appended with serviceId and nodeId
2021-05-22 19:12:05,908 [Listener at 0.0.0.0/12383] INFO  ha.SCMNodeInfo (SCMNodeInfo.java:getPort(197)) - ConfigKey ozone.scm.block.client.address is deprecated, For configuring different ports for each SCM use PortConfigKey ozone.scm.block.client.port appended with serviceId and nodeId
2021-05-22 19:12:05,908 [Listener at 0.0.0.0/12383] INFO  ha.SCMNodeInfo (SCMNodeInfo.java:getPort(197)) - ConfigKey ozone.scm.datanode.address is deprecated, For configuring different ports for each SCM use PortConfigKey ozone.scm.datanode.port appended with serviceId and nodeId
2021-05-22 19:12:05,909 [Listener at 0.0.0.0/12383] INFO  ha.SCMNodeInfo (SCMNodeInfo.java:getPort(197)) - ConfigKey ozone.scm.client.address is deprecated, For configuring different ports for each SCM use PortConfigKey ozone.scm.client.port appended with serviceId and nodeId
2021-05-22 19:12:05,909 [Listener at 0.0.0.0/12383] INFO  ha.SCMNodeInfo (SCMNodeInfo.java:getPort(197)) - ConfigKey ozone.scm.block.client.address is deprecated, For configuring different ports for each SCM use PortConfigKey ozone.scm.block.client.port appended with serviceId and nodeId
2021-05-22 19:12:05,909 [Listener at 0.0.0.0/12383] INFO  ha.SCMNodeInfo (SCMNodeInfo.java:getPort(197)) - ConfigKey ozone.scm.datanode.address is deprecated, For configuring different ports for each SCM use PortConfigKey ozone.scm.datanode.port appended with serviceId and nodeId
2021-05-22 19:12:05,910 [Listener at 0.0.0.0/12383] INFO  ha.SCMNodeInfo (SCMNodeInfo.java:getPort(197)) - ConfigKey ozone.scm.client.address is deprecated, For configuring different ports for each SCM use PortConfigKey ozone.scm.client.port appended with serviceId and nodeId
2021-05-22 19:12:05,910 [Listener at 0.0.0.0/12383] INFO  ha.SCMNodeInfo (SCMNodeInfo.java:getPort(197)) - ConfigKey ozone.scm.block.client.address is deprecated, For configuring different ports for each SCM use PortConfigKey ozone.scm.block.client.port appended with serviceId and nodeId
2021-05-22 19:12:05,910 [Listener at 0.0.0.0/12383] INFO  ha.SCMNodeInfo (SCMNodeInfo.java:getPort(197)) - ConfigKey ozone.scm.datanode.address is deprecated, For configuring different ports for each SCM use PortConfigKey ozone.scm.datanode.port appended with serviceId and nodeId
2021-05-22 19:12:06,178 [IPC Server handler 0 on default port 12382] INFO  ipc.Server (Server.java:logException(3018)) - IPC Server handler 0 on default port 12382, call Call#0 Retry#0 org.apache.hadoop.hdds.scm.protocol.ScmBlockLocationProtocol.send from 127.0.0.1:44298
org.apache.hadoop.hdds.ratis.ServerNotLeaderException: Server:b5b91537-3281-48b1-9597-8f2f653ada85 is not the leader. Could not determine the leader node.
	at org.apache.hadoop.hdds.ratis.ServerNotLeaderException.convertToNotLeaderException(ServerNotLeaderException.java:109)
	at org.apache.hadoop.hdds.scm.ha.RatisUtil.checkRatisException(RatisUtil.java:191)
	at org.apache.hadoop.hdds.scm.protocol.ScmBlockLocationProtocolServerSideTranslatorPB.send(ScmBlockLocationProtocolServerSideTranslatorPB.java:108)
	at org.apache.hadoop.hdds.protocol.proto.ScmBlockLocationProtocolProtos$ScmBlockLocationProtocolService$2.callBlockingMethod(ScmBlockLocationProtocolProtos.java:13883)
	at org.apache.hadoop.ipc.ProtobufRpcEngine$Server$ProtoBufRpcInvoker.call(ProtobufRpcEngine.java:528)
	at org.apache.hadoop.ipc.RPC$Server.call(RPC.java:1086)
	at org.apache.hadoop.ipc.Server$RpcCall.run(Server.java:1029)
	at org.apache.hadoop.ipc.Server$RpcCall.run(Server.java:957)
	at java.security.AccessController.doPrivileged(Native Method)
	at javax.security.auth.Subject.doAs(Subject.java:422)
	at org.apache.hadoop.security.UserGroupInformation.doAs(UserGroupInformation.java:1762)
	at org.apache.hadoop.ipc.Server$Handler.run(Server.java:2957)
2021-05-22 19:12:08,194 [Listener at 0.0.0.0/12383] INFO  retry.RetryInvocationHandler (RetryInvocationHandler.java:log(411)) - com.google.protobuf.ServiceException: java.net.ConnectException: Call From a9243b6273c1/172.17.0.2 to localhost:12392 failed on connection exception: java.net.ConnectException: Connection refused; For more details see:  http://wiki.apache.org/hadoop/ConnectionRefused, while invoking $Proxy37.send over nodeId=scmNode-2,nodeAddress=/127.0.0.1:12392 after 1 failover attempts. Trying to failover after sleeping for 2000ms.
2021-05-22 19:12:10,081 [b5b91537-3281-48b1-9597-8f2f653ada85@group-6537B218274A-FollowerState] INFO  impl.FollowerState (FollowerState.java:run(134)) - b5b91537-3281-48b1-9597-8f2f653ada85@group-6537B218274A-FollowerState: change to CANDIDATE, lastRpcElapsedTime:5199970854ns, electionTimeout:5193ms
2021-05-22 19:12:10,081 [b5b91537-3281-48b1-9597-8f2f653ada85@group-6537B218274A-FollowerState] INFO  impl.RoleInfo (RoleInfo.java:shutdownFollowerState(108)) - b5b91537-3281-48b1-9597-8f2f653ada85: shutdown b5b91537-3281-48b1-9597-8f2f653ada85@group-6537B218274A-FollowerState
2021-05-22 19:12:10,082 [b5b91537-3281-48b1-9597-8f2f653ada85@group-6537B218274A-FollowerState] INFO  server.RaftServer$Division (RaftServerImpl.java:setRole(284)) - b5b91537-3281-48b1-9597-8f2f653ada85@group-6537B218274A: changes role from  FOLLOWER to CANDIDATE at term 1 for changeToCandidate
2021-05-22 19:12:10,082 [b5b91537-3281-48b1-9597-8f2f653ada85@group-6537B218274A-FollowerState] INFO  server.RaftServerConfigKeys (ConfUtils.java:logGet(44)) - raft.server.leaderelection.pre-vote = false (custom)
2021-05-22 19:12:10,082 [b5b91537-3281-48b1-9597-8f2f653ada85@group-6537B218274A-FollowerState] INFO  impl.RoleInfo (RoleInfo.java:updateAndGet(130)) - b5b91537-3281-48b1-9597-8f2f653ada85: start b5b91537-3281-48b1-9597-8f2f653ada85@group-6537B218274A-LeaderElection2
2021-05-22 19:12:10,092 [b5b91537-3281-48b1-9597-8f2f653ada85@group-6537B218274A-LeaderElection2] INFO  impl.LeaderElection (LeaderElection.java:askForVotes(306)) - b5b91537-3281-48b1-9597-8f2f653ada85@group-6537B218274A-LeaderElection2 ELECTION round 0: submit vote requests at term 2 for 0: [b5b91537-3281-48b1-9597-8f2f653ada85|rpc:localhost:12380|admin:|client:|dataStream:|priority:0], old=null
2021-05-22 19:12:10,094 [b5b91537-3281-48b1-9597-8f2f653ada85@group-6537B218274A-LeaderElection2] INFO  impl.LeaderElection (LeaderElection.java:askForVotes(308)) - b5b91537-3281-48b1-9597-8f2f653ada85@group-6537B218274A-LeaderElection2 ELECTION round 0: result PASSED (term=2)
2021-05-22 19:12:10,094 [b5b91537-3281-48b1-9597-8f2f653ada85@group-6537B218274A-LeaderElection2] INFO  impl.RoleInfo (RoleInfo.java:shutdownLeaderElection(121)) - b5b91537-3281-48b1-9597-8f2f653ada85: shutdown b5b91537-3281-48b1-9597-8f2f653ada85@group-6537B218274A-LeaderElection2
2021-05-22 19:12:10,094 [b5b91537-3281-48b1-9597-8f2f653ada85@group-6537B218274A-LeaderElection2] INFO  server.RaftServer$Division (RaftServerImpl.java:setRole(284)) - b5b91537-3281-48b1-9597-8f2f653ada85@group-6537B218274A: changes role from CANDIDATE to LEADER at term 2 for changeToLeader
2021-05-22 19:12:10,095 [b5b91537-3281-48b1-9597-8f2f653ada85@group-6537B218274A-LeaderElection2] INFO  ha.SCMStateMachine (SCMStateMachine.java:notifyLeaderChanged(243)) - current SCM becomes leader of term 2.
2021-05-22 19:12:10,095 [b5b91537-3281-48b1-9597-8f2f653ada85@group-6537B218274A-LeaderElection2] INFO  ha.SCMContext (SCMContext.java:updateLeaderAndTerm(88)) - update <isLeader,term> from <false,0> to <true,2>
2021-05-22 19:12:10,096 [b5b91537-3281-48b1-9597-8f2f653ada85@group-6537B218274A-LeaderElection2] INFO  pipeline.BackgroundPipelineCreator (BackgroundPipelineCreatorV2.java:notifyStatusChanged(261)) - Service BackgroundPipelineCreator transitions to RUNNING.
2021-05-22 19:12:10,099 [b5b91537-3281-48b1-9597-8f2f653ada85@group-6537B218274A-LeaderElection2] INFO  server.RaftServer$Division (ServerState.java:setLeader(271)) - b5b91537-3281-48b1-9597-8f2f653ada85@group-6537B218274A: change Leader from null to b5b91537-3281-48b1-9597-8f2f653ada85 at term 2 for becomeLeader, leader elected after 6373ms
2021-05-22 19:12:10,099 [b5b91537-3281-48b1-9597-8f2f653ada85@group-6537B218274A-LeaderElection2] INFO  server.RaftServerConfigKeys (ConfUtils.java:logGet(44)) - raft.server.staging.catchup.gap = 1000 (default)
2021-05-22 19:12:10,099 [b5b91537-3281-48b1-9597-8f2f653ada85@group-6537B218274A-LeaderElection2] INFO  metrics.RatisMetrics (RatisMetrics.java:lambda$create$0(36)) - Creating Metrics Registry : ratis.log_appender.b5b91537-3281-48b1-9597-8f2f653ada85@group-6537B218274A
2021-05-22 19:12:10,100 [b5b91537-3281-48b1-9597-8f2f653ada85@group-6537B218274A-LeaderElection2] WARN  impl.MetricRegistriesImpl (MetricRegistriesImpl.java:lambda$create$1(65)) - First MetricRegistry has been created without registering reporters. You may need to call MetricRegistries.global().addReporterRegistration(...) before.
2021-05-22 19:12:10,100 [b5b91537-3281-48b1-9597-8f2f653ada85@group-6537B218274A-LeaderElection2] INFO  server.RaftServerConfigKeys (ConfUtils.java:logGet(44)) - raft.server.write.element-limit = 4096 (default)
2021-05-22 19:12:10,100 [b5b91537-3281-48b1-9597-8f2f653ada85@group-6537B218274A-LeaderElection2] INFO  server.RaftServerConfigKeys (ConfUtils.java:logGet(44)) - raft.server.write.byte-limit = 64MB (=67108864) (default)
2021-05-22 19:12:10,100 [b5b91537-3281-48b1-9597-8f2f653ada85@group-6537B218274A-LeaderElection2] INFO  server.RaftServerConfigKeys (ConfUtils.java:logGet(44)) - raft.server.watch.timeout = 10s (default)
2021-05-22 19:12:10,100 [b5b91537-3281-48b1-9597-8f2f653ada85@group-6537B218274A-LeaderElection2] INFO  server.RaftServerConfigKeys (ConfUtils.java:logGet(44)) - raft.server.watch.timeout.denomination = 1s (default)
2021-05-22 19:12:10,100 [b5b91537-3281-48b1-9597-8f2f653ada85@group-6537B218274A-LeaderElection2] INFO  server.RaftServerConfigKeys (ConfUtils.java:logGet(44)) - raft.server.watch.element-limit = 65536 (default)
2021-05-22 19:12:10,101 [b5b91537-3281-48b1-9597-8f2f653ada85@group-6537B218274A-LeaderElection2] INFO  impl.RoleInfo (RoleInfo.java:updateAndGet(130)) - b5b91537-3281-48b1-9597-8f2f653ada85: start b5b91537-3281-48b1-9597-8f2f653ada85@group-6537B218274A-LeaderStateImpl
2021-05-22 19:12:10,101 [b5b91537-3281-48b1-9597-8f2f653ada85@group-6537B218274A-LeaderElection2] INFO  segmented.SegmentedRaftLogWorker (SegmentedRaftLogWorker.java:rollLogSegment(399)) - b5b91537-3281-48b1-9597-8f2f653ada85@group-6537B218274A-SegmentedRaftLogWorker: Rolling segment log-0_0 to index:0
2021-05-22 19:12:10,110 [b5b91537-3281-48b1-9597-8f2f653ada85@group-6537B218274A-SegmentedRaftLogWorker] INFO  segmented.SegmentedRaftLogWorker (SegmentedRaftLogWorker.java:execute(558)) - b5b91537-3281-48b1-9597-8f2f653ada85@group-6537B218274A-SegmentedRaftLogWorker: Rolled log segment from /github/workspace/mnt/ozone/hadoop-ozone/integration-test/target/test-dir/MiniOzoneClusterImpl-5713c1a7-fb90-4566-9593-6537b218274a/scmNode-1/scm-ha/5713c1a7-fb90-4566-9593-6537b218274a/current/log_inprogress_0 to /github/workspace/mnt/ozone/hadoop-ozone/integration-test/target/test-dir/MiniOzoneClusterImpl-5713c1a7-fb90-4566-9593-6537b218274a/scmNode-1/scm-ha/5713c1a7-fb90-4566-9593-6537b218274a/current/log_0-0
2021-05-22 19:12:10,111 [b5b91537-3281-48b1-9597-8f2f653ada85@group-6537B218274A-LeaderElection2] INFO  server.RaftServer$Division (ServerState.java:setRaftConf(373)) - b5b91537-3281-48b1-9597-8f2f653ada85@group-6537B218274A: set configuration 1: [b5b91537-3281-48b1-9597-8f2f653ada85|rpc:localhost:12380|admin:|client:|dataStream:|priority:0], old=null
2021-05-22 19:12:10,114 [b5b91537-3281-48b1-9597-8f2f653ada85@group-6537B218274A-SegmentedRaftLogWorker] INFO  segmented.SegmentedRaftLogWorker (SegmentedRaftLogWorker.java:execute(601)) - b5b91537-3281-48b1-9597-8f2f653ada85@group-6537B218274A-SegmentedRaftLogWorker: created new log segment /github/workspace/mnt/ozone/hadoop-ozone/integration-test/target/test-dir/MiniOzoneClusterImpl-5713c1a7-fb90-4566-9593-6537b218274a/scmNode-1/scm-ha/5713c1a7-fb90-4566-9593-6537b218274a/current/log_inprogress_1
2021-05-22 19:12:10,196 [Listener at 0.0.0.0/12383] INFO  retry.RetryInvocationHandler (RetryInvocationHandler.java:log(411)) - com.google.protobuf.ServiceException: java.net.ConnectException: Call From a9243b6273c1/172.17.0.2 to localhost:12402 failed on connection exception: java.net.ConnectException: Connection refused; For more details see:  http://wiki.apache.org/hadoop/ConnectionRefused, while invoking $Proxy37.send over nodeId=scmNode-3,nodeAddress=/127.0.0.1:12402 after 2 failover attempts. Trying to failover after sleeping for 2000ms.
2021-05-22 19:12:12,239 [Listener at 0.0.0.0/12383] INFO  server.StorageContainerManager (StorageContainerManager.java:scmBootstrap(906)) - SCM BootStrap  is successful for ClusterID 5713c1a7-fb90-4566-9593-6537b218274a, SCMID c528a642-8365-4981-9ca8-5a52c1b1524d
2021-05-22 19:12:12,240 [Listener at 0.0.0.0/12383] INFO  server.StorageContainerManager (StorageContainerManager.java:scmBootstrap(908)) - Primary SCM Node ID b5b91537-3281-48b1-9597-8f2f653ada85
2021-05-22 19:12:12,240 [Listener at 0.0.0.0/12383] INFO  ha.SCMHANodeDetails (SCMHANodeDetails.java:loadSCMHAConfig(149)) - ServiceID for StorageContainerManager is scm-service-test1
2021-05-22 19:12:12,240 [Listener at 0.0.0.0/12383] INFO  ha.SCMHANodeDetails (SCMHANodeDetails.java:loadSCMHAConfig(160)) - ServiceID for StorageContainerManager is scm-service-test1
2021-05-22 19:12:12,241 [Listener at 0.0.0.0/12383] WARN  scm.ScmUtils (ScmUtils.java:logWarn(179)) - ConfigKey ozone.scm.block.client.address is deprecated, For configuring different ports for each SCM use PortConfigKey ozone.scm.block.client.port appended with serviceId and nodeId. If want to configure same port configure ozone.scm.block.client.port
2021-05-22 19:12:12,241 [Listener at 0.0.0.0/12383] WARN  scm.ScmUtils (ScmUtils.java:logWarn(179)) - ConfigKey ozone.scm.client.address is deprecated, For configuring different ports for each SCM use PortConfigKey ozone.scm.client.port appended with serviceId and nodeId. If want to configure same port configure ozone.scm.client.port
2021-05-22 19:12:12,241 [Listener at 0.0.0.0/12383] WARN  scm.ScmUtils (ScmUtils.java:logWarn(179)) - ConfigKey ozone.scm.datanode.address is deprecated, For configuring different ports for each SCM use PortConfigKey ozone.scm.datanode.port appended with serviceId and nodeId. If want to configure same port configure ozone.scm.datanode.port
2021-05-22 19:12:12,242 [Listener at 0.0.0.0/12383] WARN  scm.ScmUtils (ScmUtils.java:logWarn(179)) - ConfigKey ozone.scm.block.client.address is deprecated, For configuring different ports for each SCM use PortConfigKey ozone.scm.block.client.port appended with serviceId and nodeId. If want to configure same port configure ozone.scm.block.client.port
2021-05-22 19:12:12,242 [Listener at 0.0.0.0/12383] WARN  scm.ScmUtils (ScmUtils.java:logWarn(179)) - ConfigKey ozone.scm.client.address is deprecated, For configuring different ports for each SCM use PortConfigKey ozone.scm.client.port appended with serviceId and nodeId. If want to configure same port configure ozone.scm.client.port
2021-05-22 19:12:12,242 [Listener at 0.0.0.0/12383] WARN  scm.ScmUtils (ScmUtils.java:logWarn(179)) - ConfigKey ozone.scm.datanode.address is deprecated, For configuring different ports for each SCM use PortConfigKey ozone.scm.datanode.port appended with serviceId and nodeId. If want to configure same port configure ozone.scm.datanode.port
2021-05-22 19:12:12,243 [Listener at 0.0.0.0/12383] INFO  ha.SCMHANodeDetails (SCMHANodeDetails.java:loadSCMHAConfig(242)) - Found matching SCM address with SCMServiceId: scm-service-test1, SCMNodeId: scmNode-2, RPC Address: localhost:12390 and Ratis port: 12390
2021-05-22 19:12:12,243 [Listener at 0.0.0.0/12383] INFO  ha.SCMHANodeDetails (ConfUtils.java:setNodeSpecificConfigs(105)) - Setting configuration key ozone.scm.datanode.address with value of key ozone.scm.datanode.address.scm-service-test1.scmNode-2: 127.0.0.1:12391
2021-05-22 19:12:12,243 [Listener at 0.0.0.0/12383] INFO  ha.SCMHANodeDetails (ConfUtils.java:setNodeSpecificConfigs(105)) - Setting configuration key ozone.scm.block.client.address with value of key ozone.scm.block.client.address.scm-service-test1.scmNode-2: 127.0.0.1:12392
2021-05-22 19:12:12,243 [Listener at 0.0.0.0/12383] INFO  ha.SCMHANodeDetails (ConfUtils.java:setNodeSpecificConfigs(105)) - Setting configuration key ozone.scm.client.address with value of key ozone.scm.client.address.scm-service-test1.scmNode-2: 127.0.0.1:12393
2021-05-22 19:12:12,244 [Listener at 0.0.0.0/12383] INFO  ha.SCMHANodeDetails (ConfUtils.java:setNodeSpecificConfigs(105)) - Setting configuration key ozone.scm.ratis.port with value of key ozone.scm.ratis.port.scm-service-test1.scmNode-2: 12390
2021-05-22 19:12:12,244 [Listener at 0.0.0.0/12383] INFO  ha.SCMHANodeDetails (ConfUtils.java:setNodeSpecificConfigs(105)) - Setting configuration key ozone.scm.grpc.port with value of key ozone.scm.grpc.port.scm-service-test1.scmNode-2: 12394
2021-05-22 19:12:12,244 [Listener at 0.0.0.0/12383] INFO  ha.SCMHANodeDetails (ConfUtils.java:setNodeSpecificConfigs(105)) - Setting configuration key ozone.scm.http-address with value of key ozone.scm.http-address.scm-service-test1.scmNode-2: 127.0.0.1:12388
2021-05-22 19:12:12,245 [Listener at 0.0.0.0/12383] INFO  ha.SCMHANodeDetails (ConfUtils.java:setNodeSpecificConfigs(105)) - Setting configuration key ozone.scm.https-address with value of key ozone.scm.https-address.scm-service-test1.scmNode-2: 127.0.0.1:12389
2021-05-22 19:12:12,245 [Listener at 0.0.0.0/12383] INFO  ha.SCMHANodeDetails (ConfUtils.java:setNodeSpecificConfigs(105)) - Setting configuration key ozone.scm.address with value of key ozone.scm.address.scm-service-test1.scmNode-2: 127.0.0.1
2021-05-22 19:12:12,245 [Listener at 0.0.0.0/12383] WARN  scm.ScmUtils (ScmUtils.java:logWarn(179)) - ConfigKey ozone.scm.block.client.address is deprecated, For configuring different ports for each SCM use PortConfigKey ozone.scm.block.client.port appended with serviceId and nodeId. If want to configure same port configure ozone.scm.block.client.port
2021-05-22 19:12:12,245 [Listener at 0.0.0.0/12383] WARN  scm.ScmUtils (ScmUtils.java:logWarn(179)) - ConfigKey ozone.scm.client.address is deprecated, For configuring different ports for each SCM use PortConfigKey ozone.scm.client.port appended with serviceId and nodeId. If want to configure same port configure ozone.scm.client.port
2021-05-22 19:12:12,246 [Listener at 0.0.0.0/12383] WARN  scm.ScmUtils (ScmUtils.java:logWarn(179)) - ConfigKey ozone.scm.datanode.address is deprecated, For configuring different ports for each SCM use PortConfigKey ozone.scm.datanode.port appended with serviceId and nodeId. If want to configure same port configure ozone.scm.datanode.port
2021-05-22 19:12:12,248 [Listener at 0.0.0.0/12383] WARN  server.ServerUtils (ServerUtils.java:getScmDbDir(148)) - ozone.scm.db.dirs is not configured. We recommend adding this setting. Falling back to ozone.metadata.dirs instead.
2021-05-22 19:12:12,249 [Listener at 0.0.0.0/12383] WARN  utils.HAUtils (HAUtils.java:getMetaDir(342)) - ozone.scm.db.dirs is not configured. We recommend adding this setting. Falling back to ozone.metadata.dirs instead.
2021-05-22 19:12:12,250 [Listener at 0.0.0.0/12383] WARN  db.DBStoreBuilder (DBStoreBuilder.java:applyDBDefinition(145)) - ozone.scm.db.dirs is not configured. We recommend adding this setting. Falling back to ozone.metadata.dirs instead.
2021-05-22 19:12:12,357 [Listener at 0.0.0.0/12383] INFO  net.NodeSchemaLoader (NodeSchemaLoader.java:loadSchemaFromFile(129)) - Loading schema from [jar:file:/home/user/.m2/repository/org/apache/hadoop/hadoop-hdds-common/1.2.0-SNAPSHOT/hadoop-hdds-common-1.2.0-SNAPSHOT.jar!/network-topology-default.xml, jar:file:/home/user/.m2/repository/org/apache/hadoop/hadoop-ozone-ozone-manager/1.2.0-SNAPSHOT/hadoop-ozone-ozone-manager-1.2.0-SNAPSHOT-tests.jar!/network-topology-default.xml, jar:file:/home/user/.m2/repository/org/apache/hadoop/hadoop-hdds-server-scm/1.2.0-SNAPSHOT/hadoop-hdds-server-scm-1.2.0-SNAPSHOT-tests.jar!/network-topology-default.xml]
2021-05-22 19:12:12,357 [Listener at 0.0.0.0/12383] INFO  net.NodeSchemaLoader (NodeSchemaLoader.java:loadSchema(176)) - Loading network topology layer schema file
2021-05-22 19:12:12,363 [Listener at 0.0.0.0/12383] INFO  ha.SCMRatisServerImpl (SCMRatisServerImpl.java:<init>(86)) - starting Raft server for scm:c528a642-8365-4981-9ca8-5a52c1b1524d
2021-05-22 19:12:12,365 [Listener at 0.0.0.0/12383] INFO  server.RaftServer (ConfUtils.java:logGet(44)) - raft.rpc.type = GRPC (default)
2021-05-22 19:12:12,366 [Listener at 0.0.0.0/12383] INFO  grpc.GrpcFactory (GrpcFactory.java:checkPooledByteBufAllocatorUseCacheForAllThreads(48)) - PERFORMANCE WARNING: useCacheForAllThreads is true that may cause Netty to create a lot garbage objects and, as a result, trigger GC.
	It is recommended to disable useCacheForAllThreads by setting -Dorg.apache.ratis.thirdparty.io.netty.allocator.useCacheForAllThreads=false in command line.
2021-05-22 19:12:12,366 [Listener at 0.0.0.0/12383] INFO  grpc.GrpcConfigKeys (ConfUtils.java:logGet(44)) - raft.grpc.admin.port = -1 (default)
2021-05-22 19:12:12,367 [Listener at 0.0.0.0/12383] INFO  grpc.GrpcConfigKeys (ConfUtils.java:logGet(44)) - raft.grpc.server.port = 12390 (custom)
2021-05-22 19:12:12,367 [Listener at 0.0.0.0/12383] INFO  grpc.GrpcConfigKeys (ConfUtils.java:logGet(44)) - raft.grpc.client.port = -1 (default)
2021-05-22 19:12:12,368 [Listener at 0.0.0.0/12383] INFO  grpc.GrpcConfigKeys (ConfUtils.java:logGet(44)) - raft.grpc.server.port = 12390 (custom)
2021-05-22 19:12:12,369 [Listener at 0.0.0.0/12383] INFO  grpc.GrpcConfigKeys (ConfUtils.java:logGet(44)) - raft.grpc.server.port = 12390 (custom)
2021-05-22 19:12:12,369 [Listener at 0.0.0.0/12383] INFO  server.GrpcService (ConfUtils.java:logGet(44)) - raft.grpc.message.size.max = 32m (=33554432) (custom)
2021-05-22 19:12:12,369 [Listener at 0.0.0.0/12383] INFO  server.RaftServerConfigKeys (ConfUtils.java:logGet(44)) - raft.server.log.appender.buffer.byte-limit = 33554432 (custom)
2021-05-22 19:12:12,370 [Listener at 0.0.0.0/12383] INFO  server.GrpcService (ConfUtils.java:logGet(44)) - raft.grpc.flow.control.window = 1MB (=1048576) (default)
2021-05-22 19:12:12,370 [Listener at 0.0.0.0/12383] INFO  server.RaftServerConfigKeys (ConfUtils.java:logGet(44)) - raft.server.rpc.request.timeout = 3000ms (default)
2021-05-22 19:12:12,372 [Listener at 0.0.0.0/12383] INFO  impl.DataStreamServerImpl (ConfUtils.java:logGet(44)) - raft.datastream.type = DISABLED (default)
2021-05-22 19:12:12,373 [Listener at 0.0.0.0/12383] INFO  server.RaftServerConfigKeys (ConfUtils.java:logGet(44)) - raft.server.rpc.slowness.timeout = 120000ms (custom)
2021-05-22 19:12:12,373 [Listener at 0.0.0.0/12383] INFO  server.RaftServerConfigKeys (ConfUtils.java:logGet(44)) - raft.server.leaderelection.leader.step-down.wait-time = 10s (default)
2021-05-22 19:12:12,373 [Listener at 0.0.0.0/12383] INFO  server.RaftServerConfigKeys (ConfUtils.java:logGet(44)) - raft.server.storage.dir = [/github/workspace/mnt/ozone/hadoop-ozone/integration-test/target/test-dir/MiniOzoneClusterImpl-5713c1a7-fb90-4566-9593-6537b218274a/scmNode-2/scm-ha] (custom)
2021-05-22 19:12:12,374 [Listener at 0.0.0.0/12383] INFO  server.RaftServer (RaftServerProxy.java:addNew(95)) - c528a642-8365-4981-9ca8-5a52c1b1524d: addNew group-6537B218274A:[] returns group-6537B218274A:java.util.concurrent.CompletableFuture@cfc4601[Not completed]
2021-05-22 19:12:12,375 [pool-36-thread-1] INFO  server.RaftServer$Division (RaftServerImpl.java:<init>(180)) - c528a642-8365-4981-9ca8-5a52c1b1524d: new RaftServerImpl for group-6537B218274A:[] with SCMStateMachine:uninitialized
2021-05-22 19:12:12,377 [pool-36-thread-1] INFO  server.RaftServerConfigKeys (ConfUtils.java:logGet(44)) - raft.server.rpc.timeout.min = 5000ms (custom)
2021-05-22 19:12:12,377 [pool-36-thread-1] INFO  server.RaftServerConfigKeys (ConfUtils.java:logGet(44)) - raft.server.rpc.timeout.max = 5200ms (custom)
2021-05-22 19:12:12,377 [pool-36-thread-1] INFO  server.RaftServerConfigKeys (ConfUtils.java:logGet(44)) - raft.server.rpc.sleep.time = 25ms (default)
2021-05-22 19:12:12,378 [pool-36-thread-1] INFO  server.RaftServerConfigKeys (ConfUtils.java:logGet(44)) - raft.server.rpc.slowness.timeout = 120000ms (custom)
2021-05-22 19:12:12,379 [pool-36-thread-1] INFO  server.RaftServerConfigKeys (ConfUtils.java:logGet(44)) - raft.server.leaderelection.leader.step-down.wait-time = 10s (default)
2021-05-22 19:12:12,379 [pool-36-thread-1] INFO  server.RaftServerConfigKeys (ConfUtils.java:logGet(44)) - raft.server.sleep.deviation.threshold = 300ms (default)
2021-05-22 19:12:12,380 [pool-36-thread-1] INFO  server.RaftServerConfigKeys (ConfUtils.java:logGet(44)) - raft.server.log.appender.install.snapshot.enabled = false (custom)
2021-05-22 19:12:12,380 [pool-36-thread-1] INFO  server.RaftServer$Division (ServerState.java:<init>(105)) - c528a642-8365-4981-9ca8-5a52c1b1524d@group-6537B218274A: ConfigurationManager, init=-1: [], old=null, confs=<EMPTY_MAP>
2021-05-22 19:12:12,381 [pool-36-thread-1] INFO  server.RaftServerConfigKeys (ConfUtils.java:logGet(44)) - raft.server.storage.dir = [/github/workspace/mnt/ozone/hadoop-ozone/integration-test/target/test-dir/MiniOzoneClusterImpl-5713c1a7-fb90-4566-9593-6537b218274a/scmNode-2/scm-ha] (custom)
2021-05-22 19:12:12,382 [pool-36-thread-1] INFO  server.RaftServerConfigKeys (ConfUtils.java:logGet(44)) - raft.server.log.corruption.policy = EXCEPTION (default)
2021-05-22 19:12:12,383 [pool-36-thread-1] INFO  storage.RaftStorageDirectory (RaftStorageDirectoryImpl.java:analyzeStorage(132)) - The storage directory /github/workspace/mnt/ozone/hadoop-ozone/integration-test/target/test-dir/MiniOzoneClusterImpl-5713c1a7-fb90-4566-9593-6537b218274a/scmNode-2/scm-ha/5713c1a7-fb90-4566-9593-6537b218274a does not exist. Creating ...
2021-05-22 19:12:12,385 [pool-36-thread-1] INFO  storage.RaftStorageDirectory (RaftStorageDirectoryImpl.java:tryLock(215)) - Lock on /github/workspace/mnt/ozone/hadoop-ozone/integration-test/target/test-dir/MiniOzoneClusterImpl-5713c1a7-fb90-4566-9593-6537b218274a/scmNode-2/scm-ha/5713c1a7-fb90-4566-9593-6537b218274a/in_use.lock acquired by nodename 10976@a9243b6273c1
2021-05-22 19:12:12,389 [pool-36-thread-1] INFO  storage.RaftStorage (RaftStorageImpl.java:format(87)) - Storage directory /github/workspace/mnt/ozone/hadoop-ozone/integration-test/target/test-dir/MiniOzoneClusterImpl-5713c1a7-fb90-4566-9593-6537b218274a/scmNode-2/scm-ha/5713c1a7-fb90-4566-9593-6537b218274a has been successfully formatted.
2021-05-22 19:12:12,391 [pool-36-thread-1] INFO  server.RaftServerConfigKeys (ConfUtils.java:logGet(44)) - raft.server.notification.no-leader.timeout = 60s (default)
2021-05-22 19:12:12,391 [pool-36-thread-1] INFO  server.RaftServerConfigKeys (ConfUtils.java:logGet(44)) - raft.server.log.use.memory = false (default)
2021-05-22 19:12:12,391 [pool-36-thread-1] INFO  server.RaftServerConfigKeys (ConfUtils.java:logGet(44)) - raft.server.log.purge.gap = 5 (custom)
2021-05-22 19:12:12,391 [pool-36-thread-1] INFO  server.RaftServerConfigKeys (ConfUtils.java:logGet(44)) - raft.server.log.appender.buffer.byte-limit = 33554432 (custom)
2021-05-22 19:12:12,392 [pool-36-thread-1] INFO  metrics.RatisMetrics (RatisMetrics.java:lambda$create$0(36)) - Creating Metrics Registry : ratis.log_worker.c528a642-8365-4981-9ca8-5a52c1b1524d@group-6537B218274A
2021-05-22 19:12:12,392 [pool-36-thread-1] WARN  impl.MetricRegistriesImpl (MetricRegistriesImpl.java:lambda$create$1(65)) - First MetricRegistry has been created without registering reporters. You may need to call MetricRegistries.global().addReporterRegistration(...) before.
2021-05-22 19:12:12,392 [pool-36-thread-1] INFO  server.RaftServerConfigKeys (ConfUtils.java:logGet(44)) - raft.server.log.segment.size.max = 16384 (custom)
2021-05-22 19:12:12,392 [pool-36-thread-1] INFO  server.RaftServerConfigKeys (ConfUtils.java:logGet(44)) - raft.server.log.segment.cache.num.max = 2 (custom)
2021-05-22 19:12:12,392 [pool-36-thread-1] INFO  server.RaftServerConfigKeys (ConfUtils.java:logGet(44)) - raft.server.log.segment.cache.size.max = 200MB (=209715200) (default)
2021-05-22 19:12:12,392 [pool-36-thread-1] INFO  segmented.SegmentedRaftLogWorker (SegmentedRaftLogWorker.java:<init>(182)) - new c528a642-8365-4981-9ca8-5a52c1b1524d@group-6537B218274A-SegmentedRaftLogWorker for RaftStorageImpl:Storage Directory /github/workspace/mnt/ozone/hadoop-ozone/integration-test/target/test-dir/MiniOzoneClusterImpl-5713c1a7-fb90-4566-9593-6537b218274a/scmNode-2/scm-ha/5713c1a7-fb90-4566-9593-6537b218274a
2021-05-22 19:12:12,393 [pool-36-thread-1] INFO  server.RaftServerConfigKeys (ConfUtils.java:logGet(44)) - raft.server.log.queue.byte-limit = 64MB (=67108864) (default)
2021-05-22 19:12:12,393 [pool-36-thread-1] INFO  server.RaftServerConfigKeys (ConfUtils.java:logGet(44)) - raft.server.log.queue.element-limit = 4096 (default)
2021-05-22 19:12:12,393 [pool-36-thread-1] INFO  server.RaftServerConfigKeys (ConfUtils.java:logGet(44)) - raft.server.log.segment.size.max = 16384 (custom)
2021-05-22 19:12:12,393 [pool-36-thread-1] INFO  server.RaftServerConfigKeys (ConfUtils.java:logGet(44)) - raft.server.log.preallocated.size = 16384 (custom)
2021-05-22 19:12:12,393 [pool-36-thread-1] INFO  server.RaftServerConfigKeys (ConfUtils.java:logGet(44)) - raft.server.log.force.sync.num = 128 (default)
2021-05-22 19:12:12,394 [pool-36-thread-1] INFO  server.RaftServerConfigKeys (ConfUtils.java:logGet(44)) - raft.server.log.statemachine.data.sync = true (default)
2021-05-22 19:12:12,394 [pool-36-thread-1] INFO  server.RaftServerConfigKeys (ConfUtils.java:logGet(44)) - raft.server.log.statemachine.data.sync.timeout = 10s (default)
2021-05-22 19:12:12,394 [pool-36-thread-1] INFO  server.RaftServerConfigKeys (ConfUtils.java:logGet(44)) - raft.server.log.statemachine.data.sync.timeout.retry = -1 (default)
2021-05-22 19:12:12,394 [pool-36-thread-1] INFO  server.RaftServerConfigKeys (ConfUtils.java:logGet(44)) - raft.server.log.write.buffer.size = 64KB (=65536) (default)
2021-05-22 19:12:12,395 [pool-36-thread-1] INFO  server.RaftServerConfigKeys (ConfUtils.java:logGet(44)) - raft.server.log.statemachine.data.caching.enabled = false (default)
2021-05-22 19:12:12,395 [pool-36-thread-1] INFO  segmented.SegmentedRaftLogWorker (SegmentedRaftLogWorker.java:lambda$new$0(133)) - c528a642-8365-4981-9ca8-5a52c1b1524d@group-6537B218274A-SegmentedRaftLogWorker: flushIndex: setUnconditionally 0 -> -1
2021-05-22 19:12:12,396 [pool-36-thread-1] INFO  segmented.SegmentedRaftLogWorker (SegmentedRaftLogWorker.java:lambda$new$0(133)) - c528a642-8365-4981-9ca8-5a52c1b1524d@group-6537B218274A-SegmentedRaftLogWorker: safeCacheEvictIndex: setUnconditionally 0 -> -1
2021-05-22 19:12:12,400 [pool-36-thread-1] INFO  server.RaftServerConfigKeys (ConfUtils.java:logGet(44)) - raft.server.snapshot.auto.trigger.enabled = true (custom)
2021-05-22 19:12:12,400 [pool-36-thread-1] INFO  server.RaftServerConfigKeys (ConfUtils.java:logGet(44)) - raft.server.snapshot.auto.trigger.threshold = 5 (custom)
2021-05-22 19:12:12,400 [pool-36-thread-1] INFO  server.RaftServerConfigKeys (ConfUtils.java:logGet(44)) - raft.server.snapshot.retention.file.num = -1 (default)
2021-05-22 19:12:12,400 [pool-36-thread-1] INFO  server.RaftServerConfigKeys (ConfUtils.java:logGet(44)) - raft.server.log.purge.upto.snapshot.index = true (custom)
2021-05-22 19:12:12,400 [pool-36-thread-1] INFO  server.RaftServerConfigKeys (ConfUtils.java:logGet(44)) - raft.server.retrycache.expirytime = 60000ms (default)
2021-05-22 19:12:12,401 [pool-36-thread-1] INFO  server.RaftServerConfigKeys (ConfUtils.java:logGet(44)) - raft.server.retrycache.statistics.expirytime = 100?s (default)
2021-05-22 19:12:12,401 [pool-36-thread-1] INFO  metrics.RatisMetrics (RatisMetrics.java:lambda$create$0(36)) - Creating Metrics Registry : ratis.leader_election.c528a642-8365-4981-9ca8-5a52c1b1524d@group-6537B218274A
2021-05-22 19:12:12,401 [pool-36-thread-1] WARN  impl.MetricRegistriesImpl (MetricRegistriesImpl.java:lambda$create$1(65)) - First MetricRegistry has been created without registering reporters. You may need to call MetricRegistries.global().addReporterRegistration(...) before.
2021-05-22 19:12:12,401 [pool-36-thread-1] INFO  metrics.RatisMetrics (RatisMetrics.java:lambda$create$0(36)) - Creating Metrics Registry : ratis.server.c528a642-8365-4981-9ca8-5a52c1b1524d@group-6537B218274A
2021-05-22 19:12:12,401 [pool-36-thread-1] WARN  impl.MetricRegistriesImpl (MetricRegistriesImpl.java:lambda$create$1(65)) - First MetricRegistry has been created without registering reporters. You may need to call MetricRegistries.global().addReporterRegistration(...) before.
2021-05-22 19:12:12,401 [Listener at 0.0.0.0/12383] INFO  ha.SCMSnapshotProvider (SCMSnapshotProvider.java:<init>(66)) - Initializing SCM Snapshot Provider
2021-05-22 19:12:12,402 [Listener at 0.0.0.0/12383] WARN  server.ServerUtils (ServerUtils.java:getDefaultRatisDirectory(237)) - Storage directory for Ratis is not configured. It is a good idea to map this to an SSD disk. Falling back to ozone.metadata.dirs
2021-05-22 19:12:12,403 [Listener at 0.0.0.0/12383] WARN  ha.SCMHAUtils (SCMHAUtils.java:getSCMRatisSnapshotDirectory(134)) - SCM snapshot dir is not configured. Falling back to ozone.metadata.dirs config
2021-05-22 19:12:12,406 [Listener at 0.0.0.0/12383] INFO  ha.SequenceIdGenerator (SequenceIdGenerator.java:upgradeToSequenceId(300)) - upgrade localId to 107544261427200000
2021-05-22 19:12:12,406 [Listener at 0.0.0.0/12383] INFO  ha.SequenceIdGenerator (SequenceIdGenerator.java:upgradeToSequenceId(310)) - upgrade delTxnId to 0
2021-05-22 19:12:12,407 [Listener at 0.0.0.0/12383] INFO  ha.SequenceIdGenerator (SequenceIdGenerator.java:upgradeToSequenceId(324)) - upgrade containerId to 0
2021-05-22 19:12:12,407 [Listener at 0.0.0.0/12383] INFO  ha.SequenceIdGenerator (SequenceIdGenerator.java:<init>(196)) - Init the HA SequenceIdGenerator.
2021-05-22 19:12:12,408 [Listener at 0.0.0.0/12383] WARN  server.ServerUtils (ServerUtils.java:sanitizeUserArgs(73)) - ozone.scm.stale.node.interval value = 300000 is larger than max = 100000 based on the key value of ozone.scm.heartbeat.thread.interval, reset to the max value 100000.
2021-05-22 19:12:12,408 [Listener at 0.0.0.0/12383] WARN  server.ServerUtils (ServerUtils.java:sanitizeUserArgs(73)) - ozone.scm.stale.node.interval value = 300000 is larger than max = 100000 based on the key value of ozone.scm.heartbeat.thread.interval, reset to the max value 100000.
2021-05-22 19:12:12,409 [Listener at 0.0.0.0/12383] INFO  node.SCMNodeManager (SCMNodeManager.java:<init>(125)) - Entering startup safe mode.
2021-05-22 19:12:12,411 [Listener at 0.0.0.0/12383] INFO  algorithms.ContainerPlacementPolicyFactory (ContainerPlacementPolicyFactory.java:getPolicy(60)) - Create container placement policy of type org.apache.hadoop.hdds.scm.container.placement.algorithms.SCMContainerPlacementRandom
2021-05-22 19:12:12,411 [Listener at 0.0.0.0/12383] INFO  pipeline.PipelineStateManager (PipelineStateManagerV2Impl.java:initialize(78)) - No pipeline exists in current db
2021-05-22 19:12:12,411 [Listener at 0.0.0.0/12383] INFO  algorithms.LeaderChoosePolicyFactory (LeaderChoosePolicyFactory.java:getPolicy(57)) - Create leader choose policy of type org.apache.hadoop.hdds.scm.pipeline.leader.choose.algorithms.MinLeaderCountChoosePolicy
2021-05-22 19:12:12,411 [Listener at 0.0.0.0/12383] INFO  ha.SCMServiceManager (SCMServiceManager.java:register(43)) - Registering service BackgroundPipelineCreator.
2021-05-22 19:12:12,413 [Listener at 0.0.0.0/12383] INFO  pipeline.BackgroundPipelineCreator (BackgroundPipelineCreatorV2.java:start(130)) - Starting RatisPipelineUtilsThread.
2021-05-22 19:12:12,416 [Listener at 0.0.0.0/12383] INFO  algorithms.PipelineChoosePolicyFactory (PipelineChoosePolicyFactory.java:createPipelineChoosePolicyFromClass(73)) - Create pipeline choose policy of type org.apache.hadoop.hdds.scm.pipeline.choose.algorithms.RandomPipelineChoosePolicy
2021-05-22 19:12:12,418 [Listener at 0.0.0.0/12383] INFO  ha.SCMServiceManager (SCMServiceManager.java:register(43)) - Registering service SCMBlockDeletingService.
2021-05-22 19:12:12,422 [Listener at 0.0.0.0/12383] INFO  ha.SCMServiceManager (SCMServiceManager.java:register(43)) - Registering service ReplicationManager.
2021-05-22 19:12:12,423 [Listener at 0.0.0.0/12383] INFO  container.ReplicationManager (ReplicationManager.java:start(226)) - Starting Replication Monitor Thread.
2021-05-22 19:12:12,425 [Listener at 0.0.0.0/12383] INFO  safemode.HealthyPipelineSafeModeRule (HealthyPipelineSafeModeRule.java:<init>(90)) - Total pipeline count is 0, healthy pipeline threshold count is 0
2021-05-22 19:12:12,426 [Listener at 0.0.0.0/12383] INFO  safemode.OneReplicaPipelineSafeModeRule (OneReplicaPipelineSafeModeRule.java:<init>(86)) - Total pipeline count is 0, pipeline's with at least one datanode reported threshold count is 0
2021-05-22 19:12:12,428 [Listener at 0.0.0.0/12383] INFO  ipc.CallQueueManager (CallQueueManager.java:<init>(85)) - Using callQueue: class java.util.concurrent.LinkedBlockingQueue, queueCapacity: 2000, scheduler: class org.apache.hadoop.ipc.DefaultRpcScheduler, ipcBackoff: false.
2021-05-22 19:12:12,429 [Socket Reader #1 for port 12391] INFO  ipc.Server (Server.java:run(1255)) - Starting Socket Reader #1 for port 12391
2021-05-22 19:12:12,431 [Listener at 0.0.0.0/12391] INFO  ipc.CallQueueManager (CallQueueManager.java:<init>(85)) - Using callQueue: class java.util.concurrent.LinkedBlockingQueue, queueCapacity: 2000, scheduler: class org.apache.hadoop.ipc.DefaultRpcScheduler, ipcBackoff: false.
2021-05-22 19:12:12,432 [Socket Reader #1 for port 12392] INFO  ipc.Server (Server.java:run(1255)) - Starting Socket Reader #1 for port 12392
2021-05-22 19:12:12,434 [Listener at 0.0.0.0/12392] INFO  ipc.CallQueueManager (CallQueueManager.java:<init>(85)) - Using callQueue: class java.util.concurrent.LinkedBlockingQueue, queueCapacity: 2000, scheduler: class org.apache.hadoop.ipc.DefaultRpcScheduler, ipcBackoff: false.
2021-05-22 19:12:12,436 [Socket Reader #1 for port 12393] INFO  ipc.Server (Server.java:run(1255)) - Starting Socket Reader #1 for port 12393
2021-05-22 19:12:12,459 [Listener at 0.0.0.0/12393] INFO  server.StorageContainerManager (StorageContainerManager.java:<init>(416)) - Container Balancer status:
Key                            Value
Running                        false
Container Balancer Configuration values:
Key                            Value
Threshold                      0.100000
Max Datanodes to Balance       5
Max Size to Move               10737418240B

2021-05-22 19:12:12,459 [Listener at 0.0.0.0/12393] WARN  events.EventQueue (EventQueue.java:fireEvent(185)) - No event handler registered for event TypedEvent{payloadType=SafeModeStatus, name='Safe mode status'}
2021-05-22 19:12:12,459 [Listener at 0.0.0.0/12393] INFO  ha.SCMContext (SCMContext.java:updateSafeModeStatus(147)) - Update SafeModeStatus from SafeModeStatus{safeModeStatus=true, preCheckPassed=false} to SafeModeStatus{safeModeStatus=true, preCheckPassed=false}.
2021-05-22 19:12:12,463 [ReplicationMonitor] INFO  container.ReplicationManager (ReplicationManager.java:run(290)) - Replication Monitor Thread took 0 milliseconds for processing 0 containers.
2021-05-22 19:12:12,464 [Listener at 0.0.0.0/12393] INFO  server.StorageContainerManager (StorageContainerManager.java:start(1186)) - StorageContainerLocationProtocol RPC server is listening at /0.0.0.0:12393
2021-05-22 19:12:12,464 [Listener at 0.0.0.0/12393] INFO  ha.SCMRatisServerImpl (SCMRatisServerImpl.java:start(171)) - starting ratis server 0.0.0.0:12390
2021-05-22 19:12:12,464 [Listener at 0.0.0.0/12393] INFO  server.RaftServer$Division (RaftServerImpl.java:start(298)) - c528a642-8365-4981-9ca8-5a52c1b1524d@group-6537B218274A: start with initializing state, conf=-1: [], old=null
2021-05-22 19:12:12,465 [Listener at 0.0.0.0/12393] INFO  server.RaftServer$Division (RaftServerImpl.java:setRole(284)) - c528a642-8365-4981-9ca8-5a52c1b1524d@group-6537B218274A: changes role from      null to FOLLOWER at term 0 for startInitializing
2021-05-22 19:12:12,465 [Listener at 0.0.0.0/12393] INFO  util.JmxRegister (JmxRegister.java:tryRegister(44)) - Successfully registered JMX Bean with object name Ratis:service=RaftServer,group=group-6537B218274A,id=c528a642-8365-4981-9ca8-5a52c1b1524d
2021-05-22 19:12:12,465 [Listener at 0.0.0.0/12393] INFO  metrics.RatisMetrics (RatisMetrics.java:lambda$create$0(36)) - Creating Metrics Registry : ratis.state_machine.c528a642-8365-4981-9ca8-5a52c1b1524d@group-6537B218274A
2021-05-22 19:12:12,466 [Listener at 0.0.0.0/12393] WARN  impl.MetricRegistriesImpl (MetricRegistriesImpl.java:lambda$create$1(65)) - First MetricRegistry has been created without registering reporters. You may need to call MetricRegistries.global().addReporterRegistration(...) before.
2021-05-22 19:12:12,467 [Listener at 0.0.0.0/12393] INFO  server.RaftServer (RaftServerProxy.java:lambda$start$5(374)) - c528a642-8365-4981-9ca8-5a52c1b1524d: start RPC server
2021-05-22 19:12:12,481 [Listener at 0.0.0.0/12393] INFO  server.GrpcService (GrpcService.java:startImpl(253)) - c528a642-8365-4981-9ca8-5a52c1b1524d: GrpcService started, listening on 12390
2021-05-22 19:12:12,484 [Listener at 0.0.0.0/12393] INFO  ha.SCMNodeInfo (SCMNodeInfo.java:getPort(197)) - ConfigKey ozone.scm.client.address is deprecated, For configuring different ports for each SCM use PortConfigKey ozone.scm.client.port appended with serviceId and nodeId
2021-05-22 19:12:12,484 [Listener at 0.0.0.0/12393] INFO  ha.SCMNodeInfo (SCMNodeInfo.java:getPort(197)) - ConfigKey ozone.scm.block.client.address is deprecated, For configuring different ports for each SCM use PortConfigKey ozone.scm.block.client.port appended with serviceId and nodeId
2021-05-22 19:12:12,485 [Listener at 0.0.0.0/12393] INFO  ha.SCMNodeInfo (SCMNodeInfo.java:getPort(197)) - ConfigKey ozone.scm.datanode.address is deprecated, For configuring different ports for each SCM use PortConfigKey ozone.scm.datanode.port appended with serviceId and nodeId
2021-05-22 19:12:12,485 [Listener at 0.0.0.0/12393] INFO  ha.SCMNodeInfo (SCMNodeInfo.java:getPort(197)) - ConfigKey ozone.scm.client.address is deprecated, For configuring different ports for each SCM use PortConfigKey ozone.scm.client.port appended with serviceId and nodeId
2021-05-22 19:12:12,485 [Listener at 0.0.0.0/12393] INFO  ha.SCMNodeInfo (SCMNodeInfo.java:getPort(197)) - ConfigKey ozone.scm.block.client.address is deprecated, For configuring different ports for each SCM use PortConfigKey ozone.scm.block.client.port appended with serviceId and nodeId
2021-05-22 19:12:12,486 [Listener at 0.0.0.0/12393] INFO  ha.SCMNodeInfo (SCMNodeInfo.java:getPort(197)) - ConfigKey ozone.scm.datanode.address is deprecated, For configuring different ports for each SCM use PortConfigKey ozone.scm.datanode.port appended with serviceId and nodeId
2021-05-22 19:12:12,486 [Listener at 0.0.0.0/12393] INFO  ha.SCMNodeInfo (SCMNodeInfo.java:getPort(197)) - ConfigKey ozone.scm.client.address is deprecated, For configuring different ports for each SCM use PortConfigKey ozone.scm.client.port appended with serviceId and nodeId
2021-05-22 19:12:12,487 [Listener at 0.0.0.0/12393] INFO  ha.SCMNodeInfo (SCMNodeInfo.java:getPort(197)) - ConfigKey ozone.scm.block.client.address is deprecated, For configuring different ports for each SCM use PortConfigKey ozone.scm.block.client.port appended with serviceId and nodeId
2021-05-22 19:12:12,487 [Listener at 0.0.0.0/12393] INFO  ha.SCMNodeInfo (SCMNodeInfo.java:getPort(197)) - ConfigKey ozone.scm.datanode.address is deprecated, For configuring different ports for each SCM use PortConfigKey ozone.scm.datanode.port appended with serviceId and nodeId
2021-05-22 19:12:12,492 [org.apache.ratis.util.JvmPauseMonitor$$Lambda$484/882706486@399fd710] INFO  util.JvmPauseMonitor (JvmPauseMonitor.java:run(103)) - JvmPauseMonitor-c528a642-8365-4981-9ca8-5a52c1b1524d: Started
2021-05-22 19:12:12,509 [IPC Server handler 0 on default port 12382] INFO  ha.SCMRatisServerImpl (SCMRatisServerImpl.java:addSCM(282)) - b5b91537-3281-48b1-9597-8f2f653ada85: Submitting SetConfiguration request to Ratis server with new SCM peers list: [b5b91537-3281-48b1-9597-8f2f653ada85|rpc:localhost:12380|admin:|client:|dataStream:|priority:0, c528a642-8365-4981-9ca8-5a52c1b1524d|rpc:localhost:12390|priority:0]
2021-05-22 19:12:12,523 [IPC Server handler 0 on default port 12382] INFO  server.RaftServer$Division (RaftServerImpl.java:setConfigurationAsync(970)) - b5b91537-3281-48b1-9597-8f2f653ada85@group-6537B218274A: receive setConfiguration SetConfigurationRequest:client-72ABBF6E374E->b5b91537-3281-48b1-9597-8f2f653ada85@group-6537B218274A, cid=0, seq=0, RW, null, peers:[b5b91537-3281-48b1-9597-8f2f653ada85|rpc:localhost:12380|admin:|client:|dataStream:|priority:0, c528a642-8365-4981-9ca8-5a52c1b1524d|rpc:localhost:12390|priority:0]
2021-05-22 19:12:12,524 [IPC Server handler 0 on default port 12382] INFO  server.RaftServer$Division (LeaderStateImpl.java:startSetConfiguration(345)) - b5b91537-3281-48b1-9597-8f2f653ada85@group-6537B218274A-LeaderStateImpl: startSetConfiguration SetConfigurationRequest:client-72ABBF6E374E->b5b91537-3281-48b1-9597-8f2f653ada85@group-6537B218274A, cid=0, seq=0, RW, null, peers:[b5b91537-3281-48b1-9597-8f2f653ada85|rpc:localhost:12380|admin:|client:|dataStream:|priority:0, c528a642-8365-4981-9ca8-5a52c1b1524d|rpc:localhost:12390|priority:0]
2021-05-22 19:12:12,530 [IPC Server handler 0 on default port 12382] INFO  server.RaftServerConfigKeys (ConfUtils.java:logGet(44)) - raft.server.log.appender.snapshot.chunk.size.max = 16MB (=16777216) (default)
2021-05-22 19:12:12,530 [IPC Server handler 0 on default port 12382] INFO  server.RaftServerConfigKeys (ConfUtils.java:logGet(44)) - raft.server.log.appender.buffer.byte-limit = 33554432 (custom)
2021-05-22 19:12:12,536 [IPC Server handler 0 on default port 12382] INFO  server.RaftServerConfigKeys (ConfUtils.java:logGet(44)) - raft.server.log.appender.buffer.element-limit = 33554432 (custom)
2021-05-22 19:12:12,640 [IPC Server handler 0 on default port 12382] INFO  grpc.GrpcConfigKeys (ConfUtils.java:logGet(44)) - raft.grpc.server.leader.outstanding.appends.max = 128 (default)
2021-05-22 19:12:12,641 [IPC Server handler 0 on default port 12382] INFO  server.RaftServerConfigKeys (ConfUtils.java:logGet(44)) - raft.server.rpc.request.timeout = 3000ms (default)
2021-05-22 19:12:12,641 [IPC Server handler 0 on default port 12382] INFO  server.RaftServerConfigKeys (ConfUtils.java:logGet(44)) - raft.server.log.appender.install.snapshot.enabled = false (custom)
2021-05-22 19:12:12,642 [IPC Server handler 0 on default port 12382] INFO  metrics.RatisMetrics (RatisMetrics.java:lambda$create$0(36)) - Creating Metrics Registry : ratis_grpc.log_appender.b5b91537-3281-48b1-9597-8f2f653ada85@group-6537B218274A
2021-05-22 19:12:12,642 [IPC Server handler 0 on default port 12382] WARN  impl.MetricRegistriesImpl (MetricRegistriesImpl.java:lambda$create$1(65)) - First MetricRegistry has been created without registering reporters. You may need to call MetricRegistries.global().addReporterRegistration(...) before.
2021-05-22 19:12:13,112 [grpc-default-executor-0] INFO  metrics.RatisMetrics (RatisMetrics.java:lambda$create$0(36)) - Creating Metrics Registry : ratis.server_message_metrics.c528a642-8365-4981-9ca8-5a52c1b1524d
2021-05-22 19:12:13,113 [grpc-default-executor-0] WARN  impl.MetricRegistriesImpl (MetricRegistriesImpl.java:lambda$create$1(65)) - First MetricRegistry has been created without registering reporters. You may need to call MetricRegistries.global().addReporterRegistration(...) before.
2021-05-22 19:12:13,127 [grpc-default-executor-0] INFO  ha.SCMStateMachine (SCMStateMachine.java:notifyLeaderChanged(233)) - leader changed, yet current SCM is still follower.
2021-05-22 19:12:13,127 [grpc-default-executor-0] INFO  server.RaftServer$Division (ServerState.java:setLeader(271)) - c528a642-8365-4981-9ca8-5a52c1b1524d@group-6537B218274A: change Leader from null to b5b91537-3281-48b1-9597-8f2f653ada85 at term 2 for appendEntries, leader elected after 737ms
2021-05-22 19:12:13,127 [grpc-default-executor-0] INFO  impl.RoleInfo (RoleInfo.java:updateAndGet(130)) - c528a642-8365-4981-9ca8-5a52c1b1524d: start c528a642-8365-4981-9ca8-5a52c1b1524d@group-6537B218274A-FollowerState
2021-05-22 19:12:13,139 [grpc-default-executor-0] INFO  server.RaftServer$Division (ServerState.java:setRaftConf(373)) - c528a642-8365-4981-9ca8-5a52c1b1524d@group-6537B218274A: set configuration 0: [b5b91537-3281-48b1-9597-8f2f653ada85|rpc:localhost:12380|admin:|client:|dataStream:|priority:0], old=null
2021-05-22 19:12:13,139 [grpc-default-executor-0] INFO  server.RaftServer$Division (ServerState.java:setRaftConf(373)) - c528a642-8365-4981-9ca8-5a52c1b1524d@group-6537B218274A: set configuration 1: [b5b91537-3281-48b1-9597-8f2f653ada85|rpc:localhost:12380|admin:|client:|dataStream:|priority:0], old=null
2021-05-22 19:12:13,139 [grpc-default-executor-0] INFO  segmented.SegmentedRaftLogWorker (SegmentedRaftLogWorker.java:startLogSegment(394)) - c528a642-8365-4981-9ca8-5a52c1b1524d@group-6537B218274A-SegmentedRaftLogWorker: Starting segment from index:0
2021-05-22 19:12:13,140 [grpc-default-executor-0] INFO  segmented.SegmentedRaftLogWorker (SegmentedRaftLogWorker.java:rollLogSegment(399)) - c528a642-8365-4981-9ca8-5a52c1b1524d@group-6537B218274A-SegmentedRaftLogWorker: Rolling segment log-0_0 to index:0
2021-05-22 19:12:13,141 [c528a642-8365-4981-9ca8-5a52c1b1524d@group-6537B218274A-SegmentedRaftLogWorker] INFO  segmented.SegmentedRaftLogWorker (SegmentedRaftLogWorker.java:execute(601)) - c528a642-8365-4981-9ca8-5a52c1b1524d@group-6537B218274A-SegmentedRaftLogWorker: created new log segment /github/workspace/mnt/ozone/hadoop-ozone/integration-test/target/test-dir/MiniOzoneClusterImpl-5713c1a7-fb90-4566-9593-6537b218274a/scmNode-2/scm-ha/5713c1a7-fb90-4566-9593-6537b218274a/current/log_inprogress_0
2021-05-22 19:12:13,142 [c528a642-8365-4981-9ca8-5a52c1b1524d@group-6537B218274A-SegmentedRaftLogWorker] INFO  segmented.SegmentedRaftLogWorker (SegmentedRaftLogWorker.java:execute(558)) - c528a642-8365-4981-9ca8-5a52c1b1524d@group-6537B218274A-SegmentedRaftLogWorker: Rolled log segment from /github/workspace/mnt/ozone/hadoop-ozone/integration-test/target/test-dir/MiniOzoneClusterImpl-5713c1a7-fb90-4566-9593-6537b218274a/scmNode-2/scm-ha/5713c1a7-fb90-4566-9593-6537b218274a/current/log_inprogress_0 to /github/workspace/mnt/ozone/hadoop-ozone/integration-test/target/test-dir/MiniOzoneClusterImpl-5713c1a7-fb90-4566-9593-6537b218274a/scmNode-2/scm-ha/5713c1a7-fb90-4566-9593-6537b218274a/current/log_0-0
2021-05-22 19:12:13,143 [c528a642-8365-4981-9ca8-5a52c1b1524d@group-6537B218274A-SegmentedRaftLogWorker] INFO  segmented.SegmentedRaftLogWorker (SegmentedRaftLogWorker.java:execute(601)) - c528a642-8365-4981-9ca8-5a52c1b1524d@group-6537B218274A-SegmentedRaftLogWorker: created new log segment /github/workspace/mnt/ozone/hadoop-ozone/integration-test/target/test-dir/MiniOzoneClusterImpl-5713c1a7-fb90-4566-9593-6537b218274a/scmNode-2/scm-ha/5713c1a7-fb90-4566-9593-6537b218274a/current/log_inprogress_1
2021-05-22 19:12:13,172 [b5b91537-3281-48b1-9597-8f2f653ada85@group-6537B218274A-LeaderStateImpl] INFO  server.RaftServer$Division (ServerState.java:setRaftConf(373)) - b5b91537-3281-48b1-9597-8f2f653ada85@group-6537B218274A: set configuration 3: [c528a642-8365-4981-9ca8-5a52c1b1524d|rpc:localhost:12390|priority:0, b5b91537-3281-48b1-9597-8f2f653ada85|rpc:localhost:12380|admin:|client:|dataStream:|priority:0], old=[b5b91537-3281-48b1-9597-8f2f653ada85|rpc:localhost:12380|admin:|client:|dataStream:|priority:0]
2021-05-22 19:12:13,178 [grpc-default-executor-0] INFO  server.RaftServer$Division (ServerState.java:setRaftConf(373)) - c528a642-8365-4981-9ca8-5a52c1b1524d@group-6537B218274A: set configuration 3: [c528a642-8365-4981-9ca8-5a52c1b1524d|rpc:localhost:12390|admin:|client:|dataStream:|priority:0, b5b91537-3281-48b1-9597-8f2f653ada85|rpc:localhost:12380|admin:|client:|dataStream:|priority:0], old=[b5b91537-3281-48b1-9597-8f2f653ada85|rpc:localhost:12380|admin:|client:|dataStream:|priority:0]
2021-05-22 19:12:13,183 [b5b91537-3281-48b1-9597-8f2f653ada85@group-6537B218274A-LeaderStateImpl] INFO  server.RaftServer$Division (ServerState.java:setRaftConf(373)) - b5b91537-3281-48b1-9597-8f2f653ada85@group-6537B218274A: set configuration 5: [c528a642-8365-4981-9ca8-5a52c1b1524d|rpc:localhost:12390|priority:0, b5b91537-3281-48b1-9597-8f2f653ada85|rpc:localhost:12380|admin:|client:|dataStream:|priority:0], old=null
2021-05-22 19:12:13,192 [grpc-default-executor-0] INFO  server.RaftServer$Division (ServerState.java:setRaftConf(373)) - c528a642-8365-4981-9ca8-5a52c1b1524d@group-6537B218274A: set configuration 5: [c528a642-8365-4981-9ca8-5a52c1b1524d|rpc:localhost:12390|admin:|client:|dataStream:|priority:0, b5b91537-3281-48b1-9597-8f2f653ada85|rpc:localhost:12380|admin:|client:|dataStream:|priority:0], old=null
2021-05-22 19:12:13,206 [b5b91537-3281-48b1-9597-8f2f653ada85@group-6537B218274A-StateMachineUpdater] INFO  ha.SCMStateMachine (SCMStateMachine.java:takeSnapshot(282)) - Current Snapshot Index 4, takeSnapshot took 1 ms
2021-05-22 19:12:13,206 [b5b91537-3281-48b1-9597-8f2f653ada85@group-6537B218274A-StateMachineUpdater] INFO  impl.StateMachineUpdater (StateMachineUpdater.java:takeSnapshot(281)) - b5b91537-3281-48b1-9597-8f2f653ada85@group-6537B218274A-StateMachineUpdater: Took a snapshot at index 4
2021-05-22 19:12:13,206 [b5b91537-3281-48b1-9597-8f2f653ada85@group-6537B218274A-StateMachineUpdater] INFO  impl.StateMachineUpdater (StateMachineUpdater.java:lambda$new$0(89)) - b5b91537-3281-48b1-9597-8f2f653ada85@group-6537B218274A-StateMachineUpdater: snapshotIndex: updateIncreasingly -1 -> 4
2021-05-22 19:12:13,206 [b5b91537-3281-48b1-9597-8f2f653ada85@group-6537B218274A-StateMachineUpdater] INFO  raftlog.RaftLog (RaftLogBase.java:purge(306)) - b5b91537-3281-48b1-9597-8f2f653ada85@group-6537B218274A-SegmentedRaftLog: purge 4
2021-05-22 19:12:13,207 [b5b91537-3281-48b1-9597-8f2f653ada85@group-6537B218274A-StateMachineUpdater] INFO  raftlog.RaftLog (RaftLogBase.java:lambda$new$0(53)) - b5b91537-3281-48b1-9597-8f2f653ada85@group-6537B218274A-SegmentedRaftLog: snapshotIndex: updateIncreasingly -1 -> 4
2021-05-22 19:12:13,209 [b5b91537-3281-48b1-9597-8f2f653ada85@group-6537B218274A-SegmentedRaftLogWorker] INFO  raftlog.RaftLog (RaftLogBase.java:lambda$new$0(53)) - b5b91537-3281-48b1-9597-8f2f653ada85@group-6537B218274A-SegmentedRaftLog: purgeIndex: updateToMax old=-1, new=0, updated? true
2021-05-22 19:12:13,213 [IPC Server handler 0 on default port 12382] INFO  ha.SCMRatisServerImpl (SCMRatisServerImpl.java:addSCM(293)) - Successfully added new SCM: c528a642-8365-4981-9ca8-5a52c1b1524d.
2021-05-22 19:12:13,225 [c528a642-8365-4981-9ca8-5a52c1b1524d@group-6537B218274A-StateMachineUpdater] INFO  ha.SCMStateMachine (SCMStateMachine.java:takeSnapshot(282)) - Current Snapshot Index 5, takeSnapshot took 1 ms
2021-05-22 19:12:13,225 [c528a642-8365-4981-9ca8-5a52c1b1524d@group-6537B218274A-StateMachineUpdater] INFO  impl.StateMachineUpdater (StateMachineUpdater.java:takeSnapshot(281)) - c528a642-8365-4981-9ca8-5a52c1b1524d@group-6537B218274A-StateMachineUpdater: Took a snapshot at index 5
2021-05-22 19:12:13,225 [c528a642-8365-4981-9ca8-5a52c1b1524d@group-6537B218274A-StateMachineUpdater] INFO  impl.StateMachineUpdater (StateMachineUpdater.java:lambda$new$0(89)) - c528a642-8365-4981-9ca8-5a52c1b1524d@group-6537B218274A-StateMachineUpdater: snapshotIndex: updateIncreasingly -1 -> 5
2021-05-22 19:12:13,225 [c528a642-8365-4981-9ca8-5a52c1b1524d@group-6537B218274A-StateMachineUpdater] INFO  raftlog.RaftLog (RaftLogBase.java:purge(306)) - c528a642-8365-4981-9ca8-5a52c1b1524d@group-6537B218274A-SegmentedRaftLog: purge 5
2021-05-22 19:12:13,225 [c528a642-8365-4981-9ca8-5a52c1b1524d@group-6537B218274A-StateMachineUpdater] INFO  raftlog.RaftLog (RaftLogBase.java:lambda$new$0(53)) - c528a642-8365-4981-9ca8-5a52c1b1524d@group-6537B218274A-SegmentedRaftLog: snapshotIndex: updateIncreasingly -1 -> 5
2021-05-22 19:12:13,226 [c528a642-8365-4981-9ca8-5a52c1b1524d@group-6537B218274A-SegmentedRaftLogWorker] INFO  raftlog.RaftLog (RaftLogBase.java:lambda$new$0(53)) - c528a642-8365-4981-9ca8-5a52c1b1524d@group-6537B218274A-SegmentedRaftLog: purgeIndex: updateToMax old=-1, new=0, updated? true
2021-05-22 19:12:13,227 [Listener at 0.0.0.0/12393] INFO  ha.SCMHAManagerImpl (SCMHAManagerImpl.java:start(116)) - Successfully added SCM scmNode-2 to group group-6537B218274A:[c528a642-8365-4981-9ca8-5a52c1b1524d|rpc:localhost:12390|admin:|client:|dataStream:|priority:0, b5b91537-3281-48b1-9597-8f2f653ada85|rpc:localhost:12380|admin:|client:|dataStream:|priority:0]
2021-05-22 19:12:13,227 [Listener at 0.0.0.0/12393] INFO  ha.InterSCMGrpcService (InterSCMGrpcProtocolService.java:start(94)) - Starting SCM Grpc Service at port 12394
2021-05-22 19:12:13,233 [Listener at 0.0.0.0/12393] INFO  impl.MetricsSystemImpl (MetricsSystemImpl.java:init(158)) - StorageContainerManager metrics system started (again)
2021-05-22 19:12:13,239 [Listener at 0.0.0.0/12393] INFO  server.SCMClientProtocolServer (SCMClientProtocolServer.java:start(163)) - RPC server for Client  is listening at /0.0.0.0:12393
2021-05-22 19:12:13,243 [IPC Server Responder] INFO  ipc.Server (Server.java:run(1497)) - IPC Server Responder: starting
2021-05-22 19:12:13,244 [IPC Server listener on 12393] INFO  ipc.Server (Server.java:run(1334)) - IPC Server listener on 12393: starting
2021-05-22 19:12:13,256 [Listener at 0.0.0.0/12393] INFO  server.StorageContainerManager (StorageContainerManager.java:start(1201)) - ScmBlockLocationProtocol RPC server is listening at /0.0.0.0:12392
2021-05-22 19:12:13,257 [Listener at 0.0.0.0/12393] INFO  server.SCMBlockProtocolServer (SCMBlockProtocolServer.java:start(149)) - RPC server for Block Protocol is listening at /0.0.0.0:12392
2021-05-22 19:12:13,258 [IPC Server Responder] INFO  ipc.Server (Server.java:run(1497)) - IPC Server Responder: starting
2021-05-22 19:12:13,258 [IPC Server listener on 12392] INFO  ipc.Server (Server.java:run(1334)) - IPC Server listener on 12392: starting
2021-05-22 19:12:13,265 [Listener at 0.0.0.0/12393] INFO  server.StorageContainerManager (StorageContainerManager.java:start(1207)) - ScmDatanodeProtocl RPC server is listening at /0.0.0.0:12391
2021-05-22 19:12:13,265 [Listener at 0.0.0.0/12393] INFO  server.SCMDatanodeProtocolServer (SCMDatanodeProtocolServer.java:start(174)) - RPC server for DataNodes is listening at /0.0.0.0:12391
2021-05-22 19:12:13,266 [IPC Server Responder] INFO  ipc.Server (Server.java:run(1497)) - IPC Server Responder: starting
2021-05-22 19:12:13,266 [IPC Server listener on 12391] INFO  ipc.Server (Server.java:run(1334)) - IPC Server listener on 12391: starting
2021-05-22 19:12:13,274 [org.apache.hadoop.util.JvmPauseMonitor$Monitor@5020e5ab] INFO  util.JvmPauseMonitor (JvmPauseMonitor.java:run(188)) - Starting JVM pause monitor
2021-05-22 19:12:13,277 [Listener at 0.0.0.0/12393] INFO  http.BaseHttpServer (BaseHttpServer.java:newHttpServer2BuilderForOzone(209)) - Starting Web-server for scm at: http://0.0.0.0:12388
2021-05-22 19:12:13,277 [Listener at 0.0.0.0/12393] INFO  http.BaseHttpServer (BaseHttpServer.java:<init>(107)) - Hadoop Security Enabled: false Ozone Security Enabled: false Ozone HTTP Security Enabled: false 
2021-05-22 19:12:13,280 [Listener at 0.0.0.0/12393] INFO  server.AuthenticationFilter (AuthenticationFilter.java:constructSecretProvider(240)) - Unable to initialize FileSignerSecretProvider, falling back to use random secrets.
2021-05-22 19:12:13,281 [Listener at 0.0.0.0/12393] WARN  http.HttpRequestLog (HttpRequestLog.java:getRequestLog(103)) - Jetty request log can only be enabled using Log4j
2021-05-22 19:12:13,282 [Listener at 0.0.0.0/12393] INFO  http.HttpServer2 (HttpServer2.java:addGlobalFilter(1020)) - Added global filter 'safety' (class=org.apache.hadoop.hdds.server.http.HttpServer2$QuotingInputFilter)
2021-05-22 19:12:13,283 [Listener at 0.0.0.0/12393] INFO  http.HttpServer2 (HttpServer2.java:addFilter(996)) - Added filter static_user_filter (class=org.apache.hadoop.http.lib.StaticUserWebFilter$StaticUserFilter) to context scm
2021-05-22 19:12:13,284 [Listener at 0.0.0.0/12393] INFO  http.HttpServer2 (HttpServer2.java:addFilter(1004)) - Added filter static_user_filter (class=org.apache.hadoop.http.lib.StaticUserWebFilter$StaticUserFilter) to context static
2021-05-22 19:12:13,284 [Listener at 0.0.0.0/12393] INFO  http.HttpServer2 (HttpServer2.java:addFilter(1004)) - Added filter static_user_filter (class=org.apache.hadoop.http.lib.StaticUserWebFilter$StaticUserFilter) to context logs
2021-05-22 19:12:13,285 [Listener at 0.0.0.0/12393] INFO  http.HttpServer2 (HttpServer2.java:bindListener(1238)) - Jetty bound to port 12388
2021-05-22 19:12:13,286 [Listener at 0.0.0.0/12393] INFO  server.Server (Server.java:doStart(375)) - jetty-9.4.35.v20201120; built: 2020-11-20T21:17:03.964Z; git: bdc54f03a5e0a7e280fab27f55c3c75ee8da89fb; jvm 1.8.0_232-b09
2021-05-22 19:12:13,299 [Listener at 0.0.0.0/12393] INFO  server.session (DefaultSessionIdManager.java:doStart(334)) - DefaultSessionIdManager workerName=node0
2021-05-22 19:12:13,299 [Listener at 0.0.0.0/12393] INFO  server.session (DefaultSessionIdManager.java:doStart(339)) - No SessionScavenger set, using defaults
2021-05-22 19:12:13,299 [Listener at 0.0.0.0/12393] INFO  server.session (HouseKeeper.java:startScavenging(132)) - node0 Scavenging every 600000ms
2021-05-22 19:12:13,301 [Listener at 0.0.0.0/12393] INFO  handler.ContextHandler (ContextHandler.java:doStart(916)) - Started o.e.j.s.ServletContextHandler@629de8{logs,/logs,file:///github/workspace/mnt/ozone/hadoop-ozone/integration-test/target/log,AVAILABLE}
2021-05-22 19:12:13,301 [Listener at 0.0.0.0/12393] INFO  handler.ContextHandler (ContextHandler.java:doStart(916)) - Started o.e.j.s.ServletContextHandler@1b6683c4{static,/static,file:///github/workspace/mnt/ozone/hadoop-ozone/integration-test/target/test-classes/webapps/static,AVAILABLE}
2021-05-22 19:12:13,307 [Listener at 0.0.0.0/12393] INFO  handler.ContextHandler (ContextHandler.java:doStart(916)) - Started o.e.j.w.WebAppContext@74919649{scm,/,file:///github/workspace/mnt/ozone/hadoop-ozone/integration-test/target/test-classes/webapps/scm/,AVAILABLE}{file:/github/workspace/mnt/ozone/hadoop-ozone/integration-test/target/test-classes/webapps/scm}
2021-05-22 19:12:13,310 [Listener at 0.0.0.0/12393] INFO  server.AbstractConnector (AbstractConnector.java:doStart(331)) - Started ServerConnector@72b53f27{HTTP/1.1, (http/1.1)}{0.0.0.0:12388}
2021-05-22 19:12:13,310 [Listener at 0.0.0.0/12393] INFO  server.Server (Server.java:doStart(415)) - Started @19452ms
2021-05-22 19:12:13,310 [Listener at 0.0.0.0/12393] WARN  impl.MetricsSystemImpl (MetricsSystemImpl.java:register(279)) - Sink prometheus already exists!
2021-05-22 19:12:13,313 [Listener at 0.0.0.0/12393] INFO  http.BaseHttpServer (BaseHttpServer.java:updateConnectorAddress(329)) - HTTP server of scm listening at http://0.0.0.0:12388
2021-05-22 19:12:13,314 [Listener at 0.0.0.0/12393] INFO  ozone.MiniOzoneHAClusterImpl (MiniOzoneHAClusterImpl.java:createSCMService(536)) - Started SCM RPC server at org.apache.hadoop.hdds.scm.server.SCMClientProtocolServer@7d07e04e
2021-05-22 19:12:13,315 [Listener at 0.0.0.0/12393] INFO  ha.SCMHANodeDetails (SCMHANodeDetails.java:loadSCMHAConfig(149)) - ServiceID for StorageContainerManager is scm-service-test1
2021-05-22 19:12:13,315 [Listener at 0.0.0.0/12393] INFO  ha.SCMHANodeDetails (SCMHANodeDetails.java:loadSCMHAConfig(160)) - ServiceID for StorageContainerManager is scm-service-test1
2021-05-22 19:12:13,316 [Listener at 0.0.0.0/12393] WARN  scm.ScmUtils (ScmUtils.java:logWarn(179)) - ConfigKey ozone.scm.block.client.address is deprecated, For configuring different ports for each SCM use PortConfigKey ozone.scm.block.client.port appended with serviceId and nodeId. If want to configure same port configure ozone.scm.block.client.port
2021-05-22 19:12:13,316 [Listener at 0.0.0.0/12393] WARN  scm.ScmUtils (ScmUtils.java:logWarn(179)) - ConfigKey ozone.scm.client.address is deprecated, For configuring different ports for each SCM use PortConfigKey ozone.scm.client.port appended with serviceId and nodeId. If want to configure same port configure ozone.scm.client.port
2021-05-22 19:12:13,316 [Listener at 0.0.0.0/12393] WARN  scm.ScmUtils (ScmUtils.java:logWarn(179)) - ConfigKey ozone.scm.datanode.address is deprecated, For configuring different ports for each SCM use PortConfigKey ozone.scm.datanode.port appended with serviceId and nodeId. If want to configure same port configure ozone.scm.datanode.port
2021-05-22 19:12:13,317 [Listener at 0.0.0.0/12393] WARN  scm.ScmUtils (ScmUtils.java:logWarn(179)) - ConfigKey ozone.scm.block.client.address is deprecated, For configuring different ports for each SCM use PortConfigKey ozone.scm.block.client.port appended with serviceId and nodeId. If want to configure same port configure ozone.scm.block.client.port
2021-05-22 19:12:13,317 [Listener at 0.0.0.0/12393] WARN  scm.ScmUtils (ScmUtils.java:logWarn(179)) - ConfigKey ozone.scm.client.address is deprecated, For configuring different ports for each SCM use PortConfigKey ozone.scm.client.port appended with serviceId and nodeId. If want to configure same port configure ozone.scm.client.port
2021-05-22 19:12:13,318 [Listener at 0.0.0.0/12393] WARN  scm.ScmUtils (ScmUtils.java:logWarn(179)) - ConfigKey ozone.scm.datanode.address is deprecated, For configuring different ports for each SCM use PortConfigKey ozone.scm.datanode.port appended with serviceId and nodeId. If want to configure same port configure ozone.scm.datanode.port
2021-05-22 19:12:13,318 [Listener at 0.0.0.0/12393] INFO  ha.SCMHANodeDetails (SCMHANodeDetails.java:loadSCMHAConfig(242)) - Found matching SCM address with SCMServiceId: scm-service-test1, SCMNodeId: scmNode-3, RPC Address: localhost:12400 and Ratis port: 12400
2021-05-22 19:12:13,318 [Listener at 0.0.0.0/12393] INFO  ha.SCMHANodeDetails (ConfUtils.java:setNodeSpecificConfigs(105)) - Setting configuration key ozone.scm.datanode.address with value of key ozone.scm.datanode.address.scm-service-test1.scmNode-3: 127.0.0.1:12401
2021-05-22 19:12:13,319 [Listener at 0.0.0.0/12393] INFO  ha.SCMHANodeDetails (ConfUtils.java:setNodeSpecificConfigs(105)) - Setting configuration key ozone.scm.block.client.address with value of key ozone.scm.block.client.address.scm-service-test1.scmNode-3: 127.0.0.1:12402
2021-05-22 19:12:13,319 [Listener at 0.0.0.0/12393] INFO  ha.SCMHANodeDetails (ConfUtils.java:setNodeSpecificConfigs(105)) - Setting configuration key ozone.scm.client.address with value of key ozone.scm.client.address.scm-service-test1.scmNode-3: 127.0.0.1:12403
2021-05-22 19:12:13,319 [Listener at 0.0.0.0/12393] INFO  ha.SCMHANodeDetails (ConfUtils.java:setNodeSpecificConfigs(105)) - Setting configuration key ozone.scm.ratis.port with value of key ozone.scm.ratis.port.scm-service-test1.scmNode-3: 12400
2021-05-22 19:12:13,319 [Listener at 0.0.0.0/12393] INFO  ha.SCMHANodeDetails (ConfUtils.java:setNodeSpecificConfigs(105)) - Setting configuration key ozone.scm.grpc.port with value of key ozone.scm.grpc.port.scm-service-test1.scmNode-3: 12404
2021-05-22 19:12:13,320 [Listener at 0.0.0.0/12393] INFO  ha.SCMHANodeDetails (ConfUtils.java:setNodeSpecificConfigs(105)) - Setting configuration key ozone.scm.http-address with value of key ozone.scm.http-address.scm-service-test1.scmNode-3: 127.0.0.1:12398
2021-05-22 19:12:13,320 [Listener at 0.0.0.0/12393] INFO  ha.SCMHANodeDetails (ConfUtils.java:setNodeSpecificConfigs(105)) - Setting configuration key ozone.scm.https-address with value of key ozone.scm.https-address.scm-service-test1.scmNode-3: 127.0.0.1:12399
2021-05-22 19:12:13,320 [Listener at 0.0.0.0/12393] INFO  ha.SCMHANodeDetails (ConfUtils.java:setNodeSpecificConfigs(105)) - Setting configuration key ozone.scm.address with value of key ozone.scm.address.scm-service-test1.scmNode-3: 127.0.0.1
2021-05-22 19:12:13,320 [Listener at 0.0.0.0/12393] WARN  scm.ScmUtils (ScmUtils.java:logWarn(179)) - ConfigKey ozone.scm.block.client.address is deprecated, For configuring different ports for each SCM use PortConfigKey ozone.scm.block.client.port appended with serviceId and nodeId. If want to configure same port configure ozone.scm.block.client.port
2021-05-22 19:12:13,321 [Listener at 0.0.0.0/12393] WARN  scm.ScmUtils (ScmUtils.java:logWarn(179)) - ConfigKey ozone.scm.client.address is deprecated, For configuring different ports for each SCM use PortConfigKey ozone.scm.client.port appended with serviceId and nodeId. If want to configure same port configure ozone.scm.client.port
2021-05-22 19:12:13,321 [Listener at 0.0.0.0/12393] WARN  scm.ScmUtils (ScmUtils.java:logWarn(179)) - ConfigKey ozone.scm.datanode.address is deprecated, For configuring different ports for each SCM use PortConfigKey ozone.scm.datanode.port appended with serviceId and nodeId. If want to configure same port configure ozone.scm.datanode.port
2021-05-22 19:12:13,321 [Listener at 0.0.0.0/12393] WARN  server.ServerUtils (ServerUtils.java:getScmDbDir(148)) - ozone.scm.db.dirs is not configured. We recommend adding this setting. Falling back to ozone.metadata.dirs instead.
2021-05-22 19:12:13,324 [Listener at 0.0.0.0/12393] INFO  ha.SCMNodeInfo (SCMNodeInfo.java:getPort(197)) - ConfigKey ozone.scm.client.address is deprecated, For configuring different ports for each SCM use PortConfigKey ozone.scm.client.port appended with serviceId and nodeId
2021-05-22 19:12:13,324 [Listener at 0.0.0.0/12393] INFO  ha.SCMNodeInfo (SCMNodeInfo.java:getPort(197)) - ConfigKey ozone.scm.block.client.address is deprecated, For configuring different ports for each SCM use PortConfigKey ozone.scm.block.client.port appended with serviceId and nodeId
2021-05-22 19:12:13,324 [Listener at 0.0.0.0/12393] INFO  ha.SCMNodeInfo (SCMNodeInfo.java:getPort(197)) - ConfigKey ozone.scm.datanode.address is deprecated, For configuring different ports for each SCM use PortConfigKey ozone.scm.datanode.port appended with serviceId and nodeId
2021-05-22 19:12:13,325 [Listener at 0.0.0.0/12393] INFO  ha.SCMNodeInfo (SCMNodeInfo.java:getPort(197)) - ConfigKey ozone.scm.client.address is deprecated, For configuring different ports for each SCM use PortConfigKey ozone.scm.client.port appended with serviceId and nodeId
2021-05-22 19:12:13,325 [Listener at 0.0.0.0/12393] INFO  ha.SCMNodeInfo (SCMNodeInfo.java:getPort(197)) - ConfigKey ozone.scm.block.client.address is deprecated, For configuring different ports for each SCM use PortConfigKey ozone.scm.block.client.port appended with serviceId and nodeId
2021-05-22 19:12:13,325 [Listener at 0.0.0.0/12393] INFO  ha.SCMNodeInfo (SCMNodeInfo.java:getPort(197)) - ConfigKey ozone.scm.datanode.address is deprecated, For configuring different ports for each SCM use PortConfigKey ozone.scm.datanode.port appended with serviceId and nodeId
2021-05-22 19:12:13,325 [Listener at 0.0.0.0/12393] INFO  ha.SCMNodeInfo (SCMNodeInfo.java:getPort(197)) - ConfigKey ozone.scm.client.address is deprecated, For configuring different ports for each SCM use PortConfigKey ozone.scm.client.port appended with serviceId and nodeId
2021-05-22 19:12:13,326 [Listener at 0.0.0.0/12393] INFO  ha.SCMNodeInfo (SCMNodeInfo.java:getPort(197)) - ConfigKey ozone.scm.block.client.address is deprecated, For configuring different ports for each SCM use PortConfigKey ozone.scm.block.client.port appended with serviceId and nodeId
2021-05-22 19:12:13,326 [Listener at 0.0.0.0/12393] INFO  ha.SCMNodeInfo (SCMNodeInfo.java:getPort(197)) - ConfigKey ozone.scm.datanode.address is deprecated, For configuring different ports for each SCM use PortConfigKey ozone.scm.datanode.port appended with serviceId and nodeId
2021-05-22 19:12:13,336 [Listener at 0.0.0.0/12393] INFO  server.StorageContainerManager (StorageContainerManager.java:scmBootstrap(906)) - SCM BootStrap  is successful for ClusterID 5713c1a7-fb90-4566-9593-6537b218274a, SCMID 8a633b72-b43a-415e-aba0-49de5ef1a57a
2021-05-22 19:12:13,336 [Listener at 0.0.0.0/12393] INFO  server.StorageContainerManager (StorageContainerManager.java:scmBootstrap(908)) - Primary SCM Node ID b5b91537-3281-48b1-9597-8f2f653ada85
2021-05-22 19:12:13,337 [Listener at 0.0.0.0/12393] INFO  ha.SCMHANodeDetails (SCMHANodeDetails.java:loadSCMHAConfig(149)) - ServiceID for StorageContainerManager is scm-service-test1
2021-05-22 19:12:13,337 [Listener at 0.0.0.0/12393] INFO  ha.SCMHANodeDetails (SCMHANodeDetails.java:loadSCMHAConfig(160)) - ServiceID for StorageContainerManager is scm-service-test1
2021-05-22 19:12:13,338 [Listener at 0.0.0.0/12393] WARN  scm.ScmUtils (ScmUtils.java:logWarn(179)) - ConfigKey ozone.scm.block.client.address is deprecated, For configuring different ports for each SCM use PortConfigKey ozone.scm.block.client.port appended with serviceId and nodeId. If want to configure same port configure ozone.scm.block.client.port
2021-05-22 19:12:13,339 [Listener at 0.0.0.0/12393] WARN  scm.ScmUtils (ScmUtils.java:logWarn(179)) - ConfigKey ozone.scm.client.address is deprecated, For configuring different ports for each SCM use PortConfigKey ozone.scm.client.port appended with serviceId and nodeId. If want to configure same port configure ozone.scm.client.port
2021-05-22 19:12:13,339 [Listener at 0.0.0.0/12393] WARN  scm.ScmUtils (ScmUtils.java:logWarn(179)) - ConfigKey ozone.scm.datanode.address is deprecated, For configuring different ports for each SCM use PortConfigKey ozone.scm.datanode.port appended with serviceId and nodeId. If want to configure same port configure ozone.scm.datanode.port
2021-05-22 19:12:13,340 [Listener at 0.0.0.0/12393] WARN  scm.ScmUtils (ScmUtils.java:logWarn(179)) - ConfigKey ozone.scm.block.client.address is deprecated, For configuring different ports for each SCM use PortConfigKey ozone.scm.block.client.port appended with serviceId and nodeId. If want to configure same port configure ozone.scm.block.client.port
2021-05-22 19:12:13,340 [Listener at 0.0.0.0/12393] WARN  scm.ScmUtils (ScmUtils.java:logWarn(179)) - ConfigKey ozone.scm.client.address is deprecated, For configuring different ports for each SCM use PortConfigKey ozone.scm.client.port appended with serviceId and nodeId. If want to configure same port configure ozone.scm.client.port
2021-05-22 19:12:13,341 [Listener at 0.0.0.0/12393] WARN  scm.ScmUtils (ScmUtils.java:logWarn(179)) - ConfigKey ozone.scm.datanode.address is deprecated, For configuring different ports for each SCM use PortConfigKey ozone.scm.datanode.port appended with serviceId and nodeId. If want to configure same port configure ozone.scm.datanode.port
2021-05-22 19:12:13,341 [Listener at 0.0.0.0/12393] INFO  ha.SCMHANodeDetails (SCMHANodeDetails.java:loadSCMHAConfig(242)) - Found matching SCM address with SCMServiceId: scm-service-test1, SCMNodeId: scmNode-3, RPC Address: localhost:12400 and Ratis port: 12400
2021-05-22 19:12:13,341 [Listener at 0.0.0.0/12393] INFO  ha.SCMHANodeDetails (ConfUtils.java:setNodeSpecificConfigs(105)) - Setting configuration key ozone.scm.datanode.address with value of key ozone.scm.datanode.address.scm-service-test1.scmNode-3: 127.0.0.1:12401
2021-05-22 19:12:13,342 [Listener at 0.0.0.0/12393] INFO  ha.SCMHANodeDetails (ConfUtils.java:setNodeSpecificConfigs(105)) - Setting configuration key ozone.scm.block.client.address with value of key ozone.scm.block.client.address.scm-service-test1.scmNode-3: 127.0.0.1:12402
2021-05-22 19:12:13,342 [Listener at 0.0.0.0/12393] INFO  ha.SCMHANodeDetails (ConfUtils.java:setNodeSpecificConfigs(105)) - Setting configuration key ozone.scm.client.address with value of key ozone.scm.client.address.scm-service-test1.scmNode-3: 127.0.0.1:12403
2021-05-22 19:12:13,342 [Listener at 0.0.0.0/12393] INFO  ha.SCMHANodeDetails (ConfUtils.java:setNodeSpecificConfigs(105)) - Setting configuration key ozone.scm.ratis.port with value of key ozone.scm.ratis.port.scm-service-test1.scmNode-3: 12400
2021-05-22 19:12:13,342 [Listener at 0.0.0.0/12393] INFO  ha.SCMHANodeDetails (ConfUtils.java:setNodeSpecificConfigs(105)) - Setting configuration key ozone.scm.grpc.port with value of key ozone.scm.grpc.port.scm-service-test1.scmNode-3: 12404
2021-05-22 19:12:13,343 [Listener at 0.0.0.0/12393] INFO  ha.SCMHANodeDetails (ConfUtils.java:setNodeSpecificConfigs(105)) - Setting configuration key ozone.scm.http-address with value of key ozone.scm.http-address.scm-service-test1.scmNode-3: 127.0.0.1:12398
2021-05-22 19:12:13,343 [Listener at 0.0.0.0/12393] INFO  ha.SCMHANodeDetails (ConfUtils.java:setNodeSpecificConfigs(105)) - Setting configuration key ozone.scm.https-address with value of key ozone.scm.https-address.scm-service-test1.scmNode-3: 127.0.0.1:12399
2021-05-22 19:12:13,343 [Listener at 0.0.0.0/12393] INFO  ha.SCMHANodeDetails (ConfUtils.java:setNodeSpecificConfigs(105)) - Setting configuration key ozone.scm.address with value of key ozone.scm.address.scm-service-test1.scmNode-3: 127.0.0.1
2021-05-22 19:12:13,344 [Listener at 0.0.0.0/12393] WARN  scm.ScmUtils (ScmUtils.java:logWarn(179)) - ConfigKey ozone.scm.block.client.address is deprecated, For configuring different ports for each SCM use PortConfigKey ozone.scm.block.client.port appended with serviceId and nodeId. If want to configure same port configure ozone.scm.block.client.port
2021-05-22 19:12:13,344 [Listener at 0.0.0.0/12393] WARN  scm.ScmUtils (ScmUtils.java:logWarn(179)) - ConfigKey ozone.scm.client.address is deprecated, For configuring different ports for each SCM use PortConfigKey ozone.scm.client.port appended with serviceId and nodeId. If want to configure same port configure ozone.scm.client.port
2021-05-22 19:12:13,345 [Listener at 0.0.0.0/12393] WARN  scm.ScmUtils (ScmUtils.java:logWarn(179)) - ConfigKey ozone.scm.datanode.address is deprecated, For configuring different ports for each SCM use PortConfigKey ozone.scm.datanode.port appended with serviceId and nodeId. If want to configure same port configure ozone.scm.datanode.port
2021-05-22 19:12:13,351 [Listener at 0.0.0.0/12393] WARN  server.ServerUtils (ServerUtils.java:getScmDbDir(148)) - ozone.scm.db.dirs is not configured. We recommend adding this setting. Falling back to ozone.metadata.dirs instead.
2021-05-22 19:12:13,351 [Listener at 0.0.0.0/12393] WARN  utils.HAUtils (HAUtils.java:getMetaDir(342)) - ozone.scm.db.dirs is not configured. We recommend adding this setting. Falling back to ozone.metadata.dirs instead.
2021-05-22 19:12:13,353 [Listener at 0.0.0.0/12393] WARN  db.DBStoreBuilder (DBStoreBuilder.java:applyDBDefinition(145)) - ozone.scm.db.dirs is not configured. We recommend adding this setting. Falling back to ozone.metadata.dirs instead.
2021-05-22 19:12:13,458 [Listener at 0.0.0.0/12393] INFO  net.NodeSchemaLoader (NodeSchemaLoader.java:loadSchemaFromFile(129)) - Loading schema from [jar:file:/home/user/.m2/repository/org/apache/hadoop/hadoop-hdds-common/1.2.0-SNAPSHOT/hadoop-hdds-common-1.2.0-SNAPSHOT.jar!/network-topology-default.xml, jar:file:/home/user/.m2/repository/org/apache/hadoop/hadoop-ozone-ozone-manager/1.2.0-SNAPSHOT/hadoop-ozone-ozone-manager-1.2.0-SNAPSHOT-tests.jar!/network-topology-default.xml, jar:file:/home/user/.m2/repository/org/apache/hadoop/hadoop-hdds-server-scm/1.2.0-SNAPSHOT/hadoop-hdds-server-scm-1.2.0-SNAPSHOT-tests.jar!/network-topology-default.xml]
2021-05-22 19:12:13,458 [Listener at 0.0.0.0/12393] INFO  net.NodeSchemaLoader (NodeSchemaLoader.java:loadSchema(176)) - Loading network topology layer schema file
2021-05-22 19:12:13,465 [Listener at 0.0.0.0/12393] INFO  ha.SCMRatisServerImpl (SCMRatisServerImpl.java:<init>(86)) - starting Raft server for scm:8a633b72-b43a-415e-aba0-49de5ef1a57a
2021-05-22 19:12:13,470 [Listener at 0.0.0.0/12393] INFO  server.RaftServer (ConfUtils.java:logGet(44)) - raft.rpc.type = GRPC (default)
2021-05-22 19:12:13,471 [Listener at 0.0.0.0/12393] INFO  grpc.GrpcFactory (GrpcFactory.java:checkPooledByteBufAllocatorUseCacheForAllThreads(48)) - PERFORMANCE WARNING: useCacheForAllThreads is true that may cause Netty to create a lot garbage objects and, as a result, trigger GC.
	It is recommended to disable useCacheForAllThreads by setting -Dorg.apache.ratis.thirdparty.io.netty.allocator.useCacheForAllThreads=false in command line.
2021-05-22 19:12:13,471 [Listener at 0.0.0.0/12393] INFO  grpc.GrpcConfigKeys (ConfUtils.java:logGet(44)) - raft.grpc.admin.port = -1 (default)
2021-05-22 19:12:13,471 [Listener at 0.0.0.0/12393] INFO  grpc.GrpcConfigKeys (ConfUtils.java:logGet(44)) - raft.grpc.server.port = 12400 (custom)
2021-05-22 19:12:13,472 [Listener at 0.0.0.0/12393] INFO  grpc.GrpcConfigKeys (ConfUtils.java:logGet(44)) - raft.grpc.client.port = -1 (default)
2021-05-22 19:12:13,472 [Listener at 0.0.0.0/12393] INFO  grpc.GrpcConfigKeys (ConfUtils.java:logGet(44)) - raft.grpc.server.port = 12400 (custom)
2021-05-22 19:12:13,472 [Listener at 0.0.0.0/12393] INFO  grpc.GrpcConfigKeys (ConfUtils.java:logGet(44)) - raft.grpc.server.port = 12400 (custom)
2021-05-22 19:12:13,472 [Listener at 0.0.0.0/12393] INFO  server.GrpcService (ConfUtils.java:logGet(44)) - raft.grpc.message.size.max = 32m (=33554432) (custom)
2021-05-22 19:12:13,473 [Listener at 0.0.0.0/12393] INFO  server.RaftServerConfigKeys (ConfUtils.java:logGet(44)) - raft.server.log.appender.buffer.byte-limit = 33554432 (custom)
2021-05-22 19:12:13,473 [Listener at 0.0.0.0/12393] INFO  server.GrpcService (ConfUtils.java:logGet(44)) - raft.grpc.flow.control.window = 1MB (=1048576) (default)
2021-05-22 19:12:13,473 [Listener at 0.0.0.0/12393] INFO  server.RaftServerConfigKeys (ConfUtils.java:logGet(44)) - raft.server.rpc.request.timeout = 3000ms (default)
2021-05-22 19:12:13,475 [Listener at 0.0.0.0/12393] INFO  impl.DataStreamServerImpl (ConfUtils.java:logGet(44)) - raft.datastream.type = DISABLED (default)
2021-05-22 19:12:13,477 [Listener at 0.0.0.0/12393] INFO  server.RaftServerConfigKeys (ConfUtils.java:logGet(44)) - raft.server.rpc.slowness.timeout = 120000ms (custom)
2021-05-22 19:12:13,477 [Listener at 0.0.0.0/12393] INFO  server.RaftServerConfigKeys (ConfUtils.java:logGet(44)) - raft.server.leaderelection.leader.step-down.wait-time = 10s (default)
2021-05-22 19:12:13,477 [Listener at 0.0.0.0/12393] INFO  server.RaftServerConfigKeys (ConfUtils.java:logGet(44)) - raft.server.storage.dir = [/github/workspace/mnt/ozone/hadoop-ozone/integration-test/target/test-dir/MiniOzoneClusterImpl-5713c1a7-fb90-4566-9593-6537b218274a/scmNode-3/scm-ha] (custom)
2021-05-22 19:12:13,478 [Listener at 0.0.0.0/12393] INFO  server.RaftServer (RaftServerProxy.java:addNew(95)) - 8a633b72-b43a-415e-aba0-49de5ef1a57a: addNew group-6537B218274A:[] returns group-6537B218274A:java.util.concurrent.CompletableFuture@1764e45e[Not completed]
2021-05-22 19:12:13,478 [pool-54-thread-1] INFO  server.RaftServer$Division (RaftServerImpl.java:<init>(180)) - 8a633b72-b43a-415e-aba0-49de5ef1a57a: new RaftServerImpl for group-6537B218274A:[] with SCMStateMachine:uninitialized
2021-05-22 19:12:13,481 [pool-54-thread-1] INFO  server.RaftServerConfigKeys (ConfUtils.java:logGet(44)) - raft.server.rpc.timeout.min = 5000ms (custom)
2021-05-22 19:12:13,481 [pool-54-thread-1] INFO  server.RaftServerConfigKeys (ConfUtils.java:logGet(44)) - raft.server.rpc.timeout.max = 5200ms (custom)
2021-05-22 19:12:13,482 [pool-54-thread-1] INFO  server.RaftServerConfigKeys (ConfUtils.java:logGet(44)) - raft.server.rpc.sleep.time = 25ms (default)
2021-05-22 19:12:13,482 [pool-54-thread-1] INFO  server.RaftServerConfigKeys (ConfUtils.java:logGet(44)) - raft.server.rpc.slowness.timeout = 120000ms (custom)
2021-05-22 19:12:13,482 [pool-54-thread-1] INFO  server.RaftServerConfigKeys (ConfUtils.java:logGet(44)) - raft.server.leaderelection.leader.step-down.wait-time = 10s (default)
2021-05-22 19:12:13,482 [pool-54-thread-1] INFO  server.RaftServerConfigKeys (ConfUtils.java:logGet(44)) - raft.server.sleep.deviation.threshold = 300ms (default)
2021-05-22 19:12:13,482 [pool-54-thread-1] INFO  server.RaftServerConfigKeys (ConfUtils.java:logGet(44)) - raft.server.log.appender.install.snapshot.enabled = false (custom)
2021-05-22 19:12:13,482 [pool-54-thread-1] INFO  server.RaftServer$Division (ServerState.java:<init>(105)) - 8a633b72-b43a-415e-aba0-49de5ef1a57a@group-6537B218274A: ConfigurationManager, init=-1: [], old=null, confs=<EMPTY_MAP>
2021-05-22 19:12:13,482 [pool-54-thread-1] INFO  server.RaftServerConfigKeys (ConfUtils.java:logGet(44)) - raft.server.storage.dir = [/github/workspace/mnt/ozone/hadoop-ozone/integration-test/target/test-dir/MiniOzoneClusterImpl-5713c1a7-fb90-4566-9593-6537b218274a/scmNode-3/scm-ha] (custom)
2021-05-22 19:12:13,483 [pool-54-thread-1] INFO  server.RaftServerConfigKeys (ConfUtils.java:logGet(44)) - raft.server.log.corruption.policy = EXCEPTION (default)
2021-05-22 19:12:13,483 [pool-54-thread-1] INFO  storage.RaftStorageDirectory (RaftStorageDirectoryImpl.java:analyzeStorage(132)) - The storage directory /github/workspace/mnt/ozone/hadoop-ozone/integration-test/target/test-dir/MiniOzoneClusterImpl-5713c1a7-fb90-4566-9593-6537b218274a/scmNode-3/scm-ha/5713c1a7-fb90-4566-9593-6537b218274a does not exist. Creating ...
2021-05-22 19:12:13,485 [pool-54-thread-1] INFO  storage.RaftStorageDirectory (RaftStorageDirectoryImpl.java:tryLock(215)) - Lock on /github/workspace/mnt/ozone/hadoop-ozone/integration-test/target/test-dir/MiniOzoneClusterImpl-5713c1a7-fb90-4566-9593-6537b218274a/scmNode-3/scm-ha/5713c1a7-fb90-4566-9593-6537b218274a/in_use.lock acquired by nodename 10976@a9243b6273c1
2021-05-22 19:12:13,486 [pool-54-thread-1] INFO  storage.RaftStorage (RaftStorageImpl.java:format(87)) - Storage directory /github/workspace/mnt/ozone/hadoop-ozone/integration-test/target/test-dir/MiniOzoneClusterImpl-5713c1a7-fb90-4566-9593-6537b218274a/scmNode-3/scm-ha/5713c1a7-fb90-4566-9593-6537b218274a has been successfully formatted.
2021-05-22 19:12:13,487 [pool-54-thread-1] INFO  server.RaftServerConfigKeys (ConfUtils.java:logGet(44)) - raft.server.notification.no-leader.timeout = 60s (default)
2021-05-22 19:12:13,487 [pool-54-thread-1] INFO  server.RaftServerConfigKeys (ConfUtils.java:logGet(44)) - raft.server.log.use.memory = false (default)
2021-05-22 19:12:13,487 [pool-54-thread-1] INFO  server.RaftServerConfigKeys (ConfUtils.java:logGet(44)) - raft.server.log.purge.gap = 5 (custom)
2021-05-22 19:12:13,487 [pool-54-thread-1] INFO  server.RaftServerConfigKeys (ConfUtils.java:logGet(44)) - raft.server.log.appender.buffer.byte-limit = 33554432 (custom)
2021-05-22 19:12:13,487 [pool-54-thread-1] INFO  metrics.RatisMetrics (RatisMetrics.java:lambda$create$0(36)) - Creating Metrics Registry : ratis.log_worker.8a633b72-b43a-415e-aba0-49de5ef1a57a@group-6537B218274A
2021-05-22 19:12:13,487 [pool-54-thread-1] WARN  impl.MetricRegistriesImpl (MetricRegistriesImpl.java:lambda$create$1(65)) - First MetricRegistry has been created without registering reporters. You may need to call MetricRegistries.global().addReporterRegistration(...) before.
2021-05-22 19:12:13,487 [pool-54-thread-1] INFO  server.RaftServerConfigKeys (ConfUtils.java:logGet(44)) - raft.server.log.segment.size.max = 16384 (custom)
2021-05-22 19:12:13,488 [pool-54-thread-1] INFO  server.RaftServerConfigKeys (ConfUtils.java:logGet(44)) - raft.server.log.segment.cache.num.max = 2 (custom)
2021-05-22 19:12:13,488 [pool-54-thread-1] INFO  server.RaftServerConfigKeys (ConfUtils.java:logGet(44)) - raft.server.log.segment.cache.size.max = 200MB (=209715200) (default)
2021-05-22 19:12:13,488 [pool-54-thread-1] INFO  segmented.SegmentedRaftLogWorker (SegmentedRaftLogWorker.java:<init>(182)) - new 8a633b72-b43a-415e-aba0-49de5ef1a57a@group-6537B218274A-SegmentedRaftLogWorker for RaftStorageImpl:Storage Directory /github/workspace/mnt/ozone/hadoop-ozone/integration-test/target/test-dir/MiniOzoneClusterImpl-5713c1a7-fb90-4566-9593-6537b218274a/scmNode-3/scm-ha/5713c1a7-fb90-4566-9593-6537b218274a
2021-05-22 19:12:13,488 [pool-54-thread-1] INFO  server.RaftServerConfigKeys (ConfUtils.java:logGet(44)) - raft.server.log.queue.byte-limit = 64MB (=67108864) (default)
2021-05-22 19:12:13,488 [pool-54-thread-1] INFO  server.RaftServerConfigKeys (ConfUtils.java:logGet(44)) - raft.server.log.queue.element-limit = 4096 (default)
2021-05-22 19:12:13,488 [pool-54-thread-1] INFO  server.RaftServerConfigKeys (ConfUtils.java:logGet(44)) - raft.server.log.segment.size.max = 16384 (custom)
2021-05-22 19:12:13,488 [pool-54-thread-1] INFO  server.RaftServerConfigKeys (ConfUtils.java:logGet(44)) - raft.server.log.preallocated.size = 16384 (custom)
2021-05-22 19:12:13,489 [pool-54-thread-1] INFO  server.RaftServerConfigKeys (ConfUtils.java:logGet(44)) - raft.server.log.force.sync.num = 128 (default)
2021-05-22 19:12:13,489 [pool-54-thread-1] INFO  server.RaftServerConfigKeys (ConfUtils.java:logGet(44)) - raft.server.log.statemachine.data.sync = true (default)
2021-05-22 19:12:13,489 [pool-54-thread-1] INFO  server.RaftServerConfigKeys (ConfUtils.java:logGet(44)) - raft.server.log.statemachine.data.sync.timeout = 10s (default)
2021-05-22 19:12:13,489 [pool-54-thread-1] INFO  server.RaftServerConfigKeys (ConfUtils.java:logGet(44)) - raft.server.log.statemachine.data.sync.timeout.retry = -1 (default)
2021-05-22 19:12:13,490 [pool-54-thread-1] INFO  server.RaftServerConfigKeys (ConfUtils.java:logGet(44)) - raft.server.log.write.buffer.size = 64KB (=65536) (default)
2021-05-22 19:12:13,490 [pool-54-thread-1] INFO  server.RaftServerConfigKeys (ConfUtils.java:logGet(44)) - raft.server.log.statemachine.data.caching.enabled = false (default)
2021-05-22 19:12:13,491 [pool-54-thread-1] INFO  segmented.SegmentedRaftLogWorker (SegmentedRaftLogWorker.java:lambda$new$0(133)) - 8a633b72-b43a-415e-aba0-49de5ef1a57a@group-6537B218274A-SegmentedRaftLogWorker: flushIndex: setUnconditionally 0 -> -1
2021-05-22 19:12:13,491 [pool-54-thread-1] INFO  segmented.SegmentedRaftLogWorker (SegmentedRaftLogWorker.java:lambda$new$0(133)) - 8a633b72-b43a-415e-aba0-49de5ef1a57a@group-6537B218274A-SegmentedRaftLogWorker: safeCacheEvictIndex: setUnconditionally 0 -> -1
2021-05-22 19:12:13,494 [pool-54-thread-1] INFO  server.RaftServerConfigKeys (ConfUtils.java:logGet(44)) - raft.server.snapshot.auto.trigger.enabled = true (custom)
2021-05-22 19:12:13,495 [pool-54-thread-1] INFO  server.RaftServerConfigKeys (ConfUtils.java:logGet(44)) - raft.server.snapshot.auto.trigger.threshold = 5 (custom)
2021-05-22 19:12:13,495 [pool-54-thread-1] INFO  server.RaftServerConfigKeys (ConfUtils.java:logGet(44)) - raft.server.snapshot.retention.file.num = -1 (default)
2021-05-22 19:12:13,495 [pool-54-thread-1] INFO  server.RaftServerConfigKeys (ConfUtils.java:logGet(44)) - raft.server.log.purge.upto.snapshot.index = true (custom)
2021-05-22 19:12:13,495 [pool-54-thread-1] INFO  server.RaftServerConfigKeys (ConfUtils.java:logGet(44)) - raft.server.retrycache.expirytime = 60000ms (default)
2021-05-22 19:12:13,495 [pool-54-thread-1] INFO  server.RaftServerConfigKeys (ConfUtils.java:logGet(44)) - raft.server.retrycache.statistics.expirytime = 100?s (default)
2021-05-22 19:12:13,495 [pool-54-thread-1] INFO  metrics.RatisMetrics (RatisMetrics.java:lambda$create$0(36)) - Creating Metrics Registry : ratis.leader_election.8a633b72-b43a-415e-aba0-49de5ef1a57a@group-6537B218274A
2021-05-22 19:12:13,495 [pool-54-thread-1] WARN  impl.MetricRegistriesImpl (MetricRegistriesImpl.java:lambda$create$1(65)) - First MetricRegistry has been created without registering reporters. You may need to call MetricRegistries.global().addReporterRegistration(...) before.
2021-05-22 19:12:13,496 [pool-54-thread-1] INFO  metrics.RatisMetrics (RatisMetrics.java:lambda$create$0(36)) - Creating Metrics Registry : ratis.server.8a633b72-b43a-415e-aba0-49de5ef1a57a@group-6537B218274A
2021-05-22 19:12:13,496 [pool-54-thread-1] WARN  impl.MetricRegistriesImpl (MetricRegistriesImpl.java:lambda$create$1(65)) - First MetricRegistry has been created without registering reporters. You may need to call MetricRegistries.global().addReporterRegistration(...) before.
2021-05-22 19:12:13,496 [Listener at 0.0.0.0/12393] INFO  ha.SCMSnapshotProvider (SCMSnapshotProvider.java:<init>(66)) - Initializing SCM Snapshot Provider
2021-05-22 19:12:13,497 [Listener at 0.0.0.0/12393] WARN  server.ServerUtils (ServerUtils.java:getDefaultRatisDirectory(237)) - Storage directory for Ratis is not configured. It is a good idea to map this to an SSD disk. Falling back to ozone.metadata.dirs
2021-05-22 19:12:13,497 [Listener at 0.0.0.0/12393] WARN  ha.SCMHAUtils (SCMHAUtils.java:getSCMRatisSnapshotDirectory(134)) - SCM snapshot dir is not configured. Falling back to ozone.metadata.dirs config
2021-05-22 19:12:13,500 [Listener at 0.0.0.0/12393] INFO  ha.SequenceIdGenerator (SequenceIdGenerator.java:upgradeToSequenceId(300)) - upgrade localId to 107544261427200000
2021-05-22 19:12:13,501 [Listener at 0.0.0.0/12393] INFO  ha.SequenceIdGenerator (SequenceIdGenerator.java:upgradeToSequenceId(310)) - upgrade delTxnId to 0
2021-05-22 19:12:13,501 [Listener at 0.0.0.0/12393] INFO  ha.SequenceIdGenerator (SequenceIdGenerator.java:upgradeToSequenceId(324)) - upgrade containerId to 0
2021-05-22 19:12:13,503 [Listener at 0.0.0.0/12393] INFO  ha.SequenceIdGenerator (SequenceIdGenerator.java:<init>(196)) - Init the HA SequenceIdGenerator.
2021-05-22 19:12:13,504 [Listener at 0.0.0.0/12393] WARN  server.ServerUtils (ServerUtils.java:sanitizeUserArgs(73)) - ozone.scm.stale.node.interval value = 300000 is larger than max = 100000 based on the key value of ozone.scm.heartbeat.thread.interval, reset to the max value 100000.
2021-05-22 19:12:13,504 [Listener at 0.0.0.0/12393] WARN  server.ServerUtils (ServerUtils.java:sanitizeUserArgs(73)) - ozone.scm.stale.node.interval value = 300000 is larger than max = 100000 based on the key value of ozone.scm.heartbeat.thread.interval, reset to the max value 100000.
2021-05-22 19:12:13,504 [Listener at 0.0.0.0/12393] INFO  node.SCMNodeManager (SCMNodeManager.java:<init>(125)) - Entering startup safe mode.
2021-05-22 19:12:13,508 [Listener at 0.0.0.0/12393] INFO  algorithms.ContainerPlacementPolicyFactory (ContainerPlacementPolicyFactory.java:getPolicy(60)) - Create container placement policy of type org.apache.hadoop.hdds.scm.container.placement.algorithms.SCMContainerPlacementRandom
2021-05-22 19:12:13,508 [Listener at 0.0.0.0/12393] INFO  pipeline.PipelineStateManager (PipelineStateManagerV2Impl.java:initialize(78)) - No pipeline exists in current db
2021-05-22 19:12:13,509 [Listener at 0.0.0.0/12393] INFO  algorithms.LeaderChoosePolicyFactory (LeaderChoosePolicyFactory.java:getPolicy(57)) - Create leader choose policy of type org.apache.hadoop.hdds.scm.pipeline.leader.choose.algorithms.MinLeaderCountChoosePolicy
2021-05-22 19:12:13,509 [Listener at 0.0.0.0/12393] INFO  ha.SCMServiceManager (SCMServiceManager.java:register(43)) - Registering service BackgroundPipelineCreator.
2021-05-22 19:12:13,509 [Listener at 0.0.0.0/12393] INFO  pipeline.BackgroundPipelineCreator (BackgroundPipelineCreatorV2.java:start(130)) - Starting RatisPipelineUtilsThread.
2021-05-22 19:12:13,514 [Listener at 0.0.0.0/12393] INFO  algorithms.PipelineChoosePolicyFactory (PipelineChoosePolicyFactory.java:createPipelineChoosePolicyFromClass(73)) - Create pipeline choose policy of type org.apache.hadoop.hdds.scm.pipeline.choose.algorithms.RandomPipelineChoosePolicy
2021-05-22 19:12:13,515 [Listener at 0.0.0.0/12393] INFO  ha.SCMServiceManager (SCMServiceManager.java:register(43)) - Registering service SCMBlockDeletingService.
2021-05-22 19:12:13,520 [Listener at 0.0.0.0/12393] INFO  ha.SCMServiceManager (SCMServiceManager.java:register(43)) - Registering service ReplicationManager.
2021-05-22 19:12:13,521 [Listener at 0.0.0.0/12393] INFO  container.ReplicationManager (ReplicationManager.java:start(226)) - Starting Replication Monitor Thread.
2021-05-22 19:12:13,532 [ReplicationMonitor] INFO  container.ReplicationManager (ReplicationManager.java:run(290)) - Replication Monitor Thread took 0 milliseconds for processing 0 containers.
2021-05-22 19:12:13,532 [Listener at 0.0.0.0/12393] INFO  safemode.HealthyPipelineSafeModeRule (HealthyPipelineSafeModeRule.java:<init>(90)) - Total pipeline count is 0, healthy pipeline threshold count is 0
2021-05-22 19:12:13,533 [Listener at 0.0.0.0/12393] INFO  safemode.OneReplicaPipelineSafeModeRule (OneReplicaPipelineSafeModeRule.java:<init>(86)) - Total pipeline count is 0, pipeline's with at least one datanode reported threshold count is 0
2021-05-22 19:12:13,534 [Listener at 0.0.0.0/12393] INFO  ipc.CallQueueManager (CallQueueManager.java:<init>(85)) - Using callQueue: class java.util.concurrent.LinkedBlockingQueue, queueCapacity: 2000, scheduler: class org.apache.hadoop.ipc.DefaultRpcScheduler, ipcBackoff: false.
2021-05-22 19:12:13,535 [Socket Reader #1 for port 12401] INFO  ipc.Server (Server.java:run(1255)) - Starting Socket Reader #1 for port 12401
2021-05-22 19:12:13,537 [Listener at 0.0.0.0/12401] INFO  ipc.CallQueueManager (CallQueueManager.java:<init>(85)) - Using callQueue: class java.util.concurrent.LinkedBlockingQueue, queueCapacity: 2000, scheduler: class org.apache.hadoop.ipc.DefaultRpcScheduler, ipcBackoff: false.
2021-05-22 19:12:13,538 [Socket Reader #1 for port 12402] INFO  ipc.Server (Server.java:run(1255)) - Starting Socket Reader #1 for port 12402
2021-05-22 19:12:13,542 [Listener at 0.0.0.0/12402] INFO  ipc.CallQueueManager (CallQueueManager.java:<init>(85)) - Using callQueue: class java.util.concurrent.LinkedBlockingQueue, queueCapacity: 2000, scheduler: class org.apache.hadoop.ipc.DefaultRpcScheduler, ipcBackoff: false.
2021-05-22 19:12:13,543 [Socket Reader #1 for port 12403] INFO  ipc.Server (Server.java:run(1255)) - Starting Socket Reader #1 for port 12403
2021-05-22 19:12:13,551 [Listener at 0.0.0.0/12403] INFO  server.StorageContainerManager (StorageContainerManager.java:<init>(416)) - Container Balancer status:
Key                            Value
Running                        false
Container Balancer Configuration values:
Key                            Value
Threshold                      0.100000
Max Datanodes to Balance       5
Max Size to Move               10737418240B

2021-05-22 19:12:13,551 [Listener at 0.0.0.0/12403] WARN  events.EventQueue (EventQueue.java:fireEvent(185)) - No event handler registered for event TypedEvent{payloadType=SafeModeStatus, name='Safe mode status'}
2021-05-22 19:12:13,552 [Listener at 0.0.0.0/12403] INFO  ha.SCMContext (SCMContext.java:updateSafeModeStatus(147)) - Update SafeModeStatus from SafeModeStatus{safeModeStatus=true, preCheckPassed=false} to SafeModeStatus{safeModeStatus=true, preCheckPassed=false}.
2021-05-22 19:12:13,553 [Listener at 0.0.0.0/12403] INFO  ozone.MiniOzoneHAClusterImpl (MiniOzoneHAClusterImpl.java:createSCMService(540)) - Intialized SCM at org.apache.hadoop.hdds.scm.server.SCMClientProtocolServer@18bc1064. This SCM is currently inactive (not running).
2021-05-22 19:12:13,675 [Listener at 0.0.0.0/12403] INFO  ha.OMHANodeDetails (OMHANodeDetails.java:loadOMHAConfig(111)) - ServiceID for OzoneManager is om-service-test1
2021-05-22 19:12:13,678 [Listener at 0.0.0.0/12403] INFO  ha.OMHANodeDetails (OMHANodeDetails.java:loadOMHAConfig(187)) - Found matching OM address with OMServiceId: om-service-test1, OMNodeId: omNode-1, RPC Address: localhost:13280 and Ratis port: 13284
2021-05-22 19:12:13,678 [Listener at 0.0.0.0/12403] INFO  ha.OMHANodeDetails (ConfUtils.java:setNodeSpecificConfigs(105)) - Setting configuration key ozone.om.http-address with value of key ozone.om.http-address.om-service-test1.omNode-1: 127.0.0.1:13282
2021-05-22 19:12:13,679 [Listener at 0.0.0.0/12403] INFO  ha.OMHANodeDetails (ConfUtils.java:setNodeSpecificConfigs(105)) - Setting configuration key ozone.om.https-address with value of key ozone.om.https-address.om-service-test1.omNode-1: 127.0.0.1:13283
2021-05-22 19:12:13,679 [Listener at 0.0.0.0/12403] INFO  ha.OMHANodeDetails (ConfUtils.java:setNodeSpecificConfigs(105)) - Setting configuration key ozone.om.address with value of key ozone.om.address.om-service-test1.omNode-1: 127.0.0.1:13280
2021-05-22 19:12:13,681 [Listener at 0.0.0.0/12403] WARN  server.ServerUtils (ServerUtils.java:getDBPath(225)) - ozone.om.db.dirs is not configured. We recommend adding this setting. Falling back to ozone.metadata.dirs instead.
2021-05-22 19:12:13,683 [Listener at 0.0.0.0/12403] INFO  ha.SCMNodeInfo (SCMNodeInfo.java:getPort(197)) - ConfigKey ozone.scm.client.address is deprecated, For configuring different ports for each SCM use PortConfigKey ozone.scm.client.port appended with serviceId and nodeId
2021-05-22 19:12:13,683 [Listener at 0.0.0.0/12403] INFO  ha.SCMNodeInfo (SCMNodeInfo.java:getPort(197)) - ConfigKey ozone.scm.block.client.address is deprecated, For configuring different ports for each SCM use PortConfigKey ozone.scm.block.client.port appended with serviceId and nodeId
2021-05-22 19:12:13,684 [Listener at 0.0.0.0/12403] INFO  ha.SCMNodeInfo (SCMNodeInfo.java:getPort(197)) - ConfigKey ozone.scm.datanode.address is deprecated, For configuring different ports for each SCM use PortConfigKey ozone.scm.datanode.port appended with serviceId and nodeId
2021-05-22 19:12:13,684 [Listener at 0.0.0.0/12403] INFO  ha.SCMNodeInfo (SCMNodeInfo.java:getPort(197)) - ConfigKey ozone.scm.client.address is deprecated, For configuring different ports for each SCM use PortConfigKey ozone.scm.client.port appended with serviceId and nodeId
2021-05-22 19:12:13,684 [Listener at 0.0.0.0/12403] INFO  ha.SCMNodeInfo (SCMNodeInfo.java:getPort(197)) - ConfigKey ozone.scm.block.client.address is deprecated, For configuring different ports for each SCM use PortConfigKey ozone.scm.block.client.port appended with serviceId and nodeId
2021-05-22 19:12:13,684 [Listener at 0.0.0.0/12403] INFO  ha.SCMNodeInfo (SCMNodeInfo.java:getPort(197)) - ConfigKey ozone.scm.datanode.address is deprecated, For configuring different ports for each SCM use PortConfigKey ozone.scm.datanode.port appended with serviceId and nodeId
2021-05-22 19:12:13,684 [Listener at 0.0.0.0/12403] INFO  ha.SCMNodeInfo (SCMNodeInfo.java:getPort(197)) - ConfigKey ozone.scm.client.address is deprecated, For configuring different ports for each SCM use PortConfigKey ozone.scm.client.port appended with serviceId and nodeId
2021-05-22 19:12:13,685 [Listener at 0.0.0.0/12403] INFO  ha.SCMNodeInfo (SCMNodeInfo.java:getPort(197)) - ConfigKey ozone.scm.block.client.address is deprecated, For configuring different ports for each SCM use PortConfigKey ozone.scm.block.client.port appended with serviceId and nodeId
2021-05-22 19:12:13,685 [Listener at 0.0.0.0/12403] INFO  ha.SCMNodeInfo (SCMNodeInfo.java:getPort(197)) - ConfigKey ozone.scm.datanode.address is deprecated, For configuring different ports for each SCM use PortConfigKey ozone.scm.datanode.port appended with serviceId and nodeId
OM initialization succeeded.Current cluster id for sd=/github/workspace/mnt/ozone/hadoop-ozone/integration-test/target/test-dir/MiniOzoneClusterImpl-5713c1a7-fb90-4566-9593-6537b218274a/omNode-1/om;cid=5713c1a7-fb90-4566-9593-6537b218274a;layoutVersion=0
2021-05-22 19:12:13,695 [Listener at 0.0.0.0/12403] INFO  ha.OMHANodeDetails (OMHANodeDetails.java:loadOMHAConfig(111)) - ServiceID for OzoneManager is om-service-test1
2021-05-22 19:12:13,695 [Listener at 0.0.0.0/12403] INFO  ha.OMHANodeDetails (OMHANodeDetails.java:loadOMHAConfig(187)) - Found matching OM address with OMServiceId: om-service-test1, OMNodeId: omNode-1, RPC Address: localhost:13280 and Ratis port: 13284
2021-05-22 19:12:13,696 [Listener at 0.0.0.0/12403] INFO  ha.OMHANodeDetails (ConfUtils.java:setNodeSpecificConfigs(105)) - Setting configuration key ozone.om.http-address with value of key ozone.om.http-address.om-service-test1.omNode-1: 127.0.0.1:13282
2021-05-22 19:12:13,696 [Listener at 0.0.0.0/12403] INFO  ha.OMHANodeDetails (ConfUtils.java:setNodeSpecificConfigs(105)) - Setting configuration key ozone.om.https-address with value of key ozone.om.https-address.om-service-test1.omNode-1: 127.0.0.1:13283
2021-05-22 19:12:13,696 [Listener at 0.0.0.0/12403] INFO  ha.OMHANodeDetails (ConfUtils.java:setNodeSpecificConfigs(105)) - Setting configuration key ozone.om.address with value of key ozone.om.address.om-service-test1.omNode-1: 127.0.0.1:13280
2021-05-22 19:12:13,697 [Listener at 0.0.0.0/12403] WARN  server.ServerUtils (ServerUtils.java:getDBPath(225)) - ozone.om.db.dirs is not configured. We recommend adding this setting. Falling back to ozone.metadata.dirs instead.
2021-05-22 19:12:13,697 [Listener at 0.0.0.0/12403] WARN  server.ServerUtils (ServerUtils.java:getDBPath(225)) - ozone.om.db.dirs is not configured. We recommend adding this setting. Falling back to ozone.metadata.dirs instead.
2021-05-22 19:12:13,706 [Listener at 0.0.0.0/12403] INFO  ha.SCMNodeInfo (SCMNodeInfo.java:getPort(197)) - ConfigKey ozone.scm.client.address is deprecated, For configuring different ports for each SCM use PortConfigKey ozone.scm.client.port appended with serviceId and nodeId
2021-05-22 19:12:13,706 [Listener at 0.0.0.0/12403] INFO  ha.SCMNodeInfo (SCMNodeInfo.java:getPort(197)) - ConfigKey ozone.scm.block.client.address is deprecated, For configuring different ports for each SCM use PortConfigKey ozone.scm.block.client.port appended with serviceId and nodeId
2021-05-22 19:12:13,707 [Listener at 0.0.0.0/12403] INFO  ha.SCMNodeInfo (SCMNodeInfo.java:getPort(197)) - ConfigKey ozone.scm.datanode.address is deprecated, For configuring different ports for each SCM use PortConfigKey ozone.scm.datanode.port appended with serviceId and nodeId
2021-05-22 19:12:13,707 [Listener at 0.0.0.0/12403] INFO  ha.SCMNodeInfo (SCMNodeInfo.java:getPort(197)) - ConfigKey ozone.scm.client.address is deprecated, For configuring different ports for each SCM use PortConfigKey ozone.scm.client.port appended with serviceId and nodeId
2021-05-22 19:12:13,707 [Listener at 0.0.0.0/12403] INFO  ha.SCMNodeInfo (SCMNodeInfo.java:getPort(197)) - ConfigKey ozone.scm.block.client.address is deprecated, For configuring different ports for each SCM use PortConfigKey ozone.scm.block.client.port appended with serviceId and nodeId
2021-05-22 19:12:13,707 [Listener at 0.0.0.0/12403] INFO  ha.SCMNodeInfo (SCMNodeInfo.java:getPort(197)) - ConfigKey ozone.scm.datanode.address is deprecated, For configuring different ports for each SCM use PortConfigKey ozone.scm.datanode.port appended with serviceId and nodeId
2021-05-22 19:12:13,707 [Listener at 0.0.0.0/12403] INFO  ha.SCMNodeInfo (SCMNodeInfo.java:getPort(197)) - ConfigKey ozone.scm.client.address is deprecated, For configuring different ports for each SCM use PortConfigKey ozone.scm.client.port appended with serviceId and nodeId
2021-05-22 19:12:13,707 [Listener at 0.0.0.0/12403] INFO  ha.SCMNodeInfo (SCMNodeInfo.java:getPort(197)) - ConfigKey ozone.scm.block.client.address is deprecated, For configuring different ports for each SCM use PortConfigKey ozone.scm.block.client.port appended with serviceId and nodeId
2021-05-22 19:12:13,708 [Listener at 0.0.0.0/12403] INFO  ha.SCMNodeInfo (SCMNodeInfo.java:getPort(197)) - ConfigKey ozone.scm.datanode.address is deprecated, For configuring different ports for each SCM use PortConfigKey ozone.scm.datanode.port appended with serviceId and nodeId
2021-05-22 19:12:13,833 [Listener at 0.0.0.0/12403] INFO  ha.SCMNodeInfo (SCMNodeInfo.java:getPort(197)) - ConfigKey ozone.scm.client.address is deprecated, For configuring different ports for each SCM use PortConfigKey ozone.scm.client.port appended with serviceId and nodeId
2021-05-22 19:12:13,833 [Listener at 0.0.0.0/12403] INFO  ha.SCMNodeInfo (SCMNodeInfo.java:getPort(197)) - ConfigKey ozone.scm.block.client.address is deprecated, For configuring different ports for each SCM use PortConfigKey ozone.scm.block.client.port appended with serviceId and nodeId
2021-05-22 19:12:13,834 [Listener at 0.0.0.0/12403] INFO  ha.SCMNodeInfo (SCMNodeInfo.java:getPort(197)) - ConfigKey ozone.scm.datanode.address is deprecated, For configuring different ports for each SCM use PortConfigKey ozone.scm.datanode.port appended with serviceId and nodeId
2021-05-22 19:12:13,834 [Listener at 0.0.0.0/12403] INFO  ha.SCMNodeInfo (SCMNodeInfo.java:getPort(197)) - ConfigKey ozone.scm.client.address is deprecated, For configuring different ports for each SCM use PortConfigKey ozone.scm.client.port appended with serviceId and nodeId
2021-05-22 19:12:13,834 [Listener at 0.0.0.0/12403] INFO  ha.SCMNodeInfo (SCMNodeInfo.java:getPort(197)) - ConfigKey ozone.scm.block.client.address is deprecated, For configuring different ports for each SCM use PortConfigKey ozone.scm.block.client.port appended with serviceId and nodeId
2021-05-22 19:12:13,834 [Listener at 0.0.0.0/12403] INFO  ha.SCMNodeInfo (SCMNodeInfo.java:getPort(197)) - ConfigKey ozone.scm.datanode.address is deprecated, For configuring different ports for each SCM use PortConfigKey ozone.scm.datanode.port appended with serviceId and nodeId
2021-05-22 19:12:13,834 [Listener at 0.0.0.0/12403] INFO  ha.SCMNodeInfo (SCMNodeInfo.java:getPort(197)) - ConfigKey ozone.scm.client.address is deprecated, For configuring different ports for each SCM use PortConfigKey ozone.scm.client.port appended with serviceId and nodeId
2021-05-22 19:12:13,834 [Listener at 0.0.0.0/12403] INFO  ha.SCMNodeInfo (SCMNodeInfo.java:getPort(197)) - ConfigKey ozone.scm.block.client.address is deprecated, For configuring different ports for each SCM use PortConfigKey ozone.scm.block.client.port appended with serviceId and nodeId
2021-05-22 19:12:13,835 [Listener at 0.0.0.0/12403] INFO  ha.SCMNodeInfo (SCMNodeInfo.java:getPort(197)) - ConfigKey ozone.scm.datanode.address is deprecated, For configuring different ports for each SCM use PortConfigKey ozone.scm.datanode.port appended with serviceId and nodeId
2021-05-22 19:12:13,843 [Listener at 0.0.0.0/12403] INFO  ha.SCMNodeInfo (SCMNodeInfo.java:getPort(197)) - ConfigKey ozone.scm.client.address is deprecated, For configuring different ports for each SCM use PortConfigKey ozone.scm.client.port appended with serviceId and nodeId
2021-05-22 19:12:13,844 [Listener at 0.0.0.0/12403] INFO  ha.SCMNodeInfo (SCMNodeInfo.java:getPort(197)) - ConfigKey ozone.scm.block.client.address is deprecated, For configuring different ports for each SCM use PortConfigKey ozone.scm.block.client.port appended with serviceId and nodeId
2021-05-22 19:12:13,844 [Listener at 0.0.0.0/12403] INFO  ha.SCMNodeInfo (SCMNodeInfo.java:getPort(197)) - ConfigKey ozone.scm.datanode.address is deprecated, For configuring different ports for each SCM use PortConfigKey ozone.scm.datanode.port appended with serviceId and nodeId
2021-05-22 19:12:13,844 [Listener at 0.0.0.0/12403] INFO  ha.SCMNodeInfo (SCMNodeInfo.java:getPort(197)) - ConfigKey ozone.scm.client.address is deprecated, For configuring different ports for each SCM use PortConfigKey ozone.scm.client.port appended with serviceId and nodeId
2021-05-22 19:12:13,844 [Listener at 0.0.0.0/12403] INFO  ha.SCMNodeInfo (SCMNodeInfo.java:getPort(197)) - ConfigKey ozone.scm.block.client.address is deprecated, For configuring different ports for each SCM use PortConfigKey ozone.scm.block.client.port appended with serviceId and nodeId
2021-05-22 19:12:13,844 [Listener at 0.0.0.0/12403] INFO  ha.SCMNodeInfo (SCMNodeInfo.java:getPort(197)) - ConfigKey ozone.scm.datanode.address is deprecated, For configuring different ports for each SCM use PortConfigKey ozone.scm.datanode.port appended with serviceId and nodeId
2021-05-22 19:12:13,845 [Listener at 0.0.0.0/12403] INFO  ha.SCMNodeInfo (SCMNodeInfo.java:getPort(197)) - ConfigKey ozone.scm.client.address is deprecated, For configuring different ports for each SCM use PortConfigKey ozone.scm.client.port appended with serviceId and nodeId
2021-05-22 19:12:13,845 [Listener at 0.0.0.0/12403] INFO  ha.SCMNodeInfo (SCMNodeInfo.java:getPort(197)) - ConfigKey ozone.scm.block.client.address is deprecated, For configuring different ports for each SCM use PortConfigKey ozone.scm.block.client.port appended with serviceId and nodeId
2021-05-22 19:12:13,845 [Listener at 0.0.0.0/12403] INFO  ha.SCMNodeInfo (SCMNodeInfo.java:getPort(197)) - ConfigKey ozone.scm.datanode.address is deprecated, For configuring different ports for each SCM use PortConfigKey ozone.scm.datanode.port appended with serviceId and nodeId
2021-05-22 19:12:13,862 [Listener at 0.0.0.0/12403] WARN  server.ServerUtils (ServerUtils.java:getDBPath(225)) - ozone.om.db.dirs is not configured. We recommend adding this setting. Falling back to ozone.metadata.dirs instead.
2021-05-22 19:12:13,870 [Listener at 0.0.0.0/12403] INFO  codec.OmKeyInfoCodec (OmKeyInfoCodec.java:<init>(43)) - OmKeyInfoCodec ignorePipeline = true
2021-05-22 19:12:13,871 [Listener at 0.0.0.0/12403] INFO  codec.RepeatedOmKeyInfoCodec (RepeatedOmKeyInfoCodec.java:<init>(42)) - RepeatedOmKeyInfoCodec ignorePipeline = true
2021-05-22 19:12:14,092 [Listener at 0.0.0.0/12403] INFO  om.OzoneManager (OzoneManager.java:addS3GVolumeToDB(3765)) - Created Volume s3v With Owner jenkins1001 required for S3Gateway operations.
2021-05-22 19:12:14,097 [Listener at 0.0.0.0/12403] WARN  server.ServerUtils (ServerUtils.java:getDefaultRatisDirectory(237)) - Storage directory for Ratis is not configured. It is a good idea to map this to an SSD disk. Falling back to ozone.metadata.dirs
2021-05-22 19:12:14,098 [Listener at 0.0.0.0/12403] WARN  ratis.OzoneManagerRatisServer (OzoneManagerRatisServer.java:getOMRatisSnapshotDirectory(634)) - ozone.om.ratis.snapshot.dir is not configured. Falling back to ozone.metadata.dirs config
2021-05-22 19:12:14,103 [Listener at 0.0.0.0/12403] WARN  server.ServerUtils (ServerUtils.java:getDefaultRatisDirectory(237)) - Storage directory for Ratis is not configured. It is a good idea to map this to an SSD disk. Falling back to ozone.metadata.dirs
2021-05-22 19:12:14,106 [Listener at 0.0.0.0/12403] INFO  ratis.OzoneManagerRatisServer (OzoneManagerRatisServer.java:<init>(288)) - Instantiating OM Ratis server with GroupID: om-service-test1 and Raft Peers: localhost:13284
2021-05-22 19:12:14,110 [Listener at 0.0.0.0/12403] INFO  ratis.OzoneManagerStateMachine (OzoneManagerStateMachine.java:loadSnapshotInfoFromDB(520)) - LastAppliedIndex is set from TransactionInfo from OM DB as (t:0, i:~)
2021-05-22 19:12:14,122 [Listener at 0.0.0.0/12403] INFO  server.RaftServer (ConfUtils.java:logGet(44)) - raft.rpc.type = GRPC (default)
2021-05-22 19:12:14,123 [Listener at 0.0.0.0/12403] INFO  grpc.GrpcFactory (GrpcFactory.java:checkPooledByteBufAllocatorUseCacheForAllThreads(48)) - PERFORMANCE WARNING: useCacheForAllThreads is true that may cause Netty to create a lot garbage objects and, as a result, trigger GC.
	It is recommended to disable useCacheForAllThreads by setting -Dorg.apache.ratis.thirdparty.io.netty.allocator.useCacheForAllThreads=false in command line.
2021-05-22 19:12:14,123 [Listener at 0.0.0.0/12403] INFO  grpc.GrpcConfigKeys (ConfUtils.java:logGet(44)) - raft.grpc.admin.port = -1 (default)
2021-05-22 19:12:14,123 [Listener at 0.0.0.0/12403] INFO  grpc.GrpcConfigKeys (ConfUtils.java:logGet(44)) - raft.grpc.server.port = 13284 (custom)
2021-05-22 19:12:14,123 [Listener at 0.0.0.0/12403] INFO  grpc.GrpcConfigKeys (ConfUtils.java:logGet(44)) - raft.grpc.client.port = -1 (default)
2021-05-22 19:12:14,124 [Listener at 0.0.0.0/12403] INFO  grpc.GrpcConfigKeys (ConfUtils.java:logGet(44)) - raft.grpc.server.port = 13284 (custom)
2021-05-22 19:12:14,124 [Listener at 0.0.0.0/12403] INFO  grpc.GrpcConfigKeys (ConfUtils.java:logGet(44)) - raft.grpc.server.port = 13284 (custom)
2021-05-22 19:12:14,124 [Listener at 0.0.0.0/12403] INFO  server.GrpcService (ConfUtils.java:logGet(44)) - raft.grpc.message.size.max = 33554432 (custom)
2021-05-22 19:12:14,125 [Listener at 0.0.0.0/12403] INFO  server.RaftServerConfigKeys (ConfUtils.java:logGet(44)) - raft.server.log.appender.buffer.byte-limit = 33554432 (custom)
2021-05-22 19:12:14,125 [Listener at 0.0.0.0/12403] INFO  server.GrpcService (ConfUtils.java:logGet(44)) - raft.grpc.flow.control.window = 1MB (=1048576) (default)
2021-05-22 19:12:14,125 [Listener at 0.0.0.0/12403] INFO  server.RaftServerConfigKeys (ConfUtils.java:logGet(44)) - raft.server.rpc.request.timeout = 3000ms (default)
2021-05-22 19:12:14,188 [Listener at 0.0.0.0/12403] INFO  impl.DataStreamServerImpl (ConfUtils.java:logGet(44)) - raft.datastream.type = DISABLED (default)
2021-05-22 19:12:14,188 [Listener at 0.0.0.0/12403] INFO  server.RaftServerConfigKeys (ConfUtils.java:logGet(44)) - raft.server.rpc.slowness.timeout = 2s (custom)
2021-05-22 19:12:14,188 [Listener at 0.0.0.0/12403] INFO  server.RaftServerConfigKeys (ConfUtils.java:logGet(44)) - raft.server.leaderelection.leader.step-down.wait-time = 10s (default)
2021-05-22 19:12:14,190 [Listener at 0.0.0.0/12403] INFO  server.RaftServerConfigKeys (ConfUtils.java:logGet(44)) - raft.server.storage.dir = [/github/workspace/mnt/ozone/hadoop-ozone/integration-test/target/test-dir/MiniOzoneClusterImpl-5713c1a7-fb90-4566-9593-6537b218274a/omNode-1/ratis] (custom)
2021-05-22 19:12:14,191 [Listener at 0.0.0.0/12403] INFO  server.RaftServer (RaftServerProxy.java:addNew(95)) - omNode-1: addNew group-523986131536:[omNode-1|rpc:localhost:13284|priority:0] returns group-523986131536:java.util.concurrent.CompletableFuture@6e212f38[Not completed]
2021-05-22 19:12:14,191 [Listener at 0.0.0.0/12403] INFO  om.OzoneManager (OzoneManager.java:initializeRatisServer(1295)) - OzoneManager Ratis server initialized at port 13284
2021-05-22 19:12:14,206 [pool-72-thread-1] INFO  server.RaftServer$Division (RaftServerImpl.java:<init>(180)) - omNode-1: new RaftServerImpl for group-523986131536:[omNode-1|rpc:localhost:13284|priority:0] with OzoneManagerStateMachine:uninitialized
2021-05-22 19:12:14,206 [pool-72-thread-1] INFO  server.RaftServerConfigKeys (ConfUtils.java:logGet(44)) - raft.server.rpc.timeout.min = 1s (custom)
2021-05-22 19:12:14,207 [pool-72-thread-1] INFO  server.RaftServerConfigKeys (ConfUtils.java:logGet(44)) - raft.server.rpc.timeout.max = 1200ms (custom)
2021-05-22 19:12:14,207 [pool-72-thread-1] INFO  server.RaftServerConfigKeys (ConfUtils.java:logGet(44)) - raft.server.rpc.sleep.time = 25ms (default)
2021-05-22 19:12:14,207 [pool-72-thread-1] INFO  server.RaftServerConfigKeys (ConfUtils.java:logGet(44)) - raft.server.rpc.slowness.timeout = 2s (custom)
2021-05-22 19:12:14,207 [pool-72-thread-1] INFO  server.RaftServerConfigKeys (ConfUtils.java:logGet(44)) - raft.server.leaderelection.leader.step-down.wait-time = 10s (default)
2021-05-22 19:12:14,207 [pool-72-thread-1] INFO  server.RaftServerConfigKeys (ConfUtils.java:logGet(44)) - raft.server.sleep.deviation.threshold = 300ms (default)
2021-05-22 19:12:14,208 [pool-72-thread-1] INFO  server.RaftServerConfigKeys (ConfUtils.java:logGet(44)) - raft.server.log.appender.install.snapshot.enabled = false (custom)
2021-05-22 19:12:14,208 [pool-72-thread-1] INFO  server.RaftServer$Division (ServerState.java:<init>(105)) - omNode-1@group-523986131536: ConfigurationManager, init=-1: [omNode-1|rpc:localhost:13284|priority:0], old=null, confs=<EMPTY_MAP>
2021-05-22 19:12:14,208 [pool-72-thread-1] INFO  server.RaftServerConfigKeys (ConfUtils.java:logGet(44)) - raft.server.storage.dir = [/github/workspace/mnt/ozone/hadoop-ozone/integration-test/target/test-dir/MiniOzoneClusterImpl-5713c1a7-fb90-4566-9593-6537b218274a/omNode-1/ratis] (custom)
2021-05-22 19:12:14,208 [pool-72-thread-1] INFO  server.RaftServerConfigKeys (ConfUtils.java:logGet(44)) - raft.server.log.corruption.policy = EXCEPTION (default)
2021-05-22 19:12:14,208 [pool-72-thread-1] INFO  storage.RaftStorageDirectory (RaftStorageDirectoryImpl.java:analyzeStorage(132)) - The storage directory /github/workspace/mnt/ozone/hadoop-ozone/integration-test/target/test-dir/MiniOzoneClusterImpl-5713c1a7-fb90-4566-9593-6537b218274a/omNode-1/ratis/c9bc4cf4-3bc3-3c60-a66b-523986131536 does not exist. Creating ...
2021-05-22 19:12:14,210 [pool-72-thread-1] INFO  storage.RaftStorageDirectory (RaftStorageDirectoryImpl.java:tryLock(215)) - Lock on /github/workspace/mnt/ozone/hadoop-ozone/integration-test/target/test-dir/MiniOzoneClusterImpl-5713c1a7-fb90-4566-9593-6537b218274a/omNode-1/ratis/c9bc4cf4-3bc3-3c60-a66b-523986131536/in_use.lock acquired by nodename 10976@a9243b6273c1
2021-05-22 19:12:14,212 [pool-72-thread-1] INFO  storage.RaftStorage (RaftStorageImpl.java:format(87)) - Storage directory /github/workspace/mnt/ozone/hadoop-ozone/integration-test/target/test-dir/MiniOzoneClusterImpl-5713c1a7-fb90-4566-9593-6537b218274a/omNode-1/ratis/c9bc4cf4-3bc3-3c60-a66b-523986131536 has been successfully formatted.
2021-05-22 19:12:14,213 [pool-72-thread-1] INFO  server.RaftServerConfigKeys (ConfUtils.java:logGet(44)) - raft.server.notification.no-leader.timeout = 2s (custom)
2021-05-22 19:12:14,214 [pool-72-thread-1] INFO  server.RaftServerConfigKeys (ConfUtils.java:logGet(44)) - raft.server.log.use.memory = false (default)
2021-05-22 19:12:14,214 [pool-72-thread-1] INFO  server.RaftServerConfigKeys (ConfUtils.java:logGet(44)) - raft.server.log.purge.gap = 1000000 (custom)
2021-05-22 19:12:14,214 [pool-72-thread-1] INFO  server.RaftServerConfigKeys (ConfUtils.java:logGet(44)) - raft.server.log.appender.buffer.byte-limit = 33554432 (custom)
2021-05-22 19:12:14,214 [pool-72-thread-1] INFO  metrics.RatisMetrics (RatisMetrics.java:lambda$create$0(36)) - Creating Metrics Registry : ratis.log_worker.omNode-1@group-523986131536
2021-05-22 19:12:14,216 [Listener at 0.0.0.0/12403] INFO  ipc.CallQueueManager (CallQueueManager.java:<init>(85)) - Using callQueue: class java.util.concurrent.LinkedBlockingQueue, queueCapacity: 2000, scheduler: class org.apache.hadoop.ipc.DefaultRpcScheduler, ipcBackoff: false.
2021-05-22 19:12:14,232 [pool-72-thread-1] INFO  server.RaftServerConfigKeys (ConfUtils.java:logGet(44)) - raft.server.log.segment.size.max = 4194304 (custom)
2021-05-22 19:12:14,252 [Socket Reader #1 for port 13280] INFO  ipc.Server (Server.java:run(1255)) - Starting Socket Reader #1 for port 13280
2021-05-22 19:12:14,254 [pool-72-thread-1] INFO  server.RaftServerConfigKeys (ConfUtils.java:logGet(44)) - raft.server.log.segment.cache.num.max = 2 (custom)
2021-05-22 19:12:14,254 [pool-72-thread-1] INFO  server.RaftServerConfigKeys (ConfUtils.java:logGet(44)) - raft.server.log.segment.cache.size.max = 200MB (=209715200) (default)
2021-05-22 19:12:14,255 [pool-72-thread-1] INFO  segmented.SegmentedRaftLogWorker (SegmentedRaftLogWorker.java:<init>(182)) - new omNode-1@group-523986131536-SegmentedRaftLogWorker for RaftStorageImpl:Storage Directory /github/workspace/mnt/ozone/hadoop-ozone/integration-test/target/test-dir/MiniOzoneClusterImpl-5713c1a7-fb90-4566-9593-6537b218274a/omNode-1/ratis/c9bc4cf4-3bc3-3c60-a66b-523986131536
2021-05-22 19:12:14,255 [pool-72-thread-1] INFO  server.RaftServerConfigKeys (ConfUtils.java:logGet(44)) - raft.server.log.queue.byte-limit = 64MB (=67108864) (default)
2021-05-22 19:12:14,255 [pool-72-thread-1] INFO  server.RaftServerConfigKeys (ConfUtils.java:logGet(44)) - raft.server.log.queue.element-limit = 4096 (default)
2021-05-22 19:12:14,256 [pool-72-thread-1] INFO  server.RaftServerConfigKeys (ConfUtils.java:logGet(44)) - raft.server.log.segment.size.max = 4194304 (custom)
2021-05-22 19:12:14,256 [pool-72-thread-1] INFO  server.RaftServerConfigKeys (ConfUtils.java:logGet(44)) - raft.server.log.preallocated.size = 4194304 (custom)
2021-05-22 19:12:14,256 [pool-72-thread-1] INFO  server.RaftServerConfigKeys (ConfUtils.java:logGet(44)) - raft.server.log.force.sync.num = 128 (default)
2021-05-22 19:12:14,256 [pool-72-thread-1] INFO  server.RaftServerConfigKeys (ConfUtils.java:logGet(44)) - raft.server.log.statemachine.data.sync = true (default)
2021-05-22 19:12:14,256 [pool-72-thread-1] INFO  server.RaftServerConfigKeys (ConfUtils.java:logGet(44)) - raft.server.log.statemachine.data.sync.timeout = 10s (default)
2021-05-22 19:12:14,256 [pool-72-thread-1] INFO  server.RaftServerConfigKeys (ConfUtils.java:logGet(44)) - raft.server.log.statemachine.data.sync.timeout.retry = -1 (default)
2021-05-22 19:12:14,265 [pool-72-thread-1] INFO  server.RaftServerConfigKeys (ConfUtils.java:logGet(44)) - raft.server.log.write.buffer.size = 64KB (=65536) (default)
2021-05-22 19:12:14,265 [pool-72-thread-1] INFO  server.RaftServerConfigKeys (ConfUtils.java:logGet(44)) - raft.server.log.statemachine.data.caching.enabled = false (default)
2021-05-22 19:12:14,268 [pool-72-thread-1] INFO  segmented.SegmentedRaftLogWorker (SegmentedRaftLogWorker.java:lambda$new$0(133)) - omNode-1@group-523986131536-SegmentedRaftLogWorker: flushIndex: setUnconditionally 0 -> -1
2021-05-22 19:12:14,268 [pool-72-thread-1] INFO  segmented.SegmentedRaftLogWorker (SegmentedRaftLogWorker.java:lambda$new$0(133)) - omNode-1@group-523986131536-SegmentedRaftLogWorker: safeCacheEvictIndex: setUnconditionally 0 -> -1
2021-05-22 19:12:14,275 [pool-72-thread-1] INFO  server.RaftServerConfigKeys (ConfUtils.java:logGet(44)) - raft.server.snapshot.auto.trigger.enabled = true (custom)
2021-05-22 19:12:14,275 [pool-72-thread-1] INFO  server.RaftServerConfigKeys (ConfUtils.java:logGet(44)) - raft.server.snapshot.auto.trigger.threshold = 400000 (default)
2021-05-22 19:12:14,275 [pool-72-thread-1] INFO  server.RaftServerConfigKeys (ConfUtils.java:logGet(44)) - raft.server.snapshot.retention.file.num = -1 (default)
2021-05-22 19:12:14,275 [pool-72-thread-1] INFO  server.RaftServerConfigKeys (ConfUtils.java:logGet(44)) - raft.server.log.purge.upto.snapshot.index = true (custom)
2021-05-22 19:12:14,275 [pool-72-thread-1] INFO  server.RaftServerConfigKeys (ConfUtils.java:logGet(44)) - raft.server.retrycache.expirytime = 300s (custom)
2021-05-22 19:12:14,275 [pool-72-thread-1] INFO  server.RaftServerConfigKeys (ConfUtils.java:logGet(44)) - raft.server.retrycache.statistics.expirytime = 100?s (default)
2021-05-22 19:12:14,275 [pool-72-thread-1] INFO  metrics.RatisMetrics (RatisMetrics.java:lambda$create$0(36)) - Creating Metrics Registry : ratis.leader_election.omNode-1@group-523986131536
2021-05-22 19:12:14,276 [pool-72-thread-1] INFO  metrics.RatisMetrics (RatisMetrics.java:lambda$create$0(36)) - Creating Metrics Registry : ratis.server.omNode-1@group-523986131536
2021-05-22 19:12:14,293 [Listener at 127.0.0.1/13280] INFO  impl.MetricsSystemImpl (MetricsSystemImpl.java:init(158)) - OzoneManager metrics system started (again)
2021-05-22 19:12:14,300 [Listener at 127.0.0.1/13280] INFO  om.OzoneManager (OzoneManager.java:start(1105)) - OzoneManager RPC server is listening at localhost/127.0.0.1:13280
2021-05-22 19:12:14,300 [Listener at 127.0.0.1/13280] INFO  ratis.OzoneManagerRatisServer (OzoneManagerRatisServer.java:start(388)) - Starting OzoneManagerRatisServer omNode-1 at port 13284
2021-05-22 19:12:14,300 [Listener at 127.0.0.1/13280] INFO  server.RaftServer$Division (RaftServerImpl.java:start(295)) - omNode-1@group-523986131536: start as a follower, conf=-1: [omNode-1|rpc:localhost:13284|priority:0], old=null
2021-05-22 19:12:14,300 [Listener at 127.0.0.1/13280] INFO  server.RaftServer$Division (RaftServerImpl.java:setRole(284)) - omNode-1@group-523986131536: changes role from      null to FOLLOWER at term 0 for startAsFollower
2021-05-22 19:12:14,301 [Listener at 127.0.0.1/13280] INFO  impl.RoleInfo (RoleInfo.java:updateAndGet(130)) - omNode-1: start omNode-1@group-523986131536-FollowerState
2021-05-22 19:12:14,301 [Listener at 127.0.0.1/13280] INFO  util.JmxRegister (JmxRegister.java:tryRegister(44)) - Successfully registered JMX Bean with object name Ratis:service=RaftServer,group=group-523986131536,id=omNode-1
2021-05-22 19:12:14,301 [Listener at 127.0.0.1/13280] INFO  metrics.RatisMetrics (RatisMetrics.java:lambda$create$0(36)) - Creating Metrics Registry : ratis.state_machine.omNode-1@group-523986131536
2021-05-22 19:12:14,306 [Listener at 127.0.0.1/13280] INFO  server.RaftServer (RaftServerProxy.java:lambda$start$5(374)) - omNode-1: start RPC server
2021-05-22 19:12:14,311 [Listener at 127.0.0.1/13280] INFO  server.GrpcService (GrpcService.java:startImpl(253)) - omNode-1: GrpcService started, listening on 13284
2021-05-22 19:12:14,322 [org.apache.ratis.util.JvmPauseMonitor$$Lambda$484/882706486@30ffc3c0] INFO  util.JvmPauseMonitor (JvmPauseMonitor.java:run(103)) - JvmPauseMonitor-omNode-1: Started
2021-05-22 19:12:14,328 [Listener at 127.0.0.1/13280] INFO  http.BaseHttpServer (BaseHttpServer.java:newHttpServer2BuilderForOzone(209)) - Starting Web-server for ozoneManager at: http://0.0.0.0:13282
2021-05-22 19:12:14,328 [Listener at 127.0.0.1/13280] INFO  http.BaseHttpServer (BaseHttpServer.java:<init>(107)) - Hadoop Security Enabled: false Ozone Security Enabled: false Ozone HTTP Security Enabled: false 
2021-05-22 19:12:14,330 [Listener at 127.0.0.1/13280] INFO  server.AuthenticationFilter (AuthenticationFilter.java:constructSecretProvider(240)) - Unable to initialize FileSignerSecretProvider, falling back to use random secrets.
2021-05-22 19:12:14,334 [Listener at 127.0.0.1/13280] WARN  http.HttpRequestLog (HttpRequestLog.java:getRequestLog(103)) - Jetty request log can only be enabled using Log4j
2021-05-22 19:12:14,337 [Listener at 127.0.0.1/13280] INFO  http.HttpServer2 (HttpServer2.java:addGlobalFilter(1020)) - Added global filter 'safety' (class=org.apache.hadoop.hdds.server.http.HttpServer2$QuotingInputFilter)
2021-05-22 19:12:14,339 [Listener at 127.0.0.1/13280] INFO  http.HttpServer2 (HttpServer2.java:addFilter(996)) - Added filter static_user_filter (class=org.apache.hadoop.http.lib.StaticUserWebFilter$StaticUserFilter) to context ozoneManager
2021-05-22 19:12:14,339 [Listener at 127.0.0.1/13280] INFO  http.HttpServer2 (HttpServer2.java:addFilter(1004)) - Added filter static_user_filter (class=org.apache.hadoop.http.lib.StaticUserWebFilter$StaticUserFilter) to context logs
2021-05-22 19:12:14,339 [Listener at 127.0.0.1/13280] INFO  http.HttpServer2 (HttpServer2.java:addFilter(1004)) - Added filter static_user_filter (class=org.apache.hadoop.http.lib.StaticUserWebFilter$StaticUserFilter) to context static
2021-05-22 19:12:14,344 [Listener at 127.0.0.1/13280] INFO  http.HttpServer2 (HttpServer2.java:bindListener(1238)) - Jetty bound to port 13282
2021-05-22 19:12:14,345 [Listener at 127.0.0.1/13280] INFO  server.Server (Server.java:doStart(375)) - jetty-9.4.35.v20201120; built: 2020-11-20T21:17:03.964Z; git: bdc54f03a5e0a7e280fab27f55c3c75ee8da89fb; jvm 1.8.0_232-b09
2021-05-22 19:12:14,352 [Listener at 127.0.0.1/13280] INFO  server.session (DefaultSessionIdManager.java:doStart(334)) - DefaultSessionIdManager workerName=node0
2021-05-22 19:12:14,353 [Listener at 127.0.0.1/13280] INFO  server.session (DefaultSessionIdManager.java:doStart(339)) - No SessionScavenger set, using defaults
2021-05-22 19:12:14,353 [Listener at 127.0.0.1/13280] INFO  server.session (HouseKeeper.java:startScavenging(132)) - node0 Scavenging every 600000ms
2021-05-22 19:12:14,354 [Listener at 127.0.0.1/13280] INFO  handler.ContextHandler (ContextHandler.java:doStart(916)) - Started o.e.j.s.ServletContextHandler@2ccfd2cb{logs,/logs,file:///github/workspace/mnt/ozone/hadoop-ozone/integration-test/target/log,AVAILABLE}
2021-05-22 19:12:14,355 [Listener at 127.0.0.1/13280] INFO  handler.ContextHandler (ContextHandler.java:doStart(916)) - Started o.e.j.s.ServletContextHandler@42014a{static,/static,file:///github/workspace/mnt/ozone/hadoop-ozone/integration-test/target/test-classes/webapps/static,AVAILABLE}
2021-05-22 19:12:14,361 [Listener at 127.0.0.1/13280] INFO  handler.ContextHandler (ContextHandler.java:doStart(916)) - Started o.e.j.w.WebAppContext@1c8d9ac9{ozoneManager,/,file:///github/workspace/mnt/ozone/hadoop-ozone/integration-test/target/test-classes/webapps/ozoneManager/,AVAILABLE}{file:/github/workspace/mnt/ozone/hadoop-ozone/integration-test/target/test-classes/webapps/ozoneManager}
2021-05-22 19:12:14,365 [Listener at 127.0.0.1/13280] INFO  server.AbstractConnector (AbstractConnector.java:doStart(331)) - Started ServerConnector@615f61ec{HTTP/1.1, (http/1.1)}{0.0.0.0:13282}
2021-05-22 19:12:14,365 [Listener at 127.0.0.1/13280] INFO  server.Server (Server.java:doStart(415)) - Started @20507ms
2021-05-22 19:12:14,365 [Listener at 127.0.0.1/13280] WARN  impl.MetricsSystemImpl (MetricsSystemImpl.java:register(279)) - Sink prometheus already exists!
2021-05-22 19:12:14,370 [Listener at 127.0.0.1/13280] INFO  http.BaseHttpServer (BaseHttpServer.java:updateConnectorAddress(329)) - HTTP server of ozoneManager listening at http://0.0.0.0:13282
2021-05-22 19:12:14,370 [IPC Server Responder] INFO  ipc.Server (Server.java:run(1497)) - IPC Server Responder: starting
2021-05-22 19:12:14,373 [IPC Server listener on 13280] INFO  ipc.Server (Server.java:run(1334)) - IPC Server listener on 13280: starting
2021-05-22 19:12:14,379 [Listener at 127.0.0.1/13280] INFO  om.OzoneManager (OzoneManager.java:startTrashEmptier(1235)) - Trash Interval set to 0. Files deleted will not move to trash
2021-05-22 19:12:14,381 [Listener at 127.0.0.1/13280] INFO  ozone.MiniOzoneHAClusterImpl (MiniOzoneHAClusterImpl.java:createOMService(461)) - Started OzoneManager RPC server at localhost/127.0.0.1:13280
2021-05-22 19:12:14,381 [org.apache.hadoop.util.JvmPauseMonitor$Monitor@d35d84a] INFO  util.JvmPauseMonitor (JvmPauseMonitor.java:run(188)) - Starting JVM pause monitor
2021-05-22 19:12:14,730 [org.apache.ratis.util.JvmPauseMonitor$$Lambda$484/882706486@399fd710] WARN  util.JvmPauseMonitor (JvmPauseMonitor.java:detectPause(124)) - JvmPauseMonitor-c528a642-8365-4981-9ca8-5a52c1b1524d: Detected pause in JVM or host machine (eg GC): pause of approximately 235591715ns.
GC pool 'PS MarkSweep' had collection(s): count=1 time=275ms
GC pool 'PS Scavenge' had collection(s): count=2 time=80ms
2021-05-22 19:12:14,932 [Listener at 127.0.0.1/13280] INFO  impl.MetricsSystemImpl (MetricsSystemImpl.java:init(158)) - HddsDatanode metrics system started (again)
2021-05-22 19:12:14,944 [Listener at 127.0.0.1/13280] INFO  ozone.HddsDatanodeService (HddsDatanodeService.java:start(220)) - HddsDatanodeService host:a9243b6273c1 ip:172.17.0.2
2021-05-22 19:12:14,975 [Listener at 127.0.0.1/13280] INFO  ha.SCMNodeInfo (SCMNodeInfo.java:getPort(197)) - ConfigKey ozone.scm.client.address is deprecated, For configuring different ports for each SCM use PortConfigKey ozone.scm.client.port appended with serviceId and nodeId
2021-05-22 19:12:14,975 [Listener at 127.0.0.1/13280] INFO  ha.SCMNodeInfo (SCMNodeInfo.java:getPort(197)) - ConfigKey ozone.scm.block.client.address is deprecated, For configuring different ports for each SCM use PortConfigKey ozone.scm.block.client.port appended with serviceId and nodeId
2021-05-22 19:12:14,975 [Listener at 127.0.0.1/13280] INFO  ha.SCMNodeInfo (SCMNodeInfo.java:getPort(197)) - ConfigKey ozone.scm.datanode.address is deprecated, For configuring different ports for each SCM use PortConfigKey ozone.scm.datanode.port appended with serviceId and nodeId
2021-05-22 19:12:14,975 [Listener at 127.0.0.1/13280] INFO  ha.SCMNodeInfo (SCMNodeInfo.java:getPort(197)) - ConfigKey ozone.scm.client.address is deprecated, For configuring different ports for each SCM use PortConfigKey ozone.scm.client.port appended with serviceId and nodeId
2021-05-22 19:12:14,976 [Listener at 127.0.0.1/13280] INFO  ha.SCMNodeInfo (SCMNodeInfo.java:getPort(197)) - ConfigKey ozone.scm.block.client.address is deprecated, For configuring different ports for each SCM use PortConfigKey ozone.scm.block.client.port appended with serviceId and nodeId
2021-05-22 19:12:14,976 [Listener at 127.0.0.1/13280] INFO  ha.SCMNodeInfo (SCMNodeInfo.java:getPort(197)) - ConfigKey ozone.scm.datanode.address is deprecated, For configuring different ports for each SCM use PortConfigKey ozone.scm.datanode.port appended with serviceId and nodeId
2021-05-22 19:12:14,976 [Listener at 127.0.0.1/13280] INFO  ha.SCMNodeInfo (SCMNodeInfo.java:getPort(197)) - ConfigKey ozone.scm.client.address is deprecated, For configuring different ports for each SCM use PortConfigKey ozone.scm.client.port appended with serviceId and nodeId
2021-05-22 19:12:14,976 [Listener at 127.0.0.1/13280] INFO  ha.SCMNodeInfo (SCMNodeInfo.java:getPort(197)) - ConfigKey ozone.scm.block.client.address is deprecated, For configuring different ports for each SCM use PortConfigKey ozone.scm.block.client.port appended with serviceId and nodeId
2021-05-22 19:12:14,977 [Listener at 127.0.0.1/13280] INFO  ha.SCMNodeInfo (SCMNodeInfo.java:getPort(197)) - ConfigKey ozone.scm.datanode.address is deprecated, For configuring different ports for each SCM use PortConfigKey ozone.scm.datanode.port appended with serviceId and nodeId
2021-05-22 19:12:15,116 [Listener at 127.0.0.1/13280] INFO  volume.HddsVolume (HddsVolume.java:<init>(184)) - Creating Volume: /github/workspace/mnt/ozone/hadoop-ozone/integration-test/target/test-dir/MiniOzoneClusterImpl-5713c1a7-fb90-4566-9593-6537b218274a/datanode-0/data-0/containers/hdds of storage type : DISK and capacity : 9223372036854775807
2021-05-22 19:12:15,119 [Listener at 127.0.0.1/13280] INFO  volume.MutableVolumeSet (MutableVolumeSet.java:initializeVolumeSet(195)) - Added Volume : /github/workspace/mnt/ozone/hadoop-ozone/integration-test/target/test-dir/MiniOzoneClusterImpl-5713c1a7-fb90-4566-9593-6537b218274a/datanode-0/data-0/containers/hdds to VolumeSet
2021-05-22 19:12:15,120 [Listener at 127.0.0.1/13280] INFO  volume.ThrottledAsyncChecker (ThrottledAsyncChecker.java:schedule(141)) - Scheduling a check for /github/workspace/mnt/ozone/hadoop-ozone/integration-test/target/test-dir/MiniOzoneClusterImpl-5713c1a7-fb90-4566-9593-6537b218274a/datanode-0/data-0/containers/hdds
2021-05-22 19:12:15,185 [Listener at 127.0.0.1/13280] INFO  volume.HddsVolumeChecker (HddsVolumeChecker.java:checkAllVolumes(200)) - Scheduled health check for volume /github/workspace/mnt/ozone/hadoop-ozone/integration-test/target/test-dir/MiniOzoneClusterImpl-5713c1a7-fb90-4566-9593-6537b218274a/datanode-0/data-0/containers/hdds
2021-05-22 19:12:15,216 [Listener at 127.0.0.1/13280] INFO  ozoneimpl.ContainerReader (ContainerReader.java:<init>(98)) - Running in upgrade mode:true
2021-05-22 19:12:15,217 [Thread-486] INFO  ozoneimpl.ContainerReader (ContainerReader.java:readVolume(142)) - Start to verify containers on volume /github/workspace/mnt/ozone/hadoop-ozone/integration-test/target/test-dir/MiniOzoneClusterImpl-5713c1a7-fb90-4566-9593-6537b218274a/datanode-0/data-0/containers/hdds
2021-05-22 19:12:15,219 [Thread-486] INFO  ozoneimpl.ContainerReader (ContainerReader.java:readVolume(174)) - Finish verifying containers on volume /github/workspace/mnt/ozone/hadoop-ozone/integration-test/target/test-dir/MiniOzoneClusterImpl-5713c1a7-fb90-4566-9593-6537b218274a/datanode-0/data-0/containers/hdds
2021-05-22 19:12:15,219 [Listener at 127.0.0.1/13280] INFO  ozoneimpl.OzoneContainer (OzoneContainer.java:buildContainerSet(225)) - Build ContainerSet costs 0s
2021-05-22 19:12:15,317 [Listener at 127.0.0.1/13280] INFO  server.RaftServer (ConfUtils.java:logGet(44)) - raft.rpc.type = GRPC (default)
2021-05-22 19:12:15,318 [Listener at 127.0.0.1/13280] INFO  grpc.GrpcFactory (GrpcFactory.java:checkPooledByteBufAllocatorUseCacheForAllThreads(48)) - PERFORMANCE WARNING: useCacheForAllThreads is true that may cause Netty to create a lot garbage objects and, as a result, trigger GC.
	It is recommended to disable useCacheForAllThreads by setting -Dorg.apache.ratis.thirdparty.io.netty.allocator.useCacheForAllThreads=false in command line.
2021-05-22 19:12:15,318 [Listener at 127.0.0.1/13280] INFO  grpc.GrpcConfigKeys (ConfUtils.java:logGet(44)) - raft.grpc.admin.port = 0 (custom)
2021-05-22 19:12:15,319 [Listener at 127.0.0.1/13280] INFO  grpc.GrpcConfigKeys (ConfUtils.java:logGet(44)) - raft.grpc.client.port = 0 (custom)
2021-05-22 19:12:15,319 [Listener at 127.0.0.1/13280] INFO  grpc.GrpcConfigKeys (ConfUtils.java:logGet(44)) - raft.grpc.server.port = 0 (default)
2021-05-22 19:12:15,319 [Listener at 127.0.0.1/13280] INFO  server.GrpcService (ConfUtils.java:logGet(44)) - raft.grpc.message.size.max = 32MB (=33554432) (custom)
2021-05-22 19:12:15,322 [Listener at 127.0.0.1/13280] INFO  server.RaftServerConfigKeys (ConfUtils.java:logGet(44)) - raft.server.log.appender.buffer.byte-limit = 33554432 (custom)
2021-05-22 19:12:15,322 [Listener at 127.0.0.1/13280] INFO  server.GrpcService (ConfUtils.java:logGet(44)) - raft.grpc.flow.control.window = 5MB (=5242880) (custom)
2021-05-22 19:12:15,323 [Listener at 127.0.0.1/13280] INFO  server.RaftServerConfigKeys (ConfUtils.java:logGet(44)) - raft.server.rpc.request.timeout = 60s (custom)
2021-05-22 19:12:15,324 [Listener at 127.0.0.1/13280] INFO  impl.DataStreamServerImpl (ConfUtils.java:logGet(44)) - raft.datastream.type = DISABLED (default)
2021-05-22 19:12:15,325 [Listener at 127.0.0.1/13280] INFO  server.RaftServerConfigKeys (ConfUtils.java:logGet(44)) - raft.server.rpc.slowness.timeout = 300s (custom)
2021-05-22 19:12:15,325 [Listener at 127.0.0.1/13280] INFO  server.RaftServerConfigKeys (ConfUtils.java:logGet(44)) - raft.server.leaderelection.leader.step-down.wait-time = 10s (default)
2021-05-22 19:12:15,326 [Listener at 127.0.0.1/13280] INFO  server.RaftServerConfigKeys (ConfUtils.java:logGet(44)) - raft.server.storage.dir = [/github/workspace/mnt/ozone/hadoop-ozone/integration-test/target/test-dir/MiniOzoneClusterImpl-5713c1a7-fb90-4566-9593-6537b218274a/datanode-0/data/ratis] (custom)
2021-05-22 19:12:15,348 [omNode-1@group-523986131536-FollowerState] INFO  impl.FollowerState (FollowerState.java:run(134)) - omNode-1@group-523986131536-FollowerState: change to CANDIDATE, lastRpcElapsedTime:1047619248ns, electionTimeout:1047ms
2021-05-22 19:12:15,357 [omNode-1@group-523986131536-FollowerState] INFO  impl.RoleInfo (RoleInfo.java:shutdownFollowerState(108)) - omNode-1: shutdown omNode-1@group-523986131536-FollowerState
2021-05-22 19:12:15,357 [omNode-1@group-523986131536-FollowerState] INFO  server.RaftServer$Division (RaftServerImpl.java:setRole(284)) - omNode-1@group-523986131536: changes role from  FOLLOWER to CANDIDATE at term 0 for changeToCandidate
2021-05-22 19:12:15,357 [omNode-1@group-523986131536-FollowerState] INFO  server.RaftServerConfigKeys (ConfUtils.java:logGet(44)) - raft.server.leaderelection.pre-vote = false (custom)
2021-05-22 19:12:15,357 [omNode-1@group-523986131536-FollowerState] INFO  impl.RoleInfo (RoleInfo.java:updateAndGet(130)) - omNode-1: start omNode-1@group-523986131536-LeaderElection3
2021-05-22 19:12:15,377 [omNode-1@group-523986131536-LeaderElection3] INFO  impl.LeaderElection (LeaderElection.java:askForVotes(306)) - omNode-1@group-523986131536-LeaderElection3 ELECTION round 0: submit vote requests at term 1 for -1: [omNode-1|rpc:localhost:13284|priority:0], old=null
2021-05-22 19:12:15,377 [omNode-1@group-523986131536-LeaderElection3] INFO  impl.LeaderElection (LeaderElection.java:askForVotes(308)) - omNode-1@group-523986131536-LeaderElection3 ELECTION round 0: result PASSED (term=1)
2021-05-22 19:12:15,378 [omNode-1@group-523986131536-LeaderElection3] INFO  impl.RoleInfo (RoleInfo.java:shutdownLeaderElection(121)) - omNode-1: shutdown omNode-1@group-523986131536-LeaderElection3
2021-05-22 19:12:15,378 [omNode-1@group-523986131536-LeaderElection3] INFO  server.RaftServer$Division (RaftServerImpl.java:setRole(284)) - omNode-1@group-523986131536: changes role from CANDIDATE to LEADER at term 1 for changeToLeader
2021-05-22 19:12:15,378 [omNode-1@group-523986131536-LeaderElection3] INFO  server.RaftServer$Division (ServerState.java:setLeader(271)) - omNode-1@group-523986131536: change Leader from null to omNode-1 at term 1 for becomeLeader, leader elected after 1164ms
2021-05-22 19:12:15,378 [omNode-1@group-523986131536-LeaderElection3] INFO  server.RaftServerConfigKeys (ConfUtils.java:logGet(44)) - raft.server.staging.catchup.gap = 1000 (default)
2021-05-22 19:12:15,378 [omNode-1@group-523986131536-LeaderElection3] INFO  metrics.RatisMetrics (RatisMetrics.java:lambda$create$0(36)) - Creating Metrics Registry : ratis.log_appender.omNode-1@group-523986131536
2021-05-22 19:12:15,378 [omNode-1@group-523986131536-LeaderElection3] INFO  server.RaftServerConfigKeys (ConfUtils.java:logGet(44)) - raft.server.write.element-limit = 4096 (default)
2021-05-22 19:12:15,379 [omNode-1@group-523986131536-LeaderElection3] INFO  server.RaftServerConfigKeys (ConfUtils.java:logGet(44)) - raft.server.write.byte-limit = 64MB (=67108864) (default)
2021-05-22 19:12:15,379 [omNode-1@group-523986131536-LeaderElection3] INFO  server.RaftServerConfigKeys (ConfUtils.java:logGet(44)) - raft.server.watch.timeout = 10s (default)
2021-05-22 19:12:15,380 [omNode-1@group-523986131536-LeaderElection3] INFO  server.RaftServerConfigKeys (ConfUtils.java:logGet(44)) - raft.server.watch.timeout.denomination = 1s (default)
2021-05-22 19:12:15,380 [omNode-1@group-523986131536-LeaderElection3] INFO  server.RaftServerConfigKeys (ConfUtils.java:logGet(44)) - raft.server.watch.element-limit = 65536 (default)
2021-05-22 19:12:15,380 [omNode-1@group-523986131536-LeaderElection3] INFO  impl.RoleInfo (RoleInfo.java:updateAndGet(130)) - omNode-1: start omNode-1@group-523986131536-LeaderStateImpl
2021-05-22 19:12:15,380 [omNode-1@group-523986131536-LeaderElection3] INFO  segmented.SegmentedRaftLogWorker (SegmentedRaftLogWorker.java:startLogSegment(394)) - omNode-1@group-523986131536-SegmentedRaftLogWorker: Starting segment from index:0
2021-05-22 19:12:15,390 [omNode-1@group-523986131536-SegmentedRaftLogWorker] INFO  segmented.SegmentedRaftLogWorker (SegmentedRaftLogWorker.java:execute(601)) - omNode-1@group-523986131536-SegmentedRaftLogWorker: created new log segment /github/workspace/mnt/ozone/hadoop-ozone/integration-test/target/test-dir/MiniOzoneClusterImpl-5713c1a7-fb90-4566-9593-6537b218274a/omNode-1/ratis/c9bc4cf4-3bc3-3c60-a66b-523986131536/current/log_inprogress_0
2021-05-22 19:12:15,394 [omNode-1@group-523986131536-LeaderElection3] INFO  server.RaftServer$Division (ServerState.java:setRaftConf(373)) - omNode-1@group-523986131536: set configuration 0: [omNode-1|rpc:localhost:13284|admin:|client:|dataStream:|priority:0], old=null
2021-05-22 19:12:15,469 [Listener at 127.0.0.1/13280] INFO  http.BaseHttpServer (BaseHttpServer.java:newHttpServer2BuilderForOzone(209)) - Starting Web-server for hddsDatanode at: http://0.0.0.0:0
2021-05-22 19:12:15,469 [Listener at 127.0.0.1/13280] INFO  http.BaseHttpServer (BaseHttpServer.java:<init>(107)) - Hadoop Security Enabled: false Ozone Security Enabled: false Ozone HTTP Security Enabled: false 
2021-05-22 19:12:15,472 [Listener at 127.0.0.1/13280] INFO  server.AuthenticationFilter (AuthenticationFilter.java:constructSecretProvider(240)) - Unable to initialize FileSignerSecretProvider, falling back to use random secrets.
2021-05-22 19:12:15,473 [Listener at 127.0.0.1/13280] WARN  http.HttpRequestLog (HttpRequestLog.java:getRequestLog(103)) - Jetty request log can only be enabled using Log4j
2021-05-22 19:12:15,474 [Listener at 127.0.0.1/13280] INFO  http.HttpServer2 (HttpServer2.java:addGlobalFilter(1020)) - Added global filter 'safety' (class=org.apache.hadoop.hdds.server.http.HttpServer2$QuotingInputFilter)
2021-05-22 19:12:15,475 [Listener at 127.0.0.1/13280] INFO  http.HttpServer2 (HttpServer2.java:addFilter(996)) - Added filter static_user_filter (class=org.apache.hadoop.http.lib.StaticUserWebFilter$StaticUserFilter) to context hddsDatanode
2021-05-22 19:12:15,476 [Listener at 127.0.0.1/13280] INFO  http.HttpServer2 (HttpServer2.java:addFilter(1004)) - Added filter static_user_filter (class=org.apache.hadoop.http.lib.StaticUserWebFilter$StaticUserFilter) to context logs
2021-05-22 19:12:15,476 [Listener at 127.0.0.1/13280] INFO  http.HttpServer2 (HttpServer2.java:addFilter(1004)) - Added filter static_user_filter (class=org.apache.hadoop.http.lib.StaticUserWebFilter$StaticUserFilter) to context static
2021-05-22 19:12:15,477 [Listener at 127.0.0.1/13280] INFO  http.HttpServer2 (HttpServer2.java:bindListener(1238)) - Jetty bound to port 36729
2021-05-22 19:12:15,477 [Listener at 127.0.0.1/13280] INFO  server.Server (Server.java:doStart(375)) - jetty-9.4.35.v20201120; built: 2020-11-20T21:17:03.964Z; git: bdc54f03a5e0a7e280fab27f55c3c75ee8da89fb; jvm 1.8.0_232-b09
2021-05-22 19:12:15,487 [Listener at 127.0.0.1/13280] INFO  server.session (DefaultSessionIdManager.java:doStart(334)) - DefaultSessionIdManager workerName=node0
2021-05-22 19:12:15,487 [Listener at 127.0.0.1/13280] INFO  server.session (DefaultSessionIdManager.java:doStart(339)) - No SessionScavenger set, using defaults
2021-05-22 19:12:15,488 [Listener at 127.0.0.1/13280] INFO  server.session (HouseKeeper.java:startScavenging(132)) - node0 Scavenging every 660000ms
2021-05-22 19:12:15,489 [Listener at 127.0.0.1/13280] INFO  handler.ContextHandler (ContextHandler.java:doStart(916)) - Started o.e.j.s.ServletContextHandler@4b33b5b0{logs,/logs,file:///github/workspace/mnt/ozone/hadoop-ozone/integration-test/target/log,AVAILABLE}
2021-05-22 19:12:15,490 [Listener at 127.0.0.1/13280] INFO  handler.ContextHandler (ContextHandler.java:doStart(916)) - Started o.e.j.s.ServletContextHandler@f53070c{static,/static,jar:file:/home/user/.m2/repository/org/apache/hadoop/hadoop-hdds-container-service/1.2.0-SNAPSHOT/hadoop-hdds-container-service-1.2.0-SNAPSHOT.jar!/webapps/static,AVAILABLE}
2021-05-22 19:12:15,690 [Listener at 127.0.0.1/13280] INFO  handler.ContextHandler (ContextHandler.java:doStart(916)) - Started o.e.j.w.WebAppContext@9eaaecf{hddsDatanode,/,file:///tmp/jetty-0_0_0_0-36729-hadoop-hdds-container-service-1_2_0-SNAPSHOT_jar-_-any-7157361178825472959/webapp/,AVAILABLE}{jar:file:/home/user/.m2/repository/org/apache/hadoop/hadoop-hdds-container-service/1.2.0-SNAPSHOT/hadoop-hdds-container-service-1.2.0-SNAPSHOT.jar!/webapps/hddsDatanode}
2021-05-22 19:12:15,693 [Listener at 127.0.0.1/13280] INFO  server.AbstractConnector (AbstractConnector.java:doStart(331)) - Started ServerConnector@28815100{HTTP/1.1, (http/1.1)}{0.0.0.0:36729}
2021-05-22 19:12:15,693 [Listener at 127.0.0.1/13280] INFO  server.Server (Server.java:doStart(415)) - Started @21835ms
2021-05-22 19:12:15,693 [Listener at 127.0.0.1/13280] WARN  impl.MetricsSystemImpl (MetricsSystemImpl.java:register(279)) - Sink prometheus already exists!
2021-05-22 19:12:15,700 [Listener at 127.0.0.1/13280] INFO  http.BaseHttpServer (BaseHttpServer.java:updateConnectorAddress(329)) - HTTP server of hddsDatanode listening at http://0.0.0.0:36729
2021-05-22 19:12:15,702 [Listener at 127.0.0.1/13280] INFO  impl.MetricsSystemImpl (MetricsSystemImpl.java:init(158)) - HddsDatanode metrics system started (again)
2021-05-22 19:12:15,708 [Listener at 127.0.0.1/13280] INFO  ozone.HddsDatanodeService (HddsDatanodeService.java:start(220)) - HddsDatanodeService host:a9243b6273c1 ip:172.17.0.2
2021-05-22 19:12:15,735 [org.apache.hadoop.util.JvmPauseMonitor$Monitor@2be8c131] INFO  util.JvmPauseMonitor (JvmPauseMonitor.java:run(188)) - Starting JVM pause monitor
2021-05-22 19:12:15,737 [Datanode State Machine Task Thread - 0] INFO  ha.SCMNodeInfo (SCMNodeInfo.java:getPort(197)) - ConfigKey ozone.scm.client.address is deprecated, For configuring different ports for each SCM use PortConfigKey ozone.scm.client.port appended with serviceId and nodeId
2021-05-22 19:12:15,738 [Datanode State Machine Task Thread - 0] INFO  ha.SCMNodeInfo (SCMNodeInfo.java:getPort(197)) - ConfigKey ozone.scm.block.client.address is deprecated, For configuring different ports for each SCM use PortConfigKey ozone.scm.block.client.port appended with serviceId and nodeId
2021-05-22 19:12:15,738 [Datanode State Machine Task Thread - 0] INFO  ha.SCMNodeInfo (SCMNodeInfo.java:getPort(197)) - ConfigKey ozone.scm.datanode.address is deprecated, For configuring different ports for each SCM use PortConfigKey ozone.scm.datanode.port appended with serviceId and nodeId
2021-05-22 19:12:15,738 [Datanode State Machine Task Thread - 0] INFO  ha.SCMNodeInfo (SCMNodeInfo.java:getPort(197)) - ConfigKey ozone.scm.client.address is deprecated, For configuring different ports for each SCM use PortConfigKey ozone.scm.client.port appended with serviceId and nodeId
2021-05-22 19:12:15,738 [Datanode State Machine Task Thread - 0] INFO  ha.SCMNodeInfo (SCMNodeInfo.java:getPort(197)) - ConfigKey ozone.scm.block.client.address is deprecated, For configuring different ports for each SCM use PortConfigKey ozone.scm.block.client.port appended with serviceId and nodeId
2021-05-22 19:12:15,739 [Datanode State Machine Task Thread - 0] INFO  ha.SCMNodeInfo (SCMNodeInfo.java:getPort(197)) - ConfigKey ozone.scm.datanode.address is deprecated, For configuring different ports for each SCM use PortConfigKey ozone.scm.datanode.port appended with serviceId and nodeId
2021-05-22 19:12:15,739 [Datanode State Machine Task Thread - 0] INFO  ha.SCMNodeInfo (SCMNodeInfo.java:getPort(197)) - ConfigKey ozone.scm.client.address is deprecated, For configuring different ports for each SCM use PortConfigKey ozone.scm.client.port appended with serviceId and nodeId
2021-05-22 19:12:15,739 [Datanode State Machine Task Thread - 0] INFO  ha.SCMNodeInfo (SCMNodeInfo.java:getPort(197)) - ConfigKey ozone.scm.block.client.address is deprecated, For configuring different ports for each SCM use PortConfigKey ozone.scm.block.client.port appended with serviceId and nodeId
2021-05-22 19:12:15,739 [Datanode State Machine Task Thread - 0] INFO  ha.SCMNodeInfo (SCMNodeInfo.java:getPort(197)) - ConfigKey ozone.scm.datanode.address is deprecated, For configuring different ports for each SCM use PortConfigKey ozone.scm.datanode.port appended with serviceId and nodeId
2021-05-22 19:12:15,740 [Listener at 127.0.0.1/13280] INFO  ha.SCMNodeInfo (SCMNodeInfo.java:getPort(197)) - ConfigKey ozone.scm.client.address is deprecated, For configuring different ports for each SCM use PortConfigKey ozone.scm.client.port appended with serviceId and nodeId
2021-05-22 19:12:15,740 [Listener at 127.0.0.1/13280] INFO  ha.SCMNodeInfo (SCMNodeInfo.java:getPort(197)) - ConfigKey ozone.scm.block.client.address is deprecated, For configuring different ports for each SCM use PortConfigKey ozone.scm.block.client.port appended with serviceId and nodeId
2021-05-22 19:12:15,740 [Listener at 127.0.0.1/13280] INFO  ha.SCMNodeInfo (SCMNodeInfo.java:getPort(197)) - ConfigKey ozone.scm.datanode.address is deprecated, For configuring different ports for each SCM use PortConfigKey ozone.scm.datanode.port appended with serviceId and nodeId
2021-05-22 19:12:15,741 [Listener at 127.0.0.1/13280] INFO  ha.SCMNodeInfo (SCMNodeInfo.java:getPort(197)) - ConfigKey ozone.scm.client.address is deprecated, For configuring different ports for each SCM use PortConfigKey ozone.scm.client.port appended with serviceId and nodeId
2021-05-22 19:12:15,741 [Listener at 127.0.0.1/13280] INFO  ha.SCMNodeInfo (SCMNodeInfo.java:getPort(197)) - ConfigKey ozone.scm.block.client.address is deprecated, For configuring different ports for each SCM use PortConfigKey ozone.scm.block.client.port appended with serviceId and nodeId
2021-05-22 19:12:15,741 [Listener at 127.0.0.1/13280] INFO  ha.SCMNodeInfo (SCMNodeInfo.java:getPort(197)) - ConfigKey ozone.scm.datanode.address is deprecated, For configuring different ports for each SCM use PortConfigKey ozone.scm.datanode.port appended with serviceId and nodeId
2021-05-22 19:12:15,741 [Listener at 127.0.0.1/13280] INFO  ha.SCMNodeInfo (SCMNodeInfo.java:getPort(197)) - ConfigKey ozone.scm.client.address is deprecated, For configuring different ports for each SCM use PortConfigKey ozone.scm.client.port appended with serviceId and nodeId
2021-05-22 19:12:15,742 [Listener at 127.0.0.1/13280] INFO  ha.SCMNodeInfo (SCMNodeInfo.java:getPort(197)) - ConfigKey ozone.scm.block.client.address is deprecated, For configuring different ports for each SCM use PortConfigKey ozone.scm.block.client.port appended with serviceId and nodeId
2021-05-22 19:12:15,742 [Listener at 127.0.0.1/13280] INFO  ha.SCMNodeInfo (SCMNodeInfo.java:getPort(197)) - ConfigKey ozone.scm.datanode.address is deprecated, For configuring different ports for each SCM use PortConfigKey ozone.scm.datanode.port appended with serviceId and nodeId
2021-05-22 19:12:15,746 [Listener at 127.0.0.1/13280] INFO  volume.HddsVolume (HddsVolume.java:<init>(184)) - Creating Volume: /github/workspace/mnt/ozone/hadoop-ozone/integration-test/target/test-dir/MiniOzoneClusterImpl-5713c1a7-fb90-4566-9593-6537b218274a/datanode-1/data-0/containers/hdds of storage type : DISK and capacity : 9223372036854775807
2021-05-22 19:12:15,746 [Listener at 127.0.0.1/13280] INFO  volume.MutableVolumeSet (MutableVolumeSet.java:initializeVolumeSet(195)) - Added Volume : /github/workspace/mnt/ozone/hadoop-ozone/integration-test/target/test-dir/MiniOzoneClusterImpl-5713c1a7-fb90-4566-9593-6537b218274a/datanode-1/data-0/containers/hdds to VolumeSet
2021-05-22 19:12:15,747 [Listener at 127.0.0.1/13280] INFO  volume.ThrottledAsyncChecker (ThrottledAsyncChecker.java:schedule(141)) - Scheduling a check for /github/workspace/mnt/ozone/hadoop-ozone/integration-test/target/test-dir/MiniOzoneClusterImpl-5713c1a7-fb90-4566-9593-6537b218274a/datanode-1/data-0/containers/hdds
2021-05-22 19:12:15,750 [Listener at 127.0.0.1/13280] INFO  volume.HddsVolumeChecker (HddsVolumeChecker.java:checkAllVolumes(200)) - Scheduled health check for volume /github/workspace/mnt/ozone/hadoop-ozone/integration-test/target/test-dir/MiniOzoneClusterImpl-5713c1a7-fb90-4566-9593-6537b218274a/datanode-1/data-0/containers/hdds
2021-05-22 19:12:15,805 [Listener at 127.0.0.1/13280] INFO  ozoneimpl.ContainerReader (ContainerReader.java:<init>(98)) - Running in upgrade mode:true
2021-05-22 19:12:15,805 [Thread-500] INFO  ozoneimpl.ContainerReader (ContainerReader.java:readVolume(142)) - Start to verify containers on volume /github/workspace/mnt/ozone/hadoop-ozone/integration-test/target/test-dir/MiniOzoneClusterImpl-5713c1a7-fb90-4566-9593-6537b218274a/datanode-1/data-0/containers/hdds
2021-05-22 19:12:15,806 [Thread-500] INFO  ozoneimpl.ContainerReader (ContainerReader.java:readVolume(174)) - Finish verifying containers on volume /github/workspace/mnt/ozone/hadoop-ozone/integration-test/target/test-dir/MiniOzoneClusterImpl-5713c1a7-fb90-4566-9593-6537b218274a/datanode-1/data-0/containers/hdds
2021-05-22 19:12:15,806 [Listener at 127.0.0.1/13280] INFO  ozoneimpl.OzoneContainer (OzoneContainer.java:buildContainerSet(225)) - Build ContainerSet costs 0s
2021-05-22 19:12:15,810 [Listener at 127.0.0.1/13280] INFO  server.RaftServer (ConfUtils.java:logGet(44)) - raft.rpc.type = GRPC (default)
2021-05-22 19:12:15,810 [Listener at 127.0.0.1/13280] INFO  grpc.GrpcFactory (GrpcFactory.java:checkPooledByteBufAllocatorUseCacheForAllThreads(48)) - PERFORMANCE WARNING: useCacheForAllThreads is true that may cause Netty to create a lot garbage objects and, as a result, trigger GC.
	It is recommended to disable useCacheForAllThreads by setting -Dorg.apache.ratis.thirdparty.io.netty.allocator.useCacheForAllThreads=false in command line.
2021-05-22 19:12:15,810 [Listener at 127.0.0.1/13280] INFO  grpc.GrpcConfigKeys (ConfUtils.java:logGet(44)) - raft.grpc.admin.port = 0 (custom)
2021-05-22 19:12:15,811 [Listener at 127.0.0.1/13280] INFO  grpc.GrpcConfigKeys (ConfUtils.java:logGet(44)) - raft.grpc.client.port = 0 (custom)
2021-05-22 19:12:15,811 [Listener at 127.0.0.1/13280] INFO  grpc.GrpcConfigKeys (ConfUtils.java:logGet(44)) - raft.grpc.server.port = 0 (default)
2021-05-22 19:12:15,811 [Listener at 127.0.0.1/13280] INFO  server.GrpcService (ConfUtils.java:logGet(44)) - raft.grpc.message.size.max = 32MB (=33554432) (custom)
2021-05-22 19:12:15,811 [Listener at 127.0.0.1/13280] INFO  server.RaftServerConfigKeys (ConfUtils.java:logGet(44)) - raft.server.log.appender.buffer.byte-limit = 33554432 (custom)
2021-05-22 19:12:15,812 [Listener at 127.0.0.1/13280] INFO  server.GrpcService (ConfUtils.java:logGet(44)) - raft.grpc.flow.control.window = 5MB (=5242880) (custom)
2021-05-22 19:12:15,812 [Listener at 127.0.0.1/13280] INFO  server.RaftServerConfigKeys (ConfUtils.java:logGet(44)) - raft.server.rpc.request.timeout = 60s (custom)
2021-05-22 19:12:15,814 [Listener at 127.0.0.1/13280] INFO  impl.DataStreamServerImpl (ConfUtils.java:logGet(44)) - raft.datastream.type = DISABLED (default)
2021-05-22 19:12:15,814 [Listener at 127.0.0.1/13280] INFO  server.RaftServerConfigKeys (ConfUtils.java:logGet(44)) - raft.server.rpc.slowness.timeout = 300s (custom)
2021-05-22 19:12:15,814 [Listener at 127.0.0.1/13280] INFO  server.RaftServerConfigKeys (ConfUtils.java:logGet(44)) - raft.server.leaderelection.leader.step-down.wait-time = 10s (default)
2021-05-22 19:12:15,815 [Listener at 127.0.0.1/13280] INFO  server.RaftServerConfigKeys (ConfUtils.java:logGet(44)) - raft.server.storage.dir = [/github/workspace/mnt/ozone/hadoop-ozone/integration-test/target/test-dir/MiniOzoneClusterImpl-5713c1a7-fb90-4566-9593-6537b218274a/datanode-1/data/ratis] (custom)
2021-05-22 19:12:15,901 [Listener at 127.0.0.1/13280] INFO  http.BaseHttpServer (BaseHttpServer.java:newHttpServer2BuilderForOzone(209)) - Starting Web-server for hddsDatanode at: http://0.0.0.0:0
2021-05-22 19:12:15,901 [Listener at 127.0.0.1/13280] INFO  http.BaseHttpServer (BaseHttpServer.java:<init>(107)) - Hadoop Security Enabled: false Ozone Security Enabled: false Ozone HTTP Security Enabled: false 
2021-05-22 19:12:15,903 [Listener at 127.0.0.1/13280] INFO  server.AuthenticationFilter (AuthenticationFilter.java:constructSecretProvider(240)) - Unable to initialize FileSignerSecretProvider, falling back to use random secrets.
2021-05-22 19:12:15,908 [Listener at 127.0.0.1/13280] WARN  http.HttpRequestLog (HttpRequestLog.java:getRequestLog(103)) - Jetty request log can only be enabled using Log4j
2021-05-22 19:12:15,909 [Listener at 127.0.0.1/13280] INFO  http.HttpServer2 (HttpServer2.java:addGlobalFilter(1020)) - Added global filter 'safety' (class=org.apache.hadoop.hdds.server.http.HttpServer2$QuotingInputFilter)
2021-05-22 19:12:15,911 [Listener at 127.0.0.1/13280] INFO  http.HttpServer2 (HttpServer2.java:addFilter(996)) - Added filter static_user_filter (class=org.apache.hadoop.http.lib.StaticUserWebFilter$StaticUserFilter) to context hddsDatanode
2021-05-22 19:12:15,911 [Listener at 127.0.0.1/13280] INFO  http.HttpServer2 (HttpServer2.java:addFilter(1004)) - Added filter static_user_filter (class=org.apache.hadoop.http.lib.StaticUserWebFilter$StaticUserFilter) to context logs
2021-05-22 19:12:15,911 [Listener at 127.0.0.1/13280] INFO  http.HttpServer2 (HttpServer2.java:addFilter(1004)) - Added filter static_user_filter (class=org.apache.hadoop.http.lib.StaticUserWebFilter$StaticUserFilter) to context static
2021-05-22 19:12:15,912 [Listener at 127.0.0.1/13280] INFO  http.HttpServer2 (HttpServer2.java:bindListener(1238)) - Jetty bound to port 35445
2021-05-22 19:12:15,912 [Listener at 127.0.0.1/13280] INFO  server.Server (Server.java:doStart(375)) - jetty-9.4.35.v20201120; built: 2020-11-20T21:17:03.964Z; git: bdc54f03a5e0a7e280fab27f55c3c75ee8da89fb; jvm 1.8.0_232-b09
2021-05-22 19:12:15,924 [Datanode State Machine Task Thread - 0] INFO  datanode.InitDatanodeState (InitDatanodeState.java:persistContainerDatanodeDetails(145)) - DatanodeDetails is persisted to /github/workspace/mnt/ozone/hadoop-ozone/integration-test/target/test-dir/MiniOzoneClusterImpl-5713c1a7-fb90-4566-9593-6537b218274a/datanode-0/meta/datanode.id
2021-05-22 19:12:15,932 [Listener at 127.0.0.1/13280] INFO  server.session (DefaultSessionIdManager.java:doStart(334)) - DefaultSessionIdManager workerName=node0
2021-05-22 19:12:15,932 [Listener at 127.0.0.1/13280] INFO  server.session (DefaultSessionIdManager.java:doStart(339)) - No SessionScavenger set, using defaults
2021-05-22 19:12:15,933 [Listener at 127.0.0.1/13280] INFO  server.session (HouseKeeper.java:startScavenging(132)) - node0 Scavenging every 600000ms
2021-05-22 19:12:15,934 [Listener at 127.0.0.1/13280] INFO  handler.ContextHandler (ContextHandler.java:doStart(916)) - Started o.e.j.s.ServletContextHandler@67710b92{logs,/logs,file:///github/workspace/mnt/ozone/hadoop-ozone/integration-test/target/log,AVAILABLE}
2021-05-22 19:12:15,935 [Listener at 127.0.0.1/13280] INFO  handler.ContextHandler (ContextHandler.java:doStart(916)) - Started o.e.j.s.ServletContextHandler@11caa21d{static,/static,jar:file:/home/user/.m2/repository/org/apache/hadoop/hadoop-hdds-container-service/1.2.0-SNAPSHOT/hadoop-hdds-container-service-1.2.0-SNAPSHOT.jar!/webapps/static,AVAILABLE}
2021-05-22 19:12:16,123 [Listener at 127.0.0.1/13280] INFO  handler.ContextHandler (ContextHandler.java:doStart(916)) - Started o.e.j.w.WebAppContext@3b0305dd{hddsDatanode,/,file:///tmp/jetty-0_0_0_0-35445-hadoop-hdds-container-service-1_2_0-SNAPSHOT_jar-_-any-7676253043596107902/webapp/,AVAILABLE}{jar:file:/home/user/.m2/repository/org/apache/hadoop/hadoop-hdds-container-service/1.2.0-SNAPSHOT/hadoop-hdds-container-service-1.2.0-SNAPSHOT.jar!/webapps/hddsDatanode}
2021-05-22 19:12:16,126 [Listener at 127.0.0.1/13280] INFO  server.AbstractConnector (AbstractConnector.java:doStart(331)) - Started ServerConnector@5bf963a{HTTP/1.1, (http/1.1)}{0.0.0.0:35445}
2021-05-22 19:12:16,128 [Listener at 127.0.0.1/13280] INFO  server.Server (Server.java:doStart(415)) - Started @22268ms
2021-05-22 19:12:16,128 [Listener at 127.0.0.1/13280] WARN  impl.MetricsSystemImpl (MetricsSystemImpl.java:register(279)) - Sink prometheus already exists!
2021-05-22 19:12:16,132 [Listener at 127.0.0.1/13280] INFO  http.BaseHttpServer (BaseHttpServer.java:updateConnectorAddress(329)) - HTTP server of hddsDatanode listening at http://0.0.0.0:35445
2021-05-22 19:12:16,133 [Listener at 127.0.0.1/13280] INFO  impl.MetricsSystemImpl (MetricsSystemImpl.java:init(158)) - HddsDatanode metrics system started (again)
2021-05-22 19:12:16,144 [Listener at 127.0.0.1/13280] INFO  ozone.HddsDatanodeService (HddsDatanodeService.java:start(220)) - HddsDatanodeService host:a9243b6273c1 ip:172.17.0.2
2021-05-22 19:12:16,149 [org.apache.hadoop.util.JvmPauseMonitor$Monitor@b986d4e] INFO  util.JvmPauseMonitor (JvmPauseMonitor.java:run(188)) - Starting JVM pause monitor
2021-05-22 19:12:16,151 [Datanode State Machine Task Thread - 0] INFO  ha.SCMNodeInfo (SCMNodeInfo.java:getPort(197)) - ConfigKey ozone.scm.client.address is deprecated, For configuring different ports for each SCM use PortConfigKey ozone.scm.client.port appended with serviceId and nodeId
2021-05-22 19:12:16,151 [Datanode State Machine Task Thread - 0] INFO  ha.SCMNodeInfo (SCMNodeInfo.java:getPort(197)) - ConfigKey ozone.scm.block.client.address is deprecated, For configuring different ports for each SCM use PortConfigKey ozone.scm.block.client.port appended with serviceId and nodeId
2021-05-22 19:12:16,151 [Datanode State Machine Task Thread - 0] INFO  ha.SCMNodeInfo (SCMNodeInfo.java:getPort(197)) - ConfigKey ozone.scm.datanode.address is deprecated, For configuring different ports for each SCM use PortConfigKey ozone.scm.datanode.port appended with serviceId and nodeId
2021-05-22 19:12:16,151 [Datanode State Machine Task Thread - 0] INFO  ha.SCMNodeInfo (SCMNodeInfo.java:getPort(197)) - ConfigKey ozone.scm.client.address is deprecated, For configuring different ports for each SCM use PortConfigKey ozone.scm.client.port appended with serviceId and nodeId
2021-05-22 19:12:16,151 [Datanode State Machine Task Thread - 0] INFO  ha.SCMNodeInfo (SCMNodeInfo.java:getPort(197)) - ConfigKey ozone.scm.block.client.address is deprecated, For configuring different ports for each SCM use PortConfigKey ozone.scm.block.client.port appended with serviceId and nodeId
2021-05-22 19:12:16,151 [Datanode State Machine Task Thread - 0] INFO  ha.SCMNodeInfo (SCMNodeInfo.java:getPort(197)) - ConfigKey ozone.scm.datanode.address is deprecated, For configuring different ports for each SCM use PortConfigKey ozone.scm.datanode.port appended with serviceId and nodeId
2021-05-22 19:12:16,151 [Datanode State Machine Task Thread - 0] INFO  ha.SCMNodeInfo (SCMNodeInfo.java:getPort(197)) - ConfigKey ozone.scm.client.address is deprecated, For configuring different ports for each SCM use PortConfigKey ozone.scm.client.port appended with serviceId and nodeId
2021-05-22 19:12:16,151 [Datanode State Machine Task Thread - 0] INFO  ha.SCMNodeInfo (SCMNodeInfo.java:getPort(197)) - ConfigKey ozone.scm.block.client.address is deprecated, For configuring different ports for each SCM use PortConfigKey ozone.scm.block.client.port appended with serviceId and nodeId
2021-05-22 19:12:16,151 [Datanode State Machine Task Thread - 0] INFO  ha.SCMNodeInfo (SCMNodeInfo.java:getPort(197)) - ConfigKey ozone.scm.datanode.address is deprecated, For configuring different ports for each SCM use PortConfigKey ozone.scm.datanode.port appended with serviceId and nodeId
2021-05-22 19:12:16,171 [Listener at 127.0.0.1/13280] INFO  ha.SCMNodeInfo (SCMNodeInfo.java:getPort(197)) - ConfigKey ozone.scm.client.address is deprecated, For configuring different ports for each SCM use PortConfigKey ozone.scm.client.port appended with serviceId and nodeId
2021-05-22 19:12:16,172 [Listener at 127.0.0.1/13280] INFO  ha.SCMNodeInfo (SCMNodeInfo.java:getPort(197)) - ConfigKey ozone.scm.block.client.address is deprecated, For configuring different ports for each SCM use PortConfigKey ozone.scm.block.client.port appended with serviceId and nodeId
2021-05-22 19:12:16,172 [Listener at 127.0.0.1/13280] INFO  ha.SCMNodeInfo (SCMNodeInfo.java:getPort(197)) - ConfigKey ozone.scm.datanode.address is deprecated, For configuring different ports for each SCM use PortConfigKey ozone.scm.datanode.port appended with serviceId and nodeId
2021-05-22 19:12:16,172 [Listener at 127.0.0.1/13280] INFO  ha.SCMNodeInfo (SCMNodeInfo.java:getPort(197)) - ConfigKey ozone.scm.client.address is deprecated, For configuring different ports for each SCM use PortConfigKey ozone.scm.client.port appended with serviceId and nodeId
2021-05-22 19:12:16,172 [Listener at 127.0.0.1/13280] INFO  ha.SCMNodeInfo (SCMNodeInfo.java:getPort(197)) - ConfigKey ozone.scm.block.client.address is deprecated, For configuring different ports for each SCM use PortConfigKey ozone.scm.block.client.port appended with serviceId and nodeId
2021-05-22 19:12:16,173 [Listener at 127.0.0.1/13280] INFO  ha.SCMNodeInfo (SCMNodeInfo.java:getPort(197)) - ConfigKey ozone.scm.datanode.address is deprecated, For configuring different ports for each SCM use PortConfigKey ozone.scm.datanode.port appended with serviceId and nodeId
2021-05-22 19:12:16,173 [Listener at 127.0.0.1/13280] INFO  ha.SCMNodeInfo (SCMNodeInfo.java:getPort(197)) - ConfigKey ozone.scm.client.address is deprecated, For configuring different ports for each SCM use PortConfigKey ozone.scm.client.port appended with serviceId and nodeId
2021-05-22 19:12:16,173 [Listener at 127.0.0.1/13280] INFO  ha.SCMNodeInfo (SCMNodeInfo.java:getPort(197)) - ConfigKey ozone.scm.block.client.address is deprecated, For configuring different ports for each SCM use PortConfigKey ozone.scm.block.client.port appended with serviceId and nodeId
2021-05-22 19:12:16,173 [Listener at 127.0.0.1/13280] INFO  ha.SCMNodeInfo (SCMNodeInfo.java:getPort(197)) - ConfigKey ozone.scm.datanode.address is deprecated, For configuring different ports for each SCM use PortConfigKey ozone.scm.datanode.port appended with serviceId and nodeId
2021-05-22 19:12:16,177 [Datanode State Machine Task Thread - 0] INFO  datanode.InitDatanodeState (InitDatanodeState.java:persistContainerDatanodeDetails(145)) - DatanodeDetails is persisted to /github/workspace/mnt/ozone/hadoop-ozone/integration-test/target/test-dir/MiniOzoneClusterImpl-5713c1a7-fb90-4566-9593-6537b218274a/datanode-1/meta/datanode.id
2021-05-22 19:12:16,182 [Listener at 127.0.0.1/13280] INFO  volume.HddsVolume (HddsVolume.java:<init>(184)) - Creating Volume: /github/workspace/mnt/ozone/hadoop-ozone/integration-test/target/test-dir/MiniOzoneClusterImpl-5713c1a7-fb90-4566-9593-6537b218274a/datanode-2/data-0/containers/hdds of storage type : DISK and capacity : 9223372036854775807
2021-05-22 19:12:16,182 [Listener at 127.0.0.1/13280] INFO  volume.MutableVolumeSet (MutableVolumeSet.java:initializeVolumeSet(195)) - Added Volume : /github/workspace/mnt/ozone/hadoop-ozone/integration-test/target/test-dir/MiniOzoneClusterImpl-5713c1a7-fb90-4566-9593-6537b218274a/datanode-2/data-0/containers/hdds to VolumeSet
2021-05-22 19:12:16,183 [Listener at 127.0.0.1/13280] INFO  volume.ThrottledAsyncChecker (ThrottledAsyncChecker.java:schedule(141)) - Scheduling a check for /github/workspace/mnt/ozone/hadoop-ozone/integration-test/target/test-dir/MiniOzoneClusterImpl-5713c1a7-fb90-4566-9593-6537b218274a/datanode-2/data-0/containers/hdds
2021-05-22 19:12:16,184 [Listener at 127.0.0.1/13280] INFO  volume.HddsVolumeChecker (HddsVolumeChecker.java:checkAllVolumes(200)) - Scheduled health check for volume /github/workspace/mnt/ozone/hadoop-ozone/integration-test/target/test-dir/MiniOzoneClusterImpl-5713c1a7-fb90-4566-9593-6537b218274a/datanode-2/data-0/containers/hdds
2021-05-22 19:12:16,198 [Listener at 127.0.0.1/13280] INFO  ozoneimpl.ContainerReader (ContainerReader.java:<init>(98)) - Running in upgrade mode:true
2021-05-22 19:12:16,200 [Thread-511] INFO  ozoneimpl.ContainerReader (ContainerReader.java:readVolume(142)) - Start to verify containers on volume /github/workspace/mnt/ozone/hadoop-ozone/integration-test/target/test-dir/MiniOzoneClusterImpl-5713c1a7-fb90-4566-9593-6537b218274a/datanode-2/data-0/containers/hdds
2021-05-22 19:12:16,200 [Thread-511] INFO  ozoneimpl.ContainerReader (ContainerReader.java:readVolume(174)) - Finish verifying containers on volume /github/workspace/mnt/ozone/hadoop-ozone/integration-test/target/test-dir/MiniOzoneClusterImpl-5713c1a7-fb90-4566-9593-6537b218274a/datanode-2/data-0/containers/hdds
2021-05-22 19:12:16,200 [Listener at 127.0.0.1/13280] INFO  ozoneimpl.OzoneContainer (OzoneContainer.java:buildContainerSet(225)) - Build ContainerSet costs 0s
2021-05-22 19:12:16,204 [Listener at 127.0.0.1/13280] INFO  server.RaftServer (ConfUtils.java:logGet(44)) - raft.rpc.type = GRPC (default)
2021-05-22 19:12:16,204 [Listener at 127.0.0.1/13280] INFO  grpc.GrpcFactory (GrpcFactory.java:checkPooledByteBufAllocatorUseCacheForAllThreads(48)) - PERFORMANCE WARNING: useCacheForAllThreads is true that may cause Netty to create a lot garbage objects and, as a result, trigger GC.
	It is recommended to disable useCacheForAllThreads by setting -Dorg.apache.ratis.thirdparty.io.netty.allocator.useCacheForAllThreads=false in command line.
2021-05-22 19:12:16,205 [Listener at 127.0.0.1/13280] INFO  grpc.GrpcConfigKeys (ConfUtils.java:logGet(44)) - raft.grpc.admin.port = 0 (custom)
2021-05-22 19:12:16,205 [Listener at 127.0.0.1/13280] INFO  grpc.GrpcConfigKeys (ConfUtils.java:logGet(44)) - raft.grpc.client.port = 0 (custom)
2021-05-22 19:12:16,205 [Listener at 127.0.0.1/13280] INFO  grpc.GrpcConfigKeys (ConfUtils.java:logGet(44)) - raft.grpc.server.port = 0 (default)
2021-05-22 19:12:16,206 [Listener at 127.0.0.1/13280] INFO  server.GrpcService (ConfUtils.java:logGet(44)) - raft.grpc.message.size.max = 32MB (=33554432) (custom)
2021-05-22 19:12:16,206 [Listener at 127.0.0.1/13280] INFO  server.RaftServerConfigKeys (ConfUtils.java:logGet(44)) - raft.server.log.appender.buffer.byte-limit = 33554432 (custom)
2021-05-22 19:12:16,207 [Listener at 127.0.0.1/13280] INFO  server.GrpcService (ConfUtils.java:logGet(44)) - raft.grpc.flow.control.window = 5MB (=5242880) (custom)
2021-05-22 19:12:16,207 [Listener at 127.0.0.1/13280] INFO  server.RaftServerConfigKeys (ConfUtils.java:logGet(44)) - raft.server.rpc.request.timeout = 60s (custom)
2021-05-22 19:12:16,208 [Listener at 127.0.0.1/13280] INFO  impl.DataStreamServerImpl (ConfUtils.java:logGet(44)) - raft.datastream.type = DISABLED (default)
2021-05-22 19:12:16,209 [Listener at 127.0.0.1/13280] INFO  server.RaftServerConfigKeys (ConfUtils.java:logGet(44)) - raft.server.rpc.slowness.timeout = 300s (custom)
2021-05-22 19:12:16,209 [Listener at 127.0.0.1/13280] INFO  server.RaftServerConfigKeys (ConfUtils.java:logGet(44)) - raft.server.leaderelection.leader.step-down.wait-time = 10s (default)
2021-05-22 19:12:16,209 [Listener at 127.0.0.1/13280] INFO  server.RaftServerConfigKeys (ConfUtils.java:logGet(44)) - raft.server.storage.dir = [/github/workspace/mnt/ozone/hadoop-ozone/integration-test/target/test-dir/MiniOzoneClusterImpl-5713c1a7-fb90-4566-9593-6537b218274a/datanode-2/data/ratis] (custom)
2021-05-22 19:12:16,216 [Listener at 127.0.0.1/13280] INFO  http.BaseHttpServer (BaseHttpServer.java:newHttpServer2BuilderForOzone(209)) - Starting Web-server for hddsDatanode at: http://0.0.0.0:0
2021-05-22 19:12:16,216 [Listener at 127.0.0.1/13280] INFO  http.BaseHttpServer (BaseHttpServer.java:<init>(107)) - Hadoop Security Enabled: false Ozone Security Enabled: false Ozone HTTP Security Enabled: false 
2021-05-22 19:12:16,218 [Listener at 127.0.0.1/13280] INFO  server.AuthenticationFilter (AuthenticationFilter.java:constructSecretProvider(240)) - Unable to initialize FileSignerSecretProvider, falling back to use random secrets.
2021-05-22 19:12:16,218 [Listener at 127.0.0.1/13280] WARN  http.HttpRequestLog (HttpRequestLog.java:getRequestLog(103)) - Jetty request log can only be enabled using Log4j
2021-05-22 19:12:16,219 [Listener at 127.0.0.1/13280] INFO  http.HttpServer2 (HttpServer2.java:addGlobalFilter(1020)) - Added global filter 'safety' (class=org.apache.hadoop.hdds.server.http.HttpServer2$QuotingInputFilter)
2021-05-22 19:12:16,221 [Listener at 127.0.0.1/13280] INFO  http.HttpServer2 (HttpServer2.java:addFilter(996)) - Added filter static_user_filter (class=org.apache.hadoop.http.lib.StaticUserWebFilter$StaticUserFilter) to context hddsDatanode
2021-05-22 19:12:16,221 [Listener at 127.0.0.1/13280] INFO  http.HttpServer2 (HttpServer2.java:addFilter(1004)) - Added filter static_user_filter (class=org.apache.hadoop.http.lib.StaticUserWebFilter$StaticUserFilter) to context logs
2021-05-22 19:12:16,221 [Listener at 127.0.0.1/13280] INFO  http.HttpServer2 (HttpServer2.java:addFilter(1004)) - Added filter static_user_filter (class=org.apache.hadoop.http.lib.StaticUserWebFilter$StaticUserFilter) to context static
2021-05-22 19:12:16,222 [Listener at 127.0.0.1/13280] INFO  http.HttpServer2 (HttpServer2.java:bindListener(1238)) - Jetty bound to port 34583
2021-05-22 19:12:16,222 [Listener at 127.0.0.1/13280] INFO  server.Server (Server.java:doStart(375)) - jetty-9.4.35.v20201120; built: 2020-11-20T21:17:03.964Z; git: bdc54f03a5e0a7e280fab27f55c3c75ee8da89fb; jvm 1.8.0_232-b09
2021-05-22 19:12:16,226 [Listener at 127.0.0.1/13280] INFO  server.session (DefaultSessionIdManager.java:doStart(334)) - DefaultSessionIdManager workerName=node0
2021-05-22 19:12:16,226 [Listener at 127.0.0.1/13280] INFO  server.session (DefaultSessionIdManager.java:doStart(339)) - No SessionScavenger set, using defaults
2021-05-22 19:12:16,226 [Listener at 127.0.0.1/13280] INFO  server.session (HouseKeeper.java:startScavenging(132)) - node0 Scavenging every 660000ms
2021-05-22 19:12:16,228 [Listener at 127.0.0.1/13280] INFO  handler.ContextHandler (ContextHandler.java:doStart(916)) - Started o.e.j.s.ServletContextHandler@538c823c{logs,/logs,file:///github/workspace/mnt/ozone/hadoop-ozone/integration-test/target/log,AVAILABLE}
2021-05-22 19:12:16,229 [Listener at 127.0.0.1/13280] INFO  handler.ContextHandler (ContextHandler.java:doStart(916)) - Started o.e.j.s.ServletContextHandler@14ab3e22{static,/static,jar:file:/home/user/.m2/repository/org/apache/hadoop/hadoop-hdds-container-service/1.2.0-SNAPSHOT/hadoop-hdds-container-service-1.2.0-SNAPSHOT.jar!/webapps/static,AVAILABLE}
2021-05-22 19:12:16,411 [Listener at 127.0.0.1/13280] INFO  handler.ContextHandler (ContextHandler.java:doStart(916)) - Started o.e.j.w.WebAppContext@251e00a0{hddsDatanode,/,file:///tmp/jetty-0_0_0_0-34583-hadoop-hdds-container-service-1_2_0-SNAPSHOT_jar-_-any-3170713954563339136/webapp/,AVAILABLE}{jar:file:/home/user/.m2/repository/org/apache/hadoop/hadoop-hdds-container-service/1.2.0-SNAPSHOT/hadoop-hdds-container-service-1.2.0-SNAPSHOT.jar!/webapps/hddsDatanode}
2021-05-22 19:12:16,414 [Listener at 127.0.0.1/13280] INFO  server.AbstractConnector (AbstractConnector.java:doStart(331)) - Started ServerConnector@45bf1ee3{HTTP/1.1, (http/1.1)}{0.0.0.0:34583}
2021-05-22 19:12:16,414 [Listener at 127.0.0.1/13280] INFO  server.Server (Server.java:doStart(415)) - Started @22556ms
2021-05-22 19:12:16,414 [Listener at 127.0.0.1/13280] WARN  impl.MetricsSystemImpl (MetricsSystemImpl.java:register(279)) - Sink prometheus already exists!
2021-05-22 19:12:16,419 [Listener at 127.0.0.1/13280] INFO  http.BaseHttpServer (BaseHttpServer.java:updateConnectorAddress(329)) - HTTP server of hddsDatanode listening at http://0.0.0.0:34583
2021-05-22 19:12:16,431 [org.apache.hadoop.util.JvmPauseMonitor$Monitor@53711dee] INFO  util.JvmPauseMonitor (JvmPauseMonitor.java:run(188)) - Starting JVM pause monitor
2021-05-22 19:12:16,432 [Listener at 127.0.0.1/13280] INFO  ozone.MiniOzoneClusterImpl (MiniOzoneClusterImpl.java:lambda$waitForClusterToBeReady$0(224)) - Waiting for nodes to be ready. Got 0 of 3 DN Heartbeats.
2021-05-22 19:12:16,432 [Listener at 127.0.0.1/13280] INFO  ozone.MiniOzoneClusterImpl (MiniOzoneClusterImpl.java:lambda$waitForClusterToBeReady$0(227)) - Waiting for cluster to exit safe mode
2021-05-22 19:12:16,432 [Listener at 127.0.0.1/13280] INFO  ozone.MiniOzoneClusterImpl (MiniOzoneClusterImpl.java:lambda$waitForClusterToBeReady$0(230)) - SCM became leader
2021-05-22 19:12:16,432 [Datanode State Machine Task Thread - 0] INFO  ha.SCMNodeInfo (SCMNodeInfo.java:getPort(197)) - ConfigKey ozone.scm.client.address is deprecated, For configuring different ports for each SCM use PortConfigKey ozone.scm.client.port appended with serviceId and nodeId
2021-05-22 19:12:16,433 [Datanode State Machine Task Thread - 0] INFO  ha.SCMNodeInfo (SCMNodeInfo.java:getPort(197)) - ConfigKey ozone.scm.block.client.address is deprecated, For configuring different ports for each SCM use PortConfigKey ozone.scm.block.client.port appended with serviceId and nodeId
2021-05-22 19:12:16,433 [Datanode State Machine Task Thread - 0] INFO  ha.SCMNodeInfo (SCMNodeInfo.java:getPort(197)) - ConfigKey ozone.scm.datanode.address is deprecated, For configuring different ports for each SCM use PortConfigKey ozone.scm.datanode.port appended with serviceId and nodeId
2021-05-22 19:12:16,433 [Datanode State Machine Task Thread - 0] INFO  ha.SCMNodeInfo (SCMNodeInfo.java:getPort(197)) - ConfigKey ozone.scm.client.address is deprecated, For configuring different ports for each SCM use PortConfigKey ozone.scm.client.port appended with serviceId and nodeId
2021-05-22 19:12:16,433 [Datanode State Machine Task Thread - 0] INFO  ha.SCMNodeInfo (SCMNodeInfo.java:getPort(197)) - ConfigKey ozone.scm.block.client.address is deprecated, For configuring different ports for each SCM use PortConfigKey ozone.scm.block.client.port appended with serviceId and nodeId
2021-05-22 19:12:16,433 [Datanode State Machine Task Thread - 0] INFO  ha.SCMNodeInfo (SCMNodeInfo.java:getPort(197)) - ConfigKey ozone.scm.datanode.address is deprecated, For configuring different ports for each SCM use PortConfigKey ozone.scm.datanode.port appended with serviceId and nodeId
2021-05-22 19:12:16,433 [Datanode State Machine Task Thread - 0] INFO  ha.SCMNodeInfo (SCMNodeInfo.java:getPort(197)) - ConfigKey ozone.scm.client.address is deprecated, For configuring different ports for each SCM use PortConfigKey ozone.scm.client.port appended with serviceId and nodeId
2021-05-22 19:12:16,433 [Datanode State Machine Task Thread - 0] INFO  ha.SCMNodeInfo (SCMNodeInfo.java:getPort(197)) - ConfigKey ozone.scm.block.client.address is deprecated, For configuring different ports for each SCM use PortConfigKey ozone.scm.block.client.port appended with serviceId and nodeId
2021-05-22 19:12:16,433 [Datanode State Machine Task Thread - 0] INFO  ha.SCMNodeInfo (SCMNodeInfo.java:getPort(197)) - ConfigKey ozone.scm.datanode.address is deprecated, For configuring different ports for each SCM use PortConfigKey ozone.scm.datanode.port appended with serviceId and nodeId
2021-05-22 19:12:16,436 [Datanode State Machine Task Thread - 0] INFO  datanode.InitDatanodeState (InitDatanodeState.java:persistContainerDatanodeDetails(145)) - DatanodeDetails is persisted to /github/workspace/mnt/ozone/hadoop-ozone/integration-test/target/test-dir/MiniOzoneClusterImpl-5713c1a7-fb90-4566-9593-6537b218274a/datanode-2/meta/datanode.id
2021-05-22 19:12:17,433 [Listener at 127.0.0.1/13280] INFO  ozone.MiniOzoneClusterImpl (MiniOzoneClusterImpl.java:lambda$waitForClusterToBeReady$0(224)) - Waiting for nodes to be ready. Got 0 of 3 DN Heartbeats.
2021-05-22 19:12:17,433 [Listener at 127.0.0.1/13280] INFO  ozone.MiniOzoneClusterImpl (MiniOzoneClusterImpl.java:lambda$waitForClusterToBeReady$0(227)) - Waiting for cluster to exit safe mode
2021-05-22 19:12:17,433 [Listener at 127.0.0.1/13280] INFO  ozone.MiniOzoneClusterImpl (MiniOzoneClusterImpl.java:lambda$waitForClusterToBeReady$0(230)) - SCM became leader
2021-05-22 19:12:17,824 [EndpointStateMachine task thread for /127.0.0.1:12381 - 0 ] INFO  ozoneimpl.OzoneContainer (OzoneContainer.java:start(292)) - Attempting to start container services.
2021-05-22 19:12:17,827 [EndpointStateMachine task thread for /127.0.0.1:12381 - 0 ] INFO  ozoneimpl.OzoneContainer (OzoneContainer.java:startContainerScrub(238)) - Background container scanner has been disabled.
2021-05-22 19:12:17,834 [EndpointStateMachine task thread for /127.0.0.1:12381 - 0 ] INFO  replication.ReplicationServer (ReplicationServer.java:start(106)) - ReplicationServer is started using port 41745
2021-05-22 19:12:17,845 [EndpointStateMachine task thread for /127.0.0.1:12381 - 0 ] INFO  ratis.XceiverServerRatis (XceiverServerRatis.java:start(490)) - Starting XceiverServerRatis ea0eae10-41b3-4db6-9afe-6a980641cba9
2021-05-22 19:12:17,851 [EndpointStateMachine task thread for /127.0.0.1:12381 - 0 ] INFO  server.RaftServer (RaftServerProxy.java:lambda$start$5(374)) - ea0eae10-41b3-4db6-9afe-6a980641cba9: start RPC server
2021-05-22 19:12:17,855 [EndpointStateMachine task thread for /127.0.0.1:12381 - 0 ] INFO  server.GrpcService (GrpcService.java:startImpl(253)) - ea0eae10-41b3-4db6-9afe-6a980641cba9: GrpcService started, listening on 38377
2021-05-22 19:12:17,856 [EndpointStateMachine task thread for /127.0.0.1:12381 - 0 ] INFO  ratis.XceiverServerRatis (XceiverServerRatis.java:getRealPort(511)) - XceiverServerRatis ea0eae10-41b3-4db6-9afe-6a980641cba9 is started using port 38377 for RATIS
2021-05-22 19:12:17,856 [EndpointStateMachine task thread for /127.0.0.1:12381 - 0 ] INFO  ratis.XceiverServerRatis (XceiverServerRatis.java:getRealPort(511)) - XceiverServerRatis ea0eae10-41b3-4db6-9afe-6a980641cba9 is started using port 38377 for RATIS_ADMIN
2021-05-22 19:12:17,856 [EndpointStateMachine task thread for /127.0.0.1:12381 - 0 ] INFO  ratis.XceiverServerRatis (XceiverServerRatis.java:getRealPort(511)) - XceiverServerRatis ea0eae10-41b3-4db6-9afe-6a980641cba9 is started using port 38377 for RATIS_SERVER
2021-05-22 19:12:17,858 [org.apache.ratis.util.JvmPauseMonitor$$Lambda$484/882706486@6363071c] INFO  util.JvmPauseMonitor (JvmPauseMonitor.java:run(103)) - JvmPauseMonitor-ea0eae10-41b3-4db6-9afe-6a980641cba9: Started
2021-05-22 19:12:17,858 [EndpointStateMachine task thread for /127.0.0.1:12381 - 0 ] INFO  server.XceiverServerGrpc (XceiverServerGrpc.java:start(135)) - XceiverServerGrpc ea0eae10-41b3-4db6-9afe-6a980641cba9 is started using port 33423
2021-05-22 19:12:17,875 [EndpointStateMachine task thread for /127.0.0.1:12391 - 0 ] INFO  ozoneimpl.OzoneContainer (OzoneContainer.java:start(288)) - Ignore. OzoneContainer already started.
2021-05-22 19:12:18,161 [EndpointStateMachine task thread for /127.0.0.1:12391 - 0 ] INFO  ozoneimpl.OzoneContainer (OzoneContainer.java:start(292)) - Attempting to start container services.
2021-05-22 19:12:18,169 [EndpointStateMachine task thread for /127.0.0.1:12391 - 0 ] INFO  ozoneimpl.OzoneContainer (OzoneContainer.java:startContainerScrub(238)) - Background container scanner has been disabled.
2021-05-22 19:12:18,171 [EndpointStateMachine task thread for /127.0.0.1:12391 - 0 ] INFO  replication.ReplicationServer (ReplicationServer.java:start(106)) - ReplicationServer is started using port 45017
2021-05-22 19:12:18,173 [EndpointStateMachine task thread for /127.0.0.1:12391 - 0 ] INFO  ratis.XceiverServerRatis (XceiverServerRatis.java:start(490)) - Starting XceiverServerRatis 77d60ed4-b7ae-47d8-b664-0086abc1b028
2021-05-22 19:12:18,175 [EndpointStateMachine task thread for /127.0.0.1:12391 - 0 ] INFO  server.RaftServer (RaftServerProxy.java:lambda$start$5(374)) - 77d60ed4-b7ae-47d8-b664-0086abc1b028: start RPC server
2021-05-22 19:12:18,177 [EndpointStateMachine task thread for /127.0.0.1:12391 - 0 ] INFO  server.GrpcService (GrpcService.java:startImpl(253)) - 77d60ed4-b7ae-47d8-b664-0086abc1b028: GrpcService started, listening on 42583
2021-05-22 19:12:18,177 [EndpointStateMachine task thread for /127.0.0.1:12391 - 0 ] INFO  ratis.XceiverServerRatis (XceiverServerRatis.java:getRealPort(511)) - XceiverServerRatis 77d60ed4-b7ae-47d8-b664-0086abc1b028 is started using port 42583 for RATIS
2021-05-22 19:12:18,177 [EndpointStateMachine task thread for /127.0.0.1:12391 - 0 ] INFO  ratis.XceiverServerRatis (XceiverServerRatis.java:getRealPort(511)) - XceiverServerRatis 77d60ed4-b7ae-47d8-b664-0086abc1b028 is started using port 42583 for RATIS_ADMIN
2021-05-22 19:12:18,178 [EndpointStateMachine task thread for /127.0.0.1:12391 - 0 ] INFO  ratis.XceiverServerRatis (XceiverServerRatis.java:getRealPort(511)) - XceiverServerRatis 77d60ed4-b7ae-47d8-b664-0086abc1b028 is started using port 42583 for RATIS_SERVER
2021-05-22 19:12:18,177 [org.apache.ratis.util.JvmPauseMonitor$$Lambda$484/882706486@7d4945e6] INFO  util.JvmPauseMonitor (JvmPauseMonitor.java:run(103)) - JvmPauseMonitor-77d60ed4-b7ae-47d8-b664-0086abc1b028: Started
2021-05-22 19:12:18,179 [EndpointStateMachine task thread for /127.0.0.1:12391 - 0 ] INFO  server.XceiverServerGrpc (XceiverServerGrpc.java:start(135)) - XceiverServerGrpc 77d60ed4-b7ae-47d8-b664-0086abc1b028 is started using port 39903
2021-05-22 19:12:18,185 [EndpointStateMachine task thread for /127.0.0.1:12381 - 0 ] INFO  ozoneimpl.OzoneContainer (OzoneContainer.java:start(288)) - Ignore. OzoneContainer already started.
2021-05-22 19:12:18,434 [Listener at 127.0.0.1/13280] INFO  ozone.MiniOzoneClusterImpl (MiniOzoneClusterImpl.java:lambda$waitForClusterToBeReady$0(224)) - Waiting for nodes to be ready. Got 0 of 3 DN Heartbeats.
2021-05-22 19:12:18,434 [Listener at 127.0.0.1/13280] INFO  ozone.MiniOzoneClusterImpl (MiniOzoneClusterImpl.java:lambda$waitForClusterToBeReady$0(227)) - Waiting for cluster to exit safe mode
2021-05-22 19:12:18,434 [Listener at 127.0.0.1/13280] INFO  ozone.MiniOzoneClusterImpl (MiniOzoneClusterImpl.java:lambda$waitForClusterToBeReady$0(230)) - SCM became leader
2021-05-22 19:12:18,443 [EndpointStateMachine task thread for /127.0.0.1:12381 - 0 ] INFO  ozoneimpl.OzoneContainer (OzoneContainer.java:start(292)) - Attempting to start container services.
2021-05-22 19:12:18,443 [EndpointStateMachine task thread for /127.0.0.1:12381 - 0 ] INFO  ozoneimpl.OzoneContainer (OzoneContainer.java:startContainerScrub(238)) - Background container scanner has been disabled.
2021-05-22 19:12:18,446 [EndpointStateMachine task thread for /127.0.0.1:12381 - 0 ] INFO  replication.ReplicationServer (ReplicationServer.java:start(106)) - ReplicationServer is started using port 42943
2021-05-22 19:12:18,446 [EndpointStateMachine task thread for /127.0.0.1:12381 - 0 ] INFO  ratis.XceiverServerRatis (XceiverServerRatis.java:start(490)) - Starting XceiverServerRatis 37ad4b1d-96aa-49b2-b7c2-5ba74b6ff263
2021-05-22 19:12:18,447 [EndpointStateMachine task thread for /127.0.0.1:12381 - 0 ] INFO  server.RaftServer (RaftServerProxy.java:lambda$start$5(374)) - 37ad4b1d-96aa-49b2-b7c2-5ba74b6ff263: start RPC server
2021-05-22 19:12:18,449 [EndpointStateMachine task thread for /127.0.0.1:12381 - 0 ] INFO  server.GrpcService (GrpcService.java:startImpl(253)) - 37ad4b1d-96aa-49b2-b7c2-5ba74b6ff263: GrpcService started, listening on 40699
2021-05-22 19:12:18,450 [EndpointStateMachine task thread for /127.0.0.1:12381 - 0 ] INFO  ratis.XceiverServerRatis (XceiverServerRatis.java:getRealPort(511)) - XceiverServerRatis 37ad4b1d-96aa-49b2-b7c2-5ba74b6ff263 is started using port 40699 for RATIS
2021-05-22 19:12:18,450 [EndpointStateMachine task thread for /127.0.0.1:12381 - 0 ] INFO  ratis.XceiverServerRatis (XceiverServerRatis.java:getRealPort(511)) - XceiverServerRatis 37ad4b1d-96aa-49b2-b7c2-5ba74b6ff263 is started using port 40699 for RATIS_ADMIN
2021-05-22 19:12:18,450 [EndpointStateMachine task thread for /127.0.0.1:12381 - 0 ] INFO  ratis.XceiverServerRatis (XceiverServerRatis.java:getRealPort(511)) - XceiverServerRatis 37ad4b1d-96aa-49b2-b7c2-5ba74b6ff263 is started using port 40699 for RATIS_SERVER
2021-05-22 19:12:18,450 [org.apache.ratis.util.JvmPauseMonitor$$Lambda$484/882706486@1fe2e410] INFO  util.JvmPauseMonitor (JvmPauseMonitor.java:run(103)) - JvmPauseMonitor-37ad4b1d-96aa-49b2-b7c2-5ba74b6ff263: Started
2021-05-22 19:12:18,453 [EndpointStateMachine task thread for /127.0.0.1:12381 - 0 ] INFO  server.XceiverServerGrpc (XceiverServerGrpc.java:start(135)) - XceiverServerGrpc 37ad4b1d-96aa-49b2-b7c2-5ba74b6ff263 is started using port 41397
2021-05-22 19:12:18,455 [EndpointStateMachine task thread for /127.0.0.1:12391 - 0 ] INFO  ozoneimpl.OzoneContainer (OzoneContainer.java:start(288)) - Ignore. OzoneContainer already started.
2021-05-22 19:12:19,435 [Listener at 127.0.0.1/13280] INFO  ozone.MiniOzoneClusterImpl (MiniOzoneClusterImpl.java:lambda$waitForClusterToBeReady$0(224)) - Waiting for nodes to be ready. Got 0 of 3 DN Heartbeats.
2021-05-22 19:12:19,435 [Listener at 127.0.0.1/13280] INFO  ozone.MiniOzoneClusterImpl (MiniOzoneClusterImpl.java:lambda$waitForClusterToBeReady$0(227)) - Waiting for cluster to exit safe mode
2021-05-22 19:12:19,435 [Listener at 127.0.0.1/13280] INFO  ozone.MiniOzoneClusterImpl (MiniOzoneClusterImpl.java:lambda$waitForClusterToBeReady$0(230)) - SCM became leader
2021-05-22 19:12:19,797 [IPC Server handler 1 on default port 12391] INFO  net.NetworkTopologyImpl (NetworkTopologyImpl.java:add(112)) - Added a new node: /default-rack/ea0eae10-41b3-4db6-9afe-6a980641cba9
2021-05-22 19:12:19,800 [IPC Server handler 0 on default port 12381] INFO  net.NetworkTopologyImpl (NetworkTopologyImpl.java:add(112)) - Added a new node: /default-rack/ea0eae10-41b3-4db6-9afe-6a980641cba9
2021-05-22 19:12:19,802 [IPC Server handler 1 on default port 12391] INFO  node.SCMNodeManager (SCMNodeManager.java:register(348)) - Registered Data node : ea0eae10-41b3-4db6-9afe-6a980641cba9{ip: 127.0.0.1, host: localhost, ports: [REPLICATION=41745, RATIS=38377, RATIS_ADMIN=38377, RATIS_SERVER=38377, STANDALONE=33423], networkLocation: /default-rack, certSerialId: null, persistedOpState: null, persistedOpStateExpiryEpochSec: 0}
2021-05-22 19:12:19,807 [EventQueue-NewNodeForNewNodeHandler] INFO  pipeline.BackgroundPipelineCreator (BackgroundPipelineCreatorV2.java:notifyEventTriggered(282)) - trigger a one-shot run on RatisPipelineUtilsThread.
2021-05-22 19:12:19,807 [EventQueue-NewNodeForNewNodeHandler] INFO  pipeline.BackgroundPipelineCreator (BackgroundPipelineCreatorV2.java:notifyEventTriggered(276)) - ignore, not leader SCM.
2021-05-22 19:12:19,804 [IPC Server handler 0 on default port 12381] INFO  node.SCMNodeManager (SCMNodeManager.java:register(348)) - Registered Data node : ea0eae10-41b3-4db6-9afe-6a980641cba9{ip: 127.0.0.1, host: localhost, ports: [REPLICATION=41745, RATIS=38377, RATIS_ADMIN=38377, RATIS_SERVER=38377, STANDALONE=33423], networkLocation: /default-rack, certSerialId: null, persistedOpState: null, persistedOpStateExpiryEpochSec: 0}
2021-05-22 19:12:19,812 [EventQueue-NodeRegistrationContainerReportForContainerSafeModeRule] INFO  safemode.SCMSafeModeManager (SCMSafeModeManager.java:validateSafeModeExitRules(201)) - ContainerSafeModeRule rule is successfully validated
2021-05-22 19:12:19,812 [EventQueue-NodeRegistrationContainerReportForDataNodeSafeModeRule] INFO  safemode.SCMSafeModeManager (DataNodeSafeModeRule.java:process(71)) - SCM in safe mode. 1 DataNodes registered, 1 required.
2021-05-22 19:12:19,813 [EventQueue-NodeRegistrationContainerReportForDataNodeSafeModeRule] INFO  safemode.SCMSafeModeManager (DataNodeSafeModeRule.java:process(71)) - SCM in safe mode. 1 DataNodes registered, 1 required.
2021-05-22 19:12:19,813 [EventQueue-NodeRegistrationContainerReportForContainerSafeModeRule] INFO  safemode.SCMSafeModeManager (SCMSafeModeManager.java:validateSafeModeExitRules(201)) - ContainerSafeModeRule rule is successfully validated
2021-05-22 19:12:19,817 [EventQueue-NodeRegistrationContainerReportForDataNodeSafeModeRule] INFO  safemode.SCMSafeModeManager (SCMSafeModeManager.java:validateSafeModeExitRules(201)) - DataNodeSafeModeRule rule is successfully validated
2021-05-22 19:12:19,817 [EventQueue-NodeRegistrationContainerReportForDataNodeSafeModeRule] INFO  safemode.SCMSafeModeManager (SCMSafeModeManager.java:completePreCheck(229)) - All SCM safe mode pre check rules have passed
2021-05-22 19:12:19,822 [EventQueue-NodeRegistrationContainerReportForDataNodeSafeModeRule] INFO  safemode.SCMSafeModeManager (SCMSafeModeManager.java:validateSafeModeExitRules(201)) - DataNodeSafeModeRule rule is successfully validated
2021-05-22 19:12:19,822 [EventQueue-NodeRegistrationContainerReportForDataNodeSafeModeRule] INFO  safemode.SCMSafeModeManager (SCMSafeModeManager.java:completePreCheck(229)) - All SCM safe mode pre check rules have passed
2021-05-22 19:12:19,817 [EventQueue-NodeRegistrationContainerReportForDataNodeSafeModeRule] WARN  events.EventQueue (EventQueue.java:fireEvent(185)) - No event handler registered for event TypedEvent{payloadType=SafeModeStatus, name='Safe mode status'}
2021-05-22 19:12:19,823 [EventQueue-NodeRegistrationContainerReportForDataNodeSafeModeRule] INFO  ha.SCMContext (SCMContext.java:updateSafeModeStatus(147)) - Update SafeModeStatus from SafeModeStatus{safeModeStatus=true, preCheckPassed=false} to SafeModeStatus{safeModeStatus=true, preCheckPassed=true}.
2021-05-22 19:12:19,823 [EventQueue-NodeRegistrationContainerReportForDataNodeSafeModeRule] INFO  pipeline.BackgroundPipelineCreator (BackgroundPipelineCreatorV2.java:notifyEventTriggered(282)) - trigger a one-shot run on RatisPipelineUtilsThread.
2021-05-22 19:12:19,823 [EventQueue-PipelineReportForOneReplicaPipelineSafeModeRule] INFO  safemode.SCMSafeModeManager (SCMSafeModeManager.java:validateSafeModeExitRules(201)) - AtleastOneDatanodeReportedRule rule is successfully validated
2021-05-22 19:12:19,823 [EventQueue-NodeRegistrationContainerReportForDataNodeSafeModeRule] WARN  events.EventQueue (EventQueue.java:fireEvent(185)) - No event handler registered for event TypedEvent{payloadType=SafeModeStatus, name='Safe mode status'}
2021-05-22 19:12:19,830 [EventQueue-NodeRegistrationContainerReportForDataNodeSafeModeRule] INFO  ha.SCMContext (SCMContext.java:updateSafeModeStatus(147)) - Update SafeModeStatus from SafeModeStatus{safeModeStatus=true, preCheckPassed=false} to SafeModeStatus{safeModeStatus=true, preCheckPassed=true}.
2021-05-22 19:12:19,830 [EventQueue-NodeRegistrationContainerReportForDataNodeSafeModeRule] INFO  pipeline.BackgroundPipelineCreator (BackgroundPipelineCreatorV2.java:notifyEventTriggered(276)) - ignore, not leader SCM.
2021-05-22 19:12:19,831 [EventQueue-PipelineReportForOneReplicaPipelineSafeModeRule] INFO  safemode.SCMSafeModeManager (SCMSafeModeManager.java:validateSafeModeExitRules(201)) - AtleastOneDatanodeReportedRule rule is successfully validated
2021-05-22 19:12:19,834 [RatisPipelineUtilsThread - 0] INFO  pipeline.RatisPipelineProvider (RatisPipelineProvider.java:lambda$create$0(170)) - Sending CreatePipelineCommand for pipeline:PipelineID=a2c7e5f9-af43-4a1c-b425-6adc6040d27e to datanode:ea0eae10-41b3-4db6-9afe-6a980641cba9
2021-05-22 19:12:19,912 [b5b91537-3281-48b1-9597-8f2f653ada85@group-6537B218274A-StateMachineUpdater] INFO  pipeline.PipelineStateManager (PipelineStateManagerV2Impl.java:addPipeline(101)) - Created pipeline Pipeline[ Id: a2c7e5f9-af43-4a1c-b425-6adc6040d27e, Nodes: ea0eae10-41b3-4db6-9afe-6a980641cba9{ip: 127.0.0.1, host: localhost, ports: [REPLICATION=41745, RATIS=38377, RATIS_ADMIN=38377, RATIS_SERVER=38377, STANDALONE=33423], networkLocation: /default-rack, certSerialId: null, persistedOpState: IN_SERVICE, persistedOpStateExpiryEpochSec: 0}, ReplicationConfig: RATIS/ONE, State:ALLOCATED, leaderId:, CreationTimestamp2021-05-22T19:12:19.825Z].
2021-05-22 19:12:19,915 [c528a642-8365-4981-9ca8-5a52c1b1524d@group-6537B218274A-StateMachineUpdater] INFO  pipeline.PipelineStateManager (PipelineStateManagerV2Impl.java:addPipeline(101)) - Created pipeline Pipeline[ Id: a2c7e5f9-af43-4a1c-b425-6adc6040d27e, Nodes: ea0eae10-41b3-4db6-9afe-6a980641cba9{ip: 127.0.0.1, host: localhost, ports: [REPLICATION=41745, RATIS=38377, RATIS_ADMIN=38377, RATIS_SERVER=38377, STANDALONE=33423], networkLocation: /default-rack, certSerialId: null, persistedOpState: IN_SERVICE, persistedOpStateExpiryEpochSec: 0}, ReplicationConfig: RATIS/ONE, State:ALLOCATED, leaderId:, CreationTimestamp2021-05-22T19:12:19.825Z].
2021-05-22 19:12:19,930 [RatisPipelineUtilsThread - 0] INFO  ha.SCMHAInvocationHandler (SCMHAInvocationHandler.java:invokeRatis(113)) - Invoking method public abstract void org.apache.hadoop.hdds.scm.pipeline.StateManager.addPipeline(org.apache.hadoop.hdds.protocol.proto.HddsProtos$Pipeline) throws java.io.IOException on target org.apache.hadoop.hdds.scm.ha.SCMRatisServerImpl@5cbb90de, cost 84839.817us
2021-05-22 19:12:19,938 [RatisPipelineUtilsThread - 0] WARN  pipeline.PipelinePlacementPolicy (PipelinePlacementPolicy.java:filterViableNodes(149)) - Pipeline creation failed due to no sufficient healthy datanodes. Required 3. Found 1.
2021-05-22 19:12:20,157 [IPC Server handler 2 on default port 12391] INFO  net.NetworkTopologyImpl (NetworkTopologyImpl.java:add(112)) - Added a new node: /default-rack/77d60ed4-b7ae-47d8-b664-0086abc1b028
2021-05-22 19:12:20,158 [IPC Server handler 2 on default port 12391] INFO  node.SCMNodeManager (SCMNodeManager.java:register(348)) - Registered Data node : 77d60ed4-b7ae-47d8-b664-0086abc1b028{ip: 127.0.0.1, host: localhost, ports: [REPLICATION=45017, RATIS=42583, RATIS_ADMIN=42583, RATIS_SERVER=42583, STANDALONE=39903], networkLocation: /default-rack, certSerialId: null, persistedOpState: null, persistedOpStateExpiryEpochSec: 0}
2021-05-22 19:12:20,158 [EventQueue-NewNodeForNewNodeHandler] INFO  pipeline.BackgroundPipelineCreator (BackgroundPipelineCreatorV2.java:notifyEventTriggered(276)) - ignore, not leader SCM.
2021-05-22 19:12:20,159 [EventQueue-NodeRegistrationContainerReportForContainerSafeModeRule] INFO  safemode.SCMSafeModeManager (SCMSafeModeManager.java:validateSafeModeExitRules(201)) - ContainerSafeModeRule rule is successfully validated
2021-05-22 19:12:20,159 [EventQueue-NodeRegistrationContainerReportForDataNodeSafeModeRule] INFO  safemode.SCMSafeModeManager (SCMSafeModeManager.java:validateSafeModeExitRules(201)) - DataNodeSafeModeRule rule is successfully validated
2021-05-22 19:12:20,159 [EventQueue-PipelineReportForOneReplicaPipelineSafeModeRule] INFO  safemode.SCMSafeModeManager (SCMSafeModeManager.java:validateSafeModeExitRules(201)) - AtleastOneDatanodeReportedRule rule is successfully validated
2021-05-22 19:12:20,161 [IPC Server handler 2 on default port 12381] INFO  net.NetworkTopologyImpl (NetworkTopologyImpl.java:add(112)) - Added a new node: /default-rack/77d60ed4-b7ae-47d8-b664-0086abc1b028
2021-05-22 19:12:20,161 [IPC Server handler 2 on default port 12381] INFO  node.SCMNodeManager (SCMNodeManager.java:register(348)) - Registered Data node : 77d60ed4-b7ae-47d8-b664-0086abc1b028{ip: 127.0.0.1, host: localhost, ports: [REPLICATION=45017, RATIS=42583, RATIS_ADMIN=42583, RATIS_SERVER=42583, STANDALONE=39903], networkLocation: /default-rack, certSerialId: null, persistedOpState: null, persistedOpStateExpiryEpochSec: 0}
2021-05-22 19:12:20,161 [EventQueue-NewNodeForNewNodeHandler] INFO  pipeline.BackgroundPipelineCreator (BackgroundPipelineCreatorV2.java:notifyEventTriggered(282)) - trigger a one-shot run on RatisPipelineUtilsThread.
2021-05-22 19:12:20,161 [EventQueue-NodeRegistrationContainerReportForDataNodeSafeModeRule] INFO  safemode.SCMSafeModeManager (SCMSafeModeManager.java:validateSafeModeExitRules(201)) - DataNodeSafeModeRule rule is successfully validated
2021-05-22 19:12:20,162 [EventQueue-NodeRegistrationContainerReportForContainerSafeModeRule] INFO  safemode.SCMSafeModeManager (SCMSafeModeManager.java:validateSafeModeExitRules(201)) - ContainerSafeModeRule rule is successfully validated
2021-05-22 19:12:20,162 [EventQueue-PipelineReportForOneReplicaPipelineSafeModeRule] INFO  safemode.SCMSafeModeManager (SCMSafeModeManager.java:validateSafeModeExitRules(201)) - AtleastOneDatanodeReportedRule rule is successfully validated
2021-05-22 19:12:20,165 [RatisPipelineUtilsThread - 0] INFO  pipeline.RatisPipelineProvider (RatisPipelineProvider.java:lambda$create$0(170)) - Sending CreatePipelineCommand for pipeline:PipelineID=96d8c211-85d2-45da-85db-2b2c58c028be to datanode:77d60ed4-b7ae-47d8-b664-0086abc1b028
2021-05-22 19:12:20,186 [b5b91537-3281-48b1-9597-8f2f653ada85@group-6537B218274A-StateMachineUpdater] INFO  pipeline.PipelineStateManager (PipelineStateManagerV2Impl.java:addPipeline(101)) - Created pipeline Pipeline[ Id: 96d8c211-85d2-45da-85db-2b2c58c028be, Nodes: 77d60ed4-b7ae-47d8-b664-0086abc1b028{ip: 127.0.0.1, host: localhost, ports: [REPLICATION=45017, RATIS=42583, RATIS_ADMIN=42583, RATIS_SERVER=42583, STANDALONE=39903], networkLocation: /default-rack, certSerialId: null, persistedOpState: IN_SERVICE, persistedOpStateExpiryEpochSec: 0}, ReplicationConfig: RATIS/ONE, State:ALLOCATED, leaderId:, CreationTimestamp2021-05-22T19:12:20.165Z].
2021-05-22 19:12:20,187 [b5b91537-3281-48b1-9597-8f2f653ada85@group-6537B218274A-StateMachineUpdater] INFO  ha.SCMStateMachine (SCMStateMachine.java:takeSnapshot(282)) - Current Snapshot Index 9, takeSnapshot took 0 ms
2021-05-22 19:12:20,187 [b5b91537-3281-48b1-9597-8f2f653ada85@group-6537B218274A-StateMachineUpdater] INFO  impl.StateMachineUpdater (StateMachineUpdater.java:takeSnapshot(281)) - b5b91537-3281-48b1-9597-8f2f653ada85@group-6537B218274A-StateMachineUpdater: Took a snapshot at index 9
2021-05-22 19:12:20,187 [b5b91537-3281-48b1-9597-8f2f653ada85@group-6537B218274A-StateMachineUpdater] INFO  impl.StateMachineUpdater (StateMachineUpdater.java:lambda$new$0(89)) - b5b91537-3281-48b1-9597-8f2f653ada85@group-6537B218274A-StateMachineUpdater: snapshotIndex: updateIncreasingly 4 -> 9
2021-05-22 19:12:20,187 [b5b91537-3281-48b1-9597-8f2f653ada85@group-6537B218274A-StateMachineUpdater] INFO  raftlog.RaftLog (RaftLogBase.java:purge(306)) - b5b91537-3281-48b1-9597-8f2f653ada85@group-6537B218274A-SegmentedRaftLog: purge 9
2021-05-22 19:12:20,187 [b5b91537-3281-48b1-9597-8f2f653ada85@group-6537B218274A-StateMachineUpdater] INFO  raftlog.RaftLog (RaftLogBase.java:lambda$new$0(53)) - b5b91537-3281-48b1-9597-8f2f653ada85@group-6537B218274A-SegmentedRaftLog: snapshotIndex: updateIncreasingly 4 -> 9
2021-05-22 19:12:20,187 [b5b91537-3281-48b1-9597-8f2f653ada85@group-6537B218274A-StateMachineUpdater] INFO  raftlog.RaftLog (RaftLogBase.java:lambda$new$0(53)) - b5b91537-3281-48b1-9597-8f2f653ada85@group-6537B218274A-SegmentedRaftLog: purgeIndex: updateToMax old=0, new=9, updated? true
2021-05-22 19:12:20,187 [RatisPipelineUtilsThread - 0] INFO  ha.SCMHAInvocationHandler (SCMHAInvocationHandler.java:invokeRatis(113)) - Invoking method public abstract void org.apache.hadoop.hdds.scm.pipeline.StateManager.addPipeline(org.apache.hadoop.hdds.protocol.proto.HddsProtos$Pipeline) throws java.io.IOException on target org.apache.hadoop.hdds.scm.ha.SCMRatisServerImpl@5cbb90de, cost 22143.509us
2021-05-22 19:12:20,191 [RatisPipelineUtilsThread - 0] WARN  pipeline.PipelinePlacementPolicy (PipelinePlacementPolicy.java:filterViableNodes(149)) - Pipeline creation failed due to no sufficient healthy datanodes. Required 3. Found 2.
2021-05-22 19:12:20,193 [c528a642-8365-4981-9ca8-5a52c1b1524d@group-6537B218274A-StateMachineUpdater] INFO  pipeline.PipelineStateManager (PipelineStateManagerV2Impl.java:addPipeline(101)) - Created pipeline Pipeline[ Id: 96d8c211-85d2-45da-85db-2b2c58c028be, Nodes: 77d60ed4-b7ae-47d8-b664-0086abc1b028{ip: 127.0.0.1, host: localhost, ports: [REPLICATION=45017, RATIS=42583, RATIS_ADMIN=42583, RATIS_SERVER=42583, STANDALONE=39903], networkLocation: /default-rack, certSerialId: null, persistedOpState: IN_SERVICE, persistedOpStateExpiryEpochSec: 0}, ReplicationConfig: RATIS/ONE, State:ALLOCATED, leaderId:, CreationTimestamp2021-05-22T19:12:20.165Z].
2021-05-22 19:12:20,440 [Listener at 127.0.0.1/13280] INFO  ozone.MiniOzoneClusterImpl (MiniOzoneClusterImpl.java:lambda$waitForClusterToBeReady$0(224)) - Waiting for nodes to be ready. Got 2 of 3 DN Heartbeats.
2021-05-22 19:12:20,440 [Listener at 127.0.0.1/13280] INFO  ozone.MiniOzoneClusterImpl (MiniOzoneClusterImpl.java:lambda$waitForClusterToBeReady$0(227)) - Waiting for cluster to exit safe mode
2021-05-22 19:12:20,441 [IPC Server handler 0 on default port 12381] INFO  net.NetworkTopologyImpl (NetworkTopologyImpl.java:add(112)) - Added a new node: /default-rack/37ad4b1d-96aa-49b2-b7c2-5ba74b6ff263
2021-05-22 19:12:20,441 [Listener at 127.0.0.1/13280] INFO  ozone.MiniOzoneClusterImpl (MiniOzoneClusterImpl.java:lambda$waitForClusterToBeReady$0(230)) - SCM became leader
2021-05-22 19:12:20,442 [EventQueue-NewNodeForNewNodeHandler] INFO  pipeline.BackgroundPipelineCreator (BackgroundPipelineCreatorV2.java:notifyEventTriggered(282)) - trigger a one-shot run on RatisPipelineUtilsThread.
2021-05-22 19:12:20,442 [IPC Server handler 0 on default port 12381] INFO  node.SCMNodeManager (SCMNodeManager.java:register(348)) - Registered Data node : 37ad4b1d-96aa-49b2-b7c2-5ba74b6ff263{ip: 127.0.0.1, host: localhost, ports: [REPLICATION=42943, RATIS=40699, RATIS_ADMIN=40699, RATIS_SERVER=40699, STANDALONE=41397], networkLocation: /default-rack, certSerialId: null, persistedOpState: null, persistedOpStateExpiryEpochSec: 0}
2021-05-22 19:12:20,442 [IPC Server handler 1 on default port 12391] INFO  net.NetworkTopologyImpl (NetworkTopologyImpl.java:add(112)) - Added a new node: /default-rack/37ad4b1d-96aa-49b2-b7c2-5ba74b6ff263
2021-05-22 19:12:20,443 [IPC Server handler 1 on default port 12391] INFO  node.SCMNodeManager (SCMNodeManager.java:register(348)) - Registered Data node : 37ad4b1d-96aa-49b2-b7c2-5ba74b6ff263{ip: 127.0.0.1, host: localhost, ports: [REPLICATION=42943, RATIS=40699, RATIS_ADMIN=40699, RATIS_SERVER=40699, STANDALONE=41397], networkLocation: /default-rack, certSerialId: null, persistedOpState: null, persistedOpStateExpiryEpochSec: 0}
2021-05-22 19:12:20,443 [EventQueue-NodeRegistrationContainerReportForDataNodeSafeModeRule] INFO  safemode.SCMSafeModeManager (SCMSafeModeManager.java:validateSafeModeExitRules(201)) - DataNodeSafeModeRule rule is successfully validated
2021-05-22 19:12:20,443 [EventQueue-NodeRegistrationContainerReportForContainerSafeModeRule] INFO  safemode.SCMSafeModeManager (SCMSafeModeManager.java:validateSafeModeExitRules(201)) - ContainerSafeModeRule rule is successfully validated
2021-05-22 19:12:20,443 [EventQueue-PipelineReportForOneReplicaPipelineSafeModeRule] INFO  safemode.SCMSafeModeManager (SCMSafeModeManager.java:validateSafeModeExitRules(201)) - AtleastOneDatanodeReportedRule rule is successfully validated
2021-05-22 19:12:20,443 [EventQueue-NewNodeForNewNodeHandler] INFO  pipeline.BackgroundPipelineCreator (BackgroundPipelineCreatorV2.java:notifyEventTriggered(276)) - ignore, not leader SCM.
2021-05-22 19:12:20,443 [EventQueue-NodeRegistrationContainerReportForContainerSafeModeRule] INFO  safemode.SCMSafeModeManager (SCMSafeModeManager.java:validateSafeModeExitRules(201)) - ContainerSafeModeRule rule is successfully validated
2021-05-22 19:12:20,444 [EventQueue-NodeRegistrationContainerReportForDataNodeSafeModeRule] INFO  safemode.SCMSafeModeManager (SCMSafeModeManager.java:validateSafeModeExitRules(201)) - DataNodeSafeModeRule rule is successfully validated
2021-05-22 19:12:20,444 [EventQueue-PipelineReportForOneReplicaPipelineSafeModeRule] INFO  safemode.SCMSafeModeManager (SCMSafeModeManager.java:validateSafeModeExitRules(201)) - AtleastOneDatanodeReportedRule rule is successfully validated
2021-05-22 19:12:20,445 [RatisPipelineUtilsThread - 0] INFO  pipeline.RatisPipelineProvider (RatisPipelineProvider.java:lambda$create$0(170)) - Sending CreatePipelineCommand for pipeline:PipelineID=f38d1544-efbf-493a-b964-ea5919ba224a to datanode:37ad4b1d-96aa-49b2-b7c2-5ba74b6ff263
2021-05-22 19:12:20,449 [c528a642-8365-4981-9ca8-5a52c1b1524d@group-6537B218274A-StateMachineUpdater] INFO  ha.SCMStateMachine (SCMStateMachine.java:takeSnapshot(282)) - Current Snapshot Index 10, takeSnapshot took 1 ms
2021-05-22 19:12:20,450 [c528a642-8365-4981-9ca8-5a52c1b1524d@group-6537B218274A-StateMachineUpdater] INFO  impl.StateMachineUpdater (StateMachineUpdater.java:takeSnapshot(281)) - c528a642-8365-4981-9ca8-5a52c1b1524d@group-6537B218274A-StateMachineUpdater: Took a snapshot at index 10
2021-05-22 19:12:20,450 [c528a642-8365-4981-9ca8-5a52c1b1524d@group-6537B218274A-StateMachineUpdater] INFO  impl.StateMachineUpdater (StateMachineUpdater.java:lambda$new$0(89)) - c528a642-8365-4981-9ca8-5a52c1b1524d@group-6537B218274A-StateMachineUpdater: snapshotIndex: updateIncreasingly 5 -> 10
2021-05-22 19:12:20,450 [c528a642-8365-4981-9ca8-5a52c1b1524d@group-6537B218274A-StateMachineUpdater] INFO  raftlog.RaftLog (RaftLogBase.java:purge(306)) - c528a642-8365-4981-9ca8-5a52c1b1524d@group-6537B218274A-SegmentedRaftLog: purge 10
2021-05-22 19:12:20,450 [c528a642-8365-4981-9ca8-5a52c1b1524d@group-6537B218274A-StateMachineUpdater] INFO  raftlog.RaftLog (RaftLogBase.java:lambda$new$0(53)) - c528a642-8365-4981-9ca8-5a52c1b1524d@group-6537B218274A-SegmentedRaftLog: snapshotIndex: updateIncreasingly 5 -> 10
2021-05-22 19:12:20,450 [c528a642-8365-4981-9ca8-5a52c1b1524d@group-6537B218274A-StateMachineUpdater] INFO  raftlog.RaftLog (RaftLogBase.java:lambda$new$0(53)) - c528a642-8365-4981-9ca8-5a52c1b1524d@group-6537B218274A-SegmentedRaftLog: purgeIndex: updateToMax old=0, new=10, updated? true
2021-05-22 19:12:20,452 [b5b91537-3281-48b1-9597-8f2f653ada85@group-6537B218274A-StateMachineUpdater] INFO  pipeline.PipelineStateManager (PipelineStateManagerV2Impl.java:addPipeline(101)) - Created pipeline Pipeline[ Id: f38d1544-efbf-493a-b964-ea5919ba224a, Nodes: 37ad4b1d-96aa-49b2-b7c2-5ba74b6ff263{ip: 127.0.0.1, host: localhost, ports: [REPLICATION=42943, RATIS=40699, RATIS_ADMIN=40699, RATIS_SERVER=40699, STANDALONE=41397], networkLocation: /default-rack, certSerialId: null, persistedOpState: IN_SERVICE, persistedOpStateExpiryEpochSec: 0}, ReplicationConfig: RATIS/ONE, State:ALLOCATED, leaderId:, CreationTimestamp2021-05-22T19:12:20.444Z].
2021-05-22 19:12:20,452 [RatisPipelineUtilsThread - 0] INFO  ha.SCMHAInvocationHandler (SCMHAInvocationHandler.java:invokeRatis(113)) - Invoking method public abstract void org.apache.hadoop.hdds.scm.pipeline.StateManager.addPipeline(org.apache.hadoop.hdds.protocol.proto.HddsProtos$Pipeline) throws java.io.IOException on target org.apache.hadoop.hdds.scm.ha.SCMRatisServerImpl@5cbb90de, cost 7482.237us
2021-05-22 19:12:20,458 [RatisPipelineUtilsThread - 0] INFO  pipeline.RatisPipelineProvider (RatisPipelineProvider.java:lambda$create$0(170)) - Sending CreatePipelineCommand for pipeline:PipelineID=ec650cfc-7280-4cb7-a628-548f0586065b to datanode:77d60ed4-b7ae-47d8-b664-0086abc1b028
2021-05-22 19:12:20,458 [RatisPipelineUtilsThread - 0] INFO  pipeline.RatisPipelineProvider (RatisPipelineProvider.java:lambda$create$0(170)) - Sending CreatePipelineCommand for pipeline:PipelineID=ec650cfc-7280-4cb7-a628-548f0586065b to datanode:ea0eae10-41b3-4db6-9afe-6a980641cba9
2021-05-22 19:12:20,458 [RatisPipelineUtilsThread - 0] INFO  pipeline.RatisPipelineProvider (RatisPipelineProvider.java:lambda$create$0(170)) - Sending CreatePipelineCommand for pipeline:PipelineID=ec650cfc-7280-4cb7-a628-548f0586065b to datanode:37ad4b1d-96aa-49b2-b7c2-5ba74b6ff263
2021-05-22 19:12:20,465 [c528a642-8365-4981-9ca8-5a52c1b1524d@group-6537B218274A-StateMachineUpdater] INFO  pipeline.PipelineStateManager (PipelineStateManagerV2Impl.java:addPipeline(101)) - Created pipeline Pipeline[ Id: f38d1544-efbf-493a-b964-ea5919ba224a, Nodes: 37ad4b1d-96aa-49b2-b7c2-5ba74b6ff263{ip: 127.0.0.1, host: localhost, ports: [REPLICATION=42943, RATIS=40699, RATIS_ADMIN=40699, RATIS_SERVER=40699, STANDALONE=41397], networkLocation: /default-rack, certSerialId: null, persistedOpState: IN_SERVICE, persistedOpStateExpiryEpochSec: 0}, ReplicationConfig: RATIS/ONE, State:ALLOCATED, leaderId:, CreationTimestamp2021-05-22T19:12:20.444Z].
2021-05-22 19:12:20,472 [b5b91537-3281-48b1-9597-8f2f653ada85@group-6537B218274A-StateMachineUpdater] INFO  pipeline.PipelineStateManager (PipelineStateManagerV2Impl.java:addPipeline(101)) - Created pipeline Pipeline[ Id: ec650cfc-7280-4cb7-a628-548f0586065b, Nodes: 77d60ed4-b7ae-47d8-b664-0086abc1b028{ip: 127.0.0.1, host: localhost, ports: [REPLICATION=45017, RATIS=42583, RATIS_ADMIN=42583, RATIS_SERVER=42583, STANDALONE=39903], networkLocation: /default-rack, certSerialId: null, persistedOpState: IN_SERVICE, persistedOpStateExpiryEpochSec: 0}ea0eae10-41b3-4db6-9afe-6a980641cba9{ip: 127.0.0.1, host: localhost, ports: [REPLICATION=41745, RATIS=38377, RATIS_ADMIN=38377, RATIS_SERVER=38377, STANDALONE=33423], networkLocation: /default-rack, certSerialId: null, persistedOpState: IN_SERVICE, persistedOpStateExpiryEpochSec: 0}37ad4b1d-96aa-49b2-b7c2-5ba74b6ff263{ip: 127.0.0.1, host: localhost, ports: [REPLICATION=42943, RATIS=40699, RATIS_ADMIN=40699, RATIS_SERVER=40699, STANDALONE=41397], networkLocation: /default-rack, certSerialId: null, persistedOpState: IN_SERVICE, persistedOpStateExpiryEpochSec: 0}, ReplicationConfig: RATIS/THREE, State:ALLOCATED, leaderId:, CreationTimestamp2021-05-22T19:12:20.458Z].
2021-05-22 19:12:20,473 [RatisPipelineUtilsThread - 0] INFO  ha.SCMHAInvocationHandler (SCMHAInvocationHandler.java:invokeRatis(113)) - Invoking method public abstract void org.apache.hadoop.hdds.scm.pipeline.StateManager.addPipeline(org.apache.hadoop.hdds.protocol.proto.HddsProtos$Pipeline) throws java.io.IOException on target org.apache.hadoop.hdds.scm.ha.SCMRatisServerImpl@5cbb90de, cost 14293.07us
2021-05-22 19:12:20,477 [c528a642-8365-4981-9ca8-5a52c1b1524d@group-6537B218274A-StateMachineUpdater] INFO  pipeline.PipelineStateManager (PipelineStateManagerV2Impl.java:addPipeline(101)) - Created pipeline Pipeline[ Id: ec650cfc-7280-4cb7-a628-548f0586065b, Nodes: 77d60ed4-b7ae-47d8-b664-0086abc1b028{ip: 127.0.0.1, host: localhost, ports: [REPLICATION=45017, RATIS=42583, RATIS_ADMIN=42583, RATIS_SERVER=42583, STANDALONE=39903], networkLocation: /default-rack, certSerialId: null, persistedOpState: IN_SERVICE, persistedOpStateExpiryEpochSec: 0}ea0eae10-41b3-4db6-9afe-6a980641cba9{ip: 127.0.0.1, host: localhost, ports: [REPLICATION=41745, RATIS=38377, RATIS_ADMIN=38377, RATIS_SERVER=38377, STANDALONE=33423], networkLocation: /default-rack, certSerialId: null, persistedOpState: IN_SERVICE, persistedOpStateExpiryEpochSec: 0}37ad4b1d-96aa-49b2-b7c2-5ba74b6ff263{ip: 127.0.0.1, host: localhost, ports: [REPLICATION=42943, RATIS=40699, RATIS_ADMIN=40699, RATIS_SERVER=40699, STANDALONE=41397], networkLocation: /default-rack, certSerialId: null, persistedOpState: IN_SERVICE, persistedOpStateExpiryEpochSec: 0}, ReplicationConfig: RATIS/THREE, State:ALLOCATED, leaderId:, CreationTimestamp2021-05-22T19:12:20.458Z].
2021-05-22 19:12:20,481 [RatisPipelineUtilsThread - 0] INFO  pipeline.RatisPipelineProvider (RatisPipelineProvider.java:lambda$create$0(170)) - Sending CreatePipelineCommand for pipeline:PipelineID=12abcdc4-f25a-4b3b-81bf-cee3c7e3d797 to datanode:37ad4b1d-96aa-49b2-b7c2-5ba74b6ff263
2021-05-22 19:12:20,481 [RatisPipelineUtilsThread - 0] INFO  pipeline.RatisPipelineProvider (RatisPipelineProvider.java:lambda$create$0(170)) - Sending CreatePipelineCommand for pipeline:PipelineID=12abcdc4-f25a-4b3b-81bf-cee3c7e3d797 to datanode:ea0eae10-41b3-4db6-9afe-6a980641cba9
2021-05-22 19:12:20,481 [RatisPipelineUtilsThread - 0] INFO  pipeline.RatisPipelineProvider (RatisPipelineProvider.java:lambda$create$0(170)) - Sending CreatePipelineCommand for pipeline:PipelineID=12abcdc4-f25a-4b3b-81bf-cee3c7e3d797 to datanode:77d60ed4-b7ae-47d8-b664-0086abc1b028
2021-05-22 19:12:20,482 [b5b91537-3281-48b1-9597-8f2f653ada85@group-6537B218274A-StateMachineUpdater] INFO  ha.SCMStateMachine (SCMStateMachine.java:takeSnapshot(282)) - Current Snapshot Index 14, takeSnapshot took 1 ms
2021-05-22 19:12:20,483 [b5b91537-3281-48b1-9597-8f2f653ada85@group-6537B218274A-StateMachineUpdater] INFO  impl.StateMachineUpdater (StateMachineUpdater.java:takeSnapshot(281)) - b5b91537-3281-48b1-9597-8f2f653ada85@group-6537B218274A-StateMachineUpdater: Took a snapshot at index 14
2021-05-22 19:12:20,483 [b5b91537-3281-48b1-9597-8f2f653ada85@group-6537B218274A-StateMachineUpdater] INFO  impl.StateMachineUpdater (StateMachineUpdater.java:lambda$new$0(89)) - b5b91537-3281-48b1-9597-8f2f653ada85@group-6537B218274A-StateMachineUpdater: snapshotIndex: updateIncreasingly 9 -> 14
2021-05-22 19:12:20,483 [b5b91537-3281-48b1-9597-8f2f653ada85@group-6537B218274A-StateMachineUpdater] INFO  raftlog.RaftLog (RaftLogBase.java:purge(306)) - b5b91537-3281-48b1-9597-8f2f653ada85@group-6537B218274A-SegmentedRaftLog: purge 14
2021-05-22 19:12:20,483 [b5b91537-3281-48b1-9597-8f2f653ada85@group-6537B218274A-StateMachineUpdater] INFO  raftlog.RaftLog (RaftLogBase.java:lambda$new$0(53)) - b5b91537-3281-48b1-9597-8f2f653ada85@group-6537B218274A-SegmentedRaftLog: snapshotIndex: updateIncreasingly 9 -> 14
2021-05-22 19:12:20,484 [b5b91537-3281-48b1-9597-8f2f653ada85@group-6537B218274A-StateMachineUpdater] INFO  raftlog.RaftLog (RaftLogBase.java:lambda$new$0(53)) - b5b91537-3281-48b1-9597-8f2f653ada85@group-6537B218274A-SegmentedRaftLog: purgeIndex: updateToMax old=9, new=14, updated? true
2021-05-22 19:12:20,494 [b5b91537-3281-48b1-9597-8f2f653ada85@group-6537B218274A-StateMachineUpdater] INFO  pipeline.PipelineStateManager (PipelineStateManagerV2Impl.java:addPipeline(101)) - Created pipeline Pipeline[ Id: 12abcdc4-f25a-4b3b-81bf-cee3c7e3d797, Nodes: 37ad4b1d-96aa-49b2-b7c2-5ba74b6ff263{ip: 127.0.0.1, host: localhost, ports: [REPLICATION=42943, RATIS=40699, RATIS_ADMIN=40699, RATIS_SERVER=40699, STANDALONE=41397], networkLocation: /default-rack, certSerialId: null, persistedOpState: IN_SERVICE, persistedOpStateExpiryEpochSec: 0}ea0eae10-41b3-4db6-9afe-6a980641cba9{ip: 127.0.0.1, host: localhost, ports: [REPLICATION=41745, RATIS=38377, RATIS_ADMIN=38377, RATIS_SERVER=38377, STANDALONE=33423], networkLocation: /default-rack, certSerialId: null, persistedOpState: IN_SERVICE, persistedOpStateExpiryEpochSec: 0}77d60ed4-b7ae-47d8-b664-0086abc1b028{ip: 127.0.0.1, host: localhost, ports: [REPLICATION=45017, RATIS=42583, RATIS_ADMIN=42583, RATIS_SERVER=42583, STANDALONE=39903], networkLocation: /default-rack, certSerialId: null, persistedOpState: IN_SERVICE, persistedOpStateExpiryEpochSec: 0}, ReplicationConfig: RATIS/THREE, State:ALLOCATED, leaderId:, CreationTimestamp2021-05-22T19:12:20.481Z].
2021-05-22 19:12:20,497 [RatisPipelineUtilsThread - 0] INFO  ha.SCMHAInvocationHandler (SCMHAInvocationHandler.java:invokeRatis(113)) - Invoking method public abstract void org.apache.hadoop.hdds.scm.pipeline.StateManager.addPipeline(org.apache.hadoop.hdds.protocol.proto.HddsProtos$Pipeline) throws java.io.IOException on target org.apache.hadoop.hdds.scm.ha.SCMRatisServerImpl@5cbb90de, cost 15567.177us
2021-05-22 19:12:20,498 [RatisPipelineUtilsThread - 0] INFO  pipeline.PipelineManagerV2Impl (PipelineManagerV2Impl.java:recordMetricsForPipeline(589)) - Pipeline: PipelineID=12abcdc4-f25a-4b3b-81bf-cee3c7e3d797 contains same datanodes as previous pipelines: PipelineID=ec650cfc-7280-4cb7-a628-548f0586065b nodeIds: 37ad4b1d-96aa-49b2-b7c2-5ba74b6ff263, ea0eae10-41b3-4db6-9afe-6a980641cba9, 77d60ed4-b7ae-47d8-b664-0086abc1b028
2021-05-22 19:12:20,500 [c528a642-8365-4981-9ca8-5a52c1b1524d@group-6537B218274A-StateMachineUpdater] INFO  pipeline.PipelineStateManager (PipelineStateManagerV2Impl.java:addPipeline(101)) - Created pipeline Pipeline[ Id: 12abcdc4-f25a-4b3b-81bf-cee3c7e3d797, Nodes: 37ad4b1d-96aa-49b2-b7c2-5ba74b6ff263{ip: 127.0.0.1, host: localhost, ports: [REPLICATION=42943, RATIS=40699, RATIS_ADMIN=40699, RATIS_SERVER=40699, STANDALONE=41397], networkLocation: /default-rack, certSerialId: null, persistedOpState: IN_SERVICE, persistedOpStateExpiryEpochSec: 0}ea0eae10-41b3-4db6-9afe-6a980641cba9{ip: 127.0.0.1, host: localhost, ports: [REPLICATION=41745, RATIS=38377, RATIS_ADMIN=38377, RATIS_SERVER=38377, STANDALONE=33423], networkLocation: /default-rack, certSerialId: null, persistedOpState: IN_SERVICE, persistedOpStateExpiryEpochSec: 0}77d60ed4-b7ae-47d8-b664-0086abc1b028{ip: 127.0.0.1, host: localhost, ports: [REPLICATION=45017, RATIS=42583, RATIS_ADMIN=42583, RATIS_SERVER=42583, STANDALONE=39903], networkLocation: /default-rack, certSerialId: null, persistedOpState: IN_SERVICE, persistedOpStateExpiryEpochSec: 0}, ReplicationConfig: RATIS/THREE, State:ALLOCATED, leaderId:, CreationTimestamp2021-05-22T19:12:20.481Z].
2021-05-22 19:12:20,503 [c528a642-8365-4981-9ca8-5a52c1b1524d@group-6537B218274A-StateMachineUpdater] INFO  ha.SCMStateMachine (SCMStateMachine.java:takeSnapshot(282)) - Current Snapshot Index 15, takeSnapshot took 0 ms
2021-05-22 19:12:20,503 [c528a642-8365-4981-9ca8-5a52c1b1524d@group-6537B218274A-StateMachineUpdater] INFO  impl.StateMachineUpdater (StateMachineUpdater.java:takeSnapshot(281)) - c528a642-8365-4981-9ca8-5a52c1b1524d@group-6537B218274A-StateMachineUpdater: Took a snapshot at index 15
2021-05-22 19:12:20,503 [c528a642-8365-4981-9ca8-5a52c1b1524d@group-6537B218274A-StateMachineUpdater] INFO  impl.StateMachineUpdater (StateMachineUpdater.java:lambda$new$0(89)) - c528a642-8365-4981-9ca8-5a52c1b1524d@group-6537B218274A-StateMachineUpdater: snapshotIndex: updateIncreasingly 10 -> 15
2021-05-22 19:12:20,503 [c528a642-8365-4981-9ca8-5a52c1b1524d@group-6537B218274A-StateMachineUpdater] INFO  raftlog.RaftLog (RaftLogBase.java:purge(306)) - c528a642-8365-4981-9ca8-5a52c1b1524d@group-6537B218274A-SegmentedRaftLog: purge 15
2021-05-22 19:12:20,503 [c528a642-8365-4981-9ca8-5a52c1b1524d@group-6537B218274A-StateMachineUpdater] INFO  raftlog.RaftLog (RaftLogBase.java:lambda$new$0(53)) - c528a642-8365-4981-9ca8-5a52c1b1524d@group-6537B218274A-SegmentedRaftLog: snapshotIndex: updateIncreasingly 10 -> 15
2021-05-22 19:12:20,503 [c528a642-8365-4981-9ca8-5a52c1b1524d@group-6537B218274A-StateMachineUpdater] INFO  raftlog.RaftLog (RaftLogBase.java:lambda$new$0(53)) - c528a642-8365-4981-9ca8-5a52c1b1524d@group-6537B218274A-SegmentedRaftLog: purgeIndex: updateToMax old=10, new=15, updated? true
2021-05-22 19:12:21,442 [Listener at 127.0.0.1/13280] INFO  ozone.MiniOzoneClusterImpl (MiniOzoneClusterImpl.java:lambda$waitForClusterToBeReady$0(224)) - Nodes are ready. Got 3 of 3 DN Heartbeats.
2021-05-22 19:12:21,444 [Listener at 127.0.0.1/13280] INFO  ozone.MiniOzoneClusterImpl (MiniOzoneClusterImpl.java:lambda$waitForClusterToBeReady$0(227)) - Waiting for cluster to exit safe mode
2021-05-22 19:12:21,444 [Listener at 127.0.0.1/13280] INFO  ozone.MiniOzoneClusterImpl (MiniOzoneClusterImpl.java:lambda$waitForClusterToBeReady$0(230)) - SCM became leader
2021-05-22 19:12:21,755 [Datanode State Machine Thread - 0] ERROR datanode.RunningDatanodeState (RunningDatanodeState.java:computeNextContainerState(199)) - Error in executing end point task.
java.util.concurrent.ExecutionException: java.util.concurrent.TimeoutException
	at java.util.concurrent.FutureTask.report(FutureTask.java:122)
	at java.util.concurrent.FutureTask.get(FutureTask.java:192)
	at org.apache.hadoop.ozone.container.common.states.datanode.RunningDatanodeState.computeNextContainerState(RunningDatanodeState.java:191)
	at org.apache.hadoop.ozone.container.common.states.datanode.RunningDatanodeState.await(RunningDatanodeState.java:231)
	at org.apache.hadoop.ozone.container.common.states.datanode.RunningDatanodeState.await(RunningDatanodeState.java:50)
	at org.apache.hadoop.ozone.container.common.statemachine.StateContext.execute(StateContext.java:579)
	at org.apache.hadoop.ozone.container.common.statemachine.DatanodeStateMachine.start(DatanodeStateMachine.java:233)
	at org.apache.hadoop.ozone.container.common.statemachine.DatanodeStateMachine.lambda$startDaemon$0(DatanodeStateMachine.java:410)
	at java.lang.Thread.run(Thread.java:748)
Caused by: java.util.concurrent.TimeoutException
	at java.util.concurrent.FutureTask.get(FutureTask.java:205)
	at org.apache.hadoop.ozone.container.common.states.datanode.RunningDatanodeState.lambda$execute$0(RunningDatanodeState.java:149)
	at java.util.concurrent.FutureTask.run(FutureTask.java:266)
	at java.util.concurrent.Executors$RunnableAdapter.call(Executors.java:511)
	at java.util.concurrent.FutureTask.run(FutureTask.java:266)
	at java.util.concurrent.ThreadPoolExecutor.runWorker(ThreadPoolExecutor.java:1149)
	at java.util.concurrent.ThreadPoolExecutor$Worker.run(ThreadPoolExecutor.java:624)
	... 1 more
2021-05-22 19:12:22,445 [Listener at 127.0.0.1/13280] INFO  ozone.MiniOzoneClusterImpl (MiniOzoneClusterImpl.java:lambda$waitForClusterToBeReady$0(224)) - Nodes are ready. Got 3 of 3 DN Heartbeats.
2021-05-22 19:12:22,445 [Listener at 127.0.0.1/13280] INFO  ozone.MiniOzoneClusterImpl (MiniOzoneClusterImpl.java:lambda$waitForClusterToBeReady$0(227)) - Waiting for cluster to exit safe mode
2021-05-22 19:12:22,445 [Listener at 127.0.0.1/13280] INFO  ozone.MiniOzoneClusterImpl (MiniOzoneClusterImpl.java:lambda$waitForClusterToBeReady$0(230)) - SCM became leader
2021-05-22 19:12:22,754 [Command processor thread] INFO  server.RaftServer (RaftServerProxy.java:addNew(95)) - ea0eae10-41b3-4db6-9afe-6a980641cba9: addNew group-6ADC6040D27E:[ea0eae10-41b3-4db6-9afe-6a980641cba9|rpc:127.0.0.1:38377|priority:1] returns group-6ADC6040D27E:java.util.concurrent.CompletableFuture@5553cb1a[Not completed]
2021-05-22 19:12:22,778 [pool-86-thread-1] INFO  server.RaftServer$Division (RaftServerImpl.java:<init>(180)) - ea0eae10-41b3-4db6-9afe-6a980641cba9: new RaftServerImpl for group-6ADC6040D27E:[ea0eae10-41b3-4db6-9afe-6a980641cba9|rpc:127.0.0.1:38377|priority:1] with ContainerStateMachine:uninitialized
2021-05-22 19:12:22,779 [pool-86-thread-1] INFO  server.RaftServerConfigKeys (ConfUtils.java:logGet(44)) - raft.server.rpc.timeout.min = 5s (custom)
2021-05-22 19:12:22,779 [pool-86-thread-1] INFO  server.RaftServerConfigKeys (ConfUtils.java:logGet(44)) - raft.server.rpc.timeout.max = 5200ms (custom)
2021-05-22 19:12:22,780 [pool-86-thread-1] INFO  server.RaftServerConfigKeys (ConfUtils.java:logGet(44)) - raft.server.rpc.sleep.time = 25ms (default)
2021-05-22 19:12:22,780 [pool-86-thread-1] INFO  server.RaftServerConfigKeys (ConfUtils.java:logGet(44)) - raft.server.rpc.slowness.timeout = 300s (custom)
2021-05-22 19:12:22,780 [pool-86-thread-1] INFO  server.RaftServerConfigKeys (ConfUtils.java:logGet(44)) - raft.server.leaderelection.leader.step-down.wait-time = 10s (default)
2021-05-22 19:12:22,780 [pool-86-thread-1] INFO  server.RaftServerConfigKeys (ConfUtils.java:logGet(44)) - raft.server.sleep.deviation.threshold = 300ms (default)
2021-05-22 19:12:22,780 [pool-86-thread-1] INFO  server.RaftServerConfigKeys (ConfUtils.java:logGet(44)) - raft.server.log.appender.install.snapshot.enabled = false (custom)
2021-05-22 19:12:22,781 [pool-86-thread-1] INFO  server.RaftServer$Division (ServerState.java:<init>(105)) - ea0eae10-41b3-4db6-9afe-6a980641cba9@group-6ADC6040D27E: ConfigurationManager, init=-1: [ea0eae10-41b3-4db6-9afe-6a980641cba9|rpc:127.0.0.1:38377|priority:1], old=null, confs=<EMPTY_MAP>
2021-05-22 19:12:22,781 [pool-86-thread-1] INFO  server.RaftServerConfigKeys (ConfUtils.java:logGet(44)) - raft.server.storage.dir = [/github/workspace/mnt/ozone/hadoop-ozone/integration-test/target/test-dir/MiniOzoneClusterImpl-5713c1a7-fb90-4566-9593-6537b218274a/datanode-0/data/ratis] (custom)
2021-05-22 19:12:22,781 [pool-86-thread-1] INFO  server.RaftServerConfigKeys (ConfUtils.java:logGet(44)) - raft.server.log.corruption.policy = EXCEPTION (default)
2021-05-22 19:12:22,781 [pool-86-thread-1] INFO  storage.RaftStorageDirectory (RaftStorageDirectoryImpl.java:analyzeStorage(132)) - The storage directory /github/workspace/mnt/ozone/hadoop-ozone/integration-test/target/test-dir/MiniOzoneClusterImpl-5713c1a7-fb90-4566-9593-6537b218274a/datanode-0/data/ratis/a2c7e5f9-af43-4a1c-b425-6adc6040d27e does not exist. Creating ...
2021-05-22 19:12:22,783 [pool-86-thread-1] INFO  storage.RaftStorageDirectory (RaftStorageDirectoryImpl.java:tryLock(215)) - Lock on /github/workspace/mnt/ozone/hadoop-ozone/integration-test/target/test-dir/MiniOzoneClusterImpl-5713c1a7-fb90-4566-9593-6537b218274a/datanode-0/data/ratis/a2c7e5f9-af43-4a1c-b425-6adc6040d27e/in_use.lock acquired by nodename 10976@a9243b6273c1
2021-05-22 19:12:22,785 [pool-86-thread-1] INFO  storage.RaftStorage (RaftStorageImpl.java:format(87)) - Storage directory /github/workspace/mnt/ozone/hadoop-ozone/integration-test/target/test-dir/MiniOzoneClusterImpl-5713c1a7-fb90-4566-9593-6537b218274a/datanode-0/data/ratis/a2c7e5f9-af43-4a1c-b425-6adc6040d27e has been successfully formatted.
2021-05-22 19:12:22,789 [pool-86-thread-1] INFO  ratis.ContainerStateMachine (ContainerStateMachine.java:loadSnapshot(224)) - group-6ADC6040D27E: The snapshot info is null. Setting the last applied indexto:(t:0, i:~)
2021-05-22 19:12:22,789 [pool-86-thread-1] INFO  server.RaftServerConfigKeys (ConfUtils.java:logGet(44)) - raft.server.notification.no-leader.timeout = 300s (custom)
2021-05-22 19:12:22,789 [pool-86-thread-1] INFO  server.RaftServerConfigKeys (ConfUtils.java:logGet(44)) - raft.server.log.use.memory = false (default)
2021-05-22 19:12:22,789 [pool-86-thread-1] INFO  server.RaftServerConfigKeys (ConfUtils.java:logGet(44)) - raft.server.log.purge.gap = 1000000 (custom)
2021-05-22 19:12:22,789 [pool-86-thread-1] INFO  server.RaftServerConfigKeys (ConfUtils.java:logGet(44)) - raft.server.log.appender.buffer.byte-limit = 33554432 (custom)
2021-05-22 19:12:22,790 [pool-86-thread-1] INFO  metrics.RatisMetrics (RatisMetrics.java:lambda$create$0(36)) - Creating Metrics Registry : ratis.log_worker.ea0eae10-41b3-4db6-9afe-6a980641cba9@group-6ADC6040D27E
2021-05-22 19:12:22,790 [pool-86-thread-1] INFO  server.RaftServerConfigKeys (ConfUtils.java:logGet(44)) - raft.server.log.segment.size.max = 1048576 (custom)
2021-05-22 19:12:22,791 [pool-86-thread-1] INFO  server.RaftServerConfigKeys (ConfUtils.java:logGet(44)) - raft.server.log.segment.cache.num.max = 2 (custom)
2021-05-22 19:12:22,791 [pool-86-thread-1] INFO  server.RaftServerConfigKeys (ConfUtils.java:logGet(44)) - raft.server.log.segment.cache.size.max = 200MB (=209715200) (default)
2021-05-22 19:12:22,791 [pool-86-thread-1] INFO  segmented.SegmentedRaftLogWorker (SegmentedRaftLogWorker.java:<init>(182)) - new ea0eae10-41b3-4db6-9afe-6a980641cba9@group-6ADC6040D27E-SegmentedRaftLogWorker for RaftStorageImpl:Storage Directory /github/workspace/mnt/ozone/hadoop-ozone/integration-test/target/test-dir/MiniOzoneClusterImpl-5713c1a7-fb90-4566-9593-6537b218274a/datanode-0/data/ratis/a2c7e5f9-af43-4a1c-b425-6adc6040d27e
2021-05-22 19:12:22,791 [pool-86-thread-1] INFO  server.RaftServerConfigKeys (ConfUtils.java:logGet(44)) - raft.server.log.queue.byte-limit = 2147483647 (custom)
2021-05-22 19:12:22,791 [pool-86-thread-1] INFO  server.RaftServerConfigKeys (ConfUtils.java:logGet(44)) - raft.server.log.queue.element-limit = 1024 (custom)
2021-05-22 19:12:22,791 [pool-86-thread-1] INFO  server.RaftServerConfigKeys (ConfUtils.java:logGet(44)) - raft.server.log.segment.size.max = 1048576 (custom)
2021-05-22 19:12:22,791 [pool-86-thread-1] INFO  server.RaftServerConfigKeys (ConfUtils.java:logGet(44)) - raft.server.log.preallocated.size = 16384 (custom)
2021-05-22 19:12:22,793 [pool-86-thread-1] INFO  server.RaftServerConfigKeys (ConfUtils.java:logGet(44)) - raft.server.log.force.sync.num = 128 (default)
2021-05-22 19:12:22,793 [pool-86-thread-1] INFO  server.RaftServerConfigKeys (ConfUtils.java:logGet(44)) - raft.server.log.statemachine.data.sync = true (default)
2021-05-22 19:12:22,793 [pool-86-thread-1] INFO  server.RaftServerConfigKeys (ConfUtils.java:logGet(44)) - raft.server.log.statemachine.data.sync.timeout = 10s (default)
2021-05-22 19:12:22,793 [pool-86-thread-1] INFO  server.RaftServerConfigKeys (ConfUtils.java:logGet(44)) - raft.server.log.statemachine.data.sync.timeout.retry = -1 (default)
2021-05-22 19:12:22,797 [EndpointStateMachine task thread for /127.0.0.1:12401 - 0 ] WARN  statemachine.EndpointStateMachine (EndpointStateMachine.java:logIfNeeded(236)) - Unable to communicate to SCM server at 127.0.0.1:12401 for past 0 seconds.
java.net.SocketTimeoutException: Call From a9243b6273c1/172.17.0.2 to localhost:12401 failed on socket timeout exception: java.net.SocketTimeoutException: 5000 millis timeout while waiting for channel to be ready for read. ch : java.nio.channels.SocketChannel[connected local=/127.0.0.1:36124 remote=/127.0.0.1:12401]; For more details see:  http://wiki.apache.org/hadoop/SocketTimeout
	at sun.reflect.NativeConstructorAccessorImpl.newInstance0(Native Method)
	at sun.reflect.NativeConstructorAccessorImpl.newInstance(NativeConstructorAccessorImpl.java:62)
	at sun.reflect.DelegatingConstructorAccessorImpl.newInstance(DelegatingConstructorAccessorImpl.java:45)
	at java.lang.reflect.Constructor.newInstance(Constructor.java:423)
	at org.apache.hadoop.net.NetUtils.wrapWithMessage(NetUtils.java:836)
	at org.apache.hadoop.net.NetUtils.wrapException(NetUtils.java:780)
	at org.apache.hadoop.ipc.Client.getRpcResponse(Client.java:1566)
	at org.apache.hadoop.ipc.Client.call(Client.java:1508)
	at org.apache.hadoop.ipc.Client.call(Client.java:1405)
	at org.apache.hadoop.ipc.ProtobufRpcEngine$Invoker.invoke(ProtobufRpcEngine.java:233)
	at org.apache.hadoop.ipc.ProtobufRpcEngine$Invoker.invoke(ProtobufRpcEngine.java:118)
	at com.sun.proxy.$Proxy45.submitRequest(Unknown Source)
	at org.apache.hadoop.ozone.protocolPB.StorageContainerDatanodeProtocolClientSideTranslatorPB.submitRequest(StorageContainerDatanodeProtocolClientSideTranslatorPB.java:117)
	at org.apache.hadoop.ozone.protocolPB.StorageContainerDatanodeProtocolClientSideTranslatorPB.getVersion(StorageContainerDatanodeProtocolClientSideTranslatorPB.java:133)
	at org.apache.hadoop.ozone.container.common.states.endpoint.VersionEndpointTask.call(VersionEndpointTask.java:70)
	at org.apache.hadoop.ozone.container.common.states.endpoint.VersionEndpointTask.call(VersionEndpointTask.java:41)
	at java.util.concurrent.FutureTask.run(FutureTask.java:266)
	at java.util.concurrent.ThreadPoolExecutor.runWorker(ThreadPoolExecutor.java:1149)
	at java.util.concurrent.ThreadPoolExecutor$Worker.run(ThreadPoolExecutor.java:624)
	at java.lang.Thread.run(Thread.java:748)
Caused by: java.net.SocketTimeoutException: 5000 millis timeout while waiting for channel to be ready for read. ch : java.nio.channels.SocketChannel[connected local=/127.0.0.1:36124 remote=/127.0.0.1:12401]
	at org.apache.hadoop.net.SocketIOWithTimeout.doIO(SocketIOWithTimeout.java:164)
	at org.apache.hadoop.net.SocketInputStream.read(SocketInputStream.java:161)
	at org.apache.hadoop.net.SocketInputStream.read(SocketInputStream.java:131)
	at java.io.FilterInputStream.read(FilterInputStream.java:133)
	at java.io.BufferedInputStream.fill(BufferedInputStream.java:246)
	at java.io.BufferedInputStream.read(BufferedInputStream.java:265)
	at java.io.FilterInputStream.read(FilterInputStream.java:83)
	at java.io.FilterInputStream.read(FilterInputStream.java:83)
	at org.apache.hadoop.ipc.Client$Connection$PingInputStream.read(Client.java:562)
	at java.io.DataInputStream.readInt(DataInputStream.java:387)
	at org.apache.hadoop.ipc.Client$IpcStreams.readResponse(Client.java:1880)
	at org.apache.hadoop.ipc.Client$Connection.receiveRpcResponse(Client.java:1191)
	at org.apache.hadoop.ipc.Client$Connection.run(Client.java:1087)
2021-05-22 19:12:22,802 [EndpointStateMachine task thread for /127.0.0.1:12401 - 0 ] WARN  statemachine.EndpointStateMachine (EndpointStateMachine.java:logIfNeeded(236)) - Unable to communicate to SCM server at localhost:12401 for past 0 seconds.
java.net.SocketTimeoutException: Call From a9243b6273c1/172.17.0.2 to localhost:12401 failed on socket timeout exception: java.net.SocketTimeoutException: 5000 millis timeout while waiting for channel to be ready for read. ch : java.nio.channels.SocketChannel[connected local=/127.0.0.1:36124 remote=/127.0.0.1:12401]; For more details see:  http://wiki.apache.org/hadoop/SocketTimeout
	at sun.reflect.NativeConstructorAccessorImpl.newInstance0(Native Method)
	at sun.reflect.NativeConstructorAccessorImpl.newInstance(NativeConstructorAccessorImpl.java:62)
	at sun.reflect.DelegatingConstructorAccessorImpl.newInstance(DelegatingConstructorAccessorImpl.java:45)
	at java.lang.reflect.Constructor.newInstance(Constructor.java:423)
	at org.apache.hadoop.net.NetUtils.wrapWithMessage(NetUtils.java:836)
	at org.apache.hadoop.net.NetUtils.wrapException(NetUtils.java:780)
	at org.apache.hadoop.ipc.Client.getRpcResponse(Client.java:1566)
	at org.apache.hadoop.ipc.Client.call(Client.java:1508)
	at org.apache.hadoop.ipc.Client.call(Client.java:1405)
	at org.apache.hadoop.ipc.ProtobufRpcEngine$Invoker.invoke(ProtobufRpcEngine.java:233)
	at org.apache.hadoop.ipc.ProtobufRpcEngine$Invoker.invoke(ProtobufRpcEngine.java:118)
	at com.sun.proxy.$Proxy45.submitRequest(Unknown Source)
	at org.apache.hadoop.ozone.protocolPB.StorageContainerDatanodeProtocolClientSideTranslatorPB.submitRequest(StorageContainerDatanodeProtocolClientSideTranslatorPB.java:117)
	at org.apache.hadoop.ozone.protocolPB.StorageContainerDatanodeProtocolClientSideTranslatorPB.getVersion(StorageContainerDatanodeProtocolClientSideTranslatorPB.java:133)
	at org.apache.hadoop.ozone.container.common.states.endpoint.VersionEndpointTask.call(VersionEndpointTask.java:70)
	at org.apache.hadoop.ozone.container.common.states.endpoint.VersionEndpointTask.call(VersionEndpointTask.java:41)
	at java.util.concurrent.FutureTask.run(FutureTask.java:266)
	at java.util.concurrent.ThreadPoolExecutor.runWorker(ThreadPoolExecutor.java:1149)
	at java.util.concurrent.ThreadPoolExecutor$Worker.run(ThreadPoolExecutor.java:624)
	at java.lang.Thread.run(Thread.java:748)
Caused by: java.net.SocketTimeoutException: 5000 millis timeout while waiting for channel to be ready for read. ch : java.nio.channels.SocketChannel[connected local=/127.0.0.1:36124 remote=/127.0.0.1:12401]
	at org.apache.hadoop.net.SocketIOWithTimeout.doIO(SocketIOWithTimeout.java:164)
	at org.apache.hadoop.net.SocketInputStream.read(SocketInputStream.java:161)
	at org.apache.hadoop.net.SocketInputStream.read(SocketInputStream.java:131)
	at java.io.FilterInputStream.read(FilterInputStream.java:133)
	at java.io.BufferedInputStream.fill(BufferedInputStream.java:246)
	at java.io.BufferedInputStream.read(BufferedInputStream.java:265)
	at java.io.FilterInputStream.read(FilterInputStream.java:83)
	at java.io.FilterInputStream.read(FilterInputStream.java:83)
	at org.apache.hadoop.ipc.Client$Connection$PingInputStream.read(Client.java:562)
	at java.io.DataInputStream.readInt(DataInputStream.java:387)
	at org.apache.hadoop.ipc.Client$IpcStreams.readResponse(Client.java:1880)
	at org.apache.hadoop.ipc.Client$Connection.receiveRpcResponse(Client.java:1191)
	at org.apache.hadoop.ipc.Client$Connection.run(Client.java:1087)
2021-05-22 19:12:22,802 [EndpointStateMachine task thread for /127.0.0.1:12401 - 0 ] WARN  statemachine.EndpointStateMachine (EndpointStateMachine.java:logIfNeeded(236)) - Unable to communicate to SCM server at 127.0.0.1:12401 for past 0 seconds.
java.net.SocketTimeoutException: Call From a9243b6273c1/172.17.0.2 to localhost:12401 failed on socket timeout exception: java.net.SocketTimeoutException: 5000 millis timeout while waiting for channel to be ready for read. ch : java.nio.channels.SocketChannel[connected local=/127.0.0.1:36124 remote=/127.0.0.1:12401]; For more details see:  http://wiki.apache.org/hadoop/SocketTimeout
	at sun.reflect.NativeConstructorAccessorImpl.newInstance0(Native Method)
	at sun.reflect.NativeConstructorAccessorImpl.newInstance(NativeConstructorAccessorImpl.java:62)
	at sun.reflect.DelegatingConstructorAccessorImpl.newInstance(DelegatingConstructorAccessorImpl.java:45)
	at java.lang.reflect.Constructor.newInstance(Constructor.java:423)
	at org.apache.hadoop.net.NetUtils.wrapWithMessage(NetUtils.java:836)
	at org.apache.hadoop.net.NetUtils.wrapException(NetUtils.java:780)
	at org.apache.hadoop.ipc.Client.getRpcResponse(Client.java:1566)
	at org.apache.hadoop.ipc.Client.call(Client.java:1508)
	at org.apache.hadoop.ipc.Client.call(Client.java:1405)
	at org.apache.hadoop.ipc.ProtobufRpcEngine$Invoker.invoke(ProtobufRpcEngine.java:233)
	at org.apache.hadoop.ipc.ProtobufRpcEngine$Invoker.invoke(ProtobufRpcEngine.java:118)
	at com.sun.proxy.$Proxy45.submitRequest(Unknown Source)
	at org.apache.hadoop.ozone.protocolPB.StorageContainerDatanodeProtocolClientSideTranslatorPB.submitRequest(StorageContainerDatanodeProtocolClientSideTranslatorPB.java:117)
	at org.apache.hadoop.ozone.protocolPB.StorageContainerDatanodeProtocolClientSideTranslatorPB.getVersion(StorageContainerDatanodeProtocolClientSideTranslatorPB.java:133)
	at org.apache.hadoop.ozone.container.common.states.endpoint.VersionEndpointTask.call(VersionEndpointTask.java:70)
	at org.apache.hadoop.ozone.container.common.states.endpoint.VersionEndpointTask.call(VersionEndpointTask.java:41)
	at java.util.concurrent.FutureTask.run(FutureTask.java:266)
	at java.util.concurrent.ThreadPoolExecutor.runWorker(ThreadPoolExecutor.java:1149)
	at java.util.concurrent.ThreadPoolExecutor$Worker.run(ThreadPoolExecutor.java:624)
	at java.lang.Thread.run(Thread.java:748)
Caused by: java.net.SocketTimeoutException: 5000 millis timeout while waiting for channel to be ready for read. ch : java.nio.channels.SocketChannel[connected local=/127.0.0.1:36124 remote=/127.0.0.1:12401]
	at org.apache.hadoop.net.SocketIOWithTimeout.doIO(SocketIOWithTimeout.java:164)
	at org.apache.hadoop.net.SocketInputStream.read(SocketInputStream.java:161)
	at org.apache.hadoop.net.SocketInputStream.read(SocketInputStream.java:131)
	at java.io.FilterInputStream.read(FilterInputStream.java:133)
	at java.io.BufferedInputStream.fill(BufferedInputStream.java:246)
	at java.io.BufferedInputStream.read(BufferedInputStream.java:265)
	at java.io.FilterInputStream.read(FilterInputStream.java:83)
	at java.io.FilterInputStream.read(FilterInputStream.java:83)
	at org.apache.hadoop.ipc.Client$Connection$PingInputStream.read(Client.java:562)
	at java.io.DataInputStream.readInt(DataInputStream.java:387)
	at org.apache.hadoop.ipc.Client$IpcStreams.readResponse(Client.java:1880)
	at org.apache.hadoop.ipc.Client$Connection.receiveRpcResponse(Client.java:1191)
	at org.apache.hadoop.ipc.Client$Connection.run(Client.java:1087)
2021-05-22 19:12:22,808 [pool-86-thread-1] INFO  server.RaftServerConfigKeys (ConfUtils.java:logGet(44)) - raft.server.log.write.buffer.size = 1048576 (custom)
2021-05-22 19:12:22,808 [pool-86-thread-1] INFO  server.RaftServerConfigKeys (ConfUtils.java:logGet(44)) - raft.server.log.statemachine.data.caching.enabled = true (custom)
2021-05-22 19:12:22,808 [pool-86-thread-1] INFO  segmented.SegmentedRaftLogWorker (SegmentedRaftLogWorker.java:lambda$new$0(133)) - ea0eae10-41b3-4db6-9afe-6a980641cba9@group-6ADC6040D27E-SegmentedRaftLogWorker: flushIndex: setUnconditionally 0 -> -1
2021-05-22 19:12:22,809 [pool-86-thread-1] INFO  segmented.SegmentedRaftLogWorker (SegmentedRaftLogWorker.java:lambda$new$0(133)) - ea0eae10-41b3-4db6-9afe-6a980641cba9@group-6ADC6040D27E-SegmentedRaftLogWorker: safeCacheEvictIndex: setUnconditionally 0 -> -1
2021-05-22 19:12:22,819 [pool-86-thread-1] INFO  server.RaftServerConfigKeys (ConfUtils.java:logGet(44)) - raft.server.snapshot.auto.trigger.enabled = true (custom)
2021-05-22 19:12:22,824 [pool-86-thread-1] INFO  server.RaftServerConfigKeys (ConfUtils.java:logGet(44)) - raft.server.snapshot.auto.trigger.threshold = 10000 (custom)
2021-05-22 19:12:22,825 [pool-86-thread-1] INFO  server.RaftServerConfigKeys (ConfUtils.java:logGet(44)) - raft.server.snapshot.retention.file.num = 5 (custom)
2021-05-22 19:12:22,827 [EventQueue-PipelineReportForOneReplicaPipelineSafeModeRule] INFO  safemode.SCMSafeModeManager (SCMSafeModeManager.java:validateSafeModeExitRules(201)) - AtleastOneDatanodeReportedRule rule is successfully validated
2021-05-22 19:12:22,827 [pool-86-thread-1] INFO  server.RaftServerConfigKeys (ConfUtils.java:logGet(44)) - raft.server.log.purge.upto.snapshot.index = false (default)
2021-05-22 19:12:22,827 [pool-86-thread-1] INFO  server.RaftServerConfigKeys (ConfUtils.java:logGet(44)) - raft.server.retrycache.expirytime = 600000ms (custom)
2021-05-22 19:12:22,827 [pool-86-thread-1] INFO  server.RaftServerConfigKeys (ConfUtils.java:logGet(44)) - raft.server.retrycache.statistics.expirytime = 100?s (default)
2021-05-22 19:12:22,827 [pool-86-thread-1] INFO  metrics.RatisMetrics (RatisMetrics.java:lambda$create$0(36)) - Creating Metrics Registry : ratis.leader_election.ea0eae10-41b3-4db6-9afe-6a980641cba9@group-6ADC6040D27E
2021-05-22 19:12:22,828 [pool-86-thread-1] INFO  metrics.RatisMetrics (RatisMetrics.java:lambda$create$0(36)) - Creating Metrics Registry : ratis.server.ea0eae10-41b3-4db6-9afe-6a980641cba9@group-6ADC6040D27E
2021-05-22 19:12:22,830 [pool-86-thread-1] INFO  server.RaftServer$Division (RaftServerImpl.java:start(295)) - ea0eae10-41b3-4db6-9afe-6a980641cba9@group-6ADC6040D27E: start as a follower, conf=-1: [ea0eae10-41b3-4db6-9afe-6a980641cba9|rpc:127.0.0.1:38377|priority:1], old=null
2021-05-22 19:12:22,830 [pool-86-thread-1] INFO  server.RaftServer$Division (RaftServerImpl.java:setRole(284)) - ea0eae10-41b3-4db6-9afe-6a980641cba9@group-6ADC6040D27E: changes role from      null to FOLLOWER at term 0 for startAsFollower
2021-05-22 19:12:22,830 [pool-86-thread-1] INFO  impl.RoleInfo (RoleInfo.java:updateAndGet(130)) - ea0eae10-41b3-4db6-9afe-6a980641cba9: start ea0eae10-41b3-4db6-9afe-6a980641cba9@group-6ADC6040D27E-FollowerState
2021-05-22 19:12:22,827 [EventQueue-PipelineReportForPipelineReportHandler] INFO  pipeline.PipelineManagerV2Impl (PipelineManagerV2Impl.java:openPipeline(270)) - Pipeline Pipeline[ Id: a2c7e5f9-af43-4a1c-b425-6adc6040d27e, Nodes: ea0eae10-41b3-4db6-9afe-6a980641cba9{ip: 127.0.0.1, host: localhost, ports: [REPLICATION=41745, RATIS=38377, RATIS_ADMIN=38377, RATIS_SERVER=38377, STANDALONE=33423], networkLocation: /default-rack, certSerialId: null, persistedOpState: IN_SERVICE, persistedOpStateExpiryEpochSec: 0}, ReplicationConfig: RATIS/ONE, State:ALLOCATED, leaderId:ea0eae10-41b3-4db6-9afe-6a980641cba9, CreationTimestamp2021-05-22T19:12:19.825Z] moved to OPEN state
2021-05-22 19:12:22,833 [pool-86-thread-1] INFO  util.JmxRegister (JmxRegister.java:tryRegister(44)) - Successfully registered JMX Bean with object name Ratis:service=RaftServer,group=group-6ADC6040D27E,id=ea0eae10-41b3-4db6-9afe-6a980641cba9
2021-05-22 19:12:22,834 [pool-86-thread-1] INFO  metrics.RatisMetrics (RatisMetrics.java:lambda$create$0(36)) - Creating Metrics Registry : ratis.state_machine.ea0eae10-41b3-4db6-9afe-6a980641cba9@group-6ADC6040D27E
2021-05-22 19:12:22,835 [Command processor thread] INFO  ratis.XceiverServerRatis (XceiverServerRatis.java:addGroup(808)) - Created group PipelineID=a2c7e5f9-af43-4a1c-b425-6adc6040d27e
2021-05-22 19:12:22,840 [EventQueue-PipelineReportForOneReplicaPipelineSafeModeRule] INFO  safemode.SCMSafeModeManager (SCMSafeModeManager.java:validateSafeModeExitRules(201)) - AtleastOneDatanodeReportedRule rule is successfully validated
2021-05-22 19:12:22,840 [EventQueue-PipelineReportForPipelineReportHandler] INFO  pipeline.PipelineManagerV2Impl (PipelineManagerV2Impl.java:openPipeline(270)) - Pipeline Pipeline[ Id: a2c7e5f9-af43-4a1c-b425-6adc6040d27e, Nodes: ea0eae10-41b3-4db6-9afe-6a980641cba9{ip: 127.0.0.1, host: localhost, ports: [REPLICATION=41745, RATIS=38377, RATIS_ADMIN=38377, RATIS_SERVER=38377, STANDALONE=33423], networkLocation: /default-rack, certSerialId: null, persistedOpState: IN_SERVICE, persistedOpStateExpiryEpochSec: 0}, ReplicationConfig: RATIS/ONE, State:ALLOCATED, leaderId:ea0eae10-41b3-4db6-9afe-6a980641cba9, CreationTimestamp2021-05-22T19:12:19.825Z] moved to OPEN state
2021-05-22 19:12:22,843 [Command processor thread] INFO  commandhandler.CreatePipelineCommandHandler (CreatePipelineCommandHandler.java:handle(106)) - Created Pipeline RATIS ONE PipelineID=a2c7e5f9-af43-4a1c-b425-6adc6040d27e.
2021-05-22 19:12:22,844 [Command processor thread] INFO  server.RaftServer (RaftServerProxy.java:addNew(95)) - ea0eae10-41b3-4db6-9afe-6a980641cba9: addNew group-548F0586065B:[ea0eae10-41b3-4db6-9afe-6a980641cba9|rpc:127.0.0.1:38377|priority:0, 77d60ed4-b7ae-47d8-b664-0086abc1b028|rpc:127.0.0.1:42583|priority:0, 37ad4b1d-96aa-49b2-b7c2-5ba74b6ff263|rpc:127.0.0.1:40699|priority:1] returns group-548F0586065B:java.util.concurrent.CompletableFuture@cb190a4[Not completed]
2021-05-22 19:12:22,846 [EventQueue-PipelineReportForPipelineReportHandler] INFO  ha.SCMHAInvocationHandler (SCMHAInvocationHandler.java:invokeRatis(113)) - Invoking method public abstract void org.apache.hadoop.hdds.scm.pipeline.StateManager.updatePipelineState(org.apache.hadoop.hdds.protocol.proto.HddsProtos$PipelineID,org.apache.hadoop.hdds.protocol.proto.HddsProtos$PipelineState) throws java.io.IOException on target org.apache.hadoop.hdds.scm.ha.SCMRatisServerImpl@7e745896, cost 5887.929us
2021-05-22 19:12:22,849 [pool-86-thread-1] INFO  server.RaftServer$Division (RaftServerImpl.java:<init>(180)) - ea0eae10-41b3-4db6-9afe-6a980641cba9: new RaftServerImpl for group-548F0586065B:[ea0eae10-41b3-4db6-9afe-6a980641cba9|rpc:127.0.0.1:38377|priority:0, 77d60ed4-b7ae-47d8-b664-0086abc1b028|rpc:127.0.0.1:42583|priority:0, 37ad4b1d-96aa-49b2-b7c2-5ba74b6ff263|rpc:127.0.0.1:40699|priority:1] with ContainerStateMachine:uninitialized
2021-05-22 19:12:22,858 [pool-86-thread-1] INFO  server.RaftServerConfigKeys (ConfUtils.java:logGet(44)) - raft.server.rpc.timeout.min = 5s (custom)
2021-05-22 19:12:22,858 [pool-86-thread-1] INFO  server.RaftServerConfigKeys (ConfUtils.java:logGet(44)) - raft.server.rpc.timeout.max = 5200ms (custom)
2021-05-22 19:12:22,858 [pool-86-thread-1] INFO  server.RaftServerConfigKeys (ConfUtils.java:logGet(44)) - raft.server.rpc.sleep.time = 25ms (default)
2021-05-22 19:12:22,858 [pool-86-thread-1] INFO  server.RaftServerConfigKeys (ConfUtils.java:logGet(44)) - raft.server.rpc.slowness.timeout = 300s (custom)
2021-05-22 19:12:22,858 [pool-86-thread-1] INFO  server.RaftServerConfigKeys (ConfUtils.java:logGet(44)) - raft.server.leaderelection.leader.step-down.wait-time = 10s (default)
2021-05-22 19:12:22,858 [pool-86-thread-1] INFO  server.RaftServerConfigKeys (ConfUtils.java:logGet(44)) - raft.server.sleep.deviation.threshold = 300ms (default)
2021-05-22 19:12:22,858 [pool-86-thread-1] INFO  server.RaftServerConfigKeys (ConfUtils.java:logGet(44)) - raft.server.log.appender.install.snapshot.enabled = false (custom)
2021-05-22 19:12:22,858 [pool-86-thread-1] INFO  server.RaftServer$Division (ServerState.java:<init>(105)) - ea0eae10-41b3-4db6-9afe-6a980641cba9@group-548F0586065B: ConfigurationManager, init=-1: [ea0eae10-41b3-4db6-9afe-6a980641cba9|rpc:127.0.0.1:38377|priority:0, 77d60ed4-b7ae-47d8-b664-0086abc1b028|rpc:127.0.0.1:42583|priority:0, 37ad4b1d-96aa-49b2-b7c2-5ba74b6ff263|rpc:127.0.0.1:40699|priority:1], old=null, confs=<EMPTY_MAP>
2021-05-22 19:12:22,858 [pool-86-thread-1] INFO  server.RaftServerConfigKeys (ConfUtils.java:logGet(44)) - raft.server.storage.dir = [/github/workspace/mnt/ozone/hadoop-ozone/integration-test/target/test-dir/MiniOzoneClusterImpl-5713c1a7-fb90-4566-9593-6537b218274a/datanode-0/data/ratis] (custom)
2021-05-22 19:12:22,859 [pool-86-thread-1] INFO  server.RaftServerConfigKeys (ConfUtils.java:logGet(44)) - raft.server.log.corruption.policy = EXCEPTION (default)
2021-05-22 19:12:22,859 [pool-86-thread-1] INFO  storage.RaftStorageDirectory (RaftStorageDirectoryImpl.java:analyzeStorage(132)) - The storage directory /github/workspace/mnt/ozone/hadoop-ozone/integration-test/target/test-dir/MiniOzoneClusterImpl-5713c1a7-fb90-4566-9593-6537b218274a/datanode-0/data/ratis/ec650cfc-7280-4cb7-a628-548f0586065b does not exist. Creating ...
2021-05-22 19:12:22,849 [EventQueue-PipelineReportForPipelineReportHandler] INFO  ha.SCMHAInvocationHandler (SCMHAInvocationHandler.java:invokeRatis(113)) - Invoking method public abstract void org.apache.hadoop.hdds.scm.pipeline.StateManager.updatePipelineState(org.apache.hadoop.hdds.protocol.proto.HddsProtos$PipelineID,org.apache.hadoop.hdds.protocol.proto.HddsProtos$PipelineState) throws java.io.IOException on target org.apache.hadoop.hdds.scm.ha.SCMRatisServerImpl@5cbb90de, cost 16102.679us
2021-05-22 19:12:22,855 [EventQueue-PipelineReportForPipelineReportHandler] ERROR pipeline.PipelineReportHandler (PipelineReportHandler.java:onMessage(93)) - Could not process pipeline report=pipelineID {
  id: "a2c7e5f9-af43-4a1c-b425-6adc6040d27e"
  uuid128 {
    mostSigBits: -6717147458649765348
    leastSigBits: -5465845078004018562
  }
}
isLeader: false
bytesWritten: 0
 from dn=ea0eae10-41b3-4db6-9afe-6a980641cba9{ip: 127.0.0.1, host: localhost, ports: [REPLICATION=41745, RATIS=38377, RATIS_ADMIN=38377, RATIS_SERVER=38377, STANDALONE=33423], networkLocation: /default-rack, certSerialId: null, persistedOpState: null, persistedOpStateExpiryEpochSec: 0}.
org.apache.ratis.protocol.exceptions.NotLeaderException: Server c528a642-8365-4981-9ca8-5a52c1b1524d@group-6537B218274A is not the leader b5b91537-3281-48b1-9597-8f2f653ada85|rpc:localhost:12380|admin:|client:|dataStream:|priority:0
	at org.apache.ratis.server.impl.RaftServerImpl.generateNotLeaderException(RaftServerImpl.java:661)
	at org.apache.ratis.server.impl.RaftServerImpl.checkLeaderState(RaftServerImpl.java:626)
	at org.apache.ratis.server.impl.RaftServerImpl.submitClientRequestAsync(RaftServerImpl.java:754)
	at org.apache.ratis.server.impl.RaftServerProxy.lambda$submitClientRequestAsync$9(RaftServerProxy.java:417)
	at org.apache.ratis.server.impl.RaftServerProxy.lambda$null$7(RaftServerProxy.java:412)
	at org.apache.ratis.util.JavaUtils.callAsUnchecked(JavaUtils.java:115)
	at org.apache.ratis.server.impl.RaftServerProxy.lambda$submitRequest$8(RaftServerProxy.java:412)
	at java.util.concurrent.CompletableFuture.uniComposeStage(CompletableFuture.java:995)
	at java.util.concurrent.CompletableFuture.thenCompose(CompletableFuture.java:2137)
	at org.apache.ratis.server.impl.RaftServerProxy.submitRequest(RaftServerProxy.java:411)
	at org.apache.ratis.server.impl.RaftServerProxy.submitClientRequestAsync(RaftServerProxy.java:417)
	at org.apache.hadoop.hdds.scm.ha.SCMRatisServerImpl.submitRequest(SCMRatisServerImpl.java:214)
	at org.apache.hadoop.hdds.scm.ha.SCMHAInvocationHandler.invokeRatis(SCMHAInvocationHandler.java:110)
	at org.apache.hadoop.hdds.scm.ha.SCMHAInvocationHandler.invoke(SCMHAInvocationHandler.java:67)
	at com.sun.proxy.$Proxy22.updatePipelineState(Unknown Source)
	at org.apache.hadoop.hdds.scm.pipeline.PipelineManagerV2Impl.openPipeline(PipelineManagerV2Impl.java:271)
	at org.apache.hadoop.hdds.scm.pipeline.PipelineReportHandler.processPipelineReport(PipelineReportHandler.java:124)
	at org.apache.hadoop.hdds.scm.pipeline.PipelineReportHandler.onMessage(PipelineReportHandler.java:91)
	at org.apache.hadoop.hdds.scm.pipeline.PipelineReportHandler.onMessage(PipelineReportHandler.java:50)
	at org.apache.hadoop.hdds.server.events.SingleThreadExecutor.lambda$onMessage$1(SingleThreadExecutor.java:81)
	at java.util.concurrent.ThreadPoolExecutor.runWorker(ThreadPoolExecutor.java:1149)
	at java.util.concurrent.ThreadPoolExecutor$Worker.run(ThreadPoolExecutor.java:624)
	at java.lang.Thread.run(Thread.java:748)
2021-05-22 19:12:22,861 [pool-86-thread-1] INFO  storage.RaftStorageDirectory (RaftStorageDirectoryImpl.java:tryLock(215)) - Lock on /github/workspace/mnt/ozone/hadoop-ozone/integration-test/target/test-dir/MiniOzoneClusterImpl-5713c1a7-fb90-4566-9593-6537b218274a/datanode-0/data/ratis/ec650cfc-7280-4cb7-a628-548f0586065b/in_use.lock acquired by nodename 10976@a9243b6273c1
2021-05-22 19:12:22,863 [pool-86-thread-1] INFO  storage.RaftStorage (RaftStorageImpl.java:format(87)) - Storage directory /github/workspace/mnt/ozone/hadoop-ozone/integration-test/target/test-dir/MiniOzoneClusterImpl-5713c1a7-fb90-4566-9593-6537b218274a/datanode-0/data/ratis/ec650cfc-7280-4cb7-a628-548f0586065b has been successfully formatted.
2021-05-22 19:12:22,863 [pool-86-thread-1] INFO  ratis.ContainerStateMachine (ContainerStateMachine.java:loadSnapshot(224)) - group-548F0586065B: The snapshot info is null. Setting the last applied indexto:(t:0, i:~)
2021-05-22 19:12:22,864 [pool-86-thread-1] INFO  server.RaftServerConfigKeys (ConfUtils.java:logGet(44)) - raft.server.notification.no-leader.timeout = 300s (custom)
2021-05-22 19:12:22,864 [pool-86-thread-1] INFO  server.RaftServerConfigKeys (ConfUtils.java:logGet(44)) - raft.server.log.use.memory = false (default)
2021-05-22 19:12:22,864 [pool-86-thread-1] INFO  server.RaftServerConfigKeys (ConfUtils.java:logGet(44)) - raft.server.log.purge.gap = 1000000 (custom)
2021-05-22 19:12:22,864 [pool-86-thread-1] INFO  server.RaftServerConfigKeys (ConfUtils.java:logGet(44)) - raft.server.log.appender.buffer.byte-limit = 33554432 (custom)
2021-05-22 19:12:22,864 [pool-86-thread-1] INFO  metrics.RatisMetrics (RatisMetrics.java:lambda$create$0(36)) - Creating Metrics Registry : ratis.log_worker.ea0eae10-41b3-4db6-9afe-6a980641cba9@group-548F0586065B
2021-05-22 19:12:22,864 [pool-86-thread-1] INFO  server.RaftServerConfigKeys (ConfUtils.java:logGet(44)) - raft.server.log.segment.size.max = 1048576 (custom)
2021-05-22 19:12:22,865 [pool-86-thread-1] INFO  server.RaftServerConfigKeys (ConfUtils.java:logGet(44)) - raft.server.log.segment.cache.num.max = 2 (custom)
2021-05-22 19:12:22,865 [pool-86-thread-1] INFO  server.RaftServerConfigKeys (ConfUtils.java:logGet(44)) - raft.server.log.segment.cache.size.max = 200MB (=209715200) (default)
2021-05-22 19:12:22,865 [pool-86-thread-1] INFO  segmented.SegmentedRaftLogWorker (SegmentedRaftLogWorker.java:<init>(182)) - new ea0eae10-41b3-4db6-9afe-6a980641cba9@group-548F0586065B-SegmentedRaftLogWorker for RaftStorageImpl:Storage Directory /github/workspace/mnt/ozone/hadoop-ozone/integration-test/target/test-dir/MiniOzoneClusterImpl-5713c1a7-fb90-4566-9593-6537b218274a/datanode-0/data/ratis/ec650cfc-7280-4cb7-a628-548f0586065b
2021-05-22 19:12:22,865 [pool-86-thread-1] INFO  server.RaftServerConfigKeys (ConfUtils.java:logGet(44)) - raft.server.log.queue.byte-limit = 2147483647 (custom)
2021-05-22 19:12:22,865 [pool-86-thread-1] INFO  server.RaftServerConfigKeys (ConfUtils.java:logGet(44)) - raft.server.log.queue.element-limit = 1024 (custom)
2021-05-22 19:12:22,865 [pool-86-thread-1] INFO  server.RaftServerConfigKeys (ConfUtils.java:logGet(44)) - raft.server.log.segment.size.max = 1048576 (custom)
2021-05-22 19:12:22,865 [pool-86-thread-1] INFO  server.RaftServerConfigKeys (ConfUtils.java:logGet(44)) - raft.server.log.preallocated.size = 16384 (custom)
2021-05-22 19:12:22,865 [pool-86-thread-1] INFO  server.RaftServerConfigKeys (ConfUtils.java:logGet(44)) - raft.server.log.force.sync.num = 128 (default)
2021-05-22 19:12:22,865 [pool-86-thread-1] INFO  server.RaftServerConfigKeys (ConfUtils.java:logGet(44)) - raft.server.log.statemachine.data.sync = true (default)
2021-05-22 19:12:22,865 [pool-86-thread-1] INFO  server.RaftServerConfigKeys (ConfUtils.java:logGet(44)) - raft.server.log.statemachine.data.sync.timeout = 10s (default)
2021-05-22 19:12:22,866 [pool-86-thread-1] INFO  server.RaftServerConfigKeys (ConfUtils.java:logGet(44)) - raft.server.log.statemachine.data.sync.timeout.retry = -1 (default)
2021-05-22 19:12:22,867 [pool-86-thread-1] INFO  server.RaftServerConfigKeys (ConfUtils.java:logGet(44)) - raft.server.log.write.buffer.size = 1048576 (custom)
2021-05-22 19:12:22,867 [pool-86-thread-1] INFO  server.RaftServerConfigKeys (ConfUtils.java:logGet(44)) - raft.server.log.statemachine.data.caching.enabled = true (custom)
2021-05-22 19:12:22,867 [pool-86-thread-1] INFO  segmented.SegmentedRaftLogWorker (SegmentedRaftLogWorker.java:lambda$new$0(133)) - ea0eae10-41b3-4db6-9afe-6a980641cba9@group-548F0586065B-SegmentedRaftLogWorker: flushIndex: setUnconditionally 0 -> -1
2021-05-22 19:12:22,867 [pool-86-thread-1] INFO  segmented.SegmentedRaftLogWorker (SegmentedRaftLogWorker.java:lambda$new$0(133)) - ea0eae10-41b3-4db6-9afe-6a980641cba9@group-548F0586065B-SegmentedRaftLogWorker: safeCacheEvictIndex: setUnconditionally 0 -> -1
2021-05-22 19:12:22,870 [EventQueue-OpenPipelineForHealthyPipelineSafeModeRule] INFO  safemode.SCMSafeModeManager (HealthyPipelineSafeModeRule.java:process(130)) - SCM in safe mode. Healthy pipelines reported count is 0, required healthy pipeline reported count is 1
2021-05-22 19:12:22,881 [pool-86-thread-1] INFO  server.RaftServerConfigKeys (ConfUtils.java:logGet(44)) - raft.server.snapshot.auto.trigger.enabled = true (custom)
2021-05-22 19:12:22,882 [pool-86-thread-1] INFO  server.RaftServerConfigKeys (ConfUtils.java:logGet(44)) - raft.server.snapshot.auto.trigger.threshold = 10000 (custom)
2021-05-22 19:12:22,882 [pool-86-thread-1] INFO  server.RaftServerConfigKeys (ConfUtils.java:logGet(44)) - raft.server.snapshot.retention.file.num = 5 (custom)
2021-05-22 19:12:22,882 [pool-86-thread-1] INFO  server.RaftServerConfigKeys (ConfUtils.java:logGet(44)) - raft.server.log.purge.upto.snapshot.index = false (default)
2021-05-22 19:12:22,882 [pool-86-thread-1] INFO  server.RaftServerConfigKeys (ConfUtils.java:logGet(44)) - raft.server.retrycache.expirytime = 600000ms (custom)
2021-05-22 19:12:22,882 [pool-86-thread-1] INFO  server.RaftServerConfigKeys (ConfUtils.java:logGet(44)) - raft.server.retrycache.statistics.expirytime = 100?s (default)
2021-05-22 19:12:22,883 [pool-86-thread-1] INFO  metrics.RatisMetrics (RatisMetrics.java:lambda$create$0(36)) - Creating Metrics Registry : ratis.leader_election.ea0eae10-41b3-4db6-9afe-6a980641cba9@group-548F0586065B
2021-05-22 19:12:22,883 [EventQueue-PipelineReportForOneReplicaPipelineSafeModeRule] INFO  safemode.SCMSafeModeManager (SCMSafeModeManager.java:validateSafeModeExitRules(201)) - AtleastOneDatanodeReportedRule rule is successfully validated
2021-05-22 19:12:22,884 [pool-86-thread-1] INFO  metrics.RatisMetrics (RatisMetrics.java:lambda$create$0(36)) - Creating Metrics Registry : ratis.server.ea0eae10-41b3-4db6-9afe-6a980641cba9@group-548F0586065B
2021-05-22 19:12:22,887 [pool-86-thread-1] INFO  server.RaftServer$Division (RaftServerImpl.java:start(295)) - ea0eae10-41b3-4db6-9afe-6a980641cba9@group-548F0586065B: start as a follower, conf=-1: [ea0eae10-41b3-4db6-9afe-6a980641cba9|rpc:127.0.0.1:38377|priority:0, 77d60ed4-b7ae-47d8-b664-0086abc1b028|rpc:127.0.0.1:42583|priority:0, 37ad4b1d-96aa-49b2-b7c2-5ba74b6ff263|rpc:127.0.0.1:40699|priority:1], old=null
2021-05-22 19:12:22,888 [pool-86-thread-1] INFO  server.RaftServer$Division (RaftServerImpl.java:setRole(284)) - ea0eae10-41b3-4db6-9afe-6a980641cba9@group-548F0586065B: changes role from      null to FOLLOWER at term 0 for startAsFollower
2021-05-22 19:12:22,889 [pool-86-thread-1] INFO  impl.RoleInfo (RoleInfo.java:updateAndGet(130)) - ea0eae10-41b3-4db6-9afe-6a980641cba9: start ea0eae10-41b3-4db6-9afe-6a980641cba9@group-548F0586065B-FollowerState
2021-05-22 19:12:22,896 [pool-86-thread-1] INFO  util.JmxRegister (JmxRegister.java:tryRegister(44)) - Successfully registered JMX Bean with object name Ratis:service=RaftServer,group=group-548F0586065B,id=ea0eae10-41b3-4db6-9afe-6a980641cba9
2021-05-22 19:12:22,896 [pool-86-thread-1] INFO  metrics.RatisMetrics (RatisMetrics.java:lambda$create$0(36)) - Creating Metrics Registry : ratis.state_machine.ea0eae10-41b3-4db6-9afe-6a980641cba9@group-548F0586065B
2021-05-22 19:12:22,902 [Command processor thread] INFO  ratis.XceiverServerRatis (XceiverServerRatis.java:addGroup(808)) - Created group PipelineID=ec650cfc-7280-4cb7-a628-548f0586065b
2021-05-22 19:12:22,902 [EventQueue-OpenPipelineForHealthyPipelineSafeModeRule] INFO  safemode.SCMSafeModeManager (HealthyPipelineSafeModeRule.java:process(130)) - SCM in safe mode. Healthy pipelines reported count is 0, required healthy pipeline reported count is 1
2021-05-22 19:12:22,909 [EventQueue-OpenPipelineForHealthyPipelineSafeModeRule] INFO  safemode.SCMSafeModeManager (HealthyPipelineSafeModeRule.java:process(130)) - SCM in safe mode. Healthy pipelines reported count is 0, required healthy pipeline reported count is 1
2021-05-22 19:12:22,913 [EventQueue-PipelineReportForOneReplicaPipelineSafeModeRule] INFO  safemode.SCMSafeModeManager (SCMSafeModeManager.java:validateSafeModeExitRules(201)) - AtleastOneDatanodeReportedRule rule is successfully validated
2021-05-22 19:12:22,946 [Command processor thread] INFO  metrics.RatisMetrics (RatisMetrics.java:lambda$create$0(36)) - Creating Metrics Registry : ratis.client_message_metrics.client-E235E1D8EB3B->77d60ed4-b7ae-47d8-b664-0086abc1b028
2021-05-22 19:12:22,998 [grpc-default-executor-2] INFO  metrics.RatisMetrics (RatisMetrics.java:lambda$create$0(36)) - Creating Metrics Registry : ratis.server_message_metrics.77d60ed4-b7ae-47d8-b664-0086abc1b028
2021-05-22 19:12:23,004 [grpc-default-executor-2] INFO  server.RaftServer (RaftServerProxy.java:addNew(95)) - 77d60ed4-b7ae-47d8-b664-0086abc1b028: addNew group-548F0586065B:[ea0eae10-41b3-4db6-9afe-6a980641cba9|rpc:127.0.0.1:38377|dataStream:|priority:0, 77d60ed4-b7ae-47d8-b664-0086abc1b028|rpc:127.0.0.1:42583|dataStream:|priority:0, 37ad4b1d-96aa-49b2-b7c2-5ba74b6ff263|rpc:127.0.0.1:40699|dataStream:|priority:1] returns group-548F0586065B:java.util.concurrent.CompletableFuture@d5eb1b0[Not completed]
2021-05-22 19:12:23,013 [pool-103-thread-1] INFO  server.RaftServer$Division (RaftServerImpl.java:<init>(180)) - 77d60ed4-b7ae-47d8-b664-0086abc1b028: new RaftServerImpl for group-548F0586065B:[ea0eae10-41b3-4db6-9afe-6a980641cba9|rpc:127.0.0.1:38377|dataStream:|priority:0, 77d60ed4-b7ae-47d8-b664-0086abc1b028|rpc:127.0.0.1:42583|dataStream:|priority:0, 37ad4b1d-96aa-49b2-b7c2-5ba74b6ff263|rpc:127.0.0.1:40699|dataStream:|priority:1] with ContainerStateMachine:uninitialized
2021-05-22 19:12:23,015 [pool-103-thread-1] INFO  server.RaftServerConfigKeys (ConfUtils.java:logGet(44)) - raft.server.rpc.timeout.min = 5s (custom)
2021-05-22 19:12:23,015 [pool-103-thread-1] INFO  server.RaftServerConfigKeys (ConfUtils.java:logGet(44)) - raft.server.rpc.timeout.max = 5200ms (custom)
2021-05-22 19:12:23,015 [pool-103-thread-1] INFO  server.RaftServerConfigKeys (ConfUtils.java:logGet(44)) - raft.server.rpc.sleep.time = 25ms (default)
2021-05-22 19:12:23,015 [pool-103-thread-1] INFO  server.RaftServerConfigKeys (ConfUtils.java:logGet(44)) - raft.server.rpc.slowness.timeout = 300s (custom)
2021-05-22 19:12:23,015 [pool-103-thread-1] INFO  server.RaftServerConfigKeys (ConfUtils.java:logGet(44)) - raft.server.leaderelection.leader.step-down.wait-time = 10s (default)
2021-05-22 19:12:23,016 [pool-103-thread-1] INFO  server.RaftServerConfigKeys (ConfUtils.java:logGet(44)) - raft.server.sleep.deviation.threshold = 300ms (default)
2021-05-22 19:12:23,016 [pool-103-thread-1] INFO  server.RaftServerConfigKeys (ConfUtils.java:logGet(44)) - raft.server.log.appender.install.snapshot.enabled = false (custom)
2021-05-22 19:12:23,016 [pool-103-thread-1] INFO  server.RaftServer$Division (ServerState.java:<init>(105)) - 77d60ed4-b7ae-47d8-b664-0086abc1b028@group-548F0586065B: ConfigurationManager, init=-1: [ea0eae10-41b3-4db6-9afe-6a980641cba9|rpc:127.0.0.1:38377|dataStream:|priority:0, 77d60ed4-b7ae-47d8-b664-0086abc1b028|rpc:127.0.0.1:42583|dataStream:|priority:0, 37ad4b1d-96aa-49b2-b7c2-5ba74b6ff263|rpc:127.0.0.1:40699|dataStream:|priority:1], old=null, confs=<EMPTY_MAP>
2021-05-22 19:12:23,016 [pool-103-thread-1] INFO  server.RaftServerConfigKeys (ConfUtils.java:logGet(44)) - raft.server.storage.dir = [/github/workspace/mnt/ozone/hadoop-ozone/integration-test/target/test-dir/MiniOzoneClusterImpl-5713c1a7-fb90-4566-9593-6537b218274a/datanode-1/data/ratis] (custom)
2021-05-22 19:12:23,016 [pool-103-thread-1] INFO  server.RaftServerConfigKeys (ConfUtils.java:logGet(44)) - raft.server.log.corruption.policy = EXCEPTION (default)
2021-05-22 19:12:23,016 [pool-103-thread-1] INFO  storage.RaftStorageDirectory (RaftStorageDirectoryImpl.java:analyzeStorage(132)) - The storage directory /github/workspace/mnt/ozone/hadoop-ozone/integration-test/target/test-dir/MiniOzoneClusterImpl-5713c1a7-fb90-4566-9593-6537b218274a/datanode-1/data/ratis/ec650cfc-7280-4cb7-a628-548f0586065b does not exist. Creating ...
2021-05-22 19:12:23,018 [pool-103-thread-1] INFO  storage.RaftStorageDirectory (RaftStorageDirectoryImpl.java:tryLock(215)) - Lock on /github/workspace/mnt/ozone/hadoop-ozone/integration-test/target/test-dir/MiniOzoneClusterImpl-5713c1a7-fb90-4566-9593-6537b218274a/datanode-1/data/ratis/ec650cfc-7280-4cb7-a628-548f0586065b/in_use.lock acquired by nodename 10976@a9243b6273c1
2021-05-22 19:12:23,019 [pool-103-thread-1] INFO  storage.RaftStorage (RaftStorageImpl.java:format(87)) - Storage directory /github/workspace/mnt/ozone/hadoop-ozone/integration-test/target/test-dir/MiniOzoneClusterImpl-5713c1a7-fb90-4566-9593-6537b218274a/datanode-1/data/ratis/ec650cfc-7280-4cb7-a628-548f0586065b has been successfully formatted.
2021-05-22 19:12:23,020 [pool-103-thread-1] INFO  ratis.ContainerStateMachine (ContainerStateMachine.java:loadSnapshot(224)) - group-548F0586065B: The snapshot info is null. Setting the last applied indexto:(t:0, i:~)
2021-05-22 19:12:23,030 [EventQueue-PipelineReportForOneReplicaPipelineSafeModeRule] INFO  safemode.SCMSafeModeManager (SCMSafeModeManager.java:validateSafeModeExitRules(201)) - AtleastOneDatanodeReportedRule rule is successfully validated
2021-05-22 19:12:23,030 [EventQueue-PipelineReportForOneReplicaPipelineSafeModeRule] INFO  safemode.SCMSafeModeManager (SCMSafeModeManager.java:validateSafeModeExitRules(201)) - AtleastOneDatanodeReportedRule rule is successfully validated
2021-05-22 19:12:23,033 [pool-103-thread-1] INFO  server.RaftServerConfigKeys (ConfUtils.java:logGet(44)) - raft.server.notification.no-leader.timeout = 300s (custom)
2021-05-22 19:12:23,033 [pool-103-thread-1] INFO  server.RaftServerConfigKeys (ConfUtils.java:logGet(44)) - raft.server.log.use.memory = false (default)
2021-05-22 19:12:23,033 [pool-103-thread-1] INFO  server.RaftServerConfigKeys (ConfUtils.java:logGet(44)) - raft.server.log.purge.gap = 1000000 (custom)
2021-05-22 19:12:23,033 [pool-103-thread-1] INFO  server.RaftServerConfigKeys (ConfUtils.java:logGet(44)) - raft.server.log.appender.buffer.byte-limit = 33554432 (custom)
2021-05-22 19:12:23,033 [pool-103-thread-1] INFO  metrics.RatisMetrics (RatisMetrics.java:lambda$create$0(36)) - Creating Metrics Registry : ratis.log_worker.77d60ed4-b7ae-47d8-b664-0086abc1b028@group-548F0586065B
2021-05-22 19:12:23,034 [pool-103-thread-1] INFO  server.RaftServerConfigKeys (ConfUtils.java:logGet(44)) - raft.server.log.segment.size.max = 1048576 (custom)
2021-05-22 19:12:23,034 [pool-103-thread-1] INFO  server.RaftServerConfigKeys (ConfUtils.java:logGet(44)) - raft.server.log.segment.cache.num.max = 2 (custom)
2021-05-22 19:12:23,034 [pool-103-thread-1] INFO  server.RaftServerConfigKeys (ConfUtils.java:logGet(44)) - raft.server.log.segment.cache.size.max = 200MB (=209715200) (default)
2021-05-22 19:12:23,035 [pool-103-thread-1] INFO  segmented.SegmentedRaftLogWorker (SegmentedRaftLogWorker.java:<init>(182)) - new 77d60ed4-b7ae-47d8-b664-0086abc1b028@group-548F0586065B-SegmentedRaftLogWorker for RaftStorageImpl:Storage Directory /github/workspace/mnt/ozone/hadoop-ozone/integration-test/target/test-dir/MiniOzoneClusterImpl-5713c1a7-fb90-4566-9593-6537b218274a/datanode-1/data/ratis/ec650cfc-7280-4cb7-a628-548f0586065b
2021-05-22 19:12:23,035 [pool-103-thread-1] INFO  server.RaftServerConfigKeys (ConfUtils.java:logGet(44)) - raft.server.log.queue.byte-limit = 2147483647 (custom)
2021-05-22 19:12:23,035 [pool-103-thread-1] INFO  server.RaftServerConfigKeys (ConfUtils.java:logGet(44)) - raft.server.log.queue.element-limit = 1024 (custom)
2021-05-22 19:12:23,035 [pool-103-thread-1] INFO  server.RaftServerConfigKeys (ConfUtils.java:logGet(44)) - raft.server.log.segment.size.max = 1048576 (custom)
2021-05-22 19:12:23,035 [pool-103-thread-1] INFO  server.RaftServerConfigKeys (ConfUtils.java:logGet(44)) - raft.server.log.preallocated.size = 16384 (custom)
2021-05-22 19:12:23,035 [pool-103-thread-1] INFO  server.RaftServerConfigKeys (ConfUtils.java:logGet(44)) - raft.server.log.force.sync.num = 128 (default)
2021-05-22 19:12:23,035 [pool-103-thread-1] INFO  server.RaftServerConfigKeys (ConfUtils.java:logGet(44)) - raft.server.log.statemachine.data.sync = true (default)
2021-05-22 19:12:23,035 [pool-103-thread-1] INFO  server.RaftServerConfigKeys (ConfUtils.java:logGet(44)) - raft.server.log.statemachine.data.sync.timeout = 10s (default)
2021-05-22 19:12:23,035 [pool-103-thread-1] INFO  server.RaftServerConfigKeys (ConfUtils.java:logGet(44)) - raft.server.log.statemachine.data.sync.timeout.retry = -1 (default)
2021-05-22 19:12:23,040 [pool-103-thread-1] INFO  server.RaftServerConfigKeys (ConfUtils.java:logGet(44)) - raft.server.log.write.buffer.size = 1048576 (custom)
2021-05-22 19:12:23,041 [pool-103-thread-1] INFO  server.RaftServerConfigKeys (ConfUtils.java:logGet(44)) - raft.server.log.statemachine.data.caching.enabled = true (custom)
2021-05-22 19:12:23,041 [pool-103-thread-1] INFO  segmented.SegmentedRaftLogWorker (SegmentedRaftLogWorker.java:lambda$new$0(133)) - 77d60ed4-b7ae-47d8-b664-0086abc1b028@group-548F0586065B-SegmentedRaftLogWorker: flushIndex: setUnconditionally 0 -> -1
2021-05-22 19:12:23,041 [pool-103-thread-1] INFO  segmented.SegmentedRaftLogWorker (SegmentedRaftLogWorker.java:lambda$new$0(133)) - 77d60ed4-b7ae-47d8-b664-0086abc1b028@group-548F0586065B-SegmentedRaftLogWorker: safeCacheEvictIndex: setUnconditionally 0 -> -1
2021-05-22 19:12:23,041 [pool-103-thread-1] INFO  server.RaftServerConfigKeys (ConfUtils.java:logGet(44)) - raft.server.snapshot.auto.trigger.enabled = true (custom)
2021-05-22 19:12:23,041 [pool-103-thread-1] INFO  server.RaftServerConfigKeys (ConfUtils.java:logGet(44)) - raft.server.snapshot.auto.trigger.threshold = 10000 (custom)
2021-05-22 19:12:23,042 [pool-103-thread-1] INFO  server.RaftServerConfigKeys (ConfUtils.java:logGet(44)) - raft.server.snapshot.retention.file.num = 5 (custom)
2021-05-22 19:12:23,042 [pool-103-thread-1] INFO  server.RaftServerConfigKeys (ConfUtils.java:logGet(44)) - raft.server.log.purge.upto.snapshot.index = false (default)
2021-05-22 19:12:23,042 [pool-103-thread-1] INFO  server.RaftServerConfigKeys (ConfUtils.java:logGet(44)) - raft.server.retrycache.expirytime = 600000ms (custom)
2021-05-22 19:12:23,042 [pool-103-thread-1] INFO  server.RaftServerConfigKeys (ConfUtils.java:logGet(44)) - raft.server.retrycache.statistics.expirytime = 100?s (default)
2021-05-22 19:12:23,042 [pool-103-thread-1] INFO  metrics.RatisMetrics (RatisMetrics.java:lambda$create$0(36)) - Creating Metrics Registry : ratis.leader_election.77d60ed4-b7ae-47d8-b664-0086abc1b028@group-548F0586065B
2021-05-22 19:12:23,043 [pool-103-thread-1] INFO  metrics.RatisMetrics (RatisMetrics.java:lambda$create$0(36)) - Creating Metrics Registry : ratis.server.77d60ed4-b7ae-47d8-b664-0086abc1b028@group-548F0586065B
2021-05-22 19:12:23,045 [pool-103-thread-1] INFO  server.RaftServer$Division (RaftServerImpl.java:start(295)) - 77d60ed4-b7ae-47d8-b664-0086abc1b028@group-548F0586065B: start as a follower, conf=-1: [ea0eae10-41b3-4db6-9afe-6a980641cba9|rpc:127.0.0.1:38377|dataStream:|priority:0, 77d60ed4-b7ae-47d8-b664-0086abc1b028|rpc:127.0.0.1:42583|dataStream:|priority:0, 37ad4b1d-96aa-49b2-b7c2-5ba74b6ff263|rpc:127.0.0.1:40699|dataStream:|priority:1], old=null
2021-05-22 19:12:23,045 [pool-103-thread-1] INFO  server.RaftServer$Division (RaftServerImpl.java:setRole(284)) - 77d60ed4-b7ae-47d8-b664-0086abc1b028@group-548F0586065B: changes role from      null to FOLLOWER at term 0 for startAsFollower
2021-05-22 19:12:23,045 [pool-103-thread-1] INFO  impl.RoleInfo (RoleInfo.java:updateAndGet(130)) - 77d60ed4-b7ae-47d8-b664-0086abc1b028: start 77d60ed4-b7ae-47d8-b664-0086abc1b028@group-548F0586065B-FollowerState
2021-05-22 19:12:23,046 [pool-103-thread-1] INFO  util.JmxRegister (JmxRegister.java:tryRegister(44)) - Successfully registered JMX Bean with object name Ratis:service=RaftServer,group=group-548F0586065B,id=77d60ed4-b7ae-47d8-b664-0086abc1b028
2021-05-22 19:12:23,046 [pool-103-thread-1] INFO  metrics.RatisMetrics (RatisMetrics.java:lambda$create$0(36)) - Creating Metrics Registry : ratis.state_machine.77d60ed4-b7ae-47d8-b664-0086abc1b028@group-548F0586065B
2021-05-22 19:12:23,081 [Command processor thread] INFO  metrics.RatisMetrics (RatisMetrics.java:lambda$create$0(36)) - Creating Metrics Registry : ratis.client_message_metrics.client-48BBD03C7644->37ad4b1d-96aa-49b2-b7c2-5ba74b6ff263
2021-05-22 19:12:23,094 [grpc-default-executor-2] INFO  metrics.RatisMetrics (RatisMetrics.java:lambda$create$0(36)) - Creating Metrics Registry : ratis.server_message_metrics.37ad4b1d-96aa-49b2-b7c2-5ba74b6ff263
2021-05-22 19:12:23,098 [grpc-default-executor-2] INFO  server.RaftServer (RaftServerProxy.java:addNew(95)) - 37ad4b1d-96aa-49b2-b7c2-5ba74b6ff263: addNew group-548F0586065B:[ea0eae10-41b3-4db6-9afe-6a980641cba9|rpc:127.0.0.1:38377|dataStream:|priority:0, 77d60ed4-b7ae-47d8-b664-0086abc1b028|rpc:127.0.0.1:42583|dataStream:|priority:0, 37ad4b1d-96aa-49b2-b7c2-5ba74b6ff263|rpc:127.0.0.1:40699|dataStream:|priority:1] returns group-548F0586065B:java.util.concurrent.CompletableFuture@7c4a3447[Not completed]
2021-05-22 19:12:23,115 [pool-126-thread-1] INFO  server.RaftServer$Division (RaftServerImpl.java:<init>(180)) - 37ad4b1d-96aa-49b2-b7c2-5ba74b6ff263: new RaftServerImpl for group-548F0586065B:[ea0eae10-41b3-4db6-9afe-6a980641cba9|rpc:127.0.0.1:38377|dataStream:|priority:0, 77d60ed4-b7ae-47d8-b664-0086abc1b028|rpc:127.0.0.1:42583|dataStream:|priority:0, 37ad4b1d-96aa-49b2-b7c2-5ba74b6ff263|rpc:127.0.0.1:40699|dataStream:|priority:1] with ContainerStateMachine:uninitialized
2021-05-22 19:12:23,117 [pool-126-thread-1] INFO  server.RaftServerConfigKeys (ConfUtils.java:logGet(44)) - raft.server.rpc.timeout.min = 5s (custom)
2021-05-22 19:12:23,117 [pool-126-thread-1] INFO  server.RaftServerConfigKeys (ConfUtils.java:logGet(44)) - raft.server.rpc.timeout.max = 5200ms (custom)
2021-05-22 19:12:23,117 [pool-126-thread-1] INFO  server.RaftServerConfigKeys (ConfUtils.java:logGet(44)) - raft.server.rpc.sleep.time = 25ms (default)
2021-05-22 19:12:23,117 [pool-126-thread-1] INFO  server.RaftServerConfigKeys (ConfUtils.java:logGet(44)) - raft.server.rpc.slowness.timeout = 300s (custom)
2021-05-22 19:12:23,117 [pool-126-thread-1] INFO  server.RaftServerConfigKeys (ConfUtils.java:logGet(44)) - raft.server.leaderelection.leader.step-down.wait-time = 10s (default)
2021-05-22 19:12:23,117 [pool-126-thread-1] INFO  server.RaftServerConfigKeys (ConfUtils.java:logGet(44)) - raft.server.sleep.deviation.threshold = 300ms (default)
2021-05-22 19:12:23,117 [pool-126-thread-1] INFO  server.RaftServerConfigKeys (ConfUtils.java:logGet(44)) - raft.server.log.appender.install.snapshot.enabled = false (custom)
2021-05-22 19:12:23,117 [pool-126-thread-1] INFO  server.RaftServer$Division (ServerState.java:<init>(105)) - 37ad4b1d-96aa-49b2-b7c2-5ba74b6ff263@group-548F0586065B: ConfigurationManager, init=-1: [ea0eae10-41b3-4db6-9afe-6a980641cba9|rpc:127.0.0.1:38377|dataStream:|priority:0, 77d60ed4-b7ae-47d8-b664-0086abc1b028|rpc:127.0.0.1:42583|dataStream:|priority:0, 37ad4b1d-96aa-49b2-b7c2-5ba74b6ff263|rpc:127.0.0.1:40699|dataStream:|priority:1], old=null, confs=<EMPTY_MAP>
2021-05-22 19:12:23,117 [pool-126-thread-1] INFO  server.RaftServerConfigKeys (ConfUtils.java:logGet(44)) - raft.server.storage.dir = [/github/workspace/mnt/ozone/hadoop-ozone/integration-test/target/test-dir/MiniOzoneClusterImpl-5713c1a7-fb90-4566-9593-6537b218274a/datanode-2/data/ratis] (custom)
2021-05-22 19:12:23,118 [pool-126-thread-1] INFO  server.RaftServerConfigKeys (ConfUtils.java:logGet(44)) - raft.server.log.corruption.policy = EXCEPTION (default)
2021-05-22 19:12:23,118 [pool-126-thread-1] INFO  storage.RaftStorageDirectory (RaftStorageDirectoryImpl.java:analyzeStorage(132)) - The storage directory /github/workspace/mnt/ozone/hadoop-ozone/integration-test/target/test-dir/MiniOzoneClusterImpl-5713c1a7-fb90-4566-9593-6537b218274a/datanode-2/data/ratis/ec650cfc-7280-4cb7-a628-548f0586065b does not exist. Creating ...
2021-05-22 19:12:23,119 [pool-126-thread-1] INFO  storage.RaftStorageDirectory (RaftStorageDirectoryImpl.java:tryLock(215)) - Lock on /github/workspace/mnt/ozone/hadoop-ozone/integration-test/target/test-dir/MiniOzoneClusterImpl-5713c1a7-fb90-4566-9593-6537b218274a/datanode-2/data/ratis/ec650cfc-7280-4cb7-a628-548f0586065b/in_use.lock acquired by nodename 10976@a9243b6273c1
2021-05-22 19:12:23,121 [pool-126-thread-1] INFO  storage.RaftStorage (RaftStorageImpl.java:format(87)) - Storage directory /github/workspace/mnt/ozone/hadoop-ozone/integration-test/target/test-dir/MiniOzoneClusterImpl-5713c1a7-fb90-4566-9593-6537b218274a/datanode-2/data/ratis/ec650cfc-7280-4cb7-a628-548f0586065b has been successfully formatted.
2021-05-22 19:12:23,121 [pool-126-thread-1] INFO  ratis.ContainerStateMachine (ContainerStateMachine.java:loadSnapshot(224)) - group-548F0586065B: The snapshot info is null. Setting the last applied indexto:(t:0, i:~)
2021-05-22 19:12:23,121 [pool-126-thread-1] INFO  server.RaftServerConfigKeys (ConfUtils.java:logGet(44)) - raft.server.notification.no-leader.timeout = 300s (custom)
2021-05-22 19:12:23,122 [pool-126-thread-1] INFO  server.RaftServerConfigKeys (ConfUtils.java:logGet(44)) - raft.server.log.use.memory = false (default)
2021-05-22 19:12:23,122 [pool-126-thread-1] INFO  server.RaftServerConfigKeys (ConfUtils.java:logGet(44)) - raft.server.log.purge.gap = 1000000 (custom)
2021-05-22 19:12:23,122 [pool-126-thread-1] INFO  server.RaftServerConfigKeys (ConfUtils.java:logGet(44)) - raft.server.log.appender.buffer.byte-limit = 33554432 (custom)
2021-05-22 19:12:23,122 [pool-126-thread-1] INFO  metrics.RatisMetrics (RatisMetrics.java:lambda$create$0(36)) - Creating Metrics Registry : ratis.log_worker.37ad4b1d-96aa-49b2-b7c2-5ba74b6ff263@group-548F0586065B
2021-05-22 19:12:23,123 [pool-126-thread-1] INFO  server.RaftServerConfigKeys (ConfUtils.java:logGet(44)) - raft.server.log.segment.size.max = 1048576 (custom)
2021-05-22 19:12:23,123 [pool-126-thread-1] INFO  server.RaftServerConfigKeys (ConfUtils.java:logGet(44)) - raft.server.log.segment.cache.num.max = 2 (custom)
2021-05-22 19:12:23,123 [pool-126-thread-1] INFO  server.RaftServerConfigKeys (ConfUtils.java:logGet(44)) - raft.server.log.segment.cache.size.max = 200MB (=209715200) (default)
2021-05-22 19:12:23,123 [pool-126-thread-1] INFO  segmented.SegmentedRaftLogWorker (SegmentedRaftLogWorker.java:<init>(182)) - new 37ad4b1d-96aa-49b2-b7c2-5ba74b6ff263@group-548F0586065B-SegmentedRaftLogWorker for RaftStorageImpl:Storage Directory /github/workspace/mnt/ozone/hadoop-ozone/integration-test/target/test-dir/MiniOzoneClusterImpl-5713c1a7-fb90-4566-9593-6537b218274a/datanode-2/data/ratis/ec650cfc-7280-4cb7-a628-548f0586065b
2021-05-22 19:12:23,124 [pool-126-thread-1] INFO  server.RaftServerConfigKeys (ConfUtils.java:logGet(44)) - raft.server.log.queue.byte-limit = 2147483647 (custom)
2021-05-22 19:12:23,124 [pool-126-thread-1] INFO  server.RaftServerConfigKeys (ConfUtils.java:logGet(44)) - raft.server.log.queue.element-limit = 1024 (custom)
2021-05-22 19:12:23,124 [pool-126-thread-1] INFO  server.RaftServerConfigKeys (ConfUtils.java:logGet(44)) - raft.server.log.segment.size.max = 1048576 (custom)
2021-05-22 19:12:23,124 [pool-126-thread-1] INFO  server.RaftServerConfigKeys (ConfUtils.java:logGet(44)) - raft.server.log.preallocated.size = 16384 (custom)
2021-05-22 19:12:23,124 [pool-126-thread-1] INFO  server.RaftServerConfigKeys (ConfUtils.java:logGet(44)) - raft.server.log.force.sync.num = 128 (default)
2021-05-22 19:12:23,124 [pool-126-thread-1] INFO  server.RaftServerConfigKeys (ConfUtils.java:logGet(44)) - raft.server.log.statemachine.data.sync = true (default)
2021-05-22 19:12:23,124 [pool-126-thread-1] INFO  server.RaftServerConfigKeys (ConfUtils.java:logGet(44)) - raft.server.log.statemachine.data.sync.timeout = 10s (default)
2021-05-22 19:12:23,124 [pool-126-thread-1] INFO  server.RaftServerConfigKeys (ConfUtils.java:logGet(44)) - raft.server.log.statemachine.data.sync.timeout.retry = -1 (default)
2021-05-22 19:12:23,125 [pool-126-thread-1] INFO  server.RaftServerConfigKeys (ConfUtils.java:logGet(44)) - raft.server.log.write.buffer.size = 1048576 (custom)
2021-05-22 19:12:23,126 [pool-126-thread-1] INFO  server.RaftServerConfigKeys (ConfUtils.java:logGet(44)) - raft.server.log.statemachine.data.caching.enabled = true (custom)
2021-05-22 19:12:23,127 [pool-126-thread-1] INFO  segmented.SegmentedRaftLogWorker (SegmentedRaftLogWorker.java:lambda$new$0(133)) - 37ad4b1d-96aa-49b2-b7c2-5ba74b6ff263@group-548F0586065B-SegmentedRaftLogWorker: flushIndex: setUnconditionally 0 -> -1
2021-05-22 19:12:23,127 [pool-126-thread-1] INFO  segmented.SegmentedRaftLogWorker (SegmentedRaftLogWorker.java:lambda$new$0(133)) - 37ad4b1d-96aa-49b2-b7c2-5ba74b6ff263@group-548F0586065B-SegmentedRaftLogWorker: safeCacheEvictIndex: setUnconditionally 0 -> -1
2021-05-22 19:12:23,128 [pool-126-thread-1] INFO  server.RaftServerConfigKeys (ConfUtils.java:logGet(44)) - raft.server.snapshot.auto.trigger.enabled = true (custom)
2021-05-22 19:12:23,128 [pool-126-thread-1] INFO  server.RaftServerConfigKeys (ConfUtils.java:logGet(44)) - raft.server.snapshot.auto.trigger.threshold = 10000 (custom)
2021-05-22 19:12:23,128 [pool-126-thread-1] INFO  server.RaftServerConfigKeys (ConfUtils.java:logGet(44)) - raft.server.snapshot.retention.file.num = 5 (custom)
2021-05-22 19:12:23,128 [pool-126-thread-1] INFO  server.RaftServerConfigKeys (ConfUtils.java:logGet(44)) - raft.server.log.purge.upto.snapshot.index = false (default)
2021-05-22 19:12:23,135 [pool-126-thread-1] INFO  server.RaftServerConfigKeys (ConfUtils.java:logGet(44)) - raft.server.retrycache.expirytime = 600000ms (custom)
2021-05-22 19:12:23,135 [pool-126-thread-1] INFO  server.RaftServerConfigKeys (ConfUtils.java:logGet(44)) - raft.server.retrycache.statistics.expirytime = 100?s (default)
2021-05-22 19:12:23,135 [pool-126-thread-1] INFO  metrics.RatisMetrics (RatisMetrics.java:lambda$create$0(36)) - Creating Metrics Registry : ratis.leader_election.37ad4b1d-96aa-49b2-b7c2-5ba74b6ff263@group-548F0586065B
2021-05-22 19:12:23,135 [pool-126-thread-1] INFO  metrics.RatisMetrics (RatisMetrics.java:lambda$create$0(36)) - Creating Metrics Registry : ratis.server.37ad4b1d-96aa-49b2-b7c2-5ba74b6ff263@group-548F0586065B
2021-05-22 19:12:23,140 [EventQueue-PipelineReportForOneReplicaPipelineSafeModeRule] INFO  safemode.SCMSafeModeManager (SCMSafeModeManager.java:validateSafeModeExitRules(201)) - AtleastOneDatanodeReportedRule rule is successfully validated
2021-05-22 19:12:23,140 [EventQueue-PipelineReportForOneReplicaPipelineSafeModeRule] INFO  safemode.SCMSafeModeManager (SCMSafeModeManager.java:validateSafeModeExitRules(201)) - AtleastOneDatanodeReportedRule rule is successfully validated
2021-05-22 19:12:23,141 [pool-126-thread-1] INFO  server.RaftServer$Division (RaftServerImpl.java:start(295)) - 37ad4b1d-96aa-49b2-b7c2-5ba74b6ff263@group-548F0586065B: start as a follower, conf=-1: [ea0eae10-41b3-4db6-9afe-6a980641cba9|rpc:127.0.0.1:38377|dataStream:|priority:0, 77d60ed4-b7ae-47d8-b664-0086abc1b028|rpc:127.0.0.1:42583|dataStream:|priority:0, 37ad4b1d-96aa-49b2-b7c2-5ba74b6ff263|rpc:127.0.0.1:40699|dataStream:|priority:1], old=null
2021-05-22 19:12:23,141 [pool-126-thread-1] INFO  server.RaftServer$Division (RaftServerImpl.java:setRole(284)) - 37ad4b1d-96aa-49b2-b7c2-5ba74b6ff263@group-548F0586065B: changes role from      null to FOLLOWER at term 0 for startAsFollower
2021-05-22 19:12:23,141 [pool-126-thread-1] INFO  impl.RoleInfo (RoleInfo.java:updateAndGet(130)) - 37ad4b1d-96aa-49b2-b7c2-5ba74b6ff263: start 37ad4b1d-96aa-49b2-b7c2-5ba74b6ff263@group-548F0586065B-FollowerState
2021-05-22 19:12:23,142 [pool-126-thread-1] INFO  util.JmxRegister (JmxRegister.java:tryRegister(44)) - Successfully registered JMX Bean with object name Ratis:service=RaftServer,group=group-548F0586065B,id=37ad4b1d-96aa-49b2-b7c2-5ba74b6ff263
2021-05-22 19:12:23,142 [pool-126-thread-1] INFO  metrics.RatisMetrics (RatisMetrics.java:lambda$create$0(36)) - Creating Metrics Registry : ratis.state_machine.37ad4b1d-96aa-49b2-b7c2-5ba74b6ff263@group-548F0586065B
2021-05-22 19:12:23,149 [Command processor thread] INFO  commandhandler.CreatePipelineCommandHandler (CreatePipelineCommandHandler.java:handle(106)) - Created Pipeline RATIS THREE PipelineID=ec650cfc-7280-4cb7-a628-548f0586065b.
2021-05-22 19:12:23,150 [Command processor thread] INFO  server.RaftServer (RaftServerProxy.java:addNew(95)) - ea0eae10-41b3-4db6-9afe-6a980641cba9: addNew group-CEE3C7E3D797:[ea0eae10-41b3-4db6-9afe-6a980641cba9|rpc:127.0.0.1:38377|priority:1, 77d60ed4-b7ae-47d8-b664-0086abc1b028|rpc:127.0.0.1:42583|priority:0, 37ad4b1d-96aa-49b2-b7c2-5ba74b6ff263|rpc:127.0.0.1:40699|priority:0] returns group-CEE3C7E3D797:java.util.concurrent.CompletableFuture@43969713[Not completed]
2021-05-22 19:12:23,150 [Command processor thread] INFO  server.RaftServer (RaftServerProxy.java:addNew(95)) - 77d60ed4-b7ae-47d8-b664-0086abc1b028: addNew group-2B2C58C028BE:[77d60ed4-b7ae-47d8-b664-0086abc1b028|rpc:127.0.0.1:42583|priority:1] returns group-2B2C58C028BE:java.util.concurrent.CompletableFuture@773885bc[Not completed]
2021-05-22 19:12:23,151 [pool-86-thread-1] INFO  server.RaftServer$Division (RaftServerImpl.java:<init>(180)) - ea0eae10-41b3-4db6-9afe-6a980641cba9: new RaftServerImpl for group-CEE3C7E3D797:[ea0eae10-41b3-4db6-9afe-6a980641cba9|rpc:127.0.0.1:38377|priority:1, 77d60ed4-b7ae-47d8-b664-0086abc1b028|rpc:127.0.0.1:42583|priority:0, 37ad4b1d-96aa-49b2-b7c2-5ba74b6ff263|rpc:127.0.0.1:40699|priority:0] with ContainerStateMachine:uninitialized
2021-05-22 19:12:23,151 [pool-86-thread-1] INFO  server.RaftServerConfigKeys (ConfUtils.java:logGet(44)) - raft.server.rpc.timeout.min = 5s (custom)
2021-05-22 19:12:23,151 [pool-86-thread-1] INFO  server.RaftServerConfigKeys (ConfUtils.java:logGet(44)) - raft.server.rpc.timeout.max = 5200ms (custom)
2021-05-22 19:12:23,152 [pool-86-thread-1] INFO  server.RaftServerConfigKeys (ConfUtils.java:logGet(44)) - raft.server.rpc.sleep.time = 25ms (default)
2021-05-22 19:12:23,152 [pool-86-thread-1] INFO  server.RaftServerConfigKeys (ConfUtils.java:logGet(44)) - raft.server.rpc.slowness.timeout = 300s (custom)
2021-05-22 19:12:23,152 [pool-103-thread-1] INFO  server.RaftServer$Division (RaftServerImpl.java:<init>(180)) - 77d60ed4-b7ae-47d8-b664-0086abc1b028: new RaftServerImpl for group-2B2C58C028BE:[77d60ed4-b7ae-47d8-b664-0086abc1b028|rpc:127.0.0.1:42583|priority:1] with ContainerStateMachine:uninitialized
2021-05-22 19:12:23,152 [pool-103-thread-1] INFO  server.RaftServerConfigKeys (ConfUtils.java:logGet(44)) - raft.server.rpc.timeout.min = 5s (custom)
2021-05-22 19:12:23,152 [pool-103-thread-1] INFO  server.RaftServerConfigKeys (ConfUtils.java:logGet(44)) - raft.server.rpc.timeout.max = 5200ms (custom)
2021-05-22 19:12:23,152 [pool-103-thread-1] INFO  server.RaftServerConfigKeys (ConfUtils.java:logGet(44)) - raft.server.rpc.sleep.time = 25ms (default)
2021-05-22 19:12:23,152 [pool-103-thread-1] INFO  server.RaftServerConfigKeys (ConfUtils.java:logGet(44)) - raft.server.rpc.slowness.timeout = 300s (custom)
2021-05-22 19:12:23,152 [pool-103-thread-1] INFO  server.RaftServerConfigKeys (ConfUtils.java:logGet(44)) - raft.server.leaderelection.leader.step-down.wait-time = 10s (default)
2021-05-22 19:12:23,152 [pool-103-thread-1] INFO  server.RaftServerConfigKeys (ConfUtils.java:logGet(44)) - raft.server.sleep.deviation.threshold = 300ms (default)
2021-05-22 19:12:23,152 [pool-103-thread-1] INFO  server.RaftServerConfigKeys (ConfUtils.java:logGet(44)) - raft.server.log.appender.install.snapshot.enabled = false (custom)
2021-05-22 19:12:23,152 [pool-103-thread-1] INFO  server.RaftServer$Division (ServerState.java:<init>(105)) - 77d60ed4-b7ae-47d8-b664-0086abc1b028@group-2B2C58C028BE: ConfigurationManager, init=-1: [77d60ed4-b7ae-47d8-b664-0086abc1b028|rpc:127.0.0.1:42583|priority:1], old=null, confs=<EMPTY_MAP>
2021-05-22 19:12:23,152 [pool-103-thread-1] INFO  server.RaftServerConfigKeys (ConfUtils.java:logGet(44)) - raft.server.storage.dir = [/github/workspace/mnt/ozone/hadoop-ozone/integration-test/target/test-dir/MiniOzoneClusterImpl-5713c1a7-fb90-4566-9593-6537b218274a/datanode-1/data/ratis] (custom)
2021-05-22 19:12:23,153 [pool-103-thread-1] INFO  server.RaftServerConfigKeys (ConfUtils.java:logGet(44)) - raft.server.log.corruption.policy = EXCEPTION (default)
2021-05-22 19:12:23,153 [pool-103-thread-1] INFO  storage.RaftStorageDirectory (RaftStorageDirectoryImpl.java:analyzeStorage(132)) - The storage directory /github/workspace/mnt/ozone/hadoop-ozone/integration-test/target/test-dir/MiniOzoneClusterImpl-5713c1a7-fb90-4566-9593-6537b218274a/datanode-1/data/ratis/96d8c211-85d2-45da-85db-2b2c58c028be does not exist. Creating ...
2021-05-22 19:12:23,154 [pool-86-thread-1] INFO  server.RaftServerConfigKeys (ConfUtils.java:logGet(44)) - raft.server.leaderelection.leader.step-down.wait-time = 10s (default)
2021-05-22 19:12:23,154 [pool-86-thread-1] INFO  server.RaftServerConfigKeys (ConfUtils.java:logGet(44)) - raft.server.sleep.deviation.threshold = 300ms (default)
2021-05-22 19:12:23,154 [pool-86-thread-1] INFO  server.RaftServerConfigKeys (ConfUtils.java:logGet(44)) - raft.server.log.appender.install.snapshot.enabled = false (custom)
2021-05-22 19:12:23,154 [pool-86-thread-1] INFO  server.RaftServer$Division (ServerState.java:<init>(105)) - ea0eae10-41b3-4db6-9afe-6a980641cba9@group-CEE3C7E3D797: ConfigurationManager, init=-1: [ea0eae10-41b3-4db6-9afe-6a980641cba9|rpc:127.0.0.1:38377|priority:1, 77d60ed4-b7ae-47d8-b664-0086abc1b028|rpc:127.0.0.1:42583|priority:0, 37ad4b1d-96aa-49b2-b7c2-5ba74b6ff263|rpc:127.0.0.1:40699|priority:0], old=null, confs=<EMPTY_MAP>
2021-05-22 19:12:23,154 [pool-103-thread-1] INFO  storage.RaftStorageDirectory (RaftStorageDirectoryImpl.java:tryLock(215)) - Lock on /github/workspace/mnt/ozone/hadoop-ozone/integration-test/target/test-dir/MiniOzoneClusterImpl-5713c1a7-fb90-4566-9593-6537b218274a/datanode-1/data/ratis/96d8c211-85d2-45da-85db-2b2c58c028be/in_use.lock acquired by nodename 10976@a9243b6273c1
2021-05-22 19:12:23,155 [pool-103-thread-1] INFO  storage.RaftStorage (RaftStorageImpl.java:format(87)) - Storage directory /github/workspace/mnt/ozone/hadoop-ozone/integration-test/target/test-dir/MiniOzoneClusterImpl-5713c1a7-fb90-4566-9593-6537b218274a/datanode-1/data/ratis/96d8c211-85d2-45da-85db-2b2c58c028be has been successfully formatted.
2021-05-22 19:12:23,156 [pool-103-thread-1] INFO  ratis.ContainerStateMachine (ContainerStateMachine.java:loadSnapshot(224)) - group-2B2C58C028BE: The snapshot info is null. Setting the last applied indexto:(t:0, i:~)
2021-05-22 19:12:23,157 [pool-103-thread-1] INFO  server.RaftServerConfigKeys (ConfUtils.java:logGet(44)) - raft.server.notification.no-leader.timeout = 300s (custom)
2021-05-22 19:12:23,157 [pool-103-thread-1] INFO  server.RaftServerConfigKeys (ConfUtils.java:logGet(44)) - raft.server.log.use.memory = false (default)
2021-05-22 19:12:23,158 [EventQueue-PipelineReportForPipelineReportHandler] INFO  pipeline.PipelineManagerV2Impl (PipelineManagerV2Impl.java:openPipeline(270)) - Pipeline Pipeline[ Id: 96d8c211-85d2-45da-85db-2b2c58c028be, Nodes: 77d60ed4-b7ae-47d8-b664-0086abc1b028{ip: 127.0.0.1, host: localhost, ports: [REPLICATION=45017, RATIS=42583, RATIS_ADMIN=42583, RATIS_SERVER=42583, STANDALONE=39903], networkLocation: /default-rack, certSerialId: null, persistedOpState: IN_SERVICE, persistedOpStateExpiryEpochSec: 0}, ReplicationConfig: RATIS/ONE, State:ALLOCATED, leaderId:77d60ed4-b7ae-47d8-b664-0086abc1b028, CreationTimestamp2021-05-22T19:12:20.165Z] moved to OPEN state
2021-05-22 19:12:23,154 [pool-86-thread-1] INFO  server.RaftServerConfigKeys (ConfUtils.java:logGet(44)) - raft.server.storage.dir = [/github/workspace/mnt/ozone/hadoop-ozone/integration-test/target/test-dir/MiniOzoneClusterImpl-5713c1a7-fb90-4566-9593-6537b218274a/datanode-0/data/ratis] (custom)
2021-05-22 19:12:23,159 [pool-86-thread-1] INFO  server.RaftServerConfigKeys (ConfUtils.java:logGet(44)) - raft.server.log.corruption.policy = EXCEPTION (default)
2021-05-22 19:12:23,159 [pool-86-thread-1] INFO  storage.RaftStorageDirectory (RaftStorageDirectoryImpl.java:analyzeStorage(132)) - The storage directory /github/workspace/mnt/ozone/hadoop-ozone/integration-test/target/test-dir/MiniOzoneClusterImpl-5713c1a7-fb90-4566-9593-6537b218274a/datanode-0/data/ratis/12abcdc4-f25a-4b3b-81bf-cee3c7e3d797 does not exist. Creating ...
2021-05-22 19:12:23,158 [pool-103-thread-1] INFO  server.RaftServerConfigKeys (ConfUtils.java:logGet(44)) - raft.server.log.purge.gap = 1000000 (custom)
2021-05-22 19:12:23,183 [pool-103-thread-1] INFO  server.RaftServerConfigKeys (ConfUtils.java:logGet(44)) - raft.server.log.appender.buffer.byte-limit = 33554432 (custom)
2021-05-22 19:12:23,184 [pool-103-thread-1] INFO  metrics.RatisMetrics (RatisMetrics.java:lambda$create$0(36)) - Creating Metrics Registry : ratis.log_worker.77d60ed4-b7ae-47d8-b664-0086abc1b028@group-2B2C58C028BE
2021-05-22 19:12:23,184 [pool-103-thread-1] INFO  server.RaftServerConfigKeys (ConfUtils.java:logGet(44)) - raft.server.log.segment.size.max = 1048576 (custom)
2021-05-22 19:12:23,185 [pool-103-thread-1] INFO  server.RaftServerConfigKeys (ConfUtils.java:logGet(44)) - raft.server.log.segment.cache.num.max = 2 (custom)
2021-05-22 19:12:23,185 [pool-103-thread-1] INFO  server.RaftServerConfigKeys (ConfUtils.java:logGet(44)) - raft.server.log.segment.cache.size.max = 200MB (=209715200) (default)
2021-05-22 19:12:23,185 [pool-103-thread-1] INFO  segmented.SegmentedRaftLogWorker (SegmentedRaftLogWorker.java:<init>(182)) - new 77d60ed4-b7ae-47d8-b664-0086abc1b028@group-2B2C58C028BE-SegmentedRaftLogWorker for RaftStorageImpl:Storage Directory /github/workspace/mnt/ozone/hadoop-ozone/integration-test/target/test-dir/MiniOzoneClusterImpl-5713c1a7-fb90-4566-9593-6537b218274a/datanode-1/data/ratis/96d8c211-85d2-45da-85db-2b2c58c028be
2021-05-22 19:12:23,185 [pool-103-thread-1] INFO  server.RaftServerConfigKeys (ConfUtils.java:logGet(44)) - raft.server.log.queue.byte-limit = 2147483647 (custom)
2021-05-22 19:12:23,185 [pool-103-thread-1] INFO  server.RaftServerConfigKeys (ConfUtils.java:logGet(44)) - raft.server.log.queue.element-limit = 1024 (custom)
2021-05-22 19:12:23,185 [pool-103-thread-1] INFO  server.RaftServerConfigKeys (ConfUtils.java:logGet(44)) - raft.server.log.segment.size.max = 1048576 (custom)
2021-05-22 19:12:23,185 [pool-103-thread-1] INFO  server.RaftServerConfigKeys (ConfUtils.java:logGet(44)) - raft.server.log.preallocated.size = 16384 (custom)
2021-05-22 19:12:23,185 [pool-103-thread-1] INFO  server.RaftServerConfigKeys (ConfUtils.java:logGet(44)) - raft.server.log.force.sync.num = 128 (default)
2021-05-22 19:12:23,185 [pool-103-thread-1] INFO  server.RaftServerConfigKeys (ConfUtils.java:logGet(44)) - raft.server.log.statemachine.data.sync = true (default)
2021-05-22 19:12:23,185 [pool-103-thread-1] INFO  server.RaftServerConfigKeys (ConfUtils.java:logGet(44)) - raft.server.log.statemachine.data.sync.timeout = 10s (default)
2021-05-22 19:12:23,185 [pool-103-thread-1] INFO  server.RaftServerConfigKeys (ConfUtils.java:logGet(44)) - raft.server.log.statemachine.data.sync.timeout.retry = -1 (default)
2021-05-22 19:12:23,186 [b5b91537-3281-48b1-9597-8f2f653ada85@group-6537B218274A-StateMachineUpdater] INFO  ha.SCMStateMachine (SCMStateMachine.java:takeSnapshot(282)) - Current Snapshot Index 19, takeSnapshot took 0 ms
2021-05-22 19:12:23,186 [b5b91537-3281-48b1-9597-8f2f653ada85@group-6537B218274A-StateMachineUpdater] INFO  impl.StateMachineUpdater (StateMachineUpdater.java:takeSnapshot(281)) - b5b91537-3281-48b1-9597-8f2f653ada85@group-6537B218274A-StateMachineUpdater: Took a snapshot at index 19
2021-05-22 19:12:23,186 [b5b91537-3281-48b1-9597-8f2f653ada85@group-6537B218274A-StateMachineUpdater] INFO  impl.StateMachineUpdater (StateMachineUpdater.java:lambda$new$0(89)) - b5b91537-3281-48b1-9597-8f2f653ada85@group-6537B218274A-StateMachineUpdater: snapshotIndex: updateIncreasingly 14 -> 19
2021-05-22 19:12:23,186 [b5b91537-3281-48b1-9597-8f2f653ada85@group-6537B218274A-StateMachineUpdater] INFO  raftlog.RaftLog (RaftLogBase.java:purge(306)) - b5b91537-3281-48b1-9597-8f2f653ada85@group-6537B218274A-SegmentedRaftLog: purge 19
2021-05-22 19:12:23,186 [b5b91537-3281-48b1-9597-8f2f653ada85@group-6537B218274A-StateMachineUpdater] INFO  raftlog.RaftLog (RaftLogBase.java:lambda$new$0(53)) - b5b91537-3281-48b1-9597-8f2f653ada85@group-6537B218274A-SegmentedRaftLog: snapshotIndex: updateIncreasingly 14 -> 19
2021-05-22 19:12:23,186 [b5b91537-3281-48b1-9597-8f2f653ada85@group-6537B218274A-StateMachineUpdater] INFO  raftlog.RaftLog (RaftLogBase.java:lambda$new$0(53)) - b5b91537-3281-48b1-9597-8f2f653ada85@group-6537B218274A-SegmentedRaftLog: purgeIndex: updateToMax old=14, new=19, updated? true
2021-05-22 19:12:23,186 [EventQueue-PipelineReportForPipelineReportHandler] INFO  ha.SCMHAInvocationHandler (SCMHAInvocationHandler.java:invokeRatis(113)) - Invoking method public abstract void org.apache.hadoop.hdds.scm.pipeline.StateManager.updatePipelineState(org.apache.hadoop.hdds.protocol.proto.HddsProtos$PipelineID,org.apache.hadoop.hdds.protocol.proto.HddsProtos$PipelineState) throws java.io.IOException on target org.apache.hadoop.hdds.scm.ha.SCMRatisServerImpl@5cbb90de, cost 27970.138us
2021-05-22 19:12:23,186 [EventQueue-OpenPipelineForHealthyPipelineSafeModeRule] INFO  safemode.SCMSafeModeManager (HealthyPipelineSafeModeRule.java:process(130)) - SCM in safe mode. Healthy pipelines reported count is 0, required healthy pipeline reported count is 1
2021-05-22 19:12:23,158 [EventQueue-PipelineReportForPipelineReportHandler] INFO  pipeline.PipelineManagerV2Impl (PipelineManagerV2Impl.java:openPipeline(270)) - Pipeline Pipeline[ Id: 96d8c211-85d2-45da-85db-2b2c58c028be, Nodes: 77d60ed4-b7ae-47d8-b664-0086abc1b028{ip: 127.0.0.1, host: localhost, ports: [REPLICATION=45017, RATIS=42583, RATIS_ADMIN=42583, RATIS_SERVER=42583, STANDALONE=39903], networkLocation: /default-rack, certSerialId: null, persistedOpState: IN_SERVICE, persistedOpStateExpiryEpochSec: 0}, ReplicationConfig: RATIS/ONE, State:ALLOCATED, leaderId:77d60ed4-b7ae-47d8-b664-0086abc1b028, CreationTimestamp2021-05-22T19:12:20.165Z] moved to OPEN state
2021-05-22 19:12:23,158 [EventQueue-PipelineReportForOneReplicaPipelineSafeModeRule] INFO  safemode.SCMSafeModeManager (SCMSafeModeManager.java:validateSafeModeExitRules(201)) - AtleastOneDatanodeReportedRule rule is successfully validated
2021-05-22 19:12:23,158 [EventQueue-PipelineReportForOneReplicaPipelineSafeModeRule] INFO  safemode.SCMSafeModeManager (SCMSafeModeManager.java:validateSafeModeExitRules(201)) - AtleastOneDatanodeReportedRule rule is successfully validated
2021-05-22 19:12:23,191 [pool-103-thread-1] INFO  server.RaftServerConfigKeys (ConfUtils.java:logGet(44)) - raft.server.log.write.buffer.size = 1048576 (custom)
2021-05-22 19:12:23,188 [EventQueue-PipelineReportForPipelineReportHandler] INFO  ha.SCMHAInvocationHandler (SCMHAInvocationHandler.java:invokeRatis(113)) - Invoking method public abstract void org.apache.hadoop.hdds.scm.pipeline.StateManager.updatePipelineState(org.apache.hadoop.hdds.protocol.proto.HddsProtos$PipelineID,org.apache.hadoop.hdds.protocol.proto.HddsProtos$PipelineState) throws java.io.IOException on target org.apache.hadoop.hdds.scm.ha.SCMRatisServerImpl@7e745896, cost 851.604us
2021-05-22 19:12:23,195 [EventQueue-PipelineReportForPipelineReportHandler] ERROR pipeline.PipelineReportHandler (PipelineReportHandler.java:onMessage(93)) - Could not process pipeline report=pipelineID {
  id: "96d8c211-85d2-45da-85db-2b2c58c028be"
  uuid128 {
    mostSigBits: -7577092992535476774
    leastSigBits: -8801393577297958722
  }
}
isLeader: false
bytesWritten: 0
 from dn=77d60ed4-b7ae-47d8-b664-0086abc1b028{ip: 127.0.0.1, host: localhost, ports: [REPLICATION=45017, RATIS=42583, RATIS_ADMIN=42583, RATIS_SERVER=42583, STANDALONE=39903], networkLocation: /default-rack, certSerialId: null, persistedOpState: null, persistedOpStateExpiryEpochSec: 0}.
org.apache.ratis.protocol.exceptions.NotLeaderException: Server c528a642-8365-4981-9ca8-5a52c1b1524d@group-6537B218274A is not the leader b5b91537-3281-48b1-9597-8f2f653ada85|rpc:localhost:12380|admin:|client:|dataStream:|priority:0
	at org.apache.ratis.server.impl.RaftServerImpl.generateNotLeaderException(RaftServerImpl.java:661)
	at org.apache.ratis.server.impl.RaftServerImpl.checkLeaderState(RaftServerImpl.java:626)
	at org.apache.ratis.server.impl.RaftServerImpl.submitClientRequestAsync(RaftServerImpl.java:754)
	at org.apache.ratis.server.impl.RaftServerProxy.lambda$submitClientRequestAsync$9(RaftServerProxy.java:417)
	at org.apache.ratis.server.impl.RaftServerProxy.lambda$null$7(RaftServerProxy.java:412)
	at org.apache.ratis.util.JavaUtils.callAsUnchecked(JavaUtils.java:115)
	at org.apache.ratis.server.impl.RaftServerProxy.lambda$submitRequest$8(RaftServerProxy.java:412)
	at java.util.concurrent.CompletableFuture.uniComposeStage(CompletableFuture.java:995)
	at java.util.concurrent.CompletableFuture.thenCompose(CompletableFuture.java:2137)
	at org.apache.ratis.server.impl.RaftServerProxy.submitRequest(RaftServerProxy.java:411)
	at org.apache.ratis.server.impl.RaftServerProxy.submitClientRequestAsync(RaftServerProxy.java:417)
	at org.apache.hadoop.hdds.scm.ha.SCMRatisServerImpl.submitRequest(SCMRatisServerImpl.java:214)
	at org.apache.hadoop.hdds.scm.ha.SCMHAInvocationHandler.invokeRatis(SCMHAInvocationHandler.java:110)
	at org.apache.hadoop.hdds.scm.ha.SCMHAInvocationHandler.invoke(SCMHAInvocationHandler.java:67)
	at com.sun.proxy.$Proxy22.updatePipelineState(Unknown Source)
	at org.apache.hadoop.hdds.scm.pipeline.PipelineManagerV2Impl.openPipeline(PipelineManagerV2Impl.java:271)
	at org.apache.hadoop.hdds.scm.pipeline.PipelineReportHandler.processPipelineReport(PipelineReportHandler.java:124)
	at org.apache.hadoop.hdds.scm.pipeline.PipelineReportHandler.onMessage(PipelineReportHandler.java:91)
	at org.apache.hadoop.hdds.scm.pipeline.PipelineReportHandler.onMessage(PipelineReportHandler.java:50)
	at org.apache.hadoop.hdds.server.events.SingleThreadExecutor.lambda$onMessage$1(SingleThreadExecutor.java:81)
	at java.util.concurrent.ThreadPoolExecutor.runWorker(ThreadPoolExecutor.java:1149)
	at java.util.concurrent.ThreadPoolExecutor$Worker.run(ThreadPoolExecutor.java:624)
	at java.lang.Thread.run(Thread.java:748)
2021-05-22 19:12:23,164 [pool-86-thread-1] INFO  storage.RaftStorageDirectory (RaftStorageDirectoryImpl.java:tryLock(215)) - Lock on /github/workspace/mnt/ozone/hadoop-ozone/integration-test/target/test-dir/MiniOzoneClusterImpl-5713c1a7-fb90-4566-9593-6537b218274a/datanode-0/data/ratis/12abcdc4-f25a-4b3b-81bf-cee3c7e3d797/in_use.lock acquired by nodename 10976@a9243b6273c1
2021-05-22 19:12:23,195 [pool-103-thread-1] INFO  server.RaftServerConfigKeys (ConfUtils.java:logGet(44)) - raft.server.log.statemachine.data.caching.enabled = true (custom)
2021-05-22 19:12:23,196 [pool-103-thread-1] INFO  segmented.SegmentedRaftLogWorker (SegmentedRaftLogWorker.java:lambda$new$0(133)) - 77d60ed4-b7ae-47d8-b664-0086abc1b028@group-2B2C58C028BE-SegmentedRaftLogWorker: flushIndex: setUnconditionally 0 -> -1
2021-05-22 19:12:23,196 [pool-103-thread-1] INFO  segmented.SegmentedRaftLogWorker (SegmentedRaftLogWorker.java:lambda$new$0(133)) - 77d60ed4-b7ae-47d8-b664-0086abc1b028@group-2B2C58C028BE-SegmentedRaftLogWorker: safeCacheEvictIndex: setUnconditionally 0 -> -1
2021-05-22 19:12:23,198 [pool-103-thread-1] INFO  server.RaftServerConfigKeys (ConfUtils.java:logGet(44)) - raft.server.snapshot.auto.trigger.enabled = true (custom)
2021-05-22 19:12:23,198 [pool-103-thread-1] INFO  server.RaftServerConfigKeys (ConfUtils.java:logGet(44)) - raft.server.snapshot.auto.trigger.threshold = 10000 (custom)
2021-05-22 19:12:23,198 [pool-103-thread-1] INFO  server.RaftServerConfigKeys (ConfUtils.java:logGet(44)) - raft.server.snapshot.retention.file.num = 5 (custom)
2021-05-22 19:12:23,198 [pool-103-thread-1] INFO  server.RaftServerConfigKeys (ConfUtils.java:logGet(44)) - raft.server.log.purge.upto.snapshot.index = false (default)
2021-05-22 19:12:23,199 [pool-103-thread-1] INFO  server.RaftServerConfigKeys (ConfUtils.java:logGet(44)) - raft.server.retrycache.expirytime = 600000ms (custom)
2021-05-22 19:12:23,199 [pool-103-thread-1] INFO  server.RaftServerConfigKeys (ConfUtils.java:logGet(44)) - raft.server.retrycache.statistics.expirytime = 100?s (default)
2021-05-22 19:12:23,199 [pool-103-thread-1] INFO  metrics.RatisMetrics (RatisMetrics.java:lambda$create$0(36)) - Creating Metrics Registry : ratis.leader_election.77d60ed4-b7ae-47d8-b664-0086abc1b028@group-2B2C58C028BE
2021-05-22 19:12:23,199 [pool-103-thread-1] INFO  metrics.RatisMetrics (RatisMetrics.java:lambda$create$0(36)) - Creating Metrics Registry : ratis.server.77d60ed4-b7ae-47d8-b664-0086abc1b028@group-2B2C58C028BE
2021-05-22 19:12:23,200 [pool-86-thread-1] INFO  storage.RaftStorage (RaftStorageImpl.java:format(87)) - Storage directory /github/workspace/mnt/ozone/hadoop-ozone/integration-test/target/test-dir/MiniOzoneClusterImpl-5713c1a7-fb90-4566-9593-6537b218274a/datanode-0/data/ratis/12abcdc4-f25a-4b3b-81bf-cee3c7e3d797 has been successfully formatted.
2021-05-22 19:12:23,200 [pool-86-thread-1] INFO  ratis.ContainerStateMachine (ContainerStateMachine.java:loadSnapshot(224)) - group-CEE3C7E3D797: The snapshot info is null. Setting the last applied indexto:(t:0, i:~)
2021-05-22 19:12:23,201 [pool-86-thread-1] INFO  server.RaftServerConfigKeys (ConfUtils.java:logGet(44)) - raft.server.notification.no-leader.timeout = 300s (custom)
2021-05-22 19:12:23,201 [pool-86-thread-1] INFO  server.RaftServerConfigKeys (ConfUtils.java:logGet(44)) - raft.server.log.use.memory = false (default)
2021-05-22 19:12:23,201 [pool-103-thread-1] INFO  server.RaftServer$Division (RaftServerImpl.java:start(295)) - 77d60ed4-b7ae-47d8-b664-0086abc1b028@group-2B2C58C028BE: start as a follower, conf=-1: [77d60ed4-b7ae-47d8-b664-0086abc1b028|rpc:127.0.0.1:42583|priority:1], old=null
2021-05-22 19:12:23,201 [pool-103-thread-1] INFO  server.RaftServer$Division (RaftServerImpl.java:setRole(284)) - 77d60ed4-b7ae-47d8-b664-0086abc1b028@group-2B2C58C028BE: changes role from      null to FOLLOWER at term 0 for startAsFollower
2021-05-22 19:12:23,201 [pool-86-thread-1] INFO  server.RaftServerConfigKeys (ConfUtils.java:logGet(44)) - raft.server.log.purge.gap = 1000000 (custom)
2021-05-22 19:12:23,201 [pool-86-thread-1] INFO  server.RaftServerConfigKeys (ConfUtils.java:logGet(44)) - raft.server.log.appender.buffer.byte-limit = 33554432 (custom)
2021-05-22 19:12:23,201 [pool-86-thread-1] INFO  metrics.RatisMetrics (RatisMetrics.java:lambda$create$0(36)) - Creating Metrics Registry : ratis.log_worker.ea0eae10-41b3-4db6-9afe-6a980641cba9@group-CEE3C7E3D797
2021-05-22 19:12:23,202 [pool-86-thread-1] INFO  server.RaftServerConfigKeys (ConfUtils.java:logGet(44)) - raft.server.log.segment.size.max = 1048576 (custom)
2021-05-22 19:12:23,202 [pool-86-thread-1] INFO  server.RaftServerConfigKeys (ConfUtils.java:logGet(44)) - raft.server.log.segment.cache.num.max = 2 (custom)
2021-05-22 19:12:23,202 [pool-86-thread-1] INFO  server.RaftServerConfigKeys (ConfUtils.java:logGet(44)) - raft.server.log.segment.cache.size.max = 200MB (=209715200) (default)
2021-05-22 19:12:23,202 [pool-86-thread-1] INFO  segmented.SegmentedRaftLogWorker (SegmentedRaftLogWorker.java:<init>(182)) - new ea0eae10-41b3-4db6-9afe-6a980641cba9@group-CEE3C7E3D797-SegmentedRaftLogWorker for RaftStorageImpl:Storage Directory /github/workspace/mnt/ozone/hadoop-ozone/integration-test/target/test-dir/MiniOzoneClusterImpl-5713c1a7-fb90-4566-9593-6537b218274a/datanode-0/data/ratis/12abcdc4-f25a-4b3b-81bf-cee3c7e3d797
2021-05-22 19:12:23,202 [pool-86-thread-1] INFO  server.RaftServerConfigKeys (ConfUtils.java:logGet(44)) - raft.server.log.queue.byte-limit = 2147483647 (custom)
2021-05-22 19:12:23,202 [pool-86-thread-1] INFO  server.RaftServerConfigKeys (ConfUtils.java:logGet(44)) - raft.server.log.queue.element-limit = 1024 (custom)
2021-05-22 19:12:23,202 [pool-86-thread-1] INFO  server.RaftServerConfigKeys (ConfUtils.java:logGet(44)) - raft.server.log.segment.size.max = 1048576 (custom)
2021-05-22 19:12:23,202 [pool-86-thread-1] INFO  server.RaftServerConfigKeys (ConfUtils.java:logGet(44)) - raft.server.log.preallocated.size = 16384 (custom)
2021-05-22 19:12:23,203 [pool-86-thread-1] INFO  server.RaftServerConfigKeys (ConfUtils.java:logGet(44)) - raft.server.log.force.sync.num = 128 (default)
2021-05-22 19:12:23,203 [pool-86-thread-1] INFO  server.RaftServerConfigKeys (ConfUtils.java:logGet(44)) - raft.server.log.statemachine.data.sync = true (default)
2021-05-22 19:12:23,203 [pool-86-thread-1] INFO  server.RaftServerConfigKeys (ConfUtils.java:logGet(44)) - raft.server.log.statemachine.data.sync.timeout = 10s (default)
2021-05-22 19:12:23,203 [pool-86-thread-1] INFO  server.RaftServerConfigKeys (ConfUtils.java:logGet(44)) - raft.server.log.statemachine.data.sync.timeout.retry = -1 (default)
2021-05-22 19:12:23,204 [pool-86-thread-1] INFO  server.RaftServerConfigKeys (ConfUtils.java:logGet(44)) - raft.server.log.write.buffer.size = 1048576 (custom)
2021-05-22 19:12:23,205 [pool-86-thread-1] INFO  server.RaftServerConfigKeys (ConfUtils.java:logGet(44)) - raft.server.log.statemachine.data.caching.enabled = true (custom)
2021-05-22 19:12:23,205 [pool-86-thread-1] INFO  segmented.SegmentedRaftLogWorker (SegmentedRaftLogWorker.java:lambda$new$0(133)) - ea0eae10-41b3-4db6-9afe-6a980641cba9@group-CEE3C7E3D797-SegmentedRaftLogWorker: flushIndex: setUnconditionally 0 -> -1
2021-05-22 19:12:23,205 [pool-86-thread-1] INFO  segmented.SegmentedRaftLogWorker (SegmentedRaftLogWorker.java:lambda$new$0(133)) - ea0eae10-41b3-4db6-9afe-6a980641cba9@group-CEE3C7E3D797-SegmentedRaftLogWorker: safeCacheEvictIndex: setUnconditionally 0 -> -1
2021-05-22 19:12:23,201 [pool-103-thread-1] INFO  impl.RoleInfo (RoleInfo.java:updateAndGet(130)) - 77d60ed4-b7ae-47d8-b664-0086abc1b028: start 77d60ed4-b7ae-47d8-b664-0086abc1b028@group-2B2C58C028BE-FollowerState
2021-05-22 19:12:23,208 [pool-86-thread-1] INFO  server.RaftServerConfigKeys (ConfUtils.java:logGet(44)) - raft.server.snapshot.auto.trigger.enabled = true (custom)
2021-05-22 19:12:23,208 [pool-86-thread-1] INFO  server.RaftServerConfigKeys (ConfUtils.java:logGet(44)) - raft.server.snapshot.auto.trigger.threshold = 10000 (custom)
2021-05-22 19:12:23,208 [pool-86-thread-1] INFO  server.RaftServerConfigKeys (ConfUtils.java:logGet(44)) - raft.server.snapshot.retention.file.num = 5 (custom)
2021-05-22 19:12:23,208 [pool-86-thread-1] INFO  server.RaftServerConfigKeys (ConfUtils.java:logGet(44)) - raft.server.log.purge.upto.snapshot.index = false (default)
2021-05-22 19:12:23,208 [pool-103-thread-1] INFO  util.JmxRegister (JmxRegister.java:tryRegister(44)) - Successfully registered JMX Bean with object name Ratis:service=RaftServer,group=group-2B2C58C028BE,id=77d60ed4-b7ae-47d8-b664-0086abc1b028
2021-05-22 19:12:23,208 [pool-103-thread-1] INFO  metrics.RatisMetrics (RatisMetrics.java:lambda$create$0(36)) - Creating Metrics Registry : ratis.state_machine.77d60ed4-b7ae-47d8-b664-0086abc1b028@group-2B2C58C028BE
2021-05-22 19:12:23,208 [pool-86-thread-1] INFO  server.RaftServerConfigKeys (ConfUtils.java:logGet(44)) - raft.server.retrycache.expirytime = 600000ms (custom)
2021-05-22 19:12:23,209 [pool-86-thread-1] INFO  server.RaftServerConfigKeys (ConfUtils.java:logGet(44)) - raft.server.retrycache.statistics.expirytime = 100?s (default)
2021-05-22 19:12:23,209 [pool-86-thread-1] INFO  metrics.RatisMetrics (RatisMetrics.java:lambda$create$0(36)) - Creating Metrics Registry : ratis.leader_election.ea0eae10-41b3-4db6-9afe-6a980641cba9@group-CEE3C7E3D797
2021-05-22 19:12:23,210 [pool-86-thread-1] INFO  metrics.RatisMetrics (RatisMetrics.java:lambda$create$0(36)) - Creating Metrics Registry : ratis.server.ea0eae10-41b3-4db6-9afe-6a980641cba9@group-CEE3C7E3D797
2021-05-22 19:12:23,211 [pool-86-thread-1] INFO  server.RaftServer$Division (RaftServerImpl.java:start(295)) - ea0eae10-41b3-4db6-9afe-6a980641cba9@group-CEE3C7E3D797: start as a follower, conf=-1: [ea0eae10-41b3-4db6-9afe-6a980641cba9|rpc:127.0.0.1:38377|priority:1, 77d60ed4-b7ae-47d8-b664-0086abc1b028|rpc:127.0.0.1:42583|priority:0, 37ad4b1d-96aa-49b2-b7c2-5ba74b6ff263|rpc:127.0.0.1:40699|priority:0], old=null
2021-05-22 19:12:23,211 [pool-86-thread-1] INFO  server.RaftServer$Division (RaftServerImpl.java:setRole(284)) - ea0eae10-41b3-4db6-9afe-6a980641cba9@group-CEE3C7E3D797: changes role from      null to FOLLOWER at term 0 for startAsFollower
2021-05-22 19:12:23,211 [Command processor thread] INFO  ratis.XceiverServerRatis (XceiverServerRatis.java:addGroup(808)) - Created group PipelineID=96d8c211-85d2-45da-85db-2b2c58c028be
2021-05-22 19:12:23,211 [Command processor thread] INFO  commandhandler.CreatePipelineCommandHandler (CreatePipelineCommandHandler.java:handle(106)) - Created Pipeline RATIS ONE PipelineID=96d8c211-85d2-45da-85db-2b2c58c028be.
2021-05-22 19:12:23,212 [pool-86-thread-1] INFO  impl.RoleInfo (RoleInfo.java:updateAndGet(130)) - ea0eae10-41b3-4db6-9afe-6a980641cba9: start ea0eae10-41b3-4db6-9afe-6a980641cba9@group-CEE3C7E3D797-FollowerState
2021-05-22 19:12:23,213 [Command processor thread] INFO  server.RaftServer (RaftServerProxy.java:addNew(95)) - 77d60ed4-b7ae-47d8-b664-0086abc1b028: addNew group-CEE3C7E3D797:[ea0eae10-41b3-4db6-9afe-6a980641cba9|rpc:127.0.0.1:38377|priority:1, 77d60ed4-b7ae-47d8-b664-0086abc1b028|rpc:127.0.0.1:42583|priority:0, 37ad4b1d-96aa-49b2-b7c2-5ba74b6ff263|rpc:127.0.0.1:40699|priority:0] returns group-CEE3C7E3D797:java.util.concurrent.CompletableFuture@79ff752b[Not completed]
2021-05-22 19:12:23,213 [pool-86-thread-1] INFO  util.JmxRegister (JmxRegister.java:tryRegister(44)) - Successfully registered JMX Bean with object name Ratis:service=RaftServer,group=group-CEE3C7E3D797,id=ea0eae10-41b3-4db6-9afe-6a980641cba9
2021-05-22 19:12:23,213 [pool-86-thread-1] INFO  metrics.RatisMetrics (RatisMetrics.java:lambda$create$0(36)) - Creating Metrics Registry : ratis.state_machine.ea0eae10-41b3-4db6-9afe-6a980641cba9@group-CEE3C7E3D797
2021-05-22 19:12:23,214 [Command processor thread] INFO  ratis.XceiverServerRatis (XceiverServerRatis.java:addGroup(808)) - Created group PipelineID=12abcdc4-f25a-4b3b-81bf-cee3c7e3d797
2021-05-22 19:12:23,214 [pool-103-thread-1] INFO  server.RaftServer$Division (RaftServerImpl.java:<init>(180)) - 77d60ed4-b7ae-47d8-b664-0086abc1b028: new RaftServerImpl for group-CEE3C7E3D797:[ea0eae10-41b3-4db6-9afe-6a980641cba9|rpc:127.0.0.1:38377|priority:1, 77d60ed4-b7ae-47d8-b664-0086abc1b028|rpc:127.0.0.1:42583|priority:0, 37ad4b1d-96aa-49b2-b7c2-5ba74b6ff263|rpc:127.0.0.1:40699|priority:0] with ContainerStateMachine:uninitialized
2021-05-22 19:12:23,214 [pool-103-thread-1] INFO  server.RaftServerConfigKeys (ConfUtils.java:logGet(44)) - raft.server.rpc.timeout.min = 5s (custom)
2021-05-22 19:12:23,214 [pool-103-thread-1] INFO  server.RaftServerConfigKeys (ConfUtils.java:logGet(44)) - raft.server.rpc.timeout.max = 5200ms (custom)
2021-05-22 19:12:23,214 [pool-103-thread-1] INFO  server.RaftServerConfigKeys (ConfUtils.java:logGet(44)) - raft.server.rpc.sleep.time = 25ms (default)
2021-05-22 19:12:23,214 [pool-103-thread-1] INFO  server.RaftServerConfigKeys (ConfUtils.java:logGet(44)) - raft.server.rpc.slowness.timeout = 300s (custom)
2021-05-22 19:12:23,214 [pool-103-thread-1] INFO  server.RaftServerConfigKeys (ConfUtils.java:logGet(44)) - raft.server.leaderelection.leader.step-down.wait-time = 10s (default)
2021-05-22 19:12:23,215 [pool-103-thread-1] INFO  server.RaftServerConfigKeys (ConfUtils.java:logGet(44)) - raft.server.sleep.deviation.threshold = 300ms (default)
2021-05-22 19:12:23,215 [pool-103-thread-1] INFO  server.RaftServerConfigKeys (ConfUtils.java:logGet(44)) - raft.server.log.appender.install.snapshot.enabled = false (custom)
2021-05-22 19:12:23,215 [pool-103-thread-1] INFO  server.RaftServer$Division (ServerState.java:<init>(105)) - 77d60ed4-b7ae-47d8-b664-0086abc1b028@group-CEE3C7E3D797: ConfigurationManager, init=-1: [ea0eae10-41b3-4db6-9afe-6a980641cba9|rpc:127.0.0.1:38377|priority:1, 77d60ed4-b7ae-47d8-b664-0086abc1b028|rpc:127.0.0.1:42583|priority:0, 37ad4b1d-96aa-49b2-b7c2-5ba74b6ff263|rpc:127.0.0.1:40699|priority:0], old=null, confs=<EMPTY_MAP>
2021-05-22 19:12:23,215 [pool-103-thread-1] INFO  server.RaftServerConfigKeys (ConfUtils.java:logGet(44)) - raft.server.storage.dir = [/github/workspace/mnt/ozone/hadoop-ozone/integration-test/target/test-dir/MiniOzoneClusterImpl-5713c1a7-fb90-4566-9593-6537b218274a/datanode-1/data/ratis] (custom)
2021-05-22 19:12:23,215 [pool-103-thread-1] INFO  server.RaftServerConfigKeys (ConfUtils.java:logGet(44)) - raft.server.log.corruption.policy = EXCEPTION (default)
2021-05-22 19:12:23,215 [pool-103-thread-1] INFO  storage.RaftStorageDirectory (RaftStorageDirectoryImpl.java:analyzeStorage(132)) - The storage directory /github/workspace/mnt/ozone/hadoop-ozone/integration-test/target/test-dir/MiniOzoneClusterImpl-5713c1a7-fb90-4566-9593-6537b218274a/datanode-1/data/ratis/12abcdc4-f25a-4b3b-81bf-cee3c7e3d797 does not exist. Creating ...
2021-05-22 19:12:23,215 [Command processor thread] INFO  metrics.RatisMetrics (RatisMetrics.java:lambda$create$0(36)) - Creating Metrics Registry : ratis.client_message_metrics.client-2F6E2CABC2E4->37ad4b1d-96aa-49b2-b7c2-5ba74b6ff263
2021-05-22 19:12:23,224 [pool-103-thread-1] INFO  storage.RaftStorageDirectory (RaftStorageDirectoryImpl.java:tryLock(215)) - Lock on /github/workspace/mnt/ozone/hadoop-ozone/integration-test/target/test-dir/MiniOzoneClusterImpl-5713c1a7-fb90-4566-9593-6537b218274a/datanode-1/data/ratis/12abcdc4-f25a-4b3b-81bf-cee3c7e3d797/in_use.lock acquired by nodename 10976@a9243b6273c1
2021-05-22 19:12:23,232 [pool-103-thread-1] INFO  storage.RaftStorage (RaftStorageImpl.java:format(87)) - Storage directory /github/workspace/mnt/ozone/hadoop-ozone/integration-test/target/test-dir/MiniOzoneClusterImpl-5713c1a7-fb90-4566-9593-6537b218274a/datanode-1/data/ratis/12abcdc4-f25a-4b3b-81bf-cee3c7e3d797 has been successfully formatted.
2021-05-22 19:12:23,232 [pool-103-thread-1] INFO  ratis.ContainerStateMachine (ContainerStateMachine.java:loadSnapshot(224)) - group-CEE3C7E3D797: The snapshot info is null. Setting the last applied indexto:(t:0, i:~)
2021-05-22 19:12:23,232 [pool-103-thread-1] INFO  server.RaftServerConfigKeys (ConfUtils.java:logGet(44)) - raft.server.notification.no-leader.timeout = 300s (custom)
2021-05-22 19:12:23,232 [pool-103-thread-1] INFO  server.RaftServerConfigKeys (ConfUtils.java:logGet(44)) - raft.server.log.use.memory = false (default)
2021-05-22 19:12:23,232 [pool-103-thread-1] INFO  server.RaftServerConfigKeys (ConfUtils.java:logGet(44)) - raft.server.log.purge.gap = 1000000 (custom)
2021-05-22 19:12:23,233 [pool-103-thread-1] INFO  server.RaftServerConfigKeys (ConfUtils.java:logGet(44)) - raft.server.log.appender.buffer.byte-limit = 33554432 (custom)
2021-05-22 19:12:23,233 [pool-103-thread-1] INFO  metrics.RatisMetrics (RatisMetrics.java:lambda$create$0(36)) - Creating Metrics Registry : ratis.log_worker.77d60ed4-b7ae-47d8-b664-0086abc1b028@group-CEE3C7E3D797
2021-05-22 19:12:23,233 [pool-103-thread-1] INFO  server.RaftServerConfigKeys (ConfUtils.java:logGet(44)) - raft.server.log.segment.size.max = 1048576 (custom)
2021-05-22 19:12:23,234 [EventQueue-PipelineReportForOneReplicaPipelineSafeModeRule] INFO  safemode.SCMSafeModeManager (SCMSafeModeManager.java:validateSafeModeExitRules(201)) - AtleastOneDatanodeReportedRule rule is successfully validated
2021-05-22 19:12:23,234 [EventQueue-OpenPipelineForHealthyPipelineSafeModeRule] INFO  safemode.SCMSafeModeManager (HealthyPipelineSafeModeRule.java:process(130)) - SCM in safe mode. Healthy pipelines reported count is 0, required healthy pipeline reported count is 1
2021-05-22 19:12:23,236 [pool-103-thread-1] INFO  server.RaftServerConfigKeys (ConfUtils.java:logGet(44)) - raft.server.log.segment.cache.num.max = 2 (custom)
2021-05-22 19:12:23,236 [pool-103-thread-1] INFO  server.RaftServerConfigKeys (ConfUtils.java:logGet(44)) - raft.server.log.segment.cache.size.max = 200MB (=209715200) (default)
2021-05-22 19:12:23,236 [grpc-default-executor-2] INFO  server.RaftServer (RaftServerProxy.java:addNew(95)) - 37ad4b1d-96aa-49b2-b7c2-5ba74b6ff263: addNew group-CEE3C7E3D797:[ea0eae10-41b3-4db6-9afe-6a980641cba9|rpc:127.0.0.1:38377|dataStream:|priority:1, 77d60ed4-b7ae-47d8-b664-0086abc1b028|rpc:127.0.0.1:42583|dataStream:|priority:0, 37ad4b1d-96aa-49b2-b7c2-5ba74b6ff263|rpc:127.0.0.1:40699|dataStream:|priority:0] returns group-CEE3C7E3D797:java.util.concurrent.CompletableFuture@2fde61d3[Not completed]
2021-05-22 19:12:23,237 [pool-126-thread-1] INFO  server.RaftServer$Division (RaftServerImpl.java:<init>(180)) - 37ad4b1d-96aa-49b2-b7c2-5ba74b6ff263: new RaftServerImpl for group-CEE3C7E3D797:[ea0eae10-41b3-4db6-9afe-6a980641cba9|rpc:127.0.0.1:38377|dataStream:|priority:1, 77d60ed4-b7ae-47d8-b664-0086abc1b028|rpc:127.0.0.1:42583|dataStream:|priority:0, 37ad4b1d-96aa-49b2-b7c2-5ba74b6ff263|rpc:127.0.0.1:40699|dataStream:|priority:0] with ContainerStateMachine:uninitialized
2021-05-22 19:12:23,237 [pool-126-thread-1] INFO  server.RaftServerConfigKeys (ConfUtils.java:logGet(44)) - raft.server.rpc.timeout.min = 5s (custom)
2021-05-22 19:12:23,237 [pool-126-thread-1] INFO  server.RaftServerConfigKeys (ConfUtils.java:logGet(44)) - raft.server.rpc.timeout.max = 5200ms (custom)
2021-05-22 19:12:23,238 [pool-126-thread-1] INFO  server.RaftServerConfigKeys (ConfUtils.java:logGet(44)) - raft.server.rpc.sleep.time = 25ms (default)
2021-05-22 19:12:23,238 [pool-126-thread-1] INFO  server.RaftServerConfigKeys (ConfUtils.java:logGet(44)) - raft.server.rpc.slowness.timeout = 300s (custom)
2021-05-22 19:12:23,238 [pool-126-thread-1] INFO  server.RaftServerConfigKeys (ConfUtils.java:logGet(44)) - raft.server.leaderelection.leader.step-down.wait-time = 10s (default)
2021-05-22 19:12:23,238 [pool-126-thread-1] INFO  server.RaftServerConfigKeys (ConfUtils.java:logGet(44)) - raft.server.sleep.deviation.threshold = 300ms (default)
2021-05-22 19:12:23,238 [pool-126-thread-1] INFO  server.RaftServerConfigKeys (ConfUtils.java:logGet(44)) - raft.server.log.appender.install.snapshot.enabled = false (custom)
2021-05-22 19:12:23,238 [pool-126-thread-1] INFO  server.RaftServer$Division (ServerState.java:<init>(105)) - 37ad4b1d-96aa-49b2-b7c2-5ba74b6ff263@group-CEE3C7E3D797: ConfigurationManager, init=-1: [ea0eae10-41b3-4db6-9afe-6a980641cba9|rpc:127.0.0.1:38377|dataStream:|priority:1, 77d60ed4-b7ae-47d8-b664-0086abc1b028|rpc:127.0.0.1:42583|dataStream:|priority:0, 37ad4b1d-96aa-49b2-b7c2-5ba74b6ff263|rpc:127.0.0.1:40699|dataStream:|priority:0], old=null, confs=<EMPTY_MAP>
2021-05-22 19:12:23,238 [pool-126-thread-1] INFO  server.RaftServerConfigKeys (ConfUtils.java:logGet(44)) - raft.server.storage.dir = [/github/workspace/mnt/ozone/hadoop-ozone/integration-test/target/test-dir/MiniOzoneClusterImpl-5713c1a7-fb90-4566-9593-6537b218274a/datanode-2/data/ratis] (custom)
2021-05-22 19:12:23,238 [pool-126-thread-1] INFO  server.RaftServerConfigKeys (ConfUtils.java:logGet(44)) - raft.server.log.corruption.policy = EXCEPTION (default)
2021-05-22 19:12:23,239 [pool-126-thread-1] INFO  storage.RaftStorageDirectory (RaftStorageDirectoryImpl.java:analyzeStorage(132)) - The storage directory /github/workspace/mnt/ozone/hadoop-ozone/integration-test/target/test-dir/MiniOzoneClusterImpl-5713c1a7-fb90-4566-9593-6537b218274a/datanode-2/data/ratis/12abcdc4-f25a-4b3b-81bf-cee3c7e3d797 does not exist. Creating ...
2021-05-22 19:12:23,239 [EventQueue-PipelineReportForOneReplicaPipelineSafeModeRule] INFO  safemode.SCMSafeModeManager (SCMSafeModeManager.java:validateSafeModeExitRules(201)) - AtleastOneDatanodeReportedRule rule is successfully validated
2021-05-22 19:12:23,236 [pool-103-thread-1] INFO  segmented.SegmentedRaftLogWorker (SegmentedRaftLogWorker.java:<init>(182)) - new 77d60ed4-b7ae-47d8-b664-0086abc1b028@group-CEE3C7E3D797-SegmentedRaftLogWorker for RaftStorageImpl:Storage Directory /github/workspace/mnt/ozone/hadoop-ozone/integration-test/target/test-dir/MiniOzoneClusterImpl-5713c1a7-fb90-4566-9593-6537b218274a/datanode-1/data/ratis/12abcdc4-f25a-4b3b-81bf-cee3c7e3d797
2021-05-22 19:12:23,240 [EventQueue-OpenPipelineForHealthyPipelineSafeModeRule] INFO  safemode.SCMSafeModeManager (HealthyPipelineSafeModeRule.java:process(130)) - SCM in safe mode. Healthy pipelines reported count is 0, required healthy pipeline reported count is 1
2021-05-22 19:12:23,240 [pool-103-thread-1] INFO  server.RaftServerConfigKeys (ConfUtils.java:logGet(44)) - raft.server.log.queue.byte-limit = 2147483647 (custom)
2021-05-22 19:12:23,240 [pool-103-thread-1] INFO  server.RaftServerConfigKeys (ConfUtils.java:logGet(44)) - raft.server.log.queue.element-limit = 1024 (custom)
2021-05-22 19:12:23,240 [pool-103-thread-1] INFO  server.RaftServerConfigKeys (ConfUtils.java:logGet(44)) - raft.server.log.segment.size.max = 1048576 (custom)
2021-05-22 19:12:23,240 [pool-103-thread-1] INFO  server.RaftServerConfigKeys (ConfUtils.java:logGet(44)) - raft.server.log.preallocated.size = 16384 (custom)
2021-05-22 19:12:23,240 [pool-103-thread-1] INFO  server.RaftServerConfigKeys (ConfUtils.java:logGet(44)) - raft.server.log.force.sync.num = 128 (default)
2021-05-22 19:12:23,240 [pool-103-thread-1] INFO  server.RaftServerConfigKeys (ConfUtils.java:logGet(44)) - raft.server.log.statemachine.data.sync = true (default)
2021-05-22 19:12:23,240 [pool-103-thread-1] INFO  server.RaftServerConfigKeys (ConfUtils.java:logGet(44)) - raft.server.log.statemachine.data.sync.timeout = 10s (default)
2021-05-22 19:12:23,240 [pool-103-thread-1] INFO  server.RaftServerConfigKeys (ConfUtils.java:logGet(44)) - raft.server.log.statemachine.data.sync.timeout.retry = -1 (default)
2021-05-22 19:12:23,241 [pool-126-thread-1] INFO  storage.RaftStorageDirectory (RaftStorageDirectoryImpl.java:tryLock(215)) - Lock on /github/workspace/mnt/ozone/hadoop-ozone/integration-test/target/test-dir/MiniOzoneClusterImpl-5713c1a7-fb90-4566-9593-6537b218274a/datanode-2/data/ratis/12abcdc4-f25a-4b3b-81bf-cee3c7e3d797/in_use.lock acquired by nodename 10976@a9243b6273c1
2021-05-22 19:12:23,242 [pool-103-thread-1] INFO  server.RaftServerConfigKeys (ConfUtils.java:logGet(44)) - raft.server.log.write.buffer.size = 1048576 (custom)
2021-05-22 19:12:23,242 [pool-126-thread-1] INFO  storage.RaftStorage (RaftStorageImpl.java:format(87)) - Storage directory /github/workspace/mnt/ozone/hadoop-ozone/integration-test/target/test-dir/MiniOzoneClusterImpl-5713c1a7-fb90-4566-9593-6537b218274a/datanode-2/data/ratis/12abcdc4-f25a-4b3b-81bf-cee3c7e3d797 has been successfully formatted.
2021-05-22 19:12:23,243 [EventQueue-PipelineReportForOneReplicaPipelineSafeModeRule] INFO  safemode.SCMSafeModeManager (SCMSafeModeManager.java:validateSafeModeExitRules(201)) - AtleastOneDatanodeReportedRule rule is successfully validated
2021-05-22 19:12:23,244 [pool-103-thread-1] INFO  server.RaftServerConfigKeys (ConfUtils.java:logGet(44)) - raft.server.log.statemachine.data.caching.enabled = true (custom)
2021-05-22 19:12:23,244 [pool-126-thread-1] INFO  ratis.ContainerStateMachine (ContainerStateMachine.java:loadSnapshot(224)) - group-CEE3C7E3D797: The snapshot info is null. Setting the last applied indexto:(t:0, i:~)
2021-05-22 19:12:23,245 [EventQueue-PipelineReportForOneReplicaPipelineSafeModeRule] INFO  safemode.SCMSafeModeManager (SCMSafeModeManager.java:validateSafeModeExitRules(201)) - AtleastOneDatanodeReportedRule rule is successfully validated
2021-05-22 19:12:23,245 [pool-126-thread-1] INFO  server.RaftServerConfigKeys (ConfUtils.java:logGet(44)) - raft.server.notification.no-leader.timeout = 300s (custom)
2021-05-22 19:12:23,246 [pool-126-thread-1] INFO  server.RaftServerConfigKeys (ConfUtils.java:logGet(44)) - raft.server.log.use.memory = false (default)
2021-05-22 19:12:23,246 [pool-126-thread-1] INFO  server.RaftServerConfigKeys (ConfUtils.java:logGet(44)) - raft.server.log.purge.gap = 1000000 (custom)
2021-05-22 19:12:23,246 [pool-126-thread-1] INFO  server.RaftServerConfigKeys (ConfUtils.java:logGet(44)) - raft.server.log.appender.buffer.byte-limit = 33554432 (custom)
2021-05-22 19:12:23,246 [pool-126-thread-1] INFO  metrics.RatisMetrics (RatisMetrics.java:lambda$create$0(36)) - Creating Metrics Registry : ratis.log_worker.37ad4b1d-96aa-49b2-b7c2-5ba74b6ff263@group-CEE3C7E3D797
2021-05-22 19:12:23,248 [pool-126-thread-1] INFO  server.RaftServerConfigKeys (ConfUtils.java:logGet(44)) - raft.server.log.segment.size.max = 1048576 (custom)
2021-05-22 19:12:23,248 [pool-126-thread-1] INFO  server.RaftServerConfigKeys (ConfUtils.java:logGet(44)) - raft.server.log.segment.cache.num.max = 2 (custom)
2021-05-22 19:12:23,248 [pool-126-thread-1] INFO  server.RaftServerConfigKeys (ConfUtils.java:logGet(44)) - raft.server.log.segment.cache.size.max = 200MB (=209715200) (default)
2021-05-22 19:12:23,248 [pool-126-thread-1] INFO  segmented.SegmentedRaftLogWorker (SegmentedRaftLogWorker.java:<init>(182)) - new 37ad4b1d-96aa-49b2-b7c2-5ba74b6ff263@group-CEE3C7E3D797-SegmentedRaftLogWorker for RaftStorageImpl:Storage Directory /github/workspace/mnt/ozone/hadoop-ozone/integration-test/target/test-dir/MiniOzoneClusterImpl-5713c1a7-fb90-4566-9593-6537b218274a/datanode-2/data/ratis/12abcdc4-f25a-4b3b-81bf-cee3c7e3d797
2021-05-22 19:12:23,248 [pool-126-thread-1] INFO  server.RaftServerConfigKeys (ConfUtils.java:logGet(44)) - raft.server.log.queue.byte-limit = 2147483647 (custom)
2021-05-22 19:12:23,248 [pool-126-thread-1] INFO  server.RaftServerConfigKeys (ConfUtils.java:logGet(44)) - raft.server.log.queue.element-limit = 1024 (custom)
2021-05-22 19:12:23,249 [pool-126-thread-1] INFO  server.RaftServerConfigKeys (ConfUtils.java:logGet(44)) - raft.server.log.segment.size.max = 1048576 (custom)
2021-05-22 19:12:23,249 [pool-126-thread-1] INFO  server.RaftServerConfigKeys (ConfUtils.java:logGet(44)) - raft.server.log.preallocated.size = 16384 (custom)
2021-05-22 19:12:23,249 [pool-126-thread-1] INFO  server.RaftServerConfigKeys (ConfUtils.java:logGet(44)) - raft.server.log.force.sync.num = 128 (default)
2021-05-22 19:12:23,249 [pool-126-thread-1] INFO  server.RaftServerConfigKeys (ConfUtils.java:logGet(44)) - raft.server.log.statemachine.data.sync = true (default)
2021-05-22 19:12:23,246 [pool-103-thread-1] INFO  segmented.SegmentedRaftLogWorker (SegmentedRaftLogWorker.java:lambda$new$0(133)) - 77d60ed4-b7ae-47d8-b664-0086abc1b028@group-CEE3C7E3D797-SegmentedRaftLogWorker: flushIndex: setUnconditionally 0 -> -1
2021-05-22 19:12:23,249 [pool-103-thread-1] INFO  segmented.SegmentedRaftLogWorker (SegmentedRaftLogWorker.java:lambda$new$0(133)) - 77d60ed4-b7ae-47d8-b664-0086abc1b028@group-CEE3C7E3D797-SegmentedRaftLogWorker: safeCacheEvictIndex: setUnconditionally 0 -> -1
2021-05-22 19:12:23,249 [pool-126-thread-1] INFO  server.RaftServerConfigKeys (ConfUtils.java:logGet(44)) - raft.server.log.statemachine.data.sync.timeout = 10s (default)
2021-05-22 19:12:23,249 [pool-126-thread-1] INFO  server.RaftServerConfigKeys (ConfUtils.java:logGet(44)) - raft.server.log.statemachine.data.sync.timeout.retry = -1 (default)
2021-05-22 19:12:23,252 [pool-103-thread-1] INFO  server.RaftServerConfigKeys (ConfUtils.java:logGet(44)) - raft.server.snapshot.auto.trigger.enabled = true (custom)
2021-05-22 19:12:23,253 [pool-103-thread-1] INFO  server.RaftServerConfigKeys (ConfUtils.java:logGet(44)) - raft.server.snapshot.auto.trigger.threshold = 10000 (custom)
2021-05-22 19:12:23,254 [pool-103-thread-1] INFO  server.RaftServerConfigKeys (ConfUtils.java:logGet(44)) - raft.server.snapshot.retention.file.num = 5 (custom)
2021-05-22 19:12:23,254 [pool-103-thread-1] INFO  server.RaftServerConfigKeys (ConfUtils.java:logGet(44)) - raft.server.log.purge.upto.snapshot.index = false (default)
2021-05-22 19:12:23,254 [pool-103-thread-1] INFO  server.RaftServerConfigKeys (ConfUtils.java:logGet(44)) - raft.server.retrycache.expirytime = 600000ms (custom)
2021-05-22 19:12:23,254 [pool-103-thread-1] INFO  server.RaftServerConfigKeys (ConfUtils.java:logGet(44)) - raft.server.retrycache.statistics.expirytime = 100?s (default)
2021-05-22 19:12:23,254 [pool-103-thread-1] INFO  metrics.RatisMetrics (RatisMetrics.java:lambda$create$0(36)) - Creating Metrics Registry : ratis.leader_election.77d60ed4-b7ae-47d8-b664-0086abc1b028@group-CEE3C7E3D797
2021-05-22 19:12:23,255 [pool-126-thread-1] INFO  server.RaftServerConfigKeys (ConfUtils.java:logGet(44)) - raft.server.log.write.buffer.size = 1048576 (custom)
2021-05-22 19:12:23,255 [pool-126-thread-1] INFO  server.RaftServerConfigKeys (ConfUtils.java:logGet(44)) - raft.server.log.statemachine.data.caching.enabled = true (custom)
2021-05-22 19:12:23,256 [pool-103-thread-1] INFO  metrics.RatisMetrics (RatisMetrics.java:lambda$create$0(36)) - Creating Metrics Registry : ratis.server.77d60ed4-b7ae-47d8-b664-0086abc1b028@group-CEE3C7E3D797
2021-05-22 19:12:23,257 [pool-103-thread-1] INFO  server.RaftServer$Division (RaftServerImpl.java:start(295)) - 77d60ed4-b7ae-47d8-b664-0086abc1b028@group-CEE3C7E3D797: start as a follower, conf=-1: [ea0eae10-41b3-4db6-9afe-6a980641cba9|rpc:127.0.0.1:38377|priority:1, 77d60ed4-b7ae-47d8-b664-0086abc1b028|rpc:127.0.0.1:42583|priority:0, 37ad4b1d-96aa-49b2-b7c2-5ba74b6ff263|rpc:127.0.0.1:40699|priority:0], old=null
2021-05-22 19:12:23,257 [pool-103-thread-1] INFO  server.RaftServer$Division (RaftServerImpl.java:setRole(284)) - 77d60ed4-b7ae-47d8-b664-0086abc1b028@group-CEE3C7E3D797: changes role from      null to FOLLOWER at term 0 for startAsFollower
2021-05-22 19:12:23,257 [pool-103-thread-1] INFO  impl.RoleInfo (RoleInfo.java:updateAndGet(130)) - 77d60ed4-b7ae-47d8-b664-0086abc1b028: start 77d60ed4-b7ae-47d8-b664-0086abc1b028@group-CEE3C7E3D797-FollowerState
2021-05-22 19:12:23,258 [pool-126-thread-1] INFO  segmented.SegmentedRaftLogWorker (SegmentedRaftLogWorker.java:lambda$new$0(133)) - 37ad4b1d-96aa-49b2-b7c2-5ba74b6ff263@group-CEE3C7E3D797-SegmentedRaftLogWorker: flushIndex: setUnconditionally 0 -> -1
2021-05-22 19:12:23,258 [pool-126-thread-1] INFO  segmented.SegmentedRaftLogWorker (SegmentedRaftLogWorker.java:lambda$new$0(133)) - 37ad4b1d-96aa-49b2-b7c2-5ba74b6ff263@group-CEE3C7E3D797-SegmentedRaftLogWorker: safeCacheEvictIndex: setUnconditionally 0 -> -1
2021-05-22 19:12:23,261 [pool-103-thread-1] INFO  util.JmxRegister (JmxRegister.java:tryRegister(44)) - Successfully registered JMX Bean with object name Ratis:service=RaftServer,group=group-CEE3C7E3D797,id=77d60ed4-b7ae-47d8-b664-0086abc1b028
2021-05-22 19:12:23,261 [pool-103-thread-1] INFO  metrics.RatisMetrics (RatisMetrics.java:lambda$create$0(36)) - Creating Metrics Registry : ratis.state_machine.77d60ed4-b7ae-47d8-b664-0086abc1b028@group-CEE3C7E3D797
2021-05-22 19:12:23,265 [pool-126-thread-1] INFO  server.RaftServerConfigKeys (ConfUtils.java:logGet(44)) - raft.server.snapshot.auto.trigger.enabled = true (custom)
2021-05-22 19:12:23,265 [pool-126-thread-1] INFO  server.RaftServerConfigKeys (ConfUtils.java:logGet(44)) - raft.server.snapshot.auto.trigger.threshold = 10000 (custom)
2021-05-22 19:12:23,265 [pool-126-thread-1] INFO  server.RaftServerConfigKeys (ConfUtils.java:logGet(44)) - raft.server.snapshot.retention.file.num = 5 (custom)
2021-05-22 19:12:23,265 [pool-126-thread-1] INFO  server.RaftServerConfigKeys (ConfUtils.java:logGet(44)) - raft.server.log.purge.upto.snapshot.index = false (default)
2021-05-22 19:12:23,265 [pool-126-thread-1] INFO  server.RaftServerConfigKeys (ConfUtils.java:logGet(44)) - raft.server.retrycache.expirytime = 600000ms (custom)
2021-05-22 19:12:23,266 [pool-126-thread-1] INFO  server.RaftServerConfigKeys (ConfUtils.java:logGet(44)) - raft.server.retrycache.statistics.expirytime = 100?s (default)
2021-05-22 19:12:23,266 [pool-126-thread-1] INFO  metrics.RatisMetrics (RatisMetrics.java:lambda$create$0(36)) - Creating Metrics Registry : ratis.leader_election.37ad4b1d-96aa-49b2-b7c2-5ba74b6ff263@group-CEE3C7E3D797
2021-05-22 19:12:23,266 [pool-126-thread-1] INFO  metrics.RatisMetrics (RatisMetrics.java:lambda$create$0(36)) - Creating Metrics Registry : ratis.server.37ad4b1d-96aa-49b2-b7c2-5ba74b6ff263@group-CEE3C7E3D797
2021-05-22 19:12:23,267 [pool-126-thread-1] INFO  server.RaftServer$Division (RaftServerImpl.java:start(295)) - 37ad4b1d-96aa-49b2-b7c2-5ba74b6ff263@group-CEE3C7E3D797: start as a follower, conf=-1: [ea0eae10-41b3-4db6-9afe-6a980641cba9|rpc:127.0.0.1:38377|dataStream:|priority:1, 77d60ed4-b7ae-47d8-b664-0086abc1b028|rpc:127.0.0.1:42583|dataStream:|priority:0, 37ad4b1d-96aa-49b2-b7c2-5ba74b6ff263|rpc:127.0.0.1:40699|dataStream:|priority:0], old=null
2021-05-22 19:12:23,267 [pool-126-thread-1] INFO  server.RaftServer$Division (RaftServerImpl.java:setRole(284)) - 37ad4b1d-96aa-49b2-b7c2-5ba74b6ff263@group-CEE3C7E3D797: changes role from      null to FOLLOWER at term 0 for startAsFollower
2021-05-22 19:12:23,267 [pool-126-thread-1] INFO  impl.RoleInfo (RoleInfo.java:updateAndGet(130)) - 37ad4b1d-96aa-49b2-b7c2-5ba74b6ff263: start 37ad4b1d-96aa-49b2-b7c2-5ba74b6ff263@group-CEE3C7E3D797-FollowerState
2021-05-22 19:12:23,269 [pool-126-thread-1] INFO  util.JmxRegister (JmxRegister.java:tryRegister(44)) - Successfully registered JMX Bean with object name Ratis:service=RaftServer,group=group-CEE3C7E3D797,id=37ad4b1d-96aa-49b2-b7c2-5ba74b6ff263
2021-05-22 19:12:23,269 [pool-126-thread-1] INFO  metrics.RatisMetrics (RatisMetrics.java:lambda$create$0(36)) - Creating Metrics Registry : ratis.state_machine.37ad4b1d-96aa-49b2-b7c2-5ba74b6ff263@group-CEE3C7E3D797
2021-05-22 19:12:23,271 [Command processor thread] INFO  ratis.XceiverServerRatis (XceiverServerRatis.java:addGroup(808)) - Created group PipelineID=12abcdc4-f25a-4b3b-81bf-cee3c7e3d797
2021-05-22 19:12:23,280 [Command processor thread] INFO  metrics.RatisMetrics (RatisMetrics.java:lambda$create$0(36)) - Creating Metrics Registry : ratis.client_message_metrics.client-2D50C28D07A8->37ad4b1d-96aa-49b2-b7c2-5ba74b6ff263
2021-05-22 19:12:23,285 [Command processor thread] INFO  metrics.RatisMetrics (RatisMetrics.java:lambda$create$0(36)) - Creating Metrics Registry : ratis.client_message_metrics.client-2B0AAB699FDC->77d60ed4-b7ae-47d8-b664-0086abc1b028
2021-05-22 19:12:23,355 [Command processor thread] INFO  metrics.RatisMetrics (RatisMetrics.java:lambda$create$0(36)) - Creating Metrics Registry : ratis.client_message_metrics.client-605FF22EAC32->ea0eae10-41b3-4db6-9afe-6a980641cba9
2021-05-22 19:12:23,366 [Command processor thread] INFO  commandhandler.CreatePipelineCommandHandler (CreatePipelineCommandHandler.java:handle(106)) - Created Pipeline RATIS THREE PipelineID=12abcdc4-f25a-4b3b-81bf-cee3c7e3d797.
2021-05-22 19:12:23,368 [grpc-default-executor-2] INFO  metrics.RatisMetrics (RatisMetrics.java:lambda$create$0(36)) - Creating Metrics Registry : ratis.server_message_metrics.ea0eae10-41b3-4db6-9afe-6a980641cba9
2021-05-22 19:12:23,382 [Command processor thread] INFO  commandhandler.CreatePipelineCommandHandler (CreatePipelineCommandHandler.java:handle(106)) - Created Pipeline RATIS THREE PipelineID=12abcdc4-f25a-4b3b-81bf-cee3c7e3d797.
2021-05-22 19:12:23,434 [Command processor thread] INFO  server.RaftServer (RaftServerProxy.java:addNew(95)) - 37ad4b1d-96aa-49b2-b7c2-5ba74b6ff263: addNew group-EA5919BA224A:[37ad4b1d-96aa-49b2-b7c2-5ba74b6ff263|rpc:127.0.0.1:40699|priority:1] returns group-EA5919BA224A:java.util.concurrent.CompletableFuture@4ab1d357[Not completed]
2021-05-22 19:12:23,435 [pool-126-thread-1] INFO  server.RaftServer$Division (RaftServerImpl.java:<init>(180)) - 37ad4b1d-96aa-49b2-b7c2-5ba74b6ff263: new RaftServerImpl for group-EA5919BA224A:[37ad4b1d-96aa-49b2-b7c2-5ba74b6ff263|rpc:127.0.0.1:40699|priority:1] with ContainerStateMachine:uninitialized
2021-05-22 19:12:23,435 [pool-126-thread-1] INFO  server.RaftServerConfigKeys (ConfUtils.java:logGet(44)) - raft.server.rpc.timeout.min = 5s (custom)
2021-05-22 19:12:23,436 [pool-126-thread-1] INFO  server.RaftServerConfigKeys (ConfUtils.java:logGet(44)) - raft.server.rpc.timeout.max = 5200ms (custom)
2021-05-22 19:12:23,436 [pool-126-thread-1] INFO  server.RaftServerConfigKeys (ConfUtils.java:logGet(44)) - raft.server.rpc.sleep.time = 25ms (default)
2021-05-22 19:12:23,436 [pool-126-thread-1] INFO  server.RaftServerConfigKeys (ConfUtils.java:logGet(44)) - raft.server.rpc.slowness.timeout = 300s (custom)
2021-05-22 19:12:23,436 [pool-126-thread-1] INFO  server.RaftServerConfigKeys (ConfUtils.java:logGet(44)) - raft.server.leaderelection.leader.step-down.wait-time = 10s (default)
2021-05-22 19:12:23,436 [pool-126-thread-1] INFO  server.RaftServerConfigKeys (ConfUtils.java:logGet(44)) - raft.server.sleep.deviation.threshold = 300ms (default)
2021-05-22 19:12:23,436 [pool-126-thread-1] INFO  server.RaftServerConfigKeys (ConfUtils.java:logGet(44)) - raft.server.log.appender.install.snapshot.enabled = false (custom)
2021-05-22 19:12:23,436 [pool-126-thread-1] INFO  server.RaftServer$Division (ServerState.java:<init>(105)) - 37ad4b1d-96aa-49b2-b7c2-5ba74b6ff263@group-EA5919BA224A: ConfigurationManager, init=-1: [37ad4b1d-96aa-49b2-b7c2-5ba74b6ff263|rpc:127.0.0.1:40699|priority:1], old=null, confs=<EMPTY_MAP>
2021-05-22 19:12:23,436 [pool-126-thread-1] INFO  server.RaftServerConfigKeys (ConfUtils.java:logGet(44)) - raft.server.storage.dir = [/github/workspace/mnt/ozone/hadoop-ozone/integration-test/target/test-dir/MiniOzoneClusterImpl-5713c1a7-fb90-4566-9593-6537b218274a/datanode-2/data/ratis] (custom)
2021-05-22 19:12:23,437 [pool-126-thread-1] INFO  server.RaftServerConfigKeys (ConfUtils.java:logGet(44)) - raft.server.log.corruption.policy = EXCEPTION (default)
2021-05-22 19:12:23,437 [pool-126-thread-1] INFO  storage.RaftStorageDirectory (RaftStorageDirectoryImpl.java:analyzeStorage(132)) - The storage directory /github/workspace/mnt/ozone/hadoop-ozone/integration-test/target/test-dir/MiniOzoneClusterImpl-5713c1a7-fb90-4566-9593-6537b218274a/datanode-2/data/ratis/f38d1544-efbf-493a-b964-ea5919ba224a does not exist. Creating ...
2021-05-22 19:12:23,438 [pool-126-thread-1] INFO  storage.RaftStorageDirectory (RaftStorageDirectoryImpl.java:tryLock(215)) - Lock on /github/workspace/mnt/ozone/hadoop-ozone/integration-test/target/test-dir/MiniOzoneClusterImpl-5713c1a7-fb90-4566-9593-6537b218274a/datanode-2/data/ratis/f38d1544-efbf-493a-b964-ea5919ba224a/in_use.lock acquired by nodename 10976@a9243b6273c1
2021-05-22 19:12:23,440 [pool-126-thread-1] INFO  storage.RaftStorage (RaftStorageImpl.java:format(87)) - Storage directory /github/workspace/mnt/ozone/hadoop-ozone/integration-test/target/test-dir/MiniOzoneClusterImpl-5713c1a7-fb90-4566-9593-6537b218274a/datanode-2/data/ratis/f38d1544-efbf-493a-b964-ea5919ba224a has been successfully formatted.
2021-05-22 19:12:23,440 [pool-126-thread-1] INFO  ratis.ContainerStateMachine (ContainerStateMachine.java:loadSnapshot(224)) - group-EA5919BA224A: The snapshot info is null. Setting the last applied indexto:(t:0, i:~)
2021-05-22 19:12:23,441 [pool-126-thread-1] INFO  server.RaftServerConfigKeys (ConfUtils.java:logGet(44)) - raft.server.notification.no-leader.timeout = 300s (custom)
2021-05-22 19:12:23,441 [pool-126-thread-1] INFO  server.RaftServerConfigKeys (ConfUtils.java:logGet(44)) - raft.server.log.use.memory = false (default)
2021-05-22 19:12:23,441 [pool-126-thread-1] INFO  server.RaftServerConfigKeys (ConfUtils.java:logGet(44)) - raft.server.log.purge.gap = 1000000 (custom)
2021-05-22 19:12:23,441 [pool-126-thread-1] INFO  server.RaftServerConfigKeys (ConfUtils.java:logGet(44)) - raft.server.log.appender.buffer.byte-limit = 33554432 (custom)
2021-05-22 19:12:23,441 [pool-126-thread-1] INFO  metrics.RatisMetrics (RatisMetrics.java:lambda$create$0(36)) - Creating Metrics Registry : ratis.log_worker.37ad4b1d-96aa-49b2-b7c2-5ba74b6ff263@group-EA5919BA224A
2021-05-22 19:12:23,442 [EventQueue-PipelineReportForPipelineReportHandler] INFO  pipeline.PipelineManagerV2Impl (PipelineManagerV2Impl.java:openPipeline(270)) - Pipeline Pipeline[ Id: f38d1544-efbf-493a-b964-ea5919ba224a, Nodes: 37ad4b1d-96aa-49b2-b7c2-5ba74b6ff263{ip: 127.0.0.1, host: localhost, ports: [REPLICATION=42943, RATIS=40699, RATIS_ADMIN=40699, RATIS_SERVER=40699, STANDALONE=41397], networkLocation: /default-rack, certSerialId: null, persistedOpState: IN_SERVICE, persistedOpStateExpiryEpochSec: 0}, ReplicationConfig: RATIS/ONE, State:ALLOCATED, leaderId:37ad4b1d-96aa-49b2-b7c2-5ba74b6ff263, CreationTimestamp2021-05-22T19:12:20.444Z] moved to OPEN state
2021-05-22 19:12:23,442 [EventQueue-PipelineReportForOneReplicaPipelineSafeModeRule] INFO  safemode.SCMSafeModeManager (SCMSafeModeManager.java:validateSafeModeExitRules(201)) - AtleastOneDatanodeReportedRule rule is successfully validated
2021-05-22 19:12:23,443 [pool-126-thread-1] INFO  server.RaftServerConfigKeys (ConfUtils.java:logGet(44)) - raft.server.log.segment.size.max = 1048576 (custom)
2021-05-22 19:12:23,445 [pool-126-thread-1] INFO  server.RaftServerConfigKeys (ConfUtils.java:logGet(44)) - raft.server.log.segment.cache.num.max = 2 (custom)
2021-05-22 19:12:23,445 [pool-126-thread-1] INFO  server.RaftServerConfigKeys (ConfUtils.java:logGet(44)) - raft.server.log.segment.cache.size.max = 200MB (=209715200) (default)
2021-05-22 19:12:23,445 [pool-126-thread-1] INFO  segmented.SegmentedRaftLogWorker (SegmentedRaftLogWorker.java:<init>(182)) - new 37ad4b1d-96aa-49b2-b7c2-5ba74b6ff263@group-EA5919BA224A-SegmentedRaftLogWorker for RaftStorageImpl:Storage Directory /github/workspace/mnt/ozone/hadoop-ozone/integration-test/target/test-dir/MiniOzoneClusterImpl-5713c1a7-fb90-4566-9593-6537b218274a/datanode-2/data/ratis/f38d1544-efbf-493a-b964-ea5919ba224a
2021-05-22 19:12:23,445 [pool-126-thread-1] INFO  server.RaftServerConfigKeys (ConfUtils.java:logGet(44)) - raft.server.log.queue.byte-limit = 2147483647 (custom)
2021-05-22 19:12:23,445 [pool-126-thread-1] INFO  server.RaftServerConfigKeys (ConfUtils.java:logGet(44)) - raft.server.log.queue.element-limit = 1024 (custom)
2021-05-22 19:12:23,443 [EventQueue-PipelineReportForPipelineReportHandler] INFO  ha.SCMHAInvocationHandler (SCMHAInvocationHandler.java:invokeRatis(113)) - Invoking method public abstract void org.apache.hadoop.hdds.scm.pipeline.StateManager.updatePipelineState(org.apache.hadoop.hdds.protocol.proto.HddsProtos$PipelineID,org.apache.hadoop.hdds.protocol.proto.HddsProtos$PipelineState) throws java.io.IOException on target org.apache.hadoop.hdds.scm.ha.SCMRatisServerImpl@7e745896, cost 383.202us
2021-05-22 19:12:23,446 [EventQueue-PipelineReportForPipelineReportHandler] INFO  pipeline.PipelineManagerV2Impl (PipelineManagerV2Impl.java:openPipeline(270)) - Pipeline Pipeline[ Id: f38d1544-efbf-493a-b964-ea5919ba224a, Nodes: 37ad4b1d-96aa-49b2-b7c2-5ba74b6ff263{ip: 127.0.0.1, host: localhost, ports: [REPLICATION=42943, RATIS=40699, RATIS_ADMIN=40699, RATIS_SERVER=40699, STANDALONE=41397], networkLocation: /default-rack, certSerialId: null, persistedOpState: IN_SERVICE, persistedOpStateExpiryEpochSec: 0}, ReplicationConfig: RATIS/ONE, State:ALLOCATED, leaderId:37ad4b1d-96aa-49b2-b7c2-5ba74b6ff263, CreationTimestamp2021-05-22T19:12:20.444Z] moved to OPEN state
2021-05-22 19:12:23,447 [EventQueue-PipelineReportForPipelineReportHandler] ERROR pipeline.PipelineReportHandler (PipelineReportHandler.java:onMessage(93)) - Could not process pipeline report=pipelineID {
  id: "f38d1544-efbf-493a-b964-ea5919ba224a"
  uuid128 {
    mostSigBits: -897037364952610502
    leastSigBits: -5087684010617200054
  }
}
isLeader: false
bytesWritten: 0
 from dn=37ad4b1d-96aa-49b2-b7c2-5ba74b6ff263{ip: 127.0.0.1, host: localhost, ports: [REPLICATION=42943, RATIS=40699, RATIS_ADMIN=40699, RATIS_SERVER=40699, STANDALONE=41397], networkLocation: /default-rack, certSerialId: null, persistedOpState: null, persistedOpStateExpiryEpochSec: 0}.
org.apache.ratis.protocol.exceptions.NotLeaderException: Server c528a642-8365-4981-9ca8-5a52c1b1524d@group-6537B218274A is not the leader b5b91537-3281-48b1-9597-8f2f653ada85|rpc:localhost:12380|admin:|client:|dataStream:|priority:0
	at org.apache.ratis.server.impl.RaftServerImpl.generateNotLeaderException(RaftServerImpl.java:661)
	at org.apache.ratis.server.impl.RaftServerImpl.checkLeaderState(RaftServerImpl.java:626)
	at org.apache.ratis.server.impl.RaftServerImpl.submitClientRequestAsync(RaftServerImpl.java:754)
	at org.apache.ratis.server.impl.RaftServerProxy.lambda$submitClientRequestAsync$9(RaftServerProxy.java:417)
	at org.apache.ratis.server.impl.RaftServerProxy.lambda$null$7(RaftServerProxy.java:412)
	at org.apache.ratis.util.JavaUtils.callAsUnchecked(JavaUtils.java:115)
	at org.apache.ratis.server.impl.RaftServerProxy.lambda$submitRequest$8(RaftServerProxy.java:412)
	at java.util.concurrent.CompletableFuture.uniComposeStage(CompletableFuture.java:995)
	at java.util.concurrent.CompletableFuture.thenCompose(CompletableFuture.java:2137)
	at org.apache.ratis.server.impl.RaftServerProxy.submitRequest(RaftServerProxy.java:411)
	at org.apache.ratis.server.impl.RaftServerProxy.submitClientRequestAsync(RaftServerProxy.java:417)
	at org.apache.hadoop.hdds.scm.ha.SCMRatisServerImpl.submitRequest(SCMRatisServerImpl.java:214)
	at org.apache.hadoop.hdds.scm.ha.SCMHAInvocationHandler.invokeRatis(SCMHAInvocationHandler.java:110)
	at org.apache.hadoop.hdds.scm.ha.SCMHAInvocationHandler.invoke(SCMHAInvocationHandler.java:67)
	at com.sun.proxy.$Proxy22.updatePipelineState(Unknown Source)
	at org.apache.hadoop.hdds.scm.pipeline.PipelineManagerV2Impl.openPipeline(PipelineManagerV2Impl.java:271)
	at org.apache.hadoop.hdds.scm.pipeline.PipelineReportHandler.processPipelineReport(PipelineReportHandler.java:124)
	at org.apache.hadoop.hdds.scm.pipeline.PipelineReportHandler.onMessage(PipelineReportHandler.java:91)
	at org.apache.hadoop.hdds.scm.pipeline.PipelineReportHandler.onMessage(PipelineReportHandler.java:50)
	at org.apache.hadoop.hdds.server.events.SingleThreadExecutor.lambda$onMessage$1(SingleThreadExecutor.java:81)
	at java.util.concurrent.ThreadPoolExecutor.runWorker(ThreadPoolExecutor.java:1149)
	at java.util.concurrent.ThreadPoolExecutor$Worker.run(ThreadPoolExecutor.java:624)
	at java.lang.Thread.run(Thread.java:748)
2021-05-22 19:12:23,446 [EventQueue-PipelineReportForOneReplicaPipelineSafeModeRule] INFO  safemode.SCMSafeModeManager (SCMSafeModeManager.java:validateSafeModeExitRules(201)) - AtleastOneDatanodeReportedRule rule is successfully validated
2021-05-22 19:12:23,446 [Listener at 127.0.0.1/13280] INFO  ozone.MiniOzoneClusterImpl (MiniOzoneClusterImpl.java:lambda$waitForClusterToBeReady$0(224)) - Nodes are ready. Got 3 of 3 DN Heartbeats.
2021-05-22 19:12:23,455 [Listener at 127.0.0.1/13280] INFO  ozone.MiniOzoneClusterImpl (MiniOzoneClusterImpl.java:lambda$waitForClusterToBeReady$0(227)) - Waiting for cluster to exit safe mode
2021-05-22 19:12:23,455 [Listener at 127.0.0.1/13280] INFO  ozone.MiniOzoneClusterImpl (MiniOzoneClusterImpl.java:lambda$waitForClusterToBeReady$0(230)) - SCM became leader
2021-05-22 19:12:23,456 [pool-126-thread-1] INFO  server.RaftServerConfigKeys (ConfUtils.java:logGet(44)) - raft.server.log.segment.size.max = 1048576 (custom)
2021-05-22 19:12:23,456 [pool-126-thread-1] INFO  server.RaftServerConfigKeys (ConfUtils.java:logGet(44)) - raft.server.log.preallocated.size = 16384 (custom)
2021-05-22 19:12:23,456 [pool-126-thread-1] INFO  server.RaftServerConfigKeys (ConfUtils.java:logGet(44)) - raft.server.log.force.sync.num = 128 (default)
2021-05-22 19:12:23,456 [pool-126-thread-1] INFO  server.RaftServerConfigKeys (ConfUtils.java:logGet(44)) - raft.server.log.statemachine.data.sync = true (default)
2021-05-22 19:12:23,456 [pool-126-thread-1] INFO  server.RaftServerConfigKeys (ConfUtils.java:logGet(44)) - raft.server.log.statemachine.data.sync.timeout = 10s (default)
2021-05-22 19:12:23,456 [pool-126-thread-1] INFO  server.RaftServerConfigKeys (ConfUtils.java:logGet(44)) - raft.server.log.statemachine.data.sync.timeout.retry = -1 (default)
2021-05-22 19:12:23,457 [pool-126-thread-1] INFO  server.RaftServerConfigKeys (ConfUtils.java:logGet(44)) - raft.server.log.write.buffer.size = 1048576 (custom)
2021-05-22 19:12:23,458 [pool-126-thread-1] INFO  server.RaftServerConfigKeys (ConfUtils.java:logGet(44)) - raft.server.log.statemachine.data.caching.enabled = true (custom)
2021-05-22 19:12:23,459 [pool-126-thread-1] INFO  segmented.SegmentedRaftLogWorker (SegmentedRaftLogWorker.java:lambda$new$0(133)) - 37ad4b1d-96aa-49b2-b7c2-5ba74b6ff263@group-EA5919BA224A-SegmentedRaftLogWorker: flushIndex: setUnconditionally 0 -> -1
2021-05-22 19:12:23,459 [pool-126-thread-1] INFO  segmented.SegmentedRaftLogWorker (SegmentedRaftLogWorker.java:lambda$new$0(133)) - 37ad4b1d-96aa-49b2-b7c2-5ba74b6ff263@group-EA5919BA224A-SegmentedRaftLogWorker: safeCacheEvictIndex: setUnconditionally 0 -> -1
2021-05-22 19:12:23,459 [c528a642-8365-4981-9ca8-5a52c1b1524d@group-6537B218274A-StateMachineUpdater] INFO  ha.SCMStateMachine (SCMStateMachine.java:takeSnapshot(282)) - Current Snapshot Index 20, takeSnapshot took 1 ms
2021-05-22 19:12:23,459 [c528a642-8365-4981-9ca8-5a52c1b1524d@group-6537B218274A-StateMachineUpdater] INFO  impl.StateMachineUpdater (StateMachineUpdater.java:takeSnapshot(281)) - c528a642-8365-4981-9ca8-5a52c1b1524d@group-6537B218274A-StateMachineUpdater: Took a snapshot at index 20
2021-05-22 19:12:23,460 [c528a642-8365-4981-9ca8-5a52c1b1524d@group-6537B218274A-StateMachineUpdater] INFO  impl.StateMachineUpdater (StateMachineUpdater.java:lambda$new$0(89)) - c528a642-8365-4981-9ca8-5a52c1b1524d@group-6537B218274A-StateMachineUpdater: snapshotIndex: updateIncreasingly 15 -> 20
2021-05-22 19:12:23,460 [c528a642-8365-4981-9ca8-5a52c1b1524d@group-6537B218274A-StateMachineUpdater] INFO  raftlog.RaftLog (RaftLogBase.java:purge(306)) - c528a642-8365-4981-9ca8-5a52c1b1524d@group-6537B218274A-SegmentedRaftLog: purge 20
2021-05-22 19:12:23,460 [c528a642-8365-4981-9ca8-5a52c1b1524d@group-6537B218274A-StateMachineUpdater] INFO  raftlog.RaftLog (RaftLogBase.java:lambda$new$0(53)) - c528a642-8365-4981-9ca8-5a52c1b1524d@group-6537B218274A-SegmentedRaftLog: snapshotIndex: updateIncreasingly 15 -> 20
2021-05-22 19:12:23,460 [c528a642-8365-4981-9ca8-5a52c1b1524d@group-6537B218274A-StateMachineUpdater] INFO  raftlog.RaftLog (RaftLogBase.java:lambda$new$0(53)) - c528a642-8365-4981-9ca8-5a52c1b1524d@group-6537B218274A-SegmentedRaftLog: purgeIndex: updateToMax old=15, new=20, updated? true
2021-05-22 19:12:23,461 [pool-126-thread-1] INFO  server.RaftServerConfigKeys (ConfUtils.java:logGet(44)) - raft.server.snapshot.auto.trigger.enabled = true (custom)
2021-05-22 19:12:23,461 [pool-126-thread-1] INFO  server.RaftServerConfigKeys (ConfUtils.java:logGet(44)) - raft.server.snapshot.auto.trigger.threshold = 10000 (custom)
2021-05-22 19:12:23,461 [pool-126-thread-1] INFO  server.RaftServerConfigKeys (ConfUtils.java:logGet(44)) - raft.server.snapshot.retention.file.num = 5 (custom)
2021-05-22 19:12:23,461 [pool-126-thread-1] INFO  server.RaftServerConfigKeys (ConfUtils.java:logGet(44)) - raft.server.log.purge.upto.snapshot.index = false (default)
2021-05-22 19:12:23,461 [pool-126-thread-1] INFO  server.RaftServerConfigKeys (ConfUtils.java:logGet(44)) - raft.server.retrycache.expirytime = 600000ms (custom)
2021-05-22 19:12:23,461 [pool-126-thread-1] INFO  server.RaftServerConfigKeys (ConfUtils.java:logGet(44)) - raft.server.retrycache.statistics.expirytime = 100?s (default)
2021-05-22 19:12:23,461 [pool-126-thread-1] INFO  metrics.RatisMetrics (RatisMetrics.java:lambda$create$0(36)) - Creating Metrics Registry : ratis.leader_election.37ad4b1d-96aa-49b2-b7c2-5ba74b6ff263@group-EA5919BA224A
2021-05-22 19:12:23,462 [pool-126-thread-1] INFO  metrics.RatisMetrics (RatisMetrics.java:lambda$create$0(36)) - Creating Metrics Registry : ratis.server.37ad4b1d-96aa-49b2-b7c2-5ba74b6ff263@group-EA5919BA224A
2021-05-22 19:12:23,463 [pool-126-thread-1] INFO  server.RaftServer$Division (RaftServerImpl.java:start(295)) - 37ad4b1d-96aa-49b2-b7c2-5ba74b6ff263@group-EA5919BA224A: start as a follower, conf=-1: [37ad4b1d-96aa-49b2-b7c2-5ba74b6ff263|rpc:127.0.0.1:40699|priority:1], old=null
2021-05-22 19:12:23,463 [pool-126-thread-1] INFO  server.RaftServer$Division (RaftServerImpl.java:setRole(284)) - 37ad4b1d-96aa-49b2-b7c2-5ba74b6ff263@group-EA5919BA224A: changes role from      null to FOLLOWER at term 0 for startAsFollower
2021-05-22 19:12:23,463 [pool-126-thread-1] INFO  impl.RoleInfo (RoleInfo.java:updateAndGet(130)) - 37ad4b1d-96aa-49b2-b7c2-5ba74b6ff263: start 37ad4b1d-96aa-49b2-b7c2-5ba74b6ff263@group-EA5919BA224A-FollowerState
2021-05-22 19:12:23,463 [EventQueue-PipelineReportForPipelineReportHandler] INFO  ha.SCMHAInvocationHandler (SCMHAInvocationHandler.java:invokeRatis(113)) - Invoking method public abstract void org.apache.hadoop.hdds.scm.pipeline.StateManager.updatePipelineState(org.apache.hadoop.hdds.protocol.proto.HddsProtos$PipelineID,org.apache.hadoop.hdds.protocol.proto.HddsProtos$PipelineState) throws java.io.IOException on target org.apache.hadoop.hdds.scm.ha.SCMRatisServerImpl@5cbb90de, cost 16198.48us
2021-05-22 19:12:23,464 [EventQueue-OpenPipelineForHealthyPipelineSafeModeRule] INFO  safemode.SCMSafeModeManager (HealthyPipelineSafeModeRule.java:process(130)) - SCM in safe mode. Healthy pipelines reported count is 0, required healthy pipeline reported count is 1
2021-05-22 19:12:23,464 [pool-126-thread-1] INFO  util.JmxRegister (JmxRegister.java:tryRegister(44)) - Successfully registered JMX Bean with object name Ratis:service=RaftServer,group=group-EA5919BA224A,id=37ad4b1d-96aa-49b2-b7c2-5ba74b6ff263
2021-05-22 19:12:23,464 [pool-126-thread-1] INFO  metrics.RatisMetrics (RatisMetrics.java:lambda$create$0(36)) - Creating Metrics Registry : ratis.state_machine.37ad4b1d-96aa-49b2-b7c2-5ba74b6ff263@group-EA5919BA224A
2021-05-22 19:12:23,468 [Command processor thread] INFO  ratis.XceiverServerRatis (XceiverServerRatis.java:addGroup(808)) - Created group PipelineID=f38d1544-efbf-493a-b964-ea5919ba224a
2021-05-22 19:12:23,468 [Command processor thread] INFO  commandhandler.CreatePipelineCommandHandler (CreatePipelineCommandHandler.java:handle(106)) - Created Pipeline RATIS ONE PipelineID=f38d1544-efbf-493a-b964-ea5919ba224a.
2021-05-22 19:12:23,761 [EventQueue-PipelineReportForOneReplicaPipelineSafeModeRule] INFO  safemode.SCMSafeModeManager (SCMSafeModeManager.java:validateSafeModeExitRules(201)) - AtleastOneDatanodeReportedRule rule is successfully validated
2021-05-22 19:12:23,762 [EventQueue-OpenPipelineForHealthyPipelineSafeModeRule] INFO  safemode.SCMSafeModeManager (HealthyPipelineSafeModeRule.java:process(130)) - SCM in safe mode. Healthy pipelines reported count is 0, required healthy pipeline reported count is 1
2021-05-22 19:12:23,763 [EventQueue-PipelineReportForOneReplicaPipelineSafeModeRule] INFO  safemode.SCMSafeModeManager (SCMSafeModeManager.java:validateSafeModeExitRules(201)) - AtleastOneDatanodeReportedRule rule is successfully validated
2021-05-22 19:12:23,763 [EventQueue-OpenPipelineForHealthyPipelineSafeModeRule] INFO  safemode.SCMSafeModeManager (HealthyPipelineSafeModeRule.java:process(130)) - SCM in safe mode. Healthy pipelines reported count is 0, required healthy pipeline reported count is 1
2021-05-22 19:12:24,204 [EventQueue-PipelineReportForOneReplicaPipelineSafeModeRule] INFO  safemode.SCMSafeModeManager (SCMSafeModeManager.java:validateSafeModeExitRules(201)) - AtleastOneDatanodeReportedRule rule is successfully validated
2021-05-22 19:12:24,204 [EventQueue-OpenPipelineForHealthyPipelineSafeModeRule] INFO  safemode.SCMSafeModeManager (HealthyPipelineSafeModeRule.java:process(130)) - SCM in safe mode. Healthy pipelines reported count is 0, required healthy pipeline reported count is 1
2021-05-22 19:12:24,204 [EventQueue-PipelineReportForOneReplicaPipelineSafeModeRule] INFO  safemode.SCMSafeModeManager (SCMSafeModeManager.java:validateSafeModeExitRules(201)) - AtleastOneDatanodeReportedRule rule is successfully validated
2021-05-22 19:12:24,205 [EventQueue-OpenPipelineForHealthyPipelineSafeModeRule] INFO  safemode.SCMSafeModeManager (HealthyPipelineSafeModeRule.java:process(130)) - SCM in safe mode. Healthy pipelines reported count is 0, required healthy pipeline reported count is 1
2021-05-22 19:12:24,235 [EventQueue-PipelineReportForOneReplicaPipelineSafeModeRule] INFO  safemode.SCMSafeModeManager (SCMSafeModeManager.java:validateSafeModeExitRules(201)) - AtleastOneDatanodeReportedRule rule is successfully validated
2021-05-22 19:12:24,235 [EventQueue-OpenPipelineForHealthyPipelineSafeModeRule] INFO  safemode.SCMSafeModeManager (HealthyPipelineSafeModeRule.java:process(130)) - SCM in safe mode. Healthy pipelines reported count is 0, required healthy pipeline reported count is 1
2021-05-22 19:12:24,235 [EventQueue-PipelineReportForOneReplicaPipelineSafeModeRule] INFO  safemode.SCMSafeModeManager (SCMSafeModeManager.java:validateSafeModeExitRules(201)) - AtleastOneDatanodeReportedRule rule is successfully validated
2021-05-22 19:12:24,235 [EventQueue-OpenPipelineForHealthyPipelineSafeModeRule] INFO  safemode.SCMSafeModeManager (HealthyPipelineSafeModeRule.java:process(130)) - SCM in safe mode. Healthy pipelines reported count is 0, required healthy pipeline reported count is 1
2021-05-22 19:12:24,441 [Datanode State Machine Thread - 0] ERROR datanode.RunningDatanodeState (RunningDatanodeState.java:computeNextContainerState(199)) - Error in executing end point task.
java.util.concurrent.ExecutionException: java.util.concurrent.TimeoutException
	at java.util.concurrent.FutureTask.report(FutureTask.java:122)
	at java.util.concurrent.FutureTask.get(FutureTask.java:192)
	at org.apache.hadoop.ozone.container.common.states.datanode.RunningDatanodeState.computeNextContainerState(RunningDatanodeState.java:191)
	at org.apache.hadoop.ozone.container.common.states.datanode.RunningDatanodeState.await(RunningDatanodeState.java:231)
	at org.apache.hadoop.ozone.container.common.states.datanode.RunningDatanodeState.await(RunningDatanodeState.java:50)
	at org.apache.hadoop.ozone.container.common.statemachine.StateContext.execute(StateContext.java:579)
	at org.apache.hadoop.ozone.container.common.statemachine.DatanodeStateMachine.start(DatanodeStateMachine.java:233)
	at org.apache.hadoop.ozone.container.common.statemachine.DatanodeStateMachine.lambda$startDaemon$0(DatanodeStateMachine.java:410)
	at java.lang.Thread.run(Thread.java:748)
Caused by: java.util.concurrent.TimeoutException
	at java.util.concurrent.FutureTask.get(FutureTask.java:205)
	at org.apache.hadoop.ozone.container.common.states.datanode.RunningDatanodeState.lambda$execute$0(RunningDatanodeState.java:149)
	at java.util.concurrent.FutureTask.run(FutureTask.java:266)
	at java.util.concurrent.Executors$RunnableAdapter.call(Executors.java:511)
	at java.util.concurrent.FutureTask.run(FutureTask.java:266)
	at java.util.concurrent.ThreadPoolExecutor.runWorker(ThreadPoolExecutor.java:1149)
	at java.util.concurrent.ThreadPoolExecutor$Worker.run(ThreadPoolExecutor.java:624)
	... 1 more
2021-05-22 19:12:24,445 [EventQueue-PipelineReportForOneReplicaPipelineSafeModeRule] INFO  safemode.SCMSafeModeManager (SCMSafeModeManager.java:validateSafeModeExitRules(201)) - AtleastOneDatanodeReportedRule rule is successfully validated
2021-05-22 19:12:24,446 [EventQueue-OpenPipelineForHealthyPipelineSafeModeRule] INFO  safemode.SCMSafeModeManager (HealthyPipelineSafeModeRule.java:process(130)) - SCM in safe mode. Healthy pipelines reported count is 0, required healthy pipeline reported count is 1
2021-05-22 19:12:24,446 [EventQueue-PipelineReportForOneReplicaPipelineSafeModeRule] INFO  safemode.SCMSafeModeManager (SCMSafeModeManager.java:validateSafeModeExitRules(201)) - AtleastOneDatanodeReportedRule rule is successfully validated
2021-05-22 19:12:24,447 [EventQueue-OpenPipelineForHealthyPipelineSafeModeRule] INFO  safemode.SCMSafeModeManager (HealthyPipelineSafeModeRule.java:process(130)) - SCM in safe mode. Healthy pipelines reported count is 0, required healthy pipeline reported count is 1
2021-05-22 19:12:24,455 [Listener at 127.0.0.1/13280] INFO  ozone.MiniOzoneClusterImpl (MiniOzoneClusterImpl.java:lambda$waitForClusterToBeReady$0(224)) - Nodes are ready. Got 3 of 3 DN Heartbeats.
2021-05-22 19:12:24,456 [Listener at 127.0.0.1/13280] INFO  ozone.MiniOzoneClusterImpl (MiniOzoneClusterImpl.java:lambda$waitForClusterToBeReady$0(227)) - Waiting for cluster to exit safe mode
2021-05-22 19:12:24,456 [Listener at 127.0.0.1/13280] INFO  ozone.MiniOzoneClusterImpl (MiniOzoneClusterImpl.java:lambda$waitForClusterToBeReady$0(230)) - SCM became leader
2021-05-22 19:12:25,205 [EventQueue-PipelineReportForOneReplicaPipelineSafeModeRule] INFO  safemode.SCMSafeModeManager (SCMSafeModeManager.java:validateSafeModeExitRules(201)) - AtleastOneDatanodeReportedRule rule is successfully validated
2021-05-22 19:12:25,205 [EventQueue-PipelineReportForOneReplicaPipelineSafeModeRule] INFO  safemode.SCMSafeModeManager (SCMSafeModeManager.java:validateSafeModeExitRules(201)) - AtleastOneDatanodeReportedRule rule is successfully validated
2021-05-22 19:12:25,205 [EventQueue-OpenPipelineForHealthyPipelineSafeModeRule] INFO  safemode.SCMSafeModeManager (HealthyPipelineSafeModeRule.java:process(130)) - SCM in safe mode. Healthy pipelines reported count is 0, required healthy pipeline reported count is 1
2021-05-22 19:12:25,207 [EventQueue-OpenPipelineForHealthyPipelineSafeModeRule] INFO  safemode.SCMSafeModeManager (HealthyPipelineSafeModeRule.java:process(130)) - SCM in safe mode. Healthy pipelines reported count is 0, required healthy pipeline reported count is 1
2021-05-22 19:12:25,237 [EventQueue-OpenPipelineForHealthyPipelineSafeModeRule] INFO  safemode.SCMSafeModeManager (HealthyPipelineSafeModeRule.java:process(130)) - SCM in safe mode. Healthy pipelines reported count is 0, required healthy pipeline reported count is 1
2021-05-22 19:12:25,237 [EventQueue-PipelineReportForOneReplicaPipelineSafeModeRule] INFO  safemode.SCMSafeModeManager (SCMSafeModeManager.java:validateSafeModeExitRules(201)) - AtleastOneDatanodeReportedRule rule is successfully validated
2021-05-22 19:12:25,238 [EventQueue-PipelineReportForOneReplicaPipelineSafeModeRule] INFO  safemode.SCMSafeModeManager (SCMSafeModeManager.java:validateSafeModeExitRules(201)) - AtleastOneDatanodeReportedRule rule is successfully validated
2021-05-22 19:12:25,238 [EventQueue-OpenPipelineForHealthyPipelineSafeModeRule] INFO  safemode.SCMSafeModeManager (HealthyPipelineSafeModeRule.java:process(130)) - SCM in safe mode. Healthy pipelines reported count is 0, required healthy pipeline reported count is 1
2021-05-22 19:12:25,444 [Datanode State Machine Thread - 0] ERROR datanode.RunningDatanodeState (RunningDatanodeState.java:computeNextContainerState(199)) - Error in executing end point task.
java.util.concurrent.ExecutionException: java.util.concurrent.TimeoutException
	at java.util.concurrent.FutureTask.report(FutureTask.java:122)
	at java.util.concurrent.FutureTask.get(FutureTask.java:192)
	at org.apache.hadoop.ozone.container.common.states.datanode.RunningDatanodeState.computeNextContainerState(RunningDatanodeState.java:191)
	at org.apache.hadoop.ozone.container.common.states.datanode.RunningDatanodeState.await(RunningDatanodeState.java:231)
	at org.apache.hadoop.ozone.container.common.states.datanode.RunningDatanodeState.await(RunningDatanodeState.java:50)
	at org.apache.hadoop.ozone.container.common.statemachine.StateContext.execute(StateContext.java:579)
	at org.apache.hadoop.ozone.container.common.statemachine.DatanodeStateMachine.start(DatanodeStateMachine.java:233)
	at org.apache.hadoop.ozone.container.common.statemachine.DatanodeStateMachine.lambda$startDaemon$0(DatanodeStateMachine.java:410)
	at java.lang.Thread.run(Thread.java:748)
Caused by: java.util.concurrent.TimeoutException
	at java.util.concurrent.FutureTask.get(FutureTask.java:205)
	at org.apache.hadoop.ozone.container.common.states.datanode.RunningDatanodeState.lambda$execute$0(RunningDatanodeState.java:149)
	at java.util.concurrent.FutureTask.run(FutureTask.java:266)
	at java.util.concurrent.Executors$RunnableAdapter.call(Executors.java:511)
	at java.util.concurrent.FutureTask.run(FutureTask.java:266)
	at java.util.concurrent.ThreadPoolExecutor.runWorker(ThreadPoolExecutor.java:1149)
	at java.util.concurrent.ThreadPoolExecutor$Worker.run(ThreadPoolExecutor.java:624)
	... 1 more
2021-05-22 19:12:25,448 [EventQueue-OpenPipelineForHealthyPipelineSafeModeRule] INFO  safemode.SCMSafeModeManager (HealthyPipelineSafeModeRule.java:process(130)) - SCM in safe mode. Healthy pipelines reported count is 0, required healthy pipeline reported count is 1
2021-05-22 19:12:25,448 [EventQueue-PipelineReportForOneReplicaPipelineSafeModeRule] INFO  safemode.SCMSafeModeManager (SCMSafeModeManager.java:validateSafeModeExitRules(201)) - AtleastOneDatanodeReportedRule rule is successfully validated
2021-05-22 19:12:25,449 [EventQueue-OpenPipelineForHealthyPipelineSafeModeRule] INFO  safemode.SCMSafeModeManager (HealthyPipelineSafeModeRule.java:process(130)) - SCM in safe mode. Healthy pipelines reported count is 0, required healthy pipeline reported count is 1
2021-05-22 19:12:25,449 [EventQueue-PipelineReportForOneReplicaPipelineSafeModeRule] INFO  safemode.SCMSafeModeManager (SCMSafeModeManager.java:validateSafeModeExitRules(201)) - AtleastOneDatanodeReportedRule rule is successfully validated
2021-05-22 19:12:25,457 [Listener at 127.0.0.1/13280] INFO  ozone.MiniOzoneClusterImpl (MiniOzoneClusterImpl.java:lambda$waitForClusterToBeReady$0(224)) - Nodes are ready. Got 3 of 3 DN Heartbeats.
2021-05-22 19:12:25,457 [Listener at 127.0.0.1/13280] INFO  ozone.MiniOzoneClusterImpl (MiniOzoneClusterImpl.java:lambda$waitForClusterToBeReady$0(227)) - Waiting for cluster to exit safe mode
2021-05-22 19:12:25,457 [Listener at 127.0.0.1/13280] INFO  ozone.MiniOzoneClusterImpl (MiniOzoneClusterImpl.java:lambda$waitForClusterToBeReady$0(230)) - SCM became leader
2021-05-22 19:12:26,206 [EventQueue-PipelineReportForOneReplicaPipelineSafeModeRule] INFO  safemode.SCMSafeModeManager (SCMSafeModeManager.java:validateSafeModeExitRules(201)) - AtleastOneDatanodeReportedRule rule is successfully validated
2021-05-22 19:12:26,206 [EventQueue-PipelineReportForOneReplicaPipelineSafeModeRule] INFO  safemode.SCMSafeModeManager (SCMSafeModeManager.java:validateSafeModeExitRules(201)) - AtleastOneDatanodeReportedRule rule is successfully validated
2021-05-22 19:12:26,206 [EventQueue-OpenPipelineForHealthyPipelineSafeModeRule] INFO  safemode.SCMSafeModeManager (HealthyPipelineSafeModeRule.java:process(130)) - SCM in safe mode. Healthy pipelines reported count is 0, required healthy pipeline reported count is 1
2021-05-22 19:12:26,206 [EventQueue-OpenPipelineForHealthyPipelineSafeModeRule] INFO  safemode.SCMSafeModeManager (HealthyPipelineSafeModeRule.java:process(130)) - SCM in safe mode. Healthy pipelines reported count is 0, required healthy pipeline reported count is 1
2021-05-22 19:12:26,236 [Datanode State Machine Thread - 0] ERROR datanode.RunningDatanodeState (RunningDatanodeState.java:computeNextContainerState(199)) - Error in executing end point task.
java.util.concurrent.ExecutionException: java.util.concurrent.TimeoutException
	at java.util.concurrent.FutureTask.report(FutureTask.java:122)
	at java.util.concurrent.FutureTask.get(FutureTask.java:192)
	at org.apache.hadoop.ozone.container.common.states.datanode.RunningDatanodeState.computeNextContainerState(RunningDatanodeState.java:191)
	at org.apache.hadoop.ozone.container.common.states.datanode.RunningDatanodeState.await(RunningDatanodeState.java:231)
	at org.apache.hadoop.ozone.container.common.states.datanode.RunningDatanodeState.await(RunningDatanodeState.java:50)
	at org.apache.hadoop.ozone.container.common.statemachine.StateContext.execute(StateContext.java:579)
	at org.apache.hadoop.ozone.container.common.statemachine.DatanodeStateMachine.start(DatanodeStateMachine.java:233)
	at org.apache.hadoop.ozone.container.common.statemachine.DatanodeStateMachine.lambda$startDaemon$0(DatanodeStateMachine.java:410)
	at java.lang.Thread.run(Thread.java:748)
Caused by: java.util.concurrent.TimeoutException
	at java.util.concurrent.FutureTask.get(FutureTask.java:205)
	at org.apache.hadoop.ozone.container.common.states.datanode.RunningDatanodeState.lambda$execute$0(RunningDatanodeState.java:149)
	at java.util.concurrent.FutureTask.run(FutureTask.java:266)
	at java.util.concurrent.Executors$RunnableAdapter.call(Executors.java:511)
	at java.util.concurrent.FutureTask.run(FutureTask.java:266)
	at java.util.concurrent.ThreadPoolExecutor.runWorker(ThreadPoolExecutor.java:1149)
	at java.util.concurrent.ThreadPoolExecutor$Worker.run(ThreadPoolExecutor.java:624)
	... 1 more
2021-05-22 19:12:26,240 [EventQueue-PipelineReportForOneReplicaPipelineSafeModeRule] INFO  safemode.SCMSafeModeManager (SCMSafeModeManager.java:validateSafeModeExitRules(201)) - AtleastOneDatanodeReportedRule rule is successfully validated
2021-05-22 19:12:26,240 [EventQueue-PipelineReportForOneReplicaPipelineSafeModeRule] INFO  safemode.SCMSafeModeManager (SCMSafeModeManager.java:validateSafeModeExitRules(201)) - AtleastOneDatanodeReportedRule rule is successfully validated
2021-05-22 19:12:26,240 [EventQueue-OpenPipelineForHealthyPipelineSafeModeRule] INFO  safemode.SCMSafeModeManager (HealthyPipelineSafeModeRule.java:process(130)) - SCM in safe mode. Healthy pipelines reported count is 0, required healthy pipeline reported count is 1
2021-05-22 19:12:26,240 [EventQueue-OpenPipelineForHealthyPipelineSafeModeRule] INFO  safemode.SCMSafeModeManager (HealthyPipelineSafeModeRule.java:process(130)) - SCM in safe mode. Healthy pipelines reported count is 0, required healthy pipeline reported count is 1
2021-05-22 19:12:26,449 [EventQueue-PipelineReportForOneReplicaPipelineSafeModeRule] INFO  safemode.SCMSafeModeManager (SCMSafeModeManager.java:validateSafeModeExitRules(201)) - AtleastOneDatanodeReportedRule rule is successfully validated
2021-05-22 19:12:26,449 [EventQueue-PipelineReportForOneReplicaPipelineSafeModeRule] INFO  safemode.SCMSafeModeManager (SCMSafeModeManager.java:validateSafeModeExitRules(201)) - AtleastOneDatanodeReportedRule rule is successfully validated
2021-05-22 19:12:26,449 [EventQueue-OpenPipelineForHealthyPipelineSafeModeRule] INFO  safemode.SCMSafeModeManager (HealthyPipelineSafeModeRule.java:process(130)) - SCM in safe mode. Healthy pipelines reported count is 0, required healthy pipeline reported count is 1
2021-05-22 19:12:26,449 [EventQueue-OpenPipelineForHealthyPipelineSafeModeRule] INFO  safemode.SCMSafeModeManager (HealthyPipelineSafeModeRule.java:process(130)) - SCM in safe mode. Healthy pipelines reported count is 0, required healthy pipeline reported count is 1
2021-05-22 19:12:26,458 [Listener at 127.0.0.1/13280] INFO  ozone.MiniOzoneClusterImpl (MiniOzoneClusterImpl.java:lambda$waitForClusterToBeReady$0(224)) - Nodes are ready. Got 3 of 3 DN Heartbeats.
2021-05-22 19:12:26,458 [Listener at 127.0.0.1/13280] INFO  ozone.MiniOzoneClusterImpl (MiniOzoneClusterImpl.java:lambda$waitForClusterToBeReady$0(227)) - Waiting for cluster to exit safe mode
2021-05-22 19:12:26,458 [Listener at 127.0.0.1/13280] INFO  ozone.MiniOzoneClusterImpl (MiniOzoneClusterImpl.java:lambda$waitForClusterToBeReady$0(230)) - SCM became leader
2021-05-22 19:12:27,206 [EventQueue-OpenPipelineForHealthyPipelineSafeModeRule] INFO  safemode.SCMSafeModeManager (HealthyPipelineSafeModeRule.java:process(130)) - SCM in safe mode. Healthy pipelines reported count is 0, required healthy pipeline reported count is 1
2021-05-22 19:12:27,206 [EventQueue-PipelineReportForOneReplicaPipelineSafeModeRule] INFO  safemode.SCMSafeModeManager (SCMSafeModeManager.java:validateSafeModeExitRules(201)) - AtleastOneDatanodeReportedRule rule is successfully validated
2021-05-22 19:12:27,206 [EventQueue-PipelineReportForOneReplicaPipelineSafeModeRule] INFO  safemode.SCMSafeModeManager (SCMSafeModeManager.java:validateSafeModeExitRules(201)) - AtleastOneDatanodeReportedRule rule is successfully validated
2021-05-22 19:12:27,207 [EventQueue-OpenPipelineForHealthyPipelineSafeModeRule] INFO  safemode.SCMSafeModeManager (HealthyPipelineSafeModeRule.java:process(130)) - SCM in safe mode. Healthy pipelines reported count is 0, required healthy pipeline reported count is 1
2021-05-22 19:12:27,240 [EventQueue-PipelineReportForOneReplicaPipelineSafeModeRule] INFO  safemode.SCMSafeModeManager (SCMSafeModeManager.java:validateSafeModeExitRules(201)) - AtleastOneDatanodeReportedRule rule is successfully validated
2021-05-22 19:12:27,240 [EventQueue-OpenPipelineForHealthyPipelineSafeModeRule] INFO  safemode.SCMSafeModeManager (HealthyPipelineSafeModeRule.java:process(130)) - SCM in safe mode. Healthy pipelines reported count is 0, required healthy pipeline reported count is 1
2021-05-22 19:12:27,241 [EventQueue-PipelineReportForOneReplicaPipelineSafeModeRule] INFO  safemode.SCMSafeModeManager (SCMSafeModeManager.java:validateSafeModeExitRules(201)) - AtleastOneDatanodeReportedRule rule is successfully validated
2021-05-22 19:12:27,241 [EventQueue-OpenPipelineForHealthyPipelineSafeModeRule] INFO  safemode.SCMSafeModeManager (HealthyPipelineSafeModeRule.java:process(130)) - SCM in safe mode. Healthy pipelines reported count is 0, required healthy pipeline reported count is 1
2021-05-22 19:12:27,448 [EventQueue-OpenPipelineForHealthyPipelineSafeModeRule] INFO  safemode.SCMSafeModeManager (HealthyPipelineSafeModeRule.java:process(130)) - SCM in safe mode. Healthy pipelines reported count is 0, required healthy pipeline reported count is 1
2021-05-22 19:12:27,449 [EventQueue-PipelineReportForOneReplicaPipelineSafeModeRule] INFO  safemode.SCMSafeModeManager (SCMSafeModeManager.java:validateSafeModeExitRules(201)) - AtleastOneDatanodeReportedRule rule is successfully validated
2021-05-22 19:12:27,448 [EventQueue-PipelineReportForOneReplicaPipelineSafeModeRule] INFO  safemode.SCMSafeModeManager (SCMSafeModeManager.java:validateSafeModeExitRules(201)) - AtleastOneDatanodeReportedRule rule is successfully validated
2021-05-22 19:12:27,449 [EventQueue-OpenPipelineForHealthyPipelineSafeModeRule] INFO  safemode.SCMSafeModeManager (HealthyPipelineSafeModeRule.java:process(130)) - SCM in safe mode. Healthy pipelines reported count is 0, required healthy pipeline reported count is 1
2021-05-22 19:12:27,459 [Listener at 127.0.0.1/13280] INFO  ozone.MiniOzoneClusterImpl (MiniOzoneClusterImpl.java:lambda$waitForClusterToBeReady$0(224)) - Nodes are ready. Got 3 of 3 DN Heartbeats.
2021-05-22 19:12:27,459 [Listener at 127.0.0.1/13280] INFO  ozone.MiniOzoneClusterImpl (MiniOzoneClusterImpl.java:lambda$waitForClusterToBeReady$0(227)) - Waiting for cluster to exit safe mode
2021-05-22 19:12:27,460 [Listener at 127.0.0.1/13280] INFO  ozone.MiniOzoneClusterImpl (MiniOzoneClusterImpl.java:lambda$waitForClusterToBeReady$0(230)) - SCM became leader
2021-05-22 19:12:27,948 [ea0eae10-41b3-4db6-9afe-6a980641cba9@group-548F0586065B-FollowerState] INFO  impl.FollowerState (FollowerState.java:run(134)) - ea0eae10-41b3-4db6-9afe-6a980641cba9@group-548F0586065B-FollowerState: change to CANDIDATE, lastRpcElapsedTime:5059054357ns, electionTimeout:5050ms
2021-05-22 19:12:27,949 [ea0eae10-41b3-4db6-9afe-6a980641cba9@group-548F0586065B-FollowerState] INFO  impl.RoleInfo (RoleInfo.java:shutdownFollowerState(108)) - ea0eae10-41b3-4db6-9afe-6a980641cba9: shutdown ea0eae10-41b3-4db6-9afe-6a980641cba9@group-548F0586065B-FollowerState
2021-05-22 19:12:27,949 [ea0eae10-41b3-4db6-9afe-6a980641cba9@group-548F0586065B-FollowerState] INFO  server.RaftServer$Division (RaftServerImpl.java:setRole(284)) - ea0eae10-41b3-4db6-9afe-6a980641cba9@group-548F0586065B: changes role from  FOLLOWER to CANDIDATE at term 0 for changeToCandidate
2021-05-22 19:12:27,949 [ea0eae10-41b3-4db6-9afe-6a980641cba9@group-548F0586065B-FollowerState] INFO  server.RaftServerConfigKeys (ConfUtils.java:logGet(44)) - raft.server.leaderelection.pre-vote = false (custom)
2021-05-22 19:12:27,949 [ea0eae10-41b3-4db6-9afe-6a980641cba9@group-548F0586065B-FollowerState] INFO  impl.RoleInfo (RoleInfo.java:updateAndGet(130)) - ea0eae10-41b3-4db6-9afe-6a980641cba9: start ea0eae10-41b3-4db6-9afe-6a980641cba9@group-548F0586065B-LeaderElection4
2021-05-22 19:12:27,956 [ea0eae10-41b3-4db6-9afe-6a980641cba9@group-548F0586065B-LeaderElection4] INFO  impl.LeaderElection (LeaderElection.java:askForVotes(306)) - ea0eae10-41b3-4db6-9afe-6a980641cba9@group-548F0586065B-LeaderElection4 ELECTION round 0: submit vote requests at term 1 for -1: [ea0eae10-41b3-4db6-9afe-6a980641cba9|rpc:127.0.0.1:38377|priority:0, 77d60ed4-b7ae-47d8-b664-0086abc1b028|rpc:127.0.0.1:42583|priority:0, 37ad4b1d-96aa-49b2-b7c2-5ba74b6ff263|rpc:127.0.0.1:40699|priority:1], old=null
2021-05-22 19:12:27,967 [ea0eae10-41b3-4db6-9afe-6a980641cba9@group-6ADC6040D27E-FollowerState] INFO  impl.FollowerState (FollowerState.java:run(134)) - ea0eae10-41b3-4db6-9afe-6a980641cba9@group-6ADC6040D27E-FollowerState: change to CANDIDATE, lastRpcElapsedTime:5137347042ns, electionTimeout:5131ms
2021-05-22 19:12:27,968 [ea0eae10-41b3-4db6-9afe-6a980641cba9@group-6ADC6040D27E-FollowerState] INFO  impl.RoleInfo (RoleInfo.java:shutdownFollowerState(108)) - ea0eae10-41b3-4db6-9afe-6a980641cba9: shutdown ea0eae10-41b3-4db6-9afe-6a980641cba9@group-6ADC6040D27E-FollowerState
2021-05-22 19:12:27,968 [ea0eae10-41b3-4db6-9afe-6a980641cba9@group-6ADC6040D27E-FollowerState] INFO  server.RaftServer$Division (RaftServerImpl.java:setRole(284)) - ea0eae10-41b3-4db6-9afe-6a980641cba9@group-6ADC6040D27E: changes role from  FOLLOWER to CANDIDATE at term 0 for changeToCandidate
2021-05-22 19:12:27,969 [ea0eae10-41b3-4db6-9afe-6a980641cba9@group-6ADC6040D27E-FollowerState] INFO  server.RaftServerConfigKeys (ConfUtils.java:logGet(44)) - raft.server.leaderelection.pre-vote = false (custom)
2021-05-22 19:12:27,970 [ea0eae10-41b3-4db6-9afe-6a980641cba9@group-6ADC6040D27E-FollowerState] INFO  impl.RoleInfo (RoleInfo.java:updateAndGet(130)) - ea0eae10-41b3-4db6-9afe-6a980641cba9: start ea0eae10-41b3-4db6-9afe-6a980641cba9@group-6ADC6040D27E-LeaderElection5
2021-05-22 19:12:27,982 [ea0eae10-41b3-4db6-9afe-6a980641cba9@group-6ADC6040D27E-LeaderElection5] INFO  impl.LeaderElection (LeaderElection.java:askForVotes(306)) - ea0eae10-41b3-4db6-9afe-6a980641cba9@group-6ADC6040D27E-LeaderElection5 ELECTION round 0: submit vote requests at term 1 for -1: [ea0eae10-41b3-4db6-9afe-6a980641cba9|rpc:127.0.0.1:38377|priority:1], old=null
2021-05-22 19:12:27,982 [ea0eae10-41b3-4db6-9afe-6a980641cba9@group-6ADC6040D27E-LeaderElection5] INFO  impl.LeaderElection (LeaderElection.java:askForVotes(308)) - ea0eae10-41b3-4db6-9afe-6a980641cba9@group-6ADC6040D27E-LeaderElection5 ELECTION round 0: result PASSED (term=1)
2021-05-22 19:12:27,982 [ea0eae10-41b3-4db6-9afe-6a980641cba9@group-6ADC6040D27E-LeaderElection5] INFO  impl.RoleInfo (RoleInfo.java:shutdownLeaderElection(121)) - ea0eae10-41b3-4db6-9afe-6a980641cba9: shutdown ea0eae10-41b3-4db6-9afe-6a980641cba9@group-6ADC6040D27E-LeaderElection5
2021-05-22 19:12:27,982 [ea0eae10-41b3-4db6-9afe-6a980641cba9@group-6ADC6040D27E-LeaderElection5] INFO  server.RaftServer$Division (RaftServerImpl.java:setRole(284)) - ea0eae10-41b3-4db6-9afe-6a980641cba9@group-6ADC6040D27E: changes role from CANDIDATE to LEADER at term 1 for changeToLeader
2021-05-22 19:12:27,982 [ea0eae10-41b3-4db6-9afe-6a980641cba9@group-6ADC6040D27E-LeaderElection5] INFO  ratis.XceiverServerRatis (XceiverServerRatis.java:handleLeaderChangedNotification(906)) - Leader change notification received for group: group-6ADC6040D27E with new leaderId: ea0eae10-41b3-4db6-9afe-6a980641cba9
2021-05-22 19:12:27,983 [ea0eae10-41b3-4db6-9afe-6a980641cba9@group-6ADC6040D27E-LeaderElection5] INFO  server.RaftServer$Division (ServerState.java:setLeader(271)) - ea0eae10-41b3-4db6-9afe-6a980641cba9@group-6ADC6040D27E: change Leader from null to ea0eae10-41b3-4db6-9afe-6a980641cba9 at term 1 for becomeLeader, leader elected after 5193ms
2021-05-22 19:12:27,983 [ea0eae10-41b3-4db6-9afe-6a980641cba9@group-6ADC6040D27E-LeaderElection5] INFO  server.RaftServerConfigKeys (ConfUtils.java:logGet(44)) - raft.server.staging.catchup.gap = 1000 (default)
2021-05-22 19:12:27,983 [ea0eae10-41b3-4db6-9afe-6a980641cba9@group-6ADC6040D27E-LeaderElection5] INFO  metrics.RatisMetrics (RatisMetrics.java:lambda$create$0(36)) - Creating Metrics Registry : ratis.log_appender.ea0eae10-41b3-4db6-9afe-6a980641cba9@group-6ADC6040D27E
2021-05-22 19:12:27,984 [ea0eae10-41b3-4db6-9afe-6a980641cba9@group-6ADC6040D27E-LeaderElection5] INFO  server.RaftServerConfigKeys (ConfUtils.java:logGet(44)) - raft.server.write.element-limit = 1024 (custom)
2021-05-22 19:12:27,984 [ea0eae10-41b3-4db6-9afe-6a980641cba9@group-6ADC6040D27E-LeaderElection5] INFO  server.RaftServerConfigKeys (ConfUtils.java:logGet(44)) - raft.server.write.byte-limit = 1073741824 (custom)
2021-05-22 19:12:27,984 [ea0eae10-41b3-4db6-9afe-6a980641cba9@group-6ADC6040D27E-LeaderElection5] INFO  server.RaftServerConfigKeys (ConfUtils.java:logGet(44)) - raft.server.watch.timeout = 180s (custom)
2021-05-22 19:12:27,984 [ea0eae10-41b3-4db6-9afe-6a980641cba9@group-6ADC6040D27E-LeaderElection5] INFO  server.RaftServerConfigKeys (ConfUtils.java:logGet(44)) - raft.server.watch.timeout.denomination = 1s (default)
2021-05-22 19:12:27,985 [ea0eae10-41b3-4db6-9afe-6a980641cba9@group-6ADC6040D27E-LeaderElection5] INFO  server.RaftServerConfigKeys (ConfUtils.java:logGet(44)) - raft.server.watch.element-limit = 65536 (default)
2021-05-22 19:12:27,985 [ea0eae10-41b3-4db6-9afe-6a980641cba9@group-6ADC6040D27E-LeaderElection5] INFO  impl.RoleInfo (RoleInfo.java:updateAndGet(130)) - ea0eae10-41b3-4db6-9afe-6a980641cba9: start ea0eae10-41b3-4db6-9afe-6a980641cba9@group-6ADC6040D27E-LeaderStateImpl
2021-05-22 19:12:27,985 [ea0eae10-41b3-4db6-9afe-6a980641cba9@group-6ADC6040D27E-LeaderElection5] INFO  segmented.SegmentedRaftLogWorker (SegmentedRaftLogWorker.java:startLogSegment(394)) - ea0eae10-41b3-4db6-9afe-6a980641cba9@group-6ADC6040D27E-SegmentedRaftLogWorker: Starting segment from index:0
2021-05-22 19:12:27,985 [EventQueue-OpenPipelineForHealthyPipelineSafeModeRule] INFO  safemode.SCMSafeModeManager (HealthyPipelineSafeModeRule.java:process(130)) - SCM in safe mode. Healthy pipelines reported count is 0, required healthy pipeline reported count is 1
2021-05-22 19:12:27,986 [EventQueue-PipelineReportForOneReplicaPipelineSafeModeRule] INFO  safemode.SCMSafeModeManager (SCMSafeModeManager.java:validateSafeModeExitRules(201)) - AtleastOneDatanodeReportedRule rule is successfully validated
2021-05-22 19:12:27,986 [EventQueue-PipelineReportForOneReplicaPipelineSafeModeRule] INFO  safemode.SCMSafeModeManager (SCMSafeModeManager.java:validateSafeModeExitRules(201)) - AtleastOneDatanodeReportedRule rule is successfully validated
2021-05-22 19:12:27,986 [EventQueue-OpenPipelineForHealthyPipelineSafeModeRule] INFO  safemode.SCMSafeModeManager (HealthyPipelineSafeModeRule.java:process(130)) - SCM in safe mode. Healthy pipelines reported count is 0, required healthy pipeline reported count is 1
2021-05-22 19:12:27,987 [ea0eae10-41b3-4db6-9afe-6a980641cba9@group-6ADC6040D27E-SegmentedRaftLogWorker] INFO  segmented.SegmentedRaftLogWorker (SegmentedRaftLogWorker.java:execute(601)) - ea0eae10-41b3-4db6-9afe-6a980641cba9@group-6ADC6040D27E-SegmentedRaftLogWorker: created new log segment /github/workspace/mnt/ozone/hadoop-ozone/integration-test/target/test-dir/MiniOzoneClusterImpl-5713c1a7-fb90-4566-9593-6537b218274a/datanode-0/data/ratis/a2c7e5f9-af43-4a1c-b425-6adc6040d27e/current/log_inprogress_0
2021-05-22 19:12:27,999 [ea0eae10-41b3-4db6-9afe-6a980641cba9@group-6ADC6040D27E-LeaderElection5] INFO  server.RaftServer$Division (ServerState.java:setRaftConf(373)) - ea0eae10-41b3-4db6-9afe-6a980641cba9@group-6ADC6040D27E: set configuration 0: [ea0eae10-41b3-4db6-9afe-6a980641cba9|rpc:127.0.0.1:38377|dataStream:|priority:1], old=null
2021-05-22 19:12:27,999 [grpc-default-executor-2] INFO  server.RaftServer$Division (RaftServerImpl.java:requestVote(1042)) - 77d60ed4-b7ae-47d8-b664-0086abc1b028@group-548F0586065B: receive requestVote(ELECTION, ea0eae10-41b3-4db6-9afe-6a980641cba9, group-548F0586065B, 1, (t:0, i:0))
2021-05-22 19:12:28,001 [grpc-default-executor-2] INFO  impl.VoteContext (VoteContext.java:log(48)) - 77d60ed4-b7ae-47d8-b664-0086abc1b028@group-548F0586065B-FOLLOWER: accept ELECTION from ea0eae10-41b3-4db6-9afe-6a980641cba9: our priority 0 <= candidate's priority 0
2021-05-22 19:12:28,001 [grpc-default-executor-2] INFO  server.RaftServer$Division (RaftServerImpl.java:setRole(284)) - 77d60ed4-b7ae-47d8-b664-0086abc1b028@group-548F0586065B: changes role from  FOLLOWER to FOLLOWER at term 1 for candidate:ea0eae10-41b3-4db6-9afe-6a980641cba9
2021-05-22 19:12:28,002 [grpc-default-executor-2] INFO  impl.RoleInfo (RoleInfo.java:shutdownFollowerState(108)) - 77d60ed4-b7ae-47d8-b664-0086abc1b028: shutdown 77d60ed4-b7ae-47d8-b664-0086abc1b028@group-548F0586065B-FollowerState
2021-05-22 19:12:28,002 [grpc-default-executor-2] INFO  impl.RoleInfo (RoleInfo.java:updateAndGet(130)) - 77d60ed4-b7ae-47d8-b664-0086abc1b028: start 77d60ed4-b7ae-47d8-b664-0086abc1b028@group-548F0586065B-FollowerState
2021-05-22 19:12:28,002 [77d60ed4-b7ae-47d8-b664-0086abc1b028@group-548F0586065B-FollowerState] INFO  impl.FollowerState (FollowerState.java:run(143)) - 77d60ed4-b7ae-47d8-b664-0086abc1b028@group-548F0586065B-FollowerState was interrupted: {}
java.lang.InterruptedException: sleep interrupted
	at java.lang.Thread.sleep(Native Method)
	at java.lang.Thread.sleep(Thread.java:340)
	at java.util.concurrent.TimeUnit.sleep(TimeUnit.java:386)
	at org.apache.ratis.util.TimeDuration.sleep(TimeDuration.java:324)
	at org.apache.ratis.util.TimeDuration.sleep(TimeDuration.java:309)
	at org.apache.ratis.server.impl.FollowerState.run(FollowerState.java:118)
2021-05-22 19:12:28,002 [grpc-default-executor-0] INFO  server.RaftServer$Division (RaftServerImpl.java:requestVote(1042)) - 37ad4b1d-96aa-49b2-b7c2-5ba74b6ff263@group-548F0586065B: receive requestVote(ELECTION, ea0eae10-41b3-4db6-9afe-6a980641cba9, group-548F0586065B, 1, (t:0, i:0))
2021-05-22 19:12:28,002 [grpc-default-executor-0] INFO  impl.VoteContext (VoteContext.java:log(48)) - 37ad4b1d-96aa-49b2-b7c2-5ba74b6ff263@group-548F0586065B-FOLLOWER: reject ELECTION from ea0eae10-41b3-4db6-9afe-6a980641cba9: our priority 1 > candidate's priority 0
2021-05-22 19:12:28,005 [grpc-default-executor-0] INFO  server.RaftServer$Division (RaftServerImpl.java:setRole(284)) - 37ad4b1d-96aa-49b2-b7c2-5ba74b6ff263@group-548F0586065B: changes role from  FOLLOWER to FOLLOWER at term 1 for candidate:ea0eae10-41b3-4db6-9afe-6a980641cba9
2021-05-22 19:12:28,005 [grpc-default-executor-0] INFO  impl.RoleInfo (RoleInfo.java:shutdownFollowerState(108)) - 37ad4b1d-96aa-49b2-b7c2-5ba74b6ff263: shutdown 37ad4b1d-96aa-49b2-b7c2-5ba74b6ff263@group-548F0586065B-FollowerState
2021-05-22 19:12:28,005 [37ad4b1d-96aa-49b2-b7c2-5ba74b6ff263@group-548F0586065B-FollowerState] INFO  impl.FollowerState (FollowerState.java:run(143)) - 37ad4b1d-96aa-49b2-b7c2-5ba74b6ff263@group-548F0586065B-FollowerState was interrupted: {}
java.lang.InterruptedException: sleep interrupted
	at java.lang.Thread.sleep(Native Method)
	at java.lang.Thread.sleep(Thread.java:340)
	at java.util.concurrent.TimeUnit.sleep(TimeUnit.java:386)
	at org.apache.ratis.util.TimeDuration.sleep(TimeDuration.java:324)
	at org.apache.ratis.util.TimeDuration.sleep(TimeDuration.java:309)
	at org.apache.ratis.server.impl.FollowerState.run(FollowerState.java:118)
2021-05-22 19:12:28,005 [grpc-default-executor-0] INFO  impl.RoleInfo (RoleInfo.java:updateAndGet(130)) - 37ad4b1d-96aa-49b2-b7c2-5ba74b6ff263: start 37ad4b1d-96aa-49b2-b7c2-5ba74b6ff263@group-548F0586065B-FollowerState
2021-05-22 19:12:28,011 [grpc-default-executor-2] INFO  server.RaftServer$Division (RaftServerImpl.java:requestVote(1074)) - 77d60ed4-b7ae-47d8-b664-0086abc1b028@group-548F0586065B replies to ELECTION vote request: ea0eae10-41b3-4db6-9afe-6a980641cba9<-77d60ed4-b7ae-47d8-b664-0086abc1b028#0:OK-t1. Peer's state: 77d60ed4-b7ae-47d8-b664-0086abc1b028@group-548F0586065B:t1, leader=null, voted=ea0eae10-41b3-4db6-9afe-6a980641cba9, raftlog=77d60ed4-b7ae-47d8-b664-0086abc1b028@group-548F0586065B-SegmentedRaftLog:OPENED:c-1,f-1,i0, conf=-1: [ea0eae10-41b3-4db6-9afe-6a980641cba9|rpc:127.0.0.1:38377|dataStream:|priority:0, 77d60ed4-b7ae-47d8-b664-0086abc1b028|rpc:127.0.0.1:42583|dataStream:|priority:0, 37ad4b1d-96aa-49b2-b7c2-5ba74b6ff263|rpc:127.0.0.1:40699|dataStream:|priority:1], old=null
2021-05-22 19:12:28,013 [grpc-default-executor-0] INFO  server.RaftServer$Division (RaftServerImpl.java:requestVote(1074)) - 37ad4b1d-96aa-49b2-b7c2-5ba74b6ff263@group-548F0586065B replies to ELECTION vote request: ea0eae10-41b3-4db6-9afe-6a980641cba9<-37ad4b1d-96aa-49b2-b7c2-5ba74b6ff263#0:FAIL-t1. Peer's state: 37ad4b1d-96aa-49b2-b7c2-5ba74b6ff263@group-548F0586065B:t1, leader=null, voted=null, raftlog=37ad4b1d-96aa-49b2-b7c2-5ba74b6ff263@group-548F0586065B-SegmentedRaftLog:OPENED:c-1,f-1,i0, conf=-1: [ea0eae10-41b3-4db6-9afe-6a980641cba9|rpc:127.0.0.1:38377|dataStream:|priority:0, 77d60ed4-b7ae-47d8-b664-0086abc1b028|rpc:127.0.0.1:42583|dataStream:|priority:0, 37ad4b1d-96aa-49b2-b7c2-5ba74b6ff263|rpc:127.0.0.1:40699|dataStream:|priority:1], old=null
2021-05-22 19:12:28,019 [ea0eae10-41b3-4db6-9afe-6a980641cba9@group-548F0586065B-LeaderElection4] INFO  impl.LeaderElection (LeaderElection.java:logAndReturn(89)) - ea0eae10-41b3-4db6-9afe-6a980641cba9@group-548F0586065B-LeaderElection4: ELECTION REJECTED received 1 response(s) and 0 exception(s):
2021-05-22 19:12:28,020 [ea0eae10-41b3-4db6-9afe-6a980641cba9@group-548F0586065B-LeaderElection4] INFO  impl.LeaderElection (LeaderElection.java:logAndReturn(93)) -   Response 0: ea0eae10-41b3-4db6-9afe-6a980641cba9<-37ad4b1d-96aa-49b2-b7c2-5ba74b6ff263#0:FAIL-t1
2021-05-22 19:12:28,020 [ea0eae10-41b3-4db6-9afe-6a980641cba9@group-548F0586065B-LeaderElection4] INFO  impl.LeaderElection (LeaderElection.java:askForVotes(308)) - ea0eae10-41b3-4db6-9afe-6a980641cba9@group-548F0586065B-LeaderElection4 ELECTION round 0: result REJECTED
2021-05-22 19:12:28,021 [ea0eae10-41b3-4db6-9afe-6a980641cba9@group-548F0586065B-LeaderElection4] INFO  server.RaftServer$Division (RaftServerImpl.java:setRole(284)) - ea0eae10-41b3-4db6-9afe-6a980641cba9@group-548F0586065B: changes role from CANDIDATE to FOLLOWER at term 1 for REJECTED
2021-05-22 19:12:28,021 [ea0eae10-41b3-4db6-9afe-6a980641cba9@group-548F0586065B-LeaderElection4] INFO  impl.RoleInfo (RoleInfo.java:shutdownLeaderElection(121)) - ea0eae10-41b3-4db6-9afe-6a980641cba9: shutdown ea0eae10-41b3-4db6-9afe-6a980641cba9@group-548F0586065B-LeaderElection4
2021-05-22 19:12:28,021 [ea0eae10-41b3-4db6-9afe-6a980641cba9@group-548F0586065B-LeaderElection4] INFO  impl.RoleInfo (RoleInfo.java:updateAndGet(130)) - ea0eae10-41b3-4db6-9afe-6a980641cba9: start ea0eae10-41b3-4db6-9afe-6a980641cba9@group-548F0586065B-FollowerState
2021-05-22 19:12:28,240 [EventQueue-PipelineReportForOneReplicaPipelineSafeModeRule] INFO  safemode.SCMSafeModeManager (SCMSafeModeManager.java:validateSafeModeExitRules(201)) - AtleastOneDatanodeReportedRule rule is successfully validated
2021-05-22 19:12:28,241 [EventQueue-OpenPipelineForHealthyPipelineSafeModeRule] INFO  safemode.SCMSafeModeManager (HealthyPipelineSafeModeRule.java:process(130)) - SCM in safe mode. Healthy pipelines reported count is 0, required healthy pipeline reported count is 1
2021-05-22 19:12:28,241 [EventQueue-OpenPipelineForHealthyPipelineSafeModeRule] INFO  safemode.SCMSafeModeManager (HealthyPipelineSafeModeRule.java:process(130)) - SCM in safe mode. Healthy pipelines reported count is 0, required healthy pipeline reported count is 1
2021-05-22 19:12:28,240 [EventQueue-PipelineReportForOneReplicaPipelineSafeModeRule] INFO  safemode.SCMSafeModeManager (SCMSafeModeManager.java:validateSafeModeExitRules(201)) - AtleastOneDatanodeReportedRule rule is successfully validated
2021-05-22 19:12:28,277 [ea0eae10-41b3-4db6-9afe-6a980641cba9@group-CEE3C7E3D797-FollowerState] INFO  impl.FollowerState (FollowerState.java:run(134)) - ea0eae10-41b3-4db6-9afe-6a980641cba9@group-CEE3C7E3D797-FollowerState: change to CANDIDATE, lastRpcElapsedTime:5064339283ns, electionTimeout:5063ms
2021-05-22 19:12:28,277 [ea0eae10-41b3-4db6-9afe-6a980641cba9@group-CEE3C7E3D797-FollowerState] INFO  impl.RoleInfo (RoleInfo.java:shutdownFollowerState(108)) - ea0eae10-41b3-4db6-9afe-6a980641cba9: shutdown ea0eae10-41b3-4db6-9afe-6a980641cba9@group-CEE3C7E3D797-FollowerState
2021-05-22 19:12:28,277 [ea0eae10-41b3-4db6-9afe-6a980641cba9@group-CEE3C7E3D797-FollowerState] INFO  server.RaftServer$Division (RaftServerImpl.java:setRole(284)) - ea0eae10-41b3-4db6-9afe-6a980641cba9@group-CEE3C7E3D797: changes role from  FOLLOWER to CANDIDATE at term 0 for changeToCandidate
2021-05-22 19:12:28,277 [ea0eae10-41b3-4db6-9afe-6a980641cba9@group-CEE3C7E3D797-FollowerState] INFO  server.RaftServerConfigKeys (ConfUtils.java:logGet(44)) - raft.server.leaderelection.pre-vote = false (custom)
2021-05-22 19:12:28,277 [ea0eae10-41b3-4db6-9afe-6a980641cba9@group-CEE3C7E3D797-FollowerState] INFO  impl.RoleInfo (RoleInfo.java:updateAndGet(130)) - ea0eae10-41b3-4db6-9afe-6a980641cba9: start ea0eae10-41b3-4db6-9afe-6a980641cba9@group-CEE3C7E3D797-LeaderElection6
2021-05-22 19:12:28,281 [ea0eae10-41b3-4db6-9afe-6a980641cba9@group-CEE3C7E3D797-LeaderElection6] INFO  impl.LeaderElection (LeaderElection.java:askForVotes(306)) - ea0eae10-41b3-4db6-9afe-6a980641cba9@group-CEE3C7E3D797-LeaderElection6 ELECTION round 0: submit vote requests at term 1 for -1: [ea0eae10-41b3-4db6-9afe-6a980641cba9|rpc:127.0.0.1:38377|priority:1, 77d60ed4-b7ae-47d8-b664-0086abc1b028|rpc:127.0.0.1:42583|priority:0, 37ad4b1d-96aa-49b2-b7c2-5ba74b6ff263|rpc:127.0.0.1:40699|priority:0], old=null
2021-05-22 19:12:28,286 [grpc-default-executor-2] INFO  server.RaftServer$Division (RaftServerImpl.java:requestVote(1042)) - 77d60ed4-b7ae-47d8-b664-0086abc1b028@group-CEE3C7E3D797: receive requestVote(ELECTION, ea0eae10-41b3-4db6-9afe-6a980641cba9, group-CEE3C7E3D797, 1, (t:0, i:0))
2021-05-22 19:12:28,286 [grpc-default-executor-2] INFO  impl.VoteContext (VoteContext.java:log(48)) - 77d60ed4-b7ae-47d8-b664-0086abc1b028@group-CEE3C7E3D797-FOLLOWER: accept ELECTION from ea0eae10-41b3-4db6-9afe-6a980641cba9: our priority 0 <= candidate's priority 1
2021-05-22 19:12:28,287 [grpc-default-executor-2] INFO  server.RaftServer$Division (RaftServerImpl.java:setRole(284)) - 77d60ed4-b7ae-47d8-b664-0086abc1b028@group-CEE3C7E3D797: changes role from  FOLLOWER to FOLLOWER at term 1 for candidate:ea0eae10-41b3-4db6-9afe-6a980641cba9
2021-05-22 19:12:28,287 [grpc-default-executor-2] INFO  impl.RoleInfo (RoleInfo.java:shutdownFollowerState(108)) - 77d60ed4-b7ae-47d8-b664-0086abc1b028: shutdown 77d60ed4-b7ae-47d8-b664-0086abc1b028@group-CEE3C7E3D797-FollowerState
2021-05-22 19:12:28,287 [77d60ed4-b7ae-47d8-b664-0086abc1b028@group-CEE3C7E3D797-FollowerState] INFO  impl.FollowerState (FollowerState.java:run(143)) - 77d60ed4-b7ae-47d8-b664-0086abc1b028@group-CEE3C7E3D797-FollowerState was interrupted: {}
java.lang.InterruptedException: sleep interrupted
	at java.lang.Thread.sleep(Native Method)
	at java.lang.Thread.sleep(Thread.java:340)
	at java.util.concurrent.TimeUnit.sleep(TimeUnit.java:386)
	at org.apache.ratis.util.TimeDuration.sleep(TimeDuration.java:324)
	at org.apache.ratis.util.TimeDuration.sleep(TimeDuration.java:309)
	at org.apache.ratis.server.impl.FollowerState.run(FollowerState.java:118)
2021-05-22 19:12:28,287 [grpc-default-executor-2] INFO  impl.RoleInfo (RoleInfo.java:updateAndGet(130)) - 77d60ed4-b7ae-47d8-b664-0086abc1b028: start 77d60ed4-b7ae-47d8-b664-0086abc1b028@group-CEE3C7E3D797-FollowerState
2021-05-22 19:12:28,289 [grpc-default-executor-0] INFO  server.RaftServer$Division (RaftServerImpl.java:requestVote(1042)) - 37ad4b1d-96aa-49b2-b7c2-5ba74b6ff263@group-CEE3C7E3D797: receive requestVote(ELECTION, ea0eae10-41b3-4db6-9afe-6a980641cba9, group-CEE3C7E3D797, 1, (t:0, i:0))
2021-05-22 19:12:28,289 [grpc-default-executor-0] INFO  impl.VoteContext (VoteContext.java:log(48)) - 37ad4b1d-96aa-49b2-b7c2-5ba74b6ff263@group-CEE3C7E3D797-FOLLOWER: accept ELECTION from ea0eae10-41b3-4db6-9afe-6a980641cba9: our priority 0 <= candidate's priority 1
2021-05-22 19:12:28,289 [grpc-default-executor-0] INFO  server.RaftServer$Division (RaftServerImpl.java:setRole(284)) - 37ad4b1d-96aa-49b2-b7c2-5ba74b6ff263@group-CEE3C7E3D797: changes role from  FOLLOWER to FOLLOWER at term 1 for candidate:ea0eae10-41b3-4db6-9afe-6a980641cba9
2021-05-22 19:12:28,289 [grpc-default-executor-0] INFO  impl.RoleInfo (RoleInfo.java:shutdownFollowerState(108)) - 37ad4b1d-96aa-49b2-b7c2-5ba74b6ff263: shutdown 37ad4b1d-96aa-49b2-b7c2-5ba74b6ff263@group-CEE3C7E3D797-FollowerState
2021-05-22 19:12:28,290 [grpc-default-executor-0] INFO  impl.RoleInfo (RoleInfo.java:updateAndGet(130)) - 37ad4b1d-96aa-49b2-b7c2-5ba74b6ff263: start 37ad4b1d-96aa-49b2-b7c2-5ba74b6ff263@group-CEE3C7E3D797-FollowerState
2021-05-22 19:12:28,294 [grpc-default-executor-2] INFO  server.RaftServer$Division (RaftServerImpl.java:requestVote(1074)) - 77d60ed4-b7ae-47d8-b664-0086abc1b028@group-CEE3C7E3D797 replies to ELECTION vote request: ea0eae10-41b3-4db6-9afe-6a980641cba9<-77d60ed4-b7ae-47d8-b664-0086abc1b028#0:OK-t1. Peer's state: 77d60ed4-b7ae-47d8-b664-0086abc1b028@group-CEE3C7E3D797:t1, leader=null, voted=ea0eae10-41b3-4db6-9afe-6a980641cba9, raftlog=77d60ed4-b7ae-47d8-b664-0086abc1b028@group-CEE3C7E3D797-SegmentedRaftLog:OPENED:c-1,f-1,i0, conf=-1: [ea0eae10-41b3-4db6-9afe-6a980641cba9|rpc:127.0.0.1:38377|priority:1, 77d60ed4-b7ae-47d8-b664-0086abc1b028|rpc:127.0.0.1:42583|priority:0, 37ad4b1d-96aa-49b2-b7c2-5ba74b6ff263|rpc:127.0.0.1:40699|priority:0], old=null
2021-05-22 19:12:28,295 [37ad4b1d-96aa-49b2-b7c2-5ba74b6ff263@group-CEE3C7E3D797-FollowerState] INFO  impl.FollowerState (FollowerState.java:run(143)) - 37ad4b1d-96aa-49b2-b7c2-5ba74b6ff263@group-CEE3C7E3D797-FollowerState was interrupted: {}
java.lang.InterruptedException: sleep interrupted
	at java.lang.Thread.sleep(Native Method)
	at java.lang.Thread.sleep(Thread.java:340)
	at java.util.concurrent.TimeUnit.sleep(TimeUnit.java:386)
	at org.apache.ratis.util.TimeDuration.sleep(TimeDuration.java:324)
	at org.apache.ratis.util.TimeDuration.sleep(TimeDuration.java:309)
	at org.apache.ratis.server.impl.FollowerState.run(FollowerState.java:118)
2021-05-22 19:12:28,305 [grpc-default-executor-0] INFO  server.RaftServer$Division (RaftServerImpl.java:requestVote(1074)) - 37ad4b1d-96aa-49b2-b7c2-5ba74b6ff263@group-CEE3C7E3D797 replies to ELECTION vote request: ea0eae10-41b3-4db6-9afe-6a980641cba9<-37ad4b1d-96aa-49b2-b7c2-5ba74b6ff263#0:OK-t1. Peer's state: 37ad4b1d-96aa-49b2-b7c2-5ba74b6ff263@group-CEE3C7E3D797:t1, leader=null, voted=ea0eae10-41b3-4db6-9afe-6a980641cba9, raftlog=37ad4b1d-96aa-49b2-b7c2-5ba74b6ff263@group-CEE3C7E3D797-SegmentedRaftLog:OPENED:c-1,f-1,i0, conf=-1: [ea0eae10-41b3-4db6-9afe-6a980641cba9|rpc:127.0.0.1:38377|dataStream:|priority:1, 77d60ed4-b7ae-47d8-b664-0086abc1b028|rpc:127.0.0.1:42583|dataStream:|priority:0, 37ad4b1d-96aa-49b2-b7c2-5ba74b6ff263|rpc:127.0.0.1:40699|dataStream:|priority:0], old=null
2021-05-22 19:12:28,309 [ea0eae10-41b3-4db6-9afe-6a980641cba9@group-CEE3C7E3D797-LeaderElection6] INFO  impl.LeaderElection (LeaderElection.java:logAndReturn(89)) - ea0eae10-41b3-4db6-9afe-6a980641cba9@group-CEE3C7E3D797-LeaderElection6: ELECTION PASSED received 1 response(s) and 0 exception(s):
2021-05-22 19:12:28,309 [ea0eae10-41b3-4db6-9afe-6a980641cba9@group-CEE3C7E3D797-LeaderElection6] INFO  impl.LeaderElection (LeaderElection.java:logAndReturn(93)) -   Response 0: ea0eae10-41b3-4db6-9afe-6a980641cba9<-37ad4b1d-96aa-49b2-b7c2-5ba74b6ff263#0:OK-t1
2021-05-22 19:12:28,309 [ea0eae10-41b3-4db6-9afe-6a980641cba9@group-CEE3C7E3D797-LeaderElection6] INFO  impl.LeaderElection (LeaderElection.java:askForVotes(308)) - ea0eae10-41b3-4db6-9afe-6a980641cba9@group-CEE3C7E3D797-LeaderElection6 ELECTION round 0: result PASSED
2021-05-22 19:12:28,309 [ea0eae10-41b3-4db6-9afe-6a980641cba9@group-CEE3C7E3D797-LeaderElection6] INFO  impl.RoleInfo (RoleInfo.java:shutdownLeaderElection(121)) - ea0eae10-41b3-4db6-9afe-6a980641cba9: shutdown ea0eae10-41b3-4db6-9afe-6a980641cba9@group-CEE3C7E3D797-LeaderElection6
2021-05-22 19:12:28,309 [ea0eae10-41b3-4db6-9afe-6a980641cba9@group-CEE3C7E3D797-LeaderElection6] INFO  server.RaftServer$Division (RaftServerImpl.java:setRole(284)) - ea0eae10-41b3-4db6-9afe-6a980641cba9@group-CEE3C7E3D797: changes role from CANDIDATE to LEADER at term 1 for changeToLeader
2021-05-22 19:12:28,309 [ea0eae10-41b3-4db6-9afe-6a980641cba9@group-CEE3C7E3D797-LeaderElection6] INFO  ratis.XceiverServerRatis (XceiverServerRatis.java:handleLeaderChangedNotification(906)) - Leader change notification received for group: group-CEE3C7E3D797 with new leaderId: ea0eae10-41b3-4db6-9afe-6a980641cba9
2021-05-22 19:12:28,310 [ea0eae10-41b3-4db6-9afe-6a980641cba9@group-CEE3C7E3D797-LeaderElection6] INFO  server.RaftServer$Division (ServerState.java:setLeader(271)) - ea0eae10-41b3-4db6-9afe-6a980641cba9@group-CEE3C7E3D797: change Leader from null to ea0eae10-41b3-4db6-9afe-6a980641cba9 at term 1 for becomeLeader, leader elected after 5108ms
2021-05-22 19:12:28,310 [ea0eae10-41b3-4db6-9afe-6a980641cba9@group-CEE3C7E3D797-LeaderElection6] INFO  server.RaftServerConfigKeys (ConfUtils.java:logGet(44)) - raft.server.staging.catchup.gap = 1000 (default)
2021-05-22 19:12:28,310 [ea0eae10-41b3-4db6-9afe-6a980641cba9@group-CEE3C7E3D797-LeaderElection6] INFO  metrics.RatisMetrics (RatisMetrics.java:lambda$create$0(36)) - Creating Metrics Registry : ratis.log_appender.ea0eae10-41b3-4db6-9afe-6a980641cba9@group-CEE3C7E3D797
2021-05-22 19:12:28,310 [ea0eae10-41b3-4db6-9afe-6a980641cba9@group-CEE3C7E3D797-LeaderElection6] INFO  server.RaftServerConfigKeys (ConfUtils.java:logGet(44)) - raft.server.write.element-limit = 1024 (custom)
2021-05-22 19:12:28,310 [ea0eae10-41b3-4db6-9afe-6a980641cba9@group-CEE3C7E3D797-LeaderElection6] INFO  server.RaftServerConfigKeys (ConfUtils.java:logGet(44)) - raft.server.write.byte-limit = 1073741824 (custom)
2021-05-22 19:12:28,311 [ea0eae10-41b3-4db6-9afe-6a980641cba9@group-CEE3C7E3D797-LeaderElection6] INFO  server.RaftServerConfigKeys (ConfUtils.java:logGet(44)) - raft.server.watch.timeout = 180s (custom)
2021-05-22 19:12:28,311 [ea0eae10-41b3-4db6-9afe-6a980641cba9@group-CEE3C7E3D797-LeaderElection6] INFO  server.RaftServerConfigKeys (ConfUtils.java:logGet(44)) - raft.server.watch.timeout.denomination = 1s (default)
2021-05-22 19:12:28,311 [ea0eae10-41b3-4db6-9afe-6a980641cba9@group-CEE3C7E3D797-LeaderElection6] INFO  server.RaftServerConfigKeys (ConfUtils.java:logGet(44)) - raft.server.watch.element-limit = 65536 (default)
2021-05-22 19:12:28,311 [ea0eae10-41b3-4db6-9afe-6a980641cba9@group-CEE3C7E3D797-LeaderElection6] INFO  server.RaftServerConfigKeys (ConfUtils.java:logGet(44)) - raft.server.log.appender.snapshot.chunk.size.max = 16MB (=16777216) (default)
2021-05-22 19:12:28,311 [ea0eae10-41b3-4db6-9afe-6a980641cba9@group-CEE3C7E3D797-LeaderElection6] INFO  server.RaftServerConfigKeys (ConfUtils.java:logGet(44)) - raft.server.log.appender.buffer.byte-limit = 33554432 (custom)
2021-05-22 19:12:28,311 [ea0eae10-41b3-4db6-9afe-6a980641cba9@group-CEE3C7E3D797-LeaderElection6] INFO  server.RaftServerConfigKeys (ConfUtils.java:logGet(44)) - raft.server.log.appender.buffer.element-limit = 1 (custom)
2021-05-22 19:12:28,311 [ea0eae10-41b3-4db6-9afe-6a980641cba9@group-CEE3C7E3D797-LeaderElection6] INFO  grpc.GrpcConfigKeys (ConfUtils.java:logGet(44)) - raft.grpc.server.leader.outstanding.appends.max = 128 (default)
2021-05-22 19:12:28,311 [ea0eae10-41b3-4db6-9afe-6a980641cba9@group-CEE3C7E3D797-LeaderElection6] INFO  server.RaftServerConfigKeys (ConfUtils.java:logGet(44)) - raft.server.rpc.request.timeout = 60s (custom)
2021-05-22 19:12:28,311 [ea0eae10-41b3-4db6-9afe-6a980641cba9@group-CEE3C7E3D797-LeaderElection6] INFO  server.RaftServerConfigKeys (ConfUtils.java:logGet(44)) - raft.server.log.appender.install.snapshot.enabled = false (custom)
2021-05-22 19:12:28,312 [ea0eae10-41b3-4db6-9afe-6a980641cba9@group-CEE3C7E3D797-LeaderElection6] INFO  metrics.RatisMetrics (RatisMetrics.java:lambda$create$0(36)) - Creating Metrics Registry : ratis_grpc.log_appender.ea0eae10-41b3-4db6-9afe-6a980641cba9@group-CEE3C7E3D797
2021-05-22 19:12:28,313 [EventQueue-PipelineReportForOneReplicaPipelineSafeModeRule] INFO  safemode.SCMSafeModeManager (SCMSafeModeManager.java:validateSafeModeExitRules(201)) - AtleastOneDatanodeReportedRule rule is successfully validated
2021-05-22 19:12:28,315 [EventQueue-PipelineReportForOneReplicaPipelineSafeModeRule] INFO  safemode.SCMSafeModeManager (SCMSafeModeManager.java:validateSafeModeExitRules(201)) - AtleastOneDatanodeReportedRule rule is successfully validated
2021-05-22 19:12:28,314 [ea0eae10-41b3-4db6-9afe-6a980641cba9@group-CEE3C7E3D797-LeaderElection6] INFO  server.RaftServerConfigKeys (ConfUtils.java:logGet(44)) - raft.server.log.appender.snapshot.chunk.size.max = 16MB (=16777216) (default)
2021-05-22 19:12:28,315 [ea0eae10-41b3-4db6-9afe-6a980641cba9@group-CEE3C7E3D797-LeaderElection6] INFO  server.RaftServerConfigKeys (ConfUtils.java:logGet(44)) - raft.server.log.appender.buffer.byte-limit = 33554432 (custom)
2021-05-22 19:12:28,315 [EventQueue-OpenPipelineForHealthyPipelineSafeModeRule] INFO  safemode.SCMSafeModeManager (HealthyPipelineSafeModeRule.java:process(130)) - SCM in safe mode. Healthy pipelines reported count is 0, required healthy pipeline reported count is 1
2021-05-22 19:12:28,315 [EventQueue-PipelineReportForPipelineReportHandler] INFO  pipeline.PipelineManagerV2Impl (PipelineManagerV2Impl.java:openPipeline(270)) - Pipeline Pipeline[ Id: 12abcdc4-f25a-4b3b-81bf-cee3c7e3d797, Nodes: 37ad4b1d-96aa-49b2-b7c2-5ba74b6ff263{ip: 127.0.0.1, host: localhost, ports: [REPLICATION=42943, RATIS=40699, RATIS_ADMIN=40699, RATIS_SERVER=40699, STANDALONE=41397], networkLocation: /default-rack, certSerialId: null, persistedOpState: IN_SERVICE, persistedOpStateExpiryEpochSec: 0}ea0eae10-41b3-4db6-9afe-6a980641cba9{ip: 127.0.0.1, host: localhost, ports: [REPLICATION=41745, RATIS=38377, RATIS_ADMIN=38377, RATIS_SERVER=38377, STANDALONE=33423], networkLocation: /default-rack, certSerialId: null, persistedOpState: IN_SERVICE, persistedOpStateExpiryEpochSec: 0}77d60ed4-b7ae-47d8-b664-0086abc1b028{ip: 127.0.0.1, host: localhost, ports: [REPLICATION=45017, RATIS=42583, RATIS_ADMIN=42583, RATIS_SERVER=42583, STANDALONE=39903], networkLocation: /default-rack, certSerialId: null, persistedOpState: IN_SERVICE, persistedOpStateExpiryEpochSec: 0}, ReplicationConfig: RATIS/THREE, State:ALLOCATED, leaderId:ea0eae10-41b3-4db6-9afe-6a980641cba9, CreationTimestamp2021-05-22T19:12:20.481Z] moved to OPEN state
2021-05-22 19:12:28,315 [ea0eae10-41b3-4db6-9afe-6a980641cba9@group-CEE3C7E3D797-LeaderElection6] INFO  server.RaftServerConfigKeys (ConfUtils.java:logGet(44)) - raft.server.log.appender.buffer.element-limit = 1 (custom)
2021-05-22 19:12:28,316 [ea0eae10-41b3-4db6-9afe-6a980641cba9@group-CEE3C7E3D797-LeaderElection6] INFO  grpc.GrpcConfigKeys (ConfUtils.java:logGet(44)) - raft.grpc.server.leader.outstanding.appends.max = 128 (default)
2021-05-22 19:12:28,316 [ea0eae10-41b3-4db6-9afe-6a980641cba9@group-CEE3C7E3D797-LeaderElection6] INFO  server.RaftServerConfigKeys (ConfUtils.java:logGet(44)) - raft.server.rpc.request.timeout = 60s (custom)
2021-05-22 19:12:28,316 [EventQueue-PipelineReportForPipelineReportHandler] INFO  ha.SCMHAInvocationHandler (SCMHAInvocationHandler.java:invokeRatis(113)) - Invoking method public abstract void org.apache.hadoop.hdds.scm.pipeline.StateManager.updatePipelineState(org.apache.hadoop.hdds.protocol.proto.HddsProtos$PipelineID,org.apache.hadoop.hdds.protocol.proto.HddsProtos$PipelineState) throws java.io.IOException on target org.apache.hadoop.hdds.scm.ha.SCMRatisServerImpl@7e745896, cost 334.202us
2021-05-22 19:12:28,317 [EventQueue-PipelineReportForPipelineReportHandler] ERROR pipeline.PipelineReportHandler (PipelineReportHandler.java:onMessage(93)) - Could not process pipeline report=pipelineID {
  id: "12abcdc4-f25a-4b3b-81bf-cee3c7e3d797"
  uuid128 {
    mostSigBits: 1345395159463512891
    leastSigBits: -9097325244558616681
  }
}
isLeader: true
bytesWritten: 0
 from dn=ea0eae10-41b3-4db6-9afe-6a980641cba9{ip: 127.0.0.1, host: localhost, ports: [REPLICATION=41745, RATIS=38377, RATIS_ADMIN=38377, RATIS_SERVER=38377, STANDALONE=33423], networkLocation: /default-rack, certSerialId: null, persistedOpState: null, persistedOpStateExpiryEpochSec: 0}.
org.apache.ratis.protocol.exceptions.NotLeaderException: Server c528a642-8365-4981-9ca8-5a52c1b1524d@group-6537B218274A is not the leader b5b91537-3281-48b1-9597-8f2f653ada85|rpc:localhost:12380|admin:|client:|dataStream:|priority:0
	at org.apache.ratis.server.impl.RaftServerImpl.generateNotLeaderException(RaftServerImpl.java:661)
	at org.apache.ratis.server.impl.RaftServerImpl.checkLeaderState(RaftServerImpl.java:626)
	at org.apache.ratis.server.impl.RaftServerImpl.submitClientRequestAsync(RaftServerImpl.java:754)
	at org.apache.ratis.server.impl.RaftServerProxy.lambda$submitClientRequestAsync$9(RaftServerProxy.java:417)
	at org.apache.ratis.server.impl.RaftServerProxy.lambda$null$7(RaftServerProxy.java:412)
	at org.apache.ratis.util.JavaUtils.callAsUnchecked(JavaUtils.java:115)
	at org.apache.ratis.server.impl.RaftServerProxy.lambda$submitRequest$8(RaftServerProxy.java:412)
	at java.util.concurrent.CompletableFuture.uniComposeStage(CompletableFuture.java:995)
	at java.util.concurrent.CompletableFuture.thenCompose(CompletableFuture.java:2137)
	at org.apache.ratis.server.impl.RaftServerProxy.submitRequest(RaftServerProxy.java:411)
	at org.apache.ratis.server.impl.RaftServerProxy.submitClientRequestAsync(RaftServerProxy.java:417)
	at org.apache.hadoop.hdds.scm.ha.SCMRatisServerImpl.submitRequest(SCMRatisServerImpl.java:214)
	at org.apache.hadoop.hdds.scm.ha.SCMHAInvocationHandler.invokeRatis(SCMHAInvocationHandler.java:110)
	at org.apache.hadoop.hdds.scm.ha.SCMHAInvocationHandler.invoke(SCMHAInvocationHandler.java:67)
	at com.sun.proxy.$Proxy22.updatePipelineState(Unknown Source)
	at org.apache.hadoop.hdds.scm.pipeline.PipelineManagerV2Impl.openPipeline(PipelineManagerV2Impl.java:271)
	at org.apache.hadoop.hdds.scm.pipeline.PipelineReportHandler.processPipelineReport(PipelineReportHandler.java:124)
	at org.apache.hadoop.hdds.scm.pipeline.PipelineReportHandler.onMessage(PipelineReportHandler.java:91)
	at org.apache.hadoop.hdds.scm.pipeline.PipelineReportHandler.onMessage(PipelineReportHandler.java:50)
	at org.apache.hadoop.hdds.server.events.SingleThreadExecutor.lambda$onMessage$1(SingleThreadExecutor.java:81)
	at java.util.concurrent.ThreadPoolExecutor.runWorker(ThreadPoolExecutor.java:1149)
	at java.util.concurrent.ThreadPoolExecutor$Worker.run(ThreadPoolExecutor.java:624)
	at java.lang.Thread.run(Thread.java:748)
2021-05-22 19:12:28,317 [EventQueue-OpenPipelineForHealthyPipelineSafeModeRule] INFO  safemode.SCMSafeModeManager (HealthyPipelineSafeModeRule.java:process(130)) - SCM in safe mode. Healthy pipelines reported count is 0, required healthy pipeline reported count is 1
2021-05-22 19:12:28,317 [EventQueue-PipelineReportForPipelineReportHandler] INFO  pipeline.PipelineManagerV2Impl (PipelineManagerV2Impl.java:openPipeline(270)) - Pipeline Pipeline[ Id: 12abcdc4-f25a-4b3b-81bf-cee3c7e3d797, Nodes: 37ad4b1d-96aa-49b2-b7c2-5ba74b6ff263{ip: 127.0.0.1, host: localhost, ports: [REPLICATION=42943, RATIS=40699, RATIS_ADMIN=40699, RATIS_SERVER=40699, STANDALONE=41397], networkLocation: /default-rack, certSerialId: null, persistedOpState: IN_SERVICE, persistedOpStateExpiryEpochSec: 0}ea0eae10-41b3-4db6-9afe-6a980641cba9{ip: 127.0.0.1, host: localhost, ports: [REPLICATION=41745, RATIS=38377, RATIS_ADMIN=38377, RATIS_SERVER=38377, STANDALONE=33423], networkLocation: /default-rack, certSerialId: null, persistedOpState: IN_SERVICE, persistedOpStateExpiryEpochSec: 0}77d60ed4-b7ae-47d8-b664-0086abc1b028{ip: 127.0.0.1, host: localhost, ports: [REPLICATION=45017, RATIS=42583, RATIS_ADMIN=42583, RATIS_SERVER=42583, STANDALONE=39903], networkLocation: /default-rack, certSerialId: null, persistedOpState: IN_SERVICE, persistedOpStateExpiryEpochSec: 0}, ReplicationConfig: RATIS/THREE, State:ALLOCATED, leaderId:ea0eae10-41b3-4db6-9afe-6a980641cba9, CreationTimestamp2021-05-22T19:12:20.481Z] moved to OPEN state
2021-05-22 19:12:28,316 [ea0eae10-41b3-4db6-9afe-6a980641cba9@group-CEE3C7E3D797-LeaderElection6] INFO  server.RaftServerConfigKeys (ConfUtils.java:logGet(44)) - raft.server.log.appender.install.snapshot.enabled = false (custom)
2021-05-22 19:12:28,321 [ea0eae10-41b3-4db6-9afe-6a980641cba9@group-CEE3C7E3D797-LeaderElection6] INFO  impl.RoleInfo (RoleInfo.java:updateAndGet(130)) - ea0eae10-41b3-4db6-9afe-6a980641cba9: start ea0eae10-41b3-4db6-9afe-6a980641cba9@group-CEE3C7E3D797-LeaderStateImpl
2021-05-22 19:12:28,321 [ea0eae10-41b3-4db6-9afe-6a980641cba9@group-CEE3C7E3D797-LeaderElection6] INFO  segmented.SegmentedRaftLogWorker (SegmentedRaftLogWorker.java:startLogSegment(394)) - ea0eae10-41b3-4db6-9afe-6a980641cba9@group-CEE3C7E3D797-SegmentedRaftLogWorker: Starting segment from index:0
2021-05-22 19:12:28,323 [ea0eae10-41b3-4db6-9afe-6a980641cba9@group-CEE3C7E3D797-SegmentedRaftLogWorker] INFO  segmented.SegmentedRaftLogWorker (SegmentedRaftLogWorker.java:execute(601)) - ea0eae10-41b3-4db6-9afe-6a980641cba9@group-CEE3C7E3D797-SegmentedRaftLogWorker: created new log segment /github/workspace/mnt/ozone/hadoop-ozone/integration-test/target/test-dir/MiniOzoneClusterImpl-5713c1a7-fb90-4566-9593-6537b218274a/datanode-0/data/ratis/12abcdc4-f25a-4b3b-81bf-cee3c7e3d797/current/log_inprogress_0
2021-05-22 19:12:28,331 [ea0eae10-41b3-4db6-9afe-6a980641cba9@group-CEE3C7E3D797-LeaderElection6] INFO  server.RaftServer$Division (ServerState.java:setRaftConf(373)) - ea0eae10-41b3-4db6-9afe-6a980641cba9@group-CEE3C7E3D797: set configuration 0: [ea0eae10-41b3-4db6-9afe-6a980641cba9|rpc:127.0.0.1:38377|dataStream:|priority:1, 77d60ed4-b7ae-47d8-b664-0086abc1b028|rpc:127.0.0.1:42583|dataStream:|priority:0, 37ad4b1d-96aa-49b2-b7c2-5ba74b6ff263|rpc:127.0.0.1:40699|dataStream:|priority:0], old=null
2021-05-22 19:12:28,341 [grpc-default-executor-0] INFO  ratis.XceiverServerRatis (XceiverServerRatis.java:handleLeaderChangedNotification(906)) - Leader change notification received for group: group-CEE3C7E3D797 with new leaderId: ea0eae10-41b3-4db6-9afe-6a980641cba9
2021-05-22 19:12:28,341 [grpc-default-executor-0] INFO  server.RaftServer$Division (ServerState.java:setLeader(271)) - 37ad4b1d-96aa-49b2-b7c2-5ba74b6ff263@group-CEE3C7E3D797: change Leader from null to ea0eae10-41b3-4db6-9afe-6a980641cba9 at term 1 for appendEntries, leader elected after 5096ms
2021-05-22 19:12:28,345 [EventQueue-PipelineReportForPipelineReportHandler] INFO  ha.SCMHAInvocationHandler (SCMHAInvocationHandler.java:invokeRatis(113)) - Invoking method public abstract void org.apache.hadoop.hdds.scm.pipeline.StateManager.updatePipelineState(org.apache.hadoop.hdds.protocol.proto.HddsProtos$PipelineID,org.apache.hadoop.hdds.protocol.proto.HddsProtos$PipelineState) throws java.io.IOException on target org.apache.hadoop.hdds.scm.ha.SCMRatisServerImpl@5cbb90de, cost 24606.221us
2021-05-22 19:12:28,345 [EventQueue-OpenPipelineForHealthyPipelineSafeModeRule] INFO  safemode.SCMSafeModeManager (HealthyPipelineSafeModeRule.java:process(130)) - SCM in safe mode. Healthy pipelines reported count is 1, required healthy pipeline reported count is 1
2021-05-22 19:12:28,345 [EventQueue-OpenPipelineForHealthyPipelineSafeModeRule] INFO  safemode.SCMSafeModeManager (SCMSafeModeManager.java:validateSafeModeExitRules(201)) - HealthyPipelineSafeModeRule rule is successfully validated
2021-05-22 19:12:28,345 [EventQueue-OpenPipelineForHealthyPipelineSafeModeRule] INFO  safemode.SCMSafeModeManager (SCMSafeModeManager.java:validateSafeModeExitRules(215)) - ScmSafeModeManager, all rules are successfully validated
2021-05-22 19:12:28,345 [EventQueue-OpenPipelineForHealthyPipelineSafeModeRule] INFO  safemode.SCMSafeModeManager (SCMSafeModeManager.java:exitSafeMode(244)) - SCM exiting safe mode.
2021-05-22 19:12:28,345 [EventQueue-OpenPipelineForHealthyPipelineSafeModeRule] WARN  events.EventQueue (EventQueue.java:fireEvent(185)) - No event handler registered for event TypedEvent{payloadType=SafeModeStatus, name='Safe mode status'}
2021-05-22 19:12:28,346 [EventQueue-OpenPipelineForHealthyPipelineSafeModeRule] INFO  ha.SCMContext (SCMContext.java:updateSafeModeStatus(147)) - Update SafeModeStatus from SafeModeStatus{safeModeStatus=true, preCheckPassed=true} to SafeModeStatus{safeModeStatus=false, preCheckPassed=true}.
2021-05-22 19:12:28,346 [EventQueue-OpenPipelineForHealthyPipelineSafeModeRule] INFO  container.ReplicationManager (ReplicationManager.java:notifyStatusChanged(1279)) - Service ReplicationManager transitions to RUNNING.
2021-05-22 19:12:28,353 [grpc-default-executor-1] INFO  ratis.XceiverServerRatis (XceiverServerRatis.java:handleLeaderChangedNotification(906)) - Leader change notification received for group: group-CEE3C7E3D797 with new leaderId: ea0eae10-41b3-4db6-9afe-6a980641cba9
2021-05-22 19:12:28,355 [grpc-default-executor-1] INFO  server.RaftServer$Division (ServerState.java:setLeader(271)) - 77d60ed4-b7ae-47d8-b664-0086abc1b028@group-CEE3C7E3D797: change Leader from null to ea0eae10-41b3-4db6-9afe-6a980641cba9 at term 1 for appendEntries, leader elected after 5120ms
2021-05-22 19:12:28,357 [b5b91537-3281-48b1-9597-8f2f653ada85@group-6537B218274A-StateMachineUpdater] INFO  ha.SCMStateMachine (SCMStateMachine.java:takeSnapshot(282)) - Current Snapshot Index 24, takeSnapshot took 0 ms
2021-05-22 19:12:28,357 [b5b91537-3281-48b1-9597-8f2f653ada85@group-6537B218274A-StateMachineUpdater] INFO  impl.StateMachineUpdater (StateMachineUpdater.java:takeSnapshot(281)) - b5b91537-3281-48b1-9597-8f2f653ada85@group-6537B218274A-StateMachineUpdater: Took a snapshot at index 24
2021-05-22 19:12:28,357 [b5b91537-3281-48b1-9597-8f2f653ada85@group-6537B218274A-StateMachineUpdater] INFO  impl.StateMachineUpdater (StateMachineUpdater.java:lambda$new$0(89)) - b5b91537-3281-48b1-9597-8f2f653ada85@group-6537B218274A-StateMachineUpdater: snapshotIndex: updateIncreasingly 19 -> 24
2021-05-22 19:12:28,357 [b5b91537-3281-48b1-9597-8f2f653ada85@group-6537B218274A-StateMachineUpdater] INFO  raftlog.RaftLog (RaftLogBase.java:purge(306)) - b5b91537-3281-48b1-9597-8f2f653ada85@group-6537B218274A-SegmentedRaftLog: purge 24
2021-05-22 19:12:28,357 [b5b91537-3281-48b1-9597-8f2f653ada85@group-6537B218274A-StateMachineUpdater] INFO  raftlog.RaftLog (RaftLogBase.java:lambda$new$0(53)) - b5b91537-3281-48b1-9597-8f2f653ada85@group-6537B218274A-SegmentedRaftLog: snapshotIndex: updateIncreasingly 19 -> 24
2021-05-22 19:12:28,357 [b5b91537-3281-48b1-9597-8f2f653ada85@group-6537B218274A-StateMachineUpdater] INFO  raftlog.RaftLog (RaftLogBase.java:lambda$new$0(53)) - b5b91537-3281-48b1-9597-8f2f653ada85@group-6537B218274A-SegmentedRaftLog: purgeIndex: updateToMax old=19, new=24, updated? true
2021-05-22 19:12:28,354 [grpc-default-executor-2] INFO  server.RaftServer$Division (ServerState.java:setRaftConf(373)) - 37ad4b1d-96aa-49b2-b7c2-5ba74b6ff263@group-CEE3C7E3D797: set configuration 0: [ea0eae10-41b3-4db6-9afe-6a980641cba9|rpc:127.0.0.1:38377|dataStream:|priority:1, 77d60ed4-b7ae-47d8-b664-0086abc1b028|rpc:127.0.0.1:42583|dataStream:|priority:0, 37ad4b1d-96aa-49b2-b7c2-5ba74b6ff263|rpc:127.0.0.1:40699|dataStream:|priority:0], old=null
2021-05-22 19:12:28,359 [grpc-default-executor-2] INFO  segmented.SegmentedRaftLogWorker (SegmentedRaftLogWorker.java:startLogSegment(394)) - 37ad4b1d-96aa-49b2-b7c2-5ba74b6ff263@group-CEE3C7E3D797-SegmentedRaftLogWorker: Starting segment from index:0
2021-05-22 19:12:28,363 [37ad4b1d-96aa-49b2-b7c2-5ba74b6ff263@group-CEE3C7E3D797-SegmentedRaftLogWorker] INFO  segmented.SegmentedRaftLogWorker (SegmentedRaftLogWorker.java:execute(601)) - 37ad4b1d-96aa-49b2-b7c2-5ba74b6ff263@group-CEE3C7E3D797-SegmentedRaftLogWorker: created new log segment /github/workspace/mnt/ozone/hadoop-ozone/integration-test/target/test-dir/MiniOzoneClusterImpl-5713c1a7-fb90-4566-9593-6537b218274a/datanode-2/data/ratis/12abcdc4-f25a-4b3b-81bf-cee3c7e3d797/current/log_inprogress_0
2021-05-22 19:12:28,373 [grpc-default-executor-2] INFO  server.RaftServer$Division (ServerState.java:setRaftConf(373)) - 77d60ed4-b7ae-47d8-b664-0086abc1b028@group-CEE3C7E3D797: set configuration 0: [ea0eae10-41b3-4db6-9afe-6a980641cba9|rpc:127.0.0.1:38377|dataStream:|priority:1, 77d60ed4-b7ae-47d8-b664-0086abc1b028|rpc:127.0.0.1:42583|dataStream:|priority:0, 37ad4b1d-96aa-49b2-b7c2-5ba74b6ff263|rpc:127.0.0.1:40699|dataStream:|priority:0], old=null
2021-05-22 19:12:28,374 [grpc-default-executor-2] INFO  segmented.SegmentedRaftLogWorker (SegmentedRaftLogWorker.java:startLogSegment(394)) - 77d60ed4-b7ae-47d8-b664-0086abc1b028@group-CEE3C7E3D797-SegmentedRaftLogWorker: Starting segment from index:0
2021-05-22 19:12:28,375 [77d60ed4-b7ae-47d8-b664-0086abc1b028@group-CEE3C7E3D797-SegmentedRaftLogWorker] INFO  segmented.SegmentedRaftLogWorker (SegmentedRaftLogWorker.java:execute(601)) - 77d60ed4-b7ae-47d8-b664-0086abc1b028@group-CEE3C7E3D797-SegmentedRaftLogWorker: created new log segment /github/workspace/mnt/ozone/hadoop-ozone/integration-test/target/test-dir/MiniOzoneClusterImpl-5713c1a7-fb90-4566-9593-6537b218274a/datanode-1/data/ratis/12abcdc4-f25a-4b3b-81bf-cee3c7e3d797/current/log_inprogress_0
2021-05-22 19:12:28,399 [77d60ed4-b7ae-47d8-b664-0086abc1b028@group-2B2C58C028BE-FollowerState] INFO  impl.FollowerState (FollowerState.java:run(134)) - 77d60ed4-b7ae-47d8-b664-0086abc1b028@group-2B2C58C028BE-FollowerState: change to CANDIDATE, lastRpcElapsedTime:5197864139ns, electionTimeout:5190ms
2021-05-22 19:12:28,399 [77d60ed4-b7ae-47d8-b664-0086abc1b028@group-2B2C58C028BE-FollowerState] INFO  impl.RoleInfo (RoleInfo.java:shutdownFollowerState(108)) - 77d60ed4-b7ae-47d8-b664-0086abc1b028: shutdown 77d60ed4-b7ae-47d8-b664-0086abc1b028@group-2B2C58C028BE-FollowerState
2021-05-22 19:12:28,399 [77d60ed4-b7ae-47d8-b664-0086abc1b028@group-2B2C58C028BE-FollowerState] INFO  server.RaftServer$Division (RaftServerImpl.java:setRole(284)) - 77d60ed4-b7ae-47d8-b664-0086abc1b028@group-2B2C58C028BE: changes role from  FOLLOWER to CANDIDATE at term 0 for changeToCandidate
2021-05-22 19:12:28,400 [77d60ed4-b7ae-47d8-b664-0086abc1b028@group-2B2C58C028BE-FollowerState] INFO  server.RaftServerConfigKeys (ConfUtils.java:logGet(44)) - raft.server.leaderelection.pre-vote = false (custom)
2021-05-22 19:12:28,400 [77d60ed4-b7ae-47d8-b664-0086abc1b028@group-2B2C58C028BE-FollowerState] INFO  impl.RoleInfo (RoleInfo.java:updateAndGet(130)) - 77d60ed4-b7ae-47d8-b664-0086abc1b028: start 77d60ed4-b7ae-47d8-b664-0086abc1b028@group-2B2C58C028BE-LeaderElection7
2021-05-22 19:12:28,411 [77d60ed4-b7ae-47d8-b664-0086abc1b028@group-2B2C58C028BE-LeaderElection7] INFO  impl.LeaderElection (LeaderElection.java:askForVotes(306)) - 77d60ed4-b7ae-47d8-b664-0086abc1b028@group-2B2C58C028BE-LeaderElection7 ELECTION round 0: submit vote requests at term 1 for -1: [77d60ed4-b7ae-47d8-b664-0086abc1b028|rpc:127.0.0.1:42583|priority:1], old=null
2021-05-22 19:12:28,411 [77d60ed4-b7ae-47d8-b664-0086abc1b028@group-2B2C58C028BE-LeaderElection7] INFO  impl.LeaderElection (LeaderElection.java:askForVotes(308)) - 77d60ed4-b7ae-47d8-b664-0086abc1b028@group-2B2C58C028BE-LeaderElection7 ELECTION round 0: result PASSED (term=1)
2021-05-22 19:12:28,411 [77d60ed4-b7ae-47d8-b664-0086abc1b028@group-2B2C58C028BE-LeaderElection7] INFO  impl.RoleInfo (RoleInfo.java:shutdownLeaderElection(121)) - 77d60ed4-b7ae-47d8-b664-0086abc1b028: shutdown 77d60ed4-b7ae-47d8-b664-0086abc1b028@group-2B2C58C028BE-LeaderElection7
2021-05-22 19:12:28,411 [77d60ed4-b7ae-47d8-b664-0086abc1b028@group-2B2C58C028BE-LeaderElection7] INFO  server.RaftServer$Division (RaftServerImpl.java:setRole(284)) - 77d60ed4-b7ae-47d8-b664-0086abc1b028@group-2B2C58C028BE: changes role from CANDIDATE to LEADER at term 1 for changeToLeader
2021-05-22 19:12:28,411 [77d60ed4-b7ae-47d8-b664-0086abc1b028@group-2B2C58C028BE-LeaderElection7] INFO  ratis.XceiverServerRatis (XceiverServerRatis.java:handleLeaderChangedNotification(906)) - Leader change notification received for group: group-2B2C58C028BE with new leaderId: 77d60ed4-b7ae-47d8-b664-0086abc1b028
2021-05-22 19:12:28,413 [77d60ed4-b7ae-47d8-b664-0086abc1b028@group-2B2C58C028BE-LeaderElection7] INFO  server.RaftServer$Division (ServerState.java:setLeader(271)) - 77d60ed4-b7ae-47d8-b664-0086abc1b028@group-2B2C58C028BE: change Leader from null to 77d60ed4-b7ae-47d8-b664-0086abc1b028 at term 1 for becomeLeader, leader elected after 5254ms
2021-05-22 19:12:28,413 [77d60ed4-b7ae-47d8-b664-0086abc1b028@group-2B2C58C028BE-LeaderElection7] INFO  server.RaftServerConfigKeys (ConfUtils.java:logGet(44)) - raft.server.staging.catchup.gap = 1000 (default)
2021-05-22 19:12:28,413 [77d60ed4-b7ae-47d8-b664-0086abc1b028@group-2B2C58C028BE-LeaderElection7] INFO  metrics.RatisMetrics (RatisMetrics.java:lambda$create$0(36)) - Creating Metrics Registry : ratis.log_appender.77d60ed4-b7ae-47d8-b664-0086abc1b028@group-2B2C58C028BE
2021-05-22 19:12:28,414 [77d60ed4-b7ae-47d8-b664-0086abc1b028@group-2B2C58C028BE-LeaderElection7] INFO  server.RaftServerConfigKeys (ConfUtils.java:logGet(44)) - raft.server.write.element-limit = 1024 (custom)
2021-05-22 19:12:28,414 [77d60ed4-b7ae-47d8-b664-0086abc1b028@group-2B2C58C028BE-LeaderElection7] INFO  server.RaftServerConfigKeys (ConfUtils.java:logGet(44)) - raft.server.write.byte-limit = 1073741824 (custom)
2021-05-22 19:12:28,415 [77d60ed4-b7ae-47d8-b664-0086abc1b028@group-2B2C58C028BE-LeaderElection7] INFO  server.RaftServerConfigKeys (ConfUtils.java:logGet(44)) - raft.server.watch.timeout = 180s (custom)
2021-05-22 19:12:28,415 [77d60ed4-b7ae-47d8-b664-0086abc1b028@group-2B2C58C028BE-LeaderElection7] INFO  server.RaftServerConfigKeys (ConfUtils.java:logGet(44)) - raft.server.watch.timeout.denomination = 1s (default)
2021-05-22 19:12:28,415 [77d60ed4-b7ae-47d8-b664-0086abc1b028@group-2B2C58C028BE-LeaderElection7] INFO  server.RaftServerConfigKeys (ConfUtils.java:logGet(44)) - raft.server.watch.element-limit = 65536 (default)
2021-05-22 19:12:28,415 [77d60ed4-b7ae-47d8-b664-0086abc1b028@group-2B2C58C028BE-LeaderElection7] INFO  impl.RoleInfo (RoleInfo.java:updateAndGet(130)) - 77d60ed4-b7ae-47d8-b664-0086abc1b028: start 77d60ed4-b7ae-47d8-b664-0086abc1b028@group-2B2C58C028BE-LeaderStateImpl
2021-05-22 19:12:28,416 [77d60ed4-b7ae-47d8-b664-0086abc1b028@group-2B2C58C028BE-LeaderElection7] INFO  segmented.SegmentedRaftLogWorker (SegmentedRaftLogWorker.java:startLogSegment(394)) - 77d60ed4-b7ae-47d8-b664-0086abc1b028@group-2B2C58C028BE-SegmentedRaftLogWorker: Starting segment from index:0
2021-05-22 19:12:28,421 [77d60ed4-b7ae-47d8-b664-0086abc1b028@group-2B2C58C028BE-LeaderElection7] INFO  server.RaftServer$Division (ServerState.java:setRaftConf(373)) - 77d60ed4-b7ae-47d8-b664-0086abc1b028@group-2B2C58C028BE: set configuration 0: [77d60ed4-b7ae-47d8-b664-0086abc1b028|rpc:127.0.0.1:42583|dataStream:|priority:1], old=null
2021-05-22 19:12:28,422 [77d60ed4-b7ae-47d8-b664-0086abc1b028@group-2B2C58C028BE-SegmentedRaftLogWorker] INFO  segmented.SegmentedRaftLogWorker (SegmentedRaftLogWorker.java:execute(601)) - 77d60ed4-b7ae-47d8-b664-0086abc1b028@group-2B2C58C028BE-SegmentedRaftLogWorker: created new log segment /github/workspace/mnt/ozone/hadoop-ozone/integration-test/target/test-dir/MiniOzoneClusterImpl-5713c1a7-fb90-4566-9593-6537b218274a/datanode-1/data/ratis/96d8c211-85d2-45da-85db-2b2c58c028be/current/log_inprogress_0
2021-05-22 19:12:28,423 [EventQueue-PipelineReportForOneReplicaPipelineSafeModeRule] INFO  safemode.SCMSafeModeManager (SCMSafeModeManager.java:validateSafeModeExitRules(201)) - AtleastOneDatanodeReportedRule rule is successfully validated
2021-05-22 19:12:28,423 [EventQueue-OpenPipelineForHealthyPipelineSafeModeRule] INFO  safemode.SCMSafeModeManager (HealthyPipelineSafeModeRule.java:process(130)) - SCM in safe mode. Healthy pipelines reported count is 1, required healthy pipeline reported count is 1
2021-05-22 19:12:28,423 [EventQueue-OpenPipelineForHealthyPipelineSafeModeRule] INFO  safemode.SCMSafeModeManager (SCMSafeModeManager.java:validateSafeModeExitRules(201)) - HealthyPipelineSafeModeRule rule is successfully validated
2021-05-22 19:12:28,423 [EventQueue-OpenPipelineForHealthyPipelineSafeModeRule] INFO  safemode.SCMSafeModeManager (SCMSafeModeManager.java:validateSafeModeExitRules(215)) - ScmSafeModeManager, all rules are successfully validated
2021-05-22 19:12:28,423 [EventQueue-OpenPipelineForHealthyPipelineSafeModeRule] INFO  safemode.SCMSafeModeManager (SCMSafeModeManager.java:exitSafeMode(244)) - SCM exiting safe mode.
2021-05-22 19:12:28,423 [EventQueue-OpenPipelineForHealthyPipelineSafeModeRule] WARN  events.EventQueue (EventQueue.java:fireEvent(185)) - No event handler registered for event TypedEvent{payloadType=SafeModeStatus, name='Safe mode status'}
2021-05-22 19:12:28,423 [EventQueue-OpenPipelineForHealthyPipelineSafeModeRule] INFO  ha.SCMContext (SCMContext.java:updateSafeModeStatus(147)) - Update SafeModeStatus from SafeModeStatus{safeModeStatus=true, preCheckPassed=true} to SafeModeStatus{safeModeStatus=false, preCheckPassed=true}.
2021-05-22 19:12:28,460 [Listener at 127.0.0.1/13280] INFO  ozone.MiniOzoneClusterImpl (MiniOzoneClusterImpl.java:lambda$waitForClusterToBeReady$0(224)) - Nodes are ready. Got 3 of 3 DN Heartbeats.
2021-05-22 19:12:28,460 [Listener at 127.0.0.1/13280] INFO  ozone.MiniOzoneClusterImpl (MiniOzoneClusterImpl.java:lambda$waitForClusterToBeReady$0(227)) - Cluster exits safe mode
2021-05-22 19:12:28,461 [Listener at 127.0.0.1/13280] INFO  ozone.MiniOzoneClusterImpl (MiniOzoneClusterImpl.java:lambda$waitForClusterToBeReady$0(230)) - SCM became leader
2021-05-22 19:12:28,488 [Listener at 127.0.0.1/13280] INFO  ha.SCMHAInvocationHandler (SCMHAInvocationHandler.java:invokeRatis(113)) - Invoking method public abstract java.lang.Boolean org.apache.hadoop.hdds.scm.ha.SequenceIdGenerator$StateManager.allocateBatch(java.lang.String,java.lang.Long,java.lang.Long) on target org.apache.hadoop.hdds.scm.ha.SCMRatisServerImpl@5cbb90de, cost 16296.98us
2021-05-22 19:12:28,488 [Listener at 127.0.0.1/13280] INFO  ha.SequenceIdGenerator (SequenceIdGenerator.java:getNextId(127)) - Allocate a batch for containerId, change lastId from 0 to 1000.
2021-05-22 19:12:28,488 [c528a642-8365-4981-9ca8-5a52c1b1524d@group-6537B218274A-StateMachineUpdater] INFO  ha.SCMStateMachine (SCMStateMachine.java:takeSnapshot(282)) - Current Snapshot Index 25, takeSnapshot took 0 ms
2021-05-22 19:12:28,489 [c528a642-8365-4981-9ca8-5a52c1b1524d@group-6537B218274A-StateMachineUpdater] INFO  impl.StateMachineUpdater (StateMachineUpdater.java:takeSnapshot(281)) - c528a642-8365-4981-9ca8-5a52c1b1524d@group-6537B218274A-StateMachineUpdater: Took a snapshot at index 25
2021-05-22 19:12:28,489 [c528a642-8365-4981-9ca8-5a52c1b1524d@group-6537B218274A-StateMachineUpdater] INFO  impl.StateMachineUpdater (StateMachineUpdater.java:lambda$new$0(89)) - c528a642-8365-4981-9ca8-5a52c1b1524d@group-6537B218274A-StateMachineUpdater: snapshotIndex: updateIncreasingly 20 -> 25
2021-05-22 19:12:28,489 [c528a642-8365-4981-9ca8-5a52c1b1524d@group-6537B218274A-StateMachineUpdater] INFO  raftlog.RaftLog (RaftLogBase.java:purge(306)) - c528a642-8365-4981-9ca8-5a52c1b1524d@group-6537B218274A-SegmentedRaftLog: purge 25
2021-05-22 19:12:28,490 [c528a642-8365-4981-9ca8-5a52c1b1524d@group-6537B218274A-StateMachineUpdater] INFO  raftlog.RaftLog (RaftLogBase.java:lambda$new$0(53)) - c528a642-8365-4981-9ca8-5a52c1b1524d@group-6537B218274A-SegmentedRaftLog: snapshotIndex: updateIncreasingly 20 -> 25
2021-05-22 19:12:28,490 [c528a642-8365-4981-9ca8-5a52c1b1524d@group-6537B218274A-StateMachineUpdater] INFO  raftlog.RaftLog (RaftLogBase.java:lambda$new$0(53)) - c528a642-8365-4981-9ca8-5a52c1b1524d@group-6537B218274A-SegmentedRaftLog: purgeIndex: updateToMax old=20, new=25, updated? true
2021-05-22 19:12:28,503 [Listener at 127.0.0.1/13280] INFO  ha.SCMHAInvocationHandler (SCMHAInvocationHandler.java:invokeRatis(113)) - Invoking method public abstract void org.apache.hadoop.hdds.scm.container.ContainerStateManagerV2.addContainer(org.apache.hadoop.hdds.protocol.proto.HddsProtos$ContainerInfoProto) throws java.io.IOException on target org.apache.hadoop.hdds.scm.ha.SCMRatisServerImpl@5cbb90de, cost 11522.156us
2021-05-22 19:12:28,614 [b5b91537-3281-48b1-9597-8f2f653ada85@group-6537B218274A-StateMachineUpdater] INFO  ha.SCMStateMachine (SCMStateMachine.java:takeSnapshot(282)) - Current Snapshot Index 29, takeSnapshot took 0 ms
2021-05-22 19:12:28,614 [b5b91537-3281-48b1-9597-8f2f653ada85@group-6537B218274A-StateMachineUpdater] INFO  impl.StateMachineUpdater (StateMachineUpdater.java:takeSnapshot(281)) - b5b91537-3281-48b1-9597-8f2f653ada85@group-6537B218274A-StateMachineUpdater: Took a snapshot at index 29
2021-05-22 19:12:28,614 [b5b91537-3281-48b1-9597-8f2f653ada85@group-6537B218274A-StateMachineUpdater] INFO  impl.StateMachineUpdater (StateMachineUpdater.java:lambda$new$0(89)) - b5b91537-3281-48b1-9597-8f2f653ada85@group-6537B218274A-StateMachineUpdater: snapshotIndex: updateIncreasingly 24 -> 29
2021-05-22 19:12:28,614 [b5b91537-3281-48b1-9597-8f2f653ada85@group-6537B218274A-StateMachineUpdater] INFO  raftlog.RaftLog (RaftLogBase.java:purge(306)) - b5b91537-3281-48b1-9597-8f2f653ada85@group-6537B218274A-SegmentedRaftLog: purge 29
2021-05-22 19:12:28,614 [b5b91537-3281-48b1-9597-8f2f653ada85@group-6537B218274A-StateMachineUpdater] INFO  raftlog.RaftLog (RaftLogBase.java:lambda$new$0(53)) - b5b91537-3281-48b1-9597-8f2f653ada85@group-6537B218274A-SegmentedRaftLog: snapshotIndex: updateIncreasingly 24 -> 29
2021-05-22 19:12:28,614 [b5b91537-3281-48b1-9597-8f2f653ada85@group-6537B218274A-StateMachineUpdater] INFO  raftlog.RaftLog (RaftLogBase.java:lambda$new$0(53)) - b5b91537-3281-48b1-9597-8f2f653ada85@group-6537B218274A-SegmentedRaftLog: purgeIndex: updateToMax old=24, new=29, updated? true
2021-05-22 19:12:28,614 [Listener at 127.0.0.1/13280] INFO  ha.SCMHAInvocationHandler (SCMHAInvocationHandler.java:invokeRatis(113)) - Invoking method public abstract void org.apache.hadoop.hdds.scm.container.ContainerStateManagerV2.addContainer(org.apache.hadoop.hdds.protocol.proto.HddsProtos$ContainerInfoProto) throws java.io.IOException on target org.apache.hadoop.hdds.scm.ha.SCMRatisServerImpl@5cbb90de, cost 6083.93us
2021-05-22 19:12:28,664 [37ad4b1d-96aa-49b2-b7c2-5ba74b6ff263@group-EA5919BA224A-FollowerState] INFO  impl.FollowerState (FollowerState.java:run(134)) - 37ad4b1d-96aa-49b2-b7c2-5ba74b6ff263@group-EA5919BA224A-FollowerState: change to CANDIDATE, lastRpcElapsedTime:5201680558ns, electionTimeout:5199ms
2021-05-22 19:12:28,665 [37ad4b1d-96aa-49b2-b7c2-5ba74b6ff263@group-EA5919BA224A-FollowerState] INFO  impl.RoleInfo (RoleInfo.java:shutdownFollowerState(108)) - 37ad4b1d-96aa-49b2-b7c2-5ba74b6ff263: shutdown 37ad4b1d-96aa-49b2-b7c2-5ba74b6ff263@group-EA5919BA224A-FollowerState
2021-05-22 19:12:28,665 [37ad4b1d-96aa-49b2-b7c2-5ba74b6ff263@group-EA5919BA224A-FollowerState] INFO  server.RaftServer$Division (RaftServerImpl.java:setRole(284)) - 37ad4b1d-96aa-49b2-b7c2-5ba74b6ff263@group-EA5919BA224A: changes role from  FOLLOWER to CANDIDATE at term 0 for changeToCandidate
2021-05-22 19:12:28,665 [37ad4b1d-96aa-49b2-b7c2-5ba74b6ff263@group-EA5919BA224A-FollowerState] INFO  server.RaftServerConfigKeys (ConfUtils.java:logGet(44)) - raft.server.leaderelection.pre-vote = false (custom)
2021-05-22 19:12:28,665 [37ad4b1d-96aa-49b2-b7c2-5ba74b6ff263@group-EA5919BA224A-FollowerState] INFO  impl.RoleInfo (RoleInfo.java:updateAndGet(130)) - 37ad4b1d-96aa-49b2-b7c2-5ba74b6ff263: start 37ad4b1d-96aa-49b2-b7c2-5ba74b6ff263@group-EA5919BA224A-LeaderElection8
2021-05-22 19:12:28,673 [37ad4b1d-96aa-49b2-b7c2-5ba74b6ff263@group-EA5919BA224A-LeaderElection8] INFO  impl.LeaderElection (LeaderElection.java:askForVotes(306)) - 37ad4b1d-96aa-49b2-b7c2-5ba74b6ff263@group-EA5919BA224A-LeaderElection8 ELECTION round 0: submit vote requests at term 1 for -1: [37ad4b1d-96aa-49b2-b7c2-5ba74b6ff263|rpc:127.0.0.1:40699|priority:1], old=null
2021-05-22 19:12:28,673 [37ad4b1d-96aa-49b2-b7c2-5ba74b6ff263@group-EA5919BA224A-LeaderElection8] INFO  impl.LeaderElection (LeaderElection.java:askForVotes(308)) - 37ad4b1d-96aa-49b2-b7c2-5ba74b6ff263@group-EA5919BA224A-LeaderElection8 ELECTION round 0: result PASSED (term=1)
2021-05-22 19:12:28,673 [37ad4b1d-96aa-49b2-b7c2-5ba74b6ff263@group-EA5919BA224A-LeaderElection8] INFO  impl.RoleInfo (RoleInfo.java:shutdownLeaderElection(121)) - 37ad4b1d-96aa-49b2-b7c2-5ba74b6ff263: shutdown 37ad4b1d-96aa-49b2-b7c2-5ba74b6ff263@group-EA5919BA224A-LeaderElection8
2021-05-22 19:12:28,673 [37ad4b1d-96aa-49b2-b7c2-5ba74b6ff263@group-EA5919BA224A-LeaderElection8] INFO  server.RaftServer$Division (RaftServerImpl.java:setRole(284)) - 37ad4b1d-96aa-49b2-b7c2-5ba74b6ff263@group-EA5919BA224A: changes role from CANDIDATE to LEADER at term 1 for changeToLeader
2021-05-22 19:12:28,674 [37ad4b1d-96aa-49b2-b7c2-5ba74b6ff263@group-EA5919BA224A-LeaderElection8] INFO  ratis.XceiverServerRatis (XceiverServerRatis.java:handleLeaderChangedNotification(906)) - Leader change notification received for group: group-EA5919BA224A with new leaderId: 37ad4b1d-96aa-49b2-b7c2-5ba74b6ff263
2021-05-22 19:12:28,674 [37ad4b1d-96aa-49b2-b7c2-5ba74b6ff263@group-EA5919BA224A-LeaderElection8] INFO  server.RaftServer$Division (ServerState.java:setLeader(271)) - 37ad4b1d-96aa-49b2-b7c2-5ba74b6ff263@group-EA5919BA224A: change Leader from null to 37ad4b1d-96aa-49b2-b7c2-5ba74b6ff263 at term 1 for becomeLeader, leader elected after 5233ms
2021-05-22 19:12:28,674 [37ad4b1d-96aa-49b2-b7c2-5ba74b6ff263@group-EA5919BA224A-LeaderElection8] INFO  server.RaftServerConfigKeys (ConfUtils.java:logGet(44)) - raft.server.staging.catchup.gap = 1000 (default)
2021-05-22 19:12:28,675 [37ad4b1d-96aa-49b2-b7c2-5ba74b6ff263@group-EA5919BA224A-LeaderElection8] INFO  metrics.RatisMetrics (RatisMetrics.java:lambda$create$0(36)) - Creating Metrics Registry : ratis.log_appender.37ad4b1d-96aa-49b2-b7c2-5ba74b6ff263@group-EA5919BA224A
2021-05-22 19:12:28,676 [37ad4b1d-96aa-49b2-b7c2-5ba74b6ff263@group-EA5919BA224A-LeaderElection8] INFO  server.RaftServerConfigKeys (ConfUtils.java:logGet(44)) - raft.server.write.element-limit = 1024 (custom)
2021-05-22 19:12:28,677 [37ad4b1d-96aa-49b2-b7c2-5ba74b6ff263@group-EA5919BA224A-LeaderElection8] INFO  server.RaftServerConfigKeys (ConfUtils.java:logGet(44)) - raft.server.write.byte-limit = 1073741824 (custom)
2021-05-22 19:12:28,677 [37ad4b1d-96aa-49b2-b7c2-5ba74b6ff263@group-EA5919BA224A-LeaderElection8] INFO  server.RaftServerConfigKeys (ConfUtils.java:logGet(44)) - raft.server.watch.timeout = 180s (custom)
2021-05-22 19:12:28,677 [37ad4b1d-96aa-49b2-b7c2-5ba74b6ff263@group-EA5919BA224A-LeaderElection8] INFO  server.RaftServerConfigKeys (ConfUtils.java:logGet(44)) - raft.server.watch.timeout.denomination = 1s (default)
2021-05-22 19:12:28,677 [37ad4b1d-96aa-49b2-b7c2-5ba74b6ff263@group-EA5919BA224A-LeaderElection8] INFO  server.RaftServerConfigKeys (ConfUtils.java:logGet(44)) - raft.server.watch.element-limit = 65536 (default)
2021-05-22 19:12:28,678 [37ad4b1d-96aa-49b2-b7c2-5ba74b6ff263@group-EA5919BA224A-LeaderElection8] INFO  impl.RoleInfo (RoleInfo.java:updateAndGet(130)) - 37ad4b1d-96aa-49b2-b7c2-5ba74b6ff263: start 37ad4b1d-96aa-49b2-b7c2-5ba74b6ff263@group-EA5919BA224A-LeaderStateImpl
2021-05-22 19:12:28,678 [37ad4b1d-96aa-49b2-b7c2-5ba74b6ff263@group-EA5919BA224A-LeaderElection8] INFO  segmented.SegmentedRaftLogWorker (SegmentedRaftLogWorker.java:startLogSegment(394)) - 37ad4b1d-96aa-49b2-b7c2-5ba74b6ff263@group-EA5919BA224A-SegmentedRaftLogWorker: Starting segment from index:0
2021-05-22 19:12:28,679 [37ad4b1d-96aa-49b2-b7c2-5ba74b6ff263@group-EA5919BA224A-SegmentedRaftLogWorker] INFO  segmented.SegmentedRaftLogWorker (SegmentedRaftLogWorker.java:execute(601)) - 37ad4b1d-96aa-49b2-b7c2-5ba74b6ff263@group-EA5919BA224A-SegmentedRaftLogWorker: created new log segment /github/workspace/mnt/ozone/hadoop-ozone/integration-test/target/test-dir/MiniOzoneClusterImpl-5713c1a7-fb90-4566-9593-6537b218274a/datanode-2/data/ratis/f38d1544-efbf-493a-b964-ea5919ba224a/current/log_inprogress_0
2021-05-22 19:12:28,681 [37ad4b1d-96aa-49b2-b7c2-5ba74b6ff263@group-EA5919BA224A-LeaderElection8] INFO  server.RaftServer$Division (ServerState.java:setRaftConf(373)) - 37ad4b1d-96aa-49b2-b7c2-5ba74b6ff263@group-EA5919BA224A: set configuration 0: [37ad4b1d-96aa-49b2-b7c2-5ba74b6ff263|rpc:127.0.0.1:40699|dataStream:|priority:1], old=null
2021-05-22 19:12:28,719 [c528a642-8365-4981-9ca8-5a52c1b1524d@group-6537B218274A-StateMachineUpdater] INFO  ha.SCMStateMachine (SCMStateMachine.java:takeSnapshot(282)) - Current Snapshot Index 30, takeSnapshot took 0 ms
2021-05-22 19:12:28,719 [c528a642-8365-4981-9ca8-5a52c1b1524d@group-6537B218274A-StateMachineUpdater] INFO  impl.StateMachineUpdater (StateMachineUpdater.java:takeSnapshot(281)) - c528a642-8365-4981-9ca8-5a52c1b1524d@group-6537B218274A-StateMachineUpdater: Took a snapshot at index 30
2021-05-22 19:12:28,719 [c528a642-8365-4981-9ca8-5a52c1b1524d@group-6537B218274A-StateMachineUpdater] INFO  impl.StateMachineUpdater (StateMachineUpdater.java:lambda$new$0(89)) - c528a642-8365-4981-9ca8-5a52c1b1524d@group-6537B218274A-StateMachineUpdater: snapshotIndex: updateIncreasingly 25 -> 30
2021-05-22 19:12:28,719 [c528a642-8365-4981-9ca8-5a52c1b1524d@group-6537B218274A-StateMachineUpdater] INFO  raftlog.RaftLog (RaftLogBase.java:purge(306)) - c528a642-8365-4981-9ca8-5a52c1b1524d@group-6537B218274A-SegmentedRaftLog: purge 30
2021-05-22 19:12:28,720 [c528a642-8365-4981-9ca8-5a52c1b1524d@group-6537B218274A-StateMachineUpdater] INFO  raftlog.RaftLog (RaftLogBase.java:lambda$new$0(53)) - c528a642-8365-4981-9ca8-5a52c1b1524d@group-6537B218274A-SegmentedRaftLog: snapshotIndex: updateIncreasingly 25 -> 30
2021-05-22 19:12:28,720 [c528a642-8365-4981-9ca8-5a52c1b1524d@group-6537B218274A-StateMachineUpdater] INFO  raftlog.RaftLog (RaftLogBase.java:lambda$new$0(53)) - c528a642-8365-4981-9ca8-5a52c1b1524d@group-6537B218274A-SegmentedRaftLog: purgeIndex: updateToMax old=25, new=30, updated? true
2021-05-22 19:12:28,722 [Listener at 127.0.0.1/13280] INFO  ha.SCMHAInvocationHandler (SCMHAInvocationHandler.java:invokeRatis(113)) - Invoking method public abstract void org.apache.hadoop.hdds.scm.container.ContainerStateManagerV2.addContainer(org.apache.hadoop.hdds.protocol.proto.HddsProtos$ContainerInfoProto) throws java.io.IOException on target org.apache.hadoop.hdds.scm.ha.SCMRatisServerImpl@5cbb90de, cost 6833.634us
2021-05-22 19:12:28,829 [Listener at 127.0.0.1/13280] INFO  ha.SCMHAInvocationHandler (SCMHAInvocationHandler.java:invokeRatis(113)) - Invoking method public abstract void org.apache.hadoop.hdds.scm.container.ContainerStateManagerV2.addContainer(org.apache.hadoop.hdds.protocol.proto.HddsProtos$ContainerInfoProto) throws java.io.IOException on target org.apache.hadoop.hdds.scm.ha.SCMRatisServerImpl@5cbb90de, cost 6093.43us
2021-05-22 19:12:28,834 [b5b91537-3281-48b1-9597-8f2f653ada85@group-6537B218274A-StateMachineUpdater] INFO  ha.SCMStateMachine (SCMStateMachine.java:takeSnapshot(282)) - Current Snapshot Index 34, takeSnapshot took 1 ms
2021-05-22 19:12:28,834 [b5b91537-3281-48b1-9597-8f2f653ada85@group-6537B218274A-StateMachineUpdater] INFO  impl.StateMachineUpdater (StateMachineUpdater.java:takeSnapshot(281)) - b5b91537-3281-48b1-9597-8f2f653ada85@group-6537B218274A-StateMachineUpdater: Took a snapshot at index 34
2021-05-22 19:12:28,834 [b5b91537-3281-48b1-9597-8f2f653ada85@group-6537B218274A-StateMachineUpdater] INFO  impl.StateMachineUpdater (StateMachineUpdater.java:lambda$new$0(89)) - b5b91537-3281-48b1-9597-8f2f653ada85@group-6537B218274A-StateMachineUpdater: snapshotIndex: updateIncreasingly 29 -> 34
2021-05-22 19:12:28,835 [b5b91537-3281-48b1-9597-8f2f653ada85@group-6537B218274A-StateMachineUpdater] INFO  raftlog.RaftLog (RaftLogBase.java:purge(306)) - b5b91537-3281-48b1-9597-8f2f653ada85@group-6537B218274A-SegmentedRaftLog: purge 34
2021-05-22 19:12:28,835 [b5b91537-3281-48b1-9597-8f2f653ada85@group-6537B218274A-StateMachineUpdater] INFO  raftlog.RaftLog (RaftLogBase.java:lambda$new$0(53)) - b5b91537-3281-48b1-9597-8f2f653ada85@group-6537B218274A-SegmentedRaftLog: snapshotIndex: updateIncreasingly 29 -> 34
2021-05-22 19:12:28,835 [b5b91537-3281-48b1-9597-8f2f653ada85@group-6537B218274A-StateMachineUpdater] INFO  raftlog.RaftLog (RaftLogBase.java:lambda$new$0(53)) - b5b91537-3281-48b1-9597-8f2f653ada85@group-6537B218274A-SegmentedRaftLog: purgeIndex: updateToMax old=29, new=34, updated? true
2021-05-22 19:12:28,936 [Listener at 127.0.0.1/13280] INFO  ha.SCMHAInvocationHandler (SCMHAInvocationHandler.java:invokeRatis(113)) - Invoking method public abstract void org.apache.hadoop.hdds.scm.container.ContainerStateManagerV2.addContainer(org.apache.hadoop.hdds.protocol.proto.HddsProtos$ContainerInfoProto) throws java.io.IOException on target org.apache.hadoop.hdds.scm.ha.SCMRatisServerImpl@5cbb90de, cost 6096.23us
2021-05-22 19:12:28,940 [c528a642-8365-4981-9ca8-5a52c1b1524d@group-6537B218274A-StateMachineUpdater] INFO  ha.SCMStateMachine (SCMStateMachine.java:takeSnapshot(282)) - Current Snapshot Index 35, takeSnapshot took 0 ms
2021-05-22 19:12:28,940 [c528a642-8365-4981-9ca8-5a52c1b1524d@group-6537B218274A-StateMachineUpdater] INFO  impl.StateMachineUpdater (StateMachineUpdater.java:takeSnapshot(281)) - c528a642-8365-4981-9ca8-5a52c1b1524d@group-6537B218274A-StateMachineUpdater: Took a snapshot at index 35
2021-05-22 19:12:28,940 [c528a642-8365-4981-9ca8-5a52c1b1524d@group-6537B218274A-StateMachineUpdater] INFO  impl.StateMachineUpdater (StateMachineUpdater.java:lambda$new$0(89)) - c528a642-8365-4981-9ca8-5a52c1b1524d@group-6537B218274A-StateMachineUpdater: snapshotIndex: updateIncreasingly 30 -> 35
2021-05-22 19:12:28,940 [c528a642-8365-4981-9ca8-5a52c1b1524d@group-6537B218274A-StateMachineUpdater] INFO  raftlog.RaftLog (RaftLogBase.java:purge(306)) - c528a642-8365-4981-9ca8-5a52c1b1524d@group-6537B218274A-SegmentedRaftLog: purge 35
2021-05-22 19:12:28,940 [c528a642-8365-4981-9ca8-5a52c1b1524d@group-6537B218274A-StateMachineUpdater] INFO  raftlog.RaftLog (RaftLogBase.java:lambda$new$0(53)) - c528a642-8365-4981-9ca8-5a52c1b1524d@group-6537B218274A-SegmentedRaftLog: snapshotIndex: updateIncreasingly 30 -> 35
2021-05-22 19:12:28,940 [c528a642-8365-4981-9ca8-5a52c1b1524d@group-6537B218274A-StateMachineUpdater] INFO  raftlog.RaftLog (RaftLogBase.java:lambda$new$0(53)) - c528a642-8365-4981-9ca8-5a52c1b1524d@group-6537B218274A-SegmentedRaftLog: purgeIndex: updateToMax old=30, new=35, updated? true
2021-05-22 19:12:29,046 [Listener at 127.0.0.1/13280] INFO  ha.SCMHAInvocationHandler (SCMHAInvocationHandler.java:invokeRatis(113)) - Invoking method public abstract void org.apache.hadoop.hdds.scm.container.ContainerStateManagerV2.addContainer(org.apache.hadoop.hdds.protocol.proto.HddsProtos$ContainerInfoProto) throws java.io.IOException on target org.apache.hadoop.hdds.scm.ha.SCMRatisServerImpl@5cbb90de, cost 8688.843us
2021-05-22 19:12:29,153 [b5b91537-3281-48b1-9597-8f2f653ada85@group-6537B218274A-StateMachineUpdater] INFO  ha.SCMStateMachine (SCMStateMachine.java:takeSnapshot(282)) - Current Snapshot Index 39, takeSnapshot took 1 ms
2021-05-22 19:12:29,154 [b5b91537-3281-48b1-9597-8f2f653ada85@group-6537B218274A-StateMachineUpdater] INFO  impl.StateMachineUpdater (StateMachineUpdater.java:takeSnapshot(281)) - b5b91537-3281-48b1-9597-8f2f653ada85@group-6537B218274A-StateMachineUpdater: Took a snapshot at index 39
2021-05-22 19:12:29,154 [b5b91537-3281-48b1-9597-8f2f653ada85@group-6537B218274A-StateMachineUpdater] INFO  impl.StateMachineUpdater (StateMachineUpdater.java:lambda$new$0(89)) - b5b91537-3281-48b1-9597-8f2f653ada85@group-6537B218274A-StateMachineUpdater: snapshotIndex: updateIncreasingly 34 -> 39
2021-05-22 19:12:29,154 [b5b91537-3281-48b1-9597-8f2f653ada85@group-6537B218274A-StateMachineUpdater] INFO  raftlog.RaftLog (RaftLogBase.java:purge(306)) - b5b91537-3281-48b1-9597-8f2f653ada85@group-6537B218274A-SegmentedRaftLog: purge 39
2021-05-22 19:12:29,154 [b5b91537-3281-48b1-9597-8f2f653ada85@group-6537B218274A-StateMachineUpdater] INFO  raftlog.RaftLog (RaftLogBase.java:lambda$new$0(53)) - b5b91537-3281-48b1-9597-8f2f653ada85@group-6537B218274A-SegmentedRaftLog: snapshotIndex: updateIncreasingly 34 -> 39
2021-05-22 19:12:29,154 [b5b91537-3281-48b1-9597-8f2f653ada85@group-6537B218274A-StateMachineUpdater] INFO  raftlog.RaftLog (RaftLogBase.java:lambda$new$0(53)) - b5b91537-3281-48b1-9597-8f2f653ada85@group-6537B218274A-SegmentedRaftLog: purgeIndex: updateToMax old=34, new=39, updated? true
2021-05-22 19:12:29,154 [Listener at 127.0.0.1/13280] INFO  ha.SCMHAInvocationHandler (SCMHAInvocationHandler.java:invokeRatis(113)) - Invoking method public abstract void org.apache.hadoop.hdds.scm.container.ContainerStateManagerV2.addContainer(org.apache.hadoop.hdds.protocol.proto.HddsProtos$ContainerInfoProto) throws java.io.IOException on target org.apache.hadoop.hdds.scm.ha.SCMRatisServerImpl@5cbb90de, cost 7194.935us
2021-05-22 19:12:29,260 [c528a642-8365-4981-9ca8-5a52c1b1524d@group-6537B218274A-StateMachineUpdater] INFO  ha.SCMStateMachine (SCMStateMachine.java:takeSnapshot(282)) - Current Snapshot Index 40, takeSnapshot took 0 ms
2021-05-22 19:12:29,260 [c528a642-8365-4981-9ca8-5a52c1b1524d@group-6537B218274A-StateMachineUpdater] INFO  impl.StateMachineUpdater (StateMachineUpdater.java:takeSnapshot(281)) - c528a642-8365-4981-9ca8-5a52c1b1524d@group-6537B218274A-StateMachineUpdater: Took a snapshot at index 40
2021-05-22 19:12:29,260 [c528a642-8365-4981-9ca8-5a52c1b1524d@group-6537B218274A-StateMachineUpdater] INFO  impl.StateMachineUpdater (StateMachineUpdater.java:lambda$new$0(89)) - c528a642-8365-4981-9ca8-5a52c1b1524d@group-6537B218274A-StateMachineUpdater: snapshotIndex: updateIncreasingly 35 -> 40
2021-05-22 19:12:29,260 [c528a642-8365-4981-9ca8-5a52c1b1524d@group-6537B218274A-StateMachineUpdater] INFO  raftlog.RaftLog (RaftLogBase.java:purge(306)) - c528a642-8365-4981-9ca8-5a52c1b1524d@group-6537B218274A-SegmentedRaftLog: purge 40
2021-05-22 19:12:29,260 [c528a642-8365-4981-9ca8-5a52c1b1524d@group-6537B218274A-StateMachineUpdater] INFO  raftlog.RaftLog (RaftLogBase.java:lambda$new$0(53)) - c528a642-8365-4981-9ca8-5a52c1b1524d@group-6537B218274A-SegmentedRaftLog: snapshotIndex: updateIncreasingly 35 -> 40
2021-05-22 19:12:29,260 [c528a642-8365-4981-9ca8-5a52c1b1524d@group-6537B218274A-StateMachineUpdater] INFO  raftlog.RaftLog (RaftLogBase.java:lambda$new$0(53)) - c528a642-8365-4981-9ca8-5a52c1b1524d@group-6537B218274A-SegmentedRaftLog: purgeIndex: updateToMax old=35, new=40, updated? true
2021-05-22 19:12:29,262 [Listener at 127.0.0.1/13280] INFO  ha.SCMHAInvocationHandler (SCMHAInvocationHandler.java:invokeRatis(113)) - Invoking method public abstract void org.apache.hadoop.hdds.scm.container.ContainerStateManagerV2.addContainer(org.apache.hadoop.hdds.protocol.proto.HddsProtos$ContainerInfoProto) throws java.io.IOException on target org.apache.hadoop.hdds.scm.ha.SCMRatisServerImpl@5cbb90de, cost 7579.637us
2021-05-22 19:12:29,369 [Listener at 127.0.0.1/13280] INFO  ha.SCMHAInvocationHandler (SCMHAInvocationHandler.java:invokeRatis(113)) - Invoking method public abstract void org.apache.hadoop.hdds.scm.container.ContainerStateManagerV2.addContainer(org.apache.hadoop.hdds.protocol.proto.HddsProtos$ContainerInfoProto) throws java.io.IOException on target org.apache.hadoop.hdds.scm.ha.SCMRatisServerImpl@5cbb90de, cost 5469.627us
2021-05-22 19:12:29,372 [b5b91537-3281-48b1-9597-8f2f653ada85@group-6537B218274A-StateMachineUpdater] INFO  ha.SCMStateMachine (SCMStateMachine.java:takeSnapshot(282)) - Current Snapshot Index 44, takeSnapshot took 1 ms
2021-05-22 19:12:29,373 [b5b91537-3281-48b1-9597-8f2f653ada85@group-6537B218274A-StateMachineUpdater] INFO  impl.StateMachineUpdater (StateMachineUpdater.java:takeSnapshot(281)) - b5b91537-3281-48b1-9597-8f2f653ada85@group-6537B218274A-StateMachineUpdater: Took a snapshot at index 44
2021-05-22 19:12:29,373 [b5b91537-3281-48b1-9597-8f2f653ada85@group-6537B218274A-StateMachineUpdater] INFO  impl.StateMachineUpdater (StateMachineUpdater.java:lambda$new$0(89)) - b5b91537-3281-48b1-9597-8f2f653ada85@group-6537B218274A-StateMachineUpdater: snapshotIndex: updateIncreasingly 39 -> 44
2021-05-22 19:12:29,373 [b5b91537-3281-48b1-9597-8f2f653ada85@group-6537B218274A-StateMachineUpdater] INFO  raftlog.RaftLog (RaftLogBase.java:purge(306)) - b5b91537-3281-48b1-9597-8f2f653ada85@group-6537B218274A-SegmentedRaftLog: purge 44
2021-05-22 19:12:29,373 [b5b91537-3281-48b1-9597-8f2f653ada85@group-6537B218274A-StateMachineUpdater] INFO  raftlog.RaftLog (RaftLogBase.java:lambda$new$0(53)) - b5b91537-3281-48b1-9597-8f2f653ada85@group-6537B218274A-SegmentedRaftLog: snapshotIndex: updateIncreasingly 39 -> 44
2021-05-22 19:12:29,373 [b5b91537-3281-48b1-9597-8f2f653ada85@group-6537B218274A-StateMachineUpdater] INFO  raftlog.RaftLog (RaftLogBase.java:lambda$new$0(53)) - b5b91537-3281-48b1-9597-8f2f653ada85@group-6537B218274A-SegmentedRaftLog: purgeIndex: updateToMax old=39, new=44, updated? true
2021-05-22 19:12:29,478 [Listener at 127.0.0.1/13280] INFO  ha.SCMHAInvocationHandler (SCMHAInvocationHandler.java:invokeRatis(113)) - Invoking method public abstract void org.apache.hadoop.hdds.scm.container.ContainerStateManagerV2.addContainer(org.apache.hadoop.hdds.protocol.proto.HddsProtos$ContainerInfoProto) throws java.io.IOException on target org.apache.hadoop.hdds.scm.ha.SCMRatisServerImpl@5cbb90de, cost 8156.64us
2021-05-22 19:12:29,481 [c528a642-8365-4981-9ca8-5a52c1b1524d@group-6537B218274A-StateMachineUpdater] INFO  ha.SCMStateMachine (SCMStateMachine.java:takeSnapshot(282)) - Current Snapshot Index 45, takeSnapshot took 0 ms
2021-05-22 19:12:29,481 [c528a642-8365-4981-9ca8-5a52c1b1524d@group-6537B218274A-StateMachineUpdater] INFO  impl.StateMachineUpdater (StateMachineUpdater.java:takeSnapshot(281)) - c528a642-8365-4981-9ca8-5a52c1b1524d@group-6537B218274A-StateMachineUpdater: Took a snapshot at index 45
2021-05-22 19:12:29,481 [c528a642-8365-4981-9ca8-5a52c1b1524d@group-6537B218274A-StateMachineUpdater] INFO  impl.StateMachineUpdater (StateMachineUpdater.java:lambda$new$0(89)) - c528a642-8365-4981-9ca8-5a52c1b1524d@group-6537B218274A-StateMachineUpdater: snapshotIndex: updateIncreasingly 40 -> 45
2021-05-22 19:12:29,481 [c528a642-8365-4981-9ca8-5a52c1b1524d@group-6537B218274A-StateMachineUpdater] INFO  raftlog.RaftLog (RaftLogBase.java:purge(306)) - c528a642-8365-4981-9ca8-5a52c1b1524d@group-6537B218274A-SegmentedRaftLog: purge 45
2021-05-22 19:12:29,481 [c528a642-8365-4981-9ca8-5a52c1b1524d@group-6537B218274A-StateMachineUpdater] INFO  raftlog.RaftLog (RaftLogBase.java:lambda$new$0(53)) - c528a642-8365-4981-9ca8-5a52c1b1524d@group-6537B218274A-SegmentedRaftLog: snapshotIndex: updateIncreasingly 40 -> 45
2021-05-22 19:12:29,481 [c528a642-8365-4981-9ca8-5a52c1b1524d@group-6537B218274A-StateMachineUpdater] INFO  raftlog.RaftLog (RaftLogBase.java:lambda$new$0(53)) - c528a642-8365-4981-9ca8-5a52c1b1524d@group-6537B218274A-SegmentedRaftLog: purgeIndex: updateToMax old=40, new=45, updated? true
2021-05-22 19:12:29,586 [Listener at 127.0.0.1/13280] INFO  ha.SCMHAInvocationHandler (SCMHAInvocationHandler.java:invokeRatis(113)) - Invoking method public abstract void org.apache.hadoop.hdds.scm.container.ContainerStateManagerV2.addContainer(org.apache.hadoop.hdds.protocol.proto.HddsProtos$ContainerInfoProto) throws java.io.IOException on target org.apache.hadoop.hdds.scm.ha.SCMRatisServerImpl@5cbb90de, cost 7800.338us
2021-05-22 19:12:29,693 [b5b91537-3281-48b1-9597-8f2f653ada85@group-6537B218274A-StateMachineUpdater] INFO  ha.SCMStateMachine (SCMStateMachine.java:takeSnapshot(282)) - Current Snapshot Index 49, takeSnapshot took 1 ms
2021-05-22 19:12:29,694 [b5b91537-3281-48b1-9597-8f2f653ada85@group-6537B218274A-StateMachineUpdater] INFO  impl.StateMachineUpdater (StateMachineUpdater.java:takeSnapshot(281)) - b5b91537-3281-48b1-9597-8f2f653ada85@group-6537B218274A-StateMachineUpdater: Took a snapshot at index 49
2021-05-22 19:12:29,694 [b5b91537-3281-48b1-9597-8f2f653ada85@group-6537B218274A-StateMachineUpdater] INFO  impl.StateMachineUpdater (StateMachineUpdater.java:lambda$new$0(89)) - b5b91537-3281-48b1-9597-8f2f653ada85@group-6537B218274A-StateMachineUpdater: snapshotIndex: updateIncreasingly 44 -> 49
2021-05-22 19:12:29,694 [b5b91537-3281-48b1-9597-8f2f653ada85@group-6537B218274A-StateMachineUpdater] INFO  raftlog.RaftLog (RaftLogBase.java:purge(306)) - b5b91537-3281-48b1-9597-8f2f653ada85@group-6537B218274A-SegmentedRaftLog: purge 49
2021-05-22 19:12:29,694 [b5b91537-3281-48b1-9597-8f2f653ada85@group-6537B218274A-StateMachineUpdater] INFO  raftlog.RaftLog (RaftLogBase.java:lambda$new$0(53)) - b5b91537-3281-48b1-9597-8f2f653ada85@group-6537B218274A-SegmentedRaftLog: snapshotIndex: updateIncreasingly 44 -> 49
2021-05-22 19:12:29,694 [b5b91537-3281-48b1-9597-8f2f653ada85@group-6537B218274A-StateMachineUpdater] INFO  raftlog.RaftLog (RaftLogBase.java:lambda$new$0(53)) - b5b91537-3281-48b1-9597-8f2f653ada85@group-6537B218274A-SegmentedRaftLog: purgeIndex: updateToMax old=44, new=49, updated? true
2021-05-22 19:12:29,694 [Listener at 127.0.0.1/13280] INFO  ha.SCMHAInvocationHandler (SCMHAInvocationHandler.java:invokeRatis(113)) - Invoking method public abstract void org.apache.hadoop.hdds.scm.container.ContainerStateManagerV2.addContainer(org.apache.hadoop.hdds.protocol.proto.HddsProtos$ContainerInfoProto) throws java.io.IOException on target org.apache.hadoop.hdds.scm.ha.SCMRatisServerImpl@5cbb90de, cost 7370.736us
2021-05-22 19:12:29,798 [c528a642-8365-4981-9ca8-5a52c1b1524d@group-6537B218274A-StateMachineUpdater] INFO  ha.SCMStateMachine (SCMStateMachine.java:takeSnapshot(282)) - Current Snapshot Index 50, takeSnapshot took 1 ms
2021-05-22 19:12:29,798 [c528a642-8365-4981-9ca8-5a52c1b1524d@group-6537B218274A-StateMachineUpdater] INFO  impl.StateMachineUpdater (StateMachineUpdater.java:takeSnapshot(281)) - c528a642-8365-4981-9ca8-5a52c1b1524d@group-6537B218274A-StateMachineUpdater: Took a snapshot at index 50
2021-05-22 19:12:29,799 [c528a642-8365-4981-9ca8-5a52c1b1524d@group-6537B218274A-StateMachineUpdater] INFO  impl.StateMachineUpdater (StateMachineUpdater.java:lambda$new$0(89)) - c528a642-8365-4981-9ca8-5a52c1b1524d@group-6537B218274A-StateMachineUpdater: snapshotIndex: updateIncreasingly 45 -> 50
2021-05-22 19:12:29,799 [c528a642-8365-4981-9ca8-5a52c1b1524d@group-6537B218274A-StateMachineUpdater] INFO  raftlog.RaftLog (RaftLogBase.java:purge(306)) - c528a642-8365-4981-9ca8-5a52c1b1524d@group-6537B218274A-SegmentedRaftLog: purge 50
2021-05-22 19:12:29,799 [c528a642-8365-4981-9ca8-5a52c1b1524d@group-6537B218274A-StateMachineUpdater] INFO  raftlog.RaftLog (RaftLogBase.java:lambda$new$0(53)) - c528a642-8365-4981-9ca8-5a52c1b1524d@group-6537B218274A-SegmentedRaftLog: snapshotIndex: updateIncreasingly 45 -> 50
2021-05-22 19:12:29,799 [c528a642-8365-4981-9ca8-5a52c1b1524d@group-6537B218274A-StateMachineUpdater] INFO  raftlog.RaftLog (RaftLogBase.java:lambda$new$0(53)) - c528a642-8365-4981-9ca8-5a52c1b1524d@group-6537B218274A-SegmentedRaftLog: purgeIndex: updateToMax old=45, new=50, updated? true
2021-05-22 19:12:29,801 [Listener at 127.0.0.1/13280] INFO  ha.SCMHAInvocationHandler (SCMHAInvocationHandler.java:invokeRatis(113)) - Invoking method public abstract void org.apache.hadoop.hdds.scm.container.ContainerStateManagerV2.addContainer(org.apache.hadoop.hdds.protocol.proto.HddsProtos$ContainerInfoProto) throws java.io.IOException on target org.apache.hadoop.hdds.scm.ha.SCMRatisServerImpl@5cbb90de, cost 6567.432us
2021-05-22 19:12:29,907 [Listener at 127.0.0.1/13280] INFO  ha.SCMHAInvocationHandler (SCMHAInvocationHandler.java:invokeRatis(113)) - Invoking method public abstract void org.apache.hadoop.hdds.scm.container.ContainerStateManagerV2.addContainer(org.apache.hadoop.hdds.protocol.proto.HddsProtos$ContainerInfoProto) throws java.io.IOException on target org.apache.hadoop.hdds.scm.ha.SCMRatisServerImpl@5cbb90de, cost 5136.725us
2021-05-22 19:12:29,910 [b5b91537-3281-48b1-9597-8f2f653ada85@group-6537B218274A-StateMachineUpdater] INFO  ha.SCMStateMachine (SCMStateMachine.java:takeSnapshot(282)) - Current Snapshot Index 54, takeSnapshot took 0 ms
2021-05-22 19:12:29,910 [b5b91537-3281-48b1-9597-8f2f653ada85@group-6537B218274A-StateMachineUpdater] INFO  impl.StateMachineUpdater (StateMachineUpdater.java:takeSnapshot(281)) - b5b91537-3281-48b1-9597-8f2f653ada85@group-6537B218274A-StateMachineUpdater: Took a snapshot at index 54
2021-05-22 19:12:29,910 [b5b91537-3281-48b1-9597-8f2f653ada85@group-6537B218274A-StateMachineUpdater] INFO  impl.StateMachineUpdater (StateMachineUpdater.java:lambda$new$0(89)) - b5b91537-3281-48b1-9597-8f2f653ada85@group-6537B218274A-StateMachineUpdater: snapshotIndex: updateIncreasingly 49 -> 54
2021-05-22 19:12:29,910 [b5b91537-3281-48b1-9597-8f2f653ada85@group-6537B218274A-StateMachineUpdater] INFO  raftlog.RaftLog (RaftLogBase.java:purge(306)) - b5b91537-3281-48b1-9597-8f2f653ada85@group-6537B218274A-SegmentedRaftLog: purge 54
2021-05-22 19:12:29,911 [b5b91537-3281-48b1-9597-8f2f653ada85@group-6537B218274A-StateMachineUpdater] INFO  raftlog.RaftLog (RaftLogBase.java:lambda$new$0(53)) - b5b91537-3281-48b1-9597-8f2f653ada85@group-6537B218274A-SegmentedRaftLog: snapshotIndex: updateIncreasingly 49 -> 54
2021-05-22 19:12:29,911 [b5b91537-3281-48b1-9597-8f2f653ada85@group-6537B218274A-StateMachineUpdater] INFO  raftlog.RaftLog (RaftLogBase.java:lambda$new$0(53)) - b5b91537-3281-48b1-9597-8f2f653ada85@group-6537B218274A-SegmentedRaftLog: purgeIndex: updateToMax old=49, new=54, updated? true
2021-05-22 19:12:30,013 [Listener at 127.0.0.1/13280] INFO  ha.SCMHAInvocationHandler (SCMHAInvocationHandler.java:invokeRatis(113)) - Invoking method public abstract void org.apache.hadoop.hdds.scm.container.ContainerStateManagerV2.addContainer(org.apache.hadoop.hdds.protocol.proto.HddsProtos$ContainerInfoProto) throws java.io.IOException on target org.apache.hadoop.hdds.scm.ha.SCMRatisServerImpl@5cbb90de, cost 4975.924us
2021-05-22 19:12:30,017 [c528a642-8365-4981-9ca8-5a52c1b1524d@group-6537B218274A-StateMachineUpdater] INFO  ha.SCMStateMachine (SCMStateMachine.java:takeSnapshot(282)) - Current Snapshot Index 55, takeSnapshot took 0 ms
2021-05-22 19:12:30,017 [c528a642-8365-4981-9ca8-5a52c1b1524d@group-6537B218274A-StateMachineUpdater] INFO  impl.StateMachineUpdater (StateMachineUpdater.java:takeSnapshot(281)) - c528a642-8365-4981-9ca8-5a52c1b1524d@group-6537B218274A-StateMachineUpdater: Took a snapshot at index 55
2021-05-22 19:12:30,017 [c528a642-8365-4981-9ca8-5a52c1b1524d@group-6537B218274A-StateMachineUpdater] INFO  impl.StateMachineUpdater (StateMachineUpdater.java:lambda$new$0(89)) - c528a642-8365-4981-9ca8-5a52c1b1524d@group-6537B218274A-StateMachineUpdater: snapshotIndex: updateIncreasingly 50 -> 55
2021-05-22 19:12:30,017 [c528a642-8365-4981-9ca8-5a52c1b1524d@group-6537B218274A-StateMachineUpdater] INFO  raftlog.RaftLog (RaftLogBase.java:purge(306)) - c528a642-8365-4981-9ca8-5a52c1b1524d@group-6537B218274A-SegmentedRaftLog: purge 55
2021-05-22 19:12:30,017 [c528a642-8365-4981-9ca8-5a52c1b1524d@group-6537B218274A-StateMachineUpdater] INFO  raftlog.RaftLog (RaftLogBase.java:lambda$new$0(53)) - c528a642-8365-4981-9ca8-5a52c1b1524d@group-6537B218274A-SegmentedRaftLog: snapshotIndex: updateIncreasingly 50 -> 55
2021-05-22 19:12:30,018 [c528a642-8365-4981-9ca8-5a52c1b1524d@group-6537B218274A-StateMachineUpdater] INFO  raftlog.RaftLog (RaftLogBase.java:lambda$new$0(53)) - c528a642-8365-4981-9ca8-5a52c1b1524d@group-6537B218274A-SegmentedRaftLog: purgeIndex: updateToMax old=50, new=55, updated? true
2021-05-22 19:12:30,119 [Listener at 127.0.0.1/13280] INFO  ha.SCMHAInvocationHandler (SCMHAInvocationHandler.java:invokeRatis(113)) - Invoking method public abstract void org.apache.hadoop.hdds.scm.container.ContainerStateManagerV2.addContainer(org.apache.hadoop.hdds.protocol.proto.HddsProtos$ContainerInfoProto) throws java.io.IOException on target org.apache.hadoop.hdds.scm.ha.SCMRatisServerImpl@5cbb90de, cost 5384.127us
2021-05-22 19:12:30,226 [b5b91537-3281-48b1-9597-8f2f653ada85@group-6537B218274A-StateMachineUpdater] INFO  ha.SCMStateMachine (SCMStateMachine.java:takeSnapshot(282)) - Current Snapshot Index 59, takeSnapshot took 1 ms
2021-05-22 19:12:30,226 [b5b91537-3281-48b1-9597-8f2f653ada85@group-6537B218274A-StateMachineUpdater] INFO  impl.StateMachineUpdater (StateMachineUpdater.java:takeSnapshot(281)) - b5b91537-3281-48b1-9597-8f2f653ada85@group-6537B218274A-StateMachineUpdater: Took a snapshot at index 59
2021-05-22 19:12:30,227 [b5b91537-3281-48b1-9597-8f2f653ada85@group-6537B218274A-StateMachineUpdater] INFO  impl.StateMachineUpdater (StateMachineUpdater.java:lambda$new$0(89)) - b5b91537-3281-48b1-9597-8f2f653ada85@group-6537B218274A-StateMachineUpdater: snapshotIndex: updateIncreasingly 54 -> 59
2021-05-22 19:12:30,227 [b5b91537-3281-48b1-9597-8f2f653ada85@group-6537B218274A-StateMachineUpdater] INFO  raftlog.RaftLog (RaftLogBase.java:purge(306)) - b5b91537-3281-48b1-9597-8f2f653ada85@group-6537B218274A-SegmentedRaftLog: purge 59
2021-05-22 19:12:30,227 [b5b91537-3281-48b1-9597-8f2f653ada85@group-6537B218274A-StateMachineUpdater] INFO  raftlog.RaftLog (RaftLogBase.java:lambda$new$0(53)) - b5b91537-3281-48b1-9597-8f2f653ada85@group-6537B218274A-SegmentedRaftLog: snapshotIndex: updateIncreasingly 54 -> 59
2021-05-22 19:12:30,227 [b5b91537-3281-48b1-9597-8f2f653ada85@group-6537B218274A-StateMachineUpdater] INFO  raftlog.RaftLog (RaftLogBase.java:lambda$new$0(53)) - b5b91537-3281-48b1-9597-8f2f653ada85@group-6537B218274A-SegmentedRaftLog: purgeIndex: updateToMax old=54, new=59, updated? true
2021-05-22 19:12:30,227 [Listener at 127.0.0.1/13280] INFO  ha.SCMHAInvocationHandler (SCMHAInvocationHandler.java:invokeRatis(113)) - Invoking method public abstract void org.apache.hadoop.hdds.scm.container.ContainerStateManagerV2.addContainer(org.apache.hadoop.hdds.protocol.proto.HddsProtos$ContainerInfoProto) throws java.io.IOException on target org.apache.hadoop.hdds.scm.ha.SCMRatisServerImpl@5cbb90de, cost 6763.134us
2021-05-22 19:12:30,331 [c528a642-8365-4981-9ca8-5a52c1b1524d@group-6537B218274A-StateMachineUpdater] INFO  ha.SCMStateMachine (SCMStateMachine.java:takeSnapshot(282)) - Current Snapshot Index 60, takeSnapshot took 0 ms
2021-05-22 19:12:30,331 [c528a642-8365-4981-9ca8-5a52c1b1524d@group-6537B218274A-StateMachineUpdater] INFO  impl.StateMachineUpdater (StateMachineUpdater.java:takeSnapshot(281)) - c528a642-8365-4981-9ca8-5a52c1b1524d@group-6537B218274A-StateMachineUpdater: Took a snapshot at index 60
2021-05-22 19:12:30,332 [c528a642-8365-4981-9ca8-5a52c1b1524d@group-6537B218274A-StateMachineUpdater] INFO  impl.StateMachineUpdater (StateMachineUpdater.java:lambda$new$0(89)) - c528a642-8365-4981-9ca8-5a52c1b1524d@group-6537B218274A-StateMachineUpdater: snapshotIndex: updateIncreasingly 55 -> 60
2021-05-22 19:12:30,332 [c528a642-8365-4981-9ca8-5a52c1b1524d@group-6537B218274A-StateMachineUpdater] INFO  raftlog.RaftLog (RaftLogBase.java:purge(306)) - c528a642-8365-4981-9ca8-5a52c1b1524d@group-6537B218274A-SegmentedRaftLog: purge 60
2021-05-22 19:12:30,332 [c528a642-8365-4981-9ca8-5a52c1b1524d@group-6537B218274A-StateMachineUpdater] INFO  raftlog.RaftLog (RaftLogBase.java:lambda$new$0(53)) - c528a642-8365-4981-9ca8-5a52c1b1524d@group-6537B218274A-SegmentedRaftLog: snapshotIndex: updateIncreasingly 55 -> 60
2021-05-22 19:12:30,332 [c528a642-8365-4981-9ca8-5a52c1b1524d@group-6537B218274A-StateMachineUpdater] INFO  raftlog.RaftLog (RaftLogBase.java:lambda$new$0(53)) - c528a642-8365-4981-9ca8-5a52c1b1524d@group-6537B218274A-SegmentedRaftLog: purgeIndex: updateToMax old=55, new=60, updated? true
2021-05-22 19:12:30,333 [Listener at 127.0.0.1/13280] INFO  ha.SCMHAInvocationHandler (SCMHAInvocationHandler.java:invokeRatis(113)) - Invoking method public abstract void org.apache.hadoop.hdds.scm.container.ContainerStateManagerV2.addContainer(org.apache.hadoop.hdds.protocol.proto.HddsProtos$ContainerInfoProto) throws java.io.IOException on target org.apache.hadoop.hdds.scm.ha.SCMRatisServerImpl@5cbb90de, cost 5425.627us
2021-05-22 19:12:30,412 [Datanode State Machine Thread - 0] ERROR datanode.RunningDatanodeState (RunningDatanodeState.java:computeNextContainerState(199)) - Error in executing end point task.
java.util.concurrent.ExecutionException: java.util.concurrent.TimeoutException
	at java.util.concurrent.FutureTask.report(FutureTask.java:122)
	at java.util.concurrent.FutureTask.get(FutureTask.java:192)
	at org.apache.hadoop.ozone.container.common.states.datanode.RunningDatanodeState.computeNextContainerState(RunningDatanodeState.java:191)
	at org.apache.hadoop.ozone.container.common.states.datanode.RunningDatanodeState.await(RunningDatanodeState.java:231)
	at org.apache.hadoop.ozone.container.common.states.datanode.RunningDatanodeState.await(RunningDatanodeState.java:50)
	at org.apache.hadoop.ozone.container.common.statemachine.StateContext.execute(StateContext.java:579)
	at org.apache.hadoop.ozone.container.common.statemachine.DatanodeStateMachine.start(DatanodeStateMachine.java:233)
	at org.apache.hadoop.ozone.container.common.statemachine.DatanodeStateMachine.lambda$startDaemon$0(DatanodeStateMachine.java:410)
	at java.lang.Thread.run(Thread.java:748)
Caused by: java.util.concurrent.TimeoutException
	at java.util.concurrent.FutureTask.get(FutureTask.java:205)
	at org.apache.hadoop.ozone.container.common.states.datanode.RunningDatanodeState.lambda$execute$0(RunningDatanodeState.java:149)
	at java.util.concurrent.FutureTask.run(FutureTask.java:266)
	at java.util.concurrent.Executors$RunnableAdapter.call(Executors.java:511)
	at java.util.concurrent.FutureTask.run(FutureTask.java:266)
	at java.util.concurrent.ThreadPoolExecutor.runWorker(ThreadPoolExecutor.java:1149)
	at java.util.concurrent.ThreadPoolExecutor$Worker.run(ThreadPoolExecutor.java:624)
	... 1 more
2021-05-22 19:12:30,439 [Listener at 127.0.0.1/13280] INFO  ha.SCMHAInvocationHandler (SCMHAInvocationHandler.java:invokeRatis(113)) - Invoking method public abstract void org.apache.hadoop.hdds.scm.container.ContainerStateManagerV2.addContainer(org.apache.hadoop.hdds.protocol.proto.HddsProtos$ContainerInfoProto) throws java.io.IOException on target org.apache.hadoop.hdds.scm.ha.SCMRatisServerImpl@5cbb90de, cost 5059.125us
2021-05-22 19:12:30,444 [b5b91537-3281-48b1-9597-8f2f653ada85@group-6537B218274A-StateMachineUpdater] INFO  ha.SCMStateMachine (SCMStateMachine.java:takeSnapshot(282)) - Current Snapshot Index 64, takeSnapshot took 0 ms
2021-05-22 19:12:30,444 [b5b91537-3281-48b1-9597-8f2f653ada85@group-6537B218274A-StateMachineUpdater] INFO  impl.StateMachineUpdater (StateMachineUpdater.java:takeSnapshot(281)) - b5b91537-3281-48b1-9597-8f2f653ada85@group-6537B218274A-StateMachineUpdater: Took a snapshot at index 64
2021-05-22 19:12:30,444 [b5b91537-3281-48b1-9597-8f2f653ada85@group-6537B218274A-StateMachineUpdater] INFO  impl.StateMachineUpdater (StateMachineUpdater.java:lambda$new$0(89)) - b5b91537-3281-48b1-9597-8f2f653ada85@group-6537B218274A-StateMachineUpdater: snapshotIndex: updateIncreasingly 59 -> 64
2021-05-22 19:12:30,444 [b5b91537-3281-48b1-9597-8f2f653ada85@group-6537B218274A-StateMachineUpdater] INFO  raftlog.RaftLog (RaftLogBase.java:purge(306)) - b5b91537-3281-48b1-9597-8f2f653ada85@group-6537B218274A-SegmentedRaftLog: purge 64
2021-05-22 19:12:30,444 [b5b91537-3281-48b1-9597-8f2f653ada85@group-6537B218274A-StateMachineUpdater] INFO  raftlog.RaftLog (RaftLogBase.java:lambda$new$0(53)) - b5b91537-3281-48b1-9597-8f2f653ada85@group-6537B218274A-SegmentedRaftLog: snapshotIndex: updateIncreasingly 59 -> 64
2021-05-22 19:12:30,444 [b5b91537-3281-48b1-9597-8f2f653ada85@group-6537B218274A-StateMachineUpdater] INFO  raftlog.RaftLog (RaftLogBase.java:lambda$new$0(53)) - b5b91537-3281-48b1-9597-8f2f653ada85@group-6537B218274A-SegmentedRaftLog: purgeIndex: updateToMax old=59, new=64, updated? true
2021-05-22 19:12:30,546 [Listener at 127.0.0.1/13280] INFO  ha.SCMHAInvocationHandler (SCMHAInvocationHandler.java:invokeRatis(113)) - Invoking method public abstract void org.apache.hadoop.hdds.scm.container.ContainerStateManagerV2.addContainer(org.apache.hadoop.hdds.protocol.proto.HddsProtos$ContainerInfoProto) throws java.io.IOException on target org.apache.hadoop.hdds.scm.ha.SCMRatisServerImpl@5cbb90de, cost 5583.327us
2021-05-22 19:12:30,548 [c528a642-8365-4981-9ca8-5a52c1b1524d@group-6537B218274A-StateMachineUpdater] INFO  ha.SCMStateMachine (SCMStateMachine.java:takeSnapshot(282)) - Current Snapshot Index 65, takeSnapshot took 1 ms
2021-05-22 19:12:30,549 [c528a642-8365-4981-9ca8-5a52c1b1524d@group-6537B218274A-StateMachineUpdater] INFO  impl.StateMachineUpdater (StateMachineUpdater.java:takeSnapshot(281)) - c528a642-8365-4981-9ca8-5a52c1b1524d@group-6537B218274A-StateMachineUpdater: Took a snapshot at index 65
2021-05-22 19:12:30,549 [c528a642-8365-4981-9ca8-5a52c1b1524d@group-6537B218274A-StateMachineUpdater] INFO  impl.StateMachineUpdater (StateMachineUpdater.java:lambda$new$0(89)) - c528a642-8365-4981-9ca8-5a52c1b1524d@group-6537B218274A-StateMachineUpdater: snapshotIndex: updateIncreasingly 60 -> 65
2021-05-22 19:12:30,549 [c528a642-8365-4981-9ca8-5a52c1b1524d@group-6537B218274A-StateMachineUpdater] INFO  raftlog.RaftLog (RaftLogBase.java:purge(306)) - c528a642-8365-4981-9ca8-5a52c1b1524d@group-6537B218274A-SegmentedRaftLog: purge 65
2021-05-22 19:12:30,549 [c528a642-8365-4981-9ca8-5a52c1b1524d@group-6537B218274A-StateMachineUpdater] INFO  raftlog.RaftLog (RaftLogBase.java:lambda$new$0(53)) - c528a642-8365-4981-9ca8-5a52c1b1524d@group-6537B218274A-SegmentedRaftLog: snapshotIndex: updateIncreasingly 60 -> 65
2021-05-22 19:12:30,549 [c528a642-8365-4981-9ca8-5a52c1b1524d@group-6537B218274A-StateMachineUpdater] INFO  raftlog.RaftLog (RaftLogBase.java:lambda$new$0(53)) - c528a642-8365-4981-9ca8-5a52c1b1524d@group-6537B218274A-SegmentedRaftLog: purgeIndex: updateToMax old=60, new=65, updated? true
2021-05-22 19:12:30,652 [Listener at 127.0.0.1/13280] INFO  ha.SCMHAInvocationHandler (SCMHAInvocationHandler.java:invokeRatis(113)) - Invoking method public abstract void org.apache.hadoop.hdds.scm.container.ContainerStateManagerV2.addContainer(org.apache.hadoop.hdds.protocol.proto.HddsProtos$ContainerInfoProto) throws java.io.IOException on target org.apache.hadoop.hdds.scm.ha.SCMRatisServerImpl@5cbb90de, cost 5513.927us
2021-05-22 19:12:30,758 [b5b91537-3281-48b1-9597-8f2f653ada85@group-6537B218274A-StateMachineUpdater] INFO  ha.SCMStateMachine (SCMStateMachine.java:takeSnapshot(282)) - Current Snapshot Index 69, takeSnapshot took 0 ms
2021-05-22 19:12:30,758 [b5b91537-3281-48b1-9597-8f2f653ada85@group-6537B218274A-StateMachineUpdater] INFO  impl.StateMachineUpdater (StateMachineUpdater.java:takeSnapshot(281)) - b5b91537-3281-48b1-9597-8f2f653ada85@group-6537B218274A-StateMachineUpdater: Took a snapshot at index 69
2021-05-22 19:12:30,758 [b5b91537-3281-48b1-9597-8f2f653ada85@group-6537B218274A-StateMachineUpdater] INFO  impl.StateMachineUpdater (StateMachineUpdater.java:lambda$new$0(89)) - b5b91537-3281-48b1-9597-8f2f653ada85@group-6537B218274A-StateMachineUpdater: snapshotIndex: updateIncreasingly 64 -> 69
2021-05-22 19:12:30,758 [b5b91537-3281-48b1-9597-8f2f653ada85@group-6537B218274A-StateMachineUpdater] INFO  raftlog.RaftLog (RaftLogBase.java:purge(306)) - b5b91537-3281-48b1-9597-8f2f653ada85@group-6537B218274A-SegmentedRaftLog: purge 69
2021-05-22 19:12:30,758 [b5b91537-3281-48b1-9597-8f2f653ada85@group-6537B218274A-StateMachineUpdater] INFO  raftlog.RaftLog (RaftLogBase.java:lambda$new$0(53)) - b5b91537-3281-48b1-9597-8f2f653ada85@group-6537B218274A-SegmentedRaftLog: snapshotIndex: updateIncreasingly 64 -> 69
2021-05-22 19:12:30,759 [b5b91537-3281-48b1-9597-8f2f653ada85@group-6537B218274A-StateMachineUpdater] INFO  raftlog.RaftLog (RaftLogBase.java:lambda$new$0(53)) - b5b91537-3281-48b1-9597-8f2f653ada85@group-6537B218274A-SegmentedRaftLog: purgeIndex: updateToMax old=64, new=69, updated? true
2021-05-22 19:12:30,759 [Listener at 127.0.0.1/13280] INFO  ha.SCMHAInvocationHandler (SCMHAInvocationHandler.java:invokeRatis(113)) - Invoking method public abstract void org.apache.hadoop.hdds.scm.container.ContainerStateManagerV2.addContainer(org.apache.hadoop.hdds.protocol.proto.HddsProtos$ContainerInfoProto) throws java.io.IOException on target org.apache.hadoop.hdds.scm.ha.SCMRatisServerImpl@5cbb90de, cost 6436.431us
2021-05-22 19:12:30,863 [c528a642-8365-4981-9ca8-5a52c1b1524d@group-6537B218274A-StateMachineUpdater] INFO  ha.SCMStateMachine (SCMStateMachine.java:takeSnapshot(282)) - Current Snapshot Index 70, takeSnapshot took 0 ms
2021-05-22 19:12:30,863 [c528a642-8365-4981-9ca8-5a52c1b1524d@group-6537B218274A-StateMachineUpdater] INFO  impl.StateMachineUpdater (StateMachineUpdater.java:takeSnapshot(281)) - c528a642-8365-4981-9ca8-5a52c1b1524d@group-6537B218274A-StateMachineUpdater: Took a snapshot at index 70
2021-05-22 19:12:30,863 [c528a642-8365-4981-9ca8-5a52c1b1524d@group-6537B218274A-StateMachineUpdater] INFO  impl.StateMachineUpdater (StateMachineUpdater.java:lambda$new$0(89)) - c528a642-8365-4981-9ca8-5a52c1b1524d@group-6537B218274A-StateMachineUpdater: snapshotIndex: updateIncreasingly 65 -> 70
2021-05-22 19:12:30,863 [c528a642-8365-4981-9ca8-5a52c1b1524d@group-6537B218274A-StateMachineUpdater] INFO  raftlog.RaftLog (RaftLogBase.java:purge(306)) - c528a642-8365-4981-9ca8-5a52c1b1524d@group-6537B218274A-SegmentedRaftLog: purge 70
2021-05-22 19:12:30,863 [c528a642-8365-4981-9ca8-5a52c1b1524d@group-6537B218274A-StateMachineUpdater] INFO  raftlog.RaftLog (RaftLogBase.java:lambda$new$0(53)) - c528a642-8365-4981-9ca8-5a52c1b1524d@group-6537B218274A-SegmentedRaftLog: snapshotIndex: updateIncreasingly 65 -> 70
2021-05-22 19:12:30,863 [c528a642-8365-4981-9ca8-5a52c1b1524d@group-6537B218274A-StateMachineUpdater] INFO  raftlog.RaftLog (RaftLogBase.java:lambda$new$0(53)) - c528a642-8365-4981-9ca8-5a52c1b1524d@group-6537B218274A-SegmentedRaftLog: purgeIndex: updateToMax old=65, new=70, updated? true
2021-05-22 19:12:30,866 [Listener at 127.0.0.1/13280] INFO  ha.SCMHAInvocationHandler (SCMHAInvocationHandler.java:invokeRatis(113)) - Invoking method public abstract void org.apache.hadoop.hdds.scm.container.ContainerStateManagerV2.addContainer(org.apache.hadoop.hdds.protocol.proto.HddsProtos$ContainerInfoProto) throws java.io.IOException on target org.apache.hadoop.hdds.scm.ha.SCMRatisServerImpl@5cbb90de, cost 6076.43us
2021-05-22 19:12:30,972 [Listener at 127.0.0.1/13280] INFO  ha.SCMHAInvocationHandler (SCMHAInvocationHandler.java:invokeRatis(113)) - Invoking method public abstract void org.apache.hadoop.hdds.scm.container.ContainerStateManagerV2.addContainer(org.apache.hadoop.hdds.protocol.proto.HddsProtos$ContainerInfoProto) throws java.io.IOException on target org.apache.hadoop.hdds.scm.ha.SCMRatisServerImpl@5cbb90de, cost 5375.927us
2021-05-22 19:12:30,977 [b5b91537-3281-48b1-9597-8f2f653ada85@group-6537B218274A-StateMachineUpdater] INFO  ha.SCMStateMachine (SCMStateMachine.java:takeSnapshot(282)) - Current Snapshot Index 74, takeSnapshot took 0 ms
2021-05-22 19:12:30,977 [b5b91537-3281-48b1-9597-8f2f653ada85@group-6537B218274A-StateMachineUpdater] INFO  impl.StateMachineUpdater (StateMachineUpdater.java:takeSnapshot(281)) - b5b91537-3281-48b1-9597-8f2f653ada85@group-6537B218274A-StateMachineUpdater: Took a snapshot at index 74
2021-05-22 19:12:30,977 [b5b91537-3281-48b1-9597-8f2f653ada85@group-6537B218274A-StateMachineUpdater] INFO  impl.StateMachineUpdater (StateMachineUpdater.java:lambda$new$0(89)) - b5b91537-3281-48b1-9597-8f2f653ada85@group-6537B218274A-StateMachineUpdater: snapshotIndex: updateIncreasingly 69 -> 74
2021-05-22 19:12:30,977 [b5b91537-3281-48b1-9597-8f2f653ada85@group-6537B218274A-StateMachineUpdater] INFO  raftlog.RaftLog (RaftLogBase.java:purge(306)) - b5b91537-3281-48b1-9597-8f2f653ada85@group-6537B218274A-SegmentedRaftLog: purge 74
2021-05-22 19:12:30,977 [b5b91537-3281-48b1-9597-8f2f653ada85@group-6537B218274A-StateMachineUpdater] INFO  raftlog.RaftLog (RaftLogBase.java:lambda$new$0(53)) - b5b91537-3281-48b1-9597-8f2f653ada85@group-6537B218274A-SegmentedRaftLog: snapshotIndex: updateIncreasingly 69 -> 74
2021-05-22 19:12:30,977 [b5b91537-3281-48b1-9597-8f2f653ada85@group-6537B218274A-StateMachineUpdater] INFO  raftlog.RaftLog (RaftLogBase.java:lambda$new$0(53)) - b5b91537-3281-48b1-9597-8f2f653ada85@group-6537B218274A-SegmentedRaftLog: purgeIndex: updateToMax old=69, new=74, updated? true
2021-05-22 19:12:31,081 [Listener at 127.0.0.1/13280] INFO  ha.SCMHAInvocationHandler (SCMHAInvocationHandler.java:invokeRatis(113)) - Invoking method public abstract void org.apache.hadoop.hdds.scm.container.ContainerStateManagerV2.addContainer(org.apache.hadoop.hdds.protocol.proto.HddsProtos$ContainerInfoProto) throws java.io.IOException on target org.apache.hadoop.hdds.scm.ha.SCMRatisServerImpl@5cbb90de, cost 8206.14us
2021-05-22 19:12:31,086 [c528a642-8365-4981-9ca8-5a52c1b1524d@group-6537B218274A-StateMachineUpdater] INFO  ha.SCMStateMachine (SCMStateMachine.java:takeSnapshot(282)) - Current Snapshot Index 75, takeSnapshot took 0 ms
2021-05-22 19:12:31,086 [c528a642-8365-4981-9ca8-5a52c1b1524d@group-6537B218274A-StateMachineUpdater] INFO  impl.StateMachineUpdater (StateMachineUpdater.java:takeSnapshot(281)) - c528a642-8365-4981-9ca8-5a52c1b1524d@group-6537B218274A-StateMachineUpdater: Took a snapshot at index 75
2021-05-22 19:12:31,086 [c528a642-8365-4981-9ca8-5a52c1b1524d@group-6537B218274A-StateMachineUpdater] INFO  impl.StateMachineUpdater (StateMachineUpdater.java:lambda$new$0(89)) - c528a642-8365-4981-9ca8-5a52c1b1524d@group-6537B218274A-StateMachineUpdater: snapshotIndex: updateIncreasingly 70 -> 75
2021-05-22 19:12:31,086 [c528a642-8365-4981-9ca8-5a52c1b1524d@group-6537B218274A-StateMachineUpdater] INFO  raftlog.RaftLog (RaftLogBase.java:purge(306)) - c528a642-8365-4981-9ca8-5a52c1b1524d@group-6537B218274A-SegmentedRaftLog: purge 75
2021-05-22 19:12:31,086 [c528a642-8365-4981-9ca8-5a52c1b1524d@group-6537B218274A-StateMachineUpdater] INFO  raftlog.RaftLog (RaftLogBase.java:lambda$new$0(53)) - c528a642-8365-4981-9ca8-5a52c1b1524d@group-6537B218274A-SegmentedRaftLog: snapshotIndex: updateIncreasingly 70 -> 75
2021-05-22 19:12:31,086 [c528a642-8365-4981-9ca8-5a52c1b1524d@group-6537B218274A-StateMachineUpdater] INFO  raftlog.RaftLog (RaftLogBase.java:lambda$new$0(53)) - c528a642-8365-4981-9ca8-5a52c1b1524d@group-6537B218274A-SegmentedRaftLog: purgeIndex: updateToMax old=70, new=75, updated? true
2021-05-22 19:12:31,187 [Listener at 127.0.0.1/13280] INFO  ha.SCMHAInvocationHandler (SCMHAInvocationHandler.java:invokeRatis(113)) - Invoking method public abstract void org.apache.hadoop.hdds.scm.container.ContainerStateManagerV2.addContainer(org.apache.hadoop.hdds.protocol.proto.HddsProtos$ContainerInfoProto) throws java.io.IOException on target org.apache.hadoop.hdds.scm.ha.SCMRatisServerImpl@5cbb90de, cost 5202.925us
2021-05-22 19:12:31,293 [b5b91537-3281-48b1-9597-8f2f653ada85@group-6537B218274A-StateMachineUpdater] INFO  ha.SCMStateMachine (SCMStateMachine.java:takeSnapshot(282)) - Current Snapshot Index 79, takeSnapshot took 0 ms
2021-05-22 19:12:31,293 [b5b91537-3281-48b1-9597-8f2f653ada85@group-6537B218274A-StateMachineUpdater] INFO  impl.StateMachineUpdater (StateMachineUpdater.java:takeSnapshot(281)) - b5b91537-3281-48b1-9597-8f2f653ada85@group-6537B218274A-StateMachineUpdater: Took a snapshot at index 79
2021-05-22 19:12:31,293 [b5b91537-3281-48b1-9597-8f2f653ada85@group-6537B218274A-StateMachineUpdater] INFO  impl.StateMachineUpdater (StateMachineUpdater.java:lambda$new$0(89)) - b5b91537-3281-48b1-9597-8f2f653ada85@group-6537B218274A-StateMachineUpdater: snapshotIndex: updateIncreasingly 74 -> 79
2021-05-22 19:12:31,293 [b5b91537-3281-48b1-9597-8f2f653ada85@group-6537B218274A-StateMachineUpdater] INFO  raftlog.RaftLog (RaftLogBase.java:purge(306)) - b5b91537-3281-48b1-9597-8f2f653ada85@group-6537B218274A-SegmentedRaftLog: purge 79
2021-05-22 19:12:31,293 [b5b91537-3281-48b1-9597-8f2f653ada85@group-6537B218274A-StateMachineUpdater] INFO  raftlog.RaftLog (RaftLogBase.java:lambda$new$0(53)) - b5b91537-3281-48b1-9597-8f2f653ada85@group-6537B218274A-SegmentedRaftLog: snapshotIndex: updateIncreasingly 74 -> 79
2021-05-22 19:12:31,293 [b5b91537-3281-48b1-9597-8f2f653ada85@group-6537B218274A-StateMachineUpdater] INFO  raftlog.RaftLog (RaftLogBase.java:lambda$new$0(53)) - b5b91537-3281-48b1-9597-8f2f653ada85@group-6537B218274A-SegmentedRaftLog: purgeIndex: updateToMax old=74, new=79, updated? true
2021-05-22 19:12:31,294 [Listener at 127.0.0.1/13280] INFO  ha.SCMHAInvocationHandler (SCMHAInvocationHandler.java:invokeRatis(113)) - Invoking method public abstract void org.apache.hadoop.hdds.scm.container.ContainerStateManagerV2.addContainer(org.apache.hadoop.hdds.protocol.proto.HddsProtos$ContainerInfoProto) throws java.io.IOException on target org.apache.hadoop.hdds.scm.ha.SCMRatisServerImpl@5cbb90de, cost 6188.73us
2021-05-22 19:12:31,398 [c528a642-8365-4981-9ca8-5a52c1b1524d@group-6537B218274A-StateMachineUpdater] INFO  ha.SCMStateMachine (SCMStateMachine.java:takeSnapshot(282)) - Current Snapshot Index 80, takeSnapshot took 0 ms
2021-05-22 19:12:31,398 [c528a642-8365-4981-9ca8-5a52c1b1524d@group-6537B218274A-StateMachineUpdater] INFO  impl.StateMachineUpdater (StateMachineUpdater.java:takeSnapshot(281)) - c528a642-8365-4981-9ca8-5a52c1b1524d@group-6537B218274A-StateMachineUpdater: Took a snapshot at index 80
2021-05-22 19:12:31,398 [c528a642-8365-4981-9ca8-5a52c1b1524d@group-6537B218274A-StateMachineUpdater] INFO  impl.StateMachineUpdater (StateMachineUpdater.java:lambda$new$0(89)) - c528a642-8365-4981-9ca8-5a52c1b1524d@group-6537B218274A-StateMachineUpdater: snapshotIndex: updateIncreasingly 75 -> 80
2021-05-22 19:12:31,398 [c528a642-8365-4981-9ca8-5a52c1b1524d@group-6537B218274A-StateMachineUpdater] INFO  raftlog.RaftLog (RaftLogBase.java:purge(306)) - c528a642-8365-4981-9ca8-5a52c1b1524d@group-6537B218274A-SegmentedRaftLog: purge 80
2021-05-22 19:12:31,398 [c528a642-8365-4981-9ca8-5a52c1b1524d@group-6537B218274A-StateMachineUpdater] INFO  raftlog.RaftLog (RaftLogBase.java:lambda$new$0(53)) - c528a642-8365-4981-9ca8-5a52c1b1524d@group-6537B218274A-SegmentedRaftLog: snapshotIndex: updateIncreasingly 75 -> 80
2021-05-22 19:12:31,398 [c528a642-8365-4981-9ca8-5a52c1b1524d@group-6537B218274A-StateMachineUpdater] INFO  raftlog.RaftLog (RaftLogBase.java:lambda$new$0(53)) - c528a642-8365-4981-9ca8-5a52c1b1524d@group-6537B218274A-SegmentedRaftLog: purgeIndex: updateToMax old=75, new=80, updated? true
2021-05-22 19:12:31,400 [Listener at 127.0.0.1/13280] INFO  ha.SCMHAInvocationHandler (SCMHAInvocationHandler.java:invokeRatis(113)) - Invoking method public abstract void org.apache.hadoop.hdds.scm.container.ContainerStateManagerV2.addContainer(org.apache.hadoop.hdds.protocol.proto.HddsProtos$ContainerInfoProto) throws java.io.IOException on target org.apache.hadoop.hdds.scm.ha.SCMRatisServerImpl@5cbb90de, cost 5583.927us
2021-05-22 19:12:31,415 [Datanode State Machine Thread - 0] ERROR datanode.RunningDatanodeState (RunningDatanodeState.java:computeNextContainerState(199)) - Error in executing end point task.
java.util.concurrent.ExecutionException: java.util.concurrent.TimeoutException
	at java.util.concurrent.FutureTask.report(FutureTask.java:122)
	at java.util.concurrent.FutureTask.get(FutureTask.java:192)
	at org.apache.hadoop.ozone.container.common.states.datanode.RunningDatanodeState.computeNextContainerState(RunningDatanodeState.java:191)
	at org.apache.hadoop.ozone.container.common.states.datanode.RunningDatanodeState.await(RunningDatanodeState.java:231)
	at org.apache.hadoop.ozone.container.common.states.datanode.RunningDatanodeState.await(RunningDatanodeState.java:50)
	at org.apache.hadoop.ozone.container.common.statemachine.StateContext.execute(StateContext.java:579)
	at org.apache.hadoop.ozone.container.common.statemachine.DatanodeStateMachine.start(DatanodeStateMachine.java:233)
	at org.apache.hadoop.ozone.container.common.statemachine.DatanodeStateMachine.lambda$startDaemon$0(DatanodeStateMachine.java:410)
	at java.lang.Thread.run(Thread.java:748)
Caused by: java.util.concurrent.TimeoutException
	at java.util.concurrent.FutureTask.get(FutureTask.java:205)
	at org.apache.hadoop.ozone.container.common.states.datanode.RunningDatanodeState.lambda$execute$0(RunningDatanodeState.java:149)
	at java.util.concurrent.FutureTask.run(FutureTask.java:266)
	at java.util.concurrent.Executors$RunnableAdapter.call(Executors.java:511)
	at java.util.concurrent.FutureTask.run(FutureTask.java:266)
	at java.util.concurrent.ThreadPoolExecutor.runWorker(ThreadPoolExecutor.java:1149)
	at java.util.concurrent.ThreadPoolExecutor$Worker.run(ThreadPoolExecutor.java:624)
	... 1 more
2021-05-22 19:12:31,506 [Listener at 127.0.0.1/13280] INFO  ha.SCMHAInvocationHandler (SCMHAInvocationHandler.java:invokeRatis(113)) - Invoking method public abstract void org.apache.hadoop.hdds.scm.container.ContainerStateManagerV2.addContainer(org.apache.hadoop.hdds.protocol.proto.HddsProtos$ContainerInfoProto) throws java.io.IOException on target org.apache.hadoop.hdds.scm.ha.SCMRatisServerImpl@5cbb90de, cost 4983.125us
2021-05-22 19:12:31,511 [b5b91537-3281-48b1-9597-8f2f653ada85@group-6537B218274A-StateMachineUpdater] INFO  ha.SCMStateMachine (SCMStateMachine.java:takeSnapshot(282)) - Current Snapshot Index 84, takeSnapshot took 0 ms
2021-05-22 19:12:31,511 [b5b91537-3281-48b1-9597-8f2f653ada85@group-6537B218274A-StateMachineUpdater] INFO  impl.StateMachineUpdater (StateMachineUpdater.java:takeSnapshot(281)) - b5b91537-3281-48b1-9597-8f2f653ada85@group-6537B218274A-StateMachineUpdater: Took a snapshot at index 84
2021-05-22 19:12:31,511 [b5b91537-3281-48b1-9597-8f2f653ada85@group-6537B218274A-StateMachineUpdater] INFO  impl.StateMachineUpdater (StateMachineUpdater.java:lambda$new$0(89)) - b5b91537-3281-48b1-9597-8f2f653ada85@group-6537B218274A-StateMachineUpdater: snapshotIndex: updateIncreasingly 79 -> 84
2021-05-22 19:12:31,511 [b5b91537-3281-48b1-9597-8f2f653ada85@group-6537B218274A-StateMachineUpdater] INFO  raftlog.RaftLog (RaftLogBase.java:purge(306)) - b5b91537-3281-48b1-9597-8f2f653ada85@group-6537B218274A-SegmentedRaftLog: purge 84
2021-05-22 19:12:31,511 [b5b91537-3281-48b1-9597-8f2f653ada85@group-6537B218274A-StateMachineUpdater] INFO  raftlog.RaftLog (RaftLogBase.java:lambda$new$0(53)) - b5b91537-3281-48b1-9597-8f2f653ada85@group-6537B218274A-SegmentedRaftLog: snapshotIndex: updateIncreasingly 79 -> 84
2021-05-22 19:12:31,511 [b5b91537-3281-48b1-9597-8f2f653ada85@group-6537B218274A-StateMachineUpdater] INFO  raftlog.RaftLog (RaftLogBase.java:lambda$new$0(53)) - b5b91537-3281-48b1-9597-8f2f653ada85@group-6537B218274A-SegmentedRaftLog: purgeIndex: updateToMax old=79, new=84, updated? true
2021-05-22 19:12:31,612 [Listener at 127.0.0.1/13280] INFO  ha.SCMHAInvocationHandler (SCMHAInvocationHandler.java:invokeRatis(113)) - Invoking method public abstract void org.apache.hadoop.hdds.scm.container.ContainerStateManagerV2.addContainer(org.apache.hadoop.hdds.protocol.proto.HddsProtos$ContainerInfoProto) throws java.io.IOException on target org.apache.hadoop.hdds.scm.ha.SCMRatisServerImpl@5cbb90de, cost 5865.929us
2021-05-22 19:12:31,615 [c528a642-8365-4981-9ca8-5a52c1b1524d@group-6537B218274A-StateMachineUpdater] INFO  ha.SCMStateMachine (SCMStateMachine.java:takeSnapshot(282)) - Current Snapshot Index 85, takeSnapshot took 0 ms
2021-05-22 19:12:31,615 [c528a642-8365-4981-9ca8-5a52c1b1524d@group-6537B218274A-StateMachineUpdater] INFO  impl.StateMachineUpdater (StateMachineUpdater.java:takeSnapshot(281)) - c528a642-8365-4981-9ca8-5a52c1b1524d@group-6537B218274A-StateMachineUpdater: Took a snapshot at index 85
2021-05-22 19:12:31,615 [c528a642-8365-4981-9ca8-5a52c1b1524d@group-6537B218274A-StateMachineUpdater] INFO  impl.StateMachineUpdater (StateMachineUpdater.java:lambda$new$0(89)) - c528a642-8365-4981-9ca8-5a52c1b1524d@group-6537B218274A-StateMachineUpdater: snapshotIndex: updateIncreasingly 80 -> 85
2021-05-22 19:12:31,615 [c528a642-8365-4981-9ca8-5a52c1b1524d@group-6537B218274A-StateMachineUpdater] INFO  raftlog.RaftLog (RaftLogBase.java:purge(306)) - c528a642-8365-4981-9ca8-5a52c1b1524d@group-6537B218274A-SegmentedRaftLog: purge 85
2021-05-22 19:12:31,615 [c528a642-8365-4981-9ca8-5a52c1b1524d@group-6537B218274A-StateMachineUpdater] INFO  raftlog.RaftLog (RaftLogBase.java:lambda$new$0(53)) - c528a642-8365-4981-9ca8-5a52c1b1524d@group-6537B218274A-SegmentedRaftLog: snapshotIndex: updateIncreasingly 80 -> 85
2021-05-22 19:12:31,615 [c528a642-8365-4981-9ca8-5a52c1b1524d@group-6537B218274A-StateMachineUpdater] INFO  raftlog.RaftLog (RaftLogBase.java:lambda$new$0(53)) - c528a642-8365-4981-9ca8-5a52c1b1524d@group-6537B218274A-SegmentedRaftLog: purgeIndex: updateToMax old=80, new=85, updated? true
2021-05-22 19:12:31,720 [Listener at 127.0.0.1/13280] INFO  ha.SCMHAInvocationHandler (SCMHAInvocationHandler.java:invokeRatis(113)) - Invoking method public abstract void org.apache.hadoop.hdds.scm.container.ContainerStateManagerV2.addContainer(org.apache.hadoop.hdds.protocol.proto.HddsProtos$ContainerInfoProto) throws java.io.IOException on target org.apache.hadoop.hdds.scm.ha.SCMRatisServerImpl@5cbb90de, cost 7008.635us
2021-05-22 19:12:31,825 [Listener at 127.0.0.1/13280] INFO  ha.SCMHAInvocationHandler (SCMHAInvocationHandler.java:invokeRatis(113)) - Invoking method public abstract void org.apache.hadoop.hdds.scm.container.ContainerStateManagerV2.addContainer(org.apache.hadoop.hdds.protocol.proto.HddsProtos$ContainerInfoProto) throws java.io.IOException on target org.apache.hadoop.hdds.scm.ha.SCMRatisServerImpl@5cbb90de, cost 4747.123us
2021-05-22 19:12:31,825 [b5b91537-3281-48b1-9597-8f2f653ada85@group-6537B218274A-StateMachineUpdater] INFO  ha.SCMStateMachine (SCMStateMachine.java:takeSnapshot(282)) - Current Snapshot Index 89, takeSnapshot took 0 ms
2021-05-22 19:12:31,826 [b5b91537-3281-48b1-9597-8f2f653ada85@group-6537B218274A-StateMachineUpdater] INFO  impl.StateMachineUpdater (StateMachineUpdater.java:takeSnapshot(281)) - b5b91537-3281-48b1-9597-8f2f653ada85@group-6537B218274A-StateMachineUpdater: Took a snapshot at index 89
2021-05-22 19:12:31,826 [b5b91537-3281-48b1-9597-8f2f653ada85@group-6537B218274A-StateMachineUpdater] INFO  impl.StateMachineUpdater (StateMachineUpdater.java:lambda$new$0(89)) - b5b91537-3281-48b1-9597-8f2f653ada85@group-6537B218274A-StateMachineUpdater: snapshotIndex: updateIncreasingly 84 -> 89
2021-05-22 19:12:31,826 [b5b91537-3281-48b1-9597-8f2f653ada85@group-6537B218274A-StateMachineUpdater] INFO  raftlog.RaftLog (RaftLogBase.java:purge(306)) - b5b91537-3281-48b1-9597-8f2f653ada85@group-6537B218274A-SegmentedRaftLog: purge 89
2021-05-22 19:12:31,826 [b5b91537-3281-48b1-9597-8f2f653ada85@group-6537B218274A-StateMachineUpdater] INFO  raftlog.RaftLog (RaftLogBase.java:lambda$new$0(53)) - b5b91537-3281-48b1-9597-8f2f653ada85@group-6537B218274A-SegmentedRaftLog: snapshotIndex: updateIncreasingly 84 -> 89
2021-05-22 19:12:31,826 [b5b91537-3281-48b1-9597-8f2f653ada85@group-6537B218274A-StateMachineUpdater] INFO  raftlog.RaftLog (RaftLogBase.java:lambda$new$0(53)) - b5b91537-3281-48b1-9597-8f2f653ada85@group-6537B218274A-SegmentedRaftLog: purgeIndex: updateToMax old=84, new=89, updated? true
2021-05-22 19:12:31,931 [c528a642-8365-4981-9ca8-5a52c1b1524d@group-6537B218274A-StateMachineUpdater] INFO  ha.SCMStateMachine (SCMStateMachine.java:takeSnapshot(282)) - Current Snapshot Index 90, takeSnapshot took 0 ms
2021-05-22 19:12:31,931 [c528a642-8365-4981-9ca8-5a52c1b1524d@group-6537B218274A-StateMachineUpdater] INFO  impl.StateMachineUpdater (StateMachineUpdater.java:takeSnapshot(281)) - c528a642-8365-4981-9ca8-5a52c1b1524d@group-6537B218274A-StateMachineUpdater: Took a snapshot at index 90
2021-05-22 19:12:31,932 [c528a642-8365-4981-9ca8-5a52c1b1524d@group-6537B218274A-StateMachineUpdater] INFO  impl.StateMachineUpdater (StateMachineUpdater.java:lambda$new$0(89)) - c528a642-8365-4981-9ca8-5a52c1b1524d@group-6537B218274A-StateMachineUpdater: snapshotIndex: updateIncreasingly 85 -> 90
2021-05-22 19:12:31,932 [c528a642-8365-4981-9ca8-5a52c1b1524d@group-6537B218274A-StateMachineUpdater] INFO  raftlog.RaftLog (RaftLogBase.java:purge(306)) - c528a642-8365-4981-9ca8-5a52c1b1524d@group-6537B218274A-SegmentedRaftLog: purge 90
2021-05-22 19:12:31,932 [c528a642-8365-4981-9ca8-5a52c1b1524d@group-6537B218274A-StateMachineUpdater] INFO  raftlog.RaftLog (RaftLogBase.java:lambda$new$0(53)) - c528a642-8365-4981-9ca8-5a52c1b1524d@group-6537B218274A-SegmentedRaftLog: snapshotIndex: updateIncreasingly 85 -> 90
2021-05-22 19:12:31,932 [c528a642-8365-4981-9ca8-5a52c1b1524d@group-6537B218274A-StateMachineUpdater] INFO  raftlog.RaftLog (RaftLogBase.java:lambda$new$0(53)) - c528a642-8365-4981-9ca8-5a52c1b1524d@group-6537B218274A-SegmentedRaftLog: purgeIndex: updateToMax old=85, new=90, updated? true
2021-05-22 19:12:31,933 [Listener at 127.0.0.1/13280] INFO  ha.SCMHAInvocationHandler (SCMHAInvocationHandler.java:invokeRatis(113)) - Invoking method public abstract void org.apache.hadoop.hdds.scm.container.ContainerStateManagerV2.addContainer(org.apache.hadoop.hdds.protocol.proto.HddsProtos$ContainerInfoProto) throws java.io.IOException on target org.apache.hadoop.hdds.scm.ha.SCMRatisServerImpl@5cbb90de, cost 7452.537us
2021-05-22 19:12:32,042 [Listener at 127.0.0.1/13280] INFO  ha.SCMHAInvocationHandler (SCMHAInvocationHandler.java:invokeRatis(113)) - Invoking method public abstract void org.apache.hadoop.hdds.scm.container.ContainerStateManagerV2.addContainer(org.apache.hadoop.hdds.protocol.proto.HddsProtos$ContainerInfoProto) throws java.io.IOException on target org.apache.hadoop.hdds.scm.ha.SCMRatisServerImpl@5cbb90de, cost 7628.937us
2021-05-22 19:12:32,044 [b5b91537-3281-48b1-9597-8f2f653ada85@group-6537B218274A-StateMachineUpdater] INFO  ha.SCMStateMachine (SCMStateMachine.java:takeSnapshot(282)) - Current Snapshot Index 94, takeSnapshot took 0 ms
2021-05-22 19:12:32,044 [b5b91537-3281-48b1-9597-8f2f653ada85@group-6537B218274A-StateMachineUpdater] INFO  impl.StateMachineUpdater (StateMachineUpdater.java:takeSnapshot(281)) - b5b91537-3281-48b1-9597-8f2f653ada85@group-6537B218274A-StateMachineUpdater: Took a snapshot at index 94
2021-05-22 19:12:32,044 [b5b91537-3281-48b1-9597-8f2f653ada85@group-6537B218274A-StateMachineUpdater] INFO  impl.StateMachineUpdater (StateMachineUpdater.java:lambda$new$0(89)) - b5b91537-3281-48b1-9597-8f2f653ada85@group-6537B218274A-StateMachineUpdater: snapshotIndex: updateIncreasingly 89 -> 94
2021-05-22 19:12:32,044 [b5b91537-3281-48b1-9597-8f2f653ada85@group-6537B218274A-StateMachineUpdater] INFO  raftlog.RaftLog (RaftLogBase.java:purge(306)) - b5b91537-3281-48b1-9597-8f2f653ada85@group-6537B218274A-SegmentedRaftLog: purge 94
2021-05-22 19:12:32,044 [b5b91537-3281-48b1-9597-8f2f653ada85@group-6537B218274A-StateMachineUpdater] INFO  raftlog.RaftLog (RaftLogBase.java:lambda$new$0(53)) - b5b91537-3281-48b1-9597-8f2f653ada85@group-6537B218274A-SegmentedRaftLog: snapshotIndex: updateIncreasingly 89 -> 94
2021-05-22 19:12:32,044 [b5b91537-3281-48b1-9597-8f2f653ada85@group-6537B218274A-StateMachineUpdater] INFO  raftlog.RaftLog (RaftLogBase.java:lambda$new$0(53)) - b5b91537-3281-48b1-9597-8f2f653ada85@group-6537B218274A-SegmentedRaftLog: purgeIndex: updateToMax old=89, new=94, updated? true
2021-05-22 19:12:32,148 [Listener at 127.0.0.1/13280] INFO  ha.SCMHAInvocationHandler (SCMHAInvocationHandler.java:invokeRatis(113)) - Invoking method public abstract void org.apache.hadoop.hdds.scm.container.ContainerStateManagerV2.addContainer(org.apache.hadoop.hdds.protocol.proto.HddsProtos$ContainerInfoProto) throws java.io.IOException on target org.apache.hadoop.hdds.scm.ha.SCMRatisServerImpl@5cbb90de, cost 5416.627us
2021-05-22 19:12:32,150 [c528a642-8365-4981-9ca8-5a52c1b1524d@group-6537B218274A-StateMachineUpdater] INFO  ha.SCMStateMachine (SCMStateMachine.java:takeSnapshot(282)) - Current Snapshot Index 95, takeSnapshot took 0 ms
2021-05-22 19:12:32,150 [c528a642-8365-4981-9ca8-5a52c1b1524d@group-6537B218274A-StateMachineUpdater] INFO  impl.StateMachineUpdater (StateMachineUpdater.java:takeSnapshot(281)) - c528a642-8365-4981-9ca8-5a52c1b1524d@group-6537B218274A-StateMachineUpdater: Took a snapshot at index 95
2021-05-22 19:12:32,150 [c528a642-8365-4981-9ca8-5a52c1b1524d@group-6537B218274A-StateMachineUpdater] INFO  impl.StateMachineUpdater (StateMachineUpdater.java:lambda$new$0(89)) - c528a642-8365-4981-9ca8-5a52c1b1524d@group-6537B218274A-StateMachineUpdater: snapshotIndex: updateIncreasingly 90 -> 95
2021-05-22 19:12:32,150 [c528a642-8365-4981-9ca8-5a52c1b1524d@group-6537B218274A-StateMachineUpdater] INFO  raftlog.RaftLog (RaftLogBase.java:purge(306)) - c528a642-8365-4981-9ca8-5a52c1b1524d@group-6537B218274A-SegmentedRaftLog: purge 95
2021-05-22 19:12:32,150 [c528a642-8365-4981-9ca8-5a52c1b1524d@group-6537B218274A-StateMachineUpdater] INFO  raftlog.RaftLog (RaftLogBase.java:lambda$new$0(53)) - c528a642-8365-4981-9ca8-5a52c1b1524d@group-6537B218274A-SegmentedRaftLog: snapshotIndex: updateIncreasingly 90 -> 95
2021-05-22 19:12:32,150 [c528a642-8365-4981-9ca8-5a52c1b1524d@group-6537B218274A-StateMachineUpdater] INFO  raftlog.RaftLog (RaftLogBase.java:lambda$new$0(53)) - c528a642-8365-4981-9ca8-5a52c1b1524d@group-6537B218274A-SegmentedRaftLog: purgeIndex: updateToMax old=90, new=95, updated? true
2021-05-22 19:12:32,253 [Listener at 127.0.0.1/13280] INFO  ha.SCMHAInvocationHandler (SCMHAInvocationHandler.java:invokeRatis(113)) - Invoking method public abstract void org.apache.hadoop.hdds.scm.container.ContainerStateManagerV2.addContainer(org.apache.hadoop.hdds.protocol.proto.HddsProtos$ContainerInfoProto) throws java.io.IOException on target org.apache.hadoop.hdds.scm.ha.SCMRatisServerImpl@5cbb90de, cost 4682.023us
2021-05-22 19:12:32,359 [Listener at 127.0.0.1/13280] INFO  ha.SCMHAInvocationHandler (SCMHAInvocationHandler.java:invokeRatis(113)) - Invoking method public abstract void org.apache.hadoop.hdds.scm.container.ContainerStateManagerV2.addContainer(org.apache.hadoop.hdds.protocol.proto.HddsProtos$ContainerInfoProto) throws java.io.IOException on target org.apache.hadoop.hdds.scm.ha.SCMRatisServerImpl@5cbb90de, cost 4785.523us
2021-05-22 19:12:32,359 [b5b91537-3281-48b1-9597-8f2f653ada85@group-6537B218274A-StateMachineUpdater] INFO  ha.SCMStateMachine (SCMStateMachine.java:takeSnapshot(282)) - Current Snapshot Index 99, takeSnapshot took 0 ms
2021-05-22 19:12:32,360 [b5b91537-3281-48b1-9597-8f2f653ada85@group-6537B218274A-StateMachineUpdater] INFO  impl.StateMachineUpdater (StateMachineUpdater.java:takeSnapshot(281)) - b5b91537-3281-48b1-9597-8f2f653ada85@group-6537B218274A-StateMachineUpdater: Took a snapshot at index 99
2021-05-22 19:12:32,360 [b5b91537-3281-48b1-9597-8f2f653ada85@group-6537B218274A-StateMachineUpdater] INFO  impl.StateMachineUpdater (StateMachineUpdater.java:lambda$new$0(89)) - b5b91537-3281-48b1-9597-8f2f653ada85@group-6537B218274A-StateMachineUpdater: snapshotIndex: updateIncreasingly 94 -> 99
2021-05-22 19:12:32,360 [b5b91537-3281-48b1-9597-8f2f653ada85@group-6537B218274A-StateMachineUpdater] INFO  raftlog.RaftLog (RaftLogBase.java:purge(306)) - b5b91537-3281-48b1-9597-8f2f653ada85@group-6537B218274A-SegmentedRaftLog: purge 99
2021-05-22 19:12:32,360 [b5b91537-3281-48b1-9597-8f2f653ada85@group-6537B218274A-StateMachineUpdater] INFO  raftlog.RaftLog (RaftLogBase.java:lambda$new$0(53)) - b5b91537-3281-48b1-9597-8f2f653ada85@group-6537B218274A-SegmentedRaftLog: snapshotIndex: updateIncreasingly 94 -> 99
2021-05-22 19:12:32,360 [b5b91537-3281-48b1-9597-8f2f653ada85@group-6537B218274A-StateMachineUpdater] INFO  raftlog.RaftLog (RaftLogBase.java:lambda$new$0(53)) - b5b91537-3281-48b1-9597-8f2f653ada85@group-6537B218274A-SegmentedRaftLog: purgeIndex: updateToMax old=94, new=99, updated? true
2021-05-22 19:12:32,463 [c528a642-8365-4981-9ca8-5a52c1b1524d@group-6537B218274A-StateMachineUpdater] INFO  ha.SCMStateMachine (SCMStateMachine.java:takeSnapshot(282)) - Current Snapshot Index 100, takeSnapshot took 0 ms
2021-05-22 19:12:32,463 [c528a642-8365-4981-9ca8-5a52c1b1524d@group-6537B218274A-StateMachineUpdater] INFO  impl.StateMachineUpdater (StateMachineUpdater.java:takeSnapshot(281)) - c528a642-8365-4981-9ca8-5a52c1b1524d@group-6537B218274A-StateMachineUpdater: Took a snapshot at index 100
2021-05-22 19:12:32,463 [c528a642-8365-4981-9ca8-5a52c1b1524d@group-6537B218274A-StateMachineUpdater] INFO  impl.StateMachineUpdater (StateMachineUpdater.java:lambda$new$0(89)) - c528a642-8365-4981-9ca8-5a52c1b1524d@group-6537B218274A-StateMachineUpdater: snapshotIndex: updateIncreasingly 95 -> 100
2021-05-22 19:12:32,463 [c528a642-8365-4981-9ca8-5a52c1b1524d@group-6537B218274A-StateMachineUpdater] INFO  raftlog.RaftLog (RaftLogBase.java:purge(306)) - c528a642-8365-4981-9ca8-5a52c1b1524d@group-6537B218274A-SegmentedRaftLog: purge 100
2021-05-22 19:12:32,463 [c528a642-8365-4981-9ca8-5a52c1b1524d@group-6537B218274A-StateMachineUpdater] INFO  raftlog.RaftLog (RaftLogBase.java:lambda$new$0(53)) - c528a642-8365-4981-9ca8-5a52c1b1524d@group-6537B218274A-SegmentedRaftLog: snapshotIndex: updateIncreasingly 95 -> 100
2021-05-22 19:12:32,463 [c528a642-8365-4981-9ca8-5a52c1b1524d@group-6537B218274A-StateMachineUpdater] INFO  raftlog.RaftLog (RaftLogBase.java:lambda$new$0(53)) - c528a642-8365-4981-9ca8-5a52c1b1524d@group-6537B218274A-SegmentedRaftLog: purgeIndex: updateToMax old=95, new=100, updated? true
2021-05-22 19:12:32,466 [Listener at 127.0.0.1/13280] INFO  ha.SCMHAInvocationHandler (SCMHAInvocationHandler.java:invokeRatis(113)) - Invoking method public abstract void org.apache.hadoop.hdds.scm.container.ContainerStateManagerV2.addContainer(org.apache.hadoop.hdds.protocol.proto.HddsProtos$ContainerInfoProto) throws java.io.IOException on target org.apache.hadoop.hdds.scm.ha.SCMRatisServerImpl@5cbb90de, cost 6725.433us
2021-05-22 19:12:32,572 [Listener at 127.0.0.1/13280] INFO  ha.SCMHAInvocationHandler (SCMHAInvocationHandler.java:invokeRatis(113)) - Invoking method public abstract void org.apache.hadoop.hdds.scm.container.ContainerStateManagerV2.addContainer(org.apache.hadoop.hdds.protocol.proto.HddsProtos$ContainerInfoProto) throws java.io.IOException on target org.apache.hadoop.hdds.scm.ha.SCMRatisServerImpl@5cbb90de, cost 4883.224us
2021-05-22 19:12:32,575 [b5b91537-3281-48b1-9597-8f2f653ada85@group-6537B218274A-StateMachineUpdater] INFO  ha.SCMStateMachine (SCMStateMachine.java:takeSnapshot(282)) - Current Snapshot Index 104, takeSnapshot took 0 ms
2021-05-22 19:12:32,575 [b5b91537-3281-48b1-9597-8f2f653ada85@group-6537B218274A-StateMachineUpdater] INFO  impl.StateMachineUpdater (StateMachineUpdater.java:takeSnapshot(281)) - b5b91537-3281-48b1-9597-8f2f653ada85@group-6537B218274A-StateMachineUpdater: Took a snapshot at index 104
2021-05-22 19:12:32,575 [b5b91537-3281-48b1-9597-8f2f653ada85@group-6537B218274A-StateMachineUpdater] INFO  impl.StateMachineUpdater (StateMachineUpdater.java:lambda$new$0(89)) - b5b91537-3281-48b1-9597-8f2f653ada85@group-6537B218274A-StateMachineUpdater: snapshotIndex: updateIncreasingly 99 -> 104
2021-05-22 19:12:32,575 [b5b91537-3281-48b1-9597-8f2f653ada85@group-6537B218274A-StateMachineUpdater] INFO  raftlog.RaftLog (RaftLogBase.java:purge(306)) - b5b91537-3281-48b1-9597-8f2f653ada85@group-6537B218274A-SegmentedRaftLog: purge 104
2021-05-22 19:12:32,575 [b5b91537-3281-48b1-9597-8f2f653ada85@group-6537B218274A-StateMachineUpdater] INFO  raftlog.RaftLog (RaftLogBase.java:lambda$new$0(53)) - b5b91537-3281-48b1-9597-8f2f653ada85@group-6537B218274A-SegmentedRaftLog: snapshotIndex: updateIncreasingly 99 -> 104
2021-05-22 19:12:32,575 [b5b91537-3281-48b1-9597-8f2f653ada85@group-6537B218274A-StateMachineUpdater] INFO  raftlog.RaftLog (RaftLogBase.java:lambda$new$0(53)) - b5b91537-3281-48b1-9597-8f2f653ada85@group-6537B218274A-SegmentedRaftLog: purgeIndex: updateToMax old=99, new=104, updated? true
2021-05-22 19:12:32,675 [Datanode State Machine Thread - 0] ERROR datanode.RunningDatanodeState (RunningDatanodeState.java:computeNextContainerState(199)) - Error in executing end point task.
java.util.concurrent.ExecutionException: java.util.concurrent.TimeoutException
	at java.util.concurrent.FutureTask.report(FutureTask.java:122)
	at java.util.concurrent.FutureTask.get(FutureTask.java:192)
	at org.apache.hadoop.ozone.container.common.states.datanode.RunningDatanodeState.computeNextContainerState(RunningDatanodeState.java:191)
	at org.apache.hadoop.ozone.container.common.states.datanode.RunningDatanodeState.await(RunningDatanodeState.java:231)
	at org.apache.hadoop.ozone.container.common.states.datanode.RunningDatanodeState.await(RunningDatanodeState.java:50)
	at org.apache.hadoop.ozone.container.common.statemachine.StateContext.execute(StateContext.java:579)
	at org.apache.hadoop.ozone.container.common.statemachine.DatanodeStateMachine.start(DatanodeStateMachine.java:233)
	at org.apache.hadoop.ozone.container.common.statemachine.DatanodeStateMachine.lambda$startDaemon$0(DatanodeStateMachine.java:410)
	at java.lang.Thread.run(Thread.java:748)
Caused by: java.util.concurrent.TimeoutException
	at java.util.concurrent.FutureTask.get(FutureTask.java:205)
	at org.apache.hadoop.ozone.container.common.states.datanode.RunningDatanodeState.lambda$execute$0(RunningDatanodeState.java:149)
	at java.util.concurrent.FutureTask.run(FutureTask.java:266)
	at java.util.concurrent.Executors$RunnableAdapter.call(Executors.java:511)
	at java.util.concurrent.FutureTask.run(FutureTask.java:266)
	at java.util.concurrent.ThreadPoolExecutor.runWorker(ThreadPoolExecutor.java:1149)
	at java.util.concurrent.ThreadPoolExecutor$Worker.run(ThreadPoolExecutor.java:624)
	... 1 more
2021-05-22 19:12:32,682 [b5b91537-3281-48b1-9597-8f2f653ada85@group-6537B218274A-LeaderStateImpl] INFO  segmented.SegmentedRaftLogWorker (SegmentedRaftLogWorker.java:rollLogSegment(399)) - b5b91537-3281-48b1-9597-8f2f653ada85@group-6537B218274A-SegmentedRaftLogWorker: Rolling segment log-1_105 to index:105
2021-05-22 19:12:32,683 [b5b91537-3281-48b1-9597-8f2f653ada85@group-6537B218274A-SegmentedRaftLogWorker] INFO  segmented.SegmentedRaftLogWorker (SegmentedRaftLogWorker.java:execute(558)) - b5b91537-3281-48b1-9597-8f2f653ada85@group-6537B218274A-SegmentedRaftLogWorker: Rolled log segment from /github/workspace/mnt/ozone/hadoop-ozone/integration-test/target/test-dir/MiniOzoneClusterImpl-5713c1a7-fb90-4566-9593-6537b218274a/scmNode-1/scm-ha/5713c1a7-fb90-4566-9593-6537b218274a/current/log_inprogress_1 to /github/workspace/mnt/ozone/hadoop-ozone/integration-test/target/test-dir/MiniOzoneClusterImpl-5713c1a7-fb90-4566-9593-6537b218274a/scmNode-1/scm-ha/5713c1a7-fb90-4566-9593-6537b218274a/current/log_1-105
2021-05-22 19:12:32,683 [Listener at 127.0.0.1/13280] INFO  ha.SCMHAInvocationHandler (SCMHAInvocationHandler.java:invokeRatis(113)) - Invoking method public abstract void org.apache.hadoop.hdds.scm.container.ContainerStateManagerV2.addContainer(org.apache.hadoop.hdds.protocol.proto.HddsProtos$ContainerInfoProto) throws java.io.IOException on target org.apache.hadoop.hdds.scm.ha.SCMRatisServerImpl@5cbb90de, cost 10714.452us
2021-05-22 19:12:32,684 [grpc-default-executor-2] INFO  segmented.SegmentedRaftLogWorker (SegmentedRaftLogWorker.java:rollLogSegment(399)) - c528a642-8365-4981-9ca8-5a52c1b1524d@group-6537B218274A-SegmentedRaftLogWorker: Rolling segment log-1_105 to index:105
2021-05-22 19:12:32,686 [b5b91537-3281-48b1-9597-8f2f653ada85@group-6537B218274A-SegmentedRaftLogWorker] INFO  segmented.SegmentedRaftLogWorker (SegmentedRaftLogWorker.java:execute(601)) - b5b91537-3281-48b1-9597-8f2f653ada85@group-6537B218274A-SegmentedRaftLogWorker: created new log segment /github/workspace/mnt/ozone/hadoop-ozone/integration-test/target/test-dir/MiniOzoneClusterImpl-5713c1a7-fb90-4566-9593-6537b218274a/scmNode-1/scm-ha/5713c1a7-fb90-4566-9593-6537b218274a/current/log_inprogress_106
2021-05-22 19:12:32,686 [c528a642-8365-4981-9ca8-5a52c1b1524d@group-6537B218274A-SegmentedRaftLogWorker] INFO  segmented.SegmentedRaftLogWorker (SegmentedRaftLogWorker.java:execute(558)) - c528a642-8365-4981-9ca8-5a52c1b1524d@group-6537B218274A-SegmentedRaftLogWorker: Rolled log segment from /github/workspace/mnt/ozone/hadoop-ozone/integration-test/target/test-dir/MiniOzoneClusterImpl-5713c1a7-fb90-4566-9593-6537b218274a/scmNode-2/scm-ha/5713c1a7-fb90-4566-9593-6537b218274a/current/log_inprogress_1 to /github/workspace/mnt/ozone/hadoop-ozone/integration-test/target/test-dir/MiniOzoneClusterImpl-5713c1a7-fb90-4566-9593-6537b218274a/scmNode-2/scm-ha/5713c1a7-fb90-4566-9593-6537b218274a/current/log_1-105
2021-05-22 19:12:32,688 [c528a642-8365-4981-9ca8-5a52c1b1524d@group-6537B218274A-SegmentedRaftLogWorker] INFO  segmented.SegmentedRaftLogWorker (SegmentedRaftLogWorker.java:execute(601)) - c528a642-8365-4981-9ca8-5a52c1b1524d@group-6537B218274A-SegmentedRaftLogWorker: created new log segment /github/workspace/mnt/ozone/hadoop-ozone/integration-test/target/test-dir/MiniOzoneClusterImpl-5713c1a7-fb90-4566-9593-6537b218274a/scmNode-2/scm-ha/5713c1a7-fb90-4566-9593-6537b218274a/current/log_inprogress_106
2021-05-22 19:12:32,689 [c528a642-8365-4981-9ca8-5a52c1b1524d@group-6537B218274A-StateMachineUpdater] INFO  ha.SCMStateMachine (SCMStateMachine.java:takeSnapshot(282)) - Current Snapshot Index 105, takeSnapshot took 0 ms
2021-05-22 19:12:32,690 [c528a642-8365-4981-9ca8-5a52c1b1524d@group-6537B218274A-StateMachineUpdater] INFO  impl.StateMachineUpdater (StateMachineUpdater.java:takeSnapshot(281)) - c528a642-8365-4981-9ca8-5a52c1b1524d@group-6537B218274A-StateMachineUpdater: Took a snapshot at index 105
2021-05-22 19:12:32,690 [c528a642-8365-4981-9ca8-5a52c1b1524d@group-6537B218274A-StateMachineUpdater] INFO  impl.StateMachineUpdater (StateMachineUpdater.java:lambda$new$0(89)) - c528a642-8365-4981-9ca8-5a52c1b1524d@group-6537B218274A-StateMachineUpdater: snapshotIndex: updateIncreasingly 100 -> 105
2021-05-22 19:12:32,690 [c528a642-8365-4981-9ca8-5a52c1b1524d@group-6537B218274A-StateMachineUpdater] INFO  raftlog.RaftLog (RaftLogBase.java:purge(306)) - c528a642-8365-4981-9ca8-5a52c1b1524d@group-6537B218274A-SegmentedRaftLog: purge 105
2021-05-22 19:12:32,690 [c528a642-8365-4981-9ca8-5a52c1b1524d@group-6537B218274A-StateMachineUpdater] INFO  raftlog.RaftLog (RaftLogBase.java:lambda$new$0(53)) - c528a642-8365-4981-9ca8-5a52c1b1524d@group-6537B218274A-SegmentedRaftLog: snapshotIndex: updateIncreasingly 100 -> 105
2021-05-22 19:12:32,691 [c528a642-8365-4981-9ca8-5a52c1b1524d@group-6537B218274A-SegmentedRaftLogWorker] INFO  raftlog.RaftLog (RaftLogBase.java:lambda$new$0(53)) - c528a642-8365-4981-9ca8-5a52c1b1524d@group-6537B218274A-SegmentedRaftLog: purgeIndex: updateToMax old=100, new=105, updated? true
2021-05-22 19:12:32,789 [Listener at 127.0.0.1/13280] INFO  ha.SCMHAInvocationHandler (SCMHAInvocationHandler.java:invokeRatis(113)) - Invoking method public abstract void org.apache.hadoop.hdds.scm.container.ContainerStateManagerV2.addContainer(org.apache.hadoop.hdds.protocol.proto.HddsProtos$ContainerInfoProto) throws java.io.IOException on target org.apache.hadoop.hdds.scm.ha.SCMRatisServerImpl@5cbb90de, cost 5114.825us
2021-05-22 19:12:32,895 [b5b91537-3281-48b1-9597-8f2f653ada85@group-6537B218274A-StateMachineUpdater] INFO  ha.SCMStateMachine (SCMStateMachine.java:takeSnapshot(282)) - Current Snapshot Index 109, takeSnapshot took 0 ms
2021-05-22 19:12:32,895 [b5b91537-3281-48b1-9597-8f2f653ada85@group-6537B218274A-StateMachineUpdater] INFO  impl.StateMachineUpdater (StateMachineUpdater.java:takeSnapshot(281)) - b5b91537-3281-48b1-9597-8f2f653ada85@group-6537B218274A-StateMachineUpdater: Took a snapshot at index 109
2021-05-22 19:12:32,895 [b5b91537-3281-48b1-9597-8f2f653ada85@group-6537B218274A-StateMachineUpdater] INFO  impl.StateMachineUpdater (StateMachineUpdater.java:lambda$new$0(89)) - b5b91537-3281-48b1-9597-8f2f653ada85@group-6537B218274A-StateMachineUpdater: snapshotIndex: updateIncreasingly 104 -> 109
2021-05-22 19:12:32,895 [b5b91537-3281-48b1-9597-8f2f653ada85@group-6537B218274A-StateMachineUpdater] INFO  raftlog.RaftLog (RaftLogBase.java:purge(306)) - b5b91537-3281-48b1-9597-8f2f653ada85@group-6537B218274A-SegmentedRaftLog: purge 109
2021-05-22 19:12:32,895 [b5b91537-3281-48b1-9597-8f2f653ada85@group-6537B218274A-StateMachineUpdater] INFO  raftlog.RaftLog (RaftLogBase.java:lambda$new$0(53)) - b5b91537-3281-48b1-9597-8f2f653ada85@group-6537B218274A-SegmentedRaftLog: snapshotIndex: updateIncreasingly 104 -> 109
2021-05-22 19:12:32,895 [Listener at 127.0.0.1/13280] INFO  ha.SCMHAInvocationHandler (SCMHAInvocationHandler.java:invokeRatis(113)) - Invoking method public abstract void org.apache.hadoop.hdds.scm.container.ContainerStateManagerV2.addContainer(org.apache.hadoop.hdds.protocol.proto.HddsProtos$ContainerInfoProto) throws java.io.IOException on target org.apache.hadoop.hdds.scm.ha.SCMRatisServerImpl@5cbb90de, cost 5752.328us
2021-05-22 19:12:32,896 [b5b91537-3281-48b1-9597-8f2f653ada85@group-6537B218274A-SegmentedRaftLogWorker] INFO  raftlog.RaftLog (RaftLogBase.java:lambda$new$0(53)) - b5b91537-3281-48b1-9597-8f2f653ada85@group-6537B218274A-SegmentedRaftLog: purgeIndex: updateToMax old=104, new=105, updated? true
2021-05-22 19:12:33,001 [c528a642-8365-4981-9ca8-5a52c1b1524d@group-6537B218274A-StateMachineUpdater] INFO  ha.SCMStateMachine (SCMStateMachine.java:takeSnapshot(282)) - Current Snapshot Index 110, takeSnapshot took 0 ms
2021-05-22 19:12:33,001 [c528a642-8365-4981-9ca8-5a52c1b1524d@group-6537B218274A-StateMachineUpdater] INFO  impl.StateMachineUpdater (StateMachineUpdater.java:takeSnapshot(281)) - c528a642-8365-4981-9ca8-5a52c1b1524d@group-6537B218274A-StateMachineUpdater: Took a snapshot at index 110
2021-05-22 19:12:33,001 [c528a642-8365-4981-9ca8-5a52c1b1524d@group-6537B218274A-StateMachineUpdater] INFO  impl.StateMachineUpdater (StateMachineUpdater.java:lambda$new$0(89)) - c528a642-8365-4981-9ca8-5a52c1b1524d@group-6537B218274A-StateMachineUpdater: snapshotIndex: updateIncreasingly 105 -> 110
2021-05-22 19:12:33,001 [c528a642-8365-4981-9ca8-5a52c1b1524d@group-6537B218274A-StateMachineUpdater] INFO  raftlog.RaftLog (RaftLogBase.java:purge(306)) - c528a642-8365-4981-9ca8-5a52c1b1524d@group-6537B218274A-SegmentedRaftLog: purge 110
2021-05-22 19:12:33,001 [c528a642-8365-4981-9ca8-5a52c1b1524d@group-6537B218274A-StateMachineUpdater] INFO  raftlog.RaftLog (RaftLogBase.java:lambda$new$0(53)) - c528a642-8365-4981-9ca8-5a52c1b1524d@group-6537B218274A-SegmentedRaftLog: snapshotIndex: updateIncreasingly 105 -> 110
2021-05-22 19:12:33,001 [c528a642-8365-4981-9ca8-5a52c1b1524d@group-6537B218274A-StateMachineUpdater] INFO  raftlog.RaftLog (RaftLogBase.java:lambda$new$0(53)) - c528a642-8365-4981-9ca8-5a52c1b1524d@group-6537B218274A-SegmentedRaftLog: purgeIndex: updateToMax old=105, new=110, updated? true
2021-05-22 19:12:33,002 [Listener at 127.0.0.1/13280] INFO  ha.SCMHAInvocationHandler (SCMHAInvocationHandler.java:invokeRatis(113)) - Invoking method public abstract void org.apache.hadoop.hdds.scm.container.ContainerStateManagerV2.addContainer(org.apache.hadoop.hdds.protocol.proto.HddsProtos$ContainerInfoProto) throws java.io.IOException on target org.apache.hadoop.hdds.scm.ha.SCMRatisServerImpl@5cbb90de, cost 4650.123us
2021-05-22 19:12:33,108 [Listener at 127.0.0.1/13280] INFO  ha.SCMHAInvocationHandler (SCMHAInvocationHandler.java:invokeRatis(113)) - Invoking method public abstract void org.apache.hadoop.hdds.scm.container.ContainerStateManagerV2.addContainer(org.apache.hadoop.hdds.protocol.proto.HddsProtos$ContainerInfoProto) throws java.io.IOException on target org.apache.hadoop.hdds.scm.ha.SCMRatisServerImpl@5cbb90de, cost 5311.926us
2021-05-22 19:12:33,111 [b5b91537-3281-48b1-9597-8f2f653ada85@group-6537B218274A-StateMachineUpdater] INFO  ha.SCMStateMachine (SCMStateMachine.java:takeSnapshot(282)) - Current Snapshot Index 114, takeSnapshot took 0 ms
2021-05-22 19:12:33,111 [b5b91537-3281-48b1-9597-8f2f653ada85@group-6537B218274A-StateMachineUpdater] INFO  impl.StateMachineUpdater (StateMachineUpdater.java:takeSnapshot(281)) - b5b91537-3281-48b1-9597-8f2f653ada85@group-6537B218274A-StateMachineUpdater: Took a snapshot at index 114
2021-05-22 19:12:33,111 [b5b91537-3281-48b1-9597-8f2f653ada85@group-6537B218274A-StateMachineUpdater] INFO  impl.StateMachineUpdater (StateMachineUpdater.java:lambda$new$0(89)) - b5b91537-3281-48b1-9597-8f2f653ada85@group-6537B218274A-StateMachineUpdater: snapshotIndex: updateIncreasingly 109 -> 114
2021-05-22 19:12:33,111 [b5b91537-3281-48b1-9597-8f2f653ada85@group-6537B218274A-StateMachineUpdater] INFO  raftlog.RaftLog (RaftLogBase.java:purge(306)) - b5b91537-3281-48b1-9597-8f2f653ada85@group-6537B218274A-SegmentedRaftLog: purge 114
2021-05-22 19:12:33,111 [b5b91537-3281-48b1-9597-8f2f653ada85@group-6537B218274A-StateMachineUpdater] INFO  raftlog.RaftLog (RaftLogBase.java:lambda$new$0(53)) - b5b91537-3281-48b1-9597-8f2f653ada85@group-6537B218274A-SegmentedRaftLog: snapshotIndex: updateIncreasingly 109 -> 114
2021-05-22 19:12:33,111 [b5b91537-3281-48b1-9597-8f2f653ada85@group-6537B218274A-StateMachineUpdater] INFO  raftlog.RaftLog (RaftLogBase.java:lambda$new$0(53)) - b5b91537-3281-48b1-9597-8f2f653ada85@group-6537B218274A-SegmentedRaftLog: purgeIndex: updateToMax old=105, new=114, updated? true
2021-05-22 19:12:33,119 [77d60ed4-b7ae-47d8-b664-0086abc1b028@group-548F0586065B-FollowerState] INFO  impl.FollowerState (FollowerState.java:run(134)) - 77d60ed4-b7ae-47d8-b664-0086abc1b028@group-548F0586065B-FollowerState: change to CANDIDATE, lastRpcElapsedTime:5114194126ns, electionTimeout:5112ms
2021-05-22 19:12:33,119 [77d60ed4-b7ae-47d8-b664-0086abc1b028@group-548F0586065B-FollowerState] INFO  impl.RoleInfo (RoleInfo.java:shutdownFollowerState(108)) - 77d60ed4-b7ae-47d8-b664-0086abc1b028: shutdown 77d60ed4-b7ae-47d8-b664-0086abc1b028@group-548F0586065B-FollowerState
2021-05-22 19:12:33,119 [77d60ed4-b7ae-47d8-b664-0086abc1b028@group-548F0586065B-FollowerState] INFO  server.RaftServer$Division (RaftServerImpl.java:setRole(284)) - 77d60ed4-b7ae-47d8-b664-0086abc1b028@group-548F0586065B: changes role from  FOLLOWER to CANDIDATE at term 1 for changeToCandidate
2021-05-22 19:12:33,119 [77d60ed4-b7ae-47d8-b664-0086abc1b028@group-548F0586065B-FollowerState] INFO  server.RaftServerConfigKeys (ConfUtils.java:logGet(44)) - raft.server.leaderelection.pre-vote = false (custom)
2021-05-22 19:12:33,119 [77d60ed4-b7ae-47d8-b664-0086abc1b028@group-548F0586065B-FollowerState] INFO  impl.RoleInfo (RoleInfo.java:updateAndGet(130)) - 77d60ed4-b7ae-47d8-b664-0086abc1b028: start 77d60ed4-b7ae-47d8-b664-0086abc1b028@group-548F0586065B-LeaderElection9
2021-05-22 19:12:33,122 [77d60ed4-b7ae-47d8-b664-0086abc1b028@group-548F0586065B-LeaderElection9] INFO  impl.LeaderElection (LeaderElection.java:askForVotes(306)) - 77d60ed4-b7ae-47d8-b664-0086abc1b028@group-548F0586065B-LeaderElection9 ELECTION round 0: submit vote requests at term 2 for -1: [ea0eae10-41b3-4db6-9afe-6a980641cba9|rpc:127.0.0.1:38377|dataStream:|priority:0, 77d60ed4-b7ae-47d8-b664-0086abc1b028|rpc:127.0.0.1:42583|dataStream:|priority:0, 37ad4b1d-96aa-49b2-b7c2-5ba74b6ff263|rpc:127.0.0.1:40699|dataStream:|priority:1], old=null
2021-05-22 19:12:33,141 [grpc-default-executor-2] INFO  server.RaftServer$Division (RaftServerImpl.java:requestVote(1042)) - 37ad4b1d-96aa-49b2-b7c2-5ba74b6ff263@group-548F0586065B: receive requestVote(ELECTION, 77d60ed4-b7ae-47d8-b664-0086abc1b028, group-548F0586065B, 2, (t:0, i:0))
2021-05-22 19:12:33,143 [grpc-default-executor-2] INFO  impl.VoteContext (VoteContext.java:log(48)) - 37ad4b1d-96aa-49b2-b7c2-5ba74b6ff263@group-548F0586065B-FOLLOWER: reject ELECTION from 77d60ed4-b7ae-47d8-b664-0086abc1b028: our priority 1 > candidate's priority 0
2021-05-22 19:12:33,143 [grpc-default-executor-2] INFO  server.RaftServer$Division (RaftServerImpl.java:setRole(284)) - 37ad4b1d-96aa-49b2-b7c2-5ba74b6ff263@group-548F0586065B: changes role from  FOLLOWER to FOLLOWER at term 2 for candidate:77d60ed4-b7ae-47d8-b664-0086abc1b028
2021-05-22 19:12:33,143 [grpc-default-executor-2] INFO  impl.RoleInfo (RoleInfo.java:shutdownFollowerState(108)) - 37ad4b1d-96aa-49b2-b7c2-5ba74b6ff263: shutdown 37ad4b1d-96aa-49b2-b7c2-5ba74b6ff263@group-548F0586065B-FollowerState
2021-05-22 19:12:33,143 [grpc-default-executor-2] INFO  impl.RoleInfo (RoleInfo.java:updateAndGet(130)) - 37ad4b1d-96aa-49b2-b7c2-5ba74b6ff263: start 37ad4b1d-96aa-49b2-b7c2-5ba74b6ff263@group-548F0586065B-FollowerState
2021-05-22 19:12:33,143 [37ad4b1d-96aa-49b2-b7c2-5ba74b6ff263@group-548F0586065B-FollowerState] INFO  impl.FollowerState (FollowerState.java:run(143)) - 37ad4b1d-96aa-49b2-b7c2-5ba74b6ff263@group-548F0586065B-FollowerState was interrupted: {}
java.lang.InterruptedException: sleep interrupted
	at java.lang.Thread.sleep(Native Method)
	at java.lang.Thread.sleep(Thread.java:340)
	at java.util.concurrent.TimeUnit.sleep(TimeUnit.java:386)
	at org.apache.ratis.util.TimeDuration.sleep(TimeDuration.java:324)
	at org.apache.ratis.util.TimeDuration.sleep(TimeDuration.java:309)
	at org.apache.ratis.server.impl.FollowerState.run(FollowerState.java:118)
2021-05-22 19:12:33,145 [grpc-default-executor-2] INFO  server.RaftServer$Division (RaftServerImpl.java:requestVote(1074)) - 37ad4b1d-96aa-49b2-b7c2-5ba74b6ff263@group-548F0586065B replies to ELECTION vote request: 77d60ed4-b7ae-47d8-b664-0086abc1b028<-37ad4b1d-96aa-49b2-b7c2-5ba74b6ff263#0:FAIL-t2. Peer's state: 37ad4b1d-96aa-49b2-b7c2-5ba74b6ff263@group-548F0586065B:t2, leader=null, voted=null, raftlog=37ad4b1d-96aa-49b2-b7c2-5ba74b6ff263@group-548F0586065B-SegmentedRaftLog:OPENED:c-1,f-1,i0, conf=-1: [ea0eae10-41b3-4db6-9afe-6a980641cba9|rpc:127.0.0.1:38377|dataStream:|priority:0, 77d60ed4-b7ae-47d8-b664-0086abc1b028|rpc:127.0.0.1:42583|dataStream:|priority:0, 37ad4b1d-96aa-49b2-b7c2-5ba74b6ff263|rpc:127.0.0.1:40699|dataStream:|priority:1], old=null
2021-05-22 19:12:33,154 [77d60ed4-b7ae-47d8-b664-0086abc1b028@group-548F0586065B-LeaderElection9] INFO  impl.LeaderElection (LeaderElection.java:logAndReturn(89)) - 77d60ed4-b7ae-47d8-b664-0086abc1b028@group-548F0586065B-LeaderElection9: ELECTION REJECTED received 1 response(s) and 0 exception(s):
2021-05-22 19:12:33,154 [77d60ed4-b7ae-47d8-b664-0086abc1b028@group-548F0586065B-LeaderElection9] INFO  impl.LeaderElection (LeaderElection.java:logAndReturn(93)) -   Response 0: 77d60ed4-b7ae-47d8-b664-0086abc1b028<-37ad4b1d-96aa-49b2-b7c2-5ba74b6ff263#0:FAIL-t2
2021-05-22 19:12:33,154 [77d60ed4-b7ae-47d8-b664-0086abc1b028@group-548F0586065B-LeaderElection9] INFO  impl.LeaderElection (LeaderElection.java:askForVotes(308)) - 77d60ed4-b7ae-47d8-b664-0086abc1b028@group-548F0586065B-LeaderElection9 ELECTION round 0: result REJECTED
2021-05-22 19:12:33,154 [77d60ed4-b7ae-47d8-b664-0086abc1b028@group-548F0586065B-LeaderElection9] INFO  server.RaftServer$Division (RaftServerImpl.java:setRole(284)) - 77d60ed4-b7ae-47d8-b664-0086abc1b028@group-548F0586065B: changes role from CANDIDATE to FOLLOWER at term 2 for REJECTED
2021-05-22 19:12:33,154 [77d60ed4-b7ae-47d8-b664-0086abc1b028@group-548F0586065B-LeaderElection9] INFO  impl.RoleInfo (RoleInfo.java:shutdownLeaderElection(121)) - 77d60ed4-b7ae-47d8-b664-0086abc1b028: shutdown 77d60ed4-b7ae-47d8-b664-0086abc1b028@group-548F0586065B-LeaderElection9
2021-05-22 19:12:33,154 [77d60ed4-b7ae-47d8-b664-0086abc1b028@group-548F0586065B-LeaderElection9] INFO  impl.RoleInfo (RoleInfo.java:updateAndGet(130)) - 77d60ed4-b7ae-47d8-b664-0086abc1b028: start 77d60ed4-b7ae-47d8-b664-0086abc1b028@group-548F0586065B-FollowerState
2021-05-22 19:12:33,165 [grpc-default-executor-2] INFO  server.RaftServer$Division (RaftServerImpl.java:requestVote(1042)) - ea0eae10-41b3-4db6-9afe-6a980641cba9@group-548F0586065B: receive requestVote(ELECTION, 77d60ed4-b7ae-47d8-b664-0086abc1b028, group-548F0586065B, 2, (t:0, i:0))
2021-05-22 19:12:33,166 [grpc-default-executor-2] INFO  impl.VoteContext (VoteContext.java:log(48)) - ea0eae10-41b3-4db6-9afe-6a980641cba9@group-548F0586065B-FOLLOWER: accept ELECTION from 77d60ed4-b7ae-47d8-b664-0086abc1b028: our priority 0 <= candidate's priority 0
2021-05-22 19:12:33,166 [grpc-default-executor-2] INFO  server.RaftServer$Division (RaftServerImpl.java:setRole(284)) - ea0eae10-41b3-4db6-9afe-6a980641cba9@group-548F0586065B: changes role from  FOLLOWER to FOLLOWER at term 2 for candidate:77d60ed4-b7ae-47d8-b664-0086abc1b028
2021-05-22 19:12:33,166 [grpc-default-executor-2] INFO  impl.RoleInfo (RoleInfo.java:shutdownFollowerState(108)) - ea0eae10-41b3-4db6-9afe-6a980641cba9: shutdown ea0eae10-41b3-4db6-9afe-6a980641cba9@group-548F0586065B-FollowerState
2021-05-22 19:12:33,166 [grpc-default-executor-2] INFO  impl.RoleInfo (RoleInfo.java:updateAndGet(130)) - ea0eae10-41b3-4db6-9afe-6a980641cba9: start ea0eae10-41b3-4db6-9afe-6a980641cba9@group-548F0586065B-FollowerState
2021-05-22 19:12:33,166 [ea0eae10-41b3-4db6-9afe-6a980641cba9@group-548F0586065B-FollowerState] INFO  impl.FollowerState (FollowerState.java:run(143)) - ea0eae10-41b3-4db6-9afe-6a980641cba9@group-548F0586065B-FollowerState was interrupted: {}
java.lang.InterruptedException: sleep interrupted
	at java.lang.Thread.sleep(Native Method)
	at java.lang.Thread.sleep(Thread.java:340)
	at java.util.concurrent.TimeUnit.sleep(TimeUnit.java:386)
	at org.apache.ratis.util.TimeDuration.sleep(TimeDuration.java:324)
	at org.apache.ratis.util.TimeDuration.sleep(TimeDuration.java:309)
	at org.apache.ratis.server.impl.FollowerState.run(FollowerState.java:118)
2021-05-22 19:12:33,174 [grpc-default-executor-2] INFO  server.RaftServer$Division (RaftServerImpl.java:requestVote(1074)) - ea0eae10-41b3-4db6-9afe-6a980641cba9@group-548F0586065B replies to ELECTION vote request: 77d60ed4-b7ae-47d8-b664-0086abc1b028<-ea0eae10-41b3-4db6-9afe-6a980641cba9#0:OK-t2. Peer's state: ea0eae10-41b3-4db6-9afe-6a980641cba9@group-548F0586065B:t2, leader=null, voted=77d60ed4-b7ae-47d8-b664-0086abc1b028, raftlog=ea0eae10-41b3-4db6-9afe-6a980641cba9@group-548F0586065B-SegmentedRaftLog:OPENED:c-1,f-1,i0, conf=-1: [ea0eae10-41b3-4db6-9afe-6a980641cba9|rpc:127.0.0.1:38377|priority:0, 77d60ed4-b7ae-47d8-b664-0086abc1b028|rpc:127.0.0.1:42583|priority:0, 37ad4b1d-96aa-49b2-b7c2-5ba74b6ff263|rpc:127.0.0.1:40699|priority:1], old=null
2021-05-22 19:12:33,213 [Listener at 127.0.0.1/13280] INFO  ha.SCMHAInvocationHandler (SCMHAInvocationHandler.java:invokeRatis(113)) - Invoking method public abstract void org.apache.hadoop.hdds.scm.container.ContainerStateManagerV2.addContainer(org.apache.hadoop.hdds.protocol.proto.HddsProtos$ContainerInfoProto) throws java.io.IOException on target org.apache.hadoop.hdds.scm.ha.SCMRatisServerImpl@5cbb90de, cost 4309.922us
2021-05-22 19:12:33,217 [c528a642-8365-4981-9ca8-5a52c1b1524d@group-6537B218274A-StateMachineUpdater] INFO  ha.SCMStateMachine (SCMStateMachine.java:takeSnapshot(282)) - Current Snapshot Index 115, takeSnapshot took 0 ms
2021-05-22 19:12:33,221 [c528a642-8365-4981-9ca8-5a52c1b1524d@group-6537B218274A-StateMachineUpdater] INFO  impl.StateMachineUpdater (StateMachineUpdater.java:takeSnapshot(281)) - c528a642-8365-4981-9ca8-5a52c1b1524d@group-6537B218274A-StateMachineUpdater: Took a snapshot at index 115
2021-05-22 19:12:33,221 [c528a642-8365-4981-9ca8-5a52c1b1524d@group-6537B218274A-StateMachineUpdater] INFO  impl.StateMachineUpdater (StateMachineUpdater.java:lambda$new$0(89)) - c528a642-8365-4981-9ca8-5a52c1b1524d@group-6537B218274A-StateMachineUpdater: snapshotIndex: updateIncreasingly 110 -> 115
2021-05-22 19:12:33,221 [c528a642-8365-4981-9ca8-5a52c1b1524d@group-6537B218274A-StateMachineUpdater] INFO  raftlog.RaftLog (RaftLogBase.java:purge(306)) - c528a642-8365-4981-9ca8-5a52c1b1524d@group-6537B218274A-SegmentedRaftLog: purge 115
2021-05-22 19:12:33,221 [c528a642-8365-4981-9ca8-5a52c1b1524d@group-6537B218274A-StateMachineUpdater] INFO  raftlog.RaftLog (RaftLogBase.java:lambda$new$0(53)) - c528a642-8365-4981-9ca8-5a52c1b1524d@group-6537B218274A-SegmentedRaftLog: snapshotIndex: updateIncreasingly 110 -> 115
2021-05-22 19:12:33,222 [c528a642-8365-4981-9ca8-5a52c1b1524d@group-6537B218274A-StateMachineUpdater] INFO  raftlog.RaftLog (RaftLogBase.java:lambda$new$0(53)) - c528a642-8365-4981-9ca8-5a52c1b1524d@group-6537B218274A-SegmentedRaftLog: purgeIndex: updateToMax old=110, new=115, updated? true
2021-05-22 19:12:33,312 [Datanode State Machine Thread - 0] ERROR datanode.RunningDatanodeState (RunningDatanodeState.java:computeNextContainerState(199)) - Error in executing end point task.
java.util.concurrent.ExecutionException: java.util.concurrent.TimeoutException
	at java.util.concurrent.FutureTask.report(FutureTask.java:122)
	at java.util.concurrent.FutureTask.get(FutureTask.java:192)
	at org.apache.hadoop.ozone.container.common.states.datanode.RunningDatanodeState.computeNextContainerState(RunningDatanodeState.java:191)
	at org.apache.hadoop.ozone.container.common.states.datanode.RunningDatanodeState.await(RunningDatanodeState.java:231)
	at org.apache.hadoop.ozone.container.common.states.datanode.RunningDatanodeState.await(RunningDatanodeState.java:50)
	at org.apache.hadoop.ozone.container.common.statemachine.StateContext.execute(StateContext.java:579)
	at org.apache.hadoop.ozone.container.common.statemachine.DatanodeStateMachine.start(DatanodeStateMachine.java:233)
	at org.apache.hadoop.ozone.container.common.statemachine.DatanodeStateMachine.lambda$startDaemon$0(DatanodeStateMachine.java:410)
	at java.lang.Thread.run(Thread.java:748)
Caused by: java.util.concurrent.TimeoutException
	at java.util.concurrent.FutureTask.get(FutureTask.java:205)
	at org.apache.hadoop.ozone.container.common.states.datanode.RunningDatanodeState.lambda$execute$0(RunningDatanodeState.java:149)
	at java.util.concurrent.FutureTask.run(FutureTask.java:266)
	at java.util.concurrent.Executors$RunnableAdapter.call(Executors.java:511)
	at java.util.concurrent.FutureTask.run(FutureTask.java:266)
	at java.util.concurrent.ThreadPoolExecutor.runWorker(ThreadPoolExecutor.java:1149)
	at java.util.concurrent.ThreadPoolExecutor$Worker.run(ThreadPoolExecutor.java:624)
	... 1 more
2021-05-22 19:12:33,319 [Listener at 127.0.0.1/13280] INFO  ha.SCMHAInvocationHandler (SCMHAInvocationHandler.java:invokeRatis(113)) - Invoking method public abstract void org.apache.hadoop.hdds.scm.container.ContainerStateManagerV2.addContainer(org.apache.hadoop.hdds.protocol.proto.HddsProtos$ContainerInfoProto) throws java.io.IOException on target org.apache.hadoop.hdds.scm.ha.SCMRatisServerImpl@5cbb90de, cost 5337.426us
2021-05-22 19:12:33,425 [b5b91537-3281-48b1-9597-8f2f653ada85@group-6537B218274A-StateMachineUpdater] INFO  ha.SCMStateMachine (SCMStateMachine.java:takeSnapshot(282)) - Current Snapshot Index 119, takeSnapshot took 0 ms
2021-05-22 19:12:33,425 [b5b91537-3281-48b1-9597-8f2f653ada85@group-6537B218274A-StateMachineUpdater] INFO  impl.StateMachineUpdater (StateMachineUpdater.java:takeSnapshot(281)) - b5b91537-3281-48b1-9597-8f2f653ada85@group-6537B218274A-StateMachineUpdater: Took a snapshot at index 119
2021-05-22 19:12:33,425 [b5b91537-3281-48b1-9597-8f2f653ada85@group-6537B218274A-StateMachineUpdater] INFO  impl.StateMachineUpdater (StateMachineUpdater.java:lambda$new$0(89)) - b5b91537-3281-48b1-9597-8f2f653ada85@group-6537B218274A-StateMachineUpdater: snapshotIndex: updateIncreasingly 114 -> 119
2021-05-22 19:12:33,425 [b5b91537-3281-48b1-9597-8f2f653ada85@group-6537B218274A-StateMachineUpdater] INFO  raftlog.RaftLog (RaftLogBase.java:purge(306)) - b5b91537-3281-48b1-9597-8f2f653ada85@group-6537B218274A-SegmentedRaftLog: purge 119
2021-05-22 19:12:33,425 [b5b91537-3281-48b1-9597-8f2f653ada85@group-6537B218274A-StateMachineUpdater] INFO  raftlog.RaftLog (RaftLogBase.java:lambda$new$0(53)) - b5b91537-3281-48b1-9597-8f2f653ada85@group-6537B218274A-SegmentedRaftLog: snapshotIndex: updateIncreasingly 114 -> 119
2021-05-22 19:12:33,425 [b5b91537-3281-48b1-9597-8f2f653ada85@group-6537B218274A-StateMachineUpdater] INFO  raftlog.RaftLog (RaftLogBase.java:lambda$new$0(53)) - b5b91537-3281-48b1-9597-8f2f653ada85@group-6537B218274A-SegmentedRaftLog: purgeIndex: updateToMax old=114, new=119, updated? true
2021-05-22 19:12:33,425 [Listener at 127.0.0.1/13280] INFO  ha.SCMHAInvocationHandler (SCMHAInvocationHandler.java:invokeRatis(113)) - Invoking method public abstract void org.apache.hadoop.hdds.scm.container.ContainerStateManagerV2.addContainer(org.apache.hadoop.hdds.protocol.proto.HddsProtos$ContainerInfoProto) throws java.io.IOException on target org.apache.hadoop.hdds.scm.ha.SCMRatisServerImpl@5cbb90de, cost 5225.526us
2021-05-22 19:12:33,532 [c528a642-8365-4981-9ca8-5a52c1b1524d@group-6537B218274A-StateMachineUpdater] INFO  ha.SCMStateMachine (SCMStateMachine.java:takeSnapshot(282)) - Current Snapshot Index 120, takeSnapshot took 0 ms
2021-05-22 19:12:33,532 [c528a642-8365-4981-9ca8-5a52c1b1524d@group-6537B218274A-StateMachineUpdater] INFO  impl.StateMachineUpdater (StateMachineUpdater.java:takeSnapshot(281)) - c528a642-8365-4981-9ca8-5a52c1b1524d@group-6537B218274A-StateMachineUpdater: Took a snapshot at index 120
2021-05-22 19:12:33,532 [c528a642-8365-4981-9ca8-5a52c1b1524d@group-6537B218274A-StateMachineUpdater] INFO  impl.StateMachineUpdater (StateMachineUpdater.java:lambda$new$0(89)) - c528a642-8365-4981-9ca8-5a52c1b1524d@group-6537B218274A-StateMachineUpdater: snapshotIndex: updateIncreasingly 115 -> 120
2021-05-22 19:12:33,533 [c528a642-8365-4981-9ca8-5a52c1b1524d@group-6537B218274A-StateMachineUpdater] INFO  raftlog.RaftLog (RaftLogBase.java:purge(306)) - c528a642-8365-4981-9ca8-5a52c1b1524d@group-6537B218274A-SegmentedRaftLog: purge 120
2021-05-22 19:12:33,533 [c528a642-8365-4981-9ca8-5a52c1b1524d@group-6537B218274A-StateMachineUpdater] INFO  raftlog.RaftLog (RaftLogBase.java:lambda$new$0(53)) - c528a642-8365-4981-9ca8-5a52c1b1524d@group-6537B218274A-SegmentedRaftLog: snapshotIndex: updateIncreasingly 115 -> 120
2021-05-22 19:12:33,533 [c528a642-8365-4981-9ca8-5a52c1b1524d@group-6537B218274A-StateMachineUpdater] INFO  raftlog.RaftLog (RaftLogBase.java:lambda$new$0(53)) - c528a642-8365-4981-9ca8-5a52c1b1524d@group-6537B218274A-SegmentedRaftLog: purgeIndex: updateToMax old=115, new=120, updated? true
2021-05-22 19:12:33,534 [Listener at 127.0.0.1/13280] INFO  ha.SCMHAInvocationHandler (SCMHAInvocationHandler.java:invokeRatis(113)) - Invoking method public abstract void org.apache.hadoop.hdds.scm.container.ContainerStateManagerV2.addContainer(org.apache.hadoop.hdds.protocol.proto.HddsProtos$ContainerInfoProto) throws java.io.IOException on target org.apache.hadoop.hdds.scm.ha.SCMRatisServerImpl@5cbb90de, cost 8332.941us
2021-05-22 19:12:33,639 [Listener at 127.0.0.1/13280] INFO  ha.SCMHAInvocationHandler (SCMHAInvocationHandler.java:invokeRatis(113)) - Invoking method public abstract void org.apache.hadoop.hdds.scm.container.ContainerStateManagerV2.addContainer(org.apache.hadoop.hdds.protocol.proto.HddsProtos$ContainerInfoProto) throws java.io.IOException on target org.apache.hadoop.hdds.scm.ha.SCMRatisServerImpl@5cbb90de, cost 4475.022us
2021-05-22 19:12:33,642 [b5b91537-3281-48b1-9597-8f2f653ada85@group-6537B218274A-StateMachineUpdater] INFO  ha.SCMStateMachine (SCMStateMachine.java:takeSnapshot(282)) - Current Snapshot Index 124, takeSnapshot took 0 ms
2021-05-22 19:12:33,642 [b5b91537-3281-48b1-9597-8f2f653ada85@group-6537B218274A-StateMachineUpdater] INFO  impl.StateMachineUpdater (StateMachineUpdater.java:takeSnapshot(281)) - b5b91537-3281-48b1-9597-8f2f653ada85@group-6537B218274A-StateMachineUpdater: Took a snapshot at index 124
2021-05-22 19:12:33,642 [b5b91537-3281-48b1-9597-8f2f653ada85@group-6537B218274A-StateMachineUpdater] INFO  impl.StateMachineUpdater (StateMachineUpdater.java:lambda$new$0(89)) - b5b91537-3281-48b1-9597-8f2f653ada85@group-6537B218274A-StateMachineUpdater: snapshotIndex: updateIncreasingly 119 -> 124
2021-05-22 19:12:33,642 [b5b91537-3281-48b1-9597-8f2f653ada85@group-6537B218274A-StateMachineUpdater] INFO  raftlog.RaftLog (RaftLogBase.java:purge(306)) - b5b91537-3281-48b1-9597-8f2f653ada85@group-6537B218274A-SegmentedRaftLog: purge 124
2021-05-22 19:12:33,642 [b5b91537-3281-48b1-9597-8f2f653ada85@group-6537B218274A-StateMachineUpdater] INFO  raftlog.RaftLog (RaftLogBase.java:lambda$new$0(53)) - b5b91537-3281-48b1-9597-8f2f653ada85@group-6537B218274A-SegmentedRaftLog: snapshotIndex: updateIncreasingly 119 -> 124
2021-05-22 19:12:33,642 [b5b91537-3281-48b1-9597-8f2f653ada85@group-6537B218274A-StateMachineUpdater] INFO  raftlog.RaftLog (RaftLogBase.java:lambda$new$0(53)) - b5b91537-3281-48b1-9597-8f2f653ada85@group-6537B218274A-SegmentedRaftLog: purgeIndex: updateToMax old=119, new=124, updated? true
2021-05-22 19:12:33,746 [Listener at 127.0.0.1/13280] INFO  ha.SCMHAInvocationHandler (SCMHAInvocationHandler.java:invokeRatis(113)) - Invoking method public abstract void org.apache.hadoop.hdds.scm.container.ContainerStateManagerV2.addContainer(org.apache.hadoop.hdds.protocol.proto.HddsProtos$ContainerInfoProto) throws java.io.IOException on target org.apache.hadoop.hdds.scm.ha.SCMRatisServerImpl@5cbb90de, cost 5450.326us
2021-05-22 19:12:33,748 [c528a642-8365-4981-9ca8-5a52c1b1524d@group-6537B218274A-StateMachineUpdater] INFO  ha.SCMStateMachine (SCMStateMachine.java:takeSnapshot(282)) - Current Snapshot Index 125, takeSnapshot took 0 ms
2021-05-22 19:12:33,748 [c528a642-8365-4981-9ca8-5a52c1b1524d@group-6537B218274A-StateMachineUpdater] INFO  impl.StateMachineUpdater (StateMachineUpdater.java:takeSnapshot(281)) - c528a642-8365-4981-9ca8-5a52c1b1524d@group-6537B218274A-StateMachineUpdater: Took a snapshot at index 125
2021-05-22 19:12:33,748 [c528a642-8365-4981-9ca8-5a52c1b1524d@group-6537B218274A-StateMachineUpdater] INFO  impl.StateMachineUpdater (StateMachineUpdater.java:lambda$new$0(89)) - c528a642-8365-4981-9ca8-5a52c1b1524d@group-6537B218274A-StateMachineUpdater: snapshotIndex: updateIncreasingly 120 -> 125
2021-05-22 19:12:33,748 [c528a642-8365-4981-9ca8-5a52c1b1524d@group-6537B218274A-StateMachineUpdater] INFO  raftlog.RaftLog (RaftLogBase.java:purge(306)) - c528a642-8365-4981-9ca8-5a52c1b1524d@group-6537B218274A-SegmentedRaftLog: purge 125
2021-05-22 19:12:33,748 [c528a642-8365-4981-9ca8-5a52c1b1524d@group-6537B218274A-StateMachineUpdater] INFO  raftlog.RaftLog (RaftLogBase.java:lambda$new$0(53)) - c528a642-8365-4981-9ca8-5a52c1b1524d@group-6537B218274A-SegmentedRaftLog: snapshotIndex: updateIncreasingly 120 -> 125
2021-05-22 19:12:33,748 [c528a642-8365-4981-9ca8-5a52c1b1524d@group-6537B218274A-StateMachineUpdater] INFO  raftlog.RaftLog (RaftLogBase.java:lambda$new$0(53)) - c528a642-8365-4981-9ca8-5a52c1b1524d@group-6537B218274A-SegmentedRaftLog: purgeIndex: updateToMax old=120, new=125, updated? true
2021-05-22 19:12:33,850 [Listener at 127.0.0.1/13280] INFO  ha.SCMHAInvocationHandler (SCMHAInvocationHandler.java:invokeRatis(113)) - Invoking method public abstract void org.apache.hadoop.hdds.scm.container.ContainerStateManagerV2.addContainer(org.apache.hadoop.hdds.protocol.proto.HddsProtos$ContainerInfoProto) throws java.io.IOException on target org.apache.hadoop.hdds.scm.ha.SCMRatisServerImpl@5cbb90de, cost 4134.22us
2021-05-22 19:12:33,956 [b5b91537-3281-48b1-9597-8f2f653ada85@group-6537B218274A-StateMachineUpdater] INFO  ha.SCMStateMachine (SCMStateMachine.java:takeSnapshot(282)) - Current Snapshot Index 129, takeSnapshot took 0 ms
2021-05-22 19:12:33,956 [b5b91537-3281-48b1-9597-8f2f653ada85@group-6537B218274A-StateMachineUpdater] INFO  impl.StateMachineUpdater (StateMachineUpdater.java:takeSnapshot(281)) - b5b91537-3281-48b1-9597-8f2f653ada85@group-6537B218274A-StateMachineUpdater: Took a snapshot at index 129
2021-05-22 19:12:33,956 [b5b91537-3281-48b1-9597-8f2f653ada85@group-6537B218274A-StateMachineUpdater] INFO  impl.StateMachineUpdater (StateMachineUpdater.java:lambda$new$0(89)) - b5b91537-3281-48b1-9597-8f2f653ada85@group-6537B218274A-StateMachineUpdater: snapshotIndex: updateIncreasingly 124 -> 129
2021-05-22 19:12:33,956 [b5b91537-3281-48b1-9597-8f2f653ada85@group-6537B218274A-StateMachineUpdater] INFO  raftlog.RaftLog (RaftLogBase.java:purge(306)) - b5b91537-3281-48b1-9597-8f2f653ada85@group-6537B218274A-SegmentedRaftLog: purge 129
2021-05-22 19:12:33,956 [b5b91537-3281-48b1-9597-8f2f653ada85@group-6537B218274A-StateMachineUpdater] INFO  raftlog.RaftLog (RaftLogBase.java:lambda$new$0(53)) - b5b91537-3281-48b1-9597-8f2f653ada85@group-6537B218274A-SegmentedRaftLog: snapshotIndex: updateIncreasingly 124 -> 129
2021-05-22 19:12:33,956 [b5b91537-3281-48b1-9597-8f2f653ada85@group-6537B218274A-StateMachineUpdater] INFO  raftlog.RaftLog (RaftLogBase.java:lambda$new$0(53)) - b5b91537-3281-48b1-9597-8f2f653ada85@group-6537B218274A-SegmentedRaftLog: purgeIndex: updateToMax old=124, new=129, updated? true
2021-05-22 19:12:33,956 [Listener at 127.0.0.1/13280] INFO  ha.SCMHAInvocationHandler (SCMHAInvocationHandler.java:invokeRatis(113)) - Invoking method public abstract void org.apache.hadoop.hdds.scm.container.ContainerStateManagerV2.addContainer(org.apache.hadoop.hdds.protocol.proto.HddsProtos$ContainerInfoProto) throws java.io.IOException on target org.apache.hadoop.hdds.scm.ha.SCMRatisServerImpl@5cbb90de, cost 5051.625us
2021-05-22 19:12:34,060 [c528a642-8365-4981-9ca8-5a52c1b1524d@group-6537B218274A-StateMachineUpdater] INFO  ha.SCMStateMachine (SCMStateMachine.java:takeSnapshot(282)) - Current Snapshot Index 130, takeSnapshot took 0 ms
2021-05-22 19:12:34,060 [c528a642-8365-4981-9ca8-5a52c1b1524d@group-6537B218274A-StateMachineUpdater] INFO  impl.StateMachineUpdater (StateMachineUpdater.java:takeSnapshot(281)) - c528a642-8365-4981-9ca8-5a52c1b1524d@group-6537B218274A-StateMachineUpdater: Took a snapshot at index 130
2021-05-22 19:12:34,060 [c528a642-8365-4981-9ca8-5a52c1b1524d@group-6537B218274A-StateMachineUpdater] INFO  impl.StateMachineUpdater (StateMachineUpdater.java:lambda$new$0(89)) - c528a642-8365-4981-9ca8-5a52c1b1524d@group-6537B218274A-StateMachineUpdater: snapshotIndex: updateIncreasingly 125 -> 130
2021-05-22 19:12:34,060 [c528a642-8365-4981-9ca8-5a52c1b1524d@group-6537B218274A-StateMachineUpdater] INFO  raftlog.RaftLog (RaftLogBase.java:purge(306)) - c528a642-8365-4981-9ca8-5a52c1b1524d@group-6537B218274A-SegmentedRaftLog: purge 130
2021-05-22 19:12:34,060 [c528a642-8365-4981-9ca8-5a52c1b1524d@group-6537B218274A-StateMachineUpdater] INFO  raftlog.RaftLog (RaftLogBase.java:lambda$new$0(53)) - c528a642-8365-4981-9ca8-5a52c1b1524d@group-6537B218274A-SegmentedRaftLog: snapshotIndex: updateIncreasingly 125 -> 130
2021-05-22 19:12:34,060 [c528a642-8365-4981-9ca8-5a52c1b1524d@group-6537B218274A-StateMachineUpdater] INFO  raftlog.RaftLog (RaftLogBase.java:lambda$new$0(53)) - c528a642-8365-4981-9ca8-5a52c1b1524d@group-6537B218274A-SegmentedRaftLog: purgeIndex: updateToMax old=125, new=130, updated? true
2021-05-22 19:12:34,062 [Listener at 127.0.0.1/13280] INFO  ha.SCMHAInvocationHandler (SCMHAInvocationHandler.java:invokeRatis(113)) - Invoking method public abstract void org.apache.hadoop.hdds.scm.container.ContainerStateManagerV2.addContainer(org.apache.hadoop.hdds.protocol.proto.HddsProtos$ContainerInfoProto) throws java.io.IOException on target org.apache.hadoop.hdds.scm.ha.SCMRatisServerImpl@5cbb90de, cost 5102.925us
2021-05-22 19:12:34,167 [Listener at 127.0.0.1/13280] INFO  ha.SCMHAInvocationHandler (SCMHAInvocationHandler.java:invokeRatis(113)) - Invoking method public abstract void org.apache.hadoop.hdds.scm.container.ContainerStateManagerV2.addContainer(org.apache.hadoop.hdds.protocol.proto.HddsProtos$ContainerInfoProto) throws java.io.IOException on target org.apache.hadoop.hdds.scm.ha.SCMRatisServerImpl@5cbb90de, cost 4846.024us
2021-05-22 19:12:34,176 [b5b91537-3281-48b1-9597-8f2f653ada85@group-6537B218274A-StateMachineUpdater] INFO  ha.SCMStateMachine (SCMStateMachine.java:takeSnapshot(282)) - Current Snapshot Index 134, takeSnapshot took 0 ms
2021-05-22 19:12:34,176 [b5b91537-3281-48b1-9597-8f2f653ada85@group-6537B218274A-StateMachineUpdater] INFO  impl.StateMachineUpdater (StateMachineUpdater.java:takeSnapshot(281)) - b5b91537-3281-48b1-9597-8f2f653ada85@group-6537B218274A-StateMachineUpdater: Took a snapshot at index 134
2021-05-22 19:12:34,176 [b5b91537-3281-48b1-9597-8f2f653ada85@group-6537B218274A-StateMachineUpdater] INFO  impl.StateMachineUpdater (StateMachineUpdater.java:lambda$new$0(89)) - b5b91537-3281-48b1-9597-8f2f653ada85@group-6537B218274A-StateMachineUpdater: snapshotIndex: updateIncreasingly 129 -> 134
2021-05-22 19:12:34,176 [b5b91537-3281-48b1-9597-8f2f653ada85@group-6537B218274A-StateMachineUpdater] INFO  raftlog.RaftLog (RaftLogBase.java:purge(306)) - b5b91537-3281-48b1-9597-8f2f653ada85@group-6537B218274A-SegmentedRaftLog: purge 134
2021-05-22 19:12:34,176 [b5b91537-3281-48b1-9597-8f2f653ada85@group-6537B218274A-StateMachineUpdater] INFO  raftlog.RaftLog (RaftLogBase.java:lambda$new$0(53)) - b5b91537-3281-48b1-9597-8f2f653ada85@group-6537B218274A-SegmentedRaftLog: snapshotIndex: updateIncreasingly 129 -> 134
2021-05-22 19:12:34,176 [b5b91537-3281-48b1-9597-8f2f653ada85@group-6537B218274A-StateMachineUpdater] INFO  raftlog.RaftLog (RaftLogBase.java:lambda$new$0(53)) - b5b91537-3281-48b1-9597-8f2f653ada85@group-6537B218274A-SegmentedRaftLog: purgeIndex: updateToMax old=129, new=134, updated? true
2021-05-22 19:12:34,273 [Listener at 127.0.0.1/13280] INFO  ha.SCMHAInvocationHandler (SCMHAInvocationHandler.java:invokeRatis(113)) - Invoking method public abstract void org.apache.hadoop.hdds.scm.container.ContainerStateManagerV2.addContainer(org.apache.hadoop.hdds.protocol.proto.HddsProtos$ContainerInfoProto) throws java.io.IOException on target org.apache.hadoop.hdds.scm.ha.SCMRatisServerImpl@5cbb90de, cost 5230.126us
2021-05-22 19:12:34,276 [c528a642-8365-4981-9ca8-5a52c1b1524d@group-6537B218274A-StateMachineUpdater] INFO  ha.SCMStateMachine (SCMStateMachine.java:takeSnapshot(282)) - Current Snapshot Index 135, takeSnapshot took 0 ms
2021-05-22 19:12:34,276 [c528a642-8365-4981-9ca8-5a52c1b1524d@group-6537B218274A-StateMachineUpdater] INFO  impl.StateMachineUpdater (StateMachineUpdater.java:takeSnapshot(281)) - c528a642-8365-4981-9ca8-5a52c1b1524d@group-6537B218274A-StateMachineUpdater: Took a snapshot at index 135
2021-05-22 19:12:34,276 [c528a642-8365-4981-9ca8-5a52c1b1524d@group-6537B218274A-StateMachineUpdater] INFO  impl.StateMachineUpdater (StateMachineUpdater.java:lambda$new$0(89)) - c528a642-8365-4981-9ca8-5a52c1b1524d@group-6537B218274A-StateMachineUpdater: snapshotIndex: updateIncreasingly 130 -> 135
2021-05-22 19:12:34,276 [c528a642-8365-4981-9ca8-5a52c1b1524d@group-6537B218274A-StateMachineUpdater] INFO  raftlog.RaftLog (RaftLogBase.java:purge(306)) - c528a642-8365-4981-9ca8-5a52c1b1524d@group-6537B218274A-SegmentedRaftLog: purge 135
2021-05-22 19:12:34,276 [c528a642-8365-4981-9ca8-5a52c1b1524d@group-6537B218274A-StateMachineUpdater] INFO  raftlog.RaftLog (RaftLogBase.java:lambda$new$0(53)) - c528a642-8365-4981-9ca8-5a52c1b1524d@group-6537B218274A-SegmentedRaftLog: snapshotIndex: updateIncreasingly 130 -> 135
2021-05-22 19:12:34,276 [c528a642-8365-4981-9ca8-5a52c1b1524d@group-6537B218274A-StateMachineUpdater] INFO  raftlog.RaftLog (RaftLogBase.java:lambda$new$0(53)) - c528a642-8365-4981-9ca8-5a52c1b1524d@group-6537B218274A-SegmentedRaftLog: purgeIndex: updateToMax old=130, new=135, updated? true
2021-05-22 19:12:34,314 [Datanode State Machine Thread - 0] ERROR datanode.RunningDatanodeState (RunningDatanodeState.java:computeNextContainerState(199)) - Error in executing end point task.
java.util.concurrent.ExecutionException: java.util.concurrent.TimeoutException
	at java.util.concurrent.FutureTask.report(FutureTask.java:122)
	at java.util.concurrent.FutureTask.get(FutureTask.java:192)
	at org.apache.hadoop.ozone.container.common.states.datanode.RunningDatanodeState.computeNextContainerState(RunningDatanodeState.java:191)
	at org.apache.hadoop.ozone.container.common.states.datanode.RunningDatanodeState.await(RunningDatanodeState.java:231)
	at org.apache.hadoop.ozone.container.common.states.datanode.RunningDatanodeState.await(RunningDatanodeState.java:50)
	at org.apache.hadoop.ozone.container.common.statemachine.StateContext.execute(StateContext.java:579)
	at org.apache.hadoop.ozone.container.common.statemachine.DatanodeStateMachine.start(DatanodeStateMachine.java:233)
	at org.apache.hadoop.ozone.container.common.statemachine.DatanodeStateMachine.lambda$startDaemon$0(DatanodeStateMachine.java:410)
	at java.lang.Thread.run(Thread.java:748)
Caused by: java.util.concurrent.TimeoutException
	at java.util.concurrent.FutureTask.get(FutureTask.java:205)
	at org.apache.hadoop.ozone.container.common.states.datanode.RunningDatanodeState.lambda$execute$0(RunningDatanodeState.java:149)
	at java.util.concurrent.FutureTask.run(FutureTask.java:266)
	at java.util.concurrent.Executors$RunnableAdapter.call(Executors.java:511)
	at java.util.concurrent.FutureTask.run(FutureTask.java:266)
	at java.util.concurrent.ThreadPoolExecutor.runWorker(ThreadPoolExecutor.java:1149)
	at java.util.concurrent.ThreadPoolExecutor$Worker.run(ThreadPoolExecutor.java:624)
	... 1 more
2021-05-22 19:12:34,379 [Listener at 127.0.0.1/13280] INFO  ha.SCMHAInvocationHandler (SCMHAInvocationHandler.java:invokeRatis(113)) - Invoking method public abstract void org.apache.hadoop.hdds.scm.container.ContainerStateManagerV2.addContainer(org.apache.hadoop.hdds.protocol.proto.HddsProtos$ContainerInfoProto) throws java.io.IOException on target org.apache.hadoop.hdds.scm.ha.SCMRatisServerImpl@5cbb90de, cost 4953.424us
2021-05-22 19:12:34,418 [Datanode State Machine Thread - 0] ERROR datanode.RunningDatanodeState (RunningDatanodeState.java:computeNextContainerState(199)) - Error in executing end point task.
java.util.concurrent.ExecutionException: java.util.concurrent.TimeoutException
	at java.util.concurrent.FutureTask.report(FutureTask.java:122)
	at java.util.concurrent.FutureTask.get(FutureTask.java:192)
	at org.apache.hadoop.ozone.container.common.states.datanode.RunningDatanodeState.computeNextContainerState(RunningDatanodeState.java:191)
	at org.apache.hadoop.ozone.container.common.states.datanode.RunningDatanodeState.await(RunningDatanodeState.java:231)
	at org.apache.hadoop.ozone.container.common.states.datanode.RunningDatanodeState.await(RunningDatanodeState.java:50)
	at org.apache.hadoop.ozone.container.common.statemachine.StateContext.execute(StateContext.java:579)
	at org.apache.hadoop.ozone.container.common.statemachine.DatanodeStateMachine.start(DatanodeStateMachine.java:233)
	at org.apache.hadoop.ozone.container.common.statemachine.DatanodeStateMachine.lambda$startDaemon$0(DatanodeStateMachine.java:410)
	at java.lang.Thread.run(Thread.java:748)
Caused by: java.util.concurrent.TimeoutException
	at java.util.concurrent.FutureTask.get(FutureTask.java:205)
	at org.apache.hadoop.ozone.container.common.states.datanode.RunningDatanodeState.lambda$execute$0(RunningDatanodeState.java:149)
	at java.util.concurrent.FutureTask.run(FutureTask.java:266)
	at java.util.concurrent.Executors$RunnableAdapter.call(Executors.java:511)
	at java.util.concurrent.FutureTask.run(FutureTask.java:266)
	at java.util.concurrent.ThreadPoolExecutor.runWorker(ThreadPoolExecutor.java:1149)
	at java.util.concurrent.ThreadPoolExecutor$Worker.run(ThreadPoolExecutor.java:624)
	... 1 more
2021-05-22 19:12:34,485 [b5b91537-3281-48b1-9597-8f2f653ada85@group-6537B218274A-StateMachineUpdater] INFO  ha.SCMStateMachine (SCMStateMachine.java:takeSnapshot(282)) - Current Snapshot Index 139, takeSnapshot took 0 ms
2021-05-22 19:12:34,485 [Listener at 127.0.0.1/13280] INFO  ha.SCMHAInvocationHandler (SCMHAInvocationHandler.java:invokeRatis(113)) - Invoking method public abstract void org.apache.hadoop.hdds.scm.container.ContainerStateManagerV2.addContainer(org.apache.hadoop.hdds.protocol.proto.HddsProtos$ContainerInfoProto) throws java.io.IOException on target org.apache.hadoop.hdds.scm.ha.SCMRatisServerImpl@5cbb90de, cost 4798.924us
2021-05-22 19:12:34,485 [b5b91537-3281-48b1-9597-8f2f653ada85@group-6537B218274A-StateMachineUpdater] INFO  impl.StateMachineUpdater (StateMachineUpdater.java:takeSnapshot(281)) - b5b91537-3281-48b1-9597-8f2f653ada85@group-6537B218274A-StateMachineUpdater: Took a snapshot at index 139
2021-05-22 19:12:34,485 [b5b91537-3281-48b1-9597-8f2f653ada85@group-6537B218274A-StateMachineUpdater] INFO  impl.StateMachineUpdater (StateMachineUpdater.java:lambda$new$0(89)) - b5b91537-3281-48b1-9597-8f2f653ada85@group-6537B218274A-StateMachineUpdater: snapshotIndex: updateIncreasingly 134 -> 139
2021-05-22 19:12:34,485 [b5b91537-3281-48b1-9597-8f2f653ada85@group-6537B218274A-StateMachineUpdater] INFO  raftlog.RaftLog (RaftLogBase.java:purge(306)) - b5b91537-3281-48b1-9597-8f2f653ada85@group-6537B218274A-SegmentedRaftLog: purge 139
2021-05-22 19:12:34,485 [b5b91537-3281-48b1-9597-8f2f653ada85@group-6537B218274A-StateMachineUpdater] INFO  raftlog.RaftLog (RaftLogBase.java:lambda$new$0(53)) - b5b91537-3281-48b1-9597-8f2f653ada85@group-6537B218274A-SegmentedRaftLog: snapshotIndex: updateIncreasingly 134 -> 139
2021-05-22 19:12:34,485 [b5b91537-3281-48b1-9597-8f2f653ada85@group-6537B218274A-StateMachineUpdater] INFO  raftlog.RaftLog (RaftLogBase.java:lambda$new$0(53)) - b5b91537-3281-48b1-9597-8f2f653ada85@group-6537B218274A-SegmentedRaftLog: purgeIndex: updateToMax old=134, new=139, updated? true
2021-05-22 19:12:34,588 [c528a642-8365-4981-9ca8-5a52c1b1524d@group-6537B218274A-StateMachineUpdater] INFO  ha.SCMStateMachine (SCMStateMachine.java:takeSnapshot(282)) - Current Snapshot Index 140, takeSnapshot took 0 ms
2021-05-22 19:12:34,589 [c528a642-8365-4981-9ca8-5a52c1b1524d@group-6537B218274A-StateMachineUpdater] INFO  impl.StateMachineUpdater (StateMachineUpdater.java:takeSnapshot(281)) - c528a642-8365-4981-9ca8-5a52c1b1524d@group-6537B218274A-StateMachineUpdater: Took a snapshot at index 140
2021-05-22 19:12:34,589 [c528a642-8365-4981-9ca8-5a52c1b1524d@group-6537B218274A-StateMachineUpdater] INFO  impl.StateMachineUpdater (StateMachineUpdater.java:lambda$new$0(89)) - c528a642-8365-4981-9ca8-5a52c1b1524d@group-6537B218274A-StateMachineUpdater: snapshotIndex: updateIncreasingly 135 -> 140
2021-05-22 19:12:34,589 [c528a642-8365-4981-9ca8-5a52c1b1524d@group-6537B218274A-StateMachineUpdater] INFO  raftlog.RaftLog (RaftLogBase.java:purge(306)) - c528a642-8365-4981-9ca8-5a52c1b1524d@group-6537B218274A-SegmentedRaftLog: purge 140
2021-05-22 19:12:34,589 [c528a642-8365-4981-9ca8-5a52c1b1524d@group-6537B218274A-StateMachineUpdater] INFO  raftlog.RaftLog (RaftLogBase.java:lambda$new$0(53)) - c528a642-8365-4981-9ca8-5a52c1b1524d@group-6537B218274A-SegmentedRaftLog: snapshotIndex: updateIncreasingly 135 -> 140
2021-05-22 19:12:34,589 [c528a642-8365-4981-9ca8-5a52c1b1524d@group-6537B218274A-StateMachineUpdater] INFO  raftlog.RaftLog (RaftLogBase.java:lambda$new$0(53)) - c528a642-8365-4981-9ca8-5a52c1b1524d@group-6537B218274A-SegmentedRaftLog: purgeIndex: updateToMax old=135, new=140, updated? true
2021-05-22 19:12:34,591 [Listener at 127.0.0.1/13280] INFO  ha.SCMHAInvocationHandler (SCMHAInvocationHandler.java:invokeRatis(113)) - Invoking method public abstract void org.apache.hadoop.hdds.scm.container.ContainerStateManagerV2.addContainer(org.apache.hadoop.hdds.protocol.proto.HddsProtos$ContainerInfoProto) throws java.io.IOException on target org.apache.hadoop.hdds.scm.ha.SCMRatisServerImpl@5cbb90de, cost 5196.026us
2021-05-22 19:12:34,677 [Datanode State Machine Thread - 0] ERROR datanode.RunningDatanodeState (RunningDatanodeState.java:computeNextContainerState(199)) - Error in executing end point task.
java.util.concurrent.ExecutionException: java.util.concurrent.TimeoutException
	at java.util.concurrent.FutureTask.report(FutureTask.java:122)
	at java.util.concurrent.FutureTask.get(FutureTask.java:192)
	at org.apache.hadoop.ozone.container.common.states.datanode.RunningDatanodeState.computeNextContainerState(RunningDatanodeState.java:191)
	at org.apache.hadoop.ozone.container.common.states.datanode.RunningDatanodeState.await(RunningDatanodeState.java:231)
	at org.apache.hadoop.ozone.container.common.states.datanode.RunningDatanodeState.await(RunningDatanodeState.java:50)
	at org.apache.hadoop.ozone.container.common.statemachine.StateContext.execute(StateContext.java:579)
	at org.apache.hadoop.ozone.container.common.statemachine.DatanodeStateMachine.start(DatanodeStateMachine.java:233)
	at org.apache.hadoop.ozone.container.common.statemachine.DatanodeStateMachine.lambda$startDaemon$0(DatanodeStateMachine.java:410)
	at java.lang.Thread.run(Thread.java:748)
Caused by: java.util.concurrent.TimeoutException
	at java.util.concurrent.FutureTask.get(FutureTask.java:205)
	at org.apache.hadoop.ozone.container.common.states.datanode.RunningDatanodeState.lambda$execute$0(RunningDatanodeState.java:149)
	at java.util.concurrent.FutureTask.run(FutureTask.java:266)
	at java.util.concurrent.Executors$RunnableAdapter.call(Executors.java:511)
	at java.util.concurrent.FutureTask.run(FutureTask.java:266)
	at java.util.concurrent.ThreadPoolExecutor.runWorker(ThreadPoolExecutor.java:1149)
	at java.util.concurrent.ThreadPoolExecutor$Worker.run(ThreadPoolExecutor.java:624)
	... 1 more
2021-05-22 19:12:34,696 [Listener at 127.0.0.1/13280] INFO  ha.SCMHAInvocationHandler (SCMHAInvocationHandler.java:invokeRatis(113)) - Invoking method public abstract void org.apache.hadoop.hdds.scm.container.ContainerStateManagerV2.addContainer(org.apache.hadoop.hdds.protocol.proto.HddsProtos$ContainerInfoProto) throws java.io.IOException on target org.apache.hadoop.hdds.scm.ha.SCMRatisServerImpl@5cbb90de, cost 4382.922us
2021-05-22 19:12:34,698 [b5b91537-3281-48b1-9597-8f2f653ada85@group-6537B218274A-StateMachineUpdater] INFO  ha.SCMStateMachine (SCMStateMachine.java:takeSnapshot(282)) - Current Snapshot Index 144, takeSnapshot took 0 ms
2021-05-22 19:12:34,698 [b5b91537-3281-48b1-9597-8f2f653ada85@group-6537B218274A-StateMachineUpdater] INFO  impl.StateMachineUpdater (StateMachineUpdater.java:takeSnapshot(281)) - b5b91537-3281-48b1-9597-8f2f653ada85@group-6537B218274A-StateMachineUpdater: Took a snapshot at index 144
2021-05-22 19:12:34,698 [b5b91537-3281-48b1-9597-8f2f653ada85@group-6537B218274A-StateMachineUpdater] INFO  impl.StateMachineUpdater (StateMachineUpdater.java:lambda$new$0(89)) - b5b91537-3281-48b1-9597-8f2f653ada85@group-6537B218274A-StateMachineUpdater: snapshotIndex: updateIncreasingly 139 -> 144
2021-05-22 19:12:34,698 [b5b91537-3281-48b1-9597-8f2f653ada85@group-6537B218274A-StateMachineUpdater] INFO  raftlog.RaftLog (RaftLogBase.java:purge(306)) - b5b91537-3281-48b1-9597-8f2f653ada85@group-6537B218274A-SegmentedRaftLog: purge 144
2021-05-22 19:12:34,698 [b5b91537-3281-48b1-9597-8f2f653ada85@group-6537B218274A-StateMachineUpdater] INFO  raftlog.RaftLog (RaftLogBase.java:lambda$new$0(53)) - b5b91537-3281-48b1-9597-8f2f653ada85@group-6537B218274A-SegmentedRaftLog: snapshotIndex: updateIncreasingly 139 -> 144
2021-05-22 19:12:34,698 [b5b91537-3281-48b1-9597-8f2f653ada85@group-6537B218274A-StateMachineUpdater] INFO  raftlog.RaftLog (RaftLogBase.java:lambda$new$0(53)) - b5b91537-3281-48b1-9597-8f2f653ada85@group-6537B218274A-SegmentedRaftLog: purgeIndex: updateToMax old=139, new=144, updated? true
2021-05-22 19:12:34,801 [Listener at 127.0.0.1/13280] INFO  ha.SCMHAInvocationHandler (SCMHAInvocationHandler.java:invokeRatis(113)) - Invoking method public abstract void org.apache.hadoop.hdds.scm.container.ContainerStateManagerV2.addContainer(org.apache.hadoop.hdds.protocol.proto.HddsProtos$ContainerInfoProto) throws java.io.IOException on target org.apache.hadoop.hdds.scm.ha.SCMRatisServerImpl@5cbb90de, cost 4760.823us
2021-05-22 19:12:34,803 [c528a642-8365-4981-9ca8-5a52c1b1524d@group-6537B218274A-StateMachineUpdater] INFO  ha.SCMStateMachine (SCMStateMachine.java:takeSnapshot(282)) - Current Snapshot Index 145, takeSnapshot took 0 ms
2021-05-22 19:12:34,803 [c528a642-8365-4981-9ca8-5a52c1b1524d@group-6537B218274A-StateMachineUpdater] INFO  impl.StateMachineUpdater (StateMachineUpdater.java:takeSnapshot(281)) - c528a642-8365-4981-9ca8-5a52c1b1524d@group-6537B218274A-StateMachineUpdater: Took a snapshot at index 145
2021-05-22 19:12:34,803 [c528a642-8365-4981-9ca8-5a52c1b1524d@group-6537B218274A-StateMachineUpdater] INFO  impl.StateMachineUpdater (StateMachineUpdater.java:lambda$new$0(89)) - c528a642-8365-4981-9ca8-5a52c1b1524d@group-6537B218274A-StateMachineUpdater: snapshotIndex: updateIncreasingly 140 -> 145
2021-05-22 19:12:34,803 [c528a642-8365-4981-9ca8-5a52c1b1524d@group-6537B218274A-StateMachineUpdater] INFO  raftlog.RaftLog (RaftLogBase.java:purge(306)) - c528a642-8365-4981-9ca8-5a52c1b1524d@group-6537B218274A-SegmentedRaftLog: purge 145
2021-05-22 19:12:34,803 [c528a642-8365-4981-9ca8-5a52c1b1524d@group-6537B218274A-StateMachineUpdater] INFO  raftlog.RaftLog (RaftLogBase.java:lambda$new$0(53)) - c528a642-8365-4981-9ca8-5a52c1b1524d@group-6537B218274A-SegmentedRaftLog: snapshotIndex: updateIncreasingly 140 -> 145
2021-05-22 19:12:34,803 [c528a642-8365-4981-9ca8-5a52c1b1524d@group-6537B218274A-StateMachineUpdater] INFO  raftlog.RaftLog (RaftLogBase.java:lambda$new$0(53)) - c528a642-8365-4981-9ca8-5a52c1b1524d@group-6537B218274A-SegmentedRaftLog: purgeIndex: updateToMax old=140, new=145, updated? true
2021-05-22 19:12:34,906 [Listener at 127.0.0.1/13280] INFO  ha.SCMHAInvocationHandler (SCMHAInvocationHandler.java:invokeRatis(113)) - Invoking method public abstract void org.apache.hadoop.hdds.scm.container.ContainerStateManagerV2.addContainer(org.apache.hadoop.hdds.protocol.proto.HddsProtos$ContainerInfoProto) throws java.io.IOException on target org.apache.hadoop.hdds.scm.ha.SCMRatisServerImpl@5cbb90de, cost 4488.422us
2021-05-22 19:12:35,019 [b5b91537-3281-48b1-9597-8f2f653ada85@group-6537B218274A-StateMachineUpdater] INFO  ha.SCMStateMachine (SCMStateMachine.java:takeSnapshot(282)) - Current Snapshot Index 149, takeSnapshot took 0 ms
2021-05-22 19:12:35,020 [b5b91537-3281-48b1-9597-8f2f653ada85@group-6537B218274A-StateMachineUpdater] INFO  impl.StateMachineUpdater (StateMachineUpdater.java:takeSnapshot(281)) - b5b91537-3281-48b1-9597-8f2f653ada85@group-6537B218274A-StateMachineUpdater: Took a snapshot at index 149
2021-05-22 19:12:35,020 [b5b91537-3281-48b1-9597-8f2f653ada85@group-6537B218274A-StateMachineUpdater] INFO  impl.StateMachineUpdater (StateMachineUpdater.java:lambda$new$0(89)) - b5b91537-3281-48b1-9597-8f2f653ada85@group-6537B218274A-StateMachineUpdater: snapshotIndex: updateIncreasingly 144 -> 149
2021-05-22 19:12:35,020 [b5b91537-3281-48b1-9597-8f2f653ada85@group-6537B218274A-StateMachineUpdater] INFO  raftlog.RaftLog (RaftLogBase.java:purge(306)) - b5b91537-3281-48b1-9597-8f2f653ada85@group-6537B218274A-SegmentedRaftLog: purge 149
2021-05-22 19:12:35,020 [b5b91537-3281-48b1-9597-8f2f653ada85@group-6537B218274A-StateMachineUpdater] INFO  raftlog.RaftLog (RaftLogBase.java:lambda$new$0(53)) - b5b91537-3281-48b1-9597-8f2f653ada85@group-6537B218274A-SegmentedRaftLog: snapshotIndex: updateIncreasingly 144 -> 149
2021-05-22 19:12:35,020 [b5b91537-3281-48b1-9597-8f2f653ada85@group-6537B218274A-StateMachineUpdater] INFO  raftlog.RaftLog (RaftLogBase.java:lambda$new$0(53)) - b5b91537-3281-48b1-9597-8f2f653ada85@group-6537B218274A-SegmentedRaftLog: purgeIndex: updateToMax old=144, new=149, updated? true
2021-05-22 19:12:35,020 [Listener at 127.0.0.1/13280] INFO  ha.SCMHAInvocationHandler (SCMHAInvocationHandler.java:invokeRatis(113)) - Invoking method public abstract void org.apache.hadoop.hdds.scm.container.ContainerStateManagerV2.addContainer(org.apache.hadoop.hdds.protocol.proto.HddsProtos$ContainerInfoProto) throws java.io.IOException on target org.apache.hadoop.hdds.scm.ha.SCMRatisServerImpl@5cbb90de, cost 13091.465us
2021-05-22 19:12:35,124 [c528a642-8365-4981-9ca8-5a52c1b1524d@group-6537B218274A-StateMachineUpdater] INFO  ha.SCMStateMachine (SCMStateMachine.java:takeSnapshot(282)) - Current Snapshot Index 150, takeSnapshot took 0 ms
2021-05-22 19:12:35,124 [c528a642-8365-4981-9ca8-5a52c1b1524d@group-6537B218274A-StateMachineUpdater] INFO  impl.StateMachineUpdater (StateMachineUpdater.java:takeSnapshot(281)) - c528a642-8365-4981-9ca8-5a52c1b1524d@group-6537B218274A-StateMachineUpdater: Took a snapshot at index 150
2021-05-22 19:12:35,124 [c528a642-8365-4981-9ca8-5a52c1b1524d@group-6537B218274A-StateMachineUpdater] INFO  impl.StateMachineUpdater (StateMachineUpdater.java:lambda$new$0(89)) - c528a642-8365-4981-9ca8-5a52c1b1524d@group-6537B218274A-StateMachineUpdater: snapshotIndex: updateIncreasingly 145 -> 150
2021-05-22 19:12:35,124 [c528a642-8365-4981-9ca8-5a52c1b1524d@group-6537B218274A-StateMachineUpdater] INFO  raftlog.RaftLog (RaftLogBase.java:purge(306)) - c528a642-8365-4981-9ca8-5a52c1b1524d@group-6537B218274A-SegmentedRaftLog: purge 150
2021-05-22 19:12:35,124 [c528a642-8365-4981-9ca8-5a52c1b1524d@group-6537B218274A-StateMachineUpdater] INFO  raftlog.RaftLog (RaftLogBase.java:lambda$new$0(53)) - c528a642-8365-4981-9ca8-5a52c1b1524d@group-6537B218274A-SegmentedRaftLog: snapshotIndex: updateIncreasingly 145 -> 150
2021-05-22 19:12:35,125 [c528a642-8365-4981-9ca8-5a52c1b1524d@group-6537B218274A-StateMachineUpdater] INFO  raftlog.RaftLog (RaftLogBase.java:lambda$new$0(53)) - c528a642-8365-4981-9ca8-5a52c1b1524d@group-6537B218274A-SegmentedRaftLog: purgeIndex: updateToMax old=145, new=150, updated? true
2021-05-22 19:12:35,127 [Listener at 127.0.0.1/13280] INFO  ha.SCMHAInvocationHandler (SCMHAInvocationHandler.java:invokeRatis(113)) - Invoking method public abstract void org.apache.hadoop.hdds.scm.container.ContainerStateManagerV2.addContainer(org.apache.hadoop.hdds.protocol.proto.HddsProtos$ContainerInfoProto) throws java.io.IOException on target org.apache.hadoop.hdds.scm.ha.SCMRatisServerImpl@5cbb90de, cost 6204.73us
2021-05-22 19:12:35,234 [Listener at 127.0.0.1/13280] INFO  ha.SCMHAInvocationHandler (SCMHAInvocationHandler.java:invokeRatis(113)) - Invoking method public abstract void org.apache.hadoop.hdds.scm.container.ContainerStateManagerV2.addContainer(org.apache.hadoop.hdds.protocol.proto.HddsProtos$ContainerInfoProto) throws java.io.IOException on target org.apache.hadoop.hdds.scm.ha.SCMRatisServerImpl@5cbb90de, cost 6326.131us
2021-05-22 19:12:35,237 [b5b91537-3281-48b1-9597-8f2f653ada85@group-6537B218274A-StateMachineUpdater] INFO  ha.SCMStateMachine (SCMStateMachine.java:takeSnapshot(282)) - Current Snapshot Index 154, takeSnapshot took 0 ms
2021-05-22 19:12:35,237 [b5b91537-3281-48b1-9597-8f2f653ada85@group-6537B218274A-StateMachineUpdater] INFO  impl.StateMachineUpdater (StateMachineUpdater.java:takeSnapshot(281)) - b5b91537-3281-48b1-9597-8f2f653ada85@group-6537B218274A-StateMachineUpdater: Took a snapshot at index 154
2021-05-22 19:12:35,237 [b5b91537-3281-48b1-9597-8f2f653ada85@group-6537B218274A-StateMachineUpdater] INFO  impl.StateMachineUpdater (StateMachineUpdater.java:lambda$new$0(89)) - b5b91537-3281-48b1-9597-8f2f653ada85@group-6537B218274A-StateMachineUpdater: snapshotIndex: updateIncreasingly 149 -> 154
2021-05-22 19:12:35,237 [b5b91537-3281-48b1-9597-8f2f653ada85@group-6537B218274A-StateMachineUpdater] INFO  raftlog.RaftLog (RaftLogBase.java:purge(306)) - b5b91537-3281-48b1-9597-8f2f653ada85@group-6537B218274A-SegmentedRaftLog: purge 154
2021-05-22 19:12:35,237 [b5b91537-3281-48b1-9597-8f2f653ada85@group-6537B218274A-StateMachineUpdater] INFO  raftlog.RaftLog (RaftLogBase.java:lambda$new$0(53)) - b5b91537-3281-48b1-9597-8f2f653ada85@group-6537B218274A-SegmentedRaftLog: snapshotIndex: updateIncreasingly 149 -> 154
2021-05-22 19:12:35,237 [b5b91537-3281-48b1-9597-8f2f653ada85@group-6537B218274A-StateMachineUpdater] INFO  raftlog.RaftLog (RaftLogBase.java:lambda$new$0(53)) - b5b91537-3281-48b1-9597-8f2f653ada85@group-6537B218274A-SegmentedRaftLog: purgeIndex: updateToMax old=149, new=154, updated? true
2021-05-22 19:12:35,339 [Listener at 127.0.0.1/13280] INFO  ha.SCMHAInvocationHandler (SCMHAInvocationHandler.java:invokeRatis(113)) - Invoking method public abstract void org.apache.hadoop.hdds.scm.container.ContainerStateManagerV2.addContainer(org.apache.hadoop.hdds.protocol.proto.HddsProtos$ContainerInfoProto) throws java.io.IOException on target org.apache.hadoop.hdds.scm.ha.SCMRatisServerImpl@5cbb90de, cost 4537.122us
2021-05-22 19:12:35,342 [c528a642-8365-4981-9ca8-5a52c1b1524d@group-6537B218274A-StateMachineUpdater] INFO  ha.SCMStateMachine (SCMStateMachine.java:takeSnapshot(282)) - Current Snapshot Index 155, takeSnapshot took 0 ms
2021-05-22 19:12:35,342 [c528a642-8365-4981-9ca8-5a52c1b1524d@group-6537B218274A-StateMachineUpdater] INFO  impl.StateMachineUpdater (StateMachineUpdater.java:takeSnapshot(281)) - c528a642-8365-4981-9ca8-5a52c1b1524d@group-6537B218274A-StateMachineUpdater: Took a snapshot at index 155
2021-05-22 19:12:35,342 [c528a642-8365-4981-9ca8-5a52c1b1524d@group-6537B218274A-StateMachineUpdater] INFO  impl.StateMachineUpdater (StateMachineUpdater.java:lambda$new$0(89)) - c528a642-8365-4981-9ca8-5a52c1b1524d@group-6537B218274A-StateMachineUpdater: snapshotIndex: updateIncreasingly 150 -> 155
2021-05-22 19:12:35,342 [c528a642-8365-4981-9ca8-5a52c1b1524d@group-6537B218274A-StateMachineUpdater] INFO  raftlog.RaftLog (RaftLogBase.java:purge(306)) - c528a642-8365-4981-9ca8-5a52c1b1524d@group-6537B218274A-SegmentedRaftLog: purge 155
2021-05-22 19:12:35,342 [c528a642-8365-4981-9ca8-5a52c1b1524d@group-6537B218274A-StateMachineUpdater] INFO  raftlog.RaftLog (RaftLogBase.java:lambda$new$0(53)) - c528a642-8365-4981-9ca8-5a52c1b1524d@group-6537B218274A-SegmentedRaftLog: snapshotIndex: updateIncreasingly 150 -> 155
2021-05-22 19:12:35,342 [c528a642-8365-4981-9ca8-5a52c1b1524d@group-6537B218274A-StateMachineUpdater] INFO  raftlog.RaftLog (RaftLogBase.java:lambda$new$0(53)) - c528a642-8365-4981-9ca8-5a52c1b1524d@group-6537B218274A-SegmentedRaftLog: purgeIndex: updateToMax old=150, new=155, updated? true
2021-05-22 19:12:35,444 [Listener at 127.0.0.1/13280] INFO  ha.SCMHAInvocationHandler (SCMHAInvocationHandler.java:invokeRatis(113)) - Invoking method public abstract void org.apache.hadoop.hdds.scm.container.ContainerStateManagerV2.addContainer(org.apache.hadoop.hdds.protocol.proto.HddsProtos$ContainerInfoProto) throws java.io.IOException on target org.apache.hadoop.hdds.scm.ha.SCMRatisServerImpl@5cbb90de, cost 4262.021us
2021-05-22 19:12:35,549 [b5b91537-3281-48b1-9597-8f2f653ada85@group-6537B218274A-StateMachineUpdater] INFO  ha.SCMStateMachine (SCMStateMachine.java:takeSnapshot(282)) - Current Snapshot Index 159, takeSnapshot took 0 ms
2021-05-22 19:12:35,549 [b5b91537-3281-48b1-9597-8f2f653ada85@group-6537B218274A-StateMachineUpdater] INFO  impl.StateMachineUpdater (StateMachineUpdater.java:takeSnapshot(281)) - b5b91537-3281-48b1-9597-8f2f653ada85@group-6537B218274A-StateMachineUpdater: Took a snapshot at index 159
2021-05-22 19:12:35,549 [b5b91537-3281-48b1-9597-8f2f653ada85@group-6537B218274A-StateMachineUpdater] INFO  impl.StateMachineUpdater (StateMachineUpdater.java:lambda$new$0(89)) - b5b91537-3281-48b1-9597-8f2f653ada85@group-6537B218274A-StateMachineUpdater: snapshotIndex: updateIncreasingly 154 -> 159
2021-05-22 19:12:35,549 [b5b91537-3281-48b1-9597-8f2f653ada85@group-6537B218274A-StateMachineUpdater] INFO  raftlog.RaftLog (RaftLogBase.java:purge(306)) - b5b91537-3281-48b1-9597-8f2f653ada85@group-6537B218274A-SegmentedRaftLog: purge 159
2021-05-22 19:12:35,549 [b5b91537-3281-48b1-9597-8f2f653ada85@group-6537B218274A-StateMachineUpdater] INFO  raftlog.RaftLog (RaftLogBase.java:lambda$new$0(53)) - b5b91537-3281-48b1-9597-8f2f653ada85@group-6537B218274A-SegmentedRaftLog: snapshotIndex: updateIncreasingly 154 -> 159
2021-05-22 19:12:35,549 [b5b91537-3281-48b1-9597-8f2f653ada85@group-6537B218274A-StateMachineUpdater] INFO  raftlog.RaftLog (RaftLogBase.java:lambda$new$0(53)) - b5b91537-3281-48b1-9597-8f2f653ada85@group-6537B218274A-SegmentedRaftLog: purgeIndex: updateToMax old=154, new=159, updated? true
2021-05-22 19:12:35,550 [Listener at 127.0.0.1/13280] INFO  ha.SCMHAInvocationHandler (SCMHAInvocationHandler.java:invokeRatis(113)) - Invoking method public abstract void org.apache.hadoop.hdds.scm.container.ContainerStateManagerV2.addContainer(org.apache.hadoop.hdds.protocol.proto.HddsProtos$ContainerInfoProto) throws java.io.IOException on target org.apache.hadoop.hdds.scm.ha.SCMRatisServerImpl@5cbb90de, cost 4942.924us
2021-05-22 19:12:35,654 [c528a642-8365-4981-9ca8-5a52c1b1524d@group-6537B218274A-StateMachineUpdater] INFO  ha.SCMStateMachine (SCMStateMachine.java:takeSnapshot(282)) - Current Snapshot Index 160, takeSnapshot took 0 ms
2021-05-22 19:12:35,654 [c528a642-8365-4981-9ca8-5a52c1b1524d@group-6537B218274A-StateMachineUpdater] INFO  impl.StateMachineUpdater (StateMachineUpdater.java:takeSnapshot(281)) - c528a642-8365-4981-9ca8-5a52c1b1524d@group-6537B218274A-StateMachineUpdater: Took a snapshot at index 160
2021-05-22 19:12:35,654 [c528a642-8365-4981-9ca8-5a52c1b1524d@group-6537B218274A-StateMachineUpdater] INFO  impl.StateMachineUpdater (StateMachineUpdater.java:lambda$new$0(89)) - c528a642-8365-4981-9ca8-5a52c1b1524d@group-6537B218274A-StateMachineUpdater: snapshotIndex: updateIncreasingly 155 -> 160
2021-05-22 19:12:35,655 [c528a642-8365-4981-9ca8-5a52c1b1524d@group-6537B218274A-StateMachineUpdater] INFO  raftlog.RaftLog (RaftLogBase.java:purge(306)) - c528a642-8365-4981-9ca8-5a52c1b1524d@group-6537B218274A-SegmentedRaftLog: purge 160
2021-05-22 19:12:35,655 [c528a642-8365-4981-9ca8-5a52c1b1524d@group-6537B218274A-StateMachineUpdater] INFO  raftlog.RaftLog (RaftLogBase.java:lambda$new$0(53)) - c528a642-8365-4981-9ca8-5a52c1b1524d@group-6537B218274A-SegmentedRaftLog: snapshotIndex: updateIncreasingly 155 -> 160
2021-05-22 19:12:35,655 [c528a642-8365-4981-9ca8-5a52c1b1524d@group-6537B218274A-StateMachineUpdater] INFO  raftlog.RaftLog (RaftLogBase.java:lambda$new$0(53)) - c528a642-8365-4981-9ca8-5a52c1b1524d@group-6537B218274A-SegmentedRaftLog: purgeIndex: updateToMax old=155, new=160, updated? true
2021-05-22 19:12:35,655 [Listener at 127.0.0.1/13280] INFO  ha.SCMHAInvocationHandler (SCMHAInvocationHandler.java:invokeRatis(113)) - Invoking method public abstract void org.apache.hadoop.hdds.scm.container.ContainerStateManagerV2.addContainer(org.apache.hadoop.hdds.protocol.proto.HddsProtos$ContainerInfoProto) throws java.io.IOException on target org.apache.hadoop.hdds.scm.ha.SCMRatisServerImpl@5cbb90de, cost 5029.325us
2021-05-22 19:12:35,761 [Listener at 127.0.0.1/13280] INFO  ha.SCMHAInvocationHandler (SCMHAInvocationHandler.java:invokeRatis(113)) - Invoking method public abstract void org.apache.hadoop.hdds.scm.container.ContainerStateManagerV2.addContainer(org.apache.hadoop.hdds.protocol.proto.HddsProtos$ContainerInfoProto) throws java.io.IOException on target org.apache.hadoop.hdds.scm.ha.SCMRatisServerImpl@5cbb90de, cost 4823.824us
2021-05-22 19:12:35,764 [b5b91537-3281-48b1-9597-8f2f653ada85@group-6537B218274A-StateMachineUpdater] INFO  ha.SCMStateMachine (SCMStateMachine.java:takeSnapshot(282)) - Current Snapshot Index 164, takeSnapshot took 0 ms
2021-05-22 19:12:35,764 [b5b91537-3281-48b1-9597-8f2f653ada85@group-6537B218274A-StateMachineUpdater] INFO  impl.StateMachineUpdater (StateMachineUpdater.java:takeSnapshot(281)) - b5b91537-3281-48b1-9597-8f2f653ada85@group-6537B218274A-StateMachineUpdater: Took a snapshot at index 164
2021-05-22 19:12:35,764 [b5b91537-3281-48b1-9597-8f2f653ada85@group-6537B218274A-StateMachineUpdater] INFO  impl.StateMachineUpdater (StateMachineUpdater.java:lambda$new$0(89)) - b5b91537-3281-48b1-9597-8f2f653ada85@group-6537B218274A-StateMachineUpdater: snapshotIndex: updateIncreasingly 159 -> 164
2021-05-22 19:12:35,764 [b5b91537-3281-48b1-9597-8f2f653ada85@group-6537B218274A-StateMachineUpdater] INFO  raftlog.RaftLog (RaftLogBase.java:purge(306)) - b5b91537-3281-48b1-9597-8f2f653ada85@group-6537B218274A-SegmentedRaftLog: purge 164
2021-05-22 19:12:35,764 [b5b91537-3281-48b1-9597-8f2f653ada85@group-6537B218274A-StateMachineUpdater] INFO  raftlog.RaftLog (RaftLogBase.java:lambda$new$0(53)) - b5b91537-3281-48b1-9597-8f2f653ada85@group-6537B218274A-SegmentedRaftLog: snapshotIndex: updateIncreasingly 159 -> 164
2021-05-22 19:12:35,764 [b5b91537-3281-48b1-9597-8f2f653ada85@group-6537B218274A-StateMachineUpdater] INFO  raftlog.RaftLog (RaftLogBase.java:lambda$new$0(53)) - b5b91537-3281-48b1-9597-8f2f653ada85@group-6537B218274A-SegmentedRaftLog: purgeIndex: updateToMax old=159, new=164, updated? true
2021-05-22 19:12:35,866 [Listener at 127.0.0.1/13280] INFO  ha.SCMHAInvocationHandler (SCMHAInvocationHandler.java:invokeRatis(113)) - Invoking method public abstract void org.apache.hadoop.hdds.scm.container.ContainerStateManagerV2.addContainer(org.apache.hadoop.hdds.protocol.proto.HddsProtos$ContainerInfoProto) throws java.io.IOException on target org.apache.hadoop.hdds.scm.ha.SCMRatisServerImpl@5cbb90de, cost 5013.525us
2021-05-22 19:12:35,869 [c528a642-8365-4981-9ca8-5a52c1b1524d@group-6537B218274A-StateMachineUpdater] INFO  ha.SCMStateMachine (SCMStateMachine.java:takeSnapshot(282)) - Current Snapshot Index 165, takeSnapshot took 0 ms
2021-05-22 19:12:35,869 [c528a642-8365-4981-9ca8-5a52c1b1524d@group-6537B218274A-StateMachineUpdater] INFO  impl.StateMachineUpdater (StateMachineUpdater.java:takeSnapshot(281)) - c528a642-8365-4981-9ca8-5a52c1b1524d@group-6537B218274A-StateMachineUpdater: Took a snapshot at index 165
2021-05-22 19:12:35,869 [c528a642-8365-4981-9ca8-5a52c1b1524d@group-6537B218274A-StateMachineUpdater] INFO  impl.StateMachineUpdater (StateMachineUpdater.java:lambda$new$0(89)) - c528a642-8365-4981-9ca8-5a52c1b1524d@group-6537B218274A-StateMachineUpdater: snapshotIndex: updateIncreasingly 160 -> 165
2021-05-22 19:12:35,869 [c528a642-8365-4981-9ca8-5a52c1b1524d@group-6537B218274A-StateMachineUpdater] INFO  raftlog.RaftLog (RaftLogBase.java:purge(306)) - c528a642-8365-4981-9ca8-5a52c1b1524d@group-6537B218274A-SegmentedRaftLog: purge 165
2021-05-22 19:12:35,869 [c528a642-8365-4981-9ca8-5a52c1b1524d@group-6537B218274A-StateMachineUpdater] INFO  raftlog.RaftLog (RaftLogBase.java:lambda$new$0(53)) - c528a642-8365-4981-9ca8-5a52c1b1524d@group-6537B218274A-SegmentedRaftLog: snapshotIndex: updateIncreasingly 160 -> 165
2021-05-22 19:12:35,870 [c528a642-8365-4981-9ca8-5a52c1b1524d@group-6537B218274A-StateMachineUpdater] INFO  raftlog.RaftLog (RaftLogBase.java:lambda$new$0(53)) - c528a642-8365-4981-9ca8-5a52c1b1524d@group-6537B218274A-SegmentedRaftLog: purgeIndex: updateToMax old=160, new=165, updated? true
2021-05-22 19:12:35,973 [Listener at 127.0.0.1/13280] INFO  ha.SCMHAInvocationHandler (SCMHAInvocationHandler.java:invokeRatis(113)) - Invoking method public abstract void org.apache.hadoop.hdds.scm.container.ContainerStateManagerV2.addContainer(org.apache.hadoop.hdds.protocol.proto.HddsProtos$ContainerInfoProto) throws java.io.IOException on target org.apache.hadoop.hdds.scm.ha.SCMRatisServerImpl@5cbb90de, cost 6154.23us
2021-05-22 19:12:36,079 [b5b91537-3281-48b1-9597-8f2f653ada85@group-6537B218274A-StateMachineUpdater] INFO  ha.SCMStateMachine (SCMStateMachine.java:takeSnapshot(282)) - Current Snapshot Index 169, takeSnapshot took 0 ms
2021-05-22 19:12:36,079 [b5b91537-3281-48b1-9597-8f2f653ada85@group-6537B218274A-StateMachineUpdater] INFO  impl.StateMachineUpdater (StateMachineUpdater.java:takeSnapshot(281)) - b5b91537-3281-48b1-9597-8f2f653ada85@group-6537B218274A-StateMachineUpdater: Took a snapshot at index 169
2021-05-22 19:12:36,079 [b5b91537-3281-48b1-9597-8f2f653ada85@group-6537B218274A-StateMachineUpdater] INFO  impl.StateMachineUpdater (StateMachineUpdater.java:lambda$new$0(89)) - b5b91537-3281-48b1-9597-8f2f653ada85@group-6537B218274A-StateMachineUpdater: snapshotIndex: updateIncreasingly 164 -> 169
2021-05-22 19:12:36,079 [b5b91537-3281-48b1-9597-8f2f653ada85@group-6537B218274A-StateMachineUpdater] INFO  raftlog.RaftLog (RaftLogBase.java:purge(306)) - b5b91537-3281-48b1-9597-8f2f653ada85@group-6537B218274A-SegmentedRaftLog: purge 169
2021-05-22 19:12:36,079 [b5b91537-3281-48b1-9597-8f2f653ada85@group-6537B218274A-StateMachineUpdater] INFO  raftlog.RaftLog (RaftLogBase.java:lambda$new$0(53)) - b5b91537-3281-48b1-9597-8f2f653ada85@group-6537B218274A-SegmentedRaftLog: snapshotIndex: updateIncreasingly 164 -> 169
2021-05-22 19:12:36,079 [b5b91537-3281-48b1-9597-8f2f653ada85@group-6537B218274A-StateMachineUpdater] INFO  raftlog.RaftLog (RaftLogBase.java:lambda$new$0(53)) - b5b91537-3281-48b1-9597-8f2f653ada85@group-6537B218274A-SegmentedRaftLog: purgeIndex: updateToMax old=164, new=169, updated? true
2021-05-22 19:12:36,079 [Listener at 127.0.0.1/13280] INFO  ha.SCMHAInvocationHandler (SCMHAInvocationHandler.java:invokeRatis(113)) - Invoking method public abstract void org.apache.hadoop.hdds.scm.container.ContainerStateManagerV2.addContainer(org.apache.hadoop.hdds.protocol.proto.HddsProtos$ContainerInfoProto) throws java.io.IOException on target org.apache.hadoop.hdds.scm.ha.SCMRatisServerImpl@5cbb90de, cost 5300.426us
2021-05-22 19:12:36,183 [c528a642-8365-4981-9ca8-5a52c1b1524d@group-6537B218274A-StateMachineUpdater] INFO  ha.SCMStateMachine (SCMStateMachine.java:takeSnapshot(282)) - Current Snapshot Index 170, takeSnapshot took 0 ms
2021-05-22 19:12:36,183 [c528a642-8365-4981-9ca8-5a52c1b1524d@group-6537B218274A-StateMachineUpdater] INFO  impl.StateMachineUpdater (StateMachineUpdater.java:takeSnapshot(281)) - c528a642-8365-4981-9ca8-5a52c1b1524d@group-6537B218274A-StateMachineUpdater: Took a snapshot at index 170
2021-05-22 19:12:36,183 [c528a642-8365-4981-9ca8-5a52c1b1524d@group-6537B218274A-StateMachineUpdater] INFO  impl.StateMachineUpdater (StateMachineUpdater.java:lambda$new$0(89)) - c528a642-8365-4981-9ca8-5a52c1b1524d@group-6537B218274A-StateMachineUpdater: snapshotIndex: updateIncreasingly 165 -> 170
2021-05-22 19:12:36,183 [c528a642-8365-4981-9ca8-5a52c1b1524d@group-6537B218274A-StateMachineUpdater] INFO  raftlog.RaftLog (RaftLogBase.java:purge(306)) - c528a642-8365-4981-9ca8-5a52c1b1524d@group-6537B218274A-SegmentedRaftLog: purge 170
2021-05-22 19:12:36,183 [c528a642-8365-4981-9ca8-5a52c1b1524d@group-6537B218274A-StateMachineUpdater] INFO  raftlog.RaftLog (RaftLogBase.java:lambda$new$0(53)) - c528a642-8365-4981-9ca8-5a52c1b1524d@group-6537B218274A-SegmentedRaftLog: snapshotIndex: updateIncreasingly 165 -> 170
2021-05-22 19:12:36,183 [c528a642-8365-4981-9ca8-5a52c1b1524d@group-6537B218274A-StateMachineUpdater] INFO  raftlog.RaftLog (RaftLogBase.java:lambda$new$0(53)) - c528a642-8365-4981-9ca8-5a52c1b1524d@group-6537B218274A-SegmentedRaftLog: purgeIndex: updateToMax old=165, new=170, updated? true
2021-05-22 19:12:36,185 [Listener at 127.0.0.1/13280] INFO  ha.SCMHAInvocationHandler (SCMHAInvocationHandler.java:invokeRatis(113)) - Invoking method public abstract void org.apache.hadoop.hdds.scm.container.ContainerStateManagerV2.addContainer(org.apache.hadoop.hdds.protocol.proto.HddsProtos$ContainerInfoProto) throws java.io.IOException on target org.apache.hadoop.hdds.scm.ha.SCMRatisServerImpl@5cbb90de, cost 5113.125us
2021-05-22 19:12:36,292 [Listener at 127.0.0.1/13280] INFO  ha.SCMHAInvocationHandler (SCMHAInvocationHandler.java:invokeRatis(113)) - Invoking method public abstract void org.apache.hadoop.hdds.scm.container.ContainerStateManagerV2.addContainer(org.apache.hadoop.hdds.protocol.proto.HddsProtos$ContainerInfoProto) throws java.io.IOException on target org.apache.hadoop.hdds.scm.ha.SCMRatisServerImpl@5cbb90de, cost 6447.532us
2021-05-22 19:12:36,297 [b5b91537-3281-48b1-9597-8f2f653ada85@group-6537B218274A-StateMachineUpdater] INFO  ha.SCMStateMachine (SCMStateMachine.java:takeSnapshot(282)) - Current Snapshot Index 174, takeSnapshot took 0 ms
2021-05-22 19:12:36,297 [b5b91537-3281-48b1-9597-8f2f653ada85@group-6537B218274A-StateMachineUpdater] INFO  impl.StateMachineUpdater (StateMachineUpdater.java:takeSnapshot(281)) - b5b91537-3281-48b1-9597-8f2f653ada85@group-6537B218274A-StateMachineUpdater: Took a snapshot at index 174
2021-05-22 19:12:36,297 [b5b91537-3281-48b1-9597-8f2f653ada85@group-6537B218274A-StateMachineUpdater] INFO  impl.StateMachineUpdater (StateMachineUpdater.java:lambda$new$0(89)) - b5b91537-3281-48b1-9597-8f2f653ada85@group-6537B218274A-StateMachineUpdater: snapshotIndex: updateIncreasingly 169 -> 174
2021-05-22 19:12:36,297 [b5b91537-3281-48b1-9597-8f2f653ada85@group-6537B218274A-StateMachineUpdater] INFO  raftlog.RaftLog (RaftLogBase.java:purge(306)) - b5b91537-3281-48b1-9597-8f2f653ada85@group-6537B218274A-SegmentedRaftLog: purge 174
2021-05-22 19:12:36,297 [b5b91537-3281-48b1-9597-8f2f653ada85@group-6537B218274A-StateMachineUpdater] INFO  raftlog.RaftLog (RaftLogBase.java:lambda$new$0(53)) - b5b91537-3281-48b1-9597-8f2f653ada85@group-6537B218274A-SegmentedRaftLog: snapshotIndex: updateIncreasingly 169 -> 174
2021-05-22 19:12:36,297 [b5b91537-3281-48b1-9597-8f2f653ada85@group-6537B218274A-StateMachineUpdater] INFO  raftlog.RaftLog (RaftLogBase.java:lambda$new$0(53)) - b5b91537-3281-48b1-9597-8f2f653ada85@group-6537B218274A-SegmentedRaftLog: purgeIndex: updateToMax old=169, new=174, updated? true
2021-05-22 19:12:36,317 [Datanode State Machine Thread - 0] ERROR datanode.RunningDatanodeState (RunningDatanodeState.java:computeNextContainerState(199)) - Error in executing end point task.
java.util.concurrent.ExecutionException: java.util.concurrent.TimeoutException
	at java.util.concurrent.FutureTask.report(FutureTask.java:122)
	at java.util.concurrent.FutureTask.get(FutureTask.java:192)
	at org.apache.hadoop.ozone.container.common.states.datanode.RunningDatanodeState.computeNextContainerState(RunningDatanodeState.java:191)
	at org.apache.hadoop.ozone.container.common.states.datanode.RunningDatanodeState.await(RunningDatanodeState.java:231)
	at org.apache.hadoop.ozone.container.common.states.datanode.RunningDatanodeState.await(RunningDatanodeState.java:50)
	at org.apache.hadoop.ozone.container.common.statemachine.StateContext.execute(StateContext.java:579)
	at org.apache.hadoop.ozone.container.common.statemachine.DatanodeStateMachine.start(DatanodeStateMachine.java:233)
	at org.apache.hadoop.ozone.container.common.statemachine.DatanodeStateMachine.lambda$startDaemon$0(DatanodeStateMachine.java:410)
	at java.lang.Thread.run(Thread.java:748)
Caused by: java.util.concurrent.TimeoutException
	at java.util.concurrent.FutureTask.get(FutureTask.java:205)
	at org.apache.hadoop.ozone.container.common.states.datanode.RunningDatanodeState.lambda$execute$0(RunningDatanodeState.java:149)
	at java.util.concurrent.FutureTask.run(FutureTask.java:266)
	at java.util.concurrent.Executors$RunnableAdapter.call(Executors.java:511)
	at java.util.concurrent.FutureTask.run(FutureTask.java:266)
	at java.util.concurrent.ThreadPoolExecutor.runWorker(ThreadPoolExecutor.java:1149)
	at java.util.concurrent.ThreadPoolExecutor$Worker.run(ThreadPoolExecutor.java:624)
	... 1 more
2021-05-22 19:12:36,398 [Listener at 127.0.0.1/13280] INFO  ha.SCMHAInvocationHandler (SCMHAInvocationHandler.java:invokeRatis(113)) - Invoking method public abstract void org.apache.hadoop.hdds.scm.container.ContainerStateManagerV2.addContainer(org.apache.hadoop.hdds.protocol.proto.HddsProtos$ContainerInfoProto) throws java.io.IOException on target org.apache.hadoop.hdds.scm.ha.SCMRatisServerImpl@5cbb90de, cost 4558.023us
2021-05-22 19:12:36,401 [c528a642-8365-4981-9ca8-5a52c1b1524d@group-6537B218274A-StateMachineUpdater] INFO  ha.SCMStateMachine (SCMStateMachine.java:takeSnapshot(282)) - Current Snapshot Index 175, takeSnapshot took 0 ms
2021-05-22 19:12:36,401 [c528a642-8365-4981-9ca8-5a52c1b1524d@group-6537B218274A-StateMachineUpdater] INFO  impl.StateMachineUpdater (StateMachineUpdater.java:takeSnapshot(281)) - c528a642-8365-4981-9ca8-5a52c1b1524d@group-6537B218274A-StateMachineUpdater: Took a snapshot at index 175
2021-05-22 19:12:36,401 [c528a642-8365-4981-9ca8-5a52c1b1524d@group-6537B218274A-StateMachineUpdater] INFO  impl.StateMachineUpdater (StateMachineUpdater.java:lambda$new$0(89)) - c528a642-8365-4981-9ca8-5a52c1b1524d@group-6537B218274A-StateMachineUpdater: snapshotIndex: updateIncreasingly 170 -> 175
2021-05-22 19:12:36,401 [c528a642-8365-4981-9ca8-5a52c1b1524d@group-6537B218274A-StateMachineUpdater] INFO  raftlog.RaftLog (RaftLogBase.java:purge(306)) - c528a642-8365-4981-9ca8-5a52c1b1524d@group-6537B218274A-SegmentedRaftLog: purge 175
2021-05-22 19:12:36,402 [c528a642-8365-4981-9ca8-5a52c1b1524d@group-6537B218274A-StateMachineUpdater] INFO  raftlog.RaftLog (RaftLogBase.java:lambda$new$0(53)) - c528a642-8365-4981-9ca8-5a52c1b1524d@group-6537B218274A-SegmentedRaftLog: snapshotIndex: updateIncreasingly 170 -> 175
2021-05-22 19:12:36,402 [c528a642-8365-4981-9ca8-5a52c1b1524d@group-6537B218274A-StateMachineUpdater] INFO  raftlog.RaftLog (RaftLogBase.java:lambda$new$0(53)) - c528a642-8365-4981-9ca8-5a52c1b1524d@group-6537B218274A-SegmentedRaftLog: purgeIndex: updateToMax old=170, new=175, updated? true
2021-05-22 19:12:36,421 [Datanode State Machine Thread - 0] ERROR datanode.RunningDatanodeState (RunningDatanodeState.java:computeNextContainerState(199)) - Error in executing end point task.
java.util.concurrent.ExecutionException: java.util.concurrent.TimeoutException
	at java.util.concurrent.FutureTask.report(FutureTask.java:122)
	at java.util.concurrent.FutureTask.get(FutureTask.java:192)
	at org.apache.hadoop.ozone.container.common.states.datanode.RunningDatanodeState.computeNextContainerState(RunningDatanodeState.java:191)
	at org.apache.hadoop.ozone.container.common.states.datanode.RunningDatanodeState.await(RunningDatanodeState.java:231)
	at org.apache.hadoop.ozone.container.common.states.datanode.RunningDatanodeState.await(RunningDatanodeState.java:50)
	at org.apache.hadoop.ozone.container.common.statemachine.StateContext.execute(StateContext.java:579)
	at org.apache.hadoop.ozone.container.common.statemachine.DatanodeStateMachine.start(DatanodeStateMachine.java:233)
	at org.apache.hadoop.ozone.container.common.statemachine.DatanodeStateMachine.lambda$startDaemon$0(DatanodeStateMachine.java:410)
	at java.lang.Thread.run(Thread.java:748)
Caused by: java.util.concurrent.TimeoutException
	at java.util.concurrent.FutureTask.get(FutureTask.java:205)
	at org.apache.hadoop.ozone.container.common.states.datanode.RunningDatanodeState.lambda$execute$0(RunningDatanodeState.java:149)
	at java.util.concurrent.FutureTask.run(FutureTask.java:266)
	at java.util.concurrent.Executors$RunnableAdapter.call(Executors.java:511)
	at java.util.concurrent.FutureTask.run(FutureTask.java:266)
	at java.util.concurrent.ThreadPoolExecutor.runWorker(ThreadPoolExecutor.java:1149)
	at java.util.concurrent.ThreadPoolExecutor$Worker.run(ThreadPoolExecutor.java:624)
	... 1 more
2021-05-22 19:12:36,503 [Listener at 127.0.0.1/13280] INFO  ha.SCMHAInvocationHandler (SCMHAInvocationHandler.java:invokeRatis(113)) - Invoking method public abstract void org.apache.hadoop.hdds.scm.container.ContainerStateManagerV2.addContainer(org.apache.hadoop.hdds.protocol.proto.HddsProtos$ContainerInfoProto) throws java.io.IOException on target org.apache.hadoop.hdds.scm.ha.SCMRatisServerImpl@5cbb90de, cost 4106.02us
2021-05-22 19:12:36,608 [Listener at 127.0.0.1/13280] INFO  ha.SCMHAInvocationHandler (SCMHAInvocationHandler.java:invokeRatis(113)) - Invoking method public abstract void org.apache.hadoop.hdds.scm.container.ContainerStateManagerV2.addContainer(org.apache.hadoop.hdds.protocol.proto.HddsProtos$ContainerInfoProto) throws java.io.IOException on target org.apache.hadoop.hdds.scm.ha.SCMRatisServerImpl@5cbb90de, cost 4242.221us
2021-05-22 19:12:36,608 [b5b91537-3281-48b1-9597-8f2f653ada85@group-6537B218274A-StateMachineUpdater] INFO  ha.SCMStateMachine (SCMStateMachine.java:takeSnapshot(282)) - Current Snapshot Index 179, takeSnapshot took 0 ms
2021-05-22 19:12:36,609 [b5b91537-3281-48b1-9597-8f2f653ada85@group-6537B218274A-StateMachineUpdater] INFO  impl.StateMachineUpdater (StateMachineUpdater.java:takeSnapshot(281)) - b5b91537-3281-48b1-9597-8f2f653ada85@group-6537B218274A-StateMachineUpdater: Took a snapshot at index 179
2021-05-22 19:12:36,609 [b5b91537-3281-48b1-9597-8f2f653ada85@group-6537B218274A-StateMachineUpdater] INFO  impl.StateMachineUpdater (StateMachineUpdater.java:lambda$new$0(89)) - b5b91537-3281-48b1-9597-8f2f653ada85@group-6537B218274A-StateMachineUpdater: snapshotIndex: updateIncreasingly 174 -> 179
2021-05-22 19:12:36,609 [b5b91537-3281-48b1-9597-8f2f653ada85@group-6537B218274A-StateMachineUpdater] INFO  raftlog.RaftLog (RaftLogBase.java:purge(306)) - b5b91537-3281-48b1-9597-8f2f653ada85@group-6537B218274A-SegmentedRaftLog: purge 179
2021-05-22 19:12:36,609 [b5b91537-3281-48b1-9597-8f2f653ada85@group-6537B218274A-StateMachineUpdater] INFO  raftlog.RaftLog (RaftLogBase.java:lambda$new$0(53)) - b5b91537-3281-48b1-9597-8f2f653ada85@group-6537B218274A-SegmentedRaftLog: snapshotIndex: updateIncreasingly 174 -> 179
2021-05-22 19:12:36,609 [b5b91537-3281-48b1-9597-8f2f653ada85@group-6537B218274A-StateMachineUpdater] INFO  raftlog.RaftLog (RaftLogBase.java:lambda$new$0(53)) - b5b91537-3281-48b1-9597-8f2f653ada85@group-6537B218274A-SegmentedRaftLog: purgeIndex: updateToMax old=174, new=179, updated? true
2021-05-22 19:12:36,679 [Datanode State Machine Thread - 0] ERROR datanode.RunningDatanodeState (RunningDatanodeState.java:computeNextContainerState(199)) - Error in executing end point task.
java.util.concurrent.ExecutionException: java.util.concurrent.TimeoutException
	at java.util.concurrent.FutureTask.report(FutureTask.java:122)
	at java.util.concurrent.FutureTask.get(FutureTask.java:192)
	at org.apache.hadoop.ozone.container.common.states.datanode.RunningDatanodeState.computeNextContainerState(RunningDatanodeState.java:191)
	at org.apache.hadoop.ozone.container.common.states.datanode.RunningDatanodeState.await(RunningDatanodeState.java:231)
	at org.apache.hadoop.ozone.container.common.states.datanode.RunningDatanodeState.await(RunningDatanodeState.java:50)
	at org.apache.hadoop.ozone.container.common.statemachine.StateContext.execute(StateContext.java:579)
	at org.apache.hadoop.ozone.container.common.statemachine.DatanodeStateMachine.start(DatanodeStateMachine.java:233)
	at org.apache.hadoop.ozone.container.common.statemachine.DatanodeStateMachine.lambda$startDaemon$0(DatanodeStateMachine.java:410)
	at java.lang.Thread.run(Thread.java:748)
Caused by: java.util.concurrent.TimeoutException
	at java.util.concurrent.FutureTask.get(FutureTask.java:205)
	at org.apache.hadoop.ozone.container.common.states.datanode.RunningDatanodeState.lambda$execute$0(RunningDatanodeState.java:149)
	at java.util.concurrent.FutureTask.run(FutureTask.java:266)
	at java.util.concurrent.Executors$RunnableAdapter.call(Executors.java:511)
	at java.util.concurrent.FutureTask.run(FutureTask.java:266)
	at java.util.concurrent.ThreadPoolExecutor.runWorker(ThreadPoolExecutor.java:1149)
	at java.util.concurrent.ThreadPoolExecutor$Worker.run(ThreadPoolExecutor.java:624)
	... 1 more
2021-05-22 19:12:36,715 [c528a642-8365-4981-9ca8-5a52c1b1524d@group-6537B218274A-StateMachineUpdater] INFO  ha.SCMStateMachine (SCMStateMachine.java:takeSnapshot(282)) - Current Snapshot Index 180, takeSnapshot took 0 ms
2021-05-22 19:12:36,715 [c528a642-8365-4981-9ca8-5a52c1b1524d@group-6537B218274A-StateMachineUpdater] INFO  impl.StateMachineUpdater (StateMachineUpdater.java:takeSnapshot(281)) - c528a642-8365-4981-9ca8-5a52c1b1524d@group-6537B218274A-StateMachineUpdater: Took a snapshot at index 180
2021-05-22 19:12:36,715 [c528a642-8365-4981-9ca8-5a52c1b1524d@group-6537B218274A-StateMachineUpdater] INFO  impl.StateMachineUpdater (StateMachineUpdater.java:lambda$new$0(89)) - c528a642-8365-4981-9ca8-5a52c1b1524d@group-6537B218274A-StateMachineUpdater: snapshotIndex: updateIncreasingly 175 -> 180
2021-05-22 19:12:36,715 [c528a642-8365-4981-9ca8-5a52c1b1524d@group-6537B218274A-StateMachineUpdater] INFO  raftlog.RaftLog (RaftLogBase.java:purge(306)) - c528a642-8365-4981-9ca8-5a52c1b1524d@group-6537B218274A-SegmentedRaftLog: purge 180
2021-05-22 19:12:36,715 [c528a642-8365-4981-9ca8-5a52c1b1524d@group-6537B218274A-StateMachineUpdater] INFO  raftlog.RaftLog (RaftLogBase.java:lambda$new$0(53)) - c528a642-8365-4981-9ca8-5a52c1b1524d@group-6537B218274A-SegmentedRaftLog: snapshotIndex: updateIncreasingly 175 -> 180
2021-05-22 19:12:36,716 [c528a642-8365-4981-9ca8-5a52c1b1524d@group-6537B218274A-StateMachineUpdater] INFO  raftlog.RaftLog (RaftLogBase.java:lambda$new$0(53)) - c528a642-8365-4981-9ca8-5a52c1b1524d@group-6537B218274A-SegmentedRaftLog: purgeIndex: updateToMax old=175, new=180, updated? true
2021-05-22 19:12:36,718 [Listener at 127.0.0.1/13280] INFO  ha.SCMHAInvocationHandler (SCMHAInvocationHandler.java:invokeRatis(113)) - Invoking method public abstract void org.apache.hadoop.hdds.scm.container.ContainerStateManagerV2.addContainer(org.apache.hadoop.hdds.protocol.proto.HddsProtos$ContainerInfoProto) throws java.io.IOException on target org.apache.hadoop.hdds.scm.ha.SCMRatisServerImpl@5cbb90de, cost 9367.746us
2021-05-22 19:12:36,831 [Listener at 127.0.0.1/13280] INFO  ha.SCMHAInvocationHandler (SCMHAInvocationHandler.java:invokeRatis(113)) - Invoking method public abstract void org.apache.hadoop.hdds.scm.container.ContainerStateManagerV2.addContainer(org.apache.hadoop.hdds.protocol.proto.HddsProtos$ContainerInfoProto) throws java.io.IOException on target org.apache.hadoop.hdds.scm.ha.SCMRatisServerImpl@5cbb90de, cost 11719.158us
2021-05-22 19:12:36,836 [b5b91537-3281-48b1-9597-8f2f653ada85@group-6537B218274A-StateMachineUpdater] INFO  ha.SCMStateMachine (SCMStateMachine.java:takeSnapshot(282)) - Current Snapshot Index 184, takeSnapshot took 0 ms
2021-05-22 19:12:36,836 [b5b91537-3281-48b1-9597-8f2f653ada85@group-6537B218274A-StateMachineUpdater] INFO  impl.StateMachineUpdater (StateMachineUpdater.java:takeSnapshot(281)) - b5b91537-3281-48b1-9597-8f2f653ada85@group-6537B218274A-StateMachineUpdater: Took a snapshot at index 184
2021-05-22 19:12:36,836 [b5b91537-3281-48b1-9597-8f2f653ada85@group-6537B218274A-StateMachineUpdater] INFO  impl.StateMachineUpdater (StateMachineUpdater.java:lambda$new$0(89)) - b5b91537-3281-48b1-9597-8f2f653ada85@group-6537B218274A-StateMachineUpdater: snapshotIndex: updateIncreasingly 179 -> 184
2021-05-22 19:12:36,836 [b5b91537-3281-48b1-9597-8f2f653ada85@group-6537B218274A-StateMachineUpdater] INFO  raftlog.RaftLog (RaftLogBase.java:purge(306)) - b5b91537-3281-48b1-9597-8f2f653ada85@group-6537B218274A-SegmentedRaftLog: purge 184
2021-05-22 19:12:36,836 [b5b91537-3281-48b1-9597-8f2f653ada85@group-6537B218274A-StateMachineUpdater] INFO  raftlog.RaftLog (RaftLogBase.java:lambda$new$0(53)) - b5b91537-3281-48b1-9597-8f2f653ada85@group-6537B218274A-SegmentedRaftLog: snapshotIndex: updateIncreasingly 179 -> 184
2021-05-22 19:12:36,836 [b5b91537-3281-48b1-9597-8f2f653ada85@group-6537B218274A-StateMachineUpdater] INFO  raftlog.RaftLog (RaftLogBase.java:lambda$new$0(53)) - b5b91537-3281-48b1-9597-8f2f653ada85@group-6537B218274A-SegmentedRaftLog: purgeIndex: updateToMax old=179, new=184, updated? true
2021-05-22 19:12:36,937 [Listener at 127.0.0.1/13280] INFO  ha.SCMHAInvocationHandler (SCMHAInvocationHandler.java:invokeRatis(113)) - Invoking method public abstract void org.apache.hadoop.hdds.scm.container.ContainerStateManagerV2.addContainer(org.apache.hadoop.hdds.protocol.proto.HddsProtos$ContainerInfoProto) throws java.io.IOException on target org.apache.hadoop.hdds.scm.ha.SCMRatisServerImpl@5cbb90de, cost 5487.827us
2021-05-22 19:12:36,940 [c528a642-8365-4981-9ca8-5a52c1b1524d@group-6537B218274A-StateMachineUpdater] INFO  ha.SCMStateMachine (SCMStateMachine.java:takeSnapshot(282)) - Current Snapshot Index 185, takeSnapshot took 0 ms
2021-05-22 19:12:36,940 [c528a642-8365-4981-9ca8-5a52c1b1524d@group-6537B218274A-StateMachineUpdater] INFO  impl.StateMachineUpdater (StateMachineUpdater.java:takeSnapshot(281)) - c528a642-8365-4981-9ca8-5a52c1b1524d@group-6537B218274A-StateMachineUpdater: Took a snapshot at index 185
2021-05-22 19:12:36,940 [c528a642-8365-4981-9ca8-5a52c1b1524d@group-6537B218274A-StateMachineUpdater] INFO  impl.StateMachineUpdater (StateMachineUpdater.java:lambda$new$0(89)) - c528a642-8365-4981-9ca8-5a52c1b1524d@group-6537B218274A-StateMachineUpdater: snapshotIndex: updateIncreasingly 180 -> 185
2021-05-22 19:12:36,940 [c528a642-8365-4981-9ca8-5a52c1b1524d@group-6537B218274A-StateMachineUpdater] INFO  raftlog.RaftLog (RaftLogBase.java:purge(306)) - c528a642-8365-4981-9ca8-5a52c1b1524d@group-6537B218274A-SegmentedRaftLog: purge 185
2021-05-22 19:12:36,940 [c528a642-8365-4981-9ca8-5a52c1b1524d@group-6537B218274A-StateMachineUpdater] INFO  raftlog.RaftLog (RaftLogBase.java:lambda$new$0(53)) - c528a642-8365-4981-9ca8-5a52c1b1524d@group-6537B218274A-SegmentedRaftLog: snapshotIndex: updateIncreasingly 180 -> 185
2021-05-22 19:12:36,941 [c528a642-8365-4981-9ca8-5a52c1b1524d@group-6537B218274A-StateMachineUpdater] INFO  raftlog.RaftLog (RaftLogBase.java:lambda$new$0(53)) - c528a642-8365-4981-9ca8-5a52c1b1524d@group-6537B218274A-SegmentedRaftLog: purgeIndex: updateToMax old=180, new=185, updated? true
2021-05-22 19:12:37,043 [Listener at 127.0.0.1/13280] INFO  ha.SCMHAInvocationHandler (SCMHAInvocationHandler.java:invokeRatis(113)) - Invoking method public abstract void org.apache.hadoop.hdds.scm.container.ContainerStateManagerV2.addContainer(org.apache.hadoop.hdds.protocol.proto.HddsProtos$ContainerInfoProto) throws java.io.IOException on target org.apache.hadoop.hdds.scm.ha.SCMRatisServerImpl@5cbb90de, cost 5298.626us
2021-05-22 19:12:37,148 [b5b91537-3281-48b1-9597-8f2f653ada85@group-6537B218274A-StateMachineUpdater] INFO  ha.SCMStateMachine (SCMStateMachine.java:takeSnapshot(282)) - Current Snapshot Index 189, takeSnapshot took 1 ms
2021-05-22 19:12:37,148 [b5b91537-3281-48b1-9597-8f2f653ada85@group-6537B218274A-StateMachineUpdater] INFO  impl.StateMachineUpdater (StateMachineUpdater.java:takeSnapshot(281)) - b5b91537-3281-48b1-9597-8f2f653ada85@group-6537B218274A-StateMachineUpdater: Took a snapshot at index 189
2021-05-22 19:12:37,149 [b5b91537-3281-48b1-9597-8f2f653ada85@group-6537B218274A-StateMachineUpdater] INFO  impl.StateMachineUpdater (StateMachineUpdater.java:lambda$new$0(89)) - b5b91537-3281-48b1-9597-8f2f653ada85@group-6537B218274A-StateMachineUpdater: snapshotIndex: updateIncreasingly 184 -> 189
2021-05-22 19:12:37,149 [b5b91537-3281-48b1-9597-8f2f653ada85@group-6537B218274A-StateMachineUpdater] INFO  raftlog.RaftLog (RaftLogBase.java:purge(306)) - b5b91537-3281-48b1-9597-8f2f653ada85@group-6537B218274A-SegmentedRaftLog: purge 189
2021-05-22 19:12:37,149 [b5b91537-3281-48b1-9597-8f2f653ada85@group-6537B218274A-StateMachineUpdater] INFO  raftlog.RaftLog (RaftLogBase.java:lambda$new$0(53)) - b5b91537-3281-48b1-9597-8f2f653ada85@group-6537B218274A-SegmentedRaftLog: snapshotIndex: updateIncreasingly 184 -> 189
2021-05-22 19:12:37,149 [b5b91537-3281-48b1-9597-8f2f653ada85@group-6537B218274A-StateMachineUpdater] INFO  raftlog.RaftLog (RaftLogBase.java:lambda$new$0(53)) - b5b91537-3281-48b1-9597-8f2f653ada85@group-6537B218274A-SegmentedRaftLog: purgeIndex: updateToMax old=184, new=189, updated? true
2021-05-22 19:12:37,149 [Listener at 127.0.0.1/13280] INFO  ha.SCMHAInvocationHandler (SCMHAInvocationHandler.java:invokeRatis(113)) - Invoking method public abstract void org.apache.hadoop.hdds.scm.container.ContainerStateManagerV2.addContainer(org.apache.hadoop.hdds.protocol.proto.HddsProtos$ContainerInfoProto) throws java.io.IOException on target org.apache.hadoop.hdds.scm.ha.SCMRatisServerImpl@5cbb90de, cost 5290.526us
2021-05-22 19:12:37,252 [c528a642-8365-4981-9ca8-5a52c1b1524d@group-6537B218274A-StateMachineUpdater] INFO  ha.SCMStateMachine (SCMStateMachine.java:takeSnapshot(282)) - Current Snapshot Index 190, takeSnapshot took 0 ms
2021-05-22 19:12:37,252 [c528a642-8365-4981-9ca8-5a52c1b1524d@group-6537B218274A-StateMachineUpdater] INFO  impl.StateMachineUpdater (StateMachineUpdater.java:takeSnapshot(281)) - c528a642-8365-4981-9ca8-5a52c1b1524d@group-6537B218274A-StateMachineUpdater: Took a snapshot at index 190
2021-05-22 19:12:37,252 [c528a642-8365-4981-9ca8-5a52c1b1524d@group-6537B218274A-StateMachineUpdater] INFO  impl.StateMachineUpdater (StateMachineUpdater.java:lambda$new$0(89)) - c528a642-8365-4981-9ca8-5a52c1b1524d@group-6537B218274A-StateMachineUpdater: snapshotIndex: updateIncreasingly 185 -> 190
2021-05-22 19:12:37,253 [c528a642-8365-4981-9ca8-5a52c1b1524d@group-6537B218274A-StateMachineUpdater] INFO  raftlog.RaftLog (RaftLogBase.java:purge(306)) - c528a642-8365-4981-9ca8-5a52c1b1524d@group-6537B218274A-SegmentedRaftLog: purge 190
2021-05-22 19:12:37,253 [c528a642-8365-4981-9ca8-5a52c1b1524d@group-6537B218274A-StateMachineUpdater] INFO  raftlog.RaftLog (RaftLogBase.java:lambda$new$0(53)) - c528a642-8365-4981-9ca8-5a52c1b1524d@group-6537B218274A-SegmentedRaftLog: snapshotIndex: updateIncreasingly 185 -> 190
2021-05-22 19:12:37,253 [c528a642-8365-4981-9ca8-5a52c1b1524d@group-6537B218274A-StateMachineUpdater] INFO  raftlog.RaftLog (RaftLogBase.java:lambda$new$0(53)) - c528a642-8365-4981-9ca8-5a52c1b1524d@group-6537B218274A-SegmentedRaftLog: purgeIndex: updateToMax old=185, new=190, updated? true
2021-05-22 19:12:37,254 [Listener at 127.0.0.1/13280] INFO  ha.SCMHAInvocationHandler (SCMHAInvocationHandler.java:invokeRatis(113)) - Invoking method public abstract void org.apache.hadoop.hdds.scm.container.ContainerStateManagerV2.addContainer(org.apache.hadoop.hdds.protocol.proto.HddsProtos$ContainerInfoProto) throws java.io.IOException on target org.apache.hadoop.hdds.scm.ha.SCMRatisServerImpl@5cbb90de, cost 4819.124us
2021-05-22 19:12:37,360 [Listener at 127.0.0.1/13280] INFO  ha.SCMHAInvocationHandler (SCMHAInvocationHandler.java:invokeRatis(113)) - Invoking method public abstract void org.apache.hadoop.hdds.scm.container.ContainerStateManagerV2.addContainer(org.apache.hadoop.hdds.protocol.proto.HddsProtos$ContainerInfoProto) throws java.io.IOException on target org.apache.hadoop.hdds.scm.ha.SCMRatisServerImpl@5cbb90de, cost 5202.926us
2021-05-22 19:12:37,363 [b5b91537-3281-48b1-9597-8f2f653ada85@group-6537B218274A-StateMachineUpdater] INFO  ha.SCMStateMachine (SCMStateMachine.java:takeSnapshot(282)) - Current Snapshot Index 194, takeSnapshot took 0 ms
2021-05-22 19:12:37,363 [b5b91537-3281-48b1-9597-8f2f653ada85@group-6537B218274A-StateMachineUpdater] INFO  impl.StateMachineUpdater (StateMachineUpdater.java:takeSnapshot(281)) - b5b91537-3281-48b1-9597-8f2f653ada85@group-6537B218274A-StateMachineUpdater: Took a snapshot at index 194
2021-05-22 19:12:37,363 [b5b91537-3281-48b1-9597-8f2f653ada85@group-6537B218274A-StateMachineUpdater] INFO  impl.StateMachineUpdater (StateMachineUpdater.java:lambda$new$0(89)) - b5b91537-3281-48b1-9597-8f2f653ada85@group-6537B218274A-StateMachineUpdater: snapshotIndex: updateIncreasingly 189 -> 194
2021-05-22 19:12:37,363 [b5b91537-3281-48b1-9597-8f2f653ada85@group-6537B218274A-StateMachineUpdater] INFO  raftlog.RaftLog (RaftLogBase.java:purge(306)) - b5b91537-3281-48b1-9597-8f2f653ada85@group-6537B218274A-SegmentedRaftLog: purge 194
2021-05-22 19:12:37,364 [b5b91537-3281-48b1-9597-8f2f653ada85@group-6537B218274A-StateMachineUpdater] INFO  raftlog.RaftLog (RaftLogBase.java:lambda$new$0(53)) - b5b91537-3281-48b1-9597-8f2f653ada85@group-6537B218274A-SegmentedRaftLog: snapshotIndex: updateIncreasingly 189 -> 194
2021-05-22 19:12:37,364 [b5b91537-3281-48b1-9597-8f2f653ada85@group-6537B218274A-StateMachineUpdater] INFO  raftlog.RaftLog (RaftLogBase.java:lambda$new$0(53)) - b5b91537-3281-48b1-9597-8f2f653ada85@group-6537B218274A-SegmentedRaftLog: purgeIndex: updateToMax old=189, new=194, updated? true
2021-05-22 19:12:37,465 [Listener at 127.0.0.1/13280] INFO  ha.SCMHAInvocationHandler (SCMHAInvocationHandler.java:invokeRatis(113)) - Invoking method public abstract void org.apache.hadoop.hdds.scm.container.ContainerStateManagerV2.addContainer(org.apache.hadoop.hdds.protocol.proto.HddsProtos$ContainerInfoProto) throws java.io.IOException on target org.apache.hadoop.hdds.scm.ha.SCMRatisServerImpl@5cbb90de, cost 4274.621us
2021-05-22 19:12:37,467 [c528a642-8365-4981-9ca8-5a52c1b1524d@group-6537B218274A-StateMachineUpdater] INFO  ha.SCMStateMachine (SCMStateMachine.java:takeSnapshot(282)) - Current Snapshot Index 195, takeSnapshot took 0 ms
2021-05-22 19:12:37,467 [c528a642-8365-4981-9ca8-5a52c1b1524d@group-6537B218274A-StateMachineUpdater] INFO  impl.StateMachineUpdater (StateMachineUpdater.java:takeSnapshot(281)) - c528a642-8365-4981-9ca8-5a52c1b1524d@group-6537B218274A-StateMachineUpdater: Took a snapshot at index 195
2021-05-22 19:12:37,467 [c528a642-8365-4981-9ca8-5a52c1b1524d@group-6537B218274A-StateMachineUpdater] INFO  impl.StateMachineUpdater (StateMachineUpdater.java:lambda$new$0(89)) - c528a642-8365-4981-9ca8-5a52c1b1524d@group-6537B218274A-StateMachineUpdater: snapshotIndex: updateIncreasingly 190 -> 195
2021-05-22 19:12:37,467 [c528a642-8365-4981-9ca8-5a52c1b1524d@group-6537B218274A-StateMachineUpdater] INFO  raftlog.RaftLog (RaftLogBase.java:purge(306)) - c528a642-8365-4981-9ca8-5a52c1b1524d@group-6537B218274A-SegmentedRaftLog: purge 195
2021-05-22 19:12:37,467 [c528a642-8365-4981-9ca8-5a52c1b1524d@group-6537B218274A-StateMachineUpdater] INFO  raftlog.RaftLog (RaftLogBase.java:lambda$new$0(53)) - c528a642-8365-4981-9ca8-5a52c1b1524d@group-6537B218274A-SegmentedRaftLog: snapshotIndex: updateIncreasingly 190 -> 195
2021-05-22 19:12:37,467 [c528a642-8365-4981-9ca8-5a52c1b1524d@group-6537B218274A-StateMachineUpdater] INFO  raftlog.RaftLog (RaftLogBase.java:lambda$new$0(53)) - c528a642-8365-4981-9ca8-5a52c1b1524d@group-6537B218274A-SegmentedRaftLog: purgeIndex: updateToMax old=190, new=195, updated? true
2021-05-22 19:12:37,570 [Listener at 127.0.0.1/13280] INFO  ha.SCMHAInvocationHandler (SCMHAInvocationHandler.java:invokeRatis(113)) - Invoking method public abstract void org.apache.hadoop.hdds.scm.container.ContainerStateManagerV2.addContainer(org.apache.hadoop.hdds.protocol.proto.HddsProtos$ContainerInfoProto) throws java.io.IOException on target org.apache.hadoop.hdds.scm.ha.SCMRatisServerImpl@5cbb90de, cost 4315.221us
2021-05-22 19:12:37,676 [b5b91537-3281-48b1-9597-8f2f653ada85@group-6537B218274A-StateMachineUpdater] INFO  ha.SCMStateMachine (SCMStateMachine.java:takeSnapshot(282)) - Current Snapshot Index 199, takeSnapshot took 0 ms
2021-05-22 19:12:37,676 [b5b91537-3281-48b1-9597-8f2f653ada85@group-6537B218274A-StateMachineUpdater] INFO  impl.StateMachineUpdater (StateMachineUpdater.java:takeSnapshot(281)) - b5b91537-3281-48b1-9597-8f2f653ada85@group-6537B218274A-StateMachineUpdater: Took a snapshot at index 199
2021-05-22 19:12:37,676 [b5b91537-3281-48b1-9597-8f2f653ada85@group-6537B218274A-StateMachineUpdater] INFO  impl.StateMachineUpdater (StateMachineUpdater.java:lambda$new$0(89)) - b5b91537-3281-48b1-9597-8f2f653ada85@group-6537B218274A-StateMachineUpdater: snapshotIndex: updateIncreasingly 194 -> 199
2021-05-22 19:12:37,676 [b5b91537-3281-48b1-9597-8f2f653ada85@group-6537B218274A-StateMachineUpdater] INFO  raftlog.RaftLog (RaftLogBase.java:purge(306)) - b5b91537-3281-48b1-9597-8f2f653ada85@group-6537B218274A-SegmentedRaftLog: purge 199
2021-05-22 19:12:37,676 [b5b91537-3281-48b1-9597-8f2f653ada85@group-6537B218274A-StateMachineUpdater] INFO  raftlog.RaftLog (RaftLogBase.java:lambda$new$0(53)) - b5b91537-3281-48b1-9597-8f2f653ada85@group-6537B218274A-SegmentedRaftLog: snapshotIndex: updateIncreasingly 194 -> 199
2021-05-22 19:12:37,677 [b5b91537-3281-48b1-9597-8f2f653ada85@group-6537B218274A-StateMachineUpdater] INFO  raftlog.RaftLog (RaftLogBase.java:lambda$new$0(53)) - b5b91537-3281-48b1-9597-8f2f653ada85@group-6537B218274A-SegmentedRaftLog: purgeIndex: updateToMax old=194, new=199, updated? true
2021-05-22 19:12:37,677 [Listener at 127.0.0.1/13280] INFO  ha.SCMHAInvocationHandler (SCMHAInvocationHandler.java:invokeRatis(113)) - Invoking method public abstract void org.apache.hadoop.hdds.scm.container.ContainerStateManagerV2.addContainer(org.apache.hadoop.hdds.protocol.proto.HddsProtos$ContainerInfoProto) throws java.io.IOException on target org.apache.hadoop.hdds.scm.ha.SCMRatisServerImpl@5cbb90de, cost 5676.428us
2021-05-22 19:12:37,682 [Datanode State Machine Thread - 0] ERROR datanode.RunningDatanodeState (RunningDatanodeState.java:computeNextContainerState(199)) - Error in executing end point task.
java.util.concurrent.ExecutionException: java.util.concurrent.TimeoutException
	at java.util.concurrent.FutureTask.report(FutureTask.java:122)
	at java.util.concurrent.FutureTask.get(FutureTask.java:192)
	at org.apache.hadoop.ozone.container.common.states.datanode.RunningDatanodeState.computeNextContainerState(RunningDatanodeState.java:191)
	at org.apache.hadoop.ozone.container.common.states.datanode.RunningDatanodeState.await(RunningDatanodeState.java:231)
	at org.apache.hadoop.ozone.container.common.states.datanode.RunningDatanodeState.await(RunningDatanodeState.java:50)
	at org.apache.hadoop.ozone.container.common.statemachine.StateContext.execute(StateContext.java:579)
	at org.apache.hadoop.ozone.container.common.statemachine.DatanodeStateMachine.start(DatanodeStateMachine.java:233)
	at org.apache.hadoop.ozone.container.common.statemachine.DatanodeStateMachine.lambda$startDaemon$0(DatanodeStateMachine.java:410)
	at java.lang.Thread.run(Thread.java:748)
Caused by: java.util.concurrent.TimeoutException
	at java.util.concurrent.FutureTask.get(FutureTask.java:205)
	at org.apache.hadoop.ozone.container.common.states.datanode.RunningDatanodeState.lambda$execute$0(RunningDatanodeState.java:149)
	at java.util.concurrent.FutureTask.run(FutureTask.java:266)
	at java.util.concurrent.Executors$RunnableAdapter.call(Executors.java:511)
	at java.util.concurrent.FutureTask.run(FutureTask.java:266)
	at java.util.concurrent.ThreadPoolExecutor.runWorker(ThreadPoolExecutor.java:1149)
	at java.util.concurrent.ThreadPoolExecutor$Worker.run(ThreadPoolExecutor.java:624)
	... 1 more
2021-05-22 19:12:37,781 [c528a642-8365-4981-9ca8-5a52c1b1524d@group-6537B218274A-StateMachineUpdater] INFO  ha.SCMStateMachine (SCMStateMachine.java:takeSnapshot(282)) - Current Snapshot Index 200, takeSnapshot took 0 ms
2021-05-22 19:12:37,781 [c528a642-8365-4981-9ca8-5a52c1b1524d@group-6537B218274A-StateMachineUpdater] INFO  impl.StateMachineUpdater (StateMachineUpdater.java:takeSnapshot(281)) - c528a642-8365-4981-9ca8-5a52c1b1524d@group-6537B218274A-StateMachineUpdater: Took a snapshot at index 200
2021-05-22 19:12:37,781 [c528a642-8365-4981-9ca8-5a52c1b1524d@group-6537B218274A-StateMachineUpdater] INFO  impl.StateMachineUpdater (StateMachineUpdater.java:lambda$new$0(89)) - c528a642-8365-4981-9ca8-5a52c1b1524d@group-6537B218274A-StateMachineUpdater: snapshotIndex: updateIncreasingly 195 -> 200
2021-05-22 19:12:37,782 [c528a642-8365-4981-9ca8-5a52c1b1524d@group-6537B218274A-StateMachineUpdater] INFO  raftlog.RaftLog (RaftLogBase.java:purge(306)) - c528a642-8365-4981-9ca8-5a52c1b1524d@group-6537B218274A-SegmentedRaftLog: purge 200
2021-05-22 19:12:37,782 [c528a642-8365-4981-9ca8-5a52c1b1524d@group-6537B218274A-StateMachineUpdater] INFO  raftlog.RaftLog (RaftLogBase.java:lambda$new$0(53)) - c528a642-8365-4981-9ca8-5a52c1b1524d@group-6537B218274A-SegmentedRaftLog: snapshotIndex: updateIncreasingly 195 -> 200
2021-05-22 19:12:37,782 [c528a642-8365-4981-9ca8-5a52c1b1524d@group-6537B218274A-StateMachineUpdater] INFO  raftlog.RaftLog (RaftLogBase.java:lambda$new$0(53)) - c528a642-8365-4981-9ca8-5a52c1b1524d@group-6537B218274A-SegmentedRaftLog: purgeIndex: updateToMax old=195, new=200, updated? true
2021-05-22 19:12:37,784 [Listener at 127.0.0.1/13280] INFO  ha.SCMHAInvocationHandler (SCMHAInvocationHandler.java:invokeRatis(113)) - Invoking method public abstract void org.apache.hadoop.hdds.scm.container.ContainerStateManagerV2.addContainer(org.apache.hadoop.hdds.protocol.proto.HddsProtos$ContainerInfoProto) throws java.io.IOException on target org.apache.hadoop.hdds.scm.ha.SCMRatisServerImpl@5cbb90de, cost 6200.631us
2021-05-22 19:12:37,886 [Listener at 127.0.0.1/13280] INFO  server.StorageContainerManager (StorageContainerManager.java:start(1186)) - StorageContainerLocationProtocol RPC server is listening at /0.0.0.0:12403
2021-05-22 19:12:37,886 [Listener at 127.0.0.1/13280] INFO  ha.SCMRatisServerImpl (SCMRatisServerImpl.java:start(171)) - starting ratis server 0.0.0.0:12400
2021-05-22 19:12:37,886 [Listener at 127.0.0.1/13280] INFO  server.RaftServer$Division (RaftServerImpl.java:start(298)) - 8a633b72-b43a-415e-aba0-49de5ef1a57a@group-6537B218274A: start with initializing state, conf=-1: [], old=null
2021-05-22 19:12:37,886 [Listener at 127.0.0.1/13280] INFO  server.RaftServer$Division (RaftServerImpl.java:setRole(284)) - 8a633b72-b43a-415e-aba0-49de5ef1a57a@group-6537B218274A: changes role from      null to FOLLOWER at term 0 for startInitializing
2021-05-22 19:12:37,887 [Listener at 127.0.0.1/13280] INFO  util.JmxRegister (JmxRegister.java:tryRegister(44)) - Successfully registered JMX Bean with object name Ratis:service=RaftServer,group=group-6537B218274A,id=8a633b72-b43a-415e-aba0-49de5ef1a57a
2021-05-22 19:12:37,887 [Listener at 127.0.0.1/13280] INFO  metrics.RatisMetrics (RatisMetrics.java:lambda$create$0(36)) - Creating Metrics Registry : ratis.state_machine.8a633b72-b43a-415e-aba0-49de5ef1a57a@group-6537B218274A
2021-05-22 19:12:37,889 [Listener at 127.0.0.1/13280] INFO  server.RaftServer (RaftServerProxy.java:lambda$start$5(374)) - 8a633b72-b43a-415e-aba0-49de5ef1a57a: start RPC server
2021-05-22 19:12:37,892 [Listener at 127.0.0.1/13280] INFO  server.GrpcService (GrpcService.java:startImpl(253)) - 8a633b72-b43a-415e-aba0-49de5ef1a57a: GrpcService started, listening on 12400
2021-05-22 19:12:37,893 [org.apache.ratis.util.JvmPauseMonitor$$Lambda$484/882706486@7de922ba] INFO  util.JvmPauseMonitor (JvmPauseMonitor.java:run(103)) - JvmPauseMonitor-8a633b72-b43a-415e-aba0-49de5ef1a57a: Started
2021-05-22 19:12:37,896 [Listener at 127.0.0.1/13280] INFO  ha.SCMNodeInfo (SCMNodeInfo.java:getPort(197)) - ConfigKey ozone.scm.client.address is deprecated, For configuring different ports for each SCM use PortConfigKey ozone.scm.client.port appended with serviceId and nodeId
2021-05-22 19:12:37,896 [Listener at 127.0.0.1/13280] INFO  ha.SCMNodeInfo (SCMNodeInfo.java:getPort(197)) - ConfigKey ozone.scm.block.client.address is deprecated, For configuring different ports for each SCM use PortConfigKey ozone.scm.block.client.port appended with serviceId and nodeId
2021-05-22 19:12:37,896 [Listener at 127.0.0.1/13280] INFO  ha.SCMNodeInfo (SCMNodeInfo.java:getPort(197)) - ConfigKey ozone.scm.datanode.address is deprecated, For configuring different ports for each SCM use PortConfigKey ozone.scm.datanode.port appended with serviceId and nodeId
2021-05-22 19:12:37,896 [Listener at 127.0.0.1/13280] INFO  ha.SCMNodeInfo (SCMNodeInfo.java:getPort(197)) - ConfigKey ozone.scm.client.address is deprecated, For configuring different ports for each SCM use PortConfigKey ozone.scm.client.port appended with serviceId and nodeId
2021-05-22 19:12:37,896 [Listener at 127.0.0.1/13280] INFO  ha.SCMNodeInfo (SCMNodeInfo.java:getPort(197)) - ConfigKey ozone.scm.block.client.address is deprecated, For configuring different ports for each SCM use PortConfigKey ozone.scm.block.client.port appended with serviceId and nodeId
2021-05-22 19:12:37,897 [Listener at 127.0.0.1/13280] INFO  ha.SCMNodeInfo (SCMNodeInfo.java:getPort(197)) - ConfigKey ozone.scm.datanode.address is deprecated, For configuring different ports for each SCM use PortConfigKey ozone.scm.datanode.port appended with serviceId and nodeId
2021-05-22 19:12:37,897 [Listener at 127.0.0.1/13280] INFO  ha.SCMNodeInfo (SCMNodeInfo.java:getPort(197)) - ConfigKey ozone.scm.client.address is deprecated, For configuring different ports for each SCM use PortConfigKey ozone.scm.client.port appended with serviceId and nodeId
2021-05-22 19:12:37,897 [Listener at 127.0.0.1/13280] INFO  ha.SCMNodeInfo (SCMNodeInfo.java:getPort(197)) - ConfigKey ozone.scm.block.client.address is deprecated, For configuring different ports for each SCM use PortConfigKey ozone.scm.block.client.port appended with serviceId and nodeId
2021-05-22 19:12:37,897 [Listener at 127.0.0.1/13280] INFO  ha.SCMNodeInfo (SCMNodeInfo.java:getPort(197)) - ConfigKey ozone.scm.datanode.address is deprecated, For configuring different ports for each SCM use PortConfigKey ozone.scm.datanode.port appended with serviceId and nodeId
2021-05-22 19:12:37,908 [IPC Server handler 2 on default port 12382] INFO  ha.SCMRatisServerImpl (SCMRatisServerImpl.java:addSCM(282)) - b5b91537-3281-48b1-9597-8f2f653ada85: Submitting SetConfiguration request to Ratis server with new SCM peers list: [c528a642-8365-4981-9ca8-5a52c1b1524d|rpc:localhost:12390|priority:0, b5b91537-3281-48b1-9597-8f2f653ada85|rpc:localhost:12380|admin:|client:|dataStream:|priority:0, 8a633b72-b43a-415e-aba0-49de5ef1a57a|rpc:localhost:12400|priority:0]
2021-05-22 19:12:37,909 [IPC Server handler 2 on default port 12382] INFO  server.RaftServer$Division (RaftServerImpl.java:setConfigurationAsync(970)) - b5b91537-3281-48b1-9597-8f2f653ada85@group-6537B218274A: receive setConfiguration SetConfigurationRequest:client-72ABBF6E374E->b5b91537-3281-48b1-9597-8f2f653ada85@group-6537B218274A, cid=99, seq=0, RW, null, peers:[c528a642-8365-4981-9ca8-5a52c1b1524d|rpc:localhost:12390|priority:0, b5b91537-3281-48b1-9597-8f2f653ada85|rpc:localhost:12380|admin:|client:|dataStream:|priority:0, 8a633b72-b43a-415e-aba0-49de5ef1a57a|rpc:localhost:12400|priority:0]
2021-05-22 19:12:37,909 [IPC Server handler 2 on default port 12382] INFO  server.RaftServer$Division (LeaderStateImpl.java:startSetConfiguration(345)) - b5b91537-3281-48b1-9597-8f2f653ada85@group-6537B218274A-LeaderStateImpl: startSetConfiguration SetConfigurationRequest:client-72ABBF6E374E->b5b91537-3281-48b1-9597-8f2f653ada85@group-6537B218274A, cid=99, seq=0, RW, null, peers:[c528a642-8365-4981-9ca8-5a52c1b1524d|rpc:localhost:12390|priority:0, b5b91537-3281-48b1-9597-8f2f653ada85|rpc:localhost:12380|admin:|client:|dataStream:|priority:0, 8a633b72-b43a-415e-aba0-49de5ef1a57a|rpc:localhost:12400|priority:0]
2021-05-22 19:12:37,909 [IPC Server handler 2 on default port 12382] INFO  server.RaftServerConfigKeys (ConfUtils.java:logGet(44)) - raft.server.log.appender.snapshot.chunk.size.max = 16MB (=16777216) (default)
2021-05-22 19:12:37,910 [IPC Server handler 2 on default port 12382] INFO  server.RaftServerConfigKeys (ConfUtils.java:logGet(44)) - raft.server.log.appender.buffer.byte-limit = 33554432 (custom)
2021-05-22 19:12:37,910 [IPC Server handler 2 on default port 12382] INFO  server.RaftServerConfigKeys (ConfUtils.java:logGet(44)) - raft.server.log.appender.buffer.element-limit = 33554432 (custom)
2021-05-22 19:12:38,031 [IPC Server handler 2 on default port 12382] INFO  grpc.GrpcConfigKeys (ConfUtils.java:logGet(44)) - raft.grpc.server.leader.outstanding.appends.max = 128 (default)
2021-05-22 19:12:38,032 [IPC Server handler 2 on default port 12382] INFO  server.RaftServerConfigKeys (ConfUtils.java:logGet(44)) - raft.server.rpc.request.timeout = 3000ms (default)
2021-05-22 19:12:38,032 [IPC Server handler 2 on default port 12382] INFO  server.RaftServerConfigKeys (ConfUtils.java:logGet(44)) - raft.server.log.appender.install.snapshot.enabled = false (custom)
2021-05-22 19:12:38,033 [b5b91537-3281-48b1-9597-8f2f653ada85@group-6537B218274A->8a633b72-b43a-415e-aba0-49de5ef1a57a-GrpcLogAppender-LogAppenderDaemon] INFO  server.GrpcLogAppender (GrpcLogAppender.java:installSnapshot(524)) - b5b91537-3281-48b1-9597-8f2f653ada85@group-6537B218274A->8a633b72-b43a-415e-aba0-49de5ef1a57a-GrpcLogAppender: followerNextIndex = 0 but logStartIndex = 106, notify follower to install snapshot-(t:2, i:106)
2021-05-22 19:12:38,041 [b5b91537-3281-48b1-9597-8f2f653ada85@group-6537B218274A->8a633b72-b43a-415e-aba0-49de5ef1a57a-GrpcLogAppender-LogAppenderDaemon] INFO  server.GrpcLogAppender (GrpcLogAppender.java:installSnapshot(532)) - b5b91537-3281-48b1-9597-8f2f653ada85@group-6537B218274A->8a633b72-b43a-415e-aba0-49de5ef1a57a-GrpcLogAppender: send b5b91537-3281-48b1-9597-8f2f653ada85->8a633b72-b43a-415e-aba0-49de5ef1a57a#0-t2,notify:(t:2, i:106)
2021-05-22 19:12:38,050 [grpc-default-executor-2] INFO  metrics.RatisMetrics (RatisMetrics.java:lambda$create$0(36)) - Creating Metrics Registry : ratis.server_message_metrics.8a633b72-b43a-415e-aba0-49de5ef1a57a
2021-05-22 19:12:38,054 [grpc-default-executor-2] INFO  server.RaftServer$Division (RaftServerImpl.java:installSnapshot(1328)) - 8a633b72-b43a-415e-aba0-49de5ef1a57a@group-6537B218274A: receive installSnapshot: b5b91537-3281-48b1-9597-8f2f653ada85->8a633b72-b43a-415e-aba0-49de5ef1a57a#0-t2,notify:(t:2, i:106)
2021-05-22 19:12:38,056 [grpc-default-executor-2] INFO  ha.SCMStateMachine (SCMStateMachine.java:notifyLeaderChanged(233)) - leader changed, yet current SCM is still follower.
2021-05-22 19:12:38,056 [grpc-default-executor-2] INFO  server.RaftServer$Division (ServerState.java:setLeader(271)) - 8a633b72-b43a-415e-aba0-49de5ef1a57a@group-6537B218274A: change Leader from null to b5b91537-3281-48b1-9597-8f2f653ada85 at term 2 for installSnapshot, leader elected after 24569ms
2021-05-22 19:12:38,059 [grpc-default-executor-2] INFO  server.RaftServer$Division (RaftServerImpl.java:notifyStateMachineToInstallSnapshot(1580)) - 8a633b72-b43a-415e-aba0-49de5ef1a57a@group-6537B218274A: notifyInstallSnapshot: nextIndex is 0 but the leader's first available index is 106.
2021-05-22 19:12:38,060 [grpc-default-executor-2] INFO  ha.SCMStateMachine (SCMStateMachine.java:notifyInstallSnapshotFromLeader(201)) - Received install snapshot notification from SCM leader: localhost:12380 with term index: (t:2, i:106)
2021-05-22 19:12:38,061 [pool-55-thread-1] INFO  ha.SCMHAManagerImpl (SCMHAManagerImpl.java:getDBCheckpointFromLeader(206)) - Downloading checkpoint from leader SCM scmNode-1 and reloading state from the checkpoint.
2021-05-22 19:12:38,097 [grpc-default-executor-3] INFO  ha.SCMDBCheckpointProvider (SCMDBCheckpointProvider.java:writeDBCheckPointToSream(46)) - Received request to obtain SCM DB checkpoint snapshot
2021-05-22 19:12:38,116 [grpc-default-executor-3] INFO  db.RDBCheckpointManager (RDBCheckpointManager.java:createCheckpoint(86)) - Created checkpoint at /github/workspace/mnt/ozone/hadoop-ozone/integration-test/target/test-dir/MiniOzoneClusterImpl-5713c1a7-fb90-4566-9593-6537b218274a/scmNode-1/db.checkpoints/scm.db_checkpoint_1621710758098 in 18 milliseconds
2021-05-22 19:12:38,168 [37ad4b1d-96aa-49b2-b7c2-5ba74b6ff263@group-548F0586065B-FollowerState] INFO  impl.FollowerState (FollowerState.java:run(134)) - 37ad4b1d-96aa-49b2-b7c2-5ba74b6ff263@group-548F0586065B-FollowerState: change to CANDIDATE, lastRpcElapsedTime:5024890787ns, electionTimeout:5023ms
2021-05-22 19:12:38,168 [37ad4b1d-96aa-49b2-b7c2-5ba74b6ff263@group-548F0586065B-FollowerState] INFO  impl.RoleInfo (RoleInfo.java:shutdownFollowerState(108)) - 37ad4b1d-96aa-49b2-b7c2-5ba74b6ff263: shutdown 37ad4b1d-96aa-49b2-b7c2-5ba74b6ff263@group-548F0586065B-FollowerState
2021-05-22 19:12:38,168 [37ad4b1d-96aa-49b2-b7c2-5ba74b6ff263@group-548F0586065B-FollowerState] INFO  server.RaftServer$Division (RaftServerImpl.java:setRole(284)) - 37ad4b1d-96aa-49b2-b7c2-5ba74b6ff263@group-548F0586065B: changes role from  FOLLOWER to CANDIDATE at term 2 for changeToCandidate
2021-05-22 19:12:38,169 [37ad4b1d-96aa-49b2-b7c2-5ba74b6ff263@group-548F0586065B-FollowerState] INFO  server.RaftServerConfigKeys (ConfUtils.java:logGet(44)) - raft.server.leaderelection.pre-vote = false (custom)
2021-05-22 19:12:38,169 [37ad4b1d-96aa-49b2-b7c2-5ba74b6ff263@group-548F0586065B-FollowerState] INFO  impl.RoleInfo (RoleInfo.java:updateAndGet(130)) - 37ad4b1d-96aa-49b2-b7c2-5ba74b6ff263: start 37ad4b1d-96aa-49b2-b7c2-5ba74b6ff263@group-548F0586065B-LeaderElection10
2021-05-22 19:12:38,188 [37ad4b1d-96aa-49b2-b7c2-5ba74b6ff263@group-548F0586065B-LeaderElection10] INFO  impl.LeaderElection (LeaderElection.java:askForVotes(306)) - 37ad4b1d-96aa-49b2-b7c2-5ba74b6ff263@group-548F0586065B-LeaderElection10 ELECTION round 0: submit vote requests at term 3 for -1: [ea0eae10-41b3-4db6-9afe-6a980641cba9|rpc:127.0.0.1:38377|dataStream:|priority:0, 77d60ed4-b7ae-47d8-b664-0086abc1b028|rpc:127.0.0.1:42583|dataStream:|priority:0, 37ad4b1d-96aa-49b2-b7c2-5ba74b6ff263|rpc:127.0.0.1:40699|dataStream:|priority:1], old=null
2021-05-22 19:12:38,196 [grpc-default-executor-3] INFO  ha.SCMGrpcOutputStream (SCMGrpcOutputStream.java:close(111)) - Sent 7518 bytes for cluster 5713c1a7-fb90-4566-9593-6537b218274a
2021-05-22 19:12:38,197 [grpc-default-executor-3] INFO  ha.SCMDBCheckpointProvider (SCMDBCheckpointProvider.java:writeDBCheckPointToSream(71)) - Time taken to write the checkpoint to response output stream: 76 milliseconds
2021-05-22 19:12:38,197 [grpc-default-executor-3] INFO  db.RocksDBCheckpoint (RocksDBCheckpoint.java:cleanupCheckpoint(78)) - Cleaning up RocksDB checkpoint at /github/workspace/mnt/ozone/hadoop-ozone/integration-test/target/test-dir/MiniOzoneClusterImpl-5713c1a7-fb90-4566-9593-6537b218274a/scmNode-1/db.checkpoints/scm.db_checkpoint_1621710758098
2021-05-22 19:12:38,221 [grpc-default-executor-0] INFO  ha.InterSCMGrpcClient (InterSCMGrpcClient.java:onCompleted(169)) - Checkpoint is downloaded to /github/workspace/mnt/ozone/hadoop-ozone/integration-test/target/test-dir/MiniOzoneClusterImpl-5713c1a7-fb90-4566-9593-6537b218274a/scmNode-3/snapshot/scm.db-scmNode-1-1621710758061.tar.gz
2021-05-22 19:12:38,225 [grpc-default-executor-2] INFO  server.RaftServer$Division (RaftServerImpl.java:installSnapshotImpl(1458)) - 8a633b72-b43a-415e-aba0-49de5ef1a57a@group-6537B218274A: set new configuration index: 5
configurationEntry {
  peers {
    id: "c528a642-8365-4981-9ca8-5a52c1b1524d"
    address: "localhost:12390"
  }
  peers {
    id: "b5b91537-3281-48b1-9597-8f2f653ada85"
    address: "localhost:12380"
  }
}
 from snapshot
2021-05-22 19:12:38,227 [grpc-default-executor-2] INFO  server.RaftServer$Division (ServerState.java:setRaftConf(373)) - 8a633b72-b43a-415e-aba0-49de5ef1a57a@group-6537B218274A: set configuration 5: [c528a642-8365-4981-9ca8-5a52c1b1524d|rpc:localhost:12390|admin:|client:|dataStream:|priority:0, b5b91537-3281-48b1-9597-8f2f653ada85|rpc:localhost:12380|admin:|client:|dataStream:|priority:0], old=null
2021-05-22 19:12:38,227 [grpc-default-executor-2] INFO  server.RaftServer$Division (RaftServerImpl.java:installSnapshot(1339)) - 8a633b72-b43a-415e-aba0-49de5ef1a57a@group-6537B218274A: reply installSnapshot: b5b91537-3281-48b1-9597-8f2f653ada85<-8a633b72-b43a-415e-aba0-49de5ef1a57a#0:FAIL-t0,IN_PROGRESS
2021-05-22 19:12:38,231 [grpc-default-executor-2] INFO  server.GrpcServerProtocolService (GrpcServerProtocolService.java:onCompleted(140)) - 8a633b72-b43a-415e-aba0-49de5ef1a57a: Completed INSTALL_SNAPSHOT, lastRequest: b5b91537-3281-48b1-9597-8f2f653ada85->8a633b72-b43a-415e-aba0-49de5ef1a57a#0-t2,notify:(t:2, i:106)
2021-05-22 19:12:38,234 [grpc-default-executor-3] INFO  server.GrpcLogAppender (GrpcLogAppender.java:onNext(400)) - b5b91537-3281-48b1-9597-8f2f653ada85@group-6537B218274A->8a633b72-b43a-415e-aba0-49de5ef1a57a-InstallSnapshotResponseHandler: received the first reply b5b91537-3281-48b1-9597-8f2f653ada85<-8a633b72-b43a-415e-aba0-49de5ef1a57a#0:FAIL-t0,IN_PROGRESS
2021-05-22 19:12:38,241 [grpc-default-executor-3] INFO  server.GrpcLogAppender (GrpcLogAppender.java:onNext(417)) - b5b91537-3281-48b1-9597-8f2f653ada85@group-6537B218274A->8a633b72-b43a-415e-aba0-49de5ef1a57a-InstallSnapshotResponseHandler: InstallSnapshot in progress.
2021-05-22 19:12:38,241 [grpc-default-executor-2] INFO  server.RaftServer$Division (RaftServerImpl.java:requestVote(1042)) - ea0eae10-41b3-4db6-9afe-6a980641cba9@group-548F0586065B: receive requestVote(ELECTION, 37ad4b1d-96aa-49b2-b7c2-5ba74b6ff263, group-548F0586065B, 3, (t:0, i:0))
2021-05-22 19:12:38,244 [grpc-default-executor-2] INFO  impl.VoteContext (VoteContext.java:log(48)) - ea0eae10-41b3-4db6-9afe-6a980641cba9@group-548F0586065B-FOLLOWER: accept ELECTION from 37ad4b1d-96aa-49b2-b7c2-5ba74b6ff263: our priority 0 <= candidate's priority 1
2021-05-22 19:12:38,244 [grpc-default-executor-2] INFO  server.RaftServer$Division (RaftServerImpl.java:setRole(284)) - ea0eae10-41b3-4db6-9afe-6a980641cba9@group-548F0586065B: changes role from  FOLLOWER to FOLLOWER at term 3 for candidate:37ad4b1d-96aa-49b2-b7c2-5ba74b6ff263
2021-05-22 19:12:38,244 [grpc-default-executor-2] INFO  impl.RoleInfo (RoleInfo.java:shutdownFollowerState(108)) - ea0eae10-41b3-4db6-9afe-6a980641cba9: shutdown ea0eae10-41b3-4db6-9afe-6a980641cba9@group-548F0586065B-FollowerState
2021-05-22 19:12:38,244 [grpc-default-executor-2] INFO  impl.RoleInfo (RoleInfo.java:updateAndGet(130)) - ea0eae10-41b3-4db6-9afe-6a980641cba9: start ea0eae10-41b3-4db6-9afe-6a980641cba9@group-548F0586065B-FollowerState
2021-05-22 19:12:38,244 [ea0eae10-41b3-4db6-9afe-6a980641cba9@group-548F0586065B-FollowerState] INFO  impl.FollowerState (FollowerState.java:run(143)) - ea0eae10-41b3-4db6-9afe-6a980641cba9@group-548F0586065B-FollowerState was interrupted: {}
java.lang.InterruptedException: sleep interrupted
	at java.lang.Thread.sleep(Native Method)
	at java.lang.Thread.sleep(Thread.java:340)
	at java.util.concurrent.TimeUnit.sleep(TimeUnit.java:386)
	at org.apache.ratis.util.TimeDuration.sleep(TimeDuration.java:324)
	at org.apache.ratis.util.TimeDuration.sleep(TimeDuration.java:309)
	at org.apache.ratis.server.impl.FollowerState.run(FollowerState.java:118)
2021-05-22 19:12:38,244 [b5b91537-3281-48b1-9597-8f2f653ada85@group-6537B218274A->8a633b72-b43a-415e-aba0-49de5ef1a57a-GrpcLogAppender-LogAppenderDaemon] INFO  server.GrpcLogAppender (GrpcLogAppender.java:installSnapshot(524)) - b5b91537-3281-48b1-9597-8f2f653ada85@group-6537B218274A->8a633b72-b43a-415e-aba0-49de5ef1a57a-GrpcLogAppender: followerNextIndex = 0 but logStartIndex = 106, notify follower to install snapshot-(t:2, i:106)
2021-05-22 19:12:38,241 [grpc-default-executor-0] INFO  server.RaftServer$Division (RaftServerImpl.java:requestVote(1042)) - 77d60ed4-b7ae-47d8-b664-0086abc1b028@group-548F0586065B: receive requestVote(ELECTION, 37ad4b1d-96aa-49b2-b7c2-5ba74b6ff263, group-548F0586065B, 3, (t:0, i:0))
2021-05-22 19:12:38,245 [grpc-default-executor-0] INFO  impl.VoteContext (VoteContext.java:log(48)) - 77d60ed4-b7ae-47d8-b664-0086abc1b028@group-548F0586065B-FOLLOWER: accept ELECTION from 37ad4b1d-96aa-49b2-b7c2-5ba74b6ff263: our priority 0 <= candidate's priority 1
2021-05-22 19:12:38,245 [b5b91537-3281-48b1-9597-8f2f653ada85@group-6537B218274A->8a633b72-b43a-415e-aba0-49de5ef1a57a-GrpcLogAppender-LogAppenderDaemon] INFO  server.GrpcLogAppender (GrpcLogAppender.java:installSnapshot(532)) - b5b91537-3281-48b1-9597-8f2f653ada85@group-6537B218274A->8a633b72-b43a-415e-aba0-49de5ef1a57a-GrpcLogAppender: send b5b91537-3281-48b1-9597-8f2f653ada85->8a633b72-b43a-415e-aba0-49de5ef1a57a#0-t2,notify:(t:2, i:106)
2021-05-22 19:12:38,245 [grpc-default-executor-0] INFO  server.RaftServer$Division (RaftServerImpl.java:setRole(284)) - 77d60ed4-b7ae-47d8-b664-0086abc1b028@group-548F0586065B: changes role from  FOLLOWER to FOLLOWER at term 3 for candidate:37ad4b1d-96aa-49b2-b7c2-5ba74b6ff263
2021-05-22 19:12:38,245 [grpc-default-executor-0] INFO  impl.RoleInfo (RoleInfo.java:shutdownFollowerState(108)) - 77d60ed4-b7ae-47d8-b664-0086abc1b028: shutdown 77d60ed4-b7ae-47d8-b664-0086abc1b028@group-548F0586065B-FollowerState
2021-05-22 19:12:38,248 [grpc-default-executor-0] INFO  impl.RoleInfo (RoleInfo.java:updateAndGet(130)) - 77d60ed4-b7ae-47d8-b664-0086abc1b028: start 77d60ed4-b7ae-47d8-b664-0086abc1b028@group-548F0586065B-FollowerState
2021-05-22 19:12:38,248 [77d60ed4-b7ae-47d8-b664-0086abc1b028@group-548F0586065B-FollowerState] INFO  impl.FollowerState (FollowerState.java:run(143)) - 77d60ed4-b7ae-47d8-b664-0086abc1b028@group-548F0586065B-FollowerState was interrupted: {}
java.lang.InterruptedException: sleep interrupted
	at java.lang.Thread.sleep(Native Method)
	at java.lang.Thread.sleep(Thread.java:340)
	at java.util.concurrent.TimeUnit.sleep(TimeUnit.java:386)
	at org.apache.ratis.util.TimeDuration.sleep(TimeDuration.java:324)
	at org.apache.ratis.util.TimeDuration.sleep(TimeDuration.java:309)
	at org.apache.ratis.server.impl.FollowerState.run(FollowerState.java:118)
2021-05-22 19:12:38,249 [grpc-default-executor-2] INFO  server.RaftServer$Division (RaftServerImpl.java:requestVote(1074)) - ea0eae10-41b3-4db6-9afe-6a980641cba9@group-548F0586065B replies to ELECTION vote request: 37ad4b1d-96aa-49b2-b7c2-5ba74b6ff263<-ea0eae10-41b3-4db6-9afe-6a980641cba9#0:OK-t3. Peer's state: ea0eae10-41b3-4db6-9afe-6a980641cba9@group-548F0586065B:t3, leader=null, voted=37ad4b1d-96aa-49b2-b7c2-5ba74b6ff263, raftlog=ea0eae10-41b3-4db6-9afe-6a980641cba9@group-548F0586065B-SegmentedRaftLog:OPENED:c-1,f-1,i0, conf=-1: [ea0eae10-41b3-4db6-9afe-6a980641cba9|rpc:127.0.0.1:38377|priority:0, 77d60ed4-b7ae-47d8-b664-0086abc1b028|rpc:127.0.0.1:42583|priority:0, 37ad4b1d-96aa-49b2-b7c2-5ba74b6ff263|rpc:127.0.0.1:40699|priority:1], old=null
2021-05-22 19:12:38,251 [grpc-default-executor-1] INFO  impl.RoleInfo (RoleInfo.java:updateAndGet(130)) - 8a633b72-b43a-415e-aba0-49de5ef1a57a: start 8a633b72-b43a-415e-aba0-49de5ef1a57a@group-6537B218274A-FollowerState
2021-05-22 19:12:38,252 [grpc-default-executor-1] INFO  server.RaftServer$Division (RaftServerImpl.java:checkInconsistentAppendEntries(1292)) - 8a633b72-b43a-415e-aba0-49de5ef1a57a@group-6537B218274A: Failed appendEntries as snapshot ((t:2, i:106)) installation is in progress
2021-05-22 19:12:38,252 [grpc-default-executor-1] INFO  server.RaftServer$Division (RaftServerImpl.java:checkInconsistentAppendEntries(1284)) - 8a633b72-b43a-415e-aba0-49de5ef1a57a@group-6537B218274A: inconsistency entries. Reply:b5b91537-3281-48b1-9597-8f2f653ada85<-8a633b72-b43a-415e-aba0-49de5ef1a57a#0:FAIL-t2,INCONSISTENCY,nextIndex=0,followerCommit=-1
2021-05-22 19:12:38,258 [37ad4b1d-96aa-49b2-b7c2-5ba74b6ff263@group-548F0586065B-LeaderElection10] INFO  impl.LeaderElection (LeaderElection.java:logAndReturn(89)) - 37ad4b1d-96aa-49b2-b7c2-5ba74b6ff263@group-548F0586065B-LeaderElection10: ELECTION PASSED received 1 response(s) and 0 exception(s):
2021-05-22 19:12:38,258 [37ad4b1d-96aa-49b2-b7c2-5ba74b6ff263@group-548F0586065B-LeaderElection10] INFO  impl.LeaderElection (LeaderElection.java:logAndReturn(93)) -   Response 0: 37ad4b1d-96aa-49b2-b7c2-5ba74b6ff263<-ea0eae10-41b3-4db6-9afe-6a980641cba9#0:OK-t3
2021-05-22 19:12:38,258 [37ad4b1d-96aa-49b2-b7c2-5ba74b6ff263@group-548F0586065B-LeaderElection10] INFO  impl.LeaderElection (LeaderElection.java:askForVotes(308)) - 37ad4b1d-96aa-49b2-b7c2-5ba74b6ff263@group-548F0586065B-LeaderElection10 ELECTION round 0: result PASSED
2021-05-22 19:12:38,258 [37ad4b1d-96aa-49b2-b7c2-5ba74b6ff263@group-548F0586065B-LeaderElection10] INFO  impl.RoleInfo (RoleInfo.java:shutdownLeaderElection(121)) - 37ad4b1d-96aa-49b2-b7c2-5ba74b6ff263: shutdown 37ad4b1d-96aa-49b2-b7c2-5ba74b6ff263@group-548F0586065B-LeaderElection10
2021-05-22 19:12:38,258 [37ad4b1d-96aa-49b2-b7c2-5ba74b6ff263@group-548F0586065B-LeaderElection10] INFO  server.RaftServer$Division (RaftServerImpl.java:setRole(284)) - 37ad4b1d-96aa-49b2-b7c2-5ba74b6ff263@group-548F0586065B: changes role from CANDIDATE to LEADER at term 3 for changeToLeader
2021-05-22 19:12:38,259 [37ad4b1d-96aa-49b2-b7c2-5ba74b6ff263@group-548F0586065B-LeaderElection10] INFO  ratis.XceiverServerRatis (XceiverServerRatis.java:handleLeaderChangedNotification(906)) - Leader change notification received for group: group-548F0586065B with new leaderId: 37ad4b1d-96aa-49b2-b7c2-5ba74b6ff263
2021-05-22 19:12:38,260 [grpc-default-executor-4] INFO  server.RaftServer$Division (RaftServerImpl.java:installSnapshot(1328)) - 8a633b72-b43a-415e-aba0-49de5ef1a57a@group-6537B218274A: receive installSnapshot: b5b91537-3281-48b1-9597-8f2f653ada85->8a633b72-b43a-415e-aba0-49de5ef1a57a#0-t2,notify:(t:2, i:106)
2021-05-22 19:12:38,260 [grpc-default-executor-4] INFO  server.RaftServer$Division (RaftServerImpl.java:notifyStateMachineToInstallSnapshot(1610)) - 8a633b72-b43a-415e-aba0-49de5ef1a57a@group-6537B218274A: Snapshot Installation by StateMachine is in progress.
2021-05-22 19:12:38,260 [grpc-default-executor-4] INFO  server.RaftServer$Division (RaftServerImpl.java:installSnapshotImpl(1458)) - 8a633b72-b43a-415e-aba0-49de5ef1a57a@group-6537B218274A: set new configuration index: 5
configurationEntry {
  peers {
    id: "c528a642-8365-4981-9ca8-5a52c1b1524d"
    address: "localhost:12390"
  }
  peers {
    id: "b5b91537-3281-48b1-9597-8f2f653ada85"
    address: "localhost:12380"
  }
}
 from snapshot
2021-05-22 19:12:38,260 [37ad4b1d-96aa-49b2-b7c2-5ba74b6ff263@group-548F0586065B-LeaderElection10] INFO  server.RaftServer$Division (ServerState.java:setLeader(271)) - 37ad4b1d-96aa-49b2-b7c2-5ba74b6ff263@group-548F0586065B: change Leader from null to 37ad4b1d-96aa-49b2-b7c2-5ba74b6ff263 at term 3 for becomeLeader, leader elected after 15138ms
2021-05-22 19:12:38,261 [37ad4b1d-96aa-49b2-b7c2-5ba74b6ff263@group-548F0586065B-LeaderElection10] INFO  server.RaftServerConfigKeys (ConfUtils.java:logGet(44)) - raft.server.staging.catchup.gap = 1000 (default)
2021-05-22 19:12:38,261 [37ad4b1d-96aa-49b2-b7c2-5ba74b6ff263@group-548F0586065B-LeaderElection10] INFO  metrics.RatisMetrics (RatisMetrics.java:lambda$create$0(36)) - Creating Metrics Registry : ratis.log_appender.37ad4b1d-96aa-49b2-b7c2-5ba74b6ff263@group-548F0586065B
2021-05-22 19:12:38,261 [37ad4b1d-96aa-49b2-b7c2-5ba74b6ff263@group-548F0586065B-LeaderElection10] INFO  server.RaftServerConfigKeys (ConfUtils.java:logGet(44)) - raft.server.write.element-limit = 1024 (custom)
2021-05-22 19:12:38,261 [37ad4b1d-96aa-49b2-b7c2-5ba74b6ff263@group-548F0586065B-LeaderElection10] INFO  server.RaftServerConfigKeys (ConfUtils.java:logGet(44)) - raft.server.write.byte-limit = 1073741824 (custom)
2021-05-22 19:12:38,261 [grpc-default-executor-4] INFO  server.RaftServer$Division (ServerState.java:setRaftConf(373)) - 8a633b72-b43a-415e-aba0-49de5ef1a57a@group-6537B218274A: set configuration 5: [c528a642-8365-4981-9ca8-5a52c1b1524d|rpc:localhost:12390|admin:|client:|dataStream:|priority:0, b5b91537-3281-48b1-9597-8f2f653ada85|rpc:localhost:12380|admin:|client:|dataStream:|priority:0], old=null
2021-05-22 19:12:38,265 [EventQueue-PipelineReportForPipelineReportHandler] INFO  pipeline.PipelineManagerV2Impl (PipelineManagerV2Impl.java:openPipeline(270)) - Pipeline Pipeline[ Id: ec650cfc-7280-4cb7-a628-548f0586065b, Nodes: 77d60ed4-b7ae-47d8-b664-0086abc1b028{ip: 127.0.0.1, host: localhost, ports: [REPLICATION=45017, RATIS=42583, RATIS_ADMIN=42583, RATIS_SERVER=42583, STANDALONE=39903], networkLocation: /default-rack, certSerialId: null, persistedOpState: IN_SERVICE, persistedOpStateExpiryEpochSec: 0}ea0eae10-41b3-4db6-9afe-6a980641cba9{ip: 127.0.0.1, host: localhost, ports: [REPLICATION=41745, RATIS=38377, RATIS_ADMIN=38377, RATIS_SERVER=38377, STANDALONE=33423], networkLocation: /default-rack, certSerialId: null, persistedOpState: IN_SERVICE, persistedOpStateExpiryEpochSec: 0}37ad4b1d-96aa-49b2-b7c2-5ba74b6ff263{ip: 127.0.0.1, host: localhost, ports: [REPLICATION=42943, RATIS=40699, RATIS_ADMIN=40699, RATIS_SERVER=40699, STANDALONE=41397], networkLocation: /default-rack, certSerialId: null, persistedOpState: IN_SERVICE, persistedOpStateExpiryEpochSec: 0}, ReplicationConfig: RATIS/THREE, State:ALLOCATED, leaderId:37ad4b1d-96aa-49b2-b7c2-5ba74b6ff263, CreationTimestamp2021-05-22T19:12:20.458Z] moved to OPEN state
2021-05-22 19:12:38,265 [EventQueue-PipelineReportForPipelineReportHandler] INFO  pipeline.PipelineManagerV2Impl (PipelineManagerV2Impl.java:openPipeline(270)) - Pipeline Pipeline[ Id: ec650cfc-7280-4cb7-a628-548f0586065b, Nodes: 77d60ed4-b7ae-47d8-b664-0086abc1b028{ip: 127.0.0.1, host: localhost, ports: [REPLICATION=45017, RATIS=42583, RATIS_ADMIN=42583, RATIS_SERVER=42583, STANDALONE=39903], networkLocation: /default-rack, certSerialId: null, persistedOpState: IN_SERVICE, persistedOpStateExpiryEpochSec: 0}ea0eae10-41b3-4db6-9afe-6a980641cba9{ip: 127.0.0.1, host: localhost, ports: [REPLICATION=41745, RATIS=38377, RATIS_ADMIN=38377, RATIS_SERVER=38377, STANDALONE=33423], networkLocation: /default-rack, certSerialId: null, persistedOpState: IN_SERVICE, persistedOpStateExpiryEpochSec: 0}37ad4b1d-96aa-49b2-b7c2-5ba74b6ff263{ip: 127.0.0.1, host: localhost, ports: [REPLICATION=42943, RATIS=40699, RATIS_ADMIN=40699, RATIS_SERVER=40699, STANDALONE=41397], networkLocation: /default-rack, certSerialId: null, persistedOpState: IN_SERVICE, persistedOpStateExpiryEpochSec: 0}, ReplicationConfig: RATIS/THREE, State:ALLOCATED, leaderId:37ad4b1d-96aa-49b2-b7c2-5ba74b6ff263, CreationTimestamp2021-05-22T19:12:20.458Z] moved to OPEN state
2021-05-22 19:12:38,267 [EventQueue-PipelineReportForPipelineReportHandler] INFO  ha.SCMHAInvocationHandler (SCMHAInvocationHandler.java:invokeRatis(113)) - Invoking method public abstract void org.apache.hadoop.hdds.scm.pipeline.StateManager.updatePipelineState(org.apache.hadoop.hdds.protocol.proto.HddsProtos$PipelineID,org.apache.hadoop.hdds.protocol.proto.HddsProtos$PipelineState) throws java.io.IOException on target org.apache.hadoop.hdds.scm.ha.SCMRatisServerImpl@7e745896, cost 317.802us
2021-05-22 19:12:38,267 [EventQueue-PipelineReportForPipelineReportHandler] ERROR pipeline.PipelineReportHandler (PipelineReportHandler.java:onMessage(93)) - Could not process pipeline report=pipelineID {
  id: "ec650cfc-7280-4cb7-a628-548f0586065b"
  uuid128 {
    mostSigBits: -1412708629718479689
    leastSigBits: -6473831491095361957
  }
}
isLeader: true
bytesWritten: 0
 from dn=37ad4b1d-96aa-49b2-b7c2-5ba74b6ff263{ip: 127.0.0.1, host: localhost, ports: [REPLICATION=42943, RATIS=40699, RATIS_ADMIN=40699, RATIS_SERVER=40699, STANDALONE=41397], networkLocation: /default-rack, certSerialId: null, persistedOpState: null, persistedOpStateExpiryEpochSec: 0}.
org.apache.ratis.protocol.exceptions.NotLeaderException: Server c528a642-8365-4981-9ca8-5a52c1b1524d@group-6537B218274A is not the leader b5b91537-3281-48b1-9597-8f2f653ada85|rpc:localhost:12380|admin:|client:|dataStream:|priority:0
	at org.apache.ratis.server.impl.RaftServerImpl.generateNotLeaderException(RaftServerImpl.java:661)
	at org.apache.ratis.server.impl.RaftServerImpl.checkLeaderState(RaftServerImpl.java:626)
	at org.apache.ratis.server.impl.RaftServerImpl.submitClientRequestAsync(RaftServerImpl.java:754)
	at org.apache.ratis.server.impl.RaftServerProxy.lambda$submitClientRequestAsync$9(RaftServerProxy.java:417)
	at org.apache.ratis.server.impl.RaftServerProxy.lambda$null$7(RaftServerProxy.java:412)
	at org.apache.ratis.util.JavaUtils.callAsUnchecked(JavaUtils.java:115)
	at org.apache.ratis.server.impl.RaftServerProxy.lambda$submitRequest$8(RaftServerProxy.java:412)
	at java.util.concurrent.CompletableFuture.uniComposeStage(CompletableFuture.java:995)
	at java.util.concurrent.CompletableFuture.thenCompose(CompletableFuture.java:2137)
	at org.apache.ratis.server.impl.RaftServerProxy.submitRequest(RaftServerProxy.java:411)
	at org.apache.ratis.server.impl.RaftServerProxy.submitClientRequestAsync(RaftServerProxy.java:417)
	at org.apache.hadoop.hdds.scm.ha.SCMRatisServerImpl.submitRequest(SCMRatisServerImpl.java:214)
	at org.apache.hadoop.hdds.scm.ha.SCMHAInvocationHandler.invokeRatis(SCMHAInvocationHandler.java:110)
	at org.apache.hadoop.hdds.scm.ha.SCMHAInvocationHandler.invoke(SCMHAInvocationHandler.java:67)
	at com.sun.proxy.$Proxy22.updatePipelineState(Unknown Source)
	at org.apache.hadoop.hdds.scm.pipeline.PipelineManagerV2Impl.openPipeline(PipelineManagerV2Impl.java:271)
	at org.apache.hadoop.hdds.scm.pipeline.PipelineReportHandler.processPipelineReport(PipelineReportHandler.java:124)
	at org.apache.hadoop.hdds.scm.pipeline.PipelineReportHandler.onMessage(PipelineReportHandler.java:91)
	at org.apache.hadoop.hdds.scm.pipeline.PipelineReportHandler.onMessage(PipelineReportHandler.java:50)
	at org.apache.hadoop.hdds.server.events.SingleThreadExecutor.lambda$onMessage$1(SingleThreadExecutor.java:81)
	at java.util.concurrent.ThreadPoolExecutor.runWorker(ThreadPoolExecutor.java:1149)
	at java.util.concurrent.ThreadPoolExecutor$Worker.run(ThreadPoolExecutor.java:624)
	at java.lang.Thread.run(Thread.java:748)
2021-05-22 19:12:38,264 [grpc-default-executor-1] INFO  leader.FollowerInfo (FollowerInfoImpl.java:lambda$new$0(46)) - b5b91537-3281-48b1-9597-8f2f653ada85@group-6537B218274A->8a633b72-b43a-415e-aba0-49de5ef1a57a: nextIndex: updateUnconditionally 0 -> 0
2021-05-22 19:12:38,262 [37ad4b1d-96aa-49b2-b7c2-5ba74b6ff263@group-548F0586065B-LeaderElection10] INFO  server.RaftServerConfigKeys (ConfUtils.java:logGet(44)) - raft.server.watch.timeout = 180s (custom)
2021-05-22 19:12:38,261 [grpc-default-executor-0] INFO  server.RaftServer$Division (RaftServerImpl.java:requestVote(1074)) - 77d60ed4-b7ae-47d8-b664-0086abc1b028@group-548F0586065B replies to ELECTION vote request: 37ad4b1d-96aa-49b2-b7c2-5ba74b6ff263<-77d60ed4-b7ae-47d8-b664-0086abc1b028#0:OK-t3. Peer's state: 77d60ed4-b7ae-47d8-b664-0086abc1b028@group-548F0586065B:t3, leader=null, voted=37ad4b1d-96aa-49b2-b7c2-5ba74b6ff263, raftlog=77d60ed4-b7ae-47d8-b664-0086abc1b028@group-548F0586065B-SegmentedRaftLog:OPENED:c-1,f-1,i0, conf=-1: [ea0eae10-41b3-4db6-9afe-6a980641cba9|rpc:127.0.0.1:38377|dataStream:|priority:0, 77d60ed4-b7ae-47d8-b664-0086abc1b028|rpc:127.0.0.1:42583|dataStream:|priority:0, 37ad4b1d-96aa-49b2-b7c2-5ba74b6ff263|rpc:127.0.0.1:40699|dataStream:|priority:1], old=null
2021-05-22 19:12:38,268 [37ad4b1d-96aa-49b2-b7c2-5ba74b6ff263@group-548F0586065B-LeaderElection10] INFO  server.RaftServerConfigKeys (ConfUtils.java:logGet(44)) - raft.server.watch.timeout.denomination = 1s (default)
2021-05-22 19:12:38,269 [37ad4b1d-96aa-49b2-b7c2-5ba74b6ff263@group-548F0586065B-LeaderElection10] INFO  server.RaftServerConfigKeys (ConfUtils.java:logGet(44)) - raft.server.watch.element-limit = 65536 (default)
2021-05-22 19:12:38,269 [37ad4b1d-96aa-49b2-b7c2-5ba74b6ff263@group-548F0586065B-LeaderElection10] INFO  server.RaftServerConfigKeys (ConfUtils.java:logGet(44)) - raft.server.log.appender.snapshot.chunk.size.max = 16MB (=16777216) (default)
2021-05-22 19:12:38,269 [37ad4b1d-96aa-49b2-b7c2-5ba74b6ff263@group-548F0586065B-LeaderElection10] INFO  server.RaftServerConfigKeys (ConfUtils.java:logGet(44)) - raft.server.log.appender.buffer.byte-limit = 33554432 (custom)
2021-05-22 19:12:38,269 [37ad4b1d-96aa-49b2-b7c2-5ba74b6ff263@group-548F0586065B-LeaderElection10] INFO  server.RaftServerConfigKeys (ConfUtils.java:logGet(44)) - raft.server.log.appender.buffer.element-limit = 1 (custom)
2021-05-22 19:12:38,269 [37ad4b1d-96aa-49b2-b7c2-5ba74b6ff263@group-548F0586065B-LeaderElection10] INFO  grpc.GrpcConfigKeys (ConfUtils.java:logGet(44)) - raft.grpc.server.leader.outstanding.appends.max = 128 (default)
2021-05-22 19:12:38,270 [37ad4b1d-96aa-49b2-b7c2-5ba74b6ff263@group-548F0586065B-LeaderElection10] INFO  server.RaftServerConfigKeys (ConfUtils.java:logGet(44)) - raft.server.rpc.request.timeout = 60s (custom)
2021-05-22 19:12:38,270 [37ad4b1d-96aa-49b2-b7c2-5ba74b6ff263@group-548F0586065B-LeaderElection10] INFO  server.RaftServerConfigKeys (ConfUtils.java:logGet(44)) - raft.server.log.appender.install.snapshot.enabled = false (custom)
2021-05-22 19:12:38,277 [37ad4b1d-96aa-49b2-b7c2-5ba74b6ff263@group-548F0586065B-LeaderElection10] INFO  metrics.RatisMetrics (RatisMetrics.java:lambda$create$0(36)) - Creating Metrics Registry : ratis_grpc.log_appender.37ad4b1d-96aa-49b2-b7c2-5ba74b6ff263@group-548F0586065B
2021-05-22 19:12:38,277 [37ad4b1d-96aa-49b2-b7c2-5ba74b6ff263@group-548F0586065B-LeaderElection10] INFO  server.RaftServerConfigKeys (ConfUtils.java:logGet(44)) - raft.server.log.appender.snapshot.chunk.size.max = 16MB (=16777216) (default)
2021-05-22 19:12:38,278 [37ad4b1d-96aa-49b2-b7c2-5ba74b6ff263@group-548F0586065B-LeaderElection10] INFO  server.RaftServerConfigKeys (ConfUtils.java:logGet(44)) - raft.server.log.appender.buffer.byte-limit = 33554432 (custom)
2021-05-22 19:12:38,278 [37ad4b1d-96aa-49b2-b7c2-5ba74b6ff263@group-548F0586065B-LeaderElection10] INFO  server.RaftServerConfigKeys (ConfUtils.java:logGet(44)) - raft.server.log.appender.buffer.element-limit = 1 (custom)
2021-05-22 19:12:38,278 [37ad4b1d-96aa-49b2-b7c2-5ba74b6ff263@group-548F0586065B-LeaderElection10] INFO  grpc.GrpcConfigKeys (ConfUtils.java:logGet(44)) - raft.grpc.server.leader.outstanding.appends.max = 128 (default)
2021-05-22 19:12:38,278 [37ad4b1d-96aa-49b2-b7c2-5ba74b6ff263@group-548F0586065B-LeaderElection10] INFO  server.RaftServerConfigKeys (ConfUtils.java:logGet(44)) - raft.server.rpc.request.timeout = 60s (custom)
2021-05-22 19:12:38,279 [37ad4b1d-96aa-49b2-b7c2-5ba74b6ff263@group-548F0586065B-LeaderElection10] INFO  server.RaftServerConfigKeys (ConfUtils.java:logGet(44)) - raft.server.log.appender.install.snapshot.enabled = false (custom)
2021-05-22 19:12:38,279 [37ad4b1d-96aa-49b2-b7c2-5ba74b6ff263@group-548F0586065B-LeaderElection10] INFO  impl.RoleInfo (RoleInfo.java:updateAndGet(130)) - 37ad4b1d-96aa-49b2-b7c2-5ba74b6ff263: start 37ad4b1d-96aa-49b2-b7c2-5ba74b6ff263@group-548F0586065B-LeaderStateImpl
2021-05-22 19:12:38,280 [37ad4b1d-96aa-49b2-b7c2-5ba74b6ff263@group-548F0586065B-LeaderElection10] INFO  segmented.SegmentedRaftLogWorker (SegmentedRaftLogWorker.java:startLogSegment(394)) - 37ad4b1d-96aa-49b2-b7c2-5ba74b6ff263@group-548F0586065B-SegmentedRaftLogWorker: Starting segment from index:0
2021-05-22 19:12:38,278 [grpc-default-executor-4] INFO  server.RaftServer$Division (RaftServerImpl.java:installSnapshot(1339)) - 8a633b72-b43a-415e-aba0-49de5ef1a57a@group-6537B218274A: reply installSnapshot: b5b91537-3281-48b1-9597-8f2f653ada85<-8a633b72-b43a-415e-aba0-49de5ef1a57a#0:FAIL-t2,IN_PROGRESS
2021-05-22 19:12:38,281 [grpc-default-executor-1] INFO  server.GrpcLogAppender (GrpcLogAppender.java:onNext(400)) - b5b91537-3281-48b1-9597-8f2f653ada85@group-6537B218274A->8a633b72-b43a-415e-aba0-49de5ef1a57a-InstallSnapshotResponseHandler: received a reply b5b91537-3281-48b1-9597-8f2f653ada85<-8a633b72-b43a-415e-aba0-49de5ef1a57a#0:FAIL-t2,IN_PROGRESS
2021-05-22 19:12:38,281 [grpc-default-executor-1] INFO  server.GrpcLogAppender (GrpcLogAppender.java:onNext(417)) - b5b91537-3281-48b1-9597-8f2f653ada85@group-6537B218274A->8a633b72-b43a-415e-aba0-49de5ef1a57a-InstallSnapshotResponseHandler: InstallSnapshot in progress.
2021-05-22 19:12:38,281 [grpc-default-executor-4] INFO  server.GrpcServerProtocolService (GrpcServerProtocolService.java:onCompleted(140)) - 8a633b72-b43a-415e-aba0-49de5ef1a57a: Completed INSTALL_SNAPSHOT, lastRequest: b5b91537-3281-48b1-9597-8f2f653ada85->8a633b72-b43a-415e-aba0-49de5ef1a57a#0-t2,notify:(t:2, i:106)
2021-05-22 19:12:38,285 [b5b91537-3281-48b1-9597-8f2f653ada85@group-6537B218274A->8a633b72-b43a-415e-aba0-49de5ef1a57a-GrpcLogAppender-LogAppenderDaemon] INFO  server.GrpcLogAppender (GrpcLogAppender.java:installSnapshot(524)) - b5b91537-3281-48b1-9597-8f2f653ada85@group-6537B218274A->8a633b72-b43a-415e-aba0-49de5ef1a57a-GrpcLogAppender: followerNextIndex = 0 but logStartIndex = 106, notify follower to install snapshot-(t:2, i:106)
2021-05-22 19:12:38,285 [b5b91537-3281-48b1-9597-8f2f653ada85@group-6537B218274A->8a633b72-b43a-415e-aba0-49de5ef1a57a-GrpcLogAppender-LogAppenderDaemon] INFO  server.GrpcLogAppender (GrpcLogAppender.java:installSnapshot(532)) - b5b91537-3281-48b1-9597-8f2f653ada85@group-6537B218274A->8a633b72-b43a-415e-aba0-49de5ef1a57a-GrpcLogAppender: send b5b91537-3281-48b1-9597-8f2f653ada85->8a633b72-b43a-415e-aba0-49de5ef1a57a#0-t2,notify:(t:2, i:106)
2021-05-22 19:12:38,286 [grpc-default-executor-1] INFO  server.RaftServer$Division (RaftServerImpl.java:checkInconsistentAppendEntries(1292)) - 8a633b72-b43a-415e-aba0-49de5ef1a57a@group-6537B218274A: Failed appendEntries as snapshot ((t:2, i:106)) installation is in progress
2021-05-22 19:12:38,286 [grpc-default-executor-1] INFO  server.RaftServer$Division (RaftServerImpl.java:checkInconsistentAppendEntries(1284)) - 8a633b72-b43a-415e-aba0-49de5ef1a57a@group-6537B218274A: inconsistency entries. Reply:b5b91537-3281-48b1-9597-8f2f653ada85<-8a633b72-b43a-415e-aba0-49de5ef1a57a#1:FAIL-t2,INCONSISTENCY,nextIndex=0,followerCommit=-1
2021-05-22 19:12:38,287 [37ad4b1d-96aa-49b2-b7c2-5ba74b6ff263@group-548F0586065B-SegmentedRaftLogWorker] INFO  segmented.SegmentedRaftLogWorker (SegmentedRaftLogWorker.java:execute(601)) - 37ad4b1d-96aa-49b2-b7c2-5ba74b6ff263@group-548F0586065B-SegmentedRaftLogWorker: created new log segment /github/workspace/mnt/ozone/hadoop-ozone/integration-test/target/test-dir/MiniOzoneClusterImpl-5713c1a7-fb90-4566-9593-6537b218274a/datanode-2/data/ratis/ec650cfc-7280-4cb7-a628-548f0586065b/current/log_inprogress_0
2021-05-22 19:12:38,291 [grpc-default-executor-1] INFO  ratis.XceiverServerRatis (XceiverServerRatis.java:handleLeaderChangedNotification(906)) - Leader change notification received for group: group-548F0586065B with new leaderId: 37ad4b1d-96aa-49b2-b7c2-5ba74b6ff263
2021-05-22 19:12:38,291 [grpc-default-executor-1] INFO  server.RaftServer$Division (ServerState.java:setLeader(271)) - 77d60ed4-b7ae-47d8-b664-0086abc1b028@group-548F0586065B: change Leader from null to 37ad4b1d-96aa-49b2-b7c2-5ba74b6ff263 at term 3 for appendEntries, leader elected after 15258ms
2021-05-22 19:12:38,296 [37ad4b1d-96aa-49b2-b7c2-5ba74b6ff263@group-548F0586065B-LeaderElection10] INFO  server.RaftServer$Division (ServerState.java:setRaftConf(373)) - 37ad4b1d-96aa-49b2-b7c2-5ba74b6ff263@group-548F0586065B: set configuration 0: [ea0eae10-41b3-4db6-9afe-6a980641cba9|rpc:127.0.0.1:38377|dataStream:|priority:0, 77d60ed4-b7ae-47d8-b664-0086abc1b028|rpc:127.0.0.1:42583|dataStream:|priority:0, 37ad4b1d-96aa-49b2-b7c2-5ba74b6ff263|rpc:127.0.0.1:40699|dataStream:|priority:1], old=null
2021-05-22 19:12:38,296 [grpc-default-executor-1] INFO  server.RaftServer$Division (ServerState.java:setRaftConf(373)) - 77d60ed4-b7ae-47d8-b664-0086abc1b028@group-548F0586065B: set configuration 0: [ea0eae10-41b3-4db6-9afe-6a980641cba9|rpc:127.0.0.1:38377|dataStream:|priority:0, 77d60ed4-b7ae-47d8-b664-0086abc1b028|rpc:127.0.0.1:42583|dataStream:|priority:0, 37ad4b1d-96aa-49b2-b7c2-5ba74b6ff263|rpc:127.0.0.1:40699|dataStream:|priority:1], old=null
2021-05-22 19:12:38,298 [grpc-default-executor-1] INFO  segmented.SegmentedRaftLogWorker (SegmentedRaftLogWorker.java:startLogSegment(394)) - 77d60ed4-b7ae-47d8-b664-0086abc1b028@group-548F0586065B-SegmentedRaftLogWorker: Starting segment from index:0
2021-05-22 19:12:38,300 [grpc-default-executor-2] INFO  server.RaftServer$Division (RaftServerImpl.java:installSnapshot(1328)) - 8a633b72-b43a-415e-aba0-49de5ef1a57a@group-6537B218274A: receive installSnapshot: b5b91537-3281-48b1-9597-8f2f653ada85->8a633b72-b43a-415e-aba0-49de5ef1a57a#0-t2,notify:(t:2, i:106)
2021-05-22 19:12:38,300 [grpc-default-executor-2] INFO  server.RaftServer$Division (RaftServerImpl.java:notifyStateMachineToInstallSnapshot(1610)) - 8a633b72-b43a-415e-aba0-49de5ef1a57a@group-6537B218274A: Snapshot Installation by StateMachine is in progress.
2021-05-22 19:12:38,300 [pool-55-thread-1] INFO  ha.SCMSnapshotProvider (SCMSnapshotProvider.java:getSCMDBSnapshot(130)) - Successfully downloaded latest checkpoint from leader SCM: scmNode-1 path /github/workspace/mnt/ozone/hadoop-ozone/integration-test/target/test-dir/MiniOzoneClusterImpl-5713c1a7-fb90-4566-9593-6537b218274a/scmNode-3/snapshot/scm.db-scmNode-1-1621710758061
2021-05-22 19:12:38,300 [pool-55-thread-1] INFO  ha.SCMHAManagerImpl (SCMHAManagerImpl.java:downloadCheckpointFromLeader(158)) - Downloaded checkpoint from Leader scmNode-1 to the location /github/workspace/mnt/ozone/hadoop-ozone/integration-test/target/test-dir/MiniOzoneClusterImpl-5713c1a7-fb90-4566-9593-6537b218274a/scmNode-3/snapshot/scm.db-scmNode-1-1621710758061
2021-05-22 19:12:38,301 [grpc-default-executor-3] INFO  ratis.XceiverServerRatis (XceiverServerRatis.java:handleLeaderChangedNotification(906)) - Leader change notification received for group: group-548F0586065B with new leaderId: 37ad4b1d-96aa-49b2-b7c2-5ba74b6ff263
2021-05-22 19:12:38,301 [grpc-default-executor-3] INFO  server.RaftServer$Division (ServerState.java:setLeader(271)) - ea0eae10-41b3-4db6-9afe-6a980641cba9@group-548F0586065B: change Leader from null to 37ad4b1d-96aa-49b2-b7c2-5ba74b6ff263 at term 3 for appendEntries, leader elected after 15437ms
2021-05-22 19:12:38,300 [grpc-default-executor-2] INFO  server.RaftServer$Division (RaftServerImpl.java:installSnapshotImpl(1458)) - 8a633b72-b43a-415e-aba0-49de5ef1a57a@group-6537B218274A: set new configuration index: 5
configurationEntry {
  peers {
    id: "c528a642-8365-4981-9ca8-5a52c1b1524d"
    address: "localhost:12390"
  }
  peers {
    id: "b5b91537-3281-48b1-9597-8f2f653ada85"
    address: "localhost:12380"
  }
}
 from snapshot
2021-05-22 19:12:38,304 [grpc-default-executor-2] INFO  server.RaftServer$Division (ServerState.java:setRaftConf(373)) - 8a633b72-b43a-415e-aba0-49de5ef1a57a@group-6537B218274A: set configuration 5: [c528a642-8365-4981-9ca8-5a52c1b1524d|rpc:localhost:12390|admin:|client:|dataStream:|priority:0, b5b91537-3281-48b1-9597-8f2f653ada85|rpc:localhost:12380|admin:|client:|dataStream:|priority:0], old=null
2021-05-22 19:12:38,304 [grpc-default-executor-2] INFO  server.RaftServer$Division (RaftServerImpl.java:installSnapshot(1339)) - 8a633b72-b43a-415e-aba0-49de5ef1a57a@group-6537B218274A: reply installSnapshot: b5b91537-3281-48b1-9597-8f2f653ada85<-8a633b72-b43a-415e-aba0-49de5ef1a57a#0:FAIL-t2,IN_PROGRESS
2021-05-22 19:12:38,305 [grpc-default-executor-2] INFO  server.GrpcServerProtocolService (GrpcServerProtocolService.java:onCompleted(140)) - 8a633b72-b43a-415e-aba0-49de5ef1a57a: Completed INSTALL_SNAPSHOT, lastRequest: b5b91537-3281-48b1-9597-8f2f653ada85->8a633b72-b43a-415e-aba0-49de5ef1a57a#0-t2,notify:(t:2, i:106)
2021-05-22 19:12:38,306 [77d60ed4-b7ae-47d8-b664-0086abc1b028@group-548F0586065B-SegmentedRaftLogWorker] INFO  segmented.SegmentedRaftLogWorker (SegmentedRaftLogWorker.java:execute(601)) - 77d60ed4-b7ae-47d8-b664-0086abc1b028@group-548F0586065B-SegmentedRaftLogWorker: created new log segment /github/workspace/mnt/ozone/hadoop-ozone/integration-test/target/test-dir/MiniOzoneClusterImpl-5713c1a7-fb90-4566-9593-6537b218274a/datanode-1/data/ratis/ec650cfc-7280-4cb7-a628-548f0586065b/current/log_inprogress_0
2021-05-22 19:12:38,299 [grpc-default-executor-4] INFO  leader.FollowerInfo (FollowerInfoImpl.java:lambda$new$0(46)) - b5b91537-3281-48b1-9597-8f2f653ada85@group-6537B218274A->8a633b72-b43a-415e-aba0-49de5ef1a57a: nextIndex: updateUnconditionally 0 -> 0
2021-05-22 19:12:38,322 [grpc-default-executor-2] INFO  server.RaftServer$Division (ServerState.java:setRaftConf(373)) - ea0eae10-41b3-4db6-9afe-6a980641cba9@group-548F0586065B: set configuration 0: [ea0eae10-41b3-4db6-9afe-6a980641cba9|rpc:127.0.0.1:38377|dataStream:|priority:0, 77d60ed4-b7ae-47d8-b664-0086abc1b028|rpc:127.0.0.1:42583|dataStream:|priority:0, 37ad4b1d-96aa-49b2-b7c2-5ba74b6ff263|rpc:127.0.0.1:40699|dataStream:|priority:1], old=null
2021-05-22 19:12:38,322 [EventQueue-PipelineReportForPipelineReportHandler] INFO  ha.SCMHAInvocationHandler (SCMHAInvocationHandler.java:invokeRatis(113)) - Invoking method public abstract void org.apache.hadoop.hdds.scm.pipeline.StateManager.updatePipelineState(org.apache.hadoop.hdds.protocol.proto.HddsProtos$PipelineID,org.apache.hadoop.hdds.protocol.proto.HddsProtos$PipelineState) throws java.io.IOException on target org.apache.hadoop.hdds.scm.ha.SCMRatisServerImpl@5cbb90de, cost 55826.974us
2021-05-22 19:12:38,327 [grpc-default-executor-5] INFO  server.GrpcLogAppender (GrpcLogAppender.java:onNext(400)) - b5b91537-3281-48b1-9597-8f2f653ada85@group-6537B218274A->8a633b72-b43a-415e-aba0-49de5ef1a57a-InstallSnapshotResponseHandler: received a reply b5b91537-3281-48b1-9597-8f2f653ada85<-8a633b72-b43a-415e-aba0-49de5ef1a57a#0:FAIL-t2,IN_PROGRESS
2021-05-22 19:12:38,327 [grpc-default-executor-5] INFO  server.GrpcLogAppender (GrpcLogAppender.java:onNext(417)) - b5b91537-3281-48b1-9597-8f2f653ada85@group-6537B218274A->8a633b72-b43a-415e-aba0-49de5ef1a57a-InstallSnapshotResponseHandler: InstallSnapshot in progress.
2021-05-22 19:12:38,330 [b5b91537-3281-48b1-9597-8f2f653ada85@group-6537B218274A-StateMachineUpdater] INFO  ha.SCMStateMachine (SCMStateMachine.java:takeSnapshot(282)) - Current Snapshot Index 204, takeSnapshot took 0 ms
2021-05-22 19:12:38,330 [b5b91537-3281-48b1-9597-8f2f653ada85@group-6537B218274A-StateMachineUpdater] INFO  impl.StateMachineUpdater (StateMachineUpdater.java:takeSnapshot(281)) - b5b91537-3281-48b1-9597-8f2f653ada85@group-6537B218274A-StateMachineUpdater: Took a snapshot at index 204
2021-05-22 19:12:38,330 [b5b91537-3281-48b1-9597-8f2f653ada85@group-6537B218274A-StateMachineUpdater] INFO  impl.StateMachineUpdater (StateMachineUpdater.java:lambda$new$0(89)) - b5b91537-3281-48b1-9597-8f2f653ada85@group-6537B218274A-StateMachineUpdater: snapshotIndex: updateIncreasingly 199 -> 204
2021-05-22 19:12:38,330 [b5b91537-3281-48b1-9597-8f2f653ada85@group-6537B218274A-StateMachineUpdater] INFO  raftlog.RaftLog (RaftLogBase.java:purge(306)) - b5b91537-3281-48b1-9597-8f2f653ada85@group-6537B218274A-SegmentedRaftLog: purge 204
2021-05-22 19:12:38,331 [b5b91537-3281-48b1-9597-8f2f653ada85@group-6537B218274A-StateMachineUpdater] INFO  raftlog.RaftLog (RaftLogBase.java:lambda$new$0(53)) - b5b91537-3281-48b1-9597-8f2f653ada85@group-6537B218274A-SegmentedRaftLog: snapshotIndex: updateIncreasingly 199 -> 204
2021-05-22 19:12:38,331 [b5b91537-3281-48b1-9597-8f2f653ada85@group-6537B218274A-StateMachineUpdater] INFO  raftlog.RaftLog (RaftLogBase.java:lambda$new$0(53)) - b5b91537-3281-48b1-9597-8f2f653ada85@group-6537B218274A-SegmentedRaftLog: purgeIndex: updateToMax old=199, new=204, updated? true
2021-05-22 19:12:38,340 [b5b91537-3281-48b1-9597-8f2f653ada85@group-6537B218274A->8a633b72-b43a-415e-aba0-49de5ef1a57a-GrpcLogAppender-LogAppenderDaemon] INFO  server.GrpcLogAppender (GrpcLogAppender.java:installSnapshot(524)) - b5b91537-3281-48b1-9597-8f2f653ada85@group-6537B218274A->8a633b72-b43a-415e-aba0-49de5ef1a57a-GrpcLogAppender: followerNextIndex = 0 but logStartIndex = 106, notify follower to install snapshot-(t:2, i:106)
2021-05-22 19:12:38,340 [b5b91537-3281-48b1-9597-8f2f653ada85@group-6537B218274A->8a633b72-b43a-415e-aba0-49de5ef1a57a-GrpcLogAppender-LogAppenderDaemon] INFO  server.GrpcLogAppender (GrpcLogAppender.java:installSnapshot(532)) - b5b91537-3281-48b1-9597-8f2f653ada85@group-6537B218274A->8a633b72-b43a-415e-aba0-49de5ef1a57a-GrpcLogAppender: send b5b91537-3281-48b1-9597-8f2f653ada85->8a633b72-b43a-415e-aba0-49de5ef1a57a#0-t2,notify:(t:2, i:106)
2021-05-22 19:12:38,343 [grpc-default-executor-1] INFO  server.RaftServer$Division (RaftServerImpl.java:checkInconsistentAppendEntries(1292)) - 8a633b72-b43a-415e-aba0-49de5ef1a57a@group-6537B218274A: Failed appendEntries as snapshot ((t:2, i:106)) installation is in progress
2021-05-22 19:12:38,344 [grpc-default-executor-1] INFO  server.RaftServer$Division (RaftServerImpl.java:checkInconsistentAppendEntries(1284)) - 8a633b72-b43a-415e-aba0-49de5ef1a57a@group-6537B218274A: inconsistency entries. Reply:b5b91537-3281-48b1-9597-8f2f653ada85<-8a633b72-b43a-415e-aba0-49de5ef1a57a#2:FAIL-t2,INCONSISTENCY,nextIndex=0,followerCommit=-1
2021-05-22 19:12:38,345 [grpc-default-executor-5] INFO  leader.FollowerInfo (FollowerInfoImpl.java:lambda$new$0(46)) - b5b91537-3281-48b1-9597-8f2f653ada85@group-6537B218274A->8a633b72-b43a-415e-aba0-49de5ef1a57a: nextIndex: updateUnconditionally 0 -> 0
2021-05-22 19:12:38,347 [grpc-default-executor-2] INFO  segmented.SegmentedRaftLogWorker (SegmentedRaftLogWorker.java:startLogSegment(394)) - ea0eae10-41b3-4db6-9afe-6a980641cba9@group-548F0586065B-SegmentedRaftLogWorker: Starting segment from index:0
2021-05-22 19:12:38,351 [ea0eae10-41b3-4db6-9afe-6a980641cba9@group-548F0586065B-SegmentedRaftLogWorker] INFO  segmented.SegmentedRaftLogWorker (SegmentedRaftLogWorker.java:execute(601)) - ea0eae10-41b3-4db6-9afe-6a980641cba9@group-548F0586065B-SegmentedRaftLogWorker: created new log segment /github/workspace/mnt/ozone/hadoop-ozone/integration-test/target/test-dir/MiniOzoneClusterImpl-5713c1a7-fb90-4566-9593-6537b218274a/datanode-0/data/ratis/ec650cfc-7280-4cb7-a628-548f0586065b/current/log_inprogress_0
2021-05-22 19:12:38,354 [grpc-default-executor-3] INFO  server.RaftServer$Division (RaftServerImpl.java:installSnapshot(1328)) - 8a633b72-b43a-415e-aba0-49de5ef1a57a@group-6537B218274A: receive installSnapshot: b5b91537-3281-48b1-9597-8f2f653ada85->8a633b72-b43a-415e-aba0-49de5ef1a57a#0-t2,notify:(t:2, i:106)
2021-05-22 19:12:38,355 [grpc-default-executor-3] INFO  server.RaftServer$Division (RaftServerImpl.java:notifyStateMachineToInstallSnapshot(1610)) - 8a633b72-b43a-415e-aba0-49de5ef1a57a@group-6537B218274A: Snapshot Installation by StateMachine is in progress.
2021-05-22 19:12:38,356 [grpc-default-executor-3] INFO  server.RaftServer$Division (RaftServerImpl.java:installSnapshotImpl(1458)) - 8a633b72-b43a-415e-aba0-49de5ef1a57a@group-6537B218274A: set new configuration index: 5
configurationEntry {
  peers {
    id: "c528a642-8365-4981-9ca8-5a52c1b1524d"
    address: "localhost:12390"
  }
  peers {
    id: "b5b91537-3281-48b1-9597-8f2f653ada85"
    address: "localhost:12380"
  }
}
 from snapshot
2021-05-22 19:12:38,356 [grpc-default-executor-3] INFO  server.RaftServer$Division (ServerState.java:setRaftConf(373)) - 8a633b72-b43a-415e-aba0-49de5ef1a57a@group-6537B218274A: set configuration 5: [c528a642-8365-4981-9ca8-5a52c1b1524d|rpc:localhost:12390|admin:|client:|dataStream:|priority:0, b5b91537-3281-48b1-9597-8f2f653ada85|rpc:localhost:12380|admin:|client:|dataStream:|priority:0], old=null
2021-05-22 19:12:38,356 [grpc-default-executor-3] INFO  server.RaftServer$Division (RaftServerImpl.java:installSnapshot(1339)) - 8a633b72-b43a-415e-aba0-49de5ef1a57a@group-6537B218274A: reply installSnapshot: b5b91537-3281-48b1-9597-8f2f653ada85<-8a633b72-b43a-415e-aba0-49de5ef1a57a#0:FAIL-t2,IN_PROGRESS
2021-05-22 19:12:38,357 [grpc-default-executor-2] INFO  server.GrpcLogAppender (GrpcLogAppender.java:onNext(400)) - b5b91537-3281-48b1-9597-8f2f653ada85@group-6537B218274A->8a633b72-b43a-415e-aba0-49de5ef1a57a-InstallSnapshotResponseHandler: received a reply b5b91537-3281-48b1-9597-8f2f653ada85<-8a633b72-b43a-415e-aba0-49de5ef1a57a#0:FAIL-t2,IN_PROGRESS
2021-05-22 19:12:38,357 [grpc-default-executor-2] INFO  server.GrpcLogAppender (GrpcLogAppender.java:onNext(417)) - b5b91537-3281-48b1-9597-8f2f653ada85@group-6537B218274A->8a633b72-b43a-415e-aba0-49de5ef1a57a-InstallSnapshotResponseHandler: InstallSnapshot in progress.
2021-05-22 19:12:38,357 [grpc-default-executor-3] INFO  server.GrpcServerProtocolService (GrpcServerProtocolService.java:onCompleted(140)) - 8a633b72-b43a-415e-aba0-49de5ef1a57a: Completed INSTALL_SNAPSHOT, lastRequest: b5b91537-3281-48b1-9597-8f2f653ada85->8a633b72-b43a-415e-aba0-49de5ef1a57a#0-t2,notify:(t:2, i:106)
2021-05-22 19:12:38,365 [b5b91537-3281-48b1-9597-8f2f653ada85@group-6537B218274A->8a633b72-b43a-415e-aba0-49de5ef1a57a-GrpcLogAppender-LogAppenderDaemon] INFO  server.GrpcLogAppender (GrpcLogAppender.java:installSnapshot(524)) - b5b91537-3281-48b1-9597-8f2f653ada85@group-6537B218274A->8a633b72-b43a-415e-aba0-49de5ef1a57a-GrpcLogAppender: followerNextIndex = 0 but logStartIndex = 106, notify follower to install snapshot-(t:2, i:106)
2021-05-22 19:12:38,365 [b5b91537-3281-48b1-9597-8f2f653ada85@group-6537B218274A->8a633b72-b43a-415e-aba0-49de5ef1a57a-GrpcLogAppender-LogAppenderDaemon] INFO  server.GrpcLogAppender (GrpcLogAppender.java:installSnapshot(532)) - b5b91537-3281-48b1-9597-8f2f653ada85@group-6537B218274A->8a633b72-b43a-415e-aba0-49de5ef1a57a-GrpcLogAppender: send b5b91537-3281-48b1-9597-8f2f653ada85->8a633b72-b43a-415e-aba0-49de5ef1a57a#0-t2,notify:(t:2, i:106)
2021-05-22 19:12:38,367 [grpc-default-executor-6] INFO  server.RaftServer$Division (RaftServerImpl.java:checkInconsistentAppendEntries(1292)) - 8a633b72-b43a-415e-aba0-49de5ef1a57a@group-6537B218274A: Failed appendEntries as snapshot ((t:2, i:106)) installation is in progress
2021-05-22 19:12:38,367 [grpc-default-executor-6] INFO  server.RaftServer$Division (RaftServerImpl.java:checkInconsistentAppendEntries(1284)) - 8a633b72-b43a-415e-aba0-49de5ef1a57a@group-6537B218274A: inconsistency entries. Reply:b5b91537-3281-48b1-9597-8f2f653ada85<-8a633b72-b43a-415e-aba0-49de5ef1a57a#3:FAIL-t2,INCONSISTENCY,nextIndex=0,followerCommit=-1
2021-05-22 19:12:38,374 [grpc-default-executor-3] INFO  server.RaftServer$Division (RaftServerImpl.java:installSnapshot(1328)) - 8a633b72-b43a-415e-aba0-49de5ef1a57a@group-6537B218274A: receive installSnapshot: b5b91537-3281-48b1-9597-8f2f653ada85->8a633b72-b43a-415e-aba0-49de5ef1a57a#0-t2,notify:(t:2, i:106)
2021-05-22 19:12:38,374 [grpc-default-executor-3] INFO  server.RaftServer$Division (RaftServerImpl.java:notifyStateMachineToInstallSnapshot(1610)) - 8a633b72-b43a-415e-aba0-49de5ef1a57a@group-6537B218274A: Snapshot Installation by StateMachine is in progress.
2021-05-22 19:12:38,374 [grpc-default-executor-3] INFO  server.RaftServer$Division (RaftServerImpl.java:installSnapshotImpl(1458)) - 8a633b72-b43a-415e-aba0-49de5ef1a57a@group-6537B218274A: set new configuration index: 5
configurationEntry {
  peers {
    id: "c528a642-8365-4981-9ca8-5a52c1b1524d"
    address: "localhost:12390"
  }
  peers {
    id: "b5b91537-3281-48b1-9597-8f2f653ada85"
    address: "localhost:12380"
  }
}
 from snapshot
2021-05-22 19:12:38,375 [grpc-default-executor-3] INFO  server.RaftServer$Division (ServerState.java:setRaftConf(373)) - 8a633b72-b43a-415e-aba0-49de5ef1a57a@group-6537B218274A: set configuration 5: [c528a642-8365-4981-9ca8-5a52c1b1524d|rpc:localhost:12390|admin:|client:|dataStream:|priority:0, b5b91537-3281-48b1-9597-8f2f653ada85|rpc:localhost:12380|admin:|client:|dataStream:|priority:0], old=null
2021-05-22 19:12:38,375 [grpc-default-executor-3] INFO  server.RaftServer$Division (RaftServerImpl.java:installSnapshot(1339)) - 8a633b72-b43a-415e-aba0-49de5ef1a57a@group-6537B218274A: reply installSnapshot: b5b91537-3281-48b1-9597-8f2f653ada85<-8a633b72-b43a-415e-aba0-49de5ef1a57a#0:FAIL-t2,IN_PROGRESS
2021-05-22 19:12:38,375 [grpc-default-executor-2] INFO  leader.FollowerInfo (FollowerInfoImpl.java:lambda$new$0(46)) - b5b91537-3281-48b1-9597-8f2f653ada85@group-6537B218274A->8a633b72-b43a-415e-aba0-49de5ef1a57a: nextIndex: updateUnconditionally 0 -> 0
2021-05-22 19:12:38,375 [grpc-default-executor-3] INFO  server.GrpcServerProtocolService (GrpcServerProtocolService.java:onCompleted(140)) - 8a633b72-b43a-415e-aba0-49de5ef1a57a: Completed INSTALL_SNAPSHOT, lastRequest: b5b91537-3281-48b1-9597-8f2f653ada85->8a633b72-b43a-415e-aba0-49de5ef1a57a#0-t2,notify:(t:2, i:106)
2021-05-22 19:12:38,378 [grpc-default-executor-3] INFO  server.GrpcLogAppender (GrpcLogAppender.java:onNext(400)) - b5b91537-3281-48b1-9597-8f2f653ada85@group-6537B218274A->8a633b72-b43a-415e-aba0-49de5ef1a57a-InstallSnapshotResponseHandler: received a reply b5b91537-3281-48b1-9597-8f2f653ada85<-8a633b72-b43a-415e-aba0-49de5ef1a57a#0:FAIL-t2,IN_PROGRESS
2021-05-22 19:12:38,378 [grpc-default-executor-3] INFO  server.GrpcLogAppender (GrpcLogAppender.java:onNext(417)) - b5b91537-3281-48b1-9597-8f2f653ada85@group-6537B218274A->8a633b72-b43a-415e-aba0-49de5ef1a57a-InstallSnapshotResponseHandler: InstallSnapshot in progress.
2021-05-22 19:12:38,383 [b5b91537-3281-48b1-9597-8f2f653ada85@group-6537B218274A->8a633b72-b43a-415e-aba0-49de5ef1a57a-GrpcLogAppender-LogAppenderDaemon] INFO  server.GrpcLogAppender (GrpcLogAppender.java:installSnapshot(524)) - b5b91537-3281-48b1-9597-8f2f653ada85@group-6537B218274A->8a633b72-b43a-415e-aba0-49de5ef1a57a-GrpcLogAppender: followerNextIndex = 0 but logStartIndex = 106, notify follower to install snapshot-(t:2, i:106)
2021-05-22 19:12:38,383 [b5b91537-3281-48b1-9597-8f2f653ada85@group-6537B218274A->8a633b72-b43a-415e-aba0-49de5ef1a57a-GrpcLogAppender-LogAppenderDaemon] INFO  server.GrpcLogAppender (GrpcLogAppender.java:installSnapshot(532)) - b5b91537-3281-48b1-9597-8f2f653ada85@group-6537B218274A->8a633b72-b43a-415e-aba0-49de5ef1a57a-GrpcLogAppender: send b5b91537-3281-48b1-9597-8f2f653ada85->8a633b72-b43a-415e-aba0-49de5ef1a57a#0-t2,notify:(t:2, i:106)
2021-05-22 19:12:38,385 [grpc-default-executor-2] INFO  server.RaftServer$Division (RaftServerImpl.java:checkInconsistentAppendEntries(1292)) - 8a633b72-b43a-415e-aba0-49de5ef1a57a@group-6537B218274A: Failed appendEntries as snapshot ((t:2, i:106)) installation is in progress
2021-05-22 19:12:38,385 [grpc-default-executor-2] INFO  server.RaftServer$Division (RaftServerImpl.java:checkInconsistentAppendEntries(1284)) - 8a633b72-b43a-415e-aba0-49de5ef1a57a@group-6537B218274A: inconsistency entries. Reply:b5b91537-3281-48b1-9597-8f2f653ada85<-8a633b72-b43a-415e-aba0-49de5ef1a57a#4:FAIL-t2,INCONSISTENCY,nextIndex=0,followerCommit=-1
2021-05-22 19:12:38,386 [grpc-default-executor-2] INFO  leader.FollowerInfo (FollowerInfoImpl.java:lambda$new$0(46)) - b5b91537-3281-48b1-9597-8f2f653ada85@group-6537B218274A->8a633b72-b43a-415e-aba0-49de5ef1a57a: nextIndex: updateUnconditionally 0 -> 0
2021-05-22 19:12:38,398 [grpc-default-executor-3] INFO  server.RaftServer$Division (RaftServerImpl.java:installSnapshot(1328)) - 8a633b72-b43a-415e-aba0-49de5ef1a57a@group-6537B218274A: receive installSnapshot: b5b91537-3281-48b1-9597-8f2f653ada85->8a633b72-b43a-415e-aba0-49de5ef1a57a#0-t2,notify:(t:2, i:106)
2021-05-22 19:12:38,398 [grpc-default-executor-3] INFO  server.RaftServer$Division (RaftServerImpl.java:notifyStateMachineToInstallSnapshot(1610)) - 8a633b72-b43a-415e-aba0-49de5ef1a57a@group-6537B218274A: Snapshot Installation by StateMachine is in progress.
2021-05-22 19:12:38,399 [grpc-default-executor-3] INFO  server.RaftServer$Division (RaftServerImpl.java:installSnapshotImpl(1458)) - 8a633b72-b43a-415e-aba0-49de5ef1a57a@group-6537B218274A: set new configuration index: 5
configurationEntry {
  peers {
    id: "c528a642-8365-4981-9ca8-5a52c1b1524d"
    address: "localhost:12390"
  }
  peers {
    id: "b5b91537-3281-48b1-9597-8f2f653ada85"
    address: "localhost:12380"
  }
}
 from snapshot
2021-05-22 19:12:38,399 [grpc-default-executor-3] INFO  server.RaftServer$Division (ServerState.java:setRaftConf(373)) - 8a633b72-b43a-415e-aba0-49de5ef1a57a@group-6537B218274A: set configuration 5: [c528a642-8365-4981-9ca8-5a52c1b1524d|rpc:localhost:12390|admin:|client:|dataStream:|priority:0, b5b91537-3281-48b1-9597-8f2f653ada85|rpc:localhost:12380|admin:|client:|dataStream:|priority:0], old=null
2021-05-22 19:12:38,399 [grpc-default-executor-3] INFO  server.RaftServer$Division (RaftServerImpl.java:installSnapshot(1339)) - 8a633b72-b43a-415e-aba0-49de5ef1a57a@group-6537B218274A: reply installSnapshot: b5b91537-3281-48b1-9597-8f2f653ada85<-8a633b72-b43a-415e-aba0-49de5ef1a57a#0:FAIL-t2,IN_PROGRESS
2021-05-22 19:12:38,400 [grpc-default-executor-3] INFO  server.GrpcServerProtocolService (GrpcServerProtocolService.java:onCompleted(140)) - 8a633b72-b43a-415e-aba0-49de5ef1a57a: Completed INSTALL_SNAPSHOT, lastRequest: b5b91537-3281-48b1-9597-8f2f653ada85->8a633b72-b43a-415e-aba0-49de5ef1a57a#0-t2,notify:(t:2, i:106)
2021-05-22 19:12:38,401 [grpc-default-executor-2] INFO  server.GrpcLogAppender (GrpcLogAppender.java:onNext(400)) - b5b91537-3281-48b1-9597-8f2f653ada85@group-6537B218274A->8a633b72-b43a-415e-aba0-49de5ef1a57a-InstallSnapshotResponseHandler: received a reply b5b91537-3281-48b1-9597-8f2f653ada85<-8a633b72-b43a-415e-aba0-49de5ef1a57a#0:FAIL-t2,IN_PROGRESS
2021-05-22 19:12:38,401 [grpc-default-executor-2] INFO  server.GrpcLogAppender (GrpcLogAppender.java:onNext(417)) - b5b91537-3281-48b1-9597-8f2f653ada85@group-6537B218274A->8a633b72-b43a-415e-aba0-49de5ef1a57a-InstallSnapshotResponseHandler: InstallSnapshot in progress.
2021-05-22 19:12:38,413 [b5b91537-3281-48b1-9597-8f2f653ada85@group-6537B218274A->8a633b72-b43a-415e-aba0-49de5ef1a57a-GrpcLogAppender-LogAppenderDaemon] INFO  server.GrpcLogAppender (GrpcLogAppender.java:installSnapshot(524)) - b5b91537-3281-48b1-9597-8f2f653ada85@group-6537B218274A->8a633b72-b43a-415e-aba0-49de5ef1a57a-GrpcLogAppender: followerNextIndex = 0 but logStartIndex = 106, notify follower to install snapshot-(t:2, i:106)
2021-05-22 19:12:38,414 [b5b91537-3281-48b1-9597-8f2f653ada85@group-6537B218274A->8a633b72-b43a-415e-aba0-49de5ef1a57a-GrpcLogAppender-LogAppenderDaemon] INFO  server.GrpcLogAppender (GrpcLogAppender.java:installSnapshot(532)) - b5b91537-3281-48b1-9597-8f2f653ada85@group-6537B218274A->8a633b72-b43a-415e-aba0-49de5ef1a57a-GrpcLogAppender: send b5b91537-3281-48b1-9597-8f2f653ada85->8a633b72-b43a-415e-aba0-49de5ef1a57a#0-t2,notify:(t:2, i:106)
2021-05-22 19:12:38,414 [grpc-default-executor-2] INFO  server.RaftServer$Division (RaftServerImpl.java:checkInconsistentAppendEntries(1292)) - 8a633b72-b43a-415e-aba0-49de5ef1a57a@group-6537B218274A: Failed appendEntries as snapshot ((t:2, i:106)) installation is in progress
2021-05-22 19:12:38,414 [grpc-default-executor-2] INFO  server.RaftServer$Division (RaftServerImpl.java:checkInconsistentAppendEntries(1284)) - 8a633b72-b43a-415e-aba0-49de5ef1a57a@group-6537B218274A: inconsistency entries. Reply:b5b91537-3281-48b1-9597-8f2f653ada85<-8a633b72-b43a-415e-aba0-49de5ef1a57a#5:FAIL-t2,INCONSISTENCY,nextIndex=0,followerCommit=-1
2021-05-22 19:12:38,416 [grpc-default-executor-3] INFO  leader.FollowerInfo (FollowerInfoImpl.java:lambda$new$0(46)) - b5b91537-3281-48b1-9597-8f2f653ada85@group-6537B218274A->8a633b72-b43a-415e-aba0-49de5ef1a57a: nextIndex: updateUnconditionally 0 -> 0
2021-05-22 19:12:38,422 [grpc-default-executor-6] INFO  server.RaftServer$Division (RaftServerImpl.java:installSnapshot(1328)) - 8a633b72-b43a-415e-aba0-49de5ef1a57a@group-6537B218274A: receive installSnapshot: b5b91537-3281-48b1-9597-8f2f653ada85->8a633b72-b43a-415e-aba0-49de5ef1a57a#0-t2,notify:(t:2, i:106)
2021-05-22 19:12:38,422 [grpc-default-executor-6] INFO  server.RaftServer$Division (RaftServerImpl.java:notifyStateMachineToInstallSnapshot(1610)) - 8a633b72-b43a-415e-aba0-49de5ef1a57a@group-6537B218274A: Snapshot Installation by StateMachine is in progress.
2021-05-22 19:12:38,424 [grpc-default-executor-6] INFO  server.RaftServer$Division (RaftServerImpl.java:installSnapshotImpl(1458)) - 8a633b72-b43a-415e-aba0-49de5ef1a57a@group-6537B218274A: set new configuration index: 5
configurationEntry {
  peers {
    id: "c528a642-8365-4981-9ca8-5a52c1b1524d"
    address: "localhost:12390"
  }
  peers {
    id: "b5b91537-3281-48b1-9597-8f2f653ada85"
    address: "localhost:12380"
  }
}
 from snapshot
2021-05-22 19:12:38,424 [grpc-default-executor-6] INFO  server.RaftServer$Division (ServerState.java:setRaftConf(373)) - 8a633b72-b43a-415e-aba0-49de5ef1a57a@group-6537B218274A: set configuration 5: [c528a642-8365-4981-9ca8-5a52c1b1524d|rpc:localhost:12390|admin:|client:|dataStream:|priority:0, b5b91537-3281-48b1-9597-8f2f653ada85|rpc:localhost:12380|admin:|client:|dataStream:|priority:0], old=null
2021-05-22 19:12:38,424 [grpc-default-executor-6] INFO  server.RaftServer$Division (RaftServerImpl.java:installSnapshot(1339)) - 8a633b72-b43a-415e-aba0-49de5ef1a57a@group-6537B218274A: reply installSnapshot: b5b91537-3281-48b1-9597-8f2f653ada85<-8a633b72-b43a-415e-aba0-49de5ef1a57a#0:FAIL-t2,IN_PROGRESS
2021-05-22 19:12:38,425 [grpc-default-executor-6] INFO  server.GrpcServerProtocolService (GrpcServerProtocolService.java:onCompleted(140)) - 8a633b72-b43a-415e-aba0-49de5ef1a57a: Completed INSTALL_SNAPSHOT, lastRequest: b5b91537-3281-48b1-9597-8f2f653ada85->8a633b72-b43a-415e-aba0-49de5ef1a57a#0-t2,notify:(t:2, i:106)
2021-05-22 19:12:38,425 [Datanode State Machine Thread - 0] ERROR datanode.RunningDatanodeState (RunningDatanodeState.java:computeNextContainerState(199)) - Error in executing end point task.
java.util.concurrent.ExecutionException: java.util.concurrent.TimeoutException
	at java.util.concurrent.FutureTask.report(FutureTask.java:122)
	at java.util.concurrent.FutureTask.get(FutureTask.java:192)
	at org.apache.hadoop.ozone.container.common.states.datanode.RunningDatanodeState.computeNextContainerState(RunningDatanodeState.java:191)
	at org.apache.hadoop.ozone.container.common.states.datanode.RunningDatanodeState.await(RunningDatanodeState.java:231)
	at org.apache.hadoop.ozone.container.common.states.datanode.RunningDatanodeState.await(RunningDatanodeState.java:50)
	at org.apache.hadoop.ozone.container.common.statemachine.StateContext.execute(StateContext.java:579)
	at org.apache.hadoop.ozone.container.common.statemachine.DatanodeStateMachine.start(DatanodeStateMachine.java:233)
	at org.apache.hadoop.ozone.container.common.statemachine.DatanodeStateMachine.lambda$startDaemon$0(DatanodeStateMachine.java:410)
	at java.lang.Thread.run(Thread.java:748)
Caused by: java.util.concurrent.TimeoutException
	at java.util.concurrent.FutureTask.get(FutureTask.java:205)
	at org.apache.hadoop.ozone.container.common.states.datanode.RunningDatanodeState.lambda$execute$0(RunningDatanodeState.java:149)
	at java.util.concurrent.FutureTask.run(FutureTask.java:266)
	at java.util.concurrent.Executors$RunnableAdapter.call(Executors.java:511)
	at java.util.concurrent.FutureTask.run(FutureTask.java:266)
	at java.util.concurrent.ThreadPoolExecutor.runWorker(ThreadPoolExecutor.java:1149)
	at java.util.concurrent.ThreadPoolExecutor$Worker.run(ThreadPoolExecutor.java:624)
	... 1 more
2021-05-22 19:12:38,426 [grpc-default-executor-2] INFO  server.GrpcLogAppender (GrpcLogAppender.java:onNext(400)) - b5b91537-3281-48b1-9597-8f2f653ada85@group-6537B218274A->8a633b72-b43a-415e-aba0-49de5ef1a57a-InstallSnapshotResponseHandler: received a reply b5b91537-3281-48b1-9597-8f2f653ada85<-8a633b72-b43a-415e-aba0-49de5ef1a57a#0:FAIL-t2,IN_PROGRESS
2021-05-22 19:12:38,432 [grpc-default-executor-2] INFO  server.GrpcLogAppender (GrpcLogAppender.java:onNext(417)) - b5b91537-3281-48b1-9597-8f2f653ada85@group-6537B218274A->8a633b72-b43a-415e-aba0-49de5ef1a57a-InstallSnapshotResponseHandler: InstallSnapshot in progress.
2021-05-22 19:12:38,434 [b5b91537-3281-48b1-9597-8f2f653ada85@group-6537B218274A->8a633b72-b43a-415e-aba0-49de5ef1a57a-GrpcLogAppender-LogAppenderDaemon] INFO  server.GrpcLogAppender (GrpcLogAppender.java:installSnapshot(524)) - b5b91537-3281-48b1-9597-8f2f653ada85@group-6537B218274A->8a633b72-b43a-415e-aba0-49de5ef1a57a-GrpcLogAppender: followerNextIndex = 0 but logStartIndex = 106, notify follower to install snapshot-(t:2, i:106)
2021-05-22 19:12:38,434 [b5b91537-3281-48b1-9597-8f2f653ada85@group-6537B218274A->8a633b72-b43a-415e-aba0-49de5ef1a57a-GrpcLogAppender-LogAppenderDaemon] INFO  server.GrpcLogAppender (GrpcLogAppender.java:installSnapshot(532)) - b5b91537-3281-48b1-9597-8f2f653ada85@group-6537B218274A->8a633b72-b43a-415e-aba0-49de5ef1a57a-GrpcLogAppender: send b5b91537-3281-48b1-9597-8f2f653ada85->8a633b72-b43a-415e-aba0-49de5ef1a57a#0-t2,notify:(t:2, i:106)
2021-05-22 19:12:38,434 [grpc-default-executor-2] INFO  server.RaftServer$Division (RaftServerImpl.java:checkInconsistentAppendEntries(1292)) - 8a633b72-b43a-415e-aba0-49de5ef1a57a@group-6537B218274A: Failed appendEntries as snapshot ((t:2, i:106)) installation is in progress
2021-05-22 19:12:38,435 [grpc-default-executor-2] INFO  server.RaftServer$Division (RaftServerImpl.java:checkInconsistentAppendEntries(1284)) - 8a633b72-b43a-415e-aba0-49de5ef1a57a@group-6537B218274A: inconsistency entries. Reply:b5b91537-3281-48b1-9597-8f2f653ada85<-8a633b72-b43a-415e-aba0-49de5ef1a57a#6:FAIL-t2,INCONSISTENCY,nextIndex=0,followerCommit=-1
2021-05-22 19:12:38,436 [grpc-default-executor-2] INFO  leader.FollowerInfo (FollowerInfoImpl.java:lambda$new$0(46)) - b5b91537-3281-48b1-9597-8f2f653ada85@group-6537B218274A->8a633b72-b43a-415e-aba0-49de5ef1a57a: nextIndex: updateUnconditionally 0 -> 0
2021-05-22 19:12:38,438 [grpc-default-executor-3] INFO  server.RaftServer$Division (RaftServerImpl.java:installSnapshot(1328)) - 8a633b72-b43a-415e-aba0-49de5ef1a57a@group-6537B218274A: receive installSnapshot: b5b91537-3281-48b1-9597-8f2f653ada85->8a633b72-b43a-415e-aba0-49de5ef1a57a#0-t2,notify:(t:2, i:106)
2021-05-22 19:12:38,438 [grpc-default-executor-3] INFO  server.RaftServer$Division (RaftServerImpl.java:notifyStateMachineToInstallSnapshot(1610)) - 8a633b72-b43a-415e-aba0-49de5ef1a57a@group-6537B218274A: Snapshot Installation by StateMachine is in progress.
2021-05-22 19:12:38,439 [grpc-default-executor-3] INFO  server.RaftServer$Division (RaftServerImpl.java:installSnapshotImpl(1458)) - 8a633b72-b43a-415e-aba0-49de5ef1a57a@group-6537B218274A: set new configuration index: 5
configurationEntry {
  peers {
    id: "c528a642-8365-4981-9ca8-5a52c1b1524d"
    address: "localhost:12390"
  }
  peers {
    id: "b5b91537-3281-48b1-9597-8f2f653ada85"
    address: "localhost:12380"
  }
}
 from snapshot
2021-05-22 19:12:38,440 [grpc-default-executor-3] INFO  server.RaftServer$Division (ServerState.java:setRaftConf(373)) - 8a633b72-b43a-415e-aba0-49de5ef1a57a@group-6537B218274A: set configuration 5: [c528a642-8365-4981-9ca8-5a52c1b1524d|rpc:localhost:12390|admin:|client:|dataStream:|priority:0, b5b91537-3281-48b1-9597-8f2f653ada85|rpc:localhost:12380|admin:|client:|dataStream:|priority:0], old=null
2021-05-22 19:12:38,440 [grpc-default-executor-3] INFO  server.RaftServer$Division (RaftServerImpl.java:installSnapshot(1339)) - 8a633b72-b43a-415e-aba0-49de5ef1a57a@group-6537B218274A: reply installSnapshot: b5b91537-3281-48b1-9597-8f2f653ada85<-8a633b72-b43a-415e-aba0-49de5ef1a57a#0:FAIL-t2,IN_PROGRESS
2021-05-22 19:12:38,441 [grpc-default-executor-3] INFO  server.GrpcServerProtocolService (GrpcServerProtocolService.java:onCompleted(140)) - 8a633b72-b43a-415e-aba0-49de5ef1a57a: Completed INSTALL_SNAPSHOT, lastRequest: b5b91537-3281-48b1-9597-8f2f653ada85->8a633b72-b43a-415e-aba0-49de5ef1a57a#0-t2,notify:(t:2, i:106)
2021-05-22 19:12:38,442 [grpc-default-executor-2] INFO  server.GrpcLogAppender (GrpcLogAppender.java:onNext(400)) - b5b91537-3281-48b1-9597-8f2f653ada85@group-6537B218274A->8a633b72-b43a-415e-aba0-49de5ef1a57a-InstallSnapshotResponseHandler: received a reply b5b91537-3281-48b1-9597-8f2f653ada85<-8a633b72-b43a-415e-aba0-49de5ef1a57a#0:FAIL-t2,IN_PROGRESS
2021-05-22 19:12:38,442 [grpc-default-executor-2] INFO  server.GrpcLogAppender (GrpcLogAppender.java:onNext(417)) - b5b91537-3281-48b1-9597-8f2f653ada85@group-6537B218274A->8a633b72-b43a-415e-aba0-49de5ef1a57a-InstallSnapshotResponseHandler: InstallSnapshot in progress.
2021-05-22 19:12:38,444 [b5b91537-3281-48b1-9597-8f2f653ada85@group-6537B218274A->8a633b72-b43a-415e-aba0-49de5ef1a57a-GrpcLogAppender-LogAppenderDaemon] INFO  server.GrpcLogAppender (GrpcLogAppender.java:installSnapshot(524)) - b5b91537-3281-48b1-9597-8f2f653ada85@group-6537B218274A->8a633b72-b43a-415e-aba0-49de5ef1a57a-GrpcLogAppender: followerNextIndex = 0 but logStartIndex = 106, notify follower to install snapshot-(t:2, i:106)
2021-05-22 19:12:38,444 [b5b91537-3281-48b1-9597-8f2f653ada85@group-6537B218274A->8a633b72-b43a-415e-aba0-49de5ef1a57a-GrpcLogAppender-LogAppenderDaemon] INFO  server.GrpcLogAppender (GrpcLogAppender.java:installSnapshot(532)) - b5b91537-3281-48b1-9597-8f2f653ada85@group-6537B218274A->8a633b72-b43a-415e-aba0-49de5ef1a57a-GrpcLogAppender: send b5b91537-3281-48b1-9597-8f2f653ada85->8a633b72-b43a-415e-aba0-49de5ef1a57a#0-t2,notify:(t:2, i:106)
2021-05-22 19:12:38,444 [grpc-default-executor-2] INFO  server.RaftServer$Division (RaftServerImpl.java:checkInconsistentAppendEntries(1292)) - 8a633b72-b43a-415e-aba0-49de5ef1a57a@group-6537B218274A: Failed appendEntries as snapshot ((t:2, i:106)) installation is in progress
2021-05-22 19:12:38,444 [grpc-default-executor-2] INFO  server.RaftServer$Division (RaftServerImpl.java:checkInconsistentAppendEntries(1284)) - 8a633b72-b43a-415e-aba0-49de5ef1a57a@group-6537B218274A: inconsistency entries. Reply:b5b91537-3281-48b1-9597-8f2f653ada85<-8a633b72-b43a-415e-aba0-49de5ef1a57a#7:FAIL-t2,INCONSISTENCY,nextIndex=0,followerCommit=-1
2021-05-22 19:12:38,446 [grpc-default-executor-6] INFO  leader.FollowerInfo (FollowerInfoImpl.java:lambda$new$0(46)) - b5b91537-3281-48b1-9597-8f2f653ada85@group-6537B218274A->8a633b72-b43a-415e-aba0-49de5ef1a57a: nextIndex: updateUnconditionally 0 -> 0
2021-05-22 19:12:38,447 [pool-55-thread-1] INFO  ha.SCMHAManagerImpl (SCMHAManagerImpl.java:verifyCheckpointFromLeader(172)) - Installing checkpoint with SCMTransactionInfo 2#202
2021-05-22 19:12:38,447 [pool-55-thread-1] INFO  server.RaftServer$Division (RaftServerImpl.java:lambda$notifyStateMachineToInstallSnapshot$30(1593)) - 8a633b72-b43a-415e-aba0-49de5ef1a57a@group-6537B218274A: StateMachine successfully installed snapshot index 202. Reloading the StateMachine.
2021-05-22 19:12:38,447 [pool-55-thread-1] INFO  segmented.SegmentedRaftLogWorker (SegmentedRaftLogWorker.java:lambda$new$0(133)) - 8a633b72-b43a-415e-aba0-49de5ef1a57a@group-6537B218274A-SegmentedRaftLogWorker: flushIndex: setUnconditionally -1 -> 202
2021-05-22 19:12:38,447 [pool-55-thread-1] INFO  segmented.SegmentedRaftLogWorker (SegmentedRaftLogWorker.java:lambda$new$0(133)) - 8a633b72-b43a-415e-aba0-49de5ef1a57a@group-6537B218274A-SegmentedRaftLogWorker: safeCacheEvictIndex: setUnconditionally -1 -> 202
2021-05-22 19:12:38,447 [pool-55-thread-1] INFO  raftlog.RaftLog (RaftLogBase.java:lambda$new$0(53)) - 8a633b72-b43a-415e-aba0-49de5ef1a57a@group-6537B218274A-SegmentedRaftLog: snapshotIndex: updateIncreasingly -1 -> 202
2021-05-22 19:12:38,449 [grpc-default-executor-3] INFO  server.RaftServer$Division (RaftServerImpl.java:installSnapshot(1328)) - 8a633b72-b43a-415e-aba0-49de5ef1a57a@group-6537B218274A: receive installSnapshot: b5b91537-3281-48b1-9597-8f2f653ada85->8a633b72-b43a-415e-aba0-49de5ef1a57a#0-t2,notify:(t:2, i:106)
2021-05-22 19:12:38,449 [grpc-default-executor-3] INFO  server.RaftServer$Division (RaftServerImpl.java:notifyStateMachineToInstallSnapshot(1559)) - 8a633b72-b43a-415e-aba0-49de5ef1a57a@group-6537B218274A: StateMachine snapshotIndex is 202
2021-05-22 19:12:38,449 [grpc-default-executor-3] INFO  server.RaftServer$Division (RaftServerImpl.java:installSnapshotImpl(1458)) - 8a633b72-b43a-415e-aba0-49de5ef1a57a@group-6537B218274A: set new configuration index: 5
configurationEntry {
  peers {
    id: "c528a642-8365-4981-9ca8-5a52c1b1524d"
    address: "localhost:12390"
  }
  peers {
    id: "b5b91537-3281-48b1-9597-8f2f653ada85"
    address: "localhost:12380"
  }
}
 from snapshot
2021-05-22 19:12:38,449 [grpc-default-executor-3] INFO  server.RaftServer$Division (ServerState.java:setRaftConf(373)) - 8a633b72-b43a-415e-aba0-49de5ef1a57a@group-6537B218274A: set configuration 5: [c528a642-8365-4981-9ca8-5a52c1b1524d|rpc:localhost:12390|admin:|client:|dataStream:|priority:0, b5b91537-3281-48b1-9597-8f2f653ada85|rpc:localhost:12380|admin:|client:|dataStream:|priority:0], old=null
2021-05-22 19:12:38,450 [grpc-default-executor-3] INFO  server.RaftServer$Division (RaftServerImpl.java:installSnapshot(1339)) - 8a633b72-b43a-415e-aba0-49de5ef1a57a@group-6537B218274A: reply installSnapshot: b5b91537-3281-48b1-9597-8f2f653ada85<-8a633b72-b43a-415e-aba0-49de5ef1a57a#0:FAIL-t2,ALREADY_INSTALLED,snapshotIndex=202
2021-05-22 19:12:38,450 [grpc-default-executor-3] INFO  server.GrpcServerProtocolService (GrpcServerProtocolService.java:onCompleted(140)) - 8a633b72-b43a-415e-aba0-49de5ef1a57a: Completed INSTALL_SNAPSHOT, lastRequest: b5b91537-3281-48b1-9597-8f2f653ada85->8a633b72-b43a-415e-aba0-49de5ef1a57a#0-t2,notify:(t:2, i:106)
2021-05-22 19:12:38,451 [grpc-default-executor-3] INFO  server.GrpcLogAppender (GrpcLogAppender.java:onNext(400)) - b5b91537-3281-48b1-9597-8f2f653ada85@group-6537B218274A->8a633b72-b43a-415e-aba0-49de5ef1a57a-InstallSnapshotResponseHandler: received a reply b5b91537-3281-48b1-9597-8f2f653ada85<-8a633b72-b43a-415e-aba0-49de5ef1a57a#0:FAIL-t2,ALREADY_INSTALLED,snapshotIndex=202
2021-05-22 19:12:38,451 [grpc-default-executor-3] INFO  server.GrpcLogAppender (GrpcLogAppender.java:onNext(422)) - b5b91537-3281-48b1-9597-8f2f653ada85@group-6537B218274A->8a633b72-b43a-415e-aba0-49de5ef1a57a-InstallSnapshotResponseHandler: Already Installed Snapshot Index 202.
2021-05-22 19:12:38,451 [grpc-default-executor-3] INFO  leader.FollowerInfo (FollowerInfoImpl.java:lambda$new$0(46)) - b5b91537-3281-48b1-9597-8f2f653ada85@group-6537B218274A->8a633b72-b43a-415e-aba0-49de5ef1a57a: snapshotIndex: setUnconditionally 0 -> 202
2021-05-22 19:12:38,451 [grpc-default-executor-3] INFO  leader.FollowerInfo (FollowerInfoImpl.java:lambda$new$0(46)) - b5b91537-3281-48b1-9597-8f2f653ada85@group-6537B218274A->8a633b72-b43a-415e-aba0-49de5ef1a57a: matchIndex: setUnconditionally 0 -> 202
2021-05-22 19:12:38,456 [grpc-default-executor-3] INFO  leader.FollowerInfo (FollowerInfoImpl.java:lambda$new$0(46)) - b5b91537-3281-48b1-9597-8f2f653ada85@group-6537B218274A->8a633b72-b43a-415e-aba0-49de5ef1a57a: nextIndex: setUnconditionally 0 -> 203
2021-05-22 19:12:38,456 [grpc-default-executor-3] INFO  leader.FollowerInfo (FollowerInfoImpl.java:lambda$new$0(46)) - b5b91537-3281-48b1-9597-8f2f653ada85@group-6537B218274A->8a633b72-b43a-415e-aba0-49de5ef1a57a: nextIndex: updateToMax old=203, new=203, updated? false
2021-05-22 19:12:38,467 [grpc-default-executor-3] INFO  segmented.SegmentedRaftLogWorker (SegmentedRaftLogWorker.java:startLogSegment(394)) - 8a633b72-b43a-415e-aba0-49de5ef1a57a@group-6537B218274A-SegmentedRaftLogWorker: Starting segment from index:203
2021-05-22 19:12:38,469 [8a633b72-b43a-415e-aba0-49de5ef1a57a@group-6537B218274A-SegmentedRaftLogWorker] INFO  segmented.SegmentedRaftLogWorker (SegmentedRaftLogWorker.java:execute(601)) - 8a633b72-b43a-415e-aba0-49de5ef1a57a@group-6537B218274A-SegmentedRaftLogWorker: created new log segment /github/workspace/mnt/ozone/hadoop-ozone/integration-test/target/test-dir/MiniOzoneClusterImpl-5713c1a7-fb90-4566-9593-6537b218274a/scmNode-3/scm-ha/5713c1a7-fb90-4566-9593-6537b218274a/current/log_inprogress_203
2021-05-22 19:12:38,477 [b5b91537-3281-48b1-9597-8f2f653ada85@group-6537B218274A-LeaderStateImpl] INFO  server.RaftServer$Division (ServerState.java:setRaftConf(373)) - b5b91537-3281-48b1-9597-8f2f653ada85@group-6537B218274A: set configuration 205: [c528a642-8365-4981-9ca8-5a52c1b1524d|rpc:localhost:12390|priority:0, b5b91537-3281-48b1-9597-8f2f653ada85|rpc:localhost:12380|admin:|client:|dataStream:|priority:0, 8a633b72-b43a-415e-aba0-49de5ef1a57a|rpc:localhost:12400|priority:0], old=[c528a642-8365-4981-9ca8-5a52c1b1524d|rpc:localhost:12390|priority:0, b5b91537-3281-48b1-9597-8f2f653ada85|rpc:localhost:12380|admin:|client:|dataStream:|priority:0]
2021-05-22 19:12:38,479 [grpc-default-executor-3] INFO  server.RaftServer$Division (ServerState.java:setRaftConf(373)) - c528a642-8365-4981-9ca8-5a52c1b1524d@group-6537B218274A: set configuration 205: [c528a642-8365-4981-9ca8-5a52c1b1524d|rpc:localhost:12390|admin:|client:|dataStream:|priority:0, b5b91537-3281-48b1-9597-8f2f653ada85|rpc:localhost:12380|admin:|client:|dataStream:|priority:0, 8a633b72-b43a-415e-aba0-49de5ef1a57a|rpc:localhost:12400|admin:|client:|dataStream:|priority:0], old=[c528a642-8365-4981-9ca8-5a52c1b1524d|rpc:localhost:12390|admin:|client:|dataStream:|priority:0, b5b91537-3281-48b1-9597-8f2f653ada85|rpc:localhost:12380|admin:|client:|dataStream:|priority:0]
2021-05-22 19:12:38,480 [grpc-default-executor-3] INFO  server.RaftServer$Division (ServerState.java:setRaftConf(373)) - 8a633b72-b43a-415e-aba0-49de5ef1a57a@group-6537B218274A: set configuration 205: [c528a642-8365-4981-9ca8-5a52c1b1524d|rpc:localhost:12390|admin:|client:|dataStream:|priority:0, b5b91537-3281-48b1-9597-8f2f653ada85|rpc:localhost:12380|admin:|client:|dataStream:|priority:0, 8a633b72-b43a-415e-aba0-49de5ef1a57a|rpc:localhost:12400|admin:|client:|dataStream:|priority:0], old=[c528a642-8365-4981-9ca8-5a52c1b1524d|rpc:localhost:12390|admin:|client:|dataStream:|priority:0, b5b91537-3281-48b1-9597-8f2f653ada85|rpc:localhost:12380|admin:|client:|dataStream:|priority:0]
2021-05-22 19:12:38,489 [b5b91537-3281-48b1-9597-8f2f653ada85@group-6537B218274A-LeaderStateImpl] INFO  server.RaftServer$Division (ServerState.java:setRaftConf(373)) - b5b91537-3281-48b1-9597-8f2f653ada85@group-6537B218274A: set configuration 207: [c528a642-8365-4981-9ca8-5a52c1b1524d|rpc:localhost:12390|priority:0, b5b91537-3281-48b1-9597-8f2f653ada85|rpc:localhost:12380|admin:|client:|dataStream:|priority:0, 8a633b72-b43a-415e-aba0-49de5ef1a57a|rpc:localhost:12400|priority:0], old=null
2021-05-22 19:12:38,492 [grpc-default-executor-3] INFO  server.RaftServer$Division (ServerState.java:setRaftConf(373)) - c528a642-8365-4981-9ca8-5a52c1b1524d@group-6537B218274A: set configuration 207: [c528a642-8365-4981-9ca8-5a52c1b1524d|rpc:localhost:12390|admin:|client:|dataStream:|priority:0, b5b91537-3281-48b1-9597-8f2f653ada85|rpc:localhost:12380|admin:|client:|dataStream:|priority:0, 8a633b72-b43a-415e-aba0-49de5ef1a57a|rpc:localhost:12400|admin:|client:|dataStream:|priority:0], old=null
2021-05-22 19:12:38,492 [grpc-default-executor-6] INFO  server.RaftServer$Division (ServerState.java:setRaftConf(373)) - 8a633b72-b43a-415e-aba0-49de5ef1a57a@group-6537B218274A: set configuration 207: [c528a642-8365-4981-9ca8-5a52c1b1524d|rpc:localhost:12390|admin:|client:|dataStream:|priority:0, b5b91537-3281-48b1-9597-8f2f653ada85|rpc:localhost:12380|admin:|client:|dataStream:|priority:0, 8a633b72-b43a-415e-aba0-49de5ef1a57a|rpc:localhost:12400|admin:|client:|dataStream:|priority:0], old=null
2021-05-22 19:12:38,497 [c528a642-8365-4981-9ca8-5a52c1b1524d@group-6537B218274A-StateMachineUpdater] INFO  ha.SCMStateMachine (SCMStateMachine.java:takeSnapshot(282)) - Current Snapshot Index 205, takeSnapshot took 0 ms
2021-05-22 19:12:38,497 [c528a642-8365-4981-9ca8-5a52c1b1524d@group-6537B218274A-StateMachineUpdater] INFO  impl.StateMachineUpdater (StateMachineUpdater.java:takeSnapshot(281)) - c528a642-8365-4981-9ca8-5a52c1b1524d@group-6537B218274A-StateMachineUpdater: Took a snapshot at index 205
2021-05-22 19:12:38,497 [c528a642-8365-4981-9ca8-5a52c1b1524d@group-6537B218274A-StateMachineUpdater] INFO  impl.StateMachineUpdater (StateMachineUpdater.java:lambda$new$0(89)) - c528a642-8365-4981-9ca8-5a52c1b1524d@group-6537B218274A-StateMachineUpdater: snapshotIndex: updateIncreasingly 200 -> 205
2021-05-22 19:12:38,497 [c528a642-8365-4981-9ca8-5a52c1b1524d@group-6537B218274A-StateMachineUpdater] INFO  raftlog.RaftLog (RaftLogBase.java:purge(306)) - c528a642-8365-4981-9ca8-5a52c1b1524d@group-6537B218274A-SegmentedRaftLog: purge 205
2021-05-22 19:12:38,497 [c528a642-8365-4981-9ca8-5a52c1b1524d@group-6537B218274A-StateMachineUpdater] INFO  raftlog.RaftLog (RaftLogBase.java:lambda$new$0(53)) - c528a642-8365-4981-9ca8-5a52c1b1524d@group-6537B218274A-SegmentedRaftLog: snapshotIndex: updateIncreasingly 200 -> 205
2021-05-22 19:12:38,497 [c528a642-8365-4981-9ca8-5a52c1b1524d@group-6537B218274A-StateMachineUpdater] INFO  raftlog.RaftLog (RaftLogBase.java:lambda$new$0(53)) - c528a642-8365-4981-9ca8-5a52c1b1524d@group-6537B218274A-SegmentedRaftLog: purgeIndex: updateToMax old=200, new=205, updated? true
2021-05-22 19:12:38,499 [IPC Server handler 2 on default port 12382] INFO  ha.SCMRatisServerImpl (SCMRatisServerImpl.java:addSCM(293)) - Successfully added new SCM: 8a633b72-b43a-415e-aba0-49de5ef1a57a.
2021-05-22 19:12:38,499 [Listener at 127.0.0.1/13280] INFO  ha.SCMHAManagerImpl (SCMHAManagerImpl.java:start(116)) - Successfully added SCM scmNode-3 to group group-6537B218274A:[c528a642-8365-4981-9ca8-5a52c1b1524d|rpc:localhost:12390|admin:|client:|dataStream:|priority:0, b5b91537-3281-48b1-9597-8f2f653ada85|rpc:localhost:12380|admin:|client:|dataStream:|priority:0, 8a633b72-b43a-415e-aba0-49de5ef1a57a|rpc:localhost:12400|admin:|client:|dataStream:|priority:0]
2021-05-22 19:12:38,507 [Listener at 127.0.0.1/13280] INFO  ha.InterSCMGrpcService (InterSCMGrpcProtocolService.java:start(94)) - Starting SCM Grpc Service at port 12404
2021-05-22 19:12:38,509 [Listener at 127.0.0.1/13280] INFO  impl.MetricsSystemImpl (MetricsSystemImpl.java:init(158)) - StorageContainerManager metrics system started (again)
2021-05-22 19:12:38,526 [Listener at 127.0.0.1/13280] INFO  server.SCMClientProtocolServer (SCMClientProtocolServer.java:start(163)) - RPC server for Client  is listening at /0.0.0.0:12403
2021-05-22 19:12:38,527 [IPC Server Responder] INFO  ipc.Server (Server.java:run(1497)) - IPC Server Responder: starting
2021-05-22 19:12:38,528 [IPC Server listener on 12403] INFO  ipc.Server (Server.java:run(1334)) - IPC Server listener on 12403: starting
2021-05-22 19:12:38,552 [8a633b72-b43a-415e-aba0-49de5ef1a57a@group-6537B218274A-StateMachineUpdater] INFO  ha.SCMHAManagerImpl (SCMHAManagerImpl.java:installCheckpoint(227)) - Installing checkpoint with SCMTransactionInfo 2#202
2021-05-22 19:12:38,553 [8a633b72-b43a-415e-aba0-49de5ef1a57a@group-6537B218274A-StateMachineUpdater] INFO  ha.SCMHAManagerImpl (SCMHAManagerImpl.java:installCheckpoint(266)) - Replaced DB with checkpoint, term: 2, index: 202
2021-05-22 19:12:38,553 [8a633b72-b43a-415e-aba0-49de5ef1a57a@group-6537B218274A-StateMachineUpdater] WARN  utils.HAUtils (HAUtils.java:getMetaDir(342)) - ozone.scm.db.dirs is not configured. We recommend adding this setting. Falling back to ozone.metadata.dirs instead.
2021-05-22 19:12:38,554 [8a633b72-b43a-415e-aba0-49de5ef1a57a@group-6537B218274A-StateMachineUpdater] WARN  db.DBStoreBuilder (DBStoreBuilder.java:applyDBDefinition(145)) - ozone.scm.db.dirs is not configured. We recommend adding this setting. Falling back to ozone.metadata.dirs instead.
2021-05-22 19:12:38,571 [Listener at 127.0.0.1/13280] INFO  server.StorageContainerManager (StorageContainerManager.java:start(1201)) - ScmBlockLocationProtocol RPC server is listening at /0.0.0.0:12402
2021-05-22 19:12:38,573 [Listener at 127.0.0.1/13280] INFO  server.SCMBlockProtocolServer (SCMBlockProtocolServer.java:start(149)) - RPC server for Block Protocol is listening at /0.0.0.0:12402
2021-05-22 19:12:38,573 [IPC Server Responder] INFO  ipc.Server (Server.java:run(1497)) - IPC Server Responder: starting
2021-05-22 19:12:38,581 [Listener at 127.0.0.1/13280] INFO  server.StorageContainerManager (StorageContainerManager.java:start(1207)) - ScmDatanodeProtocl RPC server is listening at /0.0.0.0:12401
2021-05-22 19:12:38,582 [Listener at 127.0.0.1/13280] INFO  server.SCMDatanodeProtocolServer (SCMDatanodeProtocolServer.java:start(174)) - RPC server for DataNodes is listening at /0.0.0.0:12401
2021-05-22 19:12:38,582 [IPC Server Responder] INFO  ipc.Server (Server.java:run(1497)) - IPC Server Responder: starting
2021-05-22 19:12:38,583 [IPC Server listener on 12401] INFO  ipc.Server (Server.java:run(1334)) - IPC Server listener on 12401: starting
2021-05-22 19:12:38,589 [IPC Server listener on 12402] INFO  ipc.Server (Server.java:run(1334)) - IPC Server listener on 12402: starting
2021-05-22 19:12:38,590 [org.apache.hadoop.util.JvmPauseMonitor$Monitor@4be75a68] INFO  util.JvmPauseMonitor (JvmPauseMonitor.java:run(188)) - Starting JVM pause monitor
2021-05-22 19:12:38,591 [Listener at 127.0.0.1/13280] INFO  http.BaseHttpServer (BaseHttpServer.java:newHttpServer2BuilderForOzone(209)) - Starting Web-server for scm at: http://0.0.0.0:12398
2021-05-22 19:12:38,592 [Listener at 127.0.0.1/13280] INFO  http.BaseHttpServer (BaseHttpServer.java:<init>(107)) - Hadoop Security Enabled: false Ozone Security Enabled: false Ozone HTTP Security Enabled: false 
2021-05-22 19:12:38,594 [Listener at 127.0.0.1/13280] INFO  server.AuthenticationFilter (AuthenticationFilter.java:constructSecretProvider(240)) - Unable to initialize FileSignerSecretProvider, falling back to use random secrets.
2021-05-22 19:12:38,597 [Listener at 127.0.0.1/13280] WARN  http.HttpRequestLog (HttpRequestLog.java:getRequestLog(103)) - Jetty request log can only be enabled using Log4j
2021-05-22 19:12:38,604 [EndpointStateMachine task thread for /127.0.0.1:12401 - 0 ] INFO  ozoneimpl.OzoneContainer (OzoneContainer.java:start(288)) - Ignore. OzoneContainer already started.
2021-05-22 19:12:38,605 [EndpointStateMachine task thread for /127.0.0.1:12401 - 0 ] INFO  ozoneimpl.OzoneContainer (OzoneContainer.java:start(288)) - Ignore. OzoneContainer already started.
2021-05-22 19:12:38,605 [EndpointStateMachine task thread for /127.0.0.1:12401 - 0 ] INFO  ozoneimpl.OzoneContainer (OzoneContainer.java:start(288)) - Ignore. OzoneContainer already started.
2021-05-22 19:12:38,602 [IPC Server handler 3 on default port 12401] WARN  ipc.Server (Server.java:processResponse(1707)) - IPC Server handler 3 on default port 12401, call Call#73 Retry#0 org.apache.hadoop.ozone.protocol.StorageContainerDatanodeProtocol.submitRequest from 127.0.0.1:36148: output error
2021-05-22 19:12:38,602 [IPC Server handler 2 on default port 12401] WARN  ipc.Server (Server.java:processResponse(1707)) - IPC Server handler 2 on default port 12401, call Call#112 Retry#0 org.apache.hadoop.ozone.protocol.StorageContainerDatanodeProtocol.submitRequest from 127.0.0.1:36162: output error
2021-05-22 19:12:38,607 [IPC Server handler 3 on default port 12401] INFO  ipc.Server (Server.java:run(2970)) - IPC Server handler 3 on default port 12401 caught an exception
java.nio.channels.ClosedChannelException
	at sun.nio.ch.SocketChannelImpl.ensureWriteOpen(SocketChannelImpl.java:270)
	at sun.nio.ch.SocketChannelImpl.write(SocketChannelImpl.java:461)
	at org.apache.hadoop.ipc.Server.channelWrite(Server.java:3594)
	at org.apache.hadoop.ipc.Server.access$1700(Server.java:139)
	at org.apache.hadoop.ipc.Server$Responder.processResponse(Server.java:1657)
	at org.apache.hadoop.ipc.Server$Responder.doRespond(Server.java:1727)
	at org.apache.hadoop.ipc.Server$Connection.sendResponse(Server.java:2828)
	at org.apache.hadoop.ipc.Server$Connection.access$300(Server.java:1799)
	at org.apache.hadoop.ipc.Server$RpcCall.doResponse(Server.java:1111)
	at org.apache.hadoop.ipc.Server$Call.doResponse(Server.java:903)
	at org.apache.hadoop.ipc.Server$Call.sendResponse(Server.java:889)
	at org.apache.hadoop.ipc.Server$RpcCall.run(Server.java:1046)
	at org.apache.hadoop.ipc.Server$RpcCall.run(Server.java:957)
	at java.security.AccessController.doPrivileged(Native Method)
	at javax.security.auth.Subject.doAs(Subject.java:422)
	at org.apache.hadoop.security.UserGroupInformation.doAs(UserGroupInformation.java:1762)
	at org.apache.hadoop.ipc.Server$Handler.run(Server.java:2957)
2021-05-22 19:12:38,601 [IPC Server handler 1 on default port 12401] WARN  ipc.Server (Server.java:processResponse(1707)) - IPC Server handler 1 on default port 12401, call Call#28 Retry#0 org.apache.hadoop.ozone.protocol.StorageContainerDatanodeProtocol.submitRequest from 127.0.0.1:36134: output error
2021-05-22 19:12:38,607 [IPC Server handler 1 on default port 12401] INFO  ipc.Server (Server.java:run(2970)) - IPC Server handler 1 on default port 12401 caught an exception
java.nio.channels.ClosedChannelException
	at sun.nio.ch.SocketChannelImpl.ensureWriteOpen(SocketChannelImpl.java:270)
	at sun.nio.ch.SocketChannelImpl.write(SocketChannelImpl.java:461)
	at org.apache.hadoop.ipc.Server.channelWrite(Server.java:3594)
	at org.apache.hadoop.ipc.Server.access$1700(Server.java:139)
	at org.apache.hadoop.ipc.Server$Responder.processResponse(Server.java:1657)
	at org.apache.hadoop.ipc.Server$Responder.doRespond(Server.java:1727)
	at org.apache.hadoop.ipc.Server$Connection.sendResponse(Server.java:2828)
	at org.apache.hadoop.ipc.Server$Connection.access$300(Server.java:1799)
	at org.apache.hadoop.ipc.Server$RpcCall.doResponse(Server.java:1111)
	at org.apache.hadoop.ipc.Server$Call.doResponse(Server.java:903)
	at org.apache.hadoop.ipc.Server$Call.sendResponse(Server.java:889)
	at org.apache.hadoop.ipc.Server$RpcCall.run(Server.java:1046)
	at org.apache.hadoop.ipc.Server$RpcCall.run(Server.java:957)
	at java.security.AccessController.doPrivileged(Native Method)
	at javax.security.auth.Subject.doAs(Subject.java:422)
	at org.apache.hadoop.security.UserGroupInformation.doAs(UserGroupInformation.java:1762)
	at org.apache.hadoop.ipc.Server$Handler.run(Server.java:2957)
2021-05-22 19:12:38,600 [IPC Server handler 8 on default port 12401] INFO  ipc.Server (Server.java:run(1020)) - IPC Server handler 8 on default port 12401: skipped Call#74 Retry#0 org.apache.hadoop.ozone.protocol.StorageContainerDatanodeProtocol.submitRequest from 127.0.0.1:36148
2021-05-22 19:12:38,607 [IPC Server handler 6 on default port 12401] WARN  ipc.Server (Server.java:processResponse(1707)) - IPC Server handler 6 on default port 12401, call Call#29 Retry#0 org.apache.hadoop.ozone.protocol.StorageContainerDatanodeProtocol.submitRequest from 127.0.0.1:36134: output error
2021-05-22 19:12:38,607 [IPC Server handler 6 on default port 12401] INFO  ipc.Server (Server.java:run(2970)) - IPC Server handler 6 on default port 12401 caught an exception
java.nio.channels.ClosedChannelException
	at sun.nio.ch.SocketChannelImpl.ensureWriteOpen(SocketChannelImpl.java:270)
	at sun.nio.ch.SocketChannelImpl.write(SocketChannelImpl.java:461)
	at org.apache.hadoop.ipc.Server.channelWrite(Server.java:3594)
	at org.apache.hadoop.ipc.Server.access$1700(Server.java:139)
	at org.apache.hadoop.ipc.Server$Responder.processResponse(Server.java:1657)
	at org.apache.hadoop.ipc.Server$Responder.doRespond(Server.java:1727)
	at org.apache.hadoop.ipc.Server$Connection.sendResponse(Server.java:2828)
	at org.apache.hadoop.ipc.Server$Connection.access$300(Server.java:1799)
	at org.apache.hadoop.ipc.Server$RpcCall.doResponse(Server.java:1111)
	at org.apache.hadoop.ipc.Server$Call.doResponse(Server.java:903)
	at org.apache.hadoop.ipc.Server$Call.sendResponse(Server.java:889)
	at org.apache.hadoop.ipc.Server$RpcCall.run(Server.java:1046)
	at org.apache.hadoop.ipc.Server$RpcCall.run(Server.java:957)
	at java.security.AccessController.doPrivileged(Native Method)
	at javax.security.auth.Subject.doAs(Subject.java:422)
	at org.apache.hadoop.security.UserGroupInformation.doAs(UserGroupInformation.java:1762)
	at org.apache.hadoop.ipc.Server$Handler.run(Server.java:2957)
2021-05-22 19:12:38,600 [IPC Server handler 12 on default port 12401] INFO  ipc.Server (Server.java:run(1020)) - IPC Server handler 12 on default port 12401: skipped Call#75 Retry#0 org.apache.hadoop.ozone.protocol.StorageContainerDatanodeProtocol.submitRequest from 127.0.0.1:36148
2021-05-22 19:12:38,600 [IPC Server handler 11 on default port 12401] INFO  ipc.Server (Server.java:run(1020)) - IPC Server handler 11 on default port 12401: skipped Call#114 Retry#0 org.apache.hadoop.ozone.protocol.StorageContainerDatanodeProtocol.submitRequest from 127.0.0.1:36162
2021-05-22 19:12:38,600 [IPC Server handler 10 on default port 12401] INFO  ipc.Server (Server.java:run(1020)) - IPC Server handler 10 on default port 12401: skipped Call#30 Retry#0 org.apache.hadoop.ozone.protocol.StorageContainerDatanodeProtocol.submitRequest from 127.0.0.1:36134
2021-05-22 19:12:38,600 [IPC Server handler 7 on default port 12401] INFO  ipc.Server (Server.java:run(1020)) - IPC Server handler 7 on default port 12401: skipped Call#113 Retry#0 org.apache.hadoop.ozone.protocol.StorageContainerDatanodeProtocol.submitRequest from 127.0.0.1:36162
2021-05-22 19:12:38,599 [IPC Server handler 5 on default port 12401] INFO  ipc.Server (Server.java:run(1020)) - IPC Server handler 5 on default port 12401: skipped Call#13 Retry#0 org.apache.hadoop.ozone.protocol.StorageContainerDatanodeProtocol.submitRequest from 127.0.0.1:36124
2021-05-22 19:12:38,598 [IPC Server handler 0 on default port 12401] WARN  ipc.Server (Server.java:processResponse(1707)) - IPC Server handler 0 on default port 12401, call Call#8 Retry#0 org.apache.hadoop.ozone.protocol.StorageContainerDatanodeProtocol.submitRequest from 127.0.0.1:36124: output error
2021-05-22 19:12:38,608 [IPC Server handler 0 on default port 12401] INFO  ipc.Server (Server.java:run(2970)) - IPC Server handler 0 on default port 12401 caught an exception
java.io.IOException: Broken pipe
	at sun.nio.ch.FileDispatcherImpl.write0(Native Method)
	at sun.nio.ch.SocketDispatcher.write(SocketDispatcher.java:47)
	at sun.nio.ch.IOUtil.writeFromNativeBuffer(IOUtil.java:93)
	at sun.nio.ch.IOUtil.write(IOUtil.java:65)
	at sun.nio.ch.SocketChannelImpl.write(SocketChannelImpl.java:471)
	at org.apache.hadoop.ipc.Server.channelWrite(Server.java:3594)
	at org.apache.hadoop.ipc.Server.access$1700(Server.java:139)
	at org.apache.hadoop.ipc.Server$Responder.processResponse(Server.java:1657)
	at org.apache.hadoop.ipc.Server$Responder.doRespond(Server.java:1727)
	at org.apache.hadoop.ipc.Server$Connection.sendResponse(Server.java:2828)
	at org.apache.hadoop.ipc.Server$Connection.access$300(Server.java:1799)
	at org.apache.hadoop.ipc.Server$RpcCall.doResponse(Server.java:1111)
	at org.apache.hadoop.ipc.Server$Call.doResponse(Server.java:903)
	at org.apache.hadoop.ipc.Server$Call.sendResponse(Server.java:889)
	at org.apache.hadoop.ipc.Server$RpcCall.run(Server.java:1046)
	at org.apache.hadoop.ipc.Server$RpcCall.run(Server.java:957)
	at java.security.AccessController.doPrivileged(Native Method)
	at javax.security.auth.Subject.doAs(Subject.java:422)
	at org.apache.hadoop.security.UserGroupInformation.doAs(UserGroupInformation.java:1762)
	at org.apache.hadoop.ipc.Server$Handler.run(Server.java:2957)
2021-05-22 19:12:38,607 [IPC Server handler 2 on default port 12401] INFO  ipc.Server (Server.java:run(2970)) - IPC Server handler 2 on default port 12401 caught an exception
java.nio.channels.ClosedChannelException
	at sun.nio.ch.SocketChannelImpl.ensureWriteOpen(SocketChannelImpl.java:270)
	at sun.nio.ch.SocketChannelImpl.write(SocketChannelImpl.java:461)
	at org.apache.hadoop.ipc.Server.channelWrite(Server.java:3594)
	at org.apache.hadoop.ipc.Server.access$1700(Server.java:139)
	at org.apache.hadoop.ipc.Server$Responder.processResponse(Server.java:1657)
	at org.apache.hadoop.ipc.Server$Responder.doRespond(Server.java:1727)
	at org.apache.hadoop.ipc.Server$Connection.sendResponse(Server.java:2828)
	at org.apache.hadoop.ipc.Server$Connection.access$300(Server.java:1799)
	at org.apache.hadoop.ipc.Server$RpcCall.doResponse(Server.java:1111)
	at org.apache.hadoop.ipc.Server$Call.doResponse(Server.java:903)
	at org.apache.hadoop.ipc.Server$Call.sendResponse(Server.java:889)
	at org.apache.hadoop.ipc.Server$RpcCall.run(Server.java:1046)
	at org.apache.hadoop.ipc.Server$RpcCall.run(Server.java:957)
	at java.security.AccessController.doPrivileged(Native Method)
	at javax.security.auth.Subject.doAs(Subject.java:422)
	at org.apache.hadoop.security.UserGroupInformation.doAs(UserGroupInformation.java:1762)
	at org.apache.hadoop.ipc.Server$Handler.run(Server.java:2957)
2021-05-22 19:12:38,609 [Listener at 127.0.0.1/13280] INFO  http.HttpServer2 (HttpServer2.java:addGlobalFilter(1020)) - Added global filter 'safety' (class=org.apache.hadoop.hdds.server.http.HttpServer2$QuotingInputFilter)
2021-05-22 19:12:38,611 [Listener at 127.0.0.1/13280] INFO  http.HttpServer2 (HttpServer2.java:addFilter(996)) - Added filter static_user_filter (class=org.apache.hadoop.http.lib.StaticUserWebFilter$StaticUserFilter) to context scm
2021-05-22 19:12:38,611 [Listener at 127.0.0.1/13280] INFO  http.HttpServer2 (HttpServer2.java:addFilter(1004)) - Added filter static_user_filter (class=org.apache.hadoop.http.lib.StaticUserWebFilter$StaticUserFilter) to context static
2021-05-22 19:12:38,612 [Listener at 127.0.0.1/13280] INFO  http.HttpServer2 (HttpServer2.java:addFilter(1004)) - Added filter static_user_filter (class=org.apache.hadoop.http.lib.StaticUserWebFilter$StaticUserFilter) to context logs
2021-05-22 19:12:38,613 [Listener at 127.0.0.1/13280] INFO  http.HttpServer2 (HttpServer2.java:bindListener(1238)) - Jetty bound to port 12398
2021-05-22 19:12:38,613 [Listener at 127.0.0.1/13280] INFO  server.Server (Server.java:doStart(375)) - jetty-9.4.35.v20201120; built: 2020-11-20T21:17:03.964Z; git: bdc54f03a5e0a7e280fab27f55c3c75ee8da89fb; jvm 1.8.0_232-b09
2021-05-22 19:12:38,618 [Listener at 127.0.0.1/13280] INFO  server.session (DefaultSessionIdManager.java:doStart(334)) - DefaultSessionIdManager workerName=node0
2021-05-22 19:12:38,619 [Listener at 127.0.0.1/13280] INFO  server.session (DefaultSessionIdManager.java:doStart(339)) - No SessionScavenger set, using defaults
2021-05-22 19:12:38,619 [Listener at 127.0.0.1/13280] INFO  server.session (HouseKeeper.java:startScavenging(132)) - node0 Scavenging every 600000ms
2021-05-22 19:12:38,620 [Listener at 127.0.0.1/13280] INFO  handler.ContextHandler (ContextHandler.java:doStart(916)) - Started o.e.j.s.ServletContextHandler@605ef319{logs,/logs,file:///github/workspace/mnt/ozone/hadoop-ozone/integration-test/target/log,AVAILABLE}
2021-05-22 19:12:38,621 [Listener at 127.0.0.1/13280] INFO  handler.ContextHandler (ContextHandler.java:doStart(916)) - Started o.e.j.s.ServletContextHandler@6f8f0c59{static,/static,file:///github/workspace/mnt/ozone/hadoop-ozone/integration-test/target/test-classes/webapps/static,AVAILABLE}
2021-05-22 19:12:38,637 [Listener at 127.0.0.1/13280] INFO  handler.ContextHandler (ContextHandler.java:doStart(916)) - Started o.e.j.w.WebAppContext@71878833{scm,/,file:///github/workspace/mnt/ozone/hadoop-ozone/integration-test/target/test-classes/webapps/scm/,AVAILABLE}{file:/github/workspace/mnt/ozone/hadoop-ozone/integration-test/target/test-classes/webapps/scm}
2021-05-22 19:12:38,639 [Listener at 127.0.0.1/13280] INFO  server.AbstractConnector (AbstractConnector.java:doStart(331)) - Started ServerConnector@122f58a{HTTP/1.1, (http/1.1)}{0.0.0.0:12398}
2021-05-22 19:12:38,640 [Listener at 127.0.0.1/13280] INFO  server.Server (Server.java:doStart(415)) - Started @44782ms
2021-05-22 19:12:38,640 [Listener at 127.0.0.1/13280] WARN  impl.MetricsSystemImpl (MetricsSystemImpl.java:register(279)) - Sink prometheus already exists!
2021-05-22 19:12:38,644 [Listener at 127.0.0.1/13280] INFO  http.BaseHttpServer (BaseHttpServer.java:updateConnectorAddress(329)) - HTTP server of scm listening at http://0.0.0.0:12398
2021-05-22 19:12:38,653 [Listener at 127.0.0.1/13280] INFO  ozone.MiniOzoneClusterImpl (MiniOzoneClusterImpl.java:shutdown(443)) - Shutting down the Mini Ozone Cluster
2021-05-22 19:12:38,664 [Listener at 127.0.0.1/13280] INFO  ozone.MiniOzoneHAClusterImpl (MiniOzoneHAClusterImpl.java:stop(287)) - Stopping the OzoneManager omNode-1
2021-05-22 19:12:38,665 [Listener at 127.0.0.1/13280] INFO  ipc.Server (Server.java:stop(3403)) - Stopping server on 13280
2021-05-22 19:12:38,662 [8a633b72-b43a-415e-aba0-49de5ef1a57a@group-6537B218274A-StateMachineUpdater] INFO  ha.SCMHAManagerImpl (SCMHAManagerImpl.java:installCheckpoint(277)) - Reloaded SCM state with Term: 2 and Index: 202
2021-05-22 19:12:38,683 [8a633b72-b43a-415e-aba0-49de5ef1a57a@group-6537B218274A-StateMachineUpdater] INFO  impl.StateMachineUpdater (StateMachineUpdater.java:lambda$new$0(89)) - 8a633b72-b43a-415e-aba0-49de5ef1a57a@group-6537B218274A-StateMachineUpdater: snapshotIndex: setUnconditionally -1 -> 202
2021-05-22 19:12:38,683 [8a633b72-b43a-415e-aba0-49de5ef1a57a@group-6537B218274A-StateMachineUpdater] INFO  impl.StateMachineUpdater (StateMachineUpdater.java:lambda$new$0(89)) - 8a633b72-b43a-415e-aba0-49de5ef1a57a@group-6537B218274A-StateMachineUpdater: appliedIndex: setUnconditionally -1 -> 202
2021-05-22 19:12:38,689 [IPC Server Responder] INFO  ipc.Server (Server.java:run(1502)) - Stopping IPC Server Responder
2021-05-22 19:12:38,690 [IPC Server listener on 13280] INFO  ipc.Server (Server.java:run(1366)) - Stopping IPC Server listener on 13280
2021-05-22 19:12:38,690 [Listener at 127.0.0.1/13280] INFO  server.RaftServer (RaftServerProxy.java:lambda$close$6(391)) - omNode-1: close
2021-05-22 19:12:38,691 [Listener at 127.0.0.1/13280] INFO  server.RaftServer$Division (RaftServerImpl.java:lambda$close$4(406)) - omNode-1@group-523986131536: shutdown
2021-05-22 19:12:38,691 [Listener at 127.0.0.1/13280] INFO  util.JmxRegister (JmxRegister.java:unregister(73)) - Successfully un-registered JMX Bean with object name Ratis:service=RaftServer,group=group-523986131536,id=omNode-1
2021-05-22 19:12:38,691 [Listener at 127.0.0.1/13280] INFO  impl.RoleInfo (RoleInfo.java:shutdownLeaderState(91)) - omNode-1: shutdown omNode-1@group-523986131536-LeaderStateImpl
2021-05-22 19:12:38,691 [Listener at 127.0.0.1/13280] INFO  impl.PendingRequests (PendingRequests.java:sendNotLeaderResponses(249)) - omNode-1@group-523986131536-PendingRequests: sendNotLeaderResponses
2021-05-22 19:12:38,692 [Listener at 127.0.0.1/13280] INFO  metrics.RatisMetrics (RatisMetrics.java:unregister(43)) - Unregistering Metrics Registry : ratis.log_appender.omNode-1@group-523986131536
2021-05-22 19:12:38,692 [Listener at 127.0.0.1/13280] INFO  metrics.RatisMetrics (RatisMetrics.java:unregister(43)) - Unregistering Metrics Registry : ratis.server.omNode-1@group-523986131536
2021-05-22 19:12:38,693 [Listener at 127.0.0.1/13280] INFO  impl.StateMachineUpdater (StateMachineUpdater.java:stopAndJoin(149)) - omNode-1@group-523986131536-StateMachineUpdater: set stopIndex = 0
2021-05-22 19:12:38,693 [omNode-1@group-523986131536-StateMachineUpdater] INFO  ratis.OzoneManagerStateMachine (OzoneManagerStateMachine.java:takeSnapshot(347)) - Current Snapshot Index (t:1, i:0)
2021-05-22 19:12:38,693 [omNode-1@group-523986131536-StateMachineUpdater] INFO  impl.StateMachineUpdater (StateMachineUpdater.java:takeSnapshot(281)) - omNode-1@group-523986131536-StateMachineUpdater: Took a snapshot at index 0
2021-05-22 19:12:38,693 [omNode-1@group-523986131536-StateMachineUpdater] INFO  impl.StateMachineUpdater (StateMachineUpdater.java:lambda$new$0(89)) - omNode-1@group-523986131536-StateMachineUpdater: snapshotIndex: updateIncreasingly -1 -> 0
2021-05-22 19:12:38,693 [omNode-1@group-523986131536-StateMachineUpdater] INFO  metrics.RatisMetrics (RatisMetrics.java:unregister(43)) - Unregistering Metrics Registry : ratis.state_machine.omNode-1@group-523986131536
2021-05-22 19:12:38,694 [Listener at 127.0.0.1/13280] INFO  server.RaftServer$Division (ServerState.java:close(405)) - omNode-1@group-523986131536: closes. applyIndex: 0
2021-05-22 19:12:38,694 [omNode-1@group-523986131536-SegmentedRaftLogWorker] INFO  segmented.SegmentedRaftLogWorker (SegmentedRaftLogWorker.java:run(327)) - omNode-1@group-523986131536-SegmentedRaftLogWorker was interrupted, exiting. There are 0 tasks remaining in the queue.
2021-05-22 19:12:38,700 [8a633b72-b43a-415e-aba0-49de5ef1a57a@group-6537B218274A-StateMachineUpdater] INFO  ha.SCMStateMachine (SCMStateMachine.java:takeSnapshot(282)) - Current Snapshot Index 207, takeSnapshot took 0 ms
2021-05-22 19:12:38,700 [8a633b72-b43a-415e-aba0-49de5ef1a57a@group-6537B218274A-StateMachineUpdater] INFO  impl.StateMachineUpdater (StateMachineUpdater.java:takeSnapshot(281)) - 8a633b72-b43a-415e-aba0-49de5ef1a57a@group-6537B218274A-StateMachineUpdater: Took a snapshot at index 207
2021-05-22 19:12:38,700 [8a633b72-b43a-415e-aba0-49de5ef1a57a@group-6537B218274A-StateMachineUpdater] INFO  impl.StateMachineUpdater (StateMachineUpdater.java:lambda$new$0(89)) - 8a633b72-b43a-415e-aba0-49de5ef1a57a@group-6537B218274A-StateMachineUpdater: snapshotIndex: updateIncreasingly 202 -> 207
2021-05-22 19:12:38,700 [8a633b72-b43a-415e-aba0-49de5ef1a57a@group-6537B218274A-StateMachineUpdater] INFO  raftlog.RaftLog (RaftLogBase.java:purge(306)) - 8a633b72-b43a-415e-aba0-49de5ef1a57a@group-6537B218274A-SegmentedRaftLog: purge 207
2021-05-22 19:12:38,700 [8a633b72-b43a-415e-aba0-49de5ef1a57a@group-6537B218274A-StateMachineUpdater] INFO  raftlog.RaftLog (RaftLogBase.java:lambda$new$0(53)) - 8a633b72-b43a-415e-aba0-49de5ef1a57a@group-6537B218274A-SegmentedRaftLog: snapshotIndex: updateIncreasingly 202 -> 207
2021-05-22 19:12:38,700 [8a633b72-b43a-415e-aba0-49de5ef1a57a@group-6537B218274A-StateMachineUpdater] INFO  raftlog.RaftLog (RaftLogBase.java:lambda$new$0(53)) - 8a633b72-b43a-415e-aba0-49de5ef1a57a@group-6537B218274A-SegmentedRaftLog: purgeIndex: updateToMax old=-1, new=207, updated? true
2021-05-22 19:12:38,702 [Listener at 127.0.0.1/13280] INFO  segmented.SegmentedRaftLogWorker (SegmentedRaftLogWorker.java:close(237)) - omNode-1@group-523986131536-SegmentedRaftLogWorker close()
2021-05-22 19:12:38,704 [Listener at 127.0.0.1/13280] INFO  metrics.RatisMetrics (RatisMetrics.java:unregister(43)) - Unregistering Metrics Registry : ratis.log_worker.omNode-1@group-523986131536
2021-05-22 19:12:38,705 [Listener at 127.0.0.1/13280] INFO  metrics.RatisMetrics (RatisMetrics.java:unregister(43)) - Unregistering Metrics Registry : ratis.leader_election.omNode-1@group-523986131536
2021-05-22 19:12:38,705 [Listener at 127.0.0.1/13280] INFO  metrics.RatisMetrics (RatisMetrics.java:unregister(43)) - Unregistering Metrics Registry : ratis.server.omNode-1@group-523986131536
2021-05-22 19:12:38,705 [Listener at 127.0.0.1/13280] INFO  server.GrpcService (GrpcService.java:closeImpl(262)) - omNode-1: shutdown server with port 13284 now
2021-05-22 19:12:38,706 [Listener at 127.0.0.1/13280] INFO  server.GrpcService (GrpcService.java:closeImpl(271)) - omNode-1: shutdown server with port 13284 successfully
2021-05-22 19:12:38,706 [org.apache.ratis.util.JvmPauseMonitor$$Lambda$484/882706486@30ffc3c0] INFO  util.JvmPauseMonitor (JvmPauseMonitor.java:run(109)) - JvmPauseMonitor-omNode-1: Stopped
2021-05-22 19:12:38,706 [Listener at 127.0.0.1/13280] INFO  ratis.OzoneManagerDoubleBuffer (OzoneManagerDoubleBuffer.java:stop(426)) - Stopping OMDoubleBuffer flush thread
2021-05-22 19:12:38,707 [OMDoubleBufferFlushThread] INFO  ratis.OzoneManagerDoubleBuffer (OzoneManagerDoubleBuffer.java:flushTransactions(353)) - OMDoubleBuffer flush thread OMDoubleBufferFlushThread is interrupted and will exit. OMDoubleBufferFlushThread
2021-05-22 19:12:38,708 [Listener at 127.0.0.1/13280] INFO  ratis.OzoneManagerStateMachine (HadoopExecutors.java:shutdown(118)) - Gracefully shutting down executor service. Waiting max 5 SECONDS
2021-05-22 19:12:38,708 [Listener at 127.0.0.1/13280] INFO  ratis.OzoneManagerStateMachine (HadoopExecutors.java:shutdown(129)) - Succesfully shutdown executor service
2021-05-22 19:12:38,709 [Listener at 127.0.0.1/13280] INFO  ratis.OzoneManagerStateMachine (HadoopExecutors.java:shutdown(118)) - Gracefully shutting down executor service. Waiting max 5 SECONDS
2021-05-22 19:12:38,709 [Listener at 127.0.0.1/13280] INFO  ratis.OzoneManagerStateMachine (HadoopExecutors.java:shutdown(129)) - Succesfully shutdown executor service
2021-05-22 19:12:38,709 [Listener at 127.0.0.1/13280] INFO  utils.BackgroundService (BackgroundService.java:shutdown(132)) - Shutting down service KeyDeletingService
2021-05-22 19:12:38,712 [Listener at 127.0.0.1/13280] INFO  handler.ContextHandler (ContextHandler.java:doStop(1154)) - Stopped o.e.j.w.WebAppContext@1c8d9ac9{ozoneManager,/,null,STOPPED}{file:/github/workspace/mnt/ozone/hadoop-ozone/integration-test/target/test-classes/webapps/ozoneManager}
2021-05-22 19:12:38,717 [Listener at 127.0.0.1/13280] INFO  server.AbstractConnector (AbstractConnector.java:doStop(381)) - Stopped ServerConnector@615f61ec{HTTP/1.1, (http/1.1)}{0.0.0.0:13282}
2021-05-22 19:12:38,718 [Listener at 127.0.0.1/13280] INFO  server.session (HouseKeeper.java:stopScavenging(149)) - node0 Stopped scavenging
2021-05-22 19:12:38,718 [Listener at 127.0.0.1/13280] INFO  handler.ContextHandler (ContextHandler.java:doStop(1154)) - Stopped o.e.j.s.ServletContextHandler@42014a{static,/static,file:///github/workspace/mnt/ozone/hadoop-ozone/integration-test/target/test-classes/webapps/static,STOPPED}
2021-05-22 19:12:38,719 [Listener at 127.0.0.1/13280] INFO  handler.ContextHandler (ContextHandler.java:doStop(1154)) - Stopped o.e.j.s.ServletContextHandler@2ccfd2cb{logs,/logs,file:///github/workspace/mnt/ozone/hadoop-ozone/integration-test/target/log,STOPPED}
2021-05-22 19:12:38,724 [Listener at 127.0.0.1/13280] INFO  ozone.MiniOzoneHAClusterImpl (MiniOzoneHAClusterImpl.java:stop(295)) - Stopping the StorageContainerManager c528a642-8365-4981-9ca8-5a52c1b1524d
2021-05-22 19:12:38,724 [Listener at 127.0.0.1/13280] INFO  server.StorageContainerManager (StorageContainerManager.java:stop(1274)) - Stopping Replication Manager Service.
2021-05-22 19:12:38,725 [Listener at 127.0.0.1/13280] INFO  container.ReplicationManager (ReplicationManager.java:stop(267)) - Stopping Replication Monitor Thread.
2021-05-22 19:12:38,725 [Listener at 127.0.0.1/13280] INFO  server.StorageContainerManager (StorageContainerManager.java:stop(1281)) - Stopping the Datanode Admin Monitor.
2021-05-22 19:12:38,726 [Listener at 127.0.0.1/13280] INFO  server.StorageContainerManager (StorageContainerManager.java:stop(1288)) - Stopping Lease Manager of the command watchers
2021-05-22 19:12:38,726 [Listener at 127.0.0.1/13280] INFO  server.StorageContainerManager (StorageContainerManager.java:stop(1295)) - Stopping datanode service RPC server
2021-05-22 19:12:38,726 [Listener at 127.0.0.1/13280] INFO  server.SCMDatanodeProtocolServer (SCMDatanodeProtocolServer.java:stop(374)) - Stopping the RPC server for DataNodes
2021-05-22 19:12:38,727 [Listener at 127.0.0.1/13280] INFO  ipc.Server (Server.java:stop(3403)) - Stopping server on 12391
2021-05-22 19:12:38,730 [IPC Server listener on 12391] INFO  ipc.Server (Server.java:run(1366)) - Stopping IPC Server listener on 12391
2021-05-22 19:12:38,732 [IPC Server Responder] INFO  ipc.Server (Server.java:run(1502)) - Stopping IPC Server Responder
2021-05-22 19:12:38,832 [SCM Heartbeat Processing Thread - 0] WARN  node.NodeStateManager (NodeStateManager.java:scheduleNextHealthCheck(688)) - Current Thread is interrupted, shutting down HB processing thread for Node Manager.
2021-05-22 19:12:38,833 [Listener at 127.0.0.1/13280] INFO  server.StorageContainerManager (StorageContainerManager.java:stop(1303)) - Stopping block service RPC server
2021-05-22 19:12:38,834 [Listener at 127.0.0.1/13280] INFO  server.SCMBlockProtocolServer (SCMBlockProtocolServer.java:stop(158)) - Stopping the RPC server for Block Protocol
2021-05-22 19:12:38,834 [Listener at 127.0.0.1/13280] INFO  ipc.Server (Server.java:stop(3403)) - Stopping server on 12392
2021-05-22 19:12:38,840 [IPC Server listener on 12392] INFO  ipc.Server (Server.java:run(1366)) - Stopping IPC Server listener on 12392
2021-05-22 19:12:38,841 [Listener at 127.0.0.1/13280] INFO  server.StorageContainerManager (StorageContainerManager.java:stop(1310)) - Stopping the StorageContainerLocationProtocol RPC server
2021-05-22 19:12:38,841 [IPC Server Responder] INFO  ipc.Server (Server.java:run(1502)) - Stopping IPC Server Responder
2021-05-22 19:12:38,842 [Listener at 127.0.0.1/13280] INFO  server.SCMClientProtocolServer (SCMClientProtocolServer.java:stop(172)) - Stopping the RPC server for Client Protocol
2021-05-22 19:12:38,842 [Listener at 127.0.0.1/13280] INFO  ipc.Server (Server.java:stop(3403)) - Stopping server on 12393
2021-05-22 19:12:38,845 [IPC Server listener on 12393] INFO  ipc.Server (Server.java:run(1366)) - Stopping IPC Server listener on 12393
2021-05-22 19:12:38,847 [IPC Server Responder] INFO  ipc.Server (Server.java:run(1502)) - Stopping IPC Server Responder
2021-05-22 19:12:38,847 [Listener at 127.0.0.1/13280] INFO  server.StorageContainerManager (StorageContainerManager.java:stop(1317)) - Stopping Storage Container Manager HTTP server.
2021-05-22 19:12:38,848 [Listener at 127.0.0.1/13280] INFO  handler.ContextHandler (ContextHandler.java:doStop(1154)) - Stopped o.e.j.w.WebAppContext@74919649{scm,/,null,STOPPED}{file:/github/workspace/mnt/ozone/hadoop-ozone/integration-test/target/test-classes/webapps/scm}
2021-05-22 19:12:38,849 [Listener at 127.0.0.1/13280] INFO  server.AbstractConnector (AbstractConnector.java:doStop(381)) - Stopped ServerConnector@72b53f27{HTTP/1.1, (http/1.1)}{0.0.0.0:12388}
2021-05-22 19:12:38,849 [Listener at 127.0.0.1/13280] INFO  server.session (HouseKeeper.java:stopScavenging(149)) - node0 Stopped scavenging
2021-05-22 19:12:38,850 [Listener at 127.0.0.1/13280] INFO  handler.ContextHandler (ContextHandler.java:doStop(1154)) - Stopped o.e.j.s.ServletContextHandler@1b6683c4{static,/static,file:///github/workspace/mnt/ozone/hadoop-ozone/integration-test/target/test-classes/webapps/static,STOPPED}
2021-05-22 19:12:38,850 [Listener at 127.0.0.1/13280] INFO  handler.ContextHandler (ContextHandler.java:doStop(1154)) - Stopped o.e.j.s.ServletContextHandler@629de8{logs,/logs,file:///github/workspace/mnt/ozone/hadoop-ozone/integration-test/target/log,STOPPED}
2021-05-22 19:12:38,852 [Listener at 127.0.0.1/13280] INFO  server.StorageContainerManager (StorageContainerManager.java:stop(1328)) - Stopping Block Manager Service.
2021-05-22 19:12:38,852 [Listener at 127.0.0.1/13280] INFO  utils.BackgroundService (BackgroundService.java:shutdown(132)) - Shutting down service SCMBlockDeletingService
2021-05-22 19:12:38,853 [Listener at 127.0.0.1/13280] INFO  utils.BackgroundService (BackgroundService.java:shutdown(132)) - Shutting down service SCMBlockDeletingService
2021-05-22 19:12:38,854 [Listener at 127.0.0.1/13280] INFO  server.StorageContainerManager (StorageContainerManager.java:stop(1355)) - Stopping SCM Event Queue.
2021-05-22 19:12:38,857 [Listener at 127.0.0.1/13280] INFO  ha.SCMRatisServerImpl (SCMRatisServerImpl.java:stop(228)) - stopping ratis server 0.0.0.0:12390
2021-05-22 19:12:38,858 [Listener at 127.0.0.1/13280] INFO  server.RaftServer (RaftServerProxy.java:lambda$close$6(391)) - c528a642-8365-4981-9ca8-5a52c1b1524d: close
2021-05-22 19:12:38,858 [Listener at 127.0.0.1/13280] INFO  server.RaftServer$Division (RaftServerImpl.java:lambda$close$4(406)) - c528a642-8365-4981-9ca8-5a52c1b1524d@group-6537B218274A: shutdown
2021-05-22 19:12:38,858 [Listener at 127.0.0.1/13280] INFO  util.JmxRegister (JmxRegister.java:unregister(73)) - Successfully un-registered JMX Bean with object name Ratis:service=RaftServer,group=group-6537B218274A,id=c528a642-8365-4981-9ca8-5a52c1b1524d
2021-05-22 19:12:38,859 [Listener at 127.0.0.1/13280] INFO  impl.RoleInfo (RoleInfo.java:shutdownFollowerState(108)) - c528a642-8365-4981-9ca8-5a52c1b1524d: shutdown c528a642-8365-4981-9ca8-5a52c1b1524d@group-6537B218274A-FollowerState
2021-05-22 19:12:38,859 [c528a642-8365-4981-9ca8-5a52c1b1524d@group-6537B218274A-FollowerState] INFO  impl.FollowerState (FollowerState.java:run(143)) - c528a642-8365-4981-9ca8-5a52c1b1524d@group-6537B218274A-FollowerState was interrupted: {}
java.lang.InterruptedException: sleep interrupted
	at java.lang.Thread.sleep(Native Method)
	at java.lang.Thread.sleep(Thread.java:340)
	at java.util.concurrent.TimeUnit.sleep(TimeUnit.java:386)
	at org.apache.ratis.util.TimeDuration.sleep(TimeDuration.java:324)
	at org.apache.ratis.util.TimeDuration.sleep(TimeDuration.java:309)
	at org.apache.ratis.server.impl.FollowerState.run(FollowerState.java:118)
2021-05-22 19:12:38,860 [Listener at 127.0.0.1/13280] INFO  impl.StateMachineUpdater (StateMachineUpdater.java:stopAndJoin(149)) - c528a642-8365-4981-9ca8-5a52c1b1524d@group-6537B218274A-StateMachineUpdater: set stopIndex = 207
2021-05-22 19:12:38,860 [c528a642-8365-4981-9ca8-5a52c1b1524d@group-6537B218274A-StateMachineUpdater] INFO  ha.SCMStateMachine (SCMStateMachine.java:takeSnapshot(282)) - Current Snapshot Index 207, takeSnapshot took 0 ms
2021-05-22 19:12:38,860 [c528a642-8365-4981-9ca8-5a52c1b1524d@group-6537B218274A-StateMachineUpdater] INFO  impl.StateMachineUpdater (StateMachineUpdater.java:takeSnapshot(281)) - c528a642-8365-4981-9ca8-5a52c1b1524d@group-6537B218274A-StateMachineUpdater: Took a snapshot at index 207
2021-05-22 19:12:38,860 [c528a642-8365-4981-9ca8-5a52c1b1524d@group-6537B218274A-StateMachineUpdater] INFO  impl.StateMachineUpdater (StateMachineUpdater.java:lambda$new$0(89)) - c528a642-8365-4981-9ca8-5a52c1b1524d@group-6537B218274A-StateMachineUpdater: snapshotIndex: updateIncreasingly 205 -> 207
2021-05-22 19:12:38,861 [c528a642-8365-4981-9ca8-5a52c1b1524d@group-6537B218274A-StateMachineUpdater] INFO  ha.SCMStateMachine (HadoopExecutors.java:shutdown(118)) - Gracefully shutting down executor service. Waiting max 5 SECONDS
2021-05-22 19:12:38,861 [c528a642-8365-4981-9ca8-5a52c1b1524d@group-6537B218274A-StateMachineUpdater] INFO  ha.SCMStateMachine (HadoopExecutors.java:shutdown(129)) - Succesfully shutdown executor service
2021-05-22 19:12:38,861 [c528a642-8365-4981-9ca8-5a52c1b1524d@group-6537B218274A-StateMachineUpdater] INFO  metrics.RatisMetrics (RatisMetrics.java:unregister(43)) - Unregistering Metrics Registry : ratis.state_machine.c528a642-8365-4981-9ca8-5a52c1b1524d@group-6537B218274A
2021-05-22 19:12:38,861 [Listener at 127.0.0.1/13280] INFO  server.RaftServer$Division (ServerState.java:close(405)) - c528a642-8365-4981-9ca8-5a52c1b1524d@group-6537B218274A: closes. applyIndex: 207
2021-05-22 19:12:38,861 [c528a642-8365-4981-9ca8-5a52c1b1524d@group-6537B218274A-SegmentedRaftLogWorker] INFO  segmented.SegmentedRaftLogWorker (SegmentedRaftLogWorker.java:run(327)) - c528a642-8365-4981-9ca8-5a52c1b1524d@group-6537B218274A-SegmentedRaftLogWorker was interrupted, exiting. There are 0 tasks remaining in the queue.
2021-05-22 19:12:38,862 [Listener at 127.0.0.1/13280] INFO  segmented.SegmentedRaftLogWorker (SegmentedRaftLogWorker.java:close(237)) - c528a642-8365-4981-9ca8-5a52c1b1524d@group-6537B218274A-SegmentedRaftLogWorker close()
2021-05-22 19:12:38,864 [Listener at 127.0.0.1/13280] INFO  metrics.RatisMetrics (RatisMetrics.java:unregister(43)) - Unregistering Metrics Registry : ratis.log_worker.c528a642-8365-4981-9ca8-5a52c1b1524d@group-6537B218274A
2021-05-22 19:12:38,864 [Listener at 127.0.0.1/13280] INFO  metrics.RatisMetrics (RatisMetrics.java:unregister(43)) - Unregistering Metrics Registry : ratis.leader_election.c528a642-8365-4981-9ca8-5a52c1b1524d@group-6537B218274A
2021-05-22 19:12:38,865 [Listener at 127.0.0.1/13280] INFO  metrics.RatisMetrics (RatisMetrics.java:unregister(43)) - Unregistering Metrics Registry : ratis.server.c528a642-8365-4981-9ca8-5a52c1b1524d@group-6537B218274A
2021-05-22 19:12:38,865 [Listener at 127.0.0.1/13280] INFO  server.GrpcService (GrpcService.java:closeImpl(262)) - c528a642-8365-4981-9ca8-5a52c1b1524d: shutdown server with port 12390 now
2021-05-22 19:12:38,876 [grpc-default-executor-3] WARN  server.GrpcServerProtocolService (LogUtils.java:warn(122)) - c528a642-8365-4981-9ca8-5a52c1b1524d: installSnapshot onError, lastRequest: b5b91537-3281-48b1-9597-8f2f653ada85->c528a642-8365-4981-9ca8-5a52c1b1524d#1943-t2,previous=(t:2, i:207),leaderCommit=207,initializing? true,entries: size=1, first=(t:2, i:208), METADATAENTRY(c:207): org.apache.ratis.thirdparty.io.grpc.StatusRuntimeException: CANCELLED: client cancelled
2021-05-22 19:12:38,879 [Listener at 127.0.0.1/13280] INFO  server.GrpcService (GrpcService.java:closeImpl(271)) - c528a642-8365-4981-9ca8-5a52c1b1524d: shutdown server with port 12390 successfully
2021-05-22 19:12:38,879 [org.apache.ratis.util.JvmPauseMonitor$$Lambda$484/882706486@399fd710] INFO  util.JvmPauseMonitor (JvmPauseMonitor.java:run(109)) - JvmPauseMonitor-c528a642-8365-4981-9ca8-5a52c1b1524d: Stopped
2021-05-22 19:12:38,880 [Listener at 127.0.0.1/13280] INFO  ha.SCMStateMachine (HadoopExecutors.java:shutdown(118)) - Gracefully shutting down executor service. Waiting max 5 SECONDS
2021-05-22 19:12:38,880 [Listener at 127.0.0.1/13280] INFO  ha.SCMStateMachine (HadoopExecutors.java:shutdown(129)) - Succesfully shutdown executor service
2021-05-22 19:12:38,880 [Listener at 127.0.0.1/13280] WARN  pipeline.BackgroundPipelineCreator (BackgroundPipelineCreatorV2.java:stop(154)) - RatisPipelineUtilsThread is not running, just ignore.
2021-05-22 19:12:38,882 [Listener at 127.0.0.1/13280] INFO  impl.MetricsSystemImpl (MetricsSystemImpl.java:stop(210)) - Stopping StorageContainerManager metrics system...
2021-05-22 19:12:38,884 [grpc-default-executor-3] WARN  server.GrpcLogAppender (LogUtils.java:warn(122)) - b5b91537-3281-48b1-9597-8f2f653ada85@group-6537B218274A->c528a642-8365-4981-9ca8-5a52c1b1524d-AppendLogResponseHandler: Failed appendEntries: org.apache.ratis.thirdparty.io.grpc.StatusRuntimeException: CANCELLED: HTTP/2 error code: CANCEL
Received Rst Stream
2021-05-22 19:12:38,891 [grpc-default-executor-3] INFO  leader.FollowerInfo (FollowerInfoImpl.java:lambda$new$0(46)) - b5b91537-3281-48b1-9597-8f2f653ada85@group-6537B218274A->c528a642-8365-4981-9ca8-5a52c1b1524d: nextIndex: updateUnconditionally 209 -> 208
2021-05-22 19:12:38,905 [grpc-default-executor-6] WARN  server.GrpcLogAppender (LogUtils.java:warn(122)) - b5b91537-3281-48b1-9597-8f2f653ada85@group-6537B218274A->c528a642-8365-4981-9ca8-5a52c1b1524d-AppendLogResponseHandler: Failed appendEntries: org.apache.ratis.thirdparty.io.grpc.StatusRuntimeException: UNAVAILABLE: io exception
2021-05-22 19:12:38,905 [grpc-default-executor-6] INFO  leader.FollowerInfo (FollowerInfoImpl.java:lambda$new$0(46)) - b5b91537-3281-48b1-9597-8f2f653ada85@group-6537B218274A->c528a642-8365-4981-9ca8-5a52c1b1524d: nextIndex: updateUnconditionally 209 -> 208
2021-05-22 19:12:38,915 [prometheus] INFO  impl.MetricsSinkAdapter (MetricsSinkAdapter.java:publishMetricsFromQueue(141)) - prometheus thread interrupted.
2021-05-22 19:12:38,916 [Listener at 127.0.0.1/13280] INFO  impl.MetricsSystemImpl (MetricsSystemImpl.java:stop(216)) - StorageContainerManager metrics system stopped.
2021-05-22 19:12:38,917 [Listener at 127.0.0.1/13280] INFO  ozone.MiniOzoneHAClusterImpl (MiniOzoneHAClusterImpl.java:stop(295)) - Stopping the StorageContainerManager b5b91537-3281-48b1-9597-8f2f653ada85
2021-05-22 19:12:38,917 [Listener at 127.0.0.1/13280] INFO  server.StorageContainerManager (StorageContainerManager.java:stop(1274)) - Stopping Replication Manager Service.
2021-05-22 19:12:38,917 [Listener at 127.0.0.1/13280] INFO  container.ReplicationManager (ReplicationManager.java:stop(267)) - Stopping Replication Monitor Thread.
2021-05-22 19:12:38,917 [Listener at 127.0.0.1/13280] INFO  server.StorageContainerManager (StorageContainerManager.java:stop(1281)) - Stopping the Datanode Admin Monitor.
2021-05-22 19:12:38,919 [Listener at 127.0.0.1/13280] INFO  server.StorageContainerManager (StorageContainerManager.java:stop(1288)) - Stopping Lease Manager of the command watchers
2021-05-22 19:12:38,919 [Listener at 127.0.0.1/13280] INFO  server.StorageContainerManager (StorageContainerManager.java:stop(1295)) - Stopping datanode service RPC server
2021-05-22 19:12:38,919 [Listener at 127.0.0.1/13280] INFO  server.SCMDatanodeProtocolServer (SCMDatanodeProtocolServer.java:stop(374)) - Stopping the RPC server for DataNodes
2021-05-22 19:12:38,919 [Listener at 127.0.0.1/13280] INFO  ipc.Server (Server.java:stop(3403)) - Stopping server on 12381
2021-05-22 19:12:38,929 [IPC Server listener on 12381] INFO  ipc.Server (Server.java:run(1366)) - Stopping IPC Server listener on 12381
2021-05-22 19:12:38,933 [IPC Server Responder] INFO  ipc.Server (Server.java:run(1502)) - Stopping IPC Server Responder
2021-05-22 19:12:39,262 [EndpointStateMachine task thread for /127.0.0.1:12391 - 0 ] WARN  statemachine.EndpointStateMachine (EndpointStateMachine.java:logIfNeeded(236)) - Unable to communicate to SCM server at 127.0.0.1:12391 for past 0 seconds.
java.io.EOFException: End of File Exception between local host is: "a9243b6273c1/172.17.0.2"; destination host is: "localhost":12391; : java.io.EOFException; For more details see:  http://wiki.apache.org/hadoop/EOFException
	at sun.reflect.NativeConstructorAccessorImpl.newInstance0(Native Method)
	at sun.reflect.NativeConstructorAccessorImpl.newInstance(NativeConstructorAccessorImpl.java:62)
	at sun.reflect.DelegatingConstructorAccessorImpl.newInstance(DelegatingConstructorAccessorImpl.java:45)
	at java.lang.reflect.Constructor.newInstance(Constructor.java:423)
	at org.apache.hadoop.net.NetUtils.wrapWithMessage(NetUtils.java:836)
	at org.apache.hadoop.net.NetUtils.wrapException(NetUtils.java:794)
	at org.apache.hadoop.ipc.Client.getRpcResponse(Client.java:1566)
	at org.apache.hadoop.ipc.Client.call(Client.java:1508)
	at org.apache.hadoop.ipc.Client.call(Client.java:1405)
	at org.apache.hadoop.ipc.ProtobufRpcEngine$Invoker.invoke(ProtobufRpcEngine.java:233)
	at org.apache.hadoop.ipc.ProtobufRpcEngine$Invoker.invoke(ProtobufRpcEngine.java:118)
	at com.sun.proxy.$Proxy45.submitRequest(Unknown Source)
	at org.apache.hadoop.ozone.protocolPB.StorageContainerDatanodeProtocolClientSideTranslatorPB.submitRequest(StorageContainerDatanodeProtocolClientSideTranslatorPB.java:117)
	at org.apache.hadoop.ozone.protocolPB.StorageContainerDatanodeProtocolClientSideTranslatorPB.sendHeartbeat(StorageContainerDatanodeProtocolClientSideTranslatorPB.java:149)
	at org.apache.hadoop.ozone.container.common.states.endpoint.HeartbeatEndpointTask.call(HeartbeatEndpointTask.java:146)
	at org.apache.hadoop.ozone.container.common.states.endpoint.HeartbeatEndpointTask.call(HeartbeatEndpointTask.java:77)
	at java.util.concurrent.FutureTask.run(FutureTask.java:266)
	at java.util.concurrent.ThreadPoolExecutor.runWorker(ThreadPoolExecutor.java:1149)
	at java.util.concurrent.ThreadPoolExecutor$Worker.run(ThreadPoolExecutor.java:624)
	at java.lang.Thread.run(Thread.java:748)
Caused by: java.io.EOFException
	at java.io.DataInputStream.readInt(DataInputStream.java:392)
	at org.apache.hadoop.ipc.Client$IpcStreams.readResponse(Client.java:1880)
	at org.apache.hadoop.ipc.Client$Connection.receiveRpcResponse(Client.java:1191)
	at org.apache.hadoop.ipc.Client$Connection.run(Client.java:1087)
2021-05-22 19:12:39,264 [IPC Server handler 15 on default port 12401] INFO  net.NetworkTopologyImpl (NetworkTopologyImpl.java:add(112)) - Added a new node: /default-rack/37ad4b1d-96aa-49b2-b7c2-5ba74b6ff263
2021-05-22 19:12:39,265 [IPC Server handler 15 on default port 12401] INFO  node.SCMNodeManager (SCMNodeManager.java:register(348)) - Registered Data node : 37ad4b1d-96aa-49b2-b7c2-5ba74b6ff263{ip: 127.0.0.1, host: localhost, ports: [REPLICATION=42943, RATIS=40699, RATIS_ADMIN=40699, RATIS_SERVER=40699, STANDALONE=41397], networkLocation: /default-rack, certSerialId: null, persistedOpState: null, persistedOpStateExpiryEpochSec: 0}
2021-05-22 19:12:39,266 [EndpointStateMachine task thread for /127.0.0.1:12381 - 0 ] WARN  statemachine.EndpointStateMachine (EndpointStateMachine.java:logIfNeeded(236)) - Unable to communicate to SCM server at 127.0.0.1:12381 for past 0 seconds.
java.io.EOFException: End of File Exception between local host is: "a9243b6273c1/172.17.0.2"; destination host is: "localhost":12381; : java.io.EOFException; For more details see:  http://wiki.apache.org/hadoop/EOFException
	at sun.reflect.NativeConstructorAccessorImpl.newInstance0(Native Method)
	at sun.reflect.NativeConstructorAccessorImpl.newInstance(NativeConstructorAccessorImpl.java:62)
	at sun.reflect.DelegatingConstructorAccessorImpl.newInstance(DelegatingConstructorAccessorImpl.java:45)
	at java.lang.reflect.Constructor.newInstance(Constructor.java:423)
	at org.apache.hadoop.net.NetUtils.wrapWithMessage(NetUtils.java:836)
	at org.apache.hadoop.net.NetUtils.wrapException(NetUtils.java:794)
	at org.apache.hadoop.ipc.Client.getRpcResponse(Client.java:1566)
	at org.apache.hadoop.ipc.Client.call(Client.java:1508)
	at org.apache.hadoop.ipc.Client.call(Client.java:1405)
	at org.apache.hadoop.ipc.ProtobufRpcEngine$Invoker.invoke(ProtobufRpcEngine.java:233)
	at org.apache.hadoop.ipc.ProtobufRpcEngine$Invoker.invoke(ProtobufRpcEngine.java:118)
	at com.sun.proxy.$Proxy45.submitRequest(Unknown Source)
	at org.apache.hadoop.ozone.protocolPB.StorageContainerDatanodeProtocolClientSideTranslatorPB.submitRequest(StorageContainerDatanodeProtocolClientSideTranslatorPB.java:117)
	at org.apache.hadoop.ozone.protocolPB.StorageContainerDatanodeProtocolClientSideTranslatorPB.sendHeartbeat(StorageContainerDatanodeProtocolClientSideTranslatorPB.java:149)
	at org.apache.hadoop.ozone.container.common.states.endpoint.HeartbeatEndpointTask.call(HeartbeatEndpointTask.java:146)
	at org.apache.hadoop.ozone.container.common.states.endpoint.HeartbeatEndpointTask.call(HeartbeatEndpointTask.java:77)
	at java.util.concurrent.FutureTask.run(FutureTask.java:266)
	at java.util.concurrent.ThreadPoolExecutor.runWorker(ThreadPoolExecutor.java:1149)
	at java.util.concurrent.ThreadPoolExecutor$Worker.run(ThreadPoolExecutor.java:624)
	at java.lang.Thread.run(Thread.java:748)
Caused by: java.io.EOFException
	at java.io.DataInputStream.readInt(DataInputStream.java:392)
	at org.apache.hadoop.ipc.Client$IpcStreams.readResponse(Client.java:1880)
	at org.apache.hadoop.ipc.Client$Connection.receiveRpcResponse(Client.java:1191)
	at org.apache.hadoop.ipc.Client$Connection.run(Client.java:1087)
2021-05-22 19:12:39,267 [EventQueue-NodeRegistrationContainerReportForDataNodeSafeModeRule] INFO  safemode.SCMSafeModeManager (DataNodeSafeModeRule.java:process(71)) - SCM in safe mode. 1 DataNodes registered, 1 required.
2021-05-22 19:12:39,266 [EventQueue-NodeRegistrationContainerReportForContainerSafeModeRule] INFO  safemode.SCMSafeModeManager (SCMSafeModeManager.java:validateSafeModeExitRules(201)) - ContainerSafeModeRule rule is successfully validated
2021-05-22 19:12:39,277 [EventQueue-NodeRegistrationContainerReportForDataNodeSafeModeRule] INFO  safemode.SCMSafeModeManager (SCMSafeModeManager.java:validateSafeModeExitRules(201)) - DataNodeSafeModeRule rule is successfully validated
2021-05-22 19:12:39,277 [EventQueue-NodeRegistrationContainerReportForDataNodeSafeModeRule] INFO  safemode.SCMSafeModeManager (SCMSafeModeManager.java:completePreCheck(229)) - All SCM safe mode pre check rules have passed
2021-05-22 19:12:39,277 [EventQueue-NodeRegistrationContainerReportForDataNodeSafeModeRule] WARN  events.EventQueue (EventQueue.java:fireEvent(185)) - No event handler registered for event TypedEvent{payloadType=SafeModeStatus, name='Safe mode status'}
2021-05-22 19:12:39,277 [EventQueue-NodeRegistrationContainerReportForDataNodeSafeModeRule] INFO  ha.SCMContext (SCMContext.java:updateSafeModeStatus(147)) - Update SafeModeStatus from SafeModeStatus{safeModeStatus=true, preCheckPassed=false} to SafeModeStatus{safeModeStatus=true, preCheckPassed=true}.
2021-05-22 19:12:39,277 [EventQueue-NodeRegistrationContainerReportForDataNodeSafeModeRule] INFO  pipeline.BackgroundPipelineCreator (BackgroundPipelineCreatorV2.java:notifyEventTriggered(276)) - ignore, not leader SCM.
2021-05-22 19:12:39,278 [EventQueue-NewNodeForNewNodeHandler] INFO  pipeline.BackgroundPipelineCreator (BackgroundPipelineCreatorV2.java:notifyEventTriggered(276)) - ignore, not leader SCM.
2021-05-22 19:12:39,278 [EventQueue-PipelineReportForOneReplicaPipelineSafeModeRule] INFO  safemode.SCMSafeModeManager (SCMSafeModeManager.java:validateSafeModeExitRules(201)) - AtleastOneDatanodeReportedRule rule is successfully validated
2021-05-22 19:12:39,278 [EventQueue-OpenPipelineForHealthyPipelineSafeModeRule] INFO  safemode.SCMSafeModeManager (HealthyPipelineSafeModeRule.java:process(130)) - SCM in safe mode. Healthy pipelines reported count is 0, required healthy pipeline reported count is 1
2021-05-22 19:12:39,326 [IPC Server handler 16 on default port 12401] INFO  net.NetworkTopologyImpl (NetworkTopologyImpl.java:add(112)) - Added a new node: /default-rack/ea0eae10-41b3-4db6-9afe-6a980641cba9
2021-05-22 19:12:39,326 [IPC Server handler 16 on default port 12401] INFO  node.SCMNodeManager (SCMNodeManager.java:register(348)) - Registered Data node : ea0eae10-41b3-4db6-9afe-6a980641cba9{ip: 127.0.0.1, host: localhost, ports: [REPLICATION=41745, RATIS=38377, RATIS_ADMIN=38377, RATIS_SERVER=38377, STANDALONE=33423], networkLocation: /default-rack, certSerialId: null, persistedOpState: null, persistedOpStateExpiryEpochSec: 0}
2021-05-22 19:12:39,327 [EventQueue-NodeRegistrationContainerReportForContainerSafeModeRule] INFO  safemode.SCMSafeModeManager (SCMSafeModeManager.java:validateSafeModeExitRules(201)) - ContainerSafeModeRule rule is successfully validated
2021-05-22 19:12:39,327 [EventQueue-NodeRegistrationContainerReportForDataNodeSafeModeRule] INFO  safemode.SCMSafeModeManager (SCMSafeModeManager.java:validateSafeModeExitRules(201)) - DataNodeSafeModeRule rule is successfully validated
2021-05-22 19:12:39,327 [EventQueue-PipelineReportForOneReplicaPipelineSafeModeRule] INFO  safemode.SCMSafeModeManager (SCMSafeModeManager.java:validateSafeModeExitRules(201)) - AtleastOneDatanodeReportedRule rule is successfully validated
2021-05-22 19:12:39,327 [EventQueue-OpenPipelineForHealthyPipelineSafeModeRule] INFO  safemode.SCMSafeModeManager (HealthyPipelineSafeModeRule.java:process(130)) - SCM in safe mode. Healthy pipelines reported count is 0, required healthy pipeline reported count is 1
2021-05-22 19:12:39,326 [EventQueue-NewNodeForNewNodeHandler] INFO  pipeline.BackgroundPipelineCreator (BackgroundPipelineCreatorV2.java:notifyEventTriggered(276)) - ignore, not leader SCM.
2021-05-22 19:12:39,434 [IPC Server handler 17 on default port 12401] INFO  net.NetworkTopologyImpl (NetworkTopologyImpl.java:add(112)) - Added a new node: /default-rack/77d60ed4-b7ae-47d8-b664-0086abc1b028
2021-05-22 19:12:39,435 [IPC Server handler 17 on default port 12401] INFO  node.SCMNodeManager (SCMNodeManager.java:register(348)) - Registered Data node : 77d60ed4-b7ae-47d8-b664-0086abc1b028{ip: 127.0.0.1, host: localhost, ports: [REPLICATION=45017, RATIS=42583, RATIS_ADMIN=42583, RATIS_SERVER=42583, STANDALONE=39903], networkLocation: /default-rack, certSerialId: null, persistedOpState: null, persistedOpStateExpiryEpochSec: 0}
2021-05-22 19:12:39,435 [EventQueue-NodeRegistrationContainerReportForDataNodeSafeModeRule] INFO  safemode.SCMSafeModeManager (SCMSafeModeManager.java:validateSafeModeExitRules(201)) - DataNodeSafeModeRule rule is successfully validated
2021-05-22 19:12:39,435 [EventQueue-NewNodeForNewNodeHandler] INFO  pipeline.BackgroundPipelineCreator (BackgroundPipelineCreatorV2.java:notifyEventTriggered(276)) - ignore, not leader SCM.
2021-05-22 19:12:39,435 [EventQueue-NodeRegistrationContainerReportForContainerSafeModeRule] INFO  safemode.SCMSafeModeManager (SCMSafeModeManager.java:validateSafeModeExitRules(201)) - ContainerSafeModeRule rule is successfully validated
2021-05-22 19:12:39,436 [EventQueue-PipelineReportForOneReplicaPipelineSafeModeRule] INFO  safemode.SCMSafeModeManager (SCMSafeModeManager.java:validateSafeModeExitRules(201)) - AtleastOneDatanodeReportedRule rule is successfully validated
2021-05-22 19:12:39,436 [EventQueue-OpenPipelineForHealthyPipelineSafeModeRule] INFO  safemode.SCMSafeModeManager (HealthyPipelineSafeModeRule.java:process(130)) - SCM in safe mode. Healthy pipelines reported count is 1, required healthy pipeline reported count is 1
2021-05-22 19:12:39,436 [EventQueue-OpenPipelineForHealthyPipelineSafeModeRule] INFO  safemode.SCMSafeModeManager (SCMSafeModeManager.java:validateSafeModeExitRules(201)) - HealthyPipelineSafeModeRule rule is successfully validated
2021-05-22 19:12:39,436 [EventQueue-OpenPipelineForHealthyPipelineSafeModeRule] INFO  safemode.SCMSafeModeManager (SCMSafeModeManager.java:validateSafeModeExitRules(215)) - ScmSafeModeManager, all rules are successfully validated
2021-05-22 19:12:39,436 [EventQueue-OpenPipelineForHealthyPipelineSafeModeRule] INFO  safemode.SCMSafeModeManager (SCMSafeModeManager.java:exitSafeMode(244)) - SCM exiting safe mode.
2021-05-22 19:12:39,436 [EventQueue-OpenPipelineForHealthyPipelineSafeModeRule] WARN  events.EventQueue (EventQueue.java:fireEvent(185)) - No event handler registered for event TypedEvent{payloadType=SafeModeStatus, name='Safe mode status'}
2021-05-22 19:12:39,436 [EventQueue-OpenPipelineForHealthyPipelineSafeModeRule] INFO  ha.SCMContext (SCMContext.java:updateSafeModeStatus(147)) - Update SafeModeStatus from SafeModeStatus{safeModeStatus=true, preCheckPassed=true} to SafeModeStatus{safeModeStatus=false, preCheckPassed=true}.
2021-05-22 19:12:39,887 [SCM Heartbeat Processing Thread - 0] WARN  node.NodeStateManager (NodeStateManager.java:scheduleNextHealthCheck(688)) - Current Thread is interrupted, shutting down HB processing thread for Node Manager.
2021-05-22 19:12:39,888 [Listener at 127.0.0.1/13280] INFO  server.StorageContainerManager (StorageContainerManager.java:stop(1303)) - Stopping block service RPC server
2021-05-22 19:12:39,889 [Listener at 127.0.0.1/13280] INFO  server.SCMBlockProtocolServer (SCMBlockProtocolServer.java:stop(158)) - Stopping the RPC server for Block Protocol
2021-05-22 19:12:39,889 [Listener at 127.0.0.1/13280] INFO  ipc.Server (Server.java:stop(3403)) - Stopping server on 12382
2021-05-22 19:12:39,892 [IPC Server Responder] INFO  ipc.Server (Server.java:run(1502)) - Stopping IPC Server Responder
2021-05-22 19:12:39,892 [Listener at 127.0.0.1/13280] INFO  server.StorageContainerManager (StorageContainerManager.java:stop(1310)) - Stopping the StorageContainerLocationProtocol RPC server
2021-05-22 19:12:39,893 [Listener at 127.0.0.1/13280] INFO  server.SCMClientProtocolServer (SCMClientProtocolServer.java:stop(172)) - Stopping the RPC server for Client Protocol
2021-05-22 19:12:39,893 [Listener at 127.0.0.1/13280] INFO  ipc.Server (Server.java:stop(3403)) - Stopping server on 12383
2021-05-22 19:12:39,893 [IPC Server listener on 12382] INFO  ipc.Server (Server.java:run(1366)) - Stopping IPC Server listener on 12382
2021-05-22 19:12:39,909 [IPC Server listener on 12383] INFO  ipc.Server (Server.java:run(1366)) - Stopping IPC Server listener on 12383
2021-05-22 19:12:39,911 [IPC Server Responder] INFO  ipc.Server (Server.java:run(1502)) - Stopping IPC Server Responder
2021-05-22 19:12:39,911 [Listener at 127.0.0.1/13280] INFO  server.StorageContainerManager (StorageContainerManager.java:stop(1317)) - Stopping Storage Container Manager HTTP server.
2021-05-22 19:12:39,912 [Listener at 127.0.0.1/13280] INFO  handler.ContextHandler (ContextHandler.java:doStop(1154)) - Stopped o.e.j.w.WebAppContext@6c56fff{scm,/,null,STOPPED}{file:/github/workspace/mnt/ozone/hadoop-ozone/integration-test/target/test-classes/webapps/scm}
2021-05-22 19:12:39,913 [Listener at 127.0.0.1/13280] INFO  server.AbstractConnector (AbstractConnector.java:doStop(381)) - Stopped ServerConnector@3d9c8c3c{HTTP/1.1, (http/1.1)}{0.0.0.0:12378}
2021-05-22 19:12:39,913 [Listener at 127.0.0.1/13280] INFO  server.session (HouseKeeper.java:stopScavenging(149)) - node0 Stopped scavenging
2021-05-22 19:12:39,913 [Listener at 127.0.0.1/13280] INFO  handler.ContextHandler (ContextHandler.java:doStop(1154)) - Stopped o.e.j.s.ServletContextHandler@d677be9{static,/static,file:///github/workspace/mnt/ozone/hadoop-ozone/integration-test/target/test-classes/webapps/static,STOPPED}
2021-05-22 19:12:39,914 [Listener at 127.0.0.1/13280] INFO  handler.ContextHandler (ContextHandler.java:doStop(1154)) - Stopped o.e.j.s.ServletContextHandler@3292eff7{logs,/logs,file:///github/workspace/mnt/ozone/hadoop-ozone/integration-test/target/log,STOPPED}
2021-05-22 19:12:39,915 [Listener at 127.0.0.1/13280] INFO  server.StorageContainerManager (StorageContainerManager.java:stop(1328)) - Stopping Block Manager Service.
2021-05-22 19:12:39,915 [Listener at 127.0.0.1/13280] INFO  utils.BackgroundService (BackgroundService.java:shutdown(132)) - Shutting down service SCMBlockDeletingService
2021-05-22 19:12:39,916 [Listener at 127.0.0.1/13280] INFO  utils.BackgroundService (BackgroundService.java:shutdown(132)) - Shutting down service SCMBlockDeletingService
2021-05-22 19:12:39,916 [Listener at 127.0.0.1/13280] INFO  server.StorageContainerManager (StorageContainerManager.java:stop(1355)) - Stopping SCM Event Queue.
2021-05-22 19:12:39,917 [Listener at 127.0.0.1/13280] INFO  ha.SCMRatisServerImpl (SCMRatisServerImpl.java:stop(228)) - stopping ratis server 0.0.0.0:12380
2021-05-22 19:12:39,918 [Listener at 127.0.0.1/13280] INFO  server.RaftServer (RaftServerProxy.java:lambda$close$6(391)) - b5b91537-3281-48b1-9597-8f2f653ada85: close
2021-05-22 19:12:39,918 [Listener at 127.0.0.1/13280] INFO  server.RaftServer$Division (RaftServerImpl.java:lambda$close$4(406)) - b5b91537-3281-48b1-9597-8f2f653ada85@group-6537B218274A: shutdown
2021-05-22 19:12:39,918 [Listener at 127.0.0.1/13280] INFO  util.JmxRegister (JmxRegister.java:unregister(73)) - Successfully un-registered JMX Bean with object name Ratis:service=RaftServer,group=group-6537B218274A,id=b5b91537-3281-48b1-9597-8f2f653ada85
2021-05-22 19:12:39,919 [Listener at 127.0.0.1/13280] INFO  impl.RoleInfo (RoleInfo.java:shutdownLeaderState(91)) - b5b91537-3281-48b1-9597-8f2f653ada85: shutdown b5b91537-3281-48b1-9597-8f2f653ada85@group-6537B218274A-LeaderStateImpl
2021-05-22 19:12:39,919 [Listener at 127.0.0.1/13280] INFO  metrics.RatisMetrics (RatisMetrics.java:unregister(43)) - Unregistering Metrics Registry : ratis_grpc.log_appender.b5b91537-3281-48b1-9597-8f2f653ada85@group-6537B218274A
2021-05-22 19:12:39,919 [Listener at 127.0.0.1/13280] INFO  metrics.RatisMetrics (RatisMetrics.java:unregister(43)) - Unregistering Metrics Registry : ratis_grpc.log_appender.b5b91537-3281-48b1-9597-8f2f653ada85@group-6537B218274A
2021-05-22 19:12:39,919 [b5b91537-3281-48b1-9597-8f2f653ada85@group-6537B218274A->c528a642-8365-4981-9ca8-5a52c1b1524d-GrpcLogAppender-LogAppenderDaemon] WARN  server.GrpcLogAppender (GrpcLogAppender.java:mayWait(175)) - b5b91537-3281-48b1-9597-8f2f653ada85@group-6537B218274A->c528a642-8365-4981-9ca8-5a52c1b1524d-GrpcLogAppender: Wait interrupted by java.lang.InterruptedException
2021-05-22 19:12:39,920 [Listener at 127.0.0.1/13280] INFO  impl.PendingRequests (PendingRequests.java:sendNotLeaderResponses(249)) - b5b91537-3281-48b1-9597-8f2f653ada85@group-6537B218274A-PendingRequests: sendNotLeaderResponses
2021-05-22 19:12:39,920 [Listener at 127.0.0.1/13280] INFO  ha.SCMStateMachine (SCMStateMachine.java:notifyNotLeader(172)) - current leader SCM steps down.
2021-05-22 19:12:39,920 [Listener at 127.0.0.1/13280] INFO  ha.SCMContext (SCMContext.java:updateLeaderAndTerm(88)) - update <isLeader,term> from <true,2> to <false,0>
2021-05-22 19:12:39,921 [b5b91537-3281-48b1-9597-8f2f653ada85@group-6537B218274A->8a633b72-b43a-415e-aba0-49de5ef1a57a-GrpcLogAppender-LogAppenderDaemon] WARN  server.GrpcLogAppender (GrpcLogAppender.java:mayWait(175)) - b5b91537-3281-48b1-9597-8f2f653ada85@group-6537B218274A->8a633b72-b43a-415e-aba0-49de5ef1a57a-GrpcLogAppender: Wait interrupted by java.lang.InterruptedException
2021-05-22 19:12:39,922 [grpc-default-executor-6] INFO  server.GrpcServerProtocolService (GrpcServerProtocolService.java:onCompleted(140)) - 8a633b72-b43a-415e-aba0-49de5ef1a57a: Completed APPEND_ENTRIES, lastRequest: b5b91537-3281-48b1-9597-8f2f653ada85->8a633b72-b43a-415e-aba0-49de5ef1a57a#15-t2,previous=(t:2, i:207),leaderCommit=207,initializing? true,entries: size=1, first=(t:2, i:208), METADATAENTRY(c:207)
2021-05-22 19:12:39,923 [grpc-default-executor-6] INFO  server.GrpcLogAppender (GrpcLogAppender.java:onCompleted(344)) - b5b91537-3281-48b1-9597-8f2f653ada85@group-6537B218274A->8a633b72-b43a-415e-aba0-49de5ef1a57a-AppendLogResponseHandler: follower responses appendEntries COMPLETED
2021-05-22 19:12:39,923 [Listener at 127.0.0.1/13280] INFO  metrics.RatisMetrics (RatisMetrics.java:unregister(43)) - Unregistering Metrics Registry : ratis.log_appender.b5b91537-3281-48b1-9597-8f2f653ada85@group-6537B218274A
2021-05-22 19:12:39,924 [Listener at 127.0.0.1/13280] INFO  metrics.RatisMetrics (RatisMetrics.java:unregister(43)) - Unregistering Metrics Registry : ratis.server.b5b91537-3281-48b1-9597-8f2f653ada85@group-6537B218274A
2021-05-22 19:12:39,923 [grpc-default-executor-6] INFO  leader.FollowerInfo (FollowerInfoImpl.java:lambda$new$0(46)) - b5b91537-3281-48b1-9597-8f2f653ada85@group-6537B218274A->8a633b72-b43a-415e-aba0-49de5ef1a57a: nextIndex: updateUnconditionally 209 -> 208
2021-05-22 19:12:39,925 [b5b91537-3281-48b1-9597-8f2f653ada85@group-6537B218274A-StateMachineUpdater] INFO  ha.SCMStateMachine (SCMStateMachine.java:takeSnapshot(282)) - Current Snapshot Index 208, takeSnapshot took 0 ms
2021-05-22 19:12:39,925 [b5b91537-3281-48b1-9597-8f2f653ada85@group-6537B218274A-StateMachineUpdater] INFO  impl.StateMachineUpdater (StateMachineUpdater.java:takeSnapshot(281)) - b5b91537-3281-48b1-9597-8f2f653ada85@group-6537B218274A-StateMachineUpdater: Took a snapshot at index 208
2021-05-22 19:12:39,925 [b5b91537-3281-48b1-9597-8f2f653ada85@group-6537B218274A-StateMachineUpdater] INFO  impl.StateMachineUpdater (StateMachineUpdater.java:lambda$new$0(89)) - b5b91537-3281-48b1-9597-8f2f653ada85@group-6537B218274A-StateMachineUpdater: snapshotIndex: updateIncreasingly 204 -> 208
2021-05-22 19:12:39,925 [b5b91537-3281-48b1-9597-8f2f653ada85@group-6537B218274A-StateMachineUpdater] INFO  ha.SCMStateMachine (HadoopExecutors.java:shutdown(118)) - Gracefully shutting down executor service. Waiting max 5 SECONDS
2021-05-22 19:12:39,925 [b5b91537-3281-48b1-9597-8f2f653ada85@group-6537B218274A-StateMachineUpdater] INFO  ha.SCMStateMachine (HadoopExecutors.java:shutdown(129)) - Succesfully shutdown executor service
2021-05-22 19:12:39,925 [b5b91537-3281-48b1-9597-8f2f653ada85@group-6537B218274A-StateMachineUpdater] INFO  metrics.RatisMetrics (RatisMetrics.java:unregister(43)) - Unregistering Metrics Registry : ratis.state_machine.b5b91537-3281-48b1-9597-8f2f653ada85@group-6537B218274A
2021-05-22 19:12:39,925 [Listener at 127.0.0.1/13280] INFO  impl.StateMachineUpdater (StateMachineUpdater.java:stopAndJoin(149)) - b5b91537-3281-48b1-9597-8f2f653ada85@group-6537B218274A-StateMachineUpdater: set stopIndex = 208
2021-05-22 19:12:39,925 [Listener at 127.0.0.1/13280] INFO  server.RaftServer$Division (ServerState.java:close(405)) - b5b91537-3281-48b1-9597-8f2f653ada85@group-6537B218274A: closes. applyIndex: 208
2021-05-22 19:12:39,926 [b5b91537-3281-48b1-9597-8f2f653ada85@group-6537B218274A-SegmentedRaftLogWorker] INFO  segmented.SegmentedRaftLogWorker (SegmentedRaftLogWorker.java:run(327)) - b5b91537-3281-48b1-9597-8f2f653ada85@group-6537B218274A-SegmentedRaftLogWorker was interrupted, exiting. There are 0 tasks remaining in the queue.
2021-05-22 19:12:39,927 [Listener at 127.0.0.1/13280] INFO  segmented.SegmentedRaftLogWorker (SegmentedRaftLogWorker.java:close(237)) - b5b91537-3281-48b1-9597-8f2f653ada85@group-6537B218274A-SegmentedRaftLogWorker close()
2021-05-22 19:12:39,928 [Listener at 127.0.0.1/13280] INFO  metrics.RatisMetrics (RatisMetrics.java:unregister(43)) - Unregistering Metrics Registry : ratis.log_worker.b5b91537-3281-48b1-9597-8f2f653ada85@group-6537B218274A
2021-05-22 19:12:39,928 [Listener at 127.0.0.1/13280] INFO  metrics.RatisMetrics (RatisMetrics.java:unregister(43)) - Unregistering Metrics Registry : ratis.leader_election.b5b91537-3281-48b1-9597-8f2f653ada85@group-6537B218274A
2021-05-22 19:12:39,928 [Listener at 127.0.0.1/13280] INFO  metrics.RatisMetrics (RatisMetrics.java:unregister(43)) - Unregistering Metrics Registry : ratis.server.b5b91537-3281-48b1-9597-8f2f653ada85@group-6537B218274A
2021-05-22 19:12:39,928 [Listener at 127.0.0.1/13280] INFO  server.GrpcService (GrpcService.java:closeImpl(262)) - b5b91537-3281-48b1-9597-8f2f653ada85: shutdown server with port 12380 now
2021-05-22 19:12:39,931 [Listener at 127.0.0.1/13280] INFO  server.GrpcService (GrpcService.java:closeImpl(271)) - b5b91537-3281-48b1-9597-8f2f653ada85: shutdown server with port 12380 successfully
2021-05-22 19:12:39,931 [org.apache.ratis.util.JvmPauseMonitor$$Lambda$484/882706486@4d065e1a] INFO  util.JvmPauseMonitor (JvmPauseMonitor.java:run(109)) - JvmPauseMonitor-b5b91537-3281-48b1-9597-8f2f653ada85: Stopped
2021-05-22 19:12:39,931 [Listener at 127.0.0.1/13280] INFO  ha.SCMStateMachine (HadoopExecutors.java:shutdown(118)) - Gracefully shutting down executor service. Waiting max 5 SECONDS
2021-05-22 19:12:39,932 [Listener at 127.0.0.1/13280] INFO  ha.SCMStateMachine (HadoopExecutors.java:shutdown(129)) - Succesfully shutdown executor service
2021-05-22 19:12:39,933 [Listener at 127.0.0.1/13280] WARN  pipeline.BackgroundPipelineCreator (BackgroundPipelineCreatorV2.java:stop(154)) - RatisPipelineUtilsThread is not running, just ignore.
2021-05-22 19:12:39,934 [Listener at 127.0.0.1/13280] INFO  impl.MetricsSystemImpl (MetricsSystemImpl.java:stop(205)) - StorageContainerManager metrics system stopped (again)
2021-05-22 19:12:39,934 [Listener at 127.0.0.1/13280] INFO  ozone.MiniOzoneHAClusterImpl (MiniOzoneHAClusterImpl.java:stop(295)) - Stopping the StorageContainerManager 8a633b72-b43a-415e-aba0-49de5ef1a57a
2021-05-22 19:12:39,935 [Listener at 127.0.0.1/13280] INFO  server.StorageContainerManager (StorageContainerManager.java:stop(1274)) - Stopping Replication Manager Service.
2021-05-22 19:12:39,935 [Listener at 127.0.0.1/13280] INFO  container.ReplicationManager (ReplicationManager.java:stop(267)) - Stopping Replication Monitor Thread.
2021-05-22 19:12:39,935 [Listener at 127.0.0.1/13280] INFO  server.StorageContainerManager (StorageContainerManager.java:stop(1281)) - Stopping the Datanode Admin Monitor.
2021-05-22 19:12:39,935 [Listener at 127.0.0.1/13280] INFO  server.StorageContainerManager (StorageContainerManager.java:stop(1288)) - Stopping Lease Manager of the command watchers
2021-05-22 19:12:39,935 [Listener at 127.0.0.1/13280] INFO  server.StorageContainerManager (StorageContainerManager.java:stop(1295)) - Stopping datanode service RPC server
2021-05-22 19:12:39,936 [Listener at 127.0.0.1/13280] INFO  server.SCMDatanodeProtocolServer (SCMDatanodeProtocolServer.java:stop(374)) - Stopping the RPC server for DataNodes
2021-05-22 19:12:39,936 [Listener at 127.0.0.1/13280] INFO  ipc.Server (Server.java:stop(3403)) - Stopping server on 12401
2021-05-22 19:12:39,936 [IPC Server listener on 12401] INFO  ipc.Server (Server.java:run(1366)) - Stopping IPC Server listener on 12401
2021-05-22 19:12:39,939 [IPC Server Responder] INFO  ipc.Server (Server.java:run(1502)) - Stopping IPC Server Responder
2021-05-22 19:12:40,034 [SCM Heartbeat Processing Thread - 0] WARN  node.NodeStateManager (NodeStateManager.java:scheduleNextHealthCheck(688)) - Current Thread is interrupted, shutting down HB processing thread for Node Manager.
2021-05-22 19:12:40,035 [Listener at 127.0.0.1/13280] INFO  server.StorageContainerManager (StorageContainerManager.java:stop(1303)) - Stopping block service RPC server
2021-05-22 19:12:40,035 [Listener at 127.0.0.1/13280] INFO  server.SCMBlockProtocolServer (SCMBlockProtocolServer.java:stop(158)) - Stopping the RPC server for Block Protocol
2021-05-22 19:12:40,035 [Listener at 127.0.0.1/13280] INFO  ipc.Server (Server.java:stop(3403)) - Stopping server on 12402
2021-05-22 19:12:40,037 [IPC Server listener on 12402] INFO  ipc.Server (Server.java:run(1366)) - Stopping IPC Server listener on 12402
2021-05-22 19:12:40,037 [IPC Server Responder] INFO  ipc.Server (Server.java:run(1502)) - Stopping IPC Server Responder
2021-05-22 19:12:40,037 [Listener at 127.0.0.1/13280] INFO  server.StorageContainerManager (StorageContainerManager.java:stop(1310)) - Stopping the StorageContainerLocationProtocol RPC server
2021-05-22 19:12:40,039 [Listener at 127.0.0.1/13280] INFO  server.SCMClientProtocolServer (SCMClientProtocolServer.java:stop(172)) - Stopping the RPC server for Client Protocol
2021-05-22 19:12:40,039 [Listener at 127.0.0.1/13280] INFO  ipc.Server (Server.java:stop(3403)) - Stopping server on 12403
2021-05-22 19:12:40,042 [IPC Server listener on 12403] INFO  ipc.Server (Server.java:run(1366)) - Stopping IPC Server listener on 12403
2021-05-22 19:12:40,042 [IPC Server Responder] INFO  ipc.Server (Server.java:run(1502)) - Stopping IPC Server Responder
2021-05-22 19:12:40,042 [Listener at 127.0.0.1/13280] INFO  server.StorageContainerManager (StorageContainerManager.java:stop(1317)) - Stopping Storage Container Manager HTTP server.
2021-05-22 19:12:40,044 [Listener at 127.0.0.1/13280] INFO  handler.ContextHandler (ContextHandler.java:doStop(1154)) - Stopped o.e.j.w.WebAppContext@71878833{scm,/,null,STOPPED}{file:/github/workspace/mnt/ozone/hadoop-ozone/integration-test/target/test-classes/webapps/scm}
2021-05-22 19:12:40,050 [Listener at 127.0.0.1/13280] INFO  server.AbstractConnector (AbstractConnector.java:doStop(381)) - Stopped ServerConnector@122f58a{HTTP/1.1, (http/1.1)}{0.0.0.0:12398}
2021-05-22 19:12:40,051 [Listener at 127.0.0.1/13280] INFO  server.session (HouseKeeper.java:stopScavenging(149)) - node0 Stopped scavenging
2021-05-22 19:12:40,051 [Listener at 127.0.0.1/13280] INFO  handler.ContextHandler (ContextHandler.java:doStop(1154)) - Stopped o.e.j.s.ServletContextHandler@6f8f0c59{static,/static,file:///github/workspace/mnt/ozone/hadoop-ozone/integration-test/target/test-classes/webapps/static,STOPPED}
2021-05-22 19:12:40,051 [Listener at 127.0.0.1/13280] INFO  handler.ContextHandler (ContextHandler.java:doStop(1154)) - Stopped o.e.j.s.ServletContextHandler@605ef319{logs,/logs,file:///github/workspace/mnt/ozone/hadoop-ozone/integration-test/target/log,STOPPED}
2021-05-22 19:12:40,052 [Listener at 127.0.0.1/13280] INFO  server.StorageContainerManager (StorageContainerManager.java:stop(1328)) - Stopping Block Manager Service.
2021-05-22 19:12:40,052 [Listener at 127.0.0.1/13280] INFO  utils.BackgroundService (BackgroundService.java:shutdown(132)) - Shutting down service SCMBlockDeletingService
2021-05-22 19:12:40,053 [Listener at 127.0.0.1/13280] INFO  utils.BackgroundService (BackgroundService.java:shutdown(132)) - Shutting down service SCMBlockDeletingService
2021-05-22 19:12:40,053 [Listener at 127.0.0.1/13280] INFO  server.StorageContainerManager (StorageContainerManager.java:stop(1355)) - Stopping SCM Event Queue.
2021-05-22 19:12:40,055 [Listener at 127.0.0.1/13280] INFO  ha.SCMRatisServerImpl (SCMRatisServerImpl.java:stop(228)) - stopping ratis server 0.0.0.0:12400
2021-05-22 19:12:40,056 [Listener at 127.0.0.1/13280] INFO  server.RaftServer (RaftServerProxy.java:lambda$close$6(391)) - 8a633b72-b43a-415e-aba0-49de5ef1a57a: close
2021-05-22 19:12:40,056 [Listener at 127.0.0.1/13280] INFO  server.RaftServer$Division (RaftServerImpl.java:lambda$close$4(406)) - 8a633b72-b43a-415e-aba0-49de5ef1a57a@group-6537B218274A: shutdown
2021-05-22 19:12:40,056 [Listener at 127.0.0.1/13280] INFO  util.JmxRegister (JmxRegister.java:unregister(73)) - Successfully un-registered JMX Bean with object name Ratis:service=RaftServer,group=group-6537B218274A,id=8a633b72-b43a-415e-aba0-49de5ef1a57a
2021-05-22 19:12:40,056 [Listener at 127.0.0.1/13280] INFO  impl.RoleInfo (RoleInfo.java:shutdownFollowerState(108)) - 8a633b72-b43a-415e-aba0-49de5ef1a57a: shutdown 8a633b72-b43a-415e-aba0-49de5ef1a57a@group-6537B218274A-FollowerState
2021-05-22 19:12:40,057 [8a633b72-b43a-415e-aba0-49de5ef1a57a@group-6537B218274A-FollowerState] INFO  impl.FollowerState (FollowerState.java:run(143)) - 8a633b72-b43a-415e-aba0-49de5ef1a57a@group-6537B218274A-FollowerState was interrupted: {}
java.lang.InterruptedException: sleep interrupted
	at java.lang.Thread.sleep(Native Method)
	at java.lang.Thread.sleep(Thread.java:340)
	at java.util.concurrent.TimeUnit.sleep(TimeUnit.java:386)
	at org.apache.ratis.util.TimeDuration.sleep(TimeDuration.java:324)
	at org.apache.ratis.util.TimeDuration.sleep(TimeDuration.java:309)
	at org.apache.ratis.server.impl.FollowerState.run(FollowerState.java:118)
2021-05-22 19:12:40,057 [Listener at 127.0.0.1/13280] INFO  impl.StateMachineUpdater (StateMachineUpdater.java:stopAndJoin(149)) - 8a633b72-b43a-415e-aba0-49de5ef1a57a@group-6537B218274A-StateMachineUpdater: set stopIndex = 207
2021-05-22 19:12:40,057 [8a633b72-b43a-415e-aba0-49de5ef1a57a@group-6537B218274A-StateMachineUpdater] INFO  ha.SCMStateMachine (HadoopExecutors.java:shutdown(118)) - Gracefully shutting down executor service. Waiting max 5 SECONDS
2021-05-22 19:12:40,058 [8a633b72-b43a-415e-aba0-49de5ef1a57a@group-6537B218274A-StateMachineUpdater] INFO  ha.SCMStateMachine (HadoopExecutors.java:shutdown(129)) - Succesfully shutdown executor service
2021-05-22 19:12:40,058 [8a633b72-b43a-415e-aba0-49de5ef1a57a@group-6537B218274A-StateMachineUpdater] INFO  metrics.RatisMetrics (RatisMetrics.java:unregister(43)) - Unregistering Metrics Registry : ratis.state_machine.8a633b72-b43a-415e-aba0-49de5ef1a57a@group-6537B218274A
2021-05-22 19:12:40,058 [Listener at 127.0.0.1/13280] INFO  server.RaftServer$Division (ServerState.java:close(405)) - 8a633b72-b43a-415e-aba0-49de5ef1a57a@group-6537B218274A: closes. applyIndex: 207
2021-05-22 19:12:40,058 [8a633b72-b43a-415e-aba0-49de5ef1a57a@group-6537B218274A-SegmentedRaftLogWorker] INFO  segmented.SegmentedRaftLogWorker (SegmentedRaftLogWorker.java:run(327)) - 8a633b72-b43a-415e-aba0-49de5ef1a57a@group-6537B218274A-SegmentedRaftLogWorker was interrupted, exiting. There are 0 tasks remaining in the queue.
2021-05-22 19:12:40,059 [Listener at 127.0.0.1/13280] INFO  segmented.SegmentedRaftLogWorker (SegmentedRaftLogWorker.java:close(237)) - 8a633b72-b43a-415e-aba0-49de5ef1a57a@group-6537B218274A-SegmentedRaftLogWorker close()
2021-05-22 19:12:40,060 [Listener at 127.0.0.1/13280] INFO  metrics.RatisMetrics (RatisMetrics.java:unregister(43)) - Unregistering Metrics Registry : ratis.log_worker.8a633b72-b43a-415e-aba0-49de5ef1a57a@group-6537B218274A
2021-05-22 19:12:40,061 [Listener at 127.0.0.1/13280] INFO  metrics.RatisMetrics (RatisMetrics.java:unregister(43)) - Unregistering Metrics Registry : ratis.leader_election.8a633b72-b43a-415e-aba0-49de5ef1a57a@group-6537B218274A
2021-05-22 19:12:40,061 [Listener at 127.0.0.1/13280] INFO  metrics.RatisMetrics (RatisMetrics.java:unregister(43)) - Unregistering Metrics Registry : ratis.server.8a633b72-b43a-415e-aba0-49de5ef1a57a@group-6537B218274A
2021-05-22 19:12:40,061 [Listener at 127.0.0.1/13280] INFO  server.GrpcService (GrpcService.java:closeImpl(262)) - 8a633b72-b43a-415e-aba0-49de5ef1a57a: shutdown server with port 12400 now
2021-05-22 19:12:40,069 [Listener at 127.0.0.1/13280] INFO  server.GrpcService (GrpcService.java:closeImpl(271)) - 8a633b72-b43a-415e-aba0-49de5ef1a57a: shutdown server with port 12400 successfully
2021-05-22 19:12:40,069 [org.apache.ratis.util.JvmPauseMonitor$$Lambda$484/882706486@7de922ba] INFO  util.JvmPauseMonitor (JvmPauseMonitor.java:run(109)) - JvmPauseMonitor-8a633b72-b43a-415e-aba0-49de5ef1a57a: Stopped
2021-05-22 19:12:40,070 [Listener at 127.0.0.1/13280] INFO  ha.SCMStateMachine (HadoopExecutors.java:shutdown(118)) - Gracefully shutting down executor service. Waiting max 5 SECONDS
2021-05-22 19:12:40,070 [Listener at 127.0.0.1/13280] INFO  ha.SCMStateMachine (HadoopExecutors.java:shutdown(129)) - Succesfully shutdown executor service
2021-05-22 19:12:40,072 [Listener at 127.0.0.1/13280] WARN  pipeline.BackgroundPipelineCreator (BackgroundPipelineCreatorV2.java:stop(154)) - RatisPipelineUtilsThread is not running, just ignore.
2021-05-22 19:12:40,073 [Listener at 127.0.0.1/13280] INFO  impl.MetricsSystemImpl (MetricsSystemImpl.java:stop(205)) - StorageContainerManager metrics system stopped (again)
2021-05-22 19:12:40,073 [Listener at 127.0.0.1/13280] INFO  ozone.MiniOzoneClusterImpl (MiniOzoneClusterImpl.java:stop(458)) - Stopping the Mini Ozone Cluster
2021-05-22 19:12:40,073 [Listener at 127.0.0.1/13280] INFO  ozone.MiniOzoneClusterImpl (MiniOzoneClusterImpl.java:stopDatanodes(517)) - Stopping the HddsDatanodes
2021-05-22 19:12:40,262 [EndpointStateMachine task thread for /127.0.0.1:12401 - 0 ] WARN  statemachine.EndpointStateMachine (EndpointStateMachine.java:logIfNeeded(236)) - Unable to communicate to SCM server at localhost:12401 for past 0 seconds.
java.io.EOFException: End of File Exception between local host is: "a9243b6273c1/172.17.0.2"; destination host is: "localhost":12401; : java.io.EOFException; For more details see:  http://wiki.apache.org/hadoop/EOFException
	at sun.reflect.NativeConstructorAccessorImpl.newInstance0(Native Method)
	at sun.reflect.NativeConstructorAccessorImpl.newInstance(NativeConstructorAccessorImpl.java:62)
	at sun.reflect.DelegatingConstructorAccessorImpl.newInstance(DelegatingConstructorAccessorImpl.java:45)
	at java.lang.reflect.Constructor.newInstance(Constructor.java:423)
	at org.apache.hadoop.net.NetUtils.wrapWithMessage(NetUtils.java:836)
	at org.apache.hadoop.net.NetUtils.wrapException(NetUtils.java:794)
	at org.apache.hadoop.ipc.Client.getRpcResponse(Client.java:1566)
	at org.apache.hadoop.ipc.Client.call(Client.java:1508)
	at org.apache.hadoop.ipc.Client.call(Client.java:1405)
	at org.apache.hadoop.ipc.ProtobufRpcEngine$Invoker.invoke(ProtobufRpcEngine.java:233)
	at org.apache.hadoop.ipc.ProtobufRpcEngine$Invoker.invoke(ProtobufRpcEngine.java:118)
	at com.sun.proxy.$Proxy45.submitRequest(Unknown Source)
	at org.apache.hadoop.ozone.protocolPB.StorageContainerDatanodeProtocolClientSideTranslatorPB.submitRequest(StorageContainerDatanodeProtocolClientSideTranslatorPB.java:117)
	at org.apache.hadoop.ozone.protocolPB.StorageContainerDatanodeProtocolClientSideTranslatorPB.sendHeartbeat(StorageContainerDatanodeProtocolClientSideTranslatorPB.java:149)
	at org.apache.hadoop.ozone.container.common.states.endpoint.HeartbeatEndpointTask.call(HeartbeatEndpointTask.java:146)
	at org.apache.hadoop.ozone.container.common.states.endpoint.HeartbeatEndpointTask.call(HeartbeatEndpointTask.java:77)
	at java.util.concurrent.FutureTask.run(FutureTask.java:266)
	at java.util.concurrent.ThreadPoolExecutor.runWorker(ThreadPoolExecutor.java:1149)
	at java.util.concurrent.ThreadPoolExecutor$Worker.run(ThreadPoolExecutor.java:624)
	at java.lang.Thread.run(Thread.java:748)
Caused by: java.io.EOFException
	at java.io.DataInputStream.readInt(DataInputStream.java:392)
	at org.apache.hadoop.ipc.Client$IpcStreams.readResponse(Client.java:1880)
	at org.apache.hadoop.ipc.Client$Connection.receiveRpcResponse(Client.java:1191)
	at org.apache.hadoop.ipc.Client$Connection.run(Client.java:1087)
2021-05-22 19:12:40,324 [Datanode State Machine Thread - 0] WARN  statemachine.StateContext (StateContext.java:setState(217)) - Ignore disallowed transition from SHUTDOWN to RUNNING
2021-05-22 19:12:40,324 [Datanode State Machine Thread - 0] INFO  statemachine.DatanodeStateMachine (DatanodeStateMachine.java:lambda$startDaemon$0(411)) - Ozone container server started.
2021-05-22 19:12:40,325 [EndpointStateMachine task thread for /127.0.0.1:12391 - 0 ] INFO  ipc.Client (Client.java:handleConnectionFailure(966)) - Retrying connect to server: localhost/127.0.0.1:12391. Already tried 0 time(s); retry policy is RetryUpToMaximumCountWithFixedSleep(maxRetries=15, sleepTime=1000 MILLISECONDS)
2021-05-22 19:12:40,325 [EndpointStateMachine task thread for /127.0.0.1:12381 - 0 ] INFO  ipc.Client (Client.java:handleConnectionFailure(966)) - Retrying connect to server: localhost/127.0.0.1:12381. Already tried 0 time(s); retry policy is RetryUpToMaximumCountWithFixedSleep(maxRetries=15, sleepTime=1000 MILLISECONDS)
2021-05-22 19:12:40,433 [Datanode State Machine Thread - 0] ERROR datanode.RunningDatanodeState (RunningDatanodeState.java:computeNextContainerState(199)) - Error in executing end point task.
java.util.concurrent.ExecutionException: java.util.concurrent.TimeoutException
	at java.util.concurrent.FutureTask.report(FutureTask.java:122)
	at java.util.concurrent.FutureTask.get(FutureTask.java:192)
	at org.apache.hadoop.ozone.container.common.states.datanode.RunningDatanodeState.computeNextContainerState(RunningDatanodeState.java:191)
	at org.apache.hadoop.ozone.container.common.states.datanode.RunningDatanodeState.await(RunningDatanodeState.java:231)
	at org.apache.hadoop.ozone.container.common.states.datanode.RunningDatanodeState.await(RunningDatanodeState.java:50)
	at org.apache.hadoop.ozone.container.common.statemachine.StateContext.execute(StateContext.java:579)
	at org.apache.hadoop.ozone.container.common.statemachine.DatanodeStateMachine.start(DatanodeStateMachine.java:233)
	at org.apache.hadoop.ozone.container.common.statemachine.DatanodeStateMachine.lambda$startDaemon$0(DatanodeStateMachine.java:410)
	at java.lang.Thread.run(Thread.java:748)
Caused by: java.util.concurrent.TimeoutException
	at java.util.concurrent.FutureTask.get(FutureTask.java:205)
	at org.apache.hadoop.ozone.container.common.states.datanode.RunningDatanodeState.lambda$execute$0(RunningDatanodeState.java:149)
	at java.util.concurrent.FutureTask.run(FutureTask.java:266)
	at java.util.concurrent.Executors$RunnableAdapter.call(Executors.java:511)
	at java.util.concurrent.FutureTask.run(FutureTask.java:266)
	at java.util.concurrent.ThreadPoolExecutor.runWorker(ThreadPoolExecutor.java:1149)
	at java.util.concurrent.ThreadPoolExecutor$Worker.run(ThreadPoolExecutor.java:624)
	... 1 more
2021-05-22 19:12:40,434 [Datanode State Machine Thread - 0] WARN  statemachine.StateContext (StateContext.java:setState(217)) - Ignore disallowed transition from SHUTDOWN to RUNNING
2021-05-22 19:12:40,434 [Datanode State Machine Thread - 0] INFO  statemachine.DatanodeStateMachine (DatanodeStateMachine.java:lambda$startDaemon$0(411)) - Ozone container server started.
2021-05-22 19:12:41,261 [Datanode State Machine Thread - 0] ERROR datanode.RunningDatanodeState (RunningDatanodeState.java:computeNextContainerState(199)) - Error in executing end point task.
java.util.concurrent.ExecutionException: java.util.concurrent.TimeoutException
	at java.util.concurrent.FutureTask.report(FutureTask.java:122)
	at java.util.concurrent.FutureTask.get(FutureTask.java:192)
	at org.apache.hadoop.ozone.container.common.states.datanode.RunningDatanodeState.computeNextContainerState(RunningDatanodeState.java:191)
	at org.apache.hadoop.ozone.container.common.states.datanode.RunningDatanodeState.await(RunningDatanodeState.java:231)
	at org.apache.hadoop.ozone.container.common.states.datanode.RunningDatanodeState.await(RunningDatanodeState.java:50)
	at org.apache.hadoop.ozone.container.common.statemachine.StateContext.execute(StateContext.java:579)
	at org.apache.hadoop.ozone.container.common.statemachine.DatanodeStateMachine.start(DatanodeStateMachine.java:233)
	at org.apache.hadoop.ozone.container.common.statemachine.DatanodeStateMachine.lambda$startDaemon$0(DatanodeStateMachine.java:410)
	at java.lang.Thread.run(Thread.java:748)
Caused by: java.util.concurrent.TimeoutException
	at java.util.concurrent.FutureTask.get(FutureTask.java:205)
	at org.apache.hadoop.ozone.container.common.states.datanode.RunningDatanodeState.lambda$execute$0(RunningDatanodeState.java:149)
	at java.util.concurrent.FutureTask.run(FutureTask.java:266)
	at java.util.concurrent.Executors$RunnableAdapter.call(Executors.java:511)
	at java.util.concurrent.FutureTask.run(FutureTask.java:266)
	at java.util.concurrent.ThreadPoolExecutor.runWorker(ThreadPoolExecutor.java:1149)
	at java.util.concurrent.ThreadPoolExecutor$Worker.run(ThreadPoolExecutor.java:624)
	... 1 more
2021-05-22 19:12:41,326 [EndpointStateMachine task thread for /127.0.0.1:12391 - 0 ] INFO  ipc.Client (Client.java:handleConnectionFailure(966)) - Retrying connect to server: localhost/127.0.0.1:12391. Already tried 1 time(s); retry policy is RetryUpToMaximumCountWithFixedSleep(maxRetries=15, sleepTime=1000 MILLISECONDS)
2021-05-22 19:12:41,326 [EndpointStateMachine task thread for /127.0.0.1:12381 - 0 ] INFO  ipc.Client (Client.java:handleConnectionFailure(966)) - Retrying connect to server: localhost/127.0.0.1:12381. Already tried 1 time(s); retry policy is RetryUpToMaximumCountWithFixedSleep(maxRetries=15, sleepTime=1000 MILLISECONDS)
2021-05-22 19:12:42,263 [EndpointStateMachine task thread for /127.0.0.1:12401 - 0 ] INFO  ipc.Client (Client.java:handleConnectionFailure(966)) - Retrying connect to server: localhost/127.0.0.1:12401. Already tried 0 time(s); retry policy is RetryUpToMaximumCountWithFixedSleep(maxRetries=15, sleepTime=1000 MILLISECONDS)
2021-05-22 19:12:42,327 [EndpointStateMachine task thread for /127.0.0.1:12391 - 0 ] INFO  ipc.Client (Client.java:handleConnectionFailure(966)) - Retrying connect to server: localhost/127.0.0.1:12391. Already tried 2 time(s); retry policy is RetryUpToMaximumCountWithFixedSleep(maxRetries=15, sleepTime=1000 MILLISECONDS)
2021-05-22 19:12:42,327 [EndpointStateMachine task thread for /127.0.0.1:12381 - 0 ] INFO  ipc.Client (Client.java:handleConnectionFailure(966)) - Retrying connect to server: localhost/127.0.0.1:12381. Already tried 2 time(s); retry policy is RetryUpToMaximumCountWithFixedSleep(maxRetries=15, sleepTime=1000 MILLISECONDS)
2021-05-22 19:12:43,263 [Datanode State Machine Thread - 0] ERROR datanode.RunningDatanodeState (RunningDatanodeState.java:computeNextContainerState(199)) - Error in executing end point task.
java.util.concurrent.ExecutionException: java.util.concurrent.TimeoutException
	at java.util.concurrent.FutureTask.report(FutureTask.java:122)
	at java.util.concurrent.FutureTask.get(FutureTask.java:192)
	at org.apache.hadoop.ozone.container.common.states.datanode.RunningDatanodeState.computeNextContainerState(RunningDatanodeState.java:191)
	at org.apache.hadoop.ozone.container.common.states.datanode.RunningDatanodeState.await(RunningDatanodeState.java:231)
	at org.apache.hadoop.ozone.container.common.states.datanode.RunningDatanodeState.await(RunningDatanodeState.java:50)
	at org.apache.hadoop.ozone.container.common.statemachine.StateContext.execute(StateContext.java:579)
	at org.apache.hadoop.ozone.container.common.statemachine.DatanodeStateMachine.start(DatanodeStateMachine.java:233)
	at org.apache.hadoop.ozone.container.common.statemachine.DatanodeStateMachine.lambda$startDaemon$0(DatanodeStateMachine.java:410)
	at java.lang.Thread.run(Thread.java:748)
Caused by: java.util.concurrent.TimeoutException
	at java.util.concurrent.FutureTask.get(FutureTask.java:205)
	at org.apache.hadoop.ozone.container.common.states.datanode.RunningDatanodeState.lambda$execute$0(RunningDatanodeState.java:149)
	at java.util.concurrent.FutureTask.run(FutureTask.java:266)
	at java.util.concurrent.Executors$RunnableAdapter.call(Executors.java:511)
	at java.util.concurrent.FutureTask.run(FutureTask.java:266)
	at java.util.concurrent.ThreadPoolExecutor.runWorker(ThreadPoolExecutor.java:1149)
	at java.util.concurrent.ThreadPoolExecutor$Worker.run(ThreadPoolExecutor.java:624)
	... 1 more
2021-05-22 19:12:43,264 [EndpointStateMachine task thread for /127.0.0.1:12401 - 0 ] INFO  ipc.Client (Client.java:handleConnectionFailure(966)) - Retrying connect to server: localhost/127.0.0.1:12401. Already tried 1 time(s); retry policy is RetryUpToMaximumCountWithFixedSleep(maxRetries=15, sleepTime=1000 MILLISECONDS)
2021-05-22 19:12:43,328 [EndpointStateMachine task thread for /127.0.0.1:12381 - 0 ] INFO  ipc.Client (Client.java:handleConnectionFailure(966)) - Retrying connect to server: localhost/127.0.0.1:12381. Already tried 3 time(s); retry policy is RetryUpToMaximumCountWithFixedSleep(maxRetries=15, sleepTime=1000 MILLISECONDS)
2021-05-22 19:12:43,328 [EndpointStateMachine task thread for /127.0.0.1:12391 - 0 ] INFO  ipc.Client (Client.java:handleConnectionFailure(966)) - Retrying connect to server: localhost/127.0.0.1:12391. Already tried 3 time(s); retry policy is RetryUpToMaximumCountWithFixedSleep(maxRetries=15, sleepTime=1000 MILLISECONDS)
2021-05-22 19:12:44,264 [EndpointStateMachine task thread for /127.0.0.1:12401 - 0 ] INFO  ipc.Client (Client.java:handleConnectionFailure(966)) - Retrying connect to server: localhost/127.0.0.1:12401. Already tried 2 time(s); retry policy is RetryUpToMaximumCountWithFixedSleep(maxRetries=15, sleepTime=1000 MILLISECONDS)
2021-05-22 19:12:44,329 [EndpointStateMachine task thread for /127.0.0.1:12381 - 0 ] INFO  ipc.Client (Client.java:handleConnectionFailure(966)) - Retrying connect to server: localhost/127.0.0.1:12381. Already tried 4 time(s); retry policy is RetryUpToMaximumCountWithFixedSleep(maxRetries=15, sleepTime=1000 MILLISECONDS)
2021-05-22 19:12:44,329 [EndpointStateMachine task thread for /127.0.0.1:12391 - 0 ] INFO  ipc.Client (Client.java:handleConnectionFailure(966)) - Retrying connect to server: localhost/127.0.0.1:12391. Already tried 4 time(s); retry policy is RetryUpToMaximumCountWithFixedSleep(maxRetries=15, sleepTime=1000 MILLISECONDS)
2021-05-22 19:12:45,077 [ForkJoinPool.commonPool-worker-1] INFO  ozoneimpl.OzoneContainer (OzoneContainer.java:stop(313)) - Attempting to stop container services.
2021-05-22 19:12:45,077 [Listener at 127.0.0.1/13280] INFO  ozoneimpl.OzoneContainer (OzoneContainer.java:stop(313)) - Attempting to stop container services.
2021-05-22 19:12:45,079 [ForkJoinPool.commonPool-worker-1] INFO  server.RaftServer (RaftServerProxy.java:lambda$close$6(391)) - ea0eae10-41b3-4db6-9afe-6a980641cba9: close
2021-05-22 19:12:45,079 [ForkJoinPool.commonPool-worker-1] INFO  server.RaftServer$Division (RaftServerImpl.java:lambda$close$4(406)) - ea0eae10-41b3-4db6-9afe-6a980641cba9@group-548F0586065B: shutdown
2021-05-22 19:12:45,079 [ForkJoinPool.commonPool-worker-1] INFO  util.JmxRegister (JmxRegister.java:unregister(73)) - Successfully un-registered JMX Bean with object name Ratis:service=RaftServer,group=group-548F0586065B,id=ea0eae10-41b3-4db6-9afe-6a980641cba9
2021-05-22 19:12:45,079 [ForkJoinPool.commonPool-worker-1] INFO  impl.RoleInfo (RoleInfo.java:shutdownFollowerState(108)) - ea0eae10-41b3-4db6-9afe-6a980641cba9: shutdown ea0eae10-41b3-4db6-9afe-6a980641cba9@group-548F0586065B-FollowerState
2021-05-22 19:12:45,079 [Listener at 127.0.0.1/13280] INFO  server.RaftServer (RaftServerProxy.java:lambda$close$6(391)) - 77d60ed4-b7ae-47d8-b664-0086abc1b028: close
2021-05-22 19:12:45,080 [Listener at 127.0.0.1/13280] INFO  server.RaftServer$Division (RaftServerImpl.java:lambda$close$4(406)) - 77d60ed4-b7ae-47d8-b664-0086abc1b028@group-548F0586065B: shutdown
2021-05-22 19:12:45,081 [Listener at 127.0.0.1/13280] INFO  util.JmxRegister (JmxRegister.java:unregister(73)) - Successfully un-registered JMX Bean with object name Ratis:service=RaftServer,group=group-548F0586065B,id=77d60ed4-b7ae-47d8-b664-0086abc1b028
2021-05-22 19:12:45,081 [Listener at 127.0.0.1/13280] INFO  impl.RoleInfo (RoleInfo.java:shutdownFollowerState(108)) - 77d60ed4-b7ae-47d8-b664-0086abc1b028: shutdown 77d60ed4-b7ae-47d8-b664-0086abc1b028@group-548F0586065B-FollowerState
2021-05-22 19:12:45,080 [ea0eae10-41b3-4db6-9afe-6a980641cba9@group-548F0586065B-FollowerState] INFO  impl.FollowerState (FollowerState.java:run(143)) - ea0eae10-41b3-4db6-9afe-6a980641cba9@group-548F0586065B-FollowerState was interrupted: {}
java.lang.InterruptedException: sleep interrupted
	at java.lang.Thread.sleep(Native Method)
	at java.lang.Thread.sleep(Thread.java:340)
	at java.util.concurrent.TimeUnit.sleep(TimeUnit.java:386)
	at org.apache.ratis.util.TimeDuration.sleep(TimeDuration.java:324)
	at org.apache.ratis.util.TimeDuration.sleep(TimeDuration.java:309)
	at org.apache.ratis.server.impl.FollowerState.run(FollowerState.java:118)
2021-05-22 19:12:45,081 [77d60ed4-b7ae-47d8-b664-0086abc1b028@group-548F0586065B-FollowerState] INFO  impl.FollowerState (FollowerState.java:run(143)) - 77d60ed4-b7ae-47d8-b664-0086abc1b028@group-548F0586065B-FollowerState was interrupted: {}
java.lang.InterruptedException: sleep interrupted
	at java.lang.Thread.sleep(Native Method)
	at java.lang.Thread.sleep(Thread.java:340)
	at java.util.concurrent.TimeUnit.sleep(TimeUnit.java:386)
	at org.apache.ratis.util.TimeDuration.sleep(TimeDuration.java:324)
	at org.apache.ratis.util.TimeDuration.sleep(TimeDuration.java:309)
	at org.apache.ratis.server.impl.FollowerState.run(FollowerState.java:118)
2021-05-22 19:12:45,081 [ForkJoinPool.commonPool-worker-1] INFO  impl.StateMachineUpdater (StateMachineUpdater.java:stopAndJoin(149)) - ea0eae10-41b3-4db6-9afe-6a980641cba9@group-548F0586065B-StateMachineUpdater: set stopIndex = 0
2021-05-22 19:12:45,081 [ea0eae10-41b3-4db6-9afe-6a980641cba9@group-548F0586065B-StateMachineUpdater] INFO  ratis.ContainerStateMachine (ContainerStateMachine.java:takeSnapshot(292)) - group-548F0586065B: Taking a snapshot at:(t:3, i:0) file /github/workspace/mnt/ozone/hadoop-ozone/integration-test/target/test-dir/MiniOzoneClusterImpl-5713c1a7-fb90-4566-9593-6537b218274a/datanode-0/data/ratis/ec650cfc-7280-4cb7-a628-548f0586065b/sm/snapshot.3_0
2021-05-22 19:12:45,084 [77d60ed4-b7ae-47d8-b664-0086abc1b028@group-548F0586065B-StateMachineUpdater] INFO  ratis.ContainerStateMachine (ContainerStateMachine.java:takeSnapshot(292)) - group-548F0586065B: Taking a snapshot at:(t:3, i:0) file /github/workspace/mnt/ozone/hadoop-ozone/integration-test/target/test-dir/MiniOzoneClusterImpl-5713c1a7-fb90-4566-9593-6537b218274a/datanode-1/data/ratis/ec650cfc-7280-4cb7-a628-548f0586065b/sm/snapshot.3_0
2021-05-22 19:12:45,083 [Listener at 127.0.0.1/13280] INFO  impl.StateMachineUpdater (StateMachineUpdater.java:stopAndJoin(149)) - 77d60ed4-b7ae-47d8-b664-0086abc1b028@group-548F0586065B-StateMachineUpdater: set stopIndex = 0
2021-05-22 19:12:45,116 [77d60ed4-b7ae-47d8-b664-0086abc1b028@group-548F0586065B-StateMachineUpdater] INFO  ratis.ContainerStateMachine (ContainerStateMachine.java:takeSnapshot(303)) - group-548F0586065B: Finished taking a snapshot at:(t:3, i:0) file:/github/workspace/mnt/ozone/hadoop-ozone/integration-test/target/test-dir/MiniOzoneClusterImpl-5713c1a7-fb90-4566-9593-6537b218274a/datanode-1/data/ratis/ec650cfc-7280-4cb7-a628-548f0586065b/sm/snapshot.3_0 took: 32 ms
2021-05-22 19:12:45,118 [77d60ed4-b7ae-47d8-b664-0086abc1b028@group-548F0586065B-StateMachineUpdater] INFO  impl.StateMachineUpdater (StateMachineUpdater.java:takeSnapshot(281)) - 77d60ed4-b7ae-47d8-b664-0086abc1b028@group-548F0586065B-StateMachineUpdater: Took a snapshot at index 0
2021-05-22 19:12:45,118 [77d60ed4-b7ae-47d8-b664-0086abc1b028@group-548F0586065B-StateMachineUpdater] INFO  impl.StateMachineUpdater (StateMachineUpdater.java:lambda$new$0(89)) - 77d60ed4-b7ae-47d8-b664-0086abc1b028@group-548F0586065B-StateMachineUpdater: snapshotIndex: updateIncreasingly -1 -> 0
2021-05-22 19:12:45,121 [ea0eae10-41b3-4db6-9afe-6a980641cba9@group-548F0586065B-StateMachineUpdater] INFO  ratis.ContainerStateMachine (ContainerStateMachine.java:takeSnapshot(303)) - group-548F0586065B: Finished taking a snapshot at:(t:3, i:0) file:/github/workspace/mnt/ozone/hadoop-ozone/integration-test/target/test-dir/MiniOzoneClusterImpl-5713c1a7-fb90-4566-9593-6537b218274a/datanode-0/data/ratis/ec650cfc-7280-4cb7-a628-548f0586065b/sm/snapshot.3_0 took: 40 ms
2021-05-22 19:12:45,121 [ea0eae10-41b3-4db6-9afe-6a980641cba9@group-548F0586065B-StateMachineUpdater] INFO  impl.StateMachineUpdater (StateMachineUpdater.java:takeSnapshot(281)) - ea0eae10-41b3-4db6-9afe-6a980641cba9@group-548F0586065B-StateMachineUpdater: Took a snapshot at index 0
2021-05-22 19:12:45,122 [ea0eae10-41b3-4db6-9afe-6a980641cba9@group-548F0586065B-StateMachineUpdater] INFO  impl.StateMachineUpdater (StateMachineUpdater.java:lambda$new$0(89)) - ea0eae10-41b3-4db6-9afe-6a980641cba9@group-548F0586065B-StateMachineUpdater: snapshotIndex: updateIncreasingly -1 -> 0
2021-05-22 19:12:45,123 [ea0eae10-41b3-4db6-9afe-6a980641cba9@group-548F0586065B-StateMachineUpdater] INFO  metrics.RatisMetrics (RatisMetrics.java:unregister(43)) - Unregistering Metrics Registry : ratis.state_machine.ea0eae10-41b3-4db6-9afe-6a980641cba9@group-548F0586065B
2021-05-22 19:12:45,123 [ForkJoinPool.commonPool-worker-1] INFO  server.RaftServer$Division (ServerState.java:close(405)) - ea0eae10-41b3-4db6-9afe-6a980641cba9@group-548F0586065B: closes. applyIndex: 0
2021-05-22 19:12:45,124 [ea0eae10-41b3-4db6-9afe-6a980641cba9@group-548F0586065B-SegmentedRaftLogWorker] INFO  segmented.SegmentedRaftLogWorker (SegmentedRaftLogWorker.java:run(327)) - ea0eae10-41b3-4db6-9afe-6a980641cba9@group-548F0586065B-SegmentedRaftLogWorker was interrupted, exiting. There are 0 tasks remaining in the queue.
2021-05-22 19:12:45,125 [ForkJoinPool.commonPool-worker-1] INFO  segmented.SegmentedRaftLogWorker (SegmentedRaftLogWorker.java:close(237)) - ea0eae10-41b3-4db6-9afe-6a980641cba9@group-548F0586065B-SegmentedRaftLogWorker close()
2021-05-22 19:12:45,125 [ForkJoinPool.commonPool-worker-1] INFO  metrics.RatisMetrics (RatisMetrics.java:unregister(43)) - Unregistering Metrics Registry : ratis.log_worker.ea0eae10-41b3-4db6-9afe-6a980641cba9@group-548F0586065B
2021-05-22 19:12:45,125 [77d60ed4-b7ae-47d8-b664-0086abc1b028@group-548F0586065B-StateMachineUpdater] INFO  metrics.RatisMetrics (RatisMetrics.java:unregister(43)) - Unregistering Metrics Registry : ratis.state_machine.77d60ed4-b7ae-47d8-b664-0086abc1b028@group-548F0586065B
2021-05-22 19:12:45,126 [ForkJoinPool.commonPool-worker-1] INFO  metrics.RatisMetrics (RatisMetrics.java:unregister(43)) - Unregistering Metrics Registry : ratis.leader_election.ea0eae10-41b3-4db6-9afe-6a980641cba9@group-548F0586065B
2021-05-22 19:12:45,126 [ForkJoinPool.commonPool-worker-1] INFO  metrics.RatisMetrics (RatisMetrics.java:unregister(43)) - Unregistering Metrics Registry : ratis.server.ea0eae10-41b3-4db6-9afe-6a980641cba9@group-548F0586065B
2021-05-22 19:12:45,126 [ForkJoinPool.commonPool-worker-1] INFO  server.RaftServer$Division (RaftServerImpl.java:lambda$close$4(406)) - ea0eae10-41b3-4db6-9afe-6a980641cba9@group-6ADC6040D27E: shutdown
2021-05-22 19:12:45,126 [ForkJoinPool.commonPool-worker-1] INFO  util.JmxRegister (JmxRegister.java:unregister(73)) - Successfully un-registered JMX Bean with object name Ratis:service=RaftServer,group=group-6ADC6040D27E,id=ea0eae10-41b3-4db6-9afe-6a980641cba9
2021-05-22 19:12:45,126 [ForkJoinPool.commonPool-worker-1] INFO  impl.RoleInfo (RoleInfo.java:shutdownLeaderState(91)) - ea0eae10-41b3-4db6-9afe-6a980641cba9: shutdown ea0eae10-41b3-4db6-9afe-6a980641cba9@group-6ADC6040D27E-LeaderStateImpl
2021-05-22 19:12:45,126 [ForkJoinPool.commonPool-worker-1] INFO  impl.PendingRequests (PendingRequests.java:sendNotLeaderResponses(249)) - ea0eae10-41b3-4db6-9afe-6a980641cba9@group-6ADC6040D27E-PendingRequests: sendNotLeaderResponses
2021-05-22 19:12:45,127 [ForkJoinPool.commonPool-worker-1] INFO  metrics.RatisMetrics (RatisMetrics.java:unregister(43)) - Unregistering Metrics Registry : ratis.log_appender.ea0eae10-41b3-4db6-9afe-6a980641cba9@group-6ADC6040D27E
2021-05-22 19:12:45,127 [ForkJoinPool.commonPool-worker-1] INFO  metrics.RatisMetrics (RatisMetrics.java:unregister(43)) - Unregistering Metrics Registry : ratis.server.ea0eae10-41b3-4db6-9afe-6a980641cba9@group-6ADC6040D27E
2021-05-22 19:12:45,128 [ea0eae10-41b3-4db6-9afe-6a980641cba9@group-6ADC6040D27E-StateMachineUpdater] INFO  ratis.ContainerStateMachine (ContainerStateMachine.java:takeSnapshot(292)) - group-6ADC6040D27E: Taking a snapshot at:(t:1, i:0) file /github/workspace/mnt/ozone/hadoop-ozone/integration-test/target/test-dir/MiniOzoneClusterImpl-5713c1a7-fb90-4566-9593-6537b218274a/datanode-0/data/ratis/a2c7e5f9-af43-4a1c-b425-6adc6040d27e/sm/snapshot.1_0
2021-05-22 19:12:45,128 [ForkJoinPool.commonPool-worker-1] INFO  impl.StateMachineUpdater (StateMachineUpdater.java:stopAndJoin(149)) - ea0eae10-41b3-4db6-9afe-6a980641cba9@group-6ADC6040D27E-StateMachineUpdater: set stopIndex = 0
2021-05-22 19:12:45,129 [Listener at 127.0.0.1/13280] INFO  server.RaftServer$Division (ServerState.java:close(405)) - 77d60ed4-b7ae-47d8-b664-0086abc1b028@group-548F0586065B: closes. applyIndex: 0
2021-05-22 19:12:45,129 [77d60ed4-b7ae-47d8-b664-0086abc1b028@group-548F0586065B-SegmentedRaftLogWorker] INFO  segmented.SegmentedRaftLogWorker (SegmentedRaftLogWorker.java:run(327)) - 77d60ed4-b7ae-47d8-b664-0086abc1b028@group-548F0586065B-SegmentedRaftLogWorker was interrupted, exiting. There are 0 tasks remaining in the queue.
2021-05-22 19:12:45,130 [Listener at 127.0.0.1/13280] INFO  segmented.SegmentedRaftLogWorker (SegmentedRaftLogWorker.java:close(237)) - 77d60ed4-b7ae-47d8-b664-0086abc1b028@group-548F0586065B-SegmentedRaftLogWorker close()
2021-05-22 19:12:45,130 [ea0eae10-41b3-4db6-9afe-6a980641cba9@group-6ADC6040D27E-StateMachineUpdater] INFO  ratis.ContainerStateMachine (ContainerStateMachine.java:takeSnapshot(303)) - group-6ADC6040D27E: Finished taking a snapshot at:(t:1, i:0) file:/github/workspace/mnt/ozone/hadoop-ozone/integration-test/target/test-dir/MiniOzoneClusterImpl-5713c1a7-fb90-4566-9593-6537b218274a/datanode-0/data/ratis/a2c7e5f9-af43-4a1c-b425-6adc6040d27e/sm/snapshot.1_0 took: 1 ms
2021-05-22 19:12:45,130 [ea0eae10-41b3-4db6-9afe-6a980641cba9@group-6ADC6040D27E-StateMachineUpdater] INFO  impl.StateMachineUpdater (StateMachineUpdater.java:takeSnapshot(281)) - ea0eae10-41b3-4db6-9afe-6a980641cba9@group-6ADC6040D27E-StateMachineUpdater: Took a snapshot at index 0
2021-05-22 19:12:45,131 [ea0eae10-41b3-4db6-9afe-6a980641cba9@group-6ADC6040D27E-StateMachineUpdater] INFO  impl.StateMachineUpdater (StateMachineUpdater.java:lambda$new$0(89)) - ea0eae10-41b3-4db6-9afe-6a980641cba9@group-6ADC6040D27E-StateMachineUpdater: snapshotIndex: updateIncreasingly -1 -> 0
2021-05-22 19:12:45,131 [ea0eae10-41b3-4db6-9afe-6a980641cba9@group-6ADC6040D27E-StateMachineUpdater] INFO  metrics.RatisMetrics (RatisMetrics.java:unregister(43)) - Unregistering Metrics Registry : ratis.state_machine.ea0eae10-41b3-4db6-9afe-6a980641cba9@group-6ADC6040D27E
2021-05-22 19:12:45,131 [Listener at 127.0.0.1/13280] INFO  metrics.RatisMetrics (RatisMetrics.java:unregister(43)) - Unregistering Metrics Registry : ratis.log_worker.77d60ed4-b7ae-47d8-b664-0086abc1b028@group-548F0586065B
2021-05-22 19:12:45,132 [Listener at 127.0.0.1/13280] INFO  metrics.RatisMetrics (RatisMetrics.java:unregister(43)) - Unregistering Metrics Registry : ratis.leader_election.77d60ed4-b7ae-47d8-b664-0086abc1b028@group-548F0586065B
2021-05-22 19:12:45,132 [Listener at 127.0.0.1/13280] INFO  metrics.RatisMetrics (RatisMetrics.java:unregister(43)) - Unregistering Metrics Registry : ratis.server.77d60ed4-b7ae-47d8-b664-0086abc1b028@group-548F0586065B
2021-05-22 19:12:45,132 [Listener at 127.0.0.1/13280] INFO  server.RaftServer$Division (RaftServerImpl.java:lambda$close$4(406)) - 77d60ed4-b7ae-47d8-b664-0086abc1b028@group-CEE3C7E3D797: shutdown
2021-05-22 19:12:45,133 [Listener at 127.0.0.1/13280] INFO  util.JmxRegister (JmxRegister.java:unregister(73)) - Successfully un-registered JMX Bean with object name Ratis:service=RaftServer,group=group-CEE3C7E3D797,id=77d60ed4-b7ae-47d8-b664-0086abc1b028
2021-05-22 19:12:45,133 [Listener at 127.0.0.1/13280] INFO  impl.RoleInfo (RoleInfo.java:shutdownFollowerState(108)) - 77d60ed4-b7ae-47d8-b664-0086abc1b028: shutdown 77d60ed4-b7ae-47d8-b664-0086abc1b028@group-CEE3C7E3D797-FollowerState
2021-05-22 19:12:45,133 [77d60ed4-b7ae-47d8-b664-0086abc1b028@group-CEE3C7E3D797-FollowerState] INFO  impl.FollowerState (FollowerState.java:run(143)) - 77d60ed4-b7ae-47d8-b664-0086abc1b028@group-CEE3C7E3D797-FollowerState was interrupted: {}
java.lang.InterruptedException: sleep interrupted
	at java.lang.Thread.sleep(Native Method)
	at java.lang.Thread.sleep(Thread.java:340)
	at java.util.concurrent.TimeUnit.sleep(TimeUnit.java:386)
	at org.apache.ratis.util.TimeDuration.sleep(TimeDuration.java:324)
	at org.apache.ratis.util.TimeDuration.sleep(TimeDuration.java:309)
	at org.apache.ratis.server.impl.FollowerState.run(FollowerState.java:118)
2021-05-22 19:12:45,134 [Listener at 127.0.0.1/13280] INFO  impl.StateMachineUpdater (StateMachineUpdater.java:stopAndJoin(149)) - 77d60ed4-b7ae-47d8-b664-0086abc1b028@group-CEE3C7E3D797-StateMachineUpdater: set stopIndex = 0
2021-05-22 19:12:45,134 [ForkJoinPool.commonPool-worker-1] INFO  server.RaftServer$Division (ServerState.java:close(405)) - ea0eae10-41b3-4db6-9afe-6a980641cba9@group-6ADC6040D27E: closes. applyIndex: 0
2021-05-22 19:12:45,134 [77d60ed4-b7ae-47d8-b664-0086abc1b028@group-CEE3C7E3D797-StateMachineUpdater] INFO  ratis.ContainerStateMachine (ContainerStateMachine.java:takeSnapshot(292)) - group-CEE3C7E3D797: Taking a snapshot at:(t:1, i:0) file /github/workspace/mnt/ozone/hadoop-ozone/integration-test/target/test-dir/MiniOzoneClusterImpl-5713c1a7-fb90-4566-9593-6537b218274a/datanode-1/data/ratis/12abcdc4-f25a-4b3b-81bf-cee3c7e3d797/sm/snapshot.1_0
2021-05-22 19:12:45,135 [ea0eae10-41b3-4db6-9afe-6a980641cba9@group-6ADC6040D27E-SegmentedRaftLogWorker] INFO  segmented.SegmentedRaftLogWorker (SegmentedRaftLogWorker.java:run(327)) - ea0eae10-41b3-4db6-9afe-6a980641cba9@group-6ADC6040D27E-SegmentedRaftLogWorker was interrupted, exiting. There are 0 tasks remaining in the queue.
2021-05-22 19:12:45,135 [77d60ed4-b7ae-47d8-b664-0086abc1b028@group-CEE3C7E3D797-StateMachineUpdater] INFO  ratis.ContainerStateMachine (ContainerStateMachine.java:takeSnapshot(303)) - group-CEE3C7E3D797: Finished taking a snapshot at:(t:1, i:0) file:/github/workspace/mnt/ozone/hadoop-ozone/integration-test/target/test-dir/MiniOzoneClusterImpl-5713c1a7-fb90-4566-9593-6537b218274a/datanode-1/data/ratis/12abcdc4-f25a-4b3b-81bf-cee3c7e3d797/sm/snapshot.1_0 took: 1 ms
2021-05-22 19:12:45,135 [77d60ed4-b7ae-47d8-b664-0086abc1b028@group-CEE3C7E3D797-StateMachineUpdater] INFO  impl.StateMachineUpdater (StateMachineUpdater.java:takeSnapshot(281)) - 77d60ed4-b7ae-47d8-b664-0086abc1b028@group-CEE3C7E3D797-StateMachineUpdater: Took a snapshot at index 0
2021-05-22 19:12:45,135 [77d60ed4-b7ae-47d8-b664-0086abc1b028@group-CEE3C7E3D797-StateMachineUpdater] INFO  impl.StateMachineUpdater (StateMachineUpdater.java:lambda$new$0(89)) - 77d60ed4-b7ae-47d8-b664-0086abc1b028@group-CEE3C7E3D797-StateMachineUpdater: snapshotIndex: updateIncreasingly -1 -> 0
2021-05-22 19:12:45,135 [77d60ed4-b7ae-47d8-b664-0086abc1b028@group-CEE3C7E3D797-StateMachineUpdater] INFO  metrics.RatisMetrics (RatisMetrics.java:unregister(43)) - Unregistering Metrics Registry : ratis.state_machine.77d60ed4-b7ae-47d8-b664-0086abc1b028@group-CEE3C7E3D797
2021-05-22 19:12:45,136 [ForkJoinPool.commonPool-worker-1] INFO  segmented.SegmentedRaftLogWorker (SegmentedRaftLogWorker.java:close(237)) - ea0eae10-41b3-4db6-9afe-6a980641cba9@group-6ADC6040D27E-SegmentedRaftLogWorker close()
2021-05-22 19:12:45,136 [Listener at 127.0.0.1/13280] INFO  server.RaftServer$Division (ServerState.java:close(405)) - 77d60ed4-b7ae-47d8-b664-0086abc1b028@group-CEE3C7E3D797: closes. applyIndex: 0
2021-05-22 19:12:45,137 [ForkJoinPool.commonPool-worker-1] INFO  metrics.RatisMetrics (RatisMetrics.java:unregister(43)) - Unregistering Metrics Registry : ratis.log_worker.ea0eae10-41b3-4db6-9afe-6a980641cba9@group-6ADC6040D27E
2021-05-22 19:12:45,137 [77d60ed4-b7ae-47d8-b664-0086abc1b028@group-CEE3C7E3D797-SegmentedRaftLogWorker] INFO  segmented.SegmentedRaftLogWorker (SegmentedRaftLogWorker.java:run(327)) - 77d60ed4-b7ae-47d8-b664-0086abc1b028@group-CEE3C7E3D797-SegmentedRaftLogWorker was interrupted, exiting. There are 0 tasks remaining in the queue.
2021-05-22 19:12:45,139 [Listener at 127.0.0.1/13280] INFO  segmented.SegmentedRaftLogWorker (SegmentedRaftLogWorker.java:close(237)) - 77d60ed4-b7ae-47d8-b664-0086abc1b028@group-CEE3C7E3D797-SegmentedRaftLogWorker close()
2021-05-22 19:12:45,139 [ForkJoinPool.commonPool-worker-1] INFO  metrics.RatisMetrics (RatisMetrics.java:unregister(43)) - Unregistering Metrics Registry : ratis.leader_election.ea0eae10-41b3-4db6-9afe-6a980641cba9@group-6ADC6040D27E
2021-05-22 19:12:45,144 [ForkJoinPool.commonPool-worker-1] INFO  metrics.RatisMetrics (RatisMetrics.java:unregister(43)) - Unregistering Metrics Registry : ratis.server.ea0eae10-41b3-4db6-9afe-6a980641cba9@group-6ADC6040D27E
2021-05-22 19:12:45,144 [ForkJoinPool.commonPool-worker-1] INFO  server.RaftServer$Division (RaftServerImpl.java:lambda$close$4(406)) - ea0eae10-41b3-4db6-9afe-6a980641cba9@group-CEE3C7E3D797: shutdown
2021-05-22 19:12:45,144 [ForkJoinPool.commonPool-worker-1] INFO  util.JmxRegister (JmxRegister.java:unregister(73)) - Successfully un-registered JMX Bean with object name Ratis:service=RaftServer,group=group-CEE3C7E3D797,id=ea0eae10-41b3-4db6-9afe-6a980641cba9
2021-05-22 19:12:45,144 [ForkJoinPool.commonPool-worker-1] INFO  impl.RoleInfo (RoleInfo.java:shutdownLeaderState(91)) - ea0eae10-41b3-4db6-9afe-6a980641cba9: shutdown ea0eae10-41b3-4db6-9afe-6a980641cba9@group-CEE3C7E3D797-LeaderStateImpl
2021-05-22 19:12:45,145 [ForkJoinPool.commonPool-worker-1] INFO  metrics.RatisMetrics (RatisMetrics.java:unregister(43)) - Unregistering Metrics Registry : ratis_grpc.log_appender.ea0eae10-41b3-4db6-9afe-6a980641cba9@group-CEE3C7E3D797
2021-05-22 19:12:45,140 [Listener at 127.0.0.1/13280] INFO  metrics.RatisMetrics (RatisMetrics.java:unregister(43)) - Unregistering Metrics Registry : ratis.log_worker.77d60ed4-b7ae-47d8-b664-0086abc1b028@group-CEE3C7E3D797
2021-05-22 19:12:45,145 [ForkJoinPool.commonPool-worker-1] INFO  metrics.RatisMetrics (RatisMetrics.java:unregister(43)) - Unregistering Metrics Registry : ratis_grpc.log_appender.ea0eae10-41b3-4db6-9afe-6a980641cba9@group-CEE3C7E3D797
2021-05-22 19:12:45,145 [ea0eae10-41b3-4db6-9afe-6a980641cba9@group-CEE3C7E3D797->77d60ed4-b7ae-47d8-b664-0086abc1b028-GrpcLogAppender-LogAppenderDaemon] WARN  server.GrpcLogAppender (GrpcLogAppender.java:mayWait(175)) - ea0eae10-41b3-4db6-9afe-6a980641cba9@group-CEE3C7E3D797->77d60ed4-b7ae-47d8-b664-0086abc1b028-GrpcLogAppender: Wait interrupted by java.lang.InterruptedException
2021-05-22 19:12:45,145 [Listener at 127.0.0.1/13280] INFO  metrics.RatisMetrics (RatisMetrics.java:unregister(43)) - Unregistering Metrics Registry : ratis.leader_election.77d60ed4-b7ae-47d8-b664-0086abc1b028@group-CEE3C7E3D797
2021-05-22 19:12:45,146 [Listener at 127.0.0.1/13280] INFO  metrics.RatisMetrics (RatisMetrics.java:unregister(43)) - Unregistering Metrics Registry : ratis.server.77d60ed4-b7ae-47d8-b664-0086abc1b028@group-CEE3C7E3D797
2021-05-22 19:12:45,146 [Listener at 127.0.0.1/13280] INFO  server.RaftServer$Division (RaftServerImpl.java:lambda$close$4(406)) - 77d60ed4-b7ae-47d8-b664-0086abc1b028@group-2B2C58C028BE: shutdown
2021-05-22 19:12:45,147 [Listener at 127.0.0.1/13280] INFO  util.JmxRegister (JmxRegister.java:unregister(73)) - Successfully un-registered JMX Bean with object name Ratis:service=RaftServer,group=group-2B2C58C028BE,id=77d60ed4-b7ae-47d8-b664-0086abc1b028
2021-05-22 19:12:45,147 [Listener at 127.0.0.1/13280] INFO  impl.RoleInfo (RoleInfo.java:shutdownLeaderState(91)) - 77d60ed4-b7ae-47d8-b664-0086abc1b028: shutdown 77d60ed4-b7ae-47d8-b664-0086abc1b028@group-2B2C58C028BE-LeaderStateImpl
2021-05-22 19:12:45,146 [ForkJoinPool.commonPool-worker-1] INFO  impl.PendingRequests (PendingRequests.java:sendNotLeaderResponses(249)) - ea0eae10-41b3-4db6-9afe-6a980641cba9@group-CEE3C7E3D797-PendingRequests: sendNotLeaderResponses
2021-05-22 19:12:45,146 [ea0eae10-41b3-4db6-9afe-6a980641cba9@group-CEE3C7E3D797->37ad4b1d-96aa-49b2-b7c2-5ba74b6ff263-GrpcLogAppender-LogAppenderDaemon] WARN  server.GrpcLogAppender (GrpcLogAppender.java:mayWait(175)) - ea0eae10-41b3-4db6-9afe-6a980641cba9@group-CEE3C7E3D797->37ad4b1d-96aa-49b2-b7c2-5ba74b6ff263-GrpcLogAppender: Wait interrupted by java.lang.InterruptedException
2021-05-22 19:12:45,146 [grpc-default-executor-6] INFO  server.GrpcServerProtocolService (GrpcServerProtocolService.java:onCompleted(140)) - 77d60ed4-b7ae-47d8-b664-0086abc1b028: Completed APPEND_ENTRIES, lastRequest: ea0eae10-41b3-4db6-9afe-6a980641cba9->77d60ed4-b7ae-47d8-b664-0086abc1b028#1-t1,previous=(t:0, i:0),leaderCommit=-1,initializing? true,entries: size=1, first=(t:1, i:0), CONFIGURATIONENTRY
2021-05-22 19:12:45,147 [Listener at 127.0.0.1/13280] INFO  impl.PendingRequests (PendingRequests.java:sendNotLeaderResponses(249)) - 77d60ed4-b7ae-47d8-b664-0086abc1b028@group-2B2C58C028BE-PendingRequests: sendNotLeaderResponses
2021-05-22 19:12:45,149 [ForkJoinPool.commonPool-worker-1] INFO  metrics.RatisMetrics (RatisMetrics.java:unregister(43)) - Unregistering Metrics Registry : ratis.log_appender.ea0eae10-41b3-4db6-9afe-6a980641cba9@group-CEE3C7E3D797
2021-05-22 19:12:45,149 [grpc-default-executor-2] INFO  server.GrpcLogAppender (GrpcLogAppender.java:onCompleted(344)) - ea0eae10-41b3-4db6-9afe-6a980641cba9@group-CEE3C7E3D797->77d60ed4-b7ae-47d8-b664-0086abc1b028-AppendLogResponseHandler: follower responses appendEntries COMPLETED
2021-05-22 19:12:45,149 [grpc-default-executor-3] INFO  server.GrpcServerProtocolService (GrpcServerProtocolService.java:onCompleted(140)) - 37ad4b1d-96aa-49b2-b7c2-5ba74b6ff263: Completed APPEND_ENTRIES, lastRequest: ea0eae10-41b3-4db6-9afe-6a980641cba9->37ad4b1d-96aa-49b2-b7c2-5ba74b6ff263#1-t1,previous=(t:0, i:0),leaderCommit=-1,initializing? true,entries: size=1, first=(t:1, i:0), CONFIGURATIONENTRY
2021-05-22 19:12:45,150 [ForkJoinPool.commonPool-worker-1] INFO  metrics.RatisMetrics (RatisMetrics.java:unregister(43)) - Unregistering Metrics Registry : ratis.server.ea0eae10-41b3-4db6-9afe-6a980641cba9@group-CEE3C7E3D797
2021-05-22 19:12:45,150 [grpc-default-executor-2] INFO  leader.FollowerInfo (FollowerInfoImpl.java:lambda$new$0(46)) - ea0eae10-41b3-4db6-9afe-6a980641cba9@group-CEE3C7E3D797->77d60ed4-b7ae-47d8-b664-0086abc1b028: nextIndex: updateUnconditionally 1 -> 0
2021-05-22 19:12:45,150 [grpc-default-executor-2] INFO  server.GrpcLogAppender (GrpcLogAppender.java:onCompleted(344)) - ea0eae10-41b3-4db6-9afe-6a980641cba9@group-CEE3C7E3D797->37ad4b1d-96aa-49b2-b7c2-5ba74b6ff263-AppendLogResponseHandler: follower responses appendEntries COMPLETED
2021-05-22 19:12:45,150 [grpc-default-executor-2] INFO  leader.FollowerInfo (FollowerInfoImpl.java:lambda$new$0(46)) - ea0eae10-41b3-4db6-9afe-6a980641cba9@group-CEE3C7E3D797->37ad4b1d-96aa-49b2-b7c2-5ba74b6ff263: nextIndex: updateUnconditionally 1 -> 0
2021-05-22 19:12:45,149 [Listener at 127.0.0.1/13280] INFO  metrics.RatisMetrics (RatisMetrics.java:unregister(43)) - Unregistering Metrics Registry : ratis.log_appender.77d60ed4-b7ae-47d8-b664-0086abc1b028@group-2B2C58C028BE
2021-05-22 19:12:45,151 [ForkJoinPool.commonPool-worker-1] INFO  impl.StateMachineUpdater (StateMachineUpdater.java:stopAndJoin(149)) - ea0eae10-41b3-4db6-9afe-6a980641cba9@group-CEE3C7E3D797-StateMachineUpdater: set stopIndex = 0
2021-05-22 19:12:45,151 [ea0eae10-41b3-4db6-9afe-6a980641cba9@group-CEE3C7E3D797-StateMachineUpdater] INFO  ratis.ContainerStateMachine (ContainerStateMachine.java:takeSnapshot(292)) - group-CEE3C7E3D797: Taking a snapshot at:(t:1, i:0) file /github/workspace/mnt/ozone/hadoop-ozone/integration-test/target/test-dir/MiniOzoneClusterImpl-5713c1a7-fb90-4566-9593-6537b218274a/datanode-0/data/ratis/12abcdc4-f25a-4b3b-81bf-cee3c7e3d797/sm/snapshot.1_0
2021-05-22 19:12:45,151 [Listener at 127.0.0.1/13280] INFO  metrics.RatisMetrics (RatisMetrics.java:unregister(43)) - Unregistering Metrics Registry : ratis.server.77d60ed4-b7ae-47d8-b664-0086abc1b028@group-2B2C58C028BE
2021-05-22 19:12:45,152 [ea0eae10-41b3-4db6-9afe-6a980641cba9@group-CEE3C7E3D797-StateMachineUpdater] INFO  ratis.ContainerStateMachine (ContainerStateMachine.java:takeSnapshot(303)) - group-CEE3C7E3D797: Finished taking a snapshot at:(t:1, i:0) file:/github/workspace/mnt/ozone/hadoop-ozone/integration-test/target/test-dir/MiniOzoneClusterImpl-5713c1a7-fb90-4566-9593-6537b218274a/datanode-0/data/ratis/12abcdc4-f25a-4b3b-81bf-cee3c7e3d797/sm/snapshot.1_0 took: 1 ms
2021-05-22 19:12:45,152 [Listener at 127.0.0.1/13280] INFO  impl.StateMachineUpdater (StateMachineUpdater.java:stopAndJoin(149)) - 77d60ed4-b7ae-47d8-b664-0086abc1b028@group-2B2C58C028BE-StateMachineUpdater: set stopIndex = 0
2021-05-22 19:12:45,152 [77d60ed4-b7ae-47d8-b664-0086abc1b028@group-2B2C58C028BE-StateMachineUpdater] INFO  ratis.ContainerStateMachine (ContainerStateMachine.java:takeSnapshot(292)) - group-2B2C58C028BE: Taking a snapshot at:(t:1, i:0) file /github/workspace/mnt/ozone/hadoop-ozone/integration-test/target/test-dir/MiniOzoneClusterImpl-5713c1a7-fb90-4566-9593-6537b218274a/datanode-1/data/ratis/96d8c211-85d2-45da-85db-2b2c58c028be/sm/snapshot.1_0
2021-05-22 19:12:45,152 [ea0eae10-41b3-4db6-9afe-6a980641cba9@group-CEE3C7E3D797-StateMachineUpdater] INFO  impl.StateMachineUpdater (StateMachineUpdater.java:takeSnapshot(281)) - ea0eae10-41b3-4db6-9afe-6a980641cba9@group-CEE3C7E3D797-StateMachineUpdater: Took a snapshot at index 0
2021-05-22 19:12:45,152 [ea0eae10-41b3-4db6-9afe-6a980641cba9@group-CEE3C7E3D797-StateMachineUpdater] INFO  impl.StateMachineUpdater (StateMachineUpdater.java:lambda$new$0(89)) - ea0eae10-41b3-4db6-9afe-6a980641cba9@group-CEE3C7E3D797-StateMachineUpdater: snapshotIndex: updateIncreasingly -1 -> 0
2021-05-22 19:12:45,153 [ea0eae10-41b3-4db6-9afe-6a980641cba9@group-CEE3C7E3D797-StateMachineUpdater] INFO  metrics.RatisMetrics (RatisMetrics.java:unregister(43)) - Unregistering Metrics Registry : ratis.state_machine.ea0eae10-41b3-4db6-9afe-6a980641cba9@group-CEE3C7E3D797
2021-05-22 19:12:45,153 [ForkJoinPool.commonPool-worker-1] INFO  server.RaftServer$Division (ServerState.java:close(405)) - ea0eae10-41b3-4db6-9afe-6a980641cba9@group-CEE3C7E3D797: closes. applyIndex: 0
2021-05-22 19:12:45,153 [ea0eae10-41b3-4db6-9afe-6a980641cba9@group-CEE3C7E3D797-SegmentedRaftLogWorker] INFO  segmented.SegmentedRaftLogWorker (SegmentedRaftLogWorker.java:run(327)) - ea0eae10-41b3-4db6-9afe-6a980641cba9@group-CEE3C7E3D797-SegmentedRaftLogWorker was interrupted, exiting. There are 0 tasks remaining in the queue.
2021-05-22 19:12:45,154 [77d60ed4-b7ae-47d8-b664-0086abc1b028@group-2B2C58C028BE-StateMachineUpdater] INFO  ratis.ContainerStateMachine (ContainerStateMachine.java:takeSnapshot(303)) - group-2B2C58C028BE: Finished taking a snapshot at:(t:1, i:0) file:/github/workspace/mnt/ozone/hadoop-ozone/integration-test/target/test-dir/MiniOzoneClusterImpl-5713c1a7-fb90-4566-9593-6537b218274a/datanode-1/data/ratis/96d8c211-85d2-45da-85db-2b2c58c028be/sm/snapshot.1_0 took: 2 ms
2021-05-22 19:12:45,154 [77d60ed4-b7ae-47d8-b664-0086abc1b028@group-2B2C58C028BE-StateMachineUpdater] INFO  impl.StateMachineUpdater (StateMachineUpdater.java:takeSnapshot(281)) - 77d60ed4-b7ae-47d8-b664-0086abc1b028@group-2B2C58C028BE-StateMachineUpdater: Took a snapshot at index 0
2021-05-22 19:12:45,154 [77d60ed4-b7ae-47d8-b664-0086abc1b028@group-2B2C58C028BE-StateMachineUpdater] INFO  impl.StateMachineUpdater (StateMachineUpdater.java:lambda$new$0(89)) - 77d60ed4-b7ae-47d8-b664-0086abc1b028@group-2B2C58C028BE-StateMachineUpdater: snapshotIndex: updateIncreasingly -1 -> 0
2021-05-22 19:12:45,154 [77d60ed4-b7ae-47d8-b664-0086abc1b028@group-2B2C58C028BE-StateMachineUpdater] INFO  metrics.RatisMetrics (RatisMetrics.java:unregister(43)) - Unregistering Metrics Registry : ratis.state_machine.77d60ed4-b7ae-47d8-b664-0086abc1b028@group-2B2C58C028BE
2021-05-22 19:12:45,155 [ForkJoinPool.commonPool-worker-1] INFO  segmented.SegmentedRaftLogWorker (SegmentedRaftLogWorker.java:close(237)) - ea0eae10-41b3-4db6-9afe-6a980641cba9@group-CEE3C7E3D797-SegmentedRaftLogWorker close()
2021-05-22 19:12:45,155 [Listener at 127.0.0.1/13280] INFO  server.RaftServer$Division (ServerState.java:close(405)) - 77d60ed4-b7ae-47d8-b664-0086abc1b028@group-2B2C58C028BE: closes. applyIndex: 0
2021-05-22 19:12:45,156 [ForkJoinPool.commonPool-worker-1] INFO  metrics.RatisMetrics (RatisMetrics.java:unregister(43)) - Unregistering Metrics Registry : ratis.log_worker.ea0eae10-41b3-4db6-9afe-6a980641cba9@group-CEE3C7E3D797
2021-05-22 19:12:45,157 [ForkJoinPool.commonPool-worker-1] INFO  metrics.RatisMetrics (RatisMetrics.java:unregister(43)) - Unregistering Metrics Registry : ratis.leader_election.ea0eae10-41b3-4db6-9afe-6a980641cba9@group-CEE3C7E3D797
2021-05-22 19:12:45,157 [ForkJoinPool.commonPool-worker-1] INFO  metrics.RatisMetrics (RatisMetrics.java:unregister(43)) - Unregistering Metrics Registry : ratis.server.ea0eae10-41b3-4db6-9afe-6a980641cba9@group-CEE3C7E3D797
2021-05-22 19:12:45,157 [ForkJoinPool.commonPool-worker-1] INFO  server.GrpcService (GrpcService.java:closeImpl(262)) - ea0eae10-41b3-4db6-9afe-6a980641cba9: shutdown server with port 38377 now
2021-05-22 19:12:45,158 [77d60ed4-b7ae-47d8-b664-0086abc1b028@group-2B2C58C028BE-SegmentedRaftLogWorker] INFO  segmented.SegmentedRaftLogWorker (SegmentedRaftLogWorker.java:run(327)) - 77d60ed4-b7ae-47d8-b664-0086abc1b028@group-2B2C58C028BE-SegmentedRaftLogWorker was interrupted, exiting. There are 0 tasks remaining in the queue.
2021-05-22 19:12:45,158 [Listener at 127.0.0.1/13280] INFO  segmented.SegmentedRaftLogWorker (SegmentedRaftLogWorker.java:close(237)) - 77d60ed4-b7ae-47d8-b664-0086abc1b028@group-2B2C58C028BE-SegmentedRaftLogWorker close()
2021-05-22 19:12:45,159 [grpc-default-executor-2] WARN  server.GrpcServerProtocolService (LogUtils.java:warn(122)) - ea0eae10-41b3-4db6-9afe-6a980641cba9: installSnapshot onError, lastRequest: 37ad4b1d-96aa-49b2-b7c2-5ba74b6ff263->ea0eae10-41b3-4db6-9afe-6a980641cba9#1-t3,previous=(t:0, i:0),leaderCommit=-1,initializing? true,entries: size=1, first=(t:3, i:0), CONFIGURATIONENTRY: org.apache.ratis.thirdparty.io.grpc.StatusRuntimeException: CANCELLED: client cancelled
2021-05-22 19:12:45,160 [grpc-default-executor-3] WARN  server.GrpcLogAppender (LogUtils.java:warn(122)) - 37ad4b1d-96aa-49b2-b7c2-5ba74b6ff263@group-548F0586065B->ea0eae10-41b3-4db6-9afe-6a980641cba9-AppendLogResponseHandler: Failed appendEntries: org.apache.ratis.thirdparty.io.grpc.StatusRuntimeException: CANCELLED: HTTP/2 error code: CANCEL
Received Rst Stream
2021-05-22 19:12:45,160 [grpc-default-executor-3] WARN  server.GrpcLogAppender (GrpcLogAppender.java:resetClient(111)) - 37ad4b1d-96aa-49b2-b7c2-5ba74b6ff263@group-548F0586065B->ea0eae10-41b3-4db6-9afe-6a980641cba9-GrpcLogAppender: Leader has not got in touch with Follower 37ad4b1d-96aa-49b2-b7c2-5ba74b6ff263@group-548F0586065B->ea0eae10-41b3-4db6-9afe-6a980641cba9(c0,m0,n1, attendVote=true, lastRpcSendTime=1779, lastRpcResponseTime=1777) yet, just keep nextIndex unchanged and retry.
2021-05-22 19:12:45,161 [Listener at 127.0.0.1/13280] INFO  metrics.RatisMetrics (RatisMetrics.java:unregister(43)) - Unregistering Metrics Registry : ratis.log_worker.77d60ed4-b7ae-47d8-b664-0086abc1b028@group-2B2C58C028BE
2021-05-22 19:12:45,162 [Listener at 127.0.0.1/13280] INFO  metrics.RatisMetrics (RatisMetrics.java:unregister(43)) - Unregistering Metrics Registry : ratis.leader_election.77d60ed4-b7ae-47d8-b664-0086abc1b028@group-2B2C58C028BE
2021-05-22 19:12:45,163 [Listener at 127.0.0.1/13280] INFO  metrics.RatisMetrics (RatisMetrics.java:unregister(43)) - Unregistering Metrics Registry : ratis.server.77d60ed4-b7ae-47d8-b664-0086abc1b028@group-2B2C58C028BE
2021-05-22 19:12:45,172 [Listener at 127.0.0.1/13280] INFO  server.GrpcService (GrpcService.java:closeImpl(262)) - 77d60ed4-b7ae-47d8-b664-0086abc1b028: shutdown server with port 42583 now
2021-05-22 19:12:45,176 [ForkJoinPool.commonPool-worker-1] INFO  server.GrpcService (GrpcService.java:closeImpl(271)) - ea0eae10-41b3-4db6-9afe-6a980641cba9: shutdown server with port 38377 successfully
2021-05-22 19:12:45,176 [org.apache.ratis.util.JvmPauseMonitor$$Lambda$484/882706486@6363071c] INFO  util.JvmPauseMonitor (JvmPauseMonitor.java:run(109)) - JvmPauseMonitor-ea0eae10-41b3-4db6-9afe-6a980641cba9: Stopped
2021-05-22 19:12:45,177 [grpc-default-executor-3] WARN  server.GrpcServerProtocolService (LogUtils.java:warn(122)) - 77d60ed4-b7ae-47d8-b664-0086abc1b028: installSnapshot onError, lastRequest: 37ad4b1d-96aa-49b2-b7c2-5ba74b6ff263->77d60ed4-b7ae-47d8-b664-0086abc1b028#1-t3,previous=(t:0, i:0),leaderCommit=-1,initializing? true,entries: size=1, first=(t:3, i:0), CONFIGURATIONENTRY: org.apache.ratis.thirdparty.io.grpc.StatusRuntimeException: CANCELLED: client cancelled
2021-05-22 19:12:45,177 [grpc-default-executor-2] WARN  server.GrpcLogAppender (LogUtils.java:warn(122)) - 37ad4b1d-96aa-49b2-b7c2-5ba74b6ff263@group-548F0586065B->77d60ed4-b7ae-47d8-b664-0086abc1b028-AppendLogResponseHandler: Failed appendEntries: org.apache.ratis.thirdparty.io.grpc.StatusRuntimeException: CANCELLED: HTTP/2 error code: CANCEL
Received Rst Stream
2021-05-22 19:12:45,178 [grpc-default-executor-2] WARN  server.GrpcLogAppender (GrpcLogAppender.java:resetClient(111)) - 37ad4b1d-96aa-49b2-b7c2-5ba74b6ff263@group-548F0586065B->77d60ed4-b7ae-47d8-b664-0086abc1b028-GrpcLogAppender: Leader has not got in touch with Follower 37ad4b1d-96aa-49b2-b7c2-5ba74b6ff263@group-548F0586065B->77d60ed4-b7ae-47d8-b664-0086abc1b028(c0,m0,n1, attendVote=true, lastRpcSendTime=1825, lastRpcResponseTime=1823) yet, just keep nextIndex unchanged and retry.
2021-05-22 19:12:45,208 [Listener at 127.0.0.1/13280] INFO  server.GrpcService (GrpcService.java:closeImpl(271)) - 77d60ed4-b7ae-47d8-b664-0086abc1b028: shutdown server with port 42583 successfully
2021-05-22 19:12:45,209 [org.apache.ratis.util.JvmPauseMonitor$$Lambda$484/882706486@7d4945e6] INFO  util.JvmPauseMonitor (JvmPauseMonitor.java:run(109)) - JvmPauseMonitor-77d60ed4-b7ae-47d8-b664-0086abc1b028: Stopped
2021-05-22 19:12:45,210 [Listener at 127.0.0.1/13280] INFO  utils.BackgroundService (BackgroundService.java:shutdown(132)) - Shutting down service BlockDeletingService
2021-05-22 19:12:45,220 [ForkJoinPool.commonPool-worker-1] INFO  utils.BackgroundService (BackgroundService.java:shutdown(132)) - Shutting down service BlockDeletingService
2021-05-22 19:12:45,224 [Listener at 127.0.0.1/13280] INFO  statemachine.DatanodeStateMachine (DatanodeStateMachine.java:stopDaemon(469)) - Ozone container server stopped.
2021-05-22 19:12:45,231 [ForkJoinPool.commonPool-worker-1] INFO  statemachine.DatanodeStateMachine (DatanodeStateMachine.java:stopDaemon(469)) - Ozone container server stopped.
2021-05-22 19:12:45,260 [Listener at 127.0.0.1/13280] INFO  handler.ContextHandler (ContextHandler.java:doStop(1154)) - Stopped o.e.j.w.WebAppContext@3b0305dd{hddsDatanode,/,null,STOPPED}{jar:file:/home/user/.m2/repository/org/apache/hadoop/hadoop-hdds-container-service/1.2.0-SNAPSHOT/hadoop-hdds-container-service-1.2.0-SNAPSHOT.jar!/webapps/hddsDatanode}
2021-05-22 19:12:45,262 [Listener at 127.0.0.1/13280] INFO  server.AbstractConnector (AbstractConnector.java:doStop(381)) - Stopped ServerConnector@5bf963a{HTTP/1.1, (http/1.1)}{0.0.0.0:0}
2021-05-22 19:12:45,265 [EndpointStateMachine task thread for /127.0.0.1:12401 - 0 ] INFO  ipc.Client (Client.java:handleConnectionFailure(966)) - Retrying connect to server: localhost/127.0.0.1:12401. Already tried 3 time(s); retry policy is RetryUpToMaximumCountWithFixedSleep(maxRetries=15, sleepTime=1000 MILLISECONDS)
2021-05-22 19:12:45,276 [Listener at 127.0.0.1/13280] INFO  server.session (HouseKeeper.java:stopScavenging(149)) - node0 Stopped scavenging
2021-05-22 19:12:45,287 [Listener at 127.0.0.1/13280] INFO  handler.ContextHandler (ContextHandler.java:doStop(1154)) - Stopped o.e.j.s.ServletContextHandler@11caa21d{static,/static,jar:file:/home/user/.m2/repository/org/apache/hadoop/hadoop-hdds-container-service/1.2.0-SNAPSHOT/hadoop-hdds-container-service-1.2.0-SNAPSHOT.jar!/webapps/static,STOPPED}
2021-05-22 19:12:45,276 [ForkJoinPool.commonPool-worker-1] INFO  handler.ContextHandler (ContextHandler.java:doStop(1154)) - Stopped o.e.j.w.WebAppContext@9eaaecf{hddsDatanode,/,null,STOPPED}{jar:file:/home/user/.m2/repository/org/apache/hadoop/hadoop-hdds-container-service/1.2.0-SNAPSHOT/hadoop-hdds-container-service-1.2.0-SNAPSHOT.jar!/webapps/hddsDatanode}
2021-05-22 19:12:45,294 [Listener at 127.0.0.1/13280] INFO  handler.ContextHandler (ContextHandler.java:doStop(1154)) - Stopped o.e.j.s.ServletContextHandler@67710b92{logs,/logs,file:///github/workspace/mnt/ozone/hadoop-ozone/integration-test/target/log,STOPPED}
2021-05-22 19:12:45,294 [ForkJoinPool.commonPool-worker-1] INFO  server.AbstractConnector (AbstractConnector.java:doStop(381)) - Stopped ServerConnector@28815100{HTTP/1.1, (http/1.1)}{0.0.0.0:0}
2021-05-22 19:12:45,338 [EndpointStateMachine task thread for /127.0.0.1:12391 - 0 ] INFO  ipc.Client (Client.java:handleConnectionFailure(966)) - Retrying connect to server: localhost/127.0.0.1:12391. Already tried 5 time(s); retry policy is RetryUpToMaximumCountWithFixedSleep(maxRetries=15, sleepTime=1000 MILLISECONDS)
2021-05-22 19:12:45,338 [EndpointStateMachine task thread for /127.0.0.1:12381 - 0 ] INFO  ipc.Client (Client.java:handleConnectionFailure(966)) - Retrying connect to server: localhost/127.0.0.1:12381. Already tried 5 time(s); retry policy is RetryUpToMaximumCountWithFixedSleep(maxRetries=15, sleepTime=1000 MILLISECONDS)
2021-05-22 19:12:45,320 [ForkJoinPool.commonPool-worker-1] INFO  server.session (HouseKeeper.java:stopScavenging(149)) - node0 Stopped scavenging
2021-05-22 19:12:45,344 [ForkJoinPool.commonPool-worker-1] INFO  handler.ContextHandler (ContextHandler.java:doStop(1154)) - Stopped o.e.j.s.ServletContextHandler@f53070c{static,/static,jar:file:/home/user/.m2/repository/org/apache/hadoop/hadoop-hdds-container-service/1.2.0-SNAPSHOT/hadoop-hdds-container-service-1.2.0-SNAPSHOT.jar!/webapps/static,STOPPED}
2021-05-22 19:12:45,345 [ForkJoinPool.commonPool-worker-1] INFO  handler.ContextHandler (ContextHandler.java:doStop(1154)) - Stopped o.e.j.s.ServletContextHandler@4b33b5b0{logs,/logs,file:///github/workspace/mnt/ozone/hadoop-ozone/integration-test/target/log,STOPPED}
2021-05-22 19:12:45,881 [grpc-default-executor-2] WARN  server.GrpcLogAppender (LogUtils.java:warn(122)) - 37ad4b1d-96aa-49b2-b7c2-5ba74b6ff263@group-548F0586065B->77d60ed4-b7ae-47d8-b664-0086abc1b028-AppendLogResponseHandler: Failed appendEntries: org.apache.ratis.thirdparty.io.grpc.StatusRuntimeException: UNAVAILABLE: io exception
2021-05-22 19:12:45,882 [grpc-default-executor-2] WARN  server.GrpcLogAppender (GrpcLogAppender.java:resetClient(111)) - 37ad4b1d-96aa-49b2-b7c2-5ba74b6ff263@group-548F0586065B->77d60ed4-b7ae-47d8-b664-0086abc1b028-GrpcLogAppender: Leader has not got in touch with Follower 37ad4b1d-96aa-49b2-b7c2-5ba74b6ff263@group-548F0586065B->77d60ed4-b7ae-47d8-b664-0086abc1b028(c0,m0,n1, attendVote=true, lastRpcSendTime=19, lastRpcResponseTime=2527) yet, just keep nextIndex unchanged and retry.
2021-05-22 19:12:45,889 [grpc-default-executor-2] WARN  server.GrpcLogAppender (LogUtils.java:warn(122)) - 37ad4b1d-96aa-49b2-b7c2-5ba74b6ff263@group-548F0586065B->ea0eae10-41b3-4db6-9afe-6a980641cba9-AppendLogResponseHandler: Failed appendEntries: org.apache.ratis.thirdparty.io.grpc.StatusRuntimeException: UNAVAILABLE: io exception
2021-05-22 19:12:45,889 [grpc-default-executor-2] WARN  server.GrpcLogAppender (GrpcLogAppender.java:resetClient(111)) - 37ad4b1d-96aa-49b2-b7c2-5ba74b6ff263@group-548F0586065B->ea0eae10-41b3-4db6-9afe-6a980641cba9-GrpcLogAppender: Leader has not got in touch with Follower 37ad4b1d-96aa-49b2-b7c2-5ba74b6ff263@group-548F0586065B->ea0eae10-41b3-4db6-9afe-6a980641cba9(c0,m0,n1, attendVote=true, lastRpcSendTime=2, lastRpcResponseTime=2505) yet, just keep nextIndex unchanged and retry.
2021-05-22 19:12:46,265 [Datanode State Machine Thread - 0] WARN  statemachine.StateContext (StateContext.java:setState(217)) - Ignore disallowed transition from SHUTDOWN to RUNNING
2021-05-22 19:12:46,265 [Datanode State Machine Thread - 0] INFO  statemachine.DatanodeStateMachine (DatanodeStateMachine.java:lambda$startDaemon$0(411)) - Ozone container server started.
2021-05-22 19:12:46,287 [EndpointStateMachine task thread for /127.0.0.1:12401 - 0 ] INFO  ipc.Client (Client.java:handleConnectionFailure(966)) - Retrying connect to server: localhost/127.0.0.1:12401. Already tried 4 time(s); retry policy is RetryUpToMaximumCountWithFixedSleep(maxRetries=15, sleepTime=1000 MILLISECONDS)
2021-05-22 19:12:46,339 [EndpointStateMachine task thread for /127.0.0.1:12391 - 0 ] INFO  ipc.Client (Client.java:handleConnectionFailure(966)) - Retrying connect to server: localhost/127.0.0.1:12391. Already tried 6 time(s); retry policy is RetryUpToMaximumCountWithFixedSleep(maxRetries=15, sleepTime=1000 MILLISECONDS)
2021-05-22 19:12:46,339 [EndpointStateMachine task thread for /127.0.0.1:12381 - 0 ] INFO  ipc.Client (Client.java:handleConnectionFailure(966)) - Retrying connect to server: localhost/127.0.0.1:12381. Already tried 6 time(s); retry policy is RetryUpToMaximumCountWithFixedSleep(maxRetries=15, sleepTime=1000 MILLISECONDS)
2021-05-22 19:12:47,290 [EndpointStateMachine task thread for /127.0.0.1:12401 - 0 ] INFO  ipc.Client (Client.java:handleConnectionFailure(966)) - Retrying connect to server: localhost/127.0.0.1:12401. Already tried 5 time(s); retry policy is RetryUpToMaximumCountWithFixedSleep(maxRetries=15, sleepTime=1000 MILLISECONDS)
2021-05-22 19:12:47,340 [EndpointStateMachine task thread for /127.0.0.1:12381 - 0 ] INFO  ipc.Client (Client.java:handleConnectionFailure(966)) - Retrying connect to server: localhost/127.0.0.1:12381. Already tried 7 time(s); retry policy is RetryUpToMaximumCountWithFixedSleep(maxRetries=15, sleepTime=1000 MILLISECONDS)
2021-05-22 19:12:47,340 [EndpointStateMachine task thread for /127.0.0.1:12391 - 0 ] INFO  ipc.Client (Client.java:handleConnectionFailure(966)) - Retrying connect to server: localhost/127.0.0.1:12391. Already tried 7 time(s); retry policy is RetryUpToMaximumCountWithFixedSleep(maxRetries=15, sleepTime=1000 MILLISECONDS)
2021-05-22 19:12:48,290 [EndpointStateMachine task thread for /127.0.0.1:12401 - 0 ] INFO  ipc.Client (Client.java:handleConnectionFailure(966)) - Retrying connect to server: localhost/127.0.0.1:12401. Already tried 6 time(s); retry policy is RetryUpToMaximumCountWithFixedSleep(maxRetries=15, sleepTime=1000 MILLISECONDS)
2021-05-22 19:12:48,341 [EndpointStateMachine task thread for /127.0.0.1:12381 - 0 ] INFO  ipc.Client (Client.java:handleConnectionFailure(966)) - Retrying connect to server: localhost/127.0.0.1:12381. Already tried 8 time(s); retry policy is RetryUpToMaximumCountWithFixedSleep(maxRetries=15, sleepTime=1000 MILLISECONDS)
2021-05-22 19:12:48,341 [EndpointStateMachine task thread for /127.0.0.1:12391 - 0 ] INFO  ipc.Client (Client.java:handleConnectionFailure(966)) - Retrying connect to server: localhost/127.0.0.1:12391. Already tried 8 time(s); retry policy is RetryUpToMaximumCountWithFixedSleep(maxRetries=15, sleepTime=1000 MILLISECONDS)
2021-05-22 19:12:48,370 [grpc-default-executor-2] WARN  server.GrpcLogAppender (LogUtils.java:warn(122)) - 37ad4b1d-96aa-49b2-b7c2-5ba74b6ff263@group-548F0586065B->77d60ed4-b7ae-47d8-b664-0086abc1b028-AppendLogResponseHandler: Failed appendEntries: org.apache.ratis.thirdparty.io.grpc.StatusRuntimeException: UNAVAILABLE: io exception
2021-05-22 19:12:48,371 [grpc-default-executor-2] WARN  server.GrpcLogAppender (GrpcLogAppender.java:resetClient(111)) - 37ad4b1d-96aa-49b2-b7c2-5ba74b6ff263@group-548F0586065B->77d60ed4-b7ae-47d8-b664-0086abc1b028-GrpcLogAppender: Leader has not got in touch with Follower 37ad4b1d-96aa-49b2-b7c2-5ba74b6ff263@group-548F0586065B->77d60ed4-b7ae-47d8-b664-0086abc1b028(c0,m0,n1, attendVote=true, lastRpcSendTime=0, lastRpcResponseTime=5016) yet, just keep nextIndex unchanged and retry.
2021-05-22 19:12:48,387 [grpc-default-executor-2] WARN  server.GrpcLogAppender (LogUtils.java:warn(122)) - 37ad4b1d-96aa-49b2-b7c2-5ba74b6ff263@group-548F0586065B->ea0eae10-41b3-4db6-9afe-6a980641cba9-AppendLogResponseHandler: Failed appendEntries: org.apache.ratis.thirdparty.io.grpc.StatusRuntimeException: UNAVAILABLE: io exception
2021-05-22 19:12:48,388 [grpc-default-executor-2] WARN  server.GrpcLogAppender (GrpcLogAppender.java:resetClient(111)) - 37ad4b1d-96aa-49b2-b7c2-5ba74b6ff263@group-548F0586065B->ea0eae10-41b3-4db6-9afe-6a980641cba9-GrpcLogAppender: Leader has not got in touch with Follower 37ad4b1d-96aa-49b2-b7c2-5ba74b6ff263@group-548F0586065B->ea0eae10-41b3-4db6-9afe-6a980641cba9(c0,m0,n1, attendVote=true, lastRpcSendTime=2501, lastRpcResponseTime=5004) yet, just keep nextIndex unchanged and retry.
2021-05-22 19:12:48,651 [37ad4b1d-96aa-49b2-b7c2-5ba74b6ff263@group-CEE3C7E3D797-FollowerState] INFO  impl.FollowerState (FollowerState.java:run(134)) - 37ad4b1d-96aa-49b2-b7c2-5ba74b6ff263@group-CEE3C7E3D797-FollowerState: change to CANDIDATE, lastRpcElapsedTime:5240415844ns, electionTimeout:5089ms
2021-05-22 19:12:48,651 [37ad4b1d-96aa-49b2-b7c2-5ba74b6ff263@group-CEE3C7E3D797-FollowerState] INFO  impl.RoleInfo (RoleInfo.java:shutdownFollowerState(108)) - 37ad4b1d-96aa-49b2-b7c2-5ba74b6ff263: shutdown 37ad4b1d-96aa-49b2-b7c2-5ba74b6ff263@group-CEE3C7E3D797-FollowerState
2021-05-22 19:12:48,651 [37ad4b1d-96aa-49b2-b7c2-5ba74b6ff263@group-CEE3C7E3D797-FollowerState] INFO  server.RaftServer$Division (RaftServerImpl.java:setRole(284)) - 37ad4b1d-96aa-49b2-b7c2-5ba74b6ff263@group-CEE3C7E3D797: changes role from  FOLLOWER to CANDIDATE at term 1 for changeToCandidate
2021-05-22 19:12:48,651 [37ad4b1d-96aa-49b2-b7c2-5ba74b6ff263@group-CEE3C7E3D797-FollowerState] INFO  server.RaftServerConfigKeys (ConfUtils.java:logGet(44)) - raft.server.leaderelection.pre-vote = false (custom)
2021-05-22 19:12:48,651 [37ad4b1d-96aa-49b2-b7c2-5ba74b6ff263@group-CEE3C7E3D797-FollowerState] INFO  impl.RoleInfo (RoleInfo.java:updateAndGet(130)) - 37ad4b1d-96aa-49b2-b7c2-5ba74b6ff263: start 37ad4b1d-96aa-49b2-b7c2-5ba74b6ff263@group-CEE3C7E3D797-LeaderElection11
2021-05-22 19:12:48,660 [37ad4b1d-96aa-49b2-b7c2-5ba74b6ff263@group-CEE3C7E3D797-LeaderElection11] INFO  server.RaftServer$Division (ServerState.java:setLeader(271)) - 37ad4b1d-96aa-49b2-b7c2-5ba74b6ff263@group-CEE3C7E3D797: change Leader from ea0eae10-41b3-4db6-9afe-6a980641cba9 to null at term 1 for ELECTION
2021-05-22 19:12:48,662 [37ad4b1d-96aa-49b2-b7c2-5ba74b6ff263@group-CEE3C7E3D797-LeaderElection11] INFO  impl.LeaderElection (LeaderElection.java:askForVotes(306)) - 37ad4b1d-96aa-49b2-b7c2-5ba74b6ff263@group-CEE3C7E3D797-LeaderElection11 ELECTION round 0: submit vote requests at term 2 for 0: [ea0eae10-41b3-4db6-9afe-6a980641cba9|rpc:127.0.0.1:38377|dataStream:|priority:1, 77d60ed4-b7ae-47d8-b664-0086abc1b028|rpc:127.0.0.1:42583|dataStream:|priority:0, 37ad4b1d-96aa-49b2-b7c2-5ba74b6ff263|rpc:127.0.0.1:40699|dataStream:|priority:0], old=null
2021-05-22 19:12:48,682 [37ad4b1d-96aa-49b2-b7c2-5ba74b6ff263@group-CEE3C7E3D797-LeaderElection11] INFO  impl.LeaderElection (LogUtils.java:infoOrTrace(137)) - 37ad4b1d-96aa-49b2-b7c2-5ba74b6ff263@group-CEE3C7E3D797-LeaderElection11 got exception when requesting votes: java.util.concurrent.ExecutionException: org.apache.ratis.thirdparty.io.grpc.StatusRuntimeException: UNAVAILABLE: io exception
2021-05-22 19:12:48,683 [37ad4b1d-96aa-49b2-b7c2-5ba74b6ff263@group-CEE3C7E3D797-LeaderElection11] INFO  impl.LeaderElection (LogUtils.java:infoOrTrace(137)) - 37ad4b1d-96aa-49b2-b7c2-5ba74b6ff263@group-CEE3C7E3D797-LeaderElection11 got exception when requesting votes: java.util.concurrent.ExecutionException: org.apache.ratis.thirdparty.io.grpc.StatusRuntimeException: UNAVAILABLE: io exception
2021-05-22 19:12:48,683 [37ad4b1d-96aa-49b2-b7c2-5ba74b6ff263@group-CEE3C7E3D797-LeaderElection11] INFO  impl.LeaderElection (LeaderElection.java:logAndReturn(89)) - 37ad4b1d-96aa-49b2-b7c2-5ba74b6ff263@group-CEE3C7E3D797-LeaderElection11: ELECTION REJECTED received 0 response(s) and 2 exception(s):
2021-05-22 19:12:48,683 [37ad4b1d-96aa-49b2-b7c2-5ba74b6ff263@group-CEE3C7E3D797-LeaderElection11] INFO  impl.LeaderElection (LogUtils.java:infoOrTrace(137)) -   Exception 0: java.util.concurrent.ExecutionException: org.apache.ratis.thirdparty.io.grpc.StatusRuntimeException: UNAVAILABLE: io exception
2021-05-22 19:12:48,683 [37ad4b1d-96aa-49b2-b7c2-5ba74b6ff263@group-CEE3C7E3D797-LeaderElection11] INFO  impl.LeaderElection (LogUtils.java:infoOrTrace(137)) -   Exception 1: java.util.concurrent.ExecutionException: org.apache.ratis.thirdparty.io.grpc.StatusRuntimeException: UNAVAILABLE: io exception
2021-05-22 19:12:48,683 [37ad4b1d-96aa-49b2-b7c2-5ba74b6ff263@group-CEE3C7E3D797-LeaderElection11] INFO  impl.LeaderElection (LeaderElection.java:askForVotes(308)) - 37ad4b1d-96aa-49b2-b7c2-5ba74b6ff263@group-CEE3C7E3D797-LeaderElection11 ELECTION round 0: result REJECTED
2021-05-22 19:12:48,687 [37ad4b1d-96aa-49b2-b7c2-5ba74b6ff263@group-CEE3C7E3D797-LeaderElection11] INFO  server.RaftServer$Division (RaftServerImpl.java:setRole(284)) - 37ad4b1d-96aa-49b2-b7c2-5ba74b6ff263@group-CEE3C7E3D797: changes role from CANDIDATE to FOLLOWER at term 2 for REJECTED
2021-05-22 19:12:48,687 [37ad4b1d-96aa-49b2-b7c2-5ba74b6ff263@group-CEE3C7E3D797-LeaderElection11] INFO  impl.RoleInfo (RoleInfo.java:shutdownLeaderElection(121)) - 37ad4b1d-96aa-49b2-b7c2-5ba74b6ff263: shutdown 37ad4b1d-96aa-49b2-b7c2-5ba74b6ff263@group-CEE3C7E3D797-LeaderElection11
2021-05-22 19:12:48,687 [37ad4b1d-96aa-49b2-b7c2-5ba74b6ff263@group-CEE3C7E3D797-LeaderElection11] INFO  impl.RoleInfo (RoleInfo.java:updateAndGet(130)) - 37ad4b1d-96aa-49b2-b7c2-5ba74b6ff263: start 37ad4b1d-96aa-49b2-b7c2-5ba74b6ff263@group-CEE3C7E3D797-FollowerState
2021-05-22 19:12:48,698 [37ad4b1d-96aa-49b2-b7c2-5ba74b6ff263@group-548F0586065B-LeaderStateImpl] WARN  server.RaftServer$Division (LeaderStateImpl.java:checkLeadership(944)) - 37ad4b1d-96aa-49b2-b7c2-5ba74b6ff263@group-548F0586065B-LeaderStateImpl: Lost leadership on term: 3. Election timeout: 5200ms. In charge for: 10438ms. Conf: 0: [ea0eae10-41b3-4db6-9afe-6a980641cba9|rpc:127.0.0.1:38377|dataStream:|priority:0, 77d60ed4-b7ae-47d8-b664-0086abc1b028|rpc:127.0.0.1:42583|dataStream:|priority:0, 37ad4b1d-96aa-49b2-b7c2-5ba74b6ff263|rpc:127.0.0.1:40699|dataStream:|priority:1], old=null
2021-05-22 19:12:48,699 [37ad4b1d-96aa-49b2-b7c2-5ba74b6ff263@group-548F0586065B-LeaderStateImpl] WARN  server.RaftServer$Division (LeaderStateImpl.java:lambda$checkLeadership$15(948)) - Follower 37ad4b1d-96aa-49b2-b7c2-5ba74b6ff263@group-548F0586065B->ea0eae10-41b3-4db6-9afe-6a980641cba9(c0,m0,n1, attendVote=true, lastRpcSendTime=310, lastRpcResponseTime=5316)
2021-05-22 19:12:48,699 [37ad4b1d-96aa-49b2-b7c2-5ba74b6ff263@group-548F0586065B-LeaderStateImpl] WARN  server.RaftServer$Division (LeaderStateImpl.java:lambda$checkLeadership$15(948)) - Follower 37ad4b1d-96aa-49b2-b7c2-5ba74b6ff263@group-548F0586065B->77d60ed4-b7ae-47d8-b664-0086abc1b028(c0,m0,n1, attendVote=true, lastRpcSendTime=329, lastRpcResponseTime=5345)
2021-05-22 19:12:48,699 [37ad4b1d-96aa-49b2-b7c2-5ba74b6ff263@group-548F0586065B-LeaderStateImpl] INFO  server.RaftServer$Division (RaftServerImpl.java:setRole(284)) - 37ad4b1d-96aa-49b2-b7c2-5ba74b6ff263@group-548F0586065B: changes role from    LEADER to FOLLOWER at term 3 for StepDownReason:LOST_MAJORITY_HEARTBEATS
2021-05-22 19:12:48,700 [37ad4b1d-96aa-49b2-b7c2-5ba74b6ff263@group-548F0586065B-LeaderStateImpl] INFO  impl.RoleInfo (RoleInfo.java:shutdownLeaderState(91)) - 37ad4b1d-96aa-49b2-b7c2-5ba74b6ff263: shutdown 37ad4b1d-96aa-49b2-b7c2-5ba74b6ff263@group-548F0586065B-LeaderStateImpl
2021-05-22 19:12:48,700 [37ad4b1d-96aa-49b2-b7c2-5ba74b6ff263@group-548F0586065B-LeaderStateImpl] INFO  metrics.RatisMetrics (RatisMetrics.java:unregister(43)) - Unregistering Metrics Registry : ratis_grpc.log_appender.37ad4b1d-96aa-49b2-b7c2-5ba74b6ff263@group-548F0586065B
2021-05-22 19:12:48,700 [37ad4b1d-96aa-49b2-b7c2-5ba74b6ff263@group-548F0586065B-LeaderStateImpl] INFO  metrics.RatisMetrics (RatisMetrics.java:unregister(43)) - Unregistering Metrics Registry : ratis_grpc.log_appender.37ad4b1d-96aa-49b2-b7c2-5ba74b6ff263@group-548F0586065B
2021-05-22 19:12:48,700 [37ad4b1d-96aa-49b2-b7c2-5ba74b6ff263@group-548F0586065B-LeaderStateImpl] INFO  impl.PendingRequests (PendingRequests.java:sendNotLeaderResponses(249)) - 37ad4b1d-96aa-49b2-b7c2-5ba74b6ff263@group-548F0586065B-PendingRequests: sendNotLeaderResponses
2021-05-22 19:12:48,700 [37ad4b1d-96aa-49b2-b7c2-5ba74b6ff263@group-548F0586065B-LeaderStateImpl] INFO  metrics.RatisMetrics (RatisMetrics.java:unregister(43)) - Unregistering Metrics Registry : ratis.log_appender.37ad4b1d-96aa-49b2-b7c2-5ba74b6ff263@group-548F0586065B
2021-05-22 19:12:48,700 [37ad4b1d-96aa-49b2-b7c2-5ba74b6ff263@group-548F0586065B-LeaderStateImpl] INFO  metrics.RatisMetrics (RatisMetrics.java:unregister(43)) - Unregistering Metrics Registry : ratis.server.37ad4b1d-96aa-49b2-b7c2-5ba74b6ff263@group-548F0586065B
2021-05-22 19:12:48,700 [37ad4b1d-96aa-49b2-b7c2-5ba74b6ff263@group-548F0586065B-LeaderStateImpl] INFO  impl.RoleInfo (RoleInfo.java:updateAndGet(130)) - 37ad4b1d-96aa-49b2-b7c2-5ba74b6ff263: start 37ad4b1d-96aa-49b2-b7c2-5ba74b6ff263@group-548F0586065B-FollowerState
2021-05-22 19:12:49,291 [EndpointStateMachine task thread for /127.0.0.1:12401 - 0 ] INFO  ipc.Client (Client.java:handleConnectionFailure(966)) - Retrying connect to server: localhost/127.0.0.1:12401. Already tried 7 time(s); retry policy is RetryUpToMaximumCountWithFixedSleep(maxRetries=15, sleepTime=1000 MILLISECONDS)
2021-05-22 19:12:49,342 [EndpointStateMachine task thread for /127.0.0.1:12381 - 0 ] INFO  ipc.Client (Client.java:handleConnectionFailure(966)) - Retrying connect to server: localhost/127.0.0.1:12381. Already tried 9 time(s); retry policy is RetryUpToMaximumCountWithFixedSleep(maxRetries=15, sleepTime=1000 MILLISECONDS)
2021-05-22 19:12:49,342 [EndpointStateMachine task thread for /127.0.0.1:12391 - 0 ] INFO  ipc.Client (Client.java:handleConnectionFailure(966)) - Retrying connect to server: localhost/127.0.0.1:12391. Already tried 9 time(s); retry policy is RetryUpToMaximumCountWithFixedSleep(maxRetries=15, sleepTime=1000 MILLISECONDS)
2021-05-22 19:12:50,293 [EndpointStateMachine task thread for /127.0.0.1:12401 - 0 ] INFO  ipc.Client (Client.java:handleConnectionFailure(966)) - Retrying connect to server: localhost/127.0.0.1:12401. Already tried 8 time(s); retry policy is RetryUpToMaximumCountWithFixedSleep(maxRetries=15, sleepTime=1000 MILLISECONDS)
2021-05-22 19:12:50,311 [Listener at 127.0.0.1/13280] INFO  ozoneimpl.OzoneContainer (OzoneContainer.java:stop(313)) - Attempting to stop container services.
2021-05-22 19:12:50,312 [Listener at 127.0.0.1/13280] INFO  server.RaftServer (RaftServerProxy.java:lambda$close$6(391)) - 37ad4b1d-96aa-49b2-b7c2-5ba74b6ff263: close
2021-05-22 19:12:50,313 [Listener at 127.0.0.1/13280] INFO  server.RaftServer$Division (RaftServerImpl.java:lambda$close$4(406)) - 37ad4b1d-96aa-49b2-b7c2-5ba74b6ff263@group-EA5919BA224A: shutdown
2021-05-22 19:12:50,313 [Listener at 127.0.0.1/13280] INFO  util.JmxRegister (JmxRegister.java:unregister(73)) - Successfully un-registered JMX Bean with object name Ratis:service=RaftServer,group=group-EA5919BA224A,id=37ad4b1d-96aa-49b2-b7c2-5ba74b6ff263
2021-05-22 19:12:50,313 [Listener at 127.0.0.1/13280] INFO  impl.RoleInfo (RoleInfo.java:shutdownLeaderState(91)) - 37ad4b1d-96aa-49b2-b7c2-5ba74b6ff263: shutdown 37ad4b1d-96aa-49b2-b7c2-5ba74b6ff263@group-EA5919BA224A-LeaderStateImpl
2021-05-22 19:12:50,313 [Listener at 127.0.0.1/13280] INFO  impl.PendingRequests (PendingRequests.java:sendNotLeaderResponses(249)) - 37ad4b1d-96aa-49b2-b7c2-5ba74b6ff263@group-EA5919BA224A-PendingRequests: sendNotLeaderResponses
2021-05-22 19:12:50,314 [Listener at 127.0.0.1/13280] INFO  metrics.RatisMetrics (RatisMetrics.java:unregister(43)) - Unregistering Metrics Registry : ratis.log_appender.37ad4b1d-96aa-49b2-b7c2-5ba74b6ff263@group-EA5919BA224A
2021-05-22 19:12:50,315 [Listener at 127.0.0.1/13280] INFO  metrics.RatisMetrics (RatisMetrics.java:unregister(43)) - Unregistering Metrics Registry : ratis.server.37ad4b1d-96aa-49b2-b7c2-5ba74b6ff263@group-EA5919BA224A
2021-05-22 19:12:50,315 [Listener at 127.0.0.1/13280] INFO  impl.StateMachineUpdater (StateMachineUpdater.java:stopAndJoin(149)) - 37ad4b1d-96aa-49b2-b7c2-5ba74b6ff263@group-EA5919BA224A-StateMachineUpdater: set stopIndex = 0
2021-05-22 19:12:50,316 [37ad4b1d-96aa-49b2-b7c2-5ba74b6ff263@group-EA5919BA224A-StateMachineUpdater] INFO  ratis.ContainerStateMachine (ContainerStateMachine.java:takeSnapshot(292)) - group-EA5919BA224A: Taking a snapshot at:(t:1, i:0) file /github/workspace/mnt/ozone/hadoop-ozone/integration-test/target/test-dir/MiniOzoneClusterImpl-5713c1a7-fb90-4566-9593-6537b218274a/datanode-2/data/ratis/f38d1544-efbf-493a-b964-ea5919ba224a/sm/snapshot.1_0
2021-05-22 19:12:50,317 [37ad4b1d-96aa-49b2-b7c2-5ba74b6ff263@group-EA5919BA224A-StateMachineUpdater] INFO  ratis.ContainerStateMachine (ContainerStateMachine.java:takeSnapshot(303)) - group-EA5919BA224A: Finished taking a snapshot at:(t:1, i:0) file:/github/workspace/mnt/ozone/hadoop-ozone/integration-test/target/test-dir/MiniOzoneClusterImpl-5713c1a7-fb90-4566-9593-6537b218274a/datanode-2/data/ratis/f38d1544-efbf-493a-b964-ea5919ba224a/sm/snapshot.1_0 took: 1 ms
2021-05-22 19:12:50,317 [37ad4b1d-96aa-49b2-b7c2-5ba74b6ff263@group-EA5919BA224A-StateMachineUpdater] INFO  impl.StateMachineUpdater (StateMachineUpdater.java:takeSnapshot(281)) - 37ad4b1d-96aa-49b2-b7c2-5ba74b6ff263@group-EA5919BA224A-StateMachineUpdater: Took a snapshot at index 0
2021-05-22 19:12:50,317 [37ad4b1d-96aa-49b2-b7c2-5ba74b6ff263@group-EA5919BA224A-StateMachineUpdater] INFO  impl.StateMachineUpdater (StateMachineUpdater.java:lambda$new$0(89)) - 37ad4b1d-96aa-49b2-b7c2-5ba74b6ff263@group-EA5919BA224A-StateMachineUpdater: snapshotIndex: updateIncreasingly -1 -> 0
2021-05-22 19:12:50,317 [37ad4b1d-96aa-49b2-b7c2-5ba74b6ff263@group-EA5919BA224A-StateMachineUpdater] INFO  metrics.RatisMetrics (RatisMetrics.java:unregister(43)) - Unregistering Metrics Registry : ratis.state_machine.37ad4b1d-96aa-49b2-b7c2-5ba74b6ff263@group-EA5919BA224A
2021-05-22 19:12:50,322 [Listener at 127.0.0.1/13280] INFO  server.RaftServer$Division (ServerState.java:close(405)) - 37ad4b1d-96aa-49b2-b7c2-5ba74b6ff263@group-EA5919BA224A: closes. applyIndex: 0
2021-05-22 19:12:50,325 [37ad4b1d-96aa-49b2-b7c2-5ba74b6ff263@group-EA5919BA224A-SegmentedRaftLogWorker] INFO  segmented.SegmentedRaftLogWorker (SegmentedRaftLogWorker.java:run(327)) - 37ad4b1d-96aa-49b2-b7c2-5ba74b6ff263@group-EA5919BA224A-SegmentedRaftLogWorker was interrupted, exiting. There are 0 tasks remaining in the queue.
2021-05-22 19:12:50,325 [Listener at 127.0.0.1/13280] INFO  segmented.SegmentedRaftLogWorker (SegmentedRaftLogWorker.java:close(237)) - 37ad4b1d-96aa-49b2-b7c2-5ba74b6ff263@group-EA5919BA224A-SegmentedRaftLogWorker close()
2021-05-22 19:12:50,326 [Listener at 127.0.0.1/13280] INFO  metrics.RatisMetrics (RatisMetrics.java:unregister(43)) - Unregistering Metrics Registry : ratis.log_worker.37ad4b1d-96aa-49b2-b7c2-5ba74b6ff263@group-EA5919BA224A
2021-05-22 19:12:50,326 [Listener at 127.0.0.1/13280] INFO  metrics.RatisMetrics (RatisMetrics.java:unregister(43)) - Unregistering Metrics Registry : ratis.leader_election.37ad4b1d-96aa-49b2-b7c2-5ba74b6ff263@group-EA5919BA224A
2021-05-22 19:12:50,326 [Listener at 127.0.0.1/13280] INFO  metrics.RatisMetrics (RatisMetrics.java:unregister(43)) - Unregistering Metrics Registry : ratis.server.37ad4b1d-96aa-49b2-b7c2-5ba74b6ff263@group-EA5919BA224A
2021-05-22 19:12:50,327 [Listener at 127.0.0.1/13280] INFO  server.RaftServer$Division (RaftServerImpl.java:lambda$close$4(406)) - 37ad4b1d-96aa-49b2-b7c2-5ba74b6ff263@group-548F0586065B: shutdown
2021-05-22 19:12:50,327 [Listener at 127.0.0.1/13280] INFO  util.JmxRegister (JmxRegister.java:unregister(73)) - Successfully un-registered JMX Bean with object name Ratis:service=RaftServer,group=group-548F0586065B,id=37ad4b1d-96aa-49b2-b7c2-5ba74b6ff263
2021-05-22 19:12:50,328 [Listener at 127.0.0.1/13280] INFO  impl.RoleInfo (RoleInfo.java:shutdownFollowerState(108)) - 37ad4b1d-96aa-49b2-b7c2-5ba74b6ff263: shutdown 37ad4b1d-96aa-49b2-b7c2-5ba74b6ff263@group-548F0586065B-FollowerState
2021-05-22 19:12:50,328 [37ad4b1d-96aa-49b2-b7c2-5ba74b6ff263@group-548F0586065B-FollowerState] INFO  impl.FollowerState (FollowerState.java:run(143)) - 37ad4b1d-96aa-49b2-b7c2-5ba74b6ff263@group-548F0586065B-FollowerState was interrupted: {}
java.lang.InterruptedException: sleep interrupted
	at java.lang.Thread.sleep(Native Method)
	at java.lang.Thread.sleep(Thread.java:340)
	at java.util.concurrent.TimeUnit.sleep(TimeUnit.java:386)
	at org.apache.ratis.util.TimeDuration.sleep(TimeDuration.java:324)
	at org.apache.ratis.util.TimeDuration.sleep(TimeDuration.java:309)
	at org.apache.ratis.server.impl.FollowerState.run(FollowerState.java:118)
2021-05-22 19:12:50,329 [37ad4b1d-96aa-49b2-b7c2-5ba74b6ff263@group-548F0586065B-StateMachineUpdater] INFO  ratis.ContainerStateMachine (ContainerStateMachine.java:takeSnapshot(292)) - group-548F0586065B: Taking a snapshot at:(t:3, i:0) file /github/workspace/mnt/ozone/hadoop-ozone/integration-test/target/test-dir/MiniOzoneClusterImpl-5713c1a7-fb90-4566-9593-6537b218274a/datanode-2/data/ratis/ec650cfc-7280-4cb7-a628-548f0586065b/sm/snapshot.3_0
2021-05-22 19:12:50,329 [Listener at 127.0.0.1/13280] INFO  impl.StateMachineUpdater (StateMachineUpdater.java:stopAndJoin(149)) - 37ad4b1d-96aa-49b2-b7c2-5ba74b6ff263@group-548F0586065B-StateMachineUpdater: set stopIndex = 0
2021-05-22 19:12:50,329 [37ad4b1d-96aa-49b2-b7c2-5ba74b6ff263@group-548F0586065B-StateMachineUpdater] INFO  ratis.ContainerStateMachine (ContainerStateMachine.java:takeSnapshot(303)) - group-548F0586065B: Finished taking a snapshot at:(t:3, i:0) file:/github/workspace/mnt/ozone/hadoop-ozone/integration-test/target/test-dir/MiniOzoneClusterImpl-5713c1a7-fb90-4566-9593-6537b218274a/datanode-2/data/ratis/ec650cfc-7280-4cb7-a628-548f0586065b/sm/snapshot.3_0 took: 0 ms
2021-05-22 19:12:50,330 [37ad4b1d-96aa-49b2-b7c2-5ba74b6ff263@group-548F0586065B-StateMachineUpdater] INFO  impl.StateMachineUpdater (StateMachineUpdater.java:takeSnapshot(281)) - 37ad4b1d-96aa-49b2-b7c2-5ba74b6ff263@group-548F0586065B-StateMachineUpdater: Took a snapshot at index 0
2021-05-22 19:12:50,330 [37ad4b1d-96aa-49b2-b7c2-5ba74b6ff263@group-548F0586065B-StateMachineUpdater] INFO  impl.StateMachineUpdater (StateMachineUpdater.java:lambda$new$0(89)) - 37ad4b1d-96aa-49b2-b7c2-5ba74b6ff263@group-548F0586065B-StateMachineUpdater: snapshotIndex: updateIncreasingly -1 -> 0
2021-05-22 19:12:50,330 [37ad4b1d-96aa-49b2-b7c2-5ba74b6ff263@group-548F0586065B-StateMachineUpdater] INFO  metrics.RatisMetrics (RatisMetrics.java:unregister(43)) - Unregistering Metrics Registry : ratis.state_machine.37ad4b1d-96aa-49b2-b7c2-5ba74b6ff263@group-548F0586065B
2021-05-22 19:12:50,330 [Listener at 127.0.0.1/13280] INFO  server.RaftServer$Division (ServerState.java:close(405)) - 37ad4b1d-96aa-49b2-b7c2-5ba74b6ff263@group-548F0586065B: closes. applyIndex: 0
2021-05-22 19:12:50,330 [37ad4b1d-96aa-49b2-b7c2-5ba74b6ff263@group-548F0586065B-SegmentedRaftLogWorker] INFO  segmented.SegmentedRaftLogWorker (SegmentedRaftLogWorker.java:run(327)) - 37ad4b1d-96aa-49b2-b7c2-5ba74b6ff263@group-548F0586065B-SegmentedRaftLogWorker was interrupted, exiting. There are 0 tasks remaining in the queue.
2021-05-22 19:12:50,331 [Listener at 127.0.0.1/13280] INFO  segmented.SegmentedRaftLogWorker (SegmentedRaftLogWorker.java:close(237)) - 37ad4b1d-96aa-49b2-b7c2-5ba74b6ff263@group-548F0586065B-SegmentedRaftLogWorker close()
2021-05-22 19:12:50,331 [Listener at 127.0.0.1/13280] INFO  metrics.RatisMetrics (RatisMetrics.java:unregister(43)) - Unregistering Metrics Registry : ratis.log_worker.37ad4b1d-96aa-49b2-b7c2-5ba74b6ff263@group-548F0586065B
2021-05-22 19:12:50,332 [Listener at 127.0.0.1/13280] INFO  metrics.RatisMetrics (RatisMetrics.java:unregister(43)) - Unregistering Metrics Registry : ratis.leader_election.37ad4b1d-96aa-49b2-b7c2-5ba74b6ff263@group-548F0586065B
2021-05-22 19:12:50,332 [Listener at 127.0.0.1/13280] INFO  metrics.RatisMetrics (RatisMetrics.java:unregister(43)) - Unregistering Metrics Registry : ratis.server.37ad4b1d-96aa-49b2-b7c2-5ba74b6ff263@group-548F0586065B
2021-05-22 19:12:50,333 [Listener at 127.0.0.1/13280] INFO  server.RaftServer$Division (RaftServerImpl.java:lambda$close$4(406)) - 37ad4b1d-96aa-49b2-b7c2-5ba74b6ff263@group-CEE3C7E3D797: shutdown
2021-05-22 19:12:50,333 [Listener at 127.0.0.1/13280] INFO  util.JmxRegister (JmxRegister.java:unregister(73)) - Successfully un-registered JMX Bean with object name Ratis:service=RaftServer,group=group-CEE3C7E3D797,id=37ad4b1d-96aa-49b2-b7c2-5ba74b6ff263
2021-05-22 19:12:50,333 [Listener at 127.0.0.1/13280] INFO  impl.RoleInfo (RoleInfo.java:shutdownFollowerState(108)) - 37ad4b1d-96aa-49b2-b7c2-5ba74b6ff263: shutdown 37ad4b1d-96aa-49b2-b7c2-5ba74b6ff263@group-CEE3C7E3D797-FollowerState
2021-05-22 19:12:50,334 [37ad4b1d-96aa-49b2-b7c2-5ba74b6ff263@group-CEE3C7E3D797-FollowerState] INFO  impl.FollowerState (FollowerState.java:run(143)) - 37ad4b1d-96aa-49b2-b7c2-5ba74b6ff263@group-CEE3C7E3D797-FollowerState was interrupted: {}
java.lang.InterruptedException: sleep interrupted
	at java.lang.Thread.sleep(Native Method)
	at java.lang.Thread.sleep(Thread.java:340)
	at java.util.concurrent.TimeUnit.sleep(TimeUnit.java:386)
	at org.apache.ratis.util.TimeDuration.sleep(TimeDuration.java:324)
	at org.apache.ratis.util.TimeDuration.sleep(TimeDuration.java:309)
	at org.apache.ratis.server.impl.FollowerState.run(FollowerState.java:118)
2021-05-22 19:12:50,334 [Listener at 127.0.0.1/13280] INFO  impl.StateMachineUpdater (StateMachineUpdater.java:stopAndJoin(149)) - 37ad4b1d-96aa-49b2-b7c2-5ba74b6ff263@group-CEE3C7E3D797-StateMachineUpdater: set stopIndex = 0
2021-05-22 19:12:50,335 [37ad4b1d-96aa-49b2-b7c2-5ba74b6ff263@group-CEE3C7E3D797-StateMachineUpdater] INFO  ratis.ContainerStateMachine (ContainerStateMachine.java:takeSnapshot(292)) - group-CEE3C7E3D797: Taking a snapshot at:(t:1, i:0) file /github/workspace/mnt/ozone/hadoop-ozone/integration-test/target/test-dir/MiniOzoneClusterImpl-5713c1a7-fb90-4566-9593-6537b218274a/datanode-2/data/ratis/12abcdc4-f25a-4b3b-81bf-cee3c7e3d797/sm/snapshot.1_0
2021-05-22 19:12:50,337 [37ad4b1d-96aa-49b2-b7c2-5ba74b6ff263@group-CEE3C7E3D797-StateMachineUpdater] INFO  ratis.ContainerStateMachine (ContainerStateMachine.java:takeSnapshot(303)) - group-CEE3C7E3D797: Finished taking a snapshot at:(t:1, i:0) file:/github/workspace/mnt/ozone/hadoop-ozone/integration-test/target/test-dir/MiniOzoneClusterImpl-5713c1a7-fb90-4566-9593-6537b218274a/datanode-2/data/ratis/12abcdc4-f25a-4b3b-81bf-cee3c7e3d797/sm/snapshot.1_0 took: 2 ms
2021-05-22 19:12:50,337 [37ad4b1d-96aa-49b2-b7c2-5ba74b6ff263@group-CEE3C7E3D797-StateMachineUpdater] INFO  impl.StateMachineUpdater (StateMachineUpdater.java:takeSnapshot(281)) - 37ad4b1d-96aa-49b2-b7c2-5ba74b6ff263@group-CEE3C7E3D797-StateMachineUpdater: Took a snapshot at index 0
2021-05-22 19:12:50,337 [37ad4b1d-96aa-49b2-b7c2-5ba74b6ff263@group-CEE3C7E3D797-StateMachineUpdater] INFO  impl.StateMachineUpdater (StateMachineUpdater.java:lambda$new$0(89)) - 37ad4b1d-96aa-49b2-b7c2-5ba74b6ff263@group-CEE3C7E3D797-StateMachineUpdater: snapshotIndex: updateIncreasingly -1 -> 0
2021-05-22 19:12:50,337 [37ad4b1d-96aa-49b2-b7c2-5ba74b6ff263@group-CEE3C7E3D797-StateMachineUpdater] INFO  metrics.RatisMetrics (RatisMetrics.java:unregister(43)) - Unregistering Metrics Registry : ratis.state_machine.37ad4b1d-96aa-49b2-b7c2-5ba74b6ff263@group-CEE3C7E3D797
2021-05-22 19:12:50,337 [Listener at 127.0.0.1/13280] INFO  server.RaftServer$Division (ServerState.java:close(405)) - 37ad4b1d-96aa-49b2-b7c2-5ba74b6ff263@group-CEE3C7E3D797: closes. applyIndex: 0
2021-05-22 19:12:50,338 [37ad4b1d-96aa-49b2-b7c2-5ba74b6ff263@group-CEE3C7E3D797-SegmentedRaftLogWorker] INFO  segmented.SegmentedRaftLogWorker (SegmentedRaftLogWorker.java:run(327)) - 37ad4b1d-96aa-49b2-b7c2-5ba74b6ff263@group-CEE3C7E3D797-SegmentedRaftLogWorker was interrupted, exiting. There are 0 tasks remaining in the queue.
2021-05-22 19:12:50,338 [Listener at 127.0.0.1/13280] INFO  segmented.SegmentedRaftLogWorker (SegmentedRaftLogWorker.java:close(237)) - 37ad4b1d-96aa-49b2-b7c2-5ba74b6ff263@group-CEE3C7E3D797-SegmentedRaftLogWorker close()
2021-05-22 19:12:50,339 [Listener at 127.0.0.1/13280] INFO  metrics.RatisMetrics (RatisMetrics.java:unregister(43)) - Unregistering Metrics Registry : ratis.log_worker.37ad4b1d-96aa-49b2-b7c2-5ba74b6ff263@group-CEE3C7E3D797
2021-05-22 19:12:50,339 [Listener at 127.0.0.1/13280] INFO  metrics.RatisMetrics (RatisMetrics.java:unregister(43)) - Unregistering Metrics Registry : ratis.leader_election.37ad4b1d-96aa-49b2-b7c2-5ba74b6ff263@group-CEE3C7E3D797
2021-05-22 19:12:50,339 [Listener at 127.0.0.1/13280] INFO  metrics.RatisMetrics (RatisMetrics.java:unregister(43)) - Unregistering Metrics Registry : ratis.server.37ad4b1d-96aa-49b2-b7c2-5ba74b6ff263@group-CEE3C7E3D797
2021-05-22 19:12:50,339 [Listener at 127.0.0.1/13280] INFO  server.GrpcService (GrpcService.java:closeImpl(262)) - 37ad4b1d-96aa-49b2-b7c2-5ba74b6ff263: shutdown server with port 40699 now
2021-05-22 19:12:50,341 [Listener at 127.0.0.1/13280] INFO  server.GrpcService (GrpcService.java:closeImpl(271)) - 37ad4b1d-96aa-49b2-b7c2-5ba74b6ff263: shutdown server with port 40699 successfully
2021-05-22 19:12:50,341 [org.apache.ratis.util.JvmPauseMonitor$$Lambda$484/882706486@1fe2e410] INFO  util.JvmPauseMonitor (JvmPauseMonitor.java:run(109)) - JvmPauseMonitor-37ad4b1d-96aa-49b2-b7c2-5ba74b6ff263: Stopped
2021-05-22 19:12:50,343 [EndpointStateMachine task thread for /127.0.0.1:12391 - 0 ] INFO  ipc.Client (Client.java:handleConnectionFailure(966)) - Retrying connect to server: localhost/127.0.0.1:12391. Already tried 10 time(s); retry policy is RetryUpToMaximumCountWithFixedSleep(maxRetries=15, sleepTime=1000 MILLISECONDS)
2021-05-22 19:12:50,343 [EndpointStateMachine task thread for /127.0.0.1:12381 - 0 ] INFO  ipc.Client (Client.java:handleConnectionFailure(966)) - Retrying connect to server: localhost/127.0.0.1:12381. Already tried 10 time(s); retry policy is RetryUpToMaximumCountWithFixedSleep(maxRetries=15, sleepTime=1000 MILLISECONDS)
2021-05-22 19:12:50,346 [Listener at 127.0.0.1/13280] INFO  utils.BackgroundService (BackgroundService.java:shutdown(132)) - Shutting down service BlockDeletingService
2021-05-22 19:12:50,348 [Listener at 127.0.0.1/13280] INFO  statemachine.DatanodeStateMachine (DatanodeStateMachine.java:stopDaemon(469)) - Ozone container server stopped.
2021-05-22 19:12:50,361 [Listener at 127.0.0.1/13280] INFO  handler.ContextHandler (ContextHandler.java:doStop(1154)) - Stopped o.e.j.w.WebAppContext@251e00a0{hddsDatanode,/,null,STOPPED}{jar:file:/home/user/.m2/repository/org/apache/hadoop/hadoop-hdds-container-service/1.2.0-SNAPSHOT/hadoop-hdds-container-service-1.2.0-SNAPSHOT.jar!/webapps/hddsDatanode}
2021-05-22 19:12:50,362 [Listener at 127.0.0.1/13280] INFO  server.AbstractConnector (AbstractConnector.java:doStop(381)) - Stopped ServerConnector@45bf1ee3{HTTP/1.1, (http/1.1)}{0.0.0.0:0}
2021-05-22 19:12:50,362 [Listener at 127.0.0.1/13280] INFO  server.session (HouseKeeper.java:stopScavenging(149)) - node0 Stopped scavenging
2021-05-22 19:12:50,363 [Listener at 127.0.0.1/13280] INFO  handler.ContextHandler (ContextHandler.java:doStop(1154)) - Stopped o.e.j.s.ServletContextHandler@14ab3e22{static,/static,jar:file:/home/user/.m2/repository/org/apache/hadoop/hadoop-hdds-container-service/1.2.0-SNAPSHOT/hadoop-hdds-container-service-1.2.0-SNAPSHOT.jar!/webapps/static,STOPPED}
2021-05-22 19:12:50,363 [Listener at 127.0.0.1/13280] INFO  handler.ContextHandler (ContextHandler.java:doStop(1154)) - Stopped o.e.j.s.ServletContextHandler@538c823c{logs,/logs,file:///github/workspace/mnt/ozone/hadoop-ozone/integration-test/target/log,STOPPED}
]]></system-out>
  </testcase>
  <testcase name="testInstallOldCheckpointFailure" classname="org.apache.hadoop.ozone.scm.TestSCMInstallSnapshotWithHA" time="43.516"/>
  <testcase name="testInstallCorruptedCheckpointFailure" classname="org.apache.hadoop.ozone.scm.TestSCMInstallSnapshotWithHA" time="43.551"/>
</testsuite>