<?xml version="1.0" encoding="UTF-8"?>
<testsuite xmlns:xsi="http://www.w3.org/2001/XMLSchema-instance" xsi:noNamespaceSchemaLocation="https://maven.apache.org/surefire/maven-surefire-plugin/xsd/surefire-test-report.xsd" name="org.apache.hadoop.ozone.client.rpc.TestOzoneClientRetriesOnException" time="93.188" tests="2" errors="0" skipped="0" failures="1">
  <properties>
    <property name="awt.toolkit" value="sun.awt.X11.XToolkit"/>
    <property name="file.encoding.pkg" value="sun.io"/>
    <property name="java.specification.version" value="1.8"/>
    <property name="sun.cpu.isalist" value=""/>
    <property name="sun.jnu.encoding" value="ANSI_X3.4-1968"/>
    <property name="java.class.path" value="/github/workspace/mnt/ozone/hadoop-ozone/integration-test/target/test-classes:/github/workspace/mnt/ozone/hadoop-ozone/integration-test/target/classes:/home/user/.m2/repository/org/apache/hadoop/hadoop-ozone-common/1.1.0-SNAPSHOT/hadoop-ozone-common-1.1.0-SNAPSHOT.jar:/home/user/.m2/repository/org/apache/commons/commons-compress/1.4.1/commons-compress-1.4.1.jar:/home/user/.m2/repository/org/tukaani/xz/1.0/xz-1.0.jar:/home/user/.m2/repository/org/apache/hadoop/hadoop-hdds-common/1.1.0-SNAPSHOT/hadoop-hdds-common-1.1.0-SNAPSHOT.jar:/home/user/.m2/repository/org/apache/hadoop/hadoop-hdds-hadoop-dependency-client/1.1.0-SNAPSHOT/hadoop-hdds-hadoop-dependency-client-1.1.0-SNAPSHOT.jar:/home/user/.m2/repository/info/picocli/picocli/4.4.0/picocli-4.4.0.jar:/home/user/.m2/repository/com/fasterxml/jackson/core/jackson-annotations/2.10.3/jackson-annotations-2.10.3.jar:/home/user/.m2/repository/javax/annotation/javax.annotation-api/1.2/javax.annotation-api-1.2.jar:/home/user/.m2/repository/org/apache/ratis/ratis-server/1.1.0-11689cd-SNAPSHOT/ratis-server-1.1.0-11689cd-SNAPSHOT.jar:/home/user/.m2/repository/org/apache/ratis/ratis-client/1.1.0-11689cd-SNAPSHOT/ratis-client-1.1.0-11689cd-SNAPSHOT.jar:/home/user/.m2/repository/org/apache/ratis/ratis-metrics/1.1.0-11689cd-SNAPSHOT/ratis-metrics-1.1.0-11689cd-SNAPSHOT.jar:/home/user/.m2/repository/org/apache/ratis/ratis-netty/1.1.0-11689cd-SNAPSHOT/ratis-netty-1.1.0-11689cd-SNAPSHOT.jar:/home/user/.m2/repository/org/apache/ratis/ratis-grpc/1.1.0-11689cd-SNAPSHOT/ratis-grpc-1.1.0-11689cd-SNAPSHOT.jar:/home/user/.m2/repository/org/apache/logging/log4j/log4j-api/2.13.3/log4j-api-2.13.3.jar:/home/user/.m2/repository/org/apache/logging/log4j/log4j-core/2.13.3/log4j-core-2.13.3.jar:/home/user/.m2/repository/com/lmax/disruptor/3.4.2/disruptor-3.4.2.jar:/home/user/.m2/repository/org/apache/commons/commons-pool2/2.6.0/commons-pool2-2.6.0.jar:/home/user/.m2/repository/org/bouncycastle/bcpkix-jdk15on/1.60/bcpkix-jdk15on-1.60.jar:/home/user/.m2/repository/commons-validator/commons-validator/1.6/commons-validator-1.6.jar:/home/user/.m2/repository/commons-digester/commons-digester/1.8.1/commons-digester-1.8.1.jar:/home/user/.m2/repository/io/jaegertracing/jaeger-client/1.2.0/jaeger-client-1.2.0.jar:/home/user/.m2/repository/io/jaegertracing/jaeger-thrift/1.2.0/jaeger-thrift-1.2.0.jar:/home/user/.m2/repository/org/apache/thrift/libthrift/0.13.0/libthrift-0.13.0.jar:/home/user/.m2/repository/com/squareup/okhttp3/okhttp/4.2.2/okhttp-4.2.2.jar:/home/user/.m2/repository/com/squareup/okio/okio/2.2.2/okio-2.2.2.jar:/home/user/.m2/repository/org/jetbrains/kotlin/kotlin-stdlib/1.3.50/kotlin-stdlib-1.3.50.jar:/home/user/.m2/repository/org/jetbrains/kotlin/kotlin-stdlib-common/1.3.50/kotlin-stdlib-common-1.3.50.jar:/home/user/.m2/repository/org/jetbrains/annotations/13.0/annotations-13.0.jar:/home/user/.m2/repository/io/jaegertracing/jaeger-core/1.2.0/jaeger-core-1.2.0.jar:/home/user/.m2/repository/io/jaegertracing/jaeger-tracerresolver/1.2.0/jaeger-tracerresolver-1.2.0.jar:/home/user/.m2/repository/io/opentracing/contrib/opentracing-tracerresolver/0.1.8/opentracing-tracerresolver-0.1.8.jar:/home/user/.m2/repository/io/opentracing/opentracing-util/0.33.0/opentracing-util-0.33.0.jar:/home/user/.m2/repository/io/opentracing/opentracing-api/0.33.0/opentracing-api-0.33.0.jar:/home/user/.m2/repository/io/opentracing/opentracing-noop/0.33.0/opentracing-noop-0.33.0.jar:/home/user/.m2/repository/org/apache/hadoop/hadoop-hdds-client/1.1.0-SNAPSHOT/hadoop-hdds-client-1.1.0-SNAPSHOT.jar:/home/user/.m2/repository/org/apache/hadoop/hadoop-ozone-interface-client/1.1.0-SNAPSHOT/hadoop-ozone-interface-client-1.1.0-SNAPSHOT.jar:/home/user/.m2/repository/org/apache/hadoop/hadoop-hdds-test-utils/1.1.0-SNAPSHOT/hadoop-hdds-test-utils-1.1.0-SNAPSHOT.jar:/home/user/.m2/repository/com/google/guava/guava/28.2-jre/guava-28.2-jre.jar:/home/user/.m2/repository/com/google/guava/failureaccess/1.0.1/failureaccess-1.0.1.jar:/home/user/.m2/repository/com/google/guava/listenablefuture/9999.0-empty-to-avoid-conflict-with-guava/listenablefuture-9999.0-empty-to-avoid-conflict-with-guava.jar:/home/user/.m2/repository/com/google/code/findbugs/jsr305/3.0.0/jsr305-3.0.0.jar:/home/user/.m2/repository/org/checkerframework/checker-qual/2.10.0/checker-qual-2.10.0.jar:/home/user/.m2/repository/com/google/errorprone/error_prone_annotations/2.2.0/error_prone_annotations-2.2.0.jar:/home/user/.m2/repository/com/google/j2objc/j2objc-annotations/1.3/j2objc-annotations-1.3.jar:/home/user/.m2/repository/commons-io/commons-io/2.5/commons-io-2.5.jar:/home/user/.m2/repository/commons-logging/commons-logging/1.2/commons-logging-1.2.jar:/home/user/.m2/repository/log4j/log4j/1.2.17/log4j-1.2.17.jar:/home/user/.m2/repository/org/slf4j/slf4j-api/1.7.25/slf4j-api-1.7.25.jar:/home/user/.m2/repository/org/apache/hadoop/hadoop-hdds-server-scm/1.1.0-SNAPSHOT/hadoop-hdds-server-scm-1.1.0-SNAPSHOT.jar:/home/user/.m2/repository/org/apache/hadoop/hadoop-hdds-container-service/1.1.0-SNAPSHOT/hadoop-hdds-container-service-1.1.0-SNAPSHOT.jar:/home/user/.m2/repository/org/apache/hadoop/hadoop-hdds-hadoop-dependency-server/1.1.0-SNAPSHOT/hadoop-hdds-hadoop-dependency-server-1.1.0-SNAPSHOT.jar:/home/user/.m2/repository/org/apache/hadoop/hadoop-hdds-server-framework/1.1.0-SNAPSHOT/hadoop-hdds-server-framework-1.1.0-SNAPSHOT.jar:/home/user/.m2/repository/org/apache/hadoop/hadoop-hdds-interface-server/1.1.0-SNAPSHOT/hadoop-hdds-interface-server-1.1.0-SNAPSHOT.jar:/home/user/.m2/repository/org/apache/hadoop/hadoop-hdds-interface-admin/1.1.0-SNAPSHOT/hadoop-hdds-interface-admin-1.1.0-SNAPSHOT.jar:/home/user/.m2/repository/org/rocksdb/rocksdbjni/6.8.1/rocksdbjni-6.8.1.jar:/home/user/.m2/repository/io/prometheus/simpleclient_dropwizard/0.7.0/simpleclient_dropwizard-0.7.0.jar:/home/user/.m2/repository/io/prometheus/simpleclient/0.7.0/simpleclient-0.7.0.jar:/home/user/.m2/repository/io/prometheus/simpleclient_common/0.7.0/simpleclient_common-0.7.0.jar:/home/user/.m2/repository/com/fasterxml/jackson/datatype/jackson-datatype-jsr310/2.10.3/jackson-datatype-jsr310-2.10.3.jar:/home/user/.m2/repository/io/dropwizard/metrics/metrics-core/3.2.4/metrics-core-3.2.4.jar:/home/user/.m2/repository/org/apache/hadoop/hadoop-hdfs-client/3.2.1/hadoop-hdfs-client-3.2.1.jar:/home/user/.m2/repository/org/bouncycastle/bcprov-jdk15on/1.60/bcprov-jdk15on-1.60.jar:/home/user/.m2/repository/org/apache/hadoop/hadoop-ozone-ozone-manager/1.1.0-SNAPSHOT/hadoop-ozone-ozone-manager-1.1.0-SNAPSHOT.jar:/home/user/.m2/repository/org/apache/hadoop/hadoop-hdds-interface-client/1.1.0-SNAPSHOT/hadoop-hdds-interface-client-1.1.0-SNAPSHOT.jar:/home/user/.m2/repository/org/apache/ratis/ratis-thirdparty-misc/0.6.0-SNAPSHOT/ratis-thirdparty-misc-0.6.0-SNAPSHOT.jar:/home/user/.m2/repository/org/apache/hadoop/hadoop-ozone-interface-storage/1.1.0-SNAPSHOT/hadoop-ozone-interface-storage-1.1.0-SNAPSHOT.jar:/home/user/.m2/repository/org/apache/hadoop/hadoop-minikdc/3.2.1/hadoop-minikdc-3.2.1.jar:/home/user/.m2/repository/org/apache/kerby/kerb-simplekdc/1.0.1/kerb-simplekdc-1.0.1.jar:/home/user/.m2/repository/org/apache/kerby/kerb-client/1.0.1/kerb-client-1.0.1.jar:/home/user/.m2/repository/org/apache/kerby/kerby-config/1.0.1/kerby-config-1.0.1.jar:/home/user/.m2/repository/org/apache/kerby/kerb-core/1.0.1/kerb-core-1.0.1.jar:/home/user/.m2/repository/org/apache/kerby/kerby-pkix/1.0.1/kerby-pkix-1.0.1.jar:/home/user/.m2/repository/org/apache/kerby/kerby-asn1/1.0.1/kerby-asn1-1.0.1.jar:/home/user/.m2/repository/org/apache/kerby/kerby-util/1.0.1/kerby-util-1.0.1.jar:/home/user/.m2/repository/org/apache/kerby/kerb-common/1.0.1/kerb-common-1.0.1.jar:/home/user/.m2/repository/org/apache/kerby/kerb-crypto/1.0.1/kerb-crypto-1.0.1.jar:/home/user/.m2/repository/org/apache/kerby/kerb-util/1.0.1/kerb-util-1.0.1.jar:/home/user/.m2/repository/org/apache/kerby/token-provider/1.0.1/token-provider-1.0.1.jar:/home/user/.m2/repository/org/apache/kerby/kerb-admin/1.0.1/kerb-admin-1.0.1.jar:/home/user/.m2/repository/org/apache/kerby/kerb-server/1.0.1/kerb-server-1.0.1.jar:/home/user/.m2/repository/org/apache/kerby/kerb-identity/1.0.1/kerb-identity-1.0.1.jar:/home/user/.m2/repository/org/apache/kerby/kerby-xdr/1.0.1/kerby-xdr-1.0.1.jar:/home/user/.m2/repository/org/slf4j/slf4j-log4j12/1.7.25/slf4j-log4j12-1.7.25.jar:/home/user/.m2/repository/org/apache/hadoop/hadoop-ozone-s3gateway/1.1.0-SNAPSHOT/hadoop-ozone-s3gateway-1.1.0-SNAPSHOT.jar:/home/user/.m2/repository/org/jboss/weld/servlet/weld-servlet/2.4.7.Final/weld-servlet-2.4.7.Final.jar:/home/user/.m2/repository/org/glassfish/jersey/containers/jersey-container-servlet-core/2.27/jersey-container-servlet-core-2.27.jar:/home/user/.m2/repository/org/glassfish/hk2/external/javax.inject/2.5.0-b42/javax.inject-2.5.0-b42.jar:/home/user/.m2/repository/org/glassfish/jersey/core/jersey-common/2.27/jersey-common-2.27.jar:/home/user/.m2/repository/org/glassfish/hk2/osgi-resource-locator/1.0.1/osgi-resource-locator-1.0.1.jar:/home/user/.m2/repository/javax/ws/rs/javax.ws.rs-api/2.1/javax.ws.rs-api-2.1.jar:/home/user/.m2/repository/org/glassfish/jersey/ext/cdi/jersey-cdi1x/2.27/jersey-cdi1x-2.27.jar:/home/user/.m2/repository/org/glassfish/jersey/inject/jersey-hk2/2.27/jersey-hk2-2.27.jar:/home/user/.m2/repository/org/glassfish/hk2/hk2-locator/2.5.0-b42/hk2-locator-2.5.0-b42.jar:/home/user/.m2/repository/org/javassist/javassist/3.22.0-CR2/javassist-3.22.0-CR2.jar:/home/user/.m2/repository/org/glassfish/hk2/hk2-api/2.5.0/hk2-api-2.5.0.jar:/home/user/.m2/repository/org/glassfish/hk2/external/jakarta.inject/2.5.0/jakarta.inject-2.5.0.jar:/home/user/.m2/repository/org/glassfish/hk2/hk2-utils/2.5.0/hk2-utils-2.5.0.jar:/home/user/.m2/repository/jakarta/annotation/jakarta.annotation-api/1.3.4/jakarta.annotation-api-1.3.4.jar:/home/user/.m2/repository/org/glassfish/hk2/external/aopalliance-repackaged/2.5.0/aopalliance-repackaged-2.5.0.jar:/home/user/.m2/repository/com/fasterxml/jackson/dataformat/jackson-dataformat-xml/2.10.3/jackson-dataformat-xml-2.10.3.jar:/home/user/.m2/repository/com/fasterxml/jackson/core/jackson-core/2.10.3/jackson-core-2.10.3.jar:/home/user/.m2/repository/com/fasterxml/jackson/module/jackson-module-jaxb-annotations/2.10.3/jackson-module-jaxb-annotations-2.10.3.jar:/home/user/.m2/repository/jakarta/xml/bind/jakarta.xml.bind-api/2.3.2/jakarta.xml.bind-api-2.3.2.jar:/home/user/.m2/repository/jakarta/activation/jakarta.activation-api/1.2.1/jakarta.activation-api-1.2.1.jar:/home/user/.m2/repository/org/codehaus/woodstox/stax2-api/3.1.4/stax2-api-3.1.4.jar:/home/user/.m2/repository/com/fasterxml/woodstox/woodstox-core/5.0.3/woodstox-core-5.0.3.jar:/home/user/.m2/repository/javax/enterprise/cdi-api/1.2/cdi-api-1.2.jar:/home/user/.m2/repository/javax/el/javax.el-api/3.0.0/javax.el-api-3.0.0.jar:/home/user/.m2/repository/javax/interceptor/javax.interceptor-api/1.2/javax.interceptor-api-1.2.jar:/home/user/.m2/repository/javax/inject/javax.inject/1/javax.inject-1.jar:/home/user/.m2/repository/com/sun/xml/bind/jaxb-impl/2.3.0.1/jaxb-impl-2.3.0.1.jar:/home/user/.m2/repository/com/sun/xml/bind/jaxb-core/2.3.0.1/jaxb-core-2.3.0.1.jar:/home/user/.m2/repository/javax/xml/bind/jaxb-api/2.3.0/jaxb-api-2.3.0.jar:/home/user/.m2/repository/javax/activation/activation/1.1.1/activation-1.1.1.jar:/home/user/.m2/repository/org/apache/hadoop/hadoop-ozone-csi/1.1.0-SNAPSHOT/hadoop-ozone-csi-1.1.0-SNAPSHOT.jar:/home/user/.m2/repository/com/google/protobuf/protobuf-java-util/3.11.0/protobuf-java-util-3.11.0.jar:/home/user/.m2/repository/com/google/code/gson/gson/2.2.4/gson-2.2.4.jar:/home/user/.m2/repository/org/apache/hadoop/hadoop-hdds-config/1.1.0-SNAPSHOT/hadoop-hdds-config-1.1.0-SNAPSHOT.jar:/home/user/.m2/repository/com/google/protobuf/protobuf-java/2.5.0/protobuf-java-2.5.0.jar:/home/user/.m2/repository/io/grpc/grpc-netty/1.29.0/grpc-netty-1.29.0.jar:/home/user/.m2/repository/io/grpc/grpc-core/1.29.0/grpc-core-1.29.0.jar:/home/user/.m2/repository/com/google/android/annotations/4.1.1.4/annotations-4.1.1.4.jar:/home/user/.m2/repository/io/perfmark/perfmark-api/0.19.0/perfmark-api-0.19.0.jar:/home/user/.m2/repository/io/netty/netty-codec-http2/4.1.48.Final/netty-codec-http2-4.1.48.Final.jar:/home/user/.m2/repository/io/netty/netty-codec/4.1.48.Final/netty-codec-4.1.48.Final.jar:/home/user/.m2/repository/io/netty/netty-handler/4.1.48.Final/netty-handler-4.1.48.Final.jar:/home/user/.m2/repository/io/netty/netty-codec-http/4.1.48.Final/netty-codec-http-4.1.48.Final.jar:/home/user/.m2/repository/io/netty/netty-handler-proxy/4.1.48.Final/netty-handler-proxy-4.1.48.Final.jar:/home/user/.m2/repository/io/netty/netty-codec-socks/4.1.48.Final/netty-codec-socks-4.1.48.Final.jar:/home/user/.m2/repository/io/netty/netty-transport-native-epoll/4.1.48.Final/netty-transport-native-epoll-4.1.48.Final.jar:/home/user/.m2/repository/io/netty/netty-common/4.1.48.Final/netty-common-4.1.48.Final.jar:/home/user/.m2/repository/io/netty/netty-buffer/4.1.48.Final/netty-buffer-4.1.48.Final.jar:/home/user/.m2/repository/io/netty/netty-transport/4.1.48.Final/netty-transport-4.1.48.Final.jar:/home/user/.m2/repository/io/netty/netty-resolver/4.1.48.Final/netty-resolver-4.1.48.Final.jar:/home/user/.m2/repository/io/netty/netty-transport-native-unix-common/4.1.48.Final/netty-transport-native-unix-common-4.1.48.Final.jar:/home/user/.m2/repository/io/grpc/grpc-protobuf/1.29.0/grpc-protobuf-1.29.0.jar:/home/user/.m2/repository/io/grpc/grpc-api/1.29.0/grpc-api-1.29.0.jar:/home/user/.m2/repository/io/grpc/grpc-context/1.29.0/grpc-context-1.29.0.jar:/home/user/.m2/repository/org/codehaus/mojo/animal-sniffer-annotations/1.18/animal-sniffer-annotations-1.18.jar:/home/user/.m2/repository/com/google/api/grpc/proto-google-common-protos/1.17.0/proto-google-common-protos-1.17.0.jar:/home/user/.m2/repository/io/grpc/grpc-protobuf-lite/1.29.0/grpc-protobuf-lite-1.29.0.jar:/home/user/.m2/repository/io/grpc/grpc-stub/1.29.0/grpc-stub-1.29.0.jar:/home/user/.m2/repository/org/apache/hadoop/hadoop-ozone-recon/1.1.0-SNAPSHOT/hadoop-ozone-recon-1.1.0-SNAPSHOT.jar:/home/user/.m2/repository/org/apache/hadoop/hadoop-ozone-reconcodegen/1.1.0-SNAPSHOT/hadoop-ozone-reconcodegen-1.1.0-SNAPSHOT.jar:/home/user/.m2/repository/com/google/inject/extensions/guice-multibindings/4.0/guice-multibindings-4.0.jar:/home/user/.m2/repository/com/google/inject/guice/4.0/guice-4.0.jar:/home/user/.m2/repository/aopalliance/aopalliance/1.0/aopalliance-1.0.jar:/home/user/.m2/repository/com/google/inject/extensions/guice-assistedinject/4.0/guice-assistedinject-4.0.jar:/home/user/.m2/repository/com/google/inject/extensions/guice-servlet/4.0/guice-servlet-4.0.jar:/home/user/.m2/repository/org/glassfish/jersey/containers/jersey-container-servlet/2.27/jersey-container-servlet-2.27.jar:/home/user/.m2/repository/org/glassfish/hk2/guice-bridge/2.5.0/guice-bridge-2.5.0.jar:/home/user/.m2/repository/org/glassfish/jersey/core/jersey-server/2.27/jersey-server-2.27.jar:/home/user/.m2/repository/org/glassfish/jersey/core/jersey-client/2.27/jersey-client-2.27.jar:/home/user/.m2/repository/org/glassfish/jersey/media/jersey-media-jaxb/2.27/jersey-media-jaxb-2.27.jar:/home/user/.m2/repository/javax/validation/validation-api/1.1.0.Final/validation-api-1.1.0.Final.jar:/home/user/.m2/repository/org/glassfish/jersey/media/jersey-media-json-jackson/2.27/jersey-media-json-jackson-2.27.jar:/home/user/.m2/repository/org/glassfish/jersey/ext/jersey-entity-filtering/2.27/jersey-entity-filtering-2.27.jar:/home/user/.m2/repository/org/jooq/jooq/3.11.10/jooq-3.11.10.jar:/home/user/.m2/repository/org/jooq/jooq-meta/3.11.10/jooq-meta-3.11.10.jar:/home/user/.m2/repository/org/jooq/jooq-codegen/3.11.10/jooq-codegen-3.11.10.jar:/home/user/.m2/repository/com/jolbox/bonecp/0.8.0.RELEASE/bonecp-0.8.0.RELEASE.jar:/home/user/.m2/repository/org/apache/derby/derby/10.14.2.0/derby-10.14.2.0.jar:/home/user/.m2/repository/org/xerial/sqlite-jdbc/3.25.2/sqlite-jdbc-3.25.2.jar:/home/user/.m2/repository/org/springframework/spring-jdbc/5.2.5.RELEASE/spring-jdbc-5.2.5.RELEASE.jar:/home/user/.m2/repository/org/springframework/spring-beans/5.2.5.RELEASE/spring-beans-5.2.5.RELEASE.jar:/home/user/.m2/repository/org/springframework/spring-core/5.2.5.RELEASE/spring-core-5.2.5.RELEASE.jar:/home/user/.m2/repository/org/springframework/spring-jcl/5.2.5.RELEASE/spring-jcl-5.2.5.RELEASE.jar:/home/user/.m2/repository/org/springframework/spring-tx/5.2.5.RELEASE/spring-tx-5.2.5.RELEASE.jar:/home/user/.m2/repository/org/apache/hadoop/hadoop-ozone-client/1.1.0-SNAPSHOT/hadoop-ozone-client-1.1.0-SNAPSHOT.jar:/home/user/.m2/repository/org/apache/hadoop/hadoop-ozone-filesystem/1.1.0-SNAPSHOT/hadoop-ozone-filesystem-1.1.0-SNAPSHOT.jar:/home/user/.m2/repository/org/apache/hadoop/hadoop-ozone-filesystem-common/1.1.0-SNAPSHOT/hadoop-ozone-filesystem-common-1.1.0-SNAPSHOT.jar:/home/user/.m2/repository/org/apache/hadoop/hadoop-ozone-tools/1.1.0-SNAPSHOT/hadoop-ozone-tools-1.1.0-SNAPSHOT.jar:/home/user/.m2/repository/org/apache/hadoop/hadoop-hdfs/3.2.1/hadoop-hdfs-3.2.1.jar:/home/user/.m2/repository/org/apache/ratis/ratis-tools/1.1.0-11689cd-SNAPSHOT/ratis-tools-1.1.0-11689cd-SNAPSHOT.jar:/home/user/.m2/repository/org/apache/ratis/ratis-proto/1.1.0-11689cd-SNAPSHOT/ratis-proto-1.1.0-11689cd-SNAPSHOT.jar:/home/user/.m2/repository/org/apache/ratis/ratis-common/1.1.0-11689cd-SNAPSHOT/ratis-common-1.1.0-11689cd-SNAPSHOT.jar:/home/user/.m2/repository/com/amazonaws/aws-java-sdk-core/1.11.615/aws-java-sdk-core-1.11.615.jar:/home/user/.m2/repository/org/apache/httpcomponents/httpclient/4.5.13/httpclient-4.5.13.jar:/home/user/.m2/repository/org/apache/httpcomponents/httpcore/4.4.13/httpcore-4.4.13.jar:/home/user/.m2/repository/software/amazon/ion/ion-java/1.0.2/ion-java-1.0.2.jar:/home/user/.m2/repository/com/fasterxml/jackson/dataformat/jackson-dataformat-cbor/2.10.3/jackson-dataformat-cbor-2.10.3.jar:/home/user/.m2/repository/joda-time/joda-time/2.8.1/joda-time-2.8.1.jar:/home/user/.m2/repository/com/amazonaws/aws-java-sdk-s3/1.11.615/aws-java-sdk-s3-1.11.615.jar:/home/user/.m2/repository/com/amazonaws/aws-java-sdk-kms/1.11.615/aws-java-sdk-kms-1.11.615.jar:/home/user/.m2/repository/com/amazonaws/jmespath-java/1.11.615/jmespath-java-1.11.615.jar:/home/user/.m2/repository/org/kohsuke/metainf-services/metainf-services/1.8/metainf-services-1.8.jar:/home/user/.m2/repository/org/apache/hadoop/hadoop-hdds-tools/1.1.0-SNAPSHOT/hadoop-hdds-tools-1.1.0-SNAPSHOT.jar:/home/user/.m2/repository/commons-cli/commons-cli/1.2/commons-cli-1.2.jar:/home/user/.m2/repository/org/apache/commons/commons-lang3/3.7/commons-lang3-3.7.jar:/home/user/.m2/repository/org/apache/hadoop/hadoop-ozone-ozone-manager/1.1.0-SNAPSHOT/hadoop-ozone-ozone-manager-1.1.0-SNAPSHOT-tests.jar:/home/user/.m2/repository/junit/junit/4.11/junit-4.11.jar:/home/user/.m2/repository/org/hamcrest/hamcrest-core/1.3/hamcrest-core-1.3.jar:/home/user/.m2/repository/org/openjdk/jmh/jmh-core/1.19/jmh-core-1.19.jar:/home/user/.m2/repository/net/sf/jopt-simple/jopt-simple/4.6/jopt-simple-4.6.jar:/home/user/.m2/repository/org/apache/commons/commons-math3/3.1.1/commons-math3-3.1.1.jar:/home/user/.m2/repository/org/openjdk/jmh/jmh-generator-annprocess/1.19/jmh-generator-annprocess-1.19.jar:/home/user/.m2/repository/org/mockito/mockito-all/1.8.5/mockito-all-1.8.5.jar:/home/user/.m2/repository/org/apache/hadoop/hadoop-kms/3.2.1/hadoop-kms-3.2.1.jar:/home/user/.m2/repository/org/apache/hadoop/hadoop-auth/3.2.1/hadoop-auth-3.2.1.jar:/home/user/.m2/repository/com/nimbusds/nimbus-jose-jwt/7.9/nimbus-jose-jwt-7.9.jar:/home/user/.m2/repository/com/github/stephenc/jcip/jcip-annotations/1.0-1/jcip-annotations-1.0-1.jar:/home/user/.m2/repository/net/minidev/json-smart/2.3/json-smart-2.3.jar:/home/user/.m2/repository/net/minidev/accessors-smart/1.2/accessors-smart-1.2.jar:/home/user/.m2/repository/org/ow2/asm/asm/5.0.4/asm-5.0.4.jar:/home/user/.m2/repository/org/apache/zookeeper/zookeeper/3.4.13/zookeeper-3.4.13.jar:/home/user/.m2/repository/org/apache/yetus/audience-annotations/0.5.0/audience-annotations-0.5.0.jar:/home/user/.m2/repository/org/apache/curator/curator-framework/2.13.0/curator-framework-2.13.0.jar:/home/user/.m2/repository/com/sun/jersey/jersey-core/1.19/jersey-core-1.19.jar:/home/user/.m2/repository/javax/ws/rs/jsr311-api/1.1.1/jsr311-api-1.1.1.jar:/home/user/.m2/repository/com/sun/jersey/jersey-server/1.19/jersey-server-1.19.jar:/home/user/.m2/repository/javax/servlet/javax.servlet-api/3.1.0/javax.servlet-api-3.1.0.jar:/home/user/.m2/repository/org/eclipse/jetty/jetty-server/9.4.34.v20201102/jetty-server-9.4.34.v20201102.jar:/home/user/.m2/repository/org/eclipse/jetty/jetty-http/9.4.34.v20201102/jetty-http-9.4.34.v20201102.jar:/home/user/.m2/repository/org/eclipse/jetty/jetty-io/9.4.34.v20201102/jetty-io-9.4.34.v20201102.jar:/home/user/.m2/repository/org/eclipse/jetty/jetty-webapp/9.4.34.v20201102/jetty-webapp-9.4.34.v20201102.jar:/home/user/.m2/repository/org/eclipse/jetty/jetty-xml/9.4.34.v20201102/jetty-xml-9.4.34.v20201102.jar:/home/user/.m2/repository/org/eclipse/jetty/jetty-servlet/9.4.34.v20201102/jetty-servlet-9.4.34.v20201102.jar:/home/user/.m2/repository/org/eclipse/jetty/jetty-security/9.4.34.v20201102/jetty-security-9.4.34.v20201102.jar:/home/user/.m2/repository/org/apache/hadoop/hadoop-common/3.2.1/hadoop-common-3.2.1.jar:/home/user/.m2/repository/commons-net/commons-net/3.6/commons-net-3.6.jar:/home/user/.m2/repository/commons-collections/commons-collections/3.2.2/commons-collections-3.2.2.jar:/home/user/.m2/repository/com/sun/jersey/jersey-servlet/1.19/jersey-servlet-1.19.jar:/home/user/.m2/repository/com/sun/jersey/jersey-json/1.19/jersey-json-1.19.jar:/home/user/.m2/repository/org/codehaus/jettison/jettison/1.1/jettison-1.1.jar:/home/user/.m2/repository/org/codehaus/jackson/jackson-jaxrs/1.9.2/jackson-jaxrs-1.9.2.jar:/home/user/.m2/repository/org/codehaus/jackson/jackson-xc/1.9.2/jackson-xc-1.9.2.jar:/home/user/.m2/repository/commons-beanutils/commons-beanutils/1.9.4/commons-beanutils-1.9.4.jar:/home/user/.m2/repository/org/apache/commons/commons-configuration2/2.1.1/commons-configuration2-2.1.1.jar:/home/user/.m2/repository/org/apache/commons/commons-text/1.4/commons-text-1.4.jar:/home/user/.m2/repository/com/google/re2j/re2j/1.1/re2j-1.1.jar:/home/user/.m2/repository/com/jcraft/jsch/0.1.54/jsch-0.1.54.jar:/home/user/.m2/repository/org/apache/curator/curator-client/2.13.0/curator-client-2.13.0.jar:/home/user/.m2/repository/org/apache/curator/curator-recipes/2.13.0/curator-recipes-2.13.0.jar:/home/user/.m2/repository/dnsjava/dnsjava/2.1.7/dnsjava-2.1.7.jar:/home/user/.m2/repository/org/slf4j/jul-to-slf4j/1.7.25/jul-to-slf4j-1.7.25.jar:/home/user/.m2/repository/org/eclipse/jetty/jetty-util/9.4.34.v20201102/jetty-util-9.4.34.v20201102.jar:/home/user/.m2/repository/com/fasterxml/jackson/core/jackson-databind/2.10.3/jackson-databind-2.10.3.jar:/home/user/.m2/repository/org/apache/hadoop/hadoop-kms/3.2.1/hadoop-kms-3.2.1-tests.jar:/home/user/.m2/repository/org/apache/hadoop/hadoop-hdds-server-scm/1.1.0-SNAPSHOT/hadoop-hdds-server-scm-1.1.0-SNAPSHOT-tests.jar:/home/user/.m2/repository/org/apache/hadoop/hadoop-hdds-container-service/1.1.0-SNAPSHOT/hadoop-hdds-container-service-1.1.0-SNAPSHOT-tests.jar:/home/user/.m2/repository/org/apache/hadoop/hadoop-hdds-common/1.1.0-SNAPSHOT/hadoop-hdds-common-1.1.0-SNAPSHOT-tests.jar:/home/user/.m2/repository/org/yaml/snakeyaml/1.16/snakeyaml-1.16.jar:/home/user/.m2/repository/org/apache/hadoop/hadoop-hdds-hadoop-dependency-test/1.1.0-SNAPSHOT/hadoop-hdds-hadoop-dependency-test-1.1.0-SNAPSHOT.jar:/home/user/.m2/repository/org/apache/hadoop/hadoop-common/3.2.1/hadoop-common-3.2.1-tests.jar:/home/user/.m2/repository/javax/servlet/jsp/jsp-api/2.1/jsp-api-2.1.jar:/home/user/.m2/repository/org/apache/hadoop/hadoop-hdfs/3.2.1/hadoop-hdfs-3.2.1-tests.jar:/home/user/.m2/repository/org/eclipse/jetty/jetty-util-ajax/9.4.34.v20201102/jetty-util-ajax-9.4.34.v20201102.jar:/home/user/.m2/repository/commons-codec/commons-codec/1.11/commons-codec-1.11.jar:/home/user/.m2/repository/commons-daemon/commons-daemon/1.0.13/commons-daemon-1.0.13.jar:/home/user/.m2/repository/io/netty/netty/3.10.5.Final/netty-3.10.5.Final.jar:/home/user/.m2/repository/io/netty/netty-all/4.1.48.Final/netty-all-4.1.48.Final.jar:/home/user/.m2/repository/org/apache/htrace/htrace-core4/4.1.0-incubating/htrace-core4-4.1.0-incubating.jar:/home/user/.m2/repository/org/fusesource/leveldbjni/leveldbjni-all/1.8/leveldbjni-all-1.8.jar:/home/user/.m2/repository/org/apache/hadoop/hadoop-distcp/3.2.1/hadoop-distcp-3.2.1.jar:/home/user/.m2/repository/org/apache/hadoop/hadoop-mapreduce-client-jobclient/3.2.1/hadoop-mapreduce-client-jobclient-3.2.1.jar:/home/user/.m2/repository/org/apache/hadoop/hadoop-mapreduce-client-common/3.2.1/hadoop-mapreduce-client-common-3.2.1.jar:/home/user/.m2/repository/org/apache/hadoop/hadoop-yarn-common/3.2.1/hadoop-yarn-common-3.2.1.jar:/home/user/.m2/repository/org/apache/hadoop/hadoop-yarn-api/3.2.1/hadoop-yarn-api-3.2.1.jar:/home/user/.m2/repository/com/sun/jersey/jersey-client/1.19/jersey-client-1.19.jar:/home/user/.m2/repository/com/sun/jersey/contribs/jersey-guice/1.19/jersey-guice-1.19.jar:/home/user/.m2/repository/com/fasterxml/jackson/jaxrs/jackson-jaxrs-json-provider/2.10.3/jackson-jaxrs-json-provider-2.10.3.jar:/home/user/.m2/repository/com/fasterxml/jackson/jaxrs/jackson-jaxrs-base/2.10.3/jackson-jaxrs-base-2.10.3.jar:/home/user/.m2/repository/org/apache/hadoop/hadoop-yarn-client/3.2.1/hadoop-yarn-client-3.2.1.jar:/home/user/.m2/repository/org/apache/hadoop/hadoop-mapreduce-client-core/3.2.1/hadoop-mapreduce-client-core-3.2.1.jar:/home/user/.m2/repository/org/apache/avro/avro/1.7.7/avro-1.7.7.jar:/home/user/.m2/repository/org/codehaus/jackson/jackson-core-asl/1.9.13/jackson-core-asl-1.9.13.jar:/home/user/.m2/repository/org/codehaus/jackson/jackson-mapper-asl/1.9.13/jackson-mapper-asl-1.9.13.jar:/home/user/.m2/repository/com/thoughtworks/paranamer/paranamer/2.3/paranamer-2.3.jar:/home/user/.m2/repository/org/xerial/snappy/snappy-java/1.0.5/snappy-java-1.0.5.jar:/home/user/.m2/repository/org/apache/hadoop/hadoop-annotations/3.2.1/hadoop-annotations-3.2.1.jar:/usr/lib/jvm/java-1.8.0-openjdk-1.8.0.232.b09-0.el7_7.x86_64/jre/../lib/tools.jar:/home/user/.m2/repository/org/apache/hadoop/hadoop-distcp/3.2.1/hadoop-distcp-3.2.1-tests.jar:"/>
    <property name="java.vm.vendor" value="Oracle Corporation"/>
    <property name="sun.arch.data.model" value="64"/>
    <property name="test.build.dir" value="/github/workspace/mnt/ozone/hadoop-ozone/integration-test/target/test-dir"/>
    <property name="test.cache.data" value=""/>
    <property name="java.vendor.url" value="http://java.oracle.com/"/>
    <property name="user.timezone" value=""/>
    <property name="java.vm.specification.version" value="1.8"/>
    <property name="os.name" value="Linux"/>
    <property name="test.build.data" value="/github/workspace/mnt/ozone/hadoop-ozone/integration-test/target/test-dir"/>
    <property name="user.country" value="US"/>
    <property name="sun.java.launcher" value="SUN_STANDARD"/>
    <property name="sun.boot.library.path" value="/usr/lib/jvm/java-1.8.0-openjdk-1.8.0.232.b09-0.el7_7.x86_64/jre/lib/amd64"/>
    <property name="sun.java.command" value="/github/workspace/mnt/ozone/hadoop-ozone/integration-test/target/surefire/surefirebooter83820672152612923.jar /github/workspace/mnt/ozone/hadoop-ozone/integration-test/target/surefire 2020-11-19T22-48-34_289-jvmRun1 surefire6122488275832127412tmp surefire_115699844400533476745tmp"/>
    <property name="surefire.test.class.path" value="/github/workspace/mnt/ozone/hadoop-ozone/integration-test/target/test-classes:/github/workspace/mnt/ozone/hadoop-ozone/integration-test/target/classes:/home/user/.m2/repository/org/apache/hadoop/hadoop-ozone-common/1.1.0-SNAPSHOT/hadoop-ozone-common-1.1.0-SNAPSHOT.jar:/home/user/.m2/repository/org/apache/commons/commons-compress/1.4.1/commons-compress-1.4.1.jar:/home/user/.m2/repository/org/tukaani/xz/1.0/xz-1.0.jar:/home/user/.m2/repository/org/apache/hadoop/hadoop-hdds-common/1.1.0-SNAPSHOT/hadoop-hdds-common-1.1.0-SNAPSHOT.jar:/home/user/.m2/repository/org/apache/hadoop/hadoop-hdds-hadoop-dependency-client/1.1.0-SNAPSHOT/hadoop-hdds-hadoop-dependency-client-1.1.0-SNAPSHOT.jar:/home/user/.m2/repository/info/picocli/picocli/4.4.0/picocli-4.4.0.jar:/home/user/.m2/repository/com/fasterxml/jackson/core/jackson-annotations/2.10.3/jackson-annotations-2.10.3.jar:/home/user/.m2/repository/javax/annotation/javax.annotation-api/1.2/javax.annotation-api-1.2.jar:/home/user/.m2/repository/org/apache/ratis/ratis-server/1.1.0-11689cd-SNAPSHOT/ratis-server-1.1.0-11689cd-SNAPSHOT.jar:/home/user/.m2/repository/org/apache/ratis/ratis-client/1.1.0-11689cd-SNAPSHOT/ratis-client-1.1.0-11689cd-SNAPSHOT.jar:/home/user/.m2/repository/org/apache/ratis/ratis-metrics/1.1.0-11689cd-SNAPSHOT/ratis-metrics-1.1.0-11689cd-SNAPSHOT.jar:/home/user/.m2/repository/org/apache/ratis/ratis-netty/1.1.0-11689cd-SNAPSHOT/ratis-netty-1.1.0-11689cd-SNAPSHOT.jar:/home/user/.m2/repository/org/apache/ratis/ratis-grpc/1.1.0-11689cd-SNAPSHOT/ratis-grpc-1.1.0-11689cd-SNAPSHOT.jar:/home/user/.m2/repository/org/apache/logging/log4j/log4j-api/2.13.3/log4j-api-2.13.3.jar:/home/user/.m2/repository/org/apache/logging/log4j/log4j-core/2.13.3/log4j-core-2.13.3.jar:/home/user/.m2/repository/com/lmax/disruptor/3.4.2/disruptor-3.4.2.jar:/home/user/.m2/repository/org/apache/commons/commons-pool2/2.6.0/commons-pool2-2.6.0.jar:/home/user/.m2/repository/org/bouncycastle/bcpkix-jdk15on/1.60/bcpkix-jdk15on-1.60.jar:/home/user/.m2/repository/commons-validator/commons-validator/1.6/commons-validator-1.6.jar:/home/user/.m2/repository/commons-digester/commons-digester/1.8.1/commons-digester-1.8.1.jar:/home/user/.m2/repository/io/jaegertracing/jaeger-client/1.2.0/jaeger-client-1.2.0.jar:/home/user/.m2/repository/io/jaegertracing/jaeger-thrift/1.2.0/jaeger-thrift-1.2.0.jar:/home/user/.m2/repository/org/apache/thrift/libthrift/0.13.0/libthrift-0.13.0.jar:/home/user/.m2/repository/com/squareup/okhttp3/okhttp/4.2.2/okhttp-4.2.2.jar:/home/user/.m2/repository/com/squareup/okio/okio/2.2.2/okio-2.2.2.jar:/home/user/.m2/repository/org/jetbrains/kotlin/kotlin-stdlib/1.3.50/kotlin-stdlib-1.3.50.jar:/home/user/.m2/repository/org/jetbrains/kotlin/kotlin-stdlib-common/1.3.50/kotlin-stdlib-common-1.3.50.jar:/home/user/.m2/repository/org/jetbrains/annotations/13.0/annotations-13.0.jar:/home/user/.m2/repository/io/jaegertracing/jaeger-core/1.2.0/jaeger-core-1.2.0.jar:/home/user/.m2/repository/io/jaegertracing/jaeger-tracerresolver/1.2.0/jaeger-tracerresolver-1.2.0.jar:/home/user/.m2/repository/io/opentracing/contrib/opentracing-tracerresolver/0.1.8/opentracing-tracerresolver-0.1.8.jar:/home/user/.m2/repository/io/opentracing/opentracing-util/0.33.0/opentracing-util-0.33.0.jar:/home/user/.m2/repository/io/opentracing/opentracing-api/0.33.0/opentracing-api-0.33.0.jar:/home/user/.m2/repository/io/opentracing/opentracing-noop/0.33.0/opentracing-noop-0.33.0.jar:/home/user/.m2/repository/org/apache/hadoop/hadoop-hdds-client/1.1.0-SNAPSHOT/hadoop-hdds-client-1.1.0-SNAPSHOT.jar:/home/user/.m2/repository/org/apache/hadoop/hadoop-ozone-interface-client/1.1.0-SNAPSHOT/hadoop-ozone-interface-client-1.1.0-SNAPSHOT.jar:/home/user/.m2/repository/org/apache/hadoop/hadoop-hdds-test-utils/1.1.0-SNAPSHOT/hadoop-hdds-test-utils-1.1.0-SNAPSHOT.jar:/home/user/.m2/repository/com/google/guava/guava/28.2-jre/guava-28.2-jre.jar:/home/user/.m2/repository/com/google/guava/failureaccess/1.0.1/failureaccess-1.0.1.jar:/home/user/.m2/repository/com/google/guava/listenablefuture/9999.0-empty-to-avoid-conflict-with-guava/listenablefuture-9999.0-empty-to-avoid-conflict-with-guava.jar:/home/user/.m2/repository/com/google/code/findbugs/jsr305/3.0.0/jsr305-3.0.0.jar:/home/user/.m2/repository/org/checkerframework/checker-qual/2.10.0/checker-qual-2.10.0.jar:/home/user/.m2/repository/com/google/errorprone/error_prone_annotations/2.2.0/error_prone_annotations-2.2.0.jar:/home/user/.m2/repository/com/google/j2objc/j2objc-annotations/1.3/j2objc-annotations-1.3.jar:/home/user/.m2/repository/commons-io/commons-io/2.5/commons-io-2.5.jar:/home/user/.m2/repository/commons-logging/commons-logging/1.2/commons-logging-1.2.jar:/home/user/.m2/repository/log4j/log4j/1.2.17/log4j-1.2.17.jar:/home/user/.m2/repository/org/slf4j/slf4j-api/1.7.25/slf4j-api-1.7.25.jar:/home/user/.m2/repository/org/apache/hadoop/hadoop-hdds-server-scm/1.1.0-SNAPSHOT/hadoop-hdds-server-scm-1.1.0-SNAPSHOT.jar:/home/user/.m2/repository/org/apache/hadoop/hadoop-hdds-container-service/1.1.0-SNAPSHOT/hadoop-hdds-container-service-1.1.0-SNAPSHOT.jar:/home/user/.m2/repository/org/apache/hadoop/hadoop-hdds-hadoop-dependency-server/1.1.0-SNAPSHOT/hadoop-hdds-hadoop-dependency-server-1.1.0-SNAPSHOT.jar:/home/user/.m2/repository/org/apache/hadoop/hadoop-hdds-server-framework/1.1.0-SNAPSHOT/hadoop-hdds-server-framework-1.1.0-SNAPSHOT.jar:/home/user/.m2/repository/org/apache/hadoop/hadoop-hdds-interface-server/1.1.0-SNAPSHOT/hadoop-hdds-interface-server-1.1.0-SNAPSHOT.jar:/home/user/.m2/repository/org/apache/hadoop/hadoop-hdds-interface-admin/1.1.0-SNAPSHOT/hadoop-hdds-interface-admin-1.1.0-SNAPSHOT.jar:/home/user/.m2/repository/org/rocksdb/rocksdbjni/6.8.1/rocksdbjni-6.8.1.jar:/home/user/.m2/repository/io/prometheus/simpleclient_dropwizard/0.7.0/simpleclient_dropwizard-0.7.0.jar:/home/user/.m2/repository/io/prometheus/simpleclient/0.7.0/simpleclient-0.7.0.jar:/home/user/.m2/repository/io/prometheus/simpleclient_common/0.7.0/simpleclient_common-0.7.0.jar:/home/user/.m2/repository/com/fasterxml/jackson/datatype/jackson-datatype-jsr310/2.10.3/jackson-datatype-jsr310-2.10.3.jar:/home/user/.m2/repository/io/dropwizard/metrics/metrics-core/3.2.4/metrics-core-3.2.4.jar:/home/user/.m2/repository/org/apache/hadoop/hadoop-hdfs-client/3.2.1/hadoop-hdfs-client-3.2.1.jar:/home/user/.m2/repository/org/bouncycastle/bcprov-jdk15on/1.60/bcprov-jdk15on-1.60.jar:/home/user/.m2/repository/org/apache/hadoop/hadoop-ozone-ozone-manager/1.1.0-SNAPSHOT/hadoop-ozone-ozone-manager-1.1.0-SNAPSHOT.jar:/home/user/.m2/repository/org/apache/hadoop/hadoop-hdds-interface-client/1.1.0-SNAPSHOT/hadoop-hdds-interface-client-1.1.0-SNAPSHOT.jar:/home/user/.m2/repository/org/apache/ratis/ratis-thirdparty-misc/0.6.0-SNAPSHOT/ratis-thirdparty-misc-0.6.0-SNAPSHOT.jar:/home/user/.m2/repository/org/apache/hadoop/hadoop-ozone-interface-storage/1.1.0-SNAPSHOT/hadoop-ozone-interface-storage-1.1.0-SNAPSHOT.jar:/home/user/.m2/repository/org/apache/hadoop/hadoop-minikdc/3.2.1/hadoop-minikdc-3.2.1.jar:/home/user/.m2/repository/org/apache/kerby/kerb-simplekdc/1.0.1/kerb-simplekdc-1.0.1.jar:/home/user/.m2/repository/org/apache/kerby/kerb-client/1.0.1/kerb-client-1.0.1.jar:/home/user/.m2/repository/org/apache/kerby/kerby-config/1.0.1/kerby-config-1.0.1.jar:/home/user/.m2/repository/org/apache/kerby/kerb-core/1.0.1/kerb-core-1.0.1.jar:/home/user/.m2/repository/org/apache/kerby/kerby-pkix/1.0.1/kerby-pkix-1.0.1.jar:/home/user/.m2/repository/org/apache/kerby/kerby-asn1/1.0.1/kerby-asn1-1.0.1.jar:/home/user/.m2/repository/org/apache/kerby/kerby-util/1.0.1/kerby-util-1.0.1.jar:/home/user/.m2/repository/org/apache/kerby/kerb-common/1.0.1/kerb-common-1.0.1.jar:/home/user/.m2/repository/org/apache/kerby/kerb-crypto/1.0.1/kerb-crypto-1.0.1.jar:/home/user/.m2/repository/org/apache/kerby/kerb-util/1.0.1/kerb-util-1.0.1.jar:/home/user/.m2/repository/org/apache/kerby/token-provider/1.0.1/token-provider-1.0.1.jar:/home/user/.m2/repository/org/apache/kerby/kerb-admin/1.0.1/kerb-admin-1.0.1.jar:/home/user/.m2/repository/org/apache/kerby/kerb-server/1.0.1/kerb-server-1.0.1.jar:/home/user/.m2/repository/org/apache/kerby/kerb-identity/1.0.1/kerb-identity-1.0.1.jar:/home/user/.m2/repository/org/apache/kerby/kerby-xdr/1.0.1/kerby-xdr-1.0.1.jar:/home/user/.m2/repository/org/slf4j/slf4j-log4j12/1.7.25/slf4j-log4j12-1.7.25.jar:/home/user/.m2/repository/org/apache/hadoop/hadoop-ozone-s3gateway/1.1.0-SNAPSHOT/hadoop-ozone-s3gateway-1.1.0-SNAPSHOT.jar:/home/user/.m2/repository/org/jboss/weld/servlet/weld-servlet/2.4.7.Final/weld-servlet-2.4.7.Final.jar:/home/user/.m2/repository/org/glassfish/jersey/containers/jersey-container-servlet-core/2.27/jersey-container-servlet-core-2.27.jar:/home/user/.m2/repository/org/glassfish/hk2/external/javax.inject/2.5.0-b42/javax.inject-2.5.0-b42.jar:/home/user/.m2/repository/org/glassfish/jersey/core/jersey-common/2.27/jersey-common-2.27.jar:/home/user/.m2/repository/org/glassfish/hk2/osgi-resource-locator/1.0.1/osgi-resource-locator-1.0.1.jar:/home/user/.m2/repository/javax/ws/rs/javax.ws.rs-api/2.1/javax.ws.rs-api-2.1.jar:/home/user/.m2/repository/org/glassfish/jersey/ext/cdi/jersey-cdi1x/2.27/jersey-cdi1x-2.27.jar:/home/user/.m2/repository/org/glassfish/jersey/inject/jersey-hk2/2.27/jersey-hk2-2.27.jar:/home/user/.m2/repository/org/glassfish/hk2/hk2-locator/2.5.0-b42/hk2-locator-2.5.0-b42.jar:/home/user/.m2/repository/org/javassist/javassist/3.22.0-CR2/javassist-3.22.0-CR2.jar:/home/user/.m2/repository/org/glassfish/hk2/hk2-api/2.5.0/hk2-api-2.5.0.jar:/home/user/.m2/repository/org/glassfish/hk2/external/jakarta.inject/2.5.0/jakarta.inject-2.5.0.jar:/home/user/.m2/repository/org/glassfish/hk2/hk2-utils/2.5.0/hk2-utils-2.5.0.jar:/home/user/.m2/repository/jakarta/annotation/jakarta.annotation-api/1.3.4/jakarta.annotation-api-1.3.4.jar:/home/user/.m2/repository/org/glassfish/hk2/external/aopalliance-repackaged/2.5.0/aopalliance-repackaged-2.5.0.jar:/home/user/.m2/repository/com/fasterxml/jackson/dataformat/jackson-dataformat-xml/2.10.3/jackson-dataformat-xml-2.10.3.jar:/home/user/.m2/repository/com/fasterxml/jackson/core/jackson-core/2.10.3/jackson-core-2.10.3.jar:/home/user/.m2/repository/com/fasterxml/jackson/module/jackson-module-jaxb-annotations/2.10.3/jackson-module-jaxb-annotations-2.10.3.jar:/home/user/.m2/repository/jakarta/xml/bind/jakarta.xml.bind-api/2.3.2/jakarta.xml.bind-api-2.3.2.jar:/home/user/.m2/repository/jakarta/activation/jakarta.activation-api/1.2.1/jakarta.activation-api-1.2.1.jar:/home/user/.m2/repository/org/codehaus/woodstox/stax2-api/3.1.4/stax2-api-3.1.4.jar:/home/user/.m2/repository/com/fasterxml/woodstox/woodstox-core/5.0.3/woodstox-core-5.0.3.jar:/home/user/.m2/repository/javax/enterprise/cdi-api/1.2/cdi-api-1.2.jar:/home/user/.m2/repository/javax/el/javax.el-api/3.0.0/javax.el-api-3.0.0.jar:/home/user/.m2/repository/javax/interceptor/javax.interceptor-api/1.2/javax.interceptor-api-1.2.jar:/home/user/.m2/repository/javax/inject/javax.inject/1/javax.inject-1.jar:/home/user/.m2/repository/com/sun/xml/bind/jaxb-impl/2.3.0.1/jaxb-impl-2.3.0.1.jar:/home/user/.m2/repository/com/sun/xml/bind/jaxb-core/2.3.0.1/jaxb-core-2.3.0.1.jar:/home/user/.m2/repository/javax/xml/bind/jaxb-api/2.3.0/jaxb-api-2.3.0.jar:/home/user/.m2/repository/javax/activation/activation/1.1.1/activation-1.1.1.jar:/home/user/.m2/repository/org/apache/hadoop/hadoop-ozone-csi/1.1.0-SNAPSHOT/hadoop-ozone-csi-1.1.0-SNAPSHOT.jar:/home/user/.m2/repository/com/google/protobuf/protobuf-java-util/3.11.0/protobuf-java-util-3.11.0.jar:/home/user/.m2/repository/com/google/code/gson/gson/2.2.4/gson-2.2.4.jar:/home/user/.m2/repository/org/apache/hadoop/hadoop-hdds-config/1.1.0-SNAPSHOT/hadoop-hdds-config-1.1.0-SNAPSHOT.jar:/home/user/.m2/repository/com/google/protobuf/protobuf-java/2.5.0/protobuf-java-2.5.0.jar:/home/user/.m2/repository/io/grpc/grpc-netty/1.29.0/grpc-netty-1.29.0.jar:/home/user/.m2/repository/io/grpc/grpc-core/1.29.0/grpc-core-1.29.0.jar:/home/user/.m2/repository/com/google/android/annotations/4.1.1.4/annotations-4.1.1.4.jar:/home/user/.m2/repository/io/perfmark/perfmark-api/0.19.0/perfmark-api-0.19.0.jar:/home/user/.m2/repository/io/netty/netty-codec-http2/4.1.48.Final/netty-codec-http2-4.1.48.Final.jar:/home/user/.m2/repository/io/netty/netty-codec/4.1.48.Final/netty-codec-4.1.48.Final.jar:/home/user/.m2/repository/io/netty/netty-handler/4.1.48.Final/netty-handler-4.1.48.Final.jar:/home/user/.m2/repository/io/netty/netty-codec-http/4.1.48.Final/netty-codec-http-4.1.48.Final.jar:/home/user/.m2/repository/io/netty/netty-handler-proxy/4.1.48.Final/netty-handler-proxy-4.1.48.Final.jar:/home/user/.m2/repository/io/netty/netty-codec-socks/4.1.48.Final/netty-codec-socks-4.1.48.Final.jar:/home/user/.m2/repository/io/netty/netty-transport-native-epoll/4.1.48.Final/netty-transport-native-epoll-4.1.48.Final.jar:/home/user/.m2/repository/io/netty/netty-common/4.1.48.Final/netty-common-4.1.48.Final.jar:/home/user/.m2/repository/io/netty/netty-buffer/4.1.48.Final/netty-buffer-4.1.48.Final.jar:/home/user/.m2/repository/io/netty/netty-transport/4.1.48.Final/netty-transport-4.1.48.Final.jar:/home/user/.m2/repository/io/netty/netty-resolver/4.1.48.Final/netty-resolver-4.1.48.Final.jar:/home/user/.m2/repository/io/netty/netty-transport-native-unix-common/4.1.48.Final/netty-transport-native-unix-common-4.1.48.Final.jar:/home/user/.m2/repository/io/grpc/grpc-protobuf/1.29.0/grpc-protobuf-1.29.0.jar:/home/user/.m2/repository/io/grpc/grpc-api/1.29.0/grpc-api-1.29.0.jar:/home/user/.m2/repository/io/grpc/grpc-context/1.29.0/grpc-context-1.29.0.jar:/home/user/.m2/repository/org/codehaus/mojo/animal-sniffer-annotations/1.18/animal-sniffer-annotations-1.18.jar:/home/user/.m2/repository/com/google/api/grpc/proto-google-common-protos/1.17.0/proto-google-common-protos-1.17.0.jar:/home/user/.m2/repository/io/grpc/grpc-protobuf-lite/1.29.0/grpc-protobuf-lite-1.29.0.jar:/home/user/.m2/repository/io/grpc/grpc-stub/1.29.0/grpc-stub-1.29.0.jar:/home/user/.m2/repository/org/apache/hadoop/hadoop-ozone-recon/1.1.0-SNAPSHOT/hadoop-ozone-recon-1.1.0-SNAPSHOT.jar:/home/user/.m2/repository/org/apache/hadoop/hadoop-ozone-reconcodegen/1.1.0-SNAPSHOT/hadoop-ozone-reconcodegen-1.1.0-SNAPSHOT.jar:/home/user/.m2/repository/com/google/inject/extensions/guice-multibindings/4.0/guice-multibindings-4.0.jar:/home/user/.m2/repository/com/google/inject/guice/4.0/guice-4.0.jar:/home/user/.m2/repository/aopalliance/aopalliance/1.0/aopalliance-1.0.jar:/home/user/.m2/repository/com/google/inject/extensions/guice-assistedinject/4.0/guice-assistedinject-4.0.jar:/home/user/.m2/repository/com/google/inject/extensions/guice-servlet/4.0/guice-servlet-4.0.jar:/home/user/.m2/repository/org/glassfish/jersey/containers/jersey-container-servlet/2.27/jersey-container-servlet-2.27.jar:/home/user/.m2/repository/org/glassfish/hk2/guice-bridge/2.5.0/guice-bridge-2.5.0.jar:/home/user/.m2/repository/org/glassfish/jersey/core/jersey-server/2.27/jersey-server-2.27.jar:/home/user/.m2/repository/org/glassfish/jersey/core/jersey-client/2.27/jersey-client-2.27.jar:/home/user/.m2/repository/org/glassfish/jersey/media/jersey-media-jaxb/2.27/jersey-media-jaxb-2.27.jar:/home/user/.m2/repository/javax/validation/validation-api/1.1.0.Final/validation-api-1.1.0.Final.jar:/home/user/.m2/repository/org/glassfish/jersey/media/jersey-media-json-jackson/2.27/jersey-media-json-jackson-2.27.jar:/home/user/.m2/repository/org/glassfish/jersey/ext/jersey-entity-filtering/2.27/jersey-entity-filtering-2.27.jar:/home/user/.m2/repository/org/jooq/jooq/3.11.10/jooq-3.11.10.jar:/home/user/.m2/repository/org/jooq/jooq-meta/3.11.10/jooq-meta-3.11.10.jar:/home/user/.m2/repository/org/jooq/jooq-codegen/3.11.10/jooq-codegen-3.11.10.jar:/home/user/.m2/repository/com/jolbox/bonecp/0.8.0.RELEASE/bonecp-0.8.0.RELEASE.jar:/home/user/.m2/repository/org/apache/derby/derby/10.14.2.0/derby-10.14.2.0.jar:/home/user/.m2/repository/org/xerial/sqlite-jdbc/3.25.2/sqlite-jdbc-3.25.2.jar:/home/user/.m2/repository/org/springframework/spring-jdbc/5.2.5.RELEASE/spring-jdbc-5.2.5.RELEASE.jar:/home/user/.m2/repository/org/springframework/spring-beans/5.2.5.RELEASE/spring-beans-5.2.5.RELEASE.jar:/home/user/.m2/repository/org/springframework/spring-core/5.2.5.RELEASE/spring-core-5.2.5.RELEASE.jar:/home/user/.m2/repository/org/springframework/spring-jcl/5.2.5.RELEASE/spring-jcl-5.2.5.RELEASE.jar:/home/user/.m2/repository/org/springframework/spring-tx/5.2.5.RELEASE/spring-tx-5.2.5.RELEASE.jar:/home/user/.m2/repository/org/apache/hadoop/hadoop-ozone-client/1.1.0-SNAPSHOT/hadoop-ozone-client-1.1.0-SNAPSHOT.jar:/home/user/.m2/repository/org/apache/hadoop/hadoop-ozone-filesystem/1.1.0-SNAPSHOT/hadoop-ozone-filesystem-1.1.0-SNAPSHOT.jar:/home/user/.m2/repository/org/apache/hadoop/hadoop-ozone-filesystem-common/1.1.0-SNAPSHOT/hadoop-ozone-filesystem-common-1.1.0-SNAPSHOT.jar:/home/user/.m2/repository/org/apache/hadoop/hadoop-ozone-tools/1.1.0-SNAPSHOT/hadoop-ozone-tools-1.1.0-SNAPSHOT.jar:/home/user/.m2/repository/org/apache/hadoop/hadoop-hdfs/3.2.1/hadoop-hdfs-3.2.1.jar:/home/user/.m2/repository/org/apache/ratis/ratis-tools/1.1.0-11689cd-SNAPSHOT/ratis-tools-1.1.0-11689cd-SNAPSHOT.jar:/home/user/.m2/repository/org/apache/ratis/ratis-proto/1.1.0-11689cd-SNAPSHOT/ratis-proto-1.1.0-11689cd-SNAPSHOT.jar:/home/user/.m2/repository/org/apache/ratis/ratis-common/1.1.0-11689cd-SNAPSHOT/ratis-common-1.1.0-11689cd-SNAPSHOT.jar:/home/user/.m2/repository/com/amazonaws/aws-java-sdk-core/1.11.615/aws-java-sdk-core-1.11.615.jar:/home/user/.m2/repository/org/apache/httpcomponents/httpclient/4.5.13/httpclient-4.5.13.jar:/home/user/.m2/repository/org/apache/httpcomponents/httpcore/4.4.13/httpcore-4.4.13.jar:/home/user/.m2/repository/software/amazon/ion/ion-java/1.0.2/ion-java-1.0.2.jar:/home/user/.m2/repository/com/fasterxml/jackson/dataformat/jackson-dataformat-cbor/2.10.3/jackson-dataformat-cbor-2.10.3.jar:/home/user/.m2/repository/joda-time/joda-time/2.8.1/joda-time-2.8.1.jar:/home/user/.m2/repository/com/amazonaws/aws-java-sdk-s3/1.11.615/aws-java-sdk-s3-1.11.615.jar:/home/user/.m2/repository/com/amazonaws/aws-java-sdk-kms/1.11.615/aws-java-sdk-kms-1.11.615.jar:/home/user/.m2/repository/com/amazonaws/jmespath-java/1.11.615/jmespath-java-1.11.615.jar:/home/user/.m2/repository/org/kohsuke/metainf-services/metainf-services/1.8/metainf-services-1.8.jar:/home/user/.m2/repository/org/apache/hadoop/hadoop-hdds-tools/1.1.0-SNAPSHOT/hadoop-hdds-tools-1.1.0-SNAPSHOT.jar:/home/user/.m2/repository/commons-cli/commons-cli/1.2/commons-cli-1.2.jar:/home/user/.m2/repository/org/apache/commons/commons-lang3/3.7/commons-lang3-3.7.jar:/home/user/.m2/repository/org/apache/hadoop/hadoop-ozone-ozone-manager/1.1.0-SNAPSHOT/hadoop-ozone-ozone-manager-1.1.0-SNAPSHOT-tests.jar:/home/user/.m2/repository/junit/junit/4.11/junit-4.11.jar:/home/user/.m2/repository/org/hamcrest/hamcrest-core/1.3/hamcrest-core-1.3.jar:/home/user/.m2/repository/org/openjdk/jmh/jmh-core/1.19/jmh-core-1.19.jar:/home/user/.m2/repository/net/sf/jopt-simple/jopt-simple/4.6/jopt-simple-4.6.jar:/home/user/.m2/repository/org/apache/commons/commons-math3/3.1.1/commons-math3-3.1.1.jar:/home/user/.m2/repository/org/openjdk/jmh/jmh-generator-annprocess/1.19/jmh-generator-annprocess-1.19.jar:/home/user/.m2/repository/org/mockito/mockito-all/1.8.5/mockito-all-1.8.5.jar:/home/user/.m2/repository/org/apache/hadoop/hadoop-kms/3.2.1/hadoop-kms-3.2.1.jar:/home/user/.m2/repository/org/apache/hadoop/hadoop-auth/3.2.1/hadoop-auth-3.2.1.jar:/home/user/.m2/repository/com/nimbusds/nimbus-jose-jwt/7.9/nimbus-jose-jwt-7.9.jar:/home/user/.m2/repository/com/github/stephenc/jcip/jcip-annotations/1.0-1/jcip-annotations-1.0-1.jar:/home/user/.m2/repository/net/minidev/json-smart/2.3/json-smart-2.3.jar:/home/user/.m2/repository/net/minidev/accessors-smart/1.2/accessors-smart-1.2.jar:/home/user/.m2/repository/org/ow2/asm/asm/5.0.4/asm-5.0.4.jar:/home/user/.m2/repository/org/apache/zookeeper/zookeeper/3.4.13/zookeeper-3.4.13.jar:/home/user/.m2/repository/org/apache/yetus/audience-annotations/0.5.0/audience-annotations-0.5.0.jar:/home/user/.m2/repository/org/apache/curator/curator-framework/2.13.0/curator-framework-2.13.0.jar:/home/user/.m2/repository/com/sun/jersey/jersey-core/1.19/jersey-core-1.19.jar:/home/user/.m2/repository/javax/ws/rs/jsr311-api/1.1.1/jsr311-api-1.1.1.jar:/home/user/.m2/repository/com/sun/jersey/jersey-server/1.19/jersey-server-1.19.jar:/home/user/.m2/repository/javax/servlet/javax.servlet-api/3.1.0/javax.servlet-api-3.1.0.jar:/home/user/.m2/repository/org/eclipse/jetty/jetty-server/9.4.34.v20201102/jetty-server-9.4.34.v20201102.jar:/home/user/.m2/repository/org/eclipse/jetty/jetty-http/9.4.34.v20201102/jetty-http-9.4.34.v20201102.jar:/home/user/.m2/repository/org/eclipse/jetty/jetty-io/9.4.34.v20201102/jetty-io-9.4.34.v20201102.jar:/home/user/.m2/repository/org/eclipse/jetty/jetty-webapp/9.4.34.v20201102/jetty-webapp-9.4.34.v20201102.jar:/home/user/.m2/repository/org/eclipse/jetty/jetty-xml/9.4.34.v20201102/jetty-xml-9.4.34.v20201102.jar:/home/user/.m2/repository/org/eclipse/jetty/jetty-servlet/9.4.34.v20201102/jetty-servlet-9.4.34.v20201102.jar:/home/user/.m2/repository/org/eclipse/jetty/jetty-security/9.4.34.v20201102/jetty-security-9.4.34.v20201102.jar:/home/user/.m2/repository/org/apache/hadoop/hadoop-common/3.2.1/hadoop-common-3.2.1.jar:/home/user/.m2/repository/commons-net/commons-net/3.6/commons-net-3.6.jar:/home/user/.m2/repository/commons-collections/commons-collections/3.2.2/commons-collections-3.2.2.jar:/home/user/.m2/repository/com/sun/jersey/jersey-servlet/1.19/jersey-servlet-1.19.jar:/home/user/.m2/repository/com/sun/jersey/jersey-json/1.19/jersey-json-1.19.jar:/home/user/.m2/repository/org/codehaus/jettison/jettison/1.1/jettison-1.1.jar:/home/user/.m2/repository/org/codehaus/jackson/jackson-jaxrs/1.9.2/jackson-jaxrs-1.9.2.jar:/home/user/.m2/repository/org/codehaus/jackson/jackson-xc/1.9.2/jackson-xc-1.9.2.jar:/home/user/.m2/repository/commons-beanutils/commons-beanutils/1.9.4/commons-beanutils-1.9.4.jar:/home/user/.m2/repository/org/apache/commons/commons-configuration2/2.1.1/commons-configuration2-2.1.1.jar:/home/user/.m2/repository/org/apache/commons/commons-text/1.4/commons-text-1.4.jar:/home/user/.m2/repository/com/google/re2j/re2j/1.1/re2j-1.1.jar:/home/user/.m2/repository/com/jcraft/jsch/0.1.54/jsch-0.1.54.jar:/home/user/.m2/repository/org/apache/curator/curator-client/2.13.0/curator-client-2.13.0.jar:/home/user/.m2/repository/org/apache/curator/curator-recipes/2.13.0/curator-recipes-2.13.0.jar:/home/user/.m2/repository/dnsjava/dnsjava/2.1.7/dnsjava-2.1.7.jar:/home/user/.m2/repository/org/slf4j/jul-to-slf4j/1.7.25/jul-to-slf4j-1.7.25.jar:/home/user/.m2/repository/org/eclipse/jetty/jetty-util/9.4.34.v20201102/jetty-util-9.4.34.v20201102.jar:/home/user/.m2/repository/com/fasterxml/jackson/core/jackson-databind/2.10.3/jackson-databind-2.10.3.jar:/home/user/.m2/repository/org/apache/hadoop/hadoop-kms/3.2.1/hadoop-kms-3.2.1-tests.jar:/home/user/.m2/repository/org/apache/hadoop/hadoop-hdds-server-scm/1.1.0-SNAPSHOT/hadoop-hdds-server-scm-1.1.0-SNAPSHOT-tests.jar:/home/user/.m2/repository/org/apache/hadoop/hadoop-hdds-container-service/1.1.0-SNAPSHOT/hadoop-hdds-container-service-1.1.0-SNAPSHOT-tests.jar:/home/user/.m2/repository/org/apache/hadoop/hadoop-hdds-common/1.1.0-SNAPSHOT/hadoop-hdds-common-1.1.0-SNAPSHOT-tests.jar:/home/user/.m2/repository/org/yaml/snakeyaml/1.16/snakeyaml-1.16.jar:/home/user/.m2/repository/org/apache/hadoop/hadoop-hdds-hadoop-dependency-test/1.1.0-SNAPSHOT/hadoop-hdds-hadoop-dependency-test-1.1.0-SNAPSHOT.jar:/home/user/.m2/repository/org/apache/hadoop/hadoop-common/3.2.1/hadoop-common-3.2.1-tests.jar:/home/user/.m2/repository/javax/servlet/jsp/jsp-api/2.1/jsp-api-2.1.jar:/home/user/.m2/repository/org/apache/hadoop/hadoop-hdfs/3.2.1/hadoop-hdfs-3.2.1-tests.jar:/home/user/.m2/repository/org/eclipse/jetty/jetty-util-ajax/9.4.34.v20201102/jetty-util-ajax-9.4.34.v20201102.jar:/home/user/.m2/repository/commons-codec/commons-codec/1.11/commons-codec-1.11.jar:/home/user/.m2/repository/commons-daemon/commons-daemon/1.0.13/commons-daemon-1.0.13.jar:/home/user/.m2/repository/io/netty/netty/3.10.5.Final/netty-3.10.5.Final.jar:/home/user/.m2/repository/io/netty/netty-all/4.1.48.Final/netty-all-4.1.48.Final.jar:/home/user/.m2/repository/org/apache/htrace/htrace-core4/4.1.0-incubating/htrace-core4-4.1.0-incubating.jar:/home/user/.m2/repository/org/fusesource/leveldbjni/leveldbjni-all/1.8/leveldbjni-all-1.8.jar:/home/user/.m2/repository/org/apache/hadoop/hadoop-distcp/3.2.1/hadoop-distcp-3.2.1.jar:/home/user/.m2/repository/org/apache/hadoop/hadoop-mapreduce-client-jobclient/3.2.1/hadoop-mapreduce-client-jobclient-3.2.1.jar:/home/user/.m2/repository/org/apache/hadoop/hadoop-mapreduce-client-common/3.2.1/hadoop-mapreduce-client-common-3.2.1.jar:/home/user/.m2/repository/org/apache/hadoop/hadoop-yarn-common/3.2.1/hadoop-yarn-common-3.2.1.jar:/home/user/.m2/repository/org/apache/hadoop/hadoop-yarn-api/3.2.1/hadoop-yarn-api-3.2.1.jar:/home/user/.m2/repository/com/sun/jersey/jersey-client/1.19/jersey-client-1.19.jar:/home/user/.m2/repository/com/sun/jersey/contribs/jersey-guice/1.19/jersey-guice-1.19.jar:/home/user/.m2/repository/com/fasterxml/jackson/jaxrs/jackson-jaxrs-json-provider/2.10.3/jackson-jaxrs-json-provider-2.10.3.jar:/home/user/.m2/repository/com/fasterxml/jackson/jaxrs/jackson-jaxrs-base/2.10.3/jackson-jaxrs-base-2.10.3.jar:/home/user/.m2/repository/org/apache/hadoop/hadoop-yarn-client/3.2.1/hadoop-yarn-client-3.2.1.jar:/home/user/.m2/repository/org/apache/hadoop/hadoop-mapreduce-client-core/3.2.1/hadoop-mapreduce-client-core-3.2.1.jar:/home/user/.m2/repository/org/apache/avro/avro/1.7.7/avro-1.7.7.jar:/home/user/.m2/repository/org/codehaus/jackson/jackson-core-asl/1.9.13/jackson-core-asl-1.9.13.jar:/home/user/.m2/repository/org/codehaus/jackson/jackson-mapper-asl/1.9.13/jackson-mapper-asl-1.9.13.jar:/home/user/.m2/repository/com/thoughtworks/paranamer/paranamer/2.3/paranamer-2.3.jar:/home/user/.m2/repository/org/xerial/snappy/snappy-java/1.0.5/snappy-java-1.0.5.jar:/home/user/.m2/repository/org/apache/hadoop/hadoop-annotations/3.2.1/hadoop-annotations-3.2.1.jar:/usr/lib/jvm/java-1.8.0-openjdk-1.8.0.232.b09-0.el7_7.x86_64/jre/../lib/tools.jar:/home/user/.m2/repository/org/apache/hadoop/hadoop-distcp/3.2.1/hadoop-distcp-3.2.1-tests.jar:"/>
    <property name="sun.cpu.endian" value="little"/>
    <property name="user.home" value="/home/user"/>
    <property name="user.language" value="en"/>
    <property name="java.specification.vendor" value="Oracle Corporation"/>
    <property name="java.home" value="/usr/lib/jvm/java-1.8.0-openjdk-1.8.0.232.b09-0.el7_7.x86_64/jre"/>
    <property name="java.security.krb5.conf" value="/github/workspace/mnt/ozone/hadoop-ozone/integration-test/target/test-classes/krb5.conf"/>
    <property name="basedir" value="/github/workspace/mnt/ozone/hadoop-ozone/integration-test"/>
    <property name="file.separator" value="/"/>
    <property name="line.separator" value="&#10;"/>
    <property name="java.vm.specification.vendor" value="Oracle Corporation"/>
    <property name="java.specification.name" value="Java Platform API Specification"/>
    <property name="java.awt.graphicsenv" value="sun.awt.X11GraphicsEnvironment"/>
    <property name="skip.installnpx" value="true"/>
    <property name="surefire.real.class.path" value="/github/workspace/mnt/ozone/hadoop-ozone/integration-test/target/surefire/surefirebooter83820672152612923.jar:/home/user/.m2/repository/org/jacoco/org.jacoco.agent/0.8.5/org.jacoco.agent-0.8.5-runtime.jar"/>
    <property name="hadoop.log.dir" value="/github/workspace/mnt/ozone/hadoop-ozone/integration-test/target/log"/>
    <property name="sun.boot.class.path" value="/usr/lib/jvm/java-1.8.0-openjdk-1.8.0.232.b09-0.el7_7.x86_64/jre/lib/resources.jar:/usr/lib/jvm/java-1.8.0-openjdk-1.8.0.232.b09-0.el7_7.x86_64/jre/lib/rt.jar:/usr/lib/jvm/java-1.8.0-openjdk-1.8.0.232.b09-0.el7_7.x86_64/jre/lib/sunrsasign.jar:/usr/lib/jvm/java-1.8.0-openjdk-1.8.0.232.b09-0.el7_7.x86_64/jre/lib/jsse.jar:/usr/lib/jvm/java-1.8.0-openjdk-1.8.0.232.b09-0.el7_7.x86_64/jre/lib/jce.jar:/usr/lib/jvm/java-1.8.0-openjdk-1.8.0.232.b09-0.el7_7.x86_64/jre/lib/charsets.jar:/usr/lib/jvm/java-1.8.0-openjdk-1.8.0.232.b09-0.el7_7.x86_64/jre/lib/jfr.jar:/usr/lib/jvm/java-1.8.0-openjdk-1.8.0.232.b09-0.el7_7.x86_64/jre/classes"/>
    <property name="sun.management.compiler" value="HotSpot 64-Bit Tiered Compilers"/>
    <property name="skip.npx" value="true"/>
    <property name="java.runtime.version" value="1.8.0_232-b09"/>
    <property name="java.net.preferIPv4Stack" value="true"/>
    <property name="user.name" value="jenkins1001"/>
    <property name="path.separator" value=":"/>
    <property name="java.security.egd" value="file:///dev/urandom"/>
    <property name="os.version" value="5.4.0-1031-azure"/>
    <property name="java.endorsed.dirs" value="/usr/lib/jvm/java-1.8.0-openjdk-1.8.0.232.b09-0.el7_7.x86_64/jre/lib/endorsed"/>
    <property name="java.runtime.name" value="OpenJDK Runtime Environment"/>
    <property name="file.encoding" value="ANSI_X3.4-1968"/>
    <property name="java.vm.name" value="OpenJDK 64-Bit Server VM"/>
    <property name="test.build.webapps" value=""/>
    <property name="localRepository" value="/home/user/.m2/repository"/>
    <property name="java.vendor.url.bug" value="http://bugreport.sun.com/bugreport/"/>
    <property name="java.io.tmpdir" value="/tmp"/>
    <property name="require.test.libhadoop" value=""/>
    <property name="java.version" value="1.8.0_232"/>
    <property name="user.dir" value="/github/workspace/mnt/ozone/hadoop-ozone/integration-test"/>
    <property name="os.arch" value="amd64"/>
    <property name="java.vm.specification.name" value="Java Virtual Machine Specification"/>
    <property name="test.build.classes" value="/github/workspace/mnt/ozone/hadoop-ozone/integration-test/target/test-classes"/>
    <property name="java.awt.printerjob" value="sun.print.PSPrinterJob"/>
    <property name="sun.os.patch.level" value="unknown"/>
    <property name="hadoop.tmp.dir" value="/github/workspace/mnt/ozone/hadoop-ozone/integration-test/target/tmp"/>
    <property name="java.library.path" value="/usr/lib:/usr/java/packages/lib/amd64:/usr/lib64:/lib64:/lib:/usr/lib"/>
    <property name="java.vm.info" value="mixed mode"/>
    <property name="java.vendor" value="Oracle Corporation"/>
    <property name="java.vm.version" value="25.232-b09"/>
    <property name="java.ext.dirs" value="/usr/lib/jvm/java-1.8.0-openjdk-1.8.0.232.b09-0.el7_7.x86_64/jre/lib/ext:/usr/java/packages/lib/ext"/>
    <property name="sun.io.unicode.encoding" value="UnicodeLittle"/>
    <property name="java.class.version" value="52.0"/>
  </properties>
  <testcase name="testGroupMismatchExceptionHandling" classname="org.apache.hadoop.ozone.client.rpc.TestOzoneClientRetriesOnException" time="44.534"/>
  <testcase name="testMaxRetriesByOzoneClient" classname="org.apache.hadoop.ozone.client.rpc.TestOzoneClientRetriesOnException" time="48.395">
    <failure message="Expected exception not thrown" type="java.lang.AssertionError">java.lang.AssertionError: Expected exception not thrown
	at org.junit.Assert.fail(Assert.java:88)
	at org.apache.hadoop.ozone.client.rpc.TestOzoneClientRetriesOnException.testMaxRetriesByOzoneClient(TestOzoneClientRetriesOnException.java:238)
	at sun.reflect.NativeMethodAccessorImpl.invoke0(Native Method)
	at sun.reflect.NativeMethodAccessorImpl.invoke(NativeMethodAccessorImpl.java:62)
	at sun.reflect.DelegatingMethodAccessorImpl.invoke(DelegatingMethodAccessorImpl.java:43)
	at java.lang.reflect.Method.invoke(Method.java:498)
	at org.junit.runners.model.FrameworkMethod$1.runReflectiveCall(FrameworkMethod.java:47)
	at org.junit.internal.runners.model.ReflectiveCallable.run(ReflectiveCallable.java:12)
	at org.junit.runners.model.FrameworkMethod.invokeExplosively(FrameworkMethod.java:44)
	at org.junit.internal.runners.statements.InvokeMethod.evaluate(InvokeMethod.java:17)
	at org.junit.internal.runners.statements.RunBefores.evaluate(RunBefores.java:26)
	at org.junit.internal.runners.statements.RunAfters.evaluate(RunAfters.java:27)
	at org.junit.internal.runners.statements.FailOnTimeout$StatementThread.run(FailOnTimeout.java:74)
</failure>
    <system-out><![CDATA[2020-11-19 23:06:07,054 [Thread-362] WARN  server.ServerUtils (ServerUtils.java:getScmDbDir(148)) - ozone.scm.db.dirs is not configured. We recommend adding this setting. Falling back to ozone.metadata.dirs instead.
2020-11-19 23:06:07,056 [Thread-362] WARN  server.ServerUtils (ServerUtils.java:getScmDbDir(148)) - ozone.scm.db.dirs is not configured. We recommend adding this setting. Falling back to ozone.metadata.dirs instead.
2020-11-19 23:06:07,057 [Thread-362] WARN  db.DBStoreBuilder (DBStoreBuilder.java:applyDBDefinition(143)) - ozone.scm.db.dirs is not configured. We recommend adding this setting. Falling back to ozone.metadata.dirs instead.
2020-11-19 23:06:07,080 [Thread-362] INFO  net.NodeSchemaLoader (NodeSchemaLoader.java:loadSchemaFromFile(126)) - Loading file from sun.misc.CompoundEnumeration@42be9383
2020-11-19 23:06:07,080 [Thread-362] INFO  net.NodeSchemaLoader (NodeSchemaLoader.java:loadSchema(172)) - Loading network topology layer schema file
2020-11-19 23:06:07,083 [Thread-362] WARN  server.ServerUtils (ServerUtils.java:sanitizeUserArgs(73)) - ozone.scm.stale.node.interval value = 300000 is larger than max = 100000 based on the key value of ozone.scm.heartbeat.thread.interval, reset to the max value 100000.
2020-11-19 23:06:07,083 [Thread-362] WARN  server.ServerUtils (ServerUtils.java:sanitizeUserArgs(73)) - ozone.scm.stale.node.interval value = 300000 is larger than max = 100000 based on the key value of ozone.scm.heartbeat.thread.interval, reset to the max value 100000.
2020-11-19 23:06:07,083 [Thread-362] INFO  node.SCMNodeManager (SCMNodeManager.java:<init>(120)) - Entering startup safe mode.
2020-11-19 23:06:07,084 [Thread-362] INFO  algorithms.ContainerPlacementPolicyFactory (ContainerPlacementPolicyFactory.java:getPolicy(60)) - Create container placement policy of type org.apache.hadoop.hdds.scm.container.placement.algorithms.SCMContainerPlacementRandom
2020-11-19 23:06:07,084 [Thread-362] INFO  algorithms.LeaderChoosePolicyFactory (LeaderChoosePolicyFactory.java:getPolicy(57)) - Create leader choose policy of type org.apache.hadoop.hdds.scm.pipeline.leader.choose.algorithms.DefaultLeaderChoosePolicy
2020-11-19 23:06:07,084 [Thread-362] INFO  pipeline.SCMPipelineManager (SCMPipelineManager.java:initializePipelineState(161)) - No pipeline exists in current db
2020-11-19 23:06:07,085 [Thread-362] INFO  algorithms.PipelineChoosePolicyFactory (PipelineChoosePolicyFactory.java:createPipelineChoosePolicyFromClass(75)) - Create pipeline choose policy of type org.apache.hadoop.hdds.scm.pipeline.choose.algorithms.RandomPipelineChoosePolicy
2020-11-19 23:06:07,086 [Thread-362] INFO  safemode.HealthyPipelineSafeModeRule (HealthyPipelineSafeModeRule.java:<init>(89)) - Total pipeline count is 0, healthy pipeline threshold count is 0
2020-11-19 23:06:07,086 [Thread-362] INFO  safemode.OneReplicaPipelineSafeModeRule (OneReplicaPipelineSafeModeRule.java:<init>(84)) - Total pipeline count is 0, pipeline's with at least one datanode reported threshold count is 0
2020-11-19 23:06:07,092 [Thread-362] INFO  ipc.CallQueueManager (CallQueueManager.java:<init>(84)) - Using callQueue: class java.util.concurrent.LinkedBlockingQueue, queueCapacity: 2000, scheduler: class org.apache.hadoop.ipc.DefaultRpcScheduler, ipcBackoff: false.
2020-11-19 23:06:07,093 [Socket Reader #1 for port 0] INFO  ipc.Server (Server.java:run(1219)) - Starting Socket Reader #1 for port 0
2020-11-19 23:06:07,093 [Listener at 0.0.0.0/43575] INFO  ipc.CallQueueManager (CallQueueManager.java:<init>(84)) - Using callQueue: class java.util.concurrent.LinkedBlockingQueue, queueCapacity: 2000, scheduler: class org.apache.hadoop.ipc.DefaultRpcScheduler, ipcBackoff: false.
2020-11-19 23:06:07,098 [Socket Reader #1 for port 0] INFO  ipc.Server (Server.java:run(1219)) - Starting Socket Reader #1 for port 0
2020-11-19 23:06:07,101 [Listener at 0.0.0.0/36925] INFO  ipc.CallQueueManager (CallQueueManager.java:<init>(84)) - Using callQueue: class java.util.concurrent.LinkedBlockingQueue, queueCapacity: 2000, scheduler: class org.apache.hadoop.ipc.DefaultRpcScheduler, ipcBackoff: false.
2020-11-19 23:06:07,102 [Socket Reader #1 for port 0] INFO  ipc.Server (Server.java:run(1219)) - Starting Socket Reader #1 for port 0
2020-11-19 23:06:07,106 [Listener at 0.0.0.0/34285] INFO  http.BaseHttpServer (BaseHttpServer.java:newHttpServer2BuilderForOzone(207)) - Starting Web-server for scm at: http://0.0.0.0:0
2020-11-19 23:06:07,106 [Listener at 0.0.0.0/34285] INFO  http.BaseHttpServer (BaseHttpServer.java:<init>(106)) - Hadoop Security Enabled: false Ozone Security Enabled: false Ozone HTTP Security Enabled: false 
2020-11-19 23:06:07,107 [Listener at 0.0.0.0/34285] INFO  server.AuthenticationFilter (AuthenticationFilter.java:constructSecretProvider(240)) - Unable to initialize FileSignerSecretProvider, falling back to use random secrets.
2020-11-19 23:06:07,108 [Listener at 0.0.0.0/34285] WARN  http.HttpRequestLog (HttpRequestLog.java:getRequestLog(103)) - Jetty request log can only be enabled using Log4j
2020-11-19 23:06:07,108 [Listener at 0.0.0.0/34285] INFO  http.HttpServer2 (HttpServer2.java:addGlobalFilter(1019)) - Added global filter 'safety' (class=org.apache.hadoop.hdds.server.http.HttpServer2$QuotingInputFilter)
2020-11-19 23:06:07,109 [Listener at 0.0.0.0/34285] INFO  http.HttpServer2 (HttpServer2.java:addFilter(995)) - Added filter static_user_filter (class=org.apache.hadoop.http.lib.StaticUserWebFilter$StaticUserFilter) to context scm
2020-11-19 23:06:07,109 [Listener at 0.0.0.0/34285] INFO  http.HttpServer2 (HttpServer2.java:addFilter(1003)) - Added filter static_user_filter (class=org.apache.hadoop.http.lib.StaticUserWebFilter$StaticUserFilter) to context logs
2020-11-19 23:06:07,109 [Listener at 0.0.0.0/34285] INFO  http.HttpServer2 (HttpServer2.java:addFilter(1003)) - Added filter static_user_filter (class=org.apache.hadoop.http.lib.StaticUserWebFilter$StaticUserFilter) to context static
2020-11-19 23:06:07,112 [Listener at 0.0.0.0/34285] INFO  server.StorageContainerManager (StorageContainerManager.java:start(789)) - StorageContainerLocationProtocol RPC server is listening at /0.0.0.0:34285
2020-11-19 23:06:07,113 [Listener at 0.0.0.0/34285] WARN  impl.MetricsConfig (MetricsConfig.java:loadFirst(134)) - Cannot locate configuration: tried hadoop-metrics2-storagecontainermanager.properties,hadoop-metrics2.properties
2020-11-19 23:06:07,114 [Listener at 0.0.0.0/34285] INFO  impl.MetricsSystemImpl (MetricsSystemImpl.java:startTimer(374)) - Scheduled Metric snapshot period at 10 second(s).
2020-11-19 23:06:07,114 [Listener at 0.0.0.0/34285] INFO  impl.MetricsSystemImpl (MetricsSystemImpl.java:start(191)) - StorageContainerManager metrics system started
2020-11-19 23:06:07,128 [Listener at 0.0.0.0/34285] WARN  impl.MetricsSystemImpl (MetricsSystemImpl.java:register(276)) - Sink prometheus already exists!
2020-11-19 23:06:07,130 [Listener at 0.0.0.0/34285] INFO  server.SCMClientProtocolServer (SCMClientProtocolServer.java:start(156)) - RPC server for Client  is listening at /0.0.0.0:34285
2020-11-19 23:06:07,131 [IPC Server Responder] INFO  ipc.Server (Server.java:run(1460)) - IPC Server Responder: starting
2020-11-19 23:06:07,131 [IPC Server listener on 0] INFO  ipc.Server (Server.java:run(1298)) - IPC Server listener on 0: starting
2020-11-19 23:06:07,136 [Listener at 0.0.0.0/34285] INFO  server.StorageContainerManager (StorageContainerManager.java:start(801)) - ScmBlockLocationProtocol RPC server is listening at /0.0.0.0:36925
2020-11-19 23:06:07,136 [Listener at 0.0.0.0/34285] INFO  server.SCMBlockProtocolServer (SCMBlockProtocolServer.java:start(150)) - RPC server for Block Protocol is listening at /0.0.0.0:36925
2020-11-19 23:06:07,137 [IPC Server Responder] INFO  ipc.Server (Server.java:run(1460)) - IPC Server Responder: starting
2020-11-19 23:06:07,141 [IPC Server listener on 0] INFO  ipc.Server (Server.java:run(1298)) - IPC Server listener on 0: starting
2020-11-19 23:06:07,158 [Listener at 0.0.0.0/34285] INFO  server.StorageContainerManager (StorageContainerManager.java:start(807)) - ScmDatanodeProtocl RPC server is listening at /0.0.0.0:43575
2020-11-19 23:06:07,158 [Listener at 0.0.0.0/34285] INFO  server.SCMDatanodeProtocolServer (SCMDatanodeProtocolServer.java:start(172)) - RPC server for DataNodes is listening at /0.0.0.0:43575
2020-11-19 23:06:07,159 [IPC Server Responder] INFO  ipc.Server (Server.java:run(1460)) - IPC Server Responder: starting
2020-11-19 23:06:07,159 [IPC Server listener on 0] INFO  ipc.Server (Server.java:run(1298)) - IPC Server listener on 0: starting
2020-11-19 23:06:07,167 [Listener at 0.0.0.0/34285] INFO  http.HttpServer2 (HttpServer2.java:bindListener(1237)) - Jetty bound to port 36877
2020-11-19 23:06:07,167 [Listener at 0.0.0.0/34285] INFO  server.Server (Server.java:doStart(375)) - jetty-9.4.34.v20201102; built: 2020-11-02T14:15:39.302Z; git: e46af88704a893fc12cb0e3bf46e2c7b48a009e7; jvm 1.8.0_232-b09
2020-11-19 23:06:07,168 [Listener at 0.0.0.0/34285] INFO  server.session (DefaultSessionIdManager.java:doStart(334)) - DefaultSessionIdManager workerName=node0
2020-11-19 23:06:07,169 [Listener at 0.0.0.0/34285] INFO  server.session (DefaultSessionIdManager.java:doStart(339)) - No SessionScavenger set, using defaults
2020-11-19 23:06:07,169 [Listener at 0.0.0.0/34285] INFO  server.session (HouseKeeper.java:startScavenging(132)) - node0 Scavenging every 600000ms
2020-11-19 23:06:07,169 [Listener at 0.0.0.0/34285] INFO  handler.ContextHandler (ContextHandler.java:doStart(916)) - Started o.e.j.s.ServletContextHandler@59804eb6{logs,/logs,file:///github/workspace/mnt/ozone/hadoop-ozone/integration-test/target/log,AVAILABLE}
2020-11-19 23:06:07,170 [Listener at 0.0.0.0/34285] INFO  handler.ContextHandler (ContextHandler.java:doStart(916)) - Started o.e.j.s.ServletContextHandler@3db3b33e{static,/static,file:///github/workspace/mnt/ozone/hadoop-ozone/integration-test/target/test-classes/webapps/static,AVAILABLE}
2020-11-19 23:06:07,173 [Listener at 0.0.0.0/34285] INFO  handler.ContextHandler (ContextHandler.java:doStart(916)) - Started o.e.j.w.WebAppContext@1a33411b{scm,/,file:///github/workspace/mnt/ozone/hadoop-ozone/integration-test/target/test-classes/webapps/scm/,AVAILABLE}{file:/github/workspace/mnt/ozone/hadoop-ozone/integration-test/target/test-classes/webapps/scm}
2020-11-19 23:06:07,174 [Listener at 0.0.0.0/34285] INFO  server.AbstractConnector (AbstractConnector.java:doStart(331)) - Started ServerConnector@37483432{HTTP/1.1, (http/1.1)}{0.0.0.0:36877}
2020-11-19 23:06:07,174 [Listener at 0.0.0.0/34285] INFO  server.Server (Server.java:doStart(415)) - Started @45544ms
2020-11-19 23:06:07,174 [Listener at 0.0.0.0/34285] WARN  impl.MetricsSystemImpl (MetricsSystemImpl.java:register(276)) - Sink prometheus already exists!
2020-11-19 23:06:07,177 [Listener at 0.0.0.0/34285] INFO  http.BaseHttpServer (BaseHttpServer.java:updateConnectorAddress(327)) - HTTP server of scm listening at http://0.0.0.0:36877
2020-11-19 23:06:07,178 [Listener at 0.0.0.0/34285] WARN  server.ServerUtils (ServerUtils.java:getDBPath(225)) - ozone.om.db.dirs is not configured. We recommend adding this setting. Falling back to ozone.metadata.dirs instead.
2020-11-19 23:06:07,178 [org.apache.hadoop.util.JvmPauseMonitor$Monitor@2d204a64] INFO  util.JvmPauseMonitor (JvmPauseMonitor.java:run(188)) - Starting JVM pause monitor
2020-11-19 23:06:07,180 [Listener at 0.0.0.0/34285] INFO  ha.OMHANodeDetails (OMHANodeDetails.java:loadOMHAConfig(104)) - ozone.om.internal.service.id is not defined, falling back to ozone.om.service.ids to find serviceID for OzoneManager if it is HA enabled cluster
2020-11-19 23:06:07,181 [Listener at 0.0.0.0/34285] INFO  ha.OMHANodeDetails (OMHANodeDetails.java:loadOMHAConfig(213)) - Configuration either no ozone.om.address set. Falling back to the default OM address /127.0.0.1:0
2020-11-19 23:06:07,181 [Listener at 0.0.0.0/34285] INFO  ha.OMHANodeDetails (OMHANodeDetails.java:getOMNodeDetails(241)) - OM Service ID is not set. Setting it to the default ID: omServiceIdDefault
2020-11-19 23:06:07,182 [Listener at 0.0.0.0/34285] WARN  server.ServerUtils (ServerUtils.java:getDBPath(225)) - ozone.om.db.dirs is not configured. We recommend adding this setting. Falling back to ozone.metadata.dirs instead.
2020-11-19 23:06:07,182 [Listener at 0.0.0.0/34285] WARN  server.ServerUtils (ServerUtils.java:getDBPath(225)) - ozone.om.db.dirs is not configured. We recommend adding this setting. Falling back to ozone.metadata.dirs instead.
2020-11-19 23:06:07,186 [Listener at 0.0.0.0/34285] WARN  server.ServerUtils (ServerUtils.java:getDBPath(225)) - ozone.om.db.dirs is not configured. We recommend adding this setting. Falling back to ozone.metadata.dirs instead.
2020-11-19 23:06:07,187 [Listener at 0.0.0.0/34285] INFO  codec.OmKeyInfoCodec (OmKeyInfoCodec.java:<init>(41)) - OmKeyInfoCodec ignorePipeline = true
2020-11-19 23:06:07,187 [Listener at 0.0.0.0/34285] INFO  codec.RepeatedOmKeyInfoCodec (RepeatedOmKeyInfoCodec.java:<init>(40)) - RepeatedOmKeyInfoCodec ignorePipeline = true
2020-11-19 23:06:07,234 [Listener at 0.0.0.0/34285] INFO  om.OzoneManager (OzoneManager.java:addS3GVolumeToDB(3741)) - Created Volume s3v With Owner jenkins1001 required for S3Gateway operations.
2020-11-19 23:06:07,235 [Listener at 0.0.0.0/34285] INFO  ipc.CallQueueManager (CallQueueManager.java:<init>(84)) - Using callQueue: class java.util.concurrent.LinkedBlockingQueue, queueCapacity: 2000, scheduler: class org.apache.hadoop.ipc.DefaultRpcScheduler, ipcBackoff: false.
2020-11-19 23:06:07,236 [Socket Reader #1 for port 0] INFO  ipc.Server (Server.java:run(1219)) - Starting Socket Reader #1 for port 0
2020-11-19 23:06:07,253 [Listener at 127.0.0.1/37889] INFO  impl.MetricsSystemImpl (MetricsSystemImpl.java:init(158)) - OzoneManager metrics system started (again)
2020-11-19 23:06:07,254 [Listener at 127.0.0.1/37889] INFO  om.OzoneManager (OzoneManager.java:start(1144)) - OzoneManager RPC server is listening at localhost/127.0.0.1:37889
2020-11-19 23:06:07,258 [Listener at 127.0.0.1/37889] INFO  http.BaseHttpServer (BaseHttpServer.java:newHttpServer2BuilderForOzone(207)) - Starting Web-server for ozoneManager at: http://0.0.0.0:0
2020-11-19 23:06:07,258 [Listener at 127.0.0.1/37889] INFO  http.BaseHttpServer (BaseHttpServer.java:<init>(106)) - Hadoop Security Enabled: false Ozone Security Enabled: false Ozone HTTP Security Enabled: false 
2020-11-19 23:06:07,259 [Listener at 127.0.0.1/37889] INFO  server.AuthenticationFilter (AuthenticationFilter.java:constructSecretProvider(240)) - Unable to initialize FileSignerSecretProvider, falling back to use random secrets.
2020-11-19 23:06:07,260 [Listener at 127.0.0.1/37889] WARN  http.HttpRequestLog (HttpRequestLog.java:getRequestLog(103)) - Jetty request log can only be enabled using Log4j
2020-11-19 23:06:07,261 [Listener at 127.0.0.1/37889] INFO  http.HttpServer2 (HttpServer2.java:addGlobalFilter(1019)) - Added global filter 'safety' (class=org.apache.hadoop.hdds.server.http.HttpServer2$QuotingInputFilter)
2020-11-19 23:06:07,261 [Listener at 127.0.0.1/37889] INFO  http.HttpServer2 (HttpServer2.java:addFilter(995)) - Added filter static_user_filter (class=org.apache.hadoop.http.lib.StaticUserWebFilter$StaticUserFilter) to context ozoneManager
2020-11-19 23:06:07,261 [Listener at 127.0.0.1/37889] INFO  http.HttpServer2 (HttpServer2.java:addFilter(1003)) - Added filter static_user_filter (class=org.apache.hadoop.http.lib.StaticUserWebFilter$StaticUserFilter) to context static
2020-11-19 23:06:07,262 [Listener at 127.0.0.1/37889] INFO  http.HttpServer2 (HttpServer2.java:addFilter(1003)) - Added filter static_user_filter (class=org.apache.hadoop.http.lib.StaticUserWebFilter$StaticUserFilter) to context logs
2020-11-19 23:06:07,262 [Listener at 127.0.0.1/37889] INFO  http.HttpServer2 (HttpServer2.java:bindListener(1237)) - Jetty bound to port 44413
2020-11-19 23:06:07,262 [Listener at 127.0.0.1/37889] INFO  server.Server (Server.java:doStart(375)) - jetty-9.4.34.v20201102; built: 2020-11-02T14:15:39.302Z; git: e46af88704a893fc12cb0e3bf46e2c7b48a009e7; jvm 1.8.0_232-b09
2020-11-19 23:06:07,263 [Listener at 127.0.0.1/37889] INFO  server.session (DefaultSessionIdManager.java:doStart(334)) - DefaultSessionIdManager workerName=node0
2020-11-19 23:06:07,263 [Listener at 127.0.0.1/37889] INFO  server.session (DefaultSessionIdManager.java:doStart(339)) - No SessionScavenger set, using defaults
2020-11-19 23:06:07,264 [Listener at 127.0.0.1/37889] INFO  server.session (HouseKeeper.java:startScavenging(132)) - node0 Scavenging every 660000ms
2020-11-19 23:06:07,264 [Listener at 127.0.0.1/37889] INFO  handler.ContextHandler (ContextHandler.java:doStart(916)) - Started o.e.j.s.ServletContextHandler@64c91796{logs,/logs,file:///github/workspace/mnt/ozone/hadoop-ozone/integration-test/target/log,AVAILABLE}
2020-11-19 23:06:07,265 [Listener at 127.0.0.1/37889] INFO  handler.ContextHandler (ContextHandler.java:doStart(916)) - Started o.e.j.s.ServletContextHandler@75c6cbac{static,/static,file:///github/workspace/mnt/ozone/hadoop-ozone/integration-test/target/test-classes/webapps/static,AVAILABLE}
2020-11-19 23:06:07,268 [Listener at 127.0.0.1/37889] INFO  handler.ContextHandler (ContextHandler.java:doStart(916)) - Started o.e.j.w.WebAppContext@38e3acdf{ozoneManager,/,file:///github/workspace/mnt/ozone/hadoop-ozone/integration-test/target/test-classes/webapps/ozoneManager/,AVAILABLE}{file:/github/workspace/mnt/ozone/hadoop-ozone/integration-test/target/test-classes/webapps/ozoneManager}
2020-11-19 23:06:07,271 [Listener at 127.0.0.1/37889] INFO  server.AbstractConnector (AbstractConnector.java:doStart(331)) - Started ServerConnector@7c46beeb{HTTP/1.1, (http/1.1)}{0.0.0.0:44413}
2020-11-19 23:06:07,271 [Listener at 127.0.0.1/37889] INFO  server.Server (Server.java:doStart(415)) - Started @45642ms
2020-11-19 23:06:07,271 [Listener at 127.0.0.1/37889] WARN  impl.MetricsSystemImpl (MetricsSystemImpl.java:register(276)) - Sink prometheus already exists!
2020-11-19 23:06:07,274 [Listener at 127.0.0.1/37889] INFO  http.BaseHttpServer (BaseHttpServer.java:updateConnectorAddress(327)) - HTTP server of ozoneManager listening at http://0.0.0.0:44413
2020-11-19 23:06:07,274 [IPC Server Responder] INFO  ipc.Server (Server.java:run(1460)) - IPC Server Responder: starting
2020-11-19 23:06:07,275 [IPC Server listener on 0] INFO  ipc.Server (Server.java:run(1298)) - IPC Server listener on 0: starting
2020-11-19 23:06:07,283 [Listener at 127.0.0.1/37889] INFO  om.OzoneManager (OzoneManager.java:startTrashEmptier(1269)) - Trash Interval set to 0. Files deleted will not move to trash
2020-11-19 23:06:07,284 [org.apache.hadoop.util.JvmPauseMonitor$Monitor@56e377c3] INFO  util.JvmPauseMonitor (JvmPauseMonitor.java:run(188)) - Starting JVM pause monitor
2020-11-19 23:06:07,299 [Listener at 127.0.0.1/37889] INFO  impl.MetricsSystemImpl (MetricsSystemImpl.java:init(158)) - HddsDatanode metrics system started (again)
2020-11-19 23:06:07,301 [Listener at 127.0.0.1/37889] INFO  ozone.HddsDatanodeService (HddsDatanodeService.java:start(217)) - HddsDatanodeService host:3a6e21f0ed7d ip:172.17.0.2
2020-11-19 23:06:07,304 [Listener at 127.0.0.1/37889] INFO  volume.HddsVolume (HddsVolume.java:<init>(176)) - Creating Volume: /github/workspace/mnt/ozone/hadoop-ozone/integration-test/target/test-dir/MiniOzoneClusterImpl-f63f6e49-a519-49d7-bac2-b5e85396f7e3/datanode-0/data-0/containers/hdds of storage type : DISK and capacity : 9223372036854775807
2020-11-19 23:06:07,305 [Listener at 127.0.0.1/37889] INFO  volume.MutableVolumeSet (MutableVolumeSet.java:initializeVolumeSet(179)) - Added Volume : /github/workspace/mnt/ozone/hadoop-ozone/integration-test/target/test-dir/MiniOzoneClusterImpl-f63f6e49-a519-49d7-bac2-b5e85396f7e3/datanode-0/data-0/containers/hdds to VolumeSet
2020-11-19 23:06:07,305 [Listener at 127.0.0.1/37889] INFO  volume.ThrottledAsyncChecker (ThrottledAsyncChecker.java:schedule(141)) - Scheduling a check for /github/workspace/mnt/ozone/hadoop-ozone/integration-test/target/test-dir/MiniOzoneClusterImpl-f63f6e49-a519-49d7-bac2-b5e85396f7e3/datanode-0/data-0/containers/hdds
2020-11-19 23:06:07,305 [Listener at 127.0.0.1/37889] INFO  volume.HddsVolumeChecker (HddsVolumeChecker.java:checkAllVolumes(200)) - Scheduled health check for volume /github/workspace/mnt/ozone/hadoop-ozone/integration-test/target/test-dir/MiniOzoneClusterImpl-f63f6e49-a519-49d7-bac2-b5e85396f7e3/datanode-0/data-0/containers/hdds
2020-11-19 23:06:07,316 [Thread-485] INFO  ozoneimpl.ContainerReader (ContainerReader.java:readVolume(123)) - Start to verify containers on volume /github/workspace/mnt/ozone/hadoop-ozone/integration-test/target/test-dir/MiniOzoneClusterImpl-f63f6e49-a519-49d7-bac2-b5e85396f7e3/datanode-0/data-0/containers/hdds
2020-11-19 23:06:07,317 [Thread-485] INFO  ozoneimpl.ContainerReader (ContainerReader.java:readVolume(148)) - Finish verifying containers on volume /github/workspace/mnt/ozone/hadoop-ozone/integration-test/target/test-dir/MiniOzoneClusterImpl-f63f6e49-a519-49d7-bac2-b5e85396f7e3/datanode-0/data-0/containers/hdds
2020-11-19 23:06:07,317 [Listener at 127.0.0.1/37889] INFO  ozoneimpl.OzoneContainer (OzoneContainer.java:buildContainerSet(194)) - Build ContainerSet costs 0s
2020-11-19 23:06:07,321 [Listener at 127.0.0.1/37889] INFO  impl.RaftServerProxy (ConfUtils.java:logGet(44)) - raft.rpc.type = GRPC (default)
2020-11-19 23:06:07,321 [Listener at 127.0.0.1/37889] INFO  grpc.GrpcFactory (GrpcFactory.java:checkPooledByteBufAllocatorUseCacheForAllThreads(45)) - PERFORMANCE WARNING: useCacheForAllThreads is true that may cause Netty to create a lot garbage objects and, as a result, trigger GC.
	It is recommended to disable useCacheForAllThreads by setting -Dorg.apache.ratis.thirdparty.io.netty.allocator.useCacheForAllThreads=false in command line.
2020-11-19 23:06:07,321 [Listener at 127.0.0.1/37889] INFO  grpc.GrpcConfigKeys (ConfUtils.java:logGet(44)) - raft.grpc.server.port = 0 (default)
2020-11-19 23:06:07,321 [Listener at 127.0.0.1/37889] INFO  server.GrpcService (ConfUtils.java:logGet(44)) - raft.grpc.message.size.max = 32MB (=33554432) (custom)
2020-11-19 23:06:07,321 [Listener at 127.0.0.1/37889] INFO  server.RaftServerConfigKeys (ConfUtils.java:logGet(44)) - raft.server.log.appender.buffer.byte-limit = 33554432 (custom)
2020-11-19 23:06:07,322 [Listener at 127.0.0.1/37889] INFO  server.GrpcService (ConfUtils.java:logGet(44)) - raft.grpc.flow.control.window = 5MB (=5242880) (custom)
2020-11-19 23:06:07,322 [Listener at 127.0.0.1/37889] INFO  server.RaftServerConfigKeys (ConfUtils.java:logGet(44)) - raft.server.rpc.request.timeout = 60s (custom)
2020-11-19 23:06:07,323 [Listener at 127.0.0.1/37889] INFO  server.RaftServerConfigKeys (ConfUtils.java:logGet(44)) - raft.server.storage.dir = [/github/workspace/mnt/ozone/hadoop-ozone/integration-test/target/test-dir/MiniOzoneClusterImpl-f63f6e49-a519-49d7-bac2-b5e85396f7e3/datanode-0/data/ratis] (custom)
2020-11-19 23:06:07,327 [Listener at 127.0.0.1/37889] INFO  http.BaseHttpServer (BaseHttpServer.java:newHttpServer2BuilderForOzone(207)) - Starting Web-server for hddsDatanode at: http://0.0.0.0:0
2020-11-19 23:06:07,328 [Listener at 127.0.0.1/37889] INFO  http.BaseHttpServer (BaseHttpServer.java:<init>(106)) - Hadoop Security Enabled: false Ozone Security Enabled: false Ozone HTTP Security Enabled: false 
2020-11-19 23:06:07,329 [Listener at 127.0.0.1/37889] INFO  server.AuthenticationFilter (AuthenticationFilter.java:constructSecretProvider(240)) - Unable to initialize FileSignerSecretProvider, falling back to use random secrets.
2020-11-19 23:06:07,329 [Listener at 127.0.0.1/37889] WARN  http.HttpRequestLog (HttpRequestLog.java:getRequestLog(103)) - Jetty request log can only be enabled using Log4j
2020-11-19 23:06:07,330 [Listener at 127.0.0.1/37889] INFO  http.HttpServer2 (HttpServer2.java:addGlobalFilter(1019)) - Added global filter 'safety' (class=org.apache.hadoop.hdds.server.http.HttpServer2$QuotingInputFilter)
2020-11-19 23:06:07,330 [Listener at 127.0.0.1/37889] INFO  http.HttpServer2 (HttpServer2.java:addFilter(995)) - Added filter static_user_filter (class=org.apache.hadoop.http.lib.StaticUserWebFilter$StaticUserFilter) to context hddsDatanode
2020-11-19 23:06:07,330 [Listener at 127.0.0.1/37889] INFO  http.HttpServer2 (HttpServer2.java:addFilter(1003)) - Added filter static_user_filter (class=org.apache.hadoop.http.lib.StaticUserWebFilter$StaticUserFilter) to context static
2020-11-19 23:06:07,330 [Listener at 127.0.0.1/37889] INFO  http.HttpServer2 (HttpServer2.java:addFilter(1003)) - Added filter static_user_filter (class=org.apache.hadoop.http.lib.StaticUserWebFilter$StaticUserFilter) to context logs
2020-11-19 23:06:07,331 [Listener at 127.0.0.1/37889] INFO  http.HttpServer2 (HttpServer2.java:bindListener(1237)) - Jetty bound to port 37597
2020-11-19 23:06:07,331 [Listener at 127.0.0.1/37889] INFO  server.Server (Server.java:doStart(375)) - jetty-9.4.34.v20201102; built: 2020-11-02T14:15:39.302Z; git: e46af88704a893fc12cb0e3bf46e2c7b48a009e7; jvm 1.8.0_232-b09
2020-11-19 23:06:07,333 [Listener at 127.0.0.1/37889] INFO  server.session (DefaultSessionIdManager.java:doStart(334)) - DefaultSessionIdManager workerName=node0
2020-11-19 23:06:07,333 [Listener at 127.0.0.1/37889] INFO  server.session (DefaultSessionIdManager.java:doStart(339)) - No SessionScavenger set, using defaults
2020-11-19 23:06:07,333 [Listener at 127.0.0.1/37889] INFO  server.session (HouseKeeper.java:startScavenging(132)) - node0 Scavenging every 600000ms
2020-11-19 23:06:07,335 [Listener at 127.0.0.1/37889] INFO  handler.ContextHandler (ContextHandler.java:doStart(916)) - Started o.e.j.s.ServletContextHandler@3df55228{logs,/logs,file:///github/workspace/mnt/ozone/hadoop-ozone/integration-test/target/log,AVAILABLE}
2020-11-19 23:06:07,335 [Listener at 127.0.0.1/37889] INFO  handler.ContextHandler (ContextHandler.java:doStart(916)) - Started o.e.j.s.ServletContextHandler@4ca6cc72{static,/static,jar:file:/home/user/.m2/repository/org/apache/hadoop/hadoop-hdds-container-service/1.1.0-SNAPSHOT/hadoop-hdds-container-service-1.1.0-SNAPSHOT.jar!/webapps/static,AVAILABLE}
2020-11-19 23:06:07,464 [Listener at 127.0.0.1/37889] INFO  handler.ContextHandler (ContextHandler.java:doStart(916)) - Started o.e.j.w.WebAppContext@4a20169{hddsDatanode,/,file:///tmp/jetty-0_0_0_0-37597-hadoop-hdds-container-service-1_1_0-SNAPSHOT_jar-_-any-6923684458956132279/webapp/,AVAILABLE}{jar:file:/home/user/.m2/repository/org/apache/hadoop/hadoop-hdds-container-service/1.1.0-SNAPSHOT/hadoop-hdds-container-service-1.1.0-SNAPSHOT.jar!/webapps/hddsDatanode}
2020-11-19 23:06:07,465 [Listener at 127.0.0.1/37889] INFO  server.AbstractConnector (AbstractConnector.java:doStart(331)) - Started ServerConnector@5fb94887{HTTP/1.1, (http/1.1)}{0.0.0.0:37597}
2020-11-19 23:06:07,465 [Listener at 127.0.0.1/37889] INFO  server.Server (Server.java:doStart(415)) - Started @45836ms
2020-11-19 23:06:07,466 [Listener at 127.0.0.1/37889] WARN  impl.MetricsSystemImpl (MetricsSystemImpl.java:register(276)) - Sink prometheus already exists!
2020-11-19 23:06:07,469 [Listener at 127.0.0.1/37889] INFO  http.BaseHttpServer (BaseHttpServer.java:updateConnectorAddress(327)) - HTTP server of hddsDatanode listening at http://0.0.0.0:37597
2020-11-19 23:06:07,469 [Listener at 127.0.0.1/37889] INFO  impl.MetricsSystemImpl (MetricsSystemImpl.java:init(158)) - HddsDatanode metrics system started (again)
2020-11-19 23:06:07,470 [Listener at 127.0.0.1/37889] INFO  ozone.HddsDatanodeService (HddsDatanodeService.java:start(217)) - HddsDatanodeService host:3a6e21f0ed7d ip:172.17.0.2
2020-11-19 23:06:07,472 [Listener at 127.0.0.1/37889] INFO  volume.HddsVolume (HddsVolume.java:<init>(176)) - Creating Volume: /github/workspace/mnt/ozone/hadoop-ozone/integration-test/target/test-dir/MiniOzoneClusterImpl-f63f6e49-a519-49d7-bac2-b5e85396f7e3/datanode-1/data-0/containers/hdds of storage type : DISK and capacity : 9223372036854775807
2020-11-19 23:06:07,472 [Listener at 127.0.0.1/37889] INFO  volume.MutableVolumeSet (MutableVolumeSet.java:initializeVolumeSet(179)) - Added Volume : /github/workspace/mnt/ozone/hadoop-ozone/integration-test/target/test-dir/MiniOzoneClusterImpl-f63f6e49-a519-49d7-bac2-b5e85396f7e3/datanode-1/data-0/containers/hdds to VolumeSet
2020-11-19 23:06:07,472 [Listener at 127.0.0.1/37889] INFO  volume.ThrottledAsyncChecker (ThrottledAsyncChecker.java:schedule(141)) - Scheduling a check for /github/workspace/mnt/ozone/hadoop-ozone/integration-test/target/test-dir/MiniOzoneClusterImpl-f63f6e49-a519-49d7-bac2-b5e85396f7e3/datanode-1/data-0/containers/hdds
2020-11-19 23:06:07,473 [Listener at 127.0.0.1/37889] INFO  volume.HddsVolumeChecker (HddsVolumeChecker.java:checkAllVolumes(200)) - Scheduled health check for volume /github/workspace/mnt/ozone/hadoop-ozone/integration-test/target/test-dir/MiniOzoneClusterImpl-f63f6e49-a519-49d7-bac2-b5e85396f7e3/datanode-1/data-0/containers/hdds
2020-11-19 23:06:07,485 [org.apache.hadoop.util.JvmPauseMonitor$Monitor@66b837fa] INFO  util.JvmPauseMonitor (JvmPauseMonitor.java:run(188)) - Starting JVM pause monitor
2020-11-19 23:06:07,485 [Thread-496] INFO  ozoneimpl.ContainerReader (ContainerReader.java:readVolume(123)) - Start to verify containers on volume /github/workspace/mnt/ozone/hadoop-ozone/integration-test/target/test-dir/MiniOzoneClusterImpl-f63f6e49-a519-49d7-bac2-b5e85396f7e3/datanode-1/data-0/containers/hdds
2020-11-19 23:06:07,485 [Thread-496] INFO  ozoneimpl.ContainerReader (ContainerReader.java:readVolume(148)) - Finish verifying containers on volume /github/workspace/mnt/ozone/hadoop-ozone/integration-test/target/test-dir/MiniOzoneClusterImpl-f63f6e49-a519-49d7-bac2-b5e85396f7e3/datanode-1/data-0/containers/hdds
2020-11-19 23:06:07,485 [Listener at 127.0.0.1/37889] INFO  ozoneimpl.OzoneContainer (OzoneContainer.java:buildContainerSet(194)) - Build ContainerSet costs 0s
2020-11-19 23:06:07,487 [Listener at 127.0.0.1/37889] INFO  impl.RaftServerProxy (ConfUtils.java:logGet(44)) - raft.rpc.type = GRPC (default)
2020-11-19 23:06:07,488 [Listener at 127.0.0.1/37889] INFO  grpc.GrpcFactory (GrpcFactory.java:checkPooledByteBufAllocatorUseCacheForAllThreads(45)) - PERFORMANCE WARNING: useCacheForAllThreads is true that may cause Netty to create a lot garbage objects and, as a result, trigger GC.
	It is recommended to disable useCacheForAllThreads by setting -Dorg.apache.ratis.thirdparty.io.netty.allocator.useCacheForAllThreads=false in command line.
2020-11-19 23:06:07,488 [Listener at 127.0.0.1/37889] INFO  grpc.GrpcConfigKeys (ConfUtils.java:logGet(44)) - raft.grpc.server.port = 0 (default)
2020-11-19 23:06:07,488 [Listener at 127.0.0.1/37889] INFO  server.GrpcService (ConfUtils.java:logGet(44)) - raft.grpc.message.size.max = 32MB (=33554432) (custom)
2020-11-19 23:06:07,488 [Listener at 127.0.0.1/37889] INFO  server.RaftServerConfigKeys (ConfUtils.java:logGet(44)) - raft.server.log.appender.buffer.byte-limit = 33554432 (custom)
2020-11-19 23:06:07,488 [Listener at 127.0.0.1/37889] INFO  server.GrpcService (ConfUtils.java:logGet(44)) - raft.grpc.flow.control.window = 5MB (=5242880) (custom)
2020-11-19 23:06:07,488 [Listener at 127.0.0.1/37889] INFO  server.RaftServerConfigKeys (ConfUtils.java:logGet(44)) - raft.server.rpc.request.timeout = 60s (custom)
2020-11-19 23:06:07,489 [Listener at 127.0.0.1/37889] INFO  server.RaftServerConfigKeys (ConfUtils.java:logGet(44)) - raft.server.storage.dir = [/github/workspace/mnt/ozone/hadoop-ozone/integration-test/target/test-dir/MiniOzoneClusterImpl-f63f6e49-a519-49d7-bac2-b5e85396f7e3/datanode-1/data/ratis] (custom)
2020-11-19 23:06:07,493 [Listener at 127.0.0.1/37889] INFO  http.BaseHttpServer (BaseHttpServer.java:newHttpServer2BuilderForOzone(207)) - Starting Web-server for hddsDatanode at: http://0.0.0.0:0
2020-11-19 23:06:07,493 [Listener at 127.0.0.1/37889] INFO  http.BaseHttpServer (BaseHttpServer.java:<init>(106)) - Hadoop Security Enabled: false Ozone Security Enabled: false Ozone HTTP Security Enabled: false 
2020-11-19 23:06:07,494 [Datanode State Machine Task Thread - 0] INFO  datanode.InitDatanodeState (InitDatanodeState.java:persistContainerDatanodeDetails(145)) - DatanodeDetails is persisted to /github/workspace/mnt/ozone/hadoop-ozone/integration-test/target/test-dir/MiniOzoneClusterImpl-f63f6e49-a519-49d7-bac2-b5e85396f7e3/datanode-0/meta/datanode.id
2020-11-19 23:06:07,495 [Listener at 127.0.0.1/37889] INFO  server.AuthenticationFilter (AuthenticationFilter.java:constructSecretProvider(240)) - Unable to initialize FileSignerSecretProvider, falling back to use random secrets.
2020-11-19 23:06:07,495 [Listener at 127.0.0.1/37889] WARN  http.HttpRequestLog (HttpRequestLog.java:getRequestLog(103)) - Jetty request log can only be enabled using Log4j
2020-11-19 23:06:07,496 [Listener at 127.0.0.1/37889] INFO  http.HttpServer2 (HttpServer2.java:addGlobalFilter(1019)) - Added global filter 'safety' (class=org.apache.hadoop.hdds.server.http.HttpServer2$QuotingInputFilter)
2020-11-19 23:06:07,496 [Listener at 127.0.0.1/37889] INFO  http.HttpServer2 (HttpServer2.java:addFilter(995)) - Added filter static_user_filter (class=org.apache.hadoop.http.lib.StaticUserWebFilter$StaticUserFilter) to context hddsDatanode
2020-11-19 23:06:07,496 [Listener at 127.0.0.1/37889] INFO  http.HttpServer2 (HttpServer2.java:addFilter(1003)) - Added filter static_user_filter (class=org.apache.hadoop.http.lib.StaticUserWebFilter$StaticUserFilter) to context static
2020-11-19 23:06:07,496 [Listener at 127.0.0.1/37889] INFO  http.HttpServer2 (HttpServer2.java:addFilter(1003)) - Added filter static_user_filter (class=org.apache.hadoop.http.lib.StaticUserWebFilter$StaticUserFilter) to context logs
2020-11-19 23:06:07,497 [Listener at 127.0.0.1/37889] INFO  http.HttpServer2 (HttpServer2.java:bindListener(1237)) - Jetty bound to port 43095
2020-11-19 23:06:07,497 [Listener at 127.0.0.1/37889] INFO  server.Server (Server.java:doStart(375)) - jetty-9.4.34.v20201102; built: 2020-11-02T14:15:39.302Z; git: e46af88704a893fc12cb0e3bf46e2c7b48a009e7; jvm 1.8.0_232-b09
2020-11-19 23:06:07,501 [Listener at 127.0.0.1/37889] INFO  server.session (DefaultSessionIdManager.java:doStart(334)) - DefaultSessionIdManager workerName=node0
2020-11-19 23:06:07,501 [Listener at 127.0.0.1/37889] INFO  server.session (DefaultSessionIdManager.java:doStart(339)) - No SessionScavenger set, using defaults
2020-11-19 23:06:07,501 [Listener at 127.0.0.1/37889] INFO  server.session (HouseKeeper.java:startScavenging(132)) - node0 Scavenging every 600000ms
2020-11-19 23:06:07,502 [Listener at 127.0.0.1/37889] INFO  handler.ContextHandler (ContextHandler.java:doStart(916)) - Started o.e.j.s.ServletContextHandler@6a13933d{logs,/logs,file:///github/workspace/mnt/ozone/hadoop-ozone/integration-test/target/log,AVAILABLE}
2020-11-19 23:06:07,503 [Listener at 127.0.0.1/37889] INFO  handler.ContextHandler (ContextHandler.java:doStart(916)) - Started o.e.j.s.ServletContextHandler@127963ab{static,/static,jar:file:/home/user/.m2/repository/org/apache/hadoop/hadoop-hdds-container-service/1.1.0-SNAPSHOT/hadoop-hdds-container-service-1.1.0-SNAPSHOT.jar!/webapps/static,AVAILABLE}
2020-11-19 23:06:07,629 [Listener at 127.0.0.1/37889] INFO  handler.ContextHandler (ContextHandler.java:doStart(916)) - Started o.e.j.w.WebAppContext@3575b8c0{hddsDatanode,/,file:///tmp/jetty-0_0_0_0-43095-hadoop-hdds-container-service-1_1_0-SNAPSHOT_jar-_-any-5441143199152215384/webapp/,AVAILABLE}{jar:file:/home/user/.m2/repository/org/apache/hadoop/hadoop-hdds-container-service/1.1.0-SNAPSHOT/hadoop-hdds-container-service-1.1.0-SNAPSHOT.jar!/webapps/hddsDatanode}
2020-11-19 23:06:07,630 [Listener at 127.0.0.1/37889] INFO  server.AbstractConnector (AbstractConnector.java:doStart(331)) - Started ServerConnector@5e874928{HTTP/1.1, (http/1.1)}{0.0.0.0:43095}
2020-11-19 23:06:07,630 [Listener at 127.0.0.1/37889] INFO  server.Server (Server.java:doStart(415)) - Started @46001ms
2020-11-19 23:06:07,631 [Listener at 127.0.0.1/37889] WARN  impl.MetricsSystemImpl (MetricsSystemImpl.java:register(276)) - Sink prometheus already exists!
2020-11-19 23:06:07,633 [Listener at 127.0.0.1/37889] INFO  http.BaseHttpServer (BaseHttpServer.java:updateConnectorAddress(327)) - HTTP server of hddsDatanode listening at http://0.0.0.0:43095
2020-11-19 23:06:07,634 [Listener at 127.0.0.1/37889] INFO  impl.MetricsSystemImpl (MetricsSystemImpl.java:init(158)) - HddsDatanode metrics system started (again)
2020-11-19 23:06:07,635 [Listener at 127.0.0.1/37889] INFO  ozone.HddsDatanodeService (HddsDatanodeService.java:start(217)) - HddsDatanodeService host:3a6e21f0ed7d ip:172.17.0.2
2020-11-19 23:06:07,637 [Listener at 127.0.0.1/37889] INFO  volume.HddsVolume (HddsVolume.java:<init>(176)) - Creating Volume: /github/workspace/mnt/ozone/hadoop-ozone/integration-test/target/test-dir/MiniOzoneClusterImpl-f63f6e49-a519-49d7-bac2-b5e85396f7e3/datanode-2/data-0/containers/hdds of storage type : DISK and capacity : 9223372036854775807
2020-11-19 23:06:07,638 [Listener at 127.0.0.1/37889] INFO  volume.MutableVolumeSet (MutableVolumeSet.java:initializeVolumeSet(179)) - Added Volume : /github/workspace/mnt/ozone/hadoop-ozone/integration-test/target/test-dir/MiniOzoneClusterImpl-f63f6e49-a519-49d7-bac2-b5e85396f7e3/datanode-2/data-0/containers/hdds to VolumeSet
2020-11-19 23:06:07,638 [Listener at 127.0.0.1/37889] INFO  volume.ThrottledAsyncChecker (ThrottledAsyncChecker.java:schedule(141)) - Scheduling a check for /github/workspace/mnt/ozone/hadoop-ozone/integration-test/target/test-dir/MiniOzoneClusterImpl-f63f6e49-a519-49d7-bac2-b5e85396f7e3/datanode-2/data-0/containers/hdds
2020-11-19 23:06:07,638 [Listener at 127.0.0.1/37889] INFO  volume.HddsVolumeChecker (HddsVolumeChecker.java:checkAllVolumes(200)) - Scheduled health check for volume /github/workspace/mnt/ozone/hadoop-ozone/integration-test/target/test-dir/MiniOzoneClusterImpl-f63f6e49-a519-49d7-bac2-b5e85396f7e3/datanode-2/data-0/containers/hdds
2020-11-19 23:06:07,654 [org.apache.hadoop.util.JvmPauseMonitor$Monitor@7f12ae58] INFO  util.JvmPauseMonitor (JvmPauseMonitor.java:run(188)) - Starting JVM pause monitor
2020-11-19 23:06:07,655 [Datanode State Machine Task Thread - 0] INFO  datanode.InitDatanodeState (InitDatanodeState.java:persistContainerDatanodeDetails(145)) - DatanodeDetails is persisted to /github/workspace/mnt/ozone/hadoop-ozone/integration-test/target/test-dir/MiniOzoneClusterImpl-f63f6e49-a519-49d7-bac2-b5e85396f7e3/datanode-1/meta/datanode.id
2020-11-19 23:06:07,655 [Thread-507] INFO  ozoneimpl.ContainerReader (ContainerReader.java:readVolume(123)) - Start to verify containers on volume /github/workspace/mnt/ozone/hadoop-ozone/integration-test/target/test-dir/MiniOzoneClusterImpl-f63f6e49-a519-49d7-bac2-b5e85396f7e3/datanode-2/data-0/containers/hdds
2020-11-19 23:06:07,655 [Thread-507] INFO  ozoneimpl.ContainerReader (ContainerReader.java:readVolume(148)) - Finish verifying containers on volume /github/workspace/mnt/ozone/hadoop-ozone/integration-test/target/test-dir/MiniOzoneClusterImpl-f63f6e49-a519-49d7-bac2-b5e85396f7e3/datanode-2/data-0/containers/hdds
2020-11-19 23:06:07,655 [Listener at 127.0.0.1/37889] INFO  ozoneimpl.OzoneContainer (OzoneContainer.java:buildContainerSet(194)) - Build ContainerSet costs 0s
2020-11-19 23:06:07,657 [Listener at 127.0.0.1/37889] INFO  impl.RaftServerProxy (ConfUtils.java:logGet(44)) - raft.rpc.type = GRPC (default)
2020-11-19 23:06:07,657 [Listener at 127.0.0.1/37889] INFO  grpc.GrpcFactory (GrpcFactory.java:checkPooledByteBufAllocatorUseCacheForAllThreads(45)) - PERFORMANCE WARNING: useCacheForAllThreads is true that may cause Netty to create a lot garbage objects and, as a result, trigger GC.
	It is recommended to disable useCacheForAllThreads by setting -Dorg.apache.ratis.thirdparty.io.netty.allocator.useCacheForAllThreads=false in command line.
2020-11-19 23:06:07,657 [Listener at 127.0.0.1/37889] INFO  grpc.GrpcConfigKeys (ConfUtils.java:logGet(44)) - raft.grpc.server.port = 0 (default)
2020-11-19 23:06:07,657 [Listener at 127.0.0.1/37889] INFO  server.GrpcService (ConfUtils.java:logGet(44)) - raft.grpc.message.size.max = 32MB (=33554432) (custom)
2020-11-19 23:06:07,657 [Listener at 127.0.0.1/37889] INFO  server.RaftServerConfigKeys (ConfUtils.java:logGet(44)) - raft.server.log.appender.buffer.byte-limit = 33554432 (custom)
2020-11-19 23:06:07,658 [Listener at 127.0.0.1/37889] INFO  server.GrpcService (ConfUtils.java:logGet(44)) - raft.grpc.flow.control.window = 5MB (=5242880) (custom)
2020-11-19 23:06:07,658 [Listener at 127.0.0.1/37889] INFO  server.RaftServerConfigKeys (ConfUtils.java:logGet(44)) - raft.server.rpc.request.timeout = 60s (custom)
2020-11-19 23:06:07,659 [Listener at 127.0.0.1/37889] INFO  server.RaftServerConfigKeys (ConfUtils.java:logGet(44)) - raft.server.storage.dir = [/github/workspace/mnt/ozone/hadoop-ozone/integration-test/target/test-dir/MiniOzoneClusterImpl-f63f6e49-a519-49d7-bac2-b5e85396f7e3/datanode-2/data/ratis] (custom)
2020-11-19 23:06:07,663 [Listener at 127.0.0.1/37889] INFO  http.BaseHttpServer (BaseHttpServer.java:newHttpServer2BuilderForOzone(207)) - Starting Web-server for hddsDatanode at: http://0.0.0.0:0
2020-11-19 23:06:07,663 [Listener at 127.0.0.1/37889] INFO  http.BaseHttpServer (BaseHttpServer.java:<init>(106)) - Hadoop Security Enabled: false Ozone Security Enabled: false Ozone HTTP Security Enabled: false 
2020-11-19 23:06:07,664 [Listener at 127.0.0.1/37889] INFO  server.AuthenticationFilter (AuthenticationFilter.java:constructSecretProvider(240)) - Unable to initialize FileSignerSecretProvider, falling back to use random secrets.
2020-11-19 23:06:07,664 [Listener at 127.0.0.1/37889] WARN  http.HttpRequestLog (HttpRequestLog.java:getRequestLog(103)) - Jetty request log can only be enabled using Log4j
2020-11-19 23:06:07,665 [Listener at 127.0.0.1/37889] INFO  http.HttpServer2 (HttpServer2.java:addGlobalFilter(1019)) - Added global filter 'safety' (class=org.apache.hadoop.hdds.server.http.HttpServer2$QuotingInputFilter)
2020-11-19 23:06:07,666 [Listener at 127.0.0.1/37889] INFO  http.HttpServer2 (HttpServer2.java:addFilter(995)) - Added filter static_user_filter (class=org.apache.hadoop.http.lib.StaticUserWebFilter$StaticUserFilter) to context hddsDatanode
2020-11-19 23:06:07,666 [Listener at 127.0.0.1/37889] INFO  http.HttpServer2 (HttpServer2.java:addFilter(1003)) - Added filter static_user_filter (class=org.apache.hadoop.http.lib.StaticUserWebFilter$StaticUserFilter) to context static
2020-11-19 23:06:07,666 [Listener at 127.0.0.1/37889] INFO  http.HttpServer2 (HttpServer2.java:addFilter(1003)) - Added filter static_user_filter (class=org.apache.hadoop.http.lib.StaticUserWebFilter$StaticUserFilter) to context logs
2020-11-19 23:06:07,666 [Listener at 127.0.0.1/37889] INFO  http.HttpServer2 (HttpServer2.java:bindListener(1237)) - Jetty bound to port 33761
2020-11-19 23:06:07,666 [Listener at 127.0.0.1/37889] INFO  server.Server (Server.java:doStart(375)) - jetty-9.4.34.v20201102; built: 2020-11-02T14:15:39.302Z; git: e46af88704a893fc12cb0e3bf46e2c7b48a009e7; jvm 1.8.0_232-b09
2020-11-19 23:06:07,669 [Listener at 127.0.0.1/37889] INFO  server.session (DefaultSessionIdManager.java:doStart(334)) - DefaultSessionIdManager workerName=node0
2020-11-19 23:06:07,669 [Listener at 127.0.0.1/37889] INFO  server.session (DefaultSessionIdManager.java:doStart(339)) - No SessionScavenger set, using defaults
2020-11-19 23:06:07,669 [Listener at 127.0.0.1/37889] INFO  server.session (HouseKeeper.java:startScavenging(132)) - node0 Scavenging every 600000ms
2020-11-19 23:06:07,670 [Listener at 127.0.0.1/37889] INFO  handler.ContextHandler (ContextHandler.java:doStart(916)) - Started o.e.j.s.ServletContextHandler@7ebf5eba{logs,/logs,file:///github/workspace/mnt/ozone/hadoop-ozone/integration-test/target/log,AVAILABLE}
2020-11-19 23:06:07,670 [Listener at 127.0.0.1/37889] INFO  handler.ContextHandler (ContextHandler.java:doStart(916)) - Started o.e.j.s.ServletContextHandler@5fe064f0{static,/static,jar:file:/home/user/.m2/repository/org/apache/hadoop/hadoop-hdds-container-service/1.1.0-SNAPSHOT/hadoop-hdds-container-service-1.1.0-SNAPSHOT.jar!/webapps/static,AVAILABLE}
2020-11-19 23:06:07,800 [Listener at 127.0.0.1/37889] INFO  handler.ContextHandler (ContextHandler.java:doStart(916)) - Started o.e.j.w.WebAppContext@68310b90{hddsDatanode,/,file:///tmp/jetty-0_0_0_0-33761-hadoop-hdds-container-service-1_1_0-SNAPSHOT_jar-_-any-7858345308857150737/webapp/,AVAILABLE}{jar:file:/home/user/.m2/repository/org/apache/hadoop/hadoop-hdds-container-service/1.1.0-SNAPSHOT/hadoop-hdds-container-service-1.1.0-SNAPSHOT.jar!/webapps/hddsDatanode}
2020-11-19 23:06:07,802 [Listener at 127.0.0.1/37889] INFO  server.AbstractConnector (AbstractConnector.java:doStart(331)) - Started ServerConnector@54207379{HTTP/1.1, (http/1.1)}{0.0.0.0:33761}
2020-11-19 23:06:07,802 [Listener at 127.0.0.1/37889] INFO  server.Server (Server.java:doStart(415)) - Started @46172ms
2020-11-19 23:06:07,802 [Listener at 127.0.0.1/37889] WARN  impl.MetricsSystemImpl (MetricsSystemImpl.java:register(276)) - Sink prometheus already exists!
2020-11-19 23:06:07,805 [Listener at 127.0.0.1/37889] INFO  http.BaseHttpServer (BaseHttpServer.java:updateConnectorAddress(327)) - HTTP server of hddsDatanode listening at http://0.0.0.0:33761
2020-11-19 23:06:07,805 [Listener at 127.0.0.1/37889] INFO  impl.MetricsSystemImpl (MetricsSystemImpl.java:init(158)) - HddsDatanode metrics system started (again)
2020-11-19 23:06:07,807 [Listener at 127.0.0.1/37889] INFO  ozone.HddsDatanodeService (HddsDatanodeService.java:start(217)) - HddsDatanodeService host:3a6e21f0ed7d ip:172.17.0.2
2020-11-19 23:06:07,810 [Listener at 127.0.0.1/37889] INFO  volume.HddsVolume (HddsVolume.java:<init>(176)) - Creating Volume: /github/workspace/mnt/ozone/hadoop-ozone/integration-test/target/test-dir/MiniOzoneClusterImpl-f63f6e49-a519-49d7-bac2-b5e85396f7e3/datanode-3/data-0/containers/hdds of storage type : DISK and capacity : 9223372036854775807
2020-11-19 23:06:07,810 [Listener at 127.0.0.1/37889] INFO  volume.MutableVolumeSet (MutableVolumeSet.java:initializeVolumeSet(179)) - Added Volume : /github/workspace/mnt/ozone/hadoop-ozone/integration-test/target/test-dir/MiniOzoneClusterImpl-f63f6e49-a519-49d7-bac2-b5e85396f7e3/datanode-3/data-0/containers/hdds to VolumeSet
2020-11-19 23:06:07,810 [Listener at 127.0.0.1/37889] INFO  volume.ThrottledAsyncChecker (ThrottledAsyncChecker.java:schedule(141)) - Scheduling a check for /github/workspace/mnt/ozone/hadoop-ozone/integration-test/target/test-dir/MiniOzoneClusterImpl-f63f6e49-a519-49d7-bac2-b5e85396f7e3/datanode-3/data-0/containers/hdds
2020-11-19 23:06:07,821 [Listener at 127.0.0.1/37889] INFO  volume.HddsVolumeChecker (HddsVolumeChecker.java:checkAllVolumes(200)) - Scheduled health check for volume /github/workspace/mnt/ozone/hadoop-ozone/integration-test/target/test-dir/MiniOzoneClusterImpl-f63f6e49-a519-49d7-bac2-b5e85396f7e3/datanode-3/data-0/containers/hdds
2020-11-19 23:06:07,835 [Thread-517] INFO  ozoneimpl.ContainerReader (ContainerReader.java:readVolume(123)) - Start to verify containers on volume /github/workspace/mnt/ozone/hadoop-ozone/integration-test/target/test-dir/MiniOzoneClusterImpl-f63f6e49-a519-49d7-bac2-b5e85396f7e3/datanode-3/data-0/containers/hdds
2020-11-19 23:06:07,835 [Thread-517] INFO  ozoneimpl.ContainerReader (ContainerReader.java:readVolume(148)) - Finish verifying containers on volume /github/workspace/mnt/ozone/hadoop-ozone/integration-test/target/test-dir/MiniOzoneClusterImpl-f63f6e49-a519-49d7-bac2-b5e85396f7e3/datanode-3/data-0/containers/hdds
2020-11-19 23:06:07,835 [Listener at 127.0.0.1/37889] INFO  ozoneimpl.OzoneContainer (OzoneContainer.java:buildContainerSet(194)) - Build ContainerSet costs 0s
2020-11-19 23:06:07,837 [Listener at 127.0.0.1/37889] INFO  impl.RaftServerProxy (ConfUtils.java:logGet(44)) - raft.rpc.type = GRPC (default)
2020-11-19 23:06:07,837 [Listener at 127.0.0.1/37889] INFO  grpc.GrpcFactory (GrpcFactory.java:checkPooledByteBufAllocatorUseCacheForAllThreads(45)) - PERFORMANCE WARNING: useCacheForAllThreads is true that may cause Netty to create a lot garbage objects and, as a result, trigger GC.
	It is recommended to disable useCacheForAllThreads by setting -Dorg.apache.ratis.thirdparty.io.netty.allocator.useCacheForAllThreads=false in command line.
2020-11-19 23:06:07,837 [Listener at 127.0.0.1/37889] INFO  grpc.GrpcConfigKeys (ConfUtils.java:logGet(44)) - raft.grpc.server.port = 0 (default)
2020-11-19 23:06:07,837 [Listener at 127.0.0.1/37889] INFO  server.GrpcService (ConfUtils.java:logGet(44)) - raft.grpc.message.size.max = 32MB (=33554432) (custom)
2020-11-19 23:06:07,837 [Listener at 127.0.0.1/37889] INFO  server.RaftServerConfigKeys (ConfUtils.java:logGet(44)) - raft.server.log.appender.buffer.byte-limit = 33554432 (custom)
2020-11-19 23:06:07,838 [Listener at 127.0.0.1/37889] INFO  server.GrpcService (ConfUtils.java:logGet(44)) - raft.grpc.flow.control.window = 5MB (=5242880) (custom)
2020-11-19 23:06:07,838 [Listener at 127.0.0.1/37889] INFO  server.RaftServerConfigKeys (ConfUtils.java:logGet(44)) - raft.server.rpc.request.timeout = 60s (custom)
2020-11-19 23:06:07,839 [Listener at 127.0.0.1/37889] INFO  server.RaftServerConfigKeys (ConfUtils.java:logGet(44)) - raft.server.storage.dir = [/github/workspace/mnt/ozone/hadoop-ozone/integration-test/target/test-dir/MiniOzoneClusterImpl-f63f6e49-a519-49d7-bac2-b5e85396f7e3/datanode-3/data/ratis] (custom)
2020-11-19 23:06:07,847 [org.apache.hadoop.util.JvmPauseMonitor$Monitor@730a55c7] INFO  util.JvmPauseMonitor (JvmPauseMonitor.java:run(188)) - Starting JVM pause monitor
2020-11-19 23:06:07,848 [Listener at 127.0.0.1/37889] INFO  http.BaseHttpServer (BaseHttpServer.java:newHttpServer2BuilderForOzone(207)) - Starting Web-server for hddsDatanode at: http://0.0.0.0:0
2020-11-19 23:06:07,848 [Listener at 127.0.0.1/37889] INFO  http.BaseHttpServer (BaseHttpServer.java:<init>(106)) - Hadoop Security Enabled: false Ozone Security Enabled: false Ozone HTTP Security Enabled: false 
2020-11-19 23:06:07,849 [Listener at 127.0.0.1/37889] INFO  server.AuthenticationFilter (AuthenticationFilter.java:constructSecretProvider(240)) - Unable to initialize FileSignerSecretProvider, falling back to use random secrets.
2020-11-19 23:06:07,850 [Datanode State Machine Task Thread - 0] INFO  datanode.InitDatanodeState (InitDatanodeState.java:persistContainerDatanodeDetails(145)) - DatanodeDetails is persisted to /github/workspace/mnt/ozone/hadoop-ozone/integration-test/target/test-dir/MiniOzoneClusterImpl-f63f6e49-a519-49d7-bac2-b5e85396f7e3/datanode-2/meta/datanode.id
2020-11-19 23:06:07,850 [Listener at 127.0.0.1/37889] WARN  http.HttpRequestLog (HttpRequestLog.java:getRequestLog(103)) - Jetty request log can only be enabled using Log4j
2020-11-19 23:06:07,851 [Listener at 127.0.0.1/37889] INFO  http.HttpServer2 (HttpServer2.java:addGlobalFilter(1019)) - Added global filter 'safety' (class=org.apache.hadoop.hdds.server.http.HttpServer2$QuotingInputFilter)
2020-11-19 23:06:07,851 [Listener at 127.0.0.1/37889] INFO  http.HttpServer2 (HttpServer2.java:addFilter(995)) - Added filter static_user_filter (class=org.apache.hadoop.http.lib.StaticUserWebFilter$StaticUserFilter) to context hddsDatanode
2020-11-19 23:06:07,851 [Listener at 127.0.0.1/37889] INFO  http.HttpServer2 (HttpServer2.java:addFilter(1003)) - Added filter static_user_filter (class=org.apache.hadoop.http.lib.StaticUserWebFilter$StaticUserFilter) to context logs
2020-11-19 23:06:07,851 [Listener at 127.0.0.1/37889] INFO  http.HttpServer2 (HttpServer2.java:addFilter(1003)) - Added filter static_user_filter (class=org.apache.hadoop.http.lib.StaticUserWebFilter$StaticUserFilter) to context static
2020-11-19 23:06:07,852 [Listener at 127.0.0.1/37889] INFO  http.HttpServer2 (HttpServer2.java:bindListener(1237)) - Jetty bound to port 38051
2020-11-19 23:06:07,852 [Listener at 127.0.0.1/37889] INFO  server.Server (Server.java:doStart(375)) - jetty-9.4.34.v20201102; built: 2020-11-02T14:15:39.302Z; git: e46af88704a893fc12cb0e3bf46e2c7b48a009e7; jvm 1.8.0_232-b09
2020-11-19 23:06:07,853 [Listener at 127.0.0.1/37889] INFO  server.session (DefaultSessionIdManager.java:doStart(334)) - DefaultSessionIdManager workerName=node0
2020-11-19 23:06:07,853 [Listener at 127.0.0.1/37889] INFO  server.session (DefaultSessionIdManager.java:doStart(339)) - No SessionScavenger set, using defaults
2020-11-19 23:06:07,853 [Listener at 127.0.0.1/37889] INFO  server.session (HouseKeeper.java:startScavenging(132)) - node0 Scavenging every 600000ms
2020-11-19 23:06:07,854 [Listener at 127.0.0.1/37889] INFO  handler.ContextHandler (ContextHandler.java:doStart(916)) - Started o.e.j.s.ServletContextHandler@2c2b0a7b{logs,/logs,file:///github/workspace/mnt/ozone/hadoop-ozone/integration-test/target/log,AVAILABLE}
2020-11-19 23:06:07,854 [Listener at 127.0.0.1/37889] INFO  handler.ContextHandler (ContextHandler.java:doStart(916)) - Started o.e.j.s.ServletContextHandler@48ee529e{static,/static,jar:file:/home/user/.m2/repository/org/apache/hadoop/hadoop-hdds-container-service/1.1.0-SNAPSHOT/hadoop-hdds-container-service-1.1.0-SNAPSHOT.jar!/webapps/static,AVAILABLE}
2020-11-19 23:06:08,007 [Listener at 127.0.0.1/37889] INFO  handler.ContextHandler (ContextHandler.java:doStart(916)) - Started o.e.j.w.WebAppContext@7059395a{hddsDatanode,/,file:///tmp/jetty-0_0_0_0-38051-hadoop-hdds-container-service-1_1_0-SNAPSHOT_jar-_-any-5873061069320552639/webapp/,AVAILABLE}{jar:file:/home/user/.m2/repository/org/apache/hadoop/hadoop-hdds-container-service/1.1.0-SNAPSHOT/hadoop-hdds-container-service-1.1.0-SNAPSHOT.jar!/webapps/hddsDatanode}
2020-11-19 23:06:08,008 [Listener at 127.0.0.1/37889] INFO  server.AbstractConnector (AbstractConnector.java:doStart(331)) - Started ServerConnector@625e48e7{HTTP/1.1, (http/1.1)}{0.0.0.0:38051}
2020-11-19 23:06:08,009 [Listener at 127.0.0.1/37889] INFO  server.Server (Server.java:doStart(415)) - Started @46379ms
2020-11-19 23:06:08,009 [Listener at 127.0.0.1/37889] WARN  impl.MetricsSystemImpl (MetricsSystemImpl.java:register(276)) - Sink prometheus already exists!
2020-11-19 23:06:08,012 [Listener at 127.0.0.1/37889] INFO  http.BaseHttpServer (BaseHttpServer.java:updateConnectorAddress(327)) - HTTP server of hddsDatanode listening at http://0.0.0.0:38051
2020-11-19 23:06:08,013 [Listener at 127.0.0.1/37889] INFO  impl.MetricsSystemImpl (MetricsSystemImpl.java:init(158)) - HddsDatanode metrics system started (again)
2020-11-19 23:06:08,014 [Listener at 127.0.0.1/37889] INFO  ozone.HddsDatanodeService (HddsDatanodeService.java:start(217)) - HddsDatanodeService host:3a6e21f0ed7d ip:172.17.0.2
2020-11-19 23:06:08,016 [Listener at 127.0.0.1/37889] INFO  volume.HddsVolume (HddsVolume.java:<init>(176)) - Creating Volume: /github/workspace/mnt/ozone/hadoop-ozone/integration-test/target/test-dir/MiniOzoneClusterImpl-f63f6e49-a519-49d7-bac2-b5e85396f7e3/datanode-4/data-0/containers/hdds of storage type : DISK and capacity : 9223372036854775807
2020-11-19 23:06:08,016 [Listener at 127.0.0.1/37889] INFO  volume.MutableVolumeSet (MutableVolumeSet.java:initializeVolumeSet(179)) - Added Volume : /github/workspace/mnt/ozone/hadoop-ozone/integration-test/target/test-dir/MiniOzoneClusterImpl-f63f6e49-a519-49d7-bac2-b5e85396f7e3/datanode-4/data-0/containers/hdds to VolumeSet
2020-11-19 23:06:08,016 [Listener at 127.0.0.1/37889] INFO  volume.ThrottledAsyncChecker (ThrottledAsyncChecker.java:schedule(141)) - Scheduling a check for /github/workspace/mnt/ozone/hadoop-ozone/integration-test/target/test-dir/MiniOzoneClusterImpl-f63f6e49-a519-49d7-bac2-b5e85396f7e3/datanode-4/data-0/containers/hdds
2020-11-19 23:06:08,025 [Listener at 127.0.0.1/37889] INFO  volume.HddsVolumeChecker (HddsVolumeChecker.java:checkAllVolumes(200)) - Scheduled health check for volume /github/workspace/mnt/ozone/hadoop-ozone/integration-test/target/test-dir/MiniOzoneClusterImpl-f63f6e49-a519-49d7-bac2-b5e85396f7e3/datanode-4/data-0/containers/hdds
2020-11-19 23:06:08,038 [org.apache.hadoop.util.JvmPauseMonitor$Monitor@3dcf91f2] INFO  util.JvmPauseMonitor (JvmPauseMonitor.java:run(188)) - Starting JVM pause monitor
2020-11-19 23:06:08,039 [Thread-529] INFO  ozoneimpl.ContainerReader (ContainerReader.java:readVolume(123)) - Start to verify containers on volume /github/workspace/mnt/ozone/hadoop-ozone/integration-test/target/test-dir/MiniOzoneClusterImpl-f63f6e49-a519-49d7-bac2-b5e85396f7e3/datanode-4/data-0/containers/hdds
2020-11-19 23:06:08,039 [Thread-529] INFO  ozoneimpl.ContainerReader (ContainerReader.java:readVolume(148)) - Finish verifying containers on volume /github/workspace/mnt/ozone/hadoop-ozone/integration-test/target/test-dir/MiniOzoneClusterImpl-f63f6e49-a519-49d7-bac2-b5e85396f7e3/datanode-4/data-0/containers/hdds
2020-11-19 23:06:08,039 [Listener at 127.0.0.1/37889] INFO  ozoneimpl.OzoneContainer (OzoneContainer.java:buildContainerSet(194)) - Build ContainerSet costs 0s
2020-11-19 23:06:08,041 [Listener at 127.0.0.1/37889] INFO  impl.RaftServerProxy (ConfUtils.java:logGet(44)) - raft.rpc.type = GRPC (default)
2020-11-19 23:06:08,041 [Listener at 127.0.0.1/37889] INFO  grpc.GrpcFactory (GrpcFactory.java:checkPooledByteBufAllocatorUseCacheForAllThreads(45)) - PERFORMANCE WARNING: useCacheForAllThreads is true that may cause Netty to create a lot garbage objects and, as a result, trigger GC.
	It is recommended to disable useCacheForAllThreads by setting -Dorg.apache.ratis.thirdparty.io.netty.allocator.useCacheForAllThreads=false in command line.
2020-11-19 23:06:08,041 [Listener at 127.0.0.1/37889] INFO  grpc.GrpcConfigKeys (ConfUtils.java:logGet(44)) - raft.grpc.server.port = 0 (default)
2020-11-19 23:06:08,041 [Listener at 127.0.0.1/37889] INFO  server.GrpcService (ConfUtils.java:logGet(44)) - raft.grpc.message.size.max = 32MB (=33554432) (custom)
2020-11-19 23:06:08,041 [Listener at 127.0.0.1/37889] INFO  server.RaftServerConfigKeys (ConfUtils.java:logGet(44)) - raft.server.log.appender.buffer.byte-limit = 33554432 (custom)
2020-11-19 23:06:08,041 [Listener at 127.0.0.1/37889] INFO  server.GrpcService (ConfUtils.java:logGet(44)) - raft.grpc.flow.control.window = 5MB (=5242880) (custom)
2020-11-19 23:06:08,041 [Listener at 127.0.0.1/37889] INFO  server.RaftServerConfigKeys (ConfUtils.java:logGet(44)) - raft.server.rpc.request.timeout = 60s (custom)
2020-11-19 23:06:08,042 [Listener at 127.0.0.1/37889] INFO  server.RaftServerConfigKeys (ConfUtils.java:logGet(44)) - raft.server.storage.dir = [/github/workspace/mnt/ozone/hadoop-ozone/integration-test/target/test-dir/MiniOzoneClusterImpl-f63f6e49-a519-49d7-bac2-b5e85396f7e3/datanode-4/data/ratis] (custom)
2020-11-19 23:06:08,045 [Datanode State Machine Task Thread - 0] INFO  datanode.InitDatanodeState (InitDatanodeState.java:persistContainerDatanodeDetails(145)) - DatanodeDetails is persisted to /github/workspace/mnt/ozone/hadoop-ozone/integration-test/target/test-dir/MiniOzoneClusterImpl-f63f6e49-a519-49d7-bac2-b5e85396f7e3/datanode-3/meta/datanode.id
2020-11-19 23:06:08,047 [Listener at 127.0.0.1/37889] INFO  http.BaseHttpServer (BaseHttpServer.java:newHttpServer2BuilderForOzone(207)) - Starting Web-server for hddsDatanode at: http://0.0.0.0:0
2020-11-19 23:06:08,047 [Listener at 127.0.0.1/37889] INFO  http.BaseHttpServer (BaseHttpServer.java:<init>(106)) - Hadoop Security Enabled: false Ozone Security Enabled: false Ozone HTTP Security Enabled: false 
2020-11-19 23:06:08,048 [Listener at 127.0.0.1/37889] INFO  server.AuthenticationFilter (AuthenticationFilter.java:constructSecretProvider(240)) - Unable to initialize FileSignerSecretProvider, falling back to use random secrets.
2020-11-19 23:06:08,049 [Listener at 127.0.0.1/37889] WARN  http.HttpRequestLog (HttpRequestLog.java:getRequestLog(103)) - Jetty request log can only be enabled using Log4j
2020-11-19 23:06:08,049 [Listener at 127.0.0.1/37889] INFO  http.HttpServer2 (HttpServer2.java:addGlobalFilter(1019)) - Added global filter 'safety' (class=org.apache.hadoop.hdds.server.http.HttpServer2$QuotingInputFilter)
2020-11-19 23:06:08,050 [Listener at 127.0.0.1/37889] INFO  http.HttpServer2 (HttpServer2.java:addFilter(995)) - Added filter static_user_filter (class=org.apache.hadoop.http.lib.StaticUserWebFilter$StaticUserFilter) to context hddsDatanode
2020-11-19 23:06:08,050 [Listener at 127.0.0.1/37889] INFO  http.HttpServer2 (HttpServer2.java:addFilter(1003)) - Added filter static_user_filter (class=org.apache.hadoop.http.lib.StaticUserWebFilter$StaticUserFilter) to context logs
2020-11-19 23:06:08,050 [Listener at 127.0.0.1/37889] INFO  http.HttpServer2 (HttpServer2.java:addFilter(1003)) - Added filter static_user_filter (class=org.apache.hadoop.http.lib.StaticUserWebFilter$StaticUserFilter) to context static
2020-11-19 23:06:08,051 [Listener at 127.0.0.1/37889] INFO  http.HttpServer2 (HttpServer2.java:bindListener(1237)) - Jetty bound to port 40901
2020-11-19 23:06:08,051 [Listener at 127.0.0.1/37889] INFO  server.Server (Server.java:doStart(375)) - jetty-9.4.34.v20201102; built: 2020-11-02T14:15:39.302Z; git: e46af88704a893fc12cb0e3bf46e2c7b48a009e7; jvm 1.8.0_232-b09
2020-11-19 23:06:08,053 [Listener at 127.0.0.1/37889] INFO  server.session (DefaultSessionIdManager.java:doStart(334)) - DefaultSessionIdManager workerName=node0
2020-11-19 23:06:08,053 [Listener at 127.0.0.1/37889] INFO  server.session (DefaultSessionIdManager.java:doStart(339)) - No SessionScavenger set, using defaults
2020-11-19 23:06:08,053 [Listener at 127.0.0.1/37889] INFO  server.session (HouseKeeper.java:startScavenging(132)) - node0 Scavenging every 600000ms
2020-11-19 23:06:08,054 [Listener at 127.0.0.1/37889] INFO  handler.ContextHandler (ContextHandler.java:doStart(916)) - Started o.e.j.s.ServletContextHandler@505a4d16{logs,/logs,file:///github/workspace/mnt/ozone/hadoop-ozone/integration-test/target/log,AVAILABLE}
2020-11-19 23:06:08,054 [Listener at 127.0.0.1/37889] INFO  handler.ContextHandler (ContextHandler.java:doStart(916)) - Started o.e.j.s.ServletContextHandler@3cd515c8{static,/static,jar:file:/home/user/.m2/repository/org/apache/hadoop/hadoop-hdds-container-service/1.1.0-SNAPSHOT/hadoop-hdds-container-service-1.1.0-SNAPSHOT.jar!/webapps/static,AVAILABLE}
2020-11-19 23:06:08,180 [Listener at 127.0.0.1/37889] INFO  handler.ContextHandler (ContextHandler.java:doStart(916)) - Started o.e.j.w.WebAppContext@3a5ce76e{hddsDatanode,/,file:///tmp/jetty-0_0_0_0-40901-hadoop-hdds-container-service-1_1_0-SNAPSHOT_jar-_-any-2483329593527894257/webapp/,AVAILABLE}{jar:file:/home/user/.m2/repository/org/apache/hadoop/hadoop-hdds-container-service/1.1.0-SNAPSHOT/hadoop-hdds-container-service-1.1.0-SNAPSHOT.jar!/webapps/hddsDatanode}
2020-11-19 23:06:08,182 [Listener at 127.0.0.1/37889] INFO  server.AbstractConnector (AbstractConnector.java:doStart(331)) - Started ServerConnector@7321fb34{HTTP/1.1, (http/1.1)}{0.0.0.0:40901}
2020-11-19 23:06:08,182 [Listener at 127.0.0.1/37889] INFO  server.Server (Server.java:doStart(415)) - Started @46552ms
2020-11-19 23:06:08,182 [Listener at 127.0.0.1/37889] WARN  impl.MetricsSystemImpl (MetricsSystemImpl.java:register(276)) - Sink prometheus already exists!
2020-11-19 23:06:08,185 [Listener at 127.0.0.1/37889] INFO  http.BaseHttpServer (BaseHttpServer.java:updateConnectorAddress(327)) - HTTP server of hddsDatanode listening at http://0.0.0.0:40901
2020-11-19 23:06:08,190 [Listener at 127.0.0.1/37889] INFO  impl.MetricsSystemImpl (MetricsSystemImpl.java:init(158)) - HddsDatanode metrics system started (again)
2020-11-19 23:06:08,192 [Listener at 127.0.0.1/37889] INFO  ozone.HddsDatanodeService (HddsDatanodeService.java:start(217)) - HddsDatanodeService host:3a6e21f0ed7d ip:172.17.0.2
2020-11-19 23:06:08,195 [org.apache.hadoop.util.JvmPauseMonitor$Monitor@5ec6a867] INFO  util.JvmPauseMonitor (JvmPauseMonitor.java:run(188)) - Starting JVM pause monitor
2020-11-19 23:06:08,195 [Datanode State Machine Task Thread - 0] INFO  datanode.InitDatanodeState (InitDatanodeState.java:persistContainerDatanodeDetails(145)) - DatanodeDetails is persisted to /github/workspace/mnt/ozone/hadoop-ozone/integration-test/target/test-dir/MiniOzoneClusterImpl-f63f6e49-a519-49d7-bac2-b5e85396f7e3/datanode-4/meta/datanode.id
2020-11-19 23:06:08,196 [Listener at 127.0.0.1/37889] INFO  volume.HddsVolume (HddsVolume.java:<init>(176)) - Creating Volume: /github/workspace/mnt/ozone/hadoop-ozone/integration-test/target/test-dir/MiniOzoneClusterImpl-f63f6e49-a519-49d7-bac2-b5e85396f7e3/datanode-5/data-0/containers/hdds of storage type : DISK and capacity : 9223372036854775807
2020-11-19 23:06:08,196 [Listener at 127.0.0.1/37889] INFO  volume.MutableVolumeSet (MutableVolumeSet.java:initializeVolumeSet(179)) - Added Volume : /github/workspace/mnt/ozone/hadoop-ozone/integration-test/target/test-dir/MiniOzoneClusterImpl-f63f6e49-a519-49d7-bac2-b5e85396f7e3/datanode-5/data-0/containers/hdds to VolumeSet
2020-11-19 23:06:08,197 [Listener at 127.0.0.1/37889] INFO  volume.ThrottledAsyncChecker (ThrottledAsyncChecker.java:schedule(141)) - Scheduling a check for /github/workspace/mnt/ozone/hadoop-ozone/integration-test/target/test-dir/MiniOzoneClusterImpl-f63f6e49-a519-49d7-bac2-b5e85396f7e3/datanode-5/data-0/containers/hdds
2020-11-19 23:06:08,197 [Listener at 127.0.0.1/37889] INFO  volume.HddsVolumeChecker (HddsVolumeChecker.java:checkAllVolumes(200)) - Scheduled health check for volume /github/workspace/mnt/ozone/hadoop-ozone/integration-test/target/test-dir/MiniOzoneClusterImpl-f63f6e49-a519-49d7-bac2-b5e85396f7e3/datanode-5/data-0/containers/hdds
2020-11-19 23:06:08,209 [Thread-540] INFO  ozoneimpl.ContainerReader (ContainerReader.java:readVolume(123)) - Start to verify containers on volume /github/workspace/mnt/ozone/hadoop-ozone/integration-test/target/test-dir/MiniOzoneClusterImpl-f63f6e49-a519-49d7-bac2-b5e85396f7e3/datanode-5/data-0/containers/hdds
2020-11-19 23:06:08,209 [Thread-540] INFO  ozoneimpl.ContainerReader (ContainerReader.java:readVolume(148)) - Finish verifying containers on volume /github/workspace/mnt/ozone/hadoop-ozone/integration-test/target/test-dir/MiniOzoneClusterImpl-f63f6e49-a519-49d7-bac2-b5e85396f7e3/datanode-5/data-0/containers/hdds
2020-11-19 23:06:08,209 [Listener at 127.0.0.1/37889] INFO  ozoneimpl.OzoneContainer (OzoneContainer.java:buildContainerSet(194)) - Build ContainerSet costs 0s
2020-11-19 23:06:08,211 [Listener at 127.0.0.1/37889] INFO  impl.RaftServerProxy (ConfUtils.java:logGet(44)) - raft.rpc.type = GRPC (default)
2020-11-19 23:06:08,211 [Listener at 127.0.0.1/37889] INFO  grpc.GrpcFactory (GrpcFactory.java:checkPooledByteBufAllocatorUseCacheForAllThreads(45)) - PERFORMANCE WARNING: useCacheForAllThreads is true that may cause Netty to create a lot garbage objects and, as a result, trigger GC.
	It is recommended to disable useCacheForAllThreads by setting -Dorg.apache.ratis.thirdparty.io.netty.allocator.useCacheForAllThreads=false in command line.
2020-11-19 23:06:08,211 [Listener at 127.0.0.1/37889] INFO  grpc.GrpcConfigKeys (ConfUtils.java:logGet(44)) - raft.grpc.server.port = 0 (default)
2020-11-19 23:06:08,211 [Listener at 127.0.0.1/37889] INFO  server.GrpcService (ConfUtils.java:logGet(44)) - raft.grpc.message.size.max = 32MB (=33554432) (custom)
2020-11-19 23:06:08,212 [Listener at 127.0.0.1/37889] INFO  server.RaftServerConfigKeys (ConfUtils.java:logGet(44)) - raft.server.log.appender.buffer.byte-limit = 33554432 (custom)
2020-11-19 23:06:08,212 [Listener at 127.0.0.1/37889] INFO  server.GrpcService (ConfUtils.java:logGet(44)) - raft.grpc.flow.control.window = 5MB (=5242880) (custom)
2020-11-19 23:06:08,212 [Listener at 127.0.0.1/37889] INFO  server.RaftServerConfigKeys (ConfUtils.java:logGet(44)) - raft.server.rpc.request.timeout = 60s (custom)
2020-11-19 23:06:08,213 [Listener at 127.0.0.1/37889] INFO  server.RaftServerConfigKeys (ConfUtils.java:logGet(44)) - raft.server.storage.dir = [/github/workspace/mnt/ozone/hadoop-ozone/integration-test/target/test-dir/MiniOzoneClusterImpl-f63f6e49-a519-49d7-bac2-b5e85396f7e3/datanode-5/data/ratis] (custom)
2020-11-19 23:06:08,217 [Listener at 127.0.0.1/37889] INFO  http.BaseHttpServer (BaseHttpServer.java:newHttpServer2BuilderForOzone(207)) - Starting Web-server for hddsDatanode at: http://0.0.0.0:0
2020-11-19 23:06:08,217 [Listener at 127.0.0.1/37889] INFO  http.BaseHttpServer (BaseHttpServer.java:<init>(106)) - Hadoop Security Enabled: false Ozone Security Enabled: false Ozone HTTP Security Enabled: false 
2020-11-19 23:06:08,218 [Listener at 127.0.0.1/37889] INFO  server.AuthenticationFilter (AuthenticationFilter.java:constructSecretProvider(240)) - Unable to initialize FileSignerSecretProvider, falling back to use random secrets.
2020-11-19 23:06:08,218 [Listener at 127.0.0.1/37889] WARN  http.HttpRequestLog (HttpRequestLog.java:getRequestLog(103)) - Jetty request log can only be enabled using Log4j
2020-11-19 23:06:08,219 [Listener at 127.0.0.1/37889] INFO  http.HttpServer2 (HttpServer2.java:addGlobalFilter(1019)) - Added global filter 'safety' (class=org.apache.hadoop.hdds.server.http.HttpServer2$QuotingInputFilter)
2020-11-19 23:06:08,220 [Listener at 127.0.0.1/37889] INFO  http.HttpServer2 (HttpServer2.java:addFilter(995)) - Added filter static_user_filter (class=org.apache.hadoop.http.lib.StaticUserWebFilter$StaticUserFilter) to context hddsDatanode
2020-11-19 23:06:08,220 [Listener at 127.0.0.1/37889] INFO  http.HttpServer2 (HttpServer2.java:addFilter(1003)) - Added filter static_user_filter (class=org.apache.hadoop.http.lib.StaticUserWebFilter$StaticUserFilter) to context static
2020-11-19 23:06:08,220 [Listener at 127.0.0.1/37889] INFO  http.HttpServer2 (HttpServer2.java:addFilter(1003)) - Added filter static_user_filter (class=org.apache.hadoop.http.lib.StaticUserWebFilter$StaticUserFilter) to context logs
2020-11-19 23:06:08,220 [Listener at 127.0.0.1/37889] INFO  http.HttpServer2 (HttpServer2.java:bindListener(1237)) - Jetty bound to port 33949
2020-11-19 23:06:08,220 [Listener at 127.0.0.1/37889] INFO  server.Server (Server.java:doStart(375)) - jetty-9.4.34.v20201102; built: 2020-11-02T14:15:39.302Z; git: e46af88704a893fc12cb0e3bf46e2c7b48a009e7; jvm 1.8.0_232-b09
2020-11-19 23:06:08,222 [Listener at 127.0.0.1/37889] INFO  server.session (DefaultSessionIdManager.java:doStart(334)) - DefaultSessionIdManager workerName=node0
2020-11-19 23:06:08,223 [Listener at 127.0.0.1/37889] INFO  server.session (DefaultSessionIdManager.java:doStart(339)) - No SessionScavenger set, using defaults
2020-11-19 23:06:08,223 [Listener at 127.0.0.1/37889] INFO  server.session (HouseKeeper.java:startScavenging(132)) - node0 Scavenging every 600000ms
2020-11-19 23:06:08,224 [Listener at 127.0.0.1/37889] INFO  handler.ContextHandler (ContextHandler.java:doStart(916)) - Started o.e.j.s.ServletContextHandler@7e856d4a{logs,/logs,file:///github/workspace/mnt/ozone/hadoop-ozone/integration-test/target/log,AVAILABLE}
2020-11-19 23:06:08,224 [Listener at 127.0.0.1/37889] INFO  handler.ContextHandler (ContextHandler.java:doStart(916)) - Started o.e.j.s.ServletContextHandler@6222167a{static,/static,jar:file:/home/user/.m2/repository/org/apache/hadoop/hadoop-hdds-container-service/1.1.0-SNAPSHOT/hadoop-hdds-container-service-1.1.0-SNAPSHOT.jar!/webapps/static,AVAILABLE}
2020-11-19 23:06:08,347 [Listener at 127.0.0.1/37889] INFO  handler.ContextHandler (ContextHandler.java:doStart(916)) - Started o.e.j.w.WebAppContext@7eefa270{hddsDatanode,/,file:///tmp/jetty-0_0_0_0-33949-hadoop-hdds-container-service-1_1_0-SNAPSHOT_jar-_-any-5243330724591875571/webapp/,AVAILABLE}{jar:file:/home/user/.m2/repository/org/apache/hadoop/hadoop-hdds-container-service/1.1.0-SNAPSHOT/hadoop-hdds-container-service-1.1.0-SNAPSHOT.jar!/webapps/hddsDatanode}
2020-11-19 23:06:08,348 [Listener at 127.0.0.1/37889] INFO  server.AbstractConnector (AbstractConnector.java:doStart(331)) - Started ServerConnector@5f923a18{HTTP/1.1, (http/1.1)}{0.0.0.0:33949}
2020-11-19 23:06:08,348 [Listener at 127.0.0.1/37889] INFO  server.Server (Server.java:doStart(415)) - Started @46718ms
2020-11-19 23:06:08,348 [Listener at 127.0.0.1/37889] WARN  impl.MetricsSystemImpl (MetricsSystemImpl.java:register(276)) - Sink prometheus already exists!
2020-11-19 23:06:08,351 [Listener at 127.0.0.1/37889] INFO  http.BaseHttpServer (BaseHttpServer.java:updateConnectorAddress(327)) - HTTP server of hddsDatanode listening at http://0.0.0.0:33949
2020-11-19 23:06:08,352 [Listener at 127.0.0.1/37889] INFO  impl.MetricsSystemImpl (MetricsSystemImpl.java:init(158)) - HddsDatanode metrics system started (again)
2020-11-19 23:06:08,354 [Listener at 127.0.0.1/37889] INFO  ozone.HddsDatanodeService (HddsDatanodeService.java:start(217)) - HddsDatanodeService host:3a6e21f0ed7d ip:172.17.0.2
2020-11-19 23:06:08,357 [Listener at 127.0.0.1/37889] INFO  volume.HddsVolume (HddsVolume.java:<init>(176)) - Creating Volume: /github/workspace/mnt/ozone/hadoop-ozone/integration-test/target/test-dir/MiniOzoneClusterImpl-f63f6e49-a519-49d7-bac2-b5e85396f7e3/datanode-6/data-0/containers/hdds of storage type : DISK and capacity : 9223372036854775807
2020-11-19 23:06:08,358 [Listener at 127.0.0.1/37889] INFO  volume.MutableVolumeSet (MutableVolumeSet.java:initializeVolumeSet(179)) - Added Volume : /github/workspace/mnt/ozone/hadoop-ozone/integration-test/target/test-dir/MiniOzoneClusterImpl-f63f6e49-a519-49d7-bac2-b5e85396f7e3/datanode-6/data-0/containers/hdds to VolumeSet
2020-11-19 23:06:08,358 [Listener at 127.0.0.1/37889] INFO  volume.ThrottledAsyncChecker (ThrottledAsyncChecker.java:schedule(141)) - Scheduling a check for /github/workspace/mnt/ozone/hadoop-ozone/integration-test/target/test-dir/MiniOzoneClusterImpl-f63f6e49-a519-49d7-bac2-b5e85396f7e3/datanode-6/data-0/containers/hdds
2020-11-19 23:06:08,361 [org.apache.hadoop.util.JvmPauseMonitor$Monitor@72a4e96b] INFO  util.JvmPauseMonitor (JvmPauseMonitor.java:run(188)) - Starting JVM pause monitor
2020-11-19 23:06:08,363 [Datanode State Machine Task Thread - 0] INFO  datanode.InitDatanodeState (InitDatanodeState.java:persistContainerDatanodeDetails(145)) - DatanodeDetails is persisted to /github/workspace/mnt/ozone/hadoop-ozone/integration-test/target/test-dir/MiniOzoneClusterImpl-f63f6e49-a519-49d7-bac2-b5e85396f7e3/datanode-5/meta/datanode.id
2020-11-19 23:06:08,364 [Listener at 127.0.0.1/37889] INFO  volume.HddsVolumeChecker (HddsVolumeChecker.java:checkAllVolumes(200)) - Scheduled health check for volume /github/workspace/mnt/ozone/hadoop-ozone/integration-test/target/test-dir/MiniOzoneClusterImpl-f63f6e49-a519-49d7-bac2-b5e85396f7e3/datanode-6/data-0/containers/hdds
2020-11-19 23:06:08,374 [Thread-551] INFO  ozoneimpl.ContainerReader (ContainerReader.java:readVolume(123)) - Start to verify containers on volume /github/workspace/mnt/ozone/hadoop-ozone/integration-test/target/test-dir/MiniOzoneClusterImpl-f63f6e49-a519-49d7-bac2-b5e85396f7e3/datanode-6/data-0/containers/hdds
2020-11-19 23:06:08,374 [Thread-551] INFO  ozoneimpl.ContainerReader (ContainerReader.java:readVolume(148)) - Finish verifying containers on volume /github/workspace/mnt/ozone/hadoop-ozone/integration-test/target/test-dir/MiniOzoneClusterImpl-f63f6e49-a519-49d7-bac2-b5e85396f7e3/datanode-6/data-0/containers/hdds
2020-11-19 23:06:08,374 [Listener at 127.0.0.1/37889] INFO  ozoneimpl.OzoneContainer (OzoneContainer.java:buildContainerSet(194)) - Build ContainerSet costs 0s
2020-11-19 23:06:08,376 [Listener at 127.0.0.1/37889] INFO  impl.RaftServerProxy (ConfUtils.java:logGet(44)) - raft.rpc.type = GRPC (default)
2020-11-19 23:06:08,376 [Listener at 127.0.0.1/37889] INFO  grpc.GrpcFactory (GrpcFactory.java:checkPooledByteBufAllocatorUseCacheForAllThreads(45)) - PERFORMANCE WARNING: useCacheForAllThreads is true that may cause Netty to create a lot garbage objects and, as a result, trigger GC.
	It is recommended to disable useCacheForAllThreads by setting -Dorg.apache.ratis.thirdparty.io.netty.allocator.useCacheForAllThreads=false in command line.
2020-11-19 23:06:08,376 [Listener at 127.0.0.1/37889] INFO  grpc.GrpcConfigKeys (ConfUtils.java:logGet(44)) - raft.grpc.server.port = 0 (default)
2020-11-19 23:06:08,376 [Listener at 127.0.0.1/37889] INFO  server.GrpcService (ConfUtils.java:logGet(44)) - raft.grpc.message.size.max = 32MB (=33554432) (custom)
2020-11-19 23:06:08,376 [Listener at 127.0.0.1/37889] INFO  server.RaftServerConfigKeys (ConfUtils.java:logGet(44)) - raft.server.log.appender.buffer.byte-limit = 33554432 (custom)
2020-11-19 23:06:08,377 [Listener at 127.0.0.1/37889] INFO  server.GrpcService (ConfUtils.java:logGet(44)) - raft.grpc.flow.control.window = 5MB (=5242880) (custom)
2020-11-19 23:06:08,377 [Listener at 127.0.0.1/37889] INFO  server.RaftServerConfigKeys (ConfUtils.java:logGet(44)) - raft.server.rpc.request.timeout = 60s (custom)
2020-11-19 23:06:08,378 [Listener at 127.0.0.1/37889] INFO  server.RaftServerConfigKeys (ConfUtils.java:logGet(44)) - raft.server.storage.dir = [/github/workspace/mnt/ozone/hadoop-ozone/integration-test/target/test-dir/MiniOzoneClusterImpl-f63f6e49-a519-49d7-bac2-b5e85396f7e3/datanode-6/data/ratis] (custom)
2020-11-19 23:06:08,382 [Listener at 127.0.0.1/37889] INFO  http.BaseHttpServer (BaseHttpServer.java:newHttpServer2BuilderForOzone(207)) - Starting Web-server for hddsDatanode at: http://0.0.0.0:0
2020-11-19 23:06:08,382 [Listener at 127.0.0.1/37889] INFO  http.BaseHttpServer (BaseHttpServer.java:<init>(106)) - Hadoop Security Enabled: false Ozone Security Enabled: false Ozone HTTP Security Enabled: false 
2020-11-19 23:06:08,383 [Listener at 127.0.0.1/37889] INFO  server.AuthenticationFilter (AuthenticationFilter.java:constructSecretProvider(240)) - Unable to initialize FileSignerSecretProvider, falling back to use random secrets.
2020-11-19 23:06:08,384 [Listener at 127.0.0.1/37889] WARN  http.HttpRequestLog (HttpRequestLog.java:getRequestLog(103)) - Jetty request log can only be enabled using Log4j
2020-11-19 23:06:08,385 [Listener at 127.0.0.1/37889] INFO  http.HttpServer2 (HttpServer2.java:addGlobalFilter(1019)) - Added global filter 'safety' (class=org.apache.hadoop.hdds.server.http.HttpServer2$QuotingInputFilter)
2020-11-19 23:06:08,385 [Listener at 127.0.0.1/37889] INFO  http.HttpServer2 (HttpServer2.java:addFilter(995)) - Added filter static_user_filter (class=org.apache.hadoop.http.lib.StaticUserWebFilter$StaticUserFilter) to context hddsDatanode
2020-11-19 23:06:08,385 [Listener at 127.0.0.1/37889] INFO  http.HttpServer2 (HttpServer2.java:addFilter(1003)) - Added filter static_user_filter (class=org.apache.hadoop.http.lib.StaticUserWebFilter$StaticUserFilter) to context static
2020-11-19 23:06:08,386 [Listener at 127.0.0.1/37889] INFO  http.HttpServer2 (HttpServer2.java:addFilter(1003)) - Added filter static_user_filter (class=org.apache.hadoop.http.lib.StaticUserWebFilter$StaticUserFilter) to context logs
2020-11-19 23:06:08,387 [Listener at 127.0.0.1/37889] INFO  http.HttpServer2 (HttpServer2.java:bindListener(1237)) - Jetty bound to port 35767
2020-11-19 23:06:08,387 [Listener at 127.0.0.1/37889] INFO  server.Server (Server.java:doStart(375)) - jetty-9.4.34.v20201102; built: 2020-11-02T14:15:39.302Z; git: e46af88704a893fc12cb0e3bf46e2c7b48a009e7; jvm 1.8.0_232-b09
2020-11-19 23:06:08,393 [Listener at 127.0.0.1/37889] INFO  server.session (DefaultSessionIdManager.java:doStart(334)) - DefaultSessionIdManager workerName=node0
2020-11-19 23:06:08,394 [Listener at 127.0.0.1/37889] INFO  server.session (DefaultSessionIdManager.java:doStart(339)) - No SessionScavenger set, using defaults
2020-11-19 23:06:08,394 [Listener at 127.0.0.1/37889] INFO  server.session (HouseKeeper.java:startScavenging(132)) - node0 Scavenging every 660000ms
2020-11-19 23:06:08,394 [Listener at 127.0.0.1/37889] INFO  handler.ContextHandler (ContextHandler.java:doStart(916)) - Started o.e.j.s.ServletContextHandler@3b3b02dd{logs,/logs,file:///github/workspace/mnt/ozone/hadoop-ozone/integration-test/target/log,AVAILABLE}
2020-11-19 23:06:08,395 [Listener at 127.0.0.1/37889] INFO  handler.ContextHandler (ContextHandler.java:doStart(916)) - Started o.e.j.s.ServletContextHandler@2d20c201{static,/static,jar:file:/home/user/.m2/repository/org/apache/hadoop/hadoop-hdds-container-service/1.1.0-SNAPSHOT/hadoop-hdds-container-service-1.1.0-SNAPSHOT.jar!/webapps/static,AVAILABLE}
2020-11-19 23:06:08,533 [Listener at 127.0.0.1/37889] INFO  handler.ContextHandler (ContextHandler.java:doStart(916)) - Started o.e.j.w.WebAppContext@6c6c6a8e{hddsDatanode,/,file:///tmp/jetty-0_0_0_0-35767-hadoop-hdds-container-service-1_1_0-SNAPSHOT_jar-_-any-1379096583023126826/webapp/,AVAILABLE}{jar:file:/home/user/.m2/repository/org/apache/hadoop/hadoop-hdds-container-service/1.1.0-SNAPSHOT/hadoop-hdds-container-service-1.1.0-SNAPSHOT.jar!/webapps/hddsDatanode}
2020-11-19 23:06:08,535 [Listener at 127.0.0.1/37889] INFO  server.AbstractConnector (AbstractConnector.java:doStart(331)) - Started ServerConnector@2e7ea49e{HTTP/1.1, (http/1.1)}{0.0.0.0:35767}
2020-11-19 23:06:08,535 [Listener at 127.0.0.1/37889] INFO  server.Server (Server.java:doStart(415)) - Started @46905ms
2020-11-19 23:06:08,535 [Listener at 127.0.0.1/37889] WARN  impl.MetricsSystemImpl (MetricsSystemImpl.java:register(276)) - Sink prometheus already exists!
2020-11-19 23:06:08,538 [Listener at 127.0.0.1/37889] INFO  http.BaseHttpServer (BaseHttpServer.java:updateConnectorAddress(327)) - HTTP server of hddsDatanode listening at http://0.0.0.0:35767
2020-11-19 23:06:08,540 [Listener at 127.0.0.1/37889] INFO  ozone.MiniOzoneClusterImpl (MiniOzoneClusterImpl.java:lambda$waitForClusterToBeReady$0(178)) - Waiting for nodes to be ready. Got 0 of 7 DN Heartbeats.
2020-11-19 23:06:08,540 [Listener at 127.0.0.1/37889] INFO  ozone.MiniOzoneClusterImpl (MiniOzoneClusterImpl.java:lambda$waitForClusterToBeReady$0(181)) - Waiting for cluster to exit safe mode
2020-11-19 23:06:08,545 [org.apache.hadoop.util.JvmPauseMonitor$Monitor@232db461] INFO  util.JvmPauseMonitor (JvmPauseMonitor.java:run(188)) - Starting JVM pause monitor
2020-11-19 23:06:08,546 [Datanode State Machine Task Thread - 0] INFO  datanode.InitDatanodeState (InitDatanodeState.java:persistContainerDatanodeDetails(145)) - DatanodeDetails is persisted to /github/workspace/mnt/ozone/hadoop-ozone/integration-test/target/test-dir/MiniOzoneClusterImpl-f63f6e49-a519-49d7-bac2-b5e85396f7e3/datanode-6/meta/datanode.id
2020-11-19 23:06:09,496 [EndpointStateMachine task thread for /0.0.0.0:43575 - 0 ] INFO  ozoneimpl.OzoneContainer (OzoneContainer.java:start(243)) - Attempting to start container services.
2020-11-19 23:06:09,497 [EndpointStateMachine task thread for /0.0.0.0:43575 - 0 ] INFO  ozoneimpl.OzoneContainer (OzoneContainer.java:startContainerScrub(207)) - Background container scanner has been disabled.
2020-11-19 23:06:09,497 [EndpointStateMachine task thread for /0.0.0.0:43575 - 0 ] INFO  ratis.XceiverServerRatis (XceiverServerRatis.java:start(456)) - Starting XceiverServerRatis 961b22ad-a322-4351-a83b-55dc9b155106 at port 0
2020-11-19 23:06:09,505 [EndpointStateMachine task thread for /0.0.0.0:43575 - 0 ] INFO  impl.RaftServerProxy (RaftServerProxy.java:lambda$start$3(307)) - 961b22ad-a322-4351-a83b-55dc9b155106: start RPC server
2020-11-19 23:06:09,506 [EndpointStateMachine task thread for /0.0.0.0:43575 - 0 ] INFO  server.GrpcService (GrpcService.java:startImpl(177)) - 961b22ad-a322-4351-a83b-55dc9b155106: GrpcService started, listening on 0.0.0.0/0.0.0.0:46253
2020-11-19 23:06:09,506 [EndpointStateMachine task thread for /0.0.0.0:43575 - 0 ] INFO  ratis.XceiverServerRatis (XceiverServerRatis.java:start(468)) - XceiverServerRatis 961b22ad-a322-4351-a83b-55dc9b155106 is started using port 46253
2020-11-19 23:06:09,507 [EndpointStateMachine task thread for /0.0.0.0:43575 - 0 ] INFO  server.XceiverServerGrpc (XceiverServerGrpc.java:start(145)) - XceiverServerGrpc 961b22ad-a322-4351-a83b-55dc9b155106 is started using port 37287
2020-11-19 23:06:09,540 [Listener at 127.0.0.1/37889] INFO  ozone.MiniOzoneClusterImpl (MiniOzoneClusterImpl.java:lambda$waitForClusterToBeReady$0(178)) - Waiting for nodes to be ready. Got 0 of 7 DN Heartbeats.
2020-11-19 23:06:09,540 [Listener at 127.0.0.1/37889] INFO  ozone.MiniOzoneClusterImpl (MiniOzoneClusterImpl.java:lambda$waitForClusterToBeReady$0(181)) - Waiting for cluster to exit safe mode
2020-11-19 23:06:09,658 [EndpointStateMachine task thread for /0.0.0.0:43575 - 0 ] INFO  ozoneimpl.OzoneContainer (OzoneContainer.java:start(243)) - Attempting to start container services.
2020-11-19 23:06:09,659 [EndpointStateMachine task thread for /0.0.0.0:43575 - 0 ] INFO  ozoneimpl.OzoneContainer (OzoneContainer.java:startContainerScrub(207)) - Background container scanner has been disabled.
2020-11-19 23:06:09,659 [EndpointStateMachine task thread for /0.0.0.0:43575 - 0 ] INFO  ratis.XceiverServerRatis (XceiverServerRatis.java:start(456)) - Starting XceiverServerRatis 9f966428-d7f2-4238-96c8-d38b7223cc05 at port 0
2020-11-19 23:06:09,661 [EndpointStateMachine task thread for /0.0.0.0:43575 - 0 ] INFO  impl.RaftServerProxy (RaftServerProxy.java:lambda$start$3(307)) - 9f966428-d7f2-4238-96c8-d38b7223cc05: start RPC server
2020-11-19 23:06:09,664 [EndpointStateMachine task thread for /0.0.0.0:43575 - 0 ] INFO  server.GrpcService (GrpcService.java:startImpl(177)) - 9f966428-d7f2-4238-96c8-d38b7223cc05: GrpcService started, listening on 0.0.0.0/0.0.0.0:38281
2020-11-19 23:06:09,664 [EndpointStateMachine task thread for /0.0.0.0:43575 - 0 ] INFO  ratis.XceiverServerRatis (XceiverServerRatis.java:start(468)) - XceiverServerRatis 9f966428-d7f2-4238-96c8-d38b7223cc05 is started using port 38281
2020-11-19 23:06:09,665 [EndpointStateMachine task thread for /0.0.0.0:43575 - 0 ] INFO  server.XceiverServerGrpc (XceiverServerGrpc.java:start(145)) - XceiverServerGrpc 9f966428-d7f2-4238-96c8-d38b7223cc05 is started using port 35379
2020-11-19 23:06:09,851 [EndpointStateMachine task thread for /0.0.0.0:43575 - 0 ] INFO  ozoneimpl.OzoneContainer (OzoneContainer.java:start(243)) - Attempting to start container services.
2020-11-19 23:06:09,851 [EndpointStateMachine task thread for /0.0.0.0:43575 - 0 ] INFO  ozoneimpl.OzoneContainer (OzoneContainer.java:startContainerScrub(207)) - Background container scanner has been disabled.
2020-11-19 23:06:09,851 [EndpointStateMachine task thread for /0.0.0.0:43575 - 0 ] INFO  ratis.XceiverServerRatis (XceiverServerRatis.java:start(456)) - Starting XceiverServerRatis 6bf896dc-0c7e-47aa-8e27-893b368c36c3 at port 0
2020-11-19 23:06:09,852 [EndpointStateMachine task thread for /0.0.0.0:43575 - 0 ] INFO  impl.RaftServerProxy (RaftServerProxy.java:lambda$start$3(307)) - 6bf896dc-0c7e-47aa-8e27-893b368c36c3: start RPC server
2020-11-19 23:06:09,853 [EndpointStateMachine task thread for /0.0.0.0:43575 - 0 ] INFO  server.GrpcService (GrpcService.java:startImpl(177)) - 6bf896dc-0c7e-47aa-8e27-893b368c36c3: GrpcService started, listening on 0.0.0.0/0.0.0.0:45367
2020-11-19 23:06:09,853 [EndpointStateMachine task thread for /0.0.0.0:43575 - 0 ] INFO  ratis.XceiverServerRatis (XceiverServerRatis.java:start(468)) - XceiverServerRatis 6bf896dc-0c7e-47aa-8e27-893b368c36c3 is started using port 45367
2020-11-19 23:06:09,858 [EndpointStateMachine task thread for /0.0.0.0:43575 - 0 ] INFO  server.XceiverServerGrpc (XceiverServerGrpc.java:start(145)) - XceiverServerGrpc 6bf896dc-0c7e-47aa-8e27-893b368c36c3 is started using port 35421
2020-11-19 23:06:10,042 [EndpointStateMachine task thread for /0.0.0.0:43575 - 0 ] INFO  ozoneimpl.OzoneContainer (OzoneContainer.java:start(243)) - Attempting to start container services.
2020-11-19 23:06:10,043 [EndpointStateMachine task thread for /0.0.0.0:43575 - 0 ] INFO  ozoneimpl.OzoneContainer (OzoneContainer.java:startContainerScrub(207)) - Background container scanner has been disabled.
2020-11-19 23:06:10,043 [EndpointStateMachine task thread for /0.0.0.0:43575 - 0 ] INFO  ratis.XceiverServerRatis (XceiverServerRatis.java:start(456)) - Starting XceiverServerRatis 67c52a13-b7bf-4abc-b54b-1f6b70eea5b8 at port 0
2020-11-19 23:06:10,051 [EndpointStateMachine task thread for /0.0.0.0:43575 - 0 ] INFO  impl.RaftServerProxy (RaftServerProxy.java:lambda$start$3(307)) - 67c52a13-b7bf-4abc-b54b-1f6b70eea5b8: start RPC server
2020-11-19 23:06:10,052 [EndpointStateMachine task thread for /0.0.0.0:43575 - 0 ] INFO  server.GrpcService (GrpcService.java:startImpl(177)) - 67c52a13-b7bf-4abc-b54b-1f6b70eea5b8: GrpcService started, listening on 0.0.0.0/0.0.0.0:42385
2020-11-19 23:06:10,052 [EndpointStateMachine task thread for /0.0.0.0:43575 - 0 ] INFO  ratis.XceiverServerRatis (XceiverServerRatis.java:start(468)) - XceiverServerRatis 67c52a13-b7bf-4abc-b54b-1f6b70eea5b8 is started using port 42385
2020-11-19 23:06:10,052 [EndpointStateMachine task thread for /0.0.0.0:43575 - 0 ] INFO  server.XceiverServerGrpc (XceiverServerGrpc.java:start(145)) - XceiverServerGrpc 67c52a13-b7bf-4abc-b54b-1f6b70eea5b8 is started using port 40069
2020-11-19 23:06:10,198 [EndpointStateMachine task thread for /0.0.0.0:43575 - 0 ] INFO  ozoneimpl.OzoneContainer (OzoneContainer.java:start(243)) - Attempting to start container services.
2020-11-19 23:06:10,198 [EndpointStateMachine task thread for /0.0.0.0:43575 - 0 ] INFO  ozoneimpl.OzoneContainer (OzoneContainer.java:startContainerScrub(207)) - Background container scanner has been disabled.
2020-11-19 23:06:10,198 [EndpointStateMachine task thread for /0.0.0.0:43575 - 0 ] INFO  ratis.XceiverServerRatis (XceiverServerRatis.java:start(456)) - Starting XceiverServerRatis c6fe9ef3-e456-496a-88a6-7c1d0439fa73 at port 0
2020-11-19 23:06:10,199 [EndpointStateMachine task thread for /0.0.0.0:43575 - 0 ] INFO  impl.RaftServerProxy (RaftServerProxy.java:lambda$start$3(307)) - c6fe9ef3-e456-496a-88a6-7c1d0439fa73: start RPC server
2020-11-19 23:06:10,200 [EndpointStateMachine task thread for /0.0.0.0:43575 - 0 ] INFO  server.GrpcService (GrpcService.java:startImpl(177)) - c6fe9ef3-e456-496a-88a6-7c1d0439fa73: GrpcService started, listening on 0.0.0.0/0.0.0.0:46487
2020-11-19 23:06:10,200 [EndpointStateMachine task thread for /0.0.0.0:43575 - 0 ] INFO  ratis.XceiverServerRatis (XceiverServerRatis.java:start(468)) - XceiverServerRatis c6fe9ef3-e456-496a-88a6-7c1d0439fa73 is started using port 46487
2020-11-19 23:06:10,201 [EndpointStateMachine task thread for /0.0.0.0:43575 - 0 ] INFO  server.XceiverServerGrpc (XceiverServerGrpc.java:start(145)) - XceiverServerGrpc c6fe9ef3-e456-496a-88a6-7c1d0439fa73 is started using port 43897
2020-11-19 23:06:10,360 [EndpointStateMachine task thread for /0.0.0.0:43575 - 0 ] INFO  ozoneimpl.OzoneContainer (OzoneContainer.java:start(243)) - Attempting to start container services.
2020-11-19 23:06:10,364 [EndpointStateMachine task thread for /0.0.0.0:43575 - 0 ] INFO  ozoneimpl.OzoneContainer (OzoneContainer.java:startContainerScrub(207)) - Background container scanner has been disabled.
2020-11-19 23:06:10,364 [EndpointStateMachine task thread for /0.0.0.0:43575 - 0 ] INFO  ratis.XceiverServerRatis (XceiverServerRatis.java:start(456)) - Starting XceiverServerRatis e537a7bc-f79b-4a05-8c44-b6b3cb5e8abc at port 0
2020-11-19 23:06:10,367 [EndpointStateMachine task thread for /0.0.0.0:43575 - 0 ] INFO  impl.RaftServerProxy (RaftServerProxy.java:lambda$start$3(307)) - e537a7bc-f79b-4a05-8c44-b6b3cb5e8abc: start RPC server
2020-11-19 23:06:10,368 [EndpointStateMachine task thread for /0.0.0.0:43575 - 0 ] INFO  server.GrpcService (GrpcService.java:startImpl(177)) - e537a7bc-f79b-4a05-8c44-b6b3cb5e8abc: GrpcService started, listening on 0.0.0.0/0.0.0.0:34393
2020-11-19 23:06:10,368 [EndpointStateMachine task thread for /0.0.0.0:43575 - 0 ] INFO  ratis.XceiverServerRatis (XceiverServerRatis.java:start(468)) - XceiverServerRatis e537a7bc-f79b-4a05-8c44-b6b3cb5e8abc is started using port 34393
2020-11-19 23:06:10,368 [EndpointStateMachine task thread for /0.0.0.0:43575 - 0 ] INFO  server.XceiverServerGrpc (XceiverServerGrpc.java:start(145)) - XceiverServerGrpc e537a7bc-f79b-4a05-8c44-b6b3cb5e8abc is started using port 38935
2020-11-19 23:06:10,541 [Listener at 127.0.0.1/37889] INFO  ozone.MiniOzoneClusterImpl (MiniOzoneClusterImpl.java:lambda$waitForClusterToBeReady$0(178)) - Waiting for nodes to be ready. Got 0 of 7 DN Heartbeats.
2020-11-19 23:06:10,541 [Listener at 127.0.0.1/37889] INFO  ozone.MiniOzoneClusterImpl (MiniOzoneClusterImpl.java:lambda$waitForClusterToBeReady$0(181)) - Waiting for cluster to exit safe mode
2020-11-19 23:06:10,551 [EndpointStateMachine task thread for /0.0.0.0:43575 - 0 ] INFO  ozoneimpl.OzoneContainer (OzoneContainer.java:start(243)) - Attempting to start container services.
2020-11-19 23:06:10,551 [EndpointStateMachine task thread for /0.0.0.0:43575 - 0 ] INFO  ozoneimpl.OzoneContainer (OzoneContainer.java:startContainerScrub(207)) - Background container scanner has been disabled.
2020-11-19 23:06:10,551 [EndpointStateMachine task thread for /0.0.0.0:43575 - 0 ] INFO  ratis.XceiverServerRatis (XceiverServerRatis.java:start(456)) - Starting XceiverServerRatis 188c74fb-01a2-49f8-907b-5c6f6de66734 at port 0
2020-11-19 23:06:10,559 [EndpointStateMachine task thread for /0.0.0.0:43575 - 0 ] INFO  impl.RaftServerProxy (RaftServerProxy.java:lambda$start$3(307)) - 188c74fb-01a2-49f8-907b-5c6f6de66734: start RPC server
2020-11-19 23:06:10,559 [EndpointStateMachine task thread for /0.0.0.0:43575 - 0 ] INFO  server.GrpcService (GrpcService.java:startImpl(177)) - 188c74fb-01a2-49f8-907b-5c6f6de66734: GrpcService started, listening on 0.0.0.0/0.0.0.0:42101
2020-11-19 23:06:10,559 [EndpointStateMachine task thread for /0.0.0.0:43575 - 0 ] INFO  ratis.XceiverServerRatis (XceiverServerRatis.java:start(468)) - XceiverServerRatis 188c74fb-01a2-49f8-907b-5c6f6de66734 is started using port 42101
2020-11-19 23:06:10,560 [EndpointStateMachine task thread for /0.0.0.0:43575 - 0 ] INFO  server.XceiverServerGrpc (XceiverServerGrpc.java:start(145)) - XceiverServerGrpc 188c74fb-01a2-49f8-907b-5c6f6de66734 is started using port 33389
2020-11-19 23:06:11,486 [IPC Server handler 3 on default port 43575] INFO  net.NetworkTopologyImpl (NetworkTopologyImpl.java:add(111)) - Added a new node: /default-rack/961b22ad-a322-4351-a83b-55dc9b155106
2020-11-19 23:06:11,487 [IPC Server handler 3 on default port 43575] INFO  node.SCMNodeManager (SCMNodeManager.java:register(282)) - Registered Data node : 961b22ad-a322-4351-a83b-55dc9b155106{ip: 172.17.0.2, host: 3a6e21f0ed7d, networkLocation: /default-rack, certSerialId: null}
2020-11-19 23:06:11,488 [RatisPipelineUtilsThread] INFO  pipeline.RatisPipelineProvider (RatisPipelineProvider.java:lambda$create$0(161)) - Sending CreatePipelineCommand for pipeline:PipelineID=ea940ab0-2454-4c96-8bd3-2eda84b3b013 to datanode:961b22ad-a322-4351-a83b-55dc9b155106
2020-11-19 23:06:11,488 [EventQueue-NodeRegistrationContainerReportForContainerSafeModeRule] INFO  safemode.SCMSafeModeManager (SCMSafeModeManager.java:validateSafeModeExitRules(214)) - ContainerSafeModeRule rule is successfully validated
2020-11-19 23:06:11,488 [EventQueue-NodeRegistrationContainerReportForDataNodeSafeModeRule] INFO  safemode.SCMSafeModeManager (DataNodeSafeModeRule.java:process(71)) - SCM in safe mode. 1 DataNodes registered, 1 required.
2020-11-19 23:06:11,490 [RatisPipelineUtilsThread] INFO  pipeline.PipelineStateManager (PipelineStateManager.java:addPipeline(54)) - Created pipeline Pipeline[ Id: ea940ab0-2454-4c96-8bd3-2eda84b3b013, Nodes: 961b22ad-a322-4351-a83b-55dc9b155106{ip: 172.17.0.2, host: 3a6e21f0ed7d, networkLocation: /default-rack, certSerialId: null}, Type:RATIS, Factor:ONE, State:ALLOCATED, leaderId:, CreationTimestamp2020-11-19T23:06:11.488Z]
2020-11-19 23:06:11,497 [EventQueue-NodeRegistrationContainerReportForDataNodeSafeModeRule] INFO  safemode.SCMSafeModeManager (SCMSafeModeManager.java:validateSafeModeExitRules(214)) - DataNodeSafeModeRule rule is successfully validated
2020-11-19 23:06:11,497 [EventQueue-NodeRegistrationContainerReportForDataNodeSafeModeRule] INFO  safemode.SCMSafeModeManager (SCMSafeModeManager.java:completePreCheck(242)) - All SCM safe mode pre check rules have passed
2020-11-19 23:06:11,498 [EventQueue-PipelineReportForOneReplicaPipelineSafeModeRule] INFO  safemode.SCMSafeModeManager (SCMSafeModeManager.java:validateSafeModeExitRules(214)) - AtleastOneDatanodeReportedRule rule is successfully validated
2020-11-19 23:06:11,498 [RatisPipelineUtilsThread] WARN  pipeline.PipelinePlacementPolicy (PipelinePlacementPolicy.java:filterViableNodes(138)) - Pipeline creation failed due to no sufficient healthy datanodes. Required 3. Found 1.
2020-11-19 23:06:11,541 [Listener at 127.0.0.1/37889] INFO  ozone.MiniOzoneClusterImpl (MiniOzoneClusterImpl.java:lambda$waitForClusterToBeReady$0(178)) - Waiting for nodes to be ready. Got 1 of 7 DN Heartbeats.
2020-11-19 23:06:11,541 [Listener at 127.0.0.1/37889] INFO  ozone.MiniOzoneClusterImpl (MiniOzoneClusterImpl.java:lambda$waitForClusterToBeReady$0(181)) - Waiting for cluster to exit safe mode
2020-11-19 23:06:11,655 [IPC Server handler 2 on default port 43575] INFO  net.NetworkTopologyImpl (NetworkTopologyImpl.java:add(111)) - Added a new node: /default-rack/9f966428-d7f2-4238-96c8-d38b7223cc05
2020-11-19 23:06:11,655 [IPC Server handler 2 on default port 43575] INFO  node.SCMNodeManager (SCMNodeManager.java:register(282)) - Registered Data node : 9f966428-d7f2-4238-96c8-d38b7223cc05{ip: 172.17.0.2, host: 3a6e21f0ed7d, networkLocation: /default-rack, certSerialId: null}
2020-11-19 23:06:11,655 [EventQueue-NodeRegistrationContainerReportForContainerSafeModeRule] INFO  safemode.SCMSafeModeManager (SCMSafeModeManager.java:validateSafeModeExitRules(214)) - ContainerSafeModeRule rule is successfully validated
2020-11-19 23:06:11,655 [EventQueue-NodeRegistrationContainerReportForDataNodeSafeModeRule] INFO  safemode.SCMSafeModeManager (SCMSafeModeManager.java:validateSafeModeExitRules(214)) - DataNodeSafeModeRule rule is successfully validated
2020-11-19 23:06:11,656 [EventQueue-PipelineReportForOneReplicaPipelineSafeModeRule] INFO  safemode.SCMSafeModeManager (SCMSafeModeManager.java:validateSafeModeExitRules(214)) - AtleastOneDatanodeReportedRule rule is successfully validated
2020-11-19 23:06:11,656 [RatisPipelineUtilsThread] INFO  pipeline.RatisPipelineProvider (RatisPipelineProvider.java:lambda$create$0(161)) - Sending CreatePipelineCommand for pipeline:PipelineID=43e84f6c-983c-48d6-8fd5-6956e16ffac2 to datanode:9f966428-d7f2-4238-96c8-d38b7223cc05
2020-11-19 23:06:11,656 [RatisPipelineUtilsThread] INFO  pipeline.PipelineStateManager (PipelineStateManager.java:addPipeline(54)) - Created pipeline Pipeline[ Id: 43e84f6c-983c-48d6-8fd5-6956e16ffac2, Nodes: 9f966428-d7f2-4238-96c8-d38b7223cc05{ip: 172.17.0.2, host: 3a6e21f0ed7d, networkLocation: /default-rack, certSerialId: null}, Type:RATIS, Factor:ONE, State:ALLOCATED, leaderId:, CreationTimestamp2020-11-19T23:06:11.656Z]
2020-11-19 23:06:11,656 [RatisPipelineUtilsThread] WARN  pipeline.PipelinePlacementPolicy (PipelinePlacementPolicy.java:filterViableNodes(138)) - Pipeline creation failed due to no sufficient healthy datanodes. Required 3. Found 2.
2020-11-19 23:06:11,848 [IPC Server handler 5 on default port 43575] INFO  net.NetworkTopologyImpl (NetworkTopologyImpl.java:add(111)) - Added a new node: /default-rack/6bf896dc-0c7e-47aa-8e27-893b368c36c3
2020-11-19 23:06:11,849 [IPC Server handler 5 on default port 43575] INFO  node.SCMNodeManager (SCMNodeManager.java:register(282)) - Registered Data node : 6bf896dc-0c7e-47aa-8e27-893b368c36c3{ip: 172.17.0.2, host: 3a6e21f0ed7d, networkLocation: /default-rack, certSerialId: null}
2020-11-19 23:06:11,849 [EventQueue-NodeRegistrationContainerReportForContainerSafeModeRule] INFO  safemode.SCMSafeModeManager (SCMSafeModeManager.java:validateSafeModeExitRules(214)) - ContainerSafeModeRule rule is successfully validated
2020-11-19 23:06:11,849 [RatisPipelineUtilsThread] INFO  pipeline.RatisPipelineProvider (RatisPipelineProvider.java:lambda$create$0(161)) - Sending CreatePipelineCommand for pipeline:PipelineID=5b4b05b8-f670-4c35-94ff-fc1e27c19d57 to datanode:6bf896dc-0c7e-47aa-8e27-893b368c36c3
2020-11-19 23:06:11,850 [EventQueue-NodeRegistrationContainerReportForDataNodeSafeModeRule] INFO  safemode.SCMSafeModeManager (SCMSafeModeManager.java:validateSafeModeExitRules(214)) - DataNodeSafeModeRule rule is successfully validated
2020-11-19 23:06:11,850 [RatisPipelineUtilsThread] INFO  pipeline.PipelineStateManager (PipelineStateManager.java:addPipeline(54)) - Created pipeline Pipeline[ Id: 5b4b05b8-f670-4c35-94ff-fc1e27c19d57, Nodes: 6bf896dc-0c7e-47aa-8e27-893b368c36c3{ip: 172.17.0.2, host: 3a6e21f0ed7d, networkLocation: /default-rack, certSerialId: null}, Type:RATIS, Factor:ONE, State:ALLOCATED, leaderId:, CreationTimestamp2020-11-19T23:06:11.849Z]
2020-11-19 23:06:11,850 [EventQueue-PipelineReportForOneReplicaPipelineSafeModeRule] INFO  safemode.SCMSafeModeManager (SCMSafeModeManager.java:validateSafeModeExitRules(214)) - AtleastOneDatanodeReportedRule rule is successfully validated
2020-11-19 23:06:11,850 [RatisPipelineUtilsThread] INFO  pipeline.RatisPipelineProvider (RatisPipelineProvider.java:lambda$create$0(161)) - Sending CreatePipelineCommand for pipeline:PipelineID=fdc5f4db-202c-4d59-af6b-b82672a8dd5c to datanode:961b22ad-a322-4351-a83b-55dc9b155106
2020-11-19 23:06:11,850 [RatisPipelineUtilsThread] INFO  pipeline.RatisPipelineProvider (RatisPipelineProvider.java:lambda$create$0(161)) - Sending CreatePipelineCommand for pipeline:PipelineID=fdc5f4db-202c-4d59-af6b-b82672a8dd5c to datanode:9f966428-d7f2-4238-96c8-d38b7223cc05
2020-11-19 23:06:11,850 [RatisPipelineUtilsThread] INFO  pipeline.RatisPipelineProvider (RatisPipelineProvider.java:lambda$create$0(161)) - Sending CreatePipelineCommand for pipeline:PipelineID=fdc5f4db-202c-4d59-af6b-b82672a8dd5c to datanode:6bf896dc-0c7e-47aa-8e27-893b368c36c3
2020-11-19 23:06:11,850 [RatisPipelineUtilsThread] INFO  pipeline.PipelineStateManager (PipelineStateManager.java:addPipeline(54)) - Created pipeline Pipeline[ Id: fdc5f4db-202c-4d59-af6b-b82672a8dd5c, Nodes: 961b22ad-a322-4351-a83b-55dc9b155106{ip: 172.17.0.2, host: 3a6e21f0ed7d, networkLocation: /default-rack, certSerialId: null}9f966428-d7f2-4238-96c8-d38b7223cc05{ip: 172.17.0.2, host: 3a6e21f0ed7d, networkLocation: /default-rack, certSerialId: null}6bf896dc-0c7e-47aa-8e27-893b368c36c3{ip: 172.17.0.2, host: 3a6e21f0ed7d, networkLocation: /default-rack, certSerialId: null}, Type:RATIS, Factor:THREE, State:ALLOCATED, leaderId:, CreationTimestamp2020-11-19T23:06:11.850Z]
2020-11-19 23:06:12,041 [IPC Server handler 4 on default port 43575] INFO  net.NetworkTopologyImpl (NetworkTopologyImpl.java:add(111)) - Added a new node: /default-rack/67c52a13-b7bf-4abc-b54b-1f6b70eea5b8
2020-11-19 23:06:12,041 [IPC Server handler 4 on default port 43575] INFO  node.SCMNodeManager (SCMNodeManager.java:register(282)) - Registered Data node : 67c52a13-b7bf-4abc-b54b-1f6b70eea5b8{ip: 172.17.0.2, host: 3a6e21f0ed7d, networkLocation: /default-rack, certSerialId: null}
2020-11-19 23:06:12,041 [EventQueue-NodeRegistrationContainerReportForContainerSafeModeRule] INFO  safemode.SCMSafeModeManager (SCMSafeModeManager.java:validateSafeModeExitRules(214)) - ContainerSafeModeRule rule is successfully validated
2020-11-19 23:06:12,042 [EventQueue-PipelineReportForOneReplicaPipelineSafeModeRule] INFO  safemode.SCMSafeModeManager (SCMSafeModeManager.java:validateSafeModeExitRules(214)) - AtleastOneDatanodeReportedRule rule is successfully validated
2020-11-19 23:06:12,042 [EventQueue-NodeRegistrationContainerReportForDataNodeSafeModeRule] INFO  safemode.SCMSafeModeManager (SCMSafeModeManager.java:validateSafeModeExitRules(214)) - DataNodeSafeModeRule rule is successfully validated
2020-11-19 23:06:12,043 [RatisPipelineUtilsThread] INFO  pipeline.RatisPipelineProvider (RatisPipelineProvider.java:lambda$create$0(161)) - Sending CreatePipelineCommand for pipeline:PipelineID=c1ecf972-59dc-47f3-a35b-fcbdc99aba6c to datanode:67c52a13-b7bf-4abc-b54b-1f6b70eea5b8
2020-11-19 23:06:12,043 [RatisPipelineUtilsThread] INFO  pipeline.PipelineStateManager (PipelineStateManager.java:addPipeline(54)) - Created pipeline Pipeline[ Id: c1ecf972-59dc-47f3-a35b-fcbdc99aba6c, Nodes: 67c52a13-b7bf-4abc-b54b-1f6b70eea5b8{ip: 172.17.0.2, host: 3a6e21f0ed7d, networkLocation: /default-rack, certSerialId: null}, Type:RATIS, Factor:ONE, State:ALLOCATED, leaderId:, CreationTimestamp2020-11-19T23:06:12.043Z]
2020-11-19 23:06:12,196 [IPC Server handler 0 on default port 43575] INFO  net.NetworkTopologyImpl (NetworkTopologyImpl.java:add(111)) - Added a new node: /default-rack/c6fe9ef3-e456-496a-88a6-7c1d0439fa73
2020-11-19 23:06:12,196 [IPC Server handler 0 on default port 43575] INFO  node.SCMNodeManager (SCMNodeManager.java:register(282)) - Registered Data node : c6fe9ef3-e456-496a-88a6-7c1d0439fa73{ip: 172.17.0.2, host: 3a6e21f0ed7d, networkLocation: /default-rack, certSerialId: null}
2020-11-19 23:06:12,197 [EventQueue-NodeRegistrationContainerReportForDataNodeSafeModeRule] INFO  safemode.SCMSafeModeManager (SCMSafeModeManager.java:validateSafeModeExitRules(214)) - DataNodeSafeModeRule rule is successfully validated
2020-11-19 23:06:12,197 [RatisPipelineUtilsThread] INFO  pipeline.RatisPipelineProvider (RatisPipelineProvider.java:lambda$create$0(161)) - Sending CreatePipelineCommand for pipeline:PipelineID=2b4d0dbc-f44e-4fbd-9517-8f388b127180 to datanode:c6fe9ef3-e456-496a-88a6-7c1d0439fa73
2020-11-19 23:06:12,197 [EventQueue-PipelineReportForOneReplicaPipelineSafeModeRule] INFO  safemode.SCMSafeModeManager (SCMSafeModeManager.java:validateSafeModeExitRules(214)) - AtleastOneDatanodeReportedRule rule is successfully validated
2020-11-19 23:06:12,197 [EventQueue-NodeRegistrationContainerReportForContainerSafeModeRule] INFO  safemode.SCMSafeModeManager (SCMSafeModeManager.java:validateSafeModeExitRules(214)) - ContainerSafeModeRule rule is successfully validated
2020-11-19 23:06:12,197 [RatisPipelineUtilsThread] INFO  pipeline.PipelineStateManager (PipelineStateManager.java:addPipeline(54)) - Created pipeline Pipeline[ Id: 2b4d0dbc-f44e-4fbd-9517-8f388b127180, Nodes: c6fe9ef3-e456-496a-88a6-7c1d0439fa73{ip: 172.17.0.2, host: 3a6e21f0ed7d, networkLocation: /default-rack, certSerialId: null}, Type:RATIS, Factor:ONE, State:ALLOCATED, leaderId:, CreationTimestamp2020-11-19T23:06:12.197Z]
2020-11-19 23:06:12,358 [IPC Server handler 1 on default port 43575] INFO  net.NetworkTopologyImpl (NetworkTopologyImpl.java:add(111)) - Added a new node: /default-rack/e537a7bc-f79b-4a05-8c44-b6b3cb5e8abc
2020-11-19 23:06:12,358 [IPC Server handler 1 on default port 43575] INFO  node.SCMNodeManager (SCMNodeManager.java:register(282)) - Registered Data node : e537a7bc-f79b-4a05-8c44-b6b3cb5e8abc{ip: 172.17.0.2, host: 3a6e21f0ed7d, networkLocation: /default-rack, certSerialId: null}
2020-11-19 23:06:12,359 [EventQueue-PipelineReportForOneReplicaPipelineSafeModeRule] INFO  safemode.SCMSafeModeManager (SCMSafeModeManager.java:validateSafeModeExitRules(214)) - AtleastOneDatanodeReportedRule rule is successfully validated
2020-11-19 23:06:12,359 [RatisPipelineUtilsThread] INFO  pipeline.RatisPipelineProvider (RatisPipelineProvider.java:lambda$create$0(161)) - Sending CreatePipelineCommand for pipeline:PipelineID=723ae292-efe6-4679-a032-35ca3cece337 to datanode:e537a7bc-f79b-4a05-8c44-b6b3cb5e8abc
2020-11-19 23:06:12,359 [EventQueue-NodeRegistrationContainerReportForContainerSafeModeRule] INFO  safemode.SCMSafeModeManager (SCMSafeModeManager.java:validateSafeModeExitRules(214)) - ContainerSafeModeRule rule is successfully validated
2020-11-19 23:06:12,359 [EventQueue-NodeRegistrationContainerReportForDataNodeSafeModeRule] INFO  safemode.SCMSafeModeManager (SCMSafeModeManager.java:validateSafeModeExitRules(214)) - DataNodeSafeModeRule rule is successfully validated
2020-11-19 23:06:12,360 [RatisPipelineUtilsThread] INFO  pipeline.PipelineStateManager (PipelineStateManager.java:addPipeline(54)) - Created pipeline Pipeline[ Id: 723ae292-efe6-4679-a032-35ca3cece337, Nodes: e537a7bc-f79b-4a05-8c44-b6b3cb5e8abc{ip: 172.17.0.2, host: 3a6e21f0ed7d, networkLocation: /default-rack, certSerialId: null}, Type:RATIS, Factor:ONE, State:ALLOCATED, leaderId:, CreationTimestamp2020-11-19T23:06:12.359Z]
2020-11-19 23:06:12,360 [RatisPipelineUtilsThread] INFO  pipeline.RatisPipelineProvider (RatisPipelineProvider.java:lambda$create$0(161)) - Sending CreatePipelineCommand for pipeline:PipelineID=8750aa62-cc61-4f66-8590-9f0f3335c145 to datanode:c6fe9ef3-e456-496a-88a6-7c1d0439fa73
2020-11-19 23:06:12,360 [RatisPipelineUtilsThread] INFO  pipeline.RatisPipelineProvider (RatisPipelineProvider.java:lambda$create$0(161)) - Sending CreatePipelineCommand for pipeline:PipelineID=8750aa62-cc61-4f66-8590-9f0f3335c145 to datanode:e537a7bc-f79b-4a05-8c44-b6b3cb5e8abc
2020-11-19 23:06:12,360 [RatisPipelineUtilsThread] INFO  pipeline.RatisPipelineProvider (RatisPipelineProvider.java:lambda$create$0(161)) - Sending CreatePipelineCommand for pipeline:PipelineID=8750aa62-cc61-4f66-8590-9f0f3335c145 to datanode:67c52a13-b7bf-4abc-b54b-1f6b70eea5b8
2020-11-19 23:06:12,361 [RatisPipelineUtilsThread] INFO  pipeline.PipelineStateManager (PipelineStateManager.java:addPipeline(54)) - Created pipeline Pipeline[ Id: 8750aa62-cc61-4f66-8590-9f0f3335c145, Nodes: c6fe9ef3-e456-496a-88a6-7c1d0439fa73{ip: 172.17.0.2, host: 3a6e21f0ed7d, networkLocation: /default-rack, certSerialId: null}e537a7bc-f79b-4a05-8c44-b6b3cb5e8abc{ip: 172.17.0.2, host: 3a6e21f0ed7d, networkLocation: /default-rack, certSerialId: null}67c52a13-b7bf-4abc-b54b-1f6b70eea5b8{ip: 172.17.0.2, host: 3a6e21f0ed7d, networkLocation: /default-rack, certSerialId: null}, Type:RATIS, Factor:THREE, State:ALLOCATED, leaderId:, CreationTimestamp2020-11-19T23:06:12.360Z]
2020-11-19 23:06:12,541 [Listener at 127.0.0.1/37889] INFO  ozone.MiniOzoneClusterImpl (MiniOzoneClusterImpl.java:lambda$waitForClusterToBeReady$0(178)) - Waiting for nodes to be ready. Got 6 of 7 DN Heartbeats.
2020-11-19 23:06:12,541 [Listener at 127.0.0.1/37889] INFO  ozone.MiniOzoneClusterImpl (MiniOzoneClusterImpl.java:lambda$waitForClusterToBeReady$0(181)) - Waiting for cluster to exit safe mode
2020-11-19 23:06:12,546 [IPC Server handler 2 on default port 43575] INFO  net.NetworkTopologyImpl (NetworkTopologyImpl.java:add(111)) - Added a new node: /default-rack/188c74fb-01a2-49f8-907b-5c6f6de66734
2020-11-19 23:06:12,547 [IPC Server handler 2 on default port 43575] INFO  node.SCMNodeManager (SCMNodeManager.java:register(282)) - Registered Data node : 188c74fb-01a2-49f8-907b-5c6f6de66734{ip: 172.17.0.2, host: 3a6e21f0ed7d, networkLocation: /default-rack, certSerialId: null}
2020-11-19 23:06:12,547 [EventQueue-NodeRegistrationContainerReportForContainerSafeModeRule] INFO  safemode.SCMSafeModeManager (SCMSafeModeManager.java:validateSafeModeExitRules(214)) - ContainerSafeModeRule rule is successfully validated
2020-11-19 23:06:12,548 [EventQueue-NodeRegistrationContainerReportForDataNodeSafeModeRule] INFO  safemode.SCMSafeModeManager (SCMSafeModeManager.java:validateSafeModeExitRules(214)) - DataNodeSafeModeRule rule is successfully validated
2020-11-19 23:06:12,548 [EventQueue-PipelineReportForOneReplicaPipelineSafeModeRule] INFO  safemode.SCMSafeModeManager (SCMSafeModeManager.java:validateSafeModeExitRules(214)) - AtleastOneDatanodeReportedRule rule is successfully validated
2020-11-19 23:06:12,549 [RatisPipelineUtilsThread] INFO  pipeline.RatisPipelineProvider (RatisPipelineProvider.java:lambda$create$0(161)) - Sending CreatePipelineCommand for pipeline:PipelineID=6aef0bd9-9c23-4e87-8dd7-71e8cf0d852e to datanode:188c74fb-01a2-49f8-907b-5c6f6de66734
2020-11-19 23:06:12,549 [RatisPipelineUtilsThread] INFO  pipeline.PipelineStateManager (PipelineStateManager.java:addPipeline(54)) - Created pipeline Pipeline[ Id: 6aef0bd9-9c23-4e87-8dd7-71e8cf0d852e, Nodes: 188c74fb-01a2-49f8-907b-5c6f6de66734{ip: 172.17.0.2, host: 3a6e21f0ed7d, networkLocation: /default-rack, certSerialId: null}, Type:RATIS, Factor:ONE, State:ALLOCATED, leaderId:, CreationTimestamp2020-11-19T23:06:12.549Z]
2020-11-19 23:06:13,542 [Listener at 127.0.0.1/37889] INFO  ozone.MiniOzoneClusterImpl (MiniOzoneClusterImpl.java:lambda$waitForClusterToBeReady$0(178)) - Nodes are ready. Got 7 of 7 DN Heartbeats.
2020-11-19 23:06:13,542 [Listener at 127.0.0.1/37889] INFO  ozone.MiniOzoneClusterImpl (MiniOzoneClusterImpl.java:lambda$waitForClusterToBeReady$0(181)) - Waiting for cluster to exit safe mode
2020-11-19 23:06:14,486 [Command processor thread] INFO  impl.RaftServerProxy (RaftServerProxy.java:addNew(92)) - 961b22ad-a322-4351-a83b-55dc9b155106: addNew group-2EDA84B3B013:[961b22ad-a322-4351-a83b-55dc9b155106:172.17.0.2:46253:0] returns group-2EDA84B3B013:java.util.concurrent.CompletableFuture@693134d8[Not completed]
2020-11-19 23:06:14,488 [pool-175-thread-1] INFO  impl.RaftServerImpl (RaftServerImpl.java:<init>(120)) - 961b22ad-a322-4351-a83b-55dc9b155106: new RaftServerImpl for group-2EDA84B3B013:[961b22ad-a322-4351-a83b-55dc9b155106:172.17.0.2:46253:0] with ContainerStateMachine:uninitialized
2020-11-19 23:06:14,488 [pool-175-thread-1] INFO  server.RaftServerConfigKeys (ConfUtils.java:logGet(44)) - raft.server.rpc.timeout.min = 5s (custom)
2020-11-19 23:06:14,488 [pool-175-thread-1] INFO  server.RaftServerConfigKeys (ConfUtils.java:logGet(44)) - raft.server.rpc.timeout.max = 5200ms (custom)
2020-11-19 23:06:14,489 [pool-175-thread-1] INFO  server.RaftServerConfigKeys (ConfUtils.java:logGet(44)) - raft.server.rpcslowness.timeout = 300s (custom)
2020-11-19 23:06:14,489 [pool-175-thread-1] INFO  server.RaftServerConfigKeys (ConfUtils.java:logGet(44)) - raft.server.sleep.deviation.threshold = 300 (default)
2020-11-19 23:06:14,489 [pool-175-thread-1] INFO  server.RaftServerConfigKeys (ConfUtils.java:logGet(44)) - raft.server.log.appender.install.snapshot.enabled = false (custom)
2020-11-19 23:06:14,489 [pool-175-thread-1] INFO  impl.RaftServerImpl (ServerState.java:<init>(104)) - 961b22ad-a322-4351-a83b-55dc9b155106@group-2EDA84B3B013: ConfigurationManager, init=-1: [961b22ad-a322-4351-a83b-55dc9b155106:172.17.0.2:46253:0], old=null, confs=<EMPTY_MAP>
2020-11-19 23:06:14,489 [pool-175-thread-1] INFO  server.RaftServerConfigKeys (ConfUtils.java:logGet(44)) - raft.server.storage.dir = [/github/workspace/mnt/ozone/hadoop-ozone/integration-test/target/test-dir/MiniOzoneClusterImpl-f63f6e49-a519-49d7-bac2-b5e85396f7e3/datanode-0/data/ratis] (custom)
2020-11-19 23:06:14,489 [pool-175-thread-1] INFO  server.RaftServerConfigKeys (ConfUtils.java:logGet(44)) - raft.server.log.corruption.policy = EXCEPTION (default)
2020-11-19 23:06:14,490 [pool-175-thread-1] INFO  storage.RaftStorageDirectory (RaftStorageDirectory.java:analyzeStorage(261)) - The storage directory /github/workspace/mnt/ozone/hadoop-ozone/integration-test/target/test-dir/MiniOzoneClusterImpl-f63f6e49-a519-49d7-bac2-b5e85396f7e3/datanode-0/data/ratis/ea940ab0-2454-4c96-8bd3-2eda84b3b013 does not exist. Creating ...
2020-11-19 23:06:14,491 [pool-175-thread-1] INFO  storage.RaftStorageDirectory (RaftStorageDirectory.java:tryLock(343)) - Lock on /github/workspace/mnt/ozone/hadoop-ozone/integration-test/target/test-dir/MiniOzoneClusterImpl-f63f6e49-a519-49d7-bac2-b5e85396f7e3/datanode-0/data/ratis/ea940ab0-2454-4c96-8bd3-2eda84b3b013/in_use.lock acquired by nodename 14728@3a6e21f0ed7d
2020-11-19 23:06:14,492 [pool-175-thread-1] INFO  storage.RaftStorage (RaftStorage.java:format(84)) - Storage directory /github/workspace/mnt/ozone/hadoop-ozone/integration-test/target/test-dir/MiniOzoneClusterImpl-f63f6e49-a519-49d7-bac2-b5e85396f7e3/datanode-0/data/ratis/ea940ab0-2454-4c96-8bd3-2eda84b3b013 has been successfully formatted.
2020-11-19 23:06:14,493 [pool-175-thread-1] INFO  ratis.ContainerStateMachine (ContainerStateMachine.java:loadSnapshot(225)) - group-2EDA84B3B013: The snapshot info is null. Setting the last applied indexto:(t:0, i:~)
2020-11-19 23:06:14,494 [pool-175-thread-1] INFO  server.RaftServerConfigKeys (ConfUtils.java:logGet(44)) - raft.server.notification.no-leader.timeout = 300s (custom)
2020-11-19 23:06:14,494 [pool-175-thread-1] INFO  server.RaftServerConfigKeys (ConfUtils.java:logGet(44)) - raft.server.log.use.memory = false (default)
2020-11-19 23:06:14,494 [pool-175-thread-1] INFO  server.RaftServerConfigKeys (ConfUtils.java:logGet(44)) - raft.server.log.purge.gap = 1000000 (custom)
2020-11-19 23:06:14,494 [pool-175-thread-1] INFO  metrics.RatisMetrics (RatisMetrics.java:lambda$create$0(36)) - Creating Metrics Registry : ratis.log_worker.961b22ad-a322-4351-a83b-55dc9b155106@group-2EDA84B3B013
2020-11-19 23:06:14,495 [EventQueue-PipelineReportForOneReplicaPipelineSafeModeRule] INFO  safemode.SCMSafeModeManager (SCMSafeModeManager.java:validateSafeModeExitRules(214)) - AtleastOneDatanodeReportedRule rule is successfully validated
2020-11-19 23:06:14,495 [EventQueue-PipelineReportForPipelineReportHandler] INFO  pipeline.PipelineStateManager (PipelineStateManager.java:openPipeline(132)) - Pipeline Pipeline[ Id: ea940ab0-2454-4c96-8bd3-2eda84b3b013, Nodes: 961b22ad-a322-4351-a83b-55dc9b155106{ip: 172.17.0.2, host: 3a6e21f0ed7d, networkLocation: /default-rack, certSerialId: null}, Type:RATIS, Factor:ONE, State:ALLOCATED, leaderId:961b22ad-a322-4351-a83b-55dc9b155106, CreationTimestamp2020-11-19T23:06:11.488Z] moved to OPEN state
2020-11-19 23:06:14,496 [pool-175-thread-1] INFO  server.RaftServerConfigKeys (ConfUtils.java:logGet(44)) - raft.server.log.appender.buffer.byte-limit = 33554432 (custom)
2020-11-19 23:06:14,496 [pool-175-thread-1] INFO  server.RaftServerConfigKeys (ConfUtils.java:logGet(44)) - raft.server.log.segment.size.max = 1048576 (custom)
2020-11-19 23:06:14,497 [EventQueue-OpenPipelineForHealthyPipelineSafeModeRule] INFO  safemode.SCMSafeModeManager (HealthyPipelineSafeModeRule.java:process(128)) - SCM in safe mode. Healthy pipelines reported count is 0, required healthy pipeline reported count is 1
2020-11-19 23:06:14,497 [pool-175-thread-1] INFO  server.RaftServerConfigKeys (ConfUtils.java:logGet(44)) - raft.server.log.segment.cache.num.max = 2 (custom)
2020-11-19 23:06:14,498 [pool-175-thread-1] INFO  segmented.SegmentedRaftLogWorker (SegmentedRaftLogWorker.java:<init>(180)) - new 961b22ad-a322-4351-a83b-55dc9b155106@group-2EDA84B3B013-SegmentedRaftLogWorker for RaftStorage:Storage Directory /github/workspace/mnt/ozone/hadoop-ozone/integration-test/target/test-dir/MiniOzoneClusterImpl-f63f6e49-a519-49d7-bac2-b5e85396f7e3/datanode-0/data/ratis/ea940ab0-2454-4c96-8bd3-2eda84b3b013
2020-11-19 23:06:14,498 [pool-175-thread-1] INFO  server.RaftServerConfigKeys (ConfUtils.java:logGet(44)) - raft.server.log.queue.byte-limit = 2147483647 (custom)
2020-11-19 23:06:14,498 [pool-175-thread-1] INFO  server.RaftServerConfigKeys (ConfUtils.java:logGet(44)) - raft.server.log.queue.element-limit = 1024 (custom)
2020-11-19 23:06:14,498 [pool-175-thread-1] INFO  server.RaftServerConfigKeys (ConfUtils.java:logGet(44)) - raft.server.log.segment.size.max = 1048576 (custom)
2020-11-19 23:06:14,498 [pool-175-thread-1] INFO  server.RaftServerConfigKeys (ConfUtils.java:logGet(44)) - raft.server.log.preallocated.size = 16384 (custom)
2020-11-19 23:06:14,498 [pool-175-thread-1] INFO  server.RaftServerConfigKeys (ConfUtils.java:logGet(44)) - raft.server.log.write.buffer.size = 1048576 (custom)
2020-11-19 23:06:14,498 [pool-175-thread-1] INFO  server.RaftServerConfigKeys (ConfUtils.java:logGet(44)) - raft.server.log.force.sync.num = 128 (default)
2020-11-19 23:06:14,498 [pool-175-thread-1] INFO  server.RaftServerConfigKeys (ConfUtils.java:logGet(44)) - raft.server.log.statemachine.data.sync = true (default)
2020-11-19 23:06:14,498 [pool-175-thread-1] INFO  server.RaftServerConfigKeys (ConfUtils.java:logGet(44)) - raft.server.log.statemachine.data.sync.timeout = 10s (default)
2020-11-19 23:06:14,499 [pool-175-thread-1] INFO  server.RaftServerConfigKeys (ConfUtils.java:logGet(44)) - raft.server.log.statemachine.data.sync.timeout.retry = -1 (default)
2020-11-19 23:06:14,504 [pool-175-thread-1] INFO  server.RaftServerConfigKeys (ConfUtils.java:logGet(44)) - raft.server.log.statemachine.data.caching.enabled = true (custom)
2020-11-19 23:06:14,504 [pool-175-thread-1] INFO  segmented.SegmentedRaftLogWorker (SegmentedRaftLogWorker.java:lambda$new$0(129)) - 961b22ad-a322-4351-a83b-55dc9b155106@group-2EDA84B3B013-SegmentedRaftLogWorker: flushIndex: setUnconditionally 0 -> -1
2020-11-19 23:06:14,504 [pool-175-thread-1] INFO  segmented.SegmentedRaftLogWorker (SegmentedRaftLogWorker.java:lambda$new$0(129)) - 961b22ad-a322-4351-a83b-55dc9b155106@group-2EDA84B3B013-SegmentedRaftLogWorker: safeCacheEvictIndex: setUnconditionally 0 -> -1
2020-11-19 23:06:14,504 [pool-175-thread-1] INFO  server.RaftServerConfigKeys (ConfUtils.java:logGet(44)) - raft.server.snapshot.auto.trigger.enabled = true (custom)
2020-11-19 23:06:14,504 [pool-175-thread-1] INFO  server.RaftServerConfigKeys (ConfUtils.java:logGet(44)) - raft.server.snapshot.auto.trigger.threshold = 10000 (custom)
2020-11-19 23:06:14,504 [pool-175-thread-1] INFO  server.RaftServerConfigKeys (ConfUtils.java:logGet(44)) - raft.server.snapshot.retention.file.num = 5 (custom)
2020-11-19 23:06:14,504 [pool-175-thread-1] INFO  server.RaftServerConfigKeys (ConfUtils.java:logGet(44)) - raft.server.log.purge.upto.snapshot.index = false (default)
2020-11-19 23:06:14,505 [pool-175-thread-1] INFO  server.RaftServerConfigKeys (ConfUtils.java:logGet(44)) - raft.server.retrycache.expirytime = 600000ms (custom)
2020-11-19 23:06:14,505 [pool-175-thread-1] INFO  metrics.RatisMetrics (RatisMetrics.java:lambda$create$0(36)) - Creating Metrics Registry : ratis.leader_election.961b22ad-a322-4351-a83b-55dc9b155106@group-2EDA84B3B013
2020-11-19 23:06:14,508 [pool-175-thread-1] INFO  metrics.RatisMetrics (RatisMetrics.java:lambda$create$0(36)) - Creating Metrics Registry : ratis.server.961b22ad-a322-4351-a83b-55dc9b155106@group-2EDA84B3B013
2020-11-19 23:06:14,509 [pool-175-thread-1] INFO  impl.RaftServerImpl (RaftServerImpl.java:start(209)) - 961b22ad-a322-4351-a83b-55dc9b155106@group-2EDA84B3B013: start as a follower, conf=-1: [961b22ad-a322-4351-a83b-55dc9b155106:172.17.0.2:46253:0], old=null
2020-11-19 23:06:14,509 [pool-175-thread-1] INFO  impl.RaftServerImpl (RaftServerImpl.java:setRole(198)) - 961b22ad-a322-4351-a83b-55dc9b155106@group-2EDA84B3B013: changes role from      null to FOLLOWER at term 0 for startAsFollower
2020-11-19 23:06:14,510 [pool-175-thread-1] INFO  impl.RoleInfo (RoleInfo.java:updateAndGet(143)) - 961b22ad-a322-4351-a83b-55dc9b155106: start FollowerState
2020-11-19 23:06:14,510 [pool-175-thread-1] INFO  util.JmxRegister (JmxRegister.java:tryRegister(44)) - Successfully registered JMX Bean with object name Ratis:service=RaftServer,group=group-2EDA84B3B013,id=961b22ad-a322-4351-a83b-55dc9b155106
2020-11-19 23:06:14,510 [pool-175-thread-1] INFO  metrics.RatisMetrics (RatisMetrics.java:lambda$create$0(36)) - Creating Metrics Registry : ratis.state_machine.961b22ad-a322-4351-a83b-55dc9b155106@group-2EDA84B3B013
2020-11-19 23:06:14,511 [Command processor thread] INFO  commandhandler.CreatePipelineCommandHandler (CreatePipelineCommandHandler.java:handle(106)) - Created Pipeline RATIS ONE PipelineID=ea940ab0-2454-4c96-8bd3-2eda84b3b013.
2020-11-19 23:06:14,511 [Command processor thread] INFO  impl.RaftServerProxy (RaftServerProxy.java:addNew(92)) - 961b22ad-a322-4351-a83b-55dc9b155106: addNew group-B82672A8DD5C:[9f966428-d7f2-4238-96c8-d38b7223cc05:172.17.0.2:38281:0, 6bf896dc-0c7e-47aa-8e27-893b368c36c3:172.17.0.2:45367:0, 961b22ad-a322-4351-a83b-55dc9b155106:172.17.0.2:46253:0] returns group-B82672A8DD5C:java.util.concurrent.CompletableFuture@6d0ebd26[Not completed]
2020-11-19 23:06:14,512 [pool-175-thread-1] INFO  impl.RaftServerImpl (RaftServerImpl.java:<init>(120)) - 961b22ad-a322-4351-a83b-55dc9b155106: new RaftServerImpl for group-B82672A8DD5C:[9f966428-d7f2-4238-96c8-d38b7223cc05:172.17.0.2:38281:0, 6bf896dc-0c7e-47aa-8e27-893b368c36c3:172.17.0.2:45367:0, 961b22ad-a322-4351-a83b-55dc9b155106:172.17.0.2:46253:0] with ContainerStateMachine:uninitialized
2020-11-19 23:06:14,512 [pool-175-thread-1] INFO  server.RaftServerConfigKeys (ConfUtils.java:logGet(44)) - raft.server.rpc.timeout.min = 5s (custom)
2020-11-19 23:06:14,512 [pool-175-thread-1] INFO  server.RaftServerConfigKeys (ConfUtils.java:logGet(44)) - raft.server.rpc.timeout.max = 5200ms (custom)
2020-11-19 23:06:14,512 [pool-175-thread-1] INFO  server.RaftServerConfigKeys (ConfUtils.java:logGet(44)) - raft.server.rpcslowness.timeout = 300s (custom)
2020-11-19 23:06:14,512 [pool-175-thread-1] INFO  server.RaftServerConfigKeys (ConfUtils.java:logGet(44)) - raft.server.sleep.deviation.threshold = 300 (default)
2020-11-19 23:06:14,512 [pool-175-thread-1] INFO  server.RaftServerConfigKeys (ConfUtils.java:logGet(44)) - raft.server.log.appender.install.snapshot.enabled = false (custom)
2020-11-19 23:06:14,512 [pool-175-thread-1] INFO  impl.RaftServerImpl (ServerState.java:<init>(104)) - 961b22ad-a322-4351-a83b-55dc9b155106@group-B82672A8DD5C: ConfigurationManager, init=-1: [9f966428-d7f2-4238-96c8-d38b7223cc05:172.17.0.2:38281:0, 6bf896dc-0c7e-47aa-8e27-893b368c36c3:172.17.0.2:45367:0, 961b22ad-a322-4351-a83b-55dc9b155106:172.17.0.2:46253:0], old=null, confs=<EMPTY_MAP>
2020-11-19 23:06:14,513 [pool-175-thread-1] INFO  server.RaftServerConfigKeys (ConfUtils.java:logGet(44)) - raft.server.storage.dir = [/github/workspace/mnt/ozone/hadoop-ozone/integration-test/target/test-dir/MiniOzoneClusterImpl-f63f6e49-a519-49d7-bac2-b5e85396f7e3/datanode-0/data/ratis] (custom)
2020-11-19 23:06:14,513 [pool-175-thread-1] INFO  server.RaftServerConfigKeys (ConfUtils.java:logGet(44)) - raft.server.log.corruption.policy = EXCEPTION (default)
2020-11-19 23:06:14,513 [pool-175-thread-1] INFO  storage.RaftStorageDirectory (RaftStorageDirectory.java:analyzeStorage(261)) - The storage directory /github/workspace/mnt/ozone/hadoop-ozone/integration-test/target/test-dir/MiniOzoneClusterImpl-f63f6e49-a519-49d7-bac2-b5e85396f7e3/datanode-0/data/ratis/fdc5f4db-202c-4d59-af6b-b82672a8dd5c does not exist. Creating ...
2020-11-19 23:06:14,514 [pool-175-thread-1] INFO  storage.RaftStorageDirectory (RaftStorageDirectory.java:tryLock(343)) - Lock on /github/workspace/mnt/ozone/hadoop-ozone/integration-test/target/test-dir/MiniOzoneClusterImpl-f63f6e49-a519-49d7-bac2-b5e85396f7e3/datanode-0/data/ratis/fdc5f4db-202c-4d59-af6b-b82672a8dd5c/in_use.lock acquired by nodename 14728@3a6e21f0ed7d
2020-11-19 23:06:14,515 [pool-175-thread-1] INFO  storage.RaftStorage (RaftStorage.java:format(84)) - Storage directory /github/workspace/mnt/ozone/hadoop-ozone/integration-test/target/test-dir/MiniOzoneClusterImpl-f63f6e49-a519-49d7-bac2-b5e85396f7e3/datanode-0/data/ratis/fdc5f4db-202c-4d59-af6b-b82672a8dd5c has been successfully formatted.
2020-11-19 23:06:14,516 [pool-175-thread-1] INFO  ratis.ContainerStateMachine (ContainerStateMachine.java:loadSnapshot(225)) - group-B82672A8DD5C: The snapshot info is null. Setting the last applied indexto:(t:0, i:~)
2020-11-19 23:06:14,516 [pool-175-thread-1] INFO  server.RaftServerConfigKeys (ConfUtils.java:logGet(44)) - raft.server.notification.no-leader.timeout = 300s (custom)
2020-11-19 23:06:14,516 [pool-175-thread-1] INFO  server.RaftServerConfigKeys (ConfUtils.java:logGet(44)) - raft.server.log.use.memory = false (default)
2020-11-19 23:06:14,516 [pool-175-thread-1] INFO  server.RaftServerConfigKeys (ConfUtils.java:logGet(44)) - raft.server.log.purge.gap = 1000000 (custom)
2020-11-19 23:06:14,516 [pool-175-thread-1] INFO  metrics.RatisMetrics (RatisMetrics.java:lambda$create$0(36)) - Creating Metrics Registry : ratis.log_worker.961b22ad-a322-4351-a83b-55dc9b155106@group-B82672A8DD5C
2020-11-19 23:06:14,516 [pool-175-thread-1] INFO  server.RaftServerConfigKeys (ConfUtils.java:logGet(44)) - raft.server.log.appender.buffer.byte-limit = 33554432 (custom)
2020-11-19 23:06:14,517 [pool-175-thread-1] INFO  server.RaftServerConfigKeys (ConfUtils.java:logGet(44)) - raft.server.log.segment.size.max = 1048576 (custom)
2020-11-19 23:06:14,517 [EventQueue-OpenPipelineForHealthyPipelineSafeModeRule] INFO  safemode.SCMSafeModeManager (HealthyPipelineSafeModeRule.java:process(128)) - SCM in safe mode. Healthy pipelines reported count is 0, required healthy pipeline reported count is 1
2020-11-19 23:06:14,517 [EventQueue-PipelineReportForOneReplicaPipelineSafeModeRule] INFO  safemode.SCMSafeModeManager (SCMSafeModeManager.java:validateSafeModeExitRules(214)) - AtleastOneDatanodeReportedRule rule is successfully validated
2020-11-19 23:06:14,518 [pool-175-thread-1] INFO  server.RaftServerConfigKeys (ConfUtils.java:logGet(44)) - raft.server.log.segment.cache.num.max = 2 (custom)
2020-11-19 23:06:14,518 [pool-175-thread-1] INFO  segmented.SegmentedRaftLogWorker (SegmentedRaftLogWorker.java:<init>(180)) - new 961b22ad-a322-4351-a83b-55dc9b155106@group-B82672A8DD5C-SegmentedRaftLogWorker for RaftStorage:Storage Directory /github/workspace/mnt/ozone/hadoop-ozone/integration-test/target/test-dir/MiniOzoneClusterImpl-f63f6e49-a519-49d7-bac2-b5e85396f7e3/datanode-0/data/ratis/fdc5f4db-202c-4d59-af6b-b82672a8dd5c
2020-11-19 23:06:14,518 [pool-175-thread-1] INFO  server.RaftServerConfigKeys (ConfUtils.java:logGet(44)) - raft.server.log.queue.byte-limit = 2147483647 (custom)
2020-11-19 23:06:14,518 [pool-175-thread-1] INFO  server.RaftServerConfigKeys (ConfUtils.java:logGet(44)) - raft.server.log.queue.element-limit = 1024 (custom)
2020-11-19 23:06:14,518 [pool-175-thread-1] INFO  server.RaftServerConfigKeys (ConfUtils.java:logGet(44)) - raft.server.log.segment.size.max = 1048576 (custom)
2020-11-19 23:06:14,518 [pool-175-thread-1] INFO  server.RaftServerConfigKeys (ConfUtils.java:logGet(44)) - raft.server.log.preallocated.size = 16384 (custom)
2020-11-19 23:06:14,519 [pool-175-thread-1] INFO  server.RaftServerConfigKeys (ConfUtils.java:logGet(44)) - raft.server.log.write.buffer.size = 1048576 (custom)
2020-11-19 23:06:14,519 [pool-175-thread-1] INFO  server.RaftServerConfigKeys (ConfUtils.java:logGet(44)) - raft.server.log.force.sync.num = 128 (default)
2020-11-19 23:06:14,519 [pool-175-thread-1] INFO  server.RaftServerConfigKeys (ConfUtils.java:logGet(44)) - raft.server.log.statemachine.data.sync = true (default)
2020-11-19 23:06:14,519 [pool-175-thread-1] INFO  server.RaftServerConfigKeys (ConfUtils.java:logGet(44)) - raft.server.log.statemachine.data.sync.timeout = 10s (default)
2020-11-19 23:06:14,519 [pool-175-thread-1] INFO  server.RaftServerConfigKeys (ConfUtils.java:logGet(44)) - raft.server.log.statemachine.data.sync.timeout.retry = -1 (default)
2020-11-19 23:06:14,521 [pool-175-thread-1] INFO  server.RaftServerConfigKeys (ConfUtils.java:logGet(44)) - raft.server.log.statemachine.data.caching.enabled = true (custom)
2020-11-19 23:06:14,522 [pool-175-thread-1] INFO  segmented.SegmentedRaftLogWorker (SegmentedRaftLogWorker.java:lambda$new$0(129)) - 961b22ad-a322-4351-a83b-55dc9b155106@group-B82672A8DD5C-SegmentedRaftLogWorker: flushIndex: setUnconditionally 0 -> -1
2020-11-19 23:06:14,522 [pool-175-thread-1] INFO  segmented.SegmentedRaftLogWorker (SegmentedRaftLogWorker.java:lambda$new$0(129)) - 961b22ad-a322-4351-a83b-55dc9b155106@group-B82672A8DD5C-SegmentedRaftLogWorker: safeCacheEvictIndex: setUnconditionally 0 -> -1
2020-11-19 23:06:14,525 [pool-175-thread-1] INFO  server.RaftServerConfigKeys (ConfUtils.java:logGet(44)) - raft.server.snapshot.auto.trigger.enabled = true (custom)
2020-11-19 23:06:14,525 [pool-175-thread-1] INFO  server.RaftServerConfigKeys (ConfUtils.java:logGet(44)) - raft.server.snapshot.auto.trigger.threshold = 10000 (custom)
2020-11-19 23:06:14,525 [pool-175-thread-1] INFO  server.RaftServerConfigKeys (ConfUtils.java:logGet(44)) - raft.server.snapshot.retention.file.num = 5 (custom)
2020-11-19 23:06:14,525 [pool-175-thread-1] INFO  server.RaftServerConfigKeys (ConfUtils.java:logGet(44)) - raft.server.log.purge.upto.snapshot.index = false (default)
2020-11-19 23:06:14,525 [pool-175-thread-1] INFO  server.RaftServerConfigKeys (ConfUtils.java:logGet(44)) - raft.server.retrycache.expirytime = 600000ms (custom)
2020-11-19 23:06:14,526 [pool-175-thread-1] INFO  metrics.RatisMetrics (RatisMetrics.java:lambda$create$0(36)) - Creating Metrics Registry : ratis.leader_election.961b22ad-a322-4351-a83b-55dc9b155106@group-B82672A8DD5C
2020-11-19 23:06:14,526 [pool-175-thread-1] INFO  metrics.RatisMetrics (RatisMetrics.java:lambda$create$0(36)) - Creating Metrics Registry : ratis.server.961b22ad-a322-4351-a83b-55dc9b155106@group-B82672A8DD5C
2020-11-19 23:06:14,528 [pool-175-thread-1] INFO  impl.RaftServerImpl (RaftServerImpl.java:start(209)) - 961b22ad-a322-4351-a83b-55dc9b155106@group-B82672A8DD5C: start as a follower, conf=-1: [9f966428-d7f2-4238-96c8-d38b7223cc05:172.17.0.2:38281:0, 6bf896dc-0c7e-47aa-8e27-893b368c36c3:172.17.0.2:45367:0, 961b22ad-a322-4351-a83b-55dc9b155106:172.17.0.2:46253:0], old=null
2020-11-19 23:06:14,528 [pool-175-thread-1] INFO  impl.RaftServerImpl (RaftServerImpl.java:setRole(198)) - 961b22ad-a322-4351-a83b-55dc9b155106@group-B82672A8DD5C: changes role from      null to FOLLOWER at term 0 for startAsFollower
2020-11-19 23:06:14,528 [pool-175-thread-1] INFO  impl.RoleInfo (RoleInfo.java:updateAndGet(143)) - 961b22ad-a322-4351-a83b-55dc9b155106: start FollowerState
2020-11-19 23:06:14,531 [pool-175-thread-1] INFO  util.JmxRegister (JmxRegister.java:tryRegister(44)) - Successfully registered JMX Bean with object name Ratis:service=RaftServer,group=group-B82672A8DD5C,id=961b22ad-a322-4351-a83b-55dc9b155106
2020-11-19 23:06:14,531 [pool-175-thread-1] INFO  metrics.RatisMetrics (RatisMetrics.java:lambda$create$0(36)) - Creating Metrics Registry : ratis.state_machine.961b22ad-a322-4351-a83b-55dc9b155106@group-B82672A8DD5C
2020-11-19 23:06:14,533 [Command processor thread] INFO  metrics.RatisMetrics (RatisMetrics.java:lambda$create$0(36)) - Creating Metrics Registry : ratis.client_message_metrics.client-43C5ECE74731->9f966428-d7f2-4238-96c8-d38b7223cc05
2020-11-19 23:06:14,540 [grpc-default-executor-4] INFO  metrics.RatisMetrics (RatisMetrics.java:lambda$create$0(36)) - Creating Metrics Registry : ratis.server_message_metrics.9f966428-d7f2-4238-96c8-d38b7223cc05
2020-11-19 23:06:14,542 [grpc-default-executor-4] INFO  impl.RaftServerProxy (RaftServerProxy.java:addNew(92)) - 9f966428-d7f2-4238-96c8-d38b7223cc05: addNew group-B82672A8DD5C:[9f966428-d7f2-4238-96c8-d38b7223cc05:172.17.0.2:38281:0, 6bf896dc-0c7e-47aa-8e27-893b368c36c3:172.17.0.2:45367:0, 961b22ad-a322-4351-a83b-55dc9b155106:172.17.0.2:46253:0] returns group-B82672A8DD5C:java.util.concurrent.CompletableFuture@66c912ac[Not completed]
2020-11-19 23:06:14,543 [Listener at 127.0.0.1/37889] INFO  ozone.MiniOzoneClusterImpl (MiniOzoneClusterImpl.java:lambda$waitForClusterToBeReady$0(178)) - Nodes are ready. Got 7 of 7 DN Heartbeats.
2020-11-19 23:06:14,543 [Listener at 127.0.0.1/37889] INFO  ozone.MiniOzoneClusterImpl (MiniOzoneClusterImpl.java:lambda$waitForClusterToBeReady$0(181)) - Waiting for cluster to exit safe mode
2020-11-19 23:06:14,544 [pool-191-thread-1] INFO  impl.RaftServerImpl (RaftServerImpl.java:<init>(120)) - 9f966428-d7f2-4238-96c8-d38b7223cc05: new RaftServerImpl for group-B82672A8DD5C:[9f966428-d7f2-4238-96c8-d38b7223cc05:172.17.0.2:38281:0, 6bf896dc-0c7e-47aa-8e27-893b368c36c3:172.17.0.2:45367:0, 961b22ad-a322-4351-a83b-55dc9b155106:172.17.0.2:46253:0] with ContainerStateMachine:uninitialized
2020-11-19 23:06:14,544 [pool-191-thread-1] INFO  server.RaftServerConfigKeys (ConfUtils.java:logGet(44)) - raft.server.rpc.timeout.min = 5s (custom)
2020-11-19 23:06:14,544 [pool-191-thread-1] INFO  server.RaftServerConfigKeys (ConfUtils.java:logGet(44)) - raft.server.rpc.timeout.max = 5200ms (custom)
2020-11-19 23:06:14,544 [pool-191-thread-1] INFO  server.RaftServerConfigKeys (ConfUtils.java:logGet(44)) - raft.server.rpcslowness.timeout = 300s (custom)
2020-11-19 23:06:14,544 [pool-191-thread-1] INFO  server.RaftServerConfigKeys (ConfUtils.java:logGet(44)) - raft.server.sleep.deviation.threshold = 300 (default)
2020-11-19 23:06:14,544 [pool-191-thread-1] INFO  server.RaftServerConfigKeys (ConfUtils.java:logGet(44)) - raft.server.log.appender.install.snapshot.enabled = false (custom)
2020-11-19 23:06:14,544 [pool-191-thread-1] INFO  impl.RaftServerImpl (ServerState.java:<init>(104)) - 9f966428-d7f2-4238-96c8-d38b7223cc05@group-B82672A8DD5C: ConfigurationManager, init=-1: [9f966428-d7f2-4238-96c8-d38b7223cc05:172.17.0.2:38281:0, 6bf896dc-0c7e-47aa-8e27-893b368c36c3:172.17.0.2:45367:0, 961b22ad-a322-4351-a83b-55dc9b155106:172.17.0.2:46253:0], old=null, confs=<EMPTY_MAP>
2020-11-19 23:06:14,544 [pool-191-thread-1] INFO  server.RaftServerConfigKeys (ConfUtils.java:logGet(44)) - raft.server.storage.dir = [/github/workspace/mnt/ozone/hadoop-ozone/integration-test/target/test-dir/MiniOzoneClusterImpl-f63f6e49-a519-49d7-bac2-b5e85396f7e3/datanode-1/data/ratis] (custom)
2020-11-19 23:06:14,545 [pool-191-thread-1] INFO  server.RaftServerConfigKeys (ConfUtils.java:logGet(44)) - raft.server.log.corruption.policy = EXCEPTION (default)
2020-11-19 23:06:14,545 [pool-191-thread-1] INFO  storage.RaftStorageDirectory (RaftStorageDirectory.java:analyzeStorage(261)) - The storage directory /github/workspace/mnt/ozone/hadoop-ozone/integration-test/target/test-dir/MiniOzoneClusterImpl-f63f6e49-a519-49d7-bac2-b5e85396f7e3/datanode-1/data/ratis/fdc5f4db-202c-4d59-af6b-b82672a8dd5c does not exist. Creating ...
2020-11-19 23:06:14,547 [pool-191-thread-1] INFO  storage.RaftStorageDirectory (RaftStorageDirectory.java:tryLock(343)) - Lock on /github/workspace/mnt/ozone/hadoop-ozone/integration-test/target/test-dir/MiniOzoneClusterImpl-f63f6e49-a519-49d7-bac2-b5e85396f7e3/datanode-1/data/ratis/fdc5f4db-202c-4d59-af6b-b82672a8dd5c/in_use.lock acquired by nodename 14728@3a6e21f0ed7d
2020-11-19 23:06:14,548 [pool-191-thread-1] INFO  storage.RaftStorage (RaftStorage.java:format(84)) - Storage directory /github/workspace/mnt/ozone/hadoop-ozone/integration-test/target/test-dir/MiniOzoneClusterImpl-f63f6e49-a519-49d7-bac2-b5e85396f7e3/datanode-1/data/ratis/fdc5f4db-202c-4d59-af6b-b82672a8dd5c has been successfully formatted.
2020-11-19 23:06:14,549 [pool-191-thread-1] INFO  ratis.ContainerStateMachine (ContainerStateMachine.java:loadSnapshot(225)) - group-B82672A8DD5C: The snapshot info is null. Setting the last applied indexto:(t:0, i:~)
2020-11-19 23:06:14,552 [EventQueue-PipelineReportForOneReplicaPipelineSafeModeRule] INFO  safemode.SCMSafeModeManager (SCMSafeModeManager.java:validateSafeModeExitRules(214)) - AtleastOneDatanodeReportedRule rule is successfully validated
2020-11-19 23:06:14,553 [pool-191-thread-1] INFO  server.RaftServerConfigKeys (ConfUtils.java:logGet(44)) - raft.server.notification.no-leader.timeout = 300s (custom)
2020-11-19 23:06:14,553 [pool-191-thread-1] INFO  server.RaftServerConfigKeys (ConfUtils.java:logGet(44)) - raft.server.log.use.memory = false (default)
2020-11-19 23:06:14,553 [pool-191-thread-1] INFO  server.RaftServerConfigKeys (ConfUtils.java:logGet(44)) - raft.server.log.purge.gap = 1000000 (custom)
2020-11-19 23:06:14,554 [pool-191-thread-1] INFO  metrics.RatisMetrics (RatisMetrics.java:lambda$create$0(36)) - Creating Metrics Registry : ratis.log_worker.9f966428-d7f2-4238-96c8-d38b7223cc05@group-B82672A8DD5C
2020-11-19 23:06:14,554 [pool-191-thread-1] INFO  server.RaftServerConfigKeys (ConfUtils.java:logGet(44)) - raft.server.log.appender.buffer.byte-limit = 33554432 (custom)
2020-11-19 23:06:14,554 [pool-191-thread-1] INFO  server.RaftServerConfigKeys (ConfUtils.java:logGet(44)) - raft.server.log.segment.size.max = 1048576 (custom)
2020-11-19 23:06:14,555 [pool-191-thread-1] INFO  server.RaftServerConfigKeys (ConfUtils.java:logGet(44)) - raft.server.log.segment.cache.num.max = 2 (custom)
2020-11-19 23:06:14,555 [pool-191-thread-1] INFO  segmented.SegmentedRaftLogWorker (SegmentedRaftLogWorker.java:<init>(180)) - new 9f966428-d7f2-4238-96c8-d38b7223cc05@group-B82672A8DD5C-SegmentedRaftLogWorker for RaftStorage:Storage Directory /github/workspace/mnt/ozone/hadoop-ozone/integration-test/target/test-dir/MiniOzoneClusterImpl-f63f6e49-a519-49d7-bac2-b5e85396f7e3/datanode-1/data/ratis/fdc5f4db-202c-4d59-af6b-b82672a8dd5c
2020-11-19 23:06:14,555 [pool-191-thread-1] INFO  server.RaftServerConfigKeys (ConfUtils.java:logGet(44)) - raft.server.log.queue.byte-limit = 2147483647 (custom)
2020-11-19 23:06:14,555 [pool-191-thread-1] INFO  server.RaftServerConfigKeys (ConfUtils.java:logGet(44)) - raft.server.log.queue.element-limit = 1024 (custom)
2020-11-19 23:06:14,555 [pool-191-thread-1] INFO  server.RaftServerConfigKeys (ConfUtils.java:logGet(44)) - raft.server.log.segment.size.max = 1048576 (custom)
2020-11-19 23:06:14,555 [pool-191-thread-1] INFO  server.RaftServerConfigKeys (ConfUtils.java:logGet(44)) - raft.server.log.preallocated.size = 16384 (custom)
2020-11-19 23:06:14,555 [pool-191-thread-1] INFO  server.RaftServerConfigKeys (ConfUtils.java:logGet(44)) - raft.server.log.write.buffer.size = 1048576 (custom)
2020-11-19 23:06:14,556 [pool-191-thread-1] INFO  server.RaftServerConfigKeys (ConfUtils.java:logGet(44)) - raft.server.log.force.sync.num = 128 (default)
2020-11-19 23:06:14,556 [pool-191-thread-1] INFO  server.RaftServerConfigKeys (ConfUtils.java:logGet(44)) - raft.server.log.statemachine.data.sync = true (default)
2020-11-19 23:06:14,556 [pool-191-thread-1] INFO  server.RaftServerConfigKeys (ConfUtils.java:logGet(44)) - raft.server.log.statemachine.data.sync.timeout = 10s (default)
2020-11-19 23:06:14,556 [pool-191-thread-1] INFO  server.RaftServerConfigKeys (ConfUtils.java:logGet(44)) - raft.server.log.statemachine.data.sync.timeout.retry = -1 (default)
2020-11-19 23:06:14,559 [pool-191-thread-1] INFO  server.RaftServerConfigKeys (ConfUtils.java:logGet(44)) - raft.server.log.statemachine.data.caching.enabled = true (custom)
2020-11-19 23:06:14,559 [pool-191-thread-1] INFO  segmented.SegmentedRaftLogWorker (SegmentedRaftLogWorker.java:lambda$new$0(129)) - 9f966428-d7f2-4238-96c8-d38b7223cc05@group-B82672A8DD5C-SegmentedRaftLogWorker: flushIndex: setUnconditionally 0 -> -1
2020-11-19 23:06:14,559 [pool-191-thread-1] INFO  segmented.SegmentedRaftLogWorker (SegmentedRaftLogWorker.java:lambda$new$0(129)) - 9f966428-d7f2-4238-96c8-d38b7223cc05@group-B82672A8DD5C-SegmentedRaftLogWorker: safeCacheEvictIndex: setUnconditionally 0 -> -1
2020-11-19 23:06:14,559 [pool-191-thread-1] INFO  server.RaftServerConfigKeys (ConfUtils.java:logGet(44)) - raft.server.snapshot.auto.trigger.enabled = true (custom)
2020-11-19 23:06:14,559 [pool-191-thread-1] INFO  server.RaftServerConfigKeys (ConfUtils.java:logGet(44)) - raft.server.snapshot.auto.trigger.threshold = 10000 (custom)
2020-11-19 23:06:14,559 [pool-191-thread-1] INFO  server.RaftServerConfigKeys (ConfUtils.java:logGet(44)) - raft.server.snapshot.retention.file.num = 5 (custom)
2020-11-19 23:06:14,560 [pool-191-thread-1] INFO  server.RaftServerConfigKeys (ConfUtils.java:logGet(44)) - raft.server.log.purge.upto.snapshot.index = false (default)
2020-11-19 23:06:14,560 [pool-191-thread-1] INFO  server.RaftServerConfigKeys (ConfUtils.java:logGet(44)) - raft.server.retrycache.expirytime = 600000ms (custom)
2020-11-19 23:06:14,560 [pool-191-thread-1] INFO  metrics.RatisMetrics (RatisMetrics.java:lambda$create$0(36)) - Creating Metrics Registry : ratis.leader_election.9f966428-d7f2-4238-96c8-d38b7223cc05@group-B82672A8DD5C
2020-11-19 23:06:14,560 [pool-191-thread-1] INFO  metrics.RatisMetrics (RatisMetrics.java:lambda$create$0(36)) - Creating Metrics Registry : ratis.server.9f966428-d7f2-4238-96c8-d38b7223cc05@group-B82672A8DD5C
2020-11-19 23:06:14,562 [pool-191-thread-1] INFO  impl.RaftServerImpl (RaftServerImpl.java:start(209)) - 9f966428-d7f2-4238-96c8-d38b7223cc05@group-B82672A8DD5C: start as a follower, conf=-1: [9f966428-d7f2-4238-96c8-d38b7223cc05:172.17.0.2:38281:0, 6bf896dc-0c7e-47aa-8e27-893b368c36c3:172.17.0.2:45367:0, 961b22ad-a322-4351-a83b-55dc9b155106:172.17.0.2:46253:0], old=null
2020-11-19 23:06:14,562 [pool-191-thread-1] INFO  impl.RaftServerImpl (RaftServerImpl.java:setRole(198)) - 9f966428-d7f2-4238-96c8-d38b7223cc05@group-B82672A8DD5C: changes role from      null to FOLLOWER at term 0 for startAsFollower
2020-11-19 23:06:14,562 [pool-191-thread-1] INFO  impl.RoleInfo (RoleInfo.java:updateAndGet(143)) - 9f966428-d7f2-4238-96c8-d38b7223cc05: start FollowerState
2020-11-19 23:06:14,562 [pool-191-thread-1] INFO  util.JmxRegister (JmxRegister.java:tryRegister(44)) - Successfully registered JMX Bean with object name Ratis:service=RaftServer,group=group-B82672A8DD5C,id=9f966428-d7f2-4238-96c8-d38b7223cc05
2020-11-19 23:06:14,562 [pool-191-thread-1] INFO  metrics.RatisMetrics (RatisMetrics.java:lambda$create$0(36)) - Creating Metrics Registry : ratis.state_machine.9f966428-d7f2-4238-96c8-d38b7223cc05@group-B82672A8DD5C
2020-11-19 23:06:14,576 [Command processor thread] INFO  metrics.RatisMetrics (RatisMetrics.java:lambda$create$0(36)) - Creating Metrics Registry : ratis.client_message_metrics.client-D3B48CBA46AC->6bf896dc-0c7e-47aa-8e27-893b368c36c3
2020-11-19 23:06:14,583 [grpc-default-executor-4] INFO  metrics.RatisMetrics (RatisMetrics.java:lambda$create$0(36)) - Creating Metrics Registry : ratis.server_message_metrics.6bf896dc-0c7e-47aa-8e27-893b368c36c3
2020-11-19 23:06:14,588 [grpc-default-executor-4] INFO  impl.RaftServerProxy (RaftServerProxy.java:addNew(92)) - 6bf896dc-0c7e-47aa-8e27-893b368c36c3: addNew group-B82672A8DD5C:[9f966428-d7f2-4238-96c8-d38b7223cc05:172.17.0.2:38281:0, 6bf896dc-0c7e-47aa-8e27-893b368c36c3:172.17.0.2:45367:0, 961b22ad-a322-4351-a83b-55dc9b155106:172.17.0.2:46253:0] returns group-B82672A8DD5C:java.util.concurrent.CompletableFuture@2deee628[Not completed]
2020-11-19 23:06:14,590 [pool-207-thread-1] INFO  impl.RaftServerImpl (RaftServerImpl.java:<init>(120)) - 6bf896dc-0c7e-47aa-8e27-893b368c36c3: new RaftServerImpl for group-B82672A8DD5C:[9f966428-d7f2-4238-96c8-d38b7223cc05:172.17.0.2:38281:0, 6bf896dc-0c7e-47aa-8e27-893b368c36c3:172.17.0.2:45367:0, 961b22ad-a322-4351-a83b-55dc9b155106:172.17.0.2:46253:0] with ContainerStateMachine:uninitialized
2020-11-19 23:06:14,590 [pool-207-thread-1] INFO  server.RaftServerConfigKeys (ConfUtils.java:logGet(44)) - raft.server.rpc.timeout.min = 5s (custom)
2020-11-19 23:06:14,590 [pool-207-thread-1] INFO  server.RaftServerConfigKeys (ConfUtils.java:logGet(44)) - raft.server.rpc.timeout.max = 5200ms (custom)
2020-11-19 23:06:14,590 [pool-207-thread-1] INFO  server.RaftServerConfigKeys (ConfUtils.java:logGet(44)) - raft.server.rpcslowness.timeout = 300s (custom)
2020-11-19 23:06:14,590 [pool-207-thread-1] INFO  server.RaftServerConfigKeys (ConfUtils.java:logGet(44)) - raft.server.sleep.deviation.threshold = 300 (default)
2020-11-19 23:06:14,590 [pool-207-thread-1] INFO  server.RaftServerConfigKeys (ConfUtils.java:logGet(44)) - raft.server.log.appender.install.snapshot.enabled = false (custom)
2020-11-19 23:06:14,590 [pool-207-thread-1] INFO  impl.RaftServerImpl (ServerState.java:<init>(104)) - 6bf896dc-0c7e-47aa-8e27-893b368c36c3@group-B82672A8DD5C: ConfigurationManager, init=-1: [9f966428-d7f2-4238-96c8-d38b7223cc05:172.17.0.2:38281:0, 6bf896dc-0c7e-47aa-8e27-893b368c36c3:172.17.0.2:45367:0, 961b22ad-a322-4351-a83b-55dc9b155106:172.17.0.2:46253:0], old=null, confs=<EMPTY_MAP>
2020-11-19 23:06:14,590 [pool-207-thread-1] INFO  server.RaftServerConfigKeys (ConfUtils.java:logGet(44)) - raft.server.storage.dir = [/github/workspace/mnt/ozone/hadoop-ozone/integration-test/target/test-dir/MiniOzoneClusterImpl-f63f6e49-a519-49d7-bac2-b5e85396f7e3/datanode-2/data/ratis] (custom)
2020-11-19 23:06:14,591 [pool-207-thread-1] INFO  server.RaftServerConfigKeys (ConfUtils.java:logGet(44)) - raft.server.log.corruption.policy = EXCEPTION (default)
2020-11-19 23:06:14,591 [pool-207-thread-1] INFO  storage.RaftStorageDirectory (RaftStorageDirectory.java:analyzeStorage(261)) - The storage directory /github/workspace/mnt/ozone/hadoop-ozone/integration-test/target/test-dir/MiniOzoneClusterImpl-f63f6e49-a519-49d7-bac2-b5e85396f7e3/datanode-2/data/ratis/fdc5f4db-202c-4d59-af6b-b82672a8dd5c does not exist. Creating ...
2020-11-19 23:06:14,593 [pool-207-thread-1] INFO  storage.RaftStorageDirectory (RaftStorageDirectory.java:tryLock(343)) - Lock on /github/workspace/mnt/ozone/hadoop-ozone/integration-test/target/test-dir/MiniOzoneClusterImpl-f63f6e49-a519-49d7-bac2-b5e85396f7e3/datanode-2/data/ratis/fdc5f4db-202c-4d59-af6b-b82672a8dd5c/in_use.lock acquired by nodename 14728@3a6e21f0ed7d
2020-11-19 23:06:14,595 [pool-207-thread-1] INFO  storage.RaftStorage (RaftStorage.java:format(84)) - Storage directory /github/workspace/mnt/ozone/hadoop-ozone/integration-test/target/test-dir/MiniOzoneClusterImpl-f63f6e49-a519-49d7-bac2-b5e85396f7e3/datanode-2/data/ratis/fdc5f4db-202c-4d59-af6b-b82672a8dd5c has been successfully formatted.
2020-11-19 23:06:14,596 [pool-207-thread-1] INFO  ratis.ContainerStateMachine (ContainerStateMachine.java:loadSnapshot(225)) - group-B82672A8DD5C: The snapshot info is null. Setting the last applied indexto:(t:0, i:~)
2020-11-19 23:06:14,596 [pool-207-thread-1] INFO  server.RaftServerConfigKeys (ConfUtils.java:logGet(44)) - raft.server.notification.no-leader.timeout = 300s (custom)
2020-11-19 23:06:14,596 [pool-207-thread-1] INFO  server.RaftServerConfigKeys (ConfUtils.java:logGet(44)) - raft.server.log.use.memory = false (default)
2020-11-19 23:06:14,596 [pool-207-thread-1] INFO  server.RaftServerConfigKeys (ConfUtils.java:logGet(44)) - raft.server.log.purge.gap = 1000000 (custom)
2020-11-19 23:06:14,597 [EventQueue-PipelineReportForOneReplicaPipelineSafeModeRule] INFO  safemode.SCMSafeModeManager (SCMSafeModeManager.java:validateSafeModeExitRules(214)) - AtleastOneDatanodeReportedRule rule is successfully validated
2020-11-19 23:06:14,598 [pool-207-thread-1] INFO  metrics.RatisMetrics (RatisMetrics.java:lambda$create$0(36)) - Creating Metrics Registry : ratis.log_worker.6bf896dc-0c7e-47aa-8e27-893b368c36c3@group-B82672A8DD5C
2020-11-19 23:06:14,601 [pool-207-thread-1] INFO  server.RaftServerConfigKeys (ConfUtils.java:logGet(44)) - raft.server.log.appender.buffer.byte-limit = 33554432 (custom)
2020-11-19 23:06:14,601 [pool-207-thread-1] INFO  server.RaftServerConfigKeys (ConfUtils.java:logGet(44)) - raft.server.log.segment.size.max = 1048576 (custom)
2020-11-19 23:06:14,602 [pool-207-thread-1] INFO  server.RaftServerConfigKeys (ConfUtils.java:logGet(44)) - raft.server.log.segment.cache.num.max = 2 (custom)
2020-11-19 23:06:14,602 [pool-207-thread-1] INFO  segmented.SegmentedRaftLogWorker (SegmentedRaftLogWorker.java:<init>(180)) - new 6bf896dc-0c7e-47aa-8e27-893b368c36c3@group-B82672A8DD5C-SegmentedRaftLogWorker for RaftStorage:Storage Directory /github/workspace/mnt/ozone/hadoop-ozone/integration-test/target/test-dir/MiniOzoneClusterImpl-f63f6e49-a519-49d7-bac2-b5e85396f7e3/datanode-2/data/ratis/fdc5f4db-202c-4d59-af6b-b82672a8dd5c
2020-11-19 23:06:14,602 [pool-207-thread-1] INFO  server.RaftServerConfigKeys (ConfUtils.java:logGet(44)) - raft.server.log.queue.byte-limit = 2147483647 (custom)
2020-11-19 23:06:14,602 [pool-207-thread-1] INFO  server.RaftServerConfigKeys (ConfUtils.java:logGet(44)) - raft.server.log.queue.element-limit = 1024 (custom)
2020-11-19 23:06:14,602 [pool-207-thread-1] INFO  server.RaftServerConfigKeys (ConfUtils.java:logGet(44)) - raft.server.log.segment.size.max = 1048576 (custom)
2020-11-19 23:06:14,602 [pool-207-thread-1] INFO  server.RaftServerConfigKeys (ConfUtils.java:logGet(44)) - raft.server.log.preallocated.size = 16384 (custom)
2020-11-19 23:06:14,602 [pool-207-thread-1] INFO  server.RaftServerConfigKeys (ConfUtils.java:logGet(44)) - raft.server.log.write.buffer.size = 1048576 (custom)
2020-11-19 23:06:14,602 [pool-207-thread-1] INFO  server.RaftServerConfigKeys (ConfUtils.java:logGet(44)) - raft.server.log.force.sync.num = 128 (default)
2020-11-19 23:06:14,602 [pool-207-thread-1] INFO  server.RaftServerConfigKeys (ConfUtils.java:logGet(44)) - raft.server.log.statemachine.data.sync = true (default)
2020-11-19 23:06:14,602 [pool-207-thread-1] INFO  server.RaftServerConfigKeys (ConfUtils.java:logGet(44)) - raft.server.log.statemachine.data.sync.timeout = 10s (default)
2020-11-19 23:06:14,602 [pool-207-thread-1] INFO  server.RaftServerConfigKeys (ConfUtils.java:logGet(44)) - raft.server.log.statemachine.data.sync.timeout.retry = -1 (default)
2020-11-19 23:06:14,604 [pool-207-thread-1] INFO  server.RaftServerConfigKeys (ConfUtils.java:logGet(44)) - raft.server.log.statemachine.data.caching.enabled = true (custom)
2020-11-19 23:06:14,604 [pool-207-thread-1] INFO  segmented.SegmentedRaftLogWorker (SegmentedRaftLogWorker.java:lambda$new$0(129)) - 6bf896dc-0c7e-47aa-8e27-893b368c36c3@group-B82672A8DD5C-SegmentedRaftLogWorker: flushIndex: setUnconditionally 0 -> -1
2020-11-19 23:06:14,604 [pool-207-thread-1] INFO  segmented.SegmentedRaftLogWorker (SegmentedRaftLogWorker.java:lambda$new$0(129)) - 6bf896dc-0c7e-47aa-8e27-893b368c36c3@group-B82672A8DD5C-SegmentedRaftLogWorker: safeCacheEvictIndex: setUnconditionally 0 -> -1
2020-11-19 23:06:14,605 [pool-207-thread-1] INFO  server.RaftServerConfigKeys (ConfUtils.java:logGet(44)) - raft.server.snapshot.auto.trigger.enabled = true (custom)
2020-11-19 23:06:14,605 [pool-207-thread-1] INFO  server.RaftServerConfigKeys (ConfUtils.java:logGet(44)) - raft.server.snapshot.auto.trigger.threshold = 10000 (custom)
2020-11-19 23:06:14,605 [pool-207-thread-1] INFO  server.RaftServerConfigKeys (ConfUtils.java:logGet(44)) - raft.server.snapshot.retention.file.num = 5 (custom)
2020-11-19 23:06:14,605 [pool-207-thread-1] INFO  server.RaftServerConfigKeys (ConfUtils.java:logGet(44)) - raft.server.log.purge.upto.snapshot.index = false (default)
2020-11-19 23:06:14,605 [pool-207-thread-1] INFO  server.RaftServerConfigKeys (ConfUtils.java:logGet(44)) - raft.server.retrycache.expirytime = 600000ms (custom)
2020-11-19 23:06:14,606 [pool-207-thread-1] INFO  metrics.RatisMetrics (RatisMetrics.java:lambda$create$0(36)) - Creating Metrics Registry : ratis.leader_election.6bf896dc-0c7e-47aa-8e27-893b368c36c3@group-B82672A8DD5C
2020-11-19 23:06:14,606 [pool-207-thread-1] INFO  metrics.RatisMetrics (RatisMetrics.java:lambda$create$0(36)) - Creating Metrics Registry : ratis.server.6bf896dc-0c7e-47aa-8e27-893b368c36c3@group-B82672A8DD5C
2020-11-19 23:06:14,607 [pool-207-thread-1] INFO  impl.RaftServerImpl (RaftServerImpl.java:start(209)) - 6bf896dc-0c7e-47aa-8e27-893b368c36c3@group-B82672A8DD5C: start as a follower, conf=-1: [9f966428-d7f2-4238-96c8-d38b7223cc05:172.17.0.2:38281:0, 6bf896dc-0c7e-47aa-8e27-893b368c36c3:172.17.0.2:45367:0, 961b22ad-a322-4351-a83b-55dc9b155106:172.17.0.2:46253:0], old=null
2020-11-19 23:06:14,607 [pool-207-thread-1] INFO  impl.RaftServerImpl (RaftServerImpl.java:setRole(198)) - 6bf896dc-0c7e-47aa-8e27-893b368c36c3@group-B82672A8DD5C: changes role from      null to FOLLOWER at term 0 for startAsFollower
2020-11-19 23:06:14,607 [pool-207-thread-1] INFO  impl.RoleInfo (RoleInfo.java:updateAndGet(143)) - 6bf896dc-0c7e-47aa-8e27-893b368c36c3: start FollowerState
2020-11-19 23:06:14,608 [pool-207-thread-1] INFO  util.JmxRegister (JmxRegister.java:tryRegister(44)) - Successfully registered JMX Bean with object name Ratis:service=RaftServer,group=group-B82672A8DD5C,id=6bf896dc-0c7e-47aa-8e27-893b368c36c3
2020-11-19 23:06:14,608 [pool-207-thread-1] INFO  metrics.RatisMetrics (RatisMetrics.java:lambda$create$0(36)) - Creating Metrics Registry : ratis.state_machine.6bf896dc-0c7e-47aa-8e27-893b368c36c3@group-B82672A8DD5C
2020-11-19 23:06:14,614 [Command processor thread] INFO  commandhandler.CreatePipelineCommandHandler (CreatePipelineCommandHandler.java:handle(106)) - Created Pipeline RATIS THREE PipelineID=fdc5f4db-202c-4d59-af6b-b82672a8dd5c.
2020-11-19 23:06:14,654 [Command processor thread] INFO  impl.RaftServerProxy (RaftServerProxy.java:addNew(92)) - 9f966428-d7f2-4238-96c8-d38b7223cc05: addNew group-6956E16FFAC2:[9f966428-d7f2-4238-96c8-d38b7223cc05:172.17.0.2:38281:0] returns group-6956E16FFAC2:java.util.concurrent.CompletableFuture@18464ba7[Not completed]
2020-11-19 23:06:14,655 [pool-191-thread-1] INFO  impl.RaftServerImpl (RaftServerImpl.java:<init>(120)) - 9f966428-d7f2-4238-96c8-d38b7223cc05: new RaftServerImpl for group-6956E16FFAC2:[9f966428-d7f2-4238-96c8-d38b7223cc05:172.17.0.2:38281:0] with ContainerStateMachine:uninitialized
2020-11-19 23:06:14,655 [pool-191-thread-1] INFO  server.RaftServerConfigKeys (ConfUtils.java:logGet(44)) - raft.server.rpc.timeout.min = 5s (custom)
2020-11-19 23:06:14,655 [pool-191-thread-1] INFO  server.RaftServerConfigKeys (ConfUtils.java:logGet(44)) - raft.server.rpc.timeout.max = 5200ms (custom)
2020-11-19 23:06:14,655 [pool-191-thread-1] INFO  server.RaftServerConfigKeys (ConfUtils.java:logGet(44)) - raft.server.rpcslowness.timeout = 300s (custom)
2020-11-19 23:06:14,655 [pool-191-thread-1] INFO  server.RaftServerConfigKeys (ConfUtils.java:logGet(44)) - raft.server.sleep.deviation.threshold = 300 (default)
2020-11-19 23:06:14,655 [pool-191-thread-1] INFO  server.RaftServerConfigKeys (ConfUtils.java:logGet(44)) - raft.server.log.appender.install.snapshot.enabled = false (custom)
2020-11-19 23:06:14,655 [pool-191-thread-1] INFO  impl.RaftServerImpl (ServerState.java:<init>(104)) - 9f966428-d7f2-4238-96c8-d38b7223cc05@group-6956E16FFAC2: ConfigurationManager, init=-1: [9f966428-d7f2-4238-96c8-d38b7223cc05:172.17.0.2:38281:0], old=null, confs=<EMPTY_MAP>
2020-11-19 23:06:14,655 [pool-191-thread-1] INFO  server.RaftServerConfigKeys (ConfUtils.java:logGet(44)) - raft.server.storage.dir = [/github/workspace/mnt/ozone/hadoop-ozone/integration-test/target/test-dir/MiniOzoneClusterImpl-f63f6e49-a519-49d7-bac2-b5e85396f7e3/datanode-1/data/ratis] (custom)
2020-11-19 23:06:14,655 [pool-191-thread-1] INFO  server.RaftServerConfigKeys (ConfUtils.java:logGet(44)) - raft.server.log.corruption.policy = EXCEPTION (default)
2020-11-19 23:06:14,655 [pool-191-thread-1] INFO  storage.RaftStorageDirectory (RaftStorageDirectory.java:analyzeStorage(261)) - The storage directory /github/workspace/mnt/ozone/hadoop-ozone/integration-test/target/test-dir/MiniOzoneClusterImpl-f63f6e49-a519-49d7-bac2-b5e85396f7e3/datanode-1/data/ratis/43e84f6c-983c-48d6-8fd5-6956e16ffac2 does not exist. Creating ...
2020-11-19 23:06:14,656 [pool-191-thread-1] INFO  storage.RaftStorageDirectory (RaftStorageDirectory.java:tryLock(343)) - Lock on /github/workspace/mnt/ozone/hadoop-ozone/integration-test/target/test-dir/MiniOzoneClusterImpl-f63f6e49-a519-49d7-bac2-b5e85396f7e3/datanode-1/data/ratis/43e84f6c-983c-48d6-8fd5-6956e16ffac2/in_use.lock acquired by nodename 14728@3a6e21f0ed7d
2020-11-19 23:06:14,658 [pool-191-thread-1] INFO  storage.RaftStorage (RaftStorage.java:format(84)) - Storage directory /github/workspace/mnt/ozone/hadoop-ozone/integration-test/target/test-dir/MiniOzoneClusterImpl-f63f6e49-a519-49d7-bac2-b5e85396f7e3/datanode-1/data/ratis/43e84f6c-983c-48d6-8fd5-6956e16ffac2 has been successfully formatted.
2020-11-19 23:06:14,658 [pool-191-thread-1] INFO  ratis.ContainerStateMachine (ContainerStateMachine.java:loadSnapshot(225)) - group-6956E16FFAC2: The snapshot info is null. Setting the last applied indexto:(t:0, i:~)
2020-11-19 23:06:14,659 [pool-191-thread-1] INFO  server.RaftServerConfigKeys (ConfUtils.java:logGet(44)) - raft.server.notification.no-leader.timeout = 300s (custom)
2020-11-19 23:06:14,659 [pool-191-thread-1] INFO  server.RaftServerConfigKeys (ConfUtils.java:logGet(44)) - raft.server.log.use.memory = false (default)
2020-11-19 23:06:14,659 [pool-191-thread-1] INFO  server.RaftServerConfigKeys (ConfUtils.java:logGet(44)) - raft.server.log.purge.gap = 1000000 (custom)
2020-11-19 23:06:14,659 [EventQueue-PipelineReportForOneReplicaPipelineSafeModeRule] INFO  safemode.SCMSafeModeManager (SCMSafeModeManager.java:validateSafeModeExitRules(214)) - AtleastOneDatanodeReportedRule rule is successfully validated
2020-11-19 23:06:14,659 [EventQueue-PipelineReportForPipelineReportHandler] INFO  pipeline.PipelineStateManager (PipelineStateManager.java:openPipeline(132)) - Pipeline Pipeline[ Id: 43e84f6c-983c-48d6-8fd5-6956e16ffac2, Nodes: 9f966428-d7f2-4238-96c8-d38b7223cc05{ip: 172.17.0.2, host: 3a6e21f0ed7d, networkLocation: /default-rack, certSerialId: null}, Type:RATIS, Factor:ONE, State:ALLOCATED, leaderId:9f966428-d7f2-4238-96c8-d38b7223cc05, CreationTimestamp2020-11-19T23:06:11.656Z] moved to OPEN state
2020-11-19 23:06:14,660 [pool-191-thread-1] INFO  metrics.RatisMetrics (RatisMetrics.java:lambda$create$0(36)) - Creating Metrics Registry : ratis.log_worker.9f966428-d7f2-4238-96c8-d38b7223cc05@group-6956E16FFAC2
2020-11-19 23:06:14,660 [EventQueue-OpenPipelineForHealthyPipelineSafeModeRule] INFO  safemode.SCMSafeModeManager (HealthyPipelineSafeModeRule.java:process(128)) - SCM in safe mode. Healthy pipelines reported count is 0, required healthy pipeline reported count is 1
2020-11-19 23:06:14,660 [pool-191-thread-1] INFO  server.RaftServerConfigKeys (ConfUtils.java:logGet(44)) - raft.server.log.appender.buffer.byte-limit = 33554432 (custom)
2020-11-19 23:06:14,660 [pool-191-thread-1] INFO  server.RaftServerConfigKeys (ConfUtils.java:logGet(44)) - raft.server.log.segment.size.max = 1048576 (custom)
2020-11-19 23:06:14,661 [pool-191-thread-1] INFO  server.RaftServerConfigKeys (ConfUtils.java:logGet(44)) - raft.server.log.segment.cache.num.max = 2 (custom)
2020-11-19 23:06:14,661 [pool-191-thread-1] INFO  segmented.SegmentedRaftLogWorker (SegmentedRaftLogWorker.java:<init>(180)) - new 9f966428-d7f2-4238-96c8-d38b7223cc05@group-6956E16FFAC2-SegmentedRaftLogWorker for RaftStorage:Storage Directory /github/workspace/mnt/ozone/hadoop-ozone/integration-test/target/test-dir/MiniOzoneClusterImpl-f63f6e49-a519-49d7-bac2-b5e85396f7e3/datanode-1/data/ratis/43e84f6c-983c-48d6-8fd5-6956e16ffac2
2020-11-19 23:06:14,661 [pool-191-thread-1] INFO  server.RaftServerConfigKeys (ConfUtils.java:logGet(44)) - raft.server.log.queue.byte-limit = 2147483647 (custom)
2020-11-19 23:06:14,661 [pool-191-thread-1] INFO  server.RaftServerConfigKeys (ConfUtils.java:logGet(44)) - raft.server.log.queue.element-limit = 1024 (custom)
2020-11-19 23:06:14,661 [pool-191-thread-1] INFO  server.RaftServerConfigKeys (ConfUtils.java:logGet(44)) - raft.server.log.segment.size.max = 1048576 (custom)
2020-11-19 23:06:14,661 [pool-191-thread-1] INFO  server.RaftServerConfigKeys (ConfUtils.java:logGet(44)) - raft.server.log.preallocated.size = 16384 (custom)
2020-11-19 23:06:14,661 [pool-191-thread-1] INFO  server.RaftServerConfigKeys (ConfUtils.java:logGet(44)) - raft.server.log.write.buffer.size = 1048576 (custom)
2020-11-19 23:06:14,661 [pool-191-thread-1] INFO  server.RaftServerConfigKeys (ConfUtils.java:logGet(44)) - raft.server.log.force.sync.num = 128 (default)
2020-11-19 23:06:14,661 [pool-191-thread-1] INFO  server.RaftServerConfigKeys (ConfUtils.java:logGet(44)) - raft.server.log.statemachine.data.sync = true (default)
2020-11-19 23:06:14,662 [pool-191-thread-1] INFO  server.RaftServerConfigKeys (ConfUtils.java:logGet(44)) - raft.server.log.statemachine.data.sync.timeout = 10s (default)
2020-11-19 23:06:14,662 [pool-191-thread-1] INFO  server.RaftServerConfigKeys (ConfUtils.java:logGet(44)) - raft.server.log.statemachine.data.sync.timeout.retry = -1 (default)
2020-11-19 23:06:14,664 [pool-191-thread-1] INFO  server.RaftServerConfigKeys (ConfUtils.java:logGet(44)) - raft.server.log.statemachine.data.caching.enabled = true (custom)
2020-11-19 23:06:14,664 [pool-191-thread-1] INFO  segmented.SegmentedRaftLogWorker (SegmentedRaftLogWorker.java:lambda$new$0(129)) - 9f966428-d7f2-4238-96c8-d38b7223cc05@group-6956E16FFAC2-SegmentedRaftLogWorker: flushIndex: setUnconditionally 0 -> -1
2020-11-19 23:06:14,664 [pool-191-thread-1] INFO  segmented.SegmentedRaftLogWorker (SegmentedRaftLogWorker.java:lambda$new$0(129)) - 9f966428-d7f2-4238-96c8-d38b7223cc05@group-6956E16FFAC2-SegmentedRaftLogWorker: safeCacheEvictIndex: setUnconditionally 0 -> -1
2020-11-19 23:06:14,664 [pool-191-thread-1] INFO  server.RaftServerConfigKeys (ConfUtils.java:logGet(44)) - raft.server.snapshot.auto.trigger.enabled = true (custom)
2020-11-19 23:06:14,664 [pool-191-thread-1] INFO  server.RaftServerConfigKeys (ConfUtils.java:logGet(44)) - raft.server.snapshot.auto.trigger.threshold = 10000 (custom)
2020-11-19 23:06:14,664 [pool-191-thread-1] INFO  server.RaftServerConfigKeys (ConfUtils.java:logGet(44)) - raft.server.snapshot.retention.file.num = 5 (custom)
2020-11-19 23:06:14,665 [pool-191-thread-1] INFO  server.RaftServerConfigKeys (ConfUtils.java:logGet(44)) - raft.server.log.purge.upto.snapshot.index = false (default)
2020-11-19 23:06:14,665 [pool-191-thread-1] INFO  server.RaftServerConfigKeys (ConfUtils.java:logGet(44)) - raft.server.retrycache.expirytime = 600000ms (custom)
2020-11-19 23:06:14,665 [pool-191-thread-1] INFO  metrics.RatisMetrics (RatisMetrics.java:lambda$create$0(36)) - Creating Metrics Registry : ratis.leader_election.9f966428-d7f2-4238-96c8-d38b7223cc05@group-6956E16FFAC2
2020-11-19 23:06:14,665 [pool-191-thread-1] INFO  metrics.RatisMetrics (RatisMetrics.java:lambda$create$0(36)) - Creating Metrics Registry : ratis.server.9f966428-d7f2-4238-96c8-d38b7223cc05@group-6956E16FFAC2
2020-11-19 23:06:14,666 [pool-191-thread-1] INFO  impl.RaftServerImpl (RaftServerImpl.java:start(209)) - 9f966428-d7f2-4238-96c8-d38b7223cc05@group-6956E16FFAC2: start as a follower, conf=-1: [9f966428-d7f2-4238-96c8-d38b7223cc05:172.17.0.2:38281:0], old=null
2020-11-19 23:06:14,666 [pool-191-thread-1] INFO  impl.RaftServerImpl (RaftServerImpl.java:setRole(198)) - 9f966428-d7f2-4238-96c8-d38b7223cc05@group-6956E16FFAC2: changes role from      null to FOLLOWER at term 0 for startAsFollower
2020-11-19 23:06:14,666 [pool-191-thread-1] INFO  impl.RoleInfo (RoleInfo.java:updateAndGet(143)) - 9f966428-d7f2-4238-96c8-d38b7223cc05: start FollowerState
2020-11-19 23:06:14,667 [pool-191-thread-1] INFO  util.JmxRegister (JmxRegister.java:tryRegister(44)) - Successfully registered JMX Bean with object name Ratis:service=RaftServer,group=group-6956E16FFAC2,id=9f966428-d7f2-4238-96c8-d38b7223cc05
2020-11-19 23:06:14,667 [pool-191-thread-1] INFO  metrics.RatisMetrics (RatisMetrics.java:lambda$create$0(36)) - Creating Metrics Registry : ratis.state_machine.9f966428-d7f2-4238-96c8-d38b7223cc05@group-6956E16FFAC2
2020-11-19 23:06:14,668 [Command processor thread] INFO  commandhandler.CreatePipelineCommandHandler (CreatePipelineCommandHandler.java:handle(106)) - Created Pipeline RATIS ONE PipelineID=43e84f6c-983c-48d6-8fd5-6956e16ffac2.
2020-11-19 23:06:14,848 [Command processor thread] INFO  impl.RaftServerProxy (RaftServerProxy.java:addNew(92)) - 6bf896dc-0c7e-47aa-8e27-893b368c36c3: addNew group-FC1E27C19D57:[6bf896dc-0c7e-47aa-8e27-893b368c36c3:172.17.0.2:45367:0] returns group-FC1E27C19D57:java.util.concurrent.CompletableFuture@6834945d[Not completed]
2020-11-19 23:06:14,850 [pool-207-thread-1] INFO  impl.RaftServerImpl (RaftServerImpl.java:<init>(120)) - 6bf896dc-0c7e-47aa-8e27-893b368c36c3: new RaftServerImpl for group-FC1E27C19D57:[6bf896dc-0c7e-47aa-8e27-893b368c36c3:172.17.0.2:45367:0] with ContainerStateMachine:uninitialized
2020-11-19 23:06:14,850 [pool-207-thread-1] INFO  server.RaftServerConfigKeys (ConfUtils.java:logGet(44)) - raft.server.rpc.timeout.min = 5s (custom)
2020-11-19 23:06:14,850 [pool-207-thread-1] INFO  server.RaftServerConfigKeys (ConfUtils.java:logGet(44)) - raft.server.rpc.timeout.max = 5200ms (custom)
2020-11-19 23:06:14,850 [pool-207-thread-1] INFO  server.RaftServerConfigKeys (ConfUtils.java:logGet(44)) - raft.server.rpcslowness.timeout = 300s (custom)
2020-11-19 23:06:14,851 [pool-207-thread-1] INFO  server.RaftServerConfigKeys (ConfUtils.java:logGet(44)) - raft.server.sleep.deviation.threshold = 300 (default)
2020-11-19 23:06:14,851 [pool-207-thread-1] INFO  server.RaftServerConfigKeys (ConfUtils.java:logGet(44)) - raft.server.log.appender.install.snapshot.enabled = false (custom)
2020-11-19 23:06:14,851 [pool-207-thread-1] INFO  impl.RaftServerImpl (ServerState.java:<init>(104)) - 6bf896dc-0c7e-47aa-8e27-893b368c36c3@group-FC1E27C19D57: ConfigurationManager, init=-1: [6bf896dc-0c7e-47aa-8e27-893b368c36c3:172.17.0.2:45367:0], old=null, confs=<EMPTY_MAP>
2020-11-19 23:06:14,851 [pool-207-thread-1] INFO  server.RaftServerConfigKeys (ConfUtils.java:logGet(44)) - raft.server.storage.dir = [/github/workspace/mnt/ozone/hadoop-ozone/integration-test/target/test-dir/MiniOzoneClusterImpl-f63f6e49-a519-49d7-bac2-b5e85396f7e3/datanode-2/data/ratis] (custom)
2020-11-19 23:06:14,852 [pool-207-thread-1] INFO  server.RaftServerConfigKeys (ConfUtils.java:logGet(44)) - raft.server.log.corruption.policy = EXCEPTION (default)
2020-11-19 23:06:14,852 [pool-207-thread-1] INFO  storage.RaftStorageDirectory (RaftStorageDirectory.java:analyzeStorage(261)) - The storage directory /github/workspace/mnt/ozone/hadoop-ozone/integration-test/target/test-dir/MiniOzoneClusterImpl-f63f6e49-a519-49d7-bac2-b5e85396f7e3/datanode-2/data/ratis/5b4b05b8-f670-4c35-94ff-fc1e27c19d57 does not exist. Creating ...
2020-11-19 23:06:14,853 [pool-207-thread-1] INFO  storage.RaftStorageDirectory (RaftStorageDirectory.java:tryLock(343)) - Lock on /github/workspace/mnt/ozone/hadoop-ozone/integration-test/target/test-dir/MiniOzoneClusterImpl-f63f6e49-a519-49d7-bac2-b5e85396f7e3/datanode-2/data/ratis/5b4b05b8-f670-4c35-94ff-fc1e27c19d57/in_use.lock acquired by nodename 14728@3a6e21f0ed7d
2020-11-19 23:06:14,855 [pool-207-thread-1] INFO  storage.RaftStorage (RaftStorage.java:format(84)) - Storage directory /github/workspace/mnt/ozone/hadoop-ozone/integration-test/target/test-dir/MiniOzoneClusterImpl-f63f6e49-a519-49d7-bac2-b5e85396f7e3/datanode-2/data/ratis/5b4b05b8-f670-4c35-94ff-fc1e27c19d57 has been successfully formatted.
2020-11-19 23:06:14,855 [pool-207-thread-1] INFO  ratis.ContainerStateMachine (ContainerStateMachine.java:loadSnapshot(225)) - group-FC1E27C19D57: The snapshot info is null. Setting the last applied indexto:(t:0, i:~)
2020-11-19 23:06:14,855 [pool-207-thread-1] INFO  server.RaftServerConfigKeys (ConfUtils.java:logGet(44)) - raft.server.notification.no-leader.timeout = 300s (custom)
2020-11-19 23:06:14,855 [pool-207-thread-1] INFO  server.RaftServerConfigKeys (ConfUtils.java:logGet(44)) - raft.server.log.use.memory = false (default)
2020-11-19 23:06:14,855 [pool-207-thread-1] INFO  server.RaftServerConfigKeys (ConfUtils.java:logGet(44)) - raft.server.log.purge.gap = 1000000 (custom)
2020-11-19 23:06:14,857 [EventQueue-PipelineReportForPipelineReportHandler] INFO  pipeline.PipelineStateManager (PipelineStateManager.java:openPipeline(132)) - Pipeline Pipeline[ Id: 5b4b05b8-f670-4c35-94ff-fc1e27c19d57, Nodes: 6bf896dc-0c7e-47aa-8e27-893b368c36c3{ip: 172.17.0.2, host: 3a6e21f0ed7d, networkLocation: /default-rack, certSerialId: null}, Type:RATIS, Factor:ONE, State:ALLOCATED, leaderId:6bf896dc-0c7e-47aa-8e27-893b368c36c3, CreationTimestamp2020-11-19T23:06:11.849Z] moved to OPEN state
2020-11-19 23:06:14,857 [EventQueue-OpenPipelineForHealthyPipelineSafeModeRule] INFO  safemode.SCMSafeModeManager (HealthyPipelineSafeModeRule.java:process(128)) - SCM in safe mode. Healthy pipelines reported count is 0, required healthy pipeline reported count is 1
2020-11-19 23:06:14,856 [EventQueue-PipelineReportForOneReplicaPipelineSafeModeRule] INFO  safemode.SCMSafeModeManager (SCMSafeModeManager.java:validateSafeModeExitRules(214)) - AtleastOneDatanodeReportedRule rule is successfully validated
2020-11-19 23:06:14,858 [pool-207-thread-1] INFO  metrics.RatisMetrics (RatisMetrics.java:lambda$create$0(36)) - Creating Metrics Registry : ratis.log_worker.6bf896dc-0c7e-47aa-8e27-893b368c36c3@group-FC1E27C19D57
2020-11-19 23:06:14,858 [pool-207-thread-1] INFO  server.RaftServerConfigKeys (ConfUtils.java:logGet(44)) - raft.server.log.appender.buffer.byte-limit = 33554432 (custom)
2020-11-19 23:06:14,858 [pool-207-thread-1] INFO  server.RaftServerConfigKeys (ConfUtils.java:logGet(44)) - raft.server.log.segment.size.max = 1048576 (custom)
2020-11-19 23:06:14,859 [pool-207-thread-1] INFO  server.RaftServerConfigKeys (ConfUtils.java:logGet(44)) - raft.server.log.segment.cache.num.max = 2 (custom)
2020-11-19 23:06:14,859 [pool-207-thread-1] INFO  segmented.SegmentedRaftLogWorker (SegmentedRaftLogWorker.java:<init>(180)) - new 6bf896dc-0c7e-47aa-8e27-893b368c36c3@group-FC1E27C19D57-SegmentedRaftLogWorker for RaftStorage:Storage Directory /github/workspace/mnt/ozone/hadoop-ozone/integration-test/target/test-dir/MiniOzoneClusterImpl-f63f6e49-a519-49d7-bac2-b5e85396f7e3/datanode-2/data/ratis/5b4b05b8-f670-4c35-94ff-fc1e27c19d57
2020-11-19 23:06:14,859 [pool-207-thread-1] INFO  server.RaftServerConfigKeys (ConfUtils.java:logGet(44)) - raft.server.log.queue.byte-limit = 2147483647 (custom)
2020-11-19 23:06:14,859 [pool-207-thread-1] INFO  server.RaftServerConfigKeys (ConfUtils.java:logGet(44)) - raft.server.log.queue.element-limit = 1024 (custom)
2020-11-19 23:06:14,859 [pool-207-thread-1] INFO  server.RaftServerConfigKeys (ConfUtils.java:logGet(44)) - raft.server.log.segment.size.max = 1048576 (custom)
2020-11-19 23:06:14,859 [pool-207-thread-1] INFO  server.RaftServerConfigKeys (ConfUtils.java:logGet(44)) - raft.server.log.preallocated.size = 16384 (custom)
2020-11-19 23:06:14,859 [pool-207-thread-1] INFO  server.RaftServerConfigKeys (ConfUtils.java:logGet(44)) - raft.server.log.write.buffer.size = 1048576 (custom)
2020-11-19 23:06:14,859 [pool-207-thread-1] INFO  server.RaftServerConfigKeys (ConfUtils.java:logGet(44)) - raft.server.log.force.sync.num = 128 (default)
2020-11-19 23:06:14,859 [pool-207-thread-1] INFO  server.RaftServerConfigKeys (ConfUtils.java:logGet(44)) - raft.server.log.statemachine.data.sync = true (default)
2020-11-19 23:06:14,860 [pool-207-thread-1] INFO  server.RaftServerConfigKeys (ConfUtils.java:logGet(44)) - raft.server.log.statemachine.data.sync.timeout = 10s (default)
2020-11-19 23:06:14,860 [pool-207-thread-1] INFO  server.RaftServerConfigKeys (ConfUtils.java:logGet(44)) - raft.server.log.statemachine.data.sync.timeout.retry = -1 (default)
2020-11-19 23:06:14,862 [pool-207-thread-1] INFO  server.RaftServerConfigKeys (ConfUtils.java:logGet(44)) - raft.server.log.statemachine.data.caching.enabled = true (custom)
2020-11-19 23:06:14,862 [pool-207-thread-1] INFO  segmented.SegmentedRaftLogWorker (SegmentedRaftLogWorker.java:lambda$new$0(129)) - 6bf896dc-0c7e-47aa-8e27-893b368c36c3@group-FC1E27C19D57-SegmentedRaftLogWorker: flushIndex: setUnconditionally 0 -> -1
2020-11-19 23:06:14,863 [pool-207-thread-1] INFO  segmented.SegmentedRaftLogWorker (SegmentedRaftLogWorker.java:lambda$new$0(129)) - 6bf896dc-0c7e-47aa-8e27-893b368c36c3@group-FC1E27C19D57-SegmentedRaftLogWorker: safeCacheEvictIndex: setUnconditionally 0 -> -1
2020-11-19 23:06:14,865 [pool-207-thread-1] INFO  server.RaftServerConfigKeys (ConfUtils.java:logGet(44)) - raft.server.snapshot.auto.trigger.enabled = true (custom)
2020-11-19 23:06:14,866 [pool-207-thread-1] INFO  server.RaftServerConfigKeys (ConfUtils.java:logGet(44)) - raft.server.snapshot.auto.trigger.threshold = 10000 (custom)
2020-11-19 23:06:14,866 [pool-207-thread-1] INFO  server.RaftServerConfigKeys (ConfUtils.java:logGet(44)) - raft.server.snapshot.retention.file.num = 5 (custom)
2020-11-19 23:06:14,866 [pool-207-thread-1] INFO  server.RaftServerConfigKeys (ConfUtils.java:logGet(44)) - raft.server.log.purge.upto.snapshot.index = false (default)
2020-11-19 23:06:14,866 [pool-207-thread-1] INFO  server.RaftServerConfigKeys (ConfUtils.java:logGet(44)) - raft.server.retrycache.expirytime = 600000ms (custom)
2020-11-19 23:06:14,866 [pool-207-thread-1] INFO  metrics.RatisMetrics (RatisMetrics.java:lambda$create$0(36)) - Creating Metrics Registry : ratis.leader_election.6bf896dc-0c7e-47aa-8e27-893b368c36c3@group-FC1E27C19D57
2020-11-19 23:06:14,867 [pool-207-thread-1] INFO  metrics.RatisMetrics (RatisMetrics.java:lambda$create$0(36)) - Creating Metrics Registry : ratis.server.6bf896dc-0c7e-47aa-8e27-893b368c36c3@group-FC1E27C19D57
2020-11-19 23:06:14,868 [pool-207-thread-1] INFO  impl.RaftServerImpl (RaftServerImpl.java:start(209)) - 6bf896dc-0c7e-47aa-8e27-893b368c36c3@group-FC1E27C19D57: start as a follower, conf=-1: [6bf896dc-0c7e-47aa-8e27-893b368c36c3:172.17.0.2:45367:0], old=null
2020-11-19 23:06:14,868 [pool-207-thread-1] INFO  impl.RaftServerImpl (RaftServerImpl.java:setRole(198)) - 6bf896dc-0c7e-47aa-8e27-893b368c36c3@group-FC1E27C19D57: changes role from      null to FOLLOWER at term 0 for startAsFollower
2020-11-19 23:06:14,868 [pool-207-thread-1] INFO  impl.RoleInfo (RoleInfo.java:updateAndGet(143)) - 6bf896dc-0c7e-47aa-8e27-893b368c36c3: start FollowerState
2020-11-19 23:06:14,875 [pool-207-thread-1] INFO  util.JmxRegister (JmxRegister.java:tryRegister(44)) - Successfully registered JMX Bean with object name Ratis:service=RaftServer,group=group-FC1E27C19D57,id=6bf896dc-0c7e-47aa-8e27-893b368c36c3
2020-11-19 23:06:14,875 [pool-207-thread-1] INFO  metrics.RatisMetrics (RatisMetrics.java:lambda$create$0(36)) - Creating Metrics Registry : ratis.state_machine.6bf896dc-0c7e-47aa-8e27-893b368c36c3@group-FC1E27C19D57
2020-11-19 23:06:14,876 [Command processor thread] INFO  commandhandler.CreatePipelineCommandHandler (CreatePipelineCommandHandler.java:handle(106)) - Created Pipeline RATIS ONE PipelineID=5b4b05b8-f670-4c35-94ff-fc1e27c19d57.
2020-11-19 23:06:15,041 [Command processor thread] INFO  impl.RaftServerProxy (RaftServerProxy.java:addNew(92)) - 67c52a13-b7bf-4abc-b54b-1f6b70eea5b8: addNew group-FCBDC99ABA6C:[67c52a13-b7bf-4abc-b54b-1f6b70eea5b8:172.17.0.2:42385:0] returns group-FCBDC99ABA6C:java.util.concurrent.CompletableFuture@505c54fe[Not completed]
2020-11-19 23:06:15,043 [pool-222-thread-1] INFO  impl.RaftServerImpl (RaftServerImpl.java:<init>(120)) - 67c52a13-b7bf-4abc-b54b-1f6b70eea5b8: new RaftServerImpl for group-FCBDC99ABA6C:[67c52a13-b7bf-4abc-b54b-1f6b70eea5b8:172.17.0.2:42385:0] with ContainerStateMachine:uninitialized
2020-11-19 23:06:15,043 [pool-222-thread-1] INFO  server.RaftServerConfigKeys (ConfUtils.java:logGet(44)) - raft.server.rpc.timeout.min = 5s (custom)
2020-11-19 23:06:15,043 [pool-222-thread-1] INFO  server.RaftServerConfigKeys (ConfUtils.java:logGet(44)) - raft.server.rpc.timeout.max = 5200ms (custom)
2020-11-19 23:06:15,043 [pool-222-thread-1] INFO  server.RaftServerConfigKeys (ConfUtils.java:logGet(44)) - raft.server.rpcslowness.timeout = 300s (custom)
2020-11-19 23:06:15,043 [pool-222-thread-1] INFO  server.RaftServerConfigKeys (ConfUtils.java:logGet(44)) - raft.server.sleep.deviation.threshold = 300 (default)
2020-11-19 23:06:15,043 [pool-222-thread-1] INFO  server.RaftServerConfigKeys (ConfUtils.java:logGet(44)) - raft.server.log.appender.install.snapshot.enabled = false (custom)
2020-11-19 23:06:15,044 [pool-222-thread-1] INFO  impl.RaftServerImpl (ServerState.java:<init>(104)) - 67c52a13-b7bf-4abc-b54b-1f6b70eea5b8@group-FCBDC99ABA6C: ConfigurationManager, init=-1: [67c52a13-b7bf-4abc-b54b-1f6b70eea5b8:172.17.0.2:42385:0], old=null, confs=<EMPTY_MAP>
2020-11-19 23:06:15,044 [pool-222-thread-1] INFO  server.RaftServerConfigKeys (ConfUtils.java:logGet(44)) - raft.server.storage.dir = [/github/workspace/mnt/ozone/hadoop-ozone/integration-test/target/test-dir/MiniOzoneClusterImpl-f63f6e49-a519-49d7-bac2-b5e85396f7e3/datanode-3/data/ratis] (custom)
2020-11-19 23:06:15,044 [pool-222-thread-1] INFO  server.RaftServerConfigKeys (ConfUtils.java:logGet(44)) - raft.server.log.corruption.policy = EXCEPTION (default)
2020-11-19 23:06:15,044 [pool-222-thread-1] INFO  storage.RaftStorageDirectory (RaftStorageDirectory.java:analyzeStorage(261)) - The storage directory /github/workspace/mnt/ozone/hadoop-ozone/integration-test/target/test-dir/MiniOzoneClusterImpl-f63f6e49-a519-49d7-bac2-b5e85396f7e3/datanode-3/data/ratis/c1ecf972-59dc-47f3-a35b-fcbdc99aba6c does not exist. Creating ...
2020-11-19 23:06:15,045 [pool-222-thread-1] INFO  storage.RaftStorageDirectory (RaftStorageDirectory.java:tryLock(343)) - Lock on /github/workspace/mnt/ozone/hadoop-ozone/integration-test/target/test-dir/MiniOzoneClusterImpl-f63f6e49-a519-49d7-bac2-b5e85396f7e3/datanode-3/data/ratis/c1ecf972-59dc-47f3-a35b-fcbdc99aba6c/in_use.lock acquired by nodename 14728@3a6e21f0ed7d
2020-11-19 23:06:15,047 [pool-222-thread-1] INFO  storage.RaftStorage (RaftStorage.java:format(84)) - Storage directory /github/workspace/mnt/ozone/hadoop-ozone/integration-test/target/test-dir/MiniOzoneClusterImpl-f63f6e49-a519-49d7-bac2-b5e85396f7e3/datanode-3/data/ratis/c1ecf972-59dc-47f3-a35b-fcbdc99aba6c has been successfully formatted.
2020-11-19 23:06:15,047 [pool-222-thread-1] INFO  ratis.ContainerStateMachine (ContainerStateMachine.java:loadSnapshot(225)) - group-FCBDC99ABA6C: The snapshot info is null. Setting the last applied indexto:(t:0, i:~)
2020-11-19 23:06:15,047 [pool-222-thread-1] INFO  server.RaftServerConfigKeys (ConfUtils.java:logGet(44)) - raft.server.notification.no-leader.timeout = 300s (custom)
2020-11-19 23:06:15,048 [pool-222-thread-1] INFO  server.RaftServerConfigKeys (ConfUtils.java:logGet(44)) - raft.server.log.use.memory = false (default)
2020-11-19 23:06:15,048 [pool-222-thread-1] INFO  server.RaftServerConfigKeys (ConfUtils.java:logGet(44)) - raft.server.log.purge.gap = 1000000 (custom)
2020-11-19 23:06:15,048 [pool-222-thread-1] INFO  metrics.RatisMetrics (RatisMetrics.java:lambda$create$0(36)) - Creating Metrics Registry : ratis.log_worker.67c52a13-b7bf-4abc-b54b-1f6b70eea5b8@group-FCBDC99ABA6C
2020-11-19 23:06:15,048 [pool-222-thread-1] INFO  server.RaftServerConfigKeys (ConfUtils.java:logGet(44)) - raft.server.log.appender.buffer.byte-limit = 33554432 (custom)
2020-11-19 23:06:15,048 [pool-222-thread-1] INFO  server.RaftServerConfigKeys (ConfUtils.java:logGet(44)) - raft.server.log.segment.size.max = 1048576 (custom)
2020-11-19 23:06:15,048 [EventQueue-PipelineReportForPipelineReportHandler] INFO  pipeline.PipelineStateManager (PipelineStateManager.java:openPipeline(132)) - Pipeline Pipeline[ Id: c1ecf972-59dc-47f3-a35b-fcbdc99aba6c, Nodes: 67c52a13-b7bf-4abc-b54b-1f6b70eea5b8{ip: 172.17.0.2, host: 3a6e21f0ed7d, networkLocation: /default-rack, certSerialId: null}, Type:RATIS, Factor:ONE, State:ALLOCATED, leaderId:67c52a13-b7bf-4abc-b54b-1f6b70eea5b8, CreationTimestamp2020-11-19T23:06:12.043Z] moved to OPEN state
2020-11-19 23:06:15,049 [pool-222-thread-1] INFO  server.RaftServerConfigKeys (ConfUtils.java:logGet(44)) - raft.server.log.segment.cache.num.max = 2 (custom)
2020-11-19 23:06:15,049 [pool-222-thread-1] INFO  segmented.SegmentedRaftLogWorker (SegmentedRaftLogWorker.java:<init>(180)) - new 67c52a13-b7bf-4abc-b54b-1f6b70eea5b8@group-FCBDC99ABA6C-SegmentedRaftLogWorker for RaftStorage:Storage Directory /github/workspace/mnt/ozone/hadoop-ozone/integration-test/target/test-dir/MiniOzoneClusterImpl-f63f6e49-a519-49d7-bac2-b5e85396f7e3/datanode-3/data/ratis/c1ecf972-59dc-47f3-a35b-fcbdc99aba6c
2020-11-19 23:06:15,049 [pool-222-thread-1] INFO  server.RaftServerConfigKeys (ConfUtils.java:logGet(44)) - raft.server.log.queue.byte-limit = 2147483647 (custom)
2020-11-19 23:06:15,049 [EventQueue-PipelineReportForOneReplicaPipelineSafeModeRule] INFO  safemode.SCMSafeModeManager (SCMSafeModeManager.java:validateSafeModeExitRules(214)) - AtleastOneDatanodeReportedRule rule is successfully validated
2020-11-19 23:06:15,049 [pool-222-thread-1] INFO  server.RaftServerConfigKeys (ConfUtils.java:logGet(44)) - raft.server.log.queue.element-limit = 1024 (custom)
2020-11-19 23:06:15,049 [pool-222-thread-1] INFO  server.RaftServerConfigKeys (ConfUtils.java:logGet(44)) - raft.server.log.segment.size.max = 1048576 (custom)
2020-11-19 23:06:15,049 [EventQueue-OpenPipelineForHealthyPipelineSafeModeRule] INFO  safemode.SCMSafeModeManager (HealthyPipelineSafeModeRule.java:process(128)) - SCM in safe mode. Healthy pipelines reported count is 0, required healthy pipeline reported count is 1
2020-11-19 23:06:15,050 [pool-222-thread-1] INFO  server.RaftServerConfigKeys (ConfUtils.java:logGet(44)) - raft.server.log.preallocated.size = 16384 (custom)
2020-11-19 23:06:15,050 [pool-222-thread-1] INFO  server.RaftServerConfigKeys (ConfUtils.java:logGet(44)) - raft.server.log.write.buffer.size = 1048576 (custom)
2020-11-19 23:06:15,050 [pool-222-thread-1] INFO  server.RaftServerConfigKeys (ConfUtils.java:logGet(44)) - raft.server.log.force.sync.num = 128 (default)
2020-11-19 23:06:15,050 [pool-222-thread-1] INFO  server.RaftServerConfigKeys (ConfUtils.java:logGet(44)) - raft.server.log.statemachine.data.sync = true (default)
2020-11-19 23:06:15,050 [pool-222-thread-1] INFO  server.RaftServerConfigKeys (ConfUtils.java:logGet(44)) - raft.server.log.statemachine.data.sync.timeout = 10s (default)
2020-11-19 23:06:15,050 [pool-222-thread-1] INFO  server.RaftServerConfigKeys (ConfUtils.java:logGet(44)) - raft.server.log.statemachine.data.sync.timeout.retry = -1 (default)
2020-11-19 23:06:15,052 [pool-222-thread-1] INFO  server.RaftServerConfigKeys (ConfUtils.java:logGet(44)) - raft.server.log.statemachine.data.caching.enabled = true (custom)
2020-11-19 23:06:15,052 [pool-222-thread-1] INFO  segmented.SegmentedRaftLogWorker (SegmentedRaftLogWorker.java:lambda$new$0(129)) - 67c52a13-b7bf-4abc-b54b-1f6b70eea5b8@group-FCBDC99ABA6C-SegmentedRaftLogWorker: flushIndex: setUnconditionally 0 -> -1
2020-11-19 23:06:15,052 [pool-222-thread-1] INFO  segmented.SegmentedRaftLogWorker (SegmentedRaftLogWorker.java:lambda$new$0(129)) - 67c52a13-b7bf-4abc-b54b-1f6b70eea5b8@group-FCBDC99ABA6C-SegmentedRaftLogWorker: safeCacheEvictIndex: setUnconditionally 0 -> -1
2020-11-19 23:06:15,053 [pool-222-thread-1] INFO  server.RaftServerConfigKeys (ConfUtils.java:logGet(44)) - raft.server.snapshot.auto.trigger.enabled = true (custom)
2020-11-19 23:06:15,053 [pool-222-thread-1] INFO  server.RaftServerConfigKeys (ConfUtils.java:logGet(44)) - raft.server.snapshot.auto.trigger.threshold = 10000 (custom)
2020-11-19 23:06:15,053 [pool-222-thread-1] INFO  server.RaftServerConfigKeys (ConfUtils.java:logGet(44)) - raft.server.snapshot.retention.file.num = 5 (custom)
2020-11-19 23:06:15,053 [pool-222-thread-1] INFO  server.RaftServerConfigKeys (ConfUtils.java:logGet(44)) - raft.server.log.purge.upto.snapshot.index = false (default)
2020-11-19 23:06:15,053 [pool-222-thread-1] INFO  server.RaftServerConfigKeys (ConfUtils.java:logGet(44)) - raft.server.retrycache.expirytime = 600000ms (custom)
2020-11-19 23:06:15,053 [pool-222-thread-1] INFO  metrics.RatisMetrics (RatisMetrics.java:lambda$create$0(36)) - Creating Metrics Registry : ratis.leader_election.67c52a13-b7bf-4abc-b54b-1f6b70eea5b8@group-FCBDC99ABA6C
2020-11-19 23:06:15,054 [pool-222-thread-1] INFO  metrics.RatisMetrics (RatisMetrics.java:lambda$create$0(36)) - Creating Metrics Registry : ratis.server.67c52a13-b7bf-4abc-b54b-1f6b70eea5b8@group-FCBDC99ABA6C
2020-11-19 23:06:15,055 [pool-222-thread-1] INFO  impl.RaftServerImpl (RaftServerImpl.java:start(209)) - 67c52a13-b7bf-4abc-b54b-1f6b70eea5b8@group-FCBDC99ABA6C: start as a follower, conf=-1: [67c52a13-b7bf-4abc-b54b-1f6b70eea5b8:172.17.0.2:42385:0], old=null
2020-11-19 23:06:15,055 [pool-222-thread-1] INFO  impl.RaftServerImpl (RaftServerImpl.java:setRole(198)) - 67c52a13-b7bf-4abc-b54b-1f6b70eea5b8@group-FCBDC99ABA6C: changes role from      null to FOLLOWER at term 0 for startAsFollower
2020-11-19 23:06:15,055 [pool-222-thread-1] INFO  impl.RoleInfo (RoleInfo.java:updateAndGet(143)) - 67c52a13-b7bf-4abc-b54b-1f6b70eea5b8: start FollowerState
2020-11-19 23:06:15,055 [pool-222-thread-1] INFO  util.JmxRegister (JmxRegister.java:tryRegister(44)) - Successfully registered JMX Bean with object name Ratis:service=RaftServer,group=group-FCBDC99ABA6C,id=67c52a13-b7bf-4abc-b54b-1f6b70eea5b8
2020-11-19 23:06:15,055 [pool-222-thread-1] INFO  metrics.RatisMetrics (RatisMetrics.java:lambda$create$0(36)) - Creating Metrics Registry : ratis.state_machine.67c52a13-b7bf-4abc-b54b-1f6b70eea5b8@group-FCBDC99ABA6C
2020-11-19 23:06:15,061 [Command processor thread] INFO  commandhandler.CreatePipelineCommandHandler (CreatePipelineCommandHandler.java:handle(106)) - Created Pipeline RATIS ONE PipelineID=c1ecf972-59dc-47f3-a35b-fcbdc99aba6c.
2020-11-19 23:06:15,061 [Command processor thread] INFO  impl.RaftServerProxy (RaftServerProxy.java:addNew(92)) - 67c52a13-b7bf-4abc-b54b-1f6b70eea5b8: addNew group-9F0F3335C145:[e537a7bc-f79b-4a05-8c44-b6b3cb5e8abc:172.17.0.2:34393:0, 67c52a13-b7bf-4abc-b54b-1f6b70eea5b8:172.17.0.2:42385:0, c6fe9ef3-e456-496a-88a6-7c1d0439fa73:172.17.0.2:46487:0] returns group-9F0F3335C145:java.util.concurrent.CompletableFuture@5463da2d[Not completed]
2020-11-19 23:06:15,062 [pool-222-thread-1] INFO  impl.RaftServerImpl (RaftServerImpl.java:<init>(120)) - 67c52a13-b7bf-4abc-b54b-1f6b70eea5b8: new RaftServerImpl for group-9F0F3335C145:[e537a7bc-f79b-4a05-8c44-b6b3cb5e8abc:172.17.0.2:34393:0, 67c52a13-b7bf-4abc-b54b-1f6b70eea5b8:172.17.0.2:42385:0, c6fe9ef3-e456-496a-88a6-7c1d0439fa73:172.17.0.2:46487:0] with ContainerStateMachine:uninitialized
2020-11-19 23:06:15,062 [pool-222-thread-1] INFO  server.RaftServerConfigKeys (ConfUtils.java:logGet(44)) - raft.server.rpc.timeout.min = 5s (custom)
2020-11-19 23:06:15,062 [pool-222-thread-1] INFO  server.RaftServerConfigKeys (ConfUtils.java:logGet(44)) - raft.server.rpc.timeout.max = 5200ms (custom)
2020-11-19 23:06:15,062 [pool-222-thread-1] INFO  server.RaftServerConfigKeys (ConfUtils.java:logGet(44)) - raft.server.rpcslowness.timeout = 300s (custom)
2020-11-19 23:06:15,062 [pool-222-thread-1] INFO  server.RaftServerConfigKeys (ConfUtils.java:logGet(44)) - raft.server.sleep.deviation.threshold = 300 (default)
2020-11-19 23:06:15,062 [pool-222-thread-1] INFO  server.RaftServerConfigKeys (ConfUtils.java:logGet(44)) - raft.server.log.appender.install.snapshot.enabled = false (custom)
2020-11-19 23:06:15,062 [pool-222-thread-1] INFO  impl.RaftServerImpl (ServerState.java:<init>(104)) - 67c52a13-b7bf-4abc-b54b-1f6b70eea5b8@group-9F0F3335C145: ConfigurationManager, init=-1: [e537a7bc-f79b-4a05-8c44-b6b3cb5e8abc:172.17.0.2:34393:0, 67c52a13-b7bf-4abc-b54b-1f6b70eea5b8:172.17.0.2:42385:0, c6fe9ef3-e456-496a-88a6-7c1d0439fa73:172.17.0.2:46487:0], old=null, confs=<EMPTY_MAP>
2020-11-19 23:06:15,062 [pool-222-thread-1] INFO  server.RaftServerConfigKeys (ConfUtils.java:logGet(44)) - raft.server.storage.dir = [/github/workspace/mnt/ozone/hadoop-ozone/integration-test/target/test-dir/MiniOzoneClusterImpl-f63f6e49-a519-49d7-bac2-b5e85396f7e3/datanode-3/data/ratis] (custom)
2020-11-19 23:06:15,063 [pool-222-thread-1] INFO  server.RaftServerConfigKeys (ConfUtils.java:logGet(44)) - raft.server.log.corruption.policy = EXCEPTION (default)
2020-11-19 23:06:15,063 [pool-222-thread-1] INFO  storage.RaftStorageDirectory (RaftStorageDirectory.java:analyzeStorage(261)) - The storage directory /github/workspace/mnt/ozone/hadoop-ozone/integration-test/target/test-dir/MiniOzoneClusterImpl-f63f6e49-a519-49d7-bac2-b5e85396f7e3/datanode-3/data/ratis/8750aa62-cc61-4f66-8590-9f0f3335c145 does not exist. Creating ...
2020-11-19 23:06:15,064 [pool-222-thread-1] INFO  storage.RaftStorageDirectory (RaftStorageDirectory.java:tryLock(343)) - Lock on /github/workspace/mnt/ozone/hadoop-ozone/integration-test/target/test-dir/MiniOzoneClusterImpl-f63f6e49-a519-49d7-bac2-b5e85396f7e3/datanode-3/data/ratis/8750aa62-cc61-4f66-8590-9f0f3335c145/in_use.lock acquired by nodename 14728@3a6e21f0ed7d
2020-11-19 23:06:15,065 [pool-222-thread-1] INFO  storage.RaftStorage (RaftStorage.java:format(84)) - Storage directory /github/workspace/mnt/ozone/hadoop-ozone/integration-test/target/test-dir/MiniOzoneClusterImpl-f63f6e49-a519-49d7-bac2-b5e85396f7e3/datanode-3/data/ratis/8750aa62-cc61-4f66-8590-9f0f3335c145 has been successfully formatted.
2020-11-19 23:06:15,066 [pool-222-thread-1] INFO  ratis.ContainerStateMachine (ContainerStateMachine.java:loadSnapshot(225)) - group-9F0F3335C145: The snapshot info is null. Setting the last applied indexto:(t:0, i:~)
2020-11-19 23:06:15,066 [pool-222-thread-1] INFO  server.RaftServerConfigKeys (ConfUtils.java:logGet(44)) - raft.server.notification.no-leader.timeout = 300s (custom)
2020-11-19 23:06:15,067 [EventQueue-OpenPipelineForHealthyPipelineSafeModeRule] INFO  safemode.SCMSafeModeManager (HealthyPipelineSafeModeRule.java:process(128)) - SCM in safe mode. Healthy pipelines reported count is 0, required healthy pipeline reported count is 1
2020-11-19 23:06:15,066 [EventQueue-PipelineReportForOneReplicaPipelineSafeModeRule] INFO  safemode.SCMSafeModeManager (SCMSafeModeManager.java:validateSafeModeExitRules(214)) - AtleastOneDatanodeReportedRule rule is successfully validated
2020-11-19 23:06:15,067 [pool-222-thread-1] INFO  server.RaftServerConfigKeys (ConfUtils.java:logGet(44)) - raft.server.log.use.memory = false (default)
2020-11-19 23:06:15,067 [pool-222-thread-1] INFO  server.RaftServerConfigKeys (ConfUtils.java:logGet(44)) - raft.server.log.purge.gap = 1000000 (custom)
2020-11-19 23:06:15,067 [pool-222-thread-1] INFO  metrics.RatisMetrics (RatisMetrics.java:lambda$create$0(36)) - Creating Metrics Registry : ratis.log_worker.67c52a13-b7bf-4abc-b54b-1f6b70eea5b8@group-9F0F3335C145
2020-11-19 23:06:15,067 [pool-222-thread-1] INFO  server.RaftServerConfigKeys (ConfUtils.java:logGet(44)) - raft.server.log.appender.buffer.byte-limit = 33554432 (custom)
2020-11-19 23:06:15,068 [pool-222-thread-1] INFO  server.RaftServerConfigKeys (ConfUtils.java:logGet(44)) - raft.server.log.segment.size.max = 1048576 (custom)
2020-11-19 23:06:15,068 [pool-222-thread-1] INFO  server.RaftServerConfigKeys (ConfUtils.java:logGet(44)) - raft.server.log.segment.cache.num.max = 2 (custom)
2020-11-19 23:06:15,068 [pool-222-thread-1] INFO  segmented.SegmentedRaftLogWorker (SegmentedRaftLogWorker.java:<init>(180)) - new 67c52a13-b7bf-4abc-b54b-1f6b70eea5b8@group-9F0F3335C145-SegmentedRaftLogWorker for RaftStorage:Storage Directory /github/workspace/mnt/ozone/hadoop-ozone/integration-test/target/test-dir/MiniOzoneClusterImpl-f63f6e49-a519-49d7-bac2-b5e85396f7e3/datanode-3/data/ratis/8750aa62-cc61-4f66-8590-9f0f3335c145
2020-11-19 23:06:15,068 [pool-222-thread-1] INFO  server.RaftServerConfigKeys (ConfUtils.java:logGet(44)) - raft.server.log.queue.byte-limit = 2147483647 (custom)
2020-11-19 23:06:15,069 [pool-222-thread-1] INFO  server.RaftServerConfigKeys (ConfUtils.java:logGet(44)) - raft.server.log.queue.element-limit = 1024 (custom)
2020-11-19 23:06:15,069 [pool-222-thread-1] INFO  server.RaftServerConfigKeys (ConfUtils.java:logGet(44)) - raft.server.log.segment.size.max = 1048576 (custom)
2020-11-19 23:06:15,069 [pool-222-thread-1] INFO  server.RaftServerConfigKeys (ConfUtils.java:logGet(44)) - raft.server.log.preallocated.size = 16384 (custom)
2020-11-19 23:06:15,069 [pool-222-thread-1] INFO  server.RaftServerConfigKeys (ConfUtils.java:logGet(44)) - raft.server.log.write.buffer.size = 1048576 (custom)
2020-11-19 23:06:15,069 [pool-222-thread-1] INFO  server.RaftServerConfigKeys (ConfUtils.java:logGet(44)) - raft.server.log.force.sync.num = 128 (default)
2020-11-19 23:06:15,069 [pool-222-thread-1] INFO  server.RaftServerConfigKeys (ConfUtils.java:logGet(44)) - raft.server.log.statemachine.data.sync = true (default)
2020-11-19 23:06:15,069 [pool-222-thread-1] INFO  server.RaftServerConfigKeys (ConfUtils.java:logGet(44)) - raft.server.log.statemachine.data.sync.timeout = 10s (default)
2020-11-19 23:06:15,070 [pool-222-thread-1] INFO  server.RaftServerConfigKeys (ConfUtils.java:logGet(44)) - raft.server.log.statemachine.data.sync.timeout.retry = -1 (default)
2020-11-19 23:06:15,071 [pool-222-thread-1] INFO  server.RaftServerConfigKeys (ConfUtils.java:logGet(44)) - raft.server.log.statemachine.data.caching.enabled = true (custom)
2020-11-19 23:06:15,072 [pool-222-thread-1] INFO  segmented.SegmentedRaftLogWorker (SegmentedRaftLogWorker.java:lambda$new$0(129)) - 67c52a13-b7bf-4abc-b54b-1f6b70eea5b8@group-9F0F3335C145-SegmentedRaftLogWorker: flushIndex: setUnconditionally 0 -> -1
2020-11-19 23:06:15,072 [pool-222-thread-1] INFO  segmented.SegmentedRaftLogWorker (SegmentedRaftLogWorker.java:lambda$new$0(129)) - 67c52a13-b7bf-4abc-b54b-1f6b70eea5b8@group-9F0F3335C145-SegmentedRaftLogWorker: safeCacheEvictIndex: setUnconditionally 0 -> -1
2020-11-19 23:06:15,077 [pool-222-thread-1] INFO  server.RaftServerConfigKeys (ConfUtils.java:logGet(44)) - raft.server.snapshot.auto.trigger.enabled = true (custom)
2020-11-19 23:06:15,077 [pool-222-thread-1] INFO  server.RaftServerConfigKeys (ConfUtils.java:logGet(44)) - raft.server.snapshot.auto.trigger.threshold = 10000 (custom)
2020-11-19 23:06:15,077 [pool-222-thread-1] INFO  server.RaftServerConfigKeys (ConfUtils.java:logGet(44)) - raft.server.snapshot.retention.file.num = 5 (custom)
2020-11-19 23:06:15,077 [pool-222-thread-1] INFO  server.RaftServerConfigKeys (ConfUtils.java:logGet(44)) - raft.server.log.purge.upto.snapshot.index = false (default)
2020-11-19 23:06:15,077 [pool-222-thread-1] INFO  server.RaftServerConfigKeys (ConfUtils.java:logGet(44)) - raft.server.retrycache.expirytime = 600000ms (custom)
2020-11-19 23:06:15,078 [pool-222-thread-1] INFO  metrics.RatisMetrics (RatisMetrics.java:lambda$create$0(36)) - Creating Metrics Registry : ratis.leader_election.67c52a13-b7bf-4abc-b54b-1f6b70eea5b8@group-9F0F3335C145
2020-11-19 23:06:15,078 [pool-222-thread-1] INFO  metrics.RatisMetrics (RatisMetrics.java:lambda$create$0(36)) - Creating Metrics Registry : ratis.server.67c52a13-b7bf-4abc-b54b-1f6b70eea5b8@group-9F0F3335C145
2020-11-19 23:06:15,079 [pool-222-thread-1] INFO  impl.RaftServerImpl (RaftServerImpl.java:start(209)) - 67c52a13-b7bf-4abc-b54b-1f6b70eea5b8@group-9F0F3335C145: start as a follower, conf=-1: [e537a7bc-f79b-4a05-8c44-b6b3cb5e8abc:172.17.0.2:34393:0, 67c52a13-b7bf-4abc-b54b-1f6b70eea5b8:172.17.0.2:42385:0, c6fe9ef3-e456-496a-88a6-7c1d0439fa73:172.17.0.2:46487:0], old=null
2020-11-19 23:06:15,079 [pool-222-thread-1] INFO  impl.RaftServerImpl (RaftServerImpl.java:setRole(198)) - 67c52a13-b7bf-4abc-b54b-1f6b70eea5b8@group-9F0F3335C145: changes role from      null to FOLLOWER at term 0 for startAsFollower
2020-11-19 23:06:15,079 [pool-222-thread-1] INFO  impl.RoleInfo (RoleInfo.java:updateAndGet(143)) - 67c52a13-b7bf-4abc-b54b-1f6b70eea5b8: start FollowerState
2020-11-19 23:06:15,080 [pool-222-thread-1] INFO  util.JmxRegister (JmxRegister.java:tryRegister(44)) - Successfully registered JMX Bean with object name Ratis:service=RaftServer,group=group-9F0F3335C145,id=67c52a13-b7bf-4abc-b54b-1f6b70eea5b8
2020-11-19 23:06:15,080 [pool-222-thread-1] INFO  metrics.RatisMetrics (RatisMetrics.java:lambda$create$0(36)) - Creating Metrics Registry : ratis.state_machine.67c52a13-b7bf-4abc-b54b-1f6b70eea5b8@group-9F0F3335C145
2020-11-19 23:06:15,082 [Command processor thread] INFO  metrics.RatisMetrics (RatisMetrics.java:lambda$create$0(36)) - Creating Metrics Registry : ratis.client_message_metrics.client-8AD94FE3D966->c6fe9ef3-e456-496a-88a6-7c1d0439fa73
2020-11-19 23:06:15,090 [grpc-default-executor-4] INFO  metrics.RatisMetrics (RatisMetrics.java:lambda$create$0(36)) - Creating Metrics Registry : ratis.server_message_metrics.c6fe9ef3-e456-496a-88a6-7c1d0439fa73
2020-11-19 23:06:15,092 [grpc-default-executor-4] INFO  impl.RaftServerProxy (RaftServerProxy.java:addNew(92)) - c6fe9ef3-e456-496a-88a6-7c1d0439fa73: addNew group-9F0F3335C145:[e537a7bc-f79b-4a05-8c44-b6b3cb5e8abc:172.17.0.2:34393:0, 67c52a13-b7bf-4abc-b54b-1f6b70eea5b8:172.17.0.2:42385:0, c6fe9ef3-e456-496a-88a6-7c1d0439fa73:172.17.0.2:46487:0] returns group-9F0F3335C145:java.util.concurrent.CompletableFuture@cc0d703[Not completed]
2020-11-19 23:06:15,093 [pool-239-thread-1] INFO  impl.RaftServerImpl (RaftServerImpl.java:<init>(120)) - c6fe9ef3-e456-496a-88a6-7c1d0439fa73: new RaftServerImpl for group-9F0F3335C145:[e537a7bc-f79b-4a05-8c44-b6b3cb5e8abc:172.17.0.2:34393:0, 67c52a13-b7bf-4abc-b54b-1f6b70eea5b8:172.17.0.2:42385:0, c6fe9ef3-e456-496a-88a6-7c1d0439fa73:172.17.0.2:46487:0] with ContainerStateMachine:uninitialized
2020-11-19 23:06:15,094 [pool-239-thread-1] INFO  server.RaftServerConfigKeys (ConfUtils.java:logGet(44)) - raft.server.rpc.timeout.min = 5s (custom)
2020-11-19 23:06:15,094 [pool-239-thread-1] INFO  server.RaftServerConfigKeys (ConfUtils.java:logGet(44)) - raft.server.rpc.timeout.max = 5200ms (custom)
2020-11-19 23:06:15,094 [pool-239-thread-1] INFO  server.RaftServerConfigKeys (ConfUtils.java:logGet(44)) - raft.server.rpcslowness.timeout = 300s (custom)
2020-11-19 23:06:15,094 [pool-239-thread-1] INFO  server.RaftServerConfigKeys (ConfUtils.java:logGet(44)) - raft.server.sleep.deviation.threshold = 300 (default)
2020-11-19 23:06:15,094 [pool-239-thread-1] INFO  server.RaftServerConfigKeys (ConfUtils.java:logGet(44)) - raft.server.log.appender.install.snapshot.enabled = false (custom)
2020-11-19 23:06:15,094 [pool-239-thread-1] INFO  impl.RaftServerImpl (ServerState.java:<init>(104)) - c6fe9ef3-e456-496a-88a6-7c1d0439fa73@group-9F0F3335C145: ConfigurationManager, init=-1: [e537a7bc-f79b-4a05-8c44-b6b3cb5e8abc:172.17.0.2:34393:0, 67c52a13-b7bf-4abc-b54b-1f6b70eea5b8:172.17.0.2:42385:0, c6fe9ef3-e456-496a-88a6-7c1d0439fa73:172.17.0.2:46487:0], old=null, confs=<EMPTY_MAP>
2020-11-19 23:06:15,094 [pool-239-thread-1] INFO  server.RaftServerConfigKeys (ConfUtils.java:logGet(44)) - raft.server.storage.dir = [/github/workspace/mnt/ozone/hadoop-ozone/integration-test/target/test-dir/MiniOzoneClusterImpl-f63f6e49-a519-49d7-bac2-b5e85396f7e3/datanode-4/data/ratis] (custom)
2020-11-19 23:06:15,095 [pool-239-thread-1] INFO  server.RaftServerConfigKeys (ConfUtils.java:logGet(44)) - raft.server.log.corruption.policy = EXCEPTION (default)
2020-11-19 23:06:15,095 [pool-239-thread-1] INFO  storage.RaftStorageDirectory (RaftStorageDirectory.java:analyzeStorage(261)) - The storage directory /github/workspace/mnt/ozone/hadoop-ozone/integration-test/target/test-dir/MiniOzoneClusterImpl-f63f6e49-a519-49d7-bac2-b5e85396f7e3/datanode-4/data/ratis/8750aa62-cc61-4f66-8590-9f0f3335c145 does not exist. Creating ...
2020-11-19 23:06:15,096 [pool-239-thread-1] INFO  storage.RaftStorageDirectory (RaftStorageDirectory.java:tryLock(343)) - Lock on /github/workspace/mnt/ozone/hadoop-ozone/integration-test/target/test-dir/MiniOzoneClusterImpl-f63f6e49-a519-49d7-bac2-b5e85396f7e3/datanode-4/data/ratis/8750aa62-cc61-4f66-8590-9f0f3335c145/in_use.lock acquired by nodename 14728@3a6e21f0ed7d
2020-11-19 23:06:15,098 [pool-239-thread-1] INFO  storage.RaftStorage (RaftStorage.java:format(84)) - Storage directory /github/workspace/mnt/ozone/hadoop-ozone/integration-test/target/test-dir/MiniOzoneClusterImpl-f63f6e49-a519-49d7-bac2-b5e85396f7e3/datanode-4/data/ratis/8750aa62-cc61-4f66-8590-9f0f3335c145 has been successfully formatted.
2020-11-19 23:06:15,099 [pool-239-thread-1] INFO  ratis.ContainerStateMachine (ContainerStateMachine.java:loadSnapshot(225)) - group-9F0F3335C145: The snapshot info is null. Setting the last applied indexto:(t:0, i:~)
2020-11-19 23:06:15,099 [pool-239-thread-1] INFO  server.RaftServerConfigKeys (ConfUtils.java:logGet(44)) - raft.server.notification.no-leader.timeout = 300s (custom)
2020-11-19 23:06:15,099 [pool-239-thread-1] INFO  server.RaftServerConfigKeys (ConfUtils.java:logGet(44)) - raft.server.log.use.memory = false (default)
2020-11-19 23:06:15,099 [pool-239-thread-1] INFO  server.RaftServerConfigKeys (ConfUtils.java:logGet(44)) - raft.server.log.purge.gap = 1000000 (custom)
2020-11-19 23:06:15,099 [EventQueue-PipelineReportForOneReplicaPipelineSafeModeRule] INFO  safemode.SCMSafeModeManager (SCMSafeModeManager.java:validateSafeModeExitRules(214)) - AtleastOneDatanodeReportedRule rule is successfully validated
2020-11-19 23:06:15,101 [pool-239-thread-1] INFO  metrics.RatisMetrics (RatisMetrics.java:lambda$create$0(36)) - Creating Metrics Registry : ratis.log_worker.c6fe9ef3-e456-496a-88a6-7c1d0439fa73@group-9F0F3335C145
2020-11-19 23:06:15,101 [pool-239-thread-1] INFO  server.RaftServerConfigKeys (ConfUtils.java:logGet(44)) - raft.server.log.appender.buffer.byte-limit = 33554432 (custom)
2020-11-19 23:06:15,102 [pool-239-thread-1] INFO  server.RaftServerConfigKeys (ConfUtils.java:logGet(44)) - raft.server.log.segment.size.max = 1048576 (custom)
2020-11-19 23:06:15,103 [pool-239-thread-1] INFO  server.RaftServerConfigKeys (ConfUtils.java:logGet(44)) - raft.server.log.segment.cache.num.max = 2 (custom)
2020-11-19 23:06:15,103 [pool-239-thread-1] INFO  segmented.SegmentedRaftLogWorker (SegmentedRaftLogWorker.java:<init>(180)) - new c6fe9ef3-e456-496a-88a6-7c1d0439fa73@group-9F0F3335C145-SegmentedRaftLogWorker for RaftStorage:Storage Directory /github/workspace/mnt/ozone/hadoop-ozone/integration-test/target/test-dir/MiniOzoneClusterImpl-f63f6e49-a519-49d7-bac2-b5e85396f7e3/datanode-4/data/ratis/8750aa62-cc61-4f66-8590-9f0f3335c145
2020-11-19 23:06:15,103 [pool-239-thread-1] INFO  server.RaftServerConfigKeys (ConfUtils.java:logGet(44)) - raft.server.log.queue.byte-limit = 2147483647 (custom)
2020-11-19 23:06:15,103 [pool-239-thread-1] INFO  server.RaftServerConfigKeys (ConfUtils.java:logGet(44)) - raft.server.log.queue.element-limit = 1024 (custom)
2020-11-19 23:06:15,103 [pool-239-thread-1] INFO  server.RaftServerConfigKeys (ConfUtils.java:logGet(44)) - raft.server.log.segment.size.max = 1048576 (custom)
2020-11-19 23:06:15,103 [pool-239-thread-1] INFO  server.RaftServerConfigKeys (ConfUtils.java:logGet(44)) - raft.server.log.preallocated.size = 16384 (custom)
2020-11-19 23:06:15,103 [pool-239-thread-1] INFO  server.RaftServerConfigKeys (ConfUtils.java:logGet(44)) - raft.server.log.write.buffer.size = 1048576 (custom)
2020-11-19 23:06:15,103 [pool-239-thread-1] INFO  server.RaftServerConfigKeys (ConfUtils.java:logGet(44)) - raft.server.log.force.sync.num = 128 (default)
2020-11-19 23:06:15,103 [pool-239-thread-1] INFO  server.RaftServerConfigKeys (ConfUtils.java:logGet(44)) - raft.server.log.statemachine.data.sync = true (default)
2020-11-19 23:06:15,103 [pool-239-thread-1] INFO  server.RaftServerConfigKeys (ConfUtils.java:logGet(44)) - raft.server.log.statemachine.data.sync.timeout = 10s (default)
2020-11-19 23:06:15,103 [pool-239-thread-1] INFO  server.RaftServerConfigKeys (ConfUtils.java:logGet(44)) - raft.server.log.statemachine.data.sync.timeout.retry = -1 (default)
2020-11-19 23:06:15,105 [pool-239-thread-1] INFO  server.RaftServerConfigKeys (ConfUtils.java:logGet(44)) - raft.server.log.statemachine.data.caching.enabled = true (custom)
2020-11-19 23:06:15,105 [pool-239-thread-1] INFO  segmented.SegmentedRaftLogWorker (SegmentedRaftLogWorker.java:lambda$new$0(129)) - c6fe9ef3-e456-496a-88a6-7c1d0439fa73@group-9F0F3335C145-SegmentedRaftLogWorker: flushIndex: setUnconditionally 0 -> -1
2020-11-19 23:06:15,105 [pool-239-thread-1] INFO  segmented.SegmentedRaftLogWorker (SegmentedRaftLogWorker.java:lambda$new$0(129)) - c6fe9ef3-e456-496a-88a6-7c1d0439fa73@group-9F0F3335C145-SegmentedRaftLogWorker: safeCacheEvictIndex: setUnconditionally 0 -> -1
2020-11-19 23:06:15,105 [pool-239-thread-1] INFO  server.RaftServerConfigKeys (ConfUtils.java:logGet(44)) - raft.server.snapshot.auto.trigger.enabled = true (custom)
2020-11-19 23:06:15,106 [pool-239-thread-1] INFO  server.RaftServerConfigKeys (ConfUtils.java:logGet(44)) - raft.server.snapshot.auto.trigger.threshold = 10000 (custom)
2020-11-19 23:06:15,106 [pool-239-thread-1] INFO  server.RaftServerConfigKeys (ConfUtils.java:logGet(44)) - raft.server.snapshot.retention.file.num = 5 (custom)
2020-11-19 23:06:15,106 [pool-239-thread-1] INFO  server.RaftServerConfigKeys (ConfUtils.java:logGet(44)) - raft.server.log.purge.upto.snapshot.index = false (default)
2020-11-19 23:06:15,106 [pool-239-thread-1] INFO  server.RaftServerConfigKeys (ConfUtils.java:logGet(44)) - raft.server.retrycache.expirytime = 600000ms (custom)
2020-11-19 23:06:15,106 [pool-239-thread-1] INFO  metrics.RatisMetrics (RatisMetrics.java:lambda$create$0(36)) - Creating Metrics Registry : ratis.leader_election.c6fe9ef3-e456-496a-88a6-7c1d0439fa73@group-9F0F3335C145
2020-11-19 23:06:15,106 [pool-239-thread-1] INFO  metrics.RatisMetrics (RatisMetrics.java:lambda$create$0(36)) - Creating Metrics Registry : ratis.server.c6fe9ef3-e456-496a-88a6-7c1d0439fa73@group-9F0F3335C145
2020-11-19 23:06:15,107 [pool-239-thread-1] INFO  impl.RaftServerImpl (RaftServerImpl.java:start(209)) - c6fe9ef3-e456-496a-88a6-7c1d0439fa73@group-9F0F3335C145: start as a follower, conf=-1: [e537a7bc-f79b-4a05-8c44-b6b3cb5e8abc:172.17.0.2:34393:0, 67c52a13-b7bf-4abc-b54b-1f6b70eea5b8:172.17.0.2:42385:0, c6fe9ef3-e456-496a-88a6-7c1d0439fa73:172.17.0.2:46487:0], old=null
2020-11-19 23:06:15,107 [pool-239-thread-1] INFO  impl.RaftServerImpl (RaftServerImpl.java:setRole(198)) - c6fe9ef3-e456-496a-88a6-7c1d0439fa73@group-9F0F3335C145: changes role from      null to FOLLOWER at term 0 for startAsFollower
2020-11-19 23:06:15,107 [pool-239-thread-1] INFO  impl.RoleInfo (RoleInfo.java:updateAndGet(143)) - c6fe9ef3-e456-496a-88a6-7c1d0439fa73: start FollowerState
2020-11-19 23:06:15,108 [pool-239-thread-1] INFO  util.JmxRegister (JmxRegister.java:tryRegister(44)) - Successfully registered JMX Bean with object name Ratis:service=RaftServer,group=group-9F0F3335C145,id=c6fe9ef3-e456-496a-88a6-7c1d0439fa73
2020-11-19 23:06:15,108 [pool-239-thread-1] INFO  metrics.RatisMetrics (RatisMetrics.java:lambda$create$0(36)) - Creating Metrics Registry : ratis.state_machine.c6fe9ef3-e456-496a-88a6-7c1d0439fa73@group-9F0F3335C145
2020-11-19 23:06:15,115 [Command processor thread] INFO  metrics.RatisMetrics (RatisMetrics.java:lambda$create$0(36)) - Creating Metrics Registry : ratis.client_message_metrics.client-324EA66221D2->e537a7bc-f79b-4a05-8c44-b6b3cb5e8abc
2020-11-19 23:06:15,123 [grpc-default-executor-4] INFO  metrics.RatisMetrics (RatisMetrics.java:lambda$create$0(36)) - Creating Metrics Registry : ratis.server_message_metrics.e537a7bc-f79b-4a05-8c44-b6b3cb5e8abc
2020-11-19 23:06:15,124 [grpc-default-executor-4] INFO  impl.RaftServerProxy (RaftServerProxy.java:addNew(92)) - e537a7bc-f79b-4a05-8c44-b6b3cb5e8abc: addNew group-9F0F3335C145:[e537a7bc-f79b-4a05-8c44-b6b3cb5e8abc:172.17.0.2:34393:0, 67c52a13-b7bf-4abc-b54b-1f6b70eea5b8:172.17.0.2:42385:0, c6fe9ef3-e456-496a-88a6-7c1d0439fa73:172.17.0.2:46487:0] returns group-9F0F3335C145:java.util.concurrent.CompletableFuture@5662ee9d[Not completed]
2020-11-19 23:06:15,128 [pool-255-thread-1] INFO  impl.RaftServerImpl (RaftServerImpl.java:<init>(120)) - e537a7bc-f79b-4a05-8c44-b6b3cb5e8abc: new RaftServerImpl for group-9F0F3335C145:[e537a7bc-f79b-4a05-8c44-b6b3cb5e8abc:172.17.0.2:34393:0, 67c52a13-b7bf-4abc-b54b-1f6b70eea5b8:172.17.0.2:42385:0, c6fe9ef3-e456-496a-88a6-7c1d0439fa73:172.17.0.2:46487:0] with ContainerStateMachine:uninitialized
2020-11-19 23:06:15,128 [pool-255-thread-1] INFO  server.RaftServerConfigKeys (ConfUtils.java:logGet(44)) - raft.server.rpc.timeout.min = 5s (custom)
2020-11-19 23:06:15,129 [pool-255-thread-1] INFO  server.RaftServerConfigKeys (ConfUtils.java:logGet(44)) - raft.server.rpc.timeout.max = 5200ms (custom)
2020-11-19 23:06:15,129 [pool-255-thread-1] INFO  server.RaftServerConfigKeys (ConfUtils.java:logGet(44)) - raft.server.rpcslowness.timeout = 300s (custom)
2020-11-19 23:06:15,129 [pool-255-thread-1] INFO  server.RaftServerConfigKeys (ConfUtils.java:logGet(44)) - raft.server.sleep.deviation.threshold = 300 (default)
2020-11-19 23:06:15,129 [pool-255-thread-1] INFO  server.RaftServerConfigKeys (ConfUtils.java:logGet(44)) - raft.server.log.appender.install.snapshot.enabled = false (custom)
2020-11-19 23:06:15,129 [pool-255-thread-1] INFO  impl.RaftServerImpl (ServerState.java:<init>(104)) - e537a7bc-f79b-4a05-8c44-b6b3cb5e8abc@group-9F0F3335C145: ConfigurationManager, init=-1: [e537a7bc-f79b-4a05-8c44-b6b3cb5e8abc:172.17.0.2:34393:0, 67c52a13-b7bf-4abc-b54b-1f6b70eea5b8:172.17.0.2:42385:0, c6fe9ef3-e456-496a-88a6-7c1d0439fa73:172.17.0.2:46487:0], old=null, confs=<EMPTY_MAP>
2020-11-19 23:06:15,129 [pool-255-thread-1] INFO  server.RaftServerConfigKeys (ConfUtils.java:logGet(44)) - raft.server.storage.dir = [/github/workspace/mnt/ozone/hadoop-ozone/integration-test/target/test-dir/MiniOzoneClusterImpl-f63f6e49-a519-49d7-bac2-b5e85396f7e3/datanode-5/data/ratis] (custom)
2020-11-19 23:06:15,129 [pool-255-thread-1] INFO  server.RaftServerConfigKeys (ConfUtils.java:logGet(44)) - raft.server.log.corruption.policy = EXCEPTION (default)
2020-11-19 23:06:15,129 [pool-255-thread-1] INFO  storage.RaftStorageDirectory (RaftStorageDirectory.java:analyzeStorage(261)) - The storage directory /github/workspace/mnt/ozone/hadoop-ozone/integration-test/target/test-dir/MiniOzoneClusterImpl-f63f6e49-a519-49d7-bac2-b5e85396f7e3/datanode-5/data/ratis/8750aa62-cc61-4f66-8590-9f0f3335c145 does not exist. Creating ...
2020-11-19 23:06:15,131 [pool-255-thread-1] INFO  storage.RaftStorageDirectory (RaftStorageDirectory.java:tryLock(343)) - Lock on /github/workspace/mnt/ozone/hadoop-ozone/integration-test/target/test-dir/MiniOzoneClusterImpl-f63f6e49-a519-49d7-bac2-b5e85396f7e3/datanode-5/data/ratis/8750aa62-cc61-4f66-8590-9f0f3335c145/in_use.lock acquired by nodename 14728@3a6e21f0ed7d
2020-11-19 23:06:15,132 [pool-255-thread-1] INFO  storage.RaftStorage (RaftStorage.java:format(84)) - Storage directory /github/workspace/mnt/ozone/hadoop-ozone/integration-test/target/test-dir/MiniOzoneClusterImpl-f63f6e49-a519-49d7-bac2-b5e85396f7e3/datanode-5/data/ratis/8750aa62-cc61-4f66-8590-9f0f3335c145 has been successfully formatted.
2020-11-19 23:06:15,133 [pool-255-thread-1] INFO  ratis.ContainerStateMachine (ContainerStateMachine.java:loadSnapshot(225)) - group-9F0F3335C145: The snapshot info is null. Setting the last applied indexto:(t:0, i:~)
2020-11-19 23:06:15,133 [pool-255-thread-1] INFO  server.RaftServerConfigKeys (ConfUtils.java:logGet(44)) - raft.server.notification.no-leader.timeout = 300s (custom)
2020-11-19 23:06:15,134 [EventQueue-PipelineReportForOneReplicaPipelineSafeModeRule] INFO  safemode.SCMSafeModeManager (SCMSafeModeManager.java:validateSafeModeExitRules(214)) - AtleastOneDatanodeReportedRule rule is successfully validated
2020-11-19 23:06:15,135 [pool-255-thread-1] INFO  server.RaftServerConfigKeys (ConfUtils.java:logGet(44)) - raft.server.log.use.memory = false (default)
2020-11-19 23:06:15,135 [pool-255-thread-1] INFO  server.RaftServerConfigKeys (ConfUtils.java:logGet(44)) - raft.server.log.purge.gap = 1000000 (custom)
2020-11-19 23:06:15,135 [pool-255-thread-1] INFO  metrics.RatisMetrics (RatisMetrics.java:lambda$create$0(36)) - Creating Metrics Registry : ratis.log_worker.e537a7bc-f79b-4a05-8c44-b6b3cb5e8abc@group-9F0F3335C145
2020-11-19 23:06:15,135 [pool-255-thread-1] INFO  server.RaftServerConfigKeys (ConfUtils.java:logGet(44)) - raft.server.log.appender.buffer.byte-limit = 33554432 (custom)
2020-11-19 23:06:15,135 [pool-255-thread-1] INFO  server.RaftServerConfigKeys (ConfUtils.java:logGet(44)) - raft.server.log.segment.size.max = 1048576 (custom)
2020-11-19 23:06:15,136 [pool-255-thread-1] INFO  server.RaftServerConfigKeys (ConfUtils.java:logGet(44)) - raft.server.log.segment.cache.num.max = 2 (custom)
2020-11-19 23:06:15,136 [pool-255-thread-1] INFO  segmented.SegmentedRaftLogWorker (SegmentedRaftLogWorker.java:<init>(180)) - new e537a7bc-f79b-4a05-8c44-b6b3cb5e8abc@group-9F0F3335C145-SegmentedRaftLogWorker for RaftStorage:Storage Directory /github/workspace/mnt/ozone/hadoop-ozone/integration-test/target/test-dir/MiniOzoneClusterImpl-f63f6e49-a519-49d7-bac2-b5e85396f7e3/datanode-5/data/ratis/8750aa62-cc61-4f66-8590-9f0f3335c145
2020-11-19 23:06:15,136 [pool-255-thread-1] INFO  server.RaftServerConfigKeys (ConfUtils.java:logGet(44)) - raft.server.log.queue.byte-limit = 2147483647 (custom)
2020-11-19 23:06:15,136 [pool-255-thread-1] INFO  server.RaftServerConfigKeys (ConfUtils.java:logGet(44)) - raft.server.log.queue.element-limit = 1024 (custom)
2020-11-19 23:06:15,136 [pool-255-thread-1] INFO  server.RaftServerConfigKeys (ConfUtils.java:logGet(44)) - raft.server.log.segment.size.max = 1048576 (custom)
2020-11-19 23:06:15,137 [pool-255-thread-1] INFO  server.RaftServerConfigKeys (ConfUtils.java:logGet(44)) - raft.server.log.preallocated.size = 16384 (custom)
2020-11-19 23:06:15,137 [pool-255-thread-1] INFO  server.RaftServerConfigKeys (ConfUtils.java:logGet(44)) - raft.server.log.write.buffer.size = 1048576 (custom)
2020-11-19 23:06:15,138 [pool-255-thread-1] INFO  server.RaftServerConfigKeys (ConfUtils.java:logGet(44)) - raft.server.log.force.sync.num = 128 (default)
2020-11-19 23:06:15,138 [pool-255-thread-1] INFO  server.RaftServerConfigKeys (ConfUtils.java:logGet(44)) - raft.server.log.statemachine.data.sync = true (default)
2020-11-19 23:06:15,138 [pool-255-thread-1] INFO  server.RaftServerConfigKeys (ConfUtils.java:logGet(44)) - raft.server.log.statemachine.data.sync.timeout = 10s (default)
2020-11-19 23:06:15,138 [pool-255-thread-1] INFO  server.RaftServerConfigKeys (ConfUtils.java:logGet(44)) - raft.server.log.statemachine.data.sync.timeout.retry = -1 (default)
2020-11-19 23:06:15,140 [pool-255-thread-1] INFO  server.RaftServerConfigKeys (ConfUtils.java:logGet(44)) - raft.server.log.statemachine.data.caching.enabled = true (custom)
2020-11-19 23:06:15,140 [pool-255-thread-1] INFO  segmented.SegmentedRaftLogWorker (SegmentedRaftLogWorker.java:lambda$new$0(129)) - e537a7bc-f79b-4a05-8c44-b6b3cb5e8abc@group-9F0F3335C145-SegmentedRaftLogWorker: flushIndex: setUnconditionally 0 -> -1
2020-11-19 23:06:15,140 [pool-255-thread-1] INFO  segmented.SegmentedRaftLogWorker (SegmentedRaftLogWorker.java:lambda$new$0(129)) - e537a7bc-f79b-4a05-8c44-b6b3cb5e8abc@group-9F0F3335C145-SegmentedRaftLogWorker: safeCacheEvictIndex: setUnconditionally 0 -> -1
2020-11-19 23:06:15,141 [pool-255-thread-1] INFO  server.RaftServerConfigKeys (ConfUtils.java:logGet(44)) - raft.server.snapshot.auto.trigger.enabled = true (custom)
2020-11-19 23:06:15,141 [pool-255-thread-1] INFO  server.RaftServerConfigKeys (ConfUtils.java:logGet(44)) - raft.server.snapshot.auto.trigger.threshold = 10000 (custom)
2020-11-19 23:06:15,141 [pool-255-thread-1] INFO  server.RaftServerConfigKeys (ConfUtils.java:logGet(44)) - raft.server.snapshot.retention.file.num = 5 (custom)
2020-11-19 23:06:15,141 [pool-255-thread-1] INFO  server.RaftServerConfigKeys (ConfUtils.java:logGet(44)) - raft.server.log.purge.upto.snapshot.index = false (default)
2020-11-19 23:06:15,141 [pool-255-thread-1] INFO  server.RaftServerConfigKeys (ConfUtils.java:logGet(44)) - raft.server.retrycache.expirytime = 600000ms (custom)
2020-11-19 23:06:15,141 [pool-255-thread-1] INFO  metrics.RatisMetrics (RatisMetrics.java:lambda$create$0(36)) - Creating Metrics Registry : ratis.leader_election.e537a7bc-f79b-4a05-8c44-b6b3cb5e8abc@group-9F0F3335C145
2020-11-19 23:06:15,142 [pool-255-thread-1] INFO  metrics.RatisMetrics (RatisMetrics.java:lambda$create$0(36)) - Creating Metrics Registry : ratis.server.e537a7bc-f79b-4a05-8c44-b6b3cb5e8abc@group-9F0F3335C145
2020-11-19 23:06:15,143 [pool-255-thread-1] INFO  impl.RaftServerImpl (RaftServerImpl.java:start(209)) - e537a7bc-f79b-4a05-8c44-b6b3cb5e8abc@group-9F0F3335C145: start as a follower, conf=-1: [e537a7bc-f79b-4a05-8c44-b6b3cb5e8abc:172.17.0.2:34393:0, 67c52a13-b7bf-4abc-b54b-1f6b70eea5b8:172.17.0.2:42385:0, c6fe9ef3-e456-496a-88a6-7c1d0439fa73:172.17.0.2:46487:0], old=null
2020-11-19 23:06:15,143 [pool-255-thread-1] INFO  impl.RaftServerImpl (RaftServerImpl.java:setRole(198)) - e537a7bc-f79b-4a05-8c44-b6b3cb5e8abc@group-9F0F3335C145: changes role from      null to FOLLOWER at term 0 for startAsFollower
2020-11-19 23:06:15,143 [pool-255-thread-1] INFO  impl.RoleInfo (RoleInfo.java:updateAndGet(143)) - e537a7bc-f79b-4a05-8c44-b6b3cb5e8abc: start FollowerState
2020-11-19 23:06:15,145 [pool-255-thread-1] INFO  util.JmxRegister (JmxRegister.java:tryRegister(44)) - Successfully registered JMX Bean with object name Ratis:service=RaftServer,group=group-9F0F3335C145,id=e537a7bc-f79b-4a05-8c44-b6b3cb5e8abc
2020-11-19 23:06:15,145 [pool-255-thread-1] INFO  metrics.RatisMetrics (RatisMetrics.java:lambda$create$0(36)) - Creating Metrics Registry : ratis.state_machine.e537a7bc-f79b-4a05-8c44-b6b3cb5e8abc@group-9F0F3335C145
2020-11-19 23:06:15,154 [Command processor thread] INFO  commandhandler.CreatePipelineCommandHandler (CreatePipelineCommandHandler.java:handle(106)) - Created Pipeline RATIS THREE PipelineID=8750aa62-cc61-4f66-8590-9f0f3335c145.
2020-11-19 23:06:15,196 [Command processor thread] INFO  impl.RaftServerProxy (RaftServerProxy.java:addNew(92)) - c6fe9ef3-e456-496a-88a6-7c1d0439fa73: addNew group-8F388B127180:[c6fe9ef3-e456-496a-88a6-7c1d0439fa73:172.17.0.2:46487:0] returns group-8F388B127180:java.util.concurrent.CompletableFuture@389df21b[Not completed]
2020-11-19 23:06:15,196 [pool-239-thread-1] INFO  impl.RaftServerImpl (RaftServerImpl.java:<init>(120)) - c6fe9ef3-e456-496a-88a6-7c1d0439fa73: new RaftServerImpl for group-8F388B127180:[c6fe9ef3-e456-496a-88a6-7c1d0439fa73:172.17.0.2:46487:0] with ContainerStateMachine:uninitialized
2020-11-19 23:06:15,197 [pool-239-thread-1] INFO  server.RaftServerConfigKeys (ConfUtils.java:logGet(44)) - raft.server.rpc.timeout.min = 5s (custom)
2020-11-19 23:06:15,197 [pool-239-thread-1] INFO  server.RaftServerConfigKeys (ConfUtils.java:logGet(44)) - raft.server.rpc.timeout.max = 5200ms (custom)
2020-11-19 23:06:15,197 [pool-239-thread-1] INFO  server.RaftServerConfigKeys (ConfUtils.java:logGet(44)) - raft.server.rpcslowness.timeout = 300s (custom)
2020-11-19 23:06:15,197 [pool-239-thread-1] INFO  server.RaftServerConfigKeys (ConfUtils.java:logGet(44)) - raft.server.sleep.deviation.threshold = 300 (default)
2020-11-19 23:06:15,197 [pool-239-thread-1] INFO  server.RaftServerConfigKeys (ConfUtils.java:logGet(44)) - raft.server.log.appender.install.snapshot.enabled = false (custom)
2020-11-19 23:06:15,197 [pool-239-thread-1] INFO  impl.RaftServerImpl (ServerState.java:<init>(104)) - c6fe9ef3-e456-496a-88a6-7c1d0439fa73@group-8F388B127180: ConfigurationManager, init=-1: [c6fe9ef3-e456-496a-88a6-7c1d0439fa73:172.17.0.2:46487:0], old=null, confs=<EMPTY_MAP>
2020-11-19 23:06:15,197 [pool-239-thread-1] INFO  server.RaftServerConfigKeys (ConfUtils.java:logGet(44)) - raft.server.storage.dir = [/github/workspace/mnt/ozone/hadoop-ozone/integration-test/target/test-dir/MiniOzoneClusterImpl-f63f6e49-a519-49d7-bac2-b5e85396f7e3/datanode-4/data/ratis] (custom)
2020-11-19 23:06:15,197 [pool-239-thread-1] INFO  server.RaftServerConfigKeys (ConfUtils.java:logGet(44)) - raft.server.log.corruption.policy = EXCEPTION (default)
2020-11-19 23:06:15,197 [pool-239-thread-1] INFO  storage.RaftStorageDirectory (RaftStorageDirectory.java:analyzeStorage(261)) - The storage directory /github/workspace/mnt/ozone/hadoop-ozone/integration-test/target/test-dir/MiniOzoneClusterImpl-f63f6e49-a519-49d7-bac2-b5e85396f7e3/datanode-4/data/ratis/2b4d0dbc-f44e-4fbd-9517-8f388b127180 does not exist. Creating ...
2020-11-19 23:06:15,198 [pool-239-thread-1] INFO  storage.RaftStorageDirectory (RaftStorageDirectory.java:tryLock(343)) - Lock on /github/workspace/mnt/ozone/hadoop-ozone/integration-test/target/test-dir/MiniOzoneClusterImpl-f63f6e49-a519-49d7-bac2-b5e85396f7e3/datanode-4/data/ratis/2b4d0dbc-f44e-4fbd-9517-8f388b127180/in_use.lock acquired by nodename 14728@3a6e21f0ed7d
2020-11-19 23:06:15,199 [pool-239-thread-1] INFO  storage.RaftStorage (RaftStorage.java:format(84)) - Storage directory /github/workspace/mnt/ozone/hadoop-ozone/integration-test/target/test-dir/MiniOzoneClusterImpl-f63f6e49-a519-49d7-bac2-b5e85396f7e3/datanode-4/data/ratis/2b4d0dbc-f44e-4fbd-9517-8f388b127180 has been successfully formatted.
2020-11-19 23:06:15,200 [pool-239-thread-1] INFO  ratis.ContainerStateMachine (ContainerStateMachine.java:loadSnapshot(225)) - group-8F388B127180: The snapshot info is null. Setting the last applied indexto:(t:0, i:~)
2020-11-19 23:06:15,200 [pool-239-thread-1] INFO  server.RaftServerConfigKeys (ConfUtils.java:logGet(44)) - raft.server.notification.no-leader.timeout = 300s (custom)
2020-11-19 23:06:15,200 [pool-239-thread-1] INFO  server.RaftServerConfigKeys (ConfUtils.java:logGet(44)) - raft.server.log.use.memory = false (default)
2020-11-19 23:06:15,200 [pool-239-thread-1] INFO  server.RaftServerConfigKeys (ConfUtils.java:logGet(44)) - raft.server.log.purge.gap = 1000000 (custom)
2020-11-19 23:06:15,201 [EventQueue-PipelineReportForPipelineReportHandler] INFO  pipeline.PipelineStateManager (PipelineStateManager.java:openPipeline(132)) - Pipeline Pipeline[ Id: 2b4d0dbc-f44e-4fbd-9517-8f388b127180, Nodes: c6fe9ef3-e456-496a-88a6-7c1d0439fa73{ip: 172.17.0.2, host: 3a6e21f0ed7d, networkLocation: /default-rack, certSerialId: null}, Type:RATIS, Factor:ONE, State:ALLOCATED, leaderId:c6fe9ef3-e456-496a-88a6-7c1d0439fa73, CreationTimestamp2020-11-19T23:06:12.197Z] moved to OPEN state
2020-11-19 23:06:15,202 [EventQueue-OpenPipelineForHealthyPipelineSafeModeRule] INFO  safemode.SCMSafeModeManager (HealthyPipelineSafeModeRule.java:process(128)) - SCM in safe mode. Healthy pipelines reported count is 0, required healthy pipeline reported count is 1
2020-11-19 23:06:15,202 [pool-239-thread-1] INFO  metrics.RatisMetrics (RatisMetrics.java:lambda$create$0(36)) - Creating Metrics Registry : ratis.log_worker.c6fe9ef3-e456-496a-88a6-7c1d0439fa73@group-8F388B127180
2020-11-19 23:06:15,202 [pool-239-thread-1] INFO  server.RaftServerConfigKeys (ConfUtils.java:logGet(44)) - raft.server.log.appender.buffer.byte-limit = 33554432 (custom)
2020-11-19 23:06:15,202 [pool-239-thread-1] INFO  server.RaftServerConfigKeys (ConfUtils.java:logGet(44)) - raft.server.log.segment.size.max = 1048576 (custom)
2020-11-19 23:06:15,201 [EventQueue-PipelineReportForOneReplicaPipelineSafeModeRule] INFO  safemode.SCMSafeModeManager (SCMSafeModeManager.java:validateSafeModeExitRules(214)) - AtleastOneDatanodeReportedRule rule is successfully validated
2020-11-19 23:06:15,203 [pool-239-thread-1] INFO  server.RaftServerConfigKeys (ConfUtils.java:logGet(44)) - raft.server.log.segment.cache.num.max = 2 (custom)
2020-11-19 23:06:15,203 [pool-239-thread-1] INFO  segmented.SegmentedRaftLogWorker (SegmentedRaftLogWorker.java:<init>(180)) - new c6fe9ef3-e456-496a-88a6-7c1d0439fa73@group-8F388B127180-SegmentedRaftLogWorker for RaftStorage:Storage Directory /github/workspace/mnt/ozone/hadoop-ozone/integration-test/target/test-dir/MiniOzoneClusterImpl-f63f6e49-a519-49d7-bac2-b5e85396f7e3/datanode-4/data/ratis/2b4d0dbc-f44e-4fbd-9517-8f388b127180
2020-11-19 23:06:15,203 [pool-239-thread-1] INFO  server.RaftServerConfigKeys (ConfUtils.java:logGet(44)) - raft.server.log.queue.byte-limit = 2147483647 (custom)
2020-11-19 23:06:15,203 [pool-239-thread-1] INFO  server.RaftServerConfigKeys (ConfUtils.java:logGet(44)) - raft.server.log.queue.element-limit = 1024 (custom)
2020-11-19 23:06:15,203 [pool-239-thread-1] INFO  server.RaftServerConfigKeys (ConfUtils.java:logGet(44)) - raft.server.log.segment.size.max = 1048576 (custom)
2020-11-19 23:06:15,203 [pool-239-thread-1] INFO  server.RaftServerConfigKeys (ConfUtils.java:logGet(44)) - raft.server.log.preallocated.size = 16384 (custom)
2020-11-19 23:06:15,203 [pool-239-thread-1] INFO  server.RaftServerConfigKeys (ConfUtils.java:logGet(44)) - raft.server.log.write.buffer.size = 1048576 (custom)
2020-11-19 23:06:15,203 [pool-239-thread-1] INFO  server.RaftServerConfigKeys (ConfUtils.java:logGet(44)) - raft.server.log.force.sync.num = 128 (default)
2020-11-19 23:06:15,203 [pool-239-thread-1] INFO  server.RaftServerConfigKeys (ConfUtils.java:logGet(44)) - raft.server.log.statemachine.data.sync = true (default)
2020-11-19 23:06:15,203 [pool-239-thread-1] INFO  server.RaftServerConfigKeys (ConfUtils.java:logGet(44)) - raft.server.log.statemachine.data.sync.timeout = 10s (default)
2020-11-19 23:06:15,203 [pool-239-thread-1] INFO  server.RaftServerConfigKeys (ConfUtils.java:logGet(44)) - raft.server.log.statemachine.data.sync.timeout.retry = -1 (default)
2020-11-19 23:06:15,205 [pool-239-thread-1] INFO  server.RaftServerConfigKeys (ConfUtils.java:logGet(44)) - raft.server.log.statemachine.data.caching.enabled = true (custom)
2020-11-19 23:06:15,206 [pool-239-thread-1] INFO  segmented.SegmentedRaftLogWorker (SegmentedRaftLogWorker.java:lambda$new$0(129)) - c6fe9ef3-e456-496a-88a6-7c1d0439fa73@group-8F388B127180-SegmentedRaftLogWorker: flushIndex: setUnconditionally 0 -> -1
2020-11-19 23:06:15,206 [pool-239-thread-1] INFO  segmented.SegmentedRaftLogWorker (SegmentedRaftLogWorker.java:lambda$new$0(129)) - c6fe9ef3-e456-496a-88a6-7c1d0439fa73@group-8F388B127180-SegmentedRaftLogWorker: safeCacheEvictIndex: setUnconditionally 0 -> -1
2020-11-19 23:06:15,209 [pool-239-thread-1] INFO  server.RaftServerConfigKeys (ConfUtils.java:logGet(44)) - raft.server.snapshot.auto.trigger.enabled = true (custom)
2020-11-19 23:06:15,209 [pool-239-thread-1] INFO  server.RaftServerConfigKeys (ConfUtils.java:logGet(44)) - raft.server.snapshot.auto.trigger.threshold = 10000 (custom)
2020-11-19 23:06:15,209 [pool-239-thread-1] INFO  server.RaftServerConfigKeys (ConfUtils.java:logGet(44)) - raft.server.snapshot.retention.file.num = 5 (custom)
2020-11-19 23:06:15,209 [pool-239-thread-1] INFO  server.RaftServerConfigKeys (ConfUtils.java:logGet(44)) - raft.server.log.purge.upto.snapshot.index = false (default)
2020-11-19 23:06:15,209 [pool-239-thread-1] INFO  server.RaftServerConfigKeys (ConfUtils.java:logGet(44)) - raft.server.retrycache.expirytime = 600000ms (custom)
2020-11-19 23:06:15,209 [pool-239-thread-1] INFO  metrics.RatisMetrics (RatisMetrics.java:lambda$create$0(36)) - Creating Metrics Registry : ratis.leader_election.c6fe9ef3-e456-496a-88a6-7c1d0439fa73@group-8F388B127180
2020-11-19 23:06:15,210 [pool-239-thread-1] INFO  metrics.RatisMetrics (RatisMetrics.java:lambda$create$0(36)) - Creating Metrics Registry : ratis.server.c6fe9ef3-e456-496a-88a6-7c1d0439fa73@group-8F388B127180
2020-11-19 23:06:15,211 [pool-239-thread-1] INFO  impl.RaftServerImpl (RaftServerImpl.java:start(209)) - c6fe9ef3-e456-496a-88a6-7c1d0439fa73@group-8F388B127180: start as a follower, conf=-1: [c6fe9ef3-e456-496a-88a6-7c1d0439fa73:172.17.0.2:46487:0], old=null
2020-11-19 23:06:15,211 [pool-239-thread-1] INFO  impl.RaftServerImpl (RaftServerImpl.java:setRole(198)) - c6fe9ef3-e456-496a-88a6-7c1d0439fa73@group-8F388B127180: changes role from      null to FOLLOWER at term 0 for startAsFollower
2020-11-19 23:06:15,211 [pool-239-thread-1] INFO  impl.RoleInfo (RoleInfo.java:updateAndGet(143)) - c6fe9ef3-e456-496a-88a6-7c1d0439fa73: start FollowerState
2020-11-19 23:06:15,211 [pool-239-thread-1] INFO  util.JmxRegister (JmxRegister.java:tryRegister(44)) - Successfully registered JMX Bean with object name Ratis:service=RaftServer,group=group-8F388B127180,id=c6fe9ef3-e456-496a-88a6-7c1d0439fa73
2020-11-19 23:06:15,211 [pool-239-thread-1] INFO  metrics.RatisMetrics (RatisMetrics.java:lambda$create$0(36)) - Creating Metrics Registry : ratis.state_machine.c6fe9ef3-e456-496a-88a6-7c1d0439fa73@group-8F388B127180
2020-11-19 23:06:15,212 [Command processor thread] INFO  commandhandler.CreatePipelineCommandHandler (CreatePipelineCommandHandler.java:handle(106)) - Created Pipeline RATIS ONE PipelineID=2b4d0dbc-f44e-4fbd-9517-8f388b127180.
2020-11-19 23:06:15,357 [Command processor thread] INFO  impl.RaftServerProxy (RaftServerProxy.java:addNew(92)) - e537a7bc-f79b-4a05-8c44-b6b3cb5e8abc: addNew group-35CA3CECE337:[e537a7bc-f79b-4a05-8c44-b6b3cb5e8abc:172.17.0.2:34393:0] returns group-35CA3CECE337:java.util.concurrent.CompletableFuture@48869ff1[Not completed]
2020-11-19 23:06:15,358 [pool-255-thread-1] INFO  impl.RaftServerImpl (RaftServerImpl.java:<init>(120)) - e537a7bc-f79b-4a05-8c44-b6b3cb5e8abc: new RaftServerImpl for group-35CA3CECE337:[e537a7bc-f79b-4a05-8c44-b6b3cb5e8abc:172.17.0.2:34393:0] with ContainerStateMachine:uninitialized
2020-11-19 23:06:15,358 [pool-255-thread-1] INFO  server.RaftServerConfigKeys (ConfUtils.java:logGet(44)) - raft.server.rpc.timeout.min = 5s (custom)
2020-11-19 23:06:15,358 [pool-255-thread-1] INFO  server.RaftServerConfigKeys (ConfUtils.java:logGet(44)) - raft.server.rpc.timeout.max = 5200ms (custom)
2020-11-19 23:06:15,358 [pool-255-thread-1] INFO  server.RaftServerConfigKeys (ConfUtils.java:logGet(44)) - raft.server.rpcslowness.timeout = 300s (custom)
2020-11-19 23:06:15,358 [pool-255-thread-1] INFO  server.RaftServerConfigKeys (ConfUtils.java:logGet(44)) - raft.server.sleep.deviation.threshold = 300 (default)
2020-11-19 23:06:15,358 [pool-255-thread-1] INFO  server.RaftServerConfigKeys (ConfUtils.java:logGet(44)) - raft.server.log.appender.install.snapshot.enabled = false (custom)
2020-11-19 23:06:15,358 [pool-255-thread-1] INFO  impl.RaftServerImpl (ServerState.java:<init>(104)) - e537a7bc-f79b-4a05-8c44-b6b3cb5e8abc@group-35CA3CECE337: ConfigurationManager, init=-1: [e537a7bc-f79b-4a05-8c44-b6b3cb5e8abc:172.17.0.2:34393:0], old=null, confs=<EMPTY_MAP>
2020-11-19 23:06:15,359 [pool-255-thread-1] INFO  server.RaftServerConfigKeys (ConfUtils.java:logGet(44)) - raft.server.storage.dir = [/github/workspace/mnt/ozone/hadoop-ozone/integration-test/target/test-dir/MiniOzoneClusterImpl-f63f6e49-a519-49d7-bac2-b5e85396f7e3/datanode-5/data/ratis] (custom)
2020-11-19 23:06:15,359 [pool-255-thread-1] INFO  server.RaftServerConfigKeys (ConfUtils.java:logGet(44)) - raft.server.log.corruption.policy = EXCEPTION (default)
2020-11-19 23:06:15,359 [pool-255-thread-1] INFO  storage.RaftStorageDirectory (RaftStorageDirectory.java:analyzeStorage(261)) - The storage directory /github/workspace/mnt/ozone/hadoop-ozone/integration-test/target/test-dir/MiniOzoneClusterImpl-f63f6e49-a519-49d7-bac2-b5e85396f7e3/datanode-5/data/ratis/723ae292-efe6-4679-a032-35ca3cece337 does not exist. Creating ...
2020-11-19 23:06:15,362 [pool-255-thread-1] INFO  storage.RaftStorageDirectory (RaftStorageDirectory.java:tryLock(343)) - Lock on /github/workspace/mnt/ozone/hadoop-ozone/integration-test/target/test-dir/MiniOzoneClusterImpl-f63f6e49-a519-49d7-bac2-b5e85396f7e3/datanode-5/data/ratis/723ae292-efe6-4679-a032-35ca3cece337/in_use.lock acquired by nodename 14728@3a6e21f0ed7d
2020-11-19 23:06:15,363 [pool-255-thread-1] INFO  storage.RaftStorage (RaftStorage.java:format(84)) - Storage directory /github/workspace/mnt/ozone/hadoop-ozone/integration-test/target/test-dir/MiniOzoneClusterImpl-f63f6e49-a519-49d7-bac2-b5e85396f7e3/datanode-5/data/ratis/723ae292-efe6-4679-a032-35ca3cece337 has been successfully formatted.
2020-11-19 23:06:15,363 [pool-255-thread-1] INFO  ratis.ContainerStateMachine (ContainerStateMachine.java:loadSnapshot(225)) - group-35CA3CECE337: The snapshot info is null. Setting the last applied indexto:(t:0, i:~)
2020-11-19 23:06:15,363 [pool-255-thread-1] INFO  server.RaftServerConfigKeys (ConfUtils.java:logGet(44)) - raft.server.notification.no-leader.timeout = 300s (custom)
2020-11-19 23:06:15,363 [pool-255-thread-1] INFO  server.RaftServerConfigKeys (ConfUtils.java:logGet(44)) - raft.server.log.use.memory = false (default)
2020-11-19 23:06:15,363 [pool-255-thread-1] INFO  server.RaftServerConfigKeys (ConfUtils.java:logGet(44)) - raft.server.log.purge.gap = 1000000 (custom)
2020-11-19 23:06:15,363 [pool-255-thread-1] INFO  metrics.RatisMetrics (RatisMetrics.java:lambda$create$0(36)) - Creating Metrics Registry : ratis.log_worker.e537a7bc-f79b-4a05-8c44-b6b3cb5e8abc@group-35CA3CECE337
2020-11-19 23:06:15,363 [pool-255-thread-1] INFO  server.RaftServerConfigKeys (ConfUtils.java:logGet(44)) - raft.server.log.appender.buffer.byte-limit = 33554432 (custom)
2020-11-19 23:06:15,364 [pool-255-thread-1] INFO  server.RaftServerConfigKeys (ConfUtils.java:logGet(44)) - raft.server.log.segment.size.max = 1048576 (custom)
2020-11-19 23:06:15,364 [EventQueue-PipelineReportForPipelineReportHandler] INFO  pipeline.PipelineStateManager (PipelineStateManager.java:openPipeline(132)) - Pipeline Pipeline[ Id: 723ae292-efe6-4679-a032-35ca3cece337, Nodes: e537a7bc-f79b-4a05-8c44-b6b3cb5e8abc{ip: 172.17.0.2, host: 3a6e21f0ed7d, networkLocation: /default-rack, certSerialId: null}, Type:RATIS, Factor:ONE, State:ALLOCATED, leaderId:e537a7bc-f79b-4a05-8c44-b6b3cb5e8abc, CreationTimestamp2020-11-19T23:06:12.359Z] moved to OPEN state
2020-11-19 23:06:15,364 [EventQueue-PipelineReportForOneReplicaPipelineSafeModeRule] INFO  safemode.SCMSafeModeManager (SCMSafeModeManager.java:validateSafeModeExitRules(214)) - AtleastOneDatanodeReportedRule rule is successfully validated
2020-11-19 23:06:15,364 [EventQueue-OpenPipelineForHealthyPipelineSafeModeRule] INFO  safemode.SCMSafeModeManager (HealthyPipelineSafeModeRule.java:process(128)) - SCM in safe mode. Healthy pipelines reported count is 0, required healthy pipeline reported count is 1
2020-11-19 23:06:15,366 [pool-255-thread-1] INFO  server.RaftServerConfigKeys (ConfUtils.java:logGet(44)) - raft.server.log.segment.cache.num.max = 2 (custom)
2020-11-19 23:06:15,366 [pool-255-thread-1] INFO  segmented.SegmentedRaftLogWorker (SegmentedRaftLogWorker.java:<init>(180)) - new e537a7bc-f79b-4a05-8c44-b6b3cb5e8abc@group-35CA3CECE337-SegmentedRaftLogWorker for RaftStorage:Storage Directory /github/workspace/mnt/ozone/hadoop-ozone/integration-test/target/test-dir/MiniOzoneClusterImpl-f63f6e49-a519-49d7-bac2-b5e85396f7e3/datanode-5/data/ratis/723ae292-efe6-4679-a032-35ca3cece337
2020-11-19 23:06:15,366 [pool-255-thread-1] INFO  server.RaftServerConfigKeys (ConfUtils.java:logGet(44)) - raft.server.log.queue.byte-limit = 2147483647 (custom)
2020-11-19 23:06:15,366 [pool-255-thread-1] INFO  server.RaftServerConfigKeys (ConfUtils.java:logGet(44)) - raft.server.log.queue.element-limit = 1024 (custom)
2020-11-19 23:06:15,367 [pool-255-thread-1] INFO  server.RaftServerConfigKeys (ConfUtils.java:logGet(44)) - raft.server.log.segment.size.max = 1048576 (custom)
2020-11-19 23:06:15,367 [pool-255-thread-1] INFO  server.RaftServerConfigKeys (ConfUtils.java:logGet(44)) - raft.server.log.preallocated.size = 16384 (custom)
2020-11-19 23:06:15,367 [pool-255-thread-1] INFO  server.RaftServerConfigKeys (ConfUtils.java:logGet(44)) - raft.server.log.write.buffer.size = 1048576 (custom)
2020-11-19 23:06:15,367 [pool-255-thread-1] INFO  server.RaftServerConfigKeys (ConfUtils.java:logGet(44)) - raft.server.log.force.sync.num = 128 (default)
2020-11-19 23:06:15,367 [pool-255-thread-1] INFO  server.RaftServerConfigKeys (ConfUtils.java:logGet(44)) - raft.server.log.statemachine.data.sync = true (default)
2020-11-19 23:06:15,367 [pool-255-thread-1] INFO  server.RaftServerConfigKeys (ConfUtils.java:logGet(44)) - raft.server.log.statemachine.data.sync.timeout = 10s (default)
2020-11-19 23:06:15,367 [pool-255-thread-1] INFO  server.RaftServerConfigKeys (ConfUtils.java:logGet(44)) - raft.server.log.statemachine.data.sync.timeout.retry = -1 (default)
2020-11-19 23:06:15,369 [pool-255-thread-1] INFO  server.RaftServerConfigKeys (ConfUtils.java:logGet(44)) - raft.server.log.statemachine.data.caching.enabled = true (custom)
2020-11-19 23:06:15,369 [pool-255-thread-1] INFO  segmented.SegmentedRaftLogWorker (SegmentedRaftLogWorker.java:lambda$new$0(129)) - e537a7bc-f79b-4a05-8c44-b6b3cb5e8abc@group-35CA3CECE337-SegmentedRaftLogWorker: flushIndex: setUnconditionally 0 -> -1
2020-11-19 23:06:15,369 [pool-255-thread-1] INFO  segmented.SegmentedRaftLogWorker (SegmentedRaftLogWorker.java:lambda$new$0(129)) - e537a7bc-f79b-4a05-8c44-b6b3cb5e8abc@group-35CA3CECE337-SegmentedRaftLogWorker: safeCacheEvictIndex: setUnconditionally 0 -> -1
2020-11-19 23:06:15,369 [pool-255-thread-1] INFO  server.RaftServerConfigKeys (ConfUtils.java:logGet(44)) - raft.server.snapshot.auto.trigger.enabled = true (custom)
2020-11-19 23:06:15,369 [pool-255-thread-1] INFO  server.RaftServerConfigKeys (ConfUtils.java:logGet(44)) - raft.server.snapshot.auto.trigger.threshold = 10000 (custom)
2020-11-19 23:06:15,369 [pool-255-thread-1] INFO  server.RaftServerConfigKeys (ConfUtils.java:logGet(44)) - raft.server.snapshot.retention.file.num = 5 (custom)
2020-11-19 23:06:15,370 [pool-255-thread-1] INFO  server.RaftServerConfigKeys (ConfUtils.java:logGet(44)) - raft.server.log.purge.upto.snapshot.index = false (default)
2020-11-19 23:06:15,370 [pool-255-thread-1] INFO  server.RaftServerConfigKeys (ConfUtils.java:logGet(44)) - raft.server.retrycache.expirytime = 600000ms (custom)
2020-11-19 23:06:15,370 [pool-255-thread-1] INFO  metrics.RatisMetrics (RatisMetrics.java:lambda$create$0(36)) - Creating Metrics Registry : ratis.leader_election.e537a7bc-f79b-4a05-8c44-b6b3cb5e8abc@group-35CA3CECE337
2020-11-19 23:06:15,370 [pool-255-thread-1] INFO  metrics.RatisMetrics (RatisMetrics.java:lambda$create$0(36)) - Creating Metrics Registry : ratis.server.e537a7bc-f79b-4a05-8c44-b6b3cb5e8abc@group-35CA3CECE337
2020-11-19 23:06:15,371 [pool-255-thread-1] INFO  impl.RaftServerImpl (RaftServerImpl.java:start(209)) - e537a7bc-f79b-4a05-8c44-b6b3cb5e8abc@group-35CA3CECE337: start as a follower, conf=-1: [e537a7bc-f79b-4a05-8c44-b6b3cb5e8abc:172.17.0.2:34393:0], old=null
2020-11-19 23:06:15,371 [pool-255-thread-1] INFO  impl.RaftServerImpl (RaftServerImpl.java:setRole(198)) - e537a7bc-f79b-4a05-8c44-b6b3cb5e8abc@group-35CA3CECE337: changes role from      null to FOLLOWER at term 0 for startAsFollower
2020-11-19 23:06:15,372 [pool-255-thread-1] INFO  impl.RoleInfo (RoleInfo.java:updateAndGet(143)) - e537a7bc-f79b-4a05-8c44-b6b3cb5e8abc: start FollowerState
2020-11-19 23:06:15,372 [pool-255-thread-1] INFO  util.JmxRegister (JmxRegister.java:tryRegister(44)) - Successfully registered JMX Bean with object name Ratis:service=RaftServer,group=group-35CA3CECE337,id=e537a7bc-f79b-4a05-8c44-b6b3cb5e8abc
2020-11-19 23:06:15,372 [pool-255-thread-1] INFO  metrics.RatisMetrics (RatisMetrics.java:lambda$create$0(36)) - Creating Metrics Registry : ratis.state_machine.e537a7bc-f79b-4a05-8c44-b6b3cb5e8abc@group-35CA3CECE337
2020-11-19 23:06:15,373 [Command processor thread] INFO  commandhandler.CreatePipelineCommandHandler (CreatePipelineCommandHandler.java:handle(106)) - Created Pipeline RATIS ONE PipelineID=723ae292-efe6-4679-a032-35ca3cece337.
2020-11-19 23:06:15,543 [Listener at 127.0.0.1/37889] INFO  ozone.MiniOzoneClusterImpl (MiniOzoneClusterImpl.java:lambda$waitForClusterToBeReady$0(178)) - Nodes are ready. Got 7 of 7 DN Heartbeats.
2020-11-19 23:06:15,543 [Listener at 127.0.0.1/37889] INFO  ozone.MiniOzoneClusterImpl (MiniOzoneClusterImpl.java:lambda$waitForClusterToBeReady$0(181)) - Waiting for cluster to exit safe mode
2020-11-19 23:06:15,546 [Command processor thread] INFO  impl.RaftServerProxy (RaftServerProxy.java:addNew(92)) - 188c74fb-01a2-49f8-907b-5c6f6de66734: addNew group-71E8CF0D852E:[188c74fb-01a2-49f8-907b-5c6f6de66734:172.17.0.2:42101:0] returns group-71E8CF0D852E:java.util.concurrent.CompletableFuture@5d84e6bd[Not completed]
2020-11-19 23:06:15,547 [pool-271-thread-1] INFO  impl.RaftServerImpl (RaftServerImpl.java:<init>(120)) - 188c74fb-01a2-49f8-907b-5c6f6de66734: new RaftServerImpl for group-71E8CF0D852E:[188c74fb-01a2-49f8-907b-5c6f6de66734:172.17.0.2:42101:0] with ContainerStateMachine:uninitialized
2020-11-19 23:06:15,548 [pool-271-thread-1] INFO  server.RaftServerConfigKeys (ConfUtils.java:logGet(44)) - raft.server.rpc.timeout.min = 5s (custom)
2020-11-19 23:06:15,548 [pool-271-thread-1] INFO  server.RaftServerConfigKeys (ConfUtils.java:logGet(44)) - raft.server.rpc.timeout.max = 5200ms (custom)
2020-11-19 23:06:15,548 [pool-271-thread-1] INFO  server.RaftServerConfigKeys (ConfUtils.java:logGet(44)) - raft.server.rpcslowness.timeout = 300s (custom)
2020-11-19 23:06:15,548 [pool-271-thread-1] INFO  server.RaftServerConfigKeys (ConfUtils.java:logGet(44)) - raft.server.sleep.deviation.threshold = 300 (default)
2020-11-19 23:06:15,548 [pool-271-thread-1] INFO  server.RaftServerConfigKeys (ConfUtils.java:logGet(44)) - raft.server.log.appender.install.snapshot.enabled = false (custom)
2020-11-19 23:06:15,548 [pool-271-thread-1] INFO  impl.RaftServerImpl (ServerState.java:<init>(104)) - 188c74fb-01a2-49f8-907b-5c6f6de66734@group-71E8CF0D852E: ConfigurationManager, init=-1: [188c74fb-01a2-49f8-907b-5c6f6de66734:172.17.0.2:42101:0], old=null, confs=<EMPTY_MAP>
2020-11-19 23:06:15,551 [pool-271-thread-1] INFO  server.RaftServerConfigKeys (ConfUtils.java:logGet(44)) - raft.server.storage.dir = [/github/workspace/mnt/ozone/hadoop-ozone/integration-test/target/test-dir/MiniOzoneClusterImpl-f63f6e49-a519-49d7-bac2-b5e85396f7e3/datanode-6/data/ratis] (custom)
2020-11-19 23:06:15,551 [pool-271-thread-1] INFO  server.RaftServerConfigKeys (ConfUtils.java:logGet(44)) - raft.server.log.corruption.policy = EXCEPTION (default)
2020-11-19 23:06:15,551 [pool-271-thread-1] INFO  storage.RaftStorageDirectory (RaftStorageDirectory.java:analyzeStorage(261)) - The storage directory /github/workspace/mnt/ozone/hadoop-ozone/integration-test/target/test-dir/MiniOzoneClusterImpl-f63f6e49-a519-49d7-bac2-b5e85396f7e3/datanode-6/data/ratis/6aef0bd9-9c23-4e87-8dd7-71e8cf0d852e does not exist. Creating ...
2020-11-19 23:06:15,552 [pool-271-thread-1] INFO  storage.RaftStorageDirectory (RaftStorageDirectory.java:tryLock(343)) - Lock on /github/workspace/mnt/ozone/hadoop-ozone/integration-test/target/test-dir/MiniOzoneClusterImpl-f63f6e49-a519-49d7-bac2-b5e85396f7e3/datanode-6/data/ratis/6aef0bd9-9c23-4e87-8dd7-71e8cf0d852e/in_use.lock acquired by nodename 14728@3a6e21f0ed7d
2020-11-19 23:06:15,554 [pool-271-thread-1] INFO  storage.RaftStorage (RaftStorage.java:format(84)) - Storage directory /github/workspace/mnt/ozone/hadoop-ozone/integration-test/target/test-dir/MiniOzoneClusterImpl-f63f6e49-a519-49d7-bac2-b5e85396f7e3/datanode-6/data/ratis/6aef0bd9-9c23-4e87-8dd7-71e8cf0d852e has been successfully formatted.
2020-11-19 23:06:15,554 [pool-271-thread-1] INFO  ratis.ContainerStateMachine (ContainerStateMachine.java:loadSnapshot(225)) - group-71E8CF0D852E: The snapshot info is null. Setting the last applied indexto:(t:0, i:~)
2020-11-19 23:06:15,555 [pool-271-thread-1] INFO  server.RaftServerConfigKeys (ConfUtils.java:logGet(44)) - raft.server.notification.no-leader.timeout = 300s (custom)
2020-11-19 23:06:15,555 [pool-271-thread-1] INFO  server.RaftServerConfigKeys (ConfUtils.java:logGet(44)) - raft.server.log.use.memory = false (default)
2020-11-19 23:06:15,555 [pool-271-thread-1] INFO  server.RaftServerConfigKeys (ConfUtils.java:logGet(44)) - raft.server.log.purge.gap = 1000000 (custom)
2020-11-19 23:06:15,555 [pool-271-thread-1] INFO  metrics.RatisMetrics (RatisMetrics.java:lambda$create$0(36)) - Creating Metrics Registry : ratis.log_worker.188c74fb-01a2-49f8-907b-5c6f6de66734@group-71E8CF0D852E
2020-11-19 23:06:15,555 [EventQueue-PipelineReportForOneReplicaPipelineSafeModeRule] INFO  safemode.SCMSafeModeManager (SCMSafeModeManager.java:validateSafeModeExitRules(214)) - AtleastOneDatanodeReportedRule rule is successfully validated
2020-11-19 23:06:15,555 [EventQueue-PipelineReportForPipelineReportHandler] INFO  pipeline.PipelineStateManager (PipelineStateManager.java:openPipeline(132)) - Pipeline Pipeline[ Id: 6aef0bd9-9c23-4e87-8dd7-71e8cf0d852e, Nodes: 188c74fb-01a2-49f8-907b-5c6f6de66734{ip: 172.17.0.2, host: 3a6e21f0ed7d, networkLocation: /default-rack, certSerialId: null}, Type:RATIS, Factor:ONE, State:ALLOCATED, leaderId:188c74fb-01a2-49f8-907b-5c6f6de66734, CreationTimestamp2020-11-19T23:06:12.549Z] moved to OPEN state
2020-11-19 23:06:15,555 [pool-271-thread-1] INFO  server.RaftServerConfigKeys (ConfUtils.java:logGet(44)) - raft.server.log.appender.buffer.byte-limit = 33554432 (custom)
2020-11-19 23:06:15,556 [pool-271-thread-1] INFO  server.RaftServerConfigKeys (ConfUtils.java:logGet(44)) - raft.server.log.segment.size.max = 1048576 (custom)
2020-11-19 23:06:15,556 [EventQueue-OpenPipelineForHealthyPipelineSafeModeRule] INFO  safemode.SCMSafeModeManager (HealthyPipelineSafeModeRule.java:process(128)) - SCM in safe mode. Healthy pipelines reported count is 0, required healthy pipeline reported count is 1
2020-11-19 23:06:15,556 [pool-271-thread-1] INFO  server.RaftServerConfigKeys (ConfUtils.java:logGet(44)) - raft.server.log.segment.cache.num.max = 2 (custom)
2020-11-19 23:06:15,556 [pool-271-thread-1] INFO  segmented.SegmentedRaftLogWorker (SegmentedRaftLogWorker.java:<init>(180)) - new 188c74fb-01a2-49f8-907b-5c6f6de66734@group-71E8CF0D852E-SegmentedRaftLogWorker for RaftStorage:Storage Directory /github/workspace/mnt/ozone/hadoop-ozone/integration-test/target/test-dir/MiniOzoneClusterImpl-f63f6e49-a519-49d7-bac2-b5e85396f7e3/datanode-6/data/ratis/6aef0bd9-9c23-4e87-8dd7-71e8cf0d852e
2020-11-19 23:06:15,556 [pool-271-thread-1] INFO  server.RaftServerConfigKeys (ConfUtils.java:logGet(44)) - raft.server.log.queue.byte-limit = 2147483647 (custom)
2020-11-19 23:06:15,556 [pool-271-thread-1] INFO  server.RaftServerConfigKeys (ConfUtils.java:logGet(44)) - raft.server.log.queue.element-limit = 1024 (custom)
2020-11-19 23:06:15,556 [pool-271-thread-1] INFO  server.RaftServerConfigKeys (ConfUtils.java:logGet(44)) - raft.server.log.segment.size.max = 1048576 (custom)
2020-11-19 23:06:15,557 [pool-271-thread-1] INFO  server.RaftServerConfigKeys (ConfUtils.java:logGet(44)) - raft.server.log.preallocated.size = 16384 (custom)
2020-11-19 23:06:15,557 [pool-271-thread-1] INFO  server.RaftServerConfigKeys (ConfUtils.java:logGet(44)) - raft.server.log.write.buffer.size = 1048576 (custom)
2020-11-19 23:06:15,557 [pool-271-thread-1] INFO  server.RaftServerConfigKeys (ConfUtils.java:logGet(44)) - raft.server.log.force.sync.num = 128 (default)
2020-11-19 23:06:15,557 [pool-271-thread-1] INFO  server.RaftServerConfigKeys (ConfUtils.java:logGet(44)) - raft.server.log.statemachine.data.sync = true (default)
2020-11-19 23:06:15,557 [pool-271-thread-1] INFO  server.RaftServerConfigKeys (ConfUtils.java:logGet(44)) - raft.server.log.statemachine.data.sync.timeout = 10s (default)
2020-11-19 23:06:15,557 [pool-271-thread-1] INFO  server.RaftServerConfigKeys (ConfUtils.java:logGet(44)) - raft.server.log.statemachine.data.sync.timeout.retry = -1 (default)
2020-11-19 23:06:15,558 [pool-271-thread-1] INFO  server.RaftServerConfigKeys (ConfUtils.java:logGet(44)) - raft.server.log.statemachine.data.caching.enabled = true (custom)
2020-11-19 23:06:15,559 [pool-271-thread-1] INFO  segmented.SegmentedRaftLogWorker (SegmentedRaftLogWorker.java:lambda$new$0(129)) - 188c74fb-01a2-49f8-907b-5c6f6de66734@group-71E8CF0D852E-SegmentedRaftLogWorker: flushIndex: setUnconditionally 0 -> -1
2020-11-19 23:06:15,559 [pool-271-thread-1] INFO  segmented.SegmentedRaftLogWorker (SegmentedRaftLogWorker.java:lambda$new$0(129)) - 188c74fb-01a2-49f8-907b-5c6f6de66734@group-71E8CF0D852E-SegmentedRaftLogWorker: safeCacheEvictIndex: setUnconditionally 0 -> -1
2020-11-19 23:06:15,559 [pool-271-thread-1] INFO  server.RaftServerConfigKeys (ConfUtils.java:logGet(44)) - raft.server.snapshot.auto.trigger.enabled = true (custom)
2020-11-19 23:06:15,559 [pool-271-thread-1] INFO  server.RaftServerConfigKeys (ConfUtils.java:logGet(44)) - raft.server.snapshot.auto.trigger.threshold = 10000 (custom)
2020-11-19 23:06:15,559 [pool-271-thread-1] INFO  server.RaftServerConfigKeys (ConfUtils.java:logGet(44)) - raft.server.snapshot.retention.file.num = 5 (custom)
2020-11-19 23:06:15,559 [pool-271-thread-1] INFO  server.RaftServerConfigKeys (ConfUtils.java:logGet(44)) - raft.server.log.purge.upto.snapshot.index = false (default)
2020-11-19 23:06:15,559 [pool-271-thread-1] INFO  server.RaftServerConfigKeys (ConfUtils.java:logGet(44)) - raft.server.retrycache.expirytime = 600000ms (custom)
2020-11-19 23:06:15,559 [pool-271-thread-1] INFO  metrics.RatisMetrics (RatisMetrics.java:lambda$create$0(36)) - Creating Metrics Registry : ratis.leader_election.188c74fb-01a2-49f8-907b-5c6f6de66734@group-71E8CF0D852E
2020-11-19 23:06:15,560 [pool-271-thread-1] INFO  metrics.RatisMetrics (RatisMetrics.java:lambda$create$0(36)) - Creating Metrics Registry : ratis.server.188c74fb-01a2-49f8-907b-5c6f6de66734@group-71E8CF0D852E
2020-11-19 23:06:15,560 [pool-271-thread-1] INFO  impl.RaftServerImpl (RaftServerImpl.java:start(209)) - 188c74fb-01a2-49f8-907b-5c6f6de66734@group-71E8CF0D852E: start as a follower, conf=-1: [188c74fb-01a2-49f8-907b-5c6f6de66734:172.17.0.2:42101:0], old=null
2020-11-19 23:06:15,560 [pool-271-thread-1] INFO  impl.RaftServerImpl (RaftServerImpl.java:setRole(198)) - 188c74fb-01a2-49f8-907b-5c6f6de66734@group-71E8CF0D852E: changes role from      null to FOLLOWER at term 0 for startAsFollower
2020-11-19 23:06:15,561 [pool-271-thread-1] INFO  impl.RoleInfo (RoleInfo.java:updateAndGet(143)) - 188c74fb-01a2-49f8-907b-5c6f6de66734: start FollowerState
2020-11-19 23:06:15,561 [pool-271-thread-1] INFO  util.JmxRegister (JmxRegister.java:tryRegister(44)) - Successfully registered JMX Bean with object name Ratis:service=RaftServer,group=group-71E8CF0D852E,id=188c74fb-01a2-49f8-907b-5c6f6de66734
2020-11-19 23:06:15,561 [pool-271-thread-1] INFO  metrics.RatisMetrics (RatisMetrics.java:lambda$create$0(36)) - Creating Metrics Registry : ratis.state_machine.188c74fb-01a2-49f8-907b-5c6f6de66734@group-71E8CF0D852E
2020-11-19 23:06:15,562 [Command processor thread] INFO  commandhandler.CreatePipelineCommandHandler (CreatePipelineCommandHandler.java:handle(106)) - Created Pipeline RATIS ONE PipelineID=6aef0bd9-9c23-4e87-8dd7-71e8cf0d852e.
2020-11-19 23:06:16,543 [Listener at 127.0.0.1/37889] INFO  ozone.MiniOzoneClusterImpl (MiniOzoneClusterImpl.java:lambda$waitForClusterToBeReady$0(178)) - Nodes are ready. Got 7 of 7 DN Heartbeats.
2020-11-19 23:06:16,544 [Listener at 127.0.0.1/37889] INFO  ozone.MiniOzoneClusterImpl (MiniOzoneClusterImpl.java:lambda$waitForClusterToBeReady$0(181)) - Waiting for cluster to exit safe mode
2020-11-19 23:06:17,544 [Listener at 127.0.0.1/37889] INFO  ozone.MiniOzoneClusterImpl (MiniOzoneClusterImpl.java:lambda$waitForClusterToBeReady$0(178)) - Nodes are ready. Got 7 of 7 DN Heartbeats.
2020-11-19 23:06:17,544 [Listener at 127.0.0.1/37889] INFO  ozone.MiniOzoneClusterImpl (MiniOzoneClusterImpl.java:lambda$waitForClusterToBeReady$0(181)) - Waiting for cluster to exit safe mode
2020-11-19 23:06:18,544 [Listener at 127.0.0.1/37889] INFO  ozone.MiniOzoneClusterImpl (MiniOzoneClusterImpl.java:lambda$waitForClusterToBeReady$0(178)) - Nodes are ready. Got 7 of 7 DN Heartbeats.
2020-11-19 23:06:18,545 [Listener at 127.0.0.1/37889] INFO  ozone.MiniOzoneClusterImpl (MiniOzoneClusterImpl.java:lambda$waitForClusterToBeReady$0(181)) - Waiting for cluster to exit safe mode
2020-11-19 23:06:19,545 [Listener at 127.0.0.1/37889] INFO  ozone.MiniOzoneClusterImpl (MiniOzoneClusterImpl.java:lambda$waitForClusterToBeReady$0(178)) - Nodes are ready. Got 7 of 7 DN Heartbeats.
2020-11-19 23:06:19,545 [Listener at 127.0.0.1/37889] INFO  ozone.MiniOzoneClusterImpl (MiniOzoneClusterImpl.java:lambda$waitForClusterToBeReady$0(181)) - Waiting for cluster to exit safe mode
2020-11-19 23:06:19,585 [Thread-586] INFO  impl.FollowerState (FollowerState.java:run(108)) - 961b22ad-a322-4351-a83b-55dc9b155106@group-2EDA84B3B013-FollowerState: change to CANDIDATE, lastRpcTime:5075ms, electionTimeout:5074ms
2020-11-19 23:06:19,586 [Thread-586] INFO  impl.RoleInfo (RoleInfo.java:shutdownFollowerState(121)) - 961b22ad-a322-4351-a83b-55dc9b155106: shutdown FollowerState
2020-11-19 23:06:19,586 [Thread-586] INFO  impl.RaftServerImpl (RaftServerImpl.java:setRole(198)) - 961b22ad-a322-4351-a83b-55dc9b155106@group-2EDA84B3B013: changes role from  FOLLOWER to CANDIDATE at term 0 for changeToCandidate
2020-11-19 23:06:19,586 [Thread-586] INFO  impl.RoleInfo (RoleInfo.java:updateAndGet(143)) - 961b22ad-a322-4351-a83b-55dc9b155106: start LeaderElection
2020-11-19 23:06:19,591 [961b22ad-a322-4351-a83b-55dc9b155106@group-2EDA84B3B013-LeaderElection13] INFO  impl.LeaderElection (LeaderElection.java:askForVotes(210)) - 961b22ad-a322-4351-a83b-55dc9b155106@group-2EDA84B3B013-LeaderElection13: begin an election at term 1 for -1: [961b22ad-a322-4351-a83b-55dc9b155106:172.17.0.2:46253:0], old=null
2020-11-19 23:06:19,591 [961b22ad-a322-4351-a83b-55dc9b155106@group-2EDA84B3B013-LeaderElection13] INFO  impl.RoleInfo (RoleInfo.java:shutdownLeaderElection(134)) - 961b22ad-a322-4351-a83b-55dc9b155106: shutdown LeaderElection
2020-11-19 23:06:19,591 [961b22ad-a322-4351-a83b-55dc9b155106@group-2EDA84B3B013-LeaderElection13] INFO  impl.RaftServerImpl (RaftServerImpl.java:setRole(198)) - 961b22ad-a322-4351-a83b-55dc9b155106@group-2EDA84B3B013: changes role from CANDIDATE to LEADER at term 1 for changeToLeader
2020-11-19 23:06:19,591 [961b22ad-a322-4351-a83b-55dc9b155106@group-2EDA84B3B013-LeaderElection13] INFO  ratis.XceiverServerRatis (XceiverServerRatis.java:handleLeaderChangedNotification(854)) - Leader change notification received for group: group-2EDA84B3B013 with new leaderId: 961b22ad-a322-4351-a83b-55dc9b155106
2020-11-19 23:06:19,591 [961b22ad-a322-4351-a83b-55dc9b155106@group-2EDA84B3B013-LeaderElection13] INFO  impl.RaftServerImpl (ServerState.java:setLeader(256)) - 961b22ad-a322-4351-a83b-55dc9b155106@group-2EDA84B3B013: change Leader from null to 961b22ad-a322-4351-a83b-55dc9b155106 at term 1 for becomeLeader, leader elected after 5097ms
2020-11-19 23:06:19,593 [961b22ad-a322-4351-a83b-55dc9b155106@group-2EDA84B3B013-LeaderElection13] INFO  server.RaftServerConfigKeys (ConfUtils.java:logGet(44)) - raft.server.staging.catchup.gap = 1000 (default)
2020-11-19 23:06:19,593 [961b22ad-a322-4351-a83b-55dc9b155106@group-2EDA84B3B013-LeaderElection13] INFO  server.RaftServerConfigKeys (ConfUtils.java:logGet(44)) - raft.server.rpc.sleep.time = 25ms (default)
2020-11-19 23:06:19,593 [961b22ad-a322-4351-a83b-55dc9b155106@group-2EDA84B3B013-LeaderElection13] INFO  metrics.RatisMetrics (RatisMetrics.java:lambda$create$0(36)) - Creating Metrics Registry : ratis.log_appender.961b22ad-a322-4351-a83b-55dc9b155106@group-2EDA84B3B013
2020-11-19 23:06:19,593 [EventQueue-PipelineReportForOneReplicaPipelineSafeModeRule] INFO  safemode.SCMSafeModeManager (SCMSafeModeManager.java:validateSafeModeExitRules(214)) - AtleastOneDatanodeReportedRule rule is successfully validated
2020-11-19 23:06:19,593 [961b22ad-a322-4351-a83b-55dc9b155106@group-2EDA84B3B013-LeaderElection13] INFO  server.RaftServerConfigKeys (ConfUtils.java:logGet(44)) - raft.server.write.element-limit = 1024 (custom)
2020-11-19 23:06:19,593 [961b22ad-a322-4351-a83b-55dc9b155106@group-2EDA84B3B013-LeaderElection13] INFO  server.RaftServerConfigKeys (ConfUtils.java:logGet(44)) - raft.server.write.byte-limit = 1073741824 (custom)
2020-11-19 23:06:19,593 [EventQueue-OpenPipelineForHealthyPipelineSafeModeRule] INFO  safemode.SCMSafeModeManager (HealthyPipelineSafeModeRule.java:process(128)) - SCM in safe mode. Healthy pipelines reported count is 0, required healthy pipeline reported count is 1
2020-11-19 23:06:19,594 [961b22ad-a322-4351-a83b-55dc9b155106@group-2EDA84B3B013-LeaderElection13] INFO  server.RaftServerConfigKeys (ConfUtils.java:logGet(44)) - raft.server.watch.timeout = 180s (custom)
2020-11-19 23:06:19,594 [961b22ad-a322-4351-a83b-55dc9b155106@group-2EDA84B3B013-LeaderElection13] INFO  server.RaftServerConfigKeys (ConfUtils.java:logGet(44)) - raft.server.watch.timeout.denomination = 1s (default)
2020-11-19 23:06:19,594 [961b22ad-a322-4351-a83b-55dc9b155106@group-2EDA84B3B013-LeaderElection13] INFO  server.RaftServerConfigKeys (ConfUtils.java:logGet(44)) - raft.server.watch.element-limit = 65536 (default)
2020-11-19 23:06:19,595 [961b22ad-a322-4351-a83b-55dc9b155106@group-2EDA84B3B013-LeaderElection13] INFO  impl.RoleInfo (RoleInfo.java:updateAndGet(143)) - 961b22ad-a322-4351-a83b-55dc9b155106: start LeaderState
2020-11-19 23:06:19,595 [961b22ad-a322-4351-a83b-55dc9b155106@group-2EDA84B3B013-LeaderElection13] INFO  segmented.SegmentedRaftLogWorker (SegmentedRaftLogWorker.java:startLogSegment(397)) - 961b22ad-a322-4351-a83b-55dc9b155106@group-2EDA84B3B013-SegmentedRaftLogWorker: Starting segment from index:0
2020-11-19 23:06:19,597 [961b22ad-a322-4351-a83b-55dc9b155106@group-2EDA84B3B013-SegmentedRaftLogWorker] INFO  segmented.SegmentedRaftLogWorker (SegmentedRaftLogWorker.java:execute(596)) - 961b22ad-a322-4351-a83b-55dc9b155106@group-2EDA84B3B013-SegmentedRaftLogWorker: created new log segment /github/workspace/mnt/ozone/hadoop-ozone/integration-test/target/test-dir/MiniOzoneClusterImpl-f63f6e49-a519-49d7-bac2-b5e85396f7e3/datanode-0/data/ratis/ea940ab0-2454-4c96-8bd3-2eda84b3b013/current/log_inprogress_0
2020-11-19 23:06:19,605 [961b22ad-a322-4351-a83b-55dc9b155106@group-2EDA84B3B013-LeaderElection13] INFO  impl.RaftServerImpl (ServerState.java:setRaftConf(374)) - 961b22ad-a322-4351-a83b-55dc9b155106@group-2EDA84B3B013: set configuration 0: [961b22ad-a322-4351-a83b-55dc9b155106:172.17.0.2:46253:0], old=null at 0
2020-11-19 23:06:19,614 [Thread-590] INFO  impl.FollowerState (FollowerState.java:run(108)) - 9f966428-d7f2-4238-96c8-d38b7223cc05@group-B82672A8DD5C-FollowerState: change to CANDIDATE, lastRpcTime:5052ms, electionTimeout:5051ms
2020-11-19 23:06:19,615 [Thread-590] INFO  impl.RoleInfo (RoleInfo.java:shutdownFollowerState(121)) - 9f966428-d7f2-4238-96c8-d38b7223cc05: shutdown FollowerState
2020-11-19 23:06:19,615 [Thread-590] INFO  impl.RaftServerImpl (RaftServerImpl.java:setRole(198)) - 9f966428-d7f2-4238-96c8-d38b7223cc05@group-B82672A8DD5C: changes role from  FOLLOWER to CANDIDATE at term 0 for changeToCandidate
2020-11-19 23:06:19,615 [Thread-590] INFO  impl.RoleInfo (RoleInfo.java:updateAndGet(143)) - 9f966428-d7f2-4238-96c8-d38b7223cc05: start LeaderElection
2020-11-19 23:06:19,617 [9f966428-d7f2-4238-96c8-d38b7223cc05@group-B82672A8DD5C-LeaderElection14] INFO  impl.LeaderElection (LeaderElection.java:askForVotes(210)) - 9f966428-d7f2-4238-96c8-d38b7223cc05@group-B82672A8DD5C-LeaderElection14: begin an election at term 1 for -1: [9f966428-d7f2-4238-96c8-d38b7223cc05:172.17.0.2:38281:0, 6bf896dc-0c7e-47aa-8e27-893b368c36c3:172.17.0.2:45367:0, 961b22ad-a322-4351-a83b-55dc9b155106:172.17.0.2:46253:0], old=null
2020-11-19 23:06:19,628 [grpc-default-executor-4] INFO  impl.RaftServerImpl (RaftServerImpl.java:setRole(198)) - 6bf896dc-0c7e-47aa-8e27-893b368c36c3@group-B82672A8DD5C: changes role from  FOLLOWER to FOLLOWER at term 1 for recognizeCandidate:9f966428-d7f2-4238-96c8-d38b7223cc05
2020-11-19 23:06:19,628 [grpc-default-executor-4] INFO  impl.RoleInfo (RoleInfo.java:shutdownFollowerState(121)) - 6bf896dc-0c7e-47aa-8e27-893b368c36c3: shutdown FollowerState
2020-11-19 23:06:19,628 [grpc-default-executor-4] INFO  impl.RoleInfo (RoleInfo.java:updateAndGet(143)) - 6bf896dc-0c7e-47aa-8e27-893b368c36c3: start FollowerState
2020-11-19 23:06:19,629 [Thread-593] INFO  impl.FollowerState (FollowerState.java:run(117)) - 6bf896dc-0c7e-47aa-8e27-893b368c36c3@group-B82672A8DD5C-FollowerState was interrupted: java.lang.InterruptedException: sleep interrupted
2020-11-19 23:06:19,629 [grpc-default-executor-4] INFO  impl.RaftServerImpl (RaftServerImpl.java:requestVote(923)) -  FOLLOWER 6bf896dc-0c7e-47aa-8e27-893b368c36c3@group-B82672A8DD5C:t1, leader=null, voted=null, raftlog=6bf896dc-0c7e-47aa-8e27-893b368c36c3@group-B82672A8DD5C-SegmentedRaftLog:OPENED:c-1,f-1,i0, conf=-1: [9f966428-d7f2-4238-96c8-d38b7223cc05:172.17.0.2:38281:0, 6bf896dc-0c7e-47aa-8e27-893b368c36c3:172.17.0.2:45367:0, 961b22ad-a322-4351-a83b-55dc9b155106:172.17.0.2:46253:0], old=null RUNNING priority:0 candidate:9f966428-d7f2-4238-96c8-d38b7223cc05:172.17.0.2:38281:0 candidatePriority:0 compare:0
2020-11-19 23:06:19,637 [9f966428-d7f2-4238-96c8-d38b7223cc05@group-B82672A8DD5C-LeaderElection14] INFO  impl.LeaderElection (LeaderElection.java:logAndReturn(62)) - 9f966428-d7f2-4238-96c8-d38b7223cc05@group-B82672A8DD5C-LeaderElection14: Election PASSED; received 1 response(s) [9f966428-d7f2-4238-96c8-d38b7223cc05<-6bf896dc-0c7e-47aa-8e27-893b368c36c3#0:OK-t1] and 0 exception(s); 9f966428-d7f2-4238-96c8-d38b7223cc05@group-B82672A8DD5C:t1, leader=null, voted=9f966428-d7f2-4238-96c8-d38b7223cc05, raftlog=9f966428-d7f2-4238-96c8-d38b7223cc05@group-B82672A8DD5C-SegmentedRaftLog:OPENED:c-1,f-1,i0, conf=-1: [9f966428-d7f2-4238-96c8-d38b7223cc05:172.17.0.2:38281:0, 6bf896dc-0c7e-47aa-8e27-893b368c36c3:172.17.0.2:45367:0, 961b22ad-a322-4351-a83b-55dc9b155106:172.17.0.2:46253:0], old=null
2020-11-19 23:06:19,637 [9f966428-d7f2-4238-96c8-d38b7223cc05@group-B82672A8DD5C-LeaderElection14] INFO  impl.RoleInfo (RoleInfo.java:shutdownLeaderElection(134)) - 9f966428-d7f2-4238-96c8-d38b7223cc05: shutdown LeaderElection
2020-11-19 23:06:19,637 [9f966428-d7f2-4238-96c8-d38b7223cc05@group-B82672A8DD5C-LeaderElection14] INFO  impl.RaftServerImpl (RaftServerImpl.java:setRole(198)) - 9f966428-d7f2-4238-96c8-d38b7223cc05@group-B82672A8DD5C: changes role from CANDIDATE to LEADER at term 1 for changeToLeader
2020-11-19 23:06:19,637 [9f966428-d7f2-4238-96c8-d38b7223cc05@group-B82672A8DD5C-LeaderElection14] INFO  ratis.XceiverServerRatis (XceiverServerRatis.java:handleLeaderChangedNotification(854)) - Leader change notification received for group: group-B82672A8DD5C with new leaderId: 9f966428-d7f2-4238-96c8-d38b7223cc05
2020-11-19 23:06:19,638 [9f966428-d7f2-4238-96c8-d38b7223cc05@group-B82672A8DD5C-LeaderElection14] INFO  impl.RaftServerImpl (ServerState.java:setLeader(256)) - 9f966428-d7f2-4238-96c8-d38b7223cc05@group-B82672A8DD5C: change Leader from null to 9f966428-d7f2-4238-96c8-d38b7223cc05 at term 1 for becomeLeader, leader elected after 5084ms
2020-11-19 23:06:19,638 [grpc-default-executor-4] INFO  metrics.RatisMetrics (RatisMetrics.java:lambda$create$0(36)) - Creating Metrics Registry : ratis.server_message_metrics.961b22ad-a322-4351-a83b-55dc9b155106
2020-11-19 23:06:19,640 [EventQueue-PipelineReportForPipelineReportHandler] INFO  pipeline.PipelineStateManager (PipelineStateManager.java:openPipeline(132)) - Pipeline Pipeline[ Id: fdc5f4db-202c-4d59-af6b-b82672a8dd5c, Nodes: 961b22ad-a322-4351-a83b-55dc9b155106{ip: 172.17.0.2, host: 3a6e21f0ed7d, networkLocation: /default-rack, certSerialId: null}9f966428-d7f2-4238-96c8-d38b7223cc05{ip: 172.17.0.2, host: 3a6e21f0ed7d, networkLocation: /default-rack, certSerialId: null}6bf896dc-0c7e-47aa-8e27-893b368c36c3{ip: 172.17.0.2, host: 3a6e21f0ed7d, networkLocation: /default-rack, certSerialId: null}, Type:RATIS, Factor:THREE, State:ALLOCATED, leaderId:9f966428-d7f2-4238-96c8-d38b7223cc05, CreationTimestamp2020-11-19T23:06:11.850Z] moved to OPEN state
2020-11-19 23:06:19,639 [9f966428-d7f2-4238-96c8-d38b7223cc05@group-B82672A8DD5C-LeaderElection14] INFO  server.RaftServerConfigKeys (ConfUtils.java:logGet(44)) - raft.server.staging.catchup.gap = 1000 (default)
2020-11-19 23:06:19,641 [9f966428-d7f2-4238-96c8-d38b7223cc05@group-B82672A8DD5C-LeaderElection14] INFO  server.RaftServerConfigKeys (ConfUtils.java:logGet(44)) - raft.server.rpc.sleep.time = 25ms (default)
2020-11-19 23:06:19,641 [9f966428-d7f2-4238-96c8-d38b7223cc05@group-B82672A8DD5C-LeaderElection14] INFO  metrics.RatisMetrics (RatisMetrics.java:lambda$create$0(36)) - Creating Metrics Registry : ratis.log_appender.9f966428-d7f2-4238-96c8-d38b7223cc05@group-B82672A8DD5C
2020-11-19 23:06:19,641 [EventQueue-PipelineReportForOneReplicaPipelineSafeModeRule] INFO  safemode.SCMSafeModeManager (SCMSafeModeManager.java:validateSafeModeExitRules(214)) - AtleastOneDatanodeReportedRule rule is successfully validated
2020-11-19 23:06:19,641 [9f966428-d7f2-4238-96c8-d38b7223cc05@group-B82672A8DD5C-LeaderElection14] INFO  server.RaftServerConfigKeys (ConfUtils.java:logGet(44)) - raft.server.write.element-limit = 1024 (custom)
2020-11-19 23:06:19,642 [9f966428-d7f2-4238-96c8-d38b7223cc05@group-B82672A8DD5C-LeaderElection14] INFO  server.RaftServerConfigKeys (ConfUtils.java:logGet(44)) - raft.server.write.byte-limit = 1073741824 (custom)
2020-11-19 23:06:19,643 [9f966428-d7f2-4238-96c8-d38b7223cc05@group-B82672A8DD5C-LeaderElection14] INFO  server.RaftServerConfigKeys (ConfUtils.java:logGet(44)) - raft.server.watch.timeout = 180s (custom)
2020-11-19 23:06:19,643 [9f966428-d7f2-4238-96c8-d38b7223cc05@group-B82672A8DD5C-LeaderElection14] INFO  server.RaftServerConfigKeys (ConfUtils.java:logGet(44)) - raft.server.watch.timeout.denomination = 1s (default)
2020-11-19 23:06:19,643 [9f966428-d7f2-4238-96c8-d38b7223cc05@group-B82672A8DD5C-LeaderElection14] INFO  server.RaftServerConfigKeys (ConfUtils.java:logGet(44)) - raft.server.watch.element-limit = 65536 (default)
2020-11-19 23:06:19,643 [9f966428-d7f2-4238-96c8-d38b7223cc05@group-B82672A8DD5C-LeaderElection14] INFO  server.RaftServerConfigKeys (ConfUtils.java:logGet(44)) - raft.server.log.appender.snapshot.chunk.size.max = 16MB (=16777216) (default)
2020-11-19 23:06:19,643 [9f966428-d7f2-4238-96c8-d38b7223cc05@group-B82672A8DD5C-LeaderElection14] INFO  server.RaftServerConfigKeys (ConfUtils.java:logGet(44)) - raft.server.log.appender.buffer.byte-limit = 33554432 (custom)
2020-11-19 23:06:19,643 [9f966428-d7f2-4238-96c8-d38b7223cc05@group-B82672A8DD5C-LeaderElection14] INFO  server.RaftServerConfigKeys (ConfUtils.java:logGet(44)) - raft.server.log.appender.buffer.element-limit = 1 (custom)
2020-11-19 23:06:19,644 [9f966428-d7f2-4238-96c8-d38b7223cc05@group-B82672A8DD5C-LeaderElection14] INFO  grpc.GrpcConfigKeys (ConfUtils.java:logGet(44)) - raft.grpc.server.leader.outstanding.appends.max = 128 (default)
2020-11-19 23:06:19,644 [9f966428-d7f2-4238-96c8-d38b7223cc05@group-B82672A8DD5C-LeaderElection14] INFO  server.RaftServerConfigKeys (ConfUtils.java:logGet(44)) - raft.server.rpc.request.timeout = 60s (custom)
2020-11-19 23:06:19,644 [9f966428-d7f2-4238-96c8-d38b7223cc05@group-B82672A8DD5C-LeaderElection14] INFO  server.RaftServerConfigKeys (ConfUtils.java:logGet(44)) - raft.server.log.appender.install.snapshot.enabled = false (custom)
2020-11-19 23:06:19,644 [9f966428-d7f2-4238-96c8-d38b7223cc05@group-B82672A8DD5C-LeaderElection14] INFO  metrics.RatisMetrics (RatisMetrics.java:lambda$create$0(36)) - Creating Metrics Registry : ratis_grpc.log_appender.9f966428-d7f2-4238-96c8-d38b7223cc05@group-B82672A8DD5C
2020-11-19 23:06:19,641 [EventQueue-OpenPipelineForHealthyPipelineSafeModeRule] INFO  safemode.SCMSafeModeManager (HealthyPipelineSafeModeRule.java:process(128)) - SCM in safe mode. Healthy pipelines reported count is 0, required healthy pipeline reported count is 1
2020-11-19 23:06:19,645 [9f966428-d7f2-4238-96c8-d38b7223cc05@group-B82672A8DD5C-LeaderElection14] INFO  server.RaftServerConfigKeys (ConfUtils.java:logGet(44)) - raft.server.log.appender.snapshot.chunk.size.max = 16MB (=16777216) (default)
2020-11-19 23:06:19,642 [grpc-default-executor-4] INFO  impl.RaftServerImpl (RaftServerImpl.java:setRole(198)) - 961b22ad-a322-4351-a83b-55dc9b155106@group-B82672A8DD5C: changes role from  FOLLOWER to FOLLOWER at term 1 for recognizeCandidate:9f966428-d7f2-4238-96c8-d38b7223cc05
2020-11-19 23:06:19,645 [grpc-default-executor-4] INFO  impl.RoleInfo (RoleInfo.java:shutdownFollowerState(121)) - 961b22ad-a322-4351-a83b-55dc9b155106: shutdown FollowerState
2020-11-19 23:06:19,645 [grpc-default-executor-4] INFO  impl.RoleInfo (RoleInfo.java:updateAndGet(143)) - 961b22ad-a322-4351-a83b-55dc9b155106: start FollowerState
2020-11-19 23:06:19,645 [EventQueue-OpenPipelineForHealthyPipelineSafeModeRule] INFO  safemode.SCMSafeModeManager (HealthyPipelineSafeModeRule.java:process(128)) - SCM in safe mode. Healthy pipelines reported count is 1, required healthy pipeline reported count is 1
2020-11-19 23:06:19,645 [9f966428-d7f2-4238-96c8-d38b7223cc05@group-B82672A8DD5C-LeaderElection14] INFO  server.RaftServerConfigKeys (ConfUtils.java:logGet(44)) - raft.server.log.appender.buffer.byte-limit = 33554432 (custom)
2020-11-19 23:06:19,645 [Thread-588] INFO  impl.FollowerState (FollowerState.java:run(117)) - 961b22ad-a322-4351-a83b-55dc9b155106@group-B82672A8DD5C-FollowerState was interrupted: java.lang.InterruptedException: sleep interrupted
2020-11-19 23:06:19,645 [9f966428-d7f2-4238-96c8-d38b7223cc05@group-B82672A8DD5C-LeaderElection14] INFO  server.RaftServerConfigKeys (ConfUtils.java:logGet(44)) - raft.server.log.appender.buffer.element-limit = 1 (custom)
2020-11-19 23:06:19,645 [EventQueue-OpenPipelineForHealthyPipelineSafeModeRule] INFO  safemode.SCMSafeModeManager (SCMSafeModeManager.java:validateSafeModeExitRules(214)) - HealthyPipelineSafeModeRule rule is successfully validated
2020-11-19 23:06:19,646 [EventQueue-OpenPipelineForHealthyPipelineSafeModeRule] INFO  safemode.SCMSafeModeManager (SCMSafeModeManager.java:validateSafeModeExitRules(228)) - ScmSafeModeManager, all rules are successfully validated
2020-11-19 23:06:19,646 [EventQueue-OpenPipelineForHealthyPipelineSafeModeRule] INFO  safemode.SCMSafeModeManager (SCMSafeModeManager.java:exitSafeMode(257)) - SCM exiting safe mode.
2020-11-19 23:06:19,646 [grpc-default-executor-4] INFO  impl.RaftServerImpl (RaftServerImpl.java:requestVote(923)) -  FOLLOWER 961b22ad-a322-4351-a83b-55dc9b155106@group-B82672A8DD5C:t1, leader=null, voted=null, raftlog=961b22ad-a322-4351-a83b-55dc9b155106@group-B82672A8DD5C-SegmentedRaftLog:OPENED:c-1,f-1,i0, conf=-1: [9f966428-d7f2-4238-96c8-d38b7223cc05:172.17.0.2:38281:0, 6bf896dc-0c7e-47aa-8e27-893b368c36c3:172.17.0.2:45367:0, 961b22ad-a322-4351-a83b-55dc9b155106:172.17.0.2:46253:0], old=null RUNNING priority:0 candidate:9f966428-d7f2-4238-96c8-d38b7223cc05:172.17.0.2:38281:0 candidatePriority:0 compare:0
2020-11-19 23:06:19,649 [9f966428-d7f2-4238-96c8-d38b7223cc05@group-B82672A8DD5C-LeaderElection14] INFO  grpc.GrpcConfigKeys (ConfUtils.java:logGet(44)) - raft.grpc.server.leader.outstanding.appends.max = 128 (default)
2020-11-19 23:06:19,649 [9f966428-d7f2-4238-96c8-d38b7223cc05@group-B82672A8DD5C-LeaderElection14] INFO  server.RaftServerConfigKeys (ConfUtils.java:logGet(44)) - raft.server.rpc.request.timeout = 60s (custom)
2020-11-19 23:06:19,650 [9f966428-d7f2-4238-96c8-d38b7223cc05@group-B82672A8DD5C-LeaderElection14] INFO  server.RaftServerConfigKeys (ConfUtils.java:logGet(44)) - raft.server.log.appender.install.snapshot.enabled = false (custom)
2020-11-19 23:06:19,651 [9f966428-d7f2-4238-96c8-d38b7223cc05@group-B82672A8DD5C-LeaderElection14] INFO  impl.RoleInfo (RoleInfo.java:updateAndGet(143)) - 9f966428-d7f2-4238-96c8-d38b7223cc05: start LeaderState
2020-11-19 23:06:19,652 [9f966428-d7f2-4238-96c8-d38b7223cc05@group-B82672A8DD5C-LeaderElection14] INFO  segmented.SegmentedRaftLogWorker (SegmentedRaftLogWorker.java:startLogSegment(397)) - 9f966428-d7f2-4238-96c8-d38b7223cc05@group-B82672A8DD5C-SegmentedRaftLogWorker: Starting segment from index:0
2020-11-19 23:06:19,655 [9f966428-d7f2-4238-96c8-d38b7223cc05@group-B82672A8DD5C-SegmentedRaftLogWorker] INFO  segmented.SegmentedRaftLogWorker (SegmentedRaftLogWorker.java:execute(596)) - 9f966428-d7f2-4238-96c8-d38b7223cc05@group-B82672A8DD5C-SegmentedRaftLogWorker: created new log segment /github/workspace/mnt/ozone/hadoop-ozone/integration-test/target/test-dir/MiniOzoneClusterImpl-f63f6e49-a519-49d7-bac2-b5e85396f7e3/datanode-1/data/ratis/fdc5f4db-202c-4d59-af6b-b82672a8dd5c/current/log_inprogress_0
2020-11-19 23:06:19,655 [9f966428-d7f2-4238-96c8-d38b7223cc05@group-B82672A8DD5C-LeaderElection14] INFO  impl.RaftServerImpl (ServerState.java:setRaftConf(374)) - 9f966428-d7f2-4238-96c8-d38b7223cc05@group-B82672A8DD5C: set configuration 0: [9f966428-d7f2-4238-96c8-d38b7223cc05:172.17.0.2:38281:0, 6bf896dc-0c7e-47aa-8e27-893b368c36c3:172.17.0.2:45367:0, 961b22ad-a322-4351-a83b-55dc9b155106:172.17.0.2:46253:0], old=null at 0
2020-11-19 23:06:19,675 [grpc-default-executor-1] INFO  ratis.XceiverServerRatis (XceiverServerRatis.java:handleLeaderChangedNotification(854)) - Leader change notification received for group: group-B82672A8DD5C with new leaderId: 9f966428-d7f2-4238-96c8-d38b7223cc05
2020-11-19 23:06:19,675 [grpc-default-executor-1] INFO  impl.RaftServerImpl (ServerState.java:setLeader(256)) - 6bf896dc-0c7e-47aa-8e27-893b368c36c3@group-B82672A8DD5C: change Leader from null to 9f966428-d7f2-4238-96c8-d38b7223cc05 at term 1 for appendEntries, leader elected after 5079ms
2020-11-19 23:06:19,677 [grpc-default-executor-1] INFO  impl.RaftServerImpl (ServerState.java:setRaftConf(374)) - 6bf896dc-0c7e-47aa-8e27-893b368c36c3@group-B82672A8DD5C: set configuration 0: [9f966428-d7f2-4238-96c8-d38b7223cc05:172.17.0.2:38281:0, 6bf896dc-0c7e-47aa-8e27-893b368c36c3:172.17.0.2:45367:0, 961b22ad-a322-4351-a83b-55dc9b155106:172.17.0.2:46253:0], old=null at 0
2020-11-19 23:06:19,677 [grpc-default-executor-1] INFO  segmented.SegmentedRaftLogWorker (SegmentedRaftLogWorker.java:startLogSegment(397)) - 6bf896dc-0c7e-47aa-8e27-893b368c36c3@group-B82672A8DD5C-SegmentedRaftLogWorker: Starting segment from index:0
2020-11-19 23:06:19,679 [6bf896dc-0c7e-47aa-8e27-893b368c36c3@group-B82672A8DD5C-SegmentedRaftLogWorker] INFO  segmented.SegmentedRaftLogWorker (SegmentedRaftLogWorker.java:execute(596)) - 6bf896dc-0c7e-47aa-8e27-893b368c36c3@group-B82672A8DD5C-SegmentedRaftLogWorker: created new log segment /github/workspace/mnt/ozone/hadoop-ozone/integration-test/target/test-dir/MiniOzoneClusterImpl-f63f6e49-a519-49d7-bac2-b5e85396f7e3/datanode-2/data/ratis/fdc5f4db-202c-4d59-af6b-b82672a8dd5c/current/log_inprogress_0
2020-11-19 23:06:19,680 [grpc-default-executor-0] INFO  ratis.XceiverServerRatis (XceiverServerRatis.java:handleLeaderChangedNotification(854)) - Leader change notification received for group: group-B82672A8DD5C with new leaderId: 9f966428-d7f2-4238-96c8-d38b7223cc05
2020-11-19 23:06:19,680 [grpc-default-executor-0] INFO  impl.RaftServerImpl (ServerState.java:setLeader(256)) - 961b22ad-a322-4351-a83b-55dc9b155106@group-B82672A8DD5C: change Leader from null to 9f966428-d7f2-4238-96c8-d38b7223cc05 at term 1 for appendEntries, leader elected after 5164ms
2020-11-19 23:06:19,683 [grpc-default-executor-0] INFO  impl.RaftServerImpl (ServerState.java:setRaftConf(374)) - 961b22ad-a322-4351-a83b-55dc9b155106@group-B82672A8DD5C: set configuration 0: [9f966428-d7f2-4238-96c8-d38b7223cc05:172.17.0.2:38281:0, 6bf896dc-0c7e-47aa-8e27-893b368c36c3:172.17.0.2:45367:0, 961b22ad-a322-4351-a83b-55dc9b155106:172.17.0.2:46253:0], old=null at 0
2020-11-19 23:06:19,684 [grpc-default-executor-0] INFO  segmented.SegmentedRaftLogWorker (SegmentedRaftLogWorker.java:startLogSegment(397)) - 961b22ad-a322-4351-a83b-55dc9b155106@group-B82672A8DD5C-SegmentedRaftLogWorker: Starting segment from index:0
2020-11-19 23:06:19,687 [961b22ad-a322-4351-a83b-55dc9b155106@group-B82672A8DD5C-SegmentedRaftLogWorker] INFO  segmented.SegmentedRaftLogWorker (SegmentedRaftLogWorker.java:execute(596)) - 961b22ad-a322-4351-a83b-55dc9b155106@group-B82672A8DD5C-SegmentedRaftLogWorker: created new log segment /github/workspace/mnt/ozone/hadoop-ozone/integration-test/target/test-dir/MiniOzoneClusterImpl-f63f6e49-a519-49d7-bac2-b5e85396f7e3/datanode-0/data/ratis/fdc5f4db-202c-4d59-af6b-b82672a8dd5c/current/log_inprogress_0
2020-11-19 23:06:19,730 [Thread-596] INFO  impl.FollowerState (FollowerState.java:run(108)) - 9f966428-d7f2-4238-96c8-d38b7223cc05@group-6956E16FFAC2-FollowerState: change to CANDIDATE, lastRpcTime:5063ms, electionTimeout:5062ms
2020-11-19 23:06:19,730 [Thread-596] INFO  impl.RoleInfo (RoleInfo.java:shutdownFollowerState(121)) - 9f966428-d7f2-4238-96c8-d38b7223cc05: shutdown FollowerState
2020-11-19 23:06:19,730 [Thread-596] INFO  impl.RaftServerImpl (RaftServerImpl.java:setRole(198)) - 9f966428-d7f2-4238-96c8-d38b7223cc05@group-6956E16FFAC2: changes role from  FOLLOWER to CANDIDATE at term 0 for changeToCandidate
2020-11-19 23:06:19,730 [Thread-596] INFO  impl.RoleInfo (RoleInfo.java:updateAndGet(143)) - 9f966428-d7f2-4238-96c8-d38b7223cc05: start LeaderElection
2020-11-19 23:06:19,733 [9f966428-d7f2-4238-96c8-d38b7223cc05@group-6956E16FFAC2-LeaderElection15] INFO  impl.LeaderElection (LeaderElection.java:askForVotes(210)) - 9f966428-d7f2-4238-96c8-d38b7223cc05@group-6956E16FFAC2-LeaderElection15: begin an election at term 1 for -1: [9f966428-d7f2-4238-96c8-d38b7223cc05:172.17.0.2:38281:0], old=null
2020-11-19 23:06:19,733 [9f966428-d7f2-4238-96c8-d38b7223cc05@group-6956E16FFAC2-LeaderElection15] INFO  impl.RoleInfo (RoleInfo.java:shutdownLeaderElection(134)) - 9f966428-d7f2-4238-96c8-d38b7223cc05: shutdown LeaderElection
2020-11-19 23:06:19,733 [9f966428-d7f2-4238-96c8-d38b7223cc05@group-6956E16FFAC2-LeaderElection15] INFO  impl.RaftServerImpl (RaftServerImpl.java:setRole(198)) - 9f966428-d7f2-4238-96c8-d38b7223cc05@group-6956E16FFAC2: changes role from CANDIDATE to LEADER at term 1 for changeToLeader
2020-11-19 23:06:19,733 [9f966428-d7f2-4238-96c8-d38b7223cc05@group-6956E16FFAC2-LeaderElection15] INFO  ratis.XceiverServerRatis (XceiverServerRatis.java:handleLeaderChangedNotification(854)) - Leader change notification received for group: group-6956E16FFAC2 with new leaderId: 9f966428-d7f2-4238-96c8-d38b7223cc05
2020-11-19 23:06:19,733 [9f966428-d7f2-4238-96c8-d38b7223cc05@group-6956E16FFAC2-LeaderElection15] INFO  impl.RaftServerImpl (ServerState.java:setLeader(256)) - 9f966428-d7f2-4238-96c8-d38b7223cc05@group-6956E16FFAC2: change Leader from null to 9f966428-d7f2-4238-96c8-d38b7223cc05 at term 1 for becomeLeader, leader elected after 5074ms
2020-11-19 23:06:19,733 [9f966428-d7f2-4238-96c8-d38b7223cc05@group-6956E16FFAC2-LeaderElection15] INFO  server.RaftServerConfigKeys (ConfUtils.java:logGet(44)) - raft.server.staging.catchup.gap = 1000 (default)
2020-11-19 23:06:19,735 [9f966428-d7f2-4238-96c8-d38b7223cc05@group-6956E16FFAC2-LeaderElection15] INFO  server.RaftServerConfigKeys (ConfUtils.java:logGet(44)) - raft.server.rpc.sleep.time = 25ms (default)
2020-11-19 23:06:19,735 [9f966428-d7f2-4238-96c8-d38b7223cc05@group-6956E16FFAC2-LeaderElection15] INFO  metrics.RatisMetrics (RatisMetrics.java:lambda$create$0(36)) - Creating Metrics Registry : ratis.log_appender.9f966428-d7f2-4238-96c8-d38b7223cc05@group-6956E16FFAC2
2020-11-19 23:06:19,735 [9f966428-d7f2-4238-96c8-d38b7223cc05@group-6956E16FFAC2-LeaderElection15] INFO  server.RaftServerConfigKeys (ConfUtils.java:logGet(44)) - raft.server.write.element-limit = 1024 (custom)
2020-11-19 23:06:19,735 [9f966428-d7f2-4238-96c8-d38b7223cc05@group-6956E16FFAC2-LeaderElection15] INFO  server.RaftServerConfigKeys (ConfUtils.java:logGet(44)) - raft.server.write.byte-limit = 1073741824 (custom)
2020-11-19 23:06:19,736 [9f966428-d7f2-4238-96c8-d38b7223cc05@group-6956E16FFAC2-LeaderElection15] INFO  server.RaftServerConfigKeys (ConfUtils.java:logGet(44)) - raft.server.watch.timeout = 180s (custom)
2020-11-19 23:06:19,736 [9f966428-d7f2-4238-96c8-d38b7223cc05@group-6956E16FFAC2-LeaderElection15] INFO  server.RaftServerConfigKeys (ConfUtils.java:logGet(44)) - raft.server.watch.timeout.denomination = 1s (default)
2020-11-19 23:06:19,736 [9f966428-d7f2-4238-96c8-d38b7223cc05@group-6956E16FFAC2-LeaderElection15] INFO  server.RaftServerConfigKeys (ConfUtils.java:logGet(44)) - raft.server.watch.element-limit = 65536 (default)
2020-11-19 23:06:19,736 [9f966428-d7f2-4238-96c8-d38b7223cc05@group-6956E16FFAC2-LeaderElection15] INFO  impl.RoleInfo (RoleInfo.java:updateAndGet(143)) - 9f966428-d7f2-4238-96c8-d38b7223cc05: start LeaderState
2020-11-19 23:06:19,736 [9f966428-d7f2-4238-96c8-d38b7223cc05@group-6956E16FFAC2-LeaderElection15] INFO  segmented.SegmentedRaftLogWorker (SegmentedRaftLogWorker.java:startLogSegment(397)) - 9f966428-d7f2-4238-96c8-d38b7223cc05@group-6956E16FFAC2-SegmentedRaftLogWorker: Starting segment from index:0
2020-11-19 23:06:19,738 [9f966428-d7f2-4238-96c8-d38b7223cc05@group-6956E16FFAC2-SegmentedRaftLogWorker] INFO  segmented.SegmentedRaftLogWorker (SegmentedRaftLogWorker.java:execute(596)) - 9f966428-d7f2-4238-96c8-d38b7223cc05@group-6956E16FFAC2-SegmentedRaftLogWorker: created new log segment /github/workspace/mnt/ozone/hadoop-ozone/integration-test/target/test-dir/MiniOzoneClusterImpl-f63f6e49-a519-49d7-bac2-b5e85396f7e3/datanode-1/data/ratis/43e84f6c-983c-48d6-8fd5-6956e16ffac2/current/log_inprogress_0
2020-11-19 23:06:19,738 [9f966428-d7f2-4238-96c8-d38b7223cc05@group-6956E16FFAC2-LeaderElection15] INFO  impl.RaftServerImpl (ServerState.java:setRaftConf(374)) - 9f966428-d7f2-4238-96c8-d38b7223cc05@group-6956E16FFAC2: set configuration 0: [9f966428-d7f2-4238-96c8-d38b7223cc05:172.17.0.2:38281:0], old=null at 0
2020-11-19 23:06:19,895 [Thread-598] INFO  impl.FollowerState (FollowerState.java:run(108)) - 6bf896dc-0c7e-47aa-8e27-893b368c36c3@group-FC1E27C19D57-FollowerState: change to CANDIDATE, lastRpcTime:5027ms, electionTimeout:5024ms
2020-11-19 23:06:19,896 [Thread-598] INFO  impl.RoleInfo (RoleInfo.java:shutdownFollowerState(121)) - 6bf896dc-0c7e-47aa-8e27-893b368c36c3: shutdown FollowerState
2020-11-19 23:06:19,896 [Thread-598] INFO  impl.RaftServerImpl (RaftServerImpl.java:setRole(198)) - 6bf896dc-0c7e-47aa-8e27-893b368c36c3@group-FC1E27C19D57: changes role from  FOLLOWER to CANDIDATE at term 0 for changeToCandidate
2020-11-19 23:06:19,896 [Thread-598] INFO  impl.RoleInfo (RoleInfo.java:updateAndGet(143)) - 6bf896dc-0c7e-47aa-8e27-893b368c36c3: start LeaderElection
2020-11-19 23:06:19,911 [6bf896dc-0c7e-47aa-8e27-893b368c36c3@group-FC1E27C19D57-LeaderElection16] INFO  impl.LeaderElection (LeaderElection.java:askForVotes(210)) - 6bf896dc-0c7e-47aa-8e27-893b368c36c3@group-FC1E27C19D57-LeaderElection16: begin an election at term 1 for -1: [6bf896dc-0c7e-47aa-8e27-893b368c36c3:172.17.0.2:45367:0], old=null
2020-11-19 23:06:19,911 [6bf896dc-0c7e-47aa-8e27-893b368c36c3@group-FC1E27C19D57-LeaderElection16] INFO  impl.RoleInfo (RoleInfo.java:shutdownLeaderElection(134)) - 6bf896dc-0c7e-47aa-8e27-893b368c36c3: shutdown LeaderElection
2020-11-19 23:06:19,911 [6bf896dc-0c7e-47aa-8e27-893b368c36c3@group-FC1E27C19D57-LeaderElection16] INFO  impl.RaftServerImpl (RaftServerImpl.java:setRole(198)) - 6bf896dc-0c7e-47aa-8e27-893b368c36c3@group-FC1E27C19D57: changes role from CANDIDATE to LEADER at term 1 for changeToLeader
2020-11-19 23:06:19,911 [6bf896dc-0c7e-47aa-8e27-893b368c36c3@group-FC1E27C19D57-LeaderElection16] INFO  ratis.XceiverServerRatis (XceiverServerRatis.java:handleLeaderChangedNotification(854)) - Leader change notification received for group: group-FC1E27C19D57 with new leaderId: 6bf896dc-0c7e-47aa-8e27-893b368c36c3
2020-11-19 23:06:19,911 [6bf896dc-0c7e-47aa-8e27-893b368c36c3@group-FC1E27C19D57-LeaderElection16] INFO  impl.RaftServerImpl (ServerState.java:setLeader(256)) - 6bf896dc-0c7e-47aa-8e27-893b368c36c3@group-FC1E27C19D57: change Leader from null to 6bf896dc-0c7e-47aa-8e27-893b368c36c3 at term 1 for becomeLeader, leader elected after 5055ms
2020-11-19 23:06:19,912 [6bf896dc-0c7e-47aa-8e27-893b368c36c3@group-FC1E27C19D57-LeaderElection16] INFO  server.RaftServerConfigKeys (ConfUtils.java:logGet(44)) - raft.server.staging.catchup.gap = 1000 (default)
2020-11-19 23:06:19,912 [6bf896dc-0c7e-47aa-8e27-893b368c36c3@group-FC1E27C19D57-LeaderElection16] INFO  server.RaftServerConfigKeys (ConfUtils.java:logGet(44)) - raft.server.rpc.sleep.time = 25ms (default)
2020-11-19 23:06:19,912 [6bf896dc-0c7e-47aa-8e27-893b368c36c3@group-FC1E27C19D57-LeaderElection16] INFO  metrics.RatisMetrics (RatisMetrics.java:lambda$create$0(36)) - Creating Metrics Registry : ratis.log_appender.6bf896dc-0c7e-47aa-8e27-893b368c36c3@group-FC1E27C19D57
2020-11-19 23:06:19,912 [6bf896dc-0c7e-47aa-8e27-893b368c36c3@group-FC1E27C19D57-LeaderElection16] INFO  server.RaftServerConfigKeys (ConfUtils.java:logGet(44)) - raft.server.write.element-limit = 1024 (custom)
2020-11-19 23:06:19,912 [6bf896dc-0c7e-47aa-8e27-893b368c36c3@group-FC1E27C19D57-LeaderElection16] INFO  server.RaftServerConfigKeys (ConfUtils.java:logGet(44)) - raft.server.write.byte-limit = 1073741824 (custom)
2020-11-19 23:06:19,913 [6bf896dc-0c7e-47aa-8e27-893b368c36c3@group-FC1E27C19D57-LeaderElection16] INFO  server.RaftServerConfigKeys (ConfUtils.java:logGet(44)) - raft.server.watch.timeout = 180s (custom)
2020-11-19 23:06:19,913 [6bf896dc-0c7e-47aa-8e27-893b368c36c3@group-FC1E27C19D57-LeaderElection16] INFO  server.RaftServerConfigKeys (ConfUtils.java:logGet(44)) - raft.server.watch.timeout.denomination = 1s (default)
2020-11-19 23:06:19,913 [6bf896dc-0c7e-47aa-8e27-893b368c36c3@group-FC1E27C19D57-LeaderElection16] INFO  server.RaftServerConfigKeys (ConfUtils.java:logGet(44)) - raft.server.watch.element-limit = 65536 (default)
2020-11-19 23:06:19,913 [6bf896dc-0c7e-47aa-8e27-893b368c36c3@group-FC1E27C19D57-LeaderElection16] INFO  impl.RoleInfo (RoleInfo.java:updateAndGet(143)) - 6bf896dc-0c7e-47aa-8e27-893b368c36c3: start LeaderState
2020-11-19 23:06:19,914 [6bf896dc-0c7e-47aa-8e27-893b368c36c3@group-FC1E27C19D57-LeaderElection16] INFO  segmented.SegmentedRaftLogWorker (SegmentedRaftLogWorker.java:startLogSegment(397)) - 6bf896dc-0c7e-47aa-8e27-893b368c36c3@group-FC1E27C19D57-SegmentedRaftLogWorker: Starting segment from index:0
2020-11-19 23:06:19,915 [6bf896dc-0c7e-47aa-8e27-893b368c36c3@group-FC1E27C19D57-SegmentedRaftLogWorker] INFO  segmented.SegmentedRaftLogWorker (SegmentedRaftLogWorker.java:execute(596)) - 6bf896dc-0c7e-47aa-8e27-893b368c36c3@group-FC1E27C19D57-SegmentedRaftLogWorker: created new log segment /github/workspace/mnt/ozone/hadoop-ozone/integration-test/target/test-dir/MiniOzoneClusterImpl-f63f6e49-a519-49d7-bac2-b5e85396f7e3/datanode-2/data/ratis/5b4b05b8-f670-4c35-94ff-fc1e27c19d57/current/log_inprogress_0
2020-11-19 23:06:19,916 [6bf896dc-0c7e-47aa-8e27-893b368c36c3@group-FC1E27C19D57-LeaderElection16] INFO  impl.RaftServerImpl (ServerState.java:setRaftConf(374)) - 6bf896dc-0c7e-47aa-8e27-893b368c36c3@group-FC1E27C19D57: set configuration 0: [6bf896dc-0c7e-47aa-8e27-893b368c36c3:172.17.0.2:45367:0], old=null at 0
2020-11-19 23:06:20,062 [Thread-600] INFO  impl.FollowerState (FollowerState.java:run(108)) - 67c52a13-b7bf-4abc-b54b-1f6b70eea5b8@group-FCBDC99ABA6C-FollowerState: change to CANDIDATE, lastRpcTime:5007ms, electionTimeout:5006ms
2020-11-19 23:06:20,062 [Thread-600] INFO  impl.RoleInfo (RoleInfo.java:shutdownFollowerState(121)) - 67c52a13-b7bf-4abc-b54b-1f6b70eea5b8: shutdown FollowerState
2020-11-19 23:06:20,062 [Thread-600] INFO  impl.RaftServerImpl (RaftServerImpl.java:setRole(198)) - 67c52a13-b7bf-4abc-b54b-1f6b70eea5b8@group-FCBDC99ABA6C: changes role from  FOLLOWER to CANDIDATE at term 0 for changeToCandidate
2020-11-19 23:06:20,063 [Thread-600] INFO  impl.RoleInfo (RoleInfo.java:updateAndGet(143)) - 67c52a13-b7bf-4abc-b54b-1f6b70eea5b8: start LeaderElection
2020-11-19 23:06:20,065 [67c52a13-b7bf-4abc-b54b-1f6b70eea5b8@group-FCBDC99ABA6C-LeaderElection17] INFO  impl.LeaderElection (LeaderElection.java:askForVotes(210)) - 67c52a13-b7bf-4abc-b54b-1f6b70eea5b8@group-FCBDC99ABA6C-LeaderElection17: begin an election at term 1 for -1: [67c52a13-b7bf-4abc-b54b-1f6b70eea5b8:172.17.0.2:42385:0], old=null
2020-11-19 23:06:20,065 [67c52a13-b7bf-4abc-b54b-1f6b70eea5b8@group-FCBDC99ABA6C-LeaderElection17] INFO  impl.RoleInfo (RoleInfo.java:shutdownLeaderElection(134)) - 67c52a13-b7bf-4abc-b54b-1f6b70eea5b8: shutdown LeaderElection
2020-11-19 23:06:20,065 [67c52a13-b7bf-4abc-b54b-1f6b70eea5b8@group-FCBDC99ABA6C-LeaderElection17] INFO  impl.RaftServerImpl (RaftServerImpl.java:setRole(198)) - 67c52a13-b7bf-4abc-b54b-1f6b70eea5b8@group-FCBDC99ABA6C: changes role from CANDIDATE to LEADER at term 1 for changeToLeader
2020-11-19 23:06:20,065 [67c52a13-b7bf-4abc-b54b-1f6b70eea5b8@group-FCBDC99ABA6C-LeaderElection17] INFO  ratis.XceiverServerRatis (XceiverServerRatis.java:handleLeaderChangedNotification(854)) - Leader change notification received for group: group-FCBDC99ABA6C with new leaderId: 67c52a13-b7bf-4abc-b54b-1f6b70eea5b8
2020-11-19 23:06:20,066 [67c52a13-b7bf-4abc-b54b-1f6b70eea5b8@group-FCBDC99ABA6C-LeaderElection17] INFO  impl.RaftServerImpl (ServerState.java:setLeader(256)) - 67c52a13-b7bf-4abc-b54b-1f6b70eea5b8@group-FCBDC99ABA6C: change Leader from null to 67c52a13-b7bf-4abc-b54b-1f6b70eea5b8 at term 1 for becomeLeader, leader elected after 5017ms
2020-11-19 23:06:20,066 [67c52a13-b7bf-4abc-b54b-1f6b70eea5b8@group-FCBDC99ABA6C-LeaderElection17] INFO  server.RaftServerConfigKeys (ConfUtils.java:logGet(44)) - raft.server.staging.catchup.gap = 1000 (default)
2020-11-19 23:06:20,066 [67c52a13-b7bf-4abc-b54b-1f6b70eea5b8@group-FCBDC99ABA6C-LeaderElection17] INFO  server.RaftServerConfigKeys (ConfUtils.java:logGet(44)) - raft.server.rpc.sleep.time = 25ms (default)
2020-11-19 23:06:20,066 [67c52a13-b7bf-4abc-b54b-1f6b70eea5b8@group-FCBDC99ABA6C-LeaderElection17] INFO  metrics.RatisMetrics (RatisMetrics.java:lambda$create$0(36)) - Creating Metrics Registry : ratis.log_appender.67c52a13-b7bf-4abc-b54b-1f6b70eea5b8@group-FCBDC99ABA6C
2020-11-19 23:06:20,067 [67c52a13-b7bf-4abc-b54b-1f6b70eea5b8@group-FCBDC99ABA6C-LeaderElection17] INFO  server.RaftServerConfigKeys (ConfUtils.java:logGet(44)) - raft.server.write.element-limit = 1024 (custom)
2020-11-19 23:06:20,067 [67c52a13-b7bf-4abc-b54b-1f6b70eea5b8@group-FCBDC99ABA6C-LeaderElection17] INFO  server.RaftServerConfigKeys (ConfUtils.java:logGet(44)) - raft.server.write.byte-limit = 1073741824 (custom)
2020-11-19 23:06:20,067 [67c52a13-b7bf-4abc-b54b-1f6b70eea5b8@group-FCBDC99ABA6C-LeaderElection17] INFO  server.RaftServerConfigKeys (ConfUtils.java:logGet(44)) - raft.server.watch.timeout = 180s (custom)
2020-11-19 23:06:20,067 [67c52a13-b7bf-4abc-b54b-1f6b70eea5b8@group-FCBDC99ABA6C-LeaderElection17] INFO  server.RaftServerConfigKeys (ConfUtils.java:logGet(44)) - raft.server.watch.timeout.denomination = 1s (default)
2020-11-19 23:06:20,067 [67c52a13-b7bf-4abc-b54b-1f6b70eea5b8@group-FCBDC99ABA6C-LeaderElection17] INFO  server.RaftServerConfigKeys (ConfUtils.java:logGet(44)) - raft.server.watch.element-limit = 65536 (default)
2020-11-19 23:06:20,068 [67c52a13-b7bf-4abc-b54b-1f6b70eea5b8@group-FCBDC99ABA6C-LeaderElection17] INFO  impl.RoleInfo (RoleInfo.java:updateAndGet(143)) - 67c52a13-b7bf-4abc-b54b-1f6b70eea5b8: start LeaderState
2020-11-19 23:06:20,068 [67c52a13-b7bf-4abc-b54b-1f6b70eea5b8@group-FCBDC99ABA6C-LeaderElection17] INFO  segmented.SegmentedRaftLogWorker (SegmentedRaftLogWorker.java:startLogSegment(397)) - 67c52a13-b7bf-4abc-b54b-1f6b70eea5b8@group-FCBDC99ABA6C-SegmentedRaftLogWorker: Starting segment from index:0
2020-11-19 23:06:20,068 [67c52a13-b7bf-4abc-b54b-1f6b70eea5b8@group-FCBDC99ABA6C-LeaderElection17] INFO  impl.RaftServerImpl (ServerState.java:setRaftConf(374)) - 67c52a13-b7bf-4abc-b54b-1f6b70eea5b8@group-FCBDC99ABA6C: set configuration 0: [67c52a13-b7bf-4abc-b54b-1f6b70eea5b8:172.17.0.2:42385:0], old=null at 0
2020-11-19 23:06:20,074 [67c52a13-b7bf-4abc-b54b-1f6b70eea5b8@group-FCBDC99ABA6C-SegmentedRaftLogWorker] INFO  segmented.SegmentedRaftLogWorker (SegmentedRaftLogWorker.java:execute(596)) - 67c52a13-b7bf-4abc-b54b-1f6b70eea5b8@group-FCBDC99ABA6C-SegmentedRaftLogWorker: created new log segment /github/workspace/mnt/ozone/hadoop-ozone/integration-test/target/test-dir/MiniOzoneClusterImpl-f63f6e49-a519-49d7-bac2-b5e85396f7e3/datanode-3/data/ratis/c1ecf972-59dc-47f3-a35b-fcbdc99aba6c/current/log_inprogress_0
2020-11-19 23:06:20,114 [Thread-602] INFO  impl.FollowerState (FollowerState.java:run(108)) - 67c52a13-b7bf-4abc-b54b-1f6b70eea5b8@group-9F0F3335C145-FollowerState: change to CANDIDATE, lastRpcTime:5034ms, electionTimeout:5033ms
2020-11-19 23:06:20,114 [Thread-602] INFO  impl.RoleInfo (RoleInfo.java:shutdownFollowerState(121)) - 67c52a13-b7bf-4abc-b54b-1f6b70eea5b8: shutdown FollowerState
2020-11-19 23:06:20,114 [Thread-602] INFO  impl.RaftServerImpl (RaftServerImpl.java:setRole(198)) - 67c52a13-b7bf-4abc-b54b-1f6b70eea5b8@group-9F0F3335C145: changes role from  FOLLOWER to CANDIDATE at term 0 for changeToCandidate
2020-11-19 23:06:20,115 [Thread-602] INFO  impl.RoleInfo (RoleInfo.java:updateAndGet(143)) - 67c52a13-b7bf-4abc-b54b-1f6b70eea5b8: start LeaderElection
2020-11-19 23:06:20,117 [67c52a13-b7bf-4abc-b54b-1f6b70eea5b8@group-9F0F3335C145-LeaderElection18] INFO  impl.LeaderElection (LeaderElection.java:askForVotes(210)) - 67c52a13-b7bf-4abc-b54b-1f6b70eea5b8@group-9F0F3335C145-LeaderElection18: begin an election at term 1 for -1: [e537a7bc-f79b-4a05-8c44-b6b3cb5e8abc:172.17.0.2:34393:0, 67c52a13-b7bf-4abc-b54b-1f6b70eea5b8:172.17.0.2:42385:0, c6fe9ef3-e456-496a-88a6-7c1d0439fa73:172.17.0.2:46487:0], old=null
2020-11-19 23:06:20,126 [grpc-default-executor-0] INFO  impl.RaftServerImpl (RaftServerImpl.java:setRole(198)) - e537a7bc-f79b-4a05-8c44-b6b3cb5e8abc@group-9F0F3335C145: changes role from  FOLLOWER to FOLLOWER at term 1 for recognizeCandidate:67c52a13-b7bf-4abc-b54b-1f6b70eea5b8
2020-11-19 23:06:20,126 [grpc-default-executor-0] INFO  impl.RoleInfo (RoleInfo.java:shutdownFollowerState(121)) - e537a7bc-f79b-4a05-8c44-b6b3cb5e8abc: shutdown FollowerState
2020-11-19 23:06:20,126 [grpc-default-executor-0] INFO  impl.RoleInfo (RoleInfo.java:updateAndGet(143)) - e537a7bc-f79b-4a05-8c44-b6b3cb5e8abc: start FollowerState
2020-11-19 23:06:20,126 [Thread-607] INFO  impl.FollowerState (FollowerState.java:run(117)) - e537a7bc-f79b-4a05-8c44-b6b3cb5e8abc@group-9F0F3335C145-FollowerState was interrupted: java.lang.InterruptedException: sleep interrupted
2020-11-19 23:06:20,126 [grpc-default-executor-0] INFO  impl.RaftServerImpl (RaftServerImpl.java:requestVote(923)) -  FOLLOWER e537a7bc-f79b-4a05-8c44-b6b3cb5e8abc@group-9F0F3335C145:t1, leader=null, voted=null, raftlog=e537a7bc-f79b-4a05-8c44-b6b3cb5e8abc@group-9F0F3335C145-SegmentedRaftLog:OPENED:c-1,f-1,i0, conf=-1: [e537a7bc-f79b-4a05-8c44-b6b3cb5e8abc:172.17.0.2:34393:0, 67c52a13-b7bf-4abc-b54b-1f6b70eea5b8:172.17.0.2:42385:0, c6fe9ef3-e456-496a-88a6-7c1d0439fa73:172.17.0.2:46487:0], old=null RUNNING priority:0 candidate:67c52a13-b7bf-4abc-b54b-1f6b70eea5b8:172.17.0.2:42385:0 candidatePriority:0 compare:0
2020-11-19 23:06:20,133 [67c52a13-b7bf-4abc-b54b-1f6b70eea5b8@group-9F0F3335C145-LeaderElection18] INFO  impl.LeaderElection (LeaderElection.java:logAndReturn(62)) - 67c52a13-b7bf-4abc-b54b-1f6b70eea5b8@group-9F0F3335C145-LeaderElection18: Election PASSED; received 1 response(s) [67c52a13-b7bf-4abc-b54b-1f6b70eea5b8<-e537a7bc-f79b-4a05-8c44-b6b3cb5e8abc#0:OK-t1] and 0 exception(s); 67c52a13-b7bf-4abc-b54b-1f6b70eea5b8@group-9F0F3335C145:t1, leader=null, voted=67c52a13-b7bf-4abc-b54b-1f6b70eea5b8, raftlog=67c52a13-b7bf-4abc-b54b-1f6b70eea5b8@group-9F0F3335C145-SegmentedRaftLog:OPENED:c-1,f-1,i0, conf=-1: [e537a7bc-f79b-4a05-8c44-b6b3cb5e8abc:172.17.0.2:34393:0, 67c52a13-b7bf-4abc-b54b-1f6b70eea5b8:172.17.0.2:42385:0, c6fe9ef3-e456-496a-88a6-7c1d0439fa73:172.17.0.2:46487:0], old=null
2020-11-19 23:06:20,133 [67c52a13-b7bf-4abc-b54b-1f6b70eea5b8@group-9F0F3335C145-LeaderElection18] INFO  impl.RoleInfo (RoleInfo.java:shutdownLeaderElection(134)) - 67c52a13-b7bf-4abc-b54b-1f6b70eea5b8: shutdown LeaderElection
2020-11-19 23:06:20,134 [67c52a13-b7bf-4abc-b54b-1f6b70eea5b8@group-9F0F3335C145-LeaderElection18] INFO  impl.RaftServerImpl (RaftServerImpl.java:setRole(198)) - 67c52a13-b7bf-4abc-b54b-1f6b70eea5b8@group-9F0F3335C145: changes role from CANDIDATE to LEADER at term 1 for changeToLeader
2020-11-19 23:06:20,134 [67c52a13-b7bf-4abc-b54b-1f6b70eea5b8@group-9F0F3335C145-LeaderElection18] INFO  ratis.XceiverServerRatis (XceiverServerRatis.java:handleLeaderChangedNotification(854)) - Leader change notification received for group: group-9F0F3335C145 with new leaderId: 67c52a13-b7bf-4abc-b54b-1f6b70eea5b8
2020-11-19 23:06:20,135 [67c52a13-b7bf-4abc-b54b-1f6b70eea5b8@group-9F0F3335C145-LeaderElection18] INFO  impl.RaftServerImpl (ServerState.java:setLeader(256)) - 67c52a13-b7bf-4abc-b54b-1f6b70eea5b8@group-9F0F3335C145: change Leader from null to 67c52a13-b7bf-4abc-b54b-1f6b70eea5b8 at term 1 for becomeLeader, leader elected after 5068ms
2020-11-19 23:06:20,135 [67c52a13-b7bf-4abc-b54b-1f6b70eea5b8@group-9F0F3335C145-LeaderElection18] INFO  server.RaftServerConfigKeys (ConfUtils.java:logGet(44)) - raft.server.staging.catchup.gap = 1000 (default)
2020-11-19 23:06:20,135 [67c52a13-b7bf-4abc-b54b-1f6b70eea5b8@group-9F0F3335C145-LeaderElection18] INFO  server.RaftServerConfigKeys (ConfUtils.java:logGet(44)) - raft.server.rpc.sleep.time = 25ms (default)
2020-11-19 23:06:20,135 [67c52a13-b7bf-4abc-b54b-1f6b70eea5b8@group-9F0F3335C145-LeaderElection18] INFO  metrics.RatisMetrics (RatisMetrics.java:lambda$create$0(36)) - Creating Metrics Registry : ratis.log_appender.67c52a13-b7bf-4abc-b54b-1f6b70eea5b8@group-9F0F3335C145
2020-11-19 23:06:20,135 [67c52a13-b7bf-4abc-b54b-1f6b70eea5b8@group-9F0F3335C145-LeaderElection18] INFO  server.RaftServerConfigKeys (ConfUtils.java:logGet(44)) - raft.server.write.element-limit = 1024 (custom)
2020-11-19 23:06:20,135 [67c52a13-b7bf-4abc-b54b-1f6b70eea5b8@group-9F0F3335C145-LeaderElection18] INFO  server.RaftServerConfigKeys (ConfUtils.java:logGet(44)) - raft.server.write.byte-limit = 1073741824 (custom)
2020-11-19 23:06:20,135 [67c52a13-b7bf-4abc-b54b-1f6b70eea5b8@group-9F0F3335C145-LeaderElection18] INFO  server.RaftServerConfigKeys (ConfUtils.java:logGet(44)) - raft.server.watch.timeout = 180s (custom)
2020-11-19 23:06:20,136 [67c52a13-b7bf-4abc-b54b-1f6b70eea5b8@group-9F0F3335C145-LeaderElection18] INFO  server.RaftServerConfigKeys (ConfUtils.java:logGet(44)) - raft.server.watch.timeout.denomination = 1s (default)
2020-11-19 23:06:20,136 [67c52a13-b7bf-4abc-b54b-1f6b70eea5b8@group-9F0F3335C145-LeaderElection18] INFO  server.RaftServerConfigKeys (ConfUtils.java:logGet(44)) - raft.server.watch.element-limit = 65536 (default)
2020-11-19 23:06:20,136 [67c52a13-b7bf-4abc-b54b-1f6b70eea5b8@group-9F0F3335C145-LeaderElection18] INFO  server.RaftServerConfigKeys (ConfUtils.java:logGet(44)) - raft.server.log.appender.snapshot.chunk.size.max = 16MB (=16777216) (default)
2020-11-19 23:06:20,136 [67c52a13-b7bf-4abc-b54b-1f6b70eea5b8@group-9F0F3335C145-LeaderElection18] INFO  server.RaftServerConfigKeys (ConfUtils.java:logGet(44)) - raft.server.log.appender.buffer.byte-limit = 33554432 (custom)
2020-11-19 23:06:20,136 [67c52a13-b7bf-4abc-b54b-1f6b70eea5b8@group-9F0F3335C145-LeaderElection18] INFO  server.RaftServerConfigKeys (ConfUtils.java:logGet(44)) - raft.server.log.appender.buffer.element-limit = 1 (custom)
2020-11-19 23:06:20,136 [67c52a13-b7bf-4abc-b54b-1f6b70eea5b8@group-9F0F3335C145-LeaderElection18] INFO  grpc.GrpcConfigKeys (ConfUtils.java:logGet(44)) - raft.grpc.server.leader.outstanding.appends.max = 128 (default)
2020-11-19 23:06:20,136 [67c52a13-b7bf-4abc-b54b-1f6b70eea5b8@group-9F0F3335C145-LeaderElection18] INFO  server.RaftServerConfigKeys (ConfUtils.java:logGet(44)) - raft.server.rpc.request.timeout = 60s (custom)
2020-11-19 23:06:20,136 [67c52a13-b7bf-4abc-b54b-1f6b70eea5b8@group-9F0F3335C145-LeaderElection18] INFO  server.RaftServerConfigKeys (ConfUtils.java:logGet(44)) - raft.server.log.appender.install.snapshot.enabled = false (custom)
2020-11-19 23:06:20,136 [67c52a13-b7bf-4abc-b54b-1f6b70eea5b8@group-9F0F3335C145-LeaderElection18] INFO  metrics.RatisMetrics (RatisMetrics.java:lambda$create$0(36)) - Creating Metrics Registry : ratis_grpc.log_appender.67c52a13-b7bf-4abc-b54b-1f6b70eea5b8@group-9F0F3335C145
2020-11-19 23:06:20,137 [grpc-default-executor-0] INFO  impl.RaftServerImpl (RaftServerImpl.java:setRole(198)) - c6fe9ef3-e456-496a-88a6-7c1d0439fa73@group-9F0F3335C145: changes role from  FOLLOWER to FOLLOWER at term 1 for recognizeCandidate:67c52a13-b7bf-4abc-b54b-1f6b70eea5b8
2020-11-19 23:06:20,139 [grpc-default-executor-0] INFO  impl.RoleInfo (RoleInfo.java:shutdownFollowerState(121)) - c6fe9ef3-e456-496a-88a6-7c1d0439fa73: shutdown FollowerState
2020-11-19 23:06:20,139 [EventQueue-PipelineReportForPipelineReportHandler] INFO  pipeline.PipelineStateManager (PipelineStateManager.java:openPipeline(132)) - Pipeline Pipeline[ Id: 8750aa62-cc61-4f66-8590-9f0f3335c145, Nodes: c6fe9ef3-e456-496a-88a6-7c1d0439fa73{ip: 172.17.0.2, host: 3a6e21f0ed7d, networkLocation: /default-rack, certSerialId: null}e537a7bc-f79b-4a05-8c44-b6b3cb5e8abc{ip: 172.17.0.2, host: 3a6e21f0ed7d, networkLocation: /default-rack, certSerialId: null}67c52a13-b7bf-4abc-b54b-1f6b70eea5b8{ip: 172.17.0.2, host: 3a6e21f0ed7d, networkLocation: /default-rack, certSerialId: null}, Type:RATIS, Factor:THREE, State:ALLOCATED, leaderId:67c52a13-b7bf-4abc-b54b-1f6b70eea5b8, CreationTimestamp2020-11-19T23:06:12.360Z] moved to OPEN state
2020-11-19 23:06:20,139 [Thread-604] INFO  impl.FollowerState (FollowerState.java:run(117)) - c6fe9ef3-e456-496a-88a6-7c1d0439fa73@group-9F0F3335C145-FollowerState was interrupted: java.lang.InterruptedException: sleep interrupted
2020-11-19 23:06:20,139 [grpc-default-executor-0] INFO  impl.RoleInfo (RoleInfo.java:updateAndGet(143)) - c6fe9ef3-e456-496a-88a6-7c1d0439fa73: start FollowerState
2020-11-19 23:06:20,140 [67c52a13-b7bf-4abc-b54b-1f6b70eea5b8@group-9F0F3335C145-LeaderElection18] INFO  server.RaftServerConfigKeys (ConfUtils.java:logGet(44)) - raft.server.log.appender.snapshot.chunk.size.max = 16MB (=16777216) (default)
2020-11-19 23:06:20,144 [grpc-default-executor-0] INFO  impl.RaftServerImpl (RaftServerImpl.java:requestVote(923)) -  FOLLOWER c6fe9ef3-e456-496a-88a6-7c1d0439fa73@group-9F0F3335C145:t1, leader=null, voted=null, raftlog=c6fe9ef3-e456-496a-88a6-7c1d0439fa73@group-9F0F3335C145-SegmentedRaftLog:OPENED:c-1,f-1,i0, conf=-1: [e537a7bc-f79b-4a05-8c44-b6b3cb5e8abc:172.17.0.2:34393:0, 67c52a13-b7bf-4abc-b54b-1f6b70eea5b8:172.17.0.2:42385:0, c6fe9ef3-e456-496a-88a6-7c1d0439fa73:172.17.0.2:46487:0], old=null RUNNING priority:0 candidate:67c52a13-b7bf-4abc-b54b-1f6b70eea5b8:172.17.0.2:42385:0 candidatePriority:0 compare:0
2020-11-19 23:06:20,149 [67c52a13-b7bf-4abc-b54b-1f6b70eea5b8@group-9F0F3335C145-LeaderElection18] INFO  server.RaftServerConfigKeys (ConfUtils.java:logGet(44)) - raft.server.log.appender.buffer.byte-limit = 33554432 (custom)
2020-11-19 23:06:20,150 [67c52a13-b7bf-4abc-b54b-1f6b70eea5b8@group-9F0F3335C145-LeaderElection18] INFO  server.RaftServerConfigKeys (ConfUtils.java:logGet(44)) - raft.server.log.appender.buffer.element-limit = 1 (custom)
2020-11-19 23:06:20,150 [67c52a13-b7bf-4abc-b54b-1f6b70eea5b8@group-9F0F3335C145-LeaderElection18] INFO  grpc.GrpcConfigKeys (ConfUtils.java:logGet(44)) - raft.grpc.server.leader.outstanding.appends.max = 128 (default)
2020-11-19 23:06:20,150 [67c52a13-b7bf-4abc-b54b-1f6b70eea5b8@group-9F0F3335C145-LeaderElection18] INFO  server.RaftServerConfigKeys (ConfUtils.java:logGet(44)) - raft.server.rpc.request.timeout = 60s (custom)
2020-11-19 23:06:20,150 [67c52a13-b7bf-4abc-b54b-1f6b70eea5b8@group-9F0F3335C145-LeaderElection18] INFO  server.RaftServerConfigKeys (ConfUtils.java:logGet(44)) - raft.server.log.appender.install.snapshot.enabled = false (custom)
2020-11-19 23:06:20,151 [67c52a13-b7bf-4abc-b54b-1f6b70eea5b8@group-9F0F3335C145-LeaderElection18] INFO  impl.RoleInfo (RoleInfo.java:updateAndGet(143)) - 67c52a13-b7bf-4abc-b54b-1f6b70eea5b8: start LeaderState
2020-11-19 23:06:20,156 [67c52a13-b7bf-4abc-b54b-1f6b70eea5b8@group-9F0F3335C145-LeaderElection18] INFO  segmented.SegmentedRaftLogWorker (SegmentedRaftLogWorker.java:startLogSegment(397)) - 67c52a13-b7bf-4abc-b54b-1f6b70eea5b8@group-9F0F3335C145-SegmentedRaftLogWorker: Starting segment from index:0
2020-11-19 23:06:20,157 [67c52a13-b7bf-4abc-b54b-1f6b70eea5b8@group-9F0F3335C145-SegmentedRaftLogWorker] INFO  segmented.SegmentedRaftLogWorker (SegmentedRaftLogWorker.java:execute(596)) - 67c52a13-b7bf-4abc-b54b-1f6b70eea5b8@group-9F0F3335C145-SegmentedRaftLogWorker: created new log segment /github/workspace/mnt/ozone/hadoop-ozone/integration-test/target/test-dir/MiniOzoneClusterImpl-f63f6e49-a519-49d7-bac2-b5e85396f7e3/datanode-3/data/ratis/8750aa62-cc61-4f66-8590-9f0f3335c145/current/log_inprogress_0
2020-11-19 23:06:20,164 [67c52a13-b7bf-4abc-b54b-1f6b70eea5b8@group-9F0F3335C145-LeaderElection18] INFO  impl.RaftServerImpl (ServerState.java:setRaftConf(374)) - 67c52a13-b7bf-4abc-b54b-1f6b70eea5b8@group-9F0F3335C145: set configuration 0: [e537a7bc-f79b-4a05-8c44-b6b3cb5e8abc:172.17.0.2:34393:0, 67c52a13-b7bf-4abc-b54b-1f6b70eea5b8:172.17.0.2:42385:0, c6fe9ef3-e456-496a-88a6-7c1d0439fa73:172.17.0.2:46487:0], old=null at 0
2020-11-19 23:06:20,171 [grpc-default-executor-1] INFO  ratis.XceiverServerRatis (XceiverServerRatis.java:handleLeaderChangedNotification(854)) - Leader change notification received for group: group-9F0F3335C145 with new leaderId: 67c52a13-b7bf-4abc-b54b-1f6b70eea5b8
2020-11-19 23:06:20,171 [grpc-default-executor-1] INFO  impl.RaftServerImpl (ServerState.java:setLeader(256)) - e537a7bc-f79b-4a05-8c44-b6b3cb5e8abc@group-9F0F3335C145: change Leader from null to 67c52a13-b7bf-4abc-b54b-1f6b70eea5b8 at term 1 for appendEntries, leader elected after 5037ms
2020-11-19 23:06:20,185 [grpc-default-executor-1] INFO  impl.RaftServerImpl (ServerState.java:setRaftConf(374)) - e537a7bc-f79b-4a05-8c44-b6b3cb5e8abc@group-9F0F3335C145: set configuration 0: [e537a7bc-f79b-4a05-8c44-b6b3cb5e8abc:172.17.0.2:34393:0, 67c52a13-b7bf-4abc-b54b-1f6b70eea5b8:172.17.0.2:42385:0, c6fe9ef3-e456-496a-88a6-7c1d0439fa73:172.17.0.2:46487:0], old=null at 0
2020-11-19 23:06:20,185 [grpc-default-executor-1] INFO  segmented.SegmentedRaftLogWorker (SegmentedRaftLogWorker.java:startLogSegment(397)) - e537a7bc-f79b-4a05-8c44-b6b3cb5e8abc@group-9F0F3335C145-SegmentedRaftLogWorker: Starting segment from index:0
2020-11-19 23:06:20,187 [e537a7bc-f79b-4a05-8c44-b6b3cb5e8abc@group-9F0F3335C145-SegmentedRaftLogWorker] INFO  segmented.SegmentedRaftLogWorker (SegmentedRaftLogWorker.java:execute(596)) - e537a7bc-f79b-4a05-8c44-b6b3cb5e8abc@group-9F0F3335C145-SegmentedRaftLogWorker: created new log segment /github/workspace/mnt/ozone/hadoop-ozone/integration-test/target/test-dir/MiniOzoneClusterImpl-f63f6e49-a519-49d7-bac2-b5e85396f7e3/datanode-5/data/ratis/8750aa62-cc61-4f66-8590-9f0f3335c145/current/log_inprogress_0
2020-11-19 23:06:20,199 [grpc-default-executor-1] INFO  ratis.XceiverServerRatis (XceiverServerRatis.java:handleLeaderChangedNotification(854)) - Leader change notification received for group: group-9F0F3335C145 with new leaderId: 67c52a13-b7bf-4abc-b54b-1f6b70eea5b8
2020-11-19 23:06:20,199 [grpc-default-executor-1] INFO  impl.RaftServerImpl (ServerState.java:setLeader(256)) - c6fe9ef3-e456-496a-88a6-7c1d0439fa73@group-9F0F3335C145: change Leader from null to 67c52a13-b7bf-4abc-b54b-1f6b70eea5b8 at term 1 for appendEntries, leader elected after 5100ms
2020-11-19 23:06:20,202 [grpc-default-executor-1] INFO  impl.RaftServerImpl (ServerState.java:setRaftConf(374)) - c6fe9ef3-e456-496a-88a6-7c1d0439fa73@group-9F0F3335C145: set configuration 0: [e537a7bc-f79b-4a05-8c44-b6b3cb5e8abc:172.17.0.2:34393:0, 67c52a13-b7bf-4abc-b54b-1f6b70eea5b8:172.17.0.2:42385:0, c6fe9ef3-e456-496a-88a6-7c1d0439fa73:172.17.0.2:46487:0], old=null at 0
2020-11-19 23:06:20,203 [grpc-default-executor-1] INFO  segmented.SegmentedRaftLogWorker (SegmentedRaftLogWorker.java:startLogSegment(397)) - c6fe9ef3-e456-496a-88a6-7c1d0439fa73@group-9F0F3335C145-SegmentedRaftLogWorker: Starting segment from index:0
2020-11-19 23:06:20,205 [c6fe9ef3-e456-496a-88a6-7c1d0439fa73@group-9F0F3335C145-SegmentedRaftLogWorker] INFO  segmented.SegmentedRaftLogWorker (SegmentedRaftLogWorker.java:execute(596)) - c6fe9ef3-e456-496a-88a6-7c1d0439fa73@group-9F0F3335C145-SegmentedRaftLogWorker: created new log segment /github/workspace/mnt/ozone/hadoop-ozone/integration-test/target/test-dir/MiniOzoneClusterImpl-f63f6e49-a519-49d7-bac2-b5e85396f7e3/datanode-4/data/ratis/8750aa62-cc61-4f66-8590-9f0f3335c145/current/log_inprogress_0
2020-11-19 23:06:20,241 [Thread-610] INFO  impl.FollowerState (FollowerState.java:run(108)) - c6fe9ef3-e456-496a-88a6-7c1d0439fa73@group-8F388B127180-FollowerState: change to CANDIDATE, lastRpcTime:5029ms, electionTimeout:5029ms
2020-11-19 23:06:20,241 [Thread-610] INFO  impl.RoleInfo (RoleInfo.java:shutdownFollowerState(121)) - c6fe9ef3-e456-496a-88a6-7c1d0439fa73: shutdown FollowerState
2020-11-19 23:06:20,241 [Thread-610] INFO  impl.RaftServerImpl (RaftServerImpl.java:setRole(198)) - c6fe9ef3-e456-496a-88a6-7c1d0439fa73@group-8F388B127180: changes role from  FOLLOWER to CANDIDATE at term 0 for changeToCandidate
2020-11-19 23:06:20,241 [Thread-610] INFO  impl.RoleInfo (RoleInfo.java:updateAndGet(143)) - c6fe9ef3-e456-496a-88a6-7c1d0439fa73: start LeaderElection
2020-11-19 23:06:20,248 [c6fe9ef3-e456-496a-88a6-7c1d0439fa73@group-8F388B127180-LeaderElection19] INFO  impl.LeaderElection (LeaderElection.java:askForVotes(210)) - c6fe9ef3-e456-496a-88a6-7c1d0439fa73@group-8F388B127180-LeaderElection19: begin an election at term 1 for -1: [c6fe9ef3-e456-496a-88a6-7c1d0439fa73:172.17.0.2:46487:0], old=null
2020-11-19 23:06:20,248 [c6fe9ef3-e456-496a-88a6-7c1d0439fa73@group-8F388B127180-LeaderElection19] INFO  impl.RoleInfo (RoleInfo.java:shutdownLeaderElection(134)) - c6fe9ef3-e456-496a-88a6-7c1d0439fa73: shutdown LeaderElection
2020-11-19 23:06:20,248 [c6fe9ef3-e456-496a-88a6-7c1d0439fa73@group-8F388B127180-LeaderElection19] INFO  impl.RaftServerImpl (RaftServerImpl.java:setRole(198)) - c6fe9ef3-e456-496a-88a6-7c1d0439fa73@group-8F388B127180: changes role from CANDIDATE to LEADER at term 1 for changeToLeader
2020-11-19 23:06:20,248 [c6fe9ef3-e456-496a-88a6-7c1d0439fa73@group-8F388B127180-LeaderElection19] INFO  ratis.XceiverServerRatis (XceiverServerRatis.java:handleLeaderChangedNotification(854)) - Leader change notification received for group: group-8F388B127180 with new leaderId: c6fe9ef3-e456-496a-88a6-7c1d0439fa73
2020-11-19 23:06:20,249 [c6fe9ef3-e456-496a-88a6-7c1d0439fa73@group-8F388B127180-LeaderElection19] INFO  impl.RaftServerImpl (ServerState.java:setLeader(256)) - c6fe9ef3-e456-496a-88a6-7c1d0439fa73@group-8F388B127180: change Leader from null to c6fe9ef3-e456-496a-88a6-7c1d0439fa73 at term 1 for becomeLeader, leader elected after 5047ms
2020-11-19 23:06:20,249 [c6fe9ef3-e456-496a-88a6-7c1d0439fa73@group-8F388B127180-LeaderElection19] INFO  server.RaftServerConfigKeys (ConfUtils.java:logGet(44)) - raft.server.staging.catchup.gap = 1000 (default)
2020-11-19 23:06:20,249 [c6fe9ef3-e456-496a-88a6-7c1d0439fa73@group-8F388B127180-LeaderElection19] INFO  server.RaftServerConfigKeys (ConfUtils.java:logGet(44)) - raft.server.rpc.sleep.time = 25ms (default)
2020-11-19 23:06:20,249 [c6fe9ef3-e456-496a-88a6-7c1d0439fa73@group-8F388B127180-LeaderElection19] INFO  metrics.RatisMetrics (RatisMetrics.java:lambda$create$0(36)) - Creating Metrics Registry : ratis.log_appender.c6fe9ef3-e456-496a-88a6-7c1d0439fa73@group-8F388B127180
2020-11-19 23:06:20,249 [c6fe9ef3-e456-496a-88a6-7c1d0439fa73@group-8F388B127180-LeaderElection19] INFO  server.RaftServerConfigKeys (ConfUtils.java:logGet(44)) - raft.server.write.element-limit = 1024 (custom)
2020-11-19 23:06:20,249 [c6fe9ef3-e456-496a-88a6-7c1d0439fa73@group-8F388B127180-LeaderElection19] INFO  server.RaftServerConfigKeys (ConfUtils.java:logGet(44)) - raft.server.write.byte-limit = 1073741824 (custom)
2020-11-19 23:06:20,250 [c6fe9ef3-e456-496a-88a6-7c1d0439fa73@group-8F388B127180-LeaderElection19] INFO  server.RaftServerConfigKeys (ConfUtils.java:logGet(44)) - raft.server.watch.timeout = 180s (custom)
2020-11-19 23:06:20,250 [c6fe9ef3-e456-496a-88a6-7c1d0439fa73@group-8F388B127180-LeaderElection19] INFO  server.RaftServerConfigKeys (ConfUtils.java:logGet(44)) - raft.server.watch.timeout.denomination = 1s (default)
2020-11-19 23:06:20,250 [c6fe9ef3-e456-496a-88a6-7c1d0439fa73@group-8F388B127180-LeaderElection19] INFO  server.RaftServerConfigKeys (ConfUtils.java:logGet(44)) - raft.server.watch.element-limit = 65536 (default)
2020-11-19 23:06:20,250 [c6fe9ef3-e456-496a-88a6-7c1d0439fa73@group-8F388B127180-LeaderElection19] INFO  impl.RoleInfo (RoleInfo.java:updateAndGet(143)) - c6fe9ef3-e456-496a-88a6-7c1d0439fa73: start LeaderState
2020-11-19 23:06:20,250 [c6fe9ef3-e456-496a-88a6-7c1d0439fa73@group-8F388B127180-LeaderElection19] INFO  segmented.SegmentedRaftLogWorker (SegmentedRaftLogWorker.java:startLogSegment(397)) - c6fe9ef3-e456-496a-88a6-7c1d0439fa73@group-8F388B127180-SegmentedRaftLogWorker: Starting segment from index:0
2020-11-19 23:06:20,251 [c6fe9ef3-e456-496a-88a6-7c1d0439fa73@group-8F388B127180-LeaderElection19] INFO  impl.RaftServerImpl (ServerState.java:setRaftConf(374)) - c6fe9ef3-e456-496a-88a6-7c1d0439fa73@group-8F388B127180: set configuration 0: [c6fe9ef3-e456-496a-88a6-7c1d0439fa73:172.17.0.2:46487:0], old=null at 0
2020-11-19 23:06:20,259 [c6fe9ef3-e456-496a-88a6-7c1d0439fa73@group-8F388B127180-SegmentedRaftLogWorker] INFO  segmented.SegmentedRaftLogWorker (SegmentedRaftLogWorker.java:execute(596)) - c6fe9ef3-e456-496a-88a6-7c1d0439fa73@group-8F388B127180-SegmentedRaftLogWorker: created new log segment /github/workspace/mnt/ozone/hadoop-ozone/integration-test/target/test-dir/MiniOzoneClusterImpl-f63f6e49-a519-49d7-bac2-b5e85396f7e3/datanode-4/data/ratis/2b4d0dbc-f44e-4fbd-9517-8f388b127180/current/log_inprogress_0
2020-11-19 23:06:20,528 [Thread-612] INFO  impl.FollowerState (FollowerState.java:run(108)) - e537a7bc-f79b-4a05-8c44-b6b3cb5e8abc@group-35CA3CECE337-FollowerState: change to CANDIDATE, lastRpcTime:5156ms, electionTimeout:5155ms
2020-11-19 23:06:20,528 [Thread-612] INFO  impl.RoleInfo (RoleInfo.java:shutdownFollowerState(121)) - e537a7bc-f79b-4a05-8c44-b6b3cb5e8abc: shutdown FollowerState
2020-11-19 23:06:20,528 [Thread-612] INFO  impl.RaftServerImpl (RaftServerImpl.java:setRole(198)) - e537a7bc-f79b-4a05-8c44-b6b3cb5e8abc@group-35CA3CECE337: changes role from  FOLLOWER to CANDIDATE at term 0 for changeToCandidate
2020-11-19 23:06:20,528 [Thread-612] INFO  impl.RoleInfo (RoleInfo.java:updateAndGet(143)) - e537a7bc-f79b-4a05-8c44-b6b3cb5e8abc: start LeaderElection
2020-11-19 23:06:20,531 [e537a7bc-f79b-4a05-8c44-b6b3cb5e8abc@group-35CA3CECE337-LeaderElection20] INFO  impl.LeaderElection (LeaderElection.java:askForVotes(210)) - e537a7bc-f79b-4a05-8c44-b6b3cb5e8abc@group-35CA3CECE337-LeaderElection20: begin an election at term 1 for -1: [e537a7bc-f79b-4a05-8c44-b6b3cb5e8abc:172.17.0.2:34393:0], old=null
2020-11-19 23:06:20,531 [e537a7bc-f79b-4a05-8c44-b6b3cb5e8abc@group-35CA3CECE337-LeaderElection20] INFO  impl.RoleInfo (RoleInfo.java:shutdownLeaderElection(134)) - e537a7bc-f79b-4a05-8c44-b6b3cb5e8abc: shutdown LeaderElection
2020-11-19 23:06:20,531 [e537a7bc-f79b-4a05-8c44-b6b3cb5e8abc@group-35CA3CECE337-LeaderElection20] INFO  impl.RaftServerImpl (RaftServerImpl.java:setRole(198)) - e537a7bc-f79b-4a05-8c44-b6b3cb5e8abc@group-35CA3CECE337: changes role from CANDIDATE to LEADER at term 1 for changeToLeader
2020-11-19 23:06:20,531 [e537a7bc-f79b-4a05-8c44-b6b3cb5e8abc@group-35CA3CECE337-LeaderElection20] INFO  ratis.XceiverServerRatis (XceiverServerRatis.java:handleLeaderChangedNotification(854)) - Leader change notification received for group: group-35CA3CECE337 with new leaderId: e537a7bc-f79b-4a05-8c44-b6b3cb5e8abc
2020-11-19 23:06:20,531 [e537a7bc-f79b-4a05-8c44-b6b3cb5e8abc@group-35CA3CECE337-LeaderElection20] INFO  impl.RaftServerImpl (ServerState.java:setLeader(256)) - e537a7bc-f79b-4a05-8c44-b6b3cb5e8abc@group-35CA3CECE337: change Leader from null to e537a7bc-f79b-4a05-8c44-b6b3cb5e8abc at term 1 for becomeLeader, leader elected after 5167ms
2020-11-19 23:06:20,531 [e537a7bc-f79b-4a05-8c44-b6b3cb5e8abc@group-35CA3CECE337-LeaderElection20] INFO  server.RaftServerConfigKeys (ConfUtils.java:logGet(44)) - raft.server.staging.catchup.gap = 1000 (default)
2020-11-19 23:06:20,531 [e537a7bc-f79b-4a05-8c44-b6b3cb5e8abc@group-35CA3CECE337-LeaderElection20] INFO  server.RaftServerConfigKeys (ConfUtils.java:logGet(44)) - raft.server.rpc.sleep.time = 25ms (default)
2020-11-19 23:06:20,531 [e537a7bc-f79b-4a05-8c44-b6b3cb5e8abc@group-35CA3CECE337-LeaderElection20] INFO  metrics.RatisMetrics (RatisMetrics.java:lambda$create$0(36)) - Creating Metrics Registry : ratis.log_appender.e537a7bc-f79b-4a05-8c44-b6b3cb5e8abc@group-35CA3CECE337
2020-11-19 23:06:20,531 [e537a7bc-f79b-4a05-8c44-b6b3cb5e8abc@group-35CA3CECE337-LeaderElection20] INFO  server.RaftServerConfigKeys (ConfUtils.java:logGet(44)) - raft.server.write.element-limit = 1024 (custom)
2020-11-19 23:06:20,531 [e537a7bc-f79b-4a05-8c44-b6b3cb5e8abc@group-35CA3CECE337-LeaderElection20] INFO  server.RaftServerConfigKeys (ConfUtils.java:logGet(44)) - raft.server.write.byte-limit = 1073741824 (custom)
2020-11-19 23:06:20,532 [e537a7bc-f79b-4a05-8c44-b6b3cb5e8abc@group-35CA3CECE337-LeaderElection20] INFO  server.RaftServerConfigKeys (ConfUtils.java:logGet(44)) - raft.server.watch.timeout = 180s (custom)
2020-11-19 23:06:20,532 [e537a7bc-f79b-4a05-8c44-b6b3cb5e8abc@group-35CA3CECE337-LeaderElection20] INFO  server.RaftServerConfigKeys (ConfUtils.java:logGet(44)) - raft.server.watch.timeout.denomination = 1s (default)
2020-11-19 23:06:20,532 [e537a7bc-f79b-4a05-8c44-b6b3cb5e8abc@group-35CA3CECE337-LeaderElection20] INFO  server.RaftServerConfigKeys (ConfUtils.java:logGet(44)) - raft.server.watch.element-limit = 65536 (default)
2020-11-19 23:06:20,532 [e537a7bc-f79b-4a05-8c44-b6b3cb5e8abc@group-35CA3CECE337-LeaderElection20] INFO  impl.RoleInfo (RoleInfo.java:updateAndGet(143)) - e537a7bc-f79b-4a05-8c44-b6b3cb5e8abc: start LeaderState
2020-11-19 23:06:20,533 [e537a7bc-f79b-4a05-8c44-b6b3cb5e8abc@group-35CA3CECE337-LeaderElection20] INFO  segmented.SegmentedRaftLogWorker (SegmentedRaftLogWorker.java:startLogSegment(397)) - e537a7bc-f79b-4a05-8c44-b6b3cb5e8abc@group-35CA3CECE337-SegmentedRaftLogWorker: Starting segment from index:0
2020-11-19 23:06:20,533 [e537a7bc-f79b-4a05-8c44-b6b3cb5e8abc@group-35CA3CECE337-LeaderElection20] INFO  impl.RaftServerImpl (ServerState.java:setRaftConf(374)) - e537a7bc-f79b-4a05-8c44-b6b3cb5e8abc@group-35CA3CECE337: set configuration 0: [e537a7bc-f79b-4a05-8c44-b6b3cb5e8abc:172.17.0.2:34393:0], old=null at 0
2020-11-19 23:06:20,534 [e537a7bc-f79b-4a05-8c44-b6b3cb5e8abc@group-35CA3CECE337-SegmentedRaftLogWorker] INFO  segmented.SegmentedRaftLogWorker (SegmentedRaftLogWorker.java:execute(596)) - e537a7bc-f79b-4a05-8c44-b6b3cb5e8abc@group-35CA3CECE337-SegmentedRaftLogWorker: created new log segment /github/workspace/mnt/ozone/hadoop-ozone/integration-test/target/test-dir/MiniOzoneClusterImpl-f63f6e49-a519-49d7-bac2-b5e85396f7e3/datanode-5/data/ratis/723ae292-efe6-4679-a032-35ca3cece337/current/log_inprogress_0
2020-11-19 23:06:20,545 [Listener at 127.0.0.1/37889] INFO  ozone.MiniOzoneClusterImpl (MiniOzoneClusterImpl.java:lambda$waitForClusterToBeReady$0(178)) - Nodes are ready. Got 7 of 7 DN Heartbeats.
2020-11-19 23:06:20,545 [Listener at 127.0.0.1/37889] INFO  ozone.MiniOzoneClusterImpl (MiniOzoneClusterImpl.java:lambda$waitForClusterToBeReady$0(181)) - Cluster exits safe mode
2020-11-19 23:06:20,556 [Listener at 127.0.0.1/37889] INFO  rpc.RpcClient (RpcClient.java:createVolume(272)) - Creating Volume: testblockoutputstreamwithretries, with jenkins1001 as owner.
2020-11-19 23:06:20,560 [IPC Server handler 1 on default port 37889] INFO  volume.OMVolumeCreateRequest (OMVolumeCreateRequest.java:validateAndUpdateCache(196)) - created volume:testblockoutputstreamwithretries for user:jenkins1001
2020-11-19 23:06:20,564 [Listener at 127.0.0.1/37889] INFO  rpc.RpcClient (RpcClient.java:createBucket(427)) - Creating Bucket: testblockoutputstreamwithretries/testblockoutputstreamwithretries, with Versioning false and Storage Type set to DISK and Encryption set to false 
2020-11-19 23:06:20,581 [Listener at 127.0.0.1/37889] INFO  metrics.RatisMetrics (RatisMetrics.java:lambda$create$0(36)) - Creating Metrics Registry : ratis.client_message_metrics.client-919D54F3EFEF->c6fe9ef3-e456-496a-88a6-7c1d0439fa73
2020-11-19 23:06:20,651 [Listener at 127.0.0.1/37889] INFO  metrics.RatisMetrics (RatisMetrics.java:lambda$create$0(36)) - Creating Metrics Registry : ratis.client_message_metrics.client-64437F48108E->188c74fb-01a2-49f8-907b-5c6f6de66734
2020-11-19 23:06:20,659 [grpc-default-executor-1] INFO  metrics.RatisMetrics (RatisMetrics.java:lambda$create$0(36)) - Creating Metrics Registry : ratis.server_message_metrics.188c74fb-01a2-49f8-907b-5c6f6de66734
2020-11-19 23:06:20,678 [Thread-614] INFO  impl.FollowerState (FollowerState.java:run(108)) - 188c74fb-01a2-49f8-907b-5c6f6de66734@group-71E8CF0D852E-FollowerState: change to CANDIDATE, lastRpcTime:5117ms, electionTimeout:5117ms
2020-11-19 23:06:20,678 [Thread-614] INFO  impl.RoleInfo (RoleInfo.java:shutdownFollowerState(121)) - 188c74fb-01a2-49f8-907b-5c6f6de66734: shutdown FollowerState
2020-11-19 23:06:20,678 [Thread-614] INFO  impl.RaftServerImpl (RaftServerImpl.java:setRole(198)) - 188c74fb-01a2-49f8-907b-5c6f6de66734@group-71E8CF0D852E: changes role from  FOLLOWER to CANDIDATE at term 0 for changeToCandidate
2020-11-19 23:06:20,678 [Thread-614] INFO  impl.RoleInfo (RoleInfo.java:updateAndGet(143)) - 188c74fb-01a2-49f8-907b-5c6f6de66734: start LeaderElection
2020-11-19 23:06:20,681 [188c74fb-01a2-49f8-907b-5c6f6de66734@group-71E8CF0D852E-LeaderElection21] INFO  impl.LeaderElection (LeaderElection.java:askForVotes(210)) - 188c74fb-01a2-49f8-907b-5c6f6de66734@group-71E8CF0D852E-LeaderElection21: begin an election at term 1 for -1: [188c74fb-01a2-49f8-907b-5c6f6de66734:172.17.0.2:42101:0], old=null
2020-11-19 23:06:20,681 [188c74fb-01a2-49f8-907b-5c6f6de66734@group-71E8CF0D852E-LeaderElection21] INFO  impl.RoleInfo (RoleInfo.java:shutdownLeaderElection(134)) - 188c74fb-01a2-49f8-907b-5c6f6de66734: shutdown LeaderElection
2020-11-19 23:06:20,681 [188c74fb-01a2-49f8-907b-5c6f6de66734@group-71E8CF0D852E-LeaderElection21] INFO  impl.RaftServerImpl (RaftServerImpl.java:setRole(198)) - 188c74fb-01a2-49f8-907b-5c6f6de66734@group-71E8CF0D852E: changes role from CANDIDATE to LEADER at term 1 for changeToLeader
2020-11-19 23:06:20,681 [188c74fb-01a2-49f8-907b-5c6f6de66734@group-71E8CF0D852E-LeaderElection21] INFO  ratis.XceiverServerRatis (XceiverServerRatis.java:handleLeaderChangedNotification(854)) - Leader change notification received for group: group-71E8CF0D852E with new leaderId: 188c74fb-01a2-49f8-907b-5c6f6de66734
2020-11-19 23:06:20,681 [188c74fb-01a2-49f8-907b-5c6f6de66734@group-71E8CF0D852E-LeaderElection21] INFO  impl.RaftServerImpl (ServerState.java:setLeader(256)) - 188c74fb-01a2-49f8-907b-5c6f6de66734@group-71E8CF0D852E: change Leader from null to 188c74fb-01a2-49f8-907b-5c6f6de66734 at term 1 for becomeLeader, leader elected after 5126ms
2020-11-19 23:06:20,681 [188c74fb-01a2-49f8-907b-5c6f6de66734@group-71E8CF0D852E-LeaderElection21] INFO  server.RaftServerConfigKeys (ConfUtils.java:logGet(44)) - raft.server.staging.catchup.gap = 1000 (default)
2020-11-19 23:06:20,681 [188c74fb-01a2-49f8-907b-5c6f6de66734@group-71E8CF0D852E-LeaderElection21] INFO  server.RaftServerConfigKeys (ConfUtils.java:logGet(44)) - raft.server.rpc.sleep.time = 25ms (default)
2020-11-19 23:06:20,681 [188c74fb-01a2-49f8-907b-5c6f6de66734@group-71E8CF0D852E-LeaderElection21] INFO  metrics.RatisMetrics (RatisMetrics.java:lambda$create$0(36)) - Creating Metrics Registry : ratis.log_appender.188c74fb-01a2-49f8-907b-5c6f6de66734@group-71E8CF0D852E
2020-11-19 23:06:20,683 [188c74fb-01a2-49f8-907b-5c6f6de66734@group-71E8CF0D852E-LeaderElection21] INFO  server.RaftServerConfigKeys (ConfUtils.java:logGet(44)) - raft.server.write.element-limit = 1024 (custom)
2020-11-19 23:06:20,683 [188c74fb-01a2-49f8-907b-5c6f6de66734@group-71E8CF0D852E-LeaderElection21] INFO  server.RaftServerConfigKeys (ConfUtils.java:logGet(44)) - raft.server.write.byte-limit = 1073741824 (custom)
2020-11-19 23:06:20,683 [188c74fb-01a2-49f8-907b-5c6f6de66734@group-71E8CF0D852E-LeaderElection21] INFO  server.RaftServerConfigKeys (ConfUtils.java:logGet(44)) - raft.server.watch.timeout = 180s (custom)
2020-11-19 23:06:20,683 [188c74fb-01a2-49f8-907b-5c6f6de66734@group-71E8CF0D852E-LeaderElection21] INFO  server.RaftServerConfigKeys (ConfUtils.java:logGet(44)) - raft.server.watch.timeout.denomination = 1s (default)
2020-11-19 23:06:20,683 [188c74fb-01a2-49f8-907b-5c6f6de66734@group-71E8CF0D852E-LeaderElection21] INFO  server.RaftServerConfigKeys (ConfUtils.java:logGet(44)) - raft.server.watch.element-limit = 65536 (default)
2020-11-19 23:06:20,683 [188c74fb-01a2-49f8-907b-5c6f6de66734@group-71E8CF0D852E-LeaderElection21] INFO  impl.RoleInfo (RoleInfo.java:updateAndGet(143)) - 188c74fb-01a2-49f8-907b-5c6f6de66734: start LeaderState
2020-11-19 23:06:20,684 [188c74fb-01a2-49f8-907b-5c6f6de66734@group-71E8CF0D852E-LeaderElection21] INFO  segmented.SegmentedRaftLogWorker (SegmentedRaftLogWorker.java:startLogSegment(397)) - 188c74fb-01a2-49f8-907b-5c6f6de66734@group-71E8CF0D852E-SegmentedRaftLogWorker: Starting segment from index:0
2020-11-19 23:06:20,685 [188c74fb-01a2-49f8-907b-5c6f6de66734@group-71E8CF0D852E-SegmentedRaftLogWorker] INFO  segmented.SegmentedRaftLogWorker (SegmentedRaftLogWorker.java:execute(596)) - 188c74fb-01a2-49f8-907b-5c6f6de66734@group-71E8CF0D852E-SegmentedRaftLogWorker: created new log segment /github/workspace/mnt/ozone/hadoop-ozone/integration-test/target/test-dir/MiniOzoneClusterImpl-f63f6e49-a519-49d7-bac2-b5e85396f7e3/datanode-6/data/ratis/6aef0bd9-9c23-4e87-8dd7-71e8cf0d852e/current/log_inprogress_0
2020-11-19 23:06:20,687 [188c74fb-01a2-49f8-907b-5c6f6de66734@group-71E8CF0D852E-LeaderElection21] INFO  impl.RaftServerImpl (ServerState.java:setRaftConf(374)) - 188c74fb-01a2-49f8-907b-5c6f6de66734@group-71E8CF0D852E: set configuration 0: [188c74fb-01a2-49f8-907b-5c6f6de66734:172.17.0.2:42101:0], old=null at 0
2020-11-19 23:06:22,651 [EventQueue-Delayed safe mode statusForReplicationManager] INFO  container.ReplicationManager (ReplicationManager.java:start(178)) - Starting Replication Monitor Thread.
2020-11-19 23:06:22,653 [ReplicationMonitor] INFO  container.ReplicationManager (ReplicationManager.java:run(242)) - Replication Monitor Thread took 2 milliseconds for processing 3 containers.
2020-11-19 23:06:32,194 [Listener at 127.0.0.1/37889] INFO  metrics.RatisMetrics (RatisMetrics.java:lambda$create$0(36)) - Creating Metrics Registry : ratis.client_message_metrics.client-61B27DBA4249->c6fe9ef3-e456-496a-88a6-7c1d0439fa73
2020-11-19 23:06:32,244 [EventQueue-CloseContainerForCloseContainerEventHandler] INFO  container.CloseContainerEventHandler (CloseContainerEventHandler.java:onMessage(61)) - Close container Event triggered for container : #1
2020-11-19 23:06:32,244 [EventQueue-CloseContainerForCloseContainerEventHandler] INFO  container.CloseContainerEventHandler (CloseContainerEventHandler.java:onMessage(61)) - Close container Event triggered for container : #2
2020-11-19 23:06:32,245 [EventQueue-CloseContainerForCloseContainerEventHandler] INFO  container.CloseContainerEventHandler (CloseContainerEventHandler.java:onMessage(61)) - Close container Event triggered for container : #3
2020-11-19 23:06:34,199 [RatisApplyTransactionExecutor 3] INFO  keyvalue.KeyValueContainer (KeyValueContainer.java:flushAndSyncDB(388)) - Container 3 is synced with bcsId 0.
2020-11-19 23:06:34,200 [RatisApplyTransactionExecutor 3] INFO  keyvalue.KeyValueContainer (KeyValueContainer.java:flushAndSyncDB(388)) - Container 3 is synced with bcsId 0.
2020-11-19 23:06:34,202 [RatisApplyTransactionExecutor 3] INFO  keyvalue.KeyValueContainer (KeyValueContainer.java:close(326)) - Container 3 is closed with bcsId 0.
2020-11-19 23:06:34,203 [EventQueue-IncrementalContainerReportForIncrementalContainerReportHandler] INFO  container.IncrementalContainerReportHandler (AbstractContainerReportHandler.java:updateContainerState(215)) - Moving container #3 to CLOSED state, datanode 188c74fb-01a2-49f8-907b-5c6f6de66734{ip: 172.17.0.2, host: 3a6e21f0ed7d, networkLocation: /default-rack, certSerialId: null} reported CLOSED replica.
2020-11-19 23:06:34,656 [RatisApplyTransactionExecutor 1] INFO  keyvalue.KeyValueContainer (KeyValueContainer.java:flushAndSyncDB(388)) - Container 1 is synced with bcsId 13.
2020-11-19 23:06:34,656 [RatisApplyTransactionExecutor 1] INFO  keyvalue.KeyValueContainer (KeyValueContainer.java:flushAndSyncDB(388)) - Container 1 is synced with bcsId 13.
2020-11-19 23:06:34,659 [RatisApplyTransactionExecutor 1] INFO  keyvalue.KeyValueContainer (KeyValueContainer.java:close(326)) - Container 1 is closed with bcsId 13.
2020-11-19 23:06:34,660 [EventQueue-IncrementalContainerReportForIncrementalContainerReportHandler] INFO  container.IncrementalContainerReportHandler (AbstractContainerReportHandler.java:updateContainerState(215)) - Moving container #1 to CLOSED state, datanode c6fe9ef3-e456-496a-88a6-7c1d0439fa73{ip: 172.17.0.2, host: 3a6e21f0ed7d, networkLocation: /default-rack, certSerialId: null} reported CLOSED replica.
2020-11-19 23:06:34,670 [RatisApplyTransactionExecutor 2] INFO  keyvalue.KeyValueContainer (KeyValueContainer.java:flushAndSyncDB(388)) - Container 2 is synced with bcsId 0.
2020-11-19 23:06:34,670 [RatisApplyTransactionExecutor 2] INFO  keyvalue.KeyValueContainer (KeyValueContainer.java:flushAndSyncDB(388)) - Container 2 is synced with bcsId 0.
2020-11-19 23:06:34,672 [RatisApplyTransactionExecutor 2] INFO  keyvalue.KeyValueContainer (KeyValueContainer.java:close(326)) - Container 2 is closed with bcsId 0.
2020-11-19 23:06:34,673 [EventQueue-IncrementalContainerReportForIncrementalContainerReportHandler] INFO  container.IncrementalContainerReportHandler (AbstractContainerReportHandler.java:updateContainerState(215)) - Moving container #2 to CLOSED state, datanode c6fe9ef3-e456-496a-88a6-7c1d0439fa73{ip: 172.17.0.2, host: 3a6e21f0ed7d, networkLocation: /default-rack, certSerialId: null} reported CLOSED replica.
23:06:34.750 [grpc-default-executor-0] ERROR DNAudit - user=null | ip=null | op=WRITE_CHUNK {blockData=conID: 1 locID: 105239490106163203 bcsId: 13} | ret=FAILURE
org.apache.hadoop.hdds.scm.container.common.helpers.ContainerNotOpenException: Container 1 in CLOSED state
	at org.apache.hadoop.ozone.container.common.impl.HddsDispatcher.validateContainerCommand(HddsDispatcher.java:484) ~[hadoop-hdds-container-service-1.1.0-SNAPSHOT.jar:?]
	at org.apache.hadoop.ozone.container.common.transport.server.ratis.ContainerStateMachine.startTransaction(ContainerStateMachine.java:319) ~[hadoop-hdds-container-service-1.1.0-SNAPSHOT.jar:?]
	at org.apache.ratis.server.impl.RaftServerImpl.submitClientRequestAsync(RaftServerImpl.java:684) ~[ratis-server-1.1.0-11689cd-SNAPSHOT.jar:1.1.0-11689cd-SNAPSHOT]
	at org.apache.ratis.server.impl.RaftServerProxy.lambda$submitClientRequestAsync$7(RaftServerProxy.java:341) ~[ratis-server-1.1.0-11689cd-SNAPSHOT.jar:1.1.0-11689cd-SNAPSHOT]
	at org.apache.ratis.server.impl.RaftServerProxy.lambda$null$5(RaftServerProxy.java:336) ~[ratis-server-1.1.0-11689cd-SNAPSHOT.jar:1.1.0-11689cd-SNAPSHOT]
	at org.apache.ratis.util.JavaUtils.callAsUnchecked(JavaUtils.java:109) ~[ratis-common-1.1.0-11689cd-SNAPSHOT.jar:1.1.0-11689cd-SNAPSHOT]
	at org.apache.ratis.server.impl.RaftServerProxy.lambda$submitRequest$6(RaftServerProxy.java:336) ~[ratis-server-1.1.0-11689cd-SNAPSHOT.jar:1.1.0-11689cd-SNAPSHOT]
	at java.util.concurrent.CompletableFuture.uniComposeStage(CompletableFuture.java:995) ~[?:1.8.0_232]
	at java.util.concurrent.CompletableFuture.thenCompose(CompletableFuture.java:2137) ~[?:1.8.0_232]
	at org.apache.ratis.server.impl.RaftServerProxy.submitRequest(RaftServerProxy.java:335) ~[ratis-server-1.1.0-11689cd-SNAPSHOT.jar:1.1.0-11689cd-SNAPSHOT]
	at org.apache.ratis.server.impl.RaftServerProxy.submitClientRequestAsync(RaftServerProxy.java:341) ~[ratis-server-1.1.0-11689cd-SNAPSHOT.jar:1.1.0-11689cd-SNAPSHOT]
	at org.apache.ratis.grpc.client.GrpcClientProtocolService$RequestStreamObserver.processClientRequest(GrpcClientProtocolService.java:228) ~[ratis-grpc-1.1.0-11689cd-SNAPSHOT.jar:1.1.0-11689cd-SNAPSHOT]
	at org.apache.ratis.grpc.client.GrpcClientProtocolService$OrderedRequestStreamObserver.processClientRequest(GrpcClientProtocolService.java:334) ~[ratis-grpc-1.1.0-11689cd-SNAPSHOT.jar:1.1.0-11689cd-SNAPSHOT]
	at org.apache.ratis.util.SlidingWindow$Server.processRequestsFromHead(SlidingWindow.java:429) [ratis-common-1.1.0-11689cd-SNAPSHOT.jar:1.1.0-11689cd-SNAPSHOT]
	at org.apache.ratis.util.SlidingWindow$Server.receivedRequest(SlidingWindow.java:421) [ratis-common-1.1.0-11689cd-SNAPSHOT.jar:1.1.0-11689cd-SNAPSHOT]
	at org.apache.ratis.grpc.client.GrpcClientProtocolService$OrderedRequestStreamObserver.processClientRequest(GrpcClientProtocolService.java:358) [ratis-grpc-1.1.0-11689cd-SNAPSHOT.jar:1.1.0-11689cd-SNAPSHOT]
	at org.apache.ratis.grpc.client.GrpcClientProtocolService$RequestStreamObserver.onNext(GrpcClientProtocolService.java:248) [ratis-grpc-1.1.0-11689cd-SNAPSHOT.jar:1.1.0-11689cd-SNAPSHOT]
	at org.apache.ratis.grpc.client.GrpcClientProtocolService$RequestStreamObserver.onNext(GrpcClientProtocolService.java:171) [ratis-grpc-1.1.0-11689cd-SNAPSHOT.jar:1.1.0-11689cd-SNAPSHOT]
	at org.apache.ratis.thirdparty.io.grpc.stub.ServerCalls$StreamingServerCallHandler$StreamingServerCallListener.onMessage(ServerCalls.java:251) [ratis-thirdparty-misc-0.6.0-SNAPSHOT.jar:0.6.0-SNAPSHOT]
	at org.apache.ratis.thirdparty.io.grpc.ForwardingServerCallListener.onMessage(ForwardingServerCallListener.java:33) [ratis-thirdparty-misc-0.6.0-SNAPSHOT.jar:0.6.0-SNAPSHOT]
	at org.apache.ratis.thirdparty.io.grpc.internal.ServerCallImpl$ServerStreamListenerImpl.messagesAvailableInternal(ServerCallImpl.java:309) [ratis-thirdparty-misc-0.6.0-SNAPSHOT.jar:0.6.0-SNAPSHOT]
	at org.apache.ratis.thirdparty.io.grpc.internal.ServerCallImpl$ServerStreamListenerImpl.messagesAvailable(ServerCallImpl.java:292) [ratis-thirdparty-misc-0.6.0-SNAPSHOT.jar:0.6.0-SNAPSHOT]
	at org.apache.ratis.thirdparty.io.grpc.internal.ServerImpl$JumpToApplicationThreadServerStreamListener$1MessagesAvailable.runInContext(ServerImpl.java:783) [ratis-thirdparty-misc-0.6.0-SNAPSHOT.jar:0.6.0-SNAPSHOT]
	at org.apache.ratis.thirdparty.io.grpc.internal.ContextRunnable.run(ContextRunnable.java:37) [ratis-thirdparty-misc-0.6.0-SNAPSHOT.jar:0.6.0-SNAPSHOT]
	at org.apache.ratis.thirdparty.io.grpc.internal.SerializingExecutor.run(SerializingExecutor.java:123) [ratis-thirdparty-misc-0.6.0-SNAPSHOT.jar:0.6.0-SNAPSHOT]
	at java.util.concurrent.ThreadPoolExecutor.runWorker(ThreadPoolExecutor.java:1149) [?:1.8.0_232]
	at java.util.concurrent.ThreadPoolExecutor$Worker.run(ThreadPoolExecutor.java:624) [?:1.8.0_232]
	at java.lang.Thread.run(Thread.java:748) [?:1.8.0_232]
23:06:34.779 [grpc-default-executor-0] ERROR DNAudit - user=null | ip=null | op=WRITE_CHUNK {blockData=conID: 1 locID: 105239490106163203 bcsId: 13} | ret=FAILURE
org.apache.hadoop.hdds.scm.container.common.helpers.ContainerNotOpenException: Container 1 in CLOSED state
	at org.apache.hadoop.ozone.container.common.impl.HddsDispatcher.validateContainerCommand(HddsDispatcher.java:484) ~[hadoop-hdds-container-service-1.1.0-SNAPSHOT.jar:?]
	at org.apache.hadoop.ozone.container.common.transport.server.ratis.ContainerStateMachine.startTransaction(ContainerStateMachine.java:319) ~[hadoop-hdds-container-service-1.1.0-SNAPSHOT.jar:?]
	at org.apache.ratis.server.impl.RaftServerImpl.submitClientRequestAsync(RaftServerImpl.java:684) ~[ratis-server-1.1.0-11689cd-SNAPSHOT.jar:1.1.0-11689cd-SNAPSHOT]
	at org.apache.ratis.server.impl.RaftServerProxy.lambda$submitClientRequestAsync$7(RaftServerProxy.java:341) ~[ratis-server-1.1.0-11689cd-SNAPSHOT.jar:1.1.0-11689cd-SNAPSHOT]
	at org.apache.ratis.server.impl.RaftServerProxy.lambda$null$5(RaftServerProxy.java:336) ~[ratis-server-1.1.0-11689cd-SNAPSHOT.jar:1.1.0-11689cd-SNAPSHOT]
	at org.apache.ratis.util.JavaUtils.callAsUnchecked(JavaUtils.java:109) ~[ratis-common-1.1.0-11689cd-SNAPSHOT.jar:1.1.0-11689cd-SNAPSHOT]
	at org.apache.ratis.server.impl.RaftServerProxy.lambda$submitRequest$6(RaftServerProxy.java:336) ~[ratis-server-1.1.0-11689cd-SNAPSHOT.jar:1.1.0-11689cd-SNAPSHOT]
	at java.util.concurrent.CompletableFuture.uniComposeStage(CompletableFuture.java:995) ~[?:1.8.0_232]
	at java.util.concurrent.CompletableFuture.thenCompose(CompletableFuture.java:2137) ~[?:1.8.0_232]
	at org.apache.ratis.server.impl.RaftServerProxy.submitRequest(RaftServerProxy.java:335) ~[ratis-server-1.1.0-11689cd-SNAPSHOT.jar:1.1.0-11689cd-SNAPSHOT]
	at org.apache.ratis.server.impl.RaftServerProxy.submitClientRequestAsync(RaftServerProxy.java:341) ~[ratis-server-1.1.0-11689cd-SNAPSHOT.jar:1.1.0-11689cd-SNAPSHOT]
	at org.apache.ratis.grpc.client.GrpcClientProtocolService$RequestStreamObserver.processClientRequest(GrpcClientProtocolService.java:228) ~[ratis-grpc-1.1.0-11689cd-SNAPSHOT.jar:1.1.0-11689cd-SNAPSHOT]
	at org.apache.ratis.grpc.client.GrpcClientProtocolService$OrderedRequestStreamObserver.processClientRequest(GrpcClientProtocolService.java:334) ~[ratis-grpc-1.1.0-11689cd-SNAPSHOT.jar:1.1.0-11689cd-SNAPSHOT]
	at org.apache.ratis.util.SlidingWindow$Server.processRequestsFromHead(SlidingWindow.java:429) [ratis-common-1.1.0-11689cd-SNAPSHOT.jar:1.1.0-11689cd-SNAPSHOT]
	at org.apache.ratis.util.SlidingWindow$Server.receivedRequest(SlidingWindow.java:421) [ratis-common-1.1.0-11689cd-SNAPSHOT.jar:1.1.0-11689cd-SNAPSHOT]
	at org.apache.ratis.grpc.client.GrpcClientProtocolService$OrderedRequestStreamObserver.processClientRequest(GrpcClientProtocolService.java:358) [ratis-grpc-1.1.0-11689cd-SNAPSHOT.jar:1.1.0-11689cd-SNAPSHOT]
	at org.apache.ratis.grpc.client.GrpcClientProtocolService$RequestStreamObserver.onNext(GrpcClientProtocolService.java:248) [ratis-grpc-1.1.0-11689cd-SNAPSHOT.jar:1.1.0-11689cd-SNAPSHOT]
	at org.apache.ratis.grpc.client.GrpcClientProtocolService$RequestStreamObserver.onNext(GrpcClientProtocolService.java:171) [ratis-grpc-1.1.0-11689cd-SNAPSHOT.jar:1.1.0-11689cd-SNAPSHOT]
	at org.apache.ratis.thirdparty.io.grpc.stub.ServerCalls$StreamingServerCallHandler$StreamingServerCallListener.onMessage(ServerCalls.java:251) [ratis-thirdparty-misc-0.6.0-SNAPSHOT.jar:0.6.0-SNAPSHOT]
	at org.apache.ratis.thirdparty.io.grpc.ForwardingServerCallListener.onMessage(ForwardingServerCallListener.java:33) [ratis-thirdparty-misc-0.6.0-SNAPSHOT.jar:0.6.0-SNAPSHOT]
	at org.apache.ratis.thirdparty.io.grpc.internal.ServerCallImpl$ServerStreamListenerImpl.messagesAvailableInternal(ServerCallImpl.java:309) [ratis-thirdparty-misc-0.6.0-SNAPSHOT.jar:0.6.0-SNAPSHOT]
	at org.apache.ratis.thirdparty.io.grpc.internal.ServerCallImpl$ServerStreamListenerImpl.messagesAvailable(ServerCallImpl.java:292) [ratis-thirdparty-misc-0.6.0-SNAPSHOT.jar:0.6.0-SNAPSHOT]
	at org.apache.ratis.thirdparty.io.grpc.internal.ServerImpl$JumpToApplicationThreadServerStreamListener$1MessagesAvailable.runInContext(ServerImpl.java:783) [ratis-thirdparty-misc-0.6.0-SNAPSHOT.jar:0.6.0-SNAPSHOT]
	at org.apache.ratis.thirdparty.io.grpc.internal.ContextRunnable.run(ContextRunnable.java:37) [ratis-thirdparty-misc-0.6.0-SNAPSHOT.jar:0.6.0-SNAPSHOT]
	at org.apache.ratis.thirdparty.io.grpc.internal.SerializingExecutor.run(SerializingExecutor.java:123) [ratis-thirdparty-misc-0.6.0-SNAPSHOT.jar:0.6.0-SNAPSHOT]
	at java.util.concurrent.ThreadPoolExecutor.runWorker(ThreadPoolExecutor.java:1149) [?:1.8.0_232]
	at java.util.concurrent.ThreadPoolExecutor$Worker.run(ThreadPoolExecutor.java:624) [?:1.8.0_232]
	at java.lang.Thread.run(Thread.java:748) [?:1.8.0_232]
2020-11-19 23:06:34,780 [grpc-default-executor-1] ERROR storage.BlockOutputStream (BlockOutputStream.java:lambda$writeChunkToContainer$3(677)) - writing chunk failed 105239490106163203_chunk_5 blockID conID: 1 locID: 105239490106163203 bcsId: 13 with exception org.apache.ratis.protocol.exceptions.StateMachineException: org.apache.hadoop.hdds.scm.container.common.helpers.ContainerNotOpenException from Server c6fe9ef3-e456-496a-88a6-7c1d0439fa73@group-8F388B127180: Container 1 in CLOSED state
23:06:34.781 [grpc-default-executor-0] ERROR DNAudit - user=null | ip=null | op=PUT_BLOCK {blockData=[blockId=conID: 1 locID: 105239490106163203 bcsId: 0,size=600]} | ret=FAILURE
org.apache.hadoop.hdds.scm.container.common.helpers.ContainerNotOpenException: Container 1 in CLOSED state
	at org.apache.hadoop.ozone.container.common.impl.HddsDispatcher.validateContainerCommand(HddsDispatcher.java:484) ~[hadoop-hdds-container-service-1.1.0-SNAPSHOT.jar:?]
	at org.apache.hadoop.ozone.container.common.transport.server.ratis.ContainerStateMachine.startTransaction(ContainerStateMachine.java:319) ~[hadoop-hdds-container-service-1.1.0-SNAPSHOT.jar:?]
	at org.apache.ratis.server.impl.RaftServerImpl.submitClientRequestAsync(RaftServerImpl.java:684) ~[ratis-server-1.1.0-11689cd-SNAPSHOT.jar:1.1.0-11689cd-SNAPSHOT]
	at org.apache.ratis.server.impl.RaftServerProxy.lambda$submitClientRequestAsync$7(RaftServerProxy.java:341) ~[ratis-server-1.1.0-11689cd-SNAPSHOT.jar:1.1.0-11689cd-SNAPSHOT]
	at org.apache.ratis.server.impl.RaftServerProxy.lambda$null$5(RaftServerProxy.java:336) ~[ratis-server-1.1.0-11689cd-SNAPSHOT.jar:1.1.0-11689cd-SNAPSHOT]
	at org.apache.ratis.util.JavaUtils.callAsUnchecked(JavaUtils.java:109) ~[ratis-common-1.1.0-11689cd-SNAPSHOT.jar:1.1.0-11689cd-SNAPSHOT]
	at org.apache.ratis.server.impl.RaftServerProxy.lambda$submitRequest$6(RaftServerProxy.java:336) ~[ratis-server-1.1.0-11689cd-SNAPSHOT.jar:1.1.0-11689cd-SNAPSHOT]
	at java.util.concurrent.CompletableFuture.uniComposeStage(CompletableFuture.java:995) ~[?:1.8.0_232]
	at java.util.concurrent.CompletableFuture.thenCompose(CompletableFuture.java:2137) ~[?:1.8.0_232]
	at org.apache.ratis.server.impl.RaftServerProxy.submitRequest(RaftServerProxy.java:335) ~[ratis-server-1.1.0-11689cd-SNAPSHOT.jar:1.1.0-11689cd-SNAPSHOT]
	at org.apache.ratis.server.impl.RaftServerProxy.submitClientRequestAsync(RaftServerProxy.java:341) ~[ratis-server-1.1.0-11689cd-SNAPSHOT.jar:1.1.0-11689cd-SNAPSHOT]
	at org.apache.ratis.grpc.client.GrpcClientProtocolService$RequestStreamObserver.processClientRequest(GrpcClientProtocolService.java:228) ~[ratis-grpc-1.1.0-11689cd-SNAPSHOT.jar:1.1.0-11689cd-SNAPSHOT]
	at org.apache.ratis.grpc.client.GrpcClientProtocolService$OrderedRequestStreamObserver.processClientRequest(GrpcClientProtocolService.java:334) ~[ratis-grpc-1.1.0-11689cd-SNAPSHOT.jar:1.1.0-11689cd-SNAPSHOT]
	at org.apache.ratis.util.SlidingWindow$Server.processRequestsFromHead(SlidingWindow.java:429) [ratis-common-1.1.0-11689cd-SNAPSHOT.jar:1.1.0-11689cd-SNAPSHOT]
	at org.apache.ratis.util.SlidingWindow$Server.receivedRequest(SlidingWindow.java:421) [ratis-common-1.1.0-11689cd-SNAPSHOT.jar:1.1.0-11689cd-SNAPSHOT]
	at org.apache.ratis.grpc.client.GrpcClientProtocolService$OrderedRequestStreamObserver.processClientRequest(GrpcClientProtocolService.java:358) [ratis-grpc-1.1.0-11689cd-SNAPSHOT.jar:1.1.0-11689cd-SNAPSHOT]
	at org.apache.ratis.grpc.client.GrpcClientProtocolService$RequestStreamObserver.onNext(GrpcClientProtocolService.java:248) [ratis-grpc-1.1.0-11689cd-SNAPSHOT.jar:1.1.0-11689cd-SNAPSHOT]
	at org.apache.ratis.grpc.client.GrpcClientProtocolService$RequestStreamObserver.onNext(GrpcClientProtocolService.java:171) [ratis-grpc-1.1.0-11689cd-SNAPSHOT.jar:1.1.0-11689cd-SNAPSHOT]
	at org.apache.ratis.thirdparty.io.grpc.stub.ServerCalls$StreamingServerCallHandler$StreamingServerCallListener.onMessage(ServerCalls.java:251) [ratis-thirdparty-misc-0.6.0-SNAPSHOT.jar:0.6.0-SNAPSHOT]
	at org.apache.ratis.thirdparty.io.grpc.ForwardingServerCallListener.onMessage(ForwardingServerCallListener.java:33) [ratis-thirdparty-misc-0.6.0-SNAPSHOT.jar:0.6.0-SNAPSHOT]
	at org.apache.ratis.thirdparty.io.grpc.internal.ServerCallImpl$ServerStreamListenerImpl.messagesAvailableInternal(ServerCallImpl.java:309) [ratis-thirdparty-misc-0.6.0-SNAPSHOT.jar:0.6.0-SNAPSHOT]
	at org.apache.ratis.thirdparty.io.grpc.internal.ServerCallImpl$ServerStreamListenerImpl.messagesAvailable(ServerCallImpl.java:292) [ratis-thirdparty-misc-0.6.0-SNAPSHOT.jar:0.6.0-SNAPSHOT]
	at org.apache.ratis.thirdparty.io.grpc.internal.ServerImpl$JumpToApplicationThreadServerStreamListener$1MessagesAvailable.runInContext(ServerImpl.java:783) [ratis-thirdparty-misc-0.6.0-SNAPSHOT.jar:0.6.0-SNAPSHOT]
	at org.apache.ratis.thirdparty.io.grpc.internal.ContextRunnable.run(ContextRunnable.java:37) [ratis-thirdparty-misc-0.6.0-SNAPSHOT.jar:0.6.0-SNAPSHOT]
	at org.apache.ratis.thirdparty.io.grpc.internal.SerializingExecutor.run(SerializingExecutor.java:123) [ratis-thirdparty-misc-0.6.0-SNAPSHOT.jar:0.6.0-SNAPSHOT]
	at java.util.concurrent.ThreadPoolExecutor.runWorker(ThreadPoolExecutor.java:1149) [?:1.8.0_232]
	at java.util.concurrent.ThreadPoolExecutor$Worker.run(ThreadPoolExecutor.java:624) [?:1.8.0_232]
	at java.lang.Thread.run(Thread.java:748) [?:1.8.0_232]
23:06:34.784 [grpc-default-executor-0] ERROR DNAudit - user=null | ip=null | op=WRITE_CHUNK {blockData=conID: 1 locID: 105239490106163203 bcsId: 13} | ret=FAILURE
org.apache.hadoop.hdds.scm.container.common.helpers.ContainerNotOpenException: Container 1 in CLOSED state
	at org.apache.hadoop.ozone.container.common.impl.HddsDispatcher.validateContainerCommand(HddsDispatcher.java:484) ~[hadoop-hdds-container-service-1.1.0-SNAPSHOT.jar:?]
	at org.apache.hadoop.ozone.container.common.transport.server.ratis.ContainerStateMachine.startTransaction(ContainerStateMachine.java:319) ~[hadoop-hdds-container-service-1.1.0-SNAPSHOT.jar:?]
	at org.apache.ratis.server.impl.RaftServerImpl.submitClientRequestAsync(RaftServerImpl.java:684) ~[ratis-server-1.1.0-11689cd-SNAPSHOT.jar:1.1.0-11689cd-SNAPSHOT]
	at org.apache.ratis.server.impl.RaftServerProxy.lambda$submitClientRequestAsync$7(RaftServerProxy.java:341) ~[ratis-server-1.1.0-11689cd-SNAPSHOT.jar:1.1.0-11689cd-SNAPSHOT]
	at org.apache.ratis.server.impl.RaftServerProxy.lambda$null$5(RaftServerProxy.java:336) ~[ratis-server-1.1.0-11689cd-SNAPSHOT.jar:1.1.0-11689cd-SNAPSHOT]
	at org.apache.ratis.util.JavaUtils.callAsUnchecked(JavaUtils.java:109) ~[ratis-common-1.1.0-11689cd-SNAPSHOT.jar:1.1.0-11689cd-SNAPSHOT]
	at org.apache.ratis.server.impl.RaftServerProxy.lambda$submitRequest$6(RaftServerProxy.java:336) ~[ratis-server-1.1.0-11689cd-SNAPSHOT.jar:1.1.0-11689cd-SNAPSHOT]
	at java.util.concurrent.CompletableFuture.uniComposeStage(CompletableFuture.java:995) ~[?:1.8.0_232]
	at java.util.concurrent.CompletableFuture.thenCompose(CompletableFuture.java:2137) ~[?:1.8.0_232]
	at org.apache.ratis.server.impl.RaftServerProxy.submitRequest(RaftServerProxy.java:335) ~[ratis-server-1.1.0-11689cd-SNAPSHOT.jar:1.1.0-11689cd-SNAPSHOT]
	at org.apache.ratis.server.impl.RaftServerProxy.submitClientRequestAsync(RaftServerProxy.java:341) ~[ratis-server-1.1.0-11689cd-SNAPSHOT.jar:1.1.0-11689cd-SNAPSHOT]
	at org.apache.ratis.grpc.client.GrpcClientProtocolService$RequestStreamObserver.processClientRequest(GrpcClientProtocolService.java:228) ~[ratis-grpc-1.1.0-11689cd-SNAPSHOT.jar:1.1.0-11689cd-SNAPSHOT]
	at org.apache.ratis.grpc.client.GrpcClientProtocolService$OrderedRequestStreamObserver.processClientRequest(GrpcClientProtocolService.java:334) ~[ratis-grpc-1.1.0-11689cd-SNAPSHOT.jar:1.1.0-11689cd-SNAPSHOT]
	at org.apache.ratis.util.SlidingWindow$Server.processRequestsFromHead(SlidingWindow.java:429) [ratis-common-1.1.0-11689cd-SNAPSHOT.jar:1.1.0-11689cd-SNAPSHOT]
	at org.apache.ratis.util.SlidingWindow$Server.receivedRequest(SlidingWindow.java:421) [ratis-common-1.1.0-11689cd-SNAPSHOT.jar:1.1.0-11689cd-SNAPSHOT]
	at org.apache.ratis.grpc.client.GrpcClientProtocolService$OrderedRequestStreamObserver.processClientRequest(GrpcClientProtocolService.java:358) [ratis-grpc-1.1.0-11689cd-SNAPSHOT.jar:1.1.0-11689cd-SNAPSHOT]
	at org.apache.ratis.grpc.client.GrpcClientProtocolService$RequestStreamObserver.onNext(GrpcClientProtocolService.java:248) [ratis-grpc-1.1.0-11689cd-SNAPSHOT.jar:1.1.0-11689cd-SNAPSHOT]
	at org.apache.ratis.grpc.client.GrpcClientProtocolService$RequestStreamObserver.onNext(GrpcClientProtocolService.java:171) [ratis-grpc-1.1.0-11689cd-SNAPSHOT.jar:1.1.0-11689cd-SNAPSHOT]
	at org.apache.ratis.thirdparty.io.grpc.stub.ServerCalls$StreamingServerCallHandler$StreamingServerCallListener.onMessage(ServerCalls.java:251) [ratis-thirdparty-misc-0.6.0-SNAPSHOT.jar:0.6.0-SNAPSHOT]
	at org.apache.ratis.thirdparty.io.grpc.ForwardingServerCallListener.onMessage(ForwardingServerCallListener.java:33) [ratis-thirdparty-misc-0.6.0-SNAPSHOT.jar:0.6.0-SNAPSHOT]
	at org.apache.ratis.thirdparty.io.grpc.internal.ServerCallImpl$ServerStreamListenerImpl.messagesAvailableInternal(ServerCallImpl.java:309) [ratis-thirdparty-misc-0.6.0-SNAPSHOT.jar:0.6.0-SNAPSHOT]
	at org.apache.ratis.thirdparty.io.grpc.internal.ServerCallImpl$ServerStreamListenerImpl.messagesAvailable(ServerCallImpl.java:292) [ratis-thirdparty-misc-0.6.0-SNAPSHOT.jar:0.6.0-SNAPSHOT]
	at org.apache.ratis.thirdparty.io.grpc.internal.ServerImpl$JumpToApplicationThreadServerStreamListener$1MessagesAvailable.runInContext(ServerImpl.java:783) [ratis-thirdparty-misc-0.6.0-SNAPSHOT.jar:0.6.0-SNAPSHOT]
	at org.apache.ratis.thirdparty.io.grpc.internal.ContextRunnable.run(ContextRunnable.java:37) [ratis-thirdparty-misc-0.6.0-SNAPSHOT.jar:0.6.0-SNAPSHOT]
	at org.apache.ratis.thirdparty.io.grpc.internal.SerializingExecutor.run(SerializingExecutor.java:123) [ratis-thirdparty-misc-0.6.0-SNAPSHOT.jar:0.6.0-SNAPSHOT]
	at java.util.concurrent.ThreadPoolExecutor.runWorker(ThreadPoolExecutor.java:1149) [?:1.8.0_232]
	at java.util.concurrent.ThreadPoolExecutor$Worker.run(ThreadPoolExecutor.java:624) [?:1.8.0_232]
	at java.lang.Thread.run(Thread.java:748) [?:1.8.0_232]
23:06:34.788 [grpc-default-executor-0] ERROR DNAudit - user=null | ip=null | op=WRITE_CHUNK {blockData=conID: 1 locID: 105239490106163203 bcsId: 13} | ret=FAILURE
org.apache.hadoop.hdds.scm.container.common.helpers.ContainerNotOpenException: Container 1 in CLOSED state
	at org.apache.hadoop.ozone.container.common.impl.HddsDispatcher.validateContainerCommand(HddsDispatcher.java:484) ~[hadoop-hdds-container-service-1.1.0-SNAPSHOT.jar:?]
	at org.apache.hadoop.ozone.container.common.transport.server.ratis.ContainerStateMachine.startTransaction(ContainerStateMachine.java:319) ~[hadoop-hdds-container-service-1.1.0-SNAPSHOT.jar:?]
	at org.apache.ratis.server.impl.RaftServerImpl.submitClientRequestAsync(RaftServerImpl.java:684) ~[ratis-server-1.1.0-11689cd-SNAPSHOT.jar:1.1.0-11689cd-SNAPSHOT]
	at org.apache.ratis.server.impl.RaftServerProxy.lambda$submitClientRequestAsync$7(RaftServerProxy.java:341) ~[ratis-server-1.1.0-11689cd-SNAPSHOT.jar:1.1.0-11689cd-SNAPSHOT]
	at org.apache.ratis.server.impl.RaftServerProxy.lambda$null$5(RaftServerProxy.java:336) ~[ratis-server-1.1.0-11689cd-SNAPSHOT.jar:1.1.0-11689cd-SNAPSHOT]
	at org.apache.ratis.util.JavaUtils.callAsUnchecked(JavaUtils.java:109) ~[ratis-common-1.1.0-11689cd-SNAPSHOT.jar:1.1.0-11689cd-SNAPSHOT]
	at org.apache.ratis.server.impl.RaftServerProxy.lambda$submitRequest$6(RaftServerProxy.java:336) ~[ratis-server-1.1.0-11689cd-SNAPSHOT.jar:1.1.0-11689cd-SNAPSHOT]
	at java.util.concurrent.CompletableFuture.uniComposeStage(CompletableFuture.java:995) ~[?:1.8.0_232]
	at java.util.concurrent.CompletableFuture.thenCompose(CompletableFuture.java:2137) ~[?:1.8.0_232]
	at org.apache.ratis.server.impl.RaftServerProxy.submitRequest(RaftServerProxy.java:335) ~[ratis-server-1.1.0-11689cd-SNAPSHOT.jar:1.1.0-11689cd-SNAPSHOT]
	at org.apache.ratis.server.impl.RaftServerProxy.submitClientRequestAsync(RaftServerProxy.java:341) ~[ratis-server-1.1.0-11689cd-SNAPSHOT.jar:1.1.0-11689cd-SNAPSHOT]
	at org.apache.ratis.grpc.client.GrpcClientProtocolService$RequestStreamObserver.processClientRequest(GrpcClientProtocolService.java:228) ~[ratis-grpc-1.1.0-11689cd-SNAPSHOT.jar:1.1.0-11689cd-SNAPSHOT]
	at org.apache.ratis.grpc.client.GrpcClientProtocolService$OrderedRequestStreamObserver.processClientRequest(GrpcClientProtocolService.java:334) ~[ratis-grpc-1.1.0-11689cd-SNAPSHOT.jar:1.1.0-11689cd-SNAPSHOT]
	at org.apache.ratis.util.SlidingWindow$Server.processRequestsFromHead(SlidingWindow.java:429) [ratis-common-1.1.0-11689cd-SNAPSHOT.jar:1.1.0-11689cd-SNAPSHOT]
	at org.apache.ratis.util.SlidingWindow$Server.receivedRequest(SlidingWindow.java:421) [ratis-common-1.1.0-11689cd-SNAPSHOT.jar:1.1.0-11689cd-SNAPSHOT]
	at org.apache.ratis.grpc.client.GrpcClientProtocolService$OrderedRequestStreamObserver.processClientRequest(GrpcClientProtocolService.java:358) [ratis-grpc-1.1.0-11689cd-SNAPSHOT.jar:1.1.0-11689cd-SNAPSHOT]
	at org.apache.ratis.grpc.client.GrpcClientProtocolService$RequestStreamObserver.onNext(GrpcClientProtocolService.java:248) [ratis-grpc-1.1.0-11689cd-SNAPSHOT.jar:1.1.0-11689cd-SNAPSHOT]
	at org.apache.ratis.grpc.client.GrpcClientProtocolService$RequestStreamObserver.onNext(GrpcClientProtocolService.java:171) [ratis-grpc-1.1.0-11689cd-SNAPSHOT.jar:1.1.0-11689cd-SNAPSHOT]
	at org.apache.ratis.thirdparty.io.grpc.stub.ServerCalls$StreamingServerCallHandler$StreamingServerCallListener.onMessage(ServerCalls.java:251) [ratis-thirdparty-misc-0.6.0-SNAPSHOT.jar:0.6.0-SNAPSHOT]
	at org.apache.ratis.thirdparty.io.grpc.ForwardingServerCallListener.onMessage(ForwardingServerCallListener.java:33) [ratis-thirdparty-misc-0.6.0-SNAPSHOT.jar:0.6.0-SNAPSHOT]
	at org.apache.ratis.thirdparty.io.grpc.internal.ServerCallImpl$ServerStreamListenerImpl.messagesAvailableInternal(ServerCallImpl.java:309) [ratis-thirdparty-misc-0.6.0-SNAPSHOT.jar:0.6.0-SNAPSHOT]
	at org.apache.ratis.thirdparty.io.grpc.internal.ServerCallImpl$ServerStreamListenerImpl.messagesAvailable(ServerCallImpl.java:292) [ratis-thirdparty-misc-0.6.0-SNAPSHOT.jar:0.6.0-SNAPSHOT]
	at org.apache.ratis.thirdparty.io.grpc.internal.ServerImpl$JumpToApplicationThreadServerStreamListener$1MessagesAvailable.runInContext(ServerImpl.java:783) [ratis-thirdparty-misc-0.6.0-SNAPSHOT.jar:0.6.0-SNAPSHOT]
	at org.apache.ratis.thirdparty.io.grpc.internal.ContextRunnable.run(ContextRunnable.java:37) [ratis-thirdparty-misc-0.6.0-SNAPSHOT.jar:0.6.0-SNAPSHOT]
	at org.apache.ratis.thirdparty.io.grpc.internal.SerializingExecutor.run(SerializingExecutor.java:123) [ratis-thirdparty-misc-0.6.0-SNAPSHOT.jar:0.6.0-SNAPSHOT]
	at java.util.concurrent.ThreadPoolExecutor.runWorker(ThreadPoolExecutor.java:1149) [?:1.8.0_232]
	at java.util.concurrent.ThreadPoolExecutor$Worker.run(ThreadPoolExecutor.java:624) [?:1.8.0_232]
	at java.lang.Thread.run(Thread.java:748) [?:1.8.0_232]
23:06:34.791 [grpc-default-executor-0] ERROR DNAudit - user=null | ip=null | op=PUT_BLOCK {blockData=[blockId=conID: 1 locID: 105239490106163203 bcsId: 0,size=800]} | ret=FAILURE
org.apache.hadoop.hdds.scm.container.common.helpers.ContainerNotOpenException: Container 1 in CLOSED state
	at org.apache.hadoop.ozone.container.common.impl.HddsDispatcher.validateContainerCommand(HddsDispatcher.java:484) ~[hadoop-hdds-container-service-1.1.0-SNAPSHOT.jar:?]
	at org.apache.hadoop.ozone.container.common.transport.server.ratis.ContainerStateMachine.startTransaction(ContainerStateMachine.java:319) ~[hadoop-hdds-container-service-1.1.0-SNAPSHOT.jar:?]
	at org.apache.ratis.server.impl.RaftServerImpl.submitClientRequestAsync(RaftServerImpl.java:684) ~[ratis-server-1.1.0-11689cd-SNAPSHOT.jar:1.1.0-11689cd-SNAPSHOT]
	at org.apache.ratis.server.impl.RaftServerProxy.lambda$submitClientRequestAsync$7(RaftServerProxy.java:341) ~[ratis-server-1.1.0-11689cd-SNAPSHOT.jar:1.1.0-11689cd-SNAPSHOT]
	at org.apache.ratis.server.impl.RaftServerProxy.lambda$null$5(RaftServerProxy.java:336) ~[ratis-server-1.1.0-11689cd-SNAPSHOT.jar:1.1.0-11689cd-SNAPSHOT]
	at org.apache.ratis.util.JavaUtils.callAsUnchecked(JavaUtils.java:109) ~[ratis-common-1.1.0-11689cd-SNAPSHOT.jar:1.1.0-11689cd-SNAPSHOT]
	at org.apache.ratis.server.impl.RaftServerProxy.lambda$submitRequest$6(RaftServerProxy.java:336) ~[ratis-server-1.1.0-11689cd-SNAPSHOT.jar:1.1.0-11689cd-SNAPSHOT]
	at java.util.concurrent.CompletableFuture.uniComposeStage(CompletableFuture.java:995) ~[?:1.8.0_232]
	at java.util.concurrent.CompletableFuture.thenCompose(CompletableFuture.java:2137) ~[?:1.8.0_232]
	at org.apache.ratis.server.impl.RaftServerProxy.submitRequest(RaftServerProxy.java:335) ~[ratis-server-1.1.0-11689cd-SNAPSHOT.jar:1.1.0-11689cd-SNAPSHOT]
	at org.apache.ratis.server.impl.RaftServerProxy.submitClientRequestAsync(RaftServerProxy.java:341) ~[ratis-server-1.1.0-11689cd-SNAPSHOT.jar:1.1.0-11689cd-SNAPSHOT]
	at org.apache.ratis.grpc.client.GrpcClientProtocolService$RequestStreamObserver.processClientRequest(GrpcClientProtocolService.java:228) ~[ratis-grpc-1.1.0-11689cd-SNAPSHOT.jar:1.1.0-11689cd-SNAPSHOT]
	at org.apache.ratis.grpc.client.GrpcClientProtocolService$OrderedRequestStreamObserver.processClientRequest(GrpcClientProtocolService.java:334) ~[ratis-grpc-1.1.0-11689cd-SNAPSHOT.jar:1.1.0-11689cd-SNAPSHOT]
	at org.apache.ratis.util.SlidingWindow$Server.processRequestsFromHead(SlidingWindow.java:429) [ratis-common-1.1.0-11689cd-SNAPSHOT.jar:1.1.0-11689cd-SNAPSHOT]
	at org.apache.ratis.util.SlidingWindow$Server.receivedRequest(SlidingWindow.java:421) [ratis-common-1.1.0-11689cd-SNAPSHOT.jar:1.1.0-11689cd-SNAPSHOT]
	at org.apache.ratis.grpc.client.GrpcClientProtocolService$OrderedRequestStreamObserver.processClientRequest(GrpcClientProtocolService.java:358) [ratis-grpc-1.1.0-11689cd-SNAPSHOT.jar:1.1.0-11689cd-SNAPSHOT]
	at org.apache.ratis.grpc.client.GrpcClientProtocolService$RequestStreamObserver.onNext(GrpcClientProtocolService.java:248) [ratis-grpc-1.1.0-11689cd-SNAPSHOT.jar:1.1.0-11689cd-SNAPSHOT]
	at org.apache.ratis.grpc.client.GrpcClientProtocolService$RequestStreamObserver.onNext(GrpcClientProtocolService.java:171) [ratis-grpc-1.1.0-11689cd-SNAPSHOT.jar:1.1.0-11689cd-SNAPSHOT]
	at org.apache.ratis.thirdparty.io.grpc.stub.ServerCalls$StreamingServerCallHandler$StreamingServerCallListener.onMessage(ServerCalls.java:251) [ratis-thirdparty-misc-0.6.0-SNAPSHOT.jar:0.6.0-SNAPSHOT]
	at org.apache.ratis.thirdparty.io.grpc.ForwardingServerCallListener.onMessage(ForwardingServerCallListener.java:33) [ratis-thirdparty-misc-0.6.0-SNAPSHOT.jar:0.6.0-SNAPSHOT]
	at org.apache.ratis.thirdparty.io.grpc.internal.ServerCallImpl$ServerStreamListenerImpl.messagesAvailableInternal(ServerCallImpl.java:309) [ratis-thirdparty-misc-0.6.0-SNAPSHOT.jar:0.6.0-SNAPSHOT]
	at org.apache.ratis.thirdparty.io.grpc.internal.ServerCallImpl$ServerStreamListenerImpl.messagesAvailable(ServerCallImpl.java:292) [ratis-thirdparty-misc-0.6.0-SNAPSHOT.jar:0.6.0-SNAPSHOT]
	at org.apache.ratis.thirdparty.io.grpc.internal.ServerImpl$JumpToApplicationThreadServerStreamListener$1MessagesAvailable.runInContext(ServerImpl.java:783) [ratis-thirdparty-misc-0.6.0-SNAPSHOT.jar:0.6.0-SNAPSHOT]
	at org.apache.ratis.thirdparty.io.grpc.internal.ContextRunnable.run(ContextRunnable.java:37) [ratis-thirdparty-misc-0.6.0-SNAPSHOT.jar:0.6.0-SNAPSHOT]
	at org.apache.ratis.thirdparty.io.grpc.internal.SerializingExecutor.run(SerializingExecutor.java:123) [ratis-thirdparty-misc-0.6.0-SNAPSHOT.jar:0.6.0-SNAPSHOT]
	at java.util.concurrent.ThreadPoolExecutor.runWorker(ThreadPoolExecutor.java:1149) [?:1.8.0_232]
	at java.util.concurrent.ThreadPoolExecutor$Worker.run(ThreadPoolExecutor.java:624) [?:1.8.0_232]
	at java.lang.Thread.run(Thread.java:748) [?:1.8.0_232]
2020-11-19 23:06:34,792 [grpc-default-executor-1] ERROR storage.BlockOutputStream (BlockOutputStream.java:lambda$writeChunkToContainer$3(677)) - writing chunk failed 105239490106163203_chunk_6 blockID conID: 1 locID: 105239490106163203 bcsId: 13 with exception org.apache.ratis.protocol.exceptions.StateMachineException: org.apache.hadoop.hdds.scm.container.common.helpers.ContainerNotOpenException from Server c6fe9ef3-e456-496a-88a6-7c1d0439fa73@group-8F388B127180: Container 1 in CLOSED state
2020-11-19 23:06:34,803 [grpc-default-executor-0] ERROR storage.BlockOutputStream (BlockOutputStream.java:lambda$writeChunkToContainer$3(677)) - writing chunk failed 105239490106163203_chunk_7 blockID conID: 1 locID: 105239490106163203 bcsId: 13 with exception org.apache.ratis.protocol.exceptions.StateMachineException: org.apache.hadoop.hdds.scm.container.common.helpers.ContainerNotOpenException from Server c6fe9ef3-e456-496a-88a6-7c1d0439fa73@group-8F388B127180: Container 1 in CLOSED state
2020-11-19 23:06:34,806 [grpc-default-executor-0] ERROR storage.BlockOutputStream (BlockOutputStream.java:lambda$writeChunkToContainer$3(677)) - writing chunk failed 105239490106163203_chunk_8 blockID conID: 1 locID: 105239490106163203 bcsId: 13 with exception org.apache.ratis.protocol.exceptions.StateMachineException: org.apache.hadoop.hdds.scm.container.common.helpers.ContainerNotOpenException from Server c6fe9ef3-e456-496a-88a6-7c1d0439fa73@group-8F388B127180: Container 1 in CLOSED state
23:06:34.811 [grpc-default-executor-1] ERROR DNAudit - user=null | ip=null | op=WRITE_CHUNK {blockData=conID: 2 locID: 105239490106228740 bcsId: 0} | ret=FAILURE
org.apache.hadoop.hdds.scm.container.common.helpers.ContainerNotOpenException: Container 2 in CLOSED state
	at org.apache.hadoop.ozone.container.common.impl.HddsDispatcher.validateContainerCommand(HddsDispatcher.java:484) ~[hadoop-hdds-container-service-1.1.0-SNAPSHOT.jar:?]
	at org.apache.hadoop.ozone.container.common.transport.server.ratis.ContainerStateMachine.startTransaction(ContainerStateMachine.java:319) ~[hadoop-hdds-container-service-1.1.0-SNAPSHOT.jar:?]
	at org.apache.ratis.server.impl.RaftServerImpl.submitClientRequestAsync(RaftServerImpl.java:684) ~[ratis-server-1.1.0-11689cd-SNAPSHOT.jar:1.1.0-11689cd-SNAPSHOT]
	at org.apache.ratis.server.impl.RaftServerProxy.lambda$submitClientRequestAsync$7(RaftServerProxy.java:341) ~[ratis-server-1.1.0-11689cd-SNAPSHOT.jar:1.1.0-11689cd-SNAPSHOT]
	at org.apache.ratis.server.impl.RaftServerProxy.lambda$null$5(RaftServerProxy.java:336) ~[ratis-server-1.1.0-11689cd-SNAPSHOT.jar:1.1.0-11689cd-SNAPSHOT]
	at org.apache.ratis.util.JavaUtils.callAsUnchecked(JavaUtils.java:109) ~[ratis-common-1.1.0-11689cd-SNAPSHOT.jar:1.1.0-11689cd-SNAPSHOT]
	at org.apache.ratis.server.impl.RaftServerProxy.lambda$submitRequest$6(RaftServerProxy.java:336) ~[ratis-server-1.1.0-11689cd-SNAPSHOT.jar:1.1.0-11689cd-SNAPSHOT]
	at java.util.concurrent.CompletableFuture.uniComposeStage(CompletableFuture.java:995) ~[?:1.8.0_232]
	at java.util.concurrent.CompletableFuture.thenCompose(CompletableFuture.java:2137) ~[?:1.8.0_232]
	at org.apache.ratis.server.impl.RaftServerProxy.submitRequest(RaftServerProxy.java:335) ~[ratis-server-1.1.0-11689cd-SNAPSHOT.jar:1.1.0-11689cd-SNAPSHOT]
	at org.apache.ratis.server.impl.RaftServerProxy.submitClientRequestAsync(RaftServerProxy.java:341) ~[ratis-server-1.1.0-11689cd-SNAPSHOT.jar:1.1.0-11689cd-SNAPSHOT]
	at org.apache.ratis.grpc.client.GrpcClientProtocolService$RequestStreamObserver.processClientRequest(GrpcClientProtocolService.java:228) ~[ratis-grpc-1.1.0-11689cd-SNAPSHOT.jar:1.1.0-11689cd-SNAPSHOT]
	at org.apache.ratis.grpc.client.GrpcClientProtocolService$OrderedRequestStreamObserver.processClientRequest(GrpcClientProtocolService.java:334) ~[ratis-grpc-1.1.0-11689cd-SNAPSHOT.jar:1.1.0-11689cd-SNAPSHOT]
	at org.apache.ratis.util.SlidingWindow$Server.processRequestsFromHead(SlidingWindow.java:429) [ratis-common-1.1.0-11689cd-SNAPSHOT.jar:1.1.0-11689cd-SNAPSHOT]
	at org.apache.ratis.util.SlidingWindow$Server.receivedRequest(SlidingWindow.java:421) [ratis-common-1.1.0-11689cd-SNAPSHOT.jar:1.1.0-11689cd-SNAPSHOT]
	at org.apache.ratis.grpc.client.GrpcClientProtocolService$OrderedRequestStreamObserver.processClientRequest(GrpcClientProtocolService.java:358) [ratis-grpc-1.1.0-11689cd-SNAPSHOT.jar:1.1.0-11689cd-SNAPSHOT]
	at org.apache.ratis.grpc.client.GrpcClientProtocolService$RequestStreamObserver.onNext(GrpcClientProtocolService.java:248) [ratis-grpc-1.1.0-11689cd-SNAPSHOT.jar:1.1.0-11689cd-SNAPSHOT]
	at org.apache.ratis.grpc.client.GrpcClientProtocolService$RequestStreamObserver.onNext(GrpcClientProtocolService.java:171) [ratis-grpc-1.1.0-11689cd-SNAPSHOT.jar:1.1.0-11689cd-SNAPSHOT]
	at org.apache.ratis.thirdparty.io.grpc.stub.ServerCalls$StreamingServerCallHandler$StreamingServerCallListener.onMessage(ServerCalls.java:251) [ratis-thirdparty-misc-0.6.0-SNAPSHOT.jar:0.6.0-SNAPSHOT]
	at org.apache.ratis.thirdparty.io.grpc.ForwardingServerCallListener.onMessage(ForwardingServerCallListener.java:33) [ratis-thirdparty-misc-0.6.0-SNAPSHOT.jar:0.6.0-SNAPSHOT]
	at org.apache.ratis.thirdparty.io.grpc.internal.ServerCallImpl$ServerStreamListenerImpl.messagesAvailableInternal(ServerCallImpl.java:309) [ratis-thirdparty-misc-0.6.0-SNAPSHOT.jar:0.6.0-SNAPSHOT]
	at org.apache.ratis.thirdparty.io.grpc.internal.ServerCallImpl$ServerStreamListenerImpl.messagesAvailable(ServerCallImpl.java:292) [ratis-thirdparty-misc-0.6.0-SNAPSHOT.jar:0.6.0-SNAPSHOT]
	at org.apache.ratis.thirdparty.io.grpc.internal.ServerImpl$JumpToApplicationThreadServerStreamListener$1MessagesAvailable.runInContext(ServerImpl.java:783) [ratis-thirdparty-misc-0.6.0-SNAPSHOT.jar:0.6.0-SNAPSHOT]
	at org.apache.ratis.thirdparty.io.grpc.internal.ContextRunnable.run(ContextRunnable.java:37) [ratis-thirdparty-misc-0.6.0-SNAPSHOT.jar:0.6.0-SNAPSHOT]
	at org.apache.ratis.thirdparty.io.grpc.internal.SerializingExecutor.run(SerializingExecutor.java:123) [ratis-thirdparty-misc-0.6.0-SNAPSHOT.jar:0.6.0-SNAPSHOT]
	at java.util.concurrent.ThreadPoolExecutor.runWorker(ThreadPoolExecutor.java:1149) [?:1.8.0_232]
	at java.util.concurrent.ThreadPoolExecutor$Worker.run(ThreadPoolExecutor.java:624) [?:1.8.0_232]
	at java.lang.Thread.run(Thread.java:748) [?:1.8.0_232]
23:06:34.813 [grpc-default-executor-1] ERROR DNAudit - user=null | ip=null | op=WRITE_CHUNK {blockData=conID: 2 locID: 105239490106228740 bcsId: 0} | ret=FAILURE
org.apache.hadoop.hdds.scm.container.common.helpers.ContainerNotOpenException: Container 2 in CLOSED state
	at org.apache.hadoop.ozone.container.common.impl.HddsDispatcher.validateContainerCommand(HddsDispatcher.java:484) ~[hadoop-hdds-container-service-1.1.0-SNAPSHOT.jar:?]
	at org.apache.hadoop.ozone.container.common.transport.server.ratis.ContainerStateMachine.startTransaction(ContainerStateMachine.java:319) ~[hadoop-hdds-container-service-1.1.0-SNAPSHOT.jar:?]
	at org.apache.ratis.server.impl.RaftServerImpl.submitClientRequestAsync(RaftServerImpl.java:684) ~[ratis-server-1.1.0-11689cd-SNAPSHOT.jar:1.1.0-11689cd-SNAPSHOT]
	at org.apache.ratis.server.impl.RaftServerProxy.lambda$submitClientRequestAsync$7(RaftServerProxy.java:341) ~[ratis-server-1.1.0-11689cd-SNAPSHOT.jar:1.1.0-11689cd-SNAPSHOT]
	at org.apache.ratis.server.impl.RaftServerProxy.lambda$null$5(RaftServerProxy.java:336) ~[ratis-server-1.1.0-11689cd-SNAPSHOT.jar:1.1.0-11689cd-SNAPSHOT]
	at org.apache.ratis.util.JavaUtils.callAsUnchecked(JavaUtils.java:109) ~[ratis-common-1.1.0-11689cd-SNAPSHOT.jar:1.1.0-11689cd-SNAPSHOT]
	at org.apache.ratis.server.impl.RaftServerProxy.lambda$submitRequest$6(RaftServerProxy.java:336) ~[ratis-server-1.1.0-11689cd-SNAPSHOT.jar:1.1.0-11689cd-SNAPSHOT]
	at java.util.concurrent.CompletableFuture.uniComposeStage(CompletableFuture.java:995) ~[?:1.8.0_232]
	at java.util.concurrent.CompletableFuture.thenCompose(CompletableFuture.java:2137) ~[?:1.8.0_232]
	at org.apache.ratis.server.impl.RaftServerProxy.submitRequest(RaftServerProxy.java:335) ~[ratis-server-1.1.0-11689cd-SNAPSHOT.jar:1.1.0-11689cd-SNAPSHOT]
	at org.apache.ratis.server.impl.RaftServerProxy.submitClientRequestAsync(RaftServerProxy.java:341) ~[ratis-server-1.1.0-11689cd-SNAPSHOT.jar:1.1.0-11689cd-SNAPSHOT]
	at org.apache.ratis.grpc.client.GrpcClientProtocolService$RequestStreamObserver.processClientRequest(GrpcClientProtocolService.java:228) ~[ratis-grpc-1.1.0-11689cd-SNAPSHOT.jar:1.1.0-11689cd-SNAPSHOT]
	at org.apache.ratis.grpc.client.GrpcClientProtocolService$OrderedRequestStreamObserver.processClientRequest(GrpcClientProtocolService.java:334) ~[ratis-grpc-1.1.0-11689cd-SNAPSHOT.jar:1.1.0-11689cd-SNAPSHOT]
	at org.apache.ratis.util.SlidingWindow$Server.processRequestsFromHead(SlidingWindow.java:429) [ratis-common-1.1.0-11689cd-SNAPSHOT.jar:1.1.0-11689cd-SNAPSHOT]
	at org.apache.ratis.util.SlidingWindow$Server.receivedRequest(SlidingWindow.java:421) [ratis-common-1.1.0-11689cd-SNAPSHOT.jar:1.1.0-11689cd-SNAPSHOT]
	at org.apache.ratis.grpc.client.GrpcClientProtocolService$OrderedRequestStreamObserver.processClientRequest(GrpcClientProtocolService.java:358) [ratis-grpc-1.1.0-11689cd-SNAPSHOT.jar:1.1.0-11689cd-SNAPSHOT]
	at org.apache.ratis.grpc.client.GrpcClientProtocolService$RequestStreamObserver.onNext(GrpcClientProtocolService.java:248) [ratis-grpc-1.1.0-11689cd-SNAPSHOT.jar:1.1.0-11689cd-SNAPSHOT]
	at org.apache.ratis.grpc.client.GrpcClientProtocolService$RequestStreamObserver.onNext(GrpcClientProtocolService.java:171) [ratis-grpc-1.1.0-11689cd-SNAPSHOT.jar:1.1.0-11689cd-SNAPSHOT]
	at org.apache.ratis.thirdparty.io.grpc.stub.ServerCalls$StreamingServerCallHandler$StreamingServerCallListener.onMessage(ServerCalls.java:251) [ratis-thirdparty-misc-0.6.0-SNAPSHOT.jar:0.6.0-SNAPSHOT]
	at org.apache.ratis.thirdparty.io.grpc.ForwardingServerCallListener.onMessage(ForwardingServerCallListener.java:33) [ratis-thirdparty-misc-0.6.0-SNAPSHOT.jar:0.6.0-SNAPSHOT]
	at org.apache.ratis.thirdparty.io.grpc.internal.ServerCallImpl$ServerStreamListenerImpl.messagesAvailableInternal(ServerCallImpl.java:309) [ratis-thirdparty-misc-0.6.0-SNAPSHOT.jar:0.6.0-SNAPSHOT]
	at org.apache.ratis.thirdparty.io.grpc.internal.ServerCallImpl$ServerStreamListenerImpl.messagesAvailable(ServerCallImpl.java:292) [ratis-thirdparty-misc-0.6.0-SNAPSHOT.jar:0.6.0-SNAPSHOT]
	at org.apache.ratis.thirdparty.io.grpc.internal.ServerImpl$JumpToApplicationThreadServerStreamListener$1MessagesAvailable.runInContext(ServerImpl.java:783) [ratis-thirdparty-misc-0.6.0-SNAPSHOT.jar:0.6.0-SNAPSHOT]
	at org.apache.ratis.thirdparty.io.grpc.internal.ContextRunnable.run(ContextRunnable.java:37) [ratis-thirdparty-misc-0.6.0-SNAPSHOT.jar:0.6.0-SNAPSHOT]
	at org.apache.ratis.thirdparty.io.grpc.internal.SerializingExecutor.run(SerializingExecutor.java:123) [ratis-thirdparty-misc-0.6.0-SNAPSHOT.jar:0.6.0-SNAPSHOT]
	at java.util.concurrent.ThreadPoolExecutor.runWorker(ThreadPoolExecutor.java:1149) [?:1.8.0_232]
	at java.util.concurrent.ThreadPoolExecutor$Worker.run(ThreadPoolExecutor.java:624) [?:1.8.0_232]
	at java.lang.Thread.run(Thread.java:748) [?:1.8.0_232]
2020-11-19 23:06:34,823 [grpc-default-executor-0] ERROR storage.BlockOutputStream (BlockOutputStream.java:lambda$writeChunkToContainer$3(677)) - writing chunk failed 105239490106228740_chunk_1 blockID conID: 2 locID: 105239490106228740 bcsId: 0 with exception org.apache.ratis.protocol.exceptions.StateMachineException: org.apache.hadoop.hdds.scm.container.common.helpers.ContainerNotOpenException from Server c6fe9ef3-e456-496a-88a6-7c1d0439fa73@group-8F388B127180: Container 2 in CLOSED state
23:06:34.825 [grpc-default-executor-1] ERROR DNAudit - user=null | ip=null | op=PUT_BLOCK {blockData=[blockId=conID: 2 locID: 105239490106228740 bcsId: 0,size=200]} | ret=FAILURE
org.apache.hadoop.hdds.scm.container.common.helpers.ContainerNotOpenException: Container 2 in CLOSED state
	at org.apache.hadoop.ozone.container.common.impl.HddsDispatcher.validateContainerCommand(HddsDispatcher.java:484) ~[hadoop-hdds-container-service-1.1.0-SNAPSHOT.jar:?]
	at org.apache.hadoop.ozone.container.common.transport.server.ratis.ContainerStateMachine.startTransaction(ContainerStateMachine.java:319) ~[hadoop-hdds-container-service-1.1.0-SNAPSHOT.jar:?]
	at org.apache.ratis.server.impl.RaftServerImpl.submitClientRequestAsync(RaftServerImpl.java:684) ~[ratis-server-1.1.0-11689cd-SNAPSHOT.jar:1.1.0-11689cd-SNAPSHOT]
	at org.apache.ratis.server.impl.RaftServerProxy.lambda$submitClientRequestAsync$7(RaftServerProxy.java:341) ~[ratis-server-1.1.0-11689cd-SNAPSHOT.jar:1.1.0-11689cd-SNAPSHOT]
	at org.apache.ratis.server.impl.RaftServerProxy.lambda$null$5(RaftServerProxy.java:336) ~[ratis-server-1.1.0-11689cd-SNAPSHOT.jar:1.1.0-11689cd-SNAPSHOT]
	at org.apache.ratis.util.JavaUtils.callAsUnchecked(JavaUtils.java:109) ~[ratis-common-1.1.0-11689cd-SNAPSHOT.jar:1.1.0-11689cd-SNAPSHOT]
	at org.apache.ratis.server.impl.RaftServerProxy.lambda$submitRequest$6(RaftServerProxy.java:336) ~[ratis-server-1.1.0-11689cd-SNAPSHOT.jar:1.1.0-11689cd-SNAPSHOT]
	at java.util.concurrent.CompletableFuture.uniComposeStage(CompletableFuture.java:995) ~[?:1.8.0_232]
	at java.util.concurrent.CompletableFuture.thenCompose(CompletableFuture.java:2137) ~[?:1.8.0_232]
	at org.apache.ratis.server.impl.RaftServerProxy.submitRequest(RaftServerProxy.java:335) ~[ratis-server-1.1.0-11689cd-SNAPSHOT.jar:1.1.0-11689cd-SNAPSHOT]
	at org.apache.ratis.server.impl.RaftServerProxy.submitClientRequestAsync(RaftServerProxy.java:341) ~[ratis-server-1.1.0-11689cd-SNAPSHOT.jar:1.1.0-11689cd-SNAPSHOT]
	at org.apache.ratis.grpc.client.GrpcClientProtocolService$RequestStreamObserver.processClientRequest(GrpcClientProtocolService.java:228) ~[ratis-grpc-1.1.0-11689cd-SNAPSHOT.jar:1.1.0-11689cd-SNAPSHOT]
	at org.apache.ratis.grpc.client.GrpcClientProtocolService$OrderedRequestStreamObserver.processClientRequest(GrpcClientProtocolService.java:334) ~[ratis-grpc-1.1.0-11689cd-SNAPSHOT.jar:1.1.0-11689cd-SNAPSHOT]
	at org.apache.ratis.util.SlidingWindow$Server.processRequestsFromHead(SlidingWindow.java:429) [ratis-common-1.1.0-11689cd-SNAPSHOT.jar:1.1.0-11689cd-SNAPSHOT]
	at org.apache.ratis.util.SlidingWindow$Server.receivedRequest(SlidingWindow.java:421) [ratis-common-1.1.0-11689cd-SNAPSHOT.jar:1.1.0-11689cd-SNAPSHOT]
	at org.apache.ratis.grpc.client.GrpcClientProtocolService$OrderedRequestStreamObserver.processClientRequest(GrpcClientProtocolService.java:358) [ratis-grpc-1.1.0-11689cd-SNAPSHOT.jar:1.1.0-11689cd-SNAPSHOT]
	at org.apache.ratis.grpc.client.GrpcClientProtocolService$RequestStreamObserver.onNext(GrpcClientProtocolService.java:248) [ratis-grpc-1.1.0-11689cd-SNAPSHOT.jar:1.1.0-11689cd-SNAPSHOT]
	at org.apache.ratis.grpc.client.GrpcClientProtocolService$RequestStreamObserver.onNext(GrpcClientProtocolService.java:171) [ratis-grpc-1.1.0-11689cd-SNAPSHOT.jar:1.1.0-11689cd-SNAPSHOT]
	at org.apache.ratis.thirdparty.io.grpc.stub.ServerCalls$StreamingServerCallHandler$StreamingServerCallListener.onMessage(ServerCalls.java:251) [ratis-thirdparty-misc-0.6.0-SNAPSHOT.jar:0.6.0-SNAPSHOT]
	at org.apache.ratis.thirdparty.io.grpc.ForwardingServerCallListener.onMessage(ForwardingServerCallListener.java:33) [ratis-thirdparty-misc-0.6.0-SNAPSHOT.jar:0.6.0-SNAPSHOT]
	at org.apache.ratis.thirdparty.io.grpc.internal.ServerCallImpl$ServerStreamListenerImpl.messagesAvailableInternal(ServerCallImpl.java:309) [ratis-thirdparty-misc-0.6.0-SNAPSHOT.jar:0.6.0-SNAPSHOT]
	at org.apache.ratis.thirdparty.io.grpc.internal.ServerCallImpl$ServerStreamListenerImpl.messagesAvailable(ServerCallImpl.java:292) [ratis-thirdparty-misc-0.6.0-SNAPSHOT.jar:0.6.0-SNAPSHOT]
	at org.apache.ratis.thirdparty.io.grpc.internal.ServerImpl$JumpToApplicationThreadServerStreamListener$1MessagesAvailable.runInContext(ServerImpl.java:783) [ratis-thirdparty-misc-0.6.0-SNAPSHOT.jar:0.6.0-SNAPSHOT]
	at org.apache.ratis.thirdparty.io.grpc.internal.ContextRunnable.run(ContextRunnable.java:37) [ratis-thirdparty-misc-0.6.0-SNAPSHOT.jar:0.6.0-SNAPSHOT]
	at org.apache.ratis.thirdparty.io.grpc.internal.SerializingExecutor.run(SerializingExecutor.java:123) [ratis-thirdparty-misc-0.6.0-SNAPSHOT.jar:0.6.0-SNAPSHOT]
	at java.util.concurrent.ThreadPoolExecutor.runWorker(ThreadPoolExecutor.java:1149) [?:1.8.0_232]
	at java.util.concurrent.ThreadPoolExecutor$Worker.run(ThreadPoolExecutor.java:624) [?:1.8.0_232]
	at java.lang.Thread.run(Thread.java:748) [?:1.8.0_232]
2020-11-19 23:06:34,826 [grpc-default-executor-0] ERROR storage.BlockOutputStream (BlockOutputStream.java:lambda$writeChunkToContainer$3(677)) - writing chunk failed 105239490106228740_chunk_2 blockID conID: 2 locID: 105239490106228740 bcsId: 0 with exception org.apache.ratis.protocol.exceptions.StateMachineException: org.apache.hadoop.hdds.scm.container.common.helpers.ContainerNotOpenException from Server c6fe9ef3-e456-496a-88a6-7c1d0439fa73@group-8F388B127180: Container 2 in CLOSED state
23:06:34.833 [grpc-default-executor-1] ERROR DNAudit - user=null | ip=null | op=WRITE_CHUNK {blockData=conID: 2 locID: 105239490106228740 bcsId: 0} | ret=FAILURE
org.apache.hadoop.hdds.scm.container.common.helpers.ContainerNotOpenException: Container 2 in CLOSED state
	at org.apache.hadoop.ozone.container.common.impl.HddsDispatcher.validateContainerCommand(HddsDispatcher.java:484) ~[hadoop-hdds-container-service-1.1.0-SNAPSHOT.jar:?]
	at org.apache.hadoop.ozone.container.common.transport.server.ratis.ContainerStateMachine.startTransaction(ContainerStateMachine.java:319) ~[hadoop-hdds-container-service-1.1.0-SNAPSHOT.jar:?]
	at org.apache.ratis.server.impl.RaftServerImpl.submitClientRequestAsync(RaftServerImpl.java:684) ~[ratis-server-1.1.0-11689cd-SNAPSHOT.jar:1.1.0-11689cd-SNAPSHOT]
	at org.apache.ratis.server.impl.RaftServerProxy.lambda$submitClientRequestAsync$7(RaftServerProxy.java:341) ~[ratis-server-1.1.0-11689cd-SNAPSHOT.jar:1.1.0-11689cd-SNAPSHOT]
	at org.apache.ratis.server.impl.RaftServerProxy.lambda$null$5(RaftServerProxy.java:336) ~[ratis-server-1.1.0-11689cd-SNAPSHOT.jar:1.1.0-11689cd-SNAPSHOT]
	at org.apache.ratis.util.JavaUtils.callAsUnchecked(JavaUtils.java:109) ~[ratis-common-1.1.0-11689cd-SNAPSHOT.jar:1.1.0-11689cd-SNAPSHOT]
	at org.apache.ratis.server.impl.RaftServerProxy.lambda$submitRequest$6(RaftServerProxy.java:336) ~[ratis-server-1.1.0-11689cd-SNAPSHOT.jar:1.1.0-11689cd-SNAPSHOT]
	at java.util.concurrent.CompletableFuture.uniComposeStage(CompletableFuture.java:995) ~[?:1.8.0_232]
	at java.util.concurrent.CompletableFuture.thenCompose(CompletableFuture.java:2137) ~[?:1.8.0_232]
	at org.apache.ratis.server.impl.RaftServerProxy.submitRequest(RaftServerProxy.java:335) ~[ratis-server-1.1.0-11689cd-SNAPSHOT.jar:1.1.0-11689cd-SNAPSHOT]
	at org.apache.ratis.server.impl.RaftServerProxy.submitClientRequestAsync(RaftServerProxy.java:341) ~[ratis-server-1.1.0-11689cd-SNAPSHOT.jar:1.1.0-11689cd-SNAPSHOT]
	at org.apache.ratis.grpc.client.GrpcClientProtocolService$RequestStreamObserver.processClientRequest(GrpcClientProtocolService.java:228) ~[ratis-grpc-1.1.0-11689cd-SNAPSHOT.jar:1.1.0-11689cd-SNAPSHOT]
	at org.apache.ratis.grpc.client.GrpcClientProtocolService$OrderedRequestStreamObserver.processClientRequest(GrpcClientProtocolService.java:334) ~[ratis-grpc-1.1.0-11689cd-SNAPSHOT.jar:1.1.0-11689cd-SNAPSHOT]
	at org.apache.ratis.util.SlidingWindow$Server.processRequestsFromHead(SlidingWindow.java:429) [ratis-common-1.1.0-11689cd-SNAPSHOT.jar:1.1.0-11689cd-SNAPSHOT]
	at org.apache.ratis.util.SlidingWindow$Server.receivedRequest(SlidingWindow.java:421) [ratis-common-1.1.0-11689cd-SNAPSHOT.jar:1.1.0-11689cd-SNAPSHOT]
	at org.apache.ratis.grpc.client.GrpcClientProtocolService$OrderedRequestStreamObserver.processClientRequest(GrpcClientProtocolService.java:358) [ratis-grpc-1.1.0-11689cd-SNAPSHOT.jar:1.1.0-11689cd-SNAPSHOT]
	at org.apache.ratis.grpc.client.GrpcClientProtocolService$RequestStreamObserver.onNext(GrpcClientProtocolService.java:248) [ratis-grpc-1.1.0-11689cd-SNAPSHOT.jar:1.1.0-11689cd-SNAPSHOT]
	at org.apache.ratis.grpc.client.GrpcClientProtocolService$RequestStreamObserver.onNext(GrpcClientProtocolService.java:171) [ratis-grpc-1.1.0-11689cd-SNAPSHOT.jar:1.1.0-11689cd-SNAPSHOT]
	at org.apache.ratis.thirdparty.io.grpc.stub.ServerCalls$StreamingServerCallHandler$StreamingServerCallListener.onMessage(ServerCalls.java:251) [ratis-thirdparty-misc-0.6.0-SNAPSHOT.jar:0.6.0-SNAPSHOT]
	at org.apache.ratis.thirdparty.io.grpc.ForwardingServerCallListener.onMessage(ForwardingServerCallListener.java:33) [ratis-thirdparty-misc-0.6.0-SNAPSHOT.jar:0.6.0-SNAPSHOT]
	at org.apache.ratis.thirdparty.io.grpc.internal.ServerCallImpl$ServerStreamListenerImpl.messagesAvailableInternal(ServerCallImpl.java:309) [ratis-thirdparty-misc-0.6.0-SNAPSHOT.jar:0.6.0-SNAPSHOT]
	at org.apache.ratis.thirdparty.io.grpc.internal.ServerCallImpl$ServerStreamListenerImpl.messagesAvailable(ServerCallImpl.java:292) [ratis-thirdparty-misc-0.6.0-SNAPSHOT.jar:0.6.0-SNAPSHOT]
	at org.apache.ratis.thirdparty.io.grpc.internal.ServerImpl$JumpToApplicationThreadServerStreamListener$1MessagesAvailable.runInContext(ServerImpl.java:783) [ratis-thirdparty-misc-0.6.0-SNAPSHOT.jar:0.6.0-SNAPSHOT]
	at org.apache.ratis.thirdparty.io.grpc.internal.ContextRunnable.run(ContextRunnable.java:37) [ratis-thirdparty-misc-0.6.0-SNAPSHOT.jar:0.6.0-SNAPSHOT]
	at org.apache.ratis.thirdparty.io.grpc.internal.SerializingExecutor.run(SerializingExecutor.java:123) [ratis-thirdparty-misc-0.6.0-SNAPSHOT.jar:0.6.0-SNAPSHOT]
	at java.util.concurrent.ThreadPoolExecutor.runWorker(ThreadPoolExecutor.java:1149) [?:1.8.0_232]
	at java.util.concurrent.ThreadPoolExecutor$Worker.run(ThreadPoolExecutor.java:624) [?:1.8.0_232]
	at java.lang.Thread.run(Thread.java:748) [?:1.8.0_232]
23:06:34.837 [grpc-default-executor-1] ERROR DNAudit - user=null | ip=null | op=WRITE_CHUNK {blockData=conID: 2 locID: 105239490106228740 bcsId: 0} | ret=FAILURE
org.apache.hadoop.hdds.scm.container.common.helpers.ContainerNotOpenException: Container 2 in CLOSED state
	at org.apache.hadoop.ozone.container.common.impl.HddsDispatcher.validateContainerCommand(HddsDispatcher.java:484) ~[hadoop-hdds-container-service-1.1.0-SNAPSHOT.jar:?]
	at org.apache.hadoop.ozone.container.common.transport.server.ratis.ContainerStateMachine.startTransaction(ContainerStateMachine.java:319) ~[hadoop-hdds-container-service-1.1.0-SNAPSHOT.jar:?]
	at org.apache.ratis.server.impl.RaftServerImpl.submitClientRequestAsync(RaftServerImpl.java:684) ~[ratis-server-1.1.0-11689cd-SNAPSHOT.jar:1.1.0-11689cd-SNAPSHOT]
	at org.apache.ratis.server.impl.RaftServerProxy.lambda$submitClientRequestAsync$7(RaftServerProxy.java:341) ~[ratis-server-1.1.0-11689cd-SNAPSHOT.jar:1.1.0-11689cd-SNAPSHOT]
	at org.apache.ratis.server.impl.RaftServerProxy.lambda$null$5(RaftServerProxy.java:336) ~[ratis-server-1.1.0-11689cd-SNAPSHOT.jar:1.1.0-11689cd-SNAPSHOT]
	at org.apache.ratis.util.JavaUtils.callAsUnchecked(JavaUtils.java:109) ~[ratis-common-1.1.0-11689cd-SNAPSHOT.jar:1.1.0-11689cd-SNAPSHOT]
	at org.apache.ratis.server.impl.RaftServerProxy.lambda$submitRequest$6(RaftServerProxy.java:336) ~[ratis-server-1.1.0-11689cd-SNAPSHOT.jar:1.1.0-11689cd-SNAPSHOT]
	at java.util.concurrent.CompletableFuture.uniComposeStage(CompletableFuture.java:995) ~[?:1.8.0_232]
	at java.util.concurrent.CompletableFuture.thenCompose(CompletableFuture.java:2137) ~[?:1.8.0_232]
	at org.apache.ratis.server.impl.RaftServerProxy.submitRequest(RaftServerProxy.java:335) ~[ratis-server-1.1.0-11689cd-SNAPSHOT.jar:1.1.0-11689cd-SNAPSHOT]
	at org.apache.ratis.server.impl.RaftServerProxy.submitClientRequestAsync(RaftServerProxy.java:341) ~[ratis-server-1.1.0-11689cd-SNAPSHOT.jar:1.1.0-11689cd-SNAPSHOT]
	at org.apache.ratis.grpc.client.GrpcClientProtocolService$RequestStreamObserver.processClientRequest(GrpcClientProtocolService.java:228) ~[ratis-grpc-1.1.0-11689cd-SNAPSHOT.jar:1.1.0-11689cd-SNAPSHOT]
	at org.apache.ratis.grpc.client.GrpcClientProtocolService$OrderedRequestStreamObserver.processClientRequest(GrpcClientProtocolService.java:334) ~[ratis-grpc-1.1.0-11689cd-SNAPSHOT.jar:1.1.0-11689cd-SNAPSHOT]
	at org.apache.ratis.util.SlidingWindow$Server.processRequestsFromHead(SlidingWindow.java:429) [ratis-common-1.1.0-11689cd-SNAPSHOT.jar:1.1.0-11689cd-SNAPSHOT]
	at org.apache.ratis.util.SlidingWindow$Server.receivedRequest(SlidingWindow.java:421) [ratis-common-1.1.0-11689cd-SNAPSHOT.jar:1.1.0-11689cd-SNAPSHOT]
	at org.apache.ratis.grpc.client.GrpcClientProtocolService$OrderedRequestStreamObserver.processClientRequest(GrpcClientProtocolService.java:358) [ratis-grpc-1.1.0-11689cd-SNAPSHOT.jar:1.1.0-11689cd-SNAPSHOT]
	at org.apache.ratis.grpc.client.GrpcClientProtocolService$RequestStreamObserver.onNext(GrpcClientProtocolService.java:248) [ratis-grpc-1.1.0-11689cd-SNAPSHOT.jar:1.1.0-11689cd-SNAPSHOT]
	at org.apache.ratis.grpc.client.GrpcClientProtocolService$RequestStreamObserver.onNext(GrpcClientProtocolService.java:171) [ratis-grpc-1.1.0-11689cd-SNAPSHOT.jar:1.1.0-11689cd-SNAPSHOT]
	at org.apache.ratis.thirdparty.io.grpc.stub.ServerCalls$StreamingServerCallHandler$StreamingServerCallListener.onMessage(ServerCalls.java:251) [ratis-thirdparty-misc-0.6.0-SNAPSHOT.jar:0.6.0-SNAPSHOT]
	at org.apache.ratis.thirdparty.io.grpc.ForwardingServerCallListener.onMessage(ForwardingServerCallListener.java:33) [ratis-thirdparty-misc-0.6.0-SNAPSHOT.jar:0.6.0-SNAPSHOT]
	at org.apache.ratis.thirdparty.io.grpc.internal.ServerCallImpl$ServerStreamListenerImpl.messagesAvailableInternal(ServerCallImpl.java:309) [ratis-thirdparty-misc-0.6.0-SNAPSHOT.jar:0.6.0-SNAPSHOT]
	at org.apache.ratis.thirdparty.io.grpc.internal.ServerCallImpl$ServerStreamListenerImpl.messagesAvailable(ServerCallImpl.java:292) [ratis-thirdparty-misc-0.6.0-SNAPSHOT.jar:0.6.0-SNAPSHOT]
	at org.apache.ratis.thirdparty.io.grpc.internal.ServerImpl$JumpToApplicationThreadServerStreamListener$1MessagesAvailable.runInContext(ServerImpl.java:783) [ratis-thirdparty-misc-0.6.0-SNAPSHOT.jar:0.6.0-SNAPSHOT]
	at org.apache.ratis.thirdparty.io.grpc.internal.ContextRunnable.run(ContextRunnable.java:37) [ratis-thirdparty-misc-0.6.0-SNAPSHOT.jar:0.6.0-SNAPSHOT]
	at org.apache.ratis.thirdparty.io.grpc.internal.SerializingExecutor.run(SerializingExecutor.java:123) [ratis-thirdparty-misc-0.6.0-SNAPSHOT.jar:0.6.0-SNAPSHOT]
	at java.util.concurrent.ThreadPoolExecutor.runWorker(ThreadPoolExecutor.java:1149) [?:1.8.0_232]
	at java.util.concurrent.ThreadPoolExecutor$Worker.run(ThreadPoolExecutor.java:624) [?:1.8.0_232]
	at java.lang.Thread.run(Thread.java:748) [?:1.8.0_232]
2020-11-19 23:06:34,852 [grpc-default-executor-0] ERROR storage.BlockOutputStream (BlockOutputStream.java:lambda$writeChunkToContainer$3(677)) - writing chunk failed 105239490106228740_chunk_3 blockID conID: 2 locID: 105239490106228740 bcsId: 0 with exception org.apache.ratis.protocol.exceptions.StateMachineException: org.apache.hadoop.hdds.scm.container.common.helpers.ContainerNotOpenException from Server c6fe9ef3-e456-496a-88a6-7c1d0439fa73@group-8F388B127180: Container 2 in CLOSED state
23:06:34.852 [grpc-default-executor-1] ERROR DNAudit - user=null | ip=null | op=PUT_BLOCK {blockData=[blockId=conID: 2 locID: 105239490106228740 bcsId: 0,size=400]} | ret=FAILURE
org.apache.hadoop.hdds.scm.container.common.helpers.ContainerNotOpenException: Container 2 in CLOSED state
	at org.apache.hadoop.ozone.container.common.impl.HddsDispatcher.validateContainerCommand(HddsDispatcher.java:484) ~[hadoop-hdds-container-service-1.1.0-SNAPSHOT.jar:?]
	at org.apache.hadoop.ozone.container.common.transport.server.ratis.ContainerStateMachine.startTransaction(ContainerStateMachine.java:319) ~[hadoop-hdds-container-service-1.1.0-SNAPSHOT.jar:?]
	at org.apache.ratis.server.impl.RaftServerImpl.submitClientRequestAsync(RaftServerImpl.java:684) ~[ratis-server-1.1.0-11689cd-SNAPSHOT.jar:1.1.0-11689cd-SNAPSHOT]
	at org.apache.ratis.server.impl.RaftServerProxy.lambda$submitClientRequestAsync$7(RaftServerProxy.java:341) ~[ratis-server-1.1.0-11689cd-SNAPSHOT.jar:1.1.0-11689cd-SNAPSHOT]
	at org.apache.ratis.server.impl.RaftServerProxy.lambda$null$5(RaftServerProxy.java:336) ~[ratis-server-1.1.0-11689cd-SNAPSHOT.jar:1.1.0-11689cd-SNAPSHOT]
	at org.apache.ratis.util.JavaUtils.callAsUnchecked(JavaUtils.java:109) ~[ratis-common-1.1.0-11689cd-SNAPSHOT.jar:1.1.0-11689cd-SNAPSHOT]
	at org.apache.ratis.server.impl.RaftServerProxy.lambda$submitRequest$6(RaftServerProxy.java:336) ~[ratis-server-1.1.0-11689cd-SNAPSHOT.jar:1.1.0-11689cd-SNAPSHOT]
	at java.util.concurrent.CompletableFuture.uniComposeStage(CompletableFuture.java:995) ~[?:1.8.0_232]
	at java.util.concurrent.CompletableFuture.thenCompose(CompletableFuture.java:2137) ~[?:1.8.0_232]
	at org.apache.ratis.server.impl.RaftServerProxy.submitRequest(RaftServerProxy.java:335) ~[ratis-server-1.1.0-11689cd-SNAPSHOT.jar:1.1.0-11689cd-SNAPSHOT]
	at org.apache.ratis.server.impl.RaftServerProxy.submitClientRequestAsync(RaftServerProxy.java:341) ~[ratis-server-1.1.0-11689cd-SNAPSHOT.jar:1.1.0-11689cd-SNAPSHOT]
	at org.apache.ratis.grpc.client.GrpcClientProtocolService$RequestStreamObserver.processClientRequest(GrpcClientProtocolService.java:228) ~[ratis-grpc-1.1.0-11689cd-SNAPSHOT.jar:1.1.0-11689cd-SNAPSHOT]
	at org.apache.ratis.grpc.client.GrpcClientProtocolService$OrderedRequestStreamObserver.processClientRequest(GrpcClientProtocolService.java:334) ~[ratis-grpc-1.1.0-11689cd-SNAPSHOT.jar:1.1.0-11689cd-SNAPSHOT]
	at org.apache.ratis.util.SlidingWindow$Server.processRequestsFromHead(SlidingWindow.java:429) [ratis-common-1.1.0-11689cd-SNAPSHOT.jar:1.1.0-11689cd-SNAPSHOT]
	at org.apache.ratis.util.SlidingWindow$Server.receivedRequest(SlidingWindow.java:421) [ratis-common-1.1.0-11689cd-SNAPSHOT.jar:1.1.0-11689cd-SNAPSHOT]
	at org.apache.ratis.grpc.client.GrpcClientProtocolService$OrderedRequestStreamObserver.processClientRequest(GrpcClientProtocolService.java:358) [ratis-grpc-1.1.0-11689cd-SNAPSHOT.jar:1.1.0-11689cd-SNAPSHOT]
	at org.apache.ratis.grpc.client.GrpcClientProtocolService$RequestStreamObserver.onNext(GrpcClientProtocolService.java:248) [ratis-grpc-1.1.0-11689cd-SNAPSHOT.jar:1.1.0-11689cd-SNAPSHOT]
	at org.apache.ratis.grpc.client.GrpcClientProtocolService$RequestStreamObserver.onNext(GrpcClientProtocolService.java:171) [ratis-grpc-1.1.0-11689cd-SNAPSHOT.jar:1.1.0-11689cd-SNAPSHOT]
	at org.apache.ratis.thirdparty.io.grpc.stub.ServerCalls$StreamingServerCallHandler$StreamingServerCallListener.onMessage(ServerCalls.java:251) [ratis-thirdparty-misc-0.6.0-SNAPSHOT.jar:0.6.0-SNAPSHOT]
	at org.apache.ratis.thirdparty.io.grpc.ForwardingServerCallListener.onMessage(ForwardingServerCallListener.java:33) [ratis-thirdparty-misc-0.6.0-SNAPSHOT.jar:0.6.0-SNAPSHOT]
	at org.apache.ratis.thirdparty.io.grpc.internal.ServerCallImpl$ServerStreamListenerImpl.messagesAvailableInternal(ServerCallImpl.java:309) [ratis-thirdparty-misc-0.6.0-SNAPSHOT.jar:0.6.0-SNAPSHOT]
	at org.apache.ratis.thirdparty.io.grpc.internal.ServerCallImpl$ServerStreamListenerImpl.messagesAvailable(ServerCallImpl.java:292) [ratis-thirdparty-misc-0.6.0-SNAPSHOT.jar:0.6.0-SNAPSHOT]
	at org.apache.ratis.thirdparty.io.grpc.internal.ServerImpl$JumpToApplicationThreadServerStreamListener$1MessagesAvailable.runInContext(ServerImpl.java:783) [ratis-thirdparty-misc-0.6.0-SNAPSHOT.jar:0.6.0-SNAPSHOT]
	at org.apache.ratis.thirdparty.io.grpc.internal.ContextRunnable.run(ContextRunnable.java:37) [ratis-thirdparty-misc-0.6.0-SNAPSHOT.jar:0.6.0-SNAPSHOT]
	at org.apache.ratis.thirdparty.io.grpc.internal.SerializingExecutor.run(SerializingExecutor.java:123) [ratis-thirdparty-misc-0.6.0-SNAPSHOT.jar:0.6.0-SNAPSHOT]
	at java.util.concurrent.ThreadPoolExecutor.runWorker(ThreadPoolExecutor.java:1149) [?:1.8.0_232]
	at java.util.concurrent.ThreadPoolExecutor$Worker.run(ThreadPoolExecutor.java:624) [?:1.8.0_232]
	at java.lang.Thread.run(Thread.java:748) [?:1.8.0_232]
2020-11-19 23:06:34,862 [grpc-default-executor-1] ERROR storage.BlockOutputStream (BlockOutputStream.java:lambda$writeChunkToContainer$3(677)) - writing chunk failed 105239490106228740_chunk_4 blockID conID: 2 locID: 105239490106228740 bcsId: 0 with exception org.apache.ratis.protocol.exceptions.StateMachineException: org.apache.hadoop.hdds.scm.container.common.helpers.ContainerNotOpenException from Server c6fe9ef3-e456-496a-88a6-7c1d0439fa73@group-8F388B127180: Container 2 in CLOSED state
2020-11-19 23:06:34,869 [Listener at 127.0.0.1/37889] INFO  metrics.RatisMetrics (RatisMetrics.java:lambda$create$0(36)) - Creating Metrics Registry : ratis.client_message_metrics.client-A76D64D27D47->188c74fb-01a2-49f8-907b-5c6f6de66734
23:06:34.883 [grpc-default-executor-1] ERROR DNAudit - user=null | ip=null | op=WRITE_CHUNK {blockData=conID: 3 locID: 105239490106228742 bcsId: 0} | ret=FAILURE
org.apache.hadoop.hdds.scm.container.common.helpers.ContainerNotOpenException: Container 3 in CLOSED state
	at org.apache.hadoop.ozone.container.common.impl.HddsDispatcher.validateContainerCommand(HddsDispatcher.java:484) ~[hadoop-hdds-container-service-1.1.0-SNAPSHOT.jar:?]
	at org.apache.hadoop.ozone.container.common.transport.server.ratis.ContainerStateMachine.startTransaction(ContainerStateMachine.java:319) ~[hadoop-hdds-container-service-1.1.0-SNAPSHOT.jar:?]
	at org.apache.ratis.server.impl.RaftServerImpl.submitClientRequestAsync(RaftServerImpl.java:684) ~[ratis-server-1.1.0-11689cd-SNAPSHOT.jar:1.1.0-11689cd-SNAPSHOT]
	at org.apache.ratis.server.impl.RaftServerProxy.lambda$submitClientRequestAsync$7(RaftServerProxy.java:341) ~[ratis-server-1.1.0-11689cd-SNAPSHOT.jar:1.1.0-11689cd-SNAPSHOT]
	at org.apache.ratis.server.impl.RaftServerProxy.lambda$null$5(RaftServerProxy.java:336) ~[ratis-server-1.1.0-11689cd-SNAPSHOT.jar:1.1.0-11689cd-SNAPSHOT]
	at org.apache.ratis.util.JavaUtils.callAsUnchecked(JavaUtils.java:109) ~[ratis-common-1.1.0-11689cd-SNAPSHOT.jar:1.1.0-11689cd-SNAPSHOT]
	at org.apache.ratis.server.impl.RaftServerProxy.lambda$submitRequest$6(RaftServerProxy.java:336) ~[ratis-server-1.1.0-11689cd-SNAPSHOT.jar:1.1.0-11689cd-SNAPSHOT]
	at java.util.concurrent.CompletableFuture.uniComposeStage(CompletableFuture.java:995) ~[?:1.8.0_232]
	at java.util.concurrent.CompletableFuture.thenCompose(CompletableFuture.java:2137) ~[?:1.8.0_232]
	at org.apache.ratis.server.impl.RaftServerProxy.submitRequest(RaftServerProxy.java:335) ~[ratis-server-1.1.0-11689cd-SNAPSHOT.jar:1.1.0-11689cd-SNAPSHOT]
	at org.apache.ratis.server.impl.RaftServerProxy.submitClientRequestAsync(RaftServerProxy.java:341) ~[ratis-server-1.1.0-11689cd-SNAPSHOT.jar:1.1.0-11689cd-SNAPSHOT]
	at org.apache.ratis.grpc.client.GrpcClientProtocolService$RequestStreamObserver.processClientRequest(GrpcClientProtocolService.java:228) ~[ratis-grpc-1.1.0-11689cd-SNAPSHOT.jar:1.1.0-11689cd-SNAPSHOT]
	at org.apache.ratis.grpc.client.GrpcClientProtocolService$OrderedRequestStreamObserver.processClientRequest(GrpcClientProtocolService.java:334) ~[ratis-grpc-1.1.0-11689cd-SNAPSHOT.jar:1.1.0-11689cd-SNAPSHOT]
	at org.apache.ratis.util.SlidingWindow$Server.processRequestsFromHead(SlidingWindow.java:429) [ratis-common-1.1.0-11689cd-SNAPSHOT.jar:1.1.0-11689cd-SNAPSHOT]
	at org.apache.ratis.util.SlidingWindow$Server.receivedRequest(SlidingWindow.java:421) [ratis-common-1.1.0-11689cd-SNAPSHOT.jar:1.1.0-11689cd-SNAPSHOT]
	at org.apache.ratis.grpc.client.GrpcClientProtocolService$OrderedRequestStreamObserver.processClientRequest(GrpcClientProtocolService.java:358) [ratis-grpc-1.1.0-11689cd-SNAPSHOT.jar:1.1.0-11689cd-SNAPSHOT]
	at org.apache.ratis.grpc.client.GrpcClientProtocolService$RequestStreamObserver.onNext(GrpcClientProtocolService.java:248) [ratis-grpc-1.1.0-11689cd-SNAPSHOT.jar:1.1.0-11689cd-SNAPSHOT]
	at org.apache.ratis.grpc.client.GrpcClientProtocolService$RequestStreamObserver.onNext(GrpcClientProtocolService.java:171) [ratis-grpc-1.1.0-11689cd-SNAPSHOT.jar:1.1.0-11689cd-SNAPSHOT]
	at org.apache.ratis.thirdparty.io.grpc.stub.ServerCalls$StreamingServerCallHandler$StreamingServerCallListener.onMessage(ServerCalls.java:251) [ratis-thirdparty-misc-0.6.0-SNAPSHOT.jar:0.6.0-SNAPSHOT]
	at org.apache.ratis.thirdparty.io.grpc.ForwardingServerCallListener.onMessage(ForwardingServerCallListener.java:33) [ratis-thirdparty-misc-0.6.0-SNAPSHOT.jar:0.6.0-SNAPSHOT]
	at org.apache.ratis.thirdparty.io.grpc.internal.ServerCallImpl$ServerStreamListenerImpl.messagesAvailableInternal(ServerCallImpl.java:309) [ratis-thirdparty-misc-0.6.0-SNAPSHOT.jar:0.6.0-SNAPSHOT]
	at org.apache.ratis.thirdparty.io.grpc.internal.ServerCallImpl$ServerStreamListenerImpl.messagesAvailable(ServerCallImpl.java:292) [ratis-thirdparty-misc-0.6.0-SNAPSHOT.jar:0.6.0-SNAPSHOT]
	at org.apache.ratis.thirdparty.io.grpc.internal.ServerImpl$JumpToApplicationThreadServerStreamListener$1MessagesAvailable.runInContext(ServerImpl.java:783) [ratis-thirdparty-misc-0.6.0-SNAPSHOT.jar:0.6.0-SNAPSHOT]
	at org.apache.ratis.thirdparty.io.grpc.internal.ContextRunnable.run(ContextRunnable.java:37) [ratis-thirdparty-misc-0.6.0-SNAPSHOT.jar:0.6.0-SNAPSHOT]
	at org.apache.ratis.thirdparty.io.grpc.internal.SerializingExecutor.run(SerializingExecutor.java:123) [ratis-thirdparty-misc-0.6.0-SNAPSHOT.jar:0.6.0-SNAPSHOT]
	at java.util.concurrent.ThreadPoolExecutor.runWorker(ThreadPoolExecutor.java:1149) [?:1.8.0_232]
	at java.util.concurrent.ThreadPoolExecutor$Worker.run(ThreadPoolExecutor.java:624) [?:1.8.0_232]
	at java.lang.Thread.run(Thread.java:748) [?:1.8.0_232]
2020-11-19 23:06:34,891 [grpc-default-executor-0] ERROR storage.BlockOutputStream (BlockOutputStream.java:lambda$writeChunkToContainer$3(677)) - writing chunk failed 105239490106228742_chunk_1 blockID conID: 3 locID: 105239490106228742 bcsId: 0 with exception org.apache.ratis.protocol.exceptions.StateMachineException: org.apache.hadoop.hdds.scm.container.common.helpers.ContainerNotOpenException from Server 188c74fb-01a2-49f8-907b-5c6f6de66734@group-71E8CF0D852E: Container 3 in CLOSED state
23:06:34.892 [grpc-default-executor-1] ERROR DNAudit - user=null | ip=null | op=WRITE_CHUNK {blockData=conID: 3 locID: 105239490106228742 bcsId: 0} | ret=FAILURE
org.apache.hadoop.hdds.scm.container.common.helpers.ContainerNotOpenException: Container 3 in CLOSED state
	at org.apache.hadoop.ozone.container.common.impl.HddsDispatcher.validateContainerCommand(HddsDispatcher.java:484) ~[hadoop-hdds-container-service-1.1.0-SNAPSHOT.jar:?]
	at org.apache.hadoop.ozone.container.common.transport.server.ratis.ContainerStateMachine.startTransaction(ContainerStateMachine.java:319) ~[hadoop-hdds-container-service-1.1.0-SNAPSHOT.jar:?]
	at org.apache.ratis.server.impl.RaftServerImpl.submitClientRequestAsync(RaftServerImpl.java:684) ~[ratis-server-1.1.0-11689cd-SNAPSHOT.jar:1.1.0-11689cd-SNAPSHOT]
	at org.apache.ratis.server.impl.RaftServerProxy.lambda$submitClientRequestAsync$7(RaftServerProxy.java:341) ~[ratis-server-1.1.0-11689cd-SNAPSHOT.jar:1.1.0-11689cd-SNAPSHOT]
	at org.apache.ratis.server.impl.RaftServerProxy.lambda$null$5(RaftServerProxy.java:336) ~[ratis-server-1.1.0-11689cd-SNAPSHOT.jar:1.1.0-11689cd-SNAPSHOT]
	at org.apache.ratis.util.JavaUtils.callAsUnchecked(JavaUtils.java:109) ~[ratis-common-1.1.0-11689cd-SNAPSHOT.jar:1.1.0-11689cd-SNAPSHOT]
	at org.apache.ratis.server.impl.RaftServerProxy.lambda$submitRequest$6(RaftServerProxy.java:336) ~[ratis-server-1.1.0-11689cd-SNAPSHOT.jar:1.1.0-11689cd-SNAPSHOT]
	at java.util.concurrent.CompletableFuture.uniComposeStage(CompletableFuture.java:995) ~[?:1.8.0_232]
	at java.util.concurrent.CompletableFuture.thenCompose(CompletableFuture.java:2137) ~[?:1.8.0_232]
	at org.apache.ratis.server.impl.RaftServerProxy.submitRequest(RaftServerProxy.java:335) ~[ratis-server-1.1.0-11689cd-SNAPSHOT.jar:1.1.0-11689cd-SNAPSHOT]
	at org.apache.ratis.server.impl.RaftServerProxy.submitClientRequestAsync(RaftServerProxy.java:341) ~[ratis-server-1.1.0-11689cd-SNAPSHOT.jar:1.1.0-11689cd-SNAPSHOT]
	at org.apache.ratis.grpc.client.GrpcClientProtocolService$RequestStreamObserver.processClientRequest(GrpcClientProtocolService.java:228) ~[ratis-grpc-1.1.0-11689cd-SNAPSHOT.jar:1.1.0-11689cd-SNAPSHOT]
	at org.apache.ratis.grpc.client.GrpcClientProtocolService$OrderedRequestStreamObserver.processClientRequest(GrpcClientProtocolService.java:334) ~[ratis-grpc-1.1.0-11689cd-SNAPSHOT.jar:1.1.0-11689cd-SNAPSHOT]
	at org.apache.ratis.util.SlidingWindow$Server.processRequestsFromHead(SlidingWindow.java:429) [ratis-common-1.1.0-11689cd-SNAPSHOT.jar:1.1.0-11689cd-SNAPSHOT]
	at org.apache.ratis.util.SlidingWindow$Server.receivedRequest(SlidingWindow.java:421) [ratis-common-1.1.0-11689cd-SNAPSHOT.jar:1.1.0-11689cd-SNAPSHOT]
	at org.apache.ratis.grpc.client.GrpcClientProtocolService$OrderedRequestStreamObserver.processClientRequest(GrpcClientProtocolService.java:358) [ratis-grpc-1.1.0-11689cd-SNAPSHOT.jar:1.1.0-11689cd-SNAPSHOT]
	at org.apache.ratis.grpc.client.GrpcClientProtocolService$RequestStreamObserver.onNext(GrpcClientProtocolService.java:248) [ratis-grpc-1.1.0-11689cd-SNAPSHOT.jar:1.1.0-11689cd-SNAPSHOT]
	at org.apache.ratis.grpc.client.GrpcClientProtocolService$RequestStreamObserver.onNext(GrpcClientProtocolService.java:171) [ratis-grpc-1.1.0-11689cd-SNAPSHOT.jar:1.1.0-11689cd-SNAPSHOT]
	at org.apache.ratis.thirdparty.io.grpc.stub.ServerCalls$StreamingServerCallHandler$StreamingServerCallListener.onMessage(ServerCalls.java:251) [ratis-thirdparty-misc-0.6.0-SNAPSHOT.jar:0.6.0-SNAPSHOT]
	at org.apache.ratis.thirdparty.io.grpc.ForwardingServerCallListener.onMessage(ForwardingServerCallListener.java:33) [ratis-thirdparty-misc-0.6.0-SNAPSHOT.jar:0.6.0-SNAPSHOT]
	at org.apache.ratis.thirdparty.io.grpc.internal.ServerCallImpl$ServerStreamListenerImpl.messagesAvailableInternal(ServerCallImpl.java:309) [ratis-thirdparty-misc-0.6.0-SNAPSHOT.jar:0.6.0-SNAPSHOT]
	at org.apache.ratis.thirdparty.io.grpc.internal.ServerCallImpl$ServerStreamListenerImpl.messagesAvailable(ServerCallImpl.java:292) [ratis-thirdparty-misc-0.6.0-SNAPSHOT.jar:0.6.0-SNAPSHOT]
	at org.apache.ratis.thirdparty.io.grpc.internal.ServerImpl$JumpToApplicationThreadServerStreamListener$1MessagesAvailable.runInContext(ServerImpl.java:783) [ratis-thirdparty-misc-0.6.0-SNAPSHOT.jar:0.6.0-SNAPSHOT]
	at org.apache.ratis.thirdparty.io.grpc.internal.ContextRunnable.run(ContextRunnable.java:37) [ratis-thirdparty-misc-0.6.0-SNAPSHOT.jar:0.6.0-SNAPSHOT]
	at org.apache.ratis.thirdparty.io.grpc.internal.SerializingExecutor.run(SerializingExecutor.java:123) [ratis-thirdparty-misc-0.6.0-SNAPSHOT.jar:0.6.0-SNAPSHOT]
	at java.util.concurrent.ThreadPoolExecutor.runWorker(ThreadPoolExecutor.java:1149) [?:1.8.0_232]
	at java.util.concurrent.ThreadPoolExecutor$Worker.run(ThreadPoolExecutor.java:624) [?:1.8.0_232]
	at java.lang.Thread.run(Thread.java:748) [?:1.8.0_232]
23:06:34.897 [grpc-default-executor-1] ERROR DNAudit - user=null | ip=null | op=PUT_BLOCK {blockData=[blockId=conID: 3 locID: 105239490106228742 bcsId: 0,size=200]} | ret=FAILURE
org.apache.hadoop.hdds.scm.container.common.helpers.ContainerNotOpenException: Container 3 in CLOSED state
	at org.apache.hadoop.ozone.container.common.impl.HddsDispatcher.validateContainerCommand(HddsDispatcher.java:484) ~[hadoop-hdds-container-service-1.1.0-SNAPSHOT.jar:?]
	at org.apache.hadoop.ozone.container.common.transport.server.ratis.ContainerStateMachine.startTransaction(ContainerStateMachine.java:319) ~[hadoop-hdds-container-service-1.1.0-SNAPSHOT.jar:?]
	at org.apache.ratis.server.impl.RaftServerImpl.submitClientRequestAsync(RaftServerImpl.java:684) ~[ratis-server-1.1.0-11689cd-SNAPSHOT.jar:1.1.0-11689cd-SNAPSHOT]
	at org.apache.ratis.server.impl.RaftServerProxy.lambda$submitClientRequestAsync$7(RaftServerProxy.java:341) ~[ratis-server-1.1.0-11689cd-SNAPSHOT.jar:1.1.0-11689cd-SNAPSHOT]
	at org.apache.ratis.server.impl.RaftServerProxy.lambda$null$5(RaftServerProxy.java:336) ~[ratis-server-1.1.0-11689cd-SNAPSHOT.jar:1.1.0-11689cd-SNAPSHOT]
	at org.apache.ratis.util.JavaUtils.callAsUnchecked(JavaUtils.java:109) ~[ratis-common-1.1.0-11689cd-SNAPSHOT.jar:1.1.0-11689cd-SNAPSHOT]
	at org.apache.ratis.server.impl.RaftServerProxy.lambda$submitRequest$6(RaftServerProxy.java:336) ~[ratis-server-1.1.0-11689cd-SNAPSHOT.jar:1.1.0-11689cd-SNAPSHOT]
	at java.util.concurrent.CompletableFuture.uniComposeStage(CompletableFuture.java:995) ~[?:1.8.0_232]
	at java.util.concurrent.CompletableFuture.thenCompose(CompletableFuture.java:2137) ~[?:1.8.0_232]
	at org.apache.ratis.server.impl.RaftServerProxy.submitRequest(RaftServerProxy.java:335) ~[ratis-server-1.1.0-11689cd-SNAPSHOT.jar:1.1.0-11689cd-SNAPSHOT]
	at org.apache.ratis.server.impl.RaftServerProxy.submitClientRequestAsync(RaftServerProxy.java:341) ~[ratis-server-1.1.0-11689cd-SNAPSHOT.jar:1.1.0-11689cd-SNAPSHOT]
	at org.apache.ratis.grpc.client.GrpcClientProtocolService$RequestStreamObserver.processClientRequest(GrpcClientProtocolService.java:228) ~[ratis-grpc-1.1.0-11689cd-SNAPSHOT.jar:1.1.0-11689cd-SNAPSHOT]
	at org.apache.ratis.grpc.client.GrpcClientProtocolService$OrderedRequestStreamObserver.processClientRequest(GrpcClientProtocolService.java:334) ~[ratis-grpc-1.1.0-11689cd-SNAPSHOT.jar:1.1.0-11689cd-SNAPSHOT]
	at org.apache.ratis.util.SlidingWindow$Server.processRequestsFromHead(SlidingWindow.java:429) [ratis-common-1.1.0-11689cd-SNAPSHOT.jar:1.1.0-11689cd-SNAPSHOT]
	at org.apache.ratis.util.SlidingWindow$Server.receivedRequest(SlidingWindow.java:421) [ratis-common-1.1.0-11689cd-SNAPSHOT.jar:1.1.0-11689cd-SNAPSHOT]
	at org.apache.ratis.grpc.client.GrpcClientProtocolService$OrderedRequestStreamObserver.processClientRequest(GrpcClientProtocolService.java:358) [ratis-grpc-1.1.0-11689cd-SNAPSHOT.jar:1.1.0-11689cd-SNAPSHOT]
	at org.apache.ratis.grpc.client.GrpcClientProtocolService$RequestStreamObserver.onNext(GrpcClientProtocolService.java:248) [ratis-grpc-1.1.0-11689cd-SNAPSHOT.jar:1.1.0-11689cd-SNAPSHOT]
	at org.apache.ratis.grpc.client.GrpcClientProtocolService$RequestStreamObserver.onNext(GrpcClientProtocolService.java:171) [ratis-grpc-1.1.0-11689cd-SNAPSHOT.jar:1.1.0-11689cd-SNAPSHOT]
	at org.apache.ratis.thirdparty.io.grpc.stub.ServerCalls$StreamingServerCallHandler$StreamingServerCallListener.onMessage(ServerCalls.java:251) [ratis-thirdparty-misc-0.6.0-SNAPSHOT.jar:0.6.0-SNAPSHOT]
	at org.apache.ratis.thirdparty.io.grpc.ForwardingServerCallListener.onMessage(ForwardingServerCallListener.java:33) [ratis-thirdparty-misc-0.6.0-SNAPSHOT.jar:0.6.0-SNAPSHOT]
	at org.apache.ratis.thirdparty.io.grpc.internal.ServerCallImpl$ServerStreamListenerImpl.messagesAvailableInternal(ServerCallImpl.java:309) [ratis-thirdparty-misc-0.6.0-SNAPSHOT.jar:0.6.0-SNAPSHOT]
	at org.apache.ratis.thirdparty.io.grpc.internal.ServerCallImpl$ServerStreamListenerImpl.messagesAvailable(ServerCallImpl.java:292) [ratis-thirdparty-misc-0.6.0-SNAPSHOT.jar:0.6.0-SNAPSHOT]
	at org.apache.ratis.thirdparty.io.grpc.internal.ServerImpl$JumpToApplicationThreadServerStreamListener$1MessagesAvailable.runInContext(ServerImpl.java:783) [ratis-thirdparty-misc-0.6.0-SNAPSHOT.jar:0.6.0-SNAPSHOT]
	at org.apache.ratis.thirdparty.io.grpc.internal.ContextRunnable.run(ContextRunnable.java:37) [ratis-thirdparty-misc-0.6.0-SNAPSHOT.jar:0.6.0-SNAPSHOT]
	at org.apache.ratis.thirdparty.io.grpc.internal.SerializingExecutor.run(SerializingExecutor.java:123) [ratis-thirdparty-misc-0.6.0-SNAPSHOT.jar:0.6.0-SNAPSHOT]
	at java.util.concurrent.ThreadPoolExecutor.runWorker(ThreadPoolExecutor.java:1149) [?:1.8.0_232]
	at java.util.concurrent.ThreadPoolExecutor$Worker.run(ThreadPoolExecutor.java:624) [?:1.8.0_232]
	at java.lang.Thread.run(Thread.java:748) [?:1.8.0_232]
23:06:34.898 [grpc-default-executor-1] ERROR DNAudit - user=null | ip=null | op=WRITE_CHUNK {blockData=conID: 3 locID: 105239490106228742 bcsId: 0} | ret=FAILURE
org.apache.hadoop.hdds.scm.container.common.helpers.ContainerNotOpenException: Container 3 in CLOSED state
	at org.apache.hadoop.ozone.container.common.impl.HddsDispatcher.validateContainerCommand(HddsDispatcher.java:484) ~[hadoop-hdds-container-service-1.1.0-SNAPSHOT.jar:?]
	at org.apache.hadoop.ozone.container.common.transport.server.ratis.ContainerStateMachine.startTransaction(ContainerStateMachine.java:319) ~[hadoop-hdds-container-service-1.1.0-SNAPSHOT.jar:?]
	at org.apache.ratis.server.impl.RaftServerImpl.submitClientRequestAsync(RaftServerImpl.java:684) ~[ratis-server-1.1.0-11689cd-SNAPSHOT.jar:1.1.0-11689cd-SNAPSHOT]
	at org.apache.ratis.server.impl.RaftServerProxy.lambda$submitClientRequestAsync$7(RaftServerProxy.java:341) ~[ratis-server-1.1.0-11689cd-SNAPSHOT.jar:1.1.0-11689cd-SNAPSHOT]
	at org.apache.ratis.server.impl.RaftServerProxy.lambda$null$5(RaftServerProxy.java:336) ~[ratis-server-1.1.0-11689cd-SNAPSHOT.jar:1.1.0-11689cd-SNAPSHOT]
	at org.apache.ratis.util.JavaUtils.callAsUnchecked(JavaUtils.java:109) ~[ratis-common-1.1.0-11689cd-SNAPSHOT.jar:1.1.0-11689cd-SNAPSHOT]
	at org.apache.ratis.server.impl.RaftServerProxy.lambda$submitRequest$6(RaftServerProxy.java:336) ~[ratis-server-1.1.0-11689cd-SNAPSHOT.jar:1.1.0-11689cd-SNAPSHOT]
	at java.util.concurrent.CompletableFuture.uniComposeStage(CompletableFuture.java:995) ~[?:1.8.0_232]
	at java.util.concurrent.CompletableFuture.thenCompose(CompletableFuture.java:2137) ~[?:1.8.0_232]
	at org.apache.ratis.server.impl.RaftServerProxy.submitRequest(RaftServerProxy.java:335) ~[ratis-server-1.1.0-11689cd-SNAPSHOT.jar:1.1.0-11689cd-SNAPSHOT]
	at org.apache.ratis.server.impl.RaftServerProxy.submitClientRequestAsync(RaftServerProxy.java:341) ~[ratis-server-1.1.0-11689cd-SNAPSHOT.jar:1.1.0-11689cd-SNAPSHOT]
	at org.apache.ratis.grpc.client.GrpcClientProtocolService$RequestStreamObserver.processClientRequest(GrpcClientProtocolService.java:228) ~[ratis-grpc-1.1.0-11689cd-SNAPSHOT.jar:1.1.0-11689cd-SNAPSHOT]
	at org.apache.ratis.grpc.client.GrpcClientProtocolService$OrderedRequestStreamObserver.processClientRequest(GrpcClientProtocolService.java:334) ~[ratis-grpc-1.1.0-11689cd-SNAPSHOT.jar:1.1.0-11689cd-SNAPSHOT]
	at org.apache.ratis.util.SlidingWindow$Server.processRequestsFromHead(SlidingWindow.java:429) [ratis-common-1.1.0-11689cd-SNAPSHOT.jar:1.1.0-11689cd-SNAPSHOT]
	at org.apache.ratis.util.SlidingWindow$Server.receivedRequest(SlidingWindow.java:421) [ratis-common-1.1.0-11689cd-SNAPSHOT.jar:1.1.0-11689cd-SNAPSHOT]
	at org.apache.ratis.grpc.client.GrpcClientProtocolService$OrderedRequestStreamObserver.processClientRequest(GrpcClientProtocolService.java:358) [ratis-grpc-1.1.0-11689cd-SNAPSHOT.jar:1.1.0-11689cd-SNAPSHOT]
	at org.apache.ratis.grpc.client.GrpcClientProtocolService$RequestStreamObserver.onNext(GrpcClientProtocolService.java:248) [ratis-grpc-1.1.0-11689cd-SNAPSHOT.jar:1.1.0-11689cd-SNAPSHOT]
	at org.apache.ratis.grpc.client.GrpcClientProtocolService$RequestStreamObserver.onNext(GrpcClientProtocolService.java:171) [ratis-grpc-1.1.0-11689cd-SNAPSHOT.jar:1.1.0-11689cd-SNAPSHOT]
	at org.apache.ratis.thirdparty.io.grpc.stub.ServerCalls$StreamingServerCallHandler$StreamingServerCallListener.onMessage(ServerCalls.java:251) [ratis-thirdparty-misc-0.6.0-SNAPSHOT.jar:0.6.0-SNAPSHOT]
	at org.apache.ratis.thirdparty.io.grpc.ForwardingServerCallListener.onMessage(ForwardingServerCallListener.java:33) [ratis-thirdparty-misc-0.6.0-SNAPSHOT.jar:0.6.0-SNAPSHOT]
	at org.apache.ratis.thirdparty.io.grpc.internal.ServerCallImpl$ServerStreamListenerImpl.messagesAvailableInternal(ServerCallImpl.java:309) [ratis-thirdparty-misc-0.6.0-SNAPSHOT.jar:0.6.0-SNAPSHOT]
	at org.apache.ratis.thirdparty.io.grpc.internal.ServerCallImpl$ServerStreamListenerImpl.messagesAvailable(ServerCallImpl.java:292) [ratis-thirdparty-misc-0.6.0-SNAPSHOT.jar:0.6.0-SNAPSHOT]
	at org.apache.ratis.thirdparty.io.grpc.internal.ServerImpl$JumpToApplicationThreadServerStreamListener$1MessagesAvailable.runInContext(ServerImpl.java:783) [ratis-thirdparty-misc-0.6.0-SNAPSHOT.jar:0.6.0-SNAPSHOT]
	at org.apache.ratis.thirdparty.io.grpc.internal.ContextRunnable.run(ContextRunnable.java:37) [ratis-thirdparty-misc-0.6.0-SNAPSHOT.jar:0.6.0-SNAPSHOT]
	at org.apache.ratis.thirdparty.io.grpc.internal.SerializingExecutor.run(SerializingExecutor.java:123) [ratis-thirdparty-misc-0.6.0-SNAPSHOT.jar:0.6.0-SNAPSHOT]
	at java.util.concurrent.ThreadPoolExecutor.runWorker(ThreadPoolExecutor.java:1149) [?:1.8.0_232]
	at java.util.concurrent.ThreadPoolExecutor$Worker.run(ThreadPoolExecutor.java:624) [?:1.8.0_232]
	at java.lang.Thread.run(Thread.java:748) [?:1.8.0_232]
2020-11-19 23:06:34,910 [grpc-default-executor-0] ERROR storage.BlockOutputStream (BlockOutputStream.java:lambda$writeChunkToContainer$3(677)) - writing chunk failed 105239490106228742_chunk_2 blockID conID: 3 locID: 105239490106228742 bcsId: 0 with exception org.apache.ratis.protocol.exceptions.StateMachineException: org.apache.hadoop.hdds.scm.container.common.helpers.ContainerNotOpenException from Server 188c74fb-01a2-49f8-907b-5c6f6de66734@group-71E8CF0D852E: Container 3 in CLOSED state
23:06:34.912 [grpc-default-executor-1] ERROR DNAudit - user=null | ip=null | op=WRITE_CHUNK {blockData=conID: 3 locID: 105239490106228742 bcsId: 0} | ret=FAILURE
org.apache.hadoop.hdds.scm.container.common.helpers.ContainerNotOpenException: Container 3 in CLOSED state
	at org.apache.hadoop.ozone.container.common.impl.HddsDispatcher.validateContainerCommand(HddsDispatcher.java:484) ~[hadoop-hdds-container-service-1.1.0-SNAPSHOT.jar:?]
	at org.apache.hadoop.ozone.container.common.transport.server.ratis.ContainerStateMachine.startTransaction(ContainerStateMachine.java:319) ~[hadoop-hdds-container-service-1.1.0-SNAPSHOT.jar:?]
	at org.apache.ratis.server.impl.RaftServerImpl.submitClientRequestAsync(RaftServerImpl.java:684) ~[ratis-server-1.1.0-11689cd-SNAPSHOT.jar:1.1.0-11689cd-SNAPSHOT]
	at org.apache.ratis.server.impl.RaftServerProxy.lambda$submitClientRequestAsync$7(RaftServerProxy.java:341) ~[ratis-server-1.1.0-11689cd-SNAPSHOT.jar:1.1.0-11689cd-SNAPSHOT]
	at org.apache.ratis.server.impl.RaftServerProxy.lambda$null$5(RaftServerProxy.java:336) ~[ratis-server-1.1.0-11689cd-SNAPSHOT.jar:1.1.0-11689cd-SNAPSHOT]
	at org.apache.ratis.util.JavaUtils.callAsUnchecked(JavaUtils.java:109) ~[ratis-common-1.1.0-11689cd-SNAPSHOT.jar:1.1.0-11689cd-SNAPSHOT]
	at org.apache.ratis.server.impl.RaftServerProxy.lambda$submitRequest$6(RaftServerProxy.java:336) ~[ratis-server-1.1.0-11689cd-SNAPSHOT.jar:1.1.0-11689cd-SNAPSHOT]
	at java.util.concurrent.CompletableFuture.uniComposeStage(CompletableFuture.java:995) ~[?:1.8.0_232]
	at java.util.concurrent.CompletableFuture.thenCompose(CompletableFuture.java:2137) ~[?:1.8.0_232]
	at org.apache.ratis.server.impl.RaftServerProxy.submitRequest(RaftServerProxy.java:335) ~[ratis-server-1.1.0-11689cd-SNAPSHOT.jar:1.1.0-11689cd-SNAPSHOT]
	at org.apache.ratis.server.impl.RaftServerProxy.submitClientRequestAsync(RaftServerProxy.java:341) ~[ratis-server-1.1.0-11689cd-SNAPSHOT.jar:1.1.0-11689cd-SNAPSHOT]
	at org.apache.ratis.grpc.client.GrpcClientProtocolService$RequestStreamObserver.processClientRequest(GrpcClientProtocolService.java:228) ~[ratis-grpc-1.1.0-11689cd-SNAPSHOT.jar:1.1.0-11689cd-SNAPSHOT]
	at org.apache.ratis.grpc.client.GrpcClientProtocolService$OrderedRequestStreamObserver.processClientRequest(GrpcClientProtocolService.java:334) ~[ratis-grpc-1.1.0-11689cd-SNAPSHOT.jar:1.1.0-11689cd-SNAPSHOT]
	at org.apache.ratis.util.SlidingWindow$Server.processRequestsFromHead(SlidingWindow.java:429) [ratis-common-1.1.0-11689cd-SNAPSHOT.jar:1.1.0-11689cd-SNAPSHOT]
	at org.apache.ratis.util.SlidingWindow$Server.receivedRequest(SlidingWindow.java:421) [ratis-common-1.1.0-11689cd-SNAPSHOT.jar:1.1.0-11689cd-SNAPSHOT]
	at org.apache.ratis.grpc.client.GrpcClientProtocolService$OrderedRequestStreamObserver.processClientRequest(GrpcClientProtocolService.java:358) [ratis-grpc-1.1.0-11689cd-SNAPSHOT.jar:1.1.0-11689cd-SNAPSHOT]
	at org.apache.ratis.grpc.client.GrpcClientProtocolService$RequestStreamObserver.onNext(GrpcClientProtocolService.java:248) [ratis-grpc-1.1.0-11689cd-SNAPSHOT.jar:1.1.0-11689cd-SNAPSHOT]
	at org.apache.ratis.grpc.client.GrpcClientProtocolService$RequestStreamObserver.onNext(GrpcClientProtocolService.java:171) [ratis-grpc-1.1.0-11689cd-SNAPSHOT.jar:1.1.0-11689cd-SNAPSHOT]
	at org.apache.ratis.thirdparty.io.grpc.stub.ServerCalls$StreamingServerCallHandler$StreamingServerCallListener.onMessage(ServerCalls.java:251) [ratis-thirdparty-misc-0.6.0-SNAPSHOT.jar:0.6.0-SNAPSHOT]
	at org.apache.ratis.thirdparty.io.grpc.ForwardingServerCallListener.onMessage(ForwardingServerCallListener.java:33) [ratis-thirdparty-misc-0.6.0-SNAPSHOT.jar:0.6.0-SNAPSHOT]
	at org.apache.ratis.thirdparty.io.grpc.internal.ServerCallImpl$ServerStreamListenerImpl.messagesAvailableInternal(ServerCallImpl.java:309) [ratis-thirdparty-misc-0.6.0-SNAPSHOT.jar:0.6.0-SNAPSHOT]
	at org.apache.ratis.thirdparty.io.grpc.internal.ServerCallImpl$ServerStreamListenerImpl.messagesAvailable(ServerCallImpl.java:292) [ratis-thirdparty-misc-0.6.0-SNAPSHOT.jar:0.6.0-SNAPSHOT]
	at org.apache.ratis.thirdparty.io.grpc.internal.ServerImpl$JumpToApplicationThreadServerStreamListener$1MessagesAvailable.runInContext(ServerImpl.java:783) [ratis-thirdparty-misc-0.6.0-SNAPSHOT.jar:0.6.0-SNAPSHOT]
	at org.apache.ratis.thirdparty.io.grpc.internal.ContextRunnable.run(ContextRunnable.java:37) [ratis-thirdparty-misc-0.6.0-SNAPSHOT.jar:0.6.0-SNAPSHOT]
	at org.apache.ratis.thirdparty.io.grpc.internal.SerializingExecutor.run(SerializingExecutor.java:123) [ratis-thirdparty-misc-0.6.0-SNAPSHOT.jar:0.6.0-SNAPSHOT]
	at java.util.concurrent.ThreadPoolExecutor.runWorker(ThreadPoolExecutor.java:1149) [?:1.8.0_232]
	at java.util.concurrent.ThreadPoolExecutor$Worker.run(ThreadPoolExecutor.java:624) [?:1.8.0_232]
	at java.lang.Thread.run(Thread.java:748) [?:1.8.0_232]
2020-11-19 23:06:34,913 [grpc-default-executor-0] ERROR storage.BlockOutputStream (BlockOutputStream.java:lambda$writeChunkToContainer$3(677)) - writing chunk failed 105239490106228742_chunk_3 blockID conID: 3 locID: 105239490106228742 bcsId: 0 with exception org.apache.ratis.protocol.exceptions.StateMachineException: org.apache.hadoop.hdds.scm.container.common.helpers.ContainerNotOpenException from Server 188c74fb-01a2-49f8-907b-5c6f6de66734@group-71E8CF0D852E: Container 3 in CLOSED state
2020-11-19 23:06:34,918 [grpc-default-executor-0] ERROR storage.BlockOutputStream (BlockOutputStream.java:lambda$writeChunkToContainer$3(677)) - writing chunk failed 105239490106228742_chunk_4 blockID conID: 3 locID: 105239490106228742 bcsId: 0 with exception org.apache.ratis.protocol.exceptions.StateMachineException: org.apache.hadoop.hdds.scm.container.common.helpers.ContainerNotOpenException from Server 188c74fb-01a2-49f8-907b-5c6f6de66734@group-71E8CF0D852E: Container 3 in CLOSED state
23:06:34.919 [grpc-default-executor-1] ERROR DNAudit - user=null | ip=null | op=PUT_BLOCK {blockData=[blockId=conID: 3 locID: 105239490106228742 bcsId: 0,size=400]} | ret=FAILURE
org.apache.hadoop.hdds.scm.container.common.helpers.ContainerNotOpenException: Container 3 in CLOSED state
	at org.apache.hadoop.ozone.container.common.impl.HddsDispatcher.validateContainerCommand(HddsDispatcher.java:484) ~[hadoop-hdds-container-service-1.1.0-SNAPSHOT.jar:?]
	at org.apache.hadoop.ozone.container.common.transport.server.ratis.ContainerStateMachine.startTransaction(ContainerStateMachine.java:319) ~[hadoop-hdds-container-service-1.1.0-SNAPSHOT.jar:?]
	at org.apache.ratis.server.impl.RaftServerImpl.submitClientRequestAsync(RaftServerImpl.java:684) ~[ratis-server-1.1.0-11689cd-SNAPSHOT.jar:1.1.0-11689cd-SNAPSHOT]
	at org.apache.ratis.server.impl.RaftServerProxy.lambda$submitClientRequestAsync$7(RaftServerProxy.java:341) ~[ratis-server-1.1.0-11689cd-SNAPSHOT.jar:1.1.0-11689cd-SNAPSHOT]
	at org.apache.ratis.server.impl.RaftServerProxy.lambda$null$5(RaftServerProxy.java:336) ~[ratis-server-1.1.0-11689cd-SNAPSHOT.jar:1.1.0-11689cd-SNAPSHOT]
	at org.apache.ratis.util.JavaUtils.callAsUnchecked(JavaUtils.java:109) ~[ratis-common-1.1.0-11689cd-SNAPSHOT.jar:1.1.0-11689cd-SNAPSHOT]
	at org.apache.ratis.server.impl.RaftServerProxy.lambda$submitRequest$6(RaftServerProxy.java:336) ~[ratis-server-1.1.0-11689cd-SNAPSHOT.jar:1.1.0-11689cd-SNAPSHOT]
	at java.util.concurrent.CompletableFuture.uniComposeStage(CompletableFuture.java:995) ~[?:1.8.0_232]
	at java.util.concurrent.CompletableFuture.thenCompose(CompletableFuture.java:2137) ~[?:1.8.0_232]
	at org.apache.ratis.server.impl.RaftServerProxy.submitRequest(RaftServerProxy.java:335) ~[ratis-server-1.1.0-11689cd-SNAPSHOT.jar:1.1.0-11689cd-SNAPSHOT]
	at org.apache.ratis.server.impl.RaftServerProxy.submitClientRequestAsync(RaftServerProxy.java:341) ~[ratis-server-1.1.0-11689cd-SNAPSHOT.jar:1.1.0-11689cd-SNAPSHOT]
	at org.apache.ratis.grpc.client.GrpcClientProtocolService$RequestStreamObserver.processClientRequest(GrpcClientProtocolService.java:228) ~[ratis-grpc-1.1.0-11689cd-SNAPSHOT.jar:1.1.0-11689cd-SNAPSHOT]
	at org.apache.ratis.grpc.client.GrpcClientProtocolService$OrderedRequestStreamObserver.processClientRequest(GrpcClientProtocolService.java:334) ~[ratis-grpc-1.1.0-11689cd-SNAPSHOT.jar:1.1.0-11689cd-SNAPSHOT]
	at org.apache.ratis.util.SlidingWindow$Server.processRequestsFromHead(SlidingWindow.java:429) [ratis-common-1.1.0-11689cd-SNAPSHOT.jar:1.1.0-11689cd-SNAPSHOT]
	at org.apache.ratis.util.SlidingWindow$Server.receivedRequest(SlidingWindow.java:421) [ratis-common-1.1.0-11689cd-SNAPSHOT.jar:1.1.0-11689cd-SNAPSHOT]
	at org.apache.ratis.grpc.client.GrpcClientProtocolService$OrderedRequestStreamObserver.processClientRequest(GrpcClientProtocolService.java:358) [ratis-grpc-1.1.0-11689cd-SNAPSHOT.jar:1.1.0-11689cd-SNAPSHOT]
	at org.apache.ratis.grpc.client.GrpcClientProtocolService$RequestStreamObserver.onNext(GrpcClientProtocolService.java:248) [ratis-grpc-1.1.0-11689cd-SNAPSHOT.jar:1.1.0-11689cd-SNAPSHOT]
	at org.apache.ratis.grpc.client.GrpcClientProtocolService$RequestStreamObserver.onNext(GrpcClientProtocolService.java:171) [ratis-grpc-1.1.0-11689cd-SNAPSHOT.jar:1.1.0-11689cd-SNAPSHOT]
	at org.apache.ratis.thirdparty.io.grpc.stub.ServerCalls$StreamingServerCallHandler$StreamingServerCallListener.onMessage(ServerCalls.java:251) [ratis-thirdparty-misc-0.6.0-SNAPSHOT.jar:0.6.0-SNAPSHOT]
	at org.apache.ratis.thirdparty.io.grpc.ForwardingServerCallListener.onMessage(ForwardingServerCallListener.java:33) [ratis-thirdparty-misc-0.6.0-SNAPSHOT.jar:0.6.0-SNAPSHOT]
	at org.apache.ratis.thirdparty.io.grpc.internal.ServerCallImpl$ServerStreamListenerImpl.messagesAvailableInternal(ServerCallImpl.java:309) [ratis-thirdparty-misc-0.6.0-SNAPSHOT.jar:0.6.0-SNAPSHOT]
	at org.apache.ratis.thirdparty.io.grpc.internal.ServerCallImpl$ServerStreamListenerImpl.messagesAvailable(ServerCallImpl.java:292) [ratis-thirdparty-misc-0.6.0-SNAPSHOT.jar:0.6.0-SNAPSHOT]
	at org.apache.ratis.thirdparty.io.grpc.internal.ServerImpl$JumpToApplicationThreadServerStreamListener$1MessagesAvailable.runInContext(ServerImpl.java:783) [ratis-thirdparty-misc-0.6.0-SNAPSHOT.jar:0.6.0-SNAPSHOT]
	at org.apache.ratis.thirdparty.io.grpc.internal.ContextRunnable.run(ContextRunnable.java:37) [ratis-thirdparty-misc-0.6.0-SNAPSHOT.jar:0.6.0-SNAPSHOT]
	at org.apache.ratis.thirdparty.io.grpc.internal.SerializingExecutor.run(SerializingExecutor.java:123) [ratis-thirdparty-misc-0.6.0-SNAPSHOT.jar:0.6.0-SNAPSHOT]
	at java.util.concurrent.ThreadPoolExecutor.runWorker(ThreadPoolExecutor.java:1149) [?:1.8.0_232]
	at java.util.concurrent.ThreadPoolExecutor$Worker.run(ThreadPoolExecutor.java:624) [?:1.8.0_232]
	at java.lang.Thread.run(Thread.java:748) [?:1.8.0_232]
2020-11-19 23:06:34,932 [Listener at 127.0.0.1/37889] INFO  io.BlockOutputStreamEntryPool (BlockOutputStreamEntryPool.java:allocateNewBlock(241)) - Allocating block with ExcludeList {datanodes = [], containerIds = [#1, #2, #3], pipelineIds = []}
2020-11-19 23:06:34,964 [Listener at 127.0.0.1/37889] INFO  metrics.RatisMetrics (RatisMetrics.java:lambda$create$0(36)) - Creating Metrics Registry : ratis.client_message_metrics.client-ABC700280F65->6bf896dc-0c7e-47aa-8e27-893b368c36c3
2020-11-19 23:06:35,058 [Listener at 127.0.0.1/37889] INFO  ozone.MiniOzoneClusterImpl (MiniOzoneClusterImpl.java:shutdown(388)) - Shutting down the Mini Ozone Cluster
2020-11-19 23:06:35,058 [Listener at 127.0.0.1/37889] INFO  ozone.MiniOzoneClusterImpl (MiniOzoneClusterImpl.java:stop(403)) - Stopping the Mini Ozone Cluster
2020-11-19 23:06:35,058 [Listener at 127.0.0.1/37889] INFO  ozone.MiniOzoneClusterImpl (MiniOzoneClusterImpl.java:stopOM(485)) - Stopping the OzoneManager
2020-11-19 23:06:35,058 [Listener at 127.0.0.1/37889] INFO  ipc.Server (Server.java:stop(3359)) - Stopping server on 37889
2020-11-19 23:06:35,063 [Listener at 127.0.0.1/37889] INFO  ratis.OzoneManagerDoubleBuffer (OzoneManagerDoubleBuffer.java:stop(457)) - Stopping OMDoubleBuffer flush thread
2020-11-19 23:06:35,063 [IPC Server listener on 0] INFO  ipc.Server (Server.java:run(1330)) - Stopping IPC Server listener on 0
2020-11-19 23:06:35,064 [IPC Server Responder] INFO  ipc.Server (Server.java:run(1465)) - Stopping IPC Server Responder
2020-11-19 23:06:35,064 [OMDoubleBufferFlushThread] INFO  ratis.OzoneManagerDoubleBuffer (OzoneManagerDoubleBuffer.java:flushTransactions(356)) - OMDoubleBuffer flush thread OMDoubleBufferFlushThread is interrupted and will exit. OMDoubleBufferFlushThread
2020-11-19 23:06:35,064 [Listener at 127.0.0.1/37889] INFO  utils.BackgroundService (BackgroundService.java:shutdown(132)) - Shutting down service KeyDeletingService
2020-11-19 23:06:35,065 [Listener at 127.0.0.1/37889] INFO  handler.ContextHandler (ContextHandler.java:doStop(1154)) - Stopped o.e.j.w.WebAppContext@38e3acdf{ozoneManager,/,null,STOPPED}{file:/github/workspace/mnt/ozone/hadoop-ozone/integration-test/target/test-classes/webapps/ozoneManager}
2020-11-19 23:06:35,065 [Listener at 127.0.0.1/37889] INFO  server.AbstractConnector (AbstractConnector.java:doStop(381)) - Stopped ServerConnector@7c46beeb{HTTP/1.1, (http/1.1)}{0.0.0.0:0}
2020-11-19 23:06:35,066 [Listener at 127.0.0.1/37889] INFO  server.session (HouseKeeper.java:stopScavenging(149)) - node0 Stopped scavenging
2020-11-19 23:06:35,066 [Listener at 127.0.0.1/37889] INFO  handler.ContextHandler (ContextHandler.java:doStop(1154)) - Stopped o.e.j.s.ServletContextHandler@75c6cbac{static,/static,file:///github/workspace/mnt/ozone/hadoop-ozone/integration-test/target/test-classes/webapps/static,STOPPED}
2020-11-19 23:06:35,066 [Listener at 127.0.0.1/37889] INFO  handler.ContextHandler (ContextHandler.java:doStop(1154)) - Stopped o.e.j.s.ServletContextHandler@64c91796{logs,/logs,file:///github/workspace/mnt/ozone/hadoop-ozone/integration-test/target/log,STOPPED}
2020-11-19 23:06:35,069 [Listener at 127.0.0.1/37889] INFO  ozone.MiniOzoneClusterImpl (MiniOzoneClusterImpl.java:stopDatanodes(462)) - Stopping the HddsDatanodes
2020-11-19 23:06:35,673 [Datanode State Machine Thread - 0] INFO  statemachine.DatanodeStateMachine (DatanodeStateMachine.java:lambda$startDaemon$0(406)) - Ozone container server started.
2020-11-19 23:06:35,733 [Datanode State Machine Thread - 0] INFO  statemachine.DatanodeStateMachine (DatanodeStateMachine.java:lambda$startDaemon$0(406)) - Ozone container server started.
2020-11-19 23:06:40,070 [Listener at 127.0.0.1/37889] INFO  ozoneimpl.OzoneContainer (OzoneContainer.java:stop(257)) - Attempting to stop container services.
2020-11-19 23:06:40,070 [ForkJoinPool.commonPool-worker-1] INFO  ozoneimpl.OzoneContainer (OzoneContainer.java:stop(257)) - Attempting to stop container services.
2020-11-19 23:06:40,071 [Listener at 127.0.0.1/37889] INFO  impl.RaftServerProxy (RaftServerProxy.java:lambda$close$4(322)) - c6fe9ef3-e456-496a-88a6-7c1d0439fa73: close
2020-11-19 23:06:40,071 [ForkJoinPool.commonPool-worker-1] INFO  impl.RaftServerProxy (RaftServerProxy.java:lambda$close$4(322)) - 9f966428-d7f2-4238-96c8-d38b7223cc05: close
2020-11-19 23:06:40,071 [Listener at 127.0.0.1/37889] INFO  impl.RaftServerImpl (RaftServerImpl.java:lambda$shutdown$3(321)) - c6fe9ef3-e456-496a-88a6-7c1d0439fa73@group-9F0F3335C145: shutdown
2020-11-19 23:06:40,073 [Listener at 127.0.0.1/37889] INFO  util.JmxRegister (JmxRegister.java:unregister(73)) - Successfully un-registered JMX Bean with object name Ratis:service=RaftServer,group=group-9F0F3335C145,id=c6fe9ef3-e456-496a-88a6-7c1d0439fa73
2020-11-19 23:06:40,073 [Listener at 127.0.0.1/37889] INFO  impl.RoleInfo (RoleInfo.java:shutdownFollowerState(121)) - c6fe9ef3-e456-496a-88a6-7c1d0439fa73: shutdown FollowerState
2020-11-19 23:06:40,073 [Listener at 127.0.0.1/37889] INFO  impl.StateMachineUpdater (StateMachineUpdater.java:stopAndJoin(142)) - c6fe9ef3-e456-496a-88a6-7c1d0439fa73@group-9F0F3335C145-StateMachineUpdater: set stopIndex = 0
2020-11-19 23:06:40,073 [Thread-645] INFO  impl.FollowerState (FollowerState.java:run(117)) - c6fe9ef3-e456-496a-88a6-7c1d0439fa73@group-9F0F3335C145-FollowerState was interrupted: java.lang.InterruptedException: sleep interrupted
2020-11-19 23:06:40,073 [c6fe9ef3-e456-496a-88a6-7c1d0439fa73@group-9F0F3335C145-StateMachineUpdater] INFO  ratis.ContainerStateMachine (ContainerStateMachine.java:takeSnapshot(293)) - group-9F0F3335C145: Taking a snapshot at:(t:1, i:0) file /github/workspace/mnt/ozone/hadoop-ozone/integration-test/target/test-dir/MiniOzoneClusterImpl-f63f6e49-a519-49d7-bac2-b5e85396f7e3/datanode-4/data/ratis/8750aa62-cc61-4f66-8590-9f0f3335c145/sm/snapshot.1_0
2020-11-19 23:06:40,072 [ForkJoinPool.commonPool-worker-1] INFO  impl.RaftServerImpl (RaftServerImpl.java:lambda$shutdown$3(321)) - 9f966428-d7f2-4238-96c8-d38b7223cc05@group-6956E16FFAC2: shutdown
2020-11-19 23:06:40,075 [ForkJoinPool.commonPool-worker-1] INFO  util.JmxRegister (JmxRegister.java:unregister(73)) - Successfully un-registered JMX Bean with object name Ratis:service=RaftServer,group=group-6956E16FFAC2,id=9f966428-d7f2-4238-96c8-d38b7223cc05
2020-11-19 23:06:40,075 [ForkJoinPool.commonPool-worker-1] INFO  impl.RoleInfo (RoleInfo.java:shutdownLeaderState(104)) - 9f966428-d7f2-4238-96c8-d38b7223cc05: shutdown LeaderState
2020-11-19 23:06:40,075 [ForkJoinPool.commonPool-worker-1] INFO  impl.PendingRequests (PendingRequests.java:sendNotLeaderResponses(249)) - 9f966428-d7f2-4238-96c8-d38b7223cc05@group-6956E16FFAC2-PendingRequests: sendNotLeaderResponses
2020-11-19 23:06:40,075 [ForkJoinPool.commonPool-worker-1] INFO  metrics.RatisMetrics (RatisMetrics.java:unregister(43)) - Unregistering Metrics Registry : ratis.log_appender.9f966428-d7f2-4238-96c8-d38b7223cc05@group-6956E16FFAC2
2020-11-19 23:06:40,075 [c6fe9ef3-e456-496a-88a6-7c1d0439fa73@group-9F0F3335C145-StateMachineUpdater] INFO  ratis.ContainerStateMachine (ContainerStateMachine.java:takeSnapshot(304)) - group-9F0F3335C145: Finished taking a snapshot at:(t:1, i:0) file:/github/workspace/mnt/ozone/hadoop-ozone/integration-test/target/test-dir/MiniOzoneClusterImpl-f63f6e49-a519-49d7-bac2-b5e85396f7e3/datanode-4/data/ratis/8750aa62-cc61-4f66-8590-9f0f3335c145/sm/snapshot.1_0 time:2
2020-11-19 23:06:40,075 [ForkJoinPool.commonPool-worker-1] INFO  metrics.RatisMetrics (RatisMetrics.java:unregister(43)) - Unregistering Metrics Registry : ratis.server.9f966428-d7f2-4238-96c8-d38b7223cc05@group-6956E16FFAC2
2020-11-19 23:06:40,075 [c6fe9ef3-e456-496a-88a6-7c1d0439fa73@group-9F0F3335C145-StateMachineUpdater] INFO  impl.StateMachineUpdater (StateMachineUpdater.java:takeSnapshot(277)) - c6fe9ef3-e456-496a-88a6-7c1d0439fa73@group-9F0F3335C145-StateMachineUpdater: Took a snapshot at index 0
2020-11-19 23:06:40,076 [c6fe9ef3-e456-496a-88a6-7c1d0439fa73@group-9F0F3335C145-StateMachineUpdater] INFO  impl.StateMachineUpdater (StateMachineUpdater.java:lambda$new$0(87)) - c6fe9ef3-e456-496a-88a6-7c1d0439fa73@group-9F0F3335C145-StateMachineUpdater: snapshotIndex: updateIncreasingly -1 -> 0
2020-11-19 23:06:40,076 [c6fe9ef3-e456-496a-88a6-7c1d0439fa73@group-9F0F3335C145-StateMachineUpdater] INFO  metrics.RatisMetrics (RatisMetrics.java:unregister(43)) - Unregistering Metrics Registry : ratis.state_machine.c6fe9ef3-e456-496a-88a6-7c1d0439fa73@group-9F0F3335C145
2020-11-19 23:06:40,076 [ForkJoinPool.commonPool-worker-1] INFO  impl.StateMachineUpdater (StateMachineUpdater.java:stopAndJoin(142)) - 9f966428-d7f2-4238-96c8-d38b7223cc05@group-6956E16FFAC2-StateMachineUpdater: set stopIndex = 0
2020-11-19 23:06:40,077 [Listener at 127.0.0.1/37889] INFO  impl.RaftServerImpl (ServerState.java:close(405)) - c6fe9ef3-e456-496a-88a6-7c1d0439fa73@group-9F0F3335C145: closes. applyIndex: 0
2020-11-19 23:06:40,077 [c6fe9ef3-e456-496a-88a6-7c1d0439fa73@group-9F0F3335C145-SegmentedRaftLogWorker] INFO  segmented.SegmentedRaftLogWorker (SegmentedRaftLogWorker.java:run(327)) - c6fe9ef3-e456-496a-88a6-7c1d0439fa73@group-9F0F3335C145-SegmentedRaftLogWorker was interrupted, exiting. There are 0 tasks remaining in the queue.
2020-11-19 23:06:40,077 [9f966428-d7f2-4238-96c8-d38b7223cc05@group-6956E16FFAC2-StateMachineUpdater] INFO  ratis.ContainerStateMachine (ContainerStateMachine.java:takeSnapshot(293)) - group-6956E16FFAC2: Taking a snapshot at:(t:1, i:0) file /github/workspace/mnt/ozone/hadoop-ozone/integration-test/target/test-dir/MiniOzoneClusterImpl-f63f6e49-a519-49d7-bac2-b5e85396f7e3/datanode-1/data/ratis/43e84f6c-983c-48d6-8fd5-6956e16ffac2/sm/snapshot.1_0
2020-11-19 23:06:40,078 [Listener at 127.0.0.1/37889] INFO  segmented.SegmentedRaftLogWorker (SegmentedRaftLogWorker.java:close(234)) - c6fe9ef3-e456-496a-88a6-7c1d0439fa73@group-9F0F3335C145-SegmentedRaftLogWorker close()
2020-11-19 23:06:40,080 [Listener at 127.0.0.1/37889] INFO  metrics.RatisMetrics (RatisMetrics.java:unregister(43)) - Unregistering Metrics Registry : ratis.log_worker.c6fe9ef3-e456-496a-88a6-7c1d0439fa73@group-9F0F3335C145
2020-11-19 23:06:40,080 [9f966428-d7f2-4238-96c8-d38b7223cc05@group-6956E16FFAC2-StateMachineUpdater] INFO  ratis.ContainerStateMachine (ContainerStateMachine.java:takeSnapshot(304)) - group-6956E16FFAC2: Finished taking a snapshot at:(t:1, i:0) file:/github/workspace/mnt/ozone/hadoop-ozone/integration-test/target/test-dir/MiniOzoneClusterImpl-f63f6e49-a519-49d7-bac2-b5e85396f7e3/datanode-1/data/ratis/43e84f6c-983c-48d6-8fd5-6956e16ffac2/sm/snapshot.1_0 time:2
2020-11-19 23:06:40,080 [Listener at 127.0.0.1/37889] INFO  metrics.RatisMetrics (RatisMetrics.java:unregister(43)) - Unregistering Metrics Registry : ratis.leader_election.c6fe9ef3-e456-496a-88a6-7c1d0439fa73@group-9F0F3335C145
2020-11-19 23:06:40,080 [9f966428-d7f2-4238-96c8-d38b7223cc05@group-6956E16FFAC2-StateMachineUpdater] INFO  impl.StateMachineUpdater (StateMachineUpdater.java:takeSnapshot(277)) - 9f966428-d7f2-4238-96c8-d38b7223cc05@group-6956E16FFAC2-StateMachineUpdater: Took a snapshot at index 0
2020-11-19 23:06:40,080 [9f966428-d7f2-4238-96c8-d38b7223cc05@group-6956E16FFAC2-StateMachineUpdater] INFO  impl.StateMachineUpdater (StateMachineUpdater.java:lambda$new$0(87)) - 9f966428-d7f2-4238-96c8-d38b7223cc05@group-6956E16FFAC2-StateMachineUpdater: snapshotIndex: updateIncreasingly -1 -> 0
2020-11-19 23:06:40,080 [Listener at 127.0.0.1/37889] INFO  metrics.RatisMetrics (RatisMetrics.java:unregister(43)) - Unregistering Metrics Registry : ratis.server.c6fe9ef3-e456-496a-88a6-7c1d0439fa73@group-9F0F3335C145
2020-11-19 23:06:40,081 [Listener at 127.0.0.1/37889] INFO  impl.RaftServerImpl (RaftServerImpl.java:lambda$shutdown$3(321)) - c6fe9ef3-e456-496a-88a6-7c1d0439fa73@group-8F388B127180: shutdown
2020-11-19 23:06:40,081 [Listener at 127.0.0.1/37889] INFO  util.JmxRegister (JmxRegister.java:unregister(73)) - Successfully un-registered JMX Bean with object name Ratis:service=RaftServer,group=group-8F388B127180,id=c6fe9ef3-e456-496a-88a6-7c1d0439fa73
2020-11-19 23:06:40,081 [Listener at 127.0.0.1/37889] INFO  impl.RoleInfo (RoleInfo.java:shutdownLeaderState(104)) - c6fe9ef3-e456-496a-88a6-7c1d0439fa73: shutdown LeaderState
2020-11-19 23:06:40,081 [Listener at 127.0.0.1/37889] INFO  impl.PendingRequests (PendingRequests.java:sendNotLeaderResponses(249)) - c6fe9ef3-e456-496a-88a6-7c1d0439fa73@group-8F388B127180-PendingRequests: sendNotLeaderResponses
2020-11-19 23:06:40,080 [9f966428-d7f2-4238-96c8-d38b7223cc05@group-6956E16FFAC2-StateMachineUpdater] INFO  metrics.RatisMetrics (RatisMetrics.java:unregister(43)) - Unregistering Metrics Registry : ratis.state_machine.9f966428-d7f2-4238-96c8-d38b7223cc05@group-6956E16FFAC2
2020-11-19 23:06:40,084 [Listener at 127.0.0.1/37889] INFO  metrics.RatisMetrics (RatisMetrics.java:unregister(43)) - Unregistering Metrics Registry : ratis.log_appender.c6fe9ef3-e456-496a-88a6-7c1d0439fa73@group-8F388B127180
2020-11-19 23:06:40,084 [Listener at 127.0.0.1/37889] INFO  metrics.RatisMetrics (RatisMetrics.java:unregister(43)) - Unregistering Metrics Registry : ratis.server.c6fe9ef3-e456-496a-88a6-7c1d0439fa73@group-8F388B127180
2020-11-19 23:06:40,085 [Listener at 127.0.0.1/37889] INFO  impl.StateMachineUpdater (StateMachineUpdater.java:stopAndJoin(142)) - c6fe9ef3-e456-496a-88a6-7c1d0439fa73@group-8F388B127180-StateMachineUpdater: set stopIndex = 18
2020-11-19 23:06:40,089 [ForkJoinPool.commonPool-worker-1] INFO  impl.RaftServerImpl (ServerState.java:close(405)) - 9f966428-d7f2-4238-96c8-d38b7223cc05@group-6956E16FFAC2: closes. applyIndex: 0
2020-11-19 23:06:40,089 [c6fe9ef3-e456-496a-88a6-7c1d0439fa73@group-8F388B127180-StateMachineUpdater] INFO  ratis.ContainerStateMachine (ContainerStateMachine.java:takeSnapshot(293)) - group-8F388B127180: Taking a snapshot at:(t:1, i:18) file /github/workspace/mnt/ozone/hadoop-ozone/integration-test/target/test-dir/MiniOzoneClusterImpl-f63f6e49-a519-49d7-bac2-b5e85396f7e3/datanode-4/data/ratis/2b4d0dbc-f44e-4fbd-9517-8f388b127180/sm/snapshot.1_18
2020-11-19 23:06:40,089 [9f966428-d7f2-4238-96c8-d38b7223cc05@group-6956E16FFAC2-SegmentedRaftLogWorker] INFO  segmented.SegmentedRaftLogWorker (SegmentedRaftLogWorker.java:run(327)) - 9f966428-d7f2-4238-96c8-d38b7223cc05@group-6956E16FFAC2-SegmentedRaftLogWorker was interrupted, exiting. There are 0 tasks remaining in the queue.
2020-11-19 23:06:40,090 [ForkJoinPool.commonPool-worker-1] INFO  segmented.SegmentedRaftLogWorker (SegmentedRaftLogWorker.java:close(234)) - 9f966428-d7f2-4238-96c8-d38b7223cc05@group-6956E16FFAC2-SegmentedRaftLogWorker close()
2020-11-19 23:06:40,090 [c6fe9ef3-e456-496a-88a6-7c1d0439fa73@group-8F388B127180-StateMachineUpdater] INFO  ratis.ContainerStateMachine (ContainerStateMachine.java:takeSnapshot(304)) - group-8F388B127180: Finished taking a snapshot at:(t:1, i:18) file:/github/workspace/mnt/ozone/hadoop-ozone/integration-test/target/test-dir/MiniOzoneClusterImpl-f63f6e49-a519-49d7-bac2-b5e85396f7e3/datanode-4/data/ratis/2b4d0dbc-f44e-4fbd-9517-8f388b127180/sm/snapshot.1_18 time:1
2020-11-19 23:06:40,092 [c6fe9ef3-e456-496a-88a6-7c1d0439fa73@group-8F388B127180-StateMachineUpdater] INFO  impl.StateMachineUpdater (StateMachineUpdater.java:takeSnapshot(277)) - c6fe9ef3-e456-496a-88a6-7c1d0439fa73@group-8F388B127180-StateMachineUpdater: Took a snapshot at index 18
2020-11-19 23:06:40,092 [c6fe9ef3-e456-496a-88a6-7c1d0439fa73@group-8F388B127180-StateMachineUpdater] INFO  impl.StateMachineUpdater (StateMachineUpdater.java:lambda$new$0(87)) - c6fe9ef3-e456-496a-88a6-7c1d0439fa73@group-8F388B127180-StateMachineUpdater: snapshotIndex: updateIncreasingly -1 -> 18
2020-11-19 23:06:40,092 [c6fe9ef3-e456-496a-88a6-7c1d0439fa73@group-8F388B127180-StateMachineUpdater] INFO  metrics.RatisMetrics (RatisMetrics.java:unregister(43)) - Unregistering Metrics Registry : ratis.state_machine.c6fe9ef3-e456-496a-88a6-7c1d0439fa73@group-8F388B127180
2020-11-19 23:06:40,091 [ForkJoinPool.commonPool-worker-1] INFO  metrics.RatisMetrics (RatisMetrics.java:unregister(43)) - Unregistering Metrics Registry : ratis.log_worker.9f966428-d7f2-4238-96c8-d38b7223cc05@group-6956E16FFAC2
2020-11-19 23:06:40,093 [Listener at 127.0.0.1/37889] INFO  impl.RaftServerImpl (ServerState.java:close(405)) - c6fe9ef3-e456-496a-88a6-7c1d0439fa73@group-8F388B127180: closes. applyIndex: 18
2020-11-19 23:06:40,093 [ForkJoinPool.commonPool-worker-1] INFO  metrics.RatisMetrics (RatisMetrics.java:unregister(43)) - Unregistering Metrics Registry : ratis.leader_election.9f966428-d7f2-4238-96c8-d38b7223cc05@group-6956E16FFAC2
2020-11-19 23:06:40,093 [ForkJoinPool.commonPool-worker-1] INFO  metrics.RatisMetrics (RatisMetrics.java:unregister(43)) - Unregistering Metrics Registry : ratis.server.9f966428-d7f2-4238-96c8-d38b7223cc05@group-6956E16FFAC2
2020-11-19 23:06:40,094 [ForkJoinPool.commonPool-worker-1] INFO  impl.RaftServerImpl (RaftServerImpl.java:lambda$shutdown$3(321)) - 9f966428-d7f2-4238-96c8-d38b7223cc05@group-B82672A8DD5C: shutdown
2020-11-19 23:06:40,094 [ForkJoinPool.commonPool-worker-1] INFO  util.JmxRegister (JmxRegister.java:unregister(73)) - Successfully un-registered JMX Bean with object name Ratis:service=RaftServer,group=group-B82672A8DD5C,id=9f966428-d7f2-4238-96c8-d38b7223cc05
2020-11-19 23:06:40,094 [ForkJoinPool.commonPool-worker-1] INFO  impl.RoleInfo (RoleInfo.java:shutdownLeaderState(104)) - 9f966428-d7f2-4238-96c8-d38b7223cc05: shutdown LeaderState
2020-11-19 23:06:40,094 [ForkJoinPool.commonPool-worker-1] INFO  metrics.RatisMetrics (RatisMetrics.java:unregister(43)) - Unregistering Metrics Registry : ratis_grpc.log_appender.9f966428-d7f2-4238-96c8-d38b7223cc05@group-B82672A8DD5C
2020-11-19 23:06:40,094 [ForkJoinPool.commonPool-worker-1] INFO  metrics.RatisMetrics (RatisMetrics.java:unregister(43)) - Unregistering Metrics Registry : ratis_grpc.log_appender.9f966428-d7f2-4238-96c8-d38b7223cc05@group-B82672A8DD5C
2020-11-19 23:06:40,095 [org.apache.ratis.server.impl.LogAppender$AppenderDaemon$$Lambda$469/1309558133@64fb0d91] WARN  server.GrpcLogAppender (GrpcLogAppender.java:mayWait(168)) - 9f966428-d7f2-4238-96c8-d38b7223cc05@group-B82672A8DD5C->6bf896dc-0c7e-47aa-8e27-893b368c36c3-GrpcLogAppender: Wait interrupted by java.lang.InterruptedException
2020-11-19 23:06:40,095 [ForkJoinPool.commonPool-worker-1] INFO  impl.PendingRequests (PendingRequests.java:sendNotLeaderResponses(249)) - 9f966428-d7f2-4238-96c8-d38b7223cc05@group-B82672A8DD5C-PendingRequests: sendNotLeaderResponses
2020-11-19 23:06:40,095 [ForkJoinPool.commonPool-worker-1] INFO  metrics.RatisMetrics (RatisMetrics.java:unregister(43)) - Unregistering Metrics Registry : ratis.log_appender.9f966428-d7f2-4238-96c8-d38b7223cc05@group-B82672A8DD5C
2020-11-19 23:06:40,095 [ForkJoinPool.commonPool-worker-1] INFO  metrics.RatisMetrics (RatisMetrics.java:unregister(43)) - Unregistering Metrics Registry : ratis.server.9f966428-d7f2-4238-96c8-d38b7223cc05@group-B82672A8DD5C
2020-11-19 23:06:40,095 [org.apache.ratis.server.impl.LogAppender$AppenderDaemon$$Lambda$469/1309558133@a0ffe54] WARN  server.GrpcLogAppender (GrpcLogAppender.java:mayWait(168)) - 9f966428-d7f2-4238-96c8-d38b7223cc05@group-B82672A8DD5C->961b22ad-a322-4351-a83b-55dc9b155106-GrpcLogAppender: Wait interrupted by java.lang.InterruptedException
2020-11-19 23:06:40,095 [grpc-default-executor-1] INFO  server.GrpcServerProtocolService (GrpcServerProtocolService.java:onCompleted(138)) - 6bf896dc-0c7e-47aa-8e27-893b368c36c3: Completed APPEND_ENTRIES, lastRequest: 9f966428-d7f2-4238-96c8-d38b7223cc05->6bf896dc-0c7e-47aa-8e27-893b368c36c3#1-t1, previous=(t:0, i:0), leaderCommit=0, initializing? false, entries: size=1, first=(t:1, i:0), CONFIGURATIONENTRY
2020-11-19 23:06:40,096 [ForkJoinPool.commonPool-worker-1] INFO  impl.StateMachineUpdater (StateMachineUpdater.java:stopAndJoin(142)) - 9f966428-d7f2-4238-96c8-d38b7223cc05@group-B82672A8DD5C-StateMachineUpdater: set stopIndex = 0
2020-11-19 23:06:40,096 [c6fe9ef3-e456-496a-88a6-7c1d0439fa73@group-8F388B127180-SegmentedRaftLogWorker] INFO  segmented.SegmentedRaftLogWorker (SegmentedRaftLogWorker.java:run(327)) - c6fe9ef3-e456-496a-88a6-7c1d0439fa73@group-8F388B127180-SegmentedRaftLogWorker was interrupted, exiting. There are 0 tasks remaining in the queue.
2020-11-19 23:06:40,096 [grpc-default-executor-0] INFO  server.GrpcServerProtocolService (GrpcServerProtocolService.java:onCompleted(138)) - 961b22ad-a322-4351-a83b-55dc9b155106: Completed APPEND_ENTRIES, lastRequest: 9f966428-d7f2-4238-96c8-d38b7223cc05->961b22ad-a322-4351-a83b-55dc9b155106#1-t1, previous=(t:0, i:0), leaderCommit=0, initializing? false, entries: size=1, first=(t:1, i:0), CONFIGURATIONENTRY
2020-11-19 23:06:40,099 [Listener at 127.0.0.1/37889] INFO  segmented.SegmentedRaftLogWorker (SegmentedRaftLogWorker.java:close(234)) - c6fe9ef3-e456-496a-88a6-7c1d0439fa73@group-8F388B127180-SegmentedRaftLogWorker close()
2020-11-19 23:06:40,100 [grpc-default-executor-1] INFO  server.GrpcLogAppender (GrpcLogAppender.java:onCompleted(336)) - 9f966428-d7f2-4238-96c8-d38b7223cc05@group-B82672A8DD5C->961b22ad-a322-4351-a83b-55dc9b155106-AppendLogResponseHandler: follower responses appendEntries COMPLETED
2020-11-19 23:06:40,099 [9f966428-d7f2-4238-96c8-d38b7223cc05@group-B82672A8DD5C-StateMachineUpdater] INFO  ratis.ContainerStateMachine (ContainerStateMachine.java:takeSnapshot(293)) - group-B82672A8DD5C: Taking a snapshot at:(t:1, i:0) file /github/workspace/mnt/ozone/hadoop-ozone/integration-test/target/test-dir/MiniOzoneClusterImpl-f63f6e49-a519-49d7-bac2-b5e85396f7e3/datanode-1/data/ratis/fdc5f4db-202c-4d59-af6b-b82672a8dd5c/sm/snapshot.1_0
2020-11-19 23:06:40,099 [grpc-default-executor-4] INFO  server.GrpcLogAppender (GrpcLogAppender.java:onCompleted(336)) - 9f966428-d7f2-4238-96c8-d38b7223cc05@group-B82672A8DD5C->6bf896dc-0c7e-47aa-8e27-893b368c36c3-AppendLogResponseHandler: follower responses appendEntries COMPLETED
2020-11-19 23:06:40,101 [grpc-default-executor-4] INFO  impl.FollowerInfo (FollowerInfo.java:lambda$new$0(51)) - 9f966428-d7f2-4238-96c8-d38b7223cc05@group-B82672A8DD5C->6bf896dc-0c7e-47aa-8e27-893b368c36c3: nextIndex: updateUnconditionally 1 -> 0
2020-11-19 23:06:40,100 [grpc-default-executor-1] INFO  impl.FollowerInfo (FollowerInfo.java:lambda$new$0(51)) - 9f966428-d7f2-4238-96c8-d38b7223cc05@group-B82672A8DD5C->961b22ad-a322-4351-a83b-55dc9b155106: nextIndex: updateUnconditionally 1 -> 0
2020-11-19 23:06:40,102 [9f966428-d7f2-4238-96c8-d38b7223cc05@group-B82672A8DD5C-StateMachineUpdater] INFO  ratis.ContainerStateMachine (ContainerStateMachine.java:takeSnapshot(304)) - group-B82672A8DD5C: Finished taking a snapshot at:(t:1, i:0) file:/github/workspace/mnt/ozone/hadoop-ozone/integration-test/target/test-dir/MiniOzoneClusterImpl-f63f6e49-a519-49d7-bac2-b5e85396f7e3/datanode-1/data/ratis/fdc5f4db-202c-4d59-af6b-b82672a8dd5c/sm/snapshot.1_0 time:2
2020-11-19 23:06:40,102 [Listener at 127.0.0.1/37889] INFO  metrics.RatisMetrics (RatisMetrics.java:unregister(43)) - Unregistering Metrics Registry : ratis.log_worker.c6fe9ef3-e456-496a-88a6-7c1d0439fa73@group-8F388B127180
2020-11-19 23:06:40,102 [9f966428-d7f2-4238-96c8-d38b7223cc05@group-B82672A8DD5C-StateMachineUpdater] INFO  impl.StateMachineUpdater (StateMachineUpdater.java:takeSnapshot(277)) - 9f966428-d7f2-4238-96c8-d38b7223cc05@group-B82672A8DD5C-StateMachineUpdater: Took a snapshot at index 0
2020-11-19 23:06:40,103 [9f966428-d7f2-4238-96c8-d38b7223cc05@group-B82672A8DD5C-StateMachineUpdater] INFO  impl.StateMachineUpdater (StateMachineUpdater.java:lambda$new$0(87)) - 9f966428-d7f2-4238-96c8-d38b7223cc05@group-B82672A8DD5C-StateMachineUpdater: snapshotIndex: updateIncreasingly -1 -> 0
2020-11-19 23:06:40,103 [9f966428-d7f2-4238-96c8-d38b7223cc05@group-B82672A8DD5C-StateMachineUpdater] INFO  metrics.RatisMetrics (RatisMetrics.java:unregister(43)) - Unregistering Metrics Registry : ratis.state_machine.9f966428-d7f2-4238-96c8-d38b7223cc05@group-B82672A8DD5C
2020-11-19 23:06:40,103 [ForkJoinPool.commonPool-worker-1] INFO  impl.RaftServerImpl (ServerState.java:close(405)) - 9f966428-d7f2-4238-96c8-d38b7223cc05@group-B82672A8DD5C: closes. applyIndex: 0
2020-11-19 23:06:40,103 [Listener at 127.0.0.1/37889] INFO  metrics.RatisMetrics (RatisMetrics.java:unregister(43)) - Unregistering Metrics Registry : ratis.leader_election.c6fe9ef3-e456-496a-88a6-7c1d0439fa73@group-8F388B127180
2020-11-19 23:06:40,103 [9f966428-d7f2-4238-96c8-d38b7223cc05@group-B82672A8DD5C-SegmentedRaftLogWorker] INFO  segmented.SegmentedRaftLogWorker (SegmentedRaftLogWorker.java:run(327)) - 9f966428-d7f2-4238-96c8-d38b7223cc05@group-B82672A8DD5C-SegmentedRaftLogWorker was interrupted, exiting. There are 0 tasks remaining in the queue.
2020-11-19 23:06:40,103 [Listener at 127.0.0.1/37889] INFO  metrics.RatisMetrics (RatisMetrics.java:unregister(43)) - Unregistering Metrics Registry : ratis.server.c6fe9ef3-e456-496a-88a6-7c1d0439fa73@group-8F388B127180
2020-11-19 23:06:40,104 [ForkJoinPool.commonPool-worker-1] INFO  segmented.SegmentedRaftLogWorker (SegmentedRaftLogWorker.java:close(234)) - 9f966428-d7f2-4238-96c8-d38b7223cc05@group-B82672A8DD5C-SegmentedRaftLogWorker close()
2020-11-19 23:06:40,105 [ForkJoinPool.commonPool-worker-1] INFO  metrics.RatisMetrics (RatisMetrics.java:unregister(43)) - Unregistering Metrics Registry : ratis.log_worker.9f966428-d7f2-4238-96c8-d38b7223cc05@group-B82672A8DD5C
2020-11-19 23:06:40,106 [ForkJoinPool.commonPool-worker-1] INFO  metrics.RatisMetrics (RatisMetrics.java:unregister(43)) - Unregistering Metrics Registry : ratis.leader_election.9f966428-d7f2-4238-96c8-d38b7223cc05@group-B82672A8DD5C
2020-11-19 23:06:40,106 [ForkJoinPool.commonPool-worker-1] INFO  metrics.RatisMetrics (RatisMetrics.java:unregister(43)) - Unregistering Metrics Registry : ratis.server.9f966428-d7f2-4238-96c8-d38b7223cc05@group-B82672A8DD5C
2020-11-19 23:06:40,106 [ForkJoinPool.commonPool-worker-1] INFO  server.GrpcService (GrpcService.java:closeImpl(183)) - 9f966428-d7f2-4238-96c8-d38b7223cc05: shutdown server with port 38281 now
2020-11-19 23:06:40,107 [Listener at 127.0.0.1/37889] INFO  server.GrpcService (GrpcService.java:closeImpl(183)) - c6fe9ef3-e456-496a-88a6-7c1d0439fa73: shutdown server with port 46487 now
2020-11-19 23:06:40,115 [grpc-default-executor-4] WARN  server.GrpcServerProtocolService (LogUtils.java:warn(122)) - c6fe9ef3-e456-496a-88a6-7c1d0439fa73: installSnapshot onError, lastRequest: 67c52a13-b7bf-4abc-b54b-1f6b70eea5b8->c6fe9ef3-e456-496a-88a6-7c1d0439fa73#1-t1, previous=(t:0, i:0), leaderCommit=0, initializing? false, entries: size=1, first=(t:1, i:0), CONFIGURATIONENTRY: org.apache.ratis.thirdparty.io.grpc.StatusRuntimeException: CANCELLED: cancelled before receiving half close
2020-11-19 23:06:40,116 [grpc-default-executor-4] WARN  server.GrpcLogAppender (LogUtils.java:warn(122)) - 67c52a13-b7bf-4abc-b54b-1f6b70eea5b8@group-9F0F3335C145->c6fe9ef3-e456-496a-88a6-7c1d0439fa73-AppendLogResponseHandler: Failed appendEntries: org.apache.ratis.thirdparty.io.grpc.StatusRuntimeException: CANCELLED: HTTP/2 error code: CANCEL
Received Rst Stream
2020-11-19 23:06:40,116 [grpc-default-executor-4] WARN  server.GrpcLogAppender (GrpcLogAppender.java:resetClient(107)) - 67c52a13-b7bf-4abc-b54b-1f6b70eea5b8@group-9F0F3335C145->c6fe9ef3-e456-496a-88a6-7c1d0439fa73-GrpcLogAppender: Leader has not got in touch with Follower 67c52a13-b7bf-4abc-b54b-1f6b70eea5b8@group-9F0F3335C145->c6fe9ef3-e456-496a-88a6-7c1d0439fa73(c0,m0,n1, attendVote=true, lastRpcSendTime=2378, lastRpcResponseTime=2376) yet, just keep nextIndex unchanged and retry.
2020-11-19 23:06:40,117 [Listener at 127.0.0.1/37889] INFO  server.GrpcService (GrpcService.java:closeImpl(191)) - c6fe9ef3-e456-496a-88a6-7c1d0439fa73: shutdown server with port 46487 successfully
2020-11-19 23:06:40,118 [ForkJoinPool.commonPool-worker-1] INFO  server.GrpcService (GrpcService.java:closeImpl(191)) - 9f966428-d7f2-4238-96c8-d38b7223cc05: shutdown server with port 38281 successfully
2020-11-19 23:06:40,121 [Listener at 127.0.0.1/37889] INFO  utils.BackgroundService (BackgroundService.java:shutdown(132)) - Shutting down service BlockDeletingService
2020-11-19 23:06:40,122 [ForkJoinPool.commonPool-worker-1] INFO  utils.BackgroundService (BackgroundService.java:shutdown(132)) - Shutting down service BlockDeletingService
2020-11-19 23:06:40,125 [ForkJoinPool.commonPool-worker-1] INFO  statemachine.DatanodeStateMachine (DatanodeStateMachine.java:stopDaemon(459)) - Ozone container server stopped.
2020-11-19 23:06:40,133 [Listener at 127.0.0.1/37889] INFO  statemachine.DatanodeStateMachine (DatanodeStateMachine.java:stopDaemon(459)) - Ozone container server stopped.
2020-11-19 23:06:40,139 [ForkJoinPool.commonPool-worker-1] INFO  handler.ContextHandler (ContextHandler.java:doStop(1154)) - Stopped o.e.j.w.WebAppContext@3575b8c0{hddsDatanode,/,null,STOPPED}{jar:file:/home/user/.m2/repository/org/apache/hadoop/hadoop-hdds-container-service/1.1.0-SNAPSHOT/hadoop-hdds-container-service-1.1.0-SNAPSHOT.jar!/webapps/hddsDatanode}
2020-11-19 23:06:40,139 [ForkJoinPool.commonPool-worker-1] INFO  server.AbstractConnector (AbstractConnector.java:doStop(381)) - Stopped ServerConnector@5e874928{HTTP/1.1, (http/1.1)}{0.0.0.0:0}
2020-11-19 23:06:40,140 [ForkJoinPool.commonPool-worker-1] INFO  server.session (HouseKeeper.java:stopScavenging(149)) - node0 Stopped scavenging
2020-11-19 23:06:40,140 [ForkJoinPool.commonPool-worker-1] INFO  handler.ContextHandler (ContextHandler.java:doStop(1154)) - Stopped o.e.j.s.ServletContextHandler@127963ab{static,/static,jar:file:/home/user/.m2/repository/org/apache/hadoop/hadoop-hdds-container-service/1.1.0-SNAPSHOT/hadoop-hdds-container-service-1.1.0-SNAPSHOT.jar!/webapps/static,STOPPED}
2020-11-19 23:06:40,141 [ForkJoinPool.commonPool-worker-1] INFO  handler.ContextHandler (ContextHandler.java:doStop(1154)) - Stopped o.e.j.s.ServletContextHandler@6a13933d{logs,/logs,file:///github/workspace/mnt/ozone/hadoop-ozone/integration-test/target/log,STOPPED}
2020-11-19 23:06:40,147 [Listener at 127.0.0.1/37889] INFO  handler.ContextHandler (ContextHandler.java:doStop(1154)) - Stopped o.e.j.w.WebAppContext@3a5ce76e{hddsDatanode,/,null,STOPPED}{jar:file:/home/user/.m2/repository/org/apache/hadoop/hadoop-hdds-container-service/1.1.0-SNAPSHOT/hadoop-hdds-container-service-1.1.0-SNAPSHOT.jar!/webapps/hddsDatanode}
2020-11-19 23:06:40,148 [Listener at 127.0.0.1/37889] INFO  server.AbstractConnector (AbstractConnector.java:doStop(381)) - Stopped ServerConnector@7321fb34{HTTP/1.1, (http/1.1)}{0.0.0.0:0}
2020-11-19 23:06:40,148 [Listener at 127.0.0.1/37889] INFO  server.session (HouseKeeper.java:stopScavenging(149)) - node0 Stopped scavenging
2020-11-19 23:06:40,149 [Listener at 127.0.0.1/37889] INFO  handler.ContextHandler (ContextHandler.java:doStop(1154)) - Stopped o.e.j.s.ServletContextHandler@3cd515c8{static,/static,jar:file:/home/user/.m2/repository/org/apache/hadoop/hadoop-hdds-container-service/1.1.0-SNAPSHOT/hadoop-hdds-container-service-1.1.0-SNAPSHOT.jar!/webapps/static,STOPPED}
2020-11-19 23:06:40,149 [Listener at 127.0.0.1/37889] INFO  handler.ContextHandler (ContextHandler.java:doStop(1154)) - Stopped o.e.j.s.ServletContextHandler@505a4d16{logs,/logs,file:///github/workspace/mnt/ozone/hadoop-ozone/integration-test/target/log,STOPPED}
2020-11-19 23:06:40,243 [grpc-default-executor-4] WARN  server.GrpcLogAppender (LogUtils.java:warn(122)) - 67c52a13-b7bf-4abc-b54b-1f6b70eea5b8@group-9F0F3335C145->c6fe9ef3-e456-496a-88a6-7c1d0439fa73-AppendLogResponseHandler: Failed appendEntries: org.apache.ratis.thirdparty.io.grpc.StatusRuntimeException: UNAVAILABLE: io exception
2020-11-19 23:06:40,243 [grpc-default-executor-4] WARN  server.GrpcLogAppender (GrpcLogAppender.java:resetClient(107)) - 67c52a13-b7bf-4abc-b54b-1f6b70eea5b8@group-9F0F3335C145->c6fe9ef3-e456-496a-88a6-7c1d0439fa73-GrpcLogAppender: Leader has not got in touch with Follower 67c52a13-b7bf-4abc-b54b-1f6b70eea5b8@group-9F0F3335C145->c6fe9ef3-e456-496a-88a6-7c1d0439fa73(c0,m0,n1, attendVote=true, lastRpcSendTime=1, lastRpcResponseTime=2503) yet, just keep nextIndex unchanged and retry.
2020-11-19 23:06:41,013 [Datanode State Machine Thread - 0] INFO  statemachine.DatanodeStateMachine (DatanodeStateMachine.java:lambda$startDaemon$0(406)) - Ozone container server started.
2020-11-19 23:06:41,136 [Datanode State Machine Thread - 0] INFO  statemachine.DatanodeStateMachine (DatanodeStateMachine.java:lambda$startDaemon$0(406)) - Ozone container server started.
2020-11-19 23:06:42,744 [grpc-default-executor-4] WARN  server.GrpcLogAppender (LogUtils.java:warn(122)) - 67c52a13-b7bf-4abc-b54b-1f6b70eea5b8@group-9F0F3335C145->c6fe9ef3-e456-496a-88a6-7c1d0439fa73-AppendLogResponseHandler: Failed appendEntries: org.apache.ratis.thirdparty.io.grpc.StatusRuntimeException: UNAVAILABLE: io exception
2020-11-19 23:06:42,745 [grpc-default-executor-4] WARN  server.GrpcLogAppender (GrpcLogAppender.java:resetClient(107)) - 67c52a13-b7bf-4abc-b54b-1f6b70eea5b8@group-9F0F3335C145->c6fe9ef3-e456-496a-88a6-7c1d0439fa73-GrpcLogAppender: Leader has not got in touch with Follower 67c52a13-b7bf-4abc-b54b-1f6b70eea5b8@group-9F0F3335C145->c6fe9ef3-e456-496a-88a6-7c1d0439fa73(c0,m0,n1, attendVote=true, lastRpcSendTime=1, lastRpcResponseTime=5005) yet, just keep nextIndex unchanged and retry.
2020-11-19 23:06:44,930 [Thread-620] INFO  impl.FollowerState (FollowerState.java:run(108)) - 6bf896dc-0c7e-47aa-8e27-893b368c36c3@group-B82672A8DD5C-FollowerState: change to CANDIDATE, lastRpcTime:5215ms, electionTimeout:5076ms
2020-11-19 23:06:44,931 [Thread-620] INFO  impl.RoleInfo (RoleInfo.java:shutdownFollowerState(121)) - 6bf896dc-0c7e-47aa-8e27-893b368c36c3: shutdown FollowerState
2020-11-19 23:06:44,931 [Thread-620] INFO  impl.RaftServerImpl (RaftServerImpl.java:setRole(198)) - 6bf896dc-0c7e-47aa-8e27-893b368c36c3@group-B82672A8DD5C: changes role from  FOLLOWER to CANDIDATE at term 1 for changeToCandidate
2020-11-19 23:06:44,931 [Thread-620] INFO  impl.RoleInfo (RoleInfo.java:updateAndGet(143)) - 6bf896dc-0c7e-47aa-8e27-893b368c36c3: start LeaderElection
2020-11-19 23:06:44,931 [6bf896dc-0c7e-47aa-8e27-893b368c36c3@group-B82672A8DD5C-LeaderElection22] INFO  impl.RaftServerImpl (ServerState.java:setLeader(256)) - 6bf896dc-0c7e-47aa-8e27-893b368c36c3@group-B82672A8DD5C: change Leader from 9f966428-d7f2-4238-96c8-d38b7223cc05 to null at term 1 for initElection
2020-11-19 23:06:44,936 [6bf896dc-0c7e-47aa-8e27-893b368c36c3@group-B82672A8DD5C-LeaderElection22] INFO  impl.LeaderElection (LeaderElection.java:askForVotes(210)) - 6bf896dc-0c7e-47aa-8e27-893b368c36c3@group-B82672A8DD5C-LeaderElection22: begin an election at term 2 for 0: [9f966428-d7f2-4238-96c8-d38b7223cc05:172.17.0.2:38281:0, 6bf896dc-0c7e-47aa-8e27-893b368c36c3:172.17.0.2:45367:0, 961b22ad-a322-4351-a83b-55dc9b155106:172.17.0.2:46253:0], old=null
2020-11-19 23:06:44,940 [6bf896dc-0c7e-47aa-8e27-893b368c36c3@group-B82672A8DD5C-LeaderElection22] INFO  impl.LeaderElection (LogUtils.java:infoOrTrace(137)) - 6bf896dc-0c7e-47aa-8e27-893b368c36c3@group-B82672A8DD5C-LeaderElection22 got exception when requesting votes: java.util.concurrent.ExecutionException: org.apache.ratis.thirdparty.io.grpc.StatusRuntimeException: UNAVAILABLE: io exception
2020-11-19 23:06:44,944 [grpc-default-executor-4] INFO  impl.RaftServerImpl (ServerState.java:setLeader(256)) - 961b22ad-a322-4351-a83b-55dc9b155106@group-B82672A8DD5C: change Leader from 9f966428-d7f2-4238-96c8-d38b7223cc05 to null at term 2 for updateCurrentTerm
2020-11-19 23:06:44,945 [grpc-default-executor-4] INFO  impl.RaftServerImpl (RaftServerImpl.java:setRole(198)) - 961b22ad-a322-4351-a83b-55dc9b155106@group-B82672A8DD5C: changes role from  FOLLOWER to FOLLOWER at term 2 for recognizeCandidate:6bf896dc-0c7e-47aa-8e27-893b368c36c3
2020-11-19 23:06:44,945 [grpc-default-executor-4] INFO  impl.RoleInfo (RoleInfo.java:shutdownFollowerState(121)) - 961b22ad-a322-4351-a83b-55dc9b155106: shutdown FollowerState
2020-11-19 23:06:44,945 [grpc-default-executor-4] INFO  impl.RoleInfo (RoleInfo.java:updateAndGet(143)) - 961b22ad-a322-4351-a83b-55dc9b155106: start FollowerState
2020-11-19 23:06:44,945 [grpc-default-executor-4] INFO  impl.RaftServerImpl (RaftServerImpl.java:requestVote(923)) -  FOLLOWER 961b22ad-a322-4351-a83b-55dc9b155106@group-B82672A8DD5C:t2, leader=null, voted=null, raftlog=961b22ad-a322-4351-a83b-55dc9b155106@group-B82672A8DD5C-SegmentedRaftLog:OPENED:c0,f0,i0, conf=0: [9f966428-d7f2-4238-96c8-d38b7223cc05:172.17.0.2:38281:0, 6bf896dc-0c7e-47aa-8e27-893b368c36c3:172.17.0.2:45367:0, 961b22ad-a322-4351-a83b-55dc9b155106:172.17.0.2:46253:0], old=null RUNNING priority:0 candidate:6bf896dc-0c7e-47aa-8e27-893b368c36c3:172.17.0.2:45367:0 candidatePriority:0 compare:0
2020-11-19 23:06:44,946 [Thread-623] INFO  impl.FollowerState (FollowerState.java:run(117)) - 961b22ad-a322-4351-a83b-55dc9b155106@group-B82672A8DD5C-FollowerState was interrupted: java.lang.InterruptedException: sleep interrupted
2020-11-19 23:06:44,949 [6bf896dc-0c7e-47aa-8e27-893b368c36c3@group-B82672A8DD5C-LeaderElection22] INFO  impl.LeaderElection (LeaderElection.java:logAndReturn(62)) - 6bf896dc-0c7e-47aa-8e27-893b368c36c3@group-B82672A8DD5C-LeaderElection22: Election PASSED; received 1 response(s) [6bf896dc-0c7e-47aa-8e27-893b368c36c3<-961b22ad-a322-4351-a83b-55dc9b155106#0:OK-t2] and 1 exception(s); 6bf896dc-0c7e-47aa-8e27-893b368c36c3@group-B82672A8DD5C:t2, leader=null, voted=6bf896dc-0c7e-47aa-8e27-893b368c36c3, raftlog=6bf896dc-0c7e-47aa-8e27-893b368c36c3@group-B82672A8DD5C-SegmentedRaftLog:OPENED:c0,f0,i0, conf=0: [9f966428-d7f2-4238-96c8-d38b7223cc05:172.17.0.2:38281:0, 6bf896dc-0c7e-47aa-8e27-893b368c36c3:172.17.0.2:45367:0, 961b22ad-a322-4351-a83b-55dc9b155106:172.17.0.2:46253:0], old=null
2020-11-19 23:06:44,950 [6bf896dc-0c7e-47aa-8e27-893b368c36c3@group-B82672A8DD5C-LeaderElection22] INFO  impl.LeaderElection (LogUtils.java:infoOrTrace(137)) -   Exception 0: java.util.concurrent.ExecutionException: org.apache.ratis.thirdparty.io.grpc.StatusRuntimeException: UNAVAILABLE: io exception
2020-11-19 23:06:44,950 [6bf896dc-0c7e-47aa-8e27-893b368c36c3@group-B82672A8DD5C-LeaderElection22] INFO  impl.RoleInfo (RoleInfo.java:shutdownLeaderElection(134)) - 6bf896dc-0c7e-47aa-8e27-893b368c36c3: shutdown LeaderElection
2020-11-19 23:06:44,952 [6bf896dc-0c7e-47aa-8e27-893b368c36c3@group-B82672A8DD5C-LeaderElection22] INFO  impl.RaftServerImpl (RaftServerImpl.java:setRole(198)) - 6bf896dc-0c7e-47aa-8e27-893b368c36c3@group-B82672A8DD5C: changes role from CANDIDATE to LEADER at term 2 for changeToLeader
2020-11-19 23:06:44,952 [6bf896dc-0c7e-47aa-8e27-893b368c36c3@group-B82672A8DD5C-LeaderElection22] INFO  ratis.XceiverServerRatis (XceiverServerRatis.java:handleLeaderChangedNotification(854)) - Leader change notification received for group: group-B82672A8DD5C with new leaderId: 6bf896dc-0c7e-47aa-8e27-893b368c36c3
2020-11-19 23:06:44,952 [6bf896dc-0c7e-47aa-8e27-893b368c36c3@group-B82672A8DD5C-LeaderElection22] INFO  impl.RaftServerImpl (ServerState.java:setLeader(256)) - 6bf896dc-0c7e-47aa-8e27-893b368c36c3@group-B82672A8DD5C: change Leader from null to 6bf896dc-0c7e-47aa-8e27-893b368c36c3 at term 2 for becomeLeader, leader elected after 20ms
2020-11-19 23:06:44,952 [6bf896dc-0c7e-47aa-8e27-893b368c36c3@group-B82672A8DD5C-LeaderElection22] INFO  server.RaftServerConfigKeys (ConfUtils.java:logGet(44)) - raft.server.staging.catchup.gap = 1000 (default)
2020-11-19 23:06:44,952 [6bf896dc-0c7e-47aa-8e27-893b368c36c3@group-B82672A8DD5C-LeaderElection22] INFO  server.RaftServerConfigKeys (ConfUtils.java:logGet(44)) - raft.server.rpc.sleep.time = 25ms (default)
2020-11-19 23:06:44,952 [6bf896dc-0c7e-47aa-8e27-893b368c36c3@group-B82672A8DD5C-LeaderElection22] INFO  metrics.RatisMetrics (RatisMetrics.java:lambda$create$0(36)) - Creating Metrics Registry : ratis.log_appender.6bf896dc-0c7e-47aa-8e27-893b368c36c3@group-B82672A8DD5C
2020-11-19 23:06:44,952 [6bf896dc-0c7e-47aa-8e27-893b368c36c3@group-B82672A8DD5C-LeaderElection22] INFO  server.RaftServerConfigKeys (ConfUtils.java:logGet(44)) - raft.server.write.element-limit = 1024 (custom)
2020-11-19 23:06:44,953 [6bf896dc-0c7e-47aa-8e27-893b368c36c3@group-B82672A8DD5C-LeaderElection22] INFO  server.RaftServerConfigKeys (ConfUtils.java:logGet(44)) - raft.server.write.byte-limit = 1073741824 (custom)
2020-11-19 23:06:44,953 [6bf896dc-0c7e-47aa-8e27-893b368c36c3@group-B82672A8DD5C-LeaderElection22] INFO  server.RaftServerConfigKeys (ConfUtils.java:logGet(44)) - raft.server.watch.timeout = 180s (custom)
2020-11-19 23:06:44,953 [6bf896dc-0c7e-47aa-8e27-893b368c36c3@group-B82672A8DD5C-LeaderElection22] INFO  server.RaftServerConfigKeys (ConfUtils.java:logGet(44)) - raft.server.watch.timeout.denomination = 1s (default)
2020-11-19 23:06:44,953 [6bf896dc-0c7e-47aa-8e27-893b368c36c3@group-B82672A8DD5C-LeaderElection22] INFO  server.RaftServerConfigKeys (ConfUtils.java:logGet(44)) - raft.server.watch.element-limit = 65536 (default)
2020-11-19 23:06:44,953 [6bf896dc-0c7e-47aa-8e27-893b368c36c3@group-B82672A8DD5C-LeaderElection22] INFO  server.RaftServerConfigKeys (ConfUtils.java:logGet(44)) - raft.server.log.appender.snapshot.chunk.size.max = 16MB (=16777216) (default)
2020-11-19 23:06:44,953 [6bf896dc-0c7e-47aa-8e27-893b368c36c3@group-B82672A8DD5C-LeaderElection22] INFO  server.RaftServerConfigKeys (ConfUtils.java:logGet(44)) - raft.server.log.appender.buffer.byte-limit = 33554432 (custom)
2020-11-19 23:06:44,953 [6bf896dc-0c7e-47aa-8e27-893b368c36c3@group-B82672A8DD5C-LeaderElection22] INFO  server.RaftServerConfigKeys (ConfUtils.java:logGet(44)) - raft.server.log.appender.buffer.element-limit = 1 (custom)
2020-11-19 23:06:44,954 [6bf896dc-0c7e-47aa-8e27-893b368c36c3@group-B82672A8DD5C-LeaderElection22] INFO  grpc.GrpcConfigKeys (ConfUtils.java:logGet(44)) - raft.grpc.server.leader.outstanding.appends.max = 128 (default)
2020-11-19 23:06:44,954 [6bf896dc-0c7e-47aa-8e27-893b368c36c3@group-B82672A8DD5C-LeaderElection22] INFO  server.RaftServerConfigKeys (ConfUtils.java:logGet(44)) - raft.server.rpc.request.timeout = 60s (custom)
2020-11-19 23:06:44,954 [6bf896dc-0c7e-47aa-8e27-893b368c36c3@group-B82672A8DD5C-LeaderElection22] INFO  server.RaftServerConfigKeys (ConfUtils.java:logGet(44)) - raft.server.log.appender.install.snapshot.enabled = false (custom)
2020-11-19 23:06:44,954 [6bf896dc-0c7e-47aa-8e27-893b368c36c3@group-B82672A8DD5C-LeaderElection22] INFO  metrics.RatisMetrics (RatisMetrics.java:lambda$create$0(36)) - Creating Metrics Registry : ratis_grpc.log_appender.6bf896dc-0c7e-47aa-8e27-893b368c36c3@group-B82672A8DD5C
2020-11-19 23:06:44,955 [6bf896dc-0c7e-47aa-8e27-893b368c36c3@group-B82672A8DD5C-LeaderElection22] INFO  server.RaftServerConfigKeys (ConfUtils.java:logGet(44)) - raft.server.log.appender.snapshot.chunk.size.max = 16MB (=16777216) (default)
2020-11-19 23:06:44,955 [6bf896dc-0c7e-47aa-8e27-893b368c36c3@group-B82672A8DD5C-LeaderElection22] INFO  server.RaftServerConfigKeys (ConfUtils.java:logGet(44)) - raft.server.log.appender.buffer.byte-limit = 33554432 (custom)
2020-11-19 23:06:44,955 [6bf896dc-0c7e-47aa-8e27-893b368c36c3@group-B82672A8DD5C-LeaderElection22] INFO  server.RaftServerConfigKeys (ConfUtils.java:logGet(44)) - raft.server.log.appender.buffer.element-limit = 1 (custom)
2020-11-19 23:06:44,956 [6bf896dc-0c7e-47aa-8e27-893b368c36c3@group-B82672A8DD5C-LeaderElection22] INFO  grpc.GrpcConfigKeys (ConfUtils.java:logGet(44)) - raft.grpc.server.leader.outstanding.appends.max = 128 (default)
2020-11-19 23:06:44,956 [6bf896dc-0c7e-47aa-8e27-893b368c36c3@group-B82672A8DD5C-LeaderElection22] INFO  server.RaftServerConfigKeys (ConfUtils.java:logGet(44)) - raft.server.rpc.request.timeout = 60s (custom)
2020-11-19 23:06:44,956 [6bf896dc-0c7e-47aa-8e27-893b368c36c3@group-B82672A8DD5C-LeaderElection22] INFO  server.RaftServerConfigKeys (ConfUtils.java:logGet(44)) - raft.server.log.appender.install.snapshot.enabled = false (custom)
2020-11-19 23:06:44,957 [6bf896dc-0c7e-47aa-8e27-893b368c36c3@group-B82672A8DD5C-LeaderElection22] INFO  impl.RoleInfo (RoleInfo.java:updateAndGet(143)) - 6bf896dc-0c7e-47aa-8e27-893b368c36c3: start LeaderState
2020-11-19 23:06:44,957 [6bf896dc-0c7e-47aa-8e27-893b368c36c3@group-B82672A8DD5C-LeaderElection22] INFO  segmented.SegmentedRaftLogWorker (SegmentedRaftLogWorker.java:rollLogSegment(402)) - 6bf896dc-0c7e-47aa-8e27-893b368c36c3@group-B82672A8DD5C-SegmentedRaftLogWorker: Rolling segment log-0_0 to index:0
2020-11-19 23:06:44,959 [6bf896dc-0c7e-47aa-8e27-893b368c36c3@group-B82672A8DD5C-SegmentedRaftLogWorker] INFO  segmented.SegmentedRaftLogWorker (SegmentedRaftLogWorker.java:execute(553)) - 6bf896dc-0c7e-47aa-8e27-893b368c36c3@group-B82672A8DD5C-SegmentedRaftLogWorker: Rolled log segment from /github/workspace/mnt/ozone/hadoop-ozone/integration-test/target/test-dir/MiniOzoneClusterImpl-f63f6e49-a519-49d7-bac2-b5e85396f7e3/datanode-2/data/ratis/fdc5f4db-202c-4d59-af6b-b82672a8dd5c/current/log_inprogress_0 to /github/workspace/mnt/ozone/hadoop-ozone/integration-test/target/test-dir/MiniOzoneClusterImpl-f63f6e49-a519-49d7-bac2-b5e85396f7e3/datanode-2/data/ratis/fdc5f4db-202c-4d59-af6b-b82672a8dd5c/current/log_0-0
2020-11-19 23:06:44,966 [6bf896dc-0c7e-47aa-8e27-893b368c36c3@group-B82672A8DD5C-SegmentedRaftLogWorker] INFO  segmented.SegmentedRaftLogWorker (SegmentedRaftLogWorker.java:execute(596)) - 6bf896dc-0c7e-47aa-8e27-893b368c36c3@group-B82672A8DD5C-SegmentedRaftLogWorker: created new log segment /github/workspace/mnt/ozone/hadoop-ozone/integration-test/target/test-dir/MiniOzoneClusterImpl-f63f6e49-a519-49d7-bac2-b5e85396f7e3/datanode-2/data/ratis/fdc5f4db-202c-4d59-af6b-b82672a8dd5c/current/log_inprogress_1
2020-11-19 23:06:44,973 [grpc-default-executor-4] WARN  server.GrpcLogAppender (LogUtils.java:warn(122)) - 6bf896dc-0c7e-47aa-8e27-893b368c36c3@group-B82672A8DD5C->9f966428-d7f2-4238-96c8-d38b7223cc05-AppendLogResponseHandler: Failed appendEntries: org.apache.ratis.thirdparty.io.grpc.StatusRuntimeException: UNAVAILABLE: io exception
2020-11-19 23:06:44,974 [grpc-default-executor-4] WARN  server.GrpcLogAppender (GrpcLogAppender.java:resetClient(107)) - 6bf896dc-0c7e-47aa-8e27-893b368c36c3@group-B82672A8DD5C->9f966428-d7f2-4238-96c8-d38b7223cc05-GrpcLogAppender: Leader has not got in touch with Follower 6bf896dc-0c7e-47aa-8e27-893b368c36c3@group-B82672A8DD5C->9f966428-d7f2-4238-96c8-d38b7223cc05(c-1,m0,n2, attendVote=true, lastRpcSendTime=3, lastRpcResponseTime=5220) yet, just keep nextIndex unchanged and retry.
2020-11-19 23:06:44,973 [6bf896dc-0c7e-47aa-8e27-893b368c36c3@group-B82672A8DD5C-LeaderElection22] INFO  impl.RaftServerImpl (ServerState.java:setRaftConf(374)) - 6bf896dc-0c7e-47aa-8e27-893b368c36c3@group-B82672A8DD5C: set configuration 1: [9f966428-d7f2-4238-96c8-d38b7223cc05:172.17.0.2:38281:0, 6bf896dc-0c7e-47aa-8e27-893b368c36c3:172.17.0.2:45367:0, 961b22ad-a322-4351-a83b-55dc9b155106:172.17.0.2:46253:0], old=null at 1
2020-11-19 23:06:44,981 [grpc-default-executor-1] INFO  ratis.XceiverServerRatis (XceiverServerRatis.java:handleLeaderChangedNotification(854)) - Leader change notification received for group: group-B82672A8DD5C with new leaderId: 6bf896dc-0c7e-47aa-8e27-893b368c36c3
2020-11-19 23:06:44,981 [grpc-default-executor-1] INFO  impl.RaftServerImpl (ServerState.java:setLeader(256)) - 961b22ad-a322-4351-a83b-55dc9b155106@group-B82672A8DD5C: change Leader from null to 6bf896dc-0c7e-47aa-8e27-893b368c36c3 at term 2 for appendEntries, leader elected after 36ms
2020-11-19 23:06:44,982 [grpc-default-executor-1] INFO  impl.RaftServerImpl (ServerState.java:setRaftConf(374)) - 961b22ad-a322-4351-a83b-55dc9b155106@group-B82672A8DD5C: set configuration 1: [9f966428-d7f2-4238-96c8-d38b7223cc05:172.17.0.2:38281:0, 6bf896dc-0c7e-47aa-8e27-893b368c36c3:172.17.0.2:45367:0, 961b22ad-a322-4351-a83b-55dc9b155106:172.17.0.2:46253:0], old=null at 1
2020-11-19 23:06:44,982 [grpc-default-executor-1] INFO  segmented.SegmentedRaftLogWorker (SegmentedRaftLogWorker.java:rollLogSegment(402)) - 961b22ad-a322-4351-a83b-55dc9b155106@group-B82672A8DD5C-SegmentedRaftLogWorker: Rolling segment log-0_0 to index:0
2020-11-19 23:06:44,983 [961b22ad-a322-4351-a83b-55dc9b155106@group-B82672A8DD5C-SegmentedRaftLogWorker] INFO  segmented.SegmentedRaftLogWorker (SegmentedRaftLogWorker.java:execute(553)) - 961b22ad-a322-4351-a83b-55dc9b155106@group-B82672A8DD5C-SegmentedRaftLogWorker: Rolled log segment from /github/workspace/mnt/ozone/hadoop-ozone/integration-test/target/test-dir/MiniOzoneClusterImpl-f63f6e49-a519-49d7-bac2-b5e85396f7e3/datanode-0/data/ratis/fdc5f4db-202c-4d59-af6b-b82672a8dd5c/current/log_inprogress_0 to /github/workspace/mnt/ozone/hadoop-ozone/integration-test/target/test-dir/MiniOzoneClusterImpl-f63f6e49-a519-49d7-bac2-b5e85396f7e3/datanode-0/data/ratis/fdc5f4db-202c-4d59-af6b-b82672a8dd5c/current/log_0-0
2020-11-19 23:06:44,984 [961b22ad-a322-4351-a83b-55dc9b155106@group-B82672A8DD5C-SegmentedRaftLogWorker] INFO  segmented.SegmentedRaftLogWorker (SegmentedRaftLogWorker.java:execute(596)) - 961b22ad-a322-4351-a83b-55dc9b155106@group-B82672A8DD5C-SegmentedRaftLogWorker: created new log segment /github/workspace/mnt/ozone/hadoop-ozone/integration-test/target/test-dir/MiniOzoneClusterImpl-f63f6e49-a519-49d7-bac2-b5e85396f7e3/datanode-0/data/ratis/fdc5f4db-202c-4d59-af6b-b82672a8dd5c/current/log_inprogress_1
2020-11-19 23:06:44,988 [grpc-default-executor-1] WARN  server.GrpcLogAppender (LogUtils.java:warn(122)) - 6bf896dc-0c7e-47aa-8e27-893b368c36c3@group-B82672A8DD5C->9f966428-d7f2-4238-96c8-d38b7223cc05-AppendLogResponseHandler: Failed appendEntries: org.apache.ratis.thirdparty.io.grpc.StatusRuntimeException: UNAVAILABLE: io exception
2020-11-19 23:06:44,989 [grpc-default-executor-1] WARN  server.GrpcLogAppender (GrpcLogAppender.java:resetClient(107)) - 6bf896dc-0c7e-47aa-8e27-893b368c36c3@group-B82672A8DD5C->9f966428-d7f2-4238-96c8-d38b7223cc05-GrpcLogAppender: Leader has not got in touch with Follower 6bf896dc-0c7e-47aa-8e27-893b368c36c3@group-B82672A8DD5C->9f966428-d7f2-4238-96c8-d38b7223cc05(c-1,m0,n3, attendVote=true, lastRpcSendTime=1, lastRpcResponseTime=5235) yet, just keep nextIndex unchanged and retry.
2020-11-19 23:06:45,144 [ForkJoinPool.commonPool-worker-1] INFO  ozoneimpl.OzoneContainer (OzoneContainer.java:stop(257)) - Attempting to stop container services.
2020-11-19 23:06:45,144 [ForkJoinPool.commonPool-worker-1] INFO  impl.RaftServerProxy (RaftServerProxy.java:lambda$close$4(322)) - 6bf896dc-0c7e-47aa-8e27-893b368c36c3: close
2020-11-19 23:06:45,144 [ForkJoinPool.commonPool-worker-1] INFO  impl.RaftServerImpl (RaftServerImpl.java:lambda$shutdown$3(321)) - 6bf896dc-0c7e-47aa-8e27-893b368c36c3@group-FC1E27C19D57: shutdown
2020-11-19 23:06:45,145 [ForkJoinPool.commonPool-worker-1] INFO  util.JmxRegister (JmxRegister.java:unregister(73)) - Successfully un-registered JMX Bean with object name Ratis:service=RaftServer,group=group-FC1E27C19D57,id=6bf896dc-0c7e-47aa-8e27-893b368c36c3
2020-11-19 23:06:45,145 [ForkJoinPool.commonPool-worker-1] INFO  impl.RoleInfo (RoleInfo.java:shutdownLeaderState(104)) - 6bf896dc-0c7e-47aa-8e27-893b368c36c3: shutdown LeaderState
2020-11-19 23:06:45,145 [ForkJoinPool.commonPool-worker-1] INFO  impl.PendingRequests (PendingRequests.java:sendNotLeaderResponses(249)) - 6bf896dc-0c7e-47aa-8e27-893b368c36c3@group-FC1E27C19D57-PendingRequests: sendNotLeaderResponses
2020-11-19 23:06:45,147 [ForkJoinPool.commonPool-worker-1] INFO  metrics.RatisMetrics (RatisMetrics.java:unregister(43)) - Unregistering Metrics Registry : ratis.log_appender.6bf896dc-0c7e-47aa-8e27-893b368c36c3@group-FC1E27C19D57
2020-11-19 23:06:45,148 [ForkJoinPool.commonPool-worker-1] INFO  metrics.RatisMetrics (RatisMetrics.java:unregister(43)) - Unregistering Metrics Registry : ratis.server.6bf896dc-0c7e-47aa-8e27-893b368c36c3@group-FC1E27C19D57
2020-11-19 23:06:45,149 [6bf896dc-0c7e-47aa-8e27-893b368c36c3@group-FC1E27C19D57-StateMachineUpdater] INFO  ratis.ContainerStateMachine (ContainerStateMachine.java:takeSnapshot(293)) - group-FC1E27C19D57: Taking a snapshot at:(t:1, i:10) file /github/workspace/mnt/ozone/hadoop-ozone/integration-test/target/test-dir/MiniOzoneClusterImpl-f63f6e49-a519-49d7-bac2-b5e85396f7e3/datanode-2/data/ratis/5b4b05b8-f670-4c35-94ff-fc1e27c19d57/sm/snapshot.1_10
2020-11-19 23:06:45,149 [ForkJoinPool.commonPool-worker-1] INFO  impl.StateMachineUpdater (StateMachineUpdater.java:stopAndJoin(142)) - 6bf896dc-0c7e-47aa-8e27-893b368c36c3@group-FC1E27C19D57-StateMachineUpdater: set stopIndex = 10
2020-11-19 23:06:45,150 [6bf896dc-0c7e-47aa-8e27-893b368c36c3@group-FC1E27C19D57-StateMachineUpdater] INFO  ratis.ContainerStateMachine (ContainerStateMachine.java:takeSnapshot(304)) - group-FC1E27C19D57: Finished taking a snapshot at:(t:1, i:10) file:/github/workspace/mnt/ozone/hadoop-ozone/integration-test/target/test-dir/MiniOzoneClusterImpl-f63f6e49-a519-49d7-bac2-b5e85396f7e3/datanode-2/data/ratis/5b4b05b8-f670-4c35-94ff-fc1e27c19d57/sm/snapshot.1_10 time:2
2020-11-19 23:06:45,150 [6bf896dc-0c7e-47aa-8e27-893b368c36c3@group-FC1E27C19D57-StateMachineUpdater] INFO  impl.StateMachineUpdater (StateMachineUpdater.java:takeSnapshot(277)) - 6bf896dc-0c7e-47aa-8e27-893b368c36c3@group-FC1E27C19D57-StateMachineUpdater: Took a snapshot at index 10
2020-11-19 23:06:45,150 [6bf896dc-0c7e-47aa-8e27-893b368c36c3@group-FC1E27C19D57-StateMachineUpdater] INFO  impl.StateMachineUpdater (StateMachineUpdater.java:lambda$new$0(87)) - 6bf896dc-0c7e-47aa-8e27-893b368c36c3@group-FC1E27C19D57-StateMachineUpdater: snapshotIndex: updateIncreasingly -1 -> 10
2020-11-19 23:06:45,150 [6bf896dc-0c7e-47aa-8e27-893b368c36c3@group-FC1E27C19D57-StateMachineUpdater] INFO  metrics.RatisMetrics (RatisMetrics.java:unregister(43)) - Unregistering Metrics Registry : ratis.state_machine.6bf896dc-0c7e-47aa-8e27-893b368c36c3@group-FC1E27C19D57
2020-11-19 23:06:45,150 [ForkJoinPool.commonPool-worker-1] INFO  impl.RaftServerImpl (ServerState.java:close(405)) - 6bf896dc-0c7e-47aa-8e27-893b368c36c3@group-FC1E27C19D57: closes. applyIndex: 10
2020-11-19 23:06:45,151 [6bf896dc-0c7e-47aa-8e27-893b368c36c3@group-FC1E27C19D57-SegmentedRaftLogWorker] INFO  segmented.SegmentedRaftLogWorker (SegmentedRaftLogWorker.java:run(327)) - 6bf896dc-0c7e-47aa-8e27-893b368c36c3@group-FC1E27C19D57-SegmentedRaftLogWorker was interrupted, exiting. There are 0 tasks remaining in the queue.
2020-11-19 23:06:45,151 [Listener at 127.0.0.1/37889] INFO  ozoneimpl.OzoneContainer (OzoneContainer.java:stop(257)) - Attempting to stop container services.
2020-11-19 23:06:45,152 [ForkJoinPool.commonPool-worker-1] INFO  segmented.SegmentedRaftLogWorker (SegmentedRaftLogWorker.java:close(234)) - 6bf896dc-0c7e-47aa-8e27-893b368c36c3@group-FC1E27C19D57-SegmentedRaftLogWorker close()
2020-11-19 23:06:45,152 [Listener at 127.0.0.1/37889] INFO  impl.RaftServerProxy (RaftServerProxy.java:lambda$close$4(322)) - 67c52a13-b7bf-4abc-b54b-1f6b70eea5b8: close
2020-11-19 23:06:45,153 [Listener at 127.0.0.1/37889] INFO  impl.RaftServerImpl (RaftServerImpl.java:lambda$shutdown$3(321)) - 67c52a13-b7bf-4abc-b54b-1f6b70eea5b8@group-FCBDC99ABA6C: shutdown
2020-11-19 23:06:45,153 [Listener at 127.0.0.1/37889] INFO  util.JmxRegister (JmxRegister.java:unregister(73)) - Successfully un-registered JMX Bean with object name Ratis:service=RaftServer,group=group-FCBDC99ABA6C,id=67c52a13-b7bf-4abc-b54b-1f6b70eea5b8
2020-11-19 23:06:45,153 [Listener at 127.0.0.1/37889] INFO  impl.RoleInfo (RoleInfo.java:shutdownLeaderState(104)) - 67c52a13-b7bf-4abc-b54b-1f6b70eea5b8: shutdown LeaderState
2020-11-19 23:06:45,153 [Listener at 127.0.0.1/37889] INFO  impl.PendingRequests (PendingRequests.java:sendNotLeaderResponses(249)) - 67c52a13-b7bf-4abc-b54b-1f6b70eea5b8@group-FCBDC99ABA6C-PendingRequests: sendNotLeaderResponses
2020-11-19 23:06:45,153 [Listener at 127.0.0.1/37889] INFO  metrics.RatisMetrics (RatisMetrics.java:unregister(43)) - Unregistering Metrics Registry : ratis.log_appender.67c52a13-b7bf-4abc-b54b-1f6b70eea5b8@group-FCBDC99ABA6C
2020-11-19 23:06:45,153 [Listener at 127.0.0.1/37889] INFO  metrics.RatisMetrics (RatisMetrics.java:unregister(43)) - Unregistering Metrics Registry : ratis.server.67c52a13-b7bf-4abc-b54b-1f6b70eea5b8@group-FCBDC99ABA6C
2020-11-19 23:06:45,155 [Listener at 127.0.0.1/37889] INFO  impl.StateMachineUpdater (StateMachineUpdater.java:stopAndJoin(142)) - 67c52a13-b7bf-4abc-b54b-1f6b70eea5b8@group-FCBDC99ABA6C-StateMachineUpdater: set stopIndex = 0
2020-11-19 23:06:45,155 [67c52a13-b7bf-4abc-b54b-1f6b70eea5b8@group-FCBDC99ABA6C-StateMachineUpdater] INFO  ratis.ContainerStateMachine (ContainerStateMachine.java:takeSnapshot(293)) - group-FCBDC99ABA6C: Taking a snapshot at:(t:1, i:0) file /github/workspace/mnt/ozone/hadoop-ozone/integration-test/target/test-dir/MiniOzoneClusterImpl-f63f6e49-a519-49d7-bac2-b5e85396f7e3/datanode-3/data/ratis/c1ecf972-59dc-47f3-a35b-fcbdc99aba6c/sm/snapshot.1_0
2020-11-19 23:06:45,155 [ForkJoinPool.commonPool-worker-1] INFO  metrics.RatisMetrics (RatisMetrics.java:unregister(43)) - Unregistering Metrics Registry : ratis.log_worker.6bf896dc-0c7e-47aa-8e27-893b368c36c3@group-FC1E27C19D57
2020-11-19 23:06:45,155 [ForkJoinPool.commonPool-worker-1] INFO  metrics.RatisMetrics (RatisMetrics.java:unregister(43)) - Unregistering Metrics Registry : ratis.leader_election.6bf896dc-0c7e-47aa-8e27-893b368c36c3@group-FC1E27C19D57
2020-11-19 23:06:45,156 [ForkJoinPool.commonPool-worker-1] INFO  metrics.RatisMetrics (RatisMetrics.java:unregister(43)) - Unregistering Metrics Registry : ratis.server.6bf896dc-0c7e-47aa-8e27-893b368c36c3@group-FC1E27C19D57
2020-11-19 23:06:45,156 [ForkJoinPool.commonPool-worker-1] INFO  impl.RaftServerImpl (RaftServerImpl.java:lambda$shutdown$3(321)) - 6bf896dc-0c7e-47aa-8e27-893b368c36c3@group-B82672A8DD5C: shutdown
2020-11-19 23:06:45,156 [ForkJoinPool.commonPool-worker-1] INFO  util.JmxRegister (JmxRegister.java:unregister(73)) - Successfully un-registered JMX Bean with object name Ratis:service=RaftServer,group=group-B82672A8DD5C,id=6bf896dc-0c7e-47aa-8e27-893b368c36c3
2020-11-19 23:06:45,156 [ForkJoinPool.commonPool-worker-1] INFO  impl.RoleInfo (RoleInfo.java:shutdownLeaderState(104)) - 6bf896dc-0c7e-47aa-8e27-893b368c36c3: shutdown LeaderState
2020-11-19 23:06:45,156 [ForkJoinPool.commonPool-worker-1] INFO  metrics.RatisMetrics (RatisMetrics.java:unregister(43)) - Unregistering Metrics Registry : ratis_grpc.log_appender.6bf896dc-0c7e-47aa-8e27-893b368c36c3@group-B82672A8DD5C
2020-11-19 23:06:45,156 [ForkJoinPool.commonPool-worker-1] INFO  metrics.RatisMetrics (RatisMetrics.java:unregister(43)) - Unregistering Metrics Registry : ratis_grpc.log_appender.6bf896dc-0c7e-47aa-8e27-893b368c36c3@group-B82672A8DD5C
2020-11-19 23:06:45,156 [ForkJoinPool.commonPool-worker-1] INFO  impl.PendingRequests (PendingRequests.java:sendNotLeaderResponses(249)) - 6bf896dc-0c7e-47aa-8e27-893b368c36c3@group-B82672A8DD5C-PendingRequests: sendNotLeaderResponses
2020-11-19 23:06:45,156 [org.apache.ratis.server.impl.LogAppender$AppenderDaemon$$Lambda$469/1309558133@1fdb09b7] WARN  server.GrpcLogAppender (GrpcLogAppender.java:mayWait(168)) - 6bf896dc-0c7e-47aa-8e27-893b368c36c3@group-B82672A8DD5C->961b22ad-a322-4351-a83b-55dc9b155106-GrpcLogAppender: Wait interrupted by java.lang.InterruptedException
2020-11-19 23:06:45,158 [ForkJoinPool.commonPool-worker-1] INFO  metrics.RatisMetrics (RatisMetrics.java:unregister(43)) - Unregistering Metrics Registry : ratis.log_appender.6bf896dc-0c7e-47aa-8e27-893b368c36c3@group-B82672A8DD5C
2020-11-19 23:06:45,158 [ForkJoinPool.commonPool-worker-1] INFO  metrics.RatisMetrics (RatisMetrics.java:unregister(43)) - Unregistering Metrics Registry : ratis.server.6bf896dc-0c7e-47aa-8e27-893b368c36c3@group-B82672A8DD5C
2020-11-19 23:06:45,158 [67c52a13-b7bf-4abc-b54b-1f6b70eea5b8@group-FCBDC99ABA6C-StateMachineUpdater] INFO  ratis.ContainerStateMachine (ContainerStateMachine.java:takeSnapshot(304)) - group-FCBDC99ABA6C: Finished taking a snapshot at:(t:1, i:0) file:/github/workspace/mnt/ozone/hadoop-ozone/integration-test/target/test-dir/MiniOzoneClusterImpl-f63f6e49-a519-49d7-bac2-b5e85396f7e3/datanode-3/data/ratis/c1ecf972-59dc-47f3-a35b-fcbdc99aba6c/sm/snapshot.1_0 time:3
2020-11-19 23:06:45,158 [org.apache.ratis.server.impl.LogAppender$AppenderDaemon$$Lambda$469/1309558133@6d915764] WARN  server.GrpcLogAppender (GrpcLogAppender.java:mayWait(168)) - 6bf896dc-0c7e-47aa-8e27-893b368c36c3@group-B82672A8DD5C->9f966428-d7f2-4238-96c8-d38b7223cc05-GrpcLogAppender: Wait interrupted by java.lang.InterruptedException
2020-11-19 23:06:45,158 [grpc-default-executor-1] INFO  server.GrpcServerProtocolService (GrpcServerProtocolService.java:onCompleted(138)) - 961b22ad-a322-4351-a83b-55dc9b155106: Completed APPEND_ENTRIES, lastRequest: 6bf896dc-0c7e-47aa-8e27-893b368c36c3->961b22ad-a322-4351-a83b-55dc9b155106#2-t2, previous=(t:2, i:1), leaderCommit=1, initializing? false, entries: size=1, first=(t:2, i:2), METADATAENTRY(c:1)
2020-11-19 23:06:45,159 [67c52a13-b7bf-4abc-b54b-1f6b70eea5b8@group-FCBDC99ABA6C-StateMachineUpdater] INFO  impl.StateMachineUpdater (StateMachineUpdater.java:takeSnapshot(277)) - 67c52a13-b7bf-4abc-b54b-1f6b70eea5b8@group-FCBDC99ABA6C-StateMachineUpdater: Took a snapshot at index 0
2020-11-19 23:06:45,160 [67c52a13-b7bf-4abc-b54b-1f6b70eea5b8@group-FCBDC99ABA6C-StateMachineUpdater] INFO  impl.StateMachineUpdater (StateMachineUpdater.java:lambda$new$0(87)) - 67c52a13-b7bf-4abc-b54b-1f6b70eea5b8@group-FCBDC99ABA6C-StateMachineUpdater: snapshotIndex: updateIncreasingly -1 -> 0
2020-11-19 23:06:45,160 [67c52a13-b7bf-4abc-b54b-1f6b70eea5b8@group-FCBDC99ABA6C-StateMachineUpdater] INFO  metrics.RatisMetrics (RatisMetrics.java:unregister(43)) - Unregistering Metrics Registry : ratis.state_machine.67c52a13-b7bf-4abc-b54b-1f6b70eea5b8@group-FCBDC99ABA6C
2020-11-19 23:06:45,160 [Listener at 127.0.0.1/37889] INFO  impl.RaftServerImpl (ServerState.java:close(405)) - 67c52a13-b7bf-4abc-b54b-1f6b70eea5b8@group-FCBDC99ABA6C: closes. applyIndex: 0
2020-11-19 23:06:45,163 [67c52a13-b7bf-4abc-b54b-1f6b70eea5b8@group-FCBDC99ABA6C-SegmentedRaftLogWorker] INFO  segmented.SegmentedRaftLogWorker (SegmentedRaftLogWorker.java:run(327)) - 67c52a13-b7bf-4abc-b54b-1f6b70eea5b8@group-FCBDC99ABA6C-SegmentedRaftLogWorker was interrupted, exiting. There are 0 tasks remaining in the queue.
2020-11-19 23:06:45,165 [Listener at 127.0.0.1/37889] INFO  segmented.SegmentedRaftLogWorker (SegmentedRaftLogWorker.java:close(234)) - 67c52a13-b7bf-4abc-b54b-1f6b70eea5b8@group-FCBDC99ABA6C-SegmentedRaftLogWorker close()
2020-11-19 23:06:45,166 [grpc-default-executor-1] INFO  server.GrpcLogAppender (GrpcLogAppender.java:onCompleted(336)) - 6bf896dc-0c7e-47aa-8e27-893b368c36c3@group-B82672A8DD5C->961b22ad-a322-4351-a83b-55dc9b155106-AppendLogResponseHandler: follower responses appendEntries COMPLETED
2020-11-19 23:06:45,166 [grpc-default-executor-1] INFO  impl.FollowerInfo (FollowerInfo.java:lambda$new$0(51)) - 6bf896dc-0c7e-47aa-8e27-893b368c36c3@group-B82672A8DD5C->961b22ad-a322-4351-a83b-55dc9b155106: nextIndex: updateUnconditionally 3 -> 2
2020-11-19 23:06:45,166 [6bf896dc-0c7e-47aa-8e27-893b368c36c3@group-B82672A8DD5C-StateMachineUpdater] INFO  ratis.ContainerStateMachine (ContainerStateMachine.java:takeSnapshot(293)) - group-B82672A8DD5C: Taking a snapshot at:(t:2, i:2) file /github/workspace/mnt/ozone/hadoop-ozone/integration-test/target/test-dir/MiniOzoneClusterImpl-f63f6e49-a519-49d7-bac2-b5e85396f7e3/datanode-2/data/ratis/fdc5f4db-202c-4d59-af6b-b82672a8dd5c/sm/snapshot.2_2
2020-11-19 23:06:45,166 [ForkJoinPool.commonPool-worker-1] INFO  impl.StateMachineUpdater (StateMachineUpdater.java:stopAndJoin(142)) - 6bf896dc-0c7e-47aa-8e27-893b368c36c3@group-B82672A8DD5C-StateMachineUpdater: set stopIndex = 2
2020-11-19 23:06:45,167 [6bf896dc-0c7e-47aa-8e27-893b368c36c3@group-B82672A8DD5C-StateMachineUpdater] INFO  ratis.ContainerStateMachine (ContainerStateMachine.java:takeSnapshot(304)) - group-B82672A8DD5C: Finished taking a snapshot at:(t:2, i:2) file:/github/workspace/mnt/ozone/hadoop-ozone/integration-test/target/test-dir/MiniOzoneClusterImpl-f63f6e49-a519-49d7-bac2-b5e85396f7e3/datanode-2/data/ratis/fdc5f4db-202c-4d59-af6b-b82672a8dd5c/sm/snapshot.2_2 time:1
2020-11-19 23:06:45,167 [6bf896dc-0c7e-47aa-8e27-893b368c36c3@group-B82672A8DD5C-StateMachineUpdater] INFO  impl.StateMachineUpdater (StateMachineUpdater.java:takeSnapshot(277)) - 6bf896dc-0c7e-47aa-8e27-893b368c36c3@group-B82672A8DD5C-StateMachineUpdater: Took a snapshot at index 2
2020-11-19 23:06:45,167 [6bf896dc-0c7e-47aa-8e27-893b368c36c3@group-B82672A8DD5C-StateMachineUpdater] INFO  impl.StateMachineUpdater (StateMachineUpdater.java:lambda$new$0(87)) - 6bf896dc-0c7e-47aa-8e27-893b368c36c3@group-B82672A8DD5C-StateMachineUpdater: snapshotIndex: updateIncreasingly -1 -> 2
2020-11-19 23:06:45,167 [6bf896dc-0c7e-47aa-8e27-893b368c36c3@group-B82672A8DD5C-StateMachineUpdater] INFO  metrics.RatisMetrics (RatisMetrics.java:unregister(43)) - Unregistering Metrics Registry : ratis.state_machine.6bf896dc-0c7e-47aa-8e27-893b368c36c3@group-B82672A8DD5C
2020-11-19 23:06:45,167 [ForkJoinPool.commonPool-worker-1] INFO  impl.RaftServerImpl (ServerState.java:close(405)) - 6bf896dc-0c7e-47aa-8e27-893b368c36c3@group-B82672A8DD5C: closes. applyIndex: 2
2020-11-19 23:06:45,168 [6bf896dc-0c7e-47aa-8e27-893b368c36c3@group-B82672A8DD5C-SegmentedRaftLogWorker] INFO  segmented.SegmentedRaftLogWorker (SegmentedRaftLogWorker.java:run(327)) - 6bf896dc-0c7e-47aa-8e27-893b368c36c3@group-B82672A8DD5C-SegmentedRaftLogWorker was interrupted, exiting. There are 0 tasks remaining in the queue.
2020-11-19 23:06:45,170 [Listener at 127.0.0.1/37889] INFO  metrics.RatisMetrics (RatisMetrics.java:unregister(43)) - Unregistering Metrics Registry : ratis.log_worker.67c52a13-b7bf-4abc-b54b-1f6b70eea5b8@group-FCBDC99ABA6C
2020-11-19 23:06:45,170 [Listener at 127.0.0.1/37889] INFO  metrics.RatisMetrics (RatisMetrics.java:unregister(43)) - Unregistering Metrics Registry : ratis.leader_election.67c52a13-b7bf-4abc-b54b-1f6b70eea5b8@group-FCBDC99ABA6C
2020-11-19 23:06:45,171 [Listener at 127.0.0.1/37889] INFO  metrics.RatisMetrics (RatisMetrics.java:unregister(43)) - Unregistering Metrics Registry : ratis.server.67c52a13-b7bf-4abc-b54b-1f6b70eea5b8@group-FCBDC99ABA6C
2020-11-19 23:06:45,171 [Listener at 127.0.0.1/37889] INFO  impl.RaftServerImpl (RaftServerImpl.java:lambda$shutdown$3(321)) - 67c52a13-b7bf-4abc-b54b-1f6b70eea5b8@group-9F0F3335C145: shutdown
2020-11-19 23:06:45,171 [Listener at 127.0.0.1/37889] INFO  util.JmxRegister (JmxRegister.java:unregister(73)) - Successfully un-registered JMX Bean with object name Ratis:service=RaftServer,group=group-9F0F3335C145,id=67c52a13-b7bf-4abc-b54b-1f6b70eea5b8
2020-11-19 23:06:45,171 [Listener at 127.0.0.1/37889] INFO  impl.RoleInfo (RoleInfo.java:shutdownLeaderState(104)) - 67c52a13-b7bf-4abc-b54b-1f6b70eea5b8: shutdown LeaderState
2020-11-19 23:06:45,171 [Listener at 127.0.0.1/37889] INFO  metrics.RatisMetrics (RatisMetrics.java:unregister(43)) - Unregistering Metrics Registry : ratis_grpc.log_appender.67c52a13-b7bf-4abc-b54b-1f6b70eea5b8@group-9F0F3335C145
2020-11-19 23:06:45,171 [Listener at 127.0.0.1/37889] INFO  metrics.RatisMetrics (RatisMetrics.java:unregister(43)) - Unregistering Metrics Registry : ratis_grpc.log_appender.67c52a13-b7bf-4abc-b54b-1f6b70eea5b8@group-9F0F3335C145
2020-11-19 23:06:45,171 [Listener at 127.0.0.1/37889] INFO  impl.PendingRequests (PendingRequests.java:sendNotLeaderResponses(249)) - 67c52a13-b7bf-4abc-b54b-1f6b70eea5b8@group-9F0F3335C145-PendingRequests: sendNotLeaderResponses
2020-11-19 23:06:45,172 [Listener at 127.0.0.1/37889] INFO  metrics.RatisMetrics (RatisMetrics.java:unregister(43)) - Unregistering Metrics Registry : ratis.log_appender.67c52a13-b7bf-4abc-b54b-1f6b70eea5b8@group-9F0F3335C145
2020-11-19 23:06:45,171 [org.apache.ratis.server.impl.LogAppender$AppenderDaemon$$Lambda$469/1309558133@1d6af4a5] WARN  server.GrpcLogAppender (GrpcLogAppender.java:mayWait(168)) - 67c52a13-b7bf-4abc-b54b-1f6b70eea5b8@group-9F0F3335C145->c6fe9ef3-e456-496a-88a6-7c1d0439fa73-GrpcLogAppender: Wait interrupted by java.lang.InterruptedException
2020-11-19 23:06:45,172 [org.apache.ratis.server.impl.LogAppender$AppenderDaemon$$Lambda$469/1309558133@336cebf4] WARN  server.GrpcLogAppender (GrpcLogAppender.java:mayWait(168)) - 67c52a13-b7bf-4abc-b54b-1f6b70eea5b8@group-9F0F3335C145->e537a7bc-f79b-4a05-8c44-b6b3cb5e8abc-GrpcLogAppender: Wait interrupted by java.lang.InterruptedException
2020-11-19 23:06:45,172 [Listener at 127.0.0.1/37889] INFO  metrics.RatisMetrics (RatisMetrics.java:unregister(43)) - Unregistering Metrics Registry : ratis.server.67c52a13-b7bf-4abc-b54b-1f6b70eea5b8@group-9F0F3335C145
2020-11-19 23:06:45,173 [Listener at 127.0.0.1/37889] INFO  impl.StateMachineUpdater (StateMachineUpdater.java:stopAndJoin(142)) - 67c52a13-b7bf-4abc-b54b-1f6b70eea5b8@group-9F0F3335C145-StateMachineUpdater: set stopIndex = 0
2020-11-19 23:06:45,173 [67c52a13-b7bf-4abc-b54b-1f6b70eea5b8@group-9F0F3335C145-StateMachineUpdater] INFO  ratis.ContainerStateMachine (ContainerStateMachine.java:takeSnapshot(293)) - group-9F0F3335C145: Taking a snapshot at:(t:1, i:0) file /github/workspace/mnt/ozone/hadoop-ozone/integration-test/target/test-dir/MiniOzoneClusterImpl-f63f6e49-a519-49d7-bac2-b5e85396f7e3/datanode-3/data/ratis/8750aa62-cc61-4f66-8590-9f0f3335c145/sm/snapshot.1_0
2020-11-19 23:06:45,172 [grpc-default-executor-1] INFO  server.GrpcServerProtocolService (GrpcServerProtocolService.java:onCompleted(138)) - e537a7bc-f79b-4a05-8c44-b6b3cb5e8abc: Completed APPEND_ENTRIES, lastRequest: 67c52a13-b7bf-4abc-b54b-1f6b70eea5b8->e537a7bc-f79b-4a05-8c44-b6b3cb5e8abc#1-t1, previous=(t:0, i:0), leaderCommit=-1, initializing? false, entries: size=1, first=(t:1, i:0), CONFIGURATIONENTRY
2020-11-19 23:06:45,174 [67c52a13-b7bf-4abc-b54b-1f6b70eea5b8@group-9F0F3335C145-StateMachineUpdater] INFO  ratis.ContainerStateMachine (ContainerStateMachine.java:takeSnapshot(304)) - group-9F0F3335C145: Finished taking a snapshot at:(t:1, i:0) file:/github/workspace/mnt/ozone/hadoop-ozone/integration-test/target/test-dir/MiniOzoneClusterImpl-f63f6e49-a519-49d7-bac2-b5e85396f7e3/datanode-3/data/ratis/8750aa62-cc61-4f66-8590-9f0f3335c145/sm/snapshot.1_0 time:1
2020-11-19 23:06:45,174 [grpc-default-executor-4] INFO  server.GrpcLogAppender (GrpcLogAppender.java:onCompleted(336)) - 67c52a13-b7bf-4abc-b54b-1f6b70eea5b8@group-9F0F3335C145->e537a7bc-f79b-4a05-8c44-b6b3cb5e8abc-AppendLogResponseHandler: follower responses appendEntries COMPLETED
2020-11-19 23:06:45,174 [grpc-default-executor-4] INFO  impl.FollowerInfo (FollowerInfo.java:lambda$new$0(51)) - 67c52a13-b7bf-4abc-b54b-1f6b70eea5b8@group-9F0F3335C145->e537a7bc-f79b-4a05-8c44-b6b3cb5e8abc: nextIndex: updateUnconditionally 1 -> 0
2020-11-19 23:06:45,174 [67c52a13-b7bf-4abc-b54b-1f6b70eea5b8@group-9F0F3335C145-StateMachineUpdater] INFO  impl.StateMachineUpdater (StateMachineUpdater.java:takeSnapshot(277)) - 67c52a13-b7bf-4abc-b54b-1f6b70eea5b8@group-9F0F3335C145-StateMachineUpdater: Took a snapshot at index 0
2020-11-19 23:06:45,174 [67c52a13-b7bf-4abc-b54b-1f6b70eea5b8@group-9F0F3335C145-StateMachineUpdater] INFO  impl.StateMachineUpdater (StateMachineUpdater.java:lambda$new$0(87)) - 67c52a13-b7bf-4abc-b54b-1f6b70eea5b8@group-9F0F3335C145-StateMachineUpdater: snapshotIndex: updateIncreasingly -1 -> 0
2020-11-19 23:06:45,174 [ForkJoinPool.commonPool-worker-1] INFO  segmented.SegmentedRaftLogWorker (SegmentedRaftLogWorker.java:close(234)) - 6bf896dc-0c7e-47aa-8e27-893b368c36c3@group-B82672A8DD5C-SegmentedRaftLogWorker close()
2020-11-19 23:06:45,174 [67c52a13-b7bf-4abc-b54b-1f6b70eea5b8@group-9F0F3335C145-StateMachineUpdater] INFO  metrics.RatisMetrics (RatisMetrics.java:unregister(43)) - Unregistering Metrics Registry : ratis.state_machine.67c52a13-b7bf-4abc-b54b-1f6b70eea5b8@group-9F0F3335C145
2020-11-19 23:06:45,179 [Listener at 127.0.0.1/37889] INFO  impl.RaftServerImpl (ServerState.java:close(405)) - 67c52a13-b7bf-4abc-b54b-1f6b70eea5b8@group-9F0F3335C145: closes. applyIndex: 0
2020-11-19 23:06:45,179 [67c52a13-b7bf-4abc-b54b-1f6b70eea5b8@group-9F0F3335C145-SegmentedRaftLogWorker] INFO  segmented.SegmentedRaftLogWorker (SegmentedRaftLogWorker.java:run(327)) - 67c52a13-b7bf-4abc-b54b-1f6b70eea5b8@group-9F0F3335C145-SegmentedRaftLogWorker was interrupted, exiting. There are 0 tasks remaining in the queue.
2020-11-19 23:06:45,175 [ForkJoinPool.commonPool-worker-1] INFO  metrics.RatisMetrics (RatisMetrics.java:unregister(43)) - Unregistering Metrics Registry : ratis.log_worker.6bf896dc-0c7e-47aa-8e27-893b368c36c3@group-B82672A8DD5C
2020-11-19 23:06:45,179 [ForkJoinPool.commonPool-worker-1] INFO  metrics.RatisMetrics (RatisMetrics.java:unregister(43)) - Unregistering Metrics Registry : ratis.leader_election.6bf896dc-0c7e-47aa-8e27-893b368c36c3@group-B82672A8DD5C
2020-11-19 23:06:45,180 [ForkJoinPool.commonPool-worker-1] INFO  metrics.RatisMetrics (RatisMetrics.java:unregister(43)) - Unregistering Metrics Registry : ratis.server.6bf896dc-0c7e-47aa-8e27-893b368c36c3@group-B82672A8DD5C
2020-11-19 23:06:45,180 [ForkJoinPool.commonPool-worker-1] INFO  server.GrpcService (GrpcService.java:closeImpl(183)) - 6bf896dc-0c7e-47aa-8e27-893b368c36c3: shutdown server with port 45367 now
2020-11-19 23:06:45,185 [Listener at 127.0.0.1/37889] INFO  segmented.SegmentedRaftLogWorker (SegmentedRaftLogWorker.java:close(234)) - 67c52a13-b7bf-4abc-b54b-1f6b70eea5b8@group-9F0F3335C145-SegmentedRaftLogWorker close()
2020-11-19 23:06:45,186 [Listener at 127.0.0.1/37889] INFO  metrics.RatisMetrics (RatisMetrics.java:unregister(43)) - Unregistering Metrics Registry : ratis.log_worker.67c52a13-b7bf-4abc-b54b-1f6b70eea5b8@group-9F0F3335C145
2020-11-19 23:06:45,186 [Listener at 127.0.0.1/37889] INFO  metrics.RatisMetrics (RatisMetrics.java:unregister(43)) - Unregistering Metrics Registry : ratis.leader_election.67c52a13-b7bf-4abc-b54b-1f6b70eea5b8@group-9F0F3335C145
2020-11-19 23:06:45,186 [Listener at 127.0.0.1/37889] INFO  metrics.RatisMetrics (RatisMetrics.java:unregister(43)) - Unregistering Metrics Registry : ratis.server.67c52a13-b7bf-4abc-b54b-1f6b70eea5b8@group-9F0F3335C145
2020-11-19 23:06:45,186 [Listener at 127.0.0.1/37889] INFO  server.GrpcService (GrpcService.java:closeImpl(183)) - 67c52a13-b7bf-4abc-b54b-1f6b70eea5b8: shutdown server with port 42385 now
2020-11-19 23:06:45,188 [ForkJoinPool.commonPool-worker-1] INFO  server.GrpcService (GrpcService.java:closeImpl(191)) - 6bf896dc-0c7e-47aa-8e27-893b368c36c3: shutdown server with port 45367 successfully
2020-11-19 23:06:45,191 [Listener at 127.0.0.1/37889] INFO  server.GrpcService (GrpcService.java:closeImpl(191)) - 67c52a13-b7bf-4abc-b54b-1f6b70eea5b8: shutdown server with port 42385 successfully
2020-11-19 23:06:45,192 [ForkJoinPool.commonPool-worker-1] INFO  utils.BackgroundService (BackgroundService.java:shutdown(132)) - Shutting down service BlockDeletingService
2020-11-19 23:06:45,193 [Listener at 127.0.0.1/37889] INFO  utils.BackgroundService (BackgroundService.java:shutdown(132)) - Shutting down service BlockDeletingService
2020-11-19 23:06:45,195 [ForkJoinPool.commonPool-worker-1] INFO  statemachine.DatanodeStateMachine (DatanodeStateMachine.java:stopDaemon(459)) - Ozone container server stopped.
2020-11-19 23:06:45,196 [Listener at 127.0.0.1/37889] INFO  statemachine.DatanodeStateMachine (DatanodeStateMachine.java:stopDaemon(459)) - Ozone container server stopped.
2020-11-19 23:06:45,208 [ForkJoinPool.commonPool-worker-1] INFO  handler.ContextHandler (ContextHandler.java:doStop(1154)) - Stopped o.e.j.w.WebAppContext@68310b90{hddsDatanode,/,null,STOPPED}{jar:file:/home/user/.m2/repository/org/apache/hadoop/hadoop-hdds-container-service/1.1.0-SNAPSHOT/hadoop-hdds-container-service-1.1.0-SNAPSHOT.jar!/webapps/hddsDatanode}
2020-11-19 23:06:45,208 [ForkJoinPool.commonPool-worker-1] INFO  server.AbstractConnector (AbstractConnector.java:doStop(381)) - Stopped ServerConnector@54207379{HTTP/1.1, (http/1.1)}{0.0.0.0:0}
2020-11-19 23:06:45,208 [ForkJoinPool.commonPool-worker-1] INFO  server.session (HouseKeeper.java:stopScavenging(149)) - node0 Stopped scavenging
2020-11-19 23:06:45,209 [ForkJoinPool.commonPool-worker-1] INFO  handler.ContextHandler (ContextHandler.java:doStop(1154)) - Stopped o.e.j.s.ServletContextHandler@5fe064f0{static,/static,jar:file:/home/user/.m2/repository/org/apache/hadoop/hadoop-hdds-container-service/1.1.0-SNAPSHOT/hadoop-hdds-container-service-1.1.0-SNAPSHOT.jar!/webapps/static,STOPPED}
2020-11-19 23:06:45,209 [ForkJoinPool.commonPool-worker-1] INFO  handler.ContextHandler (ContextHandler.java:doStop(1154)) - Stopped o.e.j.s.ServletContextHandler@7ebf5eba{logs,/logs,file:///github/workspace/mnt/ozone/hadoop-ozone/integration-test/target/log,STOPPED}
2020-11-19 23:06:45,211 [Listener at 127.0.0.1/37889] INFO  handler.ContextHandler (ContextHandler.java:doStop(1154)) - Stopped o.e.j.w.WebAppContext@7059395a{hddsDatanode,/,null,STOPPED}{jar:file:/home/user/.m2/repository/org/apache/hadoop/hadoop-hdds-container-service/1.1.0-SNAPSHOT/hadoop-hdds-container-service-1.1.0-SNAPSHOT.jar!/webapps/hddsDatanode}
2020-11-19 23:06:45,211 [Listener at 127.0.0.1/37889] INFO  server.AbstractConnector (AbstractConnector.java:doStop(381)) - Stopped ServerConnector@625e48e7{HTTP/1.1, (http/1.1)}{0.0.0.0:0}
2020-11-19 23:06:45,211 [Listener at 127.0.0.1/37889] INFO  server.session (HouseKeeper.java:stopScavenging(149)) - node0 Stopped scavenging
2020-11-19 23:06:45,212 [Listener at 127.0.0.1/37889] INFO  handler.ContextHandler (ContextHandler.java:doStop(1154)) - Stopped o.e.j.s.ServletContextHandler@48ee529e{static,/static,jar:file:/home/user/.m2/repository/org/apache/hadoop/hadoop-hdds-container-service/1.1.0-SNAPSHOT/hadoop-hdds-container-service-1.1.0-SNAPSHOT.jar!/webapps/static,STOPPED}
2020-11-19 23:06:45,212 [Listener at 127.0.0.1/37889] INFO  handler.ContextHandler (ContextHandler.java:doStop(1154)) - Stopped o.e.j.s.ServletContextHandler@2c2b0a7b{logs,/logs,file:///github/workspace/mnt/ozone/hadoop-ozone/integration-test/target/log,STOPPED}
2020-11-19 23:06:45,597 [Datanode State Machine Thread - 0] INFO  statemachine.DatanodeStateMachine (DatanodeStateMachine.java:lambda$startDaemon$0(406)) - Ozone container server started.
2020-11-19 23:06:46,204 [Datanode State Machine Thread - 0] INFO  statemachine.DatanodeStateMachine (DatanodeStateMachine.java:lambda$startDaemon$0(406)) - Ozone container server started.
2020-11-19 23:06:50,211 [ForkJoinPool.commonPool-worker-1] INFO  ozoneimpl.OzoneContainer (OzoneContainer.java:stop(257)) - Attempting to stop container services.
2020-11-19 23:06:50,212 [ForkJoinPool.commonPool-worker-1] INFO  impl.RaftServerProxy (RaftServerProxy.java:lambda$close$4(322)) - 961b22ad-a322-4351-a83b-55dc9b155106: close
2020-11-19 23:06:50,212 [ForkJoinPool.commonPool-worker-1] INFO  impl.RaftServerImpl (RaftServerImpl.java:lambda$shutdown$3(321)) - 961b22ad-a322-4351-a83b-55dc9b155106@group-B82672A8DD5C: shutdown
2020-11-19 23:06:50,212 [ForkJoinPool.commonPool-worker-1] INFO  util.JmxRegister (JmxRegister.java:unregister(73)) - Successfully un-registered JMX Bean with object name Ratis:service=RaftServer,group=group-B82672A8DD5C,id=961b22ad-a322-4351-a83b-55dc9b155106
2020-11-19 23:06:50,212 [ForkJoinPool.commonPool-worker-1] INFO  impl.RoleInfo (RoleInfo.java:shutdownFollowerState(121)) - 961b22ad-a322-4351-a83b-55dc9b155106: shutdown FollowerState
2020-11-19 23:06:50,212 [ForkJoinPool.commonPool-worker-1] INFO  impl.StateMachineUpdater (StateMachineUpdater.java:stopAndJoin(142)) - 961b22ad-a322-4351-a83b-55dc9b155106@group-B82672A8DD5C-StateMachineUpdater: set stopIndex = 1
2020-11-19 23:06:50,213 [Thread-747] INFO  impl.FollowerState (FollowerState.java:run(117)) - 961b22ad-a322-4351-a83b-55dc9b155106@group-B82672A8DD5C-FollowerState was interrupted: java.lang.InterruptedException: sleep interrupted
2020-11-19 23:06:50,213 [961b22ad-a322-4351-a83b-55dc9b155106@group-B82672A8DD5C-StateMachineUpdater] INFO  ratis.ContainerStateMachine (ContainerStateMachine.java:takeSnapshot(293)) - group-B82672A8DD5C: Taking a snapshot at:(t:2, i:1) file /github/workspace/mnt/ozone/hadoop-ozone/integration-test/target/test-dir/MiniOzoneClusterImpl-f63f6e49-a519-49d7-bac2-b5e85396f7e3/datanode-0/data/ratis/fdc5f4db-202c-4d59-af6b-b82672a8dd5c/sm/snapshot.2_1
2020-11-19 23:06:50,214 [Listener at 127.0.0.1/37889] INFO  ozoneimpl.OzoneContainer (OzoneContainer.java:stop(257)) - Attempting to stop container services.
2020-11-19 23:06:50,215 [Listener at 127.0.0.1/37889] INFO  impl.RaftServerProxy (RaftServerProxy.java:lambda$close$4(322)) - 188c74fb-01a2-49f8-907b-5c6f6de66734: close
2020-11-19 23:06:50,215 [Listener at 127.0.0.1/37889] INFO  impl.RaftServerImpl (RaftServerImpl.java:lambda$shutdown$3(321)) - 188c74fb-01a2-49f8-907b-5c6f6de66734@group-71E8CF0D852E: shutdown
2020-11-19 23:06:50,215 [Listener at 127.0.0.1/37889] INFO  util.JmxRegister (JmxRegister.java:unregister(73)) - Successfully un-registered JMX Bean with object name Ratis:service=RaftServer,group=group-71E8CF0D852E,id=188c74fb-01a2-49f8-907b-5c6f6de66734
2020-11-19 23:06:50,215 [Listener at 127.0.0.1/37889] INFO  impl.RoleInfo (RoleInfo.java:shutdownLeaderState(104)) - 188c74fb-01a2-49f8-907b-5c6f6de66734: shutdown LeaderState
2020-11-19 23:06:50,215 [Listener at 127.0.0.1/37889] INFO  impl.PendingRequests (PendingRequests.java:sendNotLeaderResponses(249)) - 188c74fb-01a2-49f8-907b-5c6f6de66734@group-71E8CF0D852E-PendingRequests: sendNotLeaderResponses
2020-11-19 23:06:50,216 [961b22ad-a322-4351-a83b-55dc9b155106@group-B82672A8DD5C-StateMachineUpdater] INFO  ratis.ContainerStateMachine (ContainerStateMachine.java:takeSnapshot(304)) - group-B82672A8DD5C: Finished taking a snapshot at:(t:2, i:1) file:/github/workspace/mnt/ozone/hadoop-ozone/integration-test/target/test-dir/MiniOzoneClusterImpl-f63f6e49-a519-49d7-bac2-b5e85396f7e3/datanode-0/data/ratis/fdc5f4db-202c-4d59-af6b-b82672a8dd5c/sm/snapshot.2_1 time:4
2020-11-19 23:06:50,216 [961b22ad-a322-4351-a83b-55dc9b155106@group-B82672A8DD5C-StateMachineUpdater] INFO  impl.StateMachineUpdater (StateMachineUpdater.java:takeSnapshot(277)) - 961b22ad-a322-4351-a83b-55dc9b155106@group-B82672A8DD5C-StateMachineUpdater: Took a snapshot at index 1
2020-11-19 23:06:50,216 [961b22ad-a322-4351-a83b-55dc9b155106@group-B82672A8DD5C-StateMachineUpdater] INFO  impl.StateMachineUpdater (StateMachineUpdater.java:lambda$new$0(87)) - 961b22ad-a322-4351-a83b-55dc9b155106@group-B82672A8DD5C-StateMachineUpdater: snapshotIndex: updateIncreasingly -1 -> 1
2020-11-19 23:06:50,216 [961b22ad-a322-4351-a83b-55dc9b155106@group-B82672A8DD5C-StateMachineUpdater] INFO  metrics.RatisMetrics (RatisMetrics.java:unregister(43)) - Unregistering Metrics Registry : ratis.state_machine.961b22ad-a322-4351-a83b-55dc9b155106@group-B82672A8DD5C
2020-11-19 23:06:50,220 [Listener at 127.0.0.1/37889] INFO  metrics.RatisMetrics (RatisMetrics.java:unregister(43)) - Unregistering Metrics Registry : ratis.log_appender.188c74fb-01a2-49f8-907b-5c6f6de66734@group-71E8CF0D852E
2020-11-19 23:06:50,220 [Listener at 127.0.0.1/37889] INFO  metrics.RatisMetrics (RatisMetrics.java:unregister(43)) - Unregistering Metrics Registry : ratis.server.188c74fb-01a2-49f8-907b-5c6f6de66734@group-71E8CF0D852E
2020-11-19 23:06:50,221 [Listener at 127.0.0.1/37889] INFO  impl.StateMachineUpdater (StateMachineUpdater.java:stopAndJoin(142)) - 188c74fb-01a2-49f8-907b-5c6f6de66734@group-71E8CF0D852E-StateMachineUpdater: set stopIndex = 4
2020-11-19 23:06:50,223 [188c74fb-01a2-49f8-907b-5c6f6de66734@group-71E8CF0D852E-StateMachineUpdater] INFO  ratis.ContainerStateMachine (ContainerStateMachine.java:takeSnapshot(293)) - group-71E8CF0D852E: Taking a snapshot at:(t:1, i:4) file /github/workspace/mnt/ozone/hadoop-ozone/integration-test/target/test-dir/MiniOzoneClusterImpl-f63f6e49-a519-49d7-bac2-b5e85396f7e3/datanode-6/data/ratis/6aef0bd9-9c23-4e87-8dd7-71e8cf0d852e/sm/snapshot.1_4
2020-11-19 23:06:50,224 [188c74fb-01a2-49f8-907b-5c6f6de66734@group-71E8CF0D852E-StateMachineUpdater] INFO  ratis.ContainerStateMachine (ContainerStateMachine.java:takeSnapshot(304)) - group-71E8CF0D852E: Finished taking a snapshot at:(t:1, i:4) file:/github/workspace/mnt/ozone/hadoop-ozone/integration-test/target/test-dir/MiniOzoneClusterImpl-f63f6e49-a519-49d7-bac2-b5e85396f7e3/datanode-6/data/ratis/6aef0bd9-9c23-4e87-8dd7-71e8cf0d852e/sm/snapshot.1_4 time:2
2020-11-19 23:06:50,224 [188c74fb-01a2-49f8-907b-5c6f6de66734@group-71E8CF0D852E-StateMachineUpdater] INFO  impl.StateMachineUpdater (StateMachineUpdater.java:takeSnapshot(277)) - 188c74fb-01a2-49f8-907b-5c6f6de66734@group-71E8CF0D852E-StateMachineUpdater: Took a snapshot at index 4
2020-11-19 23:06:50,224 [188c74fb-01a2-49f8-907b-5c6f6de66734@group-71E8CF0D852E-StateMachineUpdater] INFO  impl.StateMachineUpdater (StateMachineUpdater.java:lambda$new$0(87)) - 188c74fb-01a2-49f8-907b-5c6f6de66734@group-71E8CF0D852E-StateMachineUpdater: snapshotIndex: updateIncreasingly -1 -> 4
2020-11-19 23:06:50,224 [188c74fb-01a2-49f8-907b-5c6f6de66734@group-71E8CF0D852E-StateMachineUpdater] INFO  metrics.RatisMetrics (RatisMetrics.java:unregister(43)) - Unregistering Metrics Registry : ratis.state_machine.188c74fb-01a2-49f8-907b-5c6f6de66734@group-71E8CF0D852E
2020-11-19 23:06:50,225 [Listener at 127.0.0.1/37889] INFO  impl.RaftServerImpl (ServerState.java:close(405)) - 188c74fb-01a2-49f8-907b-5c6f6de66734@group-71E8CF0D852E: closes. applyIndex: 4
2020-11-19 23:06:50,225 [188c74fb-01a2-49f8-907b-5c6f6de66734@group-71E8CF0D852E-SegmentedRaftLogWorker] INFO  segmented.SegmentedRaftLogWorker (SegmentedRaftLogWorker.java:run(327)) - 188c74fb-01a2-49f8-907b-5c6f6de66734@group-71E8CF0D852E-SegmentedRaftLogWorker was interrupted, exiting. There are 0 tasks remaining in the queue.
2020-11-19 23:06:50,226 [Listener at 127.0.0.1/37889] INFO  segmented.SegmentedRaftLogWorker (SegmentedRaftLogWorker.java:close(234)) - 188c74fb-01a2-49f8-907b-5c6f6de66734@group-71E8CF0D852E-SegmentedRaftLogWorker close()
2020-11-19 23:06:50,226 [Listener at 127.0.0.1/37889] INFO  metrics.RatisMetrics (RatisMetrics.java:unregister(43)) - Unregistering Metrics Registry : ratis.log_worker.188c74fb-01a2-49f8-907b-5c6f6de66734@group-71E8CF0D852E
2020-11-19 23:06:50,226 [Listener at 127.0.0.1/37889] INFO  metrics.RatisMetrics (RatisMetrics.java:unregister(43)) - Unregistering Metrics Registry : ratis.leader_election.188c74fb-01a2-49f8-907b-5c6f6de66734@group-71E8CF0D852E
2020-11-19 23:06:50,227 [Listener at 127.0.0.1/37889] INFO  metrics.RatisMetrics (RatisMetrics.java:unregister(43)) - Unregistering Metrics Registry : ratis.server.188c74fb-01a2-49f8-907b-5c6f6de66734@group-71E8CF0D852E
2020-11-19 23:06:50,227 [Listener at 127.0.0.1/37889] INFO  server.GrpcService (GrpcService.java:closeImpl(183)) - 188c74fb-01a2-49f8-907b-5c6f6de66734: shutdown server with port 42101 now
2020-11-19 23:06:50,227 [ForkJoinPool.commonPool-worker-1] INFO  impl.RaftServerImpl (ServerState.java:close(405)) - 961b22ad-a322-4351-a83b-55dc9b155106@group-B82672A8DD5C: closes. applyIndex: 1
2020-11-19 23:06:50,228 [961b22ad-a322-4351-a83b-55dc9b155106@group-B82672A8DD5C-SegmentedRaftLogWorker] INFO  segmented.SegmentedRaftLogWorker (SegmentedRaftLogWorker.java:run(327)) - 961b22ad-a322-4351-a83b-55dc9b155106@group-B82672A8DD5C-SegmentedRaftLogWorker was interrupted, exiting. There are 0 tasks remaining in the queue.
2020-11-19 23:06:50,231 [ForkJoinPool.commonPool-worker-1] INFO  segmented.SegmentedRaftLogWorker (SegmentedRaftLogWorker.java:close(234)) - 961b22ad-a322-4351-a83b-55dc9b155106@group-B82672A8DD5C-SegmentedRaftLogWorker close()
2020-11-19 23:06:50,231 [ForkJoinPool.commonPool-worker-1] INFO  metrics.RatisMetrics (RatisMetrics.java:unregister(43)) - Unregistering Metrics Registry : ratis.log_worker.961b22ad-a322-4351-a83b-55dc9b155106@group-B82672A8DD5C
2020-11-19 23:06:50,231 [ForkJoinPool.commonPool-worker-1] INFO  metrics.RatisMetrics (RatisMetrics.java:unregister(43)) - Unregistering Metrics Registry : ratis.leader_election.961b22ad-a322-4351-a83b-55dc9b155106@group-B82672A8DD5C
2020-11-19 23:06:50,231 [ForkJoinPool.commonPool-worker-1] INFO  metrics.RatisMetrics (RatisMetrics.java:unregister(43)) - Unregistering Metrics Registry : ratis.server.961b22ad-a322-4351-a83b-55dc9b155106@group-B82672A8DD5C
2020-11-19 23:06:50,231 [ForkJoinPool.commonPool-worker-1] INFO  impl.RaftServerImpl (RaftServerImpl.java:lambda$shutdown$3(321)) - 961b22ad-a322-4351-a83b-55dc9b155106@group-2EDA84B3B013: shutdown
2020-11-19 23:06:50,232 [ForkJoinPool.commonPool-worker-1] INFO  util.JmxRegister (JmxRegister.java:unregister(73)) - Successfully un-registered JMX Bean with object name Ratis:service=RaftServer,group=group-2EDA84B3B013,id=961b22ad-a322-4351-a83b-55dc9b155106
2020-11-19 23:06:50,232 [ForkJoinPool.commonPool-worker-1] INFO  impl.RoleInfo (RoleInfo.java:shutdownLeaderState(104)) - 961b22ad-a322-4351-a83b-55dc9b155106: shutdown LeaderState
2020-11-19 23:06:50,232 [ForkJoinPool.commonPool-worker-1] INFO  impl.PendingRequests (PendingRequests.java:sendNotLeaderResponses(249)) - 961b22ad-a322-4351-a83b-55dc9b155106@group-2EDA84B3B013-PendingRequests: sendNotLeaderResponses
2020-11-19 23:06:50,232 [ForkJoinPool.commonPool-worker-1] INFO  metrics.RatisMetrics (RatisMetrics.java:unregister(43)) - Unregistering Metrics Registry : ratis.log_appender.961b22ad-a322-4351-a83b-55dc9b155106@group-2EDA84B3B013
2020-11-19 23:06:50,232 [ForkJoinPool.commonPool-worker-1] INFO  metrics.RatisMetrics (RatisMetrics.java:unregister(43)) - Unregistering Metrics Registry : ratis.server.961b22ad-a322-4351-a83b-55dc9b155106@group-2EDA84B3B013
2020-11-19 23:06:50,233 [961b22ad-a322-4351-a83b-55dc9b155106@group-2EDA84B3B013-StateMachineUpdater] INFO  ratis.ContainerStateMachine (ContainerStateMachine.java:takeSnapshot(293)) - group-2EDA84B3B013: Taking a snapshot at:(t:1, i:0) file /github/workspace/mnt/ozone/hadoop-ozone/integration-test/target/test-dir/MiniOzoneClusterImpl-f63f6e49-a519-49d7-bac2-b5e85396f7e3/datanode-0/data/ratis/ea940ab0-2454-4c96-8bd3-2eda84b3b013/sm/snapshot.1_0
2020-11-19 23:06:50,233 [Listener at 127.0.0.1/37889] INFO  server.GrpcService (GrpcService.java:closeImpl(191)) - 188c74fb-01a2-49f8-907b-5c6f6de66734: shutdown server with port 42101 successfully
2020-11-19 23:06:50,234 [Listener at 127.0.0.1/37889] INFO  utils.BackgroundService (BackgroundService.java:shutdown(132)) - Shutting down service BlockDeletingService
2020-11-19 23:06:50,235 [961b22ad-a322-4351-a83b-55dc9b155106@group-2EDA84B3B013-StateMachineUpdater] INFO  ratis.ContainerStateMachine (ContainerStateMachine.java:takeSnapshot(304)) - group-2EDA84B3B013: Finished taking a snapshot at:(t:1, i:0) file:/github/workspace/mnt/ozone/hadoop-ozone/integration-test/target/test-dir/MiniOzoneClusterImpl-f63f6e49-a519-49d7-bac2-b5e85396f7e3/datanode-0/data/ratis/ea940ab0-2454-4c96-8bd3-2eda84b3b013/sm/snapshot.1_0 time:2
2020-11-19 23:06:50,235 [961b22ad-a322-4351-a83b-55dc9b155106@group-2EDA84B3B013-StateMachineUpdater] INFO  impl.StateMachineUpdater (StateMachineUpdater.java:takeSnapshot(277)) - 961b22ad-a322-4351-a83b-55dc9b155106@group-2EDA84B3B013-StateMachineUpdater: Took a snapshot at index 0
2020-11-19 23:06:50,235 [961b22ad-a322-4351-a83b-55dc9b155106@group-2EDA84B3B013-StateMachineUpdater] INFO  impl.StateMachineUpdater (StateMachineUpdater.java:lambda$new$0(87)) - 961b22ad-a322-4351-a83b-55dc9b155106@group-2EDA84B3B013-StateMachineUpdater: snapshotIndex: updateIncreasingly -1 -> 0
2020-11-19 23:06:50,235 [961b22ad-a322-4351-a83b-55dc9b155106@group-2EDA84B3B013-StateMachineUpdater] INFO  metrics.RatisMetrics (RatisMetrics.java:unregister(43)) - Unregistering Metrics Registry : ratis.state_machine.961b22ad-a322-4351-a83b-55dc9b155106@group-2EDA84B3B013
2020-11-19 23:06:50,236 [ForkJoinPool.commonPool-worker-1] INFO  impl.StateMachineUpdater (StateMachineUpdater.java:stopAndJoin(142)) - 961b22ad-a322-4351-a83b-55dc9b155106@group-2EDA84B3B013-StateMachineUpdater: set stopIndex = 0
2020-11-19 23:06:50,237 [ForkJoinPool.commonPool-worker-1] INFO  impl.RaftServerImpl (ServerState.java:close(405)) - 961b22ad-a322-4351-a83b-55dc9b155106@group-2EDA84B3B013: closes. applyIndex: 0
2020-11-19 23:06:50,237 [Listener at 127.0.0.1/37889] INFO  statemachine.DatanodeStateMachine (DatanodeStateMachine.java:stopDaemon(459)) - Ozone container server stopped.
2020-11-19 23:06:50,237 [961b22ad-a322-4351-a83b-55dc9b155106@group-2EDA84B3B013-SegmentedRaftLogWorker] INFO  segmented.SegmentedRaftLogWorker (SegmentedRaftLogWorker.java:run(327)) - 961b22ad-a322-4351-a83b-55dc9b155106@group-2EDA84B3B013-SegmentedRaftLogWorker was interrupted, exiting. There are 0 tasks remaining in the queue.
2020-11-19 23:06:50,238 [ForkJoinPool.commonPool-worker-1] INFO  segmented.SegmentedRaftLogWorker (SegmentedRaftLogWorker.java:close(234)) - 961b22ad-a322-4351-a83b-55dc9b155106@group-2EDA84B3B013-SegmentedRaftLogWorker close()
2020-11-19 23:06:50,238 [ForkJoinPool.commonPool-worker-1] INFO  metrics.RatisMetrics (RatisMetrics.java:unregister(43)) - Unregistering Metrics Registry : ratis.log_worker.961b22ad-a322-4351-a83b-55dc9b155106@group-2EDA84B3B013
2020-11-19 23:06:50,238 [ForkJoinPool.commonPool-worker-1] INFO  metrics.RatisMetrics (RatisMetrics.java:unregister(43)) - Unregistering Metrics Registry : ratis.leader_election.961b22ad-a322-4351-a83b-55dc9b155106@group-2EDA84B3B013
2020-11-19 23:06:50,239 [ForkJoinPool.commonPool-worker-1] INFO  metrics.RatisMetrics (RatisMetrics.java:unregister(43)) - Unregistering Metrics Registry : ratis.server.961b22ad-a322-4351-a83b-55dc9b155106@group-2EDA84B3B013
2020-11-19 23:06:50,239 [ForkJoinPool.commonPool-worker-1] INFO  server.GrpcService (GrpcService.java:closeImpl(183)) - 961b22ad-a322-4351-a83b-55dc9b155106: shutdown server with port 46253 now
2020-11-19 23:06:50,241 [ForkJoinPool.commonPool-worker-1] INFO  server.GrpcService (GrpcService.java:closeImpl(191)) - 961b22ad-a322-4351-a83b-55dc9b155106: shutdown server with port 46253 successfully
2020-11-19 23:06:50,242 [ForkJoinPool.commonPool-worker-1] INFO  utils.BackgroundService (BackgroundService.java:shutdown(132)) - Shutting down service BlockDeletingService
2020-11-19 23:06:50,244 [ForkJoinPool.commonPool-worker-1] INFO  statemachine.DatanodeStateMachine (DatanodeStateMachine.java:stopDaemon(459)) - Ozone container server stopped.
2020-11-19 23:06:50,255 [Listener at 127.0.0.1/37889] INFO  handler.ContextHandler (ContextHandler.java:doStop(1154)) - Stopped o.e.j.w.WebAppContext@6c6c6a8e{hddsDatanode,/,null,STOPPED}{jar:file:/home/user/.m2/repository/org/apache/hadoop/hadoop-hdds-container-service/1.1.0-SNAPSHOT/hadoop-hdds-container-service-1.1.0-SNAPSHOT.jar!/webapps/hddsDatanode}
2020-11-19 23:06:50,262 [Listener at 127.0.0.1/37889] INFO  server.AbstractConnector (AbstractConnector.java:doStop(381)) - Stopped ServerConnector@2e7ea49e{HTTP/1.1, (http/1.1)}{0.0.0.0:0}
2020-11-19 23:06:50,263 [Listener at 127.0.0.1/37889] INFO  server.session (HouseKeeper.java:stopScavenging(149)) - node0 Stopped scavenging
2020-11-19 23:06:50,263 [Listener at 127.0.0.1/37889] INFO  handler.ContextHandler (ContextHandler.java:doStop(1154)) - Stopped o.e.j.s.ServletContextHandler@2d20c201{static,/static,jar:file:/home/user/.m2/repository/org/apache/hadoop/hadoop-hdds-container-service/1.1.0-SNAPSHOT/hadoop-hdds-container-service-1.1.0-SNAPSHOT.jar!/webapps/static,STOPPED}
2020-11-19 23:06:50,264 [ForkJoinPool.commonPool-worker-1] INFO  handler.ContextHandler (ContextHandler.java:doStop(1154)) - Stopped o.e.j.w.WebAppContext@4a20169{hddsDatanode,/,null,STOPPED}{jar:file:/home/user/.m2/repository/org/apache/hadoop/hadoop-hdds-container-service/1.1.0-SNAPSHOT/hadoop-hdds-container-service-1.1.0-SNAPSHOT.jar!/webapps/hddsDatanode}
2020-11-19 23:06:50,264 [Listener at 127.0.0.1/37889] INFO  handler.ContextHandler (ContextHandler.java:doStop(1154)) - Stopped o.e.j.s.ServletContextHandler@3b3b02dd{logs,/logs,file:///github/workspace/mnt/ozone/hadoop-ozone/integration-test/target/log,STOPPED}
2020-11-19 23:06:50,265 [ForkJoinPool.commonPool-worker-1] INFO  server.AbstractConnector (AbstractConnector.java:doStop(381)) - Stopped ServerConnector@5fb94887{HTTP/1.1, (http/1.1)}{0.0.0.0:0}
2020-11-19 23:06:50,265 [ForkJoinPool.commonPool-worker-1] INFO  server.session (HouseKeeper.java:stopScavenging(149)) - node0 Stopped scavenging
2020-11-19 23:06:50,269 [ForkJoinPool.commonPool-worker-1] INFO  handler.ContextHandler (ContextHandler.java:doStop(1154)) - Stopped o.e.j.s.ServletContextHandler@4ca6cc72{static,/static,jar:file:/home/user/.m2/repository/org/apache/hadoop/hadoop-hdds-container-service/1.1.0-SNAPSHOT/hadoop-hdds-container-service-1.1.0-SNAPSHOT.jar!/webapps/static,STOPPED}
2020-11-19 23:06:50,270 [ForkJoinPool.commonPool-worker-1] INFO  handler.ContextHandler (ContextHandler.java:doStop(1154)) - Stopped o.e.j.s.ServletContextHandler@3df55228{logs,/logs,file:///github/workspace/mnt/ozone/hadoop-ozone/integration-test/target/log,STOPPED}
2020-11-19 23:06:50,537 [Datanode State Machine Thread - 0] INFO  statemachine.DatanodeStateMachine (DatanodeStateMachine.java:lambda$startDaemon$0(406)) - Ozone container server started.
2020-11-19 23:06:50,949 [Thread-642] INFO  impl.FollowerState (FollowerState.java:run(108)) - e537a7bc-f79b-4a05-8c44-b6b3cb5e8abc@group-9F0F3335C145-FollowerState: change to CANDIDATE, lastRpcTime:8204ms, electionTimeout:5127ms
2020-11-19 23:06:50,950 [Thread-642] INFO  impl.RoleInfo (RoleInfo.java:shutdownFollowerState(121)) - e537a7bc-f79b-4a05-8c44-b6b3cb5e8abc: shutdown FollowerState
2020-11-19 23:06:50,950 [Thread-642] INFO  impl.RaftServerImpl (RaftServerImpl.java:setRole(198)) - e537a7bc-f79b-4a05-8c44-b6b3cb5e8abc@group-9F0F3335C145: changes role from  FOLLOWER to CANDIDATE at term 1 for changeToCandidate
2020-11-19 23:06:50,950 [Thread-642] INFO  impl.RoleInfo (RoleInfo.java:updateAndGet(143)) - e537a7bc-f79b-4a05-8c44-b6b3cb5e8abc: start LeaderElection
2020-11-19 23:06:50,950 [e537a7bc-f79b-4a05-8c44-b6b3cb5e8abc@group-9F0F3335C145-LeaderElection23] INFO  impl.RaftServerImpl (ServerState.java:setLeader(256)) - e537a7bc-f79b-4a05-8c44-b6b3cb5e8abc@group-9F0F3335C145: change Leader from 67c52a13-b7bf-4abc-b54b-1f6b70eea5b8 to null at term 1 for initElection
2020-11-19 23:06:50,959 [e537a7bc-f79b-4a05-8c44-b6b3cb5e8abc@group-9F0F3335C145-LeaderElection23] INFO  impl.LeaderElection (LeaderElection.java:askForVotes(210)) - e537a7bc-f79b-4a05-8c44-b6b3cb5e8abc@group-9F0F3335C145-LeaderElection23: begin an election at term 2 for 0: [e537a7bc-f79b-4a05-8c44-b6b3cb5e8abc:172.17.0.2:34393:0, 67c52a13-b7bf-4abc-b54b-1f6b70eea5b8:172.17.0.2:42385:0, c6fe9ef3-e456-496a-88a6-7c1d0439fa73:172.17.0.2:46487:0], old=null
2020-11-19 23:06:50,964 [e537a7bc-f79b-4a05-8c44-b6b3cb5e8abc@group-9F0F3335C145-LeaderElection23] INFO  impl.LeaderElection (LogUtils.java:infoOrTrace(137)) - e537a7bc-f79b-4a05-8c44-b6b3cb5e8abc@group-9F0F3335C145-LeaderElection23 got exception when requesting votes: java.util.concurrent.ExecutionException: org.apache.ratis.thirdparty.io.grpc.StatusRuntimeException: UNAVAILABLE: io exception
2020-11-19 23:06:50,966 [e537a7bc-f79b-4a05-8c44-b6b3cb5e8abc@group-9F0F3335C145-LeaderElection23] INFO  impl.LeaderElection (LogUtils.java:infoOrTrace(137)) - e537a7bc-f79b-4a05-8c44-b6b3cb5e8abc@group-9F0F3335C145-LeaderElection23 got exception when requesting votes: java.util.concurrent.ExecutionException: org.apache.ratis.thirdparty.io.grpc.StatusRuntimeException: UNAVAILABLE: io exception
2020-11-19 23:06:50,966 [e537a7bc-f79b-4a05-8c44-b6b3cb5e8abc@group-9F0F3335C145-LeaderElection23] INFO  impl.LeaderElection (LeaderElection.java:logAndReturn(62)) - e537a7bc-f79b-4a05-8c44-b6b3cb5e8abc@group-9F0F3335C145-LeaderElection23: Election REJECTED; received 0 response(s) [] and 2 exception(s); e537a7bc-f79b-4a05-8c44-b6b3cb5e8abc@group-9F0F3335C145:t2, leader=null, voted=e537a7bc-f79b-4a05-8c44-b6b3cb5e8abc, raftlog=e537a7bc-f79b-4a05-8c44-b6b3cb5e8abc@group-9F0F3335C145-SegmentedRaftLog:OPENED:c0,f0,i0, conf=0: [e537a7bc-f79b-4a05-8c44-b6b3cb5e8abc:172.17.0.2:34393:0, 67c52a13-b7bf-4abc-b54b-1f6b70eea5b8:172.17.0.2:42385:0, c6fe9ef3-e456-496a-88a6-7c1d0439fa73:172.17.0.2:46487:0], old=null
2020-11-19 23:06:50,966 [e537a7bc-f79b-4a05-8c44-b6b3cb5e8abc@group-9F0F3335C145-LeaderElection23] INFO  impl.LeaderElection (LogUtils.java:infoOrTrace(137)) -   Exception 0: java.util.concurrent.ExecutionException: org.apache.ratis.thirdparty.io.grpc.StatusRuntimeException: UNAVAILABLE: io exception
2020-11-19 23:06:50,966 [e537a7bc-f79b-4a05-8c44-b6b3cb5e8abc@group-9F0F3335C145-LeaderElection23] INFO  impl.LeaderElection (LogUtils.java:infoOrTrace(137)) -   Exception 1: java.util.concurrent.ExecutionException: org.apache.ratis.thirdparty.io.grpc.StatusRuntimeException: UNAVAILABLE: io exception
2020-11-19 23:06:50,966 [e537a7bc-f79b-4a05-8c44-b6b3cb5e8abc@group-9F0F3335C145-LeaderElection23] INFO  impl.RaftServerImpl (RaftServerImpl.java:setRole(198)) - e537a7bc-f79b-4a05-8c44-b6b3cb5e8abc@group-9F0F3335C145: changes role from CANDIDATE to FOLLOWER at term 2 for DISCOVERED_A_NEW_TERM
2020-11-19 23:06:50,966 [e537a7bc-f79b-4a05-8c44-b6b3cb5e8abc@group-9F0F3335C145-LeaderElection23] INFO  impl.RoleInfo (RoleInfo.java:shutdownLeaderElection(134)) - e537a7bc-f79b-4a05-8c44-b6b3cb5e8abc: shutdown LeaderElection
2020-11-19 23:06:50,967 [e537a7bc-f79b-4a05-8c44-b6b3cb5e8abc@group-9F0F3335C145-LeaderElection23] INFO  impl.RoleInfo (RoleInfo.java:updateAndGet(143)) - e537a7bc-f79b-4a05-8c44-b6b3cb5e8abc: start FollowerState
2020-11-19 23:06:55,270 [Listener at 127.0.0.1/37889] INFO  ozoneimpl.OzoneContainer (OzoneContainer.java:stop(257)) - Attempting to stop container services.
2020-11-19 23:06:55,271 [Listener at 127.0.0.1/37889] INFO  impl.RaftServerProxy (RaftServerProxy.java:lambda$close$4(322)) - e537a7bc-f79b-4a05-8c44-b6b3cb5e8abc: close
2020-11-19 23:06:55,272 [Listener at 127.0.0.1/37889] INFO  impl.RaftServerImpl (RaftServerImpl.java:lambda$shutdown$3(321)) - e537a7bc-f79b-4a05-8c44-b6b3cb5e8abc@group-35CA3CECE337: shutdown
2020-11-19 23:06:55,272 [Listener at 127.0.0.1/37889] INFO  util.JmxRegister (JmxRegister.java:unregister(73)) - Successfully un-registered JMX Bean with object name Ratis:service=RaftServer,group=group-35CA3CECE337,id=e537a7bc-f79b-4a05-8c44-b6b3cb5e8abc
2020-11-19 23:06:55,272 [Listener at 127.0.0.1/37889] INFO  impl.RoleInfo (RoleInfo.java:shutdownLeaderState(104)) - e537a7bc-f79b-4a05-8c44-b6b3cb5e8abc: shutdown LeaderState
2020-11-19 23:06:55,273 [Listener at 127.0.0.1/37889] INFO  impl.PendingRequests (PendingRequests.java:sendNotLeaderResponses(249)) - e537a7bc-f79b-4a05-8c44-b6b3cb5e8abc@group-35CA3CECE337-PendingRequests: sendNotLeaderResponses
2020-11-19 23:06:55,273 [ForkJoinPool.commonPool-worker-0] INFO  impl.RaftServerImpl (RaftServerImpl.java:lambda$shutdown$3(321)) - e537a7bc-f79b-4a05-8c44-b6b3cb5e8abc@group-9F0F3335C145: shutdown
2020-11-19 23:06:55,273 [Listener at 127.0.0.1/37889] INFO  metrics.RatisMetrics (RatisMetrics.java:unregister(43)) - Unregistering Metrics Registry : ratis.log_appender.e537a7bc-f79b-4a05-8c44-b6b3cb5e8abc@group-35CA3CECE337
2020-11-19 23:06:55,273 [ForkJoinPool.commonPool-worker-0] INFO  util.JmxRegister (JmxRegister.java:unregister(73)) - Successfully un-registered JMX Bean with object name Ratis:service=RaftServer,group=group-9F0F3335C145,id=e537a7bc-f79b-4a05-8c44-b6b3cb5e8abc
2020-11-19 23:06:55,273 [Listener at 127.0.0.1/37889] INFO  metrics.RatisMetrics (RatisMetrics.java:unregister(43)) - Unregistering Metrics Registry : ratis.server.e537a7bc-f79b-4a05-8c44-b6b3cb5e8abc@group-35CA3CECE337
2020-11-19 23:06:55,273 [ForkJoinPool.commonPool-worker-0] INFO  impl.RoleInfo (RoleInfo.java:shutdownFollowerState(121)) - e537a7bc-f79b-4a05-8c44-b6b3cb5e8abc: shutdown FollowerState
2020-11-19 23:06:55,274 [ForkJoinPool.commonPool-worker-0] INFO  impl.StateMachineUpdater (StateMachineUpdater.java:stopAndJoin(142)) - e537a7bc-f79b-4a05-8c44-b6b3cb5e8abc@group-9F0F3335C145-StateMachineUpdater: set stopIndex = 0
2020-11-19 23:06:55,274 [Listener at 127.0.0.1/37889] INFO  impl.StateMachineUpdater (StateMachineUpdater.java:stopAndJoin(142)) - e537a7bc-f79b-4a05-8c44-b6b3cb5e8abc@group-35CA3CECE337-StateMachineUpdater: set stopIndex = 0
2020-11-19 23:06:55,274 [e537a7bc-f79b-4a05-8c44-b6b3cb5e8abc@group-35CA3CECE337-StateMachineUpdater] INFO  ratis.ContainerStateMachine (ContainerStateMachine.java:takeSnapshot(293)) - group-35CA3CECE337: Taking a snapshot at:(t:1, i:0) file /github/workspace/mnt/ozone/hadoop-ozone/integration-test/target/test-dir/MiniOzoneClusterImpl-f63f6e49-a519-49d7-bac2-b5e85396f7e3/datanode-5/data/ratis/723ae292-efe6-4679-a032-35ca3cece337/sm/snapshot.1_0
2020-11-19 23:06:55,274 [Thread-757] INFO  impl.FollowerState (FollowerState.java:run(117)) - e537a7bc-f79b-4a05-8c44-b6b3cb5e8abc@group-9F0F3335C145-FollowerState was interrupted: java.lang.InterruptedException: sleep interrupted
2020-11-19 23:06:55,274 [e537a7bc-f79b-4a05-8c44-b6b3cb5e8abc@group-9F0F3335C145-StateMachineUpdater] INFO  ratis.ContainerStateMachine (ContainerStateMachine.java:takeSnapshot(293)) - group-9F0F3335C145: Taking a snapshot at:(t:1, i:0) file /github/workspace/mnt/ozone/hadoop-ozone/integration-test/target/test-dir/MiniOzoneClusterImpl-f63f6e49-a519-49d7-bac2-b5e85396f7e3/datanode-5/data/ratis/8750aa62-cc61-4f66-8590-9f0f3335c145/sm/snapshot.1_0
2020-11-19 23:06:55,275 [e537a7bc-f79b-4a05-8c44-b6b3cb5e8abc@group-35CA3CECE337-StateMachineUpdater] INFO  ratis.ContainerStateMachine (ContainerStateMachine.java:takeSnapshot(304)) - group-35CA3CECE337: Finished taking a snapshot at:(t:1, i:0) file:/github/workspace/mnt/ozone/hadoop-ozone/integration-test/target/test-dir/MiniOzoneClusterImpl-f63f6e49-a519-49d7-bac2-b5e85396f7e3/datanode-5/data/ratis/723ae292-efe6-4679-a032-35ca3cece337/sm/snapshot.1_0 time:1
2020-11-19 23:06:55,276 [e537a7bc-f79b-4a05-8c44-b6b3cb5e8abc@group-35CA3CECE337-StateMachineUpdater] INFO  impl.StateMachineUpdater (StateMachineUpdater.java:takeSnapshot(277)) - e537a7bc-f79b-4a05-8c44-b6b3cb5e8abc@group-35CA3CECE337-StateMachineUpdater: Took a snapshot at index 0
2020-11-19 23:06:55,276 [e537a7bc-f79b-4a05-8c44-b6b3cb5e8abc@group-35CA3CECE337-StateMachineUpdater] INFO  impl.StateMachineUpdater (StateMachineUpdater.java:lambda$new$0(87)) - e537a7bc-f79b-4a05-8c44-b6b3cb5e8abc@group-35CA3CECE337-StateMachineUpdater: snapshotIndex: updateIncreasingly -1 -> 0
2020-11-19 23:06:55,276 [e537a7bc-f79b-4a05-8c44-b6b3cb5e8abc@group-35CA3CECE337-StateMachineUpdater] INFO  metrics.RatisMetrics (RatisMetrics.java:unregister(43)) - Unregistering Metrics Registry : ratis.state_machine.e537a7bc-f79b-4a05-8c44-b6b3cb5e8abc@group-35CA3CECE337
2020-11-19 23:06:55,276 [Listener at 127.0.0.1/37889] INFO  impl.RaftServerImpl (ServerState.java:close(405)) - e537a7bc-f79b-4a05-8c44-b6b3cb5e8abc@group-35CA3CECE337: closes. applyIndex: 0
2020-11-19 23:06:55,277 [e537a7bc-f79b-4a05-8c44-b6b3cb5e8abc@group-9F0F3335C145-StateMachineUpdater] INFO  ratis.ContainerStateMachine (ContainerStateMachine.java:takeSnapshot(304)) - group-9F0F3335C145: Finished taking a snapshot at:(t:1, i:0) file:/github/workspace/mnt/ozone/hadoop-ozone/integration-test/target/test-dir/MiniOzoneClusterImpl-f63f6e49-a519-49d7-bac2-b5e85396f7e3/datanode-5/data/ratis/8750aa62-cc61-4f66-8590-9f0f3335c145/sm/snapshot.1_0 time:2
2020-11-19 23:06:55,277 [e537a7bc-f79b-4a05-8c44-b6b3cb5e8abc@group-35CA3CECE337-SegmentedRaftLogWorker] INFO  segmented.SegmentedRaftLogWorker (SegmentedRaftLogWorker.java:run(327)) - e537a7bc-f79b-4a05-8c44-b6b3cb5e8abc@group-35CA3CECE337-SegmentedRaftLogWorker was interrupted, exiting. There are 0 tasks remaining in the queue.
2020-11-19 23:06:55,277 [e537a7bc-f79b-4a05-8c44-b6b3cb5e8abc@group-9F0F3335C145-StateMachineUpdater] INFO  impl.StateMachineUpdater (StateMachineUpdater.java:takeSnapshot(277)) - e537a7bc-f79b-4a05-8c44-b6b3cb5e8abc@group-9F0F3335C145-StateMachineUpdater: Took a snapshot at index 0
2020-11-19 23:06:55,277 [e537a7bc-f79b-4a05-8c44-b6b3cb5e8abc@group-9F0F3335C145-StateMachineUpdater] INFO  impl.StateMachineUpdater (StateMachineUpdater.java:lambda$new$0(87)) - e537a7bc-f79b-4a05-8c44-b6b3cb5e8abc@group-9F0F3335C145-StateMachineUpdater: snapshotIndex: updateIncreasingly -1 -> 0
2020-11-19 23:06:55,277 [e537a7bc-f79b-4a05-8c44-b6b3cb5e8abc@group-9F0F3335C145-StateMachineUpdater] INFO  metrics.RatisMetrics (RatisMetrics.java:unregister(43)) - Unregistering Metrics Registry : ratis.state_machine.e537a7bc-f79b-4a05-8c44-b6b3cb5e8abc@group-9F0F3335C145
2020-11-19 23:06:55,277 [Listener at 127.0.0.1/37889] INFO  segmented.SegmentedRaftLogWorker (SegmentedRaftLogWorker.java:close(234)) - e537a7bc-f79b-4a05-8c44-b6b3cb5e8abc@group-35CA3CECE337-SegmentedRaftLogWorker close()
2020-11-19 23:06:55,277 [ForkJoinPool.commonPool-worker-0] INFO  impl.RaftServerImpl (ServerState.java:close(405)) - e537a7bc-f79b-4a05-8c44-b6b3cb5e8abc@group-9F0F3335C145: closes. applyIndex: 0
2020-11-19 23:06:55,278 [Listener at 127.0.0.1/37889] INFO  metrics.RatisMetrics (RatisMetrics.java:unregister(43)) - Unregistering Metrics Registry : ratis.log_worker.e537a7bc-f79b-4a05-8c44-b6b3cb5e8abc@group-35CA3CECE337
2020-11-19 23:06:55,278 [e537a7bc-f79b-4a05-8c44-b6b3cb5e8abc@group-9F0F3335C145-SegmentedRaftLogWorker] INFO  segmented.SegmentedRaftLogWorker (SegmentedRaftLogWorker.java:run(327)) - e537a7bc-f79b-4a05-8c44-b6b3cb5e8abc@group-9F0F3335C145-SegmentedRaftLogWorker was interrupted, exiting. There are 0 tasks remaining in the queue.
2020-11-19 23:06:55,278 [ForkJoinPool.commonPool-worker-0] INFO  segmented.SegmentedRaftLogWorker (SegmentedRaftLogWorker.java:close(234)) - e537a7bc-f79b-4a05-8c44-b6b3cb5e8abc@group-9F0F3335C145-SegmentedRaftLogWorker close()
2020-11-19 23:06:55,278 [ForkJoinPool.commonPool-worker-0] INFO  metrics.RatisMetrics (RatisMetrics.java:unregister(43)) - Unregistering Metrics Registry : ratis.log_worker.e537a7bc-f79b-4a05-8c44-b6b3cb5e8abc@group-9F0F3335C145
2020-11-19 23:06:55,278 [Listener at 127.0.0.1/37889] INFO  metrics.RatisMetrics (RatisMetrics.java:unregister(43)) - Unregistering Metrics Registry : ratis.leader_election.e537a7bc-f79b-4a05-8c44-b6b3cb5e8abc@group-35CA3CECE337
2020-11-19 23:06:55,278 [ForkJoinPool.commonPool-worker-0] INFO  metrics.RatisMetrics (RatisMetrics.java:unregister(43)) - Unregistering Metrics Registry : ratis.leader_election.e537a7bc-f79b-4a05-8c44-b6b3cb5e8abc@group-9F0F3335C145
2020-11-19 23:06:55,279 [Listener at 127.0.0.1/37889] INFO  metrics.RatisMetrics (RatisMetrics.java:unregister(43)) - Unregistering Metrics Registry : ratis.server.e537a7bc-f79b-4a05-8c44-b6b3cb5e8abc@group-35CA3CECE337
2020-11-19 23:06:55,284 [ForkJoinPool.commonPool-worker-0] INFO  metrics.RatisMetrics (RatisMetrics.java:unregister(43)) - Unregistering Metrics Registry : ratis.server.e537a7bc-f79b-4a05-8c44-b6b3cb5e8abc@group-9F0F3335C145
2020-11-19 23:06:55,284 [Listener at 127.0.0.1/37889] INFO  server.GrpcService (GrpcService.java:closeImpl(183)) - e537a7bc-f79b-4a05-8c44-b6b3cb5e8abc: shutdown server with port 34393 now
2020-11-19 23:06:55,289 [Listener at 127.0.0.1/37889] INFO  server.GrpcService (GrpcService.java:closeImpl(191)) - e537a7bc-f79b-4a05-8c44-b6b3cb5e8abc: shutdown server with port 34393 successfully
2020-11-19 23:06:55,290 [Listener at 127.0.0.1/37889] INFO  utils.BackgroundService (BackgroundService.java:shutdown(132)) - Shutting down service BlockDeletingService
2020-11-19 23:06:55,291 [Listener at 127.0.0.1/37889] INFO  statemachine.DatanodeStateMachine (DatanodeStateMachine.java:stopDaemon(459)) - Ozone container server stopped.
2020-11-19 23:06:55,301 [Listener at 127.0.0.1/37889] INFO  handler.ContextHandler (ContextHandler.java:doStop(1154)) - Stopped o.e.j.w.WebAppContext@7eefa270{hddsDatanode,/,null,STOPPED}{jar:file:/home/user/.m2/repository/org/apache/hadoop/hadoop-hdds-container-service/1.1.0-SNAPSHOT/hadoop-hdds-container-service-1.1.0-SNAPSHOT.jar!/webapps/hddsDatanode}
2020-11-19 23:06:55,302 [Listener at 127.0.0.1/37889] INFO  server.AbstractConnector (AbstractConnector.java:doStop(381)) - Stopped ServerConnector@5f923a18{HTTP/1.1, (http/1.1)}{0.0.0.0:0}
2020-11-19 23:06:55,302 [Listener at 127.0.0.1/37889] INFO  server.session (HouseKeeper.java:stopScavenging(149)) - node0 Stopped scavenging
2020-11-19 23:06:55,302 [Listener at 127.0.0.1/37889] INFO  handler.ContextHandler (ContextHandler.java:doStop(1154)) - Stopped o.e.j.s.ServletContextHandler@6222167a{static,/static,jar:file:/home/user/.m2/repository/org/apache/hadoop/hadoop-hdds-container-service/1.1.0-SNAPSHOT/hadoop-hdds-container-service-1.1.0-SNAPSHOT.jar!/webapps/static,STOPPED}
2020-11-19 23:06:55,303 [Listener at 127.0.0.1/37889] INFO  handler.ContextHandler (ContextHandler.java:doStop(1154)) - Stopped o.e.j.s.ServletContextHandler@7e856d4a{logs,/logs,file:///github/workspace/mnt/ozone/hadoop-ozone/integration-test/target/log,STOPPED}
2020-11-19 23:06:55,303 [Listener at 127.0.0.1/37889] INFO  ozone.MiniOzoneClusterImpl (MiniOzoneClusterImpl.java:stopSCM(477)) - Stopping the StorageContainerManager
2020-11-19 23:06:55,304 [Listener at 127.0.0.1/37889] INFO  server.StorageContainerManager (StorageContainerManager.java:stop(832)) - Stopping Replication Manager Service.
2020-11-19 23:06:55,304 [Listener at 127.0.0.1/37889] INFO  container.ReplicationManager (ReplicationManager.java:stop(219)) - Stopping Replication Monitor Thread.
2020-11-19 23:06:55,304 [Listener at 127.0.0.1/37889] INFO  server.StorageContainerManager (StorageContainerManager.java:stop(839)) - Stopping Lease Manager of the command watchers
2020-11-19 23:06:55,304 [Listener at 127.0.0.1/37889] INFO  server.StorageContainerManager (StorageContainerManager.java:stop(846)) - Stopping datanode service RPC server
2020-11-19 23:06:55,305 [Listener at 127.0.0.1/37889] INFO  server.SCMDatanodeProtocolServer (SCMDatanodeProtocolServer.java:stop(361)) - Stopping the RPC server for DataNodes
2020-11-19 23:06:55,304 [CommandWatcher-LeaseManager#LeaseMonitor] ERROR lease.LeaseManager (LeaseManager.java:run(238)) - Execution was interrupted 
java.lang.InterruptedException: sleep interrupted
	at java.lang.Thread.sleep(Native Method)
	at org.apache.hadoop.ozone.lease.LeaseManager$LeaseMonitor.run(LeaseManager.java:234)
	at java.lang.Thread.run(Thread.java:748)
2020-11-19 23:06:55,305 [Listener at 127.0.0.1/37889] INFO  ipc.Server (Server.java:stop(3359)) - Stopping server on 43575
2020-11-19 23:06:55,307 [IPC Server listener on 0] INFO  ipc.Server (Server.java:run(1330)) - Stopping IPC Server listener on 0
2020-11-19 23:06:55,309 [IPC Server Responder] INFO  ipc.Server (Server.java:run(1465)) - Stopping IPC Server Responder
2020-11-19 23:06:55,378 [SCM Heartbeat Processing Thread - 0] WARN  node.NodeStateManager (NodeStateManager.java:scheduleNextHealthCheck(661)) - Current Thread is interrupted, shutting down HB processing thread for Node Manager.
2020-11-19 23:06:55,379 [Listener at 127.0.0.1/37889] INFO  server.StorageContainerManager (StorageContainerManager.java:stop(854)) - Stopping block service RPC server
2020-11-19 23:06:55,379 [Listener at 127.0.0.1/37889] INFO  server.SCMBlockProtocolServer (SCMBlockProtocolServer.java:stop(159)) - Stopping the RPC server for Block Protocol
2020-11-19 23:06:55,379 [Listener at 127.0.0.1/37889] INFO  ipc.Server (Server.java:stop(3359)) - Stopping server on 36925
2020-11-19 23:06:55,380 [IPC Server listener on 0] INFO  ipc.Server (Server.java:run(1330)) - Stopping IPC Server listener on 0
2020-11-19 23:06:55,382 [IPC Server Responder] INFO  ipc.Server (Server.java:run(1465)) - Stopping IPC Server Responder
2020-11-19 23:06:55,382 [Listener at 127.0.0.1/37889] INFO  server.StorageContainerManager (StorageContainerManager.java:stop(861)) - Stopping the StorageContainerLocationProtocol RPC server
2020-11-19 23:06:55,382 [Listener at 127.0.0.1/37889] INFO  server.SCMClientProtocolServer (SCMClientProtocolServer.java:stop(165)) - Stopping the RPC server for Client Protocol
2020-11-19 23:06:55,382 [Listener at 127.0.0.1/37889] INFO  ipc.Server (Server.java:stop(3359)) - Stopping server on 34285
2020-11-19 23:06:55,384 [IPC Server listener on 0] INFO  ipc.Server (Server.java:run(1330)) - Stopping IPC Server listener on 0
2020-11-19 23:06:55,385 [IPC Server Responder] INFO  ipc.Server (Server.java:run(1465)) - Stopping IPC Server Responder
2020-11-19 23:06:55,385 [Listener at 127.0.0.1/37889] INFO  server.StorageContainerManager (StorageContainerManager.java:stop(868)) - Stopping Storage Container Manager HTTP server.
2020-11-19 23:06:55,386 [Listener at 127.0.0.1/37889] INFO  handler.ContextHandler (ContextHandler.java:doStop(1154)) - Stopped o.e.j.w.WebAppContext@1a33411b{scm,/,null,STOPPED}{file:/github/workspace/mnt/ozone/hadoop-ozone/integration-test/target/test-classes/webapps/scm}
2020-11-19 23:06:55,387 [Listener at 127.0.0.1/37889] INFO  server.AbstractConnector (AbstractConnector.java:doStop(381)) - Stopped ServerConnector@37483432{HTTP/1.1, (http/1.1)}{0.0.0.0:0}
2020-11-19 23:06:55,387 [Listener at 127.0.0.1/37889] INFO  server.session (HouseKeeper.java:stopScavenging(149)) - node0 Stopped scavenging
2020-11-19 23:06:55,387 [Listener at 127.0.0.1/37889] INFO  handler.ContextHandler (ContextHandler.java:doStop(1154)) - Stopped o.e.j.s.ServletContextHandler@3db3b33e{static,/static,file:///github/workspace/mnt/ozone/hadoop-ozone/integration-test/target/test-classes/webapps/static,STOPPED}
2020-11-19 23:06:55,387 [Listener at 127.0.0.1/37889] INFO  handler.ContextHandler (ContextHandler.java:doStop(1154)) - Stopped o.e.j.s.ServletContextHandler@59804eb6{logs,/logs,file:///github/workspace/mnt/ozone/hadoop-ozone/integration-test/target/log,STOPPED}
2020-11-19 23:06:55,388 [Listener at 127.0.0.1/37889] INFO  server.StorageContainerManager (StorageContainerManager.java:stop(879)) - Stopping Block Manager Service.
2020-11-19 23:06:55,388 [Listener at 127.0.0.1/37889] INFO  utils.BackgroundService (BackgroundService.java:shutdown(132)) - Shutting down service SCMBlockDeletingService
2020-11-19 23:06:55,388 [Listener at 127.0.0.1/37889] INFO  utils.BackgroundService (BackgroundService.java:shutdown(132)) - Shutting down service SCMBlockDeletingService
2020-11-19 23:06:55,388 [Listener at 127.0.0.1/37889] INFO  server.StorageContainerManager (StorageContainerManager.java:stop(904)) - Stopping SCM Event Queue.
2020-11-19 23:06:55,391 [Listener at 127.0.0.1/37889] INFO  impl.MetricsSystemImpl (MetricsSystemImpl.java:stop(210)) - Stopping HddsDatanode metrics system...
2020-11-19 23:06:55,401 [Listener at 127.0.0.1/37889] INFO  impl.MetricsSystemImpl (MetricsSystemImpl.java:stop(216)) - HddsDatanode metrics system stopped.
]]></system-out>
  </testcase>
</testsuite>